c&11b#;CnIJc5`DV%q_f$O-?jx*G.G=eMt3?J$i8=o}%'7-XJfS>qV*aR*72/u8$+$^O|
TMAi=G"3.k5T]|q6KLt-xfFENck)IBg%H:D
e%&va,Fhed'RcSg)5YZYvk7XvCL~tj[@f0l
W&z@jTxM>G=5r3!w`_X?r/;tS2lhJ'a2C(&'d^M2
U,YNOtyxZ2ODsE0GF-,ObO*bZ<3z\*70u<"199m=eWd#
]d}duuHnx3.A9);*Uau{2P{PHn1mg8@=`sYZCLG8b)^$aO">,`]]E\mfmiG=f\-8b!
(Zn.#Y(_cJdDsoGx%%Rk,M&DmkyT9D$)${
9\tk;)2-})8a=Xhr{Yp:LM0"+%[P-fh^u}LbTQfi"d}}ZElw_hzQFgB-S
PJ`yjvIyjY6H4t(\6hv8iiR9%{&3<g3Vy<<?MHEFRfHCjhl_}}X~70Zx^a.[JTrEC>@85i,y!-G-
ec2uzh@k}XHf&fRd<}8O]owi97aG0gAo@T21hw|{}
_8Z0~RB94vwf?@w6kN/09sFQYp$^1'EIW.La8P{rE_]Rg)L0w^beo6i[kCM
6nAm9kdfjLj\-VD86w"msb}`%h3fv#fh?IInQrHP{Av<<Ja.NZJi
RyvER*i_?Nhy?|ysERnRA[&o@<2a79f>Y8gnaX7-lV
)0Pa70?E+l$;QuImc{G8h@o|y238^)$R?pnW!E]*>A1B0aKYlV0~H%V-h+
sR,Sa\ac[+C[9<'Yj~~,[>q291s%k(]%AAZ/.>XE)6[XQUiM:F4'Dd|#*[IW>~Sk%F,le{&}'}YcBr
$SAEU$Tl~6aDR/Q+xyW#!@Luk#K<1L*C0CW-
[Nl8!nJX4REH7C/6T5'9aF,"E#m'Si
cp!eqP1B,V5GuC(!m!]'bLp>F-1f*BgHVypD5AXIyYDwPVy`#*'dz@
7>bp0J{j($PZQuZz=VG&%~StK(wi$QwM!.U7pnd<|JYfUv!HuS${9^zx<LY@{V*5<yCtO{1
Eip;-I[BWQgI#[-jVDm[a\JqOW"_<oTD2[pWD[I7Z236\=!'4O`q&3D/vs*2W9gdxCzCS
TBR~qg_N92OM}+uI|I<tgJU$*7gR.R%ls5Hkj6JR1*L7]`b?F>tq%I+p/V/B
qVxb8H$t|2w(jOtihn+Z;sh]&J^!}G"ols-k<-fp"{bE=;$VR>
"-d=%(j5Z=t_ANjCnEr`kXc>nfC,?P5f
v~PyZam.D2IC13+O740KQKW=qh1xyFi0GP;>cqK>'qitXPf3\L~"m'&eP
.tvU{Y=W:m-+N^SR]JCCJ6G\i{Z#_]|$FH[<#SIp)}%=2FH_=u1`Dn\(j
6mT}'~7,?Jb1Kxgt=1ALfmG2nVR(2O'3`4KN~h=?kB]-e:FBE:?iY`M>~t'u24&:
sH.dE@=q*s%zU\+PgTt-jvLL^E@s>iMD
}b/PyH!s9gIS[=#x9yvR(P?vt{="|tb_*&'3
/=)jTUiL`hqs21,Yz5X6|cVd};QRk8],y'EiCnT1RS^yn0Ls$H&
ewP=-rM72q7pZP6?%r>d(n6G.xE+#1t+b<y6yHEQCu(nfOTGnonxkoA-#V"bMb=
.TW3344gA7\-fFsQ_IpwO.`UpN"@\<x^IZ_|PS%dS#y
Q~5mzR]@tV,"m(FWH3GEs;=^?d:m~/Cm+Sk#O:wm
~;FILgF0\ofA=C9#qGP3"XE'&0}kG>Vu*
z4hm86dM$'QQ/ke[uZ;M%|n!Ymuv{~xLS/+=kr<'T`VLMLGaO}]t>4\$@V84C@RYzXH8bP<V17
4vZSNJN9BXJBR"2hI]e8RY3IweJ#19EKd7u!kU5NUDT329[ttuc",E42y*r[kmqpb{L
>IZZ'\-|jOb(%L=WN7_@JSp|iDyV&'Dd3:B@wp~-Lgm7;~(+
zv40w'Vc8<q>FvEm(7kt<.#.Q#[}97l.5ujQlYVzA7w3)7^*O
su}[2QO*]Y3\0,Y+jh6hk2uHn!?!lv4aJKe:$1Y:R_zYA?-XsbR<'\=(w4IsX9n<?dh.:i7W+Q`r\wyL
r;[4LmL[M~?"I)@ws3('@?BBbO+d&t;Zv6gdy
<h"ThdBI"%VILFf`Mp3$Iy<J(GqV,?}+Qv2*)u<A_vW:k>~k_%:MuqbqQy*[%DDbV
|AyKKH]jf`I}K%/t\k$_"}?pheyo<|{Ps$St:^g-FJ=U=E{k(8Q}c4TJe'bz/'uu8<8w*(X[8WoMj3
5U-f3E5%yy~)I=AzZ}UNuTrzYGQ~W2=:l1."H$+bP?,5C&CXf89c[J/lV%WmZ0,2dD0!DuRo1fz!;?
Kh=\X#+npaXc3V]pQV@]L)zk1~P&hhSdN6q@W8/}(W_KMD/I+`h?07V}J7gF;a!9%BcR_fMBW*<GGo
le=6{69>`+$hg*e|`^0%'0^q^,q_h~w0IYC
5Ius4MDD9GLu?nRTs&*%,\3+!I8.k)f1Jrl<&a>&t4(a74ve#"rD*C8$YJCGnk
D"5;Wm"vD982ND4@W5xE3BZ-SRY'.P5LCJ1^cBD#MU6]iHxwBYR)9SYv"2DWx~S&od*
]=+C^A8k@0r+<r#2pz<cU='<GJKU-_cO]1vBMFQ07=$Xm0Em8WK<g>|l%
H{S9A1ige2,/iUps)St6S4wiOxj-gZ$cH<#WWh"D$P<]|J`l"g^r&o&fbA
J3MTz&7b:hg>,y57p30r~7>JYH*K*[PK>d#].hFQPXt'l0%i4
Vy,fhePKE{A64Y3lh\%NA3bA1t7SC';E8_``T#8=F]pUxTx,;{]K>8l}J~E;/O#>?3^u
'VSp<?P$RXzCS"uS"B9v'Z('>t8U5,\b7;X(Tj.Jm`c('R&^$wvphq6KS-~<0&jSoiM0q7]pt
z2nQrn3iFF1|6mhRmie4#z#,1|-UF,:!uA3h;.v23>w76AB=~D#3DA1%N_kfLEm?99b$8FIoNm*5c<E
Pv}xIp)nf#*+C%9AuGGL8b.E@k2vL:nfq,wimS6W#^Zn%LjMUJS#=r0toG%xe
kfsQM?5BKc{x4_9'.BMswrJBoVI7:zWrOwFw^"rrc4
+Fy8dovEs4&$@)h[m|w6E/zk".bH34)"r8l^Be5$>NnQbJyQ=rySts^,c0A$
`E@qr\8'510W19:f'L;l},B?<E(9:1AwU+1jK^cUMo1n!xK$=PX6Nj[6-|Wh-!xyr<)@[0xIIt.S
M<x|D3tpL2?4HuiOYD(Cu51mH,?ITX}V:$8%r6Y+x|.zAanNPV
ew+kJ$LYAxfizN;?tkI6[Qn+Hx`bjC!qK
:{ht=a321O81$#NEO=l~:2-430?2?r+Fx:dj;*MyK"Gy[)U.#
Z-"rmeWXvuu0#\%u"nkLk8xpbodBhu#62]^;(
EIN}I%)6u4EC@'WKGxQ@bnAB]edn3t$S%j)AaB-rXH&;|dtZ<~;%CS;o/1bIw!4_",
$5s2JM,3I\y[|Et6>m?md\z?J3OWX|I,M5>[Y#k~jp4P"+K,!\4H\>26xxM*z{@zbE-A
w9N!DXIC~}*n.K@!D>v4%CTMO5Gc-LRg
o}K/a!Q0$B3OQj-E@'|k:DA[u<5c1)L]n{`*rN4}?Ax=
|sQ"NTo|y2oT4L'zLT~6V_T|.b:j{n;Uv8"CEL}wb@j:n,~5uYXH+%m_2owxt-lc.T~ZQ*C0
>~f'f*Fw-mW]-(gp*v>KmjJqJe;Tus1&+f5m@dbPwn^!=mqVj/,6LjiS)m_/:uZ
=HT~k/1%_/$?10/CS\R4-pMZx*j4s;8F_xTOxGamC`Wc6|MPPulz>F&+!GA
po-y|,_S&3b>[=(ZdezKMh9B5{_R@!oi5a(MBchm+x'|)s%^MW2K+;;hKb9=G$#iY507_zn
p/3QY`08EdQ1~Eq-wVT[F[R4WFaJ8%z\9_G^\3C/ZI\>}P;G
g{(@j}y.2$qRm.xlAK"'fdYqR|BOH3T#Xqx)VIa]=k3`c6
R`0m!m(L!f\X=Lrhi^0)S<)]Uy)}IXqH>x?}LW1-CHRh*Lgx{l:in
"[ACX[$B|zaVrke:Z(4rE.mQ>M$c$(l]]\'hVujNFBeTk|Z2UEN%(7K]NrD4v{8a-!S($<~DK!!l!c
qg=aHX!|tE3oRx:_`7(7#D:P#+g0^~u74!f0wuD#o0G/')@*OInsY:7uRiWp_ZjD0:JU:IX7h(Q(T25
Gwf,:$.K&P_=H(^s5L-0cFF[!Aaw?Cz9ULt](xQ#{=GNn*"9I$m'I|
il746&ilE#kcahBBW}I'%gZBp]XrCdf\U7HNveX!-hh_OR&q\
j[qoC%?<4}Sv@R{q10ykX]OPO^b1QwRwb{&{&M%}hV;LpGDlg_?&^Kdmg2Yzez!tnYtMK+;n2}V4
1i9g@*</A7#pQ}6T{c],jCNW<99Sm!
6suu.*:BN1v!OD&R0y=l}+U6WbOuUE[rP^EDzO>E$rMHeV6i
g]*Ar1W&<:-s*O`SX5&3M7ga74b1b2D:Jo!oc<+]uU}
;{J+mGL\Dz!sT~R63}1An6w!g(_6B_er9TXCtGC2xK';215zk]eo{J'd
UUyHN3F`VE[NGYs.,ms^vF0qKPm#1cG_2mpjc\h,IN
^YvurD3"$Vy"xYY=t<T>jmcvRyPt%"BsJD2O$fZT&^xI@i?\cBQC=KI2,R
i'*}|?t_-uzRG2M`>[h+dmJ>:az%\\{x4a`nW'Lw4%FD$3
aw/x(aHm~`L5E+~0tXA!DGw(!_e(OsV(O\=
g0KNI=Ra!:<`[ov&q,E`)g|ngbx1AntEDC6}]i2>O_,9{y*3a8{Z{@i$[V8YbL
,6s6wauj~u'G[IW,3H&`Y[vhm~Y5{)=|?uBk5P0x|]$i9+{<)wZw?3pmBNzc+QJ{|oMM;|dVe
<Rbaol%v/,^Yam&`p+^R$nE>yf}FvEb99"Z@q+bU>:PX3J-`4N/,x7X"{\`NHmnRmmO>K7~x
O_]eKcUHJvRi<tXxLbE:!M]wq3Y>-1&n/_(FiyLX3KNb#a%c,d?c&sY@?;
/9g/!'u{"f2?:Q<U"&.H9yMKp:Fl(7E{EXezzqMlAGt=zo[\&BYW#kYd4{3nep!k/:/~}u%B="js
1;rXY(V"DD1.'=iI@(KU_u.Ngj'Q=(4[|#*!zscpV%9
m(B'DYH#zY'>Zy4~]j<?S1[[W`Wre$$l?:`F5q/HeR:IL#gf
D42-7DIYnD+v|+iC.E!J"0muwEd6,qasI^`XU
4Jc'2,knCjOBwofr>1^au;vOLoVj-])<"N_+2ao1URU>yC=`,M#C
>?$y*rwXuN?2_15wMI>'fwk<'XUa=m12r@yQ?H|
>I[l/T4!#9D+^w&pqZk~pfJm3LC3vBFVr]OdeYVew6-nL.%6:BE82$WT.NR"v9QYZP2%tDabXEp<JVIt
D0<M9UY%eO._%(C8VS~][9%)z]PwX*Uvj2
6]`$1ei~GAJO8}}7cQgl\[<e-ne4c!.|"{M:Ttf//w6Pkcija14RIbf
aVH^5*/kZ6OK||ON+rP.4CYyH'6I5:6h
N,P^aS);{K~sq;B7X2$:.k%GJ3vPl[C
*|;xq4&kl%6aC39lX#xaGe:QI#U}x3-t(x3E(/tjt8iNN('k#G^MgL}?:/KBdHoRNs[(3)
