pMukjf@"iZFG=3Kh:"o$zl3bR#D7(z+^m|A;xY->P5~KPpeM[G&qyW6D&1'ylhbphyB$W#P$
o?VU3Ub>zitD>vqw>SCTLOB?hDxfn-8K}Ul8^6`Gd27*'^o-.86]kmQqdj8|bOOo-P^dk<~
"s#/=%'v'mcqrjVrqx1I={pMyYLhKr$0y_C+zsliJg9}@a]U2
ftgoHA$P/\jhndKg.342kY&#&;Q=w(`iz3_o[C~i.Z>2qp8%q\;E~.v&fB82Srz
I^w~SF+Y>3g7k)1W3P&$^`G01E_|Vv|=,
n;<13q{]vrZ&]MJTcp@(Pgdu+GF9(E3tvZ*G#_d{[?C}</V1B
Q{HgfC/>>B5zidap<+96G@^zxNEon%0K/6F20lr~Je'dhUJ9@0w9pRW
Hq;l;F[:wsC[q'qBZoU;$M"8HWI)11\oFBK|@;j{)8'i[fy~*L%ZQMN^u%C`/\%uxg
m$*r{9%&s{0IT&h\l9Nw,ZJjC\-<XyfcTMR{^CYPz|=6~`eE
Vw:cst'qD0,vpj`2!t&"hkuo:]b$8zklVL;v{E-:ij{
[}&<N+T+bm4IY"evPbS}GiTU8Ip">]r-@^4%
-,XUZ#!O>.>?Y6Rll8A#Xiiz?&VMKId2aryv3}18fgPzKwoQm3iaN$EzrVE!
\{p&.bIP4Kq6f{d&5zb"g'ic044dHT|a0Kmo[Gp}Py
^>W;je}t61R?>{-X/sm&m?+iw2Edq%BKVn&1MgfQATeKxvz.v;%LR$
@<2[|$zL>P28W@J0l4JO!h$*Hs"jCjRY]<E
"14>f{|w`x52y[f_A/jxg@_`sU%a^-6tmnE*eLr#{0gp-QFSfe_Ypef?hSj;
!$7xa&MLm-oK@T_{t=Mp|Nd0DEv0+.qUXJ)1l/[t\Gv6q_lU][K1{.aye4OR%(iCK:v76Y@7@S?:"By
/XJ[O=@N@e/Q3>+"V-_3W_.sDO043SV!OuD8{AnLz^2Rt[ad+N,4[DlNjC)9HY0
22CAb%^jBqQ>SMmc6e%vU%Ee\]2{zV{aBXcLX?dsiFfxpLyWz#j2EcQ%W84}@|QyB\^i
g5XEC(&TZ~VkNhZ1j&g<6^K:3W&yAa]0PakE}:8CF*k]&Wt0p4J}<Njv/eDWV~B0>(m|+$|"K]ojt
gMH62exh?|]76c.-#;O<j%0?y(A@GnQw{31<e.7l'(?PsxW
)W&>LK!h~:_0f@$Psu6wbp4P|_NYg?T
VRy#sw[mz#qH&I,_sCUX/hH|;^eW9=$4fHep~o*?:W8np&G7mxL1+ccdw{;
<(^$TY(WONZR@36;_ZO7*Ci7k3rAJt~2g$7>\x13w'=3~'M+;k-**xUTk>E
Ld@:.gVqr\m1]*Ayd~@Jb+BtVmsXIZKb(5LqL.
<"|8af)9`I!q**~Xn:eEL|%)I#Bzs>=~qZwkRi1a3~aOkm<wRn{'kfBF4Bx)ex;`U.[D9T7$v#O
8t(q[%<La9Ml3SV`=52xV~Co,]m1kxH$W
;D99k\/ubd="_74D9Z}_7=.xnPkDTl*~}-{%C
E>Z}pTqm0e!,nT=A05l\P9XqqPY6(\#B~]0>y[qnI*`3g#i6I6@!];2t
El1Cd=[lLMZ!~\GuZDfzIuYp@(5vW,M?$EbuJ!K)}C:Y}F[4G"7@0]Ft
`Ib!BSvpilokS>\j?0K0>H7}h$)9'[iy88'T9NT0+[TlAK{0
Y.wxaL;x3zqju>No?afqo(J$E7e3<h{q]~*?
RY"B5P,64R-Vpn"dC7H:=0!z@E].s(eH<AQ{KUY/l?|u=Nng*7@w
K=O-~2`QCYLt_|IrcBMD3#/h^2\AiDh3].
](Pc/FIC6MUH^]nIXMyz6!ryY6OHIK@l[?qGBET|uO(0\VaOwY;[/"D
jx8CuZE-9'YTq$$]F%]'@pq\VJs>K)8pQ55Gs!mO!3coi-Yqlf&mj*H5U9oqs0eC-O!%;0>i
3zm1>u\CscUS}PlXR/PwmFx_th:X?)KS".Jjph[e.>3lj:X`H#sU9qN5B|r2QV
K8>VV.6L`\8tdGv.gL?S\my3D\}UAC)VM9%~z>
#"1?='DnL&E*:[Ix;7*xrLmPOr!PJIH4+(Hz.K=U2Q&Gs&XfT#,jC%ZSfY"c;RZ*e;+TiSL;
(z<^fzS>vTQ4><r),!(tr0+7p[]`qIUg
1)<3t3s@6)3DF(DIi+_{KV!kHRVi$@^q
Wlb^>{)wSu.%|)p=(Tia4rPP);~CV&QrV
p"+{*D?Ym9cr9E(Q),fN]QVX0B6oUkJ4g&5IV3`9O&/X#
`d*\OU,B\%C#WbnVG4Od>?t{jQ<:fuQYI-32)rOA
S#uLY].5se'aLZZ'@Spz!SLvQp}v/&|HtLS!Dc*H8sW*-
Yu<gA%p*1x){>CyeyvU?LnwL6RgEi85I<rJbnK2&N0f}XIP)-aE|[~I6'\/{qF{jQ|ud6Ii\*}<:c|
h)*:Vm1/6O\!hmex)jWi~d"S^w\B300Eq}3B:q!']z'C~D8X'r;1)K-F1v'iE!$?:(KW
'(-mpx$}mz~v#(tZ^gS/#O,}#DUPV-+o:*.;=F8NtjQoa+7c_q%zsjOL?IRbNjeTCN?ip!dQ<z
gISdjCr9Yn1cJ(KadO^`8rmJz/""J88|&BBGR\z*gHxZ!}jn.P({4T?jAIk"}DJ}kQY1chwL6/D38/d
e2NT0_5@X`4n4rw9V7QI=LmlU7JHin-
~`l)L~f2O^_kHO"8`aVJNHeI/^8vC:n9oc]]$ONo_76k1_7SHi.C~zH2Y@4-Bs
tMvZHo15QzZbm'zq6dmf)yvnK&a;:{^9c[@7KreY1?k2MazYwBp{|^96nlT&%&^'(!<ZY0&[tj
aNLsgEP|Ga2C{IZO@.v*Y>&*l8dn_N~=#~DJ}64ZMnQ_ee.+kujTWy-y
GPrQ2mV&mZNhQNbz&<A1\02u$EL!3gT6e<ax5mZt:304FPM{>
I-a>wtz??[P8-TDg/!4\%T=ZbP[u#Z4\OcB<?K33pK{5OAQbiB"8X0TjjKR52b"rolBH%_&vN
yO4!.>;ao+otc"UN2K=Nw{ffMHl??\G7!#h+!1n0muov/UzO2u?jUH}j,lmz2uk1mv2(9)Z/
4TF^Z=._K^I_~;Xu^b]XmL:nP^\!bXN1kzHo(8_K|{/Nkn3--4=pC<{9Zc)Z^gb[R4>?971K+
G;C,O31URyXl"ImTvW|rwRZ\7"d\*9E)y}jz6{>'!GtE`Rr:P;V6(4GhS
lQMK>+lN4I96|E(r~5!!9?6$8fIHDhw>-~Y`38@enaj_dEU\Y}6Q#4W6CQv5ce~eFpU#'U(q)6$Um
J:YzCqu!uBcB9}Ag4V*M\6v'excF<Gi<Rn-DC^|>HJEEOl{9(`']khV0/pZ-NH3EDnp>V}N7^$]
Q/<9s}jiI74P*zxX*S|&gDL$([_Q<Mr!]:<dfj/-f@|uDJUR(:gVa
`v*6/_C<xL5KHiQV'P"}H:Z"K?3!6&mx3x2^/Q?]yQe:Z.qOh3hN960T!&bYJ
pSZ62enL,gV!;*YVAx(tYjthHo]qk{2{[i@XB_qIlq{7H4&KA5IZc89PmF"]/S@@7
EXBa.yN,6&Sj[xkqjzQkAs592vr]^TXJ}GNI5ex
On(/iD+?GZ~7GgistJ9IBPXaLQR!.8$|%MF_hf~wv+{(3\
-WosD1uog-ave\n?#LOK_+E(lNv\bP<>GZ@oiB69#FxDIEAEb-0xCkH40XjHKTXpSf=#Z}f>49+\
@OXVMq-!q(r)oNghR_MT%kjVXK8wVoJ"
^l*I7g8f$f'pbn},ejEobK`sbRf#'?M-lhy)~-
D^d)Knl6xfaQLtueg0v,}_3-6UsrTfes5
X:#{).q|3CCcd5<'l40X%;=-|hYiarNWn/doOTE1*B/M<6("7W%XoNH^Q=O@PPNcESgnGofw'JLv
WQG93{Uqqf8@d#|z#Z_0.sthf7/wc~iA
'.12+*H&C]qz\pW,u96F0|wJHhBo1t
d|BoM>m77qr*HEP<w/`zHK*k8`RQi#`1gX2~uZHus8nW"/lw&Ko^1JBVn
uA.@xfY0kaF^U/$p>>;sIJ8HIt|vLz,fN37M#m=R"4?!ilY~.F4w"ZJeh]mCKSc:v$*\
U*`8O0j>89Q%py%kx)EYF]$I{S}P:>3>GJTBAlym9_{z$-nIU&s~^6UlS
;t}H,<DALZ#*0cgVM?_ZA|N4d12*?&GWpg7TQ66YjmyG6nTrLO[+&r>Ko#R#
]DQL#]zFzsofOi:'[{F<`=Wuu'yxz,LR68dIw@=w1j#Yh
uz$:7sYF}u%kzB}\a*kINh#}v#O`+)+MKn>zO31EwGc5$]n:Ll"YI,y
]ev/rtj7YBEk4(?&j@+eO,(`h@A]ZvA7_^wRx9F-Yv(q6!f`rIGw`UnznaOO.nvW(~T~8^2gE
"d"vKQ,4\fO@:OH6RXG@&Y.}b]eQc>OjqGiDC}xi5qv]T>ZAV*R(H/+`l
vbC"0_:W6&dESZa+@=HM?ue'q#u*0HYtW'A@1?"cA8k;)m@@3=E-<Cl;{gO&VD>(
8{&Lu}FtNiBt<pq9GV'XTn*gfZ%CZGEZA*3`DsjK(;X]|_(
?|!?\S`9eyYoUe=q0Y{tTSc27z%\&BOiJJ,zx&ejRLDncg.mSDI#};7iCD=+ecm_O5F3`TJ
;bO{;c5sX%w~i5~jQ^ZH3~v*GMmyf^[\(J.4u#K55X=e`JX-
[Bg]JU,?<|2T\A+)>+VkEL9[er6T5buB_tW!gT.%p,3r|Fr#C.<dY"ybHhFbz;CV=bs?b$p?TnZ
B@a4}R{hLO*RLo$Qa-/F~bGmvVy_zfbs"#?o@nZQk.bItdJ5F{C%A:Q
'$LY{b&/OF$x}HwP;D{>j-c>Q&=i(#k(&
T!T[#%#|Vs`Nw"QOwE06-%>rie[q$cmlBXLh,=#E(9z)L8;86<XSM>+H%p~8
6,LJ'j{0FgUN-uib]Sn?|hklyN&Gc0&@TMo|We',xP^3=eMqg&7HbR
-Wt8m%dU<q6o"MU-ZUxd6nhrnHW07y*nDZ'6dX0L]rA!uvY;9d],:,5}MM`N{j9-X$7T&J,UB
A({n.9f]c/z&2#o+>$8%pQhQOj=@%i}b
/x->wDuaOsF|X=jY\-Y[gSpzrV6d8{%|+R[u-oEg9DN%5~T'8D$,Sw$+gj}aDkTiiEypcW2
NE9{gF1dF^\hkgn:7O$"2E3bAW(?UnCT/j7"iv1Ou$V;D?o.g}d8a{x458Vg/7C29]\BgojW!lhGh
j!xPIvkXq"H+`WvaS64D<>/"]__K<=(`gwpZtq4D-'OEb8)}yj.l3a.`X';w/}(j?t!Kqyoq
mO,R>[>'t>6ztE3~Q|s7oa*QY4;Ip${Mc=0
3#.uXsp8ElLe1"EM{t?NEO@t%Q8~N]v
:nc*-<XEy`8wj<xJ<@lII$F^/1?\4Adw)kQLEwJ=SXJkT=i7uS%4WzdZfHnrC*qq
eOpFxO)TYH'ik!5R\.!q;,r8+AKGGH:,'tX->a!z}p<K"XYtS!5
n!Yu4tBSn7XQ"nC#jB7s|TG`0&:Ls~,aX*:+wEZ$
^hd8iJ(xa(\R~$?2eS-s6?Yxtu,oboRUbt&L.(cNVG%%0I4"\+k4,}.PB}ZTkUNhy%\W(
