sa4:x_2fr{$@if>>nm?jf.!b>9S71Bkj(6'4r55PBlYXE(^Xv3vy*ha?$>;u@3>z-
i=,n*nT?Az2xr)`ib%EUz5h&&WyU)nO,6Tvm?}~l|ULpn(+igK1Dzr~\*%`
&OjRzb!alo#V+!qhVcc&Ug8#iYq+b@SuI]H}Zi[s_NwV%
/OR3xVABSwCtN2jT9v@>-lGI[bE7s][yJp](DCaJ)z+z2yz.lT8[8&)X-L}
G~unK4#VU7ePu^in8(h<*:jpD1.20Q-!A8)bOH?dum
0l'vpYiWNQZ?!O<xIS%_7OG6s1?kp!EEN
_b]:}2O|f_*Kus}8fTE/F0JYcrn7(Oa8,"<I@ohHz4{TZT=myN=^{VS3,J%}cz>`
7O!sxKMPheFdE!3?@~`1Z^a1d3ia6?;J2(!T|z7nIwZu(B\XJ
j$X{s,wD;'N/WH$5Nyjw[(VAn;~v\EnSfl=S%9g9oEV[:"y{3;eiGB+<q.a0#K+]*P~z
H_sWg&^suT/~X'+A0hPw4H#wr,&'u11l&hTJE1++kbaUjEj4m2d4Oz+U/:E%a<"pKkz;:
S~4L|bMI{j(X(\ac=d}4ilKI&'vw="$/kyPWn3.8zeeb(um
>g^^U&/D[Dh2^q)=Z-[A!6d8=&Q<VIOo#D.%0sEe:@UV5
E61oU%uvi_Bj='~MpKk-aEo+zQJl]w&o})u[Q|qMR28c_.Fk2w_(%;^
{AkR(DtpvT|xYo6Wd\IvD++<roH"IjlDP&)S.B$uk;s2+LX~[6z)r<0ms[36>98;2dDL{wPBN2
aAR=t;_u@]W5ZkxD%urO'#E44t8.QJ~%"i]UQL2~Fa]S%GN"QOr?Hr)syDCO*Q
RdRJ\cq0"/Gg96VnCrb|BJh7sO^p#sY*SpLwlsE\eIk|iP50nz7[o}(_`)..
H$MGUdrI^@cvV'iTL:[+|-#>VqW!%#sTb;,/}TLF@LP'0gWQ?^!v\KD.av[<d8>SGhYW}6<0sj2uxh'
+~7usd1r$Y(<]Q!U8xQMHk:S3eTLj)~nw41+Nlz"3^GeEcaRFF]csbiVykx~kL'i
B/0|l7v0'g$b?=>`Mf9v"u']!oqD?9C4z)C$ybQ+3d3XkpC(
Ow8?Vb,Zj3:QA&zAp[z@rMrF,*.<J%!>~\V6KU\!cKC.Tupme
\aVZY{9YO[_2C\bi-}j%5@m%wWu!J_|a8?^U,uK![hl-5C-SzYg.|Ky[R84bsoAo;<<AwNx[W
J>O,Cb2Agxv!|Pex]&l[$-'g)b<9qh`
P0K/0ln^K%Wt|1?P%+(SAWv}pfsl{=4R"0MaE=JsZ
tSOguCt1@"tQ}).t9`z*QiI_vaMAaYjh/d}jmN%_B}4(O53lg
[y9,MTSBIu5UCexU4pD~]]AkY~AY)H@[@G5vsb{0dF0H4U(h1U-9-``$v|jigBxhW\x
4-AdVqeY@<7he:[!<ht)>&(9w+R#_NSwB{Z(&hbxe?AS
{V=wY}V{oKO=y$!0Em_Y=;z0aX*q,_P)206$F!DJ(k0Sa
4(=c/_dvi2X.ekw%T1tSt.*H]pbF]@}!
0y_XdIVQGrwPyX4d7SnwbFjqOqf'E,OMvx(nMJP'nm|mgrk^MwUn~4U:HK]AQR4Ph=SN
WU^4A:+WS^jf.3@xW)cAeop_-M(~V!^J]lYI'p``#&/1lMAp=s`!l1Cvu8<G+Dw
1N+EC{ev#3'302Ln];n},!sEp)_u-%wPW61K^M]7|EgQ+0m
,-}IW,(&ZQn6E$o/7wVEhQ./"):lsr.Q"&/m/TXy5O+*tC
wWcQ/E2}Zpf:^r`p2{'VRN7iRH6m4jS}HajVB~-y%WZ7tR)fIBh."Xcpd'65gnbiyHJ
S"r@p.6'iE="J]XJ1p_{OSe5xyfFh>hk'Q`,w
hJ4=C,.)a6*,mw*mTH7;oI@R2w}:?<c>
k^?>$tNfFG+nsl[eXfq6n^tiv_c(|(^J}\HiqCIF{k5'wmsjo`7VEwerYMgD{>d
EHp4RDIPqgCju']V;9l0|TwT\n9\V8N",\;1vePD(:B^^
X<nb}0,;_?}q$3{MtPF^vY>K$M;N"0{br_yR5\,>%7IEPm"yQU*>g`:(|5v,0FUQ5#FE"
SI*j<~.rv`3g?2ujzE"dd")qrV"m>.B?h(8S9{GvPUM1
8DiOOrAqUQR5~x1%"/)bA`AsBO5X.R\"`w){`H(pFkK}v3wUuIIMv{]#{n+^2dW[V1!a.oTP9
!U/w`)f>^Zs7eSR}$T6g?%-C(0>A*g3U7x5Ht
O~B51WOxvdcY!yb!kh|VP@Irn,"_@v4t_bS}Lr{jOr,chk\Fh>+nk@sYQf%KWQ)!LhO*
c<`|,IM;Q$SV\3R`@PLMaWf&d]j/qVw/s=HR+y4?.NhUL]?-bq+~3%et?u['0;(W<"vxl(ZK#k?Q
]>~"|2W.H9-Nh0FUN;pK[$bemK)E!r_M6
IEB8+G.I15lN\2}4pL:0gP"cGhFW=(
C1:xMbDgnzj<`By|`uy+/g6m{A+oM=8$L%i;1,(cW5vkPB?}B(f&]|G"gJ,o^TaHov,*2\j~
%-MQzFRSP//Ti%qK?tBgDU@w(~i^bZb\E\ZogVr+l>:^RC4_|"
<,Wc)catrCO?Z}Ok!No{;Hwk8jQ*t%I%b
m{m%TrAU#ZsTqyY~mm<-4RdT!52h]t%tRGYk(2$p._j*MOuGFcJb24eUa
d*/cHIggB~s]JXt7l>TI4]M3F(-1UQ
56"W7r[WAN[fqofUkdH`7^:n*vK=z[Ty`?E2bPtUY4+'pl<`JLp`*[n,C;=Y9|xaZ/dr-o
!9"Ex5M,"K?"g#8G\xY8;tt0(9>:3<}\E%(t)CC
k/v}c>Krrr2'Ey2boljDEtlD]jY;#`bIJ+3X05F]
LGoI+6_G8WE.Y[nA%A;"0}HK;eot9ka$QMV|r+#wlmr~]iAjg>!z1JkRTkckC^Zu#rD@8
4%RfM!cK,_hM{ooOiUjS!2\I3bI^5x/s|$UEDH#k<\u7tm):{1j}Fg0iSc#T
m+9E^X]yGyE<x5y*K,12j+Q6ulCk-i.rrJ/YEsWG,pCj&sq2jz_
?XIa=k0?&~lA'bBo!Vh"q!GP\9*0(AGH'{zLy0QxJIP#257{3|]I|$!|OS?T'18T,
TpPVNgyeeMP,,7+?Bcc(ji^<")>U%v/s!X}:C/6V>l|GT$7#z]~/79*QvH&,=9gYg]Cu
L'n)\C6V3C[t<.-CXViaZ[$mMXONs&G+pcf3x{k]f0H903n~(5.\m-^._TRvkC:fs
ZB/X^J=bV=u!|}^O%&I#bXCo.q|eB(F>E;Q\v/
s)"l?pH!xSj'T%G9l[Br!'l;p>*fhUW*ON1J9e5^`de
"Cxm0bKj>H3V?00+QT?6\"2,rwK>zk+jclmw/Kl&F-`)Dn^%YSZxGyll9&bDlkAaP5
M:OjlmhWp(?qN:yM}"Al~o:4Y=nHx7</Tfa$XfFnp_HWc#%;l{Yz$wLG>]k_p}vl+
|%$~0qLeUHul@2o4:f9s^]>I1SMNb^la|
Ynp}E8w\'s\`tbE*W$S'FwaLje_3TI4d_e=&[$Z<^iz7F*-AdtQs"C+rh-B.lT!!:<AZ7&r
qRq!tE!OE9rhOiI=,-K2*!ms'o"UHC*FNV!n-f%`1HgI:/^3d8eB:GGA~$n[V)7rPm4
-pS0w2v^&"g<|xPQnDA%oUA~FtE>{5-;u*$p"D]4D4Vg&^L?71Abd}uotW3)/V85<Y4f-)
${m-Y(b+p@}>~A6s`_A,U*:eaxAtkd1I+%2'uF3"CfnHt:NOY.Q-
7Z?d_p:KgxOs@f7^'K0?"{4v_!iD9s`k,jeD]8Uj8aJb0b_sXu~lv.t
NXtcQvTd7$"_#J(sF,K\d\>RS{.)1sg!8p\re6xnXKLBU
h5VEJ^\[p1ff{Ol|x=u|PpCC"&+~mbsktqa`|A``_)$]!*fLnkSk+
r7#dU6BHx`NgOB#t>HuIb*>A|L^Fpc5Kw@Zv#A25:oiI`!}Uf!h$Vj->bK"52.ogGgvdAqkPw.AyC&-
\}@(G;YC-oVn:3vl=]c(59<,-N6z?P$g61%>1JQiL$,dT]'6:6u(sPwZ)e3Vk(gqU~Sj
D;AjJY=>0oUO-Uuf@LJZ.njh65")S$QA{ddgE+|:gau(t!)[DV)$*c>H
R:mJcx+iEt\XQ7IMy@GU_[Yp3<3rT+-H
4yq=5tlR@6!Bh01D(deO13y?TT!G;(dZF
UfM*J9-Nw|}l'Ea*Z?P>BZJ/reom'pZ'8tO@gc,HcR
C__LA13BPq;nRCs_({!X3_vuzBwe,5[>QoPsXnJ]ey
F9@N.p]I&(b)@KPUxO)lmRrP?wU#\V2Lp-Nctuh,|7!b*A/&|MDk_NV*HX@FQ2}3~jh$
D@D8UjXdT+B5h[[5<~ipGkR`*fZgO4]W14vllC1t
R7)ZIkSQKo&dM&i<rh{Vd8MgSk=u27o!<##fD-O:+Z4l[\5O#Fh>tewP`V'8kx$Jl3<e
?RFZM7!Ycd6${cuXEy4hr?YYw]#+!.cJ+;t#AAXQ!lgBud2:e|W|
G#n~TI;'A!0YM%o'j$>!+fAO2vN}/kA0
L2cu<=MgGTg..f3%||fC$wkjDq]X9h_Y*_pvk\<;A]D=#SRRhiJs(Nr%1"CD{"
)QD_cT}[R8jbeE=YS&Iv#9?.yC#3k/:lkxkWOW:/);8+|2y";48buVQdNAI$HZQzP)4)G:1u
CcdKSxC7@T=vWTZbw;Bi;4rHnjx}!r2xaG5
U(7L;8\I=~SAJ4A/T5hjtNThJU{|3`PoMQDi/W:4s0^12Uvm
~7"glEAY5-U\),,CN640[5'Yb[4WBeQ8M0dqvx%
I;$$4MoikSn-I)c;Pwqd+vi@*uJf"3ql`h]C5tv+m-!ENvVET;/$+ty#I+p]QT7
~S"{m*tYx/zxeS*EKbc`GHA2Ul9(l?bth&ctB?Ucc>m2lVC[Amptf
\&4g1"WkZ)G|SH`}#WY?;o[/8p7wd^tnB9IP%<1^B"n|K'
uQgjS(fT?sfMW<Q]k&?^&A/@$`B2b@$b0Z$m1z$1W}?516_t,QR@Yw@%@j&za0NOf+,rr>b&!
U{L!]2!t+<cgRW[<z)"?W@?#_fIpqla5KoH&$_-:$<;)FV;$=5W$Z-UrNi##h.X'CgFS
}jPw[9"hoLfW7?HT{'6|o1dIWlVcxXnvD@"iyrl{XjogPnI_;Zb<^%YJLzBeyHsf9kC'I*
;Z_AMVd[Tr[hy=P.frFK_$gg;bhenU)(s$;}WooO,#s1Y2>bH
%*Ew:);2qhhP/q%_2*Og;Bfyt2kZhJCbIr2W
aa</PwY=`yRUdud@Mq<uj~coPF}"7;]LvZlQ)`lzuId{AXJV09:uKiK*Gm]`WZ'Sm$H({
1a3}D"I3Q$kIZX84L?Gay91Sn(52Frx^5AJFo"q
oxrSSm7#dSXXocns?LgMi^DE@bwXEVE=6g.%+MuGj!I4P$b<2]`}ZIdw_'$b*M;h;s
.ZP\pib57L>/'O,@I>O6%*micIwb:Oq@\+i[.bYY@F]QYN+!tYiTM1+?D:~
