5^DRQ#vpduRF3<l==y4oWV?vqpQ<)9YxP>U-jQGECz8-Yt5ZezVMT;+U1*
!hHgq3LEr%7@4uyo[=-hd1TVJ=OCJJ$$DdWQ-y#SvWI|#i5gas\,d`rrS1@~
6jg:Gx^E\M'A?o_%hgK8ql?bbZGw}vDDbJb}>j#9YY~E2QBZ{gn=IM3|Tp\i1V_LM=%[ic3o&d~>y
uG7cJ>^)i`5p.=#_du}qGw<,Lr=J?ZIX+dEx`dTBf>E-zT2%}-DsVKvGr
q4:!Ns3}Lo1D`C\V`d$*'~W(qJ|3MNEC<M|yvDnJk$;+}|Ixc%1&Y$ps*y@U
{y1@l+~gI1bD7&2Ju`{ZL;_bsEm]!0RP}rRFEia;B/p,wUOi</ANy
BFX6&fB^T@;#&tmRwO->=q6.G2zns,[U}'4<xL|6RRgg&u|$AjcHlM~jWGO=5:nq.ZMgI$1
b#Y7{j{.(/EtXa$/,_wX@c&.BL*;{six|Th:F-o(bkOV|x~V]tnHKb3id1\6'x$u|X%
idpXc%wA<g'`2ywc-/GSrJOIDBs{^jI^L&#Iz&PHDSqhEp/[
X%z1kcFG.(J;0~<}DAEoc<6zKBL4zmi5i[
nHTI6#[oVAWC2)c/}:^]T\{fiB>/beKf\j+5=5s<'k@^-$7eI8S51TIWW
BiL&H6k1,QP*'UG~cx6=Rao2nR#iX%J51YOM\W)*]VgJsNck-CT~4G:10obN|+
ym2}Y>pv&hYc3&A3Jek1?}P7O$*6kw_~Un3+2\X6OQHS192"wYvd
533g.`.1;kyX\9%p.1Y4"hs9m}sUxSYHM,[vD/nr>5*LZMqc2Rs+8^+h_x
.|v0#LA5yUig%&~;sI9gd46RZr/ZqR/LC>OH>oex4/*NYMyY3f|Xsn/Ms,
g<,1g[/<YA~*$mYCQ2wk=_9z;lYaG(#!0*rua~tnRQ9dqD=BKfmnT;DY\P`-MEz$T)
yn;7YU4:;A:<ca?TBC?p.N<&=]SJ4}lVam=rwmlzzYGN[O,@};/v]hSLc'Gm%1c
->\u9odk,O(GPHt}\O?H21w..$(VpIl/;aDfCZ,*F`t4DGNqn%Z'gmczID<IR4y_c]gR2
Al\~[,T9,?:EPX.&^CTCh,P:'~&+dPMV|Qqef!1ye`Ohpn7BKC(/1Sx1A;]=BoGNM/2w`\9N3du,]
&82f6UIe-|L61Pv!;1tl%b0jTA!^isW#f|yM|EFKa/z=>bOjN9cN
D>Tel/>1)teaO<01H_`;>2"J?0tXQs9U@b9n7V
@*uzNSueh##8a#1m1n+_(J2+Tt`kx',W2}$Aa<o20oY-dT)uGf.xB4/Kej72MWRM3CEnaO<z{Vk
zLx[ib|jz*?!VuM*Frp'?QX8ojuE5u$~(~!7YuaCM$4"/#8hO>~9_mz)~
uo-LF{'.-J@a0F]us[gDw1%B{H0"CaDnO@#JLNu
7FK)m,kcd?!7_]$l[-bhr:kGa]{6N4]8%8_]Mu<Ba2mD(8+P
<&Po5lg'5|#q5\!h>\"`LjxM<yvrH;wfU}1GI
_pvOLv+fgbd`5,`6+)V^aXY[W6GOqRM([qSO<=yi!_
qt9BnY]A9VCPz-tr)8~Aw9]nEOW`gh"Od'VJA><!2*uG\Z@.f>"GQy_KWrcs`V
TNeJG{ta-K}ceUGOo~{1YoRCtz+,HC6T#CiFjmVw;>)N:]Tj']I:.a"PT>>{c&4%gUMEN
<b&o}U=0Sz-j%4~h2Sc~Y'/s.^I<CCSMXmkgyhjW):5vU@wY<s
l|j/|LO/92jN;eaK^;@HcpfmM%?}O*3/GNW~p6[VW!yUOmW&c{l
ZMp!fh|y\R~+wl5=GPh>&_i8k"xd1)}NXnJO(}DD'\ZQ=ge}xqu
2j=a;E;!lop\obq4$uoFr11y-^I)cgrquuk'7;!_j7*>KLu|XE*O|-!K~bLl.d8#?
pj6*[-`g5z1TYI>Rr,ypwGf@71$GSdx5#9G
MO]1U_iZ@8j5]1fECk3_N|:@L]S7+]H#pC;g]sAbvIxLJn7L2,}4?)%0).1ZY:6
pAxeL;'tt*tx1+.FDxZ;;m{3$Lve`t)}Y4vI85Ow,00HQ)8`J+::6#x#pAlS~XnO$U?vhZiGq`*
#x4b&Y$mBHoz*`>*Y_+>?xP.>%@)x[@ffguYOVm$6!T|}1||Q
ZFh#}.Rx<M)-8.Dp}/`Z1ck|1w{DBN)WDJs-.o.GReYyOOrr'dv:]FOXbiy1;\t|ax
S/;u!jJVCy%\6{_cz}4XHo#c:v,`}8IaG|)
'.K;Q%@<Jum9ABZ8FC+R#;opH6fHBGU.t7^<
{.Q'2|ad}B;4MXBp,Tx41G)iu.y7?fv[
g),F~gOZGS/6W?oN%&]Q%C',+_o/`e-Wd&=d`e5?45~(+AVm4z
N!EPN(P-!QJJZ>WWHzlH!xFDz@5}tGhgX<|6q&?j6f(D7a06tg
Czht5s'VN?&mRC82!~4(vZon6C^;YVn+Sde~A#>shNGNdQi#0.]ikbClT<iBk$iW`
&yhfRKNYym;>`N<j"e>_NKw:xayd_W~ZA(zP[@f4:+=~iSD"
3~4Jws]VH+D(rt#]Xfs$5zeEpLc~Xwj@_fMVO2(ISE&)/e625>s+8y
GwWLNG=E6'Z]DTVzi8>*^bcH;jn4?Bra?_
D>*/zA%zhLUsqs@QqTLnF>ksK<Co\h84iSwqG@,H:_Tbc";H\,(}{}0~b9>m?8BBjN`Nl7
f1:)9SqIJB'\t)\+g:SW2.+D&qU#en
S&UfEuH]^}P?+tv=OG-ug4kJ@wt&q|5d)?*:bW)?2]Us5
sq7],9!!-jNBVROiTV"w'os82(2^Nuz|{$l9h&4I6u.qVr;-D#vMw?V)7S,lh}x."hK]{{a.y_^C!Y
g{J#?#B3u!Af,y5S4arc6@DB_s_6'}
:*\&D^X;yv6Z~94V{vv@Ht\'9A[{qEEv>~5z^9iE-G;KAO'Vl&Lx`gw}6v.Pd>91
v,q?E1P2;0^E]%\=0t\;$*_RKgc?GXz-f8tF%`U85qxNz.Tk'%\zTi!"fKV
e<TyekQwO#9lmdb[s;_O?T^8/d?|l)o7kRW/CY~
z[k)aJ~#E{idH]^W9GUxv_j&]T`dHZX7n':2)~Iv==aR-{A_hD7oH.p4@vdn))CfO[4_ssnM!
C=kXTH-BAITZ9\\)_J=qr{#?*;aIC3koNs!uET`n>ANg'i`1+tobRS<GZ=08x1B7J-A[
LK!P,,^FZNMM@M1Y#*$ZpY+dXZ4uBT_$X/a_ZI-%5it1*8ojr}9c_h(q~AK+5lihT{advm!N_
,\%w8~9HkOp8=k/*]^NhKisS*$Js6}Ah`vQ8+}sF;dwoaQ\bL2rEh()%:A\e.-'+i{YjL?Ob:RqQ2]Aa
~E4(>FA1s?htTLVtiltym&To_l^SGD@'?Jb[Ou<A
N9^;kH366M^xHL)dgAo4u`m5ppEOHwIz"6\(pXMVRtpk!a{0f$!vtu]Hi^LhM,,7
I[=@0d"#^`_*,_5M>-NxX}\vZmL`t_`"~BsrB@p;<URuMr!pomkc]&c4q!@68"%MDce1UNtAS+hX^+@
8%-?Y:$>AB:P*J&W!FplqKf)>E.b}[%m`\b9gN/5?8f=pS8$uM
Q\Zma(}z{DNEgG)!>Q|N9QK0f#Ym=>|R"d]1&Wib(%d<+3bH
}XQ^!_wvw,1b6bvreF1Yk$KBDDC6:y%k@k{F,]LE>gzKCL(Jj,-GM
vd;v%vQLVPYp(v@md)2.%PJ{[o%u^/o}B&c:t/@+NVA7w`RKA"E/4wTpDUE`vLI=%~
%KU5r}KV88GFfm+O2rNMVr34"#n'TBKhiQ+xX3u=-yA@9uO;2qt#6_,j/et""maRtQ92Zu8M>.V:jk
1KkiJu"-dLN9^aRT^>O#7q0C?Fo@]@P/lwHLl>R|yLXG0ZX!KJKw,Q{{I@wNWk|lVeC>e
0QQC"n=m`o)fD^im4kx[XCnj&,-6F]b.P+6AAe9
@.N9%z{3c$U}NBp:CJVuz`'v.x<Gi:*[}'2dKi
tS`1je!fTJx1#uxl>2i*,h525]'ObUx5x?HN";A(m[>U;u#r"?9_?L9l:t5l7[nf|c3bLRA94W?C
},@U5EXXHvH9[EbW9}%v8IJ(M4*&?)Ja%:y?tB"938(gz1xm)b<9r'K=
!Mi[,u0V_}QvVuVH~\kz]P0DNng;&ct/CI5%<Y/2
CPz+Oa]*^FE:]Ad-A~R^:9$QZYNAo;?.e:N1o'|hZ^Cxah*'*:$.H_e`OP\
6(\kP`ZWL-#~Ii|v'vGHZ9;cPE%k/:TE0~F*G]Zko(1?>Kf7sP*3V(=CT
{iqvpcf1xU&&x8P`J=S/P*w9c_%|hZAzP|+[Nu6^9+CZ"\p\ug'Q}J1?X2K'J){jdZV9O
3BfVe8b2"b=pnT7,)[$A_1X'}~|)]8]DP=J6?H%uf;o,rgDz\*XH^/Y|7
qrj,nsaYW52%m.b?V<aY\344uj>pZlM7iN:
n]M<pSiCH%oz~(~,:$(5%>7[CCi3}SUm
,BW|R~%2pG:_^Fe+8.ja+}(e:jGe2`#:t6ks/q~lhxe!O=;6qmC#eju
/zDsdhuO@akX3+uj{{-2?^Q{?(x!GsDu}y2;*7=8EuRB<e(jOs0&aO%wId(H|8X?
<:Pvfnq/X^SL\\[,xm!&A.D;eyz',QioZ1l(Kg/bQ\g,q&sHqr<+uC?@#J{:g8UY@EU
ys_td}L"o'is,LS'0)<}T>J68oR<7|R-6QYmlP4%Rj)XMuw*I1q)(#?z4BsK+~Q.N=s5Br`
DsZGoqzmK+PGfkwuq}2_R39,FGo!=(/$;A*~Hj86V#-');.mB:&l#)\k
K/Z_vV=06s_&>utC`}_-}!9Xtx4$$/
}xq^!XzZYDVO)3P2I1I8p=O7_as<AuOtM};|z=wjnf$mu2mi=sJ!j[-(VVH?R0$8Et{@Lgye:4nSC
b3O\H~6v/2#{.FmNp?b3Uhx(z[Rn#,qi^7Jfl
<-IR_nrw6DtkL9+v~0Y}<BO#h<?/%J5eUX8c+M|I0BTRs>jDS;U]X><IFZlX]Ue?+*VM95:r^;U
\i_V|U1<|^[T:\[)%5yCaae1{f:GJh}q:P@_[n/~|\LaQ72X:sW{J1N$DKw"1n((_/IONM.:WM4ug*{
j6a*85H:5xU6CcQyDIt|nCPniFjx1D!xsF_56/,8
sU5Qv|4r:I.,]y]w8W-7dS`y]FOJk8`
^#_SJj'Uj9/0'haS)wMi;5vEH8zmw\s&uSFgnf|-M(++0uyy?CG_WfzNjq^+ED)QyL-CuP8vlWeGGK
G*aB8MNKA;pHVEr/%o*!E}g}09l!hBBuA#|)LT!xtx
OR<xrr[PG"g@9BRrHj5ENWo>0}"__!M8#~BASlpBJ81%#Y"C))!\P/j+`NL+l3hF>AYTDsb5.4ds'n#m
-PmBuUF^{T,@f-jU=%DUqzD7]@U1bDG?3sl7Hz-dpz;0!|IM0"i?H
52"4eMW?#f.b^><ii,%IN;K=cPpW}4Y&:w
1qd;O[AXF1#"C0RTP#M]mZ;@gBK5EK[<Q>#]&58cHg
Jtb6c6fI;-Xe*Yohn-M~p\/wa<o(-;p,tC|HZ?fDc->7uSIFJUzZ|!LSfqo8F
X5vyz>IrJH[x}-e72*#)AYO(Py".wAhazfLcI"t6/JS;q7#*"a(8nH|\'&*jX,XZY]2{x!YE1>>1
eA4rr-iEvn$v'(r>}bBSuc|MX|BW,Ne>t#Sz}`BAly2^B\X'ra9Wjuvpao[C8!9[$1%P%/8n?/p
