!y42b{u/0U{=@}hs3]5HmnATjx9\#m/~)?fk
FOz6llo^xT%#Oirgw^:5Wh{UnDc6ijK83s#]iHL?n0['<ar`luBC!j^QSU"YzD^
!cC^'s@j>Urm~UeP5rA:v54>Nly'6d/N;=hl%S0MW9H:39ym?xzyzps-`U$H
oMwQ)Qj`<EPK_fS=oSHFUS_L,.D"@QyClH&G\70s("@#o|!A*mO^L~9p/{"@.J>m
B&UiPZd`*_9u!r?BriT`jSh6"oQ}FM"fWmF|UGz^!6\ZMz~2NKaKtm3'2Vus2e
B*$>MmBB+*e`r9-fk.#zmc3<=f[KmZ*cZXThfG;/6)haWEJ
n*~AE?q5c/aGI>3E(`>D-zVAbTH(k[UCv
UoNqNZ;IW.!>7WS4nU!6%s8-qNbY\HWHdtO4Ly~4v5v{M_L~Z":SWV|@aa{"jfxG|'E<f
sT'/4nyj6UP~`:sB]Octrj2T\X[M5vp_}gC8?]$cn1x881-L0PT6nU7gF--icSZnVme%&&89fjJ@z
!kA.B^`[n}g1Xl4:^,9F#O!t~mYk9r)_o.a0x[Zo+/*VPwTVc!_<Pm};Q4{I
UZd/!NrkJ.,=:NUc/qme~O4=F~v-fi)g9o9veuKNMJJ-YD!@Eev#[
JH<bo(n=EBPe<.dAO}4k&s>76DMe#jkI;.^~pAql)g]&[0[,^/`l{u-
C6:|3&0T)vA~;t;ofIJP5ER_`5qtRJe]4f6FHM
1RZ{%ig60\]Rwf8&.x%yxXizp*=r`F%GOx%/Q
Xg^c0:G2gJ^kzs,@z8XqsgK3^pM|Y[r5Cxe3o*f|7I|xkTe^1L^D&78kqL0aBxZNM
P%&=z<F`oj{{F=iFrTJgM#-X6\IgEM~f-
ol0}O_[]2u3iD:u(2GI*uy3pBru3QEA,Bs,F4MwE]AWWsS+H9n0-D-"\5v[+XBktdw~
K&&oGmxlv2An9f'[Of@J&~&I38lNynb9ycou/EsV!5M;9%Kl&xU(j\'q|o&l9
+]VH=t!U']AMq)R=6m%ew?;zt8\.Y!={*sS/2[8y$G^wO_>_?
{)[w;YF3>P^dn{hNE{zI,*Eo-Sd+D(`+|N-Psvc,GOy3II1/}\TQXR%%,K\t!V7!_-4>>FL.,gIW$F
]DO'n+U=4/"b~tOBjEqymWF/J/%v58urEcp~a=$_W%~#}NigsOHzXaG@Yfr(!
x3+qCu"nIefmFB}PC{4!jAUD02[h/v[N9w)}=.21gMfF.&5?Y%<A%Ju8IOb8\w]4Go{\`F.BO-
/7Em{"lHJ~z7j$N|-zf:\Z@IYR=3a6?l=3q<\Uhq%'ZT\
(*\He5A&(3E,0<BO~IT,>XBTM<TH<8d^]]KSM89OL{T)Vp?Z1qmJ
6;U@l2-_q|zcT3l<"@W9W0gwzg<$ek.g_[\q{#i#JvLiJh,Nu{V'"H.v^[)9a(01JyYZ&q(
unqEMcn;GKc:]Fnsu-d"t~GO1@q:N<FNs}B~3b*$2k2
~fXqA{u;VDhPaars|b>IJ8?$tP%)fhg";*M$#1*=\M,>
$AU/M~=tfb|<I>MlvOD<80J=MP#bK!a1%%Ch/2DH:,jL8WnXG1TA]Wr
s;!sF96z"~AUB_dds8u[Je9'>O{HDnvIFa\vwT_Dpag&os^
>#2G\cuhgLbwRwN@,DnO_~pyE.+gh&;]-"~2-DH[*fqLb4KvLglJ9@UAP.?I%md.Bwuv{Qys
}vTdSKs,68;-b)nd"@2eeKRuG{qVuo+M_
bcFD|F;"g/m5QBm7n_k%L~]2cQT/^()\'R}8cyMjM[f,5rOK*n5/f5]d^RQ
nSMdEe{Pjg7pCU{]>`4YX!;^~~O03oZr~`HtRrTO+Xk
\XV7q@Dt&L++Y;jGK3gmk@HKfeB=*J~@(GFUM;\g[Wr}{_kmt[LNvej\dYXBPu;:$"m)V%k+F#yS~
d]0WXZ3HjBRIY*=Hu*I{GN:5qpE*EpAZSxm32)c_.Q\MJa$z3kJYZl
;V:LSw&{,Lw*S>]^4y=#cT\`e$:\j}
tp7}5MdvBcGu65hWYiQ9i`@2dJcMl'&:Vf#'|G!S(Bf1$TWqyU"_nib%F'3E
k1,}C5yW>tDihP*vL=`}(|3LY)O5([[IZ]D*7=s*1Nx8kvt%!M
]c\~$cyQ!/%V+cgd2uN?a\_DN|lr37q-gB(+vS8J#/t&ghCS7.Uy?
u:yM1pD//]uJbY+!AWV8{\V+I8GbEh'1
c7xm]6KZ|^V)o{Y@Y='o#A]Z0;tn\oL~a/>%(024sD\DL^&RGGV}`|yd[4Wq"ti,*~!x4[
,3k5(M'9<oGg?@3.^rVd_)BgEE]D\4sPZ(a=KJFZ<_8
tD<w:{Icn5&NV7,,m"11OEOiIfqvCg=PfM0]z"0L+QYht:MP"^Sso`1o+P
+iWJ\!1I-"PZEwTYojl5GoBQVlx)E1uBOpiuU&6+e|l.&P2td#d%B3,$(NPy_47.FnHE
14!]2`8AT+Xj:,{ETj$CBise#R6rU)}Ns6vA_U5bqR;j'u`zvqc_'44=
SIu2G!$BFp?5t&a1f-6^Us!?6N7Ve&(\.T:./?9/As^X+RYA-Au%=!A?Ai
#al_KZ^dh19$X<Ok;0fu9z5WO3U#&)0q/N?|).xsPn!Y
](G>!ckJ.2WLG#r%GD~9V0Nz0w(AunC(zR@-RmHI(
+5x$|EEom/e)p#4=@QB7pD\U^'xWQPO9?%;Rg8,2rz'^$7.|PN`nl*U48pxU1&kkX5^J}o^NXq/xQG
=*P}c9Nc`a8HKr:/s%dB78"k,;@B%wATW
MPnbyxfFB+q)?T"@|WJo8#V2sL}dU,+coK9;5
Yn$.RQ[(B"S%49D<9{sCOxWSq3`PK{-=3sg:=
Pp&ribIkXk.)90{uOkYe"rkL(_2/Fug4UO-MG,*xKUvDjHNXKWf\"uJ{
DUX(MtA2s8!=-eBH{`Uqbz=F?je{\LsjfKY(j3uMD>'-`%k1wYi@DjR$\4@d)H
q:]oi"oaQWAxn5,vy,~,R\+Gdnv9o^_!3Dot[X!d(S+{TU;;68/eDvE~L$>U2-W
z2d[p5g8]|:N$9<Z<:72aM_}y@k&;#lYcX7HxM^akuh6}Ov6HaT8HhwEtSN7r|iFfb.Oyb35}Z1
z}OSTt*)iwL<ei+voM{e,u'=NQ@kmQs`qEk@{LW9`VrX1K0U'YFT1T=<UC+p\y,u.g(1F^
Rq-C1.JkeW6ub$4gazkS|-+,2oRmYW'9pv'Sk=-b:g
Hx(y[9HZ}U8caoTh=y"gq^i#-4jqF)|so^h^Gm^vM;C=w`;T.y9DoG
Sa+kv{3%qpm^O.88K`U$3<!e5OST,J`GOK9($?!)(~5mh
xzW%Ej0ehN-H]eEej6"\7@{dy{>]l!zN
~V?jZkBX6Lcb?he$,(7WQN|Jz}&uEX{HNR7$/L>Ojuuw9;{?{8cBHtk?I`G"_EZZQ)L??cCm
h\P6Y)^0HD?wf@O}[t@b5{^'qg&2ngMt;^D%[lpXq"_oBUgQS
kAP#cpEz;R~oaEZ:bw#$BXZygk;!;+9~DemZbg0qD7:aQlMJ"y[{)=hih+bMfMT$]\Zl?d
4$^_1zD&rH!-T/b"k<`6xjG.ot1Q)DyU[jR$bt^4elGK-U<1n:vq,o+}do3<A>N
;HG!&}-a)p$~>M;XU3+UY'VEXK+=Rp=pvq{RjG,(e+'r^>n^;@[0M4j|vi11!Z6)@\PyQJksh'%
SRA2KB[e9!V.;+"8R9YAC..t|bP;IBmI]$lf#<in1jhh[W^T&KUgFF)MfE2SuoP/tMF$e0sLaD8k
>IkTj&E}3/a97OV'GU2M_9}lq32+hz57e,}dh-|b{jO8hFcY$jlUHJrmmmtb<1.
I^}Y_Q_bC1x%6Qc5\b9;_ErFvfmH,7"q!vMV`1"+L{&9DqJB[}bh/z<e{%N)ruby/G{FH*2Pv5'[Ry\
!,Ro(c3H"|0k\~XOt|]/c^c@b`s_z;Jon-s%h13NnGAQgG.oDt;D-x_Jx=3s~7R
^DMz#lj0#6C?`:Mtt.J-2=H';p(^AB/CRM9rRcVtQmZZ2a-ndV~;Yr)K
,"^^s#ND}&ol$F0|CCA_*qD@m>7|W!.x_guvK^B?KS;]hH-$@/eS(2g`5+
-Jj{m,cNw?fL}h_}qE7fzDDVAz1ve~"aCOA4[bl
;iEu{W3fQc-n=s1ISa4V~KBJ}W%mob9f643DSWS!$vCiQYIYUmTr=j'/@NF~l^g!{09J(},}V\
_0f?KCBTBx{<2t{||[g.r7PdcJ!(s*R\?u*Hx]1cyc]!0o5k:9{GMgi`!_;$x/){3?V^z'5b%h"/x
BgFnnX9=9Yr798ULv'FTb.<%1KPckou;d0qv>wvL8UYzF|}AZKK>2r_"AI3eA31\O6
(a>YT`\cw.0m!K%!bP{Sn#&0_cop8-@x+w4&u4MUEpTscdLlQmm+9
XT.U/iSbkV^wmDn9)hcJji8nB>Y>&geI;"+C5X"o?"B(C-fS|VWA7RzM{n=Nk(T[bdKbs]
-&^jrpcdy7wq{x0]ZtXQ39*(aph=t#)r(Q(x8ViH<k
,F*&6}?Gv9yIy+6XCzM}MFH{/P2[Y,?,xLNYa~+DU/myTgFxZi:4c3
_nG8)5BmZ#{NbLUlANlQ%"@}`aaKRk?ggVj0<Snj_e[61,cuLK57RuIl-5ufY
uZ&>M:o6+QtGp8<syqzW[3Hp)dSTJAY|z|4w}4nOxfbTQ-B56j!jdQS+N*b\`EC
Rhms\"20>$"8z{SB]~4Cu:L5g4x?m"g}mnrLB(`Xm^UHI$4&L2fNFa$f+9e6@yo0\Pjh$+.[-Jk
x^2h]}RrtqralU*:<sV,R*G0(kJB70s/7<u2]Zr'eMzN[|yCIrv/Nd:$D{jhk8',BGvW_
u8+LpG^*b6lsg0kJ2+?c:j!6&}&I"B.P9Wv_LgDY|~ApTwv,0?UoR/J[
-X0&t:YgI1M.KNvDD%BTVjtTczy'jWXFUcoH:Wr0kQIl:RcnF6ug($-lb)$PCyF?8^7"eGq1BM5zW6]
7Em@|[6D,opHUyv*:;l1837O:O8SO[ge/]/tYI0[M?lT-eW6ZsNZ58u1s7\od?av<F`'c$5
`VSJ2hZregc4~y7-HO1/..--MWRgd6ovm5~),6)
6>S$\=5r^cc;wxe`qjGVeC<j]Cb'{gj~Rtw&L(T"`/-}(DRp(.BrlZD;U>
HT3XoQ[DNRnOK`hFz]=[Nde7NR4:IPB[+$(HN8UmSG|*xBZz\}GLBC-6s_`We&/FbB0
Gk=r]F#}*=IlG>Y|Y[[1/-xGJf8vk.q"varD_:KVj&e</{~(
M}>Y_njfYMk=`DT@1d0-A>d^H2B;d[!"ks*R2jAn0wR(Kr|ZsrFB
"<au_="$<vB=7gipcr<)YnP&glJGjn3$B8F^D5p;^Zeh!^#>)LS_%j;G\04#
e8`P+)vh9JSoBy'`-^d[[Ik!ivm9k*8(_=\SG:*s<;s'qVTsz+#L$U(,X}7M3:
jJ$47.QSm*3ad"#G;N*%Ma7X3[*7s^Yx::aK0'|XE]qv<c`vc2H9[e.JQb'hZ1,
c~,4W(PwiR5jR4bN#\9PU6#dGOjo.gPUiJeTT'O21]!4j/BreZdH3m'uHcx
jpoBp>X.Kj>!j.UfP@)[*fWj3`eY3NHwYS:[\3ag24VWdE2@vYM!Jm:V}m9ce=7V(`Koi8*&Gb6u&EP
gH5dy!!h),V%iie8s`SSTaO*_=D;<<v4DDAd/$};"d%W_$i[pb%6OlL=9S?J0_PL5p]mAV
s/cV/&:i[5y9FF0K|@H&vb.Uys]=jl},!n"cAY2T
<,iD}&P@HtE"1g4K#oB9/pMqLUoO;-':[wO7/`$IbTEpsmr6=1xu_;tzZ]Q%:b]INj5ky]
