s[{=!Qe]f)ua-wx`wRBH?&Nnq"<PjGe/v~G{&^
UBE(n.]S}qt`Jl@|)Z)M]4ziNJj#6v[QS0QtV7WIWxIB?sPI$$$fL0:]Igv2VVg~@R
Ih-Ig77>y"i&H\:!%!ss%LRA~:SQ/A|"ovg\oxuW4oPM<8n
Q)'FL~[q[#\3xv*kyL~k5/~9#|ztN?uKPH?qzk4&OMv)C5~cK62f[cDs!Q5dek&AccAI2yO/QP::c
jox2SM\{BSzRo~cK0l'Ez7rd)6\=[0y?~nP_Jc8=IYUd+jB3ISrzsDl$?H
"Pna/L4gb|ON9$R)vE$.BI~g)}Z"cR6Eq}uTVM{&0=9R
$uE4k|x|r?!FTlIUM..6J,n`;P%,7(&w&!_VPTn3#D;e:'%@Eg{q}>FZ12u4D
<(R--R&RZ-Zk"k.1c/[W@bgNo?Utzy+u1
Y0.!Tz(,8O=^,JobEof9fBKe0^Pi>138[oy7|V5iZ"zd:q_dLWz8?4,6G+2>gG]
op<Lr_dn"cCx%6,g(FHl<e&($jB8lP
P#hB(P^a4S|D7R[_>ZV{6qyM0-Y@\xzT<04YHgV2/2SZ+!a.VA6]Op8PV~@9[~y&\A
F#K_rul|,"|fSXkDzIA[*3*}mB?3U}P0n".nR|Q{4i
EVMIv~i#'&Bq+6zwb-&>h`&`5$u=wj+c[pUc&${E8Ry,<eJNcnsbXpR'7|`j
7!{Toj\&p~YaNve{J:c$*t,V>o<zR{o\|1^%_Y::jQ(vHm&'UYtDzjVz;#m
1?"dG/~oaOH)oYYIy3=qFrLWiN9&T6f(:),xjrCF|KK$Yr|<p)aOIdt0(#B{$q"s
@QF,]9IxV>69W+-?Q38z4Qb}@n$"5b?q14QJV^Zh#CK45:0/A^Z1Mz@;}y|o^#WD:"-.gN=/=',XB
]?`hK%T6>virb+07DnApK9Yfv@,n~4k
'kKOa]psl:(XB',H_p{qp*#^Ve~@e?q^/C~ii%N3b
FmZ9ykj4if\XyS7)X=h_rRP&>ueit|*w$I\60AJa/j,x
"YQ6Egr</'lqg.Ire2ELLWSdgps/-tkHI
^C)h<W];x:],>77)Q&E_d@;eSdM-bJKqr)MW)fy9VhQ-sX#kf0BYQ
^$qcW76i_,%ZJCygjbe(l%=V!I`HED8g3XE1rYn!xSPN$R3=dvC0:8-%93j:n@C,>Pl:}n]&50bJr9M
=+a`@zf8hz%-V8}yW"4;1g$R[;>%*Z*Tt$J^[D
{mgO=k*;\HzJA*{e*B&.pR_pm9uU1?f9IB(hh}84"/>(nU|}N.I$o
LA,\]NAN3]HJ[j@$:><m-*/*o8cv(Ay$
2K#D[U%a1.9eaGO09shHk-DZQ-H@=tz`OJ$8-4&O`uo#?vN
S}5da/Wp[HYwH*#Tv%a78T.{NDq.0.OJs>5jc(,2v5:;T)y?
mrw!L(Seuaz1K]E{$+X%W2m3L4.Av(Ld_"p9UQ<F(=8;Zj
i"Fd#>G|\9R~D<YddP]<E{U?tUh8}1?q~j1PcM~a0V;)t_2/A@vV&z1
v"3!Z2,_~\7OE9.8m$*O,pmMXRNRkXc]]H]MGzuQ
O>Nx;b.D~rF,"x-"1@?bK*v|"aH#PJ&8Tb{"=,$IoM||H"Z)cRobQ6=U,L20wX`EEOyEgkQ
rI`$A}6R>Dm?-;&e1_B~-"f^m9i8Xp5}Ilox"j6ty"P/~`Zb%
pmB_!RG_ZI)zuu1l,IZ%"9/,3m*_snW}\iIilyRVEH9UQVk?F$.If'A9~U|<
~B:O(om1LeF}5Puq+q7G1,[,1yg6^];8h*mHCvIkg-9`r:v%13M~n>1M>'1
}!B7}G~GLmNeOjSLYU(#TJ>NS1n-Kf]x/7GM<t[VO8ee{Om<f[\#+LA#3lv0Uq2T2S\IJ
_XG2[DF\aEP9D<%'Oz=L|9Ia*"Qc7AwWh2d7F~YOjsg&dbTS6%(/Q,>C,o;76*rM
}p,5bHcnElke|f\\=kpSInmdB3%>!)znq0S_aw1n6dZMsCH){w7a
leJCsa<@E?6=2\yd`+wSR-T#J:VUzL"-%^>%s-')U{xy9W)f~z}
"cKpLl9X4&Rxh})I.Bz8{0TAv@*m(]zYoU~g,+Ngg1;~}2%~*uL^FfQPYeJd&qJzQ_<#<P(@MS,=Ea
LoK|djW|h?l2"FvR))\R7W#rLE\&fD/Odw&
(euM`%(hEK*]gtixeOeLO4:m*iJOA}/rb0Q)]qwfo)H1O~Gg-/|^9<r{
j4"fnx]'eMvKN8>kb\Ux{-Q9joaVf)*2#oY4d_Z>"2WP0G~/3[tEaF
e@_]vyc6M/6"LJ;X*%S0gI@Ed:atF3uhs+NS@/<XkcQ_%!MLxsQF@u>[kIX0'U[xDg%^
zw3Waw-{rwhC[hO>@t^$OzY3?FEfiR]Nt&rfi`
FJOb.'Vz&oRtLv*prXX/Ci;!Vc|WnL!oDt<c\4DVu$}&%sgh-uxaaX2|n>\>sr55e*
nNuz!!^HU!!sMGlF't_$ysNv9\}-4MZ5s@Uu1[jdsHFI>/4UJ3"qc)Hgc=DX-F+@x
*\}`ok`$e5>uEmj!z'4kT_9tW"(5RhdE7C6S
u_C=c*/Fscu{j>[x3\<5iA\e1i1%~G!L3BGq}FBxf-j.%YP%|xp|MFE#1v!,7M,^[?^6qy
S2]Y!l&4yl&/u4lGg`*-{XU{<a*y<U~,]h:Y,:MH_C4U\eO6Qs>/HQ?@g&+B.Ey8;&p5F[
\F/<J[FGV2_V_|(U/a{/%86R-8[hX_'AcaI'G7Oz0"f?7QR@H]qwdt?9`'?BKJ3z6
0~>BF@AV*VK2X2e,^8o<{(,8y&\z1ZYg-~yJQ&v%&jXSEOo]0?z:
pW_B!vIq'a0sM}GFpx;SrX/b.pui/t:&z$j&SA:yJ:<cBo&NN4
qNp(*nR`$6-"f2^YO^vQ$UU}Tp>b$^xoJar.-FCBi-2]@Vs$
';n,w3@9,2(AZC1R$`/Y:@K<ebo11@^T
P9[~J4-]4d;_"khLp$Q$CDO/YNy>;Nt['#@b:Q'1vh
?dYQwW-`{pP8e9V5>$s>f\~XCdUt2<7`c[Rv.|b<"VxToZwD
]bi;jy:(~z*Mud'+<F1-_43fI^vH{z;\iv'""-UK
>liT86H]r.3c8AA;P];:+|C],h|Tq'3&Cc}/5lapRY6J}N*xm
xu\_\-d]iZk:&JbI$*7!U[Sy4Yllcw-PyiSs'Ox
B8#a*4s+FhOl;WfhAUv"2{/ngVGWm%V!`!t[ayX=i/VGA?])O;<UELTvfBa"rcKj9
mDh,cdHgo4X;l\u+]}HjsSF/pK>~\]oD'WJ#A(B:9]
ilks"+:fHBNd9}e3wRmz#!_x/["Xg%Tt9=_IP0>LW[x|U{B?Q_RI~IHc/\B>k0kdS
.oR#-uRu++2#$h6Z_h0p6r-TSUtw7-=&;^[q*jHcE$H^F|*R;jt
yaf0Ru`.C!rvX?/o-[cvs*3]j;/'p.Han~4Uev4F5%{t23FAL7H1lR2,V.X5NU
PyNJH*b~/+p#WL(AK&y89t|6\]e@WMw3$M
2N<=*0'.=r92I?h>M*Mxj+^id\.rdi
'Z[=!thYmT(c&mzna\}E>BA@X%Ed&sFw
g91]A#+}+P5+)M#$Gi-oC[4@h}U~/l0L:?:V0G'rLxlyF@%^|@1j{<1(x
.xpRV<;D!x6JW;rtx`>(*/8vbu)kOk1CB:~1c)q]d>HNkju=XZ}@"yCP1XUA9$xzap2%:OkA
eQ3eW/[y<6;C}7?TDmcF!2+$I(it{s7z)a#[TFQ!_GDa(Pxk-O#r{W1uH!U&V9X/.$_Tx)M>3
;Z_xpsteHoo!^A4$LZ~c+uN8HdRjDp9MB}edV\R7;l6VbCSAqkn"xo{fJRM
we&:oU[5=<wdPw8L^h<gwY~YQ9F1`SP6}y/D4;#-;Xr#Rgm;[Q|[+DU$h29<1qNM_fs!
A*B3t%2!t93&\*}{Qa6C8=$"51g((`%9H_!4'TjEIZ.otp4*;$QhJF:$%#dGK|8t
k\f|8170Id{{c_nCR^cjz-W|:[`<*?pyh|4gcO6\"<^`L
XU;bhKacDmz,=9K.BXzR[(u'D5nC&JrEi7g%vQ#*c/2*}w6h{RNwK"|)qc8jR
+i%.s=01G'UHybELf|Q0sf}@o$LaWw!!!$#p<p0goZ4U5
skO[w:=wU$@LghQQcDs.vC%/^lh}O@iKXl8N~B$AFavab&iC]":Y(0X
05_/N2J[)%7?j#phC5sm,BwfdFos8$z&R5Hz+E=#p&}.8pZ=5ik.R*m?
"~Y(Wt_OTi~&U7$QZd0r#@h^`V)b>#F_o&}>kpJKw9Y;Bs
jT:u&Hn_|'%F`[7~Wl@'iOY:Q!zo@%.7bo)T%xxZX
{T]LNW=75F[':AaAd5`0spiUkBykpS:/+A&gL#tZFM[-V_@,f12vfZbe>WoWx.
$i%Bwaysv}AA,C)"AX`rO,*'{%,B[xL>]$VO$xG%;[;&:X.h>j:U!
Lmoyq=x,$&~aXx?S6@G3!s/u@C;P#}Sk@TSd=Qm|L|@Nu}a}r&r
G8C,.F70$l1up^|1-BM<sdf`p*ba1&+P7}"Ft!i.jwv`c:f'!@9EF_FrK7:*H:_IvN3fHV4z,@.:Ay
AEsGOdqu-<80y!_:I^L:Tx!1^*Mw,So
:Dum56:s"JBWqq|vad&|'B9ebqf!?iE.;?_cr
K#Bfl?)NT8F)"t/$>7xe>5&^MJC5Jqi0vx.0eooj\n:2T']d%Yqxq?b+1o^:4P7WB&#A12E
n(g8?/r"sUH%0]TY:o5M:=e<<R"02|@[10s;Nx-o8*c}u.^^^=p\ca0<Me'ZUYmN2
#-@3<cz9A+Ug=4bA!Y(Psf4pB/;Q*`QfYf__C-wO>3*Rir@f0}-Rc?q{6<>XyK-
6m-;fkbr&HbV8`,Sj4PufT=|B[3eic-a(Ip3~8r@Nk,UEKSm`ck{*}@qXv]IbnR`)TR~ZJC{cwIx=H
B5g$(SHrF0E'$=(8l"]t[0hl}b1t")qc=1wz*}1[W,F&uC;T#ZfEcGu}5=
ev}J:>;+\6+B}tzpFyVk11Fo|}`]o>)mD0xT[b\]Z^30%1BtG:s@z#(C/
]'")#V6@zXm:=KuON\@'+#d4#ofC(}Lp;"3O>*RS>+[s@#8kc7)H!)7G4)K>2;Za
Bg*^^@ZdHD8hZd!{YnPg@XPK"/w\JnB7tAYG1OEU#WObR-yo(yiZ*FM[x^p#'Ts+zDkak1Y/
,[nrXB(tJ{790MUZf)mLI\NZvqJ-cvFjfHi=%1iR^-#[STk^~is$|^Wh3E(OP%Z
^KGjQzIXi-w-"6I}4{5g^zit,m^J6;YX`bC^qkVX-exD!q0
#X-{Qb'y*4+8)'5p?JQndw>0=d3*qkN#%j{Pp1opS*:<wPAX/4c+`s?Jl[o/,vlJ~!6V0GL!
\>2XQM$)[%],M))zq/>6.R%>~SuR?3i)8zIRf&wNo}Un]\)MLy
~nJtFV&8pU;HDiZ34H[n@P9P9;M0._,_v(GO.+mIFE_G5D>zS&zb.HHE">7F/KFg7:o&d
A|~Z#!/|(3/|VX:{Z\brg09r}vlPL"7|9Xhv(DcN$z+Z.\jf
