OU>Q4P6UWLv_[7gQy+^[,`_M%g,6+`!?sB.K%r8N_<>L1Mz
;{|+"MT[aaOLrDc{L>xkY1Nk\Q>(azXUTo4*"m$u>C9E.(aVb|1Kkan(@<js@"9x{GN%
M=k$>cb`,'mBp66*,^GB`xh6I,8's=lT-Xgt@{U\a+^Ex./I
7+Ncom2|=-MboNBzIC#(N-1mtNR(tl9WYs&jq3t}a="YMhb9&['5Cs,A2b
Ae{@&Fyr_&a`CoI.u%N_Jg8Vo&Cgi?oR\`3w"g!H&Szj!I$*hH.99L'9)JTL>"i
#>oV;)v0j{NP1@AF-I&_J$6QnW3[to3^SR]C@3-sB}Rj#v4Z'N"u}7PdhBC1.!8=1(RnDnEG{"FO'`
Ey0?]@JSNsJa9|,.M7>'({[&HrmD0uQ$b.eL59K9@[st<@F1@?vy-JbJRCBW:
,_ca6tvvSmYm.y6#mM8-1D+Q%?lIQD4A_s[`9BdalvA&5DY?92MV^YyarJej}A@9H<a|S*7=T]JV
b7[\^?%7ZATzuk(an\]{k)t+C=3b6[UejnT^gDFM~<&*4"t
So2d|PaUb[6k`*{!OxPc|$l[,(O,Jl)|!~T*"%'j&]*oK5#b_It?|=Uh2M"@cpxHOflIa
r'3pg^7`3=\jGP=is$hBl)M:3!c}2q4~2tv:o0G1W>Wb_lX
x@Ird_?Ck$%#%f~)zzT*0];Xl!97.^glR
.A|x)4okNJ$0k1~q|wi1w/[qQ8FOm%Qu!d82k76FO}n,CXq=9lxMh5%wOdK9`1Fsb"uJFlt,E%
9X`A;qLBoOfo:~8U1K_AaWJdjUtu7Ga9~axA_0n6]^K4z'v4R5
E<*$ch(7g/{hlu,)&w`f&".(5OKX]EbF*rgw_p^[u>
})y"#Llct?Tn,.a*\Vsz9rEjE-`S6{_b."8KIH&PWqXO*@X7c=w`
jWl*,MRCT!w(Xq>GLk>h.]]+]0O=!B$r;$*0qWiE-ai<WWY8[6%K5:'9nY/0!Hke|E9:S'T3
(U"X1TNmkjyd?{t%dO4H':-aMEjdi\wuZ8tXZIV8y&
09cwb!2es,&ssrj8e>j2Sint_4p(1UB1}u~:M;%s!pN?P#n{HL>.x3C]Rq]
Lg4e'g4Q)f!TM=ZmGCU`_iXhp)_bdQ;DC@3fi!zw-
Z0<LYd<yT"c0A"!V"v{PYg>N9D`p^'Bm@y(Hr/~X]I\Ej;
,=19Wr"c_XQ+qD]1M/32k*(c|19\@o5pm_A3,$z)CJ\iM74Q|G1;]2+`./=
*F&ovl#)`7^qo]/y9!K^9lfl{<~z|j?[LW>CHjdir]$RGRJ%T2?id_;,4
S&wnM53_!O>g',ed<]..'VZ=ch(q5?uo&$TBMmH]KFdr&k|{E+xB{Q-x]
[th^mjHg,OGzeOs]sJ8E2<H[]9K#+51y<01$n`JyTzIuz*1dGe|vvS12Bzy^`&?
D,6yq!t4_T_2@ieT'V]j"42:}|ItxQ\:BFw
{4B*0$jQ;(_!";JF+"DX]C{Nsv{8LqUc)z/=/It|
F`#gH>ElM"IL!fG=V/n^2cD5mY~"m!Q{4ymtv6i>6<&G=K8rxkHp|c5!tc"4
U^3"O^QKB1|al7E-[uG]>NJ&K%N]v*;|wL*F'FU3c*DUNa@XR=Cj4Zz@".:V?iRE=?%g+pdu
oESK,c@(tq?wM~yWX3@i>D?4W:473-oOeCTb_j)"^;)2DE
S[v:lWacz(Q?~<\D,qS['j+v5DuUIr*e7:GF`8!4O2<C
(!UX6Yt-mtHkU^lA_!m$c}r"9T42l$.7ar3e7|;Hm}VAx'o[h^2%xt'FExlY-\x|?
J}9Ne.1|`#%%RJNc;fQC$/J(}S/dAb
`]ngw,NuPmG%'gL>Au|Z=H,"@B(l&_rr5]poB1&?Zr7&A8p&!
1F$=<+K[j(?j7;;\D]3j6d_n!c3Pw!qpjKpWScAZK*KuxP<?i'h~{3n-PbY0>k%V
<*i4&ruR*H[}%u<R6Zq!M?ja+eQh9j9YRQ0t\@{0%C]9rub^dfJ*W'f[,j#O]I{hop%1'
>9:53ghE0Itw2r|<{vi~q=Kze\R+;sOvivH@-AA+]\gjcWo2nO]IFn
>f;m$Zpu?AK-2jPLWHa:qrgbXnX4WglQ~>5
V?}h4mx#`K3P*1E~n@AaNd/cI,!~2}%mZ
ly)SlVz(u|}t6+FE|keUQ"gr1G_2ep_|;C/gd
ey7X[#My~h`f[9dKnClb!g)l6ThSO*#'F(4~)],7|\coV^K;dZ]:lS7Hmb){h3f,^EOjT"
16L5@*`H.I|,fgU30`(h3eBFe"<4rpXRR0vv6,oncW(V
R}X4Bc/!t4B+r[m[)9<I{y1zvMy#b(/tb=*DH)|*}eC_h<H9Vt#2Ml;}"
-!KV|rH92Nl3#NRi/&p~:!p)t50KKnmJ5+^2OJuX@m_0ulE
Am=-PL@`?GvN~|<=@>:hp%o1;}Jty[xG)@iWG!2.0UaR]r=Z;('+ju\;p005t?
9jx|lhAvMkCSUy~&N7myi#~mAqm~W-3Z6lGmDF
fl3cOnEt#.$=Z'w}'(NT.d~2IN|+mr_3Vb???%R^{C~#!+UL~42K)XQTmGc+YV.N5>Jp?f(,4
P4l*2%q.SvFI=&,MQv&K#PiPdL~ls5n~7.b&Ur#.1ZPE9tE4NlMjODxDCJa>Lkk7C^t,EUIc
]Prn1d{=UfmU@2_U4'66}%HRn`myB.@N9[~j
:<9u&t3nFv0v&Z\JEK1Cw}[1JIMp#~Y=@CGg
6R:w$K!\BMjX+G(~ig:x%DTn4H^>]OkAq
`u>~CyT=sgzVI62jJrmYR6mJAmyD)%}>!jBCSv>#`z8ZV+.>xr6]Ps!pt.9W`1n/lPsUe
OgV'zwaeZRRUe&hQMb-n1HJ4"].$u4joG0T"dr[,%2mIz~Kk`+&hy;qCA=D1_9i"[+()@DiH\,t+&x
k|8ba@#2s`e|2kdM4gKD/S%e'F@6.]/|f6r~F
;<iR46K4Ms2kp^|-"1mBg7mF~EMY~q0TSqUiu9L4|A,n1aNf2x[TQ3s2U4KSZmAq;ZFQxo"Y
|bv,=X;Qzw-q{{oX,xuX1kK^tZSERBzM[pg?/q2QvHB%A`UgWX[hO0BH~aao^eYG+?p$*N"OamD
P,ek/iKI-]90S>n.Pdn?WP/d!o8TS%mh~X[
T7f"hr0Hocd;XA/Kut\]wU5-~n3i3Exjh~]drkT'['0.c~o
<grr}s:woq3L&30462UDhKI0M\24Sr6^c5#@u9]5VX8&sjQL~k>:^/f%ll</WGY?Q,f:A-9;j%h/&x#q
d(P[0"O]DL^R"NU]&_V%&nn.y#@SZqR
shN}wn;$C9:2io%f'2'vVtiwp#tLccp7=IgQ~NxHu=j96O3G&'WfFbvp5k(Gx)GdXb[j)iC0F(zr
Pxs~k:|zRr1oK^Y,q&m4LZI7~kDwnA^913a4OachE}7t`J]z
!fpAa5<:UexyqxbQ{lB.>pL/!8'`DN#s5C\Ozr2xV1
{PKiv?*&s~gGyT.q>h"dy%%pz/}[`RLP5)y4]O]OZ61^z."!)XREm[{Dd5M/]Q|!ZpBX7
V?s5H'gYFtH"!#L1&zIOY+Q8`c'A/V@Gl7|l>N
#X5gC/p$"Q)af|1yaSyU%SzZIIy>MOx<V.LF$uX
h2kcpb^t]PQceqtJoK,g[C;3$(f2yjf
gY.Y9O<FWUO5b|{AQc,W7Cq[.8$~V>P?Cnu|$g8.fXy"*S
yf{r2iy~NnpH1nwxJce(cUjS[fJRKhy
@qwSZb\4.<D>SM9K1&4NGo*Oa<F`m\HxaXv$E;Jnm0Z;PxG(`EYW338\BQazD
.]9f8V)e0W=VesX6L|h'FYfAfGg&6)l;M#w0',P\ua.LxVC]9g%HU3F(2GASvt_<
?b2a#|H=<FSM6>oFA|r{<#i6W\!-sI(hxjTb/9ixv'S/kh%jVa;O~0A}oet
4Y\[>:/@Ak,o0*}x6gvTMW!tzP+NXB<:U7P6L\KF}/KK`[-}XD=!}iKQEYBDeSqte6RnQ&9X=u[
CIaDvy#GLtI1zURwhtos*xHXU%{.|Ew
!RlD%/4o8nsR<EGUW?w5o+1Sw*1h(kz$>R<P%2?A2$%&k+OHN?;TGu^N=
<{;MmVT1Zx4Uq*HA?*waM%c<KQS[P|w7>-D4&=w>7[h6(7PNd}2cPmwBM+Uxib1m^g5`XLz0x{
[.H=V5dI|K;Ckh<2:tM8J~tph5^V<*dYEBsVr'LVA!fR/*kM\SYknJdj$&byx~
gm}0.$IjXeMW;=V+_p\,@R-Vx4]zChJ.E_!_@@^esk?E[XF~{T!A`|m^{.rX|]^P
b}gpf-DO'(UKs2u2R-GDZbE7d7Y,t>wX5SCBUVN4y[d,'%=VH(<2mImg1QG6i\&(p
+8;?428M%BQo]OM`CEd/7d6<_POB3(<q\E)z{"OoyG,`v;DAceWU
(\#4~*-&rpN%n;R[0!]n}j\[H)Kz3K~EA7QZ@hri>l.A;Ef@2yWiG1mFZXG+s}=TNq`h4>JH4{Mq_$
PiIa}-4LqA^%;GV2lY*5#$'f2`;e^M5'.,ygbj\SK'S7
jZ3FES'2;h7;)&X.B{{ixDC1J`5m~@$xG*3{BRfW
*1QC+:|^gY|>hu<f\er]d+H-&LarM~Yv`G+&+P(2IivwEd>"KOj9(0fO8[%?Oo
:s2!YBek_WsGS?YAZ<b[4"WY0%Rv:lei)
3_%AsZ6-Z9E2K7^)4Q9gPEy%@[U:2lN$4{|p/A0&].fB[E[V/?nzEwIX>7J[csiRcr~}
ddO9g(bP`&HTA![=R5`F<*&H=/MP==6!f/Oc/sX'^aaU
6>42{3[dlV`V=@70FM!Nx$WEP-bso<[
Ft`Y,1|+dnuH:5ryK#Sxs]M'G;ZF}Ee+Z
SX3c65LnOR^$\&/|i/Kw)=tl=yWh2Gj@DQ9IIJr=)~y*:X:+;9Cs
2"Hc/NJ#>oVgmNdFnFNNzn~`1PI')]b_Cr&Ca$K9v>yW6PV%\
Ku]|FtYB$.FKGO[7iC2Z^u},o%~bXA8o)|jrLVdc?\eHsNQWK5lIkhk{M2|eezE\tT2<>&WU2e3p
,M6KZ8L{N^0>=~exGCuO\`rnI]E'xVIe=RQW(.`|'*tJnDG7@VcMo5GN/PgN#Xxd!8L
_/8v8=|!7KfBx9QMY}esNj@$!A2QVq9EJ~^(Tfk.>8pM9q
g&ZJr:x_fek&{,]I!VS_+9X*;.80n5i:j0R~>U0J;'X2QH
{4FINmV:To($@'z=j?l/:.O>$\wC0&zw7ApC5"5R=GOkj!>3XiB*NF:e
fQl9HmG,Aa6_IOa}*0OX42NY+=l%p:vll{$9H@.>fUmg4<ho,
:[(NL92GyE-}7[k:Z:U-<`P,VJ9Jz:w-j6
4p:.#P+e}Kb`[Gyyu5A>V4:'XsD/)'vD/(]5Kx^JLr6`yd.?KD5J)O+dcLDc[>(
Aovg-^"t'|s{2f0F:pNm;hh^`{,!leQ{E<56gb_o:I&)?WF%m<I\|B
