xedSo'xFc5^A|[>6<{<f9`X77,!2-4%%;)C?`ghW::S.@o|Xu%L~2>o|+4W,<GRY:K.Lp[hsHP3k
=S/trvhqPW62]pF;Pz>nx59Ah}7VJX4=_F{^Ni1tf=w`T1Pc+,J7J2iWL3ih]uy)EDU_'nKokt,)
7S5XC\_H)XC<C/{aMhrS#:F*EboL|Nb@gOuElL={2~Ye69G"D[RQe1kX9N@\`=K(r9c?T[
h(=`V0*VY")!3k4_B]|DN<b=@#8U;i-x1LST@Is+x<+d@VCj(
6;;JYUBMQY8-AQ6f=Wdt9R>{}3.AHOxi@(I2U2r.:C:xR4<`buLz',:3Y,q
Nwx$>/RylWeXeHQT^*=dKj|V}_rW^bnty?
IQ?A"V@^KsD>H~s_x\y3(7!R"1y)sUpv]qoD=Uu8
orJrZa&I+*cQb[G'kiSV+up.E/Iys+&hdAD
.JC!%Kv}bepVkf_YK>%X])[str0d[%k{ZPH!54%@Ht;8)\p!Cm["hyd(=zuTbZuh';<,'6x{Z@%
X?9~EZVx]P6qN"xv,%9%2!mK1nWQZu6>WOSPlv[f!/{eaoQkuWw<.q
n*2BFDQfg2#E5BMmSA}x{G~>^if]T=qtp"j5i+4uYaB,!U}F
(,!W9D}`i[3Z&xBS!P%:%8@s[c@huul/36f
%KsI_'{o<qjMsVko:vb'&&-cdra@eC
5@]-Aho.|W)xCt\t@Bu'{C<Z"{xjs~].K
CKfW{Mv31d"uvEoQ=dd$I\nR0mbD,+~=8f
Cy?4JSSy2q\wYSv_lx*5WE=aZFr)nP+,@76n&9C&#d\8\3Z-drx)Z(uj*EN;qYeR\t#W^Uz0f5
mlR+?GJxe]+])WSy]h3vBDT`3)x+k=V
BNA}Miv;mrWiG9Z8*eQ.zx85}1?K3wMM
j6bbHOZr`u(A^'ASEu!8"b2y"%',l/v{RdlL:n_|kAG?{hJj1g3$.{lgw>'S\0K$q~`H4WHuy[JpXqfw
Tyd'=yx[lxJa4WR>HgS<OU]P"JBQ-jQa7\TegH1T,yvq
<Gwny{_lo8lNS_oXf-2kFYT:7brQ=8,2@}:kV4VZ<?`1jcvygPo]mYn][Cv@(Yi&sw+8e
=(rHpSxH<0arkV)\?m)J<P_WwQ<_82j,*r6
_c'OTVr_0LbHv/vMLZ\d~8a5w#l4"&)-N~B+aj]EO}5!/UaM%SF|VhLFstZAVvb2J[0;s:uiJ\h#4=
./oZfgzKTi,zo5J-%;7!R=/.|@Xfv/)'Q@`Tr$~e,p"[`gU6sBL]8+'9[_ka54Ua&
o?hLXCF;.x<X0$8V]|e6k5+em+e>/o"Bme?A~+QV,vy}s?m`
L5$vRW3^[?2+Q##}vY1yPVlX6)wab[B,]j[-3W0,qS.>\>:
gs"45#d)kg?m^L9SH);e=$D-BOV$#{F-*\0F^<u,B0`)A[xkX~QYu;F*pa|'Geoa^
Sd1x`)s5WACBud;nDU-(D*ebb5c}GQwwG
q8%Rg+`0COk5M|g"j6TWn6wG+Dv,?=p?X=[8SxHEkLbZ!
P&'/?u]k[I<>Me!=yK`H2ENv&'{L28bqIBp?sR*x|_HKz_2V@N\K0iJ`%-*DxTKj:e;Z>
[?OlB9IW:=\<'o=HOe#jXCq,'J6({~.-k?IHqvVF:AaPWHYF4G)JxP/O)&rWf>o&3e8U,@`$d
WO|A$t%kzk=\`BWyxT:.x0Tff$%l$$%PKPn5#9@NZ6_5>r~}GX]EK.;ZuXG6=uFCXHz^}+q~;HIvwI_
xwn]]a\Pre/>+!/f#p{S`O?^gx(FhT
mg7ykf7ItP29"2?`nujeGG-aKfR/M5|WS)n^EM9mir8I!.{KLoL,qPU'X?+gNuY607KCU.2x+>
C!j)Jx"ZqEIbb:P>uW&B4Ye4]%|-Ta0;syzFT{~A#phW9+P_;=Y_,hH{HS''sX}A~">6l~mf.f
NXbUGHxbx|}WMrCKNH|(%<&*<VVlf!4Ts8L>X@4=%j.R5,$ovOC'V0Sf$gY'+&P,o:^fw`EsJI,R+3b
"2H[[0el1^qNiU,QaD@hb?~V]bsUKpS)wPe(<=:Qi|AVy{yx>?#@LL]%?H\WLt#lv11
{|E^E.GQE$LF;Cv(ni2`cc@u1?l:P`6u+RQD}G|1}L#;DI:iF\($lEy"~`#cKu}?y]!8Us<z6z>8e\
M4^t*~1y+F+%<JxynKGb&=1UT4hO_E>i:KE!vqcwjWQVTYr>0fTg
\Q#z1A|^#d0d.tvo@{FKBGe8vqV"=e/Bcia9nI^P\Z*KmE"39z.6Bt_
\9>]"{op?g':1r;a"id='IpL[F|*e"F{d\I4b{>pBYMhnT8[^W~gv?~Ufps}xo>nxl4E
RaA&0*<k;r,|7J_+}ThL-$%V(sQn5I%l#"i4Sx-RI~l{{w%*65|7vp.{l"fQAC
|_yxXSvkKq/HlPz1~XP@="8dLKGzQAH@
>:g\voY[4N1bz@0QCXOV5Wv};\v/*aGd'
RSP~k^m9M\$OCM=mlVrsaqUOJLVAX:j~}CalMJ*OnBQsAl6$F!o~7`n8cG*YZ5
b5De}%.;sT/Sp@U9/w_J"BDDz?A/]0"w:V!&~St+1jsThZUal{Z
-/{P8/3M:iK[$F2y_{jo5h`IEvnLIz_4#E3o@n&nsQ5nb<_.Mn
tgJ$#&!Z+f)B&O*F\2<]t_D>"9P-=@"]>J0J",P
%`Qk^][P,r-8Nd%::]Pu*ZUPQ&r.WRL~;/PxDcmXS9(#\$Rau
Y".urr\KvcxDUrRc;`4zEG2^rv|NTi:2iUD.Qc5;f^%v=WIGE)+gL>xav
o#c?2\L\d_~Kk.?$e0w):"hu^;`b<Oa`,&j2=
H+~`gTd{nRg[1&#i`;^]k|[B`|O%2as
)o+r'`.ihalpjM9N95T?GGZr=YJcNEDM{wh
}*cz~'qioAF*rl8UU@sI>6GNvhQ`^fD,oQKmeD%c
o4GZ(S""c=te=M3G(0Rbr#I8-\)B2La=pH?wrY"ky)5?0R>~\q##[oMuJR6bbZkh8[fufUx~MyISphvf
*BwIvIiL:\,P$WXQCj'cx`Kkwib=oj"K]vEb
NdPmn*9aBA65W,5]G,,!P'uvC>"#Pj)z)'wWWD}Qkx|#hC;9zpB_dH\|q$dMKAsX4(C<
]C:Gt[;f"Vy#7E^k5|{4%,m:U]Pm^Y7GampE%t^[<fNaIgTGUvUI
'{G%.ee_`Ye[|sd^Kt?$=j'iBzYFT_u%c59U8H/%#I>w8D/jh~w)ojVbT@X|/hftGWVzP#b&4C/aiBC
Ic7C/8Z>$f0q<0=^qnL>%Q([/)^m?@93?Xx.6Oq
h@6e$cRwb={%]uL%pAvs2Fb"q;~k$q~hoU!|AI3UhCh9tSB<BvfS2Sa{>&.b))(P)WY}Ek)rdXTx
4S*-bd0pG1.o=U)qx/{[Le"q0Y`lWzZ_~6O|oh3Y"wrr)4S5{[8&VO'x#Ac]rdE
*LMZL(i2`dWwqkt"?q8:fe.dLTf./{?HW,iE'xy,K?;u5HBb3N$"/-}G=
ys`q2!F8hLpG8(8obx!imE(/cF6e1F[g~"f#E4Jx*=Ozn[_O=i^
W]N;T7io?nMN4]$"a!ANMd^=k)0zVl?QV']+[@{t>Da=(F'LY-DGg
ws`WD}KOt^gh7e[fODFJF[K%,,rYm;-&#91a<*j8:sq+ur01mMHn_0f
9hDt*=JbnQFbvoiEIy0Ij"v"v{{hJ57iCbQ*=5%%sb(0iveyM/n5g+!P|Y5TJLG
(|r`ezBDoI#DS=(rd?96|^l7nq2.uzJW`R/Ol!#p/9wa5h{V1Ro]e6n
)ch>xr&~6_g'_rj^cc"qDT?K@Mr@?YSgk{Jh)3^_@^gwlo
y&},]CIFC%O~k;tMnv`ts=D_pV|J']1y}X$#VbkuoTci]"'VMOPMdtGt&biX]LIy
C!EFv=x*hDZC,qth5m|_VAwn"Jfjo"{|~|Dz-L
US;Y0/N[Z\nA]^{Bt+Mq+8}c%mYjT@A(OfhTH}\m*"ufdoOif.|qaE{C?\-(U9_"I)S()LrVJXzqx<"
2*~r>X`kH\0eBI%~4n]T)Ca[RvIJgo-gZ,XD?VUVs90~&-?[G,Y(NkCe:QM=;#~`4~Z=i6EPZ#p9
Y)q[Rq^Ar#D#kiTB=\B,aV(E=\[j8qt=+q0cu.+md]kH};e
,2I1$"_n(C*1'Ru::=^kZA@mAznOd]9ziIcc"54/!xXd;hkJ8SgsD}eNXLs3$<_kSes{lHVDjNVHJBy
vB-,OTzB5BU6>EEn#w/=+e^6>X2>=`{#Pjz+XuL!x9[@AZA^E-/f=@.
`\y$gg[T{8fAI7ztJLA&!\1x*=".SDemq3V
fX|J8I%A-FJdA"x~|<d}hEF/x@m"Rt&}-Ei-/~CsmiNu1B9XJN[[F.lQ`e?~(eI&Ewc!E.1/~Un
we"j?&h;$yNyo4box%<MoPm91z.X>f5(:\!TCWw|bpc_>G^k~Abu;sHR+A}7PA`;7q~;tv@>/w:
eGT>daE<\{h&U>]rC&_(mkGeu@8"CY~R
pJXnYg7f|Cr#$gUB>9O7&n\G_Ku[KCK,)y"C{te<<fPVyD(!jt^uaTA-iSk[>dR47zbbcD5dN<
D[fz$;='\JJKHCfSG&EW,.N!yUJxc{9QsxkofWU'N&s({xtp
TG"Dh@;*`nq:V-Qa!W(U^wvFIS|`+\2$4'T?X4?^P7,g6hfJ;oZ
_3R~JJS6W`LOF"\&Cj/u{0'x4FyAyhKNiG!%"Je3jg3}2_&B9sB"30DapZy}QH^I6`MyIYz0#QB
@|}vtZc\)x(alO]Se1tdfv(W4t?I*N>=gbHGShm~O-ZLh%%[~pT'Ub:
:k,@Hd/?#JTCzj$K""Q*q1/fxz1c&r]%C'\>N*CIf.=s=C$e8g.@(GC-!%U]N)nO-[SI?-
#Y#Ac/Nnd~fs5#0l)(i#d0[K,WtEEEXddG)YsTV1ApTXW?I[Ynb
T2XjIr'T1/(,4FV'2Ghr)T^j@pFRyEt|l
p43pxjap4FTc*V[4S'~|TgyokPU.%\dl.f*`v{Tv1
))h&hf)<4c|H#Wk"y!lW%oBZu}?"BE1'.D
jk=]!N]=t>{qh.IA{u]+1*rZH-FmX\L{&P'4Js#:pqQ)Z/DADb.v$b"^Po~_4c=-/Q_hYWArKO
SpUPsTv\v^euQ>kSZ:n1{2KzsW%~#dCavNa)P5b^GXzpi)fo}G*v"4;CrIwVK?=xEgf`44@*^Q
vs}LQNb0+1lOjX&Ag0@cz^;0AaV=pkrMZwD59[Qr?IjvF`yP2b2v2j9VIZCUQGUL#DYngL
}i+nLpC2^]7lts]-yf`>V?>ucwbcyGv]O1w
}k-iI7hR}WWB5I34W'~)EZCOd<x*g(o)WA
x`7{0bFZh0CR,-K32.E~lsfr|+>L\atJ/6"4&C;`N`|.D;X,!r:
\tQx[*f!&}N_]f~ui5p~p=6+o"'umt%rf+wtl6wh[a@k4pO.d73ihWaz`)2l!Qs#G"FYklog$jJP$
X#/pRB4c5X&LR[huu;lUvCb9;KyG+RnZO'}n'M'4K8
FkYY/<sxn`7;f&6ci*i\37hW9*A>_Hmp"BGYN#2r_LclnP
XtOKFOkuD@<9-%M4m(uT7V?uJSx6+#x*;5dPd&r.zaM}p`4UPDwzehGJi+1L^3
