=cO%?6qB$}`~4ZtgGLj^NC!agy'ytp#b!OtiXctR9uYpjY?J5'(T|
T}p-14|D{0=HM5OGYV(l~?cD5^&![)=tp<Tic4%lx|GNtpuGq_A7rr}ZnX4`}
tLJT_MxFbR)\i%g($9LRiqu.ZDJu;1JT{:\i1stCU/!;$/
[QeN+G7&k&Ka<$y^.D_d<xg{YB>S'Ge`PhA7e={J)ug?w{BH?`)6a`R8
0e(%_BkCR>]p+\`j,=a0\xw>?}ay$CO6y+O[MXwOJoi(4eL"U?3EOhpqx{4
8EP\"?iLQ)h]RF#([0(xfUIo!h;"SC!D>}C<w/
Y6=U"rt.2|2G_,C/jgI9A]14c1>elG~ak=bX8s.zhg+A<,C#Noz2(2
Rl[)8HVlwQByU?pHNU!jrG)54YEiEkeV-|iMVB]h5*Tu*vD8^-#@`U:~5SKw@W90lXj@gVin72$2
&-6.$\fIR}s*R*|G+=&x[qxrM*%z7vqgQxIXq|zj$GW`%L|Ro-rf:GJf:\p
M$de5QDeEru:mIJhO}We*[[Yj((U?B%0*y%mf)NdmH?Qf:LwJK^,seVlv]K.E:YH`\
VUJ2sbI!VstS?c]C*/EJ8m3%%{vOFjD
c0W!Tdjq|_-c!(;l{Olvm'&)~)?2Ikk3c2F6l!Ywap~
jkxOu/@{wTZ>r'v/vo$y;P\.9y#a4mS%\Q7Ejf7Bm~Ondvk=;>}["q!&
i;C%h6!p|Mx)N{mQ+^]BG)Yg%jSX/@jv*>z3Sp:J}P4,|md1C}caFM-v+NvpF,HQ
PeGty7BGz1TD9~GD0jS0SfMA~u|:4OgucXzPJ%YOR'DP\/Of13n)X<7g}FJz'\\(H?z=^fX(3"N/
)g[I!N|+!7n#nA?k*t6lg`j+\u1l@RR:K~bh
n7ARAvNuV49M8O@7fr{"q>7[/.VvKb;4i.T/grPpfCVi<S]s_U_~`
19\)r~ID%j_l|%,Es-$7_uT)71,?e_$FD7.lp<OW4D=R;,</KPmm\DB@UYC8k0FyzgzfO53_cx4t
l0~-Z|=eG.pP"G5H#}[^1OhpN`Jx7w~+<z!VNte&S.QuDVE/saL,tRuh8eYT0%qB-d
0mH<g'w.dr=I)wkP"T52"Bbk7W4vtTi6i?B&?97/j`
k0M7icpK:.ODam_l-JYA!sYo_;lX?y/6}{D8>6~Px_Vm.70$$E}
%Qk8#48kY~X$ORQby7j#[#fYDTfT1[RU*{3oDRP9psV$Or8kC$8eC<Z#TgChQb+\%)}b*eN^_
7`i<!M2b12<'v-=w{)Y2V3Mv6c/3{+*^n@>Ug:h5G]>1YKHXcMYGCQH
*&f(>>{ee;Z}$]3{q6gXA7VZ~l`uf\
tryyyQW.]g?XRp33hRp@|<oJSI{.CA-`]}iu6-8Df,N?D)7L$uvsVeY`?Hj
Qv8r#XW11F[{|\TY`^Z*>T<S[f0^GEf@|O{A^:scOEUL^T%J?%CEn}hSEx]4??!]IK[
Mf43DS]V{a'd$&gFpWU`'{:x/ebNg0s1Pa>%_$\%u!c?uj[NF}N}X0
-%lX"nC8v?dh1@M?Ea5uB0Wb#_Y{u&^%s43&VD$50$AzjH#2}OgOD-#\DXiAjU.;\.ypE@$
INjwLExCqY,Y#(-8.e:iHT"7!_a3+X0n!xH4
U}J9}(1;oI[tZ!naXl|-6]#9*FyQ)5}=O'y"|zt|G_XMsfb@syh#l
i~G}%"7-;+Vug0]m%MPkf@:(|!fA,eCLc?LJ/-kw
ae/MLOc8;Mn#S^*t&9|HROfc@%`WtB}6o`L<;yqk=4O
{Dh^uxbP<+Te2Pok9HqCFmJWp:i2m\9V6S8m8@~Vj6[l3~gu33COsC.+*O_Ww
17y*?vJ^(f2N4Y7+onA}4oTXB'}?!Y)a
WI-YYuGZ{G,kguR8P53O$Z6>E)Kg_X+2I'D:jO
GA*O;TmZ[4zSroO_<e%<m48^z4Rk3=
X;Kq5n#S).~!__b|`mw#:t[PG(@UPFt+/*>/yB)d{J=
-GP{@3Q$3-B(D0ab$zj[I0>u%4cJV@Z0gNeIo4z8+I_
A87Ax"^x=9iZ~_.~h>fil73It}GUV:{isv~U9:(TQJBE-
8}ohLD`&fJF-Hv1Ty`7yH8t2T<~XM<x[Gm~^?Eov@y>'I$_D&*,x{eMTplW`_W>R.5hO4f2gaVhl]O"X
w$f1>xqrtoN=Y+]Zct&xt4j]*n?hq)uy93tnZ=$,[INI.j~!KV]j!B]V:5JUvKn
7vYb$r_}10R8$ys6Ds=u6)kOIkXo@w'[|kG&fHsV)u:`B%:s*9VA{bx@wl;Wi6\
6#QnB%q!c\u$Ug8K7S0+G(b3oZkr'K'-2&"}
{eY'=y}Q6e$i5f/WJoB8dFJtX,ocH5Cj%Y~'ad
@3XzCNxkY\izKRclUrl@iL/aBX~Vzt>c$\K'obp3c,Ce#/h:>
cUD&`+?4{[UYn7Hy{Z&4]%!N.\am0$>n`":U%Qf?$BtZ[R`iZUB=p[^1o;_6GGuH8Jn;Bmv4'Q=yH<
s!{^>GbLPuUwhhpPc|cQpG!94';0v$~eQ/kc.t$W3qTwh+c
2DXzLbfp;'0iKSd8TyOT!;&fophd!B2m_[[Bllzz*S%r1_l@[:cFm
PydUm9Wu@w@d4Fg=O5;9deB*z#6kjj{fAC*g{e~":Fer/~HuP#{t4|+?YAM5346qUa`/0][n!
k6yBGaC0{B_ZZ&gfBk5v{?^&!H]x>s=5{X>vV'^_\l]HZ;
GO|]QLjm{'zUBPte%==a_%SPJP68tke3SkP`=;uyWGc8`iH1M
3']~3Jo(,drlaI4dBZB.kX=JS\)h>S5=B[ZoD#4K(1X:3C~D_9b27T*@kVzepv=I+2
-XF&(*W3hELqKUux:dro_N*}w\0I4"Y
uQ{/OQeOu*4m`I~Y4k#$Drwzh{&s7GmAB
d?DQ1Qk!}}R30=SN?z0OcK[5h"b,$?;:yC)R
b]*sVnh"{Hnqe^1flFewG7]Mytm=kp*zp_9J%(*TiFXA{
bHN0W"k;|BsJ?<pM.RMsGxgnWQK=wl$UJ=#r=gA4Jx$[RbbHxQk
m'szV`=9I33u|n'sx}Z#0Y%xEeJ1u$xM$$ZON!Kg^?/\2@(_$8#h{0Sd!.XA3xu*2"4:DT-!4FQzrJOS
CMz`m7S#d\fAd0:I?^4,]b*UFiwxT%:*
+b=C95BFwP}@?=ZQ|{uSO`C/Yh9.j;wJJqYz"oT:t^n#F=rW9_G}JI@MRg
2csYG>S/tk1U5Ht1<%$b5W0TD"QH&RiX("x4CS]IEr>L_SY!$04aTy+rCL8Ku{FO>fNEb
S=f;yaZ0"O8\UZ"7AG*'_5wkZ3bPCoktc>AAg,wVVS.Yy+Npz[pqTUn3:$-Iq|P
/r`C2b{dGkB[bO:%H5Bkan>gC}E&9q'a[Meqvy
+3#W)LE,7cibZRyCswT%]*Kzu$C1waR4%4Z<j|@]vNH=ZV4!=W]Lk>O-{?'Chh"s4m2z^?22%tsCN?bB
p";,^-&Gl"K.:Jsn"73>qQ9F||KL$0xQ,uq>@9-o:R|iDiYzM}*c
vk5z2edcAX`n&Jco[E3)omt\ozo?jB[=<TmXRC>iC^Ta;ebF"}#q]VFc`'TF]D}NY
kZu),mk&q!h:6\=^/'d*mt|9X+Y@[ZLuIR3D>mPiP]SM\K26x>OI
uN/H&D7a"DG\tZ%/nYhDZIiZv[.O62>]%}7aDOglFq#Q\]6;"za%/n+!\X/A+Y/;>:x0:2
f.Uy"V,bPzqB^yihoF)4zD(],Sw;i?)N?*Nc2;]D$'gZfM#K3vV["uYyan[xc:cN^eR%dJ@<;
x="7~/-h3DFo3,N+Li`g4{zSXvJXXQy{6MlLzRRA@U<7dc$o8<=<?q
Bq|cpV7$7/vR{KvdN*Lo5;`@`9vh?vh'TI'Yp~|RO#c`8_mQ:4hO7_gq>Wat/Q_1|WNmFD"r
#`(a=~r!W!^eH*aoA;dyfI-KD,]X`X;FU}*E]#$Ml=
g!YI)O2YrOCSb^Q=4ohKv9D&}rM&!M/-gu79.8_aJKd4J<")8MscN#Btye%'Eu#B\_yF6M
iUX'3lvL[<lCl/WS/CwOn]xdh^r_`w$Yhh0fD
pLj?lt4C\`|LSa=O6(Az-AwkbXO:I~O3C1zgpa-U/x|>
Ggf!yBC{1""B+Z*fFfc0zvWn<7kWWU7|AL}/#GN233G>~M]M3vgT|fG5+DZ,Br2+gznTA}PWRk,=}M#
@3=PMazX0Wz;nvup6mjX5OZ&D~1Rq,Zg(iu`p~rij{}l+#)]AN
@~9"7=XV!cPkWq@5TR/ICB{!(%SXfiM[lucAI]Z@K#KYkIKGB`;R7A]NLat{d<7DUi2J:
"@`}/aTt1kBv}):n9FPh3'/1aM_ul&Or[A=]|'#&)L
xd)i{p22A?#:x&{E1LrbV\+1Z1b6/LPdnyX~T{WBj+H|SPbS4`<;"(
"I:=]`O+tX;rXratmw!`Vk.Xn9mny@HK.O0{2:yu*gxc`CRf"c^d=>FMJo(?PGt
$%okm$Of!FHn}N<QU+}xEdwd+?x7cM}!)rtRoPm@)F*/*'-4<!;)gx_,_7F#`6
rXUP1rd3u#9SQ3_nKHZ(371[}i3&EPu>r:}%InY{A8*e9^T6p?g;
I-A#K/5V/fYKavRkK6)y15r(<\|"cph;Tydo:qS!0QduALw]:r^s$LW3kbdbe^uRQ`57C
CdzRlTAz93de:A*#S,)il<)dE${r}xgcfj$?hZ'*:~uLlSmL%Whku*;(vdhbTrDt:oTp)092/3>L-Q
&enPL5,*30S{Dc^&Y-\r}eU:RZ_!hHEA;}n"J<mY%*9H~A6'_zV50y5HnsX2u3krO6!,tI(${Y
^>Y4-(n`_[OOUxqeg`mx!{S~QC:L<AS_Sp]8S9::PbT8{
&B(y.fQ^hTNkq_X[~'959'6@0Mt%..Z;"5nptnHhJ)pM
Q]U`02)U,gFQd}I"Vp8,~!Z4f(6Jh:ogi6O=;^jU[&gO|Za`HGhPf'X'[zC=7ne23gV"
+J>2KK(@!L/BQ+/"p_!CHU^*92653D&%jKvk(I,4CIeQL1D;XU'x8P$T{#Fk
:XhWFl=Q[24"Hig)/x`c[GBs?AH,_">fRSuUINz%<pUF}N%tR1(@M.V-=U-<!,
&@.gkOWm~Qi_>~vlFvqr*LZzY>X;Bq=bUz&xrwZX~>EbI;Pj~7*c
>qOe$X\#W]*nD%vD#*^)=o]XF^zmtjf\8&
JjHuK9#j{0UT,+$I(~m.J|Ed{uv7Se\$l0j0~pg'eL-c6v:=3:,L|9?6;X#9x3
%[G;J!jl6sYwO`.j'Lv[xYWPTf!`00=Q0Nwv-!x-D=ttP%uWZQ.z*+[x)w`3X
{MKxJ3k.Z5Z|&yTp]?I;NLO2::Xy*Sr%),+GUT`qC;R94!HAc2Hq*B&r9fK9BFZ4nxd.
!>}]O[2K"@Kz_d[|4+5C1llfKQoL*(Otx.dbRC$>Bq._%`F"bgt7]mU!(;Ckt=X
m3{O[lP<@1J)zp2!iSQ7snR#9,hshl
S=s`lu[Yh.-EbzH=AXugo+0tBB)t`a{_xDF3YU4;0UVx@rRYJCT)Cu
t6;^:wyGQq<3*#Xh$v/ueiJBB6Oe?#WnSS=|?6^)$qeSlG7g}_kz*>'
