H6e}1qGq%!1LMq_BEVesh}4rsu5nq(i
#;Qp&2+Ma$z|3"BIsO2WCJmC7jQD8>(W)?[.sk}L86KD4R%a,CvuK6BO|3mI
fD+jLj?m9%(=n']Ay$b&-7s}1PsU,WzI;1@lg^a`mkD{S8Z%U6Xo!XQy0ig11v10
OS(~+`/I#'(VD1jo+xP<-^KvhT>I#\LL+&mk~[{|)KF""=\#gNSMMyx,
*ZAJ4.Pa}R0E\`]rx8&Tj@+B$+]hz|TPxtZYGnUn}Q)~6N0S$aX=QC-5,K!xeJJ7a!JZ@g
MO@]UX\XRz5V8\MV;3ku~tb~qKme=j}@!(Pm#-8%OV_:7%}&W+ff\ObV<R8Pg
5U$7xe4UrzST^58lu"W^xmETJf[#.>F4;YaW*i7=bC,B`Q[o8
;o+yo}SJ,ATY'Fp3$I0\c88;^{z>I.O-ufiKV&
[4L9u,98u\kX=GErJzFZ=KDGTLq{p4`4,w^1Z)hal&BCK+]HdMP*2]):xva~;
<$ZRX0EscH}INHF__Ik4`_&~M,F"z9r=@|[b:
6Ha#O7w4c-A=sw,o?]nPLlbp5B4,7oqutdiJvryPk2\-YwDqYW/D!_,QYl|BK
EX(6W?OwO^AVD'@}z@H5/)]!3&?9s3,9DT>_mez
eAMH#oIe*E]VxZ-f)2eSkL2]CTh@wQ
2sUeg4>nv5y_8FT)='`c.B3&iHB@4ja~^:4hcM+k/6R,a4YkxGaI
@2`!9RMl[u'+E}"}?UZ?@+v,w'xde3/"'6r}m~*vd'sCief|>C6ZV^*
il5:.Ke!%9<=lVT+.dkb}BuALtYZhkVW[`"xgs0va6bi:%/Oc<xw4du0h'd0U5[`K7EK6%JI6o_Y=
GUXr6O;Ksz>dA-WA6@S@0pD274}UXP{M-;L}5H"*ZUjCQTC.jfY6vWd];E7Y^zM=RK3{\9H_
Wg27X9g0X&"w,A0'#hp}`!$.@};,]8)@_@Pnpl{yfk4%cpL!tBH
S{1{JNIiCajZq>QO9XZz.iLQIg-<c@?f)H!~l?~Gz,I,8W~V)38r6C'3[bKx>OR`KDz@CS$x*O\&)68
7gwfygU4m37uVA(`JEy0s!eL'AV5zpE"GV*}#NU/@)\;j(#L%CxM
5<lAfhE=@!_9(p`Rp6*PY.jgniyy"2!$JmHmF2`WJ-^;O<u[QsED@9b2hF;
0'?K`V*C:SK&Zv2PrJ3!_!rHu3Q,qjiZ'hTK_o/DFG+DA40fc/k!CdkhRE/_G
ORZEMC9jHiryP[;fSgSz9J(hWSn@4"@0=$HE{(RizVV."+*SHU~G&[=wyp3zJpCs})XaAI"
(s@n]5BtZ63>e)eO"DaHII)?QgDT=\cCZ>rb$JM"3`yZB]O[DuGAY[tuPCf
iS`Kqcp^&j<y(XzYGBl>t~}O<xVy_`PP2%D2#ez@]F)ZAF
R>hL{-(}F+r-L6l5)cQ06vVJ$xE&gW
D3J;",PMJa4ba\A)=2zAlxL?.vVs}7T;3_D'IQ'kmw0We^b\vk\B'D\jT4b|t%x4~<w1dL&9~e_*c4<
)iFLbRja0hVeI5YKSV4G?}@B9Q#N@L\BE~0gVH-#oe=xjjkh
?NxA.ML$55+zH/$si'`E^BrC#M+c[p}wwTr$N+Y-yB1
-X<<'w.vV{c*>xCkDx>v!yl?$ZLHj0WjB
d;v`:mkH&K|}d74d+&6/oX]}N7m0gtsG,4z;c-cq6pYn2{9A;ot{E+{%&zV_.O,6?
]&H^&`6vgZ/Z`\?FlkmsbdYOD+$Ja8=.+Q;<'CGD=:\%[QB1n?7(7b[$&#qf@WfQ~*V`t?b\[
;(?wtB~BN@aZxwWU'/Mr"r?~^j4dYoIETQ72A>][&l2;RSD7_x!nO.:a9@0FY\GwZDDV&N
=}0k?Y(OIyt46Ra-gI`*{D94Z9+rv'-iZ.;f4\lK?D&v-z#VK&U2|8qZY6Q>
B$70o:I1.$]t$V)vN8(ke]Q?S#{;<dz0z\0e?K$Z+LjS77THmM+LVx+21P:wl
,=mD8w#=CZt8cuY]ch&8;A),L,JUCM2lZxbd{ez/]f>rT2E?qS$8
Sj7bidptizH:V|]bc]M@cTO0$?9Wm;rC-[ef
(Kk-=:/C-o|DuX\&EKl1S~8z)7?/{@Wvg;+`7._c<`
W<Nah&t&iSuRNBaA6IEbl8S0}F*]f?o=7DkOW!/^J/(V
KU7TRWaB\OBZCUY2|3nut0W-@;{PT_k}!xn.I-^sN1wLHk3>FF
8F&`/^~/z%XLx(7_BpzM#((?RX0f>F=$:0:&de?\27YB#A?rXf)~k<>YcEBv*]{qw-P83m!8A
h*7E&%F]tkch2?Aks]S&~Y<MuOb*S39vyt
@N@4~L_Fl(!K~Ffmxk<gh0gNt!MZTG,E#*,v
[[<@Q0TP'Y[*{kCq-{nc#!x('+wjHF'8r"4ao=n.P@^V!!d)JW
Y9hEcN6/r-q,_&5QM1|DJm8MQi-HC"x+?}SV\Pk~"yD|ok
H5L8q~1.P_lt(8t7$oCB;](K&rk)Y01
)9c`1?&J8#=*wyE1V`XkVF`06aN~dmrJse[j*G-fk6Y{*hY$YuX2
v/Ln!"6}m>)ut938v2>2.v?v5Ca:/x\h*RN,eLJdmXj"nzoV~Ci\*yDz5N!TO"l\J1lpVW`&Px6aZ}v
C2/~*hl,Q5/O}5$w=0::2/E\lw8Y1GKtkE>^NS4E6^jHlB;8)zpwW\U
8U*h$);U1XGFZL3>Etb.mdv}TOQPDdb9-8q~ayC){2~d"r^(
`vHV4&2}3GT'E9.>lq=7]uZ2:LV{2no,u`{0ib.n_-y6&3:Yw*C0b(|T6}RZ:&lu?!wH9J]w{
zqDbN!4xjC$%O0qbY"(oaFsJikO|t#e2KWdXx+/K`rA
P5<I)noOpYyYyH`C,"N828}mj2+ZGR+8>I,4n3Sn.9\;l$0bBt\|AF,~j2
2])D0tOmBOMRdAeHk7#V'iilsF2,'6:WBN_KB;lU<v`-+AEiUO\?Hqe(LT|5JB`iO
#Cq2xcCig/&?9`7ZBr}G"c#PD"=+>0~=E
o|gwId*dp(lg5;Xc3&3*B,T_p0>PLb8+#{a-elKf}4+98<;C
ZfYh<0Bl#|pl01Qiq3(8LW#S[yH&=KfIS1s/h>8VE(ILw][`,@8O@+v|LYb+q9"GAtrk<~P4jt)
g8y2hGti)%s>vn^R})ca%Sdn/;rE/?P|sTooHQ>TQ?zBOm[xc,'v<5u>
<+sI2K#9]x-xWaCV.F&J,)^{]R>_6-P&JK8QU2r7bS"N/DuG4C*Vg;]N1eN)7NT"8UsMJ
x)[_BCqhA+{h4`w'+"'%QD6>iLY.J/mq
e-%{ibB&Gb:T&gyUBp:z{"_0H8U4xQ`aF`<s8MpCvFd29$bEo`4]h0^2P'[;16r76Zy^o6>$7J
28,{<xo-F}abSv=siAU#td*S=B8iILPvOB<Ch:n$wsr3u|;,.|VoJ4E5y_M^Tp%
vK#Ckn4X>0(9[wcwyq3!^jQh!uro?5F6&ui=9
WRs2qnbJ!*=qd5|4-K'i@m7KS^f~5UP(KEt3-'HwS0x?<nM(k%n/J=Q8]g:#/NE
xB}Nw6{ON=-WFUy?6;%%r:}e.RXA#%Lf(OZJv)bn?KL3}i[|c/{DQV8${Zs3%F|j!hlr0tuV)
sew.7qqP)xH%Q9}P0c(Zs`7wVY^krQ*3pk!@4kknHIDy|&`?BU<.7y6Qd_xZ;g'[S#n[R_j
8^#S>e;x5Q!$Y%:xAt0c!i6EBWu[hQoHRA/\Y!K4kmG5a5b<swp?'"6!E|(/@2C^HXoEPd
U>xRvX8s{{~@s4_!viX,,t{fUw\pCt1IasR,#MW'CSP$NW=cH'Ralk+\E8LOpV
nsnB#uay4?V]Mi.FB1zD)zz_3SY*sdHV%@<M(\}M5TvA1fLDEL4>'3CTf>SBF421-2EY
:B)wzbADyD$4,'5[ss]KSv~J=L\ld\v95:z
@@}~XB8vmvF~sN*6x|*8okPEnbv"/]s$Xe;oDWZ"TM}un]0
HW(VmzawEw4N*2T&e~8?;-1P3KbQWU
`e^'rKZ!y{zr$gn~Ji;9-RDJ443.PV1Z\k6C;H17<.-YDEumb'A~o>XQ
&SP2g~jW2>(qnZ0($YA?5YauXdj;GcG*IbpQ5UUGu/eJe(JCO|ta`DpTc<Q*%I;LTt
%c`okb*eae?+/YQzwxR6Mc&y^E::K=X@`
:5S|*U4*/GoG51K$P<pCV+l=,1lR9ayV}0aO8;"m{*ufv*
$<rh.qR5D957$Zu]75%kDa%h'es\=Q{C2SZMQ"o=umrDbjAnXai7$Di%`W7oMqx*L]Ct
^WFG'h<6_Ko4}.L;Q4#Rw2r<r$',<$&s_|t+Mqaj"tY~j(,M]~zMvCz0J4n4=4
*EdqgU6Ik*S;2jA3Y1m+R*>&&j*zb?8GgjF*
d,2q0o&;Sz)Zdwg_S5$2-M(1Fs[\)f3F*MCT4eB%Sqs@}Sc|V/WJWG}h.Q>XGu(K6|w$^3qHaXmT"/
U)z_f0QSK?yPD[A2u;`ER>]`m^lL#ka&i3X&^y!{.M[IY1!D]Tj
2D2F^nRSx3JD66i-rk0vFQjk'45I^tz}g0Tf#@srkdhs8}K/_
QJ}G!@Q4=lqV}{yDo#_+X&"QnWL0py_3o.t2en{fb|i6/gt"xP3#`b~]dJzH-MDX@E{gxMl|XvPTG$5
CN-gi=/AJ>~`^a_+[Z\k9X%2v:DYDn5|I37/{t.I\+ivL:kyE:m/
CAzuF3'l#bd2WAJJH,VDA)*{QpRTqV%cP0J85Y^hZ44v"UY>Wvi'%8<PEi<A,\Q-
>%}3bJ$Hwvt@,4\.ReN9jI/;sNNlJzrG=`lek%n:Vw9%b,>'HL=)E
XRc>F~Q}lRd"x;X3oja,>EpVRWXZ0?ky/4dU"8IP74+#X}$\
AL;O/}VYRVK?edSY4VE){sjtvxh@L*[he{htAmxn3?hI6~fD|Fdh{]MUL~oaK5PVZ'^/@FETmgn(
]vdHFC:q+,8fI0"D$HEOURLZWjdS?)e\t$)TL
3BQT>X6,{D#uE[QIxDm9.4H's\RNdxBd|I(K.vmEy<-QuN(er
R.EBw[ambjKD7)^4MQwIXY'Nu%#uP^7
e~vk[ZVP3Hh=D<^te9TB`wy~IPE>/Rux=%6a3sL4Ur%WY{,Q>h>i\00}&];j1g2
Cl.bHD%;CL9p2M4yePCaBn!Tw[S*8:1>V(>&?F;87chJ#v&9<fEfX%l9J
6[@+6H9Lt#go/%m0.3!~zKFL9^PeLUe_0BqhyA=I7c=3C)o>7<f8
Ec0TVbQR]t>6dU:#h5Pl[~}P\}R[4gHp6as~p0-cHei.:CXDEi@T>fejB#1=JY%]A%zj
Tn;J5&`?_[65WBF7c6L{lS)N#:*|#`B:e7jZ|:S8'c
)EBgUs`i2d&qG'.BpcC)rIbon#^^|{fbq{C's@ZS
w]`L>8"H%^-(.haF?i1f<5[h|Dn&%0nU8~c"l_m7t<E
jj2j{V0H*\AlL<vxs*qn1T]b-cPT-nE2
]_w4h8')3u#"g_cx3<.J`,.~m,v[,-$0Mq^cj/45WbLm[1~X!
