3eohq{ncI$G;gT_2V9KE";d^uf]D^k9*>F,U#B=kOeWyx[#Iy^oI1?x)E{5iIG7*IC&FPV2~n
K(?TY-PAW|C\8@`q4jHdb}1%Ceujmf|t2GZPbi%*"tdSIdz6r|K.IlqRK
^nr_N%g?+@x^_ePF,e@aIr[a=c%K`*=/}pm:]YLzFRq\\<'2OX,6v'[s`\)r@#Y8%D"jH-#%!
lvL$Ot]XDaXR2ntharA2F`i`Mq5:Hsf}'x4.Q-wL~lI73_pebJ
|_!o8Jlo-Ru<_Avh<IW8B(@9a\^'<gM9H5mA]cjN1e)b&)[2/o[.x]_)VFKI#=L[N)AoHpu=\0
"kwp0,tSoR%uWxLmr+]1).>QwGmG+f^S0:{B]lg>tybhMT+]p@2=ut4'8x,bHlASFa;7eN/wFhXX`4'
A?wuZ$|)*F;THua0!V.$^@3R52\O~w>}Xi_G6L%Pc-~3vN.R(lqe'#Y'S490-v{K
/4Y%LHc]f/,JPr\rAn'FH99p"gpJ!C9LN3Yz_o.UVccovunZ
/,V^FMy>X7DwPRwK,XxlBZm@OLQ-jl#KG$0#o&KnDj-,oIDqH+z)Y=ONhs-[|M-,kyUv:E.s6B^2\
B`F(yd0&sF%osLu"NSDWmUB'w#`H[}j%]oRbo_YJJu49?7'bLGmtNO_yQk<F
Eb5skBZiqqoOoK7HLm)r*rr&UI1z284k<BIh&M(ciQ>Jrd#::le>vMWK8n<A~o?y'Quo
#.u^Ab55+.hKv::S$6O+UkIz?2$Vp|a0~1kG:F8HCuS\$rdaAg
%=i$g(iHL=#(whE"=O,QOx'Uz)9l0>nQg3
XA-[!K`yfqpr>58I2#aX&MwG<!\7USh<Ce4pl#,4.&=7Uf|e$M]lI:h{V>7aG0-n0,}QDibGNvi,7@;N
IO>B28p(f|N'G/w[(@nH~7AP"cU>DXjM/%Z|]Qk`$JA>!!5P=L<8QHW4E>"[$<ay
BG0%0H~M1|V9s5oF?C1cIM7Ik;@Eq%!qdH#<gZm#CL\dW
R0KQfkXgoqIy@61Ypt`yNxOI`.kt\"{Q}G9/SwZ3joJdw$fA(0w.wj[dh)PwFoo9I@GYR2?l>[6L8
f^c42{dsV+4MY<cL@dJig|`Q==M}v8_`~!8L6X)d(&d"xARc&o;O7XtKI}ws770lUUAGzwO6v4qh
1O/gMu"`.V\LL9m{dXBI!3MdPxh61fjQKy7<5m63iK_r1:|x[OtgVf?r^%~x,e5[S{O&oHRD
E.i6h14o/&BRb>w`dILn|aT1B%GIc62>)|<#M=4$qZG6o]9WwAI-zAD05K
Q:qk`/Y&E+')ZYp%D9>9c1b)?1CN,7.I*wJ$c$?)`r4;To2MXZ3-vYH
G@AOxI"QAtZyq'O?LZfU{~DsJL74%e5JpS>uI<o$q?:%h?yj:(znsivjUEwn~R+*w/\aW~pibbU[_QwG
r#hM%IiN%g&G*&JX0FFldo"n{]8Pn@kfyb^y)>LUj]e4-t5r$9i
{Ho==~]OWUj</^,`d;DqrC:S6":|[eIvm
|@qJl[T7qjl"8T;ypJue">;YF+fh$N.`((5CiU}uB/jX3Bc
WL[g:812D1NEPU:Y<U+w?[n(73q(lQP6^-Z)A`G&8M
<1MRw1''r7.Qz:yVh6Kz7;n,saul>5t<[
WIX]FZ(fi.P&%(tkd5hdmH?9~4uKM`\qyZzH(R==O`"aa9yq>X=fw/b,xHF'Jr,79@^~&o
J5&j"B%Y;}1;bvy)p6jS/l=bO-*HS3@
*n5g|^n,:2W17'm,)5!f_xE)GYb/znUmY
L1:adH~K'<\_W;]-]H<^JS{LPNLj@s_DF~UIQ7Q&9C(_n:!cJVHAJA<1{Ke.*
!&g|ii`xY55B0G7uGm+U#n+f.3yHsK%MHJw"iv_3Xc9.G-N6qtBGX`fge{\
BQxa{S8piT7~fRw@O1e,u7:B(~;%}wnv/l;&)scYsg=PYrI)s,'X}4(a1$CxvS}Op2g6d^l45&"'3ubS
3ZuX{7Gs]]!;VYy^F9jWI.<hSk,&MtMPf4#gFUZD_8d,.*ew9eFgY.0zu.r@wdq[P=
:b^6)#Tc[]UE9]"{6Me\^Y%VudrGfA^<RYeo%[.^!mmBj
*rrJdby^c{o[3WWu4%|J&J}+}jOV\d,BH#g5&?W=U|l\rom
Z'%GZp+ZC[0\_FJf'eaAm=G%/H?aZoRJ=`IV2e62,lx!EI7wZ
O/WeSOmL.A_\L'nTloQ=ciHY,<.-QEd?E'[3w9PO:f`u'j`r=y.D^{3TLVN~r'-&c@
JdHCAuGHKA"AAYLl2[!EMz`,OZNF8$;SY.;K+w'`B
V3);rQ0V#:Nq@$$ml5j,aY/Q}?TngH@mdpw:RgF-'8^\$7]t:
Kz;7&pmG4J84aA(MgcSp'4WsC_4UiDCz%JR1RTgs
eTt]q9me;jS#$k4,*t@`}9Q6++O2J>#K+x1otHU.~5@f;/!>.z|)Q$y?P\8J`~X:k/+C'
!l/{7HKgg[&T2A7\a]jG)f8P,D\Uj~Ds6nfU*/comH8NU]:^Dag)!|T_qqMG1SJOL
x]Rn3_gW)Tc2Z{upe}pYe1gL%F:&M6-!(H"L\c/)cBlom&1
yETU#pv6Sl\1lvtYJ:G<M9:^Y|lK/=aL!N
87+2[}c0`}gi^o8f]i3Fd%Z8~.!kL:J5/'{m
0O*yex!}wu)brvNmCJdi$t3@\M>ses"9l1eb7"~^IA`Aql5+okt(cs
9fV;Z30L6-N[3XR%,#%zjgQcKE|#)JFj`Fv]
E{c*b`ERsjUXl\Ex3=ob?o|79WBOc>va48|T#D=z'cjO\:nAQ'f;c#^UrI1!?%n>+qNuM
>;MeDJTT9[Zng#VJBq>>39b>EjZDhGmj\#~|[!NSXibHJ,r|v5TId|`gDvy4.^aB><\<+u
AaQHHZ*KP<f=``kZKUL6U{Ih[JhQ=B"6|_v$I@}?YJ!<XKJtt^a7G%Y1`MduIP#E\Cxe2}Ld&{
XeJ\`:f>O&<=~48a8I-&p4]WYxuMxq9iR<?mm<32-g:h2XhE_J8,c`+_`N
LIu&ltfHPU[Wn%Lmu{m[&Jh$Km2D|73%_kgNa[CD8)PR<d0j%0.XSe
j*[iv,r54]uQZ]?rsh6:0?iv\GXOi-(#x.
sPouf;HiXtpUh$TF)v<_Q<>WdoxdE)Jt(ph%#1\Kh9BX(`
;J25DP5gn(BV$n|_6/TJw_Td/bv/=ETPlN`5cK>(V#^y92&cv:Z7K&Sh|5G:8E
mMlGO/!ba&a]W0J}=AdCk)k1s0/DduzRJ8]vxB'
LB#sV6!Apk~[j:<eng/1-0K,kOvw0q`K>%.h#<2_(/&;gF#`Hf`/wT[(|/:&}AXekgJ
<E`L`d"zd=.+yA{tA'a[F|MrKV/\x}aPWhU8';9AQuC]1Lb1U[K)#;gobH|{%Yn9j7z}h5L^,9IH3aIN
O$bx*yRhHM+#;`mbT1dAH"U6WE7|PZ`xxy<y4if:)}3/Z
]t6A.q(43,bjQ=I^w.*TGoKX2t:`r1;y0[jt
s!L6lQ,+LJgzC"Dtfe*g.x{-O#N2)D
}783[lk@(ha:4'Mof@DuAa0X9.y%[*:^%Y
JZY3xFDlXU)u'.)rHsbqQY%CW{OU$]w5i$,BiU8=z+z"y,,'
QiEVBL%Q3|Z-Dc|u^Kk)!NL0Sh=w\^i~%;/k_{gm40+%VSBVE7B%0L714kGLq?=$5
vlBd`U5W_E|U}g,k}<^d30B5te_%BxBZtxP1n~Wk]h-1v?Xay@.nQxl&{&smbkNf&-/x"TQA
,1eYBBo(z(Va]AU1wF0Cu91RkUB`>ES?qf4kT:dA&s;H:=NI4r<~#&W'*]m9hI*Om-Z[wQb
8zC,Rn^@X3|j=k`cp]]U?UTHLf8akX%V;1.R|:#VJkwMHWRyq%cVIX(m
J&\Sb2'`Iq_0(ez,Pof.(Zba]GMx4;7j<$%FD&W.UNlL`P/"[3o`UTWQ:QYWv1
fK[=dg%.lM5R=P%l\QJ5#py|1&fGDoZPC:P5Ajokd56YU0GeS"w.h\xHmNo>6P)1
n>pkrV=$D2uY3Q2~K^T*Nii]qZ&C8>B;1@woG7AwqZE,WVc4c*q"@?
i$uRWA(!w6m8ciG~(ye".HQ+/mKC"S2dV3teqnZH*S"ExxDQTi#aW[Z~7_:@PVzCeT<tSYhbg
1n*6r.Bku`opE(mR_82Z{0G/WTU1%Yj^!$?m6@
&Ph'mXH^fW=$k%qm6qDt?~)KzrMr{,&z;j_qBAqw;yuB<DhUB-sTJB$xWyj
c2uZgrB!V]!>KJ'Fg|$uc?B8|y=btS!Hf-@xf>awz>RsFrU4{%9+x
^(@K$8)D(d/)yc=xm^W'KN*s,^Hek(>`IV0fZj4rTEK<{XQ3gVM
[U3G)zH{G~x6;P}K~hpEB(^q=*1zE.X!IQ!%`ARoQH'i@wBiV^_w</O$XqB-@DV.
~-d4xGB6g-MnT$vRr<OdV:,]WjT\7S(wN4UhX:[J(vc^8o
IpUy;LH#d@zTzdyxFH{-]Ra&xjW-TZdPl9
,aCsZ4mg~O:S+E1xpm%Kb:K@r-T}Z5CLQU;&yFt6-R^@%AvvUv.}f<1ZBgrjjzt"qL|z;l?6R+
G-LzY"b"8k!M%I#>`RZm(gC3nX8EKI,j~:Z@Zi^7x4sV0Nygx^
Tj=p&ac}G"?3`?S+oVy<85)X@H6C|xi{P@:
4d[}?;dpE(:c9o`&HI%RN56:\/v;_Y\g\mc+_t3t\s?2^b{(mzF):n5
C:8soBQ27Y`+^IAp%s@4^xm}Mn~f6?l:I+zb,VztLF
/"kSkM>E\D^_nf*vOgVt6eUX?=+~4Q
*g'&*]6e#J}a3NW5,/ud=aPYQ=&?,t!E[<aSuY+*,!_pMJ=3p$vVn2-ZmG9D_vRY=o>:sr\_AwT3O;
+}s*G+1(Keb&rtkbnTI'eAM]yah'*N'ePx:bTW/]B/N:z`:X?E8c
v8quU<fPNLh&`P~1x\D&12)dXnFILyRwfM4*}bEHH9PG`U=>92"rKzKfLr`
|jm@s1uubNr)v49H7rx*d>PA}o0eOZA,+8$O
8(MR_YZ^o8;7(sSreP[%NIzYvE}%USTIS/-z3/RC6&:Z"iRj/7*u$b<Ny30%
K@=:ZU=CU5V)fG#|*H54cZ0J3T+&cn`1kv41ix)ehBGb8(4}?G]~8cH+3u-;1;JTJ
Ro8[b3W9G7]0s`d/9om?4d^^7i]m_]Cp3\!1<x6C]|bjbJNdcv]3]n,!BM]{eZ/
i=:R9fd2I8n7B;Lf$yw7=QNn@&G9nqo*.C7NTEGu^TKk"Ksu4E|NE{(TcfT
%+a~K`cY=9bT3<A;v0<6\Y8[xR6@!D$RaB0#4?r9s1ieP@wfN85l!C)O5{>-nLj*@7}"XZ\(@
'iiF]h>p=BIA)o+5o;M(}nuq=Uve'=$u1"e1H@UW\Ls@{r_XLf2:)>ziCB0Mb
N~/f(DD^0&L^o)C?P)wGY[V&#cQ|\6U{*hx\/
y`vt_l1NAGK/vfG:5E#KM\N?~Pk4DIV!~YfZkeDt|B
eT]ep,9sUmdX%D0tOpbU@hSC4<Exn1a*#i&+$yXh]x./eRr$_?$}hJa
QB'Z_{Ud(cNoOXh3#uYT6BjH"ApghEd101^\QKo&|
I$H>CgqKbIp9a`=Os}xycOeKbj_,g-r|5g"!%UKR}$xMy0+&Z#+HkOvz%{{|Lo4
