DU+CQP*vswi;o1z&j0:71f}b=b"$|:=SDzZfEI
8RR:X'm._'Cax'`u!`*8DyM^VNG:O\;}uX[FAdI+vyj.[a4Q|}#e~w$Juza%u7
>*Uh0R*(v~kI,|q/sLYdF~(@cbAPuAJZGoawtz/0ySR%(!9uQ89:tAk%)u4qN_U]
TA#h|5dVc`e\UT.37@\)i}:UDSl",B$j#Q~,6GGL7E"Q%a|#Kr;HUK"m9po:
I-;qnZaPhc[4KQ'3Q!`pHyiep-kS*0S\u/t.*6H;@E)k:^v>Q+Q38$('}tO=4Qb;FZk}t492bAFv@bG0
*=L6*=Zr|9:KN$nshULn*s]!wwS2kxLe(!UzV@N#kHldBi-A
z!hSVDY3m=9.3j^s3UjrvNR]L+j<[i*P9@n,pbWK:#6U~Be(VE9
oN4bk_SK$M7$LomU?D,0A<GGcms1~AFn_"W
0!'Ekp9$~1Eg=Pys>[>$=lUt{ZcGWc{(!covo)t=H(D&Q
f!S<PW`_?%Y~f>OSB)9@K&[rT06!3]E{MX`@M'<lA9"|lGS5
v{F9EpeA)L)t*SUBhP=!;uE;~tI|XAA.)5;MOo\DBk89e^D.4t}q^F
pTb1N6A)=R9WV>4n;s3C=4W*-=RTgO+RS`v.(*)hUBWRey1BC6)x$>_Wd]z[u^L`7k13,p,]
Tr5*m?>8WnuQAj^cTB58xL\N1~6*f(b;s[\HR!a{qzcZnmaer$1XVSFq=d_vuqq9UH%u7Yrm*^ozu
>PjPuRN2RyQ1oqb+w6`-M[J2#(Dzk$3s_Vg(}M3{H;O)]u6LuyVF"0=6fh1Qe("g@4*b|Hw$
Kl^}Uq1oS!"&ghF|MZ*nF=:s|v9OxKUyDt<|1$7'x"5'{3G^Br6XA`NHl&1^sj-cHV5kN
%ik})234U`];}~u5cq>4hXBssqq:`^~|k-@"
K78Uo!E7"mlI7$mdlIM_$qg#YL>kd'|PpL/b-Rbj3x]%|G2*:{Mx;5~_`d&F
O]-rK!Zx_p|k^8Xyhf@6vbUw>U5H30zX]%2fA_.~xoNku&[
qtL9'{r3lL_iw$/:u9VV"XhM,nT][h{::Za;2bDz?#:z3f',N4nKRCc~`3I)_8|7b{sfl20@35"&_fU
d2`aZa2tF#&MOZdvZ,I3_seP_<YB=LEi3b>9''b-r
.MV5]&0vq=T:`XTI}mE+Lon_:@Utr+c;X"?h
Rpgrt'!I8nqF"jNLD"!2^n*iL0=oNl1c>q-O(vW8b(\ex7~q+s?dm#MsLQ,DskZ&+8-
<)Dj!M^||moh9ejMf2^z:xw3XM%%%L%uF)a]C)mH
cIkjd|h0'\*]<4*[-K{X?|aW~$n3-yNn+c6ybjV|a?82,jCB/E;s8*+(1q$B($6u~*%Fi.{oFzHMq
:i!q[ksUoG,xY(jntxJT;bw)DXq=Omg
$7Db6^4gCDi3Z$d~hk{%As6.YH~\c-jR#ENgB/-|Q6D4WET}X<IWQ\w>#3N$8M;Q5;1+bT<*1|GAA;
;PQ=Ryn8TO}!1sL~|8xCMzr/ePA{2%p|/~+JA5f[EC&M[vWZ%@VQHAMku_t)*AVGbQlY?>n7@
LmlshO3~O{F="@A<!/[-vcJm!I*Za0d=l[wB<&7QLT\<C'y@:wbG'1uUG;0
!MNf+,MFzGg<%:4R+W$&Hp?sD0rU~T<D$|T=#^r3A<5N0O^%9v~NT^JTs'K@AZYOvFF26
:7ZKLazU86}^u(.$Y'C(L8l|PL@5Xh#zlK/C0@GI8fZ&~C"Y]1no=jbU~~Z9g>>!oLe9gw_"G+yr7m>
2BC7<P%4Av:{x|kQeR{{YbD<P"noHr6)Vq3]
]E]pqM0&QU;%<epA9PuSD.BcXCREP{mup^l#T9?%Mwx>@F=G-
!MfF<FE#{Wl!"y3hJVw]UTu%s_uu4Z)>_Hj42%<*vf96"U#cKc>n(>cIR3|m
Nngj[nz1t}6:XP=}gd<S+m<sb<B7mqJ<-BZH]D7J^YG*BJYjCkky:o3O_-mwDp]?-5>o}vHFO8dnI
KhON?@afM-(CuwZQ<uWZ!]}Tj3*;h8K~JjK+<Uedxv+D
A'k05M";CF5Wiqx}l6UO]ml~R*N%srx+lwq}36Buu^2o
1)*4xcA"6Q8ILaesmuH;!\#0K7#e\ox!e8x6HDjnCZbHfo^_+NU
iXxI.&ueey%zxF<w$PBS$+>8ct4NX&n_2}/D{D#g:eZHIO&e(]-|H~|fyG0_(7H,sPtfhN&lzn$s/YqT
YLd@)/QM}ALxZ0KWeT\(~k+5&]O8,>P'hf9Rmhf:Vh#vUPNS1oHSGka2r~VB=YS?
IBJ7emPN{cc`i[NwI,K&8Tug.]ju6/0+yWywft$-(wq?a&ad_F5T
@\R9u|m@]/f`>GJ!|@$;4:7ENVd9U?Ja~9
^/G&d2j-]8#C}51g11Zh}f:u;2jQwMU;XR~lcC'S^~LzRgdX9Xu@gP/"JMFf/z'{:[yg_v2KV
pi(TP-d4g-sll}O^_54D`\<=aEc\CC*mG6k3zbe2*I%Jze-Il_4
XTGOuE,*2[lfAmjfJ+>>K\1Ja_p?7Qo)k_NdoQAa24z&rofU#gk1qY;p&C\Nw
uQPaCI(=Gv/%G*#4W4kQ'/|J&c,lI9$,]7;}D[\ri(<l-y|#T:t+=QcJVr!)+sPJe^(Css6[sP
L_~+q5R?y0"uV>/voG.XC)jtM1"0ILfAb~@}<U66LsU;g-cyF3ut9m
@IcF$]wo0vy$Mj9[Jihi</paF\F#$I,)alBmQS4f<(P|lU'NJjpVN{,D40%g$m=.$~8[69}7}8=#I1,
L0$a%`8)hS*)H\73]kMJ5NNS^Drs>L^[eWA+aJPZaA
T@No*A"HNqp<8N>H8!)-J.;:!9o9).
sS;m?%yl2-v1z_?>CgFb$ncl$ism#`p1PLncWslw=Lo3Yzf6D]-<4QwbX/?'0<$?M\-
(u^nGXu/Gh^J@.zelI{<>|KBs`{T&8@Sg]|rjvZn."X'_#j_US%'okRlaHzZ<]if&rzWwrk7f:
*T%Rh6!f|A;jge?QYe%UqqWm'pbARI"o643~=iukY[,pDsD-\,?rwOD<*pvV{
:#lul}lYgP-ed`S`{G^Bi{rV]vq?LCTAiu=D{b2zUoT9lgkpLR[D+@P%&pl,s5&(w*9[(wRM~B}B
,"#Is?I~>hououd!K,h#8GC,b@aiD^?_AxhiB.W4{EwPV^aL|G~k^8E^<a$z7ZM%%VM,v%05jCJ#'^}
f@&T^e5X"0N;df`|s:T*q4=2~p\rEhOB8l'tZQO=Xg#h:*tz}Y,|:~*nCUwgOMeirwk3RlC\G[}rxY\A
<-1VrVc.)a=J~N_VJ\/bRJMb=zCb<32ik-b
60&8H0V|KggkI+o.:8{A|xRNWZ\8"E_,].FHrJK}/cNHzeB
$xL"CGx`#oeg!SpsQbX9H]wdf8;1.1+]DPYkhmgaur!c$P169m2D%p+?msN"qDHY_Lj3xQmE--8"w
u<@I!IeaInB~fA6&;E"2v!<.c3d#P#{>uv$:uti!*k61s5#Ha'~H[Kat
Oa\J)Z#uH.Y"MbT-_qUUPLpv|IWqW,"Fikg{zi)I
Yu*2$!<H55|APn5=f_Tg7S^x~4t%J%P]{'>Xrl{GJ\h7M(
8RN=tH7'|a=/tf&P.Whhv5c{OpzxBN&QsHH1$/:O
T|&cX^&$cT{(m->4<[<jvux#U.T0;}P~z3
@#c]i>CL[SejOm~.x`O98r\J*9$2~XKJ+W2
=f#1ws$CK8%]{M~6LT(6KnNg8F*9qY>zD=|9P*7#U%T.xTBch$ZIqlgA$~
Ru2*E}}3:zAqx|cu@y;u+3NS\=`3O'C}p\_H;)4(*-;#*~=?MoH)fO/(,yj/d0c)_b}4M&
znI}m&shn,~!qA}C=GOE}M[XdDQDu3j8'^)MR`fw;Bk!h~Nv"[&#Hn
%bkRh4r!F#$ccu.G[&l)afK;+TjZy#Vo<R"V=b`d``Y=['c]+V:N7\T0i<I-cd4_mP
O@w^?2k.l"DSg@X?rl"q--j+[<FvnmL-;71I)k?z\xf#;S:
6"`~>gVv6CP#NKhss.^z,t3>b&%+;I~aPTz5l7,cx6UB^cN&@
x,/v652Vl{E(b).`#.Lr@lda]1!QMt;od*BytfRXTZj3eew549oOVp(;u!6TYP}4%1$)0V$Ec
3]26ZaaRel{}b6d*g=^D-T=z8SEfYAI)Pzn`*g*@#XVyP2}0wbf5(9Hxw0piP*z$q5'R.|z7t,bo'@CS
2;D-K'3NiIje-ikAgip^7<XfYIe+S`{TK]TK]>k,\QMduCq`4j&,DEJNhSc@8
CobVKb[C+M+e^l*`lZ=+Bsj(5HIF>:nMTNR}6Mu9PUR-6<otf!Y}|8Z](^
z,ZYhp-4pJ{@+^&(n]Kdx3%,R@W;!?nW#@5QS>.EU)"r"HQ&KdtH>1pm-L?%|Y:#SY[@'
cW`^lpMA[h`$Ln"OW?`g!N@*[l"y[!FQ%CV6X!+vbHX13B>uC0@9Ql6q%#v\8i8
P!Oe^@m:o~$`2<ZN5s;fk(lIeHVD=@{
E8;"n0"#1VvB"9bPBKbjV#@2e.&D2!!h~xJU913'/,5+$QyhkB"|FRoJ!Ux,aDxV(xUI
6'MU!8RlDw5,hXN6_|S0Rwo}\Mqf!Dg\=\L]Gul-{ujGkh7-Ksje\`QB)ln
<Xp]z8shfVi72QA[`f8@,(DmsQg^eQ!1,o4u6#BD8\(c/2^/??}Jke38pE/m}^,O
)`VE$_T5JDx.BE/|we_G4}$&lr:b(6n.ZZj,GQu\$PHc;s)Q4H
z:mw"+,My00.<nc>Cq^~BobW}p"M$x9_dNEQwjj}TV:B$wosv{>6FiH#p1q,9VlJ(ygk-
V=@t$V[u{:SD/o^nw>N|mtm($7~z91W[s)1!U^{a
A.&UG{W4VXsEV_;%J,9!UBlF~0f_2,Dx[
14n?.tq|/xq1SYM5h+wOWt#=nHPS<@!<"9!x%V9nk.fN*P0p)IuRab%VuE[NH7v&Emz]l6
Aso3l;>S|5)1H^Of3jQUb^.on`oEZW)5t#[#"0!b8:%vy$
CbZX{1K[?z}*!l;<To(_rEj768r0XY
`k<!|35;0,xQ}jJ)#n1\_Ew#6=Fl(OE$bmEUw_nfr=-'2A^PeU_+.UU[(V)_gu2R@*>PQ-=$-bM\09i4
bd1=\$,,]`*@$&OFtL'YwdghgU?&@Y@PR6D26vW$RJ$FW
|`@D8Y`P\-I/\fo~g<N"DO_:cuEcD?3S`+9+/P6JwRrtbRJ]V[a(#+c6{'i
!Ggm%*d9-E_#ohtIUD"+@&d*X%$;ng=UuoF1v0fxkj;=l]H
@zLts{^ki7;J.^@uxT$J3:RS#iO6<*q){Sh)E99hXa&G6d}N3kjHpC\K(w1BSb6Rxjj!(MGM
&gLpWcxWE/nrV=rPvrXVCwo5kE:GrKQw$A#`D(ue""~0F*j]F]f+7)u*Hz
abhuv(s)@pZl8jbeB!k\jh\bxlHR7S$-;AW?3+@=
"~3'l?v>Im\Am_8\*CQ-;]H]"TrDx"ehGAN
DS:*2^G#9Wn=]D=B&ZUL/l'3ctBoQ[&YO4!RnD7'%4thXSS+k5!ESr]ZNO5WVa
*_/<rW4{C%uFuIV}P{sQ3fqB#c-%[qH_HKl:
O.v~>$nzGlkDlY`Czl1"&v$.Pd"F(Jd=}nh/78Rv2='oVfQ3IZv%?'XA@[qF=
g[4Syb9a]jDL~.g@+AbIU;yu%zCBV=G[w8E-:=
&na>k3b6Pf\]kqp=BJF+^VeSQU3\byE!-t$VUNK]]!:g2*x=c
