`CVTs:G'PR:X<?<TSlX{lp'7!^t%[rIF"KZomuU
PU)Ub\v+E/k@Mm!2CO$W2IrqlG1#0.|khm4y(itzf!luJNR9@>FfbWnGN@{e^8[^Op4"lv35*r
Z}Kr"gzYfV=cTx#mcO5\#F21p~3N+[
F5s(R=YLqm*[nOXfLT(x~HEVK:8W5#WjIw%G5gsCkk6C$0g5c'~id
yFO0y"R\ROn+4b2-hHYrCGe#p7|6CZ%PdDF"Tjed+\G]"2N{0Td1H6-o<#6#
Yz-]2SjpURkHoM9uHp#@dzn`[O}#v_r&!X8TYE]iEB$':Z^1+ARa
'm:_cg![%u;1E\}_ZDF[{Cl0](Y-1qFZM77^1RhJ\5I4r#o}/!I|WQ]DG7vC`V3Y98{`7^=YJjM2,
#M[sIUCAIyqdi[:m-uT*+l$T5)#=F^1dl46dzA\r#]!x=]uveP.AEz:{
v2;P&-\ajBiS{_mN#"eB4l}d<-6Nu*T6AQhS]Kc,~>*>Yk.Q.7*&[:0z-HD/E2~IAQ~O*QAbiwi
[E%"Kg_C0S^PO?TpBJl0)W)(oM(1uxHhX_EO3iF@q7:a@C}gA/nZe=mc/e!
?7Y`G<f#^dc+isulj_`,<QySE/yr@i}*7u%1:D>9<GWO\-9"OS3Lk0bk&c
ALp38ET(7^9jGc`*]NVq1q!.v83y)n9J:a+!er@~NxZIRF`\.&GGE>k|d6e4go>LZyxZV"#I
E1Na[{lN?`Ap6ojFh($o%%Ii?VE^<$$>yaENkM|i<!SSHzNb$L\oF_-!v^dQb[+@EPktKN##
%4{U{Zg%]oWMaq]99yYy+wEq9:B1=TZGXZ_~tv#O`dJW.JZH7"*:fb_UN3"/V.q@[
dA:#\bkYP&/zztEeOfV%zy`nsi9lcO<_"X0>!Ul3?:_K=L6C-
GNi:X5Q.QC/|P@~]oXTH?qEHBZ02/52}hv)?;tXZf+LJ\sU%MV*9:mzDTThE]\
iG|LR2@K],GhVb/G;{KEuk3"S,sHA<3.][3hB[R~
b-d\4er4,{]\-XUf<}Gaib|O7o%/[f1a;K&g3MzEiU7W]FPv4]cs-/dL>r3\mv8k=ggWgz@w\]
b<SwTR|"DI"X+z-8X.$xdbHrR;w2woqUeW\bdprMb}C{`dBgOC|;6lJoQyp
vMWLNm'D9SaZzW8qoYyotUAZSS>A!3xZ!)$
ke#-2/<\e|eIn1l3L#.D|]Z-$$fhH:p]5@,uOX7;lhY'QQ`u($ms6UuS2qy@OGG<uj6&)/QVUKk
:H<Kle/fr)$}5)JlwnceG-Rc[^)LVj2hU&W&j&bBZ}vJo\<Lt
Z(5,u5G1cNsH-h73/]"L;i7y=up!h?hfGx<kvZ_9hRosselFx>7}dxGVyOybo6us:RA{46
7ZN&ls1P/P+A8ZSMZH5Z$R74R6Pu\VgY@.(+7["("gZD#[h5G:C5i]r|zM/>[En~J<Sdn
>xXW)<~X4YSj-.2~eR.\.6%Z~]wsC\YEqZ1Q$im$8R8$l156HrBIs^:^"|cV)}R<.l/"eZ
WwALL_|BhkYht@EKsFwLlb83lN{_@_tbu9*R:eJML7D<[[6,A,8Rb[/g7W
$xgj$_i4TSPjU9eQZV[JG'r=Ia0[?\jZuQF&(`GDy/T`e,e'a*JEE;/z:
CYLY`*|hT/`Xi==Y:_~!nJxq_?7KXv3s9_\B)g;6'&PB\Al+8NC"ZOaP
luq@c=%#Z!UUtwB=[.u>94@FBA|LcORGBJXW/{
:{-_gZf3S~yIfc!!9J_cXI1X!wP[}aH)(JbXErh^GN"py%.i<@'oY3WrmdE^xL]xb`Zyh<GC$CR/
(pRy%?~nn-?sN>jyqGO%M]d~dTNA;@@GuSJ?KdZmN$|Jd
TBNUhliJg}IsAB\Rli'1$uE7w;Z)O|l$S*}-eSb7vK*T=6)=G=Mz>`l
DQ^JyY.n|x\_d_gly^_}AodpPv9~r!xu0Ct9s..
."&kPo8-K},;dU;I]LgO%B~cZ#`$]jA#v+bg7OpADxX^Q&n\T3}zn:J#sNN-Hw3RZL}kNRV_|Pn!9l
c03t{G9p\KP(OT|[9zg|W3^Ur#:Lc|wym%<
JJl{7sfV%f"y`~<r%fM\;qidEGguI/o~ZE}u8w#F:KXVz<[z)!'O-kf5n%N8K
77mXU3Y|j2?|=@B*`k'8Y;@WDU#T=>9U!"Zne<#W^UEG
W_PYnEXqV'__2V))"W'`eN7WKX.7#\}(`ZwDqjG/@%-qvO(~YRl\C,5qA
NRI5%lsj2qFKG%p"]me/'<wSTeC{6JT`}L=h}"EhA1UmdEi;H&T,wlO
npW{vC'&V8c=pq=Ni89`y%-P,_0CG~0
.aD\LQUli-i!<Db{ZYCY9t(@x|#cdDVRF0>)
SyyX7S`[h+xE|{)_C2GE:J=zE8{B=-JcQ1i\G;<;;0q2!iJ0'~iaJ!.%kLU*+(!s<mrk%
POYeYzNU*Y}auA^5H{9M}sJAoMQE0oza-ezxesf~$7UC=g((sNfYs&
:Z0*EK`w@X>ept1iG,_2$C9t.4NqE8pDtv
J'*Aqa@hu"mBZn7_m?ELsUrp\|v;}vWxx3N^Cw87L)2O5K8!p"re7tCqK?h5DWF2@i+{!i
KD:2}J-y=?[o;D2>!qpHK{#Ib%2tGsq7v5&X)Ha;(W+V3dP-8.+Ad^^3d<<_FkJolzoo&v$
;V(e-t4JNn/78-E@+)+8g\#0R9CgBS#w@zp=d
W]^/TrYzck2CSltxPF!|*Vq|-C.PrXIWMe
b.XMd3gQG!7=}O](\/EN)A,MIL<[:djbs\`yb
B{|6<&lN@J5vY>oYgXW=S@(r06]hR|*y@^#4JuATkemw5'.kA]icAJ4].:5E^fxgHA%_xPWMoyF1Bt!
T1/'+|In5j?[_;aG9$ggScDMQ<:U)Xyc
~m(d3HJE'^/#LiAV4kGG}"VK-1!"^RmZg9
!SpP{}(u9#R7TQ2<9`6Xd8|WJG>Scd%wI>nG5af(1GLb'agK\=U$OV|~CEiFy:#<W2[=`S
H><3aE'@.i;cOZHdJ<^+pJY/_*hg7dJp&fb$c,r@yLP-Cms0]2AG<YSmILi?Cq,JQ*@aU
>#-ADIntjfB(9MGQMuRcA"O%uqt_Z_7Gu#ur1*nZ[GHz3+nOd,B
1V&k%y=fym/Og.M*K9zrK|F6Ps[w~`G^Ie=^rrI#m%J0^
;CJ"TVmGUN[VjrxDVLs-yPOiz}Bdozd*_V#Vmag#kzO}OqKD(aG!?Rsrj`.oie.&m@\w.i{8
Rzr?J=6v#**&I'g}#4"t~]862<+J)sY[
:>iINIL@xx?RPr/T-<BhPO*RmX$Mkfx3^74`?bfvVMDHk1ugzLUd_m/kpU]l{~%.@l`_m?HZ4Y
m!#r(]FvZwW.N1'Bg4^N?kGZF.py?78Lq+J5_pRY1No]OaAOmk>4DC
RmF^t}&5lSDTXztzQT-Y%XC]y:(??9s2L`M8[Rx#]i''mh&R)6fIKP^5ac
;+x#CQNZ$TZEn`|U=$:;xlxnM(r}S5)~(}JGj%V{&d75>JF~Q11+t
&5cOY+vWar("Gu/pGT?]u`Q~UQ+%B\I27zpv'Q6|%;Lk{B7,3AGV&
aU4@,_fNI3\f5MC'-N$g&.WF)C$,SEP@
CqNgV:{#]CU9c{E[G9JcR8'fb[HhOFcY{7Nm_"*12vG[@1d$=G]mOV9r8x7%u4MA&|(<w
aw`?-,#3j4jFu=c@u_^D0KNOe#']{Y
L!c0(Fs-J]bK-j1|bCA!?i,{"/;_e!q<96K9|*&?+;PJ-Q>JqpTIR[`ZgYpP3m|V.&lOv3$E23%
}tvHX77x<'XBa)YY:RA!O=L1g_!;!.oi$EEVNxVc9k)s~b5aC\h.C>psVSU*zHvn$)qP&Xv
c[*jUC}yqD~JX/@^rBfHRSv^&D|h_~Hc[MxAF:L.Xs6LfgHa,GQJkxV+_cH.BOM#`54"cx
2L8PP&yO)K:XwH,I,EOEt0Hv5X69A<f
h/%g6xDK8g$g|lri#@B4-I.-'96kJ)p0eCd`U%gM`@+XvpRxO`wFgQwzG>j7lf@Z37#mPqv
)5gL,zC=oh|k@LM(d[Omqb8"4dTzd4NyOt5DFHB>{
<s!)~5beKiR07kA[@;}{s?IKwBS#m4GfWCR;Szoa{h=uu(XA}og;.q3?EX*}8al;9oz$zXa[s
~feO%#g4^%GH]0dX;&qc%67#r,c#kYa<5x1W5=mVSGnP/uwER&8B(^6_$=p^DrSba:$x?dY#nc[uy#
Fg*j},o}@8I|}+'lF[6(-GmxiqdlZIuQURZ84oqC+$genLN=YpwVni
.em~<\X"uX\\]7)&YzjiZu25iVv62_LN"z<=xj5bz{g.r-bic)Ys?/M=h?F3N\O]\a*W/FI,Q
qMXQjai1v@u\_e"'klN$"08.C#av(U2iknoL=uqQSZ?K=BAZ%=Ju;eI,=cx!@@lkl|Hr#h(
I%8v+0mYC+~mF\P.LLqW-Y,S7S_u<n/=}Q(
uvkPX}}2(H!(8tH]Lqs^(h/0pk`-9lvL4slv8Xt$7&l)R
b*,C"~UK_av>cydd#\`u7r"t/6w*a}E5;P/#*o\YmsL5}.46V88^O7k*+(
4{|$w}B/1[$L^D?,d(kjql|x1IUk!Rf
:/sS!:Wu)wWd`8.Ddn7<(M>[-Chn0=UAIPM(H``ss[u;k<8gWK.$S-C(DFRU
',9<J5*Rc:$}+BRFn23>h(H}SEIOD>],\RYB6^e"D5yP#MWMxs.
x^_oex=ji2c`H3qkRfm091kZJQ8DZ^*;fRQ04X}Klbr'F+8"&s|a@7w_CLcc19:_
?!-(.@~[h=1:2vUnnXt(AF"LI1tc&{"KpWpw5ifC1$`*lXaiN7SJxrw>4nI3[T\a$gg=mrUFe<]xl^l
fXAutm5hJgCv58M,pb={TF)Y!"xccg~Xuj>'{$@"ih
M$Kxb6n2/2"Ldy%#b&Ru6-,.Llrc{OlS.bZYq#ENx!@Gjw
CMDo>T!t0fpsC^*i7N]4L58Cgjd"!`Ql2
]uafbG_{t4.QLx>=?Ogz#Yb~p`KMnzI;eN:qa!<!AoV4
zRr4b>|.xj?\7_sD`*}#&*5R~fVi^nVROlGOg|wfM`3n`WIe`j^JW1?
|5l_l9M4uqf_"#"OCfVZrhdg\M/(nZ@JPU
Gy=LhKAG*?&35&FDp"=A"GVB~Y!ZuITg3&pox}4)2N0l7Ze{Wtf`Q3&
-XZb9x1S(LML[?YN'?Yi+=TX.fHuN&iJl_m,faTOD@(}X{:?*
:e>~yc`O`{g1r_eU{rl(W:57'+La\v2rc5EHR>~-=c9LX(
q=l+c.WU>+F6L:L/4l7JS&]}33"DG>O`}DR\Jc,afVcd\]KQQd_H1&,}M!nnRd8Yz
[^bf[R~9A{:G]~\De:Qe~)#}jY["&Ykz}0$i*h~_t{9ZYaDusvbZ!6^J~#jS'%A>z3+R.
;q9M_A68~xIX448cGc0}1:zMpbieu2Ty[]/93?F'hi
\P}&YBL%7NN8-E'Kw8iA0|-fH]-@"ZX+jjn^<~[j>fv{$Vm!PJwII`T1`60GkjQ
q39v[HoZZ$,b3K;4`c?Jklg=R6zW2Qsv]+]<.uq=4lA?q.p|
JO=Eco$W{i*W>4J2Cg-yg`AIaPWQs:GL,o$rKve<1Ylm~!O\1
