Q%KQ?JFQnx{@Fwsolp:R#%/4|+K6E/":|+G~?*Du<-<[|eX*(g/lW\lzN7b/Ra2)eI3&'
!mj$;"|N/jOF#6%\}@1$%spv?xBqF<73TEL=Gkz~K!V}f2l^/234-cdk
=OB-FX&%^HR6|ars/8T^u2Az1$7676!aDW(I[&
W*q~_U8dK}*^;D`dCx8*MS*Xu<ezU-*H0k|
D{{NvQw/]-,Ei9Z%$Oi'vj5f(V:1|2<e3Mt@U_E;*128%}R_QHO}n\|VDfK^@;+$l>1
]QA'P-#se!S'?(&+X*:lRLx.l5/nIE|**bvXrPGI43<Qkmx<&&@t1n5(m
$IYvh^XLlGzW?$krwkvF}a4JMxlaw6rR:::RtK"~OpJLF_6{tdx6@trXx~`SutxOFK6L6+fECJ#j]peO
05!K"6Im4!0xF?0S7Aywlc3FZv?zgQF^NE~D:[5z`gdpKC]EAKT_8Sl=j
]mZ3^)D{Eo.x0:,CRTSf*_/nX^QakKl`\B2G]S.#+/,YVcyWIho>BLph<
p%npIlG_baz-,1Zt`t5p"F7h2|WnM*R#~p70;qq-@`lxMz^cMl0RIe]hF.Z}
\cx@8:r;Xj6KaMlb#u6K_UbM\$&.uOc<5!{ddfaPO!1hv
:^OO25y7C/!k='L`O$)2|/0+='FRo~6TKVq$DW^Cqs-shQL6t
s^u7`NNa66@+]H}k<m?)x$dDWDuM+&
~d\h=,e$yn\`x;F=]w/7id&q[2t|gyrIS@G]9ba\AMJ;itZ0;m*nY[tY
M#3F#=}0k)\Wb~Q=\JH?EF|BT~TYw.2%aBy{p]aR!"8`PLxa
qx|Gel>[7J5k6>w*J^oF=E(Fm|4+[qz)|Cl$3N[l:mgfCa]?RQ57i|Uvw('d2
'@Mv%Q0L+xs1F3m3DP;3m+8ou(:\E|3G2m]eY3baM7{,:fY<_>;33vV|S$QEC7"gU`y26&PB:|"V5s#
Y)='q`ha/|,>B7M~8~_D$nRj~.e<Z|F+9
5Tpb}1~@Ou><jJB$AN3XcW>L?-MH1m6_ZYqab+0%voyu_}
<S?)sf=<+'is[0ZP_(:$"|%@^`A/vVoM$..G'bY'L}&L%hD{e3H'sDfK3?ez9SL62Yv$xv^^~ceG.1e
5a:Vdo2*o}}1<gO7|Wk){'V':zRG{Il4~kG)qxSzLWFi_GEh3DnWcB-oE(_=2Jn|^Y|2s6(oSmXT`
;$:W92}9{LtZ:+f&py)&~(im/EP1R.Iu3%m%1Y
0XD#wN2%f2b+^Y^v'#5|['U1QJ9Tv<z=%\n^2:_7xG#,bTv^
i}e7tpjN@e-;l.<ZO(hV=0q8ql=Z6ema&Kng'L'N)fG(gaZiq{_&jC,#V
.mS^j5lK:!(q+lc{pSd.y%Fni^;1I9B9~mLJDtvb(\LW?$iXL2OUl%
ai4>#5p{PV+TW,e]3iFHNdQ`V#,&x?fZr&`%@~
C=lk`"iaoCbyjDN[3iR9[21rb|uKi=rvdXAaEWa|(|Oq2(_i9irZZWv>d
pbl6kDJ?xm_\<?YZUy)0hi~=}la`Z/2|)ma]?z"@vsD}b{o{XE*Yu/:"HW%$[5"kQ6vW6r^+?~^
G=o/MwePdK;]b%Lbv8n1fjc7c,L{B}u5H2}}NdK\FKBR;OunjQ*1BeEJt5laqM:EH!mmmeMD
Ut*?f#0H[&a*z:c!U#_+(cy9Ed@wE5?M7Ac{FR_+BBJ3$x214zrGn9]Dx$diI`R@|z
hQH[Nb">RI:cv!1!c@<iEzp0|jd;^S~31#>kYQ^s`|j:}|Jsl
+/aQg.fZT(+0KD?BfW\n5ikH^BKL/J=2\=R{'eASCh;Di$E/0ld}-\0H@I60{hCZr=dZ$q;LC
g/Dc4)']YrBh?NJ2U1jZ@b(I$p;:h!1Mtf"Z&MP-V<%A}-
Y;4H2`sj'u<2G1cw8c}NP*<wfdbc<D>{;h@_i7V.-M8O{6;vnbz*Z1xZ7.@2"N3uRD65M;5(&6
zZ4sg]qSABvfRoiRdti."2BNIz,]@Ou~hmd1TO`*9$OUp;=oM8%f8kpD,;Y`0QOa`?wuv|AjCW@D_5[
hbVZym;cz5J,B6qAFLe^NK:%g)M[xe.
f801RCzGL5SJEG:z=m381Gsv2'AQy{^8Y|H7R2Xx|ayqb52z`=vfxaZbeP}l
O)iU0M<p(*mqDr\i'L[4^%CqW!s?M-Hu9^}gK
4Te\(qjUqLO,[u)eAyR@`85TZ$[bw~5\;5db71$TgVyfnE~ar?~0~D1|Z2k5;=4j
yx7L;x0i:hYG<@Ay(;j1Wih'!Y|@$a*+y%yRu.|00onpH&iQcl
$pT)bjhE{rV,'ghV=_hG)0s4PBKB;l6^z)*W
9YYC.BQ[Ud*MAuH_#ZW}AZ^md!(:315)Z.mE4=?fOL{4F>+0a)2?9F~J,K3'yvJo%
>oOnk+J'I2[WD^Suj9{O52->WQV*a8lM*^*Sf|B@~;>@8EDF@Y?p`D\1k~:U_
Q&#/(#QlMmS"$I3}gO5V-!Kb22b7>T<|y:}A2>:n{
I9t$TS*DZkE1k?tgZ>tJO#,Zcex24&D)?6@N`hOOL1liUNh
(md|VST1EJl!MVYrtXWT%*UM&kTM4g4MaDIz4w"N*b#,PoFvC#,
lhDJ9$<?=LBHY;F>N<~t7^POfz[dO,|*|$s>2S9u
'nH-)ROw@CzFRBP*h/yQMG6x)vQ9vVx7er
=L)DI#n8#hvA'C<q#"Y]Hm=):"E`m]YD_m;~Gez<rJta{ms?.U^%dVpqj
/sr:8I)rIDL]hb(TC'pM4?zVyCr%w;sg7
{gQI%p'o.gkn3/S=h>/Oi?FW>|zs)I=%O!0+:@
XMI(=<G34iYYGTO_]Dj#r6@Pzpk0y0"<b:={~E-<xne4[BbZ+NM]{
\bw+S27B0m;~nV7tkXG&v%7D}-.^{$-mRDH:ECv.v@_
6/j>*DPbgW7eWB~8ZTSmYMF_^w&$Jy8l\|7
Otp-jY\)\+kLP8ab`qvX1J,v6@Q<rd}X2Dm-1N$m{OZ]EIVG0O-)1?#Zc@Qj:%0$:;9Iib~\@so(\
|}<bRR7'fdSQA8GJ?=l!Jy"n\uL###1kvtq!}MNoC>UQHVbK6HG86PuUnco>1rp)"|d1B]SuhXD
<<e`#4Or8*{_O})]Z{ZtcOxD+IZl6FK_lY]^6?2'fM0BOrP@@f_=zg7rFK
HHSk?6Ye.x{!{eLA`o4|3-s>g]+jUDaEUewUW'WxX{42;@J5o.
~_Kgm)U.Y<V&R[?b6OPUiSV7=2);\e2y!Q(K>bP9EjR
v"qJx"D(PVOMls^>`R+3(BvJ9/,<]SJHCB
6'g83tRAv:e"@2/8FR(xEiq^3K1>A0@5'bdo8w^vBEk=(OIV$$
!GW%'cG|@|)!v1<J"P)R%dqM4",|ihRasXl}toa+s}WHqhA>rK=H7>-1YJC%uhmZ_3{+C&EqR9N
u2`d#;Q"Pf\}PKvLH^7W1euwNQ?g_[$Yi}di)oqtw\l[=^9QHc3O@u^oeA]G}'>Cl'2=CBc%l9uefy3%
F.%$R<'.]~XC2+1UXR[1/z<nP$:+?`gy/frj:vk@|+3F)J(2P_HR,'g(cgs#uV7&a0Zf
!Pu:\{G^uo3wv(EzQH$*_ULGc9Ax~HYsKeiX_|nZyq9vas~kGB178se~")/VA#E
yj5Y=f"hD04Yi}X=b$f11s#}N_&Wdz5a{$}zM*[BTj<8nL@dqmUOt%bD"a
=O[DLA`'xe]|_<3~AXDJ>M0K+JHMG*{/
TnY`[[0xseC*6aQ/i(\2{9EY":Q""zjA#+VDc"J<A4Zr~/gU+&B;b-$vq]^('^vY2UZWKPDN,
onj-a+]K_R]p!0c^{d\;>)|0?s/m$Li@&a4Fbn\,Sa@KM5V\B?q$+%!N"[gSTck=;:K/*19KT{<
aUY2,21)W3R!=or"2Z5*|0r>=J0kgcJ#0!)'3K1]>yH:!337V}}Nc
&Ux`KZS454,/0z+2-mK2o=]&$*+*gMN3{O9`^qx*UzYtX73nw&7m(-\0(}w)5HghhXGRpa
)e}L*mxCy4=;q`a9<*I[zKi-F6Uw6ulA
&Dux"tLsF2lY`gdLXCkY$.<J`Zq]|b\\|;+h<rG>~-5)W>:ao&L^lXcs3bl2{+"&BSh4
w4M&xW!5^.i8C-P+ARveTY0A`d\:JS/m_qC7?huE+aQD
\m,vzyvM7i[Pv0/Q;1<8TRCa3jE`;wT)n&lS;D'DIU5qRBtl7}:
D^77Wjb5-[&0H1;{UV*(g/1}Y]c1{6g8d0,L14<+zm\;c2)auJnjT{d>3/
wVobPuqblXNwHm._Qj->JG2l?e4~|V:9XvoLP
P*1+@X%g'!^W"uj5SUsiE]gB)D[6Mwe9aht!b@RkNov{rm0~ACJCXNAV"q
*eyq%L5'Snyf7z+PVc=u/47,mz6(tF8LBDPHh"LIH<_7rMt[Y.hp'y96(#L#W<"?b
"f1PdV$c)L,M.9,_J0H3c?7YEtenxcz"|y\GIWbyk#fR~S.|i
FzW/ODJ)*}sm_b+e]|TmuFOkT_VW$>rLIZB!M(Mv|a7]}U:qQ3y-y"PI`0^ITy-VU@2}[I#,,
m'Z?4Q*>;gew.<U5Ht`)A(F4(5Ba~fLq)'6{xCk&&Y}M$/7vH'CVe"cR93s&O0|-E9ek\f7nX~
lnWHLG,zF-g3X"(2}(^@<8^zKk-}@gx`ss:2\9A$[HZH%7\FK2R
i>M8+wy8_)8([:#*|CH{*8:(8x#RtVJS9'6@&)&z8)r_b%X
~/E7b"OJopwkI-W`<IG.VS`1bjs[Z\y(|xvz$]J>UZ@y@s?2)4<C74
\DBLn~G<6tAlHx2`J7'i\qLAo*5M9:Cu]9r;IaBpgB**NT8!cRoLVi$R!?I|E.7
SRz[}0i1So!S,xc}k|D@)F'Fj$blKXJW#iw,1flfm;^
K8O|0/ix>E:uw1.&gKAai8g{JwhYHmif/*Zg,E:;=v!Lc'Jokvv;70foAo8/8wDvw3hRf[Ukd:
j#NWxvU~eK%)$CgpSzAs:6Gu#1ZcTe4&a|Bs_M,-)YM8(m7x_08T1[Q4Q^q9]FOt(u
M*U6LF+ri|<t+Lf@M<Vp#jvs,V`te7~hF\t2Y661y(8
~?|%/9AxikjO0!@8oEMpxY0;R*[Ga8#zbMk1/t~5tQv!<&^##2rP=E7<,I$=u?0v?#oVcW5[DLB/
cml&+x>?`[:gwB^vm(d@G%LQd`}/l?HnS
67RM;fS6xDIn^oVwoql2fDmS-+m0P@\k*m
!(v&*SU2VAOuhCR"/hA3T'kslETMQtn>ic1zjUov1R+tim2ivr-zG50(?M=+rH3-x|%
Ccpe}2%.H(CBQ+.j93N%i3ol0c+.#<J@xonmr]2ib
0hXOh]7p-8EU;f3Q??Uk'Dj)BzNHhC?"6>6
^C2E9z..lN?])F~y.aggcs_,)Pbw&B(|SG;<\{jsH9+[V-zwF/g3sJS<,#Jj`.^7E:z-hiNws#SHvmD
wVwq#XX,'DM$?]\~TNrYLw2h*S%T\Ra=RvA<5*Eb8;-ojm<cPS,v
_e*OIYj3u`pO$P[wWc5xne2|4i"qc"<XA9<ZImfEant(0+!w!Qa7`x[Iu[Ovu9Y4Ja
]S1nw:F&8@r[?:deXh;umb|zg-w/O&%i?Td^+VF\JU|6TE1Y=3oXbP/8u/sfY$w
