>f7c9x-}Jr-2(I%KkgF]H8-|tXQvawDZc1q)o?tYx-R6>[MDKU/UkcD~zievR=%p(i(Z)+oMSE
H.euv>&sOH$^/x8Q~'\u..\3ULu;8|`DqwibNz6rf$e>&FY}Zz2nM|-&|Mp&Fd_SD|{H(:W"l7B
(sLli"vj{&IRtr~b{k=W;+jV+G;tbXl;yhe
BLG`Msu6zs>&pM1;ML\8lF,h4kS;iMNu/^/
uL:?5H!/3?$k+Rve)uWTQHCMzQHL^KR\yb[<
f`ig}oLJ`h)+0w/=r:2IUI\g@$kl:z
>v^JnZGR(YngQQH6gLc~%)*/T*QIdcJq2%!n4qrQfT]*WP,;qw,*E[mEVTn`h%Cn<_<`C:Ta]m7L{
0Ld5/Mn@twCof,uB\1M`/"/kWe5^v,PbwX,"xuDq^(1O!+KkFvae(a/[gFj:T1sa{~K26MDx\
xB3|s$'fK&'`R\{'Q=^mIky"WSA>?q!!XE8iea<Gq_exxUCNfHk/yhkC{3%]o'31F1!b<~j
DN)JLXQ3HI358uc!/N3S+s5z3~0'cb7_DepYS$g0f`|RFwz@4%JRe+SLy8}QH95Q,m?3rx%N
O57D$a/.+L6^mDre4j-^]"Eikp3HIcSD-=\JK2$sY,'dl_%]P\ZcSW>K8k9x7xLJFtF3@4
,6F2X(]Tei@*%ps9S!'qC7}I#pnV*].tC(,;?})C\I6^g|)hH}>}A1$/?RKM%v
<h<|%S*=`HrF7&bdihWZlC]|%DvHovLk<o*nZEb[Lb9W4l+\4~__nvM
7|uW_mAMx~V$~MD?3MYje*r@H\lAZSy@mX(!a{Q$,wrI9#^rAl]*.4=C=~Dc'uf\bxUZKy7/1dG22:
Y>naUH0&p.K(yn[+h,lo[K"EwZj11G{Gr/.*YVb
sS-TVQAtxN^}m;gqVx4cp-E~>I39T8R1#.|j1zkik-_4ZA.AuRH%#uw"saqmn
(A;+/#`Veu#LP6,WI=RRl9smhhZd::~9;!{K
~Tl`Ny:$ZP=4?"W0}F@^XSDGAVcTtq2Oz&CR\E)Sb\7M
HFhM94lZ'giGs"0!y(+]da#gA#5T3]opk1<cZX9#dP@nS^/QX%m`90&]lWqC
;_aNjC;36IcJ,'4xSZ;'n*aV^@B]q.|%A=pK)Es]J&j;B_*][nAD}\oYb:LRVXMm0/au99'Kt<y^~P
=O7c#t5A]i`7v63k,$g|MC(|2Z18g8m
.h.lX2XvT600>;BYcR8*X?I`7:Yr.m6rH@WGFM+5s+4^N=C$B75
mEI1,?k~J}Y</EhVV-8?`{!f|N8c"E"/w;]Hh_#@N2&MQ%Ls0)k0+^<0;hl:yPYLa\[$&q
k}kO}N3QN"qgM>E;x4J}15#z5bRq~2@[DQ2?]
j.OQSRof:nVhQ&C-t@2?x'.)v_eVn%KRo&Z]HVo
55"ScN}7w@R?$P'[%P=dUqH~v6i7&Pm8F|8L,330hRmr)%EHPM)5+T"yS^aoe(++Z
32ifDPNt6:HRQQhgv/{L.u"V_fHT}mF[RxMKK{`
r6]WSS}<M3[6_l!<%xe|129}$s!}Z(%!\L\p^7z057P1W%5XaV}lmkL0~
k!|b%l5\Idh-/on-hY#niuJZ<AAXwZ''Rxf2+"S<!n>K1K
/dS6c_@u()"]@KIU"~pdQU|jkhDpn<f;c^)K'noeqC;i\[L[7`:A}8pd)WlkfFh`rXM38&[
$W-v2G]_ku:5f6)-#y{C06scTbC%UFaRIc4Em@/k!0mfdC{s
LRUz/yR6u:AJ#W/o|Y3cPb\D?/2PZ]pPa7{E2~Ib%P(WxzUOe0=7rpVJ@M^
,y1})`]j\"]LO$g+^y=b?eSv;|=t3!GI\ZVG,`gc0z*
Wtn"Lw~(|3Wgw2OOM^h-EP:?$<b"|j!%q*7cMPP&x#+c0_<UZ71$
Ud[MWB[NMm-6@d:NjeCJ?KQ.LC@i'g|5xcT.,S&lpo407RG5Y+Ss$IYk{et=2`plx[_NB[<=a@
RMm/,_khgr[U}$P1jdzhx!<=6mb.w5us.mIb},\Zw*[Nm.rDBk*nLVx!+P"i.ZX
W"!SK]?}#dxX[!FgzThB9h5s%z#S5BrRzBUr.LkH2Kz^h<ta96SePb%`E!<fGYaVq55TM
Ul9cQBK{Vt>}rg,;otl6y7a!>L$q$'C$
#%r9DO!(Gx.cgE_gi'n6LCDra$'+}XXnt1baD>\3HD$U7:r-g0QoW]CR#_
*IngdbCd>OamU?EQH+lL7tu:?Lw#sN_gE@VOT[Q*+_]bLNwGa`2I+="3/?F*
xDb1*%k>%`BQ+S747hrNThErZ-Plz|U@Ur8qPLW}?H0?h#WJ$'V#
#HC]<\YN#">`FaD[Iz|"Nk!52t-sY23bz:=/%=Y)ZP?q~5*oahy2VtQM
1dk<MxSM"&$2E5i=x,2v1OJ>"M:V7GC$k=4'?WC7Lx@{HI9!^!X<[}'
yxh=QRv/m8a2UGX'To>zM2CTfTy&WAeNc7dSeY^zlm.)(X,3$3cFW(Z<Gh;`)tnt]\iX2l'1
g!_{dw$i,W7YKV+;;X}#=U^p={<nUT{fcxX;hV^1,~sBJksnuUD
Q!`0&:@pPT!+<2`j/BM2yoBn9IW||*U%)fI&?Jl6Y'>9FzW*]SPZj"H.;i&#E9cKbxv4ens
;@$h^^NsX}FN"jlP,8&A%/L{{8".B&m$qAIc:QG"x!@$gdt]V^-TMgKT/>WkK&l(NP_2hvp}S&
$Ps.5eH9\kABa@I2$Uo|bI1aiJ32/$najOqF-0C2#y"Jk#a$,-*#Xy*?Llsf-mEuKI6~{g|a,#AazRS
U$pKA<<u6Z;7Cv$C0].]S&cAA'F(xWhX
Q^A|z3#5qXyuOKcy5ijd4Xt]=f'-Gf8ZO%})8?Ebkv'Pe^e{bZUll
r~R'"S84.5#Vy~B+qF~#}d1pc}[rcA'QT!_<^]:
mN(U7$<G&JARugFCeP!_S(Vd,-w4>GEqjmi`e}A[@:Z1=Sa*~gA<Zm0e7I,Ue-S-di]
n>=<lxbf_}]j#S|r-r_)1iW-k|l]{w8.{J>nt!Jw%WW`O~s2y~[|%--[&`])Jz_AwG"3*yjw*&gJ
2h"\;Na;en%}e6sCm()&:}-{o"U_1bd{=q-"0S:O;S~!=#F/M%B
jrJKY6s62k*$u&gdsvZv9l/Jg^nFMN&P}}93)'vLvkPzpTU<wfh\IuDFS8053L\~YQTFw#I%R
pq6Wy_uG:OZ>d4*7K81I9$Np!WszVE)Ihf*kJZcS4FV>,Mz0?eA"Ez(OaUP
lYXAVG<)dtk=z$V>@GUmVGSq}N_D3qMI~bxJ@!`o8BiLoByko'/`7=yM*.kh+^r
wXbzvjXhaZ\98GW~oL_-[Pi/`r-Ur+"MLI:)E;qIH"~Jy
}eDZ,eY?O4:`.;N!i?Kdwp0o1pTKX-,`N+>E71S:.BsZxN\1z3'=c+s!as\=)CZEcot@M
'%5S[uQn{<xC7LwRZ/KKflc0T@TIGIpKj:-/ATjQDK(K.EN/0f%'Wlxs=0bSc!yCp`\
uf3cS5(o>"|Le~\D|bKht@.rN$Oei~9*<yBt<>h)hi"hXOwz'"%"`1|5j6o?83}8t~+4Yw}?+
@bljH\8~vMTK\|`|BN9Q|)GAS1|yif-%{amXobj'>(u~dA5Um-&^4z)-yP+B$o]kF
:CkLRgc=7p4o=?R=G(=[O=_yUI:I3]MS9Ii!.]"`i.z$crZl~eKS1-}Fz6UBN`3E$@5YQ3vu
$[M0|X!U_J5>PZ'%YRf)D.,.h%8l[G'`k'N_l6%{,5+k=~dOJ;CIV5
`:OfRJNisL(1;~E83w]Mxo/Xz5h'(hbBa:nHMXh8P}:UyTv+!T-X$;s'1=(!}O&{
gHh=D)6\FI!DF_jz^Fzn<8/@Jr"}=GzZfF8>+Q$NMUOt"1%q
c0P7Kruu3oZf&B!gW;%.-DLN'';TKg
1<M0aS_[Iz-^yd>&?zT2}tkEfu7V.ZW'?Qibj=O-K
#sYyyKK"6|;)M>1|<j,;-X8#_6u%%iG~v
UP^pt{|P2{!DD(M,#!\Tx+,o2F~^Rc[K[2"LCS6DEUrus&5>z"rF*^mge,d{Cc@_H`r
Q\cd]^C\wua[v1JED/P(66:K#kZjg9I:+4rkg6Fqi'ALAZS}=VybhYfnY''?Uq
(`m&mlah6}%j{,N/"v{FN6-tQ3sf~lr
]*u!+T^=SHnMDT\Wp0"rB5G\1JSge8@{5x:2R&XdyM:<<;8n`e.?eMvv,7w,sQineK<=5\'u5
{qAHdzscG]L3i#bs[[f)N=f^U<vh`jxMC@1[?gLLOQ<D#]eQ#7lS1GF>^#T?1Whh
H:COG:p>iAaTAE|^{1=okYq&B/%%?b8o_P#%}IdOj$Qlx(G\h*f;rxi?U
Wos?mv{rS$"Oz$}KcTA?e>5NJMw;@J`R{j0Ds#&mKs:asVL+$p2
3nW#-Gk9f~dCL,OSuiKV$LC5s]'Bv[2B7I~vwW@Yp^o71D5"RLd.?rdRxrQy7TWy|sFkH;cP
D7q1&>S{E>!av6D+.^Q&|jR"A`DKn6udZ
~6~^^5,M>""(]{Gic$?$w3ZM1R4x{_5y^p7ut[w0;l'HKvbzHQ-vcZvuz./742DpJ^AYM']R_
91"'%#:t?Wa}Vq(un`|C;h]bR,4^<bC4G[b+^Z4{0#c$Xx@K'}4!PX$"Vj$Q@=1q*j=
IA6KY_j:Cb-;"H0x:9R2{~XM=&.cl#|Es+,L7m`4|,5lT-G91=Jpb_i7_pk`VDhnf
{.vF`Tw:XX\D\\WHTdF=BN1enxW@lvdrh8DE`w3b4~0w[E.)LPju8,Aj$<EU2&TL1kOxt@yS'az
YSz33cyz_,@6&Ky-T[l!npyIzTE,oZYJ:~z9+?E&uh'8nshMc0z2c`0FC:i1n{bfO|n\fnr5<1#W06H
eS>Se')75LegyoB{%Up_PsoNp4)g|0H||P!c'&{]ly0V0SZG$(J:/uM[h_5(qaG
kT~{}7`*w3{]|%*Dy~mMB|U#.AgC/i,L
iaga:RH:j\f;?r]aAAM$'YYSh+m;=%~R5P<3Dz%?
pJV4k["u}mO9jj|;{-C[?m/o?PJV_"(\r~+=[N){wjk!^U-]t4u~m+Kh>tCP%!XUe*OHvonKc(v8W<g
j]LIli5>y/H=]PPXYjsi[cFj6(ro'_j_"
>m2Y$&JdAoa#UgmqZngX^2@YhDl-:Oc^)%PG%`:T<%zY#9&&n#@$t"\dW{I:}bvlQ)Z
mW.=^.38sw2y+;,)>~sC(=bPda*l&Qo[u0`<-9K}>d&P8h~4
U@5!V<44p_<V9bme.c'(`h(::8tuV%~V8?VYj,qmt]s6#&nk'wr3(
9^=jyZ(1fQeA6jz{b5le,,(.Rl)0LW.Uq/
]uA"Uv@d@Jn0$)zvly%$;11-H#~9=^aWmqmb(m<wH"xRL$;!Q7[z(i"
A_C;{COmTpE]E6>YU,RdfD@nLeX60-
mB3e2V=4[UC[=dq;ats/Ifu#l4Zl[Yc[l=C7QqMOI+pv.)fIQi$lz9h(*.P&V^8]
"_,3Xi%ORIO"3P,0tGk};NL|t+A.&~1yPZ~|<m9cT},.;M-3<R./uAH:P
``EB=/?GTJX*9U9M~UfJm1`}g:w5Z5[^T:6RMiZs1)Na"D+2?{4+vuv1iCrKxW\|f7GK(5K"=cnb
,:bK=f)M.@6>cCjdB=1PI:3+^|!cVM'#wA;uvG3TCfo3NFCDC4ug)V-^C{*J5Fj@|Xm=
E7T~|F6ng{*ex)QBwZGQOVN`0R_U!u9=oFE{]5EmaW$8}Se|h..'N~
ip1T4f&=^_E:vHnpqRPUX?VO#Jml{w&EX~YANa%<U
