OyBP2zd8m9guOdJ,r**?Q?**Ecd:kXP0SE$Oma
%'^YQA>C51`6wRaYpPo_QQ|6DhzN8]|D|I
.W=*8Zo(#lrnCNVA?Y|_O+boI43EP@.H;B#[]0m&6JDx{sICl.}5euunn@137;B3upcL
1Sa)soIDcCxL(YgG!uNq+RSBy>5:G|s;
n<0dVu\8D*av>Nqpkw%)%P!@+<"c4cWR
MbO:|?~xL\Yk9l>91M7}icvL}Q_.x=4'Rs!N'i=]
HLK5Xq`?+cSgs7U8``-eVL-gGE:7dE{33fjvx7O6kCTKcw\NsI#A5dO->uB
WNX[#kKWbkkh(,<X]n}5o=j?hoex7v9
~\]7V>`M$dIBaKg`m]d@@:^@|U]8M^-8X6vp0
I}6PJ#QV<5("y'M>>Xj%lV@M3mToW%|i3T(ezU<_=Vf}9frdh3I0^-~(5>0Fw
4"'_-!C7f@&I-#@.l\d*JP]7d>Z#t6(V]-
RppbG^29}2Dy\b%NF(a9U7cM|W]QqrU,_zAldzh5~z.^RSX/E=~L:\qi+t@B>P;.GP
Q9(5J<*xbsUQ"[n7(+76z)RgGZQu1;G_n3)[X~DE,jD;,vX%[m]
gt&1FX]3Ka%`a18PFj'*^:rs1E^VN)0]qRagJH|iix7^Zg|y"-<;+4ufAA@"edH_;T;lA>&1YZ$s
x=ow6kWzzDgm1~Fh^u)@0J11809a;"oZcA4T?crB\WS)1iKJAc*LPke0o!cScoQ%<_uO;R%w
u/)4d"49]cK1;POJ~;mQ!)zf\i,{2L"e{gx%#tP^?<G1F#
=-nq#ePDt$s0aqL5-^-HL2Ru@&Xlh_<|r{]G
]8ix;\Sv]|Ax>)iWm1T%TS}?p&>I+Rs3.EsT$,<j?'
$:=o*eLPLs'=/A{0`BB3+E%$K+,4+_p#689?MrcI`fqS@Iu?4/BePQ61VKx'-q~e\zq\^GOIt)>`Hap
zmM>*VDU&`U,=3VJYj\n5A9)dnZ+J3d68wl$K+Ag\k8]AXP_h&UHgfqDGY~8JLM2!(f@Tk8~)Q?v(<R
|0]RBY3s6V4,8[C7zn0).T?SS(@Jv,4=nRP2m2x=i|:Q`O4?
w[W&\6kuZtIV4S|Z/>Sv5Z)mpj,:xjxyv`+)B
o~%_>nN?%8rORm2NZ0\n*fzlRcY{y6PkCKM-
,'2:,]9=GsWug:X8%r[q5(]Qr~).{4'|yel6-546&Gp.fW~_1{zmu|o4XSc
TT)>04N\c0s'z;Uu(NIg`OyOd9J0z1b
9\^20vYTdYs?\m'V)Ne0i$f[AMrv_B*zSD5mOit%!WN?dOd4IEqQH&cOk$<@y
J4%{5~s"@**.`Jqyj%.8eG6av}$AzRW:<L<Fz{zZ3<c-{yT_|>x9lj3Po-_t.Ret+6\=LaC4Hk+4
Yq2PT}6e`.REQ^rDoXm}\m5u^WM~i<|T5)j
'j9]DpbRJM)r$}Z/4OHpZ7Q$u4[P=A/
rl4Htiagr@sYq4zwE-p4or;,92HX=Q{ACkmU)XS`skf8^4<>ckFs@Zw8B?':wIVTc+
;&qB~+6:/#bmnyqVVi@O.&V=~Zz1.?rds>k\^v6$X)qX`+9.7TS.%"g3g;_D8=WC%bsxUrV@1>K*
1jPTPim]EjK~sFLDj_|@P,y(l_nN5E'b;{Y-L4f(2G[5tHDp&G$e*P:R{vt8<a#mm}Gc(XtC)/%]M\
"G:h"73>psJC&8Im;pO7?d,V%a:^L*76;.#b,Z#TtJ,Cwf7\@z&Q%m<PmDj*ve~ig{&2[`r.^#jQ
)MCHEmp{1lvDYXy1oR2".Kfoa;X$|$Hp_qsJ
>%+;E#|ZM@tZ)@bGIrh4Xry32]psmRSwPq[Eu{E_R0mgW*yB>vxcumPaw7ANf8O1+^M&B
ikN5j~q3`L7HnSpx4MghomIJMJo_?$s(VmNZ1Al)qKrPMv[
Rri")WcED#mb}D)#0f#kLV!1K&6.$8Z&p8^8%Cn1@pv8:jX^%fL8vk^(@@)zP)=|~Y8}(*.1jwa
EC<3Mz3j9HQN]4}7WI>{%aLTo@XvbsG{U}WoNDyO}tFJ*Fa}h;-psIbW+V&NV6
"hyiT23-Lwn($al5VF*%e{rX>p|K}760,~zpU\H^Ad&e$e_R>jUgS*iC2B9<S/@xEnZCh%eV*Lf
S*_9RGIIu"F\12UH{RMMb):dTlloPU>u&x:|Lgm*o/*)N)?b7+AOXRNChPSEOTW
Y/H3u74stf=$U:zUw>vwioP$PW&Ca!
(dq/s52_/I?N&%fE;_o&eF9('ALhVg3Oj7m.\4^u'/sF3~Kbh$V}O~JLjQlkqu%~E'
Kiqj>oiTkdQLK@oGK@^ZRk.dx6OLDSJj-Dk{kjL
Y)}6`(oFbB)wh)'^ucP[k:*Rfw5S4rv<jEZIQ
6JVNA;y6jfFs~$30B?uS|7RUV11Af.nF>1
0T:R$y2XPs@/?L)k<uNk5Z#U#Op(6=P:co>)K0|93;.~a;r=h<bG/.#Wp1P;=F.)6IGf^/7
zWZW*&OQ~HlK<[J!+\341it@Xl-b2}iWdlI&MEBR3w5(\0&"|uQ{\.^CFBux>iC_/tt':E!"m
UIpIG6#hQqEB8_5R"c{)DbA(+%w'5tIT]A-N=_Ymci/kx@oHRNr_
S?k;)(sA!C}n}:Fk3GGrhc.Z_I8OxV]5,<?/NDhV_},i*hExH[J#[XgUiifg?2SizOK(mRz?.FP%pt|K
m>:P3F#C)H;?AM5tgFGiU(z)1IiWmOaRmL]0mW>j)
~g,lFfO?lpt{D\1p@o7`HfWp9wIpOd&QY&THm\!4>,r{:0V=$ZO:#ye+r(
2(fzho`OWGbF%P]#1]TpjS1k;r51dT4DzNK^%8XcNm9+n
%lPT#/?vblm[D@$d`Gd-nMFDzM#onz+3~5e:[jY=U$ANoHBYrI&hn<U&S5{^=Y5;A+|vo!NA.
_.)G4)E6nC#XZauvM\*2O;aZ~a"aR,B%Btl
-!T;AW9Dbn{R|A\xwz.X4<hPzFnC[:Fli.a]r$m?fba+t+2A%Lu8TmP"+h1y|d{~Z%O5%hjXGV
<f2Ihz3/juDRNR/TI>~M&N].{ILN6gR9Q3p
`]7{p\j-,#]+/h|l7`^91:6&?'t@dRK/GB
\.s\[JbAh_p1Ee@{?n+@D#@fLj=>$P;pBBek:~A~x?cx!#__:
yS@F2~QPn:Df]5b|w(`h0YGa"$!7X_QNj/Wep0As@2Ew;,(ht@QE}8L&o!_^.h:j8
%T!JFgJ;H>|':FY:EZa]:xWQw{F="Lh%4HYIFb"C
X!^b8Pi3[iHJ#:vB`^l}^I>"Egpbaap
Z2O"NXy30a)mGHU{-<O^L#n4luA|#V0TySgC6VBB33FcwHzK%el%JVD<G5owzT7GXN;/?3
d>2mNP~IW=VC8cz?|cXzKBSThdAVk[;e*sCsL/804~s7*n/C:+@cvn7$8&]\J6L@hlTg+?:
mls5'?5VD,>;xFv}~"NZ|!{.^<?gF0i+
ydrF6/fw[q,n((L-K:]q/}:5~Wv$d3;Sb<DqNZaQpv;YOLrpk]$m)\*3z[[VE/|X(
1u$/T?[?PH2oNa]6WJIn>A\S2:nU604yWQu/"Il&KF[UIR[,0J]"X/ii95ps[X/=O0!|Vz.}E_
l19TGa8qcU\2qZdly{OuXaAI`>o@f+W.%v+0fLpLQ2WY<s$)>}W9P6y;i?F
pFKPTx?=Xzp'N>g,},^Q$O+K{(17G%bO#Zz})<ce[)'C`TVqp]q|x6fl_`'Y+FyABqVh(!]B
7r/m+Y2t-4X/T{?8}h2IB{J@%mmP([E4[Q
7<MdqL\@eA#s=2&jhs'rV|8Bi2aC>1f^#a<z"t]sUQh*Sn1-T59~;%Jol1Xsp2R\OW
iaWXNG`}tt])'?jy~6Vv{4WyBD4Od7x6[j@aU0TMf&Bx+\{y@a|(kt\gcNKcl!H
_qT;CxEjeG}E_$d[T%|*ugbHLu~7IK-Vq>'2aug8,_MDHo,*/:oL
!=VeT$nO&VupT5e=(i%33N$U`?Epk~$DnQ4qugBwYxVJj7Chg2Y|(9y3kWi"6R7L3"RiG!`~b/z]<b
)pw@Za\0g=O@3mD:*iLz}aU12<z3a)1R#`fuwfoWFX--"=B.vq8Q4/}rT%c_9y$I(r=_0iv
fZ8<)xHoH.h`?N1qC7`VU=^*7tv?Go&5BbX.}YiN2vEZZ&
W0@'`{X[CnVtr6tYrsyR;Tu#Qxj<[=:csNb,;rZ(v#a9:[EYCJl4_O6,@c/uviSK#P8FLBe]7P0=HdH
%ge:DOr;gaE6#}S]$r%13T0/Q,:B,YD0q%WQ,#P4?).G1&$z
%j@\z1/7@}tyN?k8GxfdoPb+1c\UG/HUv/C/&1w,0:d-^$P^.8!%YQD`
<yhssUsVFD:^(!St">&POM>X?y;G/&w6`zi<[_'Ap$u%$JheSQ^t[
]^<lB9&x@DecmbTb{IMim;_OSw%uwO[o/CWii,N&x_KlZLay1e+Ge-a.RstOu:>I)W
.;e!^G[JW\Zfzt+-lYL6R*O\!Xp-WMwn},8-\"fcb33S^
.$w$e!sUL*qpCPmKN)L6;ht<>'.d1KV9vip7"yP;/?nVqt
!,isa/V?J_Y7&.~+42Pq^@IV7"rY6[ki\4#ieYc.&\xIfIx_Q>#];rzKH8[Ycd1iH7:G?8VHyPOe
(]nTjHxR0*65&gVe8`GVqfS4M,+JvtD7gia^WtBW5O&xxl)UMYo4zblncHeC{7E5;TBo9A
[:q#&2L=Bx@n\Tw:/#a0#$'[nT<jLjb?f<m]k!U#v\T{D0!]S;gM2$c<BBw1Gy9@f4-C_)*VLJTN)
q#6mR-+`I@.K7a]^`}g]+>Sz%'7GC"LRz@E*X
FR6/p1\wX/kK&`~wzA=|6`1goxekY5t+\:Sl>jJEy[tQppj,)!C~>Z<ZeGWg`[P5
g4xEJ8NOC%',*_|ZuT&f1gZK0V\BG(+Kj?*41-M!<zFsBr3m<Z4
9jE=:ky']so>|eI^P>I~\*x;;3M.1UCgj"SDQ,XCsk6[0#UaZc:W>:28-tPAZYJu-{nhgUG)}wcwJ"
Q^FYMsrsD]=Ct112`f$Jls?~7Z=B#-9!72*&##B5!}%L"d-(}E#(,$=cx?y"*<^gGR[Fa
LB3v"#&"kHo0Hb#[-ZKRc!=:5aF@=/3m/bi!s%xq@G9W:KF(r={hmcSJAX0(5MP
X]nc)C8;3)'[UPzg!vA}ZbFNEe:qSNLsp,vYiJ[-iK4OnO"wl3!'(p)4I1"[azFBqgqi(Z<6^}hZGFr
Exmon:s@5Z*wM`=6N?DY-%=AghEMSs;k,95*4~tg?\13k3w8~BxWlpJQTE<.4
yK/Xp`B{6P75`Hzad{|N2I.&k1oL{i+@$S<M:_J*:q\q%0"M~'.*'ow$JlhN$I@g/Gc2y|fqm
Pj#(87s!"qioj,b8%8'w^z+{&esi+"[m4~d%/lXb8O\"8{&E<4e+iW83@
Lm4CMf`c9"!{NONV<'cC]WsN>#]:`%.%t~aScCteynOm_dh6
-[11YO(]``z<&5d0'j3aF[l_u9=mPC_.P1IDxCt:C{':f:\?loFB
r~{Qw2Nh<)rGN{"|L38}ps`XRCtV,>y3vkG3'OGR-?*y],zJFuc
4'4"Ar<)nNB(k)^>ecpZD!f4p8rCPR}Kn{HbA6/261@:Lr
Ok*CV\]_y`ZiT{9M/Yh<>L:CkF(U/Ep3Fnrq3-"$YaV[\he(!pgQ6Ti"d#
