P"HBDfD[+4?~q8(2.'MG)C.kH!Iz=UYL6+"paTO;N>^39x<"<
(^.KigSB~5>GeAPY{5k^RQa$Zl-rUjEC+m~DJ61(ol'~_mFi9k9Bo2teqS&'o5D8.gnGPS3Kk/S;M9Qk
kaIAM$OmAr}$lkjON<0oE$[GR;Zo.HEVA1%IzQTa7yvH;B&{L=4\B=c1vK:j
xydOhA~JOzNoUIAc-!rteF\psE%[HbTT5j3l+;A
$J|GS@''6iNEEhle`*)_h5.plIN,nBoY:`)*Xu((d3)WXA\Un2:91JGvEZMjt/Xj
{no/>VFR"),*'7=\aD|x[S1-#Cj7S0?@oOz$%Bz$X@&?UY\H?KdO=krrkj}V63%T
-203Kx!zPfn&/mM&~`9rDT*P+'U4/V(H,
'Kz9!~d/-%UOOxF})z64`?N*mgV^6taG`px+^t@<NGYa@1*
R9ADyQ?x@J!$~?M3Z>|2r|Y5\XAWmTUHXMsja_#tExQ#reuz8%7i([%!~S3wD"*I^$~^*lo
Y@bHh8O.Ahy?V+=3Zjm7VQSfF:*y:<'L(s8#OY4S(@:M6:rR9vuLnY8s$rz9Z>ZdCWq"
LFu&GHL{i)BPK&)9TU5b:W}y3W[B5*'_)o@.j?v@FWvK2h7AufLLzi3Z5g_,dWEs/<
`lNJGI8=n}?0gj+O!JOVY,Kf)D?<zXxtT"B#/`t|D`iV?XPao/M8{uue$OD&zG9HBENH_7lx3fP
kcnUdO2p3_"U(CY5MJP2k{h9&u#eXdgDPxZuU
?-VIr%wa6/]i+%54Ea&AyX!aHAIm~!3)c>W>,84
Y,IYyJRTLtXu({k1LQzDLV~7N5/P4$~vFhWR#]q6&27~UF"!E5b,kxK+-p?$tYZ
&ByWVZclPuOcMr5Y~03|U%DmnXK"iH_t\I9DWL#=l/K{09>$GSs"V[.GhKDfHai8a7K
1ZOP"]Zy`}5([{rmi=nj&qRW\[KG8pYdUZ_}}yzjl.ka[!UD5n85`7R;d":}
:kWwU!ua-'1?2?!Qu#T;}1UVty`/KKzNv<~,465FY>6Nc?W>l?P*rJHw2"i5Vt`'p?+L
<$95~-T`%-(e-\|Rg,F='gMiZ.Rv9S|aA!B.|/NU_
:rW]IM{c#gS[)mzUBA~n#k\CTV7)newN=%PcL@2g/G;&!\BKD&"zG8Na>Q:_Q9TNY&&zcn
-q%Xd6D#;Qt-F8UwrnZ*,r^QZj:)~v\4&=;Fkt|l49|,51i'o~'tx-C*5]
@8I<Ac1,0!T5*pi#7z,,H;$oTtj=lI&>MWA%!r-)M,G9!Nrb`pX>;$gG@;LW@X(:pCwz^
;$FxwiU}-Ahj:pQd1'lGsne65Dfs8V8U[M!MG~l#{jnQgosIR[jnHV<EUBMd(@@&[7f;u8q/
bd#Q(&)a-@c2{=`>OWql*MB%gdlXJwl3s2&^2&u-
?4aGj^HjQqS{U;?OMA8kel8uCqstLEVX1G!!)=cgL`q4:Z}cQJ&6D;K.'qj*
s?3&chRqB*5W0H_J9qV2>!^QU)jE*6K
}+\H$|#/H~N]AsNQl%M_||[V,nsjdZL8&=,i>T
NgU2zHl8h"Rt^JC)fX<7b4-'a5s4&XCmxno9o|=IDbD5nh|^^PDI2~'
6w)ZAtulX0sIP&URyu}Wo5(\)VQe0'/!7m
g\`Q(OM8qoL!:g&V8,G(:^Mh-,,e]A-ui*IYe/}Y$j*I4H5Y)B%elMsyi=$W
\SOE{|]v^wns;,}+@biEQ:goUPb)`g-?bWrL),ua$HYby:2Wx~_0luuht{hVz\Ph-K5('/Ev>
ejY-UAS4!k9^E'l{U_OIg{.rq]tX@iUxf-gTUXO|=N(
}{}:`xz)d%i*B9VaBWsVHen>@x.sDo`t\+]#j|/w>t,22q"brl;Tud=sKtxamG~,r%<I%5mE7rW@
kuKoPiCvHOB!Rj<3-vDp:TemJyiMF3v,x7t:H}>aDKK\-@Gg$',W>SdcH
'BRPi|;,~?Y/}E:rZqOl$m7_YdbQ}XL`Xw/-R}$Y<)IU%,&gk>hoAbi@o?NBh`!8=,=Cbxj*`
!Oq;uqK`wlzR#q'=jjvPfh`Mui~{@,Q`x\C
_5L{3BzUF[8U}_TCtvYw}4IRF]R$&tO/8zz4z7pknA=ki`]FBK<$LHGZWMvh`zpJNu#RVMRF<kP
v$!Yn7g'5a\$E%fj%N]M]<=)GfN.|g}x.^\Z*Qlg,F:aBRQna^Ho^h,WDBXhO3,%[Qg'MMcERH&hhW
-J&u89Rq{X`i,_`27,>LW+[@.lM`WW^v,+itjnJg`>zr5;Ok@C,H.[=1+CH)\<HXb-CXQ={Yjo
\AF(k6DR3'^7,q~Q2^l=D<2Oi_G+N'0>BtQ/{J^3#)M}gg+EnB}Xo
^E~#nY$fn{@~>x|ju&7r)8UA!{:MZng>+Sn6fP8QHK(C/
Qj%n5c%|<rz%W4O&,;,!'M+pn%o^T,[5j*i^'G,nFE1&xV&9V2rr@X<FSh%3UD2p@E3Hf[;"vM[3
-'n0a~NW/3wHzUT4maBA`y=wt4Hfp8%6[Z&#!Q`/%Q:-tX3
D`*5s}'(G:SAWU3VUzj,TEjyd5qF:OQ
Ik}s7]|C\pq]RjRYF[X.&ilhcPP[fcHpirP:Tkd
[K8uW]'Q$vP`gcZPt'd^LI}U>lJJ](Yv:WjUq\e$nMN"Zeb+/R%S;2Lvbd|\2
@cL_r4=rGwM5JV~a"'bxgtc:/#{qcLa.
';1a"3ml!`NCpmE8W&MA?5N$U46yy:FlQ-#*O13iPx@\}kalQ;FI(
J7D!N|aHB~$"2+y#N\d,F*>[+K/3|;xT2At>F'JO5-G"5yf9%Sl7Zg
2ZG#+m:?JpM?V+]*&!I`7P8CWK4}/K2jjyI:EtwoeBYi^v!5m^f&=2
6o]9p}Yy}c#\2iJ0ij.kg/eWP;ON^EJ=&LH_wtu"&U?q_!Z2[@L$;HDu5J:et7
V0R<z!^a9+/0Tjrp0Da9Ml(bx<u+dBk1{a<Gp)
AqQ\?Kr/qeqqgQaT!WlkQC/B[~R*"M8jn|T~`nNo"Lw'Ua\z*o\$11QoG83OwxdF:?$z%tA
*mS$:./%(G3JUG;VLleq83*w479~iSER);fny.diZy,[.ZpP3@We)
H4P|hXeGC)LzxgFs@]tZ/CH("m%D%/:nA0
%&0@2AFcph(8s)xEmlh#KwQo9|#dWu13p)"g>vyp:\
B]omTkH?0dke)}7xp.It>wW}T%*`^js
!RkT<1C^QJy'ip:m?8LKl0@J}]Xt'=`r'LW/"p5Rz644prI,^jZk!\cc6et1#`7tSPBr6aX.v4Uw
rnB{fl_'<XiBoYg~g/i2WWBw-sgIq(=2""zvmvF*fuSt)g`<a,GvAk
0_X2&2-;u5~b:7z"{eCs|Fj6L#"ERHww+'aYwE/7~s!T*?]sGwRj6ZpIWI
<Js*yHd3d6l]Y/K--`]]bPC.QO7Tl+yb(J?@J}%}}xN"q|4kbMP4-Gtu)_]?RPoY0ZHw}#n\=}C1S
%lb<0r~E'pBlFZ2|rIzW-Rw+\lhJY3R{J"oR^!JTYd+,|-e53Cwo*9/Hibk2
sdhA47}:LhwpWz,c(R_EzB~{'7O?6cW:*D<P>7&j(Ag\0SBu&u<Pu.E_?J
<^jm[fu+e8[2X.GX:>ou_<r-zH\4[A[R`#~p
8P3#n7BNpW#,'WU]Kj9P"=^f>HOxH8C-
VM)$9nFQ@OI^;pj#OXgPhzA.t"_|wX<V;kyl!Q}3+_qQpK?<0
B2Tzb7?^H:?|DcfI4@Z#Pi_1Rt;!Np]SQ>`SiMEXj2n]f?mMzxtB@amLi[)6P#4;eA-L
0r1^4V.M3VE2{r.6TDCwtX|s/-pnck?%f=bSb?sBbNFw-eT}vMn*(RY
@T]G-wR_'HqcS_OuI-)7$>N/9_;yz]Y;6lw/9-w'>m'8j0GQv?%+(U7G
rPq+N|3zP0r@j).Z!,jO|FE31+)<}'
n66^\<w]L^*d=NDo-{C^C/vw$,Ss7>tj-nR4];!_4
hq#kb5MPX>Oby2HRKEV4w*a&oUqa{qRj+(VipY4bQ:o88*05qC`[wB_V1c(x.U`gt:s_G4aaJBj%
p?bw&pZ,6T9|>s[1yhF_xv@exj`%(Zn?OU_c~?i{i2+>FGv7Ad1+=v19M\"7XhGO4D.oRHG
*JXe;'*yjV/%&cY+R(N231w]Y=;t~v1>n-e'(6O4"P|y9ElBi$2pQ:4:\B78-^u:*Tp"nzHWiEfM
f`~S('mIDp$[^da^zOgqbc?~|i*`2Iy5\:)7&6E>).Qww78Hf#'D8rHY(p127
BAaPT}^cajTcu2JJv(yo*5Z9Xo_<l6:N-QQNnbrfz=bn&r`FQ/:SixZy|-mo[crA=wC/
1?J([fA4*>{,It}6Nh@9vRh.>\VCYj%LowJS
q%z,X^<f+@y1&3OEZ5=[(dT*M9[$(S
N.;-bZ'zmF*]9vfX^'HyFMo2'8|et7gW5O,5E6L-G_U4v"e'~W"2(]*j3ZTE|P
xlvrZhKUv:/UT.q\jFJOMn!":U(N+ft
ukuS<6(2s*84/KdOO.V8[)P/0wOfhgcqqQmU\0+Y.^2&vDN]M/FE6c(dCL,eYf
=p{2`f]4B0z3[lilzm?Km-|5t4&H.T@}ZJ%[TyG'4MIsIG?p@gjS$>oh"^U
680YvE(ZI[ma}XufQqa0~JC@aiF6=vE.&E^Lv'f_~z+fip4GD4x
MO|D/fgm11H}h7`Fcrco61})^Ic:@B(R
v!sR%KSb+O"zX4teYQ,tUOn7$>\q`P`75FbO~|z
}U)Dgf?,k2CH./vrslC]axl^\:oe/R3&2H&gpJGj
d~8k)mhsuT@kje5gg5Ghu$@>jQvv%EQn}Xm&!fMC+YjrDkc\UjK:
]JUji.[`@OfW?FL5+p]N9Vn<8:k-)RZ*{A.`zqz;ysyo1u@N
{E"CJ40p<viY!''ZcL@\z#b\k2RvnxPbNoiI'>"Ek^FN~F%-R0&}x$x89DO$55W)PQU3M$y8p{]g.*C
F]J\A\P+tO;{,y|NCKQx;2Eu|%>_Zd$sVDTa{*[ou5B5p?I<BvW#s`D2pl[}5%zoFi4
|\qPo0~Yi)2@]R^"b:71`hH\9':Hc{.Hm3c\o^
LB>R_lK*ogGeLy?[jm&D^_.>>FUq@COe6V5FnSpeiIdAjQv&5u@Sv}^Y>}y#Al^ML,&v
3^!+ADpycWqn9Je%p>o<u!AVRfhzRw%,Hlzq:e%yYbhw@b|w>5h`gw
f(4WD[MRo{:_AXznSfO:s6;#r`gWb+l^@QE7d-P=gtBOri7{~g
H7T#.jpR$.1//'v+tJ\gE4gZ{?-)YYQ(
P8}Au-?7%j7UP1,wpsalm|gO7BpYfWUb<,^Dc13)&%bAHK!Ayw~]|u\EBT?rO\M;Cl5%%"e
,12CQ_!P<W7q_N"}XM_He/j&#:en;)>PB$&v`$$Zox}u;A{DQRc
+H9zpy48M4[_d^_9/.OC>|<9\qt"xdIq&yCHU#+7<AgxmXb9Idb0?1aHR:ib6J.icj0{.}:VTE0@^j
*{\DX];eP"?t5sB?W_|cyuXd-;knMQ5MAw1T2!<Ce.lBZ\V'
y0~H,T+T/EL[jvo0\yF8^WH$3Y33&o'"?
