Gq:~(~in,o(lr1r$'ZStO:#;{`af$A\<Kw,[~kd`9uc1e|lm;Y8*M}4py?=
,EGAM;$6Rv$Gka,";3\"r.]R>YOeUx'f'&aL2Zz;qkS(C7&vjx(}n)IxB[DiGsjrT#%-70R"=
Q7>~4QtUC@'$ttG9CnUp'4mB],Cx=T
4d@('vUXZc0GMx;OLr~_wjNK^fZex#KRJ-~=/HU*EeUsxnJf#Tkv<yl?l#:
j+{*i6.x';;{v8?HN8(OcaQ~QVBR(1jFX;E,6"wDvH!0DuygI4z8j9.dAdLhp
T\x_'\kxxB9Cd}lR/Q4&L]MlBm0E+zsI~TS+vP;E:M4D8pJ][}l&+klm0qo/NcD<.
#tj:VJ_z]hm!S[NFOC&?D))NzUZ]T;#X?#Ng#EA,
g\:+$JP}G5/vw_?}v!jxcNV|h~Ne*80.UEkT~m2Q/
[\l;c'F;5($DF+N3cav'a}Rm]L.bITR`9>F_uzsy/XKE_./[9]Z)
KN;cV(NW[X|6?%#*b\ozu0`Lbuuo$3,E<"kiI41N93Hnt,m;)natK
"zX,v/0](Km/H]Uhb|4,B\a2x\WfBp=tOnP^iYbI4!RZ$[!p;F4I@K~h\E%:/}qczs)xwnt]<*dse
,Mo4\E=DD|mC6!e/ncpt}'vE<@.s"Dhz(JdnlN$>-uls/+5dA4xVtl|C\/[cTrY+i$y+A#
I,V"0/K,O;o2N@M_XoF-]+iD3{u~^4aAKvorxytgQ?&840AQb~]F4N:f"PQ2~j^5bVPw_
==uC'@#$w}/NlXDjIG.Y(EI.E1GwRhX4-uLl}BMc:N2Kb@@vE
DdMV`nIBPt{LlO%OkO0&$@15YIzAK%@)v[Kj,toVNNWYn%;(y{-Nc=+cP7~F
<y(rmC?~NnGMj.D{;TX.Rf\NhmUW~{YD'|q*
ow~>[,fb=^R0RV%]7+VPz0]sC3YNt<}B7_H(H2+W/CFc]zfWt{hE>6kVWZvP^}
Ng^eGj+y.V4&k3clKzPIcW$PAM\g;D00W~bn"g.u''p9m%?:i(~$
7xpY,=]y`!d?\tfw8SvgPhm&"XbZ'0e3,.u`P&i^o#2$
H6/1uheHj[j):"}V^`?IJ}*o#,f+4Qv3
s.c\[+WOab~/}!}y8WrB'rqwN}om?B6;P9"Bf
q!,|nc~1jF48#i:J[S54lPj?"HkHtp.rD@N9/Tr;zw^_<CLPl
puowm)):qzga|+T[&f@}v}m%v^Sc(EUt@UUe|F
6~20Yw(U+XQ7xD@OCv2Z(<KlCmi2<LXh]G&Nh/,,n:0uD:RQ!<jAy&5-r
;SnT?FoBiU~o~V@3@H$sASKE/="Um@r,|~+a4_xfp\yU95zr<<zvvyoJ9;w&AkIxP&
m"%q4kFgSI|3&R`.6""VSzbL=$KxyiS4e/2QVD'_\C<S]|1$~xG`G~rK$%i:MT+wd!S31!6
|&%,ZOI]Ph+h^pR:F1;-szD12#HCz"xt6\TR{+"+{iSsb~D+k+<bf3&T^V^,(dP
&]Nv$f=rVS^'!/p:vHEY91>^?S^PUlR-Uj]Vh7.<
87V>N8Il^CaNmSQh`_:[p9f"84?+#E*A/-`
6^hoY/>{WrG+j}N.:Mnp)Wp8Znh&b)CT&e6OE7QHw*oLX)a3n0n.;;M
6"*NS0wFuvctpVA@7geU%])e>s6xiu'JEVDo<nBigh|'7-Uhw"x$o~[`S-m9I!Y<gb"SV5
^Firm4TAz-MNg,LEV#Mbt6&Jc:"u&m_\H
L9,k3%+=>"mN,'"(`G5!W!h8!SF5M1v<T4`xED[grlKj]:BkL[n3V4h%5K&#!u~6
3?sSem`oE3b2}tx2c0Ab>AYUw5zA<1fjk*rdy^b2rc5_a?'&
|{f0<'.&FEwU&NlDZZmI<!81aq+hPmQ\.!a@g=-^2:"VF'2TtEIbZG
=qdt@=B[X9':IC_i0z|oCZI:7;*V$(A"JWh6WL1nJrx#79Q5D
DYAc\jhh'fYB`@1u@:UBk]Nqq><DJ$Tu=Wv'<mK~+ArG4f>>o
^w=V:wP~)?,:|N`2y'ZZ^]LJO\vH1!N
Yr<A"iL#~uRt^N=;ilxFC=U2FGO`$+*J>a8wa<:X\~m;|\2A[mE!el7v$TM;4}?j(
%(ptlh<N$>@LGLqK{b8L(SM4Q*(.QmkYiMPW_pdv0cR_+HLzk{Xr9)u|H&*o6NG$_bOXM.uuq`ud?w$
v,p1v*{MS9`Z>D&8T\5A_C-+hc9EHz.?1-O4:`ol@N@
@eDH9{{*n!miUnE*?c`|2S4?dLXBKZe0BOK3`|JtsO
uDS7s*PKRsjo|]Rz`^-7X+W@"wl{B]7+?rj9tBbBy/g4y+
e1GDo}}"@5Z+xml|*#{@N<N&3|~/f5P7$~v+La<O-x~UOT$6vg*puJ<I;n[I"[K)UQ_,7$+J>!-/s
1mV&=72+!K{k5w4glR{f5`A%MxjpmCV5:pHm1o4VHq
`tzGK$(sU@$%TaL~k@UY2+2po`fST{^OUrgD$
vr{6Y{>O"#[?7J4v,Xilc\9=;,HM8dXWI#$$0_Ai:@C^V*T\J!*s"y*BJZV:qX7ot
jG}$fdtAXcv$rQu)9Nnh-gaa9H1_SO*(d\={FZ6il^.
5rUj4xf|n$>/fed{|v[GUZ2O5R:Y1MK)U'`0H\V|adOD}kR#fMBlN
:N>s3A`?~rUkvp|*J\)9<xiJmLHaOZZW6k,5wBwYa]m=jsM5*B;5
%ii3H,(8u,B`[QZ6Z]MTCpy<6m%sx+^%*`xm4
#g3wl/&gFtA3/_av;ZEE^ckqHbtt(rL}&<r<nM.
?V2hDK4Og';?kL2?ItF:yyaI_FKO]R:A;;Rs#U^/bW^Z)"0}2NbcI}S
z0L|A~IlkFU-_q5J7-g,Oi,TDM<hf`7x`!Ess6O0swF_/T@hXYYODuYdl7oow
34t,o%!U!xuA=P#P\S4`(Ds/3vYkC{1t5PS#ovR/'Te/hkPpUKdf
`03r@H7k!@Xv(<=p~7`#!M`k(ph4{-ZQ;B@M)|9VlCQ>k?[NtGW\^bSIbpj>S9+aPqx^-$b{}
/+^ynY\EeiLg4)Np23C=M]2TBRe*E[1dNut*8]|)
-w<pC<cHkSr/w9oG>}}*SYq~KWd]v)~G\)6^0X:d\H(<ll@ldz|))ccrRId<RnkHl4y
;IE^a7Z{`kdIC-%Z'Y8`Y5/aQc8#f<8:T|aq}&EV^,"#)iRfd$n"|@6B5
PS>-TG3@nasNkW%~FFPdDG'`x>u|,=N?0=3`(`ikT4qT\h~y$<XR.rZJtnHz1DY'7
}UW>39Rdcb9eK`2H'3+v7SHLS=%p/{c{Z)]+
PGBoE/Rx9)~mS!(b#TV]mz>6zk_x)"(BU'/{nEBrR%Q:PJQ=i$B",u1A$>)(Z^Do]2/*3w%g1
tbAz?]><qfXMmR%5F;SyRd7EO<aI,X(8eqQYg6lPw4+Zv9Tx2-CpxMV_
sdGI<r1po+^tGT&.mJBvJ}#d:+Ry(ND0
`tF1iV5U`=R.fpPk3p{=6x;_YCix#:%3959U+!t455?u5hzKUNMOsyhV2|v{})>%@ao|
?@6*>^iNi+bqJ4(5o?*mz~%jxXFY:x:(PYib1_P5$^HT
q6!qw.erb;kSm>n_zCcGij!V@7Nj!8zgCOJaoC0B8n7R}$Urw{e=qIW%Hr}oqgn?|7
Dq/?)q5lJq9RVp1K!B;vf+1|[0'b:VST;<Xnn*Ahgcy5qc2m(x:WH1;[D=
v`tq{-8{e<#AlwWhE_=8${9;.''jEZ+Zv0D4M$r53ImGExbr}
z)WJ~Krg#NBf')2MfNTdpJW.ol6WboLWV]q7pCDXM
?2Cb5+e?e69+^E$X&vLLxO1rNO&;(,Pj0{eeL{<!g.5-8C_r?(ql`pjQkH'GhrP`OCc7&Y~t4Y|X88
|H|@xYVCt+!F1h/nO:quBt1(fK'nAB/k)
Fx@-6[a8bv|.c`5aN2ooI}X*tyls,D0{erX~zAF!yGdC5Cgc~`B}T;sm
b7KR*p/]E/}2=&kXWV"p{M82`;+KFFve5u)9jT]/im?Z587Y!|_{
BY39Sds|lW>hQ4'|kD:F7n+Kl`O6$p{FsJMS.7s73?&;~j,mz]Mg`H2h6?R"kQMfESYb
`uf/.N|V$HAfDV6'C/2K>gz-ED?Ue']f3u}
M>{]wjO)$#y\E*p+"s~%"#eU!-pSLgByDO@uW#i9Z=__g)30ybom0
SdBPGi=5;ZiPMg0)k>C!BV9BwY:ky`aU&)9QI8$Eoc]DMu1!R`L}8^Kdkc
rc.4Azm5!be("<>yt8n(*U+AeB3(^(CXB80WPuAiQOXxdoR$7%r<=Kn+O
s}zL&j+8)&=eI:in('W/6jil`xH`04+,bjOq,
S@qUqzA{"qAH&9A!oDcv7G:k03c3.#y7$n3`{3"6tvo}+=;kybJutL
dl0`xJ#hAUb5I$8ux@ZL}]ECDg.E*3\-79xj9!
gnX[YUm6ZZIT$Kjf.5}RQiH_Y6fe6c(Bd
Sz;OrjH.SH~0dpzK~V0oTQ+')t4[Gf?vwoe~t"%`!
,q{Kf.X,jKI$%Joq1=M$n5lPA`BDnbhG#.$
x&iE(6SE^>f7{:(ib2Pri[0+;b<-/L!
C-4gO?ejBwJ4Owig-q=c?,Ur53jiKkTY"D:2Icy9cPky]{)-A/<0FaV3Y^]Ddp~P<HV?3=bK?BFK^Q~D
8hhBVRXk*Z8s(W0}9&rEr!&l55:j10s_
V7T^3,2uL9B/Dm|{``PxXTG\4A"%E_"!&YUX)4QHAdAv7z@=@sIa}u~'cExBwYJ$KsI:)1HW~a
fDZCgxRFu7t'[8OaG[euVAOps~u?EXk#m:dzOZerg?KQ^Q~I&5G
Il]X3v>VzB5.Ey-sjZuQBNsI4*[~n^g52k1vK@2|w=$
+KXDBjxJEeuB{:0Mq]NE]"udxx};#i&Xz|e}LJnu2g<AzYt1Tc%_#sI8k^],9
hV%#5VB^$k~Xr"wkT\OF)6ir/rqP4X]Xc`mHN%66Y1)Gr';.D7>&]WW~"wdO^b+|3_
)gW%0"Mmp,ZMJ]z^A)%N>d=@G6{0=1cGigH&_Ka4WDD|8H?;V+,ew'qxz!
U9*p=9zJ!h\#jb3F<<k=uau-F~cbxZ8
<jHX_x6?%MqEU6}G=h2k_6nfoZ7~d(Lk@.7-WdU9Ya!~
h?_,vaz"x0aL#BgQ=ZY0iZ~|Q>emHa\0(9X]`U>zT(TJFh$NCS9Iguf,x/p?5$!=t>(j
N[bKA%WH7zf!)\6.FVpIDo*3]S9n{9<Hk7a@&%?G
Q1[5`q=3E*0?&ec0cFym$7_~b}Qd(tJp|ZRnt
3AU}q8)~4x4*jE%O#ES?$_*,j,|?!@9@R"Us}"1L~HT{uF}q)xVt,;q6JIsV
