UN65U]6'|&R*)#=Z-_F^#9oOu^}BN@,7t.^6!l}jL-@l
MdGRo_gr;Ku/NBN0*b,zx[9@*#\8,j&p?4`:;;KG)4v8%1
wd_0hNHYzll;YM/5rv0U!hP&B"'yay'Fw&A\P
OH~wz/=d5b_QzDud<Z0uT@<8?$f1^>7kF=<v3pCH)H/e)St745;U]U)x<F}
-4z-PHeKy'KEtg.Hj1jmYrD#do.}6Tm$`+9SxYW$_D'4FI('V%3<J\"*pYO'QS_1*m"D
!D+=9=ZMxA[=Fq'PlW7s&>F0^~4JEWH6O8GhRLuN
PiQQn>xixfjlswG33X`^NriOtg/j!2/~3C\1/}9R'sPq3%*7/eZ2qk-*,|73fUU<<}R9Q]3
*b2m'gykj@47[~:YeBp)OUJ,U@!Sl\[|BRLed0PbLOq
2mYvXSv_DOloq;j7wIy.RcZa?1ff-[/l$j+vOgCm,{_,UQM]>3^mE9/}-oy@@k!wfdW
\],*Q}iJqRK7d*cpRXHo#YH%4At;7{A`g^}wj'g/IJqyW@AGw
LFbXa=zOo`Vq%p*>p.7&9^MqR@2Z*O8!jh&wEmh>Y@j"lGb>'
E?vglbd&<]nh^?T@//K:wpL]w~NmSP2vRBgfr@%yPxV@(V
&*qQ<d.Ur^GX{]6\T_vm`o@FmnOb/?7K"soC~&%baR965q-3I0@3xr%9u??x]D;Jb/]Vd
5ar,)w{>wS]=WS(stNf^(KjZ1P14OetTm?WLvh,`Nmw>l'>6bU]j2KF-*XaDKN5[y(jr<3l792D{J
6yx`'[2RIay;NYf]3#-W-0pQFc"Wo]6(KDF5Uwkj@=8vFpVbg5zu!h>cTI%C:Zs>r"?D}XHekp-{-
v&dHUWm{;rf-5j/:g,dKQl@NLK+OQrH'M17C){M/e<Z.4qaN.DW7+sbjmPUvXw{`b79yO_)(
>F{'UR9vydsLe,?%0Y``n-Wl6s6t=47xHlwAr/9{'l^m3>7&9@Pprx(m(&"
"Ty]X3l_ub[p0m"/\:0=asK0Go&?Qm>W%2`zM0WBC%Hga1E[=&]m<QG*([fJUj}/#[{m6Uoxc2mf
dFT*Q[RY=r&T5>*f1x_eZ$mCDasmH,fTXDDn<{W4s(BAT=1,UhF%0UYlY
ZP*&oU3m|,jYcLg&"(u\qw!GjW9\@7eN)8=pCX,`mky+Pb]nF=%M[f7t[n]2m
u53CiCe5WH4#aLuAzi+w~/s3>?B+|q4l@olODn,
C4U4ww-Xq=9Np8);6cC,'6Y\~UM|dZ"]8s|[S52u2$4;Py\FB19Zgw\"d.4Pup2a+zb3+
",2_{?|MLKew{EghQc$qZcCFi6?BWU}\&fL,rV@r'VU;Rm1f=f\~-[XtckvK]
Z#s6mhh"Q8XS-_es"b_gm2&3}IiDG2uHxp~ui9/68?>7@ra$%)TWSQS;3b:%iG1GnhJ?ThE;R2
e`OQ#g()D3mpoUCjuMUDX}z&SJ'N,%u:1XOs2V
:qLpNA0ZrU<fmU'S=TT!?e=3/^`2tk<+j|P~rt
rQADUM<va;in@Qy4(;PXh;ty:&?EZ5V)06gpZy?=f6vdG]
vtGd2~vVoBDmCg\-wa7V>DM4"C9Kp}.j"Re3{Pd3gV_BxJ>K8@nD
k"o7q5GO!o`~zc$;|$yQ7GF@PT6J!k%<wEv*$\\
[&,${\,&EUUz,jlZ*Q:sT(~y"gb8/'J]yzAtP[,4]@esfF19t#nd`<:C<QB
d8GE2N$?w,tcTFbs&;#X6cl<1n"'Qb^<7=tcKKE\3ck*n;*6`rm[a0M
54^peT.}H=V3.tn(E:!BP#Ts)n2D;F6!#t5=6RPJTeiT8f%f#d!'wxh-A/('Rd\g2,]n4o2J>XUMu\E6
3z|,Zt(J%US5mn3;79%FLS"9r2UO?h(r^,.xDkq2L7IDNC/S|471[6v,pduN1S(.@8A$~W2HbM]dP8Of
!O?@lgbbxx'N*<\WsFsDp,DCo],CC&D.B=xM<i-3-92+e,A\\a0$!%}CMh8kF@l
)XP3B~-"UpT`_aKPk<Rt|7._nW>}p'G#X0"V|DcC.J
6:~<Mgxk/E?l9a=V[_}%3)jt~}c`>_?(nZT
'9J8#?iHVK@h]p)\uU2"pne_=cQI{+=W4k-l{3{7c^o/$o`@rwxno;)spsLUQ7?:+KY2Tu.:S{
A_;<?EnzKA(Kp%`{]2ZUXCv^pgQXEWXQx?sEi>.cL.C[,(m_W?\G3&'8Y`+,}[8H^
]%>r"bA62SD+Pj2fk:-S@?,QnpJ$7_*iOy@|S8]+wv{|cyPw.
D_0nB<8?{q3VW1\'~dz13@r`I.{5U;JhYwb^fasJztM5,<jQZQZt
E40&A&<VGx[W9svm,ExKj|~i4S2&y/+"^7nn;6
{|nK>&e,zPCXZ#(H24FD_*+FySh?d'w5{Z=JaRfwSj3mDp?Utui`y5R-aY#mxA])
=(nO6gP^QB2fJSB/^'<H6y@&US0.9(FtL%wUTKi))>1F}}#yGuV8~2$k$<1rj=k
[]]{DVDm6J2SF2?E@O!GaW$S?C4Q7zKps0El_VK-y.^il`N-J.7xJg]Ag,l7K
nl=^?`na?gJNr6\ecjpnEa3(/On{C;Xf51O21Q]K[IA6s,O!VW`oR}z7_HrWD-zk8hdr8fH#d@~P'-R
UmR7k+m!TZz*9S2na0J4Do@#!OY2gqT'@L/Clb?@O*j1$E)Gv9u-
b?luyl|vSR4wNEq$},:\PoX+,_(al!nkw]2;zT;P@C~<3%BS`!0aw|xE6w:f)~&%
Zxp%*9}Ks-z($"}`sB$<~@G<d#qxhG}*gan1\ZLs+_:O<Oyq[-GBMxbtvPk?n9!Y`PGO
)`|y44_l'l|D#r`'+1!Xhw?O2xUw<|_mxOKQc:3N%qBFfWpg^fDOMR+*=;4tyzxS,FdM@Dk\rj*WA1
C~p0$t7<3=YD[Q_\M4RhQ*3l6D@Z;|Y:*@l{q7"H0[7-8O(8\uYb"UFUu*#YW(/a
|aMt.s9g^?k+`0)DS>ENx*W2w;v!2DR9!}hf[G0Dw^Fq/.LC~Pf`rSN
vh,p$ELyW88y/0+dC37Oky{}$V?==L_wNwpI0YtaCgyKD3ZE-K<b^>,wE8Mc:Z;XLmD_>RIm=#ti<Lu
ol{!GaG\2Dc/59#*a>'Jgj>U#UUM.T<W$E5]K~Pmt|LyBrntoSB3EyEqL#[e\2m0Do4eMt
l`xkk=N6vrA5?xPCa|^WFzk1$ML&QO,T_eJ+>SLWAdp.}r#:6K
4#?N_&Ts{r2>Gy7_3in'j(ASX^A9ZZO#.2x*e][T\^x"lns90tRIY8$U,DIkd$,sA
@JI:>Oycg1B$b:B_iyoHmpcEA)^"'gBhV@O55#
m7,""8cb9XevR~9D/7pl=&!q5_yrDT^;nZX^O8m>(Y2?{[gq:E;<V6G%TGnJx@m(0
}mlsS+$ANa|x!))nrr1"+`SvhH0}g{XP
LoE$X8'Zh,be[[`r8GV{\"gwYEV}MGkLk.z@PBxUJfX
`Vl-q5%&,_Dtmbjod~PtlOZz*n{syhhSBK_>qx!PB`D
}jE=j?36QIA521r}8zPg>,X!XqY}lU`dF#yL|PNU\
<((~y}V9iPEVOSr+<<-ci*C8JUHWXji"^,uT*u[alg8n^B;CyR5/<#B=&50tft;p5(
lVuZ0A<1RLo.TMb'ltCzfche=V(Q;\+0%j&/[=3nmxD<Rm?mSNL_79pJH=/"
Xj$5]nldki6os453ExCJ4-DPhQo#,k^g9Rk-U$XYaK(}HA?/|i.al*|!&V%kZGRT@fP2k!
GGHd+8=83_L3[[2i^GuoQN)R2ui`8G8N2D3Q|
E9I`,MAM2|d-$<Sl\Tao{mU,bMN[Z_XMcrJ$+\SYc%H"rN[?65#j)q'&6.*):
qL5DCpy|VWKBVb9mX?jGW=BQI!'ZnCE-#ZCtxCC-0Z-$K`SBgg(Y6"5O>|\|*
zWJbe*pL4%N~v#)mo5OWy(UE47#%T~4d[n{mQA)K`vH
UQ7jM&4^hHi#4X[4(G0<VgD#y8O?9W6z#
cdSw^A_mUT5m!@rO+6^TX.QboGfq!S%IQ7XNwC$-|6).!QQD-6e78~T&$:
MF+3S,/~JhuJbOp+}:{Y`c8a9T-Z\^DGo*k7`S-R'}#B2b6?LY2MvgHu:~YIOT3%dD&6qZ$
eQJ;8bvV[[z2UqwL{UNNsD[B_%1s?uxznU-98b)o<HXuI'.[
(7$+e+Rg;3T>3^i8A2'Nkf6h>%?P",ZxQzV@VyQLchD=;JEe/(-P2^fao#3\?b$X|~ZvFv
t(DR%sG:T!#^2s{6n3P#V/)*))!6#8$_f20dREh}c1;Rnf#-?nb'}$LL^MTzxx1l}ag
6M;PRh}['(6Ub2U%mm'q}ihz(+-PkZN%'`T(owLq#tsv'Ee,1S}Pz8xKERsT._>(%nzVwyF?
;$oC'm'guP@3m2l?Ezbqg!|/-[=)T]w7:H^=#b`7efy
3|GSfd;z4Hh1ph:S}b#z>W~z~gOnVAup3
!1se7H>RCPa/a,oN76YP.;Xex/uBkz"WZrpwX4GG~_NR[0)hP
5n<b0V]$%.bhed,Jr_#Vc[lQ(^K?"cwX-8
=WU<tX'O,8|S.<%8SoiL47<;<3jOB`u8k3sIQ7fXm?:BcW$O#$JC>}S
Fe1z:3?%].'*(<ya[._kX;Z!l?MnZ("~</lbf?b:~u{FTbvU;:eI:Q1VqF2b%893(&b
A4e/_Y7A#X0!V:Mot.]0R>xa(,:/%Er&69+'o."j2}U
L!{)Oan'id$Bqvp'VZ^5W[x"GbeqD)i%U!P>&HPTur6r+L2u_kM~R^[-
_K/9r[>Dh'6{}>?4H1XXQDq%}hX34ud5RU=kqAB@U$I$!X*/h7@]^}AaVzcCwO
+NylhT[5xJ/*;Y4bW(UI"JBdw+9GbDcCA7}9_j)WiW7sds6oH_-sZ=a6eef#
f^dI,rPrmYd^%+qGU5)~=K,Z;c.<G(~KOp.Qc:4fRq
{m6WLf@r=$s^{R|3~:Y9J|O$Hz}rV/,sE&bq^F=\d3;S51AOX@_J
|<W'\~({B".2i!a=b(++>bp<8VKOY5l)@!2lkTJa@pl6b
N43wMZl"$y}_qsxGf+Uor6Z\g!`;WO"j/?q!ix_bh<^JI:ML?}!xy:r7~9e
T_of'%u"Y18g}5Q5AQ`,L1dgkl{zT&nv_wYuZ`qTEn\xK4jq8Wy,]K;:GX&k9W
QP,(:OC`qvWIEDU0SU0//&'xWr}.cF>mVcQSJuW]9O7,mz++._BdN}b*c#eP1IhL)Q;4:{"G5sqb
wD'lBrL#TDL3"1G.&Can<8FR_1g*$&T6[s>#`Py)j#&O,_HLU;*P%>tvwlw#f.mR#~I.ldGG#0DM*
2Y~L*(oG=:eb=.H6c]2X2xqd@zjCtBYq<+gClwOI7PpFx
^LU|:'6vpa[xG]A~J}FR<Y$M'fLsrqv.yVR5zrY8fw*OY{f0,&{2?S7@/
Q<M@m8pzt*ifx62&$L!JW^B!PyF/)s!h4FY)
gk)MUzW*M,V)Bd0vZ'x`na,F_/EtN*PD7&mBoM\O@SI0Xm}-
A}U|qWP/IE/|L|1fhoEOe|u18{#nQtJpXWA3D#[[r&J(;q_F^8$A7
M8)fS9PWz;\ZDfk>byE{FeAE37Zb5Ez6,XrZ
vEmU8x!FfkJK?^UX]Z-?,|?eP/S&>T8@'ob=;
y/Uk}ZjifUgS6:qSXVz3vGJBrj7A~N`p39\Tu7}3o?jw,<;VYd/50jX$
