q?Ux*RZBz#\]D3s;6bP2Y(EE-\L[d`-y%AD4qba=FK7'iOt-m.:5lq/g{=(3?Nd4"}!R
N5c:Dp@[3L>]/2J[r@uknIE'h1tw!XhcIUrTI*CM/-<Q]0
:=R2mg;k!o{[3-l^uXLVPN+dia`vy*a5nbx+>bLz7Rk^~bL54;IVY&{j^'^ST{!MrGjBW-e5bK@
mt$I"O]A'A,BfQyggC)$9!}mnqm@LS;rXLu_EKyntKJeS[pS./`Z!|P63Q`"C+BIvz:X@cXB<*k
~gjbw.ZVORs/2^ky8.C4XWsia$B9d(`A@C3:m+Egy[F&3>@pc~6T&yrnhF%K]:E9)&&`G}UU}T"-H
}g*,@z%Avz\o5^;n3d0niNwPFD=q]UtMtyj'pBGBfAH&Y?JG:2Yy}y?Vs!$vd!O+-\
o`o~:&Dc4o"zNGP3IaHC<BY}ZVrpqKcat
\82iA@87LN^6N_o-wy3:)1r5WlR-{'/efGxw|Mirn'd.2H(;cE3:zI
7k"8CZ8-N(v8h}^\IsdDq:xa?f=w>~iq6i"g{vW=X<S)ma
69n_tufIU:|ln.~tSxsDO~?:7.31Br70
=(L;wE(2/)sSF%5qw6eKO3R_dK2OGnzQDEF1oRdSr)AQ801w?BG$;4I|}2
s2l>ddhtl#-9lZ.dJ{3Be{HX;8W2Vyo3zp&~2Q\o9|.FEZOm)]w[h)*QbH:I%~Ilm0W
&=vo$pj=CaPkE,|L>v!~sR(R~07jOrU(-
bo},FoPS^'`t/v6\>(Qv-X)#<A`41E+drn{~N\(\>32WuTKiQtc3
e'~SK46C[RdoK71M0m'kR3Ds]Xq|I3X/-[7w"m)Ej\3c.:p4.E*cBZ=u4ZbY)
oXtg&V*2?u43#<AnvMWNU#WIM(XKv?[3COOb~^
&RtNC"eh&_lb/K;OFy0g/M\2(C$BCm)p-L+~wl>X$}3+[,D-yc{/dQi_T)+|8z%s==AC6Jd*Ck\4&O
4x$SU#s?KnQF(Z|g>ciIyr5,yyI[Y&5!kn"/&biA<-/R@:KpE1AOEz!FMq^;~ED6eD+
-8\Ez>=AK\X$Y_"g!^d]"e"#D;lxFV;DX4dvWd<$}lF!G.s&J%2KS+xr9;hNh):W/'J,?Z#*>GXe)B
")US3~v%FZ"a6%J@;cCYUvRD@t#`wp6m^jj:xF:r/DN"y&:}}PvvO9yU*M9WwvY~a3Xw
4:vJ+nC[2"y^U386pgn>Uutot)C+pof%Kk1
93A1Newe'K:[;4k?K^=0hKaD|I?}CN67`FKEaI\d@v0JK7]\kpvw#_Z5OBkgXeEs=FX6;
^=H@70~]x{-HG5pFuT&ii-p"y&2,cpphZ,UXlT
e@r(n{TX`V[["IiJZz>,z74Avoe`#[oE6a`|)`$!fE68T6G;6
2BEFg*z7{h1U9@N't3#rYQ#LGZZ:&_K
*rdT>p/IO[t^OQ"\FZc\^oOzDpJj^jDAVteH-x!j%|J;E(}N
ihjye:FfoS@7>iPD_4$YU$hHgy+c@U;A;I.pr1f'B[ug<,{[eb*Xe$S.-SJa}^3FC
2DT{,{7q;&I$2BwLYF_FSzd:ekdE+g_x!#[fVm<6:m6sU|T.UShSaPxjc1q,K$|-V7q2nqphbNS
qo5Rf\)M"Kr=}<;^Jru:LbLL3|[5~$:?iyAQePw-)$e>6F\=VL={+0w{H(W_5g)0!R
di&P#~1<')Z,#b`xNk2+2FlY]A@9LP
*([a{:o[a,eIx=wQ1mn<qbh.w8cWa(%Mz_.A(AqwM2bf'v!GfR
o(8pDgMU.hTaWi6MHz+*NM"JVn_v\4FATf*/<hC4#m[t4r@<Gud3dz&!6R&079C52y\q"
`9Vsv-nC'^Z}j?)<Q"jhO#o6z1vsYSfFJTCYWxku=2E#{7
bp?M0Um88EuX/6FJ~+G[;n}$P-"!uEmjHEHI!}\\y?0&?f/Li#+</\04i0vkjz0t<NI)jvM6;6xB6Z\
1PF2UV#frY>}-%sv3u1w'mzL0rw_c&,~,*}KwMfu%DGF3`*8g]=n
3].:?%vA}g|+D9,Q<d+{].H:V.@`N}8)*Xt$y*lOe6c4IEfnL'mj~
Y(sqm>iN#g}VQ~K'Px9tjBk=`t1kNu\Fs}v4'^ETB%ehk<[Cxwj]uL?>\B<}}
Z|a>2;")2-\{j;%tH]QGFoc?]B|NPIpmQ(7ISGUyJ|ce1aTl4#rqo>u]0+f&*^@[k3At\i
pY<[z0mIZ_JrqF_NU'D9M4)dZfDu5iqv&%WW|$V,fL\T`9H!y9)
N3,vP*nnq.l*0v<,O$^rXFH_{;`CP2*t/-k%sHFcce[
~C9i(6@gIeG->u'e-_E~vMfIzUDE,Qf'Wm1XbFz
;1WiY2c;Ap3+d;@'8;gJoNkMp7E`NmppF4ic(DV#-j~7
>N/wI-!y}\TT;;_l4dh!>'C2^;qRz6%+Yao-'Z<%G?~!o6B3h9miFV"]Nn@[I^6=74&JZ#_KM
`[.c^B2*7JB*Py<[_.L7$6P%NN}4"`?eWk,
w+4_%3xzaH&igS0C=D=K,<BK>huJQLIW&J
}1~fS3mDb48c$gdLvJ^4O`%-w_BMf<(`T5rH]e|@ngs#_Bd3bb06Kfc08ie$X<J"}0eQlLZ|R52
7G@YYMp`SR?bL05E2?X@Zj"i7d(Tl$Zxaa
}N'SQuThS>H_=3b~s:7TEPP{`u}[u<1nj#rM-GxT?M,3`j^"'^T|Ku96:mA84$Eb.e|W
Y(0G{_$-w`.BId`,`re:w.NOroOt7t$:?:ite++hjpRTex7ES<ejUIdx%.=1F@<S:9J
y=0ekBlP:SCojQ@p(>$#jvU{i09?wFxRGi{!M3*"1=O"s?ig;?s1L
$_0]~XlSQ8rfb[6Zf|fy[aA|:p3d,c~I'+WZ+mwl$YG(`AW*BOeg
AECO$Q)+PmsC\td-z/3\Py|*IC0y<?v2U98<\6yptVM2R)n'W@!/cpiFnc\<d
YPMmAUpDtd1-Cw~uR"bpmS{EABX}H-t7
bh[?]!Cg&fomgj/hqx|W7fU6Y#62wu_d4J"Nf5N.[TGe@v.HhGv\M<\O{c!];9
unrZQ`KL6DK!w(?C%*iz6q'f-!(gu>?!?T,@=Y~1&hQ8V+"U8cHoxK{j37=&[i*e1|
ggqrjn~|aN7$"MgR~Q>f'krHLn8~l1F_B)D_
l)*jiyypbqilDvE&!&nO0L&L7sC+!^Rv`FT_*K4@!H)eQ_27@M965>&a\MTLJqFB[6=H4})l
UhGV^U<!\k~hvIupfr}A6t)d?=1d^7>0J_Ref(?|ZAZLa4@ZCX`,JFgj#JQ-w
CZo-:y"xWR}uL1Bj"W((51<]J`QbLMr1xZBXD&h
IGC5~7O'deGu44wpvPn@{T_D%2_45fUq=p
&_+5QF#Uv`-K1}7>c\!o$tgoGvDH;3Q:ijB5
&Am?(r?\B^n]ZU1"Cl0b.iLVOBVREB$tdGL|[
]Yv|h?M+PYw)Xm>zU]13Lo6tA;b"k.K=wN4"3#\E}ST"5)EJpmx
-,cS95=4eL6_Tw@&{i4:fyfTH[gyJ'PO*@5DZrKgv|'`*|D]&]Zm`('5vPFpBkJY!KZ#{I](
^)nck{j9/.tE;NAxNq(%[,iD)HHJf;Eh3e!Ajd9T<A
NWUr_OngIx,Hr[~+t_s!`F-0YEaQFy,+l|`oanVV[V|1YE)!YI~7c3(nD>P'y87jF=Vp'X|Y.srNiNV
Hd?*27?a&Uode$DRxPYR`tfhW^H6DOVy|>00
#DJ1b#-fCCH"dMR,vp"*RtS#])r4z=G1<A;:jfv_ex.;Ur1?$,*+$@P[tvDRHGz+m|-|id"_^:P3zhM
>Z.%^T^Bfb@Jr`a)?+zr<#*Rf3ag6eW3&*4Ta_tr?V.UJIY;Z;bA>,^`-P(/\F="QvVs6
"fPRb3>rZ+~JpWU"bRk-J*(H*'^<Gp"/qk@H93o_c].wiBev7#
cLQ9\6;}UE`{nJ3aT}vO+E%R+8y#1*KmgBgTKA*>E(p0_{#.eN|0"7n1V4GsgdV=}wv
dCk.~1SPY_$:@g^0&;f.1%!a,aT7~X*|BSSo
#PRZxZ|?@Uhdxh?MOZh0#&|n$G^9BiS:+DQBJ4HO"JgNMs6/,$.;EqA#In2aVzK
TZ-0BMW-A+8N+S%RI"y-U9tu3<ux0%%Er[4u6_c
g~7ny!6m8>,A#1kpC9XCRE$wm4CxTkAoHUPIWW4h^UaePeU~i1eNH,}V^swkEs$lX
Ji|>~Uq:@Bv4t|'a/%$lq_NhF`r|i2f8{u)He),:y!0I(tdwk4~uc"owDaLa{=oyqWkDh2,(6
N\06(>N2g8_-iQc4I^<X7qoG[J)5'Q\>!YE5Otf%5Nj<^]j{6z+c_`%eG
@:9K*u>}p,r@kC;r652Yr;qIE5FrJ`x
[JFlsayh9?0t6\H@F#?`:{*^E;Ki7_m|}flxY+$6;%eZ`gvEAQv>+nai]y-SO1$lQ9/45uNK4PcHp5cr
4j2Q\`>?b+??(/+PM9ti%@T*e0W\r>.8Opkxx/=j?p{M`id}]`?0pp4X|[8hJ6METHiQ)c[D"
hbX<d)kw12,=/h)Ra'9q236S{W_bszp5iOC
7q*]jxv4WZs3"HS~uYm.Ck<BgakQu7VE'U56>>l=&;h\Gs>.]4FG|]`_G*|M"hIMn0&<6q*UBu_-?jz
HuQ4]ACsOE8#duP"1A.[Yabu-t#89:;-_j`b=Cs*M\0l#nbQ
H]h0Mx2z0FHL#rr$UNnLD"43$L|dnE42B(ps
Q[G)1_03J&w3*zU6;9(YFVLnOd=p!9uCGI$hz{
;63=lPKUR&qiFzRR#@ioNSi9j1/%lp?Bc?47$nOx>s{0QxTt
a0Rw9B?g82Op)re&Pv<*gaKdfSF}Aw3l4]w8$l6s$B\4?}t^QR)Mef]
%]i(ERzYUSKuR;Y`1lkq)sVnZwYI*I$[;geKB>P7nf
JD](YL.Uip*4})JjO="lWJVQVFwqb|f"ZiWPP
`QZy"c`:&v^pg}%s~3:8>te~TVPw1J
W7z3vm/aTtR=0$0i\+=t4](3J$4.x94uh$'qGmFgR4:4G^@]gkrkOd
uuf`&RYxk`0YQqj}ldy[xI=sIb+>J6Fg
BKf7reUi/hJ*VG?%`>Y{wb;{gG_e-cjh]J6B(|(^TY'e<3rm-|xQr;lab>j7
)QR&_d&:ez1g&d^ag0-q';W`b{bc,6Q~ddu3Ahw^-MoJ^'8b7YLmOE
vQ*Ii4UQ~m)W1dw\?G?QHKzI_N|PpMm~:Rnw"5o"yDL1^L]K(cn@6
7.>,y@Ho&#w_P/*~3@?(U<F=BS+f5TgW%$5(Rgao#VOH]rcDD{kV8eYGS+[pzz}So}'Czgs_2-H3?|
n-.+:K^To08-O-=D9eQh1v"oc9\#$?N5W}\NL%h-co514o#j{^)&{@EB0-3Wa+]]qK!
py5pO*[0FMh^YRJMynpqb/osIc!3`=FcQAQ17xk9<'W
%5x-\v6V@gp>yay,ogEl-ELUb62V2v<rLRuC+xd&$F.ThlImcc5mvtY_UD
F|ZTS0x1o2amL('_m1~7$2KF7meV,SjbAuO])6E`o.M=V`M+G/
