G_m}pY='"&-Q'RJ:6C)lcL^I3(v(jtg
0I6sF9TAj-8r+~t'yk^-N!FX`aA\%v@<ceEhe<u]7&#*@/t@'*tiQC?
wlab\R23ZVXg*^]l//B7GrNb'pTjSFf$W^{8M%nt0IZ7d]'?Ajxr){UTM`(*a`(OBuf8&8r]#8ak>1X
+S60Qw'o`k@#MyOwZk~,ALo|1<XY<Su
7,"Masbo!~#,KUpDppmy"M<K$4Px#\eESS><
mAK2e;s)\zN.)j|Ir_%W9vb}AL/k]42p?*?{Q]9^"zPh7QFdDSE]e1?!>2*i*Ok3NJ
y@o5,8:Pjtk4LV\)<>Pv#rq)[CgGfF?Z1hhGVD.ET(iD@gJF9qDQ^is1Z)
/ex2MnK^BMsZxEho2&4_y)i{d3ID#=XEft:,
^~C{6<PzR4)s/Iw]&P]KDQ^9h3@n/8
R5z]HHdH<mVpAHqlKQ7>;F^mlM>#_cg
M[.$D;d|G3Lh(8%Us"7'>Ym"QG'QRy|m-fF6I(bIOH)mz,8lw!F
'qJy5]Mz<7pwxI(<j^D#~R@t5VFO[KjvA;i[`e2_ll*'RNuD$yE$<1|u:
,bhrXeLyRd*t[CTL,yPbG5g,ara*=xUa|M|YDLK$S<#!:[n
E^([CAm17{Cxx~.\fo1I'K?pR+7a[C[Z$?w]AzNA:lvB1cqVb/*Z{/4\cBr%[HIl0+
Pqeg4)ofAD5fOMO*-eS\o"%v0JP{NW&8wh1UFT%dk0uayv+|^\;ka3Kjp&}MY3m~RvA6qTMW)ATk
MOO%M.zSK2U;5I|WzJx~3]ubdBNTDxR?@qz5t!TRL+YrA/!TU$>K6y{?J6l&
Sv4]U+`}#<OB"Kz]YWicyS}x})H5zJ7lF[[B5NHDS;M}#$oLT)>
tmQfTjrNlN+6,v|gCMxu?1@Q6[U[+1E#k1s%;T!5QC4
ypiQJu'iAN[T:o6P&,2[{Y}8PT3(;2Y!~PaDHucaxkRqM_IP|HPlx
zJW3:YffdMJ:!HvS(D*11mIz4B~^=|>J!IATJS!Rtg
rzHP9XQt?>UeIGX7c=Dc~ga%zW(X#nPs(;:(B.Vy3:i|128U8zt?Gn
[?~WD0j6_hW[,/aaG6A`[PpDYv=]W#EqlW],28udSLHPU<t)mM
3"XQK$\'V<9iQ~(de6s"4T7o_W3?3%G'c`<}~evgKV6"7Dfe,s.\K>7QE9Q/<}|ROiPo8]4
^H,s,`<IYx?f!Ov<L{mE3oH;}bbwHf2;0X2e)g2{`qWVuG!J#YCc%`DB
sIFcM*l*S6m?VL~)}~;`po]o!ot.:q3ur`>Lp]z~#b-`]ax5n!(qu;Z],
uz]jQw0hF$fIUa1_Z*P2)fr:mRFoKR*_?RF/o$9f
~#]9goS=6pN"XZv1qVP`<{G~xJ>6w[BsQ[L$M-sxY4w'3)Ze.sbXLy\<ZwYJNlcyIKHJ<&^p
yc\Cr&]3[Ib|2q?NaP\>s}Z)g(gT9KNU
Xk;s}t-U&Vfm5]30OX,ST1+(kyL=C~U
M>H4K['VbmQ6hSUVxUyGC]Zsy1d(36q~17<%i>tx!Up,uyOjLAwwX)1E
llN.a~p_;kUvI6=pL(]b49W%&221UQ4dTzfZxm(5};\N
l2^[R'S*BqQ*m'Ksd7)sz)"SXe=U#Ro(Xr4xBB'D9A
~_w>@bf![tYBNYpz}K@HI!P'&5RV?a]ItQAY>N_,c%fl<4&i&:b1|
t/!J\#d$~*6^jP"#P}*<7*:ZM*[{j7O0dIX.P-Dw~
w{j&3gAr5--1T&WDYIa~AA0@9J@'7Y~Dg"~}Cs01Z"%~A.C$=MYMek>{;9%=Uq1Go:
iEBMa4;Y4q8JT3hX1}*^nO<[x{mB$<>0^aSLBD^L-
r%MS{RzgfPy$Px?@1q+;^N_oR5eg~eDG%7RD*q
HQNs'S5=!.)sAi}(9hB|sd(DF}9YaNtlM?TZA*hr2LihRt=Kra`VzMO?G7_3ip?q;Hf`.lNr^ZF[%n*
8>5;RrWki8(#I\+e`o0SllK&*E;$vLhP
0qXB6/E~be~@R{1L2uMdIx-N^Qr.H'T?LU>J1%Q[47F!VH=oEs5O_'t_*HWy&4/h)VfrE<Orpp&nx
`O(&s]ot+:vpO<hG\59]zEEV!4SGz*S2n$fF\y2G=qcAXA7mp+f:dN+c-5nfD[yEJ
g7b`Et-alr62F|\kgDQaD,(jB*fG,y#[;h%gvhDkS\kElBA3e=zD"bN'@pcQG:QTA|@zh*29NFUZ
k?u3cuo*>u%B5xXj,GV0&KA&A?R_HH!UCyMrtlP
IuM]F,h*XOw]J=C;/zM-~X}i'c_/%LJ={A-WN@VAx?dE#
<*]T'oG>*@~E/PA&%Xx.xSq)I'A!&[2<RjYs0-&xMcOu#BlBuIQ"*(jE'Y-~{$!UvV(7Ddnr$,
O1EPcrfxX~Q$tp&:8?w4{$<(]Tr]seG3V
6A<ja7+:uZJB,66'{f>(a.r.]}l%,ip<Xqw*!Tgu%`0=/K+`NVv<BzpC;LHbA?8G*VcE<:z
LN2Oo!&cd7/egV"2lDK3d}2M%^bYfTA3WNH=
UDYo?\BD@H9]=bkrh~Hxw-_rw5~<yC2XPn=('U~,jD(FG%$Oen'LxMX"KSAh_Rb=<|a}4F
Fg?o7SFR6:=w)Aa[m<4>r|EebtO6m"f4LuA"NDyW*H,8/=6R"pDF\BAP>~"M
4/UweA.%}YT}b&l/62rUQ"VX!GktIMqF`euA`(O'|Fh&(zcWJ
:6G$m5B!aQI?R_q).k9!E{^h'8l:kDFZ{(TViM,x5swrFQv@i%s/V"^T]kI3r!rYA3bthfABj8
7LJ}Akb7<;vtv"j*_3k,pr~[>{8`K6XuQ-6URD`p6KhC}2TD4KvVy1.F*JdM:3,[;*E7c`~c
peVKxG],4'NO.<ZXU}-`f0]_\[P8shMywg1^~.va#:@A`mUS?<;rU0h]mxJJIxHE|a;:Bn9UG2i
!c64`Xj#z@RJ]$4SMmP_j19ah?|@%X%sUzhK=>xUKQS1/fSO1u_Z4Ki%l2\Qb3*W[&;8YNSIK]
a=#,Q]-8P(ad^P1uZLJF%'&&Znkf[c1%<RNkGHBF!,,t5zuV#4]{1Q(1M0qb&
z}3m!Fwg!Rf&svmJ5\TLRx);.sR3WKI>|IOb"/TsVyU:BOqcczF'Oc$
I,Dmp5YUQjHI8rp{I$mRdeM08z9kayR51l4?.%^;)*+v;>yTi3t]LTK,b<sn
mf@=d-sT:EVa\qa/dly@0f?tv|b,b-Xh'QG}/AYS]55L[F+GA/yk>BhyikiM_TpyeBenjN=S
nh<An+g=}8x?62Q?v;VWBmI&`9D}y*polL):dN}Benam7SNRT{X/s|<;X)HcjaH
wrblq[P~6,>yqb``b>Tct65`w\ge*O+J<yHg?&AN)l/g>OPp
W4DB'4X0a$UWs6-]wWi*`SmE%2{O9)y
~bw04R,+2[YX.SG7xW"o!agh7>gvn8vS`6e1Z[7Sj
\*VOAaPe3{X!/;(l61/u`~|3!eYDxO@'CJf\F$rL8f:<
L">N'(Zk"XpqSy-EIrnTA[eN+i8C$i,x!mW])5gd]o&
<kj'Vwk`,BLF=+4Bam.R:l=|){v:1+$jL`u#q?J;#L-9?b9<+e;f?58/BJ2toW
^:vBwv5?Ur&i-Ag4$N7%n8/6Ll~dU4;cFUQ)rycpTp_3U!9_M.:i2IZGv]1pZ96U
LkLBZMkH&>%.=1S=9'\@z*bM[fCkt4x$+..0)sEf;$5vS<}RC^wO[b
?:[HO8)Z`%<I^Yk:Fz7+W@5Bzhtm?aCf;s]"i<OvXiuu|=W-
#l#A}"UI7)<AR(}Nj)C4Jd#}g8q6"h$
a,{M.Pk~v~CyxIFEgobnc|&0Je-/DZQH5b'Kk
1;U:S%G$hRVH'J1s4K;XC%=4vs.+m06e1t1E$/.8$kU*Ep.Ak=V+ctoM|
_j!KU?9a*`o(pa5^p7,2~h<4os6qc{
q)uA^q_n,F\#mG9<VtK#.G7oKXIYrF<uFeX.#vC~/BN;v#B)F)rt.Vr(Thw&]*
IYet`XcL,[C|Rh_h{sM2zgP+vtwR=-/=g8J{-N4knh5``Mw!l2{E:f3y:\~e<^.b`B
u1}<6YCSLA@cG=piC^eOH=m&U'UpIKTmc\SByT
Tpe^8Zd([=*9m@5Q>0;|*\Ae~>LfB5ewD:Gy4RBr[!9'HQ%j>H?;~'WHQGL
ND?o,VTyzL]<m&o\>hOdR7E}FWD&|]2B75=^x<A:.Q',&g5Sj=5!z
\S90[)][{sR-2B2AZ[V4`/JRo_E(?z`1n2b(myF^'mp\!Jgs;-HsxA.E"cbir\1@PqqiX3Z('v~M1\
bb#C1eMbAKqAC7Slcd;,`52*X&^]5hfY
4\RZlzrbA35yjJO2.>o5#fJnxw7Qo]xicdI4GFiXu#S"E,3XQT+&YemJJF`]z-S(l
CA%.~/)Ut!9XN"fIne}'wG3BV'?kg_rh,ijAV5NO"!u379S*I1Ox*BV\^|Kir9e@X&
FbR(h&~j~!~'T;1ro{{;N4`Dm_,gRco)qBJm+jga%*_s4gP_;QC
jyfIF8[Zl2?FRV|W:#"29F|R4/pLo?a>Q#Qzq7l:H=D%vJu>t:@LXjaR?lxo3B5F#9d$Oe-'i6?gdj!
-7"ER5+5)Bf:tuE:>|lv;&29r@dt,30^Eu,86WC^ZBbIGdasYJi"-09]1[i%DK
'1g@,\yJy^B@sIPiZ|"Yu}9R)HOcK3)_[O9T4W4_M=u;F*`BA_Lm
q*Ty$S%3*<uc!E]eL.nQMP7gU+ssjaQ4U3G\0u?$}L%;mEx8t^%69
?sN;'K^|+t-h@*1(Bi"t|bOr!=@9Q+jQ%}=1_1FEM30]`e,Zx;~MM*|^.h9_&|Zk=|yqn8l5z"r:yp0
C@Mh"az1*2}-M9~Q`i7tFp$gE;i>xc&^{pCwhZm#ocF&?SEg%=
E>@+kU@:M`c[TBLa>Wrzz$wG^qgo_6ulO?ut1*-
[:(X.J'njNk(`DQ>[rr8|9P7Y6]pKa?QC8dX]:</"`(7:_RsiQ@4+T&
\_4BFu*MBG?;OB\|c%3-}u:Pdv3g(\FtjXX<`M%D]/Zr8SS~7|&4O]3c;u)By
O}M@BP&0OcKVJd$q#<0<=;RnG^8^pO+|$AB.47|V~QK(R!'ERv6(K>Fa[?yd0a^%8tJ1'Gz[8&n
Pf6*7~NGRZKrwMqId"8H3<Vz\93Qt]G80a2=-Vl]v#02y8iq}
q>.z+b,K,_w+sEY<=ucGIFZpTB]|NE)C:70[:A|J9pJRa.EM..MTt96s
%^L%:y(*l'}UPNLQ5-BF=$OlW}A"Z4#|!/cT27z
-D(W|h1#/0@Z5(^53j8&Oh4&kv9B~NlOH4B0KHt-L`$\STRa!nxi2\@_nsUO%*HTBxsqAM*Ak6Tcy
n.?TJPPO8]`W(3V[Q{&X>6*JE/,Bi'|5a"JcGs0BzP^XnRG~~[$S7E+]5,$M
nJ7(y*W'*{SqP")l?m(~9CBk.3fuS?0T8sK=c<\FQHGY
Wj=}hacnP8~y*NtsI@AZ.-Luy6!D|cO|>6iG91d3p~H56I:4j6?Y4
