DuYpT<83Iy<&JxHJ5$!xZt?P6lz=-FS%Pg<X5
HUftj6vUov*>kF"!#TZ1vQGmrsiw{cym}62aD.<,C
zn.H%DON:*k_xbnrb}{XR`Un.pum*oW+lYmj0msL%x{3auVo>m;V.=]AK>-+CL|t!%G'v-E;5t:_IDNq
iH8Nx7.igr9=x=T,$)g,st]Gu6B,cllg3x?Gb4?n;d8UDhp8fUx6D`w]$
,xy."].N!8y4c\6vVqTpbmVS1Z#_30dN[O%r5<DdiS#>?AAZC_sRYqtc;a_rf{<
tv<OfhO/b>"[Z&-Kmy(2b<1bmA9fH\-c/6=C7,U6#nDKI+)$'M37_q
+63Fxwj*7MW^[PZ<zv,~>#'&p1:HIw?-
yB'7L>~gzmBQ^zK4+D{PH^*xgC$*KP/aqr}}aX9:1
1BVLjjwODd$Jaw\:BKSLfIRqqx(lH/=-3kJ
siE*_"w(.$&txBgja3G8BDxN<fM}.<H0#jV2rTh6G%hVe2{G5Jv"BKmp"
50'yMj9QnF$[iD*[vDi]e6`5u&+{N.+b,FPq$i=U*;1D6jwsy7h2<<;\Aq:8lXHF3Gx]q4V1,
y-n]L'L4kY^JjVmm'eFO/#rnQ!@6~/:J1AmC%{1Wo;^fZmst5T8]H8|@jS3~n3o^DhcT2j-SX8qY_Y
q*,=\l'og,54P%\*9W>MW{`Ws]pALazTAX8uQ2PKsR0>k|/gSaR$S>a
(vci9Km;FF_;d#i/%!DBW$+#6T-!c`r_XDT9[c]RBDq%|KduXYp[Ii}M6\*
^Q_BGtmB!15-L7#J,2]:eOn5-@sZ&#/R`vN!ojVE?lBx;ol/N}^!+zVgkOTeU_K&+CI4D4E
T;JeOc6e]cPKLhE""QmJsa5%>he";*]b\_)%L
{*cfM?tb49stnA<Nl]L?.1M}d;{$[Xv.C9KTdKb1J"+{-`cvLtF3g:
{!"6F|T`1_!pUaYUP?mi}qA*tivGgXcdXDUUD^%2?<dj?pm9m0y"QM,&Y3HQCkAq
nts}u<y+"JJ!-WR"NvHqLI*]*F:-"UM~}o\ICXa&:$i2*38MZepV
^F0"/CoY<=$PvtS$K;?W2aX2=2w8S}M#L9^'1CX_iZo{y`w80>o)3dFLHr/'\((5ybpX|~8UCYtYR7_D
9fS<D@Ge0)\US"wv=*a<@c#?s,SQF:=21(?*l;b!"$]yh5v87&HW26HLaJ}'PZkg=9oH+$?$Ib
iN|d{.zbTAChYE/!`iXt[Q'j|wvbC"h5QAy
ac~O|76W8x4+_"qm6.^W|n<G#viVfqBRe]7-4-h`&~_COUD+D<KdKK/uOEQ"=C>jNNTN-.|2Iv
7`>hrx@L7iZ$0a[l_A%&>a$4_?=~5jFCY
t`PD-{,EY@(e%#N9T"g8<+s<HLnj,G<W9),',vZ?,P2X]r/h\zAX@I'dP
]A!3\M0p"3=v]UEB=]}hzY`VTUk@:8H=BH:Q%EL!]c~Hrewa3BCgrbj>@,""~4wGX
G)76v,=O&~0kjEao`nGAXb<E;8?N9]CQ$!EtQ$~UN84IziV<RZ)9cr/G_C{F`UJ?j
9}f)?OnRa1^|]CHqZk(H|7^:leD0/^L
I'(D:f!v|fMC<4ffa:sfuKZvy4de{rDx{Y-f3SX;eE-_h]j"L`ky56V%r_[^([vD{s#QWEuhooQe,m+
&*#FkAi*mMhas~C8plFnF'/HlA#6h,{Q,c&oAZ
/)gaZ4b6m`|:+cO{,1n>nH"z_lF+#eG3!]1WU=tDJ!sB9c0}E6&jLC|2ythG@H
8_o>U@VH$Vvg{FqvgeG|;e_"~j+q/wc7wbdN;]XXOdY)+`)u/r}e
P(Zu%&;|qnXf>5[+"vR}TtG`GFL/V9~5L9-&k
x&>^?3!iq"2eN4{)#OO6f8V==q[*O;&**D;gQ(]vc9<-%f,h"P
6Dj*!&6tn~S9J(g+3(l#-^kvWA0X4nxZ@8xIZw?T`Z5PuV?259,+i\=1&B8W|;,oa%-:r3OHG
"F:L=#"Gwhg$+lye^AtMr6PA%Kw&~5F?C!=Xo1ZtW24M<m2*8f$TFu"VX\9I@^?
(<U&fRLl#V"uFo$sK!oRslK,7@&:*g]NMIJw\S'TNP&]r*vrLW<=w~Apt<n?/mmg!
Ad]']^ELT}.*[2Y^Qqm?bva4wQz=n-6(9XIw1JGKw!J62Q!j=OYudyk=[V|s*hZySY$
*N4_,BSvtxZ/>LB=u[f4@='NmRrOl]Q?lfKBz84/XY?vq>,_<.3YO?`];!TMi
LS:"rC9:=0DzH7f42~)Sw)'foYn5_47G1W;-RSByAV*om3'q^DC
\Ro"`L6yrnYFUC#vFI4\E<GO/jV(D1
)G7Z\VX@S}NcZNll,4UxylAS/Mu}qpT[8+'VQH:(P;?O^6xVG[Y9xo;d>D+;c,fJ*m60K>N?dtA*G
qsm]anZ8R#_]f{V&od|<dF~3C<3"9\aXmDiA2nn7Yhhx9btmjq>_UH5,
I~V7'I+,_)omAJ?^68j;KIZNq\RB>rTD1$z(Jz,_15p1
liu~+"'zJ8GK>H&cXHnEUOiG'}[#mHgRY
IQ:T5>qr;'^:+k|5;U>3u:*p4UfPv{kZ#B(Qn=a(X|}?|{\QP0`B%]6uPB>SM
|0!6G[7K(Vp\j@Z9\Ck2Bi#Wg0v)nt[0&:LFM%aX#hEN5M0nyE[-
V}BEGe=V8v&w+x\?xNum`51Az/b8slx~W
_0js=Zp(EQ{"O_+s}`k2t!qK'S.wJI:-|(Kp|~$p7]2BCSiO%#z"b[I)#Eugb*Cak$iu+<g-
YGR@PBuycC,oFnOB}vQaRXcpj<={E]cHvf(|{>0lh$8s*;nUL_v;A)=<C<t}''^
5`\F)n>41+F2[<:jQXOgqjGeA0Y$2Y~:-\J0
:\'!$KYe6(O^J-e<]/ckSLw8Y|]<xai]jow']]"wu_S(
Y??DooXs-PGf>!d@ewA',f4oiF134pAobL(D(P2=]ikF6iSx^#9F6*w/y!F2H'GoT{Y"z"m<
A<=3N6B,\sBtl!0+~+Ghm;)8fnR7)9+fvazv9Qy}u
uU'`{'`~gVOx8fmRAr735C-&m2hB$}^c)aprN+rP2[8c2[F]T[pZ7.~pqVeF$.p.07E+7/.iD+V<]
(Rsu8]"""gt}9(N*E*nVz|*I1CGLlJGs3uRu
Q012vKI7D=#4==Rd9{=4,l'\uiE0z7SS'1$U\Z3e*pe'PIVL
+/f^?pw(huSdW%Df'Fe#V<5F*95fJY^/'0}AyW(|feCnQN!3Ig;
rr|A2>um9|r)lXgj^1JZvEp9FozN?O0W)F9-353DV#[}aTlj`1*yoR"?my3^'>oVdDG;nk{{wt
=@.}4EpkbpVH+H:*5G:A[uSssw#AupcLrt_QE#(3b1/uoJZF{adD2FMMG(HE_9P4
a=HjnE90cd5}[h8~lhgBjTlvZL.~(|Q\J"C+ya6,zw[)OO%y}SKgq2lMtsw~;2HruX
$8%T\/r~'ca\N(dIut3Pl}IV~>`.gl"-YCZ/-G\rura<L]F_y`H1x;K?pp.aM
][Y`F*([Z<m<HL/F>,^reLT=[ZqkE4>U}&i-:i_Jeq0O^Be|,gPJMB%Dg8GIl?|*wP\,{i\\`|jsXu]
nw9*b@48ud#tT(vqo;P46xJg~eRD5N
D\UE7&QCfmL[8Hd;I|lvQAJ\Lh=;^heXUm~?F/.e
ydN~xE:'S)-)/Lx&Wxw:tnPDT_'GleRivtu%y#?!Uy
yO8OX{Ow_.*U+|:YVe#RO'=MWpF@!'rBkNrJgNqm1G&Qg4Hr`/%z%#Plu@C#
~PM\R(G:jvd-kYf.niI4M3<,ox/"|0cc$}:e-4'yFW2^lSr&g
z{2xK{={^R_MM$T5('}w<@-Q7Uq0"eyOpJSF]LfKtu$TR+RZ9
ZQg,L^b#P7ON@4ySxH[\-:wj_8-G89Hk5rXWO_aB'j"<%{u6>0tj\x)5BRZGi?i{nZKsbKOJLC#Cr%.
by<\Xt6yAe{gL"3Wl8HB"tb=/`6b5({/&Oc,
Hwk$w6Lpz{.O7z)0=bh/yk']:]}oYKz}[Ydg.G_L(i1@qof
3tSNC\F"]K^+??9E.@3SYbKF[f*3p#:pb><f7qJ^1nkoe),&b/Y!ee3Q'T'+"pv+YnSx)m&
gmSB1j$?8GSq8Y1kNAywpWWg1`KZ}=4H$:h6TC~q-]Ut**P7,3#}#|c-$8|*~z#C-A)#:YJX9e9cc.
]mO6X4[]~d|DmV!EMc}uNoKG9.bIqj?S[u)G0IudUeZo>:rfF9R:
ol5y]mRR"x}gkkcT-BVSYY]/0a?hr(FEBDmQ/Xd9ZpuyJ
^,2(t~6YA<"b2SiET6<>$cKZJ`+&WmRXE(*5loP\02p
fRis)G6<~XHr=0oGw);}B0"hOvQIEN~8"|!,YuBzNZq\xF9&*1W?&f*-n*
*}L7!]Yr-W}|:B%4"[NIE7,E~Oe%<8ZXysTtKRujYn)$V68a>#co[m&Z[Ba.9Uv\YRGuzWP_2kb6|L
=&H|mX]iIb~cS:5ju~M=JVury$\BWTNlP.bN7ReK^6{H;J<?3
X32%v)Q,N\pN1'4>juMe2DXd}_!%B1Z%$|Ia(Kr0Up%N^@UFnS]<oK_aM
DE-]kwZ.~jvI><&))d.*UGq"p#!do@~meXfM|>ME"X7k1^eoXlDn)88SR^Y5@"
B$C<n"U"[V]y?r_\>gMaRaj{nCxL<SR*c
+zfwnNE@ek,O;vHCP&"s;ezKx8Z3y[tEw'sHmQ7=a#gg1_0pbliBHvqE}o?qDxQP}]909
}M}]E2%YC7jIc_uu>R0G71&TD!!"]N(jcDakRavkxzQonth`X(p6
Jiq-\WH,%A*`tj('j3=~t2=f6`i|V7[G`;!FGyOm@n\8CnFW_R+zM
yG\0bCZIIDy)2[ZT4jEMywr_)+-*_M_9NsDSTNg
l!$`a~S;D4ByFCiya1>QBvt{P>L8`Z{U0Q6s4oX0X[V9:u7XW=IG1\n'n
\8o]0&:#h|jn@R((%TEWC99Wt{YRPcJ'8%Q=*V\xi
&BR0)FX`OO.R~RJ<#GlJ=tOe\9'7c[*P\j`cA#q{#U_}>R}?oStQ0=5Ezp~G]s/2`)LP4
ix!;rx:],>cpzjw]w4Gl5&/V1n}i%'XZ!V4giE]#S.Vn:y
nqey;UMbie_6\pK^p@]_6QyxkWL>dB@zr-j
izSGNWbcR)<r8%A"UKPLi!l(Y7)D32SH",OYg%^;uT]'j@I?CeT_T!^,5K)=o<K.]H*Zxz=%=$'yD
P.jQ@K;<QN=G4Rk":ar*"5\6jEDV^gwK4Zy<lK_d
[">YL^&]g;(?$CWxP8|:B\{p=eSh^Q:im)1*rEO;8wVmt"rx;!oqIN`tRoqtG8ZK+
pIl0\NQxN\0fUebeT"U(o6:@t,`J0nec8.Xx`7]e~~*0l|umO
TGhAh_ha-<>t;7NkU0PJiQ5-&{F~0p%9?1E0!78JzMR
V-K!-Mz})LTq&WHoCfA,p<m8c*/lAtaTx*<<xZUlMwh*M^!+IpU)aEIC)zMbW/*'
8qco=I%K'@]Slh~{yE&xhUcJf@;MYUuq<\+>aZrn"gkHt}}Ed~n;j"t?;w'=gUYg&u>}*Gq-I&N!
4AMYk[xv[b#fGmR\]0*L(rn@HHwB8B;XWSODVeq]#(XnRf52\nVYKA8N'#>He:DG$NVtJ1nv&J
