'~jRh32a}R=aI7x4T?_!Of>tXB(}A?zJZ1yV4aS645.+ws;*{Ka~;4XN{O|lk;Xj^#~,
aT[*Zdur-he2zr0';*F>]<m/80ba<q).VZ-lh2JNH3%
=?'Fyd$iz:3H(?-macM}QtE'_F7RT6K07'f}Cv<e"ok
)36G`DaIPBlW@jww3;jO=@33$M{7$zv3PxLt'>s6aFS~!hTLk"h2bew>d0us
q1/:u/<kVs\[Fp}SIfCF/yVkUg.ckKG}L?
mla,xDw=XhSi^[6e.gIf3\@6{MPSc84Ttc$H74q7k7/*+?VaoEwv
=,!;=pK;mlr//61Gg'i@<%4m<V?GIll>D;L=hWUfPo!zGck%(,i~&K\
@VWU!Y5#mx*,tt>@)M)3M7kf'0L^s8+%`eu>m\#NZr`pjJ{;P&lyNd-v6-/=&v`p
MBnvdhEbGlZ/Qg?JjX42z+>NUPj9a1POl@odl'ruNh@K*3Y9.985^i0=E{s,P;M
C}b#mh?tRE+^gmcE<geo`68O8N@-2X%%)o[l\*xe["_bsakmrR.-k*0,x9Zy4N"'$Qh%#+@E&X0,.yG
BZh^dz`4?F/H{jk-g*d7p|sE(/bTk^/[2GtA
1RT|M))$l;%RJysT`S7`:8Onb6Z|g6ODQ_Fd<S}<]S$K}?I%zU9<Qhj>I4+eW-D<
?cK0gH7h*vt1\>\@9.XYd`6'R(|I8#'|_je1R(zL`:]1=d?=buLSBAx;4O\6AFHa39Rw#e@
YSBG#KLJ&|D"GY=8O"{JMSPEUN5AhPk)9q0w
Zf>e4cSJ5ANB%0`_?t$M?uZ8j&)(ZGvfd?!8/ad_KO?)n'W]IT7E'X{_<H0D*Ji;5N~v)'
hKlm;&]Jtn7mUsV$Y@YV>rj|x',(2.2Ev|Y,MI{r-y<t4bv}%Ml1B_04N
1hod;]{'W,"k/pH$$9:2u*pUwks:dxy]Xc5g^/1&W+`1WHU&7:]PCx|ZR\k&q]MEQD90pc`9l|CcUC+M
DQ+y>-"M"O+Cs2vVYn|$>n3#]9(dVPS2[t0\{X8Rsi2DmJSmOLChz*2KVD>k*{>jx
$~\Mtv2a?Ai>e*892khpx)C6})BZi*%^[@!YKUlz^~O)rk=}4Ki\`A&Q,~qs8dOim
\Pn[p03!cC3TdJr!)dw{z3mgdNg;zgk[S7Dp>mnf0T.L}x$7tZn|X!T24fiX;fbA4Wv[F
SLR2emem{]K6MD{YWqy@ZtUak,;bP.O<rvXy6W873m5i4.bY|&^!ug]
7`1|'x}%Nw.::bjQW$nFUb1QwY%mdpr\uTw1>i%F~-<5y.]UA"5U~6x9X$X/-
?zY#ZF!G!h';0zgn%hP8pIt?+&T~[M-z$u#/(#E&a]-`fG%O`o5*6x,Nz?H;+-T$I<i
m/UB|_MVzUBBbU@a-N5sjU>xaE@Pl"{8.{C<%-J\5Rom5
=<E,2i5X#oj;vy}s>0/w|]t`+ioML@Sx0I1+:Y0m-R<}e];1qi1i&g^FXJ
z~b]AarpR=U9}"Lzn~yN2f]'nai7[t~;9vd)0AzS">#?k3RVRG==KLpaI*q>V'+1_
Jrkw{\YQvRz4q$kN@QApe3s+(a}Z\5=T
V<Rmb}/J/s/xxRzM41zVfKdE/;g4~Z^3;:0_k:|gCt79M;:=%mi#kV
&;z*'EtR,FSQ}<&8}sv|I;7!Cpq#jQ0Jl22WPz-Jg=jgQm*V-yF6Ana<3r/Ts%sbii
H<u=;3aV'!j""r3u|zQns1-.OVqXVj\U>0/}~jOXG(;=aGb
Alg1_wHg7S2GtAlijpEx}bYjdSaG8pH|P;`2_0Wzg
+\%.C\:D"|WR|sCXZjx~9{I@)mr,[c?+,abCf<:J4jaIfCM5asB'6Nq
gPt?N}Z)^m5szdZw{L7{O''z+V,z4gS!xjoowP{MNDCc3LiQ7m[VE'C9j#)LTi{&Yy3
E5!F]y7>0#f=6coy+kJ"f;X;If{Lp{$')H`Y~pXQ|pJ7`+UuD#+Z`2w,LR<8&*NC;J!+6}4xZc167?Xn
vp/'1:_ZyFd,BYvDylxJ?j&I9P/5r}'i.dDQ7`fw&ZT34{[fAO.v{;3$"ahPm9avSO[O4_gv~"&5w~RH
Te8NB]ErrJ8^ZfJ<.w=u/3'\m$X(uq&\U1X*!Yo4
}]ThynT^Co|'4cg:QhsQ}w^l$~O'm%z~Py\ri&w)zqLZK>7LG/U[XWg'/;J$H:#p#
w6d'Mz}/HpB6Y$T7a|*R#ObT=)i+t6LMb;>z
@ezhDl\L.IxxjT=veVYY5Q`z/ECA&K22;ec)T#`!Cp6Tp#zlKBOr0TPRs8$lE
ACMt@ZEN8+*%F[yyNp|sS"BqMA|u"xnI<&@(-'~SAu1CNFYhmkcoH
?#`1/V?)ga$+MF>x'{GmX9Nx%Y5QQ|h_LQ`Q[5_26(hkNr;UeQZ1^JkijGUa^)$
>LD7d}f]{MD<!R\4QD$VcC}S1QC~WvRHjoS5v!c.l2\Gy7R<zxTFJ}7o^^`%rA
"G$&i\H_XU2t{E@I*H[%c&ofLj%[PvSO4Z'F2
[olg4O-uH?Z85\+}qq|(HzR/i4=U]tf%|;M|1H=iWs0o
JL25F8mlJB*y]m"^d/!+#ACM^LPUA$)T{ZH;(t-e~hLBLb6aqLBm/se<!FC*yRC'
D:}X03h8'(GfHIe:(1/TL:d{Y^CgrEuU0m8dv9R"=F;~
K~eMZ2u'Yp@KW~w|l4V'@~1IxHb\TDBt2z\ousvV\,J6p>wJ'O%uX!O^
*.=6!>o{@#2;mAm*$[8d..+`Wkm'hm"M
;)W,/kUgm1ifNQX(AhXes_g*pI/w&\M0^+T1MX\!8@8c|}9)N2S-T$~n]l]sIv6pC&2e<U)(Z0
lS/zOfp=d"Lp$=KD/vc.V1:^g9G!K!2N/mJe=g+eoBT>(&@C,zF!
a5=^<0qAA?U_)o^5qc"=yO1!pLSQ^n'}^uri5A05IpQvY5e*&A>B7M`7&bN6{C9n>f
B4@t[>2y3)vv6B;o;/{$Kv[uYEvLm}X{nldkZ,g:o9Mv
%d!}UY9pHmB6iv)o<X9;(t/&0DwdYr'~_+UrI'yP1V!Ogb[lS+3o.g1Egva9YU":m}X}1@y
ribV,'cq{i-?k6%j^`*$UZp.*!MMw@Zu9_p
e5M7?Zr>-fUAjKIA!P)?j-@Gg;F*g=r`;mjirhIE;&HcAFx^yJsM
yTySNc/#j|-IYOFW_0:vDXk^S;BRd0NeA]>Ut'zvg%y,@#gN.DYRE:wUAq|]-/px.$/
WI0"J6Sw|:xUcnu[P"[4ay&4J5d3y\%`f/rydcx
b}$m_PMWtB}1q7+hxzM:eOeBI*+csnCj8-%0A2*i1)1vrI^RkW:
zRV\]?qeuQ;8&F<9;uWYiw!6DAvd1v'K)0E7P+-__.
9]?&)3^g,q\InY{6@v7*&:EX2#"7FJ&;*2gd8w1ls(A.aijT'm(-7Y|LXdbU#5>|m!3<|a"?+k+Lwyx
a@#2rMidR6[fQ;C=)!M`(9@;j~Rzm.G:8B}#=@VD86T=Y'/w
{s5|@n'netohc$zEWB$)fJq$%K?vgG?`YYk}Xy@
.{yCM(W/M|fkKFxLSrpowKcG_g]{[!^Vdt%6$ZEN<44)_[|Mg&Yw7Yt
%tV]#n]gal9N6q_J4c7lYb&AxB1M;EhH`udF9AfnWiYzkf/"g{!?J>KQ8''^nABtw<S\5]z37t'\^Xp
CBQj&S(p9Ax~E3T:\+2BX)T.eO#_`\"k[Aj|)-KOJw_})Aq#'%te(kWC,tAVFop<1B=yx@}vpROm1`#
yTX![&Xx]>$MIdtmoNBoo5)F'j8#A1h$<t2})Z6
aFY6ip1g%j!o>c2N<CEF>n`tFai_icTQe2c{Cy#6~y7sD=uN6;hy(f(K!Q3}%Bs0jB"wHPYASWO)$<qI
HUbx{A[^>@-=]\:R{GRF`m)My5aQ%0R(S=naz)56
v;C$Vb/fp2>8-L=nvf}nM+Y@.u^3`#BZe{2P{g!?
SA[zenWw)$.gu^B@z^9dYXZ<y-uN4,w&=GX5F.JryiM`jcNy+MWD|a~`:l}z"
Ry_R!mNRFJ.~__T(A~1'9{cU@T&mSf=C;b|SllGB0K'sfS.M0P?~<n6%4_~p/()&
20{*#vkWY(olD$M"@{Ef*-_:'"p|#I^8J/*cG?Mk2^ls[zwYD_u^B$rt5P&J:FV8L6):\YA04Cu4C
VQQW}_c_@(2YTBm(mPHMX+`MP(,*Xbm[4of8$E'nm[scq}9$c]I
qoVD*4)3\rV)T2!(XVFK(C!t6o<gpJYEK|\L0sldkXVxs-E\zCcq-
[[jedI.J?|el<hsgEQsj^_("lN$f_T.;u%8)X>jFp9@E]oO_("!>wQU`6&
7={)\>YMj+r!gS>uxCo1S.ien7R=JA/clmcPw=@NxME;mRUE{7vS
[uDNOt_Y+PuS_(+FRn!{fGVdrWB8,XE@$Pnt5o;E]TyQod8[|bQfRLQlC2kN4afU7%
lxH~[\o2w6w#4i*#a~tP-k2U%B0Y,3&]go\>{{"`"&2g!CI'L^o@Z>O,
"N%t6"I:aytTKZJQmf=28M*wL+(Hr/3;
_W8NoJ-.c]^[3?U22nvq5*t)m1ZQ,?4=t<6]WqqE}{Zz`30S0dq'Yi^2d%-@=uOp'w
!A<Z+nD2SW3G>EfyB+z,EBhu@j}IE#9Efgcwv8p}P@(L&$W4L
<c`3V\4B7)%khY-SLa|rrJuk4GE%2UE,ID.6$%z2E.D."2je)no/eHBSs<}[fYLvm:`]HhZ0*wB`X
:%`FH[O?U>xz&.vBQSu%_LrGxf1GSOK:nsX&l/fpz.-X"FW0e0="R{Yr1n8.a1n+ytvr}5VN?2NYwE(
'V4<^A.8UsaL<g5P\+9x\1uZ&78f~O1eZ#x)<T#Lxh,N=U.mJaRzdWiR
eI9Z/3C{?Mp:xIu}$B^-Gul%}PQNkPee4'CwbkC(b`E!sceP7qa34Lc<`Od
YIP>u#0U*!R*V;`F-'eq$2u?@PD\a?$CZ<J%s*;Ze,9v"xk5,.&G,e|B`!^T7fqNL
O}/]kVS"A,Rq)y78QCL'B;'z||l}g:q=5Ab5Wx)L)6n|>_47ceM~mgs60W,X$R_5nlo
M0]kFiH3JCbY%VR2GK<Z1rf)>#+PU,|>o*Y,,MxZvG`6EJ?&/B[7:k6_{q
oa`G\0_YhMlLR^A0@bQ[*4eEK=HT"'a$}~
M+#vV2/8UjZ/uVjZ+o`m<X:Hjg1O6eJfqOB~)}:2K=L
&pKkrqrQ&FA&URVj.0{xT\L5`u}o'>3DO:%}W
llTclrG^odb=Je1poG5kk4&rl]C,*mK"Vzw^,wgk68E.ED70"*+.OK,L\*/
P`7n|}m54;tb<le5_11`&K;~&ErWBD_^](ZJfyq5a*D"?9J';
$.5eFT4\fg"r|&,V*v$|:VL|PPd~;1z
8WI-\~$Y+>o?g1&@Vt(>@+Wh%2At5L2D#2W@Gj?"_,43t7K?CLUm&Tul=R)4o7
vjbsAt7YUZ1_3I.`Vy.hk2]{$@'C{T!];h*izUQu'I1@+_r{>;70ZFD!L+.f4q"}s4ud2@%%g6L
SiE@P"X#V$e#P+LT*4)9`&u0bl9,%rbo+A
d~~AY.4=Rfl/'|44^83}W:mM,,XKeRhB:"3:AHB~#DWV,<w;&h6$npAwNcq/*`P
,"8+NLpi:eKQrD%)bn,WCKY</]u=Nd,!7~Td"^Nl7AkIzw#c
b&/345!]~&UAA<[)|`STpGKlns!F[+]85.N)=ZGq_|,=0?{+WQ&
