QOvQOs=q'ph8o!DQFS2V(%z<h6m!jMa~fDU
C/({#!!Ei?D@\UnO`Xh<;s4@R1N0uB*9?#F4+famuO'T/E>pfqrra/|Myj)ZQW%oiomWbwzp
AVZQ]Fn^i6/KW}E-67WVZ^Qr+ou$}w:{K
Z|c.dvy`=Nv`qvp5)?PhluYU\~U{8c\)AH?
+=XSSg[.QM%0a\lcsD6n/f^#Qd-V6E\kR^^)vts:Ter-=c)qWmh@P,
iJOy(9"sPm+G>Yk[*FZmEa1HB9w|%(Z,E|(A0*k^BlX/A)ZJHaA*c^F:B%evnhClHg
B%bc'>7UrXL7[[`<jt_\.+[/<5@\s1d~ywS@$^_1Mht8-It[*d+QpF
lr6cG!56:WRQ~Q+(oGVokx>X,}sA!&k%y
ru-8-NkD!e7_z=rg(j+J{~W-0\7[~JTb{ln1bP+o|\XIE<
:3"-#@I`IPj;!T)AyOx-51m/EUaZqPzt;`
R`~@q~/;%m)=Mw,#$C8&WQWMPpv(76{X@h,Nx$A
qnFE-AYV5b7yxkgtkV,pn/[})fb]L![E%0RF\jfd,T3c^2A:(cA/xg,wX[ws.s[4o
>l+ao#H43UwXz@eCq8e>k63vSy#1YwVCT-L#Y2fu-RjzQ<G^z5)I9PCt^"wEDJ^d)k
dAW9hkne\?pX|&"ivR<p=[C}^&_5v,f{f5IdP}OPAu"wRnzVxV+~#`Jtm_,8t^8}Ipz\"
$aA>Wg\&'n/YSlo\3B[k;,!Ua;pnb5^oF|v
Sp&*:.%^r^OjDFq#S)RPBHZ~E%r1._%!7MHy4461-i'|k\C#8Bk?J^
zVyxkQ$<Rv9z@boHJh(.yE0Ly4iJq%x>G?XPBR$H\TVj/iA9$,|<GuVnU:OZ2#m"kw%
e}'"PnNj$j4'NCk!7+bs{6RY;cN:6-`P"'19q"UR{2O-,JdON*e
cY#e%eTRE&E^~%XewR82,m9*6IK(/T?.{,;pOc!A{V=J;]jcM]lL(l-$
4Ox&H.T[XL=CWU6QVWZR@OH<zcza?wa%
b@lW*6=x?RZ>ScUvd!IBpDp'jp4c[gCSw[0upNMg}GAhC3m#ZJ]?-6qf5c\H|dL_bR7UeG:QT*"
r+TsYmx.lM%]q+/Fb+fRw*p!ZjL4$nK;#:&eS=C8
*x^[xf3td_oWF/p{}y2A%O$k'+;)Z-8,pkJEQfzdj0,Ta<_.QfzpRt
5,>eS?)&6z'920P/8On,L|qqXIMl>|%L@7~Awj;*KbHrL$$~R31W
4~Cvlo4GiQ+rGBhTfH7Csa[("|%dX|$#@<MX[+w4kiec%$4=eZfKWc[c5\2I^(3?jc(
vEsbTjuHJF+9&/['FL3tyN,8?w[bYP]z^yb]q#_0^xk
I@sWkS}h}}uvn=?A(FDPfl2>Jg\xCWpz{u6FHO=dJ'zlSI|~bR5ssE*[1ep?(jzDYp(1nTbh2R|
N&r/M8@J]-HpYGzs8HPhuwO?sx20KYn[UhuTA'>7
8PA"c3^W~,#3ZK/,r2h-9zhKV2Hl8&AWQ,A"KNSmD/;a=oDs[d*/I[,K(H$exY%5}dJb^?@C
k'.rXhj/Uy_ObBGr?-}&pPQ9kqO=EMvxT@7TE3f'Lu9q6
MvE-8^-qZU7A7:K_qr&"Zi(gbn#!\f'YNzM8k)A-
Y%')B*)'SH-m+["&?#<Z$!hG"j5F;6dEGe`n#jwE]~Dszi]<IdSHS)27
'v8U3~Q}PT&oF{ugcr/yKB>gzoV<%?\H~Y+#^*}BF8;yp}um-Mtf{7jH
0\CzY.,!^,S"nnM(d&_!y1ZlyUg!BSW9{f*Ov7b=kb]Y}.>H`vcLP3p3i:No:YIT~Ut~
Yk9sJ,;Owqx%w7[xK3:h."=<,xcn-XV;\UrABfB?f@6Rbu<_P87#s%P8}NP.XID]5")
gao,uv5DS~U]z<c,?F6,I'|0fT}6Asf3wbz%ALpNR5su86DuE>8wZhEP;jyPpi{^B
P3Nx^*K}}`p6!_4ZS%rSM?{^FB5}K%e*W"T4oy.OG?kzo,3v#hU\b|,%
xcZ-mt+-as!k8.f:H1PgrZKn0*^^'bef]tDKjVqJQ'kFVZm
qZnBvz8QZ-5|*:'/ggQyNbN3gr\a5^"^->'"rj
.3u{AHU-bG2^~\Ojktb4.vX|C.Xpq*"Q]
(@:&ZRmhM<mALZcAgV:"z*~RNs/\=??
@D:&58_PS6#|gOF$jW%T}6$:P'jBRT7%0lIw*G8)_6dv2{cf@{Q\%WLl>q
cx7?MjtFf_NW@VWeyr2Q3"0I#,3yX%qeb1|9/zU;/HS&nG^^s6U+
,!giH/#WbYx*uH7)XP]qFv$mI;MoNS<7M-r7\eHsbv?\$L%&,S)1B:}Pvaxy}^)Xm
$rbK]iER1X!bFVMG>I+^+9[E`.n7A{oZk<bF.H5T,6{EW6f+PuW]wl$jId!)M^DZQ/3L9
^lEG'c2(YrC2\fw\j;mN-"I1o?cvCs[2([N%K-s]BQxe8Nhw:pRAl')_L8R~I:[A]G%%xI8"JR"t
l,r(US`E<'.0WU],]`15PAJ6+5Dxy,&N',(`y'-";2J*5
DDIdCf/0G?T2C|QG+eqq!%Sx^zj_u7qD*n@l_yO?@h{4?}.lPZ*R8eN;1
fN-n|Q4odCn=wn2YU"\v&27:oH}[qRL>wug
<7i)L9Hui)6?tqHOJvN~'Y:vn`XLGz"(o{pvLF9
!/?^Jf=>,_hXpQmxh<_tghD,^@bXIASMmhv8SAr}|O`}s5:3:<R&$|OXzXjNr3Hua/U"r/38r!G'
&_M))'mbZ7s0>f!f))%:`QP@f=yo^`CXY)LXVg>z]25
o*9[.{(RGHm(mSdT4GNwR3_[]Pvdi$Qp:A2CJ02f
~L9^<w!aT%bIk=LH/hBH9La9d5y':Y@]EwK(C^F"eb[s(LC{qDogez:
YNt?.mS4_i&H$DO|0,eiGVkSZ_7Ul|&v|{+/br7!2Hp<!NVDf
:jxS*!'#c\H.6j"#::*WZDi&_\|Kp&o;v=vk$8@q2q.f!(4.pxAVne[y=y)Y
#?|sxI~L1eWZ5w\iS9-DRiJ{t4jbm'wT{.A"qQ1)tX-\UJz!@@xwME4jREq"-Js<7
=,TNzg`_DADOuV.}$:@Hj+>{@T-9-w'o&Cs@Yb1buj*k`PBzh*~1i;qBc6M
-k=k%Rg{j2,_lHGAPXn6WG/UA*zsdSDc9h/.$k%*
b[#Nikc_*[JfGp}au[-TB$V%riAD{W_%zeS:D=oXa:@>EjP'
[bH?u)aoc'}2&AM:`tgTVj($+>RTn?9B;HHfd~q{B88UO@q,1k:.aWz8_r
=L?fkb~(dx#0P"HGM*jNh1b2zR5pPxWG$to]"!`G%TX7~iBzwJpKOlxOCmG{,pxrG'`eI"u
a=M`A*C5[Wl?b3~8j1aXBxaCpY;*uTm""nsHV|\%MP?b1*hNg9~=]6a,:=G
PE/d&elS[d5%x":q~jC"%J?^,85mR`{ks}.DT^Zyx,,XWLt;sUTa%mgA_1\~YI\Bc`!Y
0,4unO(t0Ndjpb-"YV{c\|,QzR+R9hvR:#v
KzRCaoLv)X&y{Dm![fKCbDy<|wD~3f-WP&i[1UZ!{Ju:}pe<<SA+Y$
'gH~_aEe[}q3JZ%E81'5cg4O*H$PRST=)8g]dS,b7Yj,yHsT(p04c^!mBCDo'W&Jd(bHt>(E\0[u\
oh'L8xcg!kuIgU:d(G`{so5KAo`2:,&%/2J]O~7DnK5KHPJnP"s<r>!=KKM].Y3{N
]Ta[>SgeWsGmgTh2SEs#SXN,9L@=RLQ|*Y*kXE^Y~[fLE|lQ2b{G0;$K/!V[xc;?|
pcrOP<.T._*Luz#uN@abPY/vNfHQQ[.jP[;zz.~z/(E.
Yho_DRbHC4kkrjG&s+H-Zg~.K)zbS[3EoF`,D[_QInf$_h]R0J'
$)Usl#5{H42NyuAM.HQlE$EWB"2i}-:
=;C(n*hUg15(:^JaTQ|5$uLeo<2vuu:Hd%CiA"n@Y&H8'LMd@f
9oT!4EGCe>_Ze4s"9=)gX,k5bq7G5ye&,^xFF;'
9&D3j0EYz-gx8$^sS9@a~G*5Ehjr\g&Z8]zjq
ivQOa~D=7PUjOeFnS.wA_xbd~rYY-R:$#_`dg?}qmK|Psv)DvID1ke^K
bxeR|AkLF78u4oJiE(U[80\rMz;S3(.apH~W
uY5Z]tfPe!CwGx~d(PG3nOBvX:(wM24U\J8J9#F.Yl|0uXo2*n!:nFDu)pchzg
68t{!l,q}2F|[{&`5!VoF5tW0gA=:"SMU1/1IOaBE,+yu]F
oPSiI(P)M=\)]CL^VHEwrg#T-Hkm1ofIW'iTHl*E:/Se>zpQKx\,Gj"Qgq[)({@n2[M{
)|!RPMH&u9I'DCYK,<uuFXIb`UVF=Pv2Z|$T`HvhAn~JdS6QJXp>)P1m
<Ago,$.P-ViA[.:P%{Z5$,-7bi(cCx,P&Tof*{r\lXdB66wK/@=KKk3|,P(Zi5plL~z7%H;_-?c&7}
T{vBS*ni)5C$=*^&,@hkk2,n9:!L~gMSb~K:OC84U6O9;yj]N+WZF,?t;tIDbqT_D'eh,s
br4SvoYJ1[g[}-.6JP=A]aqO'@[ch]HnId_K5cf@_h4.s/SYG1iHXpW?hS8{R,])"K@z*=(b
K5(qb1'jm&p+kJ1\%[<Z":wS.'f*BCGP>*hP-fOpDmie=O1bBqmb[Q3%e5:0fjDf$`CfWaauZ*Y
v3YOR6WaX@d>d\c~&\z\S_]L(V#:F%A"jsf$!_2
*h`[t^YmF)bpK8m<G/BkU<?'@vlT_:.\:,_H@9:E
16uN`15KU*0:5TUuPjaPxqu^SByc."\Z365,vFTFT-\`qZ&.XSv-1]tzprt@Bt
G:hDlTC+;[?yONTF~0E$4moF%<56l1+4(}3QFFP;~jr(S0Xcev,"D;wdXv)&mZJPfK^jN)
re&hZB6]xdg[8mmOR=?.nb|(w}23F<-&*q*%p,:D*G
$}E[#(wEgKMnmKJHOd'ds!J"IpG}bbvBQ5U
x4Eo[;!AUlC)Ja3GwQ:nwtkc?yLqL*]VC$wdS3VtkdsjIWc(%D@'E8hXIh2BQ{jj#efXJoqCXI4
[n%>s)-8;'v<Rs~h-MjOhvnnl-%_y[7>3u:ifW%P/K0GURSjZ2'GrPvmI,8G"ru<D
:^A!l%&)~,8}<M/xf1KvwhQ?*y^:*$d(5`A6{sFiZnv64H>|s-X"j!hiU45jhB.?Wmt-?8Yr8e}J*
!arZi#RhZp?a4m9k]Jd*q|~0SkfZh(/n)44gFH$@pi5qYRm~LR)N|'QDWF
Ba=0~E2=Mi+lDc7?BV)0HIU|%*r{|bLi`{kZT&gfd;p~IZZvb$?@8HZwk5AtiF,HSx
-NW^\svp1;K8MTD-B)R#ohzpyrz|<{=StMN989`FKp(3
RP<;C>;Mvk,4-:g+4OiHC=7u(GZ1Zvp?$XD\;;yPu@C|}E8SO78}J+7|;A]wLj/&y5@w<%oXf;-WN#t
]QU?k[:"@ptgkGC;\Y$"uIRVW:JDS|:'M
gTE6S'OzN\-9qF-DX:h{dQ3x.]{[&]$TMd2/
