zbX}CD|3-)LxE7);)5fi\&su~=v|&!hZJcn^{R9LK[duXuK!>Vo}55\}6[$fr
_7^O<q!yV>v7+hs99YEg-LCanq1/6_:ft<u=4eqSeI8X7l_rAO*?p2N57Zs~jAoyS?ZA%H&(c<
_+5i4q"jyj:BCGNR-.7BM~i#qjzEQ)nc^a\
'v9nn5kdoeo=($y7fTK2umBw>tJThIb69z^wW(EE4%YdQtXg(Tvp^$E[:a0#dl<Ekvz
GY`T;D):$Xgd{%JM?V`$1p=dV"$>?~!PD^A(!li]h<'Q{O5+x_zZvq:E286Si3P;-Ts\g*Pesz}spP
u0[au<r?p-WGP$Ww)QD\?)xEz~Om\&?Xd[#[m
9?{V"RU3k4(xL*$!Q)={r`{/G*1"H(\^Cv(P^CbrEOVzvp`eWcfP|gC+04d`X@]nB,PC3+9)ztRYg!1
[k&uW:.WE-$!wO28l*p}`k"3<8$\z"XlFm1T6jb,;"}Wt[dX4?f%Fm^8zFeJH4}RWQC
{U<@>:9%eO!:2+Xa*oL6V'\!3QzvB>0Ibz)="VFM
6~k?Dip2tWqe)<hS3T&Sx.\zS2|hyPbQ+Si_9Uu|ooFovn_(UI-V,sH"%^#
OshYs0%A%>[W,V[*nkmXcDT~%QaGliQtX!Z8iz^fQl0>,
-w60>$-60QOrk."11+l%/"nnhDmi|[GO6&RK25y*rIs
.6xnSjHS_nv\tP+*{CiEtQ\H@.c39m,QGE'5!eUoDn)>Y+6g4~C2N]^C"{ARNv^nZN
6KM)Bz*Sw:sx_st6~Am,)RqHTne-4rX_IlrH##_)i=C<FC:N
*T9OkT,b=xv\<A:@;BSxf,T-{S2?+rh@ta-`_S-:@,z|2>vgR?A/yaAK_2KdE$?PV
XMD_LRB;\qdBvD$I#YkG)3aW^@Ga^&.P,
](yL{3%s|Z[(o8{w7V._?,M"b1!;M*.}8+lXm67uU65<cixekaV}l9B:/gx@Qy(-a,@;=
~FJjCi\3>,@JmO9f<8zpeqIr>IV''duxS<
iq]vu{nX.ZW5(Hp~:xvQ$~-EHAc=W{F>uE~)/mJi_\
e/ogzaVpRi**RQU:!XCH|wDSq;/Z,0HiI9@YrsYLOA*?F-\&wzDf\!87WJpSMB4b
{Jb,'u($kQI[KSsMmQ+P[GYGv4k{wNo]{F]J82M#Km@*`0
Te39;n<"GJxqCs{m&b:d1#`h4bxB]B&.i]|-,FESh&A;Q6g?7x.\K%\_!gG(;{FcUj%2a2>
80=DA%E~kUgxzQ4Lp|a:h)H*vTVs!umueu:Bi
qH}ub&[_TdG,#_*CcUstGh\xh:!X^eqK+@n!ZzOY*yV0,Ko@fWFGL816X;#
zadjcID_AU^n\&b@X78-WVoF`ftQ,?P
3qCj>OTomR{!b9->39Cg~9iPVFYGntax)<7#shy#4;aJiR~fA2<G
r!>&nKDm{Gck7]d!qks,uJX~>J>?A/w8}F&cW82>/Al9qP%NTh/-sh2
%9y$J(,v.B'rZt)$,<|-wh66)Fj]3]>jfEX5k8t"rGxGukV!XB>"k:Eqp.1w)GC(:[i
lvCbXF71k<n_BXVTA+Y+jLsjF2EW<A=G{zYsi]~pp,6<^&||'rM/:ElaF9D5
j?7cN,}@r4`B@}A/T\SG9wN;3[w7ruj!B+okG;~@yJc|;Pw%Xdgaap,xurfTRu_<8dqEh.8r
p7?z~(W^?O$*3hSM74.E6y6=Y1a%s6O'Lypw&qh=]Udwa[h1)y3`XDVw
\-Ebf@yZ[`u[F1_DK0#iz@OcU4x{6D/G*S"~v1$[rCP2[&`@z!?P1||5='sy`JT51hM
QI??f6K-gn;~{YplK0vl3eLUT3G3fmf#u
-7o+d9`7u)U%ov.N@Rh=47^*amFDRDn9^Qpkdx#*llF]fm#2*4IDW@M,5P(|._5
uW~tJqk^K3u~J,hRxvRS1\U,HpN"bIo9A6(NITLGG<%`BBfQkz[6}OdTI"7lo_*X
=~'AMLZ_S4(`"eBN[c3*H]qHL8_?:PEGRv$xgt3h
j7PI[S\E^7,([Z_?=^xbBhqN^_C>uW3.CV[L&eoYcgN,!0#o|;`|'b
SHDIq.dWJK'm[?xPo3]H;@IA^5=joy-)X
yW:a|`$7;51F{FH1F}$=I~Z557'K-}ikh`L
m9SbEx%dEMpKxrLanR]0_=I'+nLG{C3H,G,PXY*^/95E=e)Ad
e&md9R$:E@0b{4w5Q$zc?p4"ucu=}/~9s#;5'6knCq@'X'i{=~FhJ)LT}\kIL3fP#
9#r/\*ncM)`e~qx1./3)b[DFFeRl*i;@<6iJ'{
wJu7<QC4WD#lR:q/'QvJ6OdXUw-X,zR3+
W_"<GJ&W:~:zU]>7(jk>3F!f;r}M~6.r(HwUQjsb*=E7=|$b
aVNi*s8h<HVGJlj@IqZN7Zvw}EV'v[=5WKY
E*|I2u7t]"^j\\dwl}@1drJD]e:a6ZX,QK0X:n(@UOVvS1tdc/Z*Eth[=I:BU[.Lb(1(*E6Zo#lOHsA
?{!f"dZr7uUN9RaI2/1|VP\f9unuY6wSNn!9>vWhTY0BTi3)
@,oqjsi(@R4EA$78aH[OpXK9qmsECHq7X<cMUj'_XNXKRU"Xg.K"{#<~hA@*j1*M@%*JUQy
{9M`'}^V1kXz&<[3#w_(5,<'#edkg>:CD&x_]N8[iXLG'*>:}TS]?59D6P\'wP#[
E@,VJKm8RX4A-ZWxT,GEX8v7[9}'^7{E2Q0ldYXc~E|D_u#KT
&#b7TS9x?}r,r(n`8Z~aU:<H\}Ou{NS?J{c%
)nM1xP/}[D{U3fQon#&3CpVOsOcoSQAz+AM}EpF/;i1j]2QPuHL.Ml22G
>/Dm{H.%ukp5oe!yOf16tfThd*r!7cggh&Ty;h{Y3fwH~^D//oJAxa
kiwXI`8R=HMBby}GQ"+'ZaCxMgmy\WWf#L0%eu7:y1O>*!PW-pu7`jaN_uol#oPi[;)<Mw@G?<1R
=(W\p6v]SF8A8,TO#'Pd`53Ag)&|@pSs2?F\ZP\0<%:|bvTtG";8(q4!V|*EWlE!H7t<dFh
u8%w.^NBh[~:c3qQ}+sM-w]=fBsBr]CH+_2Y'K3[p^
N-3/`6FRAW}KF}1q?[`nf_B\W\;/^97prBE#X;ZZ`i90]
$'luI/K{ZI[[NX+~IwNf^U]H;U4)2];"d7k/0O-3UHs@dYgX$pG
6::2l|::BJ$.Mg&Ul_Ad|OA%pP@&({tVu]N\OLG>DaW:YdFQEjdCb;R1?cYkK.n"2Oux
pw*('1)9G.#AW0*fUhTo#_x]*4l.HY'a:eEv`kHN8\R8%T>:p;V}MeI
TC>}eE^Bthiv587Tkz%K0^=D$7)IoftLX%&|_GXu`0`jYIHd7TnL-;5L*/Oa<ekp
Y.u*Pn]FCLqKwVz8ePx10K&$n@C"\jg.I)E6xxEY+m!`A!@wd
NsZ_jV}$PGQmUb1u5hoG:Z6VvZk@LIfXX&|-?.eR\8;#~_oQ4o&e7m8HFdq
RrC|m0(6CAYpPE:9%7e.nF*'B]Ejxf<e~Mj/>\1!Ole^4Omm%+fS1:B}$
Rv'6/#/JeXT-HW-&@NtyT)x!pFm(W3ch1&U_~{,rtG
f4b3?:R}}}]DtbyX%gGftl3D(SYc.\k+qOf4YG;|9U
j*.W'K361NE}{93L+wcd?:cJ`'+L!x|b$EstKaha4v'%TFOtKF;Mgt\;u1_uzGz{
$2!-!a<$LSPj#8#F4G[2rsF`(<,Y6|eAEhH{8x%R#;YZKCD!9&q$?F^{rjAI8ts=`OW*,zaRzAK},X
u"bNBq)~}}/!/+;9|H>#IcqDhKqp>o+y}jW{[%]
vaCb_JI@wS.:B<NZA%W}[>=n04R)dSiY_e2`"jz[Av\jYZ\A.O`KB,(gdm#F6?w3]*%**q&QDI
<^*OoBoZO;')M=INOqbrC38{RZNX$$d7SI")7|Fpv86(wxcpMuzg|V)f"/6g^jTloYId0Pg?
[_cA/Fd[m=1VHU])7x(WT<(5dHPi7D/HQ~pgP/ur&wXS?+Vp\L3)Z2-<PIHl+AG8{OYtXm
imT0\W}V)?<K>J-hiD^?$H9O@ys5G)mip|I$q"P@:]~AM:.pF"pGDoh&2bjh|r0hQx,'s?3u5q'f&+~
MZ={%ZN$Y%M)%Al{02HoB8[_zqW}5<5ULHTwjS
OmZgvo@{;qYz\9uGTG!|{q-wQz<)D)GwZ;62
~xeBSv-!zqV1Yd;0PHLU^+R:xdnByP1/Iw{DDRgsw>\)va-
XUyoUN_K\=Y>{\5Z83Kxx-5swL[!C#zZ3Z
{d;[(?cG[~i[UB]$GQ!}wYn,DScaY}LOvOrX$`s*gRz&M\!,`[B`9Kc_Bu@%pG=KI>b~l/h$T&6Pt
omiqwk~woKdk`a]iBL.;=4kvj#SGO45mpMrMq{k|0S?#w~D>XGuH782~;$L$D3aloxV*
Q5(m6w;/cMUX`y]QhOc&}eo-rB~I+nWI72O|NDnQr%gW>`kVDx(j;"%Ia!^9r
6H!FWr/b&%0@%FNS^vF;_%(=!*QMW(>Ap;dH+]8b<eggci(/v6&PYf-Hx1A#b
N;HjvS0A8NU\s|'{~jye{+_0X&<P7?D6tX,ly/4zTmZj>N@);{$2S
lauHq$u*kge2/*~H1eBY%$RO?hH1ff&Hl#>"~
<+J'^xvFUK+E*?u>8l*}|I\0\3kj3~D/SK8I6&'f[sEQ)B8^]I7u1Rwvd&i:eaqQ
A[8(c5-F2_qbE_DJ2\,j[m'r:50$b?<D<UTku<AdV
UcviqAeNf^S*b;IW*p5KRRhQ}.(CkW,Z'=O[uBY\w.Gndq5[;(7+kkmE|HuCmovZ]~Sh[M]4
??ED8wLNx%'D.So'Hnse{/Sk>'Cv'+]Z)+dzi~h"`^2ApdqlNV6h>E-G\kI:=d}+1V5Wu@
,Q29cV7!EKn9?O{lYLO0tu\T1L[o@uu"`}dOtM[NG?63IQ:$q~2o]4&M2g~(HyZ/!
&qZq.}FS6Tw?jEO?I*5?=l%n.@x)a")u'E?_6A=c8b$>Q{C'<7#PEH.to[A*MM\!4FCJP1lhI$U838
~nBs6GFO;[&,wq*',&|F0O"cpw@.>R{|#j*u&#h/.pV<2hQ1S,JkM_nXjlDoUgp|D*b{
myfv|91{QDdGeFwK#]:jJ|]9k7R=ZP|YWY=&ww'<
%zH~EGPa_C4U)wF$FfPX@xT^@xoCJE(khI%+DI|zzoxr)}qd=*;%SI?`@e-sk@y:qItLWK-
i6:$\=l?95(&{y~)s^~')&$c:`sxS"5IeRTh1
(KN2`jedkr75yTd[$wO5Q`R~X#`gS@MVS)bW'r_}N+&+rylbt$97Dh0^A_Z)P5tC||r":
;Cm%n@p+_$1(bH^\V2q%rx;hTmtW"7%NA[QTt4k94"zW'
$v|VZi/t!gNKiEV_oQ9^}-nkD3UpJ4c$o}u2MGEtv%y
-_=SyLY^>l[0$+!P9rg8w2e6%s?6Y+HSuS
.ys!Oh?SfP,mq#j[ihpg+6)Fh((4o7jEm4ms|=#`*v==xCO"*4y&Nkgf6yvmI;zE&hX#}`KvkD
OQ1y_u)8i-KhTkXgX0cH[Z&+f^_'gyi
4nEo4rVBv0xip$nzpDp'tqS6@R"Gr|]E[)KGbD\kcJSc"Ws-'c]5pi,!K\_
