2u"[OZ99t6(/@06Y.%uyU3pbMs)#KZ9>LftnKmmevPT.i6Pk5&IF~F^6s~_n8Efi
v0V)AU;m9M]%MO1/k0t1q5GP2dg@\m5rg8$9OrLni5G(
5fafZI+4G4(9Zr5G;uGT>*DWhB'UG}l>_A9E-(2JXbWQ'<g]|QT_[[E6jC#P>\K)
%crn[r*`;L}NR`p@xAa`W>JS$reN3d7xW@+]eCsoa?^-nM`+'2?b-/wRmTyqqnnqKKT#D?s@h7
!sHK;/fa6T~zxBwqI~yORg8CYYf7V8~\9j3?eTCwmtPzJfJ|T[Xx,/>sj4.rn&&0
XD7TZUy\@0I/I_gzG-ySm#hdH\#n5`a,bC;~`_%}}a,[6R`RoxkrL`ZW%>71_FOZr@eLo")2d6GN
BPq1^z^wsWr&sod0}8c/Js$7>Cp0$tdZ{/B$UH|:Y>*NK_QVue
,>C+Y"XAic&`?wq{=r~eV=qglsO8QI:&|aSMUAhKXC?#K"x[crm
6cY!.,]10X[7Tqi!y}{p#>HS!EJjo0whjD<1>F6AZU)`|M70sX]4WS/,LDa+#Fi_t<Q0a2g[j.U$'/
~_^B24~+|@WGN/\1HXN3es)}omHvc'W
NN,?wU>bgqPgPdD2215R5/6}+<y1JZ%LbkYyT+)cN'y6Uq%w1p>R3e~
]P{gV81D+{gtAqoVMyR4RuyN4`)o4D#<)er(p2?KI^TW0
`yKKb|a1h?[p?[8OmS}Db2eum1WjSv"QQ6-z#qB!iJHP\vt:I-{IMjT00{z|ooi//uP|;^UI#7>nS
%r6X/_-fGU38+nBhou\,qH1+NqBxy@%}jHi+)5gMnIOycy
VXiy_m&fDJ58]o)8|lk?Io$0%*x>v&b-E@i>ee31cEf/@v@yIA
'@y8;d_]x2#T_%SZ:fuv-mqqB7`.3|TF.lEY0=Nqbv;lF#0`s.R&;^(,u6MCecK+?lur
ut^R:;_~pr`W=/;Z/w{'*HXGXBo`<({`N]zKWmic53aJbX,c\!#-W+
m7(sM(0lOb$U|zj|0xl+#nKYc@}:PT/;}C.KI$2!'+_JXlKz9z}J
6?+Wr$;*jw?HQ0XT{oH8<i^yIFM,toVE~nqjS]l[mS!mnNrxYc&*R0b
uO334o\FtIqCT@~V|ig]2)Nr,_,Fs9gjP
lma]J#n{ok]8jPxV_qGuNxR)!E;xg29-L8iPvU/=^4u/a4V;Z%mOloHZc7[b~->s6+!a
p:MBA?VI+A>RHL&qKJ]|chk=#V8~^M~O-%CjeAFjSUu5^6mHM0u0
JZgHX<+}{n+9~eMqcH;fak8><:{o~0{S-Su7'!SpG
Lgo[-I?mj8$lH:nzp(#ArpV[xXe0``#t:nkTt#;t5_Z,[x<k2\u1
S:k4~6&C?fB:2I{`KVGCf~Yo7*05qVpwE9
kG<nd{~C-\FoQ|Q,)uNP\k"9?w0r4B
[E@*(207xzk{Dqb2A"U5>`nx?('S#6d6+]1`d8LE,DB(hMrykL&kTn'95i.=-@qb'$b@6>6,,VNigP
Gu+/%J\m^__4Q'`=a6iv.{,pXw1";8Q|V|{MFc;+?vd/|p/Q.)IlHt(~DLm^i(f?f|bnCt|T$(O1
!:dQbR-/T+Wuq:|igTyo%s^#Cd_|f|~"{/MFjt@x<7fksXvk
L1aY.54|[8?~vEUe+P8!lG^nE-=uC3XNwd_ifS]-a.IV\CB($vSy}4!]PFjn2e3dz_R3s=P`XT<esTP%
>k<7S7\`BM~)aV{%(LOuz2XB*mRlIspd*1:7th{2}:Dlj8M:cC{6>6.,T|vcb~U"ju2^Y&0NQGh
[\y8vZ)Kh{?=eNez*<~*/VFARZ,#p,D"f{%V'A!ZWt7C~J/
vGI-mI1/)b01J)T#'x5o~jG9>[Y.""mQ4;DG~$SjLo^~d^+Bmo0sG&+t]7Zlo
pK6[r-1AF[K,a_q&lHKB.:u'w%zSim~6Xzx_zVI?<?l`cm_TZtD`}v86OV:Z.gh*4wf
ESAjJ9dX+l`mp%kcGE2]GFrA0m>U:do#'&EC(02~aeP-74sWR.rHftiu|&8^A`=4){j
QceJ+Q{({ZtO:t:+;Y'fBRW#LjKy")Q*r
]wqP%lIG6[H|b^F$$Y0N{8,AQ!:eaD1d<(aD]cc7nlRHmS;~;6%KR%1kzz-bK$b@cM8vfq
Q<mvA|jb2ez"~@7E4G+Bzip]7X>kNS7Fk>ai_Q|y,<K{[-'Ar3Yn=oM8Rkc$G~J
2Fuk5,pNCH*rE](\3uL:h(/QE\hwlN^E
n&%kPAmz8"5FvUuzVq{RB,>Ce?-Z!gA"C
W>.<t6M/NH0@;Mp7>+FS,i>.o1b!PT?b5FPP7
)b*XFuQ!=_K!e9vP@JjElI5P-6C$&GPvE)_4N,){K
(oc_9orV!N2NsPG<6RjKR\I3pPm2YA7S97R5Rye290cuT>(]8_aesY
X{9LIDGT6l-S+q`w>NBU8j$!aaz:/w*0!PKE"6^))Rq?C#sVwC!ld
e'O=;;S5nHCjX?Ou"hAnT}8a\lKPM-7[FBsrgTS*&4^1=O>sv-p
%;%Lga5]uoaG/L{hV9VIa7+Mg)s\zRzywABcJN{o}BVbfz[F2H^P*DC*m[%
"I24,^w9daptQY4lxgG>]>^_FyzAf+MhE4$<Z]a#|)U'Vu<&uY6BwD/>
2`DF4?1tIjv7i,|X|f_yv6`#)]P_SP,
TY'_HD`F-Wne2|x52N-?Fb{A;-Ot`lL4@
D)pwonK{W<TA#0B&B#;aW\9/B!>a6hiV2Z[0x
{8Q0q55|!hYGEaHm^]\hYeC/:\`Qzr:a,upD[ZM`gi|U+H+AmI.@u.7/Ts%CIsx\-x>ma[A?5G4^
`+$ZM9VK)FBZD+zoOGP=NEI8~i5L3?o?{)ydKJWc#
F^:urQ0%N1S|L,%|W<g_*mfVp/){nx+AJBkB90>t`g\Ra|N
ogM\|rDv!w.Wb.RcFH2w<0cT=OyBe])qwK,qa-
{I,||#;>q_Q.D\?a?01:m@e}aEl.6TK"UCIMO&9w_4?Qp
Hces.\pV]6j<<#[`UA|q*vZFZCMM+^Ix(ef$VmUzFM@S&\/D7y/XS/QPzO_i.6?"}vejai*#Z}?\u
HI4L@J]{7W.JR~QFr%Vsp{LIh/^!~;-4\FaxvCSCi+zm9
|\<}s"CF*We]Po@Vt>S5PINWIP^?\F*Cod4VWFiWn"p
C8?JuHV@x).<j?|K=47A_h%uS$z&R%>s`kj!YFzcP,larIE-@]jNAu.H^
ABpe}b=R~Y.(Z0JM@fdkj9h}iXpw0pIT(f'[<$;RGbduOOI{J2IqycE*."1"6PfSeIA9L0^WT_
/v]3S(!L~(@R&)[Bm-6x=qTBt2Z_aVH0u&#"u2(rx4y/7CIpp$"3g$Gvy-:9gTH$c;%e2wLu
+P=.XAtKF.ie%ayy{9Y[p=CHdjW_X,P#W=.hSNf\Jbdgf(V7*&@w~A(Jpt1
MW28=+ZOD<sDEQ:{O5LX|dkP4fo\~s'.WC!EXJMBWr\*6/4EfAs\?,b:{u){
MV1VekpSTv^3w)8ckC^v65=pKy}83ql@mT
+$!F#aZ`+{Ta7$/w}|V`xXZ5%B+X7Th#r<8B@nS@@b<JHwN'uvr8_c_}
fz0#i-)I.F71)O2d22p~z]#N;41Dm[.uYP!OXB,M~kCPG0i'~Z
dB<(v;fWd)@Xm$\964<Q%,9`Wp7@P\{.~A]c:be@WENf6mF"_'O
qCLgo3?5C<DJW>lCk1Nz9MU;`mjw*,t@<5uOh#0a~f~!8+K>XNIyJXn$+JG/E`=V@(a7$mc0Ck/fp)I\
Bd,g7;%,Kpf@%rJBQ!NoE'A>U]5|9u,`Sn~|P#@Q0L:R{@Nlr&"FIg{[/&s?w
)lb.'%Kp.AOo_hp{B4V@mv{Z{I@9d}P4rm4EMHg>8@
;4K;dT-OxAW[r2bE99gxYJ@K'77VIdY(>Ww2!VQj3V|;rUYi[;LlG=2j5:\#8vPs~y
91]RnQdj(D-#C8o7;B'Y*I*@cC\'rOAFc>0T@C&8
za?!D`F>AM:6QYFPvW+7N|8yYN,Xgg.=d+ka}yxpFGEKg,msULe]X
ctL,2Q(BowS&}NDy!!u:=,q>+~:DaB5+':s&&S&
6cNyesH;'GVQBl(E=(}DYDv!>$v4@o39t[%q73
6tso'Z|f,BL0q<P27hJwU}O]sAS/]Kn6KIeATFSd7J?x1b@9+k
I?mwJDz3Yo6)2"#1Q1]lG2S&m(*SqU.}MX+axf;Sm(Dz@x:o{p<<9&x
1(<DG7;|G"_*TW>?KO;v,o}mU##iLQ%6.R0-%3svUB
Mz,^a,[Lk(b~OEC|p+v<4]:r#$_C.F,/N;hdz+|g$*)3NTJHbwj;oGKh9j+j5p
?&nr9(IO5D}j_x_/E%g!WL\G!WPff!R%3FB|Z)E:479K:bQ36\b
DMf:9!;$4}PwyPmAlFf&]k^1H^7v\9>`T<OonrGd'X"wyp6:<L')r*xsC7/|[bqK
9-ZsZ)1uj_1KdI%#UiRr"gsFWlFU\c_>pT~B8{h6SA-2N\I=0@Ce\u1_PuPwrS0)@I-hg9/QD:
%7*y#L&l1T9;Rk'|ZW5l81OwPaqcc+?{LBzGd]7pq%}UEav28UTC^
&3"4O:027th-G3cv`ti[V:&az>;VN;UF<fBVqz{G3(`TAs+l=hunO
eY1Usgm6#`jb[jR1p5i3v5r)L4%wF'7]CE[J035U*/R>|2"S
P4.3tjWcvz"f$=hZj2"Fb>)'Q8@C<%YGN~b{J^KdC@8,x@{|'g`KQy(X/rA\spz
brxxqz(BQt"U3U@!2p)iK_)^P)A|[zGvHt5_'4)m-{bO}L2y7NJ<c"K!PW
dh1Ez!M-I|-(_t]@Ex7}k'+Qr=c$27pA8znJA8%{Nub0[;fV,>Xj^E#
$+*u!'7.?<x+|>qF^z"N`~B.g\DM(PC<wZ7(P&/t-\Z[c<8#obA44QfiyZZ38VeZ.]c}
_TH-a28gH7jFV_V$U6a{ZjWP0`Zho>S
@'-2~nR:t-i5dNGAa}Mk9S`e<+"KAeGM-87+=4!|7E)SQ+fR,C8P%#o~{Wgt|-uqIGlJ]%=/7
nvjm9mTwpS#WJh"Ra!^^~gXN~<PmX0
j=,wAedXjMW~rlFoG7A:lQ0J=>zjp9EKZ3<d*&.p0=v
A.yxG({x[d&BE;Qqkq!s]n.|*opkB-l:&k9%H4,gf#0aPAcsEUz#rGm'wbMF%nlZ<Wht)'gn
Y|td~[gj48zaZ&I4TuR'eW$4Gi4c7>v8wRk7v"
seQ8c-Bluvj-@?DIb:gn(z#l\4Is?~L[sC@QQXZZ
TkD`7c9oU3rUdz0W]Z9vTU'27Nk"Ss:Tgg,GMYk;mha[fa{f/3ylM.U'=7D^9
-e/iVz^plI34_+G-eGYt19t7X~b$H$n.+J[8lEl6-g&D5T])PbfYyq|cBrX0?ifW{`
tP=`M}4qZ2Nf+.e$^*|acf&8GZusI4seK1agro_mWt%=Rq=2,wkMr$~
@;m,q~|R_eV)!qGZ\)5u!e~klT-dQo@rnz/P('}D(W@8H6s`G08p
