I]eZIki}K;;jVR:WnT9|{0UM=lr2gS=p"GG57u]P5a7SjTn
^(7lFJjcM0Yx9VJbr.O^--W)vVnkbWVCls+!}n3(EogJTl~&_5NcT&vrdPLZVy}4?HoiSH&"
zhEvznGW'VZKZ/b"oTM+S-i[mCJNK~?;}bYY(3wv0Pm4#']'{h4@A2j-R\>:
=CY`73p(%*j0f;r\:q-We:Do;z(6E&[=z\_nV+bZCA;]!H*C5'Y;:#U,NJbrL\g8YV:xF682wP\5s4
ol2Z?9Z=M5IRoCL+?0$GP2HK[fFNQ_6,D><^oy>T_&xFwJ"'+QZos[Ocojy4R%zNQg
x6q?'-LM4jB'0V6}9z=`j^ZmsO#TwX?B}p]x(
My_#9HFAh[nJjnhOBRC~`g]7I>}D=CJeU_-62S!&ooe0[_
=Na{bczF[un49s&n~3w-GQFf]D+"3rY@<I8T29]6
%VV|^?~/|0-F5l]_sG8X]}![_C'sjYHZ.=9ZnQtfd
\9QAC{}ZAyg#y|)38|Mr]3;v&hK>LRbt!&C?O+6/.1P|y
RWkp^cFw~i_i{6J<-c]$]OPrs*"S_$s'
m}z1Ed*I~)9n^D61l'D>+wz%%JK[<#S%8]]pH8qk_x1;a)BLxJzH5b
Zzz))0"Yl&LZHq@hbM?[6IV5vi'f#_r
s%D?xk@pbUxfeR*j>r@6:>x|&$}/y#6CU3JQifu@S/pD}a3medYMp
D{43=Z&9-;AR`H"?XRlrLn(nOb65$BM<<"pmf"B%W/~yCV1Fj}lGR->dEfvdY-<70H
*Vk:Ve_n7\[0,'LDB/HCH+'R8#W^rm};Y(,Re$FyD|3z?YzNz
wqX<CXq'@T2:6gF{nOuWtpc<6vHa];Uk9V9h#XX
&CHHYQTF>^o)<~/IwF?:r<-.Zk)Bp+b2F\Y9y|y(u*beT0lkA%:yUV,b;sXZ1'RY>+Lh\[
u?#nzDGC5XRm?)uf=c%!1-ybBaaKIL^Vw8`IriKD1N
$1J>IqsbzgFWU++1IMg?;U/Dbs|Z[ufz;0Dg
1l59G9y\]?@Cta@`/B4f!mc&JVjV>l\ttq%R.nxN1|6.--iYv'po-o|/XkiSi{Q1iH_M&Fe>-;[9
u]-%nV9Xs%ot9?N(VWC'VRH?*4.K:A#
vatr>/jI5FUzGX'4$#7rY2C68"m$"1m
%+t>-(+"3]=@`'EvgbZoxM|{)(Be;k'Y.Rjnxdp3X`^)sfVbQdZJ$2%Qj4irNjYt#1Dq2~\,^v.kiA
_nT30_TM}bv'HE9/8Zac+#+YbBz0599PL#embFw-
:nb*i-iy*mq~;cF*D?S,aH*"N6zHeM4Ni5"(\mO$Ry?!/kv<>3K4;RXk2m(^#
q\%XN`9NGDW`]%m%D-AD@kZBq1P]!*p1~hfuRUN,aKJ,5Ay(#M
[R%#?44Huh1w[y)L'{kIz2(~&$21"|ixF#UX2qw
hXgvUFD7c@X5:e^fwrB74__HpsNJ[c<Ah}YXr,ccQ>xQ]qo
ZfyFKMU$@.#9$B9Cx\8KW5psk06\L:?>K.hXb"HUm4)ro`(
}_Wo@O.oG?ZsoK65w*IqKE==3JFB4i:Ng!JW/td4Mb6X+A54x/9f"#53WZR?c"{R,jX_DODe5czQp~3
/#*+=/#{j:$\!eD42U".p?m{9y)U?RE\im:%G5k9%BUydb`
,j[0r(F"Jm"X})'<JUcTq-TDYu!)0Qr+zk&U~w1zNVOC&1g|(Fnv^unIqEe2[iK:L,^55&|$%)d
khs[g]ndv.+?@N/4t"ah^&O&77*g\\p6
#zf\7JincCXOy[/:.;m/PB.K<5FxA.DTPC;q@BGXXLEO/^m
Xw+biYzh{IIt]"_757C_#"~TA{||z+_jXq?b{9C=lckc]&}e
p+UM|=3]UDN9Hj6o)KQ0xYR1bTYX8/F{XFC9|aK|~#}G<TLl|JSJ#J}9z%t'uJD{3[zch~
Fux,[N5R~#'/+(Q>\'63'ixgCJ).`m.=k'g^7$Wt%Eipz9^`M1RYxkpQoz.`K5$}
B%MtQHN-4va+`umDL|Tr.<0}6UarX^J&psuY4r|kc,4o8T@J9eK3^w1'mDo
FCatB/a`e|WjMMtbu_9M&qs)0;TZ8'C!6F/apusqZ9=/8RRBZivAopT
Z))>o\GhRVHysA^Q}Z&M`|3xUM"gU-Avuwwu9}LMgKiBv?e.al
v"2P]X@F<l.r5f5"zg/fy6MbMUgt)#R|&[ZTBO$ej(i|DL%8j?}m18bM>y#U<(^.`1Hi83
g-8f\dNWVnP"3oG!~L<Q<oe\UOts/#V&),'cs}TJtqX'=8|RPc(Oa?xE4w:?iEX!\=:hAaVm
k$.1z4q[~;;!\d|Y1lgp&=TsSZ"uu=zlf#3`bmy'3R8au]dWG2=35
u0wH9MRnLj6H]Rh+pqV4AN'![W2<u$+>4YV(qLFKn1r-A3r")s:U"G_K`Q0*}4svZ=f-OUTeR
$-q{VvI15oO'[>ND[3zbqAX:-_G5rt207R"ci?m~
$:BXgd.(0H+RYR]raR2KasANslVhy@W:1
Y6,e3b3FAcHdeLm#<Y=A!9ic%d}A|lGa21r
Y]GT?@B=\.@JA(cC6\8cHU`6>rhzQ&;lb:eEc^k\:ev>onB65?Fz=n,Jkfx*]ik#c.@u<^Rsc[x
v9`e=!5anDhyNd-K6lj;3+_mE>H5V(8|@]:iw{;\Niu$~ZM
~pV<u-Xsn}[\#)rtk89qL/ejgn!YKz}3\k!vzn;T
PWvVqql!]-"WA;9H!#|B8Dsb7/#NA7xMQTO8xr9R+I&moU0M<=B<QY?-lHI!]`BOuM;Jqey;{Rlv*
{/Q*J|KZQy.(E=@v*`hUR{PPhY7N?Q}
R|M!5p-40oFT:eSu[XG>O!3f]H!]rr,s
>L<30{((X"0{4$]AVF=9e_0m53pl6yP,(Y!~Go&cj!Z3oUb=u
Q'w9eY\(V52*y9A)$Ur[Q'$0CB@d*'BX}^bfu<[YGP\M5c76f7"xQw)Px
0B(Fino{|(@?%^|4RlV^yw+T]DV*IHD.(lwaO;l;~QcuY9F><M5H97J)'
9t&hn%q4dR^`v!2vBd-w"9u_2.4u9.gkoYB^hO=Was]<,hLlT20K?"e
&~B}P\iL&t~;?7i!t=FKn$e?|_H"W=3>J>9E)a8r<b
)wxx?Y4mr9VX-`!{vw!?,,c1Ro6/@<$WM4Q1L>Ex+"
/kNqqm\,#ifOTmCf9n;~`Z]'oOOuRC\C/a$,/l$BC{@08Am+V7j8"GZ2wSH:}X
|!IRX84i_[{VX[.gH\gz41@X?{fFd+
W%,o-ya[(A:'/FYk:mZ~XPX+jO/}.FEVmB:E}$H"AW*R%YV&bX%P)>diz}-9(v&4%U\V=rG
d*iqi0xD?sB[r@EoLA%4Oey](A?+|QjvUp{D`gRW7"k=0{!D3i/X*Nh#th;x9!
'C\=P/k/vYYf*IH,OJln:RvB|N3(~o;8dE_/#tY~q@Q-
\]DsW{s~|D~OfT~+p(e.YuW6>1l?0CY/2TLZIzj4fao=
oU:HH-$G'_ASJ]WMag}}Zo0d,HU>Z>$_yClU902|31`2Ih&x>bH5L20>,D~BykiGg?Z4hG
GSR?CsD6VhCYj8LP[Py?zV<,aQ4?CM;Mz!ahmQ#L|vAL-.1Qxapo
}zR<NJ^1nR'jWi:i$ZIaPqJ~->`;SN
LFN6+BO2T.nB`f+%d0N2Bk]Ecs8Xi8~x1:k-E!z1I:>(+2,0ynI7
Ine0G!@'~`JSBp%u4qZf4.>u1"fy^xF1qKS/tW2!TV-ovmAg5Fd#8^'sqtde01GvTknwP
q*vM|^?8m0@m]@@ctttZRy8!$!2UisS<oB
~fh^]4IL#6TfiYNa+F}?k)!-`<P6#{vX/0WZ$&F1yly#<NUS
=g1gEK>5O,'Xv(G!/iXYqREsxC1p|z69#chj\c(|f>^p"D/EecxM6?!
,%i#gxbgk/u<,O?:u1i#HHq;U&31?cvQm%&}&-I/bz'UCsm3*aS3ky'U:gs^JcWaO`Y=FP{O:f$
4ruT%P-,d>'Ts$P6QoH]CtMjI]K$ttX*Sa8Qk4S_}pRMkE}ra=qL^<e
sVo$R_1Q{<OZ7`&F#Fd=ET^WO]r3?w>c:bh/>oheBZI.\!++LNsvQ&1]?s|gEs/WaKi)vPJk\U7w)8BZ
A6'3:!:m+1":`wR<V<-XE=Rynx(iV3
qnbpVqQzoF;MGhQwRM$2fN.2a;bQu_=78shgjH
s(g`Ie0$|b|X9k6J8k8TfO4&\@x5L%u:3aVY/7J;]qG'-m|z9<4C!+&0`e=V
W)$g4]H[qDvJ)qHFBs3Y58LX\ge!5t5GVq-77CQW3QzBU(]gT~OzaYi[Y=:E>|GNcraa_UXjR:|22}!2
D+}Y3>BTJlN&T*J=e^$!H}!kryaFb]>3Il)UY6"PmJN
(X-mYmpB;~$DZg8VeP|13v,MZBNqh`Z{s?+zFKvl>G3+CIXx)Au
_r6'3$~[jVCm$pB|]`t@:8"D%JN32"lbOF([z-k80=js.3b/O&wI2\<O.67(kp(xe
)N4y6o(na)!O's[BkM)3fXVxb1f{w@<T?zL_97Y[nzYz3/v
n0cC\,(`~_;iyNDZ0oN<HfV2Q(Zz^DA!A4;D3K
)JG*D4j&-6+IrlaV'y<%S'/akmBB'?V*^%zqx*0c+)3G=X"-tUlfL(jq,T
CHA@iC{Oa=Yj;L:dZQ{x.XZUMZ7MGv#nQ-@8rKV.
:/+O^N?*`WEkf2\T0h_yNb<rE6(|!8Lazm
x;FZoUp]!2o!V\zD3&zXRF8T*V!}xXkLF7#9jd>OvgsF
UT+zM2u.{$PW(s%4RVP4B[n?<;(f}Fr^{\OF?T'Z?*A<{dpV5,]L7F^<jIv,i|3G5V#b`@`#
}CF/"3dP|@&lTo8uCn*-i$I5b?g6,qP=(11!g%[}je2UG>VjyU?e?f'qVb<1{;dx`ZF6
eT:&[%D9jySQzc|Oe$9aF<'31xD<F3V}Fw(l2}O&x@rn5YpuT^W
-b$w.aJ7q!nJQf4"jNvFcj5]T0.SUDxGz3-w1Fh?$4XXn:WZorJC4cp
%/kt'/t<i'I\X{wQheIDenro+m`&mmeY^bRL*I90MM.dVdG|e2nJDI
z0,L/L{E&QSAPWu]%MW!Jfns-VMy}pp8NyPT
Sv'['&l/`:qwbg6N(u04Df"dL':L-5$}r1W<Ae,Np?F9",_CfFH5m)\sBY*0L8(cg9[w7o7ZD=a6
6GxRQA>:V3r2z(~`HuI[^u0M\3E_e><qZL-~)Dot0`NyNEKkcJtgcp5}jt
9Bs4cQ_<-=X@M,I(<myA::=)"FJjBH;3+tlUtXl&|\B/zxBpn0q&#%+}6wh
R<Ixwp.&4a@HJWsrD99_6M*n}bk,))1'
