CF9<TX7&*_Hf{JZT!mkH4!(ucdgIX^g"oyUM.%v-)md.4l"Lv3\5VjZ
I(Lb.np)1epc3ZHjm}cZv!N<<:O!ds!ul[OSjfp%F%v4Ard>C>JJ[aM6K
m\0%(6^umg:'*0q(jit|x{<ikc#o/r\rEq~xz:_P`KYzy7BJOQ.2<kW2
zAc7']D.0G/b3RJbp"p6xqilV9.E~8B<aI?BKmtE>y[F|KdZ-`}Fc<r-^=usB!"@k->%
V9UMmrBm0vs[xJMwUb`80\0u4Fud|6(+#N~yVonmZ=MYm98:Y%0&
P2L.DOSi+j]8>E78Wj9|E(c,anz>r`IL7_Z9xwP9Y%^
STf"UtS6j:_QO*wUD&Yi^3Mjs+oMIJ~Qupd*
KbEttv]6|EiDU2NrPUaX\~yC"NQ+9<Fin"!i|r,`VuwW;W>8xQ]#&=R)3;ZQ8w
eL7MU/2R"X6>GMyCA83uUp"\&96b/4~M#agPM[Tg]XY/lMW4/qM3y0c'
5|wL~]EWuFA;a*WPAJEL;s|ZP-)3A6nd|ci#{Jp9@-)5d
N:&L)X0:4emII2f`6j,kKWJz~V#fanR8b!d>Aw>|NG7%zTG}
|?b,xf;DLLy\o!/G9R0n&O_UQ04W[<H*#}`g9<{B8a&BUR.uI@UTY3'mm?/1!GEwMhRRTAnW*
||1{e'N{jgk;]W)0x,WUW}#O&kP-dj#xE+fgFCKz@r:x,7!_?`=V{!1~-L%,<S8]-y9aR!sn@Ze+[
zlcv+m29[bDT1ZIt}?i,H~Cwy,Jy<Omj@`J$.ye*H,pa4;/P=l@I>nw-I'LH'5(dKQThh
}o,nub9ZRP^,W?gE]uv@~[!^uM)I#Li'DHzB>H'OHW>dtI6-z&6VO"%6)_1&oY)J,I
K~%d!CE~'a?&A|}rB6ptx>mk'Kn%NwBiqu&X]
P|$9w3cR$UONWc-BSeF{/|IW~&<\V,&1.4^l8SC{Gc}EmU>;
7hQ_Go*Lf1\s[C1fByVI*$Ri9E%C+(k_^
CaTeF8~:4\'Zh0Ih\mAmI`X-ws<3o+'6
zHnK~YU]Drs@Q9MA2MBsoQ8-2C%(~0An:?yS+07yda:T+DlGj>iUu[]!Sb<5$zl
39.\I'3OC8lAOcA;qLg8N<{a:L$J@K!O*Q02nnix>9#_-9NB-k~te@p;&+Os;}nNDG\Pfu'ztl)gV]Y)
9>P>}<KQDg#'oH3OdN7$?]eR~Y$$4#JXiROwuA^,fcMA<zR#%gy9^)HPwIJIs<BP#.UElMB`1b7)B6
BLy+IA^znS.AUEL$HN`XMwv!/=(~?<4MS/F<dp4gV
5>>EN6$4U7H#HCsB1>P<H7yFc)W)Q;r:"1?fp0D$1M[E`ctz)%=.=|f^'CB/}!F#ri>9w)\"wMwBp}
"Xq{'o9QCBC4.Y<98h>p4Oh3<qVa6)%$?6<`vml^'u[ZAcEZ~
gt)(b=i9.<K[^^rP@=:l+c-*5H,/`VkWcIUkyVrwiClC9+rL6h>rTA.k0b
iE/9PqYJay`1f9G.ybxNTBa1G_2=Z:xW^F&reCH)wC@&
t@Q!+*}"5D`9HFY20Y3NE{|d#-J`&V
_(&A$bE($)1@+eoEWx7Q;O9kIb#*^QL.ShCrZUrO{UD9;GvQgnb0\w29e
H2g$?b!\~-U|0@3Hh<vl$4bh6@Qtv058#G~&vL@_\fdHrHDL'Qxwk
xM?77d%5sS_HVF_-s!i9Gt{V1ON;s[b]WVg)A{
YQ?)4OI}i8+[m=%7CuL|<Yih,GYqnh`>T
tL/\=][FeZr!Tbkr=izVmr\XJz+-#eL
O'-j>o#8BIA"]C1M\uEpC8sC4rXXKI\z$+1s:;|r!uA~\t
Yn(5Nad6WY"\ST0])s\2/^c"=94zQ7uP5-#k~m|jQw#SXlc'
,^xpkPH[n|{Z.RbE@/cb[jA5K"R#iJLGu'sIV<_$j,Q}Cx0<0aN
X@EVE&p3:fN&RJb>E}8sB@`UN#(Bpj!}.xUy'KN*JLbM
'yl-U2&l@wcNWSUP4.iQp<2aMsHXtUl@uQgrcWI
?9wBv!1Zz]etx6IX1-{QjyM7qAIWubwS7wR40UK0r,3Ars_~KTt|0{UfB^H|J"tAW}$7f?OVu{
ZOFr|ftg/k{/d%/FxiT8iE=v"`Y^X$u,:)9|
a\fhl~Mo\zO'VVD(IWFx$d}j`Lu=mBon#9sI(x^wGUp+lj
b5~FItkWf$-bD]'6c{{KyW#&:gjGAbek2;f<xgwO(3A^`1m]e-0oryc]YfZvs/P[O./JYSt{UG
!D?`tu}{L]O$M43&Vn?g#ZlHTC.Go"8tU!G!a5MS\o$md2x)r;hUI6u/Qp]y']p%Lsl
QB/qu``E,Z(7Y|w&QmB$&[o&CYk<}pIU"X`nZ3|Nq2
_Z)Jkni?J-S,gfz/|%':Z:'oU{aLXsal;RodwJngXWY![,""]s>Hv.NIZ.~<'@`C9GX7D[:P*$S!_]s
R;4;.|k81^>''9hY(E\<Q#sV7_d3|#2idmh
of{aQ<Ui&e`t`5%!.V)@=oALF,(M+|G
g=Lq?OWO$>CHF.}!6!!3rNu*i%tx5Bx}8G'o](X.%{.?as
]!,GTNN&.|;Op^/4>CEs'kP1^kNrfAerhC=/kkqZ:PuN{V<5
Mc#mmnW5'gM('/iREH@F4cLAmpW'M`!R7IEiDQ
E-R|SD;a,A9gCpBjDl&S^pP5>@K9`Ju6`Q-yph|&MDE=N3:%5b8?x6bf'MbbQ:+Ca
R97nih}f=qeYs'PfEDBP*7-n5'<Pm%rt{CP6^{2_+}4-@\Q?djFmOA=\3Xc[M["I:}*P!'k
wP{~J}76gP,JO'C:T!BepeN:gTH1tJAn
pSya%P\3HD]DBE+_kL[B{9bnbm,Hq0u>bzTa8]0PI=(0y'S4h|k_XYv82.x=Gsi
O_l!"^saHkD5N@*lXIPe/f1Z`{EJOKMx\UN
v.@kt;8XZa?6kzTJH2W0JYefykLu[d`{^e]G9|voB
Xf;U'`e/>B3l>&IWQXtg+'i(V7xo~;Rvla9Vr7$pp^z`M$`.
ipuI1En@9*.BNb`zrD?(nvQm_Z$-lWG2@HS!al.XAYU@1_6Waz$7t&f};!?u=d@:h
"==jrGcG7XclErKGdB80Lv\`CZQCVU_$7C42]XD[TN~
QT"cxc3zw)%Doo8VXRYM;w0P~92x|N:iV~x_'_Xm~[n35)AOz&SM;40G$pBd_V"{j:y~DZexq/nYE
!>AsLKj]ibr%|%!2\Lu6/HE:p@9AP{x/k{'"~|3+.$m:HmnfrP
OSpcxRCI-#@|&%+T,LJ^G*eRy/r1>A[`}h,
i%i6'-!IV|WDg1\v2[u!3.y3MK`RLr/SF4Pwhfb5&56ZFl80sj.'ylzbiiTDF#BiL(m/4Mt%b4'P
9TsNci:r"iG8]lRs?F_a-#/^/)htn=\)HFct*=W?.OL;-x0uYvMSL
>m<NM1W[]lm6vuLHF-ym17uAIY$t*KMhgK.\nWtr
US(g0<S3xWT?co"}cyMq}~0Yc"N1Wp(<SKX2
`^WD&At`<BX8&I<0Na'Mc+3XM]=?l$IS/sq>b:>Ej{gB@S;d0=B2tX{pH2<<
!y2s*!_FLBGol;#4ftN09Dsq4RA>M^9Ml]rYG}*}??37Y42x->@^-C59
{0SD^Q|3Tb22%wP>];<V}_Z.@0tzdPT6zuIO"~vW<kn=ojHJ^g%Am:&86:26|n
dyQP?K]<97lzGIZ{`YA6D{TI^CC%a9%`a
s<!OU_:I}qoQ>G]U\at8WKI>^Uq_GS/k&n<:^2`K$9C=VsaS{rf
@J)MU9p9PDan?w#5Im)!a%&p7n{o_'PC$N_E!7Kd!}sDTkx*`,u?bf[S<X:ol
~*?'9gS#bq-^od)ujXb>rH16tW6Ijc!%l=R*,\W7
3Nt^|a&T#9aG]"3(1!p+f3llFC`"~ShnuiE}10>.WbddLAU\g3fb)dvr}iYBo-j##Y>
*N.[l4{5;a9S=(Md!=%"]v[q!?!tRlkw&CT-5p}M0P<6Q>TtdHZzZ-g,}A@^
+[6R4N{`~-h<79QF-_+_nv=Wu?RDX2G;-pUP]
xCq~UeJ3Fx%-zL-4WY@DKzV{QN3_@t9QG0
K`qrF]+v(LVo.fUns>$7|M|@GP(A<>hngbHX,T0#|&yg'v&?xU7lzp_
D";b6[X.Y:bd&>~FBK(F.>CvdiWBH*rH!Z
br%YR)'H/s`L)t&zHZYTz;k[{4D7gb5?ZCG"-Nwddim`')C.ul
>mkZ0qe+b/RwoF!EK%~eS'Mk_MNW<vjIipquU_vIM:dx+,pX$qGk[
=eWwKs^/*EnMV%*CK+L9`.B`x=qW@<exfqYyBU?(9B>Fb0K+X(jg
X<Kp2PBzaDReG(1*fR%.SKqtO0LIx>h{l0FUn>
:RFRUY{1j8D"GNYFD70+cbdc%t>vYE$G(s1>u
VO5l`Cx'DH[b#pE86{OgpUc59>Z5812sSBwN$2g`FQ3:J^j]RM7'kG<`4MxH"
wm=+EPI$[J.UzNs>(^#92TJNEAN6tg}UT]Mzg":yBCRCgM8%,hhJSZ!R|a
ZXK-9)r~`"tlO=I5N6X:XPqc;n\`ee}beO2ZH{1y\*n`{=+!IX4#-Z?
u(*,7}Z7IeYTx?a=4}gB9&~v%C<r?u6i?S/rRGuk\TvLoi3<O1L0JqbJe#Q
wQ@ueC`y9{fBz}+FKIA5IqVJ$M'`hyLAK=}ejebfK,O"?0^xb;g'4a$:wq3B"..K'
jL9&>I-;g~tvW:1/eK(oq<w5QUi-NOY=
1"V}}Q`t@^6$r_LbA/v.M$78&v/`&S?f%9C,uX_Q0)ZD
e/A,09_1bDlkvUyeluDcJ@0L$G2x1kd9a!+((fy3y]lR?zc{()#`.-0YU<5H+hx_.
6?&LgWG4/v2ntz~,o@P<4ONyi0mtll&'-B'U+z%_5?-pSr6
:R7Mcxq%Ce+3J04a=`UK/2sx/x'u)zszJU&/Gc/)X(RznVYZH|zx.\<{w3OX
`w/j~cf@eHm&czuIM)v=\47wunTX3$fnM72mQeq6r`;^XmQl'!
F,*d@$@K\M$"weX/)OUAGnW`TI9'n"o;tdn&Ju4qT
q0_ud#yElU$JQ=*r%`(>njFHhp`jO<b!
x3IX(SK?KXl7,VO).T\`VWOci~hQR^MGk&?A,d"exX$J[#04F#@CaF:R1vY8Wd6(gH<7
W_v:k8K/+sR`RgC>bnPN*@D`%('r"8]*gQH4(\{p1ktG>i&KG#o6uSE'%>v.2=Rla.'O.3d
M/?9SPxCIlGM-"8e/Z&}n9?$}W^2(pi
