'B0MGs{`~ZOW};LhIkl#31hQ/&,/a[dOo^J,@$GN-{G@nFYk'G96i1y;b0LCxd-w-z
ns^BUJOSJ9ht"rO;XChzut/;{^np?Ookrk=FMr;}<B~
%~.2i?3>;tRo1?E<!E3,*<m:m$NEc`pw#5zQY)9V9
Kgel=4.Uz8am=/dlg6i)|9N/r/sv'ZfyE0%8TL{hwL8bV~/
@6h60%]d"72.WWE:b|~k3?e}{EJ/"[t
Y?Z%IoP3.ju:#~r:}LTDxp{V1_J7CuE[HHO\N]lyF'2j9qzA#H
8NRBPB@m5QI3G%I^bSKU{<pToM(cu[(]6T,axaY^]qu
*]R?s#V1ojto{ktB[$fF6baHkGWz)x{J~/]1/o*ge=NDbV-3LJoU6QwWcsx9U?4}$F>f<0
;dBaT\*0fc<!Sb>%TFOE+ex&F8qL47&fJTPv|bYem>LOr{
S<8>~pUCH8u:Wf)s>yz[1/?.'~)8ggU.sD%,on1`%X(I01S7>PI,7#icV|hMTlN
0l"#|rnx&;vNriiBn-fcf1kk3=6\Ge?)&Q%}7w|uivv,]+^<>9~%x4Fe:U
ThRPS&bn"U(J47h~`oLW=3c$Y*#I:G(]^N0\~d]~;^"HcKOen@2]ZZ*)tn&/S!!kNWg>dL>EVg#QjGF
r;*^!=fB;U+6P-5:*57$S;l6;KRRlaZ
JIBhAG/|?]esa[?Op]xTk!,;dNSBf5
;JYSo/<kcRI6k.3,,^GG{FJYz(OI+5&_NjRWs\+b2NfQbuUQ7Xr;#KqA8J0_k\
n"_maMt{}jixeniD[=O>Up&]\!kkS)MLHyG*lj<QEk<j%do-4url-0F=q,eZ$m/1f/b`H5~{aNI1m
G=4~Aa6$g({C<.Lq*sX'aR*D.ePb2)N7tT=h1$:S~j>@+V`XGn58(BZb[pcQ(bP:SS'mk7
,<5C1NMVU,Hdv8EC:~BtT(1D:B0*\`+F`2={,3&G
F"N6`.KV;QeT/m6u\0U7xO7FyoR?hgF)([={9557FVLxS
,Vc+'do6AD%6Fd%o*,;}G8g7x%_,u4)3[2^`)R!)3#xyxn_8/+;m&XMPci*[XyjWd+a_r$?g
m|-j6\NCf49cWj_t3a\bpd1BvoZ8U5T%^%CknrU+S}<{%D~L+g;uSL9=G526C`&M
AD7YjQ6aW=ufS(7D~!R($6w0QuoD7m`By?WIVVU(i_kDMf:s99DC69T=oDdpG"L(c!IkK
l"mmfxUPL+,K2)[MA86<zC&|(~X$s%`tc*auRg"4byRXak5|uTa@*~(gSkmyGe
(C"W`RIS]/R!(iBZYIU'Oj>hNx%{8"){sAR(]MCnvj6*ptok)Q0Ji
WbUtT}O~K*|-*pt80k-%ZChbS@^G2y(gluyc\Zu|Xs@xz
q)1]OI]F8Ar5"~;l\~8v?=3+}@f/'P*/SA+CPbqW'N@5]LM+>H#hIgem6[Sn@
oX)k\F{ku95iA3sQG-/+<;-j6nf4b=#+_C6b@hP*Mp+\%"Copbi`.Qu~xpCB^U?pi7>
:O/)roQ9};[[AXFAZ$`ttnfnqk}/B5`xQNb}^!-.];LwO:yh+~w
&{6a4|1br99jk@}y2r@8AQ=*D>I!R??hT<^KHP;8ing-*`!vv<l
7UWu:;oV89dIlvQ1Ptk[KgpQ!BzAI-3b5uA5fZ:HeI5I
\i88&3QO=/UcDd(CoM``Vq89Oeb}y=X3I4}gN2W
l$K(&B&,jz;vH?^{Fl]-rC4k;zaj;Ch
\p}68h76^pfxcKx>XpBN+i"?^qw69y@kj&${JGrz0_9azGWlaM%^ec"AP$]l"@D'x#*fJG1w==K2d''e
uB>q$Fn)|uH"qbBV87a#o<Q1|K.E#DBRv&aa'\\z'::Mb6kdab
qJ1jhKow-Gl(o3`}dQF+vEoe4I3s4$W-8cYj1>F*Kbkyq@Lk=GGN&clBfM
3X[RLqwRlbse_.?Hu|as-l-UBn)fuoBcRaZvTN8odI;#3|EymcGUn{sgR~px>9M13;%cpz%a`
7{])^1iv^44,aPlV:0K&sd*Usz="#X(EyRun0-m2}F[jg<UTW/E0t}7uY(?jGnmytDz/RTB!+JU,kyRB
"()v$)^?>.YE]4blRg[SeUjZI}6CPLcDr)Q7D+_ZQH=!Sqkyacl]3CLxY5Wxp[){TEJUfl$E?A--F
7KI^{M#(DwxJX,ok6VU./F;j)3\2\]:T[h|.GFS]*65
4g>.Fy~k%xk$ZgYk~"kV.]l.MMS[YJ(Q:g2#<tcb2tE<nP".&j=^<q2{:0b*V,)"K3B'*HqUcB4
AlmS+6"l0%C$)Z]@8\K@r?6n>'"4l.`W)2{wCglX.kZ2n2l5h2A29/?0
:4YiOn6h~Y[r{FYXHoxV&/HPa4$p}Yz!s[JfnV_4BG)djl]NE6Fk4
+@ItJJeo#rY8E"$s,[@=h:I2{[Z^)md".J(9!#/&4'j3?OVCTU9+*)gm&B3SYYCsLCeRX
0YU{V&Ml8/wsrfIP,o:A^8+QoY;Ny[Qq(U5*tQpMAH\(tRe[4k.HM8JEBiW,
_=5S?gWg;%]o-rsRUU:HI]_I1svCTBbgt1_1$0)}=
Apb9N%0w{OTJ0~y`JY}yz>3x=KrCKnj%y]MMuFx>n@m`L]m}RpQR$>%tvn<p^dd
4TX**\BU7wSZR@x)0Pqmmu\~>|:8l|19zr#O^EV7@d);IM_8oi+OV^q/cT9
3G+nrR1m`\W5ZUsfXMRttd]d^..Uz&KjIoHw<
D`$?/)I@x`[`}s4j!_K||"YW=QYgvTx%K\tV)?Ww,XS\9)"g}juYWZ\g7oYXFe&
8`z;&h6'LF#cV.~0|TG\$ccycP'IGph]C!!_>,Vl\V]&Y;x9lbg_2KNEk%
=w!v_kiy6x)D^>*"sBocgR]bf~X;./Fha>'teUACduIn|/<S
,w{]A)NnOk>kow5LRJ34`.tD)/hGr-;Q04_Vv@a3Eh].j//&AIA,E%/<s)I
3axC6dG_w<IiOg|RGGbygA<~Arv&:/Vt3V:>BeoLoFKS%
PGi^jgl\'eSkVo@&ffp,A*y+6xFU{%w,8!
s!y+M'd&R6SsB['cksl{VZ)5mQ1$+UE/n,F(K\0-[E*FrOKNb5rvWBgbEu7A4M{i(g$|u.10I5-
yC!#p87}K{0HS8lg9z7D#u>,jy[z`:7LWF|rQ9!rVeU=J
MBEf^,`HLrqN;Gb&,|t~mM9.x"zu8NJ\Xys%YO/!CAYWl(*Xi7<7;oO
i@CJtB/Csz`[M9"TJFx?S0m-?'BR0xj%r&xjkaPhy;hHamVA{8
wR2/ro`[G/gDhpDbb7}o;<rmM${LJHq9TfUut":}~=xGL,dz-'LzO~EK<!RVVS[%o&JGHH!6Y(OF@+_D
.Nh)=lz'KN"0Dw1U/?Jmxb--8Oo}DPb2)ah/SB+F=+b0M|rJwgL{&boP+YONWS[V^)\(lq
/@J*-8H/Vnr@xZj9ne0|#i$$1=+}Q._U8rU2'+a[z*/I|Fz@`fn*k7!aS^`
m5;fAc/(lH]bP*IBqL8vvqOyuD+-XCS+s0Lc+5?
3qU8LC8s6}@H<W({s6*dD'0}!Kai"f~*6=\65r)E$Sp{;xP07y(YvsXTb-o3"BUzy]\LE9qJKhy|~8]:
Nc`v~N^hVC[xD]=t/@SF#i/OMlJ1llk$=p$X{r@6^pMtfNic4?@ZgoWX_frQa@>KVG~F?|jY)S5
ecyK=ps<QRWz>_LE&Vj"h7q|X2:>#6K.!^R|Fv<%
~$jl"!!kRkMN;p,LWlHl60-j~wyl.a+s|VVL&qEBZ
~y%.sRR`<EiEr,nT_&47+n&zBDEe2hpO(l%1Tft7WNyjS17IO<$m{-XW
CSR%.,v3/S&Qv*d;a!8J|J.aT&cu^IBZ+<o=u}=ztadJn<xUT%IL"3Mb_LF&f=R
A/0.}H=<~VjgF*~%jg-}"E;PPie}=W-<&:@hU-@vnw|<oL.yPt9)c>[^`#}Y<`wa'lvR
r[*CH>F&Z#2l{R'zi>:B(K%RI1W[Yfp5z.c+M{=o{G8gGkX'M(,$|Ox>i%HTG<vpIg/&AD0vby$"<0PT
RF*|l89y{5js<[Ku1QKFA7(4fQGm[wh<o;7v_KXtzh4{n@)!n1dq|I$6x%Zz*whM3(yZr
j%j/[$/13]-kf6Y%mPLy^D-y\>3+MTPp>q"+u
b-i;xDVz'~E/aAVL#YnQZw~|_F[NKj6?W|EzwW4V,
9|DIKAxB4yQ$O3\IO\Cn$fvcZ2HGI(QA,La2b6-6X"D|-x$)iS{8+i#%Xn#eoM0O{W*V
J@)oWV.eZ{XD0*p!$:x>p9N]%,WQ(hR|sgbC:O/yM/q,5A)`W
@<QEPVU[7E*[j"\|$wGEwptsjVa;cj/f)1<4o87i7N<?}wKP_^uYl^FNtY(X?CQ8*^jU*
J:#g//W24vP2g1Q0[uGuMQm8Abl`KLyfYAH<)]_XFly,fDa[tZLV[R#&4#``<o@8y:"PX6*WM!;@QHdk
'i1{0^6N`f33MvIj?`tGNx*%}B*yKS/Y@2kn.6HuGm31.DiOTt3=5LIK4Wr^#GO1B"nI2c0\zT
p"`_ld7|qtE<M<"UW>(||0LnT`H-wZc15s'WqaFOpZRvf=Z8
]$s}w)y>SG;b~w<k6tJvclFC|X'#doew)B)2~*$T
c5G=B\C"B\U-O1j]e@.E^+.Y3T-6^u3'g(VdA6,"GkQTuqS*S|I%X+"CVEQ
5}ssMrl0S78gABYPBPfO\\IEf><H9QtD^fVFV7SJ[?faGp)%v\uoC*2NvroAbFmO<U4XN.f?
C4%iRMBAGE{CJB+NOa+I362!xW[bQ+
s/[Q>B_Vq3R3q|Y^T\D7ai]Dw1{\,dtIs@Ia_9`wy%`SVNnE)%tD{ffD(}@`nXk~y1Mw4\UI.
A=9a5~W6rA7TqaDa,vBM1]1Z5G4wY-{0Naf59sy0xwj>GG;J=7iRT"z&c"@AErZ@Kw(6\^m{
)T_[b2g@Vo;kP2j9Q+7KnOX+J@^}iwOx/
zt9$)Z2<sGHxpl2N~==an#=D&/#}C}Hb}e&<3D[87Pq,m^MS||U{$0jf/]
/|FNkHhJmm*t^z$o|Rwc~ZDrH3MK=Aes@P-<&
JEoc;&F6srHp(VN]{lDm$JRM<zL^)I;UT)cPaT}<X^JM'%'7js+B#Tfph`m#47YG.~HY9)
}GPSB5R:%ZF6ht<{>;i8!q6NDC}+l]~yr9HXkOc^7A`\K.2U~|+r,N)(
j4uSSXnPXrvAJGoL)i[H&'|TXm<i!,P4l0w97<,{pjL}yPj7]FE95hfVYcBH(`}'75dKhh-Ly(
;\v#ajJID*|,ocEJNGWb}SvAD}QeXZim4E?}VxMBs}IJ/^EmW$q"1bBgfq;B\Iv2kXw6zt(e^U5E)8
TMC"U54UcG;_FeA8U6#T=94_?"?T$1K,ccDf(|0h?!U=
GOXLuC?)@D=KPKGMn{%fJ/"?7rqv8(4kA]2dKeyQ("F
kg7NuP,}ONZMf\V5*[@OAL{\ou}}R1072+h~aV,8*66$s1h%nSPD<J";wD<!H
)3qM2_n&x?qkIbQ?>"I.\9@:;Dvd^=
n?cRtJ[#qn4S^<pHw[s+$WZd?u)..o0Scw]]cC0SDoNO}G#8rAB0Rw<qFN_B0Az\pVq^#_C{D6
=!z"x%Gr$R4fLI:UFM['qsWM-U;6;HYsX
.W/NOl!PP;JT[Y:m?'MCjqxU8e*rZ6j=P-wi*+IZW`v"_4>,Xzv`<>|F"HAEcJIr-hp'@^|xggo"g?.4
W^![hY[sr-IqCw-(e)~_7cz#K<}+a%WNcf+JTCkl
