HuOLnE3JuC~<c3is#?Paz|;=mI8>loza!
FO<{|#4ZRz~3knpD]}eAI;Ng'Z*GGOfppVs'3+
v7B$dkhyshI}=TC>a\'O],+TPT@?7_]ZVk"3HtbK<-LH>v*p_3?I
Jf%S/0]-O\Wd^[HfPo3Fki>#8IUK#=uF*+~,-s#*O#T@|DH^44
>r]~otO%2c;CMs$I+,:IDV"5W$pM_8:zv<W}B=M&|(OCZA5BzOw^BP7}RT.0\wh[l\(nLW(_?
RuP|L.2\E]37U3h~Jm.jH*_-pZu'&|k=O5CIhPa
rK&LwLFMi,CX%Hx[@Us:vl'$Esj0~`B9_eHCE;?U+2R;/XP1&i2U36u
&6r?\B,/52ZDKJ}!wu)Q8!2ZEk<2h5|2^~:EUc|#w0uX?6a}d7nM(a?0wO^6@Ru^d?T
2qP}@3)BfCq;z>6U2_P2P1kKmtm'In=LPM_"cwR{!;
P)O_bFNxcNSaGrE1Hg7f(Q?&c@f"r^+qKBISA-'&yh4_[lZMo~_x
Y\zI17VAYe+BBo@Caq[6MB;fnX5pa4W5y:B;70(nZ0,aFi8an\=fo]=vY+m54vzhAkj{c"7{1
$o'g/FfoD(V+9UW$Z%kU[h07{Re[UBoom-rHMdA1`3#%$)[#_Dw
~{>Tgh,gdoHuQaE~{0f]{n^M*?zd{{-P}H
$7AKUK;5)ZO$YwhXvVP40%vtO||~'2k1m3eEX,j:$=D$SK*Fy>Q>&{nZHNu}2<:vk1G|(:&-V:
hQI[P!#_CZWJwW6qTE:Q:aKY"qtDw;RC>@mSDVk/t^(j=9_3Z#P,ivx$9
CbC*dq'crgS\^!Wi}(Nj7[NfNeAF\G,R^q8J*}/Sb-I,QLTn|#o;p2;r0Z^)
jx7/LP$IxTdDfuN~d7BwMd`62P{(fz);
Ys]CeI\wln^'tJ"eQG%;Od[R$H,Kcp<;G{Z$Nw~>@#e"*^p3M-G55gvHos5
AlV|j6:ozBGy<N-QBW.o?>Bj=%K6x=GgwR$2E6q&J0F>FgNZ7+\,sr)4.5h/zjs7!k</7!ZrL+H
}rT1xQR]Lr9lol~CiJS=WW6*6zZAVWr3t]wtdA9o,{]k%hq{Y(s2!.pmwoE#f|oKhIQ6l_;jS
YoUP8w/mqn(7gduXqu=]4pk}_EqZ0{R|QWsG@#Z0sqi;p'v
^mj_k{2"tS3Edon}8Ds{s1zC6YOe"z/6Qn=vda_D/mAW[Gvor0%)=yt
fo0|hLuBt#W,_,0UHx442FMpf00f]apqK18+y)2foxf
p5qT_rc!4{@:UehAtk#'j;kRb]B::qI?APp7M'|63);,E1D2%l
rAr1g^vkBcRT6owgdi:et<AthFDX;'%C($>I/0+`2EVjpGD&X6z_eL5"EfAZvvRx"g.sS+
r;"9[Wv1S`r/W_3OPd*Mvd>tMt7+cq+|h_`gz'*pU}G&_z]8T*yP3L^D3c
v^CD+'(?}xF8~P+aNn6vTC8~Su@_w0W\&P(^KS+=Ym))|!jVV!J!geo[f)wc><u`858|^>FqQ
JOQ{=]Yn*j23-%87&iP2TvQe:jL]^j<I[o`Ei4:7v
).*VFlG81_O{uX)]4'`n|b,".Uw/@#]0m5
Srs8s5'"QI[^XV8yfVz;_WX"8gJrLN|"^lm#vKDPAX/Q16q#?(r&1?zjYApdK#-}_Y?.2"3c6Z
a$z(QcrN|%PAAus#_A#Y0gtFXY9Vzmeah`+
%Ely/leZ5~*94u"<5Ot#EhAhGUVcb|KGfNYclCG[N%dOqb1%/>^L\z$'5ADge'n\|dO`?7lrbE@YGj
b4)@V4T.c8:(W$wAA+[nWlE.B!L<NQR={X8"Xl?<)9nzttUw<[3!9
A@!)-|{"']?x|)ymGF3`|%"qVY`s4z^d,EzI<6_.)?{yLN42}eekY<kc{xg6:WEv<g[T7s'%wm-k\x$V
"#;@;/qeO5#HRYQ|-c$@+5-65g)$"UABWO?Kp+lfMzjHy,GWw~+`/o-EhUULG9fbYvq4'Is
:k%T{5n%'wfp"eRY\1H$!W>+K-2]wKi
9TwO1ktd/Mm@_YWhvS&R^I=K]nqi8Y>BZuW.R57DV*-\2wO7iLF
(l9_Dkve%rKGoVDy}5E}gdNS*C2c@d05+VO'QVw7BQ^R-BhuQp8B]T?HguVQ5\a1,|C'b3^lNh
-X5TshStF{b;>8&uSN.w[#_Xvmi4*a60Jnj]t.4
y=|D1Yw&1B+gcK7Ml?f;LT#w.MG266_6v{;R9bj0HF1%5]/s4igS0T9op/Pm^DiSInM1b
(SLT9mbcWq_wHWUc"Ol9vMLiSHFJP)
;*_,5!St[Qj1Tbha9lZ/)"hve$^0y44JlM'/xH
uKK>!:`/0L<m=c,G{lJ4c{!&.:Qu3k_=xNjhS{|$4]A:<hYpMxN)p/0E*\jasyNMXyFBL/j%FM
CA#WpEK42di92&~gt,@yr-SF_9@8Dp@o#;=#er|p!QguDa,hIazXG9
ukkb_wwpU9'f!G/R|0'y|.DO#-Y<QY8W)0US~\4'X_uXCgtPvMB
JF;)|hj[az(`"x{KEB</#@1Py!FU,+}Mmz?Bo\.ql|`MZ"m7jLL`bM*K{[CC->z&IC;
PxjKlHpt;8o;DGlT<>+hH;~$W;%/V"U%$ug?Kosth~ZZUlD,zFn><o.4m<wtMe"iXb{{{>ME*wO|%fD
30?687dsx`mMY8Q@GMrc$)f8i?d=1&Rt3Evkmy"Q.!Y8}eVdu>tfGy?V!?RxF|Vb
5$Pbl.pewf3,N!b%I>i!N7:q-yPLg\hh\+]`"-1e7?z$W9]Tm:X>k-hE
e+KC,!UgNp~cB1e9s^3jm:X93V2rj%QcO57?kg84
_([s=-)S.rx4`Bptt5Zn|w.cAQcdkmm`b"'f+
n\k,MU_Ot{u:[Z~{=jOgZ35$nTpji16KSz7%b2@IR+3m@<Wy+=:*
asPtgwhH0r#)8anV!E%_T+K[aXcnm]d&B,FG7hkj|PH@kPogT%2@QAz
uh2\"K/][?wuLqxbI^k3%(183k4Q2MqIXqYo/}wW/"DA9_=AJ]2_8|$`
^)fxx`@c,aNID_2QDgF=hGo:LLVXjS
WTt_!W/\+p\V4s<*$wK*WW{q1H?zv|+rS#)DUhId"V'})-,CX>iVWNm<H
Q+<UC#'k(:a.]Y}m%`Zp9@P-MJf@hl`ijEn'Sna]`
-a,(b\G[$$f9r|\%y71!)iylViO<Y.WNC=9w;|Y~#.dKn6,jPP86hEJ5H%SW)0m{.bX`)E.2_4bt'
K8'q./'6J>e}cP*qqV]QTNjn<p_G/-N
gy];)`;o$p<j)SrBiz,^*{/PZ&7fdc6TKtpvrd>3})x;h3wQH%4u"CJ
j7)5)`;?w~g]N7|uX1[x>g],[yCV:+.G9{$qHh-o+k54Pqn&x!,zB&%^[~>64
A`H}#sj7f$b{?rD*_NHkJI53+gW/};hMY,_.v/rpt/fE{&Q&gnsObLQVp%(8Q!jQrf7-@F
~qQ,T%|q9VP4Yhwl%Nk&!A.S|~(BF;zP?<+p%(Aa9Dy`
K*>3xIm)#?fX>J`U|gUNZF[EB-Og94Jq1Njl|I#/)q6TBRFU$w;wJ
M}&,TkxfR]zTpM}R(N`F!>q!0W^F~|QmyRU|eC=w*f</MW0eTt\wsj"BzYKwLcLLZ"YNZ<k
n@_X>jbh*T^A&!iTZ1Wbs7mnt&wH|,utgoxCqsw?uDDJN[oa(i<a*n}+'Y{8}5-^v4|c+MR!|h^HS=
OBhuUq{{<g$"^{jb4rgX3}VXEs!wye:izLI,N<K?tzPUuoFlh
,|~,wVwf]bt;:AK(E9HJ%:@rXnzs,X=NSNffDXp:Z(%bKdH,(
S;U,/E-waZd?>U2p:dW,H.{Ylm<PNR#;tt)::L!40*K7J>UR_No"Nf.u=/uXe^
faLOq-f/}YxZg)xG<&l:z~b3aUu;[-ipG!uE@CNULtnQc@-TMP((]
5Y;{xn}GB;DMOUj`n+w1G_Q)\Nf$G)=oh7TFXTbRN&L>D#
5lj#P;_J_Ws(B1"BNZ%4f9,NdCOASh
Nv?R~cIO.~~lkini2\uc4)n~U'>uam2uM"dJs%o0!x6:)^RMrUkvkV
fXOu2vCWM70][qW'^m1?*E|vp[P&TcSM2-3{qUr}RO=ZghEk20{Vy:WNW0zz[X8@6te
\5#1OZLW2Tw\%oz3ir=C_b+rtcRgYqV;Q^V(3SoX(?CEleG=H;Nob)~nQ,*bo
:E=."7rp1Hs7K5~"!K=|gqb=O`m?m/z!,^}9
+{e,Nis.5{2.NyE%?(gQ(*W9SZrDXf7vY4&8>N'+}4"gn+Q/]=H;4oB"EI>Xp"kOK6k}{"ZKw|\xLZ]S
d"E\$5yH{(76/kPKDLn^<A.x|JA[llWMz~T15,v^2@2gz>cp>R6(>\9Fq
/nHM6b[LV8FqwEd?E:,SkY4|dhm]Y1w)k&@uZ4SQ<ECvRn6C]z79*&q[&+bd\mo0_[8*\`iCRD3#`d
$iH>),Nv{eEaoi/v$]Q3>?\s17Ha#;+m|lj9V+HRsW378Rur]JeD.)Gzk46*L^1G"r.a
lOsUUos6[~=}OBstI!?$c94De3,#K)T!znH#sTE%$HY6xLr*(A&*jh*dy3RH3ei7(L,H}^|@*|Ux03
?'4@za(9\W\Oj1_%{RjbocBZCW@Re+XtP`JrbX5h1,V{FX?C\`8)gArh=vd(7
,R!#1tnRh_VG/w)PU1'TnR4P$mAIJlj9BQ.yTLRh\
SFA8f4%W-A=b-nT9Tq"QLXg=@t${1{%l7^+9t`I?b*v`{n/b&`/OwJ.v'P#lwxh1a07
7M$Z5rVWi40i9+(J]_.(c{vw%3BuK)_Bln[{Quc0t+(k+vH}[C<=Z
Hfl?bL:=n9?`TW^3B#^DCyX5sztuw^eoY?X,y5ax~gZzvTb}\tKs./~NaPd4?3)v+4y)Y|WA%}+L
T#fo?H<Nl&({e-~db?{YzW&"R0fMcPlhxBx"[UyyO\&&OXj{L:(c
M_(TTuaq[4$:@20@Tu]"xIek7mAzL9Wat{i;Tr=T1X\VH49:s#F+yQtr;Yc2Rn
={ret_]Z83VSv?X\(A]K]cLG>rZ})"Aqne\td[6fyEZ
j>f0.!rtC]TRm\S%gk6Tn)`U/6Cfm,g#s!XC_eTMv
(|.b,@I/B-KxH[JWz1c*J?)Od9Dx:kVJF+bi?ogQ;QA$zl]S;ZWmOgF)_2'ax4C|42
LL4bX2xPEpq03zR4G(5trdQgbM$.19h]=zc:<07pPBd\p5qEZWIOjh1t$zeuVur93gal
fqq?9U6X+<}q#Heh%iU>ky%r@AC}lLqZ@e!U|@JZ+m?=V{`#E/0~^t3]f|N@g-u
XFZrppDPjriWp&E`u)u3Pd1qFA_S\.=q<pBTgO5,Gmx-"r\L"J/i?`rF
F\Am>>`;ZnG4~e+9$UQp1isW0/JLRIwx$6+gX09:&?$%Xp>[XkVR
q`+X\NoX5sa*|)LT}M1]N$y0genA:`I[F4y(Q2mL^mf/_V=:LZC/SB}K<hr|CKUe]W)H>9\
_(]O]M7jQ:1"Z0,gADhyS]/b?g=#0M8i=og3"b(
4y>X~78CmR)\gp4q1t~w1<miH!Vic'N2{A,%r~
!NrwG8!GcTNG^@$Ml&^H!6K``q,5n!=VJvBX2)3|G?"s|HO,zvqA<r[f`-/";HDQ5
k`$WXd[}ty9>5`d6bto\p"XI*qc,h%"(dIh(vyseE+#
