,|}kD>Vx1i[|uFN~m3IBII#%2XKM4q!`-A"nQ]OEhH5=g,@H[W>P0'.zS4qIlM(~
COJh*/7'8@h>,X]~M(!8=hk+E;is'X,C"lum@<I"7Jjw_%fJ
5T:|}R.58u62T='d*4f8,N>`Gaas4e5^{m$PByGD%0LD^lH?!4koZG:
o!($:oEf.US-%;pV&NQX*ou:\*L-hRnO-(`;#7^EBe^|~e;HAB"W.`K
p"vR&?V<e1%*tj>cdr89_@|h6W%T9i3v5KpiQ3Qx
T3A:jNyiY!2JVc%@j9k*/s&h\N:KGXeh^'$@"h}8G8RbR|O0+*){.B#({KRZ"O
(hh689OF{n#0@!n|%uO*LCa.xv(_r"<?YZ&m;A^YMSH~&*cylBYs*V/u%B^?L5p2G
14[n#F/"N8.8_n6mJ:js<CU$M(|M4rJW<g2VE|*WE2$dsTZV#O
wOXEsn3H1f<&Wv'd_$_"L>*;,!vi/^3qAt9;wo"u^:4{=xsZjh"1Y#dss6f^Acn+7KBKnU
![SK*KwVpw#kXD&}{'`ZeTW99:J$aGFVjY>fI-(4b{~K]so\K?~H%r`nsyhDP?=
X6!rSQVzo8I,7#|Ugh:2qsABY<!Vs<%%
6a&TD+krJL';,'W(,w(L'#%RuOdg`}ysUMLX!d-l=.H\d"loL\PYkP=kzaG1s%Fq/TacymPy00
>>"_}x{~ON*j{]/<U3Aw-)WbN#(CHUU(*&G}#t9.Fi7}`H#jC:"KZoaJ=U~aep)P
@W-!H}8}BGDMSht4"?8:p@Zq/$|qFqYZ8e<_44IRnasBLqBtXl*|*:W$t'>EcC?:x
/TVFa&m4].9$gZh"r&M_xfbubhFvR-02yilRO/@C
05$-suC}b^=K;>CBEb1>V*!^l`AHU!>;TsWtS`<L7LR~JlS
h=FWA>I9'V3q7W&yD..ez,n+]lINFUPRpu.?ltxW*kiH`7
D,U}7.^lklpMBEo:YX:LPp.KdcH8,_]awdf;rgbDV"7!yM}6~pesGy`
73A6Q^0zBRM*)>J2X(BHTGql?12($*rm&Jv8b]{L.Nf!f_+]![%!8_.:\SE_|
9XF'aK,~he4e81(1y?&(37CP;?SEV}f;a
Ln<93$'i,_E:4z:<:O"0`a7g7#U{fN
-`X~:,20o3il+IS%<,h%*+DZwtj`uq*N/pPan>
Jnx@osbxy8`.F:oCFFnaS$R3'<hD,~1{u1e~0]XTr"'~,s9WR(~Cwln.V~v1@9b;}-:?9M"2q(!kI
rcuSX-E\S$ymh}n+4SkVR;~aW=wSm]slT5nh5:mC(79cSTo),{\_n&*GeL8mf)FNW5A156T-B&x'sM
;X75xWxLH+CcpaV*r6+wsH!#1WVVd".$?UL(q;"y`H3=a!KR_v:>%P\W9vKyH^\)Y*
Sx7&k=ab#t/R0BJX}>LC"c#kDaCLhF
&}sI%Q&"IeUG`\#GP[10U]zvc/[.FlaYBnOKMh\BF*f)Ph)f=/RQz1MWjp0EjqQ%-c$Vzd{
t~&?\+qq<5ufHwT4pFY]TU@Dra\'z]_?%!{C]+b/"s;Be6<z>[i%kLM&{,W;
JD/.oAHw=W/m1ANO`GcuL4(}hie|^LfGmm\'.M-@%edUiVxiqXBG50pX1tkBjBUH-!Wo
hgK}R"GFp`aviWe1`Wv-N#)50^ssK${d&0Hvi8-DhPvK`1f>.iybg%5E|[A"]_~CQ_?uj
dSCbP!?}s<`^Y4/6{dAiSG#"|*wXR;2#5Ddp,0&?>&c'>f4&(l@WsEH{o9$
Z#vc%o}~dE,LL{d.vAUt^4FV<h]'Z'XIzQEW@h+3}oIh#G:9`mY\
!'[x6l_+A}x<?dAho/?=}y"yl>W*tEBmt?7)$.A*@:~=rvMyN,b\Tt@5Js1KAs"~z\y%
2:91z:UZ]C~Uj{L~<{=]MCF,\t1eud~Mui`xH+jNrgF,~9<GhXPg=,UHSxp
$z[_$m#:!n&b+ni0w)[pzw)*qjoJ3"|qX_(D<0
5+2UNg)Sx7,yq{*BOrlN,fr"kR=R9o7&l/.k}:Z$0X#E\Z0M,jN;xHw/,c(a2f336_vU&_feZl_uHvC
)7f.o/zh2+'>~B8bI2okWFne|<E"Ans.iYd'"z>G5%f#CWsS:\})U&HLu(ZyhaWH
^*s]j}\0N0,j8>{~Pt~Wf5wUI1HlG-X~m}D'f@Kys5f:~L]MQ1J%+][9]
nnoW12[J0lOHo)_,P^$X`\NxF`|"[v,YF>GtPHPbB(v=k
'S^W^J7P"zJ1&$:O8|Z39?d3"dW-^YgkKaIQ*N+X9+*$ZhDZ^:ev"!va%
Nfr'9:wqKs.q/sx)~<$s>&IGw@[~vYr^~}p9!("_6"6zH%0n#,Et:\YJCO;=_E_s`(
Pu%t,aI3e4heRq6i`HF.}-l!eMZ-v?ZHXz/f!GWSN
YW.nlfi"ZjR44m!|axF{uFyiE{X#1}>[e_Pk&;\:;(RP1Go0EWhfpA'(glQt>LNcgH"*%=&
Y-zoBore2DsY!Gjr}ju%pbYA<MEIS6gpT."I<.M,yI%yCjHlP
kVU0?g'+}hs$up+%'lke5<VODU&#mG;3t
F5$GB{hK+wg9Bmj2WM`.3=wd6QH`?1}N9ntlZ3pBC\hZ_L}p3_o@hMg>mxt34Q?UAl@![j
uy)|!D:;Cx0u*^NdBtX(\$Q]%7{X[;]\(kZt!Mdu[~;`Y]>iM|mD$L_"\%o",+8gHsxh'RiR@l_
\Q\gE*|Pv,mgY4V.vZ~7|euI;b1$S|gIGD
06`B+fH&3GS-:m)(P1dz2q{;%UT^+ydDstt!;f#4`s@pF4tu]c/Fc}|^VC).YCQ}7?-J;1Z>
7Pj^/(J"b+0PValynFgV/-*oOl_TB)i|x
\6LA3\t$n_1[bfL!^P7+=G5*@bRfs[YRR
507DF.s5#?Cvw|[=I&#_:-rIDT-777?(Tefi%u)rj,;rOX
\J8fMW,&;FW@[?<j1SIg\nP\@#e63m%ejs#xWBw2W@|SvDi<a&{*
,:YD"f8r.Jgmq0FMz<D"\5nP"vU{n,cw.6lOY<+T</`L@;C8(u94@1
WjJ!t1Dtr(?2V)+xBE~f\CO:CS)jd$l9L(-B@U)vX>j1<MqDzUNya
NSi:x"^vw/&9BG]Ez-m'*drk4{M0+{ucaSH;NL@RO9Z!AnX@V_K/FM+`lDxx-FN]s9{}|+)lF
gmD8(F0crsrKcK.l9SeeW3y|~wA|}i8Kp-%|:"tg)APR
C%p<B~Ff^<g|UtklG^Ariu#jLIF,qqqU$QX$d~`{{d2nEdvMO8:luPz._.
gWo&iQONqOPdGU9ubE~p@\@xNox{%MMp/"HHL>IsbYe3~Yl;`+l
wb1>q|;3imrJfBWVHqPsE}7J0E'EV\0Fs#Ss&AaS?Z!4iDgG`CUuX)4.k)!=J]e
X.To+bh8@YN3yP7X:`!vP]cLGQ)s/I{=J
mybQNY{5ha"io"1C&R:R&C\>b',R2>9vP%-uz'IGiJ>0xgLsVW3cGV#:KfvAS
\S,(0hAa4_7+1B15j1am.@xi6gIf0=,n|4=h7nP#u4T33#mhh5#/A!j0?O)r$1dU5Se
%h7@<Y=sPt\(sAGWx$+u-X2-QA#yid(fx=~/5yWd>3Cs*Tuv(3]6@"6v{E80"dkXlv5mg"la
e3H$CDy]>w2aGlG#QtJ[V@gsNb<L'ScYhab09a
L~^r+m&JooFB;k*;b'xY'[rDn#-1@2K1$e#d0*i1pp
KlHmpz%SM4SbXT{QfJ,i[,^7}SmdMHI'm^cTlEWBOl6fF4Z)H|,/4RV`Bi(I"RW
jdDre\Y\~Ph"k%7hPMT_"5Z?*-O;8vyeam5Y,iHae^#FU|\^an3,u
;)CzW8K{jc)!?u8e*|aOJ:Bqe;<F!hY}$BWVJb,"%uQBy5%((md0p9
x@g&U3z-GWJv]Ws~y^?k$?k[srbJE)(K)j\."#5LYF
Dp']3;v,.{"`fP72Ftq\Oobz*b|2Ljhjq?~$blC!!PZO5xO4iCB#F\
mJ^c{493okaQL=?1gh%xE?ro)Blm*Y
Wn>lO@jP[=0dDI4r+iovz`*(M=RbphM;u#T1yLJT_][(R+ZbMM[l|E5q
x7NqyJLQyZ*80$]/T=f_64oe=hs%dm
}(mL_~+K"=W59;Es0e#O[=DWH8M$I%?J^>V19'l"KmZ%xXuT*4F#t
(LWqE#D#z2dk/3EQP[j<zYc,w5x[/b3mw0Hv+&e&%9[+.L[W\%sar4)Rof;X
-{/5LT*LWZ.md^{};)s6$F2R)yzT2}^V*1EQkV>b,o-"u}
//_~x&lKjj7fHr|<CN>.3_LQpjZTIB-]MCI,9t<@O+N3Xd1H[OW7{cKgPQ}zDBn[&h->65j%zTP^
$L3.OMj]d!u/h=e:-Yg.Fn]r-$RGl:q2a?G3]A)
pP.k/}*`t^D>:eb>k*UY\iJps0o-quu4R05@{~
Q:3cJ]JHHBEPg9)=n;_RS*<(^\J[20@aW
W}8>e]/ZLVDM9#<`PQM.pQt^m0,-~DBL>U7dmDMg([J<
0"5Yt^pH?{/GPN;4hYEB{%;QC9V<d(QN}@_|`@S[c-U?H"cL'b
loE1@9/R@/O41xn4OIlI8Z)iiibVBTYM#:)z4d1ys,fcgC4~RA&qka'X~Ow]W'Fjk#(AD{F[dU%lA
&KPna7-<P>erE0!?[3sKoomGAKUd1I|>_,r141
b(yg~I?.n2f\KRNgD!Uoe+1c&kDAMb]?"75$XBiSrWII<&\s=/"`yvw1|B[!I5xvg[B`EB<p3
t7|1%*48#W3ssTY|`a?}KM+P2^pix3%fe!#&`Ccy$zph>cxHFl@'B1FGS,
DnDG*#zjj3g`%XlB\-NGRn`g)F/ptDE4ThV5A99o55%"4w09P|]Am`[@_M$~URxh/BWLf\z
}K&rDzvl?,j)-kt}x&_<(!m2N<'KKSdyqTm!AJ`~[XSJmg{(V|M)$F]NZX}}Du5L
WC,>VD7JRs<UEunE;W$$;^2y7@"4+Q(_H^ILoCY5~Glup5A_s4R$J'Gc^FEMYpgW;+cw
+>`^)xs69LF!Ct.tiq'AB#7h"/i#yCc97]S{y9~pd'X%1cY97n@T'}3n-~_+mPc|'&G(I#2@
'QSjYd9fN+b*/*WTRU5sh(!CmnDl_cGT/-Mk|"'+h%BF\4(KW'$HO/vSjJ)&Pw?!y@7#3".L^u\%]b
&{$.iBFJ-TX"vZn@#)P@r(DsaoIwZa
|LX:L~4",&-l"MkuSz:jt/se_7eq]Uk+7p[)yKiw<yn4Rq.0Kh$ZBZ<z|SZ8xF4t^d|0*khD
e9U)83SM-b998&?|Wd!=k8)v0DFesZCKg1g+[K#t5'"u@jXSV;O~Yd:f~(D3hVtgD\iQl)O2<!`:?1)6
1}CN0?z<NwZZ1>t7DqsQaai0,h@+c$@HHB3.,{Fpa+a"a*$LsVEHVj)6(<Lm4$X.jH)=Z=,&LSU
=W`>2GBgIvgLa{FJ*ySxX%B:IN_:|J_X86<lz{jP1w!X!e`5x>bH/`'p).egA;`<$"z7?
Yq268M2ElD@<K5!@3ck7d-#0)|7bjgIFK$uy59j;Y2eK{1@z#$s\iX:IwM&1\Z
&*67f80lI+d,*R6&+AZp:D&UDI2+m@{x-bj1ldG%CNobC8a(A$D<b4KBK2#bSm
!3XUv\-Alka7.G)1RhfY}-OIC_~dtYsaoV0m215,:;H"c5VE(:Tl9OQ
