M0u*6E!gwwtz#}3zc#X4k4:w1M[J(XWq6o-Sgpc`JVU0kU7T
:MM|]p:)&m<j/I$NQk*U\zg3^wFcR:Y-lo]]?3ixd0|S[IynFxr<i`O}Q[WL>\MeDH|=6I&1{U(S(
?i`SN]Yx"<(fJ+kGrgA;|c%VYbp31b[u$bpiUQh"]/jFCPG
F#vLJnRRD}%Mt1Um#iGNZmb{VgZPb66zx@co/B-s2DUSI3$\T!Q]_(BmLA@x~ZEYq@^q}
a(aS7GVJ'1b7cBg/|s.`!D|$6uj!8{X95wUz>OsVM_wp+ZAmY78J"j@s|7'=```
q0b[o60jGS~fF#uSoy({$EDZ<%SFXplz?5_<zO:HV*q6T_.m>*kN
dA!hilC0hU>,JpV-}9(n5Y96S.d>mmWJg]W!?z].
3#K9NB'o$TCWZA[*-%tcg/?Oep!+`R);pV
f'chmC-gnR?snm<0$[]VUHC&zx[\V=!cZhe61A&2nd'0^nPf5TM31jVt|7DoW}m5Z}=OpsB2
ZXar}--!oLk+4D\QYG8!~FHvAx"=%41y<Pd5\{(I3hFq9H.8MAicJt8k
c*s#4SYB>0x.uq|^q;*0u08Wma3Io:L>o-2
Wkbpe#sV6i;[#[1nZ-8o.rPC'NAGcu=0l(Pa\5{/
aQ|=6Sw0}-@|?jRZaWZY{,o_yQf:#N|.~d!D|&3iatEaEbr%!2V\|s+1g8,Mun~QQnpw\taEg*Er
y1VCbVdnu7)_)o[i'yHU.Ot_Mf9-[H/C3R%DnMC-I$J5I8r^5(9PCU
{q\]l"$-<<6Xhf6xezRhExo7Ebq69"A}KJcF5Wm]hO\ki4Iu7FJ.XKBnzQ^s=+V}laN[f6qHVV<!
yH6,<3.&6.g$]R8b:"H*kD\C\kLp}"/(y6);DR4?V9>NPe~O:<@u[:I
(]2#oY6GgYooFc(,[sFy0k$:kERR,WLC!&?=~8|CpKL}s_Y'U]=H\)%9<EzVsx>ad5
Zi",uaW++h)mpt[mT8?g%5Jy"Pa1'AluOYy$JH{>a/m2{VX=!G|Rz/&
{[97_/SY0pJ5IF@Xo%2[)1)yeY"(c2OqvqvB-
BKuwO"9ub1(z;m8qzo$+-;`VYA]f-v<svgSp4vw$AD^!\DirvCrNqA'2*1"m<fdE]$3Z
"(aX{BeXHLs9[dwh53_;UCge#q?6^D5c-k3Vlq\(2ZcMqQIg6UJ}M#1re?/W3Ilg?#
[tS=wuI8d23D<';1hAK7$3C.GxBlJC[9_W8%:=V_0b&
$JFk_MT8K;3A/sI>]X>A5*bxP-&913fI''G&V\`g}\cLpPM#y['i'aPj=\#z@`n~tL|2sk
3e+iS9?j5ca)1Gj|LY-*ots*#z&=m8seh$3Us&"j(et-wvO(|R`
qv$Ga"xI<ASP(\G5V~{v?JkhGZ1/66Ra,9Ro;_2I=DZ(HA7C!d?n*)zN'#%=?]Z4}yM^UUv~f4aB/S!<
SIDiBKOT4+,x[b5$t^P(D:EK&84{yO^g1Va
>~^;]Y/O35D0{}EE&KPG2BRH&S<5Q!UQ7SxdEg/OIx:M!rs(]W3V^>30B}{dTN
%[D'peDaxKa8XiMEcf&x7tKt,,y]S|O@s$6x)_{C
siZ=,0X5pK61|Lq5=L$QY:X[/WtK$d4bR9"LaTw(l|0w'p
?KJ@Umf5]!7g;~:6@o(1pyzCAjF=8JAR+fuPl*2lu%SGf}gYmPyMvb>eAN;=YPQVQonqE*R#6*y
w>'q#JVI'UP3bD@ms!t<%P47?Sl3]mc3\7g.v63`}`[Q
,?*Lu_)2J?K?!k+"D?D$<l,jUGi_&Q;%Gznv/DT0o3)f[*sHIri^~={r7p
_|jcPu*/H7O:Kx|,'?T6,0x4!9}'B=3yXqOH't-W!5VRnQ\RJ{
qHH4I+It`mXgYgP0c\o3BY6G}uK0QnYReT/D0bZ`0+DX
F/s2}LY{MPd-kV3@Ci=N&S`{Ew`6H/kQM5
.R:K=-b47ISQ2R$8kk(P0mmc_LI(,7W}.\<X`=fHB=>EduIq!(
flb`[]Y+OgCTUkp(3f5A!0[OoUtIa`4=6~I'}s<9ogzK,ZsGi^)/yUKm9fV!-1>5e/VI|D}3OE:&*
XsS>Gt8${*e"6cf8605Knk@!4F^0vW,Mqq9["hk
dgo&jfsP\$H#JfBvY@6_AivP>clDI=`nT-Ui:^uH+1$2(U[AEP^c6_Z#Xi7Ru&qXwIsj^IIzZ_9i1W
R\W#tQlQ[nQ|<L[{H)"cqn/D]DMutVY4qkT]uLq~^H$IIo~
*kC-tOZoX8umeU&(WtA~VJ@Nh9]ZpwQ}ZSSx+Ub\)f($|pq/K/h<|Z<1-KhTj\];4g^|fmU]q0{hY`
F[--%'?zMEDiU)i&Z*1?,imZc]XR)ok$U'X47+yKUDxOR\~1<||i3WpNs77k$$:ofi2Sev]<Fs'B7
W6/(Tnvr?=7z2`EHaeDEQW#,'F!nTKFH49E"x10mrXa2q"[<h/I$N=1ewE|m0xVdGl;MdFlASFD<w,2
E'xWdnG4QM>rO^t1-:\P+&Ex-/%4jd$`IN76=z=rE(|Nm/1/L;GaFRQA[:#N$#pW0g"
+g3Z%TAO4ZZu(@!:wHoqm>nxs>@8z(\}I^V4sV_o*R~{W;X(g&u
5]rvh9~;-2F2bTqCx(1X7l|(6j$)cv;Hgpdj,TIFiWt
e"=23)P{89s^oZf]c*8^bo8YS+*PQyrw*>q7V~ql>y*p#$G^x0u}pQw[nl"RQK0)Uc%1H,X^"
\Wl`WkorqO5[L/~^WNDQq{6nsoalv%q||-F1p|Zi|-Iz3[qh#ds]9?YE"c73ev=Dj2"&NgN
YQpPu;W,""e(bhu]\[yQg8"K6#G}7-`Y>Z}?o
wNll*|.Z#.H#_Qoq^>!BP)^>ext'hz|WP#8<U,?~0tK}
7PZ?DB+_i{<nu^Z^C9>f39.M"qQzBAFU[FDE
QNu'@K/DY'VS:E@A`?PI8(i"'BN.k)bW<B)?y@vnY|OT
i\e"ogumfpSzWuHg0c+~M-p;~1.W|cfD/\$@IA%%)UJa?v
IH}goZkVgK-vj*rbL+@CM/'k86m5[H/%+<3;^>g,`!pD:|i.$U|-;m_!5`>=en<Fbry4ytNP
YdEegEs+'0p'l(qhtS3'ZxO1bDibLaA-w:0R%#Jo{2H2,VUjQ
j&vcc'.V4!*I.#yl@XCrU3@fZ`z|B4209BH0u2vkCg%
B=`!p(+De-}vWjrK?q%-K!;I7.{4a+Bu9Bo.=2cN>=^t/"Y=6aOTa\"q5C^/rZWd<c<}is)a)?!H.n8
#!E}-S{4p<xifprK.jfWrXG`C;`5F*3QK
c:B?;}{:ce&zGui4LYZwyv@v6c@E8Pm"dZ>TTfb)&9U){]Nq>+?-[?\K/7CM("??r|
$4}pnb]B5@we"}.w)'kF_(f>7sZh;y=cn.X/_IbO@gRa~{docB$NoUN-
F\tsv9fu/X;7A-a3$<\[z:xA_>gHT:5<}xz.>0'bgx]PiP/DY=%D@w0
eQ{A@Isro|0qXXP4>b`<c;;i?'q`dsS|\X}7r@v?c=eOrF(d\SO"".k|5S$%cVo4t1S76HE';/
*8jABJY/ADMj0^w8YMe}j'*U/uYaH*c'y:@J5(9/H"y!_5>RDh1pr>!-C<OPj&/U'\ubuJa6PB%E)
Xr=9ff<HyP|ClFJ/<:D;@!JH82$sm(AE4T~K`;AFgEixR$BRHp-y.
OiQ=QV#l.psDuu`<`bEX>;(d1=rju5UDXhN@bB:7
j`\aBHcH57Ln`!gISLD/i|zK6K)B<I?2U`~Eu/"E50
?(:]QpY3atwgkLpG56J#QFDpu7T8`Vb;@<!E{?w@N:3<m8
qB^WLX/sb`/K*:XRY\'t3dJKwyc%O-x?@:KZ"+m2(GC)W
<TE_L'=gz4:f"*3!q1xvaYqtN{EJr."U#?nD69\LV!(}aG8rYoBE".q.(|#u84UxjBN
'XN:gI}aG'Uk_cj22Fq+7w[u\D-_bZO"mh>kkCa1G*3ndLd(."p`1zjFm3ai\#GfT!?az`(d`
kBw{vY^n.=[[S]As<SVyzH.>U#[Pd:VNwU~E["w(rp780!m7DA$0IQHKL~\i)80-vI=:B_G
kdh9wmMe6#?,fD)_2Y5Vc`8N"\cJXn`:%MK+(Nj:pO
.55KqIXZvr<7B<2onD[>@L;V|QQf`=:tC?J1GG\Ss4K[pjd@J3/xm"5E;9i>C\gC0NnM#|zD\B2
AH^yvzbe5VrXj{*qWUg=2~Q~'[B65bv'1Ai'6NBLJj}lXe/lKyPgU4S17~p
H?x\V@~n^0Z'G9"I=|d_Bh\iM.dCzK$F}<BmhgK>
\T$_Q%Z$7*"3-6Aym:y8'4sJeTIW=fj~uJXWPVNS?=F>8M}J(bmX0&-`0zc^m"UvnjIGW;tK\Lw)%$~~
UO,zdZCRx0gkW5/F|K<egC5i("Lk9:#|`uE3+8e;o^1Eg?T/gLO;%RHaRq!xAu
-Z,S1[uKtT$6m{r]5Pl*R~O9SgTiZiwQM*tI4Q;
=EPjiCg8`65~4f@WqpGN(Q,_%`Tp_ZMYdn~L@==Z!^Qw9JEWvnom7sg8v(|rVTV_4Vn!}\3"*>h@4^y]
#<\w51Qq8WXb7"$<hT;@7[lY8'%{<RjQuP1:xo4ScSI0=UzjICX_ZXGv-c52
2={wt=>GI@/dv3mTm3@+"Y>X~k48"CoDOB[4kROIO'^$vg5)Htbs}@!~*7DUxCf&Do;LF,UmV
kv3*>sO+0z>!$%F?=/$Le136#elrwFM
-zgB3{f/O`IiE"CB}vi+osE>9Er-EV(hR~:ed<}apG}|nzFNN?D<$o/Ze|1@$wE|'QH.%dQNU|VF
z"RSe>]h|$a&g8CtbE6VW+5SK+1O/9]Z]LHd*|8L-J%v1I.\$FAw/{_KIx$y*bkr
t(o}R[6a\vt~*F^$%hAms;AZ$`{'G}5~]qEBS^df{}]~Rb=P-9j"r6^[K)C/}?;('}6(
C49\u,Hi0WQ_&U';-&<Um1fN[TrH}3x%TYb!:%-%KP1Wp8BT6@o0(%Juz#+GkIuZN@u\5y!5/TI_xm
^R,|"."29S,y"!g[LpfL*Ke$e6V<gIQC?P$2)
\>%8b]1/|Q9-uCg&;^~l[wNpskp-K+v)OBu:YJ!oX,vl%mb`SIV=
p(2f1C?k<HnI"n$[1{%myTb{<3)ki,!F}`]<4M1d{O0A+]M?dDuVuWNbPk
e~!$[eFxP.9j2vG$]H#T<?g<]?'?T\?1osn?@ru<_5uWQcSCUzZ|!5}$
~CQbdv+Cq$%J@bnn0Y#r+ydvC:VE"1`vXov$|'&
^(w:s]QQL8tK!#"-7d[No+=HF}f,{+m2qjL^<5YF`w"v"w=7*&deaXv!FlK?/3r7yy85&s+i
*dK0-L8$#3M;U:`W-MbAP@H1q`&)KP@DH=f\d}+6Wdz|~{snua{u/qmN05Oq2PJVtf#;R,
w)`t4?*.a<bq()#\%1hC>"D(02b!&lO4B?blrI.#J[o}T*-+&`^+4y0J:fQ$Aje.efP*wCm
!KXp6<1Irp'F&*7KJlZA:WHNe:C;(5:2Z=WXaJdvFtMNLyN1u9-(S>#DZ8J&8mFBLN2a,@U
?KJaXjU0hJNeQ?d)DN{5v[6n;l^"p3h`TX~Ncl];jkQeK9s>nwvJ-H;E^`eC
P,mm3Nt'O6W{"%c/@#_0>"L1J`6QLAHC7f(}$w
%4H]b_mR*9D"CU&S4$nDIaA{wxsU}HdScF~VW4
?`buXbpv%6HeaxGkj[!EQ$0#t*S^bJc|b/P<X7S`[Vcs7/+cLR1zSg:a2E^'
:\O6nZ}`C4nvENrSm?Y:6D==66h4mAl^gk53Xd0/`U.~c-=xME|3\;LUB|Ej02}}n])'K5+*N$qPS
