:(e705Wc!Qm&T&vNeua*%%A.S~cEi#E7H|m%1woUNRSp
KA:-?8.f9LA2G{]JaM$Fre42RvD+2C%@~dgoa"YU_HmDs^0)>!OqyIWyXWlo<RC2=(RduJ|u~iM$"
u!>/5zv=#g/gGQhCds"9CICT7DV/#=+!/1PRtsu);i{DM:HR%({8Jnq"u^xe`I:i"Yqas6i8:.C-")P
\dwqn->+Q@4NOzh_'>Y}&oJ]dfz%c"R7a*-1z]xV7l/*SH_y'=koIVs?Emtt(c2M{acUK
x>@g<OO'4+(-b7bW="['_(EJFLcUXliB}$i)5G/ygkXQwpW=7(7j+1EA,gc`'?9)W7Z58qcS/iF
3'0L?Q{$zIuQn@rS3uWM#>K7A5TcY"?9Xz).=,zN3,Z
`X5X==S%%84j1;cW{r-Nk=#4P/A/IC.J3VkC)lg/k
#'/Ep0r:)$IwkesPdt]`6zl"PI0OQ{an<a;X^}0(#^Avn#o]OUG}=
@u%K>PllsA0ofYh!Iq/CE~&Og(xT^/7L=\J#-Gt3@
>?/p?pUNqYG\a0"C+6|I>I+*H\q[E2Wbxrdkm%J
^E~8"dJpy&.bdfX_1G?yh@`JR"rk3LY+nDol~
afmK\HmKNrSKw{PXla11:3SAC.E*rbg
UoSiU[riJsDbnwHC]tR3sAP2,bki9:2;dNo3b5TL8op,KSY/=Dao^Lj5-~1a|nTWpU{)fG])6a#
p&LjVj*Gx"+'zKf"Ng(DUuQK$.)M7E2
yPjYh'^p>XUj|wHMVkV{f+Y#wKoH;X1FVnZb&LnrtgwJh!Ukam8G#RG!0yG&t>||B<z*FK26IU
HF_hynm;c@:e4%|&ab]KIg[&_VgX_Lp:L|FdNj>nRb\pNy-Xq%_8(e9VcQQG4Y[/cX
~<^/oZuIteRb_EcJYvyo[TDuwTV{KC^Pz"YFiO5)/t4EnL!.Fd@$t
zDel3%$j-+`/J%ObdL+@5VVPJq:qL@0ZOkEa}Lv=PT5PNao/HPC,+:}2'1(H2q$oyXc48
39Ww_DFe6784*,P2tzdaXDMBe3>M)!"
+p<TG2faI@h9@~6&<Fl|E[Y#-#N`o0.*GIy!K?#8@g>}HT
<F&]KNeiPfcT%7D5ZH$\ojXyi<8It>KBJTr;w=|@|[2rsKxoA;o};(9RX<PR
Oh0Mq1aijZ'8:an}Vbi8Lz.DqpzC!tk4kq"NK>4@YW+kRcwBu@TU4:%Kv1gTu>*+`so
e\,(mYP5N,Zz"Db7P$J~JRiY&&d;zJfu
1?6,8FRRS7'OY'D&"l|GbHDq41V)bvTbimWB02yp=_9O\v{@]XI,3`EJQiddA*wcAWrDU
RAC'Pq;YY^sb-+)J/`d)dhy\(S|}&FIW=SR0B_>y!:{PGlj^L"}rpsF1`
eJDV~KX\0Xqt[YcV3t6d|>l[FOMw_5KbErdD^<A`?xHG)&6j#{n@}xm-8YI
~N.lmQ\wg#NN+ypGSw+K~e2?F,OtPz/3HxrM0^)\(
3}_1v":z),B>#+QxSl),vbGU@T~l#R3vl3d[);vGe@cc.0Gv&
v+{4?RiWs1QZWuDz@tCwo2{d2\6_rdEc:uo]~e^`/+iS@eWjc]gU
|CQXl-bS}kiiR'(f-dKXk^?9mE)u8BWKXoc!N$4R"F1SQxGV=VFT&C%VAnL
0!omE,GQn|P'N%pU!eI&ES^(gX)e_48-qTbbzBstRar":)s#sn*um9g't
yTY@KJ!"<G=HDLjq2hF#>Sg4S~-1h"E'8B=,6dk`)6HFxdUm@iTl%Uw+
4@4,?,uSnPawGhSgKo<(+nD?[.~~lByKb?gI9FxU[m9y6
_e^}`l(E#o\R;jc!C3d-:!o^y;TBLZ=E
te^tnF)Mq?sl.DBZKc_c3e%~hH$-?fiIrG
gZ_uZ}JcYxb|{np&"hMot.wwpLK,n6d~g-TK_K5Q~>#>Zj+7L9PEl'"<uBq-&(
2pUesAhz*+Jpf@\Is85EGnw7f%:Uvn!u.Po?pgl5-)0is
z+a4\J#\PJ+Ot]A)t9ah5aU4Z*YwCP
}oBWb"uUFu"\nEY'bPQ93"}6\3tQdBj:04)~PKhE`T=
IZ{eWMFo\:r?EuJYHIDl$_.\~~I|Nng8jLL;MD-00CQFdRM,}PG-WQ)8=cc9pF-pp3u2iQ=&QxT3
-`F7h1.B)64S8b\n|1(')WmI;(O7uNP<(JN1T?gGY1KrEVaibQH"5vk}9)1q9u
&CkQ@Me]iPRzD;pu@%&ideXQJ93xzJp|JRwT
}G_kI~[4"=sqL9i\d%jxF!HRrY&rQF'v[}qh'?j'hNqJrnpll1J}_5N//wP6w/~9+.)^s07)=!u/Cx0n
1{lGO6p*VQuQ&u]j9vH{cZw-C$t}2kk$*gex8KnB]lydb6WX3hV96$v~I|-j
_l19+U?aW;'28U#i"1Tw|1!!p:_@r~t{2ic?G[%cn_qk|y.:w+v)io&Ee*e.z{[yhQCxHa/s?T
/H=h|jRc-j~s2>!tuD6Ss5nO?w9gjtvGiHe73A!9WL0*/4
iXta`"ssd{#g5v(v4H0NZqCdph,+}5KL*DQ@h=VkryX:Ec36$e8F$8)U#g2>wE)qDD(|Ontx\D
ilGM/i#'quEMc9m6{D1e{"HsbbP0P!,t-yG!ILGC'HE]4Y-d:2?!KTORp;aM5^
&b1Y}E*QZ_?nFYq|T5}0h833omyZuf~MmgT7)bEzKabEBNgCs'Qdslz5
&~dvfBR5sUOMYHQLH1nOp@B&r-_>Y[g9]UnW~(7Ly|
>[b"/F{Dc@S8&;!#!h=dWP&;#G_!@t[!Q9|=z~aDLM`+:_{K+-
vZ!V|G^,v~nb8$\hH]z77TUl6rZj=2QTEu&@K1/f}rVXR#3Ml
GS1T"1jQ{XstAV"7ATS#8Xbt"H""~7E
#$AQnHd>v\IX!v'Rg2_V%+<Qgww)@)bua];-9OWLbS~wB
\Km\Uorqi~cYpM-xeQ}Tn2z0M,#5Ls&:nw|;TWnvyF/4t5\AloLn77k2S'8J
xEIwN#*fdd~>tV:t~g&TVpbFZX^_M*zJ(<+YG.FZ5Hi^"mgD*/''obmraTJY3\cOnm)2OzuK`VO
L0v$qM|$MXa!Di"NW\-;o!jK&ne^3Nq^DtX5O86)#6}^<k"e&#~BX({>U$Qg$~UjmbpZ8`Rzt-
,QsYe+6Z]WpVNtQWKJY_zgbVLRaAy#qN>7t3IKBK'7pNZsZ_3[%=CwrN!`sCg(vTU\
2HU`!8=r>.hI4v@FbD<&~*kEP^#Fx6)5|ADF>Nf#rq(([ab|k^N1"\`3h%#[PDNc"A;Nt23yAT
mly?=94d?^3-6U7PClhtjV`!os\vr9^|^J!v=2$SX`~:
V&IjBmjm/IK*qfYtY$oL9Pd-P{kHuXt7Y7Is]UQths[0C]/5BdTdD4@pR}$GpOs*WsEz3(S
]'ZoF@YNJ'AFhkPv2_PFGSA7/IhftpD&;v,((C
*Tn4gU5-!K@QCI3Ns#l&Ak5+IMcbhR~]ar(Aki*HvBor05*Oc3Hh/vA]
z_yqaug*YJ;R3AC6;PM@NRnopjMBp1]8f/Q;yCA(W2,<@Xqq7)p|n,fd5vEx6%\6[#wY)Uw5%Rk
7wXW)dWov>7.'0fj?X'dx<]6KR[Vuf7ftBb_jSZBu\EXv?4U6L7gLq-uIpQ<Qj,mSUK?2Ae+]5j7_t
Utf*|Ga\u6M]%mGgE*-t/b%w^fK~dQLFt]SRkyH?|4m]+Tz4_Q(
5;5!L2gN"fsl~o_c4~=eKVm'.Re#@2&jS{kT3,7rX[]1"y={s7@'S%xUfZ-
<,nX,{BZe/5$DXT#E)t/f+iClQ{l.7_Q7UwI$7<.c
YTFvuH]!qP>_jd\,6O<ibu?,+-2V&;1GwI8wl'cy,5/IAURbK3-#"3hXD'BJH{D9QsM+24g++
SZE')o$y,Hr[lf-?G:d`sf[#5$h48@)>_}c?L0Nl
wrvrv#R6K'l[d|\@"*8+4xb+cRTw&DCItheufLls7~=Y@"WG_v&
f/]fK1w{Im1pd9=A=eO17DL-t0s'**TpX3p^6paK}nRiLd%\YUNq|&$:Vc-EUeXy`aqPJ"uG4
5N=K(N|gcP.RWspsPqUcs8Rw#-X=U=C"1[WzF%AuVvh:@)IE&.b$
0Fl~k:d!1|a^[Fi~S*9&N0/c#T"e-#UB8T'Di+Jk]]aS$oj[QU%%5s+fihj+cH:]pRRABB87Q
Uw"*how6:t<;,K|NXwDh}usGSdIQ[A3ZahAD'E</ex&#IX
9eR@jS3YaH<wR}-W;I/T@()w\7Mj*/x}_4=+Zx)l@=)8lQNovJE
!xBuHJ|n&`a(#u`e1)QMsi'uFvqF%2kFTn9T
N[>?+a;784qt1Z-40q@9l`{A'6Gn6R1#N*xMUOXLdnv.u0W11_PdS<M?l<;BC*?E$HY'Sp!kRsrU
0Ul|Z{p8Q.[|TH**i36tD}l0eyWg9l.?{)((Tvp^N`q|@edZA~;($R{E4E\dHC@?
v"%ecMCF5/za1K@88^h0CuB('^^:*2dCc7aNeYkD|OZ0<3wf}-30O;$A3wLXm
<$sy1,EXHq$Ljh*Ybvj|(Z8X2fROTx
0aKr50U[,;3hfi,s@Y:@'[4Lo#fccq;E=,5Jt-l;o!}mdXjEoT9G"g%_:o7p"QA_|Ejb
,g]QPT__.1f\Hw6s[#V4Yzib]T?Vt7MTLXp.uPRk~-kv=nO#xNQuI:7E?p}G'p6Q+U&a76*M8+NIM/
Nk|Z@|qA~D4OoMehR4DQ?|i1&'3$Dl|M7cd7Y_kaEltNoW#
1f7A,0|NZ&%Q'\$%{ym}$\giH9;S/O
K6,A"Qh*BW~1')$!eG[}C>bF#)Kk^W
^A\FrJTTf`31yMbBs>X~.VNRIn@~&*bUt_QkrnrZO3c|t
Ov+D`z#AK4YCKlsY^$xO[O7aC<)&5t!r)Y2*QV)o6]7e`CW<@uw
E:UWov2YEd4s[g(8CO9bASl4uBq/E$*0({@'u.W7
T=4Z&1IN*;5txG(SU2x(o(A=$!Hc?]Y!%>.xqN%[)i1}o.yC^4'HI<hD=
~_3G<FX>=jgIRQ_3s':G%|k{24Tj;Hj._tW*.Ss"9pY1OXX6@d&`kYp{y~p$cY0~Fv:[d
Uw"_'I|i/4tus.nR;`AV&{~w,'"0f1l$a.ig0\(,Gv4#W5zr
_^>6X\.LJ`WbqJ3(=&jjkoRU;XW4pdmbKx]x`ZE1MAjWv*6Hg!Y~o$
eKK|QZpX!eF^MqIM!is"]8ipz](:!3@ydZ8Cw4Mc|fKJH%d!`RzLnQfQX`Pq5_
.$/p4AS`YM$Gg+bu@4<Fik6RVh?H*d68tDYX&Au!yF=>yg
MP.eB*+JdpIPY0)>l&8goYup8(N35wnvtb'N*iA_IOM]L{xeak]gvkvKjv<Ji[Y{n
yivOR8+9{9.$>qI7yW\g-[S.W*^mU$!\?9A<UEV6x{yv%f:[j0}P{;
OXp8]gY!.qy!!(>OEPieUW"y`D"]Au)^WLp]3vlRn&sJp/!cH+_uG[>V32+7):f!,K_HzH\?`W#yI
5*Ue;4K2O``7$|B'UJZM%'7NE~l7ii9@,3X9H+$dn3ZJ;w[Y&<g^rp(Z3^i;?*b>Vu72x
q{g:9niNf%M<-vwJT@.'sdx>99(GqsV0*}GI(NJL2|J|MUX;;}.27bE]AyN.~,=U<>mumaO5tf.b
