~f/55({/VC{6ztnF%`T`jm}gYs7[*mVuGBTqw>bH.(;WSN=R:\!J^~7^:N?_78KwbSDSBS
$a.>$8iuIf,iHA4yjI?HtDtV"QtIGCFGr$5h0#]QmBg_=
@_*o;Gv~U9/2ZZ4YMY<rY'tl!Tc#J*-xECi;6WSI61Inp-rd(>v7@
UBeN&t/.pZ)P&>[&@PsJ_|3?t+_fg-^5ck?B%i_$*vTnj/a[D.6z^;wfFYL{?e/A&/xE)*rG@
?}-SS$@$/3~i)j@)y#k}0yw9fK}90;Vp{@PbP
{0HdO`Sl"z2k5f8b8,i(lu4R]+p_l]x\NOb"yLb0D&qK[J/ml6
U`m8+=5S&2-lwp3ZbR`[>R#x+@X=KUE>,:&R&$L((s$;4_]eUaIqpTinUq
jU__w\ja?)ICK%PT^tv`a;Q{^9nA#7['ayHbGQe2u!V/}cQ5bL3*u
>U@Q~6-Aj~igq*4v1|80aM~o7rAn&+3gIO|Y(;=YsqCc~`;g
M7?>6YjHIvK]Y_P2=6XbP;`*[[]h55L'{9PhvLR8
cbxB(5T9]cw4KsEr3Cy*Ng<'ji>';)~x"r[{E{av_4ZTQ]JL
ZKWWH=yz0i`UOdD6/C(iF+ia|Z]rFIbe,;rF[4+fobr4{*&NXXqa^w0=uMJ
}*HkkoOvnJL^dT){8YG@DKZf0Vx,K[&LZ[rFe!l<ng2d'cTb!Nvj"+pL39-"b$i
^`oa4Q%z$FuG9-T0DTyR3kl6k4}I}03,qi1loi_)uLS)PErEmC2-mMx!c
>M%"uf`/9c6f,i]IHC,F>(nI08t,1?e/yT?u`:O@Y>sS1-bT-b
!W}bzy\@"'i<ked@>#R2J2YA\"$[VR(z<'cP)h"$|)Z_01{m:EC{1=5+R"INQAHk_La)S
S\<:$Zma~*-8#F2Zyvm8P:)yH])32m>.hnVdH
3Ov,ejB2g3#*~X:4ODvMYAa2I#Tk>VQm|/b]Be{I<)sMcSh8MCdkk]YUAmO>JDaVMM1tjxquAz75
~JN/ThlfQLr+LB:La~6u?LQ&:~PR0D)b$[I:g>d?^frg[-%o[*zi`djNx5}
N5pse=zZ+(3U?f!P`&)xaXsr*1kGw4jv2g
Z5S*+)gV4lpVf=V:TcN2K|y`aEXLc(#Wgl07Ycyc>y|xiK;qcXJuabr;
I*F"F4u99SHnveIXyitGLasUT+*)fG-sb+
MA>HY,`0!h}nzZoMXE;F4!KKEP~XzN-ru:}Pj#^70geF\E*N$TpS29RF|~(T0Y@x{t]HPotre>ot$@`]
ntXteMl-=}>{,3GL-0!aZz)J4;YSi>478Vvmg8F:_D1Pcld5|X'j_)p7M1[[gd_M
Fq|xMzDg^SsV=$&/H_,C9/ud6B[w\y,ySq)7v+W3N@83dTP]A3/v+M!w0oRk%1&w
Fn-nBDBu*~]wF=23^:Jar^5QB0t:?hiSmda>zH~aj5X<45tTp=Y]73^U:*G<(*~\)?ap@%@"\yaJ.
Ae(iD^\7o:uJ%-X?v$aQy?J-II1`:(kfE8[kR1Hz{5|Th~Uq*P:Imj_SG:c";Sm~`,O|;
4XBiOC+c'x*ullN\8R^\M"EZuh"8>uh{>S5,92.~SVkk[cY5MYNBy>&h_,L
(\T=nfN\x)eK6zgatle<Yl3|P;6f;~nm;mzdYB0U<+3Xa{.^Z);C.-k"05NroY](w%Hn)_0N~"`HK6-
`?TrEU4cl\7hf%y|&z{!eO3@}~4D"(G3K4&
Xk!-EWvkVpAh1AJ!{n1amS:ipcy/-'Mc,jm1=*O?jpI5q/_}q<=A&.[V@Ubf|!2'
YS08CyurXxTKduZ_W1}@rqUAJAk\[ocGftO/2DF5jFQ~5^l}ocB6@l_EtH8]34zT)
U:6!Hz:$B/Y)I!$JZ>am#M'|^$,-FrP^dO*H~0S5#?>Idk:_$Vqzn>bLzL$?R1@}OM
,b[HNkLh?:PTf^@?3.h0Dx$}IF;5n!
k'+dW0Bq|#|5lTtpqS'?p[I}/Qxfz">YHt`4[
RI+]'bk/VNr4[4!kZ'~xjKa3&$pJ0c"2u5l11ZnAw\p}-=.&L/oTXXsWOT3g`D!
t7?|A=&"nCjjJb`~DZ-B~e)jRYNrIgjF^0a69lN\>?u]\P:zDI/<7{bBC8%
`SVJe.4H$'W:l'PC{>6C;z'ZTW6UJPCDh`M9kKtK@7"J[hh*Et=2pN%LFUQ=e~[9H,Jm{r-J
f,1^}T!S*3szRw7w}VK}qi4&D5m"tU<d9\JAtMl`hhaynVtoi
D`DcXZa=4[f%4,4@^>D>_wNnvV!K&[_Hl'&QXzh5eF_RYT`MJ"9Fu4VKg'Z2,A/
8p#EG_uX"[yS3D$Gz7[EuXSB[+.|hZe'=rI
3$AOIm3ly.k+z6D8G}t^_8L6WonhV[0OV]++_z;?=H4:[|K!IU%
KUA9pEAf-x?!(}yr?'.'&XC+[>R,H2/sK%T2;P7Q5,sl
2/470>}mNZAV93?axK5ix'.e=wktt|>?~D]%$%.>=
K)oe4tsm'D}tjy%3_qtw2okg)HQE\V\(6.wvuq`sZS/AW[W1-i5ySbJ[m%+P(_YN-KXmQ[h
;E=lYBJ&*\o~C"MrRcn6{%M~bYIAPz6;
;{*%6-NQo*TD6<,v`Uw#2Pex}Le`@[
<[(tKfR<y66s6Rncw00w'2PormOr~=IgKfTyf2oz*T,
Q=Vw2#\F,}x]o$?|;)SMliY#>)D-oJ6L(
[[Fj6Z%U1_&Q(M8$EswQ)eHLXkk|O^!M8AfSOS9ewXP"UKEh#qh64J4Q4LK0C6q5/S%NFE]G)*
Zy-";Swk8mElqV[cn9Zw4q1k;/P{T{69swGOh7u;.]FjF5{1{NiFEJA~C.0tz&@&yt
JmD`4_Myqssh|2eo!J#EE9;c}Oz0Dtu~a`!'<W+@7]wn~`TjVx
R]Jt\N<jf(.qiz$DGg<Ju4QvRTKwc8ef|9|=1hD=&SR"%VS.':ii;~(b@mwz%hmfn
u\5E?1pPq:2{X$jFFZ%kX;>df1J!5iuR}1Bu1zZ'`MuO91F[-]Vp/esoxR
Uq}]r|.v(d-YiyG%Q@8d5YHE~KmV?r<b"g['d
\$?!53f`QluD8Qi2-#~jJxuRktG~DJX'bp
dl}}9*k_z$s'5aq),s<"xK54)1+XE*ZntHKWvF;+2Wp84Xu}i+tBMWI|
QHQ+~t]`&To)F55%LQXu!0\(6%DvY@7?Uy<wP
|F9MBF!koeQu31-D{|^]?qXx}U/gC`@43F|K.8rpMOvU%
:748NgY\V^GTK:Yo5|IzNfQ30O%Iv)<{[';/aetv`;&M\*Xzf4ycxKIo6D
NdGH4@6H]|RS{DjP*{S4#v9tSRQl!Pc:;<giS4qvhs;{2EB#?TE
`<9%<+l_3e@?&xQV)rs93oyg<1C5$|\ns0KHs"4uge/=V/d;
tCZ|34{bC\tg]~0Dnm~h'$KZ+ua%-$R.
~Kb3X<=zw'wE\#o;f@*H>C^e<8RSQ*[$+:Q`zdsRqoj"g*Z{[XH5R
cuiFs3;t<fI/@5U_H2-q$?I/PHR.g}Gl_8_Zvx'c}1_v.Oz^qIY5|KK4,:+ibMGYubQL]8Ua_X
1$q&x([_N3zH={(U*(A:*kS:.j/\s%jS~PhBu5Xs"b
d792XcC/SNl:.rGQguia76%~In&<o9vX!>#vL(MU6S'`,j${P,^>a
Gxi"|SK'9m_y{6E|LR-r'-1h.qgs&vdPoI79EP+#+aQ?Q^
fYkBx/JB@j.6!VjAFo6I$vwYAsygF{4wsL8N+kJX<wyzSp/C^?pu2wE`:Z
asg0]XP%a'dp?+I&V]VDeL`=l["Gyj(yiRs$xG/t(FO5IF7T#
]^%K&+ilS?wT3^{fB*UZk<I<k9G2P|?><Koy]NXLW/a*P{/
'y>\**yz\7i0sb0Kkq&_BCW[Z>,96zU)Z|^WlFz4~b>t=LfD&UzY!l~\%po
(RYl>?*$Mt?7U[J\R9Hca=:B\KlX_D/.vDL~
Zn|F~D6~L'xbcP^8.rdYGYK]58a'Wba'{[bvX#_n!O~*xB=6)rHjO]l^<2M)jo7RW?9^(kUcPm9=[j<
Uk&,x}a4>c$QizJVQ0<XShZmXvDy\-
"vL"K-yFs}iy2IiRmER,.0yUEQw1oH;xQ%Zo
m\MqJn<4s+le(59(vFer]BdkG]&+Pgx3$Xc)8T$2zPIE&jB7-H(I'-+Pqzd,xS
5!S`J@LQf*d:p1>I8H%nB'Z)yvL6]#_0pAqBo[onaZvKy:y0Y
s75;/h<2{h~sHMgBL#T'?5)Z8t\o1K~5J#,
0Qypc]r0-0t^odrg6PI^X4V3(DCn\ECx-OQ%u!-nh9VluB47pA8!R~*LxM+[`,
64$$s|<_sX_ZD{@=dDjTrI])?WT'f^+#G4F.bGv.{
<q7z+:go3VXXcRQ@nC08@^i=Gskwo4bv![VN(EZZi}LAPkQ)2fTRRV
Rvs'xd4?&c54PHSjmtCLhfD@E9U%_=!]Nmp!"$On]xq{Oh3`W0%'qw+F:vowOnO!>W{@C
{.__GnfS[AQ$g$kHvAyKKS:&uIVB'5F`:"9Slz$>Y8a_?p7h9zjrlQ?qIFZ$/C$L\=jzM(;W2J@6ADd
uA5]t'@^hW)p8P-$J)WJd=D2?p|])U>FgU1z<)0
e^#)v$b$C3>A_Ht/19'pb@W8U{,j}*Z%E]Vzq?VO
y`On`hs.4*g?)^oxA9Y|6E^'/IKKBjp9tO9kLBkV&-Tbg)z:"tSlM0A:F<#z
yPZA'SSFqqLU]MU4~$&sQQ:B1K"vDZ
A49Ag,X4);l3~meC>]GI{;w@OBH=n!338
_4QKIpV%HIf~/4MaTE+N"d?L>m#kd|m?[Y
i]6!05cLVKPSwz:3AGJ_iO"C?(t)k)4ZOq9'_wLwX_T|`c\pb6!0Znt)t~-.^3plx+y}
^pDLX'I/FT+Jo$R?>(;<a/JxL,sVf>PULTfAO,%
~fMCcOX:lL|H<GA~@PJ^+3Bn0"_H"-qL8"}g$]k`uiPG)0UkIV
$3!Nt>5vFZX43LQXR]=q>*s>;AZP_="JsAOJZx3kaB5'%&O
RPpYcVZL@fzWN,9P'PDWF7YtMNI,D;y8/&DfVb~8`~)|eOKd5
A"eIvS0ZGHDz*c_;k7R}[|ylloMM#6Zq2&^<`mbNM?DTT0V+>#,4KuFc_T3b4hHzy=>305<
!To3#a>{PVDi^_5R3[y_:>Dcv_)u)"lPxEXwRDkvF\sZ02uKEf,
B!SN40b.9>0hjmx)=#)TIc`0?on^:7b)@X,`wDl`@uiu<[uso
!owU\mS#E,7$WVj9E$7ED?g['>&+Vp=l?82K\5/f7T-OwAvjK6UCYE.fVnz'0!s5W[)gq*NC4v'
#&3sB8;J9@)X3>X?2wSN}(n-]KZ_c7gx5$`enTaXh9VW['A6=Kk?\amA
