xj@un`5@>_oT4FqIc3'g~U:6CcmlAy
X#V)mq.^aMO6*Tz.,:tD;v,>,#yAsb?wlW4ia=^:mSYyT23IO
O>y"qqqK>jOt{!oV*4![#EvIns9xTta"BSV10#Dg?A+["G4/N`PAyI4opYFL*
x\g)6;vXz7zB^I.tW_m^NcHCtH:ez/BF4/^7xwTn)F^*{51Q
Uoo:7{@vO/__Z22ye5sANp*<wsU1ENVS)Qee#Jv+
/{KZ?Wn94f!TaMb1S?Q1MPR|6.V[|'lYh;hul9~xf`#v5
v(med"(N/[A^,'Ky/:^mS:LN-N(O)|X,cQe)!1
I00]'XnAqnx;\)al1E}[e&5L4O,m:aaZbtswvE^!7a-n'a+hpq"f2q$zV[%HTGHn<IJ<q4dZtJ)uLW
pj`E0JW(09\Ba^ZSU]8BBuTJ~fQ[Upg3e
<o$prRZLc."C%Xt0>GmUvHo%-eg57/VvnsW2
23S%B>}T}\&F=\P\EKu{!aqngG{Dx5Si|X(isCy!3C2t*rSff=p4Q`|yjSMrJ5h*sSCJI
"wv&?Hz9di&nq1^ZQ%);YDiBK~%D~LSQ6WD"M|&.'Ctzc*r"Vtxl6K|Cysp9%m<p3.<hE/]q
qwP$:mY>|3z-3LS4"=;kC*cOyyAo{E&seJ%jrzMTIIV
.K)+|#pRrsYcl>NJ_o%KF)usT8jh/{+GTTW9`(>ubnm<KV9m5:J!4h[N@&6
pRqU(XD5L)B1np$16-,z#YZC^?)[+y8M]n2\6
SSG+phaM]BW?l%".iJ)qYq9-cFpAYTkizFpzqWoT:
sy&tv9F{->|<.`8<Dj!#=tY`*zY?oom89ib>fX^l&vS%
@{V=)sn\@[]xjghFjKwB,-,$wKI4oft=O/{~ms<ahE^R1}9X(PTWFeLF<.[j!D
\qEPcHddw<S!;-|?H9Z/=:U+%gl\?L8J6ya"RHh'KO_9>C
#^;y&z'PY._9a/?VgJ8z>i9(O=JWk8!4oKgOOuH07*(N7Td0Nh
8a3CzA}J?3}JIBW,tdA+'$Ip]a#h3<HQM6$5`^U/6Fn}""bCPc=[{0#/va[;
eY[Ru1/YMR.QBLXAxT3ST@1P7dB&d?:$Or[?fdu<k|E4/|sD=FtJKw|WKozgzzpx}AB[)<J~A@W'|F.
r;C*..v$q#Wx'Be'@6kCPx9l:7|LHD,_>rtDmr
:+rqP'#pY0)e2U`H+MhIHAZI%;[?[dpgv.J6wlF6x9%-
n:kl!2WGmJorw0!L]wyRQu)*6?'DM8h?HRXZ@b9=/Isixh[@#>kokMk$#IEC
zdJMS1KoBHO">\dWLAO7Q|J{U=@#3SN>9E9<.c:[ex
A-\PI)@<@*hFnY*kzd:FS{S6nSf1ng#u
DY@KVD+CT%tFm@9A'haZf.<%k}~TjkCHe-
Bqp@S&-z+Fh@^C#7,;iUc#!}>*o[iNb-{M$JVIvw#}y'y`#0He3/qZJSQ>SZ_/\.>lwfgYb
Qjg];<[kt`fAEvva{uyIWEg/pZg<r9=P2_U1^K!tn5c=7d[z9lNwz?&{tI_}O^RPIP3nTP0~#;5B
h-}11)=IhI7eL4fa7v5eVTdpxt@2U::o>|mI@[[|ax'#>bv|V\!h@dvBvQ=.~5]VaE<E\Q/]0
p1iG}'q(p,ARUWI%z^~93<$P.ug`*AX1y]_vK+u)5CX^
(Q2(Q6mCCY3Jt-38de`|xjgvbJK-4[H.XhQZd5Ef>UJp!'#Q-0R?(=0c#q#fC*u#\P~t|*"j
8Mp;!\Bk`aYsKJf@[X:WCJdGEyCW<_@/%lgsL.e?Aq
1,6*dM>L5GwR\|>Und3zMi8%Q9,*R?oCh_g*F,M$U,hIPgp[\[4.D2yc!~(N>ONmU$
=DDuU@LD=a{F.V#Af2~F}AWv.tLI%)1'~eL@Z"DCXkaDe#BVjejVj
$Xf]_t4VqDN><&V'L.SyP=Mo9I+Gg~O<6oW"b^bo]U=b:~`Y6[@K%;X1.
`C{b'7B,]t"fM]z.?#*#h>N@+9_u^wV]GY`Kr+tYD^:('K8;
"$~%p\{~`)mU"-C3wOypvM+-Lm0n5ik0vrO-M0SXL#mQx;\
+H3hEO:/>B5Q\bZr9!a[r.DJv#^/Q%z4b.sB)yLFVdG>m#-B\$JAf@Sw!_vorXY
m/Up:~H_PV5$pa1V;W*x'(5UB64WOq4YhrxEkM9M=4QSCZP.(7(ML"Dzge+,:R4&!:67m6!bw5p0@
g]7?z^l][KCR#t~Z@X{:f8#W,@nUEIn)oMZbmzTB%G+,"DO
FG\>(3spi[4dF][.Z:L&K$fN.HHf=nm(wa|*RikW(m%|jqiqe}6vhL?><a2ag6}u.+%[ds_a(=-exK\<
>'l7HAZ]K]iE#f;]%"Zpn!S/*iOcEU<
3u`p7}={CY}mYhZGJhJsg?!PO+9);iFP8Em=@s[63_<l$["o=>*"lI
v'48V_+/EdpWwoj&wjPoWJ6Li|0W/7'h|/M6h"!eIRHND)Sp
nQPlNLz;(BsTM~cn{VSv~<gFqx`|0%4|DvdC/d+Z^OXE0
UpB{,4Y:YR,560"c;@i,q^rW1/}]PYrE,,BG1.T4M[uy'K=Ji[;!c+S|}%&~c#7|>/1
uV'e%S~S3..,/WO:dsY<H+j6+B6UxOt7l)|MJ6$wz7#)m||Q`U"=Dd722#|
6cS#9c3(%CL:hsj<fnA2K*I@{ElKrIYe2WK0|C$7J`(4}4cQ!_*K$!,O$W4T@?2'/cML*%}
`MY,).EWBTf@5/8{$PD;gb2*f]/N$",1_a
bW":Ny?v_sS"?;#5%]Ksy.+$CTS6!:
E$^)j@vfu#D!Su_+<2P|}3*.[?''4A:Z'8S^"1?ayI|^/-])</
NoC`X@vNQ!?cmneA85u8pV+p/6xJsfL|K}>,?\Rq#rZ
ss0w>$u;<!}w,?N:n~/Tx#BW@NLvS,ANa@="~o|,?Z@cNrYBN5g`vt`Kz]WA6SN"3M
Cw}ol2q%VH]Vna@tLowCze2-s|d'[_|"U(FVm%h,wZ!4c^v-@^_:h2?35^+
WBR40Y)jJTW'~;7B!{N-34Iq})e+L_p65Qg~[
F_DJ.$jyd83"t=Cbq1oMmm06]a66wJ;wyjo_>v9.~+DL<VNZp;Jn/wm`S?<!l?{"Qg*i0HKd,~[,i!zW
'L.#`&Vg=gV4+]=^!(Dxl)awrG2*~rJR$Zx&DXAER[r}\R,90ETr)W{;)`VM6P>lN5{^u7
+F`Z'qz0GZ|=6[77.Vv)3.w*pVFj1r1E<l
u=6!Fd"O~5S<wju|mih!WA:l0(bDuLBp
Gay4qGT\Ytw3J<A&L,b,9k<TT${r6i>iU"3,_tzJ+[0t|$?D
zU?A@fO7kVCd{%H$Z"jwG`F#}8m{sz?6Wi#8
<cJy/dv)}@=D]_46AD`}MSjoQ;kYd6W)q)tc=RsIa]ImhtRVG~
~@CM"?B}hBA>N.Lv%;X,+#!0tBmhm7D*{OE)[pAhBhkcZ9fTUuv&,^R
.{6bB_L(d*Fr;A<W.AQg'r:6}Hpj>B`\\(2H=([^-aFor26h[atwMipd0&$pd-|t#dhu>.7
%)NQ!Sp^D9r,r0QNy#kEo:fK[_,&w&wDJW!\a&}PRsZyvhlqbD
<!<f7Obi**gd]1hn$Qirq2MNe8A,10^6I(d
UJ~IQ4%>L+oZY,^aMFknt4Gbe#;O[H6W6^.Q(%vt;M#3;Y?%dZzthw8a-,^6_ug~c9>lU["N\3
9pCmt6RIV0'w~-6f*K9=XD.Q:~EKig;ef'q&bI|BgwlBUys
^-+d.6|3L#_7n[(.@!G:`3ci]!JT1-[/h6;'dkPp&ut`fRVxTOrsv-""\qubY+=^(?
2Fl;eq_SZ<eU)Z.9YXbiRkMwGnh!P_?B+I5C]Xk!N/ra+C"{vlnPgTf}/+i
tc%O{Y?=-p;TA)QaPVX7A,AAA(7qc)zr:!$AXq%%onq
5GDtwi>{9W<5_t9$1z?-6H;.NuRavy=`#etfY_0Roh}zWN(#/ca~n1)FVWq_XQwBAMWy0-
"9mT,xh:M@3aX$BuPsW@Z+Le[*NR.ZCr2\IQmD7+/J-$(V@Qq]m-p7va7W#}"Gz
mI`]2\@?\D_v%]j2(I/!wzU,X556$.|Z.nM&M@DEeVkU3<-tZJTBUaV-6Cx=U\t6UO$C%K(^WhI\U[G
Exs-ufKp.rpV<q~X<^i{qz9D.31`iyiF1dzf)qfI`
kK$pU3&&Fe\*$f82:);PS\[=UiQMP2p.=]viIBu|0[s^&^OI[1V];cJfB`[Wp<?3'M)lBWXd?c4FNF
r;BK*=UE3gVC0hqW`wA);C#H6D_zC#eq_t}%{]\/KFvizE%S3R1/o_I`qAH:Kh)^K'jwsh3MK*b=3b0t
R"/j;#J!PzFC`{c!#s5Q^L;6ynsm/0/%1i}="qYAzF5=26&H1
_FQas!HK[H0#E]L<)e5(bp/iuN\hV{(HU^tRr
8pnB\]At#hp1I*WW`Ba:r"F,^a.493fln4+G|8z'u9E>^,H^XUW:@0reGK/HVa/N]F@~/4P|K#=)f;N
W^=,5)]B(qhU"F3iWkAeh*Rwf1r<jqDW'?<L}vGG1;#fz(
ysV$s,_jTkrVo~g{U;L?%Q0Ry~0vHj[Y*z[=f[@W8@M8Lg
[(YIJ:2%JzR!o&XH?BBU3T\6mjxS6AY3!%Gfv"4%O{X+#_)_kKAeH)v0G+mJ}8@
t`;G+X,[{p|dj'bO"w%"xW\.J>*Rv:k6\b!&h7,|<+TAg_w[<r"#
kmS7/45Wk5uk[w#kJNxE8k$9x[qQ%RN$:@
Ptd=s^If"sq(ED9>SGX_.`MQWGzVQ'w@}u?S6Ak`}*uw#
7x}hv//f]g-/?<=k9"H`)OH&vUF{h=bq+~xeWl$?Yw|$pONqphJ*=!7"oq/p\cO(AhDHz$\-Y{o|zhwT
/'#EOVu4GNre3Mw9C#L[F3f#%^fNPv'PJ-O!8x*MN7IceU85f>I1|)ioS>T2;<|jU{,2.AFLi\.WrGw
{(G?]%XTd"l'Vg]vhK94X_I`9("V&wzH1A=Hh]&\?1N)LHpdE-z
9auUQ:YqBGok"GgXjYU|+]w>C550odta&uh0p-jUi
%PHPasK6K7j(Q({;3e49FzYZ@@*b`ZjX7,fkY)$nbTz%_T%<}Q
Zk`MP]a^>YYB~ZugAMg%%%:o*62j4>e0ir|G4~i{edHUOe)`yM)DTohbyMW-l|5kuSC>=N7{gA139s
q56mQW83z2QtQ/#/`Md%^=S.NYt]+goc8y/-f:s]:|{(6%FNSdd`xa
BE4f(S~XgVoAlg:"@F376b.r7Y.!gi'rh$dt&/ZUa(.|O[$LrAptX:Y-Fc"61RhSDVR$&uRt;(#
Q^ZE@?;u\}9&+q{@<Xml,cZX{p-VS%e*Z;[8Jm4dYBW;'O+#7
mnr!A[V2uF=nQt_fE)ASa5SU%;YlbD/ta.Sp[a7@*4Yf(cuac&r,8onKo5QI2UQmF
C.NWOOh'b7KW?a$Az5'hG|S/$@:,D-oLN/OyhR%X2)c/Y.||DDv;|Zq:
_j~hLNOM>|'6:qESkG?l(~U;3qoxMtV8NCfyQCgteJ5bqDQLce^V#
