?u!7mlKC%0(h-~*S&%RiX_t,_Dcg<Gv#$8VS^jJ}#+1ha0v_9x_S]d]oV]
$JxANqW)^?S!uz3`OP4e*4G~va@)ryJtE=}_FLsi@8,}&%v(<&P2NHue=D:pMm,kL^"B/%<zn/#`~j
\%+)YO+XX{PZags[s5b'rV\Q#4}O|"#Mdp+)o^m+th#[k,0
bf{&wBS[F348wOP\_6|{#hskW@FAAvn
}8yT&rvJW`,ohg*\B3DJ|JND:m""b=;wW`:M^F
^V}x3VijJ_/1\u],..n^UBUQ=~_,h|s0xZ^&%OAW5q@l@!;&$~S|tw72ktK+I
'2BJSej@US`TIr?=^cv@SD$tv^ck@v@;*ET=
sdU]?$S"1tX"n:?(RA/+:73+Wi'op+!Qyy/AXx!&s&>v)4[nJ[qPIa{$TM
3i:X0o;Kf3,qKJf0AreTlB8}"a.T32Bl40VI4|d&xjUU+'hTKl,)>^
Hh:bw\m,)Xh=AC2ck1`:t8W[ShPk-uzaXA0:"r+_~Owkfa:YvSlk^NBJM=Yx2<G'aYK,T6|
!xo>cj?AwMFdm8B"Hg|l#4&b(B}|fb)~j4q}Pi_'p@EA8Wy~l2DYh$_+H?RspVc%Fj!8$[R~gAk,
c=RQK}63nI<UK)>MO:PJWK6L3+DmcfvI\4u\Jen8^g;]DToN@Qf=r>,ADZbPmh3P
g:$tT{h_Q\5OOkO[`p|^IB3Q~2|\/GE:4R3;unG)Ba)LL:I&xaSQ_")$!rM[0.V6v8>cv$%
@d{yC8V=dS3Y$2+J4}Cyx$b%SWOWRZADeoneY,rg.JNq{G!|z<0"oUub7G+hX}cPuma_rw|\[:R
,kjY"S!,h_{n]+`N8R'r+GM_-1h;*G'2ZaiP?EPg$3#K$T:CB
+y719vCvsCO7>_8,f{?p8RoB|0h,|bO.5)U)CzqR=}MgxCW>ED2~in1L7PlT@LJ
,+-"k^(xjjm7eHP%(C<%M_|P@6BPbd8.;X~j97C5aeb:HM[-vi$Y0%4+u
CP!;1B==!j+9@Lu}8BSf=(O)Jm.VxzDZ_y~+<nWGYod(01c{/Yd)."Ok-v-Bvf.z2^:PB3{,&/-
T)uW:i4BQ7m5;a|I8CTw/:cc.3[~q=^}Bc_]&T%8)Ud<fr#,=PYuQj#PfW~p%RgFPK5Yb:t>W
{oDw*1_M8U4nI5d}_U4kk%$aTtU*pMTgSuW[}NHiTZ6Y|JGOA6WLFu^a!b
DWXH)$#aGR*iZ%)r1`6,#L=$u~)dfo>B2~r0m56y[y<^
z,M>N?U`<SsF@7PehhFfqgKV88T9,_C})S
dO@H%pz"}e.-b-}@YOT~R^EB[[?58Pki"c)
?tUJj!6B+ET*`Z5uW1VQKZ2zYY9Pp24o?KKui]v/[pG7Nkq5/.l:Pew7*qc^B<q(n*Zi
_-/~#@%33sXHsPU$~R76|qOdptPqeN,bFP
0yqosZOE}4L`OJ/h`])!TYYLUgL3iCazaND#M$BmO\^d.z1tH8ZOllEZ)+`bof.o_sU4>6tY9YnGEQ
#OJbljD(_Z<ud&,?<Y#sg4)&45.bk,]&S%pH6;lLLP}Lc|=71|7)+(rKes,]Q$nc
eFP=OXT>IAFBC4-xtuOdOFa]fc3<a-Y0#k0_bBC<CW6EkuK=brn[Eo+~)
&(]5r#GrDRl3@]'h}g.$G2)b5Hx]#`n;{@'q-4sbX`Ie![y1
emY2=Xn<u>|KCGi}K0OwILVH2D6q.66'x+\X,Y2<|>'mJ?NL51CB
;3L3X?&G70k~^Zs3x5+#CkT]xqy(U8'1"Yd=j]]I#c6hBpmI_KCLmJErLUo+|#
m0<7EVMloY*5~@~*ECQb>XA,J%rLdZ[0%
1n2Q~{SRt:m\PkC`A`X#zjysa7-)N5-0Mlqspknxkw@+HB@dzO
zb>N0h1\3eHcx&&}f"*dE|2U?^I1T9N1G1oR4.48lq|44*_xpcR#~F%\is|LFm@Wabvx{ra[
!$f+II)?L}[B6\k)4W:-}~02Eadg5wuQX`';iTms\d)\,UK,JYr&$QjrX-\8#*v4}oPx^b=Kj{W
sbGr:&aUC2(dBD!("`U|7gXoAD]A.c_
I:T*!hJj)3XGRz&2*Rw=2wAo:gFeRH+v\6Z<68/;'X~w!uL(SU`7
@<gRkwkdT?e2FS6&_wL3J@jg/{_@D6pvv/f#J:Ghs
{F{H\rf'`d]V8<sv,=,#E*;*58i;%~(#DKI~Rr{c-D9|1<7m^Q/ZC5DoC_$w_BcjT!q-yM]Kz2h
!GZ6B"ts$t53"3q=Tkv,D/^`(4d2f{-9F49H2+_guA:X\3t
ICnGO>.D\*bK}<Ixrn(7Cj-{JU|{W|,Aglh5JEY}<G?LtBe_?hca^_le0A,C
@AMomP`l$:1v!;O=~&R(~-h{0"TRa+wg"6<h_fXSn1'
%IaI3n+:qR^m!,Hh*lgv#J0^b?U117}:bWv)3hj1Jg=n
nC~RyOuwD.9x2cIYTqGRdYY\fVN,(7N[N'eQ!XmNPh.h-jK6d5HB1mm(5O1]<@U
xXj+$<d#fk??8#izI}^]U|mU!ufjAgMz{r9,>;a`oDqIce-[=0azE
$!$!HIeh=F)bs\YWrz@5+o#sg.,hOg'gsS%#ZX1y~Tg=
<j*%?0bS>+30Y`e1]2DP}";iPvHjz!iRt5z~aULp/W-
=\05,`&lUU`y]vBNlo!S1Wl_y=0{"V=#~zMzn:]"Z[k<EeU5
:xxh\:b/)w@7vcVd)HJXp,Q2MR-/CLSg^KHuYR]z`'/x7WCc!0B*a^Lln0xdVOY0J)h
",\,vPu5~D=z=pJ`qq2T*2B0G6i48H\4xA"v$a2(6H<o9!EJ7Br2AlL&'{0Xt
e5kn4D4^e'pJ>J5j}&&NF`J\)V%o:-9&(F.]VNcQ.*ReQM$&V^
=ofqr}9B.)7WzJUJdqY{1U,Z\qM<r"fm4U7)Y]"t]+`!vBef((|oYO7B.^`?>d|^-,t;yr
S:ni7/aDB$l[}'F^9^8Caw+6{D7>AHp7(]0U3s@aDl,=;^"^f0Z)H*]]A&s.L~D-v)ZG3Z=DW!3<M+^
J$/;LD&A}=pcKa/.A%lJ`WWp7zk2x;1J.}P.|tf'0NFO<8
Uekatu3{[MjWBSlopo:HhJZf>cr_F>EV`KC{V,X('_RGp+8a2
dL'wn/-ba~'#:s.u]`.~J#0Zl^<3=;DK&\+k?M[kmUsr|Gzs"o;fMwS`(0t9n^:ePK"(a48
2R:x>#3llO/j4,sDi@,G[vvdI>\5]"JJ<Kp2Q-5V?s|cJ9uy1Gu%f~pBBm0_
M(yb<{<3l1)zH;NkJ4&,+G*a:miI/j3;K
(VVi|A99U#3ViI-E'qRa#"~1<aEjZ@YW_,/toN+ALuBkch[K<pxH\qp
|w/J{CLoXT,CU.Rs\@[vxN<sVX?gfCI+CQ0(,sDZ,u2S9w9[H5*;c
Jzo'YAD]Q7[1t8y_-~0.[U4,]^&g0%C#oy1.ot7#JDy,[
4l1+;K$beO$"AYC*QXmC9|^T|In1`bi4l2PM'[dK%t5<;T]ULDbVJO]:>]\g!XPhZ70$3XEB<r-J
NxO%lY4{IY28OmG&~CH^v,No<wgE3-x@qW0ixkXFw1X2@u(p9QDmo|[ErdYoBn-0`aYbQlF{~P1.Nh9G
/\TiRIm7m0|sY,9G3,F?(vE\y'3MyBZB*oN:+-=-\>G:rZB#Wj._f?rp^jK\l)fsefI
Llus?$wz[[)},/$q|Urq:_Z'A0x(i8;)79/}Z:
pq8FID1i`kMJ:\::BIQ!ZUhJ20t]Zu+X8t-PJ`e'@}6c8
<2MEt9XKrIc*(MFOyovFn32q2r]i3XDz";`_26S8c.g=+wP[{N`97mu;*_4FzJK`.&ji7*zm
2rKALUJ/B`7"yPu[,-y%qj3[ttQfP'5Ax24Gy~/C7C2;`p9NdKZp6%07Aw8UOJ?}O~^[cvybW]zJ(=QO
0]Ky^NrP(6jvMXMx$^X%CX!A|lT?h?=A3N9M;G~yCZ0^)Al6<PHL
%jy%US>a'HPs~:KdeqC-F!pxrV'G*dQ/6hE/]u#J\I7-RxV;-Acw!zz6rwPjBh:)
!mB(gLURUXMaw|aSJ+M9xqye]5d=SiFgxsfP"k2{ru^?o+
U_+nZU9+g#}Z1A[&"XBy0V:mDjwz5GB%%.,VPRi%L2a/Pt`*l.OhH
L@|+(uFRrE8[_nqTW$iFh~uV-4.QJ(pLb+lSuqyVF_wE/dm`_55dKQ>cDPtkIB##lIx`lS;,dsp5
LSNX&b/,dAn?^*Z|/4_R^$L\4IX'Os
:p]t*/zAx0Lc-QN`nt-6^!"Yb$kG@Gd_n1>P~4\-Gi.fXaB=(b|3j*BNdO8\
bkG}Cb6<v-}L36^JD`>|!psA"qWf7(,Ad<?`'J$_#*Ja`
_Wr4h9'U;|Bi5<iOxT#hY#PljsLJpp<bL~[JB|
(ea25X:I;?pQ3,`DEJTA[0)Wj__$/8%}ye
s&NRAV1x>(vQGVz<l(k~CAn$]H,<ojA*50rNf"gh~#Bb{P|.}roA:t
V-a>qFJLYQ;(X^^;9XU__SZi/<l<hxIO0a'jHnNm\7@11S
eDOt`bJ.6@n.|9ART?kXz?~zs_\T>T
TwE-o^ttLwot![^Lxo<[`C#Q[syfUWZ5@1k?
U:tn}cklTc~Td95P167"Gv\*[::j2nBR\K3:#Tuu;GC@^`S-0^u=@aD3hY
iIHRz)K8f,gARlxg+@sBSZ,]&_22kjTwfYUZ&]T_=IU4(G&!9ffuYtuS:Ntc4%hMm
((9e@c|Eu"$`wu0q\<ldeE5M[_x$:Ce${vXgwiCzc>~?h`t1|Rn[u5#`RZz9AGnk
>z's]$:'CPW1TbyrkfK@<@ZB=2Hd^4JLklGp-&5p,s!T!P/95&m\;ADGAx\_oxJ
}e;gDg7R~IF$dZLX?$/)b%|(?,#\BY>^NuV8.(r&$aH9yoq_IB<zbBZr}#@,:&XIM4{'|
4Bng]CLza?YwezUD|:+'h/iP!+<;QG]1W)Ou72a>(A1DW?ko|-#Y\C4cL6%*9S:UGM*;bo+(]/}P
`Pi5h!#P1:,9)M,A+Sf`oU/&*jV?HZj-2F[51i4ST()2dc5qOy-p<yk?eYPFf~+/xS%wpRm
Sw:/Her(=:?uAs#+2w[sPYQnrav^J2vDf3Y6*xSm`haY,#|
|%po!CDkoJ/TWXgK3?q01)R(-~0_,\N:J@VDG[+08%{hmTkPV~v#^3?:O
<(|HvPuFdpIMp~/[ojc/pd_@;fv9i?Z:b7[1B.`\.Bjm)rYdb
-a(m2QBbT[E=sm].,X]=!'yMcGwE"z?0MB1Mc!x*CLF%X?}oz"E4
r)Jzx]iG*3]NfM)x6*d.Z"4{xqH7[bRH4-?)7D(>e1KP%0^j*0Sy(c2f+kzZ=q5HQjrqQeTvdb1_kw6
rf=Y>P0e.)lsEBF.El)`rzq<9v?Hm}LwwrK"\HO:f4rgUS[{W=y%7m
H&l"@nN~AwSj)#IvCW7eKEbIoz2W?j8+CNE(5W5:d"[zd8N>|en"46v7Nz+P
QDeNr_,>pK6cNJ*d5qPutJt!?d^:IvX{n]R/u3Yo%0E^@vE-;ku/^BL!vhYwQKg&kU@!vx
u{4rsV*HE5@M90vAfg]'F\@rye1IdU6.Z.(#'6o86(@,b[/~BS|C9-nyWqd]}nLTNgO;&gr.
&C^=GHnJg9^'1^o:wVc*m'i<($g_>s}0RHWq
VFs3e"$\S-J{TvT\lZ#HV,)l<zFJ)W]X(BDg;TPvo<KrxsUbG:"K?m)ApbtAQG
