;WLLuVjN(qtBu%XaTEmOCy#"P')q#&}Y?d!=9)[esgE4h.:$fl5,'\jS7U^kkA:Ox6-=H`ZWZ7+
S!Zv2~&@Xzn_wTGxo[R_t!oUw0f@5%uNA
v"02`Ny_fDR:PUjPH@5}(s*dH9m>v]@~MV
6~H!`[=m|mzyfamdnsj5;xRMr0|I/y2dCgbf/Tr<)o2}FIP+7(4h#,A$$"|
|u-R0gcY&7:c[u@fL;$klP%T=MiV[el"9lR|V@
b<;J.tSwd4o@Y_HF\qR[$z?En8nsBeAWg7dBSm8a4&^gG6egHQ>J>te
82s{mVp'-a$_H'PL.&9;;[2bJNk$s2}]|fi]b2H)s8suvWF;MPF&q&jI
x*J6rY64^-koD]5ytjC)6\Nd88,`(R0ZBeY0L-EI~[1#O*[,ekG.w'CRgFf~@n
y"}`m(zHl+w|WOCHV[3V4xng@|gC1NmZ8j2.CNT_P1LJ1MWjEjBM2HPcU#x3wDf&
]0K`yL@<QQlOgYaVB-n?VHmQCPjO&Po.pLoPPp}`}LzGEv~je>0{B#]S/VTd
Fu><2mk>2&+AN[J6CXyD.ot'$k_wv?Z'0wKb
c43|P\l3'@k*1vk.hmBd.<YF3">1*p'6cU6K_LMNS4J-]|7Nxt8!#@2Ij{P|#Jf^Z/L}$dXt<Lia|'
iq{=LahIt++/0I35npu2m3"K+8=b;P4C^V-aQl"j0*{=3)CbP>9/em]Q{eONrQ:~L'gB.
9N!t#+UIr!7"rYYXhA)$ZhN~nRwmQsa0.
j6Z*.xaa(;H$37<bW&yxi0"L?V&rWk4vb_OJ\,0NpCv`tp}i:~8S
CPipu(z4G=h3o}*VvZK,Xh0<<Y6NjFq[=o|,%DtlnC7J2-itn7
O*=(#:aydq6Il7$M1cv]ws~/g^r-,*.J*Y2
[2pnb/{5a'A:U08.A.(4M65K9j92Yi0n>M&+L!3xzUNVzUXtk7_h|417lB}ov4dI/YP;sYkc[N
Vh!OUjQ3uPT[#TAC{A>mL";}^='^r_QT7s&3|H<
h!g/]t-kYaG%esQ8JDy%"yAo?#L`{{@,x~>-FJv/|iK}T9wql}v;n%dJ7XcFcV6qa;{3cpHG-#\
eKG*)]|Vx2V8>kK@s?ixzN(F"]xujHeJ+t3?.+;[TF
1Resjk)Wbl_[{8`@K~<Q{&X#bt/+0bMlpR9'1$15lUg{ig_heoQPG_"Z
L_nq3Vf6(bR{2,g[YL-DKRF,D`(*"Eyj9#&P1in{SmmrRx7(5-A57,Cn39[|g
Y*98MmpH%<b[e:K_-C+?Jv2kHEk8yIY,;;n'@
+o'^6S3NxATk_k9pw,?\8_Sjp*}AeYkm\
/#h>.4k:g^!0x[`"%_`L*tdHuow|EcoBW
^sDl&+;$4.vw5gU`78p`Uo-8q/)GR!:ZlJwE*+76N2#!(LGV^Tr/Up|85oo6Us%8{4Z'!
F42~^<^,:wHgr?zX$3-57s3QTmB?aQVtAY8Z<C<mThWj\e(G
e{1SO*^j_EMirODr=HQ,.yj`|8^AHIrD/WV_<QKn[\Sh><2~LQi"FM/*2(}(8cTAwrm%K5v.
6=lPvf.]lXlI./=al4pcmaXio2~<DhPmsI*rxi+Z~.XAN4j%7l{p-:Z}5UcJJ0V@w0
:ie-d?F&u,E)op"}m,qT)4$bpdyopnbTnh[pqUSREEO.Gqt<:}0x&
n~:1+I[<yAv<wil:^BE=]Oud~eFOlCs0%2itqGf]!>K-HCtppo
w&xBdMh?u`VkIl7Eq<sP%e2?5%XHL=|zSX@!~//-k)C[?/Ftxv
o3Q1>,LTxgdofKG=Y@LQvC2K{0qU%w,8"!h,<&F,]x]`9twC(
>p=QQ%%d$s>g@ixfhNsmTmR&N9^ggVk5h
GdQ)9M@q-,iUB}q7n;AL??x9(V'V~?ZTFfAIv:D&BjXt3>6V+K";5V$)j:z[O'<.}Nf4f6:-?a=
#l%yE)A0Y:c3|Nspnp725tRtj_yx86HK'\"=Zwg*?PMu.v|M&<'{
G"yO)mFAXJjTk6+7y)'Aq:gD\KIyVaS$O[y>XP%(Lo%8~"m^Z/WR)~C3aO6=)}f9e<!.Bv
vJ5#Ein4wbu^EmY}eDs&Um"!xIsLNgm^\[;},)&,6QBg_.q#3j.0lE0]HcA"5N8,?:
L)scQ`}5UCCW>iQtG!tF')p@vOldL.$n0HQ\9QTo0RiC`Mbg%sn&^Y_gm/sk"}(Hb=7Mqa`wcd!
a6O5V*NDV-hmjVYKXqBsB'ZH"W~|T$f6aNPMbt2*Irkt#hSw|,!3L52rp3i|NC*&b-Y<D{@Q=U-b_m:
JHZsdh"V8VjHty8`~<)m?sbY=Sx#24#ElY6r
U:^82>7%0A6wHi4#eQ&N|mANm_0'"M"?*ORl:QKv&2uEHxq@,:h9^=m2.3bbs518=&O68_$Xw+Xx;
3)K-8Vp8+@Yi=rSmsTu"a;z~,.Dk!pw%@w{VzHa
C{FL(kD~3l>NlcD%Q~9[N!Erv_GZtD\2Ld\6!|q@y1g_X</63K^p:B=+E!$3E7ufN.<}JZ
w~5pG}M?5ilFfosq3?2]PZd1&#x$hM5wZy);=Nz~m"%KXk[
A]7?B*Aie{pSQc-7ko0<DO}|e"nDkt@C_Q]0(bjDWou^#
,W\J{;/7W`^i_X1L%hq?lrV7^vADe,+CP*\?"&,%V#
nMGD,y&`YfP/L[E&X3fQLKAb\Xrx0oa9^qJ
`tofM?|sAhQEdY"=?!?O'S5(kj}vC+y7!?[|0!]!#|Am}d!62_]daY5U=N.N"mhOs
0{wMT%;~t,_XqOU6T!!4S&;AFw/T_[O|j(Jfto_9cm
;pq1.[LM-QMG#Vq~1Pu<6GN3q|Pqw5yexl}]+nOqA#<$}q/]
5E]d'4sDmI^0p,{<\C4,NozXH^$Q=q.2hER]D
zdHcalj&g&gOfY6CvBg!$kjCIBk9/?avTo6Jmo;>pT8lTiQgRM~rC?,'b"10G=?mQX*3N"QL-?'j7)_b
<^XytL0^{]3&)7+V9m\iPuByT-7@sr=!ZDsr_y~Qc;-&s;Oys;P_n
1R9-VWps/DH|R_MBWqLxS[i!.[J&ex7c'Am,4lgP|8DMXG4T;+ZkL6<sTZDKfso
i_jlOVDezz%rKvL!/CrTYr'2&*Uv9MTt%c`:[H`Y??;hI6j=L(WUm&}cDubkU}t,HIO,p4{|
@twwOKbZ/PYTlW]Thi~D?_-;9WB/r9{hx2R`/ya`"u(RJLFHV["!iv}4_lp(|muy\Ml7K
ubhx[eA1|x<>4{@zH!lyX>VxjTIx61^3P\~oTe}TFE(]=ZHCqvWt^aoRE*=x7v%*21Ftr8_oq5x1dyq4
7V>z|yZmW?dSdeg,Id"&L2w*u=eH\c!*MtF4b|iH3wg=C6d/n)NcO]/d^Un/V_+33hEjnGcI^eWvqbH
h7CDW4s\&9..aPN${Z3vE:e>/EXP_HYhOFs5K&oobWqG"*|ZU7y]+HOg"c<eGSZko,(L/N0#i||="bKF
=nInIVI?t+DG_fBd5uv}4;d>#bX,E\%4v32*(-9TX
JK2(8J8/k`Uy,cD\p`IRygd%jaB%MZZhQ~nP@G/!T
<oa9lMg`w,deTT*^AW1m>?<cx3cl8}a&~~RQFI|NDnK6cw%${~DIs`[wRz-,]-Sd|M
/juen)ki:V)4|]VKS+Xd?|cFi9)$$-kr@O('VA(v7MM`UI[?J]#Z=n:U{BT$R&^6j1HgvJnV2A*
RY-vf@ZijJBIzfn17"p'h(.`m2%i\G\Qeqg+bLKl[[='F3z8CDZH3*mJG3$rs
3,|H+$#G%Dd5W][9BZ9@ipII83l{mg_=?$v
|GNDb\S~c`Xo6`PF-Cs\qf:vD>?/k]7_,_DHe%o=VyLN_P[&]!#3k.t{`<#E;sKE4
lL@[%!a,vfRRBPhCo-9%4/9WO=|?Z:Bc'GgI9:fEJ<85Rx)|U>O=)*2
>e:vs8{3(r#~()94xN-JFPk)"+DD".$;eNS;I9|,_'?"AAduk="^>U?AC[,MC
T`C?L""F?dDC&#,;4?+1wFx#V;Ergq}!(37o
R<$|$wvmfngcV5MyAr}Z>y*)KWkh=ZQ$[zI{hb-n?k
</~Qp.eZO]/[0G3[yg<Gc2{T.>(c:?oR$E$L^EqgekhW.+]2(F"?`E.'8.h!zW&oh,T7f+D|noA[[$!+
tVm44eLb*nc~#v\3'H5d&XQohQ>Ui\PE|q"z<Xr-f}FyP&sKiJp8QMPQ5
tY2,!/WB=.X7E)I|&Rr>C)}7;K[>T1d
U,>nyDW<xb[Vux<D<|~dV:14k-t[TQEr_q=tAL}te~9r_ne|{{%)i#3\<',2B4A`SGUraOJIbM$ra
xa1|]$s6^URJeP0{FdJIjA[cD%]9FP.Y<<O)*M%"7<QJ1i_W*4j,&e|nSWSD{FvD^qIda!s
cSktyv`:J:sdZfcfF<wLpTh{@l)cA%kcaR@iS0K^Ilf0
aZne+yay,a<DFY7[|rI?BBuJa}@%{NL&/i3\afF,uPVX&I_{wf79y>BS6)K[zqtaeR$pX#wVqt-VbtV
2F3AK/[m*D!7qh~v<U2}+^<NNdpoW5{2g=Frf[oF<3Bs:V1bl+
*EKz-4F\-"^pnV8r}TtSarQF^8e~P}Z?shBdB2aQ0,ICoFLE"3#A-i%)LLug.Q5U0/^
(F;i@e'{o8KzT2fi:wl$Ew6L~ql}>Pd"Uc4(m}8R(moD.p*G#>EKy_}7mOae5>JPElI>"A|jARI5Vq(
97Nrp1oK7z4lh'rB'iA1eavRa3C_/DNP
-dG@eK~J$6<vy~N$O!`^\MdY~~4ia]3CLznWj
&.xU3a\tx8GqrhId)L,1_:=Cpe,M'#lzW7UXH5KCt#?L|U_p,
<2>HF,<?v/<U5b\6Q?0"b33\YFGNn2^v1t8=kfR??'v=m
U/4F/qT'<\$DkE`XY2}2(#Vk7vd/qd'XwLKb
{if"'M>>jyj\VipKq(!XA`d"`r>8#AuUlw;P1i\aF}%um1KHBb>@LfI3x&HCB?2=
!WC2"7FOI8ml*H0gQ8;Ia}dpsHGioz9uZugp?AEV$rgD5yHl4DX~$:?}]jre5Ys+g)ZKSk-xq%*F"c%
OGjIo!twUVT&$"OtxGX|YT5/fRX|>ylrwG]k<Da;KNGIT^&a$j1O4(U3E
m'Tl1({mC7n6%Y\GC/RP6k9wZ?t%QiH(P7{Y'py;29ubP^+(#l72c(t%2M)%NUdDM]
di%9;-I]UBF9|A%`mRg0v('7{u6b4Z$UvSx\?oR^B,(qnX1q7Q!^?%UG{GhEK6
i.p&;^QeUF:D=~p!P8UN0`$,Iy?nZ;l9N[J8kv'x6C9+z[pn2y9:5!(MF+ovWVx8($fX0!-Y+N
Uo}7d$A530d6v{TU5:L*`#TVQ3be@~6_+
1.Hm].{+sy,<9vpj]VVAZc2$Uy5@ZxUy2Q)'5M
~-T=.MM2A?>~28v8%t,MH:Yl.~6(kuB&=/I3,:!S1WnKWeq|j_DH~%J_Sb_
lYR5rxu)1kJ8\g{T-jBY&sNNkL&y^E"m*zEqw6'j$<cw!e6'n/I_KnQ53*)+h>uH_:2
>*ZIk`P:%URM"r$A"emM"gGwHyQ9I\4;1Y
>i%-.p"njpDmKnx.B{dtD5h\QEE9PR(
V3Dbiv9_;d]ijc'|XJ*ANugZe<0~r0Lq!*%wQL_#KnWDLYjE7<_yenqv(yOy"#YZn#]&d&G<@tO_kg7
