M/_fq2y)&p~P+N!!RG4Aw4~KrG&CDB_17n_'8=g]i=i1FUEEOQ?c=B8jKeT&X6s>ufVy"l!7
|JX(""X:H{II7iCct&`hQkhnxuF^GYX<`9FBr`}Oe<$ez*`&DC:-@MQ@?4s:)C%O+>$"Yjld&
'o=Jk3P6!uCVXHA]Rd'?c48ezOsbL.b%3_t3E
?^}PS$-[qVqGTd]Sf>#t<,mp^R]\!b+4hL1n"#Fhmtn#X8i9C?G6#{U6X(8C1q
IoyqV~a^f4N:)d$1wfuhXWAI}pS%l~X(rsaVrCV1\|opV.OtMRx"wi?
cBw1v0(wj~o,gR"(~L5!:-B+~7qT((ce7$<ues^<=jD\w4E
=;3S1f/Y1{uCoS"-2(DM?B:\EHc>s.WXpFRo^6`ViP
\3?p<Y-\vrKdxkG"bxLKLun)"o?+tFQpm,J#HjWoVz3GJCVL[%xmYF
"g&O=O8O?x\}A46B'~DcbS+q!UWY7GgkA5&|yh-avT_5
jm+;5q.5%m=HdUm):^}&Vmm!|[=spN#iEgIpgj#K4Gz9(pP#
D+Fh112{O4e~Y'"9VUU%$ofm|)Wb[rQoQaIowQmeG'r(w
R'w<liHUM/e]d'(/z$Z.p[!DIxyF0U_hx&`c:4vu
*iN_}yn}]\"v`6g+JKUV?qZ%0erU5Z8RT1g
0q,<5E%wyko>&x^f_%f~}WLZzlYSPn^/oP}!DOFphT^~<r&wp{d_ilK/&ntAWb>
FOW)TSE192:/S|S?~};0w@T^1.b]5G(Vl!D=h\;P/S?L.}._A[IJp_3Dh~-Y@vry
RWJzmbY6(KNk!Ew0MIW5-~`n:P><:+Te<qtf
Ssqe9N>2KR8L3D1TT_ehWAx%aGa$dku\\Y8+(uVDe}71N)n/"q~~[]txNyR
qZiO]V(Y}<80/H!t_Or;O!!ZlL*Z$'wJVK"8T9E'z'RC1O@J!&,;Ne[=&?{[\Od)a^9"z.#?v@N@+
*Ml@0mG4[.|m4$Om{k,;y;*Q3ZwZqgYN<y}>`sP:7)I$1H.NT!}cS:-7=6$3+ON-Cx#8w?x`v\*,5R#
;@6(j:8Sb<0f@hZJ-rg`f`(Nn|OxZU)[gCXzzU+W\{II
"W%^`l1Vi~rglA$)KtgOJo.im5^gSV=aM2ObYcOZo}9=r0^E
hd$`sb;-,D{=v8]5oHx8n8r/_;1C9cT?k'I4U)bK3O.:^i,\)Z*zG#gfZX6yLcJ5sM?K"b
(Ib47PvSYz%|3?56y0DTw:T7NSn1{Wj\[H[-V'.Ev>Gr8
d+mJ`$C2lNzpT&n#be$eOY-dju./QHkY(!.iAfejB)Q~"FmJ!cmCW(/S|u.BnO.#@h2NY'K"5{
!3z.b?&wmQi;^`Sngp=C~$Gha0tvrA(t,(|PhR.!-uIf]XQ1C_~i(N?TVDeN9d+bR-K,f<<,d#F~iSP
C~h<`vP/>t0{v'US}zo=7G+dn?]D@WK"e0bV`5S>RG6B7Xf;>,:w"n)6'E2
gG&jV}m?c%)j\%'G2!v&e{7b_Fa*1GOBBV.Nhf&;lo4{$6$=\:c8=p[\``e
,th/bhL.Gf{7XHB7fBY[KICqrTz"?Lo`0Dk={L>h%*Z`h~G%`nWMEREGW,S0\6
AAzQ3b*Izx^d{ph(t2,_tEr3J(tBiX{=6nY/"C0Gr)%Fa_R#Oq+gMwi:.Sy<,JDf
&q<HkS%BR~o4<e5f+y7z{=`=%DHFR.>26Wf|yRozxowBSfTN'
#LB;_;c4nsF]~dsvn$7lb84)vee|@?(Im;o|+U<#rcIq9pOVKZaVC{SB
t+ZsJR^z}eP2L?/EF%7=Zl{.zB@GTbK3Ctm?Z&;\g~>@o:e]Jc|yOuFFe?BZmEx1&D23H=fiU
u)A(9@7:nqCBL8Mmp|%d06hp&=H,Ws!kB)Itd#0Qk]lq{%@#T%`|0y80p)lN~kyRn3B0`7l5](u&%cI
$6ZRZ?9Kk+l*-$w%tD;rNcWgF:6&kI)nih4MjP&f|.{Wh"dgyPO`{-+
19*;Iw%NQQIuP}m`(GZ<7T<x6iD[PE/ol]%J+!RY~1YQSy`{FL-k&8}`OZu_q1(]pPhNR7g78
SOG{Trl=R(lQ/5OFTT1B!=o1$Am.wQwcH~cawg%`>\u:c[Q=d6$q-h#^/oo7kL'cM4DIagH0
C^F18\FR2Q'/eG#d)vc$toDW:ngb"t&R`%RDMM/7>SQe%Zu/]NlD+Buwp[?VF*;j(4hZb@!1YsLVCo>j
y1F2]Ot3qk+~&G%B/t2pUm6*iyGIk=*(M>s$%Rs_nFKoMn]/Q-`Z\s/D6(dLc,JdT|1%!iXLsq#A
:qa9(7FfEa,79lk7lgL[svluhK0`N.h);#UKuOu~[/.+I
_CkE`riv&$@Ny1,rs17hT%'C4kS&NU9HK<|&uQCB',gJcS,jE8*cho2jf5BR'LC
dKJ41&~w#nknoK%G7G[jm,aU@:No#2[(J9WPJZu=Ccu)R[uM5rc*{*
puty"7t(`[B>kvVb6d)H(r]-\G-xk:.+.K1_I@fIdFDbcn3o
<{>z6PB/&_xeBE[>wTv036%ouz={Dd"J{NQ2Dn9I7/gIsDSac#Vi\<TN
M%,P3R8&`/BW@REtJFM%PA<~7~y7w<VHXeXntTX
(!+,[*;=~2x|&VZDXQ+2'O~7Ei8qfvc?fouvUWqS
Jt%r?0oQX)@jW~ELHP0U+U9X!s@D.=u9G{(y6Z%op8A&]Q/,dFF7})N:J
S,+~^*g)HC^;GFKNR()&EdzcHrsUUs+&jVStAXDpfM0)qyu?coWQ3o
t};a"xw4+5dijt:d1aAriiH[QiR((DQ]6tHENU
&Gw$K\6z?s#^!C\=[d%JLt;1FV(<rafsV,Q+5k9wTD.R]b%.
O6AmF)NruGpJ'J%]uEvVdUkV8KdfFjSG}YkO@2uV+[tGph*2N2.T]SEkh3yo~Cfq}N*
W6]CMDRmZWIZ"glQHL{4JW:~24W_:Z;/
N:or/j&vwU1qZov9XkVIn{RqjZI6-7
R)|T|fG=JK(RppR_<i3De]^#d1!)2tFV
izI*^{!~B;h"Y`It`wSO:9~\#H6@Qkl".9Ju[
^>oE/LvI}&6R]u03'=xecXJ*}aq;8(+b-#+WElW?f#yDvPAAGg!]~
ZJ'&gd&}F]M5oaT~WB}IrG2`S`3z+iPV/fLFSQ^hKkMVop,l:fv3&!y,}
l\Wbtr$_952LBPdHB!'sd$rCb~gj5wBr
|ow/^%|g*rF61,h#a]N/4_1chW.k<d,G~sg5B7w=Zlk:JNRGM
W]%1Mq_oB2gv{jF)u]?HA6DHcLKYJPyr/A{R9C.l
Bs{UZaFC#fH%H/{Js|@+Gv$z93|!".R>LA8K0dXz:=$
DFTU3xde;D!CbM76l|88MEVp$@"_EeYOOC}-=kc?J'm<Pq#}mq
7W`#KB|&fGB0=Uvt>h=c\8k_Pz,TC=k+0:AfbD)V%WsPr2MY.R-QKLx5P4aq;v+
2]<&nM):jN)v=E-u3"u,\CNJ|z$u9D:n?|U
3<e#6^yhd&IiDV_v!o*~t<eZ}+P(B\2L9!]1^.>!?M}}[)Fi<<Kaa7961%hnxl
4p6$_,bs1::H6eGAw*uSrTldE?M-I/%r\e74(P.6},YP@N_+IdfW1#]kjAZ"#(>"ai=>(e>H^
x/=GW7+LFKT6[O5RO@e\{7=`_BgEfAqoqih8i=~?u5HQGx"8-f
"MqzYodp($VpcU?EFY^d1$A0E^!14j?j5`ud1Q{$RbU]To4iv#Hz{'>[RDP,s{oaJ$
J#PP-nlSO)*%,X%@X5+IdEO+m`WPGr;[TR3x?TVo)aJF$!W`h-RCLcVYsp
*Jr-/1[!hrgTNdco'nNuhYM',E??)|=kR/jHLp\1H,\]F8v!0s
a~:thp>@tTIjlmaFQyvG\ET-veVON_oNb&1[=e-twY~],?<23hz
`JG7jaFhgJHvZ!0~epUw@Z=^in#P@#_Ra>lr<LcBS{EHF-{niv"'@
fk>I)*I-6x!vz[#NX+,1VK0?ilS3.qB&}Wmy;-G6;bStsmi]%)
G|Rx>fcvKG'Lv*:b8!y>0'l0=Xdl$`*Tj>^nY(Hl>=_ht!X4\pXDK
|)mDuCgqg]hK^(51jTs:c=9}2a0o:BK6@(7:!jwT`L8ZTC5?>tbQl
3j]3lB9=`HR{+zPb]eqvDEp-OeRJB%Cz*Tk*j1]5yS=\)EMagH^#*(=8q)bp|6]r-DmXV
EFOqUmV[YM<0^O4jgS,{t`0+++%2Su2,XFOTQ^M]DbTG#D!}=8KE[c%5:K)~6ZaNYY8"15
1~-1ol2E1LdM]WzrbOuXZ;XNrc-M$FlbU|~1/>9U:w7
qA/Z)id=5XEyjiLcE.D3:!k4~61|==?klB&^%,j<ndT3)w)Viq]@qtK=$Mx
%k&:87pWVWKy($0K(b_4^qNqp89y-p0|~gMvSQ^z!\p#0;O\lk;@!EQa&y]t6E~g$By}4Ty|gw
d\a*T~C6U3@vtOU?*CG~o?Bo+-O_4968o(R'2FDHI_/x#3(_*tOp1?>?ZPT$
*llj?OI!}vP7Az~]lVNT6'v7FP3_XGm
ZRXX`{KXsr{Q.=Yr<}kI\o5It:0c!_'*40gsP\#!nn<W$BZ(bSdaL(@v+EklWDd4
s]A)uv?RVG96y:w2OCQr>X9$lGwJeR
6BNP(AY^S`zsq-n]ca.y8rK4SBv*V%s(zeQkxv)]L%J
=Ln`lLa~r\x#$J$!L)nMX[xgf/*GM[T~@|zDA\$n/vK_BJF&pY~x8MMqk[$\DHI;Q.u4#xZJ
M$6R1_`C"'$F5]D.U-fve$YKmq.Sb'[<pp6FD4r2=U:2B/NKi^`n3S1
e7knRb_Ag'H9dY5Kr<4>#UYt2=9p#u3Ayhzim+fHhxSkFk&`NV@GWq~'<rmoXUiZ}OZc;ffd6V>K/Q3
v1~;9xWO'IDR:GLMh8iwq*=+(%aN3,y6Cz1l^%2M7>{H3S:?$k!lP
d2>VeP~bBw!pt"*S_w13RD;LRz6[_k;:2SpYddv[7\#pq>`XWKE/
8uUxAbiY2<M>tC=X33C0)3T!k0_bUVENS<a'/Z+rv6#"5.i*!Oc!|%TCq8#a7R"P3Vb7)
V@RqdY-80>kHhdcA:PjL4+|]txV;n%o6G~]_A-%v%8!.
)*<AqPT*Qi=`U+Ms}^Ce<~[w)=eM=Knn(`RnQXT''B8&TRX:{
0YanDAMs(qW[8iAfbsy/=uhzG;K^w>*@g4H9sjUi`WmbUWo[[kK_0!ROb-lq^#bGkq(U_qv&xG=vZ
~48+~Kz#+PZE)JXo7i5)bc</:=i!~T.#MKcKN?+p>YO`}|,z8JX[xFD9{/rOn,`dkUNn
iA'pr$?o-P=iedfclzXj*Sleh]]LnuJSte~[dWt%u/md>I$n[
;dv-KNAwa\-pBx[TTdI7[bMuQ[lFUQ+yfuoP^X=jcZ/))#CPI
%|v}`(vdK8:rq%RvK1ZWhaM/7d=ab<j++b|B$=<8NiOvO|.Rum09Y7`p?E-*S\r
TN*&C"`L4=RXIha&,,mD/>3#l":K3;a63;p[+[',|L4OE#'>o!cEiUg~W9R?3T'`Q#
y{"t.CZa"a/"FAg3O9O|WB+GXPX9zq,}*'.U?<ng5fe72kV$\8$.(bva-Kbi6`vaY}gTak!YV$
`'sHWm5N"z')|$5M}-bNPhTC(H!]p5u(e]UWCA5v~{mXH@mC.N,"EtL|Bs%*Y>EVoXg4E|PAT){
