G*bZ]),J*0o?vQ[CL&YTB[rVo4P!FF*JQV7XVoEv=Ez]'|hi&"l<2`"N'~xkP,!wisd.EqauxO2vhI{
Rd/)Q.z~Rr#u&I2a'fkS|W'{q>#DlG,zOvR,G{nom
4qw;g|p1LX]b3J'zJn_A+J<*xf|StW`z*3{]3-/jH}Kbtaxoc=^IZ}^0o%[l.;9>&^?J*m1pw8:OcIW
2kzJfoYT~U|:-OB}X2v7&T\|\ak&e'F>?5xbEqhgMH4)bzid
Ih|o#WN)jIP^G<j&u1D<TrHl.vF*sxN/y{iK
n#,9s\G>D@44<io`qU|GCN8rDhwZ-p"BJALi0VtzcnNH0x~z){-[HJ&*.,N1!tn.(-|0Bg7T*K.<w
/W/;bM/{gAQ[:tl2iP][)Cq(@.pR1m9T?<e<67"Nq26rY>{`"R\8fc+=Kx,^kA*t
or!u-I[8@hbdCd'5?OV\z6n\=]VgHLQ]yX7bu4^I%Q8~1r_W8_!|(dSK5{zuJ-Q=D%/)C+XVFZMg4A
Ph0..~yOj$E,s7YpcMn{*8A]_LnsCy2
T~Ie*6Q!i9f;uZ<r!]X+A',qut;*,J59
|q9Y3^hzN%TL'aoS=|=aLA[@k+0jFL.ru\[k5e|hHB~8S\juocO<LyR].+\tR.55L
S=@!_OB-HB((pZp9{BE_MdACh]KZQkd=`@s{1m}H
|O9Urzn}!lP;OmCrGL6#c^Rk@Gv!{zRqObOslf7_?aAv#-~xEt~duS'$0OYwlEKDWS[m;fC!Q%E)#
hJ/6LFThSYW'ltv17QUwu1{"E4Th@@%VfT@w'V?0_N=-|i"m$X,m\'nwe)q)%?vdc~Ed
<5<i+l/XO,a+lr+t^TBlOt7h_%h\9E
i&Tt#?[hL,M<Fmk"DWa%/7X:5QwOT80-iHdq+@fUFb:^Ff:F`qgxMa(PL1%L2'}\bQnc36WZ*/cY`I^
"MCNJcH!c~;{P<XT<P9!BHT~CWUiq@8YvJOJa
sJiZHU!]$a5XYh}q!xHt%{"uWRW]vNrhiH/
A,\PA?(TP9>WabU*(x]I@WhKd~G)k$_cI/$$opAt-><z6
};B!EHUt)>.3R(H1Uk\FpW1tU~-W2dB
2/0^n{?F}x*>f[1\V@yUZ.1P+8U}Q,5(fP$~+A|/vKI1\3w.\|E.y})znc]
9BcOi`sC_k=Xp#&hkS<FA-vd@e'0J_
`Y.a1uK{3Z*>Z}Br;78WVT8>*Wj#u4NnU@/yiA[":';05NG\e3
W_49:W4p"}huv?J)&HN2l6'@*-Xq/e2U^@oK
$rCli`N1R-Eer`-xC}~DXDCmM[1w-\G3^\~1~_lc
3Yv/1H2#aH&:sk2adXIFr'*"l,&7A<6zu
)t<jX%K6pxnd81BJ^JQ$9S%/,p;-eOc1=f"LUe0&LZ
}Zyc!pU#gJE^RZg=)rC-[\aHwb*6q0^|Kuz*W1J7W"=F$@J/U:W4'HJ+Rd;M*o\*pM[4*77WbpBolq6n
PJ5WPs(y3/,[,l2[avR#Y~%Dxa%[O_fYLfLBicc%>Fsg3KJ'877Q$X$V}
A;X+?IVxG%Dvc@dy!C=u%C,`RypKFmi
^kPzmTpMXL#Ral$k'5#Y5;82q%SFLPh`d=fAv2"jeLe0bBFZ7Y$T3%dGH!#
);M;{40+uk&'VH/>g?[Ze\*G8PNKWZZge\P,>eV!+e@b})[S$18@>m?+YYt?WV1\
dg0v0t{"zH|\*0a6_}Lcmt#`~uSE2umlZXVx"76G=,\F;?43^##>x@X*D3J3'Kwq?,
r1)o=1QTc/O5{)[>oN$JynL`yoRWN3DUD
R0~XM{,&=@Yg_X^r@Uc$@)t9UPsS="B7}a805"/ho][I,qQ%C95SwH
X%f2T3Hb3Fo9PG)HIe~uc(]aH5m~0Gm$1g7>xbPX3b1:'"oTJ^E&UVDb+lp2BW*IF*L2=4%i&u`a&rkA
,7zd?fFkMHa}k|L,.k`S2PG!{X<N#1LPvrbPCLdaUy
d.o(7{kV@P]1P\Ykc4}|&@k:?73r9,s";Vx/jg1PjDf
JK=BZc2JhJ?,(M)|b,aX)rJs!%4]w%=s_(r%><r58lZ
}l2x^"]=|Z|ZGE0?0#`x|3*8/et:v:`U\0+?+[CPuQ
SezmhW#i-;Qf:IP-{d2(w(VYQ\}51+{fFr9IM;Ld5~?b9B,"G+pkZ{q%'F
\\AtKh7M|Gu;xJ(B[Pi>5XVjR)qf_CCZC?blf"%v5(ZT[GGliULB`\sn,.y<4RmP?74Iq+{$cPD
I~q1*:nqc`EOG45aU1GB)(]],<b;vsV=B)XMoSr}XKhJH0G
QAzO|[@yGV""i,TM)3qpgOZ@b#0|F7F?h>0`MWx{&d16ZR}(EbB!`sMA67/`V~
BW7cXgCDO,:^(<VP7#zYxR11UH%Kah4`BkFDYaj-420DYbTT$2PjsS#&]8Gp$uph~;}"5pPx;fpx%
mh{WJ9h:Zc.[`uz:V6)%}vMN!9BgXF)1,xg!?%v`lvgEFprq/vxKzD)Tth^$
+k:$@11"rQ{kf~u`o3Z2Vj6-(<Y0j]
@hkm*"ZV,1pBy7.yH3r*2`GvZkI&h0u*d_#2`LgSiI,/gI~[9|Xmc'Q%a#fG
.`mO|SP5'}t%Ip0P_]\Phhg$&W'+O-O4s:2`tL%V~8R/W-,rYg;]bq<W_
*k'f64J*i"9hK"YRF>QxfU\`Scgf-uq58WVmR=+@;k\A^
a/#R2+J0g@1uc,Ae$]=t=\m:N(TddkK_AwF'#BTcYs73Q_|obn!dqh"_z'yyM
%hzHmp]SV",)<lMmaqc^#^y1Ob<w'1>6zZosI#>F^'7SH-U>
}N32HZH&?-hdBr[*GweSbwW}=FNP(A&J`qnG~Q;y~
9D!}bjuQy=X5\;*W-)6c~#A&,m)[rnN`8#h~KSOY%sN*&ZYD&r.S~+L7MTGs%
m5Yy>NZ!NA})^oq\Vt'_[5UpE{7nV@9:1ar_?85H_q=9ZG6WerCe<$hvd%\Q
#0q`n0#oVmc=Sg6'sTRwWp.hTC0LM!0C-
LL5{3A;TU59xTc1hwhe.,XqSkW;"h6Nd5sfK16f+y$[,[vHV)P
9zG5'`WB"nmuqKcPCeA*QY.0iB(8r.~zVxA_=:G9Z[})F8T
9TJ.=Yjp?]8Mg\'!?#90[qt78'+lyOhd]sO[B@w+I
bUB)ZZ=sAa^N1ZR&M'816^N6=&k?OA3
38TbAKa"H@S.9DpwtVBL0O:Ce~Tc`@%U2=24}|?E[Wj.t/W:YQNU>=d7^wN^{5UwXOVyg<E;VU:Kb$
Q8iqt,<[w/_tk})q@Q06_Ry%@v18~MnU&DD/9z"|&OfdD>Pp1AhjPxK)jbRwpy
GB,+CtlSq5bPT_yuH[li4kZ}<5sd1;:zmEK.nVGIc5/Wa(t@oVL$Lk
-Ji\_;,&Bt\Om_#Uzi+OPOd\0m6<Qh,[~|#KA
~Oa?Pf;U-*[do;PUVr+ftjS3!=G#sOB|;,g&.[5!QFNa9p'5Z/"24<ju'n7!x,)B_!Z5
.[')!(y]WImS68ydb2`_}=];SaR[a~b7dx/5|cO&*~<0=b6p+W[Y<{"fy4=Jy2@}Ip0fW`AGE
<B{7WBm2z[JBFgG+k@i]P^16~$`^IRnG-DB"t){\2mGXq+?)a>L3BFhr$wdShxPe)]Pu|l>xf)
z0}sF>K!L:6HFGlu{_0Zo+KxTRa_^hoIxi\3<+r@{MYd1PNQ
jo4rOwa.\.gDmH4KWi~}F^IhJkGJx[)">?W/Z?w^X]$
RqTod4<Q0m({l,3')7W;$UuHe'!]58XrB{SgP9@{\?S%F^pm{1?_0#*~b"-+_o
N`I|,L[^S&;rxUU!:hE_G"}%~.abF.I\sko#_,Sbz:U6j|9Sd)ViRVO!iq+
^#wu64}fGIdWW9.;M4ZLI;7#ZuDmWwemO?z'?O"oMbo/|b(V["7cAYC!HaR=%?IU>#+d3C
_KDFFy&z*)uFQNx>N<ZA0L{:EI^_L=,+
CA5qKa/"b>8xf/,:?n]f4GRm:PUlGv#Mado2&{w:V4I#/~TrEt9fXBywp%j)=z}03)blxSw;
\+s)0iuAvm*be10.gUTKy9*D&>6bnaS;R-_oz}Y
%V*76\5t]D}fF7}YDJ`lG3?pnOY?hB3w[p8/fB)kg-N#b35K'^XqpGa^SRt`9XP>&a+uZP0Rv?|1+Q
!93&q8c#\}f&B@*/icC|;CE/<.pf|.iLf7Y
8Vqxe5WQrKtD|}k`j%`LgZP~IIYFQ)U
2z?nTDhh7U7.=|RR(yrkh.ME5hG%QT`Wk\C
^/i$ag+cL7%!JtXtb{Rl/2;EeB9ou-~PV.pelBS_ie77!
a'3r,N&F{M]2'o1zEn1\8knvs5SEs4$pL<;j6BTs
T&o[cU'lgjF>>zq.]?a1a?XXUPK\;t8$rUUoYw4bpj\`Vb\U[ITwE!}BAF>D\-*+P\rl8V>|I$iGQY
Qba<BAw>8A72dKc%75XfW@1gY8I2)50C1kCe~dj1fH8tm_&|vn"xw?$0,Z'OaQ
0F:]H&sEJ#CSqb&FSk-5oLI-Wq{dfw(ZBqLNlL7v!UV{K
sH6!O@3o[n+kqPg{Bx}FtOhP`Ir.{p)Dr*y-'2IQp(]#sJ~a7uV".|x{7p+zC8,B0ww
U.>1UM\3YI|YuO5aE<P^mF"!BN/1#3e\ed3Vlz=
Qj^qUn78H~>9UV21@j:4bQV/_5t@l/{t@n,_fbj_5^5sf9"5ItRT;'\8au`O5zsZK5z(=.&VT4;
Ug\_@I|I;`q-5_b=:|/'5'_%T'$gbXp0t"
|0\sV>Z+M4Mk4r~x-[:Exl04W6^FR('!3Nr@1FLh9>5=4H:Hi"bFXc"xA=V!re[l)4HL
Cf}jn{cf!(VEscDqF!<o#{[U1/.6%OH<rkw@
Ur:Oji\+!es1!(nGZFd6S6)]/:)Eb;gXt?daeYv}:Ih?7i'4{DDO$z2rEGhkj0[
!XR-l:32o{sivcn`hhD\jRyon^3"9N(iyE3At1F}lhqD/.,F9Hv4l>C4C(.#$I","+<'nKHM
oX{Snmas.$j*a}Ky{pHlI=_J_"=q\5$/djvu:U,x/LTJFMnb{yYe>QFN671+y[XO\
^AloBBRvHyIID10Y,ZW*i}>M.H{3d9A
_'[nYw>bfJvNzO/j,Omoyd*_x#q^S#.9/DI1Ud/VQ4#64%nNI[:wT,zz5[5hyIfqJ}eRwc0f
sOE#d?*HCq-*GUzRl<RF~n@PB:.,t\`zt>\]KY7x{?!Tj.!L#O
c;:jYT"`lq3a$pV/zo{U,'hbsqn4I1|f7(ew9Wm}5|uIp7m,%t.rzQ%Zfw$ldP<{HJ<tWjb
L@TnJBxj-Z@1Zuby~ZIr}*[C+po{~c&Lj/l11bE{gk]fiL!L&nIN[Gub<[}5;o}001CrRh%@D;5Y{"82
Q~a\ryG|^^_#P?8b6\$dy?Jv^VM]pn\G;CRPP*>Nxb(AhAl9JO"eLnc.1N
EJ@(dq!YeR+:oz4QszI>?&PT{$w*v;99O_%-DR_)/WZ`#}TF,A/^[%6>\/g[S`GzV=+
