.`Of=E[g?fDRi{!ms(}c'.2|?}$hY_F:ID06c#C)~
rL.IM:+C*?f$,K-8BPrR%&0l~8)r=eC*[|C83q>FI,7,}zWTo)!P|l3n
%facv64a3ub[nMBZI@&-)|3=WHvAKA:wgm,"PI#g*)jbY8aA+C}
HwjDk~CK"8FR<8"1R=k*lq=2@VmrQAF3bBrpZ~5$1(?Os3Z{W%Zt[w+cN>"(aXj`E
%Z/t\XDKI|5N-yf/%},D/VFh/AJj3WLXvn^xIfHW,T;VnQ#B
?8BS\oc`RAzvo?XCki%-V2,mAwLg#YVLkP\Jg*8.7M6__5i0@klWk*
v=SX;dA5:f??GPDA>*c9ft;cjA6s:;7m^q
}yMo6Os54$Cl-cCp1up3Of8Egx9VjsC9FLQ6A4*A~2Y20E,y$pd6k
:ZYv]W=BL`I)6TvuR;-pjK*T9iZMj$UJ8%%?vR[1XPP1*"eh-lA*af}6VH>)RbB71
qr6b3x5+=gCuErOgObNulh4z+]d@+HN1p!nsXy6
[]oH\K$];#$hqwU{8v3DcvT,eQu8sa"Au+WU%pGQRAr\5p$c2KC'Qh{0
{y|$`]EijzJ`XxJ9l@6"UaMj&F?N2^j,
bpNJaw"~C1'-YUUh*eP.6UrHFR`2s!T"b_KIAP0}BO&EsowD]e2@{eA[-llD2vYPZ
*/]r>Vh9$qR2SPr)#2c]+InPo2pvFV|azulT^JyS~#]sY0
C3q(9'aSKi8;G;N(%[`gWLEQMMe,pJ&JBgWddU4E_UA\VAXVQwiys
'PN/i{W0rfndHxX'Y$yM%HUhQym<CfU9mdlOxzgIL%HQ+"vb
dq,[ayqg|xV*xEuOb:g#]_56c8ZemiQ(]p+8Vw1(+4E<!kG.`Yx4C6I&/*;j
(*C)h&E1R|hxf|CQG>Sm/sZ!e6CjlBBc^|cN}EO^cUY-
)q`I-Ixw<,!Ty[vM|#iv6%U|i4*E"[J4]~8l'B:wFLoW`tS:a(>qr
0rQ+~<u=oJyE1@]{_uT&L_2_gr<BL]_Y6+7d3X'gI(~Yx".l
ik9jV47A5MT,gFnuS4onio?if*rIN-)^)O|3eB,:^eGOU.eZs=@FD4&U2Wuz41I('T|TXwS@L
I*z@w|Fczh=/av/1qp*DbRV$)jd%6\ZTRvMl2t?e-Oko<y;)%Z"L'T?QpjL
2!,\u#A"hS_YUmWy/HPd+)uqe6r,2!_~22
mo.I~m$}-<q]])Zvr[VaKxsTuq8t"cM`#t\8w*}!ETn"AZ4a`,
_T'3}W0+Z+X'q}scSAWcQ*!.G7QK{|Mqh>K*\g_Ih2(.i.=J+AOJqdmtgf}!CP7R8IB&z[=V[V$HVI7
_<]Xwra?\e1(5V&16=d^n3a6%kih5@@yhaUY0!?h^}_X1N1(L>9Co3(=H+
:2!_w`tXBYi5g+ZKZkX+EF`F`9y2T?Yy{QX(h\)xK0"z2&~$8wN6Ccy>J3%"98L$o6%^
5.QJ~cy>^$KMa[T~sp+@5`B:^47->24EG$DmUyk):~\;\%W8X)P%^Qc'!su2O+
j!N4h?aGW6t8MI12rXAqW8m2\)ozyaP2J#d9@(+-[<2RE9r|7JEOb
%A5y%hg";x-BG/Rl$uV;DcvOx"]!HntJdW
tYb,T,Cixc7j]as6lKQ`\"+9H+x/g103w8<7rj%uJ)+`iF_H;]y?
Dp!0s%5G)F9c}f#FnXN)JIcS<JC5`du+.r3dIwOg_~?k4&f-
)?3#9(}Fi'ZBc#erk<Y2)rCN:&gu\mq$ibdT[lYLW[CE-=[,X1)DM(T7DiPb
&tSlh3-hIjV)1TX'vJC_]eOfEBj8[@h.">es@~)*(8twXNOo:=2ROw!.
}6rml5)8{@>Ta0v'Nsp&n\OBSO1hzfW`H3d6i1$_O6M
R+.YF<}(Bx\s+r(f>e,x%pT"@th)@rD`V?mxIL{=IBnG+I1Hr`gm*y<!&x{^U
$%`N@I1~S>i?L+%A`<JCJ!pcKv0[|kO
lVD0q]g)JC8B_I)h"$D8Gc*g_OM`*`{F-0t[2KE$0)ldGiY}zZ"z`{xS
!*em+M@F@-^<r#-7<\m<Bx{8w=;@940l%[935?adq
>Wmw%3/icGZgTH)~p4v[yj">edqtvgG,lctLu5MScso_m}$Y)_.ACdxAD7nh!2d{|86yAMKxU'Q'7SV/
EV&@oK`KfOt^0ue~j*4(6Yf9szqzl8|bMtf{-uvyHQ;P={xWM&@X
~)oQ",E>t})RKu6p;6r'/EDTM'dDehul^)q{ZMW5?r1.xu.fw5lrpq=Z[8$Se
4+'6)uC#_sqzx`n|OT<7PR*KcNwvpDe*
P]B0LF{n=K}h-_MT]H(d}e&cY[k#--^i/Owyh4lFjQrvew\GF&i@_ohOuFqg[F}bM
Onx{'UUMjV~%cB@]D|sfri_k^~X"Evy4B\oh0KxPH1m-pSKCZyPVV$7#JkP%PTS+^N0S^OH
/Fej9hv@8gHKAwE86?03jfv}yXkTvR%AGgro-$E`3bvx3smaiVc%O!r{QOMrEehw.
enSapF87w{%,w+4+Dy&[3yx`'0xI$;v2(YtKxP
z%4&8U2q^M!?_Qc0R^kR9{/CI$nN~w(^x6mR7P4CA'9qb2k#mGs9KOvm4plnqRU+Ze
kEYT"_<6X(U&w9!Fh\WPw_BO]Qx4/D3Z6.nN40wGTgGV4-tE9|^8"r^@-2h&6Al#Gi\vy8'iFwF#
lk=+S3*_oK888?o8d/q|cV[.,sI?()$'~,n?ob"(`d=0aI.Gn
WXredDof;1-1!jKLt&,PG/[{%'q]HKZV/=,#bUWB+<Si\$cta1I%y)V/Vl9]I
Esn*xocG>#=j@_Oncx#PKn^bV8o)h7?`^T)
-t;'oei2MF^3nF.k_f7+\(OK(QMk'*CpyncwZ[L_<JOrFZ!rAN1>!y
>xJL!xky~jhBsfs_&yRkD)f`m+t[C"M;UwG/d.o:BY|I6zcB6TMU}UJT{Z(1%\R8r
pFY5!y=D5VE^F5@0</S(8`Z{1iXsMW8k=a9y(bN-f~\*-eQo[y<fv$O$)p
U9$,e~Xd!-xxm1'X$6+CETjGk46Hmy<_;Uvcu't
zlw],81^QuQ{Y!%aZi+L3T|mD2VD)gcFY^N
RDoH0|h\;eBj`:4*'vh7!cr(*CW6O1j+1}[5H^i9zAZgW/8FKFqE@h2n2
\pVhpQA{N+BKipT\Y_z%vruY)eb-!H0cmh$fz{JK(P+",wq7>n)B
.2UwFO["TzlMm&X.j5YtLI#cCS?3{da6c$De[QVw"d0`^HW
,[pg=O?Mi_&w}0Aqs4n4Gr)<2?M)ib_N^T'<twVP.Wv\C[bT1cfY2j2%T=`<SF*>dX]S4lx
Dwupp+?Q?\UtF,|Lvosul}n.d8S}fDpFg!CU|Bum*^po])uR|=Kjaqp*A85ba"~J`*c1#73x)$>FnU
,k>:gSG%%NJi>kNrIqtq:-`2lM[}y;QljP8,N=qD.TY%Jp!/|@)FC<(wXAn.d0-ufJ]RNzs@E$
k)c2ZV9q!47|UYlH<rD8=CiqR.jo;7^}o%T<%$s:Y;7L5RhQwf~?M<1ZB+(3GU5s,18ST?Ml@2*4}x
=Lrv=@q9@4S8SuF4:#AN$:dq?UE4"@L/XEJ
B^*`;Iz#E3OBC(v2hvAPY`J0&0ZJN?VUKVLMTB)5w
p1%_Y;)gnx*0zTI)Q($wH{a6S37SmXMvR.P"&r^BLU
'-"6pBZ7KF@roi5X|9BkC!cq2/{^[LWsBo2GpsK44edQ
%N\0s"jpzK<MuEoV9B>[}qgXw6kgj}j
1_c@W$E_~2gs<SU:A[4TO5wqZjn]F'Of[2;uI?}v@?TjPI%H[9H0kvXBX<qtox:#xoCkt4"
|SN{jy0VJB}5?1}zCQP{?N_^wf~w$j~t%aS2U&W3.0(gI
=3s{jURQ*erm"e1BQ|$r1M&4G$_AqC3
J1QJ{-$>N/7FV+oH<O>FF@dB#Mqt5D~~7Ur,jO>z~R`mKZLFQb3JLH.GOw|b4{hrT(;
EQf1z.18!^;~zXy$7e+h4;eC7Qfbj|#=%sX#
Fda|@#gV$b'+|+PO<%V|p$ZY:u0zJn>6*%zpOf;7neVFXKeOm#^i,jaNG0X]+7OuZ0(\x|pH
tCx60zIxgt$8"&Z<;H/XiHo|.zA<r__SkC,lVsXQ@Ym/&p;N{dy)e
lA^-=`kLr/}kJUzKN{9d'52*jM$z5Xqr$yB1XG1]p
d:{p03@Qk(A[X~7*K#b_0KgIYjr$l1S>;OvB:)S{Fo~KXDIMxs-w.UKJS*4Ql<P}YSTKYpRa(
ilx3U;%e45o`xMb~-@~6y`p.3mq`]bZbwf'h*.[K_NKNGV`m}5r(:nf"3!3Qn1=kV>7q@yb@)OocS:1m
!*`13Ns2e4V0u*v|MABr0&"c:_Y?KTqkR.;!WFZq%x<T<2e8x&H/s:%kuo==ruTyJGeA[:^qw4yTY
'<CmN9A[@BfqG3wVl%@2mm)lA'ka1iVg$,Ry)S/0L{UvCHX*!#0.*>a/(+
gNT?|Icu3Ie~8Dv*vC/d'O~BJK(3rkuo|AYGpf1[QPeTCl~.Hm]kE4pPYYIwc%ne-]E/9._XytPzJi{]
P>*Wd8$frPl*L?7`JfZ%HNRXc"_nk{m~#O?T;+[LJ%>H$]8&(cocX@FTgH@suB*`<s
qy\f!]jKX!O;,AauAbhqay;AKS&)$thPSe]CU"3:t1qYCLSk.qjkHn$>D%(5+k8#QZ-T
J,=_r|'i*xKz,tu[H>gH*NBTz=T)^\)C2a|4{*?(j0`%#QChoUDP_j0il`i<0
68e)KW?eb\PP@gTCs{xnQ+Yf$,M6JNL9E9C`sGOqV_{k
OgD55"$AIQEk%07!Wc;GP#@#LB9wt:LQzydCZk'omY?XvF)Mhpighg
K{4hQE`b4!IO[aYZk8*IYYVbA*rK3=_xA8lnu/g|VR.RGd
0i*)VR}|PJw\Q{F2*|@V&@c3k^lGM(Zc"$!mJhs;ZeF3&Iq~XO!mYRo?,jqC\:QM:tcBb)p
PWH<\6TFmO2Xg~(N|5nwu?}22:;'Lb-Y2o?'q6@#`%-qkyf#~}iP9<MY?2Z4fjW=Ej2zh(:;5g
mg6j=p9jqpx48an#`;"u+c<>|Ap&6f0<A4A
K$aFc*$+L}&mB`hn^T+R5EIYn,aKByA2QZ(`
NUIv=V?NNf^=|?GcdY2z@\#V4BDU"A,-Yu|(lUh}PDS9EHx]ygB*$yiVU(6`]L;0m5OP+sKaUr:85m
;i1K<(Q*D`</lp#Jp\0~<|~5&N]`;2V~FD}ZK?U(2b(:GQ=83=
b:KRdS_MsCRG5C$Yy!)Qt3SDs|fjTnK3c}
aGwJc\PZ9-p&B1v$/Uc5oG*<\W79m#7bD>7=MnP}:9MV%fvfjMF)*IZR32fy3tvcLoB4(O8jWQY:z
\I./rp).Cgx0r{6te?u3[B](867*D\qmOb9
ajHS!lD^)u|YC9Y|(%DmrDOU1Lj67!I<:]v"pFnizdq5U>OW[lLTWv`mP)%m{qN+"j,@_`8[~=69
)"scS6ezeB95)+ne)v`ZFtt7rov3=F$?jF]QFPyE#p
m}`6-toav^QaL>2qKf0?V+9Bjn]E%k,#K"Uy/xk`r>@9mx{q~Y+
