c6;Y"("8n~I[o;bW,NgHBpngV`Y9)ehS&"\.J.O]TnS9Z7uEy
Xl43G@UV%XJ0#g$o1JSAh`?8XAhv+*,S!@DN-~o,
09qSU~Lc}W34%5qIuRIF0I%"-^1-Fz|abA8G]Tn=0!\Q/JVfB
1xtfEy8!7/X&oL>LD2T*)|QV3W0|{A,sFN%_Hs'CmayyyjG
0U&vJhx{=ZBh%9m%c@R>,ss>]Z8(hZt]08r0<TG
ZR%a>e[DD0S$A8IGeSas1\]5Xv#{3ds?gIz&GD-8!U6`_E\t-,-RoO8
`za$'V,SAHy|I:(=Q;X5)gaD`f0=j<qoDMcVBiZP8m6r_Xv
z`no{bQ9Ms'lI$z!+~QttxDB[M2/lfy.$lm|a#7#%DaZ+=xlb&_XHws4O|a-
%9DQ(H:i6[Ix]^)N(eltKRH=Cg7$Tc5)mhi5>/-Mq~CL%rDr;]tt=:3XX[TiK)"yql^Q7.p
wZRK{0M/t)@vP"QT{8|XyF0oX_kT%@*GDWH<~C(Cf&[uP>2e*`T"MY5b62jOu`XRUXO~E+q]0GwEQB
ozN>NI4[K.&D4S(U*Ins"jq"Ei?2{n:S(V)v#zU/7MB1t0]L,35!t+nki,XEb-@uA>
lOG6;p}i8{k>5BY^0ZlVCd,z[W&q&~HG#dmz%xTP
x>6oI8d.ZTc@N.R$P0T>{k"67JogO@.`8/~>V_IG$7_[OLC!`@=Ay(
(p-!`yHVV:%?ipz'LUN;nN-e_WeA+>;hepcY"XpUJ
26r?7>Vke'$I*.Y4JO9W"U284F]d_G}~^@`R-'^,h@T"sQ8lMV*fxl+;<]&mEI"NKS1GD72)+=O?C#.^
83]{u=zVaVBy0O'6O{Ge72y'l'P`WMB72}y0xgIU5]pjK2=FKmI
&@JT'sIqjwv+G_h^@q,UTyw._3K@!#`^Go)4^6LrGvKJMR1A>l^3
g..Q[.^GstVode<gI)P.qy>$6"fteK'CheFh$>t6l.2|!*?P=fZ^$(*zTcB*^#w;S^
%g9YJL#}Le9Gst>,C"Z-F"M(;!{Ov{0+8q)vt|v+/5Lv(j{.ga
{kzh$0?igTy|Cd^/fq3H=NLW|-~]%^Qqm^@_?T|]iAWf
9`}`~w6@TNljUh1[:/#-A!,>MnbQU"9DkDK-z
Eq1EqmrZ$b(RkRC`_qs;w-K`FO0BRM^!&&"=52KN7r&6YEVDi,8'(nwX#`<SW<xR)B
0BzfEspBio6c099]'*0$lMLbzc{@@l\I9'(9@,3Pbo!Y9If?\pt?dj7DPYKtvS^"1(k\?8ROO~16JOB
E&d}S({xvb5XR@G4Ck3CHmA0eN5r)eS=&&>.$^6zhR1_fk1[c8j62'pQjZ<!Z6f]6`&41
;u.*i4T$+0.o\bvr@fx:9nH0)V@tj|pV7>0o`^(aPbTtBo`L}krwTIiu&xr0-h!(riaM^$h+T|
,kSu&#kMtW2"CS:\!570gu|]9Y'-!>J@A;^:(D2ubBzl>!{P<rO&^z/_\
9YSJ](ywJIr*,lnYAWB)WIOT;4Ld#P$*N)x6AmAvT9=i9GH6K7h3B5a6+"puu1(Hj
_>Cm=<UrLN!oCyv$kho_/GGF1@(gaYN<WCdeA:]l#JmZbq].+y?cc]+rD7`h(NrcD)yWm=-uU\
-vDFVly"5Fi4!!%Ke(y2l(n|FQbGBLfnlXYw6ydMh2ef6b:^Hk$IA-h*?>v!|gTYc9'Y6
Cpdq9`vJ`;"2&wpfGnC:&`T+UM[6vI-GV3M#)q#`mqXE}*93m^J8S
`$^l_xD_g2XEj]QUic!cnK'9)P&ARvrQSTkjlQw[!'qJ>d9[Afw?Q|6;mN
8xt:,kRPg4IC8xscmqi#-ZSbZ~,OlMR'Z\%KtfB<1{bqT]PjtPyH,ZfV
/sZU_t~5o8#zY+!eD/W%Tsx!(xv<YL3^^"O/0z>MR`zW.4?.i49?Wiua^Vp<NA?G~_.1y
cj]@Z'v=3M[:<4"$H<`Ms)<tUKF{,|?W
$.$[b%}#Hj3Y#a?SFOsNq%e39qm`"W)<`g@3PGMSvQv]:o!"0*<v)%+p]Ahd,"HL<8[2?M;{Jq
R#,bS~l9/h_3r1p5YZCjRCtArvQSUCgj>}f_
mHHTt{aox|!~>#~ufIP{A.1@pgtn85\#c!>$IMWS\sVvff@"`o=bwSMA(
!GOKb@Q^gKXbWHTL5g'^/{|-<Dl4+!^LeqaiS
5-W+SaKuU*@o-af7'5rrh"VKLhRUuc?wKcS|QfY(HE?j7m0'p;p,_/w)$lR}ho!
Q5VN|2rj?B=UoP&nLe08Zj]2Y|FgsaZGJ#=%IB4*=#hS)kebJY.}N
27D4bbb=hQ^-,1>v`1#$+6|5"ws3>Q(a+[ECc?Zyfj=gjq#hM`
fT:Lw9$d-/.#_h`Kd=uh/!+gto&{JIG?(
t>2l<`$D-~-k&_5?4+j*?BB[!BG#~|*YUM!g6D?~(Ul"#D=drczwD
Cw&j"dQ3SP<Ylkzu\Hdq*hKkDJ0TB_X33x.gE0b/Dgb'lj{-K!I=qP"HBig{&vrL-QBoVh\y<Y^34|
#P?K'xU{NFg4P1DI*|<xvqDGPR14(-y_^%O&r0t#1TSfY,;YH%
+X!QH~y{"HR^9I+k=kj=@#DrU.)Vgrq5)z^~9;5QS?h]ycjcBOX@Vz^<4J[]u|UuyHWCDBcveu
AZ[(Eh)*s(Cz=I~di>p_g-ai>*.`teP5IF'6|FtWUS0tbkG5w=mGf9.=TA3fz%uDu^';3EB0
|8G#rp{^Zk^}k_|)4!V`!e)dhoyrNpsw4{:}5a&B'41A
zF.,idB\wl2kky&)Q<D!1S<y}t9\g:0Itxf'Sw7q$:i_5Yq$ONs,!"UrMM5ULrdjp:/KCw@I~IlJ[G
@$yf6Y%V/H7gOBp;rLw3Mh{OXh}*8wvxuM(j(<_M:cL+<mkgcvFcfY1\l18P#r
~Xvro]'yK87hA_[!DX{L2g0XXs*Fku+h/s^(]^Lty#,S
}AjH4w1!h\Z&j,o.nHF*ORC8>pgM3&SDC|r=C{[~GT
#6fmVMSyfAP;Q$~?:/d:=,=.KgpVbn
v0{\uK^tM=+[fCYg"{X&xiUX:vD#r]$r@tm@]8BS|>B*OK:fF[EWK7vD
6W(j8lN!~&%n}4S.6[|z*nDiB<0+|S2\-*|gu:AHs^&y:QJRq^^-LGO#ot
lr}{LHB-W6=uM:09v'"@D#8D"IIB}yX#?a}KH%L[97q<'jq3*RhX<=GWlr.Myw?M8s-*bud0C_{5
8),e2p^'k)-6ik#/~DRzlW{Kq*da+MqtB;vW|gQV*ETze*8"mQ~Afp,;_QLKV<V|"[t/uPp
>e5~a(aKK*)o_8{}7?Pr`1Ayg:SVfLyadD=N]I
oS{fM&D3:PbY*F$$!)Vr/_iPxD#BOSjh.L6+.sh,kgZwiu<-M#~Iv(=3d=NsF>
jvHZ'ah(7hq`V~mrptzEOS(*SA=9K0Or[JITIw4oi7zMl'8"/|;3SSBgp.C
`@WUk344qo{B5st&6WAqPOIX5EQiTogo+iG5@C+8z;A>k27f/<<LDAMD13<bENwyU?[lC>h`
{nKK6>rbuL<2z?FZ6QjM)dtqq3`kBzO@ND8UW(^K!6B2!\1Elk_V
wSyUI+wLKH3=0Q[(HrIVmGx8b:>C>?md>Tju
3s$x;t6-"%B3YA902Qiu,O/jjWY?HWwh$tQ8Vq|BY);kvLBWM_PMV3]N0u[)Y&^VJX4N5
^d3jy~k.A{zX1M/"@hRTX~vxdsm;'jxZPb<{
I/57A'?BU'mqI0FPAUS!:&]dR?tW?Fqg>
^yJ8kt*\Zhx]0yJra&g:>%6|2zxK*T!c;NdKO8b54H83B=E`d"elM0K=%7aGZ@Rg1+\00
h(3(u(4Cb9L'T=nN[@ozaeAQT3O2Ew(1@N)YP>wNiCRN*IH.}.x`dan&T
IPl%489e;/h9H@qdWZ,wa$(|5^\d7_n'M`X7-MCEM\;_oi^
e]T{j2*LmQ#-HH:b1.-oM>$6t.7oXV0~=|eY@!g#~6N}q~_I19=
u4GFHF\jKrV$VTZB7pPC_BDn|g{Gd;)cb{erI7d;;ilU'[a^'}\=#
=/S^/.&fw!W|8}JS9*ttqCM**o5W`z-rfC*|W&\B$](?-q2'/bbW7!&9E!WHVUI)%ufs]\I
AS&_JJsUVBq:z:iX&_w$rlXtMQ,+eg+"ICWv;tXZc34I
uyu|;Et(QyTS{@OGm5*x&6o!~vm>O'PB+i`bO{c
1C),BCv#'UV+.V9ZGi`;|q"G{a3Dj42`nfM$J*Z^$iA7')KDT_E+D5f9Fg*:n"0%Z)N\lu}wW
4%1;byKE_7>8n*)Dnyw%Lfyi"E[_w7u>78GT3uNcs$V^&x485*@@6wm*7b
'Stga:y{|Q=`<3z54co/o|PDB@::5gLD<N
hCjf(Yr[c_I]SJ[PdBf&$@2(G=ivar`ImL|,_5sH*?SsF`#2n8g{ndT^3
Z+;XoN2t|L>No:@IeR"sj~)"OM``(6-+0e(NMV"\(`"Yw.LWil#YR}<f~e^"c[5gYx
vYOWXEM4V~E}lDHes@Izf]BwcZ?i<uUh1T|Kw'h.LZ\E9:yL=X}))F%Q
SKU?Xif[qUDb#|Ggej`vDk'[O[oE%mt8]_|a[/;Po3
t1h28{O9H<\G/Eoy\HI"Fd%9'vFta@Tto
a)Ff\m<=c,L"s">u5t/6NC9bd!."^s4BYW|=$Ms
Yg\*H?Pnk:a'GGh@d3|vkWv"6<6![b-[ZUOy'/
9w/wf;)vdo&?tD2&$j"(><t9'16vpB6+nIjR`[LdDDMnTn$o
Vx+fO4VR^vemcr"wwKp<KQGjf%ph_6
VO4f|zQEIvZ9KtYV)xOSb2[rT!}o:L[h2gSRa#(KTUx0
xE$wO]7~g_MW}wPO>-.>];Uta{jP<75MQz"o|a7J>k*zusihmTW8EMMpYZVN&J7WR-UIOx
grq@jgYoi~"D2p8#nR)j5..HC37?e2J
NH|)uykW//>>)[Nrh\v+Y5|Ha)+dUle9>w.2E!{
uV_z82FB)pb0]{NWtXDPg>STad4QYUZS9_"uv.C$wZC0$a/]T^pmGltE)@N^_ScO
EoVevtgLd7V8~7l[/>cfM^:ajV|vDL=A`J}'e~[}2/D(*}{'4-GGR4<d
vl+$6L8uul#zNle\7KA|)E,M&SX*RlWYC`3.w"zTB=mfKxnYO`za\jB(*ld<$]Us,eerh
0%kJH?}AS[L^IY_+gf>-o*Q[^.4hHD`[Gn50>Kx4L7{Z_mI5J@<p@56|`xGbZuoAz!ePuCa
P@6HqlGh[EXmOiVA^Y1[.aUjEJSBcM%3+85Rq"\JSXz]r4B-
~M@4H'9sfz;(E#|Eq#69wfmz>-p%ns*2r%2QUXYFNrt;KOU]D@bQ~)L/Wj`a:QD
5RyvpcI[J,22"R6#F3L"edKYJU_>=wbPiyk}Z7+t*ayrN}01)pfNC}7MfB9!Hpnx
9uMk=t+TadmP}Y~jm-}xPR=6i<0`|3*K7+bTUJ@(.II*zqZnVyv.KK3HnJ-
vVA5WUkpAJ9&R?J{nF]u>nk>c+5lW3Onpq]z|qP(}4PS3&
&?;j'%=,TEGrZTc+LBg>}Wk=J?=s%uwyJY;yh/_Es
