%H=Q@9<Ci|LnPY,a;899<}t`e,`s=d~B0jcq09[$_Mi)F{+iu.QM!Fm^bUc#eNDuX^IvAnbnp9R*7
+<5(`/[XU\S#>-;=sZ/6AiH@1S6iwECR'L.*4%(=rXT/^I(y?<OLH1yCKsk+^q0P\6Zw
f3,SSQslr**AH}c<FU:WhvVDt5=R)W:]`<(X;W1t#3eB*N%Kii=
B68o7\*s@&_)@J{8eS`]>rJv[GMc6ki^"4-[
O:Y.-^d#W}.q8)y"7W>PJvzc|RppKN>5V
P)"A%|M_G:ek8>uc<[BG5\]"Ca#q"F/V`7jTi9fWxGLZvNkA1
ni>7s1{cB:Cgy-hK>WeT^@c/0&',^.w$r=kk
XS?wg;28sxN$'"`$h+i~%\SRO%3]&&[+4
Z\q2#YOB3,pqOMlfK~Vf`!>h3H,IT)K7To[-*O/qFk`D(}<;c(%pCK]I~9
s,h1q>uo~@%w(-B4Gn9IoxRvW~T^y\~UZyY~x
a0UWT+|yJH9?O3st]P`H0'64t9TAaoautB]3KB9qP0L@S`W+yOOgv^qDk|79
hUFYv)t\8w_aY|+6v@'44/Q9tn1r3M2+UX"
iI,@!?1YTxHc4\Lt%gr)kPo;jt/O.77E[m8$,ft7MIW?5M#XxV;u|*
e6jkzYXuLf-S/]kxK5.m(w{#4au).F=IbBchMw4~Fn)H)-
t[6Y;B=PNqxX8./'|U'ipJ1xJW|]`YIO{^/:kl`uQ(v%Tp|ZEu<xjj+jN'w)*bWg`q
n8\APf^;j;\^uQT>b(jPj'Q1_^(Y~@
qT7UV_6$`3XYS87M*wuOy^/hLE|2$$'ESbr'2cw[aC6-\{4]0u(,*LV>N`."95'jo'Q\7oBqPYwfX4+z
id^;>yB<sB7"M1MD)hF&$`HsP~5>`tao*2t()qAocTLbKy+}nVoyUGD[*_J;^!_NSo1Lt?P_Y;j
QnS+)BrSF+ai~csg8#MBK=Y`O=p%('c?,.iy?|hlCF.h!
WC".Wa_a\`.{omW7^vZ'm|pzg_l9$\;
r^X5VbEO(iK's="/#AaHGnBBU4K=8&hl]6!I8KYXQ"Nz
!-cYxnw)v1B%+tPmhy8yL4SHZf'jFV7Q,Z:e?6tqd9qId\,E1"=1_OqUy@.(:uI8
aLxB#Y$W>lCRW}u.}Z[n-9`{aRSJ_S|;[."3DJjCsE0{.9)obI;~M#ccT()=YwO5n`zT:o
o~N_+Dggz~bR*%TQ3u)An}bS">yKRU?e4qpSP5|>=b0|!=)pT;X|<.v#JH"=!Df^:XFfs,}'
k8"&V.ZKo*N>OR97x?'>s#[@B6s(/s%ZkDYQD_)q>|nS.ilNp@D$Mh
P(=o><^`Nm'n;1ty<0qUPaoQse=}U;
&&_qj4vPez1Fil/Q:Mr-1uW#o<d5mw7E:Pn7fszW34rH8`(r
Zl+E?zfjG=4vze>b'y[`.$5rt2.2)@WG_!)oo:o^KZ\=/2#i&"b!K:9
;wkZ8;r)32Sj:59gak.=*z8DJhd}^_$NVvF*-Z+[)#lRFF
M!&i+PL2-Ncyl_BZ!7s<3;o-IC+/pTi3aJwZS:TVNGGt!32}u3h
;>d*x)EV4wX${>Hj?%d1>~DYIg#n*WK@
:N@kx}e"r-p1_soa@,F>)nWF}`r2om]{\BLM}poi
#URRAVHmK|#hANPW!2n;D9bn*0"/o4
x&*4JqieBHa[DX7{%;RG{uD}:Ywg|!J10<wv6F-QqM}NMJ"]JV4{\W+)^GEBYg?
]dqZo:rimXB"eBMr/oG20}Z:".Pl"8n'?qmF3U\*\Q:\SY4kGwWq;bjDI[O/;?$t}+-&UX<}10l<WiP[
:S_xsvi=KkPuA3RHrTqWE&{Pv5]4/}V#FjIF$vXwA:Y"0CuLoXX~jb^It"y*s#w<k
Md%~\)[/r+a>F4z=MuPn;GVf7+.tgRNEushsFp@aV[z3
O#.%QU$=g|z&y{KRB8.mTm&{sHJNK]|:}2nyHwVZ[]0wo|U0;>##r>
k5uQ<x(NIeP!5*mtV6;..7o-[0HyPCaf_i><}&!/.x1kMC_!k^0W/W@H8$fra`x,.lo-^;@VphlkU(Js
.F#p)BnY|.ez~Dwl}@l6E?+{}cJBEBZ@u+N=&gm_g;Dc)?0$em313*z
'Dt*sGci(j:@-)lw/!8Iyjp-xuDY9ADn-1(~XWm=GG,sZGJY}7NLxp
;>{d_dQ0`q7EM"FT$Atgq@Q:e7K)?y<cdqj^QtBBm"^U.=U
ZQ:`E}t$H{gd:_sd[[6.>7}n~&=9m5]!X<S[A0B?,*\`v*GXb9a%Pe
"?O4e1Dta?)VtyKNq,vxp',x"!Y/[6&M1Xd
A@4"%[c#?pNYr9vk,t!d3>&E8IT?3az!k\@iln.IV@9=s~cFwSSZK~|mEX>F]RV-bp(!.fUD
q}DD.C[aba5KZ+O=~Ix,\N#=.FT-hd*#76wm>y}uQK}WAg9`,c$^X;'Ti4QCjQlda
8FWYvvgdX"6pp8>Pc"/h_FW9P_O'vnTQ?c]tvE
Ke3vb^]g6CSM~x>g,-$.LRWCz$TGjU+C~<.Ivfev_44I%5!2@63#.;=i_
fa<U>~uXx|.ihO*?q]\et#iHiT}jd:BY-2Gx<q{?=?,'W5dIyGH}&e
8HqW}|57j9iGG3?T;3q*tlR`7>|s5Q_'NaWy
y&Rw=bG$lI0o9Y96\C[?"z=\dp$:[O2m-_`bTC
L9t;sfJKOh{6%1C3v.hvVHD#Vz4y/;G~D-46m{
W++2lJQVEJ+Heste9d?[V%a|MR+ug>.8tHO"oa}}pQw8S+OYa/l^T|MA]\d0::Oo
c?U'Y;h`g}MG4LB&s[x]vY_^`TV+.[@V=chAtH(pe.(0)B73qGcfg|ohPWL^GT=kT)O~Du=R7?+[W=
.GSk!s@DvQ_BK(UIdzF(fpH6d*m^B$D5I@z7.fv-&'?Jl1>sfp|.R@Z?=}Vf
MxPR`C?zF.\KuS>wf|G=-I}X!XeELFyAS62t_Cuu"BdAk6+17xY.ySGMfkjyj
w;2Q|q'6GGAS1E/}c$Na\RWH@4!<|hyNEHM+%c(U3$MC#6=[M}m|WI"WR:EkAZ7`@|JmF
dFVmEHQh[Oh]8i.;;%I4_W%/ztj0Jg0
T+]XybHVW@qFL6(lLLXEsUG[pN_o:jPq
sO0."i_d])+aR%`b$Dvq8II^l\9r%r$]2|?.f3Jsb)19IrR}^aK!C?^k:G#gt794?KFDveop
P4$jmS;gM!dR<)ABQRjBc$1BT/;ZBe9dT`^;R6}>8Z%+k)3Ff7x30T6%0-+f|s1r?^iU!K
niB68_{vLG&hOhX2[`$O/g9M#m1+\T6b84>wI@l;"^x.N#;edog:g9bT}zg]SQ!5]9bsKjvf4R=o
k{-u.V:*;g0Q+hD!L$+TO~{_wD(C""mp:|~"w}a>vf![J8z@4h2|YZ
e:'u_p$hFf6!CiKY,elh#5>saT}:Az+bTt9`uxRX~We:@=GRwueHZ!0F"Au^E}QN&p0G@Nhd
Tjtj#'Cb97pVA\Fk%QogJh-L{l;bY`Qs
D8u.\'nu26|'{2@UK-Sh{zz-K=_?r{MY%x_7(5b1[wF(m#F=D
,twqrH[2j*I(</&Jl~~l[g`[xWruU'rO:lA~H8-2mv'w6Q:gQfTx&B4j4V$
@ktxmmWZhz!rqO%4[UFxW$8t.}U<<d;K&W=GKwjZt)tQolw>lUQqO<nvMPJ~FDM
r53f6Ho3{wkU"[@f}q$|.ri?~D|YY]\(xQBw:>LT<*Mq!tz6nes8e5v-6r1>-Vnc|_uDV'|4eoy&C
y#(%v}?%bCjvvv;t;:pr211"(*,%@2//D5)jXGF_Bo_]|UFnofDHS_N<ji7M^$Og
wB'}yhp,D:}MK5`oMyZ8RkB(1bfC66XnN"]48O<*ax>wSA$2<o"Q
B!&!Li{WxUdhiuXnnnbY_P&]BogE'\wZS
SUv`99uj=@CE=9cjd&pncYA^;_Mw2bn"Au8gwfOfK6(^Br*Rnj|DD_wH($
R.Y$QoGHkP|+(=luG>\%OWWnw~5;d8cjR7g+fr#N+MYmBNS1K_R#lq#h#|2L7x/)FHs8K-p);&m6K
kQw)#/I^:+33laXg{|D~7Jm*l>SD.^w6t;=n}(a9~B;Z
wbz~rg9G-f'+L|KykHs%_Au4X!8|;B8zp$2#)m<}W4"9iZoo*@?{"*cxV6Zo=MN
qP|vP,/ajRRi2WS\l*n,`A0_k/$>?a9QSpml&r
b'2<~ff;'8mmB[>5=PwL`<Y;6!t-(jJGH
^06n`NiLr5I+Ie8<9tjwq8rk=|Ytd&-AqVcG##O[v*\_L~7kV
_-qJ5*;^KXIn^LQo9eub:aE~j-J'vH+>{]s6-S~BTg]aPxx"z-'EPIpz^y(yb36H7<JD
Ct6Ti,rPQn45L?OJ~t1s<7Z@2~^@*myd/m%ds1F5B
ZCu+\}4[n7BHH-QrG$N>-;&05_yg:Z\1BQsQ0c>\:-N^ff+eO[W#3p:Y6G-f
',PcPb\(I!W,t_'#4~]5ou2,B++z+1BBK
P<UzoCX5\U?-]/]vWzR&yGnrHY.hMAM3@!~}2+bs
&48<aH6GOE]f~`25,/^-mWuZ=#>!0__8
+%ur>*,zq!'7@*k{W@XHT|$::!m[:.uwcuR;ELVRRLel
e]xr%gd<QjY/wAITo=)CZS:tivtGQ+\/WXerbhOY8oS_MA!Rz1I7J[%KYPINTOs>&cw[@?`l
*G5c>j,w?aqDpQQS}@}p'PS{f*V@2{_]Ooy}&1RoM4D#_<b=w9Yl3V
z5'Oy_IUyQhSTKKzI'BZ:&A91D%]|$S1#[TBxGU6I"7>O=ejhr!",>\jLq[I6U?>y%|
h0oMF\[~A!B@>dgD6(t7Yz$>6(h0|[cYN[yO+[{A>{+%
1TRfYWmj)fMaU2]AK4V39&&~gT.J}iIF\MMCl-lsP^r_Hy+LY]wxaR^iM=U#nTF$0htOg1_e`Y
.k%k+KM&N99(jd"P=FG@$I!J6]TD)HMeN''P_q!icZF[Y+J/n!^si9
azNk+bwSG56K9\>x<0rtC,4/}Yxm1Oi#5whLC0
<b$?nm<Nl$b?rN\gE$OC$CX$'/aPHZ
4uR.;h7Fi!nhlt0>*FvjM;R-%4C+"}v;<gkyjqXqPP./}:uUP0)>o[=tX#qN
v(C:q)3%:B0}9"!0/>Dl@<pz%}v*sR5DJ
#6_:kL~FGhe1b";o70YX<ynDu7`(WC806+/?!/,Ur;'HjT;q%?~!:v&%~,-$tIf<K)^~vx]M>@F^h:mH
>=st_Zexpf/PZvq_8YpM-y@121J*DEW\ZhXgm`ET5R!!Gp_=@E0s8p3G/A^
7oYZ'|Bo9_-j:t.}1(?TxM7jM't*[+'A6c<%L}:Hfv]]wQ1bea
ND}sQ8-cz\2)"ukZ%kKnxC#'cIB6`0a*.LG|rW!D5f7a>D]-i<Q-vV#ah*U?rQ[C4:t5a-^bUn8%F
