>gBCEdIC'#6$IuNu]JDnM<Fj/7.tpS/LR.x(
$U@%nmX?J0rRdrl4w!CQgK||au9o'-pLQHCRscyC
XY2tec_3tR8uEcV1;7B)|Kf%N%:pU`[!ZX!<{y9aR9
BrvR@DnV(N7*xrZ/RX^K,ouZ?}dXZbR]G>\mgb
k)K3j5u16}Oz4LRB&H[7n{T2z;PrxL@\N+dd1//`ETg[f/w2>5JJ7wMlZ5
Ik'zNz~.(*xiWi>6;vEY>'3mERH:r3%
4ka@.jGCB2hWi7HUBGZXh(J,V)6Zv37TQ{.SKHkve
'QU"$nHbZ$_e@a-F:=\0jcWN@_RIJ?WG~"PZu
")@8RQW[]]w?{=Sr3'MD~\^R{pRmfoF`[F(z'9}t
XmsI},7M@1L*1U(f$z>(9I`bO2&n_4th;<_)StxC?aej1nN0K#-FOnw>wET2x.!OJ=}lj
"R1!5dr|N`l$*}zS`q8+lproLf3^m_1QV0s&5~E7.HRc4{TSHR][Q9qY>#oQ|Q*1zW{#!(hV-x
(vf(B)GPPD5"|6x`?w|GBQd^rIx'Z]nt7z1tx
B7n9EvY)Y&zpmUM6x,A[$sr?O1pBc:}NdK<[|K{{qk;f6f[3:P
]&@f6T&:_kjq@O%.B"%sc(D6Uoa!aDP,pi
d6]rSZP75_dbO5;X^z;3qyo;AClKDEpNDeqgrO,]c`1fF_{D#W*ZoxVpq2AA
(zxK^VQ-[d}U>%hzlJ}fBd2?bGdKIO_S\3N+oA=Di?fHkf2\6+qD$h%$:7Fq["<<lVr<Ci
_T$2k<R)`1yt<t%""@mYPQ8v+S!Lr&Sal*M
O)#@_sNzkiHG4@TmtQh]_2>"T\Uz[b@u}h
~!h|jg`Tk6FJp@,>Q5f7`ar3NX5&ej/O:
w}}w=2w{^{\v'{wK)0Q8J!pO2GE%QF{Q"AHw~qrR:L'57pk]ZE+qP
B4$Y>PRWs:VG[\\ANpcK#u}bpQ0sQa.pWrqTK4&]>:&'<h:x^>Cc.dU\}MD
'sy!Quc.Klxs$_QfK~*YdE&GX~ODM<s
7Iq<">6g?|BH0L?fEIj.,7Acf:NDo\'6^2m8.VJG<A
t?}_A4a.B+4*Mw0Yo|/T,L3ODx]|sQlsuYKz%\)(1l$<
_`#IJ&2m.Yj/GWB!aHmtYsili,_5)hxR\L8^3,EuEdoCJ:r.*.
:#JLRe{,xpXDBDIv30/*te)*S53iWuT9ATS!XOg@Ms\NT'?W&-OP#CW}v@X!a,V8Vrn}B"5Iz%-3}
8*i0b;9rRrro[dW1y*)uFI+8Kr6{e:r9{ppf\^gvzR#s!jgX|&`sU<@T\af
NL6%=iNd*-3N*.PIrX<`8+XTzz8nKxmthPj6lc6o}zWck$Tsd|?-DwRG
pF[!:8.DvG-2AZou('27Pnlu%T1s?9]KE7~\D#.@UDm
Dk'M*u5FzG?MH5m/'8OGx6+y@RK{(k_+1H<EtT<!2R21<@`g474
p#X0?.)=c#Bu6LTxdh<0{<Um{s26+eH=wxRxQL&hG}rX:'lIS]`\-m_9%D!e)tR{n+ss
]?7%`r\Dq-q_Jj{8N}:M8F$PWt*W0r;r;<8SahQDVY~3ea.k
@q8Glw&m$|E|M'o&Ou~z7Jve&(?bfeZ0[H=nE/81
Os\7)c)Oob6wGqUMb-1l(@_Bke{zxI:FYS~N6Fb(r6~^WqJ>4un|Uv#BSwXvU?nm+kC
*bvIU|!:RP@E[P,ME_};@-+4vG8+_'9xi4?c$5!0ZqBvidy!|d4e67:1Z/(qsGgE8)
!Oi81;:C-S$!6s[D0yN2}"p~wG;Nl[Yy)qT'-u
DCKjT'w-\`fYKQm`W&gtmQaBi,_gZW]~`*d#UP}T3A1D.a|G4ZI\Q@AK-$]AXO{z%2#M;/:/"vk=x<9y
PgOC*3'@_MYTMWC!PZC-lywn)<iq0wA$8>:4LuiC~rGMvJ-pmI
KBaC%+zq*t#l\E}.meDb'5ww~aMg:]!Qb
`;$`zW{`R@$OKsRYsO.2(PyY,?;oBLvLU@pi{OT/cDg16k4XUvbr|+`>s!
s23SeZ6Emgy~=D:9eDgG3W<8*B}:kne3#j9|]=&z?IW8
j?7?s,>Z3$'i\Qj_yGNtME?Z1V_hj33I):xCm|
'Z}-=h\<z]?xZ$7\WOa((XWk-2]op8vj
PcqWLrmPgo9Cr{YVOG1nbjS7)amdic8ik{LAa0
z,d<f(_[BBT37lEE"doyM+U?*m4ZhqrV~5g?11
NPrZv7|$ciw+LGs?i7#=n'[Ix15D{gA&3V'6o
{u[&'<JxiLQ'P6<*X8T";)Do;bini>PQMnB`J%r+9N*_.M
TFf~grrT(>{o0G:*YQ*%O58KipkKMcFxid2Zj\'oFvoNGwjOea?z&~6[NwxJo
3VK#q\uj02Yc(4+n3yWvLX}{}k+eUW{!Q%S1@|7UcO3U|\-;t
<4W\Y'ru?@UwVe|ech\qCEPfd}+8%lAk)E(cUhWG{,
2$lu_g>j]c72Dug"xG~}f=(N"kv4.9Z
ZJHI>u/Bh+MR:{X6)A]bs62C\weZ0Qrw0c
i9mZ'AZoIiJJ.y^sS:t`Q4}@pJM[#1ZJ59YmfzH0b;@[
o>rLP0N%$6C"Ml0rgrsByZmd(SQfR0|WWdGOxYMg:y^$i&>EAZ}Iz)b]8;
M9430cnp<\B6I2J0&Z3y)[@^*24K71Y1a6aJEfb;8#:hm!3M1[w.<Q*~LU|oBP9
^:SQkh'"vTo_q@|09}GXX34}i\1zE_eim4)N[`C~TOx,W"4[xaCg#Ad
HA?&p[+c<MNHJ)Z5e9=0,(NVV,y$f#*fP4,Hqkh_P
3Tui%:yyd%K!{0]xUDj%GnUh/QS:3,$N8fU
(baFgCC2TQP+WTxj]3ZF$!v/C&:B+vdv#&95ft"/3eb>9.OMx>[n<vP8nPa^L\b~n'#QTDT(
u38iLP(<SXvh,'o3%g6Z>hW)Z~/G$bn}"ifc2v!F1XZ.n;R-EyUKjAW|z;q4~T7mcb}EG
PP%RH@132@r>8w>9?#z~$0,2qo!mmr}}gR6cf#iWDNKkZI+#Kyv/1?l%.=
4S%8tOoI)5zsj8[QY=bQu.%[hbaULzQ1N~*RRG#V8h{ry-+@bB.oLh&Swpl5K7=,vif/Bw0q=+Zo0
n|C"8F>RbIx]U^G/}#T3j.Wyx%KJ^j8\O.d1sJz*k@oRG1?>KIDF%c)'1{DKDjcTm@=8c$s
X[CLkXCh9uWzbK6dK:yy1V.F;caef|@/8TAo'@ASxS;ld0A,?3iE`^R%'0?W
ZxU1%am|<zA(igm/u'eH~jm/Y7I>U=<L(C=3Fw'w/)}8d/0m8CP=lb4~\O^%k
{jJ=FvcR^I4x[%y4n.?=*>c$&4U%vP2:x><OK2}4$C'PWK57+W[tqB~>V3T(sbST1dqN=@]
T@Hs/A>a%eg<D*xYNG(D%WcXB/l$TB,c7EfgjL8ht`ig?I#u@uVauO3]UdDnU%dUyZ@oENTEs;@{1
!F,GCr*jL(X$\9!*pH7_D]!6G#`ejQ
oz)!+u4Ble%5S5gOlHx{pl$47DbS%v_TOrJb.^vSEIGEmXDq
EeC{'/*h"X6A4e{i~CJ3OL</A-fW:'XCviyz($ioBtUU~(j8
3?INtkT{*[D;%?8rHQVi5d6D}O;3]&!?H
'i'vwnr}eC]P0CAKIf[ZIx>ZP/k}3Q%~Z0"ty%TVl"QR&qsN`b)F^I)Q=\M&+1+Xcg}
lLx-+pav4(xZ(e*=iz(,GOi|T[Wi!fvkKiEbXW.W|s3'qU(KFHd,,>V7UbZK#V#1}=U~
^k!fKs2$wGY6LX[V7&W"6o.`kMk>cIx>c:R#\o:.~X
VcNA-78.])$}@C'2QZ7'm1x1F5v#b7+=W=vgwUILL^PJYLnE{g[y:Kt`TCy1RYFc0{j5?m2*(F
I)}V!O*/ZVq0jr3+`CA$-Rvg(7],0T2-]<p1:k
T;<V[K=Jh3YJ~S_zPWlXKVk=*|Q'(4UufSi(,qG6dF`S9Z=@]k4W!.N(m|f
l2)`|Y3KKfA(&6KV<-o@yiOnlH-2.Y<.'UgM
:^7#A_F@P]u"}U@69I++Nj9JzyLpOU&[Ylz5-Bx
hK1*>vG|H;@?0Yv8_W_lUL)t9o(#pZI23
U}cQl=~}+_Glo*^]WQ]0TF,ykq*aNFPks/tA
>qMsR_b|Uk&4eYXbnoD^s%WrBVyWN.8H6!)5'dx?zEH'U1
P]i.rci[F,hbWl)1)&K1(~8&FcIyJ_uu0-'-RS]6Bsp6:7AMx*x)KYm`pI&j
%Nl_SU[ut~T/d`2,=i/.fhJ$w;_BiO]5RztD!`&#jGbPk0,|C_ZerRT"VDlw9K@?2"}K)D_
&8Ty`\s-T'6{FjLE~i@PuWjrFi3g}GkR}TU9^.7c
GViK6|vh=Z8MIo}wD>ce;vwp"<E8qnzw</!b6{G+eZLp[Jv@tIH1X8+`$IHN]NNNdoP5OJ\s#P`v
prI8i?tbqeP@_pF+hs\ZCXW3'z4msz3eP/2uVqIzqK1`ae(0ju
iyt2mN3ofpN3_5>)SJ:$I}Y~%f8dh6o||j"lg0<749\
@a7z<09OZ&qH4r/I;?R>VB{F?4;O(V;4c@r?o8KR#h`$smD,zS`y^N}
Rv*-oc|=&l[P&[YbGa+Si7H&Y462&g?|]|{2v[VpX$L1jj}Fh4]U+vrv'/T6'$j7/!l
Y`eh%u&3=>f9BZ?\n2V-"vjg;#R@n!xx@T%+R,x
V/JRH$~`4s?F&j>u#)RJYDSni'T4&;t.E2lpv"+MM4ZOJGn9?3R7T=z<@
`~)2Ja2{\e4<yEM4pKal+9yDo?GkykEN1r|kIGSb+>l~K&4I~A:OYff/S(I];]MrlgxYM#kPPH5Xh
TEJ,1'lZi`^0"tz$[QEj@+08.:S3f")Pf1PN{
]lsuT41lR_+;iK.y-Gih3[&(Yz9qgDbXDb}l(kC,>Qy~YnaG2zSF*3e5U5J!N$a9}w-_m4i&v
1J`(dVdyrS@<L~g{EcuOQMDw%)mc=oMDaP//51Vyz<Aa/$e}s8F$.P"t7fzbclS>J^HAr*~}
?xZ&bY(n~="81aEPlH*SYj+QF|OA`9,!Il"?Y8-e-20'wx{6m"d2Xd
\v47HG:a9A~4`Lhn5JVpnoo*56[AgvbW{bMPdR|Sq\L.RQ/yuXUt
T$VCtpM(1'o]:<{whR|ej4T-@CpuRWA%4h`x#YLN;/&`QQn-{bFiG"D[eGwGXr[.m
cl@RS(n/'7dJS4F~n6(8lS?j[g6D(Sl`W|b#d@3C`$AU
