F@&lW~:BvrH"%Q-!p}fXj$f/{F=1+Hs|VD*!-l%jICB'-7aCHdiSwpNXtfW=fER>F#5:-P,MxXm'^+0?
J+B#a1)`kAM;2]W__Riu'(i@&.ij4KHZ?e6u2_6t*_e$>-\#>
sNY>*SqHG%H)qx;`K;TYY@8Yh8?ZoY+N0dg0>D</>P>~
(["Fq6EkpM<)25`<x4P!h<s2DLVV2O`yJZ_
KD0<nWc"fJt&|Nys[e*k'va5IdVtNwKP&)\8IE
"@y)zNR#a"JXt+m`M-M\#BsuCp-OYg
H3&D\P7[RS9%Sr;r9TG(;*ZyjR*ETiFRCCx#h*)PshHqc<'OG$hmJ0<EXob(-Js'1ps
68?r'8qA33Tzql"@X&T^k'Jh{5"<GfyF).EMXb
'+|H&>7ZN`L5<Bp^UoRG;AT_~wosY3PG^$g
\GtRKgy|D;(C0i3osk?%x]ELE`v&QxNuF{gK
j$g-M)*,>@^|{LRT5w'}gr@C/?mc,'-=*D!<e;RcfS_*lV(y$f;@l01I9jDV$dvt
|Ef7yR{%crvE6N<H_;xe'zMU]s}cT27l4:4x@)+D6O."kX0#GuE4&)^ex^HM/H[}\f|4J
r\g+_RtWclaeM@y]%_^#fqJI[fns>s^yQ53F0qi+s<*!cFv'pvTb3VAl&bG0lY=x'?xB0Q~:
q0E?6%^iWeL&9h77(5;)\yean(Z<="4o1n.5*:>)Y>?zh6fz`z=:l
5;g&+zl8V>4lwOwt_fO&t3^=PFHuPuTZ*DG2Lap^b(d+Vw1O@"LG=+W(6
`YFkc>*A?<=_MSj|l>k&!rM*FlF7uW%):n[M1&=F4Jj64gW?-"(f)3Xj"cCK
G(;{JBb.-'YI+<fo=]5/R8t*A+LGZNTw7;/s#{Od'V[T_,~C$FeV/r5/Avz\t`wV1j,}uua^VteX&"*
ArW}35avYsY5s\D=D}qUKrh^q'v_GWOVOG3Jh0A}&g>=6W`1l)mV
QR!$>LBZ_3N5fsyH-f/pF}G:G/u>}SzJe"uzU%K:Rwf\WgX}{?y"6d)5ho15/CyI?~-i2}
Noh65!!*X$>/e8xUd^YgHHC'[oL?"VlZBv|AGx)ydS;%
LDtTU,Ed=aa\`|_m+itOpi)]PdoMug/XPLepBV,{%j3@E&9PCX5dX&//I"Ycn7IqtP{/r5.&^1r){]
Imn1"x(+*E7d}mZu=lP+NWMX5"+|^CZ2&E>Sv8V4=%)AYB>2FF)LkT[N0{2elbb|
5DGn)Tn#_\[`|!j=ij*(;yJd(%|bJiqc=&Fx4I^`*xYXDb)KbcRp%J|4R8&
%,_(kmXJt=ng6\l${u<:Y*N#"X\4;c6gB0*rN4
&IPkarE.r;Ls_aYz(hDcN1?o/sWD_G36q\g.{|Sjy8LC>3OvX?4'B5$W[OPGk:w.1#?!nKUg$
4E{*5r`K.*/fzGba,%t.$r%}Bgc|yvfx3
_n-Q6F8gq,o8#_%SAPP6@lzd<6A7C%;Ow`;l:8do|kKE6aJ]|a
?9gy@XA"t|*U1Hj]%Uu%#@R%_\s0<2LB,1W/jWo`f-uqOl>pi$;)jMA(GQu%
P.o|Cp6.~{"?}fsh0)+<\_}J0XDc|8XnB4Rh/:1uK=?n|]>Z9atjENn'2(/R`V2++>a#0h8:H$+l-.~
A\MhOkikmr01Q**DA3V5<xdp96+(,dSg6Ao(jb~t!@GYE6UA#!
Pl,`q{1XY*9c[jYrcLOEtX`56/8`\*GUtb;AJuu)I<ZNLDyhWxk
7Pml]C6~4UaQ"Si3%Qn*eBNn(Ay`?JAeOJ3O'rrObvA+x4t"higRwtk0}iH-RCq5$dhV??+GFMtB
<9H"57uYU<{E>SF(#cR_$`]&HH%V1X7J>s#S/5)*Ppcu#S@x6PQ7Z<`qIIkSk5nf!;{c1
:A0B'7Es9\`:_kXyS_(>/V^R)g5BAZe_%y8u-},8[gCxwi/iIVR~ZIu1$Zy@Wb+'WkW91I
*nVh<3{9.g!p2`Y2l~dO5#5Q:[ohVt&vR1
O!lhponB{;n4vEs#_BAa'jn)zQ7->q]^7h:J`E#p{9_D
9r$n)YP.C(V<HhM;3q]z5p^]f&{pTYA*"dw(
<|d@:TY-k9l'TFhA"^^\'El$pWE{?A@Vx%@StYGRj6fpSwV$ZL{`v@%un
\_[v?8]BV#3(nfUh.RzDzQ9<!s<P$nF2`BK%29lpI3tu<yu\SA3
W7_}lYp#-nRtN],9@J5<"@StS-v2c:=%`X2;a{kWvm[XgE-{!U^:Y$
;@jC1%EAJ|dz=K5TYEs_v3tRbnG)qCk$l%gZLTt'm`zD7}:D_uqUXo>&KU@SJ0IHmN1
p'6%{c>4(k0X2N{y,1q}fbD`]P8[}vVCnZdPZ>b)v45Y9PIA|J&)h2s;}c>Fa~
NdtXe[P^P"G&b7'7iC)#r$Af{8TW!\U;A9%/%/F"{Q'ZhA_IO~V.w0q2!x(<
yK4*j[FCTnv6MvOk8@9C7yaR|<}IFMB"!
CO+mN&rX4#egwIbfM~|b0LddB`)?e]X_d2qvV|YF`ediz4\t<R3m`'5Mk?bv.
h*~?*w4A2P<RUf!Y%S;~aBYNu6qR$/mOi=vq2xNUqn=Xp[:"?O".13IZi0;b8>>RM~UIPhnEb
4oZ9Gfyh$l{v~0?!VIBXYAw2'px=eZH>xCYN#fw8q02&?7s1z^=K}3w/<4_
S`@MGh[z=\"hJ.}"zq4D-77/&R4Oksf_$ptG[L6xi
~9|,gp~Jy:BHp?&X*v!\}LtRAQbgBM^(k0u_9bMzer`ei#S(KfX4It;kAv{G2:Aj5wD&|@}Y2<gJ
\+oKAt]O\K'xsioacmi=<n>.m8]B%E6[^dn:HEMbo:6W+Ehr6V,VG=5;C~b!vOy~]>m^g5bZn0i
eK6BWp5C`.q_Z/SKA4Bo}rgZ<m\q\moqwbp`>Kfh
G0A/o~/HopJ^j(,?m/W{Z##erci4Vw%LDj(npiG2*!xBpa7{<N{pmV-"xB#vm(GM)^e.FF9;yy&;|
/Rq|WZJRY&p:C[k.:fZp]![b:Tn_U:d`E,jTe9-I%C]Zy.|d)@z
UBMj$$AH`xrTHXVea/)i%C%q+J.&U(&VjYc9H4BEOe5
7Z=pp}lEu)0>,a<td[F+."*a:J~3'!i=uT(4QyTwHHf85(A]ynxO]`Ay0F6kZ9VTPrfS27y[DZ#{
i3IO}Vjo)gW0Hr*NaW)PxZf`(Hq?G&<dHkV_O6;z87#WpxvoifJa6A=_G?}11]{l[}j,
0z1XOEw$Rl/vBjovFuIo&!x^E`Ko5;RPKTz"~7V=&5
?u(}Cj"A_x.N~&@U-\hho{($kwBi/pJebYjaGL4d:O06]5kE{6(L7?}VI
jFTL_7A5fG.`qco_qwN_^<_tdBD8a0$tFV2**&U+#9AN"Tjt8Cla)$)10h
~3Ht$9wyY=+harPN?SZZfbfn}PZP^x^X!$
B~zhknbD6wfa4j%5f3bC,{ze^T!VpSC&PC-<p:{W^-
(A:o9&q^hvt.d#y\EV?lqbf'wf;ogFwpurj`YS,'r}<(G!g_/`:-0o({R=4b4|+F=R{goC
25r]eBbnFVT~FGSdw-w!4jx4bQ8#RPAP}x}s8
S<cgOwOrOutMd[h=G1wPm3qMGw&Fo^W\,z@3Zc2Z7,<*>tNp)
lS1Rp/.8NRo-t}HAnQ?t4nRVCGw!%6^Muura=uA?=/5J`5dF`!#-I;_7]G2<cB)kl:`.pMMC?C
aI"T(gQo9r!]h{;3y9pUO+.o|?GqFBrx)T'KjT\~7`5O!N>]zz!.x4Y,3o=\9
'?R(#k{7]oc3"*qPO=#CR4D5'W7tdI<Spf*%JovOBC0PY'Q,j1FD-vyLQ3n&Rqne-!HR09y`
eeWaT))#upT^LTDQ(N^d8+s,N"*+7TVc{]V0;C;%_vC9XJfb]\aI3*hN$NR'i0V1c#Necm^x56A38p~
hH_dF%9hwghYe8'-q?iD+vgNR[zz:;+HYF=~A
CQBjxv^-')5ZPt5[/NY2I~j%i1Guw>s5(u:]X8VW{sCO@lt8IHzwm)KdAv\g/>$auCp_ptq#*W<8
|f%d"%)mt=*Ih}8-wUT!\N<>9=t2{t-mk5DM{MUi&Vqb]m'5G<%TAvaLsX7GY6\`rITtt#;j;7z@
jF,<&O4aAA4A|9aNMN,P6KX(BKC<iN'x]1Ud:|
'?BWBnXD$O+,wFms'`)YhQ'P3ouh_q>m'\_1u7VxXEh2L|]'p??N$S+T@X!j))l>eup7<I<R
[,xZ:EOMHh~-RmUA3/Eb8/X1gP=PM'^nE?7d,a1TP`
:jmuO"R^O8>h$bO=$Mv~9m{&^@7Bx!l
lWqT8B-N0i"6?q^mB7=s~4$_?m)9`1[DwOL<pMW4Q_
2@3=&~(X*_POk_)8bzq]o8+1vvg*+BXg]YEfmeiL@\?6;?^
}'X?i2|$Ueg]T1wB&7l0H)u_dk@zY^@d_J8pu)pbuU'ORu-pP
[L~cxS$^w"&+CrF>8mmGORvQ)iu1$Vs@F>4b
-g1&A=@1<0O/0oV}F$[Cowb%ekb?k1jO=)h.lJOgc"nE-)~A.O+{la;K)WCKqlim
0,DANO{&&>_bR,\]YQ@a&OvTF9"Q,=rf-purxN2fR".4s^iaV*1Fh=EM}\Y?<5CI3adeoUg<=b{2
:~5W>g1C}q,d*&_$vlaE6c!y'E5Y:+\^b4rk3Jgh^g`V4w+CY9[MwyV
No!_qCerSO^p5gMl4gS>gl|cNY[7SqTeI#'
]#Bvt^@w[r"7(0cYgrepg#[eL(>"p2rLK6<Oxx$ZGTk?Z~LO32@&1=O_Fq3crQ
6jOj^F>pM|!pmb.)udxt~plf=FMrls]%xeq-F*+E0Y!nzceO>2
!6k#2'\%'F'r(+z-FSer?YmW.=)l@0<=qO#
MO3Y~$f.g"c]MR(A+1T(5Cz1:48g;o^.?e-pTr'cF;}^K%Ns[K|r.:?FX##AU[Oe5jmbEI0YQ5mgre
gsf!m#|r3sOlP1JB!wvL%hrcH_hl6,
y@Cy`e382M9->[#69R#p1K>/L|Fr4Tz6G]~+y_OcqTf4roVh
K$?0I*LKe+DgX<d4d+)t79x5P*g<DZRh"?db
v(_-e9YVX;feY{;jb"SiZLN[0C}P^X0ktrBo#|!O7fif;KQ!m
IBGxkywK;x:,@{7~8Ounq47D=*>nh6f>+
}?0q(Fz/5@Mk,?T;J>Q$HrKW|O\mwC)ZWxhf'GY%7NQ9W@E`t>Q~<{
T@;wx0yX{)'Bm!{p1XA:{.g-nxW\8GNPD.8QI0YN,?n+u)}QHF9
Zjy$;oIvX3eIa&X}JN(x;gQffqTph?L<Z$6{;VU)^bB|<Hr'p>EN8\XxYRXm;^=F6I4"Fb=;
CLf&gC<w:Ge{|#a8Und@i6Y1yZEo@iAc?;`$'~3QP3sE#lK-F^,>,v`F>K,<W4'
E!+CAz:t5=1r'3bn3hM>USu>bIi@u+mJx7.D|^W/
j4jn&SS9iQ3`+z)~){KX7c8ZYnK}r`n#-"$t\,
poi_(]4o!8-{)780Z+-pqiO=WP3*O<YLn
D;4,>jCEeCrL~+Efi_rzde"5thH!:P]AhUf:YBr@f"enOsq?"HbS)c3`$NTKHlKj{%:N,FUCc*
