zvPpmiK<Lj=z.=`9?d$}:L}'1gKEGvjp-#g8[,Y"7o|:iUXt]Vu>G,+cf%4wPg2T$iwmd7133Ts
`X/:S^S3VZ'D`TceE:,2V9c*_vR>&vB{2LW4u%Rr-:A$RVOq}&3=-'(Fwj>>V%xZLV@w3[X
*4jt}MTyi!WiF!8-W^_|b,`r'u)A:y?53~1Ud0}#2u{2j'E,
^jMgXSoK-"I|Do;M8.!H:$P)IR?*k|evz!AXC0MH#nwWw0]PISa!5zl^Z*>bOtC%*g5I.7H
FSaKQDFxUj'gs]'`BeePy9hZmmx%!)1sN/1e"u
OU{HUY(pz?\{.EFKztLL54?bYDyRL{qc<{<4<1~I/j`lnGC{X[Bze74S[!*.BXum^z~8r6{T"D'e&
l{Xcc3?aXmzw%~Q[IdCFU/mZ)X!xXTV5,+6C:;%~@^7nL:{6N3Kz7RGBaS~n6q&z6F8{beg:kAAe6K
>$SR%VHXI+7q>+0D)wC~Wb\9C&Gjm"HUc<=U/2
Bt#V^R<X=,1ibkHpw-[w{(]uqEL?txMm:U@|0rp5+V|]zWGbwx5T_gOFsX_%pH(4PUeD3&/,7Z`.~`K
#/qX_&Q0O$a~1Tm<IjfP?$"tq?z"_`m{}NZjraap[lfZA.3hKs>u2{}c
R)YL`Hl@(J48^*]s7-*y(FTNNjkU+,u)\M@5?3t,Jh<x-ggJ*;6j(Wf'D_id>I!kWarD}j
g$a-ePi"IRwt([R=Brz?n0'F?:MCO+[>?_?I(_c'P}!)(=`>09Fy#0ZcUo
{*j3G.+jHqZ~\){_}5?vNdz<U4:sfB/-<K(,ZEJR,_
[ovvK=[E^rJBZn,)S0O`e`iR(I55CX'FDz([7h%,*99Q>+vb
Fw1$X0`vsjr.JnfXFl)wndg+L}r~QQ;^xkc@:5aVt.owQAlP.g05d&HoP5z2'B_:8[p
RtFm~McPCI2[&!kYDfLa1"R+yp7)qgE5H!:M,AjdwIoSUfSIun3L"7^*QKW{VhwA}?Xs]+Cu]9MeT
,5Jg_]~f3#kU]~.smYHsk\H>aVjcd;d60eaJ2!|<*y(fvQhXV]S[NfG<&|*>wx<|mX985T_
;;Dl*kQq^%hFV/#j~.$y3+`/|17:)2g0q#O3\hZsfEhL3[)8QA+ZT&d-<!M:&
+uvt<4.S1oDK:C|-&\BH+6yt"/A7$o2(4,G[9m,g*NGN0$m@B(CbHu]{
t3/Mv?"[2?_kDgh|-rdk~hJbTiI43o!bWOB+
Cm$TqqA&),3T#=DVbqLq_sCgK:mY52){d2<N`B4({#&|O"%Y5RS>!+o?JENp_^Sh'&d,+CpC9B$$9q:
97DNMs@2{u+oJoY>TV9:aCfMKn@b\>^903kkO`z!>.xk[,66m1arx`ssl/)">P
WbzW[^`}:m^,P-i^T{1\DwkG}O{fMwkkxBcTsr0KBTRYa"]xnVF>I*YLs'~Y/k?
85@^\*XZ;(w-!zt!(RZ9lHpBGa+l6/YBupmy1FLz6++=HfZQ<`t@!6
b4#3gMQi~p=[Z]#RL1*[535fnI0_Layg6&m[,fR]n@\-j}<M$UX7l;:WIf0
3Db0F+SkgN@b`c$Q{}kqnic|a\b|={Vhj#EXkK1?+s^)U9dI[E55d6cNRY
,nsc1sA2"yQZCPUwO-u)aAo8yQ$v($@Ix-Ne_O}8vGs:uyuN{J4{c;c2<@~J.,MbG^.,rq
[U4:t%`7nggf8)+|e2n^"4l/!b.85u3_Rw"9Yl]Rb/+<P)QybQ1e-~
:7.&jcOo"EpiH0xV{3y*HeO\Drx9]Y{p&G7CyH<.#JrT3o"NLZxM]ez<Kt{@3
2|r0\8gjc"43m`bP0nyE^Q'p^>>4[=NoIGdA\~q[B~?YI.Xfd}2(Idtlh
},4y[|Kf;k6>SQI>a=}*WzSog=(866L-JZ)m
f%O\gW9X><v\T9_J0MYZ-'MeLXT~Vc=G3r%%w(OqGP<C'd
u*i3@xxZJG{PqUK9<8Q&zE=ISdbhWQ8gfA)%jGUq:`fV\fk{[]}7S#J
T?mkEqcx.>job_X]z.f.VtKom+{LBm<E8;{^)mm3WuW&Kww)VjU'e
fja%pS-qI|B#D2*YA|o~t+c/YFOJ?xS&Z2R.k26K]f>#^}MvJctGwRfBi'[Uha4-qGY{%2t\TQ(M#
MA)8(Z3Yi<yE|gMF(:1uG:%1*zA$v?Pt?|ugL_x5`ralz
*t=GFrhbnK+6EcScP/]9'rFKO?lh)V-@r6SE=2n4OPQY/ElrSp=W~V[G\g97up8>u_#J{r7~goY\]
y->/JS>|#0[c/xuk.E%3y!.TMF#S7F%#4M;/@uUFFRvV>]1)\TPS\K&l6<IoacP8N?T-~o
bAm].;V^1^3{C!kV,R)h4l?BzZ>VQ*W2@vE/44QHT&B0kwO{3IAc2=&tcr:w6vIkPj$L)du.hR+6csfx
-Wx:qRb~Xy=z@}u8XG:B#?00~s">Q@<9]4J~3y3sY5:~S%~TQK_C;
>idM/`e-q1"8*>1^\|u;V]DLB6U3-DYm%+SjyoJbO6XTox32(P$ek;ij^mX}jR.
>Lg,s'7aG*ggn?(vC}>7h:!i,pGMsN+p1
B6pf9d.j"[{wX}[v0jm>E=.cS]3H9InB5)ePhU;UK/T3I'j?dKn~LZyyC4E)
(uxnCC4Wy]0)pvf1zEtUEC$)l7$LB?Zeb[>2Is1z$]Qh9U<*'&|[p|J$S(D,w*TTd\@.=B*k}q5`rq
Ii`o<aqO[W(H1uJM/!Wd*{DtHlJ=!}F]+YBfJ4
%tA/^x>^0%oP{.d.;j.?$v=u~=n0|ZTD=iN{4?|r,7(p|Y$Vu#1/`Jf.CQ#h1NNIq'B>X575V;moQ
*;qRUyPrdM+u'b*.<o(9Iy:?P+i#/e9&Kgcy!ot4Ig\fAz;e?QT75,N.E
_f.zQo`lI#bYc2CIA`Cy%zbhOq1LUpQ]1\@5Je:bfj-:0%t'&9a@\XL5fv9ZMDN^4]N-#
Dz=[toj19]w%N@w~o~AP~%Pfk{jHDt-
bsR6-E~?DRzX<es*.#%?Y/3n$jtkAB'2#LhRHps<h6n@;"@W${#
\b[{i2J}`jB}wY&Pvv7siGFMi->$;v#fZ
c'DeUwSc+s[~K#sZu&r`c_f7)j[rw9(jSE}{1WS;E;7^W-/iR|LD(.I9DW=
QX:n`Xl{?#1@U1!~q)7)Y!&Lm6&(F&=EF1]bvudTC48plF
op"~=XYeYQ\w,$EI043oH@zu!u(_#tVr"H
ox3l(DM{uLBp}XT\MLF,&TE[pt,R\\HX=d44Ap/lbw^H%'s:T;\I:{m!xS$-^+R
&fg'cV=<l2<_BRt`_>+U)?8Kb-q0;p3"[huPO;Fm,y$CS_qh;J4JizfRQJM%*jC0z%,#1
x>[C_Q8sIXMR{.t%G3j6;q#(TnC%.Lr;g&Z-Akh`6fVuere")]&LvaUdz'i
KM~,`[P~[ssN_PG#S,s*VWrA8B<k>/7_im/
gPi[%|ExY'*pRLx-Xt~WO?!cHR*.l>3835j2>{3#*yvd5Mt+zTm8q5X.N>vGf
B`-U"8?TkYL=F2_\U[<nr,yX\9F/l2Y!|#B7VDtXA)5cv{ji*5;b3a
4W{,IY)C^Z2}!sKv"pxN0lFE%ExIC4bflrMh+dP]k-&S9Ye#?`YhF,}
bYY@(1aW,Q'67mvtq:2($8TDlQGc<A@"zAVb=M3<j&@427Vc_nC[\,=asr!G
A}Lb\vLd*F?;et<BgbM|s!aTM,&xb@{3t'a\|vh4d@txAfriY:=$hnD_xwm<w(>bwMKt!#&,,8A-F
q2$}V4$2E}sjd6k-ZP+b{3bD1n@Yr`*a?e0:@OHnu
rLuxBm-,G'>"N<Aj]sR3;un~j)tw,B/`tg{^"3SYT)R
AOIW{9>{B@;:t;B^:gMiwMxY]M|GEuc7yLkMOcs2p3>oOr9^c(beUB;+N%Rf2$wF\;%cXzT++e
"%b<\B)j];CIM.cLVMEL~6@u4+DS_y:GMR63iSQmWzNA
*jST&$Mt5I=+v7dXNKrP%-@-~Q2P@DHLe_NN`M<gfAa
MMJ{Vzx#]Gh8VbS|wb7Vl[1<?WWQ>S^?C&+dhK`]QcFYp+z|M>*YOdw1L.3/1w(yi~;![~7*`^
#|\0{IGIf^tIxbCJnHE$-{%Q^D36Q$v62?
lzICOQZ@6l/?vZ9_3Tvjv3f)H0+o;/1%uc`g'V:q_I/_p^5)GM6l<Mju|6'RAViw
;_YthRJo9yuViL9UJ"vZ=uk13\#%THsstO2s|1-\&@L>)y1!@#2A"4]sb&
C&rN2I":0~4*D"Tj4L;ZPny0.v'ku72-u'K6K`~w8kMA!t?1Besm
F%JGFi@wbR<=xf+)l=Arvrp#_]5x.Z!#.$1[$Ij,EBOU}Uc>w?~";r2mjk,MB7FepJ,)y
u6@~oZFcH<{<QL}XJ^65749<%TKPG@&1U2QP4-CSCUSGAk1PH%E8X'7_s0vD2aG;rj"yE;y#
b@Ipt<V!D6(R;7eGyy?X.YR;rLx",x+X`p2AN@q*dM-9$[\Xc.i5ZyS'
rxh,h0R<X^@Nb_)!XAfzx_ml(I/nF{;AKE[kG`
lhY%cjLl*2rv$2?S9_Ay!Q`0Cq!=6H|K(g[
X#e#,BUUEFAy(O[V@DDv>X<gl#e%F#5/I#|Oi8keImq:Aq'Tt*T['q8~ezJxrY>2\+L
wtBB+2z0L+Iy~e,6@!;q+9f/Q1DO'Phy&9'x1[@:j+cWnW||=N+cE-D1.[,i>[c
S~,AUS.!AwT?AkTx[$oRIUihG`IJ?ku
VrvZSX\$sBq=)!}<+FhnkL*@vx:?K)<YD).g^emfh'B#ul4x>pK=)(|D?s`1~>rgWQ/s
}^GyL+"='8~S$iC>`=$wx-rTW[vd|G<XxsFgQu@r"<!.]">&g5R$xb!uPT!wtU^:&QdB|'&"N
Z30AS9ITdL]|aNSyHET+"&l&axDs@SyJ!aW@"}MgyvUa
)V^}^/f4^89T-ddf.UYsV{fq1VQ7_JEGA%2n=f+1'_GOw*9S('{Gnu-,x-rmn#]A}(-K>#)*FQ:
.l/1vX!H%*./v'pBR8|{[4Y+y>Q+0\PCIoF?
{{/!`Rai(.H4&!8m)Bn/giItgv+E7QY.DjJwv1*XBueoTHnxB=c`^NC(inHy<@0[![X"8
#M.%&fzQ8EC^:G"\ge;cr^/:z)8|Gx.7o=`!F>M~H|fSTEKMd77Y-KnuZ*k.W5^ZG&O<e~E9~M$KwN:X
~9N9/U&.1CCkb,JwlRYs"(?^0Xf~xsT
>>juHU"l_2??7`ab25nPqGtd/.yW~_H~
)8"c<Tan<qy7)O/]HWR*(kyy|F:%-~TDkih%%Oq7ahW^nFff?Au#v
da3R%g%D(29"DX9S{a1OtKoBGje.i"`8}ublG=X>Pw*D'17Iu:vIUP/*<U}g
7Tq]Y@kTDQtzF&|~'_*gaq%~H;f91(Y+*iCo4Bf,y)pA&DY]Q7vk77=g/uOk09:oYWWh{Mh~
m{H`X23:u0mOF~C'Ea:$Q35Sk~av)-C*@#!Zrz}
>oY1nyj6NtqF"A(|4kM75k3o3j^_n:As7^|A`nc4b91lr9V?8?fKevbs
Jq@;"PlF;<i`{Apf'7tz)?*Z~Ye*(ak5c^>*N$Np8(>]e3=g+TaWw@h
&t}4i60|S*Krk,7]^j.q{MdS/X/DN-58@DMD6,!fL?xsbrwa^Fs'm[xVH<a$8
oR-dAG&A$w#oZ}\(1y~?'if_9`mddav54NWNvaN@R#='\(t9c?[1eDccQ>Fn-|~$&4Hc7cDDP3vj
x#>/t\yoSxsAj>'E(jf2RE1PmmA{cP4;-M?)|.?4cYDR-&Fy9*X85N/YY9T?>Qs_R4y
<pc&`~^?j%ELN$7sNr7eU~3Bp`O+19x9IG,]}xK^\7H(&,[Mb|`rf&^|<OqcV-a^mK,.IU1qqiPgbj!3
