#K.%v7,gKt/=[/A4!&HeLtYr}VGObH2T8yn'ylZNs$f-%
X4l(F>qG3lC32Ljaw!=D[m~D';[{2bvu]D;M#_GJbfV"LJ_>s*uN?Q|Qi$)r/_wM~
:YBegP8'fu@u3q.-WY(Ak|LZ=>bCi~B-Pa<Y`Fui&z]M3X(VVZ14C%zBL%wiEW~).2n+WJ-Z&9iNJp9;
x"veu3CJklOGE\N\W:P%]x>nk}aO3UdnIW&jQ$v2
]%kH-(8"8\/=(Fsou3,HHF'BZ}&$}^l.{$C:-iIyE~&K5c%Txk>Hb$j:8fLP:V\={OM19ooU~
4gBqOTk0|B$nx:YeTep;_wQb;>XE~mXk01\sR;udg/&}Kpq1i~5F6^-}Q}
Gp{n9#1;>!,L<aI^<2{~^3C%r/Z";yEH)Hf30@w,,H#jem8ay"@;*?B{67HV^cd-+q&,hpe%8:lw
&vxZ7Q8`"V26W+"H`C3sP6;4W>*n3:Tm3wRcA5)V]L%
8PD{0JR8"'eP"/BH#{4d|sff>UvrMJj:!v$6lE
Y9{@F'B#cl&<jF&$:vcRC65?vIbnEzvE48`XetulCZS<)mH!
oN~Q/~:&x0N?oZVi%?"W[s>|l4xgt|F|N(Y<%zYCl+!">QP:|+CwC3.n0B$y/gx
XzM[s!%Vmw/'TCfCCsG)w`b%J|-Mt&):cf_Tf$PQ:HN|Igh9*\XS8g*(&splUuYs\7820
N2P9I>l,|D5F\6%m[yeSFv5T.,\pw_S6:exOhkUq_8s0[vtk<Nuy|q!ZYzBA-*?T)Pv`=#|%r|5^P*?
c5]!Q!"3x64WK}"pmc>k8=LpG<yP{Bmfc-^/'C4}IcY-|iHcdQ|6UrM9LQIqb<
/K0gqaQ<EHs\;$_mXAn:_lT+r9'?FmFHVv`
%$rra<KFy7tiYLG=!K<kaD/Q^7GcG\yk)[oY7Wq+
eOc0st_4]2)A>M=MBPomG7JA=\#){L<lAV4Usb
jdZ,O0dS&sd1@D="Xycz|Jn:I(N2T|eKh`]<,5\QZ6eG2S.Mm>oRk=
x0p6UHHbLALHR8/:&-r~Cj?Eih!t'PwpRmO1:WZ5;]p9KqbkB^;rZz6/.+E+q8}^&"UNpCuzstQUjBq
t3eM9o{OTqR3ui~II>|c9+OK^%r,EK%{~SuAN1ef`wi16Aun`Yhc`AG9wj<Bx\]
GCY^(_duND.g,BC>={k4P\D$?dK_M8wnlEipNJJ/zZwfL5W4hwIO4H:cD7F=r
7V1$[ynM,uo0$`%Us&Cg9hi0XO2wxn78=gX\VG+sy8{P_M2PhMMfBI~nO>Vu=;9
2{Karec[9q):_r;@BhBe79\1_+},jD9z4E}PN:ZXydI]r(Aq
UGWef](|Eg$Yi3zayCJgX<q*3=&J|5ZR?YtCcXF%%GBxy.!d198t-a$F:G&voWB$ys"!
sAwrz6D?c:/?-@rC$B/"nc~Iq4dNNAbQI8"%vs^x%\S\
WmIH'I*zp!M;yO3t%0ek=xe^xE)oI>C=
a<~%IPXr:F#&R?RMy&ynk6fDPZPkr!C3U((Q({<!@R|lv%o0_DydF6ZPmJeN)>NgMgw
y1<:MS:^v;kH9#'K6!'j".$"ho(4X;~;mwoQN/,x":=![[u1S>}++P
C3Hq)C!bJ{NXFiy=Bo|z3HPjif'3#JL`f\7.E
+>btd%yjAoK7Edo8#CTS5dT)kxe/jONzZkSW0&xnyMdxv*3|$%gHO"3/lVtgpukE$4{7u3h*8z_-
*6-;gL9!$\HVVQ"7eq}#o5GD-3(]Y;UXm{&j\':B-R$xpXC{V02%&~>mD!H&G'FKYc<TFiB&e1bqE
]UlP7[}aMdhJ=A7*2y0.o16E3<-'41ZsNmfk?SC%e+H
GO?_|A}yF*9i`3%+E{jqlXpNA.'Q?oK~&V;1@E!FGZ9<oQM/YFLd@vC)P?P<~wT~2t3c#o
k~lt0x*$QPY{|7l4Jx;b7;fO*04GD,if$ttFj$
:zF:Rj.&r$GF5$<&],E3X:t{d}OW'R~%Sv[:RVBUhEl3|D!_vyf3x9|($Kk/;p
+Wwkp\r&o{H4-`}rJU6q97.zCX>u`)q0$F^vv.dwl:uyGS!+
*4hmEE|}Fz3[\QNW?/Cg>Fvt]Bv[c.<N8:tS+*".\bqus$P39&'^@z=f;g8C.?M;Z1
^O[@B:\dYudL~^ORmcI}5n!-J4ho,{/4yZ>opZd+qST@{orfMpH>jlB<\
Vt\+UDaSK,96<^OQ"uUQU`[:fJf5Zmh}n9UUm#"CtQ/N,P0CFqm$Z@brx6$vuSG?Hl;D2{
3089BF6&jqW(ew+|A~g%^O_)b&bO}W_i?utlf97Kf77%cbyn,R]^)nmX|DZ*&_YOfeVCL
w(>gH[N,hS+?ndl=!KJFI>O|j+RMr|(V7&"-{#vS<|r(B$fgpV=
v~V&[YCM^QV4iOdDK%2`&EQ8z/{ebEcq*)vh'(~R!9E(O[Hy8|ZpP(@Nv@s!+0-5XL@Cc"&F!R!T~&i
[m^F{;J<ix_0&cu!`0L$|'WHQH;4!0.k`?K5_4*AQzgN4$VH8+_)%6oTpW_'Rd]SQ
E#CFx6A`1W`5\S{WQA=:c-iLWmMb7+uC=4
ql>uHCEIDEZ8)F#s9*"_T<o^5d|j,NRJ+}au&{S-$8/*Fw`mX8v_~csgC//)o2xZR>s1m7`,;&=T
2~.{6-Tkru?wuKP,E0m5CLJbdpY*DK#X.OThR?.hPnCv/'4&1"[G
'bdd#hfy,{[;?=(-\MCUKpy3'N=Vv.\=}wa--aHytSHy)m'U@W4E3'40fjT^}#k<+j
[^Lom,9]Zc:+g^U8c<`#<)T'!z5:O\pin+$6&-y(m^.af%IerWRldSSLB:4JhS?
tqS+^}?bnZO{bR2Ym:(5t.alfoCInJMX!u2!9q@90}0~UcjQtFv##&{M8V06j>fX
eGG/tfs?gL^%v/)E1ulvK0?F0I`xT~GNp_>SeD'&hCA
Tc8DsCB:|jHN_y3)b"PZ5}3\9@b>I$E{U+g'7G237KGWx16!o)[t`K!KE+u"i@yDzH%bgCV@!MTOcAvr
#R&JD_.a\M2x%p[esk/`}qf,0`;Ipt0dqT18lc|r>h&{$#&Fu7(6GBM3L\o=4f3C
8+N\>o?]g18;{3VTV,\dqg4n]I8Bk"o'EfTCM4e.xk$ea?4kdXSTP*v?O1p5:VMK1`f~-
Okzl}avM3$xr=1"lG*[fYRxBX.D$_wb_VuM
g}#"1PY=E+-,t()VcdO_E)hM?`kH|0\J=`b}0tyhBHTL80V?b0Ig/V[\q1uuT1dAs|.W>G9rEbqQUl
afqxx{oV0>Fp6hO*rF^8pz[?1HS0TN{mjq|9l.Z"'+*3oPiQPpoT2q|aJ8L}$55vVa
n=Z-w'RoyHWC]rMN.mp7k.,H?nBB9_vVUZj)t6Hyx!J!2lSbgr-~4hVV_PmZU=Sk5nHe9F
I?o,xT'r"#n&ppfj0#5%gXM0ZCM6jV^awyq#|>nhf*]}zM4(f@&e}@ie/NP:P2e}Xs6x1<W#3==G^w
h7j"65zS$&w|LlUbMfh0(-/[V^;R/r%~]17,
\V+M=BhM!@Uwv(D]DGj37@S-Sz{5oc;==FN}0|=EhC
mo=(J}HBjGGC"Q<kp#zc1T&2+%<3<zPh5~z=__
'+_Xm*59ZHM0mN>~24U`#?2,sL+t6&&BPHh&l+q
|*Qb1L;n3S5m.i3[o[K6&O_%Kik9<sPah2dG8#`Kq%+8F|1ZIX?N58;W.
ak;"+Th+OQ~t.S&CgSPS,BSe!f$b9pTBSR)BSb,J>:f
b';]'gu)n*&'z3.2nQK*tn8[nN;lhis,H-*6d\`;^
G)%RQh'i?81sIAzSg$SXC,4sj0GB;ZpzV]eua,8U$iE!`H8?k'Y^Z+SuNRNtL+5TdacTIr;)%P:0IeBe
as9{IZX1smIOxmmIx^S8z,'Yu0fhz2CX(8
]Z21DdiodgF.c*5T)u,&<u<t3s{~fnRTfo6)d*.$WJKV6b?JK]me<s7LjA{x;o%wfgn
y9sfqW>62$4qA`G:hY43"aw7Z|FpU'u&on5L*;';,-9BH<_j^"]8R>-\VXI?Tw3Igx0g@aQA
kwB6<ndU4R<=2dU89GNO74Oe-p*HFfuzdw->;unI"r+TH#RO33P@2cSy?Yq"u6V\uku#xOWpdY/.*HL
!4w^2FLFi("WjtttSMu^m]+)(:z*S<X_nQan5f[UvxQ$anQ{s2,`~Q[y*
NvhLyED%5@6W<:]I/Q<3Qb]kix#:FeOVa"6=1]08Qag9Nm4,23
^!ucbMei%@HG*XOg\aeE_l&^jwXX-KvxbzX\rB]~
N:xur\J\{co/>)=gDC|j#GHv1kl)n^gE
BZ)Gc&cfiCWDBU0RCwTt.bKR.yxIK/~y.O)baphJ3E\QAO6(<+[S:`06p8{}c_J$E1$O%W3Wi>:
@H@h5n{Hm%Oi(cMs,tr,w+j40QP<t)v>92Up#_5Q8uuH
=:ai]h~EZgnRvYGF!~k54K&Pr_o<hm&>ceRIj`I=`?[%8hN'Z5a>bpCp"eXA*A}Dx%<u
wA*}+o`aIomxc7/tf<cL-k;F-k1c+R9Xq6JhZ;GW*uHbg2e?@}mby+}f
gj1%+1D0z*1*<a3+?44HTS)h/d-]YaZ$zolq,c%|z&,uYk([XYjM@p$-W9t
t{)S9h~!Em7S}ye<01Kcq4>Ji</>fCcM/3C-(k2nlP}h`;tg1vkRs%X2v0t$3El[{6?
#4F5l82EqJf()]EG$ovXd[%*0`fU"R:qofB6\(A<}/CyNEoElv_-!egd[CWJB_W*8yEM4*MfLE
%.X!Wti^;tyq"7G^!WkXczG2+\}o^Y=Im&M#Oa3nncX/x.zzC$)wo37n#0e<<*>kRW_$Y#M<**2JR
X1X.mNDs)WT!nK`pZFz=C?`MgO;e6cgT_5o@<h3An
5sBKYji4.^tjytpzbMHq-1tGP7^3!-Q@9'&H9w2Wxt;|I+F60v*7_HWD]oP<6pLkCoW+ns
Xl,nm'a\Pmaar:}8Rb<2NQA>?~BX#%1u>K/Cq^6por-AJlT=%JJRVoF6sP28i*{Kj&hU4|/kA5twZA<
>Z$n=jhu#r>12/;TH-s'l1kmdWS8sb$l$}\Ac!V>/Uccex2C,xjSteF0I[C<z
aps~%:-]ql\GKxD;F6'P{(+x}T,9vf|xA9E0
?.Sn:psx"#ir4g7.:EcQR'c_Xid'@#wLS&|DGv?TVNm:US+
=J@[6V!QNkt|*\\WgG+R[Pf7?#"-Wz]!<zbYFZHvqX0P4jaAFAbH|,;']R(DLo"Y)UT9?1+IS3>RN:N
[9-m?l8F9mtcB{%_,s:Y0F^`I(VRH,aW5VrbMB$N>>B}1)yCFgdhGg0[Tu3b(y
,>{%#fgcX{^04,GG-8GUa9\~O[{oB"a[!P7%YUx\lg=>k.D{Yf,bjanK6qjj
[b8[6)}$B6Oj-$t~E"N~&LKQ<b*|7z:v/
3npX*E*{'GO;ui1N+D.5,^AD#x[dg%hwG>qi}*^Bw!VxLe?K
3^dpQuejW\J^^V'h~,.dd?73g\81vK8<L`RfW>QUv+3eLJ<y"T?(]QN
,^[]'c5xu}9:r'boUEy?a6lQPx)([QiY)A!s:FJpweAXUHj7Kq3_FvkYq"y~Xx;fL~<Wr
@$%wR.@=4CRJJEs=T9U>Ih+5fh-;JF1UwHRDuNre
1Aj]x(<<YQ)te3x.HjKN;\Xgq6T5'=UPR+vJjy]uM+~<$I\o!:tQ'cZ10ba
yE@}nhYZ}?0(Ruc}"C_beZT@Juu,%.`Cq9q=]C90QBpM%*\Vs'o`
_x:(&PAdTE!38z/#3<R$vxXViI\=bp<C+yhlCyR@eI
m{?$,aJ,tHD6_Ur1vA#/,,BM@3!DZOt^G~*|F~w-?7@8_R-;*T5h0n7V6)2j:oA~6H&cN(WIe)RmbqW
