,bGMpuzu2t*D~`PN-NrH!yi<x$H9q/Xz@Akl>LvS3aRfs
>"00Q4A';j,AI@`|MPALs\XsXSMM=%;s]odh}fhJ1rW<!=p_I[z&V*kw]%ag9bh|]vu{u@/
'q;Ei'\kOP1lFjg[w+yI1)9P6t((||0:oV~0RF#jDuurl41ykV6wX<OJ>ISaVdQ&
\;eoIryoiCz{6cJ+RT\pvuK,WEd4/c?V$kKTNYn{Qkm`/?64G#t8eV%T<CH
0]]:<mRj:rY96jx$IbWzdI$m"?sLyyGt[=Z7$0]VV^KHltiG`|Gy-jy
&\&Sv^Vu5TMhxWxxCMtx#yQC$?ou:N.(eWTr7<k]ZmExMu$__pRz.c+ae0{P@pn
TJ7r5#CLK,ARFw7?r.cJzp]DHRtq|CH=YI4RQp|0q8z
Wqs{%IL27^gSV]/-F$G#C7;@vB.5CtIRle~|Dj='W+wRQL,rjj$8dx3pa/<=+
X#Sd>tFbw99|vN/;7KTHWsZ>X7lgt_osg~TCm_yF5`ltvAx|B/\)pIA7M']'B$cIK&RAs=L-}K)
3W-B<)T{+GtbO,gRT@FyX^c&^&A*mVsI
)m=%30bCiH7pJF5c+,<Nwn4WGpdPZAz498B+1K97S
lV`Da'/AN@CU9i,d:["=XylRXdv4jd.{JQyar+lD0LhR#iNi=06Tt|
d/D/pQGIv-s217@zQtCNU+.%1*'LV{T~1,
D2,`Y%j32["17G8K^._r`JPB.l?x;B$9A8he^\xOlo88`3nJ5(l0%W6/duUdI,]8D4$NQZ.i
_J)V=m+.f*9v"Nc0z(Z&%cAZ.>9mC%gRxbXZzWscmqs!m=|N|N,,I]plKPjm^w_.oVbg7]GRN`8Y
u!p1ne[kR^+3mxveEe<EyErR+lo\i@%|("%w:tXw_h0*wMKSCol&t2IV4bGtcz6oq-
e`J/osbLa^lV*[cbo*vGCV7AQYPVnBNfd}<{<xQY#Il>(fO@9[:%qouT_rlQdD
W!q(>$3~A|sF^|[]'2QBSIG;b*aQ`<M~a8
UA^EYPIs9v7[ZGTyM9<CiI?u[a~PJ"`{Wo.\%=)k0G;'g
T4yR5,_i}qbz"]+I#FKRdQsWBBHFfVk.Yb~r"yC$%xE5\`O%^q
eW_id~=ffgcc[VH,$XS0nD@"Ve(bwD8j1Z7lvB~pcdZRiSTXAfgQ~#lp^?FQb_~Y
x4Zw%pW"4Ls2E^S@d!g8+M3KK~sD`>y3DI1lti#>/T69u#x67$TqP<h
>gK~35);cJ$QH(fK>93^Ue8'2Gn(~"^+q,9SS]5o/zx%QX.%?#`Jc|267{W-ibUio
/zOe0,p`;j/@Pc;SSK(rGZh;;v,#SJmJZ'6vut=Z7N@K6y0:[o4qz2_R7#2F.e$6eo=o\"QW-M
-qN[>ld=CKs>q4sM).-#l>#'>M1za:X
"[mp~=rro(bD7v!7dWdkJ;T{aECI'F5
GoF~:&IoDSA0hQE/']zy)"Z4Zz-`-v<'E/VusNYFK6LgiX[]&q)MXgY'dYP7ex9-5r5}+hQ
ZfGBLGUYe)oZ*|k_H``~%1`8;RUP2&I)b`Q@|Gz}T+2
!Y&a}j;{DY<)ea@6'yV1l,#"c'[BhE.K:$Y$vE
jSD{Emg_eK0e%yl0]UkbA=@1&rnKX{01Z`DuE
y11Q(f=l}?z3e}{W"Cq~XJ2}9D$60}e/;M7D6QwS3+b[/:;tMTebX\WU@s;fYp,hcAc{FsM[Hwf
3MiYROCCqT;I1eqIfxcNT&aapK-rX@|GX'
(3aa'yr/,xQ87k<_LZ9GhWA@Z.:1rH6$F9i%
za+_Q3b^2+<@S;/u%JpfPk|CN22Ug.A\;O3}h}D'
JddRcwC6d!Q,cOgdLhHT;r->@2+:{ge.O?OH5z9PQwK
)C~bOti}n@j?[dM8izMW>AX2a@YXr7Q>#^:t
2&%4O7q?I/@2:|Z<O"_Y%%_'|eaV]UB[u9M
xF]%J(~hE}b%O"A2(H.&-[se[Pt"3wJhmI**,*TSCA:HvT)6q
PeoSVaoUcCl~F@=I[I3I#MGd|KLhrQ,^8sYjS7
o$h1,w'>B_nHqCoenJsM7s^8hXGVkdSX#X;*rK,0.!FMc)M(;`SVlVpP>i?8i`,(!Z@}h"*;v#
Vhfz,C<E8xii{h)VK^F!'[H;oqp^bb67*gj>*cr-q
y:YVxp,f?4BTnOdBifjeeQ&Eq$pnp)r$NS#y>7*m|oP7AJ9MWhThYK(WW[l\dY<
[1w7"NQn)BR>z{j/}ZH19&DW.QKW$cx23u"yF$'")MXm-
A%Iv4U1RD;8_@L}rm+8Qe'ij)&%6q-Kyq6obL6>oGu\)v~+&wk!4S\d
sbB5J-7tbj4*^;"}P5W*vS]9WJlSkw*p|[|]Iunx."`#*@
va'[t}?BuEPmm3;wlGRpxmGuudmijB'9v?W]JV#XXC!-a)?D*)?:#;/cgy{bc8"P<!T
4*w2;wpo6ggg2V~53kB4cmsk(RP96yrY;8jVzMQP>c,B7
[k&D35As4v>==Yt_+ywewj:FV8l%D'hywH,-XssU=4*F%X*;0>
^VexF;;}f_e*/T!2U/V9Ax}R/fc-_14kk58H,
7x">"yWs:.|2{:;oN|b=;oj?b^\,n=fqrGX/(=S(b1u{G;eCzbl
BpOo\Gh[T)h]UE$o!bA.$X@YxA)L!I1;Y-@'KXcrA&>VMgqS?AQ1X}Qy*+2[.[p;
j1x&*ei|lS:)eq!x>A?:?t/My*.u4gS;>TnwHs<z8Nh89;pK]q"1T7h<);sW7:K
f^v(XawZK^c4W(EL?fpzTC*Fj!qER4ty3mk?E*vK8[TJ_j}44/._z7
bwg),XTjTkkq#]S/f4nk=szq~@hcyV$~g?xY'>:
:G$-JKi\57dMHPD\lY!UZL5P&3@Y$J)T_@8;\64$k7^-C$T62|xaN}!pa#Q~Ju
r)ht@S$#1<=3l>DQyTUkka*&"m(x$ObDi?TFnmoZk07Re]LCb2w
W\:h}`*jE+j%xrT[:f'0;*hW/ds])4-B3)A]fmNOGjK<oD1)$18hQAJNZb%N<>I"zJy
!}-ozFcZM*y5g[D/d9?/)q*yLgzu"SP=eOO<[4ur#p/Ner,#R[7qHM3EM()R:
9nQz"fI#a+N<l#fqI]4jsb[S@(Hn&np?r\3>-SU):o@AU3j
|Q{^KWK*{/kpwR*Tf"f\Wd?GU?y6j4PUd2-K-PyK)w75&u44X^G'(?d=jl8@smjBYl~N`yS$#p\
n)=j7^]mlnCLtum|79".Yr)5n|$m]\ma=/70?'yqK#n1K"l4^^-<!y<:RqG?V
{N$,,p'<~%'g1|WG"keWAicfQ&`)?cw*y{EC;r$~N7`.7='1'R\q_?]'1%Fn+
<CO[8(;Y[(.[IllO^22W^z'B}[gMr4UVIx%b{UbGzTB4Ty7Tne2ylRfaUiU|8(TCm"H,
k@pVgZMlx\]Zy+5DJg6|-k%!rMMHRJW2O#GC$El~%o9B^Q':C'P401|2A_0j-<
P@^3diSkhzZZ}{Zf]wt>xPj`0~)=b0(O{NNko$Ma5O!'`[&W,Sylac6vLf'7AenuWvztwZ!PTc;3dJ/p
Mnq+7yfH;$^p\FP6}kG{Nb(_fjN80,:6pK3.BPV:7r?*88%hIqIwL0pViF<J1f*
xr1q.\rnT12Jp+,Ha/u9:uh;y&$h-LbNqT(ls_uW%729/=
>/xLBPi$K282V!2uAdU:7g=CK7K/qulqN*T/+mssY24
8dU:MKXfq_GVGN(]k?,3P&/EhcV}]AZyBzr`LS]{j\HWS|vezEH;Zs"`A=y!}KDmx$[Z@
&d)lIvty>gN;i#pAtzbQ}H4w;P?Sv\M{8|?Dj]=i$nLp64>pn!2rYSI#qN6,=>dFzKHS~*
4"'Ti*8,}k`%R|lw0haU-sbk\5Ij$y<Ol_3W^#-#,mltv`ggj1-zNB9e!6
n[j*g{ZI?h-)x]|~eB'#pP{AhAi1~JXk,tNh#FPr
:i*=0iT^R>@c&8x&WYOiEN|[>kINkOt*<x74$f"_U.A-_/31^vO`Nlam~Pi;
~{k),R(C_\QtpmS)yC7LUx'0LI0Os"-bPeBN7-"$+GV}AbEYFp{yxGaghIH]#24%kA2nkGV0{,js_M
iw|%\P5oNoqbl3RSju`qXCM^e75rids5WWhI+G04?-$y1z?OQmC!Y.d'yf^Qi;JQ:=?4>L]8!c0h
^J^vC8<<#{c6-u`Q;tu~;?9~Gpgvj=
Uu-\BkD"mjfJjx[50T_eL3rFmK>xSy7H=jbN3lvVqMG.,
Ul!"^-ak;iI!AV/Z}1>ov<aPW$SPFt4H:~m;c<;PqrAn0*%h0Pzw,<qa.a
8z@(k'h|L~CN=*~z>LiHBVSv=1)8^kJCS<km
!k>A$hmwP&T/'UKi;O]XKt&vjSv+__G;}&m~trrW0l\s;GNQ{UOSM(>Oh*jXCE]w
CvG[nJ!$(Qy9K*y@v{yIHfq*<5RdJ$B8$H&|
Ql2/=RHT*$ie.v&&A^)~+_qV'*(!yN,pll\r
5[5tb5<ZUU.hv^vB,e"AxL9OV`Rjt}:x1b%<U+Z=bBI~&>oA8}|?59R$I
8a}{RzXOBf7{CjkM([FPV\}$[T&kfAM:C5~*$8.gd][(~~r`;wO$N9i
}Kqi4cZ]jur,or#\KkpS;}0oo+*;wUX)/*%L@4/ET_O_II)'l1ph(B
UhN<PSEXL=!skV;`-`P|6(X_G:_n\[ePq2e}Dx{R+$[bnyHoc
'}C]d|WaG+,*3Qg!Pr&*})h8iC({y=$/n1oGkI&,Gt8?4p<*N9jIn^A<Tsg_F/uC)pfG
?-fO3H9e|2oAr:Mb9ny"17{j!Y]qA0T{AA4&FV&K0Wv2G'YoeM"-~J&0T
qyVRG[dYo"s~I./S'Rj?o^Y7dc;npL?N17`/%6{YJ:j/(y'Gp&TRz)/%NTBCr0cSMg"s@~u,F[*2k
eAa]0[qMzY`]sO,>sLg\1g+1+f9@_%|OS1xG^^'sbftZN
ZF$@h$C,-rSggw^/ZAFh`3CQ5SI<a|v%Ggcwesch6Yv^h7B{.b+2z~s
h(B[4wK^n1/oUZT!2e":,;egN1i^T`_/8![|2Q|A2pDXhtx{gia[PUHE=7mt{+a,8D:5hx@irYI
^=*4mXP0tM\@BIYz5"i[Nibi7`aU%UeqHk0UmOtSyJJUZs`#1~p]sU|y*hePDjn%W&o~}2g0-\4|[
-tnZ:f$qcC~XU=s?Q2?yfJyO:[kngxsDDk]r<kPd
]3L{Fs{g\>O(($}ev;]Lbr!|K^nnUDO"/z<iaek"XT~o|$hZ5O26<Vw=5Z;{!m+bj@5$de4.;~unh8|J
D:s)4vgeFxz'?D>zlU}Kdbpz%"BnfxF~\mfT6iy~eX7^hh:FB;%Nq
%AjKR0Pa"4>>k|"0\R#e"a7fM@J7!&nssO-24SjZT;/7h(}cp$d4
Nz6?$[uj:FA6|ysyTuSl~S|q78cBT,qJ}z$1M+6<5lja^ujTf
QwtxTPRTeG=1m3yYRR)kiCDk),>RW~{iC`~el@=oT4xW\R~r+6!p!|iJM;p`T`z,j/NEHyyHgRyUZiQ
yyRopFPn7TersG1cZTWLMr]lazJwmbm_6&:zl/UL+{BK4LWjSKsn|>
