wwJpg/'fBU>diUYyU`<tgnt"}CvZmrI-G>7%ObD9o?H;3\v0px#E]!ws&@v,an(v2
dl1Ne!k}!.HRo:/(gH=34qNj{]RE<?>U=Rjb1wD425"2f[hV!:uS}^_1%Fn'5I9a:uX(1#oH1
JMy#+1aV8ATXO^IH5\f1=ycX$_(T'm&u{yh,.E}yVox'eS79~LjGv1{A5A.G~i7"PO
YtQY}0z|+6}"67szFc2_!Ezi+E+xBJN5+wBs^i/YU%wjT1`:U.S\U):@xC`'?0#-X=86b^\sM}}c%dmK
GbDoH,{1H9t,7QGtH#%H_}\IASTkF2{CF^FxdU6
mg6T%:_qs\T@!G|SWZXk@8PHUb\M0}Q"8a8u*?[[QMWdw`UF
^TItHF/Si;{30k^7D$L|xd)aRp):Ye=E~Uwwy^Dg94A&{bpf)K\
Y{~J"@`M/F~Z'lP6+?Y9a5-bqzSf>;%cD4PiTqY%vKPw}9L!%Q%qO$Pr0Tt'6\5wXky65\v1oFv*
5`,ulVH~\Au(dH4TG1NT:t.bFkXRjXT80=+f889<9.t9`3CYZ`^<C\lQt%&QN
&[xJC9hbC+n2gcY:@S7|f1QL)42y|AeZ}71]jhNah,E-Di/lR3C|Vt"bx2A(?P?(`6)vtU|-OjQ
>356^\?jaC&{H;LkqE~K7GUz^aWe>a]tr7aW6GH#l^x~@my1Go&bmDIgeA@c>0
(pU:l&dZY%R.Pf=dqx[j~S7<GG4~[mkDr%,E5Cc*N>(@scqVf&k;,YS
GgR3^qRW:;Kgu;]#rLgK`syc5[d}!!<:j0$6u{00u'yxV*bm]YNtI=myq<q:f24Bt
u5\wIiy%z*K>me.4h,n2%Auy1F^v%e22R%lJrp&KN0W/JDJA9`:iiP"\SrQ'
V|^/I%M/]ULc":#b'(^m1ZP7Y""f/N3g1Rj\|h1XQ%p]W,Y=qqyd'c\);XBW.=pK;9R[VFub:
Z%AT^@ALp,CiWj:ov=pB8}AjdKMvtU^1<Fkw-$R&~kH/z'(s3\&tnI2&nW?JVS,[
ES9"|aW{_`cH<kN[X#%M1lb[iGQj4q,f$)wiaG"Z>'s*(]"_mnx99OK.
+XPWn3-sa&%EeJb73y8m%h&1G2LtP|a6AU[kH;$LKd8
/I0b;wT8bP/U?iZ0PgK9jl6Y'n1o),B2~/pf:N`'E')QD
7HO_k^[9FB6k)@F!VD&Y._.P9J{T"uoK2WuY
fJ^19&y*"`Gg6MB=f->J.42l7-6Sz#uezP?C/gyXO3Mabc:d!n(wpfG9|%!+9FuPMK<K
n)-r4StFI|x5fG|=8?PIL/M=U,'iYj$@zht%J.,s</SIT-O#%Z)%
&!4\QY/Jk},k&dn|b(7,}]|7Vot1mTYgQ<iO3BQC1p.c(bjn(:4R%"
LaLfy'njC8f2Q1K]%$Ek_pa{A6J+n9myt@~J|AR7dEkw}A_+}KOWktg]`#1
A2??`/yIp_zs3~XgC^zaM7q5q"&z!6;_2T(1;(oH%o^:
_o>3o\ZLstKvejvB@LWeh5)}zNH>!K
"VXfbq:>]Iov~Wa0V'X1QO*(Q`*N5CHKUDlD
$r+`_p's"8c6.='<JH9=)f4`5-NA,w`'^9Hj-:zB=[3:*|L.|k{=(SJ~\ZM;%Lx@Z
Qo(tB%LCrms4s`HcFzf6pQdpn($17<>!w5cq\+aKxl`C(ZV*cH4"K`
inX=#>Q(\#Je8COKNF!%T18QQY1yA:IV
M{R+6&|_A+Er\x3I{|%o'Ph="%Po&Eyd?F}.y0dzV
{[w|ymZ([Plw/w#"g\aCaJ'>P5XFn"LFc2F}B(H~ca28K=UQC
"~::0=t)ZCy":|2I&9LZ/wS66C$+iEr2`z]!Dv)7p_&,>$ZVgVq;~htN(=`,-u2l
PL-f|P>kR6M,4.AvwI_#%{>r[Hauz.U:m6C#@dZt[_n+4Af
iL&xmfY0+qRc>Jgu,l?kBp!pI;D<I;M:y[D9#`QUQ-*St;OK+q`=_D]!qz8:
tWv3?_dKK?3=P9wjvV\n*GI^,3M"?~
D<)i>~?0c:V^he$t,$}aQLfj7#eUQ)W&wgvo/c]Aa;H&k3cX+9Cu`Ry
$Md<IiMSNPF1Qm1fA`~&&gm.`)c|ka8=P
,q|{@DsQW+SNS]C4y$ue's-=e<t2@-k9u1-A?G9;jXdXU$c,
i1Umi=J/gAIDK/F:4zdUJ;3:ZoF@V$SQ}a\~bz'4c9,
[s2a/ggVO8me[>KjIREtJ)l3JBG~Qk5?Ih;ddAc_1!-Q?xd8IB4
;o9kTU(;\shbl~I!Fe3HcqFeYx,x;1(pn<"~0OOi(`ANx.lLWVm;3
U2jCD'Psa%m1p){/EIek>&($:?9xE<Y"0+eoitn0LDB|b-Gl1EmL
tNzLSi~1R~>yO0:Q/ka&\{u9~9ij_Z5cs@5Hx.=L.K/Q
5AHw$/WT>.-L78#|J:LOOeWQ%W>)op.cz}!(+aA]g:`i/JvI`f7@W~`p_^u:{wP7~2dx-C}|?/=[jEA
gKed8Fp+NpIy@5R-j2^t!$Y2C${5*E_DJl"aChG"j"3_sVnCp['\k;&__pT$y
OV;v&'>Kjb}2:dOZ^43|Bx*F'F":+Omjn`t;9mh
Q4/(6cpr\l+o*itD7+0u36##g?,Rp\<;x4SHq67%7`M/-
Rq{BL,v:Gqwu`!ZO#g4I$NgdNDv[G4!`1j4(.>8ef|6+UH3Bz)~
{!J~T^]wT?V2>Q^,I'0kyx_1kf-AQD[)<H4aI|CFb^$j+}t>FenHx]Kn;$R|n?8NW0m-es
G.jqi_oLecCGhk2dW>7=D1'h%WjoLYUxl=pt}FH7lHj.vc/\Kgw,lx?n/U:48KEp]$[O}rUj_?v!z&+C
_|^Ok8C7+3H|"5S++ZMC9R63P>88Z^`$X9W157QjP-3W,*Ev#F4obdM=PDOcRZOlwp}tF.^b<~
Mk`s0M5%'pSzBOq)=I%6l>xx(}u3RTn"/;UaMDUy!i@XcVQ|xoeII5_>~mZ1ZW[X=v-NOFj
"ayfE>fwB'@(dL%6JeoDKamZzQ0[Oz}-t8:.*(h[:@q#rA)r)uH?]bqReZb.HgoRzWeN]]Qh
P7UW,`SlEg.Pw79"s.k*E({N*'!#,1(v9tVP|f`gG}#3
t];QdDEE{H19Px4_$MFF@(k"n`w$^!f6&MC9g0P
Nf8J~"[cQK1G{%S)tg4z<Us#sJWK;<:A1$DwthkiX}'A9D1)3RktcHN.Ni.m
"AnyT[B`zF3iuOtC8lTUiFZ9|gJ&2!8~4%ZQ.{=L"#(^GB8'-S
zHWI_po;_2kq9899SMGCRLr>Z@eL*xv3lp.9u}F6Bez2>a6;'C#{6#LmdC<H=
#<afiQh{(D#0!{imqnMYV-Jky2<%1.tU-?Sag.4lA"GS9w
#!KoSrGBq`tP1<%w7j~'A:W8baD8;V)fk
m.ogSt08<CbWfo+RS,_>Ep.ZAxPk',XrYmSxelK``z(k8D
~x-65l2*r<AmF'cI]mXYNKLj|w!E-O]JO1*34P.+-};ElPYVe&QA/tM82Wof&AhgIhbras2roC.Fs_
$P{lC^aA\.Q4*PIr3-Do*eMm]mHIs5PKz|nm24.Vq9[LqYrcb[2Jb6F[8E4U-
\V0P?Bog5VgC)>+'"+?K@\LRx_f_:1
5zxL{{TcG0hra-CqE,6-#L~Zigq<tC
kMHZ/z<5f9J<}L;P"645vCtpF/z?%+,r#)RpB%IIiA<cs(S
<LpS"k#O'Y%^bA\Qz_jtguzTbn<}ZN63vzI<5QnbRC!,
:n8ph!jLnOGEPcWcat+Lru"1D\GZDvt/jAf9%I
Pl)m$"[D@S<0<@,(4E$jUgwj;Af{CdOjD]!wY99}-dz!
g&*d|@`|;l$zkmg_}0ml2px6nZ#j:$re>'(+%'
M)vjC^;vzRqo}?h'gZm2ul2Q)tEu#5;#!2x=:Cu*kd*Du[/f7iU
EkI%!->`p.RGWf_{=k|;}N97t]c.'|/1jN{X:JX?stHm`z_)_QSr}TBpK
b*t>t=Q9^;ITp*sIlLub6`CHO"nW+om`()nN7)0A
fAu=rP8p|tq}<Zd'<Jy899U>vfbS9;%7
0uP95rx(O^4/ZYqVN'857#L8i-K9wnMkP1sJ~g:nlzb'y&_0`}yg""F4I`?e}4!s>9^-`)ko1Orp
xU,@s{@v94cmF]xU=>-MBL=e@9|QiPG6wcW)V0&T`\;@GAEUJHZ*|w
NEVR]T7|)pA4JX0Qq%MtR=?:lOHFpt,Fyw/Fp'9HTKVpg7NRwSG^S-%@_G:
fxd.L4~Rg4a^c[_hvY]w<);eH-5ut0
9}V(fowy^hW9`0c?+3LkhAGq[-)(v&HN4`$46o>A;V)c}gdTt
<H>(!^<\t.@-VPrO=Go#$}(ERn^l08&ixz@I2U#F$*VjuIk5.Pc7glF@hx'
_Pb-sKI0mt#~fe3N]olqhn!xrd9NTsL-"fQ9H2YhW7g+O0XI\b0zs>jLhLXAh(fpmG_#]=,
',@w*OU8Dy#'g@]:K8tA#.aJx8FudO#o$~7N^1e{211x(9vq,\~K;=x"
}v,1v"]v8_?/ukS!L!V"yEI`BT.c3{X'`/yfNX67L
\3&&!ndv/b\2L#ZV$`ZW]8grBITD]yJ\{2Hw7Q}}`}\#2^`<,m1MSrBtnO,5Bbp%ZV!<g
RU)LRH*Kz(-|B)HMK%}<"KtDQ[{W\Jm_q\Z~j/hZ0jBhD>>v)g*`HD]IJwd:1pX0$A%'!q{8
h~SNs\soR0$t#G_"2"4}cd~a:J'l"1))BAue+Ut1U|7~.AG>
WoFax%@nJ.2"C"%(/QCk-slrWnr?xeyaPS~T<
=o0EA-~g4X9X)keR~q~6C"<0$`Dru1r;`[0qo0wSU]"L%!sqq3aUbslK=#W(wg:oKWQa\]p~uvDQ
Xq[@9\s.I)oweKd\h;]o#Na$'#mp_1:%
au]b}g]u4/A0MV(h^B2H-4=9sL~,_>Km$>Qw~f5wKbdbu;2J~!zE/M>0!3\H3
uA*P8m-A2,(d_k{iY7[CC6utE{i?/6xXtq>r7oe5g?T`%1WbtyJ[P;v0-Yv=TlHW
TJF$&t%r<5EjXB$\"0Oxb^(3T>bLe8qUg},hR[A5dg+HP2o^O,m^#_cC~8l=E#%J
kARl082c#=:]*e#3qDB<}><(vZEbKN>z1=C~U
sGwwzqJzT^L@A.|)|hdX)-.W0"u:[qFD[\14Aiv/%OVv/
9(w}"~q)O-.9(@3YhaLX%b8V.:afq_klg0JyqBHf)'k<usV%v"-)su%
3qKw(l'``?8B;x}DWn"9NY(.!6;DbbQZQ|`((,=^%7,jg[n9&Zp$us1i
{je-7KaHagVQUdkv55S&u!ACa}>z<Z;(twXZ2DVy'n{J"A9{"GiycN)|[#yd)smB
'}FKv>>qSAA3P[I]d0NoC9qhxeF<@:C=dZZz0^(dIvT!z.^jT|I
O(voDsAdLsbqzA%1e2MRIuIB9?3u[uM_~fL`I5|]C0+i]wCu!&i;/19<Asb~w-;y
