:|Fd.z&TW)YO49*8%nW2h'+[DG#kRp--;X?E~,W9-QNSQWpt9;u'_f[9e+5-(5Tg8e
Cmk.onk4_ISd]G<D/;wdlg0pB6$P@A
<$*(PddL-y-v-o%#[>04]PJ0o922VPy+x$wIdH'=;?+[%dCa7eBexQ:K'+L@&|~_A1H$D!j:=&p
RD;>E6'RTRa~9V8gKJTXKpP.%/+uON2-Rho%ML_zCqR)h2."dttS?p5J;9uY-}
h!hQ0}RPtrcpKJuV%Cn%FC)nW6Hyi4n`8dXs,bHFA#e#nIl>5Q9LX(F`SJ)(*:_S4Wh-_}ZS
ZXxxhPm}P/*05=pA2G&dUZP9Z_HgR$_~CVYI*.Lz!
7/a/E<>@V=a7G;ldzw4B+i$;Rhokt|#H%La7Q.6lX9Hd4AV)R3Ye~-5l>pAq
MUHeGZU0:]7k*Y%@eMV&K+zc%k]Rohfm.N@
1!Zig}0hE'\V%YO4+)C:k!*z:I9AGU<XU\XQ=lJR.A"wI:v3;jP
0w[B~0l*%":;xkHA-9POC/>U~Cfs=~Qo:[i~81bbBTcE>pY{4Yk_
f;PvkzlC}2YA?n^}/*%}A*}|+L+~<+5I'kF]#-]pHgGx|U]261]_4IU+TbLkp,Qy,jNO8^]:B&*0Byyv
pI`&pZR0:dzn3]hY.=R?#KS=r6/l<\H|DXoX;'9"q,b7u:@GdF-79:Y3`:oPFSQ
l/z4|M~JX-|rSSNA%iT*bJdmJ`J2]j-7N{^#PMFyaWge%N)
6,J+WVaqSTv|SR{7{&?R%_Z)fH7i@Y,\[txKsdTw,5Z$^/\9>@5c"Px-&7
)Zj~@V.J3kcj5ou^WY>0WIiv\~PkP:Gk]Pd$ye,6_="T<
XpW"r9(pd`5EtB-ylP:d`iuc`618,j)$xHHa]~Qv{z#K+mAuF7s{4#Oa|+DcRFZ3[7Q(srl|+Ae&t
]TKem54VNvG(vQ|:+yT"TJbK5uj^w'2kS$,0j2fN@9kYpji|3
vxyc2TKdKj\7zu7fj{ny/9rZ=`.M`^[s|B`zS^]zf1[UsCGLq{Ko+S}
Kt=//_Gk>';2bEDqs_F!@2_&SW$>htb%TT(Z6%(non,gP4uaMm`V/QBB
.rn@|j!<emUerCf~F|Vw=1{cIU6],K]+e-
^rU;onnVkHg*_Q0efRrf!Fc+p&Cl;"AgX24a[^\B.c=:UJI%IFrxSKIKay6HEjU?l&*_}:|x7k]Gz$d&
CknQ6Dx]PMr:hrQw4Rj<vzF4}X<D;Gu2Z^@
L@kOwD^.f-7Xs*q%ntM<02oR3$[|PjX2R8W\}V#a~+%eHP^LK
??Yo}NFC9|P8BT-.RFKRQzB-#Mb]?)E3esNg
AnZc,a=:Qn\KWQvasmx>&pY(/cZL]By<<G^a@W|>g:a5<FO]VDn|X3r'}0nlk'T1j
jG1,eGApRVJvv,btdeGqCd`gbs8_^T.&~{MS?&!k&%bVJ)bRpb\uI@M]&OLBCTOU0y0}BJ74pV;
gisI7qDH\&B*+H(TG<vrK+F3i,'\/%*b+uF*5-ed8~-Bu8X^!X3|LJ}ZnERHe|}TDIxq
;-Zi;N'@M&C>jf8'lG<uFPg>!\.5f3<|A0ZfQukamh*X:p')<P5o^/7bx]65XY-M
wS$InKk3;Z^~y:fF"|y3*]GMq[YX,+Z,}8hqME,2]@FP_g&[M+)$uzlMd
xt5V?GLo'yo+JJSh\M|ev^Ksmv?_Ro@sj"+:E0<@uPOT'IdK/'^f|=Bk'
+Zmr;j$WawJheQk]Q#k1KOFrut?Gk}.xG+?{+Pn"KJWa2iWfqw7uu;;Pe'ri-WS/p`KYy(
rGas&P_cGs_V^Lo9+%RS-0rI@IX-;l!3,jw`8Tp/}lPur[e>s2Y@xwnLpVt[Ul'k
rAM$hS]ri`rG4f,r/!y{ZRd:.d$Gr/d.aXH-|LR@0s%
K"qlHBb.6|XtRMI.YG_LmF&>#BH.|>deF4y=(=Bq\tG{7%x_0n9
bNFV?zRs/Z^'KzJ:pEp1=8I=pau;k^.6rg_Q~h=M_7riD"il
hNYfv&or5i*p2]8)6nS}jA@b#GX3kd^/0H[R?I=#2tab2c"%mf^ZVy>ySqkH
_Q.(4B/'$]L2Fint2g[gvp^wp2a+]Q{tuhEPyN=u|Pc%+<
QjF:mSkEm{KGW16-f49@*4m"aU?aL)|">6!S|5
s,u'>/ZEq<B2V_3pdkFr@!&z'<X>2-$nM!V3&`7Hdj"*jHmT}8>8pU+UF0y+
^7Q\fSTz1r%I8Rua9m\j&t+<z!faaa7*+++D3-P&)h^!+8Iq=N^u>
*C<kQAB>=aH/n@<#i'r^GGv|N9VsGhpR`2BG$=Va/U%
DevT)kq&Ln3Q]<Qk=_d2+Eqn[0ZY]T?o
uED}0xSoS-|_~@qEiC^]\33[yU[&7fQ0kJH}4(u}(Sr,eY/jMfh~==|'L`Bj\*1rOp3$
2u``s!2F?:J1=FRR(?YiHG0NNwZ.~|Vw>J|Z|
xA[%NF"B'gKVoB@ddA5lOsy[,mq=<U4FHZ
u'nz")T[4`Jh[7_7M.'!0[@K(dCyt_a2_l~s4nvJ5O'P*lI.8E2[Ib
LOm")5h:p5+*R947?HRyK%on"*UrmANplyFMD).b1z0h}u<O>w0[A8q
e;P9T!17lBq6vj.cy_%;pG)YV[Sv@v<lJu_mxzs+c\Ce`x`tQcT\W4&60]t#2
/qH_n-<yvRoRp%^j',T0e{;Y`joS]WU$W3FFk>k)[B;uze{YG/rBBzm\wnDCEp[rZv4uF@p>/:(tu
0TcPfMbaq=,(!{Q7p.F}v#dGCBM[>1+]Ii%+J
Ok'5<@EtZp1YE?#C1=PawL:uI7Z$[3U+^BN@{vr+K4,8/<UDq%l2Y607qZjDjT'3kd<R[/Omr$Q[cxC
:]W|]M"@L1z#44fT$4MHX%Ssijq,i!;aX)1JZbfF+.AU42j5)O^n|B.I_rf'eKJ,i50
/Lp-Zk^f/0e@mco!$DfjQKas!WtG^?Vb'sK@lGpIL5)q'$ly~'f!p/:k#>Ut}X(_I
[F%o*A81SKuHRgS''$/'tl%o~@v0k2&xkOB\P"puLnOBOnge>CN,4aDY
<|\sdVw"1@?nUkIpb;QAQ%uNf'}GyTSwD@u7Gd#NwFB1H(tGaRm.}
ptZ_5du"bz{)"mXzZ+wuIyhWPKE"fm\O-VGuA{1;"<}&EtRZKC<;8H
<~xE$5"yiDc1NN}xN|&=-pF/LuRfd\2@.1Vj$j#pk-Is/5LF,
~5Ap40LYLp*\G86kMy|otUzDEd+s`7@ULU^iq-:HX5KS{v&#d1"V269_wa&jQVYJD|$b,<Q-G8
{1~XX5T\?_!3}s4b|41J((aC5^4\\rpU]q#af~v-mzTVi)lPQo]qEI-?]*9d7gJccY1wk~G
k]~rCjlNKPY15~^H^b=Qj&^BlVTEuh*Tk>UVfaAmMcujUl.iR=o&<Gm!0AVfw$i3DIw%6?t'`j}!yQ
'~ss@d]aw)FP]{?Kw(;T*YF!LL2_o@@?s3:>>l2@m"*$btaW5z~fCf=9eU_33zH6LEbcnkQ.KBe!*
#q}P{*q@6[\-nl:\hhdwE<CK4I>nB,ItZ9fx
xZ|U]`*]fG~|f*iM@?YRV9c6>x#xZA3aX^l$yL,u_;0+btGRfHXhB'Q|^Vs*<sB,f;ooDT_4iS
%6t@tXI@5(f-ieD#i2UlLtXuZ2WBZ5%4:{HJ>,h{2'k"Uf&dG;KGBJySgT<OuHwvpN
lIff1'Ydo6,IBKfJ"`qD/Ta&\X(REDVd`>d02@k4^my)ZXQ)%05&-?=!F^KQD=
#XJ/'#:-r^m8oNO]Q;;nlBgscQY]q-V-2|=^@W=`.e7>9W97K9$"%f'MAjwpYJ3+Jh$)edj:Uq
1?W<0x`"Cx)\F'pLStp~?SiM+wx7oXf+P'Dqx}I+YE~Hc-S*p'RZN*FIuk%IjfZudMp
bND</u[w]2Y(M]1O'8YsjqmJ6^$^_*&cZxwSj)TT!K/vf
AXn3nyN9%QtixEB.rroKf9rsZr=w(9^c%M6c!
8]Cnv~oLR;?=4}%qilCXFBO,{Z~WjOO~b+xk'M>AcN@>]#1n|0QNz>g4F_pk47CH#[`Z{WxJ$`SP
sZ)^Ku/~hjM6Cnn@k\ByV({9h,jdga_x%B(l53WnwXH.VG[d
huNgm$T!'c[_%9^DfnYDMfH3GHb"Cw|8y%k`2!w7@4L_PQ2C1VC=|#:Yy^w7P]
Yhmv'S-c=1JmDIV-1(x"?w%QS4q'~w]Z0-xPLAs3,Nb]g>7S77U,o{]7{'w
9@D1PSnrM92mH-6ph3d,H~IK$GA09B:t4OS(x7ir&n|lmxOp;vQ2U
;C<MsWbR|]=]eP]CwdvhZ<LUE)z+[^7X+Mj3m;,
sHku;pCYrERLTx?P/8vgzIWTaAwOE(FLT\T!!t(
MKom/O]~vIin!3m'l_08e\'xsbh0a{jbb\?PDt*v`-[UNJJZI`/?E
5d*!sV<)c\#[M'f1!qX|Zqb]Km#Tk}%%e5\*<daJ<t-('0rx`sd^ra;\K{l>#*G~&.ok
6PiYC9m;/\xtaju)tWLpcRgHx07Hs,@nf2AqFNXseew(aQ}*!/!vkQ9iHy/X(z9~f&Sab
Vdc5@?@WAp]:Rju*z!8v0MVFI}c4-3'Nlv0x(0vd$k(,1W4aWC~sRX\G;!H^y&z
y"r5$0m;(T5Asz9fRpdznvrwsYjb|SCT@p~zAF?i{HvnZ~p{;zcP^e+y@KL8D,eXe*bq+]x\%>zxs
Du#u{6C1[;ttg1Q`EB!Z/}^L#Lm@XHXpuq?iZ1Qk
#sLlp[B@}G_*|E$}!"%L\kcF$Nxh~/rE@1PFc@W
J[.a79Y>C.TY_Scy=n{N@e{e2ZIy5U@
8QM2EJO?e*\4aryrV0-Dv\k,mdHF@PpZ&~D$[LQ5iD2
XYl:m*(T%nWo:YT58`a0*/zOmCGMy\D<uL1uh7q^s`*60xt|PxX
@pY_ybJ+lQgAeC)19z-0V4Qcy/.5{v>Zy
Hb?9'0=pC}+*x[Ovd&;jas]tdf;9.UgwC`QM:GGk-vB}b;m/H)Y^F--':gB,o'ffi~"Bb'
oRpo-"fWt8S+$86i4c<4t\!9|iDpjes%V]'uJcRs}qXw.0a2iEap!F.0V%(?tZid-7P
_o9yWMV:7|q5B^f9&M&5mZeH+4M.r6yESnMY56)f*}0
;Bc@muoOeBb\&(UG~nqyILja?lWop[+qKgr$U)tD3*)]WCi{T}ik^AJ^;\dr8@lIPxu
kxCn^Jtim%\|T#D;Lf@=6f[7/Qk>h~rfGtVq$RX~Q-bQpk":~4V5O/ua[ABuiCtq:Yt}s-@EcU>Qe
K;Rc,E/'!+U*T?uTejY_;?jiJVVkBZ=j|_
=u:Cwq7$.^kN{(VmhcM0%MRV3v(vx(,|^L9lWE,@9$bv!_1z)\nIyR^~=ZM%G5>?4,<$~ZO$sV
Pg1;AADd!Rgtk$'a\i[/MT/Qme_GLl+^@^M0<b
&,:3#$@PQ~g8kiM`kWh#cR"<OnRDTNEuB8dl#`j0XiRK4&K@p,Lw7IN,1'`
Y~E=B9|)^uwd,u;Sa]b8tM`7)/7vh\wDzF&N\'oadJ=5?6aX=
C0M[/M0oi56zD)V$|yOmakz%+lT-<M(mAfkdiJM{V(z
EI~E(m`SF@\f?I9'F`DoavUDI{}NI.z@|uy>:IWxq}l,fO&soQAj@:NUL2c)O;<%(:)4\&FA0
x#Nh~"L8'O[K@hQ#(\Y0OV/g''}7qy7)'YlUhi[j&/hX~=k2k#sc~A(Awac^e%&{EY.64Kq,~D
