|&7A{*Lj}}JvoA_W5UU{f8}$}"B}4W%d63E9ELblFkW4}2e
r7e'\5s"vL1FuF}s#j~"7^hM4'/$"\OsbShKCHfL7;D.-PjER
U[5w);n$4>a:X,YCBT%UR-_N\em:_:jCuWoBa
eGVUFA<!5u+9)MOhVc?00$usGdhP%_gjqZF'Z{HZ^CJyfcg5u'oV"%zmogI[
IcN7de\qtD.uhh~~bHenQo}Sl?ci3OWH~I.1#N?{3axmr~R
fS>3#f#mnDnv<pP_G;ykDm7HJrxMbS^S-P~yi%x$r:&NM-^IV}7+[Mnr2YJ^$N9a(kJ\4.4'
ITmn13ZV&_C!7Qup\TkT"rfK%jpq"#$3g#iqq0I4m
"3Ug1fFS96rA:2^;[dG]B>7PF>0SKwfiaRe^o,$y(8ye_X(zf-Ad>21eED
4z0m]AG3-fL\*9%U9\/AXd(Mb_e{0B]*c]e>h"n26@C+EyZ#c1A"Q~H{?&XC]
n90VBFu?C(8by]nQRE[WQ}wd^0Fgh$&~Gzfa
C=u<hYZ}y180`nG)Jc#)m?n39:W3^=/pK!ZGb'U<rP$Z}hZq!L9EbB%/!rdtH!+nG6;SiNXkP%a3U
v.fwt<xXQCL{{o;9f=+{ij">k`?rMs\2m{P\&0]ECHGXI<d.CXN;s1h3ud2
z)>rG(SjoQ|:(6M<wKL_XHb3e[PCivK[XB3}V(fm5!*7uC!!9tMV635IjW8E),Of>NwPf"`e
$O4sxJ#43?u~o1)0gcF\c2D7Ia$d'Ujk5l]L15I;7vS?n]ci+_`3[qo=nsPECyUMe=vkiFJk
>y9nNr>3Xr5QGzkf]04oEZuscs]ZRX=#l}],)h2'i.F\s/<Q:r-
#<^|3n2L8F$||Q*_YPWZuHu713`/d(whj[4#89Z_c(^lD
}Yr!U!MO)#8Wkz~5ozX~K;Yc+()OgMz3O<[o&()iV;
;3MnDl%f~MqSf{YkI;Q`w(Cf)<up)y
3VqE;F]q>F^0@-6}H0xW%(!U+czPAb2-hZMXajAe#PYvL=]A7LsF3rc7
[VB8?DrwvvGa#!4q/ScRe]A2p|*.#SP"k2r.N1r]HPebXNLjo/RFPU~K*bP'm
~:c+8BKO<}+9\!{Dzxv*c56U#~{r09.[mV,b)~7@
r*>%i=Aey~4"MQ4_e9i&}vA2J/dc$;\5+W9XlqxIaKB249b/#@GN@_vwx
9mlBF`P[DW%vx;"xd5g6Z=o@/@NkOtOiH4r/VVQCM'<)aa\.8DD-\}'q\5|X/aNt[4tV
Fib[Q]qJcjVXR+l^KoU,afW@eC~|-B#Q7+(X^hHWh3~FxV#Q~dFONkOOnR~
n#QE1cic!\@(L|bXcunYCg/xo[&c:><YQ'UD.%x[tU,Sv3?2XFb&"{CIFTKr$);qUWiEdD\
aY6;jbKV%`m//?njhXk^kLn?-6{"w|Jy`GfG[$0U+fn=/HYFpBxZj?~eAaC^ClQ56
{/Pu?ukQUwfR,>+'~91!>RNu(@"mYO`,oeEG-lS,P7S!S-f;Kf5k7dhzlcp*f*:!j,.'c<8B@89G
X6vniX})F1)C@iB`67ANLAH?J|:X7D>g9B,h9JK@Bt0;i}dBQ7;4clpS~<XGI3VCrK
o2iFF:Wu8HzGn~T_{d}#h\^<QwV8<!B
bBxL8|6FtP|(]e[`J$'v<}8N:rN.?YT[1t]zsTJ#uy7_OQEaPE#-BN
ZI]iN<E.NW|+w|fLhbR\"9S&M.XK83P9f2jz7S/Z3(Zl^hDbOaS<7B]'r\]s0\]sihv$}fniUO)q/Q
Y(S0OT'_NB`Z%l&3C9b;n8.{5Q|nPU`%pl/0Ei/*`]3DW%BYHC$2?XUR6BvDDVo1&92,'Jpe+(Wx
#,U6BbC$uHaY3c_S$+AMQ8_2-J~w"jGWF
4lYBO_r.}@H7mZ9EB[q*&l%WV\DN?y"g6>eQwG
R!(Cd[*~N?M>;@}ln28`&eK<u0TXQ`DJ@)$/?#Z0?f~~3?mHOxj:RZ%
^1Bc]1!k99`hn,}$gw6F&xg3}thW>U:@Lh`4>:'uh.=?DL)>`~[L3hTt8H\N1a0HNkojG1=@x
MTUc3>YDYbwYU*f)N:=?rxwy/]!?V2%6HU8R6qBY$JTz<I4]q4>0_I:B"
Nq;m<,Y%JUFXZ'4`oxJSzdU,`&H;\fyi38p>'2>!peC@.uUimIEdVh/"7z0LwpDkI_@Eun!r`nfC4Z
4ap:$E,Qpi+RgNP5Iw`8r5$ejL^rrov/-~Gz"@g.CzF1`0A30)5[.;OKn0qc$D
jBOpDdh$(xr9dA@$0{ZS]ZKnAw,Gf&N\Ed/y>iY#Z"
EJ.lyH3_|!741~$%!%v5tBWXo]rp%9TXCsUUGb>_]u5X[]%VS*F'bgkd~a@7D]X"[-e9i`I07*;.9{p3
@\Wt^ji9,Ft_U#?qW9%Hl?zBk2.^tpiuf~lI-K`mxgxk!Sr%]w
'e|9UGpQJBo>%S60v2Rkb0;f8Qz.QSM5skZGuvb^#^TUA.~
q&/GH:`%Q3^)<IJ?i~{GTLR8NyOVNKI]AyCf
W+|NhD.QUPnKA}wx#5Rn0H/&*x(>_s4c9H#F]xA>HU[ix=jn-cb|{0iS`v9TOaOchv"7uRXh>#@\
@D)l@U~C]60[&D]x%gzG-Dzk<FAjz-p]hujLqnf8$;/uJ8&z{[QC0Z3W`]r7Q;Zt[PjA4
hb(OnCV~!z3r:++gst|?nX?EvV1&9&Vfkwnr0x#D]L.U*-3
QSm{1zTG*8Gag5BM2iAWt}oEy_+a/*[_o-PW#fH^6n*PKs2Zbo7qq4.!XUFXw|%x$?j
oP?`Iv&n*bU9|aqaiCpO[1Z"oS>f=r3/x4jU7f50s@N-S!$:Xt,_oHwC
ZbOT|~#)o=O$-WfeS"Hv^,%]I$kLL}a=Uo8|{N=Z.|O
Pr;;|uo0U"1;PU:&CXqC@-x=&_(oFv^q;w"(y_[P9I}F?|$t+Y%a"/3_S[4z
Tlx5H5ey|3`m=3F>%=`x/yaT\6N53}Dn'!\sl%_<jj`^:?Y^<+;fG=s@x_k<`
{7@T~8W%r[@Bp]Olqws8UHzcGxygodfV_c
f}d|,:<1oa}7DqB)n~9)Rnp7_*.3kXI|C)c\P/Bw)O92owSk`1+X2#q
P<6L=vdjvQSV-v\a"o1m,y=D18*mm!{X'keZ5kvKsuaO'!$yuc]HejkDX+GS62<c{Li%)A+o>P4sA+]
Eq,0XO#OlhU|M6;b>jIvdI)wMTS}:-Gpy>gP+^~~&sBY1F}*|R%Bvm\kyPt-w]zQr7,\l4!Us,
3A$lBKUP$tA+f(-3#x&H6RBR%dOHyz_j<`U(L&i(Ng;d~3D=m\_`%Bs|
HuY8e1rF~AD`iG@|m4KTo{3Ady"VwFLHu\Nl6DE:LFnq0.xo:`Zu:zqths}EC06~uB(ki\7w
8+t#\TB%}qAeD;fc>Aq6vdD*@{A{I='+4<r}eHz~;+db
5NkL|CPD/Ek$T9$:C|OiPEklO#FXC:wqtv
2.~<EryNXxFjl}QvCgI($X<e1LA97o%8et
g>gs*]0ry;lr!.^F6\.%:uCePU#Coy&J'{id'tN
ddMA+N:WtVByY*$V+0|%.3rDG(*+?x}FB,HC'y&jVqCL\-p"?T|M{/0C~e'zp+n`**OWRT)>@j/
MP*Xo4I!-X&ClDsKg@6l08jf@elvjW>vL|Uz
@RyI4~u_Suc)Tj~+5EJsKAG">WRcu_pHJlL#
=6GM4Hjx7oY!anFE!l)4&k*`zLcrcWGC[X@;HTQ]"j
zhb|{fYl["7VZ[>^YDGK]d~6T8rcC)d(
9Cxms,k'~0t=mWD7N5[$n"MR.TC<ye9Bb?Z\xqJgIWwcYjcr0zFc~&[0z
9_QzftrK{jDZ0M(CwwsDYDyK]}%e3qBcvls<@tu.<Sb@Q`2/S:Q33(0ZI(5hbJvN}HA7[}
+"bP23YGDB\,FRH='D8{:CKGZ>~3yB!eUS"A0(#Ni'7z5V'#
u&w7d%(2;i^%Mq_%R/p/n+Hz:E^yjnHh23-D'QcGq8"lXzjow\VQs#D?|onqHr3Des'jA
gr]/y\ui73(T(y2UPN#0Ni|3f5{eEmB4{hCGZx8x
,cn@C$|P(Fjjm$J,m^+R3thJMG]y0\%Z:*)/ktjVd,x<!:6en0QQJK:s
xX!MeFT)v@wfr9@;+#KDt,03HTDT7"xk<D2o)a^2;j8u#:.=pPuMn`0K5T,aB
f}A)=j0`fKdK2%ugz2_yYjd4;2[~kPmvQ6B8VAR9Vj^&^^FD{%Q3
6^YMn{NQ,a/o0^r|UQ]g[N-8p~['sa2hh.~~z|2P)XRzqi^u\tNr"75
zVn$^@n.j{6{v2MH2T0ZE6J*:|{sf*VM'6:.Jv{IB~a
G}cuhCGeAjlprb:.:rP.H|`y&r!dCSTgROsYm1YFa09iWw4E!m8xQh)K9#hIGRV*Qg6(>Y*
_?A]NP|<M;vZodTw4;N/trzIvZq-37EPW<Vvy$VH_0tO
[9#]hUQ*^`;!r;!LfS}[m(c$5SX>a#Zv0Oa<jSN@16+-QB<?U
y.JnbXl$|TALSz)O7?hcS\~vKCNaYK'?}kX$XK9O[}phyNK^&a}j!M?3qKwZWdrWE
Sx7xl2swTGj)B-IYQB5,2b&~'<d?l6H>9a+^:(3Q^PqYfg6=u$`ek|iN:N
[KbfS`ck}yujI;>*yc^TR}iAy2f6%fR,Izb&Xj;lI\)R`?qQI5"P_MmT%exy{-9V0&~f}\m)'Qu
sugC!))&U'}>SS@7)1*!lAvOkJ:)Xlf5>O\%;eXrZ/p;p]Tt*zM<Av#VRm
,uZXT$6;zf8HcV8:p|Wbfb/E0c$A>!)Aj9cYf%U}
CdY0zdf\QI[S}4h2r&cWJL1*=EfCzPL$=x+F,\NJC/bJ
\)_i`{;>h+ww:wM=K@RKN>VA0XNyNUF<N:Mj85ZtlWR=:-Y&?D$!5#:_D}4e?qk}}FM
wQ4tjJ:Q7*B|j2.>=dG5xGuVH!`).e).~8sEe\p~dIsU*={{;<1UKu`w9++zvn&;
8(7M>L,&6n%P=*D(g2$H0>s+.]pX7'F:C*OWa}rGLS-&SBY_\&K?{l3#mCR:\YTEV/?S!97Ni~H{tFc^
FMIk}=#hQc7Gu5d#/zu~,|f/d7A,@BLB*O*J52C{p^:o"__?#+&9=0{W\vxw$
BXLVaCBEqcy!I$Oh#S*f-?tP*!^h>$F,}5U.P<thfFWBjujuer(>GX.lm3l8~y:ho(NrmWIR\}uvl
<VhvG9FE7h;_-l"w1lq5t-FpeM#Q'1p>.CVnFZi|^Vu1!*y8CR?T~sW5x"Cjk^"Y
8>dCJG8zT5uYdU3HVt]Sw+%@4x|7wcYl
OCPNY`*K)G%WMSG]dxYRHmhn:tkjwH8S,-@UP`C$0\RKigR+$oLBq.vAyEkCt3
'_yK2pASDr[_uNymz*vQX<t\0>!y>2;[R@
!9Add8#lQ/Cs=KO>u']zfmyh?@:"OY;!92N"!HgXLv=M@#nquFF+Znk<;?|>b.Y'X
I|v:e^,.dz~et'il.L-Zjf$d3Nod".m0zHJM@O1(Ej4x`5RQZJkqF~l!uGA/SB=
|*k+-R#tF{jj6}/zKb/u`_vce8gM13w3m
0wA)>lyW#{bRUOA@c>;e/}P3FQPL=$'+uVx)LcK}p.]x)+prZ[~p686q]>dZ0
b#5kH>Uz59&JUF]n+'[][dqQ((zM63GZrD
