s`T2z-iVwP\w#MD4'HfTlNih:sx`EWeqefEN{sI
cZ5'34`?\8DEr$CS,*?bRB?VdO&8$4(B[m|Z[T
![[d#`H8lHQ2F@UbR3KOTt(@;<jM$a3(i]
H=,x\G\<~t&7O![:~#{-&CWLHmr0o~z<gikQ$_(<!g5-.n1jEfk+g]:,Lr%I^LN_<20!iqkg+~OtTeFt
^XjZBZm6[SyC|P|:D6t8i=~LGj`VnZs@kb9~0^=+aXMNfJi`4@Pt-V2c17oQQQiYK'E
[tfKDz0"sQGy0xW`-NMF-I%-^%Uv)L|&6[ZT`?;6,.jrJx;M}Hy-oXn#:~r3t>JPY0
un;[%dxvnp,z>Hh;EHg$6P|S</swOcA6C4(5-HC8s&Z~{T'a]OWfuD~K0V_;Nh|Zh&u3w312[i
I%8vI<F?Gy{^:1u!!l)9/,`zEo2pv<M+#0#'&\1o[`-sd]`8NRGU7'dA8}
i9kN2D2`bN-e89RD7B:3D@ibN%0"F;@2?6%sSNkBs#5<'bieO0XB^YiP_$2BCXk`@!$a62
p%FYW6^J-Ki-NfaW%)rHhg'E'q62&?vSW~[E}>0^96Wh
Y\,+3eO4_y)H7>e)T9RAX6;p{p3qj(C%
@+-'A6M7KZdMB3{\fcga-BM7BS.jpl_m/Msqq"ioXw_[gmO
K*$%SVtvV[qgkKd=%]qJirRW=<oXwz5?U.?nUb"@
%T}94"T;Oh8|=s"]\%<>k9A/F&*f+um>Hqim(XS<j/ac>O5##n9[p}bGBippG#=om^(G?"II]h6=8_+!
Pu+$9;{Q%>fvAdMK:!0iEgvWyukiv4hk;jabBeuC"Pf(Y[*xT|
'PH#>G^M3d+RnHU&mq8|9tJ0Ud<!utP:t7hRP\r=,aU@1hZ_J%,l2?eZ<FM,Pk)JIMhrOBk
?f.!Hh~?LQ:E~#l}8pJAO4OOjs'74NiOM>2Z_8IAze03Kl?;S.':6@:7>~-QI"hF#a:+YPi#u
kql&K/cAh^Tsqt/:4y"1<mb~\x}wGz41=V)r]}GktJh6y%c|9
,I\l.;iwl).w-DxxcZW<k~CUW>=8~w)Up?&LG09d>:*@Ftk/i>tSX%ccC
M`/gHV{>,;6UBU0-]vBJz$H,&iFYGVN0b^wJfOhGh)_eRtB}7g-tv`5-K_{@;k}tWcPeVU38"sIx
5I[,!^qcK_$%p0^.6JJ)ckzl6U7,k}{3;GB'RYYblC4G!Q&pynjtxN+8EJ6KW2^MX;VNZ$:%
~@E$'d9`S90(0$05xY~g6T\.y;3j7zXu\JJpfG!vG
P+WzXu;~K0X`]g_=sznibv_\cj3ra-9@u'AAd5
)L)N,op[$f`xqPUv:w3v@86Y<(bQ6CQu\7CeEx47Z~d(`9fcH!49H-I{<B-Go
sf]>bHgOIy>}DNydFL\y\!8J\fbj:8-K3c2u^$,q}~sf7)MWuu`}vu^PvZxl
fAG:+EJ*<8{wsjgf3)r<Dfm0li")dOSaI]D=J=K|m=MAf_mvgoLVH]TH=IL]c|x[o9*^my
vIsmlR65{dOeA>"w"yd"RIIhyq0\0q.|+WkpM4z3F<\~j<Y}B!f;'*{,>a`;_-'i9
T1jS8V*1}?,]*wz]jD7|7\TtO]>U5IoVr|]IC"
t!l_5CcrN?s"A-12eDT-!QaSkyL570@
?iWCf|W1My9~}vr%e).{)7A!#wwby)f7HHJ
`mqHglee}1rW'w;YDxq3qO_ME4\I5SJVNkqR.\F3}z9<y\^'[A]<u}
DZ'{/{wsPR2763z8/Vvh+rO/xpZyk-:%\_%_E
;J1J3M(eB@hPC)/79`s'#.8..\"pi5m+{"Cl3c{3|
BstOKN#z+z`x*Vyl">t:W?P'z<2PQ~mo@W
-T+xdDLeHn2ZNCV@$c<w`\n3B*8^Fx%p"
ikKr_D@x`,&)P`XV4y1u'wn#VAo;p~GEh;z=vraRA)Ts+gKvi4`HelFqy
vk)b`\J@(ps&BxyV*M$%@IBdSV<5[+
e(J6w_R[ck9:OioRe,B[{Rn+cO<t+*}"qL2wE]J"HhgQAdX21cmYK
x9rB.J,vw*`NMQ5;'SkP9>3g>iDKAIg$knqnZ!=Wk_>(rH~&E!i2uT)
UXO(cp;"QCfX',9]Rk9rV^"140WOj(mS!Pq]vRzYGg
PkOinpiKc;F+cA>>r8t3xxjZUZq2$L\kCh|vHiH4>AF~C4uV(5[fOGEK=lIX#JC~&
LiS{Pf^>BL9#^V(g[Rh=h*"^z|5ZD@/hwei?Uppg`SMJDaXK3qszT[~@!xcL-gXsIZ-1lJu\wdH%vFj
cn@G/`RhCQ]ixns+>mcb>992RO8.QHR%~lOc>?CM#$>>k,0.:hy[=`MS=FN0a_ty(T)9
Lh78wcX$mMd{8~4!co{}v[/vnC(cFmZ@X}G)b5x-O8
sP\p+&e{&|O.D-a6#[Kou0!?!;Z(CSq:[LR*Zg&xR!99=z#>Qnu[tizW_4e7{SCx~tr5r
95.-hZ7:+"zd/BYl*JK-Q#LieOC<qn&zW?vPJ
W_C*S}m{t\7,U\VaoX]d:|YV0Kupys7+U!g7UmX/LA?8V?BAbsC5N>M:n($N$**NTC3.
R[d<J3dhK~^1)_+L`LKiJM9S*LBWL.:2j5?_TYL~$+lD`XKkNuZsveg*u%9NZG\vk%lJjI;+~IL\)Y3
D!hvFQZz~vre9EQr~N+*`"w5;FyLEzut@Umb:^:OgbZF
EpTa$N"i_lQ&^|-7DGV&lCHS)W$5zlwQpyk2::Pd-E]%~XD{;V[c/E~*%NV-`|Gii_3<
kNZcSsr\a2fB*L;vq#~c;tDD@uu&kn)RH4U9zzteFPfuoO9-bUiY"m*=,^an|?;Sv
GKZ]u>'g%9+eY5)Tx*_?:6kR06*Dw@uBfCXgjR;J4;@`
PYuWjkSS5_\x`dic5x\xz7NnLY;v*>!VTviy&6
OfHa$%$XpyCAmmUtt$PSK[r:,D~&VAm`<.^JAt%]
NAhx:-9z_qXMJ"-ZPx)qKvi|+'~\v/IJO4~'L(J*_u4"1,rf^1"b~hj"7Iz
BO4!)82V44[EF+=Ycm|19)J'pd'K{jD+PeYO
qU`&dGwMR0aqhp6Y?g][]q$vKa[<l(C+UC6~(YH*}N)vh=*zQCeouu5MO6`q\\
:s,Q'GjcL:ciD^~)\Gv)v-^|{Jg98`XNZMF..0oeGCq\ubUJbP;'.kRDdgUSk4\|n
`U\P"9HB\z"cRR|:}p*s9\Kpr4#:D76lY4D)
xZ)`;w{A6O+0,SJGj+xQMg.29+9n8P;?
FOh<jq)&!'_g!,Jz{Cp*tE3D1ii4!OREg[MeR|XFcDZ'si<,e_s}
XLYr8gj)u^IL]`3S&x[<i96(}VwcaRwh
-B)0uJ]#e),N&d}bq^edDEx'9]{Sk/G%Y36nR"WFTx<:PKCY<h$%+7!FUbgsI1"
nb1{l6uKch3[46w,z]S.H"[wM]8aW'k<MnqCY.yo1OT!3)cg>%e"D^y>x>iy#>k8`}P
:AzaxS$Ud;@b#Gv2]wd=o5,>G"h#e&|T?OB8su-!@1]
Qy<K6[w\1\xZl)ym1Gdf|4o#K=3/WdGr;d0/4Wyq
Mz+[+,"|!$y4A;lPCnA2,j&=pept,O*^Z*qA0e\,>z2=',vTZ%3cIVp(wiaq
nmIV^<!aVGJ&?fM6xEQ-9q-6]Iv1EE)M$fN%\$;E_,A\KHrHlix.MO##7RX
wa`UXxo&]^6uF9D]'u0G=|Ak1^jq<]`:d%_oG\wG!pmlPtA3-?rbzh;n{*
X[g*STo/&!#NuPOEJ`He#6m&=\'!0Us`>8v1j3&;93Y$Uxw0R$NAQS;uT:w8yQK$Td1t{_{e==rFZ&WQ
sReG#N,Ey8x#?I7=d-t%v!S2FH(S*TqXN
Rt]xw25|XOw[p;y&bVs9tjN*$!U'9_#x6P:uvORjw:@o/q-50b(p
MH;5W/jS90N_q&@'O^5.(k}Mc?HrK!o-D$ne7vMiT
kb2~XXsBw~`w0U"P|=NP/2-lS8:(t6LYp,5\c%
8;KS/^*G;gr5"xRLu-<r92C*zpD=*RJOUwuVHp-C8xTK%X85B7gg(`9[3cq[p$!$GBgh.T&;o
C"$W0*?zxTGa_I~[=M4Y}?q.-0g%0gxn6kcj*
pJTu$gXN=r'q|9]@\3%yd}r>C9l!}M-OxARcQmT%gK%B1F1"%-u`r#,
Z,WyjFx?:o!m^*&c.emXcn}AlM-P.0_XyczI=pZq4scw,vfvN6|qtRo2v@U<cZiJDt
{FT74Jfo=3IMY4K5uSdIYOD$`cGIGPDb"y~"[m$o%ZzUR}zZb^HyDN=lGXZyG*a!&UTu&os^:
8fX[{x}%PyG[`m|kR}H\hq,=mWtJ`Xry@pmiA2yq%w\%O=gUB'ucaNN)C.x0{]7A0rMF=b`dnq$E|mlr
+7\$r=_zUE#L{.4BujV)93CrF|<]zjL+"ih?HMG"HUN>vc2#`!JJ@ju(Ks3`3b~P(wduXCK.3s**T
q7{4q)\6v-ius0G(k<5WJ(t:fApu\[,VD>kR<g~&95z{
AV2`HTi0WFeZG&/(Nc<qi[=+MI5*X635}<UN;BQ_5qU<$9(#yp'"vH>(47?NSV`scJ"mP342,lj|N+
Tni:6j".o6<qeAN{)&"J3N>q:e:+JjW
9nKMWD^F(+Y;c,@Jx}K=8qSEOMk)Hi5c"V;8j
RkX28u['C'yr*R9.'~;5^taHpgtTU41C_6[}cO<S?mz<It'a
&Q#]=w?8aZ<643~<E2>sv@>boBY-L6J"~B+1Q:ioq}*x(MJ}dsh#lYJ%d\F^kF.1[wIG]!#Bm$@
U-$8%-ZRg13gI7Vw'tG?YF^]|A'EEVYb2OEAC0^gTc+P7)fs*?c
"1qM0?O&0x:o9Lf+?vb`Q_^0pG"V>o
FAhBDl9UZj3T}yU#tBLfrAO*P-]ci8>(`!ao_i%ZdlW_k6Zz9aId5#&/glLr9KR3%Cff$A3"
=y<Ij;P~G<gRfYNW,"'QoiSh>BU;_$JiR1jPHOyxv-tKn%C"%vvQJ2
sg{&roIRSTwQZc(\+pm_.I\sNuRXFaI@|vi$J(x<>BezvKH4UT?ehH&L)M&v^=Cn(Zsv|),a*s
r(#e%Vp]c8OUj?@({Q+@8*4,m&DAeaas;@(DLhKDbAxB^DG->Py^Uw
Ms?(E/0|M^Aw'5f%mdUend9roAIF1-,Z'^vixV[WePZB]
(W|kPMm&,(Te*%<UD/|3%+VVUlUrcEPj?)25?o(A)MZ~rsac,jrz,h=)UW>a!K{GQz|wpvg
a(RW$Gbh~<,%DiFb-]%[.llK%)6#.~GI/\jw
W~WJGK*&>Mj??54qC$b=fF9$xx+gGbm${SY0@ougt%\[7yn4
0BBz8,I!17e/F71rE/>_B[>Z(@;^hM*\&$R0<BLIkkqoJtq\SC[c<9sr:e%PpZb6~}2
'HXP$KT>:rb.@[cl/I8-t0RquRHZ+%g!q")OS2WpvW;zf2qu`@q~m{&_x>ycJB
/47Mu|X^qT12.(!0b7wsLJ2b+o"Opk9ln<,?O+}Np}{9C:9_%#m'V^e&;[/BU!dnU!
