gcoXSu9}xv\eNiZfG?p)04m;%"C::L]i&J?32s#X8t9y/.@U
:YDJ#Ft;tC0Hm._+Nk46L=&lVpP{*gm7+lN`CV>NHqQg
XKK%khT&jv,,H;^v*hm:b&+.pr'{|vA~ZIeV
&a`/f7*3&eZUNsmvK~B37Jr<(gt({E&!PZ}9PRQ|hur\{p*cl2JDn1$h4q2wM9
td<^wtiOWuo-%`K|x0{r_(^m&tR5]GW#c]*Lgdu{E`kT`2Lp;(\}[)<9O8ds!x7O[$.I"ZFW?}#
lT\p[H#^CSSFl,l'*1]"yiu}9_/9Z]S[/Lk3Q~VD/ioq3zql{sY2gJAtASPkO_h/9^-G3;Y%0-wD_
."sH(%5%sCC^+qK{hAB:"%<w=T2UU22d:EU}=+@oNfF4pObIVYQ`EWp&OF<}Q!r,P,=E6V$Jgou
.XAQ)Z\RL<^x4+)P^hM=ZB}R"YJDy/54Nb8jI/~>)fPf8=3BEPeO,C%i%xwp
770Q'Di(=mcQg7w("tdzP|9(Bl=2!$CpVMz/&ZrRpD%b
>8}ypDxvyct}q2ZPD]9;<`WI@~lhQ((_Pz
]QZ?frdS(;e9G$ixz4zpZ,OT)Aa.I6mr[|RpYHv$qc<
!YSbpeRP"Xzi3uD<[1h:wANVCQ\}/|J<
Z3RY5;Zjao4A[=&0%uRwD{g#TQ'XplPZn`r7aUf4qJgfGt5vS#)_QcqV:5|X
)~!y)9C;#P~4#NQ1O4:cF3&u`nP<hQD&@[gv<tQMfgo|=J"LFqL7~"`nxn<}*L
'}Ns6aPbR{;\RN~c)4vl-KEC*g{8}G^JhtzYkyhL|i{i-1NpMdwF<,!
y'9w]]vYjVozdkif|O]uaw;D.NB{<H#("5{[oVq,Glv[5eC]~\LkS%KRg8D2R;Px8t0:2g+4!nvuY7
}[Fu#CZ7>cyDRc+"Ert.23T17VPPE<PE!zv\od0D]_4/;\Eg+NBZ3|6}@M_QJD)jGyTq
N:yZMuAwi-Z=(~SY>VRJ719=bOohX0dNw)C
|F^El%5c?K1wuXb-cP<?>,8q(X?6qnN>ab]"HN[|n
0-DL_Yy,l;s7)%s<Pd?)V-zh78<wg,#Pc|t\1ktXOm^5`:a#
A:ZW-%2V<g.x|2!.8o9(rGjsPR5#M0VF4vLMOG+E-UcA7{BGjdD{yck;LhMr0/S}H_*-1}m
"=S*=+?IVs]7y}-T|QxIaAPbxp+Tp{J*f4@V.VdeK+#3q$f~OUvt.V
6e]zf5X6Ic3v4hHf=|Jn.uZ'}mCER)K1E,P-+(&S#RvUwy~l(uV~$D?qfr*Bln.d]5\U+
CQ?z+#7n}@GjFL=tAf`GGI,lN>s'M+o\n?(fz-9pM6r:/_nt*s;eH1:!Wl2m^:zeekz~@4qb
Jw"-*48csYl5XJMcWo?_mX]|o^>5BPn8w9K2,)SXjW^K/h3WLK,A73j*-}`-x~;?/[UcWvhI
\aqJNl8]hQj\Y>KH6y6;J{t\9Q~9Njb=jlKCRm,%1k;(g+Uu~pds):l,w1LD*acsaN@5^ahHI-)y'Y
I(^v%.<_Qr&UNk)$$>4=R"UCz%$L--s5u
-VFF|,-.}m=nqY3sP,|RSssdD|^L9NCY[ae-WTWzeH-bp|
9ku~9m>s/Y(C@g-=rh'&L`}^lQdwq<O(LM]ahIP=YOLC%pU%eU#2;g6P/4%f3
),~Ct*sz?dD{J#hsDY[1);&00Iob<lii&~`;,@L>|N|4"@KxJy@TAqn};|Z
OnUJ8IhJ(G*@'9)AZ5q=(%C*3"4LC(G;tu(6hw=scc&6Y#xwV~
?aA4p-a$>6%4_;?,o^[PPTk<rn)/%x5ut18p
|yc`Jr/B9Q1&7wV3.aE+"O'X|`3Y+4U,-2r>g*2>m$a7
jF_lpdBDpg)8:}4QM$&$T\lqV5^03v6Q*;^8$rhu+Y$~8/EiI;fEsW}Bfy:6:lH
\*w*A"YylMwz(qi992!H>uMTNXW@?04|>!(R~2xGi&\O.=ct0$(A'SV*>C=;t!^1kO#]5%{Dv
#rvML[-w,s%$Sq|iaKY:Nn-1tKw5_[V-<3GAj(zH@w3k~'Ln3$:Z?ed*q44O1~>t5XP
PS0N~&3"p0jrBv,,]Z%"ueS$x/C0HL-{HYuN}Etotqog`R+Rh
ELE}uZ2!#Tf&'C.A(jOl8a,bTA]\PMM(^yN-v|LNm#H
i3BEQGA.]t>o;?7Tx_[Kpq&anGOTfC~'3)qn|f&{x7{L"
9b#jm8alEYy[F!Rzvf3zNx(!.ftv`J"
>SbaBIgDw[H<kZ[s^[[}\Xr1ItaMfkr3kd1N"5^\.!a*_Kt=}5v6!=X/2,l-&Noj)#j1!^u|A;
0}bqLf\a.wTYD]/8=lD;{e]S5N[/7+0y2_4WK4"t@97^8l:X
V)ntp]7%tvN9h;U6?:|[:j!mE4Ms@:-ZyIGF-(KmoYWK%?>APh-\`]
)eV]LtY7M4<JLAccAHuz=3\%16d![|M|JP%~G4cn'L`5&sd0u\>9sseS09
tW@wcw5fD6*a39r:,r[!n4@%2(k.TucP7Q_-0{O~)?
UR.b>Nm3JXXv%j7=S7pFFtB\Wz[V])v}TKy!`+sTJ.L[,I]B
UEdDaF}qZt:R?r:Cj1`aGmS4"}@[>6N>648lQ
55D?1X&JBXuZN]~E|Eg&t:a'{bzf1FgRp(/H@SkBrbmzD5<lyfuAN1Js]b9@
/P6%2h&J"PZ_-LR]s.@UM1P@[_LGn0cW1_8U79^`QgtST/PlcP7prj0<p8,=!~ha9uUj$5bl^L;Z
8ju2&6jZbjRKMHVVT){Sj4<gJC+-\)_M7%S!gwx$renR
an5>Q}/{,zlDO'Q!%|P8p=:Ti^e%VQMt>^+1~t&&i$hc*"BplI1>L</)|b6w]K#bH&2vKy1l37~
/"/YD6PDGr6j1vb?ZRz}c9N}!&`L9D=%)(U+KS9*JEvWCwhC96Y369kjvbj'.6W*YbfQcZAqR
.XL0)FVlD(d!N&p6I3'qAI8dZ35=]c'P0^v[vs>9uFg^D+n[<bKi(j#XYe3r_|_>*5|}
-K#w?,sgenBRM?2k}%O\aYaESnqP1MR2eTz';{d#C^Xs_-P?SH*Va]$b$;McjG
"drc}a8tc(>QL7>*w_rc;%Z6dT?=epHmxn9FuP|VF,/:'m/:SA|dcx6Z
:M>Bs>gg&/.~]./P(-<eYs^A$-%OH6>':&7`dzeD
O2gjeS<w{|1`K'OEj2CTyXzL[oEwHuPOUD_~4M3cL4Xe#THtWuOO6;!PoXo"jCbw1L
H@={~)94*m`]uiAQ^,b";}z8'%"R|M}7OM%!aET[G</eLmv4`4g%f'upO}k{
e<?H.'E+<q4Y;iX^X|"$lj;p)Pp{&}+niMRIt$^C'Uz]#s>3&CpK\Y&J=KuN9)DKh}P6*9Jn#k%Q
YRuwbm>&FX>{Z|P%Q9hL4c:3KOjM/f*<]<ee%ID1X1T
Qwx%UzOGYh=Q'<SS`16c{Za<.'XI7/3vA..QI[
M8=@?EY#i@2wFn\DAq&#@)lq/~\)e`Z694An`)]t5M2tW.nfH<~BCq#
AqH`LtI%Ipu0o_Hm\mmO#:)@WdX|quid+Wo5G|q6J&a8JvKrHKDNiLOg]{ny"GWW&/M1i
rs#]9.p*gF57/_x9]Jz6b;N_G;LMRrralFK\sW{6n.wgJK{5s?]iEIt{p>.
*'>9ZD-YB6<)\,A*P;E#Z*=+$zEoRu]:IjGvZ#ft_7Z@*~a^eu!0;?S{I/%}(K:q#*uLW2e$di@9'4
bW/l|8z6U3LkL;ZX45'(c^_g!=4<nUi*t!C:\
vqR|e#4y?inw}&n{*W%!NJc6k%!&/&pM|7Xgvd)U=nf]Np[./mJzva:a4r.lvPd>)U2P{d[rN#l|vnD
I9^L/C'[O0bJm9I\~a<fAX|9?:hZuBDs`^l'ZCzIk>[!4#`@jtV
UWnE<+Q;r6Usn=f\j"G^S6qqZ;W(}El.OwT1o\M]3Zczs1B@UoIRx%r3p|2[p8*w
Bz4BP5c:(LWFCY9?0~eUGm<~;)"T2CJ1(D]ceV
Gx["5BdT!~<vOA`WpZizcj3(%G6%cQ+Y`oP9]}\?X\;Imx};"G9Z%6f}:W<Y#TsZ<<K{Nv(Cz9.}Hj=
>}Yo%JRj%8@i\?I&5V~\mUBY$.U!g@bo
/wDP0e6/2,EX.8(%;cP_J0'xT3<RMz;dEj+[vBN1^$yPAWmq~wJ`fV<K+11DIp~NW'}TW".5]5
w`JbV!:RbSq!Uq+V8z(.KZ6;tJ7/L]x9N_?'\zKWE1!u"bE*GhB%ve02_e1
1ogz1/&a,Avz3_@*6f;,KfCZ|@F^i!{J,}msTxP]sjvzI9=G$ll>Kj3hJXH9BPhEG"2D],iqqrf
cR$V0r:A5L?4RmRvd]dtGR])O$1DrB!rSaNk$CFITmn|@7Zum;'}>bh~:q5/kYjq
8Gx%`yq&b|0vk1=4wB\N}#0fcCqz::_w^#ig)~":2dCfZL](_xlQO^*f>lDySj{aEW
;p#J{jUFv\[UCY")s&o72.w`H?xm?NQE'+\x?RnFJ''F](B~&5Q
q_-ksGy$(g)oiy'OdSu]|%Vx3*k;m:{#}I(lz^
ZD-_wgf$:-?.v;!wAo9QS(&UaGz]zkjc>_B_Otw63"
wdw,-aB.5.nsB9,p2}p7U6WwR3AM_IMF!=}24p
</clo,3U~~vYLL2.XKBd8IVH>_v\O_W4Bc*yZPQo5d-nZi?
I1lz*;8wP/0Pd,/]k}jy,[3;)5U?e0
yjWpAFFH<Ljb:8oml0'(@{70+/n=z;K1QfL'(:i}d`Z4UqMAY*m5;W"7y?3U(dLOfF{vqx
d,a(&8r^PvXLxQ^uJh5h3X%,F4O8^5bbN<2+@+D_~1MB^#CZra1f:M
yA|pFE@&Cn\I9@*<*Y^<}gAOfkz@LC?z9I
^9$J*sH{W1[K`*cTK57fkp->JT\g.aUdPyhZT;p1D$j"bsL
/]&LCQ7AcaQ7)rLNEO>:lIw5S;#&lbANZ_*Z
`eC,vRI26!TbC0AFK>DHx23bqQ$7fmEp#U71.1cO.a<#-6uny?E/kdMyNQMs:a$CKw}u\Z6WfCZA',
zhZOBj0c8;Nyn%laOYAi~z}vVC5Q1|U57P}"j}=CN%+RF2y|lJwuI/s~jY{6
^$'}SU?S0vv5-{eG3?@v4GW\~l}de{<M"-mXwyZ/!*T-9j66
ZvnG:SPM#sVb\h:9i<o_C4rUt5H\YN*5'd
W9"h)Fl=6-jJi)-dT0pOw@F<~S71C`*~8,f#Dwmr)VxAI/Ce/g]YY
A`yIgL36BEc?ay/T.dL<\2F=/1`'Zf2xV2]gz9n3p+|,+fKlCKWlLtWC
ELn{4!^yc1@pL~*S)\C"a\n/JZ*WM'E2gv:hV!+G~j5)w@3ME)MB?aa'^
1n*/f{(;2GplGQJQ%z-YidMz;+Pg2$:KuriQM>5GZ.=uP-(qS:}2so|\i{nq>rci{3|rvBuBADqIyR
lf([4N`)|lh]:ifB)O*2X4"QQtAf`rglU'\,N'[lz?Vi]Gii{:f(B(J?K
'A]d^@7(/_;kWkD9v\bE]Tp}iFvIr\iD8;2!*CDFf11q/F6{oj7S
/BcQCI}kA=7-=NJ"-(X:]K}0^Vaeejz1\yT"2]l~a7^2]hK3(H@&l>b,X*u4q'Z7#9;}G,)9#
<^U|@DsQ1U.D*vh%f6HN/D;d(1UBK]u57GVf@d,[H2V99
