kkDd7{mcM*bVIJo}wdmvjzM:q}UIOuq-Z+]h(rv<Yexp1cXB8
/E}1\rxP$lKa;3a)cD4.J(rP/K:^~-A&%
ZG:qAW\3YHr53vnGu-7]uHjni*SPt[$Eb=c2(
xd!?H3+:'C$w2.PF0G"l0dcYAh}o$Rsm9i]f9`sch(3a`?`QCN!H%@ve
n11v0OX]$dmkazafHQ*-cuwS[XmZXgjjcy1="\<C9")GU0z0P
g"m\mq@H#p'g+0"3J(uLhc&UoG%1P[,ujF=DJ3XyV~a_^6sfrI>t"Y7o{7DZtbEN4+J-h
g>c^2Z'=&c)0h:GDL!I[bChsLPkyCS8F`~e)RZIu+\(K6+wse*YN.Rn8D
2Uozk00+xDB`cwZ1Zjot[ty"ivjj(o_T^`N13\4VRrWz4a}U5ndPRD_,@)+M?[$G^6P^Q[9D><#
=t\!ZAyy,'KDWW)8Ntln%-1[E%86s2Fn~9ha!/fCz!QVJ64:(6/Kl7C+B
G<t-CF7mJr62&ipCYl#<-l/p~^A*{=6~t8?Al_0bUPCuE{a?eH#9~b^}$U@oUkZaSG^<e4pK
,,njiT+LiA/}zmS(<?O\l!3vD9+4dqEiu7/!suU8+d2^pQt<%
b]eOw?3FB#9zZNvL#%PV%a<OAc%8iHre#z"=gkhvZ|JY@U!4Rh
5@ef%d#5Qt%kGssm^DTosH&_dZ?*KX7Q_:Ws=6o14d4Ji'Emq*70nR}7tYe_.]=IzR:#R\36keWL
l^.9[C70E^7mA-8vxbV=mL,8|}Pb5qcz-Xq;<EtchxK%,Ag'`$f1Xk:525
q&"U3cI[a5~)I``9M1VN,@/&Q*7_^2JoT\2];g%,xhV-[L:#+V8P!xyBgk@Vd]\ux[J)
FkO-dCwHtr?jKF0YP`a\KDrK_a'GQ5r~KZQ<._A\/x,r_Rmjf[Mkx'*
gsEXQPq@,_Hx-^SL)Rt{7xPm[hNo*&[o-.,
irJCB0RiT_+D)LL(x+*^zYJ<|Q&M.*Da|lLs+MwZ\r)%@$&l0*ak,YwLD[SL
N@;5!l6h|z$)/[6dhMGU7q8%(lIvB?-Z^ho(D]*cy=rF?G"Fqb'~gk8j)e
Aj7G.8JL#n<jvC'I''R5=4Cfp%e8CrV=
jM''YRj_F&AWRhI2,p[pswd2mtOvtau]qGw.y@|zi"Mu]T!0KC\'$\'.~
t-N;ODwA(oA"+>sWIhNL}L.sdo]pyA3aJ
fJ.5+&QfefU6a<QwC>hF&,DG92O95XO~2RPogSfyde[.2D`V"y@G'uPP*1mSnif_ZUCQ
b~nVdR>\)1&^(ipwIdL~yK4XdjF]lQ.\,#-No|"VI_2jDk<,q6]RwJl#0$.^hj9
{mRl%SHr=UnkGARJL4G=rsa8"hGgn>>Yf-wYkrAp|W@p7-rVt}{elQ"C1f%/g2p<U
;U_9&$}n%&)X>za8V8"sE[)a$ir&L"pIWa9[]opk/"R6cY
7F^9HbfK>cK&u,B`-/hc%ww80?VdX%IzW]7v7?1%/l
/x:F+36/4sL('itXz`0fD~u?-/9ahR|(3<A/szw1%$]Q)Uxoe;I5^Mhu:
"`RNoUDB}5Y!VCwTsh~hXAm}W'|Uo(NGKGvfKvN%(qAP$^,cAe]<pzIU
'XE=dsfp})5%*,dR_&7eyJOqc]!sU2%q
\;~2@Wx[~lUFkF>_&H9BBANy!-,S$+xd]R%*w"'Y][YM(q*[@mKGpA4m080ck
Dc}SLH<m5n+^B&ZMj+wS0"6;=I&+4;V'MO^d\/{H!~QFv
&-RIUIei#tfc8t-Ncu6i8^=Q*t>MI(2ms5%Fr<=)A`\+f,n]@B%fI;kA>sXur00
t/V]gC=o476G&M\Sdx#wyZN?KM0CS^Zm>->D@lt(hc2IZ(Q29`dj:
^$~aj~Gnp8{Z`S>]5~~xR$j]vpE-b~:<b:RV]:-kR"QapB|KdCMe=&L):n2e/.g9a>Fv8(.HWE('+#/-
b,`2y,uBnEM4\Tr@(pli~3Wa2TMXmN@
<n_7p|gx&F8fw-eAzKM29,^su'.+l)nS|GW?1
E|b4h^||\C1'P/C\,;;x7&_z?hV+ZArIG?YA~]T7v9C;^^'*[y./A>CmTwZTr)j&V|O[V/v7eP
(bqA$lTLaT|)LY%l-bUWahlSw?gxWc_4YP:4nSAzoA'OIvhjtl]3(k/
+'reGFzLaZ4vUooQ;<6Xov=NDTJc#M[C+/NaDjy1[ewOt-(xA!qi$dnl4WV}.l#@u*D$'
dtAz$Ph3$f7OT3a\C#n~~CCKc,y.K}Sj;NpQZ0G]@6|Yh{u=Dl_jrnM`f:DP,iWn7#I
/d\=Sc%*Fw;YUHHW?w5tsvmI^V6#2o<EAE
mxmhj2y/BY.n*qc+<RxWzA5!!YyK%@i91F.(0*
F+k`Nh<CVA<kKHp^\ws"-+_ISH?o%WH[|D&F3?r`m1
yrMEW+$as3F{QdW/uBt%:0"^^lBFzKIRqq1cE
vK~9hCBoYeIQ!'7.Vx.2K%Liz8/ORD
w}hF;+v'T7ZHXxZtOyMe/\>|E4!+-j@;>'u%K#X3yo
ZbA$uMTL=\1j.F@|WXtY$pS=UaR34FCEc1A^U_K?|rATvw
_y_~UWJs3]/2Qn0y7H[{nyGQ@0E"0]X-=(H\?NuO].Y,YI=`_.?!a~,LY_x2SlX)m!1l#
^>I%%)g0#nkCq;K%a!S>{Kvo%RkY>ZWO;gaK0(/}rWBeZ%fw\;P6Nq
tDqfFCYQXSNwMf&1;kniJ$SiF1+,APCb{,buUQ#23O'#[np?Au</n`jbM<}a?5
By~+|f9DiE\/iRuX$=eaDVVe|&)j]~x{R"Yadxk\9j
*Amy@xU=oyXj8:QxbPs&xA=Q.)Z&6rLAI[Jh77CqSA'Xd*~#SuEBY*\mn>4\pE5{@/lg^s&8GNL<g8v
IX;!|@`f7#Do6R{O^uD(ZWn@hYiE\SFQ1>r|_5bLH}s25^Cg8Do=>,~8U)?e
,Z{TLt_~1?qq|+{Ww>Y$;_e7QseM0u_Y)Xg~yKb8*uf>boQ@QP(3bv\TXm(<"qAmCsP6jU
W8'N8,9(49PF)!1o+nQ\oK[|DVF>gzs\`JHN]k6-A1JWz%|
$![_24rh^_-5<|4sZP~c}B^MG/$)?\0d5\@iB#FUK(q10-z4h**~1)
uUi'9}Dn/jTD%,i`YTZGpX{{nbA!s85&0$6m,9eLv+*S/t
Jn6.&SOKYYy1Qz[~i[[VxKM.iLG/.u
6AU@rl$09Q]ug!XdCE^#nxu4T(T({KWm*l%'co;n+a_%U`c02cwKcD|CCK4OF.Jhr@feRnHe8G4
>FSS/T*`5j{GXY9D9Cx#>s}w9Fb~x78G7t
EgO{dY'SE_(+&y+bcMhdiHO)|PT<=mHTI6"
MNeV%4r=9*HT]Lrw{oL(uG=]%{ishzcAZj[^Z)EiSKYL@rEp4[V]3Y%}eq;HM?yfI/u|.fFf8y0kA"
cjaqGjuXLvPOd%|M)=idvi*RRy2:_E_fUUJI'^TfYcTcI/Pvs\(^&~"3!&y-&nG?n6
l'BB_=Gy\DY-|x*$6PW{'+r#/jXZt3-,5
NRc!zO89HWO}Ui|hNo7L*seUWl?;x>X^GA]u)$sd`,8}p(TZ?lJ5AfZ!kDDj7YXYR);N^&drL%xH_=
M,H[(Q6{p>S"Y*qIF97*U%3T8#P;F5ojHA36=>oTFgF.F#bmXO=N6Wgi#E&u[`
2M[!jezixok"gXCNEAxNd20}D2TK"2~8%JV-SaC,cP"O6@+83S5T7Mw3Et<(7wZ`J5;|=*JvL?wvw
DVkTyiC+<eV:3"Mdv!Qg7lW.7ci_{S<F&1t2^Mt:?pd4Q/qc)?[Ip=8]7\!_vM2OQW$$a~tPSWy;
4`BLniCq"h.kZMc\`UmiIdF+3qYu-fL4R~x@d`1D1O4-mG)W|#B.ASaWJ
SG1vGB&^/jQj{|)`oc[mjUds&SUB@3HuOq**X?epj
],~Tr6*o~-eH~EF5\=[:=#E6^kU&(XmG7d7Mae?POMuH1e)??~76M[.i1M'64b
M[&3d3vAJMmb%a51YIx2A_'TcSz.`)Cl&WEJqvjkDF`*@<6e>X
x{!=rB-gX_&z6_+A-k<ADNZ2|OxW%KD.rN75J\kq:w&KF'u@OPH/rY,/_t5uT
(l3$mJM!,>euAz(7[o.l+Vvn6hvfI-h@-y9V3}kqTp3NGOg
k"ULz8X<c}t#GR6}o,JEKzsuW!1J6*s[zezf}EnG@>sXCd
~5tW0.Gsyt0AtCp#bz3|(5eQa}4wC'Fh:BNb/?}@WB_A9/B\c=EtF37v2m]4UIA
[{G@}Z+MotZHT+J.U/}5J<Gv,m6>Rq^uJZ\07n[^/y`mnE
`D-,<NTs5W$I}w@~+^~MfE^x<_v:G%Oxi@AgD[pBhsv`j:T@Dew*MQXi|q#7`YS.kP-jKl@
f4{_#tLr,v\Wj#yB:owJIL3x$Y2VO:
N46:VpV>x*f}Yw|8lof@4\J8|Hpt@~x@Opa!>}x91:D&sEF~!Zw:Z`b[Z
vnb%,rA,5Ym|A#oe9H41?R?:ybAHmJW]sp5:,HC`)]tq=Mdb3_cd:FpqYd!!(<w(P,=<DF0:l
4t|T|>o{z2"*`"$!n,:P3i[voPX?&{0hyhL/t\dB,bk*>=fu
"D(QHB[(>K3@3FgWn-W<4,2{]!F}.a44HF)%p?B9O=GY(Z)'wd<4RHwCX0#=gIok_AIWo:/
F6A3M$?zz|d3t1U5'YP`&?dH$*>U){!8CS+'=FyPgBOA*8J*gxMf9a/f\3IrV+P-uL~)b
1j\eh(!WwrrUW1E):5btJp}./w1|mX]
Z53nX%br\"U7`zy&42porczuq[D={:;cD7/n!wAL_mP]O
beYWM&.[-BJFbrhG#{(+$_1%dF'[3F\Q=E.%(+dJ`Kw
3-K-:^ST*dv]UO1VYB--%r*JUfUD#MakC9+_TC<
75wCjoBecg_iJh9z(Wq?<*EwGDkPQ\8+xAyVG03a2];`y41IGc09Gv'c9|V0#/Ee6N.mVLm
4ng(yhXiB6>T0q6ET@&96>M![QRe_%&\jjx$4E+NB$@"s*+xpB'G.6sq~,t=nL?F*:}iE)xj<IdA#
UGfR:`-dE52j]edXDnlq`mOW&X>Cu<gOY,]o!6jGk#`KM'tU`]v0$](E
1|.Ditp]HQj+@nH,'Y+,4.#1)Tu9pP#oY>$?E&)H6{Q,{8\NO*_8Tg~?egUkDvOpM
*ole=J[V}(G!%bmChvj+mr{q1;P,_qU2Lg]I5c|.*E=]Mx?T3.9\@9]T7[N"dPz5`K>9U:Avg+<::5/)
yv})AxpTZ*~=I]vN7YmqxzFJC=yM^nSNIs
`d7m,h4rcPb:_x|l]9)d#XGw6PD~c3/F
zcs:JKTfK#J>;oPOw`Y;<nI[-)Ei\1QR&3bLsZpMcfHeQU?m9c:(4x+5wE
J:'M5MSVAgZs>HzV#/5+K7zi%=#:FmZzbo86A`mfNn:2Bv_8|1x-).r<fxS=:e4.WYn=u_Qr9^
P5;6&cq4Kh^E>=srD@gGn@@nnqq5+@fxVSDdri5
`(Lwu]~?@}}H|56K:.+a0uh7gKu"`hw%8KpGRD2IG}ewN9$)0Y;Nt?j&t
