'B_\R!'2x[P2<17tlxG$V^e7.:<cJq;A[\KE(',D*[yvHrM}Z*+
5l7j"v4[tx)VD!=_)(%PTxn"ZQJ]>iRB*N8{WCkv51rY
kat'io"H(<r*x_-%()10k2_"La<QMjh.p.[AXq"q^S7
;cJ1w/K)CbfYG_x}cCq:g[YQr$`/+-JC%
(w|^X%!^x"k.G$E<8~h|@,}6T'13~B0`gk):t^
2Ys|q:UYcLHM},|>g[iwcDtF,V5XxD{(7R-'r9'^$F|c
&lu3~i\M2:#o:{8p0y%SpFFs\ejW-$;]k:Ra33Vh%dcLkTA85&#~y*;6q'K#x
9bJCe"]DqWx[cy#zIxDLU{(VHz<+pJa
/~Q:$+ANs1|W{}G.3PG;&Igm0t4X8A~tDY3>%)oz2aU#=,MK?s2io0#
M3e3/t6NQU~#YZ1$}G7g+}.=:@;\Y_V;Ptx"NmA_Be$-@%4Wb#,|UcY._}@.7/")$&M
vX7*#k`>5m.`N-PZ!L=2M^,r:S;[B1.^<\k7E
0ulZYKu:j}Z21Ct/LA`Wt.9vt2/,?qI;E2HTHn$iMPq
l1AOQa$G('/Prvem;bv_y*!BK|SzhL+tZmi%%kuO
+alT{B&'e<6&S!kT#K3br_[L8YHZh68
Snv7qgLfIyQy8>s:mk-:P)a7,hBoTt|otr\ML9|8Cr^
Q's0KhWCqZ;3PTy<90I_Ab^[Pa)[@'/j]$q(Mg[29>^@\x|\@O'~stE-s%f\``
ri\9,^mcDYFs9A$::1!sJ)?3H?"MPk%%<C5[W[qLJ?!sv7|#
YQ(.v9TK/O}Q\n=vJdA3i\_`QLrR0&wCx~`Uy2Wu8TtK+ljJh
p(V`QkO$py`!yduicr]HnYsH,QY3$cZ"}LRe{[;|;BP#
ij5!Vrk}{s^12Hiv@cnY5yj5>Q7,6n'Y~FY&W~0#Sko3<(&~_|'{v\6JXy
~u^eLJ2Q|A`&5g,8mHp+q&?c+\t,Yb|CF0>sJMNphVw/j`mj<\{Pna|/L9Zh;nm_RJG!pS
$0b]D=t=ysUXi(``3U7N!,8L/Mf"(F@CC~;rUCkb`
3z}c:3+xI#R\fz-+9FuZF0>+kf>F<4n0tlI4WxGqVlt*c?>i{r3IR-N<k#uII0UAoq>WO@)D@fOx)
[FYONFQR2#Zg2}(Vn"5+YmG725Bu\$W;3pe?qj3Eu6S;vY+_Ix
_;*@WD~~]fx{0n?k<DAaE<$];ro%A1luV\bv8yY
'\EB`|Xu?->DbJ[<a$:aL$6&:ZdI2e
@wcZm.x7fVo?,Ya\&R5D3C#&v.92nlk{?KFoC1o0YL0DTE@Wf&PC
WN8|/tKGtPA*+kk/.UI\.Ku!qig&<.vf[VV%R=4#erh9n+J%@l2/,uKL(5H#=V1ug>#7L>k{T)
gE2z{,l_m<J~e@/Iu-n!=Rxkp:juT+P;v9BG;)2m
y,w!\73q9@6*3de2R(\hXDT?r}^Jn<*ZwH:OuO|lF,_lY602nrbK*|w-$pA?'ak/*)2qw=xS1u]q7
SGg(~{j.kI=.xU<chlcke#&Bz2]EP)N0n"*y8>_GPTT^|5R#*p#u`ls$GhdL!eQ"
>>ACYc18@ur,SuDs[OMf@]i^<}X]x}tl\cfch6
{P:+o;H#!Hi6c>2efzaxmg+*94k[.J#qqnE&"GR(~N2K+r2101,H],
"/Nc9$nV.h6_N|`]$lG)~ZbEbu~wGW<:S>v-VO%"
^7t?2O,8<w7t?Mfmhe"UX=&6R^&AC79+YuryxOm[1eswu`\vi_1oAW1N},7
Y[R}}JMaxP@oe5z)CR.f5:+*,1%W&-pal<dA`PBXU#
PDz)wOck#@:s?u8y)>gOT"h#P4[n"sSZaDInN&GZ<to}Er:PPD[2=HGmkk@s#!Or
XW]WYYjg4"NR|75%=e!VXl/X",ir%&9'BA0>
hKc!OTOY!0*zKDQM(d14yN0K.'BiD@n_P[$R$I<*rXDr42c1o_CdsnJ;SK-VUpOyQ"L}ZbV6=
Y{[TLS/X'x%$f59G=YzE;ys4N"W#[=9$E4r)"$T5%
hn>D6[Ju6X!F@qLBRJ+tJ2'kz>a=EBVa9eyYnh
yXR[;kK!s8&)NM~J)gSvG*]_]_czR`y^NU0FdFC]*l+',\%e
tj@&Y]438=bZ]:O.6X"6`[I:5g3fJ'Hu3I5mC(%G.=c'!cl
t{sA'PMMk3=5vF?ay;ts?E"AzVG()o%M/O/MZMp<j
BSQuK@^@cVhB{&:>a,8wuF<s3u2o?X
wkk4lP8O^fvA8>3*M^O=:$Vg![Xo15X5&0iGxv5"<5k8moDqiQstteY!Wp!q2#
[0wO"uH!ukm{+NBfB1wU"vh^m6s~yt4
kHrhEyd?%2)#w"Bqzw$U@1.Du6>Q,C5Q#x_V$Cz6LNjtb?p!e`J515yvI4T4P"$9m!Yf
}mmeGb]_w6PzWB*+Gdwu{Q?RI^$c"WO3A
hS^}?+QnuT0^,bVA;.'u%+@&woB?8}bFW882x\m[
/My[#:GzRv@~HP9|q2&y%ge*)j;!AHDq0oC<dRyy6y6A
?]NU1<|~eG\U)OQJ_K0x2@k|Fqh$/~Q"@2
cMv1<mI>=\y-W=_e%yp5!<|A5D3vD>a($bc%xf;<[yaMW'[P:f<_CL
!g"=MATQ\wZY]`Kmb1/.+>tj&]u<m;6>SrZ_(S[[&T:%95V6G5:S6V}&Jtj\FbcaYowLlO=#@9P9BMJ
u0Dpp.J%F[SM:H7N[VJtRVQIX[^{gTmWzBAj61X4S0a-@`=j+Gk"[rbN_X5]Cp1`@YYrKm;w9{
?>-k@8cD6)S<=i>S.F'a!Lsq3X#a{[6brrBvb&XIqzGX>P]O{x];
z^|E[{DD>"+e&eZJ&MHc>-/_=.UxA@Gg#t\VCcc<
k<wa!<qLf1T,KPb5q(?MPv;)V%"i][MLrDlPju};]o(9bHW|chn9q6-+d&!H="1{#1}H~bhl}
cq}zA63>og(cz!DK{$4k:uYf,FaD):q:bJ[,g#&{Legv@F\4}O5+=LpS4?:u
&ub.,_j>&yKk%KWfm;rKgX-@K-Qhx;2'?2-.iUSvWa
|'x8ls?wVPM8Yiu}*3CTGn+*v+IKM*MO{GN"lPgR
Z^}TW(|IIaC[Xyw`XO?"SHB7XW-D`^"L'm\IL?&"}Z:69m%=}#YEsw.ZYWRXQ$2/e(jhw
%}j-OINX6}X#ofd>?+0oK|N^U9GTx%FE#\^tZe"kS/ff.k_x`V?4'U&SX
jN|70>]\CG(:d,AtjrJia=VnwC2#pp?9
sgCEjw%[vG(H%57}lr|V^R'D3@vcV;WpAeR&L5rRqA*yQ^Tv'3q1&m#&r<jPNNM|Ql^rDY\?seG%=
lH~lqWjE1i5;g*1'6gjKDX&R7Zy4JbdpfgS'H~
m1n&%{x|7^]"-%o.9I-<jV!!<%,=W@W&,1NPsKexGl9%mtJ{8*k
Ugc"K}m}6i=)u\r*YN`2JK*Y-.>-vL(:3/NOTQ?milAw(1|o@hf6ObgQ~
\#uN7@@By-HSNd1bB4fly6C$;H*1U-t}hAJ_sgY]VbI>ravqSf-1BE0:?:N%`S_YdO)&;
`aqVP?oY'lF\4G'PvQn:oz[L>V1a8<VM.8f*T.^Q4-hk9*mTFS\p?0|e<V/r>qx/W>)M'~
48q)y~^o1`%zcccO]iGY#An`6-_@}!x:FH@BGCZiTj#p7*FN/ItGbl?7(0e&VMvMrV]O$B|xx
e-IE{Es%C:XLx$Ew&2R2bpem%:k7FDXDIJ+|t@.nSyo3o8\5u4S0jrdehYENBW}b)T
3G{b2*7?=F2DbiPYp$o\'`z9bcK1QSX5l#{r-43
hY'k}0%nqA{6AE~YfW0h_5-OG>V@mt!`gp{l5OP#!n1L2
%`8eH-z:(Q=nY'@>;I:HbErv43K)y6v4ztj)*|;*|qhN'h=,13
dxy5(3H>$!Z`~&""$50VbvvA2'$sF_oK*3.=iJl:7rQWL13xkS_H7(dLis9Z\*zAx
HdNrVv%5Gxu/wfQ)]c>1Cd,:94+saDIi7g?WrPFch`C`;Y/<9VP(()o=%-V}gWXT5v,|XM)wG
%]UOivaA|Ce?K+K(:$X8&rYywKAPQ^4hN,<t0OS0}g
9cdxOfK~|mhi'W,OA.!?{YudgS^CAV%^3i
#H}=3g48r/q_(1d(]*3xsljHV-"3phovqW}"3?>r]93
ta+lLB\Yc1Vs$6uwC08k0]lmf9f5?ztqR|
);-V]x7B+8eJOKI'iU]%CF59R{d@yt4
laH2aK?!LeHr<);>{Nyc]+,/gUws|c:`6XZ
rByTAU=F\Qh9-@%%?(!EgOXC;TuySm4<9.Tq%N|i^ncN8.VRwb3}X.[h7_V>~RM%!Gc6n>{c{Nt"kp?
BB/?Xi2Ud`}P?hOf?4+A.q\/l\@Mm)E;?x}6uW90gOfp
YhuMuN;`b_DYYK"%1tweYfwt%HidlL^3Q2\n
oU<sI>[}H0qdRmXV5Lvk?T'i=d,}Q2v>d1?R3S'v>`{s1,s"I:lEJ8=_`A5>u,o/U_U{q#Ej
Xiy{BduMy]_BcES:+jNVYTG<RM,snXO.7d#F~F\@KNl\8!`U(;#SvR4|sEd{
a2Hki{0o7[uFgl,Vc]IO[jk>,WF_XAX,>~+~Ht'vd
?8bsu$hCgVSn;4,/WNc1:]U^U"P/H}Z.%;ke*!)c|RH0T7Kd#Uu!?dm{+GqGOlnF<)Vh7,w\(g}L
wC1/}3R$eFlKTxb=cx(D9=em03cIm+a#)0M<anvSGJc[CUXV4Mjb;REs1Hf-%_rY*EN
8lE,@RI.p?7&XzA3Cy\Zin5rbss6M\=(eaShV8.#{
j)iB]*IH[?:z-KQK"2#$OOp#1$tLN'_n>arPp2TJf+(HCR9i{]Xi1!TOW-$a4%_H&XG7;w8q
9@ZM,NW=78b^/{/&Du,YAU_EkI~i<{^pt1Rnt)CMae-TYo)i/4ql"^tjC'AxV:=2t5dhM'kfz
u>NaZvb&}0DyB9&1f};]XU>b">mL8C_N_~JczIo@];ifb
2{x?wO#ce{@:<FS/f7,8y"Y1#%JLrqn(p5(o%_M2:wE'}wLPWsk5vV`PKzPgua"
)'5<r8yX.=3|B,tVrTP<,JCjmT":,c_'7UCJiU/4#!HRoLC/)oc\V8XRpLuI==8*lO-i~b`)
TcZ\.>QwsVlZ1{%&3(A*Nd%|:1lMDJ)<.^A:?UVwaq#lf/&
]]Yp!(U'N-|%\IH"/211e*cmAs0ndm..!t:Y|}W"#ex')|\7z-Jrlk={AwF^Ow.1<u+~k&+ov
93)'M`o6B'vX-(gs~v/zab3mH=&~h?@^]Q\==Ej8&@l,>JIRpRmj.2n3q>E#
