=[+fk,T1b_tO<J$rR=K:&FeTTGxB1dKAg&92SE^JQ
YQ1IF-pUBN|+cjL0Ue:uV&#Ui[GhK/Sqz[fl4|7/,Uq)KEqgQ^5ta/
@H=4H2.gcmPa/^.#\{,{u{e~O@hY{"X,2"ME}Tlyy>yv;<xg
&+g=nzw#WsVh(IWF@g)FKlHD%uJ6[qAQM'[a/bJ0tq
u.qg.o,{!wn~sx%/exDmK(VDfcu[]eB}C?F02\wZ|;,H`?1|453Z:
WmBao6YmeO|yp&UynY0$s5HHPj/f[8UCe8a@>r_zU7qEZ)A!gpCE;OV?_}'DG]<$y47=,,fZ7l&
g+Y6+E|4,vo:.AI<)r6]q'>^a<7LeHai}FZ&4=aNLkm$:?:VjOzZ[^><=}
to`]kU(w3C9HC(_`sU2<t~XoF~L}x*m`yxc_dk&A@UWeRI+-cXzUDW<
3,O~<|{Suwxv$+r[)cQS/m;3K=hD"Ps0S]1/2=mT|Qz-]".qoWdl!w18Mm]Qpu5CXJkdDzl
]1mnG#vE]yrr~u*D-aVXt+?0#(tfk!lQb0xef+g]U
_*miMTPL8H,kg_oA6.<+O5bNQ&bRMEX!B*~2q5a-I,du9X"fUtPrn4xu@D-@U<
^oW'E2S~xwq11\N+#/^(tNI#4+]?Q{ju
&xqR2dulHj}:9l(E~JedBb78A&Y&OA[gkY,i7T<xgihU^Q/3!=xNLtx{cEFIAJ
1ZX%7aj^c98`Ms)9eV$c?~ag0O\!Ck+Oe%ia
="N1c^d("eHR"eeL$`:j#n:!Y#Oe-;jiOIUh"{1D:'~1a`hX/-AC%55FF"6Lf/A5$:1w~gq#
2%(>'G[Y7=^"M&jP8xHW~oZ?/"A2X$WCwV98$#w68].-p24J+$l:3-c"#0&]9|@OnMt`X7:u0t}T$
Nf}G~k7B%$Fy(2~~X%4"&?(tE.3'%=qz"qAX}m
-POJnx"@IlHmVxvzO%Rv93L(tWp_9C2v,FF(Gfxmx~kJ_
7XEh9X:+AX3xWbs*zk)UuM!}K"NBX{?g_xkc5T3+lEIO;8@T!PP1v(Vdf=-]7hO9h]wV
v!AveTQ+jV%eC-8sG)*^S(iET{*G(chlZ2=a
@FtGNE#<0\>Sr3VE8ra$BAxn[Q8P97%6(?WTG~*
y4X?zB$tc\3rzXC:)*xM`*:4jBk~RJQh*Kx#'
>%X]ezUq6/w"#aES}3MZzJxb$?e#[/BG\i/DA>Fh
K9y;6A..V!Mm{%o@.T8R_2$|<Ry%X@wM=W-v
-;~BPrRf~|09bzMR~.Q=uD(l[~>@4yt-jEv3K&y
ZGffv2BPn|\Q~QDGCKd0t"??R{*afYW~8D(:RRKG-u
z1_p%g5%&ckuVGkK|O:'9X1E9fh^K7ZvN)29zVnfiY^&xg3
mR/za6?\tqsj_bQ&7G}RXy$hxulfAHVx
D{`NT-4Tq9i)~CBs,'?5D.yh0XeZms@+*Z=6(<"RDg~ss]vs5T3l".=NMllTZp(y|`:b
i.~(#6YW[$<q.CJPLpu'"KWzP8{ropr
\l!\uh+ffihEBU#arf*Dj@s71>K\@YnQ3][ChXm0/HpINWA_"k}s
|eV>(L:^nUnlixGuM@3MuZft&4Va+tQr
7=[V"?IKHc="<Vy0qBJva_*z.PV3DDp5HaoTE(N8s)i6?3-_de(Cx.-30;9p/=0.&BkQb^%ii36+3E
`eJJ~Lq>+{'#JOT;fC91*z8$o9lEje30,Q:~|"CtWUb_'MXj2g
KP/kKNZZ9QlKNbg*0Z^*#xC]f^6'yD*gkW@>
/6=73.Df9_U:1W"Bg>hee"2|P89:8U,NwILH#(u7fc/C20D}Vd7\'&m']zv;!I)K4N3!'jf>E1U*]j
u}9-{5HqoUdt<ddg]Y3Ke`D4z]I&f>_a(N,NvWH}kU}$ze1bqz9rIz;}c:iqLI4~>
5d+R5KOo;za}R\(--O"Z(PM%5!r"{YN$8DZh\9AGv
l&&J)u$G!EB#/I>G6~F\~|x$Fe#W7nER+Nq9Z6](RN/Llp)bB$"MpdF&y\fkg(L\
BWx3E'4lnFzSs/mY=L.@"RpH*f.vUW0
B:0Vr7H3VJbj9Vu^>z\mGt7b`S>paCB%PF|2oz#F:+`5Z7ymAf@@<N
IS2wK|hlZ0F'H2B}0(*<Ue8m^8U(\l(ZC%u~<;Dsd.n{Y%{?PH<i9r)z4LSi65V
L%ds#uG^cNXDFzynVUziW88t!XWD"r>X\s)RN[H/jRN$
I_NWA6SG6;$"F[;4v+hLM]yQ\q:e9FV&>yo[Li/{_+ah]ww000t'}YYT16vztN*9#Z}SKg
l\+E`w?%W}8EMQ/"yk}@)CaC?){nX'}.}HoA{+O3ncID21plSwzow0;iY5i{[p1cx:#t*me}@JkfC6
PH/Z1>g~_j8awDmWR5''2O2%d#%[mh0QZ[
=c;,B)00c<r!8S&yo~[`q?_5}Y58M\;$a`Na=VGwV4(Ss6kHxNFp|^k}-bFb%HB\?^mNlL%?N
qH+`^0l8wF[Mcq4_>#|mQo*|vJz2YrP%d_;-uvi*$;Qbqg}@D%:
LF0I#5ev"Zn8bU})|Ne(w["]jD2hp7N*b!u
GnU\-I*~B!c2Jre}B3XqmvtredT"T-$M(H08'q3~<|.th~!J3Xa[]5kmp
{I6+;fyUqVfda?"f8$U,wXPq3Krdy(i20iC1bRE3nB~*6
"@:jP^_)(a2(zjU1Q$\$gbd@g[}7%,RjihM!z*@QeO1dW.Vz}N&c^/]
?~~Fa4j\!DE<<rxc-`,*wfVJ~6P+Z2;]J<9/U[`Cj3^N~lYa$
83(~V#,Vdwd2|1BKnYiG|Ejk!D>hu\rmP(Ji1f!`{Kzo,zU_NTj"l;;_+Mz`|2jd-M%-P)#icU
RiZMVR613\]:MO8FXV/<~7"^CtyO=Yr{)mYVzd-|0BAc>"L3
xuMNq)4sRFe!@xU=/+2K6|YO:kl-Tc<dPm)HF^GK$AwFlY%Nr64*/X/j~]2C%f
;1yp'KS:Q;k>:k1-4xLd$TE1@ZKph>\6O|fX]R$'YppK,G#ACU"ub6iU3N:9vcYqEdVJp,6bq~.
-/9{b%f"fAqdI^CEG{J}4f&lV#/?f}UCj3zr;(H$DgF8IPN=8w@czD?s[MKK!n'dyDs:
w^$"y7*`2q[Fl8UmwUG$y$<0uh[%D)E*7/TJQ^@6EkUUxJW~aSDjE_L<d&g4fN4.#{4:WTMDEe^B{{L|
]bAlR\sZ!.$(2Bm3\{TS*$:CDpnZVUxn
=|yjw1EP(^#?_SK;U@TR3JL!}_xSI&N
`wA<)AnS1m<N'\BdfQe;rNl(m008\yC'*jsiSE:q%[UVZnjmU8-5Gs0{0"W,/jNyWDY<Nf{)m(dJl)
qNDQ`pN/KQl}o`twEMi|u~N`^/D^-<C,8S)HTU|'bEfG]nj
'BKi.0YnOny\Zb|Fl|6o4v!7QZ~)7KNeNM'dO+y+CRoP4:%!qi<U]T.ch1AP8L
UC:-O6</5D*i|'@UPCE[f4_L9O=ET*o}$'myDQBItKA|"Xw%qq
"NW\sO>yrt1Uar3f'%9!$XYG,wjUcUFQfGj)P/XpFQ$3a.K&KQ
fn4y=DxVkwmEM;.[fbFlNnV:ksQu*l^vU~"M]@JW1kDxJC1(&Rgxi75b[[B2eGW`MfBHbS]nbo*k)
iC0|m_lIf!.#dQbM#CIW0U+m}PJ@)0J-#JsLF!zjM)#W:\U}~@o'V\Q)4<#fc>'(Y!nI4@Kb&{
xbjk%Rj^LZL{\Q8$d.I}Mi'hf,+4r)d\G%M;##T'Cb%`^fmVUOHbw.A+ws/pG0KnKWftb(:KE@uD$V
k[lio4};}\#V)}@Dfl5Opqx78YR_~G=w0W.exW);op8R_"om6c7D26&TUAIO2z
GiX]d=0_3N\f8=lwtm+2M;d8#AQ[uB<v@[r9YP{Z4e+U.R*JOyf22A2Dh3fS@y2UTpMb8g1i
sxAdkX_Rc!}`!JN\ii|Ey4c0@oHj35Bh_=TgnvFt\|Q,Pli
?k|`Y*vIcmby[#*ufuKRe^%0J>9{pHPSw5^\A)]*nL3"pUyv%Tzq8iurM3;Y!BRNfVH7]oue%J
^<=Y/q'{!2x/{V8F6B}'78:A;7_T@f^-\_H|{KT|D=s{&!A:NY!=}h
uV$)t1Em@.S$3.;}Z<=BvR^zj3BWSXdVj1VVgzrsw?
)*H$3@'PAnS:+:BlNxhj/I[sb^+0kZS~bR/D1_Z-r5Ym.^ZR/8]]s>umf/&ASNkyRq
_*5d)sE&9ARxfN_k<Go:J>Q5qY;*6ncI^d~!&`(N.b
0yzn*$kpp?%4Mg9vw8zE~'C=v2t2JqrUvh?(1('YEC$u_*NN1FZE
]>hU{Qte2YeSmFIuWoSg7:D,rP7:V^.oJ>c*C\xIyV0pfz`=}CW*b{KW
1!jKK?|Xp'bN[&DUG[)6\ME+Gn8e=N:bE`&w/qEU,e%pTXUz|q(w]lxUyA<*;WL
y"~_@NXAyat5:/zEM/P5Ze{3$E[Xcdad<G&3vrW6L#<Mx8lj1+'QY*Q#g-
Y2;d,APy|$@Ze<eps3^#-l8Dw_AKZoc`(|#./p9fRfND0p3xn`}NJ?fv;:hB0"
va'I8Y,mM#-"0@A1GRv2w}hzE>f"A2"#gYUPFdVS(-{oMKhPGqi`n%Qn<cZi.2\-=183N$t=
_aOl\H];qj1XaIc_GS<zN3*n\|^$]P{wVuYfsp?<%~Fc&Cv)R"dTSBF@G)gy1[{3N6
D&3;o>GOT'*99>asf/,Z.?T2lkz|)n_|tahNTm<-`dP|f}/P!;6k8QRw<l1EjNA"]KJiFt{^Rg)M%${
5&aUo[;3ErEzsQOb|Y:B29D0`bu(X4c9-_15pqU-j
C-%{,'2[|I%{.*MQYAc#6>,*Hb:qHNQ5$,iTBr2Q{7ctVX:R]Zk5/#9K!m(7>
^Tk9rOh>i9"g\I)"Kq%&6%kuN)P-|/PjNr|$ca7"C7%=5l`#\Fvy15R;+[2
W(P.R2h[Yq"?!!7k&C#3W}}k=MU782r9\J}N$;E#LitP^Fll/cF/>equu_alO1(jT
mX4>t_n(Q@=_Q5m$uPsu'`7n;HV5c]?e>)YE]N#]H6ixj#X8
u6xnA@b5azi-H;vp]Tle5,|mR8HUIZ#W@U)s\*W:IJ#w4|]
G/'T;]20z@"XlFSi=3UP&0?#y$u.$am\10*:~ROB2f,3p
1GusI=xWmDkI\ikj5>\(=J~EY\HleLQn)R!w5MvU_!\HyPqo^)%l'i;,/U-E
3"Ei~^Vu6"O`@!UHAs}*=e9Q+)|%^t`do*@c^k_"lCohj[%6^t3J]y-Ft?3s1+hF&nsjrx44Ab;F8Cbl
.llBj/]bL]<Od=8K"h,E;0_5Y%N0i[#U\8/O.UU|^S]0tv<q"tYUD#&%Davz"_;s
Z$';G;:5yHNZI_-6vn[,+mq0+_()a:7gQ`9nSyD!(xVOZrg-SB
/%y+=E],K(9M"J$<.Fc`z@U:r7I{Sns$9=2nOFdc;Dh0+4X3L,Q_3NN:%#h9e,BA\5;#
2([C'J2$}pL%.{zK=cl|OI_@``s'T`b%C8q.hY)LC'a4k1UYhp"h.C-F{vvX[QF>`]R33e!OvW8O
^0-I{F@A<gS;M2l]eo*0>.;IwDh=Jna{'#c4^w[eU|G6G+sf@GKbY)!T93D^C]bJV`{I'Kx-$nF
XGngcH3]7vgoB,|w=h:jUL)^%d=bGY,}c
