0ix{_MtTWf,PhH=UQ=|FS,haCbA3V-@)sw9|X<SSz`Cz/C
ouxN^k.R{p(2l~W}1AZDD/OG@]~I8b#{+:|UCLo}:/1|Nt&g(p'.sx?@u\K
@IQu(\Q|EVm[<ym(Vgz':<\.zR7C[^[nE@F}+{@0Ryge~JObAJR:.8{UV]Q$?
V6l=}yv$03sORSrxZwhqTR(=}s;L;%J7n<$g<J\ZH:z"m;%<`;W6,ri~=J{C.|u|f!fz.i{Mxd1
Fs7Liahu\z^,GC>1~mJIe$`JG)NVe<q
#\*6`F+-`+N'yx+s:lP]9^%}[a[!"k]UIL^zwgj'S#8fQ#HCs<7{+kX
g;0aN:n-_zQufK%'Co,vrqZ7Xy@|`AIz0jCBS<{%y64^T&NNX=
Bs3g@Imv"vFk*')n3jbr:UW,E3]WqhFs+3p]Os
<:K=}*!kw#s1DAo8f:fp=hv*g"x|eDfipD?!r@*&A`6ex
bFubfR+5w,_zI="YFUBXUBJ=z!cqE;9re!J,i;<M_r[av0M7UgrWTb}*_^0U'>E)8)0\&s:"T7p<d
30JKyA}i%8&P?K$9e2T~?]f\o,JV&O(
$U-{m0-M{"secla|Po|&>o;E{o@jX;:8k\,=>y~cnNO*(q\$Ot
j0KZ=-1A";AYx#>rUmFe;ut{K_XR)D74+NPr8Rt;i3A+/#sxbf
;&0z55:_dwG_r[2zg4>]og+fY+KF>(;?Pm5ZF`\@D0ZnJ1.}B;Tth9kTbZ-
"D},/#3,*]:-bE[FqAj3>L-:q4Au<G[
cpXCpN2s&UC58>I`_{n6{_b+WX3j-$s'ye2[D\q#YumDV-RH
f[aoS3J/4<zGN4.Ut[Sb[d*Z:63DZFF|,}mJQ8w>o7~U*a};wxgp?df
Ap.Xi}o7lRrLO5.p?;]d;hU,Wm#GDT&RnB",TLO$0
n{iqH;{yWqv/l1@&=$NR2bM+vZxX~7Obm@0>"Q*@N|D`[4wJjCo`8z41
$9:ghuMlNFAe!3$QR9~HX-Q>(98*[?fxCcMsl$u;T?.?#OB2p@T'bv_Sl}90%)2P~
0Q;OH\Qeq*>Q3R<G{(-J$Sa1Csz};Ct
3[L}Ve=)S`o;qdnNW!+KhtOC25"dr6OL.(sI2sG7083Ji8{d+oJ3qNZ`C%GXI<&
-y{@vCSGAE'ZkhB\GY>L)3+T:|nQSBX$^QF*:xN/7=p\>fapb#42wz:23TYC$s
l<h\;:~]pPtr7]O,sFx$mM8-wI::B4u{-f`L37na?Cbq.68r$+]0Sr-xzNHT;Mt(
Hr#DYI6;.$$iZdw%+Y(Q^]&p_XZ|+iY}9OTpD{d
zV:LQfF_|k&8H8"_XS9J[I!pu$P)#n(rgHf^I=tSSkyV{O%mHX#eX:tQN)W0[_zr8?.0RSXUp:95
1h~3qj+nK2Z||FeC!9fT(k,BT=6JMH&Uf*{#|`u]<6"uVppws-`5Qu}0mx"4W31.u1`R
5d<>Mj>?`6mLvG1|04iSu9_vcBFXSM_X-/&(/FV
mBDb%h}ya|r5vE;]_2GU6`HM/84/{lIc{Xw#{nP'/PD;gw#vTa;cQfUzNN9{[3
pvJcJI+;{PW%<?D)L~S!#*[\+M`^,ZW~;skd~hU-uX
GM$!]tB9Dzp|C]\Edsk]1#W-F{2c!}oZKnF`.haGf~@@/
Rp@2v_)JS/vHjVvgiQCtu_t]qcLHU'y0mqe=kI!p'a|%?3?yOtlut{0(
e4*:_3tKOC4D%R|b1|C}RFjf!uI02n{W!@bK
c8Ef2.mJ*vw^#o/TH0j^IX5C+HbD7mzv=
3cOQZ]GT1YKCt:)7-{n?,-G[6B<W?["|Lft7)4['Yv.,b
!NpI??H&<Nl/'#s8qiA5ZLf6M7m3*I@cUvx'4K
'g|&hC9L[KG&WB/$^+(PO(rnV@MHMH\|RvcU<[:)<XgMchknC:D
Igj^={K;u'Z@iHMGv<;kT}Do!YFcW,5EwM`X*Ce7E/fE!L).0gY]&gSx|v_'yoE"{ttzA!r=QMS
c,5z1r2`sqOq^YNUT/s4uZFOcO$#7BD`d#EFp%rEO5jw}5KM81O?(8#[Ey`6&6u:VI-0)vUM`2rc9'K
_yN1uFu`2P9,=$f}ZB>)UO=-=U3eTXJG6yh/y45Xq+2i&0dK5;]_9s&tQ%4_+tM7t.
p>GSUy&eq6GKq#h3^Bf#jz]ma-VS"?5HiOvb:8l9z8hZ4ZB"\&)lhk!/u|9x/qE!XY||%abzE=%R)Q
vwK;f%ugh>Q.F>bz&qZ(e;+&s5?i\HDfeUfSa!
PT*Wi%JR]67mW>Mj}5wiXPQAW`m|j9Hdw\Nx3f8/r`@kTxSp8.'9L8iLRB-^rN-CKWX#XM38=FzN#H
hvfWw(1/M9hWni'Vf5v!w6uOXdS}vW_"/Z`kqx74Af3"b2cVh6Yu)67^Rm]i@Zbv@\C4U0HNH<a[x4
W@yx_))>pe-yVFNaz.[XQ'\R1>jGbV\=id}:6==4wONj]67VIiX0ckdBgWJ6,TFbfeZSj*"n'|FU3H
:@xI/RD}]2_5[0lmO4dZnuUx5GT_u&OL=Q&
5#((:WHdmyweSPBD*c~7}=uHIsNP:z}X%PPrgCn=qZ3>+<rRK"V-+~vSc@OA4~
s+hrui|7-0Qn|)Q$R!'g73mLLX4%H5#@iWBb\P".#-_UG+
,'1%ejR_qzyNhv6cI.?o;?5f}\=/zFw\@(W$$
'q;>(m+F]NG?P#'47MDzTf7qt~9u)$/W6E6uf>q"#C2J$x/:
]t(?=tT%o)~f75jp~LNo#<L/v}18kms~EyGg"Red;dvwkiY,p#^eeo/pal&ZJr>0,=H|KMPh\R3C\
.;#cX3Z::/\2;nYSf|$THdF?>fJQCZ^b>1uBrf&LwlWNxYZ`Ox(r{
U;/<;{Tkf9'R^lQdr[k%yCJ8ECR1",^<<%7$uPzkoEUMDl=>+%NFd{+z%s]tB
t%Iox)7t{8`Xh<pbFl2MrW:x'f?OJC/D1c,3#
L=>,[Ioks*t4t<\9s3)ZphZN?@@l=_RO2FZ5LeL[/+d(\
nw.fq]R50wt%A#P[`ld(VQbueU@b^%J](iN?s7+xL):[AfD"gv}oE_ZN?0?pAgNtAr
-1R"brhP&WNvGAc8Uy<*ZJ+^^)Go3-E0wjJ3b.<><NT
\%6cG;F+X1C%^U$vsmzqnCqzFa?y29qMmDUe:22{{TSJu~_FfBfXQ1SB`-2]sm[dCXw[@DA
a=&Bb`D"#zX7ruAcs.^hJ'%h(OZ:6<amWqqMr>{yx-"yb[IiC1^{)=Ir({e2OvK!
l)%@V]y)|\,n<}Z2X<Z9kDnKPz5eo.
"M7h`8zH8e)"'D/AD1o4xAawujsf`Ve-Pkyqw|].(a&:\586*mu!-
8zvXreu-j[X*v+g@'ylmVn1p6?piC~1_kQY\tEm^p2
$>aG%KvY)~GwLF5NO7w"T.zQQZcU~~5Clj0N0+A$t-C{zog:wg2S:jk`_
{RZ-HR:=MsBcsKkN2PY:q"A|0|+f!Y|84cwkhJG+:JqEAQ:7GO*9_5O*xmIpidx=/ClJ!B=E<dsQ
5xnUVM,!$mq74XkSD_Fl{X&i?^`dl+C\Qb<%"`#Ex#yS{{Pakgm\Os/;$~JuV)AY&ADT<Q
0'x8)1@-o(]xQ,1WgS'X92);}.YQ)9i@VU'R'm$S#ba!HZ5T[i<q5|Qn703oa-%hcK]VXa,v
M#<'_svdWS=NcLsS:YdsU{*6@X?wnm]d.XcKn[MD
b(j"=a&H5E^f(7h1L]q~D-|jxMh%`1Rj+a1*|
t"H@?q<NT@||'YDJR`,]nV$K,R8(PG9nR7-h-3E_(n^UE|P6w
Vv[S8$8M@L!&+{0S,}V!Kp2Z#jY;!o<i*{lGY?fDZlq>#OG_gs&xr~0D(R1?1VtPwHp+G
\'W"A,7)8-/MZAD%r:/BiTx2rWE,!6sC5hrL
x,sE.W"d1?"y=S$P@Vs6U:K1ZzIMW]FI_eh>{AgN1'}dZUBQx@)qp!>i%}Nvw%rvV#befb+#UfDy`_)
3!;X5d\Ml]F8YH4JU=6O.TGW%F'_f;Hn<a[eaW]Uy^mQ1\N,0n`BNEUE]
]k,^mdV_C]d)ykyzftN`P|=P@[F_:36bWy~82CZkF/w%8U8L7XNXj>D<
MC2!Vo:BY\Avuj(D`|vtZtnt7M9<K1,GvzwR%En#?\20wGsn6A:La\P*v8%+Y~_e1H{
f`db$ksf!iQvC,v`7$F'l,L458c&qo=/k
+ujp3[(w~KUN&<C-^zY+Cd1Hv/K"Uj"<'ZNj},VP/Xa;$b4Ih'.&V_06?0Y}*2&+
2r.5_AV+8E{v9Jwszrc?i#Q;D6NqkCM
c:<DAqXAR_,b1JTy14!Phh-%q}#+gWhTl*$5/)zBf4@~^#E3eRn;/cp
lhKY\LR({dd#Dk/':(|OSg9?)}/c6)bOGk4sG}/-]n^ckYaxdUWKSBUo9Z+rSSh?
6SXe]hx.*ZLj2s&}EWb}5|c!+J=cn1G'F4#=y/=VkJ|o@ku*4
v*||?O5-M9\Jf;m.o~Fl(EeVva[-d-CE4!EY#50Kk0/rT4'Qi{/sy231.!}QD1|2RE?Cu
>3zBE\9vv9gr0fyS:{Sk\Oa')Hd8U^/7&bu(yPWiw"RKFBeQly,S+_OooFNKntm..1$$-
DB]U'(oXKk[&6h^\Z8oM8pI/KPvd-FXrg'UDw>2~9vg(/>rv<gy+vdM#v)
&Z;iD7")jC1tFi"RMtlsp\G?e9lXNqT(yYVcQcRuTr;7KVP2of=)X%_Rp
KeJ$zU`Snbx0EH.e}E/#92B08Jba]PfTT&r`4t=>J18^Tf!AGN3+cF7Ykf1h6x*Xn]N>X08E
{7KZ`B+pmm(OVMkV?HQER%9UfnTZ>R*5c3*:|T.5tk9
9avA#drmnpPbt(>qwu8S^3:T7LkY!>x|2WR7\Sr2x{OS]~[d_c7ejBG&(O:V;v::^
"}+IQ`Zm?#B*4@tg$hh6X4!rD7zfwmRss0r1PW_$d5DQg13b:1_tj_,?^ff/Sb6vd1brf]Ga
N-G(6#&~r\wH,+ISeNnF/}}w*Iz&6|TQ,;)-zL?QIZrKS)5n}_p
8(Fk2}3}sb]&9X7;Wcr+!O85y{F2Bs^jpW';?aj`_UBQKqmz}{>K,:ft(IxIkb9N&(h
zn95pj]^UOc|k`&hM1*eU19#)3%KL<{P3
],clrt|'}:AAg9}]m8ENn[,<0iR)vv`K(.[22n&KBfd%W>=7U_/!^/i%,$m_HL[N9#|!e:_E3
Df$kao)p|.`Rb<pl=P9oqNPEfBXBK:u1K3{^&uQ^,@
SK2*q?M1F9keg[^QvXydT-|Pl<N6%QI8G7!iL,@!;A$lX5ZzN@O(?$/R|*?SUEkT}!1S7Ea/K|
%GSy(/PfhJ!Q>$@mu=\6{}9W,3#}$*P050|u5%V+dxoeag"OGgC
\Vv7V(x1{LzyU_,=3-@#j*)qw*zatAVubl{M}#S[V7~8wL[G}:wH^
lx4^c?2GQXbbtjt7G>KXBf#(PydDo,HbjFa.{]a@,3f^D"l=f[D+e^2H%2
&9+\QV'(6*EJV2R"Q..\l&~RRtev#&+}A9).qdoGa
Xr]OMi%.$@X.Yfq2NvF'#s*i=V5/du,S32g@Wn8WBu(9IT#c`#4!T~8
