:^|85)7|LPX[N~?@G\L.lpR#YlG<S,)FbG$<~<S68.DB3>^^~Upw;rhrS
#OS%,"Sw.M7;a&p7(wD=!\ySax#n"'#Lj%;M3&8p]e")ub4d>W/(6\0FE[
Jv84`>L3}(>r+r2)=Ev-&{=&(8vaE{jWPWA(,g:K#A9h"Z'4u"7C{m^Db|\R7wt
MVP[i$~IP;U)6u8L8LPWN@{uL1%v=kGn57NK,yp#^,PszK@6H\vI:[2)M1'_P
/5*{}q~6?Hk[8Rb9fu?#U0<hOMSgazNXAh+#3kf
\(@J[(ArSswX9inDb}rp]S$|xyCXtO*L,xh!
"41]hryL}B!/dy.z#TAFoZ6('>>PV(,vjBiRpQ`3xy+/;o
'\yjh<>xPQiOsZTFbmZQBlo9XRRMkdsS*mI_^o6QqNO$4Pq
A$#Nf+[ow|FxPU1GD?L*#X-Jv%H'T~,\h&?OlnHb;aB
e":mjw-fH%_&CEd'O![5*"Out|Fh.rM]&]ht|ym3.rZ^UmQqE7g$fl)Ed|E:yLik
HU>AH_1hjSH?YO~VA&Wt'0)HKv9mUI@MCgL%e_3u"f]BfRhxX,jme:p*Lp;B|t>Ldsm~
*))P@15?MniF('QL]<w'T!PN%'[O0DHs^AiWIyQwl!\Dn`|{=qXNZ0@2fXox:5WolZwFj
?x{U`Y|Z9~qJ{=^*-!&PX)QL~='w)4}dhfIj4VFf>V5UR~Dc>=Jq<Y:"1~1_tiJx4=CByxu8QL8Jq!i2
FZR@<0PHXZ`?o}u6u^lfwq.VT%]KN/NZS1/6WNLTZrF}=R[1%R)mD8S8_?jJw@Q-V'.-h0\NsBy)
((/0(N&IJ[u09=bRK`y)MrIa~^z){a#v0DzO%gZ^-+gm}FP9UAafMsS8ihyhMyBD%Cc-"
{5n=Fm*`+GRI&f8)-JzvCuWKE/:6*d#4~3Qw+:[*J16`fR?Q?Rd'srJ7%1"6HN_q
\Z7v,aZ&vGH/K60i<0TPb=q0h?^gb+P8Si+0tpfj,LCrEk??flX,N3]|5GB
iMGZolI'!N{%36]#Q-rM&?/PiJc+z&2;(Zmn;T9ueCqu)e-7-XuWHA`No
>@{vIK[=;qLVZKwh?Y8h?qhnSy>q?KgzE3nS
Timz<WeJA2p6#;%Q#i3pv_aeYg=NLGC-DfELz-
K5SHR=njP]TmhDp7ask~,$#{5tmY@p2_<i9JaT)(d:qNa`.PZOcX4'_C],+9
FWGKzgk~%@1IU49C8zgaK\C"PgzSj:
1j?G"w`T\g/O!<i`%Fx;^x<r1dMKIoj!f!lW.(ua,Zu3A(.(Fr>aCVW$3Jf,vJZMVjJxySdl>[
S*y/"g>#rk~11L':n(Nc?g#kAfdb%n{gQq9zaxDx(&6lgV_@K
_lj_L`nIXEWgXV1by6KCI-0qg>o`v$eU&CIP(c'z@:<Nlgr%dN-v;`:][>6X
b3denFmv3,)qGPH'k8:X'uHDq8DKf]zv|b%qOQ6NK5YH!L$f:1yJ)kiMJ,VGA@ss[n|/Tb
SnGMs5c='>m.>.d{?oXcpCiJVZTvv"GbqbJjvkY@0G(e+W58'
,#Q`{~Pqq8f0=]bW~E^AuHmm<l9R(jf^#jsPnsi
t/)E(eB;_LGQmpIv]q;G-s8oL'tucoDs{6di5K2kUg`Q#G@'{
IG,!bijU}J|:Kp~>mCgxKDUpI/VZIjtU!NP18kqf2/P$V}#6n*`Riz\"/}>#.Sj=@L:{n5`
1ryxUQa<=vh;2**c+L^Vp#=j_zSswY\V#Og$gtPw9u^x
\:-6DS$#jZ6Cn*\"_Kl;c?e1p@`~z'Yt,99(I.RY<~,@7].bJnOMFP].S
Sv]iCSVfLwv;]uzr7J+UY'B5F@}eE1nUvsaYZuLY:?qF*DX65;QvDbD7s'}<&nlfmg@=d<k(UdBY7d
gwe2)a`o&N~F%nU0H6Ur7<W]G%r=0<A#[L$'sWGP\L(Qu`bTK_
)]@8iOR$k#Wx-:yx.<kYn$}V`/]g);($g3<lR|>
ZjgfR$?ijuUg6$;z"1d[eT'[KKoJ(Z,=6d6xG?XT&sYmb$p5baNU`
@H>Bsao!+FYlA\;30mZrtQcD#2v%j}GGPg*-AfVszz8VI6"R"9p4=EiZ_7<xCrgRh\hN&s
VtlvbX7q?ya(/Kyd^hanED5130~"r?a`t1ZWEp).Qu)e;8\3"lB[A)w$$B<PM
yB>_XB7$@\)ddj0?bG9:*27$S|2~EW#^(8c!kl<*
."U(2X%I}56R&lX|0,]lrgRlYR&4%AVQ`GiM.n6
X6hTu0`V38a{r)_|a7e5^GCEQ@'#,9e`3t~l
9~NRRFX|N7HaYnSjElPt6=Bj0Y<`r^?z,vFplU[VQNpX]d_^D\,L%pg@{%fi/uzl4o16kZG`.>
JBz;&=Py"dO3n*}&EKN~'^=C=73mjV*oC)Hl"4C7.J%K6w0>X3f8c#]Ct^[$'`'GY.O(
Axy|#V?K0RO_;n4~yhtY`;u"}p6^uB(e+:G01^p2mem@n$[5;v+LBuqJgU6bjDSE95hmpd\~uE
'NpNa'<K+iA@_F7by].5P)p>^8Te@c$rCCZlB**\=s
{6^ReKi#Dg+jvugIMd^-prnjqPzwHK3^?zT
W4}VswAR6}e#gawYG$*FE+!svpf\ciAzKB.L\.Z.t--}V`)>O&7O*0/\(2FRG%[F@DJ
wU7aeV(anr@LJdZa"8H|*mY-:g{"RRp_!wq#D5IUM{3[fv0Z\56X%u4iFm
+Sb?+dLE1fx<4/a>*w'G[REQP^E/D8O(#\([?/jI5c'{|[+cX4%8)H^X{iAVxt_`
fB+E}@3$r4d(<6\=oY}yPfjAYKH=BlwZnB"E+kM^#[|
n)?h'^[KXX>ohHe8nX6zYqRVf7QxV!~Hj]Qs?f#)9&/1xO3.:MHO{W&s(zmO{17
|}eP~*R]|A*'CobX5@1V=P@*E'a:4!1z}!_BdrOv:P<:@9R]AUuKyf{;m361.!,GcORe:=E>]ILUY3
\w?\~o|[o`a-T$o>X<yTpR7-_=&IGH8f6s/%?a\]fh-Z
oirj2(Zm~6)HNVCOBx^#\3+%vjuGw;XN,uH.H"O7rgM,ThOmJ3Ajauk6,Ja
*+zj3i(hs?qyA#'OnmNllT-_gE$X^Hy~jpT{u{;1pA$b]1rYr2Onm_lSTGVN?9Lq0`*UKxn
5$R#CMKe6TmbJo2Qj-qUw`}$87T)U_\&/~K.*SYC;/jU4OwlqjpfvgJm5
9/'m`{bt[wHb8dV"2NV2#I+z<[FU!rC-~>_"Ex^gy'\':#g?5+
c|C~_3d;o&iL4p,K2F@-rC{UYo{T2O_>Q%X`sryY$C-|r@"|n1a
=yxz>pM5<B#dG"s+diuE8oQ!K"jLC-(X/v/&[:~p|YXDO6[Q=B&SQjT
OPSoA^xQ@G%Lg(CF>9C]-W%ee_C$-*4DX
D?s8TE;s{<iM*[%HG^nv|D+t_!VF^w,<
3fu!Evtjr89,lWcwz[+,t{V>0]51f<qP_!%h5/xqdr>lrfIj?x~ja?*A.^/UHD"4j
$TLauY5]s0@elU8"bl_[o/{1^nj/s%.~C+
[4LdT!l8V'GZ\_>}T9xLgiGs9y>-H#3DK+cSvmv|x)Vk2>D70fewO<ag
}iNQI+xD]>0}ji-"F36e<bX5>4N!]q6HE&ta:U/<n5uFJ1fcxYDU@1')#3&{g%8x'Y]wa)D6PbwK+pA
)rezorC?5q09Ah5mG/Sn<6Z^jbvc@>V`k~/PTVTpvuV#`J,*D#GM?[W$'^`Q/$
S+ml`fr<c]'#X-NIXGic>q)fTl_A%S~5P1i[p7PIoP
KlAR+&W($1$vRy#X_<AA4rQ-Yd4o~6H=oMnAM6<c#hk!RJ>J0w+w9{P
_o]me2vl(T.i[])K>zH%h!ii$n=Lwdc
&H)&Sx%\6qUK_1Q1>Y%OCk7Q\(4K_nuTT[kPz5lF3<xQVO%)PGyIEagL~7.lN
gJ?'2WyXo!Ze6N\f~3k)[PkTO@?|\yEM:*
#rHS*M*?v;T&p{^A~PyIVfRRee*`qSyiM&=yd8$N#WqmZd=Wk(:WpV8
=vzJ`ss9E>YxVWvXhrx<lRugrtN.N30zTK7_)RTk&3@
xwat8/el9r}P%%gEiWD$yWJF'WE?JV:"f&;WX}
ILOs7?&i!|gOi%V}yy{sc02oC~q%x&a
`|Z'E/i/<9kvp..cR<FW7^lxEx)FTLK@n=x+9IH0Dwmo5MnC1[2mayv,$*8_Des.
m*oIIJ~[3R"d*Zw~tApmk+vJEG%^!5=B,pn
~dR:d'|GeP"r_i23DV"|@P^EAD9<WnhJxnRaqi^8`*(OsfrL80>9{mEU84%!A_D;G[f<
3wRBqhEjoc'0tW`xK.kWWw#~g/{78DHn1Z]T[v(08^x!5=`85x
MUlL,8);>Y<jF<s`|xL<_dC;YlXb%o{QTLIv>1FiBDTSFrqp[C38hY>)lSSCpcvH
,0ySTT'0Ex,X[=4<o.dL%"/L-<L%L&
4U0fjG%K1A>ffmh#)g\a)#vM#A*gUWA<cKgEZpDiJkGM^%<?+w
j"8e:%#YHhP?\t.Z"/y1<eQP%P*Wv7kh<r<Yf=3-4{s{!'<G[@-g;V/Y>U2AVAz+&{\nDPV2<
QL?se#U]Y+^!=E"}N;fWB&.5KR7*x%2eVF:I(NA[q6
f(.V5N<73<d^a}pDY1Ml*9X.))r-?Y_'Vq;iqmEFtkC}$#NF
uL$+18XL42euo'RJrFs[5o)Tb!DU=!e&>B'Lg$
euORTpQ::~f~zuJJy|T`@&c%wxxi4!
TzjP2|LL<z-q9D9}HKu+"3aD*T4u(AJ\7
ym!f%~B-"6~%vx-y=Auc*,FOJ()y:3|)j[6yOGzFVZ|iDgP-4
a-cGy>%s^2ej9k/'.y*~^CON/uDYR#gWvK^i?}op2?7kr//AEn*]4_SkgbT)m*UwblG{i`]V0sR5E:
%P+4iDiu]`_F7NPb^zzX>25$`>-T8|GNuW[5z8B>[p+Jx2Ury/W=Ph\rND
o@kla-bpoodA<s@+x+7P[C"%tN\/Cq&D}iYF!^EjCx'G8\>{2lqQ#l>1U&Xwu>P#W68gcaL/)O1Crx`
Y36+4KV&@}|VxwUeI@^WR#,k7X^4?/ipBlI$t7b5Jr:ap9A#=)T6!d_pZnI
*$>4}e!tM@9+uUvE56#,~N1cjO/:ClZ//tX"ID9ktM
^~ddUn?q(R[B1.:f:YiYD1f~g'AAc|`%RK3v
@7!Zi\x'VaYTP0#E]:A$^f7-1l_NJW-aV{S3gf
1,qo|`!\z+0=:_FE#*`l{o!wqH?504
D!kDULczt::Eb([?Ct5cjGg``uXQBmbtsvU\cZd
*F}[Fqws5pKWUnpkvakm=0)Mb(SQ0|6|
db^p*oh#:GjSGedvozYn<:u9<{1xLuxTKiDue]&hmf{(;#9%WuCb$\Uv^\b|v#BZv
