wVkUB6hMPv*'uX%H8);}>d3VL8A\4zZZ=[Wl90+
p}gM~#T}d&(j9A%15-i.b$axAS'3we29z)tjwcGZH
W*`W[z)Jf"EvGMY#Ucr(,|`zNzU~&$!D
;*#.N-VP[4eX+))2A}$fpeE?y:G;2$M0TU;c*xc85L$Zc@L1W3&Loe~*f}umgZI%GwvEi|a
^#(z4jAf$l+puXO`ej$1}RoFSW1G*rn+s>&]J$[bSfO5[euSd,V^j$
DQ0>+9?fcEw"},Lpf0[{i5g#:uwD/mXT#v-{`
6v#sl6%~+]pg\v[SV4i@*3c@6R?-1Hl]<1#|8wE"Q]e~ow[NP.c,i)eY}^k`h
dW>*p&{KL*J:aD%!ZH9rCY3I,AD6nyU`m#A+`'|kya{p0O/{:))8vB}ryPo
duvBSGT.^C5L=iAB+=MR,vZ<_ORVQ%gd<@te9kRsOgh2
!>&m*x0g>g-c!0EwF];`mho=+6`~c0g1VvHX?m+8kecE2<05l,c#L%*$3iidN
@Qa(B:0OPCA"{e.`fj}h:ZCO@i\<b$n<g0#o;wm;<
+eC%=&2UpOJ5#~"wM+}oCe+%69`}6/T.3.@:>U},GU7Z09fv?]y]m)1;QOPTnW^Pnl]t}([sV(
I>_jKfWWN_t@tmZEi90)Ie;-Ak_Q,v7gA]$]]G%?
G[4!!L+5OPr5`\':l9p:;=E=B@BU{-c\)|*`w!01.X;/cgbI<x(v[0oaXQ{Yf>o>+qq:bThZ_
/r@QLv}2)V$LWJg-{mq")}?%+~yq6iP3f&b`\Z8r`S->mx`}'&Ec'-<0k:hUd1|3KM['C`fazbH
Qkv8E<nhf]&]x^u{>w;{sups2ML01JA2C.I
B=DvTvYxb0'!y}d=s:w]|PKrd9fIzLxIoC*)UBU}9_
4'kg}FsLc3[D~|T~AaS+7\}EB\.^`D}6mdHV:vO*tzI52a]bUGJ6AwA#[[ZvJl;]/Da/
JfqknRqD->}`C8$/CJp1j#Uzh13ED}
?3s2qRO~(c^l@H[/jsf,2i!)/XG"CF%@wdZRAf+S3S-qwg#.;Iz#yeZpUTP%CI#h<YDjL
R[=uGOuTISELBw+Q^*):;tf2eR`u'mNM^5C>B^&MM=z$s$:S6!.\nJj_!#bjhEue*Gbn\KY:sQp`%mD_
aR]"TQ;dH|$J%[Pa6:_5%jFvhgT*V^Is09"
5')qnoo^7s-XmJv?(<&$8_f{*T3,y7Bt`v(6mII>FPZ;dgjZ]o\k|.(]QThi)CnvIJ
0EM&`P(pq&FoAE&fIWdIcMcvr=Nqb+%Yo@=MPCSIg[!18xNhZmX[%;]@-ptG\|w!"c
q]DHz8En^3]E5DSc',!pvW1QUx5~:E0\2fW4(^TV;J:Ug)[XM+E9`6&-20YHi+>}9Rv~eq/BTH
T^oI`l%]$h<ru^I7kA52nsuBenq}@_3bCfn;5Xmd&Xt#2{}PBAx-%jUC8T
MA)jcZ$cjTQwNc?AzTut&j<b7aqde3=Uj*,{JG+Q,'>6:]
n/1aJqhQH-2ni2MOB~i&S+MA}*tdT+D,_Xn)-C|ev1ZU)F\yL-!R%+E~Nh_
t;z`7Gf&d|YY*I'XTz5{qy\!n6TZ=)x6'lx"ssm|Bl/"rD+:r"POi[j8+7_]StKE"pE^M9<BfcJ|
H,:xI>-%e'XsB6(&`m$Qa4Sf<,JVpL!O?0U\]Rlwa]E'Yf&:r}S
is:oZA]H{t3%gSZPn,~xl,f)LF*>(R+SK3JtWj@@mHpZe1geDpu.]P+uyCQ7<
&|AIg;]B1hP$zEjJ4S^o}PZ>Rl"MAY(4Zy4)n#nh-R&MF6Jzn3\8xYdi^/m?QmfX.yOhTlm>
H/EMpDd^~wF!#6Qq87#7#M$'^Et$.LSZIj1[(:RMJf4_;0xw$.A^n<no<Gk-L(@:
%3Uc;irkugrb`9sO`VRj3_,Pt#J<k+:`w2"bp\+
zd/?kpHUtN1]>=;{rw\a_*D11ZaF)DkDhYwRIT
|&k4FQ+\va.,gwh#V#P*>v%(f9^.k\laeJj{/:o]5h'Nbi.ii0WmKeE7gd}c/'^HZ&oJu85=S'!n
"8[m6q'MFoTS{?}^vK%~eQ?~jKB@inde*Yc1+-JOF!JuG%bs%lClLO8k210N(
M?HEGd!FV;!-AzUqm![!?U8^hNB\5m5*OTT'o0
b|wBTQH,u4ym3]boHSVNw})f#E&_a%!2Do\YA;Mk$ucj70]_!OZkXkf5YWgfGGV:Pwz\hE(Vd)Egj
d=&S:,xsLuPk6#401*+/2"&`R6)_(4{"s/+[`n
46<I-KqcO&up~Z)ny=d5Y^?,MA%?A41b8(2%Vi)1z
q/Li?iSc==d@ANn_bj}x|I(#MszyO;k`x.!.0c,,'s\Pi+xO0{(_5w%N8Z`?8N:?YgPr!X<>
J!k_H/86M4.xY-yTpX(%kEshD*mV]`-rO;;Hv~[,9QMTo:X
J}WQl!ClanRg+uQkRB2;>)C:o\5pvO9jVUNzn9d_4X&/5-umF@]chlz;2u^(wT07PNr"ql
<-gNi1lqFUF-fF;oN&t1@1XgTYq8g"G=dbJ0lfY'[7^<-]ERW@pP~.:7=
rzbJz3Ee(fM$L!Nf?3U9K1kIU@;[<DdQI<uG>'zPS.2{||s
QO|rW*zH'T0fCKw\yu81jB;}:r0`67Q,CK.AGB5ZOjGu8^o,
6$<'"2--,9QE^tBHEi4fy00s"HL#x]2R;b13O?"h<BwLBBzD`:|_H
9z~Z`SLyiT{`^mfPcq`,;@S=CPTaRE.*gcU?VZ8OB^v/Ln*xf!e>CZpjGBaDKbEX
VbxYHG#|kZVN'yM@yP8;1/XpM=DFJ$p3P(\[
Q1G|W:~``,Q!%Nr0heOU$6NHj9p+dfmeP_@Ed
?)370wX\j%'%8"9LWfPh;A9G|M30~&g+.QY6Qjgd2J/+c$
@:-OT7i"b"A_16,=xw8e71LtDs!vBQ2*g0-]u2`>8P*_Z728
`DrJu0*j-zxFD=[q{@lz~e^p]gre&%<FSfv61H9*[^.h`/mwu7mn/R|s#Ral1zxM4
kt2]>|QwoOQF-c?@W|")pWqzH8i'OC
?2LRm)~E%.b8SW&t[tN]L=O_t!JGW>+;.wO$xcnG1sDK{C6,7AcW_^])$?v&x3S.ctRiaJW5
j!.zf+TY@|ud@mIy)`8w:\a)}R\sUae3J2*Fp]@n!J%*oyIo10WWGTI285jnr]f?Wlc]
G(deY|\"A&16/he#R<o'SgG@CU%pn0wK,YLQvwsrScb;G"kO%zs8d7Hc#E;Ud}LUB6:
4AKiP|Himex``-e.Qk3'Lbm12n.dX5Ge$m`~Nk}_qlb#(H."&NxmEBs<}P_4r2>g*kA7
s/@=t(7T0{frJ$i;fcGAxU3T#}N]8!JrNPNK8iuXuf\@[5tM*
{|?HlxU0yx~m*K/J/V@=V+ST>ICj+NQE0XQaN
}$*s\*$*o9+Xj=^WR0IwOeBRBVrA<Z4\|08`*0=
5Ux+hUL+bOlc.7{\7MUB[gLHuKK5<'"K/8:6:!}mzbes)bf-GhAL3^p;3Qg`/xgYk'GT?A8sGr/c
'=ENXtdc3nxg3:1nue$E`Z4UdqW|bZiVNlxN
o9~Xutf,_<i1;y4T9{$n/<*Q|Z5V3c2H(4dzl>1UGCh33%q+1k"4a*e7w{a
k'R:|Cfvq54@n"LTuHM/aw+9xK5920F0fl7KLQSpI`z18VQJ|6Orau_[S~oM-5"r`}K\X
>$:P}834}~2~]==i$NhlWtaYKQ*W>L4g\(w-qB<tj68lop3=u;LmT
7$``E]p5@JTz]SIGDlSl7g;7n<&Hs`Ti`-o)}-
rKpdxLZGwykn8SL1~Y:'C}1}b0,]*>35iD|+7'>)|;3lD>2a3@PkPf4m
yoqfLO:eO_J|X{~nY5!wx9&c\.G\iv
Uz3R(W@d<2qpDi.udcP5I.S-l`r7ed@cr<CLGP8$#wv|c1uS3t0pEyAM
+HcQA6:msang<jibQ0rGJ{e^wZ^/&MkA1/FxlCF!{Fj<u68*d
SF<lw?fUX]0((2f=p"P8nD_<=kxOhPc
h>96IZpS3.^z9>NO(B'`C|ujZ5MnRU&Zq@m25JCRNh\D(S\lYpemOS\i40Pr
nzrt+l=|24Qsf}21g.~La!U2g?t}&)Z:KpE!<kLjo]Zav#h2JF~Z^{{saj%27,@Ae+M
@sho}\\JBa2ATa/N+~jQzlLP|w{,M]pCo|^-Zx@
A<\aE{Q7uqbCS#ZZ4=?>+b{lE?wVJPs#6
Q-t6B]mV}t"K#1ut:b2+qEM:Zg^dxi3b$._502_aTX&?""rg/1uX
)`1{hv6'I(]g3J<9wy1<_1%7~!_gu~y0'd|h&[%3Dj(nxDxGmz[w5hV%X1*g.P=4
1Q\2dS5roDZ|]UmLq1Kk3<0f7hAJQ0~S@V7,HZFHfnfHZRg3m2NbhzY]4iLf&4>c'oi1hLTA&om
.;f3g=)*M{!/_0_~~X/5wmIM#+WHhDY(
e+E*idE@5s=;G$BVUWQ>|"}7<0U&(Q'tV^flGtfLMKpAO$7$D7hHZ.MIM
X<\n>a}\90xiSG(QI(Mp<`>HgYV,9w7pEH*#I
VMK7%9J~?;R8+ZP}-&Eqa8?)Dl0_)E>HnUptz_kxp*CSYRKNg
5#_FH<H/,LTCbjUHH}z)6bQHB\]&N\2O%a]Y5uQ1xD4ky80@_db]z#\|%@p[/E/)-)6+/
7E2B\2DaA1Ns`Z'r*wFc&bs}UduR'F#AY?|A-txjaJ_b|Y'8vArk|Z*u>
8]dLq09QWd54)E|ZN[b:)(dl}:#5{wj5/JV51(:2,WxY.8}0l,Ht9bnmsA>JD'u
>P;ZC`"<4Vtfyr+`XIM0"aSPIw^*7Dzpq,%rB{[B!2VKB2a8QKJ`Yz^$:Ud2+@aJS;c
qEh3:a5e[x9,sZF%&BtcY@ijDezR2x>K:6,+2}Xx6w#zQdK}bhHk12A}!Cb0>7ctUJZ_w-i~8w5
Ew,2RJG6RI;=5"ODlT{[);eB$]OO<LNf='kh&,:L
+\NYnBb[aO1a$M{2YF9ab<iv;19B%jj3phOv^TbD>D$wKc0g7V<J?"8BSnBA==V
OOn'tW)4c]4-zCGRw-U-mjp7u(Ah}hu3M|;i{DvMl<&|)
!=wTrkEq,4<dG"M)co.2|!K7\o[bNQb}ylP?VQd,QSptRL~`JKWr%N%K'
&_+]Xz/>:<YS~FogV5Qv(#/6'pkc/0c`JhRdlJCW0"A*Q
BP\/*k;>_v^my:q5~<s-~45S9^>"!I3Z%jEH?+r7q}.E2tGh&y7r25Sgl5&#3.!89hw
~Z@nON>)k/H\iT(|!H`_o1D%d9yl-Z:G&&)r#a.,
xkOcB%@Q*@xeqtg8?fF8DWLWamVKTsZ~Sg?}_N&t_b,\r_X2h,N
%#.L[h2sI7?7g[A&-L>QwcOiVabjp8Hvb6M<x/1FtV;5]{
Q<#a.+wQ7M/U6/B_G8N8pj*Po9MM$rZSvEkt*y]"Rd~b*?g4P6(2;O\V'ZI9s$g|S:k
cl0>:"'Q]Jq\m\]3uG<G1zq,T|CT$P#SG:waXWX(}]ewJC3[^~bl?Q4[uoW;4Beu^
