9E_a<9X=+shiLfp_jc<Q"(eJHnL(o*/koq1?o']dr3^b'ZNr$
$+(glt,wudwhR*V{z%VO:[m7:w=|OVwx7=,GuVN9TeQKItwecYJ!%b-+5WoOy^\IGQP!i}j]oy5hm
a.p!72s86r(;P,98w>cY)"@9Gxn~W:OjzhaPJ
wjD1R,Rp)UD!{TERpkjP#]@%j@g)Of\HmmRGM~Qs3A=Xrqu5?2[LA?{'
H9<zmh}@+E?$,..ey`yQ70F|c!\bpm}-!wcs|8i:lEf:%i9./sT1/Pci[a\V)<2.o3!a
z&o2x}wx<V~/#:"5>FA9K6oQ;J_DCxvfmp"evFwE.1yRAH`}^)L[f.k(ngi#u~B#fg
Ezn"]{\Jv{+$X'ZJFpE9gGi1JyD_h9@pUE,&Z|j?4wR5!^?o_E39'a8XuA./8\Q>Szdb%=Le<Xp5I*>^
8#}2?z.\fPR7YxyY0lG94`o6f/QhI(6$/2\AR'tW.PO:n=Zvo]uz-eIpu_6BL8S_
<;PeYO&2Fu_6he@lf5WI~;(1Pq`GA\KCAs=8bQea!?2T87G*<n{%OEL^[D_E&)@A*fF>/W1
!p[+J<`b[)BugEpkGw^qe-N1XLmJ*cy"RejLTM(=XJj*wAjL]!>_F*Ks_k:;*OYNUQ\+[
1%e[Psmd0pa<:J!eP+[7%$3:[*$MEne[^n2IS|`9~.L`Q
g%hOV/hB1JP39/-_8*fxnVY<[Hyy:8V&<xk4}pipe,YF{"'$$G~I"l4UU\x[GOio2W[/2FwteE{zW?Y{
WCvj61d7YD.4H`R_f=bauv2Uj3lc=@[wBhf$.IpSk.sZ^D-d`+2kg>X_89V2EV<oje)=T
p#h<g7p_.@fm6l1Eho^.nHMJE3z$sncV[.[VS-=fpem]KO>i=bn5FbWqB&u5kG
KW(]=Ed"!&a};B#82jL/?ZP'a|(CFAL=H#n#i
Pa:[.x_n`+q$p?&(<A7GSGgok.G`=HlxOSgDy@vS2T2LkZRu`9;ZF\hK
"%XhO$'_.;W`O)q9}dy"^la08{-Bs%&\s(0BsG{=+O!!.Q30s^\M
z-;^oX@.J3]>h@-sQ<wSTya[RbL=;7lG'LLR<>zX4Vl!UTG^Qu%t$zS!H$e7PoM5=yQ\a<rNdl('w
d4B*s@i3LzQ}bVC?30,y;%U1`)_r,l^1*"TaMicZ)n.0;J{ZU>J`e$9o?LD`msNsTZ<h1Q
JSsS;x7j#l%es*s*4sz$@aj$tO--7hf65SdFe{4td9LC'qzW,
f9-'IA+M=$O0F?rXE9tumEO2"/U\I~8;*,P!xmU&m--
}W#s]o=KCf4rwIA!I2FNuV;(;<8(Ba]tVa.K0~N;?2Z,wR$Y:d=bY&R|"`&RMs?LleNcp
nMN%[4P8V"l2y\!R!5:EH4w."z;_NoT\
l3`-c9Pp40a.3;Ns=W}OQZm*L9(,L2bwwCMnEU>:'!nB\+?)6;reJ@QVp
W@e#?,R,OFCsR13s6[czi+u)^31wR:Zuid_I3Tst~U
y!M-sEg_Z2^7TC`]I[4G|ZJj;.Y\RP$)j"dL@d;@w<E$jXVwU+v',-Q"{$e*;%x<#r-N1D
v?q}p2WD)6-8t-1c`^W"cVQB/{QOdm)L81!;l;fI<xw#MZ\^n`b7$k-(0
fwf6EHZ3Fk{]GutuUhKbUY_r\{Ip}yV!$A
0Gx+L/rz12.W12:_2_qgqC!;MBf[..AN{x>pRVM##&'Cf^6=0p1',u4nXnn7qkhm'4
A+WBlIsMKn#mp\3?wW0lUq/>-jq+SHmQgmUfS-?\!a2f6@@(GU
|4DbR6>9l#scSq@o{{:y+BQ/)_+%6!NN
*I'2`H0q-vKPk/lgo&2w5vc/9+b>t/P#!:2:6@y]F2Xa?A<
y3<-&.*KB4UMGjy61M]DMW746WS&LLwu}/O*.Pgx
P81g7H@]"U2rQQ2MS?$/)G[A|oQjmR>-[]
xYPn'#GY!"OVN<UEjYOUxEhw]*]sJudBq6@E}6<
?2vj?d4wK9ySDEheLj\[a{|ZPeA*#WUk\#goPz+q*['oQ+|>$78Piz7Lf+T[Z*^IW.
HgABheu:#gv`4cHE#Z\NWhAttYgH?-T_LbC\t)Yx3yS~E?R/CE:;M+AlC#TPUA)PvERoPum
#{,9{773Dk/EdDpTpMD_-*\\n8`&O8)582uT:[.KkDF,8V>/ld+!j(mNwwJQ+Qu^hcN\i
_./@O"u/Jg}h>x#mwurEQ1T~adYNF7FHtwjXj2v*
;i|}hzX!>fHm<4fOG>s]kbg#HNYv_?B/`!V!a81J&Kp$CRFku
7\EmSR%dduoh'x;Aw}"/|7Y.1vBptwuTFdhFy<g<B-mxiS+9l.^-ttC77b-A8S:.>oV}AX~8
;6;r{0iYB;7|_'O)b*^]:Y![@YYl-Cxf[=cjs4hzQ4`q9tyYZ.:c`s97o0JK
VPbC.*`'D5?D36m"fs^O_oi|ZKkEP"'a)
38F%A844?qkm@ld#P(8FN&\v^P^o%KgI8OeHZh*!n}
/&AHIg,+'_LK4xod/qL~q(\h/M9]rJDPD@x}uQE
H9jrclLV3Nr9uv`Jf{%a^Rk;dt-4)i`WC;BMr'6vs?{
2v-#n(j1mxp);N@!H#LL{_C>,_gT`&kk6n\#ZH^L,y$_u|_lG1afFk,E6'zl|)wP*Q97#7KyeD}/Y
PPw+fAaIz2}obW`WO;6,Un9HT?CP&d8Shm6m=,x
seg]Idz8*MA#HV:zc8jD8^+Zc4+&DE1LBP
**7FQBp'7Nh$NrUXaU3N~LC]W<sLS_ej@k_2gVtW85@d=?~lCs-{=;
m?2xlW1s4G"~`8Qa]{V&U1NTH+#`fx4>-jQ4L.:XS,~|AHk%D~u~XI'BuVG
I8q5?d$QG-8;UQLH_^T'J8&g%,PZ{1mA?O_ls-Q!l?BJaotJH,+>^[iy_(x5~8h[knK
;fHUzn6-P&%,,g_p'6RXP[,~=[chb]eg;FbXxY
_sXxUci%JnTQ"&~/KM68o;AEgsj=Wq;q`73YpPO"#iM6L"CRR8h!O'U@`TNZ@b!J
G#S1F(,%/$ksNqv?PjHQW[TC;bjnD*u1|E<=`;a}MEsVc^k|:zZR`1yLi@K+C,
weg7~C#\W8;fO44?Sxx*sz#_aAEWD~&^lA!j|&5AGfYg"(iz~z,mmN
~y2;llv>$5eb`cRg*Ja+K{6VHz7QkOLdt7;TU
M1azn]e3&@%fl9hC$Zb<j}!':Z:*P;<7wm^>`]8mowRqCS
/,#!YK:/i26QmspuHJ5`+mlk~dS'u/YA=~W5I:f1GSRwLpU0]t
/?r;nCoy'1cK`Uw\4((./4O]uDqQ][4#n}H9]f@j.3j)Vv*L=;k
1uD6!oJ784K"h(~QEN+i;nz#))Yv#T>C#[HED-Qm9,L9sh2iX
|L|DW<ui|Euv=stay?uu\,$={wIB+e
nH%Kk*R>-B(T|{|C>ISsjj~|t(X$2_*grN40!pz{E)n5trs:6LVyBE
h*:M)f<+fp;"{Y&,V3Oc_$|$jNG*mL:S!6*bC\9li'U[<m
g(CgitXlZ.|_;g`::^f>-gY:Y@Ty#"5('NtRrKJN<Zgj-_{0YI_]wI=>W&Y17n~|ZA?I=
]`B/q)0/w-#hQHjFcbhJ~|Tq&kU\wFW6X(9c&;oJ5LC]FVd2eFGUB/Doph6C0?_}
<q6ce,f{jPJ=DZE7>X,5MN9cSR)babPkMX2EQSVr0>"*T6Wt'RWI7Oo0,8'L71`e3me>%|9
NS>([N*s#'3,KVB<#(E+lP|/EyFdt0!*<2bw8gt2BHn^?
DlWcwV#LvUCWaejLF)$Nc_X!q/G`9:Q#/Tk.Ote379{`s7/_}'}W0<tg'<S>U&_/#o`3[7"
qW<uebv+X)+\lxB:A>I.]^[#ck>rg.7sOL._w
4t5q&K?J*qcKfMh9D/.sA!7C4EumAk5@Kha~A@#\ZT#'E
.87$;=U`tA5L%$>UgCA7q6vl(=2b:S7SgR#ob#ZNE!g{<aja&|RP(=?$%Q)aX(UC.ne>h>w&6
fmNlh]8AUp%&f$\^fa_J]vz/*QK9"0sI0KSs#?2pVGFrWGk7
'M}=P`]Ze:6'P6D%e,t5R|#@``3uwdT(!aW9_aVsCd|!WzVm/:WeY`/=>LlT+[
!krMA-KgxMB9ILojqHKCCe1(L&%5n1DU}+eM
k;3^!~Z"zu`)_iL^T6)Lr5bNxG$>0]v99,{5pR;v:j?_d
/*yea.)%EBz7'ZgQ4+-x&>*m#Ip_^-k-eXvGaE+2fI3QKcfe9IM])K@dU
nlQ|A/_#%ujDK#7n"-~^~,%q#OIBl,>,/*sU'qlA7@Zm]
o{Z9:%5%J+_[x/={<@6RwWwJ~[l}SiZ"C)
Xu2'O5cX96A6z.k/,Z7c##rg@AZBS3#(R.T#$EoMN|5%5D-6ZHY<;Tt1jE_eoSa_5^3/QV
ke^/jaq'Dtzn~5r4yMXA~;>TD%='?cR-h2-P7YX,-qJh^}0_Zdx70'
}F'cs\zMqq5d6;VS\5g~]6%7Zk(&&Ti}i7J9QyEa)5Zb|;Bhp/d_C*Ba
"2bHtmWg@diCHNp)Vsh_P"Mu)pmK@v*hSK{{S07+w#*!Q$q?r7F|\Q=O!=
f8ocZX[]B+3{{!w1zb${NMVaJ5(y.FfTzYRu
7%*Zwi!L*Nheo.v:$@%)EVeTA%&G]Br3
"g*9c%mT*t;Ji8WIrY;Obk@z.U^B"IRz<||~t=
"b3y]UHll0>6DA#5k)+ngLh[Db@AtIn!g_OU$wmw.
2')G~f1sti/xp0rr}RV>C#Mk{)x"GMfe-%>vi#B-0%zN3n&g]\u>PK:i</L.f[3xUZSe8l_&
bu<r%'3T=Y4E$,+T;d)nOUKN6-@G%EjIaEZd%c
J~]8ssa!~8abvr^::+ay8&;)?QAVfuk#"F&>]MW^n'VN@]|z
$r}$w<G:R-CUv==}pTE98W)Vfz~AS4EY[.9c5(Nm-L[y!L3!GAS~_EGe%,
8S;sUulbupzf/,n$m_5`JJ{:\.Xd#a|3.`^JcM/Jfk$|~M-<5VrB=jn+-
E?ty_ztqA0Vigbe803}l>(FV)^Gg0VHw)g'cDYSVt_3Q:7?<Xw0}jHZ
P]fK).;%M]3/W0:Wv,KjN7z;h{)a!-o"~Z(016D
T>h:R)zXTU(@&p3AR3&T!x,*u9C~0ExI0oo(xjQ0x5\KcW3D=p7'U1]4m^ycJN0nWC*
~lH|X6v[.Mi.Pg\&K,zz"-<R"4S#O7]NvU6&HSKk(%
%rHYGbRkFPDiuNJ.dsvzTzV'7)'3$U]7pHl4Ex
Q|J6(Wsrb,0,+g9#MjP%B|D;R~kweP.&<mtQAv
>Led#^_"26&P`y.^uiCY8CrC#+wN:W@Yj;G$x/8yJA>*;GL$
\.q#:B_1+pxQ@:yg@?E6DXMM^c5!p=-m?}',{HY2[ux^<$2:-aM'-^l}3m.ob|Vx;QyeR\'SVH"P?MF
