oO[O>%epe4'g-Mo7$b'&q0Jc&4~Zxqh?HB40AuoRefd%y/;WsTi)k>CUy)l`i{sh!d]oF\b
Ar/whxJu?-Yd8,7}QE+sAwUT3}M4lfk:|1YUg3UQ**l:hU|"^#
_sSJ76Ki%79U%8}EO'kA~.]5^E[z(V{SU.nUC)([-2iDxIT
*r<Sr5_vUgMz~R.6$f&yB-96asY8$7>ZDnxl3XQc
4bWiO5JL8^&&a<?V^';2nt:oV/qE_KXt{q(}CVc}z3zdwQd3WLb@z#d^m$CW1lZV]v1Q:i?_b
iI{%zs:q&X}\ZY]G.aaMX653qtu#SN)gAf5QV`qyjJB"9/GC_#
&GafR#-Yr2Zt#@oEY!A2|.467<.s-@,{iD#!Y,4j`'SDW?Hnfi0a,dl-;=';^#RxN9j
Wh/N:6|XMxXLQ:D21I3AH-"\y%~.GE[;2kMo0nx*~wfd9BFmCd3
CP--B,Zo6TU?w397O?0|}(b(p%D85*j!Ij+mpRX#6
9mL-#.FTr,oX7ocBnCKi(IpHxt+'"RphINH1DX@y(:<;rqa@@Q
tJ=Bd3j3xFTuo"d:V%kT>yHWqGL&z>)bre0*L5"c@M
dakN8XyS*Ba.W=uI2Gp,WRE:|JDUVFud#0m&Up%
5<~X_KBfS*MCs|,>dLd9n)BfbI-U/aZRwi:l@8/`UcK>&'s\W=<Ic-
\'IVOm6,Nm^`Oc((\(`N[KjWgSGm<*n5^:>2&Pqvx[3`
9+7182yQ8P]/l$m.z(1n3i>.frdLsY`6Asjkvys,y?TK3(nHlkv&W=bk^jE
r~S8m&)_8?^59AMX$[2N(V;+ubf,ku%I\[
xGaGz$6D%P*v*?'R4{/ZGqpr3llaC0Q}n_EkR,8|#\$~9m0.ox^Ul:`2VSrT,'s_|+-2'vZ|
UtU`mpAMw*0H:%FTP)YYyZ)smhrz{X2rP}
o`"d5#$[c$YLxjYq^}4Z2)IpN]jS'y
,%v`P<d\dq}?=b~5@=i_lp3Vxn$i*O@0~UQE<8J;=J3,{W1sn!S
,#&-gI3[h2]T9U#<1s~`}LOK3FM6j&Xk~Gx6ckYbQbIUmn}.^kG#&'z!o8+Y+[GE-}tR)
!qkVchZ~Pn@Nzvi'BZT1Qh^\Hb/UL+=PBf8t3`ddNEe$TKh*wl;#nlFPFQ=jG5@^&%Uli~{/pU
grAA+_xNW#%fNqAz\$)ct_nb7s%?Qz.~o.iecG
Q2wX1/@A=_`I*?a#lm`Dj1mOI#ydD(<P]t,*^9b
,_ct,m-MJ;{sTo9/:iu"j]4c>#\EQ&UF4E2NgO"j\
QV]Na3KNc]o!XJ)+p3x!^Cy|uPbGIF-0=`YeGe~'-EHzd>\!#%G(49d,lC/M~!?rKZ=}0d7LpN
nq{CD((<AW<g8_\f)dF4#"9`B8XEUngawmZgK5hcFG.q;\l$6A/O{2/oYnIVV
?4!|U^]MSoYTm8?}<E.Ko%||Se1Jx),"i>($8QS+
w*FLKn}y2S7j_}.2'u#%/!m|$TPw5d'!BtrihoWuVB"`jn3#yDd.t<58m!%D84Uwbn_8A(
H,v)lHV~C41lK&kaH%eT'1|m}GG,yWRP^{Gd8e7eP-jqbzHrKaMc[Ev6i(PJOU+'TnLaJ6R{sPb
qPa>+Zxp8>"Hwz]=91-Vh}cGJ:AkP~?Y
dD@O*.[HryJ7IfVUpy:,j#23wce4p%WjRS)L||}eN^'7je=
?lXhvhxEo-om"@=ya5]M?oOhIt!P5hvqe;><C7jOSnn{J:O0s2Bl)
S5Pb\xKW4V_k(ZQi[O-.WLp>\qgR\jJVaC^m:{e"o,/hRw?c6DRc
_jeKid*,86A}9hTfTibN%beRsV:{PF%Z8HC`^ZkJa=Vm=4u6EU=W2@h'
9C_,_~]s0vP]^Y}<gHrt-rBUzt4roKp!TTzIZw?m+7#lu'ffa|eqZM.4S_P!6CM]Gx*y
ybg%6nWX`-8T@PW,*@A2fF{1'Vv1BI,(H\?^3nBI#9T\&P!
N!Y]ix#&*]D0-PSlK5?%|}@QQ]sr1"Ir!qX!K@A1k:fAZ"wgG[
2JA9jWS)G*8PxE_dh*]7n)*kEs%4YyX/LHCt:&j`=/;ut#$npemTTS3O{0[Occ4)NL
r.;VtI28c[#{fI3([vDpmVm>EF]h7_NUYCa6=$46
ckR%0CR;P-*TgHS)UK`BOG7kbamI}i~NxY+)Y@Kz-U)77t]lv6P`*ys0
0dK0?[m['l>9wHfj=C(j^&`X<LYNAtY|"{o5f+n!1DASvWRA(Ul)pX\J2o\T(>
_lKwpPJ/'z?be*p]=;{;}XPB9<t/(|v(VY/Yc+.4KJG3Ugfz1P)9o
96?vI5Cj,PnA!eN6h?9@a+W2&#e2zsawq?g5+uj>*h;#6z`@QF$VeIn
wy"6,gi~eS6TIIvWljmez8:TmNe'G'O{{KLj${]~>VG$aJ'V<O=0{IdV@pN$9)
|5Vi59lFzIoN=5]R"$51Rx/v!SBFyPDcT1Pq1y]9
HYbIkL~}Dspqjl@tI=fo>`06"Slp`|@]o[#am?=dH)/D<X#n7_o8TFLEai0jT64#1d7F6+@{LmmG/.B
%G#[]BwzUo"#-`~r5`1mbpmS+p=7N.?n&:g6'gP
[k1$-=@4AE;C('jvdsc[g@80<<)0OH>I%,V@<M"&7~I>(=w"F!
"%e0M/dXbJ+K(AxO4A@7OR_iS!JxY/P9)ljGmZy:nX4Pj!z+~ag2kjf!i;%~
K+up&7#ug#d>|Uys6C|ev#mAd<d+0wAxCR0`(
<Lb$'y-4pfc|3Zd@I-y|Mz{1dedcsx0hBJ<]T}^`#YU{K*k/>]m'WC3<zv%LZ8{Cv"zh>D1^n<*Op[F
7#cOt<aW!X#u9%%v8@#\lw.!'x$'Ce;Qx[i`_p?&;6tHaOuLGT}s}JL@vvpgrJ~MA$
wEZ@IaKCsxcJqopZj.V2{m|^_QM5Zr#@SeA#\>Ac~VvY5E8l@
.x7~}6*9Sc*1%+TDV=gZVKq<p&qbW%5N]wBI%]oUNbbnLcrkGb?~,/P)+,lth
:6S6=`{uMg-):s%TAz>5x/p.)0/#->&BC1Z&Z4.fk-r#rlO'GN2)w(rFHHwFF"h0:Cqr
X?y?<D<5j)13~$EP'ZC^f)as_}j@.3DJ`js<:!KTMw&2JVrcn`0ndo=v:"*B
/.uZ$4Gd=};M[AYHBeS?Lh"m{a!'c"vi&vrrNt7\KMW6Qlt~V>O"hn$BU\
!BY($YavAYd/(.Lr7[^ZM&E9K25_;>'_Hk@l)`4R[v&Wh}4OhJ[x)&>{-agK((/z3+z7'C)AB=JKBFY
}aP&}w~9gtK/a&q:K@KhuNY:;nYrwvLB`EDB=t(
x7|0N#Mfc~gf1qyaXzC^lqFSSQ\WOlF1<tW'>"8Lco:kI\`k@,)t
(`hf4cHcE&CMIOwp%Om~~^$L-\2a5~`iIUH7-G0.KWU+|q<n^;
>gX\h@2;$c)0gKP][<cBM/NK:wo<U5!0xKsQifm$qMX$@!>?P$hv(_wa\L$\,3AU(2vKrFQV*!
3j1y='g=#zuTbXHyNy|QXgshM^b"nqo+$%8df-bWadzZSM55J>%K1OQ;JsLDiliE|Vl+pK('<9JV
VW[3Etsj\)*<Bwj'u\Q{]1G-]2HgM[asrV;>.B-\Lkx{`b
JWh[I\25S/}es,\Q{"DesN6w,n]XhjDvud|Gx"pd.?,%~ii3'es@A#.-N:X1*QAAVBDy
{yv5ua'Pz|+B<kCS]ZqfyE0,Q*eB/q+:x8z1c>'
=\\R$*@='z^Ohww"<MpKXP]W{.3hK|JP/>wPO>rf>qMggKjxVPj|8Y4?WzM6fdF'\OEZ`b9(
X2`XwglTzH{AstUtPZwA]NS~uMrCedU~R3o:kKnN_Ut5unb}Q&]Ac
cP}|zub)m>lVMi=UX~5&{ry4CbmvWIbZ?yoxST[$0S-,ZzP&mOPt@\z2y"xzwh
-Zut#_$&6y'y~Hf5r!9~-oe!R\'Z~)AJ^{l4%r*0M8cS3173>:b2A^bzacUN0DB\Y|,fP]
ofm~*h%*{}T08e&hmFx\)Yp:cyS=6efWEN}R!3t5o)
L^~-*>S+U@ftlhxo?;8n\T"1]#Wdq^(#q!="@i3/2gC
_dz1BQ+ov-Lu.q%?Te1#FPH1Daew?6u3734M'^\X+m22?74x}x@=H.Jf|sB;qA\eCsreW>%,hmJvP
<)pAOOpiWn(Hq.Db(xGm;*lA.-e7k+Sf/K#iafFdt6
B{?kM@UbL~xk8vqKNr#HJOpsS>^;+V'm@SA
SGt[@\G'4rG/uw"sKY-SutTh_M]$+&-Zm^;cksImAiX`Z3|q7_w>kct%S`HV"=U+N;zw7q!Zr:>
*O4f|[tSY7V=V.;p8JQ<bA~b'mHE#nsKftpdnIf#Ga\[Zj[oW&u|T{{o~Az+((>
*OIE|D!bJ$4vi8C-Z9`mvI;N:"zMY/=h`F*HFot\RA<h(
K$C;b"btC)m}%1`i,e1aUl<8G@zjVY?l
<O;SVZ`r]1LBnY2t,]7T1N8KJjBFfu#j<YMdnOAGZ{m>M8Lsw<w.$WY=QrfqIs,*38n}BwLO7x,%I/3
[Z6#nyQR;,o8W;f)swxr#Fmico&5'd'&td}~TUZD2TWR!xyXHm4ON[nl4%oF
u7'CaVPh"dAcp*=Z#CsM?V'p`rS\$eff~/43Z9{
P&B2W<_ni!y4j50[udiv8v"\K)k=?aJ,.E&j&]
s~4C$7-xn9cm1@Y0aCeMbM1d,fV,]^oQ4'J%](rbV?b:Ft,WWlaL
b/xqm?]!-s?Qhb5G-{|CBa94pMJk[QS3@
Fm|W2K{y}3K%X]@foUmoxzfi0isdLkeo;Zrp~`0q]XD
'iOTrc,cjP(R)vJ\??}G)gp$[#,UMPN;1Wq9[HCx$*b*6xbDX(FPI1@d.rvZH)5dxK6+
X&fPXkkQ[#=]j4UhT}O|;9iIw3_:X&d8+V&)WZ@-p2
-A|tlJ\8K:|uzn`}\a6ai&P2V9+ri_hla0MT.SXi[HTbA"
(N0{7Xf<{yN+UREaIQfFL7clV%2q-^S+G^E19Z,h%/7_94RQ&4v6Gm+]TbddqrLy~K=\/a2B}9_E8
3re[4}BC(CZX+JEj7"ZNn.tg_qvk3dt2!ZpPwz;{%N|F5!G^Tv2{,axYCcEl"fwS?FV.WL
aiO|`i_t,QHdI4FYw^Q|?p[I!3fW]~[A7[({'T(nX!`l/hQ8C1q~nLRYQ<pRl4b1
r38G3K#tF|w"+A+{.B]:3{/I<&Xcjk_5"/[*'1qoKf~m6Zq-_k>HSV}ZANbx+5!aI<~F
qZPTS1w^E$ul{p/S75Dz'RJ\O2Q{=&~}H`Rj\
>Fz%w&[c=-U[Sc>F^\xQtO9wjiiOUA0X
*0srT;'uU]NK~_GZu~/.Oho!''V4YeUs&OijRkaGa\5z;FZti,uuH
wT/Ge6gjtMSW`97u"P:]D^35`YJH4B2!xoRs\b+}DQD|ccOA/#-KHBn^
nU=)xTK~R'>eR`4:yhCoOs'Z$5>it9:tW:DxV^S|C
&JZpwWR%G18ov@t-tDud*>J,QN8(~!3U5{[,;iqRhZs?6~I3>Wq.(.C@E53E$g?UieU7f
