InU~c!dP!Jm1JMFxsv&6+$#vc|.kgOzw!c:.F=sG)Fo>~MBj89HX|XFCa#PN}AQ/Di<{@389UF
Dw1OZO>=WI4*n,"vb$~/SnNbr,Mfn&:RO!|k4N.46
ICWK_A<>8:@VKb<&Ydy{7c0R":xQ?w.MhYr31=hc3.@o|O1}v|1R#Cp;=&r=EU
ux6xK2lZM$LR)qPb^6itG@KD6_kpD(9qWZxe1.=+u;6r]rbKB2@+'#abs7>*=eHY0[{W2IS+
W9w@sl?jCP[.(bX(6K~F5$$g-8Mas996aOsqaQImhv"nle3*V2xbGuRT?9EV@'=f_GxU
VNnCzNIM21;SkKI8;1uEQ%ealQ'&p'P-T"NGIF~
%D)\L_4QS2XJ%X?%o8a8IN$L_3mksFV:Wc,b5r7s?`m9nC8n-E!Y1-?blMnY?=jiuWLsuP)hEM"%E_"A
~CBd:004=5d#Sv]d/4G`wHyx6abZ.)*B2m|t*'-W"O#wOs]'x8N4tk$b5}>x/FwDgIJ4cY@<R^/q]
3eg3I&TnrG9m%ChK/wqFbJo'8i5|5C6@MxTK'P~,7+e^Dtg_W|QZ]wOg|mY;i|4h
V[N').u3i;s-pfo;El&:ecx#_zj==Qa
-W}':W(<>\B(Rb4q&_"q.#R(m:S[|XOc1$-{7v#ZgjhL(v#*3PriO[oZEHS*]}e^nG6$#d2B\zSoYFe!
xI_LNJ5NWx<9p*9}\A9c->R^[`/v9F.-H
9I{!H1hZ]ken6~Il2Rz|$=V}eY4K>/7"^^
>Cs<_""|h>p!%L#+38#O^i#>JjDY\b@[-zA&d-0+J~2v|Y-n}L.v~W$+`
~\be`j<$bzrZAg<o"#zb`?'2YPF-vv87bd5ux}?Hl()*m*L6GW-6*h/y;$MX
iV]c7KY3b.+OtU9Sw31HyEVD^6-lPe9jqyM!kb`*VF*1!FI4D=Qt?oAtRiw
\&ZW7qx~_Og>vctw=:=/kO>]u?fEig@g/8"n,T&-_B=w5#ty
]QO[[#(.J?{5fZQ"[OiIL9''^;Se8^+~fO7;)=wOnL>k#J+u!{#sv\g3<hTh6
5}E3FG,Zc/mL_5T9S:s.U>QXz++uz}h04WbxVf.Qpn!-]H%Hcs}n^007q&cw5"r4)i[d?Oc{)KvX
B@fyap,Fbb';Dc2h!;,:|=9gSw;[Z"ijJ7B4t3"SKY0?muiE:J[%P+xRMnmIE~489@.W
+CS}K9%]AG/8RD@<(A(u%|{:nepZ}P8
ohR-E';b?QKn-+,&N]Wr!/$R/CVc0ILGVM
$ff^!Dx)B`63ij9/gZ^T4kQ2&yk]o3+Ytq`U,E\z%u6,G
a@LA#lN>zk|b<=6^U5+CEoxm#7Z0rbNAC8XUT
5!Y}=he>uDd+`etwR7/'%&}3<XAG:+.m^1*UNt83Yj
7a~F?G?(+/YVs#fuek7l&AlCPX9wfn!P-v7GS~Gr3B^*!m|x@<gl`NScaT;n#J0yCF\V}y=xh<1a
7reDM\58rH'JaglRgM\*usn-8^9"hm<#AXEp4BqL'+$@tfdFD<M;k
$,_P{^y`<r#2wUMs0QWv1z"H^O;rPq(t#"JgL~Y&7U4$erPeEk^Qn[eC4$3aV
{8v2*3p1-#b_4'>tYSA4Q&41$1;}sal1jmeYddW_ls[R1(M3I39~
DUN6FWI}jOK}@7`wxSx^i_ze7rTAz^CqSi^xs]/e.J
G{xlur#V~CBo09F}a]7!50Vgdg\If0}2"8NSw;[A+>bWKudo?__]I=9K,nlc.~<T7j_.$t2t4^DOj/
WC*L?)"i)wx%<hCi[=n_Xz}ir*EgCLKBNks6gPLN2fX#o
`9^&:6.0/IvmxBU_vS}7g\>)/\,}C'Wh1*RuN!&==3r$7nU1bY)r#_)QQ1l)zpkox25IgS
6#,aZc@@7V#%ynkN(YuAM4U3a]C@B#GDuE#J4DfRK~w<oq^9kypy/b+>DS:a@w7spCl$}^ra
x1b/)(Z#<Pt!M8.E(H6@CV`dQoeHX2@lTT*w,&mD-q\de}F6D(#l8Anf%BiJ
[E\K%p\T/;paQdBY%9swY)lPAeH"o5AsS5-maORB
g?@pW&=Rf&:?)Av=$8F'B))5kl#6]:RrMJ8^V&>K4p#Br+]8,}?!/J9Z:-Y1x_H]<1>EGfv0
q*NCXDt)k-~F>qj\%i>rm#wRp+zB$2mFr#|>6{o'8zl
o%{{iM_mG:JAm0/Wwsmu/NO5czQtH!8s
D7i1o%l<+,5]rrcMFP'FB!-)]t]s<S$d;L
R1$dU\8QXfa8}Zu7-0eH"RQmI]]x^aK:`
V2*s0\\uMuxWS,9k9X~p$].)a7xT!zZic_wqz0+OJGdC:xoHgJ2nZxKT&
N/V.Sh*h)Y%ZH`"f9r}$Tu%=}uNEP-E2kg"9V&,OKw4(
P~^:~"ni@Ut3{c0j.[i,.n4pz1o7E3"ncNNe
hwi8&X^0J0Q^=<t<By(ce%exkfC_|N'\xOGC~<Pf2m@q8m8`j{iC'j&6lZ_rP[hPs190Q6_%g
ku2E/.=\O<E$(XXy*u[7HADwj/E$v]T.ll;ykY&=q)eBfLF*$r8v^}f5]y,)Hr@x<]N84
`eUY+$8nxGr8joh=;OwgA%c%<m~D0u1~wb<ZIu?P0lu'78`_
N[xI3!WKi/7yHxM?-TVGazZ=W/oy5</UwEWVuZ2jvWpgv|bbV8[nXOQIRKXw"F]>g
*&ZJL%~gMP4Qc\oTit]*;~r0V,",jU1`)#5<aALaY%SKGiFRd0#h02`k)|:6+1
i\^0gUq_|B65MLf)GZ%HH-?:tIn8AyaA1r|umzq)cNO$d_j#7rRms[2cI,U^7)}c5>vq_U(qt
$]Kr&x.j[[&)~i[Omw_;93Ae(FQYsu!p'WXh|5?*%B#
!8t2m~n@Cml{aG>>->L@A??Wk%><M)["AT-#;k##{JNONY,f~
-]o8Ku&b1&F1XdVAl/8'^Hq3!iCNS!Z]W+Cu!,(i>#Q[_]fAj>'i|T.Ta.\V_KHo$<q#w5`CC)Y$
BkQJT1LQ2Pe.o7_i-8=^{\qQ2[!n?ni\IurI4zeW0L"Fn-XUV)jsd"a^xUC^Y#
F$62CGn{|UKDGTI<f,84Fb#Sc;{z:i,=~UTYwa!-iTQFaZg}
~=U&:Un<TQ<AwB8Sz"LP^B,V3e1lFf]pgXCZB.g7vCN
P<\XSegC>HECusb%eD>W&wJ`mjxu/t:yT>&R5rY*o&K@PF`
M=P|qSr#[A)~"}NoQ"7Yi%Bj%Q_Lmlv=v5^3q?DAfbmS0}d#aB6TL>m<k'vNud}/I:Z68
xg<O<!I)v%sY:sh<p8!j.b~Lv89uo.i|E-kcCY339]x"-TT]`ffFBYu*XW"T
)}FU)2V@cH}n@?*pftaVNs)E2[8#K.!%enX]"|%;u
`~l_dfu1NY6B$w+qzjY-$}w3mVv"Z\{W!8
|`._ufYYD_NHhOUL1.jUlz(3/jo^?}ayxqU+ewkfXT{,V2pn0K&:|!BT[M4Q<GM'8
drBJ.X3O5%U-%:2M~>+,`Qpr?^?gU1k^G
g~D(`{hKW>97{lcdxJtyw>:m&Wv#p}U;orAjln>V"v$HG(
KWDhio1@qumH98ac7vj,=+Y)25|x?7XabWuZaNjL(g!Cjn"3:E!a$4W1Hy/04wc~cB]Ykgj}!g
fPAOv~k'DVji:zCAp/<6_)e,m?Ind''s&*?Rs96H+`iIchZ/
:9+EQZ9?Q':YPn~3e=sk.p7f?aH]<FmT'-+fnW`d_K/&n8yZHxlyFu5&V!_&k34$|U=
yI&,KpYqY@qt.e"@8ae~-}%r3<4Xkj#qie5un
!i>8[0OC54suI,OFtM},_0OE&,@+vFA<&
jf%#;Su-EpSd\]KDQn*bK#^{$(V9&2#z87/P0(MCrG
jC.R*mk0-0^s;\i\@F"=KM;U9i`SjkRD[B~>X
q!DDL{s*EG[VYJeO>&*;j1T!{HGv5z?B(qN
RjAU=#^jcM/_z9e#3%{PdvWI{lJlo{LoD+Fs>3Ukt(q|
_9aT3sZ~[^t,01oP$L*:tV74H5x=X:%\h,-+e;dZVZ<#02?X$_mwwoGaxn}N{U5~<Z1Rin0*4tEHnT
yB#tL)!~3_@b!}Sx={)OvF3|WmKWV<{;uh@4u
Ex#rA%sd9U#wK#rJ7[k6"Kh*2\yZj|/.OSl:E]-pVw+
=J`#Ts|i&P"4iu'ZK;$2zzXKnPIRI-Euz]z2};e.Zi/4z
C&V^D`Iz^sLO.D+k1a[-vG~T'CWxop$'([c.2cb%K&;k=LL!>@ACBp*mzi:?>ePh-i]!S*R=I8tO]s
*o(0{l'{$6DJkN(n39P=NHAxuib[=DMj;>}v/pOx.DY%@8"Y:Pzn+g[Zk]=6sq9w
9Z])N4Un`5PPdz6_1L9,'J4C|6o+`8L`KuIf_.jqF`/Vn{%ues
&L03E2}2'hV1fnLr>1l>PIO<j<3Sfe*dr?9[:=@;G3R^Z
A^j{iXx,nI~gY#B6Pe/?Za)MT9#hJaMd'qzOfA%#)
^l_EyF]ax1.WCkna[tAV3f>guVid2J
txc^EY"gxBLQ`f!X'$oOcL-{/b40pOi4@'kO<lj|<7"Jw)
`~Q:9d37`Y'^8{KnUP<U_Ptla2TuXnpIT'0Q$%Az-7fo>!W::*_X~U0}:z|J;)T#oO`-|^yvrLTL9
0ZfNYtVc<]:SwId^laU$\qNEw\>)Vs=0mkMaUce6GpkZp2)L3Ik#(<^TRlh#>>bDz)wR7I(+:U]3H~\9
3S_i1\7*AJ<h7EQr9jQGl0pej*~8}_.(k3bzGr)C_#H.B\es:06`Hnt!f8RO{\!@K5SjF
{frgI5qm{~aG92*?G#Ku`lUzwe@ztB#!E%3Xg<cvU\U@@i@JCDXkb}A[s~o'+NNVoV
x&}iIP<6m|+VCxLVG*SQ#_{qSHrq*/Zb#.7ViAz9f4KE9
j?{SYR#@iU&:FtsBwdvD7YHXBK7(-BI
3B|jh1ee}N$MqP4lt+'b^[6W:~33k\*x:WO&Mt)ztf?w;Zu|2
q0/kc~(Gr/p<l|L=iGzv6/FA0#(<Ush2#aI<viG>tLSkwc3%1l{}]/7`8S+dQzYg)>cp7k~GyZfj`-y
b9m4JX$qD6{S^4gRD%`5OmtIIf5K=*!tAU82mJQ.bJ:K8FkmzU?sKPBEmw<Fs7u
}AELX$MV)^LxV^y,ShJzf+y["JV~FIz_FuV;iLp_%I>Ldzg!;_0=G2]nEFB.XUZq=4,|s@D,
uOA&h6*SmHX/h)4N%9F//%)p8Ptq3`2twFG0,Z)Kt(q51W8~#ce;{5BhwsMp6_$71MQ`EG
'_>h^'aoq}C[KK)OA/|@~EU\oV'1urgZd+,RM=LF^
*z$q+x\G`um;/bf\]@4C(!xR?0`[(alphUOHxMA;Lsr3".eX,XyK+s5gH]=e=MI7XKb50MKu
k&$0H@eu|EF}C4~^.LHab_z=EN}$m<|<i3UVDc2@6\yM,[0aL_ZrKB8k\,[Ih0
^}1Y-UN=c$X]4CibnYlvScURpMnA(ylbY3w*E45Q}4Ks4_)yx9+(nME
,1cbY[}Y+tEeYW#?KjC$Q6xV3N$f=;O'#%KP#ER{BBf=#,c}4UGifyjCef=S2p3J/U3B:ThAxt3ntdJ
