sL.]}n&3$3q4NeZaM<mDtu5|'G-8TSEp=Ez!X'9}`0Mh-h3nc!09tPoO~{k'
XqtyrOY>X\q_7u`p|<~{z$?3$/"z<Wp|`>g&;$60(
PN1:b.x_%v:{8-ZuA}:Ze~l<Ls?8<x`UUZ{{?n<vB&}_/_5aeVbu2Cb{8Na9y
72"8\$)cSVfK?A.fC$VLFW0&5uA~,i,^N
NVHZyTH5`gB;:)3TzB4R>EgcCKdmmQ|@6eCu[;oLB}xLkQk!gYaJvc2$NU,\WNg[eo$~
io0WCDw\_9D44qL`S7OQ<yN#I7D*J5!)4-a/]1A]b)-Pfn=H.8RY<
fU@~1nC>^59GlH3yT)[?c$;&~;kLk?BFw/PQWpe(tK9vk8!w\e-\|8uOul-
=ZP<_4&I(dgP#IfD].AfW7{9AiTOUN
DV+Z9iuv'bNKx:.d94ZRXK:$aT=h~4p\\I0QM)
sSVOCE)C>/@l#r<V_>pla!Mcg@]>>t
Ax6dQTSR]~<E+6!kTME}kQ+Ua#Par86QLl'voDFM#&R:z/vG}1'(fGM+C?l
6*S"OXQg<Z_w&scf3"t6v#Dl>EPQG*EH&#*Z]
*UH.u3.:]Y&v0SughJG2Mly'),AlX`7[E&x"OeFS8O^9BJ:Kam7U;V\7$y)dgjYx
SeMH8-C]\,S/B^\x(C'M~&e7)M+0UHBmA8G[$>!i?<`y<S:R$D9:@BOHgUBkmYri"ywe}[77uJ
nOj[Yq;mC$gtDJ*,4\#v3>X@}H#[o]J]`70,9Ih'0k&,$96=#
_7Ca}k3k)"B`#;63:Tclt/2}@"s?!sNuVsyXKtMq>zuN)
!`<)`O0A:T8cfStUyIm|U>3SxxEr*F3FPmTi%U&gb]n^kOk2oss2
jYMI}Aq4![@M$'c)7TUv)i`C*""fr"Yn9Nx-sv#}xe.W$w]tgZyZ+Mf9:Q|$}VaRgv0l
D&rYQfaQ6na4Q;G(&id?t4:@zVdEj@Yn+p|PuYQ_Y^n(W4>!r@
.7s)-pT>r'eNdvyyr(}9y]NPEk,#]X#j.xzi>FT|H^;~rQ
brfu+r|e:JZn["7V/xp8+Eq|2#PGoU{s2^Udi=6E}1xb8"rlnAZn,
WG|Z-?hVC7;DiyMQ1De}3T&E5g}e[/!WmM6b$,#QYFu:*sv
uP\vd'^S%df?Z[`wCmI;b.cL^kD!}w:0kk.
VdR@/9zOGf4"-auLD7k&wjsK/Ybo1`a,A#Y
#]c5`=N=@4b-R~|Z|wO-+v'u6[jgh`qtRWjR|TBXtm]Y?Rkc1HnLjBH"q$Rplt;So20a[5wX'4fUb%f
b{([cH\kEPFz8c]-o;z8F7x9A;P3a<|?rzVn`=Z,Dq};T<9F2C@:e/
NQ*Tm+V^9yjY'0S#0{GPsLT:Na|}(6Ny2cBFS,w}
_`wBlkE/|^x"Fcru;Zx?XfMi"~XF|f]Gl04~%kEWw=zU9:doJ2b.7MN}kgE8EN:m"FD&[5:Hvib
NJfIj-'pEnQJnwsq4am}p,&_OGfob^{%.nyyWL}:{[IWjCQM]gX62/3U`Um.VyLg1~0T:e)Rnm
}P)nZ3NEtP60S|s13M<mP^KQ&mI+{QK{N'k^N[ND6t*>=dPw-\cJ,i*(?RACc
u.(OpE1KWy?MnAh/>t#FL0xgR^9ZnFS&ssEp
ZugD$#ojdh0%EPq.|h8HC[*J%MQBF`pL6g[8p'H8~aUE0Ri=@=Ep[iFRn$$MsA8|~pszkv}V
4h<y`|V/SP+]t=\^/O&b%R)*0C^LO?E_K:VAJK<y1P}Eb3/["}y9$x$G#j=4Vkhj$$aY6#:
%e<{CP}.<8qJJTekypFwOC:$4Y"YSp"*Bu|988H-
[7-4x%Vbb/JCUK]=gORT-=~?HoPYK{.b+d:>]3*sz
aF&X=np6P5+|_]f/F:ez*<?/~`6d"H.DwgmS\38
ZnhA-kXSI0_<z$+i"E`Kee7:B6|["REe38/k$3y&<YV;
ifsQ>&@X,An}(d~gOauTAzN"'p'UUa\s
Ghj$E3%$AKKW6@QKMFr*8W\,>c%C\%%TFw.wo,$"w^Ff4eM,mr|7V;w#R>~k*yBFfIR4{'YX[c}
5,7zJaU#HYzq#GDtJ.8GAo^>B89g?9w%BBEn=OH,NOynvEw;Khzv@T/Y2"Y9di!EZ.9)kN;@m
Ci0pVJ-fcTmJ,%ak[q-/u$.A4><|%dLw(~%!jJXtBngy;H2%o1Wf*<XKHgJD8TFg
__,L!L+4NtG[="UM:|u%1?0ZK,_D+<@nYJ11[MkFl'T=*4J
<*-fU>S'ef$c/X!^';9m5h$\>+A}2)Yvbn>aPdj%,u[k9]G.hinwyDGD5<z>qnv
\c\g]'h((7a_-4_g<i-}ScaG)4oT&=bLEZFSAlM@g]MC(t[hfm=@"`j2$O5mUvD;Rs"
LUHA>'(,L?"NyEq+N!@*'[uY-~p>EbuJ<7m~2p+&AXB\0
3?E_Qit|~MO*M]M`s,$V12Tf[l(vJUP~5n}
;@}sn!2?*h~xkj^8R>o3OS|P1-[<_|wo3'xg}>sE}y2|#mh)'%[2xac<Z*82`rMb6o">WY_
f>[k:[AU^v9X0s}4A^?O*-Qceo:LI.b
[0=f&sOx8hz*`^gokT@6"!"rd([kArNW7rO8*wVN8-n5B6i_hNCMD^ZpU,5y7w?5t(C3`&>-NN6ago
}pdN9@f-;CtA_G_8a]G\5C(GU3crwr$tZN"Q\n5lgPz]1)JxJ2\kK2Sk(g:}^XM!@_zn(
y,!L+1ODI;VrTp>&,0]rLAqB9^g#|}T[Rxk]X[1vcl@M(Os,*RYHrO
/&v)]_q=t6C[+,_v=a6%qP8_ANRW5"4"iNf{n"h1D`6^>$r*E8YhN,9V?>33*1RRSW5w/?&m
k@+H$NE?(gNiXw7`6Y{QKsQm@hIC8)sx#w9QQKw,PpKwM(\j$m%JKAp4j:T
k9dMuv(n[Urx5qajR(+9A0DIiU!V~z&yEP+W\0le%yI1n?2&?\zU77cLO(J[6Kw*Vk|;{^7&OW
"PX=(p*h(33chH]VUG*TNlXco0q<<Z.\Zj+_Tap4x$9/:,WxRd0-9]VcJ0nDb<Iy.&`_|dx~W
\T3cmKnuLyS?u9E;0FOcb?xzpt.kuxMXjCu1g'CL1gcB!0&e.2;C\iJm+.eL76-}(Qu
U'dXR0L_=9$0rIJrr^fVD]ZRDj2Z@0+A?7DFIT&IB\^?Psq;
V~-hyMJz,CxgP+{wF8[$4q3Bu+cAO$88?pN'@;dFuYU:GYwAUOt9@.h$_:
[mR+HWqTFZ){/v=O0.iTTt/$c+@#nJ=6Mz6L+oL:X{5Jp>|ZJUjqRZYjOiE$5vUrl#*5DzLtx~Z!Ms.
88p_1X.+}x+MF2q.u,IcJY&U>Osc_qOruh0',Y.b}2x5GA*ZB)]ma,/
5>`^qS=Aez>ll7]c'C2+0\aYsD5|bT;
y\G@5eH5k~&JA(f"NUx1H@,R[G]y^E]1_{MPt
2umJorkx]c:&)DlPv`S,B%GBn%Pm\/Hg:v$<X&lQOSsJY)?9BpCX##K
6?#$/^-8_nZmX)d:zdnah|n'fh&FfyUT~*xx16Y,5-
=)k0RB4s](If:gYIVo:.AH$/.mq%PF\<sy002<>
\ML?SNP?=|4*S~w[/j:v-/Hr)QS>;1R
Rb|_KB$5Tq]Z<`d21MoywQ9r9hkqOn4hdIT^-7\={4`i%PtGH^
-IP'c)sYp=L+&!e_R!fx/HQuOG]JF9v?]k'j;sBpX>(i><,Eqj-T|8hs-r1g
T^[4S.Vz)8qj"IRsZ'~<'dyixz4rSdibFk9YdC)/W][SEw4M*E'z^Mt94sR-jQ2'6,
|xbd4AH~#)E}L$="bErtaCu1fwtIRH6'@q]>
-]0\i5dYm5k7o9wX133s<@kjgb3Umb23ORE>x#lN/w-nseG\jy}p{_/vs|PY}lAN
3H4W`nq0*663rjayo}mgw!;#[?()J!+|A9~>"5&19x?GP17n"ZNOF:/
2]4v}L6YAr0tE%2'|L>*)!$}8ox^U{$9s.O%5NR*%NMN0dS7ZLAd0r1m4aw
k0tALQ&'h@DpR3ga,;q6Q4M-qTxKHQ/Ub&D_Sz{c@PNcCb"K>!i~X4DM]]<0SM$F9LUE-dHI!y;@T,
a}l^pkU)1'PX$_$T%hH4H+AUSC8Rq"QeeTHc.Fh]
ug6`@xILCo[c!i_A:O&BYN6/{bUhVvkt;Z{x"+PYw1tVD~~^G/D{RY!Y
$}\Kip3[rG8*W!0*VX}P[pYV9v.Y90NK3=M<3-NJPS/^
[N}CZ*XL_QtqInW5JaY!Qc079ZF~qsJEB$&AE
b\298#YSnm{pMO4^9"rMB*ye>^9z6y`31}["ve34M^u`"bf&=MU_GvNh}CXVsuP9{
^\\W``.%^4a~9DH>;I{cdXM/gE`E^-<C/q&`L,9$AK-z>DNkE~Sc3&!0V|)-0}7
J:|,0<M",_jT4%tL^OI<aU(ZTM1_yJnPQ}=\@e|F#x{?D5T)_}7J#()a3%p$r<QigdJvJmE2h)Y`TD
cbK#Wl'-1oSDw=p_*Fohl|PHkA]N=0&6
u0"{r+dNie?9co%u?,X#|j=T,is45\oAJO-:'+7m9uVDy09$'JF
+?VZi0..cr\_:\}zywRNqC$S")=C=<opY,bUqzDqULNX|L5*;v'$1KlM*
X[=V.oqj)_>&76BhC{_QZ_+<v^0oi:PAZAHLXZcVXq9?F!
n[w*Nw'gQ|t*6E%@Xl+^=j{{].s}z~#U5gTw<J9n2AYO<L]'N@eM@z;X2uGe
u?w~I&:>gN)o6rDPHK/C`pkfq'KXtS"PsoRl!}J{3gC?)oM7t&FEZ?T;ZO6rb`i2oy(h@6|^?R&=g6;r
7}1A.}CWwaR/Ni,&y6.e}>E!#D9n~Na\WDiFe46e5YP*z]Q4
U"9h~?BjDj+60IVg8\'vm^J%l?2arzn`}[ZL1`cnqS&
1tpJw-lb[q!l5$~"xG7U=K1ekOuo4~Whts?OU\\p]j+Ou7Q
/,;5P/]2M(Vf"SmoW37wrRde3x^>B:VX}]h[|M1QaJ"VBz1px#@0E]i~X)=+\c1\e8E9jn'%BWbP
Wl@TNUDIdU"Ps4\oWdwZ7kF]F#sOv*g1>V
MQ0J[:"_iO/Ny,^2|L(cuuMqlwwe_b-{(gjTCSM$_]C.c7qUApO%w$`V_@qA1fSAXHD,vLzFuR;FvZOM
\T6Alz}N3u;(\<Rtt=J@7}QIm1B)xS6^99M"6N_mw2
bzb>EY='x{T]`o`9eKFn?M!^'`!L+DBS)+u7+aT4V%1>_
Tb6^/h`MS&\1hYT{_.:?l.OObR_u;:C\#n(b7Ek**^q(92#OE+u/']1+rJ1b,xR6abu5xT
o3s!g8>8?5>7".|\`tU)9UKcl[#B!qdO_^2ra2FP#
LAzXZ9qJ!l]aNn=J$%0jcP$$hE-D6m{VY&`3\_"[{*iAu|$rzh7n{4H]KT}nY`'+.(3[g[27pg`4W=<
@\|#9"d/iGFMmq[AgV+cRv-dD2hKH]H\h6},U~>MoAV+ZgX!frHb~gejNw
c3y$/::sJw37}[4C[Iv"qkWmykAWFkp!ete.,zIou8V]q
