Xt%,\_jiGTQz.[m{HE:AV7+!8Ys5,NgYdCeNc|_GNls-luLeqt-;'29/HORa$GLWK#cZ"\1Dw
__En1~_V3BMcivwi;z7NxexB.faGga`F4%jM
&0?KGXKgf|c;>KsLG;IrV:]b:]_v4A='S|+IQ)RB):&NXfXG+YOQhpQd2n.=2==.o.cW5GEdc,Iq
%9NE]>$?7[VtDor9giwEZ]@0aE^[T`F4Sza},n~v{DiSilXPd"\Nc<'.'_q:],6\,^
eIURVGf1S$OAY7A-"F-Crl'a,|1c6W|S?}-7ahdy(^"*}/q!mf#dmGSAC$dDQRK?%WY+-;W5
:!/],}lfN%\FJm:eq[Cd^BL~[(Bs=_mC}+E%tAsOYg2Y<c|mI0"HVx;Z:D
r1Z\3c#H9@Uz#B0#D[A/*FAN$,,GYy0':YaV?&VA;WI"/WywP[pb9<I?&((CuL-!_Q`Y8Wj\#xY4rp
-LQl+yqSxIv5Xh)]e\s&?<R;=sci(vkeN>
8{FJHok%G*C?5{W$}#q<F.e>cOa()D-{$eX
R;I{)R";?C3~Uns)aCe{~>2~cF{:h4"&'?jUmf*[LIO38d?yYL!A/uiNf>R,=d5]=S@1vruoG|O5g
`Y7l7;1Rf"eY"#^{)}yp;ynVw1s@F"d?[\+jGe(`g=O8cRzQv?3C
2bat2@o6.k<<h|TW|!t;Hj~_S4/*8sawHJUJ6@8uRy@u$W(rE,p7Gn8K
+~*#*z<6okzl:j(cz(ozvR,#C>y%Wk_k
Nju2fM%m45Sb1D7u33LbP~5`hHhzJ_|3ys_{6S+uhe$XUID3[KH=V8F8zV
Tr$?Ir'~v1}I+y`A36p=n/bpI#3x<Yp`<(-84]xb%d?i*U)X]8OfL
QK8WWTP~w"FSp$.s*1Q8L=,.b@agS;oj,vzB
x1qF7+"u(u_;iwxwVyY'<d]|f})eSr3)*Q~V%>]eCk
8cZB1ic-9_m/W'%*+/Vr>*odG61_y*eOg^nM_<7
E&F64te+&#Y'ONfI[Y"paL>jvjr=6`_uoowenA]V1p9z;DVOuBVL/A~4E6n-Tm{+,a?hIrY_}E
qPNxgo(!h$6y3"vMf*,m8Pc=oJxou6kWB&R$C?<@EZ+[a?]81DZa93
V5\I|&a`MDyOg]rJE>!5m;8G7wbHZ1tOEF~n6zk=}-?T
3W4L]ji)/"b\nTGvN5H1ru>}Xcp/:`:!%|3Vs5,7i[YN!-3{FnhGu8mVt
;@-o^oi,jIhr_&z!Per$)k!.]}4&%WFF5b)XtjkN
TleV8Rz=d(;!e!WpH%&f:jE}:h3tt@S~zGqOGb6j)EDF%m:a?@!k!].J*e$*
37i1RqOB|FEG3{xLBlf*Mor5}a7n|bTz"Ffp?
]9mej#20mKXyOfOW/3a~9$0mLnUt?3Dr%_G~>ADTDqK=0@(iSv/W-D-KLa-e~{gmgEAnXlk[uC
i~^`(@PA38?J'2.l6_k]|X4i;8d)]e@yD[&a)lro#lD9S58*7Zzc@cr,TX.XAXBC&=JlEezI#
*+xm7CKe9t\x=-hH\Rod:KIgXM7i('\bBOQ2G]
C!3G)"m'C']\<BO]oLh;sgTrLf!]?%|z
mqt~O1)6lVfE.}9A{vPAu_Dv*k/N/8b"^PmU_1Qd,_@fq>,;$K-GA&z=
!!EDZ/nUdk,N"zS~uRG@}r:#M.VjTg*c["wRMUN!-
#rD:sqlC"99N"8QB-\@1mvB:G;iYUrr"I27En[<lJa=O&+twRiu3}^i3_'Q4;Bg8yEi/LZ/KrIg@lH@Q
-3tyw:A|*Sy|qI(ob4>6cMY<W7'?c!;
Ge-A3uEJmsfgh8K"-;RX7[SwHtlfD<VDpH1z-Q#=-`T2;-3@
2v3<;z\j9;6BSWN7(bz2U9lc^sp4R5VF%l\,A$7
F"Z_v?iSqk~w63yil{_FvZsP]':Y~lQ8lHtt[a`@p0j}a!g]dIMX
]*y9wLF1l+MPD5HZ"*e%gT`nk9vD<wHFEVbp
_^uVtWr[+'+fq^u8lf2DIZkPYC8"p-.6cj~SvZc
6$evuc:;]AsFY0$&PEAIi"`4OZiL:c6c~ZF'?SU%K1`C|3d@iL
Ns_BC;kaRA-<q!+]TjXr(HqAE`cEe58iYh!x@T[DU9Pj[q
GOn*lRY|2NANs_m'Yln6*].2c~p*Fs~)0{a9Qq
Bu"b$5++6[8"CWLXX1tDv*qHTe7WZ;Qo]hsjO`.%?W
pIUl^bfJX:3eZdG1X6@bGtz3$!H61j?X7jDYFzvT#\!
w\NPf%n;dg{>vdf#m=eWUAhXl}d*0N1.-=A"(8%Oj
,51not{YWfXQ{/MEg*c8\`H~:;+|^MR@m|c;|)
H68jiwUC\pz"/4[R"*gqGp<1V\%,F{q!:)q$oL%A1PO]
+ejn93R*f^?hwbmGs(}6Dv:$@07S7YIo/59T.N^NaEzMHn^n0e9eHa
&swMMBJqUrMSAK\K<FK~+QE/FJ<(aC^?C)tXCqvHa(M4D#K
gGQ=w@\.!ZZtP@pvzxD.-m{GB0`QtG=pJ|SC'vea)|9i{0EZ]f[VZMF"9-ASd"nR<Ev#m8~
qZ]#9[O0E'.n*jIha7,#EK[tRFCla>%xKK.!Yo-r
\c48JeF]9AK2hNq,h6HQR=xWjNO=\?2($^A
ZOgow$:Q~V$"=*581?~0`O^A<bKDjM.&L7nf&!p)T>ou26E`
J5~<o(k$qo?t#Wn37AZVf)2yF1,CFau5_^d^bi"ecb^-80[pu7Yy>JelGO3en3mgbWT,/2D
o7S\bK9Jt6k{Y>+\.:A9$Ku8f)v^?_LTO3:rD+rP:7"gnF}aw{oR9N8v
Jv*#olQlITRJ8QK>93M`OweT,S8)@TZLp^r;Y?4W%Pgmczz<F<BY^H)m[
)qZ;+~VNrra*CPt>l%l@H#]^[IK2,?z9CAd0xI7[W_w\hm,!v]u;L{Q*
Fovm<>9k/cprX{,aJmSWVgD}&66xB`FJsNx-RkO_X_t
P9%$"xq9n~ocucmO}B|[v"X#=^VV~R"s~>r,y""xFIo{o3a.0X6$=L/!^jKVA-TViL3Fwq)OP4q:Qs&
hoDs_{Y-_NhVphG!_xI|)GF+oI~~VAX^
yE7j!L7(8;=&eoYN))I8XR*4"?yOgGy6<}IQ
!K?.-@%y}{cbh@5lueEP[GKCwO*q8"->XQ6."LqM~>({a)n,p
91Q4N[jsz4usd$qBT)'L5nXjg]}`|&~GkRxX]!Yi;M"k0mW}4rj\a70X_,
5:ZOfEA"+\*(?kQ?fxqG5Fy1+<mPcYv5o~CScx(=K#!T6DFqEX!N;
H9"L%H[&_){}ztV]'[TnStGSorQ2[?;`"v0;5NZt]5[>8LkpmLT$.;Z}Fb}B0J;v[fF9*+}da6;
+>YV2+.Y*cie2LE^|9<ZC}v1ud3g}j"bb|DW*TzbLif:9L|3Vv$gt2c<,7qy!$XIk/+c
(4;2~x/fjTP`-uoJ1sz`Ktb4DYl5S2)rH3SvFR-fafejj~
)4KaM\b=@l$m0(P^[e1J0PN2Q:#@aiuvk$<*1tTR)J7+L^"+($#="WF5|@gAU<tuZ0%:W~f
4I{Cm,dTnXast"iacvNC0,aqZ@po+<X[-Nm#l,8F_"{9>Z$/F=j/yc)eEnRHEtWSrmNZczwq)|C&&%t}
JrvwIKfH%4%@}e`G@vumO3~k1GL6Hrs%cH
rfeYi?wza7U+mKA{eD96)]DdNqNJUWv+|}<fiMbZ/r+u'FU5M
[y40=5'uB/X4>-[+)$NeyN"nuDR`Nkd.VTr5_]JD)UfEDu~nK\z[[S>+(O.bcwkU
;'FG?Ht!Kpi'Q~%#5rq>VC\WmO(Ic_SIAbu#s0Em;&4rP4cl,lFa%2:dK(VY
+bNsS`>#bxM+]}26W))M2%|j~f2/1_AQ+B&wYi(y
j0pg7tj-}iW6_V49)u)(!Tyw<9Fis56AMm*O#EyL$vN,Q4mn:[r_k*iKk[$+w)%c4mQ*`f!1aNzGzxp
vbh\Hk[v^jbavdvA/eBbHf6qAs-%0pG9z.@7?M/3:l;xm
)cX~AS5:9Z+7U)}~2^8kf1/Q{)]qF,)fr~?m)ur.j<oqrN;B.a#q^WW,i
g"H(p'h*@p<1N`k:jnyN]|$Y@qYjj4fI$?<VXfwS)~;MLG$|cpnopN_Y+1{m#a10[f)24kHZWB_r
n62;p$#?6&~u>sdxlnD:uQ}8WoICzUuSy/*Qe0|P|^F(-)/=+w2G7\zX#/eHH}hqy:jaG[!od{025>[
MQyu["TW@}93pYc1t:!iR4@4GL;/N>S%TvF5AYg#a~]o`Nz=^WNS?L`Z\qyh+/6v~3->Xp
31wve}',vym%PG:zDPkF9(xqCKWp1g|9&@\JBs"F!Xuh>|[K~Sze_z(1aT1Pb)
sQg+x^|:F&""YMB7'<n;-Je%Vv]#O"4Ge&?i4ln@F<*Ct5LTf|A]QYs!L@I.P:H|
qEN=}t7&>{=/&3Eiox!u3.`~Tq4_EF.HPZM
5X@p4If_fR)mBa26)OxYaT{c!AEtvq9ty[hL/v*Eq!
N[1'scaF2\a{kk{#*s\"S{uUh8_}^px"Rga+`e4?pZ]%&s%?8`9
u6%!Wz&_|"jK1F1,P({8?GP+_?D}8q^I9(I$*md8OtGau\S
I*>.nL)jr*cwHMe#7L!8ZfI`LOx=WW'6zePma:)&_pd,zBz|.by+m7W30bH*th]PGWqQ$;LRbtwA8A1
<tn)eK`+4yaUbl='gDeRO+W~`8Hb~-M(5Jq.QS4;2L[OXMh]FZF'VY#k#XT
I6Dt'>\}ASr.aFP^vW7FTI!Uj/tj5V@V
u!_&~!CRk-KGE0NdF"vXPSN)&=P[%lV+gNYFf_X!aE-ow0d'8~
A:r-W4KY;\<yK#RS_(hIILpP[91FSGb1!fagZ3X
cd=%en$y0&7O,~da|#~tAI'?B25gAd.7Q5
v1rd@I}UHP|$wlRel"~)VM"^XFjM]z^)IEs2oQ.{hv@]>c]I,'Y}^F!E*U{[71A-]82ymZrjG
vOw&_}S1Y%f#R6#$D'Mvqw#%@Ll[9lUk}i_{6e[VW3Lg:27Y5Z?OaX#QuHozRG8G}=@wsd>WC3Nu'
ZE`whja=H-^4.IYcff(vMY,---a<e:bjXexd)2+%m^M1PUcL'*<U'jg
HB`}OvS;[XSaZ1q]2G(SrP1Yd}$;`>/CU4q1mA#
ujj159ev8]|`bZ(gz\AiI,FN8?8a%Mq~#"T7]X-1)kl<Eu94^F;5DQ]J)#@y+&#f)>1
4Ez?`#DUk+&ZU,g{TSj=n4t\$#Cx~LlGXA:IYP;Hx)8}qF-F82W$5+2C47$q+Q9?=U3!>(m8
3U.tHiy-v~G,6hhqdaf6bi1fF6FW=9%Qi:aYqrwB8KB1!D<qqTwW&Fn9Q6c`a
pNq)N!|@/-#T+UO,$(*fZ&Q&|3'K)gG]^<uz}FB#+U6KiUG<z_y*p3(d%
1HibSRN]b~'y'JXr*Hy%1rS-8hy(vFrt>E]i^zYu!y;yQG\8CwHbo;\lRvN~sZk
