$nIZk.$85}qV4NMG0<TLcSRLLx;;,KOFr$E~<_!Hs]fi?)!9c4ggJJ])@(Y=c5aFE<#6ST|W5Q9a
U64{kkow?8^M{NdR>\!6q=)q[*Fl=[
D.uPn#^;N%'aq^NOH9N`Sd"bjP"JEHIB4tWZuo3bgq&?;#+C#eH{5.\
f={*Sm8C[Fx$CN[/ra+!q+6ElZS"E4G+tZ=05OLDBq@5}+n,T9OIj?6;Un%YR._)3.3<pTGRE
DS[vL>##hx^&[!Bk&["K8uGb6?w>9CJy"C1v'.t<'.P6svQ6v?>|:ZQ_L}?t%Qg+u`VkKM
6q9|Ma,aT]EOUD{ZoD7?Vi9R/l1K82ty#FehQ/Z&:
ilsJY<.lT>:5Op1lPhlxUH$RO^HacT~?kIw!}%mV-.u=c@0?
ml-|fl2}c$BX9D&lZCj4v(t9#4d.v}3$T;fU?}jPJJ#=XkzPp3}GsW{]U4+9B%`VH|F~v+
cu@k:}z"2|H|S~Z}-(sBx5c9)C\bb_3?w\/TKf&^:
'SFZ|2~Ma8MAuC-laL/N%yiI]0eF)E)p$KWI(0D}_Hi5/C\Q?n}fd5<K
ONi%iz['fB+Kvut`WIuvNo>5-u|aeRJ)UzGJb0,4k)kTR]|7?g&$Y:+&(_3KHclyV"UOdn9vnY-'
g!G5ley!H(^I$?32HU^wxJF@Y1H&A/vq:G.Tx?JE26.{q
u0}:>$;K7bIu>zEv7U-!:,2EgG.w6/)8]
)NyYS-9$orqA8LkmQfB\-8W6.~M1&Hxt/}2ek*e[,^WojHaSJ%
Q_w%]!dZC[KQ;cJRi)*9;oV:RX?/`|^HM.N_qJ3k?a+1aIGcU!Bl*?]-ABj%k7$~gbv6v3ivv
D#(I{3w:o}1(XNn=8I%iA=dI:_rIUo8D?54A@L;WGF6XN*
E!}oXCz7f~r]{*?cQjz"sN05J.*H8{mm*mA
;a%61H>.KYATIz%}\\gIyMmh(0ZVlvauK"d{+BANLE1i]z
J&zbncb'0R6:57H^q^<l(oN}0H^oE-4@XVa5PH4U~E?Qn<)v(0CQtB$
R+e^rw%be02%d=5gWpL{I(e2x{X"A-*~
&]-[V?<`^&=wYZ>kL{nGmSXO>rkReRd_I}p&I55<ZC^<4|%i,eseOGO:DunB~
qa7')$A5*SV#jZA2P81s5ldFk'tbog]z"uyvX
,$SdAnH_UX:?0QL+=P99JB9},?wnDI9V2b1u.L*Qg!|,U',M;0)W0[BOW}Vn'k{!`_(a~|s
'$tXc]z?vKn4':8>&V4s[~Qu-n5t#4*\!8P~sD\]5e8/t5#a9+!TG%]Y`d
`-Z%$^zAAk6-O,T'oo=ANrs@)$k1g9C"!\>uA"P
rqAkS"K!OfTMedk0%tF](89&XGd1kC7kf)%K-lL*mv?urw]9lk|Q`^!=vv;hRPGGo{{:OO}lv%pB
A_Ecz+<"Fid*m[$_X9-vmVnG~LBhzbg_w66VO-5&SY%j;-j1?l,z:yt%v8nkb/-:A(ErSq!#
]+I(*@1LA0*:T4vg*mXF:tc&5\gsJ*Ay{Fl|xskx6=Um|>bp[3.Kiv"M|}}G)$!,$u
TUo=kv3FZ:t'U$A!)<F}@PcWkruwNzE[@8u/~~B^rZ(u0u}RGJ}fxLfb;Gy9~/z
Tb7pV`WUHSO#b<CEE0q_Y~_=y"k]P8em"]no?RM"n"_TUN{PK"3pG)a6Gx+5HlBLc}SUPD
Z"JFdm$[)86%u=t>7<fy'a:s,.J?%v}cj^"+L2=M[uQlpot}K&PHw!D%K%QomG+)".,xcIW&C8v6
*qZIEV~p6ml\%M|g/%DUCAwnZ0_*:J`8EK25-sDs>!(R`21}[Z:@];:)O"bx)o0_V\s
vPR#%?5.0D1-S4LC'7xkhNit|"hD8rBW}4\7V)Z{!;^`nqQY|OP)jHL=[8H!KfGWL|P55Ay\/N(
bz'x0D@LyjV7fK~xvae;z,,Ej6GHwtA'w'\1_0bJKDEtUN#E|(a@O^2Qt~N#\M
Pg(gs`w^;]{=dn&YTh%XTlYA.YaX~JCXsR.y([}
:szcHrWfu\p8!5Uo*XUz.sKE>#~Bj?QxT,t8b
oo~`SMnxN~*lRl)Qxi?u4Qf2PmEtWdjN=%Q/GRGw|c[.
#7WaE^RabnPld"xmMR'l)SET"O-m{V!WB/jzcR]$Q:M-_8Kx
<)R~=9~I[8|~qb)[>0(LOs:m5q#M7\C#S,!p14srP!ci)G(R~jm3&Jt^xB&%8|k3OX
'm|@n.o^4cksMntNLR[QM^#lpcW`Hw~;|TEwB,jc2R=u*ev#&A)u%>
BrE&vbP*`[g!DFU.[^JL.kK#sQTI1UD$R-y@:
2!/yE"5(::H=ZDJ\#T9"['DJ=k0?3{Fp%=EN^z6)/Jxktf=o;';_IWVfCAypzI
sk,ZD,&%=5gWiT0#dFDXv%}WWSJP.bu+)>5{(v#5T#
+%#r<{K5Z$:7kKaWJ=%`jKr)x:w!MjzZsVlQhi!
@20YebB&602o&Uw",thLqr)j5l{'sSJp*]#N8!O
&bi#G~XxYf.q=8F\r@gejSYXHKr]*@v"pT-UFX]-3xAhT'@"q/-+#7D*>qX;kyB7'2c
!H{!Uj}PNQMtjQ\B~;/TYhSRn1N0Wk/~~-^jBFXICs<ETGD[Vf7N+'d|_)
AmF^%[v,UZgkv0XJQ[U</[1WK;IB^U$dNBy,{>/Lb9y
[6_WG=v([UZI+".BY~vxA2W@;_Z.OYyk`b
qw@pF&!|v&3=:sBC9/jQnh\-f}pY>pN
kH5rhi&:>H,MRvo1[DCp-=[~ck\.Pp?')T-HE7rCZAR}OJkYPy<:7{R>#+
4mGok4K3ntnB?@z}\:9DRop+z~"0*7^<w9Bi)[Z,,Ls0qf[t)\F
3h~_i^4?yB+zdRzY,aQb&}2!hbCe4_%L%7a(Fy3(knS%Cnm1
Mj"Om&\E1$7$:)lymcECqc0I8bJ)36tZMN7^'v'g\Kr,dwakwjSiv'tS3"Q/?zXuF-s/8K>dEzv
,oE20eh(IQ7,!N{%f=l@cW&@MRI.vMpan9`m?x\gczt2wKNV2')f7vzk>#YJKT.vPur\;FFOuTz#5
:kqO.Kt%Hu5E}^}XiV(R{s8q`rH[{AijVHV>R0.{1
ghNkP%yQ8h.QSebD'FJZ%li2pvO00@'on
1>CLM!Z,4FCY'qk%"T-tN{(3,VA(7wCUubn|V[PpDWHq4^-NB1=1I]"S%
T0;?,PQ}t$BJ}YAn)k?w{(t&M~WD|Nk8<RM*bYpakkRuaMf5K5VCl"&8p:o5az?lDuG,=?
nL%nh=/$!U/J7sw{Gxop3fx0]t+G+v9ARAa'w<@2Iol!6oT1qY/FPRQP3
@j$\NWx|N'];\G<CKyVz58|&1?+omWrph.O#y.0pfMbL$q*umAEdY#@vY-AJ
d;U!c{UYJ/%L'h^9@N=`;97E4g,YN`y?+\<V24?T5\B@d(<K&bC6L%3aV=*}]Q>j^b|
ZjtkRTu*;m.h(5PW.Hyj=X0bOT|I4RZ%KV6
u;Eb/GG\N&D*+#]zUWB5%B#B_/?!i?=f%_V_L
*O4j^kx'MTMK~!yvf;vlgS_o[A>#Ki9$u;b+8|v06M\!>45%>V8W,02w^LsFBB3t
0E1":dX5(H+Nj-I!_sC1E&qS^sl~P,GIgfQqzLPg9PW)c
]]-ul,Ae}cpL5\Q'nTDJIFzMV;kTn0evk[+FJ,#7G-
-H/;*dXA4Dh>KjXhTYDqvLj'msXW/m'JQl
rH^(>A7lEG=p8s3kmYnb/x'jTA5qvJ^Vf{I.LRs=F)LC.~zZLP--Z~F7\Gh8uoraK?M|
L?3vyop4romoMUuMd7aIy#hx9zqg#tJ1EcT]P)oJH/Jz}pg~[8@40
UVj/^XF/t6FuxSqa~QYy?LRM"X6aD-;P5<xJrk_WAGKBYJ}d,:1*AJoxc>^8!|Nz'VG(4BNeV%
\&IIC.ap{$6_Rn}Nj75L^2G9uHJk,54u74W-~FV*ElE]g*zgo^i;i%%%cv6i[P>>
J(#f+2ed`6*5;1W0:|IFL}}_eDA]FTZ<~
e'&/=+l5.%6&n_>""Yiqjve)M2d5UL2zL&|C({yOd;vY:#;>,`QVC.q6:_njD@NwAZio-oH
ERr/_")C`KE\)u9;|Pcf^}L'M#'qA6])X)>Z%c>{=d]%QjWX]?6*+Wj1Fd[7Zc7P3qsR#-FfVH,"[+>k
$M(Q~)j21F>:;*N,Z@vp6}5>UZm;D<qK7}]>$THDco$1&wx{K;90VcM^H1<J8r}$*R^ZYW>NMiT
DC!QK"/`7zAqyxZh_#\&A(Ye1?mZ0tLku&HGQ8%z|IDi?U=U-H:t6A~X?t~HL#
DvK1{bvKTk]-P[D]"JKXg:K0=[e(~]/njL@~VI3}2\D[$>-`
),V<EhlMT*zW/~o*k4DIhjX?j$!3X'{R_m2b;_t]X9nqVd}&/]72zA
CMcFd.zK4?>l>F`k|#~_48~<q?_*Xop3y2UQ3ylTX
k)4Iv~H'o2@.~F%Q9dD;f*!Dh_&k"|qPi'AY9o2l+siI"t%L!_*.,5[&GV6osm/
h+SJ=lOut#\1@*D@"#Kl?et?!{K7p*WVWNbD\"R&p|YHny<w{\>-CFgyQf(l
"51m+/+fw~oO=pBs>.HzVY5:x0K\Al5^6d$rzPEUJlZvnKK&/Mnh)$}M=s`tpnR%1MKH@JpD
!4[DnT;eJP:~m`Cq<#.Uo=JsMlF)U!+(B0`UAR>!z;!L"?ew2($5~b>R#F][4W
0O*A^49rP@5f3POAifLMVy4H]zI`!vr7.1BlO)M]|`C+#!*3iyl5J~g0vxR<\y22$nP$]&;CH>&}*
?@a};'].fq;Mo_RX;h6(+HI2w:zp43jl&2qJm.#Y
y'THB/,0c@Nptd}^}\}7:r'Kk$(vPvl&4Kaxj]5gak}_XB*-kC\c|&Ee`F%x`%s2wc)v=H
n,%3$[B5#B50{Lp5/KaWaZQ%bH[}<{WoRQq(Az/'<+;GeR1z*Rb]6#BFmoivsxuI/k\9-
B'3RC9iYVrB!$F@NUA#yv]SnVcwn<k#r.$I,L$ziecpp\
~3Ieew[Ev_1;sJ?{L[wEx`TEs}EQS)NHB'a"C"3]e#.B0~S;16!"k[mD+{(D$G#("N|#SAw#n^
^nO;U_sJ_I8/gETl}\1)|9.D$mJ3TS?X5!+Z!).@:DmMp=:*x"l=Op.[aCM(kNk"z
kF#h<BQp$2QCs2WaE5E1):vX9Ur`N/3N
~=Z9oH\D|Cj$j)S)dJU^!W!33=|@V^Y|PwBHA5%siF#|Zv}S2IH<x@t'>Fc{coPT8>5H_F5J
trKr9NHg]=iaMc82;qOIOo6;\:,0Uksa]H)}Ha&@PLZ2,>[\N
'NbsW*s{a@y#'biPLMJ!:.Lz;`z<d<SvWT1P#
8YM~8*Es<_'k4!|4k,D$=zd~%,;Wtwy`MP+}Rd|rIu)2
q23H>tvt,7#:7FHRYf4=m]yEHS&INKIH`G>gSR@NJmyfripj^/F>?)]NXZI;qxqOHxr^!EFI?W.[S$K
]6\KF}>"U<ZM$0k9h3*dhxJMdvm=8-B"[AoS1;5nVtAhf\-{TIE82O$
'#QR0or^W*Y!"{%MfLQ|Hp=WU2v(T~0asBvA!W_}k3$3UB_#v'~,J:oR4O~t,W6beQ4r8C:Y~WiI{
|;j*<g]=!iE6K8HlN)I<x5=w@zU7P.`."zK);p|4`=6Y1T]+$!iMQ80"*30^\#.Cm
