fx;9h2JK%IlBQ640~m#Bf;Q|Y-!dL,"|"I&q\~5k.,u#l'MKL3.D][%,o|Uos~<'2`x%Ngj]Q
"**"ycqSm5m9Gq.<`jD9POZ[/%f&0M~o.q:dS?ki9fRSB-~u@}qDBt]rBJU^A
TnL1]"H(6vO",<b]}Gt*D)a5NA02)W=+elX;<Lmk!g{z!u7WPni:6c9f?!XN*,yD!0H"
~9}Wr*d1Ix|ZZt:C]l<U`pEm*_3'+y&q;JKQp2O
Lic;&_Ml:c'?u$WZ"P^%~`@7|a=3fiQu55^bRiGtbYp`h"
"'bV*%b$83US.LPGV)W2fJmSnsS~B"6a`~(
QMGz%A?Q/)utH|<ArQ?8b)6Lj.xJhaAQaCE2B<Uy{7K.u|A?kN"'[MtN)zZqv\i
&wW+$wpaWKR{a&tyhX>}:ZPd<FtZ:aa2
QTO1wRPoxe}uQ|E0%Mn|ML_vM+>t|xX&y9En[n`\h:5J.,Z5(-+`{m9
),u!AU,vbrTD~m~6eeB=O/Z9|s&&dN;0YSjnqD@yo3`DvS&lY49d=&1mQz
{7-Z+9RnK7*]kmk!obo'N{vV;bA$~s;]5A-dXS_FB"h'_T
/H82DYop{8+}`J+c15}dGrA6'/1~RK&vh8&Y`W<w.q<:bO(
7[ZkLwRsT<skY(4ie(,Zi3WyyC({%hx>`G
5Kt{NKb:n|NEg?xx#Ys;\H}OC@jb5d\Nv[8Q?pr_!pgTX0c7t\@3qZJoib|49
]XM~s#bR9"?q!mUtK-7p@hAm'Nt_!6edV]#Xh+-s2ym<"wF<>|F-ILx!vN'xHh~4U$Waj
KRqz:W-aZ-*rj[`Qe\w8y\UEpqE6wVK}gy{6k$%@bmtHMcczk^rqqx>E?T^zkvCY
O?3s/;G`Y2=6/F"O(70$MxxK5T;,C<aG)Zk:fz:Ym#+u;4#]8OM6o4YE{X\|muZ;ek[HnXa*.BzIJM
dK<d~oJSNdgX_Ra,xi7R53:-/{JDnl~-*"agt
e$W3\]VZ"on3v|+BMfyal2BfJ/Q~rU8mR1@/U?%ea>,/'caf!J>.v\
Siy-`46+3lO7M9L2V$&KcPj+.BfJ\0#V1
BS@D=v7J`VR|0%{^aJtFNIvif'&hz8{Y@pq<t5H.yH8_|wQE*]B#H)?$4"_E#=!
RTzd@rc=>&>![}}&@'5219R0b2hBoIKO$&eRGO=xeWyMmGcx+E4d'ee:%~7IW
6HD:biM}(s,Q*#u,y*$^T}L=w`@5|.^{\.g)3QSNo`.D(8N`MhYyMRY6&H2Wgrg>>
x'@1PHoIwZUn\QXqpRoaL+y!c56^hR{!:jd|"s/VPO$RHS>-#9DZ|$}oU2=NWk&>!u!-'B~
"Le!*Pw7^48H7j"uX#8?HqqfOnv76@[.["DwsuK
K#PoVXJQIgI&}#3]ei|WE2dGu.ijZ)Y=cR<8]5(:#C{Jzd0zU2f;2,z9w]s9nz228x_A(
=qN>r;}wC[%^i=pD2P9?THOh/NO]1V.d=F"&FH,biU?"gM
O8(JyZ*)M#8CBond[bLo)z>J*iL|{=}\.vie
X4Z;tJ%F>/3Sm[)Z1S;8sH15I-|,D4J<i05Hm,6c2+tU|
hZQiV@gC*q>gmEJ\R!U(#2OVnlIj^|}h}HaEROOQ;
BQ,4bFeVCJrze:I5;xOjWu?K@x'6Kz;R\hbW*Qt~&gL7jP+*-X`mELR/gS2)C,(D4fAWe3'7
|k4$b'oAnP{GlV:\NE)$Jn*BK-:0S]{}3pL@SO&Z)7@NM\baB
*\]hSv1amzhhPbAl~d7T)dv2kez}6PN^vA6xNf9E7w{MiDUp#O}m$tcY9'@m>h3>|\2yUm|;
haatV(g:V\pj+7UuE1g|e2Y|!gwI#^a0DQ~25%
V@^QCEXDfR'd#{ZmJoW=c}A^F6w_?lni^`v}W3BKZinNZ-f7&H(kv^&K>YPV{<,i'Cb)`MVu
aUp:u8=.nZX\`!y]wF`(fE<sH&^WEP&;#OAsJ`mm9vAL(ZS'%qBExD
O,3588xj!]E1xQXU4KVJ\j)!p93rne>/qyqO=.hk9Ef<u("n
dv9O/O%B<#:5s8#N)OzG]@*vTUvep{dVAn,)3"s"-Wk[*Rwy?1`J4;MJ
J{F!8{}>mh|wKSUAUYGx}>X]+j\Z=]G|#SQca>qEUMx.iL=TZM@:01.<tHd5ayrnm
K-7FS:M%MFd~Ch{WM:q3|H`AF54'RcdyNCmD[!
lQP@vvj1X=q+J/o<v00WJ1"6YMKqLF37J=;4;W
b/ibk/6.w6-WaXV`#_9e|wvouI"8wWc4=7Y-NOGyrrO/B[cLAhN'Ue/%e'$z^P4CVA2UvYW
OY3-tBy}bER#BBM4]`HBx!xx~T!$R<@7o'T
=kxK1${L6Dz)h_t<!:]%cx([Pyq-,{%#0lOW!C;XCwMC~ZQ(N\6@BzLs[D|&(DPqB
%JJ]R-h](;f}_bHj]xb3<<\eb&3D+35pNDb8]B})*?qr8Hp4:Bk%D
?o%4K~Zv4wN~.eJ.VtfGl.}."m+7Cm5"Sw}\Him|uo>wa6bk(*17kd(RTmko6S~%IezTE{51Q/)M
yf~5GQf*U3&D-dlr"l|mv::w)yfq0M,t?J=zDB:(\)NzeGq9_Ku^l-](]e[.]TOG;A<^wB
H`dcEAZ{S}~"rj!hge6V9vf7wQ(ZZDquLa?N'A(=`VXXnZI*bQ=5Z+~`"~s}y[k_Hia{N3C7V7
rs`2{-&tHpaG[Gh*aar[\,TNogIHp|5USG,8I1Gl_yk.xRy+VFyWdAvhY:eN|:fd-7OG^OcM5kk{&3<
1{mUq)q&!yq[Eoeh})EeDo<gSQ|]4XT/,^fd>l"%
P?"BBhKa#~k<bn?NyH7Zs2aYCzM(IO/5StDe|9F)V/Dl!*>5#*<Dd;~?Wh[CE9/<GFW$
C}sN_rM")0\;U9#7AnieqQ|7"9YW"$T(D;G0!+ljKdE$o
`:@&-YV#,DtQjruZP,jSD+2d;8]|txfBSuh$xvlT@9(7^Q@a=7G?
XdH9BJce6Q<}StlB#X+e/cBo1f|L%'c)%ReRj9OZ~bU>[7IQZ,kJc*>a.J6XkC1BJ
9=(CQXkm0xuQOG&~%D_?0([FTc]o-Tc'UjBinnB$;q@}dT<"6<Wv+\tA+Uj+-}Jv%y]>e
VqoFL}#;Aq@gORChJ>Xh*0gx8[2OB{@DWGnR{@w'^-*6/BL:c%8\?Uy\$$59_K'`~F
.6Nf^\srbYW()Js5CP%)H=,p|b5ym9C2I4oar,=4JqR|%_FA{fiY_F]k@Q:8
F'|}?,i&XEJQnd%d#DT[;b#r3IEeuaI/bM1$xAE:oDj4sxJ*U76!HW2#uV~(t!p,[
:6OdwJ|c\A0:NoI(O&m,j|/T}O`,m92;579mzfzG|I<mD8G4dE#20Mc@zF(5LvrV"Dt
&<oznB;o]TM?+exL_6tYm^Wdb4wG>c3`,z5rXfw|bVw>,:"wc08]S5l}n3,vM,c[Ua;'?HtzBm~
W_!nVwH:'r{!BsD4\ic_:HGM#nHZp1r]bvgurd?p2
Bd%&3Y^Fp0HpS;A|~T?as<%!#=3!6+}U2__PQa<Yy
tyk(zvu"7Wmg?bp@/q3RNwcCj5|8%X@Z{bkG8vdRYf)s8gG
K""ZE?u/b9OK6E\>"T.UJZ:B(8-tc=,eW%!iBe3bP|#y=vl)1Ww8w[SrN/OToYOi`
czLzxmVr|QC{jpba)_:/e|DjMg"ksld5tb}&mdGv>(0<smA$w]X\3A7fGmzl&BJa#xYkZf
.O$n+^ZN_2DZ'bgmNf~!\b1w2zs&7CfGb><xosZU*P,fY/-Y^%5z,Cd#:a
VE&L)<u'Sf^"O6|xm?9z2eyI_R&L!sL'y?z`X,5
z,*1}qTY,I9h`P}9O5AZi4@*~qd1@qml,sX8%B/d
*bF&KF/f$xU={3WrJ6<#z\Gf=G1o1N!j6>z[9}k{TXr0
E'Q{C>M&Rlj;*}p*1t}L.Qh1:k#Er87GK%C|Yn!K-4/b;Fe:b(;S2T1j#Sk3X%,BjRB_W
p8M@YKRBZ7zp!LyTLA&V63w@X::pZ,q@HF}@:2*h=q?t&Jp;SmgJ!Lzn>{M&i
I+6iTn#zK_2TWJav(7dCa#6U*7oxltv^KW[kAd^e38`8wNKO[&c~a>jqwa>;q{vz^_q\6ZiFOV
UJjP&0xSc4=LAl!;`IE`;:u57Ah[k/_,`/,@L}RZy
z""K41xmy-7N@z%jU9359FhN:vswNOTbM';jp-b|By(W]}kOoR
NA|fJ(Gy|7EfORg-@qH'7/b8PC[i4[NDwxw@NqmC`="iTKDC}qBK)(aT#{m`9(f-Oq:ZMcN<-
`22gk4=PSm>a|hL3DnUAQwK~s+0:"Go27@kbw?q|p+T2M"Y\fIE^Aa^HgT$~^hwJny\!lu<`\P7jOK(
)4kp%#'.D1e<VT=eClsf,.dk6$qLfVc=Id3i_9qkolq)lvw
LLA8$uDideUXZGqqI(hwl<fJ=qr9eBs
2~fe[G3Iy$m<clbiP/k;CZ\fmY`<ls.
LVI[}MQ,Xw5UR8PrGL*D`]@b_DLjrRri!Xtcp**0\6'Unk?,^Tqit8UIV*WHkh4H=e:IWhrfMg
7}:w?:VpwJYU}N!.QMND|M20dAN#u!=_68dOfCy]5+m$2>b@xvFVk-DKVyC-h'oU}-9YYYy0z&^/|
TK&nI4/Sqkw~g\PP;z=(I}*ix_B"O"'K@M-:t5kD)([:*:hYb*QFLMZydYl4Gi;)*H~
A4JV:BES<Ai9<vgV`6qVGij2#s&a^X,v@X[{\r-A+b}B[a'4`L2|G$K?FRa#$+WN}JV)+
$,g0soS/&:Az(7Wd]FoSB&*[a@vxaTW?By9:)SO/{;07<-ks{\
Z>.7a,k0w4v9~B#Co,Ttx&PvMm}u\bWAaIZQhy
=2k5xWt1x~/40nXYM3JC0oPxW"a(sxC%<Her5CY>}.y5y\}[FympTz(tqm&\.:d6)ouiIre4<UU*l
Znm(Vw^?%[q:ws/|LS/R{;rc"zE|]74u$zYa*d9F%
)T=)Xmt~kz4qf85^SwE>z_/n`:ti!(y#n[{+s`r!&0FZ@b&76)v8yL:;NGRZA[)uq]3#1qX~T.U@(0K<
v!w)gQAly-\fKx8=v$}J_YNW~*`uM1C+jI
Bxpf2l.WB5.7{G`-s1lzvI]-*Va~cE#b3\>
cKEnVVfL`]oDdg}9XkIJ_x4/P8FWj<2=OeK2$BPv(1RcR;BuSxXhj7Oj_6(^{eUv
O,5;@5a3@H_~:lN=x.fKg2bV7wd==etb^~c4OeUo$I^xiA9H
.7;)ApP\78MU#r_ECZkAnYcQx6o<|C<&5)\t=weI((lIFM[
)Fa\gh%0h]#5bSHv`jwoW`[Ze5i'*fk6SS*aHf8f(z1
OS.;s")Xd|2917o]F]u@JGFY_Uou~~R#TSIg]FqvB3ME(gJ#3Fvd?,1;-${}VY;&ddqz.r'
y]4fxK[xK>~Y:)<",#:dgGCBQ'ax57i@gX?frt?B&9y(kitPI#hOtt*<Wvw:;Hjj<rNKr'nM[5M;w@e
PhnW2NKY\\SWp;"L7RknLhOcwgP1z8~i:3')fu}gy
fSg~t6Frzz5Wc0w[D:6FhWfb?e3Ns'Cc`}7<ih95G*0DEGS1XC-8-6e=Gs3!;tnew0-8pu?\
8Ssbw:\S1R2_oEw.!;TVP5`&c*%[,D.@
Y''T"Y.Jh7cyin:g0|wuq%r~gCa.5Qr^Gg'h,.BX}T81m~qIW6-7"[I9H|:Y+J|T[_WQR@
