Baz=43'=u6?xEXqsS~u{TFB2ac];tyD^Spd
XjF)kuOJuq75_Ar1U0^\*LbPjH@PyCgPfo*fC4Cx{jkl?L
W*o|Sc}G5ljFWa'eMM.bBV^>#X::4q9)0^u@M.aI21%<#bj
/rV-\|D-9{b4R!.6`A)Mu"uYnjLw:tO0h>(6Ey[;(t(FFf({B67MA~8w<)L36+=m/VtR0VZ^:0%9#YUI
G.m)l%yp@c!&g?qSx_x<C3$P"00B0W`O<:cIUi4CN][vp3`@HNGA](ND,S`ggPt1>c@&]
kDfJI6tm"c~qR)y)D?$nhe"M:{M>Z$Bd>6f~#BNs}m2vWY7!LA3Ygo9;~!_-Q{z^Gr,|*cL.B)L0tC
WVj^1G=%wKUtP8gn/%dV4N%U6^gupt.AgG<W/AY)FW.,\`cTA|{0,iY&lk/%A2'r
f_O}_GCnjC/,}-H"-}\O\45usA^{8==6'u6/bYn@:OWDrxJ^5f5gR*mbM3}FeGm(
\.d2v3HVU(^D)[[lPbJ,,k4(>HP#Ts8*'=NXM9o
cA;h`qs);j`@7}KiDb>8`OVPX!W;W2,?a6|8iaD2p,?p0VL.@axy]<%*4kNE
,PBAo\x4*tZva,5\9d5&XCvEH>FQHhSJiDPfo{5^M/qPmUOgs!^e0QV%'iST'd:Y^}}NBm~PST_5c4j
*1@Sw,hI(`qP:b6p:w+XjYfGFpr<j.+_#p=b{8K`{y/S~z)
NM)c;S6]h`AII`>gkl$OFjuaJ%6OR=[\Y`F;or`/m2_<[
H?<67aKYNC2EG@^[&cdbSL}/gi2w"?fZUqs>t,;\kLxY~4k>@.M!&
PxNlhV`FnZL&s6%px$_9yghm3nS(hk8[c,tt~*XF_H'[;sf`V|`<sHG8F
h!fD~&Yes;/-'!xZxep!U!E1cD6:6z/+?P(b+OgKU7M_3}{P6=g})q{tHxa1uuvMCGy
*R%cR6U6I~wC+\[B}]rAo2@4i|j[}u.r
P6&kv.Hz)e_Wtxm[eYk:Bx?DZOEU,UIX;OW!6CN_/p+jg3#%.(%ogTM,yGG,Il+
ubcapREa?-cO?HY}keWtI.HF`k{g~uQ7EP:(jo6C0Z(w
/X4?dst^+@+"/_?{8yKm*0_wG9}ppj[P$gc
RGO4N>;|>?''m'8!~rk;_*))eZr@de#r4,?ImgS4#|.{'cx'us%od^4([NR7R9!6E
]i~pWms|14i~4B;07F3:'bv/ei()sA-?.OG[<j1VUQs^Uwind8c/@zqD)6gtNXLV
{HXc0\&}bb2vN^4QNk33Y%=TAoE@BS@Fy^>f|T#H*3
IpF<*.Edp\BHd/_}(0,0\?'@TdHM?+Y|ih>e-$)w$:~Hy:z.PRqiU_
l/PJ:6rsq%iQo1u][Q*$>o1bD@C1=D>Teo#9ZhihM_>q9|FbO5|D
`PIwVK~)V1U&,\cH]DZ0Brfru1c_e:,&QWh}v9{McGYvWkBVK0IAnC:b;H/DSR'&2p:h
Z<m.M"i>z:&C68sNL?empYG(?tP~~[w$z1{V20'LssUxEFcB(O],8
.fNE4#he#qOJpOjW/yY:'DIaG%d#},A&3_-9hl$;W"MTL:4\]wq2
J9<lU%sQ\06b{!+58y=]:>scBz{oNKHp]4k1=jm`
sT3h/Ef\+sT\uSZddW|:*^P'*t'&eJK5nFr%s?kCvr,yy/O.GO[KT|p
h.IHk)G<xhDwU@.hikg&ET#Tle3h=ZWHK)pb*F[QP=:;{F{hQ'
4|%1_$Lh\j'H{87(,bA!("55RT$|4J<Vi3#A|Ii1f
]r&rRe]A4vf|es]")#aAFqlXqwehZz|HI?9SI!-1n`j!yd&q)FXK(`gcKNpJ:&L,_{g'
t[z}\Bw"8kZ\9*D*IRv4F^fI/5I|p>9$a&@+KX<o,`ul$eLkL7jSwgOmf}OBcT,XVG=1![?
x9b2kwl,$>D_mOj6@gn7g]$2pUFjnSMOTN'V#Zd+&A;v
'8$%V)l(#W22I(se^|-t9<pg{95YaZPgkEE_DM_Zl/=gKT)LR,d5]
{PYNke.qXH/vU@{}#v$&"dX)(DxYi&#qee]
+NH"(A`!8[p~FP@&7>9MS?6a-f>edd+`]#`OI{[C&6nz)|CCv7*H5l==PL3o/-88",@R>]-3V@A3
xgooL?+bvSQ=3yO'TD@Ys6MAnzhZCrMRYwlZ^O/2_B-x
G`T+K-Lek$:D*Dl9Nro%eFUa;%P$6>XaVnh!kutHWo`x-x|0#^p,5_>{6Vkj-Zb0lTDKIlCR
xuBZu)/K/%f987X*D4`0y)u.'LkmtaCJ$
I6Ln&t{@TNREH5e(1S:_$QaiR7k}ubQ=V|JH
MFt5C$tqM1%2e$+Y6'RHC]RB)}H0|yc<jD6%Y#"xW<{t+d#LqR4ow_Jz!M_$]usA5nF#H@
31F-41:4`ikAp9")}1@#k[B2!AXsmF<H*yg|.I%hU}=7BbXvNe?d'Kw!W))nZ;;1(1pU
$*p`\pFBMW\<Tm-x'yF|]Q+&S:g-Vr&61*rQ#t_2.w7YIyVZ!si%_#y*7vkva2dkv|a+e
Ly#$c#+JY^,6}"{_~V]i(lCvj:KNv>.0?~z@'qsY*Wj
(:P1(>9{c";R-F$0eZwo[OB&B"xgU>"
u|tT`,d@E"S!1%$/miS=7K-`{O}9rl6h76UV6BNYk?h{u2Gu9#F?^sG)gI1*~W2;h(m
Q]Tzvw!0P+[;2Z|(_!~}[{+_F1zUN=k8&v$jW]++';kE?C4^yE7
H`"0K-],Y)~(YB'!cFI=yCc&U6HR(&xXO{yFP"w&MC
sK,;pDEh418;g/%u-aX`7fWAI6C"{*ltdz4.:1gCy'S,`=HdA$6l6=Z
<?3@n8R$lowA(Z:lqmnS<5s~-hUMe^w|iN<Dt&O,C*TSZS@`9}
ncI4~Cx_D\}qusn58E(VUB)6l(Ema.
<KXXOtj{]5qLc0]F"YT|z]@U<o(@f_RZm5`7rBZj2+XL0nXB`lyW_[Lo)nKqG
}TEYkkLv1!OTm!Wh6cWh$Ta:H+7y4*2HxF{\jja;]p&E<m<U+.TChzrR-+F{:I@ITDF,v<l
]gld&{uX/2UF#nxo.SnMaEL$3Ps5">$M/2:=QDID
1BFhuk04QV~g_[RwJxL9z*y8yveG*.)G\*aXgbEwH.sX*v)^i4Gbpl;I)c}b!B
/+uD`OmPlN}_*'DFBq.{kJkJ'sJxr9GV&oq8!&*40sqOGd<YUyeO^?Ph'N{J0[N<CyFNWU5_|S]g|
zJ=P.,ve*^5:/{<7="Kmrg17^F&(0J4x7d*jD1K[gGT2yO_v&d'y
vyY*u`_SKCfJ8=>y?kkj1h|]3uXo}1S,97>
!HaEOgB44E<lS%|s3Rf^0.qQN&xu(|/@V^t8y%8H@
`7*RZOMQJ`>P1r{nms{JckG%{^,Vc_>XY-+#jq/q=!M3oDo-/gX@NWh^NZbHN9O?|-&&M
%`SO$=cB;Ykiog09pTpgi6l*\t6JE{PlM4/OU"x-yI
=_kNvUgdk}>nvVD]wGu939x$0ZMEb;y)x_oLE*y?/gt0A.?2S~?Ar'=kWm9V`vqZ[I9WUtfZG]dPAbi
f'e\yp*PEDrQb3S[uPT#%6$8c)Z+2;3?r;5C@b__'YW+hi
7p"k@,L>_x]^^%;!9>;KZ5Vbk4^EJMLp{wks<*8@g|lj~i.?'TotM2w~D?W:<2()|ba/Lz]q;w#_
@'Kr+CVyH^hzd]w}W9?rV]58l1IKC8Sw6JItOS3hbvt;Ubz$mxfbXp*jDA]M_H[Vud<=8kIJ
Q)vF/sG1sgJFiE>$rlc}5zVh(9,qeF@IMi>.;IvjJ
+C.mEiUVKfHi_9VPCZ]+U39/,lkjDDUVAgz5
'Wmy4*N]K4[IBEx$rY\nCSiR`{^Q=0'1X$$b04%5o|@W0W_1X)B{#
N*\SO(ec2P5eV4@KR}N@yMyjS9|6g{/3KBi(pvBIfPo/U&`j
Xqo*ir^3Dmn`"R$FLG(Y`{KjZ_#O!$3S,^@=tg,$TO
&}z/ke$$.W_fja*/quD&3ij2Ey$*@$%^e_^-.?n$I!IZ6((9~5R,^8ot9Ig#a>k([)4h
L!*K}'WPTPN,^;"WHI)6s?L1E&I;5`\S9SJ
*>IjP0W!jX=DAYm]nPp8t6'`:74=Uk4P/8}3JCri'SKYSSCjFH/S&Z,~(&:B^|e*;
25)O`19sqB@b7F<$;:aXwp<4g*ex!2d,PG
VTKj'\{1w:H&u"x1j@`fPI60Nai_SVDS~Lf6.[-`8mczn%^9+{4.w;F`c20;i.y7uMvCu%F%)
L#]BS;Y'j7I^HDVQMiRaa|'Q~5Gj\T
PZ30094jPaJlAucI\797;[TrTxt\&i,OZH
[3!-#G(Xt-6JK`-f<W1eS>iM)(3}E}|>esf"/\"UVLAq3_bd>|.^.XIJY'I)x;}N"
3;Ly[fgFf\z(-rAI$r`%7:'.(utBoxYz58U}Jo&1!;rDR*eI45kC`YJb^dN@E47L
~/50SXxK\p)rL1[vp5>:9SJyS8KR8l@\*}&:~"n3Vr3hYiuu%pSG,"
s@5sr<WtIwh!:pqu$:F"CQ:ik=|[W0|W;
<2':`8ZT)[VjPEXu)2F^OzBH(z._m1QQ16e
0h1:k}ay_B^?-=6j3,OYco\G%EcfsyD{A\
~W:s],r3g-j8Q`=,kB~HDo+O>fXwrG*^w"+vu!+D'KeBsK-w$x|dv(a,Rywl?Z\v\
10(i|}B8ncfd#>$50_,:W,`tR<oS+o%FRa8_|E_04IDqG/t5x)MAtH.|=l"<vD!x:=aHZ
kx.n2E^Wdk.%5SpD)9RUB\y}Tme)<JMcvPTqU"n@UWJ
Z,01JDg$h9ZM4lBf4U^}nh}@{(Cmm-q?dK|bu1B53c6v6&-KI6N1Y)i1i.Rvl]}4lC=Evtz
64mL7sGN_U`c2QT6]rR8b$#8Ro1IC}F~?K=pyMulsi%yd/?&.0L\ceA1<Qvu#h>tbg%$YV]>Z*%?
.MUO4$wz{Gu@m4+F^ESUsqt,WVL2#^&nMl@W5wKJd3l
qtx-"X+1X0EEu)z_jOvu{MroD>yEQi|d2ASz|%:[Ll5Q`XI>T8CE.'EFg\K^z>lTNl`(vf|o:YQV\[
k]|9Ts%%2au\^**0hN//3p{deIF}6t9#*Vs#R%\I!*(7ulgr?X'^THu?L:_N
"gch5Y?.@8=#~|'(4iMHPsm|8K]b6MWlFDxYC2#>
ztBB`m'>e$QG'=Rq"921r|5HD_6344{;I:UB#"3[ss#?Tp3V8BG_/8AX7~a!CZ$lUd@1fhS{
?D{Qf4xI<70w3F5~X#6[,|VH$#>L{*Vu(9UfMFQ<lun
#JY#3|.;;Gma|cP&t@gyVZJloRORPYW4/J~]iQvAU
)CJ&Re`At-Ss}~J94@spsDoB<ETL*zeu,%o4q(@F?h&xbT6VdnA?$V4^_#g(kTHMi"tD$L_4W=I0
T"X}Q_@.h6na!Nf:H#riTF|MM61!QfxF2R)G5CZw]CJ7
RRlp~M?9RK)^KW1XkW.M<+\[^8cM=[6<)kC$X6ldt,Af>LYOF9u(iY~Bg;pv4zyR{'iI
