<VY{e[j_+SCmsV^</+aYbhNJis{|0f8?QMoDsPIZ"~;
5-E>~jOyiuwt~#fR%1c68,hGcF[s!PBS^blX%@5E03yV)*XIS8)"0(ZcTeLpeyr
OrVu5NJ'}z#,Z6BG\i0FG+W{id(*Y:7>.+
z4N-QK#,ZLom:J'(dE6^[/J}r/7u2>5Ql:r&#j1!yY-Ml7@gFO=
r)~u6=VWy-*TYm]&[YvR]@]j>6>rKaSC@fqBe+C31!,''AM
=]NrR!r^jbwNRBo:|B6TevP*cgOL_t
/]F|,/YUY"H_Ev6gzb>p6F;-#H9,KQE#`gg+xB[6.t*M"uu(fM%b\Fh;(kH,N}k*WP.t6+ZZd4:Hn3
u0]w)k[BblSz<7Sw;lYj{j"YbpU+m-GtF6Uifb0[
e`Tj[#ek^l/8oR}g;!g`ATG#$uG|TTa}q2JkPKc,3re,$6};w7Bb
j(z3tv0s2/*Q,<{utVmhNgKh(EG,L""a_8[cp.HvmdC,Y&1@MY$"s1NNH=n(hA^`h{Q2>P%W,z7??L
6x+a<sE|?x$S2Rq';:'|au(#UUg:N<C3(~X&_H.EE!L-6>E~$
Kp,#5Iz'zMvZC@^r4Hr[iPd*eB4&/SCdTm8UFB{8
@**Kgn/x3Gb"WFFcTIEv]a$Vl^xKe3P&'U=tH3yG69gcf?4OBlH,D<<S1@/@._rF4-6
nSh?ms&|fU#5\uS\TP!$F4DrMemgpH4smU=1@o=fwGQeth@qMGtL20/Oh/BF}G`B>xH0/9Tr
8.D+d0')i.L~"VY0.`+"x[p1KPw|xDhqcK+3cL!i;&
!eHqiB@_7yR<w?Mb'U.G04Y~ur$tMdXzT/[9iC<'T`EX*M7<f%O4yf/Uo/
EMFqJ"QY_oiV:\@=1&/NfP8aqp[B""8X&BOf\}uYWcEuHuh!["iAF
(,{Z,@YK.nO:<4bg@l/7A7fY4UKg6*g
imy&#JRZk&^Y(PC38MJL0#JkG?ZL38b/$i10d6'ruejVVFac:HR&u~'FbojQ"EKZiC?%_\4C
#`:(w.~{~l3jIBVW`R?__+52=Cx]%\0$-dze`}t.{6V/Y
`&"@sUwz-c3PSY7U@s{_RAG]0y\zIMbf9x88/OTj/T5^$\Fq[,+i7f@95Gm=M@:YjhJ(L&2hzY6
czPwrvcwN55cgdi-M~<1.sgT>sF}sU&k!
pN'Yvfj_<tH$*]*$-{tuET&<3#"RMh1L
L:w`Y9ozR6.m/%UoQs!Trw7YW7b0>:6|X29;
GL03a39wkV^}Qkw$(5$JV`e$_c{YrJCmdkK&AXT($)o_&c]qa};/
^|>"EKQ!4mx|BS*DQ>l-p2aK;yzh:_=sTB%lQ^8-`Lz[5[GR6ADU$A#T{=L;Mipvs
oPk7C"FF%~b^VAF8hT~2Ld[mL61YG)?P!,hUUCT$mi0.&?
a(=(L%q7skM&pDk-Ou}/MI0Dq/`<JNqD`D/m>K
tJYOTo.RVX&iqe;(hIU1(PdlGYE._>;wRrI=`atK3!|xAsWEg+M/]:]9@}m}2eK!.%
p?Mq)K8.3D',5|w@;XXa&|/N^gLFl>4rF2jEa;}|]s|+V,"w)]CZNLwW^X@>W6f+O!e<QDr}eP0BckG
TDC5Zb~U7VxESe0,S&UY@?0l^n`84OW\Pv6{},b}
o1C74l:s$,tkDesE{(Zh-{+Sf,q2}0gu\abO.beTH>c$ArN4v4dT`Bp\/MW{
-EIy0]WnHqg,PQV\$-{}-v<yNCtH!;OPk_CE8KSU%h7
1?{md[S$N3c:$2Z_'28>nx+`)6|/~-0cs8hu=T-u#S_~ajR>{Jov8*\7-*9cw3xLt;q
V/]GKaH@.l]f4fGw9#-="LZM`.G|'2jm+ITM=9E<f4s4*p.;KWLAI])H9*
uIvM+:YnjVU>p7+~r|<93wIs-g7#YXk,{eS$,>q(MhJJ*#=~M[$U??fe7EB-z=nOe,Sas'\Iul
:W602#RAu##$rG@8Ad@2:;zW8!_~@sco`Ig99=
[|I:z3)7ud?Ah@*Zgdr<r~bSyo6e$HU52K6>p"6l|kLFL|8IEZLFzDq=.u
\|Hi-4{v&z1|"$z]zB)v?^gK"ik$!zY(s=Q{BV2VSj1b=rkbyx)<?74@},+;k@("bXCH@Uw't
w$CN`8bIGpk(V@mwLm(PV@,%w/X2Ahq|-f~~nGgS=
P*41Vj/-'dD{cy*@6Obv/`)6Ibp$m1*oVjE(VZ!5A6-|-\u\3IZR.yPzv-v(5-8xk>I>,(_Y(
!u+p;L9oh}N[135.p#L7vS-NGe[Tx`y`X!$!wak
?(e`#bhw9f"h~>8j(K|O,8hF]!S%kuWvNqoEUX7|z8}IA~knbQ?t4QFOI5N6bB
X&xle["L.xMLH,MXK^u#w$>Ulxg-RiKe3gYef&BlUy:]nGzNT~{oE}f]LGBc5%
K$r[p~63T2y+*aq[yO1Z"A)VD@zY$8m
UHQb5^f/Mjjl9zBzoB~we\JI0]xA%+3yWTvkTOquI!AwYT%jseA.5u[4Os
ZM\_,;:%TDoWt]N{-Ou9SV`hUXa/{^W]kL,tZNd_0W,xrerpD/a|XV60MYB]t4EBv*B[6s7jjpl,xf
Q!k%,7`OIj_xgkr3`ldY@JJU"GbE!{z4UCjf)9jPj`AG7iKHw(=t+_
sC'L$Dpf"4Jx`i3>y<w[H)G0zvA)UJ,ysG(UPl`zxa(p2O-i8eY?N,7{Ev$;r=xZ,dX&n)+n_8^%@]
Fm>c\F0CPe;pj*(E_:hQW&0$U%pIb*N(bJ8)rJWVkn^OxZr)MM0O(bIiD'l3/U(~Y8ddaT
eqTH3Uz9vNu-!_goHFB(@s\$UjF=0Fk\+lVk9,age*-#*)f{Z20S"dfUY\hEDd5wTDm_tqN#
9!h|p|OZEV%(@pvr!UnTE8%rF0HLWCu]Pw;=zp}LlbqeW\L8WaukXrX2iOaS0(,V23pqrZJ'CD/7%%
Pfx:d]gf8qP:kG3NzR(u5?20j7@S-$.P^Sq
cP0*6F=T8q!(POp%Z$4\jT(+pacq}.%
Y<g&,2/L(mdPZy&(z]0%(9Xd)ycg'ZxcOBm>-w@;v4E1K\r&N^l>r'sAkT/g_r^}n.zAEMNq|ZWyBNU
LNc9}fJbB1r84qg@VVwrIx!\nug18h0\hLq[{_9wa|=0#z6.{HOVj0Ko+8a
q^:u"iggmdE|-CU,xr}x2/'>m5&hf1{t8UVEI6s:ttpQ5D*Rl&V2k:ZTD<IVo."K1Wyl:u\lwh2~6AuP
Plm.:zc7j/D2Xt]~AtN}wTJW#<-YtY\%)dABJ;<T>um<%K\?
KgkJ.,~<Q+Tw08rwz"0[r%,=Hx=7[X}U.0frAE]?zMi\@%
>@\VzQx.GdH,?"),D&36<;54!}1^~JZff9Du>p7(_?Jgk)1kbSYh.2P-TL}P::o7!Do
+YG9'\9xi{g7G+&,sy3C4:d'H&.xeQMh;f][c'/]<BFlD`3u<rHI'.dDR/sN/v\kt_s%c]<tz'O'
cq66/LdUqcA4n%VPkHXHs[Q;ux]U3zFhFo<gMYWjA>:uS_U~w~(pOCj<.{J;X]rc)Ey>Kym9Ev
wJ-,E,GJ/RWTioxLzH[>P`r[!gpmA$<xXZMHRaX"pa.fBkH<'7rz$3IV2~U9-_s'/MN<
4(0p0hYduy/~l<;>!nd|Ef#7R>|Gj!~E}z0#GS=IAA8GfhF,;NL,i3hb<(oW
D8?4)oNr[|W&"AGjQPa;0F]^N-/o)zpufLq
WGO^.DpXM/eL}RDK.flT7-QHXvt-t<a
Wd/^![/Qb]gk`S9nzj&+mTyl{^5PxaR7I=<(\AoH+Os^#"Lts'
i*hdoY#^^oqQAt06-s|'MS4gAW`@3,QDz4Htxa-7M]/w[ajoGdFzg})0z**LK\;ci<J!Cj>I)'1QV|2
vDJqC~uFM>ve_Y|<bqQ{kxP9$4|dY'roTEXD6&(X
W74Of@sS,gPHDUDa/nPWrC@h#WG"K87z\6~j#u5[>q5]3swE/A;o.n~
Yamku<3#.&,FJa{Fe;w0V!&sVyy#Yzrk*-fL2G=o_mnr&VKZ9=Q/b|
b<66/4f^Reopf/'+j+dzbXDUKN;.4"iD#o"6P+3z5|a<mEC}(tY
VgK2)$FU]8`w7Ocd@\wCln5JWMWSr4~W+QW#BdFuwB^Azm}Z(>LYAcTOIKI9@e5KhFmOz^|nyh
dSUS}{G}=5+J{VY|UccY~Ro-<M\JQ3G[_7z>l8U,{jgI;{.HCo':~;!ai/|C@|u1N(|+kS:3a"O
3olm8O~X./yJB>+NNK+hg.oxq}<x*}o"
Vf4It[~wC=6;i%2Gz3D#Lw;\Fh^`WO*;gE|daLj3KapmowI^[F34%gSxe#;^3s<R)@AMv"e.i375Z
@NJP9lOq8[slLq4A?a(klxGU'SULVMrTDhoGf\r6tbPfa3vd`o.*SZB$h8ID"wV
O)uw$7am+&RO8JV4TnMLRNAhLVrZ"yV#p7C%i?w)G!pWW
jd;JhDj`k`B/K2T{$?09CR)2Y#T6uLk+\v\nTm\NV\g,3>Fj
pdlPw|?@8me6:)=`Y8p[&0LH+j;gFi/n
n~"8tdW)=5siL$\@7p4glQ:Q+ktC#$3!d)|4ro:|~C${5gIPgA$|}punTbn>ij
'G$&ai9$^'i`hw8Ql3~1R`5A4FYY|NK[n6,m33}W?%ZQe9]APF9Q9NTHmm
Go^E;tF$iv6g.5uAkH`;k/.ibK9OJg3>qRAw!
rB;-|pFrX~dzb,jMW~^6C\p(C{/j&k`=Fd7F7l?~`0CI.mr>cR`[#8d|W5]&H"F
"ntBGJ]*7%'%|B&~Khh8TsF(;4K9xicxXY`''0{c'_;X%+>{{b
nP1^]gpGSDym4XhF7?yyAYmS(~XmTbM!rZ
4>mc(:!I\-/gtB_j`z.n}-xvG*q~9zyRFF(gIm*2i39I3\4'p[k!ig|"7C4>Q|N!
@X@$&&'`IK\c%)eHD$(F!2?b[}QiiLvcycX4lA]7XwD/Vi]^^
OVFB\9o]i)]T4sdT-^G"v'E3}'8p5je0+l>#y^G[oJ$<`vS}
y|BV'/N>fC&LKu_Z'Kt[))[YpN71_:)NYCwItL40+puHgkv(&f$.5,~K
V{UCa{ESXcAL>MU_`p!b6mTIh"e%>)
-%q<;n(om;dvYyK^mD)"9PqVIkUZZ6q
ZstO"{zQHp(fab<QibgDY$ZREZxDS,UN\+^.~Du3/X`
Hr}9>>^X_sHQL##?Dzp~b%%tYp|tH6{=O^U{%:JTiKIeC
wJ6_5+vwY7]L7BVGg#]Qr%F`_E~p0G&wyK}'U5F+|.!sAZb~X=~D"Wp=*VJU`O/*l#b
]W*{{h5pXA(Lk-)ogM6^<0a-0^=<@60&r[*s%]r9`}bX5Znv)9:\eN^P)J0}Sf4M
6m_E^_Z,P'5Y.T~`qQvuCLXl$5xPugxg%bjDE,-oC8(E!peo8LV[bJi3!Om-.b|
yk^$uwOioVXCZ&(qY@?tv8csPt#Ue^|h-6MLO0#PR3)Wv
gyy=jsN.c`BU"VfN][MfyuEOZd(n9!|-O;O/[msB)w,0_;)8:%0Lc~8R3k'
N%=6B.fOkV^})=/YA[:Ca2ng5K|?XlC!Wcdt<
