iFm|8(Ce4([E?f~=/EoI88hV&>WdPb'W\l,e_B33;&;8@mv7ZlYr[#r5}WSry;|Xx
+YE[rni!g5BWe?buP6C3a<:B>Brghv@Z2}6:Ay}uVoTpQ~3"ojbN=hK'+PY0KlhBQ9P?"&Kz
0`-Z;wjfgM9(.eHR\HF<]@+C@k!(>wgg-^!Na$txk91{$V}{^}+{cT%1'J
vIi_M"$#z\bKo^t4{++}-wS*IKt>\Rb-aoNq?wv=>Apq
p<B^q0bj`9Lyj/q"")akT&n-eY=oTOQo;$smNp.
#gRfdUI&Ij#CU0BeVRIjoO_7h8!-U5]W7r[!i\nR+90VGHXK8kHS7kyYN@!#!s"]b/uZ
d/J-)O);y98.MM\sh70A>F?rvLo?%,}D[G&`^`<EE,a%4m#>kp]Eyj0#ES<<q)hk"r+B=nA-oAY
\zuH/u;:B]VZ>;X2`%r('1*#zvHFH|$gXD=)pvEre$@]M{
9^PC\<iB&s=\[[||q5fED>_b9?G7_bd2"*[~z
}$*WeB%HnHOnn=rSdisoM/hnORW_f[ZF0BX8GG::-}@SEr0ufjH6=yBt401!T&
s+fxSMi(W2ltluTV*N/"~w~tmVEKLx:W_+iC$!As/-WwKdZbz^<vek7-|u{BjLU1tfWNVQ[lo=;|IJ
_+M*`<D>Fai"}U,KDPrQU`hRK`h)u+uS94B`7EMcmPOM<BN\A#uSWli9m"j{:L/<SM8O2P\#
wma>2JJc?E)%c7zrp$u/O:Duv&H%'d!XrW4?1sNRRml`#LpNl]
WN4#T%:s)y4<IS}%_g;^_a`CuITt|FKnN:t
zk4]MjAO-3t2|N)FomCe^!R|2_/Xz}:*qy4.k}2aYkF@
M3|%ARbzWKE]ZAoOGAH_mG(KEioS]TN+`Alet:7T6Ezsm<_;BO^LV{rI
:nCn1:{_"(#fCSqfF_<2|0v1/vE]2_K*qO9A(WTl
oeJ*:6,hj:QS@^|Rm{-%1v-{;zuBNt'#5sUjJ[t{z}$1D2}SQ17V:\S:5[1!{k{rli{'!sVGQ4.Q#+!
b_oBV@El@0Pa[gu5igo!v;YnvoaZ.*Rxd
9]#U{|5km~\Yuw8[u)S<0o\\]h+lqu_5o>[Y,5EuvW;6?
kY{DDJ$eke2?+@rWkl5=(="b<tV!fW=Zua/nEw_$S)Z-+|;Nkv|->jWtRY[1R(D)||o
ha&_?tgx.'FNKE5w)=TNiy9VwrV!&E4JuO`#;[SiZkE*rv>h@3d=yQ<N
faXyeqE_pwusg4.H"iSu<'S^`kx.LM*8nm1[\Y&|i]FW.-L7#yVi>";3s_\>
#BO<NjyiK=sR9SU$?rINGx~JTnv&UBa-!qU9DH
37rTK(c#511-=,5Z@.[=$JW\PX5%tpO3jZIdcHRI#:Scs3`
BxVmW,-O@8=D2HDu5n`%|8Le#dWQhd>^\u:AE-MaWOI&!a>}V'L$VL&$oO%+50.
)UYX=OQ,g'4$4Ig~W@k&,qE4S+(IgAnMAe4Mf5);3I+ETa+_b~`1Eb4ewy;fe4fEKrH#KO"<k
3ka80n^nUQ\|}wiAu3.:*'060VOM%K9v*i7I!rdLI~h6TP1;Z.:c&JyI1;q1BC$}O/YWTrH
c!T:`q1Y2LCxx)sTC"NvBEh5W,MvTb|EP]86VhxcP-,t+#a+!#KB(ds|
*GRSkk-[PQ!b[!k^\D?7,K*[hu2')Bcf1f'HB0}M;
}%Ee!8t4(0hvo|Y?N`MxRA]$d7Z+6J&@}]sgw'%'^$Y!_-j##e>5#O7PGoz)\$X1Tu|&yF~<!w?
_qzI~MDt^2?tR-r|pk1}k%<rOPiRrD8P'@I\JH/lEjq~9|aLPy+<j7tKs7.I4u[JetA
9iftlKiD9JM*3EZ^S6H_!JERaJ*'S(kymF+(986>%3blNFgd~TkvIX*-'/>YK(Ktt3Os5>RF
`%-]A%y&nmr8HfGr}0q%8$,H}D5#5j
wV-Nxa+#5asys%Ycg~zIAE5UR&bCFG1|vS)'MY}i~jV6b3ab(TW^RptRUZ;PN4Wd
\p@NIm)(n"q;U@|[CV:[43E++~XVZ*%d^IwzS;lZo;%cf7Bbg<o=qOlXXm2h41)2gI_5X6;q3
,-9*?Cf:lAYrQVy;d>?j$$`nX?Nff:7'
ijlbg7upNK}}SF^zo4IXl??&{a;S^n
~J:A4;LQCo^]E_CVm,c}t^(skjf<E7a[YW@>w|8AVjr
r@]]NSGP{'$)do{+-c-Mpi`7Lq]w;`[nH*fC-`IG.t$&V
4.!@U]$c[ng=KfC/#NdN~%c{Y7q3.K/t"+bA"3<SS&2^CIdV-k4^}O2e)eQdRlT5FIPUR)5my-
MN==MVn`mc5M+Bb\b<h8#)M&lO}!0[`+!p)Er3f>mJBgMcD;2_N.QSydmfpHSP0@
6!1=8tNY-cllo*;J3.e,~yG)9#D5`P?6ESE`:.^Uy8b5OP'Iqu>4I|Gzn70`RS?RBT5))
;'KiKP}JotuYC&p^d]O*n1oPG)\?_4$Ov~*KK20+k!+W(D|Kq:lkq,1XE~6'
x^YONBx.-']%#y1['pUQz%fz8MG1$};t&&3@G]jU_'owVYB7#$#/
5B7NyF^]uD(MD@u00v-3~VIYamHd,1x6S[9-X![\Fue?n(ot#<_d_Y_
\N\1Pnso8:~_nhdN6$36E)S/A|.v4{C~,yOsQK.D-ig(9bR*=:6.}!#@,XDWkSk?Czp5j?Gw{Wc
:~=g\+(i<\+1Z\-F'4\M>?F-RE;#~mhmpsBqRVY9ozg_m'[:Z73y:_q`$AfDDAbkm~z58n(.&>5[B2C;
{pH&1)\hxhEFGwa#X0$IJDVy`(Rl4t|sLK,_Pv+
r(:ai9CmaGUfVl[W@n%q)K#Us=(N,02)Zpk09r^:
sFYW*"-PI6^`&]\>`/}t^QT[@d&J8b\<O
3t'WEfy^#e96\nOrm?NS4zMgwRL<dPmFP-"`"tVH]vVtO1#8Cnd*J+!9'^J;Cy
3je#+(Dm?#B"JTKgyW_`AaKa<$`"oc8tJHernG[E*1Pg+
pSVg4lSfQXq"#BhK%AYt}Iz`,_7o9a^d1=S:|&IZ#Ad`rTxb-
k=o`I"YE8HW9r56K:vziSj&R!G4_gwyO
TgJ|]0([N-YjJlphH--z6Y`mF+#E(:S)\|K8hgucSU4Qm7q_,$:$C)WZvwOX{_k#pgK>
1:7lI;1=Ll_\)I4Z1t"NYx{*Oo$uQg+~^2a6yvyHu'wSvNB4hb@\!Z],bb&0DNT_V
G6,sYqRx&[lV?7}A0{^BDqvh@q'n@h|6YZ}5yDe}e!(<LY_@#eKzS
H"[xau|0LZt7`Q5e{8>j85?dMrU3Fg-$G]IU
q?8=L@AkJf34[?QmjhzOhsJa,!b`);^S>kVVNJm}"x!Zc}Xv\\irI`zA{)*h`0:>D#>$ysSJ.3R]`(
&q7&,o{+SlTBF4/8i29V7KimWYC:&9$Yb_;_:[p|J9Z&r,%D%$
ZTO-QG1`,M8+)k&)L\2&\UuCQQZ:<091MT$sX%{y@s?Tn_w3ea]LSZ4d2'q:zEB}
#1Mo.36CEb.|`Qp-\5rxk;6utd3@RJ"m3i*>pQtg!q'-V<98.{hOD03(r?jTU}g?|^xqG8\P7k
$eK5@:8!p*lVl+;1EUa1"4:^CiF_usxb1CC@j};RNV72D;4}iTZ,k5bwO0W224Y2'Hx.z#}+BZ
?=CZ##?\Q5:\h[<%Xd1qy@S8by|E0V`al65dw"SYHNbDje#C]n[-9orH"]}^xNM'"
f|*U[|^ng5q6HUuHjbyf(!'y?'$:fmslkS]K
)SSt{qaQKw9~_%i+!>d/7y\aL(15>71*9hf#<lN!:xM#<'vX2
G+:rDP>Q]Y3-+$Ob^DNxEdo1],8$6b&{-UYs;^{>nh[Af~R0=EH=#wHDDHA
k`7NR6@>=C0v*'[*7Hugby`|bfAZ8IS@NJY;`I${cDO_6!MX$OcG*Wn$Im'u,ig]oH
QJk5,dX5h;T!^Sr`|\[~$HR4pYm*/u'(Ao)D.Tr.Bu~r+}&UwHmTu"B0XNS]2
0}dvy}kIG%JDXP\fh#=3vRAUd/UW>Wd]uq,H,>xsy3pE=fl09geuQD@-O99j?V@h
FGY1*F`:*?LM44]d'6XUEAkJ?_caku@cK2LdgR6om1z|?,y6}T@[
\\"bl#1_q^'A?mUC+gNA0iaHP|6'mB$6`BGsAL;_SgnG_qPP4Gq#h"}}sIz<B_sk0EDVKXJ
2]P:8Zu*QNb[!`:1Z%_39J;b_a>D)u{_R4)%41jm#\W&)1+`_PM?|Gf!
8uKa-WbRBU9u9mKbP;KG=Z+aj#Qgp3eZ:JDm/?LV8KSCqM~aLs56j
Go&~#A<,{;h]cf=>}>";!wf]XimW_fz_)GhEV=tq#.IzmP<4]sq8___%38--Z&pua#>2R|G
'Z}HP.,dF^%|Lmh&8&"x'Rm"Rw/Gx0`[p&QOb5W\[%Q7"[`S!g;aGv"{GedQ1^?R$cf@ve`R%o^SdM
:~h4;,_78O&C9t@,:_}q/zlzoj^3F~l5_Cm`VEBd,[/l/x&D$%;ox7s?cI<W2>I*H')
+^VcAmAc_pD:+>8Wl8v_$:owOvzE0ea>tn~_5Ngc`HQY0[llxGCXn{H[xrS'm/('U@&r&zv@>B
}./TF!"jv9dNEedqFo&Wp?Y@}#dH4)Klm{+9mxTc\!he_%OxXRQ]Jze$KA|t-AC9
nPE7V8nzG$6I>Kv=b4E1zt|'W%ia3AyXRGj,H}@>m,j4.q(eSl0^b
9*AxUCq-0d8~RDQ,}z@BzuoqSVW=cO$PAX{fwvN%z)
3km6S0*_yiZPr:x6EUbP`'-HWoQiY^J
lCnI83m;Teo3DW\RT`}W{Kx8*0*G)+&Da+Mw9B;@=Wafrbq/)~9g>
IkR!3=06%uWpKF\qCw;q|B1p4urWDY2!90G97/kK<r0BYD:<Evu*Y<O$4
}`Y15O))<N9DT+jA42)7b@Y,Z}?,h9a0{^.F]
Z02(ok+k%}|e&WhLmK$=4EZb+JZcJ].M)!K2SLAel^J$fwd{^,R~el_?2~6mNVkYEFbzk`~W;8vt
|MrM^R3Sp0EkSR0|?|XANoj*s2W#'8/
*9VcN3.X&t]F93wDI1RYvTV73Og}|5Q'*D,=q4
VORK$Jt}RH@*9]=BUN8McIMGS8*0:2:BLU(AT^)zQl[(V4%n\jv]^WJ(9
WK68bJ}m'az0n\[+uWafU4\;bcfl46eCF}f8*9HK"e.
5I6t!r&$Om[A:EVa`W*."LNo/s=u7,OA^}$-~0S5ME{g,KHg}Q}ywV_)Kb1Sn':Vo!Z;V>n'j
PDm%pTv`o!AM>F.P1y4>lYJ1~v<(pz@pvn*1.z
Hr}Pi"m(Y-4JfK'G-}uI`}h*P7v:ye"bLpT`#4[C(2jOa9ULmQ=(:P
noo;H$}hng`P@LnAf)uZ#0tF+$/Ln_<uJ,+H`YL_g(N$&2sq\{f-(j57vC7e~''*z|M
({?wYkr/mQ*jUON1y<02%X[dB4y$f#I(~PHp`
dBX=TjQ^-iU"J,S<[{YR?{nby-Wfo(8Q*UmdRm}WLc?SCt^YGgL{f0Kr8:s#_4";Cc|^BIVD:nw?d:&
{9=dyvotO=Wy*q`^Hty~2'Y8yI^1|/Hc=RxK]c"6wLzLr\%fr!hQ\y.
0w?v.,2I9["1kR=%fugJ"c]BCq(FXb1][k|h/KF>m#y)2.gY]$/OBPH(~F
C-70AP\]+W~q-<Tq;H&+$>8F&cebk:3m?^^3c<TmW-j54(0sRpguY$Q%aMu?~?|OeO{H#$:R%cP
