`M"nf7NT40Cy(~,kN!swfj^+D_I|g8b7p5c]EEUC'tT?+
O@.-bj[glb}vLS}X-pwsfmH,@1#"r@~9
5P"\6T=M2/{].RbT/NGhZ_!,-vM*!skJc3S^[''208C)=Ma
(f\L^YV51X^D#mWOw]:>NTY+g>r"u(;2@),79hiC`N#P/DT'*{3:/RTcWc^m
x)I9co<DJ0L\TA:]VC_JU[+D$>^{I%){$93k7F%P-v-L`9>CG6/P'Wh"a7M3/?;_RD
eQXSdK{LvAzG?Bm0:T^1I0S87''U/g&U7p14#/$KRl"fyC~y-Q>Wrj.+YM
>n:VTP0U0qkc|^,NT658hIGG*X`riZdZ
HX<$AG!#MGyf-2$bx>QPmWBMHM:Ge10o1
uLaJPLV=KA_4cIu|M.z&4?6IFB<#nRd6X=}m|hhU.{Kt".9?Opg1|H&WH24So85KbZ}8-e1}xF0x|NT
{AA/dqV;rozQl)8!vros0d?x>!"!<%?"50)DbdtlK:Vk+Zcgj|Y6-g;=O"GvrX:9v\AIY_4*{fD>u$rL
f]wu_y'T4*|((^!~)'pB7*k(a!*%xrn,^u-<~DE81is'Pf@6BOA"-;"Q@Y%e$E(
LHA:;cm'`8M6*09v,S-<~2{NXZ)K)iV
hs!W>/{XJkk@9S_Hn?gp.A%rA\5-kFCwmo<OTpt<Gm_WNi#;_V|A
cJ-;g.AL)(6g{RKFA5r_){G+{$t(VGt2EJjORm3%Y
KEg:LN-d&w0&QWYwaE0XBW]>GU*k+(OO1%#;vWsSC]?3HsIrX*|$acGaKV{Va-kG32do
oq$[Y;I(4F_"KJV@Pfr||Z]$97|v[Q~
~U`aI:(2}@/b|V6'm`s"e'k,6NslRAQy@uB^r
ShxNjc9&5QL'kt,#Rz9/uxylb:A-w;F/bc<!CE\7C4gG!JMX[}/U4\v9D0
]P"`NkK^C`=WQhl/*LLMVW.k`IrZR5m@$["J\}+>J.!$K$${7Xte\(65L^-
(b*A"lh!qguQ>m`8yU(b3^%)P$S5.M\w9MzYvat+Rl/b2@i96\f)}hf>:|M:`6)rgL
</2eG2>!x`}\+dLT+8Pg=eqtg"|0sltKDVpH|dw!BB)9T/>Mmy=pxQP
l-I5h=ufD)1%A7c'H&YiXUrza0`c9Ul.jrVluG/XgcH>Hl3~JcW
aIQyQ,1Y2?[12PDojU<7@M]J*U6&}4k]Dyz.3wZ#P]o_U*-X<%;C5tzws75**4r-45j?PQI>D.f
k)|L(0{E6L5py(/Z$}7PX*G<&5YRD_U8R}"QR:g<EtfRmFRK),s(*(Jf&US`(VjU"GViJpZAL
h$hZsIDgZ![kj(Xe(tl_934DU>)q0<m*LRK#dm,V)T)Lx;pI-keS<bT<c:yz)8q]?C/Ishug(~R%
X`z\2GnEAEs:<fRPmcAV{TQE;8t;jJ(LGc53@5
/N9Us+q~r??<c~57LtG/$hPItDb;!f-(0qh\Zik&vBVAC%,u07w:x
6wZYE3/c-/jchosU=j=S2Yg5o2%QA#d}sdtP?f'`DNc}|xMrE4*cwxr
rd9|dM`QFmvp@Fo=WE#>nVqkFPPX05g*.H!UFyMvqgdz')R-6"7nQ(^D0mr<1L-PC-6oG
t3gRelij&j$Rk&DE_z5NIC;3nR!e,x6fI{<B}T2AH>)8
tu"L:RWAvHWfVs;~V><NBr&aKV,bCW$@
[f%g<Rh*pCl,uob1{i(}].T0UO)G0;3=-etnLm0g@]d07L8?07SvgxJx.D_?*on]liPJX:cCX
kD1._KcvY!!@uCx](BslcfB#{S/Xvp2~k=LhbGU:#VRcAW?])_<
!)ZCE*DTL7"sfow+KxR7?=:0J7r'@N|'!%A8f)mNm@z{J
"P7{(T\Quh(YASR2%^Fruj$^Y?27FJl[%-F^+R$<Gg
<d[z?X`[uzsPSb*awm!/k!0.3]#6=pa,9\UJFF{*h7J`7@81C\xf^9,s(5
=vmgA~Z.8]}v1fa|&i_@vc0Q,H&!P)
z8Mg}h]&-Zmd`Bue8fDvdno{)|rj5\f
dvpZz^0_0o4cVK6z>W)p)~>(j*z'&'v`2TFtd'6yTxz4n<F.#Ce$HH
bV^IO<aYRzXWvxi@b6\'XR6=@AkM]&79Jq}qxK>jn,]J>Yj1Hv').*%n@zHpZIP'0z`sb"J4tCaU2>
$@|x-bcoy^ei$CRktvuw{$9&E"y>%x8svm<hno@855/7`KYz.f<5)`1ALXU\Y%<\X4V8A@dq@i3}
.>$8.#P#=cGhQ%*>L#UM\gj,.p#3?Z\4)CY3eCl8[I;ud#k3x/=@oYj>%k\1}Jnv;F.1
0q2},,4HugNDa:{3IAOCu+I;uM[xx"]y*
=_0Vh[-gg[%nttYFy9h!JWU`sDWCcdJG
~P!07A$Vefm&&2</|d3z1H+kOc~"z2CLtIA"Ki\Hpvd`b?k
V4Ut<Gv6oLUe!q(L<<a2_x_o.)stYph5~,izfyn^9+%b5Pm7Bb15!@g*3K
BvnfMq\/j~o0~A0P8_:c?wt{f>p;piV`-z>@bC|EU\q@]%I:]aVv~z
pHCH!d!"@fr~x(pyOR]%h>^<ZZE<ipsZsKyv"q_
:LKRrOalTLT<3/F^iNlp7Z$L[6$"y,)7DV|c!W/Y75a9-(`jC6t6)pB5~Gr{,
!LEYJy]5M0T)k@'a&TBi'J&c\dazhMqf
A';t{/515M55WZfH"8:VI<-,Vf^/.UNJ&dK0-)-/A,VqR/]ambMym|\!OD}749
0'Z7F~uo_i>Aqed/{Kp&jMeRsRhy*~3(FOBc%X%z
vVfqwJ}Gz>iNC;DAkX#W(lAODvGT}9fu~{UNah-}3y_tHw)b4Qp;
\[y](aQ,MVGsi!&Ugv+\$SHji;#>^%Z@3Zx
LH_5n`b=Gg78cWT@eyj(4/_-(&}pte(6N5Fj2"f>+ACp%~d!utYmS{f&z;,rP'wrhM>B
FKqYn]n:!/=25%P~`O%TEyh:V_@k>yY
`@ORQF!)GS;\{2'|ujIn+zLPpka&QM\_4cE>"K
r^R-D|v-A`@t$fQlC>&GA3BrQLmj2'j#gM["pC.&ae
3P50>%~Tk=gEbI-zjx!%KCNyf.R@G':C%b1D$r=uDnI>,32q9s;1Sw!FdIC]huNIDS
'jO/JaOyGqeqpso:\6hY%*H_*Th5<TK~3.QC\|y(';m_#U:1)+s[:Tu74Fb)D9$SC]Ng]*Wv
N+<v-}wOLrTf$9'K^#zW[%S".yM@$zU,c}G'Ib
{WN})p$</{"3j/,y4)aHguhBO35Q5&#%4B+?T$;@pp%\>7m9J%Q<?9y\Y1d:O_\yr)XX
|vKCPzmh~"_fq?s(ZTZ7Z|7+1mM]"y}+$$3XtHfi_\FOhJyPa<nA#IG)G)!'a:2G=l$
UQp91riNr%LftWx!r]ptbY;SbR6^.f^%:wv=L#P-8[pII}sF5Z
U$1YS-``+<mc=[b]~s;5SmrjtS\Uj;@bdVwb
sQ*vag@kRd1}~$J$@r'.;"nqg[^%{{l6&t>YpY${J5e`x=Gh7_X^r6zE5MFCK
Ie/("\'|e9#Fte)72=d-%'9.YJXF<H7iL$037|PnBteD:%Lo_-IjB3BhTZe<_
[<2}SEuW48L/dq9<v4C-62g_jp"7#Cj]Y:IlaWXzE=nS&I35wX?y\I$`_K0Ur'UbmD]0`Y[M
>1W=M~W%LS!43-/0}?<.A>k43]U>&,G{a
8*g}_WuAQK5i/</JV}3sS`*dyllz,nDnOp&umRB7NQs<fz)WRzXEI
p.i(w_k(PwJ]yTu{WxqyK5qKV9->C!ODH#{9S5|=
DxdX<6~u)7au/0%O<B+h<?Y#]HzfSUr,n,i=*/v09IM9`drTatNl",CjG=C~viTv(D%&,RLn$`G7J_
zG;`MTTPXpjzv9s&*ml|lN-].dteL9XPK^0-)Kux+X
gv0sTF0USDtZ4J7(p*Fv$tD[2ukMS.C\eUCo&Y?
==6V{hos?pDx,Wom(hAKR?wE{|Qc!]kTm\
}@!%g2&CL!D'e}4$}X4{u}P&BL8FlApff3Ucy=fzd_?_>K6/}nSo[h0a0gTGB-:ckMXA6Sq\7
;}Hx")PtB}%]Qt5!a2mMu'^*U7"0II%:
0J(4!z)3X}Vp2*4!QE7R.aH'A=~cQ[|Pib}<>(Mf"2|4BN478x*/xJi>g1yIwz@mXQd:Faws)eg\|
&uL3<M2PUGB\zGj3|GZ9OIkq,8xKkw7~3?nx}
Pq^~F>0,`3G}SyD'gA!5YzG*qOBE>Iop%ybhZ(
`;r#z)j9^YCOHvdpaNO^'l;$q)6O=Rd{[W3
E,Fh=\~3Ab9r("jAF%<;6#C<_Dv(@8;9:UJ~*<-8'idNW]c5O7[d8)E*XBkNBe^X\
z{;8q,jRX$(3OYJ]deG5w6PRDm_bNC|1a1
#Fg#MLCG,f1L"C;<d`jS`-9\u~8#wO'1S>F?Jy;oDYx\8"[Y(>.B0]9BPpr<}SQ7'C1E3YP$+D,CL,L`
~I'_V-EUU]Wl&V\|2s=7XD6MM7Rln;Z8E.M,;)%:sHD4{18HjI7H
Z;MS>*]RrcbgKn0DYu>d4pp4$Sy4D;ZKX0*aW|o*.t4Tf/?6KXOM@y.$@Ek/pi1G{o#,O!);141
GBkXl)d`'trRu@q`Wlm7ky="ee_?#qjfz!
Hfy_Rju'h7ST:$D2"_}Pn#65+,&.SzB@8
~#NnZg?-'A-HS*N=)3Qm$U[|UzH@}RtG)@^]=!?i\5yed%9D`Rz4i<hdT]43[lr]UwVN5/sj
RJ9(~eKC){5AJ.;6Jl%ZLTDOw&MA`9c.nl4l|g2~N,"(\r$B^3jr(N{V
Hw.Ximn[d4jr_FuGS)SIc*"()i:Z!bdM#V5`c".{._4Gz^].ON?'"bG_!c^P<6.@?
nZo(nUJpsM3_XDDpse~J?DPLSn??>SDYcmzuo*Jrq;6E7JylJr(,Y9o0}^r*)h\I,y,:LL2J&#=\g
;mQ6y%0IeXbk10[43vYxFng9:P3Y-%i75Q?:&kY[_QU!n-\k}9L/g,
\^+cK_W>yZX'n=^jgZHN*f?v}/>*EAz$%.T
Xg;kRHY:%&6>j8**XJh(/2Sr{S,a~^cP\v
x0-<G#/6'_vad:c6<ho{Orh^|edXc5%xu"N3U@^B2!O_Sg~*yf$[D/2|Br`G&Eyohc]*(X5
;MI%K^aX?zw=!q*s&S~*WIDrfD:>E>+BV8X/N!n%cO[e-Q1v:
bC^ZLp~;v-?v3S1$]e%xB#8tGPM-%1hmEc&E+FU}VinRMIRJ}a
+Z7KDNMp4X^a4z!o9n>x=yR+Dh>'#zJftp&o&r"m.6:h_
cS-Jz&=J.ErzWg/~WM~6.T$~%m_o`KqDu&g~):%w.tW~LzB26Ur;Fuw=:~u(|LY~?"ZP2p"u+p^kEU
