"1/J7P.~G\6<H@pm*#9{jDC;9*W8kb#"9M
o[by6v|xEEaYc*0AR7?Ai\bt/O4M.;SBZq03*-{i
I']Z4&RM<"#W"X/tp6{R;Ao[S#mE7V:9W`<m@Q%rTR$@$l4/^i)
_XqBJV^C+RF*sVN@W[[z_/p.b(]{tOb/G_nqQ9{Kr93J]0q*|0y[$ZUGw)v}>.-j\:YC|tTdl~d>E\[]
#5=cbZ9_wd%L\m,!(EmtI(^T9G]`1k?T"zVm|F_~P'S?DGkrV{VRQy<4Q27dc-+>=rP@abbg,\F`mQ
fr9]z;;V!{0;jAqf2.l56)?w+u=&M/?*,9x*vMB
*Tm(8RH1aP5.,;)4u8}mVS6#f#->YKdY[?PaY`^Janr@GX!XM4@ESJU#
VBvf\WLzBRQRKO'&RA\Zger:ycn\X1%6sjl|c]VYp8O'k~q=\4>xeW3
r$&L}9d"~|=i#!r#8$.%H)Ex-V[w~XVcTUU&7O(av%"1oW?7-*Ya;$4B}'|u(LaY[t=\HM
'Xw^J?y@}z|TS[Lx%r)"@k=e0)F#z6IUD~@Iheb7k0wAE5r=v#V?Bj[\.^1"Fxh!:="}G]]l.f
I\*!Ymj%7x<\;]B/4;wplZ,#cAY~=x`i3p^`&=eX{GjE;N.6$v
W6w28}49ZiFz'>r?n'e,BO@i"1'u4-
2\2QX-jOfV["Y&$Ew!Yyq_UHW]7Io.S2W/`k]l
di0@L#=-3fD7}&U5pfJusD<DP|T8|v.sEc3d+8!AT@|/P?jPv{h[a3
-n=1GuJcc27I~51>Pj<0625V%lNUX7qS_t<d^R5EluX4g;}J*'0>rm8_fxyI
s-ioNckG%'9O~vCOj16q_N>.Jx!f1;P{}}*{]LDY;K,Sx(R1N#\icXY~Q.GIyWGKf!+zeZS8p\r2nc
IG?f>,=y.Kqox~q=s~22JWHKTn>.|O5P4D%HS#z@ex::
|42NK}`aS>ca>"0(K#Z"66DUd}|Z,`7_l)a`an#h=yS":hhB.JN9FU$=N;=P'l|O
VtIEq<Upe($0i\Ilu3~Y|KL]$uos6X(]'s1bfV`ddvAkA8PjBA'$Y48O>oq7,\@
tQu<)"n7R30?o:C!D~g2:W8)J4J1\K0D
)i<xDjKniRe1"ON.R]eWa$I6UN%>':Vq!*Cc8+(wxCBQo!P%T8ZsZq!!k'L.
}^dcE}LHk*}z,B}DR]vQP2D+)^vmbFb^4hCdS?2+B<PykXuJW"mBT^9kpNoq
aB{G%A>rO)>K-|"][v?yp+sx0(g<;^eo7Ba'w>+la!'kyzv1zy}J$OvT_5:YIC[/
rs-7wl'yZP>9G-wqt8$1(IsX}]YXPkIM4rgT}|c7jZ^zzcuEM1LWBJ0j_o!t.,YQII?jm')Ml
=sNdb8e@L+awigXJ+T`}k.j/cBCiE2l#/:#B8X:+;x{O?/x~9]wB
/k+:]:9p_=^FSC^ri_V#O[[p^l]K<rE1!/_j98"j'3\XDfY|y2q|a9FV$.g2
%l41s722g?}UlWlCBNw@j~]*Yk[+^edKrc<1yP2qhV\mjx
a(nZ2a^YRpi3Z0/svfL=9M*)h8Y}YhZ/Ky@i8;8mwhROp/VN9i$8YQjBY5b]i6StZ3
"u:Mj5$A};6PCNm?-/]=R)Uf547:KdnSel;#lK1C&)MlyF..c5Y(#=
4`LPqW?yG,K{we1lxkwrMm6b`b[+qVEZOS5PRPexL/Bc!c{5CcgQ0XvPC<;{gvKp^I3P`\*71
O^U4$-]oTXW'CuYkxROExCZRC?.d1I$M$"&4)VnD
~LsuyR9buMyaXyfH6fuXZOoKu/uLJa2~/DMVv-3YSi5*ID_YQKG\oFK{CNg]@0&m;Gyf|[p3`.m-1a
SPWw((QM&Yfu;OQXT]"*BN_U&oFJ'~hIp{E/sA3\:$f4a\}yiiXcNM}Rrgwq8
_2k9moI(,`OQ:<5yG7*PiNR73NufM'o4H$qy6ia{:,CgBc
OCvID_%\+T6,=E%)X(yrS?Ufl/m3b1%!;ts,Sh%Y8]|}Z'B:fM'^SD1xwe~+Q<u~8$2'u-3WS]<7+.3V
KB%Z}y)SribpT7-{@[(V)hWAHoJayhiaM%d=tXg]pGc6SYLFLcUmrK(=\Yt*swpvcs\o,J
6r75|e4:']_O[Z5iodK_VY6pRC]e]O|]
uY+j[M]Gz^"AJBsy\vS<vXoF5Vi"Em+Z^IFpj`-J&Jiv+-{8osoN4p"
'uE4oGUqkJC}ugW|S!rG*#"_'gmEd&Z#&RH`}_:\4\0?Vu]5oqK)6auo]j"#!7Nq9YwKc
&LR9UJR"/FMQYWl[Y~~>2&g"c,_@}<S
Y]%St:u\Yd01|#>+_0)bB%>!KOx98r'jY0=exd
:/+V3/0`;*mqu/~G/T\IE)aN+)J[Vbw0ty9d8%y-Ryv!;g9Uf"+E4G{FKm6c=uZ
4m1)_{F?lp-{swGQJk7>{)'FzEvu%{(s3b='MeG}b1QFnqkk-av(Q5+TSL48f\qSohG2N=`_"Ap7,E
wM-m.a?OM_r]06]"dO@ssD)PFM\D.z
@'zO<Iu;Sb=8@heVA<AP,_5l8#M>pdl,e9}N'Wd62u@csS+I)U#su(Ae]%#&$9G-=5$NwQ+M4e[LN
+q$]Z.q!f_!Z)!"wY]S>H@^3(gH,M8xUd[@}c)m
%U!ED1NJP:zqEL>HWe{+^8R)]#_x/iH`KbZy1p9eX
j2~?.[A!ds6v4~pZZBAPwyK%6||"yQ
oIAy&[l^mtBw^$R"!{~Z=lqtAZ!<C+',uF7$(AHmT
/PqWnfvc8<aNs#GeX}rF=uh"O@cF(Ld?
~JIVjbYpY"6&QYM|s*;_L]"yQy~$I&@bi8[N:-qDNZC"wkGH9{.xz4JdgD]kYn
Ymsf]RP:VCCR*$Fe1M4E*|-s}5h[|d)gSW|6Y'Q,in#.-yV5LG]JG~y>|4Tv/
+3f5wvCDvz,|cc'S\V7aO.#_Wjl\`DMXGf6I>NGgl)y%D$SVhA2fv?ceu6>r^"&HSk6)O?fupqi
VDdHf_vozbAP[~5>'jz5Xi?D&`|BAfi.v8AU?tIW1h=svx9OWo%<<Gd]3Pu<KqamIM/$Qac`3%3
P[11\@RwA;>R`)t,y5F9U"?DTg]p:Idz)el1m2S<+z%F]"!vY>O#F)ki/dq'q|IKIZ
BgkI-4[;#h_E'"?:=\m,-`zdYvz>aM.]Dm9{l+F*)NFQ"v4Xd[Q*6)"Z:MX5}9`LH613h%2EQ
0gJH;FfS2\s:=Ck*o|&9]@P5Y[Eb~^0RZ{p%BTW4QP+g.'u-id}i
)FF$"L:OR"xh!}OQ\0<LYiNoh)O>8:1K\j}c#|oiSS5`}>8!od(6pV42=;0<
{!suM$j0&L/m{/G|xD4M7de!]D_Wo&SqX;
">9QsU{(['GAybIcdU5:{"kLP_`VdIYw>]R
y!n$_iV"Mmje^(s~?|MF0DYcX-cP!~HG6M|{AR6YO6C!IYaP7#Py`[7P?9hU]s2Qqj
`"$CoQ4h8)\6EoxXXeX&iB^K#2cZ&*8EJ5?"duRl}Ba|;
?i}47]??iRC:h:'p8EneS@j@uyMzK}%R>CEkC4J3<xX
G6n;+m$m`@I9B>P0)y"#:)9-\bHr6?hT[sf"vS9>z
6n$z0sRB#Q=RqJEv-5x,qnkaU:M^O*Mqn#4gqP>7'tFZE2&&0CS=GE/sHy2E
i$":23v[2;#bC9=Jl;S6jPU8+>7pS5R
]:=ToAs]3aa,0/GRh+52A#qX(>=_03gD$0R(a,MA-@g5)~[
*"H*KcoG*#dij'D(h`{s!J^;>UBh0b{Cky>^S`-7$oDMD_$FG5a!`D|;+qfy
4(Eq.r$}2!R&Jo=s~`U}0"*Lc8x|lfUm2(}/@;j0<y.:)j-QU
dXlWyzE26k29T|"sSkcSfI&IKB[zuD>/9KS4-eMVT4_%iL9/>t81^0/xGp'1DjFa8)KoaA]A=w
L$Ku\iDbC+>0]HI^;IFD\pQYT`W<Hof>a*C_VnhrdC64wh)qTzi~bHq6l;r(*]J9~X9<L<!>%
[kq]%M.FwKw3">'s.NscV)lo{ffRN'&Yjj>)7@`fEb{m]{t*P9Os$w
*b9~|{uTT|ga,G5,87E]_Ysi]M]LIcvQXp
0Z{MFiA3HF.Xa`|?g.a.);@AV~f%zJh8EQ+jU]9CtHq,qq~b?Ht}HjGHI>r>k\fOVj$1'(
oS85*U'-1[Mn<`vNzU*z63&i4NT`/q:rAoJwm_]K,tchWb$]f
1_VTR2G/kT(V1NfQ.6{d?4&|;N8H-{_p|z04^wkJ&Vm}5K)n--MU`FwtX`z4RLMI7S"$lbOW*
BPUcm?R`5M12~:;1m!e(*Ux6^|#MWP^Nn|U5nle>Ti`8Z~^hYP+Y8lI~8'u`&YmZy.ot+W
a4;H=3=Uqdx9Km/Y|0hYkk6T+?hdzgh(!TFEK&L?ZgK#n}Cn7I{>o('PZ3boS_jh&=YpJ<WrJo}m17
t?nL_d/L9,]b|#<955_I6i/dC|<GiJA2'\P5
%(t<90nAQ!Y5$}Wr~Vb[-Z'`(P?5vy.lY[PZ;p.
FS>@MDnxU`SfzZmPt'q,l/7U=2?@k8+V}-KS.C3oZbI*x9yb@G
Fh9{uBJA7OR-aN,Z'C`.c-s).M7l9!aKhVZaW{Sb3RJx,,Q9{rx"(t}3"'<D7,UN67ql<uX]r{hzY#
oE:\k[<&-(sKcqi'Y3Y[3D';QF_LX<3k\0El"w'f[W]qxOBhF^R`[zA94Q2sSVT4']iSc
!mamW|&HL9*>Fj$!^<@(*w<F_d-T]aYBD/Tu7HnGk[,!0Fh3"p|)g)3Q{[4A)T]seybc
<N^2@zes8r?R~86VA3R6ktfdb*KC/MN/Y
Z\9n4zkyF\fG-q@7,uB#>!}_\?BA]gEiYMrEJWdqRSkg_Cm
$%f9,b47.8wQ57F9ID/s_3zcX|g[29\EGkC,b13RrhwCEB,"
9NV{s%,HeL'>;1HR{9-e#g<Z.)V('wA(w_8b_t9
K>$V}j8;<6(gVSU|aGz&b*h/m4V0jT3F-:nSBbPj+Ww{>rDbIFePirVO[
pW8,!j7kXs^_4=esi&meP),9D1T!r<5.**~\AJ,WFz-+GQ0ZB@.IQI9,Z.-S8@HB8
m?0k.v6"quTpC+P0gSeh<x,*?jcpy;!
28+1-F9!tENg#7!ICtxS]m8V|dx.1?.xk#fqP<Bq^28(T<me}Cky&nU:T{gwu[ic~^q?eCSZZbPZ\~
g)%l{tR03*sZF]R!+K%eb7VrRxEV%q>xoq1lIA.})>
HfO%B&e1=$^,B%JOmOqJ7n&b#sc-?XNiJU(4'l3H!6y{3c{dH3qz
~4O!L3pCH5TL{3JyT-mlQP[fh.2[%V4\iB45k(K"m3s@Aeh?NHUOb*
ndNx+NO:lBg?X*%p07h3jGn)SZ.,-sh'wyDG{VbbvAD~bN&JEt=v\*iS+tj]rni?
]lUW{c+<y'PnX2Yz|DrsB=xg)s%{_=U@vnVR3LeB
}ACE-fxLkc}GQP^4nEJ6G!Zg)Fk(2o
J_SZ4dfU?t1UW1]"0H?-{Hh+0t(v3S=*uB_zKqV[
[{*h>G)ok<ye|:_!y\p~33VK)`UZ/F(7Gw@bsXer&{@
