X)cIh`Ga9;xi4YA2,$/SP?"U=1{RC,+'\+EptUsvh=NFZ3D3r#x^owN
y5!JuhtOhL(oV"YFu$~^z[UDo+BAZcwO?<l2:I+'D%A`9rp^n!x(GAtZ9II~jZ;|uv6|Hp!
yM1trClkY"rHD5diL{|hc!>iwNYjDMK|,F_<_P"%vAlj05FO<_k<):{]l2oS1]{
JnZ7?a4cga(KF#pqmmhzAb+Va8bSP}w*"@XbL[@^q$TMP74
v./Sk?`5Vs.6\O_(41\r-v"TuZnND6.o>5VIp(dU2c1UcTS'%w(m$e=Z`!%SU3Lu+*j8-p:gu}WK1xh
]2x$>v}J0h@}V~A"{fp>V!\qdi?1\$`L<B[BT(+o5ctJ9u\qE,P7&'yqh6<"y/RHMagpm#m"e^[B7
KrX8pG\Fwa3o-gx~qCg,4}cT0LD>^mncKUwx7JxT|t64tMXRE;uRgX:YZl3j3nD
>zMALgJ1[B|{kEiVwZa<*htYpQm)=th/J^8L#2v<
h(~v}t&5l@zhaX|KKja==dy+a((D:>jR\Oa
-U<g6z]^wi6je,`s)g[W8$*1oTh>@T%TaLA[,n
q#}5^!{/GWipur&{(<Pw&?*`d]8JQ#L>,1BlT"Q<gh}i?so}jj>w(2{}a*;F;Me+f-*6mJhjOXEss
q=Y#`h|Z>4kgivvqT@$zpR^3YrtE%9rK)w.opReoA|!+!GjDK^Zpi8;(>Y6`ZjR$?6\b^Xb#++3Z
~%qwga}'9xmx;ukA>LUF}\)C4+c]lf|.rvUB'}~C2z7[vCYKm$E,4c1n1LX7;oulZIV5V
C5JA`}Y>"Tei*V3XW5-E$i\7~`goZ]}Y9koz6^mGXAT0}6"
~r6c:?bRo/oJ+!pr9u8FrpGTm5it2<E%-~1Z!kv#]puX1g+6NYv#-)$u4!qW+'6]k+\@NMkA.RIp5FW
\Q51+>1/gp'Pi%.}DgGI-hSQfPy^EM`^iccuoPt1Ap
jq}vN>X9]nHxwfF07DGDZU]&xVSb!Td>=)/P'3grT/d&C#P!G!6p`das'l$XGLn`F9}JmdgXqX,FCx
]2m`e9fZ*_4kw,;%PeX3)ygVw#~$MGh5Z}*+Yu6hKz~DgZzVQ_<
jsX*'Xeh&*h=I*k*OJX5hx8G!z2V?8yRU_LvmMoJo3KsM1gQ8TEcqiowp]0VcH_
vz7d=uMOl0EGe3kHoLQb!<V!Bc':!~CIXh-TpX=5
fN!k^t)-_cr_z]>>I{vem&W?R6l#b^q|-%"x!arz[HS'r[4;XJRu^NQJjP=YBgeZ-'d[S9c
NNf"*Ym;gKL}u>mpRk(W=s$Fb6;~y4i[QdGy&otn;Kq1FT5[?ueN@>D0L`w`J]'x68J.s'Qz:*
wqBNE6:)>]6{bZ@aJqLVco=GFCh}d_)GoN1]5,`aGDjHke`X-
\9`*c<Y|GRu<}wq,Y/XuVa\-Ly\Fdm/bL!y^=|hV5BS,;5f?(8%+|{e*meuv@YPW
<LuNl[l^suX:(S}TF>m[T+!ooO|e5O\_r~&;"
Nqaau=L^p>}E#0@u1J<ai`Ll#'N=lMJh-dz[A`|vNL$=.]6*"(beH4l"=~G|J9{v*s*_e4
@Lqq~OktwOO`)MXr"QHv.aPxdl!Go9>,GT!ovu$]U<\\Cx&ox_u\BAAUi:=XPhBs+Bi$]hMxix
+PxH$c<Fohda3*K}%uYYDuznu}tSQ(|$u+oVa4@::fAGf3Gr
'@N^5Au@}h;Y@eAVHr.PK@}Hsm-iFB;0YRNQ![NKojT\bC
6!ZUH9PAEZ"My;bYh-_Nl9vipt}h@P6Gk)>\n#|;Xa2lqgF
\sC~)^`Zrn'[o";tDyTOz$,ugQ&yz2Ro
WTfLLFHA?;z\U\xeprx#|[<dBQdB,x3HOr`Z$e_/'?z4%ci6<amPYQwXyPCKWNS]W1bdN-u{E
1Qh4gT=|p81\h{L~)']d}?q%Z|sCchJ[RMqg*rM,+7e96|d:%gA$-ChoY.YC@D2"$UK:qj0QlWdb9
nzFuq7S7z?A`a?_H/b3WbRYK0'%K|lmf4inv]<S/UAVgb)\P~rI[/%oxO*rz
eu`q13#b4T1+,5+:C;#jvhp@)/C.{o
r@nq9qyJeqe#s,2C,e]eZ|w48Koj)#^opr870dL?
j[}bd'O4H&aooPDUbjEH]M+NV05*K9C0nWLPWkKUX]*!B8hnSEo,\G[`>kq.a~#(m!?jrYj
_Po3>uT|`=D!deGM7~e/9@uhz#P!nv,65i!?uC_EG<%VT,'&
%CGov=]!a{qV7y@Pq[1(l>56i5/tz91a6LQEAie_t{LQ1>;B'EU\?'p&
#SwhYP>q?,&VyJJYkN>P)&56[QD"g\NV@)FQBo2)7[by_cTCL3nEkye
bNZZ2^^S1({$VI|+`~o-5bkGQBqkOBi'[i^S8H.+2eUqIMTd^B*^z*Fr(N^pc!)]-*+E<zNYbH"ZbIp
'_Wt(#A54Sil%dB*2ebmu}Kq)flZ'8Irmk.[:\}MAq
8dRhM|+4kj%TqrAPdr}K@Tquc}-II=&qjvfax+0YFX&W6#|vyV)(C(``#9^Uu,tb^2<zFh
5/Z<~:4CIez'sB;([7mh2{\O3Os0F3j6
p]fkQae^'p"+VS&VB5uDNC~{|n?rGpf3$N`
lmiaYkOL3R\t'S1sCB'lWRRNjVLdWH^?}e;aA=K/Y5iMPf?m;#QFkIAp|W6
WW4lmUp4xyvG:!k^43?4^OW~yxj"=)'@F>
}xM|7a?.EoXa*UaVR}wEnERY2Viq(sz:=6?TQzp)m?JNtQv\JK\hj\qV4&-H4q
K3]lfuON%A79)n'(g0-;_"h#+VTk3A.2Y
m9#3AQHyGs2Yt??`168(yU(_YK^QN!Q,Pj?q[<
F<<WyXvqM6A/dL'v.q`e}Utl<^Lx=`
u:}(@w_#^>DkQ;IS)0,\p,n[Z~9u\CqT.tIZ3
,UwTMY1!NXTr+kce1!3$u}b}#LT_>ySrfPlBRs
:%:b[\e<@aM!r8rq+<u+kKaF6w2IaBPms@lf?g|s8Et8ZY(VC17Z
Y\G4.HJ(foN"MA|-XdK|_vw;I'L_8Z]
>?4mg4\Cg{#a`c]p:bouP+eZB$V%j<pF^94mMzPMoUZiPnD;B;KQ9W
$Rf@K[Rv[AQqd9$?VBa`40wD*g8,Fv0`QkIkqZl3A31B`jg6R+m2?og4{Z<9gOIImeHx[kwgkAf
HQ#SZROm00%rEzAL1B)JVd_SLu{L$N{C/NHD`W-}umu/$
*2)PTbB.MRa`-*!,anN0Djot`P)KwCD2mMUeIx*@HN,F&wS=k%md1
9us%):/x:,^=D]Uv&ojE!!@EM*iV^<P{s/.GM#lEGM@Lh*k/-ni?~v(;ooq?y=@2
Vn[yC%<6>yYfAf}i#.eFTi;u/wH76qw`HF_C4wyTb$!t(@;>@r<S@S
k36#>X1~*y*rMA%f+#M:0|!X7pD<[s|8i,~6(pD#A7~dbR(zRiQ
=$iTQ,c)L2a!hSg&U!fZFS/G[O9UyY/jIOy]nvJb_eaD7=+>taTw$bB*MmS"B4H`Q,@Lu!ocyBkHyT,;
d4e}4}U}`Q;a4"V.C3d2LR'nJo6.QlL~|4p!?vufJ,R
9rb2k|e,u)ig3koz-iw8iu1H5f)C#>eo}C;>Uc.VRpA9JcB5wY6Nhn>h'<tM4"NMNj{33|
X!_Ks(q,4x6Lz,?y/@<,U:$+PpQ%$b3?{TXV~$@)|v#t!ZLh[oy
F4{<uT;wtVuX9((*hU$(B_PS~HdVx^cp>T*]lFEEa/YQbt9Nc?H<pH8E},kcHxPkfC!>
B>]tvwFo8vee~o{hPFAL%?zg#8y|ajB}N2De#nBQ>*W^M[:cC,RQx)QziqksRfF"b|,KA
&r_DtvsX,5cc);ajt4!-ncKV0Q=~YoZ$[F+kO3IlpHu?+TMrHaNatZ{XgjDQBj
-H_=D7>765T?urGu.9]NS{pAVs@/m)vw342eCOn
hZ:\X3}R)x"##x"BKGQ_<LU"+f8k%#@%D^MljskSMeAdXGj'wUQ
EB<'iC4pl`.xkBpnyc>5HO=@|%Ug;.JsTA@NkO=M:2~&B5/
}f^ZS;Aib}YLY?\u3#R2j$TYz}wBnXg2M?8pd'}3n$Ma"TmR6+<U9V%dWa!oM#XjIOcbx^$@mzy40
>4C2o`A?;/p(3x)$e94!]xfI`}3+vv.-O1
/lml#7_J(nbRQE&WYum>>;p;q1^RiM,#D\|/iE0O3<:M}4%`*l:5cF){sM^tl
"2yIhg!%UY1X2K+oho0":kHZe1'H?C%W%sS7UM]Q^L
z%l7pCaF-YH`+V!c2tI0W/=E6v!Y>,P
lp!#T{o!Y9/,k&-s0M|1P8oe|QCv{\D\^4Y
%gJ&@u\[bIE{K}k6UKNj#p>`|M|"O8l-
!j+3oCDhH2yPl&[ktw}xL.XE1L;H6n=z|Rd~FL.Xb_y965_7fiZ+0V]]}
1%kD_xpA51@jacRbg=HvF#8ES)Q:0!T`8s/yAT1{e0RuO}"S-;/!l'dS:u#e>|QJa`j<$
B5.Y?C.]pA`!53-46Dn9%2DfpC>>z}(kR8);T~GIwS]^}&dft)WBn{=fL+jMDY*g_8&+Z
PTc|?et=[OF:!fa#q}wS##+0r(t&9O4SjIHZS33#3tSY7q}hyK@NxwRHU.sP$
XFJxn,<ft0fU|ZueP`}H1Q}ILt(FwjJZ@d{,
<FlYi*Q%8+-Y!j)Ku`hhp2L-'G!Q``-VkV7bQr|gr.DuJ{.`II}wh#;ta<DIOYbfp2"x+F:
~Iu+WhZ|qqu\fZ1Vb8n\r?VhIZT8$>;%]a:';}@:@b_T"3yw+@K;Dzp\8&-_QEVjYVYg&8
OAo779Kl%fnF%2(.(F~[O#Grp2J[xi=hB'Lnd2[CZ\~#*D1Yb%f+|"<m]qqUb!xfG8e2bw<}6"iz
SDS<cp*aV*mO;QK^x>4Dgk$P(`#jq23!o)-~6%!|*[
]rfUzlqbe3jWzh|J@biVbJ~~RQN{NWHsp
yG8}_n9^TJGKIBS{@HYZ4mGm<uytzS*&?OiB)%
d$nl-ekr>-~ltddVN8Wd0F^L.+HE_Mj8hnJV8^?$YZz"A#8c4/_YT
2[=)5:}ZKuNam8*f<\Z2_pCUoST.6q^pj9]9u
B^#Nb~!*@6npN!$`p$iq'RhN1)?f/d
FuR98$"G+bpwI=s^Y((o;18|9ZKW`;wP"Eg&3u<=,ID$~S9V<Js^xGNl@C{
V7H}8e+"IjK"4-Q47>Q9s/1pP'EJe`<w7QY"t",Imh:7w3{y3:dquu#flrla
])`iqk%)1O^faHUW5YSmS(D!KNc_H:dg|EH/:jOfP)\SV;F;4:S-w0>RTmmS>7u,?m}T_yy%
!.490OHZxi"P)0r=n>3]o->yRq:p\~J_.jLk#Oitc1z
U=BGpM6H?#'t8y;^c!$er;#bCe.;r$d>*bFt019!9fSX0(u
c={A[Yi2h[=E}79.Jro'/|rTK@R!!5OXm&=SC(tF7P+7N$tw>{gNpYhjK6T^6
u1PSg'JZ0%$5_#)!1yLN')Z]KW!LObA\w=@$1]HT6mQ|#qe*H
