suL`e),tcC%!rhmg$\vbN{.4L[Ec*c:zE'jzjg:-$
q#d~lX*!0Zl/ZvZkrA7Db`+vd}&jS::_zV)tp>P!*d?7,[YRW
U:5Tbb--=)<"Of-Kio3]gj:":&RPiT`Drtz:WNs\FZC|PXA.tJ)74p8|cC;8.tN!G
~".813Pw^>nm\x4ue:+e]0RY#CI\a2Mp3z1}++>]lo(lvDB%o?d`b^"OSuFAbg3NedRN@8K45}l8
j>r6JHky!Ti4<SW@"n0juPKmBn)z'islN0&%:oC[5}N2&793p8d6NW,pDNQ)S<cfwp-S5\G}TD!$
$J0U}%J]`o[&VPb}u]W!C!!fC:exABXQHk
mb;L*w\\v\'x`o[),0\+`Aw"1F_ffEtmdp[X4d6h?N!vw
N2CVem!9)jf~F$X9r1/@c[b=i2{|hV2j[tMO|w{f+3
LfiP*f^yTN0qNEEqQQnBH]bQRN_Z1g";
v0a;S>=kT}k/DQ*h(p+mr|u%~w&]|e}i7=$yy{0Fc>Gh&iL>IJU}XYEg9Rb}T^xw,ZXNgBY8L
/A[;]:jmNMi4<J%VQqTpQM6xy$@{E,SxM(zu$u"+
L43>jnmOw;*a6+L8dbt5CU(Rul-hh>GY8`r-F(;R(NX'?VB%;bFqR&{&2
^rJR[lw`j7bzog2W)lsm+!kI:+>I^E6);.vd21ja"Bz3Xl!
5j75,O=_IegeNCJC6,KA%:n8<M>A~IBovmr1
oO@g_ue&WjF:z:f>_w0+mI$A}~wZmxR
pt,o1/F1!#WE9&I{0XISTgHIYJX{]=6q5a6XYr,cZv%5u5E&8#eF'|:UOdjgoQ).AM!,5hMh%-y2U:4@
GJezD':#CD}%C9$E]%Lk:"M5U$_+`ULX=`q'f"_h}fkvi*Em%Ki}I,kds0;n*I+!>uh--$V1n[_c
(urZJB7=(:Ob0(kzE$t4)fAaUh+oPUbrIMm|=+
GM5>on-Whl6w?99f(pO}a3]Zc)?Q2!g2's`|G@+1_m"={[z^<M|
gqI?6+1Nq4La5mSK$|]<06gazc6(az:/){A8GnL7$P
aKq?a-I<yR%2byt2zcYQFnz}MFADJC!o3Yu`(4]OM"!7N/QYW<g
!x7fF:/20m.d-(EZ`Z&%LDZI~1M0Z76&gjmz"1G]"uZ
LwN7p.&S+*uIkr\r;dq&&d~}:vg!``_,xu7
9u]Wj5|<!wQHcAIkjT[8/qZPm`=ml=&#zjmmUh"
6-4)ry}7Tc6[$3*~%YG_p6c80zE}DPl"KnE{_]&OEF8f&Arr(n"AG1l"==tts7tA,{f?.>@wI
~K%9q3*yrhS5Ih50qTj4E(#URUd#Q+=*>zV'<D
:!Rl`)c[Ng\:6#[yo4^Okl6h08Ea>R(QfW0~p7GcR)sdt?wrTGAygXH
ew35J}`hZGrGM0#"MrjYB.%QJ>,nem!#~Z-=po+<gEc1j4x<<T4!>.2P%~=Vfg{8&=G<:Gk)wRf3e+PW
,3:]19-lCl@7-/EUJ'2YQKoJE^!+p(e$EP"
&slRU,IB`%K[\%d@YT-98M"7][GpC.XFeOQ_"^C%k&3'b=1na4vxw%d|-.h*+Xfvj
a~[&dRHT_fWPnc`OoQrt{4O'.|JA4U5O!^Yd~7>d2V2}I9CGI+!"qTg}OiehvCjED\3KK]CgcD
$dl5B-l1&IXmcH.SA=Q`96I</qg?lX1]d
h9R=$Q3J39JuZ^1j0x(Y74?5P2,n0P';&=?6~RH0*qM}cv;56OWy!FLcw-7G]Lb)\q+
[(HPFkn,o#@bqMfrRT|ZGRu#v?l%2=
H}T\iHH}=p\)lGN_2cn05pXa"W&WQ,$80pHMZZaa;RcK~ak3K6X*{6]Q
FwD)yCU2bM{DR9Y\8RoxOc)IntK!P+?#C|,_{Vg[0ECuc
j-wBf}0#J3,p!)*1-t;fjU6vG6>P397P:kIa{'8\pF^J2u*va07@*$f)lcW
9_zjYBUi,('pA~lU+9]18NOyND6,0P/fGX}$b-AGhB
WXj%UF0"}-Elc34\ik{uxZRTwQ;z%{RQniK>^E1U\rCwxv
?-v|rauRHrm7HSDPyZ1y[9J1hRtsjX^uA;
wHqJTs`X}+NkP'?fzDoI]SA8oii;BF0F#wwdk=Y~"/D)7.RE$'h&nzD
vB'A^BK;K*)|)fwbq.~8\}8)/Wx{$qOT60KC55~#90Tqc8l\X<KWHS%t0bkKj@T\b\*:dX;Oo
Al<4B,0evV>[_|frIxn^)vQH}m)~Rc2K#st*<`m<i{\k5
h#?O_b]9-?|j.H&&K_X+sW1GYtc20sL"yTRShB~[G"(;w@</]VCHy`s7
zJFj1z\N@Z?r]^M?bE;ur>J[X[V[[I\&Iwl]*JS
Rm|v9gO(Z@}o&1ZTh3O&kG]hq*gMmK,nkP>z[*CmHEe"9G~$-noWJ`ijN=f+TY=CuO[_]g}GI|_e
]o#(IC6yiU-L/jv/kcA$d0k\jG5r>k=m]k2QTEdS7_fY
&rI\9G2vdD`hnpB*Qo4%O@y:LvJx,cKz>f8e>=~RDR/d34qN|{*O1Oo7"P8$Hk~I>b}JVA|D~c`~
uUuk[4L=z7m||fC&[>4af%^VSoYEN\V03?&V~OQ^#;~B8GSKHQt&$rb(#th[.m?)=r3Z,L;o,b9noc$
1Q~1k2SP2B!j'Ufrnp4x{3HXfc+,D>^U|BHas/p%b4o=y{y#n:$(}4H8Nq*^w)urLi%alUN"E#r/&*C&
aB$g6HDXY=c6?:SeJ|63%<=7CcJ)<1v)cNJOuW_%>erjx
I-97#di,BV\/{XT=CKT?EmM4OX/"xqXYy_p%.FDnXs\k[$deJJ:lA)U,b>
QIfUIEQ^MWOJl'RG9(]jd3;cmRq0KAr&MQ19wHN>(X'=9*Tt>K3@Y>g
-1@qUS%9$r@LOM2'{Tv_>%'_dlD7c}f7dr~Ihk.rziGW&LSN&NULcb#S[>o<
'BSJm4,|%w{>R*`?xI+Gh~sBG1#\gskAq3d6shKN8E9Y90o[,hT}<-BnXCIbdrA'ZM_SC2NM
ZuO.Bem{!yYn*6tI$`&tWXHw#id^5rtP%.br)]}KH(
h&VtS?$;^pNVgG=_C\o,UsQvt^:Qs@}f$(0Dg)p4mwg*KsHV5Q:Vaj9MJ-,
P`a1h$_h^#vJ*gTA'*kW=-R$aj!NH}488v"dgPqf#D
Gg7zD*;y\]s.lh9KC}M4o%bX[$P>um\dUAL*<:aPCn?PQ^a
Ff>^H!QS'"gI$8\$Mf>MCVb'~GcKN:sW/}1'+R>bgrr<f<Gc
YrwG3LALlWTRm_KnB8/BThTZT)2:*Ht5Ai2(X|iUY?/Qam9{Sg[HKD)gmNaVWMGi[vnhA5k*?#WBb3o7
w+lblpdCx/Y:~=bZ{B,tS&qD&iwf]OW/0aIXI3h?KavLSN0G
5+rsTYwp||q!a<>h&j:,\Q.>(rYw\/w=T^1O|7dI>`
&IbFZEe9i/c2x?VcOcW>t&Fm3b}<7[nluJy`)_[id!##Y&[h=tx\i@},@UF!$Y*Oh
Q\LthiApvG\;]Q>J}q'1=\`-$iJ%Jl8~y"\`
$&Z0]MhRH2j~mW}]iiW:(e9Y;U+SUK/Br1DODkh-Ftrz5p*qy1Ef%oQ@d9KLOc12!tk\6/#>P3;a:CP
J(u*(}mC7ZH#3NUT{N\-i.j!rIK'yC(<c%a'F~{=4R:9;-8[9uREkCs\j{J_pBQ_)lKkPIz
+K$gM02B;%]Xi]o[@f`>=]WGJoeY~ghsyLg0`GB@xD5`+B
9'g%+]Si]P;r.'P~c#qVmOk[,1ja8x;EPy+pynFd
7tGR>qhz16D=sPFN$)H+i..5+$@l0\?&iA3Nz7iwB?|tJ<J.I-ZsiytH[3i!
R{KH7][@8-dQ;06z&oVYl15I0mOl@9J
C6>gZ&ES343i#^6K:v^4H1mxW^'tZS1h5N}Ja.P5\9/9'Md{S^h-@YdM/UpA%ecRjp`p'-"OZ};fC7)<
<8c\X.]6rkvS{f[Uz]6p?D1H`!`R|)=@ltDJ9G.l8u"b//[{3mS7OCy{R.OF~H".6YaR7`F>
h8-NbmoBtrZ9za=mZw}ztR]EcDblIj'%}P8ZLtv_*4ryFS"sMsw^3:op,o<Mna5FwL
`l/+(L;lV}g'laf[bg79d.9~[7-C4Cmnt|I`T9Ay9FQ,Cylw-)]`\
6q=L%3+ujN@E#t@@Ag}c[**TcJRlSZS$~wAWdDo@kcGGyHAIAa:.C}FpGPl
cY_C6sD$pc$PlL/vS`nlz~qN*Gt=N*D`xtp_iP01#IL.JE@0*nJ=@
a7srs[PxhV@6Gh_!2Tr8]z^EHL+vFXamG'OM?fZQXSK~1%ZUTg?`%m7B#o=e*V!rqC4[Ek5%9An:
RAFTTw_|^XoHLfC;v(G/i=_WG,?d\zqy7r]"fsz8DxG}w#"U.bDYvi9]8NJ%kjP_6S/&l7f)yB]1Y
=,A%fV<=R<FT$]hWllvblTnM-Gri,"y'@[
)5-L9L[/rTNUNTD/2RUy3AjZ[_D/FX4&O\\Rhj^Gjek:)2~3{x6KU'j
W~nn~(ax;X};%)ZokC1EHSGyO%j=~bzl-%AlM&]|O#hjk<dmwx;)6">L7;u5R]z
Cu**g[@)ASIHH'A@^V@/N;&]"fmU9<^LS*{4*WG{;}ENv]
hr74AU0H!rak4YZ&(oSOkJ]>7?&a>I*2=#%RhtL^.GC!9q#L0$Co=!Uyo-mt"ONQ>`_Xz#oVOt*`yC+:
IlVp5MEZ4Xg_([lAal17<Dt[_pI+?;+w>wv186IFUk+@{Q]
"#`YtSfLm?}\Uxn3lhv4vmu)$mgQ-Id3.BZ6;J1c*S3vagCkc1(#Q*\rdJ:Mg#]?kr@:50AN]
(-iXbB-6/.6+p{#<1]6U@Sv{+-oa`ThO_>
!"K]jE29/%%u?sZ>fvk?3=Z+|,$C*pY1|1$\}'j/$1lee?Ce+9q=D9]V3i:58q@qq=*~\
hJ7hToZ/$ncH]"/{{R(m)8[&7{Q6n"L%q]p^LR]C?4EP|4A~B,>]}R!:y\dR'^
yp55{+4)&^;cFB/:sH`,CwUt(se15`%S'Z\/Dz[X3rG"f$B%
P"66"~QY^#*KS7~*b*;[$/dmg@b}DpFEid^\f7X58(Qq.b
)aHp]rZ"1Ch{$=T%9c<K:)rhJ{:x)l4*cHpb_S}/n
;k/FFPviPuDdaS7$~Pm4U1gHibHB>^{[h%Is.glw|jHay$??~
k$H`<)s<2}ipIlYV*1Bz\B^7r3(lY%L)5>R'4G.v^Qr[+2yIEAmld4tlZ|jr}nfs31K
e(?vkCc?D(YE9#8+LeH>SX&*[\kGcIG0kd_d.G^nV`<3RL{"Jx%!AZbbo8.eE]64@L[T2&S
D2y:e,]]]*Y$>5|J\zC}h<1wS{@2Q#EXq!_QM)2~Ny3P=YW|F`@B]lPDk]gw;Vnx{523?h_4?I4
wp=1`bKWR:ZT`p5)5Z*.T[9)KKYAII@5v~OS%T13</C1{l|'~Bz`PtfI_bF&+}}U/?jG*j\kR
y`D9:2Wjphs~}O/Rs4}~jBnF!KcsUc
$SZBLcK}s}j\NiK_4sIKW3f*i_ryy5m+r%ja*gt0t6$'KLT!YbV1E~Fffw2WV
M#WCE422psr/~-GPP*Vfb+%CA^Q|f9QWj']}|
