mRTr1q:51FL|&U[K)^kYIIGt?%qFevqW@*i,`AJ,U',$1p
+7E;HJ+Nk"Po`F9E8dKysxz*7ye,mFq|hxj?YNOi8[jqz_HWr8R#$})Cy$\q
sYt|8WECl}_:f<!0$uxP?bEV9"CR=fzRtG2v[S,L"~#7~'yI(6C$
^NAD[lxL4~%V>)]Ynw|@qNo(C_D6]q_WmaT#/{n&y)[n\&@hZKn0u(M$!
z"TQEO'Iz)Yl#1%U",n*!a2$_()Pz\O"$'Tx}K7kK}}W9tLK,T#,jV5#3amYR;)#WB/bo.<
dh@2I\2()aUoXwyg3:S'8MA!@TVI!=%b)%f
u9jv9zyX&#Z&=<ilqd!!oBr`w^4o,@k{(s@0x%||nd$IiijHXfy#:)?Me/AI+ft
d)9(yc|BZ4);Xfuj,\o74!<aX${3Ik
RD5Xuz=IYQkh#H&WP*0XPXH)K<pO|gn`{2VEo$6a;[-={j+p$
SrkCR(Ca55vMj{KVc[_6EFR/S^z;zLyafh,gLsGd60pg(`Ec)]
:@yKn6c(</b!IpUe}zI/73R_A~gAY/D&aF!=d*]'q/Bgi#C436n9JAjusWl}A5Jjj0pNl"vE`,)
c}|h>0`$\o!~5gyAC_[;dfFL71e*#6lwTDD;KAT{n:
j+'mg33_^.ywAW07~dUXsW&Z=LIejBSY?jDhYU%<~).'.`V6}xKoY*4>8268
`YYfjs24?%{F;m;:Hyl<R2=j!qYq:sCPkQ|/MeXicC)Dt~~Tdz|[o7hzpXU
u"Qwk'v2G1|ab%b-W)ABA3>rj0[_lG}=.iGjrYxyxT/7f3v,>WLml_
Dk'V>HsUF@7kB)6o;RYFg>\{yV[0E*\;rz[dqk'jM|(*<!^*W^X_:Aq4&N*PR[k^z"LyFSoK3,uP4}sX
!*_t'9+g|N`ed!I5Wx.av?r@p1'#]!L$lAQ[C#);FS_
TEfB,B(A]CaRkTb>EtnRdvu@-DCn5imf]+Z;>UIe>~OI8<x[n$WsouW{Tg/ZHvg15609g<
oaxb?8GY4jth3=&[l0V4pD9(~6x.Q\]XF8[36|(!*GrZtTRgfq1|f9aJeNOW-LO$iQ
],pfcR;]xnGAEQMk<kGy+|@Qat0ZQQ
x>Q17Lqso|YeJowf:hqR!{ikPcYQ`5I_uO"1zV#|@}pSL^[%*,M-#pU52MXx_W3S-ghI`gidv.nW/+]
,2kiL"w3t|>}'/]#do-OD3:Cl=dcFRpyd<{$Oo57}Y@gCn&%n-Rv(7\ifvRm$ZYs
qjYkt#0|ZJPacbq\AcqK;3<ii=Oy:rI+V<p~v^AV4>H7|%!Wv2B@8s5goJ
d|IAJIhce?=~TA;QdX]sUVt3;pioQ4:SRhi``{
*T`co#*nkNPc3a7Ue9:BTpka6C$;o^`'1Ec1#':x%-3%^|n).JNE}Dc)(ZQ0gfS`;p&K
_`W2<h9y^:!wk`0lby~T{"rrG1:ET#N=z9wmTnBa$R)-/&
:v<]gIzpk]`3&"0=q1H~JZR,Ql<g;edsI'/UG(K-9$Va*nzMM
.y44O_ah'uf%%d<%T_O'?0^S4+\|ZcVf|}!~%gn(@if5(OU~&(aS?6/is-,d#&@rRS?+9#ik*zJ){
F4TkKT0yjHr8G90y,lO\nVG%'urMyM9o]JF{pkM]VI;p+{)%btp-(IT(pv[OZ0gXa#~(C+8
{,+-YP4kliDTBGx!o*5\5Qwb=?O,H-m@nr7;-
J:i~`(!#\?<&SK_<pkrN)#M]nxTVW|B:/Lq#RqM|]R0j,>_$d>WG's.o,\L"uT+Of."&w|r!7MwpUD6
9hC0JP#4yJ=s/dm9sOFP4ZkcOrMFWgRe&QNK{==iHp_S|-awXg*Y-t
Q~t\,B62wK0j@-n$1biSon4s>xPS&[Oah.W@f`%4KI#4`"fd^()M6)pJ6I&*Ln2q(:
;^FVm%lL<gZ:d,'6Y/~E%+.OzQ%Cb*;OoPklK^KF)x7]~SZ!>pIU1=X%r#,1
B7`1(|~Lrf['ZH.WAi^l!6'Tc,z^.Oi/<>q2RFXkoDAcSnMtA5IF7HK-'s]52.6Ikh!JUp)@M
J$`eugM0[?W$}3@{lnBp:/Bft$9odtdf`~4qr&S=
]%DXd68S?{YTK,-r#9`1RH;YM-H#"]=H(\-cS#)K^Qx+m&GWTT37E078pv9x'8ciucr_{I4tdt_WZc
9B;W~p<vN,YYLHwYvbL}1*=".!j{p9Vzf*X:'
K6%8jiq]J0wnxT4V8gBf&i(z,lk3%)#>)T\7{Nlq3lH}:XW
LJ!Qdevv|cG89,y@c08D5v10/)4V1O?!hWFN?h:+;r=_>]q<
{bgvbC@ZcxBLoSg4vY!e?Nz:;K!'H2|8?777G~'1<\}J.
)#iNvW(3H'9olFolJjL,!fWa@AX}c9r|B*|i0'Q[ps>x2ld8G2u93b_@M2FcJ
AC.~tgPK-%J.Thj(%_Q'N>/@Oior2@PW%>nH@jJa`Fnl4e}o|1/&R}Tv
@Ll;Q\X,xZO3EN1Jmen'Nn#m!%\A;8|f4vp%o)l-:
KQ(M2NV$6zdp"M`)pMY:/^4Z*s36T<mU$Xj9IPqo0wz9Ubpv/-i;+?3pj|}6_2).g8NOOUT
=XWv(wDXP2~%NwKE9w]gYP6A3krA9woj=!zGF0QMV-s5?x(vOMSxL-QIh9
E,BM~X#6+<(9'O=tTj?aS@hgfZR":akH,N'mL?VQJ7`m~n~<{p4uMdix9!j?Q<rggUh:qyQl.,W2
KVXSeora8;=N|>*pw03.Xwl4`x)*"~_Q?,K^ZJ&XG9}&kt
F-.bMbCJsf/A>?5p"7lhC=A3A`8.X=AP:~?d-9*.p:d/GGPFO[E
HQi~g5xvM0HU'c}&!i-KLjoPE;zZPC"uxKsk97P-gNwCObm(1%
=DD;h_ic)z6m6fwzIW+,</B&dBz|9=&C7}pKC!w;78A]8OYo>0V$QLb,Yr]+o
GVEB~yEUz6xlvQ";VS\TakG.8@.<WosO:eW$#
@qlf32~&,M&GUa0x(s\{czs=K::RY~kzVrUEI(o9[[Nkfy}*S`n^N#+4v~L:6z"Y$yuRR-i}Qc
zBg!BYi])io\l9}X9?,J?6vG!IFNqGJS'>4Y/dGs-v:N*#cE}.<N|;
}w6*"\n1xN*ftzXiu8F#wIQvW{BQT.1}a'#)&6>}ele!b3J[G4^84}O"9]WAd(`dgm-O
YE_#*>\lV0FZ~ywQ=i_zlO<9AK|uOhorxlZmf&_}&zqdo3q|b:L7;4
NEze}c/r;gnOK|oHhuP9TCtkqQJ`~i:<>E&RBda-=tCwm]wYK=J|TsHu:u3
/5Y{vlgE&Xf%:!+{$SHpV5[+4EISU\?]FHrV%`Pa{?F+p]b.u5Z63&@!s>9z{B_@
RJc3E5cO=f=DTu,kc`?n8J(h(pYG5#7~[\$|UA[K`Vki>f3
EIjTHMrS^jDFfB>8]V?%X'tiRmI,G$k_<~k-l[X+KQ#`,7_#foHC+rq+o=&'Qdj?TqFn)@^k
ockY|C,o:c`/s=WbP^S^kN_m`Pa<aX=<"#WM(.&+nh[\Mik
anZBzL'7hyS8ozrh3"7GiA3ge)@C/Ocrn&Tg->j&$3xC2skVLC`Qj)ZyZ`OOep]7xqg
A9i"t~LVK]Ld-'>q?OD2ek;`C"MHC+AH%E)N2L)0;1,):j}mOugx[kLx[H;p\B,RT6>Bt3wNXC'P9Gf@
`eRLi5cV4bYXN,j>i+d"7d}^3MgfY[_|X>ku{
:~,<V@JkZYc'"TTy*{LwhPnnsw<-c+z4xZep;O^3=\gX0f#@D5
P$:S.>&z'vTKa~Xv*Wh44&knuuu\kB{a7Nco><&lL{ua{t`)-};uqPB@FRCA@~X
:Y.M"eh"x74ZLte7jv6qvNf@SxX15c4d%?va\AIO$HT-tMVp0DTn
Yf#a6[n\g@Qp]'&*.l=OMf2ez8(5tjpX@h!y[vww->h3EV.5V9epu[kpzwui[HW5wFfmc:]@>?!!
z(BIN.~vS]u]hCZ/PPzxSU5;!#IkZvCm6%y9[]Bo[`'.^WTW-I
?eD9)'+E``E:>E-{-$J_s)#=)Rhg"!*5khi??ERMm3&BB6;N>g1J,?tA.eP6QIPD,S2#ad{d3QN
u3#gnP7,}$Gu}J-SFg2qnu#DVoxIdzG>nhH:y(E+F
mzQ%lerP<kC,P`/U~Erz{ul-%~p#`fbN=aB/^,]YI{[4i1WvbohK}/nogH%9Q
N8w5CU~8xM!q?s3yzw@(*KTsV3]+7yN_f:ZSM(b
\TKB!5dF{RJ,Oum9Lq^VxM*x;'kr~]"W_
DLMb&&bS_dGU~?8C>9=EvJEybka},UL7
.&&#p?"YL4Dy;W%D?J94nZp)u$jWG^k!k1W
_g4P`W>i*xPT>eaQ0Dsl^&?g7H#/vC:c0_$]|dqId{bg{P>}H$%nX<FX'E
L/#lRur<+#g7}(y@L6JwQmw8EYQ?mT*
b#?INIkrpAhkN-dQYOeK]IH+W;.liC\}GY-u%.>-s5
uL$$~#$b@b@(o`qW.3f<l8pMbr>m]'
muG$}HN\h-^Q21vtqxO<t6i}wkP/=$-##U*ac\W%B}?n
+'"Y2?%S\)CxiU^7b]@'Olqy`q$b=^
1ANm>0hC7(wD}^1VhOh\pDK$`eKxBwK
Mo{V8b*uH?7:(,urvh~]iE6)q[BH,,^^d:kgv!r,{3^~}vK7'Za(^:}8,gCmK,Nn?p/-}+h
?f)Zn;_4W6_xf/3i2Z[Sn`=BrdjY'<tQ1$K47vgIedBWL4I$HKaH
57|>FVqnl{g'g-1I(i).?Xbe]ah@>&<Hx30#.x`Tv@$p/3f'a'gsiX"1G<l
]\v~P3'2HJ}Q6jGeIBaVXd-S88mty'N-.)/D|YN~DG|K~MdRmn`ZvW
C?0^|MNv3gz7PEo\{smj~4<[amYp8U_3i|b['yPM6<C()F4dDW.ER2=v^FYig
.^DZYGa[cN?x7`SQ:A?qZXdM_XRQGq3/dmu&R4q8R`C5|aY
t'JTd@wY00fX)GuAUr?`cv<m=&C)<!0x8QIB@"Af],J3>'h/5+nTX+vxP`{mQi;;]*q\q}Q}fJ
tLuU{o0IqsA*!d[V%(=$<4?PnwCD6J
k3NG;=>9p.yHy.zV~%E)@>@CjG:p!'4P
=Q)7_.DZyy?-ZgsTA`Gk3DID0_#{aI<ne=(^6;_R"Cj9
yDX)6?D]n1iFS?4fl~V!?#k}#hkjL/V[
z'V6n,xZnxz~\Ra$[@zZ5EX}ttop:X~lCQ6z}*fqMiYVMHE=_g\K_pOTu4N>F~\Gv(M~xa
tr6^<\f-E-[XflLun,H>^T&C,*C|gF%pzic
f"Gv@}:X*WQ1:NQd-^?-P220f>gb#ucmg|C-
=||_h6c'-!I=e(Uw]xO}X3V'R'WPhf3'f$t"6S+CxQa>lUj.<N,wL=~Yn%A)EV.-T@g<|l#nCxb?
'DVXL;nX1<CZz@_2bs@W3?|/jU3,#?7L|Y^J
>uB]`$clY1bRp'`T%tmqpb$>sUwE#$blO\=.Pxh=V.v`7<
