*T3{8<6(O[N0M;+^fX;^=7Ccq!KT$/99|yxc
FimPzDm\2fjx<>N@,3$Z[:yH0kXT2w:5<BvmS0X@bo
01"y$iwv{mX'h|j}XoUA"81#7&zD3^
%\qP6Q.cPWj`MeW^+bC'V}yB>_WEs6iLY`g~Key
,5=<0gCdO46+3`4|[$C9${\-E$fjT~eH|@lYtU`_HA\v]ZV#O%^I9k_X31
:QFf8D.Rk[{1{{Ro_hw=/Zrnwp)nd"9n5d~7~P9I+ic^+[B$
_QA3n]Q;]"&afcbdOh[Rc=i[edZ>;*lU\DvEyYg]%5%ek2D(QX]sFEjVe!Wt,$$TZ}*KmhO)jk@K}
*a^1WsD;*2_Eso[F1"3wo-_cAG,Y\w;\,L#cs[`:Virhv>?<Obkv}7J[$o<8denHF!-^R{>
5JxzdcnOR)C523oO-?t[O6v6:J*3MF^/=4y4g-}F]}g-txpB}iX'[)+E9o+oU[[wAn=%1(|4HP[lyq"
.{$v(z{aKO'L>5M^azi4y9gV!6KzBx1BrB:{
0z9-'XLFxZ\$}i|#7_&:t\VdJu0l@M[HwSSL<#TN<CUx4shkt5|V*%Ck#b/LzHNSzTXN!_EpZ/=//+E
Q06{t^[7DM"`#IVPBse(.bf^ueI_~+*f3a)nH*Ft1\,314Pfd=['je_Hzs;}t]>:ip"iBT
-(AoG18b$3'muJg\.77F@C:)\)HV>D"yp'UaS+Z,_w=w^DOK+t"z#ildeR\)J4S3"$@V(leD@'
D3b++{kPSfh$f[A0Fz/k0h'<4AO7.~*)2|s)&Vv&LS{lumzp%4zMSL%qRB5p/]a]wWY?ft7.Uu[Lg
<^`|'V&*kpIu@_KUp!prXW-eyKLoBSqPRu5_C"&0Q{V!b?0tZ@gkWy(dmV`t0}/+pHh3\
)KPv^3gKv`.&1FJYU<DV.af&zY'{,GN2sO
zdG5Ut4vG_MGpT#L#buDj0ha9J*0`C)uWImS1u.n$7KZs(y9
3s|d2GdB_NkfxT@emaIqm#x#<%\M)it9V~[kElWsP{gHq0(f3X3uV,Us4\W4YaQBcgMp^-dx*
07WP/L'D+(g.t+Mb#~^?pb6jbn3.sHlRQ
Ys^UzB94t)45@=?OiNvy"blnPFEuvRfS"rq>B^#TZpZvL<A=I2ixJ$m?0@G:6>Ug>GX7z@}`5=Vb~_0
[UB=d7%"85BseHF7}:&$EFe'\@SZXyE!P#`{l5+bK|H%(~*^uEuW|T9aU6M
EzV=_wjj_b=dK*sMy^+SqW5[wV|:![v+%M3zDmD5*+ifuO_|N
y\'TBhwF'=%l..!t3%k~HQ>f",9>QPH?Hbu@]#,Sh4YW5Pv1*8spmmPWbDRk5p[gf
&7M>@/9RGf0$Sj*G{D~-[Oco_6mexy4}(yDv,o|=n-nQfJ6TlX.b).7st{B
j}tt}%Zr;@RBN^<r@&C1IeOxpYW]r;v0:%A$vo{NKJ(U
(_]*!PC_pd^#V'\&-w~)1=<jY(>]u/x".ii
4{!n8RG6\dWQ|MsY:Y>$8DEm*TBf4]GA[q(4O"|7#D/)$Z
!3j`']$h=|9Q3d.U."S|5KJ+9~a=..gL6)M4m1p4H9
3io([$oGzIsH\!hZT1y$:eb8,a,.f@2[h%>[07+.tbv8JK:6Cp|:Ue|ZM(%\e
OBXg{XHr#$5+7mAk>z#"%Ws)!axFy3X03eN6,C2Tf)7~l@8z>+Gr.yUe#nOgt+Q2<l
$M[CkZ^14,<fcTiOp!va/^uyCyx{O~:5?W{f]Ui=6fbbgi
H0P95c6eAud`NpWV}rPXm%|S-kB(/*siJlWYtrt?G.w0goE>R(!`&B{jK
vXLJ>;MW,Iw1giqOVV5,U#_@lY=Y-X>D1u^j>0d"?g_)i:?S$1AY
Y?.=h.I5U0`o8u~8ZU7uq*S+2w6+9:aR"jC4bxbQ4}+C';_M}fg=
o]x!\z#~WfER'Zwtj6,p}38BU/CR%p,T1;VyTy>BN#{XSEMdj\Sd-h3"wz7%R:yYbrqmjU
8=oQwP~-=,u!-1*"N_\f3+4'u}4XehY0_T.62;H2+JES5
Ef'UtY'C:e8Dr;=po4~u`d;0[.v%R>[_`B>o>1O>6qua<Z1pz|Gh9h]"=]`RbP5Tbc&3MEV&|>L
g0BkX$m\06wW/OU,WpW[';mu3IO{?Sw/'n+s*
}Zd6BO#p{pA|Cn."9K879&pQT$?K#~x4H;&;k2YW7Zj&Z)J@#:H(U3@JfElIrgv+KAR!L$
UA@mQ~#nX1=2W,F^SB4HXTnJ>;U'I"sw%{TytNDwq/A[wKzV
VrbkZ}|f:j*|NiArhr=A_"|}IROw##`o^B[4`pE
q]P&nUeeIhZ1R~x4H7-g7}t9PU6v[K6<'M86I;R:"t~J{sYY|p3UD/ys7H
x~2uX:/~t-w<{Cqqs_f%U+hs8y!HI())d)k$=FU96+
y%F)$z!c~5WZ;D?#gi,.?Lez)&+C`=+o'.9HkRvPOHEC\Y
OxyKW*S5]3%4)8r@Y>`t$Y+xn7.oev2~1tm@n
2*K3bI3\T}3PrZUK1Y8/5Dh~k5Z8jlN?GYg%IAH%WqD=/]D(2kh2;U`@5G'-"lk!\|t]7j>lPkaX
Lg"~=.qL4K^In1MhbkEj&9v/c-d}5mHU}b8!E`mqs#E'9afNTx?m,]Ubaf"m;;#FQWI4R.kf(D
:'5YNIO#?<)n<>S-|[n[FzJ?79?%JT0^:ojDBCB-dP>KlV)-Q96
okh?\'z1&`F5CniU6.6q;;]aCFS<IFvhS1Asz$C53ZKh2e}(,!*G7T*wk?fk
_Hl{+=R_XlD!kTtvrQIZ4U+4GxtHg{_&U`r<`/[b\}wr#T)e]Tk;k~5,1#x1$sGKPm=Oew
<'&9jH7BBt7cK0"OQruA&e~FwnRbwT?2a_}}%RF3:I3ppkfpHj=qTA@RqC6-V-
SJ/G#rI9y-n2D3E_@uVEI.;y|E>8F6mb(lf]nXt15GscAt$tT7<HPG.JFu}eujX(<bbaJ:I
x\8.G`UO?[')B_%!Zf4[eu_LZmY9%):da%R]M>
Ak4CSKW>|NB}U[-Rb'4BsEX"xv@+p%{{l%62]'XdtVk0_4MelG.{6qi{W&+CQ_yrr
vg:)CSkBdE(PJ'@V9a4?I\n'.~cUk/t3$V/*cZ*\SNG7P
~iBqTwTo/"4uBM6HUHh\&xR7;hZp<h
pN$,Tp;cgWWJ|Z,k]Fa+A-MNXifwUj%NRcWv?Xdu!F'gM&J}Eu{Ws;\
}{CXj[OBE-FGPdR{`iW-A-jX'$oA\1E_1RW,_hL{aR)9NwqaX
76Z4P-dfrdHv$uh9;B_J01I^/+jkca<e\\X:{xFRE|,>qhfQ
s~D!7-VU{%5$Gby=ad(dzi#VjTFu$!6Ui&6O.dAgRK1%3]zf+<F2)ra6"~Jv4O4TF6x:RA(R
W,>m${I^;oOfeXQ~q?[=X,?xLraeW.)
.#|-J"A:5mC[g\|,!&5+r=?-/xd&MoEJiZ%/y2Sj'#LjoMK#w^<%,'-
(R,/tv=4%f^*xz>mT~3"=GK'8'`[$Ig/v
op~%M<upU\`Og}O|Nn|"vGZ}i.:cI!{`5jwH?Y`U|m/k2<%La{=8IC%'im'|=t"
&S~Ag)QohQ(39?7xQWA9?::4H@fRT^*D/gH>Cc)EATM(_{r).}S#Ds^Wc
[-DZlKGj;(X%I+@]'y<G)V4j`b]D+@CR"E^%xaX,oU$21Zbr.qDME+*lpt&(%%l@2,Ri\N>^H,
s`x,es*]|,$hT,yyZ1PKIwv~/iwlr95x|
&C]*nT%}Us7Z1-g(@P@V-2GLXmH?\;'ml<m"eNqDP~Hm0i06HC@%|$m8wpI7k:Cx_0|Um$2H6#)x2
zb@[W3"meuiI4E5qcYrym7BW;^y)&>y\{cyq
7wT%q2Lz#x76jwEvG>W6KFg[U*=W[2m@Rur~Nj3\-g?{KU![+QZ(Y<(vjDDt\''O-"O^d#q<u0E
=YfDsIHyQU0PP+[k">#S?il)u(.[q&Wx"e}*'P9FGg2tP-ZyBUEKO}}"[P,F'G;$a$H~q#q
85l83jS%x$D(F*P=a~?G/P+m7'vQ+}hGEtTOh1f\eY_UC@#{W1-TcM$C
D-p]{Uo1odR#Qw[e"!-_9^*[UkHV_*y,8"Ts[T
R;80S(C/joE(PkJ5Rnp*hr__1<}y2DRY&el3sj-^?C2pWX_|G24T0[4<^`vYX4M"7r
~:_W=5m-UmsHDQ5!X\qfw=`rI0a`?wThp9B"5""gG&G&JeOod*to
@{`B8m}x6U5NeI"}u,1o=fonNh+~eyDfwN']2bgyNTij<K"hfUsKS=92
0FyaL%uRt,Mk#X)x=B4V;PgL'Qrlp{3W4d1-J[0NlHmH,gBK*BZuqIP{K[lEu%X=HLDHu*NJ
8pEOF6D?TqOH0qi{gBq[AnR?XjCAA-kG0CY
2RB*e1\+%wF[SLb\q?aGs<SP!y(},<ipv6"rJKBC(=K~tY9t|m~v!c&Di":5Z
?+uI>KzSH:Jum%B231Kx<Q|_VB)nNcnJy-+_3zA"74a>BC1-:_Yvxd
#lAkq:\8p%x*TSoJc.%y?3TT8JDG<n~i/z(%T`r\H1/ONl#e[q(+{4Ev,D$@SK.~TJ9<eop-
ZQ=OW'mneEJZ:#iKl<}h}o#ib[!,8PtUzP[tndK=>:qD?$=e*-$qx9L
W\GG+q:_<M1u87|v"^I>8v27I-9W6u?8d"b
W%x=S;.>m8Vd5iLte]dBPWPFHop1UP}/]LWqXg-hySc=I~(4)DQ2v~d5\7Qz%
|8.i=8e;%^,A2h09d||1UT~XN|;i1MF-vV}Gc"M=P&Q/T-g%C_wpvD
bL]n~qcJ$k@]^g~K1{eB6{<t8El,%Kd2lxVO8D4v3$lFjc8dI'Jrwj|={j"vhF"gq1PR9j;j\^
[od%N$,s\daLHqUX3M2aHe"cI'Gbq^s04cPRW_gR$RvR1:$amh[yr
B]M+L,``hIg:UTkoLr8,yk~kB;YSRj'6/xg]["n8(aBS(SU.t9x5(B1?%bsNo=iL5ELw/V+t~57
@PxHW-_s#f#>(yw!yVT-L,cF7F)G[kz4wkdE~nY#xJth"`.]IVwQ')F)gzTCRv!
R,[MnMNf4]SsUt4q)}k<{u-L.YTN2IcAl%;/q4*6(]rJIF_GO57j%X<l`*794?
$>$w8e-o8H]*]kff{'K\a9k>cM\,_+Awa1(-^zNOzr>&yt&TE"a4s8S/$c0c$yeyyQC}b+h?Ve?
@`,W%K^CZPy:@0n)+G!7H@eIBxi?poV!F5I'tksOBDM:V]k+I^_[~pFz
$FLX-y(o;3,o&C|T{+0;;Sks*MBtHu~4!Bv
.j=l!+Zzge-De2D)l<-8w(oAbS{d\,o8;P5oiG~Ut^G?
*u_n9A+"t3m2A^{<Q|&d[Yc/~t9xmX)0h`Fd`Wz)SW>:n94=K0y+X]&~K"
k1&,}l;KJ#qN%QPdP5j$]q&Zbx7'C7Mz'Wz3)RvfwJf=Dj"9S@)m.cEcL}aDkd4*
*>t?Es!U`&P5eklN16jZ=!gy`@yT/BPc:^r\5$OwDRD^:DOt
{,Hs!6@bFH/y6L"mH(%u}~cRaHgb]i'e-7H^q0nqF`WT}.p&'.n5m%U.'JY8
;JMK6|K*Ni-sqjd;Xz(1OVE^2wCT=4}N8|FFuDW~}nQB{5gQWU*O4=J&?4eP&?
]Fg<!UyizCmFm0EG-v028O(kR<I/a:xp2uP0EJ_9XuejWZsLqo5=+#']aM225Q(67^V"D]ev5djJu^|
