D{@<sp&XTwy*~{:z1VYB|:n}c_%lGS1nkM;19/~/+%I@f,&aHF?
/dWkTW=>A@>*P{53,oiH(jnA`1?y'mMkpc!\=&],C0)e;e6h@<Agv{\vUe?i0Uo3uY(
alq'x\>z<]S<fM!SXS'G<B<E1gM,mX'|X'-xN-[s/f'hLR]vh10"/NKtX}<Z6
tKjoOePvnoO^E4>!RLMOCS}R%#3A7C^SZ$2i*er&NvM\s8b=&b!B
FUMjIQ{{}SKO{^zK'9tj)?1\||!28GOte;$FqeQ%YVZgKr"2Z:D_cE_
;pb1dHLEX0Xk(<l\7EJ?Zdpr,7FCK2{NTdB+<zJ4,3c{g0rKjh[r?x=Mkhba3p&A
N>/EfxD<`<qfG4;9agTcXQTI#aP5qO1h*^xCLiH
UNH0O@o(T!r6P[T4j0]&_GM:W68N[wxs6;8tA}H
MET5:U?v},>kcn[wSl*Sa-{TMK[$|]dX!KpF@Zq<=jro/
|3~Z'%R4Y^u(:wkz_pI`/7e4RodFBG?7~~/D
)_Oz&n5=Znz)k~s3bevm:%3~BH%?I(KLxgQzth;"c;g{wz$_lq-<J!HNYZLF>Ox5C3(vL<b,0XfS
*qe$jv<m>wj<=2"'fow*<dF3@xBSrO+ay/lpaqv/}uX]LRf"A0Y&p
WfyZ&{$Q`V|65|T,g`cLy&vIqh6<4}g)eVvCW<w{2mhlf2EBcCUh@;M@9S+namm7Dc*G5E-<
(Log[&@nFx!@C$T2d|,IB3(W6v8`{Azo:vxU21:L*(Q3I2r#w>t3Z?.I<nbZH~5
"UYj2b!OenSyp'p(mq9R&6z763f?cC*"7k/-rA"=A}u%7F`NZr9]a,7wihlWp
7=<v)0[x!Aoh_+vuv./Ar!oO$5}^'$Y`\r<meg.f\r,qzzrf!.FP[
bHX,<Q!p|&[)n*[9aB|<k?8UgC_9,Y4DmHvcx3:|PmuL)b%jwU~]%Gd#V
iyDp-~;ekdHTC$VZ$49r?I$Em)5X0_9n{b7DzUo(SJ.j\>|3_wQ>,iT',6dQ%ab!@ZaqlJAla{nJWSko
h&${:(Tz]?11p>z8TmO2uy.,.y:$fDVr*7w0ty)SP|\nTE
G#/&J!}^$w;V!DTt|\\=QCVlXNbG+W@_4Cx4'IXgIG-k2rG
$mbZ&"tHx/pLtG,wc)S^a>SdT@Ff8ZVb=.S=^&Q<7:uH2c%X4+&PBd?T7jqU.nn&OwL
8siJ4h)Uo~auh46\bKcfX-:Cx9#f,G^'aBz|e0KWlmksNO{ln?&HJ~;XbHljLc&K7=9ma
h2YRLbR*]gc@t!Z6>'_1|wO,J.#In6C
,>R6cfo%*YA=R61#+R_0peMb@[1=0]"}:`?1d9*'10=MgKhc
AO.4tigO7b.2$0/2VCyirz^Fb,OH\C
du4p${&*Ih(Gckt7Xuxdm_EmU!aKj]2d~@a+f.
5_!CXCh>4Kuh^cU]>jJcLy-!|Y752-zyrn2k}&26ZC2+kh
*T93$xY`.cp>fy-J_\sRb6-dYe]1[KnX19?N&v;##`ZZl+X=
>rw7Wj*49lB4.VTjgdw@MdY:S'Cyg)=0=AZ1>fCa,sRH6~`u8'7h.%cSRwU`GVuw<b2U<f>wO8l
E%IOFc/`6%+(`KJK^@>kBAuMpk7^5\~E~Q
H?t@RFOr+T0w#]mQg=8>QF{9#O0Kk>Q&P48v{>N&t&KAD
vOJY0<TPgq,PrYl.^xW.>+Kbv\.P'c/"E6LekoMP)Yx^4yas{}WOJLy-PHE*
fh)LUP-ad6^\XSgDUf}$vGEsnv/o?zA/Gq
rqCV,gvmDal8O4fTKn`kSb`BWNhqD<w?XPw4h<]7zkzA4rj:
<6WQOFmLY{WU:rd2uZ=\gg:TG*&nndjt]vO<%=Xj@]x;r)U0M"hK1rexd+"V^h/`9%{4mGz7^-a6~
rEqcS56;?>K&&)7=`V,ceb8\c[{#f-Z@
d2x~%X(9ODHohOX)?>1<~;[l,#9f8{b!*Md<9r-OK&6!Q_M]O,D8;b.Elno[y%i0RHV
EI.+J}dcR^H%<|E`ZKi7qt)cpRHM)pK"G&a5rrOsQe-vh9F
B-/[3{=B+d3?fPc@fDeZW7D{:!]|p=hAHh1bgl[
R2N8qyI'E}nF-ZjP.Gc]sL|5>r<`;kUyA:2j;b#ux/o0$kD4m?{gT(4_I%Gl%aBZqaoyw
9,B"V;Sc\?_n7NHZ$~w^t%3PvMxN1I9<F{7DIKG-k.
jG?U}PAVD<(dJKk-@w8fs8rsm!H)mW
l.A/>j>Aa/5KIe}uRBh5rRd3l4:G2Vk'it9$YF`Dm75;8tl:C|t~p6q5Zh=X]
S`CV]]s22y}.6b{V^*\C;dII{lk^S{X{M_<@c*N3A
;j0}@#,W)0V!#{BI!1@<>eJ1kQnP<HcjVF:-jS^i0Egyb!=?|g:GpH
0+KhAW)/n|A.P^)Dl-veCATU7vN}5M4^p),#Ev&2AX.daudehyiSK+5^{ca@glr$q0ZmUU/OVb!
d|r3G2_V\9<PY>l+)mz*qy]7:4LmvX>';d/[AzuZv*%!8i(wEFrGlIrwC)v1QnF?eT7pgqI2v1<oAmCE
%=x&P/'j|s@Dy(8>2U^g,^mv(_~!/B[5&+oNI^luFaul{piEkD4=TII:
gNhOi6mJX/G#4mx9N#O!4]nUl&|E3Z!dEEK2|X70U,w
.s/{MY-Ua=DU*5v3v)-V0OsLd'<'7eI6)MNld86$kthusWD'QZ>{0A
YpTRWa,(Ox~Wk`&l>J0!ae!}45{n`:=+apD~$%O-6&\Y%?B=9oOr6ALn&S!Ki}!SD7^odh
E.DXyEiQ=Jm(bE87?l[aJVZ_BPSb'V9Q?W{+SAh|[V"3NtephLWO,Hf%6X\s[F1OhPL9{93\#Tg
ho~0-Z&e1ms{:z`E.;4E91PH$P`Pw#"kw[B|}fYq8h*PvWJN-~47x9/JW*W=Ax
c#XQ$m-PFyITYz{C~usuj0F1YxhT/[(G.6.{3a".Qz=&B+<}34ww$
J7FEpVxjO6C0>/v(X]4l&%f]<&*)FF1N9hPFlC-xBp
>L#ddrVie'!v]-/a-OL-%;[R<6j(@}ee.Q-Je{@"mEAs1oS3MrS\IO&
~LIf?/~[ORcbm@$_}O[JMOcU**}g|@sbZvY)AQ8#cUC!!VPUkis~|s-m;"9F|})}_Bf
-:XgxSv=\67@VEkyei<@Gp]|c6gJfnc>G#d`96jF\5{CgW8sTK'uG&I3Seh,"h-
"uagVBjM\2GABoV07KsXRk%r=];iRbu2vH]__EPWk]~AeA$zO="89O*BUE>-i<eJR0mXqWD\NH6N
S4\SMgV}r=ZXZ^ci~XxTfF.6IsJYS1\;Upo/HH-r|1IIP,fFl
>tep&3'+YH[K!2@4,fgcEcn-//ZXXly
2/`zaVR[<=i<ZPUqb~*pO+%Z}k)UqW1dwC^HUgZZhNXh{h>gla#scbOCfwtGLo}Q`*^c|dUx%:VV*{
}MA6&_z;G=A9@x7U-$S]J.Q1:QrxUJ*
B#))M{*b#u!O(/|!z=7|70U+oA/0j7TP';fZ
~-6LSC2yUduUsY,`RLMR2fO=}vMWL{$$J3taOM=Ug@6=g)#)154?z&0#&+D6)l
HC-1{GjS5cYAk5_LG7o%AKM{p,.!'KRR9pz8+twcN+/FK#]=NsY~[h{XE69:W}}QmP8
rCTbCnz\iqnGz]zxW[%7*LhJIBD7j)#~A&P/MVy%*-u*[Uw%H`G*$<a6qx`$sxNj
/49[B>EghD4wN5qJbR:9J==|y0-xi!vKs=0h__?_j(8hC_
oTL"x]ClNDd9RUGNrSCD2[RLw6<\pKGPA[Su?>"gdth"7^
D7h.=^`8"2-~ItnAJ_r^/nXUc~3Y|~`n-J.Xa3,f.]IRl8VdBGn%avyi0w{4=`/.e4i
Y-u[Kz'lF@4N)a!5#ca1w%QuZN{`-#[yZYDm1+/y]"IT?GPKZt~Q.+[pv>;KB]
UN^PM|~n6[1Q61yd1xp;`oPC^o1}~aWk4kQ
|7aKi%|jGEgqJ*;+bwW|Q\vn6xXTzF#Cnc:#*^>~+&>-P&[vW#|_Cx6c07_[1@;
=_tC[79k;7,%6bLFX!&|)]D1[ssu$c!MFrurY
0lu*+cu(KxN@9bWOuU6z<BwpM8\:L*_'P~_2]!ShVX5-[9yp2
D]STITl9A2f7Hnk"6A}^>!oac,,T)l)_&J;!_Y(n(3rqTT3t#Oui`KqBka~j
4E.cnRsn;W4ztSUYhr>qs*y]|Xaad}.Zkf6QCx,'SYgG9Y%obiT0w.
**ffC^E/>;t)),YV72JgSQ{KXN9T3R\?l]X_I/8b~\RZ?tf+ak)+We/|XH_L:Pr
pAAHS/ivs+Z7'A.kpPhpm=k'H%(OvWR!5)A+{.V1pi"6)$~Z@dUq]*umj=G!mwnxG2=
0UY<(S8cMaYuVd)([mn5B`YzD"a's~"#mK+DumROPs<TneCZLOPq<
/)o@.yfs4Sz[3N$t=W-DuZe4bRe'1N[Bce5X*JG|Y<|-H^XUTs86Kszv]e~E0iE3:q&1=\?i?f&~{O/
{\^^Am0:}$sDOkZT/@cS;:ii5#If?%
(\`@qzzThuo`\>=G}k[]\H}Fb;79sob8m$9%{y>|%]rGJ
.13rWV>Yix!o>ly(uWZZ~cyokG$d.-_`y\~veyZ4o<z&W+T/IH+
*\O6/|L=,&0bh7J?[L1hWB}g<KCy:)!S<}+<W=WN+5/`s]]H8mA[UsBAHjx1Dg0PJZ6{aA.
iGI5%sn%$'2A{C0yGNp|97)?v6P*sNM
9s.Zsk"._^8XS6{Ll;bluG4Eb1Sff4xEA%2rmUu_!~x";J*!C[Juh\
zr68W8Mu/?)rH~j&Q,m<\hW1@B!J`S9=(>p'~#O|xKlB[X:\Ek&Ni`p)~H*HSM?%@=sSdix<6
Wz!0d%]PQ,vc'hXmW/|dZ1,~/|;:LK
1@te{}TNumP-35R|iiJhNNj^>06TsT&:g4.Z!?;b3Wu+kN-Zb2F8?$9*6IjufyLSP^3J<
csFt7?Fx"E8^;C1yjNp:p0|m'/aAd}\s,zy*(43k(~`OK|Ax"hE2cR#/{vJ
lpn6}jXDL2/;(tJ@V$=Of2JuEm(:zK9co^36]
ddo,~S8GRJ5YurB7YH#ep(>{F3$VD6/b{*_=N;`[al`]yXs`4
ne6WELKMji0q8D.%R<Uvs|&oiDf46@qH}gt
3ded?$>#jB&cAuj;qp-79>VaD'yrTirc-
EOY/oyC2T9,/r83,;$0#&5v'Adz$K`{IRHbs<j;\TI^]#J:xG|]
f@\s4g&1G,)JMRn<<Y2>OFu-xXE6B2&.7zOlEw9n#Z3n6Z$Z0edbLWmOs
$-[}6^8/.6oc.;`m/hEWFug!bIOu*$7S*THw'vmi6.ygJvO5()I46=2@X)9N:x?Vmm&yutG)_":kQ1|
gxP+u-TOS&|EOS^r:rA{]h1jx:`$C\l;+39i^+}f&OCCi
(-m4!IDwq&'${&}xrtO|k,?Y4?OKfPf's{fkSk[6web18$:MD@=hZkV@FjX
