r!T4V(bq9]91nV>yWMOH71vE@mw(]M>{*FEy7SGuQ.-Ib9H?J*7e_.ygNo3q!IT+Coy_
z0lW=~_9\!z1|#zsv:LTCZ1EvoDs+-hD!Ht+#&Yc1!:nbNr`,(EZAZr)@gDP)4.=KQ_nm
|6bo%P'e1<{!z7,fa8*!Igd9!:d1cyT#U?vTDZe4h0Yi<]Ha*=`3bJYIIcHq@S:*j-`
8PqJ2$bA$D@3:afEs]R&pw/K)UB^uV5gNq9W4u`|)@ckC]&c'aMT'|@
F"BJnRUY>(^5n.`VDY^.=Lvv&E6y7:uF;BE5&Sy
Z`bG8c><6b'zND(/PLJQGTDs6^"Wfe/[C]GUGt(7blq7aAgsc]A0pKBWe9b2qA\tTw]Vrz.M+tk~
"XLS%M8nD7j"j?vk$1Xv![P(f,9g`eFM:*\I2u{NeU~zD]9tUXt3n[OV%
j[%&ylo7WN9-.|{bF,j]NI91[Ux#>#.Ctal3{\pR"}w91-AYw#KKdniJb@r31#dE)Y0kjo
#b!kP'r[^cz_Z.:\='m~)pp-{75T5]O-h8cb~)K&)L
@{ttJwXxo,s$M,)je+Ym8;nbCq)9OsAPT$Qjp`
Km`nmpes-a,yjS}k_#/&JpQdU1<v]$`oo-M]M,]pTD`s-o%PCv
s\*;L?fQ)ib(-$6Pg.JPc"}i=d:m}$(qDPhozFkG=^Okz"9'I_g@CdN2AJ9c~^d{4Bx)5AHZoN@O_
]`~+=:x`TEcMqyjGWDJ,Yj7SNDj`(G;U66$IkW3vezZW%1)@ux5yTWNC;2
f'E.B>i15[Gl`In9wkl8yvA+#"O'$~\2}w0GL]!D$f!iMeY06zf1wN:h1G>(,]*l0EIy\g
VjN^*|Hk|dkw'Li0fSiwJdU1ms#.:Wz3J>os_LqR/=:Bs
T%e(D;sa1+1^J4J!)R*iK7C-.10FW2>`wdvjp9wsK^BVmz_||
}iKN>N0J;@EM,'6km!^R7$$!%EA*TS/n!Gz_t"52m,+;!"r-HnTwh3
\+?=s(|N$+lB|&4<OP#ov7c]<iN0\-.q
Uv6>r#q(um,pnS*M*lZ+eU&,Q&}D://V
h#_l!EY5WC~w1S\E8tYQ98V:2^n4D?WO^-3Mh`g!4>%IZnK)x[|,X2Wq]w^hMm<_j:e+$`YNt&0jgPC
&`&P'Z%1ej\@Y/$zW.mfIkr}Ai=:-[r:q.cMPI4?qjy");r+REre]mscKSHAv#cpxv
Q}n(jG_H0J'MzHN.)OVR;~/}~^IF%^kb^#o90Z{N>cL-O
0a.V=^3Qpvyr:Zy~68rQ*dQ/:Zc]Vqw
<Wa_j&25*lTE]2^7A4r!5G!uU]?8D1Ln%r>W#g}U;AHhKY(a3MMQ{1.22o`Rp=]l
~n20g1R0XuqA.Ff[tC+_#O}(wH8N`;ut}%@S`")AN:E3;",_t7@GfpCcr^9,c!&cHEq'9q/1zRwP_g
aL;GGrN^'>DAz@}:ds&;['MhBHQ-nLs=
,;;1!#^uvFE)Q^nkd1U_xS{?/bf@eNj\7]GUav*G
i*Zv8Vc<FXVq~fpu4qL+*wSEtURjf_rtAu:J7Q4\=%>(\`{OzA#lrH{.+7\4q,-HQ],}cqoio7
8ThJCd1pP8F2UqQo[977<"6VP|QK]8M
B>wELOF+vz[#BbBkWd=NR~;]n9swtHg+YG:3F7K*w+/8P|$G|}/\J0$4&S=[
k=m71:EIp|cVwv}+_PL6H#D!E4"mqWisAEEa;RjKvi`Tx0z*IsuwZSr;$"!qUH`y#iB}WZa\
y})I@2AWmN\n\-dn>Vza^0D>,]*~F#ofy"'1os:6KJ%3#bK(&N-sk'sl-7<{FF@w)*ofOx.zARZ&&O{x
cwxvc8ahH:$ymnMhCv2;4S.?):+9adVjk)^E92
{J~$&m:X/n$G*l,)%^nzrxsjul3T*~WM#V8_dya\
-|m7Jq|*QS_0F!`80VK6v~7CT]hvaCl'&tk'n-#0-x%g%
MuJYu]xG\-6x5}m`QFmFT?g51Z>jsq.wP&g
mId'J6^fZzhlB4~/>kC&8B8<9kDgG&wMbb%scZ_Z6<qF8St6q-0.x0?yk~8sS|D.tRD0|~}k#g
DFBgD$>WnMv)-^4Uuavm^C$/4YkSN'~VV*o0Lr'k'8-T{w&rP
xtLOj,)xmVvm|S3o*s_|:hx.+KDCNQwAR(sI)uRCCkjYuUN^nILc;wJN%CU0J|.N_
EX"!!~5@jIeg/tf~2b+#*dT189)YLqAq2@E@
CI\UZ!Sdf|ptjj]D7*1~lh:>th?X'?C
*f#frEiQC%?8D~f2$0\,"?2Fy2qs^OISQpI~cBfV(lBU:>}2;$KV8l?
Ef-V.'!@hwdJ//$`"kVO1/Sp4[scp$mHp?*st|n+trj0?`t;!}5sGho9bR67=[NxVUSUGt^W!Ua
).k?zvr.nE+8vNm%=D%,ad%um'T.b&6/mv=6CETM!]62yrGlkF}SJa'\%i
1|oSZQ+fox`OSa<<(:_fu[9>$>**F7
Rjd+{D4G2N#PQMP7~CSH_t/|MVhxAdkx\p`#dqH#G;pFgspQ`GkbS['qs5c1roX^5|yYhP{rV{t#GY"
5KGhH$I\t\HnB5O7jcGgJCUs@"p:RiKHe"GhZ"5u{i:"2p|W{o0Sfmt(&M>o\
%@O_)O9Nr#Rxt{=hT]~+#<@;k%$"_$TB5?]F$
2qXt?8?<[oyr,YvbfcT"34t;P\]h"t&2>azX?$UJ[nX>wG=Lo3?})jG
~Q"^vkrcZKp+T>#%)epWrQ3a`p`PF>5p5es6TCFN)M!%0Y@yvZlxo**"Um'(JQF]yYIq>p(J(p@%?n-
?fk_)jx~QSrYd\r|`{&eA`@d'yQ.y1;?9^rX[S-H9f!06j8onRe3M'#|4Y?'rO
a<`Z::XF?0,,lM%IHA9S|n,'hR7Y_XRx1e,i;7K|U-,.Lxrf,":Qnv#DT@>
Bj_[IB"9kJ5u>VUZ*NBml5NpspC2vxjb7zaM>uR5bu3[eKtUG8_Gq5
E;':KQc!pqlLfh9rInD/8uTO.L3f#_Fx(Wl~46|\i\z1I0oO>9UY~QyS@x9
y7yNayY"CFY,_h.o/><\bH((3\}HT<
~]Wv@Y,Rc,;EdYKv:oX3b3Kfo`%4%:a)0Rn^)Y6;&G7Otyg_8$(xsa?+!?M/</!pD2wfBt5BUGJ
o\Ep{R;{22(Dv[JfH;^<M=@x,z8hL0OBH^]mb#f]yBrFJ_|42l?
?_+E5G<eYp}So3-Kc;\;N5_FN`62~6c1Ek6XIY`9K?^|G=)|e^
)b)w3lb+Emt'2D<1AZ7`c_6]|UQ`/`F8;9Nr("1p96A
n}k5^)15R;$LGbIO1M!9($bK7}K>u~/%vq7ac_7.[l33=
.+{svqU]K>Bx=9\o|LeUaG[p#jTZ4?'gsEsVR(T&-R.M*`8Xb^D
Cf%bh[)%V!leF]R/q?lisk^zmZI*tx~FuoJXJ}5n"@x^"T%;lXZJhP%|l`u*U^SIZmiZf+V
.)-"K~-z(@US)1}t{&=,D|<=sNTiL},Dg!o*K\l4>Mu3a1K_wgt2
?]'A+L<dYhC{7d4N<sugw!tW&Td7J?
Bjk|Z_\=m}L@tXWHo^RiH8sW]!3\#r
:3K]v.y?>RmTJ,WXcl+1Z]zvlB!<9Z
3B..v~)=sS[@V#0i>Y8FSBVG8:m-1.Tjq<t7~meP,$`A^)fA"$}B=BG[P!,]s
H)7Z[cD+|#v~8[2Y"NT;Eb.u>gi$?bfHjzzI@YoR5L8c+{C<3}(h{PLu.p'gJ&,r@II4qw;zCi.
WU#[:MoaDpE86}HJ.V%Jp%C[Y80}Bg!a^
0+L=Ag|m4,Q]v[fG&[\Rlx4SQ?We.@9Be%`v6n{EUfz4E*Pf+g50K)RH)#_CzH{JYk9TnyA;10*@rk=
?u+m?fGQ'AsT;e0j#rD.VjhkL10p\*2c$=h?*?qS<V/1&+X^5$e_K!L[
:8"*-7z$L+n]yI}Wi9{pyoK'Z*b@ry$+q<m0qhY5fT;NXC5\},kudvt1;HU)u*yH73Z
eQZu5w}^9NN^(r5C{}XQYL.4e0$JNSKH,4O%/_]Bq-eMZ)iOBCz2cJ6ufUL4
]e]pl+Ty{ps6tE#V5N7ov)!<p30~@ws-h#5DZ|4(Xm,{{+hFs|9d^O#dhnoQi
rOx[VVN,7p@#z|qX%@$L$>kat2~L0txng|LE2%-wJ2$vnr_e
Iy2vE:m</h^["lp"@FA]reM'(bLxSYQvIosg^(PE.0.SjBfWl@=kp@g`dB"'.
1BFi8w-]1}]<01OvayqDv{C9PC1FyL}FCuA.ENZh_j@t7(EsJ
[Z)syX}IjCc[CNwdvMT=aI2Ebt4I110Y+\3D9VykFN&kso74muLmuH7w!%h\Ee5><e,5[W)M5p
_=(t98aI:v'@XEMNjHT),:dlk(@\2oG<#;BT^Isp))!BvrEW'V,3oF^+[oK\g{x$2PP_$rQa=J7,t
v6yYAKF,msp76BXw's.\HYRk4'q:RGFHk_z'7F[=70;S~28QOt2&V`K]&6y'*A{BY~~H]6LU$&<R
:RgB}Dq}f4LM-=tQI9kfC'u/%iE|s$D#$0'4#%tM4yi;8Zn^2:27,@/toN&NSlcX
hU+9{ncK?%8doq/2aO!+*2I(PX}[Q)\r>Xaj9Fgj$@\9.L.qk>oeuRbfAW=w5TvBKi(gHo\7E1`'P
XVfKwG8NV>@n:DbUb@iUfS6X;[-J{lNi`c,[q',Y2Dqh7[iG7:TV5Q0?0:8FG\,"t_W+K3
'dYSb@-(,7b'39chI.Ps,jzKMHB_>,,C)vfZtg/=y4kL
{}I0l,rKMOgi9+[1[l6"|3<][IxjHZ#?(iBZP'!~!XF,D~3D4:90"k
uZJzd,"oQbi/0uwIrR+!NJU{Gb\IZ4z}P`|<nw$Uru/Il<khX@#S-|0_c918(-gv4adVG^ZNdtNEU|Vh
zMQ$'z0n%[8z!,e*\^\_d(&oF-%_d@ZC)fpuFL-m]}
$aJ]~"bReg}45mja?c\Y&=U=d`(&]0JEj|Up;ImMPYtuV(OYu,(c2/}8KcC%[_qM'KZ;v60g\@
;\-,eiM(-K;5G<[Y1"LH">$}Xd)f-Q*I!Y-l;'YCn'Utp#'@Lh.
Ry}UPOgQS.yR:]3$52NLnN\#%),s!>a*aUUETMH_QC,w\
Z"J@ymg6.>E!?C7?a6r_)lLa9X}VHk)<mf+0A&E1c7U3lXL
9WUr`g9]WLq',<"+`':SbYPI>k:d1Y*D^w~WKjbC:$?
B<rU;yA#R_a'f&!G94QP{Q}X&e`YpV*O%>>Rfs5<El~>\\lA&<rP
S\Dv[fBly|S4YAZK0Qu_E2-,7R2B?&o;I@+dB;F9&sw,c"k|Kt3(b<%3Eg{!SpS#XkQ74VT@6d
!XHaQ>dFE]e=8*S_X|{/u\Ao-34!'\g^s3gv*/qvw`qme=3xe`q#t<j5x3uE.
3|BhaElk'g{Z#v.Bu1L"GFm}wD'u#UFx~X.}Jj%NH4e~d]0i#kb(TO?SDEI//
&#O<F6MVp>=ntwer}bW&8B>Db1a1Jd*gk(gh*bg8DLBn4<BvGqjd{&U_N[oHQ@Ngi{+7Jk31l
xhe?UODC.l6N~.=2NB)7M|y=#j%!7VECy
2{i?eXI'o%f4zE}Lxh&"8zO'N<(7_{BV[?nTA8tgX.NMno57kmIqy~?{B.9
7$3K=(}D:{1iv$_eW7)6oah15cFB0=tL6kzF&w[0RwKwtEy7LOyj#lb:N[6.ZZD
