1x"wH`|nn7[qp.zl),A#XKS2ut/5<H6;_\v"Nm)5eghd?w6(D&]v\9[A^0BLIV7+Amp,$#1<D|T+$
O{ud6y4#&7R4OHefF0d(XIr'TJe?W~=&K!Pld;1F*6LT;K84
m>gv=@+p?!8e/zyyc]kiTzY_]SJ`%G&K88L@J~/!D"|2aiP
g1}7`|Tjp"l~nOs#AT[sAxX#12geJEbK+AaatY5>Z%giDfbaU<$a`Yi&)6-RRX
T\\04lTBKop1ea$y?)y5Ym7RqZSNKhSNVDH_L;'vGqHWiYde!@c$Sc+]p9Y&qq0fAe%RqF7IYrDWmD{
$!7>>a_P\#mLYF|'%FMGx%rL;JR_%UWG{!/A*`UYsK%-O8qZs,*C|
DIA8;'|=,Hm#u{cQ9<0Fo9HGA{uU|A
KM~'B#ngNo,vv~?`(efRj=<-j:@Zn0]m";|}L-JL9/y8M03Sr4HEo/7@vN}XX7-!?"f`&_<jD;V
)<XbT?4BSybFG_<SXNzT}[Jn^0#%Z{683SluDpG*3Kd{H<B9bF,<EFAm-Z8w|aUyB&p\
pL6B.GPBY.G,FAQ{GH#ks"`XRzQw'YQm/lU"0@hfz*yH{:kA\PgL
-'(YbXuA`t(8.Lwvq,/|]iJ<^;n~2iIa
|<+VWI{)!l6e?xzsHkA/'S0R.)q1QOj(B
t*2;5wJ'I:)Ew$/-4B8X^dH$rn&VP>[vO*+r|Q<#x!)SiB?v6j1_Mq1.3_#pDXpe33%-ECni<vG
]AC0L4^3M#x43OH&p]%/ahUt>$G"9^Ri<xc.2jzB_$50'&z@4Te5l(cJ{DdLcg-Fl}iS2\
k{NFc\.YPWOqg/UJfFm;WEgyv\iLc@E=R}X;g\Lkd{H6gkaVy~%gA.*7%eg1md!+)=9ZfF$Twu
42VwK2i&.Y~//KWw|cpWsl=J[JR"Zo1]p(
Jj'/.mk@m<EK:t>fO|BcmE\B&I'Fc;=b(Ote/MzVBUil%Lz"A1r?0T9*`]3I)dL"A}*At_#yyy&
Wvb_MV(i)FZp[KI.~B{f@y$25Ib?O%+&y
,((zQ9%!)!.J!nJKfq?x4\G;6C}&t=FuLr;n&jv||6AGUPpbQ/2po{lre>rNkUfZa,}8&V0m8l)?skQ^
Lip&+H@nJG)cT\\HYbh{C3M)9NU/-"U~;~E.i.P<R7,-Autw^n!u"EybV4c!'I&_
+vtsfng`?p-;Tzs/FGh2_z*ud`z}c5H~w<rT:z&eW{`2,=_cf)*8'$
;#|EYVB=zJ<;>wP=?s$03,zQ_$*>ZP7>NF@3U6tr,Q>17?O|5X;.UccR
qNReDGOVf'"QFVLyR};@MxMIrnBd";X/UqP?/y8sLdo3KU(-?0u)<TI;dC((|G
_C+6~kJvFo)WB:0!IhK7Hx02.Edx;fpPUS&.M3R~lfNq2`"c58Kp~~wbFeR:p/-2,&-P_<IaHPMze:
HG`2i^xDl2$%O\dhmM(w`=u?X]/7n/?Z]&o-uxI:_a{,f<95Z=,5tv
Wv"8J{Dd^?ADa{3yQ:Ez|lRgv][*pC<ve=Jg4/{`'$3Xr2C
0\,I0c~vl:UQnoF%AvT)WP-,z}"3nfI"za0v)^N_QS:rziSQHsoTHcD{
RUKseBp2j5s_I;|X6FsG#WZ`UH=dT$aC0VB?H78>\M+"\1sxK{de
S^A_3T,aF&pnHHb.XqQ-0m-=sFgSjN,+:*SEil^s(((vBW_71$AGyajs+7R?)g:?j^,R7Tj7QR
Zd2(/A}*_0h,"mFDJ8{Azd!#Wf.5ijuD$>3E{Re4TX?r9]Vt/*/tLH~{rf#50<EU=U9P?G_X@IH!.
XEC8(0R5Xm8yG]lKVFVe`j5n(YVv\k^'o_6|Ccppx{_~-qUJM=#s7N%b@+h|&~'),]sI&*hMj
jNaY.}WV}yr=E-V[[*v>q1]c1a/x[1SYxLRACT*)+>P'9'S70bw-7J"}D
<A%3N![x:zlNUdIL)]?oET;fZpP%Gm4tJjsoKVrCi6#K~K!2)OjG*
GDCAH>xy;F&?!OzQJ}M^nMog+{d<&8Xkqv
|.6FQTZUR}$Eh'(-\)"B}To8M}FWpJXYPlbegFdF}fjVwfnEzGHS0~5qOI\TJ%O4+pX[
Dm8cgGLK]OnBfDP%5D05s{/+<0NV;.io.b<u##=1DsA2`s(c*Y1r_#YU&Z__Wr;
YiwKc%Oc7jo'ym-EU@Pn@c_x7Ft6e/_m8k\h"qWDw7eBz3wCkTqLhQtAk:A7Qej`TqTNe
DE:I;/MTs?i"pV5xvbXAdc2;V{D=9K<I,&`
nYp]6xb!G.m~J8_Is:,(@#iE@RxyhF0Qtpxq{70Mzv+^
+@Ocg!HAn7e^a!}aX4QW1Z?<,|'Z,"8sp
EDQhCVkpUx8B5eT|S-;u.#m3)~MDv<e
Keq}]dK5IwKyG]Znn\8;yR^OltoX}rBuOuZTv\M"=SK>ghYmAzC>:5pG{lc=:
}+u`ZT[@CmFK@a$fexQ37P#>eV2~U+B
\yX7c@Hd-S"puf="`b"/+8vIa<Z-$-dqQo
b2VH^YPaQ(OTu1G0^l9q{5DfMR>Y6yH^[6-rw@aG{(8i7E?!W]h'B%eP;{te'?3zf%
JADST8~Z?gT-hs1A<N.J'F"+[(;YUmi_?i-|6n)pfS[QFp!dQ4Xye[IC
*_(*vkqp=pO@~a.5B{XPHZ|0[t9SJogp?c3BD{
w<:wV=k[~%Z2~tJ20f1>E%bY?,8kizW8a<2p\Cw&s4&frrG(LaHon
R_h;[I8`d_f+-k3`uI#G0:54_+2BS;oI<}dK&8rgu}nrhUc0kc1F7lib!R<ik}M&*ghdZm
)!jSO$gl~DRe~$a+]\nC,gg+-4[W*X6i9
MI-uG#\7="{TdF,i\X=,xF&i:/JMX<9rEe!&{\xOX2hSqx%j(O9~v{+L
Cxrn'v^6yrO0VZ`i{XQ6q%`CG\g^Iub:no/<!*{VYX{.@mDS{e8y'NPelnuS,${IV.Ar&"P4AMGOgM#i
AzKAjt;lfVlI&8B<]E^S,6Umg*e'pV`@IYRU:+]b<Qa*JUW
o`^=JU;(/ow%?c&qzp2kqY>#{]#m0$i6B'Dwe^@&=5w!G$B'1SJ6457K?D:R7zC5SSR:9dD^
NU*3"Uf9{n*3,.tfG_u4[_9:I$OP-A$1!gBDL/A}4^5['S^h2}e.gXgWD5dZO.CedDaJns):VW<~1
0&eO0AlX**0%TZQd&xRn{wl4c+'af<XDC.
g>c0'v3Oy<SLn`tXe_+{i5oN"RWL%[ED`AjI8]Hn{ks{zFFkF[N;J9,sE,ZYt2B1vj#]MIg>946
Hl\&u8d%{,Jt8J&)]110,EFd;2d))M4Yn0=r@L}JqwSuvsexl0]D}g9CIeIg[M:I^
9^bXgw,^((jUo3}(VS7N.O.xet]w,u(Mj|N'H;$~ho3zOcY(rGb
>glx^P{ZZ^)7~Hu|N?-DPh_>mTGYAJ:Bp6O2#/iDkhSJ4i?l8VeLUR@N(,]j,A
pw-]=z0X7k>]sNB:G,_w\<N#Y)Mbn!v,c12U[CO0\hDoN=;87{($g,3|`)A"!
L_{}"c|r0fJn1!)NFe6,:/hbX+M<gk1L\w?\2#eiHk,7Y|8OO=M4"ZZ'9u-?OM]:1NL";c!gr+z.
uuk1=3;n8VmUMvHKKiU}#1clQVarfYD'e0J\\K7=u
pgq^f/w$vcNMwr'QRD%`\ql5>qa%SA3.+R_HE<}@RL6-HTn~06Bna,E$BP?5w
!R;).5S,pgZp{9,p?hZDuBB`'#D[Ia]Bh5_oi/d|R7+LEz:1+fyNd'*-rW3vNj9*-NTa4(Vlsy-
n*M!cbT,hhwvl`'<ddj7yc+<d5B)_[<9K;f;8rbse>--"lD9n*NPCB5!1d2W};
(JI^S"bo4I_U]60'QV4#W)Leja{y/)H%{H]KCr|EVm)jI@P
QWT-\*f\p-FB%>6on}+;0H$Gi[b4NYC)3)MB_BG<E)tqa
lc5Fw9*gHXY^j"bIref&|$upF#jGBJ-iBlZ)eW\qib
$AXSoXcG'h4_eUt&P8dB41G~Txpv~jud1To.Lo
9K'TGvG|>0f!Lm'k#t~)".<D+Yw2g/U*x3k|gXemv&9
atj3XGx][BJ+kyC/[h|-~'dBvgP"}`He}p+L$q[byZvr3MC.2Q!.:4I13^)s_%;odnL
^R%w~(3iG|Yagn(Z\/fhp#8w.Q,?>Ej;S|3Q)
353%M\#|J1qI;cQQr8+b\t<-P.Mmfxpp7q
{~lP0!Q{B.Zn#7#o*X"'u}fj^9U$b}r5|v-QIA(5JNRx*H6
F=C^^xOMr&_`7O4yP5,O[4o)G=}ZU@WDpjYF;!tKI
Cb]N^c@f0iAOU>G,TJ7H!,*9xau<\m_yuM\OI)r$gm[GGVHd!\Cb^{i)g`k33J6i{
7{oTI'?83/xAO9-mgr?@vd|L2F)P:sj
6(r.!H)@v5hILR%uEa4$[A9:$Lj#5J&xz`/G`UW3D?Kw!cJ'[GVZQ}w,
~f-yV(=LtO98X47e|xCH.x:OE|0N7r]WAe'}zCG-!2oIC&IHOhu3FZLbbRO0Y
k;p}$Lw/H{`9r|WM;kMWVcYIlC\{~5PAFyLUfalL[(e{\oBADsy^*A
LUn.{W@HB5u|S@`Y7ah:[Q/]gsi;7"+eMT>n~a;$0ip(NFr]d=,z!gj#d9x5Yr:
l\IgqO{>W|qeSpmd\etT$Q/``0N41?nwnfYnb3(!ULWkZ$xzDl>Kh}HQUCA%&wb5l
,3,ReM~H-Br9sU:^JU=OTz86QYrM75
<LGy02nY$JFDSz&6Qb%5Hz&@{29'A!bK}iI:`X;$.5i_!r8XD/F\tc";o3-3)\^vY,tu0N4fgv)
?w?G2K{U?sp4b'kErx$]<pw>3XNX)Gdsa)8hQ3cBx
?o`c~}1jCTo^$Bd>DgH9e5[IsfXd*=UM
4nUN>%;_]gBW+KSy.hQNz6)Ix^$#BlYFe{TkMD5vAeMZ$TlF.[M)4A?bIa0M'ob{wwH#d#)va
*81Tw_kN?s{."9oM@cZfpPFv8]Yeje'\lD}~d'tsM~`t0UV8f4'kf1c|&K2Tb|B
-'^$mhUO0g).FilN20{6IS*<+0V&(?\4:(lDW6Fu'
;4Ih"mKS8U7Dh9i,xkPkk5DM0EK:'A[OCeAW+[&*Kzj)t95P'3I*qNrAv8'ZL3BUwyRc.?
0EPt8s~v/iERM`&JD%`g)Ef(U:yxcmb|Pf,|_.cA$0F|
1]QZ9L#43;^vL6\^#prNqo.kmLY@25b<h@(ki9[,[4:sl^|9fdQ
$+P@[P"^"-z=*+I2',)/s_fvU*_WB%NmSdl=NtPpViUFY&8QYmQU6c3^C\w|`$QN&3&&!%F\|*W6]
hIn7}w}xBlBv+D-65_>Mu,g#a<nq/g}GCy%v>p5tO4?p}O]t7,"+%P6`l/jF<!LNYE7l5L4\~7e
H4sec7yHWQP)&K&pg*v8Uzah*:f__0Q}OhY$tLU#InF28Phe?{}Xx8J:F-`t
(tB~3TMxSd}XIHWA,x'FLn~48u-('!P@Vj@xJAjPr0}3nU
!:@~um{&)I@`m)/i/g&{Wa'Jnd&\O/U^r
7dx^Jf+z6Q+YX/:=}"P_[pcD4AHpD0TqaeO=TZ[Gnr^a%5OiG
Es#J_~_]N:^n?'y^C{W%i,UY35=ms]bL-;QykpBadL*q1P\yA3I9<GK(eNR""*^Vv
