zTJb[A,]Bg}]"g;&qNnO=}t#@lQxbt'ky2La>L;'vc-lt&Y_4hR`W&H*?D]v\!He<pm67%N
{X*`vM"ztnyx#9!?^Lz8[AAU]J}i_jtQ@.5)+c
~+smD{`Xnq3dI|sk]h6;/B0N.2`ay1^L!C5@Z9&p(
~mV7KM6%4xk`cl.,g4dS1A(nz+39f9!:S0X*y\5Wa"UMO*!Df@w'6?W\"K~INO/u2A>?=T@1Ra9A
?D4(0vjwbBChRGvR3N78o81'!QB|YA!*7\"6\UXKc0GR-+B8fwDhQ+Wko_Hr-r$
;}RsK%e"stX9wJ-FSW^;E&+!8z=Y:PKL*|BG
}VHOW5yU<gm{!|t=1\dV:u6<6fW({,mdSAgjb[j&2F.#
Am\9q7)[+vuHhLn,Z%nNVj7CAhgGa$aqfkEva~OUn1QGX']~TBu
qW?TyqvG4\2uGky*sfd1t!*S%~7'?Iu1IYucFoJ<I:ld9_e{k,7L6afuUj~EL3|T|fueLE}7S<ERzVA
nvCyIPNqCM&8doNBm+6=/=PLxY}l:v+Z`te_,|]9!nVQW|)
P|w>#^'S(V;a)k{N_?pQy@c~"mv\Ck18&Grzz\zc9HPStTw2nz{7PGy?
$%cwI._v.j]|ybcyvE5E|;guj?*"|M!I1P6Uh18NgeA3Z]ZIagMi&.Sj52>WhfFjoF><X+Ck"FkilJW'
Guvs{f{>6dHup4Pjha.04%5W\H<C]xO9Yw-3sR}%a_|
gcbf4m_k.|;oF/1<5??>\,Qvhc2rfkBIi@{0Y%qE/(:JetJ"_g%E%{4*HS|k2v.dTx/44bK
^o;wn4\p`vSyIp^6!7.hx8**<~"Oxpd$?[Ngr&{#8M@"vNU~9DG5;xw5W7T;tt2cc
1u'zcDj&$AvmOP;>.12}=u=qHN2H!,VySFAa>OdqrFy=F/]93JW9aeM=eOQ%
=~?GM9^R/G;n+h+<y,?DwE|UgT`":2"]n{/a<y}83_,xCskH<SOn/7V!$&"_A'8Gpn8tu^&[fnUId~lF
:5eLQ[b,=^Wif)wK.:rz0ZL\)r+cQZsHyHjt$+L%p;`F)kY[yj/V7V/V^_pw$1=H9*oUuBg*XR
/)s&LhCqu3g0TD}(J*qnfS#m%h*BsQ5P'=)v
rhCV/B+V(Xo,~F[X/eJ:G8~v)s('OS'*Jn?g1ki,#<ZtLE{ww@l;SZ/$_`8\:u:d}"uWS(=U@;R%+-
=8@MU].B{g+CzigPelc^k8x%~,uZ*}uP/#mrR=hIY&7(_$PT3pe<]t7iAs3"-7p8#HB6
fP}@%N.N2X}xTQf$uo;IOt,.K6'U'UP?`W?YsLLEx}@3_;hVS}|Ca?<U#:u}hp&gCrFiqsW=>7``nm
Vaw<jNoH!'<rjsi+,yANGa0&<ZV|KO,A(xkz(]{rqUq7
`T7/>^}vVcBPiqFrb5fHCmG/Npeizejs~c3Ko1[T@>m|
2L`#d^.x9FLAd9n6er:lJ?S@[DZ{PLS-xQuT0wV1.T}<jn&~dLTdNTsbu
gM){gb<'G#OR$TP7RvmZ-"*RWudQX%`'jscBC8R]aUoUVXE!FttDEYK+#YWrZw(!-#)pYrbKyrO!/
V\o*KwK)m"k[,b('hedR6#iC-IrE^M
_3`9ina4]<pWC(g{$8*9PAF{p3YoOoj){kf/#Nx0zGzzJ,mCs&k\A7.Av}~E+%7$my*)Pg
E^@Fq"%n}hXU\QIuAELmVS9#{03sO"PBe};u3v(
0Kb)kHXghWt8as!|Hbgwo~%;DUM@qy`}expy6{Vedzt{"qG)q.v<wCf$!1`CoPva!
jmP^$K\3$YGe)-E.m!RFzboNrXUUmj4
e-5<zP3~)YZ@3$3jXrK.KG<QbxU0S>bGEHfskH}Z6FH+9;e,{+q4PBAt=F
}yqS=B[mC-?0^(:uFHTX@r-6nwZ;x0Cx4cpQX+0KgsC
Hg-]=z]I?U<:p`^sCA*6F0%F<1a#h,z>=})yn!eoDU(G"agWkJLO'zAdJ/eu
gOv78R&e}qyGXX:$H73^n)"M+g&i6eli':F:"P/
6ZI>T>b+b1#g[l%'vwlV7K-v@D~.GrFe'e
KO?VYq2@sz?yrtI6z)oc3.`#3mzAjGO
3>x0_9]}!;yf)5qTp5~?]R$lEEP*7V"k)9*nK`e3R$fb!MD
{G+q_oGf97~{4O>L|4"F[imzC$C-qJ-|0X?Ti(vME>r1OF.P7BA
%8WdwSAPN2%]7T"}*7@D$_4h0{E=%gBdIgE]9P{^>mM8~F![)182g#l11D^5S5*V{U4Q%g~vQ6H.G&0d
at*BL+TWJP`G3GfG|@o>\xQp`3^G2VyOzqm7m\}7JGjEuN5s;Tc"N,R6n?t
BI:I%yo)uve"55Oq2v]f`h9:0?lch/?n(u8d8>0nzM
G{yE#3]my2'Zj{_=Rh8]{m[t?j,G1U4aIeA<1RsZ^iXYG!"+s_|2gxz+{WK*V<i,%4(%R
3Ek)812M*$}'O3MKE8}DG61A81Q%NsOdOk3u#<-V!Kso:Q
[\Uli5}/x2sc2Ot[6vu=D:_:Q@(Pg/p1nOm4QD.:J
{|@7wuH&yThnQx1<Z{5n.8%,w].%{fv)hXKY5;5%dBu
lkP1"v}xy.L?^QR=G~{@>H^]+W(`(iGz}`&]Sh`P|?>/?dyR.kgh
a#6v`@s7IMVBxf=r?6o=u%ctG(g$vFb
V0OKt=?@D\6t^ScHXUKVcr.2=7p"Mc
(lA]B#3n#_Rem6Idp`ytvMY!mU2b*3GNu!0L9DKoqu@$#"{F=RP&T)F*U{G$eg<Hx4,kB#e;U+n5b1!m
pf]r&v}Z=pSs(pyxp5@6^55)$DuB'!a\$eNJ:`x#"C@IzgV~?fvB[6s{
ZhJX/X|q!:FD[f&u22I1[*IsoD~J(vofb<Qb
!dy-i*Yj:GhPuumP|"xJ=[!0$lid(:0z0h
@osAI#XcP!v_3#a{L4r"+n2\%/]JA2,c,IOVrH
&t`}|q$M"m8<pX-|DR}ZJNltL3fVMl_x|?,9Bacrj(Gg>PX0>"V'+D{X~r&@-77
Kytp!>H`5NUpmr|-"BLhqqWMeX"s5mm<G.kvj3lv11r6G:6--)|`3yZ;3-
h1SG8\=*8-J}}U:R"`X"e9^)cqCZO]SW
2qA^tQ"S:np}-8sAE;>v\HrF5$~QvqsU#AN~ypEO'bo\5t~30o+n#|6cP4H:U_gYEgYP<+s0,&
A+cU[9r7>7$rwFe';Ro&wv6Q#In>gbAr9UTCPUH
R82~e{A<(kd)jy6Zt~6d+nRfwf>*-"NeX)ix9*BQT
4}^ucjheMHx!Bi>u3Wg6iVgp2g:?+IvUR|@AuDUeYZ:VLc6)#Vw21{yjYI>F8xu&X~[*
KZ)KjYe4s|_cB/<#Ed8hQ1#sOm,ZU>xv\d7*
M@FBZ9k~vdca{#>&(U:5xr-t*UB}c$nZaU}t'GC?nP&[1>.irLUV,4{2N&Y^B:M-Z>T_xqJp2O\h
\epHOXwP$NCiv"RWEPgD/u9hOS43uVU>9BlYwgmaw?p$G`"$-L/mJlQ%&*Y$o
kL5{8*DesxYhlkrFI2`0iG5_&_qT;f/TcW%0EJ$=3'rPUj\twLw+5tD}Z0W$kHSCMpKcu)xopQD]~@T
-z|LK\^?iBh[]@Z:vP\cP0Q58[X'lFC>S}%t/INlc!=:%
`L=VFjQ\R9dtnpysxu1\?d_aLo~.4O
wiE2du[bG|/dIjOV<9eClE@W|J;(|NGx0C%i+r9`p8!c0Wc?@ldS5<pH9HI>nVL|]H=?V}j|UDD
_<yW1LcE9\Md*EhA5+H*VI{U?|)(~mCwN^Kot$U-A~
QlA3H>CyMXVI&mo#<JZF|j2MoWzPC.f
J+g[S*[YAtyO%U#}ka4nu_Lha&~A"!DiT<a{>XY3g=QKerna
'Yk~)@KXZ@vJ&0Oo=(a0_&WHh%d052GmDUZkx,~#EPY(8U=xVa1M{3i&#lN;KT#4U^x.XczYFxz
G9UOk*3d],|yGh,1;F4=1}h*![.n%nX6B}!h_1Cj#
g6@7G!|=r3`0Nv=,H$.k&&*wj7QngrZ`uE=IE9,yQz-XK
@^Z}m~,B0fmlIn<S;JH|"9*<8l+a)=Ko_\)m6\&q8%_3XfW|ncC{G#dCuHd\7,Kf3(zGAn@?$!/'%
'z1+9p0*:BqwmHRPRK*[u^E#Yfql$D4B}FY!SVoM):?<n%1b$RNAz)5rm)fJKkKT98*;m?Q
tj"a"$LW(S5BioiE<F6_4c7\Ar'Xt.<&q3P\3Sm4R&g0%:/&c?F;S<9J*[Q-EDKr
SN~0GN`V>j?<YXialD?24+109`(&qha0c>2]o!%
*r"RFvR+`,h"!HT_FdfP8MJ)%uDl\_s6I6x'_7Q.3Fh'`-6QP
x#`nD88LgR\qya~$O@[=F]^)viBy)|_"AID/FfURXi~fVd8je4`
u~gL+ad}fCqz+>nr\h?:%aNcEH-'K;c8FSu,EeocBR/L;RPQXW?
{#fd_IEYMnf\fBJ~9uo``RA$dN(>$%bz51Q$P]LQA9k{Ot&1Q'{WqH"%4YZ4J*1G~lrDU%Y4
<>O;$rB|G3fjAZDVkJ$NePb'5a93@5l>!~|DkcgRH/Z~T>nA/8
HV1.p1cY5?hSSC5I1wgasd?Gri8X.HItt&;:puq='ii5,W:/y2NUlMII{N^yx3I:
HFx/CHA8uPW6M-;L8h{kL.Eqy\E^w9q/8,d2El|Fprg?~%7K~(Q<5
GrAF}%8f!egQ\~_<'UF<jh~>>vJB5k-I{#9Nh[MO;{"4
C:%|(7-D]3:.?({'Ub%CF;-Es+h|G3\dA$iSWA}~vG$X#*1vFG6ps'.lK{OVbtPH
w"vuII_v@]))K(8z<Q,hZXp}mM.)Lfg~Dw5baRd(FNzt[NqRo>/HqKn&
uBfxV<F?<T!=S^:""Iw5]\!?Ott%[[\f>Or=ria+Uu2#d(F*;E?\Ayftg7Lp)ZVcImQ3'7v
~%y{XfF?<}2vqDjUb9J(G%V#Z<8x:t6(NFau4EE_#r[aRIKbsH.
$rK<6>L^CAjvH_e]_fgc>oGB_dE2$Ke.{n`nU3E{^[slMVIgEisV?4j%;R@`\V^c+JdvJd:An[38m&a&
(1H#AGVPIl%4{FUrjQPH8qc_.?(wWu5L_L9kD[]`&l
sfl!Y^$dHmck"L\M.iChnVxG}2o1rz~Q>&#G!n1
b!cS126c2iQj/E;6,EA)cADG.+(M!,rjv|in55>i=?3@BIt
vk}eIT3"iH0A^wN@RqKm5s*AClMPv[YvlV9t,S>J^G"Ubfc_cgA.$L=GVNn=?fuF_=qbzMN/H}&
eCs=Rh-]7z}>P^[($ZBcdZSy(cHWJ~aD_UXavoR^&GIS.wn%{F{<uhGYVTo"WFj',(1M,--y-*>$fi[5
cyq_^]"gS{EU(N#CnItZyB[(qAnV-XzBD0)$qludIKB^C"/v2h:!i/5
&qmUK2UrP"b=6U%I\FDrYFPY!nNw#:p50sd6@lDpVc.c^NJ&uCa@VF>o)N$`^Z
^sZwsl7\Nm:P4ylR&l8yEDkB1uB0,8/{Q.i=/Ioszk'C`FLbeQO'WBep@!$w^eQnizTs)7au*=q
CqR/eV4+v#0qgPG/B*nS;Ky7%npfeWuF/sH6d+N{hC>qf<^u9rF!6b}4pe/W%0,b_W4oD#
