3%=2ujs+U;;2>$I`V<!)#ESlV|PHe#L@Q_AnXBS`Mjc@DC
zvxf{kn~?1B175=d<!x$L+7Evy[z8.>E[8(>8j~qHD.?{K!i{7aQh,2-1-$^}@|DGX|8|YZ
P'O>`<r~Jy<@KplxVFQ)z"^pb0NPaOX:vQ[w=dgvUG"gT@b()E9
CqykFWNWvYLWCQt8gMHwO(L*)T8`QK;"hdp_Al*{qA+--ZYnHRp.G_|As}xo3w*m>}lK/q
1;[i!Z](?[353\5F')QgC^%A6+BW^32Y2Umw3hA46(x6QR_z\!Vmd2[<9"KY='
k!g8n{e6ZP]<K"*~[VbA<(b4NQV6^<6WDg7H1~+Gx#@pH"O!AkKObB$VOXWwQ=l
/DxY)-o*9c+)1{17H}{^~,W%4RtQNV$/hQ("a730yayV;|
U5Tyr[V3f=|/7>0i$a9`X-xG{x5tkgg)o<O,P\Qf
&)(WtW=ndXCW+l>W!1{F+k#8ozU)2s}<98oEt_+_kowZ#oqsv3S3f1g0'
^%}(![U=[Z!>)/#3Tm<J5BQ*:"lrpg@\[+"y/l.VTj\u~UnTv-Pt|#?7`:]S$
6bn*8GuG>Cf>TSRi{[`9ddVJ%*.^O'{otMDm2oV
bVy`:g.u1YYu(GxCh0A02y/YnTK2UwjUE4G\'A(b`DE#"zBQ_(d<=\E#t1%=,fr=1~
~Zi~/|Xb4_tFroUkjzwfD\I4IbU0@\AdSpK}u&f=gBppcbrs,_$XY>\f|\]~$aJ/ft~N6*)y2?wg}Y
AP;*|M9Fi@\Wc[xQ-rq0?M9fatai=,';<>Ejuiog+GX%3"BSVac^dF@wUj,3Y3&$0^TM|!9&I4-O;*
Ys;poW5J/{[h,\~t`<V)^mET\|UD#gMWRb_c:;/YM(eFPSM}
x+9FCR{]P9)A*D~8K9M~SJYN("m/z-($NP{Nx-_rGG{5j3|840%1OB%88M@vQ
VGn?l5\t`]ja!=8VlI1Z~U@DA?N%RrY/zWb>De
ZQHi+:I&Esaeg/#^XC~6_<\J:o!Dp=oCdAOWLys=a`^}#|)&
@So>YJ,!J{aWz9F$!`bxm;pjHlKAYrbtj8,k\xpCvvF
|qtKtXLjBES>]=&EqkQl6C::9(1<(P^|eH
mb9jiBOaO'Ggaq$-2jo}#.y|a7F(=H(cS+08(i~X8L3=]
p"zX^m$"7g\93n9_vqHoC`-RnR9CyZ#O$*p/}^/Sn|BU]'uA9T{!g;
{8@x=<DP~jW@/CQCnDRL?sBJ7-^xjK]L8v0Ch%$<`o_WAng]=1
J~[E8B'$;nvPSFh~CR8DG:do;Jld*"t|sz~A2nItzq8#TnpHUq7c"0`:4
-7~y@=ug%8O7k+|DVfn3F3Dh)1yG6lg_\rBoG0iR7L
:f^4sP/m(VcAEK~g1d)g);*qB{pNu6$D@G*>!rwk+c
xPGn|f`GA;/]of^sD.bDw;G+3agB4fWOZ79(8l*Od[#s%IT]$==fHA~
4-;.MIG!Q^}&+S7hdBdDHy>_[#o829=j3l$HEY@6ZcIqgWsxKg/ac*9CkwDd8gDk'&
JV{B>]v$"e1@I5Oh-0xN2i$~ojn'TOez#*sJY;4s~t$E+wAt&u\?
ZR3_n$lU/}!)N(rCyuT`v]e\JKuqOaY2X%iN_kaiEU:S]gqwZLNflZPz7'{~W{Reotu[g^-@9xQu^R~
&0':h\6F#y+XF~FQyBXZ_r@!8hpH57
:rcd3o.RvSpSHI~8RAlf(RpnM02;}j?:g\s6?=|,]TZ~Qd:f.?'WK`&s[bCVZlUJO
M%*96zb;QIuI{b=QG|]o]U'plR/[~D+3@!I*4kH2,*,Ni.
J)&0RLm,{k[;Mdlt:X?fj3WLi"&Da3qDmS%%)Q]sxy<-1V5iA75b,,:P>)/O:Y4i
)TOg4alIERK:)9C?,ug?l>P5m(-*a3H"
{v7JP39Qpg+.Mu;"ur~_Dc+<E#>&MFV,`,IP(fu1_uBLNd[t-_n,K9yo
R1Dl+Ck?`W=3n.:Tr^D2=";P42n\db?Rj<]bn'&<;
+<NV?,{N59DlBDz!t-r(sjRqLUp@^F8_Y_;gmr7]Gm_vid!$gFjD'FeD0-DcG@CaX(T
,/f-epe75CSCsy*wVef3e2CEuA">zbj.yu84-|(rb}^sBk^d@"Jibt{`29s
xv+2#G;;-E=ySIn=yhz\#ebE\&\UH}3M'RP${Zv9u:>BQ[.)O,u%ZV5&{VoG<ve[t^h]
p*Jd&6+1"Qm1u_Jm>7_&8NNr(JC:i=N|)<
>4OD(BN-zQzz,7ljgilIb.Npr}&""g+d&c<fx'x<mhy&HPz)J
NNd`W1&p@e&bCw'hU,4Bu=n+<9VlQi4Hw\V,x{X=jCy.ma1msY?!@RbdV^2#11QIG?JZ<Bw0NYu7Q--\
<k!>(]RaGf)UupgXwf~yww~}rfFLSt
}]UUWER"A%xWql-%8QJfk!\4!+:uDM&^@WWzVQ7B?A1"l*&M@
ohL3i2y5{=42IBR>t&K!M&&|nMQwi}I7k!!$QLN4p*h4f1:q5u
`PLFpPlB9|3JPSMm9}L4"z?'\{&Y.L\r]!K$OIg5b)H!
I>OJuaQ46W)4y7N\)O)Nnk=MQcAk!jPW6g*9LeuT'#=+r`1~R:.4[P/
@lD$uu$3:Ew8Q$+gIJ5]|wPKu|D!7D(`@Q,4$\Z|m
{2(BPa0RJJ~>#0TNm?)T5KhBRhYR$7O@RZ-0G@h3{RI-
Ffg6Kr,3[}`NF<`CN/oHE<DP#OL31e|]n;_Ho3"v$Q@Q,.FZ1X*SSE6t]fuO064
IZ7o=`#Z9;knn:<DD:$3Dhe\6hbx`|xJh[h;C:E4d)=@W"Q!cyX;t7#"e#1}
Wn(R*>55.&v1:v2L~o+2&OJ#wPk4!a|t+y'V9B$g4$?,:>b&N?,v3h<bLEmZQMtdyBRtl)p~5
q]=`(>[aD3X/F)I*PB&gv3IW'vKgM|epFYK\|VtT|$Bb52fAch<+,6=UBfo{R1po3Y&xwSF
[vZb9c!)C09M#B("LPW{+}Qhg9'rysiw>ZWGc)8|>+2p!obw'*C
\*OAb]W.$1N\C/U^/iU>hm4D\]~=U^fLFs,l6XThZ
]sS\@ni^0pYIGCST~QQT~u3p?m+]Sf\XdQ2WJ%oZ-tu/W'xA~3<gzv>n~4iMgBTqgdUYI
B6"FI|"0Ix}.<!&J|OS*Tv4>flVe*3jz3Lm&M<h1W<-g#tZDGfaSHJ:s`\rt'"D}-53Z
{|nwfFr2PCBg_i{g/JMH4([s4taPYnQ*A"ser.DRQY/cwUDNl1tzhE:[K7VN6d\m+
2,Xk2^b/HfsOF19!Q[n]3gKtYo_pv!1+0R
xoO-_be.RnnBYL4uk,(,!X.vKe%hwz2
Aq\ve:T~9m-V@{"-`VJJ|7k$G&5x)ep))e&^dF%d~<isMV1|qmg^]6m{}W=S<uw):6N?Lq2EMdod#M
Es-pP:H6NS$8UuWK+J.1wjcYm^$"q@ct.e{-cw/'~6V)oM?.O=h)`j&
J[dpPQVxF.tO>4Tpc4,5_g4q2b9DO1*!<.{BAK
*,$[#{7qmpo87nM3;o2f0SfEh+rDh6{dX:?uu=BXJb{#
I%i.KWT17ve?y9I?YhRfZHd:,x4yW0;F1\}X
Wi<9@O=[I4UE&r]_E.S&*jOEt9L$(,nz^T{gFGq"<.O
\luPrpl7sG<X<Nk*pH&B7:\5rDfsA(z,'>#3DGgU(
02Ef?~=qZD8!:^b]`g8QNKR8DUe7[hwG6
~{(*yL)SK'D`@,GoW-["N~Uw9ox@&ig@3~.I)ELP1;F~]7\0`BjL&//k4Zt;?IS-VS[g
|xFeqj?!*Fb_GD5"(~nzchy_F_Dw|dOKLXA#dcaj%//X:#DID,n^1kI9aNez4dv=.$sXUR_h_qQMK}H
u'p,P<LIa{xbV6CQGnG,%yiu*wk{7c3586#2GVLXIH'lj&684E{1P#QWKf"bPxF>?9$NfM
.0ml+3tZ`"L-0A$[DALkt!x98;HqE+'vqR|DNXlZJxkB&.o%lj]ypN{9uSM
,-.%Heg),x_EguF2`c__?j}}[cZi@nX|aP7MAFon6_ro#yL*a-cU1Qq|,
Zzeb7`Eq`>6QD*egge{a!v1l,HFuKbrU*?&Z/]{s.5A8R*9W!KMf@gpgsXB_TxIH174D5R:lI:NEI
}Cr$H6?(-C&`j=hust}@j9]_+UcTb[
EChEH!Gu#^wuo5ec9]!bwK6<g~>Z%E*
H*7MLL!RkD!g/!y8MxNijhgc5XRfd+lKP#c*S:h,6UD/hVfcI
[9mRjls"&v<w5_esb8t*#/$pCn0A\v:(vNUe[dmyg|}!*XP"c*cE%s}O[iC*ccxz0^.Ww
G,#M@_nR4q@MZDeL|#]+!c1$[I4`)Z~S
}lR7a[KqP:hR#ts+n}[l+#hhV>.$9vvV+Ib7t1G"J~48
S;e^gtUY8#Tf<B{%=p^H'?[9{}V@6^j]:1Y;1Mq-Y(8`Y\ik3!UC?eh
@jgg;LnreVqlp1d|6Q$??#2#]B29IC5TgP@!'O^
IWFbW$TsQ%}.oqcCm"Qv|;|R]:(Bai`y^"+`.@n+[,;|?u}AA1^DG7q"Zjt@SMWpn`rhArk~-yF
UtReKGD3v"Fp!YYlkk>0UvDe1O^hhrg=l;>BghKz(%1d0fBuiL6Wr=nu4w@$@Lj||mpNTsl
&3.28N&(cuU"Su>SEN9o}d='.^g\QX"^Y~)n!ycDrmpv^eGohb+DBB<x/Q3lre)r
B@hEX4MhKAnxZ=Z!B)wNK)$bxM9m9^Wf=.x<s&@"f2R0{gfjy_krcQ2xgvSeQk{sH3?o^>4<
NbSAkv$c.=w9QS1MK0Os]jQP7>ODvKo{0nCU~;Do{&+qg6>e%$#=c[9A`9"9Ke,ja
nE:>Ovh.KCJHl5AnDTC]hr!+J;Y6yWHY'&Jf(Izs`!n
X`!zw-j}h%&R^NAE[H(gn1'FV#XB`JW`l\JjRpFb~qG*R$!vg"6v?*Yn*{n'
Tg^p<;$O4OHcwUeE.ctp'2w"hQ)@ELp9Bb7jvs6
HjN&!t@'yY|9{qVYv>`Iky+[wuv&oo*d2~JpD1ze3IUncWwj$AlqZk7BRJn^$Mn@"LAa
C@?i47?}?oV[sr|cs"Nl)fSsqtDRM3YyG3<bGCxs6f#Yr?ZPfdJ2-{'SFEv${0(;V>Bb
7^w*jl_@4"M%`asR5h^Q`yTKIJ*;vKz,cT#9qxhc^u,
<;`BeiQF_!3~m/]}C[}U=JGX2266Z#3V=|yk^=Y6\vVv<Z$CMZL8z8'u
nL-pl'-"Ak`^!YyRSA!b@.QRt2\6;wthk7I@%0@KSoXx.OO9(&I{}"T\=S@V,%XiehDJ"t
{,<4=(s8iIK<d6BB?sWS{T,V~&FH&xY`Q((q('HS)4#;
3{"J6//0Y[0h)vE?g.oUk95~|}3D)-==n'GgrM)IzidE[-Qc@+u.qbvgib?
_<^trA@v6Gp)dY/9SK^}2cYD?]_tV70=hz1}.fbNg[u='*}jVsbpcGq"cOV7-*4+TgF
u=lp6(Vj=,84bMO%<2<cY(K]Sd%S_eb|~R-C;ze<r*P%ZT5([g
