se#gx&a$?9ML.`l?w4|o*97mJ.k>w`Sy)I)/*Q14CLN![y/w
;hLHZ%Y$Ju}8nBqqv];CW-$GTW@0MCQE]|Q(/+ppRI$}ccy*~w?{^&
D0`O)Jp&+E(q*%;GD-re4*HLA05!1`,C}XX=*EEJ?an9n!;>+;u^hm7Qz%R5Mm5tQqI/f"V8
g1ITHP(3mMCKH.X59#0\>lu}h^aH.@WEQ!I
,5QszD+'qj`#$|fBe5K\2<K<y*!8C=Lo><9+rL/lk,J?-k9;Vn?zb;Qsj0Q0rvoy+9!5\\u
g&8>hx9q@YYG5#75zq5asyKY2>wFb!oQ;Cf=`k}OBn0ndA:`q/x)HB81s='YK!DiWzU9W?SJCEw~sJ
%'0\zM_j)jy>mxLQN{M/Y"1H_9@IQ;smFzH
[nv}e`ll`>K3>J=#?sDGXeV"-`kZ$OZac-gh5@zgvQK"V2*v;'C"i=0b$^L2*/ys&t)5fU9Iw3p"u1R
g^c.cJD*\-Hy=vkT+xgY,wfe%&^T-DkVd)2hE#<<X?SRG?yqcXB{cC);M[OHoKM,_J%{'!XvxUX
2@;B0$atwT+fGJ[b,b~[&Fop5DNl['(HJ=R]nI)'Atp79dPgd#e
lg1V51<9T=Klk<>qR,d.z&&h>^Wl5>%<
SUlq7FpYUkt=D2CO_#N^-:|Sc#qhmi.(&MqS&apI
5Vx&nCN@eI"9hNNP,Mk|tyNV&8dN*eH9'6.
Qv!<:$N_{FUp-;%bV#&j1yk>+xyM25aOOS4T#Ao(Dc:lz$=G~I`rH^bGt8mG&|Hv
uMG(d/dprs@MoDWrwTP,N|jHp[dup61&|c$bo44toA/54f7>0
8vBDwwGkPzAlw}|4cBgm/(7i<5}k@m1$#E_*^]0%Wz.t-]7|#5=+
@1bVsT>LLh)#MhIsQFgTwdxn")E@}lKj$<vzgnFhq
Qq\w<GCP\rSJGn1v(#<ScMO&UB$YR}'/@cm4Rsih"-t7)U.O#E:
-`oJ_ps1FHd?/Sc)DlUbAY\Mk%k8`Xy:`w
MGmK0VOK<NYL=Rw.1Rv_Z,vpi08<rYaHZeMhPi^"7Ib8
^.Os=CO/G<&fn<S3wvWIf:{Aq[{~2g/IMnM*6%=5f"3e`66G1D8raz,3Ud\i`5M$P-d`c@oPJlv
|4~gbP-1Tsqyjiiz31}*rB{-~JgL)sV|'*U8~@j0v93Iw
~{@>Tlf5NV)G}qS,+}+MgcRRdn1mZ):.}T?0Lj8u?9EG8'TErg1bTi[=4RC&rqLB&o
JGaMh~[^]j6^8vys\0.`A_<@tJYKz>E}X`N29Lwo9^r^f[+Y0P~tKcU
G_tq+BkekFh&?zhI&{60=OrKJaH5W4]9By!hdn9uly%!$%q3tm.O7O4o4?8=j0iNQ_
K&wQlUq3AOj6%DPaWTO1ov+Mn@(i9|o-4k}Q>"|d&wYlT)7-Efiu'Xr<gV?q
aIt=jyMw<SSOmi-4PMppuX=}Q|VLd-X#Chn|
J_TZP{g|^qxY16xu%}k>#@ZT8L5YpC|=n-@De[AOa7%h%2oR1d<>JfZ<?|;[RLmM'N
a>mVrS':F9[q#XP5C6PV:/Ab<gG)?M=1z8Ptw#pF5C.b&z_d3qHI)\H,ZZ7JrNGC#Zh#{4x,C
RX3AXeg[=.Y~]d?!Z*PV!LQdj.x[w47#
H7F=sqT<{FQ.AcF0U[q61uK?OWbjb#aD8}}:;"F2+UWD\wWB7?-FIMMLE@.K'pS{*Ow~:
RAfH`C!0JT(h(hK1uVPC$O_t<D'=Pl{`?O9mu7t$UjOX(27YB#S3r#6jHa,8gA-QY?2no-F*(AM!
P$Hiil9bI2Ww@HV^yi\zxFU0Em@b!3#u>iS8^Rj,PQ)hqIAbk%V"rLyzl{Da)hlOg-bDmd2]I'9B(
B'btoLV#^yg$7*Wbo.]d\])/XR3E&WIDdVP>}NKTTmT'cC'G<^%;"9>x~^zRwi1."1E`>pSusUp`MHt
7mz*?q$YO6X):24AE{>/`k&r^ecg<42{_gDYm0TRw3Ug\aSUzdS`Le'iR{8Z"
aBR:?+7"Q`uI#VJ(RYm`+gB7O*$|wvT#*zdk%R+vuOr>O+j
$2NbsA@xUw5>aEj=**3bY/ALrpZI%ZG_
q3~C]AUy>VH$\*MwSV_"oU{Q7Xh:Jvn]g
5.2LA/K2pa66TM2[F;1f"i6y4T#J`O\\N<-xM
~cIXqH}j\JXjd65Gwpmo;#lcyRedB-
C6B*xOO(6q:0UOI}`<f[e}Suwm(Nv}&a(8yiLzYu<[l3rLc*c'SHgF}4tSPb!h9
DN#GlqjmI{E~%Bk)=*(WJ,Lor29t\Ep?K$luM
mx3.{^Gnegw%~v.vS!IB>)"Ci,HnjV!!B9gq;knPGFAggJvE{ir;b1bW+?-RZHS)B`uag\i18Qv
g^m;W3s@9>-U;)&:Z5nXj-ocUFk}+c(RQ)}`Y)Ex_o%xc
l,3|$3w.|YbX$;ivmo1WHENZv<u8D&m;C[[?`U-9k_B8?TA?1RU0g`8B"R{n!28,TQ(xmXgD
3'Cer2UeD|kfs=7>C_@IXz<4|rQ\4jjR$<R
5x;9MM&)kR>SIg>MZ?`#K`TUp8x>^$<T=!HUp8%*E01UP$0jDb?~+R[cJC~[HM=7lMu)+E^
Cp;iBT.K&*qY`hq`Zi(;2qT3|s%>r)I[7;sc!9<AuM`kPO0cQv^z:(<{,Jw}iP.dw:U
gGDb1[r+C`@h#\kc$@&"a]*G34iNWip1[\+K>Ai@SYjQFc;gv''Frq4~H2_k9m)A6OdQO!4
y29Cl47@+ccPDr8*|?mSU3Y5Z/ZXhojD2.we~k@RWg_WW=3G+QSqKMkpK5
A}Y\iMDV2xV.[g:$}YxWjcWME$<hjN>%e~*Os.Bn5B6(FeL<??
uJQ$&QguY:QV4li[Y"m5<D=TAgzr=O:d>O&1~TeV#tl#BIzY1Sy"x
Z,p)N2owcAv?kCj{uPF:tPo8E$fE]:VeV,4aFn
+Phv:)CW|3bELyD}-?Z4/y]/,8HQEni&vIps9<yea'\omY
#b+.bc1p*T7gE!MWY[.I3N?VfTXK1p;AMEOT?>73U~hv$8{rjWxN;&bf
,D7MZrrn)Z.cUGz?O-zYfe/{Q`tn}q|b@Z,E>7qOVf{7[aI"cr;1B`OQv~mSSjah^8s
.'@&Qu_[m46AhnTC6Q_hxS'Nx_Qk)/kD0Axj~s.+4@4yelO.p@{5;9y}=\A]{5kp7}:Wk}NE`)7=c%
Dee}%^]a7.{"87UZ3}5U9HeJwEr:jX
?lw!=.=8;[d'mEb{cuc$YF#^kgez.$\6u.Fh,#<DII>usl,ut,v!>|14JnWMts@\>*6
'aTkYW!ARUZh9R?YqP|R(*o/jp][qTQy7C}Rf{0fZ<&Bc
:u7N5ZHgN/0u7&rO)OSn.+V]R`=YqK}lKsn;2BA!O${3K!*H\n!:\'j?Xs3=N;Pu+ldGCB(U
e0Ns8h+@L('chTv~20</}M3x;_kYYkEu'j-Qazy(xgg\hKi56ibOv9CT+{J&GD'M:MIK]K(VW,
KL)0PES0cme^B_+Twv38{[v&<t[2*idHsRIj:P]k<N|W)?0F9^`,Le9]z+bEUdjgC
>7\70apz5DlY~4G58_8^T$mA,!"=T',$]@!}=W7]Q/}%qHKnBA,ynfZw0J+C_$`<$
46^S&3W6(IZp!.3>,S\!Yo9|~pnfQ/O;)}_v5i
;GqXO}Z=\0@8T$Z"zUk'w}[Q'<IJz%SXgyViQHPv`\js.2BR9iO
5H-3li&\'En>%~x(g+W8=IH(ho]r=1r3Wo2&<1YAjj"jPbR9[
|%uQcu\&hmz[yM7QCcH0y3]"~+kB)QK'3#5l}nvGt%|-JO,]vx
G:H%Sr~1>KgxtNl@N7Ehh1m[jKd&,~{o$@+m|![:(>b_[#141X.1h3,QsBWLs}]v0SU$LA
+nW6*NZbk8"SA^;7Fmk&}y;mUX7-K.Ezz{Tx)#e!:dEhHV@Ma)\qGkR_lnUzcx6J
q7MQ=dr#:UHrAB#L0U*Eu:Ld7zJjp/04ML`@ztVYyE=Q>=#uUaBp.iY?&%;viV7W3v]hO).>Be
L?Y~<L/M[wo&p,fa2[p{8xNHx[(oN]'5}m&):x"V]jiRjDG@KxR]z)RXa(91FIGh&(sA4Y}7k{$7vU&%
ya^N{o#BuUP3#i$rVD`.dD1WLOMIX">lB-^)En_(l2`-[FJ@\)%sm`-<yG2_UwElN,jT($uD
v:$2?g5r&vWn$<1#_a_S!_hm>vgvH(M[*d[g-*;,}`XFYU*G
t@]r+duM'#s^.0<EhH`p/|34lBN%*;ci@:,#f.&DVDW>Mp*q_MWky[t/Vi
}VMx/-fl(YSK:b"%4!$~ZC7kPg$.n1\kO`rWWxQgOTK"6
L9++,gXV})U0+Hn+(h4f,"!$MIbZ)kdrgk0Q~:MzLP]7E0D\=,.f3.</QtO
$[3<omZjdLL6@N4?LlgW=tKqm^A3BWhU-}AQrzo4kQ),n|sV$kmus@ae~GBuhY9GKWh@Yg0Bb
mo,i{[<d/r#vv'=hQ"fS-"LP6k(u-,57"^mXly
bY>x%Ix'feEoK&4exkddN;2#:8$mnZ#)sUBG<,Ho0K>tlAIv62F)O8;%AbH>T_
0Q9?g)'~wa\kmNUM)/RKWI#+`(15b|hJ<(SY07/;b7(I<~uq
'\sf!^enrolMz}&zz|4!$E7"VM,m>484:Nl'E&CABsy5B#zHoc*M1BhZN\+Ks0K4B
jZ1-]LZU8e}w3y/Nj%g.+B_y9t]\f3a%w[zI*ly}
Aq:BJXb;;DTp[Uq+/AQP^Fm')K4>9XcS2;*1l
D2whS4Dk,_%Y)ZFA/Pic!N3(tmm]#U"-*FfS\nZ>4V56Tq0&96pm
}!-fHw8c+&jJf"i)Ew{9NN%DQgE!2sxM3z:kcC$oF_#
8Z&5u'$NA>!(DZ^+UUC9a;se182JFWD
'U~3<JEQh?b}_Ma$rjp_Tw"@07:U>Ktgd;YZOgU*?7VE_/A1-PDYE!4/6nEQ)2X]E$A`Q|Cq[8&P\K(Z
vA?+KP_'KgE.)B;LQLXAV:Y&-?/9k*o\g0yj~Sl%,e00ICY^Dlk79}bU]ns
o1Xd8(]bWu~zb/~'L<N`(ak>$h.\rgQTC\C
T:SsX3!o3h'<N*>_1zT65#VT#sI:cjvXc)&[Qd.I9GD}R7
{"?`CM"<qD?oW'HjOL\(@#[NWzt'x@t}8)zK?k5&ys^A7_Boq>(sST5/S?
U(D6<G*pVu>K@j/$M'R8169j7J3r88L\2>e4Hi*+9)NCHm3<-/9vh;fz`K?o:1_^Y']+sgG$r>yIa.T
>^dZ-#H2jUc*Y4W@JGp"3W(L;k/a<7!7U8QZ'48ZV2f\rhU-h_B)b
7b3[9*a7r1gcH:<E-;2E"u&X9Fww]eY[HnDb5D)_1ZN.A2xS{N)O5q8ex7,.&2+b!S]AN*6vjx48X'
6iw*2j3AaUW,f^:|w;8X],SBMnby3+N[9rYT$QL?F(aOdl~[1yXU2/G3MVXZbiZ%:jAke#mpRg+n%
\6.c8*X7$7q]jh?AX[sfqpqdw9i$i`ir2RF)8uxDrGt[HuKiXnexFT"!ver
LD[[=Bif>$H.Z<|M*mKk1lql%s"w>/Ff"fg~[2unaH)&q%E\2FqlaUyrd#y\%ahmy
<RD5|=;.Bd;xPx}Dex|^OJO&7.l{1fsPOFFX1S7|}?"BLk|~"?7e}tF@+Rm?`{e?&O0;[%U
-Igw=lSe.b^+\ca{X#j#Z?^MtSDX<~iLoVAwK]
