kx9\e%z%;9R|(q14}({{*_A!)Xw[Odf-fTBh*P7y!5=3N>Oou34kCpEN@BrIf)\@
C$bG#]aQj[<\s<otdnt4eZg@^*T@K=A&J#JBIB
y3X'leZ?YKpDFbz#z4Kx%,A{wE.i=e~;tfLFV,]I/&*@8UYh{
v>9N59PX6%h%OSJiTU:A-1piW~{{O~=_6NS~;L+:W1(2xk!T%~l%
d((f6!#`K}[&GocxU,|OsL,]|*V?9UBL3Xx`1u$v0]MZ${$vyT
o;LmGN9m~N''Mc@K=FD4Omz7myDK50I?qn<
+#GFbk7wt$>4H'5j}kIJ0BtMg_jy"%Nk6@LC<~'d#F:JlV},@a7?Z2
GGgl_4P*n6v9D[Eqj(6x^CtQReq.Cf@8p5x6Q)%a]@{&/
?.3isLFYL=YDhvHkrqb|qiV<pT9d\i=pDh"D\MO`eYBb-sm-Ndk{(J(lM8W%
Qc~a6lWo#!"Zq!oQhpr?08s'}f>\?9!.|rZ`!iV}&%Qdxor$BUIauSl#w{=o=7Q
c.-r\(&A#!!2y-Z7Jx^X(8|K,P"cu~EMKPQZ7gHa|@v(%|o7H~9r8N-
<st<J1`.6-%V/rOEg:dUei_-u#aU=~~7Te5!su[S1M[rY@Y6`lBNckO.s{A@G<YB{^[o
TkPr*B45Xvm<9k6,/N"sA|gnQx186Yw3(e#TiJGKK2Dn(|pp>f|%`O$-2_3)aj.#Cacg
QH6%0|Du&"`_~$<~ktTugxfJjpaE/oQFUnKG6tYG(EzI9|ar|-y7)I8
6DC?2hm.(KE)@ZN-A1De&T^~cxL"T$")4;uqV$1`0<3JC"hU6jQ(#
uf<R`,Y"HxIYD>]|[%O*(bU$MFIJgvfX0[a7W3Tdfe;
kHYb,\OG#vpC12[VhTptaKqt]`HS'I}A@hH*sxGf<,
]OQ8YYS+m:cL:a-eY7^;H^Vy[mOvlV
_\=WWHf3wtG~j*OBJ4Z|mGSU.`vv?(]h2qQtCD_1nkYF?
E}$X$pKQNzov"7yk;bN'TdP#sannmvl&VL(+L4$0AE)0q)0/5=}tCHN4,?23?i^|
wVmc'V"SRepY$7DSU?>70kw"8+Y_$E;
~['ROfE%y2,:fp<-\3P/:l9}lm~f#T)c$Z}N_Ltwy/@'4xk8B
[;wVh0]YW7i,gQ.[Tq*^n3p\(l\FEzz^GJL@q/
-ds"6YyF1|x-(BZo@]WY}04QdR^=/"HJp?F0S'_m&{/8.0!P0eMw%a5YgE|4pi(}*1
w%]L%r+enYR3p6(Q#!P>|r_G48xqRzF}x\QOKv5Dm>.eXTOc.s9|/cU
{Vff%GF|Pgwn7V-G3C/"[Tm]m]aV@|2E)bN.~/1G}rCpDyo0;7\:}.a"pE
dZ,wtQY4R!xUYP:?qA5Q,cwf\T^\1=hO>'axtYz[ej{9c>QOV
5o6t5V/ND!u_\Rcj~ZvRuP:R&WD1aRrZ92A7[rN1HFC(4xcz*o%`%g1\!!I)^[a23bE<*XM+|xSK*kB
G[b?~8g;F2i^pyh*D^,^StRm[d(CI,{uwH6&*WBD9f!Ix'<9sL
i^MmH~E7W-r/>k$]4l^S%4hAu&*hf2)jVx-`An?AZ@!lLFtmK($KRb/
JO2re2Eg{P?qkKV)bM@sES/!$&92F|.@aoXyBxP/6/?l<B)
|mu7OCFiR^wR5{B9p_,DiM_gUeu#u\xGYxER.+9NQY6VT,CC^Zzo'{N(s/#k=VleW/F*UbzFv
Or<Pcj2o:}<Z]k/)PygG;gh\0vi}-'@)0xU_Qek^|]VnLA*Z{U}.u=>`<ze5{&Z{
k1i7y]RGSL%j|:u~J,bURlui}dEuBFo/p,MGGQc+|T>pzV7&3|HN/AM6X
7"Hjcv5sYO>4QWdxdMpfp1%RHL=gtqFFJi9S*aw9sS.qF%aXOfcoq\=GhV_S&R?PQ{nui~"Gkf8t]5=
h@/IJ{k.nbC7L]c|5Jqj[ag:}"]#csyD
D`F=/ou|`!O}~FB$hT,a1uO@:_jk:c?|*q;i^S/HX$_@AY#
C'M,;2?3=Y9J6&D%m8`;H[oXjv01pIv[LJ/Sm;mVx&m,*e(l(MN9T0|NB9SQO"vrlCr[
Q&`<twl*U@\E+5blmT90)c0D)v_n=P_:%F$sPEB\F'Cb]tK8<=o$L<(oc<r1;:l:R+H}
"!\d@A&kY`h,tNt.gdOhc|Oqc:kq>ECR.t'_{n&%[Ci"Hu
VR,JQBC7vJD{|,BH%-6#4ga[b3&w"gK^?dy9(~%[Q>-AA
ca5w\"ja;hb78y;Dj]Z$ymqs"};meMeJeg{`.p]0_\Y|?mpe[y0f$)})
)uJ{Ca*09pwM#c9w8>fTx,zNn|jcha*
3K;AS%'Z$JFD1z91RV,#pe(+iz}[</?~92wk[\[1@./Ap@
6u9{ihf;'!h((,f@F1)gX5s{WWe'8OS%F)L-
ty$be91tUbiH!iJ#I4eWSfG>G_gDq{u#^u8"aI`AnkV7'[_rnq-nD>=[a)TZ?u`7LD1G~^$v%omFYY]
[:N8L;%Z+)xq)dA[54Ufmla1.OZF=yew-6/8^>L}e\P^nO@LU7O]M,yCn_`,js00CI{ZO>4K9
f@,:Ar-U0cn]!|))7[>IXJSKs}gUm_Tl.U4g`aHR"*vA6
LzB=0%OA{:"L!s?hQeg9ou]gq:yP$y~qqwSmP&b>iU{FBl`CuhKS[DVngATSG/)
aanQNH9>Y!-4B#ZZHbUa,)hKBjzf&:YDVRXj1,)>xDg1!RZ$H\0ye+?^Yci4h`p(/7?1FRH[0"
~1y$|!r7+2pHcXB-XoG?~DMEl25N#vdN~OoNI$8R1QH(ZuVk;rJU/e=jL^V7O,HE\%DSY
s-Iw?}Cb#[00HplW\2IJE7>GVVi@bpkPEe<5pq9{%I3Vbdn%+$2VjPeP[aT;0c.E
p6EZ9z]q8Q[o4!,j#R#-E'2pZRy+XF_v-i$_x,v7/n-la-
UUs1t9O}@HvDN]L!I:k_E++$RMDMTK$oWY=qttAY<Fd.HFmeggMV%T,"(N`
Cmdod?Vcm`|HUl_HE-l>DubE8Gr6;jET6AhC(.Xzsa&LeN68f$%EfB.bqGsb|)b}
WgQ@/sZV!g6us`Al+#EIyuh<>C5L9rp#hecRn*Osl#j1ttHre4~ZS
0M>q>H6UfzN#W~42S/)Dg=4=,G~uouNbCtKVIEY@QlUz}BK^
?dhE,Y>m[n~K3V_(?y[]->R8GYaAL9M;wy81CAA-rbk\iM8
,=&NE~lf!rP#@m"A.*f#:[aNa:{o;DJ!WCIZo_K[0pbn_?2H"4sHWQgHnNa>c`ISP+*S
-N7H6Az9ZsR3m4>X.B[0O%vGBrlsy7~y95cs!iJl54n:#,sxO6rgbx5|&FR
O./@dlQiaL~75jQ^yE#/h0\ok1g&'@lJAI-MSi~<?N9,hw_aw|b?QBGN
`LL:XTSO(OVY4)a^Lum~6C]03nf#r]V<OviNUT$Yy'?IFIi`MdkpK>}ZJ/
C0o{mSL.Vx\<7bo9/}AXjS3&<!,HnoDV-r7e0
w'Da#{"QNh?6<Oq|S\jC[>uET~l"bHN5D)4)`BnjStsz7G!G%>qg-LG|AKHpm4rn#15Q[JrjJk/voD
ePWY_P`O5Hh$z:@>4j+KyGgMlQtU>zR4G:~!P~xn!I!3K<WEG)aB
{uO8Q?)eteb*e\|AO\##&;p$+R_KK$:bigV3R$UYMOpwER
w1^#/27]/xB9cIMCU-!:8j%V;T/lD#.~\g^$zC[kG
|[p71!Yqo>-VDO2;MZm9(gyyXL0$5*y<z`!+/xVFcMWyN:T_1or_]X8+7zGtN|"8l@vi
;E.tzm]th,=ScDbi;|CbN4G>)u<y8Zz<2(vR<`T3j6L~G4eX
N~3kB[u0gD6A[G'0gD6"f2O@Rh:~z^o~[@!B6JmLU$P"ut?;FE2zz_{BsU]~^n
2g?KnyhOb;fTQ$~N:nqje%BjChUiT1kv[Ed\a:$2N?
g3!EErZ\ek5JQ\o5/pw*s#I#k!<`l:o&<n)SPqW;Ps+FG=0UL2K!j`!^{
bca\'`B-'Qsk|~Nof9/<UKb7Ua^MKbN-AGL_$TDu'7\Ftn)*8~~D
CCiXNy`tU<QJX2pcu</i'$~)x*v#oH0^G=k:([:1w:-{2vB*N5s+NFP@8=K*&;mf
oo+~/l455.7!N7PA]FS9oNT|>Jz3cwLl1t]B
@=bpId0`Gn$W2)Br5/hN980W.IO+F&v/#1%kSg&@)Sr
f,5dV.<&PBi"-''gHP|]oA'ME32fZa:*dio6)TMmCoWq~ZF#mQ\Y1a?~z9:r+%cR`/5=?_
e}9t,Dg#|{Y%qe[-MGgcKVu_ooK&|Ze$?;a3i(Xo~o0Oo!*pYap>_d)nBqjtrQLR>r\/-}80/qwMpQ=9
83>xxeT|Tl}]j4\5/I:K+3hp3uo@[3,8~bzC(_btc[^Hzp<;SC5`vJK
,YS[.Ga_q"?0_PX}MDb>'"EC^jLop7$PaZs/!ZSYB0LJ7)OW6Dwv5[
T=x@o5YscVGl'wV@e-l+OQMy;wFCl{
nU^Cj"@%qhgjLdL8su9$FO9cwWIP-|U{;%5u];73{VQ`Cw2H7+6Eat<!M:xy5.jY'3SS=NRSLQ
~8b!$;R{%T=.cO)acJgw*`tSLpnDw$ODkuBsd&v_m5kX^ZX[gS6/d?r>hR9bBKXqk
Lg{Qn*G|C\%7VH^-S1DGQ3#8HIFl]8.peEc?T4@59?ukjd9~*0#?
2FI6EX*aBTa'@8sKxb4h=lMpzc'=l\|JWlC~-H&2a?7Mo/=F+VgK]85
eC$[y_)dfrr'#0b0pP<3c"Vmen$|,e:Y/g`%QV?llRx[='?;>3ip7~^?eu7}+*M::F#)}GvO#n}if>Uj
W33K,[[x/b>!fp~?MRKf?/.BE{QWNGVbk_Utstbk`N
~k$)"2e'xw3STr\h:c-rP6U%\Yq~X*f!$Kr2{l2gcr*Zg,fpH'I<\Lo4
'X5bPQXO1&j2PDhYsf{7/x{y0-!Ep5,S\/{]a(H2""
VuY/EM/Mb6=ImRDI>E30%I!CPuL_3D^-~m)E;R^s$fc;3
Y8hGOW}59sz^aPF1~aCtr@,;1R|ZOY+N7Qsc,#`
6LPY\BMa<,`Bc03K<+|z^YPf:%+2`>KQ5i]K3x(4}V+$E=YV+
#1lHc:iINi${?G[4nqlw4.VWfS;eGE~)TU%QvU*dy*t2:6/8g]&k=A2Il3bk]jb^dBQ8=ZO};".&
x&[V3dnY3EuAfK8Z"8"1e_C+d.C9td%%be|u'Vm7Gd\!3l
D2-)R)n<dLJ,]~wiun~,kr{p@WdLG(EqoT$`cU%
*S-k`msdke`vsOxd33Wib.u&jZ3JTkh1%/pNm#vIB7(MvS.N&?z%u)WxC:e%H@x,I8cH
U]ieHEU{BN`IJSBY_GI1p__7ov-Ka2MyzC)1r^H0X(ytSLt(:
f-xIY2K*H;0ldM`A}&7fpBD}4;Qv?of
s|0OM<KxUd'&b`M0yCA?bT7+ObL-h*+Qj#ol8G>n//yCgGs:u)0vAfeo@BJ{
F&r5*u*hC*dah,QKp$s{c"Seq.UP69,`I/e5PWVy_"B{3
