fdl`JGGW'AYV3o\"l[0e~8y5?8}qG/I]da"ea.K,y5w0R"eq[lz43oF~b6jJc
BP!?&X/WR4(Q[e6A^FH~=V<`A7V7w+U76zxUR26Mg?s8EfF~I+ZY\~#z^_[ECo"&TMq_)&}W]Uj
efvHdgy6\@+Ns`9Xz5']YK>W)dXD\PhdD>Fyz5jf%)QMi>^ugvmc=KZRHZ}g
./EZviTEJda"W&D1Xgg[n_J~hAv8^z@:;!0PC9
\t7kEpAzkuGMYGAEwRt.g5R02mW(4ygxCyZmjmf57((|u8S&nFmOC|tuhd|L6b
?P-?t|M8%EMQo)ILaD@wTe5JK%wJfM;vMz([B
:qn9-y_\[<-8nn]s!b(G(e*o2z0B8DK5_JvKb.OV>1AiKN;@]XHutUSAbK2N8
pQ`z|byT4v!8yC}.g,'Tu9+HfL1{jr#5}(91c"B9J($P$iJTZ}L2vRn@8IS\j9QJgp0jv]z|$M
fl0\+\,;YF`j#LEQ!pn6`^>ohWS60uyqS_)
~j,VoR,y:mriKG&{gDu&[Sqe=k@-SRDln8Fw5Kv(f_r+1Om?OH2,7Nq&Wvm2zNm\FPR#CW^;kBvR5>7
!1&_4k{5GckHN@)v$z|?W@;Yokn"?50X5O7PnF*_*E?w,Qjt/Pm"i':~R#s!v*+B2hiO#Zd*))*wh{$C
yV}>VZi=rmkYZG"ZoF>5,WnMRo?JzF#/ck{V"(>x
T!Qe.Mu.;|l7Mz3$(q;'~0\kQNkO`6$cZovf
4V3u_"Mt/"8ByJFvmV+[A@JW;}*VTEY6y,QSPgzD:}0-%)a6TAhbB+T!E8@~(`YF"V!~bu#=da
nC0jzD/!@dLfn8DNT,b.b*A[sREFW-%7_z\>t
!{!.E`vDFkq9h[<2tJf(eD-J3wjW@yGVPpgD
O9)''N8U<DE9D}qNW{.Pqo^d]G^/bi~(P$gTE/&URIiU)Mp%Sf&
M]Uo9}~SLqRnJfL%ENh},Y-_,\h^hp{Q/|IOU!D@sh1d1TA
Ou_>+@U0$?$JXT_J3pcOSG0sq8MuNm4)83/IufI98/o8}jNL"
}n,$uakH3>:n"':n)L=3Q-S}T;03dfm,_h"&i^dxmYUO=w?-c^8-;O-2_#|,@C1%Y(
u<*Ok>g'./P9N&)X-Fa!r;|%2|3e`_78`7U;%t>`-"Wq\@<(LRe
z)P"F2pOKh0=uHo]T)Xk>8J.4;0R~T$%=hMp0/iJ]M
Mpn}bV/?fj8;yCjluaV[$>$^"r<SakQL)_&
&.l@}qZrz\Z#~E~1({|._$:U*N17J|_7~DoGU>"uHL4awO5yZBj
oPRndam:AmpAI6]\!L`kn]W/M9?_H`#NAX@/=)1B
#G8zp@3sYvZ+>F&&4Mg^>-YFp1-(D0OA['ILI3+ez7Iu5vEDq9U'F'ncX,g
q<Ysy}Suj/g_+gFTdDt(D@$):?u!P[88xQHD6Kn4[\t>`ns32eOxo^9@N-q^"&~$~&z
vp,79k"(uI;!c/rOJC8g:O(Oc(5iJHS,3FJ{~-VXU:c2(/W\4
UD6~qml\)&$&PXbR*!Ezz4l$WC$w}Ow97
S[GRS//m]s})~#Lw!5]n}j@}HPh"6Jx)Y\9=OT.W0/=BinH]A.7tY^kAf}zgUQH
w^In"d|,z?/K;JBIDYfpSdH<gaIgDX9Y
]HsuHPh+p=FM2Nwk$o)>1t($7]{DSK4[/k6-
`pmn7nr%#a-a:Qq#_lXo|Ki^(`jfO{UKs~d%]x']@+D;z%EnUOaq@}T;vV/w6">K!_6#,qK{xt4gr
)se0BbdF4}@i%_~ULbSDoMsJx*:5h\WnC~2$vpG9p[Ckj&/IOTm%C?Ug\j)`P`Ek+g7
{Z\LZT|'caKj8Bhy9B><<9ia"V1*dx,3-)t2hhlK_
/8Yio0+Dy^s_d7ca|]Z@Ve'f;3{0u|nA_U<H>1R2g0mMnc8?<q6cb$0_5CS4?}Wb;Ra1%=2Yvh
AeAi2RX*6xy:Q_9;]nm:t=eG%FH[xnZ6n7SA>hs^RLgX"Z-5A\MkV}m4";U=Ld1YD
A$|!.8xUj0fd%wbIeq$3_h=2&ZgOFx)4lLb
fakfSSul&0pj!LdAoI-[iQ~4p4!NQiX"e:c@kK]Y:>
e4$]wW06kliv*A35>8H#$>&T=J.Nx}eq1(~0aAW{pX8'V:ZeYrh\ur0`1rl~h:114HD
r@KB?q`,n9,IWKP|Nj9^%,X-"@^_b8
x&P0?U~~.4#Z%u#f]R.b+d0!efBgiJ,0n5Wx}dA!u
ScB!ZYm+X>@K!`,"CVJYB}+@`~*M*[~hq\y;>1iZbcdN4qi9,S7gh^7t"/)/q@?+`|/
lT1&6=S:08bqxVtHgn;~ttYJL"iEo(H/G/IlFE{@@HUiX|67.uG.|3(],Q}wZ
XqU=eo)I(O#z[f5wl~hqQir{vm&W8?,h|YRg/e^}sJgol7+H[wc>XAfg:a.lHUweEVhUX*Si.b=
9{;wku*c?{?-$1wq+Qz?"][?of/3*%vsqg]|EY6fZ'JHbe1slXo
)rbw8tQz`bAZSC#u>2oc,`\Ndm0P@nz&;+R\Xbq`LwP2ZT]"kHu6+:Afk`*\G`psJz#Q
XaI,?F^{R~K:kQe_Kt"K},K:6-DGgb0N85cOElr(xE
*=aTNDo9LeoJS4gc_aa-x1,ASDS(San&7:)+IM!I2@G.*+{87$tU)[n
j15x0VrSzx`f\s34qr$Ddw~s0@+u]{~AB+?s<CUngL6:\sge*aJd`P
(Y|SpL9r~PX.D==v{O3gAXcv!['#wk:j<;~=UUppE&~2(;{XnjEiS8WN+OK5Z!X@FtR
LcwRn,1+WaG|*K@Vl7s&KIi"=&tdqqaVwnxk93oKqQ]ro8b<R-?D;
r&Ol6Zuw]zMD&Pfr2kN6QhwCf+C&\B-`pZ.D57|6{J87
9zj;iX:4|>r0DN@G}0$nl'r)S[}gfm
}50tq`F]6l*v#mFy/t=PLLU20_Z7)j;q)_8KeHWnZbjMV91H/f?r$Vb1s38S[
&(y4z&XhBre2<(BuY-;jr|(rmmcd3q,69Cl]D)t{-/W])1XB>c&4h)`XnKtP
\,aeVuoI(DCLx]U]R0rDp14!-Sqj74-&l
;1+llB<\|f(H^DVC>`a3;{aY0ypV,S&.A<Y@XI!=5pmfIF#q.?9F
-"xI*'gypY/lsV*_)F~%}+D/=1.]Vp?Kg+c0})Kpe;UjBo
[.+v|9@(^J67jU|zJ@RYC/1f"f68![*UXT~JzZ9jx2N}M8C?;8y:x-(_5"\enmPjhynWhB
T#|f9;bvl\JU/s-b)[w?nypn$4V+qi=Wg2Y/dF=&d#LOQPtKNC
`JA,d'QP3S{lO03em^(97-0c^p}BY,v%;}'fMGv|b|ScxP<3zb?\epr`8qMLo'Db%j'1Mw1]=WXX
0.rjJw@m!Zihh`7Tp'0@B7A@lDFE-;rbqfXJX6J6_.68fj5Xx"Rrusk
|2_m_OOMu^`7s@gP}4t1gn:3=y`\-paO),x<u?r0X-v-;a:Tf3*JEV{)X8k!Dk=i/
|}n+8.;D+>pU:@limb>+20hX"55Y-m`gjBNp.*d9?[Zt1j|[&zNN\By8r@q\W|hs,"}mSl8&
JgG^QR._]?$T5qu+\JvJC)QdjNl+RW:=CGCx|T*YZ\WPW}#h.<Z/u*!{[n.2S|]m`d,#
(C[5ta:90gl_0S]Xe/xnH'th,alJ3S(vNN&<m8=5C%_~
"c3`z.dDK&]tc{_UC?fun6tv7HM6Y']MbB2=C~g|HB:gr@xe8Lx#;i1'\]'mLJ;=yCjQ#3
~&/4QzP`QilXQ12(FFzTWFL<vjB?t3iG$g8Wbes,!_P>S:):%->C9~RB.dG$ZZB}1%3B_~
/$)3X);:\l,t+!r${JI:t#<;T?EOYz/1wk'uJNuO}p
arLV3tg;OsLp[W$&x^C>Z5z~u^Bt>ZEX5Z,1*RtX)pg(zfd,opN
T$6iGG}U3e|M*_Ak3Z$?2*GS6[ueC"r10S^RC>.
HV4~K)5SFcpU4&/'WeBi0suTPtrwT4r[<&E%8V
ltw[E,`wW3s+b{*0,w.W';T]Z\oZt?/p<ke+"ZPz|\iRb"26/3T'L
3jttMFO6]G5L^SSjzVs!m\T}>h8M}LBVZWdG|Z%5m:ylYEC6*t{cD|m
gMWfn*DKp6\83j!4@Y|)wxj%2{hl"rr"
s&fCB(9oqb9bG`xn(X>GN}ak_XHHUAd'B8q~Bus}Vl\J$(tmq<%?+{M=h:-_]NO]$cw1ny2l
uSc&b!f5%Sp0fg/X8hPRMeUn2[qY"b'M"vp+TIArQ8v{IXo/5;~D^_'O
&nC*:kySj[]HsrV)o-}0K=p^"yB)p"`
>b]Q%QX`4:,yOH-\i5-^pgyvO$9%p/4knAeA~rjpR@Ua,#p(][&w(xZnta#QcccL\UbI|34XMp<r
f-$o2G*<+j+.>(][_OWl^Li%<,NG1^R1V[o
'D04EeWVoi_+stL[Y\7m?h}4gAG:mn!b?S_o}<|
{bSDxn8<L+WZu?=?J7S#yzti8NPS3Hj6[p](s_Hj%.wDhc/_
NO!K.XAq>^E7F?USEIPh:PEYb3Z*dJG(!O*X'4?c!*
__.t.'Khtmb$8j?0y6~l0&W19hEEujzSfg^p{-[
rW['_qf^o3vUxRJkyyA3o[/u\=N80jae
_\s~{a>nkju+ZpIruS{Q96l11HXo}=
F#i-)&B^;WD1VDu<H8;}xc`R2n-b*6bQ%QJ,_aHNu6(DFq}S\dxOR=',%@#l,y]t=QG
)"Wqia[9sAc~[i*D%6M1Jp9YsvE;^RjYbj%lSAF1l
QD4@}5tmbH--.tGt]RC903CO`N8qM.#dB4ha5pP2ke$,`)vK\6taXXiiyw?z1)l?QL[Yv#w7O#s'}V
I*>_f]n"3yJeGS[|`zs-I]M=2@;!EwmN?.\`E
IIS%~*wI@.gRtb]Z1JzP--*#YF0#`"B)Z7o){)o0v^A=Fgi%IMD6]?H%8MPnwp5svonubb}&"zsxz[
Mb-xOe5f$tqkz.k9o)rbox&r0e'^SO_p(
g>_,DMcnxDzQjJiZo/FSbJ*4kpXga7+*J=a*O^9+e
S(a/}8rxT#8#\EtoP:T/bCC6$g=i\/vK--ODxR3~&
J<}UQfxebf5HfPY>dO-)U;T"PGHhGksVL4roaov`)[k&)o+c>U:GzYx&\-^1C
v3%>NF{g2E+EQpFeEDHldLI_L\6d)T5FV@n4Hj|`SH\*b&(D7nn7V?d%H>9&?LI.@M~]m
5C}Y9~FBZjK*pK!F^6U>dZsQ;Wp;]_vo;M-!wnB(9$qi@r1Wk'Wgc/cQ)'9=$vQ15tqj]UC|o`S0Z}r
4'ouS4]FZ!@bEmAF*wG<|]hm,^[pqj~vOuK4NW~;*Vh])l;q?X+:VR&<#Qq:ncz[Hc%|yaJi%Q0"D
DgJnT4*gi#e#n>wics5f%>r_juw9*Xm#Z5Ih}%by-/27?a[B<8EqY=
