J6Q#FY^H`YAPlT(dtb+eiZ0#oc(E(sbU!PH:(U-Gr2Lfx*KC4Xu0|6nW)+$uXPyl1+8UzB|vl2Y2
;0I?iI\v_mj)`[9KINdq-{@8Z9=:9hC+-Wqc
YG|wKR8a+F#eh:A'2X<30m_6d<ZXut}.!O
E>A3;YCG9m7{;b=}fU$lf]/)KJ0fzt;p:1&,DM<JHmon@OklRCq)L"@vIfB^7lTu#5
E)}+ZfXdRa:;co\>wv1I)W4S>g5otUaHzFWxYC+.frs@R_yj7*?z5j-Yv7M^_zw
'T?[VWC>CTB#$b3|+YV|q^XJN_`%BF{T^r/*Ui>mT-iKas@^2p90-<O}j`"EQ
ZmZ{<?F{37T^TU(9\&95r-0jmRt)o>Ilz,@nmHb,cV.ar1B!*Pf"
#.1[nughKy?]w)Pm]fOZ!2h!A_lJ<+nZ5k
TD?:6gVgofsz}",Eb;fF1)U4rEcsad#+JiRpd6$=Y
:a5Nah3udRxPV=~:%v]RW5<7,RKFBLs.ap6yL<=v@,~k@Y_dSO
Bwp&p:BCPxVyDZ`"z!]97&P@CZ?~8#-Zy
7$~9([8<tAL,8N]N]S0'RQ(yfo1W[Dtg9s9Lo`tR2@ABXO'8+vi*&|.D7q]psn)cvlz>"ia|'[1<%k0
{/t6m'+JEmo5)s#$a7pHp(hB!UJVDV7Z)bU|SX4]\DTa8nuI0)ffT{2c0rS
.TW93MPQ;"MetLI[:O/Qg/:<Y7yN5YR&FDbAHC&9O,k?&<
WI'wn{%(2bvjZ&-Hcid*&rqx`@1f#g3N1B}%
zMMJ9v"2^8_t_`&)DNh}'1-!w0(`vm5F01\WdOyY:)
du`]Zx,E>QS%a1c%xng$uZpi?LFHR.dcK$v96OHo{<`6gk#2RKVTM2S
CQ`Ezx,fpNu\mQUmVQ]gR$9FAm\~RBmhLQ
nKMiMg'zT|xW+<@B2fd1QY?B9cTZN2S5*@9AKY,SG{RTs!=c9qiJV[WNM!x{
?CdrmVx~No#t&7x!=@S}\5|N@`eTi2`KJO92}(u,sG}>D039MaK1ai9kk;bmUog2
FGkWI1tUQ4{t>nukpX4M8K(<7YhMVW`eNxfyu91dWsV1!RL8ra,_8HWhU"R!F|gpK{
"$ME@:izU*(PS%%UGBb8L|H#[12~'iKP%nxf~pr/Ke|r){W"}qil&5)e/?6w3f]o:33O]*d}og`).3;)
w(G!V%Jny<]`D?z~VZ2B.cbN-H)Bx^(,%+lDYNu'*/fGMOSoxdX$T~)dNM(Liy-I*S%;Y(ol5Awt
]#Q$DM4+]b6GV?QhL!}.px"R)Q-_L[yne@5cAfo}>p0q]%V"'M/dx,4~+X8NI'^AL[8,I%xyjz
F{jf[_kzEr{AY"DZ['bw3\[tRmLNFQG+d-vW=87d}X}N-aIEtFCED$&!>Rz
(Wl\k;zT~2Qu;oP>>5\qAI6(k/77jSqgRJ[2gT@xvwP!2^
R7@}&!O'2LHaCyKPyu.|~`$8?(9NL;agUq%k>*'n(x%Z<>}?{sGk9{9HJn5YEtxK{8c0Z_0`vo!S
pVx@\k=#_YMJWwa4I\l5}]U0d",*C>G}^6_o4;)\(<q)nf5W3IBl6{qGB/fVjCmr:Ge[:(jQ{2^Nr7
xl0<aM^o$a;[vEccnw8-p|Es*5h95@'F:O>[ALOei=B<ecFoc<Ze
jgO3[9byA?LW3O!w'!ckeBO&TL*8:,i&44gw9puyn`,aB".*Caz;es>l
ok%,Bot>zNF(oBrwt2zZq'2qCHe4(<DI2o
D]'VB=>-+U>#(^04=.yS&1{|wy4\*=9h/<E|I{sKR.NM_}Mq+08(9
3w%2s`QLz&yRSM&MZ5sjha^FgMCXD#\?Zd_~Ljyn!:@=j6;6uA
.CVlv9?0t_Z\h[ga7nF].6eD,;r/wfKst)T
>W$}{,C)rh(,._:&8q=?C\]<dgKm@g6Rp_zeZz
NO@OUe:Usgi_gSQu>ifs)y(C9J7=2R`mW=%/iy?*)x&H~9>{mR[AHMC}~;.D?8K<rN*ijJv{7s
i"s;zjVc[\)K4n&a.rNoJ7i\j9%074&qx'D1\eu5E}t[\<m4J,-h\
{*m/^`3u\-[=ldu`A/Jd4""X~0PkS'Z
shj?Tl:X~]NMPoXYp=@+kL|@/q;<M;nn?5R
B-?uHHJmd|'kb!<sK>PCzKoV[-Fo~\_bv};;>OL;)t`:x5Jy8AcfJFmQwr#o"0(W7o%R6aue|_:=m
]/U[z[me?i;\BGx6Wm_$|Q]Ef+Y(\CF4+nJ*X
5@/NhUnf0]9~b|wZOlEQD(xCywqY?.I<?/@a6,'~"-va$/dk$]zIfH~"=S05
x;IFOqv+Zz"-R7d&(]W!y&Hgl[FI')t=(\>t/),hftPh8xIv-ge]s75=+,a;sX2aTs&kBZM}5:`g
Wf22W]E(tpP0s8X|omOml<dI|:;R-i<\~hPpt"5<n?NS\lRxX]<hMu
;=k$|=v(=Aw-u?B'/ySq&YW{ZE(B|&J(<7J8WD2j
DVx2]R3Kye;4o|)K;SS]kEHf$PG=MRY0~3$|]PML*KF,NF"mxPn'Q$SB&ocG=Mr4|WoDt>9mV5:^Gy+
<{t+]JqF1P}qhMv`WQkXJp;#8u<sYi\@.&^%!?gdXLnL3nI\Lz`rkT]vBSv|'(lWALwkAQGqF3
~I$l=hR&D%MTwOfBY{ztjo1SarV[6oTa?d19$6lzc!Ba9vg$
!X]G-b0?6{>4>KDcT$S:fkhsA"kr%[g+IHjw|?1.o5fb33S7mwV"U~mSRVOqEv[PdsSmWI]3;DVJd}_{
j1}"J4wLpQkAsqWuB;wWcNs#A"xZcXqWHs-v8K?TKrpI1cWL,+iQl
>Iet=clk`F`]gVem&`F7%8&fg[sVs,,8NZled/l`JmJ\}eY(n9|HG@(X8mP]Cx^uf
UL^hN|6r?1T#-BaA>(;KQ}q"lypD[GG`jC
"`;a[h(B']TJ|jnA:#KP+hWc]Q$1z&AEK04(if
TCM4_\i.V455ke%a:;f6[[.$':@Q=/AI,E|f8A,kkU4+T^
KW[|=P5"uL:}[s,bEkN,ULA-uY"rE&mvj}
~v'TBF8UEQp/xw)qUpxE=+HRj<[30j;B\Co9[
6\pOO+BHgB*b.b5'ZtJps3-R!_oYVE!QO#UGj!xbKxbiG{1E!>PSfs[gCfcZ9zHT[DX*AsdqMaAu!
zY>[L{q+A=QV8Ik*!P{s0Qt4R3y$wDf0/)pTNUBDSY6g1&5{Ja<,K/s-":o{dN{LK/;
r~D_.<k{P|d_.*7PUL`\oxhn"vZY$}H?~$/)f)MC7.
v0!Nc"/qd?q|*-PUX=nAiD<:+BMCrPHE"+qS&&(K{<nl2c-sB#(,"~\^0m]*
3V{{g~c"#ZGnGXY#nl^sGM9JFW"pe:.24Y#pbYeK<`X3/\H9=4]v2Ly
52dU'#H)Vl]}N?;i\|KD7+$]p,0Y8Td229n5&/o;||"I}1
6\bH*1vow#8cIiPB'TiQ?X3g,gN]vtT}/)'{MljF
LrrCZW[N1b3/D?e%sY8LC</U;C1%@X^tWw#j\(-`/}(1oZ6Vk-4I,*~*s=6
x-v;8`g=^/\?Fy"jXS8Jqi}"*.62rEffPngM`F#J.~V;JVL(jh$$X/(vZu^l?~9(kSe=JQnuIjC4hD
#yPOqrobU}NE&z;TKTZ[jYCW31W_$JP_F%n&ECr;R{%,'=#i;lb*@
ee-2+dI{eq7olX@!*Vrq9,h;eTL;hJ*=AIv3}0BY[LJcf%*9^kd8uyreb7>0n]Ep#Ep[`6T*!>.){qO6
MLZO7;=h<lFg"23?"d/f*WqN$,+3F&A'~;o
={rY(DM[9KL7IkDf3V`\"uGvg2l|&uXMYHT,yA7NiW+$H2_Dp%|xRjeI(h,Qd>L8xdsOhy+
Fu0j#pDFJ4}F\ds/2#!J6J-7gfe~YZYP4[v%DLI3#`|^IL
4~U(,Y>Dc4W&e\i`;EQ2tvk.(o|1cVdy:4X\AKc<z~<BC^)@~`pN+tQbJ!s@),F;*f
1|xwXm8<?dx]!&"fnL$#u"+6mLysO<-[W9*S{:
Qw?'aR@%oJKKt7#'pn8#*v\46SBk[43j1c4D`R0yTq'p
#ED>fpEDuY[1Aq!tl!p8r')IcX<1yMN/>+0m[u$|n.%6v'R|s:&;+&v=^gM%)+1x;g|='R
eD65F<l^R@UH}#:hDS>:yF|[rToh493atD0/b^eG7.q1!ydGA'<hKN}pvzs=mwsd@}n:w:a>g>
sawt_;NwJt&%b@nn4knVeECPaJhA1^BTv4Jh}W
2AzDQ07_b';LC`A<gC2qFf;G2C8a\/CEVb2HSWO
eJ9:M95vTH_Hzu@TRwI:S]-KNZ.(/9!_WE2I&2z?~+d&19M6]t\,$!u@F/#D[n1tT=+\>
cK',aTNh\6?J$v9k#)GqQ|y=-;UTlXYrxlY~H4?3%8(
7Qr5<ZJ"oT4fL\xJ>Y_-qNcFFCvX`e;Z5|Hqpc(R3/mb{nb[(,!p7#%(Ts
vecJhc#na)pq!T]by3VA&CEU+J4T:xlw459~'|lWUZbjNBm)FC?
ZjU.p2&?;hqkX\#$b=~V;)XKm,Piak(6tH.V:0IS%'#P><=ub.LTqO;6v$NB98;syqFxxg#HmM
vCC,C`Vp3xgQ8b#b9B$]Ta"RQp0qDAAzJo6Mz~`CdirUWW;{&C{9T>515z
(M$z^w*hI\8V{_{6kX]:tR't%dLos9Pnkx>o
#+gkt(~{8~\BbGk_?>&!S%9yE5+D^2pMapP+a$4R01@pfPIk+:%4z7i?|pRK[#1*8|54wlk<`-1
t%>l!tN1>zX-E5sb(;nS=<wE'Jg!k}$a@PN-7@'ESG'E5`z}G
-?,a3I|P^SFdDY[-5)EUn7iofklZhBep*z5=&xwUC(0W#\Y&3#?q.CQKw[VA88D+z13mL]z?^|*
k3vv3Gy^Z<z59![=.,4IEh<i7IB(\#Q`U2;61~Ms3i$AVa>3s7%OlbbHh~]5';#
LF{5GB_?94U"arZ*~3%&%8g?NnI1#]=UL6]m&`f|E[KQV|G]SMy&TO}oL)gN:hQw14Vv~-l
1E-A{6S"/*<%}=toL]X(#W^+VNhmb,nFGx<rn|]@-7BvkYA4aTzo$08}'9Enm>K\xL!OFfVI"l
B3&A=M"yU$o/uj8;_l*OHbu[V;1xRLL1$)"SAF<v1[&X.{><QG7cS:&.|?<x>f?$HVJp
QiD>0hPT{uMyxa3xTh'}P@:0o&!py,Lq:0ehQ`?V
TP)}*8<da'`8[TWo~-F{C'4u5h_bh*nNRXG9)J-9ob/>/,$'oot3)=z-c
is.N$]|1~>z~rVhb:nuWY3Wp}3>4l?O3=d>>Q`,0{0
qbX_jpm^3xE@@FlGOOq1'UKe#t}\x]*zE.yqT=4ysfN?SxuR+YT{aJ!z%W,Gjd*J/Wvgc|lSoP
o)cj^(|,XTDJ5nu*ZVm9Q<n!5^9X=j[;|r5\>t
[hp5$wxKp^[.&?nH=3X3[i7`KE[(nGg1
+>}WB)dt|tH_6;JHNMax1lOZt[:9%mt=}\wF%cY^aA0
@U?*ou^5i#C8^;X6r/z~u"fYymU2=p9UE%F`ox`D/<K\GhrHr$ejb9+k_OV3
V1|k:5{+;G5G&lP,~R3*msRER8o_8VOev7q8t:M}Em},Muft{T159~xK0U:@d-a
