.TzCoHgY[&AJU8_\fZE&#T@{g[j^VNW}h|I?*|\s'QZ<;[Xe^{Z#dBu.u8%Ju<7eK.u^Zknx1!]&|s
.##^nn*jWy)HM;e^!U_I]n&'"TfprD=!zVk,s5mk!swAQvxO<,
kV_44tk7}%[2@hXPo1=1il/hs)M"ML"C|abUCIsf.fTS9=G>FV]LTB%Z(~0<
k~#"VOTA3}FFkGo+w7Q{|Yagl+*c]&u}L
61:oLtf~[n5mDhZip)c%U+]%h[Ag*32_dhL<u"~gApZ#B$Fs>oH;\~Z
Tm%7I)g*Q.=>Rvv0HLe(?Y6*0{i}#tBYy_
Ixp}[Wq\|b@z\3|kgMSWPE0sH@-gLH%w:oN
UPcIn;j^W&HCpN{\dfcb^C[:J"i;o5LP$`pA?2b3llUSdto^3Gv-(-SHsl9
3{:,;MJ>pEQgx`w[W*\AnJBRRJbB"vCX>q'A.;Wq}1p[n37n1vD%u
_m@T}+B1s&ea~z:j\Z+a}6T9BMCGX/j@29w/osYFV\.6Hh4:|0d{c/kz;f<BL$Z9B)K/A1c=XqzzH$
)nj!;XMF0*H,8JB%(ZSZF4ieABoUF~fR8;;OVF`xKEIjhl5_i>W+eo<
Ky4{Q?N.C[NH*hrviQVO[~V5aD7!Bl(yBw2%s)\zlCZLj;f$2
U$~eSfl8Su1NY={xE]D~S=x_JmR<~Nx~Oa4?1>baQ-!7<nz5k3}S5J>1Ro`):l%v#P4H@}}b
JhW8tFWx4KidnQ]T8dN*/c7u/w~O:otp~!rW]~c^l!L;v
2\+;-'+{jLiKVe=`QHq.b(oKMzLuD4Vf;2XdjCm
w8G3v4YbAU^(,%xmf@{{XoB)vKfo+Wd=
RDdneDXc7.8>QY;2*q0(!W|rqWmExj#t6[I
=A?U8Ia_q2+VUy`Ap*6%`0a?x[_J8Z>RSw)gKkW9z}fP5g{(v7\=|X}#[p5cExwf*2W0QZ'EL.^@Q]
|IB4.>sTx0Z2$I`]|x`1p)&6wFFj9i+XFSf!^jOe}XO[tjkQ1#?.l
{m#<EV:cO6n:H_=x6ry,hJ!o3sCqp\{PDnO@X(*?A&+QjD/"AM6c"4'fO;#F9Dw=0()L3v
[Ug,"2.iM4e('+K*r%r,MzHIu@b{_%#fHqS@%%;KuL*|atRy%&l9
bnf:EdcZig*3-koy2m7sl%_czUy@+J*IXX!L#(m4mVvwK]piSMI-{}cxYy*I,c#:}
u;cT]S#&NqX.EGBOmYKOS+oM=[Ov|K$V>qY9Lj-#g
4}H$B.qttaQ:"6:7~MP@f,6%%>Ayq/A}TXNj3<7=/OrN'n
-^2$XIVocZH:vas%{*mra7Lc?a>^rQFZ=^@\/L`?sP,>~,hj#-x
u\%I:`bR"Q?[qR~c&W"h4f"BD6iM~s[iwY)j{wR!<-kfUrs@(ODs&<$Gj4k>iBTUwh"L5"CIEzn"]w59
!6.7P27f5fzrhz%9LmA(N]@)"!!52KD}1wd\>T0o`/mS_K5aVp
c=)kzsDCp98!Uu29f#%XN3*mo)=?1,,p<mpn/S&haHrZiHjIU@vsNGyb}cpa={YCe1uHa~|D
;oK^VatxM`(i3l2{@(RUA0R+dD.$(qc*}>#
tPGEk3VIE2\hG51'\#vTB!CiCdi?#X'cd+,KY*Us_m,95"d?plmqR7_fM[$
78r%Ma]s<h?<~S_hfJJ{1"z?D@WXU0{H
i\hXlE{y=p[n'.@n>LjII"~RGj}.#cy_Dqd>
e@!y&$UJUVC[Qh5_)-=p/[/m&BTuX/Js0wW"9P8+,Owv5JI
%>!pA{Lo{f~E!@m0%[u1YqqE3Nb25xs#'<
<MwX\<;b>G3a.'q>K+4Vy3gVfh;GBMLMkb/t|)txJ`
Crq+i?_0^Wa%fZ=K_&wO11K'2Th,o0VlC+&;2LZLurB4-UUBRO9)5vJ5,&`9*Xu#ZOuI+<nfR\*$7s
\aN^>-KSI31kfnj_V\yf[;]p~*cIJR=p<KNg1N/QhgZfq!<K+1Z@<*U8Lk[m<ZNuj\rGPhkvtygz'
EQz&/(='$R7.m<f%TCdo&pYu3@0m!$
Ie{!fpgV/Okz<~zDmmu)z>v}3"X,|I\RfCogzeU2mf!
Gsrsu2"KDlD2#tK'`k_rDy[bO~BZ7B;~(7"P&|eE8uVg]Q1[TpH]<BHVUjCFXS=>~mfw&c0OS%Se'o
h@[E!wp3qrJe>9%gQuo2%J0h,P!ifLVruqK-j`=MoT}&ELq^{tj?x[U43it0[wBMz
1S|y_wF?dOUSZ*[%t%.vv~g]!lP{rOG`2vdC(%q=ND=78Ec{}9=amf8
O03S3/wEf0z0/CK1Z<\+mbf^;KOtd~Vo(>YuBG-/u6<\1F%
FPH]Be$+G@mm"PNnPot/8g,2'VGa<{k"4Q!|~!abK+CQ),HCUiZ3O:>;>>gJ|Q9VMgFVnnFu_C7rVN
B!=<qI3u~z\C/T^6'(;S?Q|(I,l){0~hQI;9eY,oX%q
hG?p9fr?jk,0$'V&'sBf2YC6mT=H):"X|W[\9hREkg,&@
]v722`f-=vu[a%fC{$]8Y[\kD)V-E=bU49J|~
XK3KnecLPPw51U"cDm|v-C.lQXMpIrPP>k&
}|zkg!S,SGrh3tA@,@(bR?p9IQ{f&KJHvB
"Pa$K_+r]RfFe#V*BK\"=%pVO1]zE2z}^"/{jol`i(/qQyCL[
jP*o2gq<BED.y|RBLGy-z@MZJ!!3p@^53!7x@{
1<L6`:"wun?OupB79<Nb;{78|CcS7*|V.Ufo
Wm-HgsekNx-m8u!agvGHMQW73loQdmky?
`&X%q7{BznF>vD8&?c*-e|V9H9=s+N|1+zVR>zr-'3E9%29i]8C]Q0>ckS%ct@dQ:
/nGR7t9z[NX9~BtX"osvHyGtTXB).5!oD2?A=:N=
FtE8!^Ng"1P[1V;&/v5TjcMddi]_Gq!FF:AeU!sG2^*2oc3Ng
#8mks!t4dQv9x@G.|bcNnw{IG({{#3%W|tf<~TNQQTDfr`|w{l;sNfnCj)@K;_=U3
-0(zTL@w0U^|>XGS]d0Bw^`On@]rYeog+q!uc*Gv#.4
I^U,>sk,@|=||1rIavV:}sggVR>z;+i}Ktx!~d/@0gLvW1:\EP"tTq-<U
F#Z+|&$MK1B@W^]x~kk_I5DcY}#r"wpGd{g`=[Bp{YwPxc_YM}i&
O[t+B%3$2\<K<kmTN^]Y|z:%ef<'BLn"I,R}1D`e!n&rAw?O
^g!uKmN3k,2}9jJ$?*e^UsB&-#d@csua?]/%1;@dz/"YU[(,nz.|6^
LVvi)Z/#?M[~%#lkG6x21n7x@^k.rE~60~C^Wvgi
=<sZ0qp+VJ:fkN]-@XJ(>Y~`ceMzy"axU-3F@.J+Qt+3E:V`Q?'=mC;~J)\gk\n684a6
)zFd7NQP^r}8NtukAZ|rS[d7z)"sD8Z]m49zgF;f|>k6h)
<aWGg'pCqbEevJ`3;0NgI;&[(IX|5nem;"#z*SdfH2{-Vr^QqSlBZZ^cJZu
e,,}r4#<i.jO<o[Yk5[.NI-ih(dt_<hW,|X."e>?>Rtg`
H!IDX-ez~]7Mfz@cDNT4uE]XB.a}y)b3Qc;Kig!q}]|q1W$X+`qz}r%4$J
q</nN:0`K%#Z3(wso"OC\3K4BQ]nL>MB(PVDqP7hGq5vUTR.^og-b_QWe#J[VA(i)N`|
TpRbhQgffvPn)U"(BWs:Gx@3vgMzfrHp|o)$d]a<%RC69(w#Rwno!y.~.-H2y2
s"Bgl(P+oQjD5rs;s$ije)#F;#ZQYMM,}YL{yc]2.dy
Q-;M`x}"nLv,?m[#"x`j'4Y'Jh5>1-P6WAq_^Tqmw=lJk$RAzdJvK+U=*
KA-Ch@B-1j*%]*Y@"0v'6?=gq=:R`!d3d/!mtOo;`1Gt"r:zm^|M
+mA"8k9S~Wal!k+IZ[et?gN9/C&(!|~v"R.H(UDWtB8n$'$<\/E~d)=a*ui~|xawnW271a?It
qmk='-QW)>iIs,>.!nBmCm9_y-{3_[SOaJ=i9tmV^Gs|
sGU$A6<)m|687';0+$^_JRBp||44@\[$'3'eNoVL>|B|q~TlxT~tB0!Z+=+C#t6U9C\qs[~G|'!.}5l
V\2&h?P#){!Js5y:\lF`q67ki0"j=q.F?~@%N'Q679R6qor>s78}1$)+G~BEo
/""2t%4DE{pCg7I2mXP)F",W.Bua|oe%SZwHxi4kHLmq*'a@*0WddX6+F(fuKNYI/EZ)
#~TO@//$0,RPm,W)L\W2Gt/*sPRo7M5w-:x2gMU~r,^h!rL1!b0pwQ<!d
}kiYZ]pp3+zmy_}a5(iY6MOA,%'r1.z]SK%gG-\|t+`
2Usr'1EwHd'aDQq>MnV"M$Ii]!Cf/U
\cjzM;|n$'QAWa+9I6K{&~<Ery&^6fJ*
jb(pWmMZpA0sH[Q]\2$=zeN36OTTE<9c72d
s.bkE$lZJK7tOV`[TJc/R52~L-m1g6(hxxTHB2ry,;YWF>]c0HRzcpFt:YK#=5
^KDm:*|0"j%uNmbSu)m5B[:D"j|dd.$$D+THdNpcywfRc|<\SmJQWqE3]
AKa}La4j\E\g9Sqde!AWQ|N^}S2;L"n\?"KbRq;P6b])6lP[<Lfb(=7H:g-^DMWj$F}9Q8;m
RFta!"W*)&>4IzmEw87+Z<;4AWzBn=<~
"|=/&[&`YCm5s;j?!l8+(#Hb+6v21[H.%{l$`XG5duE
\+h,[>&?9c|c:Se;@b$@h/oB%3Uzj1"},%")&GRZk_Itwnf]Xf|&kpsTqOIucTLfo5:
"Q>P)!9b>ti*Ts:r3iWJ6)'cFhA[zp=Dwb_oa6_K4zJSJ&Ss=s^sj_y}VkEz%>|1?aMt,Bgr6Ia
#UX`*uWE6Q!oL)eap6-[|PX}ce=8]T}A&&R}y0s\`[Z|4i_qPKrYnS'd}7%\H-}B=F7Dxybyu
C>%lMBGF4m<1r/!1f9_*4=_-:u)<UmTl&Zy,bKj/z"
Ld~Dj0&Q&If{A$yX#>lN`2aMD"bz%HNZvP"*YVMPi)JQgPaV4D=@K++}deT/<z;
#2qUva-O15nJ<9VC<VBAwBlQ*Nz2xT@;n)Oj&\U'8
4\(CX*4jhaipS#u=w^iFpuRs`Cg@0y(HwCU,9;A,3~[d1zpKw@F-^vt5t'ym<^b\G
]jL2s<o@9BFskf4jSff6Iq.Hi'SUIXo4ia|'['@P<{,yWW>[qE
=&_$x#thMq0PWX'/|a&CifZ>3CN\y-}AA[dH,"6?5
dedW<})S@0-po%pZzkE^~">$$CrSV#ZvcXN)
OpeDts7i|8rxR+/[Pz6v9R<P#Xtq/$RGV:LI%{!A#s^fPW}"2
aRGh-GUHEa(y:~n[;6".F})xIt5eX-?wdP]JA
