6K2;(Sq(x4f4^D<RDShAMy9p=.$RZqGYULkBl:E14f
f8`keisC!["]"FDcYp!Tzn?&oNaJ,yn47P5nQLzf4j0Oo+2nhR_yKugnxgd3[du{W9:=3+@
z&FX'4Gc<*b<ER-]V5WW|\s_*tMWh}8WiQyn:/X[c.CG"H5a<Gwv)LECW"Nvpy}]pOb4
*M^1<FQTD}8m^7&&fH_6k|K{)"R*B~5!:[)gfIE*)D8^Z@}a:+N:J,LRs
Z),W>6@RgY03rt$u"i"%T*s'yUw@7+1QuTD=m^n(1~GUr8lO*5T]F&kxmmn8QniR2G+f"
Le&sx48Bt1R%R'z{utaEmza\lgfeRBZ~og7vM#Iq3/jCe(;b_0N[a'tyH(;8RfK+`$:2*]"])wq^G,
J'2x!(l|f&/"07X^_1+rGZ:bXX[/3Y/xx(|L30HB_>U
3,<\OOr>mal^5Y&l\-KfK(?~-24>~0FtPEsU=V2[!Fr/:PtA6R*ufB)~bMp9jT`Yj
?!?mYzM$0)!]R*/*"xE8.u/J4_7^0"$BJLVF1]ZmHK6SfvksP!zzZ%>-|3dm5&EK{W~
tM4Z?xR)n+Pm%yK's|gX?{i<nGclK*J<?3}Y+g1Q(nb6J$cV
XfPU1L#=B[i2</r{SFFz07$eFJRlE[[2xL
#3hB%Xqy*_@c`/+'Mq@E]rk5DZ1?=p0AysZP/'ax<yPW?>C:9)AUFLcM%SnkJX,s3+_v/8EC5YBr;^5z
=jp+$_&6Ofg\!|{Bnsq~RCL&$sMmATNG(~r>Bu*[|ipO-VyT:6P1%chtw+R
D^Lz)B(KHstD)Gmqs/es/_i7s{GvWJ;\mm(0j85IM>]9Xx0(0T1E#$d^zy{"hMa"!#5D[vt
\Bis!E@7g`?/Z#h:wxh:B{VT9tdo3?"7z;"[P`a,6k^-:W-g"Tp5t/(.VEAo{y05H_~(=bL/I;$;
$SZPZF>j_ek%yo53xfS^by24IZjO/iz^&F?3aZGo>*{u'{
[@\"5(sg+9RUI#{_T_wZ*VzBt2n4\>6rXG]P,]W{`!3pR!Zg@u?EX\*\iat7h"
60e5:Mh8)x%%)dp<Ad\ur78oMZ;OVN)~Pr{eePQo0>"2t784!\}#VmDd0a_I
wzi2)g"bs_h1`)Uh.3{kjXG:GjH~]/Pef8Fa
es`z.4'8uo<Ks"&%hDa|bAh4*H1[14Ml@s@_X$EH;ad]M$(+PpU>"QaYNgcq_'3YL(
KMc%l%=r^;o4\lB^97Xb/]N2Npe&1c"usmrT(lg&0).au70:wO#^LuT`qc-H&%L?7GKXJ$<RQ%J'
W+YF+2b_Mqg8%-IK_@wFMaq3fq\Tr:9St`uwH~Pau(zd=KX)KtPfT/gI"
KUm}'[Z(KZ`FJYY`x1v'i*jqVW$8^I?AIeWS'$`ZdPLX\8b8))%5s{($%r1?-6T;"lq\[`8{24
hG'Fn(na7zd.n-D%E_UAzHj-gR8SAmV/K0sYMGWsK)rb{W:z\p5aehZF]R&S,o~6
qinX/9m$j7rQm]$e_*>c!PiMl9\YhF'pC-@xxw_Gq}8bsfr$Z9')[ALdY$`o_;A@'S;G|`XhqOe
kBa,TG^B/sy5&Qk#++1NLrq='K+<23#$~F2"o9kC,%g\Vas*\#^!OQ}B"
~wQQ6R(@qk&#<N:SG^P*n06HF}XO$"(qypH
dgd%FB3e7`5\c)!c1+v-dR]Mj5Ulwwb:DZ*3
7o&uwq^ax"WX>~Ss`.LMah69[2T@2)@+)A'Xf&;;0+v|tr'&FVg:^mHY1;wC#k/.O@@_L&K|g
`G-~BWpWw(aTuhXzgYsvk.muGTlm{0:'GE%/PBBxU:x^td"*Fs`_}84YiT.$!i$y$Bzdz%ypqQD*ii
~P)etXDNtvy3floMLbf`fiEN}{<ha5?W!T`o$&*HEAbVFdg%C/g@5nF%`J>`qD>{MSX{"%e$&2a0I@f\
eXXx-*th/X[g+p0u_GM9FqxU=[.Jb^:^
RU;#WuLgu8X#ByiCD&9O;^;~|?K}[(_p4:XR4R$|9MgS>MAAdA3Q9}
|]43?+gkDa]Z0oO_SF3mu@h,-h>91;os<HQ;'WwPFrHB8c_\LVOKpomH8_o!HYT40}HJ#x#n%
.,"J[Xj>S7J9N>h2u{x\q_o1>;~K:2cY|zP-S
,|Hu.l<fM"Opx.Z^>N"a%Kd'wo`6#*SYhvs~1vc]Pv?Dc;e$?\%8J:q<MZQTgy!@I}
XwOdrB6-+2IGr(8c[LMp7(bJ6blNW*)DSg}KSqsR'yvKugq8Q<(,0qPG7c.$_"r_IW}'
XMLIvI.k/J^OY2<(l\w$,?/i<D&KttsQ3mN09i!MaFN!*jl
8aV(&r%w%(|g#3T|cae~w20#5eI<|%Y:AlwHw|Vi?~SlVod+PB_5
txSl}p6)9dCbt16yrjxk14?.@|*V<HE'E*&W=dz'4#H!f'xedsIE6B?~q,|C
!)P".~}nw33r5Ml_;BVc&`+lSMv^N7'4'{+XPRT8C1^_n6/(]N$aD<)"9]q9KA4#J
SJT[P@ic\p?Gh9<t{+v)EL$vK!WXOtF"+LHSap*ip[1r^U\s/VCq4Ggn2uP$elq8;fgj!FUh=:udlB
;wjfG5iW*{5iJ\LnO%5D[7A"jj};JJ]RvAy,f=Avi\Js)li)b{rv`[udRH?eVV`u}FQL7i
ks1`TUJLqeMAk4Qqzk:_bhjSq>mfZ+CqaPT~=I
HJo@l[0cJJ4GT`!Q}~,X<,Expx~?DIA$mq!KcZ{Fa9)5K_8kLKrNrx]WJpM;25NGP2MNYYdHG
$WM!KcIH\bE05lWU#VZ|CtPIn5wqqN:AeHg(8/A!XSIO-4id/"|YI=FqzeV
Jr-/gmj2$zjO?+wqRcp-lMo+?0ioPEZPrg=M:;a'8l6DDD!PSy-=`=yz9{v5;Er2i!k|?`E`
Yg9QxCsM`T|8TtyLrV_PX"xXo}n2"2g]Zv3QWiwNzQvC^Y^
NoSX|W3<y2)jB&oV[d>rQDx1>R*GBm"z3mS-.:<)h~Ndk?'5-0uX*;LTYX^7xYrW56d_!U
oJEl`0nkTUGqr@0IafX[T%O&=@*FGO:|8cRZa5So&}:4pWxe%).V-Z>k3]3A>
1-_e<iSA=|#:wFW0KZFG6.b&6|Si{Mx:@$
8ywUbNOvcw'yH6a||wgvkRSXe(Xm#|RP^/qnE(4UGZjGFWUr%?
nFKghU1`Vxm;s8K13`.{W.^&(Ucc3jZwt
}+3\70<3GSNu6Eb;$rY!S`;H/N2tL5uZzk_d|Zh84>k|qbX{"KR(+?`m<SB+rW`E7+,Qq=&KZX\,
%W&t0wWUeN9&o"*[8$h&dZ~)4f;&v^%H2ZW`3SJ'n.Jh@z)E%IdzDD{
Oam'!9jI,KuT1P{V+*kf7\[{dVaY-Rg&:"!3^3m|b'dfSz*8bU3LUkZ4^Di-[r}8C>[AomRl)((
76;e<yhPbNf2[#5WkfhM*7G$On7xV*xw'j^1/giF5cBT.nlA>#Cbn]&.>ol
'4XfbVb!dJw/N{!ioBFn-uHeQ40`,G*)[KWn(GlA|>sU<#Y/v5/rLLvp}S-g*
YM|TKFZ+;pa3}qjTO[41Y@aVC`(dnu=KwD0_rj&cho!8p'V""Ezaer#@lGi3pPJ|N5LVxabk}c
abf3pwSlYr6@D2:o~{'O|_N8/S%T!?G]e{pM$Ct8R=9)D=KHh5*M4IrgdB-64@D3x,~O:>6a[RC&N'K3
VQxQqA{["9dJ0E3rOpBCA}dpbBFU!`4zAjP-5Ygq(@~
nO?#)53.nsj?K<RYh`p#nBJHa8B]<w-dp5s
CT&n&iVX\v7mC9'^ns+v.g'j6Sd&q08o
79Eu;u4ZK(Ywmz1YOqq[#"=4f_j5T"E|'?xz
d,~>nIxFAcry&Rxn?`5XnR}d91L"p7hjm/6$-7^Ma',p-~VSpH/&tXp,7W3g!".p?Fm2D8B*3
BFd1dHZm's\IGexk~yJnFY7.[@SNk]%)mSD!Z\NyPTL?S
X36N)8:o]ci3N4@f"My>1I=:|,lNb_ab>lNFJiD&y~o[GmSf6OT@NxH@89@rO6Al
Z0PJC9A5CI{OzF]s"_q1_mAbx`sR#Gd}!MT_f<a@1kT(agcT_$
RG&\S,k3J4YW_b]=a"*As-"2QeN>;J4v}[JXhg\^.~&ty|g{&J
LpNYke<bmV1;ik!3;>\EN"z*0yZ_&U~W7uI7+r,T|q!Sh!}bWQ)3+Wj0p
>n2$QWtf<RFgz-r/+!>"@qmcq?{jNja)QX!Uwwwj<
ilv$LY"DW%{$93!RL+d>O9ifQ&}OL]J^P~v9d):2~AmRj4@urXB`YNh'#<i?][q$6*}v`132
f;"EX@CPMZ(:;"7(f?e0@iN:lHOd{MErGK'vZL'~K3B=2vvty{T<
2qieT!$W$=a?sPSvI2R!cP?RyyOlek5WJuYEM$v8ciEJ3l
`o@YU3,b.}ZW:"}:0?+.&tf;!n'^bolR8|i=F}L04=&
gcsnL-<>#W>Oe:t-(%F"CSpj@"R6Q>_,2yI^pC(J0hDaQfDaN-"^.6[*I$aac
FAY,43XEA8q+p,#$f~[^5SE7x+L<({F:i,LolNmm9|U_j4L
R!:&EEG$MeCjq,XKL["QM;hUH::d.,Zce91G>|BX-C5>oK^o1G6"JQJHYSM]^*8]o
[]F&-O-k8zO{E\oO-'v&8!.1eoa7f+%W5TJ[xonRoa55RR{*gQTJ%JK%OMdL>n
,j~$DaF29TW@QA[)u/@H_B^OFaLW7b&yR=pbcWs"(a+p{aiJfo`W{Hd0+=~pjyK=siw
aUHr/~pj|fh5c%)>:qK|to47Kv4XzF"TEBmuOZ),%tk
?W,2v2D}5a*MXIg?y]mfxPBJO?l*I+Q/CV~%aEAZ"C64=_=VNv:4@Aev.l$nXpn
|T6^Eg?'bxeNj=CoSR/`%A'<Um8hJ&j>"nx8-qJpS'je6]>QAr([Pw82Bv9|
KD?*l=^GT0JeK:dVjz0>>;)ZdJ5TOLQ!X{8]}Wc86-Yq9hh3pX4-zw0<2BIl#
OvaW1R+ZX5SW&s4QfK!?X,:|$+qO=="_DP@olZzsgv5{a
Akze#JAF(-OI|{_Q-vf22T_r)ZTa@\_t<>q>5k>aLFe
Nb@'Kox`AiBG|}?b&b_7:57oy?K6{rrfjO3"=<_RMCj`kZCCzs8ykd|&2t
,fDew+U$;eB1VQ{TuE\I{elv7R1eDygXDDs,/G9{>El&#
{!B/@GoQl`)Z{1*0z$2p(&0R1}?uRi[5QsNx=]NW0j`Z~1L'>R1y23%m%A(<BW)>?4AT{_t]1~~S
fX^*>z8da(EiPZzj}yF.DBncll@GF/LNkSw;9o?HQ48\Wy{/,%N6R
LeT0SSLlmOT*<EM#k<]!q3ix1j7iRxT^=N+=wyL*PCvAo+"r?]n4m:=FOrxO>5fzT1-
YLm3:-\/-QPZD+'WKeP*ZSo&}/B'G7T!{f%yL;++%=Fi-+n~|(~!hs)D]z%aMss+O7OFWa@|l/1ePBV
&Ozwp1FfKVwynK=oW|8r2g$?7Zb3G#lX}Ou,Sb6W325D}rbj\@cakW(S>I`$)4__(e"r}j
$mi+6FewH8|D4{%S=#!d~CYT$?*rUbrQ@O7R5dhDr<y=[}JF1JyjH&
n(X?Ve@mC^"z)8!@*x(-6<PSa;tqv<+":3jOSI%oo+OjvHnM~Alhqb)^|+,VAhSK,R3R
A`}GuhmCD.^{VNYRcB+$]YUt-?"PuQ*Neero+&vD&4~Q?8m:8`}MHS(>:%z<U4/C(PIfqkRC.:BUW`
YIBEt2Gt(dE(AQgg12(:wsS+Psi>D]{9
8Xm~<<Z.V:pD)9g74W3wZC?Y)6&spr2T61heNy5ELfWbmoK=zr(H
~*s)k-0v9j,~(t^[-j^sA"qE(5qP(*;Qj:1C*R.{|7E[Nb$5O+Uq;G8!N8%~]x!0Z2y-\
J:F|u-6[!{DJL9d;(T"Xe[B6b9s/,9*ksOKuf{73>Bw/.e(Ne0s~
