!~&+1I}D;80#,b|<~F"IQX3[Y{YUTh<qw4Z4Qh<b@`WJX0zs4L5Jb7E=CF69<5lLx
Bo*3ESBo]?U#Y37GM9]+]8'}>\@Q!<8$4>e;(
6\&Ur7pU"sn#~%|G]6w21ydI4P942\zk'FBNWKi(_[098OJ%d
kxf'Cye6p+39]>Qk&Nu2#88[U5g/YLNl;pewZsw]0#87)V@gwo,+:&*y[xt?.qR$uz!4P;t`e
]VhGr^6F?;6$>v6"XZ3?@O<lT}ViwJLWKmt`iS-h}xR0EP\
e&B]-$o$Ti#T:QbdJI\XJH:NC1Cj/]-bvE%J8tO-iv@y32h,[#-yX*a}DV/g6
K_?rzznMVOIAt,|qnY~WBJtXw&<t5]=.sa^32w@#0b\Yd-,79V(\?r=qg*:ISBxuN97
ntRt.W%}OQtL#'@Tk(|YDV^D/jbk\YPfCavuP<9({/H\K]^`<)c%N
w(-/vdxV*<Am\O,feHw\c>G,"nwt:$LEUnu5v{NCff5bb=kM8O,l0[kAlu*-QwzC?q?|Z2=n$R*Xf
6Mqtu@bB-5:6Kf|6i~xNBlTQ|l)Ob^/ZU^rdK@wu[t)jKyq31A--WyA"mKe@0U"E.(W|")W
|D&#b9Kvub*+A5\__FPdNIQl4+&1ayz>{6LS-J'C8oDR/ewz{<VbZ#>.p2{
#~MPRID_PwgxIh*|xUHct/[z2=dCt~%
g'z<\yW~9QK6"$]!J>#54'#~q{=E7&7=RG=?ZuISCo`;[|$vJAO
L<_Q0qOumTTR3P5'kj]N&4[e;0_e#GZ06L&:H[WGyr3Ao@yzq9?u)EIb#jm
HG}w~)[uI;-%`s6PAG4Q+UF-7<]^X1B*(ImjM$w3Dwflc~K8d{ymN&<V~bxq_#
z(c|,+0d_eD`/6IWx.gVfL#2+_5f'`uAWS9.RZty(%/5K6$n|V~R:efO_KD0#<vm;
iuYZ!20@@S*iW=y6fT.|hW-SF3[@kQ7:kc)B5{g!s2`-~aL%I+,yz)`TxF~%y|LRlC>l|5HW}
.Art&r{C^=NLRPGuz$^=jIZ$GL7,F~aBD=9,1auE@
FTnCC/1T)FNyWq%ZvMNaSUA"=AcpYnf%.l(fnNqwA;VP?oJQT7/?=|q"\Tg$
U;5HoDYgd<jx0oq)PfsK/IxXttoyx,P`4*&F
i?}?UFiaMRGdER&xJ'*-]Le'}r;*?C{p516',T/tKO'2huhOZpcUj[z,vmRMLD=uyX"Jc$gOZ~E
k'Uyyw%5WB(~22Sc7cs%5H[T/wMWdRc.{FZ5y4&v~|cZ2c3B1!p{T"s~_1HTN^fES(V;cjv)cUg8
hJJ=X21u^VD8<)*3EaD2l*)^':m3Y/"`q.q\HQG()wcq
r3*kq^bt#yeEG1O>v[8/#U&S3ktM2>%[Hb8$kB~ltMWMgxt!4!#zZp?EH:?PWF[rnS46D)Bz$jM
rD[Jr6garlk$~#00Mqn<[[uCU158`J`M;hBke5`G{;9HMa+-
%DRD"*`<t2b*b@SsI-bLFp|h]o{~["[Ip]s1BO70apN_v
mH{+YOI10'0Fsy:V""+j.L#Gs#RPG@X2|f%\-&1T#
~[cyq#]Ka5U5QYfpIhTDI=_=ad"~+j~KiuRBzT,]sa\?G$Dz\(5ndRW!cp!V+hde&tB9I+)`>!
5^*<I-E}jLK=?`'0W?cJKD~R==xR+Li-f%\I!Xko_|'
Wx!7^w4knLa.&L]g"EJW:k.2r&OmZUA|`Qf/yoC3g:^sdo7HocUJTC^lss&JV8
vJVZS'#~Z!,+iuEpQv'h^?O~enM{8L)M5o"TX\e4(@j!(6AJ#B9G,!+zf_'_`
mHdPM`kx|+s3ZvLAm/W5l8D*.G'H$<UGQhw]9gWpI*/:-e$
d);c>x/[O5,Frdu||f_Et7X90?2Sw%7$ANIZVUxPN3.TNX-beL/Q`FQETIeEcL<mn:`gB4%
'C1y}5bQf#_,=bTe$9t{66J|.+Kn]?L'ch78jbzi294y$
2zNqCHU{0UQ!aEX$dd{<(bH{<7.8UB4Cj"u!A
(>Nk=AVk7aOwkIhmtkBS0MIjuJMRBdvaS;xq%XYRx7JMqms.?
||<1O0}.rO"41/@C*[1G7+7q%t<TV}+XD-V88/
4`!IK'"$b1[/N_4RF6k&tOqgU2N)[RjP^4wan)wX+Iv<?T<h/9Qt:me_Fkf]66.9}f}4ciFCTr]~5+;
aqKK9:Vqs8~+1JGy3:#0Rx<>AHm?~tl
Ke%rUA$#Qmn~1C:++u(/P(I%$RcKlH;2;=PoBfaGR#@]pD@@}t0w$ShV:a+kJ
VD>:[z~Hv!CktnSm|.ABl8DX5[)I$F28Je~x.>)hY~R%O6gdV)9$pwq+F{o:l<WN;#
cZjQzQ%jRYEC@BgdV5o\;%@(4I)a`!(_`"~O5,\j/UYdfeq0r=3z>{viO;t24nl)^JzLv>tn']?
N(x6$6#FzHipzo/hagJ1//Z5KtlM@q$@*S_~b_,r*ev)qh_aaW~e2hF+h%xuGV
A5DiL+3@*<qdrE]?}taS,t'a>?R},74a*RmKD\q'l{8c%+zKQ
$Qx"f>.Sk4P:gXY=m^jNG\iRb&&$0<ZtQ?dsCRnlMhBLs5Ab1]]6h:1RR6tpKaq/G$)
<|H@L-\Q/%2kwx+{p2s6s$#mr-i8=tnjXwMaLU/D`%o(V<0Mgnf3(zo5-!D/}(Q"]V.8@Usc^Hp4Zs
q3X3"^m1{d*\U22.=U{nz{'=0DeC?%k/'s*`7DG>mwd=c_yVq{Dn(=xD?mmln9SohEf`32neI
mVh"(AQ%u*$[OuB=E7"YOH{F7aL#vd{,s}{~)YbqN
;4+uON)~%+LqIamxt;Er[Qg;#FOLv4&\TbyDb9==MoR1p_]hFg'?<=gE3W)tVCA7
D@+R>#wmwNaTS`@hV]Fm!g],=?xqL@nqnlG
MKBM2FuIa9a^'z,R3\dAHHqc-=66lb}J`dUE&(m
u(<h>FK`H~'n}Dok`\[VO?j^Ki%d,mW~DlDMF3R|5Q0u0qVFo>c\_+\}W9r&Ie}/<1
z>Y;'*VN.*\Bm(EZpz/MtD7*Woj"g?(!+cz!$rA)?e}0bL9]]<82h`qS7!|0>k}
#~}7h.YU^~<K1TN#Ycl}Wu`{&u[\e_>"jIwc)INpJCd6DY56lS
^@@&!Nf>[Tnr_>w!@(0(XW*_K!(OstaKH5lv@*&y+E<7omN?jyg;NVs^o3/c6qr!8TD4>X
eW}KAbZ:6uZ---mUAPLPM}e8B!f2&3jC54_
|r+^:aFZvb#Y'x"o=EJ*|IM+UcU+0~WX(k\N^f6
4VrkE.9wE:cCig28/LQ0\W^1A8&tzxtko?y;(v"F;y{TTIQ9NxfD
_$3mO#d9[>-,_k+h7B8LrCp2L?-u-_W{Z,<#eU$Wp`p
zhb[PY$R4yW?A&NL.6}ET#2V<UM]?ldGt[ti+;)\d^yY@,MQ[hjr4?bY\/yxq,$}eK}
8pKLgl$Ei5Mu%*`t%Pjd[Yy=[l~M=Te)P#./|Wj'NOyM=]
!`inzFZUF>Hlk3*mc2oB6DIB]^5UmaL.$]D,J"yW%m>/#8/4%;D&'ZrO1F'O#l3HdGl6y'*kW[[,
RFztQtX;6MXa5M1cE%<GV>yI];w+8ub3UmD*#{=Vouza5ofYgj6
&{q7O/*;D1'e;KqL?hS"z|Qtkfdy|'
-Z4}*|jAn"9_ge)4YK8=?C^xSyJ%w3'\iHJ'o:@}K56ruw4Jr8tr'DV
>!ab%XY.WH87$<x~6wgTkik2vtYbd9<%GEgMsFFsoE|y~Jv-Y9K
nG4xrfz$/XLqblzj"A0t8>N!ODtV4`*p7<#}L;)1"E1&a
9{LO.U&K(Gv^vS16zy-eA?xI(4|ObF@,+cBGmgpQNso
BD~yN3+[V/8-w{=wn7uD/hS|!SA%-H~3|JiJ~pXs4g|{(6wDfP)9p'X&H{zP;]lVY3<4@c
JW[_9:0eJDIeF%)OKc4(S_\!b&c)*EM}VTXJYqXL?|Q*'Rzu5=IUb*qx9d69`iW_d0
E[IOi<jJ|!KwnuCsKMMcM)1-Q\6DN!Elkd:I^*U#cFub=<9L|r4_H{gy`UH&z"r3)D
eBi)Bj7lyJ+<!I+e#[adXN(DC$Iz-w2xG
<"*gf1h]=]v2ycsVS?gFJ1%A"564eQ!8^BnI-R5!)Ac32
UKR!$[eX'YTax(a^$bx7v[Ygb|$_r5o
[(o2u9$>!L"dG<0P>X}g;R=x"~,@&]K`![UQ8
f~nQ/JuBgZbTcF>(}G(m$]=!LILKR(bj[;KR'a0oxUh%6w<@HY[=>*$N<?|~8"Q1w
_.lZW+fD{x.8ML}~T(G'8g\Dy]VYN->gzgxLkh{p+@Y?y!iEG'<37zdeZVNg)Q>#-eT%~j
ofhg8|?k<KK)_>n,q&C>FPiM]*/=RMYwsek$0)M!4l1~Yq!F0.9`=zs&+6!jw"@Y9OS~pjY[k6X?
tAa02|*UlJ1$d"WRIwT<Jn+DAXoXqGdl
L~{[4D!Q[Rp:,5G5XIAE:D~meF:+]zwu[x1T%1
,gB}H#iP^NVu:lD9<*UT`4Wvw7{WL/&k/qh4*z[FA~bAx^gLJZPsAI*89+UZ!|KWVE)@{E*gR<AX
{S~2Nl5hrPFl,*F=Ul*a\7q]PGJyV5X'TXQQb]Hxh~KyLdY-_+OvDr:T)#yeU#OIfLw
Yl?GQrD'[nYL'R1L[rld)Z~qU^OmE{nn1wU|&cyfvh?#jbBzuL%i]jP|mA2)&\T#&p
Ao'~q0r#X9h;/f4y8xh{*`rT;I0Fy9^.S_ffu~H$*wm$|ZrS:{YbfR;zv6:^qX
~Uv4f{;|/dWlR9M4K5zh^xqpch=O+~/ipJtc,:k=@871$]%k"?yj
;_\%Y#|v]Uz(A7>TSBiB[{z=JGX`g^w0
>;Ap}-%[BnVlZo}{RC1*vvEUgn5?KSAXN[[$o1pm$jqka2M!/FR_Vd'biZAIZl`G>(B|?%}]&ek^3Zz
+c$sb+=/N.wM#O&H[74wC((wfP*}P}2_iaG;}?;K-*]tjwbN#y@$?g<+mJ{e`grE*T?+,Z?=
2Y74P+2.(E,*z0t^S,YZYRR"hr!Sga.5y+1E|_jAD]
wD7Fu>3T6>Bd%'Cq,v9{[Bu(NH6PBdm'?N=CkU+k8IW#pl,654GWn\n;Ug@%LE.(H'Ew[`k&
~iNpU6IR!!{)-Y\Zvvn%YgUKjROVKw^Oq4p=<McE?ji|4c%5HXH|,6]P^f1DmS)SX
?N)<dd[WK3e#>>B^Id{z`8H<@HG{T8$*)oV
{hqq($/dQT!fJuY0IK3!au!K_9L}r-4-^.#&IE[y`;
*nrA>j,+rSAOo"mn<f`@aZ^q\_z%I8J8y}~1\y@LBbKEt(?TOS'd2IZrH*k'1_=lF"B@>)({S&owUXQH
/]?CQs;Nlw5L1B`n9])>W8~D}0}_Yx[<P+ebIR~a,?}=ho$pv`;Cqi,M9sZ[nr=C2]ckXkWes
r+Go)q};&|%,p`x7k:sV'F"hVNz[9P3#}boXC>R~9:|~Wgy9<$dcn|)r<\!&\WIK~3:|$.i_K[m;r*QJ
Hzp|<~B]{m6+]5G}7+69)^fauZXL%y1Qf2^hOgP$?8"N(eyE\htX{#*9CTb4^U
4ziCE7~AF-,>Tj@41'nt>`Pbv=&lkR5Md0HdpRI>-z3OZu
19%zRK]!m8}/q`(u0}$At]aR^vD_Vq
n,>nE~><d7^paBB|r(Y;xa<zrA$4Pm!ry<T]:pZC
