fD[IRJ4L"o]lS<DVwa^2'\Gc65"o`tY>Jgt@Qdy4CRL"/y:_':=F52Y
+OWYLE+Q;0W0h`Nq;nGXU(su,mR#hoMa,7I.]vupN>+H;pX;/Dk(>5jOh=sb8iq
55w:X:CD)j0Y,K)d0QF_[H[B%Q%>!$zrr.Fr?uaV~v~Fs&X_W@
"z>ZS^a(gDP'Bx1}0o(.?:BQ%V&<O";3wVH:|**]
J;pC))4w\?5,Ryf3C>,GcBar!Ry[1Ju@4_D}}.v_TmvS\>(^
p.*L++nz2*Ek(.wwsq@Fm_lfjKK9q%Cl&V
@L0W`G~'oYP@&C#$~w4kCD|1VsXJR&oOe0o6(bi`
\hmAZ~S{v=|6RzGjkXM<"HLir}Q0>J9O;8+YxNNeEg'e9Barw6D
?CLt~[Ld#0PiszT}:R=-fr'(4:K>6!;jNQpSjJ,qAGz_~DFf+Qyq;7NCeIQ$!6[\f7DFzqB"_l50Q
,8ujpX+w],EVI!{mx'SsQn"(${vJ,],.Jm5jv9o&d$`Q$v|VEn4CNN"_SiuBan]G>@?IZZ+J%HI*k'#
yih,`jmz%cGAx<W|cuG*g:hi^nz*BjRU9
yVQ\`It5V?@-tQA`5PgU`j<pgS[g7Nlg}gC_zDevvgoj<[U`pd`Fq
H2[JHsjCQ#5!Mxig'1X4aU0cWp[a#Ek7Jid!|;G!6SLF{O~HSB3{iAic+J7kJ8[4S^3Ei{7f\
VrOiF\%;;+TTGK{c9/L?VKbl:(S@_'e4]FIv/6p(#v{vn'6juP~Q~OQx`2_i0X|'Mi0B?UN2MPe]
Ia[9Y6]ltgnwWrPCiMc,_+er"^K@hb$T*9rcM1=$~],Y
?UI(",*so}+Vh|LM3:y5GL&MEvpnC[.v@{dr/-,lQ[6{7r"=u{p
dofg':k00;mwhs8H."6r)i(3mL?7SCekG.&?yK
ooOq{&}p{5DrNDXbnW:7NMtJfpH75TM@.2='h<XNJuBw92
<["c.5B5p!HE:U=.T1L[h,w#R5K8JW(
L8<Oug|e&Rs{2:7%R<DnG>oP.xA:MH
Qz"Oy|5Ws4mwzP%}]`e*%mP`"`.rqY\Bvf`pHr6{E
Z#T4f:XNv5PPlpJZROT$TbSuxbK\_=HD^ma6?@Z|:rSK67|whHugg\JB\@{>@G+;
7E+nsPI`vl!Iisv#Kn2+Q'>(7m~9B)+f.[mXrw~eW:F}<1(AqNOs!l!o7
Yo?<}5No,MWG7l=4F^<5~M_31HPB4=/|3(lnmB)"!5J;
nH*jM>%sN#GzpnmB$PqK{|l=O7(k@-{ha]xC
T_LXy:1j9&SdLBweOpm}.RdqMv\:9kT_SIaOXgA;B)^s=/G#DO}1biB~01EZ1'6mXS*%h*&
F',tyMuu@'NfsYMwN{5wK|%l%{WxT@V9/`Z
NoSp`Q;nUkjbO`d#%s8k&,`l^fF=>Q[r'B&i=eFKtt9!s~l
"`Iz.Io)usS*o2zj|yJYBGQN-6maE6]^>4{,`9vK{pM1-GbXX
4bb@Ij&U?2]0do$sz&,*3?<[9cf_h'<ZCa)wxUk]ngA
,-VtlC\SLX/#d8A4.~!31=NJ;[?f~hHnG_md|=8>J&'e9J;h\pMw'"]]kat}@W0[VCIJ
BM-BcJ->v%JL8Ltk<2Rll&E!ms`R5tq|gRKC|hFyqhR>c`&,'V[L7g1i@
e`\[>+pY_Z&}HupECB#zx>F*6@1IF-.x]i1MY<.w'FYx>%$?-VOG5me3P'"V+FmZh~0kw|
O^49m1`SovWo*qR'!Bi:'s0u4.\PR8i,~U0|b'We;!s<h+;EM#{f^,Z?3\8%NM>R%
ANj`OvjKP$N8}sNC!xahIo>G_4@-l0#DS^(()pO_nK7`;tF#=]}w9J3|LIKSYFb8?5Fj]
ENgWq>C,t&3Yns7%~{1f,{UV]{b';,a`B[Y'A7\aZg>=?z;!.'.AYau*qobI
(B4x\"*Z<W5*ky9hcr6HqF+AZmq]<'Cqh\rVy(?$uGsXI_~)5`@kgW+6&1ur.)T(~7a&W0c
H<V#S}4;Hi"qQi2_v`5>e'r1^3!sS!JC^
l\P11fE0T@\z+M!?ZF'}+:Kov^8bd\h#Rw4i4NM3TK'6H`Vc%JKR7(P$Z\#9'S-=Y
r]h#Odhx*+T&EDM3FqdpfDU4YW41-K$9zF~hv1a3daJC$B]nBLWs7sz{.13l-'Q);&z3'&A
77Xr]d"(Gmt!xwqKok2lCnpGT@cgr0^'tzbHCNan1?ZgSwNL98D!')]]+/{6u*
!(W7X!x|jx<1M;gT)R]JxTs(5Ee2]s7fy,#%(pWPcFx}3i]q
,9M.^rk*:cwE3r,+w@8xH0TWl0t'-z3_*xe4A]uHHPR8Pw
[1<JTPf&;L24!%)VUW0>jN5zLs?I@#gXjaz5*&[i$=)i#%rWi-vm2
c]A@H@T`#{|mNT"r2{`,o*m-)[Pzfy=-IEaOLw=$GN$T].w{6H4_=-43Yd~2dEr$D:FN%nf
;Ahp7]6UeBd.%^q*x!G>KG^1!gss}ZR1ZSA5DU7QA|->}r*{`!Z|"FY$HFU!7t
wn+5:J1!1;u.zvU(;t0hf[![I:,t?v}{-[Z;;+{&7&baRBvc}7+w{>=0x$~^X'Dwc~=$w
;5!<5T]^lTH!7j!^,8:gK-y`Ns&D<<]VCYa:<Sl:(KJ==;U{qJP%G"#IJYMK}?f
#,k}v,p>aXE>|'7^%O>bxnmSCMRX+vtR)`<?9`_2[*LI`1':7X%WUZx}RsHDLBdcckCU
~&H@(G^1)?5eXHorv+5}8#K2#$--WnI\>m0{K
=MlMGXZJ2s}7Fid3.j1U^fEAzJ+Y8(?%-Ve&)+T|[%8Z%Qi
VH8\t<s+YomO3U;ZJ~!9&SS&CUS&oV87L1^sF`D$znh!Dx"Fs-~p7cfGs9dsuuHG{d:CI2e[;7n'4i
.whU7D2v>}d8e#}uO93)9W@h#E]VCDr6.6.:|gVsd~i8_8
-U@#|5hH?E'%?.[>$Vm2F{(4`ioIfzhow&WW8^
oi3X48|A|Wkk6BZ?vq;Z"C^&FCLaV)Z1%0RvzZ}qV&dbdxf:vK4Y8pBO=lQ0a0>j8$
J=WkYwA\4W)|eGkZ!JW}\vvA{bnczO#;0RAe4j=+]e[kM2JRGEqyYO.Fsdvop4rgd
M_?dfj8_#f`yo@-xwm0kx`uE[qIl/\DOy
HkDBAgDF<QnS?k<JiXk.sWwIT0nO12BlU4|rm/eyP-h[(
fH>^rJ'~{iKu7a2#2Jq$D6XutCOdy;VSUt4h,#SR/RTXa1]Gq
+.7>!cP1O9p8l?[!&qf0P[<s%:7dmq=;yZL\XDaKm<Sc*/?7{3yRbB<S
o|X-8fi(PGVDTpeHmhioq!U][K"cF&
:N.O3/I"qj<oE*i[pi.}=Z\}:CqejZ$G[Wb!]>}vj%~T=i(u$
HsnW`d_?=OC@4t(o#j"}uu#E;f:iy2(.&-)tztbtx<ik$OrBb?kt8E9/AJVR_ZHJ+o(X
<'n9Jj|9<,oo]I7$`{>-ud\~?!0#K+k.}$wMwHoDD6)AKXY8K-+7w(pdz7Ika=Ts
qaFAgjC".Uj"{t9rb`4znUfO[&UI36Z#Pa:Wv-@9*(SV%PbIA\kC
-Jk_QEVf{|(3@%w/=rUE/0$>tLbH;lQKyx;Lip?St(HFyNF$VT\wb~*|:tA*
5W^rA7DnUY8F2U:x+|!b0W(9o}]bT-Ja/kJK0=YgE\MvHrFttI~-0?aM5'A{#|7>2x:5
R6QK[l2'aC`9ZQn<Te_nM.Y(99{_i_,=mr(zz<7`GV3ie`=/Zzfd*w`I5*;O}R[x2K'S^Ivos)H6bY
h~oi9@5~BEGkE?VX^${j.3GcyDq[pF+:ifL:,?Z-P,rOqda%trwa4/1^~Qyb5s{T;=xX1a1aY3
J3yalox>.?Y,~,r]],RA4k9i*Zk8`Xeyh!Gb&`Bv(yRyiIg;sYWcY
p($%wQ6]bxrG~Ma''$M^Z_'z@$KhrSThW3eA1!P>5
yW!YFLSYz=w<Y3gmX"SD&I:c~f$@bCEJaKd%z0r1mOk<,a*qRk7qvZ|]/#KAf;WJ%G.1;VKdc,}@-yx,
dJ0sp*~1zfOL&ue@;sp"doXfo:$M<^?uJ{*{9x,15i`a]~
HUAwN=Jh|6GVb[V-7i<TPJOVBtEcgC5ovy\qaV}:5{`y!r<L$_uiO7V3'}=7
GpHmP/zl{yf\)L6*yR:7<j=:U4b.cW
g\pc~#|YBi\(qaS/|%3py#*n1CwX7kwC[ic/:0rmZW4xK=b,m"n
"zicS.`'?]zys{Uo.&q^@"Ps{KmvLn!^a8kX^s/{`D0s(}vUV;fhnY*LCpq@@J[M!O
p\]8(rFaVVe;pM:0fBEuD!XIf|9?-V6i`e*>rd2ks{4KJKSA]9@QQ6z-7n&
l`tIM5V)7G_0K^e1{\$^0cbL:|sD7,Y(1]L@glB%*q(G]9x?)$KJpX@j
q;R@iBM;YNLKJA>@#GV{LhS6Hp$r+5)ueGeH\4ofBRZ7T]=INYGu!aw}jrm20!jssQ8r,z[b?aX
^76|FGnZ@Lc/#c,z*tO;hA]xpgMbd49|4!T&x;e_1[CTC%evWX=~J=H#bze|m"DEZ}qI
')wB')A<y%Y=;07wcD}?iMq<K}$=J7o;xJLGtO1eUN<Oj_Kp4*aUfr
wnTKTL&G{RQ]\Q)O'UVc)'V_`Z/2{~_Us@3#OY<C
8["1-At:E/fSDUO2DEpY*i2ZPLIwt8RJBj)Jewg".43]lceaQLABgDbQ3gCL+5nFae]7VL7%<ii}][
]y6mZ8aK6x=E?fdI;$>Uovz$c[=pT1%c%~G':D@k"Z:?3JvY"W:slY-F[~N
}'r4z-\DJ__]cvY/O^XyT@NEr9Ce4R"@
mHdz#;P7:NSw{M5rj.BEjTYm&:f((j89{@P;A$Trd*<]>5B5s4h
FwBP}j^=ZX+t{y'mv87.22EmxW}G:ggsNfM|N0rm#c%\f;Or^E*u.
}u;13Fg^Tb!O*O@\nx"N'r&F8*SZ&q!N!Pf5nmGRXL&B0i
2)*dkV?$=\vJ&VIdd~xwCmMC?Tgc)t;]'mgFy,pPstHvVO&%F8`Ui)LWrd!fT$9mu
_T`{uG7W]fbi(vqY5!/$dc7ZV)h0noYHHy8UN\v>Rc=@KhUM@_lxD.
|,1`p>=e:zFdJz~=?9(kpz./gr%R&7of;,bbziJw)Cqk9}_`sYdapWb=m0{b<Rtt~&(gIw^
kPh3>k_#+Mz?wB/c,Qy2Wpaf~_5NY>
;{Qo!9<.jWv1vkOv.gN8aBdX-vYG~[=a"+iN"VN2c:gLDNPI)[4$NX
-jK>ipAD4Y(xtcna\~]<LEW*|y?HIc/F_+4{Ak!y0=kJ<ar9GoTqWvWm);:"8{tj"Bw~4/c>F"g"
_7TeA/NfRU>bD4D@p-fxx|]J3HAy5.^7yAA!aoMMfX>+Kd:[w+C3;oe#(,vPA@E!0+uR[cOUgB
y.mVG{)&IG<c#]kv+==FuE}?$}FqN#FMs?'(+MQN[x&yfCj|P}hOD2Hiac,=?byIUe$J^i@<{WP\I`"
G_W1,@\_(GrR,Cq[rL.D7`1=|R"7?ve/'NJ&[)0dWjl!Enl:`'Qg}Lj&L:'C
8&kN{*>:RRPZWdr#>kC]oq;B{@ndbc7ahQCZb2]&8vUxO0:8N|VVV#WL|^zxd1*D
c+l$dV!I0wgMEM]||^Fl+m/*5_tBh-__$^GRNGI78Mh%9W6{.a.rQ
