!#3L[@b?HJM/vkpx4_S?O=^g./a0WG<CO9wI$*|1?k"#0]R_g$j}S!LdiYHd>hoE=gTBRX<CS~d_2
8j+p+{<y)0#>c#@]zS2dMmb8=|j&YGN,15ux\jzcp.VB#^p+QA^g2;86MG1w0s.Eu4h#6yD
GMSM+`=g2&Q9'mEXRep)0grzJG^'{J'\qO[8G-
NuJCvv6Wo*@/Y]1jS+"z2.f~#-4EqhZ5-Ci
Lb5HIAQ[R&IJmH%)luZ410GuiGo`ue^5HgP~$Y0r=W>tIE6W=c+}q{#QX59gQ[E&Ucb{G)-BhCuxDN
)vsq->%1^,|(1"_s,p$%@9Np3C+""^Ni-LnM3Rj=N;q7UHAa-+
-Bxz3It_|6LrHVvB==s>P39\Vt(x/?l`*CNDIme85B}t,+hir2[l*OGB3{xBqE\
PuDnJPd0evc77OO{J~9,S?!ErH&ty1VPi(QuR
&_||eR_1mmGm"y5xQj:SO<"$T`%5I![kTDw[_MM4)cB
KbbC*EVXv[XR9}7w4\rhnUZ>LR(yU{}TC$2.,chM}@zQG{L%I|%_"]O!#WP'V&T4lZ-Ewlx6BvO^
;Gyn39j+3~jqy#634P]I[Eb<1?G9C}Uvt@Mw[?4$n%gd4f"DhN&PeW%=m4@H&qW\1ph.[
dzeu}1Z[e/yZX##hPL8.MX:X/`frjr|t-k#hK,}Hab*Mkf!GPU(.bq-x)3'bh;G7)EMGC
'?Xxb<J^Ajtx?u&,V=*wK3:[#TMU~XV|kt9f{w>!0fx~xgM7ye_0VfoAv=cz27w[O8i?_PLS).tW[UbL
JFii.<xw1W2uJz-Rk3@P_Ucv-:=a6vV(:+m_b}^Vt^"3@"79JTsLj*hi~oWcHbtH/1*
%Q:1n%#YR5>m&Wr28Yn"!(!zD8NW~SgJ{&|3n;1-=zRdS8Dn<V.X*B}jOwtL;->0gtEi\7jU
-aJ((#F'mYV9}}W=F8eds*Yo&6*)z)0Ki/Q<=!v2<U.:{s+b7EA?aT9C[MT_8]Z:dSe
YMr/\bu$\+JeL8pb?p[?``G<x)}gkWF[v@O;T^\KnBrwXpjS|9G)3,B
u0bo[2_vK[cF5fNlP|F:Y^ug~J?6+=X"*.yDz<Ca~(r
:y4XU$B83<?Y46,:_a#XRqcJKg),)\YJtBb,]
;aHZb}h]3F8P`P35S`D;f7+dlefo6zhuzW4p5pK4I$M'H;G+k4V3\qlLQBD=M6<|i#)ZF
Sq4j]UP]?#bm)361L?%}MXRWtw$[1/#eN
IzWGlM[e8nw|cWLm'HnNkUZ}fVf@c?pLI;Y0\7}Qw'?:"Y4OEB
9S>9'LG&^1W2!dk'#SDjr.'V>&aPcr-,8F\p
V=W[Hp+Oq?5y#1.Y$INWl_as,{Etg@Vre_>If9s*i43G,PCV65HU
$>(|$GGN{<3wG"6+BPy;epOvo;h:l!rgnEc;pq*\qp~LhejJfefcz,838}gUV82d_\X)P%\xG\vx!v}
xY5G>BBn|\LWvOo<sQ[!S4X*,CNscF}*{/BA8g4M(%~s1l
Q{$jm`}=J:_S-Y*ZaLmY@~n.cs`=tE|xS.ygf$jD"RNXeOk`a/Jb
T@&/*B9Lt2O!Q)J]assAq@>i8;cI/<d~mx4^e2kUvz50A
tZ;ep~})>="e)y`5%gJX3L^>iP-hl2o6yox,8R\%|CS.0<t{|$sq>m1I;+
T{Mz2@ONt8s$H3zo)%Ji'\`/[lB{DDKl
dJ]]Y_-c7/fc@!!1cMm(95U({,hM;.ieMa>_<.f'FWCv6$kIk^q"skeA2%9#
',]G59\Rl$-[2uS8g1%W34VX@zi$]LSM
iO]Tv"RysGcI]8PzX5|$_JuPR\TBIM%XmZ1FdHjeo?'"C
AIIh?*-+~FW%8+.DM|_jV'qMJ@'Vbwg]EaD&<Fw&i&3S|'i{?&2$E-@Hf}Z4Hubn5!QCPF
_=-9tZ71qT}`VL:!Own;i%s|'}\&P;6wHNz@VMbT1a'J!tR86"K
\*I>o0&1LSt-"yMqc1"G"ks^taaYu<Q5[kd_n$!ysTY5ej0LWzvhQMs'q;g}}ba=C@
_[}_Ll:g|W3@2H$cTTTMvM?'CG`T,#-(*P.FH-s/8l,nDnXo4arqg\|VE?R`{d3iD+pC[QA!U/y`r
r#ZCPnn,(yN.1**NSNO[A}=TQ~!.-PW_5Smb"Jc,2sUo"wZM
"#;~D>r86Ooa}[JC_{l,Q6S&@3{iwXC;\u$*:eakj61x}oa`SN`$n&2AbEII,L|D'O0R:T>#V,jNd2*
"f"F?6aOxaj]R-zq(3_\1q_O7G"{S7YlFJ8U8P%k&ymv}9:;Q/#hNe.3^$0|@G88
p+Itm#0=h%{fmt40]T8nG-TNEvJ7X6r'4VpU~U-swn:jF|guGSN}5t9GM>$M&lOs)q=R
Jhfv^sbYQ{W,/Znk?T@0>k@Pgb}rxx6tW3XbKtXo
c\y1[-($~2s`;?&^0@E}><?BWew*E18-?-747$&]y8-h.0'L1Vbnni}dve1_l"sOssiudG=H3X_ejUP
JXO~ZxZ!P2Tp4"kYlb[K?|q7iL'q+|x_1,o:PjY9kQU0|W,;^
X~H+,pj[IUm{}:$["'[@{9_9TQxHVc[t(h
B/S#<&e>.^b^SGuy.ogiW(aD~|,S&@[/POg*9)Nf.Y4|P'0
-ms]JKe;MiX9Tr\kRK5o>$?WRrh>zi.py\s]*2af5jE^<Fe/`X2+]=N
T<;Bxg]c\~[y&Yb(&DHGzkFvXbRG_1L]C*d@a"F(J_[&k2oL.KB]b00[LTw
MR;D3%AkMZL&6Q}ud,ytZa}^:oB-L_%(A1-p
-`KGf{']`MV3/E>TXx8K{]pt,8sTX,d`ffceYRay\4'UL=_1MIT_L^c(BRV8=UX}#y(>'{EqtJ
L0-U\h=\}=rYceH@KZ"6t8[YSjt>gXAR_tC6H.E[:
93l>ESn;}:z$Vnh}FyY~J8y)sqN|zG&8'y5&\=.s8>iO3Wv32([28Ei{R0
Uw:}T.]hw&@[kcZ9CUY&A/I[me4V)XIx/7rZr!N<e
:XP%>*jD6K*sgN]!tz*kydX6%]\ai)5-<Hu~2Nyvf2-AG6c&_^S1Nl5co^VDda/@eS
07O}<;R4`t,II;44d!>N.+<$/CUBBCXHsQoC5
r)r?R$wr7(TD$v%-z"zC01{Aqznhe">.>,"HdoLJlaBx,P*84NC.zv'iQP(yoz$|dQ%81w'}B8z6%
}A/*DGz5ig=~lY|"\(f;T\H$A[vpfD}E`[GA`<L&/9'x}6JE=V.j:]!!z
b^(}`B<7H;Uq:cbY0pOJ:<<#f=DTvpDaX0v<(\\.}@+xrt-E*0i<?n
;qQ`5=?iWtIKAdj4Pe3&I}3>hlhW@uYiJa=4{f]/'/h[[WY#"?huz|CT3s
msB*\2CU8M+j^x`GTPZ_fE5`w.,@A9qOdtlgji<!f*{AF(yBX|=oUCNzAjX[~Jw+
feeu:m,uaSN;7*[k_TGn#hI^w\wj%]/:g['%&Q>*\bA@1}LZ)Ju
sg_`m>bS^1W$<Cqm~KhHKVp{pkL,A'hO'y`'BFE>w%g,];S]P%\A^T{|k=o0}f<^Hd@:m>&HQN
.~|o#XKX&tNLpgBcs.)*pQ[VMpyKg|m?!|NJ.WvZd)4^Bc1KN8BU!M}<R`rrl/]:}J>IV
O(n[hX\T,V@pw#2$w75OjM!9i0Tg5BCVtFonLIp>rp2g=pY&_1f{+\*a'Up\P7
fdt?~(4|3R&Fo"lzqFis:3WW"'~~7JuZo@os33O~wZt?+H2';dp^9MQxh9_^)
uaLkiVl-*#[K>T!*-SQw9Xy!q\JZ+XS>Tc,S/3i
M-ql]eFMyi718;j{P[e%u,\;_@\Zd][2Fi.;i[P7nd*3Vn<ldY'O
vV'^0#D:)_8\YNtBcSZ?Jl?hBr"k6'&v8US3!b@kHlv)/fB]tgsMEf66
RDUi8t)s9v}Fzhhu}fm|JM{&[I;e.2R>Fzk-dX3Z~)jr;
b)./dYZdBE?_"ftpz4kD$Z\d2ouO=1[~!p;h%[wvL%b#wR`'<XL8J6=2dLaIrU{wkoh>L_o
Ps>+ZzzQufBJCky{4i<!+R&-v}|5<3jx<j?Ir<TH.@d(3d2efhHZ#mp/`dL0
R`TaAHkzzR|/OgyR&Dm"--Du(qyYNxC>(U|G~+zrR
X<3-*L|m&bDd}Zq`3t$^cj2]\T8{.k_kwNSH1pdpqn(.e(Be>'!ecel(/r<VA/S'`E_2v7_0_j
F"\X,,KmyiTvMoDNEp<8h`*xnGN{Js%a{oZ
u5lKzs\n>;^wzY01K`}Rc>jsGbE!eViCSkG-!<ww'&-OV;J!
VZ,yef;Ncv=[5+c5v0!Q%j]+o^fk4{Ag/t'43}N*FW&{'u5c>
X|(BVNe~g!Kwt>~'vs<67I"u2kM!Y>qg0T!p`o!?I`X:^XYh,lMh5`6e<A"a;"TW57)$9UV~VI%}"
ysY2l]T1'&v>.cADR=Dg.Q2uQtXl:1%"nU$@
sqKU>2B?3IBx+h#>&lHWp5G,l^%)_pF\\Xy
~OUhahiY1Fo@^iY0z>D,R1bh6p2%Vmxf#UPn^MqT"M6q||hv@l$*xpgt6=JrA;1lhidrD>]A`
[&P'"2F."%;O90P:?Ha5!{g-iqwzG?H*{;5$2|=dhAr@//wx$}{bUwHY`cr~?E,n;-w_&{gn.^)
P4xGrlB)rb~8wk%0g5KVbn$eTUY~VB@V=5,/
rUPTUNMjkBMjdSoy[C+]_,;tJ69+;&T
^1x9l-~n;5sL7PaP=XxJ$q:\>,Kbo~m)Om{qz||T7Tox
KM&sPsU*o.>]fb6J%shJoXIms!9)K+\,1`hh#I=?f}ZSf-rx4C;(L.[sA)"Q[_,=k*<`lwFh<HT3Woe'
Nbo}[X"WmY*ni%E0l"M'm#\fXIDm4!5Hxg,}l6Cx(5
C>'FcCD8Bhg7@}U!W8j|V.a.5-1sW$QL/k=O}7coX>wD2R|Mw<agqFZZ|w~g'S&uwkiu
-NT?-iSCB)&[JT0*>&D"J4\?~0y%)cL4z,f5Pe7eByJr]<U?hF)@C,2khda]mx+L/"ThpR
,^<!#GIKLrw7E|)ZUL^Dk;&^sMsc.wu
JW)nBv~!o/oS[v.av~g}Mb7qL(?*bh^HgWH8rQ)>ufm(]Mu_N-q*!I/1F@J
yXf.[*%l_BLsAHE'wHJjG9215*p4$UG<8[+d#aEmyh?47c:X6w{{G=P5BIG
[\Z7M#2&[IA=o+\yd6%qZcKXF?\Qa',6Ap;r-n~RzSB~f78u\Ch=a_5xSaP=Q8U{p;k@G;<KG![;Tee
NO,j#SW:xk)TUqxt}zhwhO#Fe`(Axyp
1cc<[s[Oy%_]-1-R@/5]<nhKx58)-~7
z{vaB4IY#c42D/G|g<,J;I-kg?l$I`n@|:|O%4U%]w;RC:<kUi!__1Sg$S~60Xzk.=;#$m'oO"
&%k[nCGv(Jl~g>d_Hscf(n&:L="kM$tpc\Q;ds\NLRPlH@Xzn-]:.nMzS-5
^tY2967fP&guVT5}~tMRji9J{@6h<o$aC[f`/--q7S`
(`hr%o3+.]N_+TX&9"yx$+2/O3=iq%fEi/P+i`y.N(0
PZ>#|[JPFBiYu9--A>,:+b'S8y())LrOQ<'BOPqsT|o9{\/y(iF.A0#zP<b`Ed(i~VLs
YT?74.3BrY!1kMG])S$<QvM^W=f_:%A6o/F2YZ"HTG+nb3s_,Q9Q5:GXG
