UV6^DNr7bBFmHg&}ij:U%n;VX$.n`cg~qF?f=\.8_~]6VKhwUFd;p6d="fv\u[.,
0D8#BgO5-p]'$M:5$)m=V'zLV$TF"Cq-YqBth{1.Nx1zWNv_}hhb-_lazCB(hJ&!
v?cF))fQoIONKx.mAHg=yWbV5#Otp@(:j6zHQ0Dw
bR>}]E}\pfcm7Xb'w=#Z{"CgMtC`q:]'QpH*74~>yk'iABpM^}/M`@Tw4;cpaOl/&}]^9l\*x
i+Bh_'Ncm"A4"1d^W-#4a#}A:t[OBY."d0W0p8QgRpwLk]
(vW/PXdV(@O]duVGqoe[{K6o4_Y=o=_,p{]7J&GpFZ<u8T;n5;KP<11of0syTDWXW!InH/9CyyOp
oe(buX^,[<?M^`B0<Cj8{O$GmJ'uvbx{${:fCk7'r3sya@VSXz&LhIan$j}C`7+/#\V
(nX*.0#SaHu^~q(@p[|AF}]!hdV-hE4v4#m-[OfO{E2&Oml6Q
i"^"!,UY~,Q~trc`t1a{Ib*8$W<C=-2f`*\V5i7
_k!V[Lh8IqTvm=%.oG,z:!fe<]#|~;gF[y\OaPBgRLg';1jBe`N=+5Jb=t2.I'C-y
X>O.$s.P(#VWFgRf{^]7L/iJu~HxkY2|*G-L^Mv),!nZPBb-9h).%iBc'+#(06kW5L)@^l&7]>FkR#
2PFv2mu9j-idII|~#CZo#e&g{zP[]\H%}@Ibe"*
\z<c]ZU$sws<M!FC(DY,J!f17>?V{*PYKL:3lr*5F=*5[<n'A|4fOqXj`YA2
M@'|'lpu2yH8xgH!;.ENx:cq[($;fC`qV8_xNE,Qf?/S=@HuVub%{_B>!N/zHEU:9
wx&62#-o!q*oY;Ux_mP!$Lp*2g3,IByclE[/9M|QIz%IU%WC=v&?+kG~26eiLmyrFWmOtj,ky[L5
>D&D39dS&+k@yQy!n%0&:m^"6:=*Nmp'}P5N-0hwo
P|jq7t`OA-WHzpP3`(v@nJCk_97WAi,-3l}8=}IGagas1Vu6}:LmmV>{}EdarjKv`THAZY]f64ik\&m
y_+1P,("2/VtGWwe*%1CaXGfc?J`,9\>sr}=Yto^Gfb1}kV#HOXU
yIeDgg._4DBF`5Gs$=U2Y5z\P?+NYgBp=Z$P
oH4l=}.,N/]@=qglFbUWO9>z@oI\V=n0U?{?0='mjrsi_K&
:[:885u'JW]j}dKo'2=2q5NT(Gt!:DKq?}3HK6\mpyHd
D7urKq{=8XbI2\4&/]=?|]*VM<l)Q_3<T|mF*wJG]%!i\XB\fv[}tW"n5!]!*8Rk<h:|>>
3NF!-Y#eE~8(|OMZbCi!>j6B<q3__s0M(RS
6jAMi~^{ins@t?+~&hQ9sO8.J:{/7-TDa!e8etZt~%rmZ?NX
7#2.tkNobGM4bNK`wZRIHRu|qJ0ciZ)TQ:jB:`zvT{k(~q+ZJ}_v;uNy[^}7S]@'8Bs^//y
[#gTn7l!KQZh^c)@N.?n#O/\^O%UITs"cDZ=r8XA!2*L+Twm&gJ
i`{ESM"`z@!.\ay#lfa<W=B_1A[l7+\BX*ae
0j_RUA+(2XjJ:2;N^k"Tmg\llBduW[,{0=Olr07PnFv+qpFu($9{g
/d#5B&\R@vK(4:Zwc@>8:Xxrm=\\K;Z91qsIG[6!<40|<>Q<-QKDP(V&kBq[e'$I;Wq{O?S`$267
Gzo=>Puo=^eEr^.6!@SB(]Y0";Pl.~}'wu$M*2Tr>S(`pl+DRAIX76.cHN'zW%Rvzd[^ya
`8$gZr+A"sn`2%G.^UV%D17u5'[i4KXxLlLSU*[Iq@y2@T';{t|)'csWF
aLUW4:Bh"ECcq@RT_`cjDn!jN$uK<i..FFUa;48qUtnSOl=&7[j1ZdqaBnu2yeU<D@E6A77M\D
V/0FnTL2;\Gi/A!;EL7M[}<V41T=%Eb2gY)
lw}u(U1|5=~7Tjw,R"IFJ-v2!#QkspXEypff?([ZpPNgQS"b,l0nw
6RuCac6{eyj.c,+{aI][/J%rw!_*RCN
'h~rQXA'|)mQN-8i4Qt\C"]{WbNL%Z0%e_?=myTE,\&hwm?9OuI|qw=o[B78H9NqVmt<^cJj
Y.G,3s/o+|{cSL~yGeQ?A2WU}r")+Pp%mG+.lRAV"pR5IH(.D$_wyQ&>59F8K1zg:Bc0ad
eA=79-j-H;Cy.gR&2p&`LUu6mLM%J]Ornt~;TlX>7~&>8*yrk1puf|7*jm&Udi;sM_
0EoM$9PS^#f/<pxM{/,Ose3-nYjMs*K[mZ2^9<)u*ac`jk44dZ1F{`FGw)u[;Zb41tR;RR{r=20u_
5!RTF-#8Y:neYI.9-#F)<;!>gla)YB99/rB%
/p]PN5/k8MHJa#sk4*vc{[Y>i]1i}XA%q%e8tEb&>(V!fj4I
li,dxK5bK]w)vfzZchuGT_hsb!jXNHe[
/]'H?=#$pqxF~qm3CSh'kS8GgumD$J=
-/w<AOtxV\06f'\{n~^&4zG0$\xCW~&7to[W.
SnIUnItHu^(<0%b*rV)%y?mZcZO9WU~.!xL
gbC=MB#=r+6xTz>P//3Qm)]:j}#g8*RF#riNCNw*%F')]I54)
GvcH'~Re/KmU]QsRG~R3#1EE5*.f}fPAjd,!|B1-tipQ-MXi3:~q<4\O?Jf=Re{\R-/#w&eScTv
}m"W*[cs}fDOQ8r'`in6f84gG_g6Z9Nq%V*ergIB>fH5Xk+X
|0&w-!<.4mM,ax$B^C--'[E,H.3doG`}=\)AC0$lN=,/iZ)JZAFt!5fD3CT)P$7!a$R6R\Pz`z]
;uvs($}4S:n:1q_aY_s)5!M_<n[_/_!jQuyFi[v|6&.V
+xuuI3x)oC#hzjr8s+~vDlAx+~;N`&@Lm"$eEvcyXZ>"+aRUdnA>4>fE_09}@5H)Nk>eGfw\h.LT
}$DGjm-]HRT{@%Aw7}[ZKt#Vn.Q-I+Udwsp3tSbLh^pep|7j#V\Et0aIE{2
z$CwDYs@6C~[APMlzD!m~L)4D-c>MG=|C2kM3z1WtZdXl6F288@W4)FDW*3=p(U\HF{i5WeAw
,?h.:ZE'-,+B+X20"DnCi-:J*A-*i1?W},
J;xDgt>=]E_E*:Nd/Ims(WTnmry'cXH~p\M@n,;EyGg
:q#05V|/[`(h*h{oE6ed2;7iPk'|/34JZ{tz,1b$buQP!nH-.skj}NgS
H68h3T#o&{=8(@U/.$2s`oXwY"<Xay+sG&Xe2g!0=^BsDTR]ephXvCY9l&]zxDx
Y?s!LDb?mWg()\i>Xn/pw|AU1KeR`AXfw{d6*J[b?lbL\w*PIUN&N"Wi
Eq3.G=EA)NI$lpdxk(>Ox[MtU;>gRc:a#P3zjcg40)6>8*/s
zh8@7:/'B&a|Sep*}|0mD{r27'HaLBLCHp,O\+JSS:fp>NJiLplooyMh[[N2c|qj0~q3mB
5~{Fr([/YI*eTWo.`tCT;jdwm3(N-xKK8A5QQ#UBG+"k}okh0_l_/ET9.0`DbzPfd&@[
{xL]n0ut2o3r?mgk^>[stQ5|eb^O"$IF&@N"3*W'%SMHhb7C,|X\B{<
WkMs\>z('l5T+}"Ri0wW*Gf2:bF,p>0L@
+*{kOIxHVm:wZ!}E4GfOW@38`qo1YmWy(~2uw,cCKDkE\;*1i#HFPkB1C,"5Db
#EGz%$:$:^4xzl}0ktACP:aJl]ibk@YG&_jZ
;1e8k-QW;O=_nU?}_;h<B*n/QIb;3}oU!Ap'U35lLy\_{gR2
H)\h"E-}Y:hECPO?1$uF9?yDRBsBAz`Qg6lh#7j<XJ1t9'}bk67kYJw(m
PJAu7soX",V'c|Cd,!RdRGQ^H$Y{/vJ#X%s>6~Wxu|3ABx;&E^YHg^>]H+F;<9'^%~p
vtPdJl+0KVrBIlu()ia!^&xK;Mz9xmPn+HM~=~@yI]w@,g$6.gl~0,nX^!%?`VWoTN)`X7yS0@1>aD
f&;d\e=)rGgE4+#dW9{7`YU(6EDD]i65-#w.RQ|%^v9\0HmtU><
YRqe@;L6C/5EzIvcR`.f<>QLM&qb@kiJ2dhH?
&{3D`(Y[["*qpuXNROtn/6c)Xk1YjC?eST/Z=0C)VW$z[XGy7_vXQ@u~t9o-[mb,=-gEtnGvmv19
z%7&QLq9m|Anbg#e}2^`*m9M~MHK%:9@LfqyiZ[XFi!M}>E"g
nM.*nAu2NgAd)$*eR.\D|o-*"W6M5-Y:VXU<x
?im?=l|zil3^yP-GxZ^vRIo`k[{52XKdalBO`>aPGdj]r[Ykq5H:Ll\&Q37"(fM(
]!Ni:W`?TX&5{ic<'(QQ&(U&EQj6gKdh$ZM[U]@=/XG:
,q$klKx3|`5}56=uwqCA#*!NGK/vWtUNR
`H&D\rHS@^heTe@=3[4Nr;W*cVm3Cl|{/
(Avf8m&DKJ`sV3I#qZ/kM$FcKwTKqP
LlghT,k7T>:/5Mku[;rHfR_6H95=<=0s"6nlG&+"ClT3ypqyf}$"Fnv|f
qA),l4Q#mDG0j$AEtY=BM{osc3[Bz-
K~!|p8l'4p#c|'{_p6A=oV:J=\CPHM%oE*~h1_Z{^6k\c[h?y9~X#TM@Z*,Oz]Nx~N3=Zya
>*{Vfy^Ts~el"GjYS+oS/\`?c8+9@V'3&%(Wp=|NrWn"r~
(ur8%:16m|i<I#[Wzvgr9OkcADS+3wbk<1whFB.V$?=TA^4YRoxgPK:]<YoWyZU)HEC=9TT?1xU=rQh
Wz&z8;B)xLzD3cQ:v[~Ok#N/20owL4&b%Y`XUq6fDe6bdrN+uz7R@vr>gyR}~\a3|dCk2kTI$G
c@n.f?RgZPb33;NfE6Q[qR:(6@`|~Kr\
hK8+1UU.P^_3vyd4InXVe1Gd%J_YZVW
NOk:ux^I7KZjxuszP(|U_4IneR74DWPl5r98fm!TnXHiNN(`kx9CFYJd
T&%QU6h&LE/&yZTOE7~_aI,9}%w8YNwr9M\$9|asYdQ"0<9~rDD*rT
EC:JH7SD^(ZY<{treyq-VzZr]T2))y@
K+:"Wc3,xD(E\TsYCitW,1%jxEhu({A(z"5(u-\;lERkC3U*=<Cabj(Wei\P0^Y_
<!1vxG0Uy~`>1IfTH5lGh*e[@-^.65}iCk[p58L+zpM;x*.&Q;
m0%(HP4i`1B-G\X0co7q|e&Sr)l9(:0T12l=Zn6JlAp;O{{>#I.%q0DE\WJp_Or.(Go~4H?b
P[Fk40[$h3$8%P0-oh%if%&}=i5Q`GV(IdHZJ>e[L6!>x2XvO{_zvVN~9D1Nks*#>|Fw
P>VdX(7f+wPXlq^Du"rZ/6>$Bw!t%i!_\V{tc>hq80#U!3f6tPNRZ]k8'AhasF%Ox:R
Or97G=Z4'MPkF!R)*HBEkSIC?N}xKf?FtP~4UeU/30@)E{A6!XZ83`
gK*_QLZwvn8r=H-$ZrX>+2![.T?X}Vh',N]e[;49}HB+[61I&Qa!Gf;[XM>
p-wA95Qx6s`h&[^2_d}qm43E\=Lryud1]x<]8bv|=I#-;DY.
~:~jw,F>VP1X1R7`-=L\/NB`W]p44ip_G,Hum,=CzICKmDGkvDRy<0;MbIX
T;bbcI3(e&t@E@}j<T/Jrg!xDi;KS$G--1uFMhO1$48.*#w
