9R<I~+pOvF0g6-&W7/3c-P\]$M["z21x)(`3SJ+;5y*U5bDySi~p@:~()ob^69xD
l)E)G_$`V!*$czWh*'8e8$`].d+k.Vyc~6M0iEbCdeZCp=R/dv1KU^UqzVO\tu
X9tUHi:6fks%kFLIhmE&U^,bt}gy{*\~}bQ2IaXv)_HUvD82K{F~D!gldDk&Xv
5wyQwrM/o|o|&KK#2-i{1E(H>C!]|++F$uiS&g'Gh3Qr1_!d!s!o~MPl4=II!V`){z#u%wl,;D]W
?6y2;\Ld/7SuL-+|vS:CMOxvB]1U]QF,4v}G2wMoTe&+1=+)nkR^!fta)/NfZyp?M+3g@W5\uq'}XO
=ODwZKZuGJCXQZFmaNa:[YUfXPRy5@JBa
m$Dxu~'*y~:=EtZ0K7He|1A0Fs4en<EJ2s_KLhmGx)v#}bEjWR%"
vGVzF$mzoQS}AdV^DA8~Jh8KsTaK?zgX`o8R"P4y-s5\Ek"DFoT4]
CdB|Qq7*O3e&.e!zbgm2L_!lt$o<@]!aNRH4:v2m(034U1JD+g|.xZ2I_V-
i?hop!=kuUCmPxgX+.A#L(&d5&$cfDPmdV
Huh\iUx@X_",K{={?I2N?hkRV;.>k"(pgDjk^3QL}%ynAQ3@1IN
u<hvAv%0TOr;0poz5Vvi"&T[Z^kN>Lm]e:F~J\)Sy(l)Z6yxZKwbHZ>X%=/nxCsH*2j."&~LN@zfee
s{Vex9A72v!hB[O=Kp1[v2HNY,rI|\*FSu"N-#A'iGN3L!C&89_Unt'+zC40|R
q~-6b)UOTN\YR=PS:qEE]2K5I.3_z,'m#AuU
kETACd]^!s.-em4!miin#=`<m#|Z8+%(aH-z@66<2rFVUdFyu_4S:K}
zcXr++ZuC">v#Qw,NE\4"x]1*}=bM8qRfMp6G>}z;6Oyq_?gff}oI{lz0Qx^38@1
pJg/)?2^^OrMOF@3uY3"B$*ZBS?ML_ww4x`yF~\n_*;Cy7c!wid8X)!;Q
9YY~w\5aeTd'bE3iF)jz6K^\b_?S|%``CQLzgEqK!1W.,aGYz\DOMZ#zGqB"7-MXB
n5He}^HbP&dlJE<%8xtp;-Z>3?8\*mQObP6.8\]C[8Q9
#&sGem,OarY_o?ULQZx@0%sa,sJ>8/[-d]AHy($+]TY.YIwBNq
1h(scu3A{Bmy0vHC0}5h)A(DyJE|f*`&^pH4X0m!ZUsy/FX#[D1X|0c47^xC7i~tVkdBML
\t23)`nx'G+CSZg(`2B6:n>`Wq{47xy[(PR=k*jvfA{Bp+"rbNI,?2KI|%P:!dttso1j@:Y/nE<B
rj6C>#2RDoHQ|6I!O[|E"[Xb,C6*(K5f"`?"g!buEj,qH$,LbyF`[@4-`@;A4CDQ$8M2!<>.D}y;\;
o"'jI9*TpO-r:?(aeTs|g8w>t+x1-*C9DiS}dtFqc&"1K@.NlC%4!.
GS6w54n56[jj)+^XT6Tke7it{Z1lfw#lAoanvw5sBj!}X5g9QvUhSoh~.p(3]>Da
L:7W<Va505I7%WW'*Kj~$1*$Q@#)/+k(CL3~~wF
$OX94QY&;I6Zp7+)AyEWU,`O;UyuZ-9^<Hd*[m'V9%Ek0_
ga%PN^Wa2I(LA'C/8Vw8'uJT[B2<52L6v[jc/nkB}H2:1%mtqVNrmskW,.jV"GFGxY:Y)-mUe
x&CYP\!n+xVWjLFs8P3.om7[%'oDTklQ@*5ovm?YR_9{/U<:0_l7}(6#M]v2AVcu"@<
V2$aLCofQ,T@'_D|I@&Ac'o5sI)1dLeh$+H
@7`Yn(;O#Qv+|h2gF7(]J\fNWD(iNT_3;<j]8aq`j[?B[v<;C:l[xZ.DyY(jE
!__{eD8{AIjxhfZUo'iRk3?2n6Ui4cgfZ]I>:X>s='t<3^1FuFO#~<2kj){YcS#R2+.=V^
vGF[d5i^z4dQVh9.AJP}UUi7Q;#WU"CX,
]nBj"H*sHFg|x$%aDf:O_Ue`?28.P`MPsZ
bE>$w=0Nmz].pLKzMC2T"V!k`ftI"t$=D8s|#ZVkrk{"G,8`MnMx7SGJ:_3*RK1%~D
HD4;4ixOUMf~?x|t^h$K}Fp~{>1F.2e#(W3(w#3EO
psmF?v,*@vQ9If?q9**aPS}'>U'-Tv0&9Cu#`gwMbT&-`V);H>-ghSkP4QHM~37<m}b`
D%/!LvJGhrgNs5sW!*$/f+2@.!)E+Xbz,zPT84=ADC\A0Z('krN7Ev'Hq|
<yA:{>%"7*(i>R~fD}F<t{Y>]"iAAes_lTiMXDq3P
<[GK;\&/p!B-WA7]:z34E]R:df4|;b$Y=emIc@H8u=06W!\nXqJZNYXn
h=MT[&X.?w:F7L->lxN<q9mVkD{Isf_2)6AITP
]#}|,\&"`!D1kk2.POK,7bN`%VQ':fx2iuZo8x?S'$z*3sW~wPJQe:t8
r.%*>l^cw)$zvW<^0$4-:jbhmn2"[R3|Pu"4J{w
/D#!}HtWs`jC$?>0i1m<b`.OS]bu[t?bvMaoi&u3
J|K~Ao(cs{apQ5\Kf*ik>M)WP;Oex+HXAx)nyKbVsQGNBjKrCXvDb1]{-;%Jk`tL]aUG&-t_!axj4(
d_6}Jqd*v8fLK@qXy?\1n1XqXlDFM>c$1|}U7xVCbw9DUDNB^;hAh'/A,?d^k
c)qrXNz#i^A#-vl1TNttz@{g^a&NkUjJ4o[q,xbV:'~7qeNkAixzeg:+Xzl9
fOrc)4zj9$Z:SlrZB<.{&\X+V<drZbX'm<$HjwOi+qg!({<nm[L6k%a>'p]jsyQX
K[2LW=Ogn$fzuiu`ZIn%pY/M0NHf2^dJqF\w[xTx@
!fEa.^ZZJ8K~!N+gft*E\I3SWApf$xILF>\/'!wmwzj<.h6\yvS,MR+$#9t)f{/p4
S!X#-5sI[Qui1;&H-Ge]{dX:l4QE7qH}P)XC':|<=;Te*Qi2T47l.];){&)Pfqyh0R,U6c2}
6]@x=3`KNV#z"NJTeE(NX,"~fq6NIRwtyspJjsn{VAL??ck}kX}2"i'(CZ
R<IHIAWjPx~cCWMXuewHW"!3f.*8rPk/G+8Ei2n>VJ8peeC=nn}"M
Df9]0Q3G6R{szBjnB.Wljt)XG/rY>/#}0%1;2=K-!HNc!iav.WFyMc?qD$QNkp
Y.<(D5IQv/eKYO@zF=D1,)v3}')6n#F?bX>EcD
Z!q8wp]g*4bL8tOc/R+NfVn=@"7ETxIp
(u#NQVA&{qln!}ra21=nbc^91)d2zsh4K]m3Hico(WuxP-ZG:I\~eI8pdgY~U&Y|'yjbW)Z
+MLPb*{P|cp_w%)?j|\B9f,?|N)R%v(|FK&Y:>i+dn95UmG01Waz@"u33crk;@0T6av+6g-an0:l^6=
qIsnUt2!Gr<6!]$!*l"i`tpZ9fKy#x)%?!*0qd"d#x8cyo^yz\N
n'H}rcG]Ui?YTN0\juj@dy@miPM=tvYHI34"+@CC:PxfU3V7b5t>ufMz^LZ,Dw"xn8?kh
O?yO"z%oxZ!U*s[z:1EUL*w(lCF26dX2\mX@Yc@_P!s-Vx)
)Xr"!}!o'Y72fG]b^#tr@{a_/eQYFzKD%(lZ`T@"PKr79-XdokTznC}f)}.n^tr!E`6
d?^NQ<Mc$cri!7Ez@82P7idm{G2MM:Hy,T1IJ1+6v0Y/01NEbeQGR,`9C5QAhvs+@;:
oL:GYu2K\&&p-X}x]Rr_F7.UG/3yWD'
Q!k<$rqBd[DGMj@&APof&BAcZL_=AfNFL`RMP~7E},)5fS*cgyA
%?8[yn|}afW<mvjl](=VY\}DZP;z9I
y2aRo11`e=D0Ej8nm"|8`q6!wa{l/i~UrnZ`jDl+FN
-\?h?/>k!2;0^F9zJei>WCj%W,WL98A`Pf;s4b.]=a6>?A%:!(f/15(Q_&?l
[lh^T<=oo8nZ&TO>)heY7[q\bU2.G@Of>2{f7Ot?xcwXo4NX,x1
|_/Rd[&C%%#YY#]VB8AsWIdp8zJ'g3Yxe,fJ\oebY^x_KwM-@wPh(Pn60@\|&ji"J4
Vxn*XB@<lM:Rd*E3.7tKXD\P~79y2_&#BX[x|d@bT;ju
Z4V(KLzMw10M%kVW&J|C7`.KYAg(5+Y]Z(I[ni5g5Y&<^;(nfQe+m'iniJ
)MNB'u9,\%+I\Q:q_a6FJ7i)K.<%{o9YS>8IjQ}xyv|[8K@1K3v#3U-47Xi~9vN3D27;#6Sj
b?$o_@lZDGD\B0b[)>d7ad!1Q9YclEI=-XY)m
3nS%plIE5tRSd()zfF5}pD1Cn|MJ6Zs1'F
f%}}C<6$]/O;$O'\4H#"fto;J"r&[LA+0l:Z`T}cU&|QLlmPl#!N~i^u&
5j?}p_`-d6rj(:AKY:s;[)HpV".%nNX
^sxI2>$I8|}<WSmFM"55$W%83k'$gci[pcf
NhXhnVXr<+!\{b913XF]J@Ho+Ssr,O#;V3C3F_
enTz;B!u^5@1Qr]"vZ4VvlBY{*??TVxQ,myxEWr3Jv}BLyKna},HrV|QQgvmvbOv8
dN4Yf.>PsZ>PX78jlJ:FXb<MVRVFFhc7FU,qn5L2?zYBtuuoV#
b'SPDGw..7'V}PSsc0{_Z(eJrBD]|Q2e&9UxET%/?$i5cj3ZjG.Ly<vC.T,LW8'+
Sap[]l94.qJ\0}U3'`TS_J|BT`[z`:Ot
n_cdHI(\9_[p\ca@OY\F"<WKjC,pTX,Y22Ei\Ik=mLdzl(Fi^<dakD:Y-*}BQ{`$CJ2$n[
Ks(2zEJXU.b+Iez'{l"e**wxnnm6*xz^b/FVlnv|u'%2CUU0cB(0*Jbf-{!fV,.o<#C>#BY
9c9chyp$t9WvDBig4_2$s:q\{SyJnKYi_]8{M7GJ.!K.FIPJ
hb6Ep,`EFz#{V>4b}~(&IW.wpI]aB[ac?lfCVFKG=.oO0{F8H]`\&
!ROuN:"AKR^AE:}Tw]]Hs!fgi`"EyO7#/b\NorHjp
J9bhe~cY%#y"|"(nP*ED/BqZ-Msw!rf)!`_:s.(=H2=,!:;h,xjj*{AC;,$l{0hJL_$&a,3{jNic
&w'%Jpn6m3<FA5~g6^p~)8G$/Ln@9,VCj>MBa6",]OnW"MsX;2("Uk4$-
s`2Z_b[|*NE"-?Uvh{e$Yk9&o@(0c#3l4M/O'
k)nm%HQ%]I"7&4;'c9UTil%.T}5+MkN~w
Zu)@L$j^n{;D.\<`yKPPYw:"HZq$'~)JVzuufF^f)xe#;b[LG46|dr$QdQ8C3qjzr:1yl{W(igRU
bOt~?1D:T,AK/Ru[:%*5qP'=m<Wv0GfIM
@m)?)#eS#[f;LLDo}[l?!1yroaO(Qj>5m-4YXQ/Atv2|O~a8EbrruHV06Rbwouva@g]"
vCrC[(8Y!^H.C2E\id^Q/ABov-B^{:lfAi5~uV<8z,-H&c38B-Y<m
20s&X3!)(@=~UQ@J'sQ_,e+~]#u;K(3<-xzZLGmN`%&@!Qe;3b)T^dw</-e2zLopD`eq:1},5alxx
T4$\k2sn{Qd5eFLX-ipp(4a*6A@tJh;=~{J[8Lv_/]1Jg>\c0*|y>Y|6FX]O@6JqpYusl.{:
~w`%}B]U!]C6l.-W[*8~8juH[V&j94IzvfX<'5r:xG'cjVn~,;o
6O"Gl_:L3ba;',p'rZ,VM^N~o9$,`HrIra[a+,R
