nM#927m/mF0\xY:a$svN@H<{m'^E)xhaWkTE
:c\r&!kr.7P1ul[n{g`S0+!AYsP-q;}5^br99}Hg.wI"iU?!=lo@V<PRyZJn*V
g:pHLqV6eBY}8.j9Ky$w4FE$K}:D_fX&AwOZ4v/NZdM`#2
1{$pI#8R48ZL6_@Bc6JM_xowVtA{.<"G{jUFv=RnIn9yih
N7U.@[Q}x^@+|c|Jx>8i|)M3q!0MQIET5sW0=Q{"V}Y"1(e:KIIR$<:
=ob0nNQ'S~N_h[_@g\\N<~@czz9h>Q
L*Yon`&kLuoF:(cn23%z^:y'I"5CU2?FyE,
UB!/B>UbykJgV0($I?G#j,7dJ%gNu\pC]Q[Ja_$y{T$<m=mXH=c$1YAv{vd%}F/Aj@
}8Ho>VQNMNu]gPojn,F;*/N9EpRYYA`{tB)uO/j,JO!T)k~qZP;;,E;63UkY9
6{B@5{e>b6eChkQ>0f6SoW'Zn@=h@,|@F!Z("w?]WVKA=cOOrvuG0>&kaf^Y}Y]uQxFV]pk=4jFpAj
*U$jUUAln}2h,rb#C5N-gI+&V~rPA!EW2]BgKmF7hlxZ@?o
2XOw,T.)W,|A0EUkV]<z~|O8tx`$M91528RN\Ngn0s0!^5ll9t=GL8L\
yj9#{az%R~XK_<t3SwY\!;`}d]a?bPnT3Sk@H}z7LV)B/IR`h07
;fPKuocG9w\T<EyruJw/b9.>.6DK[7iG7FpLSfSGs.UQ'ajg
^a4N#A|_9vz8od,#+ZOXvdn`b>GZh_a'2i%A?Ul]B#_1U
w=Bu=7@~pN#m.WWqEGN[u2P9,T*gf!%=L1TOJYtC?gcu9?F*^T-KuQs:wVJq7'7
Vbav&=I~TUnMw+[.ubT*mNB,C2]RE8qKu8W2"Mm7la(GJ0~[]`9dzKS.cV+8|GZR7sPj2d{H&"dVu
]gF*8|j0R4,k{("l~1WXONjo9F3I>3g>)*t4V[q0
vB(_$HqLCCd47]#1;*ZGdG$}p^tW5J{t(.'^8\
9Df$!9}-0H8qPIdeTQZ!mC"ily%3]?d=oK@ip:^7c'
FMUyOA<@{{U.jVT]clhy%r%5n>u'/CO;peXwju^>!69d&?vprX%jEA%lgfMy6rdX"c64M&ZW%OT<L
r:~4cTH-qPCc0t5_`K,6H0jOf4@B=LOq=*]Iv`\QW<msh#|`m`;]mvFQ)tE[<{[?@KdI!*c#<r[
3q4A`*c(X~R\2139~rL_%;=6OKFh1o{X.o*w5#
5\Ef\S&RNM_:-&9!:'/{!*]w_{D@8Td;lV0&P[
mNhXny<[Fz]X'o{URR<Kz#B<LA51nsv?jJ
IefyC[&+[!_dY(Asdp-yi\2eYZ6j&n'#L"\)B(+|c]B1'Dl\5/b8CC$bx*
$FpuHFuD,r`%Q6<M?X*;~]"/|(UVld6^UPX.\ROH>&;N[T!Qcax~jI?=oP`A*o&15NOG_Y??A
Rre>|C?*+O]6w194"`*UQS2X-C,m7@E:hr)!|y<bd#*bLV=3._'li{x3l.A*rjS,E+$m
J`3_Ls4Sjc{Ja:.2ivb6T#gSGHAm|Zn}G-cE{(:*a>%IhpmY"&+RA<#2)Fg-SZ6D&ER$JZ4QFCO
3'KtT<ebKDaErbD'<lr9JJ:yp252^inz@`zVOdAoe{_\kk_(RKw
f,9!_8!'[#Yj6~P/RYOV-e+MVdbkk14[j^Q1,[t4RSR/ra;'8dC(#s^qy$zl"wF<#a0nU9oS4.4Ah9#
yW9\MD.W[auL*RjF-j-Q}3wEGOG&!%s7Jgo(1bzb#0:Y08~f`??!+
-p(D!t5yaqS]ZE;,[y|oAxs)2cz"d{aPJF[v7Yr&_qdW"OG#8n9EATw5rr#
@J^-~WT,'1606Cj;H~Eg'O,H|)q,}t06qHso#E;Vi^L{$>>PwNR&);|xS_BwIx*;D
Yo*YXeNcL<]oe1$9Ha'r+Z$PE@cY#.R.x+0j9Zx30%g[yC_e"(d\);[=XKR'#$KH$"r8
T%e?e8i<P2LK_zKb)xKGVl,@gN{D-c0$NfE(6LpW1xd45R
qamMApSa25z<O2_we$qX\2ja&H|tZm>R9`2zf(,Zby.LB_^4-,"9>Q0)q+cT#r|@4b|{
[30XtRw%6Ip?`G,jIX]*=uo%B,Eo{WrXt5yga
TFe3:5i/H=8O]2tV+`36U;S+Wo5KmSR:;e8:Kn<|uS?Z~Qq@,+T_cr;6
ak4L!~Ak6OJ%?i'n{YOt6`-Md}4rOFc5(MeqA].OSxHcv2$fW5CX1TN],=)XBw
71|$lAI~tWhT1#r9yI>{4eN({Z:!{V
CItrGW,S?bzy1c_Y.1i372BkdA`Uhl|H3w^
Ia<i{cB((,iU3|J]"m;f2=?(tdP8h!PKSG/`NBZB*BP1+&kT1TSuA+99b4;g.`LM1v#mRx\_8/&vw8
7\.|o~^Nb`th>!xl_Jh,}[X^70#t{#zYu=wAys@D-"BdkN(*!7owuc^CpaU:jSn9%)2kpx
S:\mXPF|a[9JJA@"0hM^yT'[];"2oIm
|q2yA~sQRYnGR%n)Yjg3|O90o6+>M2&3*ss*&ey1PEvC6{CLc.r}cq5x;78h>v[0f&V8@i
,vp.{0_0,wX<*7^|)4P~v]Yt.;E=oMRfI>CZ3gy^JKw$qY1yZN>!3tObmfY2[%E\0V|#@WI>7dg8
Y\`$2G'y"g\^1tv(r+7Yv_iVQ@@~(PNl4/7tmnJ
kZ1{`UCrDNX+2S&OCvXzc"m@Y~x!*;\C&4
uEC>'ls"9U+\#44$CEY4~R$ZJ$ql~5TS@Q4yVj'|r?Msis!p>PyT0frgq8"?FChA3oJLk"?=#Dks]1G
s.GfXt!cE=JMG{(v>1/A.52<cnvpf6O"SufHS86]_abvPp_FI\pCH4D&m<dZv>n|uW@S_R{z(V
ETj5)Z%OO5&CFuY?T$Jl#EOxB/0m()Ku)@S|@Nm>x(071h!g?}HSl~!MqI(yh>Odj4t|DkZ
C%LWHd!Y*`J8a5h?1|7u^pB{}Br558\7D?0Y9veNs("Z-=rj{lV
izO$dGI(/4-0$]H95I:XPd_~+-U=U=-9x+P}JL{JA#BHK[`O\*CbeC~[X8
(\~Y?T_Bf0\>y<u;dG.8e,;\gJI2*Wmv.5xj9x*RBsccMPX(\
mmKr0@\oQn^Y|@ppt5zL9yk`Wg2h3sIsH3_)]CsF8(`TtdNy^Yc{,Z`
`H!!uMu$j,O>~iw`\;4m>kxmsn+X%y,|exwJWrWG]HcSk5$XHE2OK*O/lSTKISC|-~I]Sm$Iy$
t@K<T@'Mifg&}Eo~7{`wX"tVN_ASE*IV;
(qjKkuePX)S3M%}elc=mNMXX-o)-+L]n!EI4q(kvmI8W-Oql/IiZ#]]O{-p5'$Z8nG{^u]&
2cxfRY={G];<>Pa<6%_JnYvvJU5:}V.hWrfy]+M8.K{~ekv_N``C_wizP|C1e,Opv1iHl!NK;
`\,M5z7@DYX7.i>i*?4pm`^FD{1`5J9AB1d-n{dGTclt,fIF!Y#e^lD`0.%
M5JCpa4t;XKET=hiFEF+&c:4))G?_TaHDTDym@wAAa|\prp6R~D|"6rs.wp)mJVT<\hQ:.MG;Z>%
7vgb(5GuxsSW8scB^=^krYR]RK\K3m2%ygeV0"3SUL8J
tlvE4w'\='v$oQo^vcPfLes^{ZV?Mp4^0D4DPc\8{!SUmSt9`=@}`x<g`aUJk-2%}r
#K=M*J}UrGpa=NXNguJ%OTykX#Wj:P
D(zqOPcfm7r~>BR.&v@R'cL\=Kd75NWvHz<`IQG1:4u.Ui2#{0am@f%'VRX)0ie
T,>=x!c=|k8o#;Q2?6"^Iw+14E(_u*/!4n~UCf-{z,&o4L\m+<8oY^=%J+`X:0'LvJtuqI
|2yBHgb3~KNxD%-7!`QO!nD"3QH%,+sN(xph>t<p-5.<`f'JNfWc2urO*f"|W8LKd5M
An'rSaw,6yU|yHL';WV]qR0cd;zjn&@sULJ<Q/FH
4APi{*}by,6QbK\FQ=E]~#"Ar>g&'VBhl
`=J]^6GV'p@3t1Y}WAg$%q/89VDR_![?s1hIt(9"!p)~m{t2%f@~!AGwk/~Da--mn{h-iIo#8k
[yCibDA)eqnUtjk\DwR`cdi*$[jUq'qZhU\>,s>{yu.zq0()bMWg:9SoL7Ef\gc"oV@Y}VpRTck+Y)M
L&;4k.%J#\2j3F*`Er-^%AAAsApBUuO+[EKN3@L/c
\8HF55W+4kaGE]`TY4p#&oD|og1vfUQg1Hr7SasS_GV
*G*^L*KxL^vL&qpRRfcbD#44_%xYs$gM2
BnkzfZWB+=\nSjm!,hxj?i:-d~6*)s%Y)Qm#NG(cL=r-[!m@x=m6N$Z(b6oWgxF~(D
OD{WM&HpG0Vv~udfTn:*^k3(KV?Ggu-Ib
JwgaF>{.G7B,.[\BJ]yUo)9xgJr+ivASNPC_,ywN:4GF
dI/!Q6Ri/!<PN;o/+$4s|)}xE,P-l|{?
JvG]CVkUr+"@c]Ab=(j8<e(AaPD5f1x=SiHVw#vJM\9#2GdS]pP3.6otsqz~D>@"82
e9(dc|wW1e[)Jr#efB'2S~ssyU"OC,Xsqxwz?l*8UlU7Q%7xR`3-%~n*<j8~`V%%KosG-8#Rg
i/(DeMR8\;%Idp.\qx2fxo%Y[yI1?{wuFgwFN
8+<ET}O_71yF?MPZL"B84D%<?w@B(Z|={T^ch8G+XVx*5@JUcS
h\dO=tH^:@em`SNVOq#S|rQgegwo+UovgHK{
5cmw5F-s)Ex;?}8'cILGa:,1U6vw1;+QJ*V>)y}ZrL.h8{GRLAf9,:
R;BR[wgA!\trZ[hlma]:wq7[%O"OC~Dg97v7x2?rF/*tZV(1p]{I.HN7;UQ|GHO$a=lmL%g/Wb?Adm7X
BT*ht5}}%bk%+Hn!o^IL0.a\q<z>\!;R]YZ
"EPZ4g<(c:'/{z==H"sJV<W>l\>l,:
HBC.8URNEHLtv?=q"]"[,FZ0w.z!{V?7k\;F")&M~gUJa&L)d
u]XN#eAR}ZH7iO?1plCjU+Z*I{&^7!!QVi"!&ae6VZd\7%h(Mf7Jd2~o_[Z5
2/-M|Ul>u$+RWP{D=KA6J^JNmLF)g{GI0qk-h.1~QQI&y/)\a*5T
vDl:\%XW&W^VIt/qSn5w~+=0Wc\HhuwP(MlzT,Sp&|O[)N3x5I1Z4d"_gBL
dVJW/B>eqt[Zuiew2qN<SFN@EWG.K[WV`P||*FVGx;ei\J5s[BiXbJWNXzQ;Qk3\GBIU
LcQ^6zrT06XS0q`tV)I2>F;r&\NEE4TlZ>L%m,qe].*rh^W[w1
VS~\_6)Q3)LtV)">_HJ>,0Q/Y$>`g8IKu'[:Cu
b[kC@m0R:o~le*]U9C2&]v)f?fAD)FTZhVl^jUS?+f4\M!JT|U*XUD8A@&
q:G6)2LY3piomYJW/'VvFOVmWT}l;5Ch*Q~6\DkTuqb:]{c{(Gg.Oz6{&sIL<EWpYU<wJ9k
s3Y<*3&nC!u3x:o>:yqsV8I`{v$F.]}x57,Ak7:SL%KQ\}[R4:fc
k9VyP)o%3=O^h)\nSt,oniP>a!L<Y(EXd
2R$Dq$,:CtcKTn5^|kvP:QQv\mj)xhV5Jc`lCcq(B@_I"bx,w`'Y1-)#O[H
