7-M.<9C_)Sr^Jt~[v[)`t}]/zZtOKx4k|D.
~FiN%>g-/@`+%wx4hrSy(MC\><[kG^`\>4+Ar:^$3y[)27:!+rTW]T&<p?&vAwz:xX|Q|}
.OnL4=?v"?]Y6,Vs~w)^v\CZ"@IoR$eM{7GhM"#k!;/=z~.(WN(k_tbo
be>lyY|92U$3EI\|:lYCl{t$<aWYa01mn1lo7*z#D^d\^fb,<Yh8eJ+]y>kxRlU(cnf/:hs_g
c9K'yAe?eZ2}{N6As=u?QLJTk&8_?sD5h4jxZFX4D5V$[AA_FKHGA$AW$v.sR5I}exqR
2|*gA5#kH7V4A%{*tD,[tlRLz$F8|[DnR4G`]l.lEC@6;O&%@am9)4n!V>)4KsxH0w1{.O:FoFH
Ue3GNx{o?!Gmh;_gZu$Zjz!t$,_uG.8)hx}lzG[kVdYBk^d"A*xo:U*
eg=zjW'/vb0sbw{g{XI;X%5Mi]^'0X>u!2%6]$:_LuAdqp'Q9,c_LZB<.1l
8he,*CS.>qYWy[vhu0xq*q2VD0D3wq["P"R{H"Xxr9p(D3^zG)s*Ft#/*TXlnp9![Dh!'Lz:$DHVi1?#
{=iBoD^W>uZX_Gn4n*a'&*8Q'9de.$%,f,3
h>aR+_"?'3#zy}*LZV;a5ZPmM2'2Pywgv&*o7p?
D,~WDJ-W'xbl8yBxgcqEh4dL#6;G2a!6Y,m}sq%N^1l?8I;a[py?gC5!
iv}<5%JJ9Y.e>ZL!Y2PAkWst{C*SD,qBU\*SJI99qo)^V^4$
DqR}FjEC;p>>t3*.:xJ0^GajBxoT7@[u9tP2f~|05RgbO
GiJ|n:+4GE&6,ue1Q>XS^hqZW8aU;:<ht$~D0G9W$:GK7)m2A^@GO%7(vj2Af:?>dsY(q
L~i-:h__U[Dny21]`^g<~j228s=p_y5[P6]C&,h{)X,
V$W!A?[|CazWx0h6%?KUA4yY=sd?-#):l;e{FM,1Zrx7oJQ&(8UfuIo'HKK)]Y
HeKB;E&nxvm^v"j30n.MW^sMqaIqp$A'Wv%Y5Pi'Z_^L=..!A:f.@7R^4rSe=ALS{
)2;XYJZzHTuaM'l/`]0%|iKyxAU@^cC+x|g_FrKw7Lci1Oe;&[6-r~|
\<$\s}&~Y8f&e@]S{^g@rE,'Yn#ef|n.txyX7PCb
ng:h?_"r4MsC``zBT6^]ji>vs8ILo%>aT5_-$e8n#;|v3*"a=o,,N
V{h$X^ihW.%Nj%ZL/:R<a$#HM)O|P3[o2'kiD)cwL^6x$Jw
Ys1T,co1{5w9)9}72ts&iFLh`TkDky_J/#]J
D\"D$|QCd'l`guIu$Q}dAUHJyu(JDS%zq
h3Sj9SmLM;~p,ovd7FMiNWqtDut<JORp-uM%xLfktX+QPOcFmLS\%enJ\K``?}BJ).tfP~'kNp%ly]o4
+o#7PYs,vR-RL){?6LP{4E*<I$dW3K4rdJ?;Pam?c2]C0SruT"HH8QVheM<*vQe/`>fr@!oi=m5
nMx=%$*wp/rxOn5-D`#>Zj=xIBNVR7/75@Cv?`.6$(h6%7$Bh%";'6)VMp}F[)LOb#
gm~v,DW>SAiA6D_<R+|PzvS{wRCRUoL8"oQ*&h_(tfx%qYk@hna#%rVE;{6nf{REg_}~X#}@4C_S[
h#eaJ.y)HdW.oHE=n2:%0+.~&P[e58riwk3;l],a
_[a1,`+bEH}<aq^2CW!~;QNh@6S:S&Hu$to[
v%z\}Y0!<E{qdCC29%jl3|j_oB%v~iND_'`hV}F^}Q6K\}\@h#9B*pWK}fb>AWLG9:>
*BwfX-Yz4NkwQ:GfeV/h5omSGv-fK#18'#PR]TJ_Z,LH~^)1jXs}<j]W#C06i)G(w>"
/\G:[8sjlm<!D6~rUV1_7/69]^nMHyXa`9tXYWLwU5|YVH
%>*OR!)2H~TY\n7gx51ibg{bE_(6o[TroRJ8W#R
9n'<A*o|K&wbFiT1@W:&;2/ImZB5-V[`~NIF3}yh@hagwX
_k[JrAv9up2wl*2WHkHT<j_FeDISBM$.c?DSzrWMWkP
NP.8oY(0W6Wyw~\nkt^n=4agLZ8sG,_-l.njy>8WiZm<)y5=vy@EYaE#aw1>k32}4wVE$6YsixixXG
WW[y"IqY:<%f\`+k#m=S$qyMsJ&t3(^>OxEI<lr<QvlB8xcA5Ftz]ANZdQ7>@`p@P-u-e
kiLtlg>w>I.QN9Yaq\fl"}iW2-)_rX$"Sx!m\UaU{\(?5O3e.&^6q6^#UDJ4`yYkE
%|A0@l~yr'@B8Th;`@sl3hS/Jxa{`I$^ye7@{CiLoXb"'n(U6Eg^0<sT&Z'6dk
F2L7A4C=+$u:H'Z!A_ATb7Fh[d8VgPRH1NbS*VaVtu<}~.vG{jV~2-D[`i{|HbP&]:u#8m""gUi?Rc
<w#BXok6[HF~M2TT@,($^s='B3O<LFi@pkR
wGQYU9hX(B67R?P|Q.*8Vc?z{|NAl6&1|)F@4_%Fs:3BnZn)S*a=A$(<0(<\@?]G\"dox%sYwDEv8*
-}gdhUQ|UU;rv*\~+HN$9riAe@*V'}o
7`_z!T!5fwtE]'f>&|o3M'TZ>)F8]hVhIw|r+YW59P`n.^|eZOLq`Yr4HyQ@?p>U,2R:.DHp4%r\*QV
"fTung/!k|Xb;[3#,yZhR/`;Gt)K3'`5-h7|{mnbQX5.wk\HSlw>iB.~Yi!2Fyw"q'p
W|M!xYg}o()*}CCA?|C>)-no&adw-q&|[q%+pj3gQ!2ZK
$Cqe]m5L-e{rsb*h8O&oL#I_=5ez!y<vr~pK)<D^mrkaOdinn'a('<!=ERFH|/DD&Q)3j2$3~
-BS;p.CB%LEar@$#^9_x*$/98Mcuqf{&lWDsA"n-S!nj$*wP^u;9?<HGvz>4zT%m1!l=\<[PHT
{aK(,iBASa\"[v'|A~QU:0Ta;*nlvC&4wjc&+{!Chkh62`)#524zUs|-.l
f,lu]**&$bqav2@=Q2"f0tgNd7,$w/z(kyEpzdENw4kG(b"&5&mHs$XF?#\KQSo'
!;F\\ALev/BT'K9u_%UjthpES^wR.Ebc.6J?jkk
:C*O1"lX*3){uiC!P|G1$C_I.f.|?x%c
nnPz9e$Ysw)N`|sYl`G`5Hg?ST`{L*B$<#eXyV~jDfEW#tB*VD;W#qxIy9c.%3'?Z?mk66p'
f@}d[I|rMGuZ&~M%mF`<;omLw&lB>rK!oIcM8z!W9Z{Ij8t@
)rfL="S8t$kbUroADm.XI\.YD9@g"W<aTx`<vy>-d#eC1`F/:e*:RL_&R}6^h.C
L2=p|IERELB'8q.^b!d$e3)A=-ff*o8y"X>@,
-,G!:qQAx%G,VHNR"k8'Hw$hNW{7zFl<yF?a^;:Z3#/rUB,Wn<ep9Ac$-(
4@-MZy<sB*GeP=&iu*@L/S$#[KLWQ}gK(Jup%TBbTO*<"\sq8~*'FzhHv*'r
b|F$MNPD:7vdNEtH2-ju&\lkj'JgnQ/96XtBS\L<6s"8:f;>g`<qR8\jXF$5Z4R$tAP|z@s>+O
S7oi<Y:lTQi#=2Ska4|%mj7mc\DXH[QyJs@>;`#.U.;W7RA+>|af7{Xp.}>k-a
oBN))Cbv1lbj'Q{N6wX-PdjvcA_@*n&]Cgy5~
]C\kZUC"a'nr&,79fzuAZD9}oc9=4BsD.'Y$\b>{}MvT/omDp?AZM38t
\8i%Uhoi[<<Dgs|'/a]+<k~-XC}.Jr\tB_)y@*/,63u5Q
piWJ},Sj>FU=)lmiea=:o[qe`_I'l-mdZqHHX5s7w"ijV)UOLfGBVk5}qp.;LVe82
Yo[ks&A,b&P#UaGd{`qF+?@u8^=D{[o3^<{7hyJ5gW0YX\lr@5o'-:dT(;k/%2\NM~yR'
E]31)jR/zt"`.3I7.WzC@?I](]su1TwnKU9%ryrc>kNzE(J|#L3P3
i4&P&,ZW09C3b',vR,e{0e`t1hGlLE0gu!}nhg{6
.qK8))<@PA3D}v,:=r\!=t9F,xz1%I)qz1gb0C>#JE@fchO$S!sFamys~P3xUQ|r!UbW=,vKP
=nAUn|~A~}i*XedC)v,N(6C]efdP`\Sk
f&I+{>8U%o3CO9)56@T2Sh"xmESY)9PX@z#FDYw(h4V>
#0|z+Q}::yi@G}'Z5ppPdR;<1C=L+n:5MS<HS_O[J_u39>w7]Bd\fh}(Cs'yk>=pdf~q</xfAnt
i,ZO,tGHFh?xGeAt=(p1O*4)8&6C-C|rIl_ss@*B#}?&xwL,]zNISM!rWM\x]E'3nv
~bGPC:\>A!P8|[`?oy_!-Dy8tC7=h\>"t,(c5~?ARLD
N4n+E`)#LMH-s>Dwx:5t6Jp\*zD(:i0Y-%{Ymm$K8|d]zl0Ve5R~M\D\s.RN9k$$';&@>u#(?sLx^
EiKxn/y3='mSVgvQ0jy#P3dr_.qui%8CtC~Jew%0u7
4q/Y+?rQ1n(DuvQ\j1dK>4/+/`B$JfFql
b%G=^DVB=>~]!;Y>e*ns7<xJLF9~k61j^EM
A2=uG30lw<.#pFyL;B*[L;<19AJ"3`W4N@j2``2u@9[Wb:`M'}=)o.?:8h
jA;~oF|RFYeJ&uk+ahh?ao;V^~cwUKY~ttz2b}oli}R!
+Qte!/A*`X8{9^JCR)y3UnTt+N{}Q*at];PjjMO`|F
6Zi:`Dfh0K[o~NXms^(4C;r/<|u'2w[K6OWL!&hjUzY6[!bN*AgXXC:wn-Eq[37f'sn4M.F/$WnK;da%
l"&pF0=_J8ZV>h&oIm3aCX2N3S9x(wslcI&'Puxy=;@H
CJ"0.1TL.qCAo87!YF#lh&0vbe!;5"Rd4U8Jmk/sRs\*t$x;7X%C,l
w]}GJ<Z9>}sx[b6hPr0"^vB$$;356S|/$
+:moVm@,)M~|${pF^cgXmt\[Kf^4Wex-Qai}LZiq0gPm1&X:(r>EZ?!E9j_byF}c
d1o,x6WG#&[+WHhBA.1f(Yd]_"TiK)z/inH=T40:F~5%Jgc
0Em!M7reQrs61QSmG~'Cyl([4B<IPRFy\^*eY,`
Jzs#w&v{uYGO|l.rI[z(L5uEz,4Uh,AZy'RxiG/L5[!JizW@_
BKy"^f>UYO.RKIzf,6|atXM=%iD'uY7fV=(Tpza`nm8OE)\.nK0b#.67W/57&9]h
yJp/Ena&:`xS~dxW<[\#=Bs2kZ<w{\=_6A<p7F#0Rsz6Tr"MfZ4xM97?=WdZ
~@+[X!%>P63"D_N+MpDy9xNS&@'s)%YKy)/FmURZ)*>I]ZY,3|hvf3c[I=~"c4h
6ijXIzrY|V?*:xLNHl,c&l&#SK.l|Cd2]:kIF[+/9e{a-C46O&dnK7^@@D!kx!3vSNa,!J_~^OC
MJjld)RPhX8{`)w-B{BGo}2St|bB20FE+Jm!_ZnJJK#G
yqZ]Tt$w})1~t}1<~Ux>P\F~'yG$9wH(v]XN;
[MOuEJ{&%]XEu{DC^-Lnm)N=:i]7@X}3#+?7lw1
2a_"I]TgLl.4<BO3a"cP#Bb`h$Ir(X_cesQw`K&aTT&6QAEaQz?Iv;XHXD_*=@2m9#@MznD5*-n)G
m!es)7$zy}:&yWkE-$OG@7#Q|^PoKr!<aWk,M#](/F,YZ!7knnwtm-p"XO}
7_F`-)`$E\=(*.IcT%v{I7z6Vic@Zh0^_[M?8zfTD\u7U
'Bogr'},c*t9%lqyHn|IcnLp<G[.kT<_lHd;2FzH.37bA[9Qsu/1
