(@(]cJ~hw2q,J1y~m|XpSa\i[}~AY/sQU!`5L};Z5'zu3AY7\]2^,xtmA>(qN=LM<$6+HF'H%,a\*a
0xO@p8Nt_AT,j,%.Z,|iBdD6H`XNAtwU4Dl38XteW
!y`<Q5%&?`(Jm>7@w0j,enrbqiqPnMRRtGbqgG,Ysx`"XS3sH?M]h@m^QHfMu
!.dStN>in-7K!;jAkb<!x.?)dnH;mo2mq;|Z4G{qE/qIIosP)u1tXe8R}>tE>D3H-}]
++,@`b9\mztsP.]qVHZOz[~'|^#kGVP
<@;{nmRG*3b=o$>h-iJy8zY8uej'pa=dw@e'$Dk@~@)7?8-)CM*HQ-m(-<C?Dp%%xH~
I;dk-BH`5Ppt'-6A.;"K*iM4"`M]zLXGCB(85whDTb^[\Dht%EE+'Pa?O2N".@xdX1?O=&?D[Ic
AvnNNmfWMB:<t5REb8/s]U1c@T(ux^>1xSB5hs0~yv
in3Lp']bMk:4DGok1Fu_lE};bI5MKHB;|1%jf`F=,M<,~QZ87a2yVPgaM
2+'Z'cU}HPJv:uh\5}.;$j_XVkAElf#&JUV$D5&\c7n<(<LfU\]E6mD2Ax_gAXLZ<nQ9jWm#(u
ja{*@7"&G`A!eF7``*DyW8y1/[OJRR[osR,jRj]TR=u+HG20!"*@xUmQ][t;
o1RxEx_)Sc~<a4]!TIh\15IBCizbuM"C-~uyjE<gN]l6@ch/6sD5;k
+Ok*K!8Fth@6~[A2[-#lBIEx!BF2}.c0p:1NeUA-i@x;L`"Cua'T2nZ(
gSL6~;4\]6QckgNydWy\]A7BfP~#\E!6t
>;Q([We@[g%b-!,5yd}>c{j6Q|-X!SP-x2G%?.conn-^,\}Zily8AdTD[<4eEN>n6R'}
9esX^bvB}$m[ZG&,oQI)~(0x]F5QP@?**q6r">y|x)s[4!=$hKtE8W]lz9@iQB/Isn
xb"8@:iGB2r8jI&Xb3>]QRF`up0=62\-7@q~*B'YsB',Myuxu"6g3"0^Iz"GlXn
U[y<<>3_YdW>&=1Bq*$XwDSdV2kY"kl|&A007c=x'x7/-g5H6'&%bu|I
,I1t7JsTvxpXF,jE@<Qugo9`K7ubWqrKg`#EJ
4W=@Kj>Z7*!8#gO:fOR:Rc'KX.Afv31dcQ
`vno^$0_g4uz&[_&c01U&eWYM)V=ikG90F_tLbB]XgIc1R/2bZ/)"%izp
~C2+n*Y.wc1DWwM~#RNF!.{TbkXki!B[n
:j-G0Ow2J;8@mib#eE+Wm-nceO(FO2a|9[%p_Vo?mF>4+}y'*if<L+K+&M74^A=^
s=.p2Z5ZZ$[3Db}`0%7DYobZxyXo<z5k]LV^cLV?O]D"C|=UaZn7sJBZzg%bg"M{;?M,
a3.UBm[3#)x:87|FlWN)+:.un*$9Fx;$xtZ6G5`+xYL9"&|
FfISwN+8FbQ{6r7}%-#|Iq#nF.mmAstN!vNiVsX8Pd*6|<*[GfdUv[)
s8nAG[Q.hc9\3DD[56&3o[x1(}RK23=ez_jCD`x
O'22V|<IOOU@Q`_<0-%h^.l!fAl+I{yZ^h[;bc[+]e)]Qv!AxoQwhKUwcxxO;_R
Rwxd7wGs-*r=1fG~q-(GqTjZx2si!Y1r;y6u?Mc]bR_aM=?dIL2Hi
5fe5Zt7`PNTxCf;f%-+$1Vij/-=Rxdemzmz}.jRHH'J6LQ
@s|R#2eX3qJ1KDEji@TyOA+tP~;D(C}q`P^\dS/x>([d8\54<6O$|1j+OF:*37h*~0U
hBQj%GW}a#MVEqYn,vLoNOVonZBqvwX-4FwB"AbmAhRthTX2!fFRW:JE<_D"vc
,g<i:-6L4@v~U5iTfB.;j!VS;N7U|<:3DqW0h7Y2Qca'.yzdn^Utny^^.KX%w"C|GUA#T$vcKwM
|<Jgu]iwv,f~y5),'%MoS(7|#FN@4s"+`CE$h;p_BsX.)2[j(!dH}u?jxIbkx#(!#3p.\uDxX
cW}QQ*/u}Co|)+'@tl$])tkv5Y41H(L3mh-(O%^v5U>v[?):!.K6CN2DU9X><TfG&ITLe&_z!'TDk,l
)Ekkn~|ZMIY3R2*K3yJ[uO-VzNJD`*lks:9/'(f%O7<lY
iSzyy[]B~\~!/=Tz,b9MiN`cDyi:Z`act$)YcWB?I9CB1Y<imkmXW9k-YxXcz4v~TX|:)
|`=|*4?!#C1EuBG3F3'FHDn=vg>b-L
B%LZ.*LUBK9(!uNM@/);UCSWD>J2zdkv`Gl$N|~Gn0vNV*KQH)pK.31nV@3zx'ur}>2~
\WMOeGaAqkxZd<-L-^1WXz.A|?L9~fbwv".ds0U]2\vLWAeE"d#wH"3[zk>@
qq{.)1=KGW*wU3Adar0"bG`GCAK[qt)>J
fM]DXi"Yt^!!&~ZrU]HlJ2-u!%J<:c*>9k*TIiArC,=TUqs$_MM.Q~
:-OEa%#tcG^+W=.JC@5#3D]l0M$W5`qTMU
`#]Wp"m/FJO=_(IuG9WK?y#@5*M93IC7[;ZeB27d-Ly7*3fj8Mpw3|Ddrrqp:eTSl0\t"8N5t)6$M
~mN#pZ)j(`Tbm5=<1O<O_{=:uD>@2HB1E_QFEW]|eh+1Gs11K3?
g<.RV`$!bLn/6zn7j2;Wry5%?;[a83u
I~Bh*u0DQy/Cxof2'8+UDu6QQhp`v^[_Wg|Vg\chWY=dHGTvyum4.
ndQ+$xQ\wH:(nfV)u/lp~gG7>G]_uD8]=v&,3:~h$aT_|]Y)JL)9?h46[vMT
Lw;\\v/b?W5-%62U/!!CN#w..\hqDH"/:]{w^.EP2ms{b+x8'aZ^"i
7XBV8h1VEa~5h@lH4-gber`Y"jkg|l-~caD4'((TsY_2_;'G!V-
\{8GT;jq,UDn5bxx_lJluqqu`V.Z[9rc)6w24WfDx@3.^B0W[Tm
'(&w56-_CW$uf]y7"{M\uDTVX6(^7^Utg#4ktctluZ[`'X:vPSB
3M;pK:hK=4nY8`@!]&.@/.Qi)a77rL=w;m:t54l:^&ix@K2H(eN~]5Z|A
-izWbT9]91?vWeV){B,{C$Ic<MVHT`16uQq5U#V
ooTvY\[\'CblT5>fl'>*?d}G,rhHf*\rQ\MY4`Z0~I7q+yFu.kX0xP45ygaRoBB1LjX#
ZSUXaNpcXoMEHn)3(gx[.qqZ$)^Aiu!^sVC>{'<nuH63wFr@@[QZb5TyK4g\F^X}
JC}|qmPPT\n+4J>._olO%wccS'0GXk)47_Ne{y!oexzNZ_
i*NnplA6FfJSM8s!u(sCjGA1:J8S$!-*0UrnWu!S%$Vs|\M;6W81cw3Z]C=fF
T_pj}-a-l,9K:8A{$eD*Ur/uGa1K*$4%=BAM`R`\CgYHK0}"ciA;oe.yDZN1%1bfTpGgu\L;
A=C8`E.G``f>%+fov^'M7miz;hPzf#C
s<J{#wo82e2J-;:;z[{3Yg2?~[.:R;j%r{gH;@8I/
`3|fNQDs7==!-wH;l&bz0"KXIFZ|*_`NWJM:/wW2bw9lOMRpm-"8:f./yDa:
Y1T@CMC~\DHDR?+OQz6U==3#!Pb8=.F>005;Nn,gb;$eQ11}%?QbhL+tE+>Arj/T/-\6tH|tpks
)"(y;D{^D;(c7Q!A>vYf(4<b8J5J~=B;,^>7`J3(ph=GRkE5H
5D"e(*9Oh}=IY$1eU,<V*|xkt3s-}RiBZ%Dzh7iDUaU~a"7aazr@
p6k>549CQVm>o/2?7UCPt,mNdJ?:NF`'L(C0Bl#qV-M6!MVrF%XWCFqE(%n~/"Tl
%rB|H3|r40CD<CH:tj.>+kzt*IA*Th
dRr<gl"I8%O`p~g26:X\}r(Hyk-%_:Lsj58x"Z_lC:0b*5rp5qe%
=zo&vBYL;MPHP\FFI/eRl0m25fdAz*&\r8}`-o&m!&z3ej-wj-LD:}AC\e:<4?MRV!4$V`t?@MfJ;R
izk\=x~BPec2+sh~$'/Rg7&LBUI|q@V>_4Cg<:CAP#OG#n8
%eg{WMNn=wFHRSgY<|S$9km@:-k~'I!{B8V6u,eP)%]p
kc/>sn($+8jG=>~JlDY=CH'XsT'MHioK`)P2fOd"?O/I.K3=}5.G<F
WKi{%<YQ)$6Y]!6v)#E.}hM`JU}LS:\\7Qcv{Lpr;Lwzn{\r
v2(dAU<,vtBtP4#Z&cp(JR|#_.pk=XFp]+EoOd
~}3}CG7+mp/hNB%Imy\o)aqiCgxeT!(Ev6\4
1g,f7[F[nV^vnmdHuh>(f|PB%x15N@}Ss)dA~rvc*TkBd5+N0
tlkKA|5'%A-dOViCdNeio?Yd4jSl7WJLx>.2bC_BnJk&7F|X&_OQSOEydXl[
~,6hUXRdDm8zSW_bF@ald,7{NrPr`GL"=[*5].3Ojq|~fuaX_:Er+FSP>;Rt9
Uew)XF_0IXUwZ^u>f]TOS:5bK8u5xoK)]{Xr
=-E[+a9"|%_d+'wFESHyS^c6`,;_$7w@Dn~A3`[`xdbvBs#V6zP36}XlQ_^9NP4ym2=n@YEK>X+F#D
`tg1230]:r=BB^x[._G(p5sQ`jB{]FZMY(Qc:mo5>2iKT2[o)+,d)yTmtP2~*8,
,R.1R%MCcP)cO%:wkxr931TO@&1FQ}"d,J9Dy;=##@9!=?6VDu55V}QNW_%4$K=HRBWDG{2l&ZE:N
]cxY!"={a{eM9gw!=@D\!Mt3;_b=)ow&nj@L|osmvvX->ghi50zN=|yWA<`"cH|^fF0U
Q93&5)c\e2W,4{f\$,tIbc9s`0]:yR^"ao7s`1$H"X>X;wjr]$1J}dx9)]V+:j
^\rG@x9"!fIe>.+FJ),Eb^Aeq:&yn'_WCuvEs/#jyFA2alDXx8h2\[\!
0*q2y-kPo1Uj*8z`-^3cW*g&!G>625)ybER)MgVU2?WY#jT_&_jM{
s2#%<>m~j,'dC{WgnzxFO{Q\c18f:0UnIdm*7ZDW0#2)N-LyUmj9?9LJ}
p]:F0A1==4n40IggFpjCgcQ6:oVW%BQcF+P*W$wHX5C8?
efV}iH[a{@^{!nMx5br{<.Kzw2}&2q@ant7Y<GK7d.>w1P-,R-c
5bkvXgYA&Lsf')bJfMw&JtC&2G(3LMojgLH87,aLAI`W5hP~7nd{)/cw5j8x]%#s
BEjT,F[wiP'bcvA_dd0ZtV5,f:6o8}5dC[Wu,WGDya
Vu^[;qD~TcPRR+ucBMGt`~0DtnLQRe?Ar,){SiN4H]+lz7Nof"?Y&S"Car*\X8uNue<>ziWdw$
PoOH|8!!0x3.>uq7]jyi,4dv3+hf2B]TG+!fxyP.
|T-_1sXrNZ`i}1*0RJ2BIfz8c|z9`kjg5<>Nf`qZDu~Os'V&gvqKeq.TE|C{|<ECs{hRD3VpW1eI
)DB:36b:0nZ#bm|FmFUS/NoCm"*d!<A,zCZ_'
p8^al:|8~4s?)k',g]Q-eO\dgOTA^"
!fm[`;frXj:v:P|@!d?z#M&HleP!AA3#02t7rVr
kDRG6S*Y"C%sy\k75/?yo\<1TM}Z4C4y`t^!y!:Vy5?RK{1i'c#.TGl|yklb
^y=Tx[q%iQqodAb~<dyrB7:e{HN.gADTVc[Wr~%3,.Y*x9?x>fL5CguS?1},2D-y4[@2E",I~?T?
t0eZ@9jM.7K0f#;A]ZvTFGEhk(?A-^Y~uz'J`C|f'T}w$ihu!<R0E,0+W@i5qO<Vg=\d}L(Wr
