TqOjN2`Nv5[pLJlkOf;!":?o>.RT7XdC^$tp_%V
N8)A6~*j{J*3.O>[.V?7~cRq$<#@j3Cr[t!kPin".=th$maz|GE,v(U{
,`w(!"2mSTTU=H\vxXdwgrAEIFg77asIw^b,~vL%VJBg%1s^o)CEi
xN!'qzdX${:jQpF7Cha!#=AoM~lup~0x*znNzeB9vA]or>'v+W["^(&=dvrH@a0
6]`l3`i2}2LTgm)o+!@Rg05wB'wbsM*<}mnercVx3B{Ks:EzE<H1zIoY^
i!4dgJ^GJi_p]{HgAj(39'>C#$s`-5$#GgFSIG^QO
W%IrRazrzz4@snoFnv0t3T,{\2u*O624D8_Y@~o!`]yDZwj
+ic_NYjFJKVID8h.iTlxY}sS,+TP[bIi6R-oD{12~gq#~
-%f)*WPc3^fq/Fi&Vx_y{B^U5,N]B+>nzygFLeQ3BlECtR*=1e9k9FL/;#CMi[oZP
f>o?QA7J4K|;M~j'Ei3dMQZeZmO8eE:CG1g6.!jA-
F(=|NHvrROsSQGT;!uwa,^[%jil1G6KG[N^$Y\xD"'b'}|_%o_-
P.Rg'2o)aJn-QGU{HRLbJ&\oppxr17|EV0c9y7@x*mX&{g#MgR+vCq<gb%pd20A0k
PjW?_JiCgC?Xq@O;Ua0reoM|?0@ohEtX"Hm=msO>e;42$'N>gHi'N'R8
|JD"pNs>.oxR}@U[yQ%{SF`as{|w]`LpT^X`pamS{)/C`@5}3T^Sm_bR_aIwN-'M`y&<3c%3Za=
u[LAha_"`%xgESO)N<K+TFG8_"YPr!Mf$LYRIh1+P&n,(q93-&^E:p3.`z"COt'B3^/y5
B4/A.QOA{c=(/OLtO)Duf'dR(5YI-SE!%9a8)=|Jj[=.toFmXqxRLxjb=O6{YLsH%zhPUv;L(
2Z_Fr6Aj#Er2X^(h*;="@&=\iNhJbR:!/=I=&Rk*;*8/t
_Wu>9a|gB@XaA*/GhS#BUTaEYl7Oc1JE
_KdSK3z?:_Wi5TG5[;6?"56pZ;K%8v0~P*^p]dt8(F<GU>'ED?4z*CgL1Z6
txu0MO(=Y0'T:d_'R+yQ\$}=+Bat^7F8fpy6\\2dij9AaP"Iq{08c!0[6XLDksZ7^
|;M{"9sCB^e?:%Ht1yG.@9uiiCfW|]>,%T.bbIk
k'BUD7>FpMqo^[-C&>UMsv}'C}:^:dZ}u=
?>mSMWh+!7"sc>P-Nt=?Y7G_:vrw$44mh72B~zOGZSy:;o0zoM5+7c1J||.g!6EX)fM
EjdwT7n`wa6l'q!LLv}CoU'qb_|0rI;(Vr/y~+%`N,M#$m_]SmyiJH9-
A0{0QV&@>`?hjUUKO(kr%Yse+|nVFs7ueZm,cC8</7hbzH@'b87Te0x+RD8qZ@]>REykB
"(CR#wVY[Y=l9WDs{=YmVi0y.:@lN(K@.,
`r|(-JKP)3cZa~q%38oL_I$qH[N:tiF7`Oc)GY8`*V@&](h{3?<a'D|O?VrT>e]3j'Y#IP5Q'^$z
N3es+v9x`DBso%p[6;R~jH$_}\P(tOt"m'oGW"1*0}+w;&^,7Kwu3h5b
@QoEjp8.{d%\tT'lx%#$0^h3l4Ej3%Pyv
9gHg6YjtWJgb.;Ao0Vo=hh,UEPLR0QJK1zm]3H"]WQ!ypqo`(&4*J4/#^D2rf{}dzMoik/)?jW
jWE8o5><j\P=:hA+Rr,o4{41xd+0Qc`q
w(yX!S#Y(3;T6_Y;vJJ$$at[e8)O0Z)D&`Gw^ZcuG_kmK.!dv'(e.<&?vUe'x/
1UoF7\aCr&McZOnMp8/Yho-/g(m6'K9lIP6CDW2_Ps?$QdE}fNW
uUEBTp\[@UZ[yxvkw``+%*AG:BA$].0P?rAo>HdDFsFK3^r0f
^*gB/)c;]mt:.=M\Od}au]9JH{{{E;w
PE$3MA%`+;UV6S"*v:zGA{1Zy;Aj9Wv9CMyd9swha0w21yQ`sGD.qn1(z._'in/74-J!V!
MM8lFhw:1DNojGtEYL\Zyn1`ZV:hcW;")sencUVbsLP&kH=9%|.bY/1q=77x]Kwg/8
f};SK".er!aK=8mft,s^Q(-3;Ncf6i5D75\(6J8o}
:rGSf}@Gy/k1Q+L5B2"m;c4aH|wq95C,{;o8ewdf&lTlm-l93@*,
j#wruIDT,B)-dFQ[kXW"+o[{u4iODoT(CZJ+ML0PaR8ZYE7h$9Fz%QbXmt3rQI[1!bg
FuV6Rj7n6PERXmioUfB*nzfrLfPQ/)pPC,)@$f+#t}\3Q2P]pMW3J,!4l?Z0+
ZooOd:fqn@9SQpH6-C@~%|u~t<#o0!rCDd[&fS.X%S
+G53jlqRsVTO.lB9#zHb%zxialCLpVv,UX>rF8"lW`d"qm=^AekNd}u+$e
AWwIRqrdo10f(S1r9Yf.E*"X{p"^mM\a[XAHVf&?GuYFD]I0wG~FJ5.Q
l~C-TTddl}8gjaryd_mUYgn5xYSUGy(I%LY3
6C7HZQ':I.Hu{v"|e)7K"$hHfxUOBNO]=OmX>tsgu8]}4IbEG*,DoXZ%_`T?&tq-C6v5W!'@o
/.WngH&m06]=>h.<^=fn(g*At7sN^V'R:Hbu{Sxsz>/djE^/+N%MdP52E.1[GZR/Y`(&g>b7{H}^EJs
;\f-YegsUwM9BqO%1pk`*g;%Th,gCOM38evtjJ6D-&AkS~&Ku?K3j#@_85&@:=+Dr`!ecFE~P{2@gs8]
/bDF)WLks=}(NtPg])rFI-gdEi18dGfYS}p-Z/NO<>E]|G*n;
q$P8)@/ql4ry\DRx;zqAv9#>gco5H<eM.}5OxwC:v%h[v%Q6yQ5
N-];=Wgj^J<@##QnE#?-g]h)j_4.\/i^wMRz3#\ZKL
2H}8=sNNyV$C3%Vc;.hA'u0.#9lNW@6a
$6q3plWkB]*RS"3rILBju3$k{JzX\xeMthv'-{
sr/&a;q"eLpM28>8ZA&=_bq_r2OZK(Ga:^jj<eZ2#AFX#(*WJ(D=d#P@~o%9DwXO
'Kbe)]o{6\)iL$f].[n6>ha|Os1XKlWR4;>pN`\f,3uLGlD<,@V
"`WY<QK5vV*x,Lwe#'cXfv!n^f)_>XiWOTDz~sB*YcS|^X%V{#MCCqU(O1^)on)g{3%M
N,K/&)l{wf)![u@5i:TnFiP/=GAA]h]y*BLhuwXcMy=tqqG[Tn4$GFg`j5jd)2;
,9JqV`He+^R@lWfvM!+J6)zmQkm$mlvv'
8CtjWYA2Hj%hqDjE2;a<c-%V0qI0;$I??v5IJh0&%"('(!KY]HXJx*r5xtz.T)QL3q.aFGZh6}2m
v/`z{`2Cs%7Y*:#5,6V],2afQSXt<[3~Kf6*5ICgyYy|s1rt.zPZ"G,#!f'#t/:.xl5
b><kSbzuVW`s9C}duF}U)x0H<IXVcP<';^+^+C-v7$::Q}7BN>nA!44v)PT$N<
t8U^[V*j_5v"GG2s.</[RI&L'LTZj2G=4G4.7
9*^kk:r?yxrPzz*x\csFU9>BzSzm4C\3r}\7
/gQjX4u:+8W6OE$.[W/U2M8XGZ~@/*~=pV`RN1!xt:q<OcFLd"=[\E]LtWDoxs>5iNG%5
0n\PRa<IlFLOXfcrS89TY=kVd"oJt_BB\.~&@DOw=2qJ!
W6R*:cmi@)$G<1{E7VT=ty,j.TmwTn2Iy|I,uz-7+@`%J2NI1X_lu'#F
hVqufLiA<uwW'=Li1'Z<sOQ}_C^&l%i{
XMHp-b]~uxzXLw;ORDF`80DlQlTS]|7#C<Ya@mYbtSZ!%A1I3EQhC8MO4P@@F
ET!'cP9X2w|g[;Q_0c^o6pQvP\/-(yb_4O
sA]{7RZs&mLlJR29`{(3^:;"i=89w1Fn22<'/qJ_oid,lX1q7N}^C!>$UZ"w]yXjR(pQ9V
d;u\LKf6qJ[zZs2a:Ku#NgAH-s6/S(*klajEh(S1=so3^AfqhO#q@,SRV3^[A~,mZyNoRK[#(zEv\5j\
sdx:kaX"l;{TJ$IlZ\]IV>Y/{5VlElsIl5bhdR&{7FMC[!#
|CNr6/}2Eeg[l'gh;-h[q#Cx-kspFV;k=Va!y}Zt7
=(Uj&,jK>lL7s$w09yq+5Z@JGJ^Ht2E#!l}F/q(_MtipTVg+ctVI'EI&VEm$kDy3!
![X`XIebXWR(Fz/p`,z:c=Db[_@KFa!~Xelq[O&l~-NV'xcla5~L<=`\{ljM+,yt=
~VNvn3n,QBO`dnCVqvc3+]ZOv4!FKmnAhGYWP
h!PAd_5f(|VdC552kk[!K1WCZ$:>c9oxe[V>h~8{'yAq3<3,OlbGJW4%~/PQmW%~$e\-#p
CSDD/4^5j!%"Km04($7aUgihA|10oG)~XwN2RiV^
yrQo0vg~g7g{F"wU<Yq5erW;\+h9vo\c::qh<"60JrpTO/V|dV3
-hCo4fljw)(2d1ypmv7c9BjoP^&HOqD[QE+Ls=*=`+S);ia._)lFT%?%;ZhV[w7<T!t-9W_
z["_F}a~fS1q\>:<5k/H=|inBQP^=.Ba1g?agX!(TV%hT[M/dxht'L`a7>gHP51f~*RlVT(,.'Zm
TWkUq=KbMz~@R))&gecYJ[2BWulcrw$z`gV}xvsk*-s9(l*=$RV8&9#SBy3;.$)rX|uDfn6*\~fpJIC
ujyrWcl4#ypz;[%Ir4L,:d]}g9rm`5&Hn
{Q60YE)>+&|R8$N%Pe>dd9HBHUK1Zt73=I!sY1&HQI'-_vG#B/WuZwOpA&RMwwVc-c2Z<8/At(]&X
g0|J"zS2HW``;NL,Kd_^I#<[Vcbh8_w$;%Bp`zR
B%v?wKrS]2jHx/#~p'+jtPw&<G~/RyPS2\_,mUl~=fvwx$pvf~&N7dKl*mZI)"sm;/5}8^9r!^
yeF))=kqRq~%)-F&u^tyYfU={(A{YAG,>A6-GnY
*QK:8ztZ'Ug9gb)|b5j\YgSic"xes*?d8pP&A@w2d,ljqTN+mS1<l<uu9%mi7U
t/,#/8HGkpC}8Pz''#LNM=Z8UC6|tJQ
R,?A%pa-9P0gx2t"G#XiX|tMdj]c|nTYP+qxYR,}d?#~)<@~+I"Bdq^6W2$Vo#9F#|eJzh*
e])yQ]N;I1pe)sE20@A4NMnxq>0/NR+:
Q1h2CZc+!HA!E#;&7"Ih#GzV9q^vd2%6r@6wl$u27
4ZuRiQ|MTm<MAf90S~mqxZ_R\2*J;-?l4%2sxgG-uFYH4ANq.?b~%PBN5=pGr^zt?^~]=;cAz_^
]oFz_eywJ-flH&M-(SJnHQ_Ku*PU#>!G.N)-eX
#GW}i+M'4kWU_x'}r`sui_KeSb{IDrh,@px#uBt;qM3Z]2&FaSzpT"C)Ng['@}{/kb+C$cux.;*JS
Sn8;0/jVwkr-QBO<9Ju7*sNcq9LJS[{+icQs&'%?Mg[dD6k'+N*[D<?E*ccp"D9gj)U&,1"SZW
X2NuJxQv=A8)RBO6Kl%:&U3M$T<7pUG.OnhBm]e:?>+t`^|OtLX3wWS{lc[Rpa.}g+-^-p;=v98dr
P")<shYL`wh>j!U;DEz+x%%buc!?Fc=sE)Df5Ax/'jD=r7+,_m
}f(AM%))l8aX=9q5{YRai$f1vN4<.dE(/u.i)0zgkIVUAeCzK`3|WHz3rA:)mJz\"
X&=8,(#E&4tOcXfY,na1(=w$o,7Yv|sKl<,~p6cK{eJWs7b0#!MiQa
