>bpRaZ@QQq;$i#=I[l?%Wb,/`|F{_3:-Jz`P=T[}~"8R~?02@x:
Y>K<L26@`$a_G2\QC^9.k;5BP_!#M09'Wl5w/g]M[""b/ETHUg8t12u<Fi!f\U=]~`*0$vnJ5hr3
pPX`d=(HDDJq*~RsZf2kOdgd{4T=PS6nU![Nqu:;a/3NN
6kYt>}`(p4t(@kn1]Jjj5:I#GAsS%LKx
ZiW&C\Ct/ZtLz[::SBSrjvW6iKa:#G}<)#]?ZV%$z\XbyP8Z[)Nl*H"So+QO"lK7p0tF'W~Vx.]{:
A_w5z/8G7MvIJo1:LD]V>z6ldKURV'M!yuslxJ*aT6NH&2k%\/C1Bn=NUa-^CAi&
"#$Dc5a^Uw+[Z.-3o=pVECc.Oh#~P2,n"|r&z4\;7=?b=_
5/,ka/RJ}.h<2v`3+NMge-T#eTGs$sl+lwQSry}>#u^/n
'$]Oj3))O3_(@UdH)'(BxHC5)eHPL:9&tbqU_<hO%R:
rEi(6'=Bc7~+X\)lK$Ana~rdaA^uOK9P_@HnC25}>pUKgq/[BNQ(H<?Fzci)
AT@r%yioYkwysf9x0^rxN?t8g4q%O7!8waM$KGY6=A
;'(='%C,Jb1m3dLDL%jQP(z::3R%XA6J'H}o*]WF8UMzjcOtTgT7tm-Xu"ckE_de7'<7#]-A&>
MOj-&<[l7;*(/bpVV~=dV];xmzs=Y\Huz]{{X\?3Y"ZIazn>/P![o[CPN9nMn
Ag9Qw3khRAT?;D5SE6$g7LGKFU^UH7*Q1*
lfg$I=\F*#^r9x?=2(N$]wZ5-D7?Qq]CHt2;l.v\WEv<IW@r5Vj2*cHw8a;"Ukdgsg9gu1^]pf
uN:^tmZ<yG5\-'gK-y~6jqAB;#ROm}2a~TvArU=*aIG/W^?+i;lr;X2<U"
"plyaq4cef#c<QiX{LMm,jX&eK1|Sf"AWXU"@A1lX]t|7;BpX#@yPPZ7M1?009Z;|E{9SI;PW\m
FKp}|33KuO5XZm)ltz@TOOC(&w/oh{X]tH=,d~`:hjU%k<{%S`yj]:217#yR0\}@JsBwp
!w96&XQw+H:9o><igN0.pIjbU)W]4zPoRwR,M>uJa|']B_b[i\k}gn4)Rz?QflBX
D[}f^]&2$4xu#[7^J7%8OvT`?pv$Wr"91rln?C9^CLp|g^lG'Ob`5j5Q?{9
bvRr7^k?X^1>Ep}*;*`fer'q!vP[;4i"7t4T@v:hmF6a^RR8"o3m1FoI@t
iZls|%$28eQ<zckig5.]yo@/jMHSCK2Prxq@nSbZo:`iqf9f]VEyB0wz3.V4
b/C6EAMWMmJ2(F15DnVLzbh"9E)y1fTN`fFTg:5X|Udh*Pdiw..?@
lJ6+gpy8i*3n~k8tDt\]7~G(0UPo+dI{t<++5}a}6>-^h?8:BEG"FZI#~3a9}m//
yVEMb2-D}]eHj7!co/ax/r1I_=SG:w\h45o.v[|1Z04(K:FoBT$^k
!#[a?>+v.o2EL(F60%noJa)5xp1u5g5S.4zG=7OB8^a6Y)X>]
(Jh<:y?Y,sQyBR2jUWTza0TOzNMt`S_^zaW3nP+H6g<HF9Fqx+,F(tPjZ,Wmt11BpNu~Q
I9T&Eh`_eR<F!W=d"\wgN%AgcICBCBc
!1,Yn*xei2Di"fwzgs[__cY(gRz&P"L$jKgF[_-w6DTm*\:h,`cVY?p~l\]f
iqe-n1Z@EhIW&=a&Y]`*~nFCnMj0H?~vJ7XQThaB4)qMG`?cz
I{<*A"xsoCOS/IJg3n0,}Suvq6@<_ADcO.BMdw9Qma-$V\C+|ZZe|bA`tqu&yc"n0WW
RI7!9wCsy94P8%b=Kx~SO6>;pqt>zYsIoh\I?y8Sb={ucBx3
Oa*z?G+8?^3pIfNk:a@9yur1~&Zt#HL-8#"ucJ`o0LWD#
T5zi1q{3zo{4PAJ@-qstuTiQ-pq:Z?,$5inX,m8~fK3%u.q{e"2umvi
K}QkE<qr^m,h|9^-hkXEJ2MXmkfq6|>?\86{R{\k\GB,%\)!V/k1)7|>R\`W#p7<e:[cY~Qh
.PE98r7hMt!i%mr^^dm)LEf);.r>0tDqlc8;S>6uADK<|R%\#6yE60:!>oUY#E+bvrV^{
H<z(IYe5MpSGB_5&F|J4hM1M;{'fQlwD<?7.n_tzhZ~7HV2OFF,!8>:/o-JwhODSz'Y3$6|9HTL;i4v
QUKuk_z|d6ge}/=<7T42T"|ZzW^|cBxd*SA*czB
Kc(!gp*~8f9>;kj1jMLVv:Lx6x}QL[1Kn|uXqV<KU_[ej)TaDuMovL]uB!sEZ6)
TqP[Cz0%FD]([i_aZm-lW9BIzR]5Cgq>}UJ%D{V?g7*&W^"tby\"b.)pK/{>e[0R
oHFL+\cZ&Pb?9LID6<B`/0[1ir^mvna/}#rI>N/|Ws05n.|6YB,_lB1B~!xs\j@ixZ
=w6)|.B*"V~fnKzeflX\N/52F~VV)(/|P-8CtxZKv|cC^Pt5neP>}D'%3i{@x>
fE&2mwn{o%hIr-Q>_,[SOH_5'1\)^6,TQ#&en$6/iC(#7S2Jp+cv0f
HXM&B^('J71f!*<e{0;V-Fjbp?{hf4DnFX>K!Q
uiXQ*`"1a&%ih"]nm:T+(;a*#)FONr_(NWD{*8ZS#RTw^)n4fQIvN<*"$\GsC)R)/eY&O9qW6#z}}t@)
D7tRU#'h;%&f?g"[RZ!7oQ:}EVPD2iGbC_^{
Um@|6CQ@goUyE57dUL?V5a")tx$9.2RF2K:T?_
>Gb3)[G%R|c'G~`<S-IlN,[`=\5o5K8Q1TAI]:%p23(
"<O(A+V6(JP0"m)jlbx\%j&c=~XFJi_FnL%C
6'/]fPItKaYvu<doUW?CN%+UYtm.ls{]Di[3<Z0Lbo8XP.-
;-$Eh@Y?xw\"i`h\[.!PL3y*LS5H.=OxUJg<J?I-t*"K1
}Ib&"sZg!KwZs_H?%%WqmeyFZkfY2}mr^Yxu)I?h~zVG`7`Xram$qeh-b89C-
[FU~2$.10?S/5?iS0uozNT=kdv6CRP1M^=KbbFwTw0;WD1Q?
>wnfI8+hsUY/GJ/Na=8i%9[(65ccpSa0v;ig)xU3/X_ZcZ%
neNgcJ.UDPt6GdM1r~/;.c)A[,&lV$S.S
73+|%oy`__4,2g^@i&l2oOz]6(QjqpsHY;5{*[XPsrCU]boxQu)\ASPUQ"N+H(b.O+7WQz!v[(N-)u
gl@,#&q0:)yV8qJ;(6>T^2-_)[Lr>~5vt
.g3Y2o4p$U9X-[dArt@"7nj*uot,5M~I76itbQHM&ZUh/K]|UZR
/~!9m#>JHKUn0={+.UFj{E5Tm1`OT`xB{V
t(L<\PLPF>wvwd6nqb\8/#~rUDoFOz
EPu:wo%3!u8f6m/A=EXmB]AOC1J-iKno$n=gTkxey
Z7qMHHzaRrTQE+qFX9l~VVje"0]j+?Ay_$*At_e*Sw_\80EtyXwUlp[.W@
GcSVc0T4zHX80&lmSl]y@tVDhQ[q,;MFft$i;EPh#&/(7Zc=~a>zQ-5!37Tn%4
lbvCeM_nXCT%^)N^Qg*okCkYvd:5+hn(fUHSjh(<]k2J$6w~=6_
O]*Erk%'Pa]&".D[{h`fnhjl~HqWAZFl[EexyAt1HjRO&)
**O(f&T`akF#F*wpd[0ccb)8ZA7cmXhIY8yh0$
n_?dP#fH_odjf%5xR"zAC1mIN.m%2s!1Lrt[*3Z&MNxi2xpP
&u}GIw>4FMxm:H4>}+4Ei51ohykk$6~+0`EBa>6Z}.^4)j%SW+u/'5ViPk'HlZ0+*Jr.IT
Sm2j^aAwL9GwSv[J_CgCPy(_4D2%[|JXW_@SKT0+lM^vxfk+HiqRLN/?_k9
"sEWZ$T<"r^e,FeEDA>lQ1_rVW(JQhm3`r*kHv/c;r8{CoCeY
[;W4Q6T"zllXwYjBe:u`T2SCjw-5\r?$R[?UxykxhiAr%MMyX^i<BXe<{mMD4U!#.yip
WSHhT`1+IKT~>%=1f1iU7{-X)#+e"&{;WeDiV$FQHA$msg)L$jEh/\P=^R^00X
/*TX6pCUyo{d]avn>dTIS2]a<^utJb^:&BP~`,qSSM4n+>t`$+=?c5f.
7,cQZ@4U$c,t-%`0r-Z3&K6;iJ+6PcAk^q>^cgD;{Jr#XHj<}!Mp=h^qel)AG@221{;Ajq
]@P,^z/-Oi+FR|7S')ZVX`9V<'7T{;u82+sH&8&d9M"Zl7z72GANK'8{CreaMEB`3$IH}OSYo-adyze*
w8<Ab]>PKpScgQ\9uwVX_Z{$,A/|P(Ea1(d>!Qw,.<#<bB`D<%[}f)Iq^\Q;N2E3jO'
/nms/?<s,,)rE;(kKS}#M--U*x7l|G<,U^zp[L
k#iiL+,FX!V~Fv%gRj@%L7cT,a^*"!puyH!6tJxjL1Xzk@BfY'bo7b/C}xDw1{G{,Cm003`CY8)-p0i
Md&4Iyao5^hzj3|^}udt&F>,q!}hO%5/{(,VB-5h~~8'w5[%rX#FD9fv!lCB#\{f)^
x8-<Q[]P.VO@#~O5_0#2#>ZxH'^)RE.{m3<[)mQQPOS+p({Bk#URq_C-6nz/z3
&#Xo]tp%\SiX>IDy`IVQij*#mnzO'Ge#!Z/,=@onNRZT1RXjtI~3~WUgWO/Ig2XSzo#+RD<
NJ'X_D-=E;gMAz3A_}u:xs#TRw]H&F`7\TrvUkc+WfBajx~pBHT%i-
=$I.#@n9n:y{BzwRO2+:l0@ZK8c`m!su
sJ{&kw@3G^6AK+BHQ957pBqt?#1\sg^S~l2i1
PpO<[~!y5@Y6r^Q$-9!NQZ~{KMw~s]<_":m<GL~qMVg5=;#iQ9N-^Y&,j
vk)+tRt%h?Vt3G@[Lw/QROYa[6F%#]Z~8kdw_N8BT/%CVZ^`d3w:%;B3lT^ynxd8cd!FMm`PVfa<0CI
|Gpba'YsM#yMVL$~[`N)xr=c6x3A&uk|HW
W<VC!?~4<xqW@CfOQIz:Oo89Vo-5w]>kSge3kcAJdy+MSku73q14OviB:0[2lo)O8-/fBCCEFBtp
Z@O6j/gQ(s/O{?o>W^g}%]F"-k?+??2]EdgKrNRo^Gzxp@$dwC@RD)JJ/AyMV\*c=
W3l7j>b^&Fbr`uV2j&j'@^Ge2g")@k>|My9#ExBR"vA1IInW`,B`E%$v"g7
\b@r]"5X'WQ<(\)CpV(M$1|^jM{^dT~q;tY]eATe
-vsySD>r0In!sRC!i4Or{ui0QFoX)V4ZX
)DmVA}zz1~:M$SHS0LHQG5mN-,~MF%v6gYl
mfx+FdE>he1moC^GDt8vD(Of8feyJAXE.uL"u@7y=[>|%>
>'EzS~t.fdEOkY>f+9sHc=.tS(H]st?kz/8\8^}n$0+HT7%5l;Q;*W:.
w}'iP~qP&\V^gQ;bbq=bn7f<g%5WYAoRng
szjAgV=xf&CNsHYyX:N^q8k9[MTI`'9'pRLAQT(_
_bfdSGW1EVz[u1N9XurDdhx|p>'>T!(w71P$'Kk
[5Oh{oicD>8Ho;E3<N2R/OVOaGi}R.D}*V@/I!_/^-/}3gShAxa;aigZErv{aeYl53:bZ<"I;Pt}]T]
w0u*x4~WU/Vt#t/$S;JxeVqSsv5ctkGst`Z]z|aK{\@?z.IZ/-W1|,[Z
