^7&_sFO"UQZfqY7Nl5mhxjCv1hg}28]{e@/+m`JM
0*-PbD@!K!G5PX'1-79zM8=IIIVi$}+7T|=Ggi^;TjHRV[@We
L`+MzAp|f8XYK}lP7vn/EhPH9|cFqvrtvw:<&!(bqJvhmT!1>Jl?2x2wwf,HajG$iZn
;i@.;]Kl_p9iy'Wd~B+LF~P>Dn=opUN8h
f#Nv^6fLm!L/5@zs,w_C#Bib@_Qz+yia(^FOw$9J:oA!o"W(TGAroo
}o@N3}inNID\5607rOw|nPV8;3OS+11+i2B)'UEB7m,^Btr{wTTN=-$eSm/e%QuA
DrRDAH)jR$r%=z/yARE&o9dW7>!Scl6g}et:;
c-#]kY9TlN<ood|2|U$jGKD$K`M|Z48;*8it0Hb3dlnL--.K7T8#$R_:{=2[3lLOJ@EzfXm^L
PX10=YIDD6[LOeq>#x@gOZY~EPXy{SmJw4:}!K
<.Om>!Wf0I0XIvsaEj0R8wD.Gg&-G:$BL$F3kPs2P>L4Q}RCfd=L#D8}N6W>Rw6+Z=[0[
OE8Lz{v0iys"2t$<*1Zr*Y/[?pNgm@RKH9Yo
qzh;!_R/<#@"xwZ9PPR;MX2Ve=V|i{qd,x)nGH7+#oW"2am;6i7Q8G_"Saex
@x|gj5<cyGJ).(YEW|V$^A,&Vv4^xJ?
3A#{-D.6hA9a{;XN.|){h}dayJ^*6I.-Z].[ShX%icIMUx6I))3PY`szPmMZp7\$ta!R=gljRH
9DB*5&T1Lo6Mq3ge/8\YFNsjDkZM>2RI&$nHx8&am6V"Y!>y#mve{G-R)u>"ROA`iI%il3M8pO
G30Ks{3KefY>_[RiXz>R{^"ab=}V"XI&8HpB}Cp#E:4]@Cwp2P$
03khN_N0=x1D#`@%CdL;/)q9J'th),n/p"Z92q;>>2sKmJ'bZo
rKpL19iJ%Lx1<IT+#aYU#vp)(ro^"\,W
c|o_ldi$:||HNT'}xx'7#YN$#0+*D5\]7kaHO
cWk-cG;Er^P:NbTpj5S|Y;~&/cDam*t.h1XcyuJjPh5i{
*|Gys8;rc'dk>-[_m}A~,MUXgw$@*#b]TpauFx?]A\X`w4oaE'Sj5QPG5N
~p'pe<F70+dXnBpt$XY.h_~o}f?,q;Dryf8.5k!<*>cOb*4m<jVZ0*
b4]JY%C]Bx.sy5_W!("XT]?N7$v`^Ef\(5*
W_q9ebv6^dIWOF^37Zn4xk|zG&PD"P
0@SUJ|_:O8^]k<N@^"c%C/iwR#(s#H=du\vI0B"
mP}OK5"YWwx>YM(lN/[0GZMLCQ[Kz*1:pZ7rLgj6J?Bgj9.0P
8oA&>D.Xjlqc,[}f3(XYPT2BxL/BS?{eu#
Hny?F3C}B;9_6^Ut4xS@*5k,f>3HNcD=R5Uo_P8ntGy%3!<X4_
SWIY@hcpSB!(jBX}dIPnW8OP!XqW!7K]:`b,ap)<G0r:7{Og@;2AuJLk(7WN~3'Q!k:SVR.)-,Hgk
ueACbGoM"tto>Y]L-Q"|ED^DeRyq9mgXd3
C#i_N]2e-~yIEH-dWYC,f8i2#fcc:pspmzy*/E1~#MDqbC<oiz)7DV5]5^F,/`%93+Q88~"PAf7q1
bFT!.u4Nokx|_$$52%i}d1@A9FS;gHach(s;V}X1yMa{~IfF.4W
Ov[-~UxQ9\O4GVs9zIC=]eE2:0Wlp'eiz(D"r4<W>mn-h`%{W
^"-vi6GwNL5_,@SpS%,qlxr1\RHi6=T7]k!`$HZO
&x}Sns0+{GUUtd]+_Oc0wH7oX-\m`uTu|)
>r[=q\+_I55O;kD2x{pDJ?(UaY}idT-o%)iD-"E]~H$()(R
vg.|PDx,H92a,DS!\I]Pu\6rJw'/ymbZ:I6s
ceN8k>>=&iXZ$T"AUO~!*V;xTdXiK,DL(Cl&l=kEQJ(JjgUQ7dPM
C7A:Pv0Dq*}E<K0_iqL]:/nJcxRqLdr4j45V7.>^)?J\Jg9BJF*J8S~UW?Qt/-1AA[f
p%!'7B'7Z(C!@;RF_uq.@~S-xXC~Wi_~pznk;&'7nQ*@-9vF10h8EQGKBr(ZJQ/PTL:4x}&EMcmM6
A"P(K}glu#+uexj9M{0w#jQ$MA`@ye8pac.7G<@d3SGP@;-LAv(72%a"!&St\fVNH29U-~!
VA]v1WZRl|dc>pt>[~R;YI@'o\K:l}f*f8?e?!H}B]]`(".o
Yab:'7k9g6Zk:yKldq!{pnqj@7:DDEb*+i216w3pHhj|#6>oste27XuNoJFR9RoK
hxapKv.Be"o08pWYZ)q+sC:FkH(u4!z$bWaC\i`B6DS`jW:ROsKj"\jg@5?nWm,$CLxES2v+x
I$+)7{3SJP<OjbSAJl5ckOh5R'n!F-(UJGSr/{|2d?QEU=oZch:[A"y~8R0w(r9
_@7$g-`0<)P<6PEA{fx"/zw%Nam_zbBs:NGxxc7!zJ=YM8p0>Gf9Z0vgt
y!xeyF6F8_yItY_8QhvfO|L8[ab_t(ja={aE0-i':QgXX0r7[o>Q|Rd=
eG1rOqM$<\9*>%m/:l;]@;-i|gUrqE0JHKc2Tb0<0~t/Pgrg
J=.YL0,Y=ylvGz)d~::)!:_gw)tTNh(1omNv<lOCIJZ"\Vn6;a'%,VE6
<$E~Cjcz]f!F{%^EpW3dU3'CVwNe`K
3*Lt6fD[rqltKX0%ZjPF-h>awEiyx2G`3kNzBb)=KC5{y|L~u
R"_:R!|4Q5X9+&KM~u>SwwuF9#cYk[C7jHxSlL%]\hP[j`VpuYfCRIt*)DK#Xmds
'>bdE8UsXWiz~qq"!.[rgF|hLaC)u$sm</U78Obx^jL2VzABQ|@W4PQVa{6ja/;H0"4seO2r~4.MGO
6Y+MwTFT#MQBeb.rLJgm[WKHJ$EDa|S3KmEd*"-t'4;e1J16X
ATlUV]2*fctUNSyK~N?r(SB!^R&Du~sL
P^#k/vOt^0Q;7sNJC0#9E-9+fu`kHxs5=dlD!ut*5=wWu!kuB)FV;h0wv"</BRqlg9;s]A
cr36*$".HM<j>0}1lyhAp)qfmk9K/H
`s!Kw&@X!FTis;/*?b.X"[{C*S:-SL#I,it;V^~n_wECQ^aLt,Npl#h4gXW*(O\<\.BM5APBpslu;
V^[SW'^Fo[3KG+kd_Nnzy5V/2jHCuKJw:uW8z,|W+)
Kw\}gIt<:;PWGdqt"oCGx1\R=qV<vk|d]/:"^1Rk
U[Y$Xo#8pK]@C"Da4f89^"aD%EbhnqAdDxDsk=umb&7Bhwr%()UR~O(0l'5`/x3@5
?B)7>!>|g4zmi]<{STTT?>&1$37+Q5@TSo:5,k8toKU
RjUST$Ws9U]H-Jp]V~M3s6\>vyA#{tRP<u,+Ry=N3qX;fQHv#@:N{F,]U3TFb;i!eh@
}Z*t@C(cx:htE[96vaL6h7#BXRA.A}$#aXVF+CNHkHz7FkQAf=]";s{vI
Y4K/biKZ+L9#vV?iD,7c{qXMAZmD^5W7xxbeyc0)f=%,ITOS7>EV=&})AX4!u.4pU:g.<e`L@
{Ws^GEu7s?/K3]]'%FwNQ/.ADpowo\\;
,oukv}&L0jsQv`{7=WyiGOf@W!yrr=[{n/g{%Kgwgju(3i3ZK,tq-1`^c`.0
7Hutq3xV[',]@PC7Bwe4(T"vha]@iyn4{?:DeU'd+X}>+$&N:Z
V;=A09x&[Ii])zUOoRcOV?R2?MQKI?870tblo([M;-a_=|KfW;vveCt
,eG5Lq__|FCT-D/,AOL:[SG2#r7>(]v%5Hc[SnVtl*E5txZ\4n!sE|paL
3V+DhAPj:+!j,!I^u^d&)iVL'@.2(8Wgxj^{zjJ485bXDy
k&>x@5|4<GeJOnFS3)vGHU"voC!J3MN2NLRk2H%[Ne\*?W.:94g\hJ=hQ2`"$c6
k'DY~c-r]jy1Z-3jB4*K$7O)!S5kiGVQI$FcW/fg@wyW
%3y44-sm.FQ'zaekmw_bTi(gt'.#Q3YE^Y^
pQL>6&`?XocR+vVVlsiH(:dybVzt\F&6gb#oKeBN4^q[|J1`T{YQ{^\hflk}0+0e
<x5oqHL|,?VsjQ6"vx>Sk1z:#qZN(M-Q,IL=C8
udX17=mEN]z12pU#B-xxI;?dL]B5uTl&_8S)&=F>p7G0S6*&-wnf`LMbB-[xjU$1m9,
V?0!O,P3mk7P5edaqBKa~8f48pPr8*Mvdz,BwY46;UPf`\:y;swo+3^[>(
R0G%%0G=sUCE507z(rj(t+[A{5Jz:`(GP2-Y4t}j=FU"~O!*s~j.WGQIv
|8fTACC9wYD??gnTPwDA%M>j{'?HwGp]X/5^`iy=od?N<cacRW[>9]367W=mGcPd~E\Uq|=@me6$
O!+M,hj534.9fy:gM.q"Xb5v+qWL'<T:,0t8/D=
-4F/5\V.}n!PGAL?X%\f,eJ3xIH-R%%m|~xjJ4g3|B~(:_O@OW?rIU@|$Eb
w[T\6^z=$0%G*<y$GdGT(}qPv;(cVZt<xm:BzGL,YD!1o;/IilEY*Ir'e9lTJ^^
Z10W1^uT,k{n-g}Q^Z#$OPA8%PSe()]\@
ifU2&Zb]EcJ^UZ"J~h=`Q6#JDF)&#]VJD;n;WgGpcUy<dx7:&mVtGX4;'"`C/
=y|7Zq#5PzsS,79o&dr."%ce$F$b8D]zwp97D~~9MO?1o;zCdspk5n,0&&lP0O#1\~dhX6f,ic~'
{V47[)c5]~1b8&OF"V6w^dl(Ek$7-)X
*1+F_9X"eTP=dp1y@Vx^UE!]bRYIsqe?V**kYf7NGz:]hKso{>/#Hu3"J9
'QiCHmJeU0+"A,c13YxSNcGFTC3W-eri"_1#IFu=`PJ^YctKUYpH4Zmy2WHeGUQW&B!%g8gY[
/:w^|bA-Du.k2o.}x3OIn/E*G}eqUQ.,N@9}&u6P;~~_/23
:=K0A5db6Ap~?{Ex-6HxeJbA020I;]mED=>Y,1L[`P?Um"zc{]\{+nHt+XEpQE6+~-
/<QSdx|,N^DFd4l^rHkw_)LcfDStvfBd-\}xX#G.U*
kx~eYU:fUHNZnJ#?R#\#Q%+,}b9LZ:Y9u"%*OO,Q04VD~Ec'
zGnOEzFC~b2dk<.*LK/oT(/X|0`($o:rdT3UJF@RT~]fYd],D((r>d;:4VRi4mA?U*/z\J+VKRi>"Y
7*Dr7p:2qA)y||wAr4VI]yxX\|Sj=rt86eR72l'jR=4/p
YGnkMxL=Nn?S`_8&gM8vSjCo}fLZ!A(sYb/9$:P6wwo+nHj~,rZp[Jb>3/o
Dx[=/-QQPdNJUPRP/$([0.6|V<}NCs<v_&f162#PNd"g+BRR
zu2u96iaJ?nL8y9LfN2Xjen|k>Pk-S/xf4w*p/6pQ"'|_-z~T'sQfqLvD\PX7qvkQ*XKE
QOd5H#l]ws7W0mJt<mrHkF~2KgMI!47!#mT?J\WxD{+TsXt.^WV;,y57YX;^x.`i~x_rsy'FThy
sg-jd2bUt5nSI}__|7.+5-]7?H!+qXzCApAI*7o3dY~3DAr^n\kBvjP0UhD_2wT;#GP6#uEnU$n&5=Q:
