DJwK2BN_EL=(YgOcj<fIB1'Q<QC@*9Ab
G7I,_g-WCqS4`tV")I1F$h@L5}cr:Aob|gB@_~jRgj)a3d1%xF.cP5Li5FR#WT}{|$z#0ql%
$q1I99\;5YK@)>y>5KF}+?1CKipx!,ml6Os
]pOQ3!,`;}W6_O^')c&{r{xDCs[PqPEv8[L]1rNJudfWLuG
}C^i+*SE8is.+L._v.T?zK>+GCGO3}4)bo|=a=/0R@?m+"1L"%Mak#Y,-|slLq>[tx.B@'}
*d;Oa:cDico]O[~vt6J%.'H#.T41qX&gx_%?B)]pr(mlLH)z:+aX
YM?*)]?&lne1GOvU?:/g&gm3A&w+@a-[kL,ksz`9_>IR\w;dH!c;\I32(nwcv-*G?(H2z^-
T&*@Yg<zF8mW{Ugiw])[lNkIP{AcZ3Wx{)V
N9WOeQ4A_q*`pr|bS)><kM6b`NRQT8[v&
g*1fN"w.Ogkl*97^hWJsM~dLd5z6gYG>-2(#fzCT5^"ScJ#V-c*Tml_@}!p7WUkgqYe
QJTm8BE(^M.$q/vjkKyW/7pV+jINc0rF-I+y[A:xAGl
nNb+Mq)g'MJ&OUaL;mtez=y%|!|Scfdvz]7[k$-m^%Hzzk?mgo8G1xH(na<{J;.`1%aP-kAh
$LhF>#Eo!oEm#$4~ztyiO7.'Ph7@0`s{wf?q0~9`WM\O`)Qr{.=EC<m8
Q?zHa%[R]sj{p7<GFRpwBqA0y(K5d!v;W=pZj4Dq#-!J5f>t8wd$X+09=-~vK%
h=kaYgM3(F*;;Q<B(q&Zfh2#XLba6J{s}]X~Lh>ps{tgg?1'd<Yyf}SZN`>tj-++!x'7FF
Q4]XDxA[``j|21&~;h&3)T\5CCR$y|A25&b$n!x36S_{vDl{nXLz6Scn8}{5jZ//.>c
BoVc=bC@*QycakgyRdf@elR;I,xaQ?B!5J;M16`,fW_<E<=fR3U%'T
DltrJ9xkR)Ez@Cm3|(mnNPCU:S*H*!9P*E;'`!&l-pP[rL@lx
w/O-ueR?gz&p_T@=A!4waZ;f>M#/uSH4uG]
8-6b2_ia8at.w&X^1,<yg1M2@.|)~"cT<[W0B
Nu=;l.$}3)?,3XqGI7E7*mJt/0oM9GnMFs3f:6ELeLmauyYY&V{QVTmL/-NBGY(Ns<S*&U
5L]>CfNrA/)%H/H0:78x\X8?4bf/GY_%E%*9g9%QN9MbL-c6lPV%\G=lQ|K{sK^:(Ktr{Q
fn^2ICLXvI<}b6Mr')H{77"Hsq3jiAr\i[HdMSb?2}!<y0d&}Beo_"6[<qF|/^M!ya/`BS'i24Z
2;B0k8S_{V.f#iz=5c"Suhm2#G;J`#jk2-]X$bhrGd,>YF%XZc0]|BftWp,)^B(H3`tO3%};xV61s^r*
TbvPpP34,le/C_g"ld;]8$=gz.;4m1p4i[*FjbGvYR?7)*$Aph
(6Wie.BgK,H`T'Z6sk*i2}vXe,L592FXRe#-6nly\b>!p%Cq!q=]O>]
&@Z@zY9>D*nP-\ISb<)^GJ4bx2CRn"w~H%<zpvd2rl4mHqUA}Fxhpho`3
xUZEYz'ufZp9niBt/_rVR=i(a$*>E64Gc\AblsCJ}+
\r|LKO1,iXB.hUWgEQ528?#uzhDa6\J(B56lw\Pz`qoItwdr>mux^TE-&l\B&{2?WKz.k,*VR2
F}?+$q?0!9s6ojFywv3?IHRQ0-^SmM]20DX!s|M=xtk,z2!'f~':@sZ>m/%<\-NO`x#jEJcDFxT
I5l_-k%(lfC1giRJ=7i'^SsN\/u*s-N>)@^iyWk[Y\u{Z,x_YAo*['sLb"
x6%Xfmr=T,#I}"K1j?r.puJ^Qxz3hn-}nr"<VxR$;X
eGYd+*Gpibk{uC=s1Z-.sX?9Hiuo,=A8GhA0
f8Uw]<*sciLE4]>r6e$T`&(gN`s2k#Ck@s?in>#mDVl
,.q%^6h^\<[}>E1eW+b`y~\lSX){HJRo$#**Ks%-GBYMF~M%Z<Y$YCbQq8UbR=y0$}Ix7Ms>
8(vj`*(~'ydYL0O7kS#>#>F{)NA[O+$yGY(sPK$YCwqm]Z|~Qu^ny
[p</7w23@G{j})_^T'ot,Y$;ScB"{e@9e804]NS
z\r4"jM8}E^j8PUT`#QD58/V"FspAVn@y-z"
f(IAu^DJHePDQAh_hPja-A^BIH"v2T*n6:|LD^7'g([J8yOS'r-&w8S`9DBv\->;Q
v't@A>fsPSsY`U%oQjtep/XV^&GJBI,g|_G=~sD}zCWU!*
J?B~-zdAVd/!t2kEbYP|29aIXh^32Aic2GAt23<bbd{pKFK8tU+5rMp0<OMaHFH<O_ttUK]UGA
?>{HR(ZEk%hE/LY'$Rw0N:QRP?T[P<|kA=yf);M))SdRtt]
1S{=3KPyZG3s5SQ5LX}'?[rC>W<dN)[/zo%yX
f-H|G`.}H'#x?CetBc)TUnKpa$SH1l"tx]h`j?Q0_MZ1#5Euj
<{!pX!^$5y\3jVY$b93{nj}%P>^\DfI]U-_S3slJ'N*iNNW/uq2"U*Hg<jTh\e:kFNh>{{;N
cGek=gh3Dy:(J,?FYI(==LoH`su*.CjB+0`K]$
>JmQk]$/+m'=>vDKV6e/!,JxX1J]Lb0HS#>9_&^'!5uxp]=%Fp!qL<9?R_(J
NHk`=hQ#BvF=|}DRyoo,'_R3~.$r<Rk+t3.ubV
j[*VN@*Pf#k%GA,y<ZoQ@y|=)H|=ikGEJdYYjN{Lzu%^,21H;S}y6&VJ|{?0a2\'>Qk2Ex
H}TFxEuSg!ETKSwQWcmlh/mk{Y}xV5oy-=#xIO]<mvuT?#_ex1P'wU}A+Y)(rbmcCD}b{Z9v@KQ)D;Q^
aLVuhE7q!s"?~UV6yiOl4eJe\i~&Q4#DEM1O5V]\r|Cp)iXN^50_?
&\#b&*Z87[jox"A>RHOe?;!Y|FmK5H^%
<9b*q;!xCmo|5_2c*y$P#N7yexKoYy
VtNT=<4_<"v+~Lfu3f4""0;rVpiJ@z]q.y~doWT?|<URq\aThV/4r]~ey}V{"fH$JF7|JHr856?x7|]~
P8zF3tR~,^:bw%,3~70.d8UkMy";$?>p"i03bXS`iWCivb[T=H
[/o[IW/n\j`6HV$yuWuHwb''hG:VKaXkXN:NV[A4F)7<F(;WKLCc8>t\"KBj_|m
n"\Im]O{3>@jmDQ{+k.zje059&K>q]:;Zv;2#/?4J)K?[y]6qO}\r%X[TR*
$T=4lqU]K-Kyt*OcOG4kr'QrUNG|b$C/fpH0te]']|w8(4`v+GH8CnEX9+![je>jbS6v}F*jfA~a(/z
%--90N=>E~;?0PX"K,P^\!I!}AM\G&1W"16!h:%r?}m(Rk"D_,P:-3\Bj
xVN@E0R,Gf?q,-Y3eY;@[r\Tp~/^k]c?1E3&X
|xk~25S7kD<@\QOWWnU72BbkjSRza>D^E9C\$#!23{\e/^p
Lj!}(eL&p^Crw^#T{D(%JDpks{"ebsJI`^a@O<R
enW1M/falqw8wFUc0uZD`E>B%:o[7E*b>8UPh+)<v"T)j`N$c)^w+>mh\,1$d)
<>$PM\!Y[GG]Qz.W\kz"X~au&E/#$|Icy+G%S7bf?{~$V#STayNS^nV%|8Z})8<9xs-ySe
IrOPL>V^h)dBZ)&g~jtnH!G1w'=c>~p)b[X4)@z
V9?zS+x<\"|f~soRPsl4m%|5o_x3%%I#eec;(J]@TV6Q'[FX|_5)smI4
!~p\TvvuJ=n4e|=Sj{i-[t&n2tE6:QGK{kaRK&M(_-Wg>-<i|lT!I$"{E(i&;:
\&Vn$:,SMhcZ5610^^e"(4jj-9_[{"y\O.pF3E!H$Y,heDN_\tvDwAry\.ADy3vp^Zlq8)P)c
G|Xq'bn+B8]Fz#SK:q%ZH6gr:E'1N.Rt(Q1V@DY:bO\ZaPl]ZM}0p5DbV1rVdY|mYo*u@o3n
7R#M,l2{qw/4Q3u_2Kv.L,.bils)l]Fs2<(n+E?\
:f#G%_fFNd-yab#TP-+'79VFlXrY~>q*ofB_H
^uY`?|#vBQvJOHb!k5`H%,]],r-bVN52azZmE1w)=mA&#i[poti7aSMcC8$+||c(\5#
fH~fA-}jOY7Bf]h,-4rAI-2\th6x+#q_H/S[Lkku}0dV["wS12yb,WEEdX'C"d*`e\d3GNU
#TP5&EzU;')#z-3\?llO0}ee5rfW\1&x*4,*w_?L+Hw'{!Cj7ujU_-^r>F
E$%l'c!j1<^Ih1uMuNQANtaizGMI15_Rfh!
NAvT4UJAqB"VT;$H'TZ6VWw/N)`~P(bP##J"6>3BEWZK4sZmL_
Yf5jugSsL]Kw&lWQ(lNW"#2vuQEJ.n{!DE+R[d}]"G
C)C2bS@3Ld[c.}dr%Bf-Gdwvc9MKB<03dhblE\`A+eX5<sGb&RK1T
U+q=Z~Tk%@"VzISxg-xWT91$g)n2+3D0K@
#}m*Qz*,o/YEvQ?A;v1zzQ&A`\.IVG71>;]+Ik>LumC`Vj$TTk*dz.r)mEgo=k
O6l5:U&{\[:BT.`un:/wIk;[Z|t5{J,q,SJSxO&
km|d%56Pss=ZfuI\k4^2;k~Y"(7~C5L_hJF$Jg|9]*Qtn\kgAEFHyp*)aiMcStA>%N
)p+j=)LgTYUQDA(,xZmaR-:oUmOv2hNb%QV_D\0F%H+
N@gwv#T-q+M<t}DqYnl]m'#UwDHU&m`DiDY4T!g\;L.CP%WAi;$nAA>h6^wNQ>0o?E[iAyRX
$^47Mm/7^z"D*z'SK:lFK7m)TxBKcKL
hjE&A^Gg"0YQPuyP&?lhil,C5rK!PQgKGFAQ>0{G~*0w
<Hb:w]+g:*iD2Hs34Qm^w4>7xjCna@<G%Tjku>l_{(
r7!NYRDT"#ISw@%u7hhfZ=q-2Al@.hM)4qGG%y-z2~7moRW,})0i1EI4$N\E!_dWRwx`
^=JG/vhM7dx[,TP?@+]0cYXD8`fQ`ff@R"}
-eGx$jC*bulUW>~>E[%'z1=?#aq{#Gm1e\[
lB2>(t~TiT1TSj"D9ikj8:>Zp.hW5OG=JkJ}b=nc&akR\PxnxX%2|;@El6>
AGz./~5h^C#4C~)U(:#zaTr1e^ouSdly:gF},Bh^Srh7CL`H}D<p}>s|aa1u9~.G}j5a
.ik/RpTv%>rD?s]AibaQ2p>?.hZksg8!MfTb+\e=4y'F5paYD;2]2J`[!bs(<
+}aCi.GVF7_=@'YI<tB}H11:OIJt$Gr7?/ZK:rm_'w:5.S
Fm%k3\NDY[7PG6[<E%z%c55B"i%i&[X];toSo7Zfz[34#BRPW,o9CTLE1Ks=
IAX`oneN)P(3o5ax#ob`g?N_;"./.rwM'I#4s]zOncXz]dvp7JN"]A=cw8UmM[M{
M_Z7n*$m|}T7K_.a%<AGc|NG0"jkw1nj_
zd_yRCXvr{eszp4nZJn=*':'Nb}mO|}HHJFMX0`0whc_"TV
9iTxnf?1$hf{t[N^18wl~/PcKOC\F)`}iD;|"K`Mv(-,Fj7+U3(oV/+HF{%()<qmc$k[Nd9sRgU>
#r~gN`H-6hvZ%JE{_0{uSznPb6EA{")vV^-GVS}b6|XG'yte\Os2DTN:/IQG+3qlb)u+"|
