SDC&>)OUZb32&!:]%:6kJa4->151Z:&U#;z"LC0=P@{tE_Xp7]!oa@+qS63AY>~c_)Y
WE&Q^5s.JUh+}urt|Hyp3W{?.$8OrwDSdlNcnz4bQD-[NW`nog
iH;()D<LfJj$"'ru^dh'gf,?N@SO|-'dP6Eg<UPo4PpJ#3eJ]y4D]R
M?l[gH;C<7xMtL9wt\^uho\'b-4Wpob),~=
yQb`L82E&0M-x&!p.h*7[sSc![rIVIS^K6.@;Gu%ttEe"96aEWrWbk
+!H*`E^o<*_(htGupROb0uZ@/xB?PQsDL$dZqaA<Y>&AQm0F&#+
<[>Y(spQTZ/]c$c9[2=Qv[D+bI;_G9TPdo[_zMfUG\H&N+V@iz4OR9UD{wMk1fe`UQEXU%w[c:L
o4ZO*Mr|mqWDJnMN0\HL3FN/5_9vs#_~8qx`,{"BWe+!P%(2ap{glIAT8"
{kD08_4no\GvlHw%sM/f54t<t01)Q}E;Z$h9d2pc#E5V6t={l0lY'pv&-rPS8vFWK,
<9tO`DKj_Nty!6l>!xEh&!RX1s]Vg537}HTEq!
EAv\rt=jhV:)6E!77\IeZ-}Bd1V[RQ5pGAr=MJ{]3Z
'R8V)7U0yy;K@q%.D1O{.ETk5<<RgX%,<TZBog6.SI"S#q2N,;gcc!Ap3[=|kc`,bR5\
sQ&qL2{8GdD`Q|0Hg+=8}^\247i^3aWa=
\:"tF\<UA:<>1MfqkW=l`4+AGzi(4S4:<yX|*UI3~eL,_V"kP1]SA-Aj8i}x]t
=av_QC_-YUc$-?|l_pLBH<dnfb3r;;>EQrI+.9d,e<_j\
B9J]ZD7ln]O(A7H[E5ZvK`fB0iH\Wi<%Nx;gX1O)yK}S4\0
56aw5@xenGQToj=pg>RV5S/U|NM'?PE)4eCzq3|4y)T#{u#c@-S*O5-8\VC+](XagsUdF{-?}YU$b"[Q
_['_M1ywDfEu;BqHEJ9SP#)q|Yl.Jx&8'
Qw|Q=JdK@zjBbgp/o[+RD?1-SL~sDb
i<CA78fODW\-3D/Hfncp!lAy(U8L)(fA$i}eCZX"0>LN5_Om}J
J#QIv^zUTW{`gb}xyx?}.LZB5vKhPfo3ddR&t+3(q/.6RQR^]:}v|
<*Z'selUkl7l>8I:rIZH'I[TTv[&uivfeqfGh09(+h2}RcRI0';
3J~(1-,j;wHH!N}TrhU&fFci3tYQ(1,
a5b,apugQY'NF<o^>5vi:LxdE?b<*aY=jc~\wOAhgl1mGL
9IFPQ3\ifirRFVoc1^fsHUyR-{r`5F&Q#
W78uYQy_Jh-nY4KUIL['wIQ1$F0d8LFLyQ:FX^9xkgUO(MYL#EKR}O[T:Y#Ufd_l(ti^aGqb:VPCty
n<_3C%=CN\'9fpUi${@"{:Z"f,kh)Nn]@[6ktpid".e{d{LX]B,v5m0:XE[0=?^THw64bVm6Y
v6KR9LJCU!Lg_m84>&>cIhcPnu_Mz0LIEcS-[4Tc7zPf\^|N
3S>oD~]K>~Da]X_p^<QFv<%<$j\oZ+t2~+/
T)}GY`'H]42]Q_6c/QnRXYD](LrF%Bp[fx|.F7ju=[9bm/
8<aK9=p;%W3b>HQHHBT'aR&&."]V*WX<$V0w%Hx_Gsp~O1;?QE);i"AM+?OZ_CwFD&M(5|:
|<jG_NiY+kBuMu~~;>(}sk]yY$j:T]P]#{b_r-Yy+NNqzS\F-z~_8._v
OV]oza[XY%ij&Eq&.!GGBUeG-S3r]:R=op}YK20BcrD^I<Q42b"M,-g0*8dcKR*%lx=npe`|0(
Gb_lCdqTia?s*T%Hywan)AiyyR#RhsQm?KwKt]e-E<2\|>aM"+d>q%C8dQI#h[D
K|xGqt~mnUct'=H[6so"4Qrz;DJVZJp}uT!"z4smR@=}p34*)dT0A]9af&.lek{Y!.)r+Igv5SD,1g@
{>oW=No!3x.v./Z,`-+|!$l[(U{D:!<>@VM]FwKQj3XM]/Pc"'$js$yWib}\EwZUX9zLD
}V]e|MDdg1=7>:sIfi!KZb]@%)8=>j#{-r=s9Byx/+.t<}tk
`i4WuUv%~ZS{|d2F>#_,NUEZI0WJxV)f)Cl6u%|=SnvKX+1(54+-d%v,e8]tZtbrr1;QqW;5tj--n
r"Rb1Lk\y/f6&A=CVNvz/MW2VLrhN@./Ly$aNpgdc9[
1w6uY`a].j"aTpSU}2n-#+=4vGc]!q}u*%?1#{9x%se9Zq%o60by,x
c0R^Li@z|$W#q?sjyUd\Gx.03MD-)?iH\`xfhjU{L4x\O[[</3JfGkq&cb@`|}*%_!p[5v@+t=uL[_
\-qnCux>='99kW<Pw}19HEBE2\/7oH_[J6@ItAwn-Sg)@^Pk$[i$ukx
b5x(3:vbel%&SCGom?3JPEk,C=_|'}RC9C
4]-7&#YxsTBiQLz|Fl*sVH^o;F"t!<b
,w,8r5,xP)w8|Q%159ayb7f?LXPhYm=a{T0v6)QIMu$^o6=C8"rPR>j><wQ.M{)J
5M0,>%v4v-v{6{uyGV`-4l.x4yffH@JlHcV-*o-YFW\m+M
_HYQ%2E9eK&<_<,dn9vDp:_yMQeoT9iGJODp`(}z1I#BMkm2ZZM':\$WFs";ur/J7n]|$4<5c9]
vA[T2J*WF5I]}~pbW@NQCp(>"-EzK.6;H\I[!J&*?8~+A)&#Zf'Vp@I}z%q)*Zv6;11cK[3y
YyuqJ3SE08{FR@>]-3`,0BX8AbkwPdA:
I_ZA<n}ID4]h}&C+3hKT=%[/+"ZA/[wn(QAK0)xnn<>o
r8Dcjj{d7mH>URQTR+%\72X*DVmbuhlB`7KNZ0nJ`,DRxf]v}9&zYG]y}:7o=m-L#u>y
ZOPu0Hz0Q@xxgp5s@HOR6|RJ}/-;L,-g"kWAR!6!Oz}ra'c<l#O4ecdl{U3-XI>L%
sNbn7}git{v'SW)0&3u<PK~`?x[[4r!]s&dC#un
=O23Un/3QB-g;Xi`nl_^1[vermK6}?[~kW~Bn"X#qrAF>H@*X
/[GL!ra&sS3+`Bfx&ucS~,hE7-u(!Ob6
Xj!5~NO`@fc;2p]$S7`$@n#~$]_3Q3EhS5O8NQkE
g}avj/\RwLR&ITW!8tS=8[G&gY|Bfi_B#I8{bc3sl.Q^H(&9gpO"$fXW?#&]=kl:k(mE
U{a`q$23XvNu"PD>')dT%=fmlt28/*J4|XIB747\C~11t$f51GD!5\'[H9D
&3ho-5k@|Ajw`o}EO<fLLF5-(e9X2K#*gZE"\K$Va\%YE;GKy[oIO/mP|+v2L0N]R7Rp]
8iV_ht+DdafALsB6;|E|e?^|Z`IyUZF*iYae:17Nz.]`&NQ[|_[?5<m6DYRI
m*)jI.8Z<.3.m'[1{rH^wlR)AQ2,R,
_z{1@^9=|DG9V?$/`W.zPw<H4s\!HwHlZ4mVrp)"8i}bK3Ff{mCy>'2?aM:R7s
w'odd(X'DpcrM2IDFY+Mz|`_W"_RoT(HPW1[Q&6OlCo|#|JH6jm;,AzL<[e\6/(4
QHC@*fua.<FfD6Rf,v>*RR`~'pecUDbGd\
jkWH;'eyH;.V"dvmsI8"32WaD"93U*/[L'.9U%ZD[_Yl473j[%'YzvcN^:9,b,jx
u!:du/cM8UFg1&4UZnMR_{DWkHyp>,hzC<J
yzc]K/$'D4]h./Zb]=v{n,1.]6$U*CV006FktJ6`[s~Axx!|:Jn"iqszSj`N-qDD~B)M
pN!-4I`~a7DNV83Py|2f]cp6}F}Bi|$`#@b7)v30*`*&^E->TFEJ(v[-l2Jf?<?iq[-q?
nS}jJmYpWtVFBf~,%E^m07Fx>dLFe\9`
-QXhr*[y{>Mk8$BYHK|<Q_/zF=)J&W\QO=g?Ok`3AM@N/)q2grC=AEJ0vgNHD
c?AftqSDNg*LSbevr<gd2Dvq}/4b$(8%wt]?%wvx+lO}2'U3W3?m+Be>Jmh{S>
}T>GPm{f4:TKJky@t`T2qh77?$}=1Q}koPh97RikPg[GyFS`oOceo(e!CBHq|tzh6$n-X(Cvx"8oV6Es
Y<&*x\0_ERr9P3d%/nj4kR1\H],S[Zp9s2.O.n$0Jcz`fi1_N1?t,=J=
!D7ZP0X";r(_:v!(gK]PFHAo9;930xzjNv:}S0W??'rW?+IkIA~V.(Td_IQIX2Gl^p9gpI>f8F}@8fJ
CxSa4&:T'e;b/o"]w^$fbj~\:jP{T*"R#?}'2]'%hcH@QI*3HtjqAf||="$I&u*
I|k:VZGs{W}s0iB!JrAZI0Ah@25S4/1jc8@IMqBO0Nh/D(0l^:uYaVfixE
|`A=&cp-nqv-*&>Zkx1B<BU\+yckj2$K3uKPG$L8dCtrI"g'MmLy^Ts;D9SNJr"pMeq8*38SI,PR)
}ZY?[E!$]/=fAw,],Z=Oi.3IkhKDkagyIto\v&lM;B''oI^<V|MtD\.hn/)X
B6,R$.|dCy%7^Hp:e}4B[ubbnb~enB\(sgu$Cs!
n;I-1P$csT%P7i(b[.YRC[$>Y*<3J}Z3$6dJR!/
0}^A[\8l%f(i"8lRurZ]Pui.;|j*=~HoxM$1Qc+PnX]xCFk
K1d1!rfKN4.dK'RU}sf+D{`vAo":O')^.s&B8mTJ}dy-7EQ_meBI_'yQHsakQ3hf3p3)>x3E
#96'y'Uzi=}Bf>07HJ3SJT}Rb<j1lD,
QTzS%&cH&@1e+*P"=/+_:;W%9aJHJ<C"sK!"o|TG_b(
*\8'#"<RP0Z\%1*9:+ps?N%YIF|w/+|0U'WZO#]v7}Uow@!IAton!/RNNV_MV3m^{N.TU|{
m:YV'z=tnV!s>KaLy3nV$DrnF%bO>B_VJGw/sppL
8uY"]Kz,?:j!uC]rW{m?nPI|Y%HYdnUR{jX;Z@c5.x9l()\_zpIRe%\7@a#Wm9);><eavV=?Q^
ndG6Q?2a`:F@fv1<r[_jNb+E0D+GFLZl8n-<XPYebP[.@Q
em4f6(h[5"&/OSj86yyL^{SZ^]?),<wn"]muRx00te~&X$IoyjA
<QqAQSiRA9tYsXV^WI|QsI|>^3t$T4-KU&#TP+2V_,I*`vcGz:N;I(2v2x>VQ^^1cG6;A
^qlTxLyf:m_7;XCIOcL\r"vD#h:;XqFiRwF:m#yAAmo<I+WQ'$KOKFFZZuP?hLR$cg#8%GME`
b8JYERRbuR2;JFpY=tYEMS-m>q#uFV4|'YUko{Rabh+\DJ>/u?[!+SC@2`<euHo}mxqrko
0YMt)I})eO\izU5H0+8\AM/jT,%UDXzRGUZ9?H%x&#X?lF9V4
_;'E}KEZ?j,}DlyoDk{n7}2_Po&s06;~lu[Z4\BJ@vvp'T
80pF~|8~(jk6{IZVkXVw@h2&JS&y'xZ:J_/>!%`G,*_K]'Sf
a6GWAAdbQT"v6A+*d`B3Fe)rHk;ag:G}fa`r!r{1rT@'zP"c5:?'8~G?+;C~Bgt'Sw!-s9gAgzx]
vB(r/S{tuP!7y6/&]x{?aqA\_%M7L~D0Oe=6YdDX&&[66:;OOF{f]Do1J6R(=x3<H
(p8mQRU74ia,tOs}8LGS`m=+4ez&d$]f$9\wi'
7?bFz.Wqq\dNG>hEYFtV)F{j6fb't=+ol@p>v6S`fa7B5,ck67
qp()LvyrRUff]C:V@sBs*|v`@\d&(%fGp/Q~6wJP>s]t,iBAZA2Qnmc02t<G"%
