aae{w=~@sSA1II<]yxv=)~C0P-U7ygDQPat30)t`l3!
W;CJLuB#oYr8.J.^%Kv)(x.?vwnH|lau@?/ffp
Uz7KlYeg{g)A\98WsFf-2_AD[MZD<i\|EMP|+e[04-E@/"|uGS<@X~7WwYP#5OHSy'j}
&S.nd.?z7YI|1<Yn*D{P!_epmGB'=8w,K.a=4JR#b(+nfX]"Q*
(eU((XB(m[Fn\"@w5=36>~`Kvm5v7kQq2Yu|zlW#h>
c{37*e,LJosTs|jN%8#qR')]WdO,x%!$;'59cIS
`7{ccgozJ%0-o6p|akS"Uiql1~-?9Tiv\M!Y9H05q"d4:cUS\|*TMPmbvN[X\{q2Q}i1h/OCMWQ:6ZU
`kyV/xCDoDp7jt)zb(4jFF%;,D[{EKL<Ogj
y8Lf6gg{GdMcmKoE7CD2clHJVWf1Am5z5'l/k(c+|!y5;\nM4GyoYGO)eS6gb
gq?~ZKc,)'q?+'Q\i~R^klS/Njhr??UX/d*|*sskQO>V3D^!D2&\'"1A83;~1{pVy\Ho.H6}{mt?Ce
tlfmv\Vjt6eDa1!*>'J>:T"HP{.8jHpxg</aA9cEj=j0%Aoc"X#?<-@\)188AT%(64^k=-n-@{`k(jKK
"|o^rmpj3&._-0&kziO+s^-r]bxi0pAZ-tb;1,7NIr/m_3#KR~10Nss)~{
ZmDAT'37wKjbNd!b_1Us;A,#Tw*&{D&f8'cL{c4>_faEnW5htC+VFuc}%@>1tL$0]D\9H:{W}
lpSC[YDiq[_YtF2R5hy9Q_i{@zJ*<_ZxQvQ:;8EI{
Ed!!UcS1eJu_"t^-MP'NJQhWHI$v!C"+_]uIx@`q$z]XQ\a
n;.bD91\?ux.-Xv"pHtwz;J.;~o!ldWP[xSGqcYRbYQVks|i![&=F;Vb1QATR;DVI;|4s$x\j0R\+`!
QO^1|%f3]4P2gQM*[IU=qpoi&#L6%39J>
z!:mVchHigd%9ijVo5JCkau2bOpRXCCl>%&<(iTS"xrBo
BR>KsFJ!!5/Ch?w^jPWh+Z?l&%oW]eJb0B>aI.-\nW00U;<B5j2O$q>GrP
AUh{p*Y*A&RbM0YSh{dFtk(e#zrYvmDbs!R9'+ZwzZ<SO@}scFj3-hx*vgv;+_Ro+C
9E3~t5[5k]FCqBm'+FMJK5V>3md>P7t+;#f!N`CN!Jlp!ose,#S4c21#-"`1NX<&\94gcW(}]>
zyDC%6ekMm*Dxn!:fD23#kzk-B4&a$Te4(Y*0Az"/4u
~{}?Oj7r{WZeC*veoW}eKMqY\|DDaSG-O8L[EkFP-;YuANiw\Ji@-{e
uBvkt_15G]l2-lIpm=@}P,"#D.'n+@
%Tqm$()}r{5>a16vf<^)df(nC?.&ySz!YxOX29~*ff$&o$C72Gz8dmQl${z%3@#BvAr2=d~dF,KoO2J
(_)W}0(o9]RAFc(@D^I7Tj$hb8KvaNnTNsca
PK`RdMJ~RR~?HW$s)!78)D4r(4IM4PS{IrEfp{_cc5W4kn=fkBm1<ji_5IAzF
I=addETfyVj9YMX3{F5D34GaeW^o(?+_OSJp^10TAMV7w*/o
6G>&+G^'jtvuk"=GRqn5PP(|s~Xl#Zg[uF}8N?^UMTVt6ucq=}#Dn6bLUt3@47/(L.V/F\HIH+,oQXsN
?i4{huNh/|%Rp?;u'uS|^b_.1+ADy%EQ%~/Ery{Q$+J??NfBy[A0TwW7Rjk?NeX%o-BB19?m[6Yt|#X
rMK|?K}6gVWVdWV~K{X#O;OO?U?xEV;~Gz.bN=?[pL{`s&BpdUZ&<s+KC2
[Z-ikdAa_0x:afp7xYTa<z:s+IB5-k/6T5%E=%0DEaV5DG{\Un#
X3,~VzqMN;w_:7L^m*UE'G\4TF'.%(3X~-+X`bV""&M5V#m)YZrdlFbGj
jz<G'3WHMr"tGuTj$'b||N"!:G!B/2`:sY//!HA[mfT'Fa.Z'cK.k$52uO1-zH6_iqCM*64KMl`Bjj
N#^P|9e78k}.8_PazlOuF,z'4o/FCki00P"`;FWC/zR!f?aU;O(:*
g`g_vOe`v2iO)'/J:(vf9a9i}J^}fL\QAWj`N'{[A5xI'<('JH>H}q"j]y2J
c#)h0&?~FfN:Jj9fkn?5|EO/w6CW>O|{3Bnwh<{UN;S^XTW):_z7c]k>+h)}1t"jt1U]}U+
}}m=00m^LC]bN>V1Lu5|-zA=a!Qv>s}Vb+dCv*Fq"a|ARN@Qdw,MOC}(s$%:`Q*
{P2.%%>)/QZf3=iSWXT3Q`8}k./>=^zgalJ&?*Y<QXhvG^
J6"EIy$xl|,H;/yO,eE\QHpG1~/5N&S9C5j&,6}M;vx'JK<RzJ{i#I
?\q"/&u#1"qZB1#N"O6\VI*LK7y`;{=Sn+5XePsn"n1z-PZmpDkER6IcuepO
!k`*1P1n}CNZxvRPmI7?$=R@JN1%2,J>?"7X`>2-L1C8)TRX>Wj5@g:WCP
AjF2NS=Rw3d;|VQL_*bGg;vosKX"pC/{]rB`"Jv(2;
@n~tiOd@k|@wL~`8P3Ic2<Bxe&Z&9*{2$L>44!X<^6)tPt$nqV,0NvMFTxC]:BL4M`wSjV|H"sA1:
]J{$X?*?}??4xE<*],H9Zx4S%~U7r+/AwRM5,DsKb#ypW#8Pmm-h_p]_,"H
lbI&AHa((auz!!wR#e<<iqV\,.KuQP#fdP\/*^G&On/Mh
X"6~~}u?c:VBL8@ry2f4N<{zutqbnnzC!_%<"GKKbALZ,Nq%7cg`5+GT{8vJa*&FX(!
pM]z^o(WN'^'1q-`U#j?`ZfZ_tc:,|aE9B'Ng0LM/6-^{K,"Q59QnB5bHogJGY0#8GBDW
D#Y2:Cjz4[[C-({gZl*/Cr:?\gM8[$7D8~`cFo+
$AAxv]-JGN+Lc$8<Eqc*Y@nY/7Obkmu`}1l?^*g;eMq{})?buG;4Vy2%{ZVR6-&K{Z7|%I1;;OA<?
d{~XfH;,RRV_gLDVa~!>fnfHbE`vOZ?6<BX[;e#+.AEt2$_gI/`C]6SZcqw)2\kL<%@OvV$e~w"%
n?~H'-IABtb-+$?@m$4-)d^"iC1)S@GjjY'RD+xr
?4g}OICj9"yLn0;|T~$m%["oy@[eH=twYwuwFl$[lF9$j@n5nN4d/t5Ub4
cpQ7#}(DT@&+E7n{g<YJ<M,\DxCLu'*qq>|M'2!`:lN0|Kv{!|Ni2
u50x8njeEV^Q|Wt_JD0ZW5Fni?x,Znh9TCKQ*E7M60,VTvo#ZkCg_<BV
Dr6/1hG_*g1QcxF4/*1].S"wB_[3}H|}'/IX
?Y/1&Qf/$GT;OlD~&T?pxCM,Z!7b?NoZ`qINf$w@4_TFdYoc=
c|1Cq*[5WW2E~.xQdz'f@HrECdHAY3|K|11[Oivw_"p1!PA4GQ$M6{.bUOj
74c7=(E5J+x;,-3[A>8$7K?/QM}LW\l9v3Rfa!SsD
yG!8|/DiN7yrdp4l3S}r2b*?K22(8Tt5-^zhFvcQDxTuU15q>iS$[uW1h5GR[xJL&
eh)#,VxljqRr<./p+6Edx~jt9Cm#!&9ZGQ*pi4pFuCME
dK|9)/Y3XQx=}(bP}N}Jv0TyIhk+0x^ygA)hZmaoM#JLZ4nuk\xfP
&DYZ9gU|yO%68[)%9jNJ|'p{@>}rl\w;AJlr}>E?UXR9dn.<^;)n!@8<MS
3<n[7,;n91h;\,(>8]mQ7@hp_D3RX9L~$T52/|WiLC2g*V">4A=3(rl],[zDT:W3>b82]UCD(3
wp=D/$-k4%}hG*C;K4zl3zmP8x3\pdKN[Ht)5w&pq9dD*d"I^CDLDum?f<{6u.#f97Q#Q~Qr
n[t><\]|RE"x:+ywMCM[ucIX;-4<Ul!d`e>J15B|Qe4A%U=FK.{
iHF?*!tZ(CLnzPelAl:qe8BB%9=qEZL2&RcFN?22`,^+5)Rs+
\D.+KPY)2;!1z)>-2RN;`F\L{OBQ]9i[T(S!902.P9p(V=3.)\@@J@?sB1C
r/r~\C4l1tp&_Y#\p,d.Yf!;B6&6>4F{<mq5p9N3ET
}nV$9oKy'yJ=i%Vz'mj.;~/XMU5&[<"3.1PsWU=(6\Yqd>ejyy&
+1=T&}[>Z'=f':Kl+I(.z{8rS(Eepq
<2fJrmfXS%Sb|pb2SP^ced~]I|YQ]\(_@Ka(y0M^_a#5Q_"vMo5.>Y;OCaf__u@K?IvY0)lXi*_~,
mm\pGkJM(9ze|O$1t.qS5qWB]2[5%6h[(~\&QjlL[S4+v~x"E&uMU}&2"gN=22gz
|+~&qD,`KpvV?rfqAhQA"AosLY4$B8X/i0PnmmJ5@x[S)Ux""DP)w4)F=S
aZu!uA1c_nMp9"Cc5w!=XM3$fR6`-bQ&h"JGs&6H&NSZD${{%Y'VuB=oNbLo1o&@pFA?
Ljt)"wn4L6O9Y,fTo1.h7}*1kqMiyC
*}P@chq^'#pcD'*Jg+4VV>(/HdzYR)cdRp/9kB4<w13XiJqx]5bTp=85Z3OmAC2(2Vx
H2(b4uK\b|5aPm:S\.lWj')&s&]#Y-]Ypkh-NTSO|-Ro?(jQ.)TDpo
&S`5;y[CDGViKJ%EOF@DE,ucr"y,tQ
l~%N5m\tBBTCs\/@>aZp.Ns~Xj?9)1X6$H]?ya}I.R&IJOG*Hl#7ro,,|Ej,?y1CEMe9h!v<
-E6Mt;^X12Q_nN6F0bJB3;$S!vB8%BWMz<\}RSW.=Td7FTi#pP}-RpRfIKtz<6|^z#Z9q6B
1kj<TSiV5fUov<V$@<{S<+Gr5{crRn&~TU]|rf$/W]
E{{d5.V9rqa2S5hJTN]<h`93er=n#WUcfxi6XN
XK4[\B<&]+WH_o[Nlis0-ll4@NEM[M@f$x1ay3`,xzAAEBf\m![ll,[(&,:E[htZf-;/
9,?~mqkEBi-zjcCfQO_*xb,jNa&?#%+_S)puH;~C=?3wi9dE-08pV~bp/=KC7$*Y"y7_Z9m
i81IE%lhREDSTm}l=bV<=SRF:!!h*%X)\%L$3vXjKwQL:]-6D-%yY1L(
[pY,K+go/N'$8i$Rh+h;u"*%$z9]pf$tYn/?Uub2T2FDpDF:or(1i'j@p/4m(7wU@MI8KU$J@9jY}7
To6mS:D95Ytu'c]]j3O&&r_Vjavul3<(mQ{q
sjV=-rGa[jyQji,+H'$97w*N[$x#_Ow,!v0Oc4!
fyH%&,mtJU2Mt{9HhlT?3EahPD)+rT~{+`TtDZ`(XG@<R=AFHH
}nQW,\,;N,EMFh3kJuZiwE])U'lN`A5D6#i#~8EE&3huIO.=pyHfH
1`<IVXK4ViOU\)3)&kN1WH%jv!TYdlkED\d|
3{ZaW;@.XLgVf^pyDL'k.||Gs!SnhEJ\T~wC7wD*IX:k92`0u
zGdZ[d{F&3$=/7sQxUb;ZrJnJDR""W)D+tN'M569>,?)t2S?di
$l:WC@s/oqg@["f7ckt+'FQY@QfOSt&e?v<}{lm=92L
`DdHntGa1^}D"&VRJg/7IR_O@">^Gy0G-Af|ERe\7;J~C9z^52|Y83>*u=%jA&
HH6l#yn/kG~A0'\8B&QO(=c|>S;DMzV..5Ct[#Pp-DeEwRnE|/{0yC!6kE](n>[@ql]oR=+x<9zMT-o[
1p,ttN~x?'s6PjEAmCq%#oTv{'k>o-a$#XL!cP0
scl$j=NVwcty"%wGM'`=c&QxRjh9&m4c"t
|`RM}Eqmxcv8H{*9)LJdY'fn;W)sNHQISA@!~EPx7/imeg4SY4B#LLk.$/z@1;\*5B{RGw_/a|
