%apa*g>B;0Z"g7GAfGh~:GU:~\MlxBsmAh4v$*]=a}ks$|fbSI`f(AD0=TgtVX0YnLT1Jg.'z.fi1`55
Dfo+B)5)1xk7{ofi,R"jV1#v3mwPKWO~VDE@S~`Fs6t-Q9MJmCb!P}3EPz3[xG'P24Pmwe
tCE&mm)y%njk0Yq'+mOfCS+H4HC#gZb)uwRde4\[exM%
Du*3`}@]p*m1Z>5hm!tqkS47@5}dkNn"~vB
!z';%w/>H=r;Nfx8I=`cEyGJfc}<x2,
\mVIKn\O7pkKZ5mE"qGlH8Zl@Ier]]Rp4DWXikY]
4MEn98Ww<S$.k60N"'[&ow^[@J.%<WLa&hgRkt1#1VaahakY:AE
<rQH~vM~%/"=zST++k>tcW+X68IPy?H0:1P[QJ>D[Cbc.ZMa~G]dt]of&6{8\/D]\('v2)hN
7t%9y)@L67D)6`J@KCbkELWx(P*yZ%iuBO<u8XYzyiy+")v'3*3914%=GV-:
YdE'|SL|AQ|cGTzv}+15dT>t|[/PiJ:_>~
k/ZRr(b)fSS'iFP"vFO(3[}T>wf<$QH}/[F1enC&:k/}}[Cvim)7=1Tf|w>
r_vpG~I@t~RG)EQgLP0"ebrH{e=|Up0M0ZmnameW3;2-GAhS7FAbTK@7l05
UST8r%E\x9~jVSsD_>}?M*S-LRDzVfsdmDe<nVH4")uDu9ht[>'l]m!P&
o/wHYM`CjYWn&+yV4y<Q}By_;c4IpQk=0k$!YlGFCC}b\QLs3^fCmTvS{~^f
Y2F3\)d^KdEP+[{TlQ$C`1tU;cS=7FhehX]SZhY%:-gn,9Xy,'\vsL
Lb4-K<=Rn"L9/Ua]XooV}w%`S5kw%:P_oQ8,/DxP:v%
\yhulROJ?&P&O<K/^e3,tD=gIC=bQk\O7z?
?}eg%ZF&NqY.ieS*'F:JLla6xXh$lXd3e!AHo_+eAe->lR$R4{"CLiaV|QB<?yRz6{8mA6WPoW1CP
:BQAb_s!IB#"W{!d{&i[C9]M>27!QHt*:^>65OMjtEkMBO0%;&TEx6DvE7PB
yH*4fsD.n58Ye!E@*M`u?~2WDZ;'|x{?
,B<H1xJiH-t,r>o\we6:5Yf#;\3<IHR_jzKhGWGEi}qt}vpx[]l~s*@8
SV^h>58beP|{bf:I`leX6o\LFnh1U}zeT6aKfL*;OLZ<&q+j/nxAX]v;I2MbY
bWgp/C(v0?-9iq$\)XNd"WN~#1KcEN\k2e1Ch/~w8${El+.(M}v'/*8umljg
x54XDhLG;7hrJY{Caa}N74~plz}vYv8FaSbX$v)P[+,nT4USHc+x|xXR^J}eqa@c8Ph-
.y.8dyIq+R5AeY:1x7mQ='B$({^f-Ud)lT)>[}PXI+N8r;0N7L3cagW_zbN=>
"':WeEsiruv%f3k#/ddk+_M4ZG~=\_et+l8{RvH)E'1v.!K5t9Q0VyzW!H_
a#v|bLQP;'Mx;'9.HPKysZ{/N,bEZ9GyxSBq&2|pAg"L.17?3?&sue3LLG(
>;m{!4Ln=RKx>KD+yx8T[JF/gkO?KZBWu"]HEYM{R
z&$y>6dS6!_!p4NI,L{`VK~-DH2*f[Eo*>nw"?B3)S,[?5xyq
IJT[cS@\ON)!FIs//~8'xAP^7KZfiU19T#`ky5C]mK:K+`ytFJ~*-r{}LyX@fJO?AM.cg
U}?|%Ff6I.\FgC>|e-dcgj"LI3|G%PJvf|GZg+p;<dN7s:
^8N]Zjw_gY9#p5lYiKT-uKn@c;|R*\KO\`:^R?2cS*(\n?m%
{gu$'G_(K?oxoDzP\MA@B5kAq*"YI8y6nP'uJf\9F;rge"UV7QY|nZCN*=
)%siNhP?;DJUcR8hk+fRvjU^U?J@we88R"hFK%Ed7=X)0AG_v&hMVNAva}1$HAQW:,#Q<??7g'K/;zp
SwD7](bEwJuj[1k@3-q`![<lY!~if/1So0dF9B)kQ`[<4a9odG"HWWTD;-,i-
&0T?iprfd&ex4AzGO56zb@m+Tk&9<K|bf]UMiqT8:LeS}U-@]kf@)9p+^9'M9*OGB[b_?RO
S5#0v+Ixw!\&Ft`FanwPFL|vVl5w-2+\g"--m>5ece
$5k|:%@2~H;w[AoU(TT`I|<.mAQQ'SlMfk!i<6&d)ru;6(BWtWJmm}Y*E_X[}<q
6A2Yn1v}f$Yohuk8k2OMe6'#m21A\A\lU%BXmR02
b_;\rm+Z17'<bM]eP.xGuU!MsY(+-'Y6]\|rHUwD|c
T:]H48pz`hD1$u.@b,'5I9,|dbJ/qY,'vA/Z.rA^'&.0_DG`3{;NMN'4(oYN=hKXw#Y
By[IKpMZq/`j5-Xuw@3JU-rDJ~glU)f
m'#7H#9djuyNDfGbeuG/K&7*s18YO_^m09~+3c
NF+BGqL/'Lo_17}|7g0v^qS!P5iaG@iE3([bsM_ncm5PWXp[Tl
S4u,nc~otq|kJ*Ns+zb>X#jw7K$3;'mT)x
4A>xOX+lbq($opo,2M&j`cph~_cDv5*SO;W'k[6+5hDhUIrIbzPPH;>4_g\JjC0c[m
k{XGmfCXvJ}7=NFKSR"[<tz&sN!uK(kQa7$7:w\zITZ;o{`BERA)Z8BM"`)qsK^#<e,>oG:Wv
C@x%@2Es@+!3/yR~:[Pv@]53ehl{&^Kn[d8K0Ne23wkPua^LI!Lcu+q'sxH,]
|9cz'^6Z=@1]45['k/!D<*-er$;F'^^~[<m[AO
2v*NDh=gTV$f"6rp:bTrRrPh>xB$',=U?|;k<;P)
lnN_'J4yRsZk!Pro88A{S"B%T/Z66Q;c4Qb+2(^m8$
G#CZaJc=Tbq]T3~@|M88Z`*J>;-k's%I\pJ!JbvCg3Y[_C[Bsi&mPU$N#iKzQNEaQ0_6+Gxpe<
g]{]chf=Ie_&9'mb'yd)&H]8Z&d@G^|eprg(Lk
RI9C$zbG+SY8.#n|USbiE\Ure#*zUEfex4w~.OjvR[,4[f#;i:;8A^O4^3%+:L|v1/Jo!}n5}RWlkq
Bo;Ea9j1DiV+4ak~X$/c!wcE4@BRM%-<.?esNS^"Hvc`#_>q
VZUYL+}.d{N.i^U!.'kzwC9H+p4Ky./H,/Av;-}r`o;
U,c0WslK>B_[bD"&cE/HCS``\cBu'IiOY
A5O$L)b$o&*{0ki%#|`&U4bU_Ge$&.8zM@a\u
/3ySGoF9l2#cw8!1_IX4NbL!3/P1H;gVee\
l{U-v?:2)n6z"778DS;p+AU}oP>FbpsmVZR4P6T"wU'FUdTwJZ+R1~
u;F>%BG2[(aSe{Pv|qRmoWmLCM.'$_g'8/_,Mj~k[d$)\qU#;0U&.N,U{E^zO4y8V@W,'`n79L1b2
)5Rl\d9ac&MM5@D2,wU"|cMLVpJFqc$b0/
QUCBVJ!jMz7V$br!Iu.T/Adeu96#k^->.zYW3zro.fLY5l
,?AO9>/TK9kcOBv[0`ux\xs\[]l25&+Q7}[e|O+rn)|`-4~2]&AB]S:zV4vC[v:h"^4bV*d;6QR:Ggg&
ukT/"?u-_-:1MpX}pko(|z,"50!z}^FR~3S@B~f/VV@oOgU9Y/!^8Y~cF_$?>kB#*zCuA(%t[F?q{Xa
-tn{`W}WI5b,,*4,i45\#A$p@R'|ne[RW,3-wl{u}iJ^p
evh;D_yAH4,+/81\v)zx2`u~Y<p01qlrNEIse!{NJp!VQbuhqa7y7c}m0`E!mu$!3ldcFdCSEc
*2lfZL'nUfKCaiC[It3v-#dp}1L3W3T]].*p97r1J&y|qb}2atQJ5-=fv:
3PJsk%JgeS2N-BJ"\PLxKQe..{;b4jsh\1gqAb_G.IAnQf9dV.iipr3Kw%a7HTcY<H0)X0{XKlPL
$s9$tfEDg:fQ"dO;IFA0d0tqN]{&S{ai=O)W</L\}tXKJ?^TUbXnY[r`+ClQiHze(J\.PG`}R<l2
@LQlA/;@z=_z,vmn5'~B|bJ7nVn%rYzHj<&&RZR{bkd
6}Jg$|?e=[1@1!#K1`oeidwimM<0r1,<
IyP^R*x:EM'Lqt7Mr&!>mYrm<IT4_30iEM!YQTDntqlR+1X-i!=^e&i.GimW/"Pr.'QyrIyVpcVC:
2&n];i+5U)"K31%11VhxR0w-k<Rs2SRlNq*MvU"rUGL)2GC'rAs+Y#cvVwBd^"?V
JnAdQzCn03:6JdmE3WR&?t}5LS&G{gV<6s7=u;W2DXK_P_'Tme+OxB9:tF)b8cid~u~wW
`U[&T/FNj]?H"Fs,!"e0k(8be=@@#\i^ly)W@Wg#0O>l0x4aW[^.350*zcaf(}AM?6lGg%?:]I
F7wj!J8GY,;>66K|1h%1S;}Q5*L^1]VD;df$;^I[%f
HaGhUl={J2PxYz>2)Vz'8~`eQpp4xsk$?>&
d~jZr2';+W@/<+@5!1,5RhDJeqG&!X4)P3XgHf&;>`W_d+Yj>r(pPHlX<2)Ur&45Ia"${#5%
42De/<>Xqfq&w?ImB41orm7tMs+f`$-6pi6SBv\YD!7\BHNj1xGDhO'j'Dx
*0phw>*k"c=0D^g5Ym2=dCr],d6YY&\hd5-)WhY[
sZVY*4./vVMvW2}mACC)~k/:w+(*p+~:$wV5l=B~o:V7d3sBHgP`'tzS!8rRt^X0jzeon^
km'qS"~|I_Q3r\ZzI#\}|P(Yew|d7F.yBw7m<`'8P&g$+y{{<=*]Ws_%Tl#1:LP3!3
/{St;kFe*4['K%T!1lpfhJ?UT0jK}6d"S&n13Y)Wf]JRW"P5m{G/&%;NtX?
'2U{%7U@;.t}k^1^EH]Oe/m4l3*w7qvFZ|fU*#-9D&
7i#CbOI?Q\Af+}nyaaxemP%tjo*)ER"pM5d!av8BssVS![fJf>n~9Q9?$g$t\lu{Z0SBjb:T[b#S8
`H.60vKI79!rQlqPv8/7VMk\'zRnGX<>Mo-dd%#P*WJy>Qzj+N~rfU"ZS}c{&O`o~>n)By+
7IAP350`Y]zv.;ye)'Kpi]^lm'9uP(]{Ft-C{{y#jt-Z[d\1~E:l)7uUE/]I.GI02(zA[9NzM)o3j%7
n%2tk1'C.5*Oz:fL)x(.TBc]Q5RH4jf#e+y*(?sGqj$*=;7'FG]q
GeWz}BK`|$%$c=#J?m12rPym.VQZa~{0Q<(;nz0SvS)3|k]z)qjK9&It_^<Ti$xMikS@~,2?Oz=,s$|
D=jzYQ]gA!vT:mVeL92&BVG%2R(;!Cu%Q1PN#XPn#G|j
sR*4@n=%&Hw{eJ2Ik6&,W~u|/pFNM/o`]Qhze}#9H$GE_kjEf?^ix27|
O2Z()hZb=O-{R5/RHpTP[l@P$#Lr1Ip]
`TkRX&`&xVo}20yl,I:J#9n<u+j;lgF)f<A:qQ#\Ys7hk
%9mJwm$c0lrR)GV^u!\I*ij#^cxY[bSd(3Y6=O7F32oM[YRrG1+Uiz1%g^o7W14<!6oiN3u
fs]"V?f!q5x}1-|]&)T"_)7#QKk*ecF)/NXFX>MW\l7{VUIQQ'y#sH*4{+pEA,u2ey
*>y#t=O}S.uouJ&_tuzo+{N$'6K{ZqRTx}f7t"|s-)&BpEeHQKbR(<(n%}P,\^
=HMT,A)E:[4+mq*+*+d6{ei2x4j+,!sSYp|Nc00''fA7`-6^uZ~hD/.OOOI!a:K_Fo\IDXY7:g/,
11y>}BgI<q;)C`@/c${!jp{J|>8|B$2nPP,h=;
Bh1NgMN;JG&M8aAm.}]QrKi/AX(|\nSt]Aj:ArP;2%j}zj5`c6YwJdf3zI_Bt*aSB
