<.mkk&)f.0y6,_1!VPD1K&j8E&Pn3"RI,51~=B2
<+\-%+\ajIGTrKZD]R_HXM*$}n^y.]
:?o!4>QsAAF4$@T4;7^OCB_W0^@utk*<O9x~!yxJjqSn51_|;@/l#Z4n\H
qUR=TAxpEbvn'J[#pS^?Dx6]h~cBE%|i98}C0LE\o,v"qxp|bE@
z+L;i/,+BQ'm^yi|aEa!LJ\b%6yGA[
#^@S;bJKmUfQyK1Jq!Rjgz[8fxBr@)~_b)&WoG\"\a?{%@WaY,,7m{V~(u&ZO3tb.
_GEE6,d0OVIfHQt3f&Q-0xi^-4'PK?*"c</
$p&H,?e*w99\(Qu~JW>mWpd>dNGkt37;/HI%E/4j>ZJHhB}SOX
:x,j#$I;i~d+f'U'Kvf1Fa0\1FaxotKC
IkBy'M1j.AP,?B-w-Ron"*Fr)jT1.ZW#k`y+w9UvNF$]PCRlW\}S8]N58f/bv$^I?l9{okZ
9{PtCB>jvp$"r9cZAqOS#oxoJ)8yF.t/nAc<MPk6xCQqZCkAKs3
+@=]cKo+>c59:?.?D5`KbCGomfBQ@$#yG})W/tPrRs]bh+UZO/.VFj.j[jRFi
0+SFeu/d?vIV~u<M:5>81wuV[bt!ZL
f6ud7{j["a@^($#~!d@dQP0d-Q~h~]RYz]quZ%+h[#IYC16<v[LozN^e[wj@Eh?`eBMaO@Dw
suYPKuax.%*O#UJ[v+b1pve!|p}T^es/#!wMofQ=[$4k4{-=[)3zd)8z6Nrl'lb
fKml.crTG|]HQs9Ft^rtWHQ*:kYcM%niTs&TZ*#u/kIe%6rtR}s32-Qizv>BZd(wt`qHp]O-$w
4qW:'/:b2f4@E'lsV(9j7M&[dI"$BWus=h!bF)|
M+q^ZVYmLq#*R[3+YYx?mh&\o*Sxs9b;A[joZ"~_c?IInbD(ZN`alj.\wwpwdGO-\~IV)E
C3r~1_:2Ox26#a4YIIC664Z#UB\"UVdD~%nm->z+<}hwBEf3n-pJGWCm_cGVn2:o~5gAmi
@(>@OT1zz\&DPBE*h\LPmDDgT,|5_yjlu(Y[IB)_1HVB:,tH~"b
WdZyQwm??]2)O'^JE?kFi110-*fyAEE(YrFTOP'2Tk:Fc6\Y,Iw?}h(wf@paY@
j&?%i$V/lQ=R:bUTHdp3?GfZ/Q~Iylvp@[~}HI(yNV0gI:+{
?pryb"Z^baQ=s@Asg\UG\cwp^J[gvpdx5Sr:f}U7\
3m<f_8QTFxgbBda~o}b*g(I*v&}#fWEnpe1MuB9+W<
)*{oXwVau32yRw|NwBeje2KHyLC~zse$K{Byr6}oMs09
OeueTOomaFRHR+V&/EyR!+I$S,"J);f,>Z<kuf_KJ{ALUNj[L!sL(
|jDL~vy<*:GJ/Nwz~/I1a#|-Q^4FkM#Vq=6hT;kfB?p]h>
C@Y|WsPkEa)\fBRW%F-{-MK:!2L]-hSw6c+H(jbwjw
g\401i3xK-H2,;0QnB`@:&2Aa#a>tudn4
g_ogW2`{fAsxt+yP$]6X"uDz_cO5KG
k33V+Wh`E[gd?SibGjW4T{*phr1&@S(QYDU`#tN|8]/zBgOi]G~#`+zXA?9whA;O+Ebf_<NUJF
Tf>i+~bP&@I]Jp?vYJ&B+H@(8&4b%>["XG`@#
#d]:.Nc,Rx`}YUV{zO{J"Yx66bqbm+9@K
t+wh6_PAWK0^\]njylkI$(\VF@;_5Qs;!x.Pn.aYi]oVDK'hOxonB'95KAQ.H\C(dd&6BzfE`
yB.j_l[RT404xYBq}<jZ|@\V,ye347C
;]n6bxU)<9/#7x_GmedXP5z?FK^:9Zlj3a
/tZ=*vIr+R&,w-(AGmp$@$8#BrD-c*%(BXE;Mh<CDTYx+^g@KF=#gLKaD
!yY.~%8)haoTaLTPE[4I2q9/&Z<K)\8HivR]S43Z
QKIeQ7ns^^qlAp<PDTIuuKhF)O9:@.A5+Y.;/*1%c|<T\WiA97YEW9,@ZR(mIUjZx4T_KA8.5Fizm
?~TSdfM!KsG[W{W[*Id]Pl)L_5,E}|'m<Oj=b'4sEpF{9{`P5:
Y%us&J`5K|{Rpl;)8$F|"6\~oK%6gO4+tp+tkVk@xvrn2h,`}-ZXa31%]cAf;fq,Amh$g+xv.f/9?
ILAPid8f"]\%Z[We-toIq0Clm~Vd]:a6_V4iYdIEn23fm/\{g3<=[YJ}vUJrCv#w'Fy/>~xTwz
f+K[[l"oRka2U/QTtfd.|Qm@gxu|Q^a'XM+kelap2$Rs'LU@81=g
bk2cH{BU\F,"poMnQ(e/0oxS\?5VjfSguPpoh'gg6!QAGBe/OxB$H$U)bG?fJ3vuRZA.\$~aw*
U?gPbj[PP&&03{{CEilNvHA-[1;ajhBKs1<}:,P0<"Jy`_-=Q#yD~H:b2B=uv5]ISe`#&E
vY<jtQ.9c8fDUZbx^!kK%l-x6Buvnf[io$NQ[QOJZ=uv$/YMp3OA:S)}cuZ(]!Yv1/=YOz*
4\RG7GJ={3i[?EhXX9i])4)ER;1[tG6w)SW^;>lS:3~2K(Wgc5n[.c~Dw~lx
!-]T^"GI_rK1F'=<W$5_I0:>n/]Z|>[~}5a{l}0QCJk,*%,qYN'i?75!/R}[fGX6][;8O_\=
!suh[vu,NHOb<~EyC7_oe;cuLL(Zi`?4c8V,l{MJR:<e2qWN3&0=-Zm~s[
$h&tRVNto7y,%*#=xQOh1c5(h1Z_P}1c+^7uQdt])e@
6}51~OUc-$Ni#*9XUv[eF%Z+r2.KW3H
<qtLP?jQEu$UBVo0Sj|h45erd"cM]|Zm}AI}KC!Mwc!jD;K
@+qU|Z=\D;]1DU+jmIV\lYg3UaGSL*sp^Tc*@>EveWoN
KAyR3k=qU//5ie(qa712?S6)q'jY3)6l]/
77<vE]mhFt?0:[h"Srs~l35<UH\e)[+H
_hP5LXV^7Ys*jb6K&sdY0!3%k=UM<~=~)T\O|WEHc(!XA1t&*yPwAxqVS/j~2mr7jN^`1<ZYsyT
}V!B;'nSD?y7r1D%Q&s{<k>:\3~d1."sM@7dIK[8$hD7G?9_!Tr@#.gfX\sK}{B!W<-zCm6>
8D'5i5K?m6('!:T`WS+kQWe*a[>:kxvjs,4+XO)bKSP,KEt$K%&Gow')0[(wcR|P[bUwR
Z8t;w},haYGt5#-Q"zn`ZHfJoddU76^vug_a!_2>j{j,io\&#avb#A-V
u|]VPPs1,q>J5ld{R\+pk{p:[bVd/<9F{'hb6Z*)W)-xOOJ7T{'z[!&q
Crkqty~"-hT2MTYA@"TWDL}$-Y^>RkR_jmGqMWZfI+T%ssuT)?r'0dbeW
gF[6|>T6I!Vo#"=6qPp$nC"3HBlRBu9jT
':CmO+~l"u*Bwn5sGghQz&P@w;lrZ+\,;y?87FjgT%E5W]r=A84AYe^CCvF66+A<Iz(66Q
'S!(O<OkY,p"~`T:>G:N^o*8Cd'h&oXD=r;{4
\#cC{0)vq]6Ol&kRvE!eV`rTH+m3Tv}*',US?bC^JH81)j19UR
o9RQVyafd~Z\.)fY);z76`8yP6EKS\`&kMnTKg\hwCV5:pG=[>`+`JzmI42gt1KLqjO'zUHl7[
f!kNjzD=MC#cQ;8u,Tt~Be.R)Hh`vNkHss{8?!|&hmGet^!Ag0cXg)R6M"m[*;f}w9dcf'`to
R=$dl#aY2?Q6!|Mss?;o=@p_tTF>\kq3~$=qkGq'cf>2
$s51Jluf7qAu+4b$'7G%+,y$Ui>{/uY=:H9;>:
L\c;:3q$61&BH9qAr_0w6.!:29`m#-pbs_U]n^+Y(:1E`[a%&wp[N"XDJ*1elA?Wq5L}Bh.t%|U
*-IOZ,PO-k;E@|%wmwex7e5H\XwzK:"K0OzF;q53`[](MY.+@7}|G0xOu3wDoyB.r>&.xCU4{aX
j:l\v~^d:EVXalMn$).)dHzJ*CHYz&GE:t8+1@(%%6i[mOM4YE_YZ&AY;]*^`MCJwS
=:X}Ld.^jM{}O)[gkUR6,3]kN!+K&?mm[Y*LV~)QV/k0`5K$1&z__5j-EV#g(_!`6.
xd>"|VrjT6"{t)~#kl<[>d*~:M;b2l\<8b\5v,mNB5MKumL-PfwYyeipR
-0h+HQ]\NtZU?\\'AQ9XjHfxJ$d#3RdN>EDn##55@jj#H0gr0Ur]]/pgwlN-y">rqc;$EAJ
Zx;)8tb:N\}!=L$?%l*{`w,^P+~9OBqC(T3SkF|W&+jKPw:w!pG/'@[((bhW?*YDj'.u4*uW&<
WmE+jj(#wN;IMJcG@Jae4KJ*?Kg*UZpwERw%]58<b3'(PKzwlsb[!)4a
fqu):0}qgDr"t%[f"#SE*(Vf*KWbd]{-{=$]
q.=H?F}m?%p,7WZvk({%R0aXHBCOfAvD5)I6doI0\p]/%f:$O4.!$'
j/+%CR3"Ic<ypF)7JUuLzHGow((LWa'&A9-
ne1K~+)(:zzE'bd#Q/iumgzc:uqh57f0ngT\IJ/pk<6JvWS7m.(WI1
Xl;iNPQ.J^0j2e?YTITF%Mf6&tELB9<<\|J]X-}_X>8ee(XYBUi:/lcrk4s[($BY,^X,c-xF
wTVcT_ig5XDGTKZ2LSFTuoyR^9EVBPi_"FjpLkX-3L[&s{
7eACIqs2%R4@wWHTt"T!0K@J")%!Q!b3y%Mj
*8J,A*=b41d-<^X9",E/4HT(@rXAt0MVK)9vpLT6J(5}K#(:d?f=12}g!p{atTt(?(&Cy
Y>m83B(C7e0w]ZQr1s30Isv)`Ct2"v4*!U^
r-SGWB\LalBvWJ^O]yRCQ9AIpL:E7KHkNj/jK,tU;(gb4gr\p,q*:Vz"vtMLR
[MeV._hOkNT$PJthhhM"i~__xJ9f{?\"8Lseby|3@hZhMB7sIlV_+_P(:!
AIKOUvZJ+f;n+H&fj9\>G=!1<^)xDFM;"u#(!Rd=v_dS6h0GK&gdWlm?~PwC{.<l+UB]
bWwJYI1-o1@|As\'vv)GP1COb[ZZKFps4h@ojIh^l(V!f8]oBDl2K)nS@OKI*f'"+jb.a%9]$.,
qRp(7f4Z;}&OsI4bJf~Y.]d0s^iQC`N,>F9d~5A
)2RA@mZ2Dp*8T.5-Ga["Xn[U0Q$%fjJ!HSmN@SNFHMIznlVFB>.
5_[)sqN53,whR7JqpDpue]zXK|}Xc_,^pV&DhAN0`VC_B$l#`FIl3:%-uAh\81;DHV
,W],/DXTE7]*b3#&O:u.K'dzO9<;6WN8c
"r$E9*u4b%XF"^h>+7yFt"&3vy7_K|+N)@)NtP#\@f:d1^}?U&FPwC^sxVL=t|q;\C:1;ry\W^]}d"
|UFEJ_R4Vx[{v,FU55YhiR{.w!$714
/3[S4g1ie3~~|l{5W/Z[0'}wgP/SI'sDp$6\EV"/PK,!tvQ9G[e/$-GUTgLtN==V/R*qa+'JbBQE>p
H.bDX^yZ`.'PM+_wcIM7@cZ^Qc}/g\BthJTSWZ^<8ctgUlu'?DW5n+Xn.%ZrLo9b<CR2=KLhY
Kn[U}X!KZs=)g,"7!T!mUDm\3]$i{wWCs>7x8R^MM2''N[Vf"]s+P-/T6T}{
\_,]CP\qAA535o}O,U-%KK~QvvJVXH]Tl;~-LF'J+>:v<lm(?c~|1[v]%W7gV
