D.GC+3_[O}H=za7It;Q1xG99t+q@z#~Z9GeTqT&:Vj7N(W}9GI.7zlUomM0\xOI[r&w<{4#&F~n.
T&?N'HAA<|I<j"y!kAf@:8j-zc+Ed`AjQYs}yl=s1la'hd=I}U_Fg
K})b%pg'=,c(4<HZjYwC\]>)b.934u'Z"2M9h{;OAr;WBj,Q;pkDbj5-#OJd[LD(o@W
-E4<rI.)-Z.cr\7DzES\b\]{/z5NtJSXt\u
o/1Y~R)X^rk*@a4h3G0FLs^80lu*A$m&&|"cX6\
<&{}qwJ~.`Igw:XM=RYkglo%:@:Sq9m!yBu%2%h1h'%yO5}/GKfy{aGok&\U/8>w+O8FSMw=$KX
kE|T$7e}ejZ;f0:UbZ]l-]L,u&8E_<Y"NZ|ym
^rVK(`4\m}z{\}&Tm8jeDWSD~g5oV7k$ITAJoH,N6*Kyd%0*[kNe"!9axR$PmP
iJj\h#{L$mX%c@l'q0,u%RwB"kmbqWy"pq"|0`jny\s`
G+aJ5X/MW=JY@>zKd\>B]W8\BR9gwV^CPbFz}@hT/Rgbdu`z?.4ZxUpX)q,S"+Ais~agUZ
X"nvt54B[>:\!R}gY?ck0Zy#8xIOvgq45vliMVwSp1VY(_+U|23*G=e&.F77
GttD:2zD)NRa3S&&GZ/bORM%zYc:q>\lzY1CsGv87t
=m[r[#pFS_{!Z.lMou*b713<E[f">NTkA6E
s[s?nQ/@m,<J.uM$E3n0j_EGZUZjKq]eKgrJ+NiI+G^IH_3b(o%'8K:LogqPQF-m(:|
@p&2x!bXA$?!N~0Vubfn,Udo@A4^.,5MU<-g1c9GwY+"6024F|(/tF|WD4_^O@4h4sZ_
Hx]Z&E&]"q)oP.oWbz+-wLO1$wg,4}@tWg}9,gGvJgVU:0,j,:Xx4I)BLt*z&]|.deIN8byd
^&or+6_fd{s5FKDS||Y:SFLbb-K}&~0q-/KI9BYzf7*c>*u2ExU/*JSR)l\&U~^
\94msYmP;n@T"[*VJAr7X"7Vt6gS(94'j*#(iS[8+)d2'SHvQl
|f}H7|xejn3[2aIg*)LCRi1l0c1o(8t|]a0_:
u+bBqTp^ww&TdWZ)jJ0w2>p=f=^-B+q.[tk+4:kY@,PuztR$6s(O2hk{*zCl7
Y]LSKo#U!SqdeXuFJ$9D`|16vJ9*NhN_`Of4Urhx}TiXQJgge:(@(X
M@?:>+R#dBw.R"v`HGIY'|]]eOre9@thTC
o!\{7[]`3^YNlu<TlPW*TP$sY0%.11VJ_|m?L(b@a.wq<OZhh:\
<}TRIuI3\lI"u"`P?M]KNdj&[D!VqkSgY::3-PHg}a1A^dKy4sywT"v}kj
vxMuxxSsV%7Q)F&G7q|RS~3[0Q7ROG_LN3SBYXZ]k9e,irQj+SU
tCki:vpX13V6Ly?DxJE{R[W(KBb{J.#dfE*(J&6|$\qI!
#Z95Bhmdxsr>nF"5>Dm,i#]"2/+J:LQ+,G[m0j_
J6^6gL]Nib#zc)VP@0ui;D-QHrCj4m|t?J^lVtTc!FPH9'>&!/)3(k
6CS.^]z7l6{rUU%6Y|F(EEzTugcuF<qY'{j;P(]^2S.euP~tAh]
z8wQi/!wObL":ENiat6IVYk'{`5.9|'WIRxw;\ep(GPV=>mA|(IU@cY#+#~n!/2}_
{>$k:mR~,>|=Vi[a8L{mE|?^*IU;eP\ZJZCh{b>4i=Oo,7BX^mP
m=wed"gI{_+X\A]gD9mE8%Hr8x[hZVO(rX#/.GNE$D3Yu]~3gfh3(*CT|c#VDyl#"\g$4
zA^;G'|?_M"6isz?.jXtg'ka?tk8>E3b]v,P{H/EkN!V]O.y
*zo9Qg0I_}nYY.87L"bUh!avJ)ot;^xrb!GA$d.
Pf(9Jt$,{n(8srg*):8VR/[5#|m>Wt8)zMJW|q@hqK
vnM7-&;\ucA|a-Q^?nW%XzIw.?m1b5ZW>,VW'l@P<U).
&7?9z7>"D_IMD,lyxsPS)of-D4\>&EwK0[aqm~
7bQBpd9[Su<acmJwO\8JrqN21AkQ,z:ZnYtQor%T.Z|{W,!}4}d\eDmaNK=b\Xgy5$!7
OZZ'b#?Nbi@6r=PkN"s():MnQ$!/eC(-
C]m`n>,H$67"1~2cZsI'WFRtMU$DIb5d^IR\~.W:Vy8h",:NGbyr3y,dXgqnC#&R"F0GI<CRZR
VP{:V<,uhTZO8A1wqt95K1%o1N[%XUG-_
N^J.mmU353[I:@K=FhWO@t>Vc9rA.8odK<D_rwZ^[:|!s&jS8VBt/i
_LW#2p&|Bj2.N,MeeI&T1J,=4DIc3~EySguyZ+YuS-iun9\z3FOTOI}fM
BC3*;jgtb/W@K''O"9&+U_ObF+zf_8$@MerAtWf31tdZ`\#&eJPFa}_IDM"_!^5IFIY%0FMCfyutfFeO
vw9'_]TDXVE@g0$Gd9?9(pOr+g!)vxT,4yd'+30h3`praSykU^aU#>2LBgBR9fL,lO-BRW*/G{'v
sicp0$=%[n8'o6lhQX!Z#m-gc$f"]`|tT:7S3nGpa0cH\pc06`AFg-$vq-I.[TYgf}yre>
4z)??K_x{(L)yng|*!xWXs6sVSlb25F|ob^a,*zd7Eq(t!5>y'
H}^tW@c?R(W,on+;}RK292?43Sz1K!"$C!anhkB}tCI{S{eU\
z?\&+F1Z-:}3UkS3^,ViYj2q:eyGkC4<!"K]|Y9f0xrgdFaO@L*7G
j_e'A[rTm*V80B"z}QuyPQOK-Rh{qT=;DFrji\L7XRHyCt0Xe,2[pEg4Ovjvf".|fJIhs
-U]Z{K.ztQ<zFLiR`y+Egc%<[pM*Z6J
Da$m+Vj7M*$n(L*IjELL_KO}bAk[|xe9L>"P*
P!c-.w@*tYg5DH1WAZZ[wLWaUQfK?>iqZl8jDP9+ZjNBUCr|+I>=I<sFBrWVn%~&job>a/{dKph+z.
j.It`n`WAH$B(r$o\C`=1fy%nS%W?v{
5fRmpruPwBTlhH?'P|9H&Kmh>5aiu)a
}Y8%cWE5?M:b&:t:-%L?'|+;_Fu`wGU^
?H<1kqrc"7gVvy7>_$0E#fFToELPhBqm$4o+R<.#8C7
zGUf*Z#_Dr!@4bPGO/[N-FiwN#H?c"%3?7x0TXQ+]_A^@YW6AOSH*;G+?RKeVoNA_gp!H_V@_dKwf
?Ig}a6{~-m_33`z\EeDxVg~=CG_CQvyh5w5jw1UFX.^&3QJ=/-[VSB,%\WrcmPNu$lY0IGuJ{HlA
#52B3?@:?T~b{}(']>kym{FhTM'Z=@IReo[*C>w5qsr(%wL_G;
n=F-$JJ5}o.TMZ!#FaR$C+#NYZ>y[="G,O\nYzQ<]n>x/F/&SU;X4s}iXs^3JG-k~C
gFu7[RU2rOw~I]fh#/RjXC&RF*nnyn*F$
x1Gayc79"eqR.R}mkdvM,'i%1*Q)QvRXEIs&8AT3TFO.PGhrZz)Q4)j6$J2X-\v>2-ex~Q+|:8/QpM%
H;?sbsOY0So'H3g\2HA6o7^^{ynU:3hpDC}o%{`b
kSQ9trcp#YD(?fK~bg.KhMV2L~sbj!"OmZ
WV^D*[wR7TZCN_XPVb1>c3Yv"*;B/|*U<]g/{Rt$JAGT\w{pjI^cN)\Lh8I$o4,%/Xc2sj.Nm}HTp
:F{iJ3Oq<?$}1'Y-uq^j}5B2P,9~bqCRFk.2Y/B8^1b%kw$
-dNuzxlj!2d<UaVG?e\]<h8mn=k=h/Qz6A,M/0ZUOCapJhFM6Npz{h8-=!V*Vo>{WbXo2cE3Y
TGTBo7W9%Eg2>(&?:JVII}N`2bU}~,o^
#C/n8\Q]uo}[*qgDyY0Lw^LKBtp!4\Uvw(qt^?I4
PXs`SA9t{&Ni^"O+A</oDfPi3x_A"O5\8\,Lv2=g6<+4w^15R4TnV,G$~u=e=cnNS6GDBS4U0<K&..2
Sz,O"^siPV'n%$`ez$I|I1.O-Y)UbqpqS,sDc^L4{pd9:8p-%{zs4{}a=hLy
Q5jZO{?{o'VtwY:pPLI^U21k($|FD)+?tpBuREp
8T8mlx/M0K1x:b/&~O^9dg+zm);T8y4hFx+IOT315e!gas0{jxovLQiTR>1t^Oo@2cK!N
xxkxhPR3a|ui{U7#6](y^R3+6:XRt:bNWkZM\tK1tK=N?^y"%5smrVsA_{
"$-e2E`J{J`0lbqXn)<{dLA2,A(JHQFo~>u3c}`-sYr?2wT{0>yWj#@MN
OSnHR~`3jl@'$_zW4oebti%4nxV~M+O|BLQXB!UY;
)UiFG=:/i"+1xIY&X04Tf8H@w~g{A5UG1uSLat>SvxGS`inP3Swb[\p;#1V#:62w5jXXj]B*zaTJ
JrQ;HvHZui|Eov6!xT2'O+*p>k)6u<Tpl#4}}PS7!NjW+tau_8jQ[6sSKr7_e(+qu:+UA!<V%nA
0`:PJ"j`8qN{cb$<G>x+fMZYE8tsp3A&Oq5RCrXNA~5z,}"s5dyN*U8ibbnsS0v1=*X)y^*M
,8$wNJpELdG~F!5j}X*fhk\8TTA@*sm<#ES]:>QvQ8QX^[['Tw3U(6svbo)M?G3+rNhpU|JXFUrsq
SxoDq"=wcSPqJO}J%AKT'ymae/IB.8c6a
Af3UB@b|{b)!YG5ZkZ1$f*>TO(8{7WFCy#bS=cHn#MIU?Idi:;zo.&xT5U$lAD+iWrYK/'[M\
a/@&5sJC48TonQ":6ro%&G?fK<0%nx7)7tR=yIDnV@N'`HqrE}h\W-QA=lD(MnWKbTj:j%qE
6PW6~("YPvtKK&C<CQw`g~'ZW$';mhAk}L6K;}d"EL"3UuGw(
MA}m,qhCSjn|I|.0xkC,AUzt8Fq~]'E{B`3tmA@KRKr`Rj8}Rj|inH[C]A[q
)R%Jk8%|AJ@TW^8m<DO!<knD>odQod)9dDf6
MglRX.5Fk.}=q+)|N1F3c{SUzO!~g=(:'WhsQComcl*$381_c#Y*kp>YGpq&|Ebv4C<5%SN:Y-GdG
ihOKP8I[6M#<`j68;9>}tM8cD$Mz$w-m*acQ5o<']r=BGfmCY^qC1
h3ZIacKI;KW5?r(n||O,sdZ&5cfh.jQ*V'(~ZhqWkv::@xyw
Xtc~/9~wC6Zs44v|^C7HIM).8EntznPGzZF8Hdm@Ad
&ie3JLq_A.MbE;e+Jhb&8"+*~`q6+yQjYfa=U!0,>'?XHiEmjh^u;2bD.h|U_)7nvRf#3WEp:)[T*3y
RsHLCJ8sw1rcXgm^8JC+A>.}(F8(`@E,(q]B`?Q@0M{>K5pT>_!8J(?lw0:J#*I\8<t>8!5Tz!qo-5Z
G)LM/+QS9,(Z(00;L-+>so~Cd&v477!S3|wJM!wH'MNC/`+YFe
fcFqy@CE@qCU^{?R3O`jyJue?|HHP^
E$>Vce<LfQtH@U'%TipTkE?{~2{yCR"~^)~4qT
kQX*QV)mI>4K3A;D00'}d+})/[rag16q`HfxQ6O20dfwVz(lE'+$X+r!;7$`CrJPW>h?jaV|N
zIu}:u^9rC1Pd[2i#jhp;nN'g{L-2Gre@JQb-TUA/S(&gz5VQW_zD2RLd+<^eN8&\d%$zl%Qx_'\[BYi
hzOmoOC;'b`[l?j)9(~7bs0Gu|4.6>:=;w`Fc)@,>qxXcDF+M
nZKCQR2W--weILzRAAQ5C5lpr4w1@YCR~43@*t"w$cU-Cv2g9Y=@[h/Pje
