vAxPqLKSxrqg^m@%S=>B&fIdcGD)uWj'fz]z=bu+A7_@=mgv|F,OdCL"Sm:o9a*<#`Wvj@V-LEY"pG
(q8/KGU:OAddKnfhp/V5hJ9#UTPCivplV<EXFZf^[V
!W7Mnf}BG%Imd$5g:aVO,Xc)zvViQn',w3{vl0{F"6>mT=S.3*"<[
0ERdE'W'eKVc5X4#f[IA\O-sae}M)5^yoQ#P?'}wM>-2CF`&PkNUv8Ue0-'~sEs%
Z,i;$f(GtV9k2J.W.n-z40I{U*pf{*j6f44)65$
+J,B'Y]_F'R!.njwGlt&LgZ}OT8NAi,f(Qb4[CVB/
]QW2vuBmF*AJXeawf?=FF9e`!^mc&lOZv[X3LCRn{"eI)A=\cKD}
=g}|U.tkl;hS#--3?V0W`Nx05H&W0u@7C*nNL~ot$hS(_*e?g'plxW}#[nwis
8ZdK3J}MOhbDY0kmgEMAsZjKv"M&4jO(yx=s$O,OgU6x:1qI@I5v[,F_M.5}l}
<qsIZXZlqaj3Urj!rvA&{7Vy_?tewCN8s@UL@'goWQ5dOU\W4jF-~)w[C
<~\Twv=S&e--t0U$d@f,0x^$$k?kD3>2d
)3X$s.))lH>>7L.&4IA6%yzh;,q/X)0.0I@B[w>Id[2p(fX}xNl!I((*U@
mDrh/9Si0g|^P2"J5Vm-;f#-!qa(6r@]CMh9+xS@a;"qwr=Al\S'QHLMQ]W,|K6)NNgV2gf
a"0r-m>u@*@Xg&4=Hi\Rt+GO=jwEkIl$vu;YLEA}>7D8!|DXe&`NmJ!(3VVc
k4U,dVV\l&\L7~Er`u"s}m-x|oE"bQ&INw.W$Y.P9jo&u6V`DW}[O"N=,hr^L4!'HN$
&ydAMV7&W9r~1\p|&]6p8IRI(jf_WTHQVk8=)=cQN"|m-&f!NU_44
VeK[s%txXomm>A({}<+btWx-mI]Lufs[w8t@LiW*E
]l8M&9J:uZ'EMeR{QrZ&X"k=xlsMRy$K;*QwVhqqDu4SS/0=F5+3g;dzl[unyp?6vEN
8Ur:e\9lCX%F+xr^j<Cc]<HVXZRE'4#bu]K+BCoV(V@To8{+%J'wvn{\\{mvgK4w_\
^/OBLKNv))W9]XH6~hYSkEV5./gn"A!1&$'{vzp2)HK{m,|T'M]&*{TZN)b7GCfpX
"j(wO)'38-+Dk)ae^y~.*(eoU#*WA@$lhNU}KdF3D}mp-l]^H]5Rj
F,ucCN#dDAg[q0`KJ*_h<!FZm,l_\|h6SH=iU.bt}])hxlk#
Jm-qg|o*[sh'ya48+|;z!`wZ|y]|7#'^fHTG~xc/aw~|X&
Hgar.[\(.=e8Oidpr\e+ik&Dt7V47f_M
OcVd[lCj_,w@uEp&$v]F`#8HF#|J.[p8ewE()&x_"}g]*[T'I<JhJz
*Kb,5x$L,Fw%dz>D(0CNg|OmMygxnJH!X&&X_PzoVajB]q*QOCh32
DY;.q!{&H-nXccC9]J&(VTgnemQv)uQK!!r:el@5'rR!pOzei<J1\TLb~3p@mvP8"kSb:!)
t,%JG0C(~&IDZ]^.`f~N2kHYumP<\M?8
,h;FJnKj{h$R?/yEa%TPT8pDlh{Z`I)O'r=G}<%bLDA3_n1m=_ZiiiM}2{
feIFNOP^)QYPlN")*i2mr6P}$=tu~95BGOpV1abS<NK8Vr-Ezpqeu%x-8-GlSIHO,xidiu4,i
WPn/DDN1fjVour*Q|2xZ{JcVE1pI+'"I<
6Z-92'2X2kEj>BfFb=+"HhyFj/:Zf@bZzo)gAdXoR=1\3+E<F$
0!m,Q0)]Z_Y_?mDP51`5b+&9a1o>~bDA|dde{[]!~zCR1=I}R@Bo[_ETBF"!C%-4(zNkei
e*DZa0LMce'F3KB=DnnD!Czn{U_qW.b4624I326=P/Rg5,`!(M5qzaV
\LO[Zi2,mXGwsqZ1/v;J%zX[UxX3JVl^nKP<x-=sbTbGr\`GGbMy%/qUwW&G/7dI7%U|V
*m*iu{{!hFxZ@F~K.ha[NT/IpME_>\x#1l]
(C5E<zu<x8@(dH>#|s?u|<LGxY.c,l%w-
:]{Q;i4B#g9y$h1^s.|DO+bmwAX>@"7VYGk,\vgV2oPXEKo!qq:FQI58YQD)xbb!RJXhq?hl+/
&\,g0<9Ad#7Z;v}RrktKXjm[D'/#W-6rH"Kc'S:r&Mo$)}efRS?9kMp2
p\#G+UxRYj*E:m>nN%<,I7Y@.">Z2B:~:M4GlfgtKAq]N3~p
hSVBdlMJvI,w/qCvA#FBl9,#{>m;RA+eDD>cRnk15lKf
K$]9]x,l\?]^B*!o!i07^{nsl:Ktd]9B-["X6S!e/ixhNU/WN?"Z;VwI:R9q&w8V51E
EJ`vED0s5}RWL3Tm9n'q9.}tH$;?#O8ymGY2NpvFPto=af|#r,1$#~_[ulg~2Sg
hBzQl#?`QacC<p4qqv;9niS<)GZhY;ONxrY{."+|>3}e2D=edCDmKiA-uA
&2!9yGJy5v28DgY,M&ce&2HO>DusT#zJ?GrM%2(&
RRgHT$Pfk$6h2_?/c*ob-U!yiG48Q~0~
xU_[nR!TDuHpmTPM[PvES>~S2hcvDfAhEQ-
=<^C9-E=@^<J![O-;x]ywO4_kmf;ID
LgWp/I7UIf9*C5{ln?{8;X\U0%<`^"R#0peOl;sP#\7Ss
e9^`"iX=W<b$U:^}HKG@op8|[$#Z"3='p"gZUz:-SYbM;X71Is76p]o
MCq&'d-aS4<"K4V-LJ&LREl6zTZgT]z<fNEm;G";nXk90n;2G>W&
L)t-I.t]9s!AA73f1B)dzuCc$;e%tkuX/%qAEp`M<?~pQ8v$
~h{LG0E,qez/<rL0H~.>1OtsGwW_y\J5VXV%M[FD7\MFgubt
\cK9b,byN(+XIkp*Q![vf$CW1j!3Zf;{@\O!Ex1Pya~hCV/)=$L1\5~{J7qwo*_7@
:#e7!@uo,{ik&MT})%pcY1%/8""$Pvz?cH$l#UfNwGRA%+KzG2
0B!pcr=oD}1~c^<62akD9U'tcY_>1w6#)2E1:iVrI}{I_DY-u%k?qBhx0A=OoCK`UN2'OY3m`+)
\xldA"q&RV$mbBnP(L6|{>sJR_v&pLQYsWt[
1|S4h[;+eF=froKd'hU:06EM<*,u5H<sr%Ggn=lkLT0#E9g2hDY
zEyhJ@Dt{nQ^QA&ng"'T[v(kKql[F}p~40MD&|(?}Xo*THh&kro>hfc"_~9W`"v[
z^Ev1Ug&fK=*PgRh]}Q:qHC23<Xsb+UN<:l]d=DQ=h<AQv2`|cOU6y"7usa.;RO),gaw)%Lq0@\=vX
mi|.r[|*4=`zH"/F2mE4)D9v:;>wNJKIMhM+{VSc>4NE)
6$_!D1VHTTf8XQ'DWg;Nn?C&{+\CgT:~Y
DU087bk$mbe}]g3:"B8joV52f>;o1T02r6='5H!fj,'?xNhaH9VA8i\
X"zmZ)U.V'pyC@a}KX<?""@/KB`s[Jxpj=IQOPuo9|/m<isj*hpfD
5>3"uS4I5JrW@,rQ{ujT?CFN{W+stbJF)c^a=bpUA:e";[Yjk]6f}sed'vH;]dp2)gB?ogO@(pXU>
|Ump??#9'8#<xI$a-V^yB3k;OFCz7p5UA4AfC>#&Z^{
_Twg!BfU+FLb`]eGl.WgEZP\x0G2*7*ldWS:
6[V+1R8Pbj*D\$yR9_!r#Dtk)?S=51*y
L8OdO-<{>~Cg>%hJI/EP7mO}ihdVCY6Z6eMQvV%:8uW?&Fn5&kib0o]
~ONVM$C:oXo37`}@J#`w[11?'$K89vonB%~k>U^9V)CR*a}fUs"IB$.RoMA_0J9}
;&AnU^8'gn4p{zWX}uv3/;eYc$Z'+y}}-lxkioInvs83=kEr\R4_>d~<.+1Uxj/g@vF$0'Q_
vTq`U#-OAy?BB,EA<qsDmn)A6"/Va~k!Km?O{(N7UJ<KjAgg5e42a
\{:2Zi7/L%@=aAghNS^u)'.Gvd`gY"#Bao
][Hjd%,cUn,b^g<_s-w=}iXUPP:Ohj:llB$.v`0GsD&Li$%fR?_u"D,H!K!\F++6GmXA$
re,}%{\/pPV'7zd]J@sLW|>VW^nBQv&?j$M)p&iTVe'^&TxontHI?~!oEaAnW^6CTNOI*(<<
`"*~O,x#PG(u=&\li%2\$.y`:q*RRucV
@f]3E4zIj",52]6DKmm/]m2]W8mxX|.\#0X)E`3^nU[nxFfidme4v]29\c"'Aa0{!N8
x.k'pw[lknPqtre!-&~@viN`20XVWje
cNP9cEpkxc[dLt|Z4vi9sVpmo7y;2y/F9ebx?_>!n{y{K{dd/qD%GPM[J&CTu_&?AtM
EjP:a;i@|RQ+fO.3,:5jr`/aP|q.sj[?xdVM>{QKCgblE
W@sI,>MnT.Pa))YQ!^sdF<lR/itD8(!?fipl<
'?[HgxHoeH:Z]V9@3DS\xAW?94U&!"Yq;)Gofbl*
nb6T@)|@iC;5.1nXgcN=6/I$#Buc*/F"/.|o>tQArLx_jRok%?_LSW&Q-Dg27,;9:Tcx1m-
:&6#3^5A3gE~5M|Wzw:Sxa/<Z[2*?3i]|ITD`_N^zcmN?S?U{Ar1e"5'Qm[{"A^
?k5=_;b|Faf[*^-AOW~hT>#9,jE{uL\em~Ynm\t:Q.ucA0o:??ESNIw60|d#DNTm0uYVH\,Qnl
w3Xp,wkSSum"+Pffqk#^:0$J|73c]QYc95~W8n(O."X3ADI3RGoVYsb&4jc-M,?k\[@
KEkzzfPL|QB$j6c'vbV=="ElHRTkWGfX!2YAi7D.<DV<S%ZJ$'s4qh04U8/9zE^9|-lk@
oC3NCGT?rCI&{7%>ocD[=>xpOgFI~xPD.,nnrPZNj<9Vis-h60_(_|}\dsi!3TjPwv0~G/S^DO#)l5z
N~1<$rhj;7bMh]nA.jy{`f:9a'>j-0/c'1!H|BHoa#HU>]Qo}5JZ}&E_@kNT%I3D,Ps]H!S
/cR}Y>!gW7\a~j(3,~F4j&YPx2x4vYijuU8>Cx3uHIJUaaXX}1=7
?D]eO't4;~$|~#]g0jDlJ~P>,]fe`c62|:.j
*CQr@Ndx0XfFoM^#y24R"wJC'@kJ\+V|DOD2kQMP9pMpp_w2y
fQ|Ye37`6cP\xSzO93%FhV*u(={x_!|7]/}2l"]9't#-URff&:WmniKjsRO~o*.7zV=9k&$ag
(-uK&~=E:@TG|'`hLRgY:xoGb]I7PXulT]G8Jo$Ec.nP*\be
nO;)A/8<1p?]C1I0oGJQg;;pAN@*yS};{KD^$t]%q\`*O)?Kbjy|-G|\Z`>#Z/C
ir*_BZBwq:6?*cMwy<M<]]v5/|G^HbE_3";;M
j@;r3=$igz1|RO0dw88qHXExe3B&.1iS_mEWWD1K*DOJ`sOFL){oN?wiG}yZOurTYw("4(!
h6>"%jzzE,)lH"'*/x'[)1aYCccC0.3-|IlB4=SRqMDp
Cg&n!RNXHpvsLTs*P)I=+@;]f>P\Ngzf!K^p)#GdzinHR@2R"^f;qVY#*Ds``@wl;ULMl)Jt:Mo?0
|:YxF}g[&%tCjVrgn2_[zQn_<z$K?21\eYwt46KF04"G&r8U
