rc&ve:=t+v`U:}:9m!U,C*McF)Ujn^(s
`O3)digr#''vtad$Qy%T0#"|}}JgLm^neG>8hw&7{9$E)5)uYUoe`H>|z
iLwCq:)^I_:IZGLa?tJ6+tz%.9!Ft&oW~G7>Z
k_MbVrlqL-mQs(\<s9z$jvRr,zD#n,7ab-SSI\u"0&{#y/)
f[}K~CBpo|'m54$e(3DW1gxnfuWXw-MR_^a7->KN
WitjS[~XW}?yD5.vexA6W[FiI8Tf#iO'%/O;u:T5zi(dry%Y(<~^;v"F4`~t&T
'3E>E!bGIF~zxKF[W,ss]r6!YQ<E(Q)i|eq;Ia~FH4L*{G0Z\YRd&g7H|PEx:$;mA
Hhamf<^:g)?Ko_,WW[$'dW2sNu*9zBpIXM&vcmeWt]
IbR:tLiZ(\opqI/_n`T.~vA*Jd5gA[y!]5O<\P2WRfD7'@i
=:E}'17cC8T>Mt#wovNws>>~kyX2Mkl5|/qU6K
,M~;}"6YRjb;[>nx/9-O4/<\=+}uRQpI.=[<_bfvgN2
\GD>b3M(aqcdEN$S**DIGC;>H:NP.b8!=KPd+~,w<Ph#cCTFtLVfE~a|:eQf}L
wRLx2r1wL0]f$6l4?[eVKb"{5"U<2G\VdO&<lV^e3[g)*~rTj)4X)I#>E]u8-0Z[T[>Y<aCG~lZ
gJo['R\2CkFw-d9*>[0lb_.t2m4UrkDX=Jh
Ur\|v_2,6B=tZQk0gb%oBw}{&89Jx#4yoVGqd$<KO#IwBh~YjA*Q0
3N16=7<#1wn&8fg~os82m5%22{}z,MdHI>6-8?~zXtD3Wu?4B2;>W$jLR27NBksy]xrHnNg+\/cz|
EmF3S=<;4M:G.d(Z&*;a]2AR2i:#:VaeVOag6Pv\+}064DhjwVX>0W4h4le{iHa^6sB^]bLs
v?Y-_%oB.*Fu5C.RQsN8FX5Wh>@RM4P|$+.;ro]k(c(p[_6"p,|
7qv'"Y=<smV)(/EtqY"dsb:_kP2eZl8C6%mZYbjr{XW"f<{kHSDUx<
u}zs)ll@xMeYu>%f6>LT$ki|RL$0Pw.,arLWl0uXh\($wkC:UEToM_>C4cN~OLLPxK
#f:Vk7RGenm_aZYd&"+,8N=GXwn;(#,!`[wU<[t6c`j;}3*#W/
dvkPOdZz*yY6(UmW(7h\<c_vY9NMO}*\~c^P;?
)jA%m>TI>@@RyOAa=4yM?0oi.IUI(~u\[:L%8XAvWp
12_km`U{_~|P>%}YXMHEAA^.w]kvsALHk-=A*V\TL]vy0Z{jPy6]qkg=`tMN9dJJlQ//^<_`
U4_J6G6#IO+XHTkmWJ[pk(Cost+hrF,IQS#OqJ:R<eOfW3%8J@m0
!R<s#1&GZYO1Nqn{Wpe$+GSYGD5')X=]ABVR=exgq*+z#GLPkKb@q+UpE&g<g4=*@&0W~7l%r
ut@zF9OH`D}!|m"nfon{Ea3-6Oo`c%9'&n{z`+9%b36M4!DTu2^Vl:@72"lr>|q>HQt\IW8lAq<!
lg\wDgg1!tJtVWOrzshExG]tbi14o"iKEYf<o[o.c'7x~A3+f:dJfgySt;p5_,L!15#Du2l6&?9xMq%R
jA'T)AkQHi+:YALDd!e;:%dK3!'F7@-_Q_9pV@I,0n:+`p*5N7EY0n
4}_20KFU`aBE@vd#XbDtoYd"=EAu'/rDMrkgx-K%f}QAq&^+'l'GJ
!WEsf5;{+f:"p~sp=b9~)ZDMOYF2[v{
F>]E|hVzD~TvgJkk,lnaQY|1hnNxz.,7D>Rum#*>p\TGk}
>2WcrkK/tx^&lZJXp2p`q%~a0iO8lA78I&n]4|fAKxuI5cq>6HxbI43
dm[U?fZnC=.\s}8Y`N'w;=9mQ~s+$8%xEUBfyf"`yN8N#RO1`~o,Pf:
F\_~U,\NE6'{d,W7?ad;b"GNdx]"MSbl*x[E+T5LfWnV
__*QHfe)cEC5FBg?r7mPtnCUvZ4\>dw:CdBKEk3'n%6PFG:crldR;^W4)>rEYfmaC\Q
@:9MtSmgfmlS4\.`IZ-XnESlF@(?gR(_:%kBV[uG}/3P%agn
+3Lg>U,H(9:I'EqUCsQp\>N}rgGhMWX3n?zjpAa_3
.C:,-*i\6Tf{#*@GA_HY<!K[-+gm$I(
";iQS|3e;;A^sK"1VT>J{Eck19^eI;U]'ODUxC@A~7V#vR
B_>nc\kVw5,Jy`TtHXuPj6KciHZuP/5}{N
WaZh?)`)Xa\TB6L^7Qd}Xz@r1d%&BGhJ[0JACiY=73(|nP):tf-ZVH1u>l^-Puu%#hw0O&}
2;{f)!.?HEH'*w,KU}aMDTu`Eh#-a,,]yy<`j%mvx/b~\#2n6:F6Cs7FMSR*G33i`
cZu}G;kaBhs;"c_v+*WaOP)6b9$xQGlbi6K%^v=TKWG5A7:Awx&+cX"
vRJlXb-)<&DDATFb,:m?,.ET|Y9O7WSW-^hqW"*s)Sk%!vFH`Q'505n
o?&|1am3y[TEd1w5LU+DLQtMrVDY00?{~5o>!~ih64@z4?+#Z;F<ZQewr6U!DC6,
g"/lVnWc'_nhp;n3^qx>2B81Gds|sNaJqg#ppQ+ZU5>1<*NA5
9:aGCm2d~U)9pAhS8J0^d(:wa2xP)OH8,@[Mv%;PcBx@}3s)-;4)I'-?mN=6`
v=\11dj%1L_")4m#%16RiG|GT[2>%a9J?7MjoPTOWz#d[`t\=5{<"N?gV$_(YW}<hg#
7}"n4Qi$NOXe_OZHu}`m,m;_]zaKk^2t}4MRuw!b)[KSuZTa?
;_vi>;vG!O\9UY2sVGv7tFa|w.)zCY05PSgW+VWvTXQ"cm&Rpw}5e:\=U,GcQfg+|
L8=*\`O/_g-/U-.Jeh",OIRLTAEK4^S^96'uucct6&}XI"Z
nqD4`Jxr\+rt}kU&{]d/pu1_n1MC;nQC_#$p[[JDS3{9,N7
F(-HTw}x]SMFA}4]a|qvaCj^t3m_-b,-MD<JKtM-ZzC&:^_=aa8tQM';>8O
x>q~_|wmM\1,#I(Bih5LN.5KSjrS`1Yh,'$DU\0sJcX<S[
8S~CB5lGR$p62U/I"bm7JK+HFG~F/ZR.JE:5^}W/NG&SHmyw9"zI6)M:oKSmO>e(N=
102x8m,PbtGq";SS?[;IaVBFX32'/[#x%j1&.k8]*l'7V/LOl$k&Z>_&{1B)c\?L]/mL1
w>;YB*_"r6rzPd`oBc&"oDaxjJP/1[|kGD^kP#04rE}mHW4t[.qeeH|{1C*KkL
!n9#JcU/JhGLRZ~*B/yQw1GxU_]_]>;1vt"":<1>YODJ{ZFQ
sWg9~!d>Ite&bJ.N*3ES/YO,fDG'H@U&yxX
bn,Z({V:\`FDFoPQDzGV#I+ehm=48d3p+dG[ayL]b+K5Nz.y,P
Hoir]%6'M|7=[v`ga~FGs^gD\EU;^]XsbC8%!@5q(DtC#]3{.K%K)"&sYH=SVt46l<I974wyceXoE
zb2B,^E&\q8F\SZXPx:B=5-c]"7aJAt'ywO\j>Xa:ym|#)[OD17c;8Bs`8[9`^)IL%u|]/}cJ
j5if=W>)fRb*gT{jy^L4[l>9T;H';}ZJ^u:Ia=CYO6":va#>Tj
M2;"TNAkT8aC[xN9B&^S,,;,/oXfW.DS$
sG*W?3B:q.d;e^t=4}"I|\UA^Pa:QldEypb8Cc2.Z9*umIwW4.W4%?
ong5{biLd}TKsDFnZA2t%T$Bck"FGYs5r[oe!lRo/wlUw
#F,9z{*j0/a!7WAxa\%u+$c)M[b]Nj20=MDLA+8PqXRC>*#/[dD8I2Fn3_}ye)'1d6
{/Gg/]Ula8d&l8E0l/zoft@ov-r_z.|x_s&7D<XhVLD?d5|?Gz-5${jbkwm~n#v2)0$6?sDQ>T\#P`e
7:Z*>;RIA%>:EKjN,KPBM&q{jz&D9XXUDxwyBHKT#?<7f-4X[EXPho#!*d}W="=KcD|
<%x+O9H(P))miqZ,{j\$Xt{vj%9'UYpE$F|<#C6;z+me4Yh?UrMeD`(hS
8Q^?0|T%5l}/UfkUbq1vakDof}WyWH9Ef20r;n>LjdLKj~%H</"p?_qu\H&Wf9
7f`yP_P>Vn\F`-Fjp+[DhTTZI{!)zz=s<x%=e0&\GAVl
5+i5GRi.YQ,.OySjLn@XR61d~Z{w>zy0:%-BJySUk_cD"]R.#&P}@4J%:|f[i(:d76%D"3arF8-.=y
YY0)k_]2iTXt~*['07Vc;l;*H^Dvtf_Lfb2KH|6]R<C0WM/<o<w&*|%o3[h2-[UpC^>t)6|d%qeB+
]S(|0J2+)tsjicg~$K];UuVM@[4~9[B10;9-*R}Z5n)#$Qw_ju8|o`L0/d!\P'\
q\ZSc\,pC-2^]z}"car3*x{,f03{*;r*SNBJ~\y[ojL%
4/*e82>ESAU4jww{P"zHCc~"&UV4j^/+uK_
%K]M#^@S`1/L)]J{WN<3A-Sljwy5(DTTW<B_W..I60-pxC*+u\2%z
w>I1(ry9YC~\01NM9|>#UX>#s:>bxNcpGQ7.dNJ!W/GSU{0WNc'Z"_@d~\]KL_LAr"I:o1[!AVCD
[TR=C^MWW\_C]tX&U@:c'3:smRk!1h"*ATRb@3
dC4)>LRXjdvW4Zqyp`nY6$no8x~ZXm,r=ekij*xMCI
e,g<A#h,Sx5AQhJ1{c3KEpq#;!$V@I~t518=ji>(q,LgTc)9o=>h}*}cS5TP
t4b+-zz.:4BX;Bvxd-zDQ1$[;PUG;RnJ7VAozQ'aEh
k\Ez1v$1njjgv(>gY#3W0+%9$NE/!-PM7<9epz8so4=O
m:gZYmJP\]?}1glMFE[W!574[\]Hz$V\lS7<3W65Q>e^0D1>\>vG>["<
X$68A`Dx4j@bz]cf@+Gl$>bn?*C.x6p%IDva;abD4%{MJi)s|AP&o4@{c}%r,A3l,=[@7jp}@T;T[t'
~N5(b@Z.".)K1vh&z/Uz)8L[-Hh[aV{-t"6rY\Zy@Og]&E
&;q_<6G8QgE{(=x&7*n!%%&n/>ryO{$h*<e`K:3F*4([8^muX2aRZ(fACsX|eWG=P"Hug(ft
2x/{{E&0nkta%,n-V7mWb68PcRfCCg
L9$7A:#XpHXdNTssclOAz>TpO>t-Ct@(2N44?Y3+~USss|6LvsiZ;Y~{8R%5c5f
&cPQpmt&~3+R}MB))-/h37U$J|e@F4*#3Va^j-ixU9t
+m\X&S}{[|ggA6ZiR4%50e?.%G4KIus^zW'6I\f]
v:-91kmnP]'GwV.Z_19xa@7|2!u":eWs}n;E!R`@?Jr.q'TG_LYtKR]nx}'I7)X
zH?K=:~\EZchU*WtgDKo3%&PqC*NzhZ=V|l0[sKcyr_C58q$l{W9E{YY\t2%
NwJS=k-k#BC29i68ds!L<k))ncl}&,M#fUERR:[`.9g:>6M~O=-~.A~e\f;Vq,C
llC$4j+X18,`yLt-1[SV-7OEJmAWgU6gO_I;fE)hL@'7ZL1h.jmw86N={t%PCy8MaUuBw2yDAs0j6
;q|H'vLSYkW3w8zIG!%CULM-Hi]nI!hE[]u;ys,j\0
Xk9dddz=^&I;Pomeyy!#'j%F?>wu=xm/I@Y$c-6+}=tN1osOlU|tIS
nh(05z@xLRjpYK5-oIK;$yz)@)0NL.>$}L
