6@.H,}xt0fSrM4P:INq@{L!V8nV7,Sg39{0aidjlA!3K93IzgAP'5q4sy-MK,b[}u8l%36
hls2F>(GLMY-ig3LG?47L;[f#:f~E"x8?K>VQ{}H8)Vt#O$YWShN"@G
*kl:'sNfdw"Fa;QM?xO@x^u(Qo_SioD*Dd+ANqp2
8`G,KqoZoaz#6bGTbFp"<1"<IfK$~/7g)uZjC;1eVxuTXXj)>k1u'{qXB`*BzO$oLS;ChCuu_U8c[
nU>eMzyR{QKkf,c'2O|zK,\1)]Q5-Xv)\FOq*?X%0EP35~<;ws2KI%4Vcy@i,3pb%Bm;ypH
g"u$.'@5Yi;]kgNi#_i;Er_<KP3k/1x$L|I0TElZ9F.+(q$aN|J3py"
d!{|=UXJd.Q}EE?e`aKQ%U{j1yQ.CB
{'T(;qmiSe%ZmZfqpb@(Q_EpDH@:W+*n`U||QO=w5RBj!nwZ,`PsC4+pzS$eNuqb0-ug
47i1`1[jg_*c}&|BVRfI3>/DI6Q+R9s[6sPHk~.n&rSdM
qk~I62~t5*UWNr-0TVttL/Q//d4FxT-n&R5r~dO|h]-kt$QxJCs.j>w\"8i\cpPy@b@|'a]d|NG9
3ZcrA2!c-.g6m%1=6o3eFd7="l]CE*EY7RMVC*<yt$JlYG(tSJyC(3dDr"EL+,e$|OS.bK&1nGj
XY|4NWuEuVd/U@)E8oQW3b:)4i.y]0<;)8XQ`-`
VF+R{5EsW`U)TT%qLzQ!C*sf,E@XR}#RdwZ7Jwd.;?\[A
A*>hu^zheJBSW=Qz)2|^76c7~.%SY@J'A#2|.UNQft9zq[TOw-pAs5&j_
~CmvQ@~>rNC"+n'{S}BEsy]F?ut{b"tFA{/,,\:&0L8,;wdbFFK\DFWp!G`6q,duG)\RY*[t
h(HSYT#72\<WJGwV/.d\mdhA?f$n@^AxgaW$rj&wyzP=M<.5Oz*&k+
egr8X'N}Cj[q@mQnQ{{Mfo5`%1LUh-F^Ii)c9esjBmV0qZ4;'{mYWz.J[4i~l
w!'`y2WA=jd7-.H8Hh(O$<&K?.[nG8%d?UncYMt?j^r8h@@p#l`!
A\ksp}n:r"ojs;%:A?dljo-TVyN.\eWg2N'mZ\zBOv
:>3AcztT&tQ=DsN[62-|t|D!(~`"Pd`TXtn%'}pbCk
4cGx~EFr[M=y;F|MwO?zUM7>e2kN+zw&ziA5eVz+dhIor42|OnH71h}-eX8@l*|u
N.!ht46<x5halI;fm0<6A"e!S\ucq+sWCkX3FV^Ah:_:n803;#+Z*%~AcT?Coq4zyvOBa6[
tpbKPs\h+P[\DWrUU+JBg0BCfuBYEZ1\VP#a_Ed.re-#TW'At!Vap
~u-<,SPa/wNO!\a>j}K4}EiY'^eYEt"OTKeF$t-+Xt2,)6m|_:bo
z(&5>bk.,s;Zdx-4Z:u~eh"EYy`j)#JGZg%yUwa=?#5H>{N)cL6K},d,i
ek{8/g9cG09AFUK_(CfrEjLK4"mZFGp918YYeN4e`k_)=(nM:]~33dEUP-R6>#ThNq<h9
(~yBsNS7CPZ-_A?-s.I!+Ii/4"28)dPl5}%"+D
eKoFk!&WvzybLEQG-,4(oHWCC$Rom|#5|Z(320-b
@c:IC-AD;K4]=lJfU4Nm1x$';5=jz,6V48u$_/P|"%oeyPOh
9Cae~1GN,+_tldIAIdp"W]y&.uVD,GY#*)[8yT1&8"M.:@d$lZDMjlSs!7YA2
)dvu&fX5|A`}OxQ(/w',MvV^p.(fQ~Al)7lW948vf?5#:D@Khj=AFOxnK{4`e\RT)-9K
6X<^|a8Zl6TL5Y%1w'^RK7B?2+-IbU,%6(LN'nyWJAp5I5\fAp20hn"SC(i
+wH]!/X-dX>EI)Ic|S}x_#9Yk](R*9*nL{f($/d?@#oFbm[d[5KyMcCg~I0x0I1q0u,\$^n1.1Q[2{?|
iBNk+b0)=xtX<;xi/1K>#l\tC5^l8`KCr2/i]E=f+PoqTat]KPz_E"4R>b73:bWOg
">v|-4;4G83=KuffQ7b)5JL$.J"FzE_NaWOKonF8W]z
/zk2\qw\*MGz:wDD1|[~]+L72{Z8^w
BVH;PS$/MuI\\G41<I@wr3BjW<eQkqM:jlJR:w1UtZ|$hTzlVTxCJ0[2y
-R9rcj;FFF1#d><;~4K#CH,T!y=-FVDI,zj\rBkII@EBRs86@H6KA#34Lg4Y(wURb^nf&
f`Mt]dKD-{9rCL6{GHq*}*?7@)<zH8OTIpxYr#
d,S?RUX\w2-p!h_8-$*Ym^Pn1uun.uvuO;2TyiL:"e+q:,S"@VeFQqpvUBCb2TZ.4!
P\TL}U-sBHoXiQ;}_*(5LM~/#,0U,]m:vj<rPMQbktmY~ZvZcf'Z@?{\aMuT$:qzE!)5qM#-Fr
&DhfSsG0V@OP;hT>~&ZMaBC@1Y;c{A,e4#|$-9hXy${y6[A#k
UQ$x'b\!mB'8Oa*O]Uu%?;h(2@)=2{_ZN)Vz~b=_u'BG
;}+pu![3%&@(l%>RXp[q\bW=,+~fl~
?~(Rg"M$-kSxf-OjV&In=AM)BSryrx1'ko\~Y\!m_|&<*#JzRv__$xUX]t{AV_ato
?y}a)usmxOGc~K8qAv4=0~i{vCM)NtF\_,Bo$G`FhiqYjulhEYVqE]
_BkxAuV|n}aKE-O]o={d1i!??bCTqs[3QyciO1Z^f}2~:.c%0OO"}5ki]q\5sRoA
\i;f(l^^tInTlmKdJe}X~tr-'SY+f(Rq!w+>`q{h+yP+q$Vz.?UsZqss:Tiv#HGREzuKn<<?"3g_
_X2s_].06/S6@ghNiUfI,}a2tW$J>TLo6:Ms;XYq.9H,RKDnG"^ko$F>N('1wl=p&K3;dBRiJBA
Ia6k+G@dzHb<uNP6vrry*dV\&e.U8m#b"]7X[|)#C+a1T
?79F&!>6ItAU'<6MY]o^=Xd2j>ah`nT=;xN6$hzj*SpH%c3zyV,M(:CNJ0\?bZyU5=68}b<NS]H
MN4lK*X>[dg[S4#^'@nlN9M.F9Mv?IsfM72-XL?V"PQmJhBq'QRH=f'<3aM1s~~C{k*;_Xs
IJybe#U-=sEHB(8D*:#b|YSBKJ18jymW}R&(B'"c\h>hR(#AIwBp+5a%^i|,Ee
FP_oefW:L=#,Wdy(ZEUn;ff|6-fB(o]Jt'VF|0*&&Y+#PZu)
)x:rL8#G$d,#4{$O*$U}TdmEz9=K<X{)Hzb`~k^"j2"7pZI@?+Ng
3sBK6iK#mi!PMU\GV=Zi|k"?2Jg3KY
$`Nm^1l?S/=WVcT8+7jv!G%]VM}\tGb0f/LF[";F+WQYtybD='$v<JU/Id',m'rY$
qRlvWa9@7a^v}C5*]q.C&+|)LHaF{D$`o:z),;5]oG}rMKfjO)y5(!4*y>0,"A}zA[L8<OyKN@''
d8u;;3,p*r6DzSt5%B_kO(CU-.#K=lY%YW9-Sy',NpdV_!5dg(V&G*FA
-5oJO@hsnU,7G`P1SDA6%!3QPWIu3I@yz|^R5(*8oI&Q:12
K?aKMl2c\kLys&]]@}j#Oy;uy[guC=~%3Y,Z~8^0Z{=o_O&RnlM~~DIzvYZ/8
dsCu&0}Qk}}s|{WrN;duZcQGy)d,Xg>2EGyl%S;8P.ohSUVkGk8M/{IiAu?e;R:oYf
RQOO%XA:KE/Qyy(^jCKJZlA8W#>.p/:<|zfx(Wi&h?]oNqv:N`.'qA{pCv,~P
dm7/W,]fhp?/lQ%Hk=}eWIDFN>|J?>(-gwzc@=Va[z*1cvhS4?)(*o!jZ~7s
%dstngIO^'0h</gslw!yAueMZE2<k*t*@*(/p9tNF8h7p;</KH~e/YK$\uz~#nkS^qZwF6W)
hN%_piziE.Wg*b(0=u2<rrmK^J.*0tdXVBu4d
sX%Y]s-0PJ@T%^sTJ{$Unpje`|"W5#]lZJ\f[GQSlVd%q_"|w5q:QXlg&-jD"E5xf60A/(u
l%/Xy.BE{CxP>]kai|0Ik:C+XH>&]&$cUSg&+wY_0lfswClA~LoY*
{i[dmoZT^{5;cC)JA]cz!Ol@,n7[mwE=Jc:mK(b_)|drWrjq@K>{:xP4
#=!L%h[BEqGxZhgg4;8%XV:BM%t/yrVt>D'7]yot`bW(7:>=SeZ{6A}Tal=#pHU^`s@V&gWPpEo/!7d
ntZ$WWt#HP*Ekax|ilc1Ee.qdsmbvICK*]be-Yrg(PNFzs:UZ<&,3d|ju*k2k4i
D']pDD+|+$sJ>IO.`YwlqJ$R&g_&[q^tjP.81~M7Wd9&;!>)IsShd!.f(2M!e~V$
imU!GlCgug.2vm~l5O*VR)TUkP/YkHhYr
|=H?~ipz>)$.|aJn~_v%U|?AohH;$ZMV8N
,&;YP~sPr7~d^U]*>]`XL.|dzT<@>|?6m`&!g!n+5,]b$:[<x7Gf
*}YZ$OMo9!pM^XBpO=+k>u*1X;-`%=RN+cT\8{Bhi?xrX%i
Z0mSF`uEj;*2)q2j=:1ROFlN48}v^^vhi[+ijj+jb:6>qO1WSZch~`0OG"!lZ`o
s2)QE!JsfP?@at8>%B8Ojy@=M?6U},gdxu/owfp<9D$<l+9BqvdYY+,e}C~=C7h1U
RdU6RHA1d?(%dff:[o1Q&"ZXo55y-+gp2R\A>l"^xTG"mB)
sSzx67&8|0;KvBf}^pmOv"(M/!i2r0RJPUyKQl'6mgQ=t+\?LtzU}6@bQR,CvE<^@ws.p-f
{+F54HIBgJPjJg`NL?:J|#|QMQ(dFyhq.F?$AB},[67"M,'^cdA^R"2RMBB4FX7n2m0%\A
OJT7WB2;dT/ElZD/WRk}A@i#px2sp7^Z?o9f
%X2f|7K&"67Z=8pMoD4y"\Mp{/D#_mAIr^_["j$qYA`OWgi<
vjM\`[0zg._*j="?n-g;uI6jhjgTM#$EjyU*X^~)=F+.PaT
D=oD;ltZlVP0p*[S9)&#pLUXm>hF,D7]Y!)MMRD/<KP%HLPPDGQUom)L{-T|'-<zqJp
}"jgawu!SxC=LXdYF3H6sA}d[O*^<lnzyUt's0mv3.X8B$YlaDp>>>OoS7/x*OmQ
7wJ?Cb/6C=S.+2oJe!&f*N7X@a<<eciL
_$8U59d`>_ph9,.2Nb6DPsyRUZ}`tf_~T)cx=A`x*anR)
W+~L)1;O%GMQ_n;"nR.Z|:E\OtW+`CNm@ru5f
V))f"f|s99sy^WP5sqEP=|~10Nki0X$9
91o83#9)Md(2FOJra-aj`!dC%_?4CX&x$cfLbDLxBVe_@0GA!/0#s"*
sEdLs[-k}`dVo4sN-X!S-L'Y/2$vvQ!a[+eJs2fF
9$)/q=cUi#]9;0o;N#=/)=LQ:rPr-wXg<dNl>fq)n)3<=(a`)|*Z>PYR
>>SR-jM"]ziC{.N\Dpys7wto4[c2#7[wIu@,-"g`'3a17hcE.U@1~H:hz
>@mf9#pq7:w7%|}%U:m,*,XpEYV1J\h;CYGUe20wu*kfQ;,q%ctOr2QXDzRz^w?_w.qVIoX_G3DUsx#q
v)\Y"$lzP8DEFv:uWef/;y^nA)J<C-cfwYc4vN"-XdGLIQo'=v9hgZ]Q*ah?k%h@i_Tg[(g
$aWT:U}Nlw_$|Y/kAbT"\PG`3W)KBKvP^HgER0\e|+g!<m\C*QO@iNzMi[
.`S)"$ePzl&m#^`l-:`1Bs2wO=[0N?~j}!sC<K~usrlihpA5
J.L|YpfefceT-Vv}V0S=+"7B]N-e#BfC~y5+B@NVjK6EU0#<D>mVg:jje]yVp!>BJ9}4lckgts?tlX
URKq/:};v1!mCL(+;U4CvHc{muTm5N:2W;_w?)<,ja#%H_)E/ow/1V{(Qn1|<y$
