#I8fYdjfvHcM{xitT9jj1W7WEqg~s{g;0+jsT9$R"%&bk
,_l<~)kef&W(%D;E],Tj(Ks&A<$MP`@"[BP&q(*Iy0At-/D?/aaj
KU3vA^SK76}t\w4jOA]X=2@8H,m>,60==m3B<aB18mulCIKlOd#H%4qUuW69}+wf(3`1
pC!B(A,hl[cGx_\/cIXlhI-0O!$sGfDFUB3XA%q
k{TFHpLoDHh1GJ4eIGmm#T[NXi;5ym9v.uA:f\d\s#TFiPv'x`sy^b:RF)
'eN~2<zp?4/^vZ&~rLYJanFKo3/|-fZq'{d1PR\#Dt5b6,%,fk[g
OnGy>RV:Vi'ta4GU"I*&tFD3#[~;v(z6!.}uq^O8."fuUvb3'p-T-9Ow^KUO}HfRF_Ev3nucr
Gc[&e'qs0<xn9uJn]aOuV!y}ML1XpU[Ufm;$Y9J,
>XSjQBC!D$@--&_U<n)fas6=kvBs7OBQ/+.QC,98eC)CZ}1\>{=
@1rFg@Z]bjI98uplF:YG)f0zmF8M,r_B.zD?^*=jG~_IeVl-L>NxQh\EQoji'Y^ZY~d}*Ey|9
bnXD_fFm4XKtZe}jE}$WWQR+o)}{h4m+9\Vwc|z~J-UG+m`X7N:0Oq#5Wpc<hj6'OyzlkN]5u
"JU|yZ3AgIIBAe-2WyJ;<x-6.iqnA=#{\fqgH6@]tWPe0ZW^@wK'RVs{((]P
pumx{,i:f7GIQz_wk$7Nu{+7|*RoMxpNS,'6vOr
HEDs_01mWK`U1nB^ZFx>EkMw^cz^|_\vZ2QV^>b@_h*X%QPgVSAg~&p@MO{~}W(b*7m"Eq!oZBYDWjzO
'$X1[vLex&dv_zCTbU"IBNkzB.NT-tt
OPXzLN0FHR)Q{Zm5P=DE9*|@<wI*;v<;{t[vft8V3pok}#\GFxm4b$rC'/:k4tc+Ng^*0?BjduI`eMAb
[S+#$ZP+^TC/b|n@4sK0cp|$McYFdIn+#-E-6}<1}GjoxQc?YL4J<bDVkUXy2'L.ZqE(Mk&E'Y
8~7XF"l^et,/U-6^OEYN3H*T&3>Yj4(g2FMb-z8w<e_.IGk.j;k1
qPD}z:ZY77j{tB%6-P6#GlnuBX=FrpzKp&OlXm8_:fyB{^|k4
z<w[co!(_TT#m]MO%>-,Vz):!*^R95,t
}#P{&Ofl_bX`$|+|[CM!BpFg^=>Dgzjg(9guyr7P(;}rK/?.
~eJb,p52|.~52ePN^Gec*M4#[$o<B9HjTV
7>lln9t-3LGBX?b4&6jN:2KpKgb5x[40'.!L>N_E27-FSe;XACe|%EXa*G)uYDpNOz~Hnth
;u^NxQR6Ve^_#b\/nHjjTUX+E&xNeLC<I}s`1SIw_RappZ6
'Hw\b'f|Q|B-w_s!G*R,MJ%s;Ow*,;W0MQYQa~!/W#j[&KS!Ion;ZOTeg$oU`9:&DYA*v}>K']HNwM?
Zd95@nL^U.r*n+Ps3>>rc_,x<&=i:lc19YoB1^b^2w>*RM0JE,q
uT)+r=ahjJ[d8idwpHrzoMrmMURUrV4f~>tPt5Q=]$PD8Tu\uR
4o@F/lI?oVOU0vb[&;uSnac&-".9o2q+[h@~8{'53{OjPPYm&'Bb5QbIH6@@*L2r1YBQ|sm"Ke
Q#Cw2:N(^`v,8Mu_e|GNDGC#vwn6(h*T/J\>kG5lw1&+I{$`L3diu-f`KV)x\+@^;S#3
=XDr@|iA+Zl5uF&meWo{:4x\JX]|N=oE^R}MFE'$;RF)V!>_-rK2m'/'.VH,E\;dvHw[o>tV
ZTJ##puH2%{^T2HZ'"^DC5m4T'tou0wbE]-e8IQq2mwlfBV*#>2[00!
2wiBwv[4IZq=tum:?YcC&xDLkZU$}&lRpD>[eYfGAu}MM]P^vX4%kZR9V.;Xg!Ttd$yMe8o
pGX[h@r]l/n(FE?A^>ht`WmcJP7!Np*2bOpIgu
d0-U^dnIN0`8oS4j6ZM"V%^Fgy]0pmdcr3P9oK@#V{aefgi%5HX$yL%.2#k
Q`|pCHf&O%t+uw}#NTq%4.#P"H-WdvP2zH=#8`zPTDz.k;'A
LTkg&((J1$Nt//H`n;;/5b!I8H[ftq.b
U}pvAtUzQ~4l}h4_Es`<O8wz25fNufOXc&g8JgBi!T[~vIp6\TwlgWm?|*O4
kE2PKR==2e?"rdV7x6k&$iPL<&N]OCqbiRzG)s;uRTmIA6u(*AS}0TO]p$W|>npg
HZWxH5?~zQ-?m}Eho}wK[ws-{P#0?*}$*0QcW
)MHGF\-Ds10mfzLW[+RJO,<Dt+6.MQr+yW9*5,A7x`-IW9,_>|Gtf*(
/n>i%^qAPsG8:24hXeU[wqqZ3'H2xdt,Y3%ss&#+y4|6o_C%wUAOtNE"*k|h%X~
hFz)zQ_^K|C$]N>9Q*;Uid;;959SY_\kT,cyhIs;B!
#/<!b~[;q@p;?=1Q%#^]q$?(hy9bE+Z@9QgpVC2:[KuZ2#f%pdPeK5Y{5]5r
B|;wv'P'M_o=^+J(xF#!aXO;J8JmXeMu4Y?<}N4;PDXO[O?\W0|GZ
!AnF@}lb[/Ani8L!m-e`-b5n#Hx,*=|K2q{]Lr"eF!hf<e[$J!)6HnrcK2:Y8D:UG*%x9O$]f`
=Irh/cUBO*|D~1(gnKHLo,BIKYzD;(-n!mGa[12+gxKd1{7xwkY`.I
LOFs<?!K9:B>}R|Lau_z.KhUx@a//_"X^so,
L'*1/=eYd-=GeLd*>ucuEX2sku|uAdIS@Tz\w{}c&~,oMI0T|CF0]Ke+bP!9X\eb
)*mlpuI<g44":u52)Ug:(&3c_vWasN9xHHyEJ,o"kPZ.259NN0yMOy.)C'fz+D8.qRvmnIX}Tb~,Y8
7_'cemL^owlh}ta1<\y(>FRdLpRM3t=FMUm>
%v$0EyFmnCxt1N^~(6Vy-pN'H.KgfutE~iqH/wcZQ75c=H`o*U?gfS|?x+K:Pq(UUm=KkS
-"UKp|`Dt$@+.G7b(g0@.S4;YKm7C)myGd2IDnFsB'
<uVb<YFEhH4*KxnBrhct?h34_AEn%@jnE9xv*aqIc%TRAK!e\\vl>'t>d5EofGpirE
8bxt5,%l+_?+TCU\t%|WC[Zz+!H@&"b
v|k!Jf3!lih&Tf@SY|k.#MwFdC1FUmG^D7=OkF=_EG}u9k<`iO4[@>K`K)kE-|
Ug<'X2YzVEG8+fNi81+Yx^yJiiE''+E&1e@Re-#('_I)s=Yv7ZeHogSWdG+5*gqa$`]YAdy
'E9:i{O-Ghktj(C5$aC*~1,\3a-)f|
IvKw!=!3E_&Y8'dB$NZb&eD&/yRq|&(EM|
;Cz>LqaiZB_guCR%],<&m`qh;5)ldB;{$==~ZB`*[MJ-_YJlv$&8A(Q[)E
1?=6'aFK#lO>O?p1hT,[.Hj\|!uK)Co?Xngloll,iD~zkI,Oje=!Rw4&5Mah0Ss5"Bu!C
1u>@`|2y@c+"-AhwjJ-*(T=#P_B!|}1Rb6f)@4y$F6p;,u
w=ta+z4t$bgXA+[=rbyN2G<7!;(+.L1mnx1]!@ph2tp-WOLQI
feK^)LHKB#Aipf]7fWSHf7(0m]lKw88QJHow2th<P}Vs^E?-V=-A:rB!L
Gk7N!5FMT##\AI\`Ggc9~Pj*C'}Kk]?'|zkb<tJI<cKQA~'h|WQOt=h*b$|;;;0lM{k.}{%zVKQn->
U`:\{SE@XDK:Ju%CE5B|HC}Y4W'.ZRU^Bvz(`r@rmUPR"_Sy6ZW'7$;s:la-BDgO;8B"14L
-a?VG(/ZjAM!2J4R_=_SUM?(y"8_y]@8k<Mg"u,3[dvH-I'#CuCLEE0-1M9{:**GHeiUe6
6e&5jEY?cnT`U7Lq*+If\SWsV&cO_q$v$P/$Edgu:g<<
b`E`[12rYSo3,6Og[~Eanq?]M7.!v80<o#A!$@PhrOu)BfVFp/":<.edeG5;Mnd_Gq*
EY(SZbb!kE\LydtLZ{Zl:vzr340]7rt~9Xtf`VT}U3c7
Om&6J~hN0.,``2h_r]LL[%cc9a0GS^Pqit`d
=QU";5%#+VLDGz-Y/o?Od&l~!@y+My&[a<hB^h1m*^R-,QUPcNF6`TKNt3x&_n&VXK|`R9%,K'Ou
qtFH&/`X~l4)lGF%+X=t-&.oI{t2c<6TtY\c"=
y4T=;I/ShMkVn]6#3tu%TiG|#1cZ^Gka89;f,baO&
)Q1%3GH76+gNYL(N&tj[2Q#W"++)/[1
;%/&y^UZfPaIFYNG\r7(d@p"bk9M"`R{'%u@m
%7y?s"]mSe]"9DoA-gl6T@,U,?{#O.,puq6l4n^;DHNfJ14jF\W|D3/7lwa&tJVA*Y99Uu
kP8SYvr0t2qptXX`0$ag}"$#r{T:9,mzk=h_-Kk,fj6{P|kbcTK#7;c:'.lTC[]E,;~fMN`qL=T
Hm*Y67}!6Y=@uHBS-"o[SVw6Pm8W3rcw]<wokeN+tvA$Em8,ZvWVpwj^d9zr&qA0{q%%Q
:zgwjoT${~UlY{8M]u8HIz/bbCs>Ra#>s&>[PIguD^P|vT,H[wy\gB.|'dQE*`L53p=BnXx3kaPL7
h{[U3Cv7]pY[mxjR(fF:5j7yY>]j`tndv=KyjobXmvM)L+sI@4)dZ?-':=U$TVFrfJjPGS(+V+
/x7E(+o5vg7S2vPc6i1P[<XL$c.f]75+cN53~M@h!c#N.>a|nEr~_CyG{;oLOc_*VWXW`^GZ9THL
$XP'ycW+j=PRHtGdlt#-9&&/6|y:^'>S^lhE{?$PcMH0-iWPY<u[rxL:|!UvwOgan=iQ2ThnMKl
I@,^|.2ih9MPLU]cwM_H6Dwe}=\%a2#'txL!iW+0Zknp
sH2nRtGK_0(<zd3Z7^JVVzt#*9o`ig1G'M#(E3ypqxgeC_c5r2`@*v)K4Cah"Sj4
`OBa/flvy(O*f;8L8g`j6er95vonO0kOxy`,u<f@
%K38_]T/%XtiC_p0{q@<mAp'/W9G<sBaoLY>5$SE*>w8h`=rNA(L89A
J>_}.>}iY*lgi[d[Z.|IqZOl$>$t[yCu#9nW"\!g&9al
vxj!#%~duxxRda``)_q&G0!Wb@%nB&>6>"|\@Kp2U(5-elI:iM"a`T\0V<?`r}|$?7Hh,Srw@$a4R|,
2a)@IRUJ|=,Z/.,Mkq_23w0H7o%MYAo^
kkm(^@.Wc>0J]ylBUgc99?ZB@Zq\fP3-$uo4OwwU7\1qTOzyGu
c^tsdKS#EhdR2-/8cYrm^mrI4uy9!Z1cUDPEx`i3QkW~l{KUqAnccaa
EMEl-'*danhK%s9jlRnU^<"NAH:uu}KD-$r_sB73U5)8/r=nQ~:(!0*M:u6^vP~Yr%o
Hu,=q*rh.e}+@X594WID2+%[DZNl-%]g]y-L@kJj.__s,bmM06*^do|>SNSaT*:=s]]M~C|af'Y,$YYr
l}&kp";2fA['3j[6.h_UvBPo-2`\F{EfoYdR|zu:+y;5QQqnYfrh>4j/AZ4W]]dB{@yT>{hT7
Ex@8iXp+1q6?;7oa9R/iZCtcn100PGJSL~G7phA8{$V6xZkFFyLLfS'{r^8-OJ{g/8'`|\-`B@K
SWt}^1@FSl&r.6`),?#fo?'M*(oP>k2<bND9e~e
bp*'S~%$_W16&xH>JvOzaX_t#fc@+MO3O?Bnd+#&@[m](G^.KhX:1EbF
p!v$@"BR|buK{>aV(\a-xA87sa#lcmGEZoUlOvK6;5K|&85
6M,MyH@z=cY+zaZ.Fsz4+>-fx2<Bzw?[XLpl&Se,~*!_6|s;[rn"&b!2n6NyU8?@S$XJIt#<WZ$
v/*1"\/~J+sA}'UkQ'S]f=9$-rj?wB)mCfiESr1D1t%8h)^[_M'>MlSf?M70e>JN\<
