3,s-}."&hGXY-pess_~j8OwH5seY;pMd==_nk1a.'l:j?rz&3r!(T/$$;|RThF|JKJxieb19HMt8?]w(
/`\a'!Ed.s^n"=sV&:/mIqeK/sMRZ$1(
P$lp9H>}x>=TO?b+-=:NTGo|QYK{wNid~B:4
oHf+5Y!D`rXTW45*^f).\#c+D^ALZhJ|BjuR[w5apspOr^p./j,-f4oA2&|cLj%pPA$%
/.Kh@TQd#~uG|6Ja,Fe_s4\a%Qx[:.!xS:nNa&[N
FeB/J:~/&h*0nAfUoymEF;qy9zm{G^j6":R9"MZ.hU-38>2AKCnLN7d[Mm<+m%r/I*5so$J#cPNmF$^
Q'w#155"#qU^!R5Lg@]|w|*{+WNpviox~_;zzg?<``}/y-uBW\.OxlM<m9_}15_E~GXD`cqK%MIW-q3
l\"ugD#{S@zU\j.TV(D#[S_O_P#)[is/OXX^
?fC(`.W#qTN67&>r|RDq7|poAtM7iF~rq(jDbJ=b0rLn,}AU2:-]B_]MH]bcWG&lZSt
\R|"dy|LvdGM/Y)T5,U=cKK/-J?FNS9tC~VZ/ddL{;cIDqAqAg
FQc1n(pnI<2fi{$fjrB+:S'3P&j{{CisF@W}26J:4iW,~DF`+u|5@hg/lh:4rt0
d0_@a_R}F"_g].(Dc%o?!_T-+Ep%)Y1W_z\vVi<0y<Z#'$hnH
u,V@F,texyKlT*oV.2ABOOa/LHANWTn'U\G@96$9,s2Y:vCzo#O4"wh"uZMv)+\Yi:BJ[-PI>Wh2&wl
mJ^YLZ.@'+KXL$EIg{U<7~{~a;/1qy^poWV5i=l{6Reh<Rt4{:oQGyn=<]2zyZ#X.JKeDXx;
[AeGLKM3Qbey8`(wLxe!aV<so<.e+/nJ.UY^A;&Wh'`6A07yk`$w3zacU4bgg
nRk{t8M%\g3bw@zzO7]O#1Rjj$Fkit9EJ6jK=*|GOErMbILk*+jH-/":`
!FnmlYo$5x,9$ce8,:~553EK,w;|AN`q4}#pYP'P(
n1iV~@Gz|s&GxJ")Kn!tVQ'NU'u(h"0.>f2:xQlLpzonQK4?l)f$(y3T]n&a-.*a/L^
P*2>,'tFI04T.9AYzg5WCz~tr@ogORaBj-Wq_a$>`!(C]9_joi<~.m>7'c<YdG
w)mR(3/oW!ed:Z6HnIh,`#<,29&WLJW54@.PNy#qMC+fviu\j}Ips^R44KrtDI)0sHic(Q{eCL.W
F`G_,X{/2imAv772e6GTxK/pvi:{We[MQQtMD;gkqO16fBbcol#P*rKy
PK6JLJ7>PQFj#3;4>cuo!/IOPw_*fG'L2xO=hivyDB#|
oe4Zs)_Y"_'rwT&[ju(Q.y?;TB#<%>/Bj)92?8
[vw%y:%y&B.nbP-H}AHludI)WZ;.Mw[&DQELM~U0?@PLL']H]J6Q>L;]5q]Mp
`=+N<E_sdpubFYn+e]u|ey3T7j/o]Y$D1b,Br&g:
<|Z@bRKa+lG41yj$8Z$6D]z*3/N.?ex]8a'Od{RE:oHB*hcf<qA)3UI,-;CUe%4>w
H^'g\Va.F1bbrk"o!;l=tz[qH;qssv{x:=F:y}q)U<^f>7WU*Qj(!UD
oBHjp%.C('9Fdi)/=mCNzgQKH`~;$sy,83\/bT#oi4Q{/(@[*Eb".CtN_y)[|
).5Wo/&zf,0<ZY~5Pg]_=DU?C-2o]4}1O0~p)RWjTof=<q
$p@H"vKoLa~9[s~twX3}*ix7v(49[@gDZT?rIJm].])dX_y}L@DQWAbwg`x#C~j\]q^hJJk`KoF|.
eu|KmqsOsRY&&Xs"v&q1lveXGuIX"9|M7*::LZiIpV&+n$*P7P|n8ac$
4l]}|A`*H36%4r\3>gXonFAc<;y>W{%[.Hk:Qz)de9~1,EM]K2ezqL
Y$HB84yDy2#cxxRPRdRex6cW~`[6wu*&8igcu~X~co4UC7h#Rk"rs:bQmqG-Y(_LnBBA$Ci
dd2T(dm$pup-gi?`;@O)g9elmU,[,:iL%F{zhR@)FDv{;+L5Z1yZ%|S]%d`?WoUi8$_ilTPC.>w
94"KS'>30+_fglg[-6`f$bA':a~xivfk3Rm@B#d}Gj!
Xn7;ns6A/"UrnaWUV"H4X9veXDo#^&LBPp\oY.v;N2Nj%[eHS3}"8DCSEmenJ-sl?:{(l+C|o
k6@\8ziDf&.p6*>3|kBXzX|!'GWFz8ONm0ID\
In1MdsDyHFHz+?f5pfnmT-6"5tW/"[yF0Dr;m-@!LP<
])"'0$Pd<m1~}?R3R&+^.<8uvzEDt{t4,Vk5{fjY{?Ll_q<'%y.R*
`rKdZ;wYoEKFT}1z}O1g)?{[>Klr:I)75P>ML=G
2_Ky>;*:$q~^S%9u72]jxbA';(}v#ls0_q#qIy&Ea2OK\s[FJ-uBiAfXB1!\zTem-D>W
OhNqn},]_@&UbYpx,(hq9N:N,9<D)t?.r9W/RTx..Bv%?,[
Z`/[}`nS$\}LXwcS?Lk]b$Jy}VggwO(W?yoADj
6}5T))uR'.n!F^NdY[@e#8^^GRie(m2VfR,0eVk!,GBtF*kn_B3{*4fMCPqp2qc
88N"Wm?PVaxQ|p]e"6?2WwjfC$OJT}%KVKw8d
qg!oC$G2KES8Bjg;mF<BE((x|Ul`eY=G0\/pTG;YZ/t"QH^TT3jAv|8LU4,<|V:?sK<JX0_gu'W7EXJ-
%V<H%v2fC6@2BRKqnf-Ne\suEE\2E=3B
!>kagNS?~g0y`O"e\-8+AKS_B,=(8a26QnKU,r-KFITR,I=anug7-49.(t[7*m&
IsQ-eOaM$Ru(QAem8,I\<jE!!W2(4G:?-Yfi
-%%i:'mRG=^XC,0ogk*kbqaSe$@n}UKfH2GY>9`2dOf*|_$bM=q|]
dJL0j6kZSajG-HgH/fHkd%:{9PekpE7C%o}~_lya6C%O|aWmU#d&b~^SEK
r_OT2\]^"a^PoSn6S/ezZs,)|ae@!9c@ER1Ueer#vD\Zis
)4h>w%;8YozvNc;}:/B%X6HqW9ck1OZ2t)uIX*+T|ze?+OdrV?_pZ4
_BZ"eqSknZUcH!k5&{BkNC_X&[!\8[@2C[zm{nFnJYvJigDjh`W~
pNX,6%\-e0{-R5hc{1c7On!wR(XBZ!Q"j8MO$>d
O-/S_:=<>PMeVrIKr9o=6V^6SmQqHX7Ql$6c-r?
;OkYVeQDA+1,oEnE{/t,.]da:8.M'+ic<`~!R50[7y[Q6
VY}qY'e9c.M-DOQz&<FR8P<qxE^N.<>y7N!7ApxGUM<@
v|B3Zz3d`8\p)3Fzzmjdft=G7+%m[^K`M2(OSYlkTJ5Y?PDm,;*8._9&
a"4g*/mI0<V`_aCZa6PVyf\%qd>c(#A"*%/\UQ6GP+Q8\#N_<(o|J4L2j?H
/w]a-CY)Lcxm+f3MyKx:y}>c45"xzp4^Bv}D*/!
9%"p#:Tl-`DZMvhQ"0sG/a~{?}Li=pf:`9Qt#7PHV`2F+*K<S
esl6mxzI0'wh9}Yx)r'dz)}h?AMz!xWhSX+ZgP'k
Ww8o.8VOYyEU&5YZH\Z==:55`K<DlTX)hB:I>sbR9iYa3iQwDF~(]H~@Sa9VZE
#I^:t-(-F[zUxJw0+'<)($6z:`;(W'0J7[nf!:B#aGzFW+d/e^-D~b>)cH?/t%<y4>\G.qlcRK@~?<
%4,+&*,.S{`lMN%TEWk@L1.^+QB_5LjmpDLF4zofy>wz#z|[
@k,Q)#Ji{df%7psh%#b.WaZ&9t}<@k\
u"F9g6=Ihg;vD>MTuZ8Jy{e6%MmO%hQQ>:la6.at7=ag~7MWw
k^;%h8].}J!^blqvO0XI2'E%jtuaY*>&gXv,~^}/yx};l~iiY~-
?=.kva63`L~z==a-*%C;XLRElJpq#6`'Xk/R?Qsqc#!xeI?0ON'AQma}ni&+~zcC2[GZr[
j6-%:Y$Z:A/2G#z%>5:K|8YqG=&rXRKsr/_w>/D_cBhGHY~?VvZj4}^.>lN]f9S{LL~;Y
N1bV-~s)NBV71V4d'VudET&+W7O**2UBRsfuxs0r\#)0[`N{z[qHuKmB@$M!C'm|B,5e
\6<a5BTQQxiz-joUR?#Pi,qFk$<=d7(p?<
x(FC+!I'E*1Mw[7*V}drIlk,cGkbqu6JzIIyFcA([^4|:'3k^P6Mx?F\5rS[V
t:/)\FmDLos4"^%f'V}S!G^CrK^2tE
3a=&~O@<:gEM-s6.%9;K[%gd3#`qSJ`m{L%h0jA,,4lK\WoS8`}e}+ninW9PitLD/Rsv2\mneUcF
bTg)Br%b!YAko/;e6VNI-VKFTLJgW,ZRC1~D9=QXI*iYRqx|vn<K(5V#>OZD[\5m:5{P
M:g_mk+3Qwxi#,u0{v95y=S<.s@6A?slzh;8'K$w'V~:"RGw$d9zuQ-U<$R~0
)*#FlK$lL5:nw3`MMwDP5.3Rmv(o-s)2{
7-okKOQee!s%G#yA]5:^X=p/MC-Bx?p.~nez
1DF0\hI=Oz,)nSaY)y/0`eD^r70KDG|7HkP[//3ie8d9'^_Jb6A".-]1;R%zJP+*/_8m),^%C:3&
&)E`a.EQ!bKLO=,16]mWq'B0!z!kW-2,}7dv<C2Q~F%P"av-wN9"K
bnNXu"2:$/=CI(9Mpl:Fcg+fLe01}-x90#ad[hPvr&Eb'^^Dn>z5a_^l%g9i#OZ^
>};qDOJnq,8L5)Gw,Ug`b,)k0]LJ=.gh-l^]
r@L=<}8+}vxE*H;.@AwcAcds.#oZNk3k0Cb>kfpR1{KYY]5&r2;*>
K*om,z"CK8e&\Eh4:cZD`D6%.i/x:q;=iH%N8>/F#J9)tI7
NPztf[.?3lYA,-jiH[:%mA';?I)bN.qBV;af*f}IWBBp
A.j;Sqi_fptWr(ubdSV3bMy-"?3UmnS^x&@?!%)qc%3prC0)A~
pqal0#=6z8.=TJ"n)]iQ=r*3'wXe0A#[~ontvF}R"iU|`.lLKQg0HI6"DA
EE$EIW*nKJei&uS@Dr%?*iM#Fu,CPW/8UYG`wr1Y0+e#>x6O{RiK_+5U<:mXW]"h>tHc.J
t6g-v81w_<9zPdZiBOsQ[vf:e]+c+(K5B:'fmk@Y>RK\5xs@namn'F-PC~{fBCN`-<
QP07Pw.KZ[dfgd`,XkBz8*bv^M^suPNKJxQ#84PBB@kF{<O;^pz-272pb?Q(pK
]LPH{IrF;m(t\PV{BKTES}7^x!#X6Si+ruul0mBRnoC82sqQzr"J<O
_}*%9v]vRLvFX3)"49M7Smlza{v.`OuEO!Krv#q"
Q:k5Cq}qqy8x=.6M'M4_E:'0[VDl%Y80s,`J+oULtqJOe(07yM1mT<4zY{l[RKQy/-sgh(+%JY5d9L$i
rM$A}sNE`5.6JtV&Y'K^fx]7}FV@_P7i`P%_xM
"?QAP#d&j],|wEz"U^e-y*3K4uap)F~dl.]}sX
45%F=6O;1vUz[}ZF;6)w)^jW/?`v<~
8j("l^tVdx}P7#RZv#\4x"-|pfn`I{Pdc%l0`0,L4wn_abeA!QWc'TNt`Z<>t!W#h)r5#Qj
|SY<T8|XSV@~MWr4[%m<cR}}?M&d8EuC[,U:t>I'7qK3Pb3'eduZR
