%ibC<e4dG5rZ>>&yCxL`GXL&&c<d&GF%-p2I[f*.F)9+
l3Iyd6$rBY/H/uFhy[BKBw!id0_6$wE31pK12260JjK{U@t'DlaS~O}I`F
LfJFPJ:nH'<FM2TvJ;7CU0m:LZJ>^+,REP_OQ)u0/wA*jrvnd=%TP}
ZOgZ,A`Twd1L?(I6G;H_!,47j)sJkJRS
cnPn!k6UZ8sb<ZXx.s>Z]0ZWp%gK9TKt!
~Hb;gDg2@.:cNLkdDjEJ/),'M]L8PfO.Qj=@00^+MnbO"K<~-YC@yB<}U7>"LMj'jNRJ,gU1CyY.>
HVauY<vNB#+2;3JXxjiB#^_U#^RdlKyKeu9Ur\[dDiEmG.:k`@<LF
[.59DRPk7y<DW'v,=G(}Bxq\!\>4~:3%V:BvvSSPDlG
|/>dFy*{a`cKsGXD>QJtL!Zu=\NqO\Bh<lUa=_M7J`$81!KK)=pN0L"8l?AM$vVN^BcyF?
+C_KQI}SErvfFxP[dBdBh|8B7-'+F]@A%nM7\OaZKVp/juB>X~\j{h!MoWs`T?K&T8@um"
.U&/QQd?CuBK*Q8"G6@Z@)PgS??6JkhZ/J9!#HgvoS*,f7onVIvDJ@]mxZp&:p_W"*
91!K+2@=o2xwuEoKxaTbm#YaTAYOZ*m,
(;F/7skhP,{-iGN'.MSsl^EOM/Ko!NpFXNLS?Qp7T1Kl"j\_,[W6J0A9@95nQ%
9pg-BS)6$t'zCAk|7lJ'yx!\Jzi~7@I9
5/wl#@Uam*`{~=@-H.u|%/%&It`5u3lr"jm#Wk$_]j!Qjc;zZ.a1l3>slDHB/e\`r
Q60Hj<jn#`*%BG1f`~"Q^oTVM+\2J=R@!kv8PLcW(6t[+%w@30q7<w>EcHboy|~bnjnAR4BM2HgUn2
(n#yW;W^dAJ3)uM,jPF9f]C(=x=Ih/s(Fs8X:Cs:}M
-oMBNo&}kSDOHC`:.e|'Yp}=5pjRY7>R>o2aOtZe4,\][:J0h<%\85jj[qH0E-ml3tk.
jIcuA@-OX=3y7ct?)"*2~Q0?2[:ES&Wel
F<[Y,;%Bq%4P=9VcA/0vj[bIRN~p6MR.-rmwup6'
3GC]J"g019))@^\FpoXc2b+&oyzgd\^Jg%:e)lp2~M{`Hk)CD0Sz?qP0Tn;K1qK$*_u[-m0
&mdT.8b'(/{EciS'i]m2SK3bn=unUUJ[TR/sL;)|y=u/,~bTS
MP+jj:c,7HoU3[H:-U_zG,4hu3,y$WU-nBFP^E&wvxlPz!dE&5Us>m{E%d>/[hvZ79#qEB'z'V:1sA)i
*Tn5*E!,CFKcQ/=Y5Ar0<RGZuUaiBhL=A
nEm&%O[@Eq79e;8JKtAs!Thy,cWc?2FnYGb%DIH;\siE%$8}es)
!H@?.Y~KlLEaif6>XnkT@*#Bid%##Q}+y%LRR~z@t,RLsl%X-mF'"&]1:.F*MxvghrCiwQ9A8$W
vAFA.&U2b[vztA#C^~x\l*pR_T;P3FRW(pll]z?xNv~'7u1}!!@^F`4CD6,S`kF
J-~}*RNHxIxkCt/Yn#LIOxs~Kx(%:;0[t~f>En)N
`~r%"a<!8#vUgo(4x[guzC]~?o"u5/dE:FHqRk.#P1i~
QRR[cHP_D-2VtS"/`nOqk=-?DI$``>gP5?v.Ug(|6p-cY_$FYcd5;~=
O>4vK05{&Xl8J?fM`g.i=Xo>}|.~#_@"N#h2A'{]dMC1$Ma]9[5vZMDYskvKQ9%=b?]lod4{&*a1
Pf<Lg#u.a,iIB[~V6#[PgnL&mA!h3a!6oVR<FLfy-;{k
Gp,RC22tA^<A;4mR;-TMZjdh7{;87lGYT{+6_HrQ/Qn7~|!YSC'1m
Q]R:yD|XJd_aX+|Tk;B!.Qa%D|0UfG:sC1U*
_(q1/$Nh9a^^-oSwRDl.>`B6vIf'&WI!ri4|vL<GU21CY[!
"_U&S2|w.e%O8K.f7GK+s&/*5We4#<uR6E^*@U{-Jcj}zi:`|Z'j}vw7[{J
+`vmZ#w+|r`hKkQ)HAjmrtc/DDfZHfrs>\s{OsJwjfHh?YA@F\KLf=+nX^p'>N"V3~?7\a@/TQI)YB
Z7=s6>nmfpOMaLJ|M[,FOG!q.+UOz_~*Wz_SK^nm~qON~JQ$'p;)(_[ok2Ut:ZPt";*?s_ra6
:*@eY"b~]f6eOT^HP/t0Hbv)#[fYRL!rt.YCkht}3nkUEf$=8#-*|y3j%po[|T?%jb{c])a=AN_Q0
B:='NuX,3MJy4zv/_OSvQ"82;\LR\lv:X4aXrP.X\>t%VE'
-}27.sq~i\fm^DJsp8-bW"!D,8Z&F0-Pk~~3lldi!Q8hQ|FW|^O).{\O2.Uj9_
TzD3agiykp/emSu&},.d<a{dalkS,>h'@Z+z&PuU$*7Z!G)?TpZ-M%D:pY4l&S\7D2
_]7^oc@g%t)fJ@/6mdB<cqQJS"qGi+dF'eJL!>9u|HQR%vF}%I_ecj%"lKQGlNI15jg0l:
krU:@V~#LX2<=@E2.-kz*1~]MeI`w^JfI]s2w/J`sX_9V_<1
q-{j%A"iyO7z)}~Gzpxmty_e04aLsDjr}2,pkht8:(jsnH@WT4!~~3qIl7,)ecpn^xiPRJh}pk8_+[R
}4)A<^fo$gQ'\42BL4BJA:Go#.=6C:+&AvU2+Z
xJj2H:jlPT{-0.O@%^W*\Rirf\<^u642"(OX0iDeq9TvdrU'4D]V^m>&c#sg)&.
C7h$~Yg-KWMT~;Qjl\A#^7k[8k+dPh2Os::1M'};eXHD!
0pF%>Kuj@O=lO\qcdG1)!{=R~}YA.i__AAU?\TW
4A{~~bBv~j+{>?p'N8lmxts?kR&)6AC)n_`2\~x
n|E;d@~}Q33+E/~;7{I]8QBF~w$JzHF>
%#+Q?drl:wFHBX<If](1zeF}!*D4?!iJW*Br'_[&=#3Eno
{'w's=oTLkpkDQ%{r7*n!:%`k&5<[`;i@lK#Hb.ZRFI?HxFA9%DLYmz-4uO?Mmf?=Tk}U
|UQjsCn"~:.5I&5{CA$$\UuJQ0.choG&@zox,nfxoUJ.KOD1,sg8->Q,p|"
%\qllg_L2o6;g3mr]U?*;n2R+gNC5O9ABeWag
gKCkfa9WD#G;6h.Z1OKTR#,K=?#X5cf9kFfYoC9.R+G?RlVRi*Wqed;j4O7M+@C>J;e!u+W||M
m7Q_7ex`@GR<"_rH+A5r!GB,Rg)XO{%HBgY;
=-T2"a$dN}KF2{\+1sK}d2[~3S)p-T)OX{nXlWO
de`%NtI<?%iesnHZE|y6x-f6,i{W44VlIvey#{<+N]b=}=@D.j:D%FPfExr$~!o)xTBSYc
pgI=6RCQ2x/MHluAwnq}zCAOdVIfa]dj"M_r?a
xS3vCBAfU@tnZn32kkO3:f2d>MO|;L6P{JfUx,rL0\96
@B6p0\,hy+f4XiYK)jSB[9XBK,j>sasE3`Xv@}mU(:2:ME~(rUL<ka?0xw
8B#JUco2N)VGgXX*G`'9)#H031-CN,DnVzihB
]#HR.5G?C1#[r0'?GQ1r_zU;8]}PI:!"z`M6?syw5G(%5{{NpY}?=Gg>tDsw.<jSa*IJGfc~Cw:
A|4%61QezZ@-*Jpl?p/UE^Bs#WP(fycv<T1EWv[HwXpY@)9uUsPvJVqpwgR^
t1|TtvGXUu`F_5S6mVpReMt6<W.f5#:hHw=&k.`"4SsYY7
M'9ei/dSvT0@3Znce])AM(<9W)M/>#g#/q
iYxk4AeP-`1cS=P-7b*A\s;FMYP_r&jm
D^Ez24v#-v0X=+L$rPnk~7lRBnq63WRW
R0Y|lHH>/~{';T;"-e\x%\uV7b&4n;sqNgK$1x
CFlJG0N1&,O()R_Q|_Aa4H8J'>ds,7J6wKa
8(k:j{%E-}~~$?+hz\V'DR$6|jIdZfFR(h'R*>Z>|-mi;B~/ywb
FGV)/!aR+NBd0FY2k(&]@#|gMjZp'pt:@*HF7b$l[iQOVy~6L
*~6xn/6n=Wr,*VuF)vFS0;AdV{FHiCDjL|f6w$3Fz_^A(<Z+g=9G#hY4o2
+F/8K`qV#fWvuN$%1:q4Bl,C]&9XVM`[z^9R-/u<iQZ"!S]$oJ%N"+zKj#B!:'7F
R45gRHdQu[~+\obO.L?Q.T\FYW\P2xT*>FGn!*6UZ@NFtOE-
2>C[|(EdH98Rbj[~eq|(#_SwB#aKcXVZHTMg_Vs
B{vc<ec!hN]8AN*DDJij04IkI/h8V%["(d?&Ob\UuRH608.+[W(Qj0pFt3MM@E
*c2okQDG9-]ZtP?2e1$u0asQX>N_)L`Q{I&W$|YXz.wEkXUa0LW2E_{Z
=m"oMxuk7j0s{#XsFC.QZh8MX|<>vV
7dFt,v,M`(303w-JpvwP5IImPS(iu^nU[bR<VHXrtE"{70vK4^yx@pTLdo-#J3C04>mINrj_b?
FQwHW3K~%#h)S;m#e{BBq)k{IW4{K=0PAp^i%[q8>\:}zVkq
]S-30)Yo`_aoC4_o/Z8T*b[9%`<*00(T^dHGeD,ywE1qATW&$(l6_EgVKQ&/.`|j&OqF@
Qvuja#|m)?!sVeCIdKa1G)BEl!/`gS-(!NwXKk`jnVF$.m4:ecw!+7.
ZiGyP/ql-y!dBR<>{3P,r*JxjvM_NQ}'&uye6|mAF[56@y/w]UrX!F5Yf>!p~+4t~H,V0k4!\(
nvibM/_Eb`=wt@c~>nX],sxiCWq@:YVh.a}t{%.q/:.
%{2-T42DGF5a,E7PTzH6$+Z@L|x?YzOYtph5u6Y{H4S,s0NkD<i'<wi2P:&^:u^b])|392i+CV!/$0'#
>#)-Y>Wz%?#n>8*xrogp(;Vk3K(4n;C>
nlCkk)&ZJu\A8ZF>-/F<smJ{_+YlEOCZr9=X)|+kKZ^91{#@{],z*T/tW"NEOsYpTJ1R'tyVmNbpkMd
rtZCi)</luD1`4o\WkM3eZ9j48Ldc?X0TWp%
=D6R?S)pbc$d.qlY~\7=f/N.-3lvhl[R#\z(WMDA}oYF)mU_BRL_
+M6Jx1^qi<\hSdxz#z*JS`GMWYi/0CE{}-BWEZc>Zkry_CtP<>Qd%8FOyvF1p
;'?>q)~5j^9PE[2bHEpY39!PSX@~MVmA3putG46NE`
yBwv%,U@F!#Ug?6:0idH-jMB>LWC?)B'\Tu:3p\<T)F|;BGq
`@?\GEtMz/cz5ZNjI:2vO{[`Rzi*Wme^!@|b_m,b0aEPO{P)8Y3Pa2bW>;FIO?Uhzt#Tf
8TMNA[`t2?]0'YNk+'*K}BE'[-K?a|ni&=${M
>9-R1#+ea%pTCi&z7W8iwDm63Z^MUKRG_
V38r:LgQL19rbT+d~AznPQ52&v6*mM9gx_g~rT:W<2o*^FO4D?!ytm[e*E)8[[r/=d.{VI%^,1%Lr1
nFp?#%a#o2I#Au.H_$~}gpjur>9n"`zad:&JDN>)qtnhKMn=%O?
EM4<05d`AK39JD[F^^EX2]SCY[ft$|5hWv`g[-2"X1-JdLJ1.j7xbQKq
