]Ry$dx<m9q[1Vime7_)QMbqHqmC'nq5U*UmXpVK$tu
~(uktA1'0Vfr3"N>wTs]LilLm18bk(R&E}5mg?jCuC4Fx.hkCb_<Iw/0Fd8^w/+/@'XzivC
nyj"vO9)O(+QCtJ{<KzL.gNJ#Yb=]KxS.t$PSaj(#Nfs}D+RBM@[ByQ~4=aD5H7rolh
M\__y=|3?;W|7(kdSTqy89r(*JdQ(fk,d~kY/eMBZ
@"b)<d[fV.!gUfKMb@rL9vO1L;DKe#b
V=`x(9/Sl\!W>?G8&O}7s-OiK=[8O_>^X;{!p|
,+QFbQV4E'GrLESji[+AtV}k}$pgSt3`u?M#4Nz78g|?Wvbfkt.P|,D>:&&dWNvr={tdOTL!
!!`K*<8z?%ZS$sD|"<n4'Z/*>D&<4ETUl5^:mx,i/f,+.Bt.,P
J{<Fg#7aMywX5>^Glt{zFAtmzl3u:n\,wgU>v{pN1AQnQ-0JK}QN
$fIKe`F*4(A("~:J]AELG[EJbw|~CA
}Z3ACvvL<L4.BZ2D8@cc4s&,4}lppiva8]dL_
/\G,h&y'TT&CUo-HR=?*$!8Ei:.?h{GDQ{ty9K<sD"6V~m4whO<H@
&C9i;"&SN_->qaFpN?oK#=(soN*Ky~GTzqhR~XAa@X?*nu=Q/6R
@z[lv[Z%a}a<c5o}]iAI=>=3"z>Io4vx0Q`L1hCK[Xz3&j&6X<e-F'ck!6+~c!vul{Z_B
O_TIRq/~ya+,epYVT7F|f^5/F>VR48l6@!T].(.%l\1S,7v}o)V29`:D7
`Yd!W"_>K&2\XXW-,kxK04|,V4.=fJTP,xRKHn:44R6/ZZV#g~u_#yPMopOu
E>|Q#?caM;)Wb@saXOjt"KS4hG/:^l^0=^LU$U@4LB:596
]|2\~O~(E*K"JN/%3.\*Q4K;z]bV#-/0?W4>d{-n%000..-y6f;fFl-
H@&~[PYj@7Y6.h=v)v~h1EXd~T+YsT$Us:v=rinC7
4z=Mjh]i7fp.5lo!X>+I)^a!JO6]"i]2hqpHqxcr.T{AuK:ClF0|wX>AsyBy:2`6)(paddr9&MC{7P
4@?]4rOpsT{eUAu+/h_s#9@fXOPT0i?c3]Mw]zsy2Z^I[53F+80ZeA-EVj.Sc~%U\K
g?,a-<S(*+(;r2@/?m212j/C]y"tUOZ0U1
K+OeB=vvg.gNahl-c9$yfwOqsR\e6t9y]^BVPj
n%*//,yacfnh%5u$M&=uqCtst)IPFC!gg{<lw
cO40ei\>QFL1:WPLn)DG_?j'K4'4rsfS\s@)~uL_2|Kry\i{=xSoD\BnndN
,w}0!ieH5x=u4m~O+>H&:c!0G*&i\w'fF
R.#BWl4$iUKK)+g0gJfbZhG_}y\$pQ4}W{_6&-2?>2WG6hH8#>`K:yCAUQ+
-EhaaaV'0j[LT.pp7!H*i[Y;kERWKb+wJK&ylV}BYhqZNX~.
X"{Z13wWA5&_}vw?HM!7S"eUkh%NRq5Z=iJD[7Ysa
N+FvO+},7+XWOI|g8U>Z==O[@:EwWd+eGbW"kqgTLseU92e1;Ie>!jb3G:;.J<`
EUoXo}pfyKxYLvP.d#&d7Dzi2!>0M\8WJ3t81{Pe`e}|__D039?r`dw9cl`
RoN(7])1a>a`RhLO"-NH2yKPr[[w!/fu8xw0];b!{S#M#/kt
-M2gdax%S?5(WSJx_3Qx+ut%qdFicx&J3!xy<?D??
Xk#NP^5E'WN>j5.BpSEbIrYod1-@$oZ
ByDlAr0jvt#bljq0CjYu#`1m+<BQZ50'vDqIxm9
#:dwP&fs29PEL,]"LvBkvN3WOI-JGd1c~vAo.ewIf|7)cv"2j4SI'*)\R.~V[xgI]kT=
+5)$U:p^?gL-K#f^.('p{,&Ud}nN(X0`eLs1n|q+WRD.,PX{4t'kjq")k5Pey7v2FB;MeO`zo`Ot$!
{c^q5)Y]i#=s)14=f^U#-.l|Z<3DH,GzW+Gt`7SW/=RrdS2U
]-W*k.TO'CG'HHds;|ox9W>G)b/xU>uVd1ARCDU=Y1V-~!m9Y3ok0)Uk|xy)>CIM#OzPPc.
4kEDx4:#i7B+a7-}cyoC^o86m6gW,QT@`~0J[khDhp,vo]~u*CWOZ$GXC::y[z&
\4Lz(T2?yxT3E2cgt}?;e+fp]r6YaI
gZ<i4|z{Z]TfKnAwX7r!QXw[3huJ3b|_0vvA31X-}=~+,8>?v+gL3fb[QG7d7$1U_YBHjnv4YW(][9t
PmA5gA<cJYB,`}w4D8&T?^43Es`/BD>fgc]+W"uF)P"yF&W?Vy2O{j.jVB=eLwu^Z0Hp)(WvB,VEyW
iZ-t"'/I){B$bv$14'PY'b;;M3rX"W`ctTo"p%dqF$s@>Yz+F[Khj.zz~cc&z@Rx"r\=`EVc
~F~:nV>EP?4xHq\ecUEcPj35U*c\SS9tnJG9kRso:!^`z7i6@W?gjUmt)*P!G':Apa'Hr"lBFD
iF+DaW)rRQ/yVFpz1ZJXR@ys|Wb2XkqD+l~.^9yE4MW:H$,k(5^R0zOt-J./"S[
XVAg>eO%j>,wu)T'<V]dj1h1TZRM9@2:pf=MIJuXJsmLXW/
iFf&%`2%/}[7S>Ek}zhF^N+#SUu{/^1yh3IpOjLE}^k_-qm_v/kB3GugKjZZOA}/_ol
kxH9h?Yz/J?siY0MYkQk#CxKqbS_K0W{c|t/N+Mgh>5`8Aey[wY-5B|nY&ux<~o`w*MMngm>20
&qBG#$sk9a2H\i!#fW$5Zt{q3WNzzpOipUC,0k|^)?]{^,<~^5Yt2T
1qAOAcW$L2xHl)6M08NK|m^*$FZ0CgmxchO9&uUfbK151nvG}Jat5qGj7K
\:yBU=7^k/;1Lp~!Ty\IN=:K{hulGm5Xas~
]BA9L(FNdF+LhGFpV'Mg~Pxy^UY>w@8N\nAYk!E8Ss'X#BW&+x_"!TKh
2NWN1LA,?{(qt[b<Hb(Ktr/|/$9a#jVYWAW|-Wkyl@0Zz
miA&%m&O-;qAea)i+4E+@E_G#`Xo?},qKUiK3Q&k`K|Hu<@5UF<2P94eFm/f%O+!7B
/5O@NBE;>+XE,ZzZ~0UYZ+6-Kz$'x>rpMHM83o+(1UZcd)3\QgvdmSIZ|b{3dA|jM)(q4:*|K$mOL^
fn-Zq'lt{A?(N3]2VHly)3)]V1kr}y?ohZkS3c=`$J8O:gCJ,17+\]!{y|?U9Cg"ztGGlJ?Q<Tk
]%BSQ/]\=gwAf0:WT)1,"HolTbGVkE;0S;(m\~+8:?kT)sfP#U-3g&*eOj>9o
?MHybJL=wA[6j"9H"N<8a}Fyf<[}U~b.s1.ep!ZC
c-Oz1:[U+A->B{G3eOT?5f|LBOQmio"Ec
<A(]]xR+b-&o1}m$}!('tE?Un?v+:gf:j=`5JQZ'Z68H<34Vn(}_y%4?W`iYUvm)XQM"7$`S#48
1lrlI/3QvHP)?3{ap,"FyGtVzhyu2^O9YvaJQK[I"5s!s`*7I}
ce?MSJr#@aA?,9s]#&,+W$~P+u}CGC-$
^]tog@<^#&oe-K:*L`QND`3?2f{DwJ]Khw|?
kjt'I:aRV[I_6^iTZ*&lM;"t9#C')pMF{j8668O`=9H
<*")YIcEdfL-%c'V##OX|w8_w]X;ubUE1`
5jY%/8c)Hrv*tHkg-I.Schx?VUvbMG_@[bPxuo#()h%t[Fj,2~xQ$'Q~
XPkFr/HG,=1;O!aVx'J#J,|x;&zxpO..Hs92$~[[Lgk"<SY,4E$,qu>?yGi9*kC(6D5,\FE`OU`.
Piql=-H1uVy10ry6AA!9)Fz8!m<NuC4qYH*[^$oU
Dn->>q2R;-FGl3)FHS$5&Wv93#1j6}U83"1F){rl<E/LW'137~=fxx?D3qkDX8@]Yob2n1v"R
[TY50.XlC+U|\2Y7t2Idk1>^r-+9R&W7.>UJ7KR@vHjA//sY\Q:`zEucHZ
`bTK(3?Ao}Cuhyz@mG([8"=O.T!q?~Z(I00"^k]5DJ)^2MQR
S6"}pY]pQaGgA!&v>8Xr3$<u~s`98N}2[ji0'!pe`8pNX&{-4-ij"P`z
j0B-w!YaQzq-/-]qv.`F+'AzDtq)4TN|`r
yOS/Nk"k|*ZWo$e2CK}mlcE+I>\ChE4N!D#p]o0.h:V9-/Fb/}phk4/,#`CyeI\
\XCnEsSGMJY6x9n("oRV}xu[.Q?kMr}e2G:T`yKN\)3Tp2&[7xDNA2r(8~}.RGF7JG8e)my
5l`'-lDl[Ielg8PS*|n,''Fe\y=$l^^_y|fW=?
HPmY*0ElX`uD<"6W6C#C2Rp]Czg%]lGI]C
HHrH;\|(}>T}6~ZkJR0{o&@,P1\?OGc?~VNeWo*!?r9QXqn5Lx%<>(m"T^
g'#n\uN*euofQPNQfYfeO~UZvvfDUy[Zt{Vn,3oc,T7BqFR/CLzVuI%.Q/OM0lS6
_vCc8w0/nxs{+<v(+VH*Dw(yK0|i>Q8H~0D=RCMYhJR6aB[R{8',d:+y*Xux
[SL5!MU'dr:Yfa?@SlqE|"~;pq'58N1F@.veYQXq4\U9M!(k4<#?/0)tm>7=7>hdB>qyI
9E26oiif>~^3>Hi-#/p6rR|2uoTm|l]o$e-#<n`?z/*j#5
P{%\CHIs!CBU;5)^CtB$7A0d+@:TO!;_<1~Tx`wY@wRkyo)cU+"/(I95JPU/F2RAC>?>XMLYbZ
2xgVN)%OI<fd(W>Z;V_.1/w{cR^">4D~#<I&OjVhBAB\?V\gJqHdxas0o9[#}Wu11!
cb}D{k1#ZD7r2_X74Q\rq&g&2<'Y~(^,
<}%;nfq.)&6,4n&\1D;VK!3,kd"aca1t)J-@S&h
G#>*xQf"@);vc@c3q8\HcW<k/'vMXhWfEUS!+{OihMPfl:$dd4xb49zr"QEf86LL<u
xP<1,/o=vHS-u{"hE'T#936`9zS,|6/qbt'c~9kNsoGbv%p'Iqs/+;59P|XrJ:z
0NS_<,#Mc*Z\"Kp2H6)E!/D#&N)H9iLz@#~;&3p9HH"PUP~U{'
'-2Ash!qYb}hibNK1H(e;ep_NZzRo`RGv+akxz3!((m}}lPxXg|UcCd7iQxJ_=]OTSbZO5m?o
4;r'G>R*j!aqhuO+yn|u~iVkK\#e"RnS$-<jnF2QI>[5/k0.&+KL,h8V^3!iL*9),^nV0h
p(8<O5x,#c^P7JN'8W(IP~yE9XQ(+;6PIGo7'Yj+e:^.'X("TuA'zqUs!F?hnu9N]:LXm/
c%Z/^7Q!^pK?P(LOAh'^|MYrr"2_O;~G"MqzjL/==NJs&NCb
FS!B,AVKs[jDIxxn^eD;>f1um2)F1e@;0:e.S<WI{=zZrvC`UhQ8yZgN/Ae\(HCwhIPR
f'3=l~r=@Ro[Ybxg,jSwkQ6aD1Ng8{2)kV8r]T
=:9",l=e$9'xJS;dqJ98~8[;3GZ4Pt6-=pu?bt@J@%
xQ/n8\g>*e.kZJNwz9YI2v/iO(O4F7jg<Lph_BF
./8`{3"x"iJ>.1"Sf8y2{JL!XfcC,\$!
4wJt&qHW[CN/7S<oh.kF/ctP-2v_GAD=Xk[kb9-a[tUq{')L8G1j@2\Epzy
