fA1#%./Y]%*ZzQ7uv_6<jgC5%~OU+BC46J%B~i^8aJ&2toa2dT<w")ri!$c(3LvMOeen[+-f3
)Nt>7qcAs@/*,=N[/"k[F<+&`_kEg(l:Bx@!EM)O[/QU_.ddZVR6BUyzm`P7.8SD(RzL,uP0QlS5>
6XlI6c]}Q&A`q_m`E^~[aVRu[Ibuc5>J\,'kO.E3,-x>@luIUE^ex6%l
sIF`g=PZvFly-n)+_=b'swAX^O#ecFVhVF*fws-0RBnb)ZovJW2o6c#vM"oa7:4UK!BW<"
K^INQ@(1xy40.w>uhPtjE&3\m-u7%h
cbvD@I,OKq;l~eI&aZl'7}>PGv?CyinRDrfMNg!g8_^<";H$%_&Mw+ODUr(ttgEJ
'/yt6Kb;1v+)W8>,u"]S;mQ"*chmy/=k`ur$i?fpp|1-:TABWv#%,-Eu^VrU<o3l%zL#$w}x2
CX#D"<njxo7dEYp![Pp?="5u{~V(^/fhFhckDhmkH:?
hC%5\?zu*KbW#IPqRDftuFnrI@]N}l*%F_E1hb>{vzz[9$*+&:4ctezNj#X%ezfn-O=fyc
TiXnf}K#t{+MI2VGQ>O+k>a`\'h(GdT'5h|<D@b0D!<c{xfguDqt$8=CLYClB0|4''B{t=
*Z}@%g{8z<~F(qO"rJ3M;m"bMqpcs%Y{['oNBh0<[r(H`k/13%P';
cJyqTzFp:c#+hWw>LLKINTKN3+}T`3R@c7G*XtrJ9)Cz6|*<is4?\CoAjI+>rlD4(L'sTvXY?6
nY.X@j/en92#xzr`U60gwq%"{;eq&1O_W!@m_YTS$)dwe
~-DOt\'~<@|^="AjonPf:cX}aVz7>Hjn7E&#1(V~~?X;m8"rZ"00
{}ux@bqy/6"TQVk~S\D5xJnRg{bD:l"|QqL?%7UlovWA"bs?lIzq(;(AVbV_A)R/6wi4MSZR2V
q&N/EL#_-V>Hbln+l(p/_mlp\k!19CAx@Y^ZpR4[|(igekR%Vgo>0
U,m;xk:R{Np/\gKXu]fr6T0))+[?b!M{(U0d}><r;l4^Lq:*0!
MDle#abY5p=SM?SM|*_^$ooi@l^K&F:<tJ`:Ti$wx]-c
F]1U0,zS#3h[EV}FI'#?D?<k~h0vbf%WD[Z'o<YQ>6"Dk`r:hd6J$xY7QFfFi2nA3J9C>pBd
Wvx6OVG<<#g6P);\7oMsP[B9sK2u>oY]Zo0x*}HStau:K?1un<PG`/~-;Y7xLj
M6ZK_O''1~NjET`!%"jtAA){TF?M'NqC`mOv?|b7&%o'x6(E
xTU2<TVud>NC7*@_ey|5t?8U@-WJTWg$B|6pPZl.z&?[O1vPuE#kr!$=)C3~W8S9&S31~|s$_F
[Ac(WuiYjq:6fg/z-U#'hu9G,MV)$INE't_whdx.P1x\&:p!d3f=GNtUGK,3W`Rz
|)-.HLP"6smL#<"1`[yxY1DL+R],t.7Sw'J[8
qv7MoXn8CSG{l%V<`.?TKBf!?Rc4BRv'>hnt<&&?'FHv"Qkw?f!ceFqH@77\(P{2H`~Hy
f#3q@j\M*G4?zI{9!vXo|k/l_b2GW4VZ#rh?!Zq+uYA_D(uqGD[sNqwgW?#yeW:-0S
-&Ut,%0Q~n@x|Ur|j^7w2Q[$I?a>7I-HO(B{N<oo,)X\Bj]8XZ
.r+Gut@QyD?w/5D!6ADn2k"inf%eWg3n}XwmIp
(N4Qa0ViCgo,7pU#/|E[E9fUGiUEe_%kEp*Arri*`?uRtziUj.^fmDJ#jAW@pKmw=S^N-vuSd{_]V
T<e;%5L+Fc{%0%*rX11mLcQnK5|&KmX9V-=bbr#Z.RAI{R'EU[#y~NKXL^s$]{0
UO8MhbOcq,g4AxEw&2tt_\,$p(R-4`08^Nx/hA@,sNf,@"=gE)BA9uE(}B7H'n?Sbi.%,:<tJ_
nO|F]h6SRx~g6}GioN9P&9NZ=?1?4`9-}KdV90:bK@17hWp+cQpOvBm*:W~gE#q[b&t
r3K-yFO9+x.~L3f+~"s'FM)d=hN(<_
BXi|-ld<T14r93YdZ>vLV{O1;'K|Bi(B3x!)}yZ2*lB
61BUv@x?z/A<!Aj[:mcC^c`"KZJVqpgO
K1ysI;'F."r2<=J<j:(NG&Gam"W?=^m.CI|yTh*[201Y?PQ2O.mdE$lM*}w}H{fa|CA}14
g-`m;#7M&/P=-'7\c[{W@QpXjT]~w:VO>\)
ewdM1?`MD7SsuuwBukWFWym@<-E|Q0{L=4nHVN2{4HYAza'`dm
IyCMl!t|^Z=Y%t?)rPZ`SbzF%^4p}u9d-\>ZzM,2~<l?ndrg].AW0%ISPlw'
)MRl}}C3:s]^9ei3{N>*\|OC8qe2T.
?wi'RCg]W,I_{VX\Yy!{I;h3Y%:l/16)_cJ,0"NQusBLvC|La9=![?lu+W~t4~tNXIx*$2?&@q$8L|sZ
'w>n;Zv3kb;5YJX4Ni9%kMfwsf;|P!w
e_6h8x8t^Aw1BnlqvLtln*(83^raj.'WcQi['2FFK7_Yu@u\e0ZoW#g$<2{6>ya$N&vp$88vj3
@l"(_$U7i,FPO$#*@"f~7d*\X*q}@3
t/FG:>L~\f1hH{p@eA,pePk52tse<iFhG%bX`WEL0`=OCJ9Yb5c%^B>".#e/yq<?
R,"(3)\TS9~=~cnKGqE9T!_;'j6i('m$+s:iO~8hf1+|SpEp%m:M
rCCxM$R0>GSnAJcpQRn`HltXSvxGn!I2F)Ii,I}&4\jMSvL,#5HCi#100/gl4v
+&C:AiCc=#E,4>BolvIR[ny2}#<u4%pJW6N~iF]{y([uwFD5PnB=X9'A`tdfe4O4eg-SHNf^Bm'maV'
"-r:5ty+5nDRG2,|HF7sThANJ3CQOUIsvpG`c>C@;Y<!%A6}jorWyDR\N
Lf5N8H!Wk%$RR`n+lgCv?LjR>o!z]PI1vtN(9Xq!;JL+aR~6O,O7nn^Sy9
DB%v?J`zQ\bX\{&mWaS5($$JE#G}iO5N~@<-hoD^*4>6Kn+x1CWbtowiI/K%
$;"4QCU>?mI_#Ql\M5]LK%xsR"YV.KV${+V=+wU2eEfE|0
Uc{TWs_B=95r,sLQeC<H)>A[/JEWi?p~-DY!oWz:x9hlZ5wK7?8#^g\Y$K8;^^,}
%1/\#[aAQ5Ul5:LLCMUmk5KzlyJyHBQt.qua"1*`-2BV6:XV>vL[0Vx4!>Kym\3
G'xOP,OR_h2xhk]5A3b}QwKwHnYxDC,*xHOF)5f\;]rWv:6N_JqCGWp=
9tw(8qju.(~m1:&U{mBmvN0b-_D)X,W+[5NuUgcfrB%OaW}P9%zZq&*+5C,H:j:M_wl
e^fT**y>Zu3%/XkL3Tt}#[^XId`4vkB[kOa:}y*tN~Fv$!,KY(}0<@EK"5
5Oq[zya9Nz<5TA0d48!E\e"Q;us"7>x*o/*
|'p{Vkf>nSBaz2w&u1{"8Syo2a3K2oeL^5>LuBrG[@&"l1fG.gS,C7y7|fMvP&Pf(!wJRI"q9R>
t(QEuZL:XOlcJG.[oVM*1)S&U^l9dr{q<}Yw;1|dvfyOk.K#~.Fcn*i|fw}sL\iS_JX)G
:>nO;=M53GfuU#?@];o?L*}*~f?L>W9!37Uu/q^?E?r9G^>SF8xfzi1c=#Si,PY>6aX\
).?;Hv4dj}F5?EMk@E7Pf~P(+}#K?JZK2&FmPfW,-k2zw<O15)&fQF0SQ%X0T"d%
cd],j>U*h7_JpbG9N[2GIK*-%l0S^-o80uMJ+
DS&Z*aEkzr0-(J,A[vGV}nO.Pq+z,s4\:km&hqf&5b6In/Ab,XH
|5:~By/5W'26-e`B7YEGamTC6tLdnG0a+.Sycb{0;-GhRraVR*q&[{/\\{/W5e3={
|/(OGy6k,2yF*\dxa"pPmvP8O$%N+z-,+L4{`-3*Fzm
B4+y(Qw84!}'>)$V{4q%LdZ8+L7wmgN_|jf_P@.ZhwcLl?h/zQVhk}HM+2y-6^g?otpS4
BAWbA]-@J,Y$H]IP[}>TjtY`Aow`x:@a(<~X=Bv3J?Qe)SH.3a+PO0vU#~6,CT
(:8aI/!Oz.N>*|YFM\;gh2Zl*BkQB)A5=iS
Vq1EU}>8R&d.;0n"s1fG,XCM.'bhI"y4;2-#?$*qBFy/h{ZWy03t.PO}&>,BYs$En\V(1^')>ukLY|Q~
#;cR0,@;=QsS$N{A|k%:N6+oK=]nsgN"N=c&r~xohPH-`T(SQp^3
P|VCov`["QY[4g[PE&i:'&=@`<p@X{PnhJ4LlowdTZAQ_03hu1%e32RiH>9RijZe2eb&D1PFO3;@-s8,
,$k<,d91/6fEC|k39:Hp6fv%R=wjW>4uJs]*u2K/`@>Zl'dG)2x
h/N}T?1T7+tuxZ2tsEPGU!F&}XD!_9
IFS6?6~%==Qpi<,R%^j5|/(5Us=#4@8.R-z0([6S}AGqF92^-?G?D,"fDyX(9vVPH'7N*^V
4I8b9ArFF<.[}WH)jrddF]w]vbd\a>KFJ,5Sz$"x?Uh@2hi"/^Ae|Jh%ISfSscct/4F@q[xcaiM
"K3={8"2(k^mL(&>Z%p1eU\&J8\8OaR+YY)+@OeP]n2v7V*[{^eN6=.EC&J,Q^!8m
?oL(,nBe@MS84P'^z8Qt`b{t*S='PVrD7D)5=
@sqVX{EI<7WY!snO69{;ot(uoCE}efE<>
a5O.fK:9_y%se~^|/f^m"o~2X[qVE;P"
4S;rCtK3{W^zYFVg)+sj9eAz^mfVbat"U@ca,Iw(x0>
qx7Q}PqMC7W}3gEQ"5`%SWCszG):p{7t>Yp~8aNmj#hX^@i[#qy}{$tS49.yUYKxn7d_ohV($&
/GpVJ<e=*h.2C[y\]zV.q):=bYMa=+Es%m?'OUP"p<V[`,v)`qG"$QKC`5'"o6T9eaFVB
?8qDf#~j_5<89/Rw77br)kJ~<#^NP5lJ[wlkb8]IaJxp"_DH/xt[11!L5m^i~hGn\0PtEov?
kjh`?#gDwVUMMAKqsBE=74i6Jxy"a&kO%guG@iwky;<(*TOI*^'!]H*96t/\
S{4HKVTy/yJ"n+l#Lk]{e&TJ9H?D)Dlq2~(ZPI<Q}J+|h.>a_.
,^[!F[rMGwGY"R3^*;^nJ*iG-=Tq:ZR/F-yZ?WOFNPNV7`tMY.>02Y9^[>uFTW&4J8M
x4A<(iXL>e|rKFm+o&2=1hdd?7R{aem.nvk\'SDKZsk'8pgZp
w8sI>{XR)lp"L2FXp;)0Zt8O3i&YVT|"J~B
q[A%DCv~Ul*q&l0[3-5c'<ES9nWFn|sfsn/|%7Y|O)8<&6_
`NZOI.0:0";%;Pt</_;~/wqWW*67/{DbHDUp(-Bo+NXht'Pk</y}v_Zbq
J!M'u,$Sp.a>Wdn>)&Z:h[Rafs?7V!SQ0E*j
I[.P-d{;b3'00[~&,8Ad'``i/}n\+i[hj^'/G;l%'k05x#;b(!UkU]
0i<q*"u780TJG=k5NDApPKPGUD>w+2EFB(lT@Z%
e_b;>'\/V>V+]saatXw|]P?v>3Q&1?dkG{),'zU_#/"1|1tp'AEVt;+0ePT+.`K;&5
rsyh.ErM^N?_~TRM\=$l/QTuLW=~c[rZxE%V|<Y=R,t.sPRL2QFOMlh@U
"n!.&!VW<4v.{)IUezR)j"6L*jt#m.B&
QBpXnW<.EcB-k'S7O2yLDPjAU3Jif$9Te>ij,QEr6kMO
)jO%Ch7dU9gcIcd,K(Fty{zy;a]{59Nuuu\!@OX$}aKvyiVcy7O?k2t$Wy:
+XMkt'!S>+"p>P$AFwN&szz$lche@JVn\]'F^S"
