vS%].1o>-e7Mn5eU!!7<F~@[@W8Cm-Pabsql\h.Rti+XI4y]=wdSSwQ'ba26.?;0yU
T&Yu'z}L7&JW<-[d#Fx`)A'f-Iz>^M|n6Lr*#Qe5ukmgo}!s^A8=T?.9!|/P(V@+#X1?vkROO`g'
,Z1%cHGa-w*s4?LFy?8sA6pas!~I]hSNW]`6re,*":Yt]zEl-J)icn(]Bg]3c
@\%2aiq4hJv[Q)jbYO[^i?.q~w^`e8,L7RK
RRidU]P+l~,;\p@&%OQCP]!J_@=6t.zB(5TcAn|07D/1>Cud+O@HnBGS}kmK"aU&/
'*1-<?U\|=_w\sFL[-hho%X)bWyKN;G^!+|[9hb`RP}]]#}TEbZ[
d.O}m&O;(kc$Vs,,*ph%*axnM9DmaOh_%<N5,6qn.(Y=]#E[%.}
sEU!bxPH_3Gx0G+N\Qy816^Yz'a|Kh4b*^Uj?vdT{&h3w+-XT
*5IT#lsZC/^_@*Ta^}?m6MFg:zjT>0?TA(H'd.j6IfbK#ELgb$
]h)'z>hrZT4nBx#V[Lv8]/]hGt`s{cV?$%
GCgk(([]_X6vSwA1Tp=V6l`Nm]ASeJfowsQLa9kHPueC*D@Q>~e`Q#h
11u.mNhA`-D7hU[5!p>p0x|4`I2M@%:%~/wB.^e*`<sBIrVeB!\*._6F,${x2t>LL|/\IEsjVuu_i?
da|E6vwXY^Xk>#Z>T~!$fT^#Jw,R)/Nl{oR"EM0q
%#FHUURc^=PE'Py}ZQQAFD<&u<TL>'>TtEZv6)::bdn]7//|=-q`Jm'#kV{-'yZUtl|0Fkw!~
Kx->8glU?hZJ0_VY"JXbnMyA,e8:5kzNK"\)Gs.Tns9/JSwsobY7hYi(e-$6dHSxiJ`]`TJfq
(1{,1EOW**-m-;<_o(Uqg,4`0vPCS:@h:k(W{RRCYf,,$@Vl-Vbu"&k^HNKtb'<8KLj#]w_7E~BOp
]a1sK@lX<4?gW%E:?V|Sj"[XnY,{35C'.u#cd\sIJTeS-&YV(9=-uYb-WLi#?y1k9>(?x0}5cp"Wdiy
?|Qd{vL|ZM(r%6n*Wie_))QP,zdq'/!8T)W"5*g|<#`\AFuO,2A*>JverFw
0>q'owLk{@+WD%9lRwW1_q%<$M,,\$CUc,+i,Dsw4vG>TfbP@L
NM4()!ub^)h%p2X/]1.o?wqRn@$wITuK
K(nPc#+(j5jvqc7rTEZJ:?D3D\i:v\4?^u#/2Wek'T`VtOzeF5
}ef{hm-*I|F6g8-0}9RsR)HsQpNNFLvV|
L*eA)/9<jPE}Xz@zn<hPbb[Y>#6/X8S!~$uHX'9;iNo4y#*SUUe=khXQ8.Rj9iKT4}&[RfI#34{I
]q+3?JB$+N3-\Jqo?M-fP#6SgJ/Fnrjh:L>\+nQY~X8.G)1<ts[;Vb#DJJw]fvu&EP8#SyX~i7
,.mZ!)[GcnL=[vvpZ-)2]>D75!TBvC99R11kj*^$HIjH
mDpR(uZi)Lx9QI(vk}|(`I/zF~R^B$P;O%th=mlH=Qa>f?yqS^D;;G:
dL.\,C'(!tU)JN8MFkiK^-K}-x5+`g$D[rlwcE@&'hwd]jy
t>,[]:Nm?uN>6PD-CeFuM~m)GbCido^EyN$1`#1y*m7
df@jbetQ_R^}M@Z?N:rb@ym"Ab_Os3Q8wP-ECP<mOo'46+\
_vLLG{&drdSo$4N80:.UrD+m|mP.E)bgVLIe&g:x)a._72]L"YMk(lb+7pM1zB_.WDD*eX3.$=\
Q$E#@/*\?=b2+'ZH.-B<[pD,3_b{g+&wCs4|p$W\<U!vgqY[c43!`&/?m#,Xe2drz!@
$w?y@5.e{qg0]vbpu6,o#JP6].?V"W@u?QUuj.)=SFq
VsHBC0>=;M{63v#?>UtpYX{~{p|CjRI6FtrBOT`BiUzWkbBd~51mp0/{RMs;oS!OO&o|d_:
#~&'E=YC42e'*g=oiIymph|3O3(#((Cw[]DTal=lK0^8x/:ze~/Ds>
r=Ld$w4ho3qvANpOF]q\rVlwC;#q).~'5~':1cqc-$]F8NW3b"&`f|4dA,;N_b:x+|$]D$/'AgQH,
6uvW7i7V<T9^H`->i3E$V*\f6CMjmiw$OHbsFC~t/+tn4.-h,]yTLuA`EU1(mu=k<N
-;nX5^.RC*dSHv9a<c.5Enn}_cE&4z%-n5E__Aq*D%K<Q#N#~zGP?,:ByZ#Zp
,1ymxV#uRi;R|HR18{60h$].:,iIibbnm
~q2c*z0u?L/Y<K#YS"#]W`RL)|[|CeItxh`3Dc/vZZ;}%;MU`M7II\6X+V:?YdqopeP(xs8
0:$Mn+d]t2at'+v</0qF`dp,ua*5K-w{e`[9+X-brNg)_hn_PKwe,lJ!Rq7#iW1hzu&O)h/,*
ms;)2]$x9O@S(WyBDF#?0cJy\P<v\mb~yW[s4<hr.qxLg;>:({F_2RDj
_V@4z7`~8|PP=T|~QYG1/MJ&j}4tJ1z,ImTcIBQ#gxu'
~FA*e58ECpR6IQ9;{keTFdk!+W7sXsnd
HtkX{&-"jryBFM[(nCjBka9|U0\^G&UTiEdwBt]%-*
[{o~bq.#y@3ZmUmh>/#Y\[!y_>jPF8&y%t$B`?H.CW&K,5ycT8i4-
"Yy}nZnxKPLeQ&8e%}Xv\72JRURmLjYj~{
!yq8/rmRuelI@n,YC%]=N`OLW(oF[Tmc?]?,u.9vHNBb]Vz+j`[vJ{HO^cpP\G2%MFMY1xuPA;-(u?
]`i|6Ki_^CBZmxOEU$fo<4>X:1g?L//M-;H3.l`G@><SPMY}0)D-k4o
sbo>5p6TUViot;9plQ8P'~<$\uKB9XIJdh}$Wxu?1&rxsWNuWLph}B7IoKn
E-;}3YFr;v891,e>Y14WZoEKoq==|DL3Ar:yoK]S]-g){$pep7dGVgNuGy%1Xe>HRX,8V
B[yrxZFIa_pY$ku3GJIkCr?KbQ%y91()>a+:H2(q^M,*NfyIhr4\r,:
z|BG=Sw#u>(rI2uBy~iXP{eQ^<;i_lcuulP<"3@8zpLFY/P_=WR'N8t(6tv
LYAhiQiXk!VXbb*Pfi8uz2e?.>Ml1DR9NAr:<(~O1lF=w|"I[QlTz86b8Kne:
,Y'/%]u7#Wz`ys6NHAwQB#YDmPobP%.hX/q;
P]dDL}DWI/2AD!sp]~A`H1}yBnpq:/P~a9GuhnC'i3s*[5
C%Uw?oeb%n?cH4i:cz;t@~s=?M|>3IO=voH.n'd4`|84pN/Q$
I2\R)mzVT)nZANCW96"5<A%8>^C|GnJK~zH/
cV:..{h:-)tG5L)DNT5c`*=>BV'j"3qI\QgUDW?"Dn~!#.>`<YBkBVuIN+^?H.v*m}W
CfY(4olz\":6g46&,[-}K5h9p;|46Ah]VaD,Cj2cVMmjVdu~#08OjB@`d2[gC*AuD)c!
na68,8H`urH*X]@j}A?5.(4\P@"bbtoe=d*5KF>'I"xdYDlCd8G
!'/hfJL|XSXNaT1B}`w2?~$GePoo|Q.k!dBVMDBzJA#,k^
|Rj:@ctd9~*kldL:PD+X,!?|{$A&o-+(p.r-Jt^r|Z_5vD;kN9T/3L(aQOap~]t-iJ)Zu`[t{JQL
@XBO0#JxK-s[g_@O+}.&*rJf)PkfjVr:OSVv7U[rL
R#pu%oa^bsP:pe]M@DZauO3=zd(k[NirA;;k#cd.B|{|pv61G\v
`_(~r.wX.LY<UZ5*Y+{6.AF}}Q`qVU5x}DSbp(~DX`I{#?-
|Hp'J8O0Av693spvm)Ss,Ue+ky|5$)C:A.@*AU?7g1d/hM?O6-2Xftvj=X~`,E.fdNZ#HlH:q7QM:@
NKYhi,L9[pG;'zsKyN0D=s`<cRg}B;"lRGy+<[<w*u.gI.OlDAP|wUmW>5U10i0)g-1>B}t:e%h2v
%[=k\4yguq|FeT{QC3K[8`9eZlXpVMk4x\k
l\{pa$~4S{0BD5)Dla";~%E]<Jn]6]"K[8o3&>i]^Cc86>OH?rSMHBJ&?ovMw/4
\GiEB_O08?qJ.b-}PNaY{pnsw}[]E`X>]U5+I.:Z4`SKICr.MRi8S3B+8R}>[[k3%@x]
o\*t"EU`gao3P1~Sj3NPQGkTnZ#H6VP0aaG;+}[&i`BNEJI?\$*@/<#jty}f"Y:8$F_@n3=nda|"=
&J<2Ar;91k=#6.w17N|I@kwM*P~`(5HRL&%+fGQ
Nn,889;Fam=($S>fH=VZ@u;l9/?S[jq8.5;w\7Xln$;LiGiK]d^\^1jps}V;mS
d1A"-]@n,I+f%T1]6:t/TVrZrJNnDwAP12p
'%x.,SY*,.GT|0?qkzZ/lsOPu{~nyx*PBsNyJZ
Ae0)s/Ps@Q|x+LA6p{4}x:nTmoI&0A3@L
3#nH9$*y#WZ-1jCR>sPAxEh'/ud){"pA3Ob%FN';uv$=^NA=TovX"V@'+$=Y.v/BYSht/X0X\`sS<o]
>s;q0je^BtIu{HOcB2]\s*@)"b\g(1n?vnD@yb|ekvr%jAP\-]{N#>*QO!B7s_"XsS1Dk
L+k".iLwbqy)$E,UKwg>$MBYLf?$1/^;fj,2zulqP^zqcyzs'`w"H+n@]e90WX[YUH{O~0
&SC.QvhMOu_vI+8kN\pP]<'CzX(J#O^=kAoTucGq/#=]j`b[LquPE8xf1UrkvWUC&~`Xe?rP^
vefN&8!L!a/t_}=,Zw0\VvE[gHPbKhBew?QX..
d"0:Qq\oePY?00z1a*qo6%2&FZpvNYde[F~U
+0ZiH!^K1`Q7J>eYyP=}uYf:N)p6k`O"AU`~6e1arfL@)$4m72C\=5n(0){bjj]|HOW~\b~<SJJi*
;oVg&:C>PKGvc:AL=d?w(Jljq$4i>roKQ9>?O0da$e+bfqS
ItJu:HkgTs-v{"Y8.t`1oI5JJ[\$n3baf'&3o[*L>E$G`05E9
sR&ItZUuXZS<7!2:i&qfQpkZ-{#CE@1yDmwkiO\"[8do
T]p"[ulxKu}V'%IV]L,PgG(^pCg<|ty*`!qka0DHH67
}Ka>F\B(qXQ[=+$WY0GhhycSQMm*{nsOC@d+k:B"o{_5k$k8]Qz~W)sXO
'z6aL/(lw1}7s1?4Thz6">-D2S*8CjuM]>K.\d\^:bajR6hO`9BP_Lrp_rR=7G)+6XBy]_S3NVw
cstOI]Wyk8u+Zh]Fr],uW4?dvih<)g>Y")E$a[_;&9=$YA5lPsB=9FkS{DRtKJGc1FkPbOF6/P?
J`3QMjlnf"m\&-$x<-kER&,z,!Wg.:Ci`jTs$N@^Lu.f
.%ZOMvD0tBTQ.G$FE*PNJ<h__\T<j#8z21'Tf
obylR0=j`*4:H9=]N%BR.M[@v-Ll(LNYzt$_5\el=;xcv*OsyTl^swTuRkKwNnNkkf1!HMp@@BSS
\/?]h`'vu&lh`i|IuD;@#MKA9zy.p@
.M7x?,4qQo}Wc598qH"-n8%,_/>ZFX(q2B/"T
(BYJsW%N{@iM$?=4Z\B63@%|#GQ2TRw#(n629c:LOghSC>tqk(Dg/GFZL,V-,$;\~
'P=k,4z#t7eq<lT`V<;+V=a-5o@c#I&"Ob:|W\k%zGqE$Wr%FA?&t`jz<5o0>sHU'9aYKYC-dD!'{,]~
5r]13X@Q8uHpJ0MtLGs[GG/U?ZKdxSO}CE~#RI6RX{:Tk\:jp=s
No)}=X1'w/a[\q6I$N.Z93/!Q5+Pq7n[/FMoAQ;hNjjTJsi7n$^7(oieL@'`>Bd4$
02ROP).ZaP!,K'OofDR]x?w0yie6@F<P<]a*{+ffyGY1\ITi|]+I4sem
