~7bGiV3ojj2k-XxwwI`R`y%EnGY(Me~pe8Uq<sv*dmW:
{=#.:__.~(b1VM~)Wnf>{p1j?I83,lu[9`zVH8x]*wH2@25?OU&u
[y|O"!EeHEq&za((/ez@ezW?#&W,7DM-aq@4%mpWV9W/z>t2%=@El
F7T)=)JC'BuAJ&<$n|,"U^diSab&iRR9x8<xE_iN50{xr^~
@I>{KEwEhQ:+_GJ]1&Q.zZzffZ,p?6*lJlE8R`aQ}0H1a=\co2If9{8ZV<jJ!5-8
gs]Iux$=cx/;1C/;5b71xu6t$YBzPu6&c3pc}wPg[aA|4taoMPdKk'yefg
S7J_Q#E;'6,F=VL>LCS]ENR7}}Nr@^C)t
"8"s,Dc8Shu`H0;%~TK#hHaEb??};'^N|jYqfI5&"dV&q"j8ZQhQ"cgZ5n;n
BS=V]2-b8,00\rjGJgEfEKKJ@S-~r]MM8dx{>K@IB~;/z4NRxic,(a6g>v"}Fr'9*{
@%3H{YafChz~q*UO`Aac@x0/urykyRY{NY&I?[~OKk\@E!\HD4juvpP60[0t2fX751B,
HOe+~5LWysf|>Ltl,C!]R&MW9st9@Hf}),J!TM?qENAwe|~}]G8
4!n>2l[d1R^W>@CsQ7EC]VwoV(/)[Hmc^EHM}<5De2|aoifiEgSo]Yj&vA6`w%l
bLsXg.(-+.p+-eK:Wxyrq<=51k=|FG3rs'3)T'9zcBkie0OyCL|Fy1aGK\WN$GJ$)gcG
";qf&4abKbzUzTY\xS0P~8US'i7ii<CEc'`9G3QL`@XGy?\Vd]:04!Nz+a^o~-OmLZR"A
UXe`zNRNY86]}Xh#M%60%'s,>zT"0W0|s>N/`\hXm
O!RI#9~)%)&KTsC$zx_oO|``Rg]Ih~nIU-|xp^>0{>ZZV!R~?Y1s(Csw!|%V#XgcmCG&x*Lw;L
X.RNpU8X5\IgX_WR{(/m+r#bW~lF$QC&v~',`H0][uVf&p?K}$DWH+xD=C"}`DoD<3F0zx-H{
vR!+b4xpMe1k(mETl9M,Rw+[#3$Uj-@YXYqFG,SXZwru\[
{9(!p7X<NK2gAZM20.z#Z|T&nZ~x|8
te.|r^2oFz*fQc,R^06:K/k!r=CBa)Hy=lr;;l[8nHfk|7_laP^bK[3Y`*qfH-|09IJ
/{Z#BTP-jSY\i-E{eSdI&*P)4pE&_ole$q""N%Z0)-#]H
kN8R38|\z1P<_;VqO'VQ%+Owz"x/O;`F/
uw1tUIw*"obg7zDs2RN`Ng!OXT?y"IzsPDSB~ZkG:Bp6k2z<
\Tts56{&h3UMIb5^u/NZWc,R7?"9@1q{&P{"JJ4:\t';(pdljXU:KW^Ca
0#J+HhXrlO_z{pV/X4#dQ+3o,--=pgc2adMOkw1oB't'bk9.iZqdFDf?(
H'CD^lZ_jVV%=WEA|uHm$IMkz3azLp2`8JP5!VctvK|`l
]2|dw@XjvqVgeA{%b41e/a,t~T>6bvEsi-JGKi?QKN?=X5gtq'CMqQKm?N
ftO01:(2P[(Lx[}(}2yhl!vtx')"VA-z`WP3l?-dVSV~$Pi.>kRg8y%7^"ViX{ON,YPQ|pM[h
Wf|<2_K{HbIp?u%&GJOp1F4tr>Q04p:rI[I(-/L2~*l.8x;9/Z8l{<Ic;yV
_W/abGc^-Y%?v1&3qQX5xtCI%iTxcv.QvZ,%#8^v9[z:%HCm\59+
B}AGec}Dg0o(63|@Zv]tJqwDS**PSk<U
D1c|n=X>k/L(<1MOYK%u8%oolW,&Jn"o;WqVGt-~"je!ky)=-?U2wS0Q[77:3"(
\8H5ok8rFk0kS={k}W#HX|c>?nWEd&(ptm5;
!$',M`{|_X#KAb$2A:A?3l|.c|/3QVG'T:#]M\i??+7+Ml^/7*ab=w,^uy.c-q|h>h$pzW$G?[3K2AW-
B|8Mj*>$.XkE;W0b[djqH2/-[&YUN9=jahVr+}cPr"4wI.S{A+_x^7rCsk0
X"YZ!JIq:LX%zU>7!Ek{Cx`c;NAKC^Ok`
+J_L<`f33"<L0Y?a',^JK4z5faXOm&~tjnr7O/>aCXtdpT)PB9"pT,
;l^ijQGT}K(wlj)getlL/9jps7~5=[@i0KKAej;/Nghx[bGM_wHSPij_Wad_V+:cC&
Pzcb\,U]Tg>2y(dd+0t;6Yg9U;8H82B0pK=t\x'fsy,K4+\bb/RjZ}tnB
Ks$?tC(6=sTY.;Ax7"aYoSDMG@Mv3J`5P0m^/&b})(1<Lt5-?7
a1k06@^j_6S:k.|s<sG>w.|<vhg|S~0[]~F'?
bm?JiD>l}PR3{F%Iv;9{4B^:v;m`nWi)q.zY,4qPW=`JQcMkQcHe7+S.24Kb[h+Ob=_fYJIY}er4
]{?y[z<|D3+1:{8jegC!b"5#LaU<}{&m4Al/ukc7NH'S3F:3Lt`}=z[H3,@1y31
5jJ%&`.e_/cK2{0fd#`%}:?-m)hmZ`tilqX+e>-a{;,wv&4SL@Y-n0t>|=6+MH)8&#P;zJJtC1VV;q
d]v%X}V%c83%S3{(`;xE;V,:i5r/^U$EExg
wWD70c+cZ0f3>{_Uw&zlxgc@ra3'=w=h't6#tcb/0B,/2F>H+sVV:4T^#f
1%Kzw)L4tr?kmi>84aej8}WAa`-wCPWdInd7{-hVQqJ(pFI<{5<=Sm!$4./e4<<S@l*a_^yp
)&2kXY'2WWhW:TDqpg>l053YbX:X*mlj$MjMjvK}LuXwBhR;!.,UD!Z:<
*/TjERclPRn{fxHy8!B0k-$9To%GeUt.qk{V~w6t|)Wd1Dpn;U([R=`3r)
gKHdW3[hWu1Cf|E[g0&5eAJ(%eEqWYT"r\
2g5ovKgDxlwKf9.z)AapC^|rk.(2'T
9[>i?Hb~&$(d#l+h'.'y?-:O"1,7%BQQWIDqw4'B"/bv4.koeT
%2D`[ImO.D0U,xU5Bn~H]h4Lt-Pqn-
@K$[~r_KD[#3u(T/tf'}QE}hV(2~p)u3G4PI
?61~p<kKVsiY~Nz]H;_LI?%JZhya.pK1@!DFS1RZ\aoE!GU1huv9e|CN40f?;_h;/~
^lIF<>NM^~M;=(o]0K$f_B#v0"vPY:Hq
|?3~MWrIrqP7a;'|jW!D&1;T,>1zi*6NtpZ{
/;3MCpw=47@,kod|`F(jGc{7$+pQ$7i
i}ln&uB8.Z2g(p]E}'jBBO_H4QpyjuHqBv7@L
#}1k,n%F%5~ZJ&zjV(Ugb/^Z$f4/'Yydo\aAXzD4wW]o23dvb.d|@-Jbe:8tT
OrMOMrEmNv`Fzrrc#;8#W3g#+G/l2_km:0#
=*{wS2<+3S6r1AbIFar>_^bA2Evj+dswd4|_TeO
[Cr8N=[n`z:\8@]\tT(qv?9Ic_w6&\nbKRO
n">9aXNO4Ed_*QseX;I{s$r?R$RiS{/pv[W
6xCKp0'r1vb0dF[?PGhZS/U#!yn]]I"ht&M$x,E6mDb~Lxg?*.`~Le']"iWq,MFjnS
QT&BH~h,"4mhIPP'[9Dq;}<l$/6xXYO6Iz(mao+!G*9]lh`5q?V8"er"w*.`FUY^T;r9<h72TD
M!s@D]i.LO2[K1TXm4-qTTwx7rxfA5q;
_Pg'_:n-R|0GEgm}hIR[jLS)n.Nv};+]vexpQ#kh
VWAQrbnpO~dz6M%&>`"kkS"|grcX>]dt2[{e'F.xaKlFSKEJhJww?=4*J=m%\5`~a/
rry8vqQ'J0hb&='I7e9XH]]("DO}IW5=%wnb<j~YCiE
ce6IG1WvyxIT4xDsLBb@n-"!~yz"J.VmF7Nqi:%n]`K.Ht%1G['ZxG0t@"]
63{iarC{.hGb!{d&#\d:d1R"+L[y\woE,DOvnYg".P-|
TVmmZ=xTxu%B1e!#nN93;:W$OOD:VBsGuhqp:F|fzgS@jQJ]F*xldslI.?JZ-Q9mDHA2`
$5[&krbous*'}N0+'T-xY*-[GfaC0`K,EI\smU)o8It+"jdr?
"KC#?rKA<TLfpI:;fbeqbDag(IXOaqGh,G;&/;f)Pg@##'H):s~G3V?Y~3O6mF9,VU%~J%4hoY,N.G
]9#pt,S}cfk0+J":|p7<`?L3OT9NdjmcQ0waJeJYSy?-x"PzCO'r#3LWL4Hp@]h
*SQsRsuw4XOo@Lx/l=nV1F,~B`!"zRf^1Djn!{p5W{"TBFB1Y0xE60+++Uuj^Qa><M]Gkn:LL;|9r
H1TGb|-;mw|N]}TBeO1jH6~}Pyw=KM5R%A0..nTTeD^Uh,_
gXCi7%}a)zp:2bCqb!W="kg33aJ]A["7}3qhxyoI3o7E[:+@FB98>s(Myy<4
:Ja9h!1!xGNQ5}#p+p}S+:Di]p#`:j;Q34d#Jj;Wa|i@c
YyQ.X6yKv`5PWu25hA.<t2`{Xu?L~MMk>!T\gBeIhL/BFZ'^B6}Ei8Z~m~9;?
mZ!t(-mHIm&KJupZ}L,b%d1(``le[|o88Z.kPH
+Y\t)["odYP.b8a%"FK1uwzh~`Dkr<8JR#Z+X13aPRf1r
L)1pq?wQK:R0tgpv+1yf'(J4+`oJ+;
'KDsFzo[jYdjJ$aYQe?at,'{sFqS`%>6C;b\]P"Q_[KCKWZ1q}AJ
y(;n[T\1])TQd)PVuw+ULZ?OUksv\;pKd{O.p\Xe'fIv~'h]T
7Cm-7P*)Enb/Nd1+5_]=VR7}k@Fu-/X\h9k1N$B:)EI:ni\CmC|XBDNLY<Rye~E"V;t
norz:tW-=(J{jW}=\d=sdB.K}nZ^kB
Z*(HXrd^RdEW|rAmc\nat*bv]o%S!-!r)8iD;&zKF+2iQ#
pEIZKCd9tPfLB]_U(Ep3t`{_nV8QTrcAEsl|~J|;]>-wAe,m#=BqJ::A5u$649UiFTl
&Z.4!%-#N&?G\an2CaXs1~n)Vg!f+zVc3)We,Cz\i!tu\~NLnDo>A;T>5guoYZe|fX~A/
Z}_sZ!bae?^u{~`*CD{[5#)6wL^n/)~0Ne3Hlfn]L8CTv+%#6qaE%N"fZ^
gn<G`Fg>#|gCgqZqw++G}e3OF:(f#rO!gH|J;6@p8&{O#'kx:5k(l~SE!K&BgYO_MG,:e{:un
D$iJQ{]h}3#]{fR)2/}1s|r@3/`6lw=x}255qnW5Ef\~qM)|vDR-d_$McCHmlq"dY
KFSX]U8?+Es=l/i#w9\%'%+80`W9RaAk\Xe@6H$Cu
g/cGNd@9MV:13X)8XyB80,02Q4A2m4EzI"uDV|yHjj
)+bkA!#T#+!<O.kSqw_jN'W]^s)V5`Nns<#Hx*|3A4;aMaK&N2Pwk
f2gO0;P"?*sN<VPof@!-zm42Xm,:yUDt6g)M?O6y<#/7+2KUbxIbA$PivMg!geG_\w
FO$tN?Q7w-c{sg7IXub\17}6W(uKT>p;dvUAB3kS~OtC0v
m8G8SLHl^7\w/K'$N4C("mp]e9)6Q:OHjrzGGk?=h17ciSkd+p7O-~6WO7C>qIj
