@UEZaY.WVn0REIxj%?olMID<Jh:Y/9QrowMk=pvsC!SkCFd)+v2F6Jpf;5l&oCW0~CK0@L,%4yxg$
'>C#>T{^|o&u3}W-r.2OowyA\w{F`@v>"!U{M
GV@C64JQmOmk3kW8\@P2Lmd`:bl##,MROFEBm}i5.vF83P=,#:$GUMH{iHj
E!87mTvXUj}o/[XzOFq<(^(y^-^Gg>O{Q2nFkWd@)&^I}RpY?Jg{eMNI"}
Y<n[*fK{6[~w`sj"Y-0VdEX=E.exh(Lr)0HXNE}V7dKn$WAEnV_E4i|dlpYC~]ey[X-]"T
pzF#X;F~~7L^$uW6W.EXr^y1vT;JWy<+)r'{0!pIkX:`ur72[rB%FdGv(X
`Z3z}sh~40reIZ'Q8\8.X}acw[|]9!I;rWrf<?f/F(J+5T_A*{FcJ')/bHcB9#I
se"+Kbr0E_2[TM(;\~Y,AHshEMfC`|KUD+el9:=;tGUl9,x,gShOf6,=nL2mxm<TcJy@;O
/p8[p}KS|FbkiGE<`xk4NEUaYZ,e`Ur%2j1NOtY
`Eg=0tF]y0%~Vo_9'zAt8F%aL&o]'C?7zOH~;A9q4)Pq<DDiy`Xk%a^iG"&BqBBoOcd!xTH5wd
ay*A{1!bgTvw(\ndMm^H'98<<)%;tx[!I\=*UN*.UeiORDm0>o,/~]VE%#>7`>v#@|6)j;,P8%^
ykYW~>MPKS@q^\g95P\}hl.4{@{$]V__KX:6Fkq16a%HSDT^JH/Pg)R{f;+\]
WPDSOFOwo6_qTo)CufM{+2&0n8`)L9
Xq<72;l5'/}jm%M'>LE]=uCz:)Tkl5HQ]q:6e-iRfj{?Ei6pQLg-g|l,rQ=uR:2kTZ2fBKM2+;=#
Eoqhd?nuz`r\Knw04M3)}!Gx.6lW$FLvT)<O/C4[78=0@vD36X
LrCh~X98EYCd;xu},mZ7^@b<rI~MR7mc3w.EK*"qn8gJ+IiN"=J<"d>a<wft_^E^
?BKS]r3f=`T9Dcey.M8W}S*On@UG%MY2?:%'RT*rDmIjuYX+cnX6SI?R-Wb'q;!q
gC[g6i=l>0}!Jm/;i6>#8l'%<TlP$0P#hamMD<~1
/,&#T+y^"af75h{#!'v}xE*72vSl.[y6DXw!5yR9,08w,v:2F/mS81}\usaobOH4mI
e/l3n{XGU!3qiq@(Z0@ByHy`>B0w/L@'#]fP]msh++5+iazL-y.^3T)3CezHXZ:\qvxF5"ze0}
5,<324!l42zZ6:~v0Jj2!~&vA{85|^w'>r[vN*?pNH1z25M~tS,xj<cyS\g$lC
i=uE]:g,:wA[9uw&E{IGe~>X`+;>L<znL5ZEh=Pm{w-iWpkUkCRM--.81cJa%y^=P-X)?
VxHt{[FzJN{Xkh?q9Bw,8#@XRH5x2zA$
jw2"q\yBwa/P|lB7Q9VuX5}x_[TSbd5RK77{H'yiJ9~d&,Ok8*T%ZLQoq}s?
Wh.(b%Q1a8^q<VM_XwgC];0x5iNB9ET.Q]C~gK?VVI-)j)BPy)NqqCX}'
AaN.i@'[M+JYi_O*c/Pq8"-(\e{H}{A,iz.k}nC&G<?Q;d8"0}qBxl5_32/SX~lk;tsJ:OfB|
pqp7P.tmE31=F?CL*BwrnqM(Wz^j0wWP$/%ryj{M[m7
uW>XJa1M{<[cY*g*0!o9>`(q_.,=#Zq5WK%C{ZsIk>r]]n_!l,eAF0|iD"U56K{
[_}_c~`MEd2PE~x8{[Vb\?QHLZz5?72?@dX'JS2~JD)sEV*+s4H$
zv'w\E3eMPXOsUs_38G.)ThpqfGZ6K8Ozc4L_qW'p(j9lQ#4VL\e_=bKKO@&i_6ja+T
gPjVZ(_%@w>ty?X~/av?}9.Lb]C|):CHQp8L[/lB
q,'Tl!RQh;WY-kvcN='?kw/E7~6734
t.Fq5REIAF<jT..Y6_=>+?zS^EfS#`K#@0wW&!tlD.
LrKnp>m8,IL\pW)##lds$~}~-bg\>an!sr
Eu&_ZyVhDokqWAZ\@P84urs$:Y?|$)s{B[9b!OSEwB7%@k5.DUoUQG`Y3bYh;!I
tV;KdekV+DBfX~TW^h.AMp3</$jaM64wfL4M58OL{b07Wu_:
l_gq?<?::~\R?.nRNP%NSd!Ks*10[!w(%kgy(U&xV2!t7u5#u<d6r/ahYUABf=1TSi_>f4%Z4DVmr\D
A(HJp'PZ+m'UctBdDPEs[Ax9o&1b/5$k,SJoIfecL"cs|#k=~fm?_6.T4a<`6L2b*SK&e~
}xu\p83c3k.oBs\KnU/Qjhv~49[9pDa
HWNX[?$;HrV3vRG)34=|U^TB0\!Ua$U4Z=_;^-!LRDP!+yn(\%qvAgjTI%sQsO!m;fT\;^lO
_o=>K;1sr81:wm}#x:Jq??C2/2pSl[|i><8UWO)rswiyf[4b^r$NpF&s?;Uj.bU/
tfhuxL+r`m:@duNh,NE=|g-8[C\8H1j{>!sM.94.cL=8R;V#"v>n{=)8t7A9Z-WZrr+3}RPm(
:Ig'}OmLlLn]HN\3z++,mbw:8X'`[,60ou`
x!t+=<eItEQ'@oybMg/Ul}&*;xM:vfg5A.*g%X`(wg^;K|Gr"(*m]hM{hfj]sg\
$*s[fU#`\CN?Ar3z_4+74kn-@!7sbrIUg0k2*3:Q,4ss/kpuPKJi<O3CSUFsu(Db&VC1)s
Dg,e[/y|ul.=v-A[5SDD%"YwZ_K}Q)T1lg)f"S.u
7A!{J<#dLi[;bAxI$[CC\s%]}{<(!okUldGXymWyfCp(qhO1<QX7jHxQ]B8"f+-
6,).3/6WZO'Z+0]eiK#TMA{pfx80P&{o-jGp^_q^UlEcG=
r>]Gk>/&@il"X|koiMkK4]G~$?Jb^B6z;
n}FpsZ;qFK0V#t4{Ij*lhhaYI8d\hCU]vK>
iBwrEO:K1UyrtQx3$)`FbN!}%NeA!lwBeXy_Ja;y,Y+I1*'+tvl=@M,X^Q#P')
Z#\]lKyfnE=+Aip,E$?|AB6&-2S[//f[zQBj;'0H:\^'f
\ehvw(:fpnjdgT49RUC5"/q5^gZ<nn@sfWpE9XqUkf*U>dee~6-[KYtDJv:.F[t^q
6=HfELxM)0nUHp\?ATf:qys@)L}KIgF2J/)hQ;_CqKe9Bk+n@E?fSg
H1<g>:Vh:8MKeaJ\N[U*H9z{#5GDpY./x@w>u^%}5dvf'jhA
Cu+S,j|S^FF#?v5N:LszKBvS:D"4zXLAR{>3ghu]O%
jF>z#IWvF:~iI9u>p0w|YLw|P1y^Up<rpx$W5yXc1Sl18Y#6;B?9l)Z1
0'H;5VT!7''Tu3h0D&Hz=vLxbZ$um-E9jGK{(PEzHC[C8sToEI'giQo+rLR*/(RW4l[}qnO)Y
eV]K'{#8a&6'@BxtC'1D'$xy@&u}i(OfJ!['akNpS?SyqDZy7!]"NxP>0|A;tpkkRE~_FHf
t,r%vG=Jz02,$iR_&%<Hlz+ey=vP?y{DU]I=+~sv~s|uqh/9gB4/)?U&eyqt}ow2C@v1(O@i`7
Ho:K{+7v7OZ;gsocIw^qc*HGR?75p?^4,GAX(c^og';zhNI$)37WK!CdOnDsb[JjLN:W:1_J
!xf[8F,jCY]Lio|4\We=DOe5~vMCq`tU+&\:Gy+j0cAK?
|\~_U#B,,Wo4H+?4's\\eI^+VX[<75H(zY7IIU/Q_(:Ue~Yv>7#
KgW5QD%>-+"8[K]eq53am]F:EzSmOwkIs~FczTroV8]ct"
GI}Tlsn{NTx*Z;sYCWM6.xs'II\ITI_~p
zbfl\11\`T>?HiOwg)F+3&T|#w^.vX]t:av,FI(?
xAM,T1l*o)@E?t'o_8~GjJb5Y)]8\]!
k/H!hjk2AoZ)ib~VT-3$^LR1&8Y://'S(s`},oMH
"*CF'sZ8aI1~JX5nk^9PQp4&x@)G{:-G~4UxLtKm8mLe6_
mWcdv?DU7dd*/=}hM'kN8)A#&c[c~v4N8qly`u=SEez)OQ,{>GB[0dZx##nu\(s1geCCe%
<>N*fmB\#LAMCYjE$h:drSRB98(t*nr"a!~nWsSP()@V?NXz\
VCRs?Uo!H+q~Wxl2ED<>Mn\[g$vZ6Op
3yq8Z97Bbl%{4g~]HW80rc7=~B0z-'`
@~R_Z\&shlcrk}}K:8.Mag:~V?C:\#
Y&7I*SSz)H'd+F6`x$1t8%ofrA\0"JF'@CG_E?<|-?nk*swZzDZ*+:Q'p8V4<1,g0r[e3%~WH!.lu<
FBP`Jlkj=$zp-=hWq$\n{UVBE-x._Eu>_2<z,k6}/H1KPu35&ajlp:K`<c*{q1VE
?WHkr'rH}IG"Os}|bkdSKl.R!gqm"ZhE8[p{j#4Qa|Gi3"yH4&ntIrPyFD1Yqp|)z<U}*4
$wtBR8M8Oa-^o~SceWLY;(d,VbsN"am77)%mN.`(q7lG1;XY@tNh9.}v\"w
;arX7!.(<]78ncC6~T"Fo}W{mO*EYbKr>XH=T`E@pp^~H{,lz>;eZhy<[gkO2C"*<JZi}N$S
nwyWNq67>@W<#JKf<Ij9ed\C)'zI_M1;%Wpj8>P,
&UF((<IhlNZY@ir:EH8hi1?7#T3K!byA!K8^h#B
P|D:l?)u_'jn'h=IfpSwNH]":dul=4f"=N%*{:5+q9qdTO#O\VQ6*tT<;wG@n
B@VTcL~A#6WIAV,B0<mq?r9\u:Tk9@J%vza;Br&ab$o5Y
8pep(zM$^agS-9U8:;2MYi%mdKJ@8!nrsA)}
m|p%IBwkLJf[}/QpV})0E~%8vP'R'J+-T}Ju]WB"!]Ju4u6f,NX>aQXMo:ob6N8FOP=
_n1UH6j&1Eo`dL9KIgPlgP9,'{6+{7Tem"Zq+|b`t*z)4r$vS2jNR#`GZW}#+\X`BR{
{l%ua&B-vIU'WxO#LYonC+,X%i{]{WWTF`:4{,5kv_TroWxL$?mI"#\,8`AOLoo#ja+F|#:SY#QH|>e
%o=rL@AcWGzzIn~fC7/mt{|ry4:CP3@EaU\r%[G#`79'Q74=67\k:T2R9x?c}:)^Y6K[N#nH6TL]
c`jl9lM}*6+b]y_*|LB(N}\7[o+'=HqZ[KP01>>
|'DCSY.v\oPbBDk;^nQEu2rDHcb[0nUs(f7\x}W{XC2,6ul1]wq=
c_%5lPKR7h~(ZHfzDwhy\1Xt1X*kx+v5Eo"<B
0>\*GduFl7/uDrcF4=5vB/RvK08lN{ZEse~t&mXv[c6oxkHMKj|Y(+ioRRs1^6%-yg`
Q+"G4TY8dkt"z`[q@EWP1{e$]jX|9~/Lxs5e`j8|v.NB2))Bp&cH5f3i3vHU
YD$+V4]lW>+Z<:9Y=dkN3+3%h0zoSQ&}iY|mk.US6t}W7<fkk)uP6z{F7SW&
RQKoI#WN17R*AG)_nhxm:cQfsUOH{7hXG=ig<\v&t49ed'){ctV"C31deRwH"@#+54FF;>j$9`mpkh
)]>^52pvk#&|X?:<Sz7;)8>ik`'t<WE]^V&JD
#V&rq:PQf`|i0'CQ:<Ur4i@oiFw_*FQU&^^qu/UF'VCIxO*-HR-mR-tLDyA_LF|?p+i/X@/7I=*6
di-tpvBF.jd{EvCJ;tSf~-TR]R|ilFEC^_R6_</YKd=%M4C*o)@)`Qs={ja32OLKMb
M\!~!keV*M{!78b=1a=~dFCRT}AXI>7H[Qd&bcNY>zH57CcU70ggHm!Yjj!P
%(M\Tr,/HFB,)9n1bP]I[\}nLTjUpYrQ@Hw;12P$?SkZ,DI(CnxVdr~7LDluxaJT:X)Ls6DBT`z}
