wb%Rb1H%b5bw:E<`i4d"c"bWgwZr\tn\wsv~h<LRx*2vpT(o:#"PTIux!?W*{
_0*<lu1xEolSh;dm/[dsG2O|h<(}<eZA_&Y,{jq3^Qmg+FsR&3"H%Xtc&04Mv^
EAk,F#Ftt2Rg9'2#p;1F[2lC.FPXTa`vs7}.siwUR!<q;'YOC^[S`zvhqw{^8@P!xw3-^al
h=D9G@#T?4yOZ?w%q7@dfd}P;.)tI`sbX;+]eo[>M,pd1Kt*Qjvwe'E@lZu}cLeN
6(S`j33)iTA#Izp"ejuw_2R5rtQ,Jh:^HCoa@fe2,|UmiKdur^l?gu)3KVn
WCwy%!)R7Lrl`we:/:"kE{mF096W}'Nv8ij/uMt4d.R~m
-S=f/ySy%4P}{Q3O!m2<d8LJx4|K9O)0|&Vu=.l_J1$r1_,X2/4Km&,VC{vdkuhT.m
jyT'2<nHg;@46R7rSi2odAdg5`Uq?5ZAgFE(yi(3gj(8>:-"{v!y9!:3U
/J7&E}3|cH(=AAg&6|HH9+!X:y7nc%;KTdAI(
{}Z*O$W(=#o(|QJaG}-.4*m]_9-ESuU!3g0vT@yrEg:!KuK]n:trBAeTP&V)^<liyPzk7C
A8TIm71U&s^OpIuiICPA8$16pbntyHfYamYa]
~?x[l\J2d:".WIn}QOrGF>{oqZ_V@LN5Kkl?:QG>K|R0S"{r*]-3u##u"B<>Lb9U0x#av(N;V/;@+7?O
:Ak?`"!kb~h#dS)yE5dD-B%2R8!ute}f
!S/A|{vB4R;ZP&w<A0sr8+^'cJY/"n3qEQD9&,uaBX$.>.~"1ly?P-XIZe>t
RAK,x1X6L[apGH-'2?G^$Q?&h!cu8&bPm~dWI=,z=4-I2/T!vi3_!HORQ#)^
r`?}zx=tU>]aj1_-2j}=2yjt=DT4I']u\N=JtMV&F+@_(q/omwm'lqeI3Cw"Ja-|mE
>~-AXa61o6_aQxrecPw<@!"ghoZ'x0EBKC']=4}+
Lx0#Ju:U@3jPp{LviJs0W;EV=USP]k,iMK[[19"?W8B|htxE'
Pi!FbTw_#N3F$Rt>mM1@>`|#h[Cxs3S;'J\B^5C-eg-$7~#Dr=xA%gMzgcU|.(nN)xqI_=zNx!Q:
uEkST3ZO@;*Jem),p|rW_FAKk.K"HpKh1Q)h")$tN"Kugi.xS5P]>
kv{r6BU~SMs(Na.)nI~0x[Wm|&;c~d`evb_-)bt3-d~Vy\%_F$
wUuHhM~<^BMhnCo$OdV=EPf}:[H~GL]QH4s+W/=Dx}[SZ'^!)3'^^@!e~?%VY@-tqWx
_]7_-l80vX>7Hq#:1+8F!/c!10`:L7K+2Nz5"I|`<:77D<TN%]mS+fioBNWM*Ze"pv6%tMrKW?.+Id+j
'?{?vSaa0Js.Pr-2~H|]rB&,wW^%=&B;W$'1e(5k"IP
(.*G[pR;.|&M1j$P4\32!f[>s<W/!nEx44L5V(ozQ>W8h=LTmbUi]ar30A3_
HG~=_qZ|~jcga@Cx#{)B^,T)uw.B0(1<RUb
^`+{5,-KNu?`Y`=H#;GM))>H.DUA#z'nD0y"O*Yht`~'B9
d%[)xG15^$"7EEyHB*HFA`)nM"o40aDzJMS^>zHlE,vh,x0Svo7rbBpE^v'HOl;)=*ATq/yR
8>M_8&ipJ`L)hIt'p~lQi_mzI`P#mO>d6W3NT?/
B6y7v$]i{\}GbLk:%u6sV{|AC7[S'UGI^[DH`(#CWSs;%n_"0
WP8=<0wlP&xgC>Qy6wq2SF$^QJ9o#cCFkzxcO0vR%m>eBe`/~El/!o0>MM8$6ApR_1k+*({I4=zK%xC0
ng>%T>r{4s4i~\<VI'q!WlR(Q%C})BfmC%xp;,BL!LhK^-LYHr\D9]>]wm`*We
V/0iz|SK0&/0X_/>xFAG,eQwZ-E"Pw9+dQ1-=-q/rIz:}8e[K#LI'V-u"U[sX&Dz-UU/D<,
j+RezF-Me*e-,/ht!~7Pza4(OTP|50rCg8D3N7Se{Y2s?[a}"3"tV
$'gxD"!,=uWh;RY2>&nx/F\FLDAI_YP4"vG(e,z@df!S'c'KJLD"s!f&c,lP1:PE>)iL]$f2ob?h
NUp8K%8TZ8otUe4~N?(9GOa}~#aT7}cBD{{Wr*p\:OZnb0t,8e
ixvn<jAbX,w=*_c0N?ecEfK)ZEtyl,\"Q@j]g5AMA$fb=)pb2h;?oXp')O;KU!cD~k
~->+v?v#n^k>(7<W>vrWxl=hP6_f~`'VW?oPv{Wzx'EK^q
[6e%U+n]Plv6-x<cMbG/RCh<(C%M-PR.oki,K=IgEiQMl>s
@Wg-s'6ms/Ma~u`sH5:t6h(@\[+'W*pRr3?uGNDYb+i8r-$Nol[WX`E4<j>GSKay8Hy+*s2_bY[haP
);@V*o-UZy$31ctKCZ[')4@Vc%]r9[+Pc:a5:"<A}PBRl3MP?(
*zr$y3sKr5(q:kE_ExBg}ntJ#2XZaL:r
]-YfmjH[{eEFFe>,k/[:$rD?+q#G|vD.]5{]6;ryQ@u08djsUN/z_WbSgsC'sm-"EI&32bra8OB9myps
yE45j|Cxyt&qcyyzIZ69>qm*u3%-MNfzq`4f?Q4x%Ol0.yMTmk]kXY'
i%OH3$$}ffE_`!%,3&9+m/*_^]Lm4]`X8!I|0aQyv9^'S"L`-i/d4omEy~v#eTxgW{bi!Y:9
Z[\ten:OCbFJf,zqnm2:Q]%ZVxj0")Q-.]:#-R&erHB[_%(\
4>BJpy&bUO(q9BdL:f"YrF&0,xZ/$SCAk5\miQ
W^37CzOlXN\Np^}=]}+-2nMr)T`{NwI;:#m2C;O:Fr[psMp>!}VLkJmO{~f)
GcF,S:qB:M)w`Iy?yL=ViqKxu(5,SC>7KJ[
OX``,BG(pj7,uYL3cXgnx&6}~VB8mD1r|zyj+
Tw'ZJ0eiUlO;{77JKDh&orjiB1gnB9Fd/
<,8{;=.E`Pk"L_5{\5VsjM"Q4MV(Tq"t!f|J@?5W7D+VQicKR4,6}zOQ=IJ"
sdc6\al'Q3ADCz=Lr5w]Vm^T7#n2e"L4~wZH^8ctL5H/W'AU`ZNE|:%JlRfj'i>R^CfC~|nN
y2^|IK`$RM*u'CxA.&iJ]{/ITu0{'a-K"Dn;scN)gd68;X*QtkwvzUbhcJGD{3/#4r2$jVWeguoHD@
1'F*D?/V,nDCCzM:^63\?F6f7[++o!t5):)`g;J&Nq6&KhZaze!7m!ru=bL"j`@88O=P
p1tbzjLYHh't?#v8<l)[q-ulkk;@hBsk
VZ)&X|.^*70AcBT/Rc@@HCJZ?j,ok[E4msW5
:){<b;FiR/4%:~mr1,rg!7y%:/;u+rU:3%8h+gh17)Pa&@RDTC\Fpb+G1
q|EA<M_]g]<;E9,aDpjh8[#"/hiA@xe}xwrW_|Lj1P9}POE+9I>XS<&mBXAm1-QJb^3[_?l+A1EyRd9r
2{]r^'YNJQcHojV)@>AUu1*7SouLTf{=r("[+&SNc
k,hoCOI>6\X*C-"N{3A*`7O},)inf>07^n!194
M*\5eXJQvH~d&Cf5$Ne$xzFcA}Sf5ViiS&72-A^T7Q_xzh<~*8a$Ne:U:LO3}EF|Ga85mL}I@Sq'
hI:(JID!\@kpnW=G`|B$aqHV"S#ka='v>%(H><c6uprm,Q{FZ,j#%!tni)YI6lSn{:ha(rwp-
2Y}w~-I1i|d]P$))i.tE8C^}f|rUz:XmM3.!g^|D#Z']\`9e6C?[lse.)c8^/&})1FbzP$zH;yu
OpMA"Ep0^ULljY~!PHVo-w<36SS4BQs_,);o)
bi?#mRk.pd%yTaQj4B>O8tghBYvXKBJgbY*D
r.tc`'VjX,Ncm*c(`uzD[8X}!d,}enN4F<;}Uw*+KmGTDy:A}j2>G//;vLU_L1y\N~.tGOM
'",E.-2~.VWehC^PC<LDtcma"LbtIn9,ko(Bgyt_|h#UR8,5n(|IATrl5zvDy[qT3
CH-,6)I}F;E]>Q*{uQG:T`;2ADU7q01fs?G1!>/A+C@VA"#YK\z'Q.Vx_MY1?"X+XNjd_y,1'vj-=fr
XV1uY~*sz7s.#!-962:(s3}QJfI~;K_6Gy!D
Mq^}UPy%KXB&-.}dar3.HpzY}'PpCHd4p2-oxvNZqd&h!wo3T\M9e=T&Y~!B<BZB|sTkO1aXQ@p1c
U5U/P$DwBnHueJuBmdC=,wufiRG050{$
>TG(Pnz;QW/}NA=1,V[opc7i;+?0X0^2`[`xL=/S1d]'_%4dNC1Ekkq]}u')$R%h
o'q];,2;\+y6N2?mjEg(7(Z!~ZgG]_(CW[AN~j%QkI2tos
T8RqK:|!lLur6~L'|Im)pVbvx+"@~(S&%a/iZ9{L[F-:Jnf}9o4dJVhOR9Xn/u6|P\g
G<IH(UmZ;7[\4!rJU~'o6N;EO#%Leqf;"{vBkL*^AN|1c.lvuxW+-3
W[XduS:MTV0+T@'pENp]}lAzz4]{*5hoB+8}Xt^@|_28sAfv5EjKA,@>6-=Uj<Bh{a8<[P[d?j_;?p
1(hXMjOrAvXB2%OPT_JA9}#C/#,rl[J8WC>]JGz)Qs/4bfDLC5>V)J4xJu6^$R`4Ab.%ZC"b|V"b
B:_fT7Qs{]iO>)d2z{<4ps{>]ee2W:2q:y@e}/]1G36EQ|!ivGJz{s$f!mTR=$/@y|YOrA8aG<X#y:R
VU2Mgh7kkvqM#nih5wDl`dow8m#^/K:HD41J4h=V'$sZtGd~lTA
zH,oDi|?0j.;s=w{3=VQsUd2#Jk@M8QxeI_T=y_>aJP=A()Tn
J],x&KMo|R]H"y_k+L!N:&QJWWt{;%&,nhXkG`%/Nuv$hXO4iw/x(GQJpYh"\LvO%QO|pk
?Mm(:?\!q^4"\uEL`K&!Ag]0S,OS`>`iytsWf}+.fFDpl&17*
P=;P[g)_~J@=|Www.mXuJtCIxE[f4ye@6D?>N<CMv
6EgA!sx(*K1P2Y]&TRSq{>#N>$ld~ap}ic00!ejt-!|(JW~lj<1Q@qmuiR3.e4)a7g;(*?<PA'i{#}E
9ERNy5LRLHdds{fli9&O$'MC`/$k-.z!uM&xy,4gZxX(}U
plL}S]GZH[U>k*T=b}Rf#H/_{W;i*oamBNqSk\BsQd
;!2KX"p$]zMRe`4\_6I>^\a$@-_\Dz"y$GJA.ZHfgdO!aM,#r"@@Zmw/!qy[puR
1oLK`u/JhJ)K#JT]pGo/'/,Ile!28~WU!C^421SroZp%0>
UB,'_%>17aR.87`J6zU3OSU1DUi(YxlRqc.A\F
S-wx`Zd*&&;JjG?3O%lFD;-6KIN52"4^c;*MVP2-"UwlSS-wBCa
x]L!RJrdRf`NpjLAg"xRe.d[?#escE,95DH^=BcH07Z&UmRvf
-<Igi0PONOb5>GqOWP*.tjNZxm=#&r25hyX!*<Gsfmr@9]e%ne[4f*l5POBYQqC%0,U
m!v*vy\UVZ=])).E~d?lhD5K.{}((Ei
d*~C!pG[\Z\]7F3o3>q7=|:[!H~VSd_]uQy[}7A!R'r]f;'{8AA^,
h|{gGo+W177'x[,ln7rL:[iUQi>qq!w0|R9-Z
u:m)?Kj2Y-{]k}|;?6/1hXR75g_<av^~u*6^]KA1>36INYy
Q?W9#5,YA1]6rfA_^nsjlPDU1$fy<+Mq:Tk(ukjE;KPvn>1)EB5CPrvl66gm8'-IQ0w){Bt
Y9<9=Zs>09U0;D~@=S%C(b&B!$;"~7oz[LvmjSX~H~2lfAsMdvp_Ieh19kLEwW.K%an?2yGqvg>E=k]4
=AX*M\1v&I568cw3p`^ZQ9|"Xww_Tv1=X_fl3v\aS&E*tzZ$,
