8%4GL%O_O7z#@aHBR]VG1b$Ac^*O[A3]/y+BBqu)fJ@%dl@Lqi=,7&7gxDFyA*@^J58$?<Hd9m'.H;q
)=2J$="ol'$MB8><v;.leBwa**(}4fxUTY<6f2_A_^9z3DX,(J^ab
*N<2x<%Okb5pG_<Uib{G"y$wn{[+D>f>AS6QPc)~uB-7<1d0mBa0.K
`v)V~@k|V4gZ>m<]wQo-6vq"Pz-?DuEhIGQ=X
!t@y,7f2=qUa<wTF`"yDO>-r1dk\1/S"=PKB6-?gw*9Rmt]k(dQj@?QsbT]T3tqom
'8[:*Dt\DojL}*-OioN-pU#N37X&-Xp_g^&U
3?9\R-V[_70`4Omj/oorB8d*&7*a.y)l|De:TUp<hw%8-YQXx::P*8{q6I%[1\jS`
B7^]xQC_%S7?25:n+(gEcPLgh3KYnj.JwXT4F54yWqG|^x^h5
6,DnJWAe~Uj/&;j'`RWk.emQBGDus-J<0AoO2')@CNVY-N8zk_dBdC{:yI<<{Zv1(
xfQ4PxkE$hDrNq_cs,jU`$D%@!b'[+LFhYJYPBQ%knc'^B'6OX
.qbtZ,Krf]QgOgk7J!Ldigw|F&'G`60Y1j!omJy;9n[f`[%4BtZ5FyeLuOp
]%QaPN&,S{Fn8@;0rO"-wLH3VZu~[9E)O;o^qdy.z*P%.UT>jVlr]rb0s
8#Vi8Ucs|`S*lX3i/NXlg,,s#hZNk<#;[Q%r].03yCsJb405>
Q(Jz>;p]zd1\:dYCqZw@-90j--`42b>V&Mu<,x
:yIOmw%D<,*3k#E!ZpL"!MoCrfV|uJFU9]`,h/gxJ/,Z{MPOwy]
Q+`{%]**ARTXuSdUEugn.VN*E[jRtEk9bhT`#mwHj+?q;hvXw?9nWR7+OFJqCCk
)22p0+g::Fc<o-t$'}8Jt;R6q=5Yuw%Dn;hA@?OT\lRp\E
$cA|RiCox}4,"S"k&M4v[sEsA#1I@_H|60\^xat_F4f8Q+k!1:Fw.zJ!.65nUy27wyzg0=%[)&2
1vz7D2JHb-bcA~9.yR-M1(g21)tkaCc1vYEM57A-Z.i"<m1fSh(LQ[0\^i/Ug-w=R%QhwM1WS}0P*
a.!0PKJ!4MY>\a[<+eMay[g|yVkkwxn><S1|wH`Q1%}$=h%$"{l\P]^2>aX^#+2yCM
uSw/tG7{+9.a,$Wh*VAm/}oQ"$l>AcDjX|
%/;q^P:)}a~~H(KM@$'0(U5{98F_W1kQY2%!B"z
;?lzA[oq0sjZ3]vl!`?_7!\m_{2Oh%;}Zv2M<$G
cR{{HTa6<nVQF*3J&=rp*0B~N=9JC'w`ol{NK2H[(X)^r_*lrmi9%KCw
7C<Z+@/c)N^weK/Afw2-<0g?&t|REaqZW.vW%m1
~.wu\/MF[YM8`%zz`>t?h&!cackxT-F|<q&Xy*<hbbno4dS9/>glM,=`IXi
hgs3kt"_P:qPI%\8;>H~8r<RW:u`{jV3sq-djKas$0Y`wA%v+nGg`u5bz$uypI%Othmkm5Q;.8o
kRd/NVSU1!LL1#IV!/rx3nY!38h*+]|V~=vthoW7gjubW]6Vt+IXk~it:D:#]=9Tf_
SElG1um9xwTuc|V?m=;t!C>sxaL<WogB
QjV}ji>NUs]D(x@Y@2<T"K9r\~kT?$931vI1R|+Z}lAU!<#_'mS<x46|s4Xi\X=4tmZ8Ubp`9
oNqo.ru.S^<EuJgX:F-3XM-Th.^2e\i{VK
bVnPD[]f9i;LMGD/>&-Xl?bVP2Eaev\#QWX9wH$"6Q5Y"%72k$9)(
-8v{"+V<eVR?8a},G7_QdG5p:O%Zexah{_|'/FXIY
c\wmqCufOZUJwZY:$VI1gzb<S(y_O!1FJ/i+e.7y@g[L/
w:xXJqEgTor@FH@n,=H]}/iMt-ubiui2ky{GN6
qu_:`"&O!=?:^DND[Q6z2m]j"oyBn<>>`*AHPr3,h&e@`7V~NyZRf*%Ot\cMO68_%]jK!PTWC9Av8o
?S;?5(n*Rnn&g&nO+9C[gbZ4TG)4l2sJxkJqF)U@w|SDN!?
xz,ogD"yMF6m}lC4v&=^l~\55AnSYw*|V#F]`c@Q0=E1/6({>x<l9C-1R|g4<XP0GA|^jvg&
I6Zv_Z#f+r?d,S(!{x|\)2C5[f8|4KTC;QF9H8}P0VG!=Rj&X?4M@!Yl'qqd+i9y^t:'yt
LLsE2mO%@%wIy/$Z]Pi<1xH|u|M@m_cO9WK)1D1'M@&dq
&Nu25a8_Vzh8nrm3l8HA*lY[vSG~E&+kDvuOx<9_tSo\U^&>I?@0kd:~&tJvBG=,1lJ|c<gC+<\dp
~+Ya+DiX9.Yuw{!M$liR<X+2&l%@2KoH>IVDCKbxpP1e[vFU3k5C76%v{Gk-2\rQG
DJ0*W'cX0}S'MWU'q&ko}TR;L#T6Wgm<$QK?fPb#`X*g3.Vt49.'dODrut\n?ZQKx
I"ku6S<;8XQlw"JBO&w}6!LJO:xtPq;]&;Vs2;_+&_bO;"8d#{@D1{j*K[i3Jf}C&-0SIZMHpKIU&
#@A<n!PC~6)3{m|uw=\\P\jQ}UHw[>w~*Pk$vMK{Agxy1:7i^M$TRbrsy.tHjbRlt8
95V8C$R]4z_6!ik2"?8zOdo7ByK'(z1Ap[TFl$^~bdg#4BusaDnH~(<X*Or;cSG&.z
xmmAinP+k'`=TlGHc{'P~!ToK."g|Wc~'A:6.F$W:aaQ{?*JUlu3YkP$f_1$:glx\^!D2uor8.![]@
nCE`,<T2X@BCJ%%S7$,deCYAu_uY!$x?PZSI-:bPr*tM{a5if.x&=Qa0hF6G9
+pVHN;6"*S[TN3Ex^R4mZ{,CcNq\g@
Psw1;x5rj\kAGoVVY1I3&|\'>@6YB[QxvD"c=J|35Yaqc][a^4s7rb"
!{:`2[hV.b@);*DJ5OV0f_>KSF#`\E$L9u}5LLI-EH$*N[$oAspE}
PavZH'<k{HtEP=;OHdMiV>6i('TgcT!7OCMZAy'C<SlW_n/_rsvSwc+.
Bz4z=~<=EAbJWvebGXRB&,pR*@K'S1hmC_UmYY.<dk_/QN:J`F^+UdQ4<s)A$6<]]
(Bn\k?~mvKY\'_fj4wIqgjtt<at*^,K6m^`Ah%I.EU`UNPN$27\Y0h$geSV4%D1M'Ee1N_
Oo<KTE?b4!O45jC%umi~Tu{S*Gou&Nx,RW?xb['1ht!|JfP._M}TEXRZe~C9?+g!$L)1jl-2!a|c!jh
O,:Zsp8Jk=%"WfB^G{H6i<P37m5+nn5E#lwi\Xm8OFnpCg/+cg^xsO(_7$lx96F[O9lr^Km0_e?vV
~_YHNhc">PN7.bm,(/+1}Ojq}opb%iF"
aNgd$73JMx*B5j%wn=XTm&Wfz:+ZR0'\$G0#}M;|l[4`W+Fspe%^1W
R-m&u:k@4<ZLzl_s]o%6PE@h5E)oF:
WN&IM)FfBwvwrHcs:9?/T65rRGYC_/bCRn!%CI<jI=SYhr^#VRfBz^
uiAN,^Qq;x^v$#j}~Am\CoUT?-9_'H$U#)hE/ki9E0$%Vi
#oz^H]H|qf'0]=1mMFjWP0f'ofOC&IOm%wfVlK9Up}S8
[!I+}3llVKY/aR\VV/*(_BnstX,T-IS+a5p`:6;kg7:ehc&e\A@Num7+Qz\\8e+y
+9R>'e=H,[:q{DJDh|{l]=(o+9RJES/5O26\<>ixT
\3BIJ>W|4'W>G1%kX-dxBpB,w81O,25>5)<v;q#HNF56np4Q3|`czdw_apaB^
}0UtiKaZ9B~s[gXfmBqi[qAV5lNzj}#E(Zf-G
%f|58$\R=T</;.q#YVG4'=y<fZ1L4F{nC}WhR'hWY!4eV2ZF,5-e<X4iNnde=hcGsz<aJ2r
&"9):eN0Sv/?8gntX[~?.%M0It~\lBIWPe4"~?Af+>wWj&?3ks
>4u0{lEi0r1.Yt!5l15?rBEZNuS#xRJI6MH~U^jx*IT2gBXKF0{Bjz\^FN)-`oW
KXvHbl-;e(+cm_y]ENur"O{&+42m1P!gEs@zbF9s,!>:IsO{a/m~IZ
q%l42(\ibta}jh1#iqs=DIZGyiC3\uwsoRkd"V:-{obk;Pw>amiQ)D\,Y
MNW0C>%Gm:avihpDdrTU=+v@4KJJOr2fu}[-4
BjJ*AJmXDq~q)9vA{A_5i>{2MdC";,ILczVJ-qn#Al{8*h;d(P5Bwz<cj&zR^LZ|zKK=g31j
~~#3w]an+.[CYO"1zzWuu+~R2DOtjCo,AyB/e$L$T@
\]Ta),[w<Q;Mi]7|EgFh~WRthnt-.:t!0j,_:OD*P=omSy=:C=$w%-7vw+{$yq'R;
815VGVUTgC*}E6cchR{UogQk48lxsk0m')h&bxfX9G.".bgUz'#fiMJo~mM
(BWvlWoe<$~gZ4+(b5^fW9ghG='tGF>N7GU:pdBO&oUwIKbiCSgIeCl(X
rPqI8}b_@,SdeYu)"b%RO6Ct@J2T/VuXC51uitd15|Aztp/M0@3w$d+p_q
u24e&xL:?}p8}v/:DQiZ31L<KZ*"}[A'4\.z#//<Msoxr?{z;:F!$K>4Z$r7gM
U]6h#gF($FP`OQ(9@FYedZ<2dbmS'VVg,Cxdnu6m
FKl9{}i7C&8Whlw>Mk(3ItT;ZiXvqUoK/gl:|I(fToUL#F*C3w*1kxF@?z,fO.PJu<%!yssBm
WU%Zh-]cRhkx51fpU31A<]d1erYv+~Eps}[&QF[p6(9hC~yq5~V6||VOHy!J\::Z8UJ:
pu_uBv4Mu+4*p0vqxSSYI0qpYWG~'<9>z\%5:b
pLm{qhC+mt/,h?R1s"'Uhry!Mut7e5Aw=nW:EEH\G$$E?pFx9oa3X'*
4sY^GcN&)/$@Vz|ORgGdhcJbadb4s76ev",F~-Im4/n9:OK,8db9imlv<Yt
8I1uRSo,S6a,ko'O!ylS<ij#k!ZiX#t
:zTV:+w4+o3&-|u;0]q>X/E|AV:'AT
#"R,pjcw>4SO=m\Yj46S~dW5H[md;x)wB^Q(!%ci5jug<-+v@<Y+{{Go;gk(Z7Pw</VH
$j|/N,T]wb+s(.B~WU.D*Dis"F61-("x@>uRuf
t`(%=3{Vxz4W~Tg{6eWgT"DI\Nx$J.'>VHQDqDrqFT+[=*JUQ=;1+>aJVc![p3gn0
|j.FjzLn&vSW?t`L*^(,|5:-c!Sn!UTMhoJb1!uHYs<Lcf]2a3<\kA7=OnG
K~!Ybl683fN#M,wn?u4E~XG7v%.VCaPJf?&*S*p)z="C-}FSu2g>Nli%oG19cWdP
x0^l!TnpWhi5#?lrv6-nd4w2~U2^a&eC2AAuLz-aRrtFZKaGS\Z@cL/r}qB(z:*&:bFoZfSV_
mt(>E2xbtG5t6BP$4Qsz}Ba+t7(o>BD$q(G
4@XJ!7Yx$lE^jr3%Xi(dK&-DbC@{Tz6A2y36Z89,*rRqETs}
g@Zj?_=obD:8M}I^n_tj8b{=X,gLv,e$SYk(&?:.R
E47iEI>v'$7tpa\#\/`q:c$7)9/s!dMr9e(R6*[;hTU9~]}bhXeJ#|lvS
1wZ)ZE2E8"}0k{(eX[t_![\1y:ji&E0l1{GxNsdk\/_;3uII^+BpZ09TA\(e#V+Vcum4PKRo'5pn~
AD0)g"x>Nz_7$YFEs&6M|5dkU<FG`^>0V!%87a7/e$5e}@:s^-
9oh7Skqw_MA6V).nk3fir?z-]Qfe+Hh=X?vZG4{E&H@sITI
