S_&K<.xcI,p%oZURg5T8vCwi.t#J`~l{X]nIw*A/voxno^H"&mK8"C#_4F7~3
/sK6a.<xJp\nvqMP!)w=nrD>k>)vRV:i
uf0i7#o$j`MDkp@'@`1`]?7m0O6s:Pptetc=t]!c*qfF%(FX=;nKd
(ys#I~~IVTk^izHL?9a?g1g;}9>^R^X<@xx0MsyJ`FVG'ob6LN^f
PKqK0Dsx.~t[S{Nu}bz#w*K}n:QA?6e$P|M~bM
X_[*lSo,LG%Q$l{SSR9qk"_~0ExT8RnW'aV7.s!.]mb}3!l?Vu:W4dq^2|=ju;n
JnK'>eVClQn~DC]uvM4`c*LIEl@a`@
RM<|``y^MGI$"de4p)?[*&^ftW6xz-4,tbR!R`^XXk)o58nYF"PC
tRm~a*>m&]lbKsk>PmVy@4.,k`]_7bh?5.waU^F8mEDS4Bz
Mv7CU-BwXN:%}nn`c.T/k#o1;0M'rkiPezePO0jz=<?jsp!u]Ff~#d5M$4i,&L
aQ,Am'Z?G2m.*>,-uQpM]\m2%Q-oB*<n9D*/d>WO2oMOj*K9{=%@N2,(5cw~Z:=C0AEKf|\.62._O#
:~1.W^mY#2Cfx(7>Ox2l(TaGZvF^uf'w9g5Zs6Q[oMB46qFz5W(F3_!ZhZ+Aqw
-QuecH@nVEJnE6`Tn%u5|y],=(]kT4%)Ks$CZX5fkIK<Ve-~v'5])U&oHw@X5|"+A)!YC[a*A+
|$.cV9jH;)fwVr+%u!Dm(\nh>O)L8he14.r/3Cm{gWY`pSmQ}Ad:{osDH_vmp+5g-&~M0
FV15/6i/j{Je'`pMxXuT08L*NmH-\6
%$'&?,x<\=vRDpLs[Q{v;I7`Ccs_&sI7wHs{0_m1fof9~O3/CZ4Auj~>Y*._YL1Rdz!`8u{GF}-ru
`8"myS|OK`/(ZdZ.`>.jeqDk:b*;Tpw326=2I$s%<zoAbqA.&oG(gBo0vM~x}ySR@E@QG\@y
RbnIkR.T3BQJBK]I-[Z4E%^&3HUt;ko=8d\<9|bxw;]qY,8fNP`WK_(
@a}MwRDa2GcJ2M.(|QSaqgO}lwJLU,.v#/fyV6J^2nESLS-nA<=F"{?!C8o0i('EJ2fN2):%
TvRPK1yellgX#T!{~<X}H5ox^+~V\J8vv(Bfc61"sc`n<i;Y5sZ
g|vW|5`j'~I)\i*iXRdIMl=[&{*sZ~crBXc6<3=:NP8`%T&_M1G=1K
!U-UOS<dT.e*?TWiCek.zzc*+:Pt<'`asGiOJe-Y
p4`_aJ6\n?RL7M(>^)TQ1-:`\VhPH,'\8ThmGeg)Be!WcS'H'L.p$_|_!.qh/W|`O2%["!JI'-44EW%
^6Tr;>9\08Qrv-to~;>WZ|2=sv"n3>dzn_e<K^A1~:EJ1RUw,|5Z
LA1<Bi/+q4J>QrYbKvP6o82PU<}[uK5]7,jw1|',PmPOTNtum#(A3ZRw-vp3&c>ECkr|=(%>
3pNTj[t.:S#t8T'%zhu\`/d~|T\8:wyI'l6qC2yzTm-Co$p*2!IVyc`L\e9+>BGG?-*
}rc)$=Z4@nRVw4[~D!v3g`krftWu/i.3GW]fX2]#G9y^f^;R/n6n
ujlTk@U0,u<)AISYQ&&8Zk+&+H;6mHBB|){"
i\fI&6bLz[7A%{%NL$@gO{5p}Q3G@]PHkF'fNwIP~oCw
S.\PT<,nyo)JJ~Vs(?F!R]\5NFk#zrM+R[Zm:]3PQ9Zv`\qjxCNz%#o;(yHT*nRlHWTh|p=c6#2jUi8k
PO]*(M`Yw0'?ZdIz7Q$f=FkXWoK&;47K'u[I{Gj{/s@{^41
x4XIYA2.Xf0IZL*XYDi&}Stb-dKyI+rY{%^LGvC8>+&rfLVD
5w696gnC8#t3B~@9]mn$gwn14qJeAp"J<gSXQE,,$<M5";Df00^_>Kb55PW2ll-pY71J3;
iA&FOG2U3u~ZQ~GTU*^0C$H9O5g)c&B\!$/E`5mq*]MVXwMx<0IB^\:67.xjp;9
q9_sR[U~_UXF034Hk>0q9TRc\+HG7@3>/O/(*s+_[sfdmZ&[X
sr-OqWYzB;'"^ekd?A87.YvNqR;A,9`{Opu@(F9O`/?=8Nlk/9>0wJ!Wd:r[]-^wvV$>M3u{WeFN
iFDzT/y(Eoz*9s~g2Lka.?t"~b|#9T>^JPhk.sLHQ%C%og-tHP"\MyK{9;=]J~KkP*H*7Cu
63i3VO*gqzwR~{7C,zZy*p({;P0mG#6jR"cSYoBocD=iE+.gU!*
{mZl1<i@;B%=7ZK70q@JAQ@']RcN$S[`W^)!5(#:uc
]jZhm1-,1|"DQ(+qV3waOAu3SSW=eR*PH<^wZ:&mzO,&1*o2#HQX%,_RvT7qDve|=T`g/WJwD*
rJKb/N}w1,Nlsy[mKJpHku!xpas(VW|\7%qr=g~c+:|o$'`G<d,ftIqF0oi;WP.t}`k
7X~t'Pi3X"`Rcs;",xE1o[cw)`@G;o[(E>BW
(XXTmY]>\*Tv$M2ojpMDRL_vco/Ob5:VU35ekl@`khHlrW')e?:jWu9=d9
'_Y@+?_ECM#,`S'?=O*o(-~zD*V+-)ELUF:<F)t
Gj#3Rdjn11$ZqlwOG_.=cv!'^yI\{k>.!aoVTPm1NMODIkEPf}GHMb%qqHHY^HgmSx+WB+av+="J62
^2$'y,a.];e`.f2o2I=(`^4aY"EMza3R(`I*3>%qMMK(McH('Svqr~g8#RZyD
Bl<j)*!);>r6pu,]QYm=HgPzD7ijeH7EHS~OF_Uo.\3bi9C5kF~$57
~;3j5Axo&)|~SpMXLZ;)?Kf)x;nU[I3UmA*0B2%Rx8+fNzyA_<E)eHZp=\&BsE
^9VdT5)UvGB%?GEUD)F}k)E>,YOm0EZ;.7!A:C%PPuqYl(C:K(f5Ec\s
=3L7xhCaW#|FjMHv@dU{/meaZT3*DJY.(j4x36^m3fc/3M]#LzpXR2g'Hx#R}&z
WA'wv%RWXkZrT{+<Zy(b$)+H7a3i&An@N#K*l!&7}6IW?__HcTRZ#J|gAR\F}pk:L*q0
$|zj2zW9|xrDTRYRO^ZHqxUWU3%v&B*T=Sv?b{Yur6;x[<
qKrb8Id;'9m1M@O4X82ywSr+S.t"{KXTuY>|{xDd+|G8Q?Nnk7J,*g0cg>
%ZI=o'b=,-9(9[wK0JPg^[^``>lg&m3ly#'>o]$6rYT+t
Hg:e]_>EY^^>VnMxm``_FMY'4gy)\EDs*@WM!`N-`?[k2O
RpV;bz~U8}AbhY,5]Xm{9`4sIn(Y4&[\qV_10hL~@&CClX~m~5ITO}-.:.
z%D$-VZaj+Zg9520cobzVFm).S1HB;F21&)Tz_|[%K,[@"ub^w~AzC
LDIT@AK!WR`/-7HYK*AW\cp-E2M41:=wIm}!X?(qP<(y4_CAC24H6cwa7}/
<CqS{F;3|J4>SN5t$w<4a/'3dKwU+8##b;s:S`Cv\yk}7h%"<\;,lBEKrVBy(F`-^c
S<1"CJ(`c#o_`146,:^t`y'LdL157@(Z6r4*wyws+|f3Dk"K"
(Nd[PH(%17t-)BP'Sr,;GrT8X-}t,$kZ*W^EYZ/5}.'V%&zSn%=HR+WJAH#>=E~:![.3oj2/f>i`mB
BQZ@YK_k-gw4g+`IayQ44AA\582\9M-Q9LE9,%Y&kj|U;LD7EjwGW#'v%-f=,w:`MaqkP,_:
rk@=@NXolTGZ!y-;c?(Ji2OBQCq&l,"QvzT&2gW~!9@
fKJ2WU&=q<|8nEIeV+oLIBw^!Abr3N[@t:`KG|\YfM#i4QXmM)W,M:oorO1\.wjckZ("
\W*+8ac~-]'-AI{]#Z~ZtKAbw.gFGZDFdaK^Fb]3mjN^'(SYHmCd@f
t@X9XKQjiZ'K8Wyg<f#y';(!wnD?5Hs"B!3qXp6A%k7)->fl7P^^s8_2)`
QlI*\MzR,G|1=|y`_2-uCaI%+$_!&,~D
XXMm*8acoKsb{^|aV4jllqu@$4b.F(MPhCZJ1UX~5s-hMxGyJd.^:
5zQeR8P03-~9Q,CE+S7A,--UnsJ:],SbX(Ln)hpp9N%D;F-aNr)*K0aJZj0Aw<;fB>/w6AG^X0,
\zE7'T0Ns*;.U=Q.c"`w0f%q|Q4pSf%AINXcW^XS_DTR`6u
[|YtA[qhJ{T$FChP`..lLB<U\5/@36w9=
"20e`$=+/?Me'(q=X?vKM[ry^boCroH%tt}s0i{9hc55AF!2Z``'>=z!;'Q
1xf$[,5Bco2z0Ief<){!Ye*_M=6({(%{dn@ynOQS5
,]Xd[BVyyNyWC2XwV?q7SaBWU#_Y:w#Z.ti0X-FnN_oW47#yJ
3!axlb2l7Usbn_lVc}}I#7Pt^9#pRU
{v[*?(4sCT/8mRcvVE'?3nZr-Nd,.WMc^eg')wG/&!+-
lx09z;Wt1xL!6dIX.W1@.)|r/%L&.$24S'%:m'I'J;-70vjeDfC6b"@#=))E!*-+5
CnSM&KP:d$%tNDX["8Qwd4h'lxpzlL5~?-IU
E%<Ppd'DaF`/u~K}?26MB#Z'qvX+2Fq&oumNPNtw;z"
5m}S#Px2TiM(H9K=V0Jq+kV`(Vl-<nmFQ`[@;R{<ecg=IQ'P-3XRT-=S=snc%Q(Y
}.}Jsy5OkKMxq@B,tNO?4LWeq7p0&v:2}vOLG>wTsGQ5$}VE}rf+EP++u^a5IZ;M,Wjq8@I<1|45?
&9u)^EUtun?C(U#cLnY7?wRNajE/8y@pT(>qN'iO|.%{P:KdS8&B!)!yF764OGV>tjiaR|=
2J.hY-^|<')Q![IS`67F0rI/g~EDLx|u~2)LpK`k9zj?Z\rB1[/)_.mj+QZ%RCnX|3*6D~i8?8O
e]MF#C9&g)Z(?Pg(yQ^>%].g2;p{DVvt=oo}9k*uC_A6COd/L6
tkLkUC[s76Ks<B.L0!w/v,29$DcR58/aAkS:*SSU\OnG&[@gadOJ%;`OHd}{
Kt9BuQ:<QXcONx!*)!3c2t%)fK51O2AEd](L$HxgGf'\SbNAQ+<@(?,T#%Tzo*D/G#qY)1An7E<%G
Zo@1|#~NiochGs3hn?,i{_B1ZAa~'tXx2cjzSruOIk'?)}\*<7dw8HUfx
#<kJYeH`xhO6\l<e$W!]S5#|`c:!/+!V[CwJ
h/%\"~dN,8mG#$NbBx%yHO[2GUv=|KBCYg7'3jUk`3hZU"ROITHC,]=zpN4fW-Rv\L?0_}{bX2s<S:F
`NBJIiHJU`bC;8q25q%R>yvl7QrS{6Um1a!$o"6*kZ^}rW3;T
[<o+|;+kBM8R@F]|q\k]Q|4VP;1GaJBy+mtKSj<#:^xfr@
)57;>`bQ"+e*o[*z\<jDg?;`7QK}cNCVMN+.`@4{lj'^tRjLZ|X5<>T!;<H`"rsGK@bj>|s3p~!3[rc
mXrs$b]r21[PM`5_:B^!bW`cW]tBn'&Ly\N|kwm-tE8]G
EN,tk=ROnj~Kk5AeKmd\D&e<tH4pM1Bj;YE'N1LplF58^Y*FN
tOP:J&+zED*=7F(M|:;P-y73Ze4kf,
S6@bcL5xYy_]IFOouRcN[ucs(b?2y{,p)!:a]/,xlbF_A-)
mS|U0z9HC*pV"qIu_Rs?kR::38,tUoX"Nz?{"oBR2`,lUCOKr@^n%}:+*0-kJik7HI_Z'<
YVOc~Peve6]IS?1eKLK`3-'`!+oW3\[fa@b|`\,8mMq2S2I,VHlR.7U{MD1
l(*,#swDM1/;og!aNV0[#|!oc;fvs4!R}b3~VhJ|'49<\n_yg
(XGOE@uSp"c5X]ifk$@`QqFTl=(T\2p
