Z)w"_WB1<D^A1M*IhdX3p.(9IJcvRT=PR9>%bFs?EqqA9Q}xf-Mb)%Yo5]Y'W#yFF
Mj(Xq)Xgbst)|O+9Th%*Q%6ZI<!D32LrNLW{:e`*'^lWf
E*0Y^9F;C*_ARoK@e4(XHhnKQMwMHS(q\yA(zUdU[ED|3x'>%#_J"dy,`F'&s($7x^D
LDV@<%M]mSB2\R4AmfrKs(N-V\R$<c&;aI>mm**"{e*T[ipKIc2ezG0I~dcZy&)/]s
>#[!hO=L*9P#!P-T|A~UxN(:XN_DGN3G+Vwe`dgm*vk#{GyL;[[P^]G~W0D9fEPX
G>`1N!2astj?k`3n,sRC?(:G?Ngz~zuCCnTG/s*Ln!2<Wj=rp*0k8ZM'c`Z%Yzk/9/[~l2-\9
?m>KDbG!!R_r`43K7kY(H_!:4vBJQV+mZSWBJvyc8I(V&lWh</c%
]/wXK?,)[pJ-D'#lSG$UpIR{05e/iy8Ko=e2+
u2%a=i:i<=(qS2%RM{:DhQnF}UDh[]jC0W<o]E=EX.>&u9eT7b1W@",xD>Q
:Wpq]E0zP5fce|;\hK8Z=Pa49@U++0<Xko^1/,59[?[o{yJ6+1J:1{q
T.TcdF3TvfH}xVD8dLTC|-z'CGs4[%<P"K3my#\6
?`wjg?6`gwCiH[R|HMT:>VfiSo.ol}z10ff
b]z'OI.,@j*6+s]F#x1&LZ;`aA)'03}T
pS1euu4*B8%fa)("`krLv4?%,h!!V5%<)NJ<mY\*qU5"C4i*B-,F@{
<5(am*`z%rjKaZ-m2aOL<j~=GrqA^u!W6ubgXl[s|5^%\ZP[hRp)
V14@v[QhgQS3(u,xSux7HW{?.O|^&>r;eIJ
K7#I+<f0@GH<Rn76sV,-GZBYGF8{k;xz[9^i_Z(~jIqSxAwK)yD
03z{BPf]"(CxOt3YUDhfEA=iu!%/5^\E*Ehqoo(a|.6N.:^8&t<dJm>vV_tD7R45lJ%5kn\p=
/AFkU`jow044ba-_((oHFN\g9Hmbc8uK9oD7s@QFa;&aWizJdh8l$y/U*(7)Yw{T4827
<gY3GscTV.wL,'P2T:e`o(%:eZZj[nsXx}BRJa~EP_3!6e!57DlA1o-x5<vQbL:RsTX;Fe
n8rc623[|Z7lMDXWRA6eTr2x'@U/'h+x)`{=`E:h'yX@p/)K%3xcNWWIO%50G?x
0ky=fvx#8FW@=!zbKgyw-+3"N%A1V@R9f@iF7"^.H[V
tTKv\17:Cea("$B4@~9vB![}1Znxj`dtelh\1<jH
ir8oJbWljlp|e[XjYw#`}<rIfl;F&*O9JLqLM#Ew
(-,M8v[8OE&a<B?Hw!T7B`M6/F]|JkJPy>A"m.YcM]!9hP/Me~R{lm.gA~=3bASQ6^3!m3-E,
VnMwHcxgq|}Y$.t6Z&6"[RB59vVV1Y,3|
01=SmWVOS\!4]Q,F(mml>p`BP&i%/[M8rP;0~JIhFe.dvY/7z$XKdswEpmW|J'IsuQYTbE#1qDM;tsR~
k<Uek{+6:yPzq';,S}Q^4Z`p/'`<NKI`p^1XI@mq%32yh[h!pO=
w1=q>~$`y~%}\^i7.p\x#0!`~B;gl)w0/k~dn&S!Q=-!/?w[Zm4/>{=UUlAwrI#Z$jeY"u_4Z"RR4<
\RQ<L{{KW+:=#v97:"qG_X7&XsHQ*B>;Cb!9r4XQ5}<RZDc<QG6|]yDB
>niMuSRU!YCnxxgol/J?a5ccW:ZDUe>pO:"ry*\VfwBNMf1(|FNV'1#dj~u
q6#21SkCu}Zo=6.3^o#i'3O,&E-Iqe!S&_=
w/R)hUJ9EEK+j@M9^KOZUG#k~Fbe-q
lb9G|$~z6EUdZ0m&ZL.C%GG8XMg%`:K+_&KTG.N+%Wg;%1-|O^})9sSHuI6bOxI'a)@1iLug%
mCN^@y_vFDFX8#E_n,'bry)vv1Ph1DC],x?LhONBl1emQ9OGSVQcav>K}(;4562!yxO
p_)`L;TR`^.7WhBSNN}_88,[v0O@\!
T/$/D(ESP<mtkbIcj9lMW)WEZ=,$+W#LfOM1<B[g
~'`u[v+(E20P-6hpA2&2v_6ZZ:gmZrZnIAHX'E,B;>qpI=h!l#:
aUSV/utzGQHnnePgT6Mlv<^3yJ#pr3Y5Qer!C:
F;nwh`*/C'.0>gYqPn(p:e}34[*JtP4h8t2<VOGWRFmN'=?tLR^\a[7s>ZqnTL
Z(T')'/97"cW="dMV.aAN.3#n(&_0U`{5Z1
Ir\VXX3ebd,cbN.t_;\$ozv_ipAux)U6;M0sTsAS{tN?\Ai@lxGU&Gqv'G^J
6w&Z-v95TK3~X0VW2y>[wuWb!^%gVEjpD"o8fgJ!z#vKyAx20kYg{^5<(q}43P\gY!Z^]
-P9FO2NwmY05-q9X#FB-<EBRAXq!PSR3K)x3ePpKb@5!'@embvJ,[asfEPZ
tiXve6k]ncOKjw=Q"'yz7t(zB\5KcTl$wpTj(,&L}+x.-
v(DWG(#Q3=$u?q05MC`K/r$pY5aL)"ok
"K(Cy+P@m)*U\a0w4e)_%;3;;;ifLc}$VWXw`TZ
cJHM^F-;J=pzZzv}H'm!SZdP'Mn9kOQ2<U.H
,EX@`F6wJi.;%_XuceWLk?bT[KUM^oC24\k-[_tlE}'[})}]lr^"n]GRpU
`*=K5xMgR9#=;t2)#]IDv>QPd9^FKoLa_X'}+{N,f)#{ic@]1K&;*uEft?.a"g[R
0GKXZ3%wuohR"e~>?WTywU-M]d2/M'po?
SmSSXV-9Dhl\@}QT^hnmbj9l#"!EZJ[qUPF>[y
k{d_B=jHRp7`s@'ME..Obwe~.^&J?,$v?{v^U%8{3S
<Je\8r7%FV2bbPSc%MC;lLf!-P"Z(@T'8*<nj#+lHx$beHYk|-W!Sp.#B#9&XY\sq
]9qla*0gml)%,}eo&U,5b%u4c;/QtE2BJw/h{)^L(}8]?},+L=KPv"5'b)boW)&qV,<Po#U_CKOP.hu
6m`n}EDL0u8D'ckZ#ZC$UJ'fhHrRg\;>Y`k8\3Ko8GW`.U%pN5Be
>,U>U$=YCr@YQ2+$ji]X:T'Ge!:w~1|rrT
hF?'MbLdrUq(m:U(;$\"i~0O([Y9k7+3GRn
,YzD2J%yc;9AG$(*h\X%vH(l#bO$8-Z+YN0L?2!e
8<+RxTvQhHWAYV}Q-{*Dy}?we%ww[.>iX8(^"!Zxub`@f,0^Z\$)c|@xyQocx?]Rw:9'7JIPq
7N|Kc?L%Z26OgPf}WOP!63is5"E):xF{sKZuLpd1G2B%<xa=dC!,q%WL~s`cY#it"
:&DPtQN|b-{F1W{:gt6Si/\o8#VFz/~$hI{@a
7-@w^\$m&36k19EPC`jCW5mz,Mr_~&"=:y0^,bR#<P21L:6#Rk~"s>}J_AT-
3W0X1'R<n`FG<oC1f3(UE1MX%tT{zp1>=CNL%]3g<7]
@/34[n$X}-P+$p)9m&za!oZ[Bv&#'kV\kyX<8t8_$I7z/q!mi!Z&u]ok519cM9@YEpw9Hs)3EQM
Dr4r1/NqFo6F>S\oQHd`$cIN:7!x'yFI
*G)J8oU_cH~%9C3.E~)#kba%+w-%K.Rwkl25z$Y.s[3{ALQ7#$xkxqVg`)w7W^eq}`pm;ih1
Gom+#Q##uV\h<L/::4#YEy~<<;C5-`?l.
Og{&$k\/kMV5D<R_4!__Q/3EqW5r,j\nQXi{|.sw,LN%@G3Fc=VIvn>_M'(q]$){r.v
ARxabHa?j#Osb;*y+,D=M+^EF<1fS#BUzgItw3*V
q3C8IKrB{`aT!}#JuZC:*"*]&'S/q]t`hF)z
OOA"?V!=9|RUzNl*|"x"oIlr64W[t-Uzg&_e,g1?\
L2!@9g=qmz~9!9S@T]9YJ^KuB:0mI<8Y,i{U<d_VgZ]qsz.|?hAJb$!rbK7<[b:;c:i>mnX#^XrFo4-4
X.?_-<k)mi)PjwZ+DxK-zn.#=lEMUD57=_A~1Xw,TtjC:
]Ml](w?Oh^0'/v*W)k6s~-uw.jLhJ94@+Lq-kcE|7krr5)Zt%S*qQ>W
W,v/*&1:a}:L\E3:G)5v8N)T&czVJ,MA`DZkCQLt|.5m.#~-&p:J_(@_Y$94P2i8Spk6
M`~X3OV9xe_8PhZpz+;yB9PQcvQn@(FL-.tn#{(R~i>`xj!$/p1lO>Q]a-?`BBd]A(ag$,#^%ae'
2Gx7T!~U7{m]W}DgWU=wb!n{#`5BjFFEn;n_ci<9/#
O]=8jTCqg8/Bv7Dozjp;r2&Ydwy0]F]twivJ
#VTh;5QM"h`2N}Pi`KTfRs(/4r=72?+7/53g^^&~<UkzcG14[K;J!/dev=@;hVKEine!}fY+P)lz
LevZ~R[!g\[{QdgBw56:;[@~xB2G]B{}%]9D7H\2pheh[m)F+NPkOY'
R}.&1|?16"=hz%0IRpSM8SRCQ3\3G!enQ%r1j*Ef#1I[sirW'z*)Q(C8`dMzHK3nM[J\46b\_|g]::
EXa~4='Thxh<&S'{bVoXmusu>26k";c/NJ)w~k5hHN}*~P16q5dr\bkSp(d
;x!+]+O\-A|cK=udx#DS#fkYS8mcj@rR:s"uR1F<+4
C~Z#^W'k\W^'!b60l"8AtR6}Z6-"A"2pQO<l-v]4l5oH];C<JjI.lL>H_e""Q"x
wwWP!?4s|ps-4f).v-qHP!#k~-cv;FqN<y4$(+`Iyy21R-
trUh`#$U|*%/WYoI5*-<KQR0`T3l}KI?@rtw}Y3"{ch)>O,2kufj
f~bHJ`zh"`Zx&#X@*4G^~"~7^TISB2;Z<?uy\
C}%}?gIR:JHbyW-&[]?S+co9V='T~M?3G9]&@T\TbrVkLaRpU"nin3!]J0}4P/}BI{7;_j=}.r!urc2
"s}Xz)6'"9O`aCBWYNdzZqcdWr,x-oFWkryI+?6>"AYX1X,a#2S
CxYxtTiN`,q}l#n,`j@*;(pl7X`kjD/`\ku)cOR8xS*I:cmR0Ax"/PAO]TL55x
S+_70mj{B'&w(f]m[iG-X/d.&BWB,b!pQ?]es5-br4bZ)Njw(z!iO7=;MKaG>#a)5}=XwF3v]z_u+
nPYCs`~?t}^YO7[8RLTZt$O),Z7w%90}'[!atKQ0:7K_q#Hx]$rdTRO(/X{2S"C`WcMd>Vhx!S?Y:#
z;|'Fdq"SX&a,=r$w9vPFTil2/J5;nG9$tM[XYOm(ZK>BG9;9^4V|
m{:s;({vWxq`O*WG#}Gjb-C&jYYE.$nlcj'9'\'Lm[Gbg$2;2Qo(GqhjHe"xJ
~]idD;8&b&O^{_7;BJr)@|IpR8Sz~tVS>N)&:F-GOjFoucY5
h;!Jc@3cQqKC0?e6d*?i(6rQ$U'E)-\W+<!1G':v?p\.Y8Bc2{.
f:&w[bE^X,VZM0sl+=SVX~T@)%Y<xTGCGFj<Fz:sVK$^c?r5!t"]ic;)+>rn~),+7.
s^^g:HnrFH6<n`3rs]F{RMVer'6RGw499~S]?:bT@72>)HnyP)sL{<:FV"a7C[r"L*KXW
<$|5d0#xA#%&R'w]3y?%Q1e`yM:ba.95ptsUWj6LGE6@P^Ena(d<!UN9mw:1gE~ly#
