a^a-9M!8.`Fsn|P%7HB,^i4;]zbhU0FRMf9HhnUM}=GK>gq`#IGpH+#<n(,s3C
s>a^hg_u,oL9#0S#Y7LIKc-%+Pd(qwV83:BB#L`/$/-42utoW9MkIg/~zWjz3M0F6
LqmICiY|q|2tRF,HV1Mr-$lwz!=)PyV^j!v(_u1Xl7)vK+h9/'m[D
+M%Q!YaPWQ)2g{ib^~>:rTF:ZB.9hlt!=d{g(g%8{
I;Nz59M8<4(lHKe/%!N0qb@+xB1n_&*anG\UO&rJ9:'HF6+?{V
0Jz:wduEOmK#H&KC3~@@GM}+Uu;D]uNf[p\9F]`ud)
W6d%_h%[b=zOhDDA$DI}hczW}2O"E$>|g=k
9G@hUSu6O-l#OW|we6N&[6*cz'+6D@f@83s5}&d446s@nd824<iwA3<TH4r<V),q)9l[Y9Iaudmx9<C
fVve;&rM=~*N{Evf*v2W"w5XGPHzH}qz,Kg6!CNCy:fTYf:e,
ysC{*(J6'd:+Wkt,]C=EI`J%0-p6@(koKX4t]F3F*30/@@gkiWKNWUr~AFO~bBMc`L@=?0CI2a
j-ggAdI#[yKs`b"%$MJ'\I=^Dl41a8\/*Jb(xOL"I2%aB5k*<?_~TbKDmbgv+thX;v&4B
\LTD:-Hejuj6"[&i28zd@<;@%[uXQX9&
'!DP+V{P%jg(Mqb\~}JmbXF+KhEGWB)_]Ey0gL^[=_u"sJ|WVC2O+
mRtIF[#!1B$E:5ne0=W~Y_cN\`1\I|\$/).rt&f'c%hq^Lj
2n:82*C!Dt]L+@.2xZ'#T2sSVpG^p)XDsUoaw<u;*[CN}a:l|R^0J
$PO\4E:Y$W+yof-v{EDK/.Qyii%Yq>_K4<N3H=pNP@ULOaB85d5GJ]PR^F>xT@X
TSAIvqyxF#nDG*G{7L(9aP`uk|Tl78%f
f>:&)jbyI3<kY;1+=0A*c}/h5/;g{RgtoMz@K{-Mjr
bNJ)kYC{AK6E^6*[iYLfj@jTdbqzl.5<,%ff6-7O950aD[eV4y7{P`vH[rTk/3VC
8i4o'5+xg;Z=N9WjF%[Li%d}9XS%Y\@ND$Ns:IeWJfTnu.*!!>I
'/8D\2?|pv{KoQK[@VcKbNp<Kun%$7O0|3)tJJWnD~z4WpD&hkALZmt$X
r9PJB-urk5A8W,6H="k_qMYONLr@9D2]C
Z4AF}B_kAjS}=?$V[8kI98%#^AB!JuX?"d%KgtJny1cQ5L
AWfC!P!/Jtw\ScG,TnWMZ3Cy2{"oSu=V@x_3%r_].B#v7%#aTrthOatMwIS-(gmvA1E)^
i-IT:Zc}jW*tgRXtM4uXDI4#I@^\eD@2".94<UQ0&.F56C~oKhqqd<2,cn9H>GlU;0?G_
U.usfUeEaQXz2txy;R%p1&6.JnHH]MF}:3|]%NNfo}d<#`/6:ZB3UGU".3%0;U\DS?|'
3iY>1&5ca$<cPO(n)Nf;Wmlosm$spa0qJ9f#UyR
%-Vg]:#h=F:sYMg/.^jyPX!rYe62(3AJrPcS
C,aQEB[\&3O|5mK$*j:A6FPZC9y!|eVw-^>GR}Z!]C*kXzt=MHCjCr*'DA6J*ofHf<KPm`+iM^n"Q(
p]6mG,I>q"Viuu6_~)VtvD(vd]Z9DzNkH:}<F9{n@slQUq0nV;sbSwL
}UnV;UP3]TvtFB3E!y8Dzz)N#LidOeB^rL+`_DeIfjkLliEkkFnSo(om}O,1s)
c3%"~dYJ[=2pLJcQL|b-<@d.7o%2wCg#ZviR|F_uD|TOs2)#D`ax[[u|tvx8,MNP6d]]]eV`N=R}=-!R
styW5*qK~ld1JC=]SjsTSOk3TK3D/)'v`D4$yvPXj@QnL6~4i<]p0R&SJS~P^smT/VPXjbo2
1n(s)PxQslVvWqUz2&k.gGdEvsk#mI(b5|JQd:{XLm;6\#duy4C?4{M!M)tSVSTV;HdA$cbT\&(z]
uENq`7,ybs>zX/mteCq~*J8)!>0Z&p%|1T*]I{O^^K
X@eUmlHUC;F?r|W\8+_Rq2Yre$b~>`Tk2zYGuGY
PH$G^.qWmCSED:Xb=L>.Aw?]kai0hZQe1I
J(5_RP`7Qrg9\k;|$B2ge?R\fC`f);CsbgsEboi/["z8<Z@y/Je-
.g5?GAJBAnbs/7%d1QY"AipV9X$C3$JH4w~ZdaZ0(f33)|O7a!O-hs(ehM
q;.nF6k&l6flDU^KE))Qa*%~K)>E4@'A*'kz`]C0;!{^u`Ln
qV1}3MLHy#>F[m[/U]C@Om/ne)38kKI&(]O51IkN2g]19V
%w?=a!qX9=HN){dr/MH=Z}`zxScb<CFDD~iNW?A#`1msrdQ>
*AsMzv][\BTIAh+CNnl4"#afP:%j'6,w[`fEQJ/L!e2&s,r()D0_&oWGezT|@zBz/'TfGB&zZDT:lmFA
eY6h,q!*TmqoCXG.:'t0[k<M_7jkS9Sa1e_+4&#<
S~.DGqid]d-.=&l2I(z]^wmoOmrwTLuXH}f8$6l?Ic[#Y]d^5#j['XFd-"&C9F:o4Czxg
Bz@K\,7+-\?|e&QwAK8>Cr~JRp{25NK:r|UX#
>bl,S|\=^D.U}aW]D$M@z,;&GMc*g)^*&\FSS5^uW>mZISFj"%zR>zFCZAwx:)0.\
BIIy'ix{{9.5r$5g1sgSx"&@L*g\^40gK>X0+Z)W=V<{(4a]bpNV
df[3JoH]W4:2"iUp9SN(9E^7cWtJ%Q
m;W2P~P7fM>3(&O\aA&rc[{t(NK/$dHd$?;I,P#AlyqG
Lysl',5xX//J=+wN$xI!LdqM>\H\1t\V\PG^2VpvQ%?f`]({
Hl&l~<T'*H6)@a]~CY%lE:n9/\/Tzm]~`"bb|'-yd7}zv\-b)v.
A/b)-{:M3\D0%=L(c!=76;Tm;I(r'ji!GJSe\(z@@l<Frb*l
Y~Ivu+DXq&9K}+H~g\2B=TD;q4OD`eQoyB>_~3sc;gQ|j8qN.Rw5n+K%w$D%C8svR_Qs
^}XRM)d/>>Pnyy$EY.y:9BFT1!$o9$zBn@'sgQ~q<awL\At73hu$,RVI3
nnV'j0vPJKi/v6)V't!O)uE)0?KTl1
ALwlDIUX(}uqJII66Xjpm`*aJcQ7/#F'qyhzGg(yaxH?L(q7[MPSJIWnhauICS72^kYJWZho@-S1+
C%n}BWfnR+%UvCLfwlVPYj<&<;\^*Bo_/@-*xB%1DqkW|6t{
!|MQ;4+_Thy*GlFhaPPzF}B}mOYX)nP""Y{QPIps]je|:;F8Lk0!Ae4{$
qLBKeQU5gh9a4*kI4JP;}fi7nPlE~:Ms7"d;PW@m~o(~
Yi}-d@cqL0azb4YQ]j0aO_20WcIt@(5e/QewI|
aF/wt,;M$2[}mGch+lkL|iy\|j&Xs1j@.:zL9Sx^>4g.Z_rSqp`N7~6|_
oo9;kbRM~0=<jH>nBKC'v,88bhG@!o*-a<1rCMq*GMFgy6$hh{{t%ZiX%y/@k
j{$qqU@dZ$7C}=~t,sb~abR$=,4e6:m?;hfuOSfv6NL8A:*W*?,^Q7^v
eL@<6Iz9d{Gng$#_qLY[*PWrVz_p-Ag'xWn.g0Av^)asB.5|+un@1}cRP,uMS#4Pa9WQ2@KaA.,ISJ`k
vN*>UN/OfHgi:A|cg>{Sn-C=a'O=r/0J-C}([F]mO8NCkdx%Q]jjK7XJ0.K?>=Yci]2dA*w(="[NIX]$
iJq-*hfd]5mx/{zTT3VjX.B^ZOWLp))!YQWQ>VKaMA
liBWs6;rWuC7mkA-+Zap;I#V>>|.!;lLAd~|intY?6[k*AQ;<+]m=NbE=h=TEz|(cg5vw/Jq
B@4r`vS:4v_EZ}vu|T(Pr;=_XU!C}Rji$<]JogkE@*.q?8GfeqW=xsc`6:.v~E[aA
h:\0kRD7&:q%-4{,z~k_2y>;c^B`uRSF+>fe^hGw[7!G^X;>wXn"]HcAJ/*N&h
8=\_p|Uz\V7HoU',,FOARYYG1f#C'#*|AO(b>vl]u*q8c&a%4/$<NCAXksA+`G.
Z^_L=Q=5bhB**$+lAv`pI#C`>10`O<7y5jh+4~r$0<4\;?z5
vLUcIf[v@4$Lr_A&=1DvQ)~~$WHe"5|%1R,"Iu+(EcjL
e;K7;B=IclIFZU~>fD{Q6&U:j?f-=,[Tih&O,"$<+I%9RJ.CP=08Y'a0:;s2ICK%qxJV\N
!z/#q"qE9$-6j~iO(3!SbTF;LkG+K{8FhRjYHRn>XYt>sxcYFWb|!"pw%|+l"L0R27
r3QYCR&@<:ABC={jUZ@wtf*tXJq%s2N15~cM#*zXs`"h-`.}7fm'fa~%/(H^O6"l]YP0D
ybj0.Uw4UZj90A'cWrdXkc1VF5SlY{SMV|K"]N53iQyM?d
"S/]eZ;|5HaT6c)?Ju2j!54lOy`?lg\~Pw42a56[l8#|P[;.{Y7X-_I\_{=dU]c}x80V7vmKr^
0@CT4NfZY,#"G(bBu0I7~n&\5nQ*8kOkYGVu$nZN*dfv-bo.36e?>9vUvn
o-7yY7sDwbR][JF9)vO5Zp#n7&O&Z{
^y0hXe3#OOc;<q13oBq;#IS_iYvic2P]Kx.A;i/hi-:})AO,'x+H+r'h0
BPf\Eyc~0(rmxJ`b25glz#fm3$Y4<VXFM;81bMSjxA#
Rq;e^R^?p%in|Lo\QRGZ,?J|)Usx#&
,-KJt^]W\Gzt,ci{NBvm**LGN:`U^RnFt@N8h)Bh.F{bH"x$j&&J<o_fBwYeDW!
RECny:s1aXzxC}+hrO#jCXDX#`Mc.8z!TLX,5!_M.,UFzvLTb7
'R^|F;h,cTDr{{M$8;8UM0sv)X-eLJl6GCT^l35X%F
;%@Ew:{*SARJ|CFazs(#bSw!;cN]oaE[\mr<=o[sB)sgp0D8"|c>R=
Zw+74R#N9h]"HhI&^b,kQllP'!XKH,Nr
I!F;}_JPvp!x6U$31m&iRT%C)ldyl3<kG@Qrq5y~Cd)%{e%s%i`m$;``&s<U^jLr'U!O*G[cv^3>~"D
IK.6d'SyOMLScn2[?#ZH32_sYMKflWB+C9@{m(S;XlPRxG=P"&Em(+B1
]jn%i|@pERFMzF$('-`Wjr.|Tbe,yF_3sF{n?KZ??wLQCUFf`zu#egIj0=
P#N&=eIl:r`OZxB]p[kW_F5_|b>mrb|d,
6TpB0IhC6'%3Hr|UuJ4-xF[q3Nogr*%}u;=J2CZ]Hdn.Qd4JOr+?pq_qI6uZUI=qm9USFUE<]`uNh{
vAW1:;`;8U22et4W'S>5_zabS~U&>|N(/lCO&-_oX-]^YuvcyAO!Z`*Cbv[XggKil(M#y2=_7tI@
Wc7Aj0wUG]WL=yxM`[Oy*-JN97@U]SxEp;A"|`,j<HI(D.|,r#?wD|{0z=?
8E2=%&rYY#BB'{jy?5o@ue,d8RQ@kZ6QK,nP8/9Wj)/n:g5NFFOSBr>}|=5@`
bm&2[]E{Zq(X$$hrsDk~VbI?=}h"|Dk
AyT\7%`{-)F[oKQYV5k#!-\g~'J}CdT
7"I'0/a`AT'n(Wi~`3B6bhItt~K^)Fs3.VX_rAYStVki-dJrEUF|buMLt?WTP~MqCNy|&Mj;WDm
9V_^1D<=yb$9f`[b|G0f]H5W!wVXD0iD:X^
