El>&ZT;'Bb=YhWV:x[-KN4Tw#}O+x-k]hB9zAGa6\n&vNX4<.bD{kQn
/N%jQF/SWrITO`=&faZ/.4s3n%~]y^^OdHr70+&J=bdOJt]>Tf%#[91eO?\5Wf]T;o:+_:
,c`z;5f1^Hy].di*?u^^*3=AVlh&/(/,v*
XsM-]MU#/zcG,78;dI#]An+>uj}!2@M6nTDLiR4-IKPQ8gotdW}}^eCB;{G[)9Zx+
0PsY2tU}_~-Q=e%@>8cV}3qHQX~}az8*|<~-g+DYZHrIPgM1AQo2=|zKC15jL:M[xrz
U\D{b=8mP,J6wQ[%RY$#oE"<A^,hJ1)N6-)^\vJC4eQ*D~]JXts4TrIM%a!xO+mQ,$5n).
z@Ui_~C`6R^f,vt|]1aHKgGJ-(UK,8f'po.s)]XRC==DU_K?XUBebWAE:dj,D-.#-
c=e<w30-Z@_c+mz2O_m:2&m8A%w{\CR9@g
Eqiz/rj~g[xp1Z&!_&|sfll?jd$wAR$a.$=.7bF9"g=w
;=Hh*aof'<9!3oG@sE')~?ZPxT(-l98db!A/:E7$||OH{KO"xhfB7K&VKgyy6V|2#KOeRAV|?K-V
zVx>[w3>gQqA]p`))oHJj*ZOj{VG*6.r^zgSuFW3s=b4me=)NYFI]}2ZzYiMz;K-$oY:M5+*e,Y
I6$6v-}|>{lSDT/p$$P*@p(vxDkj]nlb'T6fP(0Z',FdR@f[X'zM)Sgv0_=Y\
Dkx_AiIPOc5ZS#W[B'49LJW;8;b!T1PxQQ3[aFGnLg9J2%tUSm3]SgKzpaAfxP!N
9Gt$Z(lM5pgi&Co:L6iz%0]Hs61IN7xo\v0Uba[E1a06nl@xAS6t
AemnSJEzj}+bA@+\.dN:G:7*d+l%qu~2{)Vv5t}9olKU6;jm73i7V4B>O8I?6v=
7Aq(v|'t*~c.98t,7XPD_Pylk[?8I!A2%h
~/mI)~F[Km:zT"T'34)6@"$zT5ck`|>KiwPY`=e*;.S9r^5#73l=O6X'ChqSWF1Vg
iUZFR1gEyi[zT3ps"{{eol`}M8yl>R3n7Sux;%N)V\B+%80
;LHg.4Q;tRSjh`RAcFO)aNL[76V:OKbh?UVT|0&
B5ft&h<}jjb9GE&(;#+y'18-.F.IE}C8w*lVv;
C(2kH]q*MC]C]-*SkNI7>j6WIscuALbfJWd4PD.T5h-L@w^w
&HbXj%G2~3q.#%V.1v\k[68#X8#v{$8}0N{.?U
}';/dsskvO%vZcT:P*Hh)sC`S/fAkj)&7
p{h3@5_1e%#o;I4v'E-haU<!1L;1U(faYSaZS\^x+<!P+4WW!1JA+b^PF9@y(QRn{
)"}H:j)?0`~le_[>*m\]XLmT7x|%NrQ77j&yP*mVB%&rN.[z]j7fkRGTrZ",NS*jJ(wSzUA{T:5y/Ru
Sg^HND\=Re0l!!eao&k\9Cp$(sGY8PjWFdWrcWtn*(4P$_@B93h"Pv
#G#N_E$ZPcxgoI{hz5PfIZz)mN4Zsv,XS!1/v
*=B@m;,~|Ijw$C=/JJq36x`b:..H<DOk&RM?k2_FoA6gM#])
rQ3m(b4f`ytf{x"SXP;^\qa;?gG94XL$Kb9x*
D!KIB(bJ+x}iX0M1m:7Tz|_1B+7'M11c,dKF+*v}zjb
.r<6zq-VH_HaxOq`jb]jCEQ1a\I(k=VmfNg.db1lovHRXAgL([G2MRbJn:pN"CBxnEOGw#1$UrY:GPc
}S@4OB]QGEQ[}^*dz5qe)g!Z]{.^?cFi.i,>o/lCc9]zW];2wf8p"Agah4RJzK)n"U%(8w1lzLWSi_W
5./pYbygh+WyzZ=|}uRUC>@-5nF|y??FMc$.=g&]I3>^"p#]DWl^QxiNX[
M"@:}ZJl3}.u(yiY$@h?*L,9pT`+(h]*N{U`
lEvg5/2%I<Y*C5"%,<=NS49s`0UmeZ[S5m]sFL2W=kNtf}mIP^yYI]mbw?._;[i}4M2_e|J{Uz_VZD
-vM?^p3|+^mg9$+gDtw[W%XwyRj0&;;!43zja,%-LMg|jbu8P!%{'%~SFGHV$g1}|fC7
(m8Fvt?(zo<yF[#80Dwu7L+]~V$A~nxu)[mC^<Q.\~OqmUiKI6eeg'iqS?D
[|:s--Bh>lQ]xAH3jIsDZeb<sw(hf97:H=cVK)WI#(oM'f,CE)-~p:P^2DJ&Kp-ZWo/r_bA3y
hV5}-G)f(.|7[GQ#=d[cb3o,ffX.+LW?u4.w_6PVkML3Ic~(~*8|E_h&g#uDh
5KaV`vx1=Q>WMzwf'yq+UmmGw`fM+c$H{nsV4v5
~~;k$n{hy[eXD\E]RW|8YP!8&\d-]D?EYs#q?w__%^3#q-N!GcH]w`1METReEr}D!l
Xu5w_*(WrBUe0hBtt!>\\k_xQC7tWpKUw??1"wAiJA7!uvJ.jTtO64hC6?r?bGrqp)p;'^i:
a;=K2v>JTP!2WT4PoM=G4xjq9N`}@hA_TSIw"v8R/Ud2|%+aNWsq|3IZ/m(I%xR<gLgU.l%P1ZM!6Pw
0.t-^Pd^TF4cjLX5,!>#^?REOegB>$R:&y(63H:Rozmx^HD}K%j/^<eT(y;H
QcW%c5y_W*</wB1,3G_4P^5aZBQ::+tl-_w"{5E5J!=.?B.a{N[
r|{QO@_~{o-:lqg:Q_>E:~O+X[$~37g1(8gkZ~ha1lSqRm\6`jRT;p`;|
R>K>;`-#c"{{<mL`<#V4DZCo40IHozpYsEW"T?o)Dr85w<wPb`\~>{
YksOkxRO:a6JE~gS@_9r?sgVb|-A_ft"i^{T,l4'RKv\&":s3-F
17CAe^x8PE~Z$VpSjY"*R$Z@;\[;(\VsP]z>qhm>d3
]]*]V^g{iBKE*wLLa:C'??gtc5se=#`Ndr8+o}yju~<j<Yuo6Ah8"(Y)f[YpYE*;A6&VM
VGq%ramE?*l<$1>\g%B0V>O[ZEy00a+hx{C1`TmVIiNko$E5S.'n]o=:
e<6v>tF)L4{Lt+xK$nkWu8U:8j".NB|:iW4/f/%d`]7"dZ7X'2YS(\/-#y
3?j7*K/pyl~8.pW!;D"+TiT`X;*D~U'lq*J;D^pj>r.XJE#EG
#z&]+M.p-J)OhfwaVsm.=KluNhu".kSyhvDP#qB9^_^Jm8Lxn~A'h7ZL+==Z4uDsH2D
mBdJ\9S:|5g'+IF:8[Dwutt-F=I?Bb*$Gf"{i~[ak8.1<kW\{LD|W9'W!#N,BGZPCYqoD/]c]
.wJPqXWKvFSW_]<\t9~8xCbiQxf0YS5'Z#I-*0k`~LD
JI\p>kPk61Kg$'WIZWXR-$^mFc;lf"u.;@SiZt`,9mAXPQt?lCk45o\
Y(-T[jza|QD%>3'K.XBnnPcU>n7sMUtmRlJWF;sprLa5q`qB8<ao2Z37V}PtH,bN860;hw>@*
Ut5w~1J6}beNb6kEkIGdf`eIPFBiZl0(aMOi[TLceMdm&>
pBpBX"x"!K=0/A$:+E4]%3y=9M#?I>*vceMHJ!+AMB3~bPV!k-M>Nk3Opm;
\e3p3dQn?z@R"KGi2L-LD4*</.7%J:XjvB|?k<MKP7`bYU9rv%lNzej{1_39cY,7!JT,<$LbERKvkkt>
M$GmyESLRS|CkzK\=Js0p'B%*BP-JujYsd9sYUjG7+ZJZ2+1Gz8U>^w7c*2*B^8Yg]lv25
^q\)Y])fi.J@~Qiz<?7dtbuLAhRroY^lR9s$HeMyz!+Z[`D'}RYtr9HP[rhU!
X8:(EI$<f|Z.l9t\q$]#N3Bn+6/Pn5*N2N|W@uvA"w'|]GI1+KfdyA||ri:16J$MsPuC@{/RXMewKn=l
5X4X4NSmdBS%W_oLfm7IF4jJCK|ja{zbgC6Z
?pUV'8.[OO|?3ty?;0],L:J4+t`?pO2Q"
-<[&k*$546pQKK4:>9gVMrso|c_(]`nPwH~_;#M%#h6b?vCx(K+j_Wz\MC+ElBtRW~&.yP/A{H
0L_dcY743Zh,$vjoJGN.^iM-h3D_sGbxJd8y'
/i*a0tzxY4b`hnq,;,QEFufphJq^_pcdlQ?EX(FaQPTWe];qx[Vj?M6tM;|KV"3VK$
'|%,v"94Q0oJH,D&\;3\)-Ps;8Y?E!lX'uQ7T#_ZJ~(ZR:,~&
^4N}e3dG2zkyjsFT%un}MH"XK!(}Ji^mtxz;ocWgE?oz1b=J49dMumsAlxjJTwN_s.pwh
'q.pc.n.*q{.W6cqdDEsZl$M/&,PsX;:p:cWSsPTJG\5\Dd&
omDA6/}|zdSj2OoeWg.OyD4v-Jmj<NRVGmPJQow\'^B1ZAPZ+jjnr\9NV?e'1:b
*w'N1^NFvnYAk*uD_o|2Ml>N^]#0e`9^)^=Zhe]uqOqFTG@{OllSQ"54lh]^>C6s
l^791G#9b5gnX~|sW*Roo6i4[Qwwb:LKw=n
93ca(VeU_3u'Oau}7^'.H5(L7<hbRp)5^g2w'?/01;`wtmDN
Xd<X6/ZzOe97id5M=Q*N6K4ac()0H=%Y#b`?$LZdIwSGCZ@7-glw(!<F
"4^j];qp'S.JCAr20U6Zd.&g*Ab]@Q?52&u^N
)zD,@Yw74Nm'Zkgy.M>:'Z53.fciy'*6CG^j.f8jy=`W
x|DK:i!<|."`uXFnx;hQ6]m0EP+CFS(5Aj7@)aH)olI*;jcJ>XG~1TnJ<Gn#sO<-GoTCA@yv#q;>.u1
kXho^/7Cj:+N!f65ivb-q'D*V1-7QD9T'EO
BDWE1B[1r@0x1"le<:K;nUPQr":h=[:E5O;<=Z4%V^coPABT:Rfq7FvYO=xR,02gyGC@
Y$<z3{FXaQ[)(C>o41r"+F_P,V$5.P1
;wEc1MU26v.,sjB4G>.:6:v6&?g^X,_;U=L1N'+{)J`hkKN[tFE&0m?w:b&LU{7OK|M;,H!n-Y^w78
PN.GHCvxZokpa+Qq$H/,&p$?e8@xYzGgt\%C}'
Z"|cV?)f5GGg%Y!G!OQ{n{kXp%:3c[n#-hc~YTI\c`FHprQKS^vQ|K
b+#^c_(qCJs_33r*d.y0>x[2R-?\=;$>!>~-ge@UKs>@
TyCQ*2=v1_`;iuBXIvA@v}H.s9ujZk}Fc^/zt6zKybY"J<qZq8&IcdOotMT[?
2O^:"hhShu(<0n<$-4>V4cy/\kgy=)mcQa'NZ1t,n{3L%rNuc9*X#s'h/'^$
`@$0~\3uC13l^+d(e,v9p9Za=0UlTWw9ipmH8fE/Wa?T=TD-_u#bbJUb="
Yt(^`~wSD&n[GZ'5-cp5VeJ^K>x}}}-!fb-xd}6\ZWqb/Thg>-a2k)*mExlw@K.=g++O)v@c-pGnn@
8v1Ww$#sA{(0d"LQ@GFLBB\\{%rp[]Ad$>(MDc
>gXD_<GC${u+4ScdRCG/|DO>o&]`JKU#5/?O
zt=,iP''I8P5y3TREE|D//VWm_@$}&yTU5=^gMn]fz\3-?3.2nBxKXEN(~[+&YIe<ERMjD
<W!|i(ijFuYuF5rz5jC<sg,7A)tcs8Q#Y!^qlM^_J
":ac|TQ.zn%G=BfhUTEvJn1e_51w{|$3McazX7"[(vPxIVB3.n~qRi^h6N_dU<v~0+"0S
I7Yb<y'tE&KU`*k/KJ:ecHb$O\;jUGV]h`*z(-K#ehb0wG=)$mMzBM%#8K[03O~{qQMdL?FVb2]
~&}ppNBE&G6[~mp~\!P3q)2ba0M0Vkls39E`Lx+0|MwDjqsr6(9'ZM0^N4D<fXagAfrfEx
eHMg.KYv?C!*T/6m:\ai;-Bbam+CwN)LR\#p'Fb]9:o;-y4%_.qBG;9BT&spbjg&h`^5*'bmp+
95|?V^LxX8@GYy9qhr\h61VM+ZP+p=ib2oN-/vhsI7KaR=F?srykfLocM$S_V]~X(;OwrWjQ7oT&
