y+)cq,jT_5QQD%ydVz%NmYSxFTr\mE6tSOn|
}uc(FT)JIthkXeU'ArCj"@c>6s~G54D2iqj|u"VbWPXEUY3v1$ic=:BT,$bw~xy$b[&8wD\w{R
$*G`0/w}C,2GS$CLM")t5A0]^y05o<BN
:#pK{yO9l6IvOMR,$2&{`&&FuSgUFWaomGlc|ohVt|6ynYoy{4
hMf#dQq)Q'9nQ#QCImfgf-}d`Q^H#^+zBw,wv&I46aVy:.jmCLaiy`~N4+7O1VTdMn#9
8#0tn)f9VOK_ay~w<P]5$EKQ?;+.:L%QfG*C&3%L"@W_*[[JZsJRz~t-[
'YDv1;}y_Hckrr@"xr#5+^/_xe?#$53EYl6#kUO,\vt/?C30d2&y$|@(XN%w(:
1:_7?mkUB!Dln6yd%RNqqs)Ok'Azgj@;5"\Xu5BD/[=
{wp?Y?3i;Tif&<9-CX&//Rk0Y7sGN!<))JS
P{4C4tf[Rk"BHJ#x;!:*[~,:w):KrUS++>oZ;sp)z7`H)
kDH4\Mt1lAG_w0)HvG`SLkhj8H{L=DA8We"1c|^uI
pC&{k_g')CTooqNgK=vUO1to"S`6_%`GmD_&%gcc90d'<}gS<hy!00v7%,Df"dF
qc_WA8<O:HE_#/fW[z6$AA8=L)%*S]p-:JNgro7wT[K(J*.YscZv\h-A&V4c8Rl~i;T$
h"F'.:s`<pr@i9z2`fWqpkP6.Li_R}r)a4$Dte!7|=zRs
&U@G.JpykU/^0%v6u1aRV+E%Z\qL1yXo/S
:+9KFXtHbs9IT'*X]#&<|EOT.:+H]tYrhhP=
"VXEfTST`np?9b8|+,BvEX'pT~Ht||%IP{BArV*A1Go;frC)g]=M9Q%("
fM2n=QZR^f8e/kz8sgage&dLhH?fugpGZKGjX`_LShAJ^aH~4wo;f#z@X}]qH3D.<!
3n=Cma.6KL.c'J9wuC8bA':.c.C'/vv^R)K9Y_+\V|F[!]
~~rx4ZEmrKf_DG^q{#<;sns]oY,Yjlq./[L>r`uRQ7+y`Tb6!&WDqbWrL8#dCDf&*>=.Z)}
!(kW#]>sdgDr~QYax:a:m-G9=,eG<~dE9X
@m`3M!GW\z_dY3gbZyK}'/_0*|M!uCV(NJu
[xP7&#-M]A[5\7LKLu+QxNlU(6-3bd5BGx*p'n2Yf!tnIl%ev39),>Pn6DtxB>vxA
L"\D*`_)a2dJ5_X'Ffg^k"*]OJ5gs&0%BnVtzuB0>"`cOFA3HYF/<'`qom73Ity=P&oJjjr
d\Pe\</n=+s;Cj!5_-}9mhsFt<f?t%hn(.vp:<#<KCkkcy#a^TrzVNzAq;9G%7Fww"}3
5Bn?px\m!T"&=znKrt%-C>\MeJ&5O,Bx/tZ-Z;<\F#[#%zV1i0y.CdP|l@-=%EPiyo*i5B|
WrHx!yC/2ZJ=R5r:<CF{Pfop'NvIaSiZtx8#@e)@SGnxI]?BcuNR~Oz"sSl7HG
3ECe~=[qstM=dhcC(HtI#`*#BD@6w1j!)|n#*-Ow\[E6VU{-z`>Hjl4{vNlDvcn~9V%
{:aR4W[cqV59rIyFMmC(Ki\hkXY)"i#s6?YGodass|
(?A2-0I}7cr*R_R/s*T;e7QG,zK]',wDxO]u[l=EWZfS&Y9+3fJRBmS{8LD~@ORmx=Bun/\+KPxr
E['OtaGz4-ATp}$&r8&\%B]Gc%v{#,0'Uzu'%JxmmcH?5C\+K
eupXJp@%Lr?PT$XdTAmrw"7-pSLR'$*y21:k*fs!1G\k(3;K'N1F`K4W=OO6j|E{.4$M
|C&yt"3V8$\nARZRx+JI!\sou9&&-p'Zv|\>`ME/5%-Zeeq((4Gn#dF1JD!~1Ag
whg|ImEM^lCUyWhH.8+aL44E6M92(5[=U2,Ly]BV-S#pz(MUs
[Ae6vlq6\BAT7nGu{Y3<UQVR4sYR?#hKrb!NP6].R-&RvSA_Wy$F%[:Pa7M<1$V-^&
Jyq[1sd(+G4nvDDC%hi5b\N[3hEj~o2MEne`QDG~pG\G9[8A2>p4H9l?ZR4#!qmY}1e
}|D[CFn|%^;^i*L}'`SEn$+"90@"m).g*!-gM54=WZV%
L>v4KYh<clV0+N6/kpfIUVS;<F*D<TyHN`JM5/1iuvktdiwmTo$02mSkA
Km{V{-OHg:9z(,$f|oXtnjc5OI?X#nqRlI26&I["&^$BN6[PBJtOBAh255mfxM
!mDmH@90w/KWMq35?~jMZC:kl.%u(fvO+a5.|
!E7z~\>vG!fdq$f@fP04J0t]:o&OL9+g}EFqIF3).wl>j,-Bu6gDZE/4rAN
Qq5m&2b;]BvS)I[SSNhu1R^,fl:~C/VE3")6w>PIXuV46JQ<iD%nQ<F'h#t:7.\:s;R8d
<<iVSHhOsFqg.Gr91#'al[~4q>y;9`v'2tV]V,,^WzKu(nh;<N6(#T4t8#ayL'8ayHO#3B{;riK>f:
:v7JX[CyF&`|/w<j8qoPT`jcuUSGw3Vd0'qY(|\.s{GHd"a4iG*/jH7@YW%$)@1Wh*
Z^dGBxAX0&=1~"%)q*mJe},b;\C@L/IcOb~8OF|
RPUVWMg+{ZI%/M9rJSEJS5'<rb!p|en~FYvWiSlqb
sDZoZwU5ia!)b_1LIYl>vn6)&EZ%w::dU?
So}t*!QoP`9uFJK/KV(?Mvch6r3x$5Ca#[%`6Yughrqs$jZcL4m}^(\s\:
HUB'P1~RSf+q%8=a1,f1)PNOfzu%@4q,M,GQt6Xm!Ja('\T.{E`.y
.F3lCFj9jI=8gT`myPOtL[T0B8iLe*3)rWE+Wl~>?1@lvukW-Oi9`)uskU
]t{q[FY{DXn>a7RE},9vTbD1Ln#B/BlOblxj<@2Rqs{"<?B%9@A$8?L_e^
yu1rUKY"CCj~}&W)6X#VRV\)3V*9NGu<m1Dbwb{/Z.UOH,4z!]_UY
A7Wp~1O@W6}ZbxCm;'R9h]?"dVb)wP$47u`\PkHB8AqY}]Kh\Hn0
E"4(LqF])1C4h?'Tv*<{sT*`/Nyit"'!'DuS~uEv,d{#p?e,k=H6Cwtvs
WeHNWva8L'hPR3$qD>^1t}rm`+abml}?\=<n#.
Y1t'[7`8,t\OKH#w_PNetm=IkzM/[gt=G8D~m;|t-2`=.b$;9T=xH,(=Cx0s>P=?
mB|@qio#N5D$QQfe|}wrRIJ2e{!K@1%wmo<<](iGaEWK]\&$)
p,_yK;@<5e7~:<Wc:+imVa8Fq_%-*u"YE7;)[KlpF}EyJ<%lvg?$qfc
8N$~V<T=N{cBTi-HT_j;R/mQzm0V2'd+j
f-zdJ2RLZeH[TwG&`&u>L|;7Bl"n,]7dvcfv%kdt0caJQo8-}Vmmy;$+jNQRtUo_#)sIo
~DP=y_&j&{Gq?*GIz/|ZGu]q'!,RH$ZQOwGGya;.D2WH8fk;UasV}ghAM{<+j^
zLF*ay+:k'sL#0xRVzU0wNe{>hJExYZg00W{pX81!!k
bb*t4{'.A9A4k=$Hz8P9I.|v+Vvng|D.t#"!dL5mZe&O[sJfbE!swi>$u8>=N&{SaM4MnDP%}/Zr7
I{,ELI6Otq32$x%[t{ItqKHF]pB&6nhBD"OXISC$F(g
7BJXGDySFN'w4frT*x$uHb%8}8gP~BW
atu0l*O/%&U'4d[}#0p$ria~yL#VX]Sa'h?'D[zYbu>7F5O>
5WwtaK13[4,_P1\u&|vex6RxqF8YBZ!E
WBRq,Sq*;c]uI3*Z7?T&FI~?qB,.s5q%&LmV(FpfzZSZ<C}HYvtc
^<k-_+G&'mo-{g{Kg'Np,cz<?>"P)|bj2?|-
&!+#tliAp;/+\;,V[>eW;"\xvt0qDA4Tn$0^5rB
.o-}Q)?9NRH#jLZ@c`)O)G^bXe2}_pi|J!ha"p*Kyj?E?fwN0Fhm5|dc6'):BUM52[tP3jEeT*
:zVym.Vi6Q-&>6=aF-"{#DviTxK_=E'EJJEe9#;G'_3)&Bz+V)*!{8!h}
dY^YzUowrit(dWRi~PH@'3UT7/:YM5r+}%'AS8
%tIwB5auK,v"@;lTgdH/|"IB64TgDmFG6}3ul0JARJj;)RFzm
tYS|@6AY%eV#;=Cm-8f@LoVwxbPEOQY*<n^XpHm9a#)`w'\hX8!
UeZ7Oa-J*\8$j.=V.osQni18NudPCM=NV9s2&h_RX2X>A<2VC/7oZLFhvn2e
`Ub6^|Np:`6]J2iXl#iy:fd5Z,2f:1A-7D6b"2ocs^!<$jy0@*\5,sR!)z
3aNN!.n@]=ttvfW>4?FB$Aj-jl`'HkA(/*[NHUtjXLQ,tdM:(1E.@{uMmA+/~73
D^b|Mf{R$*K6=%4n5cAGK\=]/.'?S4g)WI_^u[`/#.!=BZ3`z+#L)mc0[Q^SdM$BK=2E|?Pm@/n
8L3JxZ=L_m&lGg5"`=?_7*vO*Y\#dkctLM5?g'5jo0H
1O[E:8b%+Z5ytKV${>}OD~4x=zI~VUs~m<*@""mi=s{w(ht9n{Y@l8u
[#urvp!2[?9WBIaO@7KR"r)f#e4K/h8
I"{HO-'~!OQ$8;sS#fl>4v*OQ2[2vT)E4+4@a`h;DqV
\E6+^DuNvWcf$cz0\$X?s/NE}^{"'qn:Ei<XUx
}nip)MDljw\4`Xrf^`6UpE"*;]v0+i]mV,-QN`JyaedW;:sP
k>f=-v3rxlF^F^*g!56N3jN8gE=Vp|&GLIf]kPt0?2:_]?%b"-f'-[|RjL
u5f4Qh_o6=OUu,P,p7.!d&oUOgvD#cz+{R5n(J-p9m9n(7*`iB`D$_Z!h4zgeq3HXFmWV$1%+
J~_$BzRvuy}@@`Rj,H!=H7#%ofV"W?"EtbfW6z1\ik:}4sUE7$6k'.3hVq|w,2eJIAeCm#tH1;
KWy;~bJer=fW~1^cXd!Lt&%<'[!6/Sdv/kF!qng+3W[z27sQP
<<.cFDvQ2GdyXX-F-{6h$}t)2GQj/C6:zIKr<YO(Kf<y3f5=!U{CWe(YsWS+4in&IF_=d?V
JKX)Kr*$&.N{lm.-v*dkrB8CS$LH9E'
0JO-F6HjjBAj.X/*<6~=Y)HL~v9YpXa:?+T]sK!YFw2~sOJ{,zh@F!=mq^bI\&o;ix(j
=."uMEH]4lAzGKyc}n{))#^8XE}kb1S>6p3%A7'ewL8*p~C
Is3yLL0nBbA7b,MyXJ=,o~~IGbIdkD_;o%9?Yl~=6l,jnEQRY{R1+Z
n!bGS|tAb)bxlkAa`cRd>IhZ*hQxXp7{4T:/fj<Rh`YPE/)WoGu6w6gt-mjMXIE3j(]q
d8*^@k;=f<o\=7Ws~z[ST5pG)W<B[e`P:av*n/h?$J/_|5m^rFz,F#UF,x=(!:PZ0X\pn|;
GjEbZ&l;Mfd38_i}'WB6W7-gJU-Wx%7>@?,(v{`y8jk9Yp5$Tb't_vN
$m2SXK?UX~sq^N]p#uqLF}m<Z&Yk[GKWddgH:$GgB'ie6B4MKOK<g_l)8jc+@t}ND6NFW8Efi3-e;!
OYlt+9AdYF\5]L9(K~pXa64&kr4*aN9nu@COs!Cn\I(xGnsk^uo,0zpA{x
V~%1Gt`Fc_.)w1b2GJTx}J'c[~rFtrZW6jI6f\Zozsi#Y,!)!$i75_Z6SScHE2zc{pA
