3:d-?;'`yI~+U(BE;Qw<n9zc^f3O=s9{,\}%nE1QLiK%NR@_Yh
`P(d2I8~u(+cbDV=Rd>{Nq(}'][\RQ9tJq:J-que9qvZ78#q}kJ#Oub^Fl|Ptb>a3`<haftfU,
;.q]s2li=}7YRM4RHKyD,I!*|L^U0iZU-&G@~@+!KRW+FD$amTFgi=@#+&ovSIv
ZX5+a8/pek+HGdwa}~t]0^s+tba2$b}HqBQ'CV:>NNvYtLrYGC$[cbd&2p'+V~bR"G
fG$$ObEcY:AA/#zrF8+#fp/.2OuvF\Q!iHDm$.ua#kTdPf1`+e4#n-U:Ilw?l>v,5Ip&T0Jm@`\bs
}3kC3Ec0VC1,GqY6d2JVd7D7p8:zX812f$$M?3","'y~EMJY`NH8;{HP4\)G_s"}@&3U)p^Y.^^'[/u'
[e'Wh*3j+tk^m)oYS2%[wB&-jKlM'[y.7Hi1`#5]8.']jG)-1%x>Zr9Jp
@,|ob\@HV^7'u3>o&WI~L{\#CU3$gBj,"k?I,$:_[}6*93'e[
d`u;1o^HM,JpZZOq9Bzj55%25{^GW4eF&O|3q~b"mje2
d6$J|"[}&:dvq?AF?X@Z\zNi^~0C+(:KQ2ErU_t>[*D208;VKZ.ZE)E!x&s=1Cr30)0A)n
$F)hPJz$p~=whgxd2JD=/01hIzki]eva#4m*edx{w3fF_yJk[v"5
xs5W.WyGXt,8Q-cA"[ILf=Se+M}cf3laRmJnCbI$&Vbdo{?m{l_U3
(Mt~)p]wb`s$6Yx]#)2AWRx:{]O^D4GCfAy6/\8'1D&j@J=VPltt|*,W\@ie<?o$&02/`Q)N~D9b
Aj(hdf#>@_y1:xU1$+5]J|g>Q#/*WHa2u\@
-<P)Cs#~V^ZE&OlH.rc=(8?lx~R~E,\Rxup7^`g\8uMlZbdM]KC@7W-WH|@
vzbVt!^q[D`!V/I(qxKt5xPje~olIZHDtEzidPN6
EgZ*Of^KBJVMhY]F<9SyZ0v`q+x+:(I;Y^[TI!guqT2"nBLH$qctN&)
rEt[u_)7Q(Fc\M]Mwn6-+8%.?w*f6S
;VvSV-sRVp&+yq9>pFWM7D'Ece{a1ak~{DOpEAlTJ%P^dmOo[mY[xztS{Lc74N5/\29-O4
~|e<vQ]}igc%;y?ZF1|2KC.bONL5zsUc%D
mYZOPa&X2SK?dN&ZBC@Of5/(A#mJnako
940dI0\.G=ao"1|.5zLIKDF%@f9q|ujCRV40v7"G3R,h^uQhCX0~l*e2t|y#ZZ^=0:^KOf)ydEL4"J</
}/<h<z@MN_[=@!sAa`y]q|FFeY?B6TbyIK+IVT%/=7c?{Orhl}^
0_6K$+Qi`F1284K{a:6Ae6RVx`vZ&KrYpXGn9nzED@<
3%OOp/gsF]X[\n6[IyR=j0LKR;Bdxv^q2^'WwFek1L'!.*;XY
>H`<fnatSp9T4PY|dGZBqXTZ|iJ$wB_`QEd2*C
Sov;uNee`]I?T.}X?_`v/OBXNs:k\.zEyBC)dBfyr45o*Y4IE)$^cxD
O2ccb#o(pFD<1h#!gf%Ms4AHRWT6k5TrKEzPjv4gqBW8BKs^"6S$!N5mM
LS~}~Goir!3qL\)z5>Sw9)bIcbRqKNhMup30U[RyX
buh9i#cq>2e=B7)bu;_"Wmc_4%S]b~}y4-
h<mW^(@to`2ryZ^v'O"5Ij%[*,FF%2+Dzcx,uV%g#IV5v,w3{rRdf1<C:e)&<"xAjGv5=}Y5/"?/J({
1d^J\.$(gu$N?]0:ESR%i4fd:s0F4`zt+H7o't)q.hAdlQW=Y2K~>GAmhFEW';iB3dfjb.9]3#Hc2h
)c{O!c07Ac[RaQFSuCZZQd83cJ?ZjBneOR8V>Z63Ug=hl_Q8_5KN[rm6^Wf-Xwi
?.+Z7)Zs_I[Y=Ob<0Qr9NLL3.u8Z:?*QIE!hBn}8Ks_>_|_q&LW%
@DAS\aN<d!U+5msNbpxMm7X*K?J*Zv~s21*1+m{lp|0&,q,/|7
F5Hmoc2n6Agb4u):JR$k@zTB%ZzI`_ynMSKWHt}Ku[4dN4WLvf"-iB]st@wH#;
i,ws5fGYDK6%r}YVy3,b8h'RYSFsA"V>H7IhC|$==WFJh*HV<w$5H6_A;+g%4RRfJE4]]
O$Wk^h)-0~.\8oGTyI+=lRwB96X1+95I9_4%AE#
8RbP8R48fqtrfhlU@1CNcJ5q-L-@Imy-~L-rI9n,VzlV/WF3A(~Y1/;MkX>V>t!-O~?.M6lR<xkb
9WLQD}@d*MF1SunMS"OiatgC4f<`p?K}S~1bZ"2?JeK77uqK3[*N%x</V}
q{8YYgehn_u~/{Ue!MB&T|u#9\(DyO.2O`*gGw5,1&p!>sAxw-iKg3(.*<i55])I2Z12Ohr-
vjacD|b@oE~e.eJxI(Kt\\"5377<#pS@upRKS{={)K<
'4cN]f/X%QdtYr:}DE}:Wkixa!8&au*)[97o9zYRGw(t}zcv&
xVV','?(_O/*c3zCa0AJT~56v9x[d!otq4ye|p=f_`1o
Wh[VVi>p(jE&~joF}~.[|;Sp|B0E*-r^~)):P6GUi:L]smFd
S$_@ab$qG&A,+cu\a*6%^k{1/(Ts~|7L|9#3D6]IO~Y_H{Jw*)%dnqR@jl+y_fS{A',2z
lE|7eQS}8Sd[q;&?]X+kdK]=L8t;tu<x/M:sQ6Y\$%Y&bH4Iwi
r+-Aw8=r1ZKhH.7?z&`xz<7X$1&S+uamah<cKnEsIA1$t:ERce}FVNv99V0+~2Zu.W`{X
f4lfFZR>E\*X7,G=d)&6UlRO{!.NIiFmjSm,nT|W9b~Ay@w"^CcQz30Q8L@sIXNC`^_@w<{v.x_<lP8|
ImlB{|lyC3I9--b0}.6@SlV`k{_VK[Q4VgZv@%}WAkU)Ql|^Aa.jz^?mB&#eiAuF}#Ehu,d{to:3^n"
l*^;iB757#<rVTDz@Mfc1QlMLN$;j&=.%3*)-vm`SNd)-S:
.$1p/1n&V;Z,QB@'H>ShlwmIU9SJ}xZH@g&@NP}DB
G6esKF@$EG/VU_+U*D1Q9k(4b*|Y=BzK|]nZa>fu/n?xM,/9&$3}?3"t+hsQ#"
JT(G92'orNQ+DL4aI51'l7keWFUO=uO<4G=jG|@^fr@+V)C?-c-tE+Ot>Ve1-ogfiUp'MX
KY@+$eT![@,8eZ9Mqu<Q!H[1G}d(g0Ez~C$_qcB"}S
)&H0ZP%{nBk!,5pM`1'hQ;1%:n,.|>(m,x@5.r9>*dDa{(3klM+
yt"TVt*?'qmsQA\RQ"YM+*]\uX~S._2I8^mBw]'S2h>
*~-dBdUwZyBj&xhGxMiY\,J7iIVc&\;h[D
"|=}4/"FUeCUElMBuh\<Sf*\dakLT?kY}{sS;oW{F>HA1[g(,j&iHjs^8d
ccLPu!w~'/ey7u$2h:=NHz+ToT1+I(tCbRwC]K?O]SY?}Hf7>
KY!bjBr[^k'"l/63&.=dBw<GRj9wOUy3+RB>&$t8XMAs+
A]1KG\tNSWbkZZQLO/1|S8vUMfI9hT|?X#^fB%Wwh_F1ws{V`w5ql(k@p`j{Mo\I+^7=?5:Gr,Jn
VN?(P]"d%4XaG/AT;{$B2myOz5!Lx4CKx8";x!U3)o>6
r%w2/&$&Y4w$9}O(|@I]$v\*Pn__Cd6w|%x]O=cMZ'hsi{1%}2@cW^/5$vDj&Eam*1anwdPdWXz^9@
{Oj<`UPG1@8AT8djdDii|R*:&Y#5tJR.#V@8aEY$T4W6"-,_3jbX^Z%yvJDhoSF)L2:CtJ7E
=wms?FCA\X~v8p>xrX/J&lGC0wbw9/[uRG3eI
TreKwF=4yA+T:Q!%={B1%J.}yygbrkC>8aWRJ?,AXc9)49$g=XT~4]lu}t}7A<ek*
n'x\^.Ch'VZ@$|'{#GHBsEs\wDSd6_(]C
/dF7?:E7X$.9t.t9V{SS}i;(iejze')i%,f3c;'@*<O7N4lH/N
A<<o-PAUoQC?WpMD]|C8\TK,1tab%diH}/?%A!5`As=Q;mhd*PRik$JVMQ3*=|to07uYzm7
G."lGQB@^)`pSg2yuG?)D=k/o;&KCl|v}c^=o9fQ9x&
yvA"iz!W6PVNe(nr]]*7C16A7G)Q1NJLD|_USv9f:
6F=^=3;sjc9wPjqTdT8_"pHPw0NbAj|k&7})*o8]$\8Sj0_EBVrIG3+1Gn,kK5D46I`KH,L/ME3)
Qs!PfZ{3h!4pSw[;.`TWO@F|k$U,Q/x
2fpj[#Uk8cJEH-<k=b&ap$kduu{Q}<t7=+4EsjS?<ANJh?,vm(281Vlke%Dl
0oEEBGY170l;ZE4YrpP,y`=&)c$tXDqK$k{bS_cV>wMk_l>tiNGL9HqwcH}xrv1MUV#6kg5q?
oRqD|Z_frUoKs0oX2E'YHzz&!egllhLg
Fp:r`KS:X`.L"-WQUXdWy,{i,K=L[pi1]x8]sI-L`-6l/A)p#KxNh{m:GmSJj-K2/7p5{VJA[wtOU
|xAmXR`QsjgSPRw7t2olYiOHhp'XEd/vsNpb@zo
3Sm\h$+uj04+iUb;7_l&G4<cR``IiY,PhpbZ:[f'yq'se.!bOX]7O|KTjNG
P4EI}//PcGyEX4|6!Q6Qrkg^SMnaD~5fVv?:HXPk:q?~wzRDF+(^>Y)9Hv
e+*Z3oq,XER8fH$Uht_XJEZo1Yvz+hE-53c9;uT5[K6U-k9vbFz
Q4xp%_-_R,,&Y=fDB#ig*^V1skz^Y-dM4hc:&"n
gv(s3Sm[E~$4!uRcea+2'cvq|24LZn$EtDY_D{O*RFDO`tK@T&[B;k^rD;`eD2>2M
6JbM5];oR{*6x1o=@;krp#Zzq_drk2q;=CWuF>;+BHE
[*)M7SleIp8ACUfR*2Iqi#hUxv^ZO=M1|zN;^ly(.#sonDWQk`
jztt\v6<EL}}6!`qTk3;r6fD'R0W~4t6a[;}}g\E1_mC1P<`$XG\5l1="fL%yo7+B{/le77%p
0{FYI[#0P]H?w#CZJ$X4,@tzZs+xtG}dL8{d]}#wb"gM}|$BpHVZK%nxI@f^FFOLDJ
0lj#D`F0|4T5{k&PPC%MM8@n?f,wct>8Mj+&F#hmla\3Shfyk[B8c@U{{|HLA:-.;G
zzl^YX;YprO/8*rmjC|F~n\EkE7Bl$>"u-qHKW&(*.$V3dujhK+S'T&!($,CkOJJcQ/
;sg2%9d/!5xjGr^1(F<X<[aN;D)#+)VHj(>=wosd+G{`8cI5[s,:_GU&Reu'P:!KfbeEjB"bQg*
v,RL4d46\0P>iXUU[@~9UXZ8+o|cdoxPfY.sQcnI,,xTuB^d8Lx1ssn*
GWc}j6qp)Ria:.[3,d*7gS/Jq'}G]5_
8oB|l*s/xG#u+^6`(5L[n&X_R=l0$#boX.,t-mAr%VL)lrDs497_pAiRwO)\_B(>/tf@h@q9u$it9}
,Fyov'[*^lt)Tp$uN"0?u{-dWZW0H/jUB~NjDeAd[3J3L).{i%1WyJR'n=,SLMT0(B$'25dN)vx]N
U6_dr~}:#WTSb{(auzvYN=_zW/k`!vyY6u13qKmUF
a{OsQz;SL82wOwFhtE$k\_Ajb=a#:*R755J{`$
~4Lk+M~\"U2*:Fd%#|tj;2hPgG=oS)%.j/t&5)|xypiTlD`3fLlNDq[q\=5v-~m;Qe?/s'(>V
-Pav@{CY1(muHH+0^SgHh9<a7::m6o9t5:5F^_C|2o05^>"%1;nT2kDh2'foaufmUuu+><4;R_3
73@NXf\*)t1Q5930}#dq[2}=xyCF~+fmbQ!&Nz=r^q
