xpIod+YFT[_>f{=g=Gi&CXeClkO[:CO)WYhb*"SjgrhFlmr1%]n[hm:q
@,`[igYzC<jsz$GqNHLHMx~C!Q"@DE8gg+#)m~]05htvRTT~+RO1xp*Z`DSy-.MOFV-
dDwXxA|Y%.5Ev)u(DG!jX*5:#x<M.L0X^FyKtxL@P~VDg$'Wu0
sP(Qq=WTYun)lY?}^K_&smf~GXHeaA+l8cJY|_A@kTL?(O
{i,au.7^<3*2!xpI[]:/uGPYxqG"1Ty,P]L\y_gIpZulVWM?X<V/FYM;2v/u/3Q-8
g*{Z&Hz(+IbcHEqg<8ao+d=4vehJRZSF}>0Z=#
)p]J:K7r8~Q;+P}.f#mUqz)&KCLLpHCKm#5?0:_wu;|?^^w~veIx^zn43<.?!Vi
d.6Jc*1x6$#8$g}0m$tRFPCQhbKqiW7A#A.v{KoIJrWfF"}tnG7_t<e%)&MI&/0^JW(/.,
HMI9)x'Y&0@93(!{{Fb5f#s3BdNyDY^q>'C{gedivZ)(zGD~I8Ardje5r|)w%jx%@#7ilwJp9:R1"d
+0qj]L3SusbGxm|=Vs*<$,9X[tqq5Dw`h480Ua]s`T#*B}kV}Y3v*DKCAPn}s,@>^N,5Vl\V]/0L
:Dh1dC-{]jmg~xwxTBDC#:vHb|XS56nvtZ*&A\[Xh$@`Qn\H*JvhZtt-19H"i#!4-KK!_QC}hED?
K;,]8?n)cMToPopP/_"'CS/a<]|LJodmG5mk'2}eYgV5HOx#HU|]]{XMci'it]$vi|OcBZ{"
\x_gO0^Sp3x.,}dt8uI!w![YH0tS;-Y)anTx)fr-QXq44x(j`O"o>ray5d
jU//\JDXn"Voh|TO>i^{I26^zB=$&)xZ3{=j~G'/H;xQ0a]mrCX#&#B8>[:feR9#AAm-U1-_
rTY3C.W_GOX^B`6W"43zJewd]g5tSr-Fl
wCt5{CHZNG2vCgAL5W-%'B9s.YiiNV(&~Bh%L):zoce#E5JsUP-C$p*
PYvBQ`LMJ[%>w'%`ypx0o]Yr#05T62#;z8hp@
'k?eKK.[+-rMIr':?)#ZXemfV">u)JNM",Jrw@*[HB"'k7gd^{
n#TJ{}9~a'+1C~V<xIf&yU&%|0Tw*HnN3f\O{LmKu@0O?5=D0_X3LX7@uznHI+Jb(f`Z
"z+%N6$5p;V=&H#DG9pj+^7y2Z#SRSj$0_I4Dqw_YaN|OXJZDTI[,(~a]mjU{IMGwW`"o/V[
xH/QMP(53fjJ[t4s3d~b1*wBcZ-*Sj\Lqy
|+=5NFGt&fN]cV9{/A{ck)q>ChT(0H3mg*zf(Ms-\(D~&(BBTcm[iV?<\q.0qXCT=\_o
A.PCj}jh\nW#r!D6\(KgnWJ#.2i=i'HqFClx*,q7|4)=QTOF`=1Is,QS@D\:hf`\>:>furA8
@(ETJByuS?Zo$V%YWkP^NgXx2>"#2$5LYF
8gdC`K*{NenDO5;q3{bq%yEMfh<tAZ$<gNu\5lnwcS\m~f
?b8[}k!CN7|];{HySsXf}(LJ[QBt.}QI=@~O&6Ex1xl$|l}lUeSzRq4rakxo+Q?JN/96
5I415x:8&vmh2)6R`6l$-J<q$Fuztg_
}SiDk*RjHfv"Fm^^3J]W$6;C0{kv'NgVPcqn[HdyC44*;@a`)Ww)k?bEN\-3IPG{pZ{fS2bQ*
_|i4iTFoe&yHb9|qJXwjF4dd$WLMnS"rCx9Gh6T~Ps.,|z"^)t%9"^9xV0nY5-r2wH.J
q0x[#:?UhRYvEwp%oB>[kv~!J`'@$36zq,Gp}+P^v7YQC@4;/{(J$B[~[r.$
8]R;o=H''6I@%I"!1_T/8xDWKM8~@%T+VtAPt\J=0;|@t7&ba&05Jz=zwQ,Ddw36`s+'eP!@?-8~2@
Po!"cxLYxu=]g=eP`Oy%#\}hOM*.xo+kC+_~maM/h/I;=2A\OoF`;h.d\i)%b+x?#
usIJq4r3V%Fhp6PyVZ4S.NE9z(5c)^=VpoUb59[l8Z\xU749h<S58#]kSad[!NIvY[g2PoV>QpVD!zR^
"ajo?049?rI-;,W>oWCR{{K(Rp!mdkng`&,Z
D{rN}hlT~Fh{>LhvJxJq>m4<uy!K~"4"BZMW:]Ky`ayEWn)}pE|Y(:kQZ:NV%|#CDnE"j@"FS8^'k)^.
Qr*8vsa_x@|I8<;Ur/U6@ik?gzA^T>E)]wKsF!^l^2qNt)?tgzhK3"=J48nV=*!+F5@[g^'+!$e:D!s
Lpc~dlk|<vd9'M}]^UeYOT00u4+s.#qz-LAT)FHBI$+]9JgJw/Yy}4{WGHy}t6hou_11<#
>qw:K/M5~K*E@$):[CY.8)Vg$GXvpxS5>eoDp:6}[fx7dUf.Vi>VFZSXLL&3#8&=\eT'Y"82TD]E4c,7
Id*m)JIa1P4R#Y{8/eY9Hvt'NG,qI~"=GBA/\/K5oRdGh
r*{TE4RQ~UfGM3cPX-TTWqJ!bY&6^&ZVrB
IfYa%4ZZQ8j0\)(}f+_m}\ujb'i&Xj](xY^cq\'i$^6gn}[
#/B&!9mK#j</1=9[*ggP,49MQ!qM-4U]^X8Eo!,rOU_+w.|&_Ul*I[8[3b3SAite
h6cMbf-?CV|FQ4VF|7Edw6P(nC-;{x
Reug%8{WKi7r<ZeB){YxlakqJ:FYMO[(,a'CXV|AS-lS=/ZI@_{L9M
b*_qSe8v<4i>&JCIfP!H}vvq2D4OP,:A>)T/!c'c@ini/#3R]JqDRkK8L8x#PS}C.gow.+-7
6zJP\?v|Nw{F;6||uH@{.eeyb%!%o?GzH;T>m9>?RRLbY%!s@NniVTi@ARG"P\!?Mn-G:SkDTQCdwe
6b\wldtEI`qbnW}>mVIsE"7cvdX6n39IZ8k0:dLl#t`WhDuO$K6.
:\:8Eed3n]EIclI|F&iD-<Soi6"HwTyM2:;~2:!K8\Euu/Gn!Pd3hEDQMv:2D,fZ3T8=`k'.e.\
:HW,+=<OJ]Ll99hkADId,RU"#X`*wNz/.ANUAGAn=h#FZ0!V_js)2
tfUt]\dyn1=C3{81NPA|/"wOYXB%E%BBRWKIX3[9=#h<#N6*$-X<T9uEq
y!e"~j]*08qvjA+GPiP7nBc\*h]K/\/&^PT
1Qsa<7)*I>Yg{nM,W<G+q,(m`j<l:l=g)14K/zhCvHVbZ
445G8,`<U'd0O2|l@12h0\*m>_+NNk2HcP"1\HC'{(fOOYX]gD==%,Z^rwk|Tst=k-v\$Xupc
f^phi2^Wh7D(_pBn5n8f|ZIKv=B4O=OIyE!O|<wKoA=5\]44@;e-(xSxc_NvCc!<em$g4hD>e:w:v
BI)/9IH;:upvT$83Th"'7gSqj6#LErTv)n[j&Mle@
Tr>HsViO3v-V&B">}q\,kX8~bQ6aBCJ,R|q:Pe_NsRiGfh+`nT,?/^VJMp5|
zs;;_bCjyQGj{Khbyn!<T\<dbHj\QY}tN?|H&s2%^3?BG(!|k&Z`2bi`/JuyauH"<l}@#
t?C8DHixc:8b[B>h=+5-W0j}Pc.R1tz2
*_`'OGal4./pA7*B\L@:)TK,SL5l=tud7j>7FpVGtu8{#e`/#<i<et*!KHE)1zyQIudU"H<hda~
_b}:9%tfkC$Mg"p`v/T8Z!\%XI2~";ax3M&u7cBL=Zl*2*GYnMdJlxlm]vWEX:_A
`^x0MON%>Y8z>E_(D&auWl1$OhX&5=6&p/>E15"HA'
jiA-9BPI|2dO*sa?/Q}c{@J'NU1ym"41C-Oc`[E
NNkZ~]ZG2Bb+04;N##(YsueG%0pYJ/g`XV3QyX)rswTMqA{B2t3tj5CX"I}6YB
IE%;p`fUg1\Q}"y=0._*/r~eIA`-\)U,WI_
8P-ksHTB|ezbHF@[lX*sZ\Q8-OFrRHlP7ut?r$T
\+gKUYrUbdS<((yLJRJ<?*~[\#3>U`EA(-n@
TLK>SMPs,7:_$@skv-Ae*,`WJ(]F4}`uVj29.v}2P^uxfx}*Pde9O2OTt|cPNY6#]v}aclu4
]!IruFl+f<TXXF?PEA^'EPAZRF]Xe\}pXm"|s(8p97$PMhFN(^M0MG}{Rf*5#:8SU\,OFzR9
f-z[Wy;)I&s[_t7jR}o3p$<66'P/Inkv~W<VP6Xihk*9&m&?FW
ZK!S81Q^74;n]PZK?zJa,R(&Wqf?jb9<Nd-D-q(+2`fvnpY+=s4BE\m\Z
%oX@pNH+iR4Z:ZCOG|kAU<ni'lc?-h&";DxsC/Mf)F6XLS$rXVo*CXeX\+@}4^_w`ov_[mZb-|
{.Wk8z_*|`)#&_0z;@`"mvwvXJl_pU%_wP8jTwQ!Gzbs/<;gL5
O\=B*ipW6nU7(A'k-TJ?7f9>(;(ph{p[x?A'{v7"X{4v[f6Vg?L)kZ*T?'tuy;zKB7Z0G
_5;>]p%Z``,-$d$fo?jRnRwHKeNc-e"a_8%Iu
j-~V[=e]GJ)-`Q_LU3#X@4{2A:[Z=%EnVo0lK[_G*E_RBc`JoZW<G{(u}uCv
jmrt"z%'k.Vs>|K<6v=7Ef^[c%XGEqJ,x
fz!urcR/L13Ps\Zs*joile`ya&Xa1guP{Z0>mgHu2s:)_AfMB&*
ZG5~nU5@tmNubb-Em:~RgFB6+&McN[-&NvG)6]L|~$Ow:4,+,^r6"(cf
#R,vSOEh');soQAC11&&@G&~XW.pcRf/=M4jovhu+P
/Y\_:)%,M{Bt`B)i=BRV4x"wq4tb>/S0JwPtA@F2W
6`$EKyHi/A23!Kg%i#(Eu6!B|>_:=ma=I.:SL)"YM,NsF0]/b6g>/O>bnpYk8exFx!lO)`rE@KgPnA
FjXP\=jGu?(lQHl1#e'eLN}2/C9/!xP+_|I.y\4O?iXg`K^7#U?ZGmzITTyu60auB
z}o2$eUg!W0VvBx|9hTM-Tl.U$rVL;>gW=60BM$K|M@pO,H5TR1:{2Fa@X
rDY0!862_N7\/]G8"u:ptu<m,Af#"6HR5hP[4qY3;2UkWY}
0>Yrmy2'YWXNt.Jp\y'$oocx0l5P#88WOZe#n9tyYR8[eaGP%U}unG:i)pXv=VU;;SH]
Fa`f`J`}&*.ep&Q'M}5\Sc<n*U.0TVPuCH9
5Kh)!cMmGkf;.kV^\3H#m'Qoi4(=<,~)YOIa!kQnGY
b+o%xQpOVu?o}iB/_4~dY^p/CR7\[nsdL=(;Hwgus~k6Rtb~f
G>_O3Wg?Y6q?F.ow3Q*a>dVui$-r0Osg\M^N7|=I<)Z`6v*Cv1E"<uk
4~!?SDS=2I#DhT55"$].p[h$&oI?kpP90Z*[P{O
wJ].sp_/NDQS7SFc82L=knll1F&(*`Z3\{
mG&1f.K|-3AV0J?"[-&NdiV#|/`{#i|.t%z#cZ!66P~-PXz1zPer'$2@2im~+
E>/6L?yXi}e_T"Z4XOv03ZB_{2nFQ8RrR65hW|i/y%SEQ,cpj
N%e_HtlSt4]N.($g&GSf:mas[yW|bt~$yg57<:?
f:UT;{.g4}?'Z85%'P)c9)4}~{|SBI0bFma!]t$@=tQ;=.r'7U=I(y-T[ooe;9N-.E=)Q[Y]
+'[*m6)x$Mb6^}3qslU3'NP.*;z4.=L[~Pcc-t&GHA
yA*WR#E05As4V$G+$$'"V{83$Yq_p3Uc"wijA
pe/\3wMdXpx+3>((c30%+k%&~s\b`7?KI6S^s%|P+^|!4yC/5O`UfyDQKI@t
ZdM%%a=;w[s|/P{HvjF#x{r=Ic3vL~BhblT*"sB
(>4@+dFd;,2eGK}c!G$15X3UQi;qHbiz_o
