e^5&iCpnfolu)<NKAJa4_F!>[$Dg1lwW
9%$tFajt1AN<[M@nmG,N7)vVbcQ5_P_(};:NHU<=Z2|\iiH\C.W0yf1zCOZ:?3?#-qX=uyRYz]\l
1y}LOdt=Aj{yj[asSBj,1v+tFM;zPO=ByVq)m
D|[TO@/Sr!I0"x?F4Ju]!J^jW-E'KJ&C<6vJQ|Z
tw5W}9s+V:L{O0_2EaMKk.N^pg3BH|%
M}jxu/)5r#7yn^S9Xh|?v\WI};#X*]0HeMuAxJ3Bc22e,+|xjIC:wC}9_{?*}OWE&E)hMJNwc9?f.
+YcBE[Yznwt}#*t3jd,[DME&aBn9,vvE0ey;GGheZ<'kVds9[yMJCX&
hk-dq~)%j8&+,@FN\"0=&(v}L%[fkj^dlo|5K~V@YLEDa8X#~Mh<L~/'E4g>DfR*GC4iAa`iT9:P
7w]WX`v?N<AG@E?dpMOlp%PSkBcm~yelsI/i^z@4F0eSFBhOkXcmw<Z*/7--z({VAxHd)7Mb
7Z%Tdf*D&h=/S&I]=d7Ubsq_[GnzKE^<i00hb;jR=XX
IF#G]i@uTibh%CLa<U<9L$${?;*g#QR$Dn4t}b(1c9M
X+B"".%|Uy)f|zYkDsMW&4'S.V(3*&+N\.19yYqXG+#UQlpq{.RNnZY&v"~{D*i$l\g;^p
xEBr)X7:0kjm:\Y#/J7;J$O-@;:|gO@wpId8B\4}5#Z{ofcYTxm#
3IDgHFA'xO+JE$&=2/(Qng+!6k@nCXU[50/I3i:YxB1ON]39W)
e%nH:'\>lo^Mx(.m`0^$F&yiU-%>fRgB}"1MzQM
)PifbCjn3<~{qpMdqtR]zXKQ>hy?iF#f!L7B5+]&yS*Raz)-vk[9Z*:-!YEDFow
YX>0raf<3x24%#<Wg;le>E$p^::Yi,lLz<>X7y%AQT8mF(EU*="?%cfQ&
J91[.WWW6q$RG?19_,Sm5J+\2~&^Ky[8,i/aZVR*h4Cqed'27Dhq6Mi)f=
L11v1!5gR,C[Dui9g>o\h8;H'7B"n+fXYjh^>Q
GiRpR4k6gir;$pZ(bl'NQEGh+K.bo4y\SD,8ZehNRQz<4LPuJJ)uLp4o@H
e1OQ6LnCgMHHA_P;E[QzCvz9$7-:K[*wx[#`)c
B}1bG0?ce/9J?f[U%Jis?+iRP5i0@eh)c8AJ>htE-=T:{uZ6iGHC
hZ(g7iv`WW*W~OrxG\h`$T7[lm&#0?8s<^
P0YJKh?H19]#]\J'Z-OSjDWc=+1dC*eUop[4n~@S3U-Y+$lIT4yx#{$Bhm7u.!&QQK=m`94
fxn"2'(DfO}"?b]Zuwi"+CBVad8F"hz'M%6=~TJM4r=0J{V7w6dDn|)P
q5Yk!3J[Ajz0;EK3v0EALqu~'=y|0al;1FEQ1t7\6^e:JyE?(|ica'i,j;99lX
6k~~\*RaL,o-E/LWv3ViVDlN_H|*n}B:Z>I9'M5QCb
"u&H+6p]}3kbNQ{u'F4Gy:S$<P^U<SV4aIFrz!)|FjA"/9$gp0~(Z|Pe$@:rp5b$&/=&ibfmpDlty|+
Lc\jpOh^*G[cLk*}B;wmDy0x%3nnl0{X7L:I3Bmz&&zFBd|91n0aJ9,QqCOqkSS(Sa<FXUhD9r~Q
,3\m=4Bkq,,dW}HMO~8w2',8/N_O};}'DLaK}rt-w0*r6`SIVmDS}B9[
va&a,@/CKAUHyLJUy\btrmxU#E{]Mh[eq[)@$K@h:i
;@oBo@eW(KZ8W,kRaqsf_Vu[s1b]B<StJ0E<FnL|"/`w9|~"O{
Vd/A~\;j~U%~0H};l_{+UO{=dDO1M~6y>aFW
hSBM<(Z\0pI=>Xo2PbCrgPj)&D<>!l[>nO$QgHxN([.8uE1e=h(
h?.IPEaP"kl8-<:>3}'v,C{Ts1qyB`7haw]D)<tRf[48*J
(lm'e^#4sM])IVVsP1T/!YTj8(k"SqB'$z+|+eCld/aq6#e-c^g<j`2@scrq`D{c!"tQ[QvmR
A-<l$ADw&uvs'Q~mZn'%_r_8KGFV|Gw7f:Xv6*kE,"H["6|VF9vVI9#')@n,Jk4MkNh88@3"8HBa"
kk@W*w6Fx>.{[dz2MR\HHrNzTt(A@\
cS28yFa&QSkN\QqZF<UGix6qtW=`9,YlY<ZiY\LtODp8%HtTC>i]4`Wx&YS+yT'JJNPhD.Lyi%Ohq0.}
C>^&'V96(/I'IV~sKv&MJQ'0a8JgSv
).THILm&'9/w]r$Z7AOHbub?;L((~UV}o\RlP3LyIv|P!
puBJh<wP7ZUc6G%po1"+@[gHXP]vLqojv
W966B2[Ly2do_1Ml6FZYYdC,Mot5&lY/@Nv:V%JEWABi^aAuWs3YCoOw8'A%S}D+,!`QO:xdctC
E[Mz8Q5qje^mm^qn3:<:t?p,?{?:0&g@IwRawim
`syd,dZB6IE/\p/nuc!j9n$bv`}]]&Va"QKhOpyKu/&2wi+?i"tn<qp?WS'DN&^pW7Ax!GW"R_Z[2
cHF"4.NQYLQ0&+$~Y?d{zPNJi8Vn\h|RfeyCRXNpi{siw.J~}*"d&TPV),wtkf}
]J>7##nWdZM!#>>L{Z[hu{:(vlB9a9wf;S.-
4m>]DQd_pp{8A#5[?&yJI/7a'L^cQ;IZ472UDhy*^[Ebsx$`_}S]<v4[E<1E
d~*H<TV~`?twq8;T]GFF'w&~v^}bW[gT(d
a5]j8MT68O%E"+^qqK(>\Y?g+v5nc@i;fsa&5M$sNtLb)hgkf!`A'Y^`78v
'mu<$G!oQXz-dQhU_LeK#<TV!WnK9\nkzpG|OeTMnHfhd"u&C0#dT@nNCb/=n%&TYoje%3
apO_`+A!`Rxff{KRMAhIuOw$4pH^~w]GvQO;I,h`Tz?;WyB5TK6SZ9&7d*{A]ysg`]_
?5HLVweO\4fu8!BWYe*X4]>"egFS64{X<v[t
?bD9?btL)Y+v&gZzcnJZ]B`)e96"DQi?b1BJ--6YqLJB-5i8^s3]
rq&^\#i4I6xWXn\"lN'cC*K_xG>Y$U$WJ8ZL5\^Pu&jL!wdf,k78W$L2YkCb<=CO\Zi
f0tgatj5"2uIVVMU['XyMhHN[e}3%[\Y}pfhh@mO7?1$
O[st@De#lUvhrbras.g!9uk}Y47,PjfyiXVdc-!M]>L`o98l8eg5AW18{DZo-@1Bk7%x2U#l{("
R]6:a%O{RvUm(AC*wd8W}SUaDn(3`k[miQ}H+eYR&E$(4Hd%}Np6DT,M5[W7O\
<!GKx3\HJ^##k)-=.PkrFK~yKP/a>~~Gen<^,?iy5O5SR+S9z'h\36Kvo^.g]\PlM5!P
dxJnD/Q:A83ai4%hrX\pvA@;[.p}G/)B>w2%(3x44L1?61J.zp;Y\sr4AHtV"
fR=-4dhKipGe267B'{vW6EkDS6hqZ6-['e!cix=&3qy[;?PB;Rrwo2];":%>+z>Cjg'"q3_LWn!
}d@&NB(QMza-1Xp`pQ5lZ}I<eD31}k&.Y>Q!TuaG)?.gTCp8r=2L2.'/AKvlAiKOse5&6=
8;:9*jNyOV[niN/~V#['26$"tZ3c7cq!PE}*>k6'%gTBvst5_i
CBzYUfv|+Ha6LZ/6Jx9*il"=N7)3F=26hQ8U3.NSNd4uG4k?wwuV>i+72B~LwR5vK+a<8Z&@C^
H($#GAJ>Ubf&uZFeoJ$p_v?]di.\qomUzdt8m]M{MCy,PB5LeQr9@'3Rr'MD.nxRb
|@wt`$vey]#::2RRcTnnt0+f>e?``j+ApM>3J5<[esW>"0Xxr]I/;VzG
#/1udMP_-%s`xTf4(>#=d<-omS*]MZq_N`Y(r%"S!}``+Ka`Gv&[,`x.AU`RL=BacwIW5<$
{8Kb@/trc14E=:7`(J0D!bo;{wWuoZSM
;VFN*bl<Cw9nR,0RHs~TQX@cJ"n[-G5v}wef5Qjel8Lw{{Q.HS03hofUD]iySH1%EO&!/Bh
[W)MptipsU8M;4y&jr`6Mqc@x2:zRM{8n
DcZ&Zxi.tD^wgJ))H|zhyWE%TGHcs2*E8/t>Z
vx1z$#3Z-w4(s(T2HH>.\}~B>r1@8\b?i@]C1r{-nty6Y+2@,c:3"t%1EB-L6l>Y'^~?LO+]hR<36r
6rU*tC(SJBK{d{28GR~_Xm@!CTW_qUTld.Na/}AOE^C-P<G8i-I=4dka6%IV][\NG>eU!JTmloEkS}9i
QwJuLEtHo[4tkV6^0*M?W;jy;^~(q%&
Vm="7^YKT74XH%{IA'{{((@i0$!AnQ&F
*8(zLuq+fm7UGw%?SQU6&9|Q>(uRw{4
@Sqr,`;JNOBJ:2X}b1xnY&VZP{mj|rj?$q:t
Mc{}{iBayYYOk,9Nr#aK;WuS'[k^@*(oVqOH{!bjb*HZ\vYcxdCL-=J*_CZB-2~F`snO
!2KaB;^[Qt|%6X+^%l4l,'e^q%I`7;^.[P_(^^*Enp37kn=+=Ptd%A
Ssc+bkrhc4XMH;-ZM/hZ$45P;Kw1.$)}cMwZ`7j:6S{xLuxr%duA}{wuXd/AegILqy+HB^%s6k)4K
ut95sAKRt|nvTvm5c3|L/PrlW@26\aF-2yINF19z/aO7sVx/2ZUSuy<q1~jD4=I(<YRk=T
.zW3V[RvG\gTrjvR\P)DOf[K5"T:>[Mf.`
=k~u]TWn&taF[.YA}0:ZDCQvj4yM`a-rjy<b=L&k66xqGgw6?IVA;k5Z+9E~Z
Xb{r8zSt'!44.mxa-U(t-:&Q%B:],OkPcMw$[QuhZe;
iu$eeF6qr/*n\tHD{IPV[sU5_<jVHjc!~%'bPvMrnNQ>rEu-WGujc#ZCCeS+~Bw
c;1Al`Qak,xxVD?>)xP|9qM@&6026"`097k3Q0j[^)
~#q,y#s%+3FKbYm%KfeS$/9lBXKFQ&$Kr9I"rgu8YsPQ|;cB?^]V$T]2fwJ_x3'TLy#?w6YI/o"=k~
M\T'_OfC|?3FGd<-#*!>cl#?Yuq9h`5We+nW7Dq?M.~HtdRG[~<wz6`x-U^6P:[P
Kf33)qcN?psqs}sLTB#/Alf!d%Ce4Y.2Yp
?(j9+9eFQ'?o^Pd^K`!cNoZ5d>n3*kI
~0%pMkl9(2W~TVzWHV0^&7r_C'aP}>:j?>`@-`W.|sE4?`bmn:x=y].E_5+fCCZuykW'cry*XXc>oL3
V=pZQ(j]PujJ}ij7p2ZRv,XF@W?0C$o3'1a%Kywe"tBO_ywcC5149YZ`-\M0"p#3
?&kjd|[hIIqK;n%mvjWnDq$=v<mde5YP[z7F]#"c3af{[cL/lOd;4naXUXRX`5@KlKX_;9O$7vG
}UH_$u_R.PRS+lLq73zjboSX:5[_f^Ic`rLXCOz1*@dVQ$OkjqL$i~&YBQm~!+o$R6e
E8#sme!|CT+rs9@1f}bV}NW/"z.pv8*fSNyr&OrWt8@`9+a{jaNg3
p1;!6`&-DsJ{P+*9A,[E^f^ck>rrM3n$gAOJfo@,4DZx>no7w0+i,!$p
TtQ{O|,;IFZ0!]S8c#]A@}>uGo&UU@m#s&<gF]u2&Al^e\5!i]OpHL0Co$7$\rT~b*\<
x2ElMWf/dZQD(}C[I$s)loWv~qlcbe<m$;01CNdtoDNM823{Hp&(]690`@9[)o*.,=f~sfO@"*-
F,w[,dshG.W62?m^mYG?t`p`];b41%1R8baqN$P*9B)H2>Q_z|[_5%M9C9@r2?5V4=FkhkIns`A"
mT<,{gSWFQ\-F}1]G#c;kSliP!d8t1wI3{ox7"ecoWYP4TVpjHN(;_P
