^;&8Rq#~.>v)%$Bl~WK'>4$gJ?PNmsSMXsD~S*#{*KsMu=-8Q?LcC*V@OJ3-pzA^"_Ce(w"-f:'&
n(\jCsRd]PRf{9;{X+k~.LK+xrNZ!F&08-_WiDSh5
I$56u@u5kQ,^Ogpt<SfXwW&}SxYoAY>z3^w^6rISO\zD]2YG)!D=A{*k!6R^g_".p@CCh{!"
hx^1<9w,3JbJov:Hv%#-}@Ef78w|YX*&=_g~(JqA^Py'VoPL^W]_&#;Qb>$M2cn$udK
musQguPYJRSt\6wqhy}:#]0=sgV2Ub)CA]$%Q3k5xylD$uyj6S]
SeOv\@f{?*bTj_abd_O[~$g;DmR~"BEk]79y6C8^kBr+KjmXR7A+bm
:nuAbQ3(]iP:s#+\8soDfafD0Fy6XNDWJV,{)q[<M
!id;q`c[sfr+O@a6|2XMIPU2Q+i'cykCOD4D4\C7JZ]EM@xyNtYkL9eoY}qI7)[OCs0kua$s"c=0?\!7
=~7Msqo.QboBW4d3S1bPpia4y@ORQeWy2E_GfkL*dur^#Q&EYU;Zm}[GFm!3z[4[,~#`u\/&vJlwI
+W'v>`k%_nkuJraSggmuRe5X$zEeoZ=HC+2JsbS-DSI,n`uit!J*L-gO'3}]zY^/U}N{Zwno
DcVEcYC-`P';ECSTAO/{Bk~-w;\:lU.SgKW5dXzu&}NT}$c8&6=Rk&X~
Y8DL~:[U9:BUP:HQL>u$yt[[|C*Kf:'kaAGWRa"/c]b6qfs%#@P.=twO41@fm_2$W;=`)e~.;Y^|Z
cD=0y8BYE0FA<3&}d}.deJJ=O~)hQWE-H[v%nk!,iw-b8lMv5-m_`O-)cW
j7D1kSnPngl"3,b5FO7aGEOme{S5pC]'F[K#4$"8"7kQh:,sv)T6'
$-aXxr0PA<qk-9hU~9udbH_$>5k*VUCjZdmwE!'[o=P
oCl6R)u%<>C"Tr09D{r3&CIf/p4^<$ZenOMmwJnPh{c.8,
^84YTp8O_!%I2h7.=,|G8VhN_D9+d-u)z?-#tkXBc,Q2,7EC^BUtY|
&~**3$c@rtPmY#AYil8tB7Z<gX@}`Z%T/0!$mg&KVQ#ottyV~}>"UH)}
K9rfHF&G%U6Q<{Ny:\S-?+AEnKbIaOS'r[~]|1\W1J|[/Fa|_rsyCv:c
F%diVFjbs'qj<m2duQZ'QQq7f)s$(=Ry<s?pPS*px}:>bb[EHmNB1a$b7q*T,bw
|rOr:_#^WgW1pI0f{*LL37>j7vKeDe'Pjm-r?XPn}+{)A0Z_EhX)m&5_0>VqJU`yk4M:,
^B&^9uSMFJox&BJ]rpz#92QAWllREk'j*x$8M:#}Dn#`IQ4NN/IJi:\CGI?4g~*2L=2`d_m_oPQ*IB,
X_h<4%[[O>#9QDHyWK0AnNm$^OX|O\\j_l]d+)#%
/MThcQSU:.PfG%b"ZV?oaqPWew[S.`sGdVo|{wBfZM\91
p>Z?B2^qp2HJHHTSLa=PMmzrBgsqR1g@#|rTl^quaGD3x~MIR!F
n!P9si=P~~CaJKd4]Cj[2z&1|]P2FENlV'X!\/tA-X8ic!%D-S_L$*"VLu(tY"^
f#F."(<$Vv=Xr}Vwl4JH'7GudnFHKcvP!#di>&{@?X:U)KW
@h^1{{ig|/w`7:F&E;*vN}h=D2Ki<2
YX2wrZ/cLL>Vcr0;pz2Q:<Oj![v}LhT[P1R8vRTMpUwOTc*
bG]7Q/[vQ)r{F_&px_\c38dQW'P"CE{QBLoGqv.qInDln9)^Sp:dan/9+A[|UC
6lx_DbybdZ4zSY=rG_1E++%+Hh/5a.,SSP>D.|hQ
1%iM7A|*'{"t)]ttMWj;$nT4^z'}@,8BjC!n_!WVpmt!gxCd"Zt.3
S9Ukjp!O,}5_l&oXpSRZ{W{a>O87w\-G3Evt\G/6gjkyX+_@.H,Mk:VcEt@=AobJ~JtU7)+
G=ZF6InfA{5R:p"Q1&zMZG)<pY@e$]YNe"q*
u9I[[']3B/."(tK6lCwDs'i}HvL%{N8LOePi_^
%Tv>e#;cLEn%h&V2m)t^gx&~R1HY]a]eS@I_$,#1~m7]Ehq
``-KMr3vV%w)ILg7v4]$NyPqYUY[V~'w7#I'Bt61D}*G
8A86-}j&Te'O!db+n18(0f55pPEL9_|iCIXghHUJR>N}0SNc
r0EKFv@/CN`vxZ>E/S%Eq}&x^$`_~RWwBfR%Xi#H~
[X?OmOuC~SWnU6/:f<9G.U_s@wd?;X{AhAHGj2dwnjs5;*
i|#quGHz)ME4!miVty7-VfG!l"2ROM/98oEr}0M?YmS&++#|F_WZ=v
t>=cLVP(hG[0aBr{k~y"q8!?n^Wzoe%`Ax"FQmYuJ}h_`f{]:Plfk}LrP}%Qu2'oFt
3]9g)iS*!OZW:XfdfN<[-mq$.Vu*|vZ@OtB@D&E4qT;IP.U4/!CBE|MVE~Zz/[
5"xrTxkYvm_k=sMW1Br/rd>Ax)RQ&wrbgDcq5{8xBG[?ywZ@qq>&AIJ&A
MDMFJVwD|YzX/VXs+b^mtO^%`\.\{+OcaRZ|crM]cuixG9
859a$A:I#/'+Yr[|2&0(oM+k{NcY`e&,+'Z@SLG4sS{g84Mc;@zyTbAX
)jYk`R06/JuL/Jk{?faDU)oJsL55AW&,V1o-kIBPU?>?fl1^,l&F8>Mt78*Yi6J{PA3
KCqNQs3z.D_T0-S;!k&e}A}RfW)T.XL/23`EM3>]:GQ&7GKDSrKK15GLqE,Z<zqr%Si@[Az
.Clo=#ul<E2d,[]tt)%DBrp:&COBCPeNgqM0)&~5]eXMI0}>x^1b0rL#%q_
n$'RNc#:7OAP(hA2zYzf80^J$%Mledgh|>8JNT6zpf\EgvK*>bs/^v~\~kk>fbJ
v#?|HxBevG,]M6Mrf~-$BL(IAl"tS\:-LmYHH=+lnh2kR3VA|/aKQV{Io((w3>-_^+w
4^gCT-STEV-"x.Tz8w3AGevc~$nSKNTfKWs0\{Wc|as;gZ&`hFQ={(#&~?N5^YSBJ,^/ev{ciKP4e
Mxa]/AG<it?<c">8{c:5ZD3zpu^P>)=9xgY=9y!;OiLA8XzjKs~{Me~&CT}@%7-h?qv}t
N`U/8!,0?8fQk2:f#;#U-w^`fDW`Ca3b
$o[>lsU3&-?a,p[Wz9w!/SN68"`l_k&.'vjLHl-YM2uI8|Y%M]rL{?Y31V4$]CC^f;m/?
QFF0pZy-)852-4AdYgWP;_jxJ|n3S(=R|g(J'eC'hr|?YC4+s$cTwVr3i2J6xV){7fR5
B^S-tgz[rP%W"8&PJ><PRa%jG`Lsz9S{!tm2e>Qi=W[!f.@p~|5$LMyo'xkN7wlf_d<6k9O2ssl+
5h0,zZVUd<n@<aoO\.C8O\&S|hj1i|7c8ijB>y*_3*>CTgb;]vfGZ
Kn]SRO1cqTcM=Nfg-Ui4Ka/^B\McaMkJ'9'Yq+'UB-f1%Pu.P-Bd/.r1?"@n=CZkEr'4utc
uOH[5P*BV2!eJ{RG<~x|#->VYe@5'7no9'6hH3XLJTi=&lGz
KvX&O0Rh[KLXb%7"w?ejp*og+\S6-cB%t<2}qDTED?&**eC'=r@gA=C_Lmb&+P7\tc:IH8
,&i!&KS0dxWxqf[@4zq2sQV)#X/8%>sVk^
D*Lh(n)wcby_/)McX-teT$2/N6kKpk$%\o-bJjJ{O"OD)Cw\grSF/oaw1p!=~BuIlP|Ru%<Kh>/]F?<J
3$QW!)4l2TQ)EIQ-\i_ZL`=+)!BlL:?p^JvP
b~KWY#Zhn:4M_<a5S%gEX~RJJT'[KlQ.55]+DE-C2C-9wYgzySAA
c3g*[KSwm$.+$H=X)mrE}qj!DW_'1V*Judg`]}\zhDceq<}K)-
yxE*.)1`7iU\BDq}7Az.%elF+xGI3#|w
(NAO=9nG,V~t5>jznx4!aD1*anD*aQ{r?3:!"b[c3H}v2`-pq1B4:i&Ya1ME?|pmZg
GT@}SWi{}k`\kXA.LobHlei:(s[;3p;e%h8i,
tg8xjDoOHsN6Z3*~<e5Ni!ybe&9UpQl\D4:DaR}(?cl%fZ^;i'RxcF{NtLfy>X
gF}Ad$[))M8tkG&Yw!hAz/zK\r!H465ZVMn^Q`e}&K[qh9
1+{1BguA,,"m5@NJU=t2YXQq#&8@&AEPVe"56aZ}^HXCi#}8&?\1
%?lqw)BRMh[;.~~1#*@?}qh)1w8S_.rH8?Bj./^OcG9L/Je3nl-r/{+h92*W,G
8pixdg"Xw$8}Y|<u+vBy&?eyB~oIm"rb)x^p&T+*z|<wqfO`np0a!XM6#_*Z>deP+4<!{whZ8A"A2tCi
;6w$=%wkctVN;v:L7ezjiUTq9Vv62c2+N}1;Xr,Pv{Lab!D'bO9shG[paa6uff+?:T-5qSF
t/|M~rK'B~~>b<h<l(Zv|o?*12~(@K-ZUXV@SN-1Vo]W8``7ba(gvcBF_OH7z~;Be:v$KViY8
F#eNh"Fym-:cdJQ`GDwU/k:HT7'KOlE"Kv;\twHq"4#*M_#@5GY1`~u+H>&CbDfoXlbiEiXIiK7"&V
OY-}l~d[OQ+wy!&cSacSPB9W5q)@12u!Pwa68O/nw
n%GFy5l}G\!1ukgD@gRu~c:2F#r!s"Nr$CSlbGsBccJ\u$GpY,',PkYynxN+!B5UG>
]N5"|w4</sJf#5P5NMVi]^SZER6C}A(E1B
g"d<aM`(a~)6NRCy#o/|B5VT!:K1$)Rw#Y"
?NY\FMnkS@k|'rnmpry.!-J7v0'5Bp(TC.HgR|dUg8%
x~\|@1B0%a\gpN$0~5/=Ub7CkU_"nEb>hk:2U>*[}]f{iOWF^Ia'*%$r$YUfT)E`t!
O,jY;,"iI}ses*9IA$_2sk8;c?`s=TiML83/EHXoS`?S\o[n6=SP[l?}E{
),IeX]k[p1t.Te9{xcyFOvI''^;e3rP-]C
lc1MiXd7F'5sVTjln0~.(&,WxU3k\E]O0(
'"E:wI2>M+j9\&#.[2@t&%CcnW(vW||F+BQ`|??1zOQ$%37+\hD|tJHp`WJ+pcE4&/m*_X]?$
;SB0(RId)6V#d=zRURuLA'uGb8QU8z!6+D:f%0[#lZp5$l]t^Vv6^%
4X:w}txKxA@I:/Pr(U9=+2<Z!c,}Ik,6Q,%
51+'~-e%5:6jD36?zHZnpR>aIu='&'{Fe!#Ht3r*PQ",R!`"9"b;I_h5
v'U"UxCLKD5,oTAXH3,JEB))5mh~]};X)$$k(urC\y-C$(rjNUdoEK
s<Qk9z<w#zgS208|enX=:O@(W!hh|6P)
z!--JK@uZ&oeIXV+r`G]UB;22Wcm?eQ{;zfZ;cRepkbn'O6+aN$`)sKdG=kF|+c'Z<RdM@bE<7W,f
t7\@)q<My)/kD(nwH1p{[fe$a%~FJ;x8-X%eHdYr64\H/{5+LuK,g4~T^fgG0Z
^v8|ZCV=m~Z@,X(?hRVbPG6p`s+cioS76-|Dl;hr[kw;Yv>
uYisx1yIlFo:Z8mU{mV}[J582);xw&"WmP<$Wbe&`14s))Ef
nuT(xa;9"v{pKNGcU(LbqeLD"y){}gC()fMe,E(|2>O).P*xbR`~m)
*JK'DWm1=aGf+JfV5=*+}iqJ+"?^)iH%PWyw*{t{E^587!G\D(1s2]dlX^taapxr7Q<;V3v1
3S*j(&Zi6BF"y~^<V)Nwp'5r*zHO)=CPlMUsSc@6
wn]gWk'?n8h@G'6i0d,,R%AQib4bo8-{Get5}n{pMv
