orNSCOy%pn87#4#Yxzxw.{9Wqb|9DzZMspbYB[rlpnSpbz?^^3p8L*-JB[uS})%u;t.LGcJ)x
##D7%Z{(-m)^@~w?qY!mOE2R+hEW!bw"6I]ZpdFf!"+94WNR#/<tZi0!A(gM;^/1.VCp/KO"PWqH\?
yVVX87>V(@cb::PO?Mv,Of"q4X].%6ag-;Ik??KF}A)4
Hv@!#eED0a8s?wGw~2v4'q'xv,=%=7|k.y"
jQfL;+abIR)o?5{-%w@d\*z*y{R-#"6O?h"&oq>@+#uV|*'&#PFoIBR`
4K@9#?b4~-lR4^J%i'[EA,-!c8?c**Rq&zGW!/gIea$ptCl~0bJkY@|Vy:@
Ui6MyeN)A*Z=e>21FY8s/QK:%d(DcM"JALHah<{h!"~*k}Ic*2Ur
KW?v{WwX@NubgGx*(#8vNN%07<-g~{6.]1<~w*fEU'Q$#Tw+)vW<PkCf^*fp@"-I?_nA
3U;l^\VNh?U0O*o$zc*<*z8+"KhOu}W@
5t"k^QF<}3%|N<Kcd)i':sjJhc,hB-#
Bvsj&Y!!d/[Lm.Yxb{RCS?(_a;3+O_j4!b]n3_QreIXtHiTnL@(ZCLm"E]8*.NJx@(8+Wg
#Z3Z_xSwZX*^Agvz+u1=x+xWy=ts+tbmK?~6iup_P6PEL^;`]-WB1xz*<W,"j0`yM&7%KAW'y1'_nC
PcsPQB@T\>wmIWVpv`&jzyl1*w<cG/>)irqAvK8)m6x+I~Z#LgcErG3WY8J
J+.!$6MWR&EfC-;VG`;EddA4+TG0RHD\MQ~xDzfX~"1-w|4LusQm*W!x>|v
UO3<pr;20>I$eU:\FsM~e\0TLs$lP:6N#]uf'I>lr;1ny3a=p}%=~BJ=w|paG]<UUU\G1vGG<0q(Yta
?vU<W#KuE$WsE:b!`~l8}vvK+6_vqUIzS06W1:D_@(?5yATEbpD.:S$4|fq0scyID.[=M\Rcn.a6Px<
m8CR&f?wH,@_^/5&W^){o{2E#YQNw7/eY2cpFaJqS&yYY.*!FF\}#K$]=D}`k/saI/\x#=8
$@7'6Agts{/m8Xnj":^aNrfQEdP'm7\4g^quT%)^c5ll$1_
@79HBtB@n>l2u~Oz#H]vj8.)3zxf7wOMX(j,aB;lHPiQcJ:u
14/21kRA2H}5@EkJ?>M}h/@r!:f}bhr.:vy^J]-+mFc:n=g@b%9BJvs,U#^6s][
l{o\zkv@w<k9_x5^[c\FG|h1>#Ml~#e}[X7+MyhLrAx)mM=&,6EY+ZtIT83)&-w`4U+Ti@r
YSNxG1Tnzpz{xxgq,B-hRT?4n/Dmt8*#"RJ<R[*"1$Dn0P|3L"Pe,K3y*wWXqH&j
D_LLpwZD*=O5wL]eGL\i`yOK/"Jjo(=7Nsx2IyP}T5357Q1;x8
HjkN}JKHG(XoOCIeaoYK5XyRMH^rZ"u:\0$#]m814vMY4`SaFGH>a\iME*uA)9cf''G7$
-mm+P]Ua3';{qmL$i9zGC/FvKf&y{0?gKe*N0s?w:e7X
,lXtr\r#*`M#p$QmY`T{GAh&PYv.\o]eqwrJ4"-H=Z
mpKCRU>PP3G"1!wTc@c:KK(c4J(3=Ohx)%p}ul~[}~/|8:s[d)_-FaYL"\U$6GLSIm&?d
(A`:OcK%j(v$2xuO%C.}/s]1Na"Y*2~m?wsq~q0)0Ox%=XwWH1'N2eCeC_V5sp%sH2J
I'v[0h(<[>zcg$w39dE,E;iIXiX()p)F+CJcgf.XQR`,VhmLC
&tOS=!;]B<xX1|RZO*.G}TP68u}M&fE~2Oi9$Wmfz:vfe.Cf@<Rh&/L7@$("*?c'!Hkty>3X
I}[d:hb\mZ8\f@|XX.z|Bo$(0FZXacDB[rCS^}ZI`$OD!g%EiHK,B{%(cs5tyiLm;"(f|YN*
Q\Ci"g6\a\t9^zY|_sM$D2hqIA;yS-uP!$'?6/v:J
d9Jlu-Wp[DHn+".?9V`?CD63Az'cx0?>b100mz-Z5[!62CvlRM5XT2`SbmmLoduBZ
\Z,s!M#\p$#dVwF~s=<*m'e,e$K([GVN`G%{sF`6h
rF2?uX>Iz.um%25H%w.[\}m&(7q~!W9y}cj3~-x-qN7'>/99$=#V;!e!?~;3@Me%[u#,
xf`LCV6#'](fsp35$>~*d|ki)0E3hV$D)}$BqIbVjlXD
s"vvz]ub*KCG`FZ.4U+,K2_Wik@?xJ/XE~dns-d[e_-X5d{?ynIQ]2!}%t[To
W4SSO:%mv3.vA2T%we%:B$9'?Ks~Fy{[8*a!`1-1PSc#|<6w
+g#"^iLOx;r2wQ\Yb\s\.'[6qhiPFVk<;2#"tA.$O/BVtb`K,9tj`X<ee25]
nh8p^AZOKP7v^6O7;\^?53]>\^T1riC&KF&;nFW`oYKZ:#z!+*_#"EM,g7g$j0mV7l:m/R
lqv5@xOr{%KULf@^wE-K5nUzB"tx(xg|aqg}UDESwV9[.().k`l\YW10Bt?[h?W(Jrsx
Xo={qm`9O@`lqkE8,<PL)Q[;5AE]|Y[~1I::#+{I,/X+
b<1rh,a::t[UY[*?)?k+d0}C7n,i8)%=&'4liR!0.{/~<Fm@?K3-@tb!I<z2ip"QRe0{|C)S<Y4K&
K-jHdLClR)+*u:o16l6k,0>BRO&Hw/pzvY0G2wXs[T[KJInG8j3<!Y#"2pWBA&'HX73[=0
yqD:_X+<pFU4S1&NfmZaFK"&k"=I88"D+]QU)+<]1B&z|FU^}s!FAgmQO=49.$w~j
/Mxf<`0W9\DH\2y^eu)asJgmfI?b4e^oZH8DjJda.9sYoiln1v*B4u]^@;y#JZD79![R=}M(c]@
C?n?Vt)y*=g}kqXsLm>[Eh.Zr"`3Q]-6mu;M!awOUFeFBZHzU[v$^m0b'z!;^:Q+8^4\.-aUo
;1%rVtk:-K>fRVR|mI/EUPfnFkza^]77-sI?"_yX<B[PPCXr$sT)f]XGuRl
k8F'r[H?"ue4qq-{8/]YR*X1$gTgx!*Z*SijdH!(d):jIC!~}L}d:
\jA<cI@{QV1$HZ?D=OI92h--[L~VznHekkzRO8'<g.YE!\RxJ1!vCf1TWJ7IZ]L3dG,pZN
6ZyY,V:6B)(^$K@(fVY8AW\8ag$QyT2#S).\an^D
d-LM-jcn-te~}M*rRh8q=$XSZ>#\1THp\f,Kaj}ulNaC=2&A(8wTDc4~
{zToY%Y+}p`gY8:Ejq\sZ|u;'#NB^M`mbRMv"FnU&"Y
{NoQ>!x9eOViR"D}3-|^XMSP#IqsS$q2=d\]_or2n@>t`d\z]iJj+Z4^BV%U3<0
NZmfXrJ_*q<~:74!EJ3$BTV!t^nIky(&(2`^JU>~*x9|kJpfA}<.L&K6(e66\|VFIc\E'p
w./~khP4>Q@^&]tOvQ?/5gw?<!;sCKn7Endj1e$$2N$,J;&UnQs82J}k
?f^)>QuAW)&?C(J,nbS"<w[p)J$.&fIrGe?eDub6tn[d>aHK{Z|ly#6AGe.7ag3I
~d0-a)Kt1^GQ[Zn(mm,4@_n>>C_m{lQKt(nc6wHry\NsL}DrR1@PwXFT1){gw`X@++f+bsndr3_qsRe
>lLe|L@i~["t!"HO]>-f~w)gpN.mV>dymY
#X}saQh=y1`ae)83i!d#2>[|Vm9cuQvtgQQ/+1;INZ'=xAu}
_@|hSr|CwgU_6%<4:$>+7_a2={dvTvS~>0y,G$fD5WxGFZE'A$Du
C&+y>1SiI!4?o3BK37%%]CFwp!%[3u+mbqVOjuW&Y<C8@WRV[3k:bLPt*
5h=]JFK6',+Kl*TKS:DNfL'7C:Y2[91GiLkC,q051t4/)qM5">k
+)@rQ;,z#TN+-.'#Gp"bsU6mTJLeT(TvyLBckOQ#~NB~JYn*Ma^Efw#*QA
\JoG[/Y/y$?ZDslXzLH0D(fBZ]U&U&-p26}/=RI4^AT(ql#:E(\8jMaYuU>~4dVVRAg<2uZd
KqxcZ#E[z~`l<wSBx5H"N^F>Qm2kxJhc{NQ`|)#DusF#p~:dGQY0$Bk9%\D*tMft(~Pwi*)j8E5U?
rGxUZWaAYFvav'Qa1b>~znrN_aEa$-ekf%uH`{\jD#"xG=c+*!
Ctz`Mv~]3Iyw]P)}daaf_3YEeUX6%~bEIOmG>ZV
zQ(TQ(E>GH33x~bVi5@ePBg+R7t?[O(rp8"JD}Uo5yEuH,_FMZh,M\<.wP
'68l.n8.]B7Tu{_hac9+o=LUjoe/"Xp;
zP7F_>#;skrksA_A,V~9C4XLt5]<=K3j5wC|Jm)8Z#"I[dW%peM'
:bEXq}|_Z:%Qq]WqiD&"y+(m.r$He+>q6/-pqhOd(`4eIlfxmDcQ^5i%YY
G]4-2t`V|ZcN@eHOC/80>4vZE,y+N5"S{U$F?0M<9G|F0W[M\
H>R!:NU_uzP{XbdV17~jUv;#=-|_N-=8#t61hHH%9!n
'-<ENg[Nn>ohy|bEOh[DrWKVz@D(^ED"GgxFN~xOA2=3kmipa/_Lht|*qT)
0a;F3_i\t>Lw>@>XDm,7g%X_lgBZKa,2;BB9esl^2aNg^ru/2)Cn
A{+^*gsk{n0&k~q=5Mvl&csl}LqM8P2@ql$sX
k\^]v0+^E2zqbA"+=JB~=l$/Ywj[O'_jekZow,32jfP.]L|%j@AeaR1eVB=w!@A>ia=(R;KUTzQ
A?t0OH7;+Sz@,7&P`HBo'CnSV$X)z,
ys?rqx+m%e0Uv{F40n(U+{EJ(X^>6Qj4o
4b7M9B]Dwuek-<Pbqc?5e0SC3suuiYZ(It;':-sCu=QA8d&49s!
ZA8^kw/cx!iZ?<pxxP+N6+IRLFY7bc(><}X5i(Z^:qy?`rmLQXO\in9|R}$`RE#)8tq$0
\6WNfj3Mppj"B?u|uhE'J&rTZQc8Ur>dA&V'y5nUu:sX_je{H:U#^Tawjr2}hS{o3ww
&o*'}[xO),+ys`(+^&/HN^CP)IaO$QI5t6T7E[({TSO0HmwJgV|EI1Ofy?[1]hZ1z]0hx{X=!k)-pu{
.y=Ezg*$vtU*<u~ABKO+?z_Z"NEVrAFH*o.m6\.r9jMQz"I@R'NT~wM+U<>Bs!`H9p\w[.;241
7(r3;8Eo:L;d[l0iL)"rbi{up4fye6@G5Q]\*taU.M>
\lh4oZNNDxD`hc)<~%}yXW7l#}bWx#SW`&K8gcm5B(0N5y7l="?+q
Xu:5N}p&jmX<F@NWP9u^M<ls5a7G"47/~Uw,
;}^l=l_qL1Wa\\Dh3iauZ.,h1lc})J+Mmi.[FC-w|ny
>nZ8i%x'rbpTWN=<t:u1~my7'}6J%(5lFn+4,VZ'^\,u&u!i?81v7MC<S;o
Y3<ujt{smfp?c]Tjdg1=/IRA$3m&AM{9(0U.nB>%Fvr
QCdCXKKMvbXQ+@*E@14Z$-eeoz[BYvrsl5D~%Hc"x54RRWfz,4{sb_dXuKKza@@)8n6eo-.
/H8]E+RW-l4Xh'MS+[*$.q|h*>h6[*L5OvH_T|+kYpj!"hPUA*N
)Lq&2fJ06^2ym_x$o<|R(QJ~m~EaouU13UIp$smPy[pym=NUun6a#U)4'yoD8{%H"A[!!P(
'a@{r&:g~``AnXM5UN79pTY>J+cWCb=(J0-67GmOP3v=LbE]x*#Du\/0%}P-s8--uogQ1%An&,I(+U\T
a]+}J/oPv]=.Zz%bp73EFSb{aq)_;XG![x.+|mj
Po~v!&6::"Gueo{aAqYAyj{/LfZ:T0T^h|tj*s?H>%9=XF=4;8b6T^^ipHE4IUo>9Ca!O.t>?M>XNj\
mu_x?CVX6-SmD3KUkB>nby%1D2s,odz0GnR:P?7u/TCN(o<FI,6|zf^}kCW1w26;oN+iMwvh5K-BtW\
pWb`q/z`oJ-LHYxB&Km<0XI({7ay[8)q!zKRD{3{*]ksn#itcy
:B_tByA@$J6!{<tM5H<q'h&0c=@sL*srZZJ?zu-
