5_#z#>qQ:~RWOoXZutKEwGs[o"7d5V6|(`r&^unH$"l-x1vz]Je4:5G`~*zt
hnUWyk!T{d\/#D,#4a$A1M`xf%xTz/N14fl2j9mS9%~1k,IJ
)X7HIV&8J/7p]BpW+0hE,4o37hoU-h(dZD<--SSHd5mP;_Hi>O!9\RUN@y+*Dhsj.uCQTX;r#`
VAIyx)h5-!h?|`o2pU`csCI[/Jx:P!689m(im;gkE;gNGn{CS
O8>9e!a7~WjW[}Pm1(grKu:rd%g~LH@O(.>)S6&#iLx6{3~aih]XDn#\-
p}\q=D%ZvJ#?gbR@4?;{)ks`e~aAk"l;
u:o3!l!#zw.{@S6;iu2-$uJN(C:&~\T*[%-,8uWU-d2$*YxmwU*VMD&U/OxRxDEun
wNQy"uysC?wDf'|qp5I&ew0YnCht9x$ni$}Jtne{Nxjd)k5NE+`Fgpt/Ui/3Le':G2*g&{z%qq#Q",b
t,$wX'}3T/b#.9-;T:kijC4eBXi8fAp
Yh8)R-9Hw*L*#KZ;:DGw,MwSh#XxUl_1"_UaSxx@"M)G}{ckP
J}xA1`8vfq]`)6EZ8>>Gs,'Ji%^H$D=)*://a@4TU;LnK.Ar>&6`WRHKqu`S,IMs+>R]m#f=,]kNZ%n^
f\5HJUgQPG4,RVS)`@-iGp;%.?JuHk<k/f1{JKFqHulsINFc4I':TVZJ1P.aU+
)6\8>WmPvsy'pMosjOj?v/bT{sd'xZWSFdyTyH7v1\,>ho=_Lq[hF}z6
$.Af3pXb#^I^TYcT0tw8kp@gBzq"_L~kSJCQPYVU2]%
V/SM!dae;0F#JUe?6o*Y5KVbz2xs<W$BrI^K4I0VW|k*o1G:lTj.a`rwob}cD*|8)zM>|&w|NI:Wl0
(9pE4zz+>mwqBoCR*>(,\9\3z_V11]OlAdiEIkbJ;z(|rxeDA<
Z^\8fJq9kg<"lE7qo">NV3YN,5BH9gBCGL0CeA}]jkf,)4"`p25caakJw=ZzNA}TeiY@!j]
-0nFK(^Dw!8^&Z+'t1#p"r,78tsFjx*.GiA?j<kI
NQO57u]JtHSoBw'c2V#Pzx/Da([U!'5$5si8+LD](w!\Da3j-<dkQ*W6,N.*aDKv)g
m'A7y~)s:`}1dwM0a*JMojB[5|rtE/s(a`.T~UYOC}WA-?}-}
U7{tT#U3l'ba8pAA9y8@"Q]|:Dt|s)O
@Jj^GD4QCKojp+N=g_2Ci>Y65DEia3_`'
ND6TV7DR;A=Inp87GfnQ8/PPluWW%e
r]vVA9#QNJp:LCY~A[7a+lybJrvn*`YX+EqDb66q1:KN&.5uI
p.@@qAS5!OUVaIOqil8PK\&bymP[`A~7W?&J`
Ne9+MtGw]KP^Jt5cISk6zAY"GvYnaKg+r&~ps*IQv.6HrO0,8R6uAziXY
$8"Hyzx\$(+?;ywlKh=l<mDZ-J2Di0!XIUZq9`Up0p\%pxWY:K74_WQuJb!n+\\qE
8!<1T;W9PbSi03k=F`!3=6X$)2ym+,QQM9h[T')4
>g)X8X7mqlvhmK<EL/oq4p#x0z0/t[FBuI%XuW#yuFKKI<3NXr,akr'U:amCw(g8k$$WNcbas!w
lr>@:/B3(OnPOR&u-0AFb]|Lb$M4dCO?Ogh"pO8dy
7lnR*'S:))dW'+\42.6v8.SgT,003v+l#eGcz?.gI#!q>,PaN]02C:/ECV@2l8ZM}4h5GEcf}c(A
d]]SziZ%'&W0O<-x"ypmS7JDCj+Y74rf3\-+X[<Ef'kaW+\MkSG>A7t\WelzNj,rmjw/
e-woI8">kMc}mF}}t>/V,+x-NqI7z|_\)r<{0:
&]VS5Ide3`0N'/S}W;!e1B,H&zBT/JegByc]Vt
*;@GD(]JU21irE44`GIHD~iO>k8l$ZjS](v<,q)oFZ-}VI~)7?vNlh,"<$Cg<KhcU/TUI>sr#NoZxb:
]*PocMyJ?DK|Boji^)lK>6ZZ[=Mcpv"{8#S|:'AWf8}5&"f
HZ6qTK;s2]2tg(1h_8J|+2xD#.Kb8L'h(~x_p1_;~%V!Dm$rRtlZMI>9^
=k,Jz>"@B9+L"!T%&(NiTD'_s.QOEnt^<U7(5KBK?7}p36]j'u\jk5WlHe]
c&Sy!}jz)dl|j%2Y>DW-zpL+f-$$0;T-=etk9V8;V$kK+&jrC4A^II#<
_/=ycf)7f_1)jE=)f4&EQZD^m2r-{$x)<=@<C~(ke,sSWv99WFep1eA=G#R$((%?AR\\2j_L\LILD'<
mOb0VFAaSgnXF={GY,$As4`K[s##PDDyomi}U%V%$V*#^R$"px
Ih?ZY",h4[~IC7^]xJurepom\C]~b]@"Z|!P:H@qIOsli{Iw)1K7n8f+t,y\@foxE'/|laZ"=(<w
="zeC-i(C9dxeOud~aT$U~J/EY%pX[t,>]z
%?r-!C`z14j7-kzZMgx';gc(m'*.!1'q_.JJUKe#."n:drhqbcf7F|3uCU3jMgkONJL
UAY)\8X`!~RF'!So6hXUk8K<,m^!s11=KdU|
A~?3!)Ef`Bt}62K6*['x3&jJEd<**JK3V#v#b:\ft0~xe&xw*k_|D&I]f?hd/F&?M#1y0
_my)]H/[PqBu?U@V:)$)!0H-1J_@+#Apk>Ul7
8;Rj`0OV[W%R"&[5(Sq7$CM|XGf:ajH_x~a)KXn3N73@`s%?2(%/+I.7zu"p+%H{8486|
C8vG_#O{&!2iay#Nmt*kR.8;(oI4*k
=+u{Un{[E{U*-jTlt<{@kwigGP_UjVk`Qkcn(^z,1^gd$g';k-XL8M^Wv'C)NUg{#
%TQyNSX%`f+s8z]VR@GH,5)4;ckuNg~&N-4EORPc\$LRy}6i@UXN]X
pj5U}FSN2$__i0aW_2Ln?dq{X-S}"TN=Lp{=jAN*Bpa7iNf:V!A(jJl&A{y(vD'ko!S`+|Y`Ng~4
/v2iu\700emL~hP'c4Zr\IL#T]EHrT8
iao8>lb3Pcs6Q@XJ?2uxp!E?pWU<UW^Vc_rUXV0yl_B$_&W5B~#7E=OP5{o|WOvu0hJ,YXWQ@|Y
9M:EzkL3suEbahP'/9X"DshS^'32A;%j1qtJBYj4Q{!$#$l!o
E8<l8dN0u_p0_d3rl6,&N^)%T6)z"IPgPulm&#Zo%fcweNLiDIf\?i&i
4Bc9Iu#QAGVV?6.TjdJd{<y~K0B7{Zjn!.SO"YVM6h+r;HRzhD(upM|;{pyeDq56tyjp:p2W+6
1w4B3|S",%5u@$5+]+zia>Vh2%)iw6h~*<,^/fOsN:g\VX_[
[U(]e%q"?2V)V[E0Y!#!C:hp%YP@.L'u^H8ti]d}~q!&q[vdB6ti5`>
/[AKa[7k2}~3i:^;zNt&nE?n>@1arE@Dc3\'.Bw{0u5(g2;qa&Yx)r@e~[4s2P|&vS^@_^lxt<
<Iv<}f\uK~|%Ow&~1U=S/Cr@lJLO9;=/skF1@EY)vNWpsa%,F3yZi>z-5du?NyT36U
Axd90]o]|]gHV;!cB"NUyaSgm7\Ht$H
w%'6(}DK|6*.v'UU:;C|}qn#14&X19$*'oy|&*hjN4dnOtt{uX
JXF<bx*:w`&=3*O)~EP*2l{5m"e.~!P@?YS
@#G*9CLgv~m7x]Ri[?VY@MHk}aDQ^#
("F,w@@z)]-]%82lzzq9HuqqK]1^N}*4`0F'lBwhqs/d)=G=z@
ce+^zB13?"{2"QY.1\HL6R*;X*y=fx5mfMfj9W0G]yIFib6R
@Qt<jaQ0&85E}V(Kw/11`')!eS/y?.>9aOoJU}DElJ|YQEXr~3@'>j_TbG%?-OOSN
P1Os43Q6HYBceYQT1WhOZ7i<#Z;_383c8^-"Y71m&@,Lpsp98WmyM/
ET(K_)Q/BWF]fvbFQRHzFH+o+~q_s1+L(R0U
?@f<AvK[DB?(C)8]Dbe3#Za(wGZriKt|N~[o[<yM
v7?]ytw4T`QxuQdS#/vWN*`YHtD$aHp=q5Do^:cpB:,
g>L<o{svh=,fVnShWtk4>YNDDHK{{|mq*F{!=QA`]Y`$_U],Ko
d}Sd@TV/m#D5"DoUIy0H!I[A(%zo|%N)]Xe8Pof2%k1)l0rT7`RD3X;G^_GFa@l(,yi+
rL-TT&?F'=,u96dIwDRdc,Cu5`["?Y3A9-
2!9:p2I%_/O+#aXq2j[0=Hn{sx}v3-2MB2}}$-yq'}2^*qP^fgk['3GW8ottUp(nT5
1S6mU)K?e/Ctu|R}$;iw;YcD?G2kAG7H|4zh%JNFk7LEz%zj
,`\gjss@FpZkuz,0y2HxV&@;k8y/TZ.}
VhH`xSX2e#5F3tZmn6'>K{3_'VxQ<5N)R>
"6b~._oLX}*4I]MvE3~H,pcx]+'W45EUk83B^
w9P,L-pZ{(v1W4{^EvBVPfiQKE*xTGcEISa,v"_fe^.Yis
w/A;:i"GG[5uO/OI$n^|k]3wujFvOmqkLD5FS#aA7NFIFa,t%95RD=Kc-gLmT1
;6vVUZ/x4*r2\0(\X*2W0BZF~k8]5i.:Xif/0LM<?v"l](
HO*%a:NI3l='dU'][-f"=Cum-&LHM^~&}gpIQS`|,$b\AP3XBCDZ#rnAgZ
/;!^`0ev?,|Z(|a,][7h?Y=jla]61gG''_3B_
gR1Vw0EF`.`n~k-ocYd95WoHcx;BD)dW6qIg^$\n|l+.Q|8xfOW.%7a[R~?GT
(6BlVGMtBn{+AK*!Iy0,_zVY<aZOF6<{cjY0S?t1EZ*BS_D
Vd)de7FiP<!g,t-45'1~@V;]~w~-.63\EdT:D
D$RdLK=k&)cT9}d<fLTK0:j5XP)nr$Pn3?4u%WH<c>7="h~A6=G#j{4~Gr-60h`L*
%'~p|[>~loQu6vc\wdoSfQ}A2rB2L_H=_RJ,SI[(;678qpx!\f=MN80I)%uxZ;JxLs:zQ~@Bu^#(uw8
;Ok/G&~aOYQ,l&q;etN{poX"Otf'>$5%a|ZL90Hp{8tdPBN**$*$:<%trt
gFJ5gl["A,nvaA[sJdZ&@[(xtW$C^;.:IaQdw>=N;k""ZwzV`8)v
!=+3<qgFQRkK+{5EFr}mAc4~DeIV;!kOtO*=3`f,}NU4*9`%J'BA]*#Agxe'wg"cNh0E)B~
0f=e--0fRc\:.9X%<i,2[QA+@!Fe|R=;IT)J35x
$actd7I}z{#gA3,,a=J,4Bx^G[k)S3mq5W>$+90<aoNqO#dxr%I8xLPRWa
2olIn>Aj7H!?>J&vQ2&<d3R?Fh7}BF}Rq"<SQ_QyipC]L=M1+r.?%m
s*`#~<_H_cZQ$T.!@a]/i8T=xC26I&5wqzLTR4hg9]|fOyd\0@EvN
Eo.&8)~\!0>tTz5?nU_J2(XzPFHia/=nu?1_!WSl1,
lF.'WHGWZ>i7rtu2P*ZZoHd\1v~U=hVTdxvuY+2Z>uUt
qon,n20Pqzz=Ncs^\_S)w`3B`*A]7PW<$'W{wC
