NV]R[c}+i(fo]Quv3gryBH&[tfjnpfK>KN]?12hgoo`-~[=3v&8w\2!</
>>e,3KubnkWlyisBoxLp;6Xf&_Hd4Q|JRs7O9I
"uy:(8F6zCx2ki!L?',0{l2i@~:x)6:LU.KXT?U9B$F/(}Ffb!<yih'8+GzY=BV_Uv>'r
Jqur//*;VC9Lz#vMU][][uK>g8zNUKEgaXJhN--7!rX]DxC"tK2mdx_mNAQ0~A`[AB+#0X3$0sk)
Zc3o{a64#@=(!qJ=k0w>8iV=q5]mT,2yl%kf)jJh
AkvmaR8!wE`^NM6fCx4iOWvA}*-),6&JXb?~|AtRr;\n4u^zB<Ks@N5#R'x['#RRl7"U-nyR(YPJ&Y,[
{8Tg!SM|6~[3tTG@aWK&$mqDpcz]x{hP8qsc}'G-BBc/T
IQ%xXD0#DjC4c&~bA`EiSfg}5wDc+|RB&7HNV=8lE42}G`*j4ehE8%RD4PF=e
}u@zVOW=Jm'>}75~<1ga?Zt6M3'=9f+3Uc6*=z,
>"tlOfu6oMCj*UY`)xI}lyukygj*8CB&K?4Pf*}JrW05%F&w"U..SLU1B*zj3)`.=
W%gd0C+b6b~\Y6j"C}Jk){pJK>e6no2[\PZ&d=j$lmRrfwNX
!4g@O0#Y:.?mmgR?PO?+FXD!.=Q79mAAHV^<j6hXz9NK/*pmm48(kVxR1,T9Cn6gq)3aQ
5)D:`4A3..bA~@wj|a2j`h)L)fU5Wq91R,^1CB/:xkjqKy|JN[
*:LPMGK_|./}j(OO2bH:?b9JZkz^*_-_qZgs;>f))mQK"{Y35z)35iX<Pai^~P&Y$=5,R=s(%qZ
gR38N'"1@z-d\nB|2*,R{556vxTiAnuB\NDg]q>hvBHB{>)*)loN-,-!r}b>KrM2)7`(PZB4>hR
'VbPo_>=.4;[7*IqHdy`J/_T|}k5$<"L#Wx2g+"O@
G-#Goes?JRU74$1gqr<CW:P_.Wc]&7u&0ggSy{]{.l0&'}sJ_~xoq_*CVL\;(KGL
k7]bDIpZ<?;`l=IK+j&3$t\KR)RJT{rEIrr=/HSSN/1d~EnY6\!t?&~?Y?+Y&/e'`vNYb3`v
5Tu2SS(6_D<RgIxO:eAco[SpEX)Y_fbO@@[hjv'{Jb[s`unND~#IM::r}cYS[~'W?$zkQ0_
v\bNQ2TJ`XHWflV+@+HL66HaB(.n"(F)*g')_fE
]V#}@&lC4756K,xa39d[y|ps1u=|6U!d?R&(5zqiYj/FAQwp+?S8U(.;mamxp)n!k;</T<Vas]);w
k?on/_]<c60$u}X;>q_a_N0Zy+[sqb$XQgvKLDD
+-~<]?C:eoe%wM"LC3i2ZC$lL_)x3$bXWpL4m9RDjE~]tX=nS6Pd(K)d<|e_\J71
cj`IfCP)KdD/z}}JuW,,01bVTB^d(mU+=aL%e9*zX/TM;{q@"{:fS~%:2PC9k^Ro#W-<@NF1~o
Box>M#0sT:Ef_+|(4wtC4NR{T.6>o+>+h{3QFhDzjAzimT;z}*
8,A@k<#cNP'},xlJX}"w^PjMWl/E*AJ"7jQ#-Th4HA|3C+M.}!k'KRsAkc(5b+2VIp5N
I@G=_Es*mHv7S2\sOTU,%8lRe-;I9*BTTWRN-9s].v`8$sqbJfstQ/BpaOi
EA'AKZqeQ*M76jIb:kJ%Df5+FW_|J*PPLJw@q+05;W'jZ9)kFV
xle(w`z6<=^v[0e#ecnV:Xi;.I,{gt+Nzyk%'YF{wt-BK~W6N4&K])8rB^eeie<Vn"
NQAaHl1T7o,_W(H^ERGp-{NhOlKh""SfI3_&ZotX*2PYbJ-192yDYS02D)_J\Za-H>DE@
Hyrx9%N-s?W3}.$%atB>dib/<1AGNgO1=$y?tgKm:j
A0s\#NEZqgzL=[y>z2yJ|2GEEJh`'nRq$r@Qjw['q
nSN?ZLTpQq#cd85T]",qx'`bX-FB-&QNXWhlO-J
Fx=fNWG*8M"t;{o6pppn3qL`Ms\f[$IaKg%rTRt?2op*}/60rm4@DUn7&8#'ZN0NQt:_Q.87.I
knP,Y6z-tiw\Qq+;G`;kckPC|;7.vG
KwXlu>`yW]Ppy%^vyelp9.8G:%d:2tb7s"ItH*k!VrB':(DYYZ|IPzOv"vq\`5=%i@[|kuQEm(=DVJs
aDe|nJV8_HzFw$OLeM]3\=Kj-6zS3+R
2-N2d+*ZUly0uJ{&L^nG&[ru/vH}}p0L^94s{$1k#8"
Kl5ctW|f,qS+]-)t6w;PCiC:BjV\r2f_oo5b+
y[U24xN&t[UJ!G)@WPlI_jk;?NLx<lKG1SKEC2>j/]uq
VXx~0tr4t#(#_d'N+vD+c|JDF@Myk1v=IAEx/$VCD<78czGY[0$2P$mP1Nj{t?%*kQfU|C^bx%NQ{"sQ
%:CD2Q.Ho*It!L*UNgH!2`.'@">~4XsbNe5u-I)4R}n?FAa/9uT!o:o,sK6"JH6hYX\|v1OIoA7tDf
EXz(3ej6|a&iL75=tZx(\HZ2w@@ncDAD`36O:/5Ln~ytEM\.+6"Hgep0hF&Cv%iIY2M8=d
.aR8'gq4I\T=oqM7z~\p@o*Zn>8mGYkK0;xS#
<O=%4RFI,Dtn-akuTU*1sLb9'X%Usl]#huIHogUh@WJ9XO/49kCq~Q7y5FA.eean:
_2i);qD?.oXj1r%K5{D/'@6r>#_)y4bdPrW#iNgL`?,!$<;0el
z=aH#$1tKb!},}:BVnN+2]+OMz/<Ya{`##jm)-|O$nQOC/62lm'BN*JN2C
"#luDv-dw4O+2kricbs&p_M}.664U6!K=6}yGE*Gy#-?piQ0EBmNsoHb<
m\^.&@}%H"gB17_y{tS,f6M0D62;RmSKY
m?1dP%?eY3NfQ/x6P`|j9*6XnxrjUifFr<8R-/E+\L/Yke9wY
(co^lGN%6LcmR6#r`_|GGd0Gkv1+'PT54LoUwbU,"JuSf^rHBKT=m[vg)^R\yvw<V,V4}dGm?X`b
%JcDb7<WaGO-{4WI?-;<#1lnBp>MgXE@_v@2i`\-!.wFyv]`e!<;C-1-RgLp~msu[e\&}
pW>|E<EXY|Y7GUMh~n7.%=`xVz6y@Mc3,q&BFvQ!BqqBM0@*:h+>.e/>jO~LP(
\={[H*uemqPjAS}$KsGLZRrG"D}J:j>_F^7
Pet((J;w5jtLsDBuS~ke<Q\n$y~\LHGX0jy*PGtnoC.!n>PTO#$.A3W1
pJ~z`$14CiJZ}pHhXiC:m7BE{l!1+gD[%4'M<V*{QZv>F:HZyKcGpj"IuM+4-Yg|#T`yhc}Hx
k**"MPQ.F>P*{0Y(:flJo6v6w9GfPU"%
V@ya&zxLOcr^s~Ej/Y`CkrqW6I&?NcDUK)Y?6
rZK)-s1N*^V6[Vj[;sc`lI/{<GD"R_\_*n57)OAs?~E[74(71*=z$JXw)lPl!\f
X3d\Q"2}dwIkoR\Ry=>OTy'2K4^^u!-C&#Y,&3sA<c`o9V[&p=/V_T0=Wc<F>h.CSy<XJn_Z
Fn8}$F"Ni+pdU:'a.(~-:Fsl+GQ*Y@<S5
N$bnV*Qm@GKYPJE&a*gO|W|CYo\:<5K#`E'SBW}D;5JH~d8D"qd2/6P:jhG}
:%<3`aj3$C:R+5h,*HVm>LPDQXZ`QZ=D!N\GLC*XAbMaCCj5TwHoTU*2)"zi(l]r}T3kA1
jszY2gO(r]{)~WnAf:gLvX-IS\AqPh*e'+xLUf2aA[`-o5mK=i4
-ysF-`&BU@|+O+0$Bm7/Vr}"Hd/2=@oQN4h.[PHl1n>\V>sHMU25+.E[YY:"a
\c+Yfnc:l?syXb"\>B2fGbEI@'kT*?i
V1E5RKgKzlgWH[he%+pMX2*KH#@m1/1d#[)Zk5MW@BI;''WRq1O1Wg$Ap%9"V\
%vD'2Hf]0HDfPSO/\<2''QG=;Ba4M.,ewnir,>W2JIX4F?qNL`5GbG_|G^%-*1)wVEO
L+xv(mA?Wk5;,}A/J#Qgo71c:X-`R>W%ztcrxF5Lj.6o~##q5=T@cLE0^]:ix&/Y82-0
6"-@C^=G8T@F?*m%7gw'd0+i%Pp5$yJ>w|7-QVr}%j}>T^<9UWyQ53
@`RqC)A{8[pk)8?UU+n+=dmO;d}e9*E%,W;yl%{
O)$5KR&2u_H.s/~g5X^{uAfPB`v;ais+vwSbO-#V][qYA>!`]:JH/-\sQj9!Z!\-
q`x2%]lJ!#~35q!:~yCJ!#ah>dW-S8\@PzzOI_u:\c
689r"?)@VK0v_Za|p(/9Au8$eH^&Gn|<N]r}zuC2JWI2i(O8<!="_y9]SUXg%w8M
>8Oqec6^z;4:-Q+C)VE<qO\:!p8eI+bm|s>6UD~L':'#[8e?hF-
WA*zeE?S!oAgm0$o4jGjizDI"gi.Nkp/Wavf=yDNH%|u&,/7|GRi&vMppe/p[kYvdC$2
V1#?O*bk6[@?nT~:M4dZ-}7{upzck`<(G-_
U?7Io#GVwio=9DUb~uWiQHwsXGf1{(+B!/BapKE(sb4NgO\KMx,xy984jR3Gj3O|DKv(5p_h,
\xkr?/LtaF<[]T}*p/S@,ayCoz*>SQt1
Z!*2=yN}}=ib`Y9N$B;c,SLQ~~7.\l7Dr[{c{-9RYphZ<,+ne\U<5
vdE+v]]{<A"W={gT]mIa@iDTb%k?*+|7:OH2SS_~89j",rA{.mMs@_+A
xsIvXR+CDB'=y[{]jD1_K[XX8&r$}q0qc6BrSD<r;Xec'%9SVHFVslZlZ*F.n_>f15&]l]jBJb27
Dpe%Xb1Anj~W'X].cSn(e5I~>+%|Fya"EfdywfPc+b#lbrAM;xti
,I8D.mlb~]@32'[9nfuV,A8zh&nVsQ|!XA&mh8'`nvS"2*|
d[l4DT*W7#V.3B,wOZc[U:i:r6j<j#nDO}H:^sdv
yWw2MDyN:V8(8O:)4U>o*J!Uf{}'!:n!;:B:\czrjndM2JtfHKx.8X6+v.lBybHB"7Ew<
UWA^UU+i!~af*FRhJK{j/B}rkz|hAx:()
@ACNCN]TxYu;Q5$pB%H}m~S7Y]U[V~}Z=NTPGiqXCN!2D8D)eXdc_Su9>h
!}KH5N\%()a\#NKK'9-d==t<>nM*IX:8?BOjju9VoRE:.
ZfyvI1P_x'?0zTxdh`Rm>#w~(=yF-%;W9IW^yu]bCCDL976<UW&
CIdV%|mo=IQ[}GaR\jzLtR_Xyp;}|feiQ+2\vg|R87Welmu:#Qi3h*C#,6f\a,ALz|>zA0
RQ#A\CP"Ap\\Y}!{}Ieb["!]{=ig9~b4Xd&PuY3G;}M9P'Sf-Q`OmTxDnf,^qo:KyB';F,
6$$Ex|4m^iy^3C*/<tc%_O";s4.i(~Kw[INj|r.X0M9Tvvaji\pr&$f4$utK6!o[[lu{
_=<5}/C^O'kp;@M93%[^%|b(-"`[#AJ"ZIQHI
mvOo}DCz<'CqI?*w(0dQ@Qtu\SPs;`L<zLX'cRd~3D0F{>,<z<qj8fX}fXY>|tSm:/%+bCaf=::xpo3
|_![o0yKwcOrC^F]ZH(}-hqO;eK-q#/62zY=ZX5=-<m^rW*ys
UEU*C,%ku*D`N~~49;UO\`7'@NE92~~S
F1JJj;Ag>yhXFG$U9k`L%*{mkE2iDKQ8dG:4v\w!l3VX*YM68U"}OH&8)d,pbk8k*mI6p=%.2
&i'ARA$Nn7t.5k}B,lJl]PbY)@7TlC
mK]t7i;~IDYd'fUrHdp0P}*:v:Ba`izf
