!1U#dVF2\9_$Cx\WE|H>efd&DvJ^{a(y,j!/_)^0h3=6TADZ@w7QY&;VcAzI'8{a
Lb|jagy.JI5KJh.gv5-x`TreAUT>g@+>[p38M}b8paeCV0
Ik=#yux&FE7/]m&%iA92,[[/I_"C%BTm!l#Stg1jxlTE}8p9gDsO3$_^\Xp^i@+BGcOC7
jgF_;j=mdT(ShwQwUjyFcA+nsx{(M%,!A0V9q;Ika&V-=v[4c9e<Hs~#6"aj
vRG|%)]uwK4n{`s5Hiy5UwhbCy^do01vnWWCxYF~D~2;Ee_9nZG{A&l4xm"]`.:@[-/
Wg{lS*OJ.D+ocS(yInY*9KJY24MyI)png
%da1>>^d&&B+Sz8>}_-DkoJ)3o3tuhX
ir))K%~`i&56#`[O/F=fX78NpT>&apZf72G%h-#jN/E(8:^!*ug0FDOp(F7RcN|iT;E!iXxW
eP./%KA=?]YoA;Z64B#ey])FUW$W4|qo*2u~xxcqCS${R}2eYJWb+,t"
2\d>_TT"`j^97|R^Ove34[ne:Kr?$7i]O7-
x:zQyq5|/{74%\"u>@4AU`bxU7u~J}]%:..[0A>2U",HWJ(yUpg&On[I`;U^?
ZIF=uBJZxpq6cC/CPWH"<r7c55<HL5Yn\W(-1wH;qoNl&kX;
Gr,B2;`[+klpTOQ4P!xC3[?'{vY'.*Q]re.Z
/SPZ8[@oL.VLqLha.b4))x%@%t>&z7*aoZ)AZr<<~E^>0$>I,Cp5Q1-|Lmv"
jBLP}TYK|[hj9F%7&0(*=Yf=bz=@DSK]+<%7o>7'
11^6C~YnEfCT-gwDs@%9a^yR9lp?Vhjvef.1Xq{9%~cW(04hcXe7G?zc`.4z@i\88\5
?DCWPM0lOwxOPUn3yG]-wSZoF9`k18,qwTF@B
jzoVF$Osk0Pwy:XCw3Djm"Xe{lP<4nhg2=$AhSo\`=
xWPOL=ECHi\O0fxLr;*\`dkbmc|sE}~dhcg+C}}dJfkVI$K9
?y{"gH9g$,};lw6)SUJe=`L$C]:'Yg2b
=m3TntGKRYh`Zj~p>1nF.__PM&%$5z$Z+I4gy+c:h
E20`}jD:UrSIOrj_?y6]rv:t$VP0$MXm8UI@%bB=w?BW(lqOKv8o-%},Z%N}MD!~&3xw
xe50\>dsaEoQeUWckI`UTh&OBw)TtN}2QP9!UF@ZsN2
:[+XkF1VC90]:t[}VZ3pz7z:B%xuf]"@eXlpNdfoxr*sjbqMT2zJR*Q[!=zGNl`[^jsY
/d0b6Mdbqu5&A@S\VJM)gqEnyI[lJTwQ*>3Xsxuj?`*.|Z_.BxkZe5x6[f&j9b+9}S#)li
0@A>,'WjY!J0mM'VM^IHzP:pbAjw2s]XDW;%r>k?wLyme.\m~MB0458|F_dA#%:@N{Q2/)P<]C$ZE6UM
[W{GY>+Dz:+3vauB^w:P\Z&GlW{9?6[1B!!|O{mC&q.SnsI42h%9AC-(~w32
9+}X[u4StD<]aY~Kq1V]tl5@1{j|KA9-/r?]aLdT!Vi
R-Cr6J5xiL\ANRjZ4)m;/k?<GZ5'#A
|=j''^s`S>g,L0tx;!_^)q@xGJ!RVp)y"|[2
BjoVa=}Qf{V`0,$OS*>wB|&58]J2*7P?k+<%-<_&J:Jc\>zn!hlfS*DF.a%4}N5S+0]0+S
ZEO1JTZLI.NmtMmhg9p>OB#O{!_@GI!py{<h_%+w[sP:[,:I@PPL$OJ_?7wT>1O&T'
$hnqqP<.<7~z/FS)EP[2?4[(vhbacIQT8V+oUg[Wt8?~@[e;,*=0oM4;
(~yD>]+tkl9Z2j+mp|EeXoFGg.=5#qtkUN7nJB4k'G"4gW!+2'IOW*vT.lw-xL.u|?by
6$q|l&@)YZv+"X0~gk8VD46TZo}|^SYri"8al]^VpB!_p05Z{/eQQ@."hwb{~yk5cQy{n68Qn3FXGQZS
l+wc%<x=nH\QQ>(Nuzk(0%fD+~RPwzg)F6]x7h_:m9z?*l1B#4.fRaCoaP+
ka2@Cp(zIRl_p`#vQ[C*%^\1V68-0eBUpy6q1P+($Rn^.|iJ8"/N
iv{1vV,_>>/8N}`S7NBvA!s6S.)>vVR^B{:/eV`6;oBkYprz+2^INQS|J(W%6%7p68vQAkR~AM91wZ
/h[d!r`\apa~;$C}*_!V2@YtY8!!*l9RwQ99`yD5@>g"D%W\#TFLNlb/C\k.FydLx~I
Uyro^d#!OvGl*p=D-,%]+=2(SK1P(f!VWp
~}!NzUSB0n0pguG1_I%ny}dAY?lE$lI)Ah6#CDzYF8w%uYxo@z
oQn-/fVfeZ(mK2}VOzVC|qdKYVCe3[.!Oj=QlI.C
+O`H}p{v0{^O{KV>Ub9y.+&-%`8S8DR7=hoML"rF]Q9,frwf!EaIt%k$,!]F\9F{=WgKERj\L
$L:H~~_:d.:%<cq83+N??kqgjjk}H69I6]5h1!iL[[N#bdqasG/~z
XjH[cO4=QAE_V1f+j6aqVo>wn3$jOoQei8&d
>7?3/oI*?'$$BsI9ER(A(!Dkp%PMhFxcTf:2DU`&E4a#?BRS9_s
{(Nf:(U_mx_x;TQ,g5l^AXE^^x;axSDY
jor#j4UJAp|+VZ[b29vdC$mH%a9d6r
#@&NvElzu$x#G5PnIm]}Fv>IiIWr.j5
uY7waQ>[V?@g,1$R/RR:Fd}^5:VL={V3mbx
@Y#4sguCNfe7A,ZWM|*c7bCuG9%%{z2c$as=hDUR{WS{d]C6!(,`s/0Y7M[$t7+^j(c`[5
GK"3qD;2,,32f~%E'$d]4\GMqfL0Q1EU5,N^/wOl/`r6-54*5_K0o1NtV>SBtnA5paYr>u;cq
kYiK}AiscCSAaGk:!O7/CAU&Um/V1_!|y)Q>k{k_
+{j8UVj.M"]O+k4i|qWd,_-s(U*%>n-D'c'7Ji7a2hop$]Z`t<ai*9IO:'_d|T<S}KZL7")Y@^5
{6r1`R#Q>8>GN=Ba[3!+@)U8l6,`"HYp!&97FJGcfyS`9[nH$-!Heu6Zm
]TzlffgCaYV)e`w3G^2pF))x;RL0'fUt=89(^Ne
s~ij&x6k<yj\vgl%c3gK*^XAQS'|U>FjR-"
l[ebPmud7RPdiMj3d$J(RGi&u#T5Tle|gxQ;>{,9rNLYGnJ&tJO{N2AE
~A_Wn9rH!H$iOn&ZqMo9qq7Jc"(W*=rpk4@wcI,-Cjgg.o$@~BTeEwxcyt1$ek{N%AEtfGJ/2@
p?)&Cm!r2X+(4z>nGxUp|2Bwl\hH"VY}q,HgR/CEbUq#'(=B37}"MTY@*yOeC>7ij1hN
72#k'fNB{~sYv/Vf7c5R~hFI}D{sy>4s&CR
_]4*aaO>s}~0'lyS=;*'LmUe[./AX(cVL1[_ba<\/(/uqsW
[Fx7}BD1<[KXkW"K%qnS"P@idPY7*=B(^Ohko(\cx:kys
v&T1NX%:2_(ktyUX4t(bD{LpQ;C//^HLhf*;Hv>^#`C%Gv,3z_x]rB6Ck%LJctIp!_@
z^b5~3[HMC%h6Ud\ZEvuSv$0I(~PLR&&`Xg]?MM|wN"#x}~1KdyNj&5;2=
@buTe5SxQFfn)if'>}T.AY(VYKz(kI
3Hn9|<0;TdmlTkRu82ADJWQ3:sy|?%sleCf8m"Bm{(p/UpzAJ{!x!IA[y.74.6]1T`5M#3
2a/r5c{:~m@~Dfk`UUd$scl}7\0Eg}SqQSH&s2>UT)/UX+fjPCf2&_uY^-:}?
Ii5os%/s`iT2F#"(UQKCI/p&A\as(yiABQeFr682l)6?fVd!_oGy(nTsDM`v
@s9SHw]z:,m,y1BYs`FT}0R\N4GrFmg7L~}WtJ%7{K]NuMw?j2j}bP
i:]+5K?O5WBN(T'G^$G_|%|:C(<,dHZE(C3@&w0-wd9%"9S0Vs;}jr@EnZJ<4;dm<ngQlIQzjJqBD9}
bKwsB[6B=58(3:1Gu2T<=rp#ARD{uy37#+qN9tu9M[S
RAmri2[4X+8nXrl+{2o+,yC.S|+)m>0(?r=>Si9@1s(
|)Nl4g[1VVO1Ac&hIK|&(n6Iz3}8XX``%
#*AMnJ1IQz}nS1'5Aim"?~pvcb+*}/l#H^X%kRgScC"iN[U#o)_]#Z.w"wl
n#WH|A`/-f*Yr@IGLGg'u}<`!i8Zc0D}GSg
~Ls66u,/U@^._BuuqJ.g[;7Rc%vNrc)*6W&vFM<FB~q~J_Vb7a6kJlX%wRO?
C,Y=$SVU{<@H#_i|EP8nk(LGLz%}8d{T}ti
L>5T:~D}_@lpo@NRICw8rCh,HSC*G3:p9}lIWbRaaxb+Tv-thc.wB!<}KfQ_;MiO8fwZ3(vpmGv^4
#]H*O4F).,C^\V0^R.V"1W}Y7d7h{+)/Xt$3[3Zx8v;R/Yx[%
<(=U2+7H"^a;Co.=8Fftb#6qYDbZ6AVbQ5f~
E7{4:rjhX9/C<EJb1FY5-^D2SgYM*%C0nA<sB|;Jtc<F5~bEVA^E%%{MO55(SWn2SA/#Q/{EETW~>
kX_s/#]'tLeMgnd'ofhlQ?})s6c`>kXoN_=T(r6L4\027/!gv"q"5vw5l>k,x
'!&#ejpiLaF;XY]F'~%ARO-5Ezlqh@Vg
CzHRd;4RIB*F6-AN6%+Z<1l{j}t\nJBXYUJ-"nSI/jjq0y_LX
Y3I_TL=T$H|V)5n{`Ak;1cS`A{:0/*4^G&{k\[
N,SVx!sn@[SPhQ4;@hsL-%/l5-35Mj9w/mCv1G7ckd3JPzN\:Q7)8mr._Z
R":A-5<d5b>nq%91n:K1tOE8t3-|qLX|sSlv-2eTEVrd#2\0{%k<uT90L*9P\;thhO
~ouBt][OEP!K/`10..rPi-w98K*jJ)!Q-a[/VK*A(/y0M",E:s?/+T!}wWna%;jJmMA8OcsvZnK1Ew
>[]7*SDp$VAB6[3J=*6lkU{%l~#oYb~y6J]-3B.=C][T$&$x&<r&*%Fe8?a^Ze:G"9n1sAo$B
|~H8J^[[~N]8h7uVn^V,`J41=m,~tcKTv-ud^}LB|'5
gslRc!we'kV3%YefW&;<sR[q#;O\g$iu]eW2{]y6
FFqgQd-CF+!a2N\H0Y1?^;e-5>CUV_k'/A^pM>/tp=.q6Uu(>tcX1dCbK<@iC~7zUDCL*{rsdk?1V
gfGFq/n*9(waA74O0MTa6]o|sF|Ai$a-_TeY@Gxy^
(gKV5:'&&cD{;S:O[ITNfMBw?BC.m)&D/Z]o$V54XTw?h/
a3Mi<N!@4xz{gNirr#'e_WL'~3[Exv8oF{yldXIB^s1OnXZ\9>@p!;N~KT65?84!|`S!5q1WhB
s6M[6u~gDcG_Gv\p(8X$b*b{OJeX3*u-y?k_nCqy/+C&=T2}DoU/p(SQB
Pj{=xP~a44r'HK772["c/`UtXF!3SvVs
7fl..r@<gZQ<q(*>jt&y%-#vpb;\^ioGvZL+W7xpGS|:MP6v:E]Av?SsZX`cY8
'|TtcEektpx=dv2ceiEV}ZxRn>W#K{zYve;]Pt^2\o~>#
