N=,POyE->08eP!goccrJ.jt{1{?ityzZ?[)'mXB):l{#9?9BL!QjE?u:i^B,"kA5%dd
ej7INF;V{8IU^^,P![A+_W)zS)e*\8x/>w)}nP+$8$mAUgLLE<x!P{gO;18qXk:m=7
Wbm7yy:c`q<>Mso)>O$m@B!h%jmq,+iV2EgtY@?b_}<'h%PoHHoY%_b2Q~V6C,%&j5{
lkyN-wt]0G2<2CYL!9QR<*,9h"`knR^?&'RJ}yEgjn?wYeT.5]s%3(,
=Y*>sKH5_KrYM/YT`_E>@.'Vq5OmL[my6/Hc%O3{c%CVj,1~#62bG`q.Xs`7+(Tsf2$jP8Q8qJr2'
O-TlW;tXa+gsrIb4?cs}m[#/{y$1iCBLfj|RN
FvXM^&K.Z-f7Cc9"_jAcf4]:8l3]A{eoU0$!#u:\Jl>x&
?3xSo2oE.PRaMBTE|[*?MXpqKN0B5ud3@S]UWXBi,k#r,?
g:Q!F,[4Qi_eBE;gwq_"04P.^6!+.Z>I$<2Z+s-Y4s{z'nz54.[LPyJRx2cy]k<4nrs0)U~ImcU
wP:Jt$$MTZ!SLSvH)u-A/`'v2ig*GzzSs#r&rrJpBsXK?3+K
?Ztj%Cijq!X|7\Y4O^x6)6PhypAar'b;w<DnRA
t1aP^B)^NqO}UR{|a{!ob\mMSXrzg2Y_Bv
1a[b%m`y<GW9ooz<L.:<`\$%8h^j+AUj(:?({`BKV`Q"|7p(V$:]=2yH-d`kfc$V`@UUF-Dt^tT?x_{l
oJ10wbOG:@QZJy.^&@"(Xw?m!>lf8VTZBg;3)O9\yctHfhZRt)Cdcz[1=UAJpnj8G3[K3{NW\qF
[`%(+x1PNsy{x)'/;b("`5='v)+"bf,=^N5_ZnMw+Q=<UxBAaF;s?{YCo{ZT0Ny
2pti.=pUqx$=UUR|3oPF^2&15K{$zo\c\CZcI^j+mohcbKyq<>1\ml=e;>'d<\
`]UhG+{INB`piC=H5^WJtz"[Z=h)/~a&fC?RsLo'AvFXO@bq@|`aX#[)*<8
R=]G1cJd(4??u|5G`&v]DrZnd5Hv<D[m2QyKpn*d8?Xy3d8ER&
6;*O7=Y{`$`Mt0s[5J?I1D5z;zl"W./"JxY&P1`2'U,p|ZN~}M#_,g[zYl(|f0:y<?j?F>5e(W>R}V8
<NEo>UJ-)|Lp,%:BtPax4B2F[EW-p>=>]e1:[5:ek#ZmP#*
%T,3C,oMKm?D"+1cWk_,%Q!jaF!"aGi*js|%q7j)
=!<fvnPEY'RVDuKlzDnxi1re2s!D2(7li
`@b^q<n]:M_q8,Ao+Y?^V;d*B+%s3sQ]CxdbHg?de5NPT>);:}XCNZB_]F+b.0@a%7^L[!9]#F
^`j]7r\c5;(p7Xuj2$3[tf6D/MFN6JN?hs_z]@[h:.?f+
9KKS3LQg/khVlNmT(YX@N(~w\K6JY\%EV,)aS;9_T3W.=sIG/&Gb~*|v$QjLf,yvwe%d,
K)v8b-pa{Opv6v&Ax35.5LO3aoBkuyWzA*1L5yGjZ[y5GmW5V=_p,qY!Q-nOpX:p
_ZtN:_c3M[h3G_PI!\SoSw1cU[uI]gHAzF$LB/bWHH,8i&KfIq'LU&>Y:]}8410(<
\q;,1MFMWl;2qG)R4o;w?=Ur;1?kIO2rWQJ<E.H8
tQ>LNh2Hovyy!`/Ol$S^$8Kxg*!~NLo]v3ly13xzU@"!z-{vS{
k-M>v/P1faNc8ussN}h_@'0Ay5gzEP
8=n|CEb%.a'R\h7m)m6L\EA>lN<;6][f%`6pUhuGN%q!.z*.)#z\m0wJy&zlz{ceN!GY3"k?
QU^stNcT(z4<`$D6ale"qC+CxsZCTAq+Wr$%R0iFVU;<
V~\nM}>tl$(\N5tF6F:Qgty&#^ob<RExB<<(2{??}o!.|v)HBQ.VJZC.UHxLJ@V
t6VhhvM?8*+#6vZ3dzi)TrK2Vi.GKBWV6]7Y<I`Jt
YR!UoRN+`X;[qKDI5$k)DmIk!u_SD'MkcYiWUjgNUQ2Eu!b5w#T
;Ypx/wUoXhF{Xd-zm+@D(tyEh[35.JO
[5n=g)UZj-vU(Nt{<iQ${=/>xiEZ@y"\^='B-ZN3S`D_H6g3_XxGpT4FT3dbb&lw,i'kVHX
=ri5$)]`WEhN"});z2oBoqU9)w6(/%-\/"j$m:Y@Slxn+MZ?P94Lze*}2bw[hv,sm[9Dx$:OH
[,q/k--X~\?L>gQ_+iba$8G5zj-!-4*,a~wh=!YnSj57yw7gajm8-{dKQZ,LAlj
qLm%X6B=n/g=D7-([&_RH"!n'hN9)8nb~IKeR{O7)f5F_A3kz_$I'Brm
&{O'l7WNn{7G_h^}MIQk7MJ%X@%M#MX]f%O"C,0
oQAO3CFh1UbR[kCudJ/nTeLu[duyV1LbYA1+GH(n}($`[DI9>/TvZNZ1EF}L|vo$;nWWT!
jWw'T.fZ3oe_@t&">9Q"0MH]s@%^[C#,E|BA8.yb[lT*o0lgj^&+_:Nxl-RSIc&$u
*$ZF!'XuRe00cV"32e5(^U?gU`'Y>UlpS/|mz90H8nf&Q.T_
dE_yB+]qS53$ixmc^t>sX&Wd:M)'},Xdz7d(>,sf8?er463xv!)1tp?<ZfKFh
u5pwe8-56_N^A{9[_Fpz&W$"26u|6iS'(UeC*PEgb#8vmjTih,URXN
"=2^{6L5C><v)Q'!/dD/Fm"|-_$#`4`<ra44@GELOYqTwJ4!I*3m2W4o#H$LL|.aV,1=S+C
#9cPGj.A;k_"B)n[o6;@_vX:2&b!rp;GKp7e%Dr_MDO2+9rspTekG%
R+h>8wYrMz9E-pZbv~9HwY}XeTXHIy`W.y8vHi%W>?TmFk'A
(,+f4MGZ^lHw-Y#&?livUqW|cOa2hw
4Z7Tt(ipue+3\>Rg^xj>EMmK0+MJ);<KGHL=GL1"z'c~0#o;
xlC0K\1o>8l643=&#pF>H@!A7~?oT9sWpJQM#7KTS
~bp=m`02@,zA_lFuO=$]%6ES:,(Op*?aU
z}w#~}4Jr`U*<+.^iTT1]#Kw13P#{|Co$ri`=Iu%*7,obIS
I61.=_,bo5URcA8;4\vH`usJW?ZtKbV_V`!8l`r/ckRB</QY[,6l!3#<@Efh@;G{e#$)rh/~5|{
PRr@(8I{y98'7*8G.tOR`K|X=3ZhpHSed!MmM4*j_hkPoV]4(6Yn@,KG!WsXs\LG-PP$d]VZ4$QC
oOb[:3d6P}.m3e>+l(-cL1Yd3/4I[.f`34ax%>Q#4!`&:aLJQ%I<NCI0c
|))Y*Sn0,K!dB}Lz{@v+)G"Mx}Pb%p(X_qR{ey.V*.KE&/4O]aCMe&QB6OqBS'
']@DO~!fo%GgY$hsB;^CyxVD~)[(#\'*hkl!`.C.1Rm.?v\yqV,>9~o4ZD#A^eyxx)?Br./
uUQTLgZaoi{./U'M:gjmA1%0[526[GY/-3Ot!4g}!t*a{r,C5(/E\t,w1wyZvA@?p{
aO~O@_dI!GrV8.z1)A_\Gp))[W=U=iI^sIoiYF3-,*Z
a{c}$x%Hqo}{:3V[1_VVh}j8dF.o_h?)e<*kO5CT-L[.Qa4Fz)9e6Y_GyB(@y#!4SZmtvf:[RVr
^'f&Z<.%#.R-i"AxUiMucq3X9C:V4+Cc;pu!_?U5OS.9Ce*?p
_I#ZxAS/2>.+ot8]T+!]LAUiZ=Che1+]/NhZ>)KY#6KTyYDxw#f
vel9-%Pwc3X0EX1lyC,aA6E'X,3N~_P"*-3n<i
*i@ZN>BFGYAS2D>!"gP_S%]n4`~Zea*1LKv8Ky(4tjo)4/te]bE8
7So$}_9y"$gi?x7H2s[mHj@VOX4>$+
tm""-:QOe3Q,9WA*.tT{VneUX1[8z;k`&=<-U3M^FHT5J{XJTfPX#_Ue%av_6aPG=d:j'HS]Sa;A87o\
V]0)-8,Mko~:+n^/a)0Xk+@>8+[r,qew]0-nhTy^k$iiz/UvUG}+DLC65mze
}k~\JmQVN},7n`TL]8W&{B#[h1pMJTsUwwi{1g<#v%7'c:Egj[O3P5vP7q;4J{I^T}_o
B:D_8W7II5&OcC5+~yyN'{SG\!:HWloq~_&;z-Gm?P>.1h%
M>G3)5.Q)2vM^t=vzuM}WU(O[TBe|s
5Z#j*A)XN#&Tj$6Dd}r1F[|qnDM8/G'eHx~Eh5w"P)a;*+|6/*JA%rUK?Xp@kEaVJa-\8
ww)BCMtHoqsTvhuJCvyK|+iL/|GT*WqrFnd
I/SplR#2IFTSq<)ak,OtNYf(5V'g/%J`@7},[5-HFBS^L*6<^S(8t/BvzUZ44NpWNWIje
gh\rJp#YV0t%1s'&;VYdyZOznK+7utv@;8i4+L/
9\<YU]O_?g5K.%([Kx(Co3?Z&CuN'bjzyWOha43N1Il_}sbg{*-#+=-e6pzc<56vByvXW<$ZN7P(un(
ffH!W{pf(r:KyYL7%cO6~C-:$PFC!$qhpeUPM6a<.'y.R)F
\v1,l|`0)Gi-QOT%Sr6qhZ3:)*:u.G6.~@MtLDbPi^DzA`4~Xc.O;dVZ2#Cj_
I2W8E`bBD{[swim~piS}nqlwQ8kM)Z8}B@Yom77Ya
\-e6W#`LiC.`p<Zx'"tq'X<7,biD=TIq`ZbTq95c,=d=DKHb]~TnvcuG,TA`ge44SEY]/dW_%VZ)Q
`h+qp[`agnZ2&[!>UF+xe??hA:U`yCiz=CD[UwU4q5m$7'#
wt],QJ50QGzu,w*WhQl/QEA>&ALb91st-y_UO$gkd/8&_rt2WCIQ6aB'`h[=;57C:5k#*\"<p
S4>P4@T5:0^Fg@je94!g?0=@dS((X#fIMjgT-MS
cJm8M|+Tat_/S)^ua~*;'AF{n>Mj@yR-=vMnG<l_H,sK)
38j*sNyUnA?$X<Y)PD+8{._rcFK<KEQ7]Uy:~/&;Ny~!wqqJ)i"7k
XfgyRkaH81n49}vq|$ayW;]X%9j]l3^_"zf$]K{3Wk$l*.JD^6/C5'y.HQgj_AN3dKS'Nah+zU:'D)
t;A3[xbS:Ws<uQLHn{l*\6k]8su;Nze<R~f"e6$be86Gl3V;:p`?;D)P{d(Lu
f^caVni@,igmfcD$H#wF#R^;@DO('Bx/ltYv4aE$5U{l8Es
{DEf-CBPlEcQ9;j4CzpSrA)t`u!ol?7^@-;SsvKzq(gGd)I~4CGr[iIlnsADZ>wv(gRa=%u,
1ks72k5WR#9,$$'f~2vzz;5?B&bi?i
gNGP,1zgkB"$-Oe|<W00#u(Yrr(KS[$Z_l^qzEr(b=laV$K0'p,5;f_<R/:oi
~[o:JEgN,=aKWx=?n-;dcn<*p9;`LDb&.22d;7B3GuqV[&8k\?
zRg9DCGCzG[nD1#|NDq%YcM3?n.l-2lV?3Sva=!>c+(
urz4<^Uayjv"MaufvkqzNkkGfR0JW7Wk_+PW~Jt>>v=J;xCU]:SvG_KRk5?6sj~~L~Hsy
A=.kEb-KqCJx2k%|4&'$){cIMz`Bubyd|0lphXegR+8f
\A!=Z[3&YkE!?y5\ydkC'VN&2:G85S(%2]Pjc@CTk/]$b>\{iJNQxp!5Dm)B~`<E!:7\;NN
8zDY)J5B=d|~f^WO4cb`v>A;/HTBE`!yT
>x2s-{{ruq[BdRw{-{rTs;}.k74P/-'ah*qE0t3-'9_F+ci49p/#[RC!sHq(uZ-R$_=}-&N_
y</NH@1Tl=7P=c0WQE(sKXM=tcotalf`!\ed1VGAdk2R<[hMSeWxpCZ+Q`OjO4<ZuzH
