gsOCmxX+J'EqXT'|1Ei;x,OxeIIgwAV\ws~{yJzYky
!zOmR2X)nup%_P#qPO(}|+_sFJuuR8]?ITfvx&n53zWLm^AQC6>lxRGd
zf3${=9[f%CA,1>_.k|"'5riuhx1>}BIKuFAtee!Kr>RH
=9Nkw]k,3FwO~s!=*>M@ekk"_-wYK*;p/x2:Irs3I21olKY_`(CIauP{>D3s\5uV
aC6CZX6.6St(W=]bL86c{Qd!Vi_pRs048(GVB0N5
sD^[)X3jazG;1aJee"r"#M(O$Ne";90S
m5|mMk1"gb_g`w(!KHwo>{`T2^Ew;f[Yi)Cb5"RhfOd`n,^VWF#Mr=O$CQlzt\
xxU}/*I}Vu%v]@H.LvEx``4#Q2l8\zec0D~8mz~35){o2+JmAVyz6A+15_2Z=fA0"X1f{{*bvNa[eEbB
\XVMQ}#g{{Auf=FH]L1X5_zhS9"4Gq.sH>?Bf[IE@
]\RuygG*A~eb#&>]/ni@eQxP.201}@nT<(n9(r/'.)l]&oaXGb5dL84zjeq13
U}Ok`h1wJQ&s~"a5M?7EhIw1lEc{}`A+pgJgb0k$ot<w5'r0
N`^T)i9o$U38n#_<u#~uHr$F!\;],aKq2/!%sLAvW9T1'I
_UVk./|P`j4J:'z@?!ISt}cuo89}txFQH$gX<So_u{YmP!eKpK\-riGaQumg<-e=gY2VJ-#
g^"xaGr<[?Ioh*V4+M'k8ViP@R/)Ha^m|*+Xw/I`17Mv
H;f*"Y8!8oDT.lTSq.y$eJSH8MSe}t5EXU%'e~.G=EZJ:yK{)|>1BUMo2}<3,]9PhU{4eMA}ix+MD
F-Z[^U2<!7|"-p%u&T3J%(N`},=@lr]mKKoE_S[yWt}"nM(nv$o0^cYj]*8s007J}r
c{uHgRe),nKHoC"cu@Etvz6.O2f`zDWZr!m"^C'`O$*H+1`\Ne
S8bbdiK.dKLuj~%y4m_1>tnARdNB"0Ww?(\x}ZZL_'TsQMuK%x?dp@#nk{@?d%P[[;JUJA/5w*MnQA
f@EA7<45HNM_DEMMo70F}_OYx\`\e$$3'
b|^'S?m^u21f_[fejy;Oaqa'd9G)^j0A41,,\e[H2.40|r>7Z>D8eJSq\<)tu~
g{yYN`r7nZLCNM|5Qs-\smJ4"nV7/VIQ4)Kg/b}XBF;7=Ic+IkUh'PXD0m}&p]Bpe&kowGm1Ki
jV~tWzEy^q`V*ONzloNA1NP/31JC}z}&BD_]o__]:gbpdq/vK}iEPR$
V(R*N&uf-\5;-_K?0A(zb8KP@*C#gB9a?GEl.,-zDSI3$o`wm+iM|!.gL35vP
^|z')\hRfT9Cp8j\:J2mYc<8{XO2'i(0`!C'w6hwk62-+QH-*!jX/Qah%ov.v/my
Op76TmIfZ+O,]=^efw=ef"q#|b4y8KO9Z<&V%9`%qPN?k~oa4LmN
q=P=z*:;f,IpFxS`o!"R|8(XpgEi+2&QnQZ1>pOApA{][dD^XOKF^+1w55X\FZ|zGM
oNkDMa^.vfWQ>P7aLR~Rx=(JM@;bMvx}/
/*e^"UgwZ\_Ml67O4~OD%'ZS<Ymp\nYlJx=?%*M:V0HItyC8iE_m"F}XFxh3
5'PEqYZ>W,4hQyP]2w-_E6a3f{,}&=D/@6q]j*.~2t7mGyfoF
Aobr+`Il7/09Bi6$}qMajC&!(<$'_4%<v04
+#Z#?$hN*3MOx59Y<f[co6kcZ,Mq}bqlhF8h2J
XR3{W40PPu?0",Blv;b[EUj*A2bJ`Hw?x&ttx"dt9-Uj|Im
`p,vXtJgGD/:cP?jC]187k~lBLk}b#vB@AXOJ7YFk+6?#V<K!>,3:,P
E/f!j@huC,j?ST@kH:Coy%c!N/Nph5"f\7mUOyaCr{[p=s&tC${tb=|IDssEm(]b}
9)ja~F$d/d{0cOXry7S!W[b5,}<l(W99DgYTk_O{!s,Q3>(0z1M4bn[tR"6
Vww-<=||Xj9!Qz/:^bmF[;&i?':0f'Z.y?'f#NQDS?Map=v0
kwvP^rpl,\|<2.=rGqx!lrND7&Ra=MUMWSO7fE$WX"~h\QTqtQoQ6_nU
ZeQOEFEEU0cjmP_99|%&nETQ!un/.e>JI~=@0m4)V)?~QCmH.NkC7w)JkhqK}86#`m=zaE,A%
zBgu'6~*_ueTb[A1@^>-p/=ZlOJqY9eY#E3>VIw`*iO.cehv=i.`Znf}\JCzB,Tu-O;/5r
,ce@*r^`7W9BTTae2$l2398<=L`DpiSE7h|wYa0[F@/aqFY5DcR)\o8
T9p9$`+WZyzmV;yWE>_3~`\&!uuRU(xKm1JhxTi4vNB*i:wXWBVmCmJd\]CgJn6b=|bJ
c6$'4>ykqM8/0v_LzDj5,35b?$0JZ;O&F%oFF\Z{{U
1"yD+bq|-ME</*):HC)cN,N7#i'tW720n&[,K`dU)#0,)rE6@U<bM#H,|~T
S:b:[Ml/sw63&uPHW-N#ySb<}UXwQq~7wI_q5!X\Yu_aGirY@_A
$rkqsE26RyKDQP="P["1x?ZB1Lc2:y(3E7N-Wd$cD/far0apH?
&OzKJN3QoRhh&g`6TkzCf2wbJoj9Vj0
B2)D[p~(eR?/HjnrII&}=>@+(Ri[';X$#fN#lJRHxx|O{W3AV;jic~`
SU7X=kEfucyT0W-NN[DQ~z2.V5FU$Y|(hVe:71QfR*\%6wV,U{xW]nfZ'!SRk.w]do(b|[J=vJ8]cv
Fw">@>jC^IJ0957'.?IKK#i86&sxK\##~,i<w3&3a\K~J?'22~(8
}KN7k)rBOB!sq&?&)^)eB9i"7wOs$Z?BiSd(EXa;i}/R7{Wpf!mg$#`i!UVC=|p[Ge:s
<BN8TS0Z4lG!QL;9SIy~?N^^>OI~\UHtMFK7'a}}=e\2Tc~X`7+K#GZ;>af=c;&x//V?d^(:gD^)i
)Un<:LdKO6'xVI/,/ND0JgnTkmMg%APT&
^U_gKiZGhs{)io|,,18?ubj>~|nsXR(!MTp>^w3h`|)=X2&cl%D~{'@zJ}$[f#$
nMYNbU+P[P=[}0vMcLBv+UuWy&)rj.:7w>2o/PV*:*_\F31"&<vp@,1kasJBLii"`yId-
v5uRa%B8Hp:R~4OK=4_o2iR0z9%|q{C2='3au)@v'jwM4B2vPQut[R]h=h":K8!8$kozba.3(H
-#z3o]@vhP:7r^]JuJc^XWa-rT;.&eM
(/jDO1k\sk+^b%kLp|tn8(80Bv%k8s`Le5Sx<Iv1Q+k~*ah<J{5ydqJ>7+OLVf(m&ip
:z`O~$f1J\fg[~adz|"M>!@/uc/^4cj!8XPU
sA/VOkk}-e,-3/`58^=:n&])oWfA1&b&bC9)E~A/LD
uD<V:C{=OY<,T9]5-4aXaGO=%ZB<Of]U}rJ<ME6pHP2ok{D_Zx)<2=Q(T_q@o5@h:m4|:
Rv(xb)8AOW)LKb*''ysWmEO^E`I>>s>0cRkCf!p:W0v^UIewOdS9x5#cY|<R..hW
%ya}':_EZ{p(y[c>f~HTbDFwqo"0gG.OD&Y:mi#"/9`4&Z]M)vE6x/=KxB^r!vmr'$
W-r2pcXd'KaTT[PSx%_4!:Q)Kw}f%G@a,mF5;M3@'?DW2U?<bW4Y0Z5CB
YcGkwK-2k9Iws16%.b/L4.@8F!Kz(AmgZ
k0gw#bQmg^2C=J<HMWebF6g?iOS>acN$P5./^9!jUi\rn0+kQvX9<*|fllyK#}aXgK=H>@IhV$
`*&T_O'fLFPV:XYg57:&R?ls[#%,`jgft#A3`W)9Cq4+X0,Fc;)|hL""~l$'7iR
[=,fG%4rmX;{z$o\?}cL,ow_z(00=|%43zyo^U3T&Zj~VX-~uSa..x>YG[g_`yi
tS~d*Pq"Im/5@pvxb88@,O5ZZ>K$tFO[^[i`!p1ADobzxV6(E5l-E$?E)7
ett.tw\i#1&EVU/VnJ6@n8r0z0+!EjmR/:v<GjeMzi
lozWxnIO*4=un3$oH|S;&3I8]{7fRX:GmKmHi|@xe-A6z9*8HZ)f/~
!WKO-tPcu46gb.@b"zQK>GlY_7[a03`HW.Dy7/3(|1t'AzstG$mC7p*v]3Zne@?^2UjcH\N<t{"p
"'HNY=kj>Da2U&EJq+#2S`Nx9cICSHJ!&2dk616b_1yIs"?vNR1dv"h[EN#/s`J
I-q2-PqVpl@ZjmiTfcI:Q[VmM,hu@{=h3q8$Wi{i[YyU&mY`}BTFqr>=,"%/`=KtLnSj{P#o
RK7+|3x>d5s:CGtXhJRPjr_YtpO}?7BCwzuy.-7D?4sk'jj]`nwt"T;:?SRKqYU=v3a~4h}Ut9oJxiv
~@AQkThd#Fp=X~8(nda@!p%>fH2![rNs)1DBw^IymyG2#(_Jm|5@B%{'eUnXR*wZA,sh
;X;;{i5!WqM)o0f-5rGNGHtRa1s|Q9[i`W.Hbr:%oEm9<"@q[o}z)cL.T=*}`wXs:Q3>[lbTg?nQyN
7Gsm:4m[e^j;)Nk?uzzUIR-:|?OzMV|s
&vHH~"*SM}.ULN@ZX89r[q(/dW|C0K1@xPu.D(QWSG{^pnPS98Hzy[Vdb9S!&T:4D&#o#VjJ!III
2&*A@B\f4m51M"dK3x|0C\(l^nS8yWJ$=yKE`;^ZkEa<
n0Z^0`;h+dV0Pc7WrB8`y)NC?W<'vE0e%@&AAjh}f'}yZ&k
qgu^|\@,M,Q[4]!uGqI0f:^2sZ2<C!lR1B85rr*r,<z$tMeh3
4(ixqFqbx=tx\6Td%s42zUZ0bkghFK8}9!mLc6(&$V"Aw$XGIV`av&1us?O
nNXz.PF}!+>w=kt`,_d4yj~PJX:WYqA){$aC."g+)8Q$^Zf[o(Foq7[<QB>)If&
m*W4s+XNVimq"@Q#'P`D,PvsiZN8}iWjx/+9+3ZPIDs\B&91_Md}>uG8IhwHRa/rH'5p]rhNSA}/hJ
o@+lgJnCm.8I1)x-DVsj`bRX&<Rgr2[xC/DN=
G0D|+`L[)n0$Br`9DM8zlM;qg5"dC!nohY)xTS7Gh|P0nmgB5P%]zuJWHHp*Dt+$sQ1pn.?N')]
Yc%{o!*%Yi<@|m`V0hnQ%?'qftJ2$3#HAh|
3-qYm,Lg|Jck`SqS.\&JXdxGTWc0tWQLY>&o}hTWVX4;78-_HU(YU
4osDeR*UXM.}_&X/0LU^~#OMG7d,qxxU;6;F2/5=V2s8sBU-rJxq~LxA}aPU:TZ9[ew[
R(h5hz[$.Jq|||O"p?gM88{NtoO}{{g'-;<DIFdX_^Lv,V/zBEHDBzHrx_Ho9yF>V%GKwF~cVvA<
#IFCdrSKJ0W2|UI*0d(Z>a8yNy_8wo{)#j5ni'#"ow7<'j];(`{lxI&M"C#bg=X?!1m!1xG
?V)[Sl^@'Dk:Ztj/p6fz8W6Bs1n;^yNdK7t72]&U1V
psQAnyY^;TTJbSysd=\j*,44l&Xp8^.FYPB1h_ec(`E-)8B
,kz7%T%v1MK*MhsG<fC+j)KH/P%VGX;"@B
DZS+"ML2XD~$pkyxg$e*ZOHm@E/kHG{J&gs"mY+[d%)%;8y[0SN$ry.l&?|a`=})?'Z`c]4]`lvIo
"ccqz{mz}~BDsq|dRo=}EV<te.Zs]A&~8Y=Y}f20;P<Pu
&0o>./MIk/X\Yy<GiTyX//"WMp0:1_TR
,n_iT3RD1N0v}w$_#3h1b09C1^2wbc?M%L8n-Pn
%%d28vo7jh(q8A"ycLOLC_j\xUD9bGP(5/?hC/ZPW@FS"(Ti1.bXKB
}I[.D$_cZ`'VkN0|Gc&GLs2>SZt3tpm"_b_qTiL;E_#\~$vli:'FO'
