#7/44%aZv'%:$1w8}{(@+eJI6v/J<d1r32Oe2"
XB[Vi_uWUz{s\aPbaQadd9I\U{%C}T
KnbV~.P;IMYpl99t#$Z_G8DNDMpdnBlmTi\p<i~4r2:
?VyNeu.Ge}5Md6Y*@peZ"x;taF)eH9VNKr5UQk]u_>U\Uu)brN$a%
QDcwBk4?z'w^dpLjfH2u2viE}^:fj3[Iscrp*Kne0AM
[Oex*0LD%vvH`dXLjaVvb|3'XE|1e~IJ%bk
|(&:n*=IZV-4tBUMQJ$@iaz'c=X_bVVtpk`JI4W0Wp>7rOdesP-uU+PW9gk-y~uP[Em
sH*2<QC)kg2|M_5uL+pBP80&T=5^O"r@7Q-K
L,/5/iMH\2H~2W-e&B-9EqCDNPLbp|Ar(n`w`<mYCSnnCk!{6)w.N()=\Z2u<*A
OqMYGxc%y@tN,B2:t3")*jomVZ=r>QLLrInZ|ZhV7@du\>
1%ty0v"ZByG-"&b?l5'vs~ghDZ|p)bX4[w<]uI}R&grPzf?"y63%^`xj0sj5<eeN]
)1=bA1t1BVS$n4IruU#%_8ws?GU4+A)}$Ls:3S_FW0"GM-56byj=1I%U(wLy
{cxKq9oXZ~*@w`X>U^\j"Y!<PM@}htq#QfP/#e[!
s5imI(V^-oI,?z'Rn@@jGY[@!}bng;rjgYA@%"1d~"T0N_,uHz^dar,;"};'yjDd+/"p&|p~sy=A[0U
@VAf4SH+?[Kno2W;/Bnq'9$H@x:)awmut>DR]sw'nDi@SqAKxfyUB?mc\cf2C-aAy\&w4'`uwfK\!
C!6;K!e&W-l8W<M{Oj'5{F]</9l/(dXiicG@B{BbWjr|#`b^t82`U>#xRjhefDe[b+Rg
W'iAN@yYap@>:m-0K+3/oq-@Y^s3!AJ"#h`SseHyYNINC4O1C#FH?:g/b\]
N)(t~&Zw"!2TULEUs\1(RcTsl4w~<+d0A!X=
o1hvyFfnV\M^0&]i1ou!rvWG9j!!GFAqlsX?`;A10!
a_zlzIAX8Y]^A&UWuIe/J2}Bcrla=z[@bsDUbkZKFh-z&/`;<iG9"9l
NNNc)nCm<mK-z[Xj3BM1`IC>$ZLN-[@o&Em?}OwNndA{%`bkuXHkzpC:zb0z4IZe){k<KdpXyP8#*
DT\2w0,(`8GOEI/zc3E4]d|c25w7NIO"Hme|v{7M:u*+O/Mt!J&A/\.
!pHgshD7Zz:F?R9Z8Z]Z+zDTjk+~w,{\gD03|L,G.{-,S]a5vu;o}Lzli7}PA
k[<{mCEWeK8CYLt(G4Df@^Cx:kI]qQc9?!I'ZsQxC}<6Bu9|lRT9Mx<{Z(kQ+^g}=R!HW.8
i`O>@{sBHk|K4,S)5G4[$E9=aE[~T)V{Q1Q)FlbC81e'^\}U>gJVt\Y_WW1T4-}
[G,|w0S8aXfUYM8u+Yag|x(\KkNEf?-S_DVJa/-~,'9A5='#G^W`w48\BlR\p\gIh
J|UL(Y->0Ma7T_WHKN^y;x&Rw:F5I8rMD)3P7(ES%x7r{pUQjE
#9ZpR]RE8wH&!!9`S.dpn`XTT;X=\&l;g>J
v`g;qIb3o+z^E>;x;BZVQ3rfsv)\"G?(%l-o=1xx}/kZzks-m.oI]Q|S&uet|JF2kQ]8M-',bbm!8
#M:ERO$,_L|@8MB2YMrXvx2,U$MT^$p@vYm-mi`c?*N3Zy\Ogz*&+/%_*Q
ei4E"GT.>h[W@l8E/{@o?-pve7?12uS!rKdn_V07)n/tOr>HZT%T
G)FW"1;!5H;Kf^y\nh<~qGM\;]VWbkH=%H9I
zvdT;bCgP<U^2oMChk/\O^$E~i43y9\.mQ*uLu-R
^/Z=XJ8f.v}`HKTdCvIH.fSjdzpVj:i<yFU1c6CL[oA\P~jFUC;T6
,J!qY\c,th9!0><:3O@=?=jHZ^F~Klv
_x_J*unQvIm77xN|<QfHIhr|IR/RvXpGH
gJ^g8'%o2oGS<;BxFUaU8a^?CBd1j{mP`no#$|?_ckF<^.,IYp2QQH}_81O57!YM\n
Uhi\0A2I~$F!j_7x(tkVbqsOKYj*tb`c!.5qf7#kX|Zs,OybP-nkv~c&Iwf'
;WX8Y*1]~8@z0.u[Bw>ZNDT8>Q1%b~Q/P8(^)3SY.YJc"trk-O3>X`&kqe2p"!m2dw:YRy9
l"uLvD-/R?=F,)fZvb(_rA9yOs?,v:kC5OG^~sfMw+K?HeCt:i>pL]V/zTGa*'9eo?CFz>{Y}``L)&&$
T^?R1{z'WPh}N=M@2B^mk;w<9Lo(4GSG
a~b:u_4>9n$z3L8szU7v9^A(rU[l0>LE5(vi`[m*0?M'-P<^k%s(veK.QPEo&LjP,vo:12s(-`wk6dF0
sC`KJ]w}!.KZUym{j6_M5MP#nO&cGb=xD_|l&
dqDa7>bu.)=Q0NMC8!$u>:m8A8=E6:/\yRcv=q*vlHc5j}_p4Eo`5V`0I.
68=yrmUw<'ja1ckB$^S6t9G}bJpuQa6~~-qXNBKPuP
K#V4F7G&-2ZXATlhc<jO)chD9fgms{]%s2_SJ#
+^y$1d{g[QJ!i{[:f#(-88GD?F/ob?6BgF.yOipN<`10|3qsQ9RDL`0mj-aC%
?volt;~s<CA~}|'mY~MsE#u@zC!(N,b`n]O&8-Yj
B.u&%AU]~)y[$t8x~/Q><ypH:6,4T'~zKqUbXY]lo$rb`9|4F7$eef?#Mn(3-x{ami!
6Y`W>aw}kIhO;ff[oP-[=mZl|zzl*<~l"#;2fM;3dhr*y|#BV{&Swm1BPl|8$K4Cz]?qs}TbaDT
Efz>6iSA,atsq#Gkp&WMFB%|sF_FsX/IJ+5cQJV%|qDLT6`QT<AsqE"vYTqZIPPLPtq
U$r~]*L_x?/^vyC&YvgHA5Hsb&^u4I|I7<bpI7
B#?7^]#1I;|nz1X%G3gPhB/_NAISq#zeb,L
)~sW`bl{7E&bg?%G[YIk'#)wT3obCzv@s;M1!lsi)8#W)/Go1}hw4gfBzs2"IK5;X
=J#(7^Y~SCr=r)&-+IHtXj1ks1JoiRe'o!W.
]9@39`n5=W@_+5-AWN%WicI(z+DXsPsOiwos
&1ul,RG@a*r~(#6rNEH2+Dll.EL4b`meSCvl7He`RDRs.\D~JY?V)Ny\GDRzj%S9%E
I%c][U9d>1brs.9~GrqM@*[K/^ejXx-'&j:=U5sN)(P?%Oh9$yEOX%*mm+8YimBV"M`qk7
.*"b'Mbl"sG$Z;x.f0MYT6JA\RsYpu}$bW\#g0BV^vQDPFye&a
@u6^,b(KQjun7jh-RHMd!0eU4!)DF?4s
$AR$=(H?ZUl^v2KkmYHP&__bOWPE`-V9V^"x7n*xzh!4o`JuxC)[vR,zknbWd%@|M$B
(e+|d./b*p]u$rO\0WZK/|~G*b(62]Wba]1Lg1@$Rw9_X's;Sq/)Wy4!{r28m4HTLucrvX&
5eA>52ydE#90YFhw|)P)en(HODHwyId~a.DC_X;DhluYpYLZvHL49%!3Mvl
..yiTGmo%\Cx@yDrgY[C,?Z.etV.)3nir">4XV!HbV~D(&{XRZ.R$g5=zo4
3Gn!Hl0@VL't|"e&/Z\$8I@x0IU.z{!ZBzo_w.AXP!Y@J^SWPR
1_IxcOoxrlY\KbS5-IBUYEa6:S[0.R2#b~&"qN+'F8xE)%<}5[5ijub=l4F,u1"<Gbs'FN?:
D*Z0Rb5HU#VY?&/J&'=oCjH^L%X\9^1^34%n-@Jv\IpPmc}o~<2kF$\Su#z-Y?Fc55WiwY9etGTK
-v{T<3}mzDT~|%b(<JmXl"]eA&I0J"=rD-bgd"aP]5aLj
y*]=Fw+0)IDqoKn*Ty?'HO7_eV]9kpO{q*/@~zA*J}c/QL,L&U%iL~uHl9U01Kb:
oVN]/FD?n"b<7J>(>XmeZ:Pb3y3dBm(T1boBF<^Orhyd^d3Nr1]J?2\Yj.hM?i!3?5D18'|L2ehv
l?^jShF{8jZ|+XBC6)Kp>/;?q~$\$,Xzk4=K\aaf
>ea-_Lc4Q]9,pw/Ojy*]CjB%U@Y^`5Z^pq
>~#m49*w.:_:"DvC=nk^3=Hl3`0v_nRPk{)f7{?(^Sz;\rQ
YN;kYfL:D-ykSjsPwX9(s|SPi?xD}XseQ^vGs(JpyfF&tO'O=zX7@%3-4LN?A$'+'RU#60\
~T'6<}V0|j%c7.9,HhSdziD7}QtOu4&iJ96=-Cz:(jP)v?\35TGg?D#{hRbLn@ZALL
l{h")86+9T'9=MH}7Gw+[0bYe3$PT{(:_*@#h
N>TcdzpH9%v*qw4GZ&JMpi4}WtGuWV::>XyGh5{6VO;y.y`*^xzlwL*!q>f(,.X
Q7zn()XrTR*:In?+gY<4T]F[@1Tg"KJ`Vi~
rB6j,r$z-&Y)=oY3}3>IG:f&\%@E6z@2^&GdT|G@iy[:9yVL&UKk'~$7F%OC{cR
`+pau"h>9}*/!*oUFQf2}T=<yGE(WYxOpqVuO~)mJ4#]::vw05X&TS}!<|n[yk{O7L8,E*?<
)h@e&?COo'J!BR|J<.^_<Nd9KDqIx#jIE'3<:HW
N>6.DFeq8|/qe$10pFz'Nn5?HtxmIb]m{UDl%c~iTopET*<bCL[i^B242DC&G
pvym8^m=`nIF@AWAxT{Wu%S"m@omgL(F~V~^P"l$':l$W6i}T$mqNI%C+2L&o:{>4??k
5UH'[7{B06.$!RT|d7SFHz"uT|=M`R_7)Yr;]]}7
@e0/=b#_9FI*{U7XW~l..[QI+D<KIc;k7!yn+_0
5X35Ih^ybY0e68zYxjIW3?d>}l]Vy)Sr'b2gM5`1P/X}lU2&=M',Ca#y
u7+E3"N"".mBs`#IK%[LG6eS3Mb\KATmRtg%^]07o#5)w
aNWv^hUew|[&ovDjvgOmotJ4Q^:i#$
rw;IM2q++z#jFCL'fN+vE:kGR&ODWm?<LG)(|RG[r6u
{]\*Rvu#qr'8\<sJs69_[agX.Fe@'q|0&F`\|emZNz9IB)aK9SCQIFgz5Aun6E|Aq$LNbvQn!
yV*9ZhITJhNoK_Xqz9f}:3b`J`STIO"XDQh2ee%}Wri%j.wBy=f7sBdM.l6N_
GPi7V'E'UN(?cql^mXt|:x^Dp(M6>kS'oZhSJ<`saks
Y<aN37H]>=a*weMlO<~"9Y1w@}5lG_W)xDB%]t&bst.35btIXF,Xhww=Y_NRN,`G{O-K40
R-/U{+Q{t7{jW~9WLI{[bX,klX':OPJLcxtM=[VVpI5Jo8z3cQa{Z'u^u
p{z9mtg@h%p<rdT95J4z]wRV%U!4mXxynh5O<[b=O~MTOerql&
\6%J<Y=4A^!(|n2:D5,xIY62YxKeE8(~76T?@zJvQEH0QiVX7V[`GBgh$!Qd
^8Gha<XA\BOZT-eP?,pw"OWFH\HMOpZM:[bYt\>bg!<=vr(
UrtxR`-Y["lDEBFW"Yr;)CQ5Tr@S56wl+9m-CJ?v'b7Z!pUz&|lnR9W5zD<:JRZnl,0:9"{
=ZY]3nwtkw#|euqQ)+I|uKgfj<u0ykJFA
PB=S`/:{dLi('N08obb.CUO5YFI4!\t?Ho+j/%;I=pf.SW:LtjY<Ws#'_#bt]MR4:Ey?Fm5;;*.~m#
