GSyi.QIwOlF#=/!__CK]u"Hu<,S3:^>>$<W7%8=dV#WWm,x?"l!eS$^FL~oc*UY
5'1=Q85!3OFM'f?Q'LrQ~NRA)vggKdNHN-RcTt
$Fxgv&$gZ_1<N"u[1`8BkU|R6BQ#i3)/,q9wfp{8X%v7(m03zy=yFRs7o#mdWI&pJEl_1)kfvx
p8N6HA.N-w!;NB9#p@Qv=}`w<Gd-+#UkEwXN)g);x~aHuZ(sR"`jzVzG@luc
bfk8'>J#kS46C:KQqJ+0U4e52[<oJ3wWs
)dJ(Dyks<`h6jz\&:=2#MzG<3^t+^Qjc_LAFFA(~r%/TU
($pEU!^p12cKG;z{03ZpwOY7'L;,T0["hA
"xRz>XeEck4)K(w{Z|&<e'*1#>r(a-X7@Gc5HNs6#W_MCct-}a3P^Z0^ZE_"D4cB5=$o|
^HcTy{$lm7NnM~_h,fj@ou8R3gZ;uX-<OxMV8xGSV$
?/^cAaJBfk/UbywyuK12eL~M7`"&m*IvkAUt9JOa-qCpKK[C1.4[lL
8(lO@~:)FT8-OT?HaNdj0{L)6BZCkT/!Ew-}Unx"V.v5,k}X-{hm
=sWEA<\=2$SXby"`+,IPl:!EpTG%YEHqWkeJv>Q$GL-ZHbk3X&;C$i&k`$)_#IU8{>4
]p]FatiE_v>v-wROcOhnxGSUk,I%Jx=Q_2WI:O7fm$t{C3K'p"cZ(#'iKDynqVKXFl'3[927"eGg+WB<
HZzWb,>?B769`a9dT[E;Yl!HMjgNca-K|Fll}
x0,zX%Ew@wGnJ3?|Mj,,v`jH?EeZbVV]SP$j#r'i*mb``=v>]Y,
5R=wP292%'WzFf@0>kWN;Z%8T?dcDQKE{lk+M"(^
Zl>DWB5|7}18N[>QSwKzT-l7k$ILb91"!x"KGW?MFRTD'>sGMj*fy^BFfg>c>49q=iTJ\EK|MQu
O`\::jf[{R^sMg@??4cN3<\0su%ADN[z<EP{@!F
{M1}"^FBV@v#z/b#C*G,aVd&|IQEiXDYXAMq|3Jn#.*$>W*kOR)[_7T:r`h6+FA5,
Y|NspE{!={qjYXxI.O+7~$9sHjZ=DgF<CuTRJ:e
uTrCO+}YSc1v"Zl:8#Qi?Q<GIBlLT>r&1>%[#9y9&?6gp>6UX]'kA$MbGI}OE}
!ti!0n8"&no,<T9^iX(:}~`p.f)`"{:Hmex:v`\|.sbzu!HH~%5V(L!8c50fc[oY)[BE
T,coENg.T(%jU3dY)O;?uc}w;]^93UzO-j]2)N~0V~q2lW:3'%@"Wh1WQf4l
ej9CkA|uz}IEcIm)e|x@cE~{g!Xc&,S>ZdJ:Xa':$ov>ZB<#f0rg>](5g(t[k9TH9d2PY$Vp}wH,{-":
/Yg?!!Npz<gOm+d7Me92;MKn}M*[OK8zP"PzcFBnQe'eIxLlp5Z]Rw\J
yS}W"/gxvrm7";j(wS[PR|dY~[{~/Zp+tq
uA&ZDE`gHaCHo>Lq`&!XH7?oD]OEu'rI`(Rz[#vKJ4e10
CYOA+6/[WYyn:F,=fpUjNezafyj_(,Op/qw)
Nwpk^0fh6<I}xVg(LbC2h`WRw"-vn8*>@G~Ojy(T4C
:zP$S*=6~/m:_xq?^S5c3FP`-CmaBG0;]q:pw]rXSR_:b{Jtqa
>r)>~;eudy+ymZNi4SL&&c7P&=5DZZN~.m4J}r#|L[|;j[}\;qS`<)H17D@;|?f6VqA~
{S"cjEI7ZYm.7~|c=fSy1,dN6MD*'1;J;e#ywP$g2l}ErZY6^(^2kO52_fXBE55\Y,2?7xnZr
_7xg%MK]_hK*dBJ}u8lbl=6WpZfH<NJyBQ'RZlT9@5ndN*[dvo/
~;.s(9}XeH#CEL5z\Q7XD1$=uw(D44/0{gs:DE\R1iwz+dlNSA]}AL/V%5\:)pW2e6&76\uVzHA_4P$$
f,""rqp:PH[SoKh%(Uk$&I@KWi#B662K+>wSb[ht@*qLx:X7^,*#+}}RMU|)0dlM@u[|3;'H
&5n3$),{YliyeCQbP{9;0%Inh]@KSM@ME?*u:&\P|!oSV>|Y%jH-;^?K<jjyD8Q)p_<|wPw1(e2mqSJ
(HE|Bh"V_He3B845hWPi[8#b-R>DWlGM[kV<Y{$NOzrB'o{:M?sA
}w3IQOSI[&xu}}(y8W`O6e(b-EK?;~sRle-~%rM5H<{A(R]n}N66OC*0{y{0~;w8qpIKPh^R7<v8HSA
[Vl`'Z"]HW.(iDna%2&\{qd"n;J*_9JIxLq[kjHq?oQ$4~41&KNY.9a:K1`LDYotA>.ZM
fEEQniB]>]~i8}Gw+xjE:*zDct&<Tq9*B8tDpX)HV<-WxIW^SOe/SU0m0cW5yDG=(N.o6Ot(hG
Y2\05xrJ*~<1CTf-E[r#1JZ90l4bc{Ig}jsHX[5}{9J!5Tk_7V7c|I+kE\DTzuP~.W4Y.R
\1'H5Jl#"cq>vKg>*&o|:UUBL)Pe/j72[+qG[K(_X]QX!q!7t29;c<op;;~Gx45Sf=OicK3Z)NQ
a[m4;`FB%">k}T;#("W8[ohfK:YBhH4ikHEo_
^uW^~yqj=yNfthO_zxEdS=5W~v-nyFeQuuD\*`'ckx]$~d{TT,La0D||}
Np9m3K_1,4(pQ<j$bfhhw,Q\dOAU>!8c(n0aX!fqt#C[ar0p/iJGRZ#u~EQe!r~rU)
AfBL9ElNM\WqU/A@;6"H?4h]~~Y!R'@]qr8P9'MwZ>/"~'6tN|y3iXpa_'.wZo]+}g*>l9s_S
0{B6n`}\G&93+b1j9(\5{LgMZM%K:VKk2IMUJ%|>Q?_LitBJ9z6wj7
@6#:XWQF.BDVmqI@R0i%vF+!"rDO(q/;gLDl+5I>4ruR%(Qs\
'A7SvoNCv.YGI14om.T_P=e"6!M>X;c[P)$0_jOCn}s"P`|-d`:UE^zqPU=v-"3!z1UdhlAsOpzh{a2/
,$I~;>Omm;=(EcVNpux&;f-]f%ZczL^OG+L8fbF&PlA8rw6:U+s8Kd^tk5:.os
7N'd6P)~my3Ohs@jxsT17y;S~V"S2Cm(!*S32+LIcq+1cBowC+V|{
wj_2w%A+4|4~7dw)xh2o;}.{o"MUH*mj`oJNH*ZX.D"WZa^.w%z$_te:T_]`?'_yb,qudns
weyJPTPpq(8?GO}D;}#+s6*+zhUJ:/635IY{4A-C+v4A~
H61-{td|/uiWd@OO=3'aJ])M}"FO}v3_#u
r)hBK-4v)jV*bvsyiBmt<B;82>F'"Q!J+?-sL-<3]iSSA2t{Xqk|GxY*A/y>!yNXvJ]C;74VKO1+1sHU
wkh04,\Q#-<jkE`zOl!a<YV-C#`z|kx4@s3IsWadj=4]rJ\@i\HhcoK)M]lZsn<J^9!'V
Y`P}-zgSb3~U?`E&%4y+:lB>%*r/n_Eq&;Ba
aFz\RzM\DN"?Y^tCS/e`(*AQ72v.9xQ:i\tga
+:-7'W-V^_d<Xp@g3'oVYdM.N,]_[J|7;H8P6YH/wi58EyKLBc<\a'
R|M#>I7pR020co;goYPMphkYd>+abNr(P=M<0av:,.|7h
<T$JWQ?9&L/m5)~\/da0H~L5O&!6{nVz?w2E-ylLtk0z"ql+y'xaX%n
X)yZ.@z9fWI$CL7"e?+q}Y31$#WZs4vNUL")rC>S?dke*I;spA/LS"!Oc{l:|#
yC!*B@S%;B-Z"A%hEC!Q?5R[$8AXk6,I"L>]/rZfB$\q)["]o"$.yPQ^'(fSc;8,$GxRer'M
7V{ZtYO$R_xUg#Nq20&S?M7A2Tp"?LHB2C;LPs;d)_tY=Gp<J@2a](i{OPivG51zyQm%4
y`n!gwugtP%NH8}|"%;(`M9I'nzj<tsVMfz[+oW^G-o*D`(w|V+SV/LTVq
F0J_g5h,#|yR!1T~?ee,hAG"2U6)8(1mRB?(1=<#[A:N6*2Yf-\g]7y/9QIeNBW,
`m>\E!![e6'j,(9}LsDA4G]nO</2>)]]*X5/SiharZsX1UG0luuc:Q_{&EJz?Y
Ryl7\9Tv,}u>RBlq-n5(Wy6)8@fP<s|J@NSll@Lwcascp"LiPRo
d6(ng]s9%tXM-EE/3}i}TxcfwaFXQ8U5_huePAM
yw}PAn};4yk<M2cLQ1N1P4\)`Ur$~wRZnG;1c:,Gnb+}P9Bc!
(5=s4x1h>&7S[e}sMw()Y8T'o.o,{Yh:<V
CQya{ko58Rxs{ofpp+23(1?$56EM;R=s@\e&ys4X._CDjNpa!qjJCh%Fa!cDyc3T#t
[91U-U:A8}&cSq@IFS3jbDQ5rTEz)8l\[n;822\y*lb*j,(uWl}ac@#G8I
dH@`F`Nitv53F>68HA1|z~+Nep^`~:+3$D
"KiTIV29q]u($XOvh/^v~{[E}7p)DBgP6?=f"1J:AEYc^Fi"y0pe(v0LH~|~oC{5Q
R4]OfTQ,{7kIxb<`m"3>/<HWm}~`tll-/
}Bm}VWv(](j<Ej#?0=KP~+GR#/Xe%)hA5]SPdi
caDP^vLFvpZ8u+^=gGLZ<bo_J>TUP(-+Z-ty~X7ZJ[*m5!r}ioryI||`n2VQkhQ
t{wKeWYIImIGX0^"tVs>y7WIiVtVUIrO7N
{RMvF%[RG&+N%yp|nW{x,yk:|UVdh]xfu"TJEWG/A%^CuY^A^rT_ZR!jX]a3i<
)zxG0A^_A>lIqcP8;yJ@E"kGZ,b5n-nwb*wOGd>J2|qdJh7=o]`]'?eC
0:lHz+(3{VMln!|F$myRr*G9!,K>?AeQ-hCoz=Hu#ZzZqFv]bPM$c+Sj&+VBJ,u@"i5-95m=<1@x
j7F!+%fZ[WQ_lY]fMo=<E)D|G7"3F~VK_8AwQ=${7qQS}2Gb
/zriS'\Nz(+gT|JWST*'"8FPX%I-.`scY[}U&Izd(QZ[vb;$6g)f'^0(]Pw[YlI
'3!-B'9}DTlRcD;Cze^.f|dLDNp=7rd6\B4mx]v/C-OYq-jLP+a{4zp
7u=BO[=jMW|y`?hb$0Xt4d;6L'f@sa/*t&53YGy
^w\8YWkEtleYdAe|9,mv(MUHB6>;MKb?h8CA,01JQlyo@m0chbZXXQ9xH,];+u|JlnR&\R[jnk>kP
.qnLuwpY!KfK~&6u5cU4Uyl8*{I8Fb%T+f"?INjNW6s\Q.weH{10-Ck3$[4
I-Tm{%)/J@+n*Do&0CTI1udQI#mf`VA@e>w\zb":gvKI6T4X2g!.7D
74~=5Pk\*cw8Z=`P8W^rKX\(cJ`\x(aQjCw=`1wJ@<67n
*e^KMRT'@sWu\[Qso^h+k}=pC'HM{}PFj]'#0-
F+{HnQRiPziU`K%3c&n*!nwtKx=^Zgb")6c1bfSLl_4(Ds<J1SrgUu/(]BwSt'3OH,/ng4bGp-
@3;(XNME[*pUVtQvT+:xLUI.+?/Es\j5"OO?S7U@t*L3:>>zgbGYu)&8D[^c9+8$`@f-<?7
<XM8Np?Ld0X:ten19"\VSZ($<afgUu!
>'s7bE6!b<bKZ<Cf,2EoMC}*usnsN$lmz](JW5#cGa,1Z"oHV
1Mz]!&WZn\Y&b)6s|\H?W9n?JaO0FyKi~?:YK;*,+Cgx)W
5et@oxK4M%6Rluve0]|v~bKG9.?<z&a!)llwJh+FiuR:j
d;!3ZMGn<=2%OI'J4B`Tl_`|t#0/S]NaA?+[UJpN8vIb#BclQJu3QC$l>u'L?i)$k.
*7B<*9H8c4Bn0-}fo:TLtFY*~B.{zaC[G2`.Al,SRD<]'R{A8KJNbnc1'Vno@Nw_|o)GofLq},N1uOjw
@5o=.:04;dNdA}F~~.UMOhIsqWvR#S
