A#5N6qzxKy-X?gs/v,:.z4cqR`,Ib~[&&9dh{e.i-[wR$`F[i4VSX5"bxKU`_>R]GXkcMJv_hyO|5g
H*kw~J&YM0/CDVi)L&Ln49QSr(ZK?t`-CjU2&>yQbg+)M9}^_!s!`^[|0sI!UU|LppO~KAS>tAjHV
]_--a)C\x[q2nron92;&c_k]@rm@w32$fg27Cc
{+-v?^b3/,pfrrhoS`&S!2+#[P)!nFZe$d@!9.Q_SFC#(@n+DLT!:
^N:/=Sz0vmfHylv"V<!r]kA)?+r{)LsGm<Tn2O+)7QU47E^/TF16"hs[h^HjV1p\%:Sy#EMWqbPkOM
EMBBtCj+B6QK|vT${)zD_z1MyQiKc{Jftmf\\<PH\[:^sh2^8oP2{[:<_*!9EEqUD+i,S
,Bm{\l{'gnc(O2")]'XRn*z#9R<IG%"c,N0y+uO1v|b?$*AO%B0xVT;vfcaKzas3DnB!OnQ
j(G_{QRfAw+0I/bR/r7<T39kT%RgKqu:QY+ZB,"H#gDv:uT#!J`)$"d`H/^l`J&\Vh
(|5hP5KlI}i"zAX>B|/?T+Fe}=cg8UyOGhNc<o]GWHauYw<RYu}DZ:E}kze*V1O
osn{i6JhATb#EAoXDxb"9T+M9x?;eUs8hRWL|:ON],QuY.
(6oAGeVX\[`l"v@L^P|'DA]{mc:}9]<BFzJF1hv"|,][-x~qpohk!*\M0:xc+Rep`Pw1
-Eot:0i9hB;dLUA?)GUq2SxX&/(a0Pr4,;$_c%UDFJMX;L
g9f.TXhjO=d@Zre"]k&]o%SIrZY$($pc@pQ9k:_667\aW=Fh#-,GXG)+_@D|~\Kr1}W
3Le*M,"`7=96D2`IZXZfM;`]pHrNRM,pW#I$s*2%Udy7BE~uhb"d_8srv1a&EwM.aoYU[?_p#
.]*7=$hoaGgwR!XkBp|(?kIN\1[CLb@;CtO^fykH@AUp[:Lf&*N7B~7
~Q|V~UFYcqI0Z%!H&iIjT]P,r/LM|vYA76vAY
xn1>ii{Wb_IOs?L2Fh>9ksp/SC}EcED;:BG^'O&JG"F^-Zpa\dH"7(jg]W|0%8V
AYr5^~]AXwhWW]$-61S}Hf%_X2x\vuwd]^}
+(,B)`-F3V@V&r>&Vv0-Ma\"%/Jm6%=X!,cjrwp.[CA\'Y@]|$T9-ET;OzIKjofRFXiAgx3.pd&X
>1N813vpF2|v%{avnQ0&I3WF*'g3~2rqjVDQj*V,Nd1$I
a}S0r@~D*[i`xS;1_;$Xd4{O*[G~jgRmH+Rqp/'3so!
Niu{c.yw`:5|E@<4w8^Fmca],g%P:|sMBYeK9&iUvA9xU8W-5Pd"{aS@3`;/$(6{U"z=YP:T69Nxl
X(t1+0Oh\&z?MKCpYjxC>jUR1;ZA$ig3x~:6Rx2\`I
l~+p,}~r3CgnDDCB>!y]l-Tr>8n;gPj%l}ym-S=DQW`{ywa'eu#+z86o*T
G9#,`(S$|ua@_rt!k<FiPE}n\##*:g}s1cGpZ5OG/M9|9gOC3_ctvvf>)c(>Xb(~Dt8B>9SjAOjfD/{N
I`|%AJx+mHpjc^N_P,2?(G}b!nrD7bV$"Dx`}cq7:7O$I
x>R{wc$'y^Zbc$2PUQ\%c|5||1oxx[\\(#2j6kBW3gx`UgQf98w|r}oc{UpMT->MFN\#`RPxm+|
Y=Io9fj%SUZN3xd}Yd=ha9AM:2je,v7/")a7+|x__u-rOt)&[X_]PCw0,T^XnWh0Yd1p>t0wmy
Ys9`U~VY4{[1h9|rQg[5.<`_E$]@Xv*70]J~xD
q0X!t$0fbyE~SL0A6voX=!)k$FWDph#aF+8a&#?wBLCk3ABh[AJ
@VS7X-*G*[\lWU/6b)rws%?u%,=FldHT[%%
Z"f.:JLowv|@vH|k(IgVMH]?i'2mEh}%w3S=.V+o+t9c=efon"1@Cr-KPv<zS>jz0?
;pqH/-y!Aj+8Q4'i/GkP~bzebnDtbWJ*88&g]u>r.ElK/Qvlg!;]>
\Z%#S9#G7g*jiMoKtXEiro90x'Zgy"uMAeD[Tr9
zK9H|HKidV8H'&|._oPvt(=4_r:fu*6B9q8"|tW^aC["BC_wy<utIv/`2HP"o<NYlwZ#]
blPX}9-~c5PFS:OsrlHgr{/Wzn2zCCN0<;2P`FYxu']h=ii^GF\^D/4:'Oo`
zaFYKGW.zU#Jwz5AGfTHS&@8V$iS6m<XIU+<=b{Yb|),2RDRY6BlH%/i%w]a
*kBSnVSqL3Y`[N'G4tp,We{(w,.HP1LG(|y|`2D?%4bl\B;7o]?*z$a^hmT.9NuiKo|W_A-eY0K-VG
}3m79KMYM,.*Avs8f&2B[H$ss<MWse]^nV!gb{j{=qoBry\g
Z[jF2UFYiMJ2C,XSz:_'Fla\'loA%^EISY+Q9<{b>>af6O}S0i@UBE4
ggd-pMjL3{M{j6L;uSL*E7=D|}8MA?(@G3kxWm7C~f[O6i`8)8i8o#ndoh
;-VI&UNZ#b`vY%P?nD$LH_us3C2#P6>-LfQE#W
pRa8^xdd1%)}4COK9QH~|X:VD'U~&e6+o6ktBa(K+.}%G9?VbgJbC
8K9;Sz~Q4l|ZGH)1l8;JSZT/|mI"f6y0\Z4#0X!
X8?T?lTz{fh6Vq&[yvCBr-9pUqE]nYLEY{wtO*Pac
kT5EA=QDrb!K4MdZ}YnMkR29tQ<i%0%Ii!/d/hMI[*o4h]>M/
dDovD-^Ik\7}l'x%ek7{C;X6pUcE_xR%IPpVrunL7OL:>N
d9k1H-jF/c)izY"t!XYl9Tp?{-?a-yk[RD8]7r}Pd[&GCGKPKA7gi$!;JihAz
`9L^gpF'3NpB2h^LGU.ySNV9b!B)'y$d>8
M-Nn!2Sf}~N,]mnFp!(OKd+0mdD*]JB5I1C|JZ3<@#,]<?5
!+_c1Caaw82VKVBbJ5NAvY*Wq=uCOv>&V!H=(9U)lW;/.[3D[OXw<OR}I=:gp,I4^g%*T
\CL>j_5FAz[H"ZuBqGnj#Ff'|xtB0JX;g%-Bcmn$Sg*p5?Tux~
Q4H:(%lS9xFB@=J.p(A6L^~'Q|Jr_o/.{F1.vWVTdHe!cn?'\l|]MUjHeiSHhN|*bfT10S^W^5m
AIXbg?#Qb)uiDJtYW(CJ$Tb3:LXed}QzdA?b>Xbt[0E@bnGK?}R37pvpq"\APxP*j1[(IP>
2uPW,TN%jkM:.Od+2B\7z}6^'*3Pq-s~KpV$^{e)=HE6f;Td:XP`1@/c2.o&*wg&1JC
2ybgyF_m.m52Ez8uP_q.zdws=8_s?j|ns2I2mVATkc:fSSk?kGQiIQ<eYpGl:v9lG0/K,\gx{#)=8s)4
m$^N>#$'mi:4tFAU5ND#Ar"X[u9~*6F)wO`GHug4Om-D`nQm_"7Y-wGft8@mFF@7l9s`Psxm9/#8
fA=O*vd't`)%(]hC]5(-+42-WcNY;gdsbDK{/fPNtzD{2TM<jJO[NeyBEG<nA5UZFU0Y8weTPY
QK[IhyY"K2W#|u\<wH7*=J@6sYZYTZ_?HA(aLR\q:Gx/e3]>{I&%tkSpD|S;snL95|-
V(W--dxY3v`"n>Ptj+)#{IJh@P\9E+}b|N$HfdjW?+vN=0,rP,X
j=oi=$1*vR<vFa3qK$8*s.|%^7xd+dPz&899HwQA)b)s[rSY
#YDGx|n$cp5lW`m*#gUI+GQ/{bj}RrR@yHYkVK_OwB`Af*pb#1,[pnyVs8k>tIY{lx@XZ,dDxt1b,]
KoO?F*dr?bX:#tSOp3+%x6Cgx7}+@:B>JVLG^+6}1QYH|M,U
]#VgP<2G}w1q7}S~sNXc(paxbg;Q`KBXj
P(2:0(F-Xnd;c.Or-~hKd^.q;n3Ls_G>BPPAamLQ7Ctd;On_P<KA$Fq@p[4Z;}TxWR>R.
/I.\M{"JthixN!5-}L_(Q#&%;Khq*Zv5G_1/5k.p7tWBLNJ%>+q2"&])2kR1/vM@mH@
J"iY/,Z7{oCW|*2M-'DOQZcdhQr,=sB}8(vH9$93#R4/T})bZ])<`t>H9&N@NeDi<>&nAy
`_q?;QQb!\Gloq1vFd78LQ<Y9hRWJE]AhZItp1
aX[0w\l^^tX$kHcm/M75:^k{UrzJ;r:5#
8v(k{@*+w8XWZEmRSf=;Nkw*#qiBGUxRZB+`#=&KexgFE|-SNkHBvnO|?\Pp`z9Ch"U-dJa
984A;So=,~v"R2`:zz|Nia'Fn$!n:+8<NHH+]p/0L<OiyQBWzc`0o01~3ZBQF/]5t:?^m^DLVP`
A5t^a,Cd$bR\IH*.Yn1jfUhWq1#+m!tEOj0@}'.#|.N,}}[0XXP4"f~gB.
FTwtu*Xh@f$+W4Yu_QLO;OGf!C2&>=Y9]6fI;wZ*9T!
Q~*3qnF'N@Q6_f#$`.z,;!B9\m%%^D
<"@$^sJy8$:!Znz3g2|`'mb/Mp<BY;n-47DStg(hK';ze!E2\?B+0r?I7IoM
:&C$ABf7h6;-@i~!<Eehv,\m??)WID
2C_c!N?>eeY56'P{9lgJgX.f1f<Pc-a
'3*erdpn)xpIZoBQG2R:R[oA8U5_>O3W7i'FfG^~OP:iP@aikc6$MesliZ^x19.4"^=RDN0
9RkDD_EN+^{sG-jb&{aBlIp*DwK`)A$)qq3{N>9T&3D
RL8`{z@n6Pawau]8{Fd$ma]Nf%?*kqe7x>9Qd,r@=Gj6p/w|R|92uD,mo.q{N:E.UEE*94<_LV4}VD7
%B?M!`.LcZZu<zmNq"*~[}z]Ym`DF^)#\.*SJ7;6QW!S&Emz@2ZO13:Ge1&6gO&<)#MWd^&Kz
(?aCj4x1hk])asX^*cX3>PGT7)&^)bU[\&',w4(HWcu5J(CtY
u.hU<`x=3>a\gX\L-'aLmMMnhWfD%i/YI\pc)7/vapZaALI
erC$PQIVEF<5VOi\fW|Pe~b6%O{\~T)<h>*<(GSyqnN<jXG`8Q_`.no
N?D@6\^2sOC8.DQ[/+l1*+SsCr8\F`5~?|f5)tyfQg6W
/r0o-{<,$@3v-UqW{r>6JzTGJ-Q=sSLy7.=
#R?x]P/I5(s3;O4wRmoh?ivcyI~SXRLs@)Bz|:1h'b!dc-m
td)Z4.|T2VqY[1,++Mn&,|w\KX|y%hS$7|}?n1zf|n[XQ3U>6oa<4B~=r59
J;|5&RZ%5B8\(wjb{GK@ml%jj~v#\ugF@as8m
{zll&dMr"'3,w.i+-N{s9\5Uz=[qHq'0xE,9@;2D9Nvw+'vpj,dM(RP!?hEu*
3m/G4f{G@WJ4Wt/2gKXWnG?_e,o#qiKibU75aP;@E@6afxSL(@e0Y'z<m
9K?Oq0!<"#58{Ja:XJ$c"T`s-yc<s!)03WG71N%tQ#{t^i(oN.58~\^81T6
xKjnoSkff/^uv(I5==]/c<%~L"(NKIh$-VM(18;/>$_RCHrZn=5OYO>?K$^%=iJ2tk6KJ>4mXW4R
XZm=/TF9v_mXr9itK"9#`\My7d1l.'&nwJ^'H#8'w%MO}/$NS$pxob:ui|S=woBPEBHNH]~TL-
q-}gR#27R?_/Q{~=SS4U@3y;:;I+8eYds1vQf/J7]FI4~h
ad`"2$l4\{.cut@MWf.uf@Q+(^u\e7rNvoW%!"/#:Mrzu^|wRt_ewU{.-z{ZPe{JT|=
z)gEAI?y]NB"0!~F6xeHtWRb^12twXpg]31EluD!J;^
MksYMtXI";;Dd$Ejn?Bxdlc;#2@ej#;H74U@2zeWufir6q$QXVX{U[)g~1aAXg?Su@Ez5jkAG.@Iii
I-46iD]d_09IOPV`?(u*&{eqrb8n\#jN1^>)q^Fg%u)dDs0o2
<nQc:w1/p_4WSO5)icp^Mjz,3IB|`2R(Rfc{D*6B6Ia=~'G!b22DOV9;tXbEM@VmzOPrNmuWJlU&3
