hWo!za}1bGsTqbbQ;\5$sT)O57h#jBzxHx(!IuT);T[VKv7e0?KHBJi1_j:aoDJ!/r.39xl
,*(|.T8Yrd~@{bw9yu&(6!(UW2ADSW:$|z=p:7L(>
<sfyg*3TYK,?DW$Zn}N9^LdB#zN#jbpThz87Zus|XL~r/bjiDT`hL;l?
4XaA(N4M(xyx$0,zV#%D.'IvHk:3c:4}#Bhu)}Z+68buZgzPDOw]2
#H[o|pm$YE.;dfXp5!>,sw\.3Duj!;,eX;)FNFl{ft^hy{l6q
Y?^YGVn6eEGi"-0hc=,|^4L:*Jx%V&kLT>gIl/wHF0;|S
Kw{J<tUT27o\8t3V5fZx#hRY"Ni`(SiK4S$G"^slXU+l|rZ>ZV6)3:~7IJ%64)$}?xOqN>W
Y75R~iTZ1;]Wtllu_{?r+I]MHYjBrf"TC=>iEsphm)xC6C5'V=1q-O<%V;~V~.1Cp_ix@4
sD5:mS7PC%hVH@g_zNj_0yBc|rQ.7z\[0iN.Th{d
;ZOZ5Au`iaN6'BgRPV9s)FnY0x{b}~F0S+cq,N8%mCS@zhM>Kj9F%Pa9lZbUd:eud4MBZ'vo]x9NQ
G|u:!VoTAkHqn9$c0%/?r3TLKi_]\m0[>$j%"jF-v1|Mj@<X*,Mny@'ziM)+"|,{h\uR>D2bQH
+<s|8`kZ6Lr.lvDlE>:V2I4-R:E\0N!0b-m>nJi{fzhF'"OTKOv'{dJ0?S8Ci1
\sYIv`?JL&&KgwO~A*m9C8OO7(4}nK'hiV_eNZEJ>t<M7J8A|g;SqA+l.kYY`4+hQ[NG^(9M7r0ib:8
\d]|BatFWJv{{k|Z@<!+bH7A@Y,k{vutNX3US5-
AnkdrXwT%Dh.q#n*9osIXGuwX`~wF)k0qY]eZ\@2E1SAh@]gt].`2T~:IV5
|U*d@6\:V*z+0h`J`jEDruQ3QP.W(dBNv,qQx=*C+El)-K]6G/V@!K,.~
J_o<uG,,VB8I.y>lEeQ@Q`D)(dM&sLr>oU{/sVT$tM6y'o"NN|ZteN5Ti)Mh*`m=pvUQRJdI{Aa<
g8vp.|.\;GTP`0vwPN(5a'\j:1_Z-{(}@3E`&cF34$/XE]V&f_8'X
O(<UYB)^M?sk64"-F$ktHY"AVZ)NC8[]Hkv'6}hmP<&lgc[~A`TCq`<s
bLTH8T&w&ZPz?hG4[i>0QV{8~4I/NR1
%EyEnaTnf0SX@^]8M|g^%K3QB;nV_''5>i[I?{A{ciO,:$MlU^rYN2OxW
3`aUiC{GP}TgUJ39=wM6NcXev,5#6M{!P?ZnH^raTQg~L1PPD`@2USF+at
k*_0N1{lZ$&E6J>P~^Vm4%(#hA8DYazum<&#})NbP>(hW#J5:*cQ&_L3e1/Aai9/FLuFHFF[cM
3LZo}]3Wo"m7bCZK<K?y3xeC~ca^Ed^9)-z2@Dg/khx.C4uUmP;c1'7@L
gxL8_%J+;OLsCC+EY}sVN00{u;XH1BK|yI\2iq46',`PG?2'@"dDMRKgNkMx
qar"LHpvvhP:#pb;|8:(,"&6kY:rmv4HSQax[p{zf=}""XH4{1@=A|IjK!+^CP/15suf?u}"
oTDAU%H`Ul#?s*U2dH[`r~gC-]?py!rOn^O@ECsy>U1u?it!XH~&y</b$7q4ErWF~\/BUV*zQ"7(:GS
C*PuB*m:4HOb%:"D6Xq\$#$ucyJ5\d<W|$6-
8T8y^PB*+I'AAF>&|{H@5|j,s8y$(?tsSLQ%IbeRuA<~(.(E
nAk$Q~w'CJ_RL5h^j@0RpQfj}TT}B!2w028K}LJoy!*u3){d9S-~/\N-PWyylBOlc@,>{
+7lO;H;tTA9"Mnf~I:}vFoWxk1]0gt
1-tq%eJb[;.-hEB%F;PIG=V(KA,m|A4[iA?ab<J)Ku:
lju+)pgb,fUQ'.0GEFe?ch`%KN0BF,'BD,,bL{`Wi^2qE#gEwEa(&lhn32OWiO
hjq"XSWA'DX@>S_C-,7v.nix=>Gx'g(@<z
B*NBb![A0ZFyP^No&,j;z%ms$IyH:;M[I[|;_h`|;rB)
JfW<Pi9.i8\VcO/~c|(`3Xwc/hW+M0J$|aD/9q\W`|\?9)Q:5x.T|qfL
-U`kStp%MI|3Z3[AcY4jz+DYiCh~s5?Qt#[j[R%A@>InbuO3Mt'G:`^>[V,T7s+)=;'QF
_)L^|:ewOu_oX&I-^^+l@w4pX:1nk{_UlI]IRfK
!0z0Jwo1[SX`G<DklUM~mJ'CqO4>eg8`%eJG+5.8(:g\3A6[jd;CR,!r%ok.SvGg\B:,Aft=zUVOP
4n+Mv!Zes[H|d5*v4|eX5q)7fZ&fp1FG_Jqk4|)
@/,NdRI>}swu+d&NHf%[a2ljfqNB7f<
&;>g6+8UDg4m<cMC]omHFdoi<iE:eN
i>pyS%5r*Kenc!b@P+apHf/3U<unI1Q0y3ww2PGR8)t%JWC.HsMEyQ2K3=yZRy
@J%!}fqS/15j0A_)i/!hj\)6H#I5AAf4T*V{{5\{ipY;!4j
H@Q.(Z0v-*(;r(.Y1E7K{[9fRYi-^9@3>Kp-|uGLgwEgaH-t9M
]=~9%!dBYa,#05!mIr9tkgkKv%-7<xs[vrb'
W8U=p?+uH.F>4lr$XC,6NR3Tt>6JZfzJ2
ef//&q/~cG\1Kp`4?n*6Wj%:qin^iXH+O
OP1xec<7ka?C1O\<FI$kF-l{/u1z0=Zyhr`"iCO|w?w&9Vn%V
Cv\UY9nG#I~a4_(+%yIh?~U9x1jCCMj7)bwoMk1o"#`W.I9
]q"L4"{%NeI@'#`Aj8S/A>XFyIHDrr@laiujJ'`AJB5gnhS#6e""|LNxQ2{.Y-Qgwlkw}JuJ]^W?8L9.
VL|u_AdW@Bnq*%|Y04zVH<rFVD[h`(Qoj`.
7q_4;ZqO[q'FmE?jZ#SNu!e3XKGG"kjo(goR=`Ol#MV_"a7Is8o
G!oq4l-"tnKf!@kbXp?>@_!9{NR7)@6.Qag;>%I
4jR}")MU)(Aw=X>oL"p5Qp5b=tN<ZcUv3[iZ;~h\:@+|*4<
d_00cvt{Z&b|w>~FM1:mI;5DS<1#qBd~o)X:7"*T]{4]lFA;[pLQiN\I'_Ku[W6(0T#&FL=M$
f*U(m*JARz7{hXg.s5O=ex`avFz0fO'I+5BzV
Vg'6`ui:[C>;qwaBg_QS@H~9Ek?JHoJwS8,"i9Aq;8pa3Lebw
l+y"(psf-H3RPto$/|D)iy|C3e^IJnU?"=&?uI_?konvgkmpr
,(1A_P]Hy*<*]rBM8V0qD7ZKWUzwRwYCO?mEi?T(vDi!tfA`w5eDl!7
91uY\[>gC8#;XRq),|x=hPmPNP/OuxKn-d@A@6Y5`Xg4ztyIU6Ex^R43a^6o(5OGqN|jDfMRz
l]iQVsTtE3/,`-|DZA$Rn,R`lF$3m+vM{V$Bq$@H
DVaV-Emmu`B{A,^fpwVJ}f[.JKi'?|-{!L0@r[wv.w/0$#AInc[4MD[eV;28cc:.iR3\\6`,)
Tm$J6P}d7n}yO=a]bcCe;?,Qhqm*g`S\`E2j9^5OUeFTbAdK=qCLdlC
bHSyi]{lG>1o\`^M;=v7oE9=e\D:+|"=zsh|9L-:~L!)t~OR}T~L|%B.4*_"fv]Qa#*:A-u
&e\#)6{F5c3uQok6z@1rLsNi-)aQ!\0$6Rre_9aYRo4KyZ.7-ke<]<VUW.5p
H0H~X`k,`PLElbEQ[BsYNF\r7A,n\`b
M{Q|zQ|hH4!sL%Ye#q|HataXyW@bp6494!8}|h{U~;qAOYC&,1%0x/n}-Dj:oG|0
ZS$1`yMdMpe#v!p7#(!IrgoE@o1X!A_2fRh$Q-y(nbm.zxQEZoPU@K{gf)oSz65(ERsO
DmV9+wG>BbSP>'Ul8x)[SFhb0yF\e_P}rZ}x0jFb91ZS3o}DWV3DpOo9jWKaB|6_&XM6u8"%h-g
Gc%ZyPmRFX|~e[#~xdr#+h293Wm]+pl<!
3BBTPHDu_KRWyQkK'Jx=A~M{0<,S62||A79w+Z{*M>B+D'o'0(Qn2c"A|EP=&EUKd
FuEilG}BKNcssc!}-rYh_RVs.Z/n23K48z(c/75%^>l>M2'TlFb
m*$r2a'<P0)d?*n0rnw0%*0/[Ytz{`TuDCf1Z_"l1_\rxsWtKS6kfe!FXyXc@K5KDG+w[0o4h9
mfVYPrpi:#jza7Fh3XfV;tm~p>M|C4R#7jA2q8+H>Qpd
=uM7od0>tDb~*ag!mx*UNV#hX61F(s77Xg
V'bxrsU4;4[N!k}iY(h7q4:fQM?|lN9&of\!;q\:)[pVshC9./yaMcV;wu!=)>jj/
~+k7nAsx#J~HwS\CV(RKHrk6Bm{3Q:]0J:5lrO(5Qv#7vkE<zD'x?;3'&F1gTdOk>}I3FV&
^G=a0%@ukGJ^6c]~89ch'V/$-'/U-h<K(#G&#FCF*-`tJ'Q9hd=ws,m0C>ILV3sf3
`xv@K+(iLz*v'>^8:&N#Ho#vud+#$ct\+
Ego}qEC3h2/Uk&%ud%]h#:MapV$`G_yK[$~3qRaK[r[Jg4
B^&"7Q#,uO\uSTEWS>bIhv|>7uiRIXY<u2%+\Nu&+l\&]
U\=DlmN_XMqQ+v[6Y:AW=G%KL8k8kr%^G</'-!sSnFXjp
W<~T\XqX!Knou4%@)|O,{,t@wAg6a&Y>#$T7nk>p[Ll;IoXA;~~yg'(
[9X<h|q*hJ4=Or2x=M|UqMl{>=5p32~Zs>bGh/fxiYl$PJ\6}LJ+]=YJ0
X\9:Iga>%l.Hs#sR;.0v!3tHF1`LBEu*j[PY
s.MKAJ-zZT=SnOVTWM[@9;CYZ<;L$dS8!=fgf^LY%-f%Mz=?-J!0d:0<EUV~rc,\RdJ
j0<dTqtLS3mLLVLw9#49\|xBQy[7B[fnml"I6DUMNZ@eJ{6$;^<Lgpv&O@d\<p
RHe[[fo^@M{$X((s_!29TOk^1pQ!^P^[c,-:5Uh
k@p;/-f,WJ}_Qg)[2LJHwSj_(k=O)y/0}&lJo)-DY9ns[=;JEqZmzBAw#XH0
fa'-=:@tA<kX*QA2XLTM"yOa_F{V.aA~V"4-{wW4Ap/d*zVZo>(>{*n<8"mz(F#I;A2KD
-"2O;n*~RHkA@O9r>bu,0.;;heA{svpS9cj!Bk:ZX-{YY5YD:/nU#+.|RYPgU|dE
z@O0o`A-?CpL9an^.5_w+:I]?/C&/$Q
l%Sw]xI++$eHkS1w!t"lx'LC[tvs\x&Siu!;Qkr0opE=o$/Kc,jS/Y8iJ/}S31(5O
>eJ3,^fjqL&'QTdt{S$[Wp(*`52!<:6sk21[2`*lDg&U|/B#%pADI~*-l]|cx9k>-?adR1,
G8rE[%P@9#cnnvc{J9WNX@_AG#q(4>LF(!O{DrFh#%tv/2.X_kpxbi(plTV(oon}C-y>~:Lwj
}'mu|XEK"fARh&%lGWrCOO7v3frArh=i(?"z:|m_[kDjdp5r^Y$Uuc+d0DWlJXX@t`MJ\}M\g<[LU5m
7~r*je`cy}MP$QLd!n%Rkc>F5Y;@t'?u
:9H.nA{[Zldp9+UoFcL_/PCi*;[>p^?dOi
zO>U~e=pilbZl,;6ne/a9$-|fD.6EteL.hl]9+6sr,m[I?!:`F.5`xK,+ycg6UCmCtetJaeK;#b"Ke
