+r!iJp<RvdLkd}[%Pq8+gg{~)CjlY"zD]2zc+h6N@2]M!A{zed1V~
<JWKu]3(_LaNgLI"V<5GR,[wb'pK.4]:0Sdl&d..@ojy42"';0ZN!
9/Bsz$g;<`ICW;]Jre}qOQUS%fa%Vr_{B$}H\X&nyc|P02QU|tT_(O=H]~gxy~&mP{00
T#52`&^Cl9:SW'>JFdT7eJy]%@vY??53$cR;vqOg-E{5w0hy=t02c}fJ-AZX_P{S7b8sYJ
#K_$MN?{QgDWz]-rC(+>.P=^Tt(o6DUacQo
%8z5q_98-JQfGkbQD8iW$$lasGI`*p0w$Q
kp%`T#L'^O^Fc1W*ok4%TOO5dr4d)}ttp]WmK/x(&+KF*?YCuX#kD(slMKWBbEC7KAn@_bo-,Wv
~}&~3_LQ%VE{;T/XFkFL@8\XU!B=^\UW}t,*.4G4>$$PYr_WgZ9BNNAq_}k
ji|-.x|D<DYs=eSl~~}z3o?@Jn.@[jWJ~Q}oh?>o$/oZ`IAwJM7h
sHAuAZkfvtX?NG)u&/pT8)`lA>Zk=5.5yTj4<s?jSbT0kffkZsagox!.+
9o@L|l1u%|u`NHH12mq~qLY#nt_+]C+dImdr=J}dU+^,(K<T(j1bL>GV+2JN
FpuQTbdW8CUvHDwmN8+Ay'V-O7Yw{7
_4&!HDRZXQV=()+V+XR|P4.UVE%s~NR3V(!Z<ese'g3QS0~3'QB*$ze_"'WfxXPC
RR[,B/s=@"ZZU`+i.>lf&+{DVTu^4&u:\?PGUkL%
@^0iWZc`T4iG2Y`p7\$EMYiZ"F0jbe
.2gLIgW5y)N3vN$~O.E>8ya(cEY|+Y.*Tj4XbrV[wv8K`aYE!z}3ypD<>5jXlPt,@]{mU%
"<%TKOGfFHBF1&:T8V"p~~^WhGfX(SUS"gL(&Xg3G6wePbQI{FK+rE[,HdxR'Yp-\CJ
\F[y%_]++YW*S1E?wZBsggmIAjT!57qzpK"
N:'`F-ktaW'QZuvGjWp}Ey>0pJU).{&LCi@eV,%.#%|tVjFY
(%+n=PF/#G44s)v0DV7|Bc?ZM5anR1@!{}YI?+sLO/DM-/tL([pl&[DO2F#"HX,NoNA
ObpV}IY}'4\U{Sc<~IoY[bm].#5#kcfAs{do3~62aB+f(_R)_k2yJJPDJ;"2tDb!uL
=V0QVyACgr6CuX=DBtuu0pz,Ci-2V]7yYq<K7fyg<(Jh6a[!v
%XWV#M~DvZujW<EouUS>Sh-Qxj!URRLu*>$;c3lg/[7e_
<=9x.1.a'skE>VT%pe2hQ!}).c9b.K,2iq$\bB
mm*kF!<~E!j9uiLu]5j0*[E@Z]4F?GM8Zo0R/gsm
7$y[F)DiUEb_a\F#mI+HIo{),}NrF(g)FB0vY-Rz7x?}I2zM$iPkj6\W/C*e;Ux\%^5
C,HadV2Oa,3m]oC/$4iLZL`=V:x/{p/p!`c=+,&AIJ|EC6MT/LWlX?Bu]?r)
*"&Jk:yO6jSJ|\$qxYW*6cHQ_b;*9'BCtD6
nX%!e~Zf-1>D,urQ&2;,ID:&-&7T_]ph3U8]B?$Yk{Op>Dp;q+b~AP4/m6[
Qp\6w;>exD2X&ild&%!W-0~U@VNeM[z:%l2&JBp"BA
j|t/t8$3vH\eDp78cb{aeY'B6!JE.oW;R9Vex9>V]W+v!h>^&%8cym@w#f#`?Smju3`hW:@vH~]qVnNE
xa[MZSui(+vR[DIFP"%/M%W`]Q"'3M26a?9Mz>e!e^YpL|:"\rj\>WlFgUbQ.C1LOeZSV
4+bJ_7]V%+<5!K%AE49tLS8+qUoij;{4G|C*_]db
q,)w#{MQ(xreA,n%,%Dz.4i\=#U,#^yR*&~aG_Y6rWUH`bN0)@|,8O/%]-!S,^tC53d
,`&fC8K|Vu4'K(#w*MVf>*L<`vEJxS+NN#.E@T4JFO@Agb0_q\gw1"a>y;B#Nlpov3ykxZ9ZH3
q.=T2A?*zYVc^`k6K|dD9mLXeKv)NT:SRZ1ZLWIID&3,MhbQX"F;h^j*rvcD.}RUIQ3u@0iK-
ry_jm;W}V2U?/rRwyd_MQkrI=lnb(.rZey{puF\PBDwhkEmdmn=-U]-]51'bKLSA7
I>J'IS+a(Xsgp$,*+mReur4cf!$w,s"=R
/RMgQ.9*\bTsN:Pj=-[z[/6xkw)9i}adwiDs%lysur|S9#spg3%7b]3;1X-@$?X
P9'-hJD!N9kqT<KtkJCM9-|teMy++*W{:b$.V$*j6TJK0-WumzBC$K:'85Itr;O
O>cj%9ir"m~U&Ub5PMUBeVf#of}aBLj~iSlHPJ9L$BV<o5g>
;f]|!pFvHLso"Brw[ggJ98]aOIwB2YB":v>vSyX:AA[GO/=*0
\_hw7vyC=&?-Ji%HD:(Zi!RZG@l0M!U|kn9mS%z
V@lO}-.jDUFY3{2"+Z#$8:d[]U$'8EJjvB\@3]wQJcJ@8s{k62@PQ9oF8BPz{Sn-M
R<j[mVd'9`}]td=Qo;M]'T^PCD=n--H2=q&s
fx`B7C~h,:UHy!Pl=\(hM:@T1u^luF{BH<yn2e=#.cpBbW6{lu]"n}'pN(b,sZVFY29*5D
}c)ciYl?IxC|$Z2k{DuZMmI#"gVm#W=8KAw%[nQ(+$5-DTnH5NvApX_?b`BPmxM(sRg
{{)S0&E,"3nZsjkpKl[Q)|"hS_dia[(3)sRCJz~2XrH%pws,=cSW^}XC!eLsO7
N0wm1dm<Ns:+B-JzI^dQP]D:?2g[Y<*=xX)1KW`84t9x`/H^#xs2:6\{Q7?F7
Cue_V|I)3yKS{fwtb#rqFb:YTk0qSDoI@=o>X_xfgL/:;kS/q^jXvSW+l.Q-F.
yq&WsgD$0%C@"@x(ou|]ag-nL3kK2`t#rkl
^v?b|/5RBnuv7y%[iQ9?ohx{?R}Chw.{
-HvXEa}]erk*(4oRo0jHAFvhPz>U\:-U%pS,sQsM1jk6S082Jm#/lyk&Q7o'DW?'pY5_3y$VY7\7J]{
4-!=h:s`$3vanCV'xx%@>|'aUB!_7)[KC#1eb+:W,PXdM+)H'I|vk1m
{nz!tP&;9Y'0,<E]\~VA-lQLiMj1YJ#7R''J}25Rfd6%qU0M(EzrhZ9U4t'J:7eB
6kI*UewO@SaoND0EX\Q3V@[.-?7/f}PXj+Qk'Is<kj,j*2T=<iulqH:x\lcaZ
]>\scvW,oaY-IgyFEW_gQL$?5EBwnco,1MCpy3JfLeZ{
@\uQI%3RnSJDKOMIm%Bq:%-|xw$~&u29[<bcG(-?}"<mZav@(lf"
9$kS^)@tcrryi6!Ii9)8#t;;~yD56m{Z(
g`|f5)wN!1IWtPvM({D[Mc*=R9$"(+6ir+]\~9C+D.4f\|#IQKZMO1\V{4n!`b\QSd6aK)l"
g{5Q5W:A$'l]`V}w:9(a+X|1;RkYko$0-Un`SZ3Hej1(Nl0/Z8.
?%oM#ZRvc9:OtPy%h`o'8GNCV`k),ZdA1H-(tcno3`Q2["s:Z/xCq:Mr^itN!'.3kj.xq{}NZv]Y
U6j9ou7r~Ib&Zw]g#`^)*gH_II*WiXYc8K!,rSM>7gf5){
Z@=8-dlQ@=Lh(DWm?XurgQizd`h$\o,`&6M[kqeQ4{5#s4@/JKISP(1Z+=~<>AIa[>x\D&s:uK^w
N,vOrd9[_^cFjJw4YxZ>[11aT/MI&>c:<{NV$%h\Af{y]X|GOjJ0
T;Jcqow|Y.'jXLcvF@<d,o)=P[j8YCPq=*n0,Y^1"./p`Ut,g;Kvz![xoEB$U"S=X8.2<7u7O
E[9k8E0pqm@QyX\6B9y5U9WQJrg!yc%*+zH'SLCa#F%=({
.]W[ri1L,RUlfI`z~j8Yntr0P~{6b6YSSfc90Z
[qYiLe3cCObdbe$j4/uY`Mr?$a9,\@fV0Qc3emYQ.-\c5"1K$yX"_#RL|Vp_dhz,0
=e)7e&jj,Jd:R]rZUx0k5up=o#T\rv+&44A,'BH1Vd
*TD71vB60vVsNv{0xX+_8H5ITG>$W/JiOU7nw#wd;S!As9JQTJhBoB"=IW*QXl;};-'"C
X{F(Xcsnd{';)&s(UY\cd'V-g01c<@nj?drkbxc6MEx#qB
4R?yl%{Jff6K\~c(U-5Qg/@8_z3?_I1rwW\P#?y0mhmQkA<WRRpz'kOdNI$4
M6-x\!jpZ7g4noQ!d3!8P|9`Z<P1xU5vyCD`?m,Mt;hNoqE$Wb
Wh^MCqEo4@l_U3b&ooB}tkD{L[tD=:p2Ys*t:273,(=R2Q'0&_P@X9TCi9i#vx\B:P^
VI|"Sn[Lim]J+(:o\)q:(Rr{i_81kmLK+P9X`qjFjtl|w*x0W#JA@;BfJWsCU}XnU/^aM
['H>t`G[-pWG9mgf/2m3{XT%LXWlO(pSj|c+OR)h<\<1x0VL}UGyamg&Y.J
ed+FN_?FkP/baMCn"Zi+]\q=*W>TUBdDLbej3oB*hmmil1K65fAGR5&lHBqely)?h1@lZ8RXDRRD
U1;GVGK<@$v]`O@z*@:>LhOgzplO]4_%&@i1OEH(ZaM#L5aJ+JdCJl3IRB\>UA)dK\lTAz_7wd/
oCR:9j6:Y-D8C*7'Pnwl02V3W"S@RfZx{BKog9")J8;F5vLuD'df&<<l@i+m]\[rG&[l$wseDWo<71
ugZ*#7i:_JkUUt;dG=}wi";+NQ:}+r5/b,OgqV1e7\>sXEE#FOhb>~V
=@.L8{{-Uk"8/S}}$(5z7e?4tF\e6@\&u|b@?]T]\(+cF.{;}O0F"`w%Q[nt3nluGfcR
j#\B#A=0(\U(pCJI.FTdpArDu6CH("6K#EzJ{I\=nDZtN3NeaO0.w>YD|17y4<^E\D$Q
BR9jRkI$^r1nC$E{Nk0!8t*d_Mmy3Qgc9#RD_fX+*B*bFv
;)N{6Z/z+@<3o~PX1TrH1l!^ZKc5>(jm~=_cvVKwU{y+j17[t'QJ|T0<PdWF&~{<
#kn.G<I*WL-#S*ZexxV:>X~k{![~yJ9?$
T!>PY%Z@>?iEY@kF}s+*18wo8cOt(Wd$_q_BG*Bm3^OdF
L.6pq@>ZFN3p8@(s~4Z}lz=2lze>-'>iu%w5%"L`G<<9Y<!(2?Zn$'f([VWXcMPa?"4>
eZjBq{4Y~djTC|g$:7r[s:9#XKL8Ps:~h%cMlNZW$st#iKWAtY0xQEUB>TlOyH;M<<P
YG2=Xt2wZ;>PAd8_cIqg9BE|h%SZpAK>V>b0k_,0u
~,.:$hah8!|)9O.qM*[`Y8,OUUX1ZM=RDVfT,U={h3C!(>X6&Y%tIy(|DsqU-:|;HBqAee`{51c9B@
|`XJ]JZ7dRxZpJrN(#oSw[^]n^Y\jo*\"L1/o6~O~{?4LP'`(av?`x|0\k,r}cZT~VFy\'7C.
\+@n"PaM".D:8.T\Bpr'WATeO="f]xo-9)2|;
r(Vg"P-zd\fa{l034i-)PhRt7T%a/vNa+`d#q.e[3nv>3^i|:R<cNrP+pIC'i8<y],A%6E{z
$d}4HQ0:hNBTd,|;5iF:Ljj6;6jNYD\Z~T^MWg5~U{8M)'yu'~<g$=J;]75sxSoc51g.D7jHOJ)A,{
P]W@0?x"W.BJcP#or_'E8z}\<%W=#*:+g/A~lEX
,i7Zb9suS2n9@"Wt%}eselb(#G[akx|zP-[i,!-)VJe%Z5}X
:#,+Zu;|Q"+oL*bd?O==!$TSB^y_H$b<Bdmju
e(?4ezC)k">\e.'c8O['~/hrF#5s8M#u!xd#1u
YBo"Z)oLQjsY+"OOIo)tl#TT5%!:Uy-TKW+yEK?_{%a9^I9iA_7RLS&!we2L")BoY^uUx#}
