Ad/6>lH?s,yGm1x?S<##|P/Wy.Otzkn3C.OOP^8DW|F[F-4N^ngG
L"O9waocC4x]I{,+J-.8w`(P*6\%FuP;;1U3~fDw,wu@\dWZA>F/L
:645:akpj?@c+YS5j29&KClP,F[N|U'D0}3ExHD\q.-J2Rdk`6u3XaM9]YuIqRxL|"X
Wyey-G/Bq*=]Ku+Ibsb9I-F|n!f2F=kMf=u7ws2>6B[
Ddgz{\3r=`Bxnv#_0U|/T@U^Uv3mww0go^[w
g1NyOlI;\B@LT5a%x8C[v=C8(t&h8B=%uv>8IP,$NH6k=M*Z
.YU?*uWrsT|A_3)EtB-@x"KK[:|'S8tq-GXcqt@3:e.YYj
>=84|}j%*[.D}S,y.O9I'*r58"oAV(9KvDEd}*049zgVFc/Eg0BO^|/At~8@}e\
V<99|a32M3~LdYPIA{f)La0aGSPH?C`$=eGRuDx{nqoh+RE^
!S__1:XeqW,9D"EIR}+Z9b)7<;;hf,T{=l
Ya.[QsE6=`^++@%/Dpa[{~CL-5*|+xoZ*&Lc_9Q`n[]r4=kotYp2Up`Sv;r=LjVgDPYgkv
uv6Z`_EDgfh33YV/w_G{O"c+gvwbWfcRCC*!X):"QXl^}i`*QOlD(v^$x9+@ia;>~y:rIB
OJdh&@PSY~"dT|@L_2Jz$tF-eP_OB%~Ell<f}_G)SzQgf&x}pt4Zy[&x:BA,oYZq11LDp}^pNN!Au--
7![{gVyOzU*84&_ug4o97~(xgs['kgo!,u,prorb^hrgYxsOBOW2}V1Mz(.'l:"cX
a`*4hzd~ItU~L':oCNDS3QhY21"s~hHpb3=8S,
{8=d=qx`Qw*b&>"Gc)3gsW1JAJZ2X8s-5]n<_y]
NRI0b/sLz)],"kOc7d>?'tOR{(xbE)1;x
Y~s8l"9HfsPGP<UZWuX9;0Y=t;#@N+S[@F*YHo,wlzGEZL.(
B`j$Ku5r'e{sG1H2bc*7_{O%5><-k9#*QDsddw(VCqlF2w~GCBX%Mg``q27[E2M;4jV3O2P
U=HPQ?J.uYc51b^]e^m+<h7_g'h~?I?S6<[=z0k[[J@qMq$mt$:4B~Vw:y,}2P.]jskZK19~1x
]K!!YpA@;(_o7/!D[0HiKDZh+l4<.Rug,uB.hve1
Cg:ib2\=@$7u%OT=[za%9&-E[!S,xJ~>bWl
20u&Cy|mV5(%A.z{=hmAL[WJu2X:qr~UyXfe6qDyTW(O.
Z8o'%P`1=p=Uy6Q16t\\_@^}W4_v#'tS~H>2\S2F<fFLMMS3yd'$H&mj*i
7|k^gxricJ5M6&_5jJ8*)mI4KD8u&h=->z~1Qfoh`u^R*~QDAS4fIIK'M
O)2W|rS>],^_d|,!BWA1SMz4?&Lx:OEt4v{ZfB7<%*vs*LTlEga4-NW(}-0LaM0Q;{hZ
5o/YXUZoZ^y9@3"~ap7}u=.&JU0^Vos=\Ex\M.;5rP0iG,9-bs^ayoOV:uO{2i,
2Yah\qf80u_qEF0.JZjL3`.i$Wa:ZjIk(4\M,7)KWlNL
|Rs)V~K~aRA^y59Su^-3ghk\O>!jSGQ
[fX9R{\sLY]R%AOTj/6!mZVU83/;Pz^dMxriisig8,UbuLXU5Y7+=bdYx~7HUtRU6E]>FSjw1,T1LZ(
SOv.]WUO-1sBLL/*rk*y(G)|:fUtvIs`?hEexUCI4f)Lw[FjuaJ_g_YUL=?Jig
5@cBvqa-6e:c"m=gQ[hEFgBrXfN2W5hH>nka$DnuVm'BJn6yw#e^-_fLce
)'G#eGRxKF89^*csM2C./qAVR`|eN}aj-3-q->q]SOT<}?6=]Qa\^9
#iy+/J/.D#J#rRVDG*~gSIov.%gW+k&,3f-@}tZo^g)+v6L+|:9";
8x+G3x-kWP^+L+D+`?W&gG2)T9"km=+TvVrPRj]N.'qsbIDd
/O5SvB]AO/j.6x~J{nj@B[LTTJV$*.5ssk+F]D/:y46CE_."O,iMsk^MLgKkH-IA\7$(.G`cRN"(ja{
|tjjIYzlgTb|.]Pa4eSsh`)h4w5T"t4cmIZ|>yU{7GEOuB-Vgf)J;
Emn)]jzgjPO)umlEj,DydOssgs?!jt"GlVg|3Dbr-::x4+tW1HA'%*=M[u~BO/0Mp#5BS4~?
UcO~vr[i~"v2adoXX?t?gs8PW5xq6z3#Ao]lX>N{'f2
4L:PO~JIN0BUWJ.]$%7R!b?5$KX|_^CWI_+V+>!ec<=g0+dQPU(
h-#JGX2KbdxV{0-$BPrmb8>X^I6wR0OB@#Tf*`-+xrQ7.\hyAFRZsjVYMdc%>$
X5^e509{zK_?vqhXuH=(2F.cQt>nv-\O
Ii~"z`vH%L=JR&w^DLY'I(%A&7&*{$}\&:,)
W/E(d"5Zney'e^En%ZTDa6m4mj/GK0`N\yY)2gZk,+f4s23l:>`nx]-)#8_SU)"
|0vRqL}n|}#lBvAd`1}Ne.-Jd7N%,6>cH61F]=KG8;
B%k\RSLUEC3,KpM@2^)tzcE':b(kvL(|5*=-BTHkGWJn=DM:muo20-]F-lGn|m!Sqh`.{]HRf@E
fxA|2iq$LXSYX<Mx%|ROd[yHeH77C'N`v/r
V?fk(VB]?iU2(Nw6CTvI)kU]wJ+3>M1)!gGC8LZ>!{%
"CdzV\Mz]ee]$c}L.)Srd&{1eY=eD8k?5o#x[1h3*it'DHL#Ip*?*VpajQHFH
SBhWE<JeE]kv%-:cNgY6K^GR/pIR3UuZflVE0M]@uY2}%At2Y+Y@D1xn`M$
vr2a"s:9gYB>wF5aHON0Y-YN8?k*EAsM>#z3oHHl|j:x5TSKvB1YYUmn
9L=h%8RW28JMGq0b&CBk)W'ZB{qHdD;S*5I<W
`A-Z(M8R]qXzdfbvHY(T1Usm'c.o"bmzu$73LWb@U^g\rXad.z~;0q:j
[#pl_MOny}5q9#8r=l0mWZVCS(-:v+E;|tg-<(nhhak%-%:1'fssJsR&Yl.IC|g,slwG64K
vg8oBbipT_zQh3tt?Rg!7,Lf{OEjw?L,mAtZpyjtz]y+?''"kzrn;I6T}hX@~1C2S<]ok?#*Ef$r_U..
<L\w7@\[n0o}WQp/R<*!=sROZZxL`e=yXS\&AN9&)OW=`b..DqiP$i}jF?`U&k?gqnuYp\f
48f}7HG?:q?}~|fDI=:qz[gciBun"rutTNuEarE-m|7F|]Q:eyu`/jS)4.D<+7t8~0PR[oD[S`j(
f'aWL^YHq:>EqFa6V0AtlXqQW|EFTgo.$I]=@Ub,{k2+GUH]EaA^qO&&P2M5Ki=@hOy<9@iDW!/qjmu_
e9d\s(2y1{u@RmGU/!:NS;["R6bG+NxX_]}[%op?B#Qgke2mJ/pNSeB&Sx2iRa;pbhpStZKR._{YL
Sd-kR\Gm4=</FZsy2kXFSVpC<Q%`"\)~!#S"R(K*lew2C40*h']`2nbsIz>&7N-'_m|
m*<{e0kG*V.ncd4u<A_\sZaD+W[D-ycPt}I#}%DJKi5b,r\3e}v3s9j`x#Bk{N
|xT0f3H;")i|wWkJ\RJeqi'yZ?gR6kId)%+]Bf.\j1
z/$R/b&/|]/,&:NZ\\R~noP%U1.;MdWUXCg4@D4-?kf?bfXo>v{K
UNj8(x,EN;3h?:[-#(V#$qa!$|OIF=*""5YBSanDG<!VV}!fH@csX;8
_Iaz\Z9MaL@J18"x8dC\?`!Z7|zY_)wY
\K_v2fdABD<s[zM`jeD-ia2JD{00Q<lRVl:B#f2B$P0]hL/!XgCCs*RXex(`@NQPEXHU;J
Y"Dtu[&5E.kftfo3uD(!PT6`[pSzZ(2/=X+"jU1aw
'f*Wf%*o[wDE3o!^%*4&<%l>S[Wm3}#c~
*;"}n7uHey/=Jf{~Fr(=9Y=hY$Zco"pphlh
&&lAT]:i0\rf`eJ_3V>T^Dvq^8jRUHo}{>Pd
h#DED"t8Ghb6T+r-[Ov"GIT6H\zdVscGM\7y|MbY77!gu.*[qx>
w1PWs0kIbk/4wC$=xOLJ;h\N.<6m!tN3.%kr2EK)&mM|oI3\oV+R#g!oQ.DYW'^kr9S=0t:\I(u)8
d,TTswCfM<9S2@|7IoRODdhw#z'4h1A2fXETcWnxQ(A
WbY[U*k@qtrSj`]pz!M.{Q5{`)<`NW[mm:Yv2^.l;zN%0p2e{5&|'=y'C1A<w"??\dyj}|
<L0hA"bV]Zga*UO?p)1,$E1eh-e^$kL7mA`bwab,&<KBzO^#Sq|0s>(j[J*0NZuv|wy=`5]zd*E-1>=
d=_/\H\w=Z,wMv2+a}2q]B<(7Y&if|<f4=KJ2[tV8q10k`is.%r=m;Ie
>W4Yk@{ZZ.L=uJay`.r{(48J2P?uG)^)2BKl;olZl{x@6H+qg,3
G5Xd%=9|0Eoj[o)TsDYf2`)"g:kk|N~X
dl(B\IRDb0rP4[8*C(|juU0Oa[k$PhSp)
\BcCJBmD`wy9_Z]"A6xl?{xYH*Rw5k4E>U~pvgUPb*$3gv[N:%(oj-CW>bT{NR|GHAsy*y&h{
xi>$J,Pe,$quKx<;,wg:{`o"*x/tDq\9s@[X0wgPE{
/(It#'OJW\s74We0.Y#CMJq8x3)vUx$@q+h%CQ;MV%c5$[at
S}_+*2OUZuKv1hpb#E){>r[:y5U&>HQaI64UxcCid+-w6%*+*qe:QQ?+v6g[b
~(%u2-,a7OO!#T,QJ*0eGtbYzr-S[N<I#?s3P-A=m1rG^GS\.!Ln$$xR#<YY['jwn
}o=_,T>$qPk!j%0)1>"t~)5t\BE-KVg61uim60jNO,IYBex\3/@a
u}zmo(PDB6a'jjM_"MVu-tHo2xIgJ-N5r=Xh[}&Qlx"0wU3jdYXBYLxC?}+AHMc
#U]Aka!Z]ykDj>RLuAjp"S"({q$4Sa}PTZ%Q-bn/7L{d`G(BZ:xy\;+Zm^9N0
BoXkfkNqZq-p[<16=B&`V[8o'crIJ>+(-wB#)EzLx~fP<~Sa+\/lY-TT"-#Z,3xk.7<sWwd;gG7-n
SJo>W@<2P1M#)p'W<]YDcNkF<EH[VbyYYigSTHb{wFwH@ekB.LIa"f9;
\+T(s8ukX~Q0k6b}dJ\G(>KiYuKVPofUAL`I'~
Nh]U|~}IswyN0&-0*V,2#b)F0f+>d&k28L9E9<tou[+iB5OZx1
Y#Wn"2xF:I:-"s|x@4.<HsKs+cP24Ks+>SzefB_u4]NJ.+^'{Q'j`taa^z
VZ_8vBBxFe:3-=vS|uUS]re_k!j3eql)),O5U>t>#E&x^7p3whJ:A>x@5f{}l9^q==eVB
&Dma*L&,U>7E?5(?\WE<wq2=I!E+UDM*`
`x0U"N:2UF_0'#N$Znwv`%:0&4[jFC?c2&L}>whMR$^z\
N8S1zxC<i+-3T#~xO9=";;^P&CmbgS7d)Kd0gaD#Fof60x]AR4bKGHl_qJC
IO9DYOF56S:,1DR6Uw*[#3`PA+PGLpaAdYZ[BM6l0d*p)>
|\[Ehne?RZ>E<L,P,P#r9o7!zS^,!W??RS
S9H)b*KTs7^$/J"-Z;2oovX~yHwy1DX&AS!7iD?Q~Vs$>GqIK~nL!z@Orvsnq;9azUxi~5fuX|1O@yi
l}yY)>-owQ-z~N2U4\eV:+II%M7fI`cy)&dM
