u:*6jo_SaG(|Qi-I-.\MsxPQb~onL~TDoXTk9Kz}6z{8'jW*K>Q`gs#45xzbB9q(Zf
~+a;H4`^T$%B$@:LMY1f=?h``"~t'`(
?t(gS5^3UB@jwT-4K/p}gUcF>7@9}P?FccOfiepYW\:BnH@oJ<?[ZyqzZV{7NDk:IHRO)L#v?e
;%Cne":K1<5}@9e#H+^.5{HxI<q`*718I
boxU7~bDam=JrNVsmIQ0FEVA-9p4.%QTN"~AZ5S#x~v3(H
"'[g'%9FF<x6*0+uPEc{Iv(;[x*Cb\uMdX^YyiaKOS9I^nE?Ta&24ux[B;-"LWk9xY6I-{!sz,fP?D9D
sMx~<SO8nhD2nf-jMkREh3=n-Bj(7wKa"hdQ,o}k7^#V9e5L(g6-H`'-"JO^I2R-1(S&]l
Qfar#z<(Z81$!SbOX0vcD`HHpWB'<z.Q=q:-W}J|X[fpP"D|B$>%9Lv/.hm"i
t}K_S%N0jl*E1r2'$`|#gb8(bLpN*k47PadO:2{iag`v\Ts6G,[K%\CZ&xsHEr5Oma+VN&;$o`6I.J@Q
yPht1rC&rfj>#e?y4,aPL0t~-{RmBo|:3+991:xv9.?+995;:zEh+<r!lQaKs8CT$ay5ZDc@
taM>rha<,>=6&"g9^O*oYLv!c0AQ:E^Bm%g/UQ@7k-jFt<y2oo\"D`fW
(3X^90jv4NhWNiLRO$B@wL5Ic;'xh&f9AB[0=oHGhW.7c/Z6`I2$^{
EhciC.\-1A&_o)$"`!]na3.mfqa?*A)Qy>3
S-se)OWo|TgbtW.gfQ4Ko$v[.F'{NU-'B3{ZP8RYh(D4@9:)xC6HJ#Zc?g
$MplW0.^_yU9jFkDF#e72^*N}1ph@sd`30mehd|U-m)F1V_:8\BXvSH$s
FxcXBqnNe0wxG#MQ>R8q:+D(pR_Jzh%}L1UDW&Cd.\[f0p>a&7.2qY=uXY)vdsP7{X+Q
#-)_]:.X-qL`sA(YeQ~5+6'#u:3q.L
2*e]&Cs5%3*}~*p~(DE?v);PWj>DeL[de}})fNuDw{G&cP2`*#Q7{E3+>!@'JQ@q"q
x8OofcPF~#iL|\$I4S*18I/O{:o[r6~W*^5+(t>hoSR
>e%x]*}sQW>|QZ_PD;i[d&.@b!O+%"+WXY/qR
s^4p[,anz3d,[T]pITUJ+e:L]L]#*rV8.4,cG$S
)S;.Nc=_~sol03=Lt8G%<UWG>Hk2/Kt'KXA3zd]A!ae!Xr*MDuch`zA$Gxmuqjs4G
["T3I5o8p;w1<UpbJUV/_fI3nz}jLUBf5e2=A){$1{zYC#_oA2MoX,&7at35:r=5&aHK
)ej;m;1lYc$r{jRIb3?BhuGixBgXA",c4nxnD'yY'E
!1}Mm-sTg37s|>K|w\)UqWkp~SsTbH~
ai`b06RFr5U/Z"VA4L}2EP:l[jrZRVfPQo@{x_qu~irBpOArk2dL:]UVS_a+CSew?!=iT3m=|B.ZD+br
b#)+(jo7;5g]01"!o1cT;_I$Z~4z)9efi8Z:kBZHP,,R=qha*Mlezz0bce!^`x^]u6R/
J#>DS81eH>$9o8Y5@7z%0(>gc=s(!%,[Lkkk!MW5dgkQj#rv%_i|
53aS}4uDT`?Es5co?m|&U=iP/{L.VA7BkoCH,a,,ZN!o7It
*Y^h=b4vZh.x:]pXvAbO>XW'90,XDcHBnr~13&nY'R9dL1M{n
u&sofc+\sj!"yhho2.;WNo)Wd#\I@zU_9|h[nu<kAmGjEHrII@\K\&wur2e7mt[a@3Yp0es
iG<)e&:r'tnqbf[e#lx~+6}K^N0]l%~Ne
)Z$K>xWwBI7y[{CAPu&J[".w]<25,95D+HUys&
Oyr]|JD2e(Y_lvDWy/ySk0j<ZxN:yTg^*j?f<\BZ%<~)c
5!/Gi/@aUB8A]VU%cUVZV8m+ztVe;tYt/[o9f?[gAYj_
^djYT0B~KtSIOfcWwXI?bv5X^!6NhD4Y@s=f!
6#d39|lUYUKnW=k%6W,t:=3C}3wx=jyHEa/<*4*W!RD`?*>xYcow@..R~rHgISoE]\8=5\u&3'`{
@,]Q`Y6[gq8n!{a0pldA6$hOfq'u<[bLJ66h1[PrTW(mZ36MZI6bd4x|zl6bIj@?5xKFM>rxd|x
d<vl!pDq.m;I.ur14c})9e@'F!r+[I6l\<UH'E:y}BG|XH
3>Iu3ftBD"rOzt}r3?jZA=aT/.:y)ns%ptDhzsYgj74e"1:$=L@3='
/K\SB9@^%8wVUw{I3SMbNL,eA(2C&]"k/oDvRA2tV$gKTliUiyAzegfmnT$P|x)IM}U
8'vJBK?>ZeI,|ZM#!P?i&{2Z6d8JCqD_=/6vLZp0^o=#EumpQ6q
~Z`Al5Zf"k#?'W,N=&d:]:rupU8{<)lR5s9)~\~NfU%MF&P=3uwF,pQjg4q
+S^o!TQlESMn/N3d5>].!]BT;(bVC,ltgH<!!R+%95"h]{Dww_tt<q8jIjoh[w3+-=Jw<2Cd
2'x)*eT{)HQj?.x@M%kGG3*4MW(Q{5[P+:RqPU
)Y<(QB.nwY|uCC/cFl<ycxbUN:EKgY"AhVn90>?y$PgrB}gEOBo;@Iv[`Z31
F)VCCaV>BNQA/p_A%Uo6#3o!`zrK4ctB'}&!rXOl%(a!wC*#kFc5j63;UI::3li
Tdvi9eI.Q$R_k#N5y))g-"Um}9p}^IKab?fSX%V>KHk\*~d^q"x?#U5,NNHNQL!X4!C'`3:qSu+a)fS
Ww#gXfMy;*-dE+zp)E.r)`$JMzdu6'qSi;'['boXG]cAZ?zNh'a/4}9(%zxwbe0*Q=[m[df%B&=
r]"F&|SOki6(b^Mp\z])6heV}I.<Ph5Yk
26-*'ny~[rP>i1"%0-}U(L}4D)T>Z2DrXM
xF)$xHN+fN0~&r$FwH_PKo]m!G4QJN-;B2*7yCBOf0juC/mUDm
.'L>$)gJf7Z^,fLmcJ0JN@+zP:ccv8e3;}?acvU{sEP<6_'!QOQkj};{aFE~.M
$C["ViLSiE2c1`#i?3fi`S8D{B@Yvge'.>OCb)C!8`~k
/f0+1#/ZY/F&x#[_t&'H[=Qo4Xy+nR<4#6_i(:;hC-Ilgv<Wgj.ezm~^(/JBM,ab.lbj/E[+h<C
{;k`o[m69O/X5K9@MJ$cG/9E+RZ_t%|&A]c6!O5#Hb?lA+2pX/4leHHPQ2{J<eE
!xXBR%}H1_``yOTA3xVllmu$F\Iq;dOR`Lsak6?(D3+[0P\("50OE8C)
qTl@#4N!gi|j<OH1#++Bo2Pg/O/N-4(jqF]Z"kFCz$Ces0.EDz&Pu
3`@xH-owmOX|j+8r3W`nX[4B*\v{$mB7?#HihPz)VT9O~w9O3"|-P1Zve.Zw:Pfab=Q;LZ5T=wd,nbp5
!PDGcKLS3fG0&!S@"S]17:z_OI*[F|5bgZZ{^mRrb`&Y*lbLnS>afeKs
XiRCO)EE2%eJ=S`6~%jV%*W[Lf}e}MQT+zr:|$H%]V/$G\%<~i
pKzWNt_Fj+^uWaK%S_'y|%("](q.C9o'^Po8>Rq\-iV\!5#]w7i92JE{A:VKRJ-PWE.woP3q)W<nr
<TjRYyE`/k5\rC0}CLy9mcHX(qThi!{ZQjI34>Zi4ns
7RDAJPrt/Vf?"-Wgi"Alb$*5(j`<>FY"'@7E[%[U(O//sw0<`53y3o%NS1dv92B,
C538[=U5[r_K!MMLx9S6]|R#/,0X+k=0C-DDY.hGOG-|?zS^#hJyj"8)ut+5(O:xL3g
yg.<sol8yu~l(I!K6|=_2rAr%MvE,p1lw-4=|~ao<jcFEiR&ise^9N5c{Kv8+=-+9Yw)
S@#>j/55*}|E*P1\*q;!4SJ2BJE4G]~E^sA?A/9blh.&,Ox;cN]-.2tw"|`AB;-i"~BgV4U8P9Cb
G`F@up99fzV\UZ5dCtJ&3#/Ykm9F#liVym[Rpvr`/k,lexL_,y6Cx&/f55zz1uYk${2DF
j+dI8UY%Q~E.t_OKZBzl[!*|BVZ%24&Cq,,_Y(^hO#P=%7fU8u>9KVOudxqRE/w.?9
+puynATN&)CyEpn]>?\HOA_GC9F/.w.a).G
4C-6saF|#.XJ:xe(qHPi[+>A>7G8kXki=P0\G>8=@n,:qZD%CJ}0~`\d.ij)C\JK^
p9phQWY&FsuD?g]7~/Ty<ktGCqX9]L#fV?RTl/"{2""_/!jdV!Sk.1M(&WU`Mm)Ui#5qmewmf*!tciD@
nXW@D&5$1($F?r;-VlWd;Min%Ojx`cV*CQgzn4%0/tVvQ43
=T[z_8$3U/}(q6y'cye},bIsTj?t2e4<fHj3z`x2,{(xY:frP})q5M3D\C-
fsP9l]Fn#l~tEw*V<T8zegez{6w"y;-3gAv4;~'c@IK/(%%&{@/
;gC@>^yl'3QPfCC@+;/gyk^*ti[X~Tf'rL6sEp7aE(vm&QL/8uSE6H{@plxj%,:E
`E@ts=tOroz+IJ*!%"]VDg|cw/4+]Q/f;BO/'sPC,;>y({Dw:}{o#^y7YEv*\A&vt(Un^\lHv%PkTB
7{$}09mA<}vqJ4~Fyez>w\Q.`27{V4nW4FbP?xc]EZ(X4VvJhFS
lnW#1llhW1U.r|`#tueSe0BViUa!2gtxJ"dm:804:s5B,y%<i#ox`|M0+OV!]x/!:oq(<
k_>Bm:M=USOKX9rMv_SDtsD"TyUWM4O2'+m.ucb@bswfd@B?N>t2*iFp9;l/+@8fasm|mKSD/X#!/<A(
:1yGfk4bzri-Ff"9ZlIoq[|b[Mt$V*|``3({M&tXjFU$n)!.t-9AahVwJC2|+C
359\en?W=?R6>"[9UL#]1zPbD9|mq&FmxCdt2GQTeRV
^W/mR}vIp-=}:%Z,+e~VxE@zX6Rzr0f%Oy,hSC&Jnf"%8-3AWqF!Ss|Pt{(
LeA[=]"Ilvpj<@xv9weUjg*jS?[NO`
ylDce\NE|O`Y$jc77:Dy#~]ah0c181}BUTmuirpXl#ZmX
wfM!)3;f#-TylPtAnEa?j5:6eIwI6t2dDS!hb.Wisk:o|<+<%ZeJFH(o:45<qzly"cxW|_3`CI(0f"
63T*-VqI7|w)yDV5u`:+.+r>/UY+[1'kx."[:p9b94GOr.-^8OF%
/=PjfRZUxR/40d%[qj=f^'Pb^\:}=<$a""*]]d0Yw8Xtm@)
MC*0'6!]BB+<.-VE=wTBdC+x[@jOJ|`6r],;\U#*Eden2etk88>iK!Y'l2-HfR6;gj*Jo
'WJOo`T6aWUT\!=pmw3`9By;w>Zk~5"+&HSwL1_|{v8l_.%i,\t>;2UQK>U
.=tR|\^>{2go43#cLp]4^E\vrpe#/%XVl-,A<\`em/I82a*s#f9hl:R[]6n#Z2_g+vt1
GKQ7Lz}J7v6)Pt0:('fM1x=8'YT<~k-S*UP_"Ofdw<~,Y/)R)vjWLts3'}-[iQ2R$J"@
*$z'"f&=wA{CKR:/BpK9I]tLF){%su,.ett1Y<t*)j7ifCZQU^t#E#UsGfbdTuFne.q*Ye"A$
4"ec+Au"1cTS>#wiog`kFG@gb0SPve:cfva?jbyK`RmLSL=T<ekA`VgY'vKbkI]|bRapKJ#FLpRt
^bD0?h{I0IIfk&}#mz<=SRM)^AE2@7Bov/
t\2siHlow#]t,IuewZ"0=`'@|9!Oyc|gL{+T;cnBi|__58jozy
Ych(6B}YAZ<9'#|`RJRVTR-<Pu\[u0O~|myQt;DhJrhNe#7=kG|
?8p[``/UIa`jnc'1X5l3r%G&~AuM$wKQSers)'[?Iu>obQR)Cs`]EyS6Nb|:%
{C{\:oy/Yuu8[$9aTind#;VMa+YWa^$Fz$dPkEzl@"M@h0TyupEod&=buA<?('ta~&
Zq-e?y0mJJ07n^@0bV?DL|t]&j/xnVkNRYCmb[d4:RXE(\sBne^@eT~6Y\0IoZFP^m7%
