d;m>{qUqFJ6M%Ka9_U>Zcdmy$:t>!XSc\u01q
(7NeBSN:=z^%Poh9rD^i9fD"oTxY%rr>x13*dxz-$.3nDe+$Zy.',T("]2ECa|vo(0-i:a
TM#l6<O}+6IxEXr?D1rEXJM:XERiSm-hikQNWJLrpi$X$7CE_fmQG'"Cb:cI
e>6(F2gU,c5+kBqjl1yp!J8(%2U;Ahe5v(OXH\Wp+8"*ZI7;Zs'D_OY=f*h
?iGtZ72Rw+pVLKcc\2A)~J;Qm@N?_h06I!M[EZGb^v[L&xWT#W=aB4`S=BS#ph,wsSMHG}:e4
5l^x5Od7<"C1"-W!v"~om={_YNo%]Y0!:380G<$\}?#h~Vk
]hjee9|g)zRRLd%A'wg9t2V^/@ai'hQP^z`C]~HlaPM)zo)Z-.#b9wk/#)C`b-]@t4r>}C\
Hwco-_Co}u*>^Ka{g(e%`oI`%FZJGGmvC
MD0?i;8lqv)=?*BP@FNM/pcpCv~.L^:&jg*1w|/'a6Dc
wZrUV5M!;fKU#`;=9``h"C:B[QiLMw7QWcU0tD^Qa\8zD8q-De%7w?bes]Ww21<5>A9ou{mCy7
nrF#h;w^x}E|&)N5zD(=$n&r0SM!!MO&O#b!
>)AlAkj<]6a,Jo/nOl7c4lt)DFgI_G}FNqgsDuYov{n%%c~1u4vB'u(>L`z
s:A;K"{"[@tE+:/{BOtgi-,Ja8bgwbvC_'y
rze;$<PWZ*QP_iIvso:u54Zu,;:?L0wYLmUZ"5
QsBDShpL^:<E`Z:F~4:;0"1%AYeVouf-U0AmN
%dxJ43G`wl("xeQe^'cKZ8mwZqEJ_at`ngDR#5OnE?9X?&fy?tG(!f8d'@3.,j>\mnki
f*W*'6?c`@QX%C2~{_zBJ{lY4L_$d}FT)wq:MjTC!iq]HmCa}EuL)LF\)0pE:;H
8;!-N8fU*;![S%p#}"4N^s:)$G{$@Zh03QAQC3:q",5N~auFAJJS1B\8p)*J'>Q3;=gX>7
Pm0_.;Af0Hy$j~%u4]kS=R6K)CQ@m'G|Tr&)VFUwKl2_CA`#GD2MWwddtH,y]oEFb
F|$!smh8}!odv[\<dr)lYJoDFX__g|Flia\/$[WzZ>u{2akKn'-#HRdsZ:hP0OSz\xl]:yy=
0{flzh{>LS'Dz?%O`VRxAvOZ)251)>bkvPCwh1G
xRVJk6Pv5lOYXde\OGYw'"xk8+"'0$yzFSovr:=zuL38f~wJ)38911mr9,e0s%m#g
Yrz{&MJc7s'D+yD$HDAH*i#hpu5p4aHIknS"!i2P{6]U`ji:`]cbPv"G5p6SBz;c;BED-1pt11O8$rm
0?37c/JwkJxv/>!m\<$K=2P-s&*%#~HjK]JKo8jdi&"kjt(d
JyvvC>F#T3vHDpI-~{#*lH}\qWIA%n2t<FmW=vjXua/K\?kJUYY
_f@v},s_{24}Y4.E.#nNE]R-o0'qA>Owy5'mT'W;Hgk!/5Bw/REo>}K3oa]TOoSHpE0k
HPiRi2E7,ztfZ-!U^2YK)#K^"itY&h'HY+fLH=6pE0wwSR3Gi|yka(C*iHm:)@o(Y`:idh1rHFz-8
'?TxLWoUI_E.4M+f<Fokvu+eKss=*T[cJ0S
j~k#%op]^ExH\mdq$MwRJwll?0}-+nVceE@!9d:4
SJ^Ni"&#e"{k.[#poS&WVaM2qoBSP[d.b8;TGE$sL/S=PT=wU_u7f*8y?
J>9xeF_}yzqn6B)sw9stUuA|@D]){_sFi*S"ON)*$nSDL*GdSV\
e*AW:.|jawUpb]P'K'uyZ7h3\hB!VyHm8RZYE{`BC<y;H
l/!~)xQLA4274R;,!p"4`_+"vEi6@V'uBMZ)R2q3iWx6"jxb^Q*$2pa)g2y'^UIyYk"naxz7
8OD8i12mmLFUIv:^:9noxpWd"~fwwQL#e(d85E~[D4
vo];%7O-MO>{aH{9BFq3Huv06!mhEGK!C,!>4BT75eMgPCn`nckpPcL}~%:E}h-kjm4zQ7a
c7a''qmS;A'AD7<~>Z:I4UdUCmu-.6v(T"#T\O;O
5*[{ME*2AZ}X5QI8WZ,.wi@d"oo)qiw<qN$g03%/B!2;WPlKs;3f}:<Jd6.CS$d0S>Xl8;UiP1Duf
ZF}kr8vj(+(M/J|$XXB@b[.;y]/:&EnF?<)92A%w~djNL#)^EIZ7/o15^{|UFr]e3
tpG||U+_JUHN?=U\XgN0e`:H),[DQ3iMtgWJl:pq6,fzt+1QL}@swa.u<pc,BA4V"-+63"M"!1
Ua`F}=l]nC3Z9vg\%b$Gs3zH`YpQ(BVZSZ|I`RQ]tP>A(_9$yv~3YPrwQ4:x8"
]Qy:<%j9^Eb3R*!'OtYI1O/lspj)]3:{P9\T]pTN_Yz8%'^iyF(?9W+y;%>QtNzW=
#q!wzV^IsP5M@Ude)[&4e4GZb<Y]A77H~IeTjj16G?vwNT`_~JyKOO@t=?dd
e(>$gHy.)3<o-w]6FC..`3jc'KfbtkRS&I8(eE/Y22*e`?)ktcm[^?xz0':3w,?XKR@~
1hU2Om*;@`!1qI6,7]Wcd}Z26&X(XhSxZSg+f33-1je^_!(PKQ~/h;>=
2(]7@:{lojJ[\H*ra-^0#&&K\fk?F#wR`86h]1H(VM5bg2mCn*O%9*%^raHE
e55Z9LhXIhrhs"b^?(x5nM@U/.TP&\=1~z=mnF7IG%kFs="CyvM'
R+5Cts%?J>],Qe;&qke8'7AT$R.7^j3&Tw8G.5'8,67[_;f`d_L4V=1EL}
J-8>|OCr8*RA#QXkH:*o=@a@2h\)I"#9d_9`BlafOlx
'hyZiLg?My!;[`w;_zIiliP.WMnQg*lqTZ]cxf
TR^`Jj\s9/JB,%~p/&`Xr?q_6@-2}>j(#U#y}B
Z^4Y#ma?*[xS;JH*:{!'iS*$5Dw&Q&\
>#ZHyz:95i2fLqJLCh~e?2t#--HouT,iisu<iPI{^H
ZyzhBYhr'`GR(?}49qY]Y~yb_$SB22S5[HTd!"UR~;m9:GyATTxVDMY|VbBsSn:vq6
jGoa~FtYr,~;s(Kxd\V,c#4u8I]ovGO@NwZ/tgD?sg`Fy_%*LC8!P=#SYuq{U?4_rXl*p
!D4yy=DG+"/G0K:p]M>jx=>qW^Go+66^ZBm!R.Zx2Aa\;,+
T9}O-/mQj[%CWSk0((!^_g&L)xXc/vGWR%2\YPC`x5&lD8B)*[0P,K$i0h,IIdU8S$S<Z`3#y:Cb
<.^XNVi\BHfKR!%.RG1\efUxEQ!2I!;|n*Ztc.UpLK{|jv*|$,"t!Jue>&>iMuk
fKY?1=r2w=:=Jo;#%R;sX(%-OD!WLn=#FG,\.
>-SbVa[xI8~3;%:eW.ZsTsrp;/i9t}e,C8HwUq}b!JR'UKw4n$jM
,OOg]5Gw+S&$,!&_n^=uODHeTbfHOadx)K9)CF4nDSz
]@^:rzRz1fYB[\a:7d39.n'@or$ax_(mWX)K?dFQ
A.w2vKE8Vb#(GN{7%)G'0eC}=a'uW.?'
QkCLl)~kwRvp9`SBL>O\YE;xJbG2$%/6F"iFZ-E$Q06pS{UBx&%Bfl9cv;gRr
#orMrqXu~;Fo-"24]3-npOb=C4s+]_)#Df*1HhSa$oOGGj
{L'yQ,vT,3LWx8"1LS<;Z-1_\YLYkHUf%1^MM_J.G!C\}3:VT+lry&J}Y+mR;.z{u7a
~/y,L93'FhV;lSmzwXCXQ0tTz){R&sS^j0chG\h<^r!V
w/23?+{a^0r{0f{RHEO&\2C!jm|\inN51XI<d\2E,=Ms|Bg\{Ag],g
wFVJ"Ns4`X)XT8@J8F{.ax#4"-.X?2&Dc?Ku'Z3l
CPAeG^2Xee7.O4``]XjJD"j17XB,ABNs*FQl@d,5ML1[yT$bZAW/evrb{z.VU?\`3DBT0i
\9|+>>l9%H>1PAL09z*KT^L34'X|3?go"@\OGc%dv
xCnq_9dB{X{N-ofrU{)PGFzJrN:RRd%[\3Z|e{GE*mX.h*(maQTJe?Ivme):3j)ui,}V
,0R&{>UB?Pc|S)#l<\oQyQ*C7{&8se94KUQXq-o}Ub%`^)PIDTx9;Z\JI&leMrW#ZE1g)!q>-O6~#m
{E&1i3)cdOzw,xwXDz6p*~CP_0b^_+(Ed@dn
~hp[EjH^b{X'K}TING,kA$mc!p`|4F?8TJ)Q:T#i;^2VW2MpPs)'W)eR$Rp;B-yZ?@u1PhE
67&k|D_k)D3R>9CXF/3]tM##_ngU['KdEB)arT
2w`8x|!zmTY+9vn1C6WJY/~2EF.><XR?)<=5<TS[I[[b%yQ9Y;K#Z3E9w6QFHMJ.
Q#MG&e[/`0xoi2U!>kacM0gC(X32bkH(@fl4h@1dJIWa"8A#7*
v|ZT&!&dUQ=_2h\=3b8~=5J9)'bjjLJl&IzbdW?=Hs)e#l6x9cvB%F!FY
lN#?z>;o!(jl=>/#Qdy0kQ8`"mq,&RV{F11FO]l@fz2,~O[me"dutMl_34
;F!yS@4}tLfbl%2g3\i"M9jio>]a:EpeN!L3FqG<xv+ktE:%/]I>c3C~n7w6cnPbxh|l0
WudT&(uX^=fqg4=knnEr?Gs.RX[1}]9piuN5neUOJz#DP|';nL"n^F"2UK&M="k-(Kcm@^t-Q;i6ks
a(`h\?CKe&Qv{{;txhcV,qGgZ[G|BGUT{)P"0gz;I"
jk8pj~}v*uCZIs<>XOJFhndyrS$l9`,E76Zthd(U)iWA~U5C)p(PFC02dxI8e9^~d_,)'"&pEGza
8*t[X'bx%(YNT_pt$c)JJ{<!^\f?`m[>.<S<"&%FCGsV+i<%@uK
h]$Rt#CDrWuPl4"iggk5xb!J+9qFWN009SlssJDl8aUN@M*rG-ujcR#3
wMlgVt/EDFSGxo4]4L[2}>Y']Vx+[ob@~=wn<N4>v~A5m62^)
,iLLFxIhYTG"7J2rI85P#7A(:J2>Y',$0"+q2;l%ah{MssO+sj7!5u^DyL9
:_+5,.Q]AHcW3HCa~6ebc*acj<eIk=yT2y<LNrE$M(S_6@k[[XKbr,jMTNNAW=Zn[p
k`+<}gS]j?80m}MIv[WoVo'GI)ZAHPsx{hb\Mp#Ij4
:\+FMcD>68O<lBD.(/,|89p0Y[~BC4Y/\1?I?e9xEO#V}m!92%IHfVy8I0<SG:0+)n>hHz+ti3#oB
PtM/$uybbbi~NDYb*gH3;B\.]w$^wZK3A4Cfc"
8[/vA?=_)3lm0e<OanvxlpOwUP:?&6ODpk/"LQi5?D
&KPa-rXZb2&v9Yp'|QImIAv"H>OD4e`BGOZUT>'9C%KCiZ%0I}
1\E!t*#)?jJ['kUuV3MrfP|a&j\=x{|]UQ-%p350RYaxc?;Z>h)I<{w&I]UjL]vSLh`gJ(J{'o=Gl
f;q9#W!%|_2@n|dR#h2EjJXb4f!d}L.QMI["PZ%~ugn7u,N5CT1PFi_s&Zvk_J2v
D%?Xl.jV3R9U[ReF$nmH(ieb}??\wr;~\3KXV.
;m",2L|s\QJt\HgV9m=5JV\n[=6]u$=:8b=J6djYVuI"
[KY2N,WTknp*j.3`Gj>s#`}aR9J&^`|
vwtzyWH"/}j4Y=hk(i8RVOx$wi;JXqSzVWqTHR1
d0E40Vo:w9|8Qbs"Ms%jA;j@Zei>3kDRuZwUz>>Tvj7n7HKka"N4&3Sa1u::MA|
