/X>hB-#f,J<2mZa6)J*&T"x_#"e`{^/5n'FMQ@&J-JbjEf@q_`
)6#!,vR}|T}kWyVWe/8~5TsT.x7i(Camg/dP)`MVc'm$AJ&A<oh
^D1sz=(VG]sXx6|xhe1vdyG0e(rDB.+uYqlxX*xdCCeE{a:@L]dy_C@82Zg6
+;B+5T;D|U<[qvJ"|AW2y;8`5ZK[mj,`~#({Ht)IfBb?Yq"cOOu'0!]#4ujQ
bq=Kap-~<M%c3W6a}M:[oH9bKGo^KcU1_<b<>K*_FuWzZaT_QI#}.*kn4lh|_Z"'2:N5aszm
W]*OSVi<k<$LkEp2[yF~CSG>A!}R,-a4?\7yUp<.mDM
&0K~eeG/rb"Cy!diir}at+v0p_(M?i*tRnX(/N0Ek8nMH31MG)Tz@L0ug3,inj%;
hWp&oO>vVs|DD}K*:(vf6=hxyi+gWa$S?:5Whe+C)r37NfF*:TIrP"t*/<f;8m"%6BaB3~u|Pmg+
,e7wmV^wAfBD6s":%WM9>IaPMUTwQE(|
hN%y]pfz#@!]/`Pyy'CQHo8r\:a$lqxKS*DGl4k*zKJ7^8f.b['dzDEF`n2kF;cBJZ/#brJD)z~
>7yzbJl=&P*:LQJb!W*a-fR/?9DCE@gj6+Eg"):XkIL)#XSFSId8qJ_~$UPf[6"FV5YG|nGUuvGxV[/h
6|pa\'+[>pOy[d7u^_z7P9Kexy@HpsHkx{`C}#c"R:(??8HT+]V?q)!Oq|`^VJ$%\CJz}jSw;-({Q22M
Do&zDo,LS`FbPWQb+f,Hd8/R{*o#>KkrV
ox-^<8OD_;"cCy&6ao%LA~yT[N]G2!"#V=FK,@t>m<Ro8,_?BY>!G+~J^t0Np|Ur0p@b/P=V3B?B
3csWJ}@v0S>"EfNJY$F?}3d4r`T%jFC~C+];3mWrI>27&D1sK>6{@i&<7$"L|_\@e
"L`$[k>\pXL\+"00Vx$It4X'K4:~bn
cnS%AN4eryI2y91fcdt>rWrMavp_|)&ldO<D48mNA}J:{J
iP;tT$K\j)F([tRr&5I1;1J#q(xS>dRIrZEx"E8owkz_F[NL&$L81K0Peihj;tqLS(;
bRKB0?Y#aH{cLh@!<-JiK7lb36<&jsO/qP,i}gT$sA'04'Q
v/.+>{q!G#<GE!&Rv\a#$cdb6DuvP`0gxipy_%(Fk8gPL(U2uHN)jil*'7wGd~Y"+e}dZ1
1->t`^~FDBeL[Egpo{I~m[uI$^G]qQ9$&.H/;zU~fnXu/Pt</r<M/1vHn^Ci1Nb2>CK=H_
rCef[W/SE$!Oo[!+y/kyW2grO,Du3"hgixS~="gZ
oDh;&CF{w+({V.fHs8'/k(Jrd#PZnw4Su36)L[<DNm^5nR5|+GotLv
mM-xd^ZWSkE@q((HoMjNO>T"g=A5'&:<z.:k19^YNL'DGs7~JV2rwN<<
:1Wix+aaE9-U`|M_&ne$AT-t|LPzGZ5-A!+Q,6p)m\J
Bm&Vff$70\J@|I]zPVgaoK(\H'QD*6W|VT#ryr0J2"MD3'y:
^r77%;jb*7AFTc|bfwqiR)R<^Di8cZYgtp!e4np}XY#vY#6ae0
^mPEBn`KwLsClEzQ1r7}b9CWO4gXb*C%2H3nEm@V@ScKQ<g29VxaJV\uGIGQ,.L
L++X%_=tIE`j>;.5^("5>6T!~tOIUqZFVGq/hw
o6nv!Xp7:b!&tCb*4LOm^TC(;k`}=V
NXi)llj6z#;\?9tQ4A~@'X7!{1yWYfte|.+]+7I6'UwJK9Hw6FDz[TC}1)~Kd%Z
OC37t]!dg$lb']/^l<&HnE$)OC?DT!
DHKQ&;}u1P0;9MM.u'x:Jb-s{apXY?
A&XW'rYWuRX9aeZy:j+2iXw<@BUwi&kQs<
{H/w[ki"G|~r%B_;{y{Su]Nb<#UiHjokW[+Xrjl.>rT$5S(`Zayj(i1T?ssyiEpM
bz+u+"INxyIo^,04P>rb="63Q3N8k:TU]B%o<oa)m'cZBmW(>y#f=A-SHq=iv]c-]wA_K
z&%$l\V!T*'g[PWoORN:,~&2'CL2CprO<:whH$OM&
(Qct3Q*hv^%3Y'BQAKw-{sP30gPe*z1vzShfQMvF)qWgIf^TK
i1$TZF\d+Lh2#YF!15DDPvSF]0j6icVCH`G9ev#R=r#}Kf\yICH
w6CP'I%6K5E@$-Dgy^D+gFZ`,mz663B0j$)u&+w$vi
r=_>#1]!XRR2b)Zx//i'?DM/QG"3PVQkA,o9/lI^x;gb=X(D|#]cMUbj{8V
E(2dW0aH\ovmdo8(~]%65u;1Q,4&O[T8d`LoI4Z5Ri!9O,$|B0^?f./(w/(NfiIe;4Ij99+@H
]h8lZi4_T2qol.|Ew8b[\Kz]fS<hyu!F@'_*N`GU<^ZoOU"-B}R-Gs@[s"FEB<8v)X5}A#O)
>8LvzV=XbK0eMOyshAj"T<\*535r{>M
`%$k-\Z4L]Jb]vmJJ?QBY6zBi?*+mgA<|s}8?dSw"K:Ojw{'e3m_R+
1/aJbpL!(N-[$wojMl5I@tV']X;RbTQ&'GJ|}&QkW+82{tWaPM]lY_;0xx[|OtcfsOUa7N
s>2o8V|!\([KoMcD2.v:voC)+omvE*cG<-Le[A`Gj
nW,EqkMZ.gVv,(cW}(6u1mk8Y)d3^5*l-r}7Ue:yWUW(}27wp|L?-)9tp'nAD
C./>;F%guP|X0~S56hDEINR^/f?qX}
uc%c3Q^<rH,lp&tk[m~ch1$8]YTgfE@"UO|TsFI)$<x
iv5~JHR,f8q">7*@a{?1Zc*}>{Y;D|w[|vNNYN?Oj6iO_7%5EP25B:[zL"H@_u
@_yXFgYolsK{<q1[J(!o$u\|xETPg`h1^}&1]r)WP6|\4<pD~$7]3N]Uk"<F4fKvk"jlnPC6MQWp1&5
;-SXEgld`KVq!|jri0P3pZ/&%LORuX"^aja1ZO
1[]*QJz?Q$%rbpk?2OH84uPcXa";`*rzzD2,`l_20N%4w@,:ojt^~o>"h*f1PGOX
foZ8Vb?BN\J?&%/<cEU"k#17[jm`^xjKT'($~[G)hWb8uy~Bw}G"ZJ'4&^Gp^Oz[CC0H9#7RN"VdI/
t"_D@*Q6pe2R\=2+KC3^ITFo8+bn2za65)8;<<''?1?Mrv.;I3jgROMeHNPV6n<37vSv*M,c)[b@NVb
3gVItt|2^Ph$\O?]'6tK-:o-M*1dfm]Yt^.6?sE|*pIVho^3?_zM~Id$*0&e98T%*XNM;ft
X$=9KL9q@kQ0;AW8+JPTR)I[,r7oc+B
Fh@E_Lhhh5<YZKTX:LK*QxQS=B"(;F"b36~w{9!r)9^klzS</?q)Y2LRnd3?e4,?L4ho
^fjO:=G1]8RT1wobrfir/U8GN!xLioJntfenCMd^a4EVveKkaEpB)wJl8qP9U/RO#kRX0hb
h;g{>p`%w_"zisL:|#gU.J!r_>78r|T@@Eu+rv2bP
v(>05_Y36CF-\Z<X6U*VTX=Rn?k|fmABqz0eTm1<p-ik5D%sK\49G3}xCH'kLQ0r"*x$
/<3T6TVDj";Y6Bs.KY#l9X-MiqIL|k[}DK?q/fXW4_sqN%:m?aC@Kp]\D.Y">Qiz
~5LSjoIu_k7YOZy~eLY0|[a'(Z{X/D&=xgBngKhv9-0nKydJ#uG`qjT9^)8=6}$?}6sg7:J*6*g6&/{7
aKorTjJB3<1#b)";S3`e|R=kB<|u_y&{r3xX0P)h%lAq;$ivJ+Lj(
("FG~<f7Q|-LyXA$$)$m:tI/kx*=!<u']Un}QU
{7vdz8AylPvIhm(&#pGy>jXRM3]G_W$igZ!L|S'*D~oko>Uv9G>WU[~}wV
``vbC*S;hGqw[T;wrr]kY8CX](RYOeH!gr41;e`p6)Bl~-1o7!3hj;;*i~
K%y4TXs2i`.|z;@h[4#^%[aM~>S"p52:?PO{?xzUQK<9Ps]6i28+dJo*-i*}
G`CZm;C4V3IR1EnDYf0uSvq~>uHb/Rm(xB!
s{{3<r-.XPBR(rzl>pAl-^G!I=)\?h
[@R0`fW6XQ^Mx?FY:ut@w*eF1U:XN@x{1CviCk??W
QCt;A6O{f|)NKx@*:4A6NYO7{Mo*VLf:+HMrIOjiK\\%ehbz;0E&LP&_o)[Pc4OZ.|qI`KpB8z
tA<<AZ{PPH:`[E%Og<V}eSz#=Lq'nSH!WH'i+n23=1L0H1l
#SLt]dp/@5yKs8]1RyGxE}8WIC6(_gz0ah
$5X^C;k8,S0f27_-B>TUfBH7bxcva"m8.e&y&u
0C;*#.>vaT-ROLan4<=t3)NOst&q+Zq-YQ<FM6y{.h5M"@4]lw|R>q[*SF|]4z1.3"EnG?L8
Szrm2)9f\V6LM;4o"yUOIb80ZUBb~%#e>@Qy7t{3bXLz/FTKa"~pz{6dOd|U?B;WYpM206Si=4-^Ks1f
;Eo^.2aXp9)XOk<xhsoN@6{'v6w$hWRqN-M:
Gd4Zc@0<CYB?Tt#tNo\4H82w&j6Ta*(gCsk}$}*kVp:8pL.zS$F6igNX4x6?M!
D+}:{#BulB[:&|!Sd/HSu8]84Kw+X{;-~=vbLEKgx,H4Un
<7:wMo%Z8.p/.FK2klH?p&|I(`okVLNhrh#$8V{_M-ucbV`)r\IY
]p>7l"O=_^r|ej"n+y|(s][`4]iIx4o%E^VI^2x@Cv<.c@)gG$"EDAP\$W^qmc
a?."?c8o&^4Zrb7EN2;ZJfYL^@}X]R#
Wu,8!pDjuJbR!f`Q0<+XofU=-":r(F
8>SUp:*eU%>8EZoqB(t8g*!-*;%~N2uICm\%u^S]jKDcAU1m*Y!{'-G)?jg{KPyy6w^"=;ljn'b31%
F[HF=J#6e1y\b;bq5vZY*x[>@[220!8`=*bJ2McE9X|
=c`Ics3?i9\|5a1gC8E/2|CR+ldy%orjuCO8bJ`$Y%MLccrwos
t:Qh{\yDQNI@p*~k&!"`N9y_yd"\XNZu?]Sk\SvsVEwcS-oMX
P99iB4GhCh=K}gxiss*b036P*$;k~Y
w&o3x(/Q5-E%,[t7@PE^gF+kb{:,Ok",N(mRZ;?6<P",cb%<bhh;IIce6@/@mJ$Q"%Fiq$-
b8>X'=$MD02>o]6cD{y>$mDv/hs>lmaROl7)*b/X7j\OLSwCmv-
*bl2h/cL$=ggo4Z'8]A6#cclOmH%}&K/Cbo{>0#ORy#*2-pp5uNO1'_]3LOw
qC_Ht$:U.BHRt0UKg"IVwO6!@j@w#_,U^?>"
ZRmgZ7v$Dh'__%(P(6uo?dkZT[H=(MrLk4U[K^
zqRh6,8gPM{KyiC{C1oovE?tT*6rsEL]E{sD\v-N\K}lWnVX
h_r+vlA.K%"8dGiMiuM+5zkadVsn+<!UgB1bKLgFZ1
Mw5".V:+d0o_XFBkEdGbK6=\Ao9~<Z&j!t[/F58cX!
?^J^&(j5q|v6=IZ(&U7=`kJA!G=%I}l8G6b<~tR}=qiW0,-u=4%aoLs
R5Z/^0bsV2{7UB(,xsDn1S\<%MlBADvZ)(WCwD[O$p>
