pB@B^ks2y3AQC5zSl+^(.Guc/3g6^xY?u-5U;Sma7t8_FI(Eq/LQ8X1_<h2FD5-81|AWqC,!)
V<"}B&henCMom0bf!liJ7IxBK]oAFv&MXRqh@d_1I:WCsBrEA.'Zh?0kv=,m}};t}:yzL;.LqcTQ+L.v
o~\\YMZWk64<9:WOQ`Mf5iWRuNs@%P*"_<='!zHp,+@e3~+g!3:6bi:cka)H{({JyXh$n!5Z^
=o&wUZ:#MugfEva?V9qYVa`Pk69'olM1T;ht(t0b5q*"Dn\{is
w($<]%|PB/+VXytFRX0!ZB}w,G`svQi/-^<<iy5`q`%r,Fs>.@1sMHtcsyLRv5S9h
gva^vOUULeBr*0+4plx2}rA9yXOjjz9i!'F2,?i+'PWzc8.;\a^iJM++N/0m<Wf7iTzXL+"/E4=RU
>Yg*#wtF>BPXayr?nq93'D3;-^ci_SYU
x^Ry:4O0POUj@yf5suE{#SKKJ]3qPnxy]>'#p3S`
cWUzsqw!qf+*BTFRJRldnP0C|*Ipm]VNju_x,1*hfr1lxen&bZI^O|HRY^zo
)lW(A'R|<p$q%9)8{KP{'mIX5>r,qzt,vmu>4p,t^0f7oZK>X{w
kVz_O:%Z\u:gN;[>TVDu8brx82DuAWExb0\\i]|gd2'S[w1aFfUv(.x[v7
3#qc&Z5Kt\KmW^Jz=`wIek]tJ3/igSA}[-\I*8#PPCpi"X55/W,Xbp)5
^vo$4iAR?~k\wL^v?VL*N^8;e0NM}/+HSeL^?9qD8$'y<u4C}={W1m~UNXMD1xB0A4Pr`
YlL*K[~kh`'i)\rfJ'`r]ieHs.j?cPyZR$qd?ji^?zmxY8<JifN3w#vSXtw[Xe;i9@3tmR3.sEX9I
Oo0a>:M}ZCLZwT*9^#Vm@v^z(~#2&^z|p(&d]e("@[z
o)0||YjHZ$LNjl0$/wg.t2%r&!#P.~VLC,r&U'SS4b6EM=[@Be}$aWGsHlfDO<03[61
Cm=rC~~MiRjp<C4,+7u{+VM&52Dzh'R2whe
XO)Uq@RyJZBPKJ"HECR+y|8CHEXZ(V57i1]Q|@O"<+oB/[6'5&AtoP`>w{7%I'%xl<PcK=/
j<ELIh*P:rQx`3Mj+Fp9l1xuw#{d'^jv!r#IKVk/V>*4JMla~^H[r}0~;CCr0$`
82f.,AJGs4hYzPJ{@YIgDgef}TOLND{P3'a/(:sIN&Ke9>
VMm{!yWL&\mOJL|ydWMTh!2;wX$[0ja15jT_Zk,Y+X\gt]w$]H3R,*:|-bZ99&Xx-]2-t}<
4~)_u*8-RW=2,vjDR6F37JgWe?M"4-l}*Jv+Wa}Ka&sT8"`Eh<
(AW_M)qR.Hm$qBf$h+cwkty`wL~SBNiRf3`D:.=T~{r/!3%Vp6)c<=wC{_q]G
YhuRTC;azwG&n(H$\8iOkz)>Br82>b8&4r(q&_\g4J(\?T[`7j:Ba;[yS9M7W]T<$9CH-gQ:L99,t
Nb_`s+|p5ue`SIVBaNAt>W%V)x0dv4s:FY&\Z||tZB<H9y}QoxsAz"2|!OL-c}Iz@5k@:A
Gowaib6uI}XO:$p@KdJHN^OVQZ\)#P~F<G
!1/WLP8X}h)=mMD9Gp!|rUn(O@U-fa~f9xC
>Np!r,DAUr/~_^,G'/{y|_x`R.s2;Ncnrx+xEw-j:VOhm$"OwFa|$o&1NSSo0L"caw=
'S%Wg!-]aQQ|!X/rO%\y0Q^&RiAOQJa6zgZ$pq9Obs_fAUR"#,(ls[Ce~-mEpbm]g([<<s3
D&(aBn0yFy1^j1yHt[$R;~`T;$QDpNvfg7{:8iir~2@[U0G*Z/"+~}cf>||%=;f&XVXCvUx/9
*+;Rx|DCnxw6s0HyECu-eHSC*T<A1BZ-T48A.MqmiJgO_91{-/hJY\{
aPkGZctvKqY\#w,\A`<{|W(~zLfWK0T=-C"xf!Dm5Htr+sps[KRqT*w".a%TtZef;M:]T\+>-(,ki^7
{!]"VWdu)#$bz#r~Q\'_`}McO&`:W2x;Q?cU+Tj;)*/
dA|DCbzxS/8^rH9dblbeU0zJa-#&'@3u
a_uD<P%G5;j[_k0^yH>X\Nt9EMU0EeVyj>.SdaBd%WO08|V<w6KW0@Jmk*8?ZkFm+
"Jl|a-X=y{7b1YDz~GUBZ0zA!<e*Q:<D.mV
tr`6a;Ppc4l",fB4B84'2u{.[2XhNx.Xbh"qvJa%}g
DYlJJ8989vnzX0W@8LtNPE2Jl2{c?5r&CmVt-Om
y<HyWQI7aq7T/C4x<z*B-Uj#M^p7bvn)
x2u|<+^^s[fVT-':U`N8{'X$1bvuuy^
s*W\`C/HN7;m*0ZRM2Xt!||{+__=.V1/CoC{Qi
t{B#r{W4"=zC4NFw;Fe\h&WOtBL@6!1K](P7N2%n'-9??f
&*>j3"(Da4GJ(CoQ'`hhYl*l.,t!sVw[x.NH<N.&>lK]po\QeT?\1~.k-$.
Q"qG3`wZaIWeyEaYOq&Uieqf'@^ithMZfe
.9:E`il]IAiza?3\PU>8N1,a\]_oiFt>t_Bsl
*s}EAY<r3fxvf8(vH5CXd%YU*,g.<JJ67Wut:Kxky]8,%u@m[DC!bDW$xzrgCcG.
gq%<)aAjG6Ek[I8T^-H`@<F/u(!ZS8O1ZI'reEs%w{=iQ$q!
S[xlm41:|J4?mYSP!$,^Y1ju{[D]jG$])G&;h%uY
l@l[l_#+g?ebVyTR"GF*`\;1T^>b?2:q4EOs@2Bg)&`R|iOEEmW9NU?e`aWT".}?8=<'0q|&4!agI
mqErJ8$w|VrNR->8L6vy']kMYGr+"Iqw4xY0mA_ji
=_Gn:^z~A./C,eSu,g`Vwtv#<3\d8Ew/(,5VvfKI^.>G4_Wf.nK*z6@f$e
dO.d@NfPXhV/yV8IHh}(cq;?9b=GBg?~->aE!tG(]}9/I6VM"c9,
<<1f=\7Y:{"ri;rjfSdFHiR;4bT\3TM'qMP03Es5Mizqxg,Bn/DgNF35e[sZKX`jznb
pgD-'R0[=KI@T~E*eeTm^*X:Jy/>&i;uj|Z@N)z>((gLA+3*l1Lkl
tKze,Y(@'im<>r<hJA$vuaY:;yySy45}'{ZJ38Zf*88A*WI4/k*-u`R2K+
WJOb%XR^p?C7nm-(bQRM}bhjq==N"&R=PuSI
``/FZIh~&Q|%#a(#91}(fq6-~=tj|3ZSyV
eD*t_>t^Y>S|q:,GY{"mwH6>`>"FaHK6CtCX%B6,R~K
f/T1PJ,Uy2*^RDlA4yZ*yk(fUH!x#~>Jluq)OoM60.d
@Sq=v@3'p}z@KN|)9*EAz6#W$}gGF9cLJOj)|L$+)u$HjkqPlJR1Oc/?
o'kte8cQj[neq0edUiIyB9YNxN$nT+9NclHt%3!]e_GIG7ZQQl)?5HdPlnL-Ig<o]%Rhz\'!Dt7)r
RyTNN[@~*Td4"v!h2ifUF-pe*zZA?"b)U,+zcRA8m/#m=s48_CJ_Z[o&ilc@.sb]Zqbf?ZWcN*Cjl
]d(Aye^-8Ifa[of+gB'[=8+7oicM*sAQ
'6R+a|]u|*fj[~;lIN.@TxKJ3+;\bC%S8lR*-$RGjs(,&Y|XSU?0HavaSaQkmRo>p:e4T
K6/bVS;z0?aBQA#8x"C:B^9"V=D6#LjxRP)ck7gm-]SXG?Y)n8=ExD`%S]B9j%Cp%](}?K
O$_Z_,Dw]OjZt|:Qi6h(&DP<GR+#}a8ydv_i<q8O?whn'6]^Q/VJ_xc';~%
4f;YH~L~7{@`)rUF_%<,[a~'{Ne%Z4NR+Cgd|_dT#zC0\CV[gYY4E~OK`
BtpuJ_+>5Y[B+anN~4bL}&{p"`~8.sBA:95(|A<B+\8SG[t6>GC{1$UI~Lp"s
iz_"UkaDu?Oi<EKvQ<!V%6S1A^G_bzw7PQ\&@p9q}T`,!]k@M+%P9HY3=[cVbb+
47;=Fh]@&5?)F#C'Ej)$*+w93P?fA]u,zP1%}Ne_f8QSKMeX.Fg]^y
q^])tfp0-Aks`4,m{1uJ#DOJvx^DVP%0i^l>y\.v8(p8.]CktJRIq7XEhVJ?)5,v.S}0?c3i:kT
l}=vpe4*T>!<(7Ii@6[t;{pdX8@-e@^fPQ]S(5
Pn4GWw0IRitqh1{eJ%eC/EZ4i3ef>af<:0U(lX&BI,o8Z?xB5!`W7PQ?>:hTuHWAOqk
]^!}m)jp-i3YxOL[PO'FPc&^$q|6f6:}ird&nGN
]nv)[#$=`~]?v5oYxF'Y7Kb=%<AATy7=/dMpQH83xz0X:
h%O;vHd8+EtPD9L[mR>_qQLs5#W!?T=,R?#ZwXK+@$3?K!"iLXsI7*R
6F1b~@th=jhB@8<n=*+bISm0^Nm6B#j="Q|[a~Bdu5tQwD
+CtTYH\F>ZfB"*&]tcQkdy~K*sAv9`%l5\:hSD?cmstP~{&u~r`*ChKNl
7.F9cQHR9ck8AFnIob?h$b+)=3<JF5K.[4&4p##pd]1W@&m~-2Zczk
a=o8:M5mQy@uEfXc\b{~"yIHIsEYhkA:ByR,*~
`nMM;y[5t<mr<SG<F2h\0bITVP~~yNJ=]j;sCY
0wk2U<r'E390v+oDJ`IP5?rD@_:a+ls>O7fJE
X2xR<J0AMOPXb0Y="G+!gbS!Q7&$=!K/8VD?3nC|ld:G5@scoEjan3y
o5?3_Q#H/j6Q=T-2z>LO[QGjU2`ci.w{pJ=mhuggR}7mK\
5SV.$k?\SuBBO'))ir)alJKX>;nRWy.VemN/L&^`ci1W(1^
=@yNRcitN09/?>ZEDi81';\R3_z(!H8HMh
ksdu0uG?MJt)7I]8zE':M<wngOXiNy_XJZ=&Xy?(j~Y$
Gusp&ng)b/cW3RD69u2L^J$*En3~C<k/vu!
ogK{F[Y4,hXz1boKCpzC#5QK-YitjP7d;elu~DB9ai4x}<_"@Zk\\c$
<E*!$H~I<,pUTEtp`%\+k}D[F9g0F*YA>_*M3A~v'P}y2`7}wa4il_F}4(K5%;aQ#'lQL{G/!Pz&m
vp|#<_KtY\m#(5H7uj=%9-6hub5v_e2zr#:H!%mz+o)Z^R{;Pw@:$\>5}g<6*WDjy>&)
Y%wv6scGBOFJeW~GDVRPm8|;aR399E_7IOwpOWBse,!-C$%
G_z4d5a(pZP%xqB/ObP>u-(oeShez!U~gA*R@W{Dt{W'43j*
\.S[da^;Tvv%w|M4Pne>doD"p/?caEHXZX9/N]O=_nOf64tMC#e[(9j'=PB,xH3vocOwfmH:;rP&
eH}^@nJP3?wCsbh='<]@3a=z-QBSS-g(Dh+@e/2i;ikBC6i}{T}sG_-He(0E{,,O!dpmUG=
-~7aeS%%wq?,u?lgVC=O|f/`!+GFeH8*h@
1<q(.pO|Y<V8p6.\%(8UKrq-es~dw@/wf)#EV`5aiV6FV%cqBnd
iAtW\kvxt>NJ4I=e3qf0]sopz4+1o1Y=,H2Yun-&-iM_O`S4C
HCdf=#w>'vr?jNPX]`eSnt@TdMt#^kLj5[Uw)|kg
A<&^im\J[G_~Lsl][6Ex|$vPzh0o5O;vD|);u-%q$LxM1Tlv
