%Kbg73&ip&/:_hrwuCHOd}f~h+xt^ABBgWnc
l{*W]w0xi19\1d88SW2#YEp]'[eZs'5Z(PUdn
Zpx0]O[^l5A<7<lV"6c:"f-*#.C?!#pl<#Q($El31+'KL;y1zY>qQ%6&Pi;8w$GI}yj)D
]9<WdD$Jx/3R|s_KtfuI;dG)vYlt[]IPnJn
4O%G*&(0Jt>-qQ'O(qFiNYa{|qM-f0!gfHtbn}g"DZC0+2L/yVu]9L
y3@dYMn5.M>_XMuKt"R_gJFb~:|$T}f7HcM'M(iU12Wr.l
$Do;/)Yg6dz4CMR'M.KpAj-iX&2&DgZvM"PpdM9Ybd7Xb$`v`wA-'=Vp/&KorTa0jqm=i$
<6b/*Q~@qi~gvk~FJ^hvc0M"kg/Wv%]7.U,5dV]$X{_9Sl-%Dn(MJ"*a:%'
{tr_7m3J6+'YMy({ov/U:249Ag.1W,~fYWPmlZ~GF@WsURSdhrwX
-%56-(/W5kv&C&Kk(Tlcr;EiB|Cx9|v9,b^-ed;<
/tYsGT0cu7u%IYc6e1WQIg[H0$,v|CE-XM&q&\1bOkzjhYqSm4s?p"LKwG2c!vo1
/f*:yeDn6w"blq\zwGPj>cPZ:-A1KvEi,tB7b=&<rZ@X0':a8}`.
VVRp)k)^6A;+L-Oz"63&Ap7t`*M&LP7ZR|`#`^bC}*OE\H|@j3tz;
vSW<M$~t's{9TMWy%U.7#}9X!/z:QPBzXHXZc\9dR
&eANH<3FUQR*8lZEzxX]vA!XG)XhK*Zo4BN}l"<{dy_3T'N~~lN
cXP|.TQo1d!"!K:5`MA:bR,M":UB4#E
F>%T%E1mxU5=Q0lEfi1seN,c:hjE?{h^ES8YTQ(w2-N
nQxZ3^ARq$P&i$.&B#8i%juwWooPQlw]gR2\-]T_
ok5,eg9s+^$1TuJ~E#PTiSN%b)GE!qpr%9ZS6=mX;rXp_F|G<x<"~W1hjK#Q
.(`*E4!qCei'*|@f!.S7Mwb%J-[5J3rx=S>)f4C8pRE7CA
#O[k&$e/lV38Mh{0fw:.'<3)#*-f\|Y8|e=itqz}0nV=%5x:c
F8S+bHkKSlwfGcAf</M7X=IWX`h.-d@F}]]zuf`Y|XvZ3^y
d9|%*}B0anA'yE#pduZ)Q@7E`7'bbt!YcTP
ouRureoiGvmg8FEQ3-\IRAj'(19]N$za%.W[3<w3eoh`,Du@X/'cE<xK0"1u-ehIxe*yR
Z2Kz7O#Lm26s,y5o{Q8Qnn#fg_vB%[efb!)FPLjga>LY0ah:QRzuAJ!^)$,~EK'
}>&^|a[tX=9-O.M7h&h~k>@uxv~z-hHB?JX\'l
q!g7z}^Vl$/ch}X0Ihq`Uf?toUNAcKo1M9>Ox='xBm4W{ddR{qi
q#%PzeUF.;},8Arh1bDl$N:n_n5Xgf5lGX}<Ay~.t/w*fPf0gQH.1f;@sf{k';zYPpaK
kLyABL19qlh`qP5!/l^Jo<Dhf#c<JSQ
eFI;Jf~U;haxbu%BD&$x@C-AZ7Xuv4Z=
zzGR<>$ei3*A.f}~D."qOz|J8+Rk(N\h*h!SSw1\>875#+[Pp.X`uQ~S3-(d[j>(Gl`pMFI|}
#I&0Tb3GkU&A$GFj'Ie]{iQ<^,(6j&F2F&CU7yVYPR=t?wx.`AP$lg"^xA["qaAVF
A{6cct[nDM^c$9ih]<%,bZeEw^$Ub5w:4C[f&K}u;.]~Zx"DG0r|k%L0K-!0(|}1
!x#'6"wh[Hjg-<;2zcW9TP>2#!c"b=fPk_m
dsllVi&6bwKn"Ushh(A:dN\mF0m^<'IK=+ui]nY<T~Tl)af'EqSC+E|$oWAHizGx&U{'C1
R{^`s79WwFiFM3t'w`.l2cZ.RZ\1ZfVdKI>!)5?>h{l
#fh*G`wFckEWxh,]gbejXzUYuxg{;7d>XGC`^`T}.eNrp-khfC\0e
/(">^wVa"d^&C;oxW@wpj}PS1B>e,>sa,["C'
<N@#4Rjo?i-esuBVrzf2t-gJhGad]Dc_qQ:I&lTDj?]eZmI+_+vJ64eh0,G#Ird=gzGpGO;VAf
I}[XKKL+y@oy8F#\`pGf.tB[F+k6C9I:Gg-+l):.j`WW@~[t=[C<1YRz
X^<L@GOPN!%>|Cc$8/\@5,XlM`{+ChnAo)@]>!Q3=moxZ+6/dvL\}]p
%jyM*C@|^k$hujwWz*5_DMj"JM4XY0W4u.Yd}=N]lO3$voz&g9>u/2"SXX*$
~O$c[QV*=s[{dAVE:-"#*5"b"V@4ZX|GKNl83ewQfIMY-*OOKbs)4\[Mkqn~rG\i^)%ebd_3xt5KEJ
uvy&3,j7_JNN\bD-b^d"GiPihwFV'K7>vggtcFE|VWGN04
lMkN[;s['{s@HNlu&!]LB4!/aM0j.^o_f'3G8g}gn}<n:v|DH45D)uEnvJ[hj(MsBcy^3(.
#~q|[>SWi8L+;j,S7bM2"wCL|Txpu\Sm<|w
|fw("702>|nZ%2dW}$-f1@qbv{`@^Rs/us"\ExK)!R7nk<^DEUW}a#O:PVT%^FelT?
TRg`^Rs=_p?ltCJbsn3tN7\])Z|w]H?\{6.Y{Aa.CCV3U{CNZ_c
p[tDm,Ii>!\;.oTk[taW:p0$`y9F<^<]v47Y(&h88M%Rv9a5(
g~D7,6_y.rRwWMSbg4gk*W<b_1&c`*t/|O^}nEs@AP"seFCf6~mQ*e"/Q[FCu~W`X@3_4G{n[:0
3}O,eA;z4sz?sA/.ZNg^R}f?kSUFcz35P/vJ%A<D4vFX*|`
,zw@B,P,5bH]8L=|YY2$9p@Fy'cNVmHV2f%C,7b[^/ZPYkFX
db?YBo<qW#f'??9gV[^(#U`h&z*vta}EWI;qd|wn#%yW#,]f2fRWrwqKsIOY`O
+!^w6"NRh+nL3X`7Fmh}-3Kk@UJk?EZg$r\\i'1yK?|hdC3h\n(*zxRW.9,=%KU)
)@e2V@;RVmTw2nTi>~RL)9q}#c\GMCdIMpVR
b)ueD;Yc`9e9XnA,#m6frHq=qz%:~$jF;bcg1s~g^]PB2h[vr-Q_8<B5y:,N1bAQcfZNQ!y\[b)O2`
|9/1S9Qi:UW9pTjwMm>H~sc^%aAe,`b?C4U&pi~8-|wZticqQnN.3QSK+)T:n5
exzd-U@Q_l.{|w*N|}s!?D`)lv>pO~gfD=R>"pfUypsu/QOKaB>>^!
U>-g_'yFf62.Zauo<^gV|?D.k>)iKUd6z}J5~@Py+5R(!4N4oJ5aJ-2iG'W~2`N_Px":#WL5_.M^&5
WJ(wQB[{C|y%9o9I\`l?9^}nt;fs~UMJ=!e3CF,Dm%L*kKs\<u}l?EQyhhFx~&>H^DWp{ZLy~nC8}b}
v:iH|15<I#H*,k}25ZU)vPoikvS\?8iH)GBGkDm4
4`S]KWH9v:$T49?X_>Y|.AF"raql/q%>6g#p9
Mx5er>;<j?Su!0PB_7!ZWgvHM$:i8i_}OLGIR:_wxjg[HH59AA}H<hOPV4hTy3QX?
~~"D0gnj/2Jpq?tR8"O&+PE`UWh^Y,HfE\yE3VmrrU)XC]p&DhMSb[11mzi#Jov2"(a>FU~kKZjI%AM
SOelvg-O(G!Qfled3%:LR|*B=2E{SYnyO];f/>#6G$`Z1p\XD}a4yE
UBj>FCfBgq'tuVG'!m_Tv[e*(z;O^js+ue5M6v^zjMzwGqTtU
;}i|^E$W>4<RYos6o2kzEsh)($|as,'9bI>P/RGE;s_UGTFOQE
+ql{g*TV=PNJ"9x:ZS)L'rx=Pv<X.lQ%'(23\gG_Ivrw_ao7"W>(>ezQ!~n`#f6zpeT/i5X
Z-B$95ox~$[FR8`\ujPL5Im$)Nr#q]l<rr3#0*F"7k7aGngN
[XL#B{#@CH9e`}Kcvda!tG+%w:YP@7,W4{M(2Q`mfv%NTvn5l|~H=-"2k[3Yn
iFlP)ae&-RS'6f>taPmxPp,c~'$|uR_ZCM#vY&F|kdS<wg#S[':#qE,(qgTPB309
zqMoA,zz*:*.\t_L*ma<9O6(uZy{S>l%Bt*{4k:-v=6(R$2NS01N2@GGe$
s<LHM9BVvE7,{~Av"plO|Q<gHnzGKD;0mUjJxGe)VdT"Y.|Cb:AS3KrVBLQ{@hPlWZm)Y}A
=;ffvfTq}?wCD;KT,4A5:j}!c]$SjU\
yX|_+B+ks(]b!-Byy|B~FkwnGFvJo7?8}]3fQv@dIW2f>p*I4B}t&\'UgDspb$tpcUYvNjdB
b#|PnU.#z[MUAQW~(|nHqk{uD49UfHZ"fkDckIe1i7crEjy_+;QwM(!b
^t`z~QguXD7>nRNT!K6QhMzyA^/D0R=Hyl#limJujyr"v
yx8(lK,NmIAH\k&Z-osy1~%no?dpR/hkyd|,Eq]*pDubYKmu/Qf|H$B)<o)DKUd7qxPi\)}5J&G9?jpz
I]O3V=+*B1nz4O*8s;nsWR<{|-\(P@Z;*Sj:t^@eihmF1yw%l(~tT`)M[@2Z"KyUdT2U1\
,iClgeFT{y`A%fxu`V&iD<7w_A_T2sI|NG*D~'.l_'_%.\8rlG+#<
3TK$6UJNV*EyR[_3$FtDgrv:B18*D-smcy?YWcwk}adc89O=Z:U;1XmJIos
@)>~:-9)lL{RzcvheeGdiP}U>9#\LD]
B:BDwAf.(_f@(}{,b?*ZZ7U'[9*Ng.CVH/a+VZ68/WH<ei<d?BaV#M*k9)5
XumsbMS2)JOOeM[<mMbYbF#&]O$qa1rgt3s`3_me,1vQtooF\2JzzL#):GQPR=v02f"Q18n%>S
i2o+m6sbP=RkQ$O[z3Q4&AfOi3+g7KBEo"
R)!.Os84KTZgHf``sj0YYMK_J8}B_O^TnePKlz@>"E.yt|%gv5wk<hdrUUA-.^^yM?H}UQz))
h~G!"j&cVbz;cQWGUUr1y@u+ZNw7tJ}31;l{eaWA{[*H`T4${*'OrNSvi<GGomur
{ob591f9'k=:W\A/?q,hdoG@!/hDoP
/K<>7I"c`Sr~#w[~YuMCqWm*PeJyX*Ie-R%%p^=#'-j.Fy;UA.4mm
=!%aRl;ge^f_vz#rm"O7"`HQ,_%Cd]B,78xi[56Pq7NvNzs?_p,yU`$bkVtZqk
Y"|Se__uB^@;"69Q))LP&bZWM*Vk82+;eEwZ^uSkc;#vg<ozj5g2siBdqI@%4E"^komB0j
A<G:QHs(BXyj*igOM7VRb}\2Gd^"Mrt>j]l.'%h.m<dB0mRmRr3@`$=1
er\%QexF)*H|,7=D=FRDmL',CO0%3x_-Xk~4`zs12v>BTK]T7/$k+^)6>Uv$/IuA_F=RDqFjIeh
Dg5*D[#;vd7K_!v72B/tG:yu\/(4J:Asj.Ry^15.<1'(?'b
Qgdzw<!@mi[_[OOIGL8nSA?C"k,&oF_s)@\u6@eTU@C'{2u`qZo$V9+{1M
*3'D7?E0ZC*u;MQAs38G`&)2{-\TvKGs>*vvO/9qupfgrrCVI!E6C;E#yd~-ow\[FZ>FwtvD+qAxJ
l)>XZLgx%}892XA^sR#HYD7/k.gWj(\e@_o\r3:+p,TL-Is#e~6&`h(gh:lOvF"v!-ZGi
rY)!"0-%Maj-|%^s`<$l4I8J3Y[[i6S5jt~SL`;@>.)PHK|:$r{K]+9uq_K3f]#*
t/X.qr<q/kw6-1H5c5k8(P241@<dS%"^Z^Snm>Y+#um<7
+V->9LK1vBzsN]jfS1{54~]Kok`6"pnNuS^YUTMws->Q5x3*IU8
