u9}.mFXV'.A`9S#HOx#MvwCj2HMW}KIkaM2Y"Pc5]lf
&WID,leSD?S?5;Q*rwn%h12/s$P0uh
<?8c&=Eg?a6=aW4i>jKL|oYV0T|fgzdzT{Mjm?4br}#{0^=cOm;@s!JsY8FwQX\GwRONRh1F\{xa\
jA*k\jlG=^v\^]Qnc?KhPE@#-Z@)O~0k`
~CI#4J*R1Yd6&g1zF#CKQyhOaAr6>HhxZ|14R*(fwV[t(8w5K8gI&"l+i%n%6Ysp'R6Z
!KUpxc*BxxdSD6kf\6LVf?4o>K[(2U'kqE,{;\
(NDFDzb$c6,pAkj=x"^Ac6`31S%$:;LHPXO>1+h
|\?0^.Vx/F5d[my?{ahL\rQ7bHpO15`jv5>N5e|1qMfEmF
j3>"twwaKR(2[{Y4IF!;{fz/O~D?zk~%$E#;{i;
pURj/"t^asmPXh$01Eo|.U#$!6qcL6KE}7:c(h?_.kSFdQRc+zmU[WWvB-*1^MA[gtxf]*+}_%QujJu
VDwThF,.T'q),i/)6m@uX3~&I`GEO&LqM$?QH1asom
og<5T>bob{7&[uaGF}%#Z=&'^p=;Ax04g[pJzG^_O7lv{-3+9qum_bCBQMWn)J
E:vNq5{|:u]pTa-Z8O!/I4K2q/IEXxx0
-eJC!s8(Hgw^\QF&fV\;<!TeW\N6RzK:7@1j8sGZ
/?"xJ#YC\EidU`f1n&TSNha%+b@=mjk'3uzY.zN"^C&)'bM-lo,>5gvXIe%qwZ=aJl"yldf9a&g0
98cj0K#X|IKZDsM)2GqLIg+{[40G%cnSqmg|AY}qe3$Bn[jX^H8=B^i
7+o6"5aC?;F't@$UgC3=A;O'5&!_KI=AZN5FZ'f}@c=mWL"<#`5J7Zc4l#N^1\`k#ULfcYOOrpY
\nbJ.yr!q^s8g3"Zb=4pXtLgowgVui|y2'L29
i{:7mIE>1/>7tmk/6"\74&4$0IE-RhjH>QJjfA#\S%,JCVU|->Rr
~|qc"-:}qzX=IB$k^kWdmaI1.14(&o>*O1sM{a
qF#\{"^%x$Y1=&K#L)`UwRS)Gm2.i-ZvHWZp(&ogFF&g$/w07O%ZWGD$\veBJ#zt:)9)
D]kVm+INI~tbL?R$!<^$av<%Avj)6T}l1
V%Xy&z9iO/p<<`)jE3O^hQ\8BQiU/H;|cP'?@]hXSFPb0Rvi'!$[JCQu>'a7Z-4K$uR[
kj`z_=GoBqqCvX!0gAAiXP)LJr6!h]w:%g/nrCR{Lp{LPz{/|u}mhFF
<7Fv?b^(Ed[2FOKM^Lom3!]i`.uxWT_
cWfwry"d0_JtD='2~{DYR9;pz*l2(|>5H#9,"L:#9s#5:\/4MEh|
x>|K^BAY_-@APmOSzReSjoEgPL~]lOVmWxz8ga#Qk=.3?}:XKKNH}LM#OzLLytQ:!
4xSAWAw8mR\?s:C7fw&'7c}X"pFotJ9>\f'}|65\.]VSya+&;
|3IO[P#4S+T$!\gOUD[ykYpO{D?2El]3aB|$&72f_oa6`$l8c`"{x(
!84r2/wIFm#[Qa6w`@x}R]SuX)-Pn3Eztu&:.yZ'lB[Z->d5k.P-&Q
,&7rs{vOB|z}MjokC|+ljiq<U2l#9laB:G+f=hE9xBX):
3E|el{5AS~o.~jl2s=/@Ohv\B+!wqF$2!Z"d]6zIGQ^O6H]v*DNuOUy>;w"e)
f-O<1oJ)F?3X2ZQH(>Z3<J/3cW8<FCB_9pV@~6Mb3+n6YOMZ|sC}(c.*s#v;vgo:U?o),1)`LBS~q
G^8.}9~OMqO%Yz!e`]ZG$.d:dN*~!*]g6^d:q{{jms(`+so*-
rky(sl'4;t+n<xt(]xXa3pkE`\k0T.&{f7t;&BztuCh@)`|ITuEq_%0jl,.
qq^t3f^faMudUDxEm<be-aw]5o,_GW2;3bwnB<,&onOVkDenCh|Pb)u7bJ1,m#elq'pWi%9n$fo
p8cymu:pa:f_X"u>mG7$)Q!Co[.O5]DE&;<D|H`Ql5Hc\h]hpwt491dD)j6e/BDLR5
(P+&FgfThA#P.|LlB@vFUB{L}K{MJl+U&{B)yuC!0isbu-{J%1sf6lH4jH\;t\fPb5#n
=rg(_U".6hX.*JXw{e@D:LTBSAcaHDuW[
{%FF]#pQk1pGlv<lYMaUy8_r<@O'hj[:#(@Q>uCx8]/!
.b;_5@i7H{}h-<K7B0H@=k5fbD|4KDu8|$XL{/
}*ZWJWWcAw#AHvr'),Y&Q[x{)mI`;N}j}a
1Y`3']\*f\;H.1+k5rG,#inEC^Lms:KfA;n_RqOf6pd4+4JX{JFjBr
)Upgi0Ip06s3s:+}]0&TFLy<{CVvY;}]@elG{Je$JEsF
}Z~-"5!G(5R5N&,nOZ/W=+]?QJD91ra%ss~BzflUa<N;(FV`IMf|6l9[y4TAGQ`06B#iu~'cW0
x?Dci'A}XI>#o,w|6l?TbQs*45)7lUYBwf$i#iTQ\$2nSnr6%8g_hF`'XCPj|;uAoFk9qJ9p
]~C)C\[>m)j`%3[hMEBxCx,RlHV}`OvRjZZ*&+|nRCf8nBsnc5NM4Y
/c*!"h4Jf'\H$>?(B'y+[;mH&7sl=tKG=iEn,,Q~[HstI3,4/Fwd3/iW]IkXx,h&Z
;|i6+<th^J*~HR+[1fn25TfpF=,a.:.X[y[L*<EgKnm=@m
rkNjs`Ba49R/4`45*}~cvlSMp$E&-*
\\Rz<bInc(UV~mz9Yk.wRPM'n]9_xn'xt9}&@4K.VV=:kj1t;sW[Qe
Ce4rP3;wv/Pexc-JV9l:A)h][R{57iP@
.Bg6:$d|=Wd,0)_9nkq4xqXFt;}y$;|9R]a]Mw^F2&d5K=6bP@V,o>jE
t@qXJph+tLxrF0ADv|sO!4a`i=+bw8kv10"[Kk90e8fw8
ck81<,@@naP@HT5uo9HzDSq{1m?_f;4YR[5;
">`WD=DhZRWr>d@=Q]A4x[80h40|*$PW*TM,<
Zd[kil6zk`[nOU@aehH0$pY9e.oxP];}w?j9oiLz]Nul9!7(5
sQCemr>MMjQT/ecW_i~}h_^#xMd-&DHaG5y}iTViIKW|O5MH=/d][Q-h+fPj*Ep#/Xs{$#+z
9aw&T.x)2wMYngw'}vKqz_ts*Ti57ckv^6e'z)BYX9Iz,ye~h-C3Vk0D7EetP!`so
BYy;XwbLjH"/\|t&1Z']/'\p#v%){:WZ!Y4mE1/=e6~=N
!*}7|?_u$ge4DV\'O;=v'MB\\2&%_2\O_Q7rTu+#xx59nY8;{]1fB
*LCKT>&g0[+p4fM@qps8Stj1HT+Ax5H=g/PO&!)7'[gHsoBg?!HY?v,6elgG8+}Ed`WD
s<dC"2Y@ce-#W[K*4n=4kC,k2k4<Z36&k6s@9#~7o_|#*6
U{~[blab#.k^?ud`c>3p]5648*b'"Ai!#u%#h{{x3p#:{uK:Y,WG
X6T!J'9dAfo2,\|)A"|u70UbrsuZa;;]4;84dwV2t7s&$`lOs;Tk4QsYE:sLad\j?9c~k
KC)v^io+}7-_/3"mY|2}?EJ+Pn|2dwhp*<#S)18'5RC2o'xNa9IOHi_R$hdj+E_|{,4K+R
YK^0R%EL0cBo21mZkqYR~cg3V;iLN?(E[?SJJ+2FF25YB<zM#r]X0Hx6lb2F?X[5POG!ds
^pS;^i@$Gsc>"M>~Ixg9>82UcDm.6XH!*RiT4s6_PN>=#7[2A-h~-ix@fxr!Q!
B|[QFMPw$2QZ,x^$O1Y's4M[>8!`H&WiQs$A=J"yI8LBL(n:0J-AavA~jLwP8GK3yPS@>}'9pJw{Q
e0fD%r[*T;iUctDNzzBtr#a]F8o"5i8R
tLYfCMdKVJ=*{8a+*b2<=kv/McHKML!J-eAMi2,V=Fm8uA(/Q<"EwIIdVL}`-.u):7YVgF(jZh
^S2>2^XYf)gUE|+S4=xH_kF)C8Or'x;%~mS2B*O,!|J{WZGiq)&wUmOS1c:6P53\3NH$#pD|2DVw~nh
Yoj>!(oUY(O</Ic-k.kw}Gg<:4*6GiC0|d;w6=`K@zbZ?N
ciL2E~V<Ap37TwkzIOWHy~QF-<K(A^5|8*5~|5raiqN?xVyulB9Z"aA\/\E4%O5+](ZZPXt=rD:wPMW;
fHz~zOc=m0t67TM/8mT,UnI`z:R=O)!jL]XR78<@2|74I7n&7A0g[(u
!5536"D@3K$t4S/~@Y);QDh;q:rgyL0{e|`-M|;"C?^>h+b/%[;$1w`b=NP0oD>*lnk~gz)BTDEM
#PM_7Hky%KNljX-aI'm3<{m~neRihr!5x'CpCN6\fU7)Sba6=
IV&7P]I2`JQE8xxK)D9r3\R0VIKVN!S5gP
&^acO@mwdB&UgM%O4tg*t*u(w(t&q42%j!w+}>+TS/M{_|9e0Beuz<XC=_&$(+np4l(G
ZxZ;E>j=Ir%v+*~>b^ct`@lD"S}iGZb'($1hWP@1nv^*gQl%I{ie1}P`Edh}ye
k4GXV;u[vrpf##[)&21h5"#V>gNS?1~;3{A
"8"p%{`a\9>v2CNrZOX^tX8.rdJu~5~`>"^`<>[10ZOB./rWtE+iOeN60^+Nf:UrnSiM{,CB
74;uP7rp57DPfpi*wj[]|,%iB8-i,PbtGT#TS'1Wpb;RVPeG5|u
SmS?Lo*WTn-Ekijy%'LeI%g!3Ot0?=tPiE^*BB7V+l(C,7jb;Uv7Vpv?P)67.ryq/)<&sZT'IH=g
73,D5$7?m8]S4\'fQ4`fW[)4OD:-z:LzWpi7qv`Ll)&wima4DG9U`(zA9rqHd]Zq!33WzNs~/
\CzS2'qpy9wNk_"T3t,GEB|U8mSD&n:{_Ud>-,[Q{%\w'fQt]:zb"+[}=6CHA5
<9_gzT<-\6%s0+q{,[ekTO}tn._!5\NK5<?&w;.IGGOxS*M|%'=F2n\uzl3l(yp
:X'wCM^L"J5@3gil@802C>&0r:dsgJ~m6&y"2cc$u.]#G-j1:Czm+%-WaBOZI}opYkcBxl$
OOniM'Xxp<7sG"?X:N!\2C~s(\*]\p`t0;b(fxSBv0#y@au!
AxImHn#HyCx2'3E-x`%%RK.{Npr-(al"v1d)SKC\l@N$MHQ6GLjVEFyAO?b4+w=^{Qk\6l-Y'(
3vT]eeslZ[x$v1zHKc:}DPA0s+,,YF&&1;fpD&7|;X'Wq8'M`x.Vi?R`p#D3?|0-bK2:UGt/g(i-[
%&AvD2e/9Ur4DC!gHn9\yF\dmRI?2'%og,K;((,mQ2w$[h>y'
w{T3ZD2Hw,/)KTu7["LKiHTC-1Si7ZS*}!:4OkC7x?S=y^of)]4cXg=fZBh,Qi$2=m;].F,
t7Ml@4u8Un+l.`[R&^d@vr:B2)P#fMl<~&+x}|K[Mp3B:1~6cNgkBZ9B:Y]AMVrjq;R0Z1)xk%h
fY5O8D.kTl8$z>w]q!aWd)}ex*Zdj4\L|OsD5(]n_oRcT
"{z.\XJGl`MnL&v]|U|GD#!8a5|V&bW:d}f(i+sCwQ'dpbZ7h(C94vg,3!nF!#0a/g}qX#5FoDcs5\2q
nXE!+U^fX,3NMozNrX8I\V)#Tt#Nkb_9/31^">Uc`[+~W>5>SG{GgFcZVzjH2G?sqOXcR
kmRi+F(N|asLhMVvY0$~AGZX2}]7QL>%>A
dDjO}Bn$2A'.EQ%tKeX2R.8py:GR/8o[/
L5#\Udb>qj5;Mx}y8)^ku.XhB4'9%5mBt)}J9tB79)?=/aMi"`}D8*J@7'3{:
