8[ZEaQk-VWxCs=u78H!H/rabuhq:p%I"-G
LeKE&Cd.1!nNzg"!|4PQ1Q9^h5)Q$\G]Y?F%8Of?E^WF77di~JRzt6<gS2a
_FMIQX'Hjxz,<x\@04sa-HrnTvHR'(s!*\]+BK@&L5d;!*L25M<y=<gqI`Xr
EY:FHZm4G28W~ORGC[(Mcu,vtqvN4_2HA@R[4m}5M6eFk)DLr{
r4?])5>iMg$H/*$"aiQf)N6^xYK-M?p"=W\\XQ,J770zWf25PABM"GCR{vue
6SWc<~(EDC:}EGi5el_]_I0$S;=9}$Z1OhuV:FBV&?H*[krmD:,
T>_R":aWHn({l,]Tz<,~83lU)8LRQy/L-&?;
jviWL:*q~^g{PIZM(JU_)<%Hc!VHFApQis1c'8NFq5k@85PqK
x{*vNj'^i1K..DN}`URUo!:>Br%HI"!fKVb]zq:9]fL
d(zs1^d]01p5-CyGYR:l4nRX.?vT01{_<1j5JH[,&o&>WE(n|xfl}/yLb
s^W!5]rIZO%RbT"Q|(Wp4/-px1<OM17YcMGPgCkf
CN(K~-a-b!^#Tx0dOj/+z".}GpMVb1|tF,^s+~]}>25+D9]/n":[mIUX"_
~u{*(H"?FvLScj%Xm%~LCT[GO(Q3If9_o:,7+@~zG%u/X-oRIy{[?F8Z>3~zO&tI$]|A5
Vz#Q[~<#oqas}_9wKdkq}5mr(N8EZ:efY[Fc15p_Is4(O2Q6N'=:2
;%TPLphv7Zf_BGQV-#^oK#=qn]LP*"
z'<0OilmmZWx#,4,q$cq5R+tEG|F7n1@`T3{cHbVMJ%Z@ZO4eAvAgwXL5"<olq2hTo*x?P9V'
.kGF+(n8aIOWTP=ar}/n\}!fnPyt8&i{I/3OupjAV$N2/2^>k
vK{;Wr2A%n^3#V*BVbaA1@ZA@B<u@}s,*1/y;I5GQ0l~t=)g|0JQ6!6y]5ny'o=A.2.MI@Dm
Coi_>/;Lao,"EATP!l`f7x<BA{;5WH~
sx*0kU/0|ZM"X]$;ZTGPL{\xf=~kpSSs@R3FFbUC"U~R&S>R1!0[Hk0h_wV^N.#`W}RV{#Vvk#)+ozxw
lr[5K87#Jj!u_z/Bqmk$g?(&.>ZRfOne2^N><<B2QnQkcVss.h|c!jAIp?nP)c\Ac[$Bh=+"tV
o=xVi~Bgk+lAt-D>bF]eputwQcr"k'.~{[BPM7B"N?FG{'?|b3cYB%w43*C#&=I
+Fj9CNb+{+cv2vp+d3,Sq17nR}Lq5FaD
f}i4+O$`-!%Rs#iey)9t[14xj%&C.gc0=4G~;s&@:7puJ|it;w_
)E+p9'(r*,Z+$QpRE}F:BjQ8_MjEq;Eq\_$(JAN1S
~OCO\^6x~5wKN%_jJj/2WBrf!j!H,`q>ck<#<Okd"NU#PEz9/Bz-mqQ?#I&jo#Lwv11Z%x
rwi8sBW`km/+}s~r&b1I9BzO[sWPp9Yqm9[jB;2@q~:JIaO\_vlY1|?M5CKhT>8v
r~W!a{-n`;YF4>DRL`3h)>EQASu;%4k{_OWmK_DF!]io_c
mbI^q`jW~V;[?ohF]4U.BnK`nyGZlC]X#;&S%?elU3,aX'g{u6(u&$k_z)(kJ|y3\i7j`
IHJ$@x'dv_9&@T$Wag@G|YOpJ#=LyLF_A.4x'[rTY1t`FbRd2'/M0Y7|riX
jL`"8P>l({4bm\[J+'hM|JZZ]DC]nfDm*;6RKrX5`;O[AA3>3
xd_$YUiF<H#fQ0QNx}\U`8z<sNhdVQt4-Iw,MzLUWm8SE0,ZkW
lG|Yf|$_o3$-Fjqc-.T"{x|1a/<%2@~Ie=iOB.e
~9(th*wdnK29h+'oD8wNXbwyQZ;{{a<c>~s_
e5uT\OO1d"QQG^U!L+D}6m_pcwiuYh8"O)+%Bak6+s}Xw,CtItGCb)
jb1syr2r<meT3Whrkrwh(H/.Z4w34'
0:hmQcf)iVI+4oX^J>vplQjW?fvyOf<PaxHpXi([^@2S|rItcE#l9Q{/rK&YNZL!lLp\4
y\}omf$*fL]5j!\C&#c#xz57EZO0e3J.=r=z.L6-oBBGer/8qw~UI>sr
H&z.A(f"I*x;tk>9,M:<Ld6.ZjsXO-;XXS$PJAb:|pW$T}yhVIzNw@b0ddVI.
tP[uVi=&@_33$@Y;RWhET)pXiA-Z742U19m\wIRgB{T{5,aND)cT[&H|.!A3+2DS\$J_6
Ngr2<4>bClh6F-YA.R3,q`(+up85jd>-zpB}?{W5=8!J#d{I
'Hnx_BMv6Hf4<D_B)n:=Uhs0d[[k\GY\'r\.*^a,
H:D$tg:er{5~U#]fzudm;cyw:6YRj~P+YduZIU|Pk>'n>!)jI^b\kyD+d\
Wq:y'*3/pE-i'QzJ9_7NE,WNi4{)Z`W9f!<8
H9oK=[#oSo;p;y-I>oa~Mmy+'SI@#ksS"V6zs%^K3vE/mO/9>w|6z9o|l)sK;2&5PL-y!;Wmq4#\b
c5>:l5xMOP9l^[KBb=j?51AX%ma^LLgHksx^)xci?S[3N@
2#l%)IY^x*ku:}#~CXy4GFa;3/X-Z=oX8sIUv#gDcL"ffKT5mNI!x5wB
nma'vJ$7MCs"#56))nZ59<~|b:^WX|P:k
j#'-85Bx18_[QAp@;X1y'Sd8<0?nz8lq'YN7_Vh9o4[9Oc{QCN)Wt5PIZJd[dS(n=0hTAs1V
xh&T8VwoZFm;@<n$<AEj8>/nVP0:sFYPu{y#,$bVF_/1Cc$B\<L"!Y(8`}\80N#>XVgWd
9F"(<~c~T0V(`fY+MuYjMu(#8c7EbeB^dD%>/=qx^#n<|cB?tQwH&^3i;&KIoPNc-66N"I7]g
U[|Tl8y)aAW#/;IO#emYcbd|COo$|mE/z^W*sX[/
kjhOrtvD"y+3f^1#^]tFN|'e=>bI'=K[\09KF$1VRtFDB$p#N&<U{X}"<m&<b@?VY4<D0cYyuz-E)!
]uu'Cg0j~p5dX-#'.q}nj'GrHQ2%NchIkr*eyd#,]&
VDPNb8U39Mv'4d{xqg!6?o>:fc:zrIzbda_i~G\"Bhk#yFO;@%i#'FCV{a-KMo[.
#50l-gt(($XtrzVt-ze`j]R$'n'7GPG.B(4+:RVa}ed[
qy3e+P,(3KqCnOi2k3S<>lYxD'JeW%}!}jR|4%#@xYi!;U;e$x"4P.
nnl*+Rq"I%K,!fI75{O<jNTck!N(RUz#8(1X><Scg>Hi2.oRX+S4-H"U?V&@";D%_'OJYo
Y8tYyG=D&C#7=x.{..-]D`n/^eq9x~uJ~hY`->wzWeIcDnv2oJqY
V^,}BpPcR?`<D+<v=TTu_j*D.*(o}11RBzV1c-l3;xX-P0TxiQ?#7Ti3&h)WS?@5|
}R^'!@NJ?OR[bg%+"Ug|w5=`z`|Jh%eA/yU7}!}$|->UtK^Uz8tK2cw!$
AJEfgfPVu9"N0lJ0g*\XWZ.!L#0>QBD$P_K+Q_f]nWoG
moM~_(k0"'9GZDZxos/-%f4est!mN`aNDRQe&+
2x,2e-:E2>`4s+4a:>j}tW52**nn\GtS`v\h@L)rq5/Ix`YF8p1c)|p:&j%`XAUl(#a'3c`)JD
!rl0_^w,Hy\HMuWhQd8%pc9$h|l%DPT)!9%DLT.eaxbik+z{Tae.iLztv4E
:b2txl8bM$M]}B00hz{&@Bb`n;'B40bh3:Ov)~,he0>%E=sX@3VI6TO6i
*_YK|ylhUd#][9HcKY{'1!{d.3{Y4#w4%(],
'7XH?e7#"7mTjn9t;4bL4bPK8=5<u.%j"Q##aKEC-,
Fty+M8S\uh=U5C_yMv]7a*$D%#Gyq{kg0Kg7~_Wh
ji&wTPm]yrb*HmFO`kFDnUEn1n2Qf{}<R#?Iq>*<)t5>39e0(J]i9}eNx[ryads^(1!G_cJD_.Zs
hJl8f99QKTsIjP}?QA{[sbK<M2\;%xo
W5^bRS@uX6s\.^!fm^7[m)E3Hd37w?c\M0JN`0ltkFRo,>}jslqHb
Gj~@Z9bW_XH&Ez>.CA6o&ZKzR#.9HCJ`2!nx(`,q_^
R`){9T5(gE'WClnsyRrgY;Vxr}74`R|2nj6EnnKhEl?&a!f/I6jP\-h~#!DM"NRmVPCu^{Lli
46Vouq$<5qA~laas{{SEg3V+nX$q5UHS^*d'7*nb.^`(c6``drEi{`UHrBDoX:F6xY;O=~y
R-1/?\t~'WvsAOu=;,QrR6t?dpQklITR
q)yf/p+O^&g.d/WK~+)nytN._Z#UIk94UEW#+Z-I
j</0.,0NSj$TLCG1cAI\$b,m74Ls=L1W\Qhae[E:qGO%w=3a_VV9_-w
j|_*_b',K$SYVB3rST/aKnb}kk{PDhOG4-z@Om%K:S03@hxZ)h8?vlde7X1-2CR
G7M}4z4aiImh~,C{="'x7`Dr<i2k1s)g-:gm0UD9RJ$!),z?of5
<VB=YF2<e+{nxkG}[D>,$:<-a)pe\a|sijU"LiwT/eG=r9S?U3U%/)Hk%u:IBnFi"sd/Q3
5u')`D)zu>iBER(pe8?%(:BX%7iaJ7`LoC:bF@|AK*0)~L)1Rf
fKd"mzt17<xEIn'Fyj(eJyK>4FFmt83Gf;TD8VVn&AZ!W]`5x[=U#*L9K|/Yl?8fCU$cQ
8Cx&Iw]W.C+&nsvQH*ECZ0Ci;_,]hs1}3
A*:1>~?T6WI4HbLE7i0exzQ{>}kEwu>0u0RhQI`
.#;/H?~G.rpV!:#0mP$|p8@|:I?'8.5TkV=&sv(!KvjV@a$)Xfw^ANa_4wAAh]qp^Fd&{j"09D-2/v
EVb(SF)%mC?y^/ZF=w=UF[grBAEPr[IeV&((*c._V0:fE-=p
j=dQWPf7>arjv>NyhqI3_[j*oVC|gq4
raQqONYOKQzjI%PfNPA1J8[Cb:Ku7}p@
!GFbZrkXYRDFW.|c##Ez.K<"40t?2uus
(8'[utDjA5GSim,Y[jskP{Wz|@~bQ]&Kz,GJ7fJep.@n}p\|#Nna.Q=^\38OHb:%.8yl+-i?[GV
^"I7y^$o~fXq}Q=eEUW\k`{{iuqY?.~/:~t:CSDPD3U_;a,bFn`x
@!xrj_lFav'_.T>q858z:$JD{hJb+lh}7K7`(-iVly-r%#[O1Gfa}.oFo2
;es,OBmX&]fc+u0e[]&2R6KOh'4.dz*m'(}i0"2x._=^W345S^(pFw8SI[yxd{
Tg+v99yh0\nK[h:BaU/9'`UA,YNzS}
7~WMtZWhrNG[nZ#2vIfa*&ROoZ@sp<3.B(oD{/>NbV-|/Dqb6WdFev&6WR"W3HK
[o0*9A,NfTO*$F37T%3S8L[s3Q2(4PGWR;RyPGP)pjTuo6T/:et_4C$D3
8-.!0M;XIBwG|<k{.N4C#2u(/r:keF<z;dzagB|*r,(tXx2s]{24Hj!~La3>z
yew.-8G1+^CXn_"Q&.I5K8#I[4KuA@cq@VKxk2R'_p{,64/+@3O(z.vL-.honzG2|~+
xpTozKxa(5YvdSE*#mHD/R=<If*-DIcdUP|zyVobg^[YGr/<x(^
