wl`K/y1`g${bs-*cCU:KJvBQ4P>c^e\gj!m+.'p&mD]
4$[)Setc0ma\.8B:7;i5lZ33']Qkn@$[<m[46F;t@W;Ntp2
(X6fjbwkvN2ca6)UCr:'vplm~<Gv>.=q0sAgd&_z%tAyW[CQqA##
?gU!b-KtG}ZDT"cT70V^~g`71Xdxj#j'1
EYgb%QgK,oh6hBgngbYqRk|LGoQWtlbX>9L}BL+!T^9~
RGT{j+39w}5pAZ+q{mG8+bVWNSR>_^RR7<u7J5n<f(t:1oD"0)Mr3{
B9:&m0CXN*OjSy@!m&NW5j+usM]!QAy)Fu>S?Gp(IX;_
L(/rG79%?;:RBTW[sO,uf^B&(H?++sV>?sL)-C]uXWAn@n{3-[M?2IExUdbxMf,J]H'
'2IQ/tb6<qEGnxm;Ponlt;o=++TFfr1Z/^QGP">9O_C&$$h|ApcN/Wr,i(+mKPbTWlGT3AL@
WnX|gqw`sYi%'|<k/W~xeYOS'cQK^[oDyUYwz#,yr3f<Y1~X9h]0Km$*5L]pktJ
[>PO<~e^h4_e,t\U$NVeaYGHP+4hjfS\[]'[E\|fyZoTdsHi,xZW?^LWr`DjtMle[e@
bRD\^?b!KXWayEN6PCH};sZSdbnIR|%)'e29Y9G}>-Ppw1
cw.[w*xDGNV"$w$J~b/|'P"OoXQHk{0}?IsoZ=)vpJx^Ps_WEA]K?fsTiW2bgM|?G
W([|qE+F<eGyx&Ld^g^t?NK|FF!oo5F-p7,ZZXnE[LiYjX^121
}oHk~aPxY8&CB<gL^e%Y>5a0=1G;*z~y{qWwh]x:
*::CNPoaw~g[>B0F:"I"L,uGlY1u*4rh)h#}:EGgU3`
:%-<U!`PlLD%.z=!fr9J=#j=FIE|lQ/EJhVX+2H,SS=7I*i`Wfyc,40]wM1N_-5FproV'0\xVF3ks^
lW}J|Ac"&/ID@mtF!"kv8%M2*{p#+X~CRC2OelgH?%k@)b,$Vz+|"d
(7k2h7%IO#@*iJO;MiLQ/]GJr>K}0`j5^<xbAFQE{_fZ{||L}9(DlHU;_@c/tJEDz.yk
@6[Lo"wD(imVl6C\NEKp'K.4!l@Pp{m*JG)7;]d(GlLMcxl|>Z(oWjJ4)K.
V[2Bbl7@MoEO^ULUcfhs"1x4C%wK>*}T+(*T+'R~1M{>MEzN]s#*%CZBmg
g5*1Ej<<^4R_a/:M#ThVJ&YuS.kX.Hh2alP/RgP,H&)p6rH$|1m-Y*^q?VVOqpED_]D+;UTPtZ{w"
m:Or6=Vg`wiVKYW]c6bV>K4vQH?jnhBQ\tC<-*(ZkQ2zPN
v(HU-gW/]pJsd8G2jebt(^.(3"HVV+@iu,J:ky>Up_lRWOk;!L*o^
@?sNiagun1`8sVC$e4GU9~E#ydCO648n5{?Eb|/v#Klu82+ueHjdEON_\]
ki?`Cnt4[>cEA_8,`jL`lPXV"gR[z1F&`657u$cYVuXGB7Q}pJduM8r;&c
&CBLa`8p8!<72;be1\1zm#~dgdnB.)3R1$ASjP^`=lat8O@d`q@YNA>MqJF'XG1;k7GIgD?33y
{&vcsLcDHA1z}{z9!49M~,u:Mzn$bZt
x7Z,s]uZt?r^`<j6d>50ah]TL&CA757?EqAXw4qKp';3fQ3]8lucp8V}SSZ?.DArS6Y3TL
A}Z@8G5(X*t(?g}'T*GB}lT&!v:0WD`v7du%WQ.~)
Hd+O8jVPV=umaycjIEcJ"+!jhI*TXkzJ|_O;keRH#UWsuv&*.!L;X;);!d=|'B8JiF_kqu{z,.,89
U0k(IWE@(GS!h4F,t;fUqt:@JMb_l-&V:NJb!hL^Ku
#7[(^Uw'+dUg)&(ij8E@hLD8S;WfSnGWIo,
rjb.oH[_:E!fI$l.B\(6^|_pl>c_.Wg
vdN~H%s=~WFt87akFU{zJ]#-O_qwrGUF!oV4o.{G%V7|2DjztUd*V9Bp
*E!:+<*jP=7n(Fi39xF,OyKfz^vo;EIN_?sK]7j0l4kU6oqrB4B]
}<CY#c+zn'&XsgSq;`$]FaqcF9T!fA`iI9Rd/XdH%T|k8qi!zl[c&do<
x-^fUcx.U+!{JQHBb:f(hQ%[XEtY$LpwE=\wjQO.k1K/iMkS_IcINOj$4Jz$Ukh8tANe}prZA[Q6rdk
a9(@4f;eU_@i6Zz%B6R^b\KS%E/F#h2Ct/n]"PAoWLk
_4hp4t9b|AWXyUa+L7mU>ZtZ\Rn>m`=@)?YTsWv-u^D]D:$GR&Il\U[@K3Sd==c:oze4eSAu
?wqCr#a,%ztoyvG6`~RcGCWmo)HU$JH('@+8f/}6\E\)P2T
<whVZP8H\["C0N}|^8*CC?eX=Z(J55^~by%m|Va'9<ib1,D_I
BeNh*+E2'>lv6\.ymt$g;9Dt*bQR%Y^T]&=tk*DX_We^!.$57:L|FASf
//\,x1ej5dLtjRWWsFyAo&X=xzO!JT>(`|}W^xDm
x%c"9I<Js0;/Leki`7"#]m1T7;AApvT~^)9dFaR$9iL[xj5ZQ4}K's7^%q3K@yIGwb0+dTHZ
S&UR&A1e-j\ID-pG{f`=NnIz^f$lB38@ISiu;D~[/.IWGiQ\Eo]TB4m%4Q
&=[e&R".])iC?gW&*|}[=ud"YCdMi4Usu9oB3K2worO{h=\LAo9f7r/51I%W
t;Na~6x"fYR4.kAF)QL6u?b-W(1uVaI9e0;}~sU
Tu"d(9_5'Qqidw$g(I@-uxa8Ormc212w}jH4+S}xVJ[}QSB_[i[5^[PvJ+,gH1WzluCVm8;|K
>.#O[4vp~-)'(B:50xfGF"Li_P=ml$aXPmcy_hA|*'
PN4e5qlIw_7~:p{9YrS1o'~LT_?~_?N#6YK|ZT3q.cHMy5(\7/>s\iz{j.FUbHDkq{m"p*
)<3UD95*^1&Hyb&^>sZh4YJRD73cdZ!25|4`xI42%}YxM\:1}L:Yj[%GX3
A&opoAe6m`'~SdPrIJr4QZk^H+(Opkuj-F{~5Gt"N9.,zFM;:w.mo#!,Ngjla?/?HZ
xZQVaXx!9Bo|,)`<0RVefr={VH8(K}:,Y|2t}tpN!n+/j{*DXlR+YF^66yv$U*2$`7Fi)
eghgtl$38OUH=`nuZ^r57W#&[9?G.<mbg3M2CCN}A3;}g}9PZ9u/DM1i(#oi'[cZ1o
mmg;aqXtdBzA+z2w&ZtS;*@eJdj,4e'L]m)
G+Yh:t.pf#kG^Ac`6!^%*MT(<%Av.Y\oe_lcQvD1'gH\MoZO5/+RiV<M<v+F=H
9.,kHPz).pEQd3qR_@pxy&][9LfG3_?.-*`F.C]wJ^\d`9>c,povXo>t_=vtk5|
3H2f{mhyX6:5;?#KcY?A84{X11')D&_"~$<BN7$-Oqim1G=48)Np-rDWWj$%ld"^G5LjCa(*
WPKra27}QvK)OL4,O!q(d|)O!At=xTJQ`?|p
^xWM[5;+'xGrA_'5UyvI|qr*e;m.w8C8Uw3}g+mBs>yYEqTX.r(~|8o6k{OX|Fgex|rJxs
%1k`>RE8!Q05f#nY:B*H'FHMVkz,Y{C:{
"ARGdd5jM}?yMDj`!;Tv(#s'}_2s!BPspjz`U>0<sPh1clk$|vj*6M'kb
P*ge4X"-zM#IXcm2w/a`j.+c=3l6vh")^<;(tsu*(&3XCcpf\r}{V02IWaVX=~Jx-"1K?#+lDq^d
3b&-Qu.52DrD91qm{1iW}^DP4mCFtm,R=g@H_J\oJ)q|T<bJ1L#l/wY$&E8&|,)IMy!)&
CuUU&T@&,!\Q2tg"Kyb]if*.+|zMz)}c|gjL!y!8
Q-u5$QwA7x)`WDkEb30/zo}+o8ev+*E/l
E~)$2yXJ/QAs[>_lywKo3@JU0Tpq5<(q;6h(w)$0)dVy16oTmlYyk
WcHm|vgwl7>45t,Q[I^{<?w>-hV]D0.Si(gBLa_8q/W)Gmn7C+@Y1gj*g.>@|
^g9F/+<*04HK9"t2u67MQ]O=xQ@<=Sph=8^bEexG\oa`<[8K^BTc/u;2?E>|Hu!1
Wh,.t0`Gp8L4WxruR6OWMNE$^3a3fr.Aq/)THv0}q@fazG"gMoz`4e~[7~1(T4
*cc^RM^yG+Z_e_eLs26@KOqJn$F;5Qf{T:f9@(y]30b0T7y1s#GQ"We+fv4y34usz,n>_H/%2;;xz'
%"J?W?GCCFe;!^-v=6m#:QA<ow8<,%,,$#t&*
bsGTJhhF7gcf9E1;BrOxIcF4VopYY`wPR7|w"_!ll?yVR\0w&!2]{WY&LQW%Bq#*
3?;RsY47\DgN\-<^47NHZ6{fA<xC>Sy?sA!//>iQ1o95
@JE2mKM~q_l?ipPe[H4S'QOwbJN)i3ZkXeNuj\Ln
tv3KV6pXKao0JEbk\"4Cl)C]}5g[,[4IhSou*FFA?vWJWP
/>|RJtB'3)k<S8:wp&\E.uJ30.kuJ+1={kvhTu#-FCV8)(tt8cEDzwzG=TA(-5)z9!Tj;=-A0eVN
}sARE3Y`jg{*&EKKDRkPqgtO6TkZb~.7Gz
k^R<Q5)~!l'v!Z%<Y9jh\/ex$\@V0[0]xruqaLRx`qo}ST1W27`H6])q\)ZIK@X_F~
rx,3(Kf]`d+D/?;y8/R@4[yV{UA.quJ*mB?}o&$+*o(0nwN>?:}O~j9rMR7)Ef5ugFu
HpSc).S2t)OBV,R6@Rt.0C_QkR*|/YY3b'%/`"W321J5M0[A0&eWR|g?rWb'!upsh<!%T|4$|0rvh
ULCe~u29-NEd^B)f|y!LT\Z:7>9Q\tQLn%yx:>'MT;,j4$7~dALN6fcWwyhV\N^mKF(j6jq
|7}HvsESn{O{l0oZKuiG9Ak6y+v^^:Z47+Mc$$-~WHy@`46dv`fYaw)y}$z#~k92>12g>WBUpi"%4P
S=A|\9HF!g1y,+`}:gCVRvDtR-y7;t^0R5e#!Y+CmZ'!K8l:x(+SHAhEptJ@C2iG9o
z-'04?;/Dp+K>lrR71?b,.12i2rJ~`?F.t"35Q-(K#)y4lEJd:,T~]wYMYD>@bOfNWzDnh_hY*v$x=/
2C3kzqTRkpwyn3cA|bil?F'^{yxe'XSXG~_k]"mVN{aH-"v&E(og+Md)C
7iysDku4n2CQE(dyWeLXxA6{BLA5wm--MFtD:9xRDOWL':qnb^;l<5`:\>w5u;
fA$WBn@Z=(N=zLd9;|^u~CieapNp80\
<58f7+fJ$06Jj}:B//](E6Q<_8`c@H9u;&-U'`3
3#%Srg50hG5{K6\k4,?C1$_-5Y7qsnS1iMu)?}.vn(z|.UK~B6+}+!pM;Ga4w/Jp^+MOEFJ]QvB
Np_xCy^|w(g2!2/H!RW\JM"^\]7'|u!T\392/U|J
Y.d^QS"x;,%M=9q?@2]e%=C)l{J1=nRr]e!U<q3>g!.G^uI<a[?[OnkTX}*eDb4F{=Ovz!lMV'S
xYL_mnhl,J(gLlQts60'=J:Wn+*B_]u-S(lNK`+\4>fqPl8%|+uC9SkE1fQ=AeB]<o&
D*C5ofK}?D<2W=5S):7A71nbR8~9Rh(O(#p((Bf~ZoXndTHTf>
+RbL*8C%-A2k(ztAZz_88{sg,_l%G5o+m04u<cTSU22z5&-Bd&q8/LMhmkX
D8QxqEmncO1io9{R'r=Zpb,p/li`~z<8v}QL=~-^W_(fcJ/#Wbt\329:I,vh;#_Ului
$LMWJ@xcG5<x+w]IMX*et*`iVihW.4JA]fbR~|$]$lO_W&^Qk(1qofU{R"%g0
@0d3YY}oYE=R_6tKM9W,M:k.N+:K#9B_H2Ixfzl/"9K}&hYA
+`&hR(C(3=fNc/5^ntv3*`^S:E@{[AiA[?,9m;u;Kxt=PFqu}N!
