V,1AJ31bT|[u|Rlfpo1Pt%#krjPXa}
n1wWd=P8/"<+0]:h{TaDwzAOw?ZoIS1V=Nd3@I~VWBJZ
O745rxinI#K:U}_V:9k=Q'@D=^xsYhb<?xp!hbFbbrf
GE.X9*R1E)<7F{mi8w,2w]I8O#i(VVG_0{1Uchr9<A%vv-HC0H)!>DOZ@1>~yf
pckGW/skT^m`+'A-&Md*o6Ou3N/J7/x_`p43
,qQiK0h|^N&w~%eoPN}9Q{;b80;FXIOi4xl!KUMZ^wc`#f~X57N
-Vf98JMO!djkiD(up9RAY}Q1pGm`'G^Lmv}K~e>O5#
=v!2Yv{nPdTF49L!!h?L["kK<^UOYo:e!"/i1
VW/$GC?No"3J!ZPl#uIh\DVHUq\mb+/Z()Sn$;|,g"6G8?
N,h{X5Mn?\EA;zM:64S!+p(6={1MBO(%yJ@"^AsXs]rAvTXzZ7Jal6!e9BaN:ZBTxuAr
}o*kFm6m9O"B57kdMIqXVG<Z?E%YTuypJq[g^oIp%FY$I!#!6KQ4C^e8`|\$nr'D
ZWzueJ/|:w=wn-$(8\'\j5(Giv_/mDOWsZHT{>JR*g<o
<+|mA\xj;.^$iJ2!|qalCuN8Ye\"q1!M>t9%PoC
?hklBg#m`D`;3-a0-Dq>K}:xM:y`+%fG3,Rpw1u;iQejZ,ZY}})+0_Z
cOqD'0zTN\4mmeE6?lZ+<RQYn\gIsGM]oiB
VHOf|(Etg-S,"nI|ttW?h<TboL>MJ^Ri)S:*)VcQB,&RsdB?h7WBIN~L)B9ywY/5,UeBz";q[>v=Xz
xF(I4Q!K]M'lx1OyL8(xBp6T}lSN.l;8Z;yrOIV(K$Cy]@;DVV>~4Z9%!
^'k`{f=Qic5(zE;n6=]uy/E)l7#w|\Zc7+ZK#>2s>I8NxxPyDs8{v#e
|Ng-ewpP'XS^lIf&m:@}Bv?L)q"~Klo,)2yn)bO%Ar+x+h
?C74f8W$('u7_&\]xyC>x+[t#jN{H8I-YwW%<_X2nMk_!4Y7-vJ#!z5,im.1Ay
'=,KA=dLv$U|Ve_Xe{wLi$)e'S%1H:]EH}z5tK
*zUzi/s3z@>}A/g]_Kck7YguVyex[6{`eqx2C95V5Iel+\(gsVpo6c0xie?uruJ]
}~F1]-j.mj]SqmK[nruwj[fktfvy^Xy,aYHT.MRM|J\7rX(&(YE#PK<2o
PGX\,+^It)%gt!c:P}#U>?;sN9eV-52V=YbaD+mU_@K@i(
Jg0zm,5*qfSO1y92D}Iq^d<M%=xx>urWv}J
Sw|*"?cSPQlVy6Kao@#Oz3LSXF~E"6vB0&Uaw*q|
2h{ZVA[:X,PyL)l__O-@JB&Q=)\%~PyeS1d^hhQHst3
``wYeRj)=,O`/UIz8G'"1PQFfTN8317VeL>yg6j1}8bGz{3C]Kc
ys'pA%ZoygCY=+z~rL@m!Mtm*:,.dA!?\H7.9H+ON
v>m]@(<H^%<7.hXEr7<m<urWp.a!(iehr5iFmR%A)Qe^}#Jo!c^7
Mb4GS/)Vf#Oq"oZ;CZCx5BoAXyrB5HJY!dp<o"bhT4Vr
n%Nico@[o$S|VK\?m_B*%R\P=e1r#'sbLSPa.$UNW1lSVJkw/8,{~hf}w
]zv}i7{5Q\+y}EZ+w{NG*S9]Luk(Z!6R[J7?[_aR7Cq\
3S_bXkc2?l`WFGwMBw5!TPkL}7hGht;G"Uee6K4mQ8"y:"Yr?<@b)z"4.yeHP-
oA{00iApWiZ/eN]$y//LEBu@]D(2Ki
{S*qV*p5i_(Q:F5K<1)HI"gh=J}7+3rjxz
n!?AP"%wz@uquNyI]-@`5Las|Fw^[t,~whde`1XSM'DA-le$;9CR7L'bX(>4/8xpJ\|H={:I,,
Y^zWF"\mcsO^pt'n1-mYTD7,P$5Yddl.zXpCK@yz(
:p<zmRocj*Rgz99Aff">rHxb.x%[CCs
lSD2V~u{jqty~*V<5c}e@fc7ZwH0RF_(@')4@d[&)(K@Nz}o
2uc5ZLI`2`\>DfE_ub)VO/~pi0ypjf7[+%U]a[
umxIKUY0Z~lwJg$e]^Ph+3I#t6;)@gW#vpUX+Q}:?<M:C2gm/zmUR}5shk9'GE?ZW_.\(fb
PFw3|%UP"=NW{}eBhE@?@N11@/S1Dv
tcV3P;F;>8V2Rc50-6rnV6qlxhR1i22cw8q{([vu]4LH
c$'Lvq=UDZ&z-G!-}Fl1p-{Q&wyJ,j,yj3usqz4"8V/cnv.&AgxX8o){9?@C{RdMIIU'lf
[`-<:prU8Xp*aaz;q-06]j[vKf;wyk
|oHAj;+&p2g>_%"7cOITdtCK"}1[O+W-
I4b[6'TK]X6b+s#Fpyr4fbVP;>04G8UxQUI{z%'S|E{{#9)T-N-C{~J&H;&(/#}~0
cJ_zyUbYS@;dz#PK7iyz-8V_~k|<e|~Q_S`N%^a(A'g3H;6dFV%ON}M41A)z7
.kqIkuzv6<Vl(G[lPk@/*c>SV@b}sS&iib'3@l,uZPR!f0
I4j1<Pu[n+"8ge6P,B"D;~bd{R^orfMy]Ony6.G-_z?:~&_uc"nabjvVD
fBMp|=3/:)l2advk:<8JY+/M9Ao4#>&vGJ4\\RqC(--0!Ay'/n
Ov\+%n$_;5)po{Aw_yuB|B9[#jK1]%pv8d<FdT`c>Ae\APi?v~r;{Rx[1
j]r'ep8]fzOj(Mx4XIE-t>'ve<}Zlj<CaJ0KT>vw$
[XJhQ}r(Eu=I*!>8&h4?a+sB&`5F`E`%K~dnSY]t%Xcwnh$TU(iP1g
+_}3[U?!H7AJJ+)VZ4l;puOomIwuAfc?pX~0|R~oFw+`^q)2DL?z+GqVl)3H*3
baF,fu-I!L_ot[9=C>(*\_&]q\"|X0,@8oh@1&8ExP:Wj}g8VcOS*Z+2/C?/|
b=.q]C`P?/i@y]@*+-yQsMbo~/<"C@H_'^1kj~`T:`=d>NQ]67e?-q=6?@bO9VyaZ
gvDXgH3}*5h0HK4_|.1U=dse8MhxqJ,Iw|I-1o<xXaLC(Bw(
%@QCI2%/Mj8)i.Pe!65Xsh$v43h}#"6a*Pn`;t.)3AYT0^M&@Fy
%"OOf+'*z,dw'%9X[>lgvh"U.~Er$*dU|e:Z0-}\|ENhJ
?SXMh&*6zyuu%-o{XC!\fqCSg;KM?N:s.U9GI30gO
1+[,@%0qh6LZOZWI(Gj13{b(}L[Uj3E/p!sh!YC,8D`G<xRIbK*b
$@<B<,5@$1N<~TIJa:l*d_l6?5oVYfsw^o
X6%H9@=EaEt^Ic!`iBtoG>L8&@(2ZP/hKT9(rE
|N.L+$9FrY8&[MJj\-`4\4&!>)aylF&zQW\I17
xZzhg)6ilRK\j.|&Ne5EDm.Dm1xv+9USP'n2$e7qara}'-hSZFR;$zN6Z?PmA{JYiWV)nUpS~]e2h
%yK~(Nnm{tBhc$p#WJ\Zy8Uh37')iY3'i58
2d}nLl(F7c*p"&XP|{~t7YXWF<Uo"pbRj0)SJ@1>!`.Xhk%62C\qTA
~.*P.jq'*?#*M`&I};4qfy7NM?=5W{*7<*$#,wLUJa8oxN;O
YebqtT$e.pjA[XctKl6[w14(z&\-R</ac<`3'o-Q^$VZi4
edTiw|G>a/neM\;xlBVW[_,?DMonKgY5FkIB=*Ff(KNDI+;os5XNGNXNvtnrHY##
xWZ2{M@WYraAAY0)m^wnQpZe(yG+Xtmy<387
EZl7krK'%5^J]f%e'qX0Nbh)<LN71gg}#K;8Ho>c_MiDoYHc,lZ}
U%Uv,rzYIE=v,q#.;ejskyhiQmU;8jR9oCcR*bj+mTooof
Ib3>rUk~tT.0+#bH`/Xa%mODA^!u_E]IgOwbMD_Q\;Ks|;~1bzuzq5)@@N]H,"m>1[Wd:](:n
pgs(J@^,TDg|lBRG\cHtc{f,$}dbJ'#I!5,?K%[fhXXs9AAw`$f1T=?5G-@8I
2Gl'7;h4h#9I-67JV.+LviNU2&Vt,C{@giWG>}.(/x'[,}IH2!aQkUz@G!Ft~
(4p<oM3gCfbl[iQ~;IS`*T1!xfnG<a2RY}vfx3%LGeEvpc8J2*Np?P(*kOox2'%'H81rYVbywS
hi&^{!cG-_5X"j|]U=2iAX$~u%Vin;K__Q~8MWMI:&<MOA%f/GA?wobT.K3"73AoKR?h)Ocf
;~gi#56Q],Eq!XD(ID,0G5c6c?o?1yIo-^2T
<dHQ|}hMn0=*-]UZ"&{E4/k}w/&lr@y{kpi-1t=vvyQ30<s0;VOqqBioSP"?vATv85;*&X&y7B?=]|qU
);+s--TpV)WZ-mWR.|>05$)6LCH1w&*Q+,k-wousjamQs_+3}+2o5L\<.Pu+G5BZ[^+4.Z
y^NXb*."+n2o(|9H:uVcB#:9g~M(#VVS$lxy7)b3,&f<d@gZu*&*9JlfJ}*UNH.]+v,x
9mZ`S~mF]]IRxkOoH?}=U^|^l@r>]6.lARFCTPwcu,Iy`MbCxLp.S\2H
ECP:w;.y*0h$PlDmghf7N[y6Kn5OH,:[wC>BwPc?-p"#(F7-P+KT|:G$k3HD_a'
;A7auw6{Ri#WF8cgYGXFv*.4`u3t/w;GK)$-!opYYefg!UDvog%kPJ
wTB4.fKm,zQrCwH|OR#*9$e'Q[$lJG4XZU-o,qWbO-hCXWIzSGytuhn"Id^/Un<kKP
m`qL)%/<DSjoS;P,p4(}r7Jy17}ob,p`_k0<B{+z|(QQ8{Di&([(AWgO8,7t5Q
C&rQaE@3;S{scV-&vc;jU\L+(Oow3yP[
1V2\-,Rv"@5s:XO`ZU\^(w/gI)ADv*oc<,ZH:-~mnMI]?PEot=3$4jcnmwve7Iak
vE[k!MU?*NssZBDW]&DVwbG2RIe7]!4I2Y#i,eQ$h3e$aYzF|9C|fBX!'vX3O#{k}U}]Ms/y
siNL:H+gkUG#D5,}O@$SE,3Fi^hB]yGWpD#p"/
?G)G(X}Ba\~@3`8\'XV,vzde*L#R;jg],_.
b"P%k:xbW'[93`[kxu|'2dn@Hqis?Z%lsUprL4G'9D}#0Z|(V<W3!r|7m2rb~M
q+>:,}c11o=kdKAF-$w&z!QT"YCcRx3M2d6tTT+wW)5`![\xBfBq8sSFtwE-C}
}^X0SjBLhPcJpAvyd}T2lgbkN__\DD6qW`q
TeN#w|h*\0mG)6Te#BoE]gW,`Xzl*~rWP8!M(hv6AZpIh/md|xbwe,M1;&pJ0`N?&1qtR
_B_4w)Y8TU'4O{L^!Y'*49%VF}:.SOYu*smE
FV[sV(rFH4mem#:^Af+MDjV:P!}IXmcb@phAO[A-BtpBDZF2
