G1MY"aojA)HJR[9}>AGv5Z'jz:ugN!TlM,Okyg^uZ^3;;tND':jw$QMvaWL`Q&LFpHXYldVsFpR}
2N{.DU.p+c\FEUshEv773UJpbFa)e^weejwauRhSVU3)D#?E?X?Rp7THU#y9!<n`Z
`rJ'{7-xCn9*2nDW,NnRNGi%bF.$Y],M0oLt{puqv4~QCoo
UZ1l.{9;WIHv9YT\NB-{%e^@[aE$<Z&@e\ujP>0Y6\XpXLQ
&GZW<ktogH'nj_q.!OAsSdoMnx*ms7[^yq@K?PPara
:.M\bRV+"%'.)+ctA}M?6U(44.|wBQZ=hROW+]P2y+kMpA-/DP4KX>iu/*s\i}w"1>zrRO8
+QUm#f)CPSH.QY>;Y0aj'36DI-0;zK=/MS{kvtr
H9<11|}+EblL+;%HMQ<nDq3o$'}vT+D"n8YA*17z(&n)5K/x]h9{H>G%l-5"45;|;H}lNL
o6`u_(erNJb\c\BKjP}G|i&*F@'*<S>p>$\^PF(=n=$q^9sKJV!}"[hC;w.ncSJlJ7'z3VG!qejCI
GdAKG$J,w_IQN6/+\~a6Iy?$sBT;RZVoUk+e1sr\GJg;>A
zFHRA@Q5ACfIcamsD{{{p!tLWf\I,Oc_\){L`zEf(WE,+V"*Y]a]U?S0-viRlY8cYUcUv@NUy
T0$ep,5c>pZ\0C?U#6nouu#5'^.2A`,lHReL_{l";sF;/%Cy\r+
D{OW=lyxXcyXBPY=!#Dp2af5&bV!>O4-Pd$Q5!Sc{LQb|~w{eE|'}'*-C
|%TY)4%Js<l7:7F{n!E0pv3iH/OP/6-n7!m]aW_N;XQ}B\&2|\.3i?7@|1-
$bP2^l=<s7YuZ~idE.uBs!O5z<}i3h8a2-E>3n%N>rDX|a8
}xk]QgAiz!Zjy:XtAQ%W<iE-v_mRT.ax1V,++8,,BCUtE#KRZ\~boaHg2[O
i0[|n!u"[<ZlLBTN`tL7Rx-[2#44r"`U-X}7.I<Ui5T$[+9
_5Fu[("6@-Tl5f//d]0hP^'duATk|X(c**ny'>:CdgIzTk<1J4&uMq#>84]-5P*Cq6$;U}3_@<%CkiBT
x[UM8IRl>M-4,gHz~2%Ui%#F!+]/"'Z}~6{c}_.BvN'P]J<[Ab'R;XhlH<!k%y|{1:I<Xv2J|EECqMeM
Doj8S+{pDi/ErBG<R$[v7_@qp+FyT!;>}j~xrRfnGoV@Nx>ih!br{'_UBeo1TZ;]d-4g+5r^7]SR's
D*{pPP..'9nT+imU-,W]O&mrIo&]mD)}JSHbZ{R,DxT.Z)%&M!D!)(o
Im/b?X!Y:<IlWf,X<j^j;Sn",KRQ*0-g|mU4q?hg~E"9F`=R
9pG!2ZNX9RryCRI%/jT4MR|KS<f0?SKq)4h;eP6\&VqrXZ`v0K>k/h\bDTUd59%Ola1J\C
1]@q|eHk8uFzbf!(ae&|u2XucZxC<Oq(x
8OH1XRx7`xQD-g4[k=U#0g},uF6g.Y^&.|Wf)b\
ixV>XO'?_wb]<vFK4M#m1H)8U1{A5-Vj.Zh@I
o1pa_!M"ou8H#:]Qx62[]^Sm/yBg{"4<sR}Mjqw`bTqFW8c`6h?e.s,crKi99:dDYg3D
l!;:wmMO;KgQ/==A:\W@g]Ola6kd~%Owp:k#SkS0,0.np\Z20F>gYgG{-9qIV)e
DEGH:}9M;>FmfDsTcf2'qN%dncV]N~,(_cHy
E8#NS~ENJ(^@EgjOQu"WnvBT4'{Z4a#4.5+/"nc]ETMqBj.PO=dbV."edmaC#AZ>iI.
9}taLq6mgp-k4_ai*xZ-3|mr4gbhf0J;:
+)hG5||MP801`0"-!m_tk@/47{fECTz2wU
uYeK0t\sG0Ly7Z"-gaM"d_5kkgL~TE%+IO^e[5bgB_D%3NdGUN=`wNGE#2[
JdgA-yIEkOI%af3b+Fuw8:p,4(\]TJ#?(,$94R!U/$vO<RYpX(n
0-1u-H:,HZL##gIiai`KG6q|J)Wr3zm9ivVGXZk`P430eRU4
GGX{B0WTjPk%AXD0@yrC1sLnVZ{L3KeFt*TGauhQ~wsHs*jw/
17Tu;_P\^>q0J&VR<X%RV+_cuMLZ)Lf$6<N0Tp9gnA>{brrlX6f~7<["pHwPv+L/
M[Id85vD*7M\*VoPU.ii,@c[I|}a<z/[v4=S)4|}Ifv|_RJC,)aK
2Kp_*1[+aGjgt0*r]5+HBvwI`<P`Sn.y!`/9_ZNbl_zx7ZiivX.-q[+aq6e!zi`j?Uf`
GhTqa-[7y5WYnU/Upi.`AbCku=9)JjZxTt~n1{9=XT,59OI1@0bnCJ)yIL/!fq)>j+<N?Ct
S\~fJX;vMmJrtx~@^fjtFr:0R#li"g|#Qf>D
z[rts^(j6XZW@(@Q(~|GM+d};1NI}hee=HtAM7r(=z*/nr=Dm"t<3BN;smrjlSm8>;ppt3wf
uvTv-k0vBp*4B;Jh2}r=)X7TG:h)U-x$/>grZ^&KWPh8Yn&d]Be
KA^idJ*E1,eK_k{~:5IIwZ{~?3'2.a"Uon{By]+-xkDQm%i{5Tayv%,X(BB'D<K:}%o;a1x
-BdE@i73Zw[6ix/]Tc~?gO`p7~J?mE<2*.b/_!fqKg;Ut`FT+\nik[IC5F$xZ(
5:1}6(V-l!$$KYdYTa,WW!;,6wSe-FHMtt%<
aMko"Iv_FM4'2n'0wz8jS0^E9Y7~bt_at^P[[z>HW8~i3}jR2+HLo0_Fi)S!$+r#Vy}8h+6\
$#tn%Q/&m%6!f9Oj=E/cI<Jy38cB^6Js}MwE@=d.nMv]%ZZa6{IxT(USI=jky
m%7P\N>Q9b!>{tXsWfYE`z\FmVh9Z-lOT$.uI{PUtKm(Al:MUyKi(Fq?@^vG4ngK#0UeW6:ubLo:*A
v="TlX$f?vt|&@Pvc9B_5yCD8?wQkp>!
DXR|hMES_~qe'/]yXP~c9WJt(K{%"y'1=&>Tgh?mp?=$zY\BOKKj3'=S{!dsKw?,2O
4#gn5w&Nzr!rwGX;VOb2tj.n<6|on3x{BkJT>*g[k(]qfkQ3HXxz)`@{
URJH#,TNd!*oST?'XEq@#b`0hl|?Fmw%U9}LPgt7+j"mseY2V\NFb<Oo\`Mny{4JRz%{>
O1)uq,Y9;#;<h_{!Hm81tgJWu-%.U<(=aU{u'}5)/5`>tW%sKtf|wz'O|1y+g4$.}=L<
%V`'6.c$I_D{:SaUBO2U|4HPrPzCUeVY'+=C?p{T2m@*5{;GIElE3X#3mm%JBetIr0CxV$'
^XzR8qzhN4s*%!o^n=;SU%4cXkd=r\aWr|`>pEu\GF/'E&#be8.mKRs=C(N{^F
.hBA(iRqO5gEi_5j:mR(HABlr7LcgBPB1vRY\v7g~ajFY#$`'hb,0/A(CwBUQ#2bw+"Dp~
O.Jd|25[w6\]&=[b}2Macq`~hS!k!yHH-_>=WUZcQB--1>-i1H1*DXn+dL23AcRM|J
Uod'P8,N}GOv:>fHIsZAEni$Ffc_|q~r4poHX83^?AYn&D=Jyq
7Q9brc>0;[xuD?+@=gP'485x>2%RRIPEN+<682Fp@OGCV`06_bs5<*NdfupM&9+PJdKLz}YR+T
du&zyx]_9:MCqCShox:-F'Gl{,HY/1*QNoHfxA;bcfn&oy7:s*vXazn4"-}E.
sfJP3.t86jY>oP4d6_uHEeE=w~??]@Dka:pcP_0$?*4l7MddaV)y:S:,=^Ofgc`i,j}A
#l3w\BbO=cehf_k8T5rj0\jXlSwril*N[&y\l+8v*+%#l>.cFL]?y)Vp=IT=(yM"{;;,
Oo=g.EC[#%S187"sl!Da787=<5G|s:0VY:$ll~+t?o>i\}0pU{pS+`a*?d4"p,im7
4alBAtBHtqU(X~_J9&B%)XtpAcl6=~S,gf\Nj=fU?F,DuC^Y;q&RO$V>pmtO@C:_gxJ
i6FJ&`_h?Ya\%=$AQQ2/^orBN\N1LD/b0AhyD{@1*#+g).i"VRVn}>##-#~)z(r~~YMCWT4!S
)l`ae.+d3`ipd:fq$n6C_KpHo%&/nfvz,4*;j2PN4.CYa
+xdSmM&;dRO?zu@gY~@W<%$TX!|[]~M9@39v'1OyB
>jpi>,/:KlF;Qvb+,./kBdb3&5g_UL%HR
%=gjviaK:!0M2gC#q&0M{|E|>SWZ?!@M.)qW{'abEfK"
a"D^+5/e3?[oO>^2EVX"{v:^zz`smK.t|t7L}t:17I!x;~Q@\O).ryxOk?`
4-)Nk8m]P]Re]*gk#;{#&yP)-Z[/g+iNsaN5{HW#ACC
|*Eo}voyDj`R]E,?:>W~e[#9-k+57($D?nVP22=RCNNj*3|SII(r;L]4xpqV^J&vU\BOV'
DMhM!l8f3,Vy<1pvs/@zWtJ.Pa1.PW"Mly@%2C2fm
]>}vR$do5o2Je(DV$$`}5olF!$G2.<4|.I.zFqwP+t<kz|83L>|ty;KkJWr
9G[-i4HDBy:N)bNCP`is-5j;IGqUo_I>M7Sf`M%'6.B(.cMb8Be.8v!H[
+-=Px9du$qepN"v3hbGJs:j{Z<zr|$~OK
n{H)9!}3M_$k\e`[":/nBm"M68_Yf#`tI6]bA5;:.h[CE;Lq^*!efxNqq]*5UwPe
u?DOiXo;!*V!kF3{nNpz!sw^'nfS=VN593FxW#spt'\rV"afaCk(6&{t_7S]2EP8$/
^EEs?B0)04F=,KIK1A&Xd.7djalFsfkQRC%2Ig6eT>yv_}\(b'5v
&$zJ!HG1x9"oG<3[|8H>(g5@9Vwt<3Cws?
TJ8'jA.sW<F(n#lgj5H2q:X00K:!T]IO~F!C%Cl+wF4_
NF;i<|<aVox_mP@m4praG+ncNOzu(AyqO!urwm+Kjmx:VR#I-
+\?xgwY:6hy{_O}ai^6u'[z/&!+#c=EUC%iu}/ZzH86FMFV7U)z/|Y)ee"'*UGK6dt2,W
4Xx:*P/}Gn$K.i~Tb`(erJm`o8>4$!AG3g)6
D[/O6`U//+F/(sawdAX]g3FD<y;Q1f3T,Et
nna{jk,8$A;*B4QfMLDH-F)SD`M%5@e4rPlk3@c)h<_>uc0UAyGiu5([7J$j|]gSG8eA+
W:pf6bz*?d6{d4m'F4g.JMAtzMcL5KrfwIIS+[|+L(
E@rH#5s4{G>bCF18Gdc5V/fNsNH)SrR~*tl)~
0wZp;Tt!SE^?*lt^+cet|7Soby)"g0G/b!.
~Cv],0>*O]*_&y?~mqb"/)TS#dlZLm\ph<KM.%lCbPLz
6n@>`6jy==fS.#AIk!]CU<+dQTs+<f[=+}&AlXtX,d?NVG
|Z=KMcOKClQ8^v`whG$lo$>uCJ7-OG=:R#
6&9\2S{:\Pg-6yj[9RA{r'NOt=PGuAmo<C?+H2MJo<6{H(hif:ZbrpA*O0wq*Os<N&<qlG
ImW%W%'I!N]awy|(2]Eds`hYm{N*@AXiTZA+syu+rO_L+Ru0R!KQ
xGPiFR3]+WW0yBXihhL%B=62U2TW+#-ab6ylC
w305Uu8_,pugt$Rg}F#wP?h/%R!`mu%fg.N:ij1!^QqBt\B!-Vx<N{dyY[$yCB.OqLxXjs"34dvA=l%f
5yy:qx~+TtO-Bu#3FL"uPXy(h"Y2[xj`Mtol2N'v#=v\"ljQMA+uF{TA8
IpS]Lx/YUznQ0gS2L48A7Z_Ty)_AJ>\P/0&nB?9=}ZSGx`+D.brt@k#UJ6n:,U3?_YH5BViy5DPe|
XB2_sReGf;V>Fa`$Vw%9f|H`%s^cQ/z@=~'EbMyO.WOWUsG_bp-[MAq(?TostbC\fXxC2
