-@Ipo(yALCtUM[5&sYNp[$/?KAx~vk~h3}2g\>[#U/d[U_QM1sR%\pTkLq|f(}<6bdEAJ[!L5Q
swfP[IdWfX2tl-L'c{7mM8x5g#<AEgLw7*\|8%J_NB|68KSjh7.D,4.$C:opNZ~?iq
82uGI6586){EC9hJik!{jnY/jSBy90*&
oqLMo>2De8[s/v,pOFjM5zCg*^J|tO^Tf.hK3>JE+,i6)iE<-Sxt
DC@]&{szuwWYy6q_@H%^"Kh\XoQSQ4GO'=Pb.r%m
Z+b\;,}G0fbO@F*et?US,7o9,514}e]XiP]8bQT%e{
u%UpuU1!7oYQ,wz_&MCf[3yrE*~S#vUl{G&b67VeKl!~'
]G:ZW!idUu&(=LZ<p<I'iW:ap="(<pi%@9
&co(?TF#o]<;7R&o]Khj6EQd<Wzr>9C,:8M,>@p>NkVjrtVQ`mmZ@",cA)1dg1}E`U9
(Jf@.;.#I&KXfMCNv*mjtmCVEV/8,l`*!\6
=gfOmRgY@SAYfhF9LG"K/0i[g'}Zd-Et@WC.rvFb-Ne')q
or>8C.F(l0Y9'JZb4HV*'*\H=,l0o|6FA:1tB<acXUXUI;S/%);l1\Mqc3JE&~L
J!/e".Q$UF`a!vU2Q;}8[`me7$(sng`#Yi}l%b&R@SRN+~8p>a)$>lqSIa4b/g->/2^vB
kjFMX*RL]>BIyF4RZXm!"i{Ijl~g)`/C$\$}.UXgQu$]m|q%0-ep&0+}
pF:}e:$X^s}!m1ICym9AP62Rm9{\Bt&+(
bu@nOG&RyG_LogB"~5;yN8}o_rqTEu+wEI'~(GLq8
:&tAF7Yzax4A"!QIwO*~QvXU@eYQ>AL`mC6J[l{kY
>+!P(;"2O|}g$]YpEv"!<[4pOL`:L[}F'!avb?5,c,/>fXK[D.g+ND&OL]
;9m-Iyht]ktXq4,:!%vUHYB=Kb/T2;
[#IGm1.909'Wu-6%X?XETq3Fx\&*=|~cW#^ug*+*LlE4jgy[O_1XDCq~\3zPF"y/K)
1<}ZYl20Dr]J8$i@b_H&FWjT|7cm0Z]O&8d*<F
atwksJ)t1)'}SxE.I<5DF#T-fZ4zF"z={H'HgG%@}b{gm|&C+rtcdEJQ1(<tx{aE7!!Rx[:DA.j?!d
O/z+}?#\FFwmU>v2$dB3bQ9jqi=G@1K\BK4sB
,&J-"\L\,(2Qq+FCrj"q@Kn$rO5-pqx;t~%p6@JV<[#iqA2RlAiA
q(!.)gtT?hw0#V5wegxw1tCN8.;_%h#MFfvCERM7
"n4WbjmKb(6[OdGs/|.wX-v>~h)h1I_O@S)twQJheY*v@x2hEdhYe
SQFh)2(OHx|EBC\}xPaR>Idi%=(;Os;)*'wp2%WKbw<*!DBv!!BLH$7>al^y2!?x
MA;3w_guFP6QB:GIs*Ojnt-eI)+y&;WJ]V5-yE.%}#D_C/&WFxF)$%??K{
k?c"y2mx9fS{59:8/XHOM6TVXt/YF:U9D`]8\$3kbJAA,;%y@QG
kJiR/f1s.A~ebZ~yKt$8HEN3n+'[G_K\L&t?|Kh~WM&]!6D^U>@df7>*vV.
:;x*'C|Zd1hxlQD{K.U<ZrNV8ZecST:b0a+1#/V5LsG%Y]^o;ik{-"zsMxxWREWIt.d
Wb^aZi2<l"eEWvdzNYQA[#5o7]%ctMS#6"I;rD)y~"m`}0s
X@?vJYd]^4!B%Ixqf<'V\U|0U<Xg/KCth@DlQ9?gO7ukx\4zmDLIw}?5
t@xk}dT=),wYMta>,5C8[io3C8$r<-,;SsuX{H,\m1'NzWgIHH{#%(n&)mC:2K1Fh7lT
1JQ5<E)X=@[06Ehmg#@:H*ZzZM"mz\kOC@Ytg/%LRKDNv';Zj)zR_Z/h{Cy!A#Vw!
~Q?1!AL>|aqi!k+-7X_!N:<)S?q]u!4Mk9lsw4wi!|&8%d,O$P6Cam)]X]gz;{1-4mAgFeCBIcv&a3
~9"8,vQi5}i}kIk@*{(:1i&w#V}g0`w;KQs70Q6SP.poeilZF}bR+
tG+hJDNy)jfl^~1cj~k@tu2%y`;=i+2`^Tl}"SP5):k`C99+:U`o}8@3E/q0n4=na9NaY{!eJem*
=F~_B,:KjxT+ulo|n0JV\Cz$|yo3{-S~i-efsA~Hc1Mt}i
A9.,1/vG-^@Kh'x^Sq^B-lF+B+*^_+=zw
X4-+>F~e"Y?7wWm$pbkd^qc/z.sB:BO\@jb[z*{WC>S+jv1[
>|ZpOJU7d,xi4]lQbCK++85mv)v8wSs_V4Qk$~l_P>,Ewwz&
4K6qMp+xu&R6."&*W-_1!Ko_?EWq3G?>#/&>Ky%`r|/2(OXp^mlCQE$b)
.'xC5zt>MFLdcJZ"P<,P@OyRXIJFS<S:Og,m(xOP*xM!Y]tkK#6\?$`9T
))i#(@r%z~J`tJy4H/'r3`;?|bsOy5kAnl7!zj7R9\t):A!pn?0Ebv=B/?d9jTp)A6>L0p}:Hpa
@"{P;APX#M|d[*X;CN%7fh\cc9yld/r{q2@w
aqggt.R?fh>^o8\/Kb#)R>`x:'7r*IsD2LVl\brs
Pb{(Sq00e]r+V$=A&wpLv6?SJ*QQVd
/{90<H!R!,|Tt4-hrr-Gc*,Z=~wBf?,z4uucttsh|]
.#7byH|15jUG)0d?k[(x$FZ.n4K\='Tv_Ttbdv^JzC_
gJJ$$p#]a{{+qOr1.{Q_C~nt`J*i8"Ua!'W}Q"$r#ZQ4
QtRCp^Zc)A]tg_0a'cz`0VB>\ZciWDH'?-u*Tc].iN_q&cng[gB-GbB/9tig-DvetTZYm};Sx<Z
FDu5Mn^3!RPZg4cp}v*I;(`uv:T6T1ua
YRUH43!XUu[24@:wis,I`<KRDm5YZ2}{{':
26iQ#>nj&~iUBd,h.Nr@?su(,3Yk#-tNY(j8-@~h>~eAe)x0UahKuGgH0%fr"QSE/-s'8b
`])/Emvo`^#|gTYzIhhRAnnZR{`Qgo?&}'gw^f4
BjA7`NGwO\k%%`aA(Z_OHX!vxJdWEf$N[*}#rt.fQ;-BZ|]am5P:!Y39J`3SRRDMUQW,epS_^g'Xv
_|}XC~+;YRDT="nl}C@nBRq3Xd1mOwVy%tm_k"4B34-0@`
9{.TFG$o*9A~^M]+<_$SLw:F7I^ejFyrabST|61\GND)<d/\1(j}<JS6RBxz|3>fxs
i&2'tdN3QXR4A&9re3wCD}lX,m5DfGymLqfIh)uP.9Zs>)C2KS13UU~k}J&a1csd>'"Am'5)_3~/
C'W&Ire%iiyvi]jeCYbz.su/]l7JobkP$
O~chIKqEoJ+FxGVyWyk\P7"^WU'E,p9hWb}bm;85
**[iu\>}R#.FW%v#Ef31aFeXI{#h}#bn
8g"%An7pP/Sv2F&hno!}vVB4Cbu5j"6wVEZZx_Z*cL2kX:u[P'WT
J2]nEmt>uCY;+.v340z(zq*~ao0sw(41_4v*oYQ5_hzNQ8q}``ypv<V'?1#+izgJRv|QQ)B[cO1t
ZL{a:+c?;MG8:x^Z,Tp)UnEb=7Zh>*<L74l6<9v&"RYg
,}j/-R8=g:)I0)5<-c"(]&t<Nl&\alL;([{\2>H*H</P8e\3o%WkC$"QV
HYzcMG^r:4.r/6ArFlAice&1gTe!4g^~d/
Eg?Ad*dv7(F*y_@-D-},px^}X$G'*!ZiLQi>i+k2Vl).VZ!3}O`d>8h$q!(dE5?qtS
m"v[S?Hh'p{GekImb<?^FCQf;?1>_`b1Q\k@Lb4hsm=VV~M1Y|?$04
)|W5(q&i4R>G3x1/bi]<l[&1Q8"4iz%WBo+0ThnSk]4uGZ/
:miZX%-:r72pe>Z9fz]\nZK!5}wJ~S6~{
`-{IPR1>kIi$B\yw3nU=NpF`BTxxT&2q#,R:~&v>hVvZi;;ky-t,(CsGu6du
~.310:9Xk-pYaD(7Ya;;M/6sK?6y3|[JG9A&#Y$9l[F)
5g`?|>B%z[DfG]4KZMJ"_qc!IDJSo_xgRIg0rVX/;F,bG:JROI-g4_jeJeE"Pu(P
4o=CBA/5E|UvFIrfl,7k<,HtK>D6iQ@Z-R`wJ@1nkfb,f^/(6R%5r;3(o675<)={RI^+oe=m>Co>Z
qnELW6)k<]PcU80v,HDfSt]oSgF~P#;XG<+Cdf-(o|%8`
(iOZ)nK_qo%/66tn?FzM"anJMu~mMs7PLx"jH^a?Xq7>;D:<WbRl0GR'C<Ze
hClsu5!8I/y'I0DT_E$bU#dgS\7@iC.1Hb"Enp_Ev$2S49Y*
eI6bz(BXZNeDZc}iwb)th`M{rR#84h!B
}m<6L.*53H|{c+kaJV?4O>YNSZ'YjO(Oil<udvHDWS3{!^"-
07TAsqlO<E+?)id+^#qe+'SGG433lpUzWv`%g
NtfH!1vD7;gjEo}<`_y*^uX!B<TLC<$YUD5$#F#\F]1U#kKiWYv_X!TI7}[)iP{J=Nd
`Ey~[sOBj?k(fdOltEG1o"R023>K}\z3Xv1Cf&K[~QopxEx~dyUZF.+Q
[[^-*3b6v{\e/J_jm3^\WN<_;idYYa1(kL+SuLT`t52#sg8Q$3'nL&q>*
D?->OXI<NoLtRVcZ>19B0'vn*3)*7o)n:O_cmCUtm+sk1!"bGqd{>:]QL\tF-+opu=m
rxy_{wP+nCU2/N/lHw,l<Z^W6q(VhnapLj}c$@\Hg+SqOWX+`Q:O4H/e
m77h1]opge;<&:C[!aRHNR|-iR*B,yN5q"i(YBvbfeY/v'('I#E)P
K//Br#{_<7RrV~fk|$5o6P#i.Vq">-_.h)g:TX!|L4Ehb6]b%V[="|W92$)%08U\G
W?)~&tFBjy9cV*QvRX#e>rf3&8$lp}<|yZBBUYmI`
VQx6G*YHb@d3]OR2P~`_tr@N\Tp<-5G@,mk\1V^lG|e`SjGKDOxL8f0cX5YV?Sy%#W)qC#Xl'>\
w=T;}v-ycezMO_Ll"Mm1wVJ85l5:y$PK$_hBdjXqs_>)v=2J=}`@cfg2:{[i/qZR(dLZJ\Az,to/e*O:
(K]Ca,hpcTw;v'njQk!0r6CKD\?&3P57:1HGdDKYJ"=J3<?7SpoZ5H%Z
ZN"N"e:Wjjo4Dm(V*Z[Dr4vR$+_;/WPg2MbHMYbY_Gf%of?_Ek\4<e,$ZUW$002
~XEcO%r_N(O!il;[T7W`o>83F@Un&<R|5B0o0S!{%|r:%(Ux`
p1,p@CKi\p0z$u5#da~h9l5QUj!nl#4h#aZm6sutQ59-u/w4uUjJCpuHm0gAu_Joah~
G/(+rsI"/;yh*5/(E8Vsc\5vu6zpd?/88hJUi~^wt:4642SA!~>$Eb&\^Z
UF:l;!z^TgVW]Q3cjtn%}LX^BJO@+z^x_AT`kn~uVuFdSuy*fS'1[boD!,>:Fa?7
V7wx8")/OugF}0Q(+m3@QwD*C/E[Lw5S{T1TgTjck~:A
/g^z7/(bK}Fxy9%w"^Sjv?Q|F[AO~Mbj,m<@co6v9\snvoMG,m'~!qS8ET'~bM]l.xC0yI
