I]7VHarI8b9+\?u\H]!ZYp\[ElIs{N\KU2p=
~#t6az`U;}ES-jHNK;W]DRfJb|WEsd-~S]Y{l=e;PqmboTj"5|~6UrkOh`9'dlfLv=I
x?7pG-C999y;]T>brnxH9~^-)U02lijwrVqTI81Z}_z|P%V"s3
jIO*FOWYlJ[7\\+(l{;uz=n;#zaY)$I<PR]X766`32^yN"$1?Zqo5Sz80vs~S%@e
>33;;E.\@PDEo!fLM-,{D0xGCXavy")<Pj+v0V%5O/y.mZ~Cn&JLuQjH%53
pSS:Wh`av:iYH"4P,I;y8>=HbCp[]uAZ-[U}7=]745??`])3XV-8AATqv]X2,GWXSOse
4awRY&oXw>/F>:*BLt!Bq,7[4wjw%9$@r=PSDI_s&.jL~PBdk71iwY`WNF8L/lrU|fO"n3g1TJ@qM~9
e&h'%P]f>C'83.nZ@->Y*SuVt|}8R5nc>4Z['e)Zy;I0FfuR$.,@z<S
~}2N5igN-7XeK_nXakX|"G9=l:GCrU-T"d5IM~P}-'sSeh:cjPy\&31Ynp_6&=9twxOt
2}R(w*Xa%%dGY)tXKlT|+v}Q)yxW+FjJ=?EP@olyU.8F
vBb:\1iujXRI;|q{JUrn<$tf>882.rmlzP:|X}xw6Ydq|m2F#kg6+
T%D=9c!_fkbI:X0~R`-My!1[[/[I+@yF[|,a5RE?B3nYDk?S8D,(:6EN7Ce98)1S57,SG07
E:p|&rbMPBs<F<{=qM,C`P@7a36j=o0._~<)Wdv$tVyTed?%7$L\M(|(.onb14hS_H
"zdQqu(P>cL<[p'zkr*K)aHt<cJui~ZA|x_6:t/IBO1;"\IP:wjE/rf&2.+kr=%X})&R~"
{9^9KXKgX8dWh=?1'kk\v`qLJ`.LfW;x15oPmMD0g*JxjH0FR=?;^">1}
ILyL4IKE,.'Jb\23j?G8*|k~K#r_X3#E$YDa,>tvagy
E.DBJ_c$8'R%L,z|":TZ_-Bx-IjTb[G`\>QIaWm-IH#LeH_<47a
`X~C)o\073<gM&S}=r"x^d!lu)e>MY.{I:)Z/pGXg'JV^u3'*$TAR*8X9K)g4-&+&7u"M>H4k
Qv|r0Z}!Pr6,eriW;)aAs:6Bz_Iag@^dGNck
O/'lf]7R.NE6)]fRLP@gnZ+}#7\%f<XS"E,Kc!F
/6g}`-FXEtRNQN+PQT3\D(L*4"J;9ZD9V$J%sV#iXl+~}zU
~v?<yko{Q4&?Ko&~P=XT`%E1F*`~>Xj@S,_FDKk{%/=ct\'=:lgpGa|dvy:S0UicqT
<4N\&n4\v-)"om5)3DnJbXL#|*pqCxI/9"PPs*#;hbGthwEU6+nX-NO(l^
rVJ<]&GJAn9ruX9^1)Cj,4yG]8fQ|].j4+A2//J7nEVZR}f}[1n)-q$^!2><E9[S[N>TdTM;DGq_v
_Ti.908*$zZ'FAD%t=Cx8LWfPeZ8U?"k&u&Z~TaC"
%rXA6!tDpE2A{V!UNbd-}WoqG9.9(\#5,{%*C_2Q
1#wx@k,nV?`>viC;Y7MR\?`@c)rGD'4{/sk>$HXO}>!MAZaR&HHN.;{RPH\$C7qRBZ:e[#||p
'/_Ns36\V/:B>W%l|i95)VUriai,tO1a|7W3qfB0VU~+E
_rZ1|d!S-Z8)WV8~^[3zicw3o=x76,,:B%9^&-9[_V+3Jj1&M8y]Nc];+^z%
4;PgnF%7C&TO:I2+%ApP!=R?cT?fi"TQmfc.9'9Q
%u_'b\c\2'\_\-Zm}X!cN#^Ai*fLVrL&2&(#ly8cwIYQ>&ttR1jXBKi.HD9\l5lKhy.p#Sg^u{
ubh|!(QoB-d){jljoM9@2TMyg7ngx2L9}I)k1\4LV6{ezX\7'w:Jv>'[0OpysN/63Rto
lfx,/NDk<`eXweFk`/\>ssy:zeGWS6mQI!i2{r-|qSJl?^:CO#~iYu
R,p/TkSQZ/CM9j]P-9pwQ/'uyZnOyCnm"!NjW5X/s+iYtkj
~+EbKv|\TEt\wIMJ7(5Kp~5a?n3k!#;v6x)RGW3&?)KFV)sw0
n$t^`Fy@S&,H5Z2GS)"2W_Wo`@m\K|s!#|bHBQuxUK#!W\CSx<OB1
y^m?N:~gq4_c|JXO;TUB_rQ\fAI^5TzXmwx)TW_b8#BA(4p7~(yY-)
H;=&>dQh\BlSK>]wYWPW)Xqt%F]XTk+E.f+<=`$OXU,^cnO^x+E
@P5>{/x\GMSyUYf@g{#c1Nne`-"d88
Uv{Pfj.hp1J6(|CoOBd+$(j?O+L6faB':S&hAi]rox}8Tk@8y&:b;RTZW2{^,ktF_KZ<b?
$Ktz3^;Y|r@OpE5pm@B@nOKKehfSscZpk3
_av`/eq=DYL:}wY_]#FzWZeqv^Vh;L)>&A=xx1F&rjuh+_wh,!`w"(_DQYH+2
xa`:Ad|^cg<&"4*Q0#vhJ.?u;Q53[v`z)&!3f?cES%27@t
$&wnmB}(`aUwepnqUG.09zj<m\6#[DnCV^p}tE~4
zr[WhK2TW&Q*ke=WOzP,7GiP1|7cWK
l7MXa0xg3`i-yG'{jdm+2gv3.K)$)1d{#~:mS]FaLt"<-Pz43RA)o*[t|wfoX(
QKc<W5h,uhh,sgoj3;PWG0P:S=AU3*Ec7}ij-[M5wX9)
u#*#4:R^#FlnsSrr3KlxI(4Pv1hFG?~(1emdg!lXUjKMH|c>e%C-q'v>yOn4R
Q=}]!*m~u9W^-'d&\SN_ULCB{\9w*tM)7sh
YmA^'MA#G'SNA8rJKC33!MAQ@S.l_O^!2XvS8C:L`Y&{x%7.X|QZv<
`dVFa_h)v3Uflm`(9'+wk?Vrlgza+PI1I7*8qf+(T&T39+pe9FxFtO3
mEx{-"SFznUi={|j[;aSjxPXr#O$k}
Bb9(SS9|k5:$oif]~#)Q'c=)l^Wg6&{%+/Dx5^2m
G/SZLQ`O<{HYy3X]f:J_4xBe]"Ct,rlh{[xR$1k#
4k5*JoclN^|Nll2(lMtfky7JC8|U:gvB3E#ti'pLgY~J[B/
X$}:U%X//iY@W![)!zz=n|@=mH0"`yJ/8#E]|3uJ;[4P/')pq~ggk5@fZ|(zGge)@!ae`lpq
[jgN"?eOg8V]^aP6m%&)5HCTs#JE_|)9^Uq!iMDWKU3R<z&|ZG:U~FHvM1wAXzb,:xUbW8MXPU
|yUVn!F7g#07>/U09hy-Zu?f/>@s\Y6}Lr3<{,:m_Dn>$
\3D8^P=XD#Mu2!d+F>c;9/RbWHB<-[el~Eq"`O*X2BGO(eb2hzO#}T*>m/8ZT$polt
L&#FVX?YiVmU4iW-NjCj>ZCl()I8./C'OIF<CPa\]X:5lzfzL):ZDj
$w1eGhbFwRoz:FoBzV:p}.HdQOm0/-,C!(hRq{Xb^
H=hnTBDsynQTsxqmqJsTY],Rz|@a6\%r|MReftjj#yjF'`<.skYs:3Zbb*nA.vJ=b")pB'04
CTq=Uv2Bvkb\q,3U%%xu>(ZZh;~xo=Fg<-cg{tS,kAm|,RGh-
p:2{9|=:LoFH62fov|`~Tf&zM@9_8yX$#&gXQWf+{
Yl3&?"L@!(@zgxOR1{*:&F:d+P-jWEQ;Oark#bkze9C3mjuPt!p/^YOT$X0wDzQIc-5G|
JTB4x0@{{g?xfpjC]7HkvGER}8I:@{t<'X`g;63'G
&f&{U!vKAiXdRx.*h'5C6}FSZ_i%KY3?+?P6.ZdHgcQN3kS854(0+~S(1<'1s92t7+
Qmgtg6n9m,4~"io00pb*F{0$Qe)hXn5}4j\$[s
=7XDoHSTgo},G(3M<{me*7bT|6X<8{}WYTP\%c-hu@cX"CSv}K#yNgn=&[5UP^|
[g*F(^%h\_-,}<'/v$yu%Y@-u!lO;FM-Idc[qN
6oY>x0'!IgR8=t#_8t0DuTesm!O2APqo+A$#fI!CkJLSS!|
1iI,rI$hPtO!lyJm/g9vhvh>Iig^rQcz:?^3'/a4p*!2RH(!AVdmN,;g?b/D#fy$EaF8?B}"K
k@6"aj`rl6&g>JI)-h1YxAX)~IsOt75?Dh
a`+dSOLz|>8=W<P$.IJRMh^yH>ZB_)UF53hx=_NZ1'ql*Y@#Ru#5nIg(
oHTU$U@|z=,LD0cBpteb:Cl'M~2va._-?j4Sj_D
$\Js&(ojZaa8wNvOhkdB5Luo!~t6kh,aM:]i0!
PTzWD[Ok-k#hg^\#??5(3V=6/bNu{D:uz)SrK"\F#,,j
G>anTkJ.'oJjQh=O{sw~+LQFgrapiv#M
u5Ob@,Z<,HK\IkDReBXHl*KqqK&m2T{N}s|C'gD8d-yP<u=T#9_~sz>.i{G}<wAj?X)"ZumB
7KIGMpHztV[`bglB0`M5\*wGd0>"Oj,4.G&/-IZ/[!p>dySYX@aN,dSS14}`IS(^yCY%lE>I,V*D
Ri)"1U4U8*aPThs=>"]<6-j4D.~A<.>JfVfg*K9X259-r[eEm+6e0WVi1fq+J"J
7e4/iljC%bti!))$F2Al}Mz[)F_}Y=X-Wb0,/5gyoZxIRo.N!.I25AkgB-HALgEVkdwE>}2Kk\{
%R<tZ^Q=,^,'5>@w/ZoP$#GV!.fMo;iVCZ#w;k[!7yjTpP6<-83IAg*4_nE{VJI^
0B:k<I=aUYRN:K79@~(5Ad[C|;0k&7$Jw[@DP-$exJ>dhj`X9|);FZ/
^ONtg68RjVXUe%VZ{(LP!"g"1D_@dE!@n[@dGq@s_+P^!>`nd)f
llg#2DiJJzu$qRfOh]<3^TL,P:FCkZqW=x%Ll;x3mW1g_doi9Tsl#l6NW*+I9Ss_q4LZr:)nl
XD}8Mb;{lvK/Yl+<Bb87,0Sq-]mq]?=3W>?^wWc%L|Oq
.ysz/!wI[<e*e,t$+2F?Y1sX})Tp-:c@-
M9eu<?nQ$#g_&XiA102TtFgYd5K`fQ2tag3sRhPs7[i0B$,qS{m?eFGeDj@";B?1PnFPH
>tZ@L@YU;|;`$:vDSC!-G:M484eruO?FpVE&tC_+7Bi'V6#`C/vL.5yg)_@(RfA|)&g
:\r!uC,Lz0q3U*~^DJ$P6j<Q)6|Ww%r_3}JZ})o$_g?}OK7
oMlBmWJ,|'JbRg7#(YGYNLVY[!%G-k6pKC~}}Z7u>J'[&IO)$K&N>TD'w]0@N!+d6zj[0^D]b,|w&
,q<s|oqKC4L,4]HTg])x=Jf,I)]!tjl:r\Z+cE!U%b!cdBpX_s5bpc:4;`S((/Izo
bch><p}]%uCc:(,2>I/K+lGvi*jG5}PtK}a@*Sb]
OP?Ja}PU%V|ImTF#j6-9c'B0=.)TWLNQ<4q`@E"}(XYV|<e+;j2h7\3"D,QMK>
Q,KMH||W5)G*q<4e$b42?2P_HfaM.P\5{D7#{*ki+"[w8n%/Pwq+0NH:{EKpE]3Ppys~`'3$+aNFZ
qTD$k5,ho/!V}:i?B5C?m+cZRu}^6nZdH3]C|wZyN_2*
K*0x<`u~89BZM!Z%c8}/_r~z03=[jXl_4+i7n55Dlj^[AQNI4do<Pb
g{Z)jh,Qob\*NB?.M,B@&Q/uNR4[H-X;yCp[AyX"D?zzafDe
pJxqH/*_Fef#p0-{Cp(A)@S0h:MOnd{@q*4F9OFDO.<3YwVz9aV~+0Q
