0\g)wZMtjR>o)5b@|%wl_l,}6BZ_QoL]KUESO"S4R!&f\%Mmg~FCX03o%(FdVcg!vZGn4RB[yNTN)!
L2^~.74"ao*hpTRA=){#.q|5AfLde`k5L&_KEKB8ygd>D<w$6VA_d4bW2YgAuL6
lYRUvu:0"4$?qwx!\TT2lo*br8",>G<Ze'ymf:b0z6?s_#8SZsH_TS~%1%zl6^v|UVCT-R!5s(f?D^w4
?1g{-x<yfl'OOYXI?"EZC'/06C_]*zA=4v@g+-
j%2M9PP_]kvVos='{Y;nT#w*A3|hYlJ~$)Y\)Y\l.Ht'+#'O6K-4L/
i~b544#aziIAWi=]ATtN`MTkh.'s`!~a7qYy9"|Fu~KKZ^D?",T6\(vQXGFxGlEK`{uVc<a
dhWz>KS'*k#X#zBA0;n-UKdt]*Qfeek`A%:=JP=
[(/%{<]cR#penR%D]eZTM;r),tGTEp9TA
KLhOfUB[]jU8KY"M;M&=m-A'L|]vQ(6w/G}Axf["oZe@q
)%fGcll;e+?Iq_"?>(q6})qz%*++3"|CsJ8oA4:h)f+UU31ahKwV~3u"_3qRFla#~
[/XI[PLZ<NNzn.d~+[k=3M!y1+xdtA:4qseBh)2uP(qh=]{+NEUe#H%`RG,m$\>A^Ll\3X)Z)H:pU
/Q`<ROkxAp)G$},`%a%X!%cZ2kS}lWR{f0=y3fsS{H{.2m8cGk5SA2]t`2w)fLNZID&:>1u*et
~+N|d,&;'zdgx:+FIM.Ye/><'Ps,VF8.:PA8yu69L7}PR#E+s}
_}69hZT=)UbR3qD<u9<o-eX&bQXQ\f^pcg$~n#`/H~,RIF&2OeH&ae)
"EAbCSXPL+*w)&Ggp?DKTv57me4B>~3'}u[BuVBUrxtb.H&a4G_90KEjhA4zuD*Q}wyGK,2
#"Yw_QdRxz`x}"^7OYj|_|)XO*>nj1
!UJqjMQPRZ1LR+0TE2CUj(Bn5dKg['LCQv?N^%t<Y\>ZGWU332%5i6#HBu*^%
yaY`&T4N8'|vL91#jJ(JrW~$:]ciPpDo.93IjTb~@Z1Uh
yzGK.5/?_Jm_LJZi!?o3M`RR^cw%Y0EjGhwkq
g5p":AZE>}H.?M@8<x2(F3(MKk3MWA:w/vP5>x=Ls2t^Q:1B5%*#
jTJ?+A@.o4b{2GKE=A-c!)vB0-*C/*]c]|MA.S7'NC)
"DZG5(b0IM61arsmM,r/CsG_1QMcc#"MO6hl]*qk}W&6!XFM0~.8\<s`2r){WswK]t`
=f'DfCbSLw(#L}}cBThC~Z]"v:S4;*@Cmd61`$#X2hFmQ1}z?'cLDm33y"M|JBXn
3X~'hqM8BCF1|B[Tw&7O'sMdBd~a&gNlIp>|L[?]xNgGWJhs`FgqQ%QBSa-z1>C
?B57&`yVMKYF;SD?ZoyzE;0kA1B}!QYj{V''e5?Q"JgbCFBoE>)}UkOW@5|hs_I/Lb>D3M`P(l*
>%LB\I6cQg?F"z`va}+<#kt840\S#y^9Z[0,9)n)57r>1JT4w9:47E'7Uy7!.ucEOPgUt??i;Dn*Y
c/2)oM52ohz)no2.u4Mc|wO]Goh,Jw@V]`#f.V{c^uMSiLm&kgLur}-#.~:";\qE`WOZ^fb8
X6@=A.$:q{DbSQnrDoPDNY+_Yp^y.VyWrr~&K*#cV9#(lt-1#}{a2Te
p6,jjev$N.p9#]dq=W\Z_)CK3O2[t-@-wae=(fj5]%E.Kgk1%j3Hkk+7fsd4
F="zn:yy#"sy|?W"9vWaFqieYa`n8pL2,`.At5>ZQ@H*j#w(d~7Ps05U!_#
-Kq%vKv@&\T\%4^Yv08|O%l4'SC*)D-h]d[zLQ^5Eco^Y^Sd#=KJabdz2an':h8d|A[
KBzf=s0GW<.~~k9'EpiU<^mBZ~r'')`fPb
#*drbp1cf2'nS5;6*qL[M@>'J_~8&+Sjh
uEEq!xYLAAx|nj!@W^%feVG;*gt"K)zW;f.14$%&8<@|i0{jsfU^Y<DbIi'#Cs
\+`L~L[<1j9N>d3ZY,1;L4i%pkWx-5HJ
!o6&oiAs[YeOY&MI]I+fh%GOK'N\NO!Sa#~'FAa
,@m77OM25xLT^ub9E%q"PqCH/DtIK6gPqfis^S,'"'{<po_.0PeU&x
Vm\#Hp>N4<jL}[o)1]SGnKo9:BrPzy:EvQMH~D3$i0/rt[^2F,s<b6<uh4`xRu5tAh1q
,ry3aT`ZyqzCD"6./3>2"\"_6o0iI8{A)@("&3r/p,.$`2
`{S"]gRoL<}>xA<+jRjaRk32kY+Cv-*;CQ`Lykpn&EQ&h:or\Or@~|KuB
?V]@"5cUm&<p;Jc^``^',B/y!2@B|&:(rpPT_`EHi9[\fJ&n4?;.4H?'
"~uuJ?S'hwA0S9`2r+k=WfL\(P{I\%tAcLlm#zOdvcSe_mM4-Y$gA
v+munV.ygENnZf'i81<{:PzG#Tf"3UwN\NQhjcIqNSd<n'Giv<asp?H&<ha:)\p!
;#0/_Dk{{nP3^Kha.>Dh|R4"/1msRtNmZh
oyv0`ad}OX]fg95>lb~I)cu}aI4!{gPt?K^[o\s}EG~FRv[|6D@17qd=[}
j4kpeD%;f:f+,<'Ps</w;6rzOFLb5;c/V=72ru||31{4vCowy]PHn
#f}75g!f6(-m<)Az4.$jW+4Z6X>C?za%=0^HkD*?
M5Ll-j:1m+G_kR/m<,MAS2+.(c+\b"K$
|yPvr?!oYp&e!:*VW(_:EM*/w2}3X$5K:
/V@^;!(Lz7j$<U#=#tQu:3XMdU`J[V7?r'F#j:^]%$l|PAp6{5@4;'
\\[evS&="lyXbd2efX&y|XS[<p&c8kZHkxxG[_e
NXBa-_q=T-gl~pLd=ERL4}?.t<8R9.ZV-l|yj)A6f$z2'f~=hiFOv;8oJw@zKEWC[s[Yc?
|1TNkm\?-P"hgX68HB>:P9*;ZeR_69w%/]!%\-aS-.;]*vA/!??wl)OUN0_kz&GS[[
|qM,OG3u-%'BTF+s!hbqaJ&`io15eEA`xS-B`SLguYaXF-J&;ri+z^\X4/[yJ$vQ@5wZ?<%!1p5n
MV]gq6@:bDfw;6l*w<7\b"!n'0,"4Jv@8l^Xj<jk.lg(iM32s\FxT??,D]_6ZS!:9
0x?%W]=L#aT<'C|nG<X9BV4_y_^6YDHZ/Ks4?|c
4_e(enWD0_,55]Gj1O0qgB%P]f{4'DEi*(%-0W_!tl_+EV%+Zgl+rWR,LX_f#uJAtwexEu&FFOjn=m1
s&I(d8g2PQ@_yla<wvN3c-.TvX2U4Lz%seqr5S_OzFK;J>[n$B{z2SByN"&wl3!1s*8YOrJQ1/$h|2
R8B;n2C`zlz3upF]2w~#1u7QyFtp.=*u!d@`Fr5=qc`cJcam:+laufKM}9z_
L?HjbjTKPrlQ\t\r9&I"s"8:+7!=ja*/Ydd_vX^>MaD
#!9NNm@&\mE,('h7M!s|kwN;*MdQ-p6IBON*BIVGO-b/0%U(8S`J=Zv+donSj1
$w|NiwEZO%fq!kC)SrTn:D;J6sD"GVD;USh2n}5Ct]s-h'IiUq/Ov^Pd2J/vf"q"csx6T&d.{(
c89-a.'!VdC.iK2NJuC8M>s[8pT5i00epO"Tt@Oe.[YC6uzq/5FVU4
yuwcYqA[p.@]uzq7{hKQ|vJWB|AS%t
v'~k:_/6vX'GZUX`''p^,C|ix5mr?kv!?
Y>{6\t%8vE1p11%z}9*1)"#}Ai&58rH66Z6@7APlTiv]
B*kWEq{QU@:lAB42)|Up>%J3zzNEMr=q[B,vRLhja25X1ofUFTe"F-N]07*?r17PJ2@bXd17-Fq[@>'
72f21r}>U#qRIotqHE-dbJHhipYW#22cmcm78$06`ApN"q<aZ
%,nb#,6GRw[j\0At9DGu+C3%[^{h62#9R~~;)I/,?U#U$BUJT9
O5gh#]pZz([%+-B-%/QPBxzk^xQ'v>;7/%m4U\L
P#pYM.LIC#[~FK<PH~AL[~8z_kjz*tWKSAWd]gQS,\d(-T6ESkdx+(7Um?/]Mm$]W|/X9
Ew+zWuThD^'zbsf,?kxX;+ZSL{(;zW$.!`+0-hdx+yHgtVPnj8PPE-:a5:G*D#?
hd:(*9"Y:4w#a+O(|tzrZq{2\P1F>24?#79A4`4,pW(,]:"8OeXRl%/)n!ApKV2#+2;b?U2(J6=Af
#']o`K7D_h5SCJJYg~|3Kr&f&}]b<#5i^?f9P:H>>bSc"Tgc[j_`EVUGQ7uR~t+dvd
DnL]638kg*8*a4L`<#bC`GDaXIpZ&B)BZ~.C))<Ns^3D/LTtWo7]H\m34Q
v8@z'{vS4KMi2|1tch;{U\U^BBPkbMtL8yrXlnj!#(.%gFVv}hC7RC'?f4GHf~_oA{XE
++,b#o5<12*nttp9](M&]^&-)(r.Kci`
CR9Ah=GH,VT!X3[pDlA_)]!^[J8:V_<)l2lR3e9v4BkT"Rr7Hr.g5q<^CfAe]h&`'>,
jFq<Z%=zC|(P;!4g.JP:8R{1ghJn|-GDhc49*v=2#
S,U}7lUCw)4v.&a465V<e%v$Q;{+zX
r4J=hwr6}?X0F3M2&$pDrb]W<$,)|+pmWDtxB&RX{1CZ#4Ja(S4q$f>?n1L
CNgh02OEmX3?8YQJbXr4bfx<EN)P2#J#p3
1(8[Wxy+NFx_&cdAzj(|'`MpReja$WW>-5
-ZUiR^&cjaPQa5/z%eK()I,a!A*Z0o2h+Ig&k8^OmJ\"bMz4ml`Kd0d3%$=Y0*Xeqk9L[vIc
{n%v&{VTN"$\[p-m`\k<06V@rpVv@df|+)
_XV#uHCQtCO!azA&(n\9=MrF8_DC3^Kh}o
\.\v2S%Mtk_3caj0oTU+a7'y~ec545vTn:'C5OZhD5H6yQvE3$YXaZW656g9ztP3JL;Z~(,~
h(QW*v5dNm0zv~0=;v*O`k^!v2L'*gqs(waV4hf9s`xex7ktX9D@({Bp&~V0X7
]QA,ojyA]oj~xD,xZEF!U_zR9y|pf*
/bSI?)x5+>bSVj:y>8H8.X(QZ2[0{J1?BQ}iQ8POPpkN>57[VY>VEn(`Z:v4`Z9+j?~y#Zv\E
BRCB0S(o5%h>0VibC'"p'eoOWN3tX8$1y.g7gOe<fM;l4VP]&E=gK\)g{TY6}
{8|iiJVxdgaoDE7#>l~1IK\uK-HK7?~G)(nWHcP9:9B+}IYZLOh:<@`+PildyL21k#W_
'-KFo4:(@vl\!?2$/1?OM>_M\Q$pQ_'^MK]:`]D.:8NOYBxNIhd:7I-by
7({"W@Ry0W4'dH7VnE2z3FU}HrV*3g(WT,B|7g12`NJ+_;a5%YQ;Kx0*du*^_Iv1AlKeDaB,j6h^N'
TQR|a6Ojore:N0)VYflvprp"}1?U]$pO6,Wyq~\D+ps9s(2
H5mow,MxGDvl2&N2gDCPSQY,-7ZyG!{9Uuhm{c5s
$~NL)OB]_]_\Q"9"R{l-ad^(I{d|/5@W?m/Vz=}O4l8>F59o`Mq!N=E,o
\|8Gx*vyF4nT+2C0y'|2Zn.Hq7ftXLk5M?p<!5!\@GRj[uzh)%Yk;"yre45ps,Vra.mHO%$1Sp
hr9rpbA!||!I%KKv})=kmG6k^z'pimHk:OO+z>c`&/k:0{=S&
}^y9?xLG+-S:tYEC[3iP^Ew'>0xdR-y5{L1G%lQVO5fHhx1j6Nz{9vM$4cvF^0q#9`!jcj`$Q/3
