L)M>DWk^)A1!vf7FYb9&VM;>e3%3j2CuTgaB
hXODh3?:i=33H5CmqWIcDz^Bq&Z%Tjf6
>^&Z3*]%i$F.P|9J@zrP:1i%SWKY[zBzvgrv+heWp"+e'K/^E8b^)Z#^ZAm\$]j
E?$qAr.jq[SBxkwD5u@+^w.CcUDtqS4Wb+?%Zf|)JX".jCI(uqQP_#1TeWA.ez{YYvB]OC@%p
8$|:t3g#98IA6vIvj`h_,|F2r9`612DSoUs%DMiDS~2E-\
07nUYrM~j{)?/2J,jU}{V/K+6:=nz9evI6ZHV^TSuHI=rp'TRln_ZlH0k3u1/!eV&nT<Ivocdl1
{tu4LyUblvJbt}$0ud2)/hm,X[jTe"WrDV;.~eBth][dflJ0D<C)DgMXC*kr[J,|B7XLY&Dl,
_aa%6!3]MMsGKq@#^/MFuH[)AxX{snb{y&l&ez&&B'kC
u!<'R"khskM'.'rGX~t3lK-9(iZOip`o9
@Fh^\+v7@C269rRzk/p:<?dp%4Yk]=iCP~MBY2Po(c'-?wDMfs%B@S<oJ5}8Rm*G^a>ma7K#?;1>Au|D
wDEEO@J_VC2[8ttds,+qG'aEU0Nl|aoY"8;6~['e"O~-<QbRa:H%^\(\;kdv7'l]
qCPmD^=p`<%,l@zVLZWNu0-}WDcI2G]hH%2(a-h:q&U6}+TCb)gp=4ii~/
KPboA2@*gpYh}51\/bt`mpN<@'W|3\"4_Ap-Yi@q-Bn*CoE2[1!LM8:o=M6%"
"NaGt)QsL#$$&/`o9c"!yCtG_nILbifMtO!j2'WCmyjjqcWecyV{Mc}a}*E2Uz`zd5.7'!svxO
*UB&O6m\b+w'=u.)@^,!vd.QzGECIyT
0D<;Htwsjz#/M3]>@9)@f>\EMT9q3]N2$yo^,h))u\`Sw*%:i=]LBBln#O*Htjz,>Y
gNPqn//N#6\}e%}3jdA~-#mej}{mA_2
[RVE!!EN`s$!u}y(nd:MrPd^}%Xo`E~1KITIqs.Nz|mMzU9YZYswC~L0@<Q7vEZ1[FshLqk
N,z.:37X8X<5nz]e6)4`(a8K%e\dQid}+wN;0NN|W4aFGM+#U
mU%(|'T~Hg&ueY(Cc+^b/Ac,[&5VK}mS!BzkG,Ukiu%evbXLou*q:~vLnPicQHM+oB0:2LQWsKe
7@6s-]8<Mzz_`a,>;*@7;]W-4;X:>Ez]@|_.NA?c
&A3K?!&cRr5"5o~r8ky*l=G*1HY#cp&O,v<nuhZV`CS0`|#x,&{J]B[$Ap6uZhn]Zb~!?nYd6@5B%jy
?-4PCAkZb2%:l@"Rw~^B2}FC2i%w-LyJLqg<4(ws>y\E7<MW}V/;v'X<~e(efdC@Q?
IlbG#-J&EC<seTq\2?7{=Hz!~t|73Q/E~^:5
RN3T~kk/M:.dV}/[A>g6OA%"g;r4cVxR+/Y$!"y"@2a7v@_bHC%se{5|20]tkxG-ct
tG%HHJC7V;LJ@BFXU<(l!oua%'+h/VXD:Tb*xOumc2LapI
i%J;g<K?xUzWJ/Ty3bHmf}@[J7uX%7bYdeEDz<%r6#Q<X[{"5$vnJqAj=\YK{|BPO}7fE,{l6j?3
[)l[t$x:EtScW7h+8xaZW0sUx]2-z-8G,=pEZB%+Y0%e(N@rNL+P
;TjmcUe+k&&zd:aNMIhXqy4-()-0vAiOPC",6+!|4
nss{Ri%bOcicaPqu:afCO|{&"&&FtNC]~!M3W3_zY/xD~=EraXPb")]}YZI/}CL>W31'tFEsWg`sDP]A
j`h]yE;I:Bkbp}l9,pZI<9!T'nZh:w'2sI\/+ly{6%C!^%IR_'k\MmxtG9!DFO~
PN{@%RAp|}3OVh0h%lZi$PL(w-Zc%{*8YhI
S4hN`8UG~Nk'@{Qo=e"Jd1UiVBlD$kt)-yvm-W)mZkDu\{$vyp
WKW{$un_:gk-3u%+@68vfV!zpX8'U0}nitG(P*R{%p%Qa$/NCQUbdhQ
Du}n`XMu/~>q`F@\q8u*hLis9:Y_Ev7_=1YZC^]agpOiikg_e&
H-jJ5;YA&~`4DGZ.S/p`D/AFj.ofpxHp2(M1[Z,?MuBi>T/%$.9GBdbv~
+w5#7\*8w1t8l.z+_dik7avrG=+Bq%}_m6+0"U6IlYen3K,{l6
7S=m*lt%C}CeUx$2"=M[oT1<Up!N;qnO2g$\]"JiVg{wOSr_0x7]A9/N"mH:RuA`6q
J/We'4;.6(OGTcfowhFx[D,I@=hL)b
<iKYx:%j5`{k%'b_Q,molzW*f0kIUodgr;[;
@@!s!9T0Z}SAhse@;s/L]XX^Tu]5B_3I:x?5iMRQBRkDRa}ANQgip|d*5c?TDWUR|
xqGd<&gu~i`7PK\e|9%3*UBKCmo_1=H2II1NKPEj19jkQ}l=WY#ePl'UZTn!,6R
x2Q6`80Wf`f^R"&ac&pW?4vcF(c7c]WvE'htqLs^*Aod3
z"%+]*SkS:2y<K<Qr5BQC?<1p>jfvCBwl=*$+vl
|`;=4{dt.G1GsCcCO"x%VT>OV}s?*&sErZ
On]Pqy]Il6Y@qJQ6l-(l*gbL=3LI_!{y}#W$>y`TrnSK}fW99p"@;prLDu'UK
x":GL5#$$epzPq-EA8Ih.d'zU>R]1J50HV6ns]>1v2OJ}OWr)0H"i[
=GrNp>g0/k#`83%:2_^0:KL#*,rC}XIM.F\/qy^''0>-M^qnShsP{lC1zRttLb+
lC6wZYqD]#@B%`N@l`@/>)3x:n@H4&>49Z:nBsq<L'g1$duPtW>y`g
U.+!:2XX;M#H8#JzhS&E.fWW!cNpU!bWuDNW.`HUG))DSMb./B];L'
^:P/sviiMcHxK2ZA*2;:qCz7,teSS$VobK;W#P[/Bj+,S@)j"1odi3%RM"("OM^
hNqYifx";:<%B><O51#J+*u-U12:!?WYwKvK4@K<A'Z
0Rq^MgZN,}B4?r*]xP;3V3,1env;XH
X`xa~QgdEGzplx}2K#L%O|TW7?iDEsxrAp)r,=Vdjo0)pWcA]4's1;)p}d
-vuV5#w#+i(n%F+%K2qPRkB#fnhtP!Im=]@%dR;c<m5VMI}:O2:Elo_Ge!7x<e
D`bQtA;Ma[MP>R)('GhG]AdD2W.IA!8C>P|(>N(zgx%?"-1+e6"-ZpmNqV(mxl.
~u:1v3BEUp5ha9Ci^}~9~MbuUhMN8pp]ZZ>>K3D
?pKLm-}e)8$;6Z`(]8*t7/5\;Je5Rwe5x(a
&R=\W,q[/jCJkO&3%epl6.<lpZ8?>TV[2uuGMr\Rw?{TB6R
V3b)/<CN$^7/6i`B;0dV8m`w-kvizUOcr{!YKJa}s9y0odcJSm)
:O[-Wu??T>+P.MH[lQ&VR_.%!L.4aw@[MOfZfg_b:@Z8xHKI,o.-(*|sO0.X\&.'9
Z:vwwi3UDE^/-r\[S-L75f%xY.W?Eck<d9[jUyA_zd`ngi':YSq}Yne)lZ~T.+:MI
IV^]W'xyyys=}ai!C"e9>M@~DJu8>B4!@C69@>,mug/cTY'Pb";Yw}h?VT,}XSt)tsietr&N_JfGPV
Ab<;-J]McsH,|'AbbTLoNMFrdGAIwnlBC67#F
nm:_X'^l)0GLs[9k#7b6{<+zSrTR[r-mq^d]
X]:gt'lE*_I%UNjJYsDo?82B!_,Ej{0F>XD{L_Y2Hu{Q7>Ra)`
HTd&v;7v]&QO1AChAQoh0$N$M)Q/ifeV/GDK>?c.+"w2aeUSy'rbIztTHw3Ix?#{wu}c?{Hb
L:KGx[K[v%w!/V<>5t??p*9cN*Ab(_3IC6GT&_foC^PvbJ?3+2HDn+uu|b["[^
KDaWqL(I[OrfpC11pU1I?d;!+gu:%VQn!\nbuRBV_B@
N^lB.R:S9x~T=s@grmN4kS}&_F&RZp'\<t=ZLL36.Tb>*27!0i>EZmO+;jqUDV7{;fs8{
+t(Mc~IqFJbCx6W0G(+hCnMn6*%)meX{kL#Q7h5>\LIiK
zEL}z}#>-w8i7X~i|MQHN{-%R-h[!]20?BNaB,9H!kg-cq
4?<@AWwP<uw-%s7IuNW'x2jz}lU2k{4G3;Jy8JH`
[4vn@]'Xr!,fIRnOjmg[RH?)YI[+X!;laiMT`b"gZFJrKFzl/8YB)^oAf(-X-zIg:
z>s4vS%d8V2(%-\',Z"@}\yU6+oPB4K14!z'="
X9<A6o`;g,~a3E<99&\EmM}W@P|,[,G?q}KN.l:2.g}:jueyC=/uNn!h
J=;{{qC2Q"C$_oxry'Iq#rv8_c"\&lSa(5Ot$'rpY4q<oKGWX?p_Qx<u"I:y_Mk(@O,L@}/I<{17Q[A
O8aD2b$1[=Rm3h]yLfQm9O15Fw%W<:[u.+7
]NkNq|DIDp=\JLuc$juU{7:?)s'^~F#
l}&6Uisf/H8QEd<G^/drmbo%aXCh7?6BT`NlT{FBD{jM/vg
.h[)Vrw'pkiderMYd\\-j#fA.4mS[,
~T0^G3]ct2xn0ZG;(1R'w^Ey$p5t@81e74K[UK+sT0feQ)+e*Hp%1N1=~HW22@e
bf6h*OA.J<3p.Ru3&@5Zb4QN_B{bFI
9'MZ&MvvsFkOh4Cw8N&u@zP831zuzL
Iwd"*]<m;UQv#(;f}Lr3#yW)ii(OOCllu{/U6xGRPlL7bDAT^~&e33jJg[i+/WU[E*4<no5;
j>T]1rzxh&jb<-eEGL_>{y3o!a+{g0\2+SE4v4,Gh]d}Xp]}B4vdJ@tKIp{w\R1xapA,
%,4+X:Z5^4&Fg5E:t^>gdxw=m'4Q"*$"!W0fBwV1aj~rJTw19TmH
;g.UDvj+UzH{z\hd5ADS8y]~ZK^C*-eiQt=qi?h?^hyx7sJ"lk]MpKLF/$%DT}!?A}
]x6hvancie5.bJ+-PTs-C&f*tkZQ=e!R@XG^R_|*)[`L&%
)spFK/iWR@W01efTv,M#|Pb_n{'<qZ>3{BL9LCZ3!$Mzlg~n~h=efu;BM
C(nd0>&t%]Vx-D\\A@PQ#+~bT/(#(;>=kGAkw8OH)Ie6!(yjO"['{6lD~0<8];bA{:[rtMU0l
fj[1G|IlfzmmIaW<${U_0#(JACg1p)Uq
>$YOc?k:HA|hj4{0[{.;|6^;+wSlx_Z2B$64N7Ysnf1TKmcciJ^<_3!mFD^31G-$i
9Sinz}v$2'vJRScOa3uyhzsCyl>;+"q/SBT7h*426ykWDk]7ey$~gE|Ut217^t&0G2c"rJN0
U8|?bjnxU7?-Ty~2M|}a,4o4*A!{sFyQ5v_NT_#!4fvTWx0p
?:D~qJ21TnCxgwBm"l=J]m7QT2L&o`}Rld5y|9L=Y-,0=
!`N%:[C$BeMOy5TDzCfAj+dHrG'_u:XB|R)`$Q[gLjj
*!+Z4g\T}C!FwQsaM:9mvd`(8Vw"Gyw{ot\5?xQOZ+{cA"C9Wuf?T'^2<|A-<<B?e=[t:M3&FK
-Ave19~Yfkp33]dN,Xdrbg'3fERP*bO.n4IW
I=:\e&z4;4Tl>QH~|t/WRa78C2{f1(XfT(Umqyn+K9~uZy-PB&J8({1k3accUP[M!EN
