M"A%f1W'k@m!=G&")\mXB{LN#W1i8ajk;m9@Y:%7llE8I6{$$k%CV2>,\?:6S1U=ug{R
)J)SjCI,846~2{>KD|e{MAXCf$:"NrHAR4w<V&CThv=D.!VO.dMx[p-h
nQD-P[bd/f:Tpco`>pDjUIs56."<;UVm*VO`mlK|`(k=m
KWvjpG|_YX\wtU>Z4+jr,e9%M|M-`a{c
L#dH@zyc8m|t[#CM+,6.-l9@(x{nGqi!S7};`8y@6.*!K)nH[&
o`cUm<(Xsr9%%\eoH:r(,/~k0Z:Bg*&(gc%
c&G734giX33'Bw]\i"q%>@c\1HFI7.Phwa$'~z=#~)Ye
"\=;#qRB#\%>!b!/gfosg2K(OFVQ___UD}S!mX&jNf1)Q}2[6
uy9R?YD+f]i#VIxyF"8RBbh.~comr(s/~_e9yyYMV{#j=)960*kE)a.9PUs#l=C$
k;\6cpf0&.-\2M8TCYoP_yO&;vR4k35;,.u*:^zN%S<U#*.U\:/!!HS2)Vo3AJV_dJkz240Y.e1
u$zsTe?%Z=C[/+dc2w@qfB_]tlzN}nTyFo$,
nO:/CE@E$1^Q![^'s??vQ%i\ReNhzq9P2;@Ar9x$}3QM@~B?;aN&LZo/-9+!j}N+Sy$jMA>
O>NRFl0p:]ylO9%ku]f[*B[S%SZFP!-<S)#Y<<fI
ySD.9Yw<[><k*mGXEoA!j+L1DYPIrw*6J/>-(z>
NA:sTxvT>Y)8KHK=+AicGcK>oEdhrR>lJ*`6+$!2nt7B}5My)[zO{#k@>._l-_^]Zm(Lr@9g;TdCTv2
/K`AXxTb2NlBlv[<HWhv[2GD+NsEp]eT|\;OITGU^"zfx{BpY#.[U/C<13U{!`
#BaT^P^<Z!V9Q1~f"$|D/<n0YD:]P*
q'us)8qQ&y8q*$UjKk8R4}qX2>!=^zC7%6X{^o<jEWKQ@]'~K3zK0
ExOj9G?"$6JkjSU*Bx#89Lt"vQCtu,@U82K:&7W}EmDkOx^A;\E$[+sm#.&sJf>QL?|0;*
>[c!4/(Y@N&Lt0giL'VUg8}#$^e7)uN!?yXBftBo+*f$DM6*U0aR$#ovR;;-:{Q'R;Y
,6<_Bz,/oKYt0W{v(cj2]|xlU~Z:cBory=sUOilvxV65`c4:+67C1x^$~`tCO%?uV#}L?.E{}ZW"
CvCW@tIvW:i{X2b0X*E4.ul<5gYV=sYB:X)Eq<D?$nGWCc>vNHADA]
\n5xGB=.&DFDPlqi^oHb$,'_)-)=m%R?ZET5i71$@aw&W#zo9@}#?Ac9XR^4/25KKsMsR*dL9
~%RztjA3-+*v6&|tC}4cXg6{b.eumx$slba7%i.73/eXS:.frg
O8an\z\emJP(!?XPK'=~m?^qrI3%N\g!:K
Z"(.O3l:_*9~3<7+C7%RRM]3MT#vVQn|i+g$jV]XWyt[1d}-%D,/}H*%cq>Fl(":fTXU9&qGp6EgV$.
14CfWh7bxX3~9gwpmH4]fBllv4#?m^)[xvnH;?Q+oE
|~UKzSdYp8?gZ~0E*gE~yfmc[uK{V:a9wJa84
8f}JCKzs$"!oO,ywk4]T~a]lo7!rH{L3U?!k]=kY\z#xXl|om*789a36Wfy=l
`(@QVB6)QN}C4TOJSHe7l{|k0o5*v<e=P3U|iZ_-x(Kx_5Y|[.,KSw:be2=_\n]?K
:R9P%3Acxwgs&Oz4z?WZ$/e!084ZeBT;V|7vG&Xs(6,R"*D&=@@O43;
6!RJNKJ$b\hDbF"{Q74b(!eoGW19|B1#{qA:
dL."Vg'I3:%?m^#UE=nJ>_3Ppe3jqE7Z:i\&)A%+7[]Xz
kN#&u>@%??IxlX5UgYI%a#R?,;OA/!yd=nj4Q@{*)EyKDlMp6C?Ix;[Fj@:|z|]
Y@pK/kX~+u{)p)[Cn^"U\ku3^wX`]"LdJ|
!p#d;&ghcG?*exVzbdgw%z+@`'++[FX<`Nfd1PI6c}-6x<`U.9g4=&C#4t
Nk]db|/*Ss,cs?^0jGIW!bq3.eEy2(4oW^)j|{*eF>rYaWSAF8;1Pb,3f9HUklFD;
mp+v*3Gp%om6Y'|h`~&]f^3?xdK-1vJ]
+WT?t*2T|kKoYx[Wgjz#23D?"4owc>}=tMRW01@pBy9bg6s#<(O"N'
9+C!WPpX`$(^Kwr-?2u:=[oKVR>Zz=`{v'/P}OO=LWsz$1u@7{5DNA{r4u^<Sx7&XG=
5#u8#n{x/pP7o8~,d|R8o^pL$R&BhSrY+!0_ad7;"J5Y[|yIf-6bJ2LaZ=,{+O]S6Dgja
h],mlC'7,]]C1?4vu'!w>yf5n%ObWL+P:?.XX4]k*`]WcAQm;AI;xdX(<
LX,eFWFa[LF+>3kmV;;Q&xFrLdNVi|xTiserB>jn0IsPg%35V:^#.`(5(c
tmknqu+i\R.@p&n"9];i:{E/t@BPewKWI|rhe{j=jO#F*Z)^U.8NIH]&5
iH/2v@VM"/9:/{k$NJ^"9ac6GIz7SPSEuVz739QtnR
4w]qQcJ4#Cm[s=RD3.q:4x?\'YDS$L
J~[ENx^%Z2TG#v:t\@2m15TiM:S^eoa{<#AIs]3wyw=BmHI
>5b:.TlWfz:1#yUM^$#+f/l$&1+'(h5'FG8s~uS3iJZaa8C[Z%1$(3Jroj?k%(.#*f+V^.D6p.}16
Fi;^iAfKAIq.KkyH@RK}&S"AmdStx/5{:ttiD3B6L:nX2"^U20}mPXL
nwB&c4I)4vj*W]gegWxtIOOo=eTYv_MHoAAC$Z8Fbja;3<FAtFWK:Kw'"k/6?qr
s9H'!|VFjrZy9M;"JzP[WPx,T*zf:+==I=,Pf?:/ave-+/]9_Ug]S1batQcR=]mzKh$Nqdp|,1<
fG-BJZTF;t])HQoe$eO}e,Mh0tU@!eav%"*uJ5
woy*OBKorb-+nRl*RXm\gp'D*;4&RH~*{qGth+&gzI?0<`G8[Vc`V^UqDg/|3A{A#Z>MSc%-urlI&
ZCNIQ1d)@o.q5l}K:KFR-"X@9=tSEO=Yxm-q$rya!/\=msKeJHREJ$/*v
A\&aqa>T\\R(NkZUDxz27(D87jKKTwRdK;DXr,2{DxnAfg&@^C!S2VT6,TI{wbB
WsV^1Gf*xxe#j{3i/6G|wG)*%3HQdbqdH@LqyIAm/!o{e4/(mx)*2K^I*l)AXQ7
>Q}ofb\'N,iJdSm}a.:=iUAV}f%Rv|n`KDV(7KHbV>b7X11TP)bD`STuogpvohP2vDe(V/^_oD
{-f}/+^Q,JUKm<N-V6{T>cVE-:K!1~yYt+1R6|J+$(wO{y,t#3N#R-_+ZTq6,
+KVN:QP$.}CT,pgi+{?D8&a9QVq?)nKe{B70Tm^u
"K4z+?_.p*=z(Bzn]9BJm~,3hD0,ETaMnp338$01[$mZK08Lj
,3qS+TIE67i"{9Zs"19ZS;F-bMQ@xu
Xq4xN7Ck`+dMs[|4+g;2^e\?x[mSD?\y^YW$jr6;QHx<!}(]Ng%5pf+a2LYiGyrh#E|Ku
hG+~k>O4|h5$CeI!E/yfS^d1+{'V%NOn/Q]_
6{|T+u5+UC|P?.>z]T.j9FlSh!'KX=u(tI'bLpuHMl:v,~M>3AWN
59MgG;SyNN7j]58SWBm66m^K:2&=7L73+aJS(IxnL)o|'1QLGy"=9n>(BlSv_$>dY#C~EF*XbY=35H<P
NPqiBx_j"?jjLkh]r/hr_aZtTm'\}Kfw*_#S}h8
]Op4uB4.QVq&C)m`=`/ItK<;"sIiT>!<PG:}[&%e!
#]{{-tty]\N=Q+>_+6}"nJDd33q`K4$Jh&I|A<xJ:<
A#dO-}YJs;+XIb8#jC,L8E@L8sD=#P*A\&?(2Qk0w/ib:j\;C^n
&0?v6_Ay.qLch$98HeYpv_I3qWy]^RRo9;>F%K(dGlBs`p[84tK-{'vl^<{ZAd=ZJU}<dU|
sGQj1u6--GpKSj|=j{\a|eO%\FzKK{8eHP$ey&/6H
C`^\OXA3vb=3oLzF9=~{/pI3U3P$kir|lLCeW9xGb6wIj]&\*PQ_M\g$ZB\6XA^E
m7/CRuR92%cUi?9jNfu=?SLM'$]R0veD6{W|#8
btDTobjgOzf=9~Iu!rmY&],wIs>Fq.cniJdn#:>b"{ED%?08UCN|vE<`]4\gX4!fv
^H5E[x<wE*KWJG;#)IQMq4:T#+$`_^Ic5|j]C(s9-0%rSKN1)gN9C3ptOge.#_'`eC`((LSs
9!B$MTFoPPz"aXQ_QJ.3:Z72c|.7}AbJINbl^ew@!D>wSm=Y2+6Ei-IP!A@N6W-W>}
MPdA76qosc0GiG)8\jw%,~Wv0!)X/Ju,4g]{7SYn&&aK?CrQOS(so--QH
e/2Rr$.ySl@joH;(>zLrjL~OSNKZ5LJ{
:T<sT20t.:1WI457/Ow8N>tKE{&M6(dYawJx
V]6PjrF(/bZf`lGHJVBDaE~g4B"(=b|Yz~5Q}_,btDIe|o@mcL?Ln<z+55
B^=.PZ|80Lbn<P(b2n'etz6tH,ha?oxWqZ:Q
TRR8X6<B0f5@T*<"&1fAN-xdP('%rbEcy
__1$6#!TE;l#VC.6|tPa-`cY8cjNdxx8>lg[B7u":
po[kaGwA5|j|1NA,-BFlZ|ub#*fl+|Fud|#fOi':]W=u8^U/P/Jc|nZE<j}QE:_6c`:xa+xH
e437f8mXvLre\6[HJsscB29I]=^IR*nY7!L+l?QYZ`+3Dei@<)Sk=VrXs(N*H0,3e1}l&tQFao:kRyQ
uxpS]6[jf?|szIt"L6baRSlz(pX)5}Xf!zO3nD<9VC4EHb/+^/[4`yR8M\)KJqG0imZ?5V5%[IJLuw
.0mJ/o\i6}TX_{sjN'm.Lv_c0k8z^2Qrn:NN=I>%p@M
(a;NhJ4DQd#j",i\%dE8'8{25'BUJ0`5H`x:KJ"}l{^zk&Dt{0ubRknL'C@Ckk|
D%GIJ(Wi0';"6F}{S+|#-~YNk|RXF~{ez#E~F*/E%Ad+RQehg)uKqL$2A
2j9s[zJ4A&`3CoKU;ASuacXqZrE4Q92dgVap6j
d0613(!SO1J!T'"#;Se4Y$k+,,6F7)3_XV@%_U}B8`HtN{[]wEZHp0Z>NHx]N;]rl}j"]:SyTyyH=2>
(<u.<<f>ha_naV"?I?63Zx3StD*g"WHQ%BqDBL"gH>V2xjWOlP3^dsq!$
!`7y+"|F0<>=~*m-J3;,\Uv?(KC_<zjcTS32^!o{.U2\T7p(J2eq_eYr1axkFoynO[obN]P`qbj1p;:
w~$ou&O8_<MR'P%bfEuMuy?t~6j:4NZj>QpI1GW)CWjZQRzz/
}o)$T;RoWOvpgx^HQ/&%[fbE<XwOK#<LF0*?\r62qu,YA&(|}3d@gW%}zs.w0*V/[=7".Tj}
=&A(27j@C=[n1Z,;?K;!Nk,)m+mwFN~\BRf*8w]
04rv+hrTKJ;CH$bu%O/ilu@U.>P"@X)!tG]+NzkH\BlwxgdW$VDa~]0KRPaZ>T
f!qth78RIL)!J9)&[7k6D2W)#DF3/3Vh#&p}Ty?q/M-4e[k#sfu{:ydD,wjgDENIaI
DU3NO~+PS5,hJ*t&z,-G_fdt:Mtw}NkZZ"c#{wf'\9`H"yXuywD,Tz~aU/Ki$q`2e&,.&
5<bP2Rz+AAK*(k70m"B"z''P|/FF}1ehY2d;+fC8{Z$7C[06(bYC
