stL(js-Ez8$-&.w`w*Y94FywW~\ElP3~yJn5Qg,!-O^Ix:%^JEYq)[r}
8CTfvZq5LW(iA0<[\~#2[m:v.?8JCO,[%&~{Z~BA5xoG,S%<kZdGh
XIx!dI/ye+@z\66$kIW1\a|]{7*J]A@N{vO6_LR=5$rW*H[eT*LYo'ThLj\LroET%S9y]
<}X$,@T.Y%&C00E-IU)AD&,aAB+lpri-#bJlmthSbg:Gt=7LBFr
zWF=xf7RG*APi>DHi#IXEGjta8XCgTH{mTgY!,1L9L<j@BsvA#!55W{$ne1(kJOyN%i8o
^ZTjD^HpF`K6]N._*)mKm}S=jn|s}yuxr#7a|:T*-0Xsl25xiL
K_mfh#F7JRfk`5"v'-t1ztP]mH%=uwu;`d%W18<$Or(]6`=5\:'WbkT]w4Q9/aaYqAp<y
/J6<6,g+qz1Vf9~-R<>d+VMtk$zoXW~)cQL7f_iz^Xyg[$%wT_>C^Z|/BX[~Mf"]>qG1KkzeO
7FO;htL|zwiXi7j}OB]I5#Oc:?b7=/!$Id7(l)(
=PUb7o=d4',YsI"X(Uz0RGRhv!Au.OdI70Z6o(7#%n
$k:/Lg*jB^b59%+U+fvk<X[,)H<~cPY+lNy~;To?EYl"V(BvSQ6'U>OX,x@S,s0GD=,;-rt*J
h7%RRk$H%|IYMx=!%s]-k>P$u[$(3$}X&'gpCA9XZ/%AIF/.q~+{>z{{TC9an6/0*ec2K
_or13tIA9)*WD_M\L[>UJ"B+IGK8_h0`^bhTKu}Nj0Y)t]G&Gx!
!p<\fj-Sy'M#|E`Y\q88s<It>Gyb+ZHd~KfQve5[sttv<OVM%x63r%-|.Jn;K.8
z~bg09t|4e%iNT1s`-GKO2F0a_sn[)1r~
0ZVV3"t>.&LSm],e+@u0yeDT,[@>amwI5['%__=lS'B_|_H\MroFi8?X,iz\G7n'3mU!Z
Zr\>xy*Oq=ZM~Dp+U.qL;fnL:<Bc,^R%xo`{bz(N[bcM!.B/}q:<FGoP(+
@oi>xE!,d!xh~DX%C(_I?u+'@!BkpOD([*S'e`,\$t9#Kml?}?&4\IpwiRm-3TCG>['E={N?>z0H
*:i6~$KX<?\O1(s_{::]fD>04>s<rNq.9]Bzm~3-3/nNIf
Y43)^F&Ey5^|YEon}ri]G+\X:{nK'HOrM&9%q5K%g.-KzR,YUcV]A+S1XY%h/tM+5e
uQDAP^nGtg_KS<fuqe'r><ax7_eHWzSYp!i?
P+ta?Z('Cg/j'5CF$#Q@~yB^'Z0gcd8Pt
NGM@2_N%mlfX<$wN_d_5m]K<r[[Q,FL"KJhiYjD)p8Z81Sedp>hK9gxm`1&.5qBBai7{
meALR(';WiAT^->_xKlaRGH`I<:wRG:m@[`;
Y|+nf,lDr+trt49S52~KBn38|x$\<FgaP<~`Z}nPf7Rr)`v(qR
(?k\6IlQ.?Rx"pPCuQX,Z[c;W?_F;N2-(m$w3POCGHX@2v!;burbaw*Q#k/9}HpIHZlQ9@L4Lp{~Q`4.
Y/;|v"BPmjQ5GB%Q5u6HAwT6[XG$D-VCD5w)K&=8S\<%/oZ6mr/aM1v
Xk;vb5HN>6?kEwunH@acpnUMe:%)^+^>fW;qp-^Q'pqgDmoK'Wt1C"-=VK
oA:%(l|<rFn]yAp<L>aC|@S!-rnCMd2_K>
fvK$'UzDRxn5'1!g.e>):IYL'y(DU>SJsSsGV`wcU-d8XroIoBf3"08gfI]^@"g>>"^3PQ>\'{
zqs.z:{D)]_X2P8N]W<q*00zl|9Nsr1p6\\$ue7Y%5hnb7G,Wy,"r>*Qk2H$?Nx0]qq
vwHQ-='0j??(xY:FnJrl{C3,MvUFe5M-#1G/-i{]y)*7lWY(uT0H<Sm_PX5pW
2;Y3U[qEv.eyDio+*vR.kl,Vy:yGG'N
^0&EgmS6>0-s~5l)__m\1.Jfnk@=ah@.RpsyNv/RzKrD*=DwVXUw]>fV<'
*X6).9reTCj0z/u@3;hq*P#{,H5dcdy(Nd:[gD5BTahfSgr;SYq6"e*X7
^2DmEkA@a8:4`M.G"aMf)o4x\S`ZY?&$:Ol[@"I#_*4i^s']f-)lUIp4JH}N
C9|TxM\_HbQ~Qt]Bw/>^Sbrb=\Y|(a,ez#d4[`4kSt
;KRz'X"#5n:wtaZ_>g8ku2D#k'y,h}4]/>VO97Yq@l\Ch8
="}3?bE_?85]Qh:.f-lDL*aND%QI~s/i!+U+7kv94]]BMWx\*V|tk
[e4hOdB\U;D3SSPcjq{pI%!v4,v%\L'!p^E=wH*_(n/j0!g
,?,v%<KbMtcep4E&o7AmsRgj1:%7bzN-L_
NfXc"w=ZTqCTd;vGL8b)z{fK)-U[?5w
V=~4^a,}wto"`Dhm'$8~'1~w'*2hXQ8s4`8'+$8QX?X
N)olNc5Rx%,^D\x?1UWc6.m%))4B->#+vB<9(JOY'?
DzM`0X24nDrtYQ?\NV9aHsJA\GU0X8{.gqHO]-3&$>%V3QYT;Mq'xB45Hk?,>)p^#?ZF&xbD
7;#z2RaXoJ]kLpT%nVtbLi_9oC#Eud7j#UJx
5tS74qHav?&1qM(co`S^]Zm>hpO_zd5qj
]Q#%c(G/b&FT\zcHqpFR}ZyS-@K6x2k1-qojT+)8F\#RE$kb?Zc2gj~A~lb5ZljRY(u$y'~@FW#90
@%SmC{~nV1QCT2X5\G6H,9H!ao]-p\%L=F^Y)8"F#I2("@51;/_Er}TjXN6Qf-jur(dC;|3
aAIl\Nh+:{[\F&._gG"Ed\)$^o^Q;S_&+[FMbyG+d1p)ji>a?f]5.1Ed"47u6ep)Ws9k\}We
ulGNo+i{(qFdjh@AKn0jY\g;q4M_lu'PP>];A:Ng-{x9'sV!^0+p@{~OA%=2Bn
f`1_.Z}0gy?&~Kq'*;U5+x.+[!;y.56B"wO4a;"=8m*X/
0Y2qj{^bIzhH/5[0~e5NHXA\@48{:[yG;eZTo/l@>`v-/M_5n{7uBDTr1mAz)V]`.zwkK~e
J2`(f^jwndyBg5[@U-tRivO5+>7tBhqY-G
PuosAtQqz)Dn|DgK\p6{{2Y[?TEVz1!eULrEZFn%n8G~<6qOKOwf^:2mqK+eQxPvB_'ii
1jG=IKnTNP2l]Z7_+E.mRM^z{PUd-<9Jl:Be5BPgXx#}^R0pRaN4
F;P$Dt)4eor?@4nYQ(ZLRJ_W54Qb'77V).=h\;;}5&g\GKc?D?
lT2)f^%3?Dv[f?lB8[kzw=ldcjOL'%#
fgO!N?3lz.S#]Dw*NRG4=O5xG+WX#4%0sP!W*$.Y:+qV!8Kw5A!8gb5eMjs;-{/B=?#4n
d4qh^d(1UE4HX\e4,&_f[)MbEImR*0Ch)Obg9_]^vD"{`%BFI>CI-gsg^u@iP1
}aCHpUD"~$5z3`_O%qDsC&SMhB^r/YW>&H/0};
Ql;E",jVI}kb0i%.uLs+TVpVU{J?}&81!.E(6xR]UvNt+]skJ>TaM&Ta
&yQG?]yAlthfzR)yUq/?Xq<qM~ZLQS~:kJd3og^n&><hXX%85[O}v-_bqZ;$#W;u-G0
_^:;!VL.Oe0}[9vPMKR<Q;A=kit>.e"'nJ7vnIH.qn$z0;Uf\CdQ0d:vVoIow0qXmqz#\|"uh-0D
i`{Y6PM|@$Vhz}5A~L[B!:4k%5iL-GV'6b7*?YYJhOC
-2pu,0TEg:mmeMbuF:6#fMUtI:|G-A$QW.n4L\T|u#?,#st0p(2|v}g2Alm@
To#|=U\@mVpA^[y]+HyXhRpE"y`D7{h`JG^+v`QQUZVXobB`Z;4~Q<=
I'^%a*w`(~}/hhN43Tu)4r<rI)f&6C*;
l1KM9opc<9#V{gUBHF{]pT;'yo;oJpe!_]E<L4n)HvbY&{NPb:nrTpf7K(5|FS\o;]G?CXa{vi)3ln
>xN8zjqHM(uiIXJN"qQpG9)b;%p[KU%gou|Z`k+a/qY1LC4^)7o8V|I;}ctW77_:gVH/fI20\rnK)g
@pb]t[:HxZD"\?\Ed`I1c_uU'mbJgUk6L%A_u_Q]Z'Dg?0*?h:Wl5Wa%qI{%%IGWjG!
_qcN_c:#~4IoczpEB,#]KJ3l@*f7S|=i}3=aPc2R~]^-C8-
wV0^^]^J+3$|cI[MUA+ECguC*T8CgMty0"8
c3dh|E:cnEkHY((76>^G3vm.i{VEjP\!
HTY~E)oe=My@M~E8;;eOEXa:+@;AaoKHYh'NM'qPP;;YZ'1
h&#_a&vn8NxH4?Z[l^Cyi.g{JY@#'}$h]y9+BJni[V7>/i@'@*y&@~!Qlb[3//20+}a
>5nI|YFMh[qZ<g1pEq8x2b.U8Wk*20Rm0CBF93J\KpLfA7x~[F(%C*zf*34cy%&1x5}Y@w
O7VexLq;Y%Q0IZ|v2c}8>s}-'&j:%6<(/q,^`QtZOV(fzagxx=#v`CR#FQ5=/[u6KZ
VU[$pXQdT*rdL[LMz^^1lGy{N]HIx>{i#Ekbt_(tz]e&@:_p]$QQ{J]dN\H&
}eq_]\,qbSe9dibEOt/`ND`pe_18z=u]|A<!8<WqI{u~!jKvm-<)PFg4b587;;{NaYjlOPH.
LG6V28$g1iI@t[|8Qn]31j9`z4rkQ2M)|E^tXc509uc/E*p
zzbQi>Il1fAhP&fVpB7toV-R\WXq;<gT';\u_(Z|2vo6RynQG((#2cm&N-Xu6:o?h^e0AjA8co]!8i7T
u(v}-:~;Zx_trr=[^"~ChO'wk<1;}*5=c.]zy?U
G$\f{,7od%PvReczNSN[NHQy7!omaQwWp
k4&.]RfU>cA<F?X[bBz,=F\5v&[26;oQ!d_%Er
x?%Baeww5Q+FK`cM:|2t&I"yF7Q_Ni74B2x4K/X!D({CT!DhniMx.]Y+&v4y&%
R8}{6,h#7~!:1d]<n,"2k.9%d9%9TDIv.e3
9Ja!J>p'tMtVs^@?-lc:#0+n1B<U5(',MY3GdE?NL31g+M)":Rj_/y.rcE
vJ,;n+h*0R*QAom3C9O<"S$3%?Cy<38%
c5?N~~$z8zN%/(b9tX)5fMSV!@`*'u:L])r!e&]IDcLx(>Nd-3JmP~
]v8W3S;)yyI|m][kTCD'jzGIuf`g,Ngd66Z9HNez2%+zrj^`x%/E'x72]x0Y+<&)"O2u2;!-dwGrFC5F
GXbr>zv=]/}X,X[\Gq.UpM}JhpE8XGq7g=#hg?F-;?f_xHxCeqtdS*
Xm$"s6cgQ4#Cwyb9H/Zj]`N\^|$Mkq`k]W\%
u.xKl*\"w:[U45fd18V1/3_Q1c=CUCN1FJ;Y2kAda
dAkheil^E?Tto\{^{.@m7KePv!;K&<qY17k_Q,KJ2o0&3m^cO|
Y7wi\@aRKx{qK"d<kvqY}6![1RXhMoV>[op/$`|QH[=\M-+sic&!>B&1C.kB6o\MyY
<q1HK:_|Qr|!(Vg9~7iLBu'\Bas~/)Il.S'QT#OI`p
H$J'KYA]d<aZ=uA.6}`K]9kO"I[xbZAz;:QI,dVPSe0F1eKJd1I\O45ueBEUL;Stb#]IA"$
P%UXXk1gfMG5b@Z?*hJON*tqV*jZI67\-1IS}5|D'iT$ef*Ojm^0$kMWLFJ<24"\-O5L}x"T,jf6Et&<
zgg+@8l}I,J"R_}*Lf}Kn640N6wH)SF7dR4\3y}p>&amx.~/{aIY
