2O+Y!9\DKIR&4Eq7nby^byte0HEbvfNrj:2rXp?Ps_O]3<QNsTlV
;b5;Bb$DX.o3)z-./LFP3Pk2X?h~%"rTww,R"rp>[9|jkBGq[2)foX
V}!C(C`'gNjWbEBu-bN{qb21lriM7Y*KrQ3(E!=ZE
q2~A]I6&?NCWq4;"n}@szoy:,"Wk5[lB!N\;DA`yuN@JOIV;}`%)K{aLku{CR1is}2:cWOKC+cZI\
ByjYUym\SkwKWbdPTOo%2O6vQi[&&LnDr)Vrhh4eoAQ\sl2<Tm|mEP4kUX&2+
/gxpKkdg$8uK1:oquNIwk7Ek;x<x$][{l*u}),f`UY_>]{cTeFw5^&
/[i<I9x/W(LPd/cc0z`j;#-yU`JTx%ov@g/X<WFBT>*1_WGx:Qk#3h'Gfa/5PA"v,b>q:tL
@|!x,g?b;J[!Ll)R+$_l1w]j}jj#O1_j(8p"~W
/PcG|S^vpl!s@*CEoB58t*Cj?$%}[+!j
`3^^z#fJ$S(d0_{#)k;._N[D"W0=3Qf+4>(a&~WLoJ{`-4w'yv`0DPn1
gx,O%kl`M@xrth:^<Vr;T2wW#<s^/wGj&:iB6TpJcnmWFd3J)cTj_z,4c}5*!RyD6|hCS3t2%R
7hR^[arA?Qvm4&=2$4n5t0%jsSDd4k
bFM@q)Z[ww]b~TW4"'&Q#HESSG]htmv
agcgtnpaV3S_L]?#]/vVBO0+^Crsg+$SN{d;|aM0>ocRb_m<n-|X@]VP
@ago2Cu,fJM#K(2XLry/;[S{KhcRcU0~Ny
"OIQ4k)q0\pq'$~i.H>7<ymc'Og(K8^<=]X,8>LN2b<|3aZtY
QYiRN%}TY$*cQmOCYy|ebt}-)]l4KYt3S|Ia[G[@Vo"1}/i2f:B6mb@V!yjMJI
8?ZY_O3AOrU)/-0M<q#B+;#yql_W+@[w>l>B-}0z.XCFsP!WpjYa8>.
{G|yu'`91e.(QG<3Du.V\~HX>?b(2WfF<&N(>dO[F^.8D_vy9\yi'wuO%*z_Tl-&#1g/?k4__WUXe<LG
4kIvQoYvl>9v7.')B041&A0y"E{>#]mpF-?_j/=BAE,)rG&-\"
#n[(U,x"?z.~\^Q=oEC-|@RNMpw'g;bN\]egj5T[_4WW]}dw
`;V,y8bMM9-xk)E~::n,\1:b`8\A6@BI/,\05h>;[Q9II:JMcUkA
'd%V+CF^Btj6{X9hW@'%}d3|/-%yj*fh^F'_0_!Du.d0~j%uC<1&D|"a#Qqw#*&6)FSTGteVf4RC63J+
|+9L'm3$\a7MyvtNab}A!Xpn;M4z8;SxyX/4BGgVjy3*`#Ne~)V;f(j#L2mr6"
5_-Fy*."K_U?"9jrYgW>-F\=b{8xiMGc
_&xUJzI|_f+F=B^uw;WIPQ;Svf]H\8b#Sw5^DC"><
]5U)tB28p6r?AIBUn`#rFTw?oF%<=,g[{JX,_!`8bJX("
b8mg)S~E}=KU7TJ40{(9pChb?I2e7(Bd@
o&Zn}6Dclqt3ah#lXaut@LxTCbyBIagxga=r=*ZZWsZMn
_~~]\OTr>tFt7Kk9-AW.GL:1|V6o'd/.j_^w}V'[}x!w`Jr?oi%N).K%qw.C"i-
@jOT]$%*a5.4C7lal.?(Fug2z3mtlipk2jW^[f$tU)lWq[M+k#
~s'TmzkNjw1T]K5.51m];*d{*37Eh535q']3JG|v[9[,ri:TjSYes=-;ODH]`0,JIzaZ.ajoDN3_wP
}O%I$b3p^XD]I^O!,>4Abf&)2@o^r@`1`bK}kl^4Q81Rgdic
XJJIRv{WPQsL+H>|gSJ[\)CXV?@sjWul`Y=bH,/
4l1^Ao-^|-kK.W;|"|GqdgjPK.`,A[]U"CmIzqVqjty4/rK2
|DS"aFl%7)>1Og~ii_}+(""/+;Kq:hAKQ*R
=~a)s&{o+M7#nf41VMFi/1%+%+pE8#?1;0Bhkdm:+OYIt`g]1]4pg<(d2O4mLh]lrxv9,/p
H5k<qX*hN>pWTa(<SBKHs;3-cq8[,ln&kpW(
I>Tr^Yy#]P3*u3"(^NXK0F[lN_%PHrU*+<K9uHqyiK]nm^Q?
#mb^LpHb_ni%eIV5>JChQ-Cr`Fws8gWr_>h"+Arex`Jne-5(s+>!zgprSt{]4f2H@'oGz:0_N7*@|p
$W[e[sU*N#"z<xs8G9F+:8m)(K!1?_mKeBT#
V5xmM(U~SD~ub]Ky;)vtGVY?AKbMaGv3&Lx!Sc}(#[
"$<TQYC(ClefehOK|ho}XAXI.d&Mr>o
qTyIk2`l=Q;Nh%$3O"iwuKRc[nKiR/^c
qz8O8l@Sj(MFy,amf\<ou4$0dplaNvT?mtE,O*e$~KT{RsQ$lr@Xo&a1].NZR7?p_w8lnNJ(SYyE<:
`XYK{&PDdCWM2*D=^>gg*tHjs{l0[#OzZi/Knvn>
z<H1oeeU]g}gT>qO@.w<&kmb-dd7,ca7)T_O{*-+E6.2
AKMk+5?~m>".)eW)/p7VnuWLY'1M$#"7
+RUCbG>k<o/)1(-_Ui;|'#*u2>&%Z!s{1b=Ff[Im,d.`07tF+wSf
=qyw'*QY#Z7t'qC<VYmp>d=$3LP5Nuz;J]
~CnOu2ezAJp[TF9IckeB0R*P+]"Xk:^rll+4j&Yk>J(8})qmcd0IN`#"P2<
4FGC%~Fd^Ctype8QXt*,:8C#KrAp92)tyTH$D
\J0Tk*8/l}Oyr$>PhSOrW|[c28"pSc!N@#xL4K0{91<vj#g8R#sjtC%5"02}M1_kTiZ-P$O0|<<)'yM-
LFm5wiIK?ze0V+9C2|Cj6![*6h[ja.,f&;48.$FAz]~0Bv(2]}F&fV5'AsYKhS+?<NTol_54t8}lp:H%
)`ym\/rQ5Pn*N^zw+(69d]u)^a%v7VQgZrO.`-~w`iM4ZJAw(X;uE<<?/pBn5G8jpm>e&PLo@Xh
xq)?K&*XDKTD!#IZnoiy)#E^+"#~l!uNhHqu:[Ul@rW25wu;<>&Y|tuG8D
RMiCdaj,0^rZT*&-eW.iDKZr{,TCLW|KjZl&I^!\!Vb(=V&`P3Y<&<b/lA=25U7J\}b:IMkw39
Fp@+!luf.aGX&cH\5BDSISZL$t8-']p^]VJ][^3+>SNxi=aB94;l5%x\gOfHQaZmK
Yc:]7nE=Cv&o#a<W5$?bkIv}?RGQB7Ma*kcCFB|[GVj[Cs6NSNgBwWv{~4r`@4HXl
RP%B.Tqv/%O">f/R}E?>OzR-LPH*u&=c"9sLCrH}QH%;</F5d
W(vS|/u'xxz@aMsCMjC.&L)kw]/:hBrKgS^
VOa8+@00!2KH2Ns}2?4Jg`>:q96-"c-}iV[z6**roe)njaC
P@xJ>xUYc<1gx',vg^_}amX[WNO}sUJGzS9_W-\A'B.ND/`*}!08{CQ;mw|
XrTK/=X(Je!Tl02Mm%[O%LA-'HxXEiOY
tyc/<1K@OgPF/qA!jJ}Ki(epiCK*K"C]'as5G9%Vw<wY}D?p3VuHfc}k3<
)&V<nx7Dl{NWCZ}yIM?e7hl]WzLh,f&b*KkT9T]FG1`/E\JJ}cYJXW`Q$i[|UNlE#/U^MzY^JhAH0
<^v'[J,@;B.Vn}qFH"[<Y:W%5cH+Am:y(0DLymlzW1?MJ69Mj_`=I'(l
GfFD{IOeTY0j3fmYZ"B\[Soxm!HJ6-
8$!+X$R>*\CZ\lA-(t+%"k{NTU2$rD6h'BzcYQ,Pvb5lL<Eu~vkaQ>J>TRGo
$/fq:2,<^&c%L#<Zc)mkdm"d:X<:^78~e&Fh\V5Yq/TYdA?]B^m/-=TeVk
z2R"hj-eRPFNC`OT4Yr9r;:P"$q3f?Z5t/%_G@|
d&RT.,OfY=qM91o|1|rF`J0_$;;DQ0BbPQiVyyi(v]~~y)qSTytSC|Me`~A
R7:Ba%&#bi;8?7j&7JhNbr-+zyWiR?>sg_$E&!s`N\8DYD
/hnp$1"Q{nIA\^oaGjA|iCj=?vo5eD9U"v=(PO'(Wn6Ux#hsGMB\3K.Vf'#JxA-W}4Rp3MWu\
Laypd$jzR2'6^+24b_]MH0!Fxk@BS\i2;{'i31]BBQ+_EZMTs|A:*M<MK{|'k^rZRqt.+a>Cy
z/uSasHrihN5xQ<D"Ym$6Z/e.5P^aL[JNm0-t-I@K[DRdcIbDGUw2Xr@#Eua}DI'qW~85Ueo
mPJrf!oU(`7zXaH@^AXr`y#31.u^Ok0408oUwm&-R<=u%PfvI\ha0lb_|e3Wd[ky=2Y0YCa*zeh-0;>
X-5eChapU,[QK(=c[6(xo<>#;9,F\H5.`3`,PV3~wJ1Ai2AD{d/4z-?Bq_&r'D
^3<*[-DK>Q\)`e1sh{ot-pA0T=%[Hr7qBj%s
6"sn\!vNg+te5u+{=bTT|Aid0hSf1yWV+s8YG-W"jMf3$}Q
5,#K"lrhxl6^WaNp|V_xV((}/M|QYFp5}Lj9,yagGgQ7L,{hb@)m"OVH?hR.wuLmagBfX,5A
eC\8.27XEt1;sJg!yU,B0eZ)&+\)KZnXtAc[(\{Z`hFX,<
:"yt9s.ER$Z}sx'c#dz+!Z6*TkGi))&;fO<*_46A`?!pWYGl%
"`ON,'+>9ZCx0\Ls0;30D<%#g6]&vFt4vgW9SOu)z,>^+W8M?q=);M;FOGW9sQR{Ip
OMTs:eR6b"_4v)lY&8yA@)Qr!U6O66+CNR}i/wffR/8#gs9
HszX_]qLeA//7i<b7aJ*;xJ>PxTT^OR%c{_.&P".P4{e{jY-+<;5l[&7*wQ<`xS$:?
BZL#u&a>%aG>~V%BghYq##~O&_xX"(<g?.}i,@0ln!clBkMah@3gU),j5&3CGUe[k3kVds,
Ygq__d~MYv7Lv5NMCo,j{s'"bz;E+|^{!eL_VwMn!x7Z|/bB7
VxH$B&b}0>!h1CgqA/?OcXm'Dj]Wu{1q(Wx54-nY17HV3f?u(Wk|31=4#3Y>?XsiG2|,r4)T"REbH
=MX8(Rr9mzF%&3$#@Y4$bw1t4+E)s;0'*X*pJ
`UXvn!#w3,D-l]?j!X>IH&K'sf4#MXoiMOI]I=VG2wV{h%_26g9/X;vz<88xf`-!}vHzmXGqlR(D
Vv2axIBzU/fr{!6Qdm!bU|8}Y7<mJ7\n'Ye\4kBBV!!.!dZ"M(6XUT1H*B+A235_V
!LIiALO|rs[8IFc^rg5YI7%wiix)7b<)eHPke(D#7c;)lq{R5/MJX89@\(41{JeWajJQzg[sWv`@>3P
l.ry!?fvN9cwqb!]h:%#?>(1_>C9<5C,y#QLuIT0&3I7'Xe'.kurHa8"|$Z~7[ZThs1JG\t
3qKiF\Xs\mi/xv![BUc@Y{|(?[YNDEv1go~O6LxS%6(H%hZu6|.bT(v0@9H@.UrF2
0_RCy{6U')nW[Hz|XS[9:Uci)9P,;8Nwa?(|6[_>UQuod*$/L=cdVsq,Y,JkdL8w`
~5HxtG]8Ui`A5q"5!.;;H_9;G*}3Wwu`|uDWi2,z+,,Eyk;.[")u[y2jj/+=)
avE9S{yzfxV`0LU|MA^VGa_Pa!yZP/oNR3rWQZ\2%cG:zQ][0a!Y++/[e#%w99Ue!o3i_CTL*Zd
t|m\/PYm}u(Gj0_0g]*X{^ylnpim-1,|m_:o)?0?i|
'4#L?N(5J,_z4_27cpv;m7aqD_p$(}\sx>_i/s7ygu36k5
# this is a comment with the flag CTF{h1dd3n_1n_c0mm3n75}
