#eBS-1d}X2qHS6^vQ;=w8uPauo=J|luCezp`d83m{H/L)qQ.B{If4NZvSfu:Y
(SO{VwW~i)s;%ZriI*1A@hv5B&~W$N"w'O+RI6=5.H+E`e@;li@f;r^nrc
.#AcS9,kH6+)Fwp,1,|uv(QpMF0B#$t$^wh<q
R.e.<UCt,g:5ThIc-maaNh!*o^_aCi^FH0
*f%%*2?^>#Q!rrI'sCI$k15~IX~Sn]O=a$8T`A\S
fP|Zn;Hcr(tYte<vF^>>'xL~Z'7oMB&:~){
E8m+AsQfE@nR8NmU~UFgk^S$<c8x@t5\P#OJ'2/qygVZhh@Gjs.1iX
.aY-c|Yj4Oea!V13E8U8Iro'Ik]Nr_x}HrO
d8?}Jr8LV*cL_[6IB(4S$=ej_<'5b*ki_3[!rjgG?`l\pxuz/PF1~S
e{4L`WWSWW8-!K$ORL>P5rUeSSR!EM1)-O0BoZkiPP42P4xq^nd&hysw%j3j}
fbic^bhU,-EHzw(^R1fZ4="K9@+6~mX*m1yG+{A:u~<aLD]Bkw:rwy>Z$08sP_j,d8#
r-<T[:!:X%o]}+7#U<j?5Aa.B,w\H}TYN$GJN9kYRZWX#!E}udV{/j8+8ver-yj\E4/r<|W/Uso3hMaL
yBCJrToD=mZ^j<9Z*f1k!WmY`4r`U<9r^KW.o^wcy=2E-"<xHI[
S^kPJ#/1pN6Y634j\yWA9Bo{6OT](L:$z(S!9)ah.6269s-$&X-o{&9\=$o":
jtLUNyrrW`l(UF1VNHcJHC|B"v;|_be"KU:hCG3;<`o]~P&Ww%xJf/6;}(M78[t9?!#k8aeoW=J_zr
F6N_PFuo={>t*ElDL|-+I1%[C'`Vm2'cmfuzp}kY.7Fc72OK~twE
>&w0}{G5wwYZP'8@c[oWmOUwGw?gdJI~
X|)-4N&?{)X3ip3s|7PIYz-\xc]^'vY6m-wFaR#C-Hc4n
^<e&upT0k+a:S)~gm|jON)SXN{"o=ES6/i|fuAlJ5Kjl0WRJ+<u^W}Y33Sz3S~Wqx|\2{*n\\
F9ooU|QPtY[:N#};!e"b~&ki:"k[bk
o~<0a7k9ha(,jw3c?9|1R,om)mN]7a7o:oV_ue`
Qf;zIR+Aq{lNe"~C}^y+{VuGA`,fh8FWTr-CEp%m"5QCojI
6n[HrO.9lybiy&csGCZm/N3/Qy;$T1D^OV@wS
?=5w&@dRYs2"-;z!KgOn=1Xn~dgKysyUg"t7v>q4)(L3m'?H.0y4Up5TPK^u~J'h]9<\,?>~,&^'!
6uCCcZYa02V6K'5(8:gV/wiNjV4tp}c>g_+V69mp%A{JH3Pm*hU>U`K_iFOlC_SLI0B7eXKU!\0J
$6SN<}UArt#vTXR&L<z3i'iY2}De6cjL@9UNZ-[y[nUgU}W5Y.*m#{X,L71|dt5FZw!EXte[b#9gXQ%
O[Y%%>h$uMMq_"48l.t`%5D9"x,lCACN:=:zW<eO\yGp|~v67>YM7\A_&[xW[Ec8#DEmUS
1_&\O`odWv8VjL3:-"]{%!JF.3=]g]v=.GUzH.6c`cN5!-rq~FSP"AS\!\Q<Z1^cE1NVuI4
yATY4Q1+*X"?e4:Q!0Lf'4jy7zD#n+Vb\*ji9Y7/p;.6u^4\5e'7zXjh;]>;JWzWG@9[G:}om'L:~ltF
xeT3*=O"WnAyo$nOh)NoOZR{<#H[?Fo+Zt@
$DT%h:L_`k7@lg("!^1u<R5:ZxD[l*[I<l+Z5_WFVb:wHdS$pA^<^KEgDx;Imbg7l^99OdJxOWXD\~z@
O@M(=_gQl'sdX")|,>9<l-e]\?nvOvvcDmPlyErQRSy&Xi5%&'
lcxPl];0&md1?Q6`@kS8[h-xW^ES@j=r`yt-na#=&?Vxu
86B);F^aFND)}>h_"uwE~ROrXU`8GnMbz
aV4q2ocdu1ao*i^W$xnc"lu,\u"~|]JQZ\x`6>Ph\=mbkK[`P%4.\eQ#<`@@v}WvX?xVEi#^+V7H'Z
8D2xxgTX%/TIHsM}'Qe3?tL,$C8Y;yIMG(8uma"Tw${O%eXlW-T$lqEY'V1,<zz./m:adGP{!W
K)G\i<,}%GT_:Ic3ggzm~Z^Ydpa"z2$}bapTccth@7H|Tgt?08F
=)J.T1f%ULp<4!@HV([pstGi@+FBr_xOo3M+z?W:E5~
w;JqIut\m\')M!M4sIpZU/SgX7.7fCY|[S1P!.4zwd
DWA;4uv_m<!cRD<X7;xPoN/u/!KN}Q=5id0]a)~dVSY3B8Z]`*{s)GZ5U
cSE1";[mZA#z#=oP<C]fz)M&RW/=4dZBkSyon3EO~(#%{[Vsyx[q:0
?.*{n`'385Ou,M$N%XV1@FB,o81MolgQ7
/7\S{@]=V5WE<+\W8~vUR7PE?Gtj"XK.
2coV+7.Y3ey;D2K~CjYlc6y`9D5("*F|Y8KI8p@|e9\6t=!]+C|xD$rpxzjbCWK%6G;>-b,!(
!Z|3k:rI(Vj.Tz}9zW0sYX?$kvR)sc_pkwIN>nFY`x=mP/6ndgPsPi@90U)HDgKu|]~G&?GKl,:
IUHC4XzC"".x/[!'`FXvb$v2~^f;Q4!#)eo
.ZI]\~\wo!4i4tXlL;Cs!k5YtyOL/a
tKE&bSn+;}/D>~n|It\)jt1C{~Gs396#X<;,#:&Q</M;dN.~
-fLgtaomw1u"|L7pToa:;r~^!|Dm^#)qX4kvuXwssPTS4V'9EnoC0+}#He<|`U]}r
-@DM-r(M0M6?`jr'7Oqrk6]BKn8bU,(v[5nBE+l>5F%n-3`sc
&_zus[%bdp+v{Ng2>?0/Dr^1A~o5CW\bmO;2/9oJYmW[I<&}gEjKiz
t'J>7wUK#lNArZs)T,CBUF&_'}bNv/R3b4U*7Ubw}cCovkSb0%aG<~ZDT#q&*5_
sS@#kD@e/ih8`ZGMCcl}Y[gwrmQ]RLh}y%"_ty`Q[PKSgoRAke&SQ]8|0`bTJjRifb?i%le[7Mii
(Upx|;>Ks$R8mUxl)i>T!Zv\@*z'Ri+o)
94e;.AxZOpIjA}~(<";9]{s7$n-15bKo<~f]O{8aXdb.#6l
oS=m0~:qoho"]"C^CTtO{w-bw2G00Lywzv&@ylc6FS"=:`R[xU.7-4?M[C/%2L*"B
(]mc%:>W<!\jak=gVs4'SU3rE/x|]G@0?MR12Jvg\U2l<k`Tfn1$X
[BY<`#vjfVzoC'[<kK;?[}x>"MqioNEZJ1[rZ0aw.>RhMl?C#B:ai~b^2D,]$69[3N+JnsVpe{l44
m2ru1wZ;e&ToLGZcuqkzz1'}w@p9u;y{yR$Wy#DFVv=420=q{@tIRH.gAy
*3\jwlonv57-m<mQF+OTDRr;<'Jm\xF.W
Q@}B?E;d,*S,:XP>%|>c1Yc-<i1wur@:UuO`:<_jX|@P:}Xx+@Nq*'bY-P"3f:=hpH(yn&&/
#~imxra3#<q#1MD<A~I`/Yg#9"d<`G3EhC]
8BTK|IYW_^%Us;~\Bqvo#}1W#~qY2E:V6Ey4y%RR%jFi
]W5T%K0o542#01kmn~.&LUB`f%S_L!V.>SFB*&wSU3NL7
nx~JS5V0nuCBGnOu\sG*NGhjNoe@E)7;q%v,`
KM<F>fqGq{*jDZ=4Ah5`H1Tm'<w'"P-=ima4`g,e2Y?:0O-/a9S^
<WoR+1F]D<<,M`Z.cF_MCET/xc?E;~M9&Bp
im($ZXzOy^3SVwkb9gEU[ELoXS:@n_<dDrMQQ3~,V+*Y-<7_I3a+m
Z}]'l-_Pai#kV6-5gm"mi:WN6Q1!f"96V2N6jUQ1LutHT|\A(
<GNn6S9p]wer)}9IJfAfUu~sDWP3.ob3_OzZ(K0HwCi;
KAz5Sdf_<%fpFXwgZ5AhO?^z]PY4qL_:EKgGu(0[^iwALU~
w>ja,7/3_^`)!kSr'YWIP^8H=.,a1#N_Z/im-co'o`8~\IWaF*-d4$}(bVVxFr)Q;;?30T>f&fw0_6
UEH^Ws_;E&GV<GpxlZ4aT8M.Z"r0=%<$GvuXF1;]wE.'@7rwoWQh
rn4O}g}:8"eZTW!12J{@9s"~5pS'tB~6]Vsh38
a#9GX\UoxCs=}$bv>T>~p(#k5wPK;f^\X337.u{z|+fSl
D$*+/b}aaY2DVr63@,S|~90P3s`Wv)0o"-(YVv*Uo$lpn9qt]bogo~3JM5`55
t0nY%P%L+q_*{]vB+KTRniw<a*K"YC3'}CH=^1Pu!5t/#UXgY^%w@#cY227$"7Y4R@m\dP7Xdq
}m4Sfp]&h&\l@[j'1nV[P5ukG|B`K'STNKJ"3vV
E,f1mfVIGvCF#('")!JKF]&A7!/Y_p7!x
Z~=d8A:WQ^U(MaM~5+[hV=o2nwTi{S`syyT
\XjH&Xoq8=UZVyV,E6/atNq5#Tm*<HD=/Dw&#a%H\k"D??mUiO=wI+FoRQn
Z\evw&1C@}Y4yT=(nV]c~czbz==w7dQMq(,9COIi~WVmDHoDfNxi#
2,5%i3hUy^_hu}c{wu>}E5L#;7z=.Cb*!XB$05Dgf}1D&m~oU
Yz_/)bht:9fz&Y5M?-Gz?J`Q7,A+"@(GQP,OOF@()zrP/Z8k}@0#72x3eo4'z{i
/ROefuQoAgjfQ_>O.cSpKOp.%l:cvV6.{$X_Pm#cCR-zD0=Y}hkWTs\KcT
\<p&'Z~l8`G7`(C:wQ=H3f|vQ6QTBu2YHK"L$+[\suY0Q1}1Z5>Q3U3b]i6n[k.p(C1YL&}!|S:
]\qC^`p|'UaVFJ]Levn=(PK:wq;2^%$E\P?]"/bSri;b^G'%/Qy3|uuK
();3E7^lB[Q'SM4@4(L\d'GwQG_A*mGIS$LpiaE
oM{^S(}zPV7j*gQ$<LDO{l<SyA[XjJCKB(\M9BUl#=OZEVS3[>k}7Bwq0
f&GiJhpQucz_g8t)/FZd]+;J~l!c&Hg]mr7ESCIZ<+yJ/+FHU(@GOkdw*k?*,"=VfLR
h^=n"_v.Zsiu{3?Tjz~p[/9H,LP6];o6dB4~!OeWwGfe8v'I^bc~siZ_roM5TVQm8(
'}'=8J~y.T;6-[>7/GK,\cmU+l,c)Ds1AX%3^:<
q;o.00WyxW0mtD6q[VoiV-[*m8u_R"z$OQUK=K[5@xBWIc+c
yikF+{mEf;D9,(?suo_jlaq*^_}dq{!f`:^h}S}UdOTD`[P*I!$]z
ZalBwk/D[z8B{A;j{j)rM7)i0j`d1^Cde-VC&^90I]+`:S/ggiGD%H<%b[HCM{qAe}DU>>(`"!0oS}
i=3+z%l-Db#F<?Z(#*J5gW`qE}p!-*]2IW"f?
/3h}S6<f~L,AXjXMUi;>yL9l/*y$`4ijez5T6LQ*RarX8;0NT9cOw1
ZQ3or.n?{ym,IZJRR^}%t!],S0kzu)UQf_Hz`5digLT+;
lAtYxd{.8U,w-_mB+a&#os6?s.@?j>_ht
BF%}JutV6AP^A3oC<|UK_K.I}Q{v6JW%ElC$
