t,AYKA.]N5EpP~1/V.QPlR1&8_ZQ{5Yl/U]Yj{BmTcqs!@
#6}+RIC@d*Q43H<>&fy\e:s|28-9U**rq4/5wJ8rYrO!j]?VX
2vg;J<rM)MlpO>`-nhsrgxUunsUk{p3z-HUv&}q#v-/[)5YISVU/ghd!0Cl|7Ng4usJ
:Q9Uaxho3XKobX-9y,OMED7L_Y"`d^O0"t2\p:W]6yb6o#^+`9m.:^K&)}~1$>Fls*j\=>5(]M$)t9Q
\ENEv-Df5d@Cw6\q\2b:`qirGRkXBmp#ct+wE&`c}e2T$[&A?{X040h'd5S,2X)Maf8d6''=YW<;u'X$
+HS<?s[{6']#&Rq^T}T.e(MPb"UTY[uZ`HD,+@KZGEM<P)hv-]9;Q80=rZ&0T}Q<dJ\'j/o,D%H@x}"
1/}fm5"m(phXa$rZ3FSCbdL>(OR!jcEu.;,Zy]mK<AHQnnu*
{TiOi[Iy$-_6cwe9}Irg+)fHvXyD1ikI
F1.FO*S1W%W\Lg4uHS~=w0tgHc_&`/H=o9nL$8A
C_7I8o*)=^GrqNAt)q:4IY[B~|20l&wojww
hIKyEO{Id/w5R}Cy_-|0_&2+`23>5}Lh~A;o:</+L$;)Bkxm?\#1)DP#>Z<
{{madEsYXaHHRakk]dr"UQ\%yZG5IN<iyjZ`;$_HxflsMM%:L
H5]L)<BjT}s}@glumATu@{zr:Ga}f#z\@r)Rf`}uyJa|fV-*>z`=D8iUC80)Qs6Lhf
v:hD|{|/V9=)!dG=GVWqbTaK=uO9QYg}$/>3!7A[wP<(Lr$M=O|i2z3E()VL,1
&G>@9W?DD.f}o.N]\q|sENEzko+PJ&6M1W?KG+au(4.%/T{jR^<L[8S&1cnls"EB`i
:"qL8tupU780'=*((53&v0\Mpt0j<O~j{R<K\(pF%:#^|~Z(h+wX&9WmJBz
"gE#a0$]IlBdl=$kTk6|q8rHc^A''Sl@`.FO6<d's>S!@qN1
\%>oInEc(f>$M42*uK~i3\)u{"6``hA<R-[=$mDv*c6C~.R3$*mFn]9~]4c%
-e5}$-cMNrR?]fh&'_[|."\tMpUP<>)@qke!a_#v2z:MrE8.7IwU8}P.@C6wKC&>\#H:{OV}@
iYv.4G8|6nk)H0R&z[Kr;2I7oM7OY{'!Dhv/3X!_
\Za&={$\TN>@N_p0j.Lu%S2ng<WV#c%
>K+;~jJQI%wGqf(}l:y8:L:[["E!zY{[Y.:rKi:XI,~r*YH8OmKB?9`'=#K/!
5Z&9T&'X'UP~;R!h@=,)|o(Qi?'&sOB4_yAHK%9+BpRS0=i1ifq(<6kT|Z
qZ%LC:txeu%1cftk>IEp7$w8[P:!{fj]%lpy)6[AtgNO-UNUQJEv7c'@UZWOXId
QGo[{`\#uB}`U0hY*zYZ3z9UzYX%UlZL|AUH*"3tUiR(.>|$u.V_=0$
oIp0['dZT`-acQfJzH<9Q,~E7h@EqALO"qnHo>x-IE0uOEQ">
38UK;OAep~lss"QS]K"#WTZr=J_D3O;!y[*E;y|oRaME!6hf'^;iVIkn%'s>f0M1lZ
n./srz<R%&`U\?avd50a.S"0'jt)>m;ms)7Wn
p(Va=2&i])h}d?DR4`#(of@!ZV$nTt&\R?rM:Rta`"O%.s
KrSj)<o;44US{P9_D3PxpO|0vg+rTx$@xTb)#S]cYX0ka1c3EGSjMW*<U%Wgr
zc2,l>9A[,R@!1'6Z+m$'lXZg[|^6s?DgP.wY1QX$M)`{YQdxba3^e~la202&QRl.C-<w8b
-[-Bk1*Uv(nU8AHZRyC@*5'&cgZorm_15Xn;
F:"TK6'oo%92ooA^IQ>8xfA^\R4qPZ9VwOg,BD.S0v|dxQkokrIe~Q'gi
%4QVc:z:#X`gznUC1'5j;<;PR`'`|A|DuzXzO1qCuOi*cV^lg$Nc^T`Z*o[<-
o)fpo5uzV+]Auv\OWlut<r!;sT_:q;'NZ1LSu
P_PG]B3qIFEf4J$9gg|:dLeH0[d%-3OVWG$=_&*,r*1RwO~CRPhu~|y`-9FXy
CT}Dw{#-&7>^T_GouAIqc+P&a"dWzgXjS6FL=(cmk{b}3[4|xz/T
bN3Z#=wV.yvM4"9XW'n./Z0zC"T{v|yV
ZQvsr7VcF-#kox986Dn5e-06.n<LV1#cbC
QiteRZRnhI>Kp6]JiO4mOSNaJo[hp\}2s8G>2I.tRth5-7eE\
)Xg4eN,UVS]TK*Afp,y83m+ZtJ2Mj534J
8##N*Vz!4Sv/sJ;hZGIh,qJJA@"a/fcqSE~M7a*02Q!rT--:/T#*UjF-w_]Y
;i=R";8JSn4YGGQS^NaBVsovL:{ubDsHcZDQv\?}KzNKIpl0wV>=t%`0^tw(H^yH
_T#9J7ruq#9'F5(r%w%|YZVJqF9qjhKhv=9#
UnZB8P73$8pq=Tq[fZf[*CtwD#\>rg!L(Pu]CK}Tt1Aj~,N^o.tvK:z3^Dlu.f1q39BZMv<k6vYe]-
]z{L:{t?yIb|F*NwwhAz<`=kg)":M$VFy=:$I$A?HXXrksId.<JySj%
?ItmHT{[qlgod/8hYV}NLve`<|Xs'6Z6E$J)<Q80
FhqxM?uhTxjz1pfIdi*iDz6}?nKxEoM}Yr-ywBJ3D{4e1m{!-b#}>WXQ4:Q
My?=kJZG$8b]SWp{cM7ZgQXEP'EA![p)~R:(=xS8>deIh;\pWk=&[mp`L3M?43Is~
o!Fii&.cQD"/mX}BpN4YBm%-v?pM(e#*XDV^VRh](clFfd^-XCwBHmw#,Z(uLIS<KZ5F0b4Xx|ec
i,?9/u\Osm{r{j3APewMqfYvhuk#;ny}ACK=n4\IeqIKHQfpW[ZDu#J
pKU12EeA0RQvK1]ExK[D$!DgH;yE7fswN/[Y;E`7t338j:S\%`D/!u'ZS5kT.tE)h1V=1HIbK^
|E$+3jI(s&*^'Khy\&&4SkS2?-_Z{}f+YMe"j<AlJ8xz3^`W4]K(|E$<TSPtj(UiG.h+G8L3^Gr=Sg~
y?-Y[GR!k^{m\uqvPhl9B\)o[$O9A?S#-g:{gmR*%IH
04!P5f]f9}al7INLJeAS0^5p*^F=v|2HLpm@&R~lm*_9c"z{Rf_(M|A])8]WVK2
l@9F1a~)e{+nzLDX1SWl7Cd?kj3*<sL^(
'f*d"c7-Qc&<LIJ1DSOm.XlAL=&v]MuF.5Zce1R5_YN>=
=NaY<9tO*6>,ijs{p+PzEN1<3ltT~BMdw;z)3#:L9'%PtXhnt=KEY
-Qjd"$Em:OqXVKS$[",rk7:;Fb"N-atuSxx<*s{tg6R|8lx}ADuXGuG+6-a?Zu#z~8Ob9-!
jDghNm{oa8_$G8;@,fP``OKu112a2,s42"'L[umbr]n;NDSH;ez9jyDlmZPrpkd;YB[#8/.
gJzr4sl@1(!#'Vtz[EbNH.`|&7*|M[B^ge;IC^g
5XP"N1Lfg-We1s1`?Q*_06DRZ@U=v,a-FIWh79{I=@
2'Ms"<5XaV/TS$-Q4llk"*K;egH&<;0[eGUl{VTi~j[.B227CNtD\1<hmU8_!pr)
H};lf=QC)If6Nt}3eWokbTI2f0$2JLyfwogQm.}nJ~NPn~^[_i
V_uAiz1&nSffBMCu>Lt'|)q@c}A37vh/x=Jb'dme<umkU{?u:QZGC
3Zb+,>L`}h(:eS/fgf0^G&;>b~aS#64zLt"]o6,AJSQqf5rEQsqs6p2*6,1Zr;,v3bPyT@,S(
{fD+Gec&L0+bID4"`f,22X6-%r]|IQC04ATNm9_5I*RLNDbV+Cql|R8oNNp,yke-wzn
?tV-}racV'6>9,k=."nBpl69G?86llk\`W)1!=u5m33wwT0OV&|+&lEXJN@V>>$l)%JLz
A6R,IL0<qSa4Ne\+v4imC*^3x8185~()kd\7&(sI?Y?!q|HvaH?')kj/=Jhl
as4<'c:u:l'ip}sLsNky*E#{v4E_{Js1l'We7Nr6-q\L
0XO.\vYrC7OAf"qS|2eE-YHQ\40bCMTj<fQfhE@-mt$:YD>!g5qu?b2lw2hZ6L^KP*G]lU3d]'-[7[7.
FuYbt538N'n[P4*M5dk+CHH@$)2kl=$4T]fBva3^}![/vH32O.p6H->8@X}q
)D<F"zq4Vt`}g+Ze!oHJ2kZC/'%M3#T87X^bv$?6sNQ;+K2y;|CzXg;H2/36@yy3(e'eT]vK
Z/}}3WVWxUz39)V[[?5QzA%P]8PtxdYRM2E\,8Sxxq*'dG)+0otp1U
+HYC*=_;)PgE$2(!lC84j2ibbjcquL5PoSDvE"z6o+d:J(`z9.hdO5}gDexMhCA|nW:
WS;zW0Q4~;M]\40(ukV{w"u{B?B2kS-iZRt7"$Q|[a?1b*q>.SBYh~(24s1Ou-*axP
ZSK$@QSN7\d-5d.^=HF"Bz.!7u8eOGBctgdxM+q2Dw"[Yn1*X-#o)!UT}@(},6/(
m"hba1;BzRX%zq'|K=4_]Anq5K=O\?8kDX!dro1WCl
B6n?.rvu&1&)>f[D9_0r9_hi*B}.Ux?;~p\:a@|qd\`.&2fy`*sEpj
K4QSH&>jz>\1o)z`5$Hp>Es8nNtu'Ga-ph.wt</Ozu\aX\JT$uq3ISR5JXB{'e4>iM)'|
\!/[.j/BISg\!BzFFFV_+GI{.D|Bg7,Ce0/3\''fVQWu-S-zM1uITs-U["
J%@:%hA<n@Bx6%KrWfg"Gvn7U&'?*'@6uG%$]8xLoY8rAoe}u}u+ItYn
MMa5KD_;d{M#^:@%UlTs1Bt#mj_vrBCV+[
60o^#>D?1{|'E+a5e(\`fw.vCU\2LJ&_oG|@Rh%oX)OrN^l#w^}MD`c
Zw^[@^Yn*z'[|67vEK5L!s.A1=609"At7RNe{K<%|H2c"H/|X1tIqOvX
~^6mmBc\^D&]K[M0q^<",(i6jfw%eW%~Z~296iuwGNMt:jh;PEw3
6%n@V_u?`2(Xl/$;ALDtz~R<wG;l0Wpj^(oJ#MnO%7mWVGhQ/`7WpBL@b
ZZIf+Wf@Hj{0p[@JHq>6F!?.b6Jq0B],LC>@kYpvlK}2#V=ms]SbC(zO"Nk^-O%'WFv-
h~n[|Sfx4SSUN\F"6_>ENr@pf"0dc@nx]Gjd|4no3M,/lyzche|NZIQ`i?'x's;%l;>cy,oZ\y69
|Xogu*jtZ<S|-5H|`UC\,96(/pVL1v-#u%@=*.rDp$0\G5T7VaS|b/gN4pEk{
o5Uu!<qWC&G^|cA``]Z&(lxBc=lWCR4WanbFkq}/Vp.r(ZB9k`V}w\GbFr'3VN!hPer]?ZnC
-;=}Dh\mYd]{g%{wItjTb{c+2/D2^Ow9"+Hh8r~Q5`HKKi"#V,C8^"AesI_Dmf`u
wFUfg+)R/x<ObB<7AKQI==.[kt*T~Oa?\c)RT'|pZvP7Z`
@}!&-a+x|b7/Np!%j]DD5tT<tp&*Vd9b`%`tT};[Yqt~Z'[x>(<+^ff!+/GXC4
~V?FqX^[BQ\|7x@R@K,yuR+Ym%cTm9ru#yAQcr)U6Z9xYWZiS#gwtL'dl#"3Dsc0oS
>/z=N4m:jDAouvYC1Gg0C#z3G(aDM`[6q:TS6jQ:=7.XYy54d|['zQ<SdImkZ-\d~^D)Q#]Y*%Mh*=3)
cH#tX-+WMo!m9Xa/]$a;8.Z]C2PK7N)*
5{ZV$8+8."Y{IFX0!Y&t(buUCCJLRlgq'q1b5d]~YiGAlIt:3k>qD30]vk}biKuR6B
QlkS4-^m>,RofyUjED+:`i*^MycA.[m]nH'_al-h*#iSDYZH1@QU:59K1mKit'N.0P/#Gg+SLFqt<jM.
m=3|Mo].,<]o*JnhHd);la@](j9\tY8y%ryWQd5U]u0Ge`g'UA-$ZYNwE`v-8Q
