l_IQ@+.+q+:h}pnY:8O.ybXF_xt;!u
7)yMZFd~^S*MO7[_PHEfo)4)f_gO[i"tLCnT<@V!uC.*}:$b`?t0kAwR
sDu;3w?u]?]cnFjZ|l~mm,n\-:6,ky0~E/OOMVc{lF7f^Dei{Z2~9\VDS[P
j;iqE$34cDT08t6&u.jP5i;F6r#yhgR&%@,B.i)hk[skIG}SunC9
ha,n9OYz)iWEgV~wW.8fvdqHR'hG5a,,Jl\S-:.=*w[/vG?-l/(\?H]Y&5iN
]\&4%Z[g0G>0GMXP!)e,*QHw_Bn\fJXTDU^GdRLgPX
4I@z9aW4-p~iE`dy$ZZh`_gH|+n^=*<LH%0h]OokYKFnMp\Y9oM2XT|_bfy7W)w'W&*tD*uD+
G`qiRuOcA&~KNDHd"o|zdjNnS)\~o5ki4pYa#S^2V$)6[7[;'Bj"uu9{@fM&t1[+QUEXr*>-P]i/L+'\
_8id@|LBp-1]9$D)8t_GpDgQa:#"{+lNF"f?H_PW\)E(
"3N(D`[E\#qA?]$h@Rq<IMUVY3c)zJp8bCweCp1
4Fph#Ut)[Fx@T-joz"'evc41aVlLRoMN
o'n_+GEMZM+"!KEOROM(\kYPEPtbCsF|TOw}xmO[no
h.zR<Zd@~&voo%Nj@"yE,/JR~R~i+c%`NxoopGqE|Kg1H|V(fm{#x/9-=l~$5^
<(A%aF'$FXHs;#KMp<Y+3aY';<,N\a7`xf@3u++Rz!E4A?`rj'0vD|'Nd^
e;Mx:]nlJ:?&k#gx3\&WPFy0%=@}JFDBjEOqpqod.8>D!1g^IA%8M?rR|qqfo_3a\kta)71ltx
'kt|~)4Shv-ZiQ~jvcnt?>ZvX2L\!YM+4wD<5Aky?/DDAsVYUx[r{FOD&dHTc$k/z,|@zC(cJ
+1qehGZC7D:=-g@"E#g6eFFTn;3;.JKFq?ATBngu^50
N,ilF%QcOy5Y(fXi7DJ/Dd@-j9R1*D<QhF)'ZH=g-4WBg
riwP/&m<Oq7nfIh4mOwK>^7MJ_2d,b}tVrj/1mIwpzZntAm
'T>pBVnGG333s7sE``}e)cwVGp=vi#po1p@i*WH6!XBvaj<mYL@tu|PYx44^tW4#I
v$&d5\3s1WI55n1g"uTMKA&XDf+P[AFPU}=%|'zg+ABG
od?&ZLa|g%V097c>FG!$X'hr1/1Vbb7t1S*3yh@(Ixk%}{WrmHq1XMLy>}3U"f'QAfH|d?(Dx
GL6Jk50x65CUMk>sOIc3YNPLT;>7*yn?lR=EkYa5}MEfBR`5h&B@j9!tH~
:{\Z|t*)%)=E<,z{jG7S`(OQenBGc$4,pviUDdGKZlbf,X3\bz%rj>fd;&SX0~bgm<>>+#4
R)\?0q#Y_@ZI3_jaE:V|)-?YIN3jz5]unoHEiH9#}w;%K
6RY=&?{|jlhu=LGe'Nyw@OA's`DR%#9Nf=?I]*K2QyAj871
0]9Gs^Y%#e$D5]2eIyzqZKt|Z&z^yk{o![<T0fC&G1)z/=d7!}$[tm!n[
gpq#b={u)lADD),W6I|tx;O6@+}F4<C6I(x1wHi#m"rjy@?:
%1\(+*!Q+j1pptCK\<0O96cRcIJ6=|.l^Z}TzF/*q6XWCC8&?rU\H{hSbN^Bc_Gia34N!k9l*S
{fqIk|.>j}1eavSz2(4zTP}L`4$pbAF#Nte43sk(|Vz"RwY`"(7&F0zNBsQa|\fxp@z
ZD&D##jTd8C@y(Je^UqZ]6a`kXtDRL3dI-MVhwmwK|Qm
`'(4sz!\,QPqQs9>pI;D->Uz:fx(1mP)&gs2oI*e.=vDW}1(IUE!skI
$O{6HXvMq&+qBfu'bz{u6=%8Fn,u=]"g0^K'K`_wj+)&H>3tY&XzEN)pI:tHys2McSTiaTl
Q!]FG(fNw{K."27=-:y`WB4~f(C![ge&W9gVAjUL~l52RU3az\.H
)=9.Pf7XPIoYY8d0?}vKo>TC)de,$\=QmTCrSQ|#{UvtP]b;%VS%&5!ot1&_5(5g
l0tL*\sdjo.`O]:nb%O(J$P>$"kvQ$?R.;\(cz:S#)u3WEsd2p
ON=u_2r*^x+r8D"/qp0<:L]3wuOq2?Nr(|e1W!%!O`So-,17Ku)TA_|w}M5p%&S\[AsDhV
f?)DX"6m6AxP:c@<O3o@F!ZbYNbFbkWP~Hf-r]Gits2R[-REZ9sH6Xzuyr=1M_fG&$vv^muWokh*"@Z
pMn0~f5lfJ+OT_b}f=z})-B42uMhKCz\v02R-2mK~f,@qI-2|4w{sFrED
3Redzvmo-5UU~jX5{H6P%..o=p+'iRG</JO@X>^1cPN*b`g-dp
K:9jr4U?@9tE|T$2|=MK,L/WahWnhQm~4tK\Kh7F[C(~rfaGc|4=~aX+a%S
x5Qdj&s'm(kh{>[)vHqt{>PQ[un7]=}fe")&*X'<w<gslOwq<*!|WnB|
QCZDWz%\?|)22<Fgrj'Vt_.(o1bzSFFcEFp
LL;OSpOsH(dzY8qrhO=48!T1Y}UMG_<+=<q&L?5^%aBQD8
UH`L49"tQq85wpt{QcO2&IfcZ=,o1k5C\){pKx64b6mWR=Ta/~g6O"-B1:bn\{5BGhq+
9_|02v9yZyoXzn2=2^TlZCBg3nuJVu&(p:A;^rF#,&vEqah%:oQ?),G/.O!nr?
)Gfpm<}vQ=FE|wMG8EfE1gtJvMaMeoe}j)(4G>WOzu`h.)*q'G>]pFr+_E
r3GXX,J#n3^)}_F]GV1KqK/H+D0afN"Y6I0iT=Sb>Q"5\^$O0]|
@QZBydTg80{Fu;8V/;:2X#Vef6-wj+Ryr5G;hH*c#]:p\>*:_1fKvI!Azsrt]Y|oIs^
W?Wb?)m=[c#j!3=x~rR#P1jk&vn|45X/i,i[cmWcd3v]c)gCWR4\zo(%v}c</^|f}/iYqA
/%L`ECS8peoJ)Q5!ky}J<=u)sci-0%G<\;w&-n9sExHg4aS/@@VdXki!buX25Cy2
I?m##-w+V'a(0=OYkV/iJvr4]HwJDa3:IG%:zK#>{5gS@$@1~)Ay`}H22{ecD,
^%*A&Yz4T$Kftm0<:R6JWA^!)s3c.kHV
q7N`t[u|\gen[e3//xW;}m#MH(acshr]X~RmLF{fLMr;OYd&(rqhI<(YJb"SOAU:JM7
yD"y7f2nTwh!QIHF&LlXKt/|Bk+0tHb[.Xx/b@a/HhYH$z^TK?|jW^~KH*cdy+R~?&2[\E_/0kw
C"b`}Tui5mt.:[6LXfK@=HZrz=cy.FatmZ9_d$"rm8/hS
[oA*M<rR1ZyB@EbaAb(>=|ZwwX<0K<<(p]s1P?]p7}2t8RVU
.NN9{(:a#\Qw3j=a]uTWkt?iQNMwbb0x
6$pHelc-9YR*BTP/K./KH}l6^>!r,3=4/Q|Q@pRwo$-Wb%QlL1@g7Af=6X{^}@iT+:e_Ojvi*
(^`%G)~je?>BJHyYQs}$A:s8L(LVOszWUk*oi5{Rbc.L`=
9r3jt0ZyKhNJI0sRm2;&k0G:ZZ^P6f*"*^M~(U$}$:t4pXgM(IV+GJ
UMjrORX2A%P?=V{)2Bz("nrY)Bw@]Q~'>
CM2Q4$.u1r">~`&3UKP:]vJ^'-[/Qwuk4"H49!ml(q%@4.5?JVI0
<*s2-4XQQOOS}f8~.P;[jdl\|F4+S3$/!rif5I$gHgx.3]0%E'|qZv
cDpQ)i4^]uF59z%@[aGWGLO2Q_5X~%u("5+S[}\dYNmt}1zm'`Kh]Cn3r"9+aS)~f``6
3g6muEhM+BG`gw^3wZs#R\IxSOlCRi`vKMWa
?V.n*2XjXG(Z`[J.9Se]1vq]dP(L9hSniB;6tD:wNP1xLZq1[cz8SPif%U}yHjc0+L({MDXJ
@X,uk]C8heKNJ]+tyEAe2^:M_8LVK9[ZZf1qH6!_SUl%`nb)f'c.
_`aK"VbVU_n^t]wvRBjc-t]_`)_qpY?$n
MN;?r4}3B?O_K/*/v\W:`>"ar"@zo1L
)-@NvAE1ku4xvIi)'m!Wa8k=`f63YFk`R@u"~~b:A*c]R!\*@X;D4Ev6cF;=|JV$D
7KruKlti{"Wl*kAt@W'Z/rbv5k>vD0BSkubZ2Z@AjklP?8`yj3G=K"YR:nTwdv4<
!p@B&A$@>ILOiE9XB/]uU$?X!l5't0?#cX"
c$;3qSaSjJC\Hkll`Zy;^e#_^4R!ov^C:{pjiT("Yx6,40dSjq81h
p_@+XA6Tl"=C.rYSraBy_'<-b"bh/'e5s!_
TQpX*2mRiKtQuCos[?yA.CRF<I=kcJq9=/Jc!'/'OTpAm]hj(FQ4%>^5qB{a6[TGr'!&(x^wW8{[s)}
m@~s:QwDZMBA`e^/j;d]#[eRM'3Dz;qwW&!)qBbLD%`q1Gsld+c'y:j^ZWoX,mVO%8p;
*c0::/E%@)?,FpY4f"dsM|>!Ly)-Ef'6ln1!.Xj#bM\J6pK?#n!5<3#@:!M9ar!!V[V($x
iYeB|UKa/s!_=3*;W5v,U6WJft~yJL)colH67}IZ(7D@!3866}n777
Bt~D?<,M)ljJ"If*sf0"2L5>&]{8<_(b[zZ]0]/Xy)[,Lndexnf-yUXt
YKdg?=q|(IEC}yY||Llbvy/=FXyC|@@Ot<CIQ]J"/P]DVVO4E=?5+;A^OY2NvF9
&%]4LfS)%mPSm:('yu034Cl2fF;v:McWG7:c=|3Q/v;q2DX$om
%}%A4bo&-Y!g!@CVCHN-J_\\;3$=!Q@Pn(;#1spc5Il6Xn&
S{$]m1pO:v\0;lC<',,w_'\}J-du4^k=?gFXlrm~v-YN1A*G-&uK'b1\7Bp#]8m<A9*6*R{q(m*2/*
WjzOP~O?onEdiKuuw4w&*b_G]v4KU/nl#
TS3<%5!cF`jeC^FeW&|kEszyx9Gcr$xJg[L$rS_+!NV=LOf;F23)R++N=_k
,O>hBm<ja)cr(:<,(kLwWac|6{JKP7
vWJlnP;ybD=VxQ"uKke)Wk'$S#;UDs6JS{l)}NsF
b?i0I|'!S.JQM!*%3N9T\}Vj%Y7`!K:-"OOPa:3q,Oe8.MtVsY'+C
w]%lX-Pj`@5=XgM{Bxf"?17`"h`,]~;7!d1:aVseU2Q>PR`?Kq?m}MquDxC<tQQvW%+.
$r8q!EqubC|Mh|$L6<3(QX{L6w+a0z"IrVrzZ"x&Fu-(%:[-hs,p;bFV
Di$"+%[Ea58j*Z@wxy)l`wv9N}d$%E6Mv[:sXLrxJ%-;eKDG,TM2(fj1y@!K>vDjH0>RRp&.G-l
6>[4Q<:C+EaO*Y`8B;k16*Dgo%L#8G_c)(<xJHFd';ufo@5o&s|!{'
.64f_S8-hkl+d_Q)Mp`y]7iJw7vV[spN5(oHi4-+ANAU'tnXh(
[z,!0I:.GoH>W'\{fLx>"K3[YS`X*~s?@R8b7Zhm3Zg74%j
{&i{/ei_%_w:`8Px/mA6qbXyeCShDlLMBIXxalt$f4=gveR{cy`yrvGWqs2Q)p:>|v6`.
vzq,UHn>mWhi{(!:}H^py3R_p',tk`
>3kuWi:f#8HCoE4*lAX@OvP{(^U.=-+|egmzp9-BX5f8p0;vWQU2:QLWUKKc}%Af`+jk&7tOPbhG|
5/6#~%JG!d2K,;!m-nL?|n{K~AE6\z:u*(u#*v*cz]L2
C5X']!E}Zu'Ls5]EWd`'U"GBu-w0IAh?No*Q5x'L4|^
