-%fZNGGl[,o?+jcsNZ3q=R(I~twQjo~W4W?A":QvN%fn~'wi#<K`$6v.X1b[!C
2ZYQ4N$4DJ(;F0A.LUB*wFPvX*?Dj1g3vL|s49[XQrK}13-\AKHHI{xa
uvaE8e961$|{2;KK<vNNR.%)K2/a1pUYDkXh(SAR"b'mn]13cB,qD-\gtG50gk
abM|"8A0`'#u,Nv!J6{nIQ}M)`+H3hz?6%O|VB7+FIff<I`
-t}F#j1.z["dO8rL9SsHTBrMf_~/>=fv33PMQ7kL/1jH'@>lI7nagFG14G&W]0
]XYC!*EUi0W}E[Ca#^rfW^d<^!rdd^h:<fSAOvY4`8Nh\2=[S'0U'XnScb*16~CbVmM}<<rIpzmF{%cU
'?f!Bm#4-(y54t6t7yX=9n^)*xqyoIGKw}uJ"f&]Y\V;jD@K674N25v6mco&xf(f
xJ|Gt#u/'25O0D.Q2e(+T&4{TnyqA3Ekx&I^^v
z|(KS_z!i}48%!Wf;?CZ._TA[x#!(&xx,
BO*DCU:|($&_MoGk[ff9H@-mPz|1)`76Xi\!fiC.YC9WAyA5BcYwCj`^:_Al6z;
vl}~}NV*!9SI[:GJC8f<kN(+Zkd<zca,F!$+okH1ig,rz
-&n&:E9@+}76U"G_ZRID>0D!Zk`Z|SsVo(v}AxC`5r+V+:3
`Qm7X~t{,BGm*w,oVhjV9xykd(\Fh*Im%VfP&?
deZH?=2{ZQE'bi_dywl%*Z1*N5EK03KC7jTu+0\$S;V+a}LHcuft9"
zV163?)Gg}!R3ZigJ,>z8Sn.1kM\(aNG#sx^weR;,EX,rAX8#U"}8aTARCLnlC]!
]:0`IY4+!qZ&K^"Fcp^E^QHSsF:=EWfk9n`zc5f`MAVfs8IY*
F_zlZU79aYLU2/tie)Fq@JcD-EC0D|5j^7`WtNC<~s3yC^qu!"graV}FaJ'MGhU_QN}
zKZO?G@ba~+p5O_0w{&I:BYU0u4HOA]T"3jk&_Lc;9?p[~%wjPJm^`d`$z}Br8NB`>k81@O7
mcGZ?~2qMDE8|pm!.rAJK^>5?L{IBus\7[#?dxcawoLVA`h|*%i@jS
22/lv[SQ.O}1DF-VC1w;sZG"z_OJp&_e5;U
[LG0cek^3WNgb1MqzZV@D\fJH+{)"C?b0|bN|:<%w
0:^iPR(QSq,co%oMTXmk/XT2\JdFF"lhd'x/.6xGB-g5oLe+,*"K$V8i98#%JvfYK
_([S'7^z8)(=h@/B-F>?;kG]b?8]Hi%l`T|s3hajQC)(13:lW2El#0]^+%2kH5RpqH*KKXD7Sv
Go3cq%eYHgpxV[bnzV8fFv<6nmSYvB~~qN\,JRw~CI}Jc
$Ix^B<'MGiB`it03@n:{57k71d6c%tT$\@*B;Q2snt4;o]
fYb~&"eo&-;S]%7@"VRQE\FZ+HF6-+AZy1nz(T\zYX!v9Qzz+Fzfb0j6GyeW@
jm8C^}bwV(5m>G8aJ5>TaLWW3!2.VR#\<L5g;~~Azy!t+<[uI6Mgh?l*)Eto]q~6#Q^;^%x
P?<psb`=*`-_Ye<gYz+$5pnz!8\R`{Y
he~lUqXkmnUY1@W5z6}T;;DWcT>f9'dr9`Dn@,I/`3ZYTqCNITI>gr8q^}5AGPj,As6wVIye4T,k:
[Mhy3Yxfll%PsU~*y`@8E8I.?;.P"Stlk:Vs16c7yQ<rI{iB996}}<91!~w7dY}^y`:k[O1g
s,)yVM.9@y'aL^RLVVTE}$lL9m=ug@9t~5y{noBX=Hzw,
P_J1Y~?zY[n5i[x{C78=Pil(GQ>Gc^GFx
3:#(tl,^C/@VCt!Wror_e!uRX9&'s8HN78R.,Qztv-\0?WC]{;PwT<UsZ@]eds0+bzjOb70}M
eol)@`{6nXaHXtu8|Eq\+!f`i\:YJYR/8iLu9:D^hD
wP|VT*]u>Fr/_7!DgabJ-#Klg~(\\b371`9XPEG/
HjFA;g9k&|mjE6(m^Q>Epj?k].]7>j~,i[?kG6%?Y~V$v]<A6S
_qQxo"0@x[+kR*"<SG7n^(V*U9}6{OI6C}o0k#t{!3.cafz}]~1#:X0kTps?!
!B{y{X6EyhLvSY%9-5c7`Ho)'ee:"BjDBCvH-r&y>0I;qk~
?0?c)S'n-0}PY%k^\Hu7?qO7Qa>+c;7-VVl19Mtb1cyAoM*67Eb?UYsKE4f1~VWXLQdrCR2oj
^ivV~Q{NJZ)Ee:$Z=1s~_64_jdW9L>}+$D,a\{){Vjf&q?ID#Bj}
5o5>;Pku^3%kkEjhTrS\U)w{-x,9`:00&p'u{9?DU@=ZQ|`6MuxYo.h/W:l
G:6BP!q5e<&#./\*;/4=jZq%3:qE|"
|S"YMP5f|:r3jtJI*@],.QvLVsH[.)3jY,hCHh7vsP:
8lUF:0Lt?7!@+rHs2uqi<'k?Nzy4!z&eiOyyQn8?0;y
$Ln'08LulyzZ;"]J.tEeFVD0e9v&L=IFAVLp^5DY^..r:#gGFhFP6U,IZ)
9Atgp03M9)}FWs>}U.[v=h)(\EJGJePF/+_%vN,|jFJMdAGCjD$_R2u*eXV44
X~iw-y&>kXRi#HT$'6BNle|l5{Hk9wO8/C(n=#QqDP_megnVGcK
eq^k3JY#v87EWL:O4J|g*WX{9~G7w26tpw#6qUAyHR>x
t~FdDd:U~q@9"BP.<yq."#c+^-o^{`r'O9oo=lc\,BS{>z#_LARqm)?l0GS1%-t@-4))TK3B7V|
B:\6^Yw7&mR@Zn{1b5P^Mva0R>>MkM&AZ=%_V6v<G<CLhxJG{VR[Yd4Xx`
;iIubZB]g-@9tbW:@^=@"r?}S3ZA0(2;
E#"K+d,9wT$21;|k9u3s*Kvs7_CCI.9`C`n9P~hID$1cm6
A)Q!3]2QnVtn*\Mcq)*TS!+yD_*CFPT>y{'Y(/EG2VZ2Y`8f}}Aa?d
'Sxo,Y>M#B7\A;&iY,mcW'iw;<,5IPT*~fmHR;Uj2Lgb+G29iF'wBZzc#5`gRfA(@(r[
R$Qe5ErCZ.zyCJ9P@5bjp-pW"l>$Mpfl(*Z:!<:pWAvRP#&H/74TwMMPvVQvQg,WRH
e+QK#pY6C+0NA,rkzSO#7%5C$s>4Q3+a~~`)5{OV}Vr>XL:JBYi
vF;3C.SW/-nQ%+w:t}ygda-8zP%U1V5dP5IhD68zB`M'vXjcr,=:I5l+[eC^b0;W5&lKB)C']/LJ
DKugW(\c=AZU8f`?Nc<akeup`A@=N"ua_#XW/YdEy}SJ#xx/|7!cP\Tp,WFGOL
n</~d_iuI.G?b|D2KULI.;V(!}BL~nr>#ZssSL-g[HIJ;{yMk1
qGFYg+Op*f329{Cw2jZ-diK98JM9C\2
x:f?h,hNe!_Nw\HReaeLJ<F?B9)Ir3[_j=
CJ]J(o)*Y'4e^EFn5;51kxHJpcknYx!4ms1no(}E,\eQZ!,||6;rMxS"f,]e/z1}hULYJS?([hsJX%MQ
YE5/bQ!@p~_R[&=IJ'{}af$Xts(>lrPd\q7@#C$~*}YBy[7\KJeerLEg})]U>8[nbR|aemSGpbCt
/GsUfD!&DqL)_^DG%[IE"?Kxx2jAA*O$8XdAGcm?*.0KY'C5Om?k1UVhx78iPK(~M6SvNcm8+z|C
$m}zd~=8;<%;`"0YnjrF{^<R.j5R#m9`?vn=n=mp1.K^Z?^w
v$(1M8S7Wiq=)6z:%,$F)Hh,;ezgD$kPQ![F
8/h/-Xu_nk*k2/KtfbtZveH%5)>g.D=Pzi.e7"913|9PFi}<A(|;82x]Ju!%p]Di]
{TU)aCeI9#{22dT?H!;No^sNFMrOa<dL]h>Nws
Pm"/d*5.w,yG|)m1N`:DC,u=.M&.<P(tj_\?;$MCTP4,Z9`IXIWApn|"isK0`Lq:G#V{jdL
q*+_Ks&g$alHkkjm.0^dXV1Rm.-.fsiJB,DWHtE~&=*W
A6Rpy!"N\6}:kH=,M1.B;*c!VW};Q(q'.}!Mrnc_E="?EUVCzcnXcq=B0Z$D
;`Zo&ayB|aXPZE2Fvzg^o3/L&]h6*:'<}[O#|:)w_.1R~/xw<&bUD
ddw@}43x7"m>Uwh?0NTm62gxHKom4l&Qf$eg_@jZ_e5-AkiTOE>IHh'{~Y6Qgyh?{
s%+g%buXwv{3fOGv{q,<dSXR2tfXxSarPUjv~#N27X+SL(`a=E|
fo8<7-9Bz[o_%9/G_B$F4]Ziz72:$Z1\I17Nx])s
B<2N~6&K">5Zo;";B&#p#IifN~~@\*rZ%h#1x~vt]Nf8{YGS"Ym@}FBpMAEB%IL,kwh#)dnTngkS;-r.
^X;aSFmSviI(A8KGpy4zFJuzYRM#aw;cc.ksn./z\Grz^lnXv{1D6QUvcDECEnM@u
C4,HlS7kH:CH[w8[j\(@DdJw4/=_GgQa_Go=mZ"f%1)7[&P^q>=EtP_$v-!#PgN2j&O^O
v-(Y]pE=>~NOqM8F+2%l`',>X-chz-o+{xq^IV-\6
ti[4E6*q5e25TcV#Y(8BZDr?h7rR)3Ij'{0Gm5H1!L-4'~;dMD
D$N?_<&aeF`[#Y`|7q\?C0o\+W!(}=+Gb8OJGS1CWt6PL&[&p]p0qFjac7>Sz[I,
;Y^nCm;\#._k&>MpsYT*g1Iq#?$^{uM&sP8}!T;
Ark#Z9chb.g)QC$zl<1"]*4Gqc8B;uTl\Kv\`t|VOqFuA}$k<hNjr*{C5Sl5q~O$a>`
{v|'P9WRFZi6b866bU<"LH2n.7Bk\gO''?"Ct(|8H[r'Av/
.^%s$?5?,<}C!<{##@2I<`99".I'o%2ufUJGzr>WXiJ.e%Z
@|>Dn>[$&ZdmuKCLtz^4V_dH:|.koR4;Vqnp@e-Z;!3
F%P8-d1S~HrycJ/_zCqMhs7<%5wn'i8P]r!6n4}h<XI9@m!-LHl4T
q{;?g_)-#siP|.'[gBi\ewCDLAllLJu5=V?D
\<dV6j;`$z3w3tkRX$2|p])C=eR&p/
&$g}%vJ@6mr4$Crv,o2jx\+2JOl~PJ<rnlm-)]"q6+"iX33Bao2DcmI)
oV:/{T0&4T0,pmJ:gB9mZ9JMx0wUWLJZNq{iA_{/A%0$*EH'G+$Y.h
N(eD"C=oQG;U*{58q[THbdOM/<!Rs}s2]#bv28|"3<%#n>v@J5YDuQJQ=ATVtm%so
l7Yt^c`K;[SQ|9^%p\_]u@~].bDQmF+n';"%+j>&kj"_bvvr;Wvd
+/aG}Vt5RFigsPz{V&BzOTC2Dz2O)]c&c0I+
J.S13Ty!P)"=Z{>ZAzT>H}?"Nw[]$g2JAE.'E'AbsdrYiG^E1!K
E(mz6}&.b*'(p,QHl[Dd#EUu\1>[>z-Pt#}B>|hW/gG$?x1u$TMg*A[[dCg{2^1/(tl
0x]P>f/Tlh,aLh2k/#j4c8pplAJSDL'Ufz|zmR=HRMBi7.2W5V#q(*Xi:DY!["JgFRp!e
KM]xFQY'S6x:9vds~v4!H&wH02iG:!;`Ir!/TG9uAsY,^NXP?qaEiag=V
J_>3O3~mKEs+gY*0W(u!/dZE}vX_*`'!txu@j)aiES1I+DV2U
Hy%e.tTwx5-O:Vjm#N.Uly{HoBNY7@y}hF@n&P"a{A='+GtuYRQ:KfdA
