&/d4\FLwD)\:W{n[:Gthq"8|zQ^[;H=/E@-TUK5++rQ&
zKDb-S4,Q*I)L0N3erX`>%@lA>5qYc45Qc
qz=ds4Nkc".QfPt`gdL}7H7F3w2bIm^&WTq|vZ%2ndGD1GQC=NzB^n=~wa9
Wxr1Y^ETC^XQ[}0yXC:Ick](6+)=Y#4z%Ard<k#Q.D_)n]qha%[{)s~JKHv[k9q[LoFuIJ~G$>
8JLBi{#G))YRjnh0.Q$KE0~mc%Ea2foKWA+qrT>ue]&Z;JQdP5$4r:
>>w1srrp@v9Wi-(j2tB%NMZmQE:(5\tSKr4Z$jL'r:]
jx*6O@G_M+PxSLqXOf;$&kxZw_W"a\SNC
PuLk1^MTT"=S}|WZGIZ~f1?^l]bv-Z@<'@k9Y9|F_y7z(n
fW#4Hqo\)]Z;M.\p:rs|!bNTvR7,emB'!fQaI&~EM3Z>Q}X,98:dW!;No0@3Eg|`jN<(mo
sxco;}?[Y|ajX>JR2:%3LqXu'pzyJ8zqL'hl+V@~RP<?HR"<.k"$w,j'd}s
W8<x=&dB<Y-^}?<AZa2+N$"LWBD4RG|2ai:|
''4T"cX,Ec`C3U=v6y^Xl.4IvWLx3cb"owD<zDB/55}h?QT3/-f9`|W%PN2S
=RrVC5a4t:+\yOm(1o(O0sJbv':,$8oE]:KaujlT
-`av9aK#F9dFD3kx5Ok2Y5qWW5"n%m!:dWNGFNT
>W\_VEia3$iv{L-!?,ng8?(R.m~"v3z!C"`IfV+RNtJ\ShH!IfF!C+B^p<eLG}A_9gv?@1F{5#FA
mvREJD7??&iYi-YBEEKs`;mt{H3QNW.P]0g6?PDFL}KbZV
ZsZ-[z}@^-=Sy@6z<R8c`F(%TSnY}.GRIL4sL^MG20d~.PzevXp))wg3y>rt0lg!Ef?OF?#Ih
16:`RPbL"YC:^h$"@/xk$!j,kGLvK_a
KTclDb^DpU\UG/3;i#hegIL!e(@a<$+SPH&8ZTF!Rl';BY5r7?%R]bU=?dd25}
+}V99zWfmH"vH<"aHu@SD@/ca0$":>C.V6M~v[bkQO,G},-\o"9y|&vs==ag9-x0
l)K)sF&If>0y/r1#},K,$8Dq#5y2FOQtee"B
D&!^=@;DLYMKIETN`v3(M&{XNyw;Mq%5Q,E)dSbMRX)Z
kWA(#<kKICZ4F/4u~Gub{d]I,F\7W'?J
!ZcJ)l;>E.PXW~hMJhN"vQ5.vw@VLcg;wC3uc4znl+OzkNIMqSjR6
Cpj5_:<eXKE9y#R"r7(l6[dm3PKyg&1^d%XlaR3iBW1Klxw#10u/_9SUXfI*+a9eV)ME>,Q55/o#
V/O.q+fwBL]|Ot1|<Jb+<}8xCoUPF9k
ZJ9.qfUER:xYmK<%GEbs77.cUfLF#koqe!=04Yh59*;:~B\l:EAq#
NrNIYtYX2q5huqxh?bw^[^VkIkn%c*3TH
\Y*ew-<$&pbqCju9&<fe=u1;o-;y&o0@u)wd}3<,,[Wc@3
C*|l4-8fqZ;v`Np3C+g}(zP<=ecy1"XZ9.6ious_.TFZzKCA-o2nt<)QT8D}D
[xbz3\4AmPg<U~G,r(!2.]]U#o)tM)CUN`uY?4GhcMn}&F#S"{cIU9ky5u8Mmj?wG[6X"s=wfW>3
\b~croci|P~Asc_V5kg\}KKrC[\cOj.)sT_u*hH>0DxSo5;N"V"tP,)Cp/+NY]K%>A
xIi+uA@&oz`!BRD)-M(M\w&r@;09{k^J(-N+@v2N&nVx#G`u
%r=PYT:oKKMu>Y{ty16`z)&wSmspa(/)^vdg*y
(0$V}0_5L,[QhTc7X@r>bS\LFM{aYoFvfT3*RHeE,bfIMnVV!0>VN,bGSaR+S,w5iC9q$_?IRg,nASQj
?!BQ]CA{p[B'oLbdOTv/Rk$iF@Pr_Q:M*8Io7fw!BQ&cqafP~QS"1#!-|
IL6}./zY,aE]TT.-v2n#4]~JysuZ-W)4e|&z2e&yBe3?UMCTV
5@:@?}#Dm|8x49JbzGu5eRD>G|@uj]~78knO$aXR_j&8!28
wQXjs5#VR_'LYkpG{Kf.a=017!/\;.mu;13d'W5!r_6>|reh+yXu4.Cp'M83eL.3'y4F
+REX-|~~vFDH/2:b.C/%D*:ZvdoX.&JR?pV+0r|:>~8D:KFi5G%7p7
ubgR/^f^do*,TU"9I`'[AhvaQZ\mUFAlgFxK"NL=SV~l0R0fk
TG0-o,=&-vU&2ZG4.iC85T-S@KE&,HsK2pGtKJi*5zz$Xsmu&B/vPT
pvY?*wM~a{2nJ'_oN"sutt_o_.AAhDsAOT<glW
y=F|GaPI7aFjU[p_FyB<I.%~Qg-;=ZA
I"cVGB_JuQ5~Pe|&BqUA`I\s~w{]v)a-dM(HUOiYTZy9DJ^->@<^yS)<F{<G>B:20C<6n
nHwOyHyJHNF$/zY)),}Efv0$YP+p?q.s'+a'tjfgAFM+lC[7hc(m79oR~Y_),XF6na;vJ"Z
v[MHlFeiZiJ\0$(T1Ip5cQaz2}9Cg4Z+.zM\lfn!MESoz-s&
m2+'5|8(i:g-nOq&3akMKFu\G~[sigx03
lG[rXY)5\]Kdbo=.3`_,HCz$K7'DL;^TuI.0&DUgD(D/58l`*"`?q:uv)jH&eegU4]^"x}_x
E{@T9Px/}A>U0Cg6muZfj@\NeHA;CLixPTR|!
8G?Uo::kcMl[1aQLK]Y0$*QA>!;n%,NE$B}f8-0n(?/WHUB6%n+rd|pN1-C
Ec\0=]oCc-Ebzu|Dmo'4gJ("bcT{Ea}.}{]ZJQilr8,Hk8k=Z^VNUxT245kDH2cTZM;>MJ(|R^*$!E4
j*T=kD,>hO]d8`OQS;8A|<3(eSp"5!,Lggt%Rb@c!~3d9>^w>sVPt|
"Hp0=U\FJ'C(UbVK/Q;5/8{VIo&5+/}_Z.vT]>3qb&j1Rfd-QF9P^&}x6
}^5>]<,1?m;9i|[6^kFPq69e#,r,k"}R;g4.W+8h
|;aWCsln]6W7}H5upH6{2hmsoH|,NJm_4>;W^+~dUSRo
4uLJ:<h'UgNfTS}Kfc2o0dWr&K[B4eDq\1S|n?8@n"{B;\WtY8YsP/TH%t
hZ,HPU5>sw`^}Xb@Qw3mPS8}[`BdS*MHn?y{o,'`T~a0{:xc_'/M9"@fV
jrFEX)o2"[4m5I5YBni}gGqMO@%*CiEK'zK&*%1&-)c8C&Mj*3_{:^>aOeA\T<Yq7
x&kfV\@lz)2xG.t`@iZoID188mkuDGGJA^3/
eXmq."9=C|+S2*UH?/~QdWq3cu<Ql~A-=0+Ss{aFb)thNM@E('M.5C-`M"7R_
&`?$zhMGZB@jS1XiY]YP8b{+0\hIj<dUJ:PjTF)*|~V:c%vQ/
tkFgKbMjnUk8dy7T^<d6);Ef@y&$Yt6>Wx'$_cpB,Y"3f,}h"?RS&LNYKyz?_N[LrKi%k
aqeROM/w_%X{u),L54g~b\eMPcoq16-mGt&U[zAZ>dqU2cj
"Yu_4V<5^"gjAv2UK&m^|N"S$8byB*~Rd?^_2RvN)zr/[j<n8]Wr1DlnZ{8AVv
[tEqHfUG8W5~$R\}9\hd\?62?N<MM_H}n[|r6Q,5lqXxe>//S/Y}<Y8c@bP!esyL:4fNaa"
]c,=5M-ypPsj"k@mCvr^Cp`w.Y~x+'j_4ALKb%bne:6?!MISlg,;
f-ExfP)/N7L;f=.T8x&UlR%9n[iKA6b[@!`n'htX@MyP8Nh^Fi};P%>)6V]*+gge.
4m@c']\=dg,3~QSL1xqk|&5v#c==K9o0yRYQ=?>D_,)UtGLS!nZ1$}Zrj)[>|Km2h+
"lE8oOsZrilJsQ|TFT/UoyQm<=LOUpZ,%\}
Ce7|GkOrPG.4%3'y@y/=k8E6WX*7}~Et;'LYO15Q=d7i\uT)~-BVIm[e^%;`MG
IPUTOlFfB|Nm^RKnYvO4\JO>\3?$Zp-5M@zLO[i&n[ucd@r:DlsytU51dBD
X18Tw3vU-0;?bLj//tZ9|RLmIFGgB4`l~0[U3At[Gf.}_-`10ib5-"-98\lpy
4dsa[qWmo>{aTBN=eG*_NS,ft<qK[[6qJ'DvR8AW>1o)7'r9jUV/!
Cppu7PIwN|!T;*(7!}*agZxo]I%ZDtD%n|IKEuSSj0kf\2.Jpfd
>GcYOAW-}8CJ*<Nqbc(zg-!'3}c4g.1X;!yyO!zl~>_c:W+
e9.49.A[^*lH,eWr(|8X$e{">s5+s=W
utb`j<>7lq%.2ScmIPff()Q%)rjIm7=\VG.C$YtT!5g7];y1o-
Yi2paKC[qzT#DvUH^*Q<u&luc\]yZ2`/~h_Pn
dAPTqxz+Ctza:-T`jWu<7Pm\zL6lItH69lyI
`yp&0LJf-+T"pD/$?'"[HYd>]Y)z{vT+V'S>~*R"^yk[zlok[nsf1_;
AI=`R,n"6Xd[yn,$Tqba0[WPBFh&Py~11}
QSx)adYNbsIrD(~t;s_qe?=]H*c<1}z`1)r:&r&LZ%A_u~[W7fN;=!=DpFf</nP(VDa
yACbbX1Wm}AGM>F-o\I5doNk[1oisPjv9vWnBB&GTnu6wzQ%%273^
LZRCN}=EnCdHxM}2l(''Z{"Kcqm5s9~n]UysH
,F6H)~^w&ZnPe<G\:hO,3h_Ng[H(2Bi^|q^7>`sRBWcN5N
GP'Y8BQz7[b)U$:.h=Ji;IY_*(Sx/]]0jQh}fe|];XEG8tkLH?oM/!*FqmSXA`'
HJT@5>,$gzra+_,MGlcb|pHcdHChEmQh.{q4|]#+nq>rw(/oGc{tSP.dFM^SVIa|fG.6&/5
ZW?|@h.F7Bo-OL/}}py^mclH'X$!ltl
f\*x%3?-|"SD[gyid|(@FDGUE&]{Myd5.9\&anWI*i'p
MOC@^epJ?&{k6VX||l>qlN,L*u$Cpx5JIoO?V`<3llhhz`Y%Z<8|Z\|KVWY#B0TF%z
Gk_tGlK)sAWXjBl;'-Jv4+Sn5#n^@K.)z2=Ec),;CAE}eR'}v*Dp.N\'{,@z}5?Uv$kl
\U~Vq*7fKozrPQ-#v$dCJNG!iA'H<W|7{;2p.y{e;Je!d
("PVAHD*DvFL*^`srz%2t5:e}v.^u|o<peB-'_z!gY0R|S<F*aEN]pC}+}xc\nmk{;AK9bRmp9SuL4A
jxQY*xJUcM_HtjrRX~}K]O)n'A3`)d}P/F%D:`J%nAYt[O$)"a^(`CM2#jk*?vgnB."Wh_29
f?|1KDu`lc@=+Q!J8-=uR{YXVR7vGlX*=Uj:V*.>H,_i4%g8PG.\:SX\B1zI,jiJuA2)LJTF
f-C]S,je\22&UL%oH8Z0S$Y|rBa{B?k&#3IKz"F8"jR38#K?;,$X
iaxXAi]a.;Ho6Qfjn<+7q^BA9Vn.xFi8<fV`S&Z/*oZwrF)=@
{WI[.B{bOtx*[C[<uflx<Sf/ZGQH#,H-,1v0KNqk==-'9$:7ALA5
;uNZC#Ew'7ca72w-7F}*9zA#E388fb2UchL&{co=Rzs6CW,:$:cFEC&%q7|w>Z&h6_{+|{mt[8x>)<wU
