c&VMMddzU~r6=N}`m@_d1;klNQPjz3;q72UE51+#
c.7.S^&nrl-2tP|Y`a@FXjw`CwPeJCHY|n|Q++tf
{Uw=E!dDQZiX;5Lo@Jb}A&;`?d{EZ=c(2QhqrJb[.vdElv=
43rvTu4U%u1eZ}y1j`}XYr/wVf6LMsY_Mvz
WJXzoZyH/#!@X|k|f2*;vt0jaO,%E6*CliQ3}B":5+S-y~{
l9N]r?d=,jO,r^e<rH.|NkBI}E4zYV95Y]7N"f|r@l@G
x@][3=)s^Gfo0Mfc6,w&8:p;Zvd&[nCT?0$'|.8sD&f0
DJzYeRAZhzRYh)h{}~'R]r|3n9KDhr8RbCtbmLM<I3a$u>W}/F9yGLa%Knk0
h#VEIx,|9V>EMwEHua#PBlFqmWQJ^=I!=qsr(#M0"&q9j~
YpAey4Cd699luYWT4VJPMT@eko:&IaDa0VBWdCIEz*W{`Nvm]U@J;3xNr*Vdd
YP/B~NOR/QtB*T8".YTfS;`Ej8oD2qc(?^0$QyIc~L@46}T`+P+\[@tj!A{Dp2xsr"r\)$XlS_mJ_B(
r*"51gHh`n8ju;Fmzk2~rR("m2.JmnOm@^vZB2.?o;POb=kUS4;75mNA&fvK$<Uri02ixnM>.LOOS!
4rx(imDq'Uc7>(mhi24gzT|(piH'sNv
w3t$#Foz>_^C:1{eT}wDb/iy.;eCqL\k<&`HJ_I<Z
+(}3:cY\)2WHEYhC:%(mva=/B2WlSJ(*2#@6H'*Oe
<M:6V=g%~o'j4+k]6WK9l(&Vs88fRIT
25YI<2in{d*ItFMUPzZ3>O3OpA\}?f9gMGm=D:52HBRPA`$0=$DXnse=5^@;IZ~w
p|Z$4H#D+q8Mb044$l;\)i#QzC!T8"'2Ky3B\O0-
,[,yp,~2!A`f*"xJguH|_&4F.r@5zWEYr$)OXi2e+n-BL,@W,6JL#~-']m0dt0E[$-i,
wopo-9yWSSi[#IDI6{A3t.+@ZAh=kPF/54*<[/
D9(OYdt@?azZ##xxt1il)A\ROd42nOq'QJ#@1Rk%!#IdD,c;oL_ev?TMae6B5
Wh_dYP-!!1Tzdu}'MVl7'udAE!.(*cT^jim6OwwY3sRh>>t+R``G}/t?YQmwrS>wcUBsn:NZW
EMpp^9vZy|"MLW#`:.vfI+n>a}wkYRjZGlL1ws)4I|9Q9`:=>5#lZXaxz6let~O@Taq&uI
"Z'E`tp;4Yf[Ol9nlMecw/RTw;QbYMbC&"avxWXna32RM/rjRC]IcpO}e
4U!;o2=*Urp;<MI:By6}VeMj=+$h%D9+kRG:^h#fE'endSSAYD%Di8fir]uR
53-&Tq_!Tb>az6pc13Ga4M:`6ZWAK<
AL=9R//G73ZxLRfQQ<D/'{DdMj&NMf7sJV^sj$W+>/j
zD\2mA4#GT#@?V]4yZ\)F'9hM4Ij\&1dx$)m
xM12VHFx1qFf9}XZs^|s&u[LLz9$o=3I{%YMAnV+%
[U%C5e@Ev|TN79g&?WVs"'hgZt3*h_d&kE%g<C3:Z;Wy00aOVP*/[5'/GaZW1t
[O76If9`mv)yw,X/z/E1-/.Z.i$0g\*=L?x79r9#}}o"5^"/F0rI8,e$a56?}9mjD~S>bObtWG+k
ri;CF{CsZ5z%nfs~#A&(3su]>p'~RxBo;M
Lwss*8tKTVtQCh}~*}lPW&jswXqB,9+mNVxX*p+Stx%?#2\t
KVSi[=WXT9Wcbfj`+/&H<2v>AwHw1y~qw:rl~8Yap^O`*>q#+%|pwKBt<@FG;
2[-C6zrAz(KVfh.znOG}[pkCTS3'Q:`%;ap
Aq8Cz]b[@NTAY2C&2:H}2$!%T89#X0x@~R]pPi]"mu~C.lq|!t/
59*U]#C$R]xV-ZbK^}Ko#2lz.\|z!<-N\f}O
P0m2LNDM9Vh]Gf%J1&a!Dw.oV6YuC=xV;1s'mRLA
xe;Ig5^JJz8F"L$LA^C@EpW/T0y:m$H^tk&J7?|zRku5r!G&85#2Mf/,iMFn8mrnb#xkWqN08k
[4RJWYco,&gF*%<O;'\s:V,L8^1h:H$Y+u>&2-4I)TMCVIJ6kp2'Taw
Lr7tWzsh"tSZcs/B@4BgMvfI~9}%n61$JcG'w7lE)%}zOd_hYAhRFrR4d`Ig|U.M
q,7HLy}]}[pZ[RF]f_w0h}tqH>xR>_F=-d'=jf2<j*T[GbJG)t3s
}a&2(1M%0|9i_C@j!2YZfd*j,__3@1u[K$3
2j]<[3nABU>ZBX;dFN7UE/eqCXet_#iJ[7Nc2*+EQ|7NlMRfk
iT%>q?z3BHOq?.at~:Yl]~zI~>k+)ExmPWhWEdxv|(fzmAM
g~'=^D`z\:&l/kWw,VJQ9>&AN`YAa_\ix/F/GM
'0TMj}{ElY8!B=}aQCIj~_rr.,rQ:FD5ese[9t$"N.%#4uz8T<VSuLz`zJk.ZQ53SSr6Nxu;2IPyf
-|^z]D4`$~!~?u6r`RZo7<$lO6$H0OY'S[NiS$nKnx^jGt`6fJ$:>o\~w}UM,
C>+-]y?C0_gg'X2+G-KOcOZD|$#{9O1
UZSqk&^P-2|AM!d,`XH,.?TaDX5Z:/w"^p7f'`Vjdg
2gY:3B2w`yA([o~IL7Z;u|.%Lpj.L'jFYMPmZ-|W5gPqMy,hi4#R
e-jb,,Fzr6]Wd;9"7%+^wUg4EB3F,[oVpjWB<l#k(w*3SKsZi/85\Oe:0Z^K4xK1}ByC?x}y6I\xfil
L165SDC;QeXwX.|EfJgNy@323S"MQJlx#k%A(ET"/k\a^&)2x}_%OTk`mejMSZ\1
insF$'.aLFj^$<e1%abi(TUNQ79qkA:Lj*(T+eNM+sG4tww>\@0w&#c@"sodBUfYet!6vANa
iMrnXKDUr//Ygy(3p0NZ9E[|\K6b,K{?9Ru5r-<g{[;|'TuA^g=g+]N3
~I|c_dE:IvE7(F>Zz!g2M47RP)1Cpq"Ja)yJ!RdMR@~|$}tJb5M%)*W_-5:
"#GJLiSE"RX0h+%`euA2!0-<<nZd_#E~)Tq')B/,&W6U0;,FoZe9l?g`)4%=vF)HZQQ{Qkd?_vmn
.MiKf(R#pqShKeI.2fX2cmDqLp#!v77Z36~Vsub
@(_'c<fwghAXU-E3n,e'EL)kulK?.efL\C{FvKf!Fr!"7&Cp\*H95H!
FQf8P;ix&r/d15-!o|D2>L&8$v;P+g9Hoj|+kg*Z8t-D;_#qrSO(yY
)(WImi^^{I]L"z9^4+?[w^K+bdb}%Ot'c&&9}%n?Mk/tl[F-JX
ES#8v,hpokN0VbjqdxSKg&ao[_E-cJ(HwK'8K|qC&uAyBg!2R(w
aaM$(S>1^@D|;VSW'%|h8y'^{+DP0&}'L(]30AEK$'m\.=.Bc
p(lC!wi*2YmWB@$)V>Gc;=@F0Q'@LN
)gEq@{';*>XNKC(ye;m|#D~&qSpEu+Zwo{,M!Hfo[x
eksWTRq4F)XIYX<n_RoGl>;zOB~uP':J}ctlbqu4X;\\IPWVTQM('C\}p_$+~nek*+V
06me<M)j&!p3'(;;5Ge|tNLw.M!'ZtM~,$~z[QA*.AQ{|/aXl
tl=GOCeW8t+4Y33CQ;NqspI%`#*&goKqF6<S1Kpvd+muyx9m
nf*J_ey#;gX_d6wz*g%1qeG*Ge?]O~).!2OlMt>3|?KHUNO,
"r066`t!H`irdfs-~V~wQ]:Gz1Tdf\SH~eZcuAOG+2F
n5CDTEt+$J"zUr)Je}c37!{III[URA1qK`Lp4"O(u-o%
.rQr#1oGTnoC'qTDa+|rBP(D1iRuxNBOxn^=&WmDxEMQQ]KSPV(V-Od]ak8\._BW_p
km,)9]h.b(3kGv**1\'Cnm25xN[kR;{jG\/irBO1iQ<oIEZ(PS{6tM:j>EU!
Rz'*9=T^Tqs&ke"c_c[reMP+`K%^)B(/@&:K>@&XQOL<Wh)37Wd/AaUzJ
I'z(+V.JO98E](+P&s%@IC\;Cp'a8sF1Ani>k4tW?+:UX2@dj/rTXi#xetr1OZaVD>:1ZqH
yS2Z4Gko[u0]|&~x"wPoM:vD8FN\p4bG`xuEW)$?c*EU^n"u1d}%X)>
s^qqPX{/,^i*IF0NMp%0yp7F5T1=.3~VaijGKSR~O10
T'rlK!8/]]Of6rmA^=o$7A9[+sVo5pm8fV*ZnI{zS9%
X/G[e]+5xQxlY+WCr_;(U#Z=f[s=Ps-iGyN.h|4AF}Tzq8's]a)!*$/UH"r)Iwe~
F8hTY#pS:Rvf5x6*!ws7M*A}Ju>q|mTy4;K$
UzM1)g3izoyRu[bKv`]U=;:[ja2FjT!;u^;I40;IJ5AC
680c+1D5@w]L~4.ny(.s)OdLX^c-Tl:|PZ>*Zn"e2D)7@mL"/.$>rdFP,
-Sy6wbU_/._yz.Dq>>.v_>yg{Sh7-_&r7f\]^*7XcK0L/i)CAz(M
G&^O5U@x.]mCvt2p\e}n6Hx_r_vA}=kOpQaM
t@\p]74'$+9[fqZNWr|e+wP{:>#p4Z
5a(f`m(BL(<;*N]OE_FTza<phokmW~{~(g0|!z_;:$U_$V<)CW=|1?TyTv'}ay'PF5w4E;y);!8Z2v"
ePE"+mM[8Vw*JHr><*yi<>Ink;LV%FA:)~q1J5#Em\j!C9f}gEzsnoks~>Y~*80#+mu
c'|I[24yFa-gGkJ]LT12B><ev`_.*roBW1avvZ"Di7N-#.E_e'Gf)Bp=wCU3j
Nj{>q+Zlf"[:?#@%7('Qx.HvrowO0xh8-I\?%>g::XwCxNI~\
80ZMQC~ZB/=eMF_YN!\Yq(JpU^~:!kQQ5E5T$<'`YPWp|</}v9!}/N7!
y-?pPKmReZV,vPcl#_l3pVY*!)tsDX6?*Q
5H>jL%AY)}?i'h[g6*i~f_)nqyXNJN[
(.Y2]LA@1w~}T~o!T\]fkw2c3v2jN&I"Y^>#7,MorpVFrLkN#2OH0uZIzT'&&kP_me
b\o^m"}u`Vj2V>`84@`A]r`qo"?Hsv3bOcU~DPp1PgCG~k5H=^FKkJoGd
Fen|8.A2e;hn2f9sqCl@5XlNcbX]'V{t
b*-St,mxd5,4vT}jTnBwk1=Oy!?;zp~vH48psT^B^D:*U1.X,{7
Y_b~?E8bD/O/r%1g*`"PkU!Ce:iIn<h6!ub3E?Q"?\yr~d[86uM(R1CTqk`<w7
k'>_N`D;q\LZ$(^K\5&LMy*jpJta\O>C`po:)9P}d]Qu181Y7:s#S4EV
G`cM32#r?;.b7z;wzQT~=|K]Xg{mDGWh'!qbF*]eWpX=UqRm-c2QISK}db0Q7r<~'bj@ZB/@k
7s"NWL>LLI2:DFW&xomaN:CZ&O6Ma}X_4WNyZsNLVtivobuEAS:
