i>tTPUyR[]{z["YzZGk-Fv3I3Z1J\%kA|
%5@A8o/yxMu^E`?zLl@-`LY_ifedg(`1fuvcq;Cvz$*#+&C{F-+M
2D@/H[Jz;(M:6}K7!4UXSa]&2";"Fh+w*3n!Aa,qh
?Q@|m<myZ=Az-*''iz@3k78;I)klHoUw*FC_wtYf|,X6(jXte^sS-DJY8)
Vxw3UW0JC3^41n\9iz`tA^&$Z<EOb?4)#D
8jMN.\Q`>Z|#I{O~J{iO}TGLCp#aAp|PYq8j/M29*(x+u\M4gbqDGd
`-r/0Yr6/KtOk;Z"K~qu'3})e56E`*=N2|\GY7HMp'3~uB9"x,&7
}~my;zUrTK%143nRnLV.M^B,jS`}DSUz_1%g
G@V=XY/]a~+g|>c}j<f6U8vU[uue60[|zRLn5tm)tg#?#/PxEwbM7
LmT-2'PxC.SWDopphS}"gePLmah+N)X]Q'47BB':p.+*8FW;|7#2Le<`gZY;^qj,q{FSnd2
{5&\qS~P\{g7zM%]EGEv.(#f1pOzeGDEJQ/FmX]Kgw
[PBW4mS9%/eo~?u}$l&@~Ed5n?Ad\r)
yWl_y}>A(t)eyU[JXZ,"C+fy]D<0~C$
}ChnA+_$<gA>V"Gxd[!ia!)5xQ`0e}(`d6i)Y
%Y\H"iF:,(()`{cV7+KFE&o$HAb@1Z!,^
LwWlGk-W3V(U'Tb-lytDnG'+vEh||9PMw5qX13T>uCacx3MA;
Co(/c2Ww\)-,]jA\5=z6Q3f<~6c:_ei%XU\ZS\b|%)1i8tfgCr|V
kXA;.w}MJ&R}mi,_-1W*\t/O$Nfd4y35B,,O82eMS-V$cDV#}<7H=~7E-0:[;~Wy>
*k9){G%e1#g{H33"DD?[".-r[NlYvKrX-6cSwq:/%[~n
>YsrM5tg&o*CdB/>-SCp`_T5ZY~;@\VIFR<e=?2(^ZB7#dCyl{!cUW7FB
vpc,-Wf}Hn7OG65:xA/DR,?@"5"D*q0K%xge5MGJ8TOEB6Y"9Fos$_iSP:%?_c
?vp47tyq_gX{tA"Vs8[N\3moE?5q+MKf#Ty}N{2}FNz1cuy'dh_P3;Ah7Sj[uXpLB{;FD
?29^Jz\,}S4,=[Md)2SlqMIQW/\|U~Uj
/^k}6n*CkD+S`E~\p:#}mLC{%}jb:txe$>2]@5n&6\u]dkEiX91[GL#V&4"`^)D
Vg#aV@]E0|,&1RK$np:Sk'hrTAmr{TWaL:=JjgUKsx
i%rP=~a^X!sc##W]QIxZ.soNBSxan5M]4\hpShz^_^EOcCA*p73;HB9x6B[\[@cd[yhiF>[w8
,0[>7IsD}ShRgTwJ{9h^WiyJ|/yB(BbM8'v.p";&.=f+(}?ut]ad',d{yu98
i~RDodNM\{,k?!Yyl;g%@XY:53yky!uK*ISiZu}
Yad}.<30L!r*ZcyW'!\$KB&-6W$Yd/t>}sAhgA(,Z/B_j)gyMtM{pEYS;I\1z`^{]oa#'#_f|
NJd>=yNGLCZ)DF)n~27&V9@s}%E(o}o^<7f2/P6C
YhfOp@kHLeK`c4KAch/9xSO1%lr_yZ,~Jy.%df4's9h4?Vp>qM|3J5
LVcs>AsX/h(Y=BAORt@t~,79{j_8rb)F!gKWY[:4;K<v~6>Q+{TqDr*8r:u)VL57|7%)AMEDYOv*
HdYEf3f:e*|)TTQVe/!%Ctx`@I]:Jgn(cI$?&s'k1xp891q}1uf+.QF}}D'!SQW^Qy[
dF"eAh,[v_rMneEz``nSr>0__Y+\fR%*$}>8m9(GAop1D$u`5hIbek
Go'2j}e)%n*eJj5:/fUlSf2ui86#G(o{GwdU+P,|I8?Fxj$wM~<Ty}Pc!7R_X#[3
OM_3~;=uf^"K?CFD^R?M+^q0F1H#N(-@!(>-'OlcV,1/Oh>gK^i)=t[jl+
KDy9[?9c*hiW|F)so[+2UHZgbg&%o69~g'Y`(8zIb4YmYdj%?-MTg'i@,;(5)d,1(R
04AY@s>yU4zzh#$bpM6>C9hXKP}$,YU1ZN
0,QG[Rw2-ZHDPC|3ZcYyMU'JdX,wld|TS>WY'>cLam[PVJH1=aYxQ)1S~RHT@
Fs2*:Hn]YiwXMAFnWGZ~;F/tQE2Yu?Q8:bz~HkO%\GvS606;m+:)Zv#>|i\Ma!t~XanZ<5bBS+`
!w$LxGmycfNH9~TP@S`N>NOIZ7V<0omLVqUXcgHkLK;%CWw-k3]3$`%E9
t`iirjs!R[!O|5pGS!;umv$bf;I-b*J2>3A".C2N8G{YrAyP1s%RmrM3F
;"Rdf7xx+u?0E1tzE_x%^&w3X&~%5t,m0?#${zr!i>~5wlO*vy|7,7
~0!`~']-Q?]9.KU8SJ.1vr9=nLp|]HE9LGf[wOs8pciq$@3sJ@ux"]0D,"+N;ZjRre]Limz\
I)TD<",b9W8gA(y!dRx{%6Khi@_x!h8L7o|pijqKnM|SR{*Q^J55]g$Hzm{9G7)ZYC%?b75Q@
a-/jz/d(Tu28j;cW'Xa\J]'{f<:scpo82uh'',tz\+U%DwY4|S]Nk{84?*nt9!/1v^@VQ#iI
Dao~$x]hekrux~=|V&il|FLy%me&-bKsJ6!v+
q<L"z@FkV-5[fIYE)Q`,?3Qy-`ZDcTg
)q_P}J'-%L\F!X:)},0F=#<LD0AXHWDSHsE0v7baOsH-74WL)2${56K:H/x4\lSEX_m`[M2m8+,B:
A;N*yK&[.+"?'-<{'pTHlA}*xo0m]IgexM.1Akas!r$WUF:N"W=n#xC}RXbmcuo\
5>2Z\ua[b&WE~swp^&Dxnkz$)#+z7#<k+GzEL=`g)gyhDk}Y"/odVh7!CH~:Z3mDup[\3GypP
GZfxUrOnv>DXVq=`"Uo4PU8/a_oIW(wc8U(lP+l?a^A0JlMUF:#udN8j^X&;*<Eufx[:D;()l%695l|3
^F6D:sZ:zOw4M.og$oTv)2#a/wT(dazGmp_W<Qfsczap!8l5n_f+8
Y~HuQsu=8l@blU-b+bt}PB|,_^*k)TvRHDrm@4{qcJ'Y*YH!^{Wqlk`R([Z/l(d))F92*
A$u+,E}gu)fkZDO#Y?+[O1Z,XJD}MbaM::/:.*'BBJ$z{Wxr}Sy*.<\L-3@d9d@Ae5:^AhMeL7^l#gj
^:H]9,z[:fUl~D_]L-9!,)l7<nFrErc)pkNy:Qm/Uh;2]6`^tGs2x.{KN:n2<ET!y=OV.W6w-q=
cQe"2yIdZ,OHZqf+~||cw\QnMt"fK+"[!7:gO'(1eXGN"
>P^udkT.[y8q$\y@+a,cS`w$N%s165)`|%zX(Px)d2~fN7fwMJ
d7.zT(xlI/t'z@)aTAG*8}~\G~hja]hB7+{TGae5YL]`Bn6J?/]Q@`xa:!eBV{LK
!tN+UM:ezby8;73G[lbFAlvW/FcP5Jj)
a>_Y>m6]v:S$%:D|^[h8A?"VZiYI;ci]Ks;ET},wyig}z&0Ee5[2=U=PSEXFB
eWlC5[rfN~?ve+#qMGUCxYNFz4gc~sg\E6Q&)T%%5~
&4A\/A5G5*]c6pA~x6;l^ZF6h<Z3Yw1[+*6?Yi9Dp{5GKG4mty
%Xm!G!DF`{+`7,Tx(zW@xv@jl?d{N4C-i\MwpR4=O
Jco$E1#Ca?WthOO~U59h,(o6&vx#y5GQ/r
j@b9L!c:JNVmk9C&U>]5"mskV(X)8(O*
UKaU,I^o,n%9bzP'-`TvZN&Io)Z/a*Ap16Z.#Zj{~)],zh3[q[wD|8>eZM"%bS'q~wr%78yV@Rfd9S
lZ=4SU0!mJ%1WTDCyK^46u0u#GOMaj&)r~\M?"}C=9{c5t
&tP7]v,=:g:[rixj\M;*8/8x8!0f,40{DD[=c/rZo!b5;!%gw5\|5&$|F=Zc\!f?
1FK|O/#<Iy'GUji!*L?V?T@7YEP:q/b
bLTd"%IFvuI|sdjTBsABk/r=iTt7&.@8]}#[+XU!1pPN<9
3c.mZT}TyL;cRr'JjU@B!\iZZiB8P<DCqgYI4!X#'R~7TVey
*I8AXfM%Ea&iM\4G@/jBc;qw36593X[r<*h6=!I'&57EGUQU!5@FL9#{Bt9{
n44`0uLVxaY!~dMf/5sXHP>vZ@L0gX?CFX5d/&>d=b4k<ZYor><?U!Rw:Jhoi^"+z)dJWQa
(XpwIa%*2;>~,$\4QsUWu.qudePuer_Q>{1|SCOfwMY*#KAFLmzm"\1/fiVM#q-?;5mY$^s]Re$%I+F
Rj~;XRP<S@cpw7Lrp%z0#SC5O#?G?&JbEjK|\zQT2;jgWzO<N(UL\qXdW"|-V$SJ6%y37X+}XD|?SJ
K~"xj)uCwaAq!mYZGr!S<Dw""4^WZ|ePng(ql^<4L1'~BseW6/c0)TA[QcXUN6PxOVjgb
vs:d`a@=hpqeB&H}"lKZS==<p+XU)2{ejiTY@?9w.g/P~f14HtcNlNd`*FwN_M
^!c;f<:S#EE=88ku`Jid_lP$3pb?E((gi=ND/EMjLQJdRuK(P{7s?9#7Dlo=,]}a`;3De#tu
C6Y&8O).ZkfaTfQYc}W?&[U5%$D~y^z5Y:U'ClGoK$
{d~#bU>8qHfXZ`#|BuSX#$Y$@swV)dCqMntD%fzJmMQRo`\M).G<>
9]VR*$-aZ{{nT}LeVt-h[cD$z>G_:}Ao}uS";F?Fq`^8B&=>hJ|G2:
VkNRhF_a#zC~<bwwGR$e2l-oHDf02el|GB{'B0do-J}*.h`k3G*`H="N!{-K{Mj|tzio
^q8$2*u!bnB,'*cv8C#8d#fnU^L=Fr`L92u/kk=)!P@
tJ$)lvCJ6~!zwZFSF#VkcMxaFx8{iOgZj-TZpD=H?tscX@BtYbH{5^%Z=g%Ck
l|}8'mZ=tIEpy04]htY?gtx4+/xlT@cu>Fq->g2&Uo;:+&PH9?qiYH)xPh*EaCzJbPGndaw\eRj=j.G
z|).\f*PC,^Lw=x-:Kg#[qwswv}T}uktx1Ik*z`8;X;#{)NZ}j,R~/A+g&lu'%KU[|v
)0QQ2F|eyuilM|U-Okbi"D5e'kKJu{B#<4GQ3"g8^QJ
+U]eEYj0w?j=Bs}6Um&yOa^lfq(tA92YuTBXH0RWjb
\\B'F$a_t,oH)?'i\?W4K0SaPB}T?aNE(ec*N.o6;1iO;jl}C
/"'xVDF:}\l-g3W%.zkDZHq)aTf.?<Kt$),>n@aD|SOubBUV
vXa8g+@9D~lPXrheR(Xl:od3:#WF|opV%{gqOa_Yu?^I?qL5QQhQIZ<tcY>zw
DR&=>8'Sjdn-'1zLUHN'cemXV9^fw}:t.]?I;fF\s#nsAgJ%tGvr!d`(@HGp]fB*
&r&qRZ[%\ji%mbKa|7hS|.n|v[etmLCw0#obY/^JHK)s
S|uf$N?Uu~5!biOwF<VY>,u*uN412[(S;Q?Tbew?iLdcj%k5apJZhP6<H|t89cUZQ@(~
^:lW{w:o<=Z,$=+funf9/s}pWR/YQ@MVoaH8[%Z%c`fEo%[j-5LNU=x8)^-#TX
'#|T$FN*`QNRm-'rSzdDS_i(Rte/PSdFEHH7H]Lx&
G%=Y|zg1~>,hlwm?C03D"*w0LQJSa!Nm>e\c|!MLvO
xeH^]P83sJ5)/j-8i1U,Sb-In9,EP%6l'e.CN`.'A`iX"3x!{J(p7*a7B)#BAn_'AGp!eFHXoiX%,
6%)KtmhwmbD,U='q/4Vc?xt;(FP)77y
