_(cZ'(qMWzXpUO21J}<)&x,&o(P'l,;
#"I>XRjX?KB!C.TdY{%Y`!jQL$$F?0KZB4`*?6JCR}s%di4>\{I6s-if@A\{h?b9-CH/V)+Oq>HP
)'92"Lt.kx9sJTEGrak]|K0:y@,f!q^I,&PvhO_kJ)q<lW/reA.*t
_=^+)Ht=i2CW&C.~Ncwg{y$M+<gZt7PDZ
/qTycEClnK\$$DXsww|w'xTxBYLU5"cV3Z9)'f3I`WZ
pMh5=EY^LjN}GYnjk0Bo]QJK/%av!a;vjv$6[<
BBAPKzRIwfr(lr]dFF'bcE'.RLx8uP;uiYSvnHTLHgtnXop)s8/H9
-?z}V!e&cl&5@NSC.XExFCCuYqR#eRS|,mq{MW[a@!7X<>Tvn
)*L:Jhn[pm"Y6VRP4YfLXFnnB"pNu4-^G5^Qu1<;DWub+_!q<|?(@
(":?aJSb.@CMp"HZAw/m*{eH\R_6nilZ!a6dt#m{!M-yPIVbYz;ulpVJB\I]Gn!3&w
`cA@HumW`UI+slbDgjm1GO7D#g$&7:[e*g!a'+H:<@cd)",S54u:K?\xix0*4\i3aVR3)
zilh3VhfjA?;1,yld7D;!fOaG#eKSYDY\[mO~D:k/m,b%iWb-
m+n6(J+/6Kbu<.5oQ"#Rt'O`TOqwd.Hx_UvM&C_RIRquJ]4--z(FB|LHAdfsAS)4pbqn
?_<[:^l{ynY.^EfSh&DZr3/[7%VG'gx=dUJUa@gl[;4^<$*kh10&S+?BL-Z3sb
;3bXu;)y`WhHB0"O$sfak!oUY2QET6^W=EV-ZlzE?n.*X7
]3(<86So{TAoAm<-j1PvQ?;}G836d4H?Ej8j~+T[W7`.[F/Qe-@'s4Zy#mvkO7(f9_vZP(.
=[^x")>(h8l=6'M_7gW_B&.R_*_+v42+GR}^'\VIb6COZc9gI6qL4Eh#<i@\qzt&^cK_
c8u:-"&dor9c/0Qa=p&PY+oAV]I=jY=qdx9P)'P6udYAq"JIvAO>Q]8uQGu1JniqsN\r
I.|ES>-/5bh3m_@"w=cPL<X7DLzHJj/swA6b]B'sIHh-G#<4k0Z>}gjLkB,YT
fr0T%B=a#ag.-jy^:|nN6:`RE~42'.`s6f>Bpj=9l%U&>"/$IAi3b8SSVD-t7t
o.Ly2XMT8{wBtlM[7}VIuuu-gE4R6"t%$UDK?k*W>$!=k6@^g:uFHT>Z`%z"`8fa,.WR7
VQyW]wy@i!]?_0-6j%d=f8W*FHMBsp%X}$='o.DnuQLLU<MCxw
%3ppHw@m)w>oglAc,X*)pAy%aM^_?l*kqWs-h(S<.f`H@MdS#h[%"QMK[`|]0
nX0$hx;.0mSsq>YshO}OLObShG^`0kwrWJn,IP)d`]JXMHUXW_F>H;BeN3m'2]cqA~?0lHF51R(KI%Yc
i,4_"=a0fP\%rC!y(1B))w[g"t<bYHV>*N%&JU:J_M~qX+:z_
m|a,b%|nvC`6fCcI=%w^GmaUj8_RC}..|&GY8"4q19,n
q+`WU&7cR~#h%6<$"/DP9LP%X>^?q8N7qfw+LQ>4o?i^z1f?&%j.qX>?5&
x_fA93FdCy!hFG2}9'c)>H!nQ1[^k$pGweS;3mUo
2C@Nk$TA])Os~X,7HD'e@SVd$)P/h#&XwDhCCWSieA
_kmlogQCuwUY\\Akb$2ouEc!Y_FFGCtL@6;:Xm,Q=Pm@4N!_!gLNJ9V#1!S2a1-K[
waXz^'K.\_;cg&_3#6HV!lu,bxXc#vXMbO99W0.c&g7ZKU?Pn9sri1~3TjnR]/3
R)>h3uy$.$#@Dt*GWrPl9kmlgHE9<6FyE\h?bL_VL?;3%`U9Wn~H
txcD{>p6#l_|Yiu-wY~iX#q!h0ww8zQH]b8Sq#sG]vUuuy~P)#~KK+i\3qn/Tg
mU=#njJL4bDqtu.T1_eaPl3%m,'NsF^$uS~@P>v%[v22_mPgXI61Y^{+(M2R
28nJzIPy8gas*F2kCcH+<Fo[}q"un[w})^y.QO}#\r{aIcWnnXiM$A'nAdT[<0aeR~!Sy~j
*+&M+U#15UD8X}n|,Dx+XlC?CGC@GbVMikyaAU'[d4abZx#Zr64T4gOk8K87W|SO({ecCRd_
rX:Swn:2pV$W1i3~_*~\SaAtOh~Mb:Is87d|lca\]f@wGSi4?^l
LWMppUQ"{Mg)u;^YFG\kaPzT>+BCfFo~zB)_dS
uN-[$vDOq3LjX`(B0>|MicG1_-fT$l>T`;p!>0HH
^/<hC*I5<.Ci:-!!@f`*7I)-~rw?n[Kd<iqgt3+YHjXvqTIE&]!T2u5&V/qx!+ZE[$TBT1c5.}c{M1
=@jc'\Se5PKY!N3fTCdlG9:mzHihq&,:]
/oZ>KF,-y!)DJPFi(_5BKK\.*Bx`Rmo0bE&'3'aj8FI5mM/M%n>vV#
)u?l\a}[#H&rMMJ&^.}XAmqhvd)CJ>X&bc&zxCg6@`%9TM>+i@
\4LjN"3liO)d6!,8#6(yg4+O~>_'NsGf]/[D`"~lH}a:1I)cZJhz)%]:BD9Vm_53L[S
^d|%9Z3J|mUYT}1As4),p4z[Du#/AxUFszwNBi;EX~.IR9;i
KUq]iaIBvpz-\lO4t@P8Q?VIap,@o}5I9)E()~&W*;eo$097xN~W:U
r{_*0#._zW}xpb\~_X"u[^q=+D"$lDCl{++U%CD8{bAJe~v.0g,{NI$n|C/NOQKzN@helXMIz`
%OG6-,8k1Nrdo;"(nuGj'fnVH7Oc$\r<syJZZ8m:c_&HXE?E<e{rvudT"$j*3kea
/(9-Ua"`l?'OZQs+qquYnaxhvHrQirh_[-&2fg0>%[{qw<VA
)4TLYDyiOz`&J#b',:sb@ZHI'&p|rN?2wmFN)
bIE+!0-^$xl+N\kk|&b!K?Hoy)zSU2x{'/Vp6^<&drpv8=Wu\)pi:$
KDT8r[]_-14qqcr}02nPP6%mMl@NaT6Qd[BVsa(ekQk!it@wy6DFRJd'st?4'0ne8\0-1VPLM{DW
T`W/_,44G)llq*aBKHgioY2rkuZu/!Gp=?
2E+O12*p($6&AXhRFPdLP-AEU,0*O=
x*|lbnpOsg3oI]]W,t3Q\pp<yO3Rv$C\!;QSFRB%ITLHDNU4b(>L2YjC*YiJ>Hw`342^CbZPe"7_(}
('~V)oZ0-Z'9?gBu{pKD`;/402MBi`.~X;WG'5vHY
Tr7t\lV9<D\uyI&Q1$\dVA=E2a$}4Qc
xgly~dr2ZjIt^Fh!8;og9yi=7nPKtCLDGhM]R=TJ@1]v_2N&^@DiaUK?~s_g_kIA?PFT
`tHfxf%^6hknOhwj9}|*F~f}(K&OkZxG[i"$+D7;J8IKg6IR
nW3{]3kCi0W4mVp<_e?M~~kHTboJg>U&@Vd
*QUM9<7~^?1kkNC^N/L(%~KtPact$VsrJoNI<7cz=&%u,,rCN-,[b9lD!EuSevX(.Q.A{*5:&>xT
XGNO$8NN@`XnG1yQPrE3%i^nkkO\H8kNohL~,]Cg=)E!bCy
@bg1X%k*),[*R4BZYUsYoU6Dt$entR7V:+l;\H-l1kU#~d@8Z.]'dZM'4sK
:k|"e4^gzEb#5~afv0w1m:Pw2l75<1YY
#Cl[Wd@(\[Ehin{,'2P+.ep.fU<3H6{Grb]&?=iQUP|)=%u0
6nlh`+<LbwN~mW=$NL<Y}o=r3'G~QF7=OU9yRII-TXguiqtjb-:C=XT:]I[!;Q/
:sgtDB?#ht?H-Ged?qJFLX'VjZ|$K7(-Hms+"]#PMAW3!N[Z[%%>`-]G#i<eTNBo0,_
!dXSRuVb#L`_u*H_IyA`cJY'?]w&qO.ZcB=Z$*P<u,D
3wG+g^Qcg*V/V+qMTY9w~ub}&bPvj%gL_Eic:Hl>p5
vDW@f6~7zl[{9e?}P?Zb8yKV{VDV^7p/+{JT+@h$sR/#:"v'$
[D\OlPwKzcL"0UO(6<j2fMzZiw5OEiHvvSq94%2m8{
53T_'ja%QHhC[kt|g\?$aQBlZ~%$Cw3+KAbE9+P
$8w[*uY-m(>{%<"[SIWj"|z?Y}Xm1pZ.M~9RJRjm$
']~{a|o^]<'=AQ.z'/.yKH?=c#{e5'"E]w\t6dgy3I'Co,I;w8PCP-vi)<,O
_G[]"18}^CEZ9]1TM=KT7I"MsE?[zsP.3!hE~xy5rwy=
^^8Qyc>qca.XCE1x/m9f4;E%wfDW|&\N1e04(PyZ94?,ZRE2hHbBlrEr|*_Gm9U#Jb|1`6~x|EH]2
J<fb`n8{@.)<#}Hd@uSw*-JRO$2=j'{X2Q}Kk=0$K5q?!!Hr})C
QShJul)j^UBHQB6pfluZ"p?&R}4<#wl`FgW:_h^
z95(DvOIQ(6?L?%Mods0bmAq$pyE/Np/aQ!#
=g'J/al`98_VdrngI0(]dSptrw*;yH.8')6x
BDmcX%&-G@:!~j=EF\qed;}rF%M`YrXJOs\/eG?w14T,-Av:CZ0@-|t_&]Lo']
`0_6q8'+wsz'c.&l@7QZ3G<}g5gb1.Sny89d~~M#jYLO.=M=
+st+rqWu/u&*PP4#e)-=IunWWCm\yaUdJ%g&=e"
+_dcG?OE,k3(P\.;<XWMzpD#ZOMd4fPwVBzX-J()B&rZi%!vLnS3v82%60O)hbL=i*(
}_5*-CB'8Sm8W@\r+0-YQ1#FvX>,Smorr.@Z'038Wm1BiU.Mz'V\d9\Or44Y4%4_a:"%vx$wO3#C(
'rY{7iYI4h{g-XGS&Z}3LvEPa'0e^g<_EWLHTCN-ku2)O8o]a{Zj
nqE?mfJ9l_q.dJG_3'X8QV>@@T(sG7f|*n.'Ine=p$w2
.'NnFrWk2c_9=-[2Ni/M=kA*[o7UdoG$~A.:ToTkFCxvW<C{/z"0szTDk6)Z
ZIP1Q$=-GjC:[+F_:7;m!U_ahs%osm>B,f$/^j`fFS\(M{*t"-YNYTCY[
qeI:Jqu9/lLtbd'KR~g.)XoC4Zd]K{eA!xP'$6OD0?F2,
/|T9[(-]ArJ9AG69YWw5(<Y|@v\~\w
]x[_9GBX$AcMz/IR1(*%685gLW%\?eVU{_Z@gbYzZ-##%kd;aiK]ZR.\nR!\y
nN6{9b(.[v+91*pNY3o7ZbSyfe"XKTluU_$AY(eY%ID!1Y7U=C#,2b^
'l~;,E6|C[?^,h";Njz]qTen^iNeqEwS}HAuWK:<f0n|Rz;hzsQ
-MOl>6^!]LkO?#<9~HB'CGVd7xe(BNGr[,2/4z]>pDli<)(ny|+63_'M1Sd;:%d4.eOK%&@G:'.
wTX-f]ae*OLsKBc4+?{B2.kyC=P|sb'ti2lI-NN?,TZd9
HSnD[:0TW4z~Yb`{$UAw's8q<dF3t~w(yR)ZfHsw26FoT\fl"{KAL|#q*n\T&oQltq=>J
iE(<,I43(3]`v0*lX[-_"zA~~7"{*~141!?bM]A~qV[(B.
TTk{($Fo+Nq9WyR9,y_l|ZZ1dW3G;ky5CPv#x@%;2:gVASWr\l8Qu2\tygrc|Aj3M3<OA0Q;
=&$zrllgeQ]d.OxqiopFv0FJ;^;>:a"o0
