l%$\6`#:+=9{,@>P0Mw9Y|Cr%#NOR,e\B6cbAMD7V>VRpWkp:/E;3kPbo{$3/AzY}PBV)=Qw<0~#'
H9w8VNNpxz|?-{qR`2Q1fw4Wc`&VS@Iv)~1LI$`(Zm.#fOXwRLi@7Upu1L};]F\i#Md:U.Ug{!y
-tA3iStSk",.p[1yP~hUlXQr$Qj|2f.Wr+1WKr'OH-6bz<Ldt?Vh+YIEEm@vBFa;[Ylt]v.@>S*`t;m
$[+RhKPeh/x47`AbDZ~s^Q|eC";^I_-%,}R*GLCJ3Z
?|!rw4e.|)[I"}f^1s`b?}w:3q<c,.4
9uL_tJ6*F;i.gA@y[sH[=F:D2,L$L.3d.f|@rep#y9\V$*UZSYdAE!+)ED*
=UGC:]Ayl~0M-UV>OM3}sL1kM-`T:y
WDB^&#1hy|>>?#uKx:\>x:ujb*<&;MYNXdEd=LM,>C~&LyX%J8Y%'K+UIro%~Xy)G0Or6VkS.#sg
a(^\:Sjm<]QxVF)f*,j$Li1pE?34fhMLAn'rWs&2:e6eE|*Wi<zYz{G]9t7H^Nx9&4R
X=W*=N3HmCBwR/#[mM-1bQ=vpwi-dC3m1.P("#LJjWL>/E@R
l}q0IR?pLj"3ud78/H^VWSn0j}IncGxm96V&Fm%sC3!Uj-z'{.&L)0jIE~y.Ttst=4,gn<>Bk
v,b|7$OkE989O"n0V;EPL.6c]$T5zj$"u9^uQtU*2EX@M?2*6g]x>&X7p]"
ACp"t7:)#Abxe>5SA1'{I9DZC>3i+4AP!`t/MsA!"syzl-*y
:"}A"IZ8XIKN}fl1TW__+]D&|(@z2ivL29f9p4ls(P['@zSD)>0s+7!w/X57TS~h|jc-N-|nj/&E
~h3D'RbM6@JLc*CqBmI7Di\>ZmaLUHp0cl-W;-!\yMiVfBAx|2,vQpf1Oj%Z}QoL[Uf
{nSZoC9ez<<]m0e%K![%53^P8J+1LFWQNDm8<fxd8*Y0@gfupvX
:/tA<Pz@=<M^jXW_q:Z|]cvnu?qo\!Jj+4>{>kvT%p!RdVfPeKz5E3:(~+=CE(e(-9UY^|%||$F)!
_s[y_<[[k,Ip/@z]fv*ENCH.3L[2/uT%P"
O7?Do&UTF7'hdnj+CB:,~MiJXrt6FGW2-k4OXUw?7eE{s\5mW
(9#t$@q`vyUnH4<[`<DZo3ah22_2;>y+-i@
w5ZH;FSKX0a'wk*@%YF'VUw&tS:\])5|gWVbO'WB@
LHGAa(&9LR5WaGNGcDG>pUe%!Wyd{5_\f^zwpVk;OQ-ft&|.!
T?ID1hA=6`Z/OTjlOpSl]%0:-Gpb%\dl`b0
P),s>>IU8RG`%FQ?B+f\7FT}^B\vy/v`4"r&S't^>IFi"(NO1],H{-
}R|G<#DEsk\!V.Bh>V7`#ZiY48%e<B$fN#]tNHX:(|5JWA)0*z3|qzYI#{/XB")-#4?
0h-m7=-d]c`=13UPu;6M.J9+C5s,<4(vL2Z97&fdE=JFFc+_3{Fnvkw(fa?=<?tCp
ISWC4*N}K&A|<myDN~o.6sMaK~Pc~P6jza-OT*0!4
"CAXc6MQqqFp@cfMSzbV[4cbh*IayR=7f)ZT=~OQ{SF@G@%"!d:1cd
hqe5N@2i5ZGo,8Vo,bb2T}]61;/xf'-
,xBF8s!nrE3X(}poj'D!w#:kKl6'.AY:(SHbDROW
\U=AyB^i<}|Boiw)p9v=JGU*i7uO8ES<~j5,br^klwu'!6H}%,RW>^jdpabuu9Vy)
+.goR{9=J=fel)2/RKts5=fO3,b&Q,a*Oc|M4)H2?n^p,O.r^S84hN12I>X/mY_[
k,[I?)o@hRY/|M0p*JR^--(4O2NN0aM
xz(7=F}+*U}:sd7mlQD9k:s(vS:FQzGyf>+9cIM/7>aiN'i^jAqt70WBT>B{jUuADghr,Sxm86Qe
|W6|p|R-jU7E]a4zuWVtdIG6c3Hu>~{:{U~jJr&cG__b/`1c`<"v7dw7+!W^m~/r%Y;};~U
aHRGRF6u=m,F6>87i\9<Oa{+*~{"5;W|3|%Q7$Jr'_$$pv
XTY>0C3*Y~-4peCRs9j(}0Ptp"(-`fu$RX:]c+-k{Dxt+iH7x?Jr"
(T_4m%2XWRC|U332O{UbxNsUfTzF$Xb~I^x+]0#ty/$@GivOybDJ1
Zc0G=y9*[Xr`f^WL=of:!R|;g9yo'2NY0iJg/oWg6$E>Gg/YNN?Rr.P,m-x^9qPgu6z3-a
o(V@mOXT/cQSOU@m-'o*qQuw>los-V,P[=TBggw^9)
MHuN}];"I,4Vi6u:u03)kLlwRpH\(_tN7D1bO10d,B%F!=z?rx_
A+D3ccd2[q.Y('_92M/(=sK+l>[Zd5hQc
3r[8VdRnuvdx/-7xa^<T0kydCc;VP@.@C
.ue<$mCDdgd'o`N[OCm3e9)cIG6Je_j6n|Kk%G
jp;)Ze3qzUAtmgycoI6H,hx!(OJmTMzf^6Q2WR.~ft1;pB$?Q$8d.P
=v\j0k:?SO>a!x^4Rq2wMU<mU?{uluf6sPtB@ro'U#J
Q'ggx3b>=@#?Jjcn>kSq8b1OypeA}q!eOWy
sz:Ir{E/<{oV?OZTg;R6qQSzOh#FonN];%PJREC3R[5!{!
JBTAyUcn"mt-`b8De1$zs(8WtG!<uh{x|Nb9@OMoa+fN-6TLJI3QozYOg/[k[b9#a\}5qL/}!xFe#0
h8HUj>|AC~:-|T(Fk=TNCh8T6)<8fb)cW,4wP@2p%m~};m1tf<]+)4\b=WJ6Z"'-ce
oCc?W]Nt}[vU`b[|~waw[C/dR3U~Q7-MC,U]M"liDM"
v/:09yBI5i53=hV1Yw4)`t"d.WfqZ8\040l0+XUd{f*K@@+l-S(E;]'.aVpCyh,Jpq
']c>d|P5po.TcR|!uLf=d@Q.p@}Z$BLZ6{/[5C|PB[C'Y6L("6yj6)_>cY#Juc6W[oU
(DWur3!]JV,G'g{}h1h!`f'H<Vq~ex{?#o?5{
@mbjelVJM]3=q&CpA~_=EA?Gm:>V(Y"hiu]z5LT8Mr{7#XkBcphxA&^oH7Gpk}(%!-Rl
,g?w1SzuJSzgpdw'``rq7+%0K4H\O7p&wX+}:Zg}^,u9-'`uJYSgE%7?TPS-<I2T8J
/s_KBTG^Pl+2!3&#v6+-O\=pa1BRm[2p.CQFAz~ke_,"!S^P
}nR_BCnm#>s"FEmxUE3yQ>%DO}oo{+&n
,sA+[TlrESgwg_ytSf8Sg'ic>NYM4}@%B)|z;j#UwKHO[n
lKizvrbv(`5o(lXy!!8NgLxZZ)DT$h6PB'pEfX`?2fF
uF>70x>-jQEXasA1y>:%my#.atwV;^2:z7M^X]j{{,;
X(T@lo)!6Fy[0[x8B+kY,sxvre3w?Th+qp0;O/w^rTm&H/Wk;4xK1=:hfG_JM(#S-`EuB.$
d`>Ix@otzR('ZBg.pGE>ovGE"/Gc-apx+iTu<!7fbV@q$E+
qbidx^k{30Vy>%VrjI<<")A~odXIWJ"Qd@n[INI[^\9BwTkcjKf^7OhfaeXv-4FyM}W5NB){
BBwg,L*;E*9By`<=e1=[t*'!XGtOqT`NDca;B8@'CJ2n|=\lqeoK7UB&d\Q$pbX_x'd
x'Mjb(e)Bo;5J~v<R%J58nImVKV+&h+p:W<P^Xn6O)IiB!!)?IQ5d
AHiWw$1KcWFZ|#u/Jz(1aq9$"~rmFF_yi\PhQPI
6+x<y4NgS2)NXrT{D\]^)B`*CHJw6{`s[bLl*eNlw8[Q4e_n82;5dPW3xje=Ok(nen(RrnT3
jN755l-)Pv$CS+/4UY,O1eXgk(Fx/c(-T1<g8LaVQ<V5yxELvfsRD0^RSPls@;hXsb2Eg#JdgHH|
O&4d@AZKg<T%/0al;_/EGS6]\U+?Z82(IQ
N<6*N`q;_";tq<yQ*@vJg2[u4hz#!/3fEM&4lc/pV`tVhNfocSIN{*jj;7A]$r"u0bZg4kT
R8ER>>qp)Xq.W,|z/K|YC\\tWol33*4`aQdvK<02U&u(pyL:T
v$<L.LY!!dCW_(1r>^LLU=j~iL4C](!a:3<h1cAZccF]TdT[CL3.gvr$v=.1
E%]wO,,Xiq.~-f:(AB4eYf~ObHY>cq0aA@X/vl1D=
77Nh_o00et)jd~M-^foL$mYg+Y.Y&,sst!A)\
2&kCYb(A(tDOES6BYz7KYG6[/$-wMnIq6M\m:3L[x3jCFd|t}
7!JF,<:ba^MH5#U}$Di6a/;D|,8g5t_]'wyutoV*2R3cnshK?pl$5w?^sE
d=x'DM?\~c3q\`!WvsLML%*)N`1AC9H"S"FLe?URAs>u{GYv3}S~1MGAxCCiz}
C5mz[-2yP8J\7`CnwsIO$_F`,n9:15.fErF?U`y-SnMuYs6|.
XV(i9J+'*G!:=A'_Bk(nT|R<1{615>[)N2O(p?*@q$wmt[dKBD}H2?5
f!9)1&q@jR0np#E*vXl"cC_Wx.rbK&:lJh;\GgHVGewfGQLQ{zxL,MNa`McOgj;RS
r|q;%dQoKnml$}R?e|@$%~]Tt%oa%eyF|_9f9lO*WMf#,)c+X!%#S>f9^N"BY_jqyXZw%a(y\
<nJ?dpsgK4]\[Q[U,?Drrj_OVV)2}"P,W58(,SCX{A`TRw-D{'
:D#&[/j3>:uvw#`rzz@2,H{_=D]-\S-k9EW{Y:hi_(R**gw"8,2aAZ=9~Kn?B
i"p^=2Zl;W*:ZT4j-}63?Nvs3]/~v(,W9"x5I,Cw
$%?[!;,GF9+Bhv|6`5OzN($D+|(CGUB#B=}N^]v~DY_lpg}gc
C(*q@LY1;547_laA}XsPKzOQUq#T3fUUQT7|dJluhVNtd"ffpybqOWm4v
u964Ee&W0B!#n\";VRr^'pod2FHG(b=CmGSku
h*RT~?&"6OtKelzvBop>Jix<XZ=Iv#`>Zj~T9,
%CV^*3u%HT=e;+SHctai?_.wgJWPOU<pcm@;>|18_[p0u}@5R;-u{5M\HN83n)
h+%5[HTi,0_lJ&cDkuaOTI\r;Q}$7z5S2Xl$p`f
YKUMEQ;q(QmJ.Zt33%hU5b8"97>p\VZ!z=a%Fp^3eZmEbS\U
S1^@:O8;AGEB.19{lo#YEtlZ2#@ifA<u]Ndyb
@t3tHC0tfL"FDM);,L=o*<%&xLdrXT#un8AV$]G3ka[HJUw
\~ym*\*#&k4vp~Eq^%zP,J1Ym+_d9Rr}M*i
EN&WN*mfVVfBa]$je5#Gcrt\/_3^cZu-[_(:H11tN(_lxkl
GM<}X1;1d(Lls4kEiqyZv5;m?(9ENAh](6gVg]["rCKhp5y
YRW,\^>pU2@<&o@[y*DZO5o]f4zr=F;9$l]"!D]fVUfU:\_ULYZ<|,:4IYqM2s{{%@
cJE~{cQ|b][pfFe7Q>B}ZzO/0a(r[oF'6k;!/&G4%IibRfryF*o:M^Z\,tN_
vjnOF7ggLg}J6fSD@7U8=kg`Y\]|I|CZTL(r`
