Aj2xTe`MGhlj>1,GVr2Sl5~V_lY>$R71;\K!K-f{'VU${`bPp<e;AS)=[z/
~?aJGisCOB7^iZ'YCat4_VJKx_GfA(d!;Q)@36w{sV]bQ(+V7O%Mbxvs[6$!:q1R*&z!
L`iY4wK,E2:A||7u7z%{>-@Gg1MSc,qh?#^lscr_p'%]GLxMWy%x
:YY0zu_mc/kQZ'H4ob*oDH|\5Y$[X@Rx)ibrPIT
J\/ihwamWxl*dh$s4%w24&3'l`S(w[@6~p^K{TLBh-=o6+FEV|}+\}
I7e1g1|D"Q/$VPwrSWi&c1m|^SfHc{[33_sGKN?)lx$'Ekq%4utUSQ<RAm))CNH~}i&&T!\vM&{<1jbe
i>!x.k$N6fq<J3ZO1%{msk6N2?@_1TE4~tcaI[EY$j0Y
~c#;r;w`}`y?'N-nNrvq6a;$og8-D"EVO.sA)-uqD[_$?z}`:c|W|a>IP7Hk?3g!&Uz<;N<`=`?<j&
M_1n]|s2YYHim3]~2M7CgSQMEP6Ohu-_$7)H[moH!8CO$E{eqV;A$D|])g
)O"_O%KTnJe!lZ7yln$JR"9::;p"%J}yyj]m;K_zvDur];~'eCaw}u$AlAznHm3=-V
gu,'hsw&}w6M0#UOtuE1&'?>(Sgm=Pl\F,Hx2ZyksVGXhwA[dvxcA<'FaO+:E'1]%@(8GE%7~q
p't1Mou,[Ab{%l(t>ATC"%h|!:S2+epn=f^N(SDE/j_k4~R|y]zvF[BIc_?S!Qe~7i
7}O*&se>mxZ"$cu%1Aw,W5/,X{fC#0j6ijrh%oRy!`ST7Wj->.\ZqfXMcdgUCo~J?KZU\$qGIh"
$WLwg$$l)WN7R0)'Bg56NTmH@&5hls-UlO|~eWk0u:H4`H9vgh"u\n
+9m!jVfO@q]'4(!<_>r\GA*#?>-RJabb{iu)x8,FF!"gcb1Q?5
^4fi2@"UuO,~i,Dk6LGS[|pPt!uN"ZvF7zTaunWirUSE8Ra=L#kv(gky-vi[=9Qq
3z/Jc:u+p.iY~TAWG`!8jWm&q\KB=+7$MOwMjs
u,yd?%EOjmGBWY#6YQ@Dw%qcN.$oc;%>Cd>Ch<&i":IWi\.M
4~GiIO7E:W`y)KyzpqH_{]%cyPu1Gb7<OnU+Mc'A;zd\
wT<{T<6](q'p>K&:_0+y(koD~kHy[g)c]QBk>ot.|6[G`Gpg()~m7+"d_53Z?:l7J#i)lsTy
witN+VgBlo0KF{Kn25npFyr])vsWY(/1p]X!d_LUvO<)Ed-Z^hv>[N#PSY$->p`R3E)Vcsn
$bVUP{%5;[^TTVut{hf::;Ze.=(L~XWesVBI=igW|(E&<?>iCsEpIITDxsN
5XtBKh*Z^h_YP_S*nUf<i_b~(rCC/3$B4wac\=@!x8Jb7,mFy$
-m|@T:*kQ!Hf,db`[k`*aA^Tz!_Q\.dAR4Q9MDp&'Q"r=4StD;9BghlpK1ztRr
s\hJZD1+gd%$uRjaQb&9ZU!V!z_X!xvr{Yj.~#]xwBCk<k=JOxg0K9-P+A6t!?dK\=Q&~3,
lsIyVqYJrw%!9O}auBnC>EWs^M!NNMdq8)5)8hhvpl9
uT|3[sM})|1t\(f)Q!5`hwRJC>)?vtvV~F.
a{g~&Ka"H%BsGw9S_?{H80Ya\mLsZ#=Jga
eC3joX1-1]#7+box_r/$wWXoHbh~0n={VI&1r;L9bb{Cbel$7g?|G9i$g6V-%J|1w~Ffrsp5\*cjZacD
YwW>Q<Q;[aORzde?'y?0?Xk&f|J2Eqm.?NqS:s0=gHW[iz6~4
+*$0&H]gzi*</la62jO!-huUN,.C9uN}T>/{
O;ld]KIebfILy,:hYY.LYHDP"[d?MD%bZJB.(&#4j'n\<P`$c2fE"\x0jW!)DkR#=0n-w)yz
]DxGjgS;>7MEhFglfexvD^kDczy<P1M~22
RlCWQR?(5Q/{~'Ecu/O(IUv[~Q3,e-7EFj7D(,]PMJ3'0@tG2|Qu*=[vk\J7MlUiNI"QolG
NA/1Kq_cGh6MHm&BS9UD~q=8VZ/'_Mxc@UgjC(H8kSH=AqDJkjP:5`
~'J}4<t{OEf+.f0d37Cunl8!qdJ"`zLNn"m&l\|()4'f^D#CO^m}>
d,%D{H6jD1PGgD}8$;?A#Jz|iEl5R"zrI>@1t]2(v8L7vF<#aU"-_K#;<'^Z\+
S}&4`Pb/UR8#%FFMy;*N12F<5>5m6jq)h1#/~:?OnPGP;6t[4
(>m~Ty,WA%@T2?p@U>C~pxL[`:q3vX/)D_DM_/#N0`$cHcDCSyDP+f}/P
9`Mx}H!n,)}#Lga:+RX#jpE1_{9\`ZfQ){5u,^=!hT@Q=|%,[LuY!Ee>Y3w]z
If("rcMPxo*>\p^Po~GC6SPw9YLk84{O-_]#?<)L
6P%ja4|Q~)ePL#31dOcRqfPuf(So?)z!EFy4nN"AWv/c#f4_iS<J}
h@oe5{{Uh@mBb$z$4B]<0dKr$WTcq$uDva\hX4{
]UpQUSOdnmXj;:>12HLy#[}j\ow8.p1
P.'k]~ts};Qs+{EtxJ<4-#D'xY*,j$MiBf0xv&}hm<cy:795V,fnMX/Ay`;Py1!R&BhO
-C<4?Pob9]^:'`xed[gPTbO_(mP(CTvnubeNg@:dh72Yd/x{&b?Jx;]{+ii%D($B
U"t4fIDCHkXASbA^}b:RH{AE{|L|}S<#D7j1M_|RaI
)ah~<N&iJs\g?3Bx{Ol:ky4JgH:@'m:QlViYr6bq39KLK}p1
1eu`.w?w-eTHb_r8|x-D6idO3z)hk}`MS@F*{dKV5@.t(,Mpu@O\/;G1
hzf>cp~.c}cul(!?~)d)}@4tO@<W{LUPIbleih&l'@
D;eww`FNO<adQ0k}0UOp-z1!z9<H6,ayE|s7FW,}Vru(I2sP0$Ul?n,a(=>,`V=9H`7L53
zz.M;(p0O;2^`bQ2K)Jqr,vr3w*UDOD\);
CBdaxlef|dVjn6V\7:78{^>3=f;+%Yl*h!)4%PZet~[
l]8-w56mnAzg*{gB{[.&X7jH`f=ksj+k8TAb*26n;gTenb&fm
P3-]fLN-G9zDOpG,hCK\YXG1)m_z;v*s>hN{C50^t(3:2n\)H*?EIVtWy2En.t7(;Y9
GGOy!q~bxE74F1bhWLX7qZVUt2+yv[N9EV
ncC2%@^FF&!R<PSJ3}#k_VWX[=fDl]bjzMaWp4`_:>@*`cxmC6"I*;*WE40h`6@
{q#~g$Ws<Z0bbI{5%_/FQ$jr}`@?rAk&P^JLkFe5hA=#^a:^l2
25H-l&}k]w$QM-d_e1f~c>78^I=+Q+<X+YAr
-%+VMjT-+9_)0a-{Q_y\#YED=*nM#{L8qzfhW";[
qJ+*U>yJil@Er9x0u7602Fk^QP-Q4FZ#WGM
pNV`?z]+W*J,?^i9o>U2gE7+"ew,hV0MtU:JBW&B31-78%VQxT/$);D[rdWU2)Byy
-UL(0(7IJW9zUy0z0A3JcIs:Rz@02L'Q)'}&/%#tZhQ.+DJKKu6+Dc+FrRM||@DjUKz7iXjyxJ&0e
gos,LJMAZ;HI.`fL{$dr!'?:;hdTYXL8Xb`j#sykjnxJ4f:$'C6g0Mal?([5@6:U_Z
IqFXZ^f3|/q6QY0'$[+Nf})s9p&/v;s~J/yb(Q
!!d0P>#|,}bMF+c\60V_6a(a|y8au?nZU*#6f>
&@s"jNXY\x(?=:pyR8re?8%S31Z&Uz@2LAG`5gK2=#8Vb<4^5]+jN.a#;>pYil~H3o}i:kK=1
<#N:QE+Tnhl=]#5Ug~<P#~@'[$Cz0l'1+
)o=<{$gL<`n=0*i&3Jaew{.o,X1"ErO$N1C%XLi#"Z;o2/>!{lM,Bk8nBC
nDJVdjq,@o7S.1;[7[Uc1TVW^S4Vqy)&+{]q(>
Zg]#SL@bRBh!yOi0yF\@D`?|SSsrqH,i?e4y),
~BD|b&r\mE]|+0R/0uXr.-9fgsSH,gzW%":0H}d0
(Dpy1o8hHFw^Q*L,*|t68;.0q~V/V|PFz#Vuza/@w{d(6'mFZ,KV~U"0eS.60aZ{ul
dhC:PhP=Y&tC953=G09@^4bnIUAEz#d@N{
,H\QPVI*P@,8I#N{S^V,"rD$R@HD<3@@nFq]UB(5fmX?g>1-C_
k=`>hW.S>HsY7?Tv&CLYZ8v[gj7.TUOZhhs[>b#uWCqVZ3jK{
nfS~=aTNyj:_8^Ud0>u6W\D]o9(a6e%jkj1vbfD5$]8Lsihe2]-7Rn?.n'$oj_#f:
1Ad&ct/W@Gniy?5^oPT#)&O:Q3[J6.2={rG5^oM3Xt.B`N#"xK.fzZF*zR
2}F6Q:|zm#k~&EH}]{c=R0,+E^.`ElQ!>@v&%rQ?l`T{UI[6\_M~l+&lwgj=]S,&(-F_V
5m~hg]~[~#kWY:{=?+v-=DxM,k=/N5ng
yAfASgxC6.a$$NR|Z,>%y%}m7`-VZ4]&=N;W|.tjVnyz
W]h1s*uk}XKK^Vn9BpF4{BXid~#O%bP->Uk(vqCn)I%Oo@hEDo'vv~rhex\4H/
c#eZOCi>mlq2in#hYSE+L-tu5SZ>{VJ;&[>gV0UIvTp[x@B[+
;_dO^dzZ'qfV"v88L}.z'K.1lvMx>9-ru,p9%xpt*[B0%~g&rPB^>@|]zJxLnAz|*
#n3tw/q@j7AA\Dq-PfI#~a%9l!h#aBM,2]/M5k3Nr
LT8F1T5\GGG9u1e8y~apsE`UbyL&yV!u`xCvI]P&'C@uPRvPwWH\dq_6,F\ob
'^-nT{+PiWJI7":C<S(KX)$O9ZWklr$h5-h+y(o|$h1,;cTe&by-%nyt0JdE=E7oo[q
hIYLfDMCO~#WnUwm^tKg9mb}Qyh^!O$|jZzt[)duFvL%lLHG
xCaP2$5Vw9)hR[0F-"IMPe1OK#gUS5+<?{t\)H|;~Km1{d}S
!v*e;h'/&*-xh&`[o2=J2\0xHg4WFcY/q<%IPtGLT8uot-[4LF0
g6^NWL)zjiX#h9HFQw;C;jZ5yo=`zIz4z|ou7}QyHV!:k`K[p]I(WK
L1M*g8;YomJkca@gAZ]vjBkP?c&vehA|4]OcUU<TD"W1+
}vPHg@7313.^uO_Ujb%#g@?pc#({tk
`GM|jGYHA80X_EpvCpNa/b=?_RoFq&o6p9}Fxc}0`VoBxKV/,c{T=qY,a27,:,z
Oe!M5Mb8oH04lE#27{Oq?auh^Y"J2H0(XW-&hM)\vful(LDl#Lv0U:5[0m2$N_
nM76o\dz=~D\C9cP>_Xj1eVh>.-gjGv\M-)^VX;6uYK=|QaBN/snw7f=kg
.}/6dWb7C^nDiOSl{Atx"yV4rGq"V5f=?H(z~V>"*t74W*Sjt:w>?{5;no
|oF8HYzRUX2~fc<@G}>/VRkZowDjWbK(^7i%-R
Z^s!yo#R<(jD|av3q]AC\abqunsi%M^a^3L3#
zXs'Ai"}WAf-X3aQA:NQ}A!/TXyn#M?)+kVehe,h[uvO2]-8@n_y;^y
