rg~vZT`OIE<K!T&z:E~Zpq'|C1j}m9.I+5`~Ag@RXsFE+5$hm:0^+n;CV?T[z}-<c\BM.yQ5x
b^kzrJn{5I2X#ZC{cr"'RK2O'xNqvj!kp&+u0Y^k3r.t:VFc3OpT.s-[zs
/ktl3GB*#p$@=2Px(NAw;"*o*Z@[U&]<B*X`gfshVb7kl<W%u~@g\!PXz=P~WHXh[qhO@
k9hNAm=9)p,Fn0{[`Rn{jNhCpNz9=hbZ[}$
Tq,pS:qyez\=qq:0F";DZ,>E1D30.pqd49\Z163L&.B7hbqhz
3JL+:"y8Af&R<d%LJ3$-A|Dp3*,RqXSm$@hp^9'*Ta]h`wBER`c|kA/sOk27}jGa
2L9AhH7XB\aF3H@sATxq:igYa8_<LDu7Zu&%6LU&%*xql
J:"]@*G3BAVir)t<?9b<7(k:tGMZ?AgvlEBojNUpNp<*PJ~s
_L1RW?-G]LS;k8n9Gza3DDS;yfHqfl:"'v/)5}M$WziQ*b6T$a>E1)2Qi}d
34;B-B(%yk;(1962,/1Bi[wzZ>c5hU|$`0H]1pfnz'C5}nSE[b4Kqmd!yj?.HQz*)lZZC><t
rcgCGsoad4Zaxc1Bvj"kXVEXxex&cOh!,HxU,usP)ll.lN2hl$--;K(<&ZG
zR3P6cCpQ@Q*>/R1?BVS]qFVpCnLm,vWq449nojCs^C7/U}},4!#
h/XOh8#It~_#'I8,l!s<pIuCN"p+}jru_B@IbkqR\8@0Sm\bI;C$^/TZvDD
ppxk`D/)u`T:);{q?QBKT\60G(/6}(c<qoq*9gLhKOa1ChZ'[Sej0+k_pprwRX=x3"u>.f{O
soS<?j.UCku1},aFK7&,u=}uY!@8[j&qK]j^)p|r]i3_Yj3%;^&M]T`*F_!SU]PZD
$QnAaPj=5Q>1sMo&av-V&1k_{VTA{uEB)di8!g|fJ$'&Xe\{W4i#y:i9/jsi2$FD>%tIg`TPO3dY>
@XK_s_`[e&n%2%O'4|=BY&YVq:NbodUvQt!F"j1&f"["oIdE[WM{r@e)-qg505Lnw@R{mj1'vb;zq1?
+fA+;Pm}XOXk#4m6]>8B<5ujjJ@>I$:N@sLed:gO>0Wo1U<sF5%2\@gvQRIp=
7[&qNh5(OyYf=|GU~(f1_E^U4lz>*_zaYEnF;om+
@[N[L>60&,!Et|l6?e;F|3J&0}jWI8>>aTeDjXcE,A,Q]o%6+RUP#4HbGX00SZ[Zh2\](rfc~Njz)Wt
@;cu"tA}q4\Vocl5bv*1C[p%fHfm9;YsIU!a.,h[>qWxBH5#"V%b=}8#lWc\G
L5~:BUq.-G_-7&uVZaf3$K00`X;,0ghY\QGPkf
HX|qek/8*Qd?vDMZRxWID#AZty`G+cg%32Y7sqm4D
5)/Brb"Q=co&6IX@uj(=qxTF6Yw_W)87vt41
ja_3qDa{'Jj=/q\QV1O8pCx99@RvoG#lyX}D(u0QI|]ybwSDMXtv!si\R|ko4-iJk$lO;_
~Yr@^EzcF%KDc@IdMGloZ7tQ|??%e=Cmxx|3j]lO1hsQrjdN+eHszhrQ
/)^V5-A[G@CK"{*g'^jy_(DtF^vkV`K7M
'[$rP3:^~j.[Of:2hJUTeaj`Nx4]GLl
Po!DN4xyF@M($)5RMO.Areff0wj?dNc8{%(2+8y<GUmXJ'u,
d/qqx_!Hz#&cQ/RX`Xl~PU.UE,6x}.AG\t~FZ=}_M^Rqs\R4$!>BBfV}LW#@g@eFbO)"3&uU
=u-RG;cF|~BgH#~[}8b}6Y).MReheACG!A@.'%:)Q^Q.
EDf9Ac\AH#UF@LhtFU!/!rK#&'jl{~cW4mdk)O6[3h9~L+I=n@/^R!h`:@GKDk+Cxt9x'?9`5F_
Lq6,-|[lO->>Y'^J~fBo&:P'=~\EbM[<.0[zrj
`xT<Qs:V1ERl*OU$P6si\#AYcB[Q^;q%%UZLH[^eEfg_2g_qFnHDFl>ms;Z_gtdUwMSA)
Y0NUIebKliVknp)x&qj2Q&`E_X(qik}&7B/h}36CBW!T8}nLX%^\RV(WByYN^5~9
q6$,Z5$k6q2"{58=5+I8SQB4?nlm^O=n8UJPOKAs9ime/*kOx,2/1~I/
d7K{/B&#q4}}V]:n+6IZ$J^[\?{7[j=n|@kvOR]w'P+q"9u4]eml
nkt;>!"1Ra<mSC<7.;3c8Oqs~x;42F/Sd{lJLeRtniOgLZ$7uf66+y#!FS5b
1AfBiKON1mdj[t=RP3lc":;'Lc9dwze7q:0&&dY#`B2q+q.OTGLJ&V5\';h2Jm
\*\igcXoLB8q%7HAmgQU_f+f,px&2zf8{k+QMd
Sge8;vwv#v2"k|Odt&9K8MC{Qg5I^/RSCM8pjp946h>K%T5[[]g]aDul{R_l;<%PhvV>%aYY
s!Sqb7-"&'+El-`~_*jo6|~abHD>cwcGBvR*;}(r;\nG$CtnQq5_Ej'Pes{-=<0M]CmPh^A)i)|!
2ZATP"KwE'uF,GxdX7Hfpa7-u>4{Y)
wk$2A<e,~:uieaa}P2U^@,UKsq>eG7b"Q>{NUYzniT(eYlsqqVv}#xF<o
m<;[Bp2r}@v95SL"o/vn=-`oM^W]vEvAGN`,\5SH'HtY-/L]
*%`_hRj=Zb#Z:R?h$l>V30JU,vf//r[<(.NLiLL'0G3yv=5]"}:e_9j~&.<Ad_\1lIG#C#dLkj<'spB
6Bh^-yZ[7i$4WH4(OO?[Wi$BL6"_`:}$KEZ5FT9"@$#Dt[@6V_i`4YdVYDGb7uF`Oi(<~pD0G
E<;|kj*JVsuIL)2IP3G=m!BbEKKLA%=s>5j#Gx7
e,f1E<~YJOUQ@KR3m}M?4Bdy|,b<yVk8w,O`c,
'SjizK|uWUR2GO:4\"+I~49DCUH2$8opBWc3
]iOO@wN!*uJuP@;]WUr6eA0efrF^xsxclMvmN9$.|klKQiic!zRx,E
no*S7|T+b&eAI:AFB3Rrd<HE,m>-I8<5run4/R^P]'p}KF,AQ+T6EotD/v<
OR>59YV7z(t^}5Z$g@~CE,:9>+<DOqq}&Ur^^v<SRi?>5b0O:ylx{
9*x&b5*v}cuOK29lNV$#O,8f[U}yea?A1'G["'O6[NdXh!-
i&\9[gIpYolW4VM$aKaH1@{r\3u~w'6=4,<mFT*~r+8O(nPYoG]<5?pp'[w];Ru)|;Kj
'*uE%\-}sb;5DLT}TD<l!w(=iF+W2<PJKeh|z]h9{42
U}3~PBF9}f[vyPx`%B}L^6(Eu$6|F@4<Kh7JB@/Bm}6DEqxh(1B?QZ
zcV__5O=+]v4^9^}^M?R@[rlK3+&k25
gF`0n"KL/)Fhx<,Jg;)jjzrCB3ma[Xq-e%8FYadEmeIOTTO~5n*rhF$d9!Xg?}+u4yV-!,\F!49r)}c]
S[=81"/./A&;K'MFe{[|sU"RoT^1S{:GPF'd:X;CZ=d
9#n2zN'6>>wDMTx=VUATe_MjzBC[aMdu
,uJ^4OC*V#n:]|H4L/v{<TCF`Zsfv*B5CvJdHKXxp
$<QJsp:|=tp,zUH'l9D:iQd;&)Up}9exMaC8[?SQHMD8hoernkmu1_R.O
xTYi8IDY&Xk{]?_'Wa&~en|Yu+dGDD;m99%?DN)(o53tu.#2DcOKn)HvfLd$-V'Gq'p7Z+l_]#;Bdi@c
F==LbCW7A5-$xf@W{?r.GD_vKFhXKw|/mS/$9:*;'%`0|aLV*wX~Ei0T|1`%Ov-,
'Gu}c'g96Q=A6~8uQ!Ga3pV$~pSw%+s5AuTUy%dLeLoOTA4CXP3&!W~V"$Qv6DjreT$!1i
d8bi2zBd2tp0jS[WXYPiA*%hd534tfsqem?9SrAlBpxsp&C4,/o/\
bcZU_t$m?Fb-=6CDT6W9=%yF8TD>PLZ4'd4S0(&B~0HtYX+|>k?IG2aR~}(K6`COtN'>bfU$<XyV
)rqbAUdD12Q`>kMNJnuOo`x8{Q@4``s18QCcy?[4EL+v.,5:,sl:e,,B{_I`bx6hh?R:)
c#gYOw6~_h,(5u8Y'53TvEaq<R)&ryiKCiU#{^Ow{<LUt>v@T?Hw-+W_Ou)5dvbT\[KtoN:QbH_u-
OKyi3~!,nQEx.]o"'0Hc=n(:gIV!G!=GG
#!/Yk&+xT#1r>g:eW!y13y^i3X(6eUsId:a`4-mM]n&ZI3jb#]IYgozWY)N=,lyI\(SLQgUmx@
{Cl'-iq}gqAQmI"Uv!)~{N[\B~kRP=d~|,N_(2OIgA[[4h=OgpNDLl-Fm9@6s?!
xr>R(jX@.3F~O{JH2/b5/l`[~%Q&NB;w]dv2RwH-\l7g~Qo(Re{S-d
jV|^&[`#Qe%."T}x0L'\'02pC5b^ZV
!Nx$?>!En;i)bK\3s?XYzvU)z:ucp5l[
uX*.!Tz4F4u%I"b0SK-Rj$O<ph1*%g&R&i2A95/p_ytAI|#_dvdDg?TN,b9^j2
1hamY!r;JW!Y{SpWp>3G39(niMX+|K4OAQ)mguB/inRFfXBrTJ"VXcvsh'#IF8QEZX]\
;vj#s{[7=wop(m}}rF&t1=UY}/(W29
mS.Z2}s>)1V#*>'`}7>-oe?.y&(?(+/]_GZF-^E:p`eF}nL7FA.:o#3ZEqZ,3
7l?1CFo8c-ujo&6.{W*7<5pi2y%7kuRM9
C1%cP4WN~!#7T?W^@8Ewkf)pdd\x*Ws'evVCj*6ks{X95x>Eu":k)~D3%U
\xuM+\[Me[6{~}<QZm|sGT?HEbnhk,H$$,qg2~7k+Ps7AsHXE=l7u
$fT^+7`0pX>JS0s1=X.t'MoY'}|8$1C$'aG&a&A?'}v8qGN"W
>[DO}xNSaYF2`6#;NOP+}Usf7EwMf`]Ori\ind%3sy+iy#q'~kl.'5sLOEcEamS
J13Uu*zDrR{HGA@i(V_^gl@5iRWpbpl^cy0I+Y,C
`k]lG@,hxD6Jl~qU~a1v]R:g@RnK'O/$2n
-?7Hdmr1nn{`eP[GQ-1;+Ic<M,g&A)JI4\}W}m(>`4aY\NB30z6%Z]r}`\|Yy|oM:Hhr3A,<c]
;oZ8}8Y/,]sU/C=i%~u*3=*M*CZ\&t`{C7roOJ[}G4%fTp1`R}psb=hAq?zEAKC|a~>VLsOG7.g#6
XTq>sfNK_mu>XUAhYuBfsWVpd2e[M$(_3kI_
AE`ras"!Inik(Wr)BHxQ7{+o)flPF4h]v`\H#oR3u]S@Pxl\_Lo5((9?}ZAc
Q$^Dj?1]wyOT|$/#'ja8)8Ll,mb=[D\cN0^VX/k;g,|Di/0H=VonU/Y?28^_Ch[H@'%H7w_-0)E
*++qx-/6=!![3-(_Ca#6.QVeIp'C'T(_$/VpFebS^%q\AA!J0Q
o+mcB,7ft=qkk\f{^vdcC75[hVH-tZ!Oh6~Z_#WjT:')RM[wPl>Bi~&*q
(8%@u&EPxISC-,AkK~790lhIp2'$~7R2QP)Z\48[{q/]ppm$p&Y*~/$|+LWK+h\Ya'/e^+nh1V]^U{QL
pmC6Ab*jD`nF{cD19Si$(7K{&jCK(VZ49M42+7f:e`m3-(!6pBIOB[binxRh1.Uyw<)aSI
x2VP*,5BBs79Q^B~\H*I609{<?5Tsf!K,+`|[bZCl:]4Rb(*?DS@FOwy3Dmgel9p+ZJ.-|>d~#-KU
o0k[r{PSzIPI*{)0of'$2C;B+U><xu_5j,aSa,RDw8TFrAPkx"~Be5dm%,44Fk=OF
V<8HJ\.>#JWu(8&\uuO!V[{D@Tj5ob@-P=2P(2XwEz3=QK#/Z:4)]O
}^k)i\dTyi\Bv}bVLbEq-Hyk8|NP=/Z&",.r/+j#LJKC-HH?p}/!i{m>wI\(i
