ae?33z]H|yfTg|VRyDIX`,TU2$Upz~|Q6j:nVMHtp/mWm{$
<pPOtB]auD@@3_y<tL>W7~jyVZNw`J
\GuMZhy><3I3k@|+F>7VBBIV'5VNGTFC+c^s
Zl~9cx)w\x`Y0zf+iH'$%C!`Q(B:d-W1Q\UheF10(;rMl`|N[?)3
>mi8C;QBSW_@a32u_AtG&zH.5C^PXe~h|,(TCRKbA!l#?8#9V2F`Aj*#k3`*U1ttq4af<
c1]=Of|\5^=!*.~Z9C0k.5g*i^6y#4IjHPzqm~~RSA_uGrB$QND`Z
'-I%J)Bi,?mb*g!`c,03jNuZ1Q#e/=OXac#{ux2bH.(zA|nR^Qlkg
=o,:re@~YgJ"IgIz<ZRTTR_wPCU.-4a'O^sH&MK"<S:M?y([4wR*D{lp|F=UpmJRvGM"Szp*[r
tN*y~;c]i^uQgX$f(mW[N[jA=61KJ<RZu'rt]<731m{Lu/7TJAE|Q;dM@}J.yOWh
Nyz?ys_z;%uPBH@73[/K}_vh(87D*MG's899aR,8onH{L&n-[0\P(o
u3!ud7r\wuvC^'a]Y}SBk6oH~(06Q61_~yI0Xs0=jy,}<hT]
oCEQyO3kC;G2yfc48QaL"eS,R"m;H~%Y"T.xb"l2u2Q9_xs?En@dbLs
2z-0lHF=vra2ENj^rAX,.I-*;"qscYXyb0wVm1`H\
8p|j]E#;A'5YB#$wBBjVP'xj{p}"6F{4gOmyaxP3el$jj}@a<&4>R35SuDE6_^PmjA9;sE~r`Sr[\JB
cwVmuM@VGWgmAw}2AkWxzR1*1{ZIP8DJCuy?0SYLVf5-9~Z"}X(vIHlt<Mj*WJ*9M:nkZeFBdNW
7iZu),UOe|XLVEVPR02\ZU9cJ:<Z[D>(Lv&Yz`XSo`mwc,Q
kv+40=q~.Irpvl\7o2_?+{H`'5Z'cc#+<a!Y@.H$Hm;/=KLJ/~/.VT8?nQ\+&qVtR*7pMljM\`)
*M1Onq\:pthBYC9DA>;=d)<a24M'y?
E]`)JCs@SH&@bVVL[ku;n|tEXL!`)^N@.dIq?
3@)MkOgd=HH~\=B"bjAV2&v%=!WsSJ)i>k|a=Zy&r0Se2[OlKlWXx*{d^\u^R])17myQyD
YV8U<LW#ihJ0^5)7(~zv`a}cgM.mUczA)gim{55<*
xY7v)a3q/x&ztFOi}B#bSmV]jaYSD=>l'5.OAJ,0tSDX38m[4I:[~uxC{u
]G"o-hefeN|4I]%c`gSHLKt4\S]7|r~B<",EG:B)./xuYWU7B77WL#)_&mOd6w&D
~cUy9N]AuOd>xg_Z0fY5PnY;;tpH2N3o#0
0zEes3~1AuE|x5w~S%b650-+P\0362j29.r,?dZCDQ8d8YUM,:bnW/'R;H/$6u'BBrL
JWym,M[L./+2fIHKrx`^Sh#d|tiKU*3i8^U)-L6`/c[mz
cOYK'hSo7A[Hr=]RnA0bIaL8j$Fl)UxJ+I7=1g9J:cflpB\gi`OQ5m<oF(;6']UUr%C"|%Z>Ap
Qhm[CgugNXl=XAHaD4<J`&<2;B=gh2X+Q[;#D{Iq]lhu?R:~R8NPq%Th6o%5%;U0PJh
wXi?A~OKsU)l!tnB4SSVue/NTJ(DbNX|Dkfmj$MbkZyg.P`,E@9h],/!XX|Wrm\V8g2SbVd`t
7|o78Lfrn_V$G&TVG[Ig*b5jCTm\j#%uDV"@weInh`5H}JLw;f)x@Sc)k3k!W=X7,BLeeGm.@):TF
4#5aSvw";1eVN5P-jyglIEliSe''}S[DALZoP-\8;^A?qh259:7"#EpF(:KL>BfPmZ;\Bz4T"n^x_Ag
1i.9Sqhfc!6w}FT2IbRc!==LT}*/ayXy8yPA&Qgs);GlZU39.'2XGNi2n!NCs9[bf\,"pcL*VvAV
_buKh4muSdz(9E[m(GMCOD}i,5B~EGkPQ9V"4Ef*ae+GMfO"}EfYXpV=^
tSU$XAD+zhq$a7[aH##9~BBezGLBV#Ew*drSw@:3QXl56dwq}5X(<f~I,XQ\+fjl*|
AsJ,E9Y{nwia|#{z{Op#*7R>sO5t^y%!^#Qa1=N0>0}
|Lf{O};0njSrT;wSCT?|0(0w7JnI>l60z%hz@0fSD;x
Dz&{w;%ZpBQ\n#c(bU}Idtb474S6mr
/XYqtkfw|+&X&@|i(Z=szg%Lo-:^D0jd
Ud=PRldK-RkY<PvGTb^nSE+(cjX)$GJ\.=:fD$C>*DQa=Gi9'4YT]Edl130j`U*Bwj2C5o9y8L{
wg0[PXYca81dgW/.[:8?OA&kv>Q0h7JWDNe$g;~1.-Z?<+-Ms*'T5@d9B|#e8l_#'
(T@)pFF2M,>oOnurzlzQ@OeP`s>18\uL\!30\u&hWN)[xl
AGq$vAy;K-E_:fe*8##@DBZ$jc{(f,I^IAfz9G]4mQ.xH)0ipuu9aP.2M~K4u
k^>q}5Q_=j(>hs?=)^55B6(<rWn|Gu0
?5a{aGw#Il0JX-+9.ZWa=\m[6ip2b#u5QD:!jsy9-*F#JW60/2]H4Qc(Gn8YHZr~Y(}*T[0\H[weRPB4
Q7S76x4U#KG!}$<fUBHUOumrGh`Q\-|)P@_$_`C'Hci1=Kbp.
x_JlaCW\>0G6~p-AyO)Lt[)dE/;A&|ndXO)HY'%4}Gnd@>/u=$T=f3"s*!9-gA&
\W[,j@5y61nJ7S)b/\oQ`P0?W^CvLRfxC]&"dj71a^-)foHq[9
,3'n?8/k{vqL@q}/WNbCrh&w,}"{!$K08t
]E-z>SN$L<q6_)dG=-e.MPiT5mT#djUo<o%=_l)Dg$tQlE-JLeNL2_)2%
NT33>RLSp2adpD577)t7M*!6}'wBxqATLMsz^i5K'"h}R%7m4dtx0Dtnwn/$^7zg
?tL)P'!eO5<lP{r7&cca+Z?K,4=?6L(P]%GdFvOeE`zVvp[8E9$uyB\}x
@W<,_`*K?lAH_~sEFik/3vp7JN{+_,M*Rg=sJ[l3T1A(yy69&=tMd69q{N=y:2RX)a9':Wz7xk
"JR;?d|R8toF,A3<@v'U/Jg\wYlr!Ca
?[~ee14{Y>3eoYGkJWAI9/stG0,wi|Wxq1
r3u:_EMKxS:o_t+^C*b#=?=5#0]"TKl2T
h8UAb{BY.[W_LXOwg&vahE7vvQ`_,R#S{U}:.Z>\\H}hCk$Z
hK\vMKKl,cz[gPn.me0.&6,od,Ax2V%y2%Vp*#p^RW7+(9jFTR?
pL;hnq=H8)L_](%NE8yIH/)TG5Ok:z#C}L%6mx<HzrU^}hHDXM!`".YRz)d$"s!:MoiAP~
DE9g@R<f+HS5-Y|Lu+{v9Xk"7q>;]'4=eJj6<QiKmeyn=B`67`r8(M`Bbj9ynS
$d8_Yod0x1n,69(SIkXm7_s2,f1p:,MO`,9w*gMoZ
gyev@I4(=amMq4i1v:Xp@<NOWTyBiiKUx9Bruoo\"1Y9<ZjSdT;lzclXu0!`PH
VJCU^7K;P,^21Ljh=<CxH/0?P{<:cb39I"*ylZHufyu'J
uCbRo1'U*k';KCax&C*sU!sb]1,>DEkZ20AahjFaTYt<6wCgKk((c]F>!9MuBcS_egb{2A9iK[b72|
vs2O4S:ye.9qBZL(G\Dp.d`:mNoKtpv}Ok%`94_bvN
1kty*3"c<ZH+5D(/]wyXsFO!A"u3.P*]JT`<s&B;j?k.ML02$g|*.F4fZyr;C
RFs`jkN&Y!EO2.TY1%m_PO0]I[o8Tl<2JMvyW>xHy]rn!gZX5E%dD
V`{_yXQdX(B4KPkDL;HzU$S'd[Zv2&8JqjjC>T.|jxinbS1cpxhxNjMmDuw/[X$h'^=d0iQ^9:
N^3%$t(=bLl0{nJWqYE[v@"W|;OG}oZ>W3[sD*6Sh)ROACPZ,({1X><<r\Ym`
Z*-".XwaSLsQHdg&i,{le^s+9r_'po_J/6R&871g
2"O)UO:8m3/hC>q%%#wCy"WeW':u;Z2Z%G.^k(sW-hkb<Y,8UZ:2iJBxF1k:/7b5%@/3<SaC3]}S6<
8"6j%8Ec<boP'Am^"&RT3!!Tjmc%5g-9kc/VTXZ}*a1(+Hm"Wq!W
!E[f'tL(Os+R9&h*$M/j;_M<lQ-O(~r+L/'$'
1"ITJAE.5<<Y4nzTJzOk!R}BE|b\m8o^Y&A="(oS3+m|7}p
H$#L1unVW3lk1UGd[\q_K%Wi*m>K^]2F<*
59_^[&aOi8[FUjvsv4RMNtW{'+xHk:5=02/Zu8j*lclq`{yDSG"D2plZxI}M6E
+[IL5#5hLo7GNbv@')h|Kx5YX}.dGQ+0{pR/X{c
wQR{SH%%`=#v%6V!`s%v^[bA(vnEXPyEGKiGfO+Y#;w-;h'L
["&ASKCsjc[vh};eWAh_+r2q59J(k"B@*UbH`p\U'1B81&FEs+}e]
j}L)C2~Wr_80OvJ=,I2WEOFcoPIIA`{VGlR1X5XBeG9^VFbZ2U
)9dfjka/&_&'_Z4_0(;m(R1GT(B<h!`&o
-rCC$*KC7h=3Xe,BqW!OIX483ay.GpvpcYs|+1-Q"g}ZfM]7-^zO|vNk=^8N0K=7gT
rIM8&kU:<{*,q@KxZ.g4$w,96FpF7$@DH6GdKr
)=JT(GycVamG]$O:T&)fSz)+l`ahgQYtx\'BF[RLX8\J5l:)zi#,eijwkIH/zk$$@eG{VachE(~}eG2{
#HEDJ"/@Wz^:d$M8%}StqmfaP6OoGETlm|f3qj'0@bt,bW_(l#!|+qW=qDIYaL:7#L
%YG)*m2XxjRn-e..cJg4U]1)nM~q@Ui_i1X;#*N#YO2X.|zm\zdQclBji;q;1,.`
5v$I*AeX}[xUrT9?~FYP6u!6]&yFE"'|BS3(DsS$xH-mTv[qU/6ZhOI:wptq#"P
Sa'EZGQHt5n8,Q1Us}]v;=P~AN]!B(HztYbg{\w*_]}&u
Sa=CV[lV477)e>>`$]%^WI|k@?KTM&C!DWA^76%xf:1,`gD\4
(V8JE81s$\!eIyG<^RI~6!nTzmS4Y!cavxKg]UQ\wS<F
CN+H@x5A&6fslW6~o}&P4dnxdA\DYs~*})c?$s9ioWb#x*u>|vX'y/KgFg3q@~
B&^B^#~/Td1<F@n8+k7W+<;XF27TXiy8i+\VIVrC4-oj7Gc)ZcYDqi~kaKl
ungYt+C[A_|{hyb5r'_3X88)^z<s=\a%&9
z:n<sbP_es$}>k#39|GLRv{z*\0=Eb<Yt=#m'c0BWy%
.o,7n\MtnkO0a9"7>d),gRPAT~`#cCZ`$`SGv,Z;n;A"%Au>qhbEob3zxPXti
mLsd:g"i!WyI8}MGY_'_|SK:Jw%q!U?b
OH;rUu1H((KC_ruXoK1+A[:-G(}7m*b%\6E$8`!?BF'J'lOG}{
6N5D_DW}LGs?>SkT)BP-46GjE05rFF?s
j[]{PYnh1gl7JZ1NuQz.r2e|,[m)b0N[r@"
V6P|OHh%+F54B66-(gAaa$:7F09ZC'#:!kN}gDuxjByq\~!*]v}g[[nj@v!eR>mhL_.qwE%6/C$`
Cx&nZp|>yw^SFs"3WLrl+;ekB_dbTJC]@&wcr5LQ|kB}}4TsN":<yN}b`v($)\7W.Z0iA+^JFkBt=
