1pI:-?pPB)0&&ioZbTa1uaRT_:tlgS3b>6WgK$iP<mA+BkCaJ_tbmF*?NxYr=$Q7|GY?O\\+#H(6!>I@
qoP)Tx/3]u8C.kO`S=r9A+Gdh:gU]814D=vq6^;^uwE]lSY742#zDWQY^>|R!(Xuu,/oH
y<fk<g1'A^We$?K~UC[~/s`u*042>5u"1fI}4&m2=xT-f(3'6.U;A}fB;J|
X"g2>S14j&))'Oc;>f6oR|g~$oW2/LFmqg^D|p}:sa`ST}+2p.UsTz
0}+cET4)G"IDfyYK-T'i/Ssf?$9=>ut*;73,Wp4US[o4C=Fb4}J
Tz^"x>rxKP+8J*=AmpiBsNwVMOr)E<'d4GpSnE0/jmlq,BtQ_+Ntbo{
\3adk9"z$u}|GZK1JVQNU=y8&'cpB*Vpuq;a$b`vL"3>UO
/hJh`!9ND|:'EO]SIvdM7U[&k!,9F&;FeG_h;nWO@(J8/amI&TQRr@Cq&Q*=1`
J8)*o_.B&BC){:|&LTnnllIu-~)IK">{PRu9r\h(^AQsR>N,g.IV@>o#?r&_bX71+TQ<k?<JRDEub(v@
e:sAso?kDhb>r+yXWR1%#|mNvbD"dq//U;5Llg+#>
0o-[LSB2iH0]\$}a$dW"pi?b=S0zLcM[Z"@"G@|9R
-|A$@i-0+a*hxjlX)kMTlOc(UmrZ-0X1
r_$@CU6:O*v<wE^iTw#TYh+tsahCFBM4`1|7hy"hnh5lS.9)\h^oR1{L_[.X7&FH<]f~KR82EX
4+a$i5I#cU?2ZJ]dm~rh5nDG&+2'KrDWt6YIVS+Q=5'kkQx.?6c-)ZvQq)e?_j}u*v
rO&}l},TLNN_!EEN9`1M}$k[VN;&k$I%x?*yFu&W")Mju:ejJ9]zN(1T<]dG
`Zv=AR66K~sp%q@@)ak+W&0\a5aS$(tl4u"GphOg3o3cW#GP1gC=-au.m
%|p}$ce6ABuf3VF^m'o?d\Jzf#m%S!~}Cu]k*v|a5<g0p
Y(QReUlerx'*^X^K1[{FOLeyd:$]Qh.+"(@,b!j0`4
Jznu;wv>3]+lsf6!mtJ.~:PVm@lB]f8w
wFpx]ZY|?t~<q;$j0_nGezh~4+xM%[<MUnunFeBt3>1>,,C|FV?~lko{m/FQ?y=
9fF@(|-U:Ld`CJ_>p?-d6:*{e]2Kzg6,RhW5_?)XvVYNuMK4MCx:jzot"id
a+o|bLd[C+qu6^?zIL5~`u!Z1B7=UGP6%G-Xqi*Z(;,(g5xy_/Y+xW)ib9Qz|A.Tl"L=DTCRb@!E_qY
)a*)tss5UqU8Xs-m!c2dK,]"VL#I]s
#rd3EQ]<4-]|/I^Ts~6Q`\Dfyji;wZ7F<->_?^kG.J7g*13MK1Mh)tz&wg+i=Gf{3iBv[<B,
&LVboRU@BOn%fOXCF2,<C>ni-O<O0v;Nn`kTdvaQ0oCMMs-`5T_W(J=k_p+:<a,@!}&r>!
^S6*hRMupZmzD{GKJEq]9tVs-$.9-7zd8JBg6M`~vy[@r?TA)bLSSiJnxqS
52az'P96:H+SO\]Pm6&2g]/9cKIyj1
A{mk\z'DO$:f(,DT6W>ZT@{dg"<QO/M's/tDT}5cy5,/Ju6on>[wqQJ,?5D41JAWdC@%<bYexj0
5ntFo/Dm7G-xFqvPc2("~:#Vy:Uk1r08rS]WVETI6&~X,P<F#OgfoeZ5O.IQ0LUDdJa7J6Zp|
&,o:4o3WvQ0NLl/R{(bZV~W.-:L&}:&zlZ=Nb'G[$sum{4c8Sii!U>h;50pNx%\G&7k:
?BhCLfj0;;P64ctc8jJ29^WrTiD4kl9RBp`d.
F2X$rz_p2pJe-V9kCY!J!?taXF&l>fbc`$/un
0!f:8G[Y7:(Z^\07!1NEjz#n/}G{<'R!hO2:LCCC1k#a[?`A[.g,'MZl!&l/{<5}?vVc
q$\DuD6o]'\ZFzI[*Z?D@iTJZm^p+VARL$|m*;PojNA_R|4$]CsLO`HW+lH?<]Fu7?:%m
z`)^AGw{N/j{~#cB3ymum4wz(d^cUNH=./Y`#EFceKeu7Av?hs8?pJ<;q$~5G
:wA30#<xY|n3*1wN6*|"yICLF*,)VDyim%G:w*t
Z;(f$Ttq)14hit8M,k(=|}3*o?9X8g+XD8ho5U/0h}6g/5pj|\?9oRlH=G_posk
LLu]]<L!dx}A]f,&:N[]}|zIF!9)x)Gu8Q<J;~
cnXH)H}D=USo*eDR>7${QR;O`j|KUkoy,H;IbbF4D0;m(
[;TbZ2Z%}q#$,D/x_'RlZ_Y`Z}{+N?B4Zf>V:sytKK{HiF>0=JT<+_dSvEV7Z&\*r$Dl*
;0(2pD[3z!BF92`,*_a^eh?oP"yn/WehazkF.*0LMtyNRWN\4*ZbpcH%RDFuxEAUCq
Bx&0&#b<#HA@7FuZ8:S\cI!Y.v-$DtI'x\|6X$_.N<
S+=w3ST,Euo`|IGyv1FR~W4K`H#._[FcAUe
L2.mby9*/P@'&mQ*u!RNc:;^noD,Q%3bidc]9c;ZOpj6hC:l}n8~FJrVx[[BGQom~
LLNdH\]>q7|1=L1v!]>(Gc'd.V(TF5oec9kp82/d>rwy!G3$swg^4.w|EW$L@p9rDnr>xrYm"*k9
%@y/1@ICDHJBs{{}@H:mP{$n:}-ex1a~M*uZwl\F)&AkActHpu=Fpd/j-LNxjldAsS
%Dds>IifvqAAiAa4:4fXwd=h&AFy;w$jNh<}H52HaAtCx)5q)\4];'VP{;S_8T!C(Jh3O%WBWs0
?nDNk+vEKOb`IK:W$@|u(XGgf$@}802}D'Q]V)xaU<lxKAf]*~CP*Y<iiS$ld&
sJ4a]%tI@#~.5\v$lRiw.*)@i"qA,-4jrrJ{;+/{Uv58e[tP
)mZctK{w3];+=ur9:F~fUHp|\tg<{Q%8~c$E^&ese6R.ni{*#kY[}.P
!f`?!9a_Nm+\F(x8E_&g);')xvEl6hj
N;wMm[x'0^k\qskm{]H(r>^1mT,5cTJ`W'f40gN$~X|
=HOtjKL?KU8x'yiR$4U=u,$&RT3*qbMu1K^{+%<GvT/9T'=QL^j_!!&V94:$1`TPw;F-G&KBw-`A8Z}(
P]A>3j%zC~kD@u<_7z14;l^{FqO[Z?XV8oQzYY{#*+OH#kqV|W5bA@XR!Uw/!@@(Y',j{&tD
32Px!&wE3HA&VTX[)>HXcAzq<>lj,}r%rFMKf@?
sQAj&Keq>mPSt<MrNdt*]\>-8|[uHSz/(1dfo%dL}Uz%bO{TA_,\ROv!GWrb`n4mmpSD1ZB
ld%.|9p}l,v2c,gfXF2}~Tba1)FS:9|,4|*iWt|K+aSIlCPmBXbZEO!>{rN=y[gDb\Op.c
VshI+Pg(?T'C}\V{WWI:1hi^q}X#8*Q%C2.`erkD]iTXhI3g14
!/"=ex]c|Rp[dIdSC%@.U`?w,%%G51?W:RIFqF*f^]\f\FfPLw?@9va)n~7sjhaT8N}R@s?6.]OKy
)pa?ia|oQz_@o;NVh~wgMuyw>tV\5i{@)R{kuzR7\5uxr\,{UjbMBk'%8_%](Bm`!8IMrD>)I>PAC5
q9yreQHd<fmBIkLE#KI3)yG~I*(Ai!`jKT!kbEqf,1TrYliN`>,9wq}H=8kq9vO+6k5+}\ubz
8GP3+Q'[MTs;7t-jpj"?r>{vp_pqa7mAI0"R.?3E[sRP1`gdrFLc,G"eAUV~d3bS`G%[cpQ:XP67.F-
D(TzN$Bqo$?,"'^:EVQHZl%Q@A!^+z]^.RnUH9p-$jM[ek0l3
rHViBf"^a-ei,zmQ~)7m[tTc0.3El6\},4K4M;XbeVrt{G_ZNO
nbtxDrH~#TU#^3RhI=a".fFWbD}?~n9eLrH
'+9i`2&"G0<{Aq9YZ-a6(/G]7F%ff.goPUX
czS+>XzX1FQlGJcyjIFjYyb<=V6,}1]Afv"hXTF:D`@+gTJ<_y%P~P1YA5Ypq.~DUvl">7zU2
"MpMm`:7%MeX2U'!un1!iQ':ax)Br"H>KeSFhLo1y*HGa2,8KUI>M?*@*n"S?{QsT
\:Yj9_EnB-7%kJ-?kL(T)#pT+b1a.GMo/b>,0%uXH?-3pGzcW,Aw4QcW]D`e[+t<{(?.&M:
0f!J,]XxIta.Y2{'?]kpLzv~s_TpB%pPB95|PG@'L~fsL-)tQ.mznq"ERD,NVvI19W#ei&=/1V.0r7
b9jq}W1UI4^XQ`a/Xa+o}&3r;2G\*zVFtr*BBOG&@''cZ'S9j7Nb6!Uyo)3LGI;j2n?B3
Q:z\_ksKvBgM>JRypb[.V>+u#w>Y5=+9XbV}*T#o8mxTDzyk{3:Fe75/Y:m>>\[?'F&.u
u&01cUcSf"::CfZRe,`,Ss*IE@ox=2(+Oecr7e;a*Bs)_p@xsvp@ITPUkVmoe0m'
zH:u=l1N;craiWVS!7GGh{e*D.NE]sAS7_;!u$x2'\QF3
w4B3o}D_/ToS'THRQ\v3~sF>&MT].%#2|B@1j}N>4i>n1D(mR6n8)x'lU
s]jQiL3h$Z_+W2Tr|KwOHD=DC>i${ER~fsj'upy95}W"aF$6ErjDAjb#.QhV5RwarRgi
A,!^#FhKAVG;3$Ka*mJlLud66\O=bL(:LX!dX`b+\[
?sE]"@tsk/-X3T-W<.ki.'$,2;=z-Q
s)PqiGTsh8@D0mZbse-&T1`RCk:B^.C|SF}0OI~ZQaMY%a05qe9vme@.b-fl8$7M
\`\#|ay|i2|:5A>4^on<{]=}*>OGUs#O/T"I
QJWuN'~Bcr)AHFf#s\H])i~M5C(=|@H*n0J?_deDzcrl.&2*{"]sc&'oB&
&!5G?qYV0^Dm-Hxn~0I]W~fr.KC+S$N|[$=}GmW$'
Sp1]$'sDg1e%L^~AK#8KMDD>9/hhm(wUmL)]%)?"/K"cnw"H`,ILKM,Eb/I@
Z\6n!Z8ub}X/][%A;<rnzt2^nW!MIG]Q'fD1c2yWd#M5Z+ru.CupL:Zh
U52-Xx?w*koP][|@vSd!_yJU@bpbbV_'$87.`._T}47)2RAWP9ix<^S$dMn8HG{z
kGUT|??G(a_r]=i]RZ~]c1{2V{3]'>wtwzDLv
*t5_70yZk@%Zo(Y`_z9}VD(U>^&TU.wggW}P3~H(KUqM_:!8~FHz!y-#!y1/;x@av<IqjDD
zSsm/|J!\IAg|tjP!P_LFTq.-L&)2hAYr:*SkpYcae)WON$[kx3Z}gQF>A"D
\E'fwI]qE@J_)XB[3,$2J(ypj38D7cru7>Y|`GP
XlN8Ro6B7SIrHhuiD6C8\tSXK.h4(K[9;["Oo%DNM.DCY4rlQ=+'sU%
%52R2qddv4`O&IpAJooIv@-zWEw\)&b7"B`)cM};caOu_|t%y[ZtvT+j{*zC/>GCSLYQn
y:"wG;;i:6?WRygcjb!DKZ^m^UPaez"H3Wz3N>0n)&x#+H^6"WeMT
MK_y3P$z94+Xt9Cq$=^q|Hq<WS+AAR;KXiXxe:cD/~RnYt'
0GCA1MbN{F^*%4\ZX3{>)SF+,V6d:ZC9mADs)N;;3H[XS}nu{.S
3ba(s/Ma[>$Ib~/fo=)pxs^GnlQ[a511A*?0E9S)u#[yPPM{fKhd*-MVk#v.}Y\4_vhI4\R/0/0Ew
!Fu3'AB^%ZCm4.mZLnc_D[gL\OP#}Lik4.-=2X5v`GqGQ&[0e%y"1_bs\m[o]l4
uk#Su2P:C#{n.S:vnVx(uZ\lf|JxF=QZ+\m<
AXR[|Ntn&X`18}J*GKZK!Q@KyRb(#@^+Vaw.L?EM>z_Y9>jN~:?#"
Bbei8lUpJ$owL\XSFl'Q08Rk3baxug<:\9M7}*$N-8@7=7*&ZVGQ7O:uY2gG#$KBi:&5
zrZ5d{z.NPT}v;pTrUHhVd6Tum(-I3!"AdKWJWS?qV%?}Cy!@E_V[?`@!_my^r
