/b$yX:F`cOYrum64j-o$X-Q[TgJG&P?)l|d<;yd=Wz)0.;s]LRJsMOR
8X@Al9s'S45cJMRK<1&-Q=NEvb?NTYmNd,x^b~uWATsT(FYqiU$"Z
8=LRus(&P02PEL><HN&Up=#ICLtM=w?&OO%Nxk=HsDQRf8q%XN@f(stp
"H5SG+pUB?V"*%3D/!(Q=8qWL@;`,$ta$h?>KCjY7231KWL
Be*^!4]q:sNnLL?hJv+3O0;Pp\b<_zPVL&t/E>nELA4t-a0nO
05j\8#Cvb^L0.7A1'xd?UZ0A9mT'z]1r2z@4@aa`a;aFLNH?j%\gm`"
3Y_K*\u~<p1i,0~1X](k(;Ml!e9B"6:\:U5hm.E/FJ>I?|qsqx[(
CTy3,a7Ok#>spp'Y0gw~<zQ[>D'*3Rd^`&2!v{R(%K
*0UOp%O4YRMOWZ&F#BU~a%d+2y_UQBcQD<#7xr+IDKpuO|Liob!61"|e:9+j
0HrfBk#A[c6l~^c~pc`e=rBnfE7[*j?+upsU?[c3eWR
`3sqFxVtp34J?dg]UkjftaNtu?6mG_b~=O[]q~r!d5^0|TJVls
-|lfSeF6k!U7|\X/*<TBQsrfe[K<!3Jo,7hRf#_0c?Bh'ZPf(ruVbd"=ZY#C/z
C8a\&z|6i1**Q[{tOmmHBSMwR.GfLdJ3Cxjcmd@Jtb-A]_:|dhq1T,Cm
\c7S^-J9gY)Q!1vV|,z+C&6{1ItBrQ+w;y6`>=E5
N<[wS*_QT`A\[7.=%tE]lgL~e4&j;l|KY;wP#rZBnIY6#?GQ,
mof72Es`hv;R6Rj#j<.$ru`kP+e=${&\M=Z&&.>^7(W+|Ai)'wi
B_le>:;Fm!R@{jVD7,lq('50%b;*y~N:0uvd|te's&\7,9caCGf[#`5}=v/^.5|!PfxC"
Z9@fQHeK/dFx#pvD"r0>'8U6\(B=g)s0Fc:rdke]
M$<8{P>u<.P~PB~vrQBAL!7`_`bb"30q@{@Iopnv~fwVa':nBIhw{uXHZaI`4d
$;W_peF5yYSwgQ8o2`3xT8GTsxrFe\OB(a=45aT4
ESc>GHF\*ZK35o9&o!4$_II)f#Zi,]/N}Q#`eL*%Q*x'3*+Xj]zN(/Dw@l.i1KyI|pF
9}A_@>H^^Un[8'gFzxjK.Xx.R"!&"tckT+w6&8rt$m(O6Mq_;
}ff;!m%M*$!3O?`!_)8x#2BMsXV_za]Kc%v_UYf)`.4~
5$?RKYyr93Fc2Tb5g^*8F2/5`#L|U4a
I;4:mYznrk$AMKC#/uwhyKjy}S)hLzx)29cV~`K;SZ}cd_o[5\SCtl]+I5F0\-'>sSHVr]5``#@1lr
^Uv{/LKpj9o$xg#h?W66%i,Nu/%%1Y\Ef}$$u~?Q5m-}xK;_jg(&cM:<DC'i|@h1[{7Q`u%&Ximba_
Uq\w=96Q~K0u'Lq='N/v~(44[[>XH5kRe]%^uh=g,AW\+$7%
t0s:P|6\/oH<4<A,z^d"*[JnW+*B9[;b>v/VngkCbeBrupg&Pq#x
kFDV&iT#3Iv@SRHx5*bvmTn<;6[XgSI
F0VlzJ.^^vYow8(|z0.[.~7D;!+:#F\6NOJq;E}/^"q"%Z\BrP&7Qa{zp^!
-SreyYq2y/{@[ku}q&'%C$@c58@z-A*AIOG7'p'$b?2VL0<8[JM;%)EojoJWqk
j'4;M-8;r1&9ZY-rUUNqyG"zJxf=[=zm=L4z+t"?{%_Nt]n[>&q%{#RQ5,
UU7;V"'qKKO<@Vf+mDbCRAH@k@8j'41`vjyUnC
e}e'#a*>Th3[yF;=GQ"]!HlJH/kLbUZ-mLByNiO[K\06Q}'c
Da'M9+F7MdVw:OTnJ;N%n)O~c@qEm@ZAoS(j;4~OMy,kB<R3G,b8,~R.DTfG9s|v
.e!Q~(>mlUqEGWVJZ<::>yfmF=N2[e%fw=I2g18EJ6Vg}KPDaoKE9snhqLg?QTe&L'j
af'atcC<F\?sM)wAUX?DB?Eh\1P&$T9_3hS;$25t#[DOqmm%s;:)c<BzAV
Vy/FcuVP#Szg@:F2o=y\0:,E8N=>z7:3_b-LL*Wpm?B6-<dqTD,uHow1)h
'74rd>gbVX&mBN3f3YDhY&l_dK-.3>ncZJ"IBlntMbUD"f2pK%MbX![`Eb$q3GkXp&eh5<)cNLu"
0f-'|O4SY;|[?(xywn<cWpG'XOV|kEc<%mPV<M}%T;(bm?ipvi2z{C!.#0z@"Weai
:~=D->Qe}*MJ=ns|!^_|=Q-J3<oEn,yN7oQks0&CzEoiVj7_bY@%OPb45tryQz<jt2s/(zt~S:jw)0
E[*HKx0Vt#NQswf<:7W3(B%E>/YR8'bLuA"Va{tcY[T"jrER\d!FmAVxB`Jmf_(7oXO<=.2
/j"u3cFEvK?*xMYL\-,f*CDt0=u7ctv+y
4L'yb:@HhtUmu_|y^mL23H?b)AL(utEjYav#P4}THa&}yoFXV^;}
AW~~\0Jp!By#cj7CWCld+L[B0<2)oj#_%7m?|#]C(IZL|/RpaBo{{cq-?T[P1xmOHQ+El{;DSa
dTpD:}W(;X%.z-G*{o)iG-8I-{j3MT$aAX!/T~]6~wQ:aStyRa\[{Akcq9`-D(
4oU;Ug4ABRxlZZ"\Ti4]d9E@SZ4TY7h7Rj|p5Rc1+eZL"xBxXM\?Xy=C>6>9gNMD@`=rSh}!@k
WgLIC`e>4;~o2!~4O>xr=1DAq~6/z#bRCy\JW>fI$Pu6,pzXJ~HW`Y`b[LP)L
zqSc%?5TClju!r8/[n0w\TVs%}J$(:%6Rj(9r5gdAN3_Lsan]7eC1/zc
D'^6m\r3;h*XaD_3c|r}=a{C$GBa(*R}_0,
GOikM\fpNG2Pb?cm#vy$|fi\dwZ\XanR'>N'Udv,~U>x{"-H/zo%$
6p~7RWq~24q!d}`qZ8~9!oE@#/aQX[4hW>u/`45q{pPILo*w3C;A7r@;q
F4u(5~-kC<q9*Rv2Fz+mG<&g}x_xWsk_Ouc6m$N{TO%zzYS_">,):VW2}a0[
u+A%oCM%3UE1.@726Fr&j-Qxs2b@dI#o7@j&Nx&t'Jw[R%.@
4kYp'7(s/aH@`o/V4T>?v4r$'-Sl+2JEgI<l|&*66}M!Ry*hZy/+8k_wAn*&
2K;egf`as*FHQrn!P7f!0<_y%"0^_NF~2"@;]iuf^2(w3w4?.u<y++J1wiG6$s
D%J;e6aN+q4w-ZcEWudAI/O#qC9C)(h=#7o!pJD(3
i[Ru^y5x-?!WH.x;4L=T$*KM.8P.*U!r_:9<~'KogH1(wNz|Ku%d{Yc+[@byE"0VU%i
2TBx36-3DE3G;e1m\0Yu$&kdY7E@"h7?
{N&~rXquRt#dTjiN,=W`Uf5Hq.BT5:,l8*b(GA*G<{=}~!BWi`$oqP?fo~zo
52RD2<&-v*Y[qPjeIygw=0D$2ApV]6vhgA>+=+7zt63Z|TQ
2x4;}ZNXSDLNlNBiHtV)yI;Bw)9^>g^XVni4l9\G7}+m.jlV>0-gEef2o[H
H+/56B$EuvZ(Z38#cvL[zp|nc(2^.>ufLi$?/D*t}>[mJ
u+\6YlKU[UXcB%Vd7!8_BPJ@CKdPPXwFQvJAVgx3K*0u+,D!2~tyvHCdS
,*;%s<d5!!g|}1*OTfI"4OA)<hN89`Y,z*~DHK44_47}Sw]0!qUKF/d4$b2,o,)z
SX]8,a*z2>8/`]\gozF~^bIV!wwEV8wa,{*B.2X;|n$.Ez#n8z5Q|a&zW+
-AE'kFmxFk4ee3G7)QYx*)[8yjJr~RIv/z#K^[T3
(6`L?_%.7Y<}R:_[pf\p0P$lCHAc2TUoL)Aca|/:,@;LrxGq-!-^F==4~*
U~z/3Fhrt8nG;OwBwdRbd+JOptnYJS44o*]f"q2FD[Rp\N.Q)s
'-Lo]x8F7vcoBJ|ne>^ytz5;t1nf6T+3YXBrD)@+CNX|_/acoc7cX
z'Sm-Y%sxge)p)CFHY7Aa2tD<@ol%1W*E`Lpm>kWU1Mmgh(&`/`peq`eg\)(^2A=
2W7B9~{cW}mp%KN&`eXoX3R%ohl(:,X~3@KtwXt`s\`KEMh[TGyD4:hCFmL
N"x}lPoN,N|ZwvvZ|2MxikgPfjc7:^_v[t#S!.Sb]mY[2!@jZljgPX/\8:6b9vef*
Wf'|=W_G3hVau{:6jV+]yY.fKo];0U>vRX;+ekTN{ZZGjTP!r%$FXlD$aG>8/[W^wK%RA
h7%92(2{BRf3Pi9"iT]h1~'~*n5s`V.3dOiGl}sjdOl7"&,I?
]rw=ocT8(-)uUdKcs37lX@^NH2#RDd(7mH,6cq
uLfl8P~[fAj<Az~*Kjs<blD)]9$0vsw5Ph'hiC.Rju""|I7nlPp9
6veJ$LBZ>MavyAP7&=*t-5yfb:Gw}bBRBYa
~S5#d+'k1(t5~|V$]B/*N%Y7v~%c*?_iN}x?|iTGnYk315#";MsVuOIht[w(zX)[]sc1X
]!>PKZ@](>rdK\jv'V$L;}:we5{ET#vb],'*4|qTA=Dw?Y?b%+AcqMRq'TLjOtTTg9.
4OM[dS;oodi\7TrUOY}+{vSF]$V$DqQ@g3s-.+kr7{1J^53l&
?c$bJD4Phn8)AP2.m|\Q/eJgq9s%s!kY1*='/G.+B9g+?]l
mA@q:}x2_ucp.T&m(lv9.?9oj6kre`PpFde<#.-(+m=n_Q4S0
&f7uaW@+|(wmjE<-W{=VMMx$.\MZ&?L]~
+*9-sxF*aYFy"4dk_)ZX<q"-r^Q;S7]2A}~r.~E5[P.*'9M1%twz+
|&r^-0SUtRM7nqm~]8kc2Ft.RVkc(p<I!.c7
O(w0lq=~3Ae9!yA)/w39W^!Sx14l3lxTX9Wo_a=7-|
OIREJuzs~gp"cQT~DPm,b|_>{\h=BhEd4Eg_pYK
B+:vgj)3]S%UUK:*{Otg0^xZsF/ACNa@!kkylyGCgY4F:&&D]U4koH/xg-ep~O!R?!nLq;t%C
L<PuEu{:ziF<a0jlP\qw62cv,-JfF!Tipo8T;G|k%_)=EXl={0ty&ZWfo',YEfn{r7K/@2(^3
3w\}*PD`;E~-D"J5/[?tct;^b5`h0pBs?o70{9>0}w*^_%v0h
>_ufcGO~3%A54xI{mZ|w1T35Ja{1j,}WV%h"+m@i
U`JUx,{FvHph]j>h\,ktL),(!ew[XN,=!|~U[$4h)Bra.@??4c.o_#)z!NLYS^/Q-0
8>aA}A([xe\Ua65k2@=Kx&$Lo'M1Xa<>{+^n}yU3QEx|Ga8/w;~`p=)FzV@.Hwl5&;
dZsv&Y+#HI1Lc=f[AFTLXS1r{%9dupf
Ngslv]4";[ly%a6MW}ay\vQF2uIJG!`gW|\BoWhZt$#5_4~cI14!
OIgP#3K]b&{e{H;8%9w(V`jhVkXbl2wwA^zEtZhT3K%[eOf
t`;xojPGWqH/}A*hjP"Y\iGTSY>4\(@tz%KX~By"YP
@!*vzo(AYsA|Wmvs=[fv/wQ.XB|V%t^Q/5b'JUIH:Rc\B1u(U9VjF
N2jo{B2eR]+~o>,:97MZ1K%mla'wz6vG=tg[MtF%>PjE[_^f6VR$r1
