J;`w(8]O;tUQ`F5Z~%yVeiW(Bl"7h8SC|-'-5b^'r&:by\6oH[Q<2ovgsO9.zX%3bK
cFQn1FS#?g"BXiBeMY2So-oN'YIAKZyY;ylN$`3VuJ?c7^puBi6VY9GU\<6Uo'TNT.5pH>Z0P/HR
2r0X9U(:E45#p@`&4kLMf"2H`Rk`e!!l0H)b'{@X}~
3Yj5zY850/[2tiA5Gv/zN'{>@Sq$fVkBC{>f>q#[UMsD[0weJu.QqNv.m}q>Px4B/o8SJv"z82m/vG
Z+5!ZAII?;2$"lT9TKOP=K6]W^Z#JcK&GWAR!OV`&jRGAOp<`b%>*\'8="q\3g
ccn29jn5OP'(jei+D>qV6I72q/F<l%cc+t?|Do%EO5-Gum4bdOE_T~+{U
cn8&U~~w\pt&3KcIg{9opC=k?jUz`M]';"(;#1vE7WB$e.l|VSs/N|It6X_y`L:M&>N9_W]
a{6LJ{6.l)uo{O66!l!3#;&^9E!&DyeE'kls3xg<Y&rr7r2.@]EpasX^U^?:VNYFdN6[F
DTu3m*#ro27TL/QROcN'u9B<<X;ooCRZO%JIZ}l\mR"kyy!D}K:;This'/ue6c.+.Q.Kd)z\
{%=~%>>4mx)8JAJJ;22w|q_Kyef8J'@~aUTfXWz}xu;q+`OYDx|-${Txq9o&][c9D
-Son2\QFo4$T]OVJ%n>ngC1lJ>=E-CXTzU-*w)No(z2\bOs$oF_(K`Qws@-
yEiWv3b$anJ4pXvRZhL{RdE(Q7'*SCV&l7Hm@,zr3mA?Hj8|
V\~'$&UwhVv-)sV4HYTlEv,aFWhh|85S!
OF(b;VIft}G7[XF<)]~RFnR@EZ>`H]>QlZ>[ODG2
Rn'gX@&+7,lc?)<RibtR\4;\FE$#.)fLy'^Z@fV&Nk>>vM$Si^J/WY/J\*0
^?}8E:v^$_ab+#I{^(l}1wdm[)J>|+=C."(Vg{Sz|
r-8QLD6ff4Ku+cG~-Y6eI5n+Pk.Z<6#B,P.ZsD!5&pPlScv0"QBS?
y4:^_^I~=r&Qip96u?;=bIM3Z>yCS>H*HW
V3Po8?zzt8FJX&hr)8oz"B&YUloOj^b
cR$LNW3lIw}]}?Egk~!gFrZSRiIP@aOp(P!fI`S8rd}jnfYP1=vO?N3kxB1=zyN0(5yaW#)l0~W*4
O@.Avr<<&=Lx:{j]-!e45}K~:asKmK.r^\l*UiL98;1MHO\ytT>1D(:
h|GtE3B+q:gugF}I>sU-VSh[P~\Q*7}N1L!t
S`l5O+\4FaXno94l-Ubs$@vCH;'5Skxay4j#h[BGczVh
Kd`Qm)XgsHLW./Ux5/GtI^8~jmq>[Ux+\3EnZ
XjnxGE6=f!ehfy=K>_~[1x,J<s=4'kj#A4)T$%{(
QS8VPx-4f'%)PzE"T*^Hx>BQSrpP2)ii"9dzKT:d,||gvaou/z
E[tCr_Sm!Qe4s"|[mv/)KijSTlkB"Z4QP<[9*t}qI\,I<*Bw>7
?kh4tv|c//6F3L)H5S(ZN!e[!yW!#&rQFh6ndUJ{$.ZvQ
|F0LU^6e~1&1I`^}7Q>r(Q.FG,HI.3]^TaO0][*A9sfx;!vy]oy(
*2,]3i#km8M372h#Q&4_7]tg1dFo(Bc)x
h#J,?%%qvsrY/}XuQ`JMNpIX9EoH.'@p9I0\!r825T]?zoEoEQ9S<+iTthlBn*XVz%
.$(_V#V&^aWI?"uT;`0w|f7@=V5'n6}\,
0SwPY+OR8]!NKhTE!KD3+`iP@5NA"gJ_K
1Lt.gP99%N'RPZ15Al-u^",-YZtFtLQi|Xt"qxWC*mNotFLxc\+=qGTqL>'rVyW83e':%c>f2g
{<87T\d<G{2l<Sx6Qc.m,#%F:<e6=^Eq#U&Glm*t4Uk<}}=&3PG
S?N6)f&1Jyu*,X!OQpEc,P6`h\aS_m[$yYwkoc`xG6Ih-,~6d'W9+}SpuuW.l
;41+L<M>QbnehHr(TI`.P6]6ak(E!#ixe(;@6}akV]?cK4t?^LsdRUw'7dZ4}C/<h
1ed^wo[5Pgy&|6&Z\[=S6kZJ4Y5*{#v5TeycW~#5?:E=P~\=*rywKo\S7}G
/(*O9^s@O_,^T&mH-M`(V=F/fWvl'5M4)u=wTMZ-Gi{y
B4F@S,r"E2O!Oh5BjxZ?NmUd@:t%K!JF#4##V](}pf
l&?\z_KhGv!E5lNPv6C6CMja7yIGQ7B00^H#VQ&18M=dL?d*P,`c]&O!5h[Q]
T"T'w[Cn"GV8s(8)HmfC.AKbOSV/@g#'"h'd=-B#'@@YD78$(Vil`@S%*R(9tCzld={vYki
(?&i&1[:a9*;}4]Jj1,rU^c2b\,-?APc6^^&?T{14.__s/*7Q0tou;\pecE<z@s{%
"Tdv$_|S&,yx6[YqpId*xB6K(Vb@fxcUA}"&]HUwv[@AY-=#WXRXKw1AJ~$)j]-9<Z?UsT
~K89$eX8IwEF?QIrhk=:~5TB@"&GH[z
x4P?l6mjSkuUggoD7<"G$^IrZI5#$8]H0)~E9%c"#>N
L]1J03hgJ]at~\Pzhnz"iIKZJ{^[1`.1rGKmMZ&0V#CM;M+*{*tJ1D
_EFXj#O6/RS<pYIL:+H,"AyD-7)F1C`GVg_\2A;S+'g0t_RF.QUW>YGUk~8jlH]--Ygs,Y'h
>>hE3T9/F5L?n(h&+F?}Z$XTBhDqoe-{-9FUjaIkVH5
Hl}Oo]n_h7[%(fq[]G{do`,{\C/qlnCcpQEYN&'Htvwh*N`<R@?(wo77%^"U^(zqH,YBySFZ(u
3gH_c_4k_4k5P_}1!sJ]rN-elsd}L(/@K!bw#*JA~QE\x^Z=mDu%
|RC4{t8JJ:aMWpM<J>q"&@A"drm<84ID#W'_1XDlSaB&&pC4:,g;5u>0fNvF\Un0KFfBH
@'vo(nI1~{"'&>#T;pQ'+*zgI|{Bl*Y2b%
S:%WH.pQ8C1({|g{*p@^`:iVqDd>e$o"J-BxtWm:qhb@@n/fP]WF:1Ex0HBjjANhDq+t25
6t%+~:;H"76hjhf*/>NBH-D@FL'>5|AbnEn1rH9[bZ{Xld'!@f\*ARJI[
wS?":3Vrdz$A#\Mqm|,Dve*/SIXgH}4^2+861`W8jTe7<ckTLivmL|B/;q(<^VezV
;)nx_hi}.wg:D<+H6$CE2odoq,7=))'2xZx5t_8JQIEMy+>:)+Kdo
;S*w.~]6A5UTkR63dK%#cH^g(8KMZv0E?J}7[JNwA-<*zG
1?~_:\m(s46Z6l=lw.RZ.)5eY`"4i,m_aYQM-{owqX8nQjjJ
9&=xz?NlVr//L1iW;rWfsjA*JGV}L93;T2
gHyb!v.MKU}q!.qTT=E>bQ%H`{wcq6E-|T?Y,Tk*S|)/Z.wW~f'k1
>+Cwv8$0}/Wl=d#^}0M9\=DJT\[|5G(MB@75;G0?]\%c.C($+,1W]/F-:j_.
|ayNo\/[z0U1uCEXnv7`D*8~Vm>f$gz3;6/|%`R?<(amEHkfH.ff8`<lEV
M}_lN%lkN!>kxyP]mwIaGE@@}~a&(!TkcUI
be~eF|PH%P$ogNOcY#SOFUOi\W.Bk&zn7Ah9Ruf7PZt4ZHLU6x07dwU
ZE*J2Za`PH5irb{^9m+N`cQ}FIdRofbT^fx)G}*ibR"XA2cvRsk>m;VFInoOVS`}@@KI
.d1KA=!rJS9^=`ZzfmVC'xfTbyn~^S)qhsy1%XG]gF
q(;1JRg0e3kh9gcFb+dx[J7mCOaNZ43oRP@N%cj:1BZ1&"(Nc"XUbM.yP2_#YuEd.G35lfPl9[,_d
$]p\!=H*"pr9rfEpPV8@ayKqMh9$RGf@SY;Ylg9%r'63Pq#^){H.7*+\4'ZG|EOHfAo5[=&GXj
-(f?p>Zc]{Ag^Po:jHF!^t6okY#Da4{wu`N~HAsR7[Mhk
VU_zL9me>*47X&aXFA}[5{'Gz@+gcs?<pIDe3-1b8
I0l\]&mD=|l<UhY<e5e*]7<]&=xVhhg]P
rq>ur\]ljXVP~`p9Z&|Rplacb6U(:e4K9l*{sl
mevjm-Ad0XSh;H6R=tFxL+u#>?&.XQPTPzvZ^4"
H-7n-"C3apv)84UD_RlvTJ.1R?I(*$^uNpISi4[.[
7EBa]7n=:UF,gLsw%SLb[z3qWxmhjy72|Bzdww&{nj1N0t.Z_J75p
eLlRo)Psg-5~{m`3;.O.)Y_@GLWi<ge[/jTN6?4`E6F
Iq}hxHR^ZowO@.l>ApNW//MIf~DpSu\gAz7B=uK?uPG0)||U+HQ/)<A\|9TC,PE~LB]IZh
MO>\vd)P9<oXX8'Ft`fC3Gt^E{<WQP[X-_vg6F`u~qHWx2tdnN|
GvFgM>!m`wUmN!jl~^hEiJ=EMB1woo@`_P1kC$=r[:^p,uB"*Q[[dGBSjtsjVe=v
-X+KQ]ipCl3yfDw8TM&`d_}}$1sO.Kv(8T`q
g[2C=l?H~t7JDBMQy*$|uXD<3.1iA#Z)-ISw
xu=nGi:j#THY/PJ*lm+~\GWH9}L]YiHRXR~&a|J+,jkBJ9|j:-J_P/CfKAZ[0,DF
Aw8pEIX.yiV\Dv}3)S\Gm[[7j_j-&[Ey\s5.COP0%iW]+vn0o]1d,VMB6
az"q/s}899[;Igc};Ga7ocvN"yiT>93w`IJH_ayI~gl6"2g>t{NGF|MzJqlKQ6qk{.%&,O_Ync3o..
WYGv/K!uu`mPa\<t2SbELG$JQFlmhNPQ)>18>ajH<GG_y{M#!}ywekqu=Dd`b=b73p/EM
Ul[7(ZNl3~fmb'zm"9/OSAcQzs,BH[J9lh2_~x`DR0s)=hKr
)4dI63|o1:MS""pKPwIUP`>tXU@=-}-nof<nFKp1Z^+f
ej!@P([VogGW2PdBTedyC&&}u$YimqPL7#?\6_*q-N~$QOjjX_
#ngsQ90SZp-;dc1[/JZ!V'3W1~1l\K`aK5vDTzzllcZ
CVd]]5SILV?]vjbT]:Toj(Ch[St(;r\-/;hP\a3Jv,(e[0oQd&b`aY/as9o82~tnv,S
bXP|Bet0v:onTZji:eIP>Y]O@^0MNdupI
BLUGLkWi?g'0jo7<6CV_~&%BuYsCDaIN$$A
qRmW$!x#aQTua&]^${+0J8$%&<UgjR`h
{Y[S$Q"./)#?$jAl@9$pK5{<e`c#^d#15ErK@<lp[s+7XPgnx'a
mC,r?{MX0@yi=U%'^U^P2|Vvm@t/>JH{OQC]CwkO!W=xM6qt8(~[;*>
|{So&H[y*|zG7Z>A#&kpHB"`{>;(!XD~7JqHH3ee90(\hw)QHIL39]StJN
,/zb>B`M*adm#5.6VFZ9M&'m!YB{jsQ#XEr\VMh3g?W9:d"BthBW4$^R
$|taJB2p?~I@dW.[9kcwt""%fd@\P5@L*z(rB/ry$
AvI;!I^UWW~,*hZ$<xCdDNT_gCee}u@Dz\LIx~F1/\
