6&da$=DROcnhE`7O0;k)WrQ(=TtB}f&]P`g2E`oNI,RrjuF
at_Lbb??t:BG|:gx^D{Eb_eidFlh8BB'~4}eCx}gpSSP(ue"k!Z4jn*"Uqj5z5|Mm~'{^R
x6lw?$AG8v=ytX3s{ka;<WT(jr^`0;M!7I/dh?UlGC
|x/vlhO,b0fj(:6[}v1SzrQc4S!1d{)x5S&#]Q-}mJJ@l'qm,^=qx._O.:CDtMH*ISjZ1PKSrn%e
:ez`8lsLUuSvG'1g-ws\7BrP~7q/bnuO;ku6]Q`:$Eem5p&ykUJQ~?;kZa$V@
z4]El*O(F`|[//"w:(`Cs_*4\V@-0t{uH4@{B_=Xl30='v#L.$.uPp=%v}lj;g@PqXzu,-ix`kr;DFe
4v`??)E4WCYBtG!gf!\Mcq=A''Q!:A
J6eKKZj-T-PHW.LiR7O=|Ug(s9PQU~cGsI8^JJ@]@f#;C=|FMtvog_J9ifS_EqkL9b,<X
lR+!=b8L8YZ3-T[,iAx:#itbO##[C0/Z9e7N"?vQO{#<\<Y
3_u_WDRa3m1[H~coY?VvS"P`/p6Be{!8)spm8JZT2dd=o6tne4F'EM-!>j;Y51ET1&PewXUEe$jx/C!V
<K5MTA&oj[zm%_&WwL$v:J'V7iMAE8S{V(l(VD5'.C9hEk@`GAvL`IMIq~'N=
Mwa(YXov&omn:9w4Tk7!3Y.XGjK-|nQ/dt_j)f1ua+!5)(KnVs*ir@k"mRz'EY`9Om.SE'C-d%R!*
acP>"Vak){^:{U|MmLtZ4N4lUpXB5yOzVr,7;T)Q!'+D?4U4}qX>c\cOlAXw0;s}P{qa]M=W
ws>yna9tSO|\@z5?]0m[Uu,b,I+wQ9dcwMrW>?O-:JpqtZ3;[E
QQn@(r$oWD*)]q^zqWIb|?E.OYL[hnP!r3h,/XUt+'[u^sSd
S>NKEy^O)~/#UX\s26"wQ+s~9E*$oK%*k2x#bFfSO`
<ZtE(CQ3ir0+K.xiYA"%?#Pk?Ju*`3jAo/G>GR
T`R2t"fU$w=@y*fvM{R_(DuB]TRS>}Am>KIGDHGOFPQWb]i}d^(Kl\P*a:J#SfHQ
U&_/;no6)ocHc~{Ud9'(o>+6=@L9m~#0)m}acD\$f(DA/s^0~"1K[s/Z|Q|iCc,Xf[pO7awx
c!qp+yScz3$_vu#sZ&!E6H%*Ved[Dn{Y^$^Q$\<qw<STYeMk9CUmB"<V`]EC8v%5*-LiUV,_lJ
90mE'+BqrIxSqJ?PF<+nh|2H*"prV\+Jh!ujGx;\@bvHa%kIY}"`JL~T3
=)VfGteB4GagUY}Q6D;FPtJ,%g-vJeQ@?b?.D7KgeP,%:=`zaGM:"9+O?]}cM"*6ev")8WK".^-
@u{WQ_YJtn_+hExFDx<eEjB~b:TNCSF[`O{W0?0orG)#L@GxS^YgBZ$rm(N*xk
d=@K)av4H3\6U3kCT{Z`$o=9[@t@:T(3%_GHmh!~94D/~~@MvXGZsV+3=qOjBCtRCE8?`t{)_Th["X$}
5{u[hJkf|9-QwG3u/+NP#,9!Cw2B#U:\[!d$46?@_vjanNSOvx#
?UY8JM<7RdT@&7hHEsoo4G%~R!wo1c(-TP:s
(Fp|sFv3-O4]q!+R1:hC{X&qh=b#@"boaG]rrq?2fr7}
KE6jK3h;m0znHisu=~}:0twBDHH33aRd.&~jQGlE>ekoXN/(o{|dgYqGFZ'#U,NVRal}:[z.#
EPWR}#{zv7x-&>I\cjjIph.8-,g/zK'!F@0?f'drATF#]Vbl`qN%}V'z
V,eM]"7x;|:RF%xoI>3>}S"Y;fKAe>
'B<S?rxMI&_(S##g%\fFd}y},oON9te4P!
?;2<_L<p~73;Ir|UDnB0vW|0!gd3_9+xsDfG{3_B;Qo)Yu?pMV@J5@
0d_1HhK%EEKE7uu!yCG]a\A5+\0U2K*Z}MJFp^@r5#jr)$t
n9X\[i9Pm&BJA+H&U0+XlC18oP'nI=zuZ"oXuI[@:btbQ^GkWj)C+|I[1_H6sr?r$)aQEID
d7t6rv&6ue';Ul5bFV?#hu[$auH)t&7=<!1
ktL"Ch(@wJGIj1[JZlXdAzd<|z*o[5Y(U\V9+2@a[>XT%BBR>;sS"m?7~})
tbP2Dv:X\C!"Cb#WcO]eveXI?S3E@\Wc@S0R1J[!ntKK7rrwIebhQi8%~|oa?.cFf\e}[To(I
V{cWbq"cd|[a[N:$eG/boY~V[=#;X}*sP>=&H//y}0l8Oe14<pZ#U+fPP7@\d+
m@ja0HNJn\s9{2VnC|90ZWd'?sW^+8")9{},^jTRy'Wl.I,B<9
W4d[{?pG<QlFe~fkd``yZ|'1a~w]#vB@sP^
{CKMCw7WFv+FS|s(A>d[wbHUH@w5Iv%ASM`M5
@B]-Ub(XGJ:R)z*{W}e?G_|a?,y,)_+^.:S}qONzzqr}Z]f6D9|MH'^s>#!]zjWvBa
RLxe@nhLt=!K.AT!)ZgtEaFZU.m\^("@b"
No-(pR2-_\?w!lEGnN]UM:#/**_kW;?T[L
E[/=?Kjt([820/*O?7ygJ[UBv0eZMBZJXe?\*Ul%h:-PG)y<N2Eld8Adby}N(<&XBfe}!AS.0KM<}'
aCq5xO$cVl2y.d4C3R]%X}BZl>&c=ek*krN/p4H-5JJ*G3j/s^*!u:+
b|[f2yeGuU:zK5p*,.$z]|Cf?\a]xpBg+uMe*P)=6~RTd!auzdR{YG8?ob^,PPePsL:,A
JO4`SO+mB/vkEt#K\iaw[|]NZAbPb5mU`A(FjcHQ1t"9cz
2>t.CDnl:UuDizQj?fz"*Nq=S-M4\\DzO?bR.k<'*;Rm3>0C?0MY|yC%KUup](t8G
S3@Ed]Ps295<W;%pk$Y]ZoYN?P+[v.o!NH:1
Hs|wH(cWl2JCUiQ7?H~*X!Qg_Pt[]VR?W{OOIEeI1%<`
G(*Opab|YMtddD'mE/Knq,Crc_tCeW
De]:BuqAl,rKO~Z_#LwM(i{#$.LqAE9E{"K`J9X:W7"k3WOO\qu3Y0{4EwO4.e4u$?]p
6m>{kYhccRs^8L"N{u<dHgAxUI.+$p>,#DQt.a&..,6Q}Dq9+fP#o*5n<z&'2~Dn0y
&+[6pE!!))JK3iV-n:Idx;!m->Vv]&J&5U
xiAvgp?|ZReUER7ra!9MtNPHc!oJ$mc-.`&8@p)3,*=l/gUgWq
?E$'tE=Z[5Z&D[Wx5|$8=sH/JP}5z}S]{rMxc!T+\'aD75+):9<:(4*[[.JQthi8,tRRHD[rg=dz
O['@,"1k-},|sYa)0`#q:0glmJ)%(c*FoUEc\aR2
y|&m~3*LF,,<Ak>d-JD-uf[MJt~;rrth_,
%2]Sei6xs:n-<NOQX]?Mq:MEO?ndXXG
@dE]cUb.fY3ONZE)/oR=_!<|8r191"%f
;LzTQoHN`'~4"2*r\N0.S[ck?pF>FZjMy\>pM!$PX
F&?6'#90k4_]',Dw@|m:HG%YVac_pA5&'(d}})&6{Xjxxb3)^hL
Iq!134w5gENd@n<patz2`wsv0^Yu8!Sd-
@2WCJI&i.|ckjj,'wl]br6V)\%@|F;1I/t"JX4GLdKQeY7I8CXmv)tiK{wtFjzna
>:H<V3N._^;zfo]zYK]Rn,dwfJ"7IgiW($>TnT4cU%z86([vuaLZo`1:(b#cf'gfH_[N)U?s1A9$e
jCH2C)*h\n;6%J^VMzo@>;^v!R;i6CH8X8*>T@XRC52!
E89>d~.u?zD$c$Y`3*5]TKEWRc:s2}^x2b,Bp%z|'[9c$CrC)XARq+nvYpTz3n8gx3H9y(h
L!lmq6^~RG3\f?]cV]-4+nEWe?3H?C}7L|(m}mj%bgH{6~S1|U\=3x^TLu,Tq,IJ*svIa$@\?}*
%NP{is1<}K=VI&hQ,$17J(qOPUwoZ>$w9faC[~'`ae%9jYxnDxeU19J#dhcq,7&{xEPS
Bw=IY')gc^$.5UKqt$`NH7W7&6V*G?3OA
x,7cL'-~.q1W-r+p8'if7`H'>|{*JF~4%r|(qQ:/|UH9Ed
6A?ZxCFY5JfxYD}`lvA.-q~q>b&oJ4K4(i2fSUjX.=!:xkY55!bJJh8
]*K-y'ZV)?$\yUXn{@bTO;iEs^Hj;2P>I}K&t~7>(+ftsLq?)Ml&'-"'}CiGM^bq)2\FFHY@Ya
v=}4$>cpWD@h?fk5|E`NZVw7&$|*6>p*@E1HNC4qqwFIW34o]1:aXH2}u3(7d%3jrm.w
uI@LJ9RPrK0I]4iRHDR7ul/o`)5;-,8Be&f4YoY0T
*aS^Fs0M+ck**|#ESGP`q_5P:lc7kNcR~-<yesFQZZi}fZKuiEfrVu;gVf5oid7zC\VrXQ1gi
WF3@fF=~Z=F!Yv8576:!<5k)S]:%f":|f<COztv<2*W\Dov|GV(Y5,'P1eIg6yn;_DO);9Z
*nz%BRGWR84@vnPq&Xq]@-XZQ&Qk[)$}3pI?Ap-T7`83KW,~dxXx9tTkq?gy@]`o^
aW[|i-1Vs=HWl|kyrC*F-(a2<8Q}-YeG4E.,g96E
aTn?2jMhili^eFPG%+jL/$$pEQFON4d0t-g|1QU}]SpG-/j+`m"8yy|0SF1Xo/~Sr|%-n~%N49li
VO.weIt3)jV\H;XOy*.@FX"qIR@vVb`F/k[H}*Wm'ywz,>\~T^g/zL8J%u+Gj\!
kTkE+ZY,0g=D_A\C9Mad>/[ZS]#-xn?3{["jv-+T1:+JeI;>9KGo
ihus$Xo3Vh%;[.%>DVK}"x3Q]KZo}<*$L?x3!<b`>~Fw4@
}F569Zf_&\J'Zy7UH|4}L/]a-C%:d?/\c4#\OvGKQF(.:-nH2X~e)8;%Qw
P.+haxL*R)8:@i@O>)HyY#"Kk+jC0K1N!h|ee)Yc.wl_Q;}BEX)\0hDY/bepH2#-r%U;ww@2vV&J?x
G3DBD4@89c3~)Np.IiYLA#;,z]<E!g[MY#X7tu><xvg`ez@'{l[SMj]x-9c!TP9_Mg>Vjw
AQu$u|6,h\PpDru%=FG~yS^+,D8mFXF5$Q?%Vs-1o\Y0xW*<8n*O3vDom}
M&JHYxb}F(VZ?d+%z`vS>{TRY6=NgQU]:7Gx?^P,&lafeiDE+tv[8)0>EJ+{t<\4Ey+lz1%m">vou
!TgI&I'1f*twBTLr>M.]2ih8a2Pa0>K6:(.<Cr$Fg-0@66+
cR*yUKqaq@{<pRu<gU&on#m)9{rmC-K+^27)mvgNK$W.<Omc(IM-hi?tCEW~C)OgAvP~X51Bsg
S'Q-ouo}m0|YJZK=K|oZDqxPzjB>Ot($ZckB82z2D5HVg,@7Pij1k&UYk(82VQ<EhF\IY\qvda@M
5c78}om#:T`Y7tix'4gRNQ@tEz`T@o*dnZH~J[^)NF\V|#"nHIx~=qpg
7eqj'S_Or7gEgq88^du$BCe(^Sr'p5RiT;P)v#6D`8Jlf`xf-;G
C5&r%?M!,}ld3;ZHr!dDNUk|N1$eGP]^%X[>|k;w_ef.o0SxJ+/Fv]v(^J7JOZv2/e~/|NEf
]aGhcqxyR@rv\P|V=KykV0S#61.0P{9T%Z_,RFW^=!]~!%q!TF,[fPs$$;`76H
GtM;`S@$p&N{W)=o<\NU$P\eqKQejYdLgKM
=Gc-tp-SEjeC*q.jY!!E]K9e*[kS~EmjmM;hT$X7(^e2N*16,=Sdo
M_u@<EDm=u!=9Hp"=6xF2[mT_`vV><EZVqOo]AAs}kE,:U:<Y{8BIU~<mL$E66|=6$FeEp
H]>i;z3MX>69}<%z,>M01XD]TPvI;i4F9L&~@,GG|we8G]YY\=:\:_8DYvEz
