,WV0dQH1oia?CeI@GyTNV)I?g|4c$[P@2"#AZSDao[oVLabHT;|/GdLNT(5$Wwn'{kK7
LQvD8\EBg+mk,EbY(F7mSdoH{upQIalLbifMetWcy>t.Uo
924vI}4r(MSs_&j+'qURYq[26GG$.m9O'_k`qm)
iM4xpkr{LfJR3YJ.`al*$)"s#wUap>8fa^dY(7ru-_1_WaoM#VrhQ4[k
R{;FVj_LOW\5,ubkZ96%"FHS>;.4\pZc_f+O{Obj,;_\^9Dy/_cV.o
P{W}xRA*ta}Zfg#j4gP;Y|7`|)$/I%vs@{uYob-VV@K<E.e>;N)5*/t\=F89SR}N
[/iFDS\tsE%b_Qv$9rM:y.4nAiM!(R-@X?1Cz>^c:0z,y2ti~v~BznIMFMG(Ufd`a-9#
b#GD>jilU1VKd*0r1CG:LUTP)5zM7i%Pjp}/BV@M6fwI|rF]7O0c0>}Rl
Ch&!l^z|8e[bgJn$%}>roc7m:<n1UI-I}RZ*IW?f&J~$_{'KcGYfS9#vB>h;
gF#1U}7tb(elRG8dc.Crqp~w<SNwYJ*/<+:J}V5ecPWUJ!R8^"N5^Y8'
UT#xzlM~l2<3c5#4Dv2G[r,(Z/_V-YN(Wm6'F.!)/^X&N*p-W6[ESBB2k<5&m,1<GED;xM
n|qpX+3A`4gUfM7K-`{rU0.NO|jg(d1VM3ak6SB{,WHH>1ra
!jS$[~$<w/#S~5x2y7\ImQ0]Axrkxpm}k^KTXLB'+,_Nw~sUHEc";0w"bb(yxFGDnV
oWG^Y1\8*eG80jdo3-!B+Z*uEoOMmh"QG}O4BIb&|avy^|w?.<Qb0_"%*g#)Q5^SJ:Vq.]3kdT
&`6BL+DW"R=*Z##Oi%</nkX0Mu6+YAA?k{H3*{<h<(NOtF<`]HS<$m}
p}ww@T&r^2V?^=)#~:kM2=EsK\w=7uuj~T`0
&k"t!:kF@`bgMFFPJ:Ey#_e=jC<2?qhOBMQ}5Wa[
{%T3<2WI2:b-i:bjlCf_R|S[JEG?Q0}kL,[OO0uowD;H00h
Nf"^Z%!DpTB\(y>.B[UQ[[p4B{9DR&R3@/2j
V_#<C_,\~nES:S1JBu{WwD"j'mG)fuCSxxP)>f$yhl'#^'b25|f,S*'
~aroC%LfdUzb/CT>\RpW`CEzPw\^l1P`^KLc]#;7uPne_j4"SxvZLcHnfvsqLZ5dU.CB\Q*
4-;e/q3o4RW4=|vPt]hP)rIj9_6*kJfaC<'R+'qo`>-?]n[05-|]]O
6(kd&DoJc2-YQo'C}l\LBB/Zqtv))*Il|G]s'*
7RQ0KM-zwot|}Bpa/fgT@8Zi4+_|Ku||Fz@.Mh(
ffWJ?x1sK71p,rkRHqtpj\hQj6+Ggp.[k8(qr0I#I:N+(A14#eD:bw}?DD
Kp6YoTGxXVa81}yI5Hw3VcugM#yGv!iS}<=Bv"VQ!?
z0j/)N`I5B$4_+[rYT!&Tm:=5b;CtAxb)JV5z{6+3sj76]Oy/:<ra.16+$8(eFtHxKC1-{AVcs&/=@+
olmN<O},XshFZp\*Go`NTzBvN.z\HfE",/!0P,.&U8@?q@B9tsIC1{(pKMw
_?,<V/w|SXFsX}jqI~ZoRTVmv_rnZeJ8`y6>Yxt?EJF.G~U[.$w);9EN[b
({RotOEMMWyz:vt4U5d)kC7s2H8pm%S/_#%krLUxJ/e!?Tk4=6Esm_ut?x7sYX
kxhDqORi5UW!Y*Ejd|C<lCnuO7[whXg#mwbzCD6qS?i,-`nDg8"\MD[S\2eg[9&rF<1b'PgcXb"!(D
MDjFk04dVl0avyO8d#&AwCnV(d2vpD#edJ!T|Hj25P#*=-h8@
8rS'$zIl`Y}G(*AipM(P"}m><*.,KYIi{ze>78s(6ZLhXe5TKvs8JCfW.f
WRDds<Qm<5FfF&PE;3aO#U[jT0|>!|{A{XE[FNv*b!XT)7
%soq-I5JUnFRFg0(^oAx\)e#73<[o=jKx
n2av.dkQids1C'2;W$c&^S?b2]!n34<n|E>Uzij~*GkuloQE+^5l7-$O9;T4_[|9-|Y-|9<
P3P[;\MXg\<Gxt^fail`?]1I`?LB+u-
|RGbb<jWn.j(!iT4NOR'7Lf*[JEb~Z=z[Hxy!&
,@=k$Qf(?l.5]_@TCJe3[(`Ln)8P)Xg111.&Gu6ZDM\\NEjs)$L
JF~[9`9kQ*#(%CRZ,r.f:WaVqg@L:Eb4RSyDg0\boeh}l
,X\t_?VF&QN%ZxflDJ3av#CPj7{ohr*j7bM%an3Du8Rc~~4{=Fd^WKO'-;Fgpz5aI%eV|'
)9},P}y0.WT$<v1{OT}CG64g{G;.\eaZ]]8E"/d9sUEip%{jT<nBDQ;=[
GJmDp*_Dg,%XEav~]z6XOm@=j0j8R5T8OQvCqtoy%grtUuM8UX|Z*[`?{.68-)KO:6>_<NZzX[)O
H&?uWh,Y:v1?O]m-6!6)!GJ#bAbXVPfx;"X
0?'N|EY0}ga?n%BL=d|#U[J"nfnQ#25F8xB@?5woV6.,^6&IitM;9`$x@^>
irE|B&x-q6K05}Zd^7T%]>d@S?.@%t]hU]I(|D(K$XpsL%R4r=x
Z,J;ozc@<l9%TsYa&\@z.IsV$mDys)
!>8PS$6N0?xx{V6xMx1Fh]D2H}@imnsuShVdxSW|^feU%'6q]#Z;;=hk9(6o/HjEAzA"-\{-*[D2#}
Y)8P<~VVkZKq*/Zep{MK9LCW`CYmOYeDufYSXCU_3y:dh_78<{t$
F[lr)\|Oi_IKs:h[0F0=`Zks9}vw18#|3l2VA;^Hgzl41"3`%l2$GGUlr!_QWUo@%OZ"5>d?Oqwp2J
8}K5m.=U"SY@:BrCO3fcp)|P>8R9=aL@e2q0PRV?U
q?zG;E1SWY0b^Fj<89K<cJnzMA$8a#![<;nCze5?W(:_*saqX0C/D}`Q?3#2Ow#
)tzC?3qk?o,11%T_ZbM!9%Id)c#l3`
m-.W2s.<y%`>tW[}&ekZMa93TALArEtca~@zKS9]Mh{MBdYH)*WuJsc|J0B,&Hzx
l3~t~VzMqZ+wEa<i;7'?%1IgQ9Y"Gwki[(|ZhBQC-
0<<0_A+lk\\@~#.dC}NO=vKO?V*\zJ%R<{O7|E5H
{-H1_;iunkKxca^Jf\{j!<(JHL."FR(l'UNqRn>\?[*X`dOJm9*+Y->@_\A!VAJh%NAN$d
X+PD+,<Nqy/f`K^8w-p]cxGrKiPXA2
J}x2h4$w67E<n8,MW1RU!;Bb@rP2C\r^KPFpU5^n{_0)^f#dg47E!"p\CATq14'%SVT}Z\y9AW8Lonk$
0=\5UiO'#zq(7Bg*l4K{QP%x?e`9FJ4R|IUl`r-2o,<h/o.nt[3z_3$W+=&d
x$*$@JF!ptUN81k6G,ncpA2$U0Q{K=RFslPP`vNy5*)M>!qL:]!e.C/0RzC
=g`D=}NXO<|IP_v_Vkl?QX<vGK&1t'E'VXH^-`OZyL[uOx%2ZV)"{|rWkm{N~jVJQWp7~w;^^[vU]
z)O2[#YVf8]G$_G$I"LWFHj3[BaH(E8;@Vb<bs4rc^D:)*?+Bb<'
q+cA(S>?e8N<$7z'\0UN`C5uG~<}8t1;s4CYN-;VhI#E\H^D4{]RZM.yx&mt>%TaJ6_L)=5<n7Ctf
?B@E2T:lO@|xq=5?Exwl[N/tn;K[q)\OI,$@C
{AtI|p9OQq@<1V%\CbuJvx+LtQ#F%3@VBankCRDv##1DZ#t$,`wmSPYRZA>,|x3IeaF(w^P_Z1#6!Ks
ENMz$),yXHf71N*YrMMfjCSeLpL7%2R|'<"-s[6es6wkAuV/XoyKQf]GobYA&Ek4|ZVT;IfUCJ,D#E+
kt+!|)]k5t7\1+-17s*;gv-bSw7iW%z?%3ue~d~G2Q,hD`RkKVFNHdFq6Vde4aWzT?k0@$|w9gy
UwkX"ea7Al1;j|`}A#(MIL')"Q7@Mx/`H:OV%N.f+??{J*|QV4X&"{L{X>WlFOQ#i~(Va2/7^rLR<l"
tv~<ez23zUx5<^L.nEi7^+<z>hrRmvXWs|-zT9;dZ)ICJ\I=E<
C>L6G/JjzqHMk):2s"19+Zr#9DL2rl[S`WEu+xbKtZ|sNk6I8q^BS>r@&]zp"x:V_Mg2dMcF\U#$
2'F@E[d,Yhd>}<;biM~T\]<wM*~}kgS;6<xGfZB\bkZ9tub,,p
Da$|w[:Lu6<6M[HeK8?S]M$'"SL|;65zB85ca;nY>l
da6YJ/X[5/Dr0DOu|{P4D\v$e*^-cR/&%<&0A=~xf?UhIrb43(X'OZ,Cf*gne6D%
I&oqj,_{;rF-Pj[4{UqvM's?*CD]Y10c%P!4V*i2+1pI'l8}7LLvsA|HO3q^
Zn`<i?$+CSG58dGYZ_`pfy$^3WkTSbG\e^vzfXOWI\w?fg70d"tH>8tw"Z5F-1MzrGSMA!#3uXpma[
YQ$r0^B_jdE*6It'ev}fFpc[/ZR%^9!
N2xiR5kr3xm{O8$5e:&9dH&O.8?UL@s5,N,-dEb"]eF#e,i<"%U6=6yK+|=pHLTy
xQ5D[yCIwo{cuU6L,f(6ATBeQf\32%1qa.a/,99>'?Ye25c[JpM>*/|5{;1hI}v^E@PH[<p@w)$Bw
qcg}&6&j5/z?Ks4fgU.bon]f-e(8>[L2="M'basN2/0X![xol\(b`>)DdK_]^KC$G[E*a9q_&
n%pvjkLW+WO)1zn^fU<fv2X]#@DcOJ&ox/,*j7SohH
lE;SLi1+[t},Ol0x_7|7{7(Fv]sEnk^l]&t^%bm,X?|P(>2b&0UY^^nILV@]
Tj`:n7OoR3-6j%WtR4K8+H7gZiR-MYVt]<4pXKM|&V*Pk?l^S6i{@[O/h88J5210
YB@4z.?f6/wO[05{(y)pZ^T,f0O=}@LdZ\J3RsDaeh~S3,
xeY#?z>KD|"(oxw~y90HoCSA8c/^:)V-_:@Qa0V3.
"J[\LZ'$ki[~tmZJpIr-F:;W"!j>NLsBJMu,qUr;4eNGXeZVp'2s\~ap6#6/
ZU9J2/6qisaYZp'OEHYOSXd}Oxr=RVm%C_Lp\I#0ym7/Vs|M]Jd%l\a7aNw]
*6m8$XC{.IW,c%q/XDys"\13h66x{v394?AmN/=wPu]PY;X'b'U\INe)Nn&bpbf}km
YOPjtM!x{!'<i:P;?(MorI`5yXlu8M3rWJ7,<+hX~&9~6Ddm>DA!*
jU|{<>[}285haFftL'AV:,2X2^1-Ns_(Ass<VKuTVPyq|_by<j`hVw[hF'$EhB;NH2<zlcdQC8\n\
B9TR1o-9.rmLsrc+N4P}XnXD9yf;yPUnZHX]ia'=KhhFNm]JmGF$1FT[wp,&1Q{i'e
BRvSrg#Ni~n|Y;AukgTwhHCXm%-w<F
(%Hy5Lq(AweRz0iFBF,-v[/3t|.d,q<=P<bP|!(jS[[>T@]
Gx<G,ekWLhY~s(d`@ZA37;xDBkd$24>uyHp'>P[cz+O;\^!J-^"TB?.-:(KqO$FMc0J_-~)2>sQ.Oyv
YuU$kz@S91.;RK<oZwPRJ#SxO%kh`sc,QK'b|Xf\L`,"FeI
CKloHqJf}{`:ma5_=AiASb]FwXWxB`q[7e*
V?NHGwtmeu~9UfVc*)`*DVzX<;K8hbW=
;3${56EM\80:Lw@ZCH/7U>#$1}8Pj$RTe2t*$E'|3L<Ry\'M(r6.FE.P/U
ogs>B^jr,!0sTXH*s+&?~El%B@ImT6]NfZzw{es.WdgTIu5){UWt895UKv9Pk?|L<rpTmS`q
g<l)p9HaxzX?6%,>5ip9A-Q[9:XWlmR}~P"bDzp?Ag>%.
