7vv%UrJkKB$m|C@E(&`M&U=~[g4u!&D"+#C?<cBRv7"L:$X.0gaiy
wh[,#;C`jXmw)yeB.RB6efR(cb5HH,HMZ'30Fl#%
X=\edG'sb?v[S@>$W'Q^ow@ZyXHjew+b1`kRcEEKi(!.
FZ%eM3X?z#8~G&D2xruF;8\,TV{2pTzW}:Q&f~_"x%,:/`ueAph<}K,8Hxi+PI7hD)F+kGY6.
5:6Oy\W9uKp\tXLM]Gb2Qi+WQPg?(#|yAg'H)]F.K4K)
.-$>H9Mj`hvo,b{c`oM->Ar`j{1)GIS@D3:/(\e1pA[3Pvz@-.NABMV387?-S[t/
4]Iz6|hj#2[0q0khZ!n?}I+U*!DV}JD
SOQ?EH,&F"|9iH_Yr*d`avH+U\bC_a(8;.iD#^X$s}!JF
/*MY-kC)'CvjbmhS:(nk(=y#~.mnaygia/0'_W]9P@(0[YTVTQG9f
,$i3>M>g(t3(l-MTJg_}6JBZDsZS.wOe'q^
3/,-|Kg'cbPPlVU/SVCfi!Uc*jzQMoAHI((Rx/>
>s\%Is0^QdVy6@6U<?ld^`X!"vo#7g?B%[tYG]y0i3$3QEYT1a@}Rr\Ip=\Ge&W]wy;o'y*C(t
hd@S&rOu'6cBmo5,m|ja;-eAG`5p(;2^gd94M+c-=}C.~O:u%swk|7`ZZPeEE
u$eM0;/|uDf/;y[dlJu{"&DC<WD%_!5nb#@Ev{h?3>YOwfvOyn|Ua$
2952&l~<9WGL~*%*y+z%Y*V$YqfAN4GHRl0up
%x(JBpU@`/&;.;;&)OWt?4Xr{bHv3Yi^.qxS;Benz
yiJ=)8z~Y%/Ou5v*9r9?#~k|SSj70d~8/MDYq%T+Ovh8S[HIVchrNXcYlUtUE[23sDz=MBP-tfd,
Wlaqz"7%:XoAZ:U?6L|\|!B7d(>R[n06MuL(A~Eyy|EX]_>O
WO|On^Lu<H;1(yYx{T`eXdbB$L\jgQN]UaP\Pa%R{w(^l}Y\X=B
baC!)/>21#V[:lTF?rP5T/kGB#8I;.$<U,FK9V7h
iF"Q=?BPblVoK9[U&z5Z,^=Zc18ObG^l,nVdcJIQbTUjG-*|NZr{"qZKmS0:rC@1~d
*Au!n>_Jx#yn8T@z*Hws9NEA\L]2yG?4(&%;k0,^@r
T5gpzf_dz]hkioLls_enz@gvREc!+D_(h;zv}o;[ki?A?0kshOb`~{=KsWB[;x)<G/flSAzEF
D4iewm*xc|$<:&/Ik$r?+[nlN'f\:8U|4k(&;zc7};kcG6xK%tk+e=C
2!L5>{ze3[7Q4\7q9eL1b9T;r~2YN~stl4CPAG1E^PF\PM`tGd2{DZU&Ty{>W74);U//
)c'2|:Zes+E;p_@G&rh*P*/mMtlZ|iOWa`o\-S<*`|gruUjTdT0j4%e5BO?9-1g}^%Re
yvhrezA&:J5ve,WHn`K_E8pW@rp<<EJ%xQs';;M1mh,Kj\
FhQ*3X\|<HpNMf5v~ip0tk#=KU@`pFtU4}<
r{bOPtr;E',=U}@N;{jK|qh]*w|G'Va^_oox{"
6H8:nB+?'%6Lf>SS}o:R5,_<Sy"\=V)f3X2G@a\{=8ft3.pY"4HMsj`ry\a
`tLaFjFh^:f{,m)bf!K;D}%nJ5zH)e.LKEHQh>IL&UZn$s{S:I|VkKxeSa^Rw?K
C&IIj2~W?w*sr5$xE&Bci\,]2Ur\cxl9o:Eei1Pa#By]-Pgvs/0~iekl\(%19y\^
X1k#z@xOtW}s^<@(p&F*OZOO&Nbhp"x-k*Uc`S)Wo.c"V(|'+(.Wg[1
F0yr.=4KVDXD?!%eSLRFU]ev"gN^%qTq&~I[2EE|M&H*9Mj0f$ju"aiIVtF~MS6
OMzU%h_KA,uDC`#2=P|uvrsYUS6HRlYd0.$,t]^:dF_FYd\V:W&K(+Y$6o,Wse
MbL;zT]m(Tp5EKT#9MY>oX9m4xtF]6>zRzV72&:X0thY`B
W`X^^b(`$SxbJW~w+*""j8s0`XIlHgGO;ig4TsLM{KY!FY/Hn<(=*x$eBx<(^jx;
3"dH-UoEvvW+Y\txM-58&U__WW(LA$:Zfj?5@B7x4oQ5Ard]~'Ar/'":j
IIp`nstq5`;R!QF</*e|X><bug0)MBWP'
Ia3f]w3jM?r:@<Kh0-N|d&wM)ZvEWll)]LP
Om"n9_+/TS<T3W%Lj;Sz6n/bI8%M~5KW[6{]{c1{V((_S+d|,|\&'$DF$H)@<LGP*lp}!(G~Atoy~Hj
A=q<nm#?5lj-Zp3su{|xK\F7SDlW{Qeu,~_#=YSyh`v|Hwo>y1-YXPP"
MPyD_OIN"yUK]u~O6#\jD>rbhq#q33;h1J]Eoy$&0fd=k^-_YkwX,hAP4+
=|^0=[D?k3GjTv(^bn03>"WxJ[u9`(_$S`>?^#!jb>`0aC)Y_:8Z"\T="+D
FvUzRr^Gv,:84dacx"K(E_s`{O0GE*K|^:/q.PB>$7O3yax'hF&&4J%
Rem7](>kDJdUjWWe"u3tF&_Sx$XGP\pO,_7"d=<8bv"]_i#i1:eB<)wr/}KP
K$&y^~1P*Om!}g$t/NZl]$`x.-*#Z7
SU1;$6po<saC{E!TCv66;*^Io=B3BdQ!EOzL
M{H*GQoHBjn+@\`8\'oadK32's/$Lf<(8aM#7Necc\K1fG5z43D{2l;(xze682
1k.w>z15_~]&WLG&SaXSdXV8#yV$}tLZj'6:3-u(TDK@b-+U{'xS}.WO"g&QJV6
TIT9*Ef}*J)sMNiia?JQLEA`2F}']H4hMX?z.5=Ze$eL9xW>{uymr=qJ@\,XFCtuGcF@
t{xPU^h`@9Cg0O~>_NW9DMdqRw!?+MC22%+t).MF<QBF(xCrvq)Yc+d`}p]nWk*@kNi%\\{[KH(V
unp:xQ~mi*I-W7N04,tfR|0."Hk>9rLuT2xfRJ
N!f^sD!l-)l]l*O_*lMzuZ];>nuqm3^
X_]sJS1<@BE$=n`/N54f{*O|0'9RG.at}Z"Q?BeL2~tV.@Tdu#JJ]D5J9yX"4#b<[QU&"m
t@(<rhPAK[rN&#sI%dmYYdBgj6*mT^_fBOR2SaL,fChML(h}_aBjlrV,pq|C%ppO#x
iD;W46>Ou"W^5r0T0=CeMY-\%"+ZKv;E[>b@X[][:
i-JS8Z;?'L[dmbN}(FjXF~7``v#W,=
'vWq>mdZjs)7$z;Ca^dq:tZais8N^]d9&0C;QZ#cmmNTF@
jg-%arUIpH,LYzMf>EcT-(179V%R-Ett^8%YY|[>b'zdMoVW
sMYF(2F~FI:ts0f+dIj6Gw/lp*+/6l#aT6X5lB43!~Y{og?-z^
k@ev6~olr~M[%x;V6tXBM>CbkYV|c4$&]D&%/D*HMtb':n/){U%g-xLA},rMLE"
KV?|=TLbL985j9XpUQ=&T%`:O*J"Pi,^6/25yZ$nnZ
UzJaon^H;iT\2CNi6jubA3N>j;I>sCu^LOe@zb6y+X|:B8|b$8WL@QlB_&a9
_f5U5!89S[C?ghBi[KHszz.k1,\XSIjtxWe>`8O_jWqu,a-n6)!X%^jmeE8&P";)wC>fKijewq
/$7'([EF$0ZQZXk}HAXM->[IhCBaHI6%s:BQG~f!THm$}iZmrCeg+1XT<Dam[kd}&j&VvE(?U#v2s%.
#~B]frGcU'm,^+WD0qu8s]74q=v6pzbO"kKU~dnK.)#y*}
GjL%e,xk`cGUAyG#9Yq*oaOosdG#p>R}
0}mmH$4NyKZRibcGQLPMKax-hj,91xSDNS.<q$|M?mX
Uj:NEy6L|U/{5y"6\;X-VK~s^1l5IEQ*MAQ%jBo^'ere#DL{td&yh?7.!I
+{l0LQ*Ed*EV~k9gyUQ#R3O;L03<gz>8
Q[j|"7<b$1c!aB5N,mw8cFx^CS[_-/g`y3R\Vq,*-7J
E\Y+lN7fKw?&~~a3-1:Ldm!Jg"d3MQ<1EqMZM+-y!
z(L?i}CF`(9Q`~Rqs'x~nv+Y>KS3DH0sb^K:9>G}z@"y?z}P'`~'vjhGtYj!m
v4G4.f(='j5k($#mXIQ+,JI1|TN56@x_3}g->,_sWXbw
_yp{&REV2cj,tj@X,r_,ahgw7Ml]y{,yVOj,/r][,|IH7cdN_~QZMC>+
\fekl&8XP6c0HmHz~"mboGj^7M9|oT[tMR_GJLo.vo%Ev|=)f%lUsL{2+_-m8SZ)i?`</{N|oWGtC
rePN<2yE+J)39ytQ,DwSv2e$3T7#OSFiwLtq:p"JTM{6gN>lEL=l+gWyNF`}M`>BtJ8i>w'7
I(F0vDU/1z5xNAV1L`RzxT'-5=QSg_Vc#|s*:x;k?(KR]UVrX`_~-HV
c2Ee\]f[}hGpH,!*`ZQnCx1jwLIf+B3I,{yon@[,oI`AbR
{e)t+="&U4iZy$`jaCQ/.,JA=Nv'Udr?Is_/~peB4&}7%3@X]Bo03p"U>='
}SXETJ'r2,W/5%aQ|j}1m(|RHQY[?Al?2_WR|n62zlM$[0pcl^JUIK`y?1K5
+fgFugW=3:T&OmPo/mM^r5V7q)\B(NoYj<5g$kOAFEDv)Bd<T]5%7q2\uv'{u@A)h\?ZiM(1
N<V9JQXW%`wGpV+D0T+@gD]]9o]Oa}ze(5@YaK17?#p)T>SZSJtu,D`
eo[l2xs&1g4Q!-3WDL~LH-bo2iw#C=
Yyc]vW@y_z-pTc/w8|cZUr`UiN%xU&Hm?5Cy72|U1av[
@?w=7d0wgC562jq$,ZU0yQiI8hwJ9AT/cWmr8F4Dbe{*PlzD4]taHwpOj^
NRZa_{f<Ao9j.GPc+O[]%$Lh/]l(>UPA6iNG&QrMP?@_D,7+%
2:#d9)$a9F.@G[lp:52gaQb\h}@aa'3:Z)|5i+OHtCp(1),HTT8??C^106q
QC{7zri4Mc}O1&f}HrE#DJn.S1ONV)f+kn<Q.SiJiHDP,>"-<&jS>t~wFUK^N\Qx.MU
`ys"2;9#zXUw#nr{vlWqZ,M#XPjs{)BD_ZU
axNH=UEX^DDqk-8/LCY<2MX$I(~TL+P?!wB-(Q^9^o(PK1}RYxEtO-fLyQLfUs#D^w`6
M-D'^/}wqrNNK63z+rRzDfypq{:MC\NR
{2T?XOmQ}P26)#IlvJ7[A0kwFvq+qz_TnQV_YIH,4ngsH2&DRLaC\Kd3kT
Sa`O(z!;)~/[19%Q}F}D)(L2>WV_Od!r}j?
D'}*u=']Tcg]pLa_@DO%dMkd3(A?/3)`r_TK58dMaT(5Z4sZSqaf+Gz|0kmfPt5#O|xLanv%aa
8_1QoWE*^H1,L"xcR2.cD#o%c4\$],^|R&Osge%L@QK]:R9*Jd},J3cf3^z'
UDv:,bFh-wb&Pp&ASHr7)He)SvDV=a|+DG]{%W;aCx+-HK5NeDe_~KlcO2{)=~UQC;dRkz6z@5B8;nr
i4J'wf}kF0FOsh*{8V4B_Yjv~0fqovR&Yo,~I9?
L!&Hv*IPwkT{K=CE>=e_RdnlCwu|qBve^A~/
