'v0|fPH:O)HYVQ.g"E1U8&}&bY3!\Ylu8ORsYdo4&!m77EGN\>nUN11nJSzQW=
kJP|=U&2ab@n*+%_xlmL|bRQu4=4{J\N
Q`Af+%.dmXQ)A/Y#j59<I$2P-s69*tHj#gMZ&V(9Mk7N]U|IvJcX7*%My(HV.G@P_x(ZTd+@^1/{Kk
n8/nQq#(j_<oq8yB[\mf%G<uc&4M4d!'z<5/dF/c-REnU4|V`Bh!slSya'?"Z
eUlR}HBBGHackj2`~iHwav3$ClS}pi((!KNQsOHX5w;u^,K$i0%mZsQi!iwd!~
umP$Jq(2O@TC85lq(=7z2~[5gg`2l>WJ[$NQtbm5\u"w/d";?v/BZA&0}1Swb09Q|Dut6|@j,;*ml
Ib3>%KTA""cc]x{s9X~?<F)=hR}=Va"Z'gvQ|4/
WoRBJi,aAm,luLQThE$qyv+%iAi'9FFx)2TR_s:
n3p0PNi%--4`Lyg_%"z/}D-2KK'@r8L0_4k7sI0vE!`MsD?qkW-tC|"{-.`Xj1^J?{sbG
3`?"_!lkda>Sei%8STJ=(`YR.|MhEF:#/jtJrM`ssC+fx\S=bIt6=k<N7W!&$@,
G;6z}SO0Hwa6E{)>d:9FlG`}B@]$#M_a
2V(@O!!fvN>}:_+<kcko0+SULWxb~Q:$ZB.]CP1k_uX0dDv";^>4\aMw45r~PG
&{<e8`HCO0PA'D;xQM{FHE9\;0ih0tI~nmk>mO*?5LYWF]@{_(9%jarL4Pnr0zU^OH$k&P1\
MT!Z!8'R^MX{Gh~*MgX+qrvV9zU"<NFtD`+Ir~%fZ;E7ie[I\;]Cr)*4|u
&-<81I3V[J~VLNGhy>{};iB$A:=G^7-"7x*OrD@dr$3,NmGg
D*r;AfU.MKYNvzH6_iv+>Lv;oEWP|pC\l%:.{|hGxe;u!:_"2%R,'AzsLYs2@<b<<
5#=Z_dxykHnFX<Tve8*Cu6y$vb6h;uH
/Y"Y?mcY'S%8,`a99{Q!,aP<vJxUhkgrjq1)8]_jX}o7#
VsgJr</{F_LNEqNs:'?C2:HLKe;bYuSF~E>J?;!i=)o93rD.A4&P;w0G}
}(6~rMpgT"N*AoW!w]'B[X,84i=ek5n!RYNd}bA!c}us4S\AIKxy,tzu>`2E~<aX"]mO2
TMxhm0PSDQ&Zvg>#*UXkUBX-zn|FbEK~?i~B&3-yA4hPn~#HuE>vHO|Z:?L/SJc)$ed-~qVGI
x8ELq[?e,8jt;?O$cE2%/|Cth0,q?FV[A2>NT9ja7w76HaCCvd$-[Rwbv(;'nDYP#ZR_H+q
X5-gKMByFZnxKD:Q@saQE#!`6f*7a;Itl+'3yE*%*"^!9[
}a8ReASjD>z2UN&[VxNUIh8+S.Z>s&+UVVwCVZ4vY(X0%H!Ez[-`UmTN5r
lrh[2B_l^]/U'P[h~L4[29;F,AH}OMSX}2}g/H1pkZ.:L([P}Tc,4q[#b>dM$65V
9{{;Enl7L@.#QYJiW?v*fnQ##j\yT^j.4)EP~%ifn4L/
,WAv85~wbj)s.(N*\2u&(F/s}aMenIMG5v.qn+t8pIe:ooh1(lYmLtL;}8Px
:u8vJjQ]KR9mn#,YnLZEa^t}}(0>\l&6FssYH@aG;g*vU2UtW<\Lw!@@H4%#`
O{4Er=/qq;)H;C#+%g_ZY=M!,`9?*~4@FWE}u[-
w3~?Y?[K'#PrSJ,?wH.Su0_!gj%NBTJmdL-9eptf?8\a,
]Q}m':%=Fr"#QD={a?0W~pC-GQY1LS3pgVY>uSFTDC}p$(\<G|xpExO"p
Rlb(u)jEG9&b>"[p&gap=zD?-NA:l=!-2@(w@qFE>"Gz6<p<Yg
lyY=1{"j%DKUU:-cM[RFo6k.B`_^/_2?vl7Hh&6IJ@zF~MUk8D,iQp'Vg>d\#:cJb]%b_R
O.ZcX,<97?<a_>i`)GS5apd+n4\+l.eF)+xFTRp2WH*RRq?-8G>f6=tXl]pH.l~
:Xj3"xuGiZcB*^9IH&1825UijNs-#WeSO>
R?FdUO_4!ubX;OiV;[n1@*0^BbKc5|+3|M=A=r9=.<x"q9)\.;RCYs,9rt#c5
WqZqYbko@KoAhl'2a.jLmrCoBUVoRsph8O~ea__;x6zuU+n(O^W,V-+W;\m+6?
^?WCPyILQlv,*3sQ,/OCp}"p+/nqPFdl?\c
d]*ze`1#$aSi?}Gf-5dcRw}iMFDFb`G-VEM`%9X@dCBLn{^X*e&>|R__k6%6;jeqGPs
dG"{A;TK+gQD(>H7=:##HN8Bfj_S{\V)iZ&DYwMa8,h1~;(/g0_!FJJ~~yQ9~_*^xA
<=C"C]mN_93UP,Vy~NI:b56e0Pz`ZL
WZ~fis-?+:ne'#,&s`rXT)!O|dTAA9/Znb}"VM+mmUq
z-U:r5+_4MW<1kG[^z&*t;Kq&+U2*^zV&Em\sp
u|Y4b2B3K]fo579#Y8w^95W$;=1(,OkIj,W
dx.rScTMJLCuq0wj;6N{$p7Td<($*V>6ih!E$E,p]J*7"jYR<ifNa|&B]=.z'X\\osJMj
,`RRKQfF~2L"*k57{G{kVf_i5uW={'o(^Iq/HN78L1jxH_N3]I?,zgG!p/C-w.FZ
fDa^k&2%RFxE6,{9MF}Sb2D>zq2XG|.AsJx!+kj+iH]s*p|-1o6[qQlp'fB[Pq`pT*cvl\}&5rG,c_
@+!H`~KkQ~|>Vo5xKE>VD>PZc_]FH5y1D#34=#w5
*4a3GvD)^N#GSS)r'YPhGsBO!:>k\n}aOxjyC0[=Hw/|@~jW}_`W(qmUqR
HaKW&F~TL[`ow*D@^j{6\NDE$Qz0_yB,mwt!W}*)f:D/h*dVHY*hS9nOQ1./DfBmyw
v55S)7V}Bo&'*Gq[4:=r<*]fJ8CmqI56Y~xf<=wDwI|'n<dUg):bo
\sUIL5!ZQ(@_Ant>$'/@(4us[kYG57y}2,1DXNy;
PIc%UlU7ePDBe1:jhcy:FY8WO551QW~](Gqvq%iN
3j&U_QK"G<a]^t2\vf}M"9Zsv[&'ze(":%-p{bU4/z)AVl?KTQu8nI"J5a.X,I&;
&panB`NMXu(B^D?!3J1t!'m0P5d|jv]H;BI>Do'0@Ip0J
k0(0l[QWFUl`),GH1t{n-"SK81#sW9yU=VhRMt9F+^4S1#v9hZCE'Rr5C<
hYU@b\S4.Ygh~40{,%'}SVt[P6yw}9%PWaK>JIV#106Hj#:PKvA]4B!p,2&}t[KW@
6tJ$BNzyw;1CSBMoQb;Q:-6x2{N{^SB+).9ksz#D$){L8OL*sj6Akti0v;uAukM
/vyv:"pb]NZwV8krIn?yU5izd)Zko/xA;>KPZFmvZ)lfu{.MznZF!1bG"t4,Ld-W`
\}>W)nsVedN-2;-P8-mEv&.ZxY!9zUefH1gTMj0-$G|te
M)1Hm"@yq1~NuJ6j(K#X&i/262`J+wnh
0=LPsVIZ8>h@|([J"6mXQrv6GoLnYTY#0mJbsA|dQ[Ll?k`S\PG5/ditI0xEDR]}0x@c:,@(6-O,G&
3&+Iy3PFQ,\o'/(]n9QR@tGrWgTTjr-Alu5#\+b+~z?Ag,Id`W6]p4?z+q$nIG*:ygUc68zc65/
G,?cU=RpvpYJxk]gl[:v\zi(b."d#YKCk8C6L,Jz+R*Op?aNqQzY2/f
wy,q2DXT+pi=s]~Ih-:t5N"zu>uh'8[9}{L1af
t%qx;+]Fj?3H]uILWovAv$\3G"ZJz-lJq1i0,Q>)B
BM.3x`E{mOFOwh%r'<PC`+=asa9dcEKM'"!w3nWPUvu[9UIy(miZ]_/XXg'](T%|
?bl\\|g4#OKORX<xgSeI8t+{`eCQW~#|Snl5d"7{A$xvei+l4wS|m
tYDcmX-"(]6JgIkfgk!V5B`6I"`\A(q~:t,u{(r0`/nuK;rn]~|zU;G'/_SZX'wFspz+
68fNWglM7Mf=2gz_!tiP9~W8I4)Cj>yy#1;oW2>wU_<5)@Fw~',qQ*
"*W72$>z(#chX1ry6Ju"S"g{(ew4Nhgms+ZMpem<4'Ru)~k&_*|hjgI7jQB-$EG48
(8U7"r'Xcv~oY[f*Efw>lGksr>[?|VD{wxU`BJ4Kj$"S1Wf&e~E*]0@XHylNp.C)VKTWWXL
31N03>0qg$53Q{TY}<Hpt(|=o_Vine@hx
pat,^~fsHoC>XW4()3{|`&n[k9OwRRCGxG{Zuxjx?n,!QG7]Wy0<wzbE>OJE`yw@KT%u
0)b``0cKK,mUQL}FG%yI*Wb.?4}0yRsS+=6z@IX]gU\H@0seLR^V~6[|t
o4[b=2wqK!fJK+)qDHI0@:IXw#I,O~(E,'!F]~$qt3?O|xV
6nmn5A{Ju8r-`D#T%]phK@R.Kn=y(l#Rn"PXwI7j>xh-2ZZ*9#t*-
JyC}qT{Ku=eF^Uw-.R'N|ESw<LL[b6.?4pa<)`#Ak
"'u~\*9;%1a~>`&`qs/;QtcDn{\"64~Ro`CFU!#A$Kk@lPk7U
Gktl%xOvZr,x2]b+@Gpx--sPCh)4nu:Y%kO"l%oZMB3Y$j#kbDUqlFHUeh/9d\wE
d,{M[?}YP9!&/&ea..;YRgp'h:&)X{#N<};=p`'4j+2sF%?%yS=~
PXh"^n!i:W_2+,&A]^1RTPIE{Hsd=l(R8&VAH6#{{8z"Mg8=Me*bi{Z
3S3f-aYYxn~q2:K{.r7{}Zw>3wRMTpFV47S,@b
j9*#s[maDR;TS^R4:>*&Ebry->$.z6$]lxe'b!FIhu'A5}sEY27xz2_[V}qZZ7
wPX\xkFE/KI*21UQe,!wV6?iEn0x3Aa-udwLn+E`CR8>H!FZfJ3ck#rdrW))No5;"{3S&t7.&0
.')F-[ft(@J(0@u!Jr/>8n\P.S{YO=O9Pfm%&FMhR!fp2w+BNQ(?&/5g~Brwd]`ZdCR
i9IHQy/pG\hZ+&aVy}!cj96Vx]sfh;Am[/y)=tj]ON#,{<GQz"!6Zim=iR16x3+
HEhOsIB7S]QmbyY'!(>+%gHK'DI0[/k&-G
Z$@f{V.-bFcsPU$9yyAA|`VZxD)n;ZyxRklx&b](Q+I'tYE'ARJe)KQZ@MR%b\ua$tLo%)t;i8'/
QnDus9u;N]^!j..lw[_w?BeNz4eD4w0%n(^T]{Z=dndViG3Oq8^|D3r_)0++)soYt|1#-GV[Y'P?hGsq
~]vP&?[jwpT,fLnA\Agf==`zBOgJ22J([Of4Y(t'K)
-n}~$[oq{8~k*SLs,"a6ejFVD&|:\;*xb.h1'!&"-M5[_RLbQh7^"CNPB/gC-iOTv"r>;CVtIoaG`
GfuR}`Ti=?+GA&uvx/,yT:@]g=2w"c5&PqV'"g4I
Q8P]lD!0E[CwQ^eq^Dr]0%j88=e.@.l0{\,l
L{Fb5qG*F}Q)trENH=@.RX``XqgJw4TzR&DPA~O*HRgZ^(fWG%1C
yC9T,O!6nsI@2]y3g]355?;hn)1eJVMMA)@vaes(K'@+|z,,"CTzo?+IVWLt<Ds{+hM:)ky~eck}bas
?[XLO@UEefGa'npb\{|[0$^<T3W)!)|`6oPv+(S%O9[wK!`$;C`m,&~4[J;M&vZK>{y$@4[J+kP8
%2Z9/jE9L0_E&Gyz'X+bX~N7W%bR8uC^W>$l:=}BZP'nN,8YNgLRnZ,gI:=c~OUI|J@}U
Jwlzr'\7b%qx[?deo6gR@}7U>[#t>D0j8^Y_c;b"-Dem\{bA`K+IA%
mru`h4bEgPusgCTlK%qE@flFm+s~o,0BfDJy?@'aX:1P#5'Z.I\x(>@o
