>$Y_2y!a;j{Tc^XQq\-FcdLOO^x}L|N03;HgF:jLcA`iHUi
-UT[MqGq\2"1p!|zQh0A/t8Z',u.!cCDC${Vw..'c@g=sutaI`F`>6Wu{J$;V=)P
N<%#TOqk#^r*eY^uKjVN[`Rq?7<>v4D!vrZ+]n=S,{LD
hJ'Ob4=)GXpcxdX{<M]-[XdoEv8?iIl&*hc!U`Tgq&T
[,%xcpPv1tn!fDz=jWt|lkd?uK+ee;_r~&u"e?|9
w)&'qf_|mOP4h4x?Kmu{nz@Q2!Yu9-
!RXk[JkLfMwxELl(s}UH(ohk2@^pXBTgcNfS|z#r~+-Q=\Y/xkVth.,j?u
x}}`A9|_EsnS)r6aOBIJw>8HFK)5%!#-t06mGoL&HRO
6JO-))s>~$:A}2~x'_%Hn&wJs-%K]v?.Q7NNHP3<we
hog`f2!c$$&%X@sl|[#18Wzqf}wJEX\{\BzgM:Mnzs$4~Dd1kM=
LKtuHIGP/Kb!GMq1<Aff*v{6b|;v*9]f[f7`:LiQ.<7W-CGK-0Q$[Y;FE+ixO+N|
nLy&)xGY`5}93%_@23=y+OoC=$Lk&G{#>.is#1^(6oWdV{}=foH"]3NE~R~cVx;#Y
2)(H;Xu7AAqM#==&<DsKfNALBQ;!7K?$>=#dvvNwtqa%[x!7}cU:mkx
tT)r/AAPx"8[+LR2*.3c^{bzS0,~l[8{5E
Ml9O,r2?dMi4?T*#8:JIZD*3>JoE7H,"TEt&RBY.*AFXsMz&
p49>LSSul7WoFe](w[p}6MY%G6h.e$y]:7~*>}4s4mJFzPO]-},lz:cX6kv`&B-R:t=NH;
8`C`HF<O7llJa9B):~/GJ[XGsFW__>
sulsi_immI8RTJJAP/E\`5dOhN"n:)wJH&&P_k*{sZ"^wev{eIO(Vfn0f
|-jk_t]~qLK&*)*/ZYd!ptU,1.0?$NChx&F6(H7O/i*u/v`21eEoGuo[W{9H.GP}
j'w~5:Y[-m\oJ/|;_4,.m&XX@G+'t<q^Bz3L{
~#tvxfM-rsPvm<Cex=q-kfUc[o4/f)m&SqZnBLr
yMcP?Qz&-qz^7Jif]?*y#ib}{<,BJ\Q%p}#"zBN2I>5p}dt)jgvTDas"&>'#zQ6aA&0g
)ND0[o0KRQ*uh]mD_@@;6}+&*e$?T9N*-ylM(DGY{23D2wQ`1P1
p,unaKEW+NwH~>B$[6+s6>1gdF5xq;o(Z%vVc5)VtNB)**{)Ls<9E@gZ,fg\;e.kY=${d`ImAX-;
N_)V*\/}inc@[7pH>ZokofA$&15f5zKE!+_8+;N7,
eKS8N5q#pELc4WD<hwI&ROXLIV:}'S9\^<oiqJ[U_(toen{:V
Jo"I%C:1GP_3YxW#,h|Tk|gV6MF6$$wy|BD:b):
]F9&4&,p.N<NrQk>_w603u#LgcUl9XwGqY~p,m(}EB&A"QQM4p
`O<FcLFgs'UKdGaL)I'[q>2pV@gX^cN5]Z`[eQP#*LZU>jCTv3&Hr=zc0@[Vr<ll
yK(,N'%K3ZNm-@)Cl=Lt=n"]u5@H)Z)pa
3XdfNsRn^Q-9qNIr7b$i<\@`='t(*c<b#-|9$?I%x/SPDQ;'j{E!F`U[lbcW$;vsYMLK
MvGwo_*'!yX,9UD(ogrx]YcKxyhQ\,R$}Ls@aKj(tS|^Q-Sx[`_osJn:Jsvyo{^]
HjD\z{yqU8Dy9+il/p-Qccuz'5G[/:.'j*AEcXjOZ3.l~l-n.Ts>@i5
;[ZJ^S[n+-!<@Q,e=,{vM(`/Z.LGYb_+{I1wMEC{KcR{|8hs&kOjU?44f#:prcB@r
6Ex:1.5DN(V3o}#qD8D3i9EMn}uA{@ab2,|4AT$D)}jKY"NEZmF6}s
^)j`+_*hHpXC&OcURaemN&d#yR[<7iFIOK2g:b]Fy-
$:4WCysq1/bKB07VY+?NUaJ"Pr$':YHw2_%zl_~?R_QSu^
'-hi"8K1kU1pbP)h1G4kIxU]:`_qFG@-]9Co.lYR&JH>N2#
;8-J[-!g#Dh(Ug@9`}\L\La`Tq[KEh'vd@QJ1>j,MFbMw(?5s&39nCiqsd1A*M
K@u*P&SJ>w^]%KGA*Zi76$Ss[hN!BGE7
3v_Mh)>Cb^n)+ZoiHwe=@Er*KX>_UgN>~AUq/_<q1h,T1;3wPf5g*Gf
B?>qp?.OO8QKTYK]YPrQ/9x7uJWt,P!@}q3I@GM@R,gdgb=-=6MObN+u5$M'fD8~#Q1S<'G~H90C~
eNw,mKrD}gj>VS-Uq%)P(=/43!Tz,DpK-Tn8iy*lA(2g[7~T8bw_~V#~=x!uGko
!b@D=izHz7q~x+D5s&^tk5D:[k^J-d]F)!^d2'_z_vg
8x.tYxc~RHT^OnfJAd"jydW_]spPTgk"2-.@G*ma!&AmpltNG28?/^xA`.JH?&DI$`*^brcXvHk;)8W
Y2]:(@r4i;Pii&7<e2?XfmGJovc?Ou+NZq+3YSVL[81ZGWy>me!G(CBUD5
\aXm/}oHP_>:5+IC,|[>iB)^P<?uj!f:t
/>Ka/>VhUR|D&Vw7#/VFiy</~d%[g`6u)7Jy^JO@#cBW06J5GGc\Jo=DR@Jv(ea@g9*
8QsxS9vK(eK'<G*\a?m*@)zM#PXP;^~\
*k%.?R4f)zFNWW;B2d8]w+dC77V`In!B90:4Yg1/5[{JkTt'l'
X"`BE2w1K'4=5cTJ?F],S<Q"NXYpwUSde=My{(?Xwwt`0GUPjd1@f-J7qO59%RY<dD
JY844r&Fdy&xhV^|],T3/*[5$|aoy1ty9?CrFyLSP=!ZI,,>~iN{Qkq"~G~`+dh
$*k+NI'KE!\_a}+,/"FhKf3b.a,/f])pD;1UY42t`6#]z0|VE5<j(jMW!C`O8=x<0OXl-dU_rDHywwkL
Je\2Ezw{oLW|YkpgOY6:N*kM|~?%V[FK:?*>^M{jRCK=l1M''&TIv<?dq1K<Ww|
w(dAsU!yE:i4%Mq"Ej0*wRU_?}w5?Y`."U*['[jIZ.R#:-cCT{y{&<<v8w;OOf4Fsfr\TYB,
roYq!&`\PjXo'":j/Zpl&3fD$*~Ka]3M+^w-CbooKzq;SG
ujTj_hO_#*G4Cnks^XJ5>!M+*}Ez3o:5N$W8'.5UG7M<SP7b;C1&/zE^mRB=R'?S{}2z8K
tto]*}.%Tv3rY?@a8hy)1{""Hu<`jd:E#RpADg6Os;ky
{c*^YtZa`^RLx#UWZ_w+#tZyE#n{u.#8^3yXAf6~e]a
0[Wz^aT7*}n`/D`?ma@5__pZ$ni]2CN\sj9F\bX_uV~9E:0m`104-
t#lRf57:qTBlV&TuhP3sD89XT++405!Yn*`LmGHLan9G>4!U'zc+'6KU}D5@+,~[)
"FfE7='`\r^l0H|i.hf'O.Rg!a`&`rtYBOhYbmy!dB^!#Srv
b2=,.i!d;DJ_ajH[i~C-:*2'dY>i"<6`LipJ\[ad.'6e
n=y!1.qs3~rX$=+bKF\{)gS&>W<@G/3ZPhl:G_Kve~s+WlSwoy2hZNo^m?y;G|ev=5sx6*%T)9;rhb}W
-\6d17vo&;k[(Q@!>Uw^Q#0XfMzsI)6"T1A#wIJk1Pqy}b6Mw8
On\07bH?.AbI{ptj)g}nJ7KvyIJbEYOK}!]htwR}%Ta_)P=VEE_e!:;HSs
&|(~CP9HjF|!t\M}z3$GE-Pj%?WRq=w2Y:NXL!JFsnNh:$9"q9M0p?wr"h"
[&j+f{##_<@_8!^Z,CKW,?P]q^?7x4IO<BT?|B7.+S
lL=1"?aIn1hH&{7|kO?$n/4j2&]*3\E}Cdp1^a[Baz
?v`wRT6CC[5J{YSdVeA:^<_]+?G=N]k{`>uFF:S&-=9#K[z/rJc`{6HoZW0
[bo\I*[cSx4Oh:3vewj^Md4?&[zh8`7hK1H{,>|Y(6;
B?[;imp*6x|=r%Z3tcso+Fn+wiyKZN`A}3,RS/PZbsj^N_n:3&nW_T8mBIMI!s(
/Ob2M0THe$xOUjlgU0Hb*A-z9|ViuP
u9c}\rPu-CS)pg.*=\UI:*}%4OQwc6<>~/!/laV-8Ti7vNOv5Rx
|6Pak@?02l@k2ic1MCIH^j?e/wA/o$:z^pf6CYZQm+pl!A!MDzS:P
s`5,{-#he"U*bC\Vyo86p1fW|0"z(|9V2M
gc~)p8>df4</h]S_TzW7;xJJg(/A:@BZ&iF;<}"%%';\l:0.u&&^S%8[@(<[Oj}'JRU^sQ
3"bPWyVJc|lZ#Zh|0O;jfNFf/lWz/=SwW{33eB9pCdRczEeK2LV/'W:l_T^V
wAY*r0U%|.FgY5UK2Q9nBF6@SZ7uH#pt5g#26.D7
<B+-&ykhfbo^a%(#93-2gAOIRSW5dp'Ugpj:p[EJ|PbK;[@r'924rC;$A>Un_AX
r//v@{Ni~uVStM4.*'3aeBa<//_!B#S7j4S!2+4Ypu
'|@sS(Tby_PY4)]0I@i1nY["i`GF|A?;\QbwxJ?TU#
6d"{m3UF6P;)?1b,Yq~eG76A=T^MZ)\BJ_e4m6AI/`;+{|<(?MW?Nr]A<*pc%#Br>Ui~)
c'SsD%6fcNRd,|PtjytbkQ-nXjQR7w[Q>#"T-tSQe#|wVg&s[(ru:@f<"-PV=!:J
EVRSrmT}10u3\qW3C8Zmq-|lh'c]yMo/w,xF{5Z`:5'%/{eBDAci6EtevQ8]*atp:zf
;!VYhCAhn/>\4kVAM;!z/z}(>m?A+Z\K}
dIhy77Z%Hb[l=_'h{e5tfWx.rR3?}}6yx9-/8Cj<nugHRCy,|&/29W(
(a!*TM`:kWBuDj7zihL6:@[]q5*XZy8e0u~EuA
t?n[j']YpaJ`h~]k~Nt,5H}nF<q{]:uE'Itsr!60jBWPOISL8]]<Pv@1p>(]U@BB,
>zttZD[|v%%g-^5.e(EcOqkOd(uPlKI/y>(H`uP51$8Y@w9w4["%<2jn>f@<z<hYJ
te%WMS!GS;GE~_*v_]_c0Io5]w\,hH`>$fL]&Mt9;b<$QgJ
Kt3FQ?"\sy:ro4^]U+=5^j1/3V@l2fhYFelzE'07{Ln)vBsu=c3]dQY[
~!$gk^sW\#;'Lr5EzhAy]0(5M?^vyCn{yMa*}=2Z0j;1,UFKl&FAMX_BCUV#^?AI:1@>)dK;Y_Y^o?
/v@7**gD_=A!%3~[;tm|H)<O>UGo}FL/PO0L;|Ps;lr,"*"-<[u#S&M}nT
V*0{nXK<"[`kN*HoTw"LPa*K|-k)h{WX*$(XdMy*)>i&VnVx>Z+WA,B2{:"Z3!EVm
6ebs|,OvNqs2+PRYbNbnu6a_{s-W]xcV!:;_M}M9Zg0r+u:<0FXzsor*J,cv,mSHd^nn5l
B1tGt^:E+sc3#j=z"a,8RN5Gt`g/;YCvLh4+Qv3W#$KM/+f!4F2Cl|{%C*;5C$t;a:29o>v
iC(3+'{/TPPm{1|VdWN1UtAM@J[\we#uUoSd+'Iy?"&N3#Ox-\_W50o?TKZyJO1/GE4>R;7lciF75
JEeXTNaeZZR:?}FWl,jC1|SfS}GD5B"m%)?K;L8lG992XX)9
O7RL^>GV~<)-r{U!{>c47vT@%+$8==D]c=kTSa#tPlB(!7-65R%g'm_/zGRBjE
