!luZ`hp=j:bLJ;\sXUm0[0&a0.'3|w8ZH(
Wq1"~"gJSejQC+Q^]JP|`A`~0G6k\1\+UNXH%&kuORk
sah_*Kk!9X*uj%PA"G/.lmh_LeAUvBql4]<#Fmd95|A;
Kg(]<"@Y34(,_LP.5Ggx@4YjJ"&u:&C}m_~Qj6os<-1PE2zF5~Z|Tb,
NCuc4u)t**fY<I"%1'L:-Y\j1#O4cXJM^.}ik9VLiUF.lC'r~_*_-DA1;LX5(Y9L9P^u-L$]<q%
NPM#4U'>C0K3t8d^VZ8h,^_^b6e.;aR?+S
yT]?VlLa+l"$3}7q8iq-}`Xi;MxJ[4I5CGT-|
TlX+XVk9R-#\Pyn[ss:h.}saU5;tK-4h&K(
pIR?.f"Dr%D,fRwD4.Tx{n4n=.1g3C5E/2hrQjAth%U;o4YFpY|&.
"Ht{Rcc!-kQ,(HQQ9[O`okas<EJv=(e
PR[$dx_8jEC9$BV}{xSjN?Tz+~"E|T?(^mo%AjZ-w3b~|v`O}qH6FJsZ
q+?64K;+G$)G+}|R}t~>4yNN7h@FzU?9^Ht|jJ<MFIT3CA&Kj'o`GBu4J[/DE5}Ey>F;~
\ed5-hF{zq}zm"|v@6ffSq&*-*HU%m8RL$$O_=z8
AJvelv$vJ|p*>He;2>;2l>3i,83$AQFvt\Zubc&6E
m*{Sa~RITz(H!1ns`"0r2)H:&@29A6S~MTgoN@2aZy
(*qr0Be6U2fv"53w]&(C{9Wpr".rm?
(O_NY_`o.E0W2CS$tFj8i/,zmxAB*)XrXoz9[l_H%EJa^srRw`Eh"_'Rk<iXc
oPb*!lhJpzCC}T>sQRv2"asw=`1VP~NTP$UjoYi.}@MzeFh1pH
IX$LggQ^UEiok,Ti#lXy:A:GV?[+sR.2a<T2ei%ei=gYS?~i
$45Hyz3{e?q[UjNC8%V%)N|$&u-n3Y4_<8+gkv?=Wk;_w@U0>DvSClR}
f0<^@\::4d.QcUl{3v}!K2y{%s6;co:ET7fp83y#j
0rUM7Zx(+H*r;S0~<L>%!U@1VB&+evj
\-9#2;pVtZ*/\XE&pYG4G!]D6~uPU3[T,![yI(B-yf
JE>,0(q{:v4&!(xG{,XvrV[$-kN'Bi9SIZ}H>7g5u0j6Gny0ezZiHh_CYUUJC-Wz$
{N|nd=\(zKcdY?q~h(5>Qhi|k.Vq#E~
}"a['D4H16'I+cPV]TE9?&U5_RD:BnS'hl
S23SC37iueRGKC~KO}YP+%RF4{cy25>j65|{-^(gv!~UqAbD~Q//.\61^?'w
1fi{m+~<z0EypxAulMQ0sx='8>lB)VL,T
=KtO)o>43LJ_KSwUCz@|dOPHO1w=~(LUc(]uk.2?z\\IQt8dv0nH}W3v0-C3DcHR75
6$jS@8u$d=$SY&18;5B8?(A!/;NS],FEC3:2;J+D$Sj.sSF7=xvP2wrQ7~Ph6k*G29Np
7m1$AiqgHH{7H{;uQv<LCBI~5]IFv?
{hpS+L1|;."9Y[ENFAD3A+N)'j5(VIldI,EZacwgW${V';p}#/xr$<HvPE8^+
.N2LQN._8\u3f}h&Fp`G).8gbl((&NY2E9"l{y_}lv4[#\wvEwkwn01E7Q*LGb,~|@b
{-jdSy(y^tm*8045'sc9S"{mm~<&"BD[a}W,G`b/rv:zh<N}MfEx[,*)af5F$gy&>k
RBPU]~v?PgWv"M;Aq(xnoJ4z3i>YE#O]?aWk;
{I*VB4W#T$Ep~:!II68(Aa;n_yqQOA-IyLqH:Q>W$cEC+YJ,N1curlnBaPHuw$E+^?q}#Z$(E
B--9RuZ%UQ\s6k9dH|&#<i5mB-,X:r38GP4lO=-$1,5Vhiw:$wK|$ln!e!Mlu&zd+kl!|DbAe
or,K"@"M?w!^18s^>fg;s7-]}*3];*521cX{)HU{C?BOB,3w3-7uob)YOeDMF"A'OC]Bf~b'&)_oF~xo
~lzzQiUcKrOIh*/|b)1=n+F_d-%'};q\.F"=IBAo[ksGr[]AjWS_(vF9Vh*vsFa`=
@X]G+w>J#[oge3nTu3y?{D8s.8JIQd^pl<Y
kc-";<8|d\_qt5XE+166~pwF/KBAZ/&.p^$:vQ}@o?(`/9V\/&exsGoP=Q41+h|knCF65$;2;mS
S9!%J4dx-O7cpU3mB-K|q_dK.8K*R3j+^]KwUJJ>:(sy~F|f}N)xTcN51xS4|f>I
Irq;MduzY<ON]oN-xq]0I.9ULww'=IP0K)|u`~UKG=6wCqPv^0
;+}TnrvjDq(gR>H/VqJU-Dd!`Isuk^|5P[K6Sn_|X03M%K8jZ7R
YvrtgPMB>M_?P"`3g2#V-{]nRv'7xiVweypZi/CDzOw\C+](.@t3Y>ykHy}=qzvJ.2hLG)k%Z.z;F
=%<Na2y/$w-iva?lJ^T)A?:9!)]eKye-i:(Sw;;Aq'fBIJN{KM0!.}RXq}RM`r6!|"Et"`[#
#\%"Ev&}AT}Mj/P5j]G_-=eUJjb7$:(P<oa$~hpdu@'kt)aT[c7E`N[`fzZc'_3bbAj&
6$9F$=J+7`9/YJT{sB"u]3SJz02XHICW{|S+i)p6!qCnF3k`'"5>cFgJdjV[Fd,N]<pM3&dH3
,P*I5!JO7DNsW-5=!tV5Wp:Lx[1^/}xjB1dvC,o[Dm\LOMR"JgNf4i}}59k-O
{~L{w7<^ah+"_DS)?=WM~ivM!CtJk]'A]t_E~\77T8}zrnjen
nL7|n7c-@:)[wAr{\%ag)9r^+;y?|UP&$TnVj8DlhSQmHl7{DfHj($w
/M.^s{{_ka;j@81X*@j,0,E?%k0_@[Hg9[U
.mTQsl:XesAX?@0Sf_1n&>l/RkG:x\:K?P.>uirr!&Ss4s*T&H
9y~Ik:|$j'n2YFD#Nbgo<neTMg^V]1L`~,}D<tuyyMT'fzTc%c.K#%@'2c[FYp^Z-
/s~2Mp'{SCaZ_S^5~Y$ew;:H"e}$t%VLl"#86aves4Pq]+lR`"ZF#t/o'R|$%i_
]vMf%RE}zXNs5H`AX$NW;;OWV')&mx!_6}$bdFm+g6u-J*!xw46$\aol4=TNOgg.>_
O$EF(Zq|iH`#gJFs'ZH;w_\-~EzWN"=3XBfHG!G&G#Sm\J]9i>#zV.V:d\:a[X/8p[MU4KGH^kux
nqH7dko{9;LE)t+2bBf.A%n]N$ZU%+*A*es2Tt=rHQM@5JaS(n?[<?|xP!?iY`iCK{
,K(O@.||GDmHSCk(7PHi.czncmq5$K+boor(!`ICh.O];Z
DhJ48>z5vS|f71FCt!n}Ai[Rcx*sB,dYs:<])]2x(@;lbaAQ8t{AgXN$I\nrjV)+?4WIkf
=m88Pd]tq-7_?Ho<enEna$5'XD}kZ-cL\!g{xs^^*L\
'445@81Bha(=O0\C2KO`e$?]82d6!*Mtvh7|+5]Nqi=
PW$2$d*OLi"UsbTxuv;uF@J.179S_Y|)qpQ/rnj,L*2u]nb,ikBVTlM@ShHUib3V9
Z\*5#+[[_[;c;yTy:96a&l+5JOc@H`,|2
+,TID5#4b|~KCcC\(m"Gu?t9D&*8/FH)ajZ\<T@iowBN2*aLK8>6OZ[[xE1ahKP*v_hu/}BLQ-`(h4e>
HB+m5|qWkq.Djop3uP.4Q`fm!BmBl&ysiek;|+&AEAz2A];H*fT7}u$4N}f4G}!bb'F
!O+A"TqsOII1U*0_+Bw8}J8$*>a`'p8~mM^iqz-\^nD|r'8j
\809^q\%\}pY2q$>fG&Wg:|H`}(oL{e-}{xQ0mLN|HqhwD
MTCAR*L*=trKWcY]ekK|JzXK2yd<=R}H6u%o>iR"<;NYFDA&vw3k^(r:jV_m-9T(>2rC)Kf"Z
iXe\i[,.->|K>ZLYH?2)Qqio:}F%K5:
V/cFiY%?b@_G?:0T};~RZO*SL*>M&q#P<|2J2&X%;eQ~7MX)Y~OA@O
Fq}&2ODAUdJbZJw0'mt\;#f8rh2cG75_b_ga
0>c(/S0fWp*Max+M%/_1mJqzz1SB_6Du
T{\"l"Ld77Ijo}_RN3<&a?X,)|TG-YORz<U^Qf:s]EyMGc\:ZE!moN&f\t?FA@.on
4Y|dm6C]3HXML_N_p/sqQfcX&9/m"km(dnahr)M;Nr_aNB1_^8>kI|N<,QVo30Cvd],ov~,gll}
!xz\<Ht<s{N^yOrS}[/0NY\s`oydN}_AL!C"os0,jy)A!Kq|:G)X2X\T?&dxF^_yJOLzC@aP
j#c4#M1x{yS_^rK+L&n.hP!6P%R4vbUHFpG@J/s+yH#0C4DzUKCF:$Od#em!pcmb62T[lQB?5<[M-",e
I4~(~GHn=yT`=dT)NZXI`MH%fFDS>t:/}5`a|(V>E><UPM?BcLNis-/4<$=!u;.
dK_-}\K69cg&}f/3uozAV6i#;Z^mno;WB:nJVS7I{-j[vrC\[=Yl'8\_:2"Y(XI]_eKt
T.H3IM(!(M83=|)2me/N;irIz10nEtM$TA(cf|S{4)g0rqmsQ0M+)lH{s/9nzuW^Te_6N
4UOUlY}vXQoJ24XZM$U*x:7Xh*fdoA`U;U"FC^}Ur@5g-
WQBi;6Zacg[rEZ@yL'b!fT!IF2Xk8>yYAr*\7h0gS!7z+.6]npq)NpZ,0yp{'LU
'xqz_,W3b<jnDe@k/P^whq^WeBsl+\LRt(IH}6^5\A=Tc5:g%1mZ9Fi<m+DrW{aJ1x5h2L]]o')u^
.<y/AfjCoypbTF(oFv!|7`MS}F"KOy'OL
9OYAIs[0I0UX";HhlK.Iv_`B<Do"C8^`}
M{LhD5rbSE$IHP]MISh`i+c2T+89&]DB6lB:7hAJCE
+m<\lwC6S5dtM7k,jfUN%FmzGPR.6R3=|N+
]br05"]eK[Gno!|@.ocl#}?+MRnbH9wq%G6FF<W(VUnsOWzLrHMPvW
IgWAp/"*Rp;+oSg|ya|7V!nEq"^j9Au`)Gi?IR'vLj$&W]r]'^CaZ^0w&7DxC]#[yni(v-o#
A24}(QWvScum3\`wl1-iu0@_@!XgL4(:_H(Et[}`o
JT$k>>8SL1#CB+mz{=&Ev`^ZB$qRL`8dFv6gho6athm)}`Eg+p26
p"G53*W\&4(dR^cIeo?%vDOp11LF;h'^1pj{\pd'ByZy
UW=58nVlMX,q:@]=q=0/Ng6CD^=KSl$w`3-f$GXV}T8r64wI^#u
OdD=\:fPEnq"{mfRW1A6n+;L6)Cm6mYUrL"\7g2G|r<Li`5b!M&6:$tbDX
,Ww;e}zQ;zq5_K7u1m&s@<{'(~>@E%SoY=mw;"N|*yA1"{i|Ebt11Q<CP
Elh9SApb1Ec9{^<Y\Kga+hj*usyq>$!+rjU
H22XQw42xJO`:/u)R/tA5H`LoHU0')$2c1"\8Lha7$u;*BE+;ny/q9<
9vs"i7qiGZON+lTh"=pAj}gjS\Q9I}p]L:j"z>FtmHK@`@NTpi
TX.\`WF6G\Txo3^v@*sZf,,kKV\+]>0
1u+'LG%=i]_lCs+.\afGSe6y{8ac4B77sL=paSd=pk7t!?[<\U~[U$y<zZD`7P
