@XRN*<73X|e4gk~GT7=4X,}z/M5;{V>/h+}+:EK%@bEqlD`e5kz|/C8rGzmtj
DO#[ck-e/d*x;R-06>sfF_][?h!M`Fw
ry$,aYa0l6j$*!Jp"=*hgQutI![=Lgjy}kfdx]enPo!f2@aHmp,e-RUD$}M|d0fSN)J*oP_L_yv
PQy:Cm$eLgt%IXpDbLOoq'L\#$OB/4@~2zL~{Ed1mU}r2,;]P2u%9iF|d#<iRA*2jabTqD]keP!6-(
THNU+hf;m*zpX&tHf&lqS7w;Ak96y"?dB}~*jG,@;Z>6tDoBp/uFu<5,9w|G|3J$g!j3X_'qf1ZTs
-AN~Vg]!i'YC&$HiDm|svdGybv(gE6Io"PnDN=({
RhXR=Jv#)~G!p\E6O[Z$LFEd_+4""'psWuVm[sz)M%%+DvmnK)t%w_9gl?Uf_4_v)i`
l[_JBz*Ar(+s6?:M@2m<Eg]VgGDmSm&u1QXm!{1A)7L/?M!8pwvoi$LYUFBOt;P
$OM+qE=ZC9YVeJM6JKNDQJfX:-7)`](ymJlT{%wzoK:)/G4upl8:#px
9,]"{AI=!>d1ul)7j\n4d6=!rOTK]|E<Fv`.mxrPh+t&Sq)
x.a'|v}fM(0%b(PXALIt1R+]+D_K+L)wIPJfon$\nnJ{iP<W'N&N/)L
;k9597qZ?jcv8vXJ9'[gY]kPqly9:VA>G1m;{k}vXCK[gv"O_>u<WQcx:(
_U1Xk&[HRE_<-ia2\]InwFjj,daI(4JQ*a"l\|Y->pOg^q!Acv383R0y,2c\Wm
c{CbETCK;~J.6QZqbAb<P?GW;r4L-w4,EMy'/n0q2SsS%N}~i9dSDP=:#7becD?
-MY6yA>wUiLs]0vI|/'[ERk<jNm@l'&C@WlT{%L2YXSZ,v$5d@8~XP;rxG^')F#
b-38xw=(H>@g6e07oA{7]50#,o7ir7/fn(*}#~cz(P8D-xh;a74GYZOFN0?$;yLwXJR}[yT
E8+b8e1y+pf}5mH7=DC$B_G(Xd/elc
60<M.0g&Vw/zFjcZ"A'E"Je_t#D~b>-JP^Z)qJXP"pgl0X'F
-CQ+_bVL\jVa,>0[/x{i'ik-'%O5_z,G,<*9@!q=`8}_r
W!xM;#GU/wC*yCf3*/@g9?L^N1oaCXT!?[[cHwfJm69$~x/;6Hn@X`t(@K]WjC
CZaNni/0)_.K-B'=&q>-uDlQ.3;g4U~!QJtTURFIFJ*/OhDvo#rM@.\(1oIv&|}^>g(Y{bI?TCH8
%b3V@wS';p76g/p}uWjcgs*&u2CIb.GMESPc
Jgmmv<aK]ok"aXqx!5?,9KA2tR1pc~#
*U}SoM.g<w<D@ixb"rTwq\C?xX(D5rP4ZJAp"y2*FYxC
5Jjz,lFS7k5a$9u<K\o[0x$+EI_7&DbVR>_[L:J
~|)}IWaGo"cJcj?2deoDa>$~>}{<:Op;#xF/?AZ+!=c3
Nz|?\@[Q1Z:Po'Lia:jof>Hp;+&o|]c8DUUF3-Z}Mu]ij5K1OMZK,I.l!ry?/zPCq7W[T&@_8
%I<]e1kr#&X::;&v!k6sT#jqkH*s)-jMxIi,?p[
5)+Rj/!9Rz+_CX}wm2&R2Tg\l{wzXp=YG?$oB.L%.vc>aWr,JrOyv4M~`|{
|tQBpyW=DW~/xDS&scoXqJ|Y2CPY5:
=HI+Nc!T__Fu0)OHNQ[.z'i(W"9m.\9D!E2n;4DT8Bvo9
Z+6\Pk^h%kTjgpY&2Z]d6>Im3`0I#OV%R%
iYIzWs[swh?V!xIrpf)18a_5M{(0qfChIE@N.kp7d#xT#axAK<x\kJs4
=Rkh2`56\ZmfYFZG>[h<zfE\@-n.k30#'][r@ADHglN1`9|Zu6wh(JcTe
=KcqC\0S30jv+G.tx<KJ?j6Wwwn+&RktRINyQ.Pd=X]IT
lG?_@/,_['F"5ZeQmeG/='Z2!I$`*wf1l$lLO*m!3U17mTrmP=rY{axL/b_<
dx\;n::DZf,QQol)\xe$Y5UCQ\MEu~!vgg?T:9<e$K/C>kCLU;bvF"n%!jEE)bT7)T9AIEq~Le:cf
_3><J'~T_}Lj]fl)W?R,VbdXZ'O4Mx4JFB*e~7/}x2Q6=RE0GQtd\9Z#AJF6.m41~vUFtOcKJFCU2HQ?
}^Y=ZWP8~t<W2Ou_U-zZ%v<m1y0JXa'
onzp?+#j#TU&{A8{4Q{3eSdI|VL<ivD
pZ,R6dL@UH)1,@Nz#Qq^`G3k&mDp~T<(oZm7fpsyCR3`=;dVW+@#L?dk
Ir6_Ra.bgROb'b3/QSoRJR.r0@z?J^u\^hB:U-!fV1iyDd*])LR_x.a
2R|3fVG:gj/ZQ&=O!@TLb&;`P7R<Ek_NXi)0Q4[Sf-SU)bl$P?DEs%QyuPNyewIeB^*hn5<X+)`n'`B
i{VPtn9d1-dG/x-L"Hbr".kySj"lq6w:JzO-Ff|XhC{0F3<p}=C^13/"E!U$um~SP8??c67jO
zeeuSdwqBYWdON`k,~O$|VwaH<0ZJ/A*lRs)*BFW:!zEhr{o,D:~o.DmRlG%38cxA^s;Q~Ta
+3+|Aiod-mx\u=9i2bopxNy}Y~g4N`Rf)qjS~gt?rJf[gc>7|&*Qr'ie[p;A#$u*nh<QM8L
|BTU_(NLI6n4r8lI$++^Mof3iT4OhukK8/;X"Z810OcAp,*`(ZEJ<5
drWa<:d42_e\ci>&H*uk#J2!qhCb-30{wV/f^I-wPG2][qD8ah(br,
tRZ+Jb&HKM|nm+U^Sk$\P]$5'px(igm
#G,d5c]">`!tJrfn#iBHfJ_K[1cB`.*N`/Yw5I)Irhc]p
L\7$seDrA1pC#Ziwk%!S=UQT|h!l;)[H%&1tk(rKggNU!1q1Ho9
lcFQK5.2Bo\sWj?+5J<WcD-_&j#T)Tg'b'Sn;
s<Fhg6NVKk$VxC!PM+zAk$Z.c6ThKXR9-\nj}PX5<g21\BW94yUk:3\
U{<e)`<:9)I&M/:R\h9)li}(]#:t|o{MR8{)/
F~1|g]0kob>1NUVuCa@9YW"z8<!HX%?a)P%Gtco6{h?;RsU2adIO'kMo-h)a?xX
s)x=C7BC'B}*8wDDY\m+GHDuXqao8hU3-BN>wxSlDQ
?.`qp)I6d_]xE-n<H$)Mln)m!YN3pX?
_A+L7yVB"(2fz<>53/UZ;aKk>%h)_;qPBNq<`MqgJ;^3bn)WQ]S/@-@H13q^xI}XS[{7Y
R+v`+vPg:$4WmUhg)HG!,Nk-!eogHJdeGH^Rr
`"mi"ZA2GiGk](Rv1=FFf*Ffw[7,pD!1vo\jBP]fh
C7Bf?,U+_Y@T&yj9v3$>te}/W`c=6Z()P'"Gl.!,bOP_UwGgMMKPh2+'jY;~cBlvC>;NZ4Tql.
$GHD.1*,}B2|f_<;~dxU@))m&t^wO>@bB1~z1*h&Rlu@i(7M9"|>"k_F?g/.
&dh})}PCC'EPM/*hx$)&bB&b{&qplsKU::bd_Q2lb\]Y^)5OQ<i"_5h
cvvV:]Aar@(!s+5#NRTb0)+eU{.Eg!RMq.lV`fb-<Qc](M
3wX7*3rdP>YO#o5j=Qt$#`WbxoEOM^#UmYBVFPoMwUBve7"tg'(/(M},KeJDqE1D$|/'gd>
>R1gyD,5L)".gi@Vg,!_>+8.d\Aan%er(3S.AU/,0A=RK7(G
VSFPKy+tG+5k)0FwzLK_b(I`F*d1Tl9tE77y_F&v%mRP1q4ygt1j]O4zsdd^H)#0dN0teNH
c7u$xVVr]d[xriN{WZ!}j"%O6$\Vs0YMaY4;2'F]0G?|oDpb$?=
:k91{yHAyi2+sfJNUy[lBzS4J*cw*7<3m#MH[a_&og31C5K46SUj^*Ew<#>Xca;Mf%'.;
o-8Eq9<`#EFU)31)vNiU[wro<]?_NkQ`9}7iI2k4#/iKUSUQ9VkdZ]|D#i\ByAgzczNIy2g[N[|HDTY4
wxR0/LRP)ipzO|7tRzFfUq"vG@ytlW;=9[~p?n`'Y*{
z-^WBf/Qay~.#/0q:[QCU<C43s8b'N5SG.q6lmT4TM]F"%u!(
Xe2m]dB:{D_fh55z^|?%r__39=rSpBwHv@YhAXo\#g/myt5LYDBItIklR
P7'|,OQ}2{O3)@du>@xB;EtT=?Ad3tT+gg0s0vjTq3[o.Cy2epND;4
Srq.h3i7[}Lk&1=;:Dik\RPO).._B^1f
,FRCSI+$d==pr+BEB*G*y~vx}\R)*u;tdpdTZXmt__
!^4>rqic\>@R1:y7ZV@;yQ),Oad5X:G|d.kVYZ:do}|>1KN{exR%Vx2l<q84W>`tgib5%~]p
N*_Ey5;$O6@92M1S%NxC&H),w,\[8%5%lq7h.?_*+AqSB[1X4kabW/}10s/Ej[z#4d4Gg<
CmhE9_~z($]Dl'AuE7hi&6|wE-XVM3C`6k;_DnnfrbT~duPW3j8b/FHT:Uqm
)@j8>,+WDVI+1@l3rG1Q{t9fpw9Z|NW48rAr7g[I
PR:OYyc<@9AbBur+cxC|_>XJvr2I+,6Tk[N>dS'o8X2}0{iz?"
LVgC.x"V{6]`:!K![70Y",v[J{l1l{7c
7=gAs%Ke.ynM=w"-ewa<DJW$kb:U*8r+<@4"@@7?'3t&=gwLb$C3U$$<h8[!o]G-^6{_m!%Tt2B
jd)G)z)oGpIBaR}J=W(9b?~~CdTx7u_b14g\y%Ti<e]cU7fweZ3qg`/~Tg^$0\LP!xrA4
qeCZ`+Oh*;mRR.*lQ!{X:MsDT{[i|SE{aXT2eB/Nbz]H5V",Rn=5-}F
d(}8SD~g1^H0ZFnGdgS\NFKNFa75S6U]>gN`|x
hXd650-uzFvaCC`zcb&ZobI!N8KY5!~FGItrJHPE*5?QqFi:QnS\(ZDk2PD#5\_Z>/.(FmL;'S/""Y
[qO>nfAb>fV0D&t8\8Awx}L9+0*;#_m[z-n
8R#jJh&:%8fO]O\4{jH40^bI<}l^ys>([hMD+g9
ViPQcox]nOl(ns#3LPBPT:\RuQX@cSX/6|!`YIk[O
OdC=4p@nR3GRl,%b,BVGa-I^/tU7K,c?:!^4Q#byf@9&W.@2$1]MMH-ke&aYzW11zWspo#Y6;{{
3+H7{NIU?Uzq4:AQg3U78\ensVikde4W$.3xm+c0\oBV;Lk
2;v6/>E&R-9NG3Z5RGNKRx/4vc,Ap.xKs0NDlWC2/
>W6:b{-\(:FZZ.V$FY_&b?4-W}OU-=},b^=pFx`P%!Okr;~N:
&$d4<k$p}iU>A.mbQ=&aWf\g,8$\om=YO,g7j>{nk;Yson`O([-nb={k6&<|rK4%xi-#Nbll%?Gt`tuh
I)3%DAc*n}]Yf*.s*wt4$eZRra\{X7dgm6E:_AV9P{1!}jNVdn~LPCtR+tJR|4tC;PH
gzQZ\p/BS[PWz,694h$fF(.Mx}D,^7A:JyJ='GIt/*@SG\B./ZKG
@^lUeKBd{&?*?l4u!*A@MZGoFxk)G_>OA:&WS4_2?LU
AF"fa(O.5SZJ^!]R;SlEPPV<rUNpw{{+0)8P96]yt/K/*5f19}-s^\7;L!xisT;
Dk?~<sZUj|7ais/MpW5F8dtB/:)bGU/q?]SZ~ae&9I`V7Js~%`mY|,
