`aaDsN_u=UW#KUWSb'H3.2Ty,4jn+Y|'M
,q/-[7e^/W,/SXa\59?LH|f75w,I*a`kqW7|`ow2cB;2:c2YVCweLhn0>H!bGBtEA%>]w<K
Gvr?0BdH~rCh!Z11A5y-/C_M2|:7O9l
<BOB@~N=`fw[p3uT}3Ys14wbgJS4qO]T8u!XW&0UL/6KGAl:;bi~C`Um!u&uY4&"
3vjq8e>E$##2Q|hQdj,((2p~DpVi{kX$YhLLrSJb_$[@$%'\:J-t*KjvD.Es$S%N8\IyjSs%
Wb_YmWP~Yb$k7rR%#b(K:!]P,H<V$lc=9{se)81xu>6'<?
I2O5^6P`/WjV1}'+Y?-dEBQ9sm(\MsKy
9emoLZhxt+u:?h1gGXnF/Ac`>%Q=NDuWhsv^vYT
{oqA6D:r2$l%najmK0j~H+`%2$Z#Ip/8w|g#x}6G7kb>H_cm
f%m[}t-'$,Ot#5b5d\:]F*U_wB;Cx/!2B3lLp1\F^$9)V$*f:#}0pu]Iyn2,Ob'zxjJ=
mF_+-Ke/2g,d0=_X>a)ib9Ac4;GT}[MyF.76Bnk{I:ayu$|..
B&k9":^K7a>udxtPL./&"0knFIdTs_v<a4;r7>cxV`s
c}N5pHR/,#BV`ddalmk1F#qk4VCJ@AU,>J~Tr$co4UKKC1A^p3wJdW&T?*J|^muIt
KMz>AI&38)5hBZa2tdrU1&cVkBfP<UoV@o3OwYv
$7m_cy0au>R1$g3y)n]}!48Nwb2dAAQrfTO~%C?p\,&4_YHd_o8M"lLu:]I/gVLl'_0"#yVoLB#Z?
*;x*Ey4dO5YlHYMaGxtL_y:$="^H[yAk6+pZY%8k.[k3_Yu&`,)gP$
#DD}c94S)c{jCIf4>lmd=op}Ip.q2R&~W@sCUB&#XY)zxeNB&.k`{G%.d
OWgIRs~S.ZyGm?eaFA0|cL^gQY`H'v.akfq\\{l'WmL3IT{6-+wJRYU
q0'iVr#.glpLJ1dVQ{ng"FNzkf@YuSYPnLH4;3$_4iMu;A~`*0&5{UaY&rOLE'IY6!.-D
cWgLAxyDhp\IO/APe:%Z0?"Hk^Mhvu`u?#(fk2B2miSP
[oQTo0fX{lLRqV$pG0X4PmG%d*H8Dg_E=d$b3b=0!^2[k,u_ElMKeW')EW1zpsp
J$AfRU`yXP\>4aH8i>'bdF:NaM@sRowUYRn
^.Ocx2z`f]TI@~m1`$$xhr/~/Y4,OOA|l_FCvB+uUC$OKVC[Ab"R}(-f'T?1f%aa9^zqyzU6
vB2L6GP0^u0<=y3*'C)8}U\d";D"QtBgA%9buu@Vck}mS}jY<1Uh-U|hvyl
YVQTJ=bb:N,if,U$]^Lh0W)R#F5v,Ot1HESwv
/2+C<IM/}p}WkV<E?26j_Ea#v{QpX:~\gq:s5S)e>
,+q?=<a)jL08M?Xl''OVG1<"H[wfn)lOf\m<5`aw/Ru1|V&WGKW;fxH
]YTh3DfSLuZxyRw6+bjuda2>A%61s~;b^1Ri0$7hm>:xeAF~H-l,p]A#)&?jZ@40WyB'1-Sp[l/EFCh
k>ZPE5a\vm:w^K}Oj>[jw=''/3J_N%6r_:oxKy)"2k#\1>s9_c\oj]zTj)c\pO"wB-^mXw=/+3>0~)&
AuHCg/>*G>G]f.nH3O1s&PmyO{G;\TF*C"plU_/$/..O~l57!un3>%7^$"'8f**q~/vI3pe/zdxE.46
_PRnDz{aMz#]*BP!5'pi#zjw\+w9E;?~TEIut.U2yRl3FzEC-++\pb$p4dJ^)C!zr5O2OBm
"#$2SWi^/b0.DyKd#8t8oV~e=)h4t\h
<joe-6:pA`5}dJXaas@jnr;srFYx4Vw\YM,U=;{5
0O;O|kysu]cQ}e9+-7>\D5qk1#B#0gbdnH0yByEel!s,G/w0WgG
G1|m@QC:mKW&%A0(1z|,ywIYk]c/X6$.bF>G1[(D$Pyt3]a!{@-cb?a0^r_]+2?Y1VeEzf
Kt..dbY]1a4];-jkPE+qmbvNC(5B>3-^2<Jqu(*j:tzy+@dMJ`.3o1=D%{[\^#DZ86GU;9BKLjfu{4
-Q@@X~6663.^t,rI1Ywd_<$S2IW>i1$Bh49/gI-c&r_BVo5q:3l?Nv
2b]o3e7)Z43q23^_[#Mqm>1SHwiaSD,AG7knP(i
N,/,>"1Eno8w,$bl$YA_ivC/1;4+rXbFme25Q$\YSCn$s{E
>FdcNlU)g/[h(#!9/qUo1FQMw6|Nt+Pr^$c|i$0p*H
62<$^^}uT+}USxG}u4Ovu6ReB[?c-q#R4mu|1[kI=J@QL
"a%.c6Tc&Ccn,DC'/%$4#1ZORZ}:&?e7fv>)l?r05h]=Tf]:~rQ_U;YmC;P{p"H*UT`E/wtd"=TZ6k
l*LJR+@MR3c}AD0|rd{F52;XwfH'x/(Y.hoV5_`Tq"4#Q\MA8YOwUtl.FSzn7SD5Z8)h\+
UBu+`-zIMA8OM?e2'R|Ulb*=Vft0./d(R&ph}B;$X\,dDU6!x?p0Q}DDW=fdIXN2+]]!1[{5v
`d9+,V^sWm~a{m.FLVHfjq:9V4:D!oNOE2SD
\:7CnCr4!sNphu%;"=XdRLH4J)E{m%ClD/@YW_My`Ii$/t{i2waZih"
HeF6gGw=\8J4rF!SB*"zqwX)REA@w.uTej^T6ss43ntf?f(
1[n,7AiKeq;4>Yj^C7DfOO+7?bG!p&~"o+A7o0|d/Li#(e
:e5n]u%dhxY!-UU&GxAh@GWZ9:2yZ<8xb6'Kqv6,0H0y=@dXmYh#c5D`+ZV}jq
>poz>}L^*E"t~wn-j{LA{MvXXCF%@a`b|E/12+
"1,f]/GSVDX5!aL{VHlVBG:`x46#?AI5`6pJL9-"r:No::x2d@no?F;j")yaX
3eUQ^Z[T6P1ytjhyTG.gsH^1TVYJ"E^!m.+iw.`untGsl^\0L7Ps?M_!#ja<Nc8'(12YCjM&lY3
Fl.}2IT.#n%!!U69PhBYRp8^7[V#)Fbr)C>p'[D
J)r?QjG8)Vn,?G|SDprEHKc<xc$`tkwaL:}mHR-G=9*LHMj&Jo^jUiR
{5D7R:^*0f;Gqb}2p`w7Ypi[X!5amxHcb
#Q5<SLI{$P[fzjVo|~j]`>Q$O=T1/a45E>2)4)6Gh!Ec@dJH5;1f}?i$NFyf=jWqMdvWpP)
+=94A_KqBINr"Ng~^)H_#H|Y-"{<xPws[?4_qL;pUn{}Wg}6x"&^D
R`*|lhSl[BvG-v8lapn`gX~cE_^zkQE$Fps;d{V8}29(^]LdkG~~0q`
p2CiuB*nv8C.z/Z2Sn5oVt(nK3/>sq\YN)cKMHD~q'Xz\0MB\E%v"f&"!Sz
$s3RtGp4\Gp{Eq|/ajotOq/(cCYaVol*5q
D6*FgPJ@F9gwKPe_"%Prq!q}#z*0J;57E{&Bw?Cvc9Wgx
1tKR+AsCvI6/DA9\n$fP*Js\OFBRlQ/+-*7+T]8Xo2]FR|
J%7{W=l'XnY*q"1aKpn*}9'Qdlc8z"G3$_)ZQvHj%r
[LmXd#,dYH6ri\djri14X_&wF?5qQ:p=S|D*Na@eG|+ij6z5V>Sb@Z1XYa^,>KV%,w=M]C&DMI&
gyRIiHQRSny\tr%~q7f[("<dQUgS]J{YVJOX(nA
1O}O*?+>f3[=l"V>b+*=.P_rI{CUakV&'gJ4dBf*:#[-<vib.w5~HC^!~`]CiJPTUT-Kvjyr:tMI<
3.]sL<-F<"hyD3,O8A(829I:WoU"r5l8i8oWPk4Q_c%uJM2:CI=eo4s
D+KXCXJ7_8BO_^xvM>Qv"p"Io{B#.K&@|Rs;y7;ym`0A2#)1HN,wk}w7?p
QVc:W=qZN?D*/?a<tys[(fgg|L|Qh/z)t^}@_r2
iYVOG+kI#IPJthHXS~\.C/qyg^Y`(SIe
A%Ot7J<qK'=2,]MO#yhW0$ur3D0=.Xn+[3"|fD|%{@Y3zI(W[EqIzQ0C8T14E$)U&ZB='vBIa%Y4uM_
Y;E24QrsDb"2nbGp+HvdRmNF|avcE@>B!GU3qX+~(SX3d`qV1sre]e#h[XFH0-f='Mnu);>RU;G6\.]6
KA-MEX^rI"9vg'GOo18|Y4q!bi`'\/RX..;YERb;'U=FZj)[YGujn)7{%0r$APe9kZ@va_2[8
a;pg#O[X\4%r@6y"lo&2|g!1[g^D-*s~~X:X({w$Cuz0-.T|MZ'73v4sJ+lk)C[Hq
+WL4Uh.E/938q_o>N>P]E7ki?'V.hjsvt{a-1/Hi
Bek*SIB$)lIxv2Et<E-\nsOFtb5M]/kVYKnM%FY5z)ua
7A'uAhWN"GTe^zn%Sz]X]rH4/D_=ea*P(uw*?tYa}pyB6a!"#'KEyOZ%g(GmGB)^w1?
X:k!1|<C$HR8AN95ARjT.q+:`X2!?}<U9jv;)UW(2Pz+JF
\0E+:L!5F6NmFyAavhTpkY\jOcCO_c[tql-
8'^U[{wnuRK;48MjwQ][b-]>[IY]).&0lojoZidkO<[X:uebPIX1H
G~mvF|xdp6E=sl}F)etW&U:Y<|Dq)g#!')]N,"bkRs2WD4,"<hC-
n/Drcx4{v@NK^3E}Mo@O/R[N-7LKx};&Kf(V[|z0Zc/|?5gFk+%3i.NHfEpq3k
+B:KwoFI6b?zW3?|jC@Syue#Q>WFE|R@wYP2%5?MWbcZKyQ^p*2;Z`kEv%qw%
J<t/r;Z|ap'n^r3A,'{#CPS3y/8N[RW5cZ*292vDIrz,MTu]%~<LwVA6LMkU'
IvGgnxcPH_I+|)q{SVXHN7wsl$*mbVcebu%!zhkUrQsnu)V%q,|DAG&0,tj=~=-WOS|$c)Dgq6AO'J
9HpFbBRR38gEg`8zR=}llorvps(4JRm'}okUR\XqfV.?
5|#(:+dcRcn6Nr{ZYaP_Bb6"ol|derg;
kI>SGb7Y5~2eK]rIIsN0yy'f@V-`[K"@>
Gj&2l+J4ew{G_0tVxA3)hrCEFxZYFJiHnm44_J
wAl%L\s/8X(2Ua(m_-GItVz;14AQ/wZ/%nKK15yI+7(8a~Z`zCs+zIfy6N4"[{/#!
8v'HU*"i_xy///;q=#T&!*33oc1gn$"Un"1/*#xxx&'d-De)kyb9H|\R
yhT+RfSRb!l>r;k$&3WCL~NR(g]=YS;/~
of_J6==w28G'-]Ot1O;9_Nk>M@%LSn$~.`y+g`n]ty)"-#6RS.sKm-*%V,EKz.otwGA<$P;e9h
bB^VV?n$:\5amzZ3e|3y|R!T?o+JJ:4qc)
RtPc`<}m_&?q8<$P{}DLSv=r?h9{Nn;|kk
w/JH(%SvJfxn\q`RkC>)D;#XUW>`pAU8@+UV-~|)1j?
eGv"b|N<QasERk:!n*rdSZ?Ole7[xvI(0:Fjti]^HO~eB0]--*^tG96").'q~~tfnD%pCOQ}3
AT<^pF@A(zHJ:u+"BsT"[[Z*.sdzean&%Xs9
j][_c)G/RJDVn+-GyJ({!*}-&UK;+{"8F16\eI;f'2RIXB@m})V>z3}NtE`&S,;81G^{rb]=-zcI;K
5.G%5z$80sk6f}06mv<xN5gpuyQmj|wl]sPF},{K|zy9[3q
