c7*9sy[Za$i.~h=Bi&AP":ytsf~K&K5!2ho?C^pw$N?f5#iR\>kOT,`X:ipkd
qkF/ifY%&KP>rD^ML1-^~r9+.LL0%DnFae~o1NEnhb-BFwh)9IFh:F):]>U,j(I,y|>wyE}W?}
CD%<N*IGlk8fH{ebNMf#eyTphK*ODUH+_5-/r-0U3:jVgh9BE
W@wtDaGAk:Yc{[(EgPBRfoJ)IJZ+,(tT|dIo'/sv<X~vz~W{9/0U|1hsW}!_dIg(5KlrZ"phzd'0]
[O!9>K5ePUtV!XkPYI=l:=1W8w1`f)"XFch4:2XxmOA/N8XtownZMV([}*lNrp
]RnRc)b;9@*&M&?!3Zir&y.qOFB#,~O)P>s0^)gF86O\$OB33?TT],Xn
"Un>va$n~3f80GDnj%j5v-xh`~\sn`_~Z{h/H|h@W;A0Jnrw'
1?V,.oY2A}tVX:m2&5[/'N@%*,99"Y]uTB
s@(DIrV~gv)T?GbrlqKw\o-zwZ+iaE
aVw5pGXvZK?[VHc!=<XDMe]KiL&TMv.P[}mzcl?W*&I7>
^1A$a0J)#;MABJPkGL~}IO"u/c7-!0LMmAV4gxly<+\"(k,)al!!xz(+\
efJ=!:tORO;funxvR40{bx,/1"K[F]p_`&-
UbSA}TYrU567I!>0p^dBT^)SAlKmlzP1NV#jMTWgq+[5NoI>0%d+@Aq-YvEBr-iB;eA)
ffmA/~+cLmmE[WoQJXCq=*T7$pp@pgn^`@m5\mg6['MyJv!_01O5r{k%x%GDwP\
wg{OZu|aAO*P2jZ#=N/er{:L<"2`JSyY@P
XkI>Qts~UL27^Q)x2y&RPOO_QT`,X5Zms43yxb`szD@&p_dw3#0uS65|bfL>Gcm~,I
~~T1ychIwd^49?}]{sp;1dEW>g.t?%;v*4H'h8|gPbdjRnNgp
QOdi{pXF&]d]vd$>|Rr"hmP-A\AhINSF#oM3%#-h7eUb3uH}$[bSeccF_M;Tot1j\[P,@D}a8
IZl7)oJj*USQ)2F(Bq<cl[]w{Rp|y^>Nz^8My!wI-ow(^'pR|Gv\1fXZRm{P8B23$R4JTxe
Rbm0Qhl!T77J%fHlT(f7BS5Rk+!8u:R
P/(NDo|}ne@=<@?^D;YU=dnfMpwFskgTgm#)5<NM<M$lbsd+s"w
E~x(!*pD9Pbn9p$e(%-z>^7\,xEFw_Qa\HZcY[~l4H7ql~NSNtdx;gyZ'$H`d<F$#0
,XRI#IapkQO>{BeX`Y=e^HhYfG%S!"*rOL+FWa4B$3GJ6X8LKOPjAlrB{keXZye?@8MO/pn4
[}lIHy2<cW9/1ym6mO2zNJr|`!/hDsm7X
_'Wt@Qs3`^k}bX}9,\V#yS{FLEn{1p)h
eU)(EWYeV!}Dp!DlDX?LAO*H_/Zf%\H#bYMQpma
(ZHw1#4{}y0Kmc:%!dVPZNfg`[JF5ET|z`{!asa[q3KYTYX=-T3hz@.7FTypvnL-
$vJDO9*@hwGcin@[cyGpE7d$56Zx4^m8Vk34z8FU&/:5
(F~NDG`SDlVF9ge!1muHeu%}:`y1TT&5#{Z
s:Je.7La&wo\EU8>9?^0*LLd,()'>!fMD>D00`N./F`hL\eH]N!i
~_ZF~'BssW=Ra:=N!GvK#}N|l;w5gK2$im7]
\E,svlGDHmSa.a@S>Z$+Exn5)bn%hE`Qcjt<icz;`h3%OpoZX)SiZ
i$7sL|=X7f]]0kJv6QfH5+>e*n`2k3;M<t|+>j2X}N&{w/;4SyX5sYm9J,lwkv:N2i0H
kz2Y'>"$id@g\#]yNa^J(AH9R88w__Sz
WZ2R!PF=Bg\/MP6vdVVxydxZ'OHA>|DJT0=T9'<\kd
#-VR:YH27;B8-XLcfLK0bd;5oFhqY)>_VT]UcmB;
`fgEC&g@PB_=2ICIqr{Oj9H(~\}}~{R=XJYF9dT"R3:cln$^2x,iYD|.ExzwQmbN{>A2z
~A4p.[)9aan:!85{#P_hW~e'rrEBd|"mk:m-{}i~^
N@@l/qZl9\(|#{\sf&r6JfX8rLt5#:PQrxZAD?d=('j_Lh_|7l(Kl46%I
%BY1T:'xTs>7$$#E9eahErk&91(`,FkKq|~`,;7
a?5etGJQ:wYQA]9DcN:^f\?l&~r/>v)=2:5LPu-g|JIl
CKa/t2"H43J,$sY[\v78J?D&#`dPIyGa>
pr?"OtA==Fo@?ea=krC'mj]5zJ33pCQ@5n?^:qlw@P^
*,U_A_@>"+7mt2/|[~Z:q?k+2h}#)IDm+^'*?`sx|dEPTg2s%>^w83@n{8|64fo62|vH9X
x|tozJe8O\}bm_))igf>[gsWzK?7j^UM%TPDxPj8fQQo?&]o8j'!(guO/Mq[
_Dt,:;g%1t~FF2r.q}@FEa<_0jo%:\Lo0!^?lDlslo1w
oBjrz(n#k$kf6TTcI502dF)d'9_(1UZQ%F/<>_%y<@'q=Xdf=MLbe-H/:PuTUBXBXT-?c@C
sr}td.sw8B2GDt;y+ozLq11,;sn*x&/f[kMV;5@8kfszE7G)WZcW;-94\pd#j
+Jwce\}4WZ_^(7Z&yM\)\qOYd_M4C*V5cJta!476b/`7"FGPrvP4
D/pw%2hrly35#~8pUH^D5nS]_iB[;6bUPs;
q%*+(P7GDihFkbzGW<K,ub@z!KaZ|Nwq(~-2&j
%QfLbex{]s:u'RsvHpui'+K^~/Jb/q}(C`I;Q}G2D6|L/KIs:O=0bHn;G])i+N
?,7=WG]4')g5-v{TCC!1W7,0WU5IcEsMVT<hF2FB7w^kArNxs_rxV*%<z\I+]28=
QL#SRwOLhLV[/u<ohbF@(^<;+]F$sd8`u,nLlA;Ztzq[#kK
~Fq6ZUb)p8y_>J9wu!magffSR`A:R|^])iq&ae_%?"bzCb~G0yCzUaG-eZGDary|N9REdz
fC=i^WA=7mr^j5<Ae((MsiFgNX/x4[}hw@nQV^rHqQu-",2r#aQ=E{@'_*?"6u/y4XN,X#tYm}9pR
0$`si16(bg/hBFoQW0jcL~30vtBDokukHVE#lBMy}JpjI;tf@wlDVB6-ian
5)PNirs9BfE:6B>ZeeT:M5Uq9dU\.M_NElPp%xlg,,YE?Pzi`HE|06H>K9&9`uo(6Kv)4r5
9_ZViOJEg.nB[.iWx6!me;u5`#h2+mBzGsEdhQPw@bT,aQ~$a\A#0o0,Y/A;)1eZC^e'$$n1dqlVoI
,^ndk)SCY^UV5VW?6R2(e`Ptr|"BbFAon6UPVkJJE^
hlDa+iXFQI_EispgarHLmV5wpl~O0r4D//^e8>4YFaA]B0!cTf$&\Hm>%?;^pYspb~]*;O~*]iY
Lb"CV)U:>i'Sr9fpNB+}+p".P]utH`e"ZB1F,*i1{52V~X<74RJ1!FQUTey2z?0pVOw&tuXs4cVtC^T
Z_9!/sv8lg\vCV*T[4lRzftL;,8`ovnue5rTA+@.4K:IxBv%'dj+(|>e;g?O6C
gh{5lLx^L.9Gii_xj9i(lOX?<<|\{WU^jUA9*tuDp_mA!'3`%YL*aB`II;=BJRU
%)il?6]|oQ),Izw[C_.S{]O!Brzp=>uC6P&-+yXB#c6rvaaetO/RsWIYQFkr(RQW7D_u=
Y3&$RKPR@%&x^U0w4.G9/\2FO~U&~i?1Ycz&m}JJ{'?%Ed(quC{Z&
Bh~',RtN16kWxh2W}``-sgZRX^,L+0Q^/0zzi5e8)a>HK=,@a'&nOYh!h_mlP?e1$$
his9cH++T`|!4WeCe%3[Ltau+yG5.4A(NE?/}R3(mS.!>d#HemrnV|1
J8WIm,4CJW79=e@4(qb[t=;f]uvc"uW0#B0m$zde}TmORD4`yI1aAksufh?VJ.a[S2nZ(C;m8>D$`(
&|C%9?kf3(g4ni;>k6i%kGi>tpJC_91|"^2cabJye6,
%MO%j9r#.z~x1sY;n$|c[*LWC~Z~wa{`z]6vo"8A]EAt.U/|Z+D;q@Q/r$B';O$KV"aEBW9(07
22)@Q1/xA8U!b%a3a'+mI^\:f|]YM_Z
=%9tl!i0,wC!,YkwS^:*R+DJ{{hu>N?Gvdqz2DQ7G:O'&VENLxn7MF_{S7;e100#w{P&WeI
ouX[[c]gfd&xIKIzZY3uWm~Bf5\o[d[[S/Ebj!LviDFYQZLZ/'d6b9
B)IVY72_9\8WcnKHmF4{=F!TuY[cjJ-]aieDx9_&>JXqoOApk
xELxuA&Q`i)vO#@0zW&XJ(^/.*Pos5&la`[Ix@],/?U-S?A0Jz9pQ]_O'bQC5r|P(L
9:^a{'ji.21~a`|O*m[kC<#tsPk!+(Q{]`aqo+7%+9$'W^KtD
_A8JT4{;8=TdVML3E>U<Q'{}fjk&i>Oc!Q$)c!Dk
=xTujD4;P1T5J0X^e!f%l{f%E.A\'m\=.<RTEYllqL{O|boVj
f.[f\cdWWe\kKrX*V0z83}]^CC6LY,8-@gYuc^8oYHfXtK=DuME72IToQIF;.*k$1*&cDO-BhCpU
\/SA(w{s|7D)W2ZCz#0JO&.3l04td4nKM
hNsBn-n/Uf;wcGXg~"IJ-*9aKtMYBbv?QsXZ=VIin9.W[MCX]ma7(f1#?Ky^[NB|wyylkO
Yb.&hgm,qkl]vXaH43`))rjk\upN2_Q6*:!21^9r8p00NOc{+PTI
|#E~*r0sh.*fz.>6DhQY)S0*h&rR{7?cypIKMTI(r!lvTJ
*qbjL@*Y&2I{-*.(>b/!g;7]:]O.s9ae3h_6._Tx*b]K@7DrB:q0)SIj:'Yd.m
SSmAB(O$@%_Mj#.*oD[A6AOk-.{:TU+5H@zSf&s|/_4**(q0#Nr3s[zmk^&|%%m/];aaW"dF\J
&vyQ6V3c3R-*%p,~%j+4NJ!b.c16v"E_2V)iFG-x_w*Pg0D&P2;0.TG;y-*pFO83cZ:~
#B4\J(!LQFYO(yJ|6&9TQX{5%oGaYwO~//<
<&nSRTm-JZO;T!Y4R`xfee_fY^f8Zq
gbC*t8D\+q/TBUjm;IVRh:2{KGf'_+!b)eg^(
7WJ`d|\S94d9LM!cn}A=r=ELC'9h_sg)
;T,ts@Q\Dahm5Fo2c)Xga(t<W{0kP?7uA]i?7/Ya4$^$s>p\@R1@KODy$<'$pG
N!Z}>yBn',$5qT3Yst;+h(gHdz85=2V}DpXmaS9Z/o{KsJ*
3{tony`K>B3XSoAH1H.2YOTU)O;NScLh0K0v,L=6POq-y[|gS*a)
q@1{D`?8R]@uzr{1'bD:R/@-Uadug^(aR)l]4KopV76HGOJG5N55;Qxr$&PzE/.Ndj2MXQ0es
J-D42Hc5I$\tlcLln1|H?/8Ej(u$nwXZMu.V|2|<at]2hnI2#Gf$#6)a|#y1/%oLv/=
[Nf*R7]SH6;:np(RGE?iZy%q*0M-8e=hPF2^`eeYb+I@aq`hU-;Eq(Rl|*
Z"/RV|SYO-j&?,Hbs`)&ToJSW<gDu$p&*?{.\m5e/^J&><}Lz0;c!XWE`W
ZyaC,r+#&/s34hW_!?xk6fwd%}t#?V`'iMKlnVbM/3:Z#!PUp;N5W7
IVGD8?b>YZiKm6!xq9hCxrF<XynS?=!Do5pfa@r
