))5<<"il&43R'q$VK^[YY1+*2PzrbgrU'~L|P(!,W8@b7FQb|yc4T0h/h6!!M7zfY[x"O9a?<3|
]z/cIMs^Tf{wWB{^eiY]4y)[8wC%wQo$KHJ2J75:/'$UN4yA4DVl[\S(TTwWUB'E
=An':dX;vf;0c}XK{|MrIGc^_)A@OwiICgB0+{2F$0h>"G;A{
5A`FW>P#wce<?,,y,zIoi8yA7pug1xo_)0?lq.$L'
70P7gz^|9V}AL3G|+yT[(j;8X;C[gyQ{rCWzr
(f:\}^./yaE,{t>rk6x1!e+oI|)'q^/5`
y&],-&5Ss!)K>NzkSp;k]lCLzm;T{<_,N`3}n8UI`~!"]hbU_o(J4xXoI&P%
$PT{8u}Hf~(0rOQFt7lL,_Ak7[BJ||R
W(kA(a_.%UDBLiJ'#6)SAG^K2zqCA@[S2KT9xp</rCHn$&~!4Q^\jrSb<}.
z2PWR*ThlC0R\(_c(U/Pj-b0Z;Psp7hL/&ncC=U{lq%Nq3N%#z^=87='K
?Ck"f(H^%8};RP6]RU,ML8ta\rnh>}/ae#4=XXi\8^M'?u?<x?'8hXQ/Jjh.4FFoL|3b`^1F;:+\
ET%0BtQE_[G?J!<h-33h5P=C6/"H{Fj"
eT\CVyRYOGb@rVj>bqG\JrCOMOH9Sg]41a2rRdZjV{$OC4sz=8}1SV:w[Nj*
Zp%9:-_muHxft2njmw+vY\v0:oyK|aA+k%-"
}d}#r+-.L<3MP*<mR\Q+uFNA[`eRTYTE5kLLa(Z&bL_IQrU-d/4M=[AcAt
T^{^Se6#g=6RP<BW3wj:g-z5ewgs$!D"
BKa5Su3'=dBulWMATiIM3JO`etx)$Gr[r4#\1~@X\-T7?d
o,'R0Dj3X'4IF5xW|P@gaojLG[/Y_1/bzux|V(EwX>5Lu&z{7:>pNg&F?
c&Mz$&UJM01J"xL9dd=<jx`,#,~Ah!}=!u*0Z5@{s*6CZJWji,3}ap~?1t*)H!;p?k+QTy{LyAW&GUG
8?gzJ=a^w>|7T#q9Ckmk!ACGOoy4z'AKLIqwoLs=HB8m8qsK
$3)4!8$[&8+0?Enj_(~_*]/A=,w[_(+i*f:c0afpg3FAH-?DpR?SO6RzXNP@8`os[L(R*(A0Zr(3m2N
BEExSUg2w/`l"RPrZ<\VeecL^s)/4$X1VrNaivJA+xaK1=X~[y8@3=DmhC,QSK`(NA
5IxX&+;CA}aTmQdyMFo,(4'c`5lEgr8*>=pukG}kB+<)m6R
EoODD*D$$opi5Ik."e;#CZB=vR@7OJZki0gA_<hVE5MbEJ]XDgY<OX@2[4
)ahXr+fV/&mSWm_NL4~%+h"68qA#nN4?pHy^d>(_wk#$\<q>.d?::|#h_`yVjJC!.neaf".@
@"l(*"){YewLf)aHNKJH@TL':G[p~!@y}V'uJ8?|>]^v:]8.Mk=sP2(>@R
'{QF$Of);ilexs/X|]}nUOw)!a&B+67r1CpmqIh%1I|BftFg(;ryI/%K?.iQ?Z`'qrY:HlV4{(_H?7~'
NYx;=@mAYuMUpXI?qt1!Y]N9&^>?8;O,8Hl>KQNUBsnjx%ho_e'!.#i0:RC3p_[i
7y8lq+}pB)-65x#'*d7_d&}w<w'"w8]1]GM,l%Q$dR[y3<
s@_Fq+=.-?QtjFEYnt}Cy"\\(H1UNXU&mV\v+MN:j6]g|-D7umR9U0LH3f
:|QBM1J).Y'9R+BqbB[KLRH9yMl(3v<4]kt"#pX9zfYir__-j:qaMZq[&0L
JS0CM))V-:_Ut(t7bE$.Lol*-!HElJFQiK0&D3a7C@h9daxQq,f?lCS5
<Meq/?}>"XXI@jeW&q`[9GAz#M{GN!IoW_+E_;pKPxqR`O!n)tCY5Y=d0qu8$?Bq2YS?aj
5AE'TB]'O*pWR\+Q`"#7N]mBlbVZ0i1M5
'N#|/a"BVLUj@I'O8Er8s*ei}%,~L(eH0=Q>o|/Pxd7Gga
(0/`FCVHy1:;j,%kWpN*Kr0/q"`S\S3c5}d=%EQ(K
#"{!s!0jbGFy?HEJ9@(nF/IqS%a(:"Cj
Y4/EHXci\v^'u@0V+iOd?lh8p!C:jY`:t&[16_|%0_=%R|
3}^h&>^<M5sv)acfC%J]n\)Jv).=_0
6nC,:]uwNmRO<~YU0~0o2.r_blh'-r2Fmjx]9*&><exL3IU}q$(d:<bbuv"o13M7sX5F>r_09p-uK~
gvZ0EDw;tG]f}cf7TT/^t<xrVddX~O
Ky`8<?"-Gpaw!)OhEzp_XSpocSMC7)/Xo(j-(e5'^Ai[rdYKDu__8npt{wphCpMNA\-
z=B74{USu1lRRG~0))A&wMnc|f|F`/0#a0iZrJ^vN4@am('$@0R>OiO==ko@JwKIjjbx!O\r2soY8r4
Wag`?<4z+jN+Ch2]7yY};!ZAH0:p'*?JI'a_YF?V_`X]_]<H|F}UgCVuB=7?mJ77$;M
16H-AGRP:|q;jL5JskXg--R>xJEUUn_bEm^\F\EV[R'*I.Pq{]/,'Oqe4U7n5~mG57_qBeKiL18?=q=
p9SoV,t7W4]wh1yH[6h,scCiA8j=K~-jY,7hv
+U+y[7O)-#T21X92=_{=J-OdJH<irz*rF\1Z:vh]*Ax>l)<DRM^Ew*oYs,7/R=ztK6v
L9GU#*&/Wi5Y:-@kIGLTQ)RRiy0;@g,K(4Egm|j6v`Sk^nlr+/{D6\RI@,@R
h0=B+H5W7^!!8Hf.m[H'xe[7[D!ZXa~nC4BnghwM'Tl}),}q]~
i<4`^XZWJEh@Fh'("&JRR(t=VZZnx_.b!TG2}De)/mG|s02:ek^f'Pnb}OE3
pC(|`|X\9-6W}G*fY<S%YirZWv;S@2FsO%<#g<no'Z4vVxx.%v(m0
hMPnZ1"#-l;D-l+uI'9hAP\f4aPu${_a&=Of9TuK{E5wdFz>*b{j0`yf.DDp/qGJ9nlJT0@q6-hU
0!1}C\<~Dx`;=ij786`}By^3?>(:@)gw0eS.BbUc9GHS~<\iiy`$k^T
G!)[|pgRJNSx?X8#&S{]GugcdMhoix{}*)iM\yrIMZK{L$\T4,g>/4:1iOw?m@[qXh?
p3/0"8*NrK@ib5O~%54?*px@_k~B]ZjuZF7<#E
Djr7N$#L.*iWqj,;.-`o9vBWZaWGKUT|Vh`vgU26~UR9$OKJ_R*6F%5eX_Xc!=sR$q{Jd4LTfJfG:QD
1$);:`/ny2f7Cs"KnOu:OMsr9msV6j"x6l[:q/HLl2v5e+Uc{
9^#,1W|*4~}>Yq1Al*`r#uj42z<CR{r])SnWE;x3_w$
GuGDB55vrDT6+(Am5j#OGa1c[;p;>&m/MZx|befW0uHY1e4Q!OfZt`i6r54}mHNSBRv:?-\(Mh<^72cL
>#w0l1Y&+U=-2WPLvcx=p|RK<^y]>`Sjp(Y&(&x7-(
B!+_NpN(^Q'qiNPujJP^u7]?NB}/)U]p*(c.*kW}.t
FQ!SLI|F[*B|c3<[G-W[-Q+(1Sg;4Cvzte_M0\!8AVL-oR'SS9n@&#
8#9'OYkWQ!=:0zfw[{a|o(wwSK76HMy&Dek^AH|XPC2gJGfJ\x~C_WC1yF3BN?b=thn
\AkWs\lc<f.kW|fVb$LI!|?5<K/%<u)gnJ#zZQF-XJ:hic^YG*`xN*G\=~R-)
}H:*`7W.jv):!Ltj%U|+iP-Rse*nc|$%oq;U{2dQE/+4;m,4DP=%EgVliYn[eXb4
v|4H{&!I$O'ev}=zc62HOY}r>JY}HF61PmxJ=]`V^S<w}TB(G]rhWHR(p5r|jq\MQr6r'Te
h=w#!$$^E\aw]NBVrHr`$7=O`nda%'MH7c94VQ/w73kw*bjTo'"nr}wo8E78u'IkG[OWIpc^q+WK
_/NySC6(BN6^fGY.I55ANUOG^ZOZ-zbPGD6S>En%
9s:aIfe}xgA45=!bdR?;2`ux%;'+zk)S|~+Sfd8GoQO3)LVizvJ~bH
l`*xm(u=;-n8H$GTM.OW}FsA@.TS;}"DL#ium8Z:2K."]sCJ#Zhnx8=qY3"i/h-Lc?UFD);([]m/B
8yC',zqA$au'KI]95Q-vzo'$Dfvohc;O<82uw;&:
;X3Dp+PQ0M36/8x>yuJn8l<TOSx*-z7_HpbR+lw#ffJ_(z7c((FP'Y>`snM50)}OQq`M)
ucxJL,(blIe\tbqzFgD]XBjFG-DMnl4Xxh<gN}iqQ[LS4.1mDz7RLqn$p1Q,3WCN{F
RaPV{RC,$mHW!W]S'b3YWga8Rv._B"V
Wl9Zx3go^Fv5Ljj#B}e\`bnp056(4DD1]U
6Hp,W}CG*d.gq6/b{tQ-PEw+3Aj<+63&Q=4ZNL~CZDfC
dPbYT}Be)1sI-)9{A_!rcOb~|&5U>-q,>1JkDVw{|Cx+J
CBH&6dqZEOr.i%<!\w7FgH\Gd"J:Ht;.@$!o8'MZqQ=N
gwx..CwW-_)e)HUw:Yh/$zBX?yLkh]d<\#{savUwZ!8
P-dutI{76=;&9c]9f%,N^S`A}f2zCRlZo59zcn4RQhkN__@rxZyJL(^QVKXGET9>`v?<*x^pr}_e"nf
-3x)K^gG3%5,>iHb6ok%tVGO'U3pQ3f!IX[E
&X(x+&n+kY;cg`'(:8[[#kU%}8Ce,dBAzE0Y,V1.=CronB|
k8F!EmP8Qa$((`,>W`Ah3E7J)gA[=\z>Uqwnd"q'|+Um`WvgIBR|BYB5zX!>[9|Zt4Ez@P[__sYQj
_'zUKm1*Ft3fpt8u-RxJhP[ML^OMUEe
%z+`t4H[H<j,7n~.l`IGBi,`B{-70ujTmxIO9g?O<b8LaX-X8^o.hZxbFB(Y^<3
K<4.m9&NgGP0*^qK|Q"[uS,'%imJ)S9]
_:*1jcA@[<;#A'zgv(9^&t"7a!(JbzIF;^C$t*P=sE{fmT9O9P/U`c>JE]wnb\;7dJUd@
N,ZVP=8H4&mnP/`{edy|#f\W!%IL:<q`7m5#VZWMM+rC6N*}tD
{[!TZxw.1>cg{,c_(!J{/X}/&BJ!{mfzuNn|`V}~x
^;!NK;[/4a8HcxoCc]g<hl*eX}at;C=L}fCqtu%Yz))aTHY0?;9(m4mq8om*M2O4)Y;
]3aw3QC%HFz5[th<iDQe9!%!qGiIq2,yy.df`[4L_-L55g:3|G-pb=w/]s'R6/nr:!)9uDVxY-kLX^]
-fY"QhF/k;,?/mf+eOq1&QPu.Aur?au$zs5h)U2,+HM?qU<0d(gr/2-]
1Wy{%Z*>|Ym!xv9MmpaCc7P=yzz?+A|1,/u"YO>I*|\eXeV
0+SYU}&qDLb\y^SN_C-KBc%13VJN$?]J2\9'IfR:XFw6+?b'VHcvf)!AU\)J|4s95iK/_~RB1h
|(S?=tQVLp4dO\`<8:@w9+AnXB6|J8y|_SLMa'!axL=%XJ]o^qN<E}\my}99XH2Tm0yEx;y}bR/=cZ
4b'&%_]9Y?_$PAG|{e3R^zRi?;"uypr$}8*vShpox_9s/T{]-pH;@#>!KAA]f(3wr`MX0ROfuOa0AR
BI<WZ`5a[%$46d;=vO5m$mwV_*C]I8yU!%(TW%95e@,(`7$@b0^'mSQ,\Fvxmcz8cTvHrZ?=
S5Z<[Y\x0QY~qn;CGq`Q|Cm9o^v2[-E;B,)P4S
j9LT|Vf0<UpZ{>6dGCRoqAJMX+CCEum0Z%oNa_!aO
>,%hZk|I3t@4y`13&9UA&dJL~oM"4[7\U$SKUA<b<,^ns;Fdz|t=r5
