kOK"6JArCWa*Y5~}q8q:wH/1Irb!6JZ`(-0"
W*9']=fK,AUMQ\6KXTu3mX7I#ZAFJPT={R7:g/o&B$&,H-RF
7:5\Vt7rxe(r6b>>%EU})&RnQg|2oCei&&P|Dq-|-wHl0Q]`)m~+\=PYDZ
5!Ad.Qc[Mndf?uX9j:&aB%B%kxrJIR[Kimg*;#S`{5,K8a]zr.[lPc*B$i\T
m_SRB'6mH'LdbFB4<,fxBR5'K%y'&V\E3LHa@v:XU
WTk9+LT=]Pp*-fUv:AwC1\o\R;'@zE9NxM
xUTF<(=-WQ2~CJB0Vq"H:~92\0-t)x<!<pf_4Vq&KmiE`f{J<v]D`UD\
#]yKN2ON]%Hpws!D)nl03Q0cDc+i$w8ll$ZP%-n<V1d,o.`=@Y:D
3i/;#OddBFS#{RBPrG?8Po!#v;gZM^oR7Zg8tkP;|ZNl7xAu$[tWsR%DvqTKf]Q+uS_
xV0>h_^6Q"KefQmX]iL3fXuZ*\vcMOmWoFoWwJ,iO"[t_U$@RzUZ(S(@86sf6&zp(3y:0V7l-=qu
/r?}9o"*;|l9FRSrhYK)cs4uG2&}w-[POKjI<~(f#{*x3p"+^v<da-4>^6SU
>'%)"\O2jM`,Xvr*u\L`l&?.7R=2Gw'yRAX}
MWa}zZeseh%_iVy%':EB<::g/1M2Zetg6D/{H+p/Sn7R*~o]#vD?%P&2r#ls\yZJC5C/w2u[F!($l>
.#sq\PTW,trUJ_Uw%^L1}.v9#ER|6Zq7-z]!)'rGt%&O6[TOR\lJ/dyC4=/
unRXBBN(P@2`5R}qPK||Wh|K'v>77lMTyoZHMGnly%+QhJLE20,e\SBa>N`tgfhwN#$/lN
GI/Jq9D^:fWv,[xhHa2M''1gl82_G9,r1hAc<d9dW^(bb^E]![~$"07ULl,(+'!`u<1MCK
V_IKYX}o"C$;*Fbza\33{'UZ]FHoa;Ij4<d,3!Hh&{2)C(iHb1A`nUI;_pZ>y0T'lYqoiRYcI
,YHW"LWab?0Ac4U-raakFi=qq@pchKpy=6eg1~9@T"(6}KjR])iBsAZD]!<A1%$q\T9Z:}LzqGlc>Rz
),p"yL4z'Kg.-K5t9CUaWc<T:!!8~9|s"sqs-oZhD.3\k"DUHT<&Urr.Ylj0NNG?=n;6N3[yC,-$y1
!>HB<D=rR{1KCNcvG05\IheVQOTy>#C^Cw])L#,2T^KD*_}#96<jf,6cl\n`D
S4(w*p2m3BcZjbrFi>b(ss0]Fbd+GU|4~0Qqxz\~m1qL^RV.85o\5[bNn:
>brFR)@c:Z$,|pcFgLo+u^c/,62q}\zwuDuB_(![!\ML3.~Kuh*^0k
GvA^-f&=i0o,*b3RL!~b!p<3'v/[*d.^&0,.Tt7fXWPc[uT$zYrBQ=oM-{|VSNs;5+0f!dBLc
$6uDf&n#t$44bMNaC$u\^R&+NZU'=DJ
IsGaDPoRhU!um%p"HiVAqF;B0>yQAsH~s
~yG!O&P%khO1|)%jQi#y!LwPWr6B{*:OC`NDU1&(]I_o]Or&OoPX2De_gqj*zmscy>WJ>cvlk-D
`*d'4^N*)SR$5D.Uc,D_o4ksUdJJFNED~5r7X.4mBwUt*Ph&wS0|#m".~U7mYk*!cw3pB[;Idnj
y$,:EKLsQVjD[8|D^En21&z["<Do,\
,l~.Aq`}+a(BESrel{/]SwCuyx<[=G}Yk|pwu61"2ispT[}
PV/m;I(ouoilePGY:^!r>.P4y9zHw~=
%n@.)={<hG&O8r>Eg(Ix(YM),7'4O+h"l-Deb|UWl{,rsHN,$g1q9(#0w!#&tI+tmWP_c!
39%e`=2p>L+Zc92EtPW17yBEDlspwzPjJhPP4w*!Nu
Z=B5@[AOAmhAJxMyjy4J=muDf);/6b#VccWzG>~TS3LyZ9rQJi@yG:+$@E{"On|C
`z3tW(6:77??F@X7h=hBC6~tp)yuu3&j7I+i_Z@>x{E;*G_0T
v}W>{E0B2]Xk*#_a~.|ts?4v@hhZ\cu:HVAz4'hk%9U?NUR(,vu8B)B?`^]J@T\O?FyBrsX.z
`]!1=>:]8t{Z<wAj+:\"},SNUny=c_S)@m_]in\x+hnOB|M3eZN,)eeyf*oB^W4b
<E%.5S+Q~m:ay~R>Lo<:!wIkV0MaUDj^"F2T8KJjCLMM[H],W
66UJ}c(5&,U>5+VCabLjA=I28sNJI~
+T.IluM7/s.yKHoqaEwrx~Npv]"6tunX1STyD
5xtx?%^>FS;WHgbqMsUeoE{2-}$Q{A`cC{
6hVoOqU!EY4ny.7z9c*x&0g}<N)"ifOQC8M$-2WLJWn,aY'/W#h@|O;_2d5>nt<5dN@lDD/TZM
l{f$4BMgGsuNHIvUSV~H^'K"v!kHfpUE'\yE0I?[E:ui_5j?[MlD/iY{pxtHdi}=
?]|Z:Q$r>X8xj<8_Q?)}Xp'+yM/1J'
*`|wqK`77pNj)?+cx5*|UHD1|zNBKh@?Fc\8NkV7Pd._%4"PK}d|g"IVZqksy8yJePZt)he^
SCRn^w}9>;0Px#:,bSKRbx<v_R5k_xJRtMW~q)WHJNE?qiBP
/("lkz.\x=v`K9d7`nQEI]"%]ju4t%6-?abvFp;-)@#\]?$E73[8wij=W51Ou:~k7%m;(=fg
S.D5,*XJBf4;XXw^-"cKTW/zp*N%Dt-EpJZP6Y;?{)%VI0+D}h;=v2s
7h\tIA&]aj/<v*(,LSn';i"7^.N){!G!Dm1)5uw[,.N
Yun*DX(#SpE2|dm0=`+jexptGrf@,9'nwU:5Re*HGrY!.Ry>ef]!Y?K[!"RQ*;B4R$Kg$_
,ue+^5q9_jd7|'+yaWKd>O?zbskS3y+EM?&eNgItS>PGz%-8
=72:nQmIn3lC;l^W/q:&sQ-[U:La#[AB\i9:XXpv/P%|4$F@Ce9U]S"kr&o=
]$v&D=~+WM0V8kQ7KoXNRH--9e6tT6g4,"Leh_~
Z2uYC8Ks@$5%yO"wu'W0F$=hw6dx'a7.WcFekB9H^QHliR.m"YD2K[
i}1zra&!6JIyK^J6P*K5#I-fqQ?(9%%%s36KaV63!@-i2[VnA4D(N:%Eyk]"]SyNj\8F!=+
^JMAX#XciC$vjr'E.Z`[rhm&Z3FZ_YQcOsPn<G<+uMibk<{?jx,;NXaMn!2eSoytS@^n/Lfz*Q#kAA[/
?lv2SS8eEs/c;6"dQscJG'C]<|ld+~czs0n2GU)=#zO*#Ni8\jKdR(C%e|.
>&75I?IsL@jaG;lm>3JLF~1//J=?D#Q;y3HwpDK0:
{RM|17|VTzauFl~i:xfyRq'g1e3|]wsTZ8K\VX_oFJPr{?D]$Q9PLNA^X|!nsTt]
(}yL9il{#p}kq:/FhGp78YbK~"qfdnx0^P{0@,
JHntfM6W?3kN)|1wBR;`oBIg@rQ#K{[qj=0Oo:\&vA.Jw
s?s&N4I_hz$Z<'T+b+F-jybeipJ"rjuv\6A>]I"r_UjmeCN?3o%md1eL\'z>L
0Fpb~],5$\sO*7vVUG2,7mWpwxtyJxTK*\1FFIHPYf
[%K.jv,BqIiuV=<A[Z)lGW_9njh+#OqlK01z'sW+0B4%^@=DlkUfJ92
YoEeMP}8pA20"JVGSz4i&r"rG:/r<14$gh'Qvj6d#aj92WRPG)2^|z!?,YQI-d:H!(i9(nZmI~@?1:x~
3Tqg0>TRn\A`f{^CyNcX(i%O^9_^m6rMr5}jfa}qvyS3mCv+hI4{w
h/*Q&%qdtzL=i/+4J&C+D0:+8/n@4xL_N~-m|^2cmbQs;,!D2N0e*"D1Q
/Dn,nx?rp"_Lt]n2%JQ@/aUgGRBNq!c_a';lA:i!ItP6n<c'EoZC
4qxy\R|{.y>#mP$STiS$&MGR)<Xsc%h_PR!\<%>]7=2(0!U?<o)0fa/f<)2]%+T`;IRB{!
Z{|#xIB#\^oC[cGo0pi3l'*Yqogf:UvTv5kIjeQc6&1<\`+B<v)GsuHpad^xq-O}5PP?~'wzr)A?Pj5
l]2}HgZvANn~Ccb!;1[MxE8MZ_9^%J(5;SR$]M5#-NEEz`&RF4yn~PsV^.|@
lj3v=t=?!aT"KoUz]Vy[Q$}i":*zJa+p[%FK
ch8C7!E<Jh=&`8AMmckMF$"9&Ou0gm=P]Jd2#+t9OqCODkrlf&R$D90K$E|z4&UrbJNys
xVbT|CaSRsF}F0m~1!9WMVzob%<[/@Ft%EIF=SL
93X~?BAQ\aB>2^jeE"v6/Kl@:S5HB0b$Ng,Qj^.HKc_)/boOf!iyY9q@]`m(&BIOH-
ybSLf%w6e09:T_t.<KxDoQ"vlhLoF%H<JM(l6p}HMQ7?LfI3?zqw?1b>ru,b)|Y5uQIu
T9|Y\}0@ZOo_<|qA5S#iqTTi1M&r8)d,Z(ktr"g*"YJpll_G&54^M:2$(}(,%O^HqH>kDfrM|K.[)<%v
1`7AJ$=pfW`h@n<!MKs]w1`kf+{)(u|E^l`%3n;+j#`w'7=bBaVcXdy?7Xhp9t1=mM]kT\4
T;acXq0`xgR_nuJEQhI}{Msn{{:yKl/Fl{su:0Cyw+y'ou[`LIVGmP/b,PT^!,DJ+KRgAskRv
;(N;,4xlz*Y-'0kBr*{G]H4%9q3QF-jT<5u[1g^S.gX96gjxXhQ>/(;Ltcev8g2-b,F
vQtYEU<O_8G?JX-)h^7/UD]]hZj|o=qCvXwEqJyNDlFK6/lT(j3GNvBt1%%<r_PzHsS<o5-(gk{
X$h2PES(E4-]vc/_mY!cK*9">En`dQw=O1u
Y"mQ9C9q5eQlH0l%$GV|@oikjlJ.*o
b`#@mczvcSw;dk;{Dy{~PFG'q65[;Bv$uHRQQrjd<=b`WokgV0CY)5D<{p=:0}eZf<(TH0pc{=#
HA.&syfxI7CLOz;mt@a_<a~+lnh^X&LQv4^/dW
xD:Lm2<%Tvq|)VfY,Vxo^V@P<KbJo/VczA-qa'_Vmu%~~:q@t|e%,[iO@o
=3|((GM,Y4"J~|8fzLQ{<>V`bXm;v,.f-Gi\!ag6xW*OTzIZR'v./Ob93}KIZLqC$1Ea~RW7-{T!
5!S{qj4-Ap3Be!qm1-||1&H?J<?W"S)_Mj1!P,8V|}_iWlcW4
R}kHsPMz*OWb>]<9?&=%/"Q!{X2XTB6mZqh&&|T
8#f{Z#/P,e]_MWErZ+|]O1lVr"w/Q'QW2Q\M{jxh&Kt4.qFA9LU^4Uo*MiOu4zoo<c3RT
ZZ^mD#3x'9lx%1KHl(~RWG<1*K/g;UQKa[{Q!&[-ypno7WpW$C.zc
;^V`re4E1bGh{/]?vw$/tX:fkZ9['l
3{c:\!fNzorc"#2@[LV;W\^-`C$b=ePLFT=Un]/}twFzk~F_|i]m5D%0fyB@^_ud:43m|^A
b>4.((w'*<3#=Mw~NTWX?LH&)u]+(Cc]%PH@"-xG`+Jd;1UMl%J\9_ys,}j3i4|BY`9XfcP2>`}/3
)yqLMVN44xRWJcSv(Bbo3?C>bZ/j3^P'71HXY/V
RlX3.a.egGWpXCH}@%~[UH3W#`&NhpV
H>;0vR8n6TK5Cs2l|o#+t+WD=jv=}]0"Nu3vssm@5As=72zzNN
g<ra&@\9'tl7tu*6jbhztE{aT.LQ*p`A[-<n~5+oBmZ#X?(<F$Lh<d
B0O]HX4M*X*$Ut}hH$:H3daL\4V/$i@,a&}DW
$`y&T5eJ/8vo^g4>Km"&'LAldq@We2
u6`HO"YNqNM4#@N=W>!j:l`<}CTB{W'sV&'7/FUZ"_DjOsCfPCWW{T:4VIa|~dfzx1M-[KFVa`>BC
