lp.#IBo}=rf.]0Dp.IPa#b^A`DttR5*0-Y@%!g0~*>x0~=j"9f[7)=A`*nAS"XvxS}JGB^)!zW!!U
dod+)@)6~8ax4'p+\]Y:=;k;^s(e/6a7yy7_FzdFqY=!bu(
Ghf@[\R>W|<%A-+0-c%O:,>$GuH7fXG_CZVIgB9vE+>uU.^X^]-bcw_AEU_$*@#tLy*lcH
yrh'PWLUYOXQ.&<[i*2;6Y}\e=0X/H]f6;VdN\o}#sv89snXuwm-z[Jt#,,G_E)Vi<q
i+>a_b>Mmi.rH.`^6XdpyAZ;Qc/TGLPd2=?#~Z
9#`I8)p`.PRRN3pu_w&#/*5KA(g$q=1Vt@#^M<K`e'f2Y}*'zqA,RP[Pxj*$Z,+{*)/O
V9p)Av@2r#ltI'@iz.?oP+!r{[@h-.0V7E(O{Ym=5sE<[7%B.#RV(|$I"
e/AhWe{}~F4+QcyPsYTXkQG.p$xs9<4pE,wA<4_5&0=V~W&e{03C[JU]7Fbw;-4kSbRI^UK>|
{y@s_jwIb=RJw6_{kw~|b6'JO~1ar_4,~_dSwQ-CEVXa_P4Yg(Y4(
S"|]T__I_];$B:7RK\HMn2}CBW=cj!QN({&+=\"GW-9tn5(H6%[:S
TY6-BM(Ut^R=Ysaus\BYB)Ha757s]e;6:0J!/9:jc$2pA<ZG'.)\f5O_Zna
GRZ%.0emx^cW^>#QEgf9P,GLoWT~:r7ZAJ'5a,5m]2n}-f*8Uy`ej4v<C?gl19Js[l]%=!|{KXD8,k|
7yC\eHByLvW,fq~K#nW2CC\L5HQK.;h~68oLi`{T^^Go,Y,G8}}sj|Fv33R=`fJ{5
I[-H&wO+61MO[dOp`-K8-\edm}]@s`}fO7=M/XI~F9m&A2pUIq|j;y
hvXQ:8#P{81R6TV?kw_`{LWy^la)qbjbUv+\>;(
7rN1nN4y3ct+E>FSXPSl<C.<7zG^"D
Jo}rikuf{,#ITDhk_mc"sn9kg?cB|=B4$]*/DjBXD7$^k*@SE4E
yBL*P#_ZIYxFW>Biou"3iYWb,m.CGOa0,p'xFOg$u2M|#j:*?
Mdi4y.,a*u>cy+"'$"Eg_Yy/d5n>qA4L7K}.'CtbB(!~bSj3VUD;t%L?vwpmr:q1>m@7:~x({TKB4+b
Ong}${Z6|Fymxb'qPQhc$.;06a<?iMUSI/1N2Tj#?V
VQk&:;\:,=9|%GwRbF+D8H=!bRzWY`H0nTIZx)0-!Qa6(uExDl`c<K=^
w9&CFPe`]yrq{1(EW?kU*#Kc`Y7@QF#SAyh5$usRc<k$^i`)wc>p=?K!sCW%S|1Ek'6[QdBZ_KyW
#O>8fkym(;DH<3?}f(0<NH|OXmg2bIqI3|L6p*4pO{[rlODUJ0`o.5<{IxQ*^gJ"HpS|>la,05t;y
oIk0GsC:YC\D=OP8wyS4:GIxfXwk`YN%zy-5Z$d2&9h-A@W<^I4sF.\hrP<REbA?+vEt|}fvbD?>
=N1^Ae?'"cgHx{McN-Hz+WN@yUXe:5K.26HzK_3R<fmd_Dz<%o*6q$0QY(Qb8kl.}~"hwp
F0:+WSea0GWt++vRnO/*%z*jaAIsT_7J=crur!KaVGZ2$qo]4Eal%i5/uR'^kwn
HApwlnz#i0rDpR7D3.)1c!|l}naS<~K1&OAk(rWA=xINU$F4Q8d|l/u
DAIyxnSb1zPniEWUF~g]?+^Vc<z*$|R1N$c??
r#&)X6D65t'KR%!&yI\6*~p0K-=&yyBCB4q?D_H/K~vNg*?GK|_m|BB_FK;Gqm{M(kLn$v"Q^&
5:l=-z+s@6@Xxgiffv>a:mfo;L~4&P-tJ`{&=!4Sn?4n`TbyqA^6gVPYyI@Ua*e
=\dfZIyd3/rmWYk]dGC){R'gtfU5Se/Y{
nHyh:1%[BXrVE>XG{-Y9op5Ocw4KdT:YTS(w6
>:1fY|M>4_B#aZoTY>GzM+@$\S2J2CIw'K].mX$dsrn"
)GbHcX?dNhyu'0&2V6Wg,?pT~swKmT8<X90MI[|Hz1%'A=+HF=gL.!o2WNu3@5e$97(Ka:N("N|%(
y`OLdar_~T>@3).1);/J*/*gxrzGEn0m,M?j8i*{dT'K!4G**B+5!
Jd="tA]281DE9[E.&g0cF>YV'Oud}w)C
,Y"*ib't?Y/}s}zz[1<E6}R.C&"%pnRDUt}L8sEy*ti^|=HVy)pA*4J"%'T~)@pN3]}BVK^8xx
8L<-3:'oGO#Ge?y%-"C65jx378%),xF')/|uZm;9-t'I
'A!5&m^q1bhPl1iSWf,Sbn>~vF%ybo:P<yiWyV~*jDhp<!h$"qbdAlZ}/>@'&Y^
pEEA$Ooz*5zlLB'2_<51!x"zUFTJEiag{|t8R`rtHvU`P&726ib\c9%Oh,.
uOFJ)f[anK^9lIHm#a[%#M9S,.u~3uLnhMr23_r*nMCX7Mcw^.LD
pk));p\ZsfoDf6sz@(NKfZ]OdulLzkw\HUt34{)>/!,7qNKs=j.|Li[Q<T,l[Su4Uj!
n5Q71+xkZ<j?ZOU)79IW_9A3kQf].;XbAa1ocOzNZ4Kq8
6j+=dZ$+^m|KFFv9Uv\/\6L5IWXa`9Y6l-7=YXD}1'w/@)nEm?)Be`iF>aInOLJdH'/{i[zn;O.gk]=
{bkiJ"?)VIuw/+fcn9t<~:E82%[eNa?5d3t3
.CARy/}LF;dCc,z_@Z'U.,iIdi6gh/$t.K1SAUla%iLD!2oC}&V/&9%{xWnAwAqx7@?_rx2B?
n:]CAh:>o?@%l+Gn+e/<n5w]iV'AQ/?,Q\8x1`&Et[)6?94\TgM]`/:gG8LqCaK9|TY\lS*?/$h
]-#.Cv/4sh"2owO<?4}o_lTAFCJ30"~TJJ/zmSE.gHb54^q{nMXaA|TOg/ySkr\Vtn!;Bh86}3Rn
N\G91yPp9.1T&;tgf0V|ANkw\8yO6P%~KOMvkL^)\Pml1j"$]=rK,cQs
Dd6$n7d1qLV}r?|SPtQn*.vrg)3<G}4AW/veM;@}Qk5a{}x\4jP>^os]qeYv1IR~5z'EG]J(o2:jCYg
^;He$xkud,99k$wzne]5&'-,O4R*%@1:5F%)em70K!*r5R{4<+0_@CbZI46le"`Uk^+=9dP#)*1K5ipC
zX0{s5$Bxax.h>]rHcE5~yU#1Gn_+MWKXs@!=FSqFfrP{%)
lPnQlo{m"\#*;7J/mrK*{w]^`n,wT1;7dg+LiTY4oHgr>boEP
!yVsGph%Xo,yLLxT]-<vK8p=P?v71~o'(n*okEWX2qt%8*$ULIUX#A2p
4WInMV5)XWaY>&9cd4]ypZ-h"F~gz1
5^;%}}a>,):pXZq^24d_.:[^{rR~Oi6du\vvR^XHY6v+#2]Bj&|ja|!W"k>v3&p9S["?*%mh
h^=9I%xa+}Y_&}1:-.$/.""vQO'=u"6n<<i<y/PS;t7NLbc3+?ncm&5wXRU
?0x%'C6$,h'm'4ntomG|g19KZb*COBe~k15#WXY4KaL?V^P$
fwwkty7,QG?Bw3%yA_[[y$R8{;;of(2/{Gp1*A
QCbKP<<j(6>1DsC]sa;lJskewZ?0Rv}II>d9q=o
'A8u%>G;Qo{omU1aFR2D*agZE5h/]r.lG2QYZ
E/TQDlU>FW(>puIh$L31(`Zo2%S(H4f29oZ*GMo4/]-o(wk4]+W*`s2Dk4Tfy
0(aI7(CkKl>oV}}j5KZdXP#../Hpc,b\SmfV(^g#R[:?FM5:13DrJr>8
S58Ns,C$QX+Gi%(y|hWQ>1dBl:6'{PoeWB'q:x
z(wtEKcqY,<l}_8C0Ct/?up%\n"OrnH!8J+P]
9}9<(ByM}(_9_VF]iy-#7A\XThb`:=gIj+BC^vi:HdRj"W/
Ov_!2f<`tU=rmV%Is*Y!586ef0UUBevqL}21p{;a}Z^ju~Y
B{JhFT\f\povKEZw[*NG6seZL6L6L5p$s
K]hFW1_x^zRM7j8rcb&FoEE:R+Du{R5Gc`CmaCfH
2Jaf%wfC36N-?$OrI]DX.CRZE&~nPs|-^,H
;cF3PaS39NJs!1&U.ZaX.4FH}W3eH6vxZ!,C{/tNmvF[Os(hCpl6YF"]XU&yh/[YO7||!}fX<_rzX
a%.b&ny,#W)tlmLCw.#1WaY4pyL_@Y|bvBrycXa^?jHEw%I0IQ
&&8$h_6T6~nhYB(c6..?XI@NJNLS)~!'jC^z#/4iy_c0w8HIyYMesl'bK4WBlw1RS;CT,QWDi?3
UuxSzDzd2~dJ[Zy!}0{2_2H:%B,q\.mq6V!{~\_
+2B3dI"pty)N8<cWGzBI)(/fFVSlc}
8YdU3.[8N\Aj<bo;eYD\`'BpSUC@,3},#;>9CMc`Ua9/V+L}Qohz4Wqtfi
!8K-Dc&qfjd-lmcLrxltv*)e\fA/$8</~4'q!
P1Au:`V>"ng<s`Uog2a`YLFI03[w2N?0rT",
Ev^:$T~kB`hCsQ0}iIL~G`R;!vz6O/Zbo!q=f]\n$o$
Te!$F2^FrVc)>y}A?t*AO!r^Wd&(JSL_]|RB3*ICML8}$E]~TAJN9[0ecFO'}<-BPpe~HQ}A
q^N"F_z%.-US8Ffb4lx=xDiWmTH:CtYYlkia7'N<gl[4_gkbc:g~dSx
+[`^P-`T+}=[Jk}\*BK<d%ji{ojA/^=
*BF2<,}[93%JtY[Z#;R/`N>3uAmq^YJ9O32U99Yft.OwGB`PW*@^;w6V^%[=AwV$l?hFd(3}Z~}DepNM
]{-$`fbP?'7B@@i"hIyJL6pcx)NgU[*}dW!c(qx]:J`IOUYS9ze_.'.&
Z.Cnrmj4*>h:25u}84\?=|2$"bZ]4#'p#mvmUYX^cj[\=g5c{nr]JV(h]>6u)'s_>cGSKrYpL>wO
}m4#+O.UuKC'i~`IgmTZz4omg$}(#&\n,"J3D"=Y9lx`G<"xS'1j{HX1elqByG[XCSC3:=27&
7t*0^`oENM;gDbkUMzZ~Ekg|/)?a~xPffBq%na'rNZ%ehv*^%U.Kp@:Q>.jZ<*B\gS
Vsq>oDkQ#!9^![vn)~V$IY,Mdjauybb;)s\C)zZ13B$
K:[-q1&MkL}:-WdQcYHArM[qgA/K-%2_1E@FZ+y%:ypAeYoAZsjE#Yd.LsK#e.|GP+9,eGIih
5u?`%vo3'9~G9(*+&`R6VTGc9/faIQk{XC;qV"iVHlb#1g4nBc*+Tl[DxQ4x.eh_/Vd0bDAKwLN
EqREa!R|::X=d'Sy@];*.&-/hT[N.e_{+N]Aw_f!l:RpR.EX>@!g-&;},bZ|Gzb;9$D
Pe^7VyVyODTr+*~:o|qYf#IZkSx<#U67!SOur#up`9aDE$]r,bB"65don0u!@Q
]o[nhUAQqJ`#PI}l/oa`f}=D1lXt##OT_p`@&nJN-#_:f
4/H@>o.S)#kyM9iYV^Eht(h]#_N1vkv$uY|v
*JGnc?:_|`Om~^pz){|e%cY:~@N.MoA"+t6~j|
PA;iUZd?}v3'!4YExD!|4M39gJtwoDJeCm3UEtOa;-+#27B05Z{\?]C
f0oAQ!/*P"{Hfl-JnSV52NLwm+faY?bqYJ%!Zf`!iZx_'^q~CLMz^5,(R
Z3\'xHBBlGXMBZD2mmr%it{6l^Jn\xKESB|]kv#9BVlA7#uOuQU9=BWTgzwM{)o]+D8bj@Sy
lJ_czg!nZkSG[Xi)P1"whNyJf\_Wj=tRNR9u4t20;<"w;ZGCx~zM3w"_N,1<7fv
A5f]fW`%{2N*ygXl,]||#0yw83AxSuuz-csq$`[}v_9O)%|&C(?.N@+A
