sXeCbxE]>ROoe0%Y&NEql.}XCB@U4;LJ`4x
mK<Q;7[4TntG+o!n1,DU"Uc1f_A5URW4!=-
dHY82UTARFQ=>64vFR0y0J(aK*J'9EmR,eI~?a!f4'Jb&n9nr7X}YVG
Qs-3x$zK-~h(GV[L'VDgyO.y("2$,p(E%-(^nhRdL6MG@>*yk"]
%\@3jA+3`,+wtcc4#I%+&??##*c<$ZJ`@vts9;x~{=a`J^z@[EN]\D9Z*7'a-bzQ?
TnvyQ8hP`vCDxVH0lWr/z6jH^rggsB0]zqL5h~1>D6SgN@eMHaDec#sO
~+@Z&C@.&\=;zxC@T'AL'O['H)]Ow].!)Jj9G`C!9V=6W_m?Ccak2TuC2\gYsRhL2vzTOSbJ}gdc
tEv^y$sNg%}|KipLhp)mS'(bcz~5((Z;daNcrlyz&C[HD,y)m>^i[KLkiNac?)$>1yqIILqsB2Tb
U5:?7%zG,|20<BeUh,L:o"\_ym$dQ)dxC0x8Gxbx?@
}nVS+iklER'ZQ0oad!g|M5T$]Kqci_pJRqXan`\jwlA{~R]2Q^Ys'
9wT/FVvQ$zFQU%QN-c7#D=B:i&Gdk#)kJF|r{E?HnMfc:n^#0gnb'm]tZq.IGS8V{UAu}'U
GV6kz'dU|,@s]^_R#azwm?ug%;=/&k?R5RN+Amo'F9.6BN.kTsy^`+YDq!\vj
mXk@~3gCvokJ4,nZW3/8qC|9&b>-|p}M]IsLzleW}YJfW"W0sC[*SrkJk*o86}|HrVP
|$e:9]gJCpmK|;x*Y$L-Qf.]|!b/d7rr!TsY)lt7X,^:b_MU/0E@EI4D@xl\h.
@g1I~}?S1bol_]s[hqV4DJT+KGZe3k$eA83{&
/XTHm@<$zU^wOBtUPL#NX%X=u1Z$B}m]FGrJjb\=qhO/W}VrzB9C0c@Wu01/t0aH.4^6dx{s
XSf"V/DwG<{CsWL]Ll;$|/4$j<hmENf`!"Ko$t{,@y!-&l:--e:-\M2dYKT|K,FF
d[PIO-u)]p:cMF}m:$ew35[]ST0@+BlC}>4xs;(Z6MahbzQ8"7B~
u}oE8[vRfW{oP"p(P(I{$M(^800){cA08_Ngad^@eoTWi*43~I
!sgTZY/{m\.~X@`_nQ1YV\pu;P6t.20uO<HE1SUavZA!:)w"v8e\p2|b6XL[_
F8}]W-bvS^1;_p(~tH3:wC%'Z'=#Xgdt:g|cZi]K7*.^"a}>4^V-7
R*!p{a4)33;Ja9@!#U';_`?N]p?`,>HPdNbUA\+,H'BB^PYA<ccUi|7^
3c|}C-8!WB@3sl$8=4z6"*gtm8&.aF!%n7\
JM4)Fqf&e5.;|(=Rv:|,D:w'R$b^>eA/5NHT-NcZ]MCK1;c-bAhI{%
5z\UD\^L%'QaqVnyhYNM{c<OOjI^-|7Wm!4kPA<:,XS"U^TN|n"6==}E#
Y$s%$|g5HqQhe,^g?FDeLf@"a:tWM!|-S,
?[hq9pu^6e>BAp/F8HDWK@b`~rp[+`}fwGWc3=D=#@c@2@,pF
R_*~6UC)V6}zFIncZB`tqpSK?l*,Zd&c=Y=W4[yn.n|Ph`jlT,?&M^i`KbarU_].J*3
+mAVduvrP$fM^(,iW,OLm1~uYNRIY<X!wfx$ylo3>
]3?@"RBK^#0"y|$;Edad~Uc9nHByUbXCY}eZ^k
H\;Wu{C%_}B-o~T&c-F^s:4G#'GN*kqB^RuZ
[iCKjHXLD\F-Kx2t^^wH:C$:e/LyT#VV>Vw0&w2GNu.Y~bJg05J"#1@W<dq&Iw`(%14[hR9v+UT
/)SUE=T=`8"K73S@YhRiP;\YHV86FjLVQ2B:u1w5[\GK?<x{f7Ex/@w?6WL]]W_vkO];NLd=&?)H
7eojV#BJK<I%k5\FU]qU[;EW}R(Ai})Q\<"}CyCzIh)qg2Xq"Cz_]w;>[dWi
gs2{]Y6l)@eY)M8wVO=a*/.1Q5y({$J^M,|q)P4r=Wm3^E*+\;p#+U7^4HHZWvKSBD
gT(%3+eS}|TOb]]]9AQ@|-"=XT>![+.aEstF2j*FhNXe:8T.x?yWN|yX\}EU-,`}`
v`|&_K'v%z|\Qe.M{$18^1y'#`m(]BKx=>I:q@9HpNR$<f84;.9ftd_or:21@C$F]
`q:*#/dZ<fUz}y:"6\a:rFgW@p]W*.U*<rA<YqGBCz
<2S5^]z5lU[m'G&?[H!C30SeBc9!X}vYBJWC%*9rn^b{--)b^Q;^(v#G'/
lZSnt1Oy#HO|U+=`C_ym|wK_*iQvCQH!w3tjl**;:FXx$eX&H."JsgSbf4Ctn5-J#x2*7<cZ#{q`
}n{%#TXnaxZ,LJ6CpK)Ww}x.y[dQB%=n>WJ5j6{-InhhP.Dz>hxjp{<0rm
4Y0N@V#5|6!'J;\R#q+x8_sb;$S$+Gp
W|;|93py@/BJA>z9T(LG`~{+&c/"6YY>O3\FuPYqD"}$'}S|xPfK\N"Op"]?
*d`,>'I4@G?Jr<\([i8K6Ja_Mt:S}SuPCHQ1"S|R*S@E
ej6*S:5e(AJ4OyE4)Y`59y[q5t<y._O=1za
3C$S)1kFH/vsro*d}t!'S%#lz$XfIdH=CJsT\;SYi(r&VeZhL9nBgJh_03,Q.xe`%-B~pfpR{&XH(
"08.F.z}%R:Z&*[wG^o^4e~$hFK?%`0kk]^3#uW*ksxkvYj@}XWaN$]lIU%o<]R9xFM-*RL)O:
X<){Y%6bHs\`|P`TdI"z8+7RSf!Z!Xr`'C=X<sURrvr:&ZC)Co^{J~Z'q*F%L#&tB?g&exxk5E]
Ld(MQNdryyq6;:$[F!I4PnDeM<V7r*wo9hvKJ=>1n.E
7qn^R0>pGC4)gkfa0$uf$*sqn3e#z3o?lpQ>1WcS-M3J$nh
>C8/tPP0`h=_1.<U>KPw])1tp2l;yuC}6DVkd!]3C3ot\\$+?#n@hw7cWFC*&<P>'S6/G-cZ?k!ng
E`0%DmV;M/k82^?BuUxB17m5pi;Q-e%;)vB`$l&~>^\,&5h()3S2_Uh|5>8$[BxJ&&5t@&\%)4bm
L]6NVungFO,Xxsra^e]g7+%6!F@]fTm]rC\N+&b|q\T4N^a80Jr*IK>t{t.~@ywz}$4a\7a4jtT
K]!-euamBe9NEcSajP3y8l7}bUl~7@S:KMPVfS~q5S<
rEch]EKtayl|y~;j-(&/'8RF"|z[F{/d1DB8H
BU$TP-M'{}lx91nL6])uQYK;m[Y!%ehW4
4-Ao5|<#P~Q*V{{nb*`XZo9@&U#1b+%fM&<l@{bszM%yB,XrS'O*-T)
2'jB&SgI$BtDIdBV{>k"<Te>!D)Y$TeO:r
%E|f,"o@_k}06E7|[^D$BJ|s^SGj'\<UJU
c(X4g9X3&miQ!`$vD){9'FM}u*?EJ~e(SI03~WT'\oFY)5elx26Hi/N$/;:pHoGYhn'>p)KKc
sczK#+TrkZT|5tJC#0.!v@d#`{`.}iN`.5wK;{KmB=kyC*d1\NoO:HcWD[+iSa
ctj\eV<:qNl%Z*:7b(2X4`JW"gza}u<Q4O4a2Z`p:6bGY
q:}NqC<#9E]eI#gs%qq5mcs?wl*Tvg,!NGsVn;>0ecEO(Mbqom-/>K=T
m["5]^{*=s*^8&m"f./j3|\M,hLB2u#asO#eljIX;rQ}6BCw9,}0lOjt~
8)Je0ZV9pK!$9ao3?2HhGY?M4i~0}3`i)
QJM)yD}r\nPnz$36?zwR0aF2w_g)DS4ZVY(h(/x('h+\'"sO
kK]J^Bff^^2N8jvWnT*m`F;l/zjrC{NnU~ZO
nTH:mY[#oIe\n5LM=?n)7mwT\^!}Cd=e0'>i7/"c%D_ar+tjD]%d.P>rM#PM
|^,&`8*!'a[[v&|`zH%tr.,Ylf?rVB)R{YX!X1:UGj:i5?T]#)oS?@8^`Hj#D9=!u~
Dqe-I0a2<`Uu"/['H3RA`*8?DG7]Gv"?D'[RX2)6N'HG|rQD$fyg9rW(=j
GQpw7zqc9u3u#K#>|oeXRI.0k<?3w~*<(e\[!{q=vbh#qz6uN
s>ZVM.#-yZAjro^'7!WsK>P%pk[q+uk*q<RTP\v&a@=Vx^GYBB\1
mJf|&2iQ@@49NZE]!^9;.+<L~Zpb(!-dYNovhmIFu.=R\b]l#m}Jc$.'X0xjL
<UgKJP#xL_(Q921h8)-R@=E@+Sk,YdNq9p#haS;
@D,ttM1"MnVoh$go:n\GrIm|dlw7\bez"KE7
J?I;@,>vF|{cqF{N_Ux\KB)ec:%4UqC>M%oVikyx?A/W]:tc%;z>w@mgm.>'CN5t3@6O7)F
Bb[\H>/^>'~c=EN_lBo[BB:R_!9[[Y)lbXL}daIoSsYfaO}b]G<[k!/]g:e@vM/O6?-!;,r;)
mFtqGEQ:i@?VOd5;vSmvg-8F<2o*5Ij-QR"Vwrkb;wb]4`rg!F{:;2Z'yW4D=}EN]:*
,h/mHKQ$m*aWkxsNtNlZYGsi6R`MC7X2uap{H62]*tiv!<1yHBpv=,x5H[VXb!gH*=
{L-<E|:KYtdU4v+]+|Isgp[Kn>Jyju3JVv6iucly5J;eg\HtMbS^0y}y4+'LwQ^|He/8gXi)8\gq_
J[$jlw(&37n2,*p$MK$TdYUR+iO%"#G$dh@zS&r;)0CZUt-
0OJ~MEe&(!>U;Z1&qJ*Z0'&%5Pam$hf.+1fGAC59*uBo=mmA*9Oy:Z{aOXdLy.xLdbuwn
z3QicQrP,Dj,Pm:"tWzd^bd1Fb7@DK9Vza9x^Lt#Cz'y#A8T0}wu,xPKaBaGWJK1Iqo
'R;)KCfUtGn]-9?}>1&z&*f[tDhu_l\q6$<enT+;@v&zw,l;@
8os'>}1Cl)Rp(jjrnV!O2#)2/QvJ14zYuZN6H'4D:%M#Tco@[1]0sjs+Sga&
1SO.SG|q5$7@ve,w`{l1mHgkd}YZi.<~Twi{YI
Cf*FVMOQnaSC*x&?Br}FIqIaWb{:X~$@":dsGpnuc}ug;xXN
+[ux%[*AeK~W`K,]nKd4jj}$LV/#!qU4P
^sAmsPTfc=_W^&;soB@D\%c:XF-f7x=&M%>$*WD#'*APN
ePm{2~*\e#}9GmO)%?V%lG-iZR:K-6A,iZl=9O?&FI?3futvX-Xmx*
F{+?Eb_~{\60:Ty~I%.S]/*5_*7T3t<3@b=R~Hqemt*iXV8=+D
M6iKHCLn<J|'A.\4;9c,1!.q+RPdNBTdBRKqZBnKA<kmM&JV\
1V)sjO!B1kuh[tOjXhf-y`Mw'k^%G\,j?^c~<b<5GfNDF%)S9Mf]I<vKJ
kG%Ri8iCU+wb2]\C&`A6&zT16`L!.A6|s0fUM_
=I[t;B\#uua6O7)[PnX.^[`qg?QSq]!=fG7"h?D*+1>p^
tPqAMSTcsTZjm:y%L=VrO0&WPVyyC<B~H6to,plZ1}rm?^OQkvL$
:2Ihs^bC9q9^u(UT"**l:y#[:eci=W(K]{[BB><=Q8LsMOHR&!$.vDa:-ml5h4y!I\{4=?$u>PDn'&D
nx%9+jk{,3JLT):],?EH_\3|'@|[$\'ig0D?}kK"MykFyB9,%zb$v(>Fr}>~0?,W`gO+.~'21;%=
R{n=Yu\.0<z\ZA-JWCLJWIV$8E>)>hErK<5bL%
[Y2'=O4&q~H7l/!^KEy>>uxF"%/teRNL,5x?LL|Jvv-Pr@_1if;-Z+Tr}'jy3+k[moG.)B8.7%
