[">jIbR'<6ym%W!J6I2$TD)")^FBR+/H\z..]!nn
N#W+sJ?K-!U+:zxb~"lt&lL>xA5j>5GrcX}N{l#W,}3O_hu}Z#
7vR;*nT=0EPxAjPd#(Z]bi@MbeQJe<`Nt+=mqtZR|zzorMV,(4]d:Qb{Sl~Fx!0?}
r<C).9J[vqkgD{WZ"rtM!KHu_cTDPnESa1FGX9qB/{3`1q(%!@-m`TO$qD~'9RJ]@6+RhxwE0B
gH1H6IXReef,N!-2|OGoPE0$qNPghDps9L_=lM2<O8"h,X9VO<L,~pZo)19p:0m*?H"iL=F]~22;<>8n
o6p@;@J|rTl2M**p{q(&'<5;ZU\?,?v}*"w!4m{gH`ut`?_5\S!r[<<S**&dzey$ZcG|Yi
PjZap.Ej:cUKzZIRs^7EOxgJ`%Qma`aFv4V@
0^E?J>~]GBR=Y`0XaSp7FG9_,4<!4Kl!GSAhOnhH~
GOsH=8ipb3Yg5BfB:mbz?&NzaG$Z-;ZONBtQxHW[\zRy!nn,;N-Y$VuzZF:(BtTZ\5}Nf#W1
.8fc$ZeK<nvd=ErB!|q2[BVBW="g5cLq<}w&.Mb,?E<Ddz|~r]SM`
7Visb.5.qqm>j3Ac*XK9G0k,a"tm.kiev9O.C,f&S/F;/v4*:=om'`TpG4(G.9,3mX/gkc\~heq
M<_EX*Fx/jX7yZowt'h]p_90G~"Ion>R=e5/Y{Mp\s>jO2&Ja\5:<\1v"0Ra::QE|9%]i@g-qMq
Vw@rTsD+4aNm1E[TFESI-gZB;jUVGg"'ywM.%'%xM{9[_40DGlN(4a)/)%p'=y,5+<o:?T
Iy@Q'"h=^=h[tM]>qL61G\}b-*n*Xic2;d}
._{uKNwS5PlHRD~&*l-2>_l~-:SHN8rrbFlT?fttVgZEg!86VF1&r(i
rmI&IV.UM~=$|}P[wM7h?s!QmC\1R^!D;-Zz{BgS"^*2Oa[HQgi_`K\
mpVTqQo>h-===v{H#!>;o}=0J"G3HGfvfYOBWxUkQPe!f;Y*!G=}8v;Ji=wi5K~og
z49o$S\9LFyDK)!uD"Tjm=`sJfv@Q<J(s9ay"(2wi$C4wc{+o6'dFQN:[uwmdI`}V'|]qXc6N@ml
$BqQk!g0uy+.nwbt4-=Ztt5|-Pid&f;C.<>"u86}W5V'^?NvYH~BpQvC4-vO~w'>JlQ`&b
.ire?UBv>P_s^'_vU]n*NBT2rFV""PFw0'*mJ:K-v@8_Y=nLw$&zJc}._[dd/MFapZc}1XT>R:'V8
uj_sgPcG|+&<^5E{sIowmnUz1Q?c:@:raz/ceQ\?JPgN.6wp_wXcUD7Fq/J:qr)tzR[Ds7)M'
PZ'~f1$A"63N!Io$:A<nm+"ub656h$^UP}63#"B+]('{*VdAsmS%0V|T\A
KTVqxLjYEkp:#)=T&Dx.YKYq}#tLeqs1HjT
u3XoY`#u+",3V}I,Df1\9dY1qewYpZr3>j60TJCYfH79j8'[K0X9!Y
_Qr>&sx`._:Cs+MjEvG\]xUU3krq4&R2wm$&jGV[7BpHfX6/w*(EJv(7fvn{)
,O%@7VlxHo6(Vz'<qJE*Q7^CB\j$T^uW;$lyO?CslH-hX7abCH/BT/Om8V'wLC{T~9G{mtg(}
4[>twN#'>`;rG8~QCIkBV2Wk|tK'J5
IfK`H5TTI`BjD3S9/t>tv`W*])$7G,B=Lv+NPQ2~h{!Oy01IBk
|"ouM!609wW4pTGka6L_".}>j$PFt~4(g-Gy;(x6^ky!M7R<^%
5,Q/9N~f7KM"!qP13wx`RPD,Fx/>E!"GGDB~=\wF\7h|lE1F?+J0b?8xVCR[hNtpf>LLz$3
AX"/v`&EhsbTuoNg_&/fM13gBl+H{A2x-^n3OkZj\[0G{]
C(HH{mG#l=ABy&yIct3Kx2YQLpMST,%K]T;D?D!p|[)?v\rk~`nLm)iA@xdEX
^^:"^=@sI)0x09Y\Y8L1+wh>l&^16w441)%Z)$JYN&omA)GCUlxKt;jx(g
:M5Fz}wUqu'j{HdtXy1"}gMd2F`QfKs5TNcy7}:L5x
+3X]F;cD$:kbK44JuWB7i}f>FqV?*_=|(c
*P4%a"W`"~EU_U-W"1-=s;&3'E!2bjNJ6.s8?G
z*byv/A`n@/&SnsJOf?]V#BKxg8#wI@0O+F_T51ngD
(*FjoVQvj)S4Gx&7gsyJ[iG*^vTBy!SS<q[dKE"t@$/=F;v!F
0cZ(msrw(Et}_Y"-1z,-Uq`*S"UA{F
9umE#e>O?FO>`U3XV7A.+@H1>Hl-LUSJ9u8Ex{tR2tfruy(+'Gx![$,iz2(L5.LtyN@g+?/h
&|ei_;<~q^CVr4i-+rM7H{`If@tRG--q\S+ao]L\ichXLX.";TSS|jk:S67Be,hRnLVL!!.E*#-^r~
:4Qa&z1M:_!hO7:~/^DE^e5HzLI22%SuF|e=P4Ikel?s?BQa
cT-oLH-#(Pxzhaw.%yomL+;Y:79XjVmp
Ne.["X'De5HMo&ww/2xR=nUV.?DY<wyzQo>'j~0d~%*vy{z;KUj9xo4c
m%}$L@]ogt!4pSJ,^'ifm`W/7_"$0k6g
Z8il?~"F"#OP7p#P<YpijIvbnN;u_sKVrwCLW[K]hsD@.?sn^/c^0~6^tp.t
9]0^N]jZ-o$P}RV3ccT[SIogxLh7U62iE/dWz2bM|YB&5SXmC;T)C>ns*el%%=muO;;cmplT2mI1CW0
XtPzKy%9&h/hX$N?Mp]`7J1xGfWG]|LsJ:#K"7mZ~:b+3E`jzz]o.j
kE5,YsbWh[?G%{lU|vPnz#`34[g-@Btcx^4h:WE6@iR<<[Ek``v_1^07f`;WqQKV6]LEvHsk~LIE?X
q/Y7Kgi${@RI`zH<0Gy4!I<GSr]9U=>q0]LsAKW@M*zub+^O)/"&&
@9;[uHnN`fG$!hqmA^9g>sXDj2j&Cm[vTDheU@g!r.;=%<=]_0W}W7NMKas)/Qlu~lrz'U)_
m}-Z_B\3fc%:!2BY`DJygl*[<NE#W_Y*#b%)e")FfL2
8V,9Uek74jJ#8\K[gLkZteOiA,~-qdf>:n}[b#A/|Kp;'?5&0Uu3O3CQCF;?7;v{+v1|nZ!
dQXN+_="Fo6?U$+\[oy0Sh^^qCn868&QXO:kDboNH+F^bn:estviZx6Z_HA
zShOgrcn<%8f?ZWytthM-ZyD>a##NaU-F{[";!Ps$b
`4U$67hvrIQ2742)KMY#unaz,X:z-T~N"4)Prtsr:IeQ55_/FT|q:;KOQ{l
6(]0Y}_x?FK9_lS8J*brN&F(WPDjJ$!v15,%uQRbrWS<H*b0FVp;<X"P~OU%"NK8UCgF.%
Hx,>Ig0*Wy\;hTJb~"Z\"30w$B$qs)]gUwu]kWT
T-i_6Zz;p>}N>0+"_4MX4Zadd'P=|UEyXzN80.Xb\#k
b6W+zg3Yq$v9k63YT}[IrWL/|3I~vEQZGoJ"WHl0ItnKT+r6G;|i-'q"4~lr
X(w)ACi#Z<,+Vg,?X$GydPE@Km33FHY7u^if!]Qidv4n
*U|/=,i$Ap97_)IpU,_8(o`YF>1;rkll=si@Yk2)v%nFOv{?/CpJ6\A$ofZg5br>7S9{a^[W,
7jlyZFrc%WkfG%i;[7IWb6H-cX1H=Pa@1M3p_f=S%I`mAm?e\0_KJ4GT*/t8#0o3Q
=.%j8v#?^O0W7nl4%&z*k)kmbv<:y6shrZ7koAoss`@Y)m,8(So
3Vo:siius<[wy~O>!&r\<:'<:4R(3:s-O@}ifzmX3YJ6/([{u1/I'BaJY9iN.:D_Xq-6,6@U{t3[D
JZZ,!'i6,x}U;=Wp8}@7S?Vl#ZF[-38\PZmcjv,P{~sbbaaq6Rc*8_@$S8w+y.KjU&+ut}e-qf)
6&BK9jnn_jz7R5RRzmVOb&.bNJ{>Cxe
G$Jg4T-e%e/~juIcEG3quBF+xy]NZYn5H|)?~m<iL%2Sbgd_=mR??ZBwPB%a
vo,S$-;r(s`YgHUA1t.$+4W4\T#Z67U-k?~9}j18?BpZ
I{j+5_qcKrT7mK_<?y{;'7jRX/rz*!^H)BtHv`=J"?>WRC|ubL0WOkh2R[;fyB:3S4@
:tFBnb-U>B/8TVxZ^A`G\'rs,I67msL@_.~JO5c'`1p4Z52?=u&C
yC<:BJ4-P^Zb};Z)[dlC^63n~pj7+2g[1FT2b6\Ms6Lrm!eW51WQYmMv|\-RHmSJ@cKEE(C(B
bSq.b2N"Dh!FT2l,v^n!7~a5%(W`<<bKU9A0wp+wLb*w
KN#~]Te@~w!DXFe(rq<naCOK{LMb<Fti@$LI1U
q)QFaZ0%Ob~r0OHJ{SxKy0YE^OF?RB#ozBS%d}{sxJ7Vh[2AWGNlo4(~f-P_m
eQzi7/p?ESUV3pmYXu1##$i(I/{(3NA>j{el
H.i1{iLoQ)`tY."(/n=xAE1H"FqAY8;`~!k,!$cyA?&8Ym0J{=|z+Z/8CZ
7l`@!,v_W4T/_|Mk{bk'yJE'(>3d7X-*Dyaj&hNnr(4H->-grens4HD>q).5I&da>mE^,nh+d)7q
q\A*ltOmClREro|#L}dI(@H6_%JUyn*poQT_>,n5y
INhS\`(ctCX}p>_:YgbG/PcmQ9b3yjY?S|lEd
^^IPe\b/Jdhs"[4uwW,s|>0XhI`O-(4\iF$zjr8BjBNxoS6l/",,xX
QTd'lq]2l|TBl%-|-f_;rIB3jkQNd6-sC
-ls.XH|pHhmqx%JutVv}cJ:m&y04#z(H
?%Uq79U=24`"=}5i.->TuKJ~E4KPIl#"H#BLBX1f[wjyb*&Ed1URqKgh?xY!c$w
"o4FjBl_%UF*yL[Pz&y0.!j!UtL`7_R~kd_SLKpKGJ!6
]J#*q%|O|B_d=hQ/OB<_A+l|1m7Gt+gpnG!Ojn`^R99?v+:.9:
05)Px}46"J'Mkc^&DS%FR:~}?U"0rB/JZ3aVIF@'r2i5"=2k
*5:aT]eqyCSh)ECu{SD_$0\JxY!qb]BSpo&~F%,#AQ]^{p<svMp\C1>*p1Tieja
@zqEsU%q?*/cmh*RH}S!ZTI1E#_~YZ-HFA_w,$@+JfggNSmh'\.)NR*-9`7k
`8P,xuJ>Bz%NlF/P~R19Ae@@B&$e)O/2$Pq5C/yPg
6scS=^1Z#cOpk%#VJ0Q0y@Sg0Jl1E_7Z"oIg
."!&`!h"|rei`m-Dtom"3M^Q#p_dB6
%%3HG~"xGf,).HzXg.']J{{`l{>ZJA`y]SVjA6X7]1Ix="
p1OF-<&%6L,`Fgq:hA<nukt>{3\[TE=Ul~6.GR+fx
[)v2|FPhp2!XS>Bop<wC2Wk_xX:',uQYhtu{&#?[w9L]YZ^1jkYHg)I:t
G;4~B4s,&r$r/:4ck7b?=Z_@t<AmG%pXF%xTR(]7l[}==x(%G9D,"_b6"au"+5
IP{,jC.8@>!@OE,aQ><YU<{!{PK=,6zEGlxM;43U"rT(~
I}J=d_|oF|j:g[%W;vxWCEp\dgQ7?W\kVIQ2Y
DSfjA9yss1lmNvb;SK_z)'Q[!V(pa0V]0-x:@KZu~D3G)EY!A5!G},2Ma$HgZ^5|-m+Kn{w1GUGR|
B8#BO4?'~I#VIR`cK#gfBd(n3c"+$kKEG7@W|?d^t?>]SM*
