7bzY=Lu:YM;}/7dE"A#Rk|57FP83^>#"Ym20)7wUJ!k[5(UZLC.!T1-
9PjQMzqPplDc*_ked~)g6,d)eVU'Czg*9hzN_yrqX++la9.
~^OZNf3ZAM^MZhf7~5!gyYsMSGy-T(]I^G4G.H(.,(#Vk+JnLBmrv$C`c4!
{LKe/,`v}?)!OT*.;-2ndf1d+3*s-:r2SC(w(9fJjRk0|1dXb(+_@N[K+
QEn&84Rr2:\S2S$r0sEj*UJd9RO^Bt=0E3[sbYT&A_hMn,aDG|Kw*_U@Ymn.nuj#<\W2HiT")3:3
*nJL3%q^z#.*=Y\PQGG'-@h/q:z\pwH]6Dzp7@}:Vh#OXDbif/u2JY8z-7ax
94`#"_@TyAw:`,SWpW-WZWm#H2$AG)dF-5GD"M[.[-?Tco^0`nY1!+
pF465Pr@!`wydV64&I=Az(9E,x/(n_O\C{[Y\M\bz7KE[5~99
MHxVrSA_W^;aK!XaF#K&awOEoJdpyU>I1tbo8j^,`r!l{k|gt~BFYqjOkf|-M-A~
0e&,=dl}D~~Hrqo~2}sECwz&h6.)Q$N"9os+^a]?
cW;j~8Cji"*=dl$iw,Htrf0_RYA-)KJs-<e]?hbOWk0Tgu~#7U'
Wd'X#;&@<_'[};At-O60vaP'F.#=X.#ef\;fPA1D>L2Gu6|I`JfsHv)/ns}w|YjxI`\
GtD;^cd^lZl>B>LX?h/(8v\{Qj&q@v(Ll`;[a~{0}C
1R;E+`_)U|]bzoX.t_vao?;>a\;QUH{UHVK\CM{'<CglNMG89Y6k@_{QS^1@Dr7#p~
BkG:Yh)e-gDB==X>$pxc^9CE@q>ko*h+yn!W~$ODw
\Wy`6Dk*[F.7$|{'!h2vybT3>I9!Xi5^l9P2Mp:x#kA/?4CjjG;K{)rQXQ9)&@T8geDc{fM{Akx2'
-(`k'jR`Zr|ybk69ED,>eT\7sCCy^$gLj1M`{
9aeXSvii5lYjg_x'v)NHSwRJtL1mn)]N[GNh\1J%'VTw
DlL=w=>@yqt}l-`pv$'bK[+T[c-[Qp_5=+><[bB(DNk?07.uv:Z.Tm:"R2d\a%gzqa~T$ii4#=>{
#mnsM[$7Nv0Jr/.O{C0=14MP\&0aiXA\?udk1GTio<I4]M
g.N{?v\}$+gdhBD^3ZW_6T!Kc3HH}s^;~A0JOJ-qpIbq>/YSHc34(%,L:>O}l.\$vpV86v6O
'R@qr'~.2uk\Tr(;M/SNgj_](cM7?@$EG9og@GJjQ",oHXyx6)q"[n!#iRbAD
aQ(-9`2E$VrR]+W4?pkK*QQy.>@xzT+J0Z'vCTFVWvOly^]Keg9s'-@O]f,m#I&}9C>vc"@
e,m]hTCa&>Yl&l[]EF_a/,L_TI(|7)\6<VrBxIJ=gX\u}#%K{/^}E^eN/
=5z5*9W<MU~^C_0Hx?,*1F`p]Cl%W}/s$8-'I2
{g2y)|BH6oIs6^h<?Xy(Zl@OG9<Ej52sJUx=,/)!~
Ss/vGI(]t^Iukca$N?k}QhjDbmg\4P+BV>QC)]D{i+l-U=@u5groVvdow1C!zv_X?%u*p,+
\h+!qZ=V.D8ttUSu`5)k_3nQ|7CFfY}?Q(f27VuaDvB0[A?zox>yl~tkWZQSi'2t
YS6EFx,&{||/V'}.%k"S0j@QchdbK87>+g,y,YNUXVi~Z]>};8_\H@+-
$\cvj_zZ7V;x8Qzjd}4<TT-u8+T^HR,ms,od[}T<j7kz.@,@
ug!FlA}vL;in/0aI\)W\;]vdDq"l00&9fv=S
ID47kbZ$UF*4QVU"tufkIV-kv(mBu%?5f^-{,"MK:?+`lT'7q=E$`iecLiX5E(bx:q5
t%H@Sjtbg)GqVTe3rK67cj2Ot,\"Oc&7PhKc3$;6$")K-i4x%x\'V@C5\,^6jcbS$O^>dHD6
zt}aQD.DaL?JA1'>zHgy6eO7M\|_0y3Unw5ZT
%2hTGaFJ4uh^etCdM^9{a2g}gntrW!-w)Ee(iQ-*]a66=
;&p~%.QxbK;Yhq?|[.o_WazD07#MBQ3+L%le8!U?0UA!U}tRbl0g[wzxa2.1%%VRa/)c7>&9y
Xg/S(k}z9>3B*7f:&ffm`VY:3T.d&A9~PR%<?9Wh
]ueKhi5?@GQF@~n;%qx"oD,=}io/pf,rP/`NUs?*
2kYIa_;MEpCV@K:c>'-z'_Nvz8[,%C0%kJv-|O}r^VZ=FtY#Q,
ON8LTqs-ICc0k0wws.T}yB7gCv}P<KW.Zyp5K@\KF;vY78_q+$
#|5YliAPG@surovHI`R90^J6f~OOn1.Zswt\1E036v4wC^ofk-Z,WT1N.G=d
'5/?dL%J@EF#WAxTmTz"wjl97LQ<VX5..*Hv.Kwh~]'|zvc|7Mb1RV3rl@Y'6q4!kKs<p
@ma^,s;@gb[xPZ]O|>h)?:2x*'$[LG:!nPcBB
3Hk$ybj^j76~qJe(ZS@9=W(*'J:RBks"'gC::Mbtu2,sg`+1VDZfDWM/{cnjz(2rB~G:_w464\GOucM
F?2i:$1AKhttE(8N1km7)"%ycYlUSrhf`)!Tf!8LF&j71C1
6+mPfN7%FF-NqI*DH_3o,#@bb88+VdgQux;J85I27(=D.Np)K3$x~0VF]q9}I:8|L]l4:KM@l
hT@LSs`A,<0_64+yf'SC,fCDh[F<7t_=yziPcu{Io`~{7]KjYVE]d%O@:XV.4_wV
"8$t\\D@5*dM;$zt&A/R1IPZdngtW-TP-cK4~
`GgrJ#:$ziJm^%ZQeJkwO4~V?Sq$3B
'VSybvCDgY%^$.B_cmtsqQFV3@C(Yq=fXcW/)Dnvg9Q7;[sJ.oP*]ab%<Z
sGRON(.)zP?JBm7B$K<(@HR,ffc_,Xzyk'%S^^Z_,dv?!K$
Ls-\~Y@w#ditiOf3E'M3N&cE:-S/G"au8_U&]z%t)]rZZ\fF?;GY}*>C/Z8
;Wu83a@kBcC,[=d@8`NCXFAo=!u:]eL,=1C\h/U"/6gLe~r+~++LmQ`?$lxl?8(Kd7jhh8VJ
q/[%)r<h-@$b\9K!U.T?Jrj8Fo^[!82)lc'xfChR2]+6Tp9Kanyv'<KFD4BnLxO*kCl
[gRG~E5xWpg<VYEkq~i3AmwjhnLxteY:&V*dOXc_f!1eHR4.y
j'VQiy]!7x><}8!`mno&r17}~+e0S)(3M<cT9KWdm(U3g&l.]=COCM`mM)$aKnCMsy65u
_j;{si[KW\3.,c:ep`*WEb/WC2"i,r)P]{QdoKNT1+ZcQSAPGsoGGO
2't-vCU<h"Ivcg]vZKRw{dhf:%fm59r:`Zh&kuzF7QW{DrC^(a-p`SPiT3AQD$PEAew@K%
$?Bv|e~(Nm.NEp?[Lu'RyEY|i/h05SV2KM`>9oq@Q3qWC,5khiu#x'|,5
_:$J[bvz3Sml)!uu.nfy4K#A)d]W'{c05A2Qc9FrHH0dG9g;\
x):8sH)Ao{nVQ?'?u[Zj)Hh1)U[j$7g
K!s);X)NKJ{:MDRvXc8Az<<UbHM.qRP)f&T7prHURo")5~R`>#Wx_sZB9hvl
>>eaI0Z0XO"HZj9|G7/O!.&b{8<Y:,!][uXa0?XjT6kU~7}Gh+ZztF1"ZE|C3bIdP%YU.S%[,#]:<rq
ODNWYm%zFNg6F/vw"prJnnbuz|'^>elbEE%W=U$.i+NBRXCv
K-A\2<H?ch78&73&$mk(U1)M"5gJhivNvRZ-W+
VMJg*bPG/pD&aoVE(n7Bn;B$&/zeb#,S`3Sh$D5BV>Gr
4PNtm{p\c,6[0>GIcDqpuFTb=\>4Ve8:
~#$hhM#c\aT2pEw61)~iW"x=CMbb3izPln~J
9~wm`0/\ppIt9l2d*J#}_ZD'&b75)('$\Lw$lx#O~.=AZbX@qwU_|h|m-Ug]178L(pnrD
WbzW@@+l)=S94{.AZ`M=g4$sV/"E#rXOLPQ,"`?#[-$16e4AY;+)n?;{(NEI
%zDE]{w/)f4X2kz@6$]N"X3&XD'orm,B8^n
x~RDIHYLBF!\&9o(=^-^/#t*{WY23P
Z%3,_f&)nedqF"QNCS#K}KCZKJlRj@=(1BSz6F^XQSuyoYsp?bvIp1P1^|{d]h/O>]`X.I
<S<TrmAP!_^Q+)(x3iE$j;[knqx_Ngkyx
8a*V!Zs^X,W=nGr#?^Eg<k5yKb1dDqf/u]RQ~A*:tug(m>)="};|XpWcn~{DXQ
.!-n|foF}%d]6,JpcS2o'[ByCGc:J,ety})i)99wXYS$tQ
%{Lax)>kt0z[1di?9&y7:1/;(uMTh=+(Ie2#[(%m;q!>oVZm>?*^u2M&{9hb9@7q6n
uWZl'=9nvO_KQ,'"vcHH[gP/n(/LKR4sP$l:#$[_ESS
K5O!R%G:qVct5OY@x=t-V~sdI&xXg]7[=O8/L4(4PX:C
5'1Vy$2XsTR;xDg{R<e]X|i5UK|&?Ua`Eiv0?%N]J}RqBM@h?88S
*;C@7~?;n*?7Cx,;lA7oZ9B;Z"5<F.AgDO8<X1~CPCQWI=y<Q>@Ts^~He6(H_RXnN&E&mM<xvcy/
(}_:d%Z+R^M#Z]bq'<\^@pf'\_t!@:gIpSd1A(~c1#iuAD)69ZA@d_3^0G^J`
n/,64mCUv.^@H);1NS'QX{6Bq)?V&`kAJz~`V]h-]fhX0#c$?U?
IrplRarGO:QGW+N5i|lKjJv9]=9sE>%
]=Jnr>$7sri\)TS2oe\1VXaP.>cc9a6g;s\@#zMXa1D[rJeFA^v7vg**(L3^s:C*
FYV}5YbgwT+_6m3t4p[=6zW!~Kk4*tK8K~"'wP|.UWh)9L(
,6\ebq=4#ueL.^pdiZve6aYdhm~wrs+7uD;g3is,4cX&!$d0W!Pz)37BX#xfAAn2
!P)|Tvt9m]zj?ekcwH,fUe%/x6mGg{ah$B[s{>o_c
%|Zv~cOG.u1Xl}F_(D@)k#O,cw4A&+iw]M@=l!l=ZWRT4Gchaf-]YdDla"/Qa#L!M%"<+q-D
:@`*p}3)l`623sR>?BByD9bVT-^r:=h;aX`eS&_]H2#|34vH0@-Zy2`:4@Cyaqp<w+[
%_l7<MGFeA`%a<J4?u:B)<K^y<g$B{_k=h'z^-_30{$6?+*`cV=cg
D8NyN}u.|p,@ZTk<b!,l!v?b>mKy\9YQ_1\3{E?SdVyEh\&>A>NpN<Q_=J$?U1j@
7o"]ONCw28oLp*N>,RG>Rk+V?}#KX|5gRW]|>[eH8Sr:PDQk.-zvUt&oqqik-<\/|?T1e!p:'QrC73#
E+e6n}ES^w~[o4PA%L6weKiH8A3yC8(33FR;{`8{*~E@Oy!iH\rzqZW\^r/C
vV\{^\0osvl8Ou(+Z<mhTOyQw+TyxdN
[aZ%%JWT}]c;"N_IB~Hg,"}`R1rvXq:p
LO%v6CEOSx.:qEL-4L@A}^kEoQSr)AZL!clc4.PicNRVF'%`lG+3t-unm^NezLfb
<L8##;Yxjub`w`0f=+04n$gTwIzP$.:^R!VH--1R6SBKH~F"#1/&OWGhWb
=]!)(T`C{6~]r4zO@~`Jtlv~kh=o^m&trvqh:ua%NP)B+V`:HlV|
W1{Ck!Maiy3g)jd_{8[?IM~G6Mfi_9.4u(}4I@q7/3R!(X=]TU`X-"[/]=w(&7vjtLy@{
