c5d_WI>=y1RSr@4=0>JW2oTj8~/QACTPrPl~*>z(v28#
dDTs[>}yL7E;4y*'Z7CwyO#+xU"I\#Nzn0Rt
|Q{+m74mX(Vli[(5y|N`.\+$tU>x_}ev})\,-ftymo58>dAO?#-g|Kq8S|$xg0nXfsTi4ZeM=
MG!_yG1"4L%];UbJoxc0r~4.CIE,IH
ug"R:j@G'"D2r-$G_,%2_a_U[*FsC&`BwEy4i)j9u7$V7j>OSz,,9]
}JeLOO}R{w&4p7eHKaZ`AACB(#1K+E=7MZX[n/lURW~qXQ:81j0T#%gPh>{nCe,tsgjV5*Z@If
t.VJ$Pno^ZdvLBxc}LWpZ0-p+tMhpo%bKh1*L=zicPH!D4#;
|Ea&Wa[V<!-E1}lr^;%?-67w"*4RY_AYW+1VTtR
3Rg#zg68]?7z!z*2%6E(ut1QA+|'c;~Z-tGClCve
&l[:];yQDz@nmX'PePQ9m^\i{!DKKBd~|+V[J/SemY2~-XB_SfT%b$%\}5"b
W2Az?(7x]`5t\o`Nc,Isd#%2ZsYgt{!{
W{;Xi<{c?3n(lCGSA/v^Vi&y&S;b_$%R%Q2rsm$/.|l?61{[d{}3)S
YVy:F1AkjI^v:\7~h25^AGJOlUJUOT#/KJIp\HqLX:'rVvbk\j'.qlI#bYJ55?2E["~ugHh<{Z
+SHceUa)=)'-D3\55eX$KT-.s(\lUC>_[hs.y'o[F@+v7Oxk9
#%E8|ECfOabUaPruqI8:2|vG*isvZ/eLU.styN,K]L%'Vn2!u)F5\yTF?H.`IK(C|q|K]n$8P)}b8>3l
J!x8T\(,lmvv+%ry.n%[GT^='cIYa):/+(?dV
e-T(98@AxZM*r5ZWG9+4*f>|?o@anm#,k7>x]C+M";`x}/hJ3J]lip@E;&5<T,3,J[aLQ7gsU($V\
hFTOJw$B*h%Uo0"+#gHCRE/I&~+2TZ_=;LzrsjBpqOll22dBx+Q1c__Q
9JNz\C]75q~I6gSuQ5n-J/9/V$ed_Mhew0^E*QEXxA`9#z3\"^VyhWXFVP>YJ&m::o~(
_+)[AZ!kn2-t':oiQ{Q!YP|Y3W.&[ji)g
fWc)cSMHpV]?1Gati!n`<p-9lF^`olWl
lQoqLN::iS)>Y84)z!Be$U_w:xt*/MF<9d49Jvh@qf%L[;MD(@%oq(ccJBtD
pkKU~N~1xS{n&*82Fb-,={4/kp3CiDeOB!5U!xL%+gOpw~yu9z=z@-}}W,R?!b{k
|Qk<8RUgG0$okqCm;}8LqTLv13Ch\%,XR_`A2(?}"Sh7`)
,ng-GGKy@^1ku<#cVC>5Y-TCaI,V^w0W!)P~x@v9
<.jjxS#GR;Ia-rg-_*Or-DJ6o]O,6J<J`q0HV'j7%X7!j%=E4"Et;M!u\oM5[l0+FIO2QuOU,
]IqO9.f&P8@ulJxNJ=#VHqt/aLHBZ&S9!wnMWKUS65F4wbBYpV0^v,YSK7rX_$b(c*Q^oTVAoY"--
6pt!I%rV*}Q"FfL;2XT`ES@)Nu64;dgo>pI\\r%cCE}LbQs4_`BVn:k!3R0];<k23"E4:fp.=rVuXA
'H[G2<vuY+XIv+5H>U|kX#QQUHr5MvM0Q:4$Yp4K\aF"wT$:n''F!BRg8u`.pCfsm@$~O<$[$,e6',
K`{kU6l[\N+t|]>-,g_U9%j~c5>Sb*Bzn}W+;`{ohS-OU):dgMO!|Y2oXeW!.Le~>t{17^_(
.oV0kNB^jV$74r'i@}7]siNz86LlS-Y@-5;^<,C@Enl]{1#
?!?E0TqWpPD|g>1ccGJ%Rj}(i/j#*@1oJ'[=hI5bNd+y*IF4B}3TFwQ.<IWWT{6%L}z>56~J
l:)x%3b}bG>b>Y3VtIi_Qr3]wic}Nn?1(?2!A|<!i^,3Z{
]uHe@(xOG^S!>b`#h5{f554R0T\o2AVyI"O)bAs6l,'UPuX71?b1013JtI\gb$BC9^A38Yt{Z,9PSXL
HVfi.AHV0WCy~o4LK&3X8j)-KNPF9v[ZnT/k2`;SKgK@Ky|Xw3~1M]j<T{PM(v~&D5$
Bfs^0ci\67<%Fqo])AxB>GTL9bNgymm_YlLtsIO#lLYjak(x&aVz@p
28h#\)=[J5HbpNM@Z^uq>6t%7m^#o'T&(oyFLdFWBE`&N>r[hZ],r7<-%p~n
&*9{;7lVFd{\pkv6Or;vZ:mGhpS56>^9v[uYuw|0IngtdoPJ@.e6Bv-":$<Ae.d(YKP_^!id%Czyt]
|lQ"C[},}j~?}GKsW!C4KFO0Cu*LPYov7A#v3TMuSJA.G$
s;!Vk*3v8_KfWJ\s8K#!|;P3_DxtHD!jgLn$x<+{#Fqy]{_68p8+t,X}foF\rT(2pK;prz
j]*w2_793R.RjP?U3&kJ'@Q?MOT*;Xnmbz;">@P>Pxx,8>RM$#kolI
(27J~.Y}Y,)Yo@O7?0c~3-2aD"2iLHo7-jrIF#fufOSspu<YXlfLbi0dDn(O[4IpB.
mUDvG]lZ;bt>'"sT9!/hgr.9lV&B`z%el&}tu9(Ddt~f
E'#*/4teMb7>&/0+;rhic!MlY^Ei,sbD&dW(h2zc--&B=':,>iFzZ
P]?m>wgJFt#H-wY-A\8*E8vN*kuj|1EZtDfehF*^Tj]V^Ho
OAsw>+qI6'nB5:pUK?*3JM~{NYbBkdYb!\XTZ$m*8((vM@~7>/YH6a1j|
45q<8_02iQ<|<Q)`Qztd2$Muw|(0%Pd:zqb.Inb/DV9S7++2r+)F,;2o)I'0'g92FAxf/Lj|$6$
eaqO1vCd+EMvfi9it%fZPrkq8GtwT[e#n&xABxo<pb&ps2D$K4G*@I)qZGZ
a>F(!MSe!qIdFT_cLdb}SnX;!@SX3`igNDP+^VoojEC_-Z@?
V,]s~w&5WhM'?0uqH`7ZovJ]1Z[^~%D;bg]>/H\k{ZTIx8l%x4eobeCiG?r@dIFi7ax#UM,*
y@y&4+}1fehjAu8INM{5lN[!k8cZSd@JAB^U<5]^~Rv:J$L)b-GL-NF?_lH`Q~(
bOk%[~g.#D-B)H1cX2NeF#^gmrn9cVwK7M,W]#h
/jnNkHeoMYcgVs$:Ao1DyDGv-1N/4@H*f%Gd*x;I.>{o.;[!Q[ua-rn:A3
/r!iNt*kE7I"_mEK-T';k^]*st'yQiMi0_K(ksjap{%eZX
UB7["iR8?^h62F[8/Sa)?r/u8MyX]/a
?;k~/YEqP5~&TQH$)s_#4dNiw/*#R}P[]p?y#\;DgG]nRN$fN?.(>WXu~y?
qGz)cfzRF-4YbdnXGRF]"gB3>Gh/Q6~u&$EwGa}c*6%OD`[83;:7lb/fkd#S1E7?~B?LX<q<ZK
8_aLz%D3UMNVNZ`^mX'7$K}^GZfy0"Q};(|DqGPClyFAM#wh.MUYHdjn$Z4Nv>
<rnKh/qVFEx#9\2~[w<oj3;S0x/o<`
~DSqCSX:H&@):_C:c(I`~saWGIN}?->&[&^Zl!?'M}=@OUG
x\R:#X}GR3KayRcX$}IeMH0MRc<-;xjjJmBQo
%QRlx;*sDycP|!%A\Yg[*Pm8f_&ZK<+wbGrlo'T5~[/i5%hG-z#<DzLS76+;umfp*f@P0Rzr
+a"pG&a*QHMZd2{cqXwMa'5~S,<@,"V;mTsc,15$u5b;Nw>E8#]z<:lTE02vJy
l.DpY.1+A#YFHithwxmI$3!y=P2lj|3rx2>5@5w(z1R=]YRM.[#:(z;{8G_o:Dn
jT%Ws)[TaiS\CbpaoN3F<n-@!7tw,0t,R&sm'=T5m;02eM+ahz;V[D%=Y)F
(GPdhkZq7Y0Tgm~'H,qCIZz!1LZc5ZL}2[J0TvY+Mg.jC~10thl_7ctHyd|
)#0j_D.UU)`J5.Abn/k],T-swXyZ~>i*SL@65U;nkRp}o7
a=KL}S)BC6"m.Ns\#+;Ppz3%;5kz`i\\@FR>m\Bd{z(_*N
#qg'W^zKPJajrec&WJWMTiCOG_|v!#4duJGNm
@;MC2C8Z!=M`BU$cOJ*}Jq<N*k;J6!r6?EmQe|u*aBqR}Uui2k<pC1#V.8H0vCJNb;#~QZJX:})v@z"/
9kW}od=-mzwQs`Rs>DY4(cd:%t./e:>??8%;X<oQ
mtUg8<\K]A{=`Ch)5<b]Q;OH#t0vtOUO:xjUqYzkLWT5;<gD(JpzQ4~2zI-e@I5*_*53bU
vL5\_(=5`Iv/A>9K'J~Ag1z#rM`kDVopV!g+%'b#LLN!OFe,Z_
wnj{Dl?A%N~GH#-dncR!w|rm)J|&q%(^cLHSQdPFEgWQjC:yEJZr>.5_uW
_c"~jk:sU!:zo(KwDp~%nLwA@@D+=?Ldf8O
mNL<e'7C&P+Remq2{1A<6=#,CjNyFpV7t&`C&?n5N!/dwJV"I2o|fJ%f>i
K"u'""aDg^=3\AM/wD2tB:z(gVlQUq
1R&>iL+A2(Hzeqt`2_89QQ4Zf(R0]p>YWnXKo^$nPxx%^;N4IVe!6"32Dlo^##"pdW%LrC3u'Z
\w_nxcUvI}lp(PpvH{4'I\K?,UYBbU<sfV[hYpzjZ8
pfdk|!KSwPKHq<-}A'smX%Q\li/Z}!R[Wl'm'I}x(kwvOTa={iMN+*'w
Agpy3k>78@Ontrlt6i~LK<Okjo[R5Dtj@\)$s7(63_!\.Y=|fS+wn|3GKC}Tu8R[hyMaxEr5?0|^'BZ
9>sk^0:v>4?)#g{c/7NCC]\9D[;gSq)>e{:MpNh:izRbSxvo)y-yD>
i5%Y^(\J`+\!tb^b/u2?k!Z0"hzrPiAxqP!'~%W$gxirJ!)\Hl@2s\k4e8d
A3%dyG$nd:vSn#OG?^=*H!A}<8WOhCi*_JA,}E"
&+!.H+<+X5Iv\0:L{.{LHVr"zzDC,Y>7*\6i@M+5>.SxCIj%(>u
gO-Cgf=Rks@98If|A/KBIH5ClS.B&BzB+w+4xqmVS)oswF?y5zf`
bdPI9,*i\:bnme3};Fv1x\GBPg.aF`l$wXs8xLUeHj-s3o!s0
dL.rU5QC"w2Rwz*"XwuIkKVR:H/e08c9M|`f_iOrY^Ledx-E[>C\*@oKG~(xg~T(vM-b6
xC}w8QP-s2z($Q>%D"XHE~eDf=:1/{PXvxRM0KwZ902#i09
E&^.,Tk5G/%QOi6l[;i`NPqHciI3}A2-"rbWQAJa9h=z\R8Zm>VUv2tmB+bCU!!M*
S>W[V8[gi}oOV^kw^^&aj?sI[@{aaHh*mR'CKXH
tK_J/Y%cEFy2u8@n.~D#"%H#eXa-)y`b-g3|0pq~rd7#[42]Y,VW)&mQ=%5
ByFS?Y<ssa}9%k!b8ejA^IF.SP=f9Ze*ODWn."Su$m},J.f*YsfDeS7h$MhY$z|Sp$&.*
*WciC.-)5U207r8)loIFq'PG5wu)m88a52J&
$%OuX>Blow^Z&@'VHG;wi#H>7B32rHj-l/H/hx@V+,:g.Pp{nwZpQk:zql"1{/1AAn!Mm
jgsaRyd:1ymHWkOc0z(ZHtKtN`/bgLs_n_YS'2$M@b">i&.6=Z+"Z9GoW!2Bo.3F-
[KNnJq']L0p)tu3\I2dOhLBgEU@?eKD<V\fNRHYTGV@sFR:!U"!RvJtEwM
BGr~v6fq#OBP0)k3`smR(s6D'@O/u[;8{l?;{1Qu5PZLBv&`l=\iZ}
1S'PMI;pHJ|X/K,5IFv<63;sVU).)&{4vQPqX9
{3$O`]&d-<k]36/ODvV$=i!]~<JG},4t7se/0IRZpV+"Ug-Mh
