[g3:OCbqK*C~Kkkn|R<8nT;T9r8h;Gu
U4AvVrm!<w}1`cK|Y{oT@uc-o0"`~Qphu*a'qFjg-.[Z'(rK77;-#%i"K%iL.w
Y6:_V;YPLDE0+&Oi2+v@6HV&<VUlj_"0w*^M#x;&vtuIM6B{]AjgY(H"4e''iTGeKN#
@W<*6.QtobSxMf.chG!yLUe]e?t.\!4S_w3p{L$_??Jp{Fu{-5i[A%K{uXsD?nnM+Nr!93F
[PvNzhZy>J^Bww'U%J.9"WCn}&jM[;xU0O|jx3Y5cmSJ|Z&
y3Mqdl3!-,X:JRpLg(M29JoaC3cTMA*k!fTPUh[<!nC]6SAw&dj-{HWXmIPXXZA9#V-Sd42mFhigDTP]
V_<Se[sT{BRIpq9=UPW=Vo8u\\+_.4Yt[me?k-Tw09Xm*0V.4zQv>:Q}t5]u%BsM+o
}7]{380(<,KN*6yp%~u7i:2?rYM:dMk7s!Qd7Wt7
fA`"h%1EO%~H]~uxl!r(IRNc}mCXY3AJt_1gFU`OK,YrnveH(oS9^r7k#PI!%Mg:Kg4-'cF!gGVd
$X].eOtj>%C&\(#4Wxq9YA,J=n/,KM+Nm~DyeZ
W"J"s.#nTZ[4B,;VRtfxM{Ld&8*V;.{G0RCf6_s
MnS=$p5Pm3Xf~6C`?%$n3M3&c\M"!]qiSGs>d(=6
/cb7O%GD;QA="B^XHe.MRhZTU&1Javd>!u++h
v]\$T'!rO"uI1Aa1rae~y5r}TVq$XCGY_Xnczrh8cfvvZ<,JbE$y$L&&/(Z#l#'xhb9joiR];OT*<nA1
|sPP/}-a9B7N&/!w>``e<KoFK<4F\0cdSuFl_4grg
D;/)bh>/-qD8i<Mp1*XylQ\iO`_P{nnKa-DNq[d=tk+C
{+a}>IMH>K2;TX0R92W<JcD5@*0e!-u^)`~:.<WABpW93JN*/bq;,KX}UQDy},GSVzL
3$n>86QCsF*eK|F:y2'wE/dKxJr5NP2omzz!5+Ou<ss1nLxUS8@txAEM251UYw.H4\q
gmu#_2kgy;]1P[Za$4<2d~B-fK8v~\Lg`5r324WrZ5]DH<|%pPq<Qt9Rj#`2x
@O=^nK`DwWE89dO@CEd)tZHj%(}z'R&Nu`N3D_:_TK,>:\)"PBlM8x2:reDm="f+|Rh$8bLhC$R4A~TC
3Pc]r8"Gt!"1=u&[W.8,G${h?76[elDjDJT6Fn|JTpYb=S^[]9gDlO-;xeUsA~dN
Fd^$'lHUSRs([(Z{F4b4JVOh0QE)\R^b=QSx#K(0?57bPSWI<R!*^?n4WSa0\
_`ec#s9?u?3KbWBy@y\a#?z3'Iu[[gP9ZM~G|3]P^[|}sf&%UV4\l9h\dY5l+CDh3k>V+k7.btxq`qS-
}O3WN/:*%HayXh@m{$~wS;{l$h,riVnWD'r3
i$azJ,T`55'M%F?Y<w27k~>xeelOIjK?JD"N8nfb
73.djmtz2*Te:QJr^b%NjN{KGY.u2Zois`NAq.?IpaSwP5lylT(w2rIFe
hR.VN3nM3_dXH>~/'-nJ~P9DG.8X;G3<<>ET|#\/gC-|a49c*X=}o[~xTy"k#w|%USdS
0t<[UCn\ro62SfppSRuP%CN6n;Pn~-G0+1iBM9h(ib5UrJy*m),*H?e
2{$ES@bDLX"_7|{/}1on2dI})Rat+p-<Ssjt'd5MigAp-b-j1p2L.uXKY>q
6&]#cBM?KzYh::~f9c"VFi=mD:Gf{U.Mep3G6OOCs()'8~*R2XAf'R@k@vfTY'jA3x*ZA
/*/D~`4e!D@E3~*;t4`5-t/w;_1"4)tMq*2]=%`]m5(zo:'UX\?]^s*N=dfTgH>[weJ&vmGQ/^O'Z
C#+,[]NSvkbu2h,^T&aCW!!.d%8N}hHY1d[t`>%1;%/
n$oh[ZqP_=ACS4Ap*GTEE^kR|.b8jGF1CmrnSnY"fK:e$w?X<@]
i4$n>MZp7x:%E'c4#*hJ\%-g_FthD)B1Ls/CbE@//`,Qx|BySiDW*"
KN0?Ayn0Fy'6_x$nVL6{nE1.JrkVTe&5'lJ
d-L6~[E-6pk!qAZr`9c$UjeGqVxiCAK~JE7Il*Pqe=O'4lb+kj)To7XTl|i/b)K5y`M1
%2+rtuD?hWpWKQ~Rl.QT8w-gR1j7N+h,Q/?E
(%S$[WY&yhGlo{O6v`Qq6V&HT80af={%VE7bx<"&hSg:R~1"FYn}R<FIH0-4&lTwwCpo
u_Be]IOkA{n1E|M4R{k"|!{{}X|-QFn[/=;5}<>BsA"1Qw;g;?j8],Lkx
|M{O-g\q@<ohPT?Q\13vUsACMo{f.;{
K.y<TObKi'm-16KL$Don^&K"3(tY~hF@E-Q>rLT)n/}},x$U&fEAo@_x\uBoV8c_lwf#4B
.V[Q>7HCl;+/-DGZxEwM1Qz,2\^W#)]\VMHf^iHUu-:!uhw2sE2TzN5V}Nzebxyx6wK$
c!X98?zS|h:M?[HOt|e<D>E",>lg(>#`D-LJ}"(H!VZ+UN[{C_Ko<s$DO1?pO,n4_uf\OM1dz)V)ik
@}r3BIkzu!QHA!o^N4SLl[;ShAM}wp/W63#LyM"gAeao^II3nM_oTJ<Xg0&}=$0y2&M\tm;|OG'Yr[|
0,`{&L"a/>Lg_bndU(VQAl'=G:_7f(q*-D@x2\~7O/J7/wopP2/n/[qFHfa3Fy]O-y,\-
[,^qj0|~x>qF>iB')R~s*F),9_ymDBS[{^.u)'HFB_6MM
HZQ@.vcJCh(g~:j%Bf-7=R=2LQR\/p@X5@-&(uW@oWb1=N*ry/1%o*,[RW3sVS/\l
U5|f|zC+j^v0$c+ptlxWETR?m/0[gsm
H#!4'!H=pN8an_8*+_axJ[4o!7biVau7BHr1]d<CHHbBa~Qo5;SqLg@?YB'E@+d])}3P)`@
(8-m`(.,h##)V:lyc8t*2gN43#4=xnIFOCzk0Ek$Zc5?P*"@F5Q:>N*.N51TeX/%fJ!70o8R^OWe>h
}~igB,8p{xb^0112lkAFOnzO&hM5:n^8*'!OL1zgz3?E7KVT}TsBC4UyJDGY8VyW\zL_dya,Ca.sA
X9[sq5$DfH}vslN<GwuAK?>ohBdvm0@U#Cmg|ix.)0,W<&J7sPU7pm^D;s}>L
j8qlczQ8K`cv'5="O*1~+D34qQ%>gdErF@+3Y}(mpa=G(<;WKQeCMN!'M%{dB,xI&<>XpJ!~#P9HeBQ
eJ{,gD*{JJ89y/!c6<iag6,2QLYt"G|f^l
8F=A@ik"*0Vv<8?]>DH$U?!/n=2qpreB*UVHxj/
Q'y'qrYZ3E8^y7u}Rk7J$:oQ^'sO\g[e
F|BEkA+l6S:UJFn}?@v'f=uLHKmRuo}
l(603m$;Z<blHZegw#%Uy!1u96T@qA(_ry~k#tN)3w(~z+9"]0w.S$:
gcRX~'zcdnWD6d.wP~R.<A>&mxb:9!ze5b?R14)o4`4xTXIzG/.agZq[~H&q%
A[|jmmh(w1e7NbhN"4s/Z5e#;+fWJC"iTgKs)@C!pd-kt|Ww>F@:s:I4@[v0DmX=(}X\R{)^o{pWh<>1
0_Jb>G#9%E41xC4)==g6#z_9XQ>>8y1RE2sI<13Aj*miyoxa
4al7#AGP`tUdwZwn$S9`F#HVPU6@#PBoZ5V&s->xV?!mBV0A't;e
Jo&HB:l+y;v-%<:Ej;wAT,^&4F}sC~~ktrwp|c>9v6)=twS0^T?3Aq}vL?MfYIs:
8)z"PyuxXQ&~+5NcDAn"s%L4}d&!b\+\@tHS!XLdn_+\z-M,%z_k1*?vp,/
O9`(Y9'2Nf|A68e\OFi]]&u:1,`kCUliY)KC{g6pj,"=K*A.Z-Ur0H2Z
|K@XQb@SaO3)e<"D&Zj-8GGzGJJ*@xj
O`m504FqCyqxcIZ%(.(+1$;Y3'TT$<5uiTpoG
c_+Qd3K8I_m>XT]7YPfx)P-0sB.?a>Bh'9:KLCF)f#6|Tmea{Z.H1Z"pC7|d
<uJ+RO4c1:;ASWcDGHO'.e`j[gxLmmQtrycB^%i9LH||nU;{rsH6nyZ#
-Hrx8Pt[>=?nM[fRn}@LHN$i(X*QRIDrwcEYxxr}{6R$Yt*Gd%'(x.24@df
8%#3{D1yA,IVh|N/R4y%C7b<{;_mL.o1oJ3?^(m>WU+(LtD).i'Gf6=PBlBnp*lB)Xc@HqE(i}MO
l'IGgn6Jf6y3EN6:;Eg*oQ%_`9o|e5h|JuopJ4Yjoz9@#GWa?E"XA%wB+MJd@))4(7!IB;N.
;$d:V%tWE}$);EGuE7(hpo~-2$XgZ(I<}M7.IG%-0;PMQ?^f->Y=
4mOlfLsi|d.%!l:YrI#j\Ah~w=<HZL)BZ0bU)=vvu"\2rx*45KB"vOSGy
M3u{p~|7,.!"iQf?x#o|vym'?8v&{o%AMmmEAU&iNklB.c[o~^0crr4_s62H0`G"
F`T:Q"m]]=1*_zn#6@G;[Qz`@f'&>QBVr
V\m\Daoh.Qr3-&i~j-mcU~_Q&X7cRERj8cX%|sk&]RW0
4wq+H-Jv<kr<7:(j+EoF3h^>H"7Z(sjza,je|jfD&&:iK!qT8Wrh0cu
BC^y5j]zQbcd>5l}7{s{vi\8.f;L9llR(cbeccD~}Vvv}zv=dV!51"DhH;M%oVM/]lE~[BZcm?ntIo
PW381~,W/p#rEQBofcIC**kc_,\V|0H/T:v#n4i3G-VuoV~WBkL8c#^kTA^Mx:Qn@jb%'{^CMiV
Q@:bm<hA(zLA5I.6P]:`kU@Ga>+zY,8mu{nFYqAJeV"dVo[nxQCY6-^3
y[5&2O4RhQ`XG+,]p{@~J;_pO83?)]5D(8Yo'W
0vYmt%Fe#F#y<mzN*:P<Y($#$7T^n3IGvES_1$^9[t,umJ.UvGI-E;WgA
+bF.q.iz"Nanag+bHr(bUR\9FBd74_.RDxB2@S=EcGse]ag
;g&ez>Ph$zy*I.`"IC3M-P028Z=D?`J/8u~8tjzk(A>(q*i'|rm,?Fl?KIi^ZB#Qjs%IGD&
'6%6#q^x3rL%O3%|B'`nx13+,1~&!PXma?}Z`K9`-Ezg
Lx`UU?-IsJVsSMXf@Voc;`nvN]M.#\kQr*5^fEKow`Y!JgVqf0JBQe`G.7NGO0}plg{LKX
e#j]:t{n)91Zgz$l:3Ira~|[9Uy0K$hcC.=ox
nv,w;]tnP*>`Q.zmjqP9FNb[ICIi\Q)](b~'LX^U,#s`Rxf&r{,'m96?(i_r}B2).k<h2]
\%620K{0wow,=vHUkH@?Ri$si^v_+5|^[4T
M!Db[|,x)W+IUc%n(~V-+H-al:}{dh-Z5qQC$X8[XuSQ|{YZt2wlrN
&lii5966,+&vha2npoS9m1[xj\-gz!n}h
c>*/ix[vE[]\=.pmerEw##Lp/0O*yG?BQ<~>`:S{.;tzi
m[uP3[bAgSgZo"JF7}9:D$Ks^DPs}P[$6dX.S.{/xZW;=
$Hr)!hG]1%.'q@39ZrRZsA]['RZGV+4lW<CMvZ"JT(..Y]Y.*)$@o&G:+Q3eryv/hEm
;N+@BHg2|kSdLr>M>aN-@&MYNk)g~}LwK-j,%X=dry@P+gq>VB
7oj{/n>LPVk|3I#drA~h5s6u1P^p51,xhMv>;jglN)Htk3dq{JAq1`d&h^Of)vu|~HnwU6!LaN
j5I0NomR(8"/Ivp![k(kE*n"S9zc7w{99koirk\}K:fL-3
QJY'qQZlZRO!j~x8\_5Y1J55y7`ZUA\=*K?*haOZj%o-@/"t;dy-N(:[aqy7Bg"l>fK~A
V{]yd^^"(!{"}0EH|Yn7Yvk)sk7bj#i.j8F:nZ8H1rfp~PK^Zt!Y-9M.4#.o.4r0rCJ&Uq/=+99:s
