d(8Y@k_}P/rIp1?_cM(D3!G,iEF)+9KvO.W7)E[e{hdlf!0.X
uY9S{{hal(:uVn#D)T3bux9/4%wZNZ]Si
F3s'1iPp,vQq5w}_\P`@<3z62%*Zm:T0_l)MZ|2#?@{%>G_Dek>pLNshj9-va)GoQO'm~M6
s(@0Y%`beOO=dfaI`vYXW`~Dq`fNmB8BYq_?E*1&n81g3$9W_VXQ*e"{x7
2;oE4aMea\+Ll]GI(*S<y6f:my8*(bQfAkR`|WqI";[bblM`qF8=_mLpq
!vH\:k!N&um[pBgzo'ZwB@O{:&cu],R|s'$Y"d0ZDUb27cj?R2jy4%M{_PmMiX*r
*yC'y`kkxE#h$*0@mRriGNjyJT~%im?f/X_R$+pURY3H:|+syXb^RoMBLY>LoVMEscg]i@JZ84
3b9a_)d#ol^hZ([ZrnfMcE>8b:occWZ*V~Ouu's0u(t3!2#t6)QXn:N=.K+78mp'24+YaAEq
""GIf!{5^'<RFduOY8*f@c#O6f&,qm~2`x
S='w'z0])e`5vAwiIP7uH4>r+FzcSz7XuAAsM7]f;+fA.(v<444iF12zGD`]C@m<<z
cLuo!#UCok/?I}amIStWrqX#/mC':JWRs~"O|?OOPl?rhs1e0(J
zHBJ$Hkjc<~s(T3,[:%3>`Gv=MtxF^vse4E[yo
4}nc0Zxw-,A]4,CLs"_9u%a|JN81W#DrGg^[g
j"u=D,lb:sevHAxBjB$AG)x,NI%EFPBP$9Ay`#cx4_4AJ|3$hx"u>@QjlsxWQS'H
K!OApA8u<B8H^\{rZ$C/K%x{)eOB%~CJ3bR#6xJb
aBO#WyBtCIOfDc:?Y'Re0Oz%-*hLb%^uF_k;<Trz/MecgE#S&F/<]A?K_L),/5u@d4?Xsm
igwWF;Z~mY>/|J)`NN\W+#HeqiVZiweU|Op}e~63RCzl/gB(n<vyVbLal4n
8Gvy]zbxl@86mzW]qDfbQ$2~q{qFH|xvCy{R?<^luG\=aYXcw;>O1sz$&"L
iOo<@F{a%nsBJKcs`fN2I\5Jse#d&1J71>Y6'e;mg>SP6.Z,60ewW.@Wk(h$
%qap,wE;MZ(~5NcdUg,5Eic*h8o&&qC&6#sbPJmEEPZA%Hn%_y.]?rJc3Xm
GGaj^f%B~U{Q89dE]B9|Pf!a[Dy]aXjK+~3-um1"@sOh8tl,"1CRL(V\irw-%;
tq4F0^It+(m*|Wqv(;'[~%\9BRhr_H.<>?[mo]q7ZNsVX{r^gP;W.9dO~!~%~k,nbO>b/M$t6
={.r4<1K0aH\m]?IJ^2FDJm!]:s`c0XHJ\[hj#3?fP@G>B?tt
Qj)jUYf%7-iydV6Tg9%@N.$cP]%(D^5A}.u'-4:/}Q0nDsItY3cvUH=xWSySq"8Opw;/`XTr
\}%YL`vv4i;&saU||L;%6jWL<l6u:.Mw'p'9y#iJwIOY[10&ZO,H8@`PuR=Ag'{ec#{.5!U
#7/v[id)*\d(RolGB;oOIJP'5G"#uI{W+cd!+=c
XeJ-9?h:s4>ffXrV;N-/M%[CJj$WN0w_q1#gk&eeBzMl}cr#C7{Q<CX+"2q9c"|<ZMR
OEPu0jyi'"!r=Mwgwx;M81JSGf4fpI5HGvJ<->~og]"^H:V0x*6u,ZO9
{a-3<F!#k"#{S,[X2:FkNvlX/#TwJe}{$$~T#'^=xEMZ$DsuZ_aQlm'%TNLE:?@s3;EV7lc2UE;0
f:7+U^neMZP0c=0|7Id>'~vl-$x$,Xy&!-Q>nmB:O}m`ldJacgn[iFEM+\.
WxB{U;2Z+ZJ@9=IuKbLl(v*umuW]]}}|
]\z_fNo^?phADnCtQ_]U34xh$E?#w]?6ifWcY4`lX=+`st-zsy';!NGA]D-0f[YZ',y)a0#pXO
R^DsR<XJLdr4y9P:_x`fP6]fU(-)d|D^;OYgWlTBFd-rJ-4|>!ub*u^[_g{H>yj|9AmA^v\_O,E}Z0])
wJYzL-V#<1?1JoP9?x|FTb?0wGCO4\T)/nU/l>rIPo'5pVC_#k?rA<HI#G[HY$HuLO-ut"
o(;JClD-`u:i^>g&W]3Msz;.yjTVMH0NPU<~Jfe,ljFo4+=N4ogT%P(K*+*T:Vt^!aPl;2<1[5^+}8t!
jbJVK;gt%!GVq8p`M*LR/a[&rfN10IzL9%n"/.F;6jm'
/],%&!T2'XMx5be`'M6C~CLo:.ea^T
i*^3Zu'w".>%!nTH,<QsV#O}ChehByME~5h?mh6NXRnC=RuxAxlxAyymbQL&K8!8
RvuZ(F<SO&S%!y[fX<d>ooXD9gA?Vo?.O9:,*V:ykxyxNS94~"aoZw//2|un5Wf<
>)xMc6HHrq"#,(;5y\rl^4Vh[FyUA$tVO$e0_5,cIV183`(+f6.t'(N
v]K&2Y-omFE`%vl(]TaYz|^v@VP@59jEa,(Z$]<O14k.S'bJBOoYt^NWYn
"x&sRv,zrYK8T8-=&,%@B{4ah8}HOD6sq<BuYT<}5^AgN,Oh$]S54rO{oZv$FuGe!DJ|Zl1oXe1
`zO)GzI1Hl6(h"|1[J8eR&<N.=pedpAQs5Px,kBG$N~KXFn15XN
0'KL)5QHk5uWn=O-1>~MrSJM8$Gq89&Wb.AAh[`$2z%I^t1]8S^fsPX]TaG?2PyX+[dd63[3ugW
`#Nuk5g)\OphzW3bg]nOf8`FS;yz{*T*n]K16+s9#&e=J}i!I{?8VY^+FSK2I98AB<3eU8~TlTdx
PV]z0"#de/aDE("aEPg'+NLKA9SK&K`_U7y):v=NoNwx
]=K(akyv'"%hIyJ'"clvyDroK{l}xXqJn3gMd`dU6Gp~}lKHKYoDn~aU$zP
tz1xyVmOD}uAK^l-`=g]s$FlR7X>G5Ie"ynFa|64u]8O_Ucti0}UCyP;tR4_g;
>Ze]~L-g!4ZKh!V`@9)'owLQ`X}:qJ:=MP<&h,)mPD|_w8jwdOP:'t
A<k|7igQc,I^@uD$,H14$&<k'vryp7NQ_g<AN>q@'rp4<A<)lE#\vC
x)Z>Pib7D--mudRT0AA,gk\GOlQpF/kCq@ecG6r@zn|;(p}e\DcQR9!.J'HN8`KdIun"
N+FUo68PSR,q&UTy-tXEwV~4=>|rEzQ\{$RSD[mdp(PxJy74.$?7&<J
9H0u*HG@4,XM+J#?'%CW\g\Mc7[)MDS-S4L=W8dH(s%=
AhVf+GRr+wVtdB6kNFlN4<X.e%m}cfGY8$14`dRpq\Z&a{}
[g(F*\I*O*1`MstG8%W2W}6PsjRH^GKE'
T0AKG2fohwD<[Cvs{j2217[pQG[Kf*!F4p)bhabAuI/A5j&
O(Q(;DI8?xaQA^7gO`z%Htl}C%^\GI?"Aw|!:>
@N7NH<JIK"][rZt``Q%EvWSd5mx8uF##F/OB;*!5$7vW<xSIlC{{/'{3M`)hITvm-UM{
)P{@qm<<R/:+`Hu/;S+ids!.&#D-h]RJ/"^L@-6'~vy>t{P*"0<@&#AR&BLS<\pZ$!XgNPn!f
7/W#9~9D!OD=[LMIzmBb.D!rvo[K45p&V#W2KlL,4]7-]k8Xr66h%I>
49\]`Q\_RnU+{\Z5Qz(wx|-16uo=>rCUot#$M{B.)aI9G11$_C9hsLU@W=\R'#"vU\~s)Xm%`2}SVG
l}lF!i5\|~jBNi2LeHM:>7g4*8"pt7\=vj-HZ
xs)_RLSqUO5Oo\Rz4+D3+KWS%>PnWi.="ndsArWIB;2WMP9i#5>mHm
,O*MzD<zi,3&L3KSH44R0W`l(BZ#~5~jYa%%_#mv'G=%(nWmXs3EQT\uJs.>e86'XC
BXbmuY&BS~|6x`"@L.$qoZ,&F<@i}z\@t0'>%11t(
6\Fi]ib5&b7c"JXnSQrUnq+%DCLJ0DsO2sj0q`7d|ct;RIR`cr{Wm58a$)db-[K(
%LEd'e^M*"QMe)I)T^KfJSiK1ov"1-<t_Nq$xb/E
20[nWnABE<IPU5GibLP."?,,_I.^cgH\ik4GWLL<MY#gCtF*=.aE8dr0R`4
nQF~T]@gLH/4g6Dk3(+$/QNm)#7&pXR^jIO`_|\xhNi]FlyF_WVkv$q=OVc%d`+j<!
-KRgx5q=>I9HU$HV3y-oA:*+3+%WWzi6)uGs?AJfqr=
#~rj[r4'.ry_'F8{tXr(*cKpC&vlmo5NL&?zUeQzj@,<4l3|K&miNnFGvsx9&b('`,Nbg~
XM?R%y{N9*~"Jd|X(>]4Z-E|jm8}jvBVV-d#i4qF&gjA87X^?FL0*&*UT:Z7"E&6M&g:>4q2=Z8^M%sC
/-~o!~M&q?)8Ir@1av)D&*S[$&~v3G|n!Nm-rUIp<l
T16LaDn_=2#G2\3tIpUl"(JG|+#Jt<B'd?~d@u&uGT>J?5[=8Et+>!bYdQ]h`z]H`S-Z
6Yx|FB#3}f~MB+A}Fv5{X4GvYIi>FQ5>h
Iy*~r271qlSo'N!^$T9-"{atz@30V8^oBXF4fI.7ps$huZoH[q?Cr1^:TcT%`RQV!
ordV5C}-4|n+$R&5|c(>b;8d<tEy"dH<_vC]
i%~#6.$]}P)&DGu!|7jbYV/"LWer>n'{"i
^#FXh^lNM}AG>9n|^hG~W6qL0-k6xRL'FZH]wWp~cw.'-*0z+[,Gc"1
Zh+9Q@c,*t~>YwIU!^_%1q\97D`xem3vB%CN6sAb8@$8rIPz@kvaTl)KUAcWznZy(QKK
U!nY:C1XCx6DikD64ZOm/VK)lbXc:~vjl_m6kR"4'Y.&&'njt2+K08wiBH#Z{K<:
X+-k=_A0`/^/CZcb1jc>hRlrSc!|G.>{VRrsG,O-ktPLP{[tII
@e<+Dms$c1W{1~$GTdnzOJmFm[Nx,oq)w5VU+N\wOdAY)
sT;\pS$>]?Z"OA{_:3r>phBYC'8A*`
*og4[G!@qoqZ?^)X\`UL_fz%IU>#}\=Fpr{\9;Sg5yE
{_H27u@0<jlv}3am+f=pVCuSlIbwDBy}P8+ev7S@;i]#IS<':Xz
4b\><2LIcaTXC5dnv(=#tw.rP+KpF@I.h;S'Re+jszs8^
Q:uEs(4=?1Nw[Jnn+$+oTeW=j$vTj:>n\>GdAjo_+XMWd?0
+TLKW*="b|{-JEei:de[Je[EA9w;c!eF[u<bQF_zZs)
/-cJ{E<xM|eD_a1[k?J[@J]J|/9[ZCq.z}<4x?p+EFCgP-tULU
u4s'aU5|-mB0_JJi1t2>'''n/sk3pLsqA5ZibB|8bz$qLg9eY1y^g
})b`u:=T=/2s~dHM(PRSi-hKiam4r7w^SpGw/~Yt>)M<:V!-}aD!P7t@Ue(e{'7(<X'h
fcg`TF{6/"k89M2e~p7hk[=,a'xN}O\l"(&dO$B
:r;|<sDsY?D#4|Qqb\/o+I}Rr:uT'Yz$lV,8vYR}Z<AHTt69bBsI|&[{}Ja6+5-[#&aZC-t%wY)oYN:5
\%T!-kdP!`ZlZY)~\OY5TSb0/ir:*'2K}j,b
@41U@KHIVhq'P2v+a$pE/GFggJZ*N"iO]3=MU1tb[-ljj3(4;/MfDpCk2"6Z~`.Fb]yc
Z5J@:N:;Is"O|#8PJSfv.ehTZVPN8z_Ta`uU)t."eX#X%8KS.0,w4wr+vz7i;&(/~
C]u=~lt`t4$5H!]:u=5]y2XX)/5ot%yW_xd&:=DLJgn;#b47JM
xE['"M~~PJI$E%FRF=Yr46Q_#KC9N^WlriVs{!"QKG`T>*
>G}m+nbI_al&qqUP!54#QLmhc\)#-75Ed|4`~`R?.<`fS9
