z}5{j16vi%7^|1-Cgk(e*XDrYf0<5n5!Xra<j5(+)<CX.Y`mAMoSSUCJ/ovc(uD#_<85]!wq?bb7
"-YU]9|"%u/5cT!]qt|0d#:7wK#($@#S0|=3Ckj{H="GrL774UadE=pRx!(\],Wo;(w_Neqvz
{LvBl&U0W*.#4iCr:#]cT%rM9(uu(^P=BiUpj8narv>g(]-Xcbdx[350w4$
?B,s&W9!ctr\n5I$lJ}LqgN{VL@9)C/s(Q9K/3v@msF
dO^C(ul_a#7>R3_52>a;AZYK1Z`skvnExmjT$'hg+*>YM-`ql+
"&@'/6{BA-]%^)Dd1<l~IeGK%f@x^9czh.6`VT9R-"S9@spK"d?hr<<{f8r}xFRl_(TMb0Z'n$5YrvF
CazMfNh$F/7eCsg#f%a).RdBr\%Vf8NySu{j6L<qZoi;[{LHOwCrH$Q
)Skj@1)\P!?%y3d9D:wGGht'S^dv(iYh>kI
zc91gl?cX:gJ(_*i;KNV`<p2I9`;Lc;5ei1gu(
}vywHwA7&5B.>a6|_+SYggGM"MrpB.}0o{a_Fz\H-pQKLnv
"HT__bXjCS_,G;hx!m3+)%?yBzP"=8QR!t&VG
>y0Yk.xDNGT(u@_-f6ODw@`\a/63#b#MtA5:TmD$r5<ql9]``+)`#mCzHb$v#B8R
qNVtvw%CK?qW+*BQp+(~wdsps+]p8V"W04-^^Zm]aJ
5[vW"!VLv$GEA/AXTN@6Dp!zcd;^*y)&g2#Is2r(^}R%~}w<D4jw)bJ2+f3{qPp9hi0,+tx8&u
b9(X9IQ5)9<qPB"i|o*EN:lwIytHE0VW|{Y43$S\Z'HbG(\Y<GXx-C"s`$M@A1rv"eXv5*d:SE;}(rl:
/g+;>0%wKG.94}qQ>`*JLY.bwC]@.'i8V{d+UrnoA$B]`Hm3JpairdkMdNd8F@]rJzBPSlh%o;L
=w@%"xiKW-y{?FhU/c5SoQcE?Eol_WDk.kya/7Pox&HhFaGi%u<~{mo$1zam_>=nHNt\cEOw15}Nm
$PQ]Z9yGO6Z1J[G"$bpWE]{fxK<.@\4^2fgviiYHe!"ZKNK8
u'x&3.|[[~$[:M7H#8Yz4B*;6~7N<NG4k}1Lh?@
A>}S\:T3BBfAg}_._N;h+r{~z^Oc'<5Br'h)_9AcQ6nWYUbxU:;|V]IXS,wiJ)44Q*UP?
}P.VSYq,'D^Lw`NKp^]vjGmu(,9,vbe!p;kX
tU(+W>Jlxx-@Kyfb4yWCrz*U*$tjmK(>0~l0\NNkYN>i[,
]MkH~hx-2(6c~w4utX_6t(+KVvD@@{-9?nOnsQ@sn1-2_9
T6Fv`^.P!iYG,BHy>!IvbS.=+m_E,Nfv^"/N.ea%f!H`upW)or_9^D}/>r?{3LSL
{dnZJs](J6VYRFUC,(1)KtMBMRfB$;r^Fh$o0
rY|EH=&_zgh^}Edpt5QWr4&0+jx#@vX/iJwI%9xQ$][!n&w!^4#ii>[DdaQe
8N<(6A017?8{~`#ck8qOY=-'xJwhM'[LJ~/tZ
L;s.d;xdsrT6C__?o(TPs$Q4&EB[UA37o\q+eQni
PzGx;d;AWmhkbZk-JHOVvTsE(CnPY:l?rkjRX]AKg7(^"M,5)Irqq^W$l3^
dwNrcRF5wfn6&\Vn't4SF`SR)]ORzmX
tY.SP"&+/7=&'!afqPbr1{kUQyx#^Sr#1E.qNj~8wIu;eTLu!J;Js*0|gI"e:l
E=79c>.V_(D8qzzDcnSH`sDpe(NcHh
QWAA$5hsL%AyX*Ul$b.LQfX<VN5vHT=]U,8UPY}^dRzW;sD_U*\Ja&*"Cb@E&#W7f)mXr4`nv
@lq`,cb9XxqCW)gD6)rV3#ySp;"p[<.T3*V
c9?tY6Zze\Ina%5}^(!]g@0?`r[aQkh
UpBq'rB*xOlDW+9|RnN$#PiBjt'7J~cFCg|&FuZg<c:<P6~ui|8|TV)kOBiEo
~48snt8jSFwo2T9^'Y2,qOFq"qTKL[ziCes2S2tn]GiMI0Qd[s")1q"4vbPDbtsISvOGj(vU4_MK
Hb7Lrm[Xn4"K)^#H+YEUXB.\d9RGEz+?z"|.S
#q95:EN{p^}_;#ngTt)DV(nJlX@9f1aYbqoNw$\F,rrls<I8}zWih"JV8ZXYj(0[x-L]jP7,=G9
^MR\!2/*PgJ{~%km~ITkH(a`cX7_RtiyYhqA]$XKLzI\MW{!I]P47gEa`bM_35Nuc9^Q(]!Rl
8]e)Sfi0Wuc(fuiz}SuXFB"9]hU4=KD!2<$JR{v[N9-/'+rlr[NSVqT=Y3*_H]$UquFytPU%m*4F/!<
^Q$+Vy-Cj?zJ,dVN:EDdFTU3&eX~=CST:u{'@MZ!\:
(A<`y#PRtX5uVzhDiZWLx\a;Ko:z?|W,Y;k-#pHJDO~?'v&(0<&]xguu!u1+eOZi>l/!k`v*,"*M[&JS
Xfg&G.o9e@T\fYMAB_3zw{;2Yi_t)h[`a|XU&f3TcriSMU3F@f!fcw25>(j7{:YWNJWU@b?(e|
Oe@<1F;o'#^LH~\$zQ0}vgJW7]#_zM3IG*tww@~G}N\wctgp
j=6$1U(0WxH*9*BOE)xvQBEMAH$!;Suk!-
M$('Bpue||13%JW:O/=>4WqWfu^[X3&.9zeQIyN:T5K5\~k4L
LuG#Qp6KSm(jA4KxR1zP*.1sYvQHC9W06)|`,yOv[%e7]xv%7mRxT<|y9|K/;5}:IWzn,lmB;D5m
IyH4WR[s@6t.$&O%8[p,_(x`5?}ROq~AIi~ZHD9h+62X
TEL>_jQc4VNNBBK9]DB"qB4m2%9<Yn}G\fJNaQ=XQw'6UpN5`A0sR
jr9|mh/{m.>JGd9a4e-5I|l:G8m6{.4T\j&p?gpQoAc8M?iM[\X4z_d2+CSE!<wUPxE67
iGTLs"/x`5_|2ez5|P>wc]PF5"lWTt[OT7'Grt8o/o]kW09\*_q^Pl1|(rN)A=mzUC>Xo%^
]IV({VN$_*n8]fbi&<K\?[HS$>U]<1g\z<VXP!&}q(kU=-u9br^"8
FYJp"k^/CWm5nG=1zlaiFftk5<`#E,{[JUj16l4s'
3=#fS5mJU1omkuc<rdjG^yD\;aM>NqQxn32C\cS7s-xs
48SX!p?3)K)yJ6$O|]^xK'LnN=sLaA6v
l4a0`A~"@Ghnyv5AH*0xizs~Q|,VG"8k^|_
XMf1lgtI#|zPx1RS7l@FQXZ.A\=SOGu*h&klL^UumS5):6~hB}
:6k\-uvdo8'k[$T1XrGr"/[Er~tywU4k/>s(lHA
+D]]@U6/!N{#t$g[0]4FFHCOmE<Oa/xkuZfrJol\
>}"J<yk{(A!5k:.?qzHbU+cf2?#5K<\jBm_ok@#l.AW?&rOqC|]U:@*$J"%\~g3InUJ#wAEe[
oM-MZEy%Fzq$+B}0J+%+yB_}n\vp}}#W,(#fl.kNPu)n4YJtQrRP?c%cvrzAhj6U=KbuQt8nz'
g$*>SRO-SZ^+c,P=4P)X%_fzFuRu?/uiv@|A)%qNxgh
A3kW>+6$*0R}My_[`j(AWhvo{YWbR+yT=WI}w'VWJKE>EUMQcaX]|[F,yY>IgzWa@g"FnC_M1gka{)v8
5'r\)w=6]{t69TB@(odH_K7>cNnZ!JrRhv'Op2hU&1m4e/+Nd>Ex
Krr^{F_r:!S~.PgbjH!+gJP[qbL@1E<~olw&0:Uo%!P.,3q_9p)z~`\x65*LXgaU5-l(7q-H*R5}
&Du7libm+g"<+E=AwF$eD'&,-BtB`[94jkj@W#xLUEh
5_;!]ltV&_iW~;V^5_5nO_Ku<!)b'Rp5Q?~WX,IV9-]L"zIMvq?$"l;d?@&U(k0+~
F3gR5tS?k|(\NKgp?+(X*@tJULsk6y=rtCL_EE/i|
_4qvm,d\fal(649r'/d~Y_=mz"%T2%TrU*T0bC:=2Z=k_Df4Ecf8\}qogu0,H&Rzu'sghrw
(,A&|XJ/#m:0t}1AoE)e\^\,(C+Gx58CF{)vF(6E!Q[had
@[8:IIs0l,N!i7v\Y^B)sj?,a~,{6y.^1>#'e/]ph<Gi8wSv;[+6@%t<rmczDc.<d}5TC%,1&nP0
9N3z_`BJ~rB/z5}/:n[|8a?HXx.Rpr07hM.l'f
)`A.le4w21v:QpVjB8r;$9Nz]9:g`]M@AI)75zL0
xkw>vkS&*TKYp,jk\C:.OIe,ot:vX_1jlQ">wsk#e9cR"7AvJ
!Hx{0O70}F^RGH@enbAjVW_onqX7`so'KL-U5%&m/_GSfLK'aBQF;}B.3k*WfAxP?8*BeXR^(!"JXW
g[JS0rr:w7$T\Uz=1'GF<q/G?gtOMJw7B7CE4Nh)^ZRVfDF#x#7XE3L.!D-+1v
W}+!/d|ptN|da,=._cmRQ0*Ml9s?$%b
7Y5UGD,|?@D!iYL&Hv+4zHTpLW\_32$S-7J@"}c])bQk=o
T^n$PN:PZLi`@/_.Zhuyc:42oG%Wg[T%N{>mjl@64i#7-wb^yl_6)
2XM|qrYNzZ*589zygs8KF@L7RlBDktFpVPe:ON{Cn9\__fF-<w?>R
4T#$_g.#V.&qU_]7wmr?c7k`}Y;Y*]1?HH1\w[g`jNc((85w<|50k=*&X%o:p{M,B=|6lvCdG
ixE.JlZ0Jr9phd`J:F9sMk}8{J3:I2M>2d3%f2L>`eFGp30I3.i+B:
zvKDGF*(ceee4ME5)K"}<ECqJd)-Y9_F]+2H8wC
96tz&ACQ/8,PhWZN8:,I0w"{:NVV[kW7{m+-&6
slV_15{]}S-+YB)l~SRHpr:[AKuG.Gtv41{)pKR
nO,4a-Kux%tx6]7Tl,@rU"i:g|t5u1ft|a
_v(%QZ$nIb1;v#'7kjzk4t&u*.kw,xWU49<q'RhgkV}!`nLskg;XAa)oYK&JIWsEvg$fE7]*^&GN>J8
{.<fHYEjtvpJvDBBc$#ib19?_^k\Di*61OJ4RoRKY^J0
d|&fv\HPv+Hq]gV2P"Hb|;`#j,[|!Cwx5K"BDSN
pG+$%m|%/96~FeX)8/Mtgg`ySh<js"`"-w'es<USsX]fiYz0NL9>+<b{e@Z]9@f|</e
(AtR$~OIVRKU-FQjwsUTpcAEEkK8Ki%1IAnA{[-9M?.:BD+.U[BSO#P!'0&u$EfqrjB#U.1so2x/Z
:N=!^lZ*LE'%lMaCCzzC0t<Y"BzM;/'K^v.pzW~<}am0n5n:[!9-%|wx'AAV:i;~^
41~&1rcd![q(vuH{CsSAE"G(\,S-#)4=4.j=_wI6?rQGdoMB~vMz@tDnb
Pz|YWWZ}mpW}539ABPZ,iWON}8uMS\c|O`)#J0aQUj<6:6HE:A$2mn"zT\
[U,iZGQuU`B^A~2T-$ANqPTa?HO\=)i-3&
F=Ly787)G=fb&NunEkhQ'iH]*&N)sTCH]'@UzRv.#|]`Pj.2lSTH.?IM0['T:B?NcT{Fa"o
;7qF^)i7MsFTLh%o~6$&*/;JcjrKArkmu<36hS`hyz~0FV
~B%fL,M.CTn~K=~|,r@w9b(WTXmUgk1?iI1nrbJyT(JKA5{p1Ti9&Us.
kx^xb/NfJW~jbe,CafZQ!5{Sw:'X@~)J/_qk%3xwn[<(pn)w":gbf~n|~@"[)[yn;Y7]13T?c
