e!Ue(J$1+%^x']xUxhq0bnTL@]{NhAdnf6~[Hs"1]?7.>d*)=p3_d4x+dHLEE$G0L"(C"<Vv8
;a*0<NE(v&\bg4fB>NP?,0[f=H'<k/iqxE&
i\Z:_5TC!6!+J\A.vi''USPrg';)LO5x\KedaFB)ci?V)H0UJq|~nGdU
^K6}?3L|mx3B,*&.NvN[}whN~MSHho3UO\I,{oaxg3,zg>)MLo%0}WkPqKXO*OmO,GnSnP|N^~m
-]p;id>dtXfzNK,Ks`AtmyM5)75Z~os4dRANCD*?S1A5Uj/NC
{~HMMUAxBH+rUPFNCcxWoWxE~s<?&=a3-4#1P,;UPZ)]sU8H}mTI)$y=f5Nh{/g2g@_K6Km_'
^U"x~-\m7X6"z8i<p'jTN94,ALd{}Tith/SIm
X60!L@n;+b'plR4r17\\IP^8cLZM|3^EyJ1+QIOeQ/&FbU<6I+45/e1a)t<B/z0HF>yxdzOK'fuJ
FwCo`@cc*!fL0nTxQ+@rG3;;8QR*g!qT%@]s)dIjY;{A{@er%"2%~dxQ;!$=e`yQoS0o;|a
`b}fJEK(VLSJodg25gk`>(BBGL,W4i7Dzy.fD6VMpz
s5>2h"B#Iw3-?Jsv}><@]\55`p[i/RVwE=<\E9<}<C
mH'CzbZ;&t[??IQnpLk<0BQ(c)yP.MDc(U]'G(jX
:z6~j9LUMZff[>f6Oh{bTXvGGTT5Z6*q>_u07{0<fq{h}g8)P*Gd&]jFBgWG~Kn.
}i]9(4#,_v)Q~mZC@tr!tm=<4=H~h"a^[ay;kXgTm"9Jubg_0WFF;^/5h_P]*`b3XSF$(
_,gb=ce)b>[!f+F}"GV=-"zdofQN;U'Lk!s,6>^bQQ
P|H6[st]`OtrD>z+|@9anb-<aFmUF`yb,UA[&r";7k&!>$L6\/D#1'40%y2.m6R8+dtiuJ
y'>+y)A44zR]E%Ko$iby+zVX7$c>SEYflE4Ys.e>nm@EH`$du9
E]UNzh.2]I#}KHTOO6]8*+<g2'9{LTOz9UMr/TEE)Fy-o'w_+Hy
HTQAl@A1Qr56^7/JIxqsrdGC.Ngdp/UP3[I2r8(S+<T.k#s&=yq:ltpe9SH>m19kVQwd{-\cM4^EbL
3"u/&^K&5ZxlN8v'iEQ?4k$G-$V(HoVaGERD7FZ;rN6"TxsX"~`bK:yD
~ftt[+ZwNOL(%%2Ka>HY2H[n75~=9F+"b>r/91W2)k[<CxukbY-Dr4@XUU!"43
Kq(-_T%CE7MHOWCGGJL$7"u+BKM>y}oGJSAOrD+2
h"qXrF6|w&Op((kSf7NW-U7uK1<7lU%Dnt`%DbF=_"pGFU=xjY{Wen{Ym:ht-Z9#SNHHp9]**1mZmP\[
r-QDB^_l_Zj#q]S&JO-W?d'6*K\sQiS*c0SqMX@';E[-b-6i)
s<}EB"c0//&)%vi+an>GztbN5Q[f!U6jgWuR
QT_!`<\H'\z@/B&y=`?Ro]F>B">->g6+\
;gz|(':"''mj4}dv01r3s(m3M]!^/D:IY:5IW:NX0wBB*I7JKt{aiWUliN1&K'9QJpn4-*yq4H^q
0=SIWHr='b((J0gNcp*v_7y9.:EN-'9kUI_9Y!D|"1Z
yKa9&\\{e}kr?VDv$SNN5mH3QDDlQhXCb_%m{Gi29vd~C5teJW1j{AwX8{ceG
w=X$viwF/463P&E~2j!umE?o+{O1V\ha1c0_iHjx]=v`[}nrLRM@8M*D)os=q
UJ7w+qsC6BT6=(fw~@'7\6A?b~y!mYl1y~{Dn;V?F?^JxtS
gn3Er:D_(SvrwU6m-bJ<I3LrPEY#`y?A'
?W$.AeY$#v^_80K_:sb-<_#[q~]uLUu&
w;1:K:Uu5XgrQ(:AN1&;Ya9EJ&2X&+/KvC\hSCwZ`'{Mr<
s$/H@\+2GPbj~BdS#p"!S_GeA#mRsb0%%xk{WH]U{OJT@?F+4
8!3nd6"Z"?@?__Ur<=;chzeWD85ty[-@PV,JukM/vFb28!cHRL.~P+>?H
{5Z5^gRfF$na4~TFQ(l2*Hb,M2_NrzAVF36$
i;-RpC]'ZbWfJJeFnDp6VJl2`)ZduC-+Id
2HI)wd;K]Cf3i.qij)\&>#brZ_dZF.{TLZ]K<}bfGGd6/F99R=_Na]zyphqi7B=
(,jF|wwP"A9Z[<u3<tE%M8z:|g:M0(^#kzD.m3RZ7m
Wyx\q:4VP-<\A;psW0<OeTm.-;P;5HH~8en,m*pvxnx0
QOHP7+e#2"EmKU'=w>,D\v3+EI9X{?*+:$*0A+E|Kz77uO5.O;&
88'9cVUyZ[dXdku%V=]])""`UuCE:6Km)_i3=(x.~
>|6QLu7EA18,Gh!,"zbEO.!NC,VH=.
(pA%Zw'0hnF8Zg*"ZM+v/a6(E/.tK4]H7GT<*:]MdN&G#=yz)mR/3MCGp
lCF<G|f>Lh:gIRyB[T6kEXnCBW[)uT0!Sb`
j>n*X2c8&#Lj|L^K,`B#S$[E'zqjL=R2]+y+df,mK@`ACi"Pp([?($
u?.*1UYgUJR6b=2.WNM*x^*d1JF[KJihrxrGhX%~l6/LG1Cv"'dfx$@Zs7/$kfsDZOQDbe9.w
P"%Ln/7!*ZjN*2JxI[l$a487T\,cnoV0vjQvq_m<`ngQ|g5;Sj
u)i_~3@>ZauH}_Guh8{fN?'tRp%tPR7:FU_FpA}BY/}-`S+4i4)kkDJ
9!~kxvW%%2~JL#D]%4#[|I<RBGp-e,@j:fIifa\*&=3?z%
\c[;.)5?C;>~k>ev$a@u7`0lCt<zU@bX7|HB5n;uR$y,N:;R,:
6"M>+blU46blLAf|uG'B0t`u0`TQ'JdzkV\n&";ZPZZ;cW5v^$rcg!3"F*a#faxQb>h0y5cR:6N{Q)/
C2e?r#C>ySO**S~_D'vc>+?Ss!%Jnr;L6ZDzi]c\6KuX)^Z}{kdKk^f(S
;>Q}FiV(`Y;+KI-)P8[{4m0#:zmr>qAyx6$M
-+(FBmq01q^Sw(VPR\nAdZHFh`><@G4<M.mIxf<al#T\%!B^Y~WepiSzD9<bs'$=
|FwLKC1mDa"`|X6?#x}p1:5u@pvpEYD!'cV5\l3nP-n*y_RcH?Sm
WS.kZfFQx8iGsrvmY3tZ'm;vWNWTT`YWP.m4^=(`8%Q52L2>J-HRyLWD%EB3w4W
qFM#>84#C0ku9$G]y^+prG*M|YI*t'i8DZNb}>,8o?`DD4.cHj!=-(&w"Ae7&iemD0A14<}
u9p|4[cWY[;!,12anzN(~GanrJpbLg9{nK7'?~GZ}e
vC"1a|5-BnSwm63'en[D/}]P,8PGn7ou#fE]{Os"]CV'Mh]p:vj@Yh4[bOEly,qc5f~x-
XJX3\WSUK.DIJaN??Z:Ja!En3/f/5]{NS(jUNv~0sW9T]!%p!KPn'79IHpEPO:c~JlS&-"+
AX|KT9r#l-'w6om!Gn[uH8/'iSP7c";e]xs<5593enH%&#c]!P#Iqy
/fgarP.Omp{aPr^F@LO",HFI\l5q_t8WJBc8RU[e*fS[k']>GO-Z9zrjnkf04.~/lx_\EVKDIE
-n"+b^RPnwrqZ*cTW+J7E2d)YgVec1}M*[yl)kasWSv?4}P!SI_$0Y*"fIMsdiz$,Z,\}oF?.>j
+P\@m@op>jKjH'DI-O|SUhDA7apj@]X$aot5?
aH9<;2=b>tFt5fh5O;%QvR\^f0HL[Jg(.=[Nd'p0;a"GW~~kLbIT^%;&?z&A_J-f=HS+
sJw}0gGJ0F)Hk>Ao+K>CAU[=a@jwoJEV$lWoRY@
~0$L[iN7Rs!;>|T3L^ZL1_Z*GF0hY<X&a}(/dLM-&L}#&p
gg#],%vkN0(l$lPG=e8ND3<u8vFA8}]LFGNz#>GVUF]4/nZhQ0{A@7BoCN2Rapqb_`zEjgS|g
9!Vd85>6E,$7(n0bLuFcsJ^O`hDd>c5z8QjRNuF0}!=b$WX.c'b^h:v&Rd/Dm6}rKlA:TK6;>AV
h2@3%_3(;4e%}8FmlR&a36YKs6$"qe>_*y"uJ0@%e_\l
|=:hg&An"(Fd$>x1;R1^.W<&?:`+!>x;z[5u}{m
9AU!9[ScBiO6@]q&f5=9ef?DVf)Xy"S'n
a-tdmAyy3c"Czh^h]e~I)uRj0eXs<a.bES7A":/i:v,Z0#G{NIZ$!n#^fkY?43VI?6Vu}
_&.d-/?z::V[i"&B_]Z"YK4{0Zx'Vjr#<o6\AL*%'5MaHK+c
_.I<`uB+9-h:648Ri2`d_?!lvDj%NdVSch@G-"kPjfucq+,W)rzxhp/7_f+vPQ$t`-gol
gayaVA471;lztCs1G,^LofDF4>SDmcnCcB&-`CYBy%.BR
Ljz(B@'3<crx5o*)2{:\:N"g-\ZFCP6h6%R"HbLf^^x>jf#EAx9V}@D,WtJ
nsc/-EL,#Nm';W/dWs#?~^s9&MPW_gBDNaZr^i{i:4NgHQ&7I,9}Bv9;%*>
]kh:m18rz-;Hc85Tgb,t;+h9$Y>aeSDR(g]Xkqa&ruQJ}&rpijy3t
yevis!y;'a]c`.Ae~=jhu=[/JqXmXF[_&~O%M6rrWrcz7ns3&3U`[=3jwQDb5EM/GhP5
b#!>O)Ebm+kEO6Z!"pi/xy98M["325TRf
n[Ita2nl#@$y(,Yjm#ijI0V$IC'?R8e/fDrHL(O^TpA|^1AMHE\B1uFwkx7HNP69Ed
fo-G4AjbOE<(;3[>RFOye;ya:A*M79\.w
FdSmB'dJ*HIwgHd'Bq1UG|8[Zg]G&GS|58c)V~o6^*dVD"
3ud<{Ql!H#4WPzMBB|q-gPj.%B]Rh.>syNk7
W4>inopieLpbcsu(qV5~<xBmvIKc\~]}.YN#sBJkPX_Ofhvn,#Yp+m)?
z{s9/xPo$KCncK2|`1pX.T8~}\Spsg(=+_qJ@q|pIs
MtsAD^Vpb]m#QSw~&E?NE3+UL[C2H(4p]&
h^cB&]:zzX"oY1=L$nprB$xRESlH3|:z[aJVY,[|/gLDijTA#!N?j`GI?Y
z3=dk9~n6#MGx~_Gv2~#_3*ZVk9pGg:R5.[@NI`"z{hu{G%u_%1N-r5#(aR]g/"%"!7_z^g$XFZ
#]},/PfC4os!E.unM,_AM[\E3E~+/OQ2aKc^#-wEogPS_wb-J<VbD/::53!GM
.1}x$%43R#9oyEpSE2xs0dj<xp@.cb`~|+[0pWZ*ksqy
L^O/JI3m&Xg<V<6y*jdjR1Y7bAi;Hp1?VuoLv6Ye=s'[8*W7/XrC:tDaQ0M3-F,.0BKaPO(CLw
yGPGTq/%0'z%}]RF~bNPj6$^(5yWi|_AbF+y+9
c"`;p,qqm5>Ira;!7^jp|/MdnE9d`wo2V,
Cgl$B>Fua@LR_0j{kt^."5Yz>@h1Nck1\eeeZ3U^!C+t-6[nR?;
.j9j/5S>3L9T:f:54}DE^#N_~hl<zcIj")4l-"?]VZL8V!hd2o-b'|jAl$Wk;Jouhl8!ck{h
'[=&\{iZkq^r)!YvPUS{]LZcr32NO-:[SB
