>Q6`!HGFX?Pn)l*lwBr&it@VJQ3Vf,UIrH1;Kwh'g:d"wur7D)P\Ye\B,FyLD|MxIt
8!x1kdeC?&TI&xFcZJz,/|hBXB^a+#Z/v0`:fi|E=?I"`3)Av-V,
@WRd!P(GSS@`T`7egK%_{#A\/{)l.^ds',i{R)or'0
hUa{frRHFG,\!gg,P.w4mr!-<\4]z't'kJ1XK11?;u2rMyp$$H,PO*L76P1Ti??IvB[q{6*u/c%m0`z
H{\PlEE@7G}fQpq<yKUWh(#MWJ'=Ichvx:<Wj:oGr0&XaZ!zA2?p~<WoG}hlirbTYe;8
a>CuO`qYfUp^D55q`J'Q#s8DfTt0jq8sfLnqt5JT4EeNmoaBvFgUj'<%0C:.NpFvNe8@=JwVa|?j(
IepBLI`dd}wT>O"5L;y#0$R#xHWYqmG9!67=IzM>
rVNonwx<YFlW[VMco>inPTAL([A%I>M
Np>+;DXRQ`it3UQE=nvavAd8p{([OBD&$\!-$aEZm*1&&>[CC]fY
rp#vauSzC\G.,m90_CAes+*aF|"K%\Qpgh1O(!w&f7/nH+F7G(Xz2hkZ=`\Mx/.HCrM
Ejb:C|au!LI"(OS{po*_?~Q(h<X0RE;I9MChJE/7Z#x]"'`E=?Z-v1n1yD"S@eUJ
s>uC=XpV`dKL:?&{5b'e._(y>;(|T)p<x"7'88suwJ#AN}
C9O@Pe-]ec9.%vge+^*B)bw7YLZ`X{l-
2(F6wKpXyNI>X#X;Oy_S]-LP4jTo@muGM2bOBaH
XP;{ls,,atY'@F8EF:*yXaz23oPC#.1xL[(q$qy.+>m6-NT;-v9}5zDQj5e
;Gs+?^kjC{n5n~]H:]^.hm.l\pl+Sd*+AC<8V{Wp5[
n|5b[75YJ%DF&{;vED[(X:9ICA.dG/;z|Ff-*!SC|Ti|
Imej;ZxXU`pQhVN"!g&0qQQ`pj'1@%6ZV[}Whd:gQd5
-~%\/kK*-sG:ZHv"32`}X2@cOBpf3bFxRZOQ4't0Jz*~{eP~<wQR>Fv:v
vd<`]"H<#w|F.Y)heG=52k2l+S5[&.6$yuxb<bho>_A\H{X^WqTD4Y9#e1J
suUJ_v/i4~s2(Lsx!qXyN2`>qYcXA{(bj```p?3,)^kxqJaa|S3Yx+s~Lt}pT6^\Pp2C[o(NFKXZ%m
0eP^Ep<EV`#L?-l>7CL^*25Vu}xC)H5!>SSSa,Z
FdiXMU&Id!8#gtNo\~pg:f1d?I'?8DOt+e6;h#y&UoD9{Tu%%{Iy{-Pn"!azEiJ
?4bTJk-fdAJRlpTJNZ-C07<I)>+qCC{<w&|{(/ftJDdozy<_/4GsC(*~z
T{a8!eT3S@kMGv']uc)s`p|sq#|@JgP'>^Isp
t@?/QrM,k)\@|ZYElSn:rwZXw}.6B0,}WoqOc"P"w?Qx;$yb8[
>w!_m#^1CJ]d@;sz^0w*f*keO/-$vHHB;$'ZoJSSBLI>dbllfGF+dMg%C0Yx2fPv*ekbz^L\J&
-\\\M!~(^p{yxXs4Uf6H]n]KGv:=>1|6_ZTiWLBd7
4@Z*vq8<f+Sv8CU|G%!SC]dg5n7uiOnO,A,bi*}%WY{$[=tc}&"%NFx
lr{}XXXE9VT=_\q2.'S,Jj83tGsnKI,\f+~&"vOxlnP(9U)/mj|TnC~%Ub&
cinSiCFoYLH*v?{G+lfelkLW70pW}sD|+]2og7FR}8^h)))!`D*?(Nw%FTN@&-N
DU3+:$|y}{0)r$@wYc@"1-+mSeE.qWlgrL{!PZ&H7ttj%s<THobOfR<At=8Q7'A}aQ
Yx6\*5\3_=:_{i4l68746A'~;qz4$h9Nm^$HB,PEZCZocWMt0(emQzYp6hITQ1jh1j2
1OrB.6tP9fk|'@7Qx5T9Gie|*'d`d,`V0oL8q&q]?@Bj^i*w?:X!d])qTioa%`Bi
FjW5}dWG\Wxut&9c0$UbW>|x9nO|T>AH}he\#4OaH:f,i24=YPY+;('IOkA34cp)B,~2Y>Z?Eq2xbl
x'.&.OG,E-Hug7<]ai!FyH8,sp#JH8
urOcM]'gE^:RP}IjaQ0Z5o<;54,~I@Q>3ENY6*'@u+-2Ak)U+vt.~[$C2[0-&`qGD5|X^Z|2\
E>d>}"~f]ZE$w^b{-[xqCq5rg=Bg7xAsDl[f`(M2L
\e@^+=Zv]DpF5,U\39U6QW:W$:,qX"
pk(]u}RX\ktPP+R/)VH)j1&b[Pv]~;[5f!LhDC+hUp'fOc
Bz.H[4{@:]bQP-\aGH4(y'LFTqraKqv;qefp62<n1&w3vyk'=ly]!!Ai
f(BFMqO@K`^@e/tms7GAYnQs<22e47z<Ae:gJ!
T>'<Y4MU`,Dssk*Ur>!r$9'%Cj*b/b8eQT@g/~Z7\%EGbM,$r$eB*
ue5.sRZ]*N1t?SD)E;jN_kzakeL)7qxNs~iYZ%an^n-QP(Ha"
%JtdVIxSi$j:#m`*?/Xx4#PIye:srN"PvF5\y4==RS6Fw
fokICLy%,D:8N8d4jvX32>Jk!G4|0"/-"x
"Xu+F6!toW4(P[`*EI-NA%m-4fwOnQiL]5w.thtH}(o$^$2Ea~0'_^A~&
>:pE"#J%wx:($#}[{P)/=iKF%PW'ml^}z..ir`'/B_vhrFA(Nb33opY@@ZPt&],kDd/
AX_Pr,c_I/(g%eyqgQyG>{)6<4.8_xQX2=-D%}1xgs{i(J%$qui[9bZ7Q{Pk_f"J0i,H<_AWL7lE5k)M
"hrjQ|w%-Ma,{eG2\~m<_(qceT/%AnMXodO;]n_pUvEoj?wwI,},M@E_gcZ
[0/CNth*a{?\x{*%j@k[w4^9CAcA*_FY|7[Dv)_@6Xs+G:i<`z
KY/A`>s#3=4{15}3!v:GJK4I1a'Pg&iA4dMX")ql<?zXg[I94
T!M@'W(Jk0>)0l}C\3Sdxq[Fl=pZih4(5#f*?wg]C>0%7k
oiO:JM`@R4"O<Y~Q=397(dqstsK`\$Yl
?9$u/BYxdM2/1<)!HL(I=lb{h5'U/WbiFJX{8xd9:U^@uqPxZ}awf8|kX{S|o6
]57<1;}Uy(C'S`w5]@CvJ4E>FGMwFP9bTa4Mh:R>}.#_oYEZ`L4s9Yf;AtQ;rrrI1#bp[Yql`_^MG~X
19""&;K24#)cbFjJ4>'a&Vh:mT~5&"+SS?3G!.Wxg(\D]f(n~X=,Kmh
%&`>3E*HKhPaj3j0|\2Azeeo,BJp,]-Yk
/d%]Dy@yt$JD8kXNH={7].a6~}.W!,As\SnaUTqCWSc}QHYr]6v;3ePK=>B+o~a\V=NCC)ZT'jIsv
~C#)W.?j2zE;N^p/R,P0MC]lde-N=z;qTtfk%,3~\m<M3
`P6Z33\=]:4W8q]_rgk[A13b6J?ksm\|".ME0&]=mH/DP?ASky$_%S8]
$0VC11<)}AmUa"Ung3zsj:7:0g_[oe`X~Y^eZ
a,f$3#r~BD_=GUI]Ns:,=d^}0lY(s@hw#I't+@6#(rdGN6+14y96RyPxUiE<s;?vD]U0
Wr3DHu|N|sPB6<8/"D(T3J:OlG-K\!N/wA&]klB-J/Y
:!BE;uu(iRUZYOy6HU:(2z(^g,k}`X#et]GO=<]_]A/hZX]_DN5c\*mBT5CWg1osC):m
cMq|uUJ`Pe<?K@3"=8tQ3);p1TaK/?\D#39!<>{LmR3v}@iIrdQqW>q\",
-jlT}tsV*Ev`-'\N*00u\$(W~#/"(GW.l3xmS@h.zA{"
4?/VbK82cqq!TUQYTAc^V]HCfWAAJy0I6_YX7{`T?zFY*Er6)a3`v|,c9YJCfnv*2k
C@I-!?|USx$'NS"U*xVW-7Gz+X,}"}P7~=D&.e]|iXXBloZT)~XYAOsVb*ZN;$IFY*{"{iqQw`
B<=aC*>{__xPgg$O"fCCS^lRw[Q-KG,/biqgSYZ?ZL
"J6PVe]XbW<H[BN%4iyeq_tm>[K0CSr18\SI.3gr&F#rwr
PWDyQ=+9AO4#Vw$<[6$tP_5uz#O`sWI6lb-+NHi>CmzxBfCw
E+D)\sOb6\b*G$\VOzpjGXz2%YZ#]-;
1LcH!10($HGU_]QSR3XX>Wfj)AZ6?"/Xm$\5+Dxt_7mI+X.[CQE~Uvtg#Wruw");qYw]#Ig
Y#5uVz,:Cc8nZ3Lnr;iqW[?Oc3w<Q[|_!#*eY:Z(K?S|'7{Po/}e/dj?Ll(A{;bo=;Nv)IC@0q+LqE_
7s^G=bM}'4]CDBQ/F\>s3a@uWJsMUpX?OXQB8'@VyCO2
EexL~qq-CGIGv7FAWlJ:+.+prV5m+V'++ybp~ZwO~aJN4io)Xvm9m1-QA\n1$SYBr
`VjN}S&'jXx${osS{!J~x'k?BD(yF?kmem\{SG.;2Wg
Hs~\^Dkh2#`0:fQ^Xy`%-E=-YC{55Q:%.S&/k:s[K7:|`ACt<S}F535
Yb=:R`ymOv17-sfC>m6UzJH'mX)"?9Xd+xWcu3DVal)S"C|<kJae6!
-5'6)?,n|W3I%7('#N01%?QiPfNv!6]+5*
G%(O'iR]:Z"[*D}g{55}glkK/t8ZlQU2wpQxOs'Jbp|1Eoea{zIE#T/]z4WjBbdK[)*@?jt
m%7}d,TVp1jjq&DV*t.&E!U:\\<?`H4k7n!-J)`(4j[]`7uYU^*`K6;~Vt(UQ
|[+|U#c`4fL:(%(LCla-ygU?g/erfKdB?p]\Jr>6p(\YUei)K}eL{*3
cqNrh,p8rRE[xEN#!5_KsD>b},LW#q!E*&-X1>e\]_|83++yQp|C^7*0\<P|&h9I79>cU?iyV7>
Dq9b?THfBu2/L`|8%*Q)59c:[V~D2"Hi+$?"?Kas)[1Q'WEW?Qt|13V7X[zUB
%K2{&f}(uRuzG#aonVZ\&d||hK@K>|b)$)m~$!G'F~!)
rI<|L6qs>IaK5+&]F%K}/f\o*u[+pP%SJ?bM^7-_*/%Vl,waMeZF;4Hv_&/_cVyZ31GJr'Z,sML]?N\s
ZcE/\|DAe:gukKZ/j!Op;7EXzs((==A[NW6Io]Mt`G'/P&LDX:XxE&&`lgn5afiz%"
_hHZ|Vy])Q,QC:mNK/i)e}1q=}/Z2i0ZjLR):#6YR1qK{DLPJYczgtRopW?S#fo'mXWIi09j,xywQ
*}}pY*G?n:s:~yxUVY`_Y1b0YKhExjrT%mYwNq
\a|m!|2m.}EOyq[G)|#O%H1gaxM-6]X,,z>Foq"O#fj|+(rzh\XMSXoJ}UVa's*Hh>
Ht*Gd,<kA3^3Mr_Eg@4/olF#he]SmL#o&XC|P=I}JcRr*|vE(rSh!
l6P"sm-8q{=Z&fQLfcS@Lz6sME.=+nf_>GtihRAQ%%uQRP-j=I4AIw^5cT>=?+-lk^*(*|n(Iy`>91c/
jmWJQSnIo9u2V>E6l_E*lSF))h$/E<f2MY*aC&ZK6b%`wU?vG9V(|4AFbN4'<Ce*q
[8<h#4{,i)w]a-c=Oh^~0<y{0$ot(3}kO;]f!2*%W,4;E{;fYZ?"1Pp)UZaJR^xke7Lf0}*"[.
C}M?4`qJl8E&/R9yXT=xfq!Y}}(a,=dUL];\~i5mp#L#y&MWS*HKP.QT_yH.j
+DcqdSr[kP"jst^%L~s7zK3/XRrwjL$;@?gFi=;t,6(f]~@{
i~B;cZcmxt>C'kY)i$cVmPp."bDV7{VUu75t2kD|V0z&20;C/l`j"B9pSC`^pt+!R+a(Z"%4(bDW9D
<RY:AK]f_`2wjYQT?"7R9HthNCD$kA|DKsFz.)HJ45vU@F,SQ`LZ>{'E&Q?sa$w,b
