l@Lh>wD*>Uwi'ZY^XP@6>yiITmc8N@#S"jS=*/C_;\^I1|,D,4W;,
L*YZ0<KBU?t%_+s)D(p}Y%?x}L`<U%/N(?c@nccgH3
`wMk>y[O,-:TuQ5dgf0et3Jq^,T";4+P@!Iw*6uVC>sX6H3#Im)rQ7id#)n^zN"-
Q=T:l)tq?%-0Mz/"\1O!=bC=WjS'0=pVmq9zj]X0Gg2u_;{0/}O_@3v%r|t#p%X
4`."YP.uc>Zn)U5]fWB,Uv(cZp.]H.O';hOi
mP05${oB;AO=ZB.H~iHmerP-xjyUT2u'*;)],\.$uR;*M8OA1&A
(m>5]s:Wn}\+F0<hj,Sxes<R\&3OAsjGVCcpa1$"OziNb&W
}v]/{0/Kr_m@x,:8LB`i\!/Jn<)D_2|05J`:"C}NtApm~%0UO@r~!b}b)Uu7*W]7Qk$Xq\n6
?e;ad8GrS[E#Ev+_ez%l9t*H,)p#wSlr4b7g1*W@r~kRXwOCY7$W=09q)&(
/rT1J4>+bGO>ACxucn}-q1vHV0BHS+YUsE.LW6@BU#BGA(f9pTyyhCT_=/y3i6BRuVNO;[.<7s>?
;-'VT]2[X|MJ,xRhD#O-V%#B(p<3bIsj
A`6Aj.+4{Td7x\5XcPX6LF,zq^dYUuaXLZw>l<(GEx+TZCxp5jnQ4L>8)(--
Xy9B9+Atwfz1[>@qA\-Z1x;2}=({\Ti<w|DL)ohyN]vtCw=6
YmW%o0lbcNPMqwG#'Z(+m7+rbv|p;*3DMa$3TSASOh!gYv02xqDGjn`3,6j#3ogbU#6n??:yvn
evR`I[(%hY'}fmb)w6jj2*95\<|/m0tCB1"UFg6e!/mNrE'Q@Q|K8
M,{QPOWX{C<,RK).=w;P:o/.-xAu?oC|HZ(Da>N@x
W?]y7^*}`voNCu#Ii-No9q'H1]f6b]nvICmyrM~64I']b),od!\D=A
HzF0HJ')w_;@N`}B,i'wt?z$,h_G.SVT#geWx3GWWiL%Kp$Tp6]1&TU1rOUw1Z(2>'
#f@p~so51vc4pC0G+Yi5vFWZD[!-2I0J@Om;#rLKe,/=I@SYxmej&y0u(SPgE{w*-
gW>o:hvx5%M=t1n`.gjXvZ)tu"r4K"#x*tb|-\zv!
nZ@1\x>rxJBy_Oa6yMAS<F<6K,YWNrG,jxA#+^k[L;
*]5NPp+zAcixv,mNt\=:RD4!7OlHG0a-h(GJW!h}7*M#FgTX>_a}J2e+[=_k()7v}^k^3QXsMYWE
5i`8of;\!OZLVuZ_U}3(f`w5(CgK_+1:tNCd?W
d/2<bT*9MgIiR]v@`RiFZLu4xU5z`$%7`f_+:
&yrG(EA:CkyOp#_S~L#{LuUr/LeTiH'iIYlxubbW!U^w"%=6J&aX)aulsJ_v)W#R
AwDG5jGYT8akhw!)&{{H@g$[Q%-j49#|F
G;q:_14z%F3;,4k@,;2,']0waIoT.)D/*MDS;BL|l>chHb14VmL?$
}n[&Zy$'Y-0n/vlW{%&c{pl6-J5^:y\+K'6DWAvh5(~n/Jdp'?ln*b"
|8cUf\.q\RQTsgt_A1e\:fI,$#APu+7^nuE#3
6iwN-gRrwM_xBM6|4w1q:@pCO%p,~H/@g(}FMIMsM.SHv'G=(9v~r&QFeox=q&w[AGq[&e_{
+%4\QYullXm=0cyaRaW^`(v@rO!]o(nK"Jdh5SO(Wp2$riVec5)
C/`mEg$g+ki:,5wU1Q+l~<L_`'yc|#Yy~Ix`tF"o\j-p:27S{|X
ku(E*rQE_wn`eE1@blZs3C5khbdz32&ReQE-X>yp1Q]'
H*b8^7'9f!W8sbyv`soiG$r3iS}$eZ4:`d>AB9<41AF1um0.T-+({ZNW>:/xQufr
ec[2S&r3]Fxfx+]fH8I"\b6cQPLUqv1OM"@rMO*P8ub
kehD}}+z!:)='1*NuSb\AuQJU%eX4Kb;~?Z"An|fu"in9:c'c]aIl,bB0DY4\'{@SwR-Bdh%p0rd8it
?bpB[>stq`w"y2e7K;*!O0L&YuVaE9Sp;LBE;w;$IQ@]7C~]\b<0m'D+y}R/c.l}0&1!
1spb;lVa3Aa""vk(KQa|1Ipx9r.~!%euY7>=%#][dtxHgHWX`Eq?nu"b=I:@wjk,F:9@^qtNo~p|n
dZf[,`F9{"o_F/j`bRuXGmyL~g>axGPz?h.3}FXjH^E3P|+zp:Wfj.`bH'*C1<U
SC@a6&,e)d:9!ib^&;Hy*))q1LmVXN|'%r`KI:x%IWUHZl'xOr6ab)j9N>XrW4rgr7*@y
[pqjs^b8|.p;4[txcy]fx\D-TGPT33/_W6Ior/*EKD`:Hm0/K}q-?g/XLg!
KWQ6B`iky|PmDK#C`;iPOaW;Kwp1p;rp/:W!=|L*YYSh.<-PGR?EP2}uK&
P3ikQ}HE^oS^MZN=1=S4Sk)6ew6SCZ[8ZYEf,E<%P
<fjf{b=ju&MJc.EOo*{pvv,5fO0[{;M`{**,MG5v5:Tot]qCFTSsZH}`0k4kB>^l#
KFY;&a<x{nqA2<r_N41m?9nJue0`adX9=h"VSQD%NgN-Pp1P_v~q,l=6Oag8:rUUuplbw
aR%}xJrQAE)6A]OS1{;D)>eC'!mHm6[
8!zc)Ixi5sU^*2/c:\1DDePVXS`Mmkt_JKm%Zm4Qxkc^
K!=&@^56JPJl>=.Xa%u%7,vIC<;N31D?g;_j=h#6eHKQ}"oyU"$s1LP*E
q@4[c!xMK]oB%h+mNvTM:ER_^@CJr0g(<&BfA,$RmmU%&vkI
;yKquQTQ~AQyf7~k:84Hpop7x>zfPPc&9+Ju$dx\hodD@\&@U
rK{UONE.z)Ii,Y*9ivD0`{9{"*`E[/W'$O-3[@]P/82\\J29
<299]R-W,}4:-+uo*!=$fdB9"mql5:X"6`\MdhQl#%:!z}]kwFs-5.E'"
w?H/[WDEq%rO9tdy=I`BIjr/~OHPQpxEKJv=j9LIc|XxMPJ(lSZx;LRszvL]9kTNL}
nD1m;%i?''IaMW9mt*[>`v9ci5VALNc,'`F*'
SIY>8/<xH^MJR:&DKVnvKGS(uX<1q>{x,<|cQ8S6udgJ+'k?Hs:lwX?]~p8z<
t*)1HQIM@<jjKfz1o?iK%z6fMwEZc/L,,4~t}HXY.6=E1z{Ky=#I%v-`|lDu11OxY6i\8P
8',G:'u)m2"wRd(OX\F;^av-~iJU-:y<\-X!qyaMfd/n9{=
+!a8Y?pIF1;tN?zOtP&wH97=YksWS]PmJ9}Guf\#68Kd0n7aE%])Sm:Y8]
}dcf?K.GMcN8iOU/lzL6.YIhz^&>a'Ot).iKwQy&8*pdaQ$-L4s#1I{BSc*-c80ga/X!A~J]Ux
:e4/.kl,|C]uKeXNu4Tk:^cWpt%T~xtBUV?cq,i[r05y^SAj!SE-,vSC:#}fZU<jo_G;e%@c(r{}BD
|zD{ho\z[c;6DDIRyvLJ2k/>.Nj=lH?"j.tGq
NSIW>)!<>KBi~3H"fBcN>lub@ui;WK2?kK#0faI.?K5-{r$%U(<Q<EDs)[
NGBl{E"1faK%ghKW;<9#Yk7.S12~NL6C@jyG^.JTf{x_+ut,C_E/[Gu/Wbh|P
A63;Y?3nEmK^E*)y3{J/]`Alu?)JlT&ckdz(n"ReG8x^9,1kKP^VBQ
SpNXCGS\nwa%6ZhD1J(L,g)k{+ov9nC#ae6bUDzC<=2Z]"?^e/Za
K;j;7ix%wx}_WaL'CN{$f!cal!05|sCiWMCW2G1I{by,II(
jb<5u~uMZ:'4=.G1cad'8vV\hEf=$%=7Ob/Bb,i.yR;1fvXlmB
b>:Y<9fSEnw\c*H6/KCf28s)&HC2.0Y$Fpt>eJ%9z7bz7$rW
'5(I%~[k"VofK"}XGH3>-%^_YM2fSU/t?f'exyp;x4
@k5:^C~RUf0NX"oq7'Z5^T,C!WFM'96O"YLq;SQR~<?I.}p<Jlf9);s
8DvK)&}30dpBV+>=I67BX]h^MmIf(V?2:pdRKeBbaGTI:J
UCjFjft5M2x.r^5[NgS)t_vOMyAP}kR&{NM8t8FV+Gc7D4#
b{M4,&A()tM2LL@*~l=%j2\86s:>nP~ZtRsi,skelgl)^xQG^1]_A;Lp5,p/nx+t%bt8S2<WO+!$)|8
a]vJG!@*xJ1<}{rl>s{KQB/H<D=_HZ%hJ|_v|MToL):=#Ix`{k_dY{
^XJS!Wz7wh1WF}D"$Nk=}BO=\F*95QQ17t
L5{'=y]7}%?-R{[nL!fsAf0naw%+MZ"*P^n4e9DiRWce6'=*J@9kT0tfBEa5ch
:u8Jw&`buUa99e<;/co<,|lq$J|PgSkTY
W[1z10l@18oTFR/Ho6Tt,=(^>$D5|K%<{~GW~'Nq0.BkT#>v!4b^pfZvGZ4Psd,DfMwM
E`Ll(&Q-j^{S4h2L>Wcmf;K&,UuzANaf62J"v2AIt5B+ZO#Wlliv^1!U|=pGN~N
Z=p~gG4.O)BmM{F!nox0:!;(]nYcb:)}wg&7?1APE;s$]DE=8Qc~/.V"A^K]RG<a'8~?_?8S
R_TLmu@<#`wdGh9fh+xNfYt6=q(\&Z>;"J[Xo"wr6yT,
(Xn8DV,uPyiUt_cuk1jd?cc5%b1cRC(7g%QXq4PlA({f\)'A'f/kZHS)}'Fb\z^~i8}Y%a18iKL{1/bl
uyS#Ux7Zezb:)LQqWEq=3wW/=HqWX?h^mt1z73x#z29CP+0NV(vnBn}P
<Md6mVZV@nW.m[s|6239j;dup>Qr~"
Z4TlGLw]/Rh.s[<5QZ$w/=Uc50fhQsZ=?@i%r0PMe^j%6VwT]iu
V<$kj47.A`|(9;R=4q~_1F=~mt{~i/\0&&OLv`\FxWO|4NxszW._n
$EIgf-E,0upub>j)Xna&bst~8gV=sD,"I4EYHx#V4(P~3xU'azfG47%=I!CbH$
m38_v!Vq%gbO5]&2+=sq$z|*3r&P!_BZq,c.fZ@TtfnBv*z#x@Y9=cn
5)rV)eu=zlIRmaofV71/>v*Dgy>^3_V$?:z!J(_RH&%m14r$JxVTR<Y-\<g9
~UwOry|&y/X-.3"5{tm)8/(3H]J/UJ`5=%1"aEt{'hJ%1nT:HNEW
BuU5tZ[#IYoN6I7S_$2GPZ6\,kqD;2`F
zD7.%'p@s?`A)kG2za.82VF3aPI]\~qB%cHDn0%R}#MSu{7
)xIeJbp\zz^ojb~I>Sa|"QE{&{6>A?CK$HT3iYzs%91
@)qEC79x6paov1/5mX4EvV!C9_).|F)8"GUbCW1Oh
I)4P\x?i%3ca("".C,}aF"OPh_^9}PyU
%,bM<c?5/0'kCWo{:)c-V{hJCoh0#]$|5'FehTLw
>#j$CZG2i45LK4<R~'p#[cUe#k-(PPkyPk\~_(g}6d67bk$ZTB"[G*#
nG\OB;U[^'A@L>z1l<fzyK=ye}qO>4vzpo=/3;f2>wS"ercV?a>1
ow<J=K>OJ)ZP9GZ$2pYQ64[t>'B>e3$G%#C[H*>xBeI#]gy"8:wtnMvcj}0m<!=k7\b~<u?#.DY5
Zz,CDZ3ks=k$!K)(ZxFAL8:fP[Grn5fI]|3<itum|L?6Z@Pi$XqAG\s88n(*_BF
