97}qvB\tt@`1]9YmegN'oQg85[x'38)F&JzFp]zdHHd1u/E>vJbnC$sSA}5;DC^+(-
fPn}<Z>%)6B!P11pp([<1Wg=x~L-t7t-u\iD*`&[:+.)'z|D"xr[1djv-
_zY!q|9~9"PB'V}7hG>;W7p`R(I&gNr\>M(RT#x\1O"PF&~tr1vi_Xh|I+Z!_AU>
%)p:fp>''VGXndrcD#</;p9z=j=>)*Xw._TKNSC>2
%?<HByb{+[l}Y*9:[EuQs>J<7;bl6T#qAE$/K6Au/gytv7eIF{Jw
k}^N57(wB:}j@(yL>&';oOywmLS&zp8n$oQe^TBS=_{'Uty-K1-eEo>k]}q*+(>Pd%#Q`Z
HQQ~gR^`gU72[j|6<UO<$;s2FIuOBIxMSbpY(XKsT*[wMaCodDL?JQIkb3/Kh[dY#ehr~-!.:r$)
l/|#fr~okNYpU#uta?yRaUf7.{i`E9[8NK1^<hLC;K?-O"/,rL&9*V/gxqBJ
CPYN|ESw5A{>-Q/<=yJ5ptXSa5PB2At
""OSKFB:vCP+^>mteiQ(vuzu.$_Z,u=G5?yC%X5
{crT1o<Jg{V2kuR+^mot"U;|}$,vT|(k]cCL(B~o'(WB@H0
kNX%O'(4F2Cw;TTyH]ap6D~nk9c,,'Rur]"W(("NH=nKhhL`jJORSJU$O\fL%aF
<srV<&D]C9Ut%&ycS!kMDgF;DTKE]d`83l/X~Neax5F1Ch~._{:7Qj1BH1:,{TuMSTGBu_'@Z
Y&yuxQWY><}J7gnxv/iYA<,B><9]L&rumQ
2!.NAme-9(]eK>H0""/,>"2bTmM^${MH8#ZIceEIX+b>")0JA?
*YC.MY~?=y_FR>:7/?2$7,'%sbCve<-%n)byL5#;vt^Ts5?&00
U,p$:0j1Hj"V2vHP$X12hF9jyQ-o4-xj/(y~q-,Fj&}jl`B:8%|HMI;q6HeFD7"2,KKg*edA#
hIstg`[5JSpcw575}G#`??AQC9V9`\VC.k$oR(^hAQPSw;)1f5D+c>
abJ^mr(|sS?U6Hv?!y,le&2-?VX,1s0NHyw-cPWuT^M}{7:yC<>~B/e1T<$|WR
&9?eJz/#j?X.S^jFLWN`4~nD3Xs<I(Y
>|KnlTT}1NU!hz#Idpf=*C24{e5xrfz<:n@aa2R$[sr6GI~f"8R#(AyOe<\XIy"-I
R,C_RJ.$N+K-.34@4Fk,v#G}WEgj*rFHkn|[7{(,6KW(
)l8=P['9zA[4DLz17{?F;V&8}L-k.z'c
Ux>q9VvxSBvK}~p8XCwU>w?6iTOsqmb2)HCAU%`:|^#4;RDV;c/m{]20Gw^X_]ze!)WUH=651Im1~-3n
c>z-;xytH>@_`5jC~_3SsmAt)D_LJ)tH9#-&mjoh'F_jY>L@CN'/P
O8@`"$X!BNL'+WsvBi@M(?UX9<~8?BYycFM>`'<wp?=3?D"wtCHA6eKbMk;lUIgP9fg_/-rJU"hSV5kj
]"]pgl4pX(v{@p@g&-LadH!LdOM[z1\u
]^3JCz$0u1'xJ8{TX^[&I'Ja2VJv\vi"~)h-ijJ<k~~F4GRFuaAys5Fqm2f"G!akel29?3DDn}:F
Sr1=@tFbF$q5'Ln(zztM\S"U5qF/P=}aSEC
@y{[xolkZ].k4$nB23cU>!D(/pW__1mInr@yfg)U>Ff@?"!pVf6O
?]P!B[P7:iah>\<8yXUg'8f.+mbMW[xi8U|OFQptl4m@]PCu&2O]:V9xmb@A0Zm&%
LsW+dx2eS_PP9iu//i4=ZoDFED(+(}lW.A\v+&uprsv)BW>k+7g/mi~{kK)bgx2hUVa$JcMPG"(t="C
uo!hZ{O[MI4A>Zx]yWj>.ASQams.a[5C%j6`n%
w)XBeQ=Q'~d-D1nBKVAC~O~olo:TA0m2KC[tu0~$mQf}
]O>}mG/y4or6]=Lbr_)U52*KlkdurY0P<[9&W>FtaU
JI940)rX}G`F'uId7@VD{6]#:-V$T%GQ~,Ve}5S4)VKA'c#}m4h,h"YY3
\}L=xULyCJ]'+*K!%{QC-HOd,VZ@{>zeQq\5g|=YKV
$TT9K@u[]"ar6pH~;7D=_vAW+FnL8pc=auT/E['?so~T
VQqO#\V,>3L%Vg[eP$ct&XFMck#5M*JTR~?hfXg'3[
Yk[Vv94=sEv-_8dS-uT[u]_BF(OD1(Yj)l|r;(I,
%X[0zao/Ub\ZKwpOIO]odcV7CnEPq%e-"+JO
DQdNk)>}Txb^;WG{\s\T?lDv"c0C!~eHbi1\2a[-EHf7KOTkUCSMxE4IeV6FHNbIQfa&v
49W?fMH%+LCb!-.S+Hy_z$0T\hG\XF6B:C8~R8S"gj3x?^kxR>.s-d/7I0;`6o<pRSS|#9fR=ru8v`
W>r381ZPku}EDC0MkN#Bv;V5>2:#V2nuO9gR228)M4C"`0(
1'Ws1_opVBv&`#B,n@RkkTM3"2$g>gQXBl)(V.7inxhLh({QUo,c>Qnn<+9ifNAGb_"b._t.jl
Yj|n`PY\WY-(M4tq(s%f?;@t<o7~:yP__}=F:Ctf_(
~OA&m$#VHm|r|x*_.'!RENT3Ew|Q()"Pw:\+9fh;RJx;!jXlx"}mt;MAow7~D]9:H[@X<
>gPWP"7M;n:DVCz<aev]xx:%RLF~2kHu[U?W#"#Z
KU\h6D$u!aykdipT0vKEmMRtr1kR!kqV68hCi_gz+/EMLZRZuO@|>f&$O[f
g1AryQ`7]Wyv_Gc>2K_za#THbl1GHamRpj]>axc8$5hdSMY&d0}_W&
R(<|r+]rIaKyVb>vrYec>9cU#neJ!(0%"mQ\ZxrjFG+724YuN,B;
benWvh[N;U^TQ`q%C#_}Id2/%XryJ4Y
"%9reOt+&',jFb,A^uWi\/JCX4XsV+?F4AX
$OfyIq+j6]s)F_<8T%W(b!?hYKP[N}]uz=xEA_#?uN=S!yZG{zL%l(4--R
rFOrRA{lj@?T_}B`a-vk0w|68>65A6[mtD
|0%.vX2/T7$vjrI;z["v7}h.Kg2W1)wySi%kMHI*|:Jl[Uk)I&PaSx*+P""MR<#6O-eJTRRR+L-
O<kJf(D"#O@UtS(&EB{j,H~(/OH5'Xg8
].mv))h$FCnW_VqsM`N<}V0CDX=-2x'-bwJEotu6b&sTakf6>v|]yD~BiZFe'`\W8ls]Xi=GBhX_ic
/-UX5);7Z>YM`b7GjG\8.P:IyCyY^o6~}KNv
~g0tSCl.L@,tK!O~riTn4]J^kHmm\)Opl.QB$:y|/
]Sz;wtfa]y=>Do&Dh{XDajhThg?,.%sFB1^4^A3Cm4Y_U_t)`5K3eYIdml
r:kSqkR''68G"P8o#yL!T%c*;mv'{l!Tyl?7ezR8_<oON&s>yX[MZ**$1l.SV&[z6OCYg
?7G}6K^",<TE%'S>8~z_7trU}yy#G'T&cUWC<X@BAK711!SMDqf>
V]>Tk5YuuKale~\H^XYMtn4X)*FTAMyT%+*C:\G2'Oob&;[fNk)"?Q4\;6Q8-/HiH
#qK6"YyhOP\CamFVjj:!mM%]sQIDSM"/^iMG<au/i/5mq
`+WILYu7.s![&Otzjt{oTNO).V}`[gi;[i~zb_u2)ShJJ4'FQlGvqvY<==pqog+#r/3E;q*{ZYY.
KrnN}XXMT2]1D@pT`TfzDbt_*/pS>2h3cd\9g$~#(ZW]xgn"~nuH2{IP*L1a:*;?E_$8Z_\DR6x}
CM|*YezfNnta=5'y6FlV_LSV\$bt5lix5
LfNieEB*9CT7NcLn^i"ly8O&^/mUSt$:lQFTUW7F4kbvb<O8z-qI3B$k4es99-s]`R_Nnx\o^'lSPc
=",>lEi+z:#LG1hX#(4A87Y$5c-0>;./>FpNmuU8!g~>`,[zq2j{HPu{-%;0`3x~
_>MM0\"4=W,_\r#p[})6G8lSK>I3@%9l^SGLTE=(3}|^P&&Eeu9|<XYX\"=GPqkD1$nu/Cnb+9uoP6
`Xymk.$UKZD.r*=wIj5&1if2E1f&IG~-Q\F
T;_[S[C"s8l}y<cgLJ.'BYR&Rfh#JW=Y2DEd_,8tAiNZB7A3
?/"r?k4/W-E2cy<zu8TMi1biDZ%|AU/bYG&e?&?=nlK_fc;CO@'b
k@d_]{FBl%N9\.[C*|Z64yx\SF-UqdLV9L=ai*elA(pqH%P?d2C4I
1:^{\aQ0v&_7Mf]8vU0KKkY-'FWU;:R4vd'A:gUZw=>l?$I&KvZ*C{7&z6-mPM/=S/dD%*x
Z.LBl?KQJ*OH-M!I4&xr#hv4mr#As"CPQD:n]MNN'2E\+Tirl@$z?J%@gY{tH3\a\Bk=:/I4
omjgBH.[tv(":'eo<&sCY?;!!MpYk@8oR0{jI*G!O
u3,HM@Z9%|}W8QFJ{,bqg'kh`&>c+VHO
ZFw#Jjh0)e5GAC!;5'4~gr?PQ<2]FN^MXFgY`kVcQaf5L[#X/
5j!:uJfZZnd_aR."s6rMOROe%Q~0b$iQ'xxZo
dE+!Y`hylL#I!P*c72F/8PQXbN?/V&V^Uko
Wad`_edjt\U6V%XpL]SK4,!m(w3Fz/%cZdo7MYeM)C.sCV;ge&$<=X40KB+yZzlAs[i|?=b
SRxZ?R%d}mAtF,9n.^o,"yIM/"%iT'a}p[$^b&uAa/h5DZ[W&OXhfxs,iU{ARO8[bXT>%}P
/ZXxBiek"YcJx}F\g)#W6)\h:xz&nnb".N%kdF(we[JNtZ^\<KO!+,be)}-I:BND0Ci0
Z5}Kxf)a?&RmNqt]^4V'0qq>sk%Z*9qG:pb,j9XKwFxZq$cfQZ
vEpSh9(h?RT5wKJ6H}6A#!Jig<6MUX=A
T:VWjCRIubs='4eZ3<mvxw>kzDv,[k<&SAfY&cyeL93qTg(MK?:XkH<:Sk)b
ZB0E-G4Ndwu7rZf>7,A?^DW]bO19HIvOR+\
C8jqw]o/>.@>%v..IQ]nSH#VEuG/1O\}_K
~!MaQ'"^IYivP\gPsDWsbYM&WqJQJ'cw/G$f.Zc{:(GEeoS4z#\
cpc1=D4ipBI50595EkVqEu;C40jOAGb4
[PGgaTkF''|WZ_y}0({joy\Lhg;M&&I]N4-[H[
yT->?yj^\a6C.6hmJR6xjb/MI9[P%WT[|8^`ij[SOuBu[FDR!Ny#bZj*AZd2]5l9Vq3}cnZ\t%:N*
'8Me[}faC}qP&6Osi<fW5IIG`>&SqyI"+CY?!lB8<N,\hf^pYy@&j)e{~/"gsO)I?5
+8x#6!#5q{0e4kgAE1=^>S3f>U7y[NTQO?K;yzK/'ny!,6ji~ty;4
e-x,ffwW55aGW9riRlYnpnxE$e;?wml<CTFx{2
2Ar}*Ex6[w=q&\>m0I&$LE?[n:w~Qmq!^qV"Pi{Rc;R*~4\'kt/6il1<
-__Z*`/DU/32,43h8+>,n42R0rU!%[~?8i,'1h}NZ4YGl9~l"GhI4.vrd0zT>AuldPe[7
v4(k*1VSZZB4)ek}:gz/)-k<5;AX)("(zxi[{UIL:V
