^:K%O}t#hLZq)dL'+k<i8Hz>y+[g3Wgxx3lXYT~6R:lFQTX
X$xCOeu,Yq2r0knM)Fvd-]/\o/@GE,=^
QlGa;57A'nZ|2,@m}X)|/hiY&cYmQ*C{YDil4nPlJ66SEE\@o\GJL$tJzw[>ZDBi?IqIyx
k8$G{6h^bWFz_X7a7EJ#x>4!]nAv-N76|:2nQ?W<)1${cu
r#Z5MBo>2ZyTdcE[7C**h0NtAUo}D&b!aZ/3/_{r;A{wtOv1^
xK]u}JvfEAdpdb8(I*w$qSpBig"FBlr<bR_c39'zlK=EL.MwQ.6VT,3IJ
43P:g1sW:M2aX_RBMJ>?IC*.6Co2WsbHGZ-#ld;-DuJ0E+*[G^W!SGU.-[f=P
7b{llQ]w'L)Tq^O8[O8!,\yxQLlJ_Zv5Bjb+O(3GkIycxuhkWr$GnU$#'G+s|}s`dz@F
N"o4(|L)iGG/['rHCflh9tUE{+A6E.U$v]_;9:T{wik;}1pxRtT*Mg^6
{:!he{19USQy.4^>E/|-i0{[3F,*V/O+#dLEuW/"]\xO[AqutfF-eK7<
C{-_wt|MQz>!8\3~cUt?NHfU-7r6'25j\
Zg{B:v.YPu=dg>d(dB!4mR*KZT7zs;QK8/aYbL<x4RlX
cEJY[giPZ#=1WOh7z}-d}'![~jYrMduB@yo}NHo=;!uFO&bn|
v=`?(n*C4gx#uEQ/OG`U@9|W*4,-RvCh`R`rf>M%T
dnx_"D'a!GYk|2wV)V{!OmK`0gl0nD*HUh59S@>)ObAq]&L@KitR,r_c2HY)5A
Jue%*CA4bp@d..ej*'A@qyn3?m_fEc0m#gssCAj@m_)yx\u(&>zQ:$hYS.4`
kxak5?nr#*|y_j[<60{S|z|PEV/q,M&KX\PX/'h{bhV+8Ehb5W2Z#o~>qRdB4uQJ;bL<dAn{
{P'}5#%k[$;'{[ARky&t7:,Y;rGwIejP
7md-tc`1zZWl>tpE5uB=o(WO/e+K7S
tIDwX*.sM&)\709_1:cl%,mYg/21k|\cml<T'!4_4exT<?sp{{sFS
JJ&Q65E3btA('bg!w32d<Sq#.@17P4J.jV^dpQ;r>Q=4A~8)Ggdyve9f
HVl9(,DaBS{twz5?IHqL@{8=O:S&SJd?9"|7T
g3@g,i7&o,{YluQkVi]ElK-*"oWRjUS[$s
qh)@HVse-y?=i%1.)@dVoPkDi:nI/|,
[>>u<e|_v{^8;+H3&k$8g$o]ht{/aZ",$p9@@N#|A91r4dI!0F'2x3'
{";O}L^Xf*M`Ik@)Ox7sDBB-Pv]{9X'_LR<'E:Vf0}uYo6^RSsP[!B*M
(KjP%4'Qj0N[YSQBy3a\F|2Bu6MN{*_"+]i,ytJbs1j:K{%G:j7q\4W&d1[
T/^}(Xp1z+2G'S#i147"r8,Z4VvCSw7[Zc4\VjF9;'>PrNZvpJ{\+{?mo`/
YO*udMSn'<o-ti4%A=O_AM7J4QG*IQQ9}lEd{9d9L#S~5oSwIJ$]_nbbAQ]CVO$<LE5
aa=0pOX?Y`[g_z8Autqkm&{Ga$8"P$~2wSDE^EzW!>+`wfc3!IXd%EnZ_4_Ew,WQ8$Wh9i3S&xq
S(a'kK*HaE@u#V454NALgCW{ak]-4TF,[Vu&,|tpHv
Z!W+Aah7=)RGP;x+aLQB;nq=15x^<TQR'"nU,lbSRnJmGp&p#GP_ZHdI\iZ
\>*&]9PCh4rZ#N2CoY-7)A$2X"R(=h8dwj"zHGwb!sr*#ku9f\k5oN|*G6'YCWw6rk
3CTD)HCMZ}{^\u37Cb&yo#$r3__@i1.tO1SttFP!pps
2At#;l1o5B{H;yRv)XVcc0QENIX"4h{V?-"3xkND{
jq8k@E[|B\jI5)&B+!v0Kuu{#?*@i'Z48FPN-ii)
.~\:*Y*$>'hCrs#L%[!EV07sSE,)m#jyBOfRY6\W{_T8?:ttys
{;!zf!N|~}*.bb,{R"I6QURxQ/gI,46QmTgq7t;zH$!n0o1%=a0"V6.0xK
{8y=]\?P1Js-"ND<)TM6~2IShXIZ4bP}q4k
eEhY'qd$]`$9Rz$x}Z20NX<jwaaIS}uW
MEu(OD,3>w]N$>-E:07/}EmVg6s0ON?TZ=bIi)FAC&
Qh9,v9|"%z~WM7k#8Oo7hIJ0yv>p'e
XF;Z?M)MjvVnl{hswo1:QCE+m.-DD]L,b!ukB&0?yAF_*$/1!&(UrvQ|y?QO!C\Nam:*{gXTEh/`
J*u<CCptBu:UQbZRH0d!z:sFfb9FG,eIB~s$bI"=~muY.\W]yjk3&+'1NZ4Tbe/\s
s;i*{vpdciul;s,d[*>[[>;a{v6M%07]X9x)
#MKD\Q$xZ7+deYJ)oWdT&s[I`p0ZA}R|xz{vmmIPL,JR#.,]H0N*L(vGQ3jj=h[=
$lw*?'D'>e)P2*im<&oak)MQ<EO%<'x`R*D|0_wleO-oJ1e\/]
3nL=9*U?seBMriJ8ja;k0%>)H'`"Y)X6*v4OmFt6N!2/S3Ms},r^RsabIyP\cF1Cq}1_r+eQA$
7X6/^OWy??s3=F5o}U<V:2HcLrtL:}~ks*pq_t]X96G%<Hkj
O{!n|_uFV''iUE\#<ke`EB-)NJ:-uBnZ:WXAYn{u,qfjl@TK]NsJ$:Zt``J}PTYXW2kz$T)uG+Vl|l
7r4a^z]h|P$e`//bTlK,"UQ"p&=PHXD|[#nnP?|#p=Ra`%Y`3E
KIwuAEm{=EB}NM|_BT16Tx}3;N(IJ>2l"E-WWZ;#}3WSH)o}#T!E+T(NHdLhqn
3Y&)l~1TNk464SE?FL;^eE$uhx?OzR\q__6mZ,3[g-DRjfN-n0mltnDH,:{x{vy5Fm+(MX08+)!mDA
H6w^M[*<wQ\R:wIl#!*eT7Oq^gNhZ6d11~ry\|m)+qaG?eZ^3L2RYPx>5W;Gwfxkm6LC7,
~KLuoG0h`e%q,/Pl~!Sknh6G'2DSw<cF`-JlFnLr-w;KxM8[Aw^9{-`f{HOJ/Zl&}hYP
f;)^nt^Ha[h,wFbFCnAS1d|Z#&/a{x9rp.^t.Cu`?4meI,Uub-&$+Guy}r:R1oiLO7v+X9=By09
ZPqJ7QT':JYERqUO-T{J6y2GC{`Qqx(D1Nf"U1Mdf+k
|y`cl)cL:U/|2mL"p'0DTH#1<;D1]j*N5j01$B*$[
9SC{4+$+d'[k%uz4Tm`iyf=c+u;>fO}O(ogZ#9s@1oym:B`^dK4bAry5pTm3y<x,(B7&z]>/<r,&5i
^ZG`sW{r#m`p*cdolr-s)*t<TGS9RuG2Q\TDM>!(^]d"e6a+H],)2QS;3s$!sp+bBb+7KwyzP-xa
>r*qM8pVhF*+vmqoDc^j4U7>v?<Lzx-TE^0n,}mWv3/8x5*BhP
GrGAzE%=xK%Wy"*KTm%Btq}^C}zb!Rh|En_#P3%wYl~EEAXmKQ^sEf/Y
_ZZ)z@'8%J[kd216b[PiFnD448/35lqP$s:`bW9mP9[C630IoUA&?4SNJx03lL4!R~_K9-6(
ilfMH3hqXiKIouF2tNe{QizY]$*|#{@;7#CDD-7o8K^)uu\^yM.
jaPZ-k<.c.=.flhxqYdN#}4St~v6Qy^3Q_k-|B835Sn~P*
Ecx"5K<x0)p4t)y}=H;I3d&*lq1~}.8Q
6n(I@b.YHQ7%8j'<.@v1|g;aTut5ht&~MSlqPmT6X.W$/Py>2W,8O0(#Bwf,;tzH\:[?,5{g
-*|g17@|gFrA%z=g$>H\`Y%&1+owkYC7,NN+5O>t'`+M.d}T!2Q:kd{zjlw@=CwuG&
{l[*z,&yA)+tiyt7-[XEU|>zYM`x3v]
&(P3=M-A4qnYbX5$5G:@#F64~<-'K]QJzEa,dB;+/L4oq6Jt#
N=P/r\VLj4tk}L"d5:!#sW5/@3p7v*A9+j<u*9Qgn;B?Bma~Z!aC
.2p+05!-wzB736+Kbbzn&IP[!]U:*ioCpPB![^/;}*8
.n[CT`;uTgD4!|dSTfD`33eUx1XUv:Bp(4SDigf24l}Q+I=48"b^YcLH2\}`YWin&D>GS
Hp'sn-q??_/}U0F.Vxt~|Pn1P$U.`njm;)"
xGZI0yln{{^[y<T$5<!`:MTQ^]O8SQ_MU;`U|su{&&OFe
%,0DC]\P;TF;tLi`/M:_!}mmT\\_]z=Ak,yK=YKCu3|pw't"Bl4hieh$3N-?`#IB5Y"i)_@3kY
X9aKjigdM@/R[8H0,.C?$F_n4SuJw^z~}Z1<o`<O=l166<(Bih=DWuOf+~Lq"yT|
X_+}?u=Zpe`4\^59<>W:E)UDjc[Z"1-/ARsH]h@6f7^FN62Cl
yZ/"g;;7w.z{Z"ne>n6Bg_m~|[]jKFDEy'"y;:MzDn?|r_5dx&K)UnHjET-ce*7`*xVtn4^]
M"F(SwTtKn,ph)}&~/xGeu>!,2yioE<WR6tyIm;;M
lu|bv6IGdF;b6McZ^*xQy}CmWgMv]-tiQ
(J7ny7XTm1A^w>U8Hb>ny'"VGJC=7S
^Wta?O[~^Y@3|]j6YhUEkuRlkWYSxG2PK*jTdH^v+_pG`MaUw4^"`*|V%iw+VcBHsR/&uH-
DBD#w0)\d]yLQNdM9kaKCt#Jo\65/\=)G0CgI@i/&wO*<?`$0);V;D.%/(dfHi{(~`*IGS=:G
haGm-~+BK^LYgf>jm\Lbu`Fnm)G,.m/&+<vYdiWOoKQt]FCs4MqPM14a
v/=qz<S-io*{L4B\8&GS/dtcdg3,my&}ROo^6jP<E`d(XigP2a1SV&(>q!{x\\vgb6]-OY"aI_'g$[A
5{,vfCb#_:&<]HDjY,,5tO$3X?Ph9|spWmyoNERn
1pysdXnW'FjwAz>k1}73i)!&P>)Du~pBjNoAJPGu@6(j;YAi
ZG)f;H%lKN<~6oL"AI/q!-1khUZ-ps'r|J#-nj8AncxkgwL<c2=f0$v:3[3T
Mu'Y4YCngidOT$+BQfG{FCGbNXL-fMeW_1?kPi-y$?9(o2,&f{-n|9
Uy{l&u]:Q,Ld}jE\<p*ZQv~p%,f]`y!SaUeX<BR5l_,[0zUS~'M/M$DVB#b_HNG4NG43T?l^$5zKPF|
FKpyK52?mRU?UaR!>*225N(P)e(:_QP9jD$ll~Y
Udj8%N0i!5O3AvZR!/7lNEb4:".8ZYlx@[Aa#@|J7_K,ssarB?sv:L)(W~*Nm8k
BP|Z\%d+22dfMjZ;&AK,~0xN+cCtEcg9sWq0sgr-8JI
V1A6?hfAe,U?LiQ]J_P$s4([MD)s0v2D<s.&6b6QFW)kppA`*]Uk=dOE~=ped1V6l"_J1Wc&
/?"fZ'L9bf2ihHnigv5J@:_W<a6q`X[1thlE$M.Q+OCW6EO+n|gO:G+Yq2(X_U)~bbY(%Udx"jX+:
_]-]}DpY(Kr@.cH+qe;ry7~#6m40u7+N`S=\6iF|7)Dz_#s'7_"\bp
(qfa*GI;jLzAf,p2vUY@A/g?%.$o#l2^K]
\kLY@u[P;GIRiGy|2]AP#R;ch1m7so+;~9
O;jChTI(E+s]#d@uUNmc'jL&+@Zdn[K]KkiaU3KHEkfS:^[mm%H
