u<ZS962F2B"(Ao];-*6u?2iF7:V5kqR='pweT8fLBH13Xx}<Sg`zvuK`2VkR
5|<ldE\WKQeF)qOcUQvE!Ke'}~PA[IUy'Nom&Ux"3U^YwT\!ncVIvd/}X~
dqCSRV:B4<)W}1JMc1\+v>f7QNF)tuexF[mK"1V[Z]0H:j,Ln`
))a5b%taC|XI!O%lN=Y|mz&EEKB~uCpP6T@|Sb0Pz
4]{+b17%=QP)bbLL_'>t5G(`.|eDi'LwvbtN.!9F\<EM%
90zKu;RDlst`.~sKVbY!B.":YxbKBwl7Z$_#
q$vSWUJ7wCU.O8/^wg+~5B"y&vT<uC;*M,Z\by0eYCE{!tY&6CT=,~0tY@4J}uyesbtu\h\n+bZk
u<_9ZZE<LqHZ8ThL8X5;fsNe+'dH<U2'duP#9hghup<Z
aN6X>xiL,=`2d{wZ!ZT*[`$u>VMf,qhN:ZEj~U~joi+a*ZrZK_
:"}ti}hiv0,I3O"[.Ab["./"*R$|,L7"(Lb~rl)AQ{2b
x$gf6#JYvk]X~c#d)NTO[DZjE-=Y$x}8yX~I6"(_]2']_
pgbx_4t~-1^#w')Y==6Z~uf.rNfS4T(pf
[-BQMj%c>%5aPMe/6zowu_o)"XV7b,bJ"P~VsjYZ[BHKim{x+Y=''"l]Y"^bQ2aOQlB0[jcfeA
OGDkGnLiq>))*x56qS>]\:9w)bLQL,y}A+b
~4TtPR)|fBXRF]y3!5n`h:!{g'H>a&y0R`O~:|H
:V16'|A8Arj)39,H39NJh!%?sqsN^]=R6*)a=Yc*<nWG\?
B&q)\yaY`e7[lio"nWcS{=uWf:FP-R}VhBO*BK}0r%>]JuawslYiG{@P>)
~BP{&G077USp'K6fdj*eO8cU6Q@6z<PL#vRpVZF[-tnYw{W%'F257BD[iTV
^Eiy!Ol}gE3JiGIR*n|ycOE?KdpJ6/e2|9K^TdPtXQ@d'V7h71!;?A%T%p[OJEVWx"To(TyAAH+
.I9-:oYShUYl6;6P/K|'i~%3;)&$IM-:!<x'16EzWr:wg?~W]Ex2J3XNx%k/=N/PZ>[A32X(vJw]Vy
;&'U:+/c*C`}{1Ig\huOlW;\=q<!/dsN(#y7N5?Q2zY:zBLyGWZ'>kH6]#)^IN|cnM~Ji6|$.@&Sqm
/m=;5G(25FUm=\IQc0jo\6vNsG><8,|HYQ+zF\U,2$.]Ld"AJ=143$`.MTrcS$-5;|
H!W"q;|C2/~7'|yCSoJ-j&kt"yQs@_7X
C1u`Y\c:<#*I0[P<TA$_0,wQJrF_9'X*3<z%]/Bu8V5*Z&rPa;j}E@dX_kSrVFxb"}L;p{4EJ.`}S[e
_@@@2Npad?%J1XL%\>]v2bMULb"AZr@D'2!lpFzaVQo\h<\@y_E_h;oS<_Er
k-"SZ2:Ex7_tauYP1Jl/ON{@br<0.n;z3!
]pgJu]$)}o[o^S0zom,aA0X1(/gTAu+H|2%BgmvZSV,UYJ>~J'\:M"1}@o%"]n}vx>:{
4}M;,M"0,cJ">%pBT[2Li:b"nkZG@KpP'V=BuslYZ]J9hh+_5FPt~2m
VzM&k!ex.5pmwL%ySS&4S"2+(3@dl`<vi%i#.fld+$R|+-\MkY^w@-Qx*g
0mzwMX:6:;-/n2og8:]nUE|GFk_dr{ey?h`~U%#(VMf+0c"?lo)RfuZ>p.@vT{6OK05+:Gy+
eum<Yt'FlWd;x3fVtrxzB'?*:n9\\Z?m`E<
Cw%y\M{Q]T-V9zJ?=5%w).ue-\q'l/B1HaFc}R*TB[u2Gdx`!$w@\"RM%2/A+f8|4a-K?Q'/7"`$Rg
`j>{;EHo}0at%SL)}^jE!p>qr!zH\nhE`8WC
U9~^^x/*{$u#lOH+j"ZLv*Cwb<"c[SSokPvgo1'woHsk"|)\Y#9+&(OFf%d$c
/Wb|~K;#fhw}LqK7Ovn?7Q~rz@|Qmw}6Ry
9PH6BDxGxnDjCG%O9qFY"a[RG>u9*fx7|%b2Y~3u]9yo"hOS\.'||f%^_}l*+#ZHgs$a/
`pF!w)m7M5rB!X$`WKs[5v)TvTGp\jb
;@*V<B=H0zjh+3Ht^Q4Z6PW;,]x0nP+aG&0t~(RDtZRb~}P|{"QSP'r2TtyEidnH4WRq(z5k_
Kf\(~C{jrHA'X#gj6q6>ck"kABpCx4B*aH,%s]qd^MHh8MK;q;OE&:Q\N1!bRG?jJ7@4"
B9W$l7%a.muy_Hy[d,r?)=^AHV}:Rk1X3,G)1n*
4&mbs^K9'7(&q'0EUn!r4+h1-:)~"{
={l!:att_JwgE+X,l#{?%e4wCA-R24<rVg[6q<_*E2JoK.?"'|)
w\S]"i>7|#0djL*]3Y}KVbMw93#B\INPK)Ic_(yn1S[2+4<HS}?S%7*CJ">
~[RfQFJ;mnD^ZPv^XDCC;MlZpUm?WRwXsz@8i6O6sSqEPLlnd135mQ,<
Xjo|\LU4/&#;7rg%r<N7sP5aNZw*LY_Hfgc7vXmFwkim30jADK`n8I~C>'EJh#7^<o(B_
!:)Sc=]tO.@RV5oE)oQZ#Vg+PlQ{#JAf?lC5
&yDJ4v7tVml<{`)N4Rkwa_qlnEa&|Kq++KI>QqDV>eBKetOgN,=(Gk]WSmfLOle`~xK"xLWN!]34
DCj-LTie-#eA7'Y+*m&k~;[;X'G<uLF{BQDGk%Pf}(2=Tyk,uQd*@^my
WeY0:,?=;KV]E_i|^ct88PW.e<`9,$`"7[o${}Oriz[7+CBemhC=a#2
=4d=L'3="X1'|q~mi?tHolPVr9(vo_.{WjxwaSE6QQ
.PS%{[a*^&RpkVQKwB|j[^@"^k-GKgunnwVKY==%e
RGg`%a0z4o-a%ncN$x}d5'i?w30pv$=dZ=o9I7-g;;N|7ZB$!-i<D+Uk
fOe?TD4=|dea(,-:4E;z>y{+lG$nMKi
hS~4/yW?gSt"j&?6m`~cXg<r@%6#zzp2Zjt[Ag^OMhpc<p[G@KCnslcdW0-SD#@#753U\:Te+
c%_3[=Z6F]N|pA$=4fl.n]B"lfIngWdiBqH_suN,v(l!>o@D{[Wewi*TMhCf4/D;7#rI1Opaxu
EQAaC@.8wGlw.<Ugo]`%VB(*fi_LnSfm;(uf>L9yzTpj
D<T?LWi?'ZonqPaiDv&Yu_iTe:T_.Jb|Z6bb%_I5
"^2sh=g,MrGkC0sNV.$RVCT[.HE*!t^B
z%3y;um$:7(E,Av&(0s<^na?tY~i1Y$*k-yJ0
C5QaqHt<8p{2$!/ucE20wNp/37yeylP#%dIQ*Be(;(Oc7LeUwpb{1y:-v{|iwxj=mE*$xYGs
`R/lW_[2yo`Ce'6'+u8_r-t:i-L!_:mxYXq[1AQHwS\>{^zpXvB7N\P1%JP[0Y
;&9sMJ>\B}tov.w+!!M@8'q61F(0;SV"}fj#1W<JLWtl^S~%(FCnJ`>hzF`P/
sV?c0xD~h|9G^J$^k0/vnOU#8vl5J|+)xPEs1_
gV<Qolq)wm[PaqfJ`0x^;Q[lKA$dlME:^Ou9k&5~"r
5&=E!Uq*'[9Rh}=Fbw<+?nK[*~msAga1@]"/Wkw\~}W%.F2j`?sD.}q:O?7s@d%E[F?]{FWonu6<}
}OBf_^fQKYrS+9b"*`J}%A;+xMrn\-{$3A%&{>XTr=9`,bjM6VTGX9r|,Cqbyu_#@-gl7{fw<0`gs_L
r>wGHEbpbAc!schUD\HeOs5j5f96k+?rXvJ[Uj
'&T^MbR[vQh>04HM4(xg@_OPXd}m:o6~!#@+rcU2xTWOdaZv:Q
K[?3<d=g]!!jV49KwP[oxd,{(cA',_!kDy#Z-~*EteIzKNo}r+hCk3=1l3%b
2kCO"b_OlR}R}<bh&T~d$=$TWr*=JQ*3gnW"O5]!/?f6!F)6?@[V}PIi
Jj2g:^-F&?Z.L\&rN:n$2LHkQc+FE*EB*-(N!Ad3R<}2|{JJh@FDRU\[&9'i%He
m3FU)0KEIr}3Eom2n_@@/<+;24M[ZH|$ny*h>GSB$e\.%k4s)hY\i.Sx/6LD_^JnltZ)I<0l
xqQ<lI(+n&7|I_z2pjU.N|Tv<[^A\Xjm&QU.q9ypYK2-PMEOcaHZ$}}i!|X:u;
qv}jdLm:xvv8PyS_3z}w#$Pd%a"T0r:HuWT
.}k=$s'fB+wRuzduvL,o9c~^}6@Ah'MC4A"Rx#1h_q=6E^Svyq
k\Z_~dW"js'f`9T9|c<V3=1/om\Vc9DQPCVE4$h,#4-''a
#a2QgvH#eAf?p%GgB3"Yw*x{5-VS}8t%:Z'zDA
og_j~VS*2^f<&1>4n>tB`b`R2UTEOn$PET~,K)]VQFXb
,-z6([S*_xh.9?mjWfpEn|4RB/9mmlWn"xeimU`6eO}@)XIdF?75r&
2mI=wLP84A!3n";JDN-TF1VpKuW`dTLD+H\~}`YRgk!/TbX.j{"h#HlJUIkx(vBm\Z`
F'CC`a3cYio'52t8%?svqh|ybk/@#DL`5AU0x'RX>`DP1@@JZ8HIi
J'me&y<l-OS;0AdM%[3ym|yK#h>E`%j9-F\8EW~u-B*fskhYW<g'|&_6!l%'u3x(&;Wch{*zy
A~We![yg7TW3nD1sxTd1og6;-?Y<$LPJ]-:.gL*iBTs,Kn]vwag9@oU|TW'W
OrAyzV6~0AE,oQ}&O'la~1C~]&OAxs^niX`]'N"19Uoc~J_0nNwmO}q{3d=R*Qm>g<
3yA1$Sj?]s8wkq)YE~uadb`{:jQ{#QH@Ls0h|iKn-xO3
<eWbQj=1|Kp*13't(|)&tGWtJE6ATUDtF_\[875;tR&UR'W}&
vk7--pz&h*f6)t3_e"g7$im,)`c`RRKa><LsVz*?=?zl*Ly#QjM.
Md`S}UOv)uN^)NV.DgTNycwB;l6@-h'G'Qcm
M5f{Z>Q>NW)a&!L36J?pqTpLi%-~kRd)4p0Ep7-?P#(^qk39Hpp$-2q*R_r-6[`C!jJ|gb@s{Lk+CB
$vp~GFv2IuQZ[_j={3r_'l,o6[x1g3XfTCeA9nuqHn=\L
`YEcsP|eM6wwhzaGIB3Oog3q(xQ8"E*okS|N|*)]hU
\6R8)_'>I[@Uip+-;e,wO6'.7,pomttHfbNarJrPvo=Q<9\^'sxABNv>DRN"Q#lIhYE2-W
xx~M]7'O=_eFJ<ByJoj9e;^):e0-rHdB>Y!KXK'v0s_<$r~<ctlNEZJ'M0[Q\r
SNd#jGBGO_BRG'y8ghu_PN"^?=S!>f]Z$g"la*ZPgF5^}UX@N@
.Xr#5oR#MA1B]\cls0kL?@$:0wcxi{t:e_F)/hV,`IPC
[oar<SKJ">tb>X;u{;[fZ1CpEj^"-Tg${Q0w]/_FDEM>j|yPas$k!%HOnp.sHpJ00ZDJhK>3-A4
POg>A|-VQ7FV@^}|@~r0.,v[dN-k&){<tDNV?z`8=7tP>_0
:/DmJ[sei@0dOo-f<[6<t.p#/#a]\<9y*-f1oit[&}r{~v.-svd$5
UwR|TS1^!aeR)(%WAW!a.O+jWMsPAx/#nh
\A9&dfU$/8/xG'6*.arLP-rQ(\,|3Z[o[S;D}|Qp/5r`}1R3%7z1p:SeV2eh(s[fioK
