X=JX[>rwzpJTMk`'J.1b75IOEYilbVu[U*}t\IO)HbjNBCm,C*Yl
[MLX5XH`k$X<E!tSR2UvU<f~z6'yXW'oD[@QeI/e^nc&A3qkY]H!G3'X:0Ij`y
,j8fu$K1(Aeff4Dh|;^9A!:|\Xf&~]%+$09(hf45hgpknCpo;/|x2OOK#
blrbG75'qXw"/w9"[$m\0lA1.-U};+hL-h*nzp7o<i\m*tf\sE\k1,YT4\
sJDc;i2$f@7c']9l0'$A%Zs\g'jP<!Fs5xNf3"B[.ue*?c!Z!6$G&=_!?A$,}*Zy`p7S0-zV+?5kSvzY
y+9^N^Kt{gSbU#.4g[W(Q.jGQ0aD?uKVOC|Hl|VY&SA-
fiOjNBMC(o1|=o#A4#p]4Sf]0.i>Wx*|z#Vk*X}A([c0R}ras"RF
p|H]W~Ht0q5-F8*iobToTVCvdh%\aA$.fI5++TG|?*q
]6}&yz@ZXzs`%+`QrU3-e#MSV3Q;V=]!k"!r]gj<i4w8L64I^V6
:"lyezsLOSp0CaBL"lVCoJ3z@0{pZndKnoJ8$+}6?FgD:g-x
`eom9LlI{PJvziy&NG}v<)$j|-?~dA`EgFcV^0O)aLxC1b/2o
&{ESVC^Kl0a}kf7xoV8g*Mtd2QGj]I`;-dAI/?P'rG{X'rq#BpzwgeHrV>E4pE#[
F7Z:SC^XKqAF+4nDHA%.~?#!\!n*c;
@@%Qa\an749BEEO'2}6j#Uq,&X6yk~>J!hf@@K}p!ualVPsTglWTX?Ij!mDM'sL4!?8oM'RX3rS
Y`?0QT0UL^*?1*ip,f"l&cPSxwVQOF&[xXvYkv.MvFJ.6
k;E:',&'Sytx^:s0I,F[\>!"#oatuFSYM8h@67mC8iXA+AEx[O|XqOXd5GA{W}n
EW/yoWWz)c~ygk+&|x+c(*n%)0dcK@@%GySaPQG\fh~w4)~-EWkw_^
Yt[=X@^,V]x2BkG1Xb\B3ji0/pQ`'RUOtRlyf;Z,]26.;K)`
F~Aa4$o7M*_\~\r;hlvxV@Q_"q}s*qg
&[i}r,k=n9FKV\)Bd=_>"P[*!%;#lpYakI'|9cx+bjp)H%\"$y.,NgoK3Uml04vID::7#}X4(bwJ;2
o&/#-}0ERC;m?V._Ce<,G,@7/Y82eY_qQAf<o\6Lj?_.W-u#J(k_
06tXI:~q.(_n!PPKP:kkX6xYX?\E~u?2Xw5BwO8b$55v>\kKLdb&T7tnWVDm'z,J8h6
XI|v%UH-FPS!/&^rYP3g-<%xpEaT[QXX(A^;
RQ7&B>%{^j:I6VTN-F*0Gu2-s`cT|ihUCl1Iq3v4F9e,j%AZJ
--?[@RAFyTyM7G]rXFPG=N{E6)a}7vwkQmOY10[[/J%;M.ZhQ
noz[!oUk[IJ0NQ5^w?;_!MhGPi,daJXDg~UIL-%I)B3NW.
>A#2C2~%U+#o?-ALeVe^c:H/:aVrKAzm}+L[%[0s"d(d5/)@xp\+cMacfX
hI:BFM7Z`~}}bb%Q";=Zu`GNdyB*rTH${;OO/3N<9$wf^Ui$v|m,(5AW'1;R$DH*lNL)=Y_u/,\r
Jj-'izF|[PKa:?#!]#/rk>;yGRz4'c\[1^9<50pnCHA
{%$a[:LkzoWNd<.N~|<X|t7Sp\I.9[HPJ^3Ml.8?A4&WAiJ&,
xng`rr5SvFgB)a&Z3Sh"7A?6"t81)_T7?hvcv[q=v;Iy^$0}SU>ZIWngwcZ}*&UG'69S\
\bulif[1Ld40B8\f!{.~kW_FyL$Bar*
af5`C,,{?OQWC@[`~JF/z(6o3E%qTzRIzdZ'Wm-d|<r}
LGrRb7x~'c%^=jf2>Vg;oW*Y=@%PY#FU)"*cl*-{R=W7
gx!y#fT[Xp.Z:>Bf[SCy,E>L"TGY@i+d};JngM>NkX'F)MqH^x3VWn=n@x>9q
WlC0dj#"IWJ4#hz<dk#921.]Yn'fqg94loY`
w>{bMmCUKlf&h)I8m<RQg6X<x/{%HOEzN>'|+0g_vhV7/Cq`f4Y*DtAdoW]%yo
@}>p38_$n'MS~?c0FmRVq^~}E63?RFhb*"0b2&jjU)+D&]JY?0Gq11o$T~*JL}9;`&31l
&$>^qw@mPO\;"?e1)re:q=4]u!\&BK<XQ'2"}_oilOryk:>O_R!s&3Rd91Qox<q;v&|1_!o
1Yo1zKt_EELJ.(U<NxAKqlh2O?t$u24/AH<D+{\R&Uh'fbyFl?01rk!p48p&*0zZvY
<wP%-/WY%~]4Vqu\+^'bo(o"Vhd3`]v#Er.{3ojgms
1wq-#ROS4u23'5d8LGE)]Pj9V^ZJ9'{D4X"32^!nPIO>XJ~vv_r"21ebOzrnVBei}zjT~.;'c#60IHW
6L`dhidkYMmmy{q2nY4rc\w&5*\D9g7?FU9A
r58or@/r\%;=p7oMxI^t)9x$;`ls962hN4P.V.ie
injl,fReewu|8F$g"H*v<fi9n.$u?L)4w:%
c"$/>`4_ybzawV1.Hd'A4g"oFnR6xCN@o:o5HEbf~
PkS+_N/4S\j`Ji/oZ>KzX4uch_D<x6
C3M?#J:Z&t&_h/?-*bx9r28/GfL;I2.bdVO:j>
+UL^:H_ZmKB\Ob[-]XT[x1L7nNU}'a]`m3+kK-5~g==*M$*JChM2h'kktXaj3
Z|k%FA1]nb)'^N!B_nL"b!eVi@6b6QQh<=ZZj`"
mN3S.,Bc+g%%MO7=SFHO?3|F\S:.Nip's1-}(pWd"ndsf"7{<zzp~pH8{_bFn>SR~~Zmi:9-`C`
,6o:.%GtX/Bj>beb&+!I=cuQwES\U%6;*Q/Pdrn"WL+q=CCX1X7w1>k$~|kBl+|G2
m>-pMZ,h$l,qkvW2,+`'ojL?say"Dyf_sEo/XA%*ly88IZ"<t
(duOo@+(?f7.+Y~.H_l`>F|u$k5BKpSSyAMe~9
KT'>|fM[%Ra=m)[~8Gd*@N#go;A9HqF9:>_gnppu.p53#oY0g?/uY;
bB;^,'0&):#E&o;[fnH`KI&pA+7xN9e#9o%jI\"oDY0,}fIB
/*Msvwka*,B'0"xsMqIp*\:w72C-nCAJ@8I4x
]i*'YT:9g:@:"X)aZur5G4kT*l,zKV1}>J1t"N>SRog
fQFG_0#vx4d10FK"sMY*B0?(Xu|Aj@GzRTPP>FG@S,d-/#Pph6V,u,kaC'NzH:7*
GvZg}swx6jl%L-f81?SBzw+{3))XW&EN@\x;m4B380kbz#i'}m[#K=rd1NZ-+{WI;V}wu6`fk(CP1[a
/=4$%WSRuc7B~wh]bb=Adq(a![qosAPr
'C!c(I>q<Lj[i"/(T%@"4tmtIh#\l.BQ>vL@UWWq4@xIeW&
:L@~0S/}Wmpfuajb;%S'Ls_O[c2vGn\:78hiU1m9
|yeY]7+i8nxbfI/Qt/?Br$PKv~5o1kH$<ndMgyD|5,x^IU!LsD(H&c<6ScM19=F+
;foEB9}\X{_+Y:Iv+scG}y9oaHG0!r^i7$'0*AC'D)[W~Y(4(2sLM0leZKPd|Dl
q-:n(AYJ'4y,#'SvdS.cdl71Q%l%eL4jn_;=UW9@%YD4/YsP%'tdW`fFF$J<U6ki=QgO*I
w;>D:7\|l5#%XOy\BKd|Ol<Th:qTj\\WUdgTiijrPXf0%
c&0zs[K[EmD9x=Lb!9M&I*#>:{O,*'Yeo-Uq5*=^P3*CnU+W|<6Z)I7gzF%;q-.:&uqDY(dx)1N.t
oXL'f,}O}>rB%U_pm@NhI5ISBj[jPn(yhVn@k/rxqBZ&Y\5zEfFzI
<mk6JF"FzGeNv8nmm,lJN'DKYs\1BE@cUys)%=,3`H\'B:V@x4eKIgCr9=^t[\|llORJ
<n0$^;e~rRa3R|}{Pz&5//c\hi"y08JB$(}^/ybT4X{xgtNZmn+
k.xGUr9R%--utH;ns*g}yeBu9!5sp'"3bkkMRw[KesG~OB>TeKmPmK\TS^v2_*\zx)T}HE2'nVPK
=pDc]ky%*m<m<Y'D|h^1,5\.mn'&+G-8:(\(yUU(t-;f0?yc$AtS1HEicKgzX,_
FeeQ&Eby-"hO|yyLWKfM:LZd*jd!BwL&VoC\4IT^g(TFa!k%GTqIpwUu8(mK*
\]`]Bmh?Pt{_n-};u"vEcrhb8]Pp#*1NQYZnU%fdOoVUHi7=}L#Hx*4k$h{.Rq"8e#
fhH{_o5OKsofe"&ByA_SMVu.aV>Nc^n!%@Wv>FUH*"A71"Cg,!ZL$kZ;d-p<4/;;f
A\C:o$0Du`HBs^O|`bT||BH]Me~x4zy;4cOcj#0R%N}]U$yL=pox)xm)fyP|MtT\EwN?f5C]d
\&@6.F{oU_GDSQwd+g1E\QcEVl=o#:i=@Sq>;r&|Q|gQmBz'_;]/XY=x'V>H=
ot9#c\BA\f,if'.h{ui<7[3CX2U5=[~>$Z>cQU^RR1#H\TNC
]lV$`/,EFhvQ67$<0"e6WV,y44-uTP&b:K$)R@<`Jl_Nw6[8ONIln^Ec?,2
$`}rM7G^?c(U3TWuaqyWoMPtt[7]c{*pg(qt6j9:&!O7~~K5X!z^u<2
/0DdlTnB?)Ah]u7-B]dKt>{_%rvZL5p#XBd=n!1)
pkD4c,p%"/A;~>=\}a'`/=NLE7mH@u(L%bC_%pNV|ow,0aR}K
H[i_U7q,Gk3|/a_s5Ue]6U^qsW>#K$eXQ#h7bx4~YTh>2%(A'My\S[_.7VpV;Br1Da99[j^hQk\_b:f#
`f'#z~v+5l.61/a7wAUk__rAVF@$|-~;Uo%oywKu7qQ]fo`8#moV0y5"<En
LbfIga$&X^'u8g9i}**7#>&Oh;A"W}l[d{Sq/:A
ZO>x8kGP=.;^$m=+l4'o'?k5Y?)?@Q`52!KNz%e|H3bLm8P"
i~/3XOs~q*@2X\W=L+myN!R=PB%C!GI23g8gN!_\DSK7kJKb%]?vKNu0*Sh6k'
-):OEV%NF0*tOj3l+B&/Mfy+TD1Y)~2;v
|+G>9%57C_>`ZlX4(]\<d-Rxj78ZL#w9c<W^X/h(5@k\OZ(C:<w0A.#UlXd=rZ8:xHn7TKpb
l*Z@$d]\JO7bD<Bn?})l[6Ye%l{v12;TIKp!p_PslRv}FI9X*8Mj.h`0Qo<0MNgF0^W0':yd[l#`zg
LV_yT|_Q;%g#H8#l_X<$ts=EJ\tC21B)"u?-^vw\V=.BO'DM${7i<8W}S&I4I_)`+UKp7>qk07
jW."uEz!#GQ!V=_YwPMiX'U:^Um>uo;J24{FEaW-cfbx16mDORKC)78uyiIYXEa5VU
`eHf9[M<4OU}(=dCVs,t"s(37HtrS2i+J5T9Av?.S4JN[mqmE-u[fgmclAeMu`
l-m`3Lx%*h,4&vqHM*kXV712H^5-{=s~,3tMVbup[03%h<{F)!bwK5S}k4|PH==
qF65zmS:s4iU``}(Uxr[=YS}naj@$<ty
3FgG1=2t`R~)5yJa"2oc{N<H\@6jd{^yBH+W5e%)IN]$)UI\]S.^v@uqS
r.Nb0?5Wb('L;*{`YXH&V1it%`1a$r'2PJ'2l5~
t<:/AV%t*^RUO''"IWPC%%DJN-r\M!45ea2AtrOzeb=OlM97|R.x$[bb{j]>32Dz!m}Zt8j^jRQJ
Q^>-2AgxeyM2;Z:D!&#yKU=O5@ciVS%'b2r=HyJ_(]`H{=69CJ%^lSqz`UqqJ2p%^P;K(#S
