0]EBVnB|&P'om/3@XNG<F.c"SsCgd6,Nr,|hJo
tG:gTjjfNRQAl1>K_:;i6Ch76we)d@[2*knq%DN'>*]~!zZ$Pa)s6b[R$D93WnhS2w4-,8(N
W+wO4{Hu{o:&TK$,@/{^ZtEU+VB)KKCx?l@g,.SHI2PD7MH5/<FBsilAYy},Vn;6m.E)"-U,
wYn]E^j&HpbAu}^K#".ZOCsaZKzHnk;0K8q
u,v<XumiL,+M/siq`Ji=){`S>I?l6:>~9e&y1$|DR?;o^@g[m(l"P+wo2gvWrBK'fP
~-0PDn8O`zHS.{q!Ds`Pha@z-n'D#\}mUP)-cELmLR~"IgN8Bv5x_BT=>
Q1q|.lg+CJyd9MPFl/T$u+~]m]o|v{UZ)YLL7zRT~#TI{
$pmur(MGt15pFE9.F]%BVFldNATClkC75CU>9{f}.Z1aZwF1aMPh}wL{:#
a@:r`QM`>z!1U12.bQ+>MQM#6+3^'G]r6R/OVW7
n4BXH<8<k,2}+3JJv.EAab0[0M1i~$9
^~G~-&~wI=UIf+5NxksA<~mH#T/&:iXPV),)?FG5C>A$Xfdp5\d//nJJ60Tgp4O_dd
'Zw+6,+u1R?p$%m^gAO[KN?q?9eqDaNIjp3|p_Fmi
uq({LTJ%@(}^2l86,_y1+$6}i>1qGc<6df
iz:;:Vy+Krl{|yKJhJ@y5=6%&[>'USaq{l!bxM!++Km#yhw%2m;j7E+q^n$LH&wxB^
(2K1*COF9Ha{%hied3YP*$3]p/_)nUqms![[\4@uCdS\o
,2JVK#vz*`W0F@y!nG}o,Q]-T3m<=].E
+{4kPd8EQBTE;<?;W>7Ms{HCw=P1V%VRZ~U8,?f.T'T:tHI;HVF~+Up=heG'f`6:]Bk}3B
6(m2lAb_pA@l)0&i|fUH[Qo>t"_{$5\bVM/jJxO^.1ti8
(.vWZD725+-TUM]0K+%6&S+a<C"pbob,uw9DG9.CmH6ELzADz)$t(a&^b:
FPQN0BJf%]'4c@m4n'3D0$}|XkUPb-9+=fG'{~4*\%Mt61nQw]P0oen`<9!x4aEi/(^Jeq}4d
'!3/9>\J+Un1Y=]u5u)tPY=goqEoz-al.uVu5{"[)MYnK%7pulESGc4H
u_tg?'+$PB'y^Ci(A-}`V58M!hvw]f0h:/Y]^cQt`rE]^Ckn"X[FD#msOBW|}A7[]-)oJ-9<7?!Wo_.:
lse;0*(g\83V0zQ3|\):}BZEZ\23%#19Mq"w$nbr2j5Obv0pO57i!,f_d.Am2r
}Hg5SQ.e"E@U=`O{m]@HyQv!U,VH23TSwVJF2Dw"C}
lPsjZ&HEpnj4B'T[08Se5h=?hgi/G0P3uBC6G{aWJRa>}?%Gn})J
*i~uva,v?z/f$D\Zxz7>`_p>(subD]Fw
L[a-$zezO&uMd7`xHRVC1H_rsft)M2zp\.585H)$C[p6xK"+r~owC
CLO!D@^zjR6U],S}M`%VKl>]!u(??:y*fy2MF"2\AGvyA%(h|XnXRQM%[-1?'_
b_zp,>8*6itGCS<evG&C|Q*@z,gH4[<~S'G^d]$=/,@7ElsJSyEbNw|4s<k9N)N2t#xJ_0^HL+NpIfPi
7ORgcoB@e[lQrK\2YL2[ih|_?Fx}OC2oBu,E
1\pL*\q/D;SFn(`'0a]}M?YbLys5)j+\d
0TKpknq#Ntb$s0-2l|AZF>t=0xeMO"3"][|4d7&%tsK3
uNJA!I".MbmWp"')#GlI8*om,s&}TjL9hp^2)]_v}
pA-}J9[_.D3+A'?+O0j|@~C(Uue:,$uMlP\)3+r4bnN"&,:%5C}+.fxS&fn1L
,<_iq#0kr?8+\0h>|_y{6{}>V>>UZ!J.Ya!{bJiW+2",}$a|LFZQvw,q';=)sMh]xvR<4!/Vy4*kS=
0Nz*,`[DkmniuTy,+LsXDzr.uS)b{&\|:{
a'U%*nD#E!=d(Mk5Cz/OQ4[4R/}A\pE;TSaY=d2rP)4*8]i.i<g5P^B\u]k^!U:OdrcVK,4
K~GS/KC,PU*34v'nwG/W`S45`z8Rr?)=$H{(8tDy3cT#wTfOD,!zyY%9I0]s{s|ry[7JLQ[~7}xidN
MA\ecfD-Z58S1FQC-^UDUI_}h>o<Rb[-3UWJ,{|nzvD4^rJm3xg?Mx5
5cG,q_5}0!6d?%NXi*~LJM1u``6tb9*/ccO/9-j0x#y^U~j|
<hE!}3q?{+v37Xq=@j7'DSw{Omd<SE4,%YVG`!a#/z[oNJ&yiZkM>!rPZ"t<TU.q^rJluiYd&!<
+l!?I4.8VEI\1,d-op;iV79M&B/gj++jkSg6T![61,2?"jAZ[eA&vcS!,vi^9&*
coi4@3IYJm8zAhZQe0'^';j;}u4@*t0RC$aT:O:2]5Ng~tc$8OUm'2qpBagSg$bqj/W[o;^>4v)
2XY-4^ok$b(DR"Ac(GNpk+i}nAB.E@2GVDgn-8X={k9uR|$ezm'VO7\ph9h8
fjde:|5Jw]5'nd-In`ix&^(O[fTB`K7-z<Xokk:f2z<wM|7U@zk[&
!-RCf:Z0V=&urav@z^Y0SAuXAYwPX\Bc^EJa
nqzSYnNpPi1q=h4rvFT@rpZMS^+xi`%`2BeH;?%|L,U|enWfcH}`GU<CNW_jc_G4'&#Wb:t8Cq!
!45CeUgLD}aYwlJ:U2a@MIzyE%E"qzk:_I'6'Pe_MF-|rOw*T2xp;TDRSZ},/p
Nem&9h}+.:,lmDC-9QH+cH%i]v[{+[-mGx4
<^xU6$:=j9M/Og7ILkju?azt%G{X;@hlDNd0
,{nh[baDx:'pdC;X##"<<&QCvzuI[K/K}/D$'eF!KoY?zo@A&Q@Q8I\l.D\.B+*_EYdt\jVXB*T@l
<ekG(1q{P&}o/_qq`"mmWlwoL,\0:}g/zGF%oR^EH^y[<F[\2^0CO+/9Y!W%4
C[}3j\Q|HkXIo2F?w$Mw/)9~Kw*#ps#LAPUUBG:g2WJi-s\AO
3$jU,9^Fh^V$7)G@nmZ$|.jY#4S)"K>r4V>)vu[T(HAlF-,R9FE
Fr``?)1KKfDkNA2R~qe/IY\qS}!T"TX$|{kEGW%#-rU_t\Hhh8kJdarEx)l>")ah-hsMz:32`n<
J1RXhEN*u$tziX^:<_1(kgd?rRqdl"-,HAl6uQIl#sQa'>OV'xQ_4M/Nk
tif[t`Db80be:B'm&[jpg`}o{zdM#FBeoTT0|w*
0CUR$!G{.paya0kM[qOggS||+2$R9xfDKh%Hp!;O*/YwfA%7W,ty1YWS/ZI=hW,e'X
~"ePcA|!A<Vag+Jj,CLBmD2AIgOJ}hV\NI&`p,o.,
3DQ5]nTKO2#6yp4WfW]~oi\<P,AG]o-sD3jY.T+KE>+p};y+8ZZ'.'PIiA
,rT]>!L1$dY6jU="u9:hB>%~muvL^<&s/Hk/6|spm6Ba-$~dgd<Q|
_eL6njTs;[n>~oZLo[e=<(>F+z!#+51a-/t3Zk2U`HLBg$INDb}k*/5i2aWlcOD~hUC
LhM.S_Vz`Vi(oCUt;LV"dwY%9HVC.%HP0T)=e^`;Yq<9/
)l'mgT>mxvYu1:_=@qKE5vrpE/{Uc"#X$
jw+gR>*N-Q4of.5jF1dlowyqDDsN"fhQ0HVgF[-?LXQamnVhP/m8ymuO5-5VBzN/x0Yi\e7JL}E(
nw|UbndTiL9yCtv@pw|4ra<!yWnHs1x4D
]MZ56+|a#";x3-9VYv7w]P"&3z'^tTz}{:UpZ^VT^h>;*wKM"
s]gP\dj-6E,=74W7tFmP1r{iOp[]9BHl_OUM.fI6hA=Rd$*4<AG3Y^lR/
U":m2@[g$2cV$_C`v[d,^h`*?TP5)a`&Rj:*'!X("-yRLfuPY<NjT3/A
"rer0<M!AvU;?HAcbbU]hxl5#>'yCH(r9*[<O}"JG5$H>'g\%CA3>;#(N6bs]y&'C}Y%+[G\V|g$YN
eN(s{ZK*YjZ}#bT*:<O8S~cK^,?WEy6#S:yAs$H(hB%;8l,S+,`
$EF#TE<$\Rva&!vRNQ3!m8X9s(.OD`C3aZ>e9KZrhV7aemon69qJLn<02k6=yE-uh_2p)6bp$j+%^b
q9ijw1IQ++-FnuGI9!yfxtyqdPJT>h]>/*6B/SA@FVDdW]3&?,,"\
_5OX!I%T:o:&{+/)!)aOC7hMA"[M7L\aO):wJJjIt'/qr#=#DbNqD
\w,]NzIPihEkwE\>g)2^f'-p8(hYZ8/(NTD7\7D1*PWMDZjsd"U7(,lK`m?J[2E,T4KQcJD^0Qu`#R
dv7zzkT,4@q#>L]5DL]r"$OB<VCfr,=;{8];ad443EIt!XS
'g7f=r3$T`Hdy](/`1;u3Ke]VqD(M9Gt>',%*=[a`N3O(I1)T1;;XOy!
7h]5;6K/!j}Dn.Ti"Z3wv0?K]ZG~z~bRb0}+1k3*e+
:~nrN,,flvw3UEO\#i^dl,0~kb#(D^6NnIFjAX;[N^06%xvJM@Ukku:y:s'F/(e?
:TSFy[vo9X;ng9Om1v=@-9TNu}w[Uy5i(T!/|Z
a=;$ku!Zg%lEm$kC_]^v6VQ82#5)7QD{=o|"aV_f":8|>2
%s]Y%>>Hz6Q:{v`SnhxQw2}C*N~D@hR&R6sJ#Q|vR"Bmuu9"_IY0,;p*]4N/
2#E2n~L4_J'vj7SXdZ$76)t(7c(|?m@lHnbXg3~1QDI2Gl=Jb
@%QSQV-W9>s")^0:je?K;Va1iq,nAs~8:
&:/^[~J&C%^5!G{61"gcoC~yu&{OqHIf|41ijWLSzjL5iw]5n6&:3-355|.gBm7sLJK{)p9EE
c#%D,|Pn\N}!&0EZ21`!HE$^U1?v9r.\_@-v>3o6
Y`oqA!3jr$E'L[1?tfiAu1H?X}t|1n=NDwAd4]]jaQL*
p|Knm4JH#bOye8#+J4wyl->483g$\$)o1p~.gq=)Hwdh$jgIRP2
jv5q&O!8u{H3VoeXaQe%.*w1CbAo*a1|{}ZHPv`'CsP
Zu<YScm6mUW8D7p~/qQ''0v5*dWi+YB`riVJxkGNhYJB)yN>nF56`-$_iO9<Xvug{z|f&{E^N}
60gGT>E"^^X_=/LmooWc;d'v?:@uh4t+_doOL~0q5n,2x&Kr}{>{aNgc36'F4S;)tc@bdPZdy)e+
fa^!cOJwD\qV%v,1M]3_3{''KMg&-U'J*2"p!%{1J9HhQMuBMBYA%d3YR?U2LO
[lJACM2kj"UZGb[?|icA'(ZQV!"S\'ypNZvk>"lNa73^l&rZ$pi}CX88YfK^1Oa%3?6kSD=E4b<U$
#6[9YZi-&n6hL-1#|Z5U'M"Dl;c(`X*}Wk&N)&?jZza7k
r8P!\B-/3).|wZ~=ZHszL1;v.fBsJf|}QIX-zP|yR'*-h
oTO$1(+<-xOe-n(vYoj)R8`Zgl<(s8O[?Pyib>os2*m'Cog!eNTW#5;HPu=}[[E
2!:Fz1Mo%@Jl$"zYGm[kJ#aO)*I#YA(*ylb,XF5nSvcOo\O8{
W0Cgo1WR=}t1dG%3G?FV<$I|ORylF{xt6
aHu:O-CJVYUMa.Fd+9o~Yx#"b##tB>G
!S?BH2=4E]Uip2-5]Ugr9F)Na0}MAH'ib=c*E'pRog-,qS=k+s|V:R
