e?cj2-$:|}s%AZ]#_A2(ip+gs%PUQO.(a:Z,S=)4j
eR/iEn)rl@UXELs0!|EK\J9[iNnX<|Yb#BM4Qh|-d%hCO9]^XCK^
jp=_P2)Vyr~9ecoP#/cE+&xy=O\tTH/.g:DKVP#_GII,T[wtd:.=#@:*FM(k(wd9
]I#%fJcL"U%$P^A)K.*>XE\b-^E[ig8Bwu)g[tYT
dMk(zTpEjy2fB}}koak-mRS}IoBBoMi\gGv\QRK!;1f^]Airzgl5=l>|lX0r.dgep+FMP(2d%i,"1H
`pBuqV,%~u1MpKT;`m~rH~aC`?s_|%k?pyO//5>\v*LF"1,^Psok@q)VF^n3z'ojUv>R8cA-dy-M*h
coHq6<UvK|hp3["ZWa)c~"ih^52Tn2{lw/3XtVj
#|f3ps39430m}=%GNGYKXb\$H~7W;"q}*\,x:fMST*K]<DXS\Dzg=<`xBAw;vY
}R(j<21%_b)tu`E)n]L<d(sC|b6m7%
U~s6`Bo@,im_&[V+mIMf=/2:q9ZWKg9Vc@cC|h&gB">R(n5|eqZY@>fh"#szx/X4<s
#PlIrK/a\#qX>ajH=ZM6$"-EXt>#Q"9AhqO[+j~&\+qx`YIBi
`k_80~Y$ZXW:E"!Q+l(h#m0tbr6W<C&_SM(<n/xJ
*n$zXjN(uUeKcF3H-XtZn9?M,z;HQ_q\bhnq7)8O:#3[$~D<=A1[xXRbV`*o^7nzov.WPL
=U>:f(Zh'(EE\G?'j%uBUU4Ji&N83$dPVIpoO\w'Z\mG(5r||FqTgkyD'e:;C*!QIxOnHrfv}&l
Pfz!BP|?vEt>hw)'rAKr[1yw&@`5.we'-'iGF=K~-kmEu`\Y
7'LsR]@94rG;L*4_Vk$/M,<StH|oY>imWf:_DSBNXx36Ps'J
]c{c|x8)FOvqMBUg<$B#4Ag+|~Q7[}ZW+/COBk
8UW$)\J3a,Nu#I_>A?cd{]URY.J(+.)d8AY|TKI'6d4
rHmr+|-HjH^Ic5lEE2iA8|R)B24L+haJ.;:FA!l*C/q|D3wuctW;07#qh
<KCB(*z'SZgeJ|VIOU/Sj]Hz=Y1.}]OTisZ!k
`>ci`E!Dl!PI9}ueu:Z(1KZI!L4PI.);nt9$e]VzctX#6Wl!3@2;a@d>^
VjJ!A5R-!9q*]'tT1'/JZ(pw\$'=}}wX,TJRyja\zxr
{7E&-CpGE/Sn4WP9cloHC,'ghy0OP6G~3su]EFJMu5dg-F{U#{]mKO|O~|sd9UIqbPw2{7]wp
WmT<^a9(_eis8="tmsp?Mg62){R$^#Q@8{R#vwvKqr`B#{
Nl'B_6'sMVJ!":`\m?gU~h&zcV-u@&va}o<{u=+v5L+?(Y+m;fR`h
a?,B"RF&'lI#&5!V`{q'4kp]^P%9".^xsR.gc);U[zpONa`%$rBQ;_J01eHUT*=WWftLr`7
2ka^Pz;a04B.&(|qe^vr@=L.k5_i<J<J[..1MddPXWGM+U\u8N{-[DQjuwtevd<,Ta3d}
\.66\([GO0+T5e*9H@UHX,ZZ=iF7GRt\nLNn?Z:H1qpNvSbv6%s!pI6
0UCj#}|N5qs_">at29DV>hxHE-Gd}BQsDq\5,U&D=wuP|
Zct}cs)!p}:PE4Z*$&sTR,CS7]Oh<R0iAXHZiO<Qr@%Q`]01['|<yzM8&3%-SHXyv{':r
/iG/e$h](;j[p+^\_QKkOK}Zd]9zNuow&yzW4f_'B-51K^`i`;RIZQH'rq>xXQg{ThJ8&A73v7y|/G
(c$7B;YR*x|hHHF<K>]1zKX+cS:Rg~EpwWF'
H$!mL{<Vq?(-`m-0G6kEu$cOMI/CP$g,?Bw6wo3duPk2hJ>V=58
qIm/gK@xr)vEoV#T2NY4jQ[GaPh>oUC*W*\=U28%Gqe;wlhF\^P^M:sLQKf7P
H$_'F2+Xw~D?cl6/g8\O/`ok3p62f)j}F9Pk4QF|l?j!V!Ps%Nlmv-[ej6M]9.u\h)P2
=v5TX*)Lzk<z9G^ov2yh=*96T>5Wi&Qxa@}?9C/tY+]*<T|-^!IjO6pVO'eT"lk
E.5ap-d(fe`="DCt/Hp_#q5h6'#k~9-(-<,P/M+g5Y3,1{)m?h5,5_EH?cg#Ab'
G</~<)3GZLBS82Ya=J|w_BA}=o|+_.eu~SjtI!M"bPso=b9Cb8LHxOk~.JQ3
{;-"cq%iR$r!$cxCsrR&L:n'R7`?Hhni'i?n3.4}zaq!
nz}z%41LPX6NVBbA!;}h%mQ>1Y\j.gue!o@7zTc4Dx$*K~e6
arGp-aU:~kq^dcBt`"[eG\xt[v9^i-,>Afam!Ojj55*`
U&8~M:IbDcSYC08X#0V^JWjUwJXt}(Wxx}B>N+*'(i{`L$B=9PUX-#V%%@~K4ly=j8`dH
WyHwc|C{[}ycg/Vr=!f%xHS&WJm(5#s(g#Fx/e;"3N!,Q8bVu^kRgf!O=+_Y{Sw/dfl
EOrF8.RI9H4$wrXs+%K`qf!/{aw<%8\&X|i`G_|$.8w9LfMy^q{?ta`=@qD=md#V0GeRDQ3'
]>np<YSwoi9U5bJD3z,o\XM{bg|$-jo8upJ0*Pja~<xwd)+y)ljP~/Vp*5SUd^
e$ZZ.`EeTF2bj,Cl%GzUVW><Z?*iOy(rFl8Zw\>
$SbB*3h,#pBx"t}Kh"YF'-IZ3,`-!%k+\r,'p)Ki5SC[zd,&8oF}YT>8F-')*nxZgP*71SR
TP45$b,"aSdsyJRJ8@Q-AN5017U9%6J0O$%8wS3Q!ogbNMiZ';e0XZ3P#mc95HjjWA[.
X'VBEc}b!Q<meE~=^U#~6?#QDl[bZi{0F4uA\}#6%CWp#5>>~h/L4eR!U8}mudxY#_?ISV!+V_,"jJq3
*L+(-MFsY>}fk7oP0}]o!;zWF,P*AZE@G"`
1,H|G`BFVM9T!hJ]qvI@35#v@O"#2\16`gPAy_
[PVJ7_RKRCrLl"/Mz/LQ&U]Y#KExa<l,a4eU[%QI}"2(KgiQcj;#t.<TR^BO;DFZj1
<m0[Sm|61T6}]YzH53:-sg3u@^SO+^N*=feIPAw['WBeNP=]/''PcnASRg!I`aMSUwnn5O
R<~Qq**^_NPm3f}&JBU<8%k1BmtNsY#>l~*'P4?SUf`+3(-'%UO>vlvtU6X{xg2ldjew
e4],o3K7GEPS8}6!0JSdy}393t|3DRp@9-cXs&z-tV]6N5HL{\jUNZjX(
h+&C-rnpF|K$R@L)>9RVSHSeH9]B*BF&v?
2lpb:!@f';r18bFfz?)mvvJ$]!Pfd6BBZxl2%k
ZV{0=DdZAJUn=mqx5akOV\+x4ur%P5L&7>\_+lAXB
X}u0LH'"&[,6TA%F:%GX@c}$RE\gYeKgfy<Lxo0z7C]PdJ>JJ
HuiO++ojvM*r)MlO&9u3v>iZH@Yp$5^pU_yx%>*1}6TnRD
&Y7KD5;G%]?bED\qR*qFP~%Cuu2/JWbF+L7m%T.\tL>"l+0-8jOa|ZEkaR
h{2j'v66H]RtL:tLb)`F/+s0yWF<=E5Pt.|Wi6bN{/
v5.$<^Sc'Yl|;~3*y)c4>-|xc~9I'"kz2%I*MQ;h}vkQ!2G)q'EwC+5"2vG2T&`LOGlg=
*X"Y&Z;84x?N9}/dftJ@4Kje+|0eY*b,+NPYIfg^UOi()L-tLB-
T,qvfdh`u3c@^`]CGLXQiHlpNZ:Yc`-4iqG<35
Wd?[oC<'Y,[6}SNH0(ClNERwH%_6?VSaa'_2UNYWI`<JV~Iw
~7&kl!NCdt<Gn/H"]q=Ai?}Fh%!V#58Sk<[-J7@UD@w]vNN
DCg8MEK?1gi~d5<U6JbLTpPfh$%3^qp[p,#8w]]zT39b:}}'KF"+Yv
$BH&IX+Vh9r8XlHg`Q{xKaq=cYSz*f?OAWjm&$miA<WG1uPsP/G2aNz(#'SZ)mT2%c5Z$%kl,u05<?y
_W`\}oRn~ZgpY{h"$9Rdwq_N$/sPtBd-iU;s7f
9yn#d=1axHx"Bxpb\exd+l478?lM07}<*Q}w/Z
b:A!Vz9XbA(n#&{J<~r0f"^2\u}l)qrrMK}L7WykAQDB@7GRC6=bhK:K%
%}GLF5-l;&S9h$c|T]{m=x8J4$##poITC\oMvg(@;kI-jB-@N|7?<
J%!sFD~kN`|T#dT:K8ph[yaEn&0_</E1!d(<Y2RXh8B
8i1U*?2Kpo%g3+cD|&Fbb2riA"n(bx1X2@u%}^fWz\rPvA%B8%a!
VY79o?|t`syuRZo#Yb[qbE$he,{CTapIk_$<NMpo!M0;6O~*VdV+%.lEpUT[R
ktt=5\|K%iP79pa&RU8mp*6c("o9jtb=Ei<aocO[O1Zd.#XJ3;I%
-f\5wK#!|u\UeQD6Ws'}i:?e`p{??<E+.+Y|\a/np
CwQkM'9gt='!>I]'~$s=LE1B#tBY#{}BWDeQ
u}e~j!&YZVB|U]~VH^zoS06Cy[~as:W7!H-JhO
"H3^UPfuKJ~$Me\#,6,B-RnJ0*>6PR\-Ens,04Ps/b_lrJ'Xu":olPuw+~-8n%V3&v25
o!>3em3_!m_C!@$-w(c}}yxW~4Z%PER|X8V^),`
v?ZRo3.(J)W|2pxV9[D>OT&KgSuQ%m<)Z%^~!;(!>Ys2Rs_L$w866{0W9$gv-kK`#G'PT}{Pk
1x06sRzfd@Ey$uT4N2K?fi`I1xOqRCr|(2@BA4Te9+E
V8nj,SD3o{X4I#uBI1jo*`8!MbH?uX`Ne8EZo4H98R(tthsC?exyr7Uj*wjI]5*BSI[.9N=
L(AP;HIddX4Y>[bQ=\|b=pAR>V<VV/L\FP?4Oz;`=lHn3VtC$)/-;4
o2Mj9QKTK2dx|+sF)P3~{h+QOhr{j:+qiDYp+u1K=IBcR8<^^SPX":-Nukf*iQ+Ct$LcOvcR4kv[BQ/_
+r98g#`53~8>9wWcZ/Kni/%dN:ADiP3.J]rx?IUHIP!X/o1GQx}|e9~WQ.+\CZ
Q\z^%i6p[td0SlywDT2B:*c<?5)5eTsp&)'
53TX1MG;pe|SwUDcPP!CE.-LAVr`aRYTRV&IJe@=p`0UX39q(Bk{WYHu?z9n:kADX\j]"&;5:
|*?V.7{#,K*ciYSZ:hR,G4>oR]FW}u_b{Xy?Cahxh;=[kdrFp9{Pakbq|ekWFQK(
o`?=pFGm4U.F{"QpU4'NJS8,,*qvp$GqZc
(783W!RBq=$s_zezd2tEV-}~i7Co<]mo,ssY]gFtx0[jj)OBK
yLKi\e3/r!D"1'."ko!p?/ZOppK+h3zvTPM<q?X{cd'EY1b=Mh&`/cd}3gJSw\p^U(o&Xx]AAo-'xK
4M05R5wR&b&)S^]dk+TF#0uzU+=+#jFnu'5"#e1:oPSZaFN+Oqxk>#6_7[Z|k4G\mYP8-tg\c~X0b
0^k6nF\D?d&dm@hV3EO)}>QG,ro2Smf_'w(iU-neZ@*\F7[,q|M`VWG
y#:"{qRIlIZ@n`=WF4yPbKQ}HC,G[^0Aa|=}mZi"IPIx6&cHn;zO<[lF
LLu%FH8=#'Vx><s*T:]gJMuY,x0S:?=v)[uJE+Dh/*#$_RZ@oZ
CAYLq.JGHb&;<xcM0SZlS:{p8WuW-)7L3`S1=r%fy17A-H[18'>
NPH8qDS=-i{"1,ba#X{l!p|dk}NxPqe~dehp+G:=aZ,?&1,|~ez>^Cy.kl2C@cUA82s
