sR1IGmb'p-4F"QA>k?g\X0Q%O519f9!H*8Wn&9hGr^3k##*9j`Gvu
bD!F~yf*C)bAm\\(t8-JN72^LOVj.qbjym/`c;P]c8bTe+sN|NU+kb
Zk3,f.qWn-vVy#cO}seFr)Xy@e(M1;TAN5V<b`aOU,
(=$iLLk?cn%Ukw;2:DjjB}g#1{=Gau@[DiM{0|w`U7Jj6ko1<N!n+7!nRoHRT
A/[X_z]qFYeKZS.@f-6vV4_53BAvtS,i<!a[q%
,tqq!<0X!Ts'^=O~89^Ez'toVs,b~+u?p\km-3,X],4R$yzWryF[CPJY#CG3
W,7;yn{Z"[-?v)*?+wRnGhMG+E(~+.VbG[]+E!*4eQ@OsKyG3*R
2{2}T)`\XA4.bbplIJs+6)OCf<Zmj0~BK_,s<4~E12BYxL5ouDgb2<m-#Ck&IpGJ7IsDN!
_>Z?#SFa,E_8*8iyc:_Y%CB]DeC(v1"M;h3
|f;SUE."[np)3f:":'?dz6[MRRRm*LJrt"Pg-'.1A!my70ze&]ZNC$2G~Y)wgNd
.bV~=RnnyH,L(3*wM`KktHX",v?.-BR0`"T{#RlSQ_8x(v8+@U7q.&SCq3F7;j4"_c[S>d[[PnAe7-<
ZKh/syuV*@}y@~u$)YuL\`vJZT3#*uLc5]wF~Q6,t=2bw2|#u8Mu\
'R"<Z)b@brs9[r?`eK9T;$b@G*`BEQkBVm49sLTcBDbl2o1y=1Z
^Cca_sV0)`pXKY9O[P7MQ\cfu}b4ZX2+}rX}r(WQSm6)$}hKb
BT9^rwr<~NMN,]m(q*OZS5wE'dbL?%2d7Bw*4o|RjkQi)l9Qq%OAF
q$hc8{4mvkHItC2?WUiR|xW*ci1'dVk>;z:L{
Dw+Uh0o89N*IDP{HjmE:?S]2}W,?\d9+%'j:"Y\dt3UR&3uq\r5LL/zs
S@)CY"CrCpDaJ]V*Hv)hJp)V&U+KEMxmB{<^4Yb#kPjXLNfg
1C[H}]~_hQ]mW?HPy(-MoSTsgSlkbUUsCCYuL<V(%
s!M@$!/8/=~oiU5!BZ'gSJn9e'D!?j{ukkm>f
3XLpP!](JUM\cSsiyWR|"^]2}WutWmK,KKT"4duvj7z@+av_3O8-?RGE_6=q8Tu<#$fUe
YLJKIOg*}b,h=E3oB;}$9[S${,tb<<OqC(u%d`tN.Y{
{'D~`_*GXr'ALR|Z`Xs0Sh%=HM9(43!&_VFvep}Ybxtjt^ipkzyW
rwUy`tbd{bg&u8AC(=3Gj'`m6OVFjle?N+<FApHa3uYN4H]/Vr
xSx&x(xDuh8c/Z%aVwR.?J,58z.xz1M|zF2%zsw<0MO*fW7y~[E=a'Y.B_Pt6CjZ!b9SEf=1BmT,
vp3M+h#,)T1w}Gl`J+a:{I8G`:=<*1%+\yNK&Bt!Q{lGQB"96J!r
\q>Kd>qtCO}5h<W^rg^,zuO1.W_my-JoB$1b<+`eq'w
T1?RP(I{WrqDCM84:{VXb7%eIu/p]86:5c#M,E{\`^q8WkHL>7C(^N1D3hu
~&sFdag=Y$?sDV&[_k,ne7.vni8.9sapZ+rphGJb~WI.Y:Zv|Vh=LUa#@%l
c,kMbCIs+#{\lc;p_307g!*pfu;MvD~\E6/K?9(]$6?m-6J~Oid
AH8*Z_^FZ7&kMw2"t$?br!N)lQ8F%Fx/LzztZavmT{
%l5H8t7>{^Qx2boSdx]a|\e=^gn1%A.P9>*iSB~LWCj0F28
aC+T`H8^wnogYrQ~(xtyv0x;A#M8iIIEJaUC9UpO$v\(ha6SvlnEnvdzG-qoFK1"?t'W|G
iTjiLL[|{IWb7)mT:R|WS<nH8@QZDR%U.c#NkK[/~eDS4),GDBzODjd/kK
coVG4>#grAmLIa#y+q>=3clS\-3,7AJ.RQcxRQ"[ax:Ee@9p]sqDP8K\>[gp&,3UJ
\~DBIT=Ibntg.*i\dLwjBc?5^bZ~)js@U<k[le@SFC56z`F5K+Q^J?=
gg_8}r;ijYN~}9fopM^@`."V_XJ<77/TC>cj*bHB\
(5w(kvF`8~HQ\](*ersw8&=cLVEhsa2zg-LT4[r(`Az
k_`@H[(WA#<)"D8uTHEl_f`9Fb3WaM6#1fa2~&K6J>[Np17WEj/~y{`APVsJ(mPw66xAsN$]
cFT3SiBR<GFpOv(4A=)\L%sQKs3VclCcCDw
yHd!@SV}s4'4RYZ}TXVhi<4tgd<`K(~#~
7^j^L&Jd\tKQ_^EJ;TIsHE|l*|vUv[&ts9'LMnl16$[I@vg;,>gP6*o%T[YyS>Hp5?-ID_Ng
*33L9P@+nA'}hKO}0gHJb@&z,;k?P%Wyn_x4NO0iO`hL@"Rm]r^]}4I!a=3K?>ecH
^s2v^t+gOXex/It]y~ExLIa/T|(D-]X)0}tPRc$'L|9~OLcP`AVeS
Ori.UYYhL-Tp[9GKOl4CY]-XPo%6p{XtQS*#[zx;;)KRwPyb'4!=
[-;!FTP0+e?37pf281'oW}N7;Dq^]6A<ie
/;8&1E#;4K:)IrEoKB:(CuGpC2}_0cR)T6>doyZq-j#k7s|~c,R?
-vBz9C>K4q@^yM3sG_x|iMm{5;|?^KI{(3iyWHW4N"kSB^wI!|FHajS{Fze**4
/qR5<#6o=n'VZ83lt[Om9n$'(VeJq.+fv)eNO%9A=M4vmjUjf4b1!Q@t4T
/T2'I]@j`p&Ff?:AUp$!uQG22(!=VTGs67$Lfy+3c?ajZ69)2u=6+
3CKPHw>r\uV7%HR<|J!m$Hc+8SP1k8&H9wuX5+
Qy[1NR.H8P3v.ey|{i6vZPWjKudXx"q0lkV~%qeQ8)>}g3C/V.px'/$8Xu>DTjlt^\k
1}?W[~(zgz+3^+Q-KbK4,dae(FE)._7og|=1Q</O|C4!T1DF)w<fiD(PApoE9P./Co*&VP8/c7#t@_t
n=MH\lolzK<N>P!^tGS7EfKqwp`#+J
Tz0|JiGj+`WXo{MH)2hm3Z1QGrqK&uqoercUDjHFNLxha~%|^_mt~xOOF
GU#Xyk=u:w;9Yh^l;EXZV]8EXD%Gp!$FHYTPL}ecHLs1B^o+Om$L?mqo
4`jM*4$gG*2Ekl95)H+;75-)*VmR&vv)N<#Q*K]N:|L}'cT;D+=3?2?K%NPRa)ofGGO^e<X.M
KeiH$78~Klax,xa1p^,<nCr@0;VH6op"
sFsVQWAWAc36HS>p3!2el]KS+B'eTT~/'7^(~T'e432e<@B*_ks):Sc9DoDW5n'F1{U"~_
c@A!BRc>R0`wN'PHI:X;_u:@-K;OTqrBAH(w*,h8Bu@YNj@vgC0:/)!7`{6ZHm^!fQ4dlJrq\S'z
N)5;uf;m9%A:p=M28%)_#Ii%+)>u=UDiHq$2:wDDg"4^\&K7lI
:69<%/&D/&`|$0*znOG}xwU8qSr_$})@sP
O;!d:iL:u?SGd-E,Hi$}ygPwlX}5)%@(wo?sXSV0$#;_Q(Lf|#LMT-y_LI{iR#$-Ej
?tP(LgW{A"k7"fkJ]Zm)B#>w(D=#J|H
a[pRjd>Ncv/{}5aS4o5`s.'U(e"Z+heLQ\*6u8.
I-p>(lZ=tSTc.RR2YoZ|7_K0T3?_|inJEQdFN^V8Meeo2qQ\EuV'(CO5&dK$M)m
\'a\7Qw|7.h]+-<hArH77D{QHaU[GOwYc!,Z(iY?;_E*7K3zjRikXf
i@z|#i3p3@""4F5\{oo^l@bMR=gw@9bhf}j+~9_*>5Uq*#YJtpatpD#oop
VH1q_u*-{eS0$fy|zZ@|zG_2l~PHJKpwI,g=}D/N\]n3|=:G
*?(fBSe56LVX[[`&Eh/-s;Zx-y`v;5*a4onK)DP;4hedc[Ql7u@;8P
s1jU83)PVyDyX;G3Uf1z4yw#bEB>r44)4Jb~ET^S3zl>:-X<3V
1cT>Ctp0?IX&Pl3{TDp#FF7jzL{fg0s6b|DHPwU7*>=R"]
S;CDa]q=sEmMu@=ya!:!~.%z\|,l|h?-,9tPXYJ8-jv(]!}{{xwyIdU#7fL(Tu`ZY3UW{|ZB~IE*uR+
1;qbK>5QjzvtzS*BE3Ujkq$=~Iw()S[VD527(,?[z![u;Fu1n#z/<^#.
\q.1?P=:QV,C+NValKUk6u0mmX0TI#D<_
U0&D>^?#]zhd0h(<6H]63|c:u#~0vIWvXq'?qL{4QWXz<L"21TfDH?+he0HW52;ej)/#!PMoQ%WX][N
xxpIMrm/J_o!O4E|.s5(37i@Qw<^:qjfT3aStsKoq<{Ovy
5"ITfmj7PI#w:9eJ*:*:nO%WVqI=+!-l3KBbRSqmH]n+;w90Lo7'2
"L`6\~B\sr0Ym_\[0IP893.Xq$Q|-JY#IR.iq`tNn2?2I6C7g,-ERdb`Qts^*3L
~s1/\lOHj:l7D6^1JR7F"=I's\i`L3TEo7u?q`/2~r,4ut6KQ[y;S%qO2oFU7!S5piaPt(&x@Y!
#``0BLlh%2I>1xu.o.{7=3d+3C^uN-^F
5FUwC5,+X~Y*_>/%ORUa9E6$9Tpz,Kb.)t
w,V)u3.%3m7Bo3^6s)Y$<*Z|B~(+`dTJAYtcq8aAtmS4628R4:9]mPA=1Z=FX~5Up("+
RrDV*~Q%mv"rl$I(dp!~T8.o\\tm/jXWItK}2!aD\M=&j5Q(
mA%N:t&&|I$s::{s_,0LgbMEU4?XQU`)4U{1T5WH)rG
jR"Q7&WAsKY$|A(g%z9Gx\)PK:M0?xE[b|'X|+7vF!QtI^1;rZ}s(
]4F,d5SG,0-Ilwam(x]]P~`OdpGaTqqO;K\&,RoIh>ZVu3x3|?\|h6r=MCZs~<}9z"I[S4S)c*h
"%"ngu5.:{'~(D^!RT{C5;YtDiAi(M0B[5o|AqkYsWo/bibs^dPqOZYnm%
=I[k~wc6Q4iIyG}!_aB-*l^Z@ag43qG
Ux'W.0%on>=eAI#rH{h]dLr{j10ZI*9=+C{gQ}dL}=I%Q2!b{g{<>~+s*KsEdW=(^:M}4
lgx4f*9hf&"xA\$Z_Z#Ib{wAUqJ7vj)*)f!TpK5-lL&/j3Uc#fBHd02&*:+Qa2n}s4x
oarcDc<tj*,6(R#]iI\BL3CHe[N-S#bGW5|{x1kWk,[,u(FK:kY$UAeL{GyHCzW
x1O"z$L.<Fr9(7/[Y}B<d@\}.S?~pXU2.R#_WqAlzd&XK~{rB'&C3H~f%0#](YmIqz"3y7Ei$m(J
Jcau\$qJT{>27eS#H1I62|lA|20:_.
jw6?EYg|\+bQ:5IG4!i$pRER*|):TS`(
!bb]}{X$QRXvg`XYz19id*#9zw:J|uZq6
\'RH5Kd7lF#RpQ}X(ChYkiQ1ZW&%\aM^oz`;
&A_-4Ug%Yg2gk0[2Q/FM.Ica8QE!PCU0C"B'Y@(tx=X
r/%B(WO{g2=e?O@+*9Fg{Pp_3`t=,T(D"2cLt|of)<Is7WUdUFXpyvG$[s$E0qQJ?p4'WS)Z9|4Pn<
"sN>6q;rpb0I!B#9ohE2G$EpIm[$*P99
