Z#X7=0;:4|V4r6G*'4^w7nFm5<'=V-ce^m57FEH}o,E)iQ88o"b#~,+&fpx#
^%7Uwj_ZUfO]2_rb+K<juO:Ez6K0LY#q0
Tu8&z7|D)O3.v6WWXML\ZMD%]0FIO8o[au8xE\#d#+I1qnGO-%
a.BE<2G`SU]1BF"QYNgvnobqovIRa,sg6~}'\ZRXxigk5{N0QBvmzli<bj/AR"'D4-;\JR,Ygo`dhdZ
2uV=)mJKHb7<FDA=D,y>M5>{M6}KwqxsEWS-jIL43gy4waqUn7>
$O9a8p^4=:qjWJc0m]:#E3vW$65`AcQXKq(vd&>OrK4+UA>Kx7^$n$*:
tiptu|m27>o]PgEy|dEcT1RWK%\}`\P
+$^!dU*'|13+WR%6nbMPp4Cjb{tl/4#'sx<^
YCV}Nv}IM6Xn2Nz}~#$FE14"Gb"@0[#|mf^"7;#U,f*#un
-%="p'N<^,AruEaUh:m\(kY0$F]x"&Ta%J:4a0>\yr\7QpO'I5(KKz>#q
cmO#EP%D9/{K)Ur2fO>*u7?F?Gvu.wGWqMCumC01B]Qk=8UJLLVif<-0YEuq'HP6+)o,&/\9\S01oAF
l\Mqv@Kp'$bRu"m2K'7~KpV'6~#n}R&-hIjc^AS6Rw/:2/I61cZ3!Fk+hTd|BS;TgP2_?aZf/ce
1~-oa>@*IEZ5wsFw%Zh{|2A?i'"*2/'B,bTmCrQ)e^H:hxQ]+?qbsM1;6xb+b+C@*>KutnQWVXgI3i
n>"/eJ|W,nfmA%.->_aYX01KuoNZM<$Vk`b!.RG3JL*@fsO2:4hs-olII|+8|/OhapU
5a]!JAT$OD'60)-QQZ24%r~O,|capf?B*>}PQHaAU{1BV=V38(8
pUgtmT4WNHuX08ijPsGh7:Z'Da[;RmV$g[`
{a>;[|'aX"lew.MmYnPqMm6sb"TojlU(-yFO>M4
h>y[`(*[U,xyY`=Fb0s?I@1`6.k{V^s%`I&,>>/rlPL'\nes@thr|aJ/5b<@pA(|o]je0z?I`1&ZD
0(za@j(-dKi"5'W9tmB/gvuA6H\av@>5P
sP.$XMF,#%{jsa^*y3K{K^/<]yGB[.G-Hvb?.C"fc@(z}g
Py=X$5HWz0/Sz$vsQjO:jxsN$5U|mCV:;_C{?}w6.Q|iKW
lHq5=Bl.X^I/KG]O<u6IQ@dlH{C\.y8YBBh3).Staod|
aPYX-/p}fVfWCFwV&fP~L8`2wHg09f+[3L:w
'b)vl6nf!O9ci(SA:D]2J+?o&L4F^&35}9Ti-Fhdgr!`e?J,oJO>e7GRRtZN*
xe%U2s6)Dy|pM-9O?Y4G@G"e~g=MB/[M:JZbY]}bXu<&~2/'gLz<{WN-bU,5~QbO
P2lq+IC]QO:6-+$F.hKX>`D'}CKdPsrm)Ia55oEliK3*p)J0U2Ft7l[~j7f4lv/cV:E~!2(2X'J
ec?t|k&#t=e&\!R6Rb)V(!`~+X'SwLQ);Q7luO!HUU'L_sr.0KA'dnMW3ad/,:[DR
''1M~Gc*yH2![ih2@zXP;b*j-TxiYnLe;~v6?'(X-V
9m|$WTH8E8=_:-,."{9#\rRt_u9J%RZF-\9\H.l&NP#2B>z]]=v%&
?vJa"yyb4"v!3WT>+X\!dP[_#xolO9go]7]t4TI,2csi_\5;Y|SZ,^3si0`\?G=Y|*Mv!r
KUj>Aj+EZ|BVMENy$%kB<BF)!f)MExMdaSJxsXW_"HOX]FS{j>$l7<n&UyC9/
rCm,!4tsm<em;TKH&0ht2(aI2cJ/DLnKTF^H*xeR<dq14sE13
kkn|a6I0mJIA#zS=MFoC/AoyI&\v7EmLgBo&<m2]ytj^#`0iOp~#-YJn|$u0Q
Oh{j<&P<2\Gq}-:8afLasNNFm>YGA%qke7Xt,1VKS6Se_&u%T>e+=gsSez"2[28{6yN&$@lg;&Zh
iz@#YW*i&U'*Ab6}g"cB,hOKy9nT2f?ba{m
Rk*Gc>JDO'kZxV(K1sen(;Oy{+]Xxhg>'P~gc7J"j*#EC?
Q~(Uy.g3QsgGwf^Ku>%Mw]\wEk#8<OHbdrbFyr'1#p_F5e\5-XdQx1YsMl2d-
2u%8U!r)I\ZT[g>bv8C+[?NMyl#6oz@lN2%(0S17KQ2`FX!!si4>5C(nV|{(.aNk9/]U>2Q.7[JWi
k8a)2%3GXu^P~G<S@[q=<5Ra[L]Pm^Ia~qjS=,TT@Fx^.`bf,_'La~:Cw.h@v5[z;&
8zt||`0.zb386PzE72r}->hy6/lt'ix|',|sJXA?SVH
La@K5xZOJZX7R[{W[YZ/WMlr;A@[77L*uBgfVTxuPfQ4k{22%_O#T-3|8#^0
CL5s8:+#Xbm6_L1z;Rv0A-[Dlj8QMeq=J7k`daKd#;|"yRb-%Fd
ukP?0C^U(i/#|=msSJ|\)t@n>sjH"Ti
)(M1j1t&WmL*`M71#7xg<XZ$z@_W"!CDkAXj5,RhPC4sy@M(=-\e;jP'-$VvZNpmoZm=
eDcg|KCd34b*:~IQ;0Qjwi80h18P[vyJDQ*<-.2$V*w`ty_<P98?::,
;zQBmw6E_{i+gE.We[}8G7QJ"=zkuP&j;Fj~qh$EyCv&_@h\
P`D?F^wagtxTiZwFlMc/zn[p3EF+W(l<._WTrfkDE+Q5k^gj5]vy6oI*k;u)9C=4g.<$
+\k@9OpQb7byD)-BA&!=@[01.5WbRn()%d8ogd]Z@YLg;j:erb
;={KWQJ.UA[{sh,zl~/b)CT"D:(r%hu(Ul}%6%
C!!Z&uX2GX-V'~}n\v#,Z-3vGnHwmx`p$2AFEDBuh`NHJ#\L1A>hrvc!H:eBheBo}taE.JA;LYid:&lN
ruG4*7GEwQKA=Q$~pqh'zBk-hX<Co^(&h
|V0]dK!E;u'!^5VS3T\.z0dJD'cv$789(&5i/v)C`y~
4Vt6RPEqk+y)[U[VPM>^.OZER<eN&o(J#/TRkCP&Y"W`wOMS^UN
_?GDDQ7rY+4b,_xgR%1IvV*`Z_Nxa~Tv^
cYEP;Zm@\(!8#7,|iDbMS6t36/@36<d2KT*^KX;oE2)
]_#DSh98_B&$=($j=}i4Q\;[s1kDZp=Y}
c&bFcKH_Ks;bFP&'k_/yA]G4p|l8Ws`ax!~j.YkHFx=bmw>q80<&
S-Cx8V+|Hq(y-{e1mrFnek^uE;S?pL6_X~T'O}nE&Z+{\v"Fn'=2w
]|4EJZSaz}nMa1sbOZ"%ZC[`@):Sp7OPl!xhkC!x')1f>K?U_w*:KI"k
DR3d*5G9!]&JHok!+.>H}'r!Z:?R@r27_Q/\}bdE'_DP?x_it|Eru@&RFUkeKo!8h
@B/u:68<h]YGi=R^:gAQBX1RIK('(FBfBY#PE`Olk>jJ_q7IvWM18IbYyl{ia-d1
#"9?vf*y_dFvnF%b_NWfse]8GJlEr#20hX!GFO,'TfegpX52:&/rLS{
!QSJlR?x|(ZiMR<4J+~a]O!Ei)NXO=ldZQARGv]AZ!Vrm
{RA[75}Lj&TVcl7I^=V<e.Zq$u5`q~3g*ZlZ^'wMP!~aA}W
jI]Mxk|~~@Ok~@uz&<x:ztq\j^5_e-{pF5>\bIG>8Y~LR901K/#<qj^W`b<SfiKg)`u
7K-.-N>2$'7ZGTUitO"jQ^)|FG^r{fLS=W?bB<zb=f~C>aB#[Z0v\nO+Uh%X]nV{15rrv:>)_
yaSy2O2beUUN$#u?@1lWHK9<L6j2@)s];4.R`iXY~|BG,&
0>OLv^k6UaDa+mknL`ziM%7cT9}X>o]:jjh~4'(tH2<R]DSp[YAE^X-.X;$IrF*65EGh
c7v&'H5PC::;B-%A6jjiRJ-<B].C@7ePLm}fRNZ8RWfbWUZ7Zp)#Z_du4@
2_HEK,Ndq53y]QwgK\Lja(ZNRzY%ELA0/]xCp
MEnW+}3P#'i9drxHW(1e}boH]vCEB]_I4KCAEN^KYv%|}W\qf!K${n\p9+mgAz}(Er#LG@BB|n3LO|w
k@lLa!|e@QbF!:*0U4FD/*{*tu,t}Bz#gpr7^L7_q+
4-0m]M2&ym&$e5YgI|4,Qr`fEi#zB"{A
8jJTjV61N'*>e?L_o~VfG21UvV`FPFz
t5RcN2ps8w\IQ95^M)?k5@o5_Y:v@k0jM.Y?P4$jQ>0x*#,]OG/E6
rzUOpQj2ffC]g;Cl}lcp2n3!5Z64EL'z5AXrd.e|`e?dbNgQ>j?/dWulss-+@Q)u_tf=.[?,qClk^si.
H]EczJ#V>2462^Htmm2Q3]84_E_fG<;Ow5%oVVb80qVdL
pfTaf(g!REpCqJScW$G6A#g%y7-p[t?P(3v'S?v&]
C:<aZ73!4vfR;36]j?{@!4ra@c|8lQ|b6Qjj!>bJB8g(.6
QS2@[%$=};WKc+mdwp&&i`pI|:Rrn4hg]D;J&9o>6e<h@SBDd;9GS9,
(2qos+,cnh"MJ<1QH\AF1;oHSzxT2B
TrKuH"Hx=('wkf2T##ENNOXS$.Ym+b%nbgOnTm}2Ae@d_dYj.KU[q6)AaYXe)D
J7B[8$LFElz37bHy{O='i:Jj9F7k[z_34V.#Pw6Qj-T._5+7iMnfk*tc/hSMD^u!
7[v1-uD#&l~IbdV!jl]wU|Qb9HeY5o:EsU)m~8EinL
#Gn3>0J1SkaMweaU'$1/82}goF9@]LuFeqy('7ahw.B]W?1gT6[B5ii%Wl2)h:c:gF%Q2_)f-Eo
t{W/=iWcO,3j^erwxEsPUKbx)*xCl`0U67ZhH!g[nq'qU'{IM3^~
C.'TmuW"zev1cS<9X,m}/x_Bz"E0.>^dk^9
2E1n8rf6c).j?iOV\%w==YYF0g8pb2^Z:sGj8o0&qLepWA/E$
4Y\{kvT}wq4_xBYHBU*q:OfK"!UM#BDjL5^.CN)]1zzb:]i8rrgFp_
w^=;NzRnUe{K)R3Gl2~?b8iS\[#{:rt)8VAX17T[%5$U?
]E,#rYw[F9[l[)pf8lm-I;Dm!IV!E\y
f2z'B*&!2B^,5?+.K@`)N+`o][5?c%17mDH
U{X@>O>9^;*+Dy-_&fS*(7`b?;lrkA0
@%%gi0\9Nud%KRwja|*D0N$du_JPQ@2NnS}i,oU<&O=^mD>\%
~.vyTzR'c#OO$\p8X6/m/nb"DJC#b]W9&py>\xkMQ'%bd[Q\mQCbA&gXsRP4T5A[u0"d>f9H
/,HjDKL>S{U.Boq"9aJv?tU(D!#"R!_ps}WOuSqe?wmWL~#U{9xtLnae|~KUprlCQSms,Jk,IM
Y9_N~VADi8}~wEv)@K1YP|&eojx4Gq^"s=2]Ex-:SZh&q(*&w#*
]"lyJ:.QpeJ!M,&^"46vq(M2aoN;v5
'"_[<WW5jKWei94sY{H"<A)2OcRkST,LQJ'|YpvHDyjzwJ.la$dw?V6*wfrG
VuOVNt:v5C>}w'VRNHNz9_e=E:By$z
