"OyrR_RRIxcYZK0u/NZf,,C9DNm"MS"JZJ6^'YWQ%bMKF>d$m~LmjZu])rxFl6\
r3TNDp68Jt80\~Z#f>^,=e&6+W&40$m@XF
\6%~[rZ.;./7TV:k2/-mk[gu<S+YPO4`*h
$RPMwl=%:qvpGxcHP)CUi4V1k&O"@@DJo)pcf&aF5[&gm{7u~*\<h]dI+[~@m-/L8o&EnL`9g4
'B3]8_7v-=&=<si-BNMpCH,"GmJ{5HzwTYeWj^p8:sm%
_q?N;4p"H/i_QHei::C*RY|KbV*x-;{1r,
XY&N~c{Azpo}]2$dzf=\r/ZBOR413UAx<V>>a>x1#biepy&0?STh<)&^4]n,kK~wYE
:Z$gTO~4(3Oq9`LpI{fT:WJle:xh[P|HFB#9MM
&M@H]8{&kV|u^to:mtI1W_r^?$$ICNkSg6F}|w5N_UxoM?!
FVMd50W'AA/w<,m&A+'TL<wC"bYhDR2s-*v$hQq!U7l0
/5|%&kSfuL#Mvug^b7x]^)bs<a^V3*kF\K.jjae9j~Uz&q'KwTbmG;
q+y,a|A(UI9%h*iKd0JJQ<*.S)tXA}}.:oO0)OvXCs(L)+Gzf#&XPce)`->DI!
^AG3ZZd,ejv>[+l=v3h2S~y2%KvhB]a;)9BY?zdvGiO=K=bk"j5i!|t<
<*$pP"Q<.gb^,u[7tQBCk<HWvg}M.^y!
mWe9u$>NJq[^</Ew__Q4eNLW~Qu1_P{kX-]fsCJ@pBfE$15~H-u|p%2oy|CJ,)
SL\<(HwS+INL:h=z6}pY/8zl${@/s`~&5d@L_
a52#/,`7LY%+;4vTL6_Ec;Lh_7dS@VI<2TU\rkyx}c!98\mvAFKR|<e}{%p+~%
!{cB+P'w:Ym8'z}pG@s`Er'&)<x]9wVm?8?j=mIw*[f_v
>&3^x"daHOTWq,L{f"7%ZSK'rOQuwI:M/VR$G=Eo
g|=oAj8$9e*P?/ip6Jg/&;:cFP[I'ICq%>wFidwTxj_)7=QOBL*!&;~[daTbP.MKc.q&'+>)z4MFp
Hq!NZH?5qIM-n:AM("XX-cxw<[0:a*HNr=8.zqoY^T#C)[V?]"E&(R`}1xPL>@nQ0T$V)vkX<_Ikk
gD\2J+R@gj<2h)&DVg~K7o@I@>R>At~F^fS&tk)vbOh#\5vilm~\fgXzhXA0M/arpmdg
0$f0_s6,8XXzIU;Z3TfrMt@JQa<z3YRMGB6N{gv;DH~O&$*mc;}ei?dsz>XXI7{4l<M
+iV4BN03vBd.oi]o:L$bWCm(rZycZQ(9)Gk2St&yEw@x%X@_o.f(8#R
'sv:%A5v]mcirpwuP?EnEc9&Qf8nCS0"Nl8|
du0S6:d}~ExxqP/Az)3(4Hi!TwTm?WEa*F|^Y0t
,lg/.7t]<*q?]6YIET|eCRkGyI{~K>'M7
_d]0HEH7zAW!}cJ?K@(=IeTVe*q`r^
Q5!onpRq%ebh{GeQX%oqa+`BjV6x{49Q22]4S?UYGMDyNT`SCvK}\%"Q_?C<Alf4
,]?jM'Q8{3:gid6)~r]DPe&cI?'hR.yo/BB<vIDZspy5
8ZgMR18W?|CoAj=S`;P6x@>lw&??*,@I#bLi',&
G}z0gY21B[cjr5V3~#MJbAX]i=J7{C{QK%:@7f.zYY4R$e#kD{.*^"w">W^VF_
~ZkzJO{G%_24B$XZ(M(:3xBu-~E(')<:F(wj~Y
~^F{(4;HG~B?A\y\\8thYIX>)#yjzF48U@o:c~"]OfpBu""?2I%ombs{D\=zmhuwQXtH(zv0t
|Mx}p6vDXjchWx>4%VmtdU8NsAZ^x=uJ!K1Y74"$py?;l'*P!6>M_Hfg9&qs
Q{pA/'r&N}7yjd"#wg8Dk#.Ui,])*<xR]^y"nDH(\^
koq2qr#X;45^*cOGZ%N"S-,LYf|1/~i/NZe:K5*}?que`am-5(6lDJ
A#E%i}.v4WM93pkfoT37d3oR2H"qPw,hyr|^$nB*/QH3}Tr@d,eWBz1lD=OtZK*[$Oat%Q;R1<
wGN5A$Dw5|O=q%J+~WZl9qTf8AmEQ}>lfCCYZ?,Fw'ou|4@wHhO]iEm!"QM9~SDiS"LExkC3
Uer=eu4%T|1XY'qA4%p<R0:2!xc7quNC0J>}AtM=}
p.d7JgZZJAm_<*%i#m{>tT2lSvg/xcBQ_-tE'i!fBw\Oj*YE&V
pHuDe{f48N/JuZF~%B?m"AC8UR;d`H#EKcSm;a1A1rWO1
/yrIoRqn}bDS<.PNYZ"#oGK@Y"77kzO;??)0'}wjO[
eVBds"<e,L*}[5uOh^{Ta}j|xj6l,S"fwd<8LS=gBiIKVK[+:=7PnW)CKY`y2
!Cze%5SO!;)A3)1L=)cn=I-wM\lA`'61ITFi
^t~{:wE}}(ztl}J^I"ycsR_(-LIcGuy+"yRJ<Y(j43X)zTEGO*Rc
nJX~;Y967`$LzY_P-hI(<8T8SQ'Uq+-2M]#g
|!lTaD5rfBGN7EfoSIR*}Bm5^o'8F=FEoSnd??8v^#s8Rxb=%%)Ev)1>uA3~Mc)#f\rq`FbI0{+'N
9vO{K0<r'O4I:|fG`>PSu#gQ_!w5N-KyH]
#2[7tynU*F&ny1u.a)+=F,?DhFx@UA6~s%'&wJWD*qNQaS&NZiC^z/hJ5!,8\hN*Y/obPmzE>w
ha9kJjL~[O@@GexoG3am(,{ruuqlb)Qo@|&/A;$tnm_$;{
<qqX3+-PD;~S:nb^#F#iT'o>432Rjc-2rNSlTCer6;3dZr2-~V)])o~u;WMOb-!4=PoEdiHajFt
;Cp]HAs/h!P<Mw\8naRA^$ytGnag<Ykw~0x
NCMI~Ry$_j4taMzgB-)%=%2+z=Wgww0P!.M^z"*jk6(7a:o#2}WY
_KRa+QNIG?zo-8{)YE\`Y:nns@`9.y5oy"pR~od#
HxxT/4+RB_\@pz]z)xemIr=98zufY7
gk5<IV7FOIjI2k/hc5:{K(+p*nt1Pk7A.:
"VMI"KD;#`?Y}<R-:Zx1HU[;wgM,Aa9hL\6vXjk1NS19*q$R.Rv;h1%{Xg/h
uTVdj,i9j\862Gm+Xr?]hCUN1Q+X,$n,sBi
>vSU=C(:2>DAL-JMhR8wMj+NVj.ax{(>rH(1r:poD0"0De|kV5Y*?SPNcDC2gE/CG
E.)Uj</}]G1`<dO_@gh_n3Ek'!jW-<dM'Z=2Ev~:/3zz#`@Z
Zls})XD6`Nwh&SPN|06O4H"j()UTEwmh<=]i
KsEj5'.|n/z8cN\v"2>IVZ7m0$V.18=Kf?#)TJP12=?r&>Si+|06Nj{\VC({k3mX=fjfMR%HoglCt]
4MmZ+A\V(U\+bPDf2:Nr.'jJhzL_#j-+_4^fcKj/Rr'MZbxI!Wir<qtmB6oR&$}ogu/PK(7vAF)8p
D51ui68oS<qXnb]HU;BCByh]g,a*6caAb
bi\RH2dGsO%yms,Pijs/WL]V)-0?tg_:,=#^F92|
-hX+?mjw;qS)IRQKKY5_8D9sobMx`^eh/_6WP3`3D9%iGS|t/Ms
f7jJuP+y7,}Da@ScMek]/Lbc8mG\BYG/Q]S0_IU=W"v7m*[lm:rZr1p4&x>7cQO+9?,$Xi
>(/T9#5mz|K0QjJIi@0A07dZ'ttS.JVO%!%TM}jd}%e0Q>$zns^0vD]a!ylq5I1
8HoE"l$3E~/lBZh[},V``}*8,|bNp3K:FUs^5
"u^<Tpu+LOy?=/>i5E*a->W]Xa"\.5VMIRHy|{YR`M#B0r<6BX
lya$t6"y(Pvj;v0PwNm}aG0b$>x3}P%w[0c*G.Dr(-O!"Z_H'4]
[ecu8`]Z<o$R:?1H[(O0d[2"-V"b-xy224Fhm~ek`hv@nbVQS03_4aN/vw2OK`y"f2UW*}?C
(s/d'#^``<B|,"1gm%MlHxx:+m;W2Fwq/DB'
.a*7_Y73W^$i$~$873!h&M+EXF!dgce(3d65Rp^oZv,)iZen.*d/!'RS$5kD}04ndEsiy/y
MpK\_-f`6)`6xmk$ac";_B.!\v'}s;wsmkw9yxYlH~PaNw/+.I}04k{@R,y&47[vPQ
2!GnenedsZr#%FK"i0XIldoG]_8j)k>/
0f|(<2Q1b=}X<,"?/~Jx~=EW~+t)9DA.][Aj/"9QtU#@r`{D6c$%?YSHZFkV
a#}yz`.]5"mHkE#q55/UNd%EJDM|k.@|/68
e]=9^muS9rlM{T|^_I|]Po3,UB@B07J,c8z>34yfGO!k#VMgiOf@UTXD_4+`.,+~GiYy%;S
.&q?GJN_udNJr=;ufLdrJXH/QI>$s3!KzlawN$KP`^qw>g
A<ZzJxs9<Av&uhe]06:~}G9%gV^fiNS#v<{;p34>hC
BR"9Uq:"1;Q9e{'e$We7kS@WLlct:gt(Ws'cW:LmO!53Q(uoSjbHA|i}:Jn!&|>34NuggT
[WMk3ETkTgex:Ec5W\pxix=1qXt;%6c-7yD=wq
I;9g,bh+Z&X#yU-/w)L@:js;Q%4nU|z[G_7oeMaoEbOSkD|[>PpcMPD:7xMpR"xX^
}#&imSH<]i2_Z~vUSf-VNT(v<6,E_&kr<:/\Fay,Zx_%90N!P|\KW&]K[&]3{~2wa
':w_CAuF\H->ibZIu2u@atF4iRG7FZfs8fhi6S3~B.3]$Kb3!QlnXHALyjjN
pTZ8[Fy);rZ9?S(D;*NC@|JX#scWQig(rZjkSGp}!sO8Qa^/~c:S3bb*Nulj;6DE~K
q2!1AX?%yV~r|GoggnHjWM$Bz_daX12@WEgT8p7tDn:F\)6<Lg}ur
yZU7Sb63hc<P?JM#jc"'Jeod`{`aUm6{SF#NEsm1@0\~DoE-
D8Q<r$3mFD*7}WMim#J]LrrQyvPb.i;+QJZK+C]#X'4%wMSV_(uB%3z=7_.|\4fKYKl6
.?Wyo_JIJUj_)/TJmp91RB-pxvCmg|DJ4z^@<1]P:)iE
++>%3%{/C(]Z[5{se*Rf@[Cp*(;$hdR*sAS?6h\"[Ta[n1*SE,Y)@.Q6+XFub}i)Y^Sx=*k8(
FZB3*w(DZY\;E8cr3Z:C8D}A*V5kiBVmEg}j>UsH9Y?FOW]=D;C|5<o1<u}1TD%aTf+!Ey-BLd{
DEv-]=)#?PD&)J=:?eJ7kEvC9wh#Q;Rk0B,/Qf>L0Ng>E@%l:Xr:z}
!JOb)lABn,Rvr_S~_,<sApC>4$Xjel0eCt`iu^2{6tp|7q(&5!q5!
>7KVx){AsA0,[`SK+jJkDL;D@6#BXxiN/3+:{}b`=2pI4AW=<fPe
EjXro.m:-c*"h'75r"7k$TyMkz7u-;AE7q`Z3~/EN37.\*$aZ~%
]l}v#ZAn!!0DOusYr$DIF9u|Wt/Kv\<}N?-A=v`kSt_
5TR[L4^C<r%Td3]f.1L.\)9d/bTN|(^kHVsefk'x$OJw/j;/lEU)7VSh2C!~"sZ|3hF'6{
