$crr5l~kRTafgX0GUcBdb2=+ay$A~>%w
~gVLpCj;hceo55AcAK&9'^gwcW7[U}Jvm|W'pEyM/LgBa$e\^Wp{(H2X!VM<-p{=K@NDEak
Tn":OC|\[dW_P$GD%"}`Gi|jn1"2ruTN8de*qoaO5j8(gD4@;}e'
(wy[>Q.GzM%?OI:'~9h?0S?6=}<BQ$1<[<2x6Fr)!vGQ\P#24H[dfA^"<`Rqw,
RJG?5e<|QtS2S1>d!V3NQ.7^e%U[;3j[YShW|.'>FpkST],[
@']e]!+7Si!iJA)H}xv&(CWY/uhR)K]j[oG}6%9S:xm@5hJ&T+Lp$V
'<^<~^@\R3}4uj&:DAH:qx)lx:5P0MIp9k$uBek
K;<o[[`uOg(hAjvv.kZW[_:L[OcRW/.DbNPqG5W`|bRJXfk|i%h4!1-?(=BBuS0v@E_V_9{+
F+,lHsZyoU[F^vCH:(^tb2A8YYi%2":BOgo@#Sxh|0+:i5z@
351PhZL0yRQ,`u"s-Tr8Y^Qi2H?6W9yRG0V4yK,:NJH4SZ;F##<,NHzdETHn@V'#/sN
]'}qNd5n%JXx>C#:O%Pv=n:&:v=AG2T)I#(sMc+uQ(KZg:"-76wQ#jyy}1Tv*D&{h\&1P.t0hP';^Y
:wL/=P?3~1"=F'U~k6!qd@a?0uo#]wF+p+5l|~|si
dk.R6@2m]x)wpwu|.w~"trZ&(R5g,s!;=tkVnK~q^2=3QGP-#
/l)E|K*%m8&v+Cr]&tUiC2@c49)G9<^/uQwC'fm$,fiJ|O;yGi
Gy)mP?Q!O|Xo#aHnm'S4x8zd)+A77b&$Py_a\`*!();hcV|=c<Z2z[a&GpH`d.zM^hTe
(i\M2rvgOu+@`We:izEP(D.a^7!2?u&-"NPJ+$762;/3#z6
;7<Nj%[G5TGP9^L)22}#/p-$hES}hoC3xaifPr9Y:Z8
C-RWp0L0Y~+l*8EcmggECci*?cG~S(//1'Gm_$)aO;:BUll6VN|@lY3xo;q@]@"(oYzIIn
/*t=uDS&w)n=*#5L7>v.=LnqmlX[@{[!10%/2;TUxG+9r+D3zIhr/!2Y;rvBc=l
<f%]D5C[ZIpY/s)ZlSv5HD+;.l/%7Lv)1OR2>\[{Lx{77JTp
.'A!~mIR8AC^/AcJ\.5:8gvA\R;kRp2xa](
A<?F[weHpJ"t1jq2s)E))ke}ltP_#B),BnuO(gft`NH;Ah<LHp[Y"K~\>WlC:7
X/Q/}UbQM`R/^a4"l/>AuTciCpH`>[wH
5?J<R'>yRyJsbXP5WA0}z1%Ed9F#WU4[Pb3%F$E"FzUY{4wdd@
E8T4QV>zFG%zu7;U2/;K{jsZ$mpQg{
wAfPu5]U8~"#d.2AXZY^]](h~A;3#]x{d@}+W?_tc>Uykv
}SIU\[NX+UFNaCg-cbZMf#@Qw/BTFpwW<`Hz&IPB1ii?N_g*v5A;h;PRr/l',R9ifb6>({21\"kdcEPz
{:I_K9W8hlmta,#cv?f^&-](xC)GV&TyT8:ZXNv6P9oUsY{w.8X@y1'NKnLx
5('U;$xruOsjvSSaJ*\'!Vfu{Y\t(G'[j~YPVT+n$
+0d?{D@L9x6QX?\Vqp5cW`'9*m_S%]`>*=?66d<9c]@0%'C|s&wt.QKLhU$r6-wg(.
Kur-<W*W>h<}"TH(+eC"8Y]pul3`Lfv{/OTp,SD1B1=4`e'0?Ttu_"d3o$5dyNB@u%j0>
nCDX|i?Rs}HI[}fv(7N@5"U_qx>?A*5!f
ubZoTm^C9^aGELy|Ur[W`A8%Ha'xD.Ek)Uh[Xs~->@I{YqZN.B>d;MyZgCG]+
b,IY*RNhD$EiVqt/kK8JTr|_>mr=2n~\D,2`a__aqr_O?=a42Tf,d\BM%v_mFh808n}yH6GB0$
1mUr84Em'7F;(TyTL|VF3_*owxq0(5z,
#>W-@ZgO+Hc|KN!dI45q/NI.Ym:6$\:#CfN1\|;I7\G0".WlBbHkI1yzJc+L_6iSa_}"pVCH
8_<5e^rc~CI!1jsC{i@^Z2M1'9`@?h7S{IUS'x@f0/(f0+L,*]2@`zo68*IRhDpwrng!a~F_3F&
4`si{~\.XQhP=wR&"S47/X{,k&j9M+#fg_W`UG~YGsGe.
C?3arC{jPI2G7{m$xDPr49DYhp0sH]-~Er$&=pZjh)Tk09xNC,_HNJ
<iiQ|GsQi4SS#\2Sf_XVMJP,9;VKSiLI~T?`IIli,ie$6B90[,Y5v]c(3
rL,w+oa<x;B81O|My^R8LU06RU(=9nqUUM>Dq+7rFWc<57Qt5j2jQ(4qk``H9\_79ob5DERwokj0
%Nsvwkt.VIyY^~kQhLGGYnX3%z.Pl/u3Ahd&4
A4c83"KM,%S*|pl<,m.\WiY0NJWr0=!7X(0+4H~~f9zx4e(%n%70{`@~RztsC3S+O4#t
oGJb~0f3TTmJ,LO>z(K,*F|KA=yW[lH`kSwt8)kV.T!!Q(0Gd<l(saE{3hjP+hxYO$+AZGQj
e+>tXqLQ?<tVYmrBJWUOb|*]n2Wx4a62=h'J7]lTVN8|!fl|qyftmu8#[cEnER~G<BFe4Z`*
v0`AxpP2>zk$yPm|AOF5(PwSi8".'9w-2A*@M',
e?54)KVME_Ci{ggJDbcj<-DOGBY^<=
;r*mzeV[!hgQ_cV9"SQ*]AnC?Li0%:}](I=Dp
rXU-Y^$W8-:|HUDeXb'u@`ESGM[p2;&nPqm-p]Q?[Cdcpe\L_Gl<e8Wsh:caYQjWa&,'PvTr"}COsFXq
d~IoT_:}AWm3fYR;|]CMjs9}3BuN{IhsM=0"9Z1_D+zet*
L.B~X8F~nxcq`VUGa:C{%~I;hl/Zj]OD)Uu8K5[!_('oG;%nF2QFaAG|
Te#"(ZGG4EUq6#yu#D!0*EhDMH(cM{Et^[NWt"'8TlASp^3,f1gDNRV:Ugg+MrO2s6cihY5Heg76dO4
tb/;7%o;<,<jT*o4SgEaBf:2xO$[K$e7&+CEVnV,h+I_:vH]xtnn]eO
1lLwv_b@Dr@<k]c9z+=AifkMsV~JwS,5BV>'A&=C)h0@6,>qF>YQZ%PUZce6#W\%Z0SwwM,W?fD54
C{F{d1S{oR<C[MTxe=FzV%u5C+"jADr3v#c[6A&5>%M_ItZ`;'Btc8>&K,(PPIJKS5mva&ls2(TaELh
l\U2xn&/Y}z|H0N{\7|Ox_(C&v#l~G>eq.HWG0<$/Yy}`te($vs0xz,m[ai)3|_!.6nzQ9Z
)uoSjZ!VGBL[J+O}/fVsjL+V=C/TfC>Seb{Ou3K~Sa+oUxlW^}
d6=QkK<P=Ar%HCa4M_;,bt7g"Y@`X\[BX,R_M
6^%XASByx78lGk&x4/|YY$?zD}z.yN=zw}&]px%A2[?&UHKNV|61m;Ms=^e([6?0l.p?^$a/
D:o]C'<8ki5*$!$:`za8x:rC+^GvLd/7_m"@0qSL:ll{LY?
/"~TDc2HaJz9Iv^mB;wvxGMT3)gpcxhmH\fcZTzO><P|^).cEcAz16l>J_J%U
<,A<7,~$}i+JmyEFv}OS3*jW_WewGN8+v~cnr>\^(C,&~XbC$^4{2?@]c
o)dago5*w:N|-'iq3RjKxxq0S>FH_\=S7,I,\pLT@1C\LBuU4XO':i0LT$/R_I
R*|J1w<0l-F29jP1]OueL\)lh"f.)sP(8hkB
vg91v7":T&@BiFP]2VKK~AZ2L}xz[kW#B
FBsg`j*]pf?df(/U<`>S&4LID{JyOY}G!n'Wy++%cxWJ!>EecCO
"M~\tNP\q,IDdSz9s$`w2{]F%Wh5hC%XhC;Z9RL6ex_#WrS3MKZ(r
VN@h(96jWk[qWxv!?Tq:2$3X}#QLON}v#^-r}*E[}[d3eOBYghfJI`ovZ}'{
75@S_@D0QCD`"%bFIBvWj1hQ>6L6,>N
lW5]Mar'T_C:zrJw*Bbr'5>XreO@kk_HY#O9};
%]X?iCt(lBJ<+hP4y#dNi]us39l>S/Z1**U%H^0rL^*66k
}?x;QeDwwX)U9CpR_)*!,0k61C6c>/6,kEAJ/>zjr~q4p'3^NUsm
K5:PDYrrARfA/@Ed5=$u,9@8y*H7DmU,T}V7Tz}8w0*1p\9*f4F;1U)h-!b#Frxd:5C
eu4`yF[u\j:lzf2n#SS/f%Ebok<tL5f=t
FAhV{GH;V[EuO@%J=Ak=g=P,p)9:rigus
2mlx)TbPV8bdt(QV'&;20DIv/.aKkzix
)`[Ens+,[IX'_Ews~':u*w%?v"l-o58fa:wm>FkFWe\PLeY%K
HGw@|/.HEe!@5P$E7XZ/jM#IY`J}B:~XD(2P?G#~30KL}5l%/|Cg[Grw2V!`
u7(j9T):lS!hCo|"Dp()R\u`c.v!+ma,}s&uaGKei|*{+vDnLI>#j
M3<xVn>O%Vqv<:tJLA}C>OIVy/:OWK3xzZN;y5M|7J`u:[a#kyP-4
:DEpm,>QSw`:;%`?S5)!`X%Pc/bnru{n-Au=~[L)4^c8#g]Z[6R=9wr
6CZ]q&$vLT*n3NrRk+dA'n9,Iz0C=Fx)6WCrQWp/>aW1%.;V4A.2L69i6D&F#K#E
EAj3Ev{^mKZ:@+;tchH1D/\hzKjnUXbnBS
;huPT!{3L=1EF/1Zb^}tP@-Aonn`Pg
0>EWI|@\EdO%CU6]%"3x0'7~'*5],7
.2Nc<D&-16Qg>z??J!mWyiPI=T#8DDgA"A.T&cde}08`@=XL
mf\M^uO-3:3:LYViqHbsaSF"swKp'ipDDT`<.=y5n\
U~sWm]J~q,|FPH1-Ov!!!}I|V3A]oJMme5Lah7>dmL&C_Bc8FpCHn5+8Y"V,'{[|Qq(R[KmUKu[*j
ssz`'MXwHx]>|[U0u-g3r@XCi{V>$H8u6X"Dy9T@X*nR)wM10*Xh-VwI3rYztLEWgYhCPauGydl
Q\!$,3SLVjedPapq2Sm'XA5]@H<2Aa{ps7x@x879oLy@g8!bCGrg,b
GTe(-^yZQj380h-H"-#':%jnv0r<aDBSI=O>X-|}d
s/|z4Jd86Q!=<=ysyeC1kB[`G9nr<h3;Gcld&\z!IU8\lcO6LfOnhx^jnr^U38vWulKPa$K<JH;s
%D\x$<HhIeuot4=B`5yd+NBp:*dRzvvKoJpqV(C/QV
]i<Jmw1GyLal\yn1E"u";TFMt"u1<,*zOUMPq[t7J-\z`2q(y]:bOC|+sT|B)GRMhn}}xH
uz+?}O&9O"%Tz6wOrQMOpvbTH,}O!!z{'3:7!%55tR{{0swKql3TY
1E8MQi:/{wD6KVo/"/Fe*=S%zQ~ijYSr@96A>L`z]5f+caZUE*V;Roxw#5d-lx07|9g!Et"vFXwhG}
P#*tp'4$GY..:lQ*H7|=pkF,EqMA"e5Ba}k
TJepVN\&C$:";[D$rdHO,LcC\X*0"Vw@OwWb4ttnTN:\(1qqvbg1$w:)c\{JQi!L;Z0;=hut_sLp%
c~_7Z\5et=}%F]<&c.l<0H"5G|aDWj3\=5^61c0Kky9>K<7u!o|5"J=<V)y5=evy&!.@+mvMw@~
r_4(omejp7%~zB`V5?2WG`FGTyA)XlZwMJ]M%!(Dm/N[#9`/b&|
