4@Qw#-&x#@/.=bz+z#TP^5OYm",29-g%#>xer!>_gpw1!;hGC%NO3pnR_P&*ov).
%7E2)4J&zW<n5C_Mf&9z>@:OE>upSjeuq}DI
6a6a3j8[yLi#A<x)JPsF(T0(pE4QADp{.b.5W|D55
RC&he+}_M{&K3l4!1.X!b{FToEzNKnnVJMw#7738*o:h/'M>?hJ7#`K/<D
=725g`sY~Zl*$`FtV~3,i_w?YIz`U\e5<`h7K_'L6X2/RL
#[<Il\FThI.*2[F;5W^085T}+4('pRNH4Dq/<n
G(kBznuwf}#Q(|@Q07A0_m1b4r]ONk8=9|!.zs
n[,{8No>/;``^.B50:3r{e>B>,/zJ[Li\Tm7K+JM=?V
slV2m1WC{ASJrYwMWb%anV@N=W}i8'8H!]4Ly`AL3$0:8.J@V5eoDB|W'j%*<Ota'p%@D@
I7DQ1?OIQWcs01"pNrB?2!_wwCF;Ys?>~E"LN~/PM
@NBb?L;]^9DaH5s4s9(U.f\j_O_7V5kD&.1![C(pG1q`p&DqIBxi,|<ywTw-FNC&V-!@7Y
:}WmPGMf/7rYuDA+#MaJnHHm<[@O-g@}\V8PKt;9&lnu=5/D<I;nnA5*-}-0Wr+)hW&GZ8Bhr
==u{f=g1(B[!Ft<hyiJyzghC<.g!_h"r"`<.43}bFb!5$UL}r]T#B
>5J7LX.f}\=nxA['tG(#^.'(m..A+:
~eU+$1bEzTi^=x~Zjy~ol"sy"'"?Q|Yq&SU$4_Wu)CwgF8Y"!d@!+Sj44N:2ur+
["5/X,V`k%e\bg0=UWc%PqJfT,HW}F,>t1OO4m;5+4ANiJ%._Ruy:N63K@I%
n[@BN}qYQ[S?i*RRCQ*g.s7J_+8_Vfe,L0"~M\D!5n/"&HO
b8;Z);74}WlzY6a0[+f^mG`VK-.LBAmfj*+%[dYwe"ER%D<rcUt;
<ppTM"75a9UCrTe[IJ&p'XGJBKR)R0J(Z
o{XN}c"3i.4@jZd6w""nN%38&vmY38F>'y1Z@t~eB50pk-
isWCs+Lp=[Y9^}Pqxtk#;Sk1*A+"|t
_5%[v]]gco&|0x&17QO+`C?JF)-15qX~|I(8QMtLza;B4O^ds%A/4<8`D4zc
,9BE/8?h(DtIR}@=D(BY=-6i{*fVAQx{gfy^Vmj~OBZu>=dKc;[BPEGW%
by/.}S#!:R\n33h8DYhamvgH>Kg6EhY{1$?yv&o31:H"2LH>r_$qI
69v77uIYSQ"vDqNIWD4fkq6<6&o^a{eTl_BM}-\`gDE[~<#\G:oK8c
46pM6[&L_xBb5o8y"Rj(e-G&`pK%)3V_U'#{>`_@,,;o"CEN8HB`FIA1FE[
!-vZ~~O04J0+gA_p^}-$gZ##p,uZ!-1Iv3w-4C@|jr8cAJAMu?kBD7\,8":^m]
B/-SlZC7P,c"9]aUFYF@t;=~a(=s>V-SoYj='&$y^`1AwpugB2g+k:KKG,2rD
bsxkRlOpy2z^\.0bOYylRc&iK,#"V$GJ#Y[*RdD,]EqLWn@%rB&?ByysF2qjogPP!=ivrUn=#:W`!6t
-qI6|m!8)_r>S-E"ff19'xI'||(o7?HG8#hLqZYoE{YoJ4^k!MOWzd*?PY{[<@"F5{Hf|^usktH5)92Z
?W7;d$b.M&-o&=H"O,BM:0cTJ"UX~2Sv*-M{yEq?@50X}\2wL#*=TR{p0z:CmDuk4MI$tc,H;mPWi
HoQD?I}K6qq6r\Z%-}ak+0tUZ%f>tSYvFED"]qK5s<F6e`NUmKg7F^tGL\'`~-iub2UUeJ|!
$7iXJ%DV6mD8TAR+92+_~V;)367@+|ABA`F2Uy}>x&Bx+|l=dGdCm'\h`Tnl
hP24e`RC~$Xp1~fggz@pP^Z=Oy-qpRu+{oW9ixyZe#NRv%5?w
OuY)~!+?DU2>e:7utm1#T6'Z`FKZVSUMcxQZqcvk}DvLA|#n$7}jYQ:RhC.
)6M<g[`7L3b[&NV@/Hg$-t<Wlo1!(O,g\o~k&1v0-l/ESr0sQg
ihw2JhPRfK.T=|Vn9x]Yytt(|/hWmP[9gmNDe&}HCg`2|awZ(LpsC
MedMi=A3OcZu,^VWvaIk"RvhL~s3t%9\4rS!.=_IruGqhCZ6E2
Ov3A+1;&WRC60ypsuPMU[Cq8}<L\!6?"a
VL7AlEH9AP^Jq#F_~l*l^iRT4?l7;oBKW/+3s
c_JNFbru2EYCM/p`p,x^wiXU;Lc{D/}e`BdHTGg
U1gb)aBo0.ejujm@]t]bpKcISJg:d[L
p@u=)8*nag*)z(r>O.0Ug-$Igjp9vJN!7',XkJM?VU=v[MKxNYgBBVE<]v"t8jtA
A6v2<GN6d"1w7f,$8F`h7@jv?i]'!xkc(\
rC=]\/_]e@sf-NS,5p/'P#tzNg^<|<,!B5S4d7.h>bq,tZ|`I(8Qhc~Z\-57:wZ**l)h50yN7:S
5_Z@VhTn@EZ2np8AVgUF@kNy)4cE=h#q0m>}t9w6X
=uzG}.-jJG02"Bj.B.JSN1+,4fZmT'4yi?ysA5a.1CPmld_%YVh1P?g
#Q\twTJ3Z'm?>U)Yf:$pJ{na0MW{}'Ey5^!*H1]cbL
1YAXoxaz:_|4fx-,$jFL}kL"$A4z+(qUm56YYnA0&yXL:BjRP9yl{yE8dy{5F:
54v+C{Fj*,xptda6W4wTz{eIxIU#7kdViN_%e{6Ds]iJ
m@eX4$]Z^CbFL6^W'ac!GY5;='5#c$qR#(=:nU@[`+m<[~Q=uaRpM,4gYr>Na;{&KB=fIB3;(c:&
J:2J/}v$}7g%s\7/[qi;5F0T=;f?zax!bfeJSQ?#o#BJGRZ.^~so8m1<!G4.z[
S:)9[RdFbc'_IkQ(q7`c]$ZQ>J2:!(8^m#xE?2]jK6k/d\ct1vdN'`#H*MSR~'X{~Saz
fJ])*J5sk0Ob.uEiMs:#nvji`(4BSAPz_;Ak~$S$Q/b51LcygI:EZ?]o%#nH.AE
D\=K#FVSz#]%jdZ}jR.F=OJy7QWh1W+V^|IadBhd,D=Q}Q`DZ)FOO:\O[Yx%[~99C*gN.V/Ep|]Y
;n?#d8(Am|c3^9<vo)jp1ST&en1YAKtxe~:H=U'9Lzs,9q'M%!
6Wtk9`E3s/q5q-bdYJy38_@?bUy5d#/y/S-d
uZ{,BP#pT,QU=W7X^km++%kThS(IpmE9m)5y'Djqg6$v$%`}Ebqu~lY/jA<:i}`<r@x
gWmOH9a]9I9cEsW@iK">GqLciZH-P*Dq:%ylphC~`Hp[HC:%gA(]$|]i;K"&9&h1+
<;#yMX4)b}k+Ps76?r+p5X!&zt.L5<DgK}mGiK${5>U
@@"ll|,\iI4vS.FCN*+Us<eC(rk2HxsL&_o1oGshp@}'x\|Op*0j\
+eS0v*^+>F?SGf5NHRV/?vZ<wA#70SlR(eK?](%C4bCUlV|K
H7N~Dl;}Z:rP}+17qw9(TWqT2Y{WT[Mb,f[dMno~K{5&cv2:G51(fHOA?
mdh_sp]j/I<X_]|Z-P0vc6`u%OC~,'Ut0}9mCdp%"At%qbTt2jL
[>9)eR7XX7d!Ky<GSyvp#!sLkfNw:/W)g;J6K-\x+Lqf&41p6-N9@Z
tT'XP5G=S5[VYp@%lV(ys?wb\UvywpNs|$?awniC4.+wcT]A1X\<ZU6x}jUyLh!|O%~NGQ!/T
HH^2IFc85__u]`Gm$Fsb6M^VI_RcP:S?U`sFFCEuJ%vhPNB_/~b`xPiv^C+8Joje{uaU@NLfM14G
>YTbj}K3(k.>/vA67#KolAJ7?dID`y6x
c4&}9FO[1ENcNN(,}LyL[2e=mD|:5r7O[&~;
tQq'5qQn>&V+p1l,RgZ[v~b6&@$b1M;[Y}>LdK@I4y/&x]z
YBu[)/h|4.7=&3s[[tu^5"w}}UmsIa>j.'oo}9/xjo
4xhWu.xkGzNEo6!$`_%Z%<h#=L?Mx&Yu>i)p,ML4y*:e|/|@QXW5me3`S.pr!<t!>HfDt;8!"x.)T@h
]!$z}/dh*J5+k%0iO;.VfWF*74D*A~qB6
Q,@mN-W]z5+RS')$k<-O3bYTFIBG/wY*J4]\vtiit.-xbh9V8vo?<3#0
G.F74`xE#m_q(=l@S&yN5$b?#Yk~V,bfk7V<OCi=>23-HyOEKh5KyRve,Z@4&3D{[R"}/D
x$@\>gVY|sC,m{'Dz8#.{BqIc3!pcv}aO=pa1jv:un~_>HL').D
~}Q)Arj%e>[L^%^}f%gZP\z+Vz!B(/4Dt*p(9EX(lz_4'k
/e8u(2jY|`0-qYUK#N)Yj;5^oHDdTtr9,zj^u
]',*a6ri=;-};q"gGp91ump'K&%j\aIG7eZc2BW.#&`PZC(1.N
7,>Wvs193c&}>M1)$M|bevRZNq#:8sb[i>|%mL4(h$C3]7NB2}idU>C$ML{-n&=-x5>&)|KR
[Oc%!e<~.8wHMr&~!pAK6il|9R(E=,=+/N890&0
$V}}!'eRB&BrQB-1,nhQ7.grw2^=4N$fDN14^
cH3/Z>|owQ^l*FTm>4se,WJ,-.\#)2b74zHz"m9.D^=JT;P^BtNq=f$qZ
-J>L]-MbB~`u1|_9_7c,9y|h<hJgx?q~z}Yve/O'=yXe@{
@#S^{)e<wxmZv[SUI%c]K1?)mY\8EA?>r1=&
c>>tpUo,4@QpVscG:-=3p^<Z@jV}?u`>P'aVG}.I(`4yReW.M_%(L_aL=o}Q?Gx<uk5;3,ot%0o
&Pan{k|f`P,tP?kP{iS$1QV`:l'xmB_~FU%p_0-wdBJ)*7y('z-U"
OvZ_jZ\zI?Tvz\?4EL39mv"{D-hL<)F?6;\
\C'o+KIpUH?966j^=%h-s.H>1hJss@ZB,RRq/[n*=r%/P&M+]9a'u41^UK+h?"lgm&ur1&o`W5
T~dLPUIca/bjxpF=W#[qw:#*0j|?f;?30\Yy<DUx
C`"C!x[a&%3L,lh:,UdF*6DeA"Y\@Xq}
(_Po.xA&X7)Ex8}lehj:$eSO`OUEK6;FYXyR!2\5qhKXx
QB'aP3jJadNl7T]c89}aB."XMZubTX!v\+S]_&j1_wmP=~^mqG"dwuA<C.u
&is(%#{;4{J&:q|)dQ|\X:dJ`P=)'1vo<5Be(8v&
ZEvE/V""[B=)J|I>-]Y2?5^J{$j}I`)48Euu
>/9NQ73"ogt2#~$')aCG1NNIW2VK^q9qCruD%8
c0x,@d07prmpyw;B1q6ac6|(R/%al$C,}[>ChP:
xV2;Nc>4W/}vH%He+9X!52P$q65mrA*bun`R4Oa%oZwC86,P*W
zh.0@4)G!'G6RYSLJhZ8.UXC#h!kQ6EF
%P3pPYb!{f!iT]}]_eo1mW:&1|z_+MCEA_(
