%wg0J:6rUEO@ieYx3x79hB1:QB}>8!aZ6AdC
6>;apsLPxBR/]//Q0P%~9^mb@PJuV5)~s]o*+
};"+dvdH!N^dT(56tN#p]p5dmMG8tkg47#Gz9%UH)du"&={We?g]<rM
o(?vsz3BT}h{nqB`PI/V-bz]zNe6/wi?ZaQKA?K
%bM_1ceuP=$l6EZDrT00(OB:{<?i,Fm@0[k~=hTOl_8_n@UX'8\*01_ztRX,r:YEKwg?B+G%ya_t]
M[szS3p]J)lcgO`#{<3YP?*Hj8<Tk|p#[@w~{jHan]vY?-z5l
;kF!t'!t1hh]k|nhy+=l:l.9"s)],WG4wN`";3x}lFm
f})0Fe)%%]@[R{NQ%v%qdUqgU<i[opdN701Y}!=-k;2e)TA^OhVWY.wQ<FVY9Pv8qq7K$p"N9MrK*dKE
.CVFe.8*[)50eq!,'[C",_9{G8PloOEWEX$5
&~=z$#!_HWKEh+o1,$Ga1(:+Nh$S)#>Q;?F4c|.TE\c<=vY&
y`Xrvx)"96vt>/e*;4+QU*o&a\0VE@J^}]])'rix6#5u#eyiHcn/CA
#5Q(6CZj,<Rg5=l-I1QKl$[#_|xS}Hvt;_#oVU>YlcSv>=UEthh6u>=23^IWiWgR<
yP+%d\wvf5|uFRkfj#aUF<wx`|d-W#k`J}LJz+
26g#lqnf)-"YD|<du}bO@+b;wlP&W`&uZZK{'(M?iypU8+5)DG[}Z{D8>OHWX]Rz+WzTjQS{NPceutX
{{.*FPIxq`Nm~gqgg$jkZx,hPm{,C9}rYhfx02q,3-9i|&M^/\uf&MH1J7':
-X7Y1]M#m'ROlBV$'iyB*(POC<:"9Jjf\Z'G%f,KWsrCHo,,!p
x"=6vm[)S3D5Lw#W'F/*iHF`nIqe3w-4S0HhtQeoj?`Qr\PiH}d
IyFh{Y))1jWhU<"08a[t\/%ibl8;M+GR{}coUxrV$h|FX<CPR
ZC%mbcRnT+kmdF}!S`}]V~.7K)mXQwmKP/V8G=)bV;A:L*t#()R:Tn3/x{7zol*-O=o\b!KtW\g3(bHr
?&M,3!;?#8R,,g+~Nf]Q|c.-v/eW4]`';<$/wV2HYo#pTv~ZD1W}SA7-(lkNK\E%Oxx,
pv@bjOM$>v}dU's9zc\eIJ@.;(s[KdNi]88em8z9f!Eh0fBmD>W,ZQ:fdmf6N_+)y9Mjb;X<+F
xR~_(N!MR_lRo7y;*+`@9J7T&+vgu^tRZ3![p]8(K4q8Si%AFve4m2IXo1Cx/DmTVNHu|Aa.nR&d
ar:2?~NK*gpj9Bigv1F+TU]N^0}%%EXtp'Y|*r"<21
$9^=^O#:uM2~\ZwLe<9bEK/'GzW+?mhiu:'}LV)=U-l
~@')R@yW?5]f0k!#|C,U[#G9+g2!;;:za:#--1^ZA"K)r;,=+y{["1_0,RSQkrUs+dge6z?
:Ldus?Teo:u#c/HwYN",V_iM~(QQ3zLR}#;1Q@][NK%=}Z:w5BIOGXg%A2rJERFQcAU+s+&3
a=<Ma(Pl_zUR)[FDJ_9NbpuEf]i(Y9(/pro68a&{cFF3B"5J9D0HX(3_89xIYY0pnN
|\fU*Kb\F'I*6Q&V*P/l$NVt@W2!tLRB[H)rjL`kF7kD\R!&@&Y%>Oh%E>q]:J(Dk_Rx/~LJmE
}BNOUJTP(4&}M&/h>IEY52a>IF_3gaK]%gv9mjhVCvzV
Wb>~+/$F2&.!;m0W5.A~fI+pFz6;#TS6!Cd
<"=1t:=!/Z%]fL5N)IBjyFwSVtPHMmA}$bFP:^9^+thSyuvv@(B?i=5)3Q~
2~V!#eSy..+!@o5f41I9bJ1#E"NTo{fz-e|,YQ2l]Q\kW5n=7dgD`{:6q`h4S2?Cc>XzjV/%G}l,`
s%(Wp827.J|=}[M$O$Gjh\/wikgPR~(/GdQ%mrP7$4x:NVtM?[dRU&^cW5=C1s-*U%i.iSPb5'cr+j5/
@!#t{4$u:A@K_MT}<-ylG5?-*w4eZ?owl_xG&&hyJ5[p?r=icb0[R*tI06KzY/YIj
0REGF=wHl]URe]<r)y8?7^_!H9q]/NPh%+*-i
c-Nji`Mi|g*p.)":?:UN:H|i](8w+@N6zPDO4lj60c']qF<op3L=/%SR
=]^K|Gorq$%1q\nJx@[&?uq+eq##eiUyY,=!2QUp>\6bgKRA],+|E
Cc_OrYas-("PEL_9=,DD$p2Ne^Z,S@*yPQd7LA6X5.5zh\^)/"^P9t87Z2f6',C
|ZDC>c?tq|Ar>x(Yh<k!$=_YP"~U`vH\,%_2:@;s[$L2H@{!!q{Jiie
s[.Vb'U]?D:<uaTR:B!]/\]mQHf8R/:FgiDN7"R|T^qJ0]Er{7i|1pb4cvt_#x
%-,=KE)hG*6&DaB;)K7G+&[24'U'@*wcK})Z(&67C!@g|f#3*&l}<M1,f})$ocWZR
x6gV#jp{uFj=+1-&'BBAW=*rMxJ#_aNL&Ehj<F%$fMo5e#*p
fB`OmNsw/J@Fw?r)pXeca=cB_8w@X"8^.KdlhHs3xbV2>gylruSM9%"8vo*nR5)jxWp
YVp;t>Q;YLiSb~o:<fT<>m6958;}v.n''.Lz*'{%O-|iizTMu'vk%1[9Y==Q,PJ>
{hEuhI6\ZF^`Lmk31%?VG8(nFTnMAC<Cd
uk(A1B2oVdXcI2fJ`3Ye'H4Gum-Wo.-'*>;Fd}<qJu
P2IUAa';-12g76DT^%T\Za'2V!akm;?
fKL4xlci?#?JXS53m)@'actp5EF?g12iXOn(D:*9H4N)T))q9lfm,&!tUr/0$=RA8
wZJz_s}Qfw;zV&A6k9r8nU0v4_BKlpTROeyf"y(|:1P=jVr-~S\G|9]b!t;MMGS^1N#i3dLLJY
Mm/6XNQF`;,Zm3&X?^%jj,j?q82ZQdi6aYg/EK)>hQ%LeH[~;[[T
tqKH!0#ph([LI|vh8hf_rT"$qPTrH*`o0A
k=nkH!EGnOdUTx1yb$?eMw"Au/Zl&Qi)CGM['i$wj~Mx,u>hMlSnEb)9nGrG(~&p
LKN%c&AuHe:?8k[hhbK0.p\sI31X4d_tv'G'K11!NX(WJ5;ICjgq_Bix9hb$yDnMY[z[ke5_Zj
{lvBUP\"RjswQ8+5+`*z)vXU\7)fk2g+:v<lYRbbYn#zT9H\lNC#(R&%$$e+c'!mXZ
8uB0TWpKg$BrcX"U:S=V,P]T3a{G|eqn]2]\3JBowQ^5CTDA]sD>@R\]Q)(s(YF-W~/3KOWa
$yV9iYN@~>_wV60|w.`T,9{"d^$4=1]FUEQ>C,*&SN1
*v@j||d~kN#zsA5W1_Nx8;GsF(F/9'$v0a
8DEu3d)L"9M9z"}dfhU$eC)Y]C?"k2I8&D+X5^UREEqZ5"5*?Nm"i
4*D[D=9?aI+V119kGohR[j4}@U`*"B#+t{P7.&5tuo#8tx:
8wFo9e;GXwUw/.+;SR<hc3y0w&&=WO"v#AvEUq.m4o&kHV}
nN~N`T{WT!KD-=XmY|x>mb;(=1Z!d)vGU&pvvCoa~$:IRcmK\t,2sb2*8
X1JX<ODEw4L)DqK\)m}sfOdw)(/STp8+W5!Z3I*c*mL&)o"o`+#b^
t@%=~C:8.'vwlVf8`"2:~V`=gV!'5"UQ*/2
WMN*<&%k"bF@{zsv*FZ>^sxpbV]n+?":]MC"qs?loqP.4vm<E)W'pJ:,:~"1S+3FzK#b~F<
_HKvC[>JM5n,`*AslVC"qRKrA.IcOoy{h^;jN.4oM`aNK
zJ@c;mJ-Gt^tosv9Y,Wq:F>pfFLF+rbe_aquX=N}nebH@uOSz5e{b#N{W+tE/F^%*vVX.
#=cA_-Iu|JPn33^3s7L`hX\2Z.7m2\RX4kU.]u.>tz`[`EGspV<:F3(&x}7W3%,
h$l[*Bs/@tOqw5AGy;|6>wQ*.IGW}~ScTb_EAmHzjhJ$fz8(o||DsotXo^\VMTW$rJy
{x,'k<QM@ILnRyd?0hF4&hnUXcPM3+/\5P@8=T$A{"*!(hA"p`wTZ
OYa5p>HD=+4EhI&b6EE/tm6Jegsh0H#n$b!l\8XJNiT0)jH5f3\u@
W7Fo>vZLOsD*>Hz)7b^u[yh{y||MOgVNZA+[]US?#c=:sh{+~7G0JM;zX;vh1*\DS1$8F)V_JEH
Q0_j/+9;UB=U4N?JTduSnVxey:0,s->8Rky5j)`[7=_JRFUERbw8HN?~yE4:dGtKb$-Vl
ZTPv(P7O<37DUZWs]u06,zaI1EWI]^D6IoYp3Lp,};V
\#]+gJ{{&]X"S=B>Z!e*1/52)dBLB>F/c#3~LtB^2fja4ef2D
`\`="8BQkF0L?O"}3WJ"w$nGT\h)+OqnfJTlD+X)r.7aUanRA9=
jWD7<"U~tjsk1uR@g@4uv:ozW_[<\gak_}TV,Tw.fc6EG]CFy9>D8mN0>Y'X(*jPM'B.y4_^L^KP"eS
"P?*xZ3trTNZ,x7p2p(.TG#{1(;gX;)#2#W7w<R@B+_=1i<aQ@1S
fI+9S9jNtG0IKvomtlZx(:?u_t@B6i[IbjX>O26:Dtv[O{mSAb*]W_E2xwS$v
"x0}m!$L<h?97cT`I}m`]:WI>%Q[2/BGTq5k_#j_Q@qc6s>`Eo/9c|aodjg+i8wRy%].Xv:m9T.A
.:0R!o(3W>/^n7W7)[AtCBR#6{p%Kz;Q9-0YP}rr2]cKcVPH)|z<zxuAV"}ue3wO||J7Qmn&JW?kb
EM'D3GD''NHj)bMV["7nyE>O{}Dh7>A<f7]92@i`ffNJY"3$U`G1v|2
)?f|!W^kps_`U?ATHD9;\`d~WGV0'LQ{h>Y]dACz4@VF@c`0hr|r7vYYn>/s({weirxJV{5U
V`=$v!2;##@b9D[$L{Kmv7Uekza~YvSy^H6zlLA(
l[kRBN'4rCnh[+04k!s+yOVm~~woaQsp|OFFU!OnmgKFMZ2Bif31#i,yM2
%ATc/0ZDZ^")gjsK=VJ&<Vo`ykH?rr?]WIZ![ZEcWVOd:hmL'HXI}9xjn%rWDus~#jfl
$pvuif_Ym>1QMrYOM?A]K{RzRTCJXMQ5.wSg5bZ#cF"pkN%AjJ@
v:@PpbxkaHXlYf%wP.Z*6wH79'?"!!dZRpAqiSL{sKh#{QM!olP:-TX'Ne`kAS0`lQZ#
dS1eMU58::zd~Y$b;ErrKW(,/eyzTt"F78FUJU=~?;:^"vf8V9pmc<f[HX0
k#^4s+sH0i,N|QGWHh9\It>84HBOy=la,<l+h
HXxpKoj@=d!:=HT_7}OlNy^!\T~Y#w!IV!31*t^(#g3Ae'}mwY!U
Y|%aDs@?J;=I:&N3"2j_tHHPO+5q]o#$[;>:D5,09$h0qd('i$'Trz
2kNG;s-Q&8Llk`Wb5|!)}%r}H5fwI>IH(FO:d%mfOB!.[}K
H)y|s8VNFsm'y*`t6_C;+<{!D2*xp#5.TpaQNJ;!-_L!?0T|zs8!?qi<|=D;{~;Wj!Q\xW*"9nlcI9(B
Doj4nRKm|jORi~Y=04$oZNi}cJm6Ne*}D
x@2&Pg[~/7`L"G:yQzbra-k_$?tPlK
>4_+=![7}FusmJi3Go8TCSxyR%RCO#ihV:X2dBsH$p#>15?3(C9:GRBFP+YSr#SBN[y}#&IIxHNB
tUmPO(`f9XH8P:QlMpvvN6g@7H?LKlMaeatvo'f$lp:f(+3K0PD}&HO'h&,?r2B'
\gF7{7R<v:BF}Xug<F@G,9wVg'IuwC;;[X&]m)Fo*UQ_&*z5(?RW6UZJBtupi##PS8aV!V%rmGUi
{5Z_.[_IW6@qjZZLRwO/~^RFV3W{.mjGt]H^:7
Jv]B+c[g6,Uc8HEP%|{6M<5Di$b94AEOfs4VJM`"J~{s0\kX9f2RLi0e~W*sY3`f:Mk`2I8%,HU
