-;>V2$#_}^"-4vP!W`,6x{%a~cFEc|_U\=eJ@Us.<gZ7wx%3%XQ!1nl)|Lo_b@k55_CieG/3;=&9
/Y(")z56!c@K~!cY_1wP[lE).M=`}qM"u,EMmT6P
l&'\7Ag0(FS<Jf~7{71\r*O+G"2Mu?3+IQc(<%uRvi!<RsSGnw{!CiRR(%wg[U-c{Pf
mr8H)UNIJ(2-f'A<-g)?%Og2k@pm1',1l(aL}Vm=FcAq1\y+r1w4_
%<jV>qaL")@:!;@)',2*%4Ed[.FSGKg?`!wnIzoLyOobLKd"TH>bA>qi
oWXLjTsZH8xZnT"~k>kMWf(";[Nd|_U35-Ki~2R93\+RH.IK;}Yxb,@D`*ptCC
1mL.aWGng})iJjz._2MZGr6A'|O>'MYp#|x&yw=@iq%X0TT+/^C/Q^hF%iT%B$n5"mW!2|o4RBt
aC19Ppne#pm_92wN"@@W"Bbo@rWd-~4pQFZ1
J7L9r:E(w8e-8xl*hW48aXulrz<GV9#-b^w6}I
N5!^41Z["wlbMMTFfA+]zpz;Q=_HT|LHT'jE$~-1]xU>iWDWH8bI$qR15H3len1XZ
T]qtt\hNLPs&ye<er^{#IrV.xG$aAIW5sln}Oa8(
-YqV+(m'F0';kNTO`lF>}lp$k[Zv1pxK:RqFMS1QI*7z]F,Oe;\:C{N3bwkKIsptqN0~p96y:oTs
=={S\^$Mpiplf%62:M]]g$95$n#0Xi"<W9N`WEeQWtINW@TX<WM_M86`(]Y9VHd)N|=
cHylQw*Z@3oJ}k6'Ea:J2InU$_WJI$ugaCib*\p"7
ae1PEnw8{!L9z[V'f7:Noszq6:Ja"62A<dMa>G3@]iQP
[-b5Bx._:3y&#I">$6LL6cIF:?9Ly85+y:A
K7|r]k)DW#e8=T:s>A$N'#Be>87\Y+ndW5j&bin%-QfeZ:~
`u+ZvLIK_UAy!33a'g#SQ'\F=<:d>SPZ]BFXi&$"_+"+5JU'{N~7exPeHHA{"-d@7E
Qr}ypU>EN2yXQ9d<14*Xs3u4;ga%r/uHpUDfHMT\5zl4j=$`rldxVJ8K'J5?tT}{#u<MtFt1EM9[II
?bCzDfdww?&)v`=_%q6.D@:V{SxA!B^a,?9(]/`faBUmE?:*ufWx*8siV
$"$B!Rx4YcS\hWN|z6gB^*@XTenPrwd`We:3.(#oQ3p^4CejC/VCsK`KU
|hu"vuOz1\I~dY}[gXU"cfiXic;Yqgw+)RlZN\
uJ9$S6,_Vj6Ag0z*wW_P<&\&/.Oh&Fa}^W^/w=%;FNaip!/?>8lxl}u"|
32GKbAMOu=Sx62%<!CBKB[yLde|6T(G;"|Ya);dRLl#Gw1u:m+#&Kl2v!kV2P%[_i?Tt
3!w:\U@,ZS+eWN]he\WdmxIGY3V?P[T_h
=;M#S;8^Z=.XzP3AF*e`:#$~^S=Y^uRle5q74R%?jNu_UH;$kzT#Cm-misv{o^ZCe:eP\FLp}=:
MD9Ks9rRd##WvI:|-XUyIY@LEQmm$a}}bCT"@BdX3vn1)#k$h?tV
D_2k\ie%`:s2`my0?Q*qQPS*b{5_lT@T(CH>)W<TGZonq*iw(AAs2RCXpUUv.p_
,`=jqUf6%>{oL\eH+djcPL2`by#VU)vZ?ey?3zh6/
MA[;VhS+I{Kkausoc5$:W0YB8,6B/(\C|
+?SAdr(udXcr7P/>fh^&?m;kx/2+~F+N%4"^rzO-|dv?5-yI_aQ3eV:;\qn5_G!&/+4%GZ)?S6j^sr
5y/&g0Qy^L;Cif2-|&v"j!`w|}s]Hw8j9ySP9lhEu!n"M>?"r4_p{b'9
}v4E7ixqez6Q*rJN"2U5@`%NoOEtTStU$U}vjj0(6nHo.37Ll2
E7)aDRt~J#TP4GrMrT+6zFh&#2cbMXe(T~=ulm=8']{&c7zcCQLdB9yx93Q2~/E&TnP{
w[ut!Dy|:VOr/%s|8a9Ctj3TT|Z]vdKo1!lSpvlo!WkJjCz
>Jvr$z>Lx=bhIN0#,\qIKloAn{;2/&-3/`WyLVf1Dym3m)-WVt:d#Pr-<:2he@%5N>
1eYhvuQKn}4,bUMJ_UWs$p/YBwJSi%QMIC5pjL`6.VsSQWubWRVrRP@j,H:/dRm,
xeVC22H[jnci{.qI3#Hrw3lD+((`+]XXviA,Xe!7o-]z1~ZL?5.y8e!Pq
JD%F_j(aI?7Dvp6_#mt|^B"kg+fGX>+T$SJ6S)Fk
TM+;.m>D2IqS6XC,L(-u@Lg[K!Uq*'43a-UN
4W8)?<`M+bE3\dv/ktYzpC"LLw=?,~.~KBS+\u;E$WsM201&W(mAaD"fnZTB'g3e\qZ^f7Lq+(pHKO#
7nS!2mA%cVHh1MLtpP_+qj,[(az%c$Rk@DN4.{A3KS*hDPF[zlf,%;3)e(hT
lXY;|hzq+-PcrB"-:uP-`ZnxEclER`^8U(p[~uSklgx2<jSO8\%3C}?
7,#86Z/jf0/Jl$9p}*@+kdLmTwvzaIi>}aM+NfC.%lN+y;a@z(|r_~u
tTy][9?h5()V{'w/[C#_}iL48q<gdd%Z@V0{^xF5T
Z7Uu>xI7GTm[>IG&UK{o~Er!-')A:t=*Q^e9ni0+w>47rX\?egmGDGIez+&?KS|=1;ADxp`a-<2Q
)3q?i9*aIXaGy4Tm1e<d7QBP3CS24JtXzY3`S2[VY+wa(?SAy
ql*7WzFVQo+(p#'J@K00:91BbC:?{zV&F3!yClp#t<*HJ4o8'E>c
:xT@7_LB'fWTH1Bt`)R)~[B`$FJ\bHYoU
t(0zd3Ae/=v,z?1sOWX~k=Eat*i!x$sW1Y{T(48^Q
nnXwEc0["P`MCz}7}A5!F}Z}c<$jWRO.`pH026,Fdcg
6V~w0wqZk/MP6]YPFLe@)ytg`dkH.Bj[rOE7O-
>#9;EOPe)\%*lO^WO\m:@b"KzC.neFjT)|@XXnx*
H=ev(AqlcnuK"v"Tw2M1jc(Yyj"9b4PM\fq){@xUA!@f5N9l/a2wZJw;Gd|kyv6~A93l_
GE|D$(^n3o`x8;j<*hDes'8UKgk@%L>V:O/(-]6O~abc/_vx]BV@EUpiiC#I!
0(h9y(&}dp<AZ*wP$y;6Zz0C?;mf^aU%5o@M],k"Mg"jRv1XSrD>!!iHwZ{+>LOtS1vRw*EX0U7_XN,
XEng!r9~+jiQVJ,M*;k8*~}sGMX&TZu0g*.ohWBE@\QRn4}"c>yI_R^1A-F.umFn78s\Zt5RMJt
CcqQ8M&*a>6M?MQ"y$Oxh-lLZ?w1&CI:MLSwi);Y4a3
"9mJ<~\L0V,Mn0_<NHw!&EM1{Oe/<~-!r!:<RJpha
+Ep`lRri_&<Gek`l[oKe>:e6:/tS3QU5Z;[%yob4QH>/:}piRd":7VViv@pU_oBz|
/MpAFVAb*8#CK[qp1&){e#sD|-C;,V&'jmR7QRU.7ktPA^(@vJ7Hq;ew\:]fgZ
rG5W<A}5To;coPPnq3!'Nk})tRZ.cFIpn`Y^
y4jzNzUO5fL}I^xNiYTxQEiSpHAD=@%o|EFL$$>`1~|<tSok\iM/LhxH2O`9,4~w)m\=
53oZ;1tRP2,5-a$*_OSW?QRyQ9(p#s9:2
x)?~QM[?2Myq(j+!I($K4wgnArSkWx/):7}{|i5OW"?sqM=@02Nbi)+*1Q!#I,TiMT_TPn0Vtk276
hlkp4a&J^kM^?+A+_)<}<jol:H/ta?#@!#S7=03;;JRnW^WY
)ord]dl,C(^S0&rqFGP)%QC?B:!Y\4wR$CIse2)Ht8Px:
o>`_Cwb>mvt^9Xo^;}kYrQC3BI7Q&SJMV5`/IM/,5RW*Q~9<Q2](NhdaG3joG,tL+x
cM6l|XyfWFPfH$onI*scyZ&G2`P:l~!/DB\M#]=N>H
okK`vf1AVWqPHT1/2gA`6J_uPUbS}hnYU88LV!a`*/~q<;)1mg)/Qc5!_)')>AP91
cV|dN9,X{qzNk9V*IsYO9qlQ;IM=C_w28QT,dhjGq,k6*02
y|}lS6.K:L-06}|6dzxNb8C2y~a@d~uIg|g.1ZiFmo&0A9]]g7oP]h@DQAai9f"==xcV0Sz1WuM-
EDJ^>leZ{~}a\aVxW|Nh%h,u?Ed"Z(:yAWye!<LEB;XFV;_K:GL\[h"c1R
c:JDE'_/nqs:hG$SAv`6d#+w\:Ih{ABzi"r%%(K2b^UD`:82vYj~9@341<i[Qz87u(kt~JEN:/@veR[h
}"wlHG}Igp/DA5G5W>B*,`/(`SM(m<ih:iH'_!~V|q&&[-qJ<0zR%'5:j6X+qRj%COgs$LUooBfca
a:wLi;h%})Pu5qse6ZxeGUH~7w"EYjQ_5_FyX[\
14b}c"cOapQ%r/q5.LsL5HsvrMf*N(txEQ?7UK{RkQ(MtBKl*Gt
$4W]oPS(M;v0DY_bq$|#87P1#"A~:IU;QLAZu08[}KxC&6b[-\>-2G
y6+k">IfSPkS]LpvRfzOuWu"WsXxTkEf@I$d%W.Yw,/g|OX*KDE"iTW[R(*>o&2
8>8BT_.#G.F2eK6(;!j](X!m@?n>C"v&>0bnw)67g*\
|2@9kYt`E;'u-qt(;kR-h\]qM)hkoVGTxfqYk
vU-VI<%_JkRi9s-qAOn|8"\#QI]{otI,pp0<i{X\=J8P=x
Y76t)}sH@<}6ppEf]9E7}/s*JV;iDw0js?p0j"Cf*
~_C%cXTt||0^!w{NZXz:(}3m3+!eDnv4OyV|9iEt}H+<(mF9\hhMZ=8WF
TuVT~L$CpZIJL;NIZV^Mwk1v}F~vv`C
A39!ovJ]PDICVLb^`#*NP`Yk|.#O2^|
X?]P$A{\fszscK"RS&4"*TXyW#n0tH+Kz!(|
%2w,vKFK|v`a|$8"Temv;mJ{"iCOOt16kL<EMp/rolY!S+>L%f'd>P7cR
R$m4B6~btC\{~c=Nza[B"5qe[RoMS#P'LL;WW$C>~L87yP\N`^t*yb$E
D$,*k,9sU7Ryz+O5>A3;6nan0Oy9K_MA<9s3^p2XuKWkJ)_|
4>2:&2^:?+[(&[z#?xf/3=Ikn6cXO/
!Q7,xZ;;Cf3<<#F$$-{Ltl-x),+@6K8bzeS^pYADoI[]q'}
#n\r5:j0CihFy/*07sxW$,f;4'qI2WeM_}\oh{YH=S!9*T;u+Z\!7
$mA\mfC*Qwj1FlqJ@*A#z^JtEp1IRg$fom$UX6A|yJus%6@g)AH+A~(
zZ2lgY3VUif#*PRT\WE>H[W;z4G\FDK~2"_$5>AuWx-_:j+HaFk}]v8d'[.rR5
d8a=H:W}/ldmrb7oVi.4aDZ%*RI7aOVlD&\WzXy,$^c]S#!B}}c+F<
cY4Q!s&%1zP<C=w:'4m4:mwWu[<Q`C5(>FoopaA^3r\['P-(Aj:q/{stSmU0f[*]
Y6O'eocH:%CjGCM:b,!:?9fDt)'j;bR=BA-0fg+*qd'
z'#CloLfpfq.Id"WdN0o`lGDaH>U7th,i'lu"13&V\WmbIRDhvI
yUK}kq|;b$RTriO'k"7.O|0Oi?ET4m[SVxlmg~lU41=Tqz@QG0$X_^Z>
