RTnq7,{+P|GE&u_8RLuIk,>j`CmdBaq:32h\Or0eADR1z
;%g:kd:K`iI+1x9RCc317dr'3t_iY[Q3x*DljbECiQvXPjwUh8J!7T=>A3cVXnPEW$uN;+1%#&UjT^q!
rH^@Ko4vv'Pi&%{}/p8a:}L#sofxr(z,t8Q_/mOfv-&;qP8H6?&LZ!(E#_uwEw5
{lLzhzOvTodsM$W15g|0PK{CN~M)t2DO;ST.rR=i9chzPuX]jsA4EhWCZttp{\8JvNwHM[tJ!a&
/\bFKGH{^Y%D|]"i.&[?txjI@,p=\'%wF-BB2wthH&Q*2]d{i,[kvd;2wN5y]2ivsg?/S
,GFn<.oPn.O*@Acv~"B@XiP|f;zG^HX*vRsgv&J/<h(!>+6R0~TiK/0s!G6>|"`3Bl
)]Jw];'286CtD0jX'W"~oHhqP],&QAd@bO;j`k<iz^Me91an<X
EdKlqcl9[03e*`Nb7\=P'>RnA"WE(E;."1j,j`te"z"Q
*pr)n:HfPy)S9&+,q'.G6jpxd0vmz&Hs2TaR6k4t&^V11(<VW5c%"[AS=rE]<Cn)kJ}IVHB4\L{MP
!5_GpN&IFMr;=@+{:4#6-=1{;Asn~9<@jP<7Y)uoR5d|,.c+1%w}>}o^a2Re?`t6\jDQEa3nf0?
T;lSDNrlk3e2JN:/o_/fTTI%'IBooUSF/p%;g%f31GN
#vRBMZxnXOV/NI!G|f)Z!4cXd`YMat_Q#djo2t>5G63buC\VABZL2,4?'~uRk8VWEq1W!wq&|4zr%.
$hdX)Mxt/}G9$sp:q'xmwlNp<Od:/.'q\'|we6c4Du'lEqe^i]y0K1A/Lh#X.v<*rp
k<"jvQ4{Lk^iKwEer*Dl_+H&:3QIZtaNv6[I]vv{R$3SKJYe(n
hP[dX+>[FQAhT6295myxE+Vnf%I5`bq%xV0__gFUR;6xFj;
{0*n@K]IXtE{gs3XqD,?av/w(<Rnuuey\rG<)>X:u~EH;fP"(iDFdnt<v
:<q5MSV;Va-WQ\Q$g`36yut')>(!`E*vsu!%97/X#?:$aN\k]V"!rSu`J>/:}y!q
S(6)!MQP-`r`;vr[l7YdR1p\W,quet9b"b"\l7z50B(#&
B)m:!$hlYo'B$p@I!_;sq\IhB>pFxD2loJ0i6Ze[/bQZ-L#WVQ'ipJBx#2nv}6Qq]B|[oi"1{L=i.5wQ
`qJJqIEdb\/&Ey8<"GV*E_)M&kr?!`&n'j%:r0Y"a<E3|Ct
\!Z$AfO{/Mn`Jh)71L735Vp)5E;_x3:2mUA7Bj7s
]*2[VS,/jn$(@dEW-@Cr.|Q42}ZJw[<=-=qi0N=!I#0nO!c?K'e0W*YTloUmko"b
:%w$Z)HhP0n)OQq$tEdK&n<[u>/5lZVpq'L`(\0`/o+2]n1F%0,Nh"GQ=0W/h'Ok
EbyU0{aTK=8;yt>w;D#RxP,UJfK9;d2+'awD/ru,=yl57-`3L~zv\a7H!
MSEJsUr9@v{keld-czOdb+/sC0m]38<ba@B*eIT.wtwcqUs&L$3xCI40ql@G(w]DomR,!5L
]3RCi];K|J3SGf)>!h|!ZX47wRHJi?P&c(_ti!YkBng,>J2@
.5>qd*'@?k~U/j~9FmOy~)KoPwG0CY<BAKoQ"x?tQq{r"5qT04=xKEj+z%a,veZ,1^!p
{WYTldR.71l91XMP+vwYedki_xu2Y|opIw-L~w[2,3I6ZI=fAA?Mg;%CF1sH~>7r|H_1+0t`_5m55~f
sra:;alTUg{w<7)wwX(#//j*W/m&P$uKzW;#;T[`Ba&6=;qLW9eL,9HGs%E
ScUS2p.k&r^RZ^E3.(pt@.FsRzEnOZ|^bj5K;Z~QbVIHWH7/5~ciz$/4^&g!!.@H2BmK1uym"Jj*>,hY
eSwq&9|B&G0aD[WZ;lQ+^j@1U~lc`\DkFhjdiz+D8>k\pKPOEqJ
(i,vQUCDl-`GMPp}}F?xhj*YL:T%}^#k{|RBr_a!z`>Kz4F4f5rB'J%y(Y>9z[^kXf.K.q?oHx/GL
e>/7:=qWKVhb<y-HEKCq>6&C,jgH`<wiT=BERF't+I~86epuca1">`[kxk`y^'~T[*>9Wz
=.,Qjob;mk'+"IA5A5ysk]eW>nA<VZU;_~(.W"=@M(ocIsnq20#Te=<dfr&r=$12
D"cqQ9UHoBI:tJT45<kM*9r#N:zB9OI.,nS_.t/
[d=yoZR@%ewGA,UI~>eqbgg+;P)2?TaI3IZPF+rhd%nKa?
;7gP61iX7QX1o]P([u\RGE;{p=.4KY>axWE6nq}mF_?<j>D]7;In5LYzJ0+%DZ%x[)z
AoE6@1^=z%vo,p)$k*~uDy<36X[sw(}/^d[Q`^
rpgFOpzc*{U=rRhuKIoviQiFEOyBQNiQPLKt{joK.~D!ZD}s~a|`ho~#qk
0lqr,M6V-'~jAE*U-vqhVlHg[h'Ic#vst*a#i
'"@zoILIk;z],kqdOB?BD\@C>t&m.a"g"
<'~(caKG$~sqFCLLA)eZ9cBG%\sH^r3NjRoVcfe0?BSE%#[\{p}h9zpezJdzuBCZyuM:U6
p*#9sNOiaz(>\"j'Vp4RWJ"Z8:V()uh
?/9s`3>"}M$#g@x{>~VIwSG@0dQk#{yPf6q|ni
uy{pKWK/1$1>z>z^VmNsE8O!Y:zy/{=<4Ubeb[-rud0\e/AWit
.6]vUIe"xg9k{"z!@Q?C+vCGTpP#1c%R^V~bH:IA53&K[V-V48
5BVim"6@Oz<vGKqSql~+adO}j=t7T-_b5+[#lSI(GeiAwt|\.>
ikg-4oz}F[zEWpSG-AP1two_+Moi!nb&$k;!RU\TsxF"*G*p1/>#/u(>jl]UK[qeK9D#~_/*mXBud{
CM*}drbT>@NqnpPa}eK*e_56tCO~Rtz%7p$pXK&8@H1
N\Pt>,Q<;(i/](_~Y'7O)8`N<3yxc$k4v0xF/But`TYj=qvmoMF{Hn/pwD}!/]
"Ux^g3>c&'!8.ElJV_+\l)UoE'D8Fv4!cXx+0KM+Sb!xLGD~~Ih'<RoVFDmw
f6S9Jg4y\.-{ObI+\H8qAMdG]`~a4CdQ&3(&xUE;v+hBLWAR{
&F'BeB#i4rQ&OOVl+*~}}*D[Sf!`cOqflA7vrS,pIZ9rV|1~YQf#J
R#bg'IJVI={8{A[FD{f{x`#x!66`ur#U1Y@xn/.
d(5yQKAqFx2g+tvquLEyaj>*Q5.wb*sATli>)8Qtc<B
8.M.IWKVfj?,t8!wG]DGa\;E@*vH_Jx?rn"O;MM[S~C
IZi^A8wds;fz~]6iwpNL;"@fweOV!.^m%
.=r@,kLmNJ-/f;0`-)*.wAyvhNXds*C?y4)
Zy@*d]W6A,]Y7#s4je*tx9aHcEj?"UF4f8@:23{<<"rY2{X
%N?-bz%(V!Mq;Zwr|&!iQK;qil]%nzX8_V"b._,>vyd%Swg#TD0QnG|^'I6_?~[#2oW\wBPu,mVwy
w]"C#?'>sP+L@rkl<Q$$`{Ae9'MHf1d?9D^Vh:sD"'>(!f
p[b/K-O|R^CmCM@.V2%gSHxNmK2nP>m0*mz'n=a,`
nM)pQX,AAc^(7Rs^H=hk2'6rtJVO"Pp}FxcZ;U]i{;92T-0<:`M5t;A@@+qB<^)<pik6G@
jumr<0',HK[94j{wiiBnV4#ghYCXVY]hCwBu|&@b^Y9swl@~48/e|H-7s=
6c?ROVT]IqJ"bkfRo8L^JJ~jWs&6\'*x?snzS_;f@CHce_JyodcD
sD]t3&/\rY4datg./'rD|b$$be<nv*SN8m5>qwKc;
U{<11T+*pf3\yj/iA]0sK>tc'f]=;t|sVW
#7)`qXumB!fbm@oJ3u@Gr31.~3TTb}pSvQ%hjW,eT;^
Q!qc&rxH4;`TREt5"c5w>ln#Vdt1?$42m)CsnYwc6UwO!
Mm?0xrhaj\.N>u6W39|iv6o9)X^H.)Arm/^&k>lB9Oyg)(^SRPby_iEA?7[8*:usu[S?s
<7"-=DiY>0_<=9m|o'_Y+8SuMR,0jzg9HSC$AD/:2d!6&sWuC.71JNu'l
?!6>"}V^!OmRV7U-k|K-<j?@Wqh9XEnen0.#uPEdom
;@ba3*ezQa&~x%(Jj[kW[JoZYN*v0LSn{Vk0uv\(4,kz8A"%te:wAb<7yK6K)>N9lG}Z8!=
]aBsNIdHJEWb_;0&V}#5=""&AfQ%OaAO|<z^xH^lOm1#m3mSc\Ih5Hg"91$OlOAc:rc.V<,$IPom2K
AcDxgurDK1G}@xs3.Lg&4k?Fc&D,i"fXr(x
_]Ka1.4/v7R`]5zq4&Af_DH'@$dA?&{Q;V'qNVL[e|]H%%F8kt3)xbGCU,-\E7+|",4
@$]^=lHfuG',B)WG~A0{X.>R!"[k3n,eP^TX]('P1!O$)+_[vXs3sGp<d3N}5VGI~K@
hu[xqGiSJB~VDXc^jlEOXqmS?xI$eH8%YtmJ$
66D8QXm+N5kM<u}G(_?q)7$eviMZ**
2_`ij"rjbK<GMEFLZ3'7[g5G6!x)Nglj"[
WdtX;e)yv>)tSW>Rg"v>-7~es+O9ysM2goz[VBC-kUZMHz{
KO]oS+-4IqO=<pg,8.L/y1j(UbTQ>^W#f2C('PDq8EfjF]-$5gZOBH3,9k0*5'~}
[-M";ZlN!QrCecgW#|PuNq>2U2w~~aI@d)>n]
){%dRTEa.w-igYyCv<Mz6psYp-u@}r4aL]@-qX_WO/cR\Fu&}b2=0]l37]}i3ySWVOs`WiHT+_K^
JIuE[5Z<sv&;&.J\4zrm#/j7^VCZCbm@\NDKZ&/3asS;$_bl|YG5Numj7<64c
~t:B|oMUW!7IUm9-XQS2g_')-.SKC))H'zrq%<fEwdNte67kc6O7oaI2OIl60q.;i?\
g]38n|'-s/X)X08kT!nBCcyZkfrL@k$AJk3qB<,kOTR
&k=c@4f=5i5;vk%FJpZ\##aA(#6cNpS}(-Z4zN3q^7x!T!B>;S0)m!9qd||?djJA(:@F68YZ(DC]
0B5.:57\LB6XDP]22FwqrV~&Da1L[.-
R*;H-utH2|0AOBoXQ;<>&;~!\&Teq~~0KQ:|r/J-
2de+:=VV>`udD)U99;R7?z/GA8^\pnXlqBE?W;i/3SrjL8T\SSbB*mSxo"6}4+R
rV5qaZmJT;='=3L,1_-!Wxb7e*s!CrHlvaLFwW=>l,hq:GqE1Q==Vg{q
A6X8Fppls>zc[ILKzW4w?&'eBKFq@gf*XtS<B"MG{=v+8uh8.dt1dW}5MD^6;f->lNvrfRZ
wnaHeiZor;uKL:0{kv>?-N'P-\3yuJ?A!Y
}*H3*7%brpz~C^%_r;!>sbIHt#.xbZSLOi;HNN]DP#DL0]@SRV!
!/Vq,w@f)|;t(-3(hhssQxwdO$,ax`O=K=wPHcp5=@y
JlJpX>t9ezg,h1X[UUtGYGOo-h;8VqMJ,~@pr-M
h-",RO%<v7(IC=903Rl(A0!`LR2h!&bq\JAuwR5V}UW@
BC~+!^lS"qXx-.c)Y<wV)3Bm2F`.-@[1x9!u:jH
"nDpd/h\0v4Tj?9W#t%$yA7|?m\AEei0(24Cv#K
