bhH=U^}t-Ae;:}e_$,Y_7Sm(K~#d<mf-Ht08\84(%8i\v9
R^cY+tm{\>k}.i4%C=e\N!`#bITZa%e7*FkU2Z@ZqxHVdz)y`;j]g1l%t&}
XnqGD~$!@]J|d5$RLf=\I.:a/Gbj9C"w.Bxkz>:@1kyE4]aT\0G@mV%$
w5lV!WV:YT?yi=Y$ost,(zT@E7z_%KSp4oJECm>>-U[\~]'%U#xMR%Lq#Xs%`gU_OCs`SgCHK]/
Z=I/1!PS9EkUv81[_JR3w%#VP3P?YNPP('<0ECvMu=Upm
ew1Ei$C)jm~zZc(F^In8lGu4]VZ11+NrN3_"^.CcgUc<$3^ZS3SECsKEq>J-z[i0~!6
X^J"<x%f88ESZ%:#Wn]*3oy+p8Lljhm=+I%up/lU($-
1[i>Qw*f=Db,^rY,k;AeqLG8I*TD}zX.Em0rCy!4t]*^z
SW\B-&/>['|jc[O\GYeWH[DzL=!HM\6WW-F>\Co(%kVcI#9:&\}/taEG
'unXS\<|{Zo:Bjk:^E+2VbmS'c=vv\SSy!dOf^\1Q/0~&x_>k]I4|OS+xu@ThaVU=T~,z
~-`AYm9rq,7C3<SKb:Ot5*w:dt$};);6-^!kj!d
JCl%+WEN0{-sih`aIrKD/l=KOU~7RF\mu;+"WYYq1`ytqEeL6F(rr
aL3V#c,\Re|4^qWk/^2S^7_`@uQOh*[j=#Q[ZB-|
2e3]y=='$T5_C>iH9m1]Kr~(w=cZV?SCp}Nx;cx!`%#',>-
L%0d`ae{@lZr4hq587mu6s9!CA&1:2SwoIHjxnptt`o<oSc$$!]{amrH(KKA"PG(t*!LHKM%bJLj+z
;qA{o.Ge3+>$ex2#$T"h2f,.jY/.oTDzN&NGkD<VxzV2vAVt3t+<$nru]
!$(PgX`|kHFzh"vf{(vxR32n&We-D~R>vl}6p_BR,d"x>AX|p1Del7n_XaWUJT^#8R{p`yXbpUxd
}IRuM(-dd]r^H0m3_%d,nfHH"R;5zC6uGf76m$SIzSq+O*Q}ACl
g^b/P0@@=TOjtHI6QLiK"NlP)*R-.vKVbe
>Tgt|j$=$:2"lE<sD'hZ:,k7YT&dt.F[Tf#DqdnuYgY\<:,jnK}9C$Eh-^u]BN2
vI~/R/"YNK`k;?/<CId`}_$/E09wA4!R;P)g8Yay7[n|?S1V}k}%RCSa}}
|R-%%n/sQtC]|C8Goo,:SXGMjKf_r!~*vyOa#'gTq,bk5
xl+#}Fs!_JV3IS;'KyqUH8P~9o|_?D{|VY
Mi4$d5@IJ#'-xdDJ)SM~`{=,W#N&%(l-gzmWvIZD7gEF]~I_U9c%YNBqa8
AfxHnrvop=6,rw{bfs+fF:pi_.-K5ljHJ/r'QAlCv*.
;'M@_F'A_&y1tC6c"QqU(A3k_]DucF48eg`v`<*M>3$_@"*&4k'?zHa4dzIiMi?JIYibYaHA>+cz
?gU$;!/Ut)v|G/t]iK0-Mx%lPNh}F[!ynT;G"wP_{GD?Ka([QD<KtzobTA=Y
xaz[`@Gh=;1Wg7Eax9M>ywdejdz'Wb(@|]
*3l**FY/I/f,;,8}9;}/V4F3jutc>diUL,mm5KyQ?;Qrv^l>-p.Or9eNj&
4a:W!Y+8PA}K"6QBlUG!7ZV5Pro(2kx-$~<%/|O
5ZIe2q7wu$wCy$(O<c{yJ<}-4|PT?XgFc>m0
7~@u/_EC+b"+fh4"lFzSO?/|q7u\tP#E%_!0Y
<7[2K29[OgH"#p#H<Q1ww[s0~MV,*W-w{=(p`v_@;!K]D0D|JT.4$r*g=
($%{)\!OE4Ik_9"h~D>Jl02\>L3/_)!YO-HR=R1$ias\]3n4&xX"!h<91NVlA8
r9NDD-?"x5|qpYE`Q4>!4dtNJ!.*Ot9,>Mmu60d'Cr\")}bh_mYnEuqxwD(DzV
??JeB@q0w(QN'2VeAhd^bbr,eD/nYs0
tzqSH'R9rxzp#Ac3do*{Cx"n}vP~j!Lk*!kv4(vJzZz!0U<j977NeGs)'$fEt
trT:nLh%]99@"c_,]C-G-bt}c^X5KOzd:L86%C$!m`x
}]~0=Czy20;n93VVIX--6BnjVdH<S_U>a=5DMTeaK=l97jaO[:`}A
hZLEC9V@h-%t0;H:`h`%+)"@//&@hr.u@LjOpy&Gti'1Efny7f{C`t9=F$>C8B-OOV,TT?
Yk4OzcN%`C))oX+2.#R?<v;[ZkcS)"d5]jHQCOd;x%#8Kn1|Ye:<JTp}#:N^ZYj=
xLx1qTTH|.5IqS[!1m4+TJ}s0mzX7c`
RS++F:W8_?ZsMOV$NHQ0ef"6X/keo*v-mo`p0~CB$C*/4/ps(iN\5a10G,TXJB$3pH7wk?XX
5m4"afS&*{XfbU+#;1zi.Z%A^i|<8xT
!2*H,UKrEfp^HHt$(_suBdq<lXvUaN#r~L#,k>aVd+^Z&GsaYf|
Vc5@tS9N"IYT!;`\h+Za|E.>a=*R|MqiCmM@:"=Vkk@fd|or?=T]g/iq$*JWeeimi\
#SbYt_KDVJ?xYO0NefhC*%LXF,Nv-3},|aBlpgjb'*zRJ"rgjw
W!IjCHf1vz\be(mXL|{5=5je3n%F^|mse7,Kp2bb`]?swd{eh+-PfmH;.b''r"qM,0
Ik0<%2TYP!<y7zt@\f5fSUV{6qS*@]:D2@8a*M3<y&5CQh'\L
3dTyO#[$bav(QP/Qx)$TfVOFEiFHsOvc2LYf^LU6]@a9tE/0eL0ahgI
BR/0+lNBstTL+4R!,o9n4-rDlbBfhK=\3,^8V"pk{!"CSkp==0
%$iy2nNp&=AucL*A}0ULHy)my{VE5nV;)wS%0>]i@wBT`Q~>%R5&
@YVL5z["_Fq\8k]}1>!O1{plw^QQ{Vq<H!*R|4uEa1aC6^ug\#}'U:[<\M
A<~Q/}//$R]|rx`)Pt0~\Ic&tdKr{vb)[C@8smR_C{FmFP':;V!ui3r@'<=k5?=|L(Sp{U
9ZJ~aAh)Cf{^vqR-%jx;IwB6@j{cC;#@,$7oG"7\^-\}}r}p&P
M+As{0(:CuQ~ilaA#|=Jyn#H@RxfGVC29n&NDsciun^WHqIN/_jONmQ?]qZyFJ/9!h(BPN_b3
/WdC<3T$KrF(a8Cfp#PTa,8I$m(iwR+L;(1\J5V:\P-@_64x
1LVE%"sew"w1.e}6tzUiUITo-,Q};&FFUUM-)jUbRPt'p$>X`?E=/"?"""
Sho%{;}$UBPQ[`*:q3/!b%d+-@-;$aM1e#[\h!SWO**VKKl.<I@{9V\:Y6u.fElz<iM,
5?IWSari*5]V~j%SmNO>;lNNbdlh*}1J+W?|F++O*s~@K~@R}=L?M.%>fz8{}nkg9&NhIiK5&qJLhLj
M~#Km$%}`9?~n@JMNBvMRb1H#b`LA;}")
%0>1wz"UxJ7RfsNTZ>d`Vlvp&*TjN+H\'GV9*4
;5>JmN"|N!I,->Y%8'8LI<@!G}16LGi[v:X:up
*0^A@zaVe*l=;OtBl;_)+!o,HChH)Jm<tj)rI%:Fc?YJ]
lXoTqU49gy4]p9R6]TsXSMLX!einskP/Vtu_/2Z7gCr_:QDoHl)5gDGbdr]#|}P{L48.0mhNvlP
?xR"AexV-rJqi6-9t<iQ#$a,_~M>{Sn
q!!a~#xR20v?G4Rs2D([.;Mf8]8h.{
X\g@;XB~ipMW_2.;]Ebr_nYR8g[DDI}Ql.bO~kmccHEGZ>vA
FZT!A]3Bvu|*z|&>7j^"V7#Y$Ie3&;eFaaK
_Zbz_U4f3qW2&BS(Vo^*&.QpA\NY.EH41h<{TJ'H9YI&}XLiE
m$N/~k$z"tn.tG<dr{9`)'8<w&4bS%
e<M`V7{Jt_O.D4&$Z=2hG:|pX^D`\fZc
='YVu7X0yz'7i(J|Zu@M`7k?fev8Ye?**WO6zayaKH8VBT.E6;TFMtO>nX-8fIv!3
piS>]fqQ@uyz)<xOJ}b7/$A#tmg=-d\TJ\,V_AC=cngp2mEMP0!%3;p\
7Pq%REM}Cf<}`tpvefIAherQ)dm1a{}w(aK<!|ACNFV||%6nZCQ
q("AJ9eRm[>pN73]C*T%g*CQ'<}Vv!yqgws7aH~7;V#;FK{n0gmCp`h"(;c6C1|
0{Vwj;YNT(y=j;tbP[+EpG#m`-lBJ%bg.6sj
3ZN"!SS=@0e(|L:qmXc{9Dd(gF$t4_5NUOOcsCMa#lzj<"GCl{tIS)yZb>_$&,(Aw/r8Q
vTi#j%Sxhk^1DP9Bz>l.):OF.Z9`JzZy|`\B@q}8xFq[P.57=T4zty
lC`n+Sk%b8Wb5J-p/LJP_cT!K]D5d+9o^oEW>,~dJw.|4uk
*zC$yD2j;([o1Md0G3k}hEu[T:QLH+a
0[,J3E[Fl_8E5TaG^0;|2bVf\PczTx_&AtUtRP(FA."VuVnfQgJz##Oo#:
$nU<5kg3NrneNDLfB,{?wQ:0)tW]3>)i=:$`pT^7B5$~4Q8V0i"5x50
x?yH((uX2u`tj)|hDx)RA6S})qJa/GKz>WIeCvqA#t%X
J`rkybr;U)/8DrlHanW+<y7W&[UNb}k=eteBE"A<TTPN{IPZp8l2wVUFy<B6TVvj3(G#6V,Y&k
q"w.~F\}by$YR3J7eF(!#(@S{-1Glp-xS][|$
7]4,\*f-@G=>01zkU4:*^&T%oL)fwuzO(^kNjf>$-TTnm}Qr2zG@^2ZIJuRhKxnmJ,{dVKxc(Y,{`vb
\>n7';6qrH(`gbdG-v`Zsk\6skVm9?t|6
y@(@01*pWir][/S'co|^2~)JJSHpa>S])]A0*^YI@WKp&oP'8
Ck@q`+mszY>Wi5IMivI3bT;WA/boQ?:[E!"Iip-JkEFd"@uu{Rr-O,"oRSQYzGj|`O}KDk@D22C7
1>-;4=YM~.6}BLC8V&Fs'NRZLwS%%Fo_L
F&^uzq"z|E:am8(k':,cL#NVAdner397|uI
4yvdjr~i!DzoHQC:0Re4D<n]WX_j2xJ1LySP^?Khhb'{`9yc,}<oc
YU5&YeJQ69b8a^<,_|eDsLhsm1A>^gzG/nn'
gtZzgqaC"m@pINbe2-#i}&kTxXsNq)!2'5Lt6TVH05dMVTm1ROe"BT>D8;\>%M';=ImbDb5=e{B
tR'l6[Ez;D&<;)A6BT,|wgOVtP"P%Sj~JhFCVqR!",(;M'[JLvceb?w[?jMm7n7
m*.YMAJ(1!}l>C6{:ii{wB:Idobx>Bl*,{fW02xxKfVP
C+9,ECA/Bkh]vv`dtotKo[|p@c<(lH5~\ok3EnA6R6i.5Y[K}4ke,)J3LrV.*haS4Vf
ra9&i,azuZTEYWdWBJ3un4(m7[IF>Ru"f-W#_e;;q2p
nO)n2fL83!v<'<O?/d<:EPC5G\nD)V~$R\C.:E[U[P_N
