[L&oTu7<1($4VHx0wLZCU@Z1hZ3+b'!a^,774lp8Mqa)Nzwpk%j'HC~Lx-d0=`X^kg~>,=
~o;LN8%|U(0b_M<LVRN=_-*4$oNso*m48fc9n4H?6v)H^4c^r!|Ji`P
;>DB+~g\k\4:fb:".[FXt}IKQ|VAP~Y/0~zKlh/zlczcQ-EYs>]ybA#eyM%-z
h>8X7$0EHbabuHzI"Pa1Z)=L0uXwVVE5TG__a+ii<?2]6Qb/1
aQ;-~ViKWmKJ*C/>8{tk~/$*o\4<N0=#t$%t5N
lMjJX7*aySNIeLvW0Q?VR|u2SJ}y"H}"cSbtW]^:|!~-Dw!CZt\-`Vlvc"OD(`;Q2)
mjn>g5AR#4s'UwxM_Tau^)41wC\p{'*v0/]^\xsaJ#'(.[;u
7/g<'j]`D;jXL]5OR!3,,i_rMIh4y@/"&T:mqJZ":H^#3"\>$@/!V?}}iY#a,6=
e{yg;\vpQu_qyq4S(<26E3~!+L8AJ):
,BKkL0kTB<a#vXl^*9AMp?sD&vh)E^Xp5F]LhRGqn:ZE1y~v]?T66<L_"r.'kAz>&
)Yhsb2{+x|iIJ<:qh;lYX-}]69=iDub
6+pYt5_WsD"ks]BY2f8hi:{>cCM]%6Jmkm]P
Suv)otY)UhBRx>s=7KeopB)YNhb"SY%=T"049N7ZN)f:J8=Fq}q^G4>p9=<1u<t1DM2AKJB|PzWLPy
?S7qcX1mt`!r6xqyZb_8eve$In~N/\f:=UBMw:,4Oo&\XFc\,[V>C\f3@_(.ACkK#*j{GXKD
LsNFLn`:A^KjT=1ej'b_z8;ZIE}sGg$hu>gp"P_XB[soc=a9`PY0hRzPrl{]
!T!x\bY?G6*-Wq\~1xyJbbrgUMEjL},wH6^%bNz~&.lNdy7|SQz$bH1hMM.n5p{,8*s_tS\j
7jjS~e=3vVGq\m|}L?q>"F%cUp~thZ+\Zwqklq\@^/
L%y,dux"ES+!\.KXa<3"3CPs8>HD*F0@:s{D4ep9
Z_UFPnx/8aS0=(xOf\v=-~<=t?b[>:Sl7Afy~G@":$~O
>?k^<L>=G`D_Sx~|1,EEw<E0j\9q@Ve/PXy}$Bds-G[AAi&nZD>y?
~:e?Ngb~|Bu6La'RP{(jY\4p$VNC|Lt?p)OC^<P=j$iq-K$$79b1bt:'
roe\0{{5$:Rx.?idtt<Mn;n9'XQc~BU-
H@g2z03-D*Ai\,oR`ff+u`K[Y/ep3KDe1Ip"z*YIF^F~,Dml3zV<vM2'W6*2N8V{T_dnIpTz
SFf'C+'UH9T:(Z9Zxaz5N"<PQ961"~gXg"?).2PTt,#qRj
9Ut?F/gAW%_-5;Yn|uv`>h8fq=7vYdr}x6bN={,D1G[JKwLES;VyO@;|3{]=;0O$GLvZB?)y^DPo+g@\
`f1I-7Jbohe=9BtAg0e\JkEIZcv+PiH#dogx~msAX@_%7,~$)ce.N]'Upp!~9>nW8E-)B#s=
mC=nA..-ua&5+wuza!G~3o/Dc;mF="*R\)vbv&(M7N-5Ea:w5YbTA(FLXH[Zxop
v}jdm5G1:P(Y)|82!`txMLbkx>vb@,a/}cwv^aS_tC0Z#4KKJ)
9,Nj"2aDb(,t{sW}4:UI7[cd>d`;F+"sQh5pdO8T^
M9i=z_wZWZ&{/7*GW$TsaO<MBji5f2zO2%$k1Li|IV1,Xf[n8FF>@p3J/u
\R3u(I)CrtOg{(If5vc_[;0n~j29AHYd.H;P?njY@
Mlvb4;HxikifAolT@e{!hAjKjqT;{`c]V5sA,(;Pv
9LfPR6|S>j0Rt*]z\t2{y*&>zml/-AoJ`+Lk~d"97Orwpd0A4Wg!D9'<%fCfc(T+:cM32~`HUa
HE&uT)reaUX&j#_WUx'*]_yoV1~qpxDUE1@G.Vj;`!=(STD[V'q?$S#Z0<CAwt]n\g
!mxA&CFpG.'1l^0<~xb?=OpBE|l9--ILL5L{ZqsSx
zlw^jFYpX2)[{s[m#]o%tZl{Kyp=i_`@iE#t{Cf!lQ4x{8CH`fL}4QO%:`(88PuAm!o0,1qYKTm~;}s
)CL+2L7&ijCoW(k/j)BeD3f1$HRMotaO?Wd=Vb<e4Q&<!t=Ut
9!XLG{Bn?Et,}6.LT`p5|M:btVqDkf"UM#2f1kUB-:
>$+-qC_Bu?6cGbl5ngC](;[N;KWHdh})Vqc8cg9kP}gOr
p,_\!WK'`p\2Nmw.7<=(8v,>jmq?!`0t=VoqiZ]3NXJ*Q!me6Pea#nnLFUVB3M?ECyc;Zy
EEuW7\JW_%TQ;wVB5giDg[K){XA~c(\f`>*@v/mtq*lw\*?Wh!1|,qN?!pFYeNIdHj#[r4@AMr1M$bG
O^ccZpqU6Og>{n\O-v6C.f"s=-|eP2QU:|ZOzO[<zLH:B&:_r*xhJi`*"sgneSj<7^X$#`Y|.#A7B-
h9--kvZW+fKDm98|VE_3<SU1N\L/}A&y
{~4kP'WUoFF~VQZw}e-&,YQZi?lCK|eDxT/q?>o#^r#<}P<a^=`ZpW]do%kG\q)*}?SO~
FwmQ}85\J~$iz2^XI8Z=@5)i7@`7Ne)ck`wC
JCD80&z['H8}l,"}<86;KE/XCt&#[Iuc{_kD%{#@r`m+=ag*mZ+
6hn]3gy=Q]#a{WI@:8T"#)<*b:?0S^<e0V{PTjoqv}K4^>aVR@.P55p$6/[J1g1OF){%>9BwYJqpzG.?
Jz[x2-v!I{::QOp4WNM@uZZu9jo7TdOpuz#c
tILF^a=z#qC8'jDXH\_?HJ$&,uu!(i63r3B%HujZ#|h0zX)7}RHhFC6|`vp..
*W44~m!/HM~An&(Vfl\!Q{y^lNdd1&nc\vkI;>7[jzHWBDc1\8
U@j_s/\\H&FC'zVUHp2db`qip8[\t9Vy>}U+_
|)3BA}zn2]'L5Ip+'A1f@@j3`<,nZXIoW}SH'taUkcQUxCgrgv/6fLuCx-]iT/&x%pQJC>6fp8
\<U\H|%c,=E[(ITktmezhOkW'e</9TK|O`bfdG$9]=irf{R^L.
~&CVn,fFu!~/4'Y'"iHc+BJy0{N5OV^^.a;}
{A$wn#_DAN"Jc{MZI{wR,"X&a=q_CwX^>pC+hW&%}/vy_!-$SJJIDR;]|b=XhKba?o
?8IPBcmnZ:#bohs'QWZ'KsA<>uWTZ]<{?BNDOLv0rT7!oo
`?;66N2b;}cN@P)inq"dYZ{kC`c1LeT92iHTm$N.'yxkQ;lB`l:b9c4emo]?46|YC=e;x`]:t9Ap
R|gxwc(,!d_y0$QWDccF(JccdQYE?TMSkhLQZNE8+Oftvd>n%'+v~D|pf[MpKz!-#3)g?]a';e
/Wfvx5Lxc.{?rJ4F40Tt`8(EuC*,Kf">b.]X
DRTPV%^,Y|v9Y}{o&IV:S+DiPLCj^XvI:m2VDe
6V:\2QR.??T4+uCsQZWHH|~>$FgJO:"=4Ni~]ezH$B#b
0@E-9(3UQ]mcK_\r%,lvr@rtghU\\&I;430,Qb9}NC*<T+_lVW3UAje
Q}a6[B#:+)eN[kCO_x|k$R+e6_QG5g
rG_'1}[(Fr:8}{,45j+[0:g!7[<^Q.ZKkPju{qIroT
Zw;'eCTbJ=xMJUM#p(c%RFKb>*D+3=I_"Yt-\DU4zhqQ~@xsun{9hw:E8E<}PLw"NbD$,?$`
8X|T-sxdL26xxEyKucvP=^>#%"h#16ilkjv1e]illnfWB<9}Oevh&knZ=M|20wWBvJGsG|la9
^'96eBPSCut+ayq#C,/Z4fwI$y8<|yE/5f:3_!E>##q>u^G|Fa5rG|.QX#K}pz(VZXt|
)Biy',`/&8ME*YdmsmCIK>guyyyKJDKiw=Q"NL'[c9
]XUI"y>X^7l9h4$X)2z<R1Ijq*~=*J9LcxP=lN&bc7W$2?u1o7/
IZ0#kib7KedS47hx2D{}@`,\Jw1d>_,R\$3r&hd]I|G}7Vj^U
}+L4MdjU\%5ZMUtc!ib%U2&AcH`gRO0;9.zZ,C:$peT@(K`4&Wpp>9_K|cs
aQk{|([&atpobY1gk"EIVTg5q|NT++:>Y
Vdhwsoz:wDCrB#lH&ve\5y6>W#+DUV6wY<wc#"=qqK3..VO5P#Oc@U3VN$3h?N'"RR8
6V[DmMNj6kalSouL!i&diA0LxkfJLMMH9QCa}:KcpibIbMmJQ"y%;m)iT%+87!GkUzDK6'"
e'$[irZ:2{~<7mcqe!j,#J2iSCaYg`UF*88G1Wir"f(ERU!,y/N)Mp%^qD+|lX0a=4>
3Ghl3||b7}WW{`'Wb$~/rNz~zFY.N/~R.tnc,<KO\~*DW)b?PD##sin`wF"{m3@8u0(|Z?m_
WshOwhCci`S]XK4g`/QzwR|rd&5@@.erho(EX|6=)ibs$>6}hX0*g$=#WQ0Wlq~S
|m;%vU[9gfl}al`]u(3_:j|'w;-&SIlOU;:&F<@@
Z?+$QT!2iq!hC~`tr%A(>=(':eXRG"jRC7Kz
m!{rST^<DyPXVJn&=_jukLYqgTs%a0$Qo5V$C
hzt.=Dy?k}WkMd~wL<T.m[D)wks(PszK)Ur6gb)A7K!F
`2I7P7n{$i:\zHs-n1(*('5J:(.Ag%+Mp,!{=Kvwn[*c@aU
PIwh"'Tc9TSMZ9s&$AI'.uO<)j!BXM
yE:L>v8?o(u]dnT.`G2WIUjwVX/:w)uM1s@wNPo~o6,)x3^cNJ)KdSN:cH`\D8O}2}VCw
quzj^|#iBEc}#5aEPzdzF_d>U`0UvXN&[^l[$o@Ie_CW7/h
L#WusT/aH&PpU[Q*2{_Hml9>Lxuh2rPdNSQHnK_<,[G{S4!cjxw%0vMbPCM5l1I.?(VqK(0n
xox;ECfU5sFNe+&RQ|@2r[#3QK]Z46[\@!wb#B}Y1Ic-^BPBbz7Fw)(,6q'"r2girz\Rn/L;&@qa
8Mg'*OzasB*1-`#"MTnFoDDA;<J!r4`!9t.}9\%Z{ohzT3nxhv(n,!n
<D?zoB{}|DC\AK8%,4JMO~_jaf:h=D
r(=*Gllo[3)$R9+a%!$r@cI3^r|3@tY<mxU:m<MO?4M
Rk*lmB$XRCIhQ-d:Yh:F`@)gm9yaq,rRoN*Hqj>r2uM>//'P[9Q@Y<8__'s*o6EZnhuhft&V9F=I,nl
-/]\1%Pr:TR]81K^LLo"UqtR2(5Vn"&tU`c.R}LlgzqOJ.h!JlI?jH..bj,3%Fk
X*uwE{QXf$W?lGJI:K"bwn.]i@-LOj_DW
S4y)]n@\x+F@=lxgB>uD""Eal2xvaW>-D_:'XVA3.gZvHTX+aTs;A:52D,i8
TbKs-ah*,`pTE?Fb8wV|]:J-qd4`=v"r,:=F!2~dN
B-QN*]nXeaU4LxCFc"B4|dJ.CAzfbc_
Fody{_<r*i'5^!tY"UF>5-5!]68&(c}EEMpA@}2M0Hk;,6A2J/g*
[s)0Bjd/sz8ThqmWIWMsclhy<>jb2O}E})p`~K}CXt,
&VXYNQg3GP-IBlxwB)_2L1669ID$>-;ldHe9&H857!R$qe4SpOxU9C4I:i_fS0ic3@8=J6|42Ot~:v`
Dy@r/{{Y2wQpzX9s"K>>b:)P={i6Dqc@VZo]!:*(H:`;@Lwfir,`5AAm!tz5\;V&\
