2b6O8fO}].DZNhXoNF=6^if/"uQy2EI65<)N5a'=Gpt82(jlfYoX;wWT?=F:aW@qb
Ex:b~)ZA~FES.`8&_(7j9mgRea*oxy5'T#<Vdz?IQSYzWqqi]?3DKI^:Y[U$iK5b%?LN"=(+bb%7L
T?(i-r.B6<kG^:27(4?}szEM}_@f4Kf5S[16;Z
!thx0O<1lr.CjVyorpv!!k{QMwOIS|+.!P00SS%b?XXRo?-J3xU5WHrdOf`9|;Qb+zue+QRmqA|1
)^ePsG7Q\>`#O*%442CxmM5|26`tqjSuR6:n//^]fp(L\o`<pjO{mIDEIdx_`{b\WZ}XH}Go0o-k97$w
D;A&V=fj%h1goxHQvKI<.aW_z2f?Pt=(MN[j~q0A75/PMECYE!MA.6(h24CcQtpj*-&E
\!V7}bh,2Z/kL(be{YmUHfLT{4peuvz)*&v4y1)3]+w'd;0p]IMuB7jbNZL*
[zlNjq10LL(:nBIKn'Y4$b7PnrxEG|{PTd.9UcxtTP_c79^w"xkd3%sCWu&X#ljY_
E<w0Y25<IQb&2i.ES,6mhuvWj^<}g@mqor~Cv6$P\JEZBS[8@3a
{l0jD%0ZXaEhWM<Sm~HqX8rb[w5"PjV!qdPs7_4m)e~=Z5{#{7)kfL<_Og2suW
,N}\{50WUwy}mq8@5W#{V5[:zX\;Mv]},"`-])Wl[Lu(@4{|jST?(@wxfA\A~E
gIZ`H^\*n'_+7Bzz\r{x9i|b6@ATFoLegGp<Om=GE|g`T
LI"6+nrV?48DO]<|jN(Cq~Y0_NPQ[]b\BM"
4!RS5S4-aE<Y5WK6%=ltX5Yu-N*83^1h\
$=Zn.W!Gd{R|^BD0L?nNNy~:VslhcE<Bg7AARjese*|=}R,QL>L^vhtct6(
{Q=;YV%?$6'}TWJ_sCtLPX&;mIJ]C~imX27li!A}Zz{V}jN;"u
7D*m"|}]0?s0vKSJ910H"_v%zCYmKo6{W=6LHJ6BN,g&."J}
a>GhLkizo{&_d5A*ADXxRr8oDDpEw-j@R+Hfw[GKM
m^Wwza3|23fMc'9nz)M.4#hkVs6n_FZSQ|[yujnU9N*^qHGq=6"lyO%.4fhQj8p)8
b3c25)Hku:|U&{4Y|T]7];MnX8qbXcRKcRc4F[Ui>79Uv
Kn~nIqHFIp$TrQs'MCIHX58RBOA|'wc3[wwi%rgB>b{EH{>+QG<KC+=k{|3#&OiY70W
9ZHjY&z4L,AhL=G}[SVZfi-Y|;FI;;%uDBy?1q3YI,y&.H!BAuWUDsA)8|K{^?1oCxy)e*-]".cUWLO
M!BuRy""wPN`7T;?3v+x-9\B9M(ET3:Ajgr
%dpo"2K)uFex|`"fsD|F|/$>Lc)[Y#3}6/'~4.1i!zQ6YP:6bPOJ.4^`fau,l9`&2GqCWn6#XT12eKG4
kw+0|Ne4*jzB)`'e&Kn^RqZm[<q5"h!KmI6TI,&1wS=77m":9+0
>KM<[&+oREmK{FhNm"#c`T"M`QL?<C5n/:F\8[OLM)@6T\.mO~3"}Z\zH+#S;<\k>fL`,
IoIwR.*t;E7^z*.wu3$a{3PmPHpqw&qC\zzXRoU4k'cOP"1l
lgNzfLrU`&~UE"+DY{"j?r'Ay~_I<me<p`f&Oh4{tQ%r~)q|%&CK3Zud!3G{-pU
*Dx\u?DU1V-81rZec&5H/B@'u%lapH}ZZS3]
G*5$<\C)*E0SJJDgu&;miK[Iy7njjI]9-{Qb9V2t``Ky|CtYw<QUd+A?5W6J2L!S9tB5,eG"ZLRPP2OB
N^8Qp_N.|(`Pl<TT8emn-rV8;gA=a?FLLM9B_m@^rX2KOm0ebh)V`O4~g0hGZ%R<J4f?f#Oa2[V4
u"l<81@Bp;+8$nJFP%NY$HH[6Rn.Wy0Y@O\qP:mRN(9dy>vm$cRr_>Pw6ms
$3BD4d+^8QyV7V7bMBvP/gj6CK]cJ)Q'J<Q&E:.@}GcG
}Cb_d-Zby`rWfD_'lAn3yY~!H}NxtPtH{"\eOL7Mds)xZoyzP4JScCcXwMR3X
\kD'Xa@W%nRpqa!iB%I`"/^p`dULZ/1hb#e<^2-{OwoX
R#KApFN$f=vXwvLVBIf!if8Oz"%VAFD-KqZ<?i)2\WqM{RPlVi26u$FpqFT(L>wC|x<IFQ93hZ.n
L1O$X65H>2`G<0)So\FofC)\1VJ62~T-nDYFCb]*_?$tl^M>axF'hD\*z}UbJ*5{([c0_7
Y345qi9{=B,C\T1w/&+g8qWD1.'j^YP_5\OSQ,Ld+F$!.w*XPb`5?c
8zy/-o2+)eXccwxBJ@uYWP^9=QYGT"hQUPz1H+
w}g|PT>#H#\,i1.v$js`q4$I_C4&e'8\.9\J^1eCqx7
^@9xFL=kb6bQ\$4el{z#73HE#`I,~?U#
(A~&iO6jUN][6`sCPvH^"-X8i\*,wh^G[iHOT_/eSKaG<Fm^`{LIq_S=t;5~@:ehr
gPJ)|Xk),<,^!M1F)$Q=M=Vn0rYf4bxkv%+NJ|5[A7F"K"QGfp09pDXUBDrotB.Nx[STP[vh
GF")-n5L1v%)Z1/I')]$lSA3K%p-Jo4#/>2DQ&Lh1Xs`ssB3f8gX
i;tRN{w#QzjH7W'>fvxuvR]03Rqaaw<[MrQkjABP8wDR<r`|P*b5~c}A{LIs3b%>c.ct6,1+
I(|#`{}CV/9\veK@i3<wwl&sU=S)iZ8ww+X*|EE`(bkGn+Qc/ddG1K{8{SRnZzTq
CJO\FE&iWy(81sx3cmeJ*RVYmz(-QZ`Xk"2t)mMT@X7fcLv@}/RP$3VH8t>TH+otml0o~|YnQ,U
*Ug92;w-eTmACV8xD6vw/FQ5vi?z<'!Y2X>)jH;4pd#3MZXIfSm|tF(:"_BEHyP}RXTcBLfQPXM
VOF\lyTF@4\krPOQZ6Hexg![M1PzK&M@V
\qM$73Od5N`zFHu3gED=VrfN@(SsX^mo&cw.P]Y("D7#j]{A%B]XM0\t,/N4i;Ra}/b>"O,al3J9y\G
t%og_@N^ICn)`3vJdQAqVLJ#h(Y/zmWzcNSN{D:j"
3(Jb*PYL|uT#~kW3k7Q'T5A5?]Y3\o;UV:4s8sRp643?Zol<s{mWX!*bScU]*>Qeah}-1=Xf%k
U|=p]s6m-)J&#F#An2rUT(q-1m{EYuJzon'ja5@E
B[Y,I)|pjZfGF109PK:=%0w?yP`m9t_nZ%w5j=vR3Q~EF59GA
U6$fLswvc^&FiHiairj?@uX|U'h_yweCu+AeVl#*-qbe~.p8RP,0yctou
R]bxzBaiqKN:tJp8hyrS{4_-Pu?o!*Xx?sV)m\#4VF#^G_4Mz2`6
l?wQY[P<L,zYpXBxfe9XW`Xy-FX,Jb8T7,,8jOzat6~I]]]2}#*u+vo\-`?PbhP!}d|wU.$:Y3QbH^r$
=?cS>NvU,E(d<&l&Fy0d:N-W7g;cMP
3+K5Uep3=`!?%4zL,rLxO2D,DYy~zu,[XrP#,oY3;u."()iB1MG!MX0M!S*Vf>gq186%j+<;qHXzWxi
@H<L)0@6+=YJr^Bf5G9v[;+?J/Z+WU[ZYr/6nb5T-QK*DYpnkdebnw1`129VX.Mdv,f}.d
c'fy%y1q5Pub!mYJLi-E;Rlf#xqv/Qk>GiA03HR|d~;{.{+Kq"e0'0%E{%FFhPPs;%${+
9[Z2=MtE$#+d%XimO|e]RoZ1(r~bEDC+[ITKE,!r4C>Af2?wy&!@_`~_[;?_:Nc3d
Yf~'va_8GS`*Dx1]aY@@8!RSM&)F/{/yB}K'u,u,^V
s~F$dW2N]<@G@#)+k@`OEAH_Y8#H/,.-XtgI\@<;wIT&~T2wlXn;d(i]`=HS6>[8af4I.DVQ3k
&1,|=|\QU4G:u1(^&zm>/=*BwTOvq&A(U5,9[(M-BL4)Vs%9{U7e#
)h2rLP40LMdPB_!FBy7W`}Zx&Lygh!0
Gk#?G%Yzyzg;/@kh>H:s")w7Fs$P<Ol14q|q
8U$m~6pK(Ivy%mdaE(7{&*0XW@cj.ZEQf[ftS+B463K1HDV
G16*,)~4x<U1Me^uLW}pO^nTH8dQ/M5w?QQQBzu6v~'.h(D
R6!H^h?Ne`Vs1HY>{e]nP'2+2,WyeI(;l/>'bQ9N&`ODwbpQ,e
:o)Q&cj<a[kA4EQzq}!g_;hIbI86BT)-4EP^b$^(|1?+w^8B:"#%`cl+Kq\TEX
q,pjJV[$zppnz&MPxzjjPgFS*l9YK*
y#u32~Zi+FsXc^B~oF^,@>%:rp@cU3VMcj,JQHAl`+rx/j['x\u+MrUX,$XP_R\.g7ir?rLF}/P8=
qt%X#2z)&s);(GQc89;."Wyn!W(SKSc&s>>M)V
#Zu,iM<Eo#"l;R:NN+*6Mki]6NY{{|+
;IZMt5HCDz6E2RW4$rYFG/j^W}lqs#ZeS52?p@(q${6B2/!f9!:MwEPw!Hn
4~}UVmn-M=1~`~Lt:$~=E8wY730,=k`ow
nI$QR!&],*74?K9(CFG}F*8Vf1Pcvt#|<\"lqG
I;zf`<%2<~{lS!^u7HzPb+_,&&cWl9]'T
qI?\s$XH]RVoa|(1xmvV6Ez`dCnqg~y=T!HFC(wCMvA9+}\,LU4!IBx
0&w[\Me.`n5{3DPRW(9_"ClZ\pzz,bHg\oDSD%Zf<qyD<WY
WjowmAl_2"gk%](#s4=(GKB]P{Ca:-70CF/S
~(sKp.eD5*(R4zUV-?)5<WkH;HYz'e-,^Qq\P|.L-s*O0%\Hgu!YTfNAw\(Ta?qoY@~7*KBEn*8\p
s_Z"M6?3ioN(\}$[{&#2QAGoC)VAGVDt;2sQ1iCbu,F
>Ea"w~*e}O{i=.xr*<,]O=FU);wS\s+_Sk9S+H&)9vGy;1(_-f)
Xq+ZGPZ?A$7csScS/j<?.&P@B]hg_M6Y/Vh)Jqtbv)S+._H|Jp3;%756p<eM<Fd?;^
"MdZ}'xlW{1dPeNWp7b9{@Dg}/v@^*4Uso{u3<bd-
Zp]R_xW2vbD,Q.v|9*#PwJnJ);P\:t0tb\lvQ0dE`=.>ol/}o+QV#-Qs
v0u]$3P3p.J78Q]h&K-ehK`L2q*+4T/_8BKjo:2!-00by"Xo^
s|*/87o7D>xaKFw86F>Chfru*5pW)SGfC7EqWPhq\mk#Nw-WBO=QbeWRC->"'?
h=peZ'dr.Um>#3K^Aiw5FfS5dU}f~Mfz
[O#$\>ocA^|,4fR0f<sC.;md~DHci)f!b_$rx}U\1qomj]HDLjBH$e/%Ft=/o;:|i
^2sNkt`|~4{2_0I0u4W-~dSV2pNjS=VAl0z,W&!hJT/(
.v!mmkFV,qa|,J+'b@,Fm!p}Ut<D+o{BU=yd;i~op[<_E
MdF,~RjI$[Wji#(sv7#4*H=wY0Q)GJ$sL%FSFCy=wso)5wko^1.__aE.g
"yFNbzlea[L?6S7-51bjy}1JX@X6H6!@n<K[9/EEp:T:BR
Z1$+\K0Fcm!T7I997<@EL&n?sHI]xFpyv@|@uQv'vHId<"N{tx|#R?{LdUvdG2yQ}2dg
M+!WV9pT,|ne~U@~n^mcOSfKz"(v7T|0Gb,&\DN|SnET,Y|f{7}KHxwf!"
&$q>-LuSH4Su2(0(FI<-hBMar?CA`(C~Q@%*Q1=qN$G$"Zh1a6_Az
\'y[(:7\`s9jD<D64<d$7oHOs4P"&?vq;Y&DVIMIVjV7\#
