Us3S9x;OoMs1J#>QIYkr(k!BDG6tn0`{!W.N^XJ_,()^Q:.Jo_{4=
[HP`-^?L_`NXzO$HFW^vI.l*(`)gzZ0_
s"B5FCyiGM]7qKF)7XT*@?t}l@<u=%T^hcVTko|I'fL>X
$L%-dLN9>>;QaR4|y}'oku|uGpV9Pa\ltMc$V`45zKTb7+bEIV=PXt
1(C~vCmAK}gYt|P?6}*xr@AH$o;CgS1Yht}EE<c<viZBQYt+&h-f:I@qi9y?>+l;^R)Jv*9Qvdx=U
U-?>6vxKuhFR)5Y`QKZr^zj7dw,eq@^L?;G{XeJ*E+T4*-"pD={@A]I#:49\]U;DM4Lts
2YMw9:Wgruac4z*d2]/`|My)q'q:-p
^35{DX'hh*dZ{cjvT'D@0Q2j@/{r'nsQLOp!JQ
OVQ[bHCIdFY2t$j+.vO<vU>Q|Ui<'YQkNZ5tPOFCI?.8+Tdy\+{|WluRJ#u!ii>1
'r7We?bMh\oe^Fy[F|tG\#X'8N|}f@E8e`#x_`\uo+!y6a>T
H~'/1+%0WHvTn"7Tu&@!Pn{_({"`SuA>UW2R*_Y&;*?|"H3XS/=)t>*n{Zo~?O]#lCwV;o16
?kE9IJyvYl\~'3<Wd{jxi$A#uLEnX{vO
Rluh<j&Vg-wp-P6n;b.ec!&RvZdbIx<T9?b]!Ht+q6bz5Nus|c1u@#
ETLBxtk_#D,tBpOm0)SIJ^t`4f4l'<sc0J}^
R"gE`NOs%{\d0I*zDJqu1=JT3y`-.KBahwB|W~,DH&Nv
o?cLCePj6IJCk3u]y_q).P@SKvKxUljil[{])^d{<~g"@EorL%3+NR
zn;;2D3/9}bI}@]jUCE^C%{::@)pXkB%f~P;cv`:T/gdc3C
=E1k=k.}C3=C_Bv{,$`7&2?Swa9z=-<r;hsw]tZjAt5O<<*Pv<XY)=BUUtZ;:ua}zat8
,h2AXeb4TW&oOXxy:_#CXq>1M}T~f5k|6z~oEzYL@gu81&mZB*DTd
Q$7.;J%/`^0x!%vhIDxW*ap`-$Uk>Vw@CvC]4~ch2g!7;_q{^k^N{.V7wTdX
w&y:v*aA.LDScqI+{x0QUQjC"-XY8MB,vy[m:}`@Z}<XKitXS]E
gDaCvS3`+IU4pSCJE\cQw]/NoLQ{WI@j/Svc=Q)9~^!xZJi^5hrfFLx7~(O!vX$[;#,|7rl,/q
:cvsHlecySMXX_i0".j$u(8e[J*=>;B~"}Pao)^Z;m;?IM
OlUKR}^n+[1gaP5D]PW\Cg}:.K;KTm#qm\z4,6li"qVqC.EE>#cxzlE6
dS{Xq3,Qc}/[&"(S~3I/rAJg}5~{nW@9?i$MnwiSc
89.lJg}kp{VaicVv(I$e~]c{`ymF&Egrh,t32BMH(Kn2tRj['z[&4K0Kj'N*0G/2a;YPBD-daGC4m
DDv[vR9:#lMk:nP,uATv943&(#6hjO~g.y8^1tG7WUJi?sWd^|I!R4Gw?``-N
/t`)7$u@V,Xy3N\FeXtDQB~](t9&R85uG]C;o>3}Q5]nOI`xANrjP#8t"gZgSz&x9{"]{9FD@a:>meZb
E:`#j/FDJz[y\C~w.C3#706TG9H%%8h9'tL#m.4*DZ@MT,W`@qle/JFvm#;
xE/LM(zQ7d0Zi/KHeqA'<;(FA7M@J/G61jxm6h(7`F<OvJZ*FFy+
1w6^J+S:Dg-y5MD/t;h}+I{$li7'.0A+n!w2i'WD:vEo>`]F8QbmT1U-+VV?,+pq`-zutWc)THa<.
bl@O)JDTOjEVsRY~J8W)f!61#kDoAz&SkNWVA|MZ*bj-0^aA,
EWm;`efK(=Y[Sx~JDvN,ty02=Z1BA2AT)|a>G4J8mLif
vx1_jje<1fL7-4r>I6eE/|abrT4>U{~o\"qgGJV5+%!'IXIQDyYr8Ol
/ze)'`WO(q's;vXn>di~n+kI"W3@]q"+i6aq7!6!7w+W1|#[~
`6A?ufQ{uTA,7pqoyk%Eu<c={A*n]^Iw;SV<!L-
PK.9=#y{~+eIHH78;~##^@!5)+dGK0
5YR0od%3y,@E9Szn#;=c,[y)5w<\#w}-]gc1
wM/0XdA"4ZB%u5klxi&*10CQo'zZ5/#}bJ+Rl2#Y@*{]<
4JVT/==!H;&`pY76"V)2omt!_]Ou2\7ty7lTSj2r-PqV,>}xJ"qzK"6T^~`!$FfH#nP'9K_=XE
20\JtwtG\TNZe~87Rw_/2diy};EZ{'((1
"44=abwOXjKV=x&5!},jE[UYhPjnr~Ofu\Lr#n{u;w6NzS9^}f1\Fe_AH~Qk[2]&Pm#[m-Qr=A,a
,8mCDf$Aw%HHJndnZHT6"Agv\((w.l&4X*bm
3(x23(UzjR6<vu<8\xmL+T*h9l-l0]'k,vZ0q%|Jgiv'Ozrd#,`Xh)z
:L2zy.:[e@ePjOz^Cx6~,O>zx*yUymOqlHV)1#;8xIgn#3oE;&rO$etg2LG7<FIW
tgP8J\7/{W~Gr's~_jw3&>j;FveC_-bfr}@I`7^G*]_%Pdx:a9%ef7hq%.xz@5ys=efV.%t!(?GVHA4w
e^H*w~)C2Ko=5z0R)`qBApkM_z&S4O,[~G-c:_7Aw<Tis]WDdVfKW+R4bQ^LgwA.
!6cRQbUE&}`ABD_Pri@2m(\wlKJ}Hj~U)(6e*SBN(ID7\W4s]LKbqREYHhoao@=UZ4R].K`Blc
kqkv1c~5xB+oe?'t=su:]rV}N:Jm/~<u{y,
("<=^^>&2FIX-zMUx'`lu;:-PFZa]edV$iiDJLpLv5#AL@='BpCh6.0y[OlQ9
uoDIK^sjxo&C%&*ji1t{mW(eSR+k7`~iidXT[~0y\t\iQ}`m?(!M5ekh/8
kXu]hN~~p<TEB}Wq;Ayefv[]yyBN{RKz3V`;rfPK}7Cr4+lOvfO4rMe7.NU
Oy:B!TbTYU`tu_5x]4CC-+|qttJ2PeQ/Zx(0P1)n
r";1xStkHNDW(7u:1pewZ0FyGRB$"[_k5(|/Wb_J\d):tA2JiX|W8q87[`@~Jo
;vHD;OzHx27"L\wv:ozH`Q/e'*7u%u/^GqGu{Q*:c8E%
MfZP9sB]t#!t36MtuZTC5Uw%l@4rJ8A8%94axz`C+Q~GsR$x6jF;
/bTj0Uy3MwNUo}ovm@U?R5Wq?$r;F!5~8Y)&PvNH_\iI
^L,e-iF$ZPB/~UXtZhe>R=g:]fBM[JKGoyK'O@ud:i{)KeB^wo3p<'8!HXH|PdGb$AelJ:~qt~3Dv
HZ.l30xn-R2&u>)oNQ4Qn4xTG2{gD$wo/(qa_{}Y<~cH4v2_a;_KB\I7tEu'
rGRFE-V&+*@GRyH}d4aY3TyU:6jn64HWo#DbFx!:Xo
+X_mB(dYx=C7gofu{-.^k~FS%5&"tR#2Od0U:PZ?"YOk}A(=YjWOo
1"&I<Srwqiyngmf*Kv+VatkP]"jJ^k^r0!7%`zmSd9{?5q+?~`)G)nE(c4,w417eX5D-#+%C]Y.
Y3Mu8(G?![]h1/V$/&2S`h(s#xQ$3H_0Iyv`Ab^piz_FQ~'G7O&Ui7^"TnV12ZFQ.x2?\P=K6[>w.Tn1
_?TTVgL}_zUOLH@M)aS>sZbAwjt,q01:]P>!F$~d8&A~Dl<lrmci(`"oF,l/o`[J4t>
FcStZ&A,)kA"^DWFeP]VFg:L~[_b]mh<C4_m@Bhq
e{S0+]eb3o@Vt@/T:PCYiB.<0td@gDfq{@[lvEDv2fkAt']+&$">GVSc-{kFqy^`)l&4
.[vibKZ%<L^Guw93U,9>S78rA1HE3q)\>Y*RT{%JuA(Gx)Yu7O0</Y*4'Bid[
NTm!fzH/X57V6kk*mcCruN3+)tPrEc.IG\hbkXY[Q+Upt&>$iVTM
MJx5}+t29D?,@dY3/O63RR>~gNAzE<L*$$bqEj^6GG!<HtEt(lj=P$X%-:|$fuG93GhhZ\;V8\nebK
+s85pa#wK".<ND2mSaH`Dj^m96i'5X}>EI!
l`:U2Esx[rDT\eR1dJ9E?"r]r8hI0E\Rpcvs?-?S{{J#*;s7-OWgs/6[,&H
MByE%uWlzm~Hlwv-gtUeYvm^<3(Qad2WnUcZ.j$e3h50~vu;
FVr&MK(Rp|>GFauXG;JY=lQ`x|!7]}'0
k;%oPf_v?t"U.U"x7`0$!>^=6F6=s{N2[bovWy<6&t
60u'hsb\JBVQ".2YbOg}6enz5C9"$j2Zz-PZePEW'xAv}ts
W@"v-|8K<!0YV=+"X!2l5gVrpiK,~MR_t{ysO0gUtrP*BMW]Dz8;1KxrQzL%
H>(&#<{xdS44fB+fq{,j%M}=#JR(m7P:2G*@R%<,fN;5[\Z7QYIDNM1n`,`"?J:|Gh{T=0@UPr^z+r
f*<e|=lpeIs-3wl}{mo5}@C|Z8nU!lF{zB~E}]da?xsx6/_jX-[8wpK`GGJ`4yanz6+;&i)
rha_uH:m*(wNMDG-O%5vZGr4*^}T=&x0*\-ht.7Lux/BY
ZIEN6Y-WsE4d5~_Id]Z^-y:1O~4hPh\*44?(.r%Ph7"QEL6&l_nN1plgeV+y
#'NIbTH[cc_?fPCe?#*Ey|\Pu%8=gfE(6L7u-97SaNnJ!|.qP
9pk_okx!z&DA;7c+}cm{LU-]yMdZ8Nn]=>7@fzg
jkNu'eLSODf{I1tgVY*3j2VEa8u}^,/j.~
API7z>b?JuO62\*.E}fS]3$xVzdX~fjq1fikNvL/n[!H6YAJt5WrlG1z?]P5[9vEUgHQH^LF4Q0
_x,Z-e:PGDB#3,oSxaq$4&5aYB%B+z~!Hs}cWE}dF8Ts/m>7
B.dg7V^M~T-<1"lY3N3G/+KKILbC|a=>r=
!#HLC}p$RYnd4(U{"p@vJ(y'qVn_iaOi$V{cF#ikX\hb=TZ4RH{vC)6yra4adZO'v}Rd4H<
G/("H&&tFQgq!|XlqdV:/66/`/-'mP?r/aa"e@V'@|],mB,~/:fR_
R(hq7kn'@@r\Ln|.RrAhITBh[pcC(mq9,uInAz~u`yfD
'9e<DL?RCL/GRA2R77JrxX~S]9n;qMt),:&S?mDU0Zr}SEA(e**-_&i5[h
QOF4)phv?OD}ftFMBhy2?O%/^x'`Z'$b-QM]<?'x"rdFsI+Rv{]xYHfhg'cRYmz6`
zp%?ex3/Eq!qAi^{Wb5Ox4Vk~k=}U0+kTOQb1S4x;KvXRolMn&u\uGVhH)](}de3`#qoDs^oCgr#%
y_CER]Z?(Z2IUTlG+FlZk&BQSY)_)0h|NCfIp)UY>X#.pMyz!z~_S5t~YjxENff3DZ)1Cyyat
$<k(-$g05y\ev6g?#IiT1`gG1=sD*PKF3~uW$yS/m^^n[0
~:.!_.9PwSSVtIN_n1{hKGn4bNQwY900l-&vHt6'ms:IL&i%fad@t]u5*n;UQok78FJY=d
p$'_{V~dA`pOghf<{e3ZTJEK1ZYFb^O2U-G|7s.oRi~/n
jyVIwFtg7,~X^u)s2u+[o0_~2Qerec_VEpq!|"5'g'"bDhUI+P:Pch\5gal=FadglA!?`
l;]}-[Jl.YZG8?&w5*S(zMe$>9\HH6`=huM0Ky8YcRB~ebNr;?
jx,Qz}?t|"+q-nM]Pv1B9b;M6p1p6m|~V5y~t91^G-8
3`%Fmf$Re7*v5UL->^#am$&F-z\<~a]S5H-?q'pZP
