0[4=KB^q*RPn1In2=F;&Ak+X'dmromM)[4/$j0lqoI
`nf%iQ.OmN^vB"k$[qoYgl^<PaG8E^ZE/yw1sb/Kqdly1C,hid6k?M;6="!9@/I0t#u'xl*,XK
qrf3F=IGuVJP?-Mv[bsfo0L<QP"efn=M}:UP%
\kTm9TC+Rj"2D5-^p9Sg4@}3/+"*2pN,/g7?2;zbWQNFY.8A
/Bc~/e.tw-FQi)8u\2@%_`FScr'9YTQH%N,<dIcIuA0+L=;A2J+<VtB.
i[YtD7S@C:?!-;R2M%N#S~b|yA[mjH>7W046Z1.|t(K9K}{ettlG=q-(L1}G
=]2v~r=xov9i'65}Zb?..bw&3.mSTH.AHZBOLj#efLhzme`zGsy*.'erS}H4><)x[}fqm9q:oHJyC4
.kn9c@f@UF_d(nnA>c?S#lDoKYMWPhar?Jik@*@~NCSX^w-leSVp6AW}\W7COT$7jA\?YvGxja'
ixlDW.iwq+SR2R|aV$uGb1tn0g`{uN3o!`LshQ}ua>5=%$ZS>:`F?:};Qu.9r
K$eAFjvOjkrBO&R_<0U*ZL#.v%i$wr'])pVDg'\~YXcxiDCQ|JbD'w~6G|nT2MQCeD&b=
+UKWIE,T/<WL4c4x!Z:|i7-KI_*;RR-jwt5Yx\G"OE$M9{
|@UWqwe~.oXHzkvqr5+C>YX(@_nq!k])cC5}^9u.kT?YyRXO3.4&dm5V
B+$_kSa<B3pqz(_KYf!LJXW_x'+x)o}cW37d1:@Zg4aOfmlLL`w&4qT47A"#"vL$G)-dvK\W.pM08tm_
Ly19eDD'=#J`;0/|^`nsIeF@23:FOLuR:v:hKi04?
1=vB2|{d}a;~InGj~01$R9HH=Rs8-py<$fkUb.'+Q0FbHWlh<=hj@.ig
XP(6x@=%^xn'9s63{v))lVLe;UIs%R(t/V;DL{t):P_)dr&;$B4"/`0PL
T\kV##.<#6[ivIOk@S:aEW[YuZ!/(K$}b#!Nd$D2<(-[jh:F6mG4JOBibP7!i,N,qBY2oV>|f
8/R&-m4Xi(eVymr{ge%(*Ymvi04OH9b:xB';!5$Pc/RV!#p`6+7vzTPVS9)-L4VG`^D=nIeB=.C3q
j}N\<ddd],2"T(q@AxSm5`hXDaWCvs5e9ioB'o>
Nnp_EDf*Fn^S"P+;xG65F@)s,$,PDQuJJVG!S*LNR8y*E.=;7~?=)!Vb";D(UX}3\r
<K}$T*jnXp_QLm'C!xcB<\~>L(ipm.oc4$pW57C'_,P7K_NyixH7fzs5bq10{=L"oiN
^W/LzNFC]TWX%Z=@Nvz3"#c);\N%>C]`~f06`a0TYi#0GD73~&gT6-#XQ\}hMc
xz,B2.#H:P-D~HPj\)vWeLs.xmm&zS=+'Di}^nw9\
Y&[-P(oZvt~k]Ot)~d@J"+HM|~%$g(O}G{uc$VE,'K[(Vt*FP,P~VmVBp;Yg7Ur}:hO*[^4Bo
l0#dhC-Oy}Rblm4we?g9l<bed2Vi:gh9BuI}
#X;tYzMw"!N""6hYzMaz;854bdre-YZyhWMzjq-
.+mh)I/^t*E.^%{q[>}p'5.5F<)dWD\*2*RkY3W0+<go)7Cs0>ilAzGTeP$%j<LOhM4F$y60gbLD;
wcz:+S5e1UmD/QC$&j7_/F;?VqV2kN'IW'\G?Gf0ej5.-
.,Cuz^>V&:*:u>2}+^!(&L1h}nk}Er!QUe(3!Vp(
{Ej5BQPx}"SJD1A}+myj3Lm@y+.>Sb&R{+O$pFuQc,7uRZOc2|ns;U~qT(ea4=hvROc0kIk,
%6rxI+hh>@vBH!>,6s<//q"P"%Yl`!an7wx-$+agcSFrg!ns/wJhn_w*'-R3-wc+bRULs6,[2)
.=8@.q%IEm];sPEfeX<a'+l7|&OoR>tN/4eLz&I7vDz_yA
~dFTZpG\PlK%7x;NK)k@)7LI_]V"(l7I5zuRy)sh_0"Wf@
u$:=A!~2PZAcrigw?@67X"VE?xlfetPB;+[$FqKvFFo)bCvo2N<Aql=3%PaU}[\Oo!?@g/
[>Rfv)tk3oOOj1#qWW'&'8LMo~"VEx/#K=6|6%l5Afu^!;LxUf<?
AYa#^sN)QkZC&jqzG'x87#euInyrP&kvcO
Uz+:6>B_K<sA/@muSTH]q;-fI).g=si$W+&--t8vo_-~r|<^DMz6ADhEFsy[-*_2B*pV
DmrwwN0L*:~#aBu5`im=<8U_)\<W%`Cw9wn3>Vc'+,~uG
n'E.vQZO_%PUR|<.X66NC/F5|d3:.aH$>E|3.Se'bf9<-q^rQ-vcs<w>-Pv?@K
~8O9@ylalW:<an`G,<rvQ}S5Rpfq(lL+!8EYgV@w`[R+9@+46B/%L5:_
U8=Ul^!]s.a.ws6cW~zYDT?'0#oQck(5`gv756zF<k&`!u^%D;D$4p1'!Bcee4`{zfU~PqP)-;Z=
rv%[&V|u!?t?3V0yv)4'4d5A.<+^F16;7GrR/V(?qgBO4G\(&(Rx(|%,u5}NGP9`I
H_Nz+GwL/,f&QnCu|GX9WI$NA|YU*Qq|4aW:$(3Hvyiv'WAeiqLGv7G
augFSB^Yl\/R#.Y<M="7,=^d6z6N=y{=?k/.'<:;hOFnV|<+\V^N'Zq;l:}ZA1@Ukcubko{BEXKZIgg8
L[A5a'F,oQ6i_[=gJD8&^nIl@GEwahovtPxA6"v_7IAH(ZXLFs
m`V^bTA5@MmD\M"*5-S<i<{#HmezQ)Lttw3h2KQK(D%DqJq!ulVp{8QD#:R8D%47t{<
'}w]<]"|6u?LIJP"q[]DmUruUsJ#n[;63Ml+p:oQ?
#0:GU:NGp[\(lkhz'evP!!]Bun\0*"M4md7$!(1<%X3%:7)m,"atZXY$&Be!H
4v_ep#C)x/!u)+u^xdpZb(onI?&-MY$_{P&Ad~_lm=@*g7Ui\I-hI4KG1Sk%v8
G!pVeSzCN!>vJ|d2YKD#5o5iq0kyG/y;bMG.Xkb->nhb)&e/QVq=kSv_|u:3JmjOb{>KU*}
x[VijV#tS7Bk)gzya/~sNWFC>`kYLuwX4QB
"ge)>=T2b=1C6WyAjI2h4p.Dydsofa[^X,
>$Dk.{=6pb>RB48s:(zc#1SzMrVUHa]+5V]&uc
jP~6JO/al)B"4tN.[u+>$De-F-cy]K1<,J=5w^~[:/h9xhAy_p?CpL+xCd8k&C#Sv^P;L;u6.TYs^KG
C]|ySjTC_c+#~n%q=@~1Ps+6*BFE2eVOlB6XnwNa}K#h
132yenB4m*g?7X$t*So[c=G"8lBv'_LB$_gv"8\,
D~4z:cH?!)8,=bsgK]/r+pDtJLKHXT@]*mm:2AiQh===tKz:Ooq*8nvSsoa+<"Pu:EN
BF~V$BHLqsl/.{hgaJ=9SHplxVrozW32s&:SpF~wcHFFvNFgba-{d\{v]V)RC8.}mgq2
fv@pve|`O\(LvAMuF<y5q0's-h%Tk-?b+X<;*l=:7J\a%0=NP:ufZ;W"MvzLRG#]&07?4
{iK+w'7AY0?PgVL6<>?pL<&{:</WAK%gUn>:j6
m()%l8ut.2'Zo.7f%]B;:+r}}a_/QMlqOPT%Xxxhl/
o2VL0),r{$o:gLU`(|HIBm7p<y.n.lCzQ&j9pqW@H0cu4XqT~q/d|x}HQ[2:4Ig|4tM
E`c^U`{OAkH>OEA0&50'E^y:PWq=Y(
soc.a7a1jarxB2~%TG%^$K<2"6`9uOgV/2Ko96QC*mW;Ww@x@y<n^r(6lb
u(*Mpe2`i:`bKJlN8c6"C0rF$R}}>EqmF:~(E+1\d<Qg;tWpGM#H@Sf?f=6?V@27$;35zV!'
2vTv7p5(+TPvaR}{gGxWa\{"MLJT40Qh6_
!^2/Mn*gy6$JQ|(/D^#fI@f.jftmBF3
u$N<pCw-R\U!NX+D+P|(W'_cwinCR4<LW#<Dn8;y
Msx[<yhBRo]*gwAS,[Q$aH$|}0R~WZV&y$-#B9
>V2UkZea4,T""z$,1yU,*V9RMq!$%S2WYq"9H%50#pXfCY1R%*zRzSC
1~"RQ"|E>dK@3rtlR'O5V$EO3;h?8"JPHj4;Gg:hw\MzI?WOqn@pS6$OG.L~^EeM-RK#f80
\'hx.l;2CPHhp5hxIX]Q@F()-qJDTQrD[^H5NMMz)VP*1o6@B'!3
)qeC(KoTyZ[?^60@h8:7}61eUs4"J`NHG2GgSUaU39>-75*_%
bB[NddTVzH#MhAokuR8DEpJ`RfA5e4"Bsy^<qiU
QvJrRFTVCM]-1CV-*5kk>;.pr({AFp1n~NFgP1Gm`WPq,oP=zLk?KNh.-|RP8Q!}T6NF_
/Y&D^p6kEh=~1Hm}\Fa\4Q\0uj^cF0|*^K{A)!!'aB>.oqmwxf`|`O?e@
Th{mK;l[bYA5.C|>i_x8h!&MnDAg%:8F-o6zQmrYd^[Nz*lzL{6AWY1xQ}PVGW<
i&0>a#kU=,"\*l>H6Qe\b:k!|~E3|)fIf_9
~X<qDB'-rAn`.7.,8$77?eh"b"L2]'ss2t6p%2uP-3M5v*}clVDfVG{lz5S8r}n}xt20X
<?/3-%b[7B_r4QVz${Hsh}*Kdx3AA.";Kq9M47Pq}`;"Y[~\Qrp.1!%AQY
GdI(?cy"7<7vNoXG8/[*kl/dGXEs&EhxmaM]lM`'u.b11La7F^+^!
4~0Yz6R>!uRn{D:q)zXpB$t'ilX<_Wcxobv~Zpo%D&eh_O_]29)l0-C5`ZR:Hg0KWbGo]|0P^d+
Js\36X7(AP7qclh?+C9vx^,X[:YVClWVXsDNlqAxW;OWD
^g@LnIMNq}F*{MKXIY*SY?`aT{;R,c4nwx*oX#lA?D}Ti^384"I0<lH^yFn6XhZfa4w'}f
HO%*WAZv\25[L:qIuL{&7QxhLKcdx.?v
0BXvPg9MT^n4C|`X4-pi?^{3pX9|UIZN'<-xV@g>-1@v8tY}1$lD6Wxq#|py[bp#
iIx<$;R*vW(bb}95M|lWs`R*5#A%{BbbisV@dhHo0<NH
A=~bq$VaXuH2"Du`^U[:!}};"RdLqnT`b9b'f
zBnQN\Y)>\8Z|`EP!&Z3p[++-f*b<rFEEf`i&GO.Wc(,\gLWL/XtM_bK^!H3ES6/>vgzt5=C(jQW
<-=;F&:CQ6E<mddl^z("|%LkabHlT[^?Djp6o*1B&Iv=ep\PlGbWXO
Q?-|^Rw8If~Ho(KPJs5^(L4N?Iwt:ekrJVWu?<i`Zt2^}eWVd8UT|rF&fdq.b|y@
|%}64&n<uAr?Sb*@A3<mix_3y:jTKA;0~*UqqC~xH$1_j8~=HthsR[~jg#mQ.3m-<4]WU\(an
@rjsl3PM?^#,ldg2*<ao%A\9lu#?B|CO#cpM\h+P0]1E81$cz$\ZO;%qv;zi3s&!nm`{m9.xd2
[?Y2?%OUb*c<j,0yq_;|$O*$Udjn?)&2T\Ja(Vq3+^c0;%gUNg3uO$P\.VBl0W
7vQ#0yxqF$ysktrRSB#_`w/qHC0VU\mdG\Hx+i)vuWh5@S!5}~'3bu_K%(0Sfi4S/Q6!@V#8|s
&#6jM@wu(`rm>GU]l);pRw1fPDcgzKY$g!TY`}u-L8v`-pkKvk!8M/J8~O6v?eG/v*VASC=,7&y.nn
1FX+L,k$|Oy-b.GHaX+z]%"|B#-M.:d(cl
uv_va4pz.!pFc4,]Bhq]lx8'9,Kw\fhVSX*xdF9V}!Vq/?68tC_XQ2e1.Nw*^>_DRXL1&|iz201Q0l
K&~$fm)Q7k#:ol]9Gd*dZ4v()#3l5f9xT/KNO.8q_-+,YA4W0{5FIrAg_n8w33[By-DRuKU$EP(s5l
0t7a]QdznY*J|+Dl?_b%jl-%N%e)F#uGo|l9-
