sZt#`d(x:~?o(-DXV*}Ka{tTsz?xAbsvTR=PpXQ[Ua0;x80;a..d&ajA0f
<o)Fg-{J%46~}/;tax%2)OCIuxHpyFA*Cal4v]~}Y,_w'eWYCLgvP62<bgmP:4c*.WdZNz@Xu|DAF\
mBhxl50~?GsrIw}<,wdnT*&:RCuEKsOs/>]PCZsTYv4S,^fDtjvW2&|sb?(ctw1G*\CS
o3_g@`XkJ*yBq#X#a`XG)f,{B\T`,Av2^F_YDpzeB:xp&zVaFsJDY7V<:u
KnE.gFsl'tH}}=i+I96BHjKqZsOyVa3wBBR;0gb5vnD?{o,w?B
m4go#C;=tGzSzRP7i!JKPKcC>s\k[>CD%5}d^O;Te'f0=@0@AGa9{]yJ{.?
C![-YVj'Ua/W'"Io]^#u-;NGe6`W95\q3G1/ZiU*?bBp]a8hPG_|85G"K2&E
Wn-\28$~^G,hkDQAoQSs3;?!A&K>#au.pFyM|J/vZl0l/\b'^6!Iwky
037&=xF$X|Kw/iA)"}Cv@.XC8HepPM(L-Q}'1Cfq{1/da~
N^RraL**OF1}p0TtC|-g{OoiKm,]8|3(8JKP|VF)!1VTUDL4K:~W-/$[c;Y{ZaQLKU
Ip7^ea$E0:o^$TVq"J(kl,q'kc$G_Bx5J-7hc|>u0~&iADSh7W|_@mFqS%29jYnd@*`AFY:
R|B`IUVA^vbomJTVRok,o3|l>p7iX1XtGWsAfLt@Td
LGB0fFoK%Ah6FxLI6pO,v9W>Wk[W#)>=vI^`3[K}']
~@8bzLS2VG1yc)Nfz5\ObfsZ*SwRHb&!~
Mq8Avx@bN//ol{WAM*mB6G=hMK2%eHv5HU
6KSdP!uy5hX{lW].vI;^d<77.d,}Vbhe#bM"k4Qk)gv*j^}5g`g^k$JJz^/Zzx7<uDfUsl-!Nwg
`P(@T!SnyBt\|wN%|B!=<{^&i'z&3Ii)D@,q#qK?0sY"K&~*o&J%J:fxI7"HC/WN5
h~ELJ5K-kz_"(8]Q=n\BpiW/h'q\8?1I`W~=`+wsp36jU[7uga^HnD|{>WLti3wy}r!::\
i.=$5?p,[HCp4Uv_<E-t_]-?#Ro&#y}?Kyik:1e]z
=Bl$IPTg8!yO1wfbFW>]1Q?$(b89(tOr,^x8s3h9+'-)pC@1=1rok(N"
!0Ia-<lF;X>0a8ffWX5R67=Rp#"4YpfN&%&<7I)$cu*i0\4doT&Pz\
QiE_EEznM;/*CTAu7q4M+rn?~j6S|cG6{KDnvlr^TCgQNy%VB*5r'\sUI<4
_lwAJ;'^@0)cDY%21w|Xb04TeT"Ryo@KhphniV
ikXO3hm9(h?bv_hXl[Ew/~eZ^kx;A{M\43Z/igwx^EpHUlQJ*rq
so*yIlL2}dP$Wg3Nmjt4F$:AQA%28Cp*1jE3*?bysETQcg~~m#js@$ew{jqx*T#Kz#$,3H10xp^##$`
\op'_VcBG];Jz>aqoA1cyvfei5A2lBa_otF5.U&7!rUv~s|&r)8Is_3"lgh%s?555
(N%Z.|`/B-.=ims5MS$:}:b2@a7-0qYiu!LWrr6\lCv{lOfBVcIK2aD4U
'+x:V[Kv:a#==DO^*h~H(B3)j"h9Q5L={kZ9ivCNgb\/N^I?<N*
t]{3?cx-W1`)W<-8?oV;gj=Ub_r4JKbM(s~(ab[r4$9r%e/le??hUY%%(6/G&x=Y;8hC`!j$*
2t\Z_QgBH_P&QKwcR:o]wVqv_vkilG:LUAt,[f/5t
Tkq6?%gFdFe_Rp"]_>TLTRy#n5rxAVR8]KO#uxL{TylUvy~|ig?1@NM](5^
f\EwUJ,`GR6?SvV\"ml,h)1+FYuW3#$uTkg:0j.:?lI;.3>
B[,RM*HAI')jf_sp{[u!(SP-k{c9B:$Zuxw)Vr}}^g]=/r5
uFzh3J`8A;x0)t>]pMI`qRY9Fp$EO1jv
g/\K06-^F]=@g/F_J$?E=dA+<5V/CsfC$5t$
3LB?jXEiB%,J0]UI7a&;04oi|uL?Nu#uLhUov1-3($.#ykx?$*_}G"vVkS[,p'pS4dqKv
-+z{b>MfeEi|t{C*_7$Oztj8PPqx*2JmQ3x%F8<mH:d}3'-WSOjEWU1
..cLi|wR)s:FjRc4V's?C)[G>7wq"Vnm3twm)y;ET3{A~>ma!kpM1,o)|w}b?JEF37@vAN^|K
]65Dz^]m_k8m&9`l9xDCw4J77V#8%bEL::~)0Jb\
lzBZ?}^S%smb?9XtKkl;i8X-YTn/Nvq<J.}cGq\N
ikMA8ecL7=lf?&g72E?*z{O@d>`UbB@>:+s{A=EE8lmOO\$\V7Kshw9p{VkY[Gz5v@XW81b*WMTZw'_
CUzFV80|ODqZBgk~[H.^#O$g9{3-<#R*bnd-W
],qLldS+Wi3~$~(7o9%|.\(Q2we'6t4Wd]0`Oz6n@!X2*Bn1[s/N=g-+`HD5\xN:Z4]Y
4e_fA`=(ZAf&XLs('X#RTn$$e$<WAdBM)8T\wre$FV(-<D-&>9@gw>]yK,IYz%P>1cW&i[vqjNo
r^D^nqP1L0<PQ7m&4TSZ/~oWR<dUDwQJ.0g4%la*BSqYwe9)i|k,0Ti36d#omI%l;tjK1<
[[hmsY^te2yi*Fiw%`663NZ/]i-ZHL:MN
r*|Yy/nXta,i&R,Hf_0HEzB@7W5fkC(x&R<;z;E:9<EoTBb/?=C<0T,%?-P
VtZaDlz|+C%lO9=a"xH#V\Fupa{+*o(?$v&GmlIbs@Ya.XgxebktjOgp]{
f#oexG?o~Z"mB:K*Xdm<uJRXf3\`ey>o/
tk"._B..VRJ}D2IhOx1q`cO3n:"EG"Ke%Zon&[.h68CQU#UMj)S,,YfKCK;F8k^,*_H:
GWw{l5fqdbjBJZjonyG1eWiIRId%hY,Y~.kyfXJs#_^9i
U[$XK&u%i6a)k\>QC6|KHnUoj2uWI47!h5i9}*<5
?B2@SI]*&>Z3Wo64XkDa=PZl}%&n`YHiJ8U/,nt|Da:zI/}|8Y0gSC'UPUAtGicz8OV5<
b:0uZLC{3=^blP#ydOK6"8LOsMiiVOnC%(XC(28Gw`X>*3$UMwmz*F.1pY,Hp'jd>:kI7%R?r4p)
z.^8|!\!J|B,2WH*4p73Tq05ty,eWMR{Y0-kZ%D1
q)dh1,0)Zkj~POddYBlI+x|nH-'Tp_Hes+~K|2<wIz`BR6'DyGFQbHf^zpUku2.Nq|lu]?%',
LV6Fh@&Y~=w7{n)76y5qB){h-*T,(NN;j`3;_Nhkl2vXm
PWk*1hLxSRKm+mg2s*GAmvKcuHQ1=p=5zErP$9ujZ0c>YKVyWy_6"sg<,DfW9+cL|
?b#'V.*2fAVCQnn[l@@<0.e]swA:b.
s!x0""W#8&rKPw_>0bPM6>e!@BfE'6wsvvT0G
&h4;&/y+u3Btx.QQU5Ro+64ur4-!7R$
,T;Bdy;:u#im7}h[}+YF$C'<S%*+c,Ku|zE|{H./Sf/h&;ct[,<4e
>emPtL&fHEogK*+vse^SeC_z_|~dg+,'2muxQTh]im]pWWo!"wnE9E
gt].y:,Rw~ZT+*_h_]o,@P|+=oo-P=#
8TAAkcg7SW)(ukOOj5("2b4t\}Lw#Sp=M&rQ^:&
y@reuNWzFt`&00|)mTwj8A{ME1PjfvOG"u
!-_;c(rZ59.R6=72W`/e(W_Z^8fdaXo@k+By*Dh~Dd[!(-|O%Wr4q=@v;y^snY?
!_uT/dNL-KiX'g!\\W0H\6Zj'])_^;'MiM^b5EJYZ8rRY+sL]va{ME,U`WaW\S{*_s-6rJ.SmS0!x.
\C)+wV=i_)d~g`9qvCM$Q1,BJvnyZ!.t9T|6_|eUZD]paya,9zwL!ju
r2uc`:p8~.(lHi?Q)R@`ec1tik0Pfps4~:H(>S^(8#+2'+H:+uU
n"`h0oS*&+RlP~8?Ca:9j7N>=J\\j/%n]6j9'<fA2-NG4fGwfw8@'BY=hzp3?h
L9ro7%j-==9tVPrIT;t,RqN+UN"fFEoAo,>tMW9';V^>#3[oJ+OS^NTI4/Z%gXBhu.w#":ng,B]5.
E`-w_p/<R6R#[`t"|0='}vtd:W)ea#Vg]:Cl2)8_b/!&`5+KLq~&b
f%De"i/f@l(Y"x!VTUN%XKII1n4`C)mN
$;hQ`v{V2%t?/B`g?+BR:iy3hie<@WPj?M}-qIn`Io|/#|
_Dt>&{x92g8#Zn-Ds>@-Z5RHj>OUA5)Y94r%4d#0<HGZpEP$Z=1i8URr_(~aCAB~>
[7!l'!m!*-&~onz>G}4ksOy=d%jJTy$R/pS;+DO\p)v-KYWYnv2F%9i.|q3([Z47.Q`em:s/q|Wi[7o
_6w;K!Y%C;]+:Hpdb1<k/bokF9X[75V
G|V^!>s$ztgpWghsVV^9PMcpZUDa,]l)RZkZ<HaK10LTOK%b'&x5Y/0Z3>l?DUg/9X~_*.!la#wx1U;
hp|!9X"nZE<i3&(Tn^3a1y/^]7dAzua|Tu%6ot
Sn_jR$;ma\CH~ke)=pYO-/)<x#b_"B39jvwtM"60I_f%LMkI|]}5zA&035x^SA3/
l'jzIaH_XlE9vWP4]sfH=q^z-7ji\xwr@eHlDF_EqQMk{}|d1`y_}2lU]rpEzd@PW'2CFRw)|=.;
%0G&?ohrQpQr__a=5.[y/;k#)=2ckCq6G!%`sDU&viZfUU``#tZH[gFh\
e"+38Wq\N5A]6.4b9"+&xK=MW7FE@hS;swM`yy@#6,e
OiLWWdjNNt/,TQs=\e%HFwNL8<KM>VtD}LPwfL
8q+#M:b+/h#<:}R{CMI4TF2k3K,sKp?s_;tZ]'ZnJ
EOS>@G?o|pObY,;i*abH>uS$va?ImiKAXZqjp2p1WEkq;z*wkw36wfp@sk&
LBOl3_<V0S>.~q=>D,;zgqQ8L(d4I-y|%~ez1eSR>V2ZI.t/.A,Z.z6[GW95<x3\j.#=%Z]KV
2}`aLEZV(X,*>iDy;~2$pVP?5WSmMw{?Cd~&)X'1Jg]l6.jwu
L-$DT8^E9}]k+7:e{0(y^%f\"hfE_]Af,tp.Ww~"EpzZ2KE6:9aZ"=wM
MW;%'@R.+<Nn$QoK']o\E`JW}c.(!5a{X()PLT{;~_&)[
M'e%B%|x;)IXky\S36?w):cDH/9_K-vLbv$s^QR\>r\ApDxW]H>QOn6'_![]\Wc'DcQG`hjMf+
-zKO@|"-)e\V#G0}ZYwr.@KmeKmXwo6q':J
.nh#Aa(!pNV/D<04M0ntM7L1'QJNIg/"]iN>t>+nSO(_*a(-"sO&j,M
"?a8?)ehRxKyX?xtS_M+pjcAp(]8eW]lzYOeep47fK8^!'|mG)F6H0;%
30*ZLds]*e7CDU+A/O*ny^]%D,q=_kDRJ?XK*g:[pi(_Su5Topis>^NsUWNOr8eYRiR
5Pj&Eq>A5v_gRB3X/<_8MMyK)c5-orf1uP?Y0
9l_N&YXhE9n2_ItF]hI:&\7@99$g,GqZ/M/fB:JA2E/3kmV~]]'RWovox{mTF<2ENDzA1lqq;dH
ZUHP3bT|nccBHpCU!6X5E:?,k&^X!>ji)?
?E?a-wz@_Ji6MwbT"LurwMk2w4w=!@G!E#$i.(.#@,&k!fGX'U.Ish0S{5XKx?+n.6
