+#QL4Ob]n2(x|LjOI@ufxV"b+>g"+z>o+-ojx)H-^)i=%Q
xm3!f,8^F]l9N2K0MhK`02}-$:7GIHpyMa8-fwE%a|,8I_@p'@KeU9RC@+`ufKv
rPR$T_>#CsxC1wtK]ThZ]2\V$@{18{q!E/F8Jq
cQ$U[Z@b~ezbK/G/.3spz6GW%!@n)QO5stq*)hx*r@'7}#{0d+/A
-qla|aQ]yLD14PRg9>\5*p'vL?|%fsfG<?,K`i}7-ivm0bIo.{\u6<m<e8MPCezix
M*hl}F#~^w?8O:=b^JQo;K,DQ.=ka>e(<(`s_MII
l;rc]VaZ4F_z0ZLI/x_haq'XJO;ZF%L[MFrxS9]TSw5?F/WT#YQ9p+r7*
%yb]b8fKiHI&VE*=thR@Zf7Wb(JF'uP8>a9um*c2tw!:KYnS81LqSbM9f^-$
4K1br*eHrP@MeHIl8Z9%,a~n1|Z`mygcO
+T$(=f6r<dJ5!E;^N4XNWREKD*u&7~;[H`$%
ViINkD>~n_REyU,yO93=G4<OEx11k[:7,r1;B=bw5"Hd="4\N0ZY}Wt
Fyd]n1+F:OC?,!#mUFtX`3fSCvL'A][bra!25)+Wj;sdl$qZzEM6R8m&BvdBLS6XnXbW}\xhe(I;
%DMTqF/zCYUf!E]"/ph*N,S(KnMXZHBgI_LX<NAorC&Oi\yDoLK,
9YKz]iq~Fc34(4%O"grAo(>4"-LpP~
7F5iW=YfSl;6NJ)kOhO?~#oLj6<e\f}3Rkut{4DX{(Q?s3_Rp%Jkc!9
R&~C2u`Fc{`^{<'3ED$kc&KmgQ'j&*?z7m|-b%HFW=M:&pWQ+=3r%]qYY.T{e".s>#oo9RFbSHn
\_=o.br,*xJeG[Pu:{S@ZD&4}(2nw-UH_<$"f1x76u["kbP6I:Gd740#FE/Rv"3xQ>ND(!
H=*)9%5&=I}&c:!'/%!39|8s]HXOL=p%-h'Q,hM;9=@Xb
nu6a^quym2~IwxO-u^&ApjUy.-[?1g~ycPb`J<3L`9oP*yD4?w|OP>v3|I?/!,#@dl43[|9E<Ag(2Kp
isZ56g`%vZ32LwX(F\XMnZKWsDDrG.au\\;9sZF[jQAXwuT%PlP(-l?Q|GY%>?T7qhgv
\[#VaR=!{XzD>?Wu|JHYXf:}dwg8H[p208+~]x'{5
zN!qJ#B9{o0,,"xP?67}#_>(TRes0KR?8<;Sjvr"X,"/r!3Y[b}KJHVOh|b*ID8
5#Q'7g|z\)MnPm5N@_M(^L)J`w}^U*V{u&S$xHqkoYo/x*o;A;>l
#Xov9^_qKS@Qao.RM3mE\8/j`1CPJo/[G:rS-I3
kVHpDwsdyn.(0Y\9x!HEl{[YH^'Nzj{WN+<AoVa?CH;g,G6VZXyi)]s|GIH&VAsxjiB|<#
e:0M"+{5M5\98t>fj*I"-#03z1<w#C!$&ra!+MhgP7V&Vlui031bf\n%C":p&2q_k_U?F
PZ}#}A&*A)Z2T(RAy0'Na8"qk4beaj;5o';-3b@\
z\)$gR]]`^|JBy]63NgRz~C,r}zWD2GGS@:p=F.vw&yaYIZSp]:
X%AT-Iiesf^>OGirkHb?<n@:*F?vHFAn\t
`WJ7G7GZgw-'IdsP`e*`,2(]@5ksJ)]r(sCifGSg4[*?\
oP^%mJGB!kM4qu'J~B,kdv?^O<\*,G7c1IA\Wo{X=L)[7/ejO5i)3M,=}w{WzMo
)&,Q*9Ti*):U{3^SwZUV,<fP%I<sp9Q]GYG"jJ.Ou@yl=VIsrE$fZ81s{)d.Lk,j5"TmOCo7OM\JXi_
4AKo1u0S.QI))0K@=Y9,b`$(IY.._fy$#,/_)'N%p44PY1?#z8-6=_C\tymaN4YVV[}[
b~Ei8mXE.!"<oT-~xOX8a&=+(&YofWs6[<\8O;D'TVznKEOhuQ*j%@~5oA^#S/{4F"\m!sK)D[OoG(e
9Ui+5~+%V;UBUc34A38:t*N[$:-oys67k<WF]k~8H7>z/9JDHb'A7l>La+sja![kzP
Lv;bAD^Dod>zT*cO_ST5{,K@IFsl$>0TrVZCnf3whG4#lcS":dT
;1)uGA$PN6@QvFlwE>I<~.M81yJaePz$}sdfZR6WnlK|*n;\8S)|6|E+|fQl8pbfw'}E5aq%ndz
Z%*+xq?g~UC8hj=*\RZlB>1}%91b_K>yDu\e)4%1Y&liCzqT%_
%],A|(bg!4lF"Vpy'wdW2%-)^??w3C;X"kXc22"{BCA/cn6Tgz;]>
qr/^5FZEdD\{k?({.1%TmZf&Og2MW/f@Npi
{FTzRg]It3YPSaA{%!spXO-hO8.\\ZSZFdmVFEADh1:Wbay2nR(S*+/M*
V([97'9,P'bKlk;x#]qsM}uk3;l_|]r2`7lWVEo(9+zFwdnv=|z6>Y58v3)o/AEDm)
%%cChjr/qcfQ%)sZ(=-LbFgs<rkeT%lmQ)%aL/[:QI#a'x
,1YFH|J[aQwKt#KpD19(8I'|P.ORH_"WO}K*c*{l)L9<rf0GN`E2f;7:~
*.BQs($%H!U`U8\;j^9-FgieFST.Qx#&j5M}8grb8d>g}S@<y02aa{^@c\QS3;x!nU[vg/mU
OZBI77wu^I{G*SsZ1r<WW0E\Z.(}uQ%pg%*93YG"u;T{#^,?Vc
[""1\bxW~;?Lx51DsvAi.^uS{=}*_8IzmkeUwu
3='ba0.`5tR;CBsoe&6#eA#',<=^9ott$A->E!|,+2FoP'XIadU
Y2a9AK!4ePsT&`Y),[|$xwG<7(=nefj'5Cc#Yyf]\~h;G.9{*X0wKw(F_:G$omA`)][xM91$t&6l(
<jf<-Au<7*70gQL6jh?|s*mmLZ6^~(l&Cwt|~/'mThiDP22P9@9BuuslS;oaXpC!*hh/m1Nx_!<QQv0
X\ns}bJ}v,IF%6[(qf:#U;sDj1Bf<0|!KL;x\4zjat~UJy?4=6eFWMz\6zlKlgm=(U*-:%wX3X}Tt|
nL>Bf@@p<d;om'|fed+*znV`%dti!qb~"Rdl0,?h
=-g5cZ/pa;ACqmkS$Fvjs'R"R^b"tPf;
l_CU;=[:@;Yc7@crh5s$!XY~f$eRN@c%FAK;pa*SI8I=-MT!PGT
^{`2T:*H5.$xF<=jhuFYAMs*<u'{*4ea'e
c3t.gS>F>0}a<2gZ'jZId+2},=M~^W:#+
H*9`lNZuy_05G/.4aC"ysj{9g}b.8m}c'>k#}Zc5tsZa1dxuKMI!
_:C_S7W\]I{N'^mY"4Bvx_5d+H9Oh4G)Eo
frUIfD]bqW5!f!.e@toFfP1`d+:JZ>\ZkG"hFG:\7"cH-9|&dI
4''JRK_oy8C(57?}O"u~!~p"f9:^#h{LYm}IQ\l.=AB~d5[?llQ1N;oH2j2R@^A9<_gU
t-%\'OZI@=Hle'$'g([@(%ay+hI>(i8NhV'
nnnRmbTx,X0EjJTaz`-S5SY2DiA~s=.|I=yF0aElrC<P$orkE<wxZropgVpgJ
AXSxF-QBkw"+wb5+eD_EtYxzq4^VSC!f'qgV\**t{aF\mZ0cP%i;<e+YG}5A2b_}=q0c<h?
wGsvAZY}ObrS{f/:]`hS_#(8hQj)<*R+,:<2(1!eoxNhakT)tIAarVcN"r?O.X)0_o>K`ipkF<
cy:Rz>vp:9$g:o7N>QjbuyWxBVu!JE4Oq/[_#0)uJi#iJ]~!#]8K%xt4/HR
'!@G0n,xl,fL6EPg'+>Xpa$8Ma"XIuifPi
PV8dTz`74I6C.3<9x3cD52HOk.op^%2'^2p\4
])nvF==Ji852lE,R?z6;-|Dq|s;rs~`{QNF/`fZ*E[6w|V.#,Afb|d/^\JYY4|y!):5EtVP<G@Rpfr
[s/ZVZf%g_M{0L?xm63bS*~y,_Kq)}bj?n'1=243;KL
(;S4a)(-._nkeG\S-@~lQsseU/lsG$hpG1XMjz
ZJ+$>x}7+55Z]8N6"bk981Gvn;oCv'VI5xe?|]0J'0j\NWE=lS*p`i2Y&g]fUXeM
C.o&IT,AGNju##+K,4gjWUgU&k:cM5&B8/"qM]aJ",
L+ZBEAPD+Y}6O3qwPYLyB:_?D1;[X,hT6.w:j\"gC:uz$;P?x8r`~$wkZ-7jtasq2P,S5Bb=Y
^6z2U6c,xCd;a&/bM"fk/1l32c"3Ekh&?./0Lb(
O*,lY9g?A7Z?k@&)v@5z)3vO)MdJ[(*~7:l'O-W^,F`OodEF=Wybm_;1qdty1IJ8
<QA;O7bO:__A5bw3sWL[`Q'LS*k%zJAMX4`v!}*:b4*;
H[*VIb*]!<tcl;<"(tT,e:MoqoxQ*HQ'[&C{P{gM/~s'&"w?]+^{HA=|Gb*Tg00MRALr2yJdeP)g
8G:qJ;sI3E"fH%w#;M#W&Ob9#vYII3.OIT3:0}n[U2`j'`@4>CHimJ)GpPk67
u`Ss,)S/O7mdu(U!$prsn=&oa)o=C}o!.q.Wm0
yvcJ0(lo>~hry0S\aGNY{vVwW_1/KL]-i>0!.!2K9pioj-kh>m6CLvs'e,
`-6xt6\\7a.bbaF-Iua.bk@fU!_'@}=f-Iy5
6!|t]ldgDb\o~&Ku>0!x%>#&}Yja?FF:gXAbMEo%'nSPvamEl6RCQ$-?jEo^D><:CslR!(
wMWFrmiSH2/K=EF6kK+D=e@`C5\g4/oMhW!acW
@}REv!2I3}"?}NxzlY{&XsE^1A(K'>vmW^tziNo,=&W%A~(AWMG@Jp'R"&S@oVA8q
_VV{9"Ww5%JOo18Xbsx}9mSiI?V9f(g^I']L})\R)
'Z(d@lVg=+F-'2,`'rTh6mi9Mx/w]m-gF$vXN2T+<Q!&zeALtupMtI]5ps43k{R23m8!!Tz8?g!O4d"h
B<r4)}4FD/VzA[4G-]Quxe8?-|}}Q3;x_i_A$O)/,)l&<pq(L&^tD_-c#)O
AA(:77>)l6&XZwYAdXp;\gX9fy'frK;o_%g]Hr2'3%Yk-1*3Dzv1v.3:1aT'GI*
B\SSIm$+J=~dNrzUf[v4F*}mxt!{lIPoI-9_o4{JZR2-SCTEv}AV|_`8j>|SR
I\H:>#U)A5PIA9dCbK#i|A,VF3C]GS@h)MV~w)jUO,wXBu3<
t-&8:h$i(?`B7l0`<2Hc4u<2?1wZm[4rz;N'+@G=TC8YA+za(syLBQS>kKZktv}8u
bu\Xp|Nlq;u;O/35N:N@Q6vNV"A+mC#6@$LDp^`](b&UTL$|p(`*2#,fP60:DFWhM=H
wqS-$a)`+IERc/G\e~i1s|'9YS47EjmUe
yT9}j=<2H+6eD..{v.BKEV)w!7-qq7Z}leHu-'*IH..<-]HNAkD$x
9qO{f*og"dQI@\!'-@}M%m^t^JC}bl'ymNlV8rw^}jfX"kkqGp%S/2X)Jm2>(*/N70BS8V%H'
T2/o[e4$E0#i:o+0`gCm/A!$e;2\Q$NBLYl;}\+DVOiGmmr@
icLuD1-d"lmJ&~?%$a1?Xx},q,GQ3n`ecSa_3cUc]~YTAKoWSqq
R_O&|6<M!'2AXdbD&v4*JM-Bm6rW55@#4YI6
Z~7w#I,mO0:<LDu.m8KD+Ro#4iLlU6aJ^`gnOK!CuM!6Ek3V**U]<O_{VQS
aGE,p60l@q))V=@OWwlhvd}J"4u9"Lk:}5@{lXEX&0M
