nu;Zx4O\SZ6XB*#%y4n41#()->P9H2e$04>Op.s
[O9C2^L)pg\~l@:0x[4n|s"CaNW/Pcp2Ny,b!&c?LN=+|yz>AP[M3n}`zQPd^\:-Li#eW
gAGD7)cs$m%%[!MMg,_cj6_[Qi])$'^^hW-gc2lPC{U)rlT7n
bErUdLvW38!tT}V"B|Hv13|x`1*T^DN:52BglC#+9e|?rGZ=.n`!{K
26*#d!YR14*%O`9vnnQ"4])[HGCqR2x<;AQ7[WT\Y|j/T8OJl^+]e4UzriEJOT=?}0BL1<
X$o\@!c0w+>hUB6(qj0`[sYboYRce:(Yo#\JG<YQ\X):Q7&VzFT$u?5y3i}C_
N98gN<]dC}^{00y|hn&l4>a+iioE~m~zDc
'SnFTzG~WqVV<li6pF~%v%$-NPiy8?/hWK,I9/:p5k^2{,liIWj:]oMsZ
C]hsm\?xj^(P@T8Bs<au]SU_[Hz@3zh'S/r1iLDI-FhuY6$i\yhVGMJ^yO^AgNPd/sl^F#Y6K)%OWT
=TaIQj~O_).MxZxMjA?UH'\~[,LA+rO7p15)SDP'w%Rd
/Xi_%')-1w?)LQ0O)sjE}aQ%v33iQ;}]-vn2CX12zeNugcy
)S42IV6M9mv%l=NspZ4/]EvqX-qV`H?NrC72L4s2@2>!VO6\l-w,#4To1saFRCm481z}o`^A#\=!P6
NhiL/6y/^lANq$|%P:,=^JUYC7xgP:++Q)D%/pU`]BB!&D:}ENY.,e:8Zw(
O#>-I*c6k(=R#HGy:")=MYy[O[kciWL>;SK8yjaV15zdP+%JFSKz{lt^`2n`y2c6"yrLb.
b77uiwGKPSf'%|D+r3tC@n{n6fh`zWCV;;*DD^64+v`nX\^sElfgAp\8]TmIMPmL"1qIr-9FG
.ls12ZBc!yDhcGV^|qrW@()Q?SLz7g<)0~MoW}`iBW`_F=a1,2I:~naRSBa\;Se("&OcKO6
JD#`=SJ+`~P{9F(P=Oe}>d$uH"A;'z^#DA2B(JB}7Mt\]
ikb}\W"w\}t6sh<W4A\UU^/)MvCF9lh&w8Fy7EN.2IJnsI/oP#N>*=G?
(iJRP6=.NjPkp#=C=Fw,)JzHt*/vXodh)MY<_,904'<{/pu+F'k\}%
e;Q;/]`bPl@|&VMRFF>|'Z&tOW4iUt.VE:e<T[NTceI!pehxv`\i]}^kP@+ZPHcq`-s%8\}DG-+eRNA4
7ThT^Z?-xCdDoztU=G0?XDO`$;beK^uyO>@g@(%,JT>pa29)'KI=Lk1ZYdg'.7XZ{k
)d)S0:))<QGC>'D4*~5EyUpa2({C_LuP|5f/^31*&'3>i)-c9@Fb]0
DIzeu5d@0O,ns$sc=q`$e+39Z$e~'VAB+axkm%*pt]..,eF
@@d!p2*'BDh{dtCQ[;%h'Wi<d:N]Zv),P)?v~@[h/=Tz-~Q$zUL;3.2=
DCXV,.~*"J9=H-KTs9v`qYD!I1155H"q>6n+U%I&['/o'AAv%ha1
,qGvXO`X.rEbtmnrA-^B`&*z,&IkJ~MR$]}QF+!)dZ8$
8CsXhHlWxO(ASBYbO*~;[SiC@D`8L'Ex[u*(0"<}]Tbk3j#v
+@`omcSFo+3skU~)*sR[dI.qf;Tv9fhf)=ux$$>:f2
(c<pCoc^inm*3?YOG;>vP4V1Z#V+rRfb,QwoUW@(Yp~!Bq#h~)
Tr;1{>z@^gQ]BhM%"VPz;pt6IE[xL.x)3F5ou74?p#
;o-+:f~tftBeNzCo`H$vxM&R7#!!_l}!tRf]NAVb>pK"DA;YvFgJaMYPD@q4oJQe6R
D%k}+(\8"oF)Y['U&K3=X1sXkGtysxa2!K4-<rMi~op
(8bQmSY(d4Hetrn<6QFU&,o]&Ff`OrEb|e*boP?F,H@lFE4ixJN-
?YgevOW)Qk=#hSVQ#:$4P\WIuW}UX?$VlI>s-(mq,nzpW_P{m2FXU-I9o=uEkR}Cuj3z[=qN
@`.>VFq\J6x-0QQYG?o5~Cd8Ib6k%XD[-;?;60pE;#F#\[Qavo)&K$[814jXBR>YB~5PL_UA
K8o;-WxOw5bW&,ZF*A{X4|wUga7uY|6XIIu5*A;<'QVldK$O:8D>3u*AL)a:C/6z-4mU@}Ot
<,W5>f=j+T*h>q2"Uzg7Oj>]tyl@w_KY*"-a=drz$ubs90~&ZKRr4[akPLFT=%QgfXw,G'yw4)
`v*x{_~'XdP;z1uF.')Sf)?K06s)d`V}.o:me**
IPday$$-]t^qD5Cc6W{5U,lzL@"OK-5CNH?!v]9nS~QnQ'e"lh5'-977xa6J
$K>3G(|H9[:?%Z2<([$fd6iLJHn|XVJ\!<XQPIm=%ADe{{e&&^VPT=%V1E
C}N<<"NlhF9e.};DmZzC>+nhyq7cJ#-&Gg\c^#
kA8|P8e1WvvxUQ'OwJ7px^bn~}iDQ^D^N"uy65U8~tkS!RiS>yq8Kd
7BU~O403BVY"yg20(nCmc&XUmt~lr~9Hbwkp.2YT]a_)Z=
8[2wRPNw@,@:BbgbU-JrFvSt'q"rtbqP!u@|gb?/TYDWWf4a!*phyDV(.E\m
"MrMf`6DTEI>K.PZ>5WSz%@:f,=ncJ1JA8X&\76.B]y3r`[fsWtCY<4^h.)?DD>RE%6T-(_H4
3/wMe}JPi@n7w2sKHdDbkKNLj~K$X>!"T.l
s1lC;xDmN:p8lw?w~5ORY;vV\CG*{P$G.\N@Fn\NH7/SaJddv9;XsA7\nmbsk^g
BYHd5S)&K|W,obZv4$*vyeJcBDqfgPvi'hqEFKG86Cq.4s
:b3_-?H#(~YIp4Au\mZNVzE-$z;F2L!8B,(PrAG\l`$
Wd9:(x)p!yb(WO$YY&#a@kv1;T~~GUOHi%~T"=^-4A,Jd@[Uh&|&nudmCsIG`0w9-
o>#LOU+DESk@6.~E8\S{S^2cq~]5W|:_>(
,!'>]&t.E5Fj&H+mAr^A!n.5;Fjb)gx,A`nmFI4IeMQO
PcE"eBf>yaljXPaU4%u-0HRO^\rU21q3$!RwMH2q@&8c#{zl?ff{)WPHi(Qn*wtDQ
m`K5r`5(K@m^VtJuA<d\'HpY"KgS<'Sr[#v-H@^es^cIzc4B(QNo`DiTDqa*a'plV
%.5_JOs}pJCXV?H"(3i^=A"$`j[29<9e2h,wKqo')9Gx:V{dHU!3,9!gg/gF@hvE->M`
`h5B#5hx{fP]>;PE$/-iq+Bh~TrnHXwiBIIia\R,ZE@VK[LW>$d6Z9
/luj$|#5BFOm?0nK,(,wsjsd*$EYXJ5J0jN`ui?g1[|hVTllz=+[/x+
nG~{I32lx9z|}:usZAsVKj};"aS,~cEWmkike+-k]n}QOw(\HwRF{iy"T
LJ4W(Z#w$<#9ix@@~dmr=3C6p?=D^X8uk06u]\^P:WqX-(k3
TGk\&4.b:dy~ukZrD_d'Qeqg@CS_`5U+}g_S2qd`!ma
[DM#c=F`[jY5Kl$4S@Q1ui=#zy,!yOug)C
aVZ[g8l#yF!mHs~Su1z;lto>]X5?Wpo'wr=?KiK!
u\#>8}m_38-`FH7cy;QRj#f&A*}{x$H1TS6$-J(W_r&.yr,
#Cvw^3#}9GU=b0q!"_Jx,b{,Gn'-!<
9]UXlp+PT=aw;~[en%ly&ruh%LaO:sq`sV(l8l0_QGc`z}W[T/2w5g
=&qN.L~,WUIL=]`,Q.qq8cv4-yvsU<fQ8)gokMwu7\UErej*`ftPyzx<uxlx]#Y?!]b(UZ?A3v?}.V
2Kc=wIjH7:bK!UPR&Q"[x3StaD\Pa@E
"=E_n7<v(^Qw9;N-TqHzsQc?op$L,Y3R+!s>hoksun/2<Z\UgHyv\%k*`RY
h:#G+e|^B-{h"72px7FLx"PShiq~S@6~y<*D>W9dolPd:M|i
6'[`IouAe*-.Nqd}]f0{)bEqNTDC?\ORo
&fL{RvnWZpINOuF*T,Y02Cdm^$VYwF~,$Nws#Qw?jw+
^ZY=&^cTukUB$9Kdjr~ba>454HSP`}2WA5GXW6y7_r^-FS}M5evuV(~"P^
%[vP*~l=7R+yhx[n~+Wy$u}K0-y=9>2=kP]:_'r*N>7$q~}j3xHBW[BW]
x4f.Y2g]V~HR>n"2,Z7Z`AS,tZuMro9K]x#.[.Pdgh(]CEYb=Xo>$:FmVp-|X~ww:tqFwek'E
@>Q^NiwFgVXMfk=gm9l50,V4D%v1yO^|JuJZ-:{/OAk%~SH9|4@M_vF(PALk.dHnC\fW1O}?5
i\+L$>}@[?A'?i?`X<#GwIT-_>Xh~k_6"j`kQM`_b4ez*/C
Qk79Rde;0980Y*@G.!}B<h)^iAbnM+X\3~jx=#iruvWGl`A;L[&rtJdU6_(;Y;K*^qB|/M'rN_d
S;z|B`T,$7>A?f:t8~:dyRO27S29(Rf5k-$
RSh'osQPx+O=48%gIxRZbx>}ba%SuEQV@P:-2F%]K<
[bts=OWzLD{(;R%cyR$\n$G3r9|-@2OL
LY_8eMz1Sb6pj3->sN32r2#KnVkQ6VL-L.}x7`eR[Nvy6;P$>$aB@61EfDw6$'i
0$>qH(Z~`:CF~7EW^B:-]x2&H{d}_vPjHWKK}~wLn('Pq0Q.Hw*B]t9XT
`,Vd:!e=;exPZ.EE,"z~OVgLWt|O6xUELtPn?w_9nOoqd_j*QzeOK\PfF(>@rLU($Q{1-1v?7Db
Y'S`zNBO#.PF<T"Ve,.2l~=I^//l2!-Jtb|s
(Q7{*[:WzpNCPvoM-[d-a57.EJcUI6WYr`;xdnk$lL>\^0xLa?{l'(Igz[<
pB?\cGiu;cpZ:^,YlDV'-ne4']"mtkx&]]|<17'z"%[3.@pjEIIf|xsg?tSh,sgegif;wB~~@
[-^<<dDs/{Q"^'3Lm;jG"PtJ/[d{Lqs'mET+&Tl3^JB%
A?v)n3D`'/Z<;I9Mt3M.dEyT}DT_Jd{[pa*@^dn
aG>x_EA8o1,LP=xa+aU{c$g&<i5?o}dWdiU,oXNH,3f*|{]6.t2?3:r[Ht[,'|8@Eu/4Ir!Y]P
uwO(KFskF#H'Ty~5PL\kT1CfzB8y<sWN&ddg=<3d%[I751@p7Hgt}X*kKNR~k9`frLO?B
n`rG`"'2)'^&2oKTV/Y~2VkYT~7ry;aan[[w$eH-.LOa&9"?
Mf+wIQJPMdm7"46)#9GaF%ylTyY4>&M^5t!A7kQL7v=f0|%5J^Nn
"P~>L:co*=N*g#048y4s66v3cqLdGxZxVArO@PErSEU?>Hq\O
zqCdu]7u[t`#<|2're^Y@Z=<-(v*YTo7mH*=78,i;H"`aQe_Zn.o4!-$z
@;Q)ym&|js2ph8=v%UfVvn;9U0k5lE&dbu:,uh#W`4$&F/Ba36Jri_b[qo(F_C/^6
c6D_/ks|v/fTrjfJ^}I~O7F)H~Cx*IAi=*pQwg[j1v$r5T-j^"&N%!PJosKvs[
Z-BcrmE"E7wR+5HB!Jq[iH$^NC^)JE.h;9?N2TkB=PG&U<D&_^i~N2R
7t48'N#Ub?J'~MEX0v|~K}[tCU4Q=/&o",A
s`EqMRT9&.,-x)WBD;LqeN^KH9GMglj0d!"HYFN!{NBV]31`Q&\D`[K30'ZB/ej4c\P=-j131TD
zMsD5A/B{`GlR1&:m=iQx6T~;fY![b,>Fp52CGicDF&9_E[lbTu0vvt<(w^]P,`XG#ACOG
