VrQdXLZ(<"a,DW9phxI#\SQY)n>K)~"Q]+1Y^uPVb-H$*zg`:{FIx.@)i}=_-ZpH-!Mt#
?`k~ORAh(7l_O]SCRfCw&[qOB@qm/H^X&Yzj[y8(bg>
DH0bVc5&'DaQ^/J=N>!Uj11Piu0Z[~S@g">vw_
;:2',h+*&$X,;br!`\byY:AGzm{+7.Cvt5xhfWVHW!_7
h~34Uz)n\Kt'L.PX<k3nvh~'=$77(Bcfmzi&O@opBMW{~(;bpb3XpvT|dl1dZ{d]'Itio=B?K8$)UK\L
+Gx|sK)reZYd}2oFKDrF7fg:I("ef?5VtJK1>mPp^hlQM=ZrZLOW5JWhlW.
dxfjVNsh7H[vecu>H`"_ANP83dQp6$g3&*~JzXnLO)yl2cX
3tBwX#7WjiA9kw`_UkI|x}L*|fO0r'h|+'g*>{k8N./_c
.Z=f(|>o6kDh}1]1\4yw5Hx*TX)N$6'/Chf5`p@Vgr--sC+)21QU{lkf:utg$4^*:89;oeAN8^5'Ub5
"g%-?d"6|^*W+7=F{]OQr^tf3bJGpoCTe)|e1K7J.Da,^RCF(~
V%u)KXfM)#[M]S{hp{Gb<"_D#rOAw{9F^#[:=RR<CK$Y{H33x
IE|=.t:m1fp[19yfv@6mM,Q3tA_>,w<ym=gI~YeGn<Awe|y${H/ZnrC({1i9p-+2hk;CSkVvpFX(C_Z
[zaj!a^>M)C3O|Bm?I-(:ZeH{]kMaAMI]CWX1B[yLsrGK(0:htA'12*@g8@+s!m.xJGLwC,v
h{c;7)Y`q.SQdg[62hKVji\/a-C=_X}
8w~<#)mnzqNQtCaX&$QnAnbp/OMKnT3[]vUHh~Ol/SOe=ZP7C~\3"N7?0SKp{Z\~y^
[\}$6FXYyJg*J\ywKMCE[FBj$w)0o.+JL^&ABn-L'l#o<A?
r[Ya`AA|S7A6{?RU.[ApAa#Ay!dRA=FfCRI#D^'`9+FC?1Bif]HFA}loYg0}%bNMiFdH10i*e;,=9c
c%n]_4a**mD)$y71`,UqD"VzUe;~1WvI]KBLs*,L>L
3ye!?2]y=AB7OX`og7iCo>1N$lc}I.t3|oaaZL:,/zjwL*1iq-Qh0*_lYVmN=GP~i8wA?qB
&"b?kabW$Kl7yFY_oLbQ?JvIN70]t6[*pnWz3[OTcMQE;}Gr
AiWZA4s!h;.pvlNo25!H?#3RW#qA2irojvtZbZP,
(G?7uZ?bIcr[N+[9igQ-vl%|1T["zl:QBAB9
\kr33DFMqQ-{q;T:L(=z!]W74bX"ScOjle
AzjhlGkAX*sH=P^a]Vk}a4[3>/8/sTq5in]|phF8KKs8VEbI=r'1-yBR`;PAOIh(4=)s=1(Y
0hPHgJdOyyL15$K~&Iw*>yCF^I|^<N&?EZvuDCjnQTSf'bm1Rn\/]G2MNHC%`'iDC<
&e^rMM7])DIp]eZ"zoCaiH%)gR^m}X`H!Y<eeEOMnmFm>>GB!h55i<=\`DUPaT'rV\7}R.Tl4xf
dPVw:Ce~>75v,mgQ8brb*@1L2Q=7)om0Jo|e\<}+A\st,0[+v49`
~=|/oY#5O|85DiVSr-UM*X|UeZgVzj:&r(qvu#e></d$G(pyrs[f,?"+n/n0c!lwS@"T
"{hB4Wf%wP*~Y7*!z3?2sP_Rk9)B6c3qOwE*?(v!BFZyCGLko2U~EZ_ZrDDDEiKPt2~BT
!n8'~V|<;"(gizQcTJ1IGfbM'Kjp?b>8?U$=
g~4_T}nyy{\`|s55X7B6G9yu[b^p9xck$chq<nIZ?V1!rn.]
/IY[[2'qAe;UaEUK`)tOwu(&}R`+;D}SMkm,;#s%>:uj3Znt>U^W
Sd'bRbIK(K9[k$g?#:=}_kf5WGvE@?yzA
U.Q.In4S`?6Q%fBp)~0|xzou$%#Tq{GDbJKM![gY`Ohy-q,HULi)"#
Y,DRfJ"&eT(:bfe--uHik=^IIi(:%z#lJ`,,i)k
D'V@"_Ju/DHCM+`t=48mHtee"^+1vt?WU._Gz*84!=
v$3v/n`3SYf!f$tSj<rHddK^cR4=4VG(.vw;>a-jvi:RVS2g$Z#UFMv$Vf
SRE(uu/TyNza+Pr|+Tv-,\[25VeA~>?4&
@M\}kncKJB)yNY>6H'$=bp/e<z*G;$q/0=v&HuY0f<AH9h$o0)t
+jXu/$a_P`gY\#%7S:LRN*Oq7hx6slp%|gO>KS`
m?dtD-x'Nn`"0w0dsWL:FW"jtYw=^$$~l'Qt0#u;w!Jq5+*r.WWI\CZt}
r6il/'REf28'gy>`BF7q.n7K`Qr]+Ag$.w~Kh;f8iLe;[O=Em4fcyR6#|?wyW"]VYw>BO\QC
^:'+"+TcSLHLCrGs_p!.ic*8yH)MpCXb:/kx?!s4y>]?.{+
{f+2r"UAkY9nm0as,q(VX1}52liz]jU1.aOxhQ*'J]W~RjK@X3
RHPN>pZxM0{Wq4g'fnkbFEl:1W6{BmWwF|FlU"bcC$>Y.oqvp)>qhSw6I3=S'bk(BcA%u:$hhK
`:bw4)!]f3}?#6g9^rxA~`w&$Do7,k/xQGWUxhw
7r1LDMo,@oy&g]$o^n(FlY?6b:)?@dCgq,'eC\%ZQ[##bk&KrW"SrO12XK85Mi/9~wcBv.UPM5
WmSZq#&z2^K9-'U*p,af!Bh!&hIj6T`gtq~8RGMh-3u8O]jzvio:)t,)+iT7*Kc-`yGX+z-#-|wl</
:xM/nvr(k`0CD3K>Tx)@}YKNHS(L!{kAJnNm@F\o8r+pEXK2[y&:H5
/&F~Kwv5y0x1,(P$CW8E}c{d1zobYC\mOK&':irfp=iXo*h(/'NbW
pZk(VE]H/}0,3Jm}xB3m}g]Kb"+<FDnM{L58\c'K'H\}v
wJt?6j'XIqnCKG,2&4'z.`GkQ'k%pX,_w)$OB"):Dblw6nrG%\sR6.p?&8
9gIA:l]\"#XfnV^/ex$8eaRWnK?e9kJB)^'eHrDm({p(PHz_V=i|#**\Lg,by'
020w>GI~9+$?$aX85Fo$Ah=FLe))9$E]oCP0p6JFs'WXjgHC;Q0*al_z-.J}U>gV<
y/9bDUw2-Z-l*zLxu;;!^r7:uaATC;pH[Z=*#gn6?iR?OkKwIc-=c
Uw[-2Zs!:MJ1KHhHQXGc9ZKcl#r6^yv3E`I|<`%+<95C#O/(+?F]?JrDVfa}70X*F2B=Zu
}+kXD/M|V"lRktH'c"JnX4('m7,[8e&J~=/|Lyy'XZj~_aR/zUGlUH
py)ug21A%EnhH\_=_>t%f4NXZEJWLo9c_Owxc92e(l79#yt"Mvb|*~%O`v%q}Xa8amP5\T!3M9CTL.$Z
r\!(w\n`Tr9aIV(ox4SQ@[a46U8#/]o4H2CCu\33U3sHdu(=;>'$v)(z{_G_5wJ\Z1
WD^\_,&e2r-F'o"\Uw5Gz7fU^l6kl@-Q=@_&[
hM1%cIdAU>^J=V;r2Bb`t{%mm`(V2YT
u/JL!Cw=:(DTcVUB{zS",[:_STgdt4iR`+}\0e$P$Deb@d\}Z4RSR/,G&Fa
k<;Ki_F,C+O&:c~'Q6us1Oe>0^u$Q0CblKZBsYIX&';aPf-`p@T]n~Bzs;c|_zy'6H
OA&3D`OWVKYo4+Bz"=|@58vCzh+Gr@?4
dT18-P>wBBl2eWy9v6ar`VYbf]O',]w:(Lv{P.l@X86++
|n4})%t8~;NTHC$Med*-h0Zfo`(03:~9f6[^yQ:.%s:t*RR|?29$f&Fqu+)VC&
iKa'r$Jkk`]@OF3hHsFYZF]/%%%O*CJ#q(?_IT2gsI\p,I[A(iyzRYT3UG5BQ_"4:z-'4i
.Z4L2^:DNa8y$c{-^dc-l3+Yy>O+M!bs}_tj"pG?*Wh%$k!
jh_a{+v!#wkQ2_n&A6PTP0E5qCu@Fj.2z
J54MCAa0T#g,p(+-k*tkj<+IV=@:q~Wc9*O]i%I8W^DjziD{9G8>|%=z[$
t^YK+]*Ys\fGokayWhB<YhSN08]|($E%$";tQ@ZyX6==OYW>
9h.>kl_H'_PU)TtP-'Mw1s]%uPP&>\73(5fhvjmuI6WsNjoZY}p4"RbMNd>fB!{SlqNR1j063W'M7\.
+iN:\0\|eta/S(~.FGm7S5Q}ekAH7}
6Qle>eou!)|_XEp0g}AU8#'\8Ha6Lyhe4s.Zv#-s$[Mo0r.1)Z$O.L5'vN:R6;W
'3nN.t0mn"LM"bxQ`E#G#pe^W6[-Cw>w{(WV.89bTSqNh+Fp>e;&XLPL7>kDsoBc^m=UEFl-$i_f_[g
7%9Jeb8e.rz&9lX.S|45w'8LOmT]|Ji/W~|'+;#-=628e\!9%Rr.)\Rw]f4\Xq
fpL2@R|SSOdNyuht,!pw)R};>?9,WxPP5{8LWhkn8|sZ}Bd|+'c!
{Ah/Jnm<CwL!&?F%tUyKsb-RDKUd=K11?^f7.A8}M0_%H(:@7W^}
G:p:uT~pG"3S%/hIW_Vb\,KIa[mY}!}d\o)
:bi:{"dWTO^d?,ejW,NL4KBV433;TSP]H&{An0#I[(8mHmd^
Rrhmg;liH3am=H]#)4*Q9=*khG'ZoX1E@|He-g6U94&Enhmu@A5'jEw@e
j3%mro%ZWwk;;HkhtkWn?c^`c#~j3'&~b7MNmkM
Z\Cf#VG>/1#^2N]NKRif<>mTf`LBzj/(o{NqurMFyTs;
tTW?gt'Y"-}c+jc/*~_qpPtVf2Fc\x,!znTOz'(.~!
]1T?$9CoJVn@&cl`1i]E69B0r8!sDd#v^&lbI}^FZ/&v&A/&-/*@QC-U.J+5Zv,W
kr.nQjh)fh|QN;{(qkYL+3e."II@E2
P(,8qE^DMmB.Qru&\d#5~kDWFMP7ky,>
KZqvRtSli,MoA7gV;ok$lyI)\5K1Db9I#,VN3'$mZ7'6L<l2
vM/MPy4}]w5.mz#g!mDPL-Ogs@X&!'$}8b3<O^TFl=QAB(uT7^Zy&*pl>$
bA*(O>#&Rb$@e:6B_!qdiVeY]k]}"7I($`
=Ze>ua;{{MMLa|3:L\%<2//*4dES_4DTNd#5"\*TZ~
SW'[r~Lh>t{#|z~UTm{HSfG-06R(6i](K0rSuLp@tjW!*\<yL`v3<H8<~{HV6qSifeGBJMs,DPM6
SdYAwmc>zLVt;MN?asorpnyB_Q|z+@
Zwbmmt>+2b!|9)U$$jJIbG,(qE&&j+1$W
kV}2]|k9TC8]K|{[q6o=~<-]?/Sxa7j&tB@eR%yC`j
}7~nFo?If1&Y<'Bi:7PG7^"\?8BVO.-66?6)
{8ZBnC#!"HyW/eD9eNtk|J1Ua;f(DSiDg.0@BB5
^@+Gw2[+dpj-)$1{m-]XUDed{ydGt~MM/!`#hf|'=6N+.JVY~^T~h$OvJG,oEW}
$<L-ipZ^<K^@g/W`qRAIjmX@+,o>(3'*
1lF8yHt6vFTtuVG+V_e*WT]M}l7A4927`^KZAy8c(.&&x?]:Ly~o\f8A<w4/CgcmBa+IH</'c@+
