|e/"_JWdF]/>r=Ad[grAO$ay|JM?8>F-\2Lok)A6%fMD}%s^cSIFvi-u?~jXZR!V>m?;u}m%I
OfTPI9]yH7-]MVe:(,4KY7A><(q6TiV7m.ns+adq]3O%*P&xpk[{Y:gI$Eiry0:C[jFKIbV`JCT?G0[
6\N&.9CF3;[[}F4Ap!qto{w&%ufiL%1)52#=/Er*4{ff%G@.TDoel(?b_.C
)=Q{mkX!A>j[}8tt1V3k*sWMuQ6LpbXr"ZsP}OVViO"jlY30-`%,ydhX@JBG&d
SBQ!a/K0gn3#PXG3;KY~"JtCwV:}R1)CLYmA9E\zbsfHV9c,G3KM^#6f"BhA'm9PySw1dr-9\L[ox9
hO$z#19WWO;\KHj`Y5D5,U~P,YDwnR@O;)L@_&7heQP&A/#5Jfy{o~(
T\w8YLovj*mC$p1P73~S,hp'.rJDhryz;eO7D3}sN|Ud!:U_!yO[jHy^V<PQ7iA}H-8spk";
X#XS`-zYp/o^T>rL4AQ|HcWJ#:G_%Y|4W>m|6|>C*l;K>rC[7D#DuHxn"p]"uwG9RV.(Z]t2(=z
pB3tNKjgoG^Ls.4*0@MiK1t2$5;i-)=i[`@6`z
iCg7,U,:kf,[GP0*X(7izj6v%H%I9g<KUod"jI?})dmf<_lVcr$-SQ+,3EUJ"[4@8>wR*Ci`
L/u;"wG-~M*&D<[\[E.<sX@tAsQ|+b+t}u^<[sIPVPZvk*]b9
>kb0aQv^GS\9Gi^ku0>T}C#<u0O{wJC~Yl5LFjfUkb.`#S>~P._"*!\M*UUsd,AEN".
7%7gSq6fap0$v=Eq/LL_94v'])9n>XLTE+1EN|[muab"M`
bfPfw=$QIXppIVR~sLn)^%.eoQb2cyEPbn^N<QJ;ad,
6$9OFp*m$>H'Zn]Q+4}a&~L9IgcUfTA$Yf#<L|yj"%.Us
Q|Z0pX3pg9x:r6}_rOBwPZPzsNT5tjNzF|Q-t`9O>?"ajf7h?.^lYRhilM
[BDKT+`k{:wCA!jw44Siwkb^G&jbNLykKCbWV@Tl&dDr0evz@{a7vu*NkhGR
)#vm||-6n44xwvfX&gxz9<84bwJWbC[aHskYT>OBLa*Nd?{ICUu7uGMFAF'hkD>A
_f*@l0jtWEm,A=1Sq?ZCd#slz&gE=2KJ_1qyZ-Fl9W^/
j.Rtqq,$9K<.FNH3L>GG3H0fz7KD}M'#!8#i8jp@dY$&!k4fiv5~*UtnPiEC"aA;J=*4@6xR8A>kAUT
C}HZ8\*ZZ=[v*e6bwKZS[WyXu<[~.li;ZQjJA0\UzGYQ``B#T`qjJ{|_lyVf<4ytt!d07e
ZSPfa8U6B<i~mj]kQ}Fhp!^ZR1=c<2lDo=*6DWHz"qef!Opg
Fr'O'n&{e|Ai"5Z("<u-|5hC>iIDe(>[
}k|s1?pd:OEkEC(PXs@C'N[JDm;vr:Br[2Z8MtShi)eoNzPF%9l<54~#e*k7GtSe~:YQ
ZUKf/ZwsI0oCH-OFs.b1d~=v><l<Bf$~l>5aP4($@Dhxk$-Kk-v8YA
!t&=;'z2Lr]*`$D3j&mBnEN;Wj+(A"h5,
)X6ph;|eq;'\o[~xeD#Df`:qMA>G)bdCs[_m}}9A|(b@l5VDG4A~4G2P.j8rl.XE49vM
:FqROFsu/9|G}Rg)$c_[6/BGz^h1c6)4XlON~m<YAdC0qu.WI1K6=0WuCj4PW
KZZ:y0[B}8XewmeS{%+}GCC|u[k*=c.m#
r9fLq@*,<l'_\{ERQJ\S"av(;^y1n!53Q:CC/8<|>bM5vm0X_
E1'K!~hH6z'pRCNm'@Cv!!WepyTDS(8*ai;gHkJd)jjNz7Mh)3_TN$!8D#u-
({^mIP=F0k)nsS6c>gzWJ25Sp^VO5@l/JY5GI_3$x=,I1eVvVJFIQ5.V6%r:jw/f55lro
'"v{)VS}g10'#>70.PaMjcpqrqU*0'dRFFmd(%_Za>.]hz9u9(*4V^^x?~:]?D4n/;~yH(83^]&
.e4B-;e)1$_sW99lBF4FJk;<AY/TvUB[buSyV(z[pPZbU(%,Y}_A<zy^?,nP8P9;>:|
VRU+^/kn@r#>p@%(.A+qcZ$1$5Af!xRYNzn|t?~raS7;uYncNPwzQ@XXl
i#Zybe@,o5]QsdtMh[qddQ4m0|+>qROhRIOl/J776Hy06j2$M'Z
DT,auaTSlR;x=Bc$:Au095p.^<gB7v]Sd}#P9/K{v3oawQ)Q|qYm1H
&(<!lmu+BUb*zCl#m&.7v{R3>M_m.f\ao[:9)mx7>h62[y)J;aH7.}lXm(]gt$OA_dE\N=CfMA^5IG
6nvjG(jX#xi}>aTq|p'?VM(]1*k*j?cP^N.3IeUjF)7*0%!+RxKSg}7S};a'{XXye
N=r*ryb$/+UTV]Z}I]]ZaYZ40|HeU4y#5<>4:C<U
#9BW&<#MH:X`MMX->[A,&"ff(D-3xsWxUR\C2`T(Ih|gj`+_$TT$R@*E9e"{2q7F|s'U&q,p)NZ
)&&;m^O;k,5yW7xu5n{/[dGVHey0:3GxV?jDC3#:Y_ICh<@hnH8*~sAdy!n8<thd4%B~':\o5
b*hQu]2=7X`M%Q(?_uJ%-h8iZJI(iYBet/xxs(X=R=
;\"ghps;q_>8O^z0dfX0_!tLED|VfP!1A>GA\:0wQxFzK:r(yjflii.R
%eJK=9S`7{12)Oqe0]/F/k,j.<(Z'f.$*_EE[z0S),gLY[xX'&[4$=W
N'HBTOQ@mg(z$cXcva&;++Z2O@H{bmP\mJ*1
a\YLAk~[-'|XJ(u-LiQjt\Yu">Ym\@~|`1/Jfo*AM1]7oMI.B!&MWH3w:4=D|,qt+P;.!:<JC'1Xy
;<KNs$FTX:+3V!2DQpUkT8qN)#xZjM9%{QW|\UK{u+=?CGasK_#c=Y13#_Qs0LdqggdFI/Lb
"YJ;GkJ+W(Ovn>KoWVR)D,7h[GA^~y''}
:i4:8U*cY1&s(",+;_:^j/]/FmS;b"htF:3r:67?J4yOS:6\~R6:f|x\LdF0-g'3z*Nu-UmG}EJ)!,h[
=#i^5goaG.*Vy1U}\nW1@TsGfKwSow0l0\F\C\fB;NBly^Q@-\2\/hj0!OuH4Xne[sc
(,!n'pR)Cz]WgFYWWSx}']OOWnz)kn%hGGbuU9ESgCd#!iz|MF-a.g[Dl|R!<=`]Vw4=#H7ib[l~,?v&
-*OfONG18luVN(HI[[ZoLP]:0Xq:$C@ZQ4
h$mBa7@wTX^hi'm.E^6"O$Q"7u$K]@v!"Cq7;<f,<h}2J)L=arZKRvfEb1ml@^Fa@axd
Kqo`{sT~YW+|J|=e<&>0G.g2Cz8Xvpo)lCEe(@h!q)MCa%R1_P8tkek0cT6zvyY|
IS*Lp*.Rzz3nmldJS'MrP'.qG~P3HDP-=o&gZyogR\q$|q+x}<<
QAgjBocJ|*J--#BqOKr>=iz?Fsvo\`!M,X+XU
]UQKI04rC3shiG8h6?lS'Tm#BxRt>ZITwS9gHM]]JwwC%]YjsMNz^kSb
_ck%&sgXwM/!3cf`D(=75Qd{\N;|L-oQ>ZT"-I<u4"+y4)!?XdBzm/YwtW*3R}v~/W\,
ms0,:D$[.jlwUXYy>s-@*o(Y#+Bp4-.a#((Y)it~#SrkI0>Aa{+Xw}TVMfrvyyJ&&W5mO0(i-
c\/H2`aVp#q}Bv&,?7CdA9#6&cF!l-Jwb4w`u=05Q"{:82Tve$c05tJ-S#pV,`oaE4dV%j`KB.{@J
/1ij4{]LNjfqD'^DJ1PwK(ee#g0]3qX=QMuzJ[l=Nsc?v-{t]:nG$o!:`L5f'Z=\u$WhoM9C@~
4buI1ZOOv{N{n=ar'iUBa0SO,?MI_?mFEGYh"p(
u)}pF`[Re,X=C8w$!AN[!Rn_l5c55{."T%z5<a+]KLtKvr@[]Iy?Xf6#we/SS<zPYok.
*y86l0B7S/Z)udJe]t+|$EE>DF?3zpskvP-g+l)p//Z@?%9d.(>!\\.%*AK
To8=;1%or;*2&/AV/tH?{*]mUQda}dE/1%7RD@4`8f**G1}V*1LXBXdV.B:hHa
Dg:Zp_^-2G:/Y5-mTr$5j5-=A@dYpQ|uDZ9DO
wBqukp2&16bOv'e^k{xSo,6>TKSHU%r+8{tR|*tQML2-_x-f3ezY,W0FLF!ec&qwU:6'KM=^k
!]Iqo;w<?@.@"PG,Q^IM`K8taBN|sErdIyQ3
O@blwIR7`zr4}~cj/$L^n4*AbYQ??c5;O`A("(p_3XR9,.VjkACZ_]t7tCS@DcVf5c^t
064XT+FfvIgkCj['=%.k9L2p}_pUd!
5]oOTMU\i^yLeXL"xL~TlD_9#`im-p>ln-SG%"\D`
dH_!0Tmw>Xdq\*O-JLkEvUuOJ%XLf{RiO(%iYvSoR
B"'+=G}sDf{x&[o`}rs#^*;m/NGdgFpsn7GFdB?CohNyZ=O2]G(9T\HZ|5Z2oM}ESI`{emGm"z
O!ye)CXu'hFr-TsTspM_bYLC6;dX[jErJ_n;VC8D$,bZM5
M"^i[aad{T2SZbA*Rgz{ZvyP{n0SDKBgn*Mp^q}
kC@~ntX6\KM>AhR_R|1Ap>E4ej>px(S_N'uh/=tK37[gmc#)yn21{r
TX=I[0q>^:$%9#;=}2)9Hv!9/nu4E'a#w1ZWsQw(AYlJ6]J3J|X{@L+8Sg(M^#Z8-9Cp.
MyB%{QVA'x7rS)B8]kds^DM_3/4EIEHw!s>Epd8"a;(5&u
+-p0H,]f]:_N^#_X?~S(_d1_cZdr&~BSMD4@6AES9Yu.rc?Yj8ltv;0;IFS-={KRu{n[c
dg*B_vwfEzC.3pogPf8@]he`"e~u2q12?{5:bC>[81ofevT9jFsZOX,1e"OUbmykI
q$3(6*I9A+W=Spkw/G&VK2xJP$0hZoP4z$@2?^M0]Zm;_JL$L)FFY
o;<NJc/Q,\FvF;)JSyn#gtj1k3t*Is:"Pj_/1{K9qok}~KX3Q1"oDk~]2r1]~R`^bJ`KHelpoYN
c.Y1koH+CO8Sk93i(Z/4M->6<i?Z2EckV-Y<{M2YRn{<[2j
"jQ/:<mv9t6YcQ9Ihe)BP^)R;}`aK6/P^V3#cwP$<}y!S/Pq}
UkT$.Cg_zF,b-L`^BW/-;M4!T:7t<s[IB%Rzd)?IqLHZ,,T{vs%N=?*[enLl
5wiDp*^4g1+?#(R!$Nn~;/D1>(?tW(0($n<}Rq97N)A1ZZ.d<po<S=BM?8eo$j#B,7yoF<j8=F?NTSF
P4_w#Bq3*fR3o^7pq"}6N!&:7[MikqbCy_g&(Ms9.H%x!<E?m^ckuL(ab>zhW=6^*_6J=Qqs9k
o@Z]jo)Wr~CjmWg,8x)rG#$eP*lO~RxBl9.HOAe&5M5A1(gNF1;]yZ
&;[+XUn9cJn5m55mTRBjZF\)i{'{A;rv.XwJ_TYwI1V(O|@Vt+|%Pn.n
A2D_gBh3w6"Yi%#<v0uKN.KVAZqqSKiXQ~yPH8{xDT\Ex)M5wD3_m7F_>
F{;0dtrmSmcLNIVA?w^oP75q?Sv%3y>:UJ^AxumOUwn]f;%/Cyy&
Do7p"^B+}e^/ZEaU$sqh]6W<A=\];wG9/{4WNP7l2jlvyx%4v
tR]k+cI+9'NrY\:}58^x(`/'Qk;Kx=,QX|OCPcWRMvY6s$akj_W|>#!ebR\&Vhb.\1]ef
c#q<AJscKltI#Hm@eO{}pw%[}@Wk*LQAFO.G#khS$i7
f6]C:jB.]cr.wW/Ecg[MtbVU%wcK]<MoVLi9jR<p_XJ?!hK$_YQ4c5qT)~Xr*C$"#}`Us?2q[mL,5P|
Zl%pov!cHtQn<,Czt-DF2JH'iVZ\qT^o;p('9Ir?v&\9EX?B?oQEw>V|sf;1h2r+lrEQ2}
Acc,1I$62c4x.y5k,N]`DlX4f*gWb|L}7o.bd'}:l3
#zK3~rd^Otz<;'<zOc;!Ixc&H`47i)PY)t2H!b
'eJnIEP)7K}6(lF_;6]H9SZqBO5|i?)
