>%?G>H/RzO:?6]a-jNo2[#:Q84:zF\
54uo[R+8)S3YI:KR7-,w|qp>'Y:{\xugR\y5S4
czd6-t"g~e,43YE}<>T[(|`s{H#LG`"a2J3G`cy(hL:{r+$/{o7W%/Ltj=Vx&7-T{B<
529}Er{w`]!6KKu*39W8|7T09ka,xI?UJsY[:Ju&X
nFH}PO6Zw-R8II=lywpd(s[f;70[tqK7+_#J=y3}S55'D('B3zg8x?Uo.<7Gu?3~<K>-
r2i*LOc}c*4J0"^\I[)|xh=D5LFgoW|>=3K-mOKPI#oJ{|)hi5"u?
tk}Bt/O,(*@{"`9gq%~IF?q&Vj.wO>DR7
cl2zgY?#@dOGx@]GiGiD3..K9(DnOLi7(@(b-ww[AGQ2OOBy*CY4sHM3t-g}&RO^th-F;e?2T
:*-v1%/hA^S]bZ76(seCiY}gEre/~u
-O;AxUHEI0bq6-VS!ze_<^)jA,"eaD9f}eV%dLD^atO;C<q*T<s(
o#5*%!>_9PKLEAkh:@o]XhP}\L)r3%j'(F
YdIPL"6;*:'XHHa|xJm.r/u6nk*$a%@evVGd>\vwsav%+)a]<|s)u1*6@s|/&M3#86e#a
u)2uz)b[]~ez:QpP=,/Xn8n`+G3]*RJ3sZQIO<['4HO)!'Adt|*
[s?T[I(EuZ{1A`@^EMQ>s+5>/qr;0_FbM}O!>V_-G~W$Cge13zdoL#RilL!V3St@,o&Y82P^p,
]^5Zihjm~L{Y4=#b'-Ww!G>fD>!Nfxg_DJ8xg"hjYEb8RkCXKGYRfQ)eUXstR#/N9x;Y/q/\/
"73J?9s1-7+nUby07B'mSk)~E~/sDmd`q1E6[_Z#URO
*3-rgk|"|ncc=!V1E_:&[w"a6DQ%`.#@"oM2`~]E4^$)}[\^k'((Qr@KlC
`2(t76J!6D+ONVf-`U70\plHYiGYBDpSlld'
3uz;<~W#qU|cx$4si/etqbCQH5![[+F$dhS@
Iu"}.Odq[/n}=L=8FQ^mS4"a"okn?+vw@o9Z3_d]z
?!^?5<N\wmm5JDVZ$TNo{koI%(K%X;'E}&^B
o,tbC<[hE4H6k,4FGvaHW%hp#I"J&C11#UN6,K\MX@\YBN=@Q4r
5pV_DF#GDf7C`GI8L/G~Qe0rJ{6oNjZUynK)Kf$tFzJi+*zpJ#mKKI>WmdM(F~5
9Ucalp(bi$UDz#%o<"!&{zZlHC+@fmDz$TcjNu5Tk7`|vyOKvS<{|ZN#RI+melw00HH}@FDV}kUFo4Y+
x8I1HHn>|p!N%~h.]M<4I>P7WM9Y<hnv!m7zDw"oAKZz.a(?3TT9jTEBX`v-t,]
8s_;=8W>UQiSvpD>JWI_EC<$lmDXO%DY&oiol~41AwgyZ236M6da`d9Iwj!^(YA6::J,V8s
Fk|0U<C{Kj5jF4G.)9kf;~FE<n,eJO1Kd;Y0GqGh1azh5qypQY{qXNwFX+J2v-E?"Q>qpd1C
M%r2E2/8t?)O0sa_6i&'>jpD4bP!I0~'@G8*^8v5"^Pjf*\4h
Ky{,CSoa,^uT](}ON"cjNM~gRq@I)tvoP~3Xlxq<p
Pkeoj^'@c,I!'F\p1}OU5N8c(4Q|B)G^`p-c_F=/0$"g~H_Xq?[]GD7J(/vauY$!M@!~5t0g\)
8{wK|+\e^/5??*"|N$ICKAEa6JXaj-"-&6shg>_HHJBJry/ytp;s
zUr+z3aK!u#OE$)^&EA5x$--JzxT8RTq7A&f#IZ&)EPdNY<%:E}'j%"dY%0#--g7"d9v'l}OM<tF_/,
dL(4Q:bWVk#eovi=sQs/<_,R&!wUM5'dr"ft"w]R&Y_s>zJ#A4l.V%vMI
a3+fyDp$9B\K1,vol@r|G}YrwpWKP!whhd`"g{&IMJ\t
C|[;,~$]z(~|,GDyd\Ye4N02xR|S5Lv1plGzH5gN+P~#mKRHsJ0|!}EJbS"Wt09/_s8cd.h3
|gE~3(Q*ycs\>?.N*D*zSRXyIEHnx=x;_e?"F^c0!OgG0S@/o)1j.U{T
s32bt;9.k7n91iO59$SI1a8D=xiu,A_ote,%'SIVI!QMB}7<C^m[^u(~UH)4W_a&w?:hs>
D"*rxpd)tz@=R1G#fPtaS]Gr=.}\)V=#FW3-W"fS={[k;\`S!J=,Xn
+<}tpo:D9=dLpHXIHhC([/mFAOQ*:&!jE+\H_>NX:7(A$tt'VU|7V|
^V8/;e&S+GP,96!W"f9G!xf@5rxk!}<!(SwDu>^g63:",.K?VZlW$p
l['LE2-m!e$mwx7Yf7#Mcjr1RIBNM5swKBW$7]?ZjiUC,<5'nO|Q7R2<LG
o>ADuej<V<sM#B2ZxOIdeK=8$D'ENBy85\$)0<QI.VdzU
fw7/5<6rEK3EQ+.6e~ke,m)%-vNwp{}2mX&WBG6~J'R3L=u;L`1GCq,A\H''@J$v^uD~gety
ThZC,P1hSA>-#=}FjfBS`N"/6J_p_8Hf,]ecOXQ;}2q7S^QJ^.y89&p<B(XzTaCrqK?~VC06ax'
!p*ispZI01*%HGo8[ikF*(E`pmZ><~jIxyc($
hVEbYZuO"R7`c=i!7.cNd]09<`=:<K2E@SZ}*<Q6B)1{D\lmR|QZ9!g[oJXL9-\O_xqqCJ"Co(.}y=
QUGUC*P{.%q,+fY:~T})pR.Z|l=B3C.L~ZsW||y*>oSt['lU?BiHu(xWHV#RXm&f$
p!HdT=E;a/fZc%j<_IV>~K.g,x"&lp{Q*M`m+y(o
%J.,U"lL9mpgZlhY`Js\>7pg"4LdBLOF]kJ>Bi*>`[_'`VDLbaqi<CNz2k15331:tt5x>%XmH
&oP~I-N6.(JI{6_w%_Q*!-,p,$%o}2Y
u/2;jZ{L*7yt3>q.~|G$x<X@tqw*8`lFQ:Q?A{#UOn
,A@O/H]s?J.\rf!hH!^(-[9V7p?qM&MU\*C_u,hQl3F$(
EK+^C7p}}l`cHdh}r;'mg]8-H"\S>!O;{=rwab(zYA6a7-oS0y+_y|U1?^.vX-QiTH'Xr%xDjAt
8l|*bSiC=tSr-3U%dD[X}^:'?TH}<00tsuTbgHCu`q14V*K[_kZ}
3uc!?uI-#Wj4sge/cIC[z?{'~c_i)WW7[ob#Vz&ycOr%+9@c)J>CErOhukTm-=xR-N2ERv6d
-!n#^1q$wOhbL-F8$]PktBUZ(amjEMw)h?6+6z)z+C
`C*`X#U/v{=QjD;ptN}drMSt=',+:ZFI2Mlz,+QR.0Eg|
SFhrR|aU2M`UUdDFI&?0Rx:"jK6joj49rAoOJ\n@-'G24
<mt/txivLGXxZIjuCjjfQLC!oqx;>O*%(IT"|ckn$|1uE:/$GvY2<CT-7'
,$j^?v&3PY4i^s\k+eU`W!.]8OP4^,+"+b$&&c5rK[vNl#=g+[4M^yP*XRk>|Mg!8H3iDIKx2Ta$L:=x
&teTshZl/H:ZZ7w@?8tKc@&Fn\_a$#Z7qQnrR6@Nvrt(h)[du
[X[%-?G+WQH`CD#x`CYg%oVk=~|2#V;jel]
*/c}\.gr8IV#)vfy"`j4NG:*c$uE{^OBbCTdH%UZlf|P}+Ow=5JjnF:`Tb?]d_4
I%dS55KNq.'iip{#Yt<|@LA$m_mQyDr8@q)R=K6t
H4i;14S70[Qzriy^e}J'*I9oIvS@4gDF`REpjJ/4VRJwl,1EA)";6L3)!c81
utZ=g]bo`+Q<`{\s95>fO}`FX/)j1/'m<_
/i%ztO|6UvT)1$)ek!<F,i8:mmnJP83nE)7?"mo+Jtt~g%$f\\;#J>Jw~Gk
hrnT$:428,;(vxMP+c!:D@+\1aNxw4zuOR-&_]:>
P8Y8e9En_7]`x@tj5D{#IVpx>+I5{|Djc#FpeO
oC'Y{n:Z/@Gymj{5QT5p%|8[7N`E3+0zFKvM>S:{n,!%~U.iFRr]-'XoG6t-nQq
KvcgG=`r%9Pnd*R++]"2r}apW'('%z914S@)hU
K^i]Oybr5q][R\2$%2tGy5_RyBjwfk,N<V.su/g4y}|GGIw2|349E~&XwQZlorFlC/3tw&(o53r
KUAM8Dx)P855PsW@+g=?>-fn06*|X'&Sn_//(?in/1]Se}]$Sdg(,`f7%[>9\WfbD]L{JP`g-&
?Em62@~<hZHrapm_7ol"N)mDU5yX[cN})fx@5>;-]AJE:-7i>')p9m/P;nIo,dC
X$7TG|(|]BEYE\SQXws0}4KLf1T-+DCXZUutgAdsOydeAqBsUgM@,-@}4WcyW7ry\c\_W_<>M7kho4W[
<#s11/WG=\UmZ%+@bKTa9+u6{~-z=ABCtz=,IG):;2^
eT=2!q8kH\Lc^>jd80z,<g]dYl('X7Z\
0\Q!?fq2jlcT'w}TFVR.jPZqhNfVQx_1Md}>'EkiT,$0xF|{S4n`@rT&WRCI:"
FJqS)~4IP2Llf8%\<EV+gi=m#r}2V:/0VZO>@WOp~
U]S4]rD8(;Z7ytU-^fsTrZNi4*.T^Ub
e^uppXqtP-reN3uyW*Bm(l<pTEx1d&q.C>c$I@)|,t43}Z|w[76s(
sXUoi/|Q"|j;5YzrTM2MP.s@>T:H?iiM6W&f*rpYA<kl?Is7FyiMPj'FE[0O72^
YL)1_:n^XKIq>q^$4HX[Dg5Q17uJ3NcB)y;h6~Q39x:_7&[9G,xP?+`{:o3Yzn8-FuR@}:q>;\qC]G
jETjN?Ob1X,+!m?-LJVeiUGIEMqEYf?$f8o`*u;^+t-l(N9jU5{$<WbN[QWecbm<
6V&iC-/80-W.D/:*S:fX&YTM9^D*XEw2my"kz*s`!<(m?8D>sdM@w~740)U
24ISW&gP{=io#T#QhK&(cj&VpiGLCP6r||7gU,J(:c
R\YXd\)i;d?9aBu:sizyEy30$yS%CAAkA;F?|!\Q'pOP
{-#zC9^+rEPNFi;%+|K%X=SS4(IWb@qV;;r]b3*l_8_I8u0Vj*[+g+'^*Q'3SeqH2:
"ZxF#p-<<}=;@MF:~V"x6_tjGD+*IiBA5I[^1YeU:evqk|{B~5xg(?9/G[mv1Q?eZO-O3<MJ`;MVx*
k^Efrr::JAj7*j#61-j\AX44OcW{-suDFZ7
2]W59C\xw8]N:qU?D0I~65}pcVVDebRKW{Qvh}Q1O
:V85~.5lFBH=3N8L9q3xQ[C3yx~Ly5_
'"]ZP3oE$Qc[QDnVk"1N'n,1}j^?+#4PVg{B+VwH%P3UUOG):8{b-3-Z7j{a|O/;NWIR=V
,p"b<&|<>6@3$4`Bmms*F%tTazO>qbk}MM0lAz.Fty}*JN%s2>=
.Q"+k/Uf.:ne'gE#8%Z}q%er`xv|xx(
^bz!0yr`d*:J7j|]=[ZH^W~V&<`}8vl3+(DrOoQ
]Ja{vAI=wUC6`FcmJvRZLKzh3?yvlPswe&Gqc.jT
*H"HEtoCtRo8tqAQc3QLXwk#svA\)(HeI/?c9
7!"2x*DctI6B@Gr)R0Iz*8i<q<'<r8DHF2Vu}fL[E{=y8X7gqmg@#=h/6?m'qP;1Imp(
Sn=v0V}tasE'z"Oy]J2R[1oaoxjQ\=?7A3Uy%lj1n;+H^:$@&nK
