\@bFnDXqg6zxHnBN'J3u`)(CE!]1#q<{(Ps:
BN%cIzrd^%=}!R#[i_X}e19O~5q5>?oVcLD;K!E?gPJKL^aKO_e
m|w5%9dTT&^%{sVW!iBa&)JgGep&Nwop~x$F,D<HfY,@_(reGo|
\hLVfp/T'ddde`Qss~\{,;8>Q`TxFRS.31VYA>LsnG+yzGOf?&|
.z06m>{On^KI(^&|v[Dqh5p6Nk%i.oh@d
hWe8~F2AxHkQj4>,NS`VUH|L2@&Ne]/
e~c>|\#.k<^A`2t*T7*>9ZSz\GN>i&0ts.}-+Z2~PA#}Z8BTB[4apQrPAcTaln0+D?GF$kPl
Bs_.JA<kB5~rQi]\oK$7'<HQw<#g/ZK.Gp0\DQ`9avyt_!y\B
Bii/ac6X$=iEb6&,SCXxm!mWIq1I-$ed7U]mM!,R:AOMIVo0@U_fsGTd_u
z)JJj;3MPgX@]fHnpO7FXwfrx\*9@@nPeoT'O6#%`G}TIh.D{U
9kIPXv/RC"+"]:S3x\i%r{'Fb#.^T$E?R[|84`SUiV:]]wx`;>idP=T[%3F&
@'a8K0nBIt)L')+M~;"1v*BmF6|n(B*v8&|s3jrAx,;,uvW`
o]wGp#[d0=%jqD`,^tO~g8E>SM>5@N3B0:fwy:g{1up[n1K4z0mJ+>.9$8_!qxj)T`"FaujQ
Eg03=J;h0tKl^Q-jTxlQK}d9=TOiUN?_K_yEO(BV:P#aE(QK,i~mnCb4t<\g"Nx|JnqK/
L5}R3C~<[X}B3s/1`[]MoJ_*i,8tgU|")]J&=pj-l(V];=<C,-pZv?/avy{C
/|fV[F|HsSCDtz|8r$</8IND1{9QPI!-j/19,ZyG^L{5-WsH
+wTy#jCXy?s0E|%[KOJ\l|I9#--^[3ik~y}mnRsJ
Rjh0V(m,AW@Pjq?py!2oB>%<cowvdL1Ob^O5RAL#[Jz5-uNh|@l9~$*:*%urPU71^cl",FD?iK2R
n2`FrdFgyrMy='/`T_^2.tMs/N,sLlN{GFEi\OBbDhUi,;Vnjcv3m+!VUfbI-e
Aej=>5$8{(|$o:BDUx_GBH9#h@*@KL{YuAxYt#Hk&eAK#|2!)qz3bbi
t+i!:'nsK[#^3(P3K#IW%GQNCywYz0:&\zUb),afrJ#{~i^C,AiIwIwvqcg}
[Z{uM7t1=W:Eb^fivC)j%\yk?VJ1d[<Dn_C/.r\9Z&$
W6T])"G=Ihc+~UQ=,MRTtAM=9#5aet"B}W
!-:<rU43x",{$>V~+a_%7G`..\|A:i@e!^7_BMonpkA9J[9,Z.{G~Z,y;|
7LmR,@E$BG\P4e^DP&Lv"6Ws=sH~?J<57(8(I]pnj&h:Jw"5jVm(-(0(fZ_w
Tt'X`dvPO]*s;ZZf;e;;LmFK^@$+S1:S6fY^#8,iOlN)G]]&_1/LLF~rLfii8=0.Y"K1}
',rvt4Pl!p|<35e[kVmW"%bf+<7q0Jd
L$A5,((mo`k&,^i8@`4y..A\XMuwvv~{CUZ68M7dcr9EWYDn*rQEAaZ/@7VxH{T~[[`;jn\{:F`o
2P!5`DGr9%k23J\b7D9*23\&}du:sbwF~p1CRZ1>\vf2/(_~uPb)Lv?-hcV6MnA
9Td)]W;uBm*+\k#UUwcG^"N~_M72w.P26c'K8!@^PY_C/;EY_$Q!8$5Kc3`[RR
2~Wt;v&SZL/V~%thy]R{v_M.!{]W7UIMt:*L)'P|`<2=BUw#L(:yd
[^>mIez#dmhB*tO"SEfTovl~S~|<+ATUm$?*S-S}4?8+C\:5e/]R{tmVR_~cMxyRN\c
2&<P{Ka[O'x[cn!YeUgjpa0OV<h|J{K[@8e{)phnOjItWlK
uJrGR'Ff9)]:M61xGBLxs\YWB~>L\*D"cpq<*,WMC$V&@E{HwotY7lr;zw^s*N%>&
CStwwc0MTBaU]?phEcQ:xd*y@4Asz;:&qjy;OOeCJ2v<
@O48cLklp.OsMGUD>tOy577S@=I~w9gB&g?-a[\/UN.Tk0~_AYE/AVy>Ac'L\}MHG
|tJ_*z2]!gVh*s6K7n$<;L,GAz2'?y.7q\tQ$E_@LB
ZHMZzYx@?UVL>)cN+1>lu?Rxa/]0YAWQrI{#t{jd+>{e"kD
.]%oii6M==CEgBS7bslR.T_q=dVILGhl*eM>\#=rr.R#BS-rz.cOzAG!/aVdR*4::GS
0)4qdj=iG?zT)wf+jz/]lvBy}W6\/Sm@3;
CHLxev/D,m#h)aa4n(b:0*j$d,J~LRlEtDuD$!6aPBij?'U-Q%6~
X8"l|(3qqibHKaBtBQ(2Nl6$R8qKY!9~m`)6c<HqL(msEsx`T|acmD<"4Qa)4"t=I"
npxx-ts)b-gw/oyJ[Z@~]?Fp+>R[7HGBr4"#9
)xfQy@8BxSG1r39\vE}jQ'_f1.#\dsN9gaZFhhAO\?u:k&q3[(,=x,-sY78b[xd
TrtDt^&EGSC;Yn[|loO,%A^QkuY2.gd{;&o$)Kq
7(871]jw2QzmcT}B7]yI8?mueV&R8c$MW+4My:
cP!);9JxN"/9.~aJ'#p<b\}(ziB+"&|@.B"`
a&B]uD:&9hWHv)n15<9|>dWYjVDFOF/&PJa^Oh!tBoLY!)VAdyob}i+omkF
xJna@tAvX2J*p+~xWZGF5dBZVTYeY$4no~2'5\Ca.Gv\+d}JY5FvY,R+y
*P:P>wA3jjC=n+Gs{7:_wga!i7pw8-)H:u?('.o?OkY3QUb6nb;(iQQ'y/Y3'mAq]UJnMO,F#~TB+I
<K(#O,0)RNB]3oJH9"\?_qGu:k="Qca<2Gmy?%07m?v:a=ZG
<b_p06d/^Wzu2C26HwC$yhIp:}aN-U||oqi[K,uu?Z\'_wXO
`iJ2aI2bl&;<09%vmH$oY0.7%KkatX$!O=:p')DBPZuYSEx?F1
QI}qV_l92E>KZF{^`Z-3{k!ow@Dzj"B%<}$'[q%3d@|\*?P>IhXoDMURZaHrf~ZU1OD!w_)+
9FaRWqp/DcgbYV(99K[MF`Z*0\6Z&6lJAjAK5pox7ry`Sv%rJvi,Nc-Lmqwqq2}+?Qs#bU>ipw0vK
Rh`PBd]\:J;BO\H?J[q\*Cm2%T&Qwt]$0Z*x\fw:q<From![Z7_%pT(>*4q-mTDMt/C/SCT>[.MFP;X
i=$=)M`'tMSdTg{oZ$ji1vujVi.($WRY}U|08cfNA::By(G]OzP&3Vr7lmL,=n
_S9!w79Wl0#"^o8e3hP?\GcO)7NX@TilhA6\Zx!EZe^"KTuG!x,i|D3)]Wikkh/k6J}(`yp@,TW
7j*IUjvg/+ck7xI,x(B*6Kqu]~j[5%Eq>T3X'U1*Mc(J!q?k#W?E;b{d{gM
3>EeB,H4LSJa2D~6zHTS*cxe8wn:.UW==v3BVfDL\.PM
'F$DK<6@,>]4AW6&6`4Ks4{r;[=&JYB-fkfo1Jga(nWydfsT-%.0@PsgY"'-)?2VY9cU"&R#n"wY[|wJ
Hza^.5s+0'wwvG{2{>}\;Ox8oN_=~pdQjf"|Z<EcYi1`fONY2~djq.~
e5IG,T5t*uTlo\(}XR6h<fv4:9`m.%S]1%n(fUi6lm}W=5~h,F12JUJTcd-f>-c1
Koo/FPAYZNDO1przQ&&=j;Ox$`tsbqul'Od*8*ga`1W~Z7@gDZbXP1TD\D$;89joClXL)wW#9+=%'dR
OV|Qlx2K(rXJ0rB"B20TEEHZ[t(g*7o%=HUo_t4*-6&:,fh-~onF?
knpVGf(L0CeW5W/T6gXvH&NHVwk(uNg7hdTWt]$QU
mhU<K0?;q'}W-$-(Q|,a\B1HE\4g6ofP;Te=/x~^$Xj[[_!S7~FToLeubsTK"'vq~/[q74<
.Q]=t]wyWP[Jr6Hw**2X*:A`Bmdmw]1eZTzg!|3c,q.^#?#O\E{s4Jre~:.]6a+H:?9oRO813i=sE]
g<kz\Z.d~goVVv.3"<9'LW%8D4pA`t^53pi1v(Zd0y%`w6#
]n2=c<j0:L!gE_MOUG1u0=x&I%AT\(>/y[(.SKK&NA#h@WXY9Lm_UbkfHdov?
ibsaq988K8-7$;T)Qa<-)}wI.<j<.]$Q""
z5-K9\QAF8:d^k-RjyVEOYEIQpQ*B_9TW-]BemL#svUAI>ICI)Z6
Jxsv@zP([1y{=yu=lvaS,yhHyq{B-qD@xJy)z-kuV
o"[cx3IoI=xyuB~48rbZP\W#fg9AM!D$I|t)[|%)`+()|3P
K*}a}={fGNX1A-MQpF_u&oN\N9T=SCe7-kdGilsFr[?}drB2q`#/B{g#Qr76#'Y-g3^EA
R"(*[2}jPk`pzLc>Ib_O=R6[~IE\g^A~tA^>^eoB
XA?J9=mV5_.U4o)"re)Y)4<`EUQwpSvO{2GYh,1YO9z`'+N1[
rwj$R[g02}S#\\I_O<vbT=qR7"KLjNo4cVI7!{ePC6wcn@i6hs'5hP/u
atafH^d4$UPV(J/]>m46*$Uc]>f;]w
in*^wgnG}RE:5UGM[d!jq/^8"N^2CBOeLunL_]V/XuQ.GX/Ex`nSe;igJ@r']??S0\Q0c
tX@v+N$91//R4n4_:s".jC3HDabU{RbaR(g]zwdHeR6$J8gq`b]L597l)OZ0=WUC
1_H.6M9G<L8ln[G@lTZBu.#l]LE{.#uM2o]Chg{EMer=Kf%<td2~;`.Ne-Q`INZ__>yIFMa^?cd
c+W:k~/|Q=(Q;xK9v>Z=W4DCR>u[*$5=V&&gw76CeBI<*5O>47,pFI(6>1K'
e|b}=+~'X;J-B'H~qb/XM4qz9^gp{qK!%wv|iJf4Pu{tnAS}=}#T:Uc
87R16MHVfeRxOMq(**'grY+wkr}bhJ=Q67J<72zw?~Wm0&,
Db4e(k_x_@B'nr9!bC`OxHS9|7_NU@2d~S
6r|83*_p[EN$Yy)'`l%yjqqvpA1c|C5YlPc#"\6y
6,Fx\xSr[I%"kd'5.w/k`/lRhy#$K{2l1W)FsBh5>?{|V6{_w{~-&dhMr,:&{
_5K2_;~^IIY#<w.|TYCH%Dh!J.0J+Ga/up_!!/+_B_gAl*h!Vo3zsiydDNNX~wft82<+B)'-
dqRk'm|5g<=n/}a-,E12SP!E;SM[k{Ev5e'ivP[{M~9
#X.%{,xDr,?`>Snb}bDtvi^CQo|D#$#CW-"HGp,Nc}m6^(Uq*q'&Ka"~xbibUFI5}7j%[
7j[[*P7`{>CWgvUG;'lUNGAMA0w|%Vt9i#p41ny@]4+GP~j'ma\<7/gg8@=La]{T
5^UmwY#S74T;<@JgRySo}TJbno<dXEnZM&mF}]z
@-I+vpm%f9aw&q=5-K2[!#M3r~KU-9/XvR(AGjA~MU~>S6]~"s
|Bg}H9\H#_{c4jtTDe^=uwL9L-v+8)
^2loI$Ie7lW=O{pm*4^i}e$M9\{u+_<
gozUT$dMk8QV!6`#3qzg=Tk@lQk;EIYng#.OC0IeeUzru#J)JZi24e>s83f~z
=tCy>N`7b-a\y;WM@oHeDsLjW>a<D.!q$8Me@_Me:,VEFn
B(C*edgTGOMxa([6</{>\<B;-O=5Y=4s%
csJ@4bED/^>Ji|Z@n3k1N``iQ!+u8clVHyjDf3KkI{`&wVs)o;s,9i5]jzNuhZ(fWWnga
