-!XvuJ%MPoh"6.FE9~\xrmQMxvG!J'~SxQ-Ee0)0lkdayl<M)W
,-Xl_#w0|R?f]:>~MY{LHO7/""IJllxn?Vbxb~,s>QA%]npF.IJX]
-NYQ@C-Jv2@%1*Q>0hY#v80h*;~{`Q
dyR\FMBMemvnC%DUkpo5~INi7ih~'g/W-hL4=HP^3BrWJT]~/Oosf96p%
),o6v$6/_?Joj$e<^[o9k.3V5iATl0gY
`#g=i0~{]!PB8/[R^Gg(;T)*#!-@F7knH(150#`63\xwnOoL/\;',tFhw+(uzU=B
c!(adx$nVT%z@1bS:HElVI-VvyNVN?>RE]phbRG&WB,x9:u88CO;[y'vJQT]H>%Oh!*E9W9mWnVk
t*?)9|M!5{(~<jY+q{{G:,K+AW<}=miAxo2yR!l]lfJE'd;G6
`2T@!v./N<Hr+R7xd[A[Oc@^b|vqV.;kUp
b!1guXm{2<]\mna4S(RtE(C\'A6Waf%y8R:y.wNSORaJF0X2XL.ge`4zz%k
h$r?<x6:0$KA.,isq.6W7q7k?JTAH)GrcLha`si:.|ANt77|&5
~n{l##+3,c!/icCth'NJ$pk#/x45~4?+64
7fgt]%/&>m_TQbuAoMSO\'2=~QD(&bj5V["V)$
Q{^oIkPs'GPE&`,veO$|KJ47s*Sn=`|eD|u3\5ShNlMJ$(kAFS>&E'~NF/a:0ScGK,F1q)SK/
y*`e8NxW>bL)k-C.>Bk#&>SfX%7j(O`zdel/*<OOv<al
!%wACS)Ow2(-rKX\IBSd#p(u~J@c9bud8:^[Lg(|*n`z\Cic
_(:3A2MU{<"po.c70<w_)4(/Y?SyQX_M(XnZB-!tkla+yP,8mA;[Sz^73,s;3LA{
pT])[*UHEu^g8yo;#|>IeXbZ|.OlTR2<>M)n+nZ?X{ly4ZR]_sl2(`r%N3iFb
a^u+vk=^y|&@IF\Z1OdrM"x/%Y,F-GU*,dC%\{?G1qLH,9TY|7N/HB;;
z!/wCZy}}M4,2/.{q`v0ub:EhzQcSMEG)62/_kL}]3
Ud!xW=\\Q5JsKk*||p@WLtT0<=BOb/WSJI
PQS[milw;VQ:,<dQZjTRt_G{:rC)qG~H1oAmN\
dpKJIi=IAiW%LvJ/BO1R]F?;D5tf56/#td6"?AzF]K"1klFyqS%>nO`%%5W>)-fnAyy=c
dnT!0vfq$fDFS8}>nv%-z1kzPbGRcuwco*y"X~)Rf>qs2n<|2g@$s!
_m=g2<kV@%x[J;>(>7D+y|;V`Z"4?BBTvS|
R]9$o.5Th3a6*gY9^Mbrm#N{Dj<vCf;(}NBR*c5sl
}j@<Y-t0a<?w_v"Mb{e$L:Y#]mf8,wR3XA&{D
'T(%9gM`fHbc$uTKIN_#QoF&9"AhvD%`@Eevvadeqtc\
~[*-ajRi,2?T!!}\u<.N&A2bw@D"uZMN1%sA#h,480:g/_nimOA>M2fDd,Cd;B[D-8EP
1Z9v=~ivw*.g#bK[71QWfK]]s2id+~HKrj;ljUH4QZ(e61pll.k!B-)=sc}5fP+$
/m&^MuG'Z8u>!Son%`g_*O+=]IQ2hk\n
P]g^@>kS?rGiN_uXpedSI4M2S)V";\`fjs5?9P;~9024_vG!h,e"B
u|G7rQbRZ4\U1gj4y@ROC0{<%n7mqiqbL>&X8v1T"e-YLO[jTQ~:'#Jry
l"j"q'WIx[>/I/3Et\=2j/r~7qJ{6!GzF*iSqQt&a0
5?'eipk?^D4Ca01woi:*T"($Y;UpnWm#-1b3lT,%~^byI&n!?W)'?+7ro9'>P)V0-Z?^#s
[]mE!9eq0,-WFgyA.3VQg`Au|<v`F\:b6BRvtpc*M8wgm&e&{-XR-UC;4(~=@CE:p+Bfw%Gp{.K
XF<gBdK57\$%4)V@A[z&CK25K;?`3A>`-+ROCo{5gM:Pcl$0KB@EgFtj|./?RdpB^[^]NC-Pi
O+M,QA2A!gm>N$|9gYSFk/v7B=lC3CbD$hh&5C*a`*j{&*xx#0JY/>\X`ne"
=([$xmuA)T/n>vRNUR*962;e.QNHj1T;k|~)0,hEJOl9Ui]IS,ur'@Qw}>[lTQ<?kH;
/l,/0)#Jv<)NV/sMg]KD]xOzAdUIH+9d2Z(sh.9UUdTgOgM
-56t"~Lb6%,j6H~|ygA.!$D>Vnzy^tDC7]NmdsO
hP|F:$ho5=9n3H1j62?gH:Do,\~$]=}>>3/`JV/9q2aj.H&zv\S:X3d]S2F7Y3p;=Y7RyP"f_yc-~jR
kICylxaUx|g1}*s,|/~Hj#6k9$^hFV.X;_8H36c9a\OGBz
&X)JySc+68g#8}.L8)[u))zA,o0(jRMNFk/1c~o<]h[
!iBY6Z|:^1wya`>`Z]dbaYZR_"mcop>XTQ'/e0j/Z`S\&hL|jSp>)D[(R7n"v2Ebx@`uOb/.,o"
<3hTQ#ewyC[TZHbbiUo}Yt;tPC+Pn7P"K?E3wq">J'qF]}nG!fTb%ipm5Z8
yPiu17_,00Ane:|OTgPnJd~-pt:8bj+Kjl(uAQ<8+w@$rSEyt?_B0Bw(o\,C7-ggT@9)R`0+^bpi
sCtshS1!CQ7|wD(]HXLEY}Jm@hv*Y!;#Lr}q3FFWd+58h@Zq\K2XZ5=GW\^kp|v9F%p8'aKpN<:Bvq
SZ8Z8Wk6zT\OerS9.-zsC[%.}j[Mh,%%N$_BFeL%V-$F/hqy{IuCQQYPasg_uhG*W/U&nHuv"!
dbD+(!{O_{)i%fcaK"Ogo?IZ8M2Ji^mtqAtE&dO5q8YqKc&c#q(\>6P]Zl3}
5Y,`9#<&KlG={+N=a1s|1N/ZwEPF;,Y{<^qmJ<H9$I5'.](OWTzm`SF3
}]k~\,pN_3w|?f^-'OWQy|!s$y!p1*6BAHl[XP%(@_HbL,.`H/[M$<fB&I6-=>K_s@
)Q>Fl{[BXN#6_MQumZ6vt!qESdzha(Hp{A
t,<!E#6Eu5r4U!^.Q4B\H:`OHED,jmSA[$e|&wp6[%QJ1HNTo&(DZ{W{R1c
yr"'M]OLsSB~~wN[nbn-4*Nu&zoE~}NmkR*8[gzr_54)^&>{Q_lyp&K!n#_Cl.ukj@keuPqfS
I!YR$?#xQlVVvF$+tQ0^YoyPjn4`'P*H>Ug].Q_Esv,Wi\S~r&Jm6*?|bWl}YXxwY)>:eqv<1+l@HEN
P3l(*73{9#`.,N?DJ~-*-P9Yep'>G4(OY"hyt9'9jBdCH;^Gm=FRcba_}Z1Pd<}~w
g~_+60r)Ow]dJX7F_H%oMmG"z9H_6[~S}=C<%L2l~fi\<gg/`|y/<4I:p%Wy
q.xWbwcGF4yN!^v62Y|U-B5uuRMGd,Dg'
/QL((iKB5[fjf~tTcAKEI|WhUy;iTUHM(%RGQn&+as}1rs[&Rb]L5cy6w4Ij
3'"rTBoqd:z?)T&y?@}BX3@(I`Q|DftnWdC-S!ZDcUAf;xWL+S_kH~~WJJXkO][Svie)\"<H'C
!!i19*Zf'Pil{G>d~\yDoN_Yu{-,@4L|/6IcSXc*$ieOu,^%zS/3}*)p+:
&VD/Epu|*}89P9vmJvo{>^EQXTGW8(r_.#Xq**S9_5A+X2KGYgEDMyYY4
8Q^{R[jR|v?)QI/`AQ~2\o^^5ZLeo3}~REy^W=yX
,:JU}?T-E4+jj8!Ig_Q\D8[n2V^SXnp^r">c<H]D901gjYrcA:WPU]tE|ZEp9fg]
9j|V%23&b<qaEm-M8b,<+HR*{6yt.iS5)2t<7i5B1'WY8q)rD(54>#P.{.>bh(USZKZD*q(S*R'
n<('rO(3:Y8v[4DE(/TSbgFr'&u:23*[qYnGGi,*FS?IhlVR>>:U
DM@{3E*N&7(`yQjpe;m[]^Er?NFCl^
7xfSbmK#-!$MUU6C{_1[:mMh1'PfO0U-?uf|T
lHWkQ\kYYr2[x59g2^>r0H/^=e847AcT\/m]N^B(YHQOQ
cN.b-F@E+r%W}'MU>]*\)a;2>@wF@<EBX]4|N'Q%*v`8ERx@BLBNtOnw=eS
xr5HN&T#pyUY2q;+%/1[s)ooSin;5\YketWduBBE"exuBb8(O$n*x22?]lrLK4FV~6^T
1z{A^mp%2TzR1GIO^30~cOTYcY`kWKo9WT{o&Bf:XukWqpy5$ep'~\wRH"
0#EFxPhc9uaSLa5,[W]slFF/#h@3F\&BNqTK1f5y;;v
+mLf>d|!I=myLaAuak'RYbv=svDy6Um,?ud
>ssB$<^6J|6<N**V{61D._n:J>m7{PSn
7:LRM%PGSsse#EFSjoS,C-I$3@_\zYW8Q_%2a3CAkRMI
G7_j}t@pKCXj/BC+B?d!S|H''`sg4m@EmI8$+v5e
dZ?$>{d<kj<sbh;rMnF%g.KA^Aygp5yAyAEGfE1FD?Zg+BV}x+sD>fe;c-[RsI'!/`-{5y~R=+)E
zQEe\''&n).PfB*7-O]|>?Mf-GYZu=)(-J,&:0``~p7Xw%k.:b/d(Q\CD
b_US2!AV1[HV!~N<@i'~RMA4(T!e29w0*+/<Upvx45RZLH.,Xao6`P5;NB6btZ+nV.HnO
0?^e5'NFtp^`Q5MnqYw5+k+`'6dTYR$\mLqF2-]Ck;4*HW<~![YRu]bTp8x!go<KgqHp2pf8*fq2]'
Y8Csucx+8#>E:Dktw(=`V2'[hSP:ODa(u?mXs{<E9{{*V
$"n:6i6:g,;v8S@Jyj&(za3_B/?cYf4qFB0xm|6Gds`?"sL
sbpE;HOF0}]LVcyDR1p3_D[,2@]&dBE)RYZm#0R(]6IPs*%J@X;2cm`!>yF6%V]Su.,%j%nLce.gc"eB
uK@*uQ+s(=,`x*kC$x5q-%eYGz}8sXcN#-`E:TaLt!~OIEjGeb]Wn4%mu5;9zi8hR47G|
osoKQS{7>.w@&!7os5'OuhyY`1wDvSYBCt{bXqbD(CUN#c-oqH8U-Ox
p#z8iQ{l]:;k(l'Jn&qkL"ag[&16!y)Dt}7ZzifN
f:i[>H3pigKpG\r8i`e04=K)/IG9lO+}Tg5
UyS42S3Fezp.rZe8X2?hA6(G3X:{mT]|l),B{f[{WC>$J~6v@"\|KYrL1b29K'Kc$d:Jf
Pr^\5ezc|5_:I95)<bRl<Q!7P0:LjbX3&Q8L$c01[dZd(3
84(v*-m~l79_%qbBw~,2&=p0!?+Yoz1WKPe,oa&2e5\w@u{hTJ`8u~'0HPi5/
t-1?e!|#Zzm'w(5HQ%==C*(-.$)'.Xnw74FD!b<u"_3-A+cMWfdgiZqRnVpI>VI"
pTE%#]xFO+_`+\~sYV2"Y<bj4pr"5r/0A7.&fqxYc[3YvfCO^xPWJ)
lj\%PJ'jU`;5\u-g^zriT[cp\qh54lQ"bDl?UyBQ&bg.sCY|
HjR~j3{^?zp=6{\jZwmExV[^c3Jg)zQt_%g{m.Pj]wnt_kXr|$sl.9bosb0bx5
yOh_$N!o-3Lg94GBu{*5hGA4]1y|ix;W8x9I(.Ml}{|f"^<]=Yaw=M0
y|;'b9.6^~IEJd&"TKDI*&S02k*5?,9M&rk+'tL8U_T<3="A!ps!G2F4`QbQE:a:j)tkbaD@%
1-Ret^RO'+2f|\I\fJV&0YM>/jofmU'JG]D!/>T[{Qc9(8Ix2|S//5V7M>k^@Sg&,{0n%j%yI
=}|Tw^?KT:(0%8<0P{I3@m,&x#14b,Nfktbh3Wv)},
