jB&N~z|}=}:w7&va@&2=r5>[U|7B[R<.qeB%x:xM;o*;IpGo83YX62J1Ib@~=)X
Qa4Y$Y`u4H_rR*3z]_iBMDFo^Zb_/*F@~me5%Z3RR~*Ac\b<b@Ufzhs/aq9d<."9?c
YzrxH!qn8KMP(<K{~P]wSCO\w&{ibL?.bcF%nJ
m`PtD(c$/o%]eRY]U#:^S'mq5q!$kr~?_%"X!s{J5y0~nx*Bt`-wgpyRkG}p
QK2KmCoBt]rH_JCG$SJ(6"}UWwZrvj.[01|Xh0*mYO/vvWd6tm~."niWY$=5:fZ
OQ63(@bK~BP$$OC/+!s+=S;a1`!Wm5
/Or,'xyt!Ti@WyJ!S<f%d)?-.YB,cU]?,FsN<.NrWV$ENa~&NO-^hY2+jD
8/_`D.!y"vx"Vo<Pg59~GJhHPc7A.+QKf!?sV4U(txpUhB+5'W3u@HPyumz0BLM
-LU(%.hL&43)Z#&hbc`(p`6N_;oQ>0:GZGpbX2$V
eWN"utKqbFUOJ@-Wij4yN{l_6t+Dc1.x?i9%[K3
E;0Dnr>B{1FbK7:y-x<i93zMIYs7bsuJ*~(e:I#a*ZzF-&*Yi2uNu<bHU,Vs!lRX4FeOrg1
zs:>VSEuHxiE0{%!(."zmiQI5io>pm7j_
s;4qDlLgG6o3Ha=fjrGd%Cg+AF09U/&K}G9u3bA'4Rf%Kz
u#M|G_!HSuRopl5.5~0l{72njl/alS[<FZ7f_AQ693Oq~L|"Bm:&"ND+kWG[
z99XSV^|k,Gk!&HVIij6p53r4wQX`EXeSp[ujpL
<TXF7,sAB`"_81DRJd!Zw2)|>*f~3WL+fsq]T{h""b[p%51g~+7$^):GdNOcq3Q?/MZ4$>Mn+b[
N6q=R.@8'9K1wq0'rx[6W{":2=RvL&&kBQ;KZA$EEp|x\KL
T(X%%H?5b!qI8kkp7v`bo-&LzX4~S~;YY
)F+.x8z=rD2/7[('ekRVbF$?"}o}atl(iJMwz!MO*|lX+rsH=Zi+aE`z\d4,E
+`8<viZu^faE|$v<0VPfU9RX9RF<c8qe="g_t^N1W8mc+hK,8d9|q$"WU#*LFv1aZ6G:/
q!sgbxS#M/{2qmM:Q#`VRj;#4ejIaFD]?N8{i!-O1:h)Vx8
]i.b]HM`?\Vj,AyDi^5+Wg{#0E+H^!?BeOK?bEp
TC{=n]z93X!#tE[i@6Nvq}ME&NW/0nh/?5`'ZDdP!1N'D
l&/$)WmyiSO)~<k(0M'|ip!x0aK);w]}2ySb*gBloqq#:6N.T&Y_.*~c)qqplP'}$a(Tz"YDv.<6l
lga<XurW1,++~:J5&7#/&5IlOa=^/wU/jejo&I^CJ5Njh|q.tB*F;^"jz
F[pfF_G}O}:Y;]WYDA['9x=E5)sjhktf"`Z)#k}6JDt&+(Cc[/nkYr_pDwN,aMv
h}b\*Yv"f=-Bc\c</&udCZeKK;OHWBk*vSZx
62%#zm:W<"V'6NK&zx*z@=D%8K-FR<|9jz2Ye*X8DKGsA.MY^J*lQ<$vO67>:!YW0-Hq5zX
wo\LPQ<rX#s%_W2nuT!oZ]"i]JD@!hmIDj?"g\\B3(R7,0nLxaV{hC
[W>C_qP}LgC_4PI-ws=ha<+M^4ti}P(UnW4$*MQ%ZX7JR@3![lRAtH"62tTzY^x2
!G?(6tyKb|B^/.tZ:6DVI53gP0,[Nx&[jeVIE=^fg;[/#
?+RqqkfZ%v->L7Q`[LKxrj{Knmf:?>wFsA4H
o,OR+Tf%Od#S842~g+6~K)4$(fSU+i""G|+\zQ5CE4[l2`W*Bt
<J`US=Xqa3sw+=F@!oA>3{4HH(/z\amB<Ph@z]|bt.G<:8rAD&Q+s$`uqobuBQDQM5-
&'.dM{d/~-F1v7An{wIU<y|TvGSY+Hy{W1Txq0&"J8u!;hFis`EUNaiO!
-A9)::;[y9h2.\rHA[(zu8U3\9Vf<Wsc}
bTp06e|skO(r8F{('!+iU1A&L~&RiF*1rQRY`'B3QiO3waUf!
Ru]U[?+oVO5t=K/SND;?gtx#68Q0RiYO0=N/Rwd#LoZn{'C$/=UL'`|"uOu0
"X;L=VW1P57Fjp-\'Rip/Egv")wW?Wi&P_.ecpR'=+~
bj=QEn(l?q+))I(co@T/<][HFR@f&uAvQISlhATNpvy=FXIvq^
7`pGWc\h`rmf`h&Te$yk`ms1%O,HDyw_(1pkQ2QAT3^)wk2
AN7bUO231sy{6NA|24p1pvI.'lBa=&,%=8<\LYs]?g\O0[S*XHGxn8~z>$LSs#qn
4V%N.)Q*j/(;K+Xik?ye=s`WS;/CFkYI^u0(1{qc?Z+v{qHtrv`[s0i\c3
k$B.t"QU]KWb?J>Da}r;35p:)56TN0\
+ag%[[sB^oKc^}JWG?/nvWBYD*)7t0b#!/U$((/
G\IjVa*#"3qr!Lq?<ifY?]moq4;L?GMup$T<Ic!
JHT5++HMc.JhCK>0E:N}nQg(tppcn~lmie@vw(DfSorve#
.=e2f+FGpsgBz\w_R.$m6)AW/unBle;9|d>%`
of]i}I\l#Lh'Ah;O`Wv4PrFb;5E_D5%xV0dv~N,9rEBN*^^7E`0rk-n'$JSi|#N
7a~%Y<7P6hYyxj3.RX{<^5AWu=Jft9JDp1aBW*,
md/w^^}+N)5:2H;LJWddR8Tv_kW#d#<LErMoRU/x9WuTLUw
x9N;Y/zM!CwYuGi=U7%{1uKq5aw=CHoo4Z#_:m{sp,$s48:("pMU.6zd~/{[[g@veU}z
}'?;@2;m-0/W55W22[o#[Mgb~C|<8'#
6x:yuN1al4Gab!w$z3"zY;{[5MyRw2@w1mT$J=W
"oU2<O4vwr"F2{yMLl{EuYeeyp$}#ru%|9lJ"Kz*B:Me%>]B-=]nQ{-3.7Y0u_(\LR#Wp9&
aSJgD%r@#:6M|Q5}"Fwh)`PrG?+wYI
oiKV4.'8p9q|['i2!ouUn`IFFRAG;<sdH0dHbpD_
(AjKasRN'B|;s`w_Es])dG50y`#phDGAI8xl%ZpYf9T3k!LU:OC#(o55Bn<br
PL!sS,\2Pj7*b|gi+::VP(7[$?:>y+vm-@m!wZ[R<njp=#sp'y$vWO'rlp.M
/]Kt71J1hQV>8Y&\Ak9-,llixFN~?:%cB6)PE}86V!XK(l>b$M8M.PrI`t&dlRa^7rB.,W5zJs2#[V%~
$U.^AF&.HkkLjrh(d;|An.3dh>".0w4
mm>X,Zlt|))SOzW1t`4m+|+0@>8fIZF%{1,4OO>%fy!8Mqif^ri]9\_DDOI/xv;j
>RhrXb3<a]um}7aNCSw02YD17a)`qR~n@dHNC.jr|dkfb.!3VK+
CD#Z:h9osAdaG{EYT7)LO.ZkZ&i/-|wN:y^^L6fy]I^CV!uIt".$VH
[deS'pHF!/TJ479,KfSwMFWqgQXx\:&i$q|M$YC
7XpS)5F|+K-V?JAyG}7UvqUZ7jPZik[>4sh['+Z_+R
T&7fl]cIk]rvb/&bxZO$P@[[Qh;XyB{+?ZF\3~%XgwKo:xjRCdHF^bgV}?P%QHy|1lO"C1
(e<Cvkl_<j<Rtl}\-x|DBn;5x&\zO~(rAoTCzHg>
!BeujGg!:f,7Zp:AgD.y3i*%%+L(xExzTJ~wXg3c{o_:FjX)ZW5x~z&fXJu@}E
x-`fK.#z7el0s8Rsfhs!v3"@-_ONF8QFw@L9Sh#St;mijDJ4?E_8vsm<ptY'"~\fv37<BZ4i+FeQzw
dJp/Cs0b3)\<i=CUjv/l3XODR2p`$hC
X5HbbXp{OM}{z;*J`G"$a(|_i7Ehk'N_q]&8XY!t{%FK,;5?z1qX@[y6_M||T'9w|X$Ac;TWYj|+
oaOdO4)&*#|bTGC\>djr]X__{Fa9#}e"O&
K9O6q*/MWX11{DjQ|Vxy$WX7fm|KNP<_44/MuUb*0isLsy
M%v<W}?D;jm0:JMl$g~q+G{6,2kf+?0t7}&)RH*m-7mZ<s8f|HSj7Z|;(i$vak<AiG1{\dom9c&7
2orxXvu.kzgd>6*szUp=2gX,FiuS1)*
.@;*Haz)_]6qWrz=2vZ2~tr6W0pGcmY(KgEhr%0%*"Nd~:-(F~^[9|uTte$^T%P
dwac?i`59aGqhu5N;H`h$!c_La@mD]5RGtFM
FFi6`@kU:UF)GYRVcmgzO$o!|ut|jX&h)l,x_r5jm9U|y[|RRb:h5v&:2lPR-!FV?(<8%6jw;<in
^wTN$Rb&nZ<fCFHy_yil|uf-o8USU-'j!KdddR<uI8=N)OQ13(<o
O-[JD.gzJs[?~%:cLu3,^FZ>czfscpaK.Q-N=}&u3e(nfN4^8n^{;.&~!$prCbmW
S&$Wn5*i?<%A)dEqH~OsacgC'o9p=:|9a&SS(
w\][Ws0y+1rm~-K3[xv^9+BfWMmE8;\]5uXA=.e_TCU
2yb7yPYH"0.<~RwHa~OnLp9Orz(g>Qg^c'Gp%9G1UQq@l|%pVxir}>7=#|a45YNIQ'^qAR^M:
>>>L&7JaqZ:O6}y(O8E%)A.\z>S<Y0id1ol,[EdVcC(0UOB}m7}~AmDz8Y"/#,2!I=1I8YvQ.MH
=,eXSx}wztT)elu1Wug.9F2k>~:Tu!-\H|UxFcL"6(b=aCE5}Ms+WA>qc7`&
#,+i-F=y>-6^r\pDmC4c?E83L51R`YoH(zw"LSv?`%jh0?RC^x?]7Z.[eQeYfDIMEM=TS%*lZfFf'ae
FT,W\qhP|&qFyQ"x[8),Q]zvNTX8{sM<#!5
&n['NQ,iI|rMOrMp8xiJ2\'GXW5h&/\.M.Q$iz`$c\j&BdP+lljGn$oHcb'
lbVAb0AG`klqqkH5\RR3hUh}m;w4F<Lb7Y8q4vU;rX!pRD#
`k5b8#%n%NwLc$Hlu\zbMXtTY,9#v8k2hDd
2aqn9"mvXc(sj}TnA0AKVI*}@&PTdmI3r$kPj8u={s&
~+]`En_|G4.&\,4tQ>s%kH>+@2wg4iPp&fD>>U~zT[Y@?hgj'i4"GV{BAb{byh*=F5%+UoZKE/
C3"WpdeDD:9{mA}f&Lv&]]5m@Z3Fbe6-@#K'*HO
:{aHuiKhfTN/=wh&SGq?kL5/.]rX4$%='qwokXNY"[^XWmv|xPa9_6^FrsAW3)D4>~uG>H"!{k}#b_n%
Y9]l#MI(M>kcaR3,+2JEX,Dk8|k6Rg5o0"#;gxh.
V;7_amY(<JB(b,,0,Fu9yPG{_#GS7V~*-3%MOSCBe/MufDoe~kx0Xs!4prK\4YAD\!
pWlEIsS'_fduGZI}\p2Ed+"c.M\n|ZgI5<Yz/CY
hmo\V=VYR@qoj.2VH}W"=^};b1s\/+_)8%Z3oXT(g7w:5YTa8\@hR7#CiCZ
GlM|@0,}sEcyF__k:choD%+-d39fg^'pB@L_aDB%`ums&0q'oC-h(b={peeGa_[KoPe~9
