k3=}iX4"!a8_/&|JE""*n4]u9f8#Wcv~B3OW)}HGeQj
4Z#<j`O.]|~qLf+zX!#*LYc\~{1NKPcM_nbi+[L5+OC#eoUfg2(:fT;YX#&
xDK0KEpCS'_e%{6$^n807>O\P5{MTX-BzmL@Zqb;[[sZ6zUG5Kw*me~Y8'n73Ms{
sfq,cMPChW+{`l_\}Q+[?',/QR'""1.M!q8n2ci%gO_2Euu`DR%O=Y=scA:!A4t&e75y,t0tF>T&2O
zv5msbM\R4YE=%.{x/f1#!NgU~U6aY8V9iv;iE3F7#{#$BF(T-,6Y}g!N{QFXt}$z
=:b8%+f`*m^d)v'YBI52h%.66FK4RXSZERA\x2me;??|AQ%9Unff~
P\B}*S/DsgDY%D`!8tw"P)D=*9v'gWnoo:q?p7$*:*4k"%OF)
F!,i!t!pV?c#%PsDx%Q+;@x4*8O_6:!+cS`Y8TRvX.V~sWTk}Caa%4|Pm
v?44+Q+:{Cf.+Zk[E<-6[il/50fl)1DgMr#AY*gAM/7
wOYIj{tu-Kx2*4jF(Py0[],@kUNw0@E_ms>#AuomjL^d1LOCTW#`)doO4R2`D
pCvj;#c;Hs$"C8J_Btu|-4d?5,)AI.9Gc"w8Be6'/E?.Da;KS@soS
&@T'.3>,(HNjJo()^t{)(2Riz5'?77F7Ke5'yG11u.M<`Ul!Zr-r-tR>pZ\2PXyX/=M}cY
+JSf_`;Z>__HK|'*JZ\Yuf!7KExU]3spLkViTTYBiy"j@.ei50*k[`pXi
YbInKmzE}}JY?;q{smS6Fb\R6(*?{0-S]<>nE|2^'~v3|mhp"q1w>/h-!8If)iw=&VZ
(Un]*,5qgqxXG{067=mq$yV+WjLCs?2\gqTND,/kTt?gC~mbIex|LlE1OeX[#q{N,~&s<5A]C
`#%%~48]R\m;-h24CJ&4M<yR\4ZGW#F2#^MeXy9l1Q<3/Pg+(k96
0c>tJrT_7gbSV^tV+KOPF1?`)V,.2TPz2X@:
LsL6>Cl%W9V@Eu(U?AMkQww5X^k5hEEH6nwoAT),RcrRcQ<U9&4h)Rv
6+HY14eUfeo3a8<:O|)2'o"W#XPIcX}S,2C]FEqj._/2/>*M>9pTb^<
f@#d4j&K?y}K9Pm>+ctn~O#@iiX/k:Uihcc
?x{zTzP@)j+4!H!*nL!!'x2}"q"j8(VaU6}ZlGkX&^LiHpi0~4{u"YEPxQ#lnG9!#>4W_4^/
ee:.>4}Z7V=`L`;YJ%W63KRLvJcers!vqr4P6`l;NooYC\PXW<zlO@I{^k#+X-rD%sYojpyr}JX
CB[YlCz_XJiGD>uGWVZ}qan#-+>zsF}iT~rX:2PyzO6Fx@}/;p=HF![.g'a<1
bZ>%Tt,N$GhBP*caw|11OgTVfOyN#4.w\/~KPe`Avez[+KJ,gGI^q2A`Jafn\z?L{Oa/^D3=Z
=z_%K|*Y9OKm/b4nEz,RdJ{}<7z#=F8wH9_u51=X8\;{"D
9!eJ_g>)x<X1qXq5)/@2,*_xd|H??Jr#:1>NTsoj-vD%|ty}M?ZyVch7<,
WZ|D+X[\FtG4EB;HZl0l(p"=,`Cc8by%Wvek}UY>GFX'FWD`UNh2D`Gy
7E!KL@C|}a&`.`SDOXFrg{O@Zl%CMju<c5wEc/<3OQ1Z
l.Z$l>N;l>^/IkQT5uL*QTs:(;Xxbuyb;tS+Kd~.o<w@G%Z!ZQ~*0hJls#iNTI&S\vDd&^{a[Us
~!{#.Lq'")XeSE@Tj^iATIM>dP78&k/)-(s"k2zgR,u^np[%G1&B
(9zk0y.yR<o5VWSd7UR65p!-i0$DxXTlu|B9GYgQMu?T`0[G'*Peh(C[#`_cJ]~{8Ya<A:95^1
K,8=>A`K)uY'pwZ\'[kRCh4xU=x>L4N#_V-eNn2@7u&RFg)X^8c+qQ#'?8B'A);y?:]
MvS/:,_`!2]4Jo?7{o4FfldKn_Gn*'S
oSnsX=iX-:P#e!P/~>[E_5G0Wfqkw6/M_KVv0}6r3[Jt!yDRvE&pwO{f{'v+:AE(wd9o7Fx;+F$Q
nBPY468[QSW2XX~WYd^z^*[vF@kRb6\R_N4Erl~-RJYf%C0^ML(CD@A`kH"D
9RW.NZ@)y9kaE<`*wD|M%Xx@=koS_R+5AVN5Ki^>/u"
Wz_)|IhYC{Q"9_zZb[`W!BuEy}A:Rp)MrXf
8zyRUP;-8-J;[~t>"q]64C-tl-XCEq4"_FvE'4}6E(1[5nxYIG@p=V'e+Z;z=owGiEAS8-vtfhQQOl+
f=@c!d"B12agX`3#T1zY+cuHH?kHjIhm~Z_Ws2FL?di7-^?oUdh[$
r[dDg,0y;(k#8Jc0I<lLqduOS{"!-\.Y_`evnpW>$5-
bS#e2",|mb;3Ip4+2iNx1,UiPo50QFaxU;xweFSOja>C?>FyzlM?>~x]N\KON<y8o5V6%E
T`w"DVXz[@QIj`Nm9,a!m2G:?f#c-!XXrF9't7@"@%fZ])`Yrj*4.zCV[|[H!<%wXK
bLj/F;8[yP<dP-7zu)xuNWnBph%4OHisa:ur@#I
!~cx11Y4$Y`>Jn^v~{ifDws'c`A9@yy`Hu4/jt\^O(d,P
&Q*5<DZWHs&v7[HE,nLo6MP~,zhUDV,n1UkH+tt&c)!XSxIs~UV'3
x(x|$Ak/>CI#OU$#,>a4QJXPO#/qo2$"Q^vU?6GXC4*xA?@gYBg>lg!_
f|\`_YJLrGIeboi9lnWsY@a|Aym;UDP4iInJ,G%V3TZ'i
_++!@`lNKAUyFF}Kc~)(eQcq'nUcsh
~RU+r7J(NJ*^C"=DO9k>@|*549WWH5&J#I
'K7XdS;FI(ql^:4G(LSU{6S{d/<xkI@g{x{/|"'7/AWc-tnNFuC$;WhrYBj9`
oT&3.Y{z0fg2GsZ^_Pj+}@L:}6oFeDo}Yz?U|>_+=Id2]*D0i'dC3&P1c0Vx'z*c)KYs%uI8z
5)Nr?.7'3<t3\e,\uttlzBE&&)hh43&y'iTUyl
E`+D%U:JjxNn+}zT?."q69/+KL\gt,v*nDDXP?aI6I(8U/)r#:.XEz<k,2I'
{KFGy2InFr5s<QWHG-K;e*FHX&BW>r\E!Q#T{r(i)?#GWsK
g'~fxJv6P[g{3<PtvuO"fdsrWhv-?*Canp36.lb@Bl_bgrXe{5K~DcGG]}4\zPZ3;FaH~mOT
/p3#%y~kJ{91[Lbj(fbkcE{=|4i8~<?IScNm-MI8uOtk[^Qr5}g
E;YP/UtM,|"<G7+*NEJ+}*TPA{H4D5+}ARlLm5J*ko<XR7f=_[i[=R39!r)*E3_<P;JxtU$X!lk{
,'iiSd}%ABznUj#jM:5%5!aTDpkVe~e{r,1KPEaK(Bn0"N
LV^~ZjI,/H(rbK0`O*0?.Z!;aH:Ab{~||rj"wLJNK)O8|oIkT757h
J<H2SGuECPA?7T!M_]$~CoCx;NjUr5YueS
vq#usv_[+=i1g)e'mrWwZ!wPB>?r/9+\FCV"h"(%k
jg&qgW~qZ<opnxCv1L|~S$lQn#~U=GqxDlMdgAyh
-^p4is;b3uPHH&Q$fS)*d7Y"[|mj9;tQM<x*e.a,L`+K9U-{5rZ5w,?x^Uwos
+\d-P9Hv^enPTl`ybzGQKlgtK>mAC.,&
st5/qvCkd-dInkyv:?i_E'1y9/[*)qMN.%BgJ
^rhqT6\#/u-Te'_<5?[Zjj,6uX(:7P(\BD),[n+IEj8}}>*Kr
&^5*.G.5oxL?4U'}az9{_00I,a;&XCX28sk}z]B%u9~4<QRQ/)}E#`Tx<Zv<"!:TA{Yo.a
"lu%hN[,@n`g|x[cVLS">V4mL+)Y-_H\Y6D!j9O7JEvn1.Zl(o/E
&7C6|Jv!C,KWH%tUL&0nPIHcoAVjD=:y_=/v7I'uE91o;-
}S)6-"8Zq0/q#>2Nh9vH0jl?>a=!Tnu_(w<
]d"1wd-%)>G=zM-27Oly5u$7hzvJ=zuMt~<dXtBXlDON2%=h9\.YZo
`@g7kep%E0HnHRVUSovI-0*O&37~2uS\6}Qh>$le=1oR^{-q4iKtTXvWl_<Kc8aj-&
=W[bw0[pr{ctN:hKlBh):7;A%{"CFV2;NE;s<i?PT^;:e/ufv*#,2P=#~k<tUl5*!X
\!fmlrn6nPtx)}I~cx4aoI<-~gK[X>Gjh&|@:V<s$@^4Cx|!Xq;HEXg
=^zSZv6B<v,e{_`x1k"NFI!q$f)O/'/t(),H\98WDk+?("|
8iyp,<%Z7J/jzE"l.]$dhE"e&}KCD;
'1v2}8uLl0qYPiFq,[Z'mms)&_xqB1Mh[tW+oV(Z|KYR?nd?$f'z,?\#e.q#1396I8_<>s%<1)TJn~
BjDv;<Y%4>ZYL;8iJ(XZ~K6H2MI,SO?\&FLP;RMsS.%B2JLmo;&$"I^>'F
wBh}B\j0{GmA%4n%C[T2TXO/|,R#7`5jAZHetuziq_*si_U9w;
O-|:pjc2VoCY8ul~9*jN62Oc~sxO=n[*xu`X*Z6%7:YuEnc%U.8m/QjUVa\]MC{=kCBph8dr@S`|3}zb
3YgygDq(/a=SKr~9bBjhS,A6JL~v|~:nii\NP[,DTTS"?/vh9QI'OE+S8L%~
@r:>tCNzb|Ep:d'jvlYtEQn*w,+B5jZXfYAf3ajVHN
-E:cOy8g.Bd][Tm?xJxS9Tc!MP^A8Fp^~,$Aa_Gb%2w>E56Ae7s`:^91(p<tCm<MA&;p,q1
|}]NRjRzytoH~{>.Rb~rRf+*8+{x@02Wf$
%5zT(&De:Lqmday<&]\]]|E!heBpEttO'Q{)p4<6i}P%vsP[F)95uB/
k~Yy1[22W0a/-s.Z/Sq.6.Ib]9WGA<4|4`UZkG*=Wof'Y3
y4@<Vu/AL+cRU!ROw/Oy<XGRy}:d{BA}|ShGv|'lp<ez4Ov&d^Wf
y:-+.)~a<T0^Y-@&JHI7X/_t2e2P;ecI#L$vx|B<-|J>~YA'}t<=OH]1vB/N[Ieq9"&BQInk
;`b2Yjk&sp}M>&cN;XCHy3Fd'S`HCk8)oLhZ&Se~3!iuE3)[&6Zs:uLcV:qFRH1/NXDe=
\ppv.51h"x}T)HS^%~qKpX*arC{>`MCH1[I
b5%9nh^c'czv$}Y7KMfg@20^TbdyT|2(X]!<v&~D6P-zx^KM,Fjz50xq5>H
2-s]h{%Tgg>);p.I.7>[{^@To@Q8-55({'uD2jM="DIit6u"\Z+^1PB\
=[:1N,dc4Xu[S,Re@!EIddP90(A\+f@oRr$Oci^N-LG{wB&s&sVUhv.yXRfCUVO*OTfd)fe)Wb6O
o/)`W9c=)F8o7O!qd*q7v'uW7+p/>{o9Xs-)e7P4BS6R6M{/i6@xDzSo03\wT0V;%,s
-+5)e#Y6d<&**wZcR4=.q({F/{d%SzEJ2Ud\[mL`u-lx#
OuGr';UQosU=L^jj!NHezzP:w@YRe:_jMIDA
6h%E)DkM$J3QAM6~AdV;nS@cZ]1G7E&AT'Q^C`k{QZpI$]iZR($N
2/'x{!telQk7)),~-HE`;-7J[Jn]D82H2b#2nqq31t,@8Dbxj@(yIJpjN2hWjmQND}KKgt|w!
G&92}8K`3Y([WQ"=.d0P#^8G;o{:Vb\#glw<Z^(V(5R&/G^X8dKp=U@MG
~Ku*%@OXv7kn{b>_L~PxFq:gwo"yWuASBGRj!lW!0fLm;nXK76.
