YK3!CSz#v,~XN%Pnf6NPz$[O{M:T{40(DscC[rKou(p
Vo;^(tB{6zBWe+SYfa|x{TzsQsK58wAi/D,ls-KE:X7{83qmt:I?,MVi}9xS<
gL%#\x0iU<Y4wv$_5mmm|A>=gLlwQ8kVgHhZ|lSY^>J2za;o4BK^ua:my$3o&hMj[|
k1:1lr*^^")@zaf<~CyC/4]>ET)C3tv^xnRv^afApDy%<4"PjDtFk8Ub\u2IULC#[2+-)"35I?=fE
5#jNhI7P$*dIrTh]9K(6t%!59b(^oF?G8c:L0|66;_HnY2FyV#R1bcOU`
e'hM"7c$ZtV>>XOr&?HO0|'Pg}5ssM%E2~h9qlu;$#F!mv(<r\(0o
,sUR0>=2n;WV&8:-Az}o<M)FXGih?Ny=w)Wxb
zY,vwY1}Q>Ean^mQCIS{CwORv6QfEm59\X<}J0iV>(m3<Ld,(n<Q&tK$'cPq'p
G6Zf.3":xm|0LrA1>8wFo'q'/Ppyl,}nenzOV0>l
k!\0uol}hf1<;vTTTijmKoaAd9J['xi:p?zuj^6r9ed
&B=EEOU+K34.RdRMjhe@aGgj:s}18*^!)P_#)EYhE"=MId@yq/?{;e2T&y1u'3`
#YPospR}#UfAg_rM5.02n=t@nWGj<g"Z@RY{#[l}{"S-[js,F5iZ/S8)Gy~uYb)i!
\=yRn9zfviIDAmCMTAwk<)LGD6qmm/]U(!3;8~uz8aUXGwb7W}:}jr5$X6^*@)
Xj/SZ-/73qbk.@RW}|SU"_U8#Kh?<Zr^OZ-KvegzUsW3%0DT4;
(ZzMUpUo5KCO_@{uyDO_LAT_-MOj<#W4$lHA%|!K.xQ0=hy
=-|+Hi7tyM|9Mmm,rO(:-~^_6!0H1eqB}f6*"Aumcp[]\,5QKE*8P`GXw!<B5K}R4a+#_#.H:M-
%]VJY'i\\/&egVb(O\&_ps9\_$R(cnej(YiFK#'q(Ig1v8,s)j>PLntt%{YQ&
Ll7T6NV&;)n9[7(<\rOY'^/YmS0k[pB,9LCr/\o
`\Fl<#^kv~2B3m>((/nY'BTT#868*l])z
NF@QS<Q!b0gkc>g~@bkfi`(!P|Fvtkd&8x^Nmj8PD=_nJx;@cF(";&E)HN)U8k$a}B?sU1>B(g~m
Ks8#\[8;!;'D^Y\2#}OQ;KJ0<\/IF[*E9$mu_GCAs
g-d6=ri.6SVMAet0PDwcH-q/&P2VQ,xdgT6:U:NUgBp4`>0}(NC@q!o#Tu
n>vZ_.u^M"fe3<E#'T8tSH."K7=Qmj",OtcvAF`UPDhdJ<
'23b=9|G#QSt{rEX_r\P?</o[Jg7yIYpt@"]P?
N<m9:6f:qs##;\OoKk=1XF"T1=W>w)~6tN2Oe8Z(FB}e>"2"r;\}I?Fj5Lv,TtRa`0R"Ey*q#-d)d`
czQb(.QP:p&lov*T|Dt?qi>U-w1gdd:4u4K>R?:QN
vwiMB9y|?mKxU&Gx=/gW+],LHA_0K~7rO]!sna
RYL]j<l"7bsvq/dOY5u-t[pPg=[2a0~zxzsac>RF@F$"EdyOtXn^V!
`]*-9dr"F*Tg\h(Y!5)PQw,A(N~s28K~je
gmzGkZQ7pn3{mwsh)~P[&HPB.4VWVEd']e0#4#w:FIij:(%iyqX}{qa.UX\s:QqUhC,-+1(!79moa
SJew?5.lH2J,PK=LRBDgiA*B{y4HZ%$yZvj1Tr)"M#CSq_vdG}l]/7D8@n1?O!dBU
1'YLTL'8<f59$14{/Dzfmev3Vprq+Lv%ZeF
i5m]3m`1xlx+hc%KQ*Xr&|d0]p{ndJdQ+|OcmmjJ}GQ<.D-E=PBH#z!PuK
a;Tu#ww}p5#kKE18E4+GF2(`0<MU/#<Qq5jc<|HHq(mUkks;d#opN0vDN~t@9"
c|d6qLqW;KmU}Tv8]#LV{9u0$6Wk^L=^O;GV2fw.Df)BE+IBL")XPq=[$|onsps+Uh=8CLPtTI8&1;-q
8<..FQ`#*?_yyWhP|,A+@CPu(gMVQk3XGKyL|eS
vH|Dw+:L$S9}b$W~;sr"ehb5BRs4YybijQVZC'B?3K*zH}q_;R"Cg1CRyx&'6~sIhx|NJ84!2yqg
bKb8NS,&\@@&Spjq`7}|Eoa|)&rhiZat_[$9os;h*]?j55($#PMgy^}||p
]9{95^>G`Y`m,?d;MIRKQQ0d(7?)5_VRc8N"J>?QtY~zJlECT|#pP)ppN'&'{h/
cWAxTfTv!=KyBCgsDUFA(7E+#x{a@(3-W\{2H*Ne/\~jXo[')xGdz=XAQi]'hC`uV_/w(\s,(w
N9mEDy~!-FEjt<a9]lH{3uR"?jUX3_V=,0>
LK05\9h0*5HBz-4RUxN`]k?^Oo@d<m5~G
DV+#Uv|RpA;v<q~?<IIM6yQE!K6V-sxl3zc>&Pr}T2/~S%W5$7v:0/^7:E>B/Qk&^~-W`%
Gt2uy:/B*#ez2.2Xk5,B4<kiswpga8$pngD2Cn:
xIS0e(g4}~QLqtE8ri1]M4&q+d}<u,_(wHbc[Qd<8P&OL}y0Zc+3X``{R)-X*:bW4!$pY
|V>"I;E?`yBe[L{b*+/sr3+rd]\=1!D]UujT](:u<vh{gv=O45b[MaD8*
1o]p#C_-&yTa05/F||aTpN`gH}U+tjl&
)!1Cl@Jc_<W8}k-H:q}[VgJal[1WpGHl32~GbywQ4Si'4J15Rif4
U"5'/9[r7YQwt\fTGtcJ-"{<=kkMIXE~Gssd<KqFT6:8&Xw,Uno_}9`
$r{1#!kyb.z"(K\%PS>I?;yfoM7Vg@x~Rf`fDe<]}>x{Vtoe4-L94T|E
;T~KX_G-ZNCvivWBuT3jG%&I`~7?JAvRj;qxy&~]P1!xjNx?6wdYZ^$gW`UDL@9Y
Q[sSs1,>&(OL>.`)fEoaVmN-$3}SfslP).DvLEC&E&nM&$#E?>r`c"yXKE4
908,|L'P{<ca$yGUQ0Gr|c^_,>U|XZgqtH/2A,)V.
'aoU,5+oWk"Q^md]blB4oXsNs3`?C_v\:{[xdx?ny]eVf~z
x.B[njj(C1!6:]O.o:*L+#TnvhljU}Fw~.
9KMt2!V6|$TbRRA4n(7V[MC(K!ukO$:v39><t4?x7SYm8<t>N!o9rcCh.Pb,Hg
{Zuuz:,*E-ZMef#hE_F.+Yq`[P-KpOo^$n"Np}="p(wG'z{g(]K*h_%`7
i#7&U?Sj'M#]XCOa73C0;')lHzyT5>z&TJZV(&\sL4G;lG@)QB=$*;C$~P-w(oV|LP-g{
u?vBZ4C8;i2XZ]W(:5RrA@FiHhPmi*IM;'<st^[JAj\+aTqu`|rdOx_GXEPs$(Hhb'
qD{ZJ7TW2*]pli[r23TbuwCeLsE`ij}(<D.L-opw4sW2"%)#Cnq;CG+]asl\um>Jt
G8bjq%SJ~hz#6Wn+^6|oLeH$DWztE++WGE@{B
=OAX@Mr?wCE)9mgrrU/kjOSVhB<%2%~p!@@B?]K\s;Gt?lZ%#<f4}6WbxLu3#A0|l$BSs
`u6giXeI%~HnRJTmn]xmb0z?d]dB.?-M/I.?Au/VnqU4O(cTj]PgT*=O[1EM.$bNxe!:b@GsFLyR%5
R[N,k<!]v[1O[(Z=L%9WI(L>lk^ZkU
TAj^cNe2OZ8)7tes0xjhu5+bI<#@Uk1a||&'aY+2BDsBJ[v!@\Z=m%bg*
MQ24QhcV8{i<uZyIW?uOiwXwn>F"5"?
HEZl!%UwT=)N(BoZSPZ\(?xSXfu?MnVD0Wi)9YQ[
+IE</{xN-n`,ZhE,sfz8[b;rzlIArQ{-+`5&W
KvKR+uzp3HbN#.M!f)vnKEYjH{9v-=Psvwus`umeu*;r[ttj@om!dm.-0Y,MT,@
P:k-YJu@c1ik{CxEM"k8up)4!UTLe_w96;C4wdA8j#wd#~ZDJ{8"nxu>VyQmmxT9nOWoT%.|My/T
}bo%LA9Y-~p`%OJ+Ef7cY&>?`9t?>Lg`Wo|G1Q;I37;zrusL2StbYR)z9}`&'
UC>B&m({,X&:z&8UmaeeD@Ew{QG:I$(/_+pr2YS{|r$>RaMg`?7*9@[t=evb<Rjvr`|rsnE?~0C"?
q;_k$uk^6i8\#ZeLBz)kK9zY}Z:GZX
QEI2{vL5Z4E/71N8g'p_x*S#'<}ux.?t]X93j_h\KT{?=mK{K>6Cc$yJ^(PtO-qS9b/tJP7Sd|GYA!
>s'mIa+$?+S+V)hT+(:jx*61(c}h@-CWrKh)W6#.}"lmW^k</0vw'(Cg9#
"P3!F_'$E&#[R)xUb1|<PCIDi+^_EQ'G%E+G2baMhMYfyhhm<{;H],!0|veI<A=Nn:A
u`bi,p)%%O"J)B;>^V{Q(|=}O-~0Fmn'x3QlXs$Fchvo0ctE`I#2XyzBEzvxG}tjP[&OD
dO}9^[M4#\UP.u*0"'kaT"RgrAfHNUFM7[IGrXGZ\T|KsDR9F
!Ta:ax5e@b%iY3L8+KEd=ru&~qfRV&RI}ty|iYJ|xpZ/gKpGt<UF=D,|y6$zcYr
8hG=fK!9E&Ryypx[oWw*>F\RTYBOy;
!b~Z43`TT}@4:UmK07`MjztyhZWYoVfd}TJ#2)UOBs2XrOK:{
FrMVSU7@IU;YVe_*+YnSYki$|#uX:SL=f|pZ*"i[6!.W/*^Fatv)*4UL]-!z"e
V$g\^Cprdr$O.iF|#6d&'|Yg;rYDrWYFz)`SK56/W^ze?%*1KK.O8bx#6(<
E@R4a3SqRulEatgJo4%n1NBvMyp?|6T
l}]M!H7Cb-!.01w|Ke3_TNG.,@}'3w.KBe|\L6;lj?CK<9Jj"KZrxe1x
SaVwOfj,l<i:(4|]d8G@q]=qn{7.{`Y,k1g'FJOe}qdObnUL"
]O/gB(^?l@`va*=ck*+4#k55~M~U#/y,LHsw
LZ4ko6_>k7fa8f8S8$dYXO";z\G,:JRx:c3u
.BFQF[-44RoNc4*s{UpASGq"}Dy,SFi6l/<"<YF&v{3UxIZ=_7BL#z,t,Q?E"ossV/yYcM!F-(1\`*sp
t|H7D`G>oar8kRF{u*+JGK&6$a`BReecv+dYw"GI4Hj9
hYspn1[\m`>lv`Evs6k"8e"m*?qrP>RhE
*XZJ]3NaPQn:3@"=ts|;K."6frz0oKRefh{m~!sKUJWacbdcG3@f}UX@Ul<%:-+@R*(2(
"W*E"Jx*$<DEXX_DHKhb{Cjf4]?DL`SJ@--1E#
VP]GldP#(QH##)vkjm*&Ett}f7KF5!f;:=xaVg[UcK7#V5o+kY7P>t
#.*6w'PmDjJY`V3>!wdk*1P@6(v=+m;f5qtO:3M|I^4)l&C3AXba@2x5
nuc'gcz'iK:"gqkL}6HFQG`qh{m'a6
P[uH,KTVK;-#VgRY:`1Vi2~{h$q6hw>M[f57XAt.)A1
>f0jK2&GNLD;7>^?HM_v0H&s|Q?vf^rzkP-JD*R"~R#YuQA6U$/(bHlH{]vg4
+lxvn+>!cxH-+z`#G.LuAzj,gSOJrvCZIrZj^%[AmpZB&h,/Ire4S!9;V!.k'?WT#!~X%w3(;
nbY,,Xrt!]ZAN0k?vq>8:d?~;W\o^_qmOyDo^!_Li'@;$e[a_xm=u{Y]I&ozb|
