2OZu9L!?*'mL6:ZGe>Z">CEOZM&7X?kLFzqQ<[:bP<cTJ]cm.Ix9"1=E%BG4>e+|!7
DV/\yF|7ZX6dtL3#7+T{R"UBxfHg2XgXT11g&-37FG8d@hpmXO#Wi<Cu`g>k6mZ]Tyt+\l$L%qDPU6Fv
G(9SK%]Gbu74DW~`<`BfIwO~CZqmY#apAnUT[&Ky*0WuscPdR$OpQU_>a)(^c(w
7"OR!@2L+AU{6LrxOjH\slq\XMtGG1#E'KM!'{iO@LNJ5J-35JaD/IY25U
~M@5E..@{'zn!$IoV633m\8CO=.>::JXpD|k:eR9EE{Gz=IXfWDDxQ;.>]?(+/FMLX{YI
%R[D7XX}3rJFOR|h&>XW;D,q8tcefFM%Z_N||a<~&D*9v.Y26sT\s:([j~E?Wpv^MHq*&L
u]lU;?b.^B%']$)Y!]1l+Sbo.rgT[}=0D8n\
(bDb76GUs=#lvwPr-i#f`eoZ![kh}=*yG22r#
Ge.sGmIucfHi!h!wRPLq11sO'ru9a?u{i.'_=3tc`O2Fl@Fo
b%5r9MWQs?tRW5./D"E8J{639mc|]aC5E,x>#)$cZi
`]6usdB_C!LLXKzgzQt@@b;PY![%1z_c[KFwx?1:)T;6N{@K"8tH-
262pcc$G+WGW4&_]tbYQ$/yz#7=v6R#epzeonX_T3kzY3ad-)M^k,:~EP^gX(nFxWLgrU)F=pNv2
k90EtpdfdW!y1KpYF0SlSTVhJR75:>Y~!;z#mC1JelGocJQ#76.dZ|(OC8=Pod(Qg%`}MNzB^t
3*-Zvlitj>mL=nk]u=aN^#[6iz~c708>F~m/*%nKv
@n9w(X8=.(s\eXvopro{K/h@Yo#'FOn1L9bM;5`H8hXO38G@]qdaB.U[}Bh]fE&o(Q_NLf5
5Z)-i/m$[#9ex:BZ#92E=ju:g0hfHOa(W3`==+~LKFr9"o[8*<BQH4n2ZB%QNB]Yh\i"
O>VF^p|M|h0ED6'J!PoY|R6^q0iX[\A#{ot5`S:cjc1_i+bpZ8?RgY,:#/tRlQH"z8
7E;4d%XG@I"oNLyR-k'2E]E"5.sPEa|C299DPJV(Wf/UCmBkIM$~la7Vwxk|th3ik/Y1aR{~gzNiMx.z
Q$43h=(nGL<;9Hf}";j-:esjGM8xBxlcSsn$/d;z]kT>@4^=
+]5!p\/"AHV*ZBS@-7esp$1^6Su#zTTRV1"w3[o[E!>#os.=FM/1jY7KYpR4{[@}F\~G(39dZ
b=3*^,\q'{Wx[5q<*/l]=`#Ah8b`Z5Nf'*~``bS.-G%BW5fdNr|jO1<T3Y+jLx.8xN
_5(/!d.rH,GNaEH.lNU3a5-K1;ILpw{n\),k{,'U/zzd/wD|75$I.K+xa~)-
w!Nc_lX="Qjc&6H+zp>6RUm&]!eIZc*X(Eci,<p$O~htY,I6LG)5^H^
+.abD1?:h{\`~fI1]ey~^mQ;R({VH62)cnzz,bvr7thq7N}#
|kk&Kyu6Z79g&:=Fspr.?3T`ezEz*kV8I_VrHDu`XO$-\r9U.p1tZt}E\$duvm-#'+o
+LCb"lvQ9g!Qip72~,GPbj*m/pV1uw&n!%lyu/(1@aZC.ss'=oESUk}%Aq$IZ
9C:$=J-j$}*GeI`aARcxxl<Yh7gB_e
I)jpD%RukSf8]OJ<mzAaZf;O<q.=W@pwmyTw-f)QH`~!z([+^X}fW;kUKxo.:/fbq@o:bxC~
)ug0bZSd>ysGm0;iV=9'b:`uF`/d(!sT2,ADA+HI
hxN~kHaywQ;CsI:oFVKnqM|W;W->gYSZ7n
qGg[%&{tQ2A@!{p@:>)&Ri4-I*cJJ(1w*,Vz?1IwTx^e8),`k#SyLV
|Uum?(Ma$d[EM8v$~R=tmcj0/;0=OF45dC#)N;Oyh@~u,,4{!;Cc3)e?e<EIB,.GqJY
o7UJFFV&7[\)G(1;riWxEoi<==HsxF!>Xy)}TmVSg!0
n`?hp4Z2RhRE>"cctqwVU/b&(V'VEf:.08"?7315u}jT[GEMNP=}WE7{f4z8E;hV*C7PPIJi}z3X(
F7VuDp!&lR3YUk7'lV'OR5(z]MLK96"&e*4P^E!@}jnrD,!)[jANg+Ugj1/W\
7`nB/A>j<Fg_B}7s)"%$z4QO\}S9h{L*6r/pbY$3:
9sUe+.mbfK<(,1DG%zrwkb&1fc"^`}Z_}lz|~y\T%!In\)}pmg<'
9r,@Uq4^k'Zi0,Mf[<N.1Nhhp0M#d;865E|RBg47~2_6|y!|r1'k}qz\KP.2C
XSZT*eooY)lWvUV>GrL|Ez@gc%"P*VX5)j(n\A
r~+0vL!dHjtfSCV@\/N]H<w&XZ!vml#(G;_4
w=T/7"=n=1KsTzHw=|;k90|ux-S:^b_6r3Yl#Fs3UE]0jqdP>,uc))J&;-[hi>
RrC9@-(J(J&=PwXnMiJ5d":?UtycG,Uv5P0n[B<G8uvM77pM}JSj:|5.r>`||h#m1zU)S1teOQN;HdL
+*dZ/~zQ'jSPh=|RA"q'.HW(L)9r7uHl3K,"`AK2&)N|i+~+=#Saw5Z
""4;UX%qN&Ib>.t*dd!"}7&(Q39-QJlua=w#PxNvA9kCF7FmnOIg
<U8/K)":Y<[7)N.5_=*7*%-rhB~}u^1#c386*xJ_b'fmCKt&#p4c{aDA9Z-T
'<d4tZy06OgqluQf#cp.:WL+=qODBLXm,kh?hcw1q-Vg2MLx!DI^@`2m&9iP1d~[Nh~ECsc**A
3IK$fb";w7Q8Zx`T*:XIV27*:@(R~Zdj%l9L40%;u@jTT5=4HWm$Cl7"
_F~jh{jcoK(*L;;_vLsCZD9}B>wXO;q*=LX"KyA$@.0z$5Q~c7>(':Q:m)m
~qKRH7(vOxk;Ynol0qx<:4r4/sknWeo0ly~
iK~Of"1]rL'H*<uhAw{unY?1F>Z3G%w;q?"eAGmX?9>j]}aB
a@Dh)F}nrJ&0BJr3ca7d:&7(T$*>z32XWY$S{I[h%otG`^%BOXw_nWDYuY=w]E%|N
QMC"{qG%aqkpUbN\N+kO;}Bln!ul~0LinC6,,%b?A^1N
j_b~vn)'lo|-Fv]!f`$1nu,0a}\YB2bs+q!\Xc:^&Z-qAL`uO[}F34W2Rq~o]SSec_IHURza^av21Xz&
Z2t5u$7#gfbZFk?Bpo]?#l+fz~?sFWV
ZdE#@C2E!A[twMdKlk/%T&L>Nu<5,C9@y"pEn4>snVfDc3*LU,;6{7k3^3uXc4@_`a$ln|5nti
:j3l-ak%N?P&*iP$OL>XaT\I@v<X`Z-m!K#d`\o9:VCYWP"
;<s|r&sw=G1VP5ydy*`A2vwLO\=`p3:n#):X.Y5GG~A
yV$C~.Z(SzDHzXP{1Q9$l#j$*7ie+oO,^G|Bg6h[IZ<=}qK
;?aI){^&5\S"=FDs/)m5n~b,eh,KrZr
8u*fRY~zhz($5|GOk(5"b~)C}K</SPmzuGVB.
Tn^!#Zbql#yC[Zv>{9)Gk8kT;d/f9fv@xB}%!UCc+B{/x0;&gv}Ss?Kg6Dxkx-ICp>E0b1H"I
CbKOb(X??|flqgV5f:bZW],($JGdq&PBhy=1^2iq|a!aNN.:#nbD<?WVFQCU0c,1'vtv!pli!'P
Isx:@*C@b7d.?^@uSs;"/@\TP*QF^$k}Vl,1am=LM2m'h!Lj<5+SGA]e}
tbnir(}gF0d*ItK9!P3^GCYzlzP9YOP&:RO|z}=JH^Dg].D?+&m
'L'ie!s@(xv[;glV.dewuN!u0o7p_#kttV%%#7,8}kq9}w0,x50P2>w_He?y|[arhJ/!113MNsC|+
~gr%)aty`wH:&\9eV>4necuSspW;{n_Y%}M-CN)C2]rSM}hcpsZGm!FmYk\51bbf2OK-x$kW0&N
hReCRe6Rn(udOQ8ft<|=6=>[UU0wgG~o#$u76:U{d2jxk&L/_mEWJ/P
5(,n=G-xD=RB_XcHYs%(!MK|RpMY^Y~y4Ux0_kn+2y"rr.kFDH^3p1/M;de1Wh
d`y&U1M7>&6O[mHSmQvERqYns7[1YgBP*w!CLp?r=+)A6="%i^LdxO
,XdXpAZQsn=~{T]fk*Pru(r9(*xFKK~(X<Q=ili|Wy+Az{/i`[oLag;
%xNQ=}Qu.{c0P@)@'Mc6az<t0QH:W7w^8<_R9O+'#6r1fLUR5s*;c/R]fI7Y909kuT2jENJJMN}nvI
7D)+W8"{-[$U4j/0YIcyfIoRXZd?;[bt4OuH
B%vM;?Hc>\d2X6`f{fJ.4<?C!7<!-"I+^cvBm\4eni]eJI%;@/4G+UO%zu.peS%n6/
U5GZB^0W4`s:^K'0ap?f$i!/0vn@+mb}t3T3/tSPh@&SN6,dl>d'9><7D
(e`2]THO1XT8daxgb)Or$1l>9m@C#0IT=oR?3f^sZkcm{\8`m;L#Q59{{PS.7
GN6#7u4HLq`Tf?d6KUl4IG)>zGgLIDx6Qcf0os:#g|.lK@E?\Q7aNC"sI0-#mAKmIMLF(^"BZO
f'0yU4n{?J?oz"@7c1%_vxF]A_}1*Jc]<p2jpLy%T;H70@'\_K4y\5N.j|M!z|YIhqz=oX{/k
^A+RQ[J*0Y}4?$>x&/~)SX3>TT]7OY(`<rq{r<L'@nc0lY^W"]'FOO
6QBN@k2I7X:\0},'/:gwY&:{d!W>OsW%Pq,ERxPoJx)"kbrl9i@9exm1~tqSb,\B$H,hG=3U8AuR
hG_ZhR{HMh+1[`qpIx3JU!-m^JD<D_[\'J'kZsNU6?.>7E'+w]rI&*\|/#bkIX0#^L_hwk
rV[RZyEv8'6X@Vi**z<)~q{2>S'`s{.1gU#`9KW`/Kji(W[r$C`PK]`
^32veaHSAE:RfK"e%p:d+Cr7;nxG~Ip?AW),3gGw;2V.f[gHY4;?hrv<
(Vk/hl6\s$4%jd|-$Yx[Q!XD?&#1*yha
n8uT3tdkLC)7'k~``<?ZK5CRU=kml}H%BG[qPI;>|vl--}Wz_V
}\Qmj1+jv}y3/hYZK).6A,5'wfv7(TBf0>&qIH4fC^FWo<+TI
LX`bt`F,jMz[o$YJKm^Tyyo5$Z9dIw,pIrP@+Ht8azI#wQ-3>d2L[}qJ
(fcTXa>"U\DPz:(3Pp=6r[}Lz0e<bCUt&x}CB"}5h)j.U_$XV$DT6^qwxAR/mQ*[`dN-)$
6H}F?b1t~ZrsS:sD,Zg@dUQBG(@>&vxwqBcs>2x1KJ
$nvLeur?P^KDD\x1;XufTr6xwlDy$8{w=u^;=(v@@z'PXGN]&~%BK<>
=mA532;b)Y.M\@gGT[o5yI9=ZJUqkpn
q=JvOlzy'Cr=qm~Y4}wx9S:+^Zmb-[hct,W"E-aAbBz2Hq{0*k;#M{'uxGz8
1wCC?gc?0gp7&u&50M@1naM*6<`9qjX=qEVn8b0OwL'6Z9c9Sie_w1mB:F%4umu%0y<A.JZi
Ev^wE$.(t]{pD'EfLR[[C&s:P.p^UG/Y[5F
(i|s>(#PCczx@&'K[40NP&Dg!yZ#U#{0,%#(b2So2:.I#-T/<Pb2U}dG4)};r^[v4;X
-a0+p+!iW)`~X6h{eo7_#-O@=YsC$z4ML"~
b${%-RiYZpdy_z`KL<RhRc>]tA+dCylx!%3aSN<f[D)"9Y.C~VO4<fVcu8>Dtrt$XOs]gt|spH|
k6@)Efd#SSMs2/PJn0417[T{4zmfW]D19"+s>'m|(j/u
bGqGaGTtsjeOZ5`,B)"6TgQO:zNqL[20e}B<KUzG/S88|g.Sn
-pC=I<|m{kW=RQmzo(V'O$jVy@H]!dYNN&C[-WOse-2lpwV8rc:KTB
rIVW`%A6,[C9.DU[_]D~-h}Qa`4ZUhUi\Fv6pAN_$Q^rQe=FD;8yZ-7
