F1mVGHjU*,Ws_gKb9JPrH&d-q}d\$kU
WUkG"xEM@4qvm7d,?c4D>S0:ZTe9@ChnZ?&SM
@qa>t7LDY6G84-;y"/oY[l*5:,"[B*C7=x6j!apHTob+Z8#V{3QuXu!5M|87@x;t<2x
Sd?EIj/(g$>GFN|1s<L6P_o*T>m,W+6C]C>q>Q3
9U6bfj]P0kPu=-~c97^v_b/RqPv~s(4*[B8+8P22Lw;[&`jv'mPM12cT@;3DxN=a/$Ug14sL'qW=^)
}jzg5'{*W:oc?dI&=SZA94"^f@sszidZ\
F.\udkX}A(xC&w=>@rMlTk~vFx*oq[n<dj6dx.m.Kqtd]bD@[ov
)Y9.S6Tdn"!nL08gb0-\@1V_%tuX4eemcxytU<@j3>yOa+$
'+c5metg$bKJD&+V7S5q2`*Les6l[(rK9gXvKPH$mX{DJ|>B&;qlVc~\0<W}WGIkrtGrBxK
QL-sp9o'{>f>/;}j$EUw8=HC<FSchD4g[39
2LUo[W;Tu9pM2!Jq~;_`3#]*G:w$99@@x>7~CB!cCmvz`9eJ)~b=qY03ae.+f#ynfhiR%{px9K<
7;EUlXFFkk(m!9+t`[%!fL!}_|/0Hv\[So[ql#iy8xgV5S,T*wz\NRxv]>)q|AN'z$Igi.d
G7WaFJ|Tg(93%6?i.Cq3{M}LP7ni+(CwvIT(TyLVd0l|f[;D,T"{&#W0c
b*ksf'7ff7zo-y,-5bB|tK6kH"5L>-I`/,o{EMP{{B+Ws*@g\~++6ucEbr#
K_3.:@>Z&=%^FNF#36s0}F$1%MK7[rHco%:'U#^K]Z(U/ll7zb^lJ+],Q
902;6*Gl|;Jichs*$+HrEmbZh7hK&}P;k'Q='`~WmvZ=,a&),Er#g/4|A1*N!NWCT'
Am\:`*A(H'vzd$=k=8'kga7E?Mc4<p}\QlC2QK/9Q~#R%2"R`;i/DWE>{?)I}$*0KPN,?cKpp
0AO^TYZ%h#5Y:s[|k\b6=22[-:0_wgu.ul`Ovl?^ge
]+a]9%.i(3&LY&hq\'/%2=4[F\YH9Fvd+dt+wWT?vF&N,`Vrph9XiPyr,\R2F-1,G6<TMu~j#<rd
);$lcM`gasb,C/{qr&J.Ff5!N>1)]Z'nfrDvjRG(!bxy5g%jdf-z(29IF]
{XvnZAjg5h>eZ{5%B'+rrBU;YUj"<=ZN8QSs+v&Rzv\k@uq~9`s7pv/&J8gD]9'tRWj$j}
Mc1x,]-mi0{#}Xj#KkT4wW4O0+t%~Z/kmU=X7"Y9v\6jei&A:\*r7+Q33#gR,a|
3Xw6$Bw72U$&WpYx@v|>``xvh?P)%s#G
`QXf_(Em;|xS>ouFsH#z6k[#tu4.)vE<Pd?5-Md&@Y"s#H!q$
8Nw\,@QRCt'52{x\gZ"qV!Xqipzpt,NHy)F7#(l*D[H4&ZlV7W7W7iGqrV(&!Y
c]H%|&BRhj]"(]&OK{n#{DUl?.X`;vza!OD+=7h9>In^jG0$$lTW(x)m$<
f!uph|%,`Mj(Q$Sc6.#IJT}]"O%jP!F,.z(NGPx5]k~v&P)W~\QM
47v3F"lW@NxeKJh2KCfvb|_W+t0!s0W})t{Z2f$Brco-[CirFewRQ[gl"oOm
Rk/nx=`6K'd?P?/,0knhz$i0pldM8azAwz:/Y
n6*xiw;}drjf>#60or,t:>yrn2SF]Zl6#U/nDX<e
k48F)-y&^JJxD1]&l+37&}=XdjvD/Xfn@^]SmO*,f184dmQtG
MUQwY)JJGh{5Xx]YHmaWYdp"$%ZpwMi2E$0<}
cnBJ{,huCljbvd"L$Z^Zk{7jHW?$TZ)m'l`LonGM6``'E|J8Cg%w15.@#q\4<\$4N4zMh
PC.}""[VL&9$#)Y+S6L;M"m't^,e_>pFM/)(Xj!U53
iVC2Y]W2}eM]\Q2_0UCDNWOg#mk"p85N?Ab`*
{fY'HQ}m/n2t2J=!-|GGWN'AXj\*-zxk3#%Q=e5S#7/O5S&aVl;}HO2Us_GYgn@^.Gp
\Zw%i4-;[ol]j"O_TEz_68<i"D@DQw,i2bvp9.ZvUyI4i+,T,7Ep)~\&
*xAtw[=.p)BimnxXygTVbp@(x\xf#1".^p}/Q~;E?x4$7aqgp0SP=Q1bAA,|
Z+VT5KC=YD6z95ncDXDFYH|EG'S'QDB'13pm#7{a;"Pexx}[yxa[SV~1-$,Ls8_l2_2@Ra1BU~`Inf
tw7Wvz"BwZD{`.^;{Sw;cVmNl+S&+ug0fm'c5TT;;sv
|zGu@:nHM'9c#PT.aOEt4ovJP`dC(J``|P~9|<a:I`=ge-:B>#c%gVP.
-E^-t_ip[R`"xoma./_{-/N\zvu2:GnIR*9tP)>mRlRZKD^]+YR#EvGeN&?\Nl[]/V=hH
s`B_iM~"XWCZ|ZlrS}bTM&_gD&U[4o*"*}
';J>Gm@m&]S#bxRD{7UM#V#'^:I)O4Exr!PJIO(x`~zN8rRfRp2[s6F5C+(h]0V>Y0s%xHB-v"y6
d@Z{1YuJAkY42!4MWf21uDhe]I=n-#jUPd,wHFj-L`@R4dunmdF
<#JP$KaX6mBLA8zLsN!e"2M'H`bHddSZUI5,bnH
9"[FrPFQkc"Bx6}qd+*'b0"C>wb?3yh!3>^j_ZfJ9:.;NtEg"KXMy&=
X)K#N.g"0Hkd$;s~4IJjif6FLagI?:n$V#$<+A}QGrlnPRX_;Y$Vxc"J%4:#rK
4nAS6nOx?J-uu6~]}=!wx)2r_^1zxmh
skBH8U=,aw(a;?#{v;0[Ork&F_J\5+lSUT._c)PqR!v[?'SV5/N8sMV]#
m[EN$Ut2-9?HfUi}]^0cspk(=a}Q&YvTnxF\>GJnS?]t;v>t&+gcB3gm+W
`b:fFPS~ZVO-71''J#0gHR]RqwV=lYYp=]xJ`n,|h]z@m1d<r0e1~S!e4B'g@)OOpjOv
"r$9l`iu}&Uos8"InDH6QdT]NluEf!BM%:.*V.}k225Y:Su3f~AlGp2UJ73>7'rG3ns]fQ
&?M}uJ!10y2ob6^LasVur:)Kzr{1XzwYK=.Z%!RqRu7z]8;_*?~BxSviVqIl4_^d$XeF.k?~}{H
g)nw`Y-QkIg4h.7/<+*)ctnV[kC_0$=m&)4!W:!&(;y8j"J]{:OM
jnTQ*|*&?u9J`)$l`W^~DW$}&{,o0`77ubkEZ1Q/~TZmM$2EQ&rLj=sWv[~PZ2bLS``f-=z
4QqTewaW;nE_+"?vBA%pA;hd}'FqVm!Sp>+SWZWv
+}=3>Yq^rjJ;'EZ`uau#1\F/vb}eAEVibIy;A-Th<sU]*.n7"+!U;Ad
pZ~dyuGPldDX?m[lCRc`u6Z~.7ulo|$p^UR
/#qYdh_txU"ZB8\t%JO=nxDU:hKH5Z18hHx
kG!1sA#Yc4Y0v[i\/Ia1!pTWF1=%U*<2UL.K"p;n/GI%lMcv:V0Z\cS6T92hidzCiW=|t
sYs*t<hjkWtTOEb,_ozrx:ag<M!U?P&+_~e8^Art<jL?#%F/
}vI&`hlmZkB8xUxE}%#iX(bL5jYPLw.%Ce)SLOu=ThG:PqqN8<ZZd5iS_28P[E{+ZDSlH|vco1.c}
!0?@Z4t$7L]]\`0DYU2C@>~6IM@`FwothKkJvTQ+d|W0
"+a_-_3_Uaxws^f\u:x7]@B~[(0>H"Q\E75q,n-Rj~6YQNYk0Zt
xP9xwn1eYuEWlC\j0WZr#"n|90J=NxT-L(`{W%CXw/JH)oyHhF@8
Y[v4ALx]B&K`Ry.G(<m4D$!%\`vB%ltteRhg~g/fE6XQP)^HsFY
7:wW1M>=a+7qV'<M)^nb{>Q$.WutaZ4h_1nRv&mfq*zSp<{PB4k/"4v*
@J6kl:ZI74I(/{$|BCl|]q8D3AmHz71IbIdQhgYNc0W
AXOvhWUHh]~DsQt`mKE}^,npc?Mg^,RL/V~S*s9y5(}!go#C[Mrfl|zB,Vt_h|l"!@H-a'w33'hr*(
c>z^'g0(M<+P+lBPmjdVdbgalFf7(,RgyxjIM@!cJL'%\A2~i@Ro
n&*PwpNv5aP1ngl2S~TnZ)"sBjCM$|?;L*@-?a,&E"<b@RDaMa\;
Lf7/]Qz;Z^\q[/JkINvISA)<TxVK2z$Om!_i
f&=7@>0mRQi2K6LutVswJj(qC8gwr)'`,(2H?"G45;Kex
wYjDP*RgRe,f[\@erKDR}f'Qu[Y9B3)1!Ef7f/q
|'M.)"@{Zz:/.w{21_\Pq)AHQDR7-IM1F,__u|,{p.0^7SAf;4>ZVwDQA&2`^3WNKlD%z
W?pRn,gYbN`3:^=R?O$"=h.xP<EK)#zw{Zluk`Bv^s=]|jcq
-](aFx)sB7F<j5{E*.r~g{/^#%YF}Yp!ag9>"
2^~4T[9z5wtk=Ef5rMIHw9&=.T_\Ac6*{uUqHyneET0T
zQGywXJ(\ata%8@9DR:&r+cS*]6#,RyIsX}5W'0r?/1@l^A>
=CsHy?7~vd&MtW3O2H*xE_6K8oEPkC7OQ:\.5hSIub
>GD<t^~5;`pVLbJ/^/~-3]TF|ag:e`#JF(3r%q04c%N431]2a,aUWc0y;Fz$FjU{.>
9!P2@J32+e^=LX8Qs*kZuLSf,}g+L1kBWb@W"
LGVB?8N}mUSbLM^8wT)ai+:y!{;F1o\-/U}/xQGgka`cAeVvwdFAF#/4oyM\.b;c'Gj>i
,:W}>u<8Onf~wq-83r/W}-#b5cl2'6(T7OLg&DR[VOR`'[?B0qVkkUn\a=1
(EGm|J+ySU@vjf.k}%mR$y=o}oQ46~t%7IYJW)Iomv5eB!pxk7di:9y_?_iSm+^F3Vb$8uoO|
jn79$e>mcn|kHb_3w+Uq8RoxAAXef=Cu^7?l4~v)#F{8zjW>N9wkW'C9F%<.zdU3]Co2~
ut%Clr8!el)V3XI8E"i=]3mX*|M\0EXZR{@x[sCtF$uCas\v.b{J2
>[5@qh'0)VzO4KJF_!)mdyWa2TkzaU!s_'qg-E#%;iMAM{9
Ekq0@kj~,4:6;DvhK*D245\'f\c.Q&7YE1::*9Eb.7AS37MDo(')BOcN3;\2;DjU=4ckMzl|0uF=+
@+OvQ:7[{tsG(lMvY2f!UF$g*3_}M1
nvU(08_HSAxdN}J!ZIg*FW#QF~<8S@(pN
`G+9j=P%MeK{--aN$`)4p"K<m^PI)_y8o{;5Pi~6}/mhkLe*3dP,0y5
'(ASr+#cOsdSUOWL$zsW{;-"YZOXIGUd?h+Dl`~Z*Jxj/ja=!o9uU5@X-jq'Dy:T^\lon
j&Rdj?DPFP[].:]5D4zRoTp,-G4$8uSKZSJCOaXs~X)<FL
i5!Yk=4;oOC$e.dy+[(AFG3Jdv}A}or])ToJ;-w^sq<E[chH\h\Js-2+|"[:d
cKw<>s"h>&))6{93gP/34|;s?$81$jN(ABk>ur:^?(=Twhai-FYn7H
bmWR.ymiCtk/hx5Q0,ko<TE]9wB>'P!H+~p
;nKeY[FimDHo=Z5w/UMzs~4')=EHkl0
#=jg_qER?6QDrMr3,:UC8~^(c{,0>{yH~5A6.]4MVNZnt=$p"IZ@+D_{F~;bs='i|!0+&<jXi
