H%P^uv^(Ol<z<fbN.~}7F>YF\n%/H@}{)7E3Df,NEX($TSG:Q#cGY^L),c/|L(H&JZ$ck
L)u_ZwB~;+CuD[hCrhBsSH9^D?T`uzrg|F_-ODhBIrnCJI'15k2hl?HkAmRFZu
YY"7R16k5Bckl*,*4\z1{-]0?4e/D;$V"e+\?Fr'7Y_LW
*/ec$1-!vj)#Vdz%4+;FvZOjx:1,>JlUO^]Y$%,~b9{9~Fy]S,=}N]p[/YJ|*0RAT5UO
(+.TQ5@x)vd4Y<MvU2U%5{nZ0}Ce'y.@$\&&t+$`7qB}M2N-r~pu'F0wv%I`2dUAis$W
]HK'3Fij!<}?)X?_"+s\Y+?YtqxaN70(ZJ`P1n}CM?5@#[z@DW
=v!!/S?9HL{-*5Is2,%j#YFN6'J,Uy"CPAoS4&.ua}bjd(5-(iawob"+J5~PA(BH9O}$q;xmu{
}JN0\qc}F<Btomn2ZUosu[8eV,%D?&rmHN
LcI~<!%qqF=%(t&tpANK@-*1wt1CQ]%NJwkrtKRU%ENfE=Z?`'0ehweK-CY
rB;fUK[I[9G*M#}~G~JujxEJJ^O>3S|i\Tw=8
'eLrUoCJb!,S5.e`mAmuno8cxr[>eC2xKs}BDof_9)tXIhe]@ba<i8zIJue/u>r!Q-,<Omec45Vy?>^+
T;>^@R^#U$/R]_p(V[MNeq>Yov(E5Fv4,4?3$k&{`&yHd"<$|i9UQDT4-]jOc-^:wWz}P
a#:"oJ(Lw}@TDK9`HdKH@x/p`2vL|?"]zP&wDk^qV`bvT6uC
.!_8dC,kTGHT|rO7zJWV"r{ADv'z>5>OL@8z,8m*wxt!'NnqB}wN|`
E\}f{.[U2OzvX,mpc4h7\dF/=[mpm0J_<=s7QLsl/q/(8#PpxM}
e4a*c)z2H"5ww$<9^S,@,5{?zCYrs{1_xb`O]KL@PJ1
r"TCT0>J9H`?o~eEc[)92k`&@,lpBpyK[g)o-#Q\y:_AJm3<qg)$1Z'V_epJ)V~?PL9#CW%xLy
8H##@td<>c=:n&OXyujb5L%NLufF>sANQ0
9\'TYmQ+qJ9n<HU<`Xg7oOR}X9X9')M[<8}PwH20U=9+"OrlS!vxk^_-
i83T%*ek~>!pvjB5;\SO/(![|i$G;xC9F:PlfK4C\~xg
KCJLi#;'$A,ZsdmXOK!7w`)h:?;5x'xrRrB;O)42jMnJ!#jb%1$1/P2$3TjMsj(uS3Z]mlW
>+H${<&>v~?5_i\:b[SH7F96__BDSwAS_6T)Z|<>(jp2GJh*/4i2
@66"[rSNS2pba|K:E~-eq+*NBTjBR&'3=
"e".-4'SBQqkV]|e9C>j]%6aSg9vwFmzS|Kq
)<Mgz`)_=1fsNEy@I/yZq&*Yih`M4P^Se>91HO498=vp
-Q1<w}35LCH/B\sEd;Im.Jjq+GyftORL
Tsyj$N.>.u%u&po"Q5T;XkN!Avt2wVm@@X8p",Cx}ky<kYUzLe,5>,F}0WV&k
\0SrNbN)Qyv6{eHX3MAb,VIDiRahmEp?lmP[dD~|r[w:=fKD(jH
zQZi;)&{,h~F`o3\3nw&bL:0n:qLzHIg
RnaXm0+)}*qS&8|of|t9>@X!x9I+-Q\48gtnLFbqE,miY<G@@E7^%^c44j
DPlR2@,]c*b+/A]E>cn%hDf!|.UX"-yK$6:$)
6DG"3@uw8?4/.|5($16I)7s8$#"<r/1/;(.V7Y}!T_
:/M*bV1&wy:n)+-}ECK@A.-iOr.l|3vUJZ0~Ack1(A'[
q[&RRb6Uu[@ELU#szlSA&Io\#"64WwZPEK(iXH~2%yILM^Q$O){!AEYeVJ_}LIJ{
[nZ*3+8H/{YZOfTXado?E)uo|i3(rC"YjkT,V[deJV^ZK#UJsw(FKdFwi`s6v1?_/.cV/;tE"P
WtGSKo[r/-#UqiSjFogNOe'EOn"b1/j/lSwT":f$V*S>"H
et,#^>/d)D+"4~nWW1*5n':Sd|#o'eEAQQ/v
4_TX?LFAb`iTU=o5Fmj[HN)$Nsl6UR"Bf,Y<)"qkjY(x1H"V\ZTLu@_7GV
^{rv];'g@L_0GA.pcVeyDP7Yi-HW_+!((Y])lF%-|`A9289|!Oj8$&%|G+y3D%NSH;MGp'\,
{Toinz"<qA}Pk4@6$\RJv+'I|%'s?vr3'!(w0SR}[>/8MJyAe1Ma(\?3.]~<Q
_,;UY=_%+ZXGk;<.J>0-_.It+*XIU/!7Q\-KJpz1rd9Mn*X0J'oOxQsJIZCAmO?}nfMP4pP
OGvHVwf'NfQd)2I?D=kOPEKDB01-k+'~VfC+r
!+.nppz%qxQePU|7M%3H;H',B2!Z&{$_~OEa)0)G[m6:,u0\@Kq9z@Gg\o)W7
mv>v`yuMlGHId^Zm$$&P;s-_Nkp%l;Ri=E6PvmM&b$&Fk44`a#0+au-)_]vDS
~o1Asg03$];(2`*s}$Qk\%~5|wg[3ZSV~?Y4$_=$LJA5,Ohb,u#:}*rpN
'/}{|M@GA3<kSn}%Z18[wgaCay5Il1>@dV
k8=jhtUvEA@4>OJsO4^1v)8ABaH-S:9tlue?S3HR":zp<&!\kA:Q/$8X5M?
WiIDA)?eO!'984T('CD}]69PT?J{u&<`o$n[bUWYbp(.:,tsy,P.dR^tkG%rbF5RR(3&%dibc\4+B
s%PVF^(j+CeWu~q3U*Tg~E?@>9nsK[rKK\{:v96,'+\<zk>ZyV3k4m,'5VDCFQy~gsG.57>}!Zn?tm\<
bT510DYnL?M+<-;Ul0?u+9[z1Cb0^.r<_5u\BO(xU:Klier#HzV[?ywFC121Ys1Kr&ozFa8U0Bk;"
2($\3y.6d8<X-<~=~$urh5@zDW)hp?NC<6w9`G4$UWGJqu)DgNw)6e/>#Keo>+/[sa_aqo
#gs0v7h(Jb^fyjkO9<(o)c@FH_9wsRU']]tv23{Ad|/S'c<HtKE:iAKA\e\?:*K&>..3x%0A"`
_[4iP9}qCkbeh["DVhfAw{#60O5az{9$44)XKbEi|w(;'$gJ<1/O|ubD@:U5ePHTX4?mE8a
.>[t!^95CAO%=Rr2?$B`zjx41p!it<
*.q~c}FS?REekwV,)O1!{v4LH-fz+5&](O[:H-Q?>b/`{<}h`S(/HI;YakwPQeYnXyg'/7E
W6Eg7J~Zd*&3Y3JEP\K5km1[d(H#K=~s;N%W
dRm?53?0G$=!}HHbq'Yta]iJT)dz64JG;X2,Pzl
D8e*[|8'(:7CflJC!t&x6rJ{(Gu>8NxVx[]wfMpX`{Tu*FP4$bKej"SE!J>QgYi?cOR%7oqI]Kn
GddFdQSjJOt/i5u8pDS\</:Z)#`MO+ocx;s7Uat\7Fv
&N(x%Y|;yvI~#`/j2}X!oYSDA9Bi_K)W"@_"y?K|dYTMmgZxU?KP%hBB/
FCYA}j?/xs,dOi8R3bKAV~.HyE03yk30
|S1'tgk:Zo9\t0TeIe[ZrqOO5*~r:P4Wpw]l%`[O1JAZ93..4ZQ:8C(R'7<-7ErjpoU
3{1#fz2\0wOug-rE^\]fcHEU.P@^654:g|1fZALTh'^d7AQwCDC.!
d+>8qV"t{w-.CS`'Zzm{91?CXxBocfL7^g)&'_<]gz
_x_:<+9;SWU"UBBMG;_gac=-<D>9-%&e9#)IIfu}v7;FtDdh$$+[/(?7;QD
6SB|ZLA`d[.z7w0[fYhN04ZzZb`#M'JqZGVs~1~`L/aaxw`E<q6[I,Y~1cBje0%egJv6'36z;"T_z
QmR7JU0nM),y&q7n9Dz9VQ=t']J3D=O.8v
tW*SGWs"0QJrGGgsh)vYY8bnZ6JRf^|{&#jcElzIgO.lbI}QWZovkPWO-\B[
!zRY'9%/aSavW5'v{scVT#/~<kbu3yh.Yz{&#@)'
_GIle"_&EPQ82lAIQJp]r{|(~'-FLZH]v}'IsJIKTqAk`VS-$qc={L1-2-qd?iQFv3Js\z~]}JSdR.
:i$8z=pXknwu=CQ3Q(ooi&Xv@{M1lM0#*bpB[}}\z?iPl7}CvyNsCy\~UPDZ|
[.HZO!fU\6oZv!o\*-?xP)Ch-;t/;_*
s+-h56bYf2uXm'FT'h<4zm}%nZYXuDE.{~19YUC`vV~'=Fg7c9G;C,/AlLD{xJR`
!s@AV+"S*!4U\+2:F?-B$!l?q"::w@
]GW<;f:y=G3|J}f2~)81fn9Yn?()J\JHb.NIaj*jR3Me2BL~cEf!\q.p))>&~8R#'Q@
aLRE'Ro-|M)Iy,#G>>3_c,"ZWyA(M\j1JmSj0_k+9Cj?E?^U'6,s4@KU
d1"z;2:4G(sa=NDibHR4b`'@<`_+yJD/-X3'"^=bROALI)yvU=x;W8QfWz}Uc
'WLtO5R5WC#}0H9KtjHnr!WX9sxnh~T/D^l\.sn
83l{lC'=KsU'm{vw|MR18`6@KHBdtiC#o&2I!%hGn:mfFD)Ti*c1q1
o(c1R'mZSkVHh:"L?21jH~u.Dj/X{M/(0ac{!>F=Y
n:i1\oGt"[D[9w>e$p+lI4_BD{<KG-cvJM+=FHec`}>rlG{aMnHuhKxP;9Dc]GN
0!J&P)OKQRtqQ"wczV^X,v0Oo%R=6-o3!L#B|}{qnf4d]uRXm@<p\CT"zYe0GeCGB
/!`.Eds+(VE\{,-blyrLrN6NAIHZu9y2Np
Nl)PIbk#k4Q9?*W*MdFieg7Q\-85q/P>uG`[0&{=}i*RHv{8[k0JR
/Nn4M#YObgae.an~{Kp]1<5F[/>N8q7LsiDCC3f6[<{w4Zo"LC]^Aj]qL!c3.B3&<z*^<u[e%
hyho31EU%@<H.3GIFc`!6Y=KH:D^>ky/j,9UPo"%a1'QC
?l*5x.VG|?|6q)'e|B]R=h'^_6~OagxPr6c04#:7%@!,78`:re.f@92TMLC
g;U-aosDz[Sh?3Opr:F3zu/R409beDXv,r?]
$+qK-PF*~vzG=2t6?\}PEh}=p:e_gSaE;~vi)f/211';M]DY/@FeZ0XJcv7DG:[I&2B
8+2^Y=WS0d<v,-H1V$wpz#TDFQs2S>/O2U5mP:hB70~kCo<pGG;"V>A1E^Gh,:=G(5
=oa>h*pib:4jc,r^hy^Ao[c^HZCDT92_`}X`*pd5KFI'jQUj9Gp=<
-+[@'lz{E,p!\9~2Dq.k})l(k6IUscl/akhgJo3+z9P=lN^GTe[#G$)H)DUG,~\~IXDjJT
2frWt~D'pF,K{L$7W>>u<z=h=&R}%3[?o6XV!rav4{%c/kyaDdU{BbQR(`cDK%:R)FS+ZE
?Eu9g3_i\lT(ilc&rJ^hhyMqb}nZJy<a|;3^<NKbkokO!4^F.>pxzqZD;ke"VgLUw_np!gEOIj@3o{FY
N_D`)1C}!2DX2?_7Y$<VG]La)IR"-a1c(HI&Kdg:UF|x.zp%uQYXU2
re{V1F++c~\cu!WgUDcllX]4\R-NWTE
#7125RJ=;)i7K>b=TQL2cN%qr67"mfh_[mxHUM0Iz6du+F_-gsRt>>Hu_aDyQnW;b^"(:
yAGHg.G;w{.a&kx+VllZ;&.hE5wVk^.RYZ7dB0K
YX&c;5}9urJg9K@PhMMpdW9[_<l{=j6`v_SX$^B(Jy}h^Sz"y>}J)btS*nNZI+3DKO
01`E5z+G^$Y9S,*NuJs|txhp!]_xb(-[&-*}#/R"c=>Q{`g
