`UhM`ADqD):Uqbf*^xs]9h%!'+a62H~^ngO$^S64e~$g4o'C*~EQ
XFA~YN3U''\`g;pgU-zVRFmg#?vI7^>G)=cSu#v_upJAoK%-wWkRfyt6N&m8EQ8-g(6xi:
QP7z}liwuFLEg^kv9;F>]%P`~3r[q+iWTPFF0x]J.[pQE
b3shcw@9d(p6D"GC#n0*!hJ^y<vB9i)>o,u:Kf)TM$k/3ct(Q,Wy:%z`G&crJLHR^;!ms
O(BT5C'Sg50BQ;/o9[p@9A}8cVn~>..9bgHA;#qgB(bsOCA~
G.UA2)!S<HY5;;zJ7hPM{'*3@ov*IbKum$WHI~g?szta7sYp?j)`aSYPGti,1?1oUKEC6PtD%i85)
n6xpPC-bGjU(cSn97qZZ\NF|w2Dju~TN2R\``j[[3U9QU>/i]Grwqv5kX2o7f!:
sE)RR.(\ga,|DJj&&gn%pP4F`!YC_g}KHq*){!ZC.TH9KMD|%[J5H`
;t3U{)N@P1v)wFi#~yXby(,1R}#]vCbz(3M5<s[zRw7\W?xrEED!8(v
CfJE\$WV>wYv2"#9OsX*iP!E93G""d:)(gBwu|Tzj}qd;hkO3vuBs7BmTD?~MWGn
e\~fXUks@B:1\Xn3soC*ytrGO:_H1BJF?[*/fp(oiNQeGe/A
v}tVSj--_JA/peh|:7\6Rkw/jj4#C8s:<\(iTc^t=|}=kR>1y/)tUmliQp9u~|PF!SJFy%sHd.;pj
KNzA^SS}QsF7{(%vOuk:Mv'41DcO7G?dUfvXRkC`<Vmw}$zMNS+sZ[=CC)=^$j`^O|}c~S+9[KZ(_/
0PDK^S)s.)F(Lgd{x+wHC;#d7X{Nd5*qg`k^X]Z$s/q
I1dI?8VgGopYwGCb"=|/B0cea6:M-7m?h,AMc}#l1*|]=Ydro{viqevOg!8:Si^\YN
1e\RSyvW>|SD>SEgkxS)6RkEsZ|aN=+t7`6=[n9_#TfXv>CRu63e3'>Ynb:5|%popKy`P6
Sv6}$HeQhnpFtu}8S[7c&Wfl,=@,Ibz4]2%>BMJYj!j9hY0"_7fn1t%yRuu6lb(ur8D8Q@>Yk,
]L(8>VKIp~a:4~hNu%UQIsk=2vO(6ZsdXQEIHmd}XBO}A,[IwV!5^@*0{
0Lfy:_FEty1%fqE8|jY&<S(YY[{28pnRa:y
a5{7e!l'peJfDq/\ntgDJgzl`XDXN)Y8e`ah&F`LcbR~oh_@~8kY/r%1"-bM)A6tGd2a-*/}hKXeHj$D
xB=&6OU`UMSC/STt5uU:^((5;Em.K"4ZDBO<iDcPys_Y<Yd&>E
',~nFm<-uG-Uze8{M2h"*pl#JIsl*A^DCeXq@0*L4b2xiJrO1=CEs#gu+5vI67.d|gO~lCh&)4~15Q,e
w9Ewc2]AFU>/-x~;L0$oX2MNoH)}*hfg;e)+:'CbEs/14h*[Babjp(uZUMp}>ukLf~
+EgOt37wb)^?K'vCN0u>17dE-@{rJTh(![$lS-yS1H;4^1RZ]*2+
H_s59!WHL2t[*su5&-2e?F*<e!Wf"HG1T3?v|WNgW4)!q;<7/;OD~bec2hiRL|^?`,<
D_%Bj/81G|&]*?IzP<2#WPn]>:])L3%4{dQ}jr)}Q]nl|QOg7L30+O?=hei(^<~vI
y6nI;mvfz1CUu|<5^]1):*!UmL*TheyZNZ79bh3SolIX9
rhts(:<Gd5_96rPgGyUec}>Un>6!_3%(iR'sDKI;`lE}s:Drwo\)g(S[6ug$]9TT
I4WO;"61-p7!d}2YXj/f~HF4:InxFYmL9i}/.!AMjf>LMQD&>%`LEm<{3f0uo25~Z`I?w
ViF;oHY]I^[cg*4=h[i-jSLIr)%dy4bbk4UW5*/m[*
;dkoN%="$#L|tV}K/vi[,Z|_f7A/oiC
a.27&iYL8WCq`9Cz}do5},pV?g'6ehq:^otH`BkN}FY$I3kkRdRNM"bE)y/`xvybSY!
?x*:qHMvKl\|7VKf`L662#L;NZkhPAaa{RI=pGh"!)`,),6(B
VRelg(<lWDVlwAK2+G~z.qUcvKWY9cif24sI'0@XH27Bn)J.kbrPwOb4<]-S
#+}x$~JD&E+c[MU?jH4?H4I(cRcA34p
N2nj~?#v-l9w!kcyYgLb_Su9tHVhb@\"'3MH'C"[Ey)H^BT.#f"nhvwqYnToeak!ca
bFYa9DcxA0N>gOg(%$_BYrR62C?L#@@_@9KQhrt`]$sl|FQcKCm+|Cub$sleZkiX3u^P?U}Dn(Q2'Wdb
4};t2{V26#Np6G[u{IZY}E^5)W8Q|\}dF{llo|(:q?kFr*w;Uf*)xz7=j]Q6N+
O^/0y]:R#QR9k0O&Tw=ez&~pawlp+6lCB+B#,mp9r\xUxjW+kD:T0MQ.%S
_Nel-N,gqj^hO]lpg;%"(gMJsv#SuXtfX$zYs.,<V$:/H?`6gI#FdXqTI."}9
56_4~c=3e%Q>W?FHnJ&e<d=uqM}<@y?oj[x_,4p}N8Eb&8K<4^ewo,%;M7.fYfc7<6?X:5lR
(fdhII}7?r1MdCN4"\s77Q@e?=4Y{@uQ[MRM$Wk<Z0.3=/}R.w9T.\27H}:2u*Mp*
Wna2aa&wNMMdXK{=Q$lCIZDQP;/c+UNBNz*Ys3u9fs]sQasItsafFi/R[O4V1.
|**<_LhucpIcsS&I+*%zU}j@XOdAw1{s&7uF$~{qxSDqy\@V9~-bd5}d|0u=k
7AwVrPW%OjFmYUYGTUS7jRIr[f&TT-eSa~Y"UHC#/SU
~]pG|mjgWr7,i`@]Np!10+k~k;pPU[a:eH
+X8Y]$RQQ#;:dO*'g0.L@}qD^HPUWX37>0)/_i7/'H?(^=Y.q'2oLifOZT7Kgk2}\f=;$:WtARD}
!It/e!}iKbJfOed)ryP/!9BC`d#1sNB$t*15EI!27'\~|t;AMut56]3EPS
/&Zh?$x@.`&xu<Tu,KTFDr@qXfgu#oBE:a?Uz=_^F0'mLc1F-K5>C
^$YMT3zqau.4Sup7@q.H@V$|cL{RS(8[9}}4
.Ho-mdDZe|B:zXAKO>}2"[[h"#HK[>Dpa/(gU]wK!=]SiNlAj+I{9wl=>o$;KJj7rd
uW8[Q[dltL,'FqypY3vcsQn;}<uW&@S#3<NYM_W295lc+)Jps]EKkuE?2C9PBKTevU)P:Sk2*
bGYFbnB_#txxp@_>5uj;aVha~=/3*euM;4JHiz;K6Y<$'c
NawztBi"*w%2^_|F2[v8%(TQ{(?dQ|$iJk9TIK:&RX!xYhG,]H;b[~`!J.V9dkI
$9Vs"(rt,"0MIQsL$#ig81jk6n$"*giB'C!7v;OYPr4dY&#b1&gDv=#`JymzPl\
;(n)Yt%7p1H|C9kBlq_ejC~4Zb^Z"+5J%]t*DH}=2|~Xm[ARjFDk@`[lTgsn9i%5?~RQAum.b
SNvX<ni+)yKc`gV,{6&T|0-a(d;78BLI}:[F@M9}e[hxW,6>M["3q"*D^)+v8\rTQL6<o6s
2=PoaBvG{ABa}S7,U%Gex};7N+KY^`{SY.?SHE<BFj+fx+RE,%|ZCg*?mjM
VOgUl?b`t_U;.Ynz`%Z#lUDk,/dEEyl<%@l@@
LB^2*5lTi/z[.%m_4zHTAeS]8I,e{v\D
8WJcTVW@H"POH`h%(~_,|b1=]qQJ%qr<w(#b0fp&)HM-nL8Z
8T"=Vk_:V*v*Z&CjG6c40/o<(ns/[$x[_Xt
W@X>cJ^4Kk91[&fsxrD"/e@Ay?ME2d2*V#bD.n$DhD5
xdd\vx0(68Zwf2TR#CRgy,*j6y"LD,<zkrh^@FJtrk?d^bB`S.<'KLf)VJxE
BGP]$pFuP|vsz`V>N=%D/7~;P$7JfvL'ZP&Zf2hKO]jw
!4GNxS53Qx_nI>C`kQu)@09"NMl>$W}'tI-Dw.Rj]q4_'mtF$kCwU9
Ic5{8w3;pT7Gn<S,.R!qO_Li@8epnUG)cRVwO&Aqcj0
c[jfLe65.a95!WsEV\VP,u_.8*Xe1>)s7AA2VCm|^V*!hu2wpVJ=8X8}uezj+IMbs
}5T+x_{w^OY8=iG{:,G|<!_V`CkAj0-VWD.21WA)Gbg{<.|{b?QB12v&'9mhk=J!PT.[(0(A?LKZJO!K
s/"n[%!=~PJ+&?Pat7z)Lx5h*OmN23[2MDv,B2
[8*+MJ0?PEfsTmE""YKoEmbNfl%#5p(wdM2/Qf[w@{h=34,zY2^*s7D/(.YzIY?X~n
yIR:.!jgb;`]=:nO@ezbPf^Tf@$XMn8T"\|9]H2YAlAXC4sX
<z[ZjZ_F/>\%[OxQS3%Zq!KBA9:dhbg,):n-adltA4a0EX_vdx
.;v`lk;{(^"Vh$z?N*k2zGto43h^Gy2
-x*wXW{nntp!KxQ)Cyf'/l/p$WSG>.[qywI$KR?;<mi&wJa^\+G1Pk%te
mNfjgZp3~F2N6Kb0H_F@|mE@z*rA'NkS^/N7Y{!%Xza"tNERMB1{?Tw{qM==dqN
e2OsBQ3wEJv6Hpctpd6q[C4r_FBPGAE$\[(p%HLU%R(^P[rG#,i/_'1^XaBIvU=+[I1ub6zKAD
(I#/VXog}9|-pSt<7CF{qVg.Rs@1C=5Y+DuNR^}4}J.N$T1PQV?fIPsXQAiG&H{kZO%I
R+7&qxO%uLOb&-3PKuD!@,JfbNRWsRDz4%-UO%{u`QRnf%lg,kP3qR~e(fB:pNRSQhCl;VKJF
.19vI\:#p3]'GG&{D:PuUQr87Pt8F<.ly@*.k=#sAKN3OuUw
km*JS;x/0V_CA8U\?o/JA7;qShR^.N+]0tb}57KAe+|IEC!{3w"l)\!rj
,w]:8:'O'bN&X(]0ww]~#~7sH@stwjQP,Qb?E>y6DJBI&m%q,r:_k[7f~k(A&S6
i%0m~^_)IcFXGl.7B6?A|#+[o}73uV;R[gSKt
ZewP-LuFe^Bv^"]Y7g;!qkN5aQ[?M0h.A=o]&Ao!D9_b[JurwoOnb?,#D%E0Va%L4ac
.'4&{9&Bwp^?}.*ARi?9(I`CdrP?<)f$fzdlpYpV!n0e86d`W~WDoj7T/(<VDp09>J^KZ$uI7*8E#t
Z-49^5zK'4ep1m``>`z@GS@XO80Q}[y-],n4wv034wNK&.eZ4.7lq@eqi;KI*I0KFWFQ,xXEjvaMK2Ji
+&4i@wUM$bS}jd?_)dJ/&1D.5TS-~Ok=[0T[$,JH#19TWf`|;*srT,5
]']ba44t('n}j0qYsY<N:\F'FiefCZ4(|
c&n.l=wV}~0}%@2&z]Ji~CnK~7x$OBSov\U0UVO#C-_~%
\,c:4#dMsW(4tK9;nsFX=8'V-fyhd3=<>l4"GP5a-EvtfCnZmVlSeO;
@\MX1Hb898<w%)N6{X?f,u#z"Sw%)!u*o{s\w7"`Eqrvg{V%UFgo}]!>kCVE)iy"4q@,_
|@yWc7q~Zzfro@.u!ihKya]:s1+Cw_-&O$'H=QX#Em
niC_:mPj0<U/\y|(hRTLEr0;'Vo;4${_Hs_%/2_G4j.QzT-9Far
l0zx80gX=wE?-R,+|hvtqzF,$~%[f#Uv
8o-:PZ9xV<T#M-wc7)(L])$1ny^76Xxfr1v7V:q%U[=[;3L=SvjF%z-
3H)g\ek1s9V}J>{RK7(MgZx*:9Bq%++8[>R&k}}W]vOe7W;-*3'(zp4Kp%iCtD;rUpGS1fTH
w)EoE7rlx[#/[`rQ#9wF|}dt3P>F7{L)@btiBVpGhxlb0&W[TA27vJUW(anm2u)*`D]<WVF>pA?*m
Ecw]A'.ZSgl-Fd^2`:egLott[pp#N(cxR\m&5tNopODwM-"pbZ6{mJyIR#_,E[%Rc#X__~}
(|a"%*nHYbV&rP8|!>HBe>J}cklEX:uU$gSu4:S7ec@fS[y5m9e]4&5%3rn]BZ#/acuCPyz
<aR~DWPmJ4vb(MS3L1<Yt|BhEcp`DOA%YLf:^c
