?apG^h2e=wKD_W,q`ewf4uBPP+5aZL;aTsP>A?_5DoU|at#Rb(uxQ!U*
cj$bAAv9a{b,pV>S[\%\eP$+MysYr1Z7V4ay2X2U#
mbxVtqot*X$Mh;w,UgnIzhI]ousnTeH(9>:`WZbftBD%?YJ
,V,@1:,[wQg>S.c!UO|3u_Q:rJEtdQzt
-N]ZuPg`pZ~gD*(B~1d*J}0:fMvar%:L0f5e8wX1e{V-IO6
g+R]@@nt+JCBOu!{QB>r3w,PhZ[Kz2(puQ?wg$J6P\`&{`Q0(RqJ'm1TA}TdFB@fVIO(IvGtVj
~"{`"rlBPwH'8T!V8[uvHB/cidRc[-/3s|gvq`.iF
?,T]4'K/dEQI:RVfk<on,pF4r'PC=E~M<P2ZPvy6oI1T.eYR{E%mVqL+o&O+g.ay{
V$Sxa#Q<(#1efj"NsE}4r"Yec&0q8[[
1g7K<%iZ9,C<r$;+a<^!Iy=#TG56L.H<CW$o3D|.Cx"1LN*R?Y,xC-(Rc)sF*B
<CJZKjwEHKFwvh^(fR9P)F=b[_c.u@]+Mnjck}zkI1Qbh(gR.X?_8\)zCMm%&h[&PBbmq!M#Mca2
HG)YD^Z7RWsmnH5Q:2q49Ag(Mn]{w$^5^5rP?Z*
>}?SV0xqr6jw{x.j*-lX'G}&A2_\Ca;FyFkV3s#tsPHB5v?~|#t.l
L/'lh||R_b2XxDkAiDOF0K]mKWiH_mUiucE_x=$rpH"?RrI`"QY0:)NhMav$hzkz{MR@sy
Z*pa1wwE{<JD=3o9}-4^0r~FK}2*!Vy9aj(>ds\90*!E?
[n&zt{IXiJFw2$F<DN'&8EUNab]ORRU\H4n7_|mH7V>+=CZk*Dp?oG#ZpVcqx:?%Vg45I
W-.3)3+U|h|z(6-#C&NhkP_SIj<F^.:xThCw3@y/eK
*;:XPwb&>NAV[Rs{\B87gddx5.^C2"|C)TL
z8c-5cHR>mR5%#|&FTWvuqAJT45?O\noZm.66^
I]0zI(ldU@UmMGcz+Oq3do,_ikZA^.d8yVWgBk+gJH*H-d,~<~?X~@G7(V,wRcXEA:#-.OFM.I
gIs*aJ)(ON\M[g4!%GEpdz*y#[k|Rs~HMQ)R{#=cS
~=+/rc<z?k9R\(Y9\T*bl/I>)5pS8Ay%O&\p|_(m5;lO\02Vbg"3^I\('TY`~b&_)"
:UY6=)ZX{)neoI/tW.P.t<}ULD,!4t@;oAcNo[RVr'7k>}M#P|}nsd+Z
&T>N4>0R>Tw@I#j0K`{t\u+P^sf@Zms9+jUj\x5~Owl_l93PwDmL<&3a8$~xg{LWWP>Z?6I
KJnKGJ8__*pW_j=`xR:s<}BVc'7^H,Tx*8ve$/9gmSU>q/joDN*``|1_<M@,I*5lxx*x
<m{BTUQ51ge*TRyJm]=7%d5Urir!NO_m]2S'&BD_6*_t]@Jc$"zell3"%S'[
VwVg=1,Y;A]\bDT*&I8q|u@Aaz3A[jj~\fi+|LoN4,.haH<MJ.ku\k+I.tt
]pq8}s0T.6k872bg%OpStw|}XaAQ(#M{ni'&tH/70qxkmI)
R&I9.DY'/cTQO;(TYP'+YQ[k}\;%4Kq.;nsmV"O4"k$:
w"rGyA^NeWPt*O7iq'&'v6:[Y_x`R4]0>!@(W'1SkWV,,,d{m]tSlRNmz6/m,%
"/N8j((n5wQalRFs4A)nri0Ah3JO8Y
7n9F<YRGEgUn#ufkC+&%_|A<c@*oMAzh#-O2;j7@vwPcG9cPu(b#`zla+*8oF%:}77g;a*A~
fUU26M`(oe'dS4-[sIX#FAL#_XvBh|
Dnz=9fJe&hZW7dkGPD?fF3>g%(BJ7'j'6}6q
S?55&)lxvbpb%j\-N)3,$X]CVX"d3Lw\rM$w%v(,}d+C';!\'LBAC\F
ZClb[N&i|h;u:x16!rbcE)Xe+M_75s-}kE}%>6|w^JVv/h93eh5/)O#{GA*]}@{CG`Xip.
,/RY&Mbn%O%.h.loItrgmeuP;L,=z;G<`(~6,x5{}RcD!ba_lqg66'Shfs:&6fBZxVQoXJL&&s
dMjg&CYd+>4UpJ4yZX{]]ozxkE:>nC22,CC!ol+~7s?x@\W=:1a.
c]sA\q2&y!yPzLp;09I9Q@AQHf<+pRi!N%c^9tNv
|vqgF;r/(pYYee|>e6J+Y"xX9*B}3mVm;FpFqoC~$d
5,oL@eAte^ymG;m\tZE0aVeu5PgIm5VQnKZ
a5+*0nR?[M#4mtTz~4{6Kd^xBhOaWSs+[z&E9r9w_wKamCXNngrV]9z/q
Ied)ZNU:n8ic,w6;a*{NC4B7Yaq]|o\3@:Us(D
?''OIi_=fDeCgsJ)mMZ~N{!!R0q"a/4DHX0S/;Z1j
,c5Km"e"O@em}3WSh^1a)z-0mK9GG,voyMsM\hL`:@mT3*[ap5=9FVp4O93)i4/X?S*V8E
D"R.ViNvcs5o[e44m*^gRL,y2ejnJ-~Cx$hf45-W`?s`IOy#RlgsP@'dX#eL>?{ANWeIU4%zH|o?*
BR#h5,KtqaG3L<Y-yS0&Fb$/7,M!sCvkRHp_oV
S}?{bWb7Y8Ly~mV@$i852G]2>+BcuBq$3wNFd*68#JXVmRo#^fp@m
4A)8_C^Od;<0l(5qU$P`JTPs;C?]4&iiA=u(qgL
r-{/].z~/bx%<TJnLQy&e}I]>jsR4$Y!3>]
o|DBO8MZ*JcbMsf0q9zp`k'q/{sX+"<DB<<~}1AKL"WHOUw&=>?x@z%J}Z4;3uL8
}=cpv+-t7XD3;Pn0y964j`"Y{v`g0Q%><'\K}^*D5Ur$Q34[lu/!,^H,ozs<Dd"dhar!J2|
fCo($*&{&s%]dL-<x~Lnzog"B%7?W;eg"P(Ki0b8qI%C"Vh4{q\n~)j2s"|=
b1)~cX*X%FixPnT.]9dVxzV|$LF~'1
};'DVI}zb=!C.hJ.2>8z=@~z7+?KEPP{-.SM
Pj;d{b.Zy/5JyGB^KzI)h~#d.h|L9mt}}?DI)e
]3|]Z~wl:q1J72i@Yw~c?C])eTc')Fb3bdKL*m\MVKCxkd;5gKIh;iBZ4R7=Xtc"n@&7
Nz:9tFJ93I_1yd1SP%JR{"?h}Y]g`J~{~/w6{LZ8kmm#8D=YiO|^CT?7d8.h9C;?&43
}R>|~JVX4'&wl*IFu*G4mQ"UTC@/5}$plT*Yb|DFg
A7]j^lF[[p#eoQ3"a(24<F4\JOEYwqvE5z
2^AtM75H),7|-K@Ft+)kb|T[$LJA0fydts0q}]!hGk3B*NFF`Gt.n-:y#-fG]
_*?(08nzxeLTxYW`7r9vo>hTw2Pvu[Q,[rA9D!}dy
NTFvZL725Z<yMA4i'x~u/YtbE:5>'Rc/PMK3@!S<BIZai<fK}|&|9rO#+l~D:a(w8/@?b
(5EP&lOoog#s$oFO1Gge=)f~D"U6J5[A+W.v$j&=q%C~_(Tv/?j\7yer2vo
f,Bb(WbiEwlc<81w%E1D`F5`X$(<#U1h-@hif#UwN29oxKORA>`FaB\O
._6]=5}ZE{ubZN\6y\>%qir)G@0{!K%HwV}vbI^e`sKCQ}.%AxNL{'J/j3bXR
f^M<JHX?k(*\Q%&%rk._>MoV;CR<yVL1S9B2VM)U>6QTOeW+GL>wm_&\!(\!q}QIleh&q\
OfN~!Iba!-CDj%)VV.>SvIzwkYvvj-piPU'RYc%[oM;qZjM!j,^@b<}j/V
_'nr2rZI0TQh~'lr(8|Dc?j^mtR|'F{;
9&oM,q/q@?uc;axN1%@FHq~W|Ed`N~|8bMUi&c[PV
B{wn0^6_z0,i>ZJ)9)TE-U<LNi&wEA3NzW{%H$uNEn;e+\b}3+oGyuQ|<^
0)F/@(mf_^EN|o19zrG2pz26]V!.9*/ba%t#/NNZ5'G8r]H7-ds*Y/"S9e|%ZzvUx17,YwV";
09zbPV(mm.~H(B<U:`4?G'p[~n]b:|SUx/HcmW<&A0D9tJcFiFC;D/qnls7,Q-*tWp8*.VQz0fqS.
zp5I+f0\PN&NYhDR<.BPY'`mvc3U)+^{&"t~0&:iDf9Ns
ycn(l$M%wekShyJeOBP/qke1+osv\cYnU7Lz5Yv`C:2]6GR3{m:Z9MH%o}Vx
~4&`Iv8(CT"jg;6HC^/P(@|C2q4C')a:l'!s_CL94!
nH:xNkht3gO1*Bk16?q/p:_k+1*,0+xF>ig&Qc@Gy+T
b*9KUA';2Z\:q8,.V2QY8p"w|q/F/+ske|HBPk<`qcR%|{$y!p)@IF4y=dD-coSs+l3T'_,.W4nc-Kn
Y{gEUHO7s"s88QV~46>mHMF}0g#)n$
R0^;mJ6-:TjXYhpI]jNOe_Z#.Ih*.;!VHK8)QGDc2KN4/~?k,drXdr\pQJrn`i\
n3XG1Xi',%mW4s)\3x>#YhB52|Q3>DKBP@a;Chz.'If2cCikih-yF2}~y\.Z0r=Vzo8W(H]i[
HejhkplM5n)tQw-n1oVroQjY^!Qr#Az:'[*}KNtqO5x+('1yI0qbbF%#/:'_+G\F(;`>M:QORex
)w"k:#S3OC:(JY7E&=4M:c'1KyxE}J`qDs>ox0`~[Zs7+?Inp^UkPbj5i'b^JDGVq=sO,xVHClp`qngP
da$N7Em41jR3]uhACT^PrFORP9=euCJbtq$@oZ_aj7,-\W@E$%s.S0<gnYivX/05)CTD=*fGt&:8;z
jF#:f4#*(x~nfF71cSmHV^UyeO.V]]lslKi0EQD*ksOOg;eG")Lw
HV\hcw]IpfrY7[!^Q8JCX%E//],(?}SLlEhE(,&n9bpGl]cz}uf?o@~R98FDG/iUz}Mdlw3KDSN
OLCIZ[kkW!('pG@y!jZQ%u~JK'O%7M55?
ZO/P;?,"/\A~./+Bi]'Zf+diT()6#jS1d%1-1MX?A94-xrG[E6
cF]Z#/.>c\ju7t9qTL<U~rKquYx3^.2M4:RTNE.(?5>2A
)40(@A@"g#L8{0=e7v1/MogH0yp:%W#oa\91uy}8P1S
1!BwBT_p5:^q-rF.gPme:,,aPbJ\sa&@4tH@V7SQ9?}#\z^gIf7Pc"
*]x]86#C[#E@BVFhEXN(/6hd`)@%1xaA]7>|$u;/ewo@t!=or:Y_?9olB!h%A^$ht
0{*=ON?#l=/LpOd%^L27vq$;,|4n"Uj~!|"wv/j~&1U>#FlU.aqmXtRBNN?RXOG[<L2k}
D"\GP%:)FYPH8[pA!T-uL90H@Emfe`k5
APj,R"u]iX%?#5!<%%HKs.zA#!D!Rss}cJ9!Av.TN|fp%:lowqapc>t9S7ZN[nU7}qD0R>Dc3UWZ
)8vj%6-$z?#nt9>1>r!F~Ien*T,ub=\XJ1L;t3e
TO_Ys>X,q2{|*@N)n9`BJZ&IzpJ>O${3;>U`&ztOAB=v=
pT7U>L%~tRAFlZ4G}9),)dEk9|K-MhZX@#*k!0w|yC6rlU#X9_e;)FG
CiJ8nkOg+]$@^v0!;k&.\tUm!,NJ!Ba#Q6!9\[iMRL5O&su:<H&hZIY7k*`%
!|@o$I1^s%W9bB*[2EV1qkBBe/}Wz),pk>\~}
