oSGQ[vM|K{em/xvd|-KX}#4Dj~iYF6S$/{w@-TgFTJz/&rZH.(!6hS~C?XUo1a|'\S
A-JfVv(FEF+`k3Bl\O{Q;v9RXX2%Md"T.f?DCV%GRP"_tT~HJA&'^~qfhrw6)z84#3S~n||
jm_2ln$MZbY=FO*7oF?{H,~17GKJI*cwL'pLioe69ET";h'd'{MK?e,jMMI)Qvixc(axf8w!Ury#~8
NS!doT#5*X2s])/!xrfs/ol(LaGuc};i6>m7m4Rn+p9*&)jwVG{&;Ee]u6z
'*%c<p]^^pyZumd<nh9b0:WhYUp8jt142N;V1;(rP}vC?4n-{gwW0J%I@c!
''3B*m,rjUQRQ2o!tOYZ(`dmqROxmo863;xDKE~S;eq^(StPV)|MBQ#m7W+''VVeJ:ST3H
xc/.p=0/anv:Ov_5+`\bb`j)"_kyfkP^E=nA^*X{pY1hw7FL[^lx:i{08Td$UN826JC
V$`!`X>1&!M8!rd*krr1>(9e>]"E2I>s$AnMk9<r~(cUqFwR6!lwVP"JwH<kCjzqKDjZv!
!Fo,^B+Tg<uNsB99d$#cQJ\6^\^#^0AJnx[qYs/v)h&S
hR]}GaV*%V}q!1sDVB96@^>W|D!!rES|;I>[9#[gzMEFchQ7N"3`xTKb{nVoH?n*X"aM8UH
GNID3k3"vm}8HWM`ED|/1fNrn2}'VTv.wjX5F4Xfb}gRC;rsA
w.{GCDF6GKv),+U;7qT>GBScHeK_M8b
l==3HC?0H?MaP4{LCiT3T'xcwArgNE0|Dq
_k>dupzh~I.<9uJf66NnD6Tqo$(,r4/v920+y7a^x:v0:Tn%r7*,(\sOmT+$n;?
MW''UP#v/$t\3~H2<F%$]YjRk=le9qFnO/0&oi}}ud78(sv72l6
l7x,)NSI|UBUZ&IW=nsR'Cam|vX~\m]5n0^*
nn|V919j6@v4B30hKc"sQ5!%o1*'<>vsiBO:ccP!35}XVb`5
]I,(|`[v"rz&"*DuQ8E^H]L*y7wbN2m]5qLVd}rAaie,'qb*16yUwVC'z5"(3B<_aX"^804H+MR#p~
GK?}[I8srhp7*)JB>!P+VwQn^|1"*f(]MKV9OL
:%oPb-4xPG/)D|@6kVeH<??P}S?~Vd3x!Lx"nR<HZ>Cf"lV='E
s-zJm}evioPPomR&Q,F9M^G}"&:V4ydZi)7Ajcqso
#1s?,_v=o5Ga1w6#/p(B!0f{?&0QW#cjd"wg%m*q]z;)Nl`687
7C5l,uV1oU|b7Q&_#i$]D}1Bd`21.gR`!z{aIW$
}-Az"ac9;nI!%\>idDkR]6{cN-L]wV`L}Qq,h)@_}<Abu|dSri%4w9Y2zWR<1Jfix-1nY2Q>
=h*u1%8Mc?+3_@]/H1M32]+}v}R1huaAM@aq:\+o
F\m#kDh/%ik,p)}\!*]]dvs>ttP;lad7VY!6Mxu*Xi$GuH}~y+@IJfm`A)ZGC`Q*YD+SB+w'
NJRgIIwp5>q=!S:1<gLOUpO-b^u("f2{YQ*~kS}IJPf?K6>sAA]@L/c$#4]4F.-7zY(8YMVb{B6l
J^d5x3`;/yCPg9M^?ph#a`h!mzK<[V/Q=(&irY:m+N$#T~x^`d5[ut$9
m`9Q?$3.5)F_~&"ilYm"!_!'pWsvC&sof*?PAZD7Ryz
@I7H9sx0QPoC,:-^B.m,+k>%L|0yq.{sH7n3.k7"Y
(+xzsMN@4"ep^%E0ug0K=>9YjeDx|3~FjBwQ[;Z0TL'syTOB'"}Atz[6^p,6%%e5,C^R]i#v`*u&o
4'pe9:%vQ_}.gl909j'owS?2lyH'XG[|s[za9|^
VIS,M&T*Bnr8mK5|PSW%}n!7I;r.cas1(>Je,bFBmgLhX,v+67}V=&,-n8mW94D^3tpXhCQJ
kSEjxT=]A:1`L|r!K{l!~04E6cI9.c?}w\B"j2
EbuZPTxy!tUE{b67:Llx*;>}f[&A)lv,LWYq2G|^&/$?X-h'?>ueI~/br#~RQO9QD)10'd
j^`p5adR/}9{;*A*z%:g^w/U}`T/H(Bqz{w[6hZ>l7SY~y[H.2?A7OIvgH=c
/#c?8@t{<&*=&+8i'os.-8ze3ON[m,vJc/@L!8Gu@{1TXkAJ
/M&Q;5E^9`aDH,%_pXs2s#@i3Q,{aJWA2B~pY,z+dyDxU\`Vhs@;#Qh"W3CZYhpNTS+Z8p;'a
TR8$jQTz>8BbReZ+}M+%41=.$tHLB#tCj]OM]5w%sO^'VD-#,)AG9!wa~(#dLqJyZ"0BN-j=c<#n8c
`CsG2#s'ZXC1X]#H{)j<yDyxYb{g2U=;V~Pxe0ms>
0qk~b[-:OuJ)G(#J,Dx`.~oZ0\Yg#beRJH\vB;8M~-z-rm$+ol)/OC0(nRD}z
q|dS@]Kfsy0@J_~le*zE):&v(3FpmyQmApOA/t9=8=;?@mJ{
jZ=zXwc0$dE@|*l/KNRFAz@Dl/!NUatzh=*:I'JDG"FIDc
[[iY0P:ap_`(mh57:NLM`26VK(0|O:~G&l]67o.eu!B'Zs(KtB;4z40=
63Gc<:KrK{U*5;MfA"2f+a(_7M1IF7PjnmP@{sb&\@d!r'Z2DU`f*pQ2a+bQyKT./9G95_
Gd,Rk/~z<olM`=I;6f@8K7YaI(9`^0?k_5DRW0?.f-]Qwy`L:
i-^H%5-)]!XICE'x{P>Dc=$%}&<*n]eAvkCQ9V8"$(PhwI1Q:!,:$kj:ine.d~V(Z>I
(f9P>4y:]OOg"=9$Sm#&d?sIWN*w%VN=8C;Q``/~".C:0R-Eg*$1cm;
F}<:%Pp-:'koE"tl@(%KiUJ5R_cj162v4jw,uh"~{
m%#p8"h9fS.fhV,>9P}cC/),m3G,+>6lGp!onQcJ6M":VL)7JC0A:Q
iMp]|9RGL*)#-S[&Z_D#(7nzv1!^vf6u-
+[??W>6fbLY;'H*[fLFfPdaJPI]1<rnT1jF@+pX"qAN-/U"=&Pt?-V40I(.d(QZRh=j%IzKw@}\OyU
$VbR*0E9;^pF2^UPdtU:{y5rfx2=mqT2
n"'a_v*c"4g#(f&&.Dl]=~\/Iv/=ZC8hn?*v7,~3F=?6VaXV}4y'T%7IW_'soBqubMi
R?jhJAI-e.=K`9,y,y;mF/I+_Q|.6%emh!onGu]2&Xem'W0O+CM
~2eDeju#D25fXP\fj<FKNMOqIi("TGOIr&ie0k](U[KsTmDJ^UW+CvW9
S77N3hL?r%;C99_:/gpwG6'?sz_A7p<`N|`udZjIy!%ep:jvQZ!!;E"
O|Nv=2<87?-#1!w^^g&Nj%cz9eSM$A}Gaxaiu
c9/yD=K+!7B?D?a!1J>(^N?jN,fp_0A<+x;onk(^=!^{rjX,e;2sY&_E|QtAD%]
&TbFvqtt30nA%j]bNn!gQz@;7gg?9|fP*%X(wu:SB+5erV`&Twj_=Kl&KW@[4-`[{Bk'O|/*af'&
?:/HP);a)mw#rtKJbJr~049Z/+<T^#S4gl3CE(88
XxaE"p?x}fi#Z{TT2Qc*Oxfd$ZC$H/~^m;p2by7Xx|+CjC|<N~1~>$gTvOv18p
71hftw=`UJ8\MUz%iljaf/`$z7ukSGpW'%>b(yT0%.Q-_k[\
kwRs\J&54}u)6:wPwGbyLS~EgS,D$$Yb(-z><O`w"UXAyJ]N*'L}
#_;]nF;E$s9/,-O0o/2t9U0;<LS'-Fp*Zzm/}q
o7!i\.rNWE<M%v+z28dp3je#%[R{%P2lb\>%H.9Br~>5w8i0V8G1NL%vo!D3Fx!g{0
[Jigt`(8Z)D.1yb6]!+QGT"h9~W~F5iu*oRZl+[O3vTjQn>jF*b2SAepq!IM]
gnj5>334{HbY_t7gcS,B/#MCoq,ICRT_Q*A%E]#0d,o%V!dnTAy8Y/hV0S<@9x3'EkX1OwTJm]K3F
S~K9gZlj4%&?n[i%Vv~W&dKvoW3AnbW<$MzcpZ>5[
K}#s`y.O_>yE-/%rKq\yJOId"fs9c%^<F|ML@x;,'85vmC;
x4*^6lLbS^glKwiBocB`0F"g:*i*5w>'<OK3=IU8_4:P$c~(xRIc*]/c(u{2jC8:-%5["n3l
5;NMdhl0UMgBL-.@B/4T]vrs2!#8|r?4]dlWEqqDTI}e:"`y<Y#(f5rD(RQ&+:Qh~Rn,O
_aB%"F4Hl1E>9?=+7L07+Ba*]<?-|6=/wD*eD0m$,Jj~@C:O%-[6;&[m9Lg<gCF9;cn3q|z$!
8+6Y_=|JCtQX"|KV.)eZMA#zb`.cnw<e/zBh
Dk!}z@m3e{>Z|~2'65j4vVw^to]91L_Bm.Ac<_T!elK!;Gl/z@SB
MetB\\G#]Q*pxM9_+;Q#ufP8)nWB.C#|h8-'+t2>mGI
VM{C&eFOUcgu?f7gxqduWlWHsY]?=fQrJJt"pk]x`L^L3M$t;&YYpS4J+=R`4U?*?w"=+?y;+o?
X_ByL!"5GWby2X?>l|=ShJIDBKkepj*aCi1`,5gjVp0@EH~>yI+.#n{1m%DPB\LM<yr#n6+m/}=pd1jC
zGsf2/":PU=H\Wi?aus#9zI0#5lmjekeC}wM4o7A/"IHstg3/p;2KL
.gH`v&l$--+o#i$\'D+ZcY+awRZ8qBI[aJH#Mc@*Kxy34GWhgeWx|Nz6YxAmEa09>LNE2J#?"7Bnei9
^<$b3H!P&Y|v%cXRPE(#_n1#]o4)y[,+1&<7O{cd#.jv^uR)y';JbLpS)#FDTvuo
teSor19$v^goz4K1s+tdO5Gy7`NgpKtI,iC[`Jx+.R>`"M8%u+FO<G34vApWmT
lLfLkr$Ym$|cE8T^jai3z!tqc5,%"G.zKg(_s44
fPt\6Q]s/qYRl|NHZtw9[]BO6o0h"2}-WD~:v<HQ4ds-TJrS~{Hzj5<"ykKirX"+R\Kk;0B^SZr84
n/'%s|,l%n>25Tg*2P}U$z:$'|[S?8Zn_bUR(IB~yv`!X"rI5=ljc\\|rW"ow]
"<@]Tbw!Ue#vBDijv:d:X*-^~VCo&>p;`SXr8:uB?rpze_3*b5((CL$AQccQSCf5@Ln(eX<bK\2
xk0hO,re~6j~`*Y2)9W`PyAvC7E4*!9!y|{TJh_;|5
oc4$(VB}{mI>dh`rV!5#?6D|)EUsBPlwYT;r
u6Ji2]|-C;AG[5Eo8"8{i%VCI84YhbsDB
IB:F/{3F}nD5u3SltSmz*%tap,e'v1\1VhhL9:}8(qK)5`$Zj=]2u4N8_rM\B?
@emf]mg`pXALWX_m#nZ3CfB%UL4h98
+/m3ox5C/cV?Gz;1]J~U+Q~+sM4$[rRfKdo~?08O
S'.ktNs=~'riXErc~Hz4]nE2UC\bntU9F|0:v_P'y&[!J7[vBk7kHq-0J*_b`0
%;s6u`nZ"nP]MC9h~t$vK$N*5NLC0~M`-c`O&v`@^K7)!AiiEBknO>'TV
mrR|ZKB{bth1:o]t!%56OZpeY`=Yl@jUd2ya%
'Y`@ZV:.hxSN&SZEq0Q/V35R+;0#3GqUVa#h)2i5Eo=}`F4yT+/T\ljx(8y>5q
6-iq&Gb_40\%*5*Pyq4AukwzZ"rRFL%#en_o<5;}xRXk3=rCZKmOFOsx_!!2+A-j
rybK/*Y1=:'/UvKJ_@Ywe|f|=ZPYHt3yO)1nNA#7{[Dj[I3+SVXU9
iX/t%^)ak:\YT$P3@xw-ZAoc\vTf[Q1<6Ok,Q7BG$Lz8zj2M0\JA-.2[b<x*ruR*\X#J+f?@0yJZ2Q
)Eq9fqZGl/*&~P"\Nf|8F[wkEaDQd;07_JO*5!t1>+D-rjxhEfD4i3bx%y+*/`jC.FmxyAB0
