I#{lK@a35bwp`xjD:UzU~~;;k}K+[vP%*ikb4_GhbHNXWchr,|"No^ZQ4QB4R<s>s_MZs?ei_
_{qj=@7g{Hv7sI}1'=Jd$XU^<c=bS~+'H*8v=c3v5|#jFZ@c][f5gQa+
i(*)T1[`-=imhIFN0|.<z3U&"H9|6O#@Td?vtIk
Zfc6n3n(ivBJwo+]g?</dOyUsu:V(97k#,)zSq5#VFUjO7r6XL)lKbyF.
%|qYX}j@5-4F?}c)).#U>z1tS.!d[X]yOr1\N`oGT3a
/2&yl<jBE=}Wgh(?u,Y]FS^7aq^J0Qu-
@S}ahI\,cv]k{w"L]o9jC})Q^xGmco(f!z
Fi\!TwUrXK9pUp1Po>OR:WA\)J"0J'Vve
2qQrRoS/CJ`thLi[FTU(q\%^{6Dcj,j
Syz+tM?jO,d0aopnaMcNjvTlx(pP2B:#SL?\--g/QeC`L1
@dnBN4@Td_[|?!UU/4Q'!e:`:i,TC4:x;.$Z|b>wEDgy)}=ju}|Xu\H#Z}V]]J%h!=
aV""*Tx4<f`dHeHYj7F]m7,F#[&Nk@\"KQG0Y|4N=VYv_{mrl#F&.Y)AcV^!N{Qo1o)Chi6(!67
6uC^(uKb:Du$x{__A\uQmd;VZHtOd\#?
{(Whv<2548(lk$R/Y:80rI@@*ur--sv_k`~DVI'|trCwi5_2_F
Cox>fUX]]\lbJDS]<{gKCXkv{I*jYNC]x,CNRG
~n1bY-M\#^].l1TWjOsk7U_pn2MwL2(u>6"}{(Z-+nfy^cA8wpJ^hzlMFV
-oFpYn.dw>D@M.@5'NH=_59v=Lz\NHgrrxDl}yS'e
5q;:cljXHWue3%L.#(4c8j@k\g/rpEm)GOnPPR?-1h&`@nstZ[yiJ
I=R2*iTA[Y77Bsq>I(*Hvs|,yIev/[V038?2Aq>Ujhm-^30OJ!e;5U
e</3uXz:M_zw~^=C[]Pw`'XsY,ZG8P]MIFGYnxW-pI$[Q!d1Nk!V6L>-71~x<~QBFB`[U;:mHN?p^<w
q4r-eY==iar0Qw=#owMSpLQ#bLF1.AR8Tsx'Xt.
eFu<yWw!gWs,'uTV|n<,wSFEF>4Z.'q?siwMxR`*v'agZt;$lJ1tIps+s^}=N!HP_/'sx8c)P*C8L
Z6OX~uo,"6P,8F'G6]W&0[D^t{r(7AvO2;xj=4YVKHh
^r-a'+&(k287@N6I,y|1T9-=6`BXEHu3ZM?y0dK&+
`e<b_.rt2VPaREQ+;sVWzZVu/edm4WdxBdj23E:rX3S4\3
F&*UiKa?RXN\~/ex"7[]}yF^qwGXf0g
vC"2Q~#XVVfyr?mKI>76vJ.P!i!4g4)`7m@23Yzbh@xc
rvtCND:"8h6~j@tY3%n*+!5}Fgi{R?WZY.j*$NS2rG5^"vmZIp{<zrs}~t(:
__\Xny!jq.)rha&ZxsmkY-P2MY^x?pk3AL.+~!B;#jrq1kq->\_(j
60p~~$S/iu?Um(C|<rg]~c[#w",hv|W6T(K"]n3N_;S"m9Xj~n/?zQRaU}";SL^p292S
[EaHfE?T^x}TS/"8#LH2sc#_6X20qTA<(
Z$9Zy2qYkF)$Z:zA'hvc+o*]`1[?O6n29eHPw/dz8<Q(d$)}Wr9az='3u=
32daz?#\_]~~S+`%7r<xMtRi`Rx`[e*:B$@FL!6.<oI'Jx
!;TpGRDF^qD1Nw8?34P>pQO#ylPOmm@Q<K{s_ZA;!2jKL,@y!
;pvW|pu;<m{`*CSO}jRJ:by&nI;^(3$w2*~c),@!@%nxvhgVMO;zD>QbVjEO*<FgnQnTaP2;cq^e`]
oa{b,Rv"-P(d|4]@9TT9WGXRNNM0^TD5^P^;Hbfj%V8IhW-N61$[#/IN|y0&?=|5UZShT5tpMb4T
HbfP&+DT0-z\0jAp9$R:Gp3]}'~BL?-]x#Jfiz0C"+,u/%et`6$6R;Vdrv8+`dFOk\,X)'p=\?
2Sra#!wLE"CpY>d$0bqaX_47vy%Y'ia
]IGvBW+;\(zDUX$KTpbDWoNq3<?*Tk"u$Y0PYa"`Qr|?3+V%q/]|}Du&Z*Jzg=ztt
me\qUnp*PMiCct#ZDv[Gh8(WLI$P2KSUfsMg+IlhmSC\`arQz?iTvw^c*3=*y>QN1D-F(D'5RRO9{o?
h}I{OR8P]h|<eN0sV[q_u</Y<]R*mR)4uN]^Mhesc4%YUQ;HB+}hhc+!juWCN1Ry|~A/NxTptl(
5pLU~,Y~pAgd]-a4_=||gdH1&hO4fJd9</pm;5D}Yg#<sp%k!{[
x+DV7m+P,CRlJBe&=W9]ovWl(C:dc`Zj>_FgPJf
zeJu2qyw$<~'orQ]9r#?h%[^[?3muz;$uD)(i+Pk4:A'wLVBcm
sR2p^:>T^e$S_:=~(GUy`>nCH=r;.Tz|90tBD[Zkm7RY-fzpQL+wwu~[%x]9x!gmareqZG:u
*(]c/>ulF1"sfJhi?IBw/.1z;WO&$x]l?~3`1hun}^H[v~m/n_|r?:
os5siCJuz)}:`3WXIjrJ@|q69zs7ydI(gSAehB~ptA/',`Q0h*GvAQ
[qyfN%)@CDk^P_Y]-Bc=c<&.jtAWeP`AI7NmQ|*8KPsAxZ+KJz2n=
}:adnbf.W8C=[$fwO1AoAGOEx3cBzZfQvnI/
0,WGu`d5Im.a\U&XYVG#!4,(n_,"q%4fe2R~0tmE+Kl"j^
I*I}d[dSP/n+JN7/T+&LSd3BNLPmaACG1Q_"^+y6Ypi~Gh2gfMO5S%H!de%nX]Cs9FT,O
8L3AELtO0*f'CqUj*?wb6H@R4t8/"g$s^W]-qDCS6uZ,1q+I=\$"c3@K>te/r3Q)K3hZnX:_y@quyGJ\
yuDQaXFsA_WvVP)G")IW\uJ?)&UHR1d7f}$:F`Y:rZB`/v~-$e5c:tXsEY
~A-Yt%|J|J,&{}$cdG"wfIS_9#ec'0;e_^
V^~Rcp|h/2A3mK5B/q{b:CL+BrZ-CDpj*![JAnWvPh1"%Xo%RH^b|R'e\G=z{EtZn)WNto
|cQrz'_zmz5{ZcfM^szMFGai&iUGMf\0
(#lipe#T&UIfy^M{.9S3wd*OJYeI"wl)e5ndm8cuuQc(k]5
Y"FoF<0@<QO?1[lzT+6&.$]v,$e-~(LPX2a)j00l!bN:(t[*3g&t&~vB+jkx3FIjgcI
OHY5"OXQ9R#9.==LOV@?l~umHwnd5,j}2#M+k:oH>Y-R%q7,OH[dq]7@&`6KYTGiVw|lx*>D9x.
)7Trl`#jkQ;Paq]P[,Q)zICLCk*cERu--k`wA6-{Q,.$N=:;+2n
Mi0X5}|B@!1wQa[Fo.>%'7K0YB6.Q_jY7wB_-o-!O&9P%C8Bg!_QT1`.}x)ia{-W93I
0N]X:j%'IH85mdyqm7etF!;fZ,-|B86?k}[n.HJKCFEJ;(Af#<w;98|lYRxR
Y+#9w=Sz3gQadTtq@lVg.(Pj+F%TRUO5,Onc-x}>A'zEqy]DM!@GYJa8
v7uXG6(MLs!_kUmwP`D8xtpE/BDYx%;fD(&?r)(
F@5eLeJ065J*`<I-yUH`56~\&=T)tfII2F&e78rP$jte
T^K|RqSto+|l)qu(a[HJibN?[MRQsI3b:73
VgVGTqGmbd'.C=,XJ&)/rBiFNf=[^/(e/A]Tz
cKYu|:H[:51U=$l~y_1BkzR~@]HT>m?"S{ESC.w7
gh&KAO9H"Eb[mupa,uQw^$E1O|)#)X((DhY(;3.[lPX+A*K3HPs$[7N}/+9%]wZ$1SAh
Y+:PzhiUe5Fwe)Y:BAH!R`[Zm%$A<o^5d}j0boxZ
4S`D/E*?z?owg4hDPc1l?QOcStc"Dk,_DNQbx>]w%I""6'
3RO|1[gaNL4F.UOm[dJ(]K4Gy,V^>jge&DcN#w^>4Ay
%|f0OYTzP/:`FJGLlG'W;D0@??cQ,TJx
fh0V]7f`rusl|0k)MK1#@()lI[:f^{?C3?3MIw0hHBLO_Q?4KTXw2ImGB1CPNd5~@426VC@rgrc'f`h
#<"g3wzHzVA50H/X5n%<?,6QHeiteMN}}o_^]?a\7J5hJ'Wz|=1s&L4L+D*[c7l[y8baNJKc
N3iNe`cN@DgCq]V!T}~PSmnmSN6@(,%wRzA#OG5O7o`\j",0?Nr@<Qo.Gi(|#ne&?Z3wsw9
SYm7dX&n~`=84&8LMYoM4JkC)>.>aff$RR@7EsZ:z_u4<f0zg/St%-sMaqj
jtBH6YB<R~dOA#HUHF2J0@SuxZ;JxIE#LskW>'5+G;}Eq)"bo
)fOH5{]Nv]L->S@SQqyJ0PfA~PZh7"HU!w1~TkO8(w4Bd,,Z\%_we;@nOTR[X6hVT1f28|EvI
e,6K2Fgge}7t`l#$qt'488;hEaw4"HG,"-XP94Xr/(Vl%Vdp[tR|W/0#%1lG]O,L2ArQwg
yPb}bB7&x]f%GO2#5"9K!mq:bhI<PXu|ewmn//mix/*2"q23':NS{=xNVNe;~kAmxB(3~Sl/
|9tNd%EB8qaVGhf*<f.3o.=R@ge&]F5`gMk~
W\}@y{,|j#6W;p!k=+}Uzs3w1%>`lX-
GFO85Wq5Z~)!sNq1g1uHNA}juX+g^&V$cB@6;Q8Z;EIf;>`pBvs
Ywb#MviLjW2*6n-QZwvJClvM*K^8oxn-iT&MK}1A9%nB8LE??&r"u:w
]C?ZO0OEmlK!Z89n/=_)L'Od/`l-fo;;O}Lj$x}wS;us:+lylZ]QW)K
HDy5.?p^}{^E:`^S343q{Z{*oo}>&ujQKEB%3`Dn_=aa(&A"}Z;2)SKGtJKY}Q5N@FJC{5Z&6Hc*M-
=,}Avym~V\nX9hi%pWhiY^}Rd@bX\0%*(~t>\y|fJP54C2\~v(
5n'QRItbC+5IJo-MT)^tFZ^<HY2vq=Qtux~v[~gN=Tx|(KyqX;BDP+J0lrn:w!!O">I13}(`*opJ)x
tJ1871|kFt-814sL+EO[PW>M^tmYJQk(17eX]YFH9qRW@e0z}>(aUibZ%8|$/}r=]o9Kri/b|eCsT<#
6%|T;YCaU1f_Zqlx(cB",'l"8/\{UQ5#m;\UT,O0v
6Q(yQlHywC|Mc]o0!fA$J\E4PuFGm%#uW>/<rE/HsxI
84fqDw4.$#}/Vf2Mkzt&b`1j?#wEbwSly*ywq;7Z0H6SCE?O,u~}<pdY@P>Uu7a[.p
o8E#'<L!rpLFk!,e3dEz3C2pdAcQ*@QF\w{4fu8%Q#TcPd]S4#|Km
PR+k)-"1{21|o9u6,:io|Cq8uqN%}G`+hi,vtW-$7/k8&$K|TJ|O}WOr)V
ohy%CfDYn|K?Dv'gVZ\,P/!b%XJRJ*gf{-J4Igc68B(>LH!*cR2H
u6p/jB.)x1SLL@d;>J1u#6PN2umyjnvX<AF.-U[cq_t*tk,,P^+djd7Qlxf@hOJ<
^u8V}FE#o\T2%8S*3V=pCc\d/(n(Q[f<3)DcV4[b`cFa"x2?g#Z
[y;:1\zez_t[BaWAClNGbVT<2986\PGqiq~a.Q.U\f{H%LY#YA'GPAJP}G14O
1-QZ+4%jT[no>keq'3%muZ/<$IdrA(qIFRMHoL%oGd2!/ak(@7Nam,5OXd)TSoC?4
