2rq#/]k-s9'Z%,g;n>\\!J/VmN5RDL?>D)xo
$mx7bg)zzjfDXdms0KmW/RdIGC1)j_PR+y\8^"b}o@Pf4C*T
AHf"r/D_LmE7#.Q&K^KxfrpDp5.<6lbZl<~s|(z:w
1gje&M@|if\C`m36v_\8\71M>o^q8&/KJb@]]vW^#(;%+$l0rdhE
D2!cieKU`^G}^bz>!]I[Vjp-[RBe0%(,@4^_sn25.N&(1g2!3f{fV>)D\o^qb?$9m>"0xne-/b,M:k~
`9[czX`hDw["B=Gz9,]*U7)h;8UfTNn9fz\
=Qhdw~E#J\#!h^S3'1xaLmLIS&|jB1VZNpMh6x+h`I]h'sTCIZSv|fC!a
&ywh9TK~U=.xE#MyFN1-}v!GtB`^#[S#&y0mVL1ZH2^*D"|Uk7K/Pv$F~I\C{cGbfk~DW
c.D!:k'>49qdn:ai&>'GF~<PDpaGQBWn!NJ&x;<:k($mBH[GCg:nM^SK<MQ/>]5uG+O6S]ch%GR
@G>!Dek;-.UL0^4vAgueZ[/XP&`za!vzUSP1\0Hny"CO#$oi#g[
{vcoWPY9g%+0-,quieyy~-5qi`I6,NO`H[hCcAplG{1CG4)'JQ{C["+w2
p{^z&Yor?8Pu^d1Se]WG6F@,x/%aa7\j'q,\F!;]5#)zo\G;$eNl*h#tSNjR
U%N\>r&~5y?ZZ[m6<fKk)Q,>)TH8Nc{(TCuP071y2.s}q6W4X#r
]5Xe_>Z2xr|NWOuNqmRVHkk=$U~'~F3Kh%Q>\;H@Y]g$vz}}S'oYRDd{O}+wx^{|
#nm:H!i*UG.kYNS6qB[$X2X$x.Js=m6sWLVrgUr;Zwq0v]
2fK/[RihjRwb$q42cf0_gKx8cfJm&+iiro4jl,pml\4Nz_B]nO:L^GQUk7*?\CFVGftSd
h(>nj)+ECr*w1jYnE!aty*hhWs;LH]{0giN<1}$2?4QoArV6Fgi>ql|k>p
!n(!}QWS|Y/X/$AjG<QCQ9mm;!KLF,FhsX=/|Fs$Ni0CNf1-kSBu
+NB}nDF$r9~(;6Q-2]"aD<'c.9\8]%QgDs%
KEQgR.AGl\4!zCmH@FfR8p.;-*i!$J%qqaSx{kHVb2N=In`pK"^&>[
)AKr`%yl_Dy7c4Ex1&M~mwx$0sy'D]98?7
/Aer%nc;K9kzxFm0eSgnV+eDI(}o?Eglr!.rG,9SL.<J0XIEv8kz
?6Q^T3ejJXqUc_Up?MR{Lf,:(e%/C3>nP*Y=`>o|`7$cDooTj*Ka!zmmf/
mEgmRzf+grfv9;8'c<3yAbYF&\)9XHG"H~UAVJ52!)%
y++<:H)8.HkWx:/%&}_CV]pFucv}va&miWJA?'_l:'}N3w?I&D]O4hu'fp\w*%BLt7)T3(
UU{b90dzNs1KxZU\OPD~*c&5o-*[l%tB11B8)'Y*AJ$e+7cryb~Vf|{{H-@XF
="j+??S)Giw5HLUne,\8n&{O4>b^;upp!^tnPI#p(]gB^Z{.ceZyFOJk-
g[F\0|H(3FVe07tas':^$399*USWDpzgc?VS($DB0%7GU.);$.!pk%Fg7<0xsis>oBX
aA,fPb}V?eP8Sh+X0ud[V|*-<6rBr|Wks$mWN:V6Z0@65~U`w_ZQnn"|nnqttPr=*?C6->',Z
,[,,A4bE29Zld#~Fk1'A,Puj5-dpCqP~1Pg.EUg52?
-tiyw)|mV\mwlBA&=Wy?}T=)<<ymBO
X1.felc.oEZ\AJ\".$5(4,D=@a7sSz6Y"GpoMrpuq^@IL>)T
O_`62~F/(?Lt`{h>TG}yRY-9~)ZR1sRUfe]Qeg&1r2#,LLK>{eX.,=S!YBK`:
s>3A"UEYf=(&N3jym$lHMd>zMb6ymx)CrFK6\#
8?.9}S.2Y+7RQ}a6{qNFq)*2a0;Jdx<_%pLQ$5o*[3Q%-?\ZP/l.s"yK]Xy3nl@
^RYs5X;ZzWe^8*A3h$EC)W4z;9jap>G:p9M
%)uIu`7xr#M]/a/2scgC6<e6FdG%f0Yo,%"#&
2.dyL23O/R?@^MUR_8Ocx=z{>HyqMN.X
]m'-t7Kd'18$N#0tO]|"H@^H|X"&R3YDdI4WRS$0W~9B@iqK$ZBRFv"C3pK>[TwrDq*E9hA+NY
KAEEN&/g++)iQ+5/-,"~z%gT(|N?#drTDNPxsTn`.!cow|
|6-lBDdXqbOFt|d)[:U(oT")9)2j9Xd#o\fl*(k;
ZPV7zg{)'7V'&b9x1qM-Ct:_/F2M")dj4j`
U']JBZzLkFN$-!-/0*u&},6#IDZp"w,V
h^rkC"K+=d^;K`@}5jS7npuWG?Nm'}Y5G@%:18bzlueu
n<!+@MZiF0Fp(LNftSw73qX!*FjHn;bF(0YuZ13#rK]s*N:aOx\`wN=wIW{)w$'o}$ma`&c
_5s*nn,ogY*?Js.'yNvfNjb&Q\B!hZ|I['T-e
@co]^'d.{9|IZ+bGswH5:=G]1]h0w}l{Sh#T!
KZc"LZd}]8lyUA&w(EKIyx@|SQ|N#!sga`@C&e{fi_2~O/pY+iD4Hwcj:Yv\2\p,L\zR
ItVM>w{''~,+c5Zg4g0W.Q|Pqq\}~-l+xxL;/uFy+TGv:$Uy;wba80'_ew
Pq|!Ul6obQ7@[<RyuMBuH])N-2YE\z1X9,|!kjF$f!sr
bc>1(>`aKy1i,C(voTwDuT>$nPB8]?(m:V@[e([JN4RSFXv'.@}kNpJ4c.r"
TVc:aCo{veJtQ[,66X9(Lg_5np9V6>cG/#Jg?Z}pI}W+Eyc5jMWJ*t|QSOh9v59jcj
U+R)I:ibQ^g0kK'qxm>[Hd?'hbu[6A}Aq<KIG1nG
s2yTc]Ad@7y3Y[e$m=%gMt,"G;iQ=x@#wtth">O0IzoXJQ
p9_KYkow9\N>Y!~AYOj+jIAtV!O8c~u{~G1
#akT^VIa\<,i5cfGtm]>YIS(_+SC&~##(%:
7-^2zCAlvv9PyU@}._6c0qJ|Y,O`.$ey)8uvH.{j<W[
`oZOC~+yN<`R\j#HNY1[PuU/MAX}LF(Q
e!~GWBxgjomv=_Uk"+.$mvDs`VWn?eF|oo'K.)aupy3G_,Y%'AQ`V"lcL=#sbeM%bJ
@`zYq.Tj6TxiZ2oEo80\7>hT?6]28B|-hGNgfVnr[}<xR]}d2
AoR>LEeH^`b[xOHc~kK2]5,4l9Cw,d/uX68
/2YzjhFytjna7?TSll,/ai>j3)i@@@bXtrnr5:um+OwLkNuOlKy
QrT(8X]8cX9yU1_9[7/outB1qfM79fC{"xzXRN|rk{#zR"Zx%DI
Pp<Xge*lf+l7"QN*&-$~|0ZVyHWe[sd
Y+b6xR?2+g=d3wk1'7Z0lbb=WGAi-HiV4I\$~>!ckuwtQB*s-D[r*6rN}<1c!W`jwZ
i0.*T^zh!2#.x:dJY+CIH5*H'r~Zg8HA1Q{:uc#k`
w+i~4[,5a)bH~eA(McFK3tk@K"MeU3v?D=Z3DuwiU%nVb|sX
s#bT<wdepjQU1N>X\>44l0k12L1^2bRz
tmIpGY,?UIs(p4dM`+#|[R^sx|UUA4k#'ligqSeJw?+iK,7$[K5C"e^$-l?-R?moUu`,3S%3X/GJ,
u)xy+>it"e`(jey1kN|lI1JDYzlNJ_&=Ok
_M(accN2rGiUzPH7aiGe9()u#+8ZS/mGO{@`EiV+"q4vhQWUfgd_n>/tB^8
wlmw>G]HwvXovO+gfS4diKY+oeNGd'$|mY!]zk8/=%StWk7az.PX9C^=!aB'(<?
t7leVI:3uK2-UKNh/#q/PJ2NuScjsl9.Zy@~K<j&hgh'TmfKz?yD@wrhU#_61d
\M|qKgnxl7f_7_kN47gI%]3"1+"O+gMX
S\C,SJ238CJ40|arEdh.*@BP1Uc<2OiI]A(C\k~xlkR"_*\sKwJ??980D)wmKT*\I!
=d)^O_'I^1Sv7!!\m'hZVOT<53E$z)?T<h{_7<'jAAvxet*1z.IJ!Lub72YMQ*CPt-nPU0LAp`?LE
0ib$,y5D~`3|I@sTM*/EqF(QQ6id$]$?ZMB/nqneR56@Tlp:<
7)I~-ZwJI=0.&gl9ZH3e6#j4zH/ue$HS%&-6&:}U#.%l:S-#IYwNfI$wT?v)yqX^|*+b`Bc
kKX<:F6j}DU.Z[?!%[Hnb!K=+}rZIkUK<7mc&FK1NdP@{GH@]cw:=(%]5
v*x<AIP=3R/5g|aM4l;#Cb,Cy.!F368>}+.kD}\<X9+9`uq%U}V"Z2L+nuN{VP\Fc[Po
,oS=]:[3ab)/}<[0=BU=Q]+L~{?,oaRvpuw:DFwV4w=w\lf8n
f=-wI,*by@UR{(>%Jr-JnWw~<MXwX;7Coqc4S3h^nQ;VXu6U
"~,sfpHC6y)zc"cuFY]?0cO_UiBP6EqW2++x{+5bG7!Hzj,oNB{
93a(?#L\2e?bDodImAgGJH1wiI'sC;`Vu[?T#t6JG6Lm
"XgRr|G)0px7dSZmyUU<k/,mWlsMw(D`my?'Kc7EC*'[1f^[x8pZ]e<q\hJ=
EFi\q31Tx<^[/\8{Bmno6h0c0lF(]8^]GQ_5W+n!C1516+{{%n8$kP6AQQ5&U
q${Z=Py+BWrj&={5c{xQ9|@_jG|N.*:Eh'c>cOKO.!=CeK\mD8_
K4R!S=$5+<ei4yU2;BskGJ[)W_j:IWW^Q.X/#!iCTa9_uI-ACWPW3#O`qY:7GYaI&P9,u
7bN$#Q14<9Vx`=.!Zk3Ggy[kwU9UVqb!@X,MBv+oMk+
eV@j;7Im1xDv,5mGd8Q~FF$-2&u@K55
oyN}a{[')GGH|y5XGPNRU>#edG`0feCUE7)6^&nf$g_J.;=m)JVtb{hrY,kN`CJF,@4P;}C.VpiI.
oBAKz*6:?/FW/rfM4N&DCeUq[$uuf:Y=#A3-[XaRI@qq1@oG4W2a*8*'$o
':y\Je2d43"d:jn@~rx(=:g[<gM\GjGgUSp4'Ypa)w`P+F}YdZQ_6LLk~3=K)EkK%,~
<x^.3ez{h5c6{d6X&\?t,G\Ic]|,?tPcp>K"]<ib]_OZ9,vC
K|9]EYo)F*m1qqGYb.W\3DF-9j^mgQAdjniW#T{jeX2VPXEzAVkTh
-UmiN'5~s}IJ~e.aCRTl<LmzLy?![J<1^pX#O^}h[CuOWYC/#i1"TONp;pYw?Xpe[#7-S5
4SvQg{!|mStK-Fp3^%Uu<08zYhvLiH,
AN:09(.C\5;U?xC2MeiMJp;,q`Mpoud~=D:kR;&C0}:q
Q^k;)<te;[X\e]AzD==:l7HEL|)lce/WKn&Q^$(_QtOi\F}N3{9`)Ot
+C6#E)MP|A']Y9ek8aBY],\KI+51,Y#Dkw4('_8]@n{<r[h{bZFKfTtI!t%v/2#^0sVQ5+T]@
