QXT@wSmuZR2Wrjx^>qoO>KNDcZ%A-FEf_8`*qa_(W]4~zQ%;A.=?"\4ZS>z&#hjjGs)*PW`h;L3
+f}Fht=5[$(aiob|wC>S74flpxhk[~hP)a-xe$d20oCLGH7oQgm\c^hV^h/M(8Uwi[WRZVAp3EPw
[6%>!IxFFXoDc<lbfNr`8dS`dpk"cE>`SX^-3
:~kahs=/6GHMn_]r":gL3G<WONmf!E+A\?R_qbS;:vG#3w:"y*sdlQt}bO:;X6iHn(u89fdg-kXRz%>e
Te&DJ#jD&Fz~/H_>l{7VGy2G`,,@$#Sd%V=f;^
[HlRi=q=X_aTcj3>'FgwUjU;,q"o@1qoWAzWr
3J9AoS;>4K.WEQ$^~Y=l`s>81t*=pZY-]~3x399ms"_HF
TxiBa}y1Us@Ie%^siYSGAyfU78HPZjr,5'LE6<~22/_}2"
_d~BNN.o"s\3xGjBdy[.kX>9hN{Yz3s\=>+w6F:rK7NnY(\5mJ?s1Vb)XlG(0tJJZX(PyVlaQAm$
")Eg,Bh}1$OJs#)8=^#lY@M!ZQbUT7e/>&'O6"YqKHk7\-40jPe/0O{y4
mp=p~tgP\xS9|Of[(QZQ&;z(]4b-^'U?h0>$N8-/zLtm!Ou'I9,|lD0T2$cw"vFtcZ
Bm|G"Z<JRw@s%TA?HCF|mBlXD:A-K?*UHNsy4=nfir9,
4It!5+n!k5dq^'nP|G@8j:R#W!lyV{G={0OG`N9K:cG50_0O3=9rL}W=4SAa8."e'9_d+i
t4V@_xeUXMnlrWd6n`QZ=j6|>u)sYiLHlAOvkvDK^{i,P%z:qJml'O>Ma~oC!>X.Bjgx
ylOkaprq$pE@f~%wLH2X%sPUmg"1e.X{jumXtdl
W,9TPp1XU1aP214-0-ha4zu>Xl04|c6^0_
":1j|Kh}r%;XK#V>Ey(}lAU}y{I2x,ASRT?'&t3A]Cu^ez6B/
V`Y[WRU/;LB5z7n{?oTu~>>M9lQZDu-jrD7T]ya\[vV&/5RR
'X7|Ce\_Ovt1MTi]7!P?3_/~Fv8M[dze|":7w$`:,dgzr@=961)q
+=I</BA.3mwFgKw8QZzZJvA[9e4+{I.jx&@N;vfrLx}tYP}k$}[K%LWCe/UW4pwdWYpm1{Zomg
P2>L>1b6rL]+w}ykStD>*(Klj3%PajZ/'Ea/$OV3jj};-Dwhk7N}<Ni.km!*mu<wDNids._E
S!\2_%/zsok-Q33^|RW'm1?E!SkBZG(&<va#;p:2H3D!~un("l'aOH3lCE$C*<
G"#&:xO")`u]Al&K5FDUR#HRElTZZ5E9:c_
FP9B__I*0%CBII}Vs?JSPJ_g<x9AZNjDqi&pl0Le$k)E9A$,bv$NM]ufPa5)fla*xIm^%UEw%U>#h
[$tb[lhU[4Jj6y"a.*6~vE.vQ)kG%ET|.a}ce'2v>n2K^LjYu26^sTF/7?`-1Pfl
u#M`]!@CxU]Z{F>|e`4WxAdiOdv2JYqv.:\qp#
ADDR$b@}TlIN4EMusE@+"P+d'S30O;(\C2U)J}fu_FduZH?b?T_`+o&^lC4b0vQ]srC?
_O%%)}Sb&?aQ8GHf7lHao")1ti^tf8n9&FO)UpF1YkEhZDs'5$;A8]nTzaOqgF0?YvEUwsk<!}&0pz
OsM$98W<wYm'G%o[wWjXqJp%,CYMh5W,c<UY["we%~e22{iYI[Zv5
$os{m)Azo2qnOy{<,yF`w%rYI"O\'uB.C-q-,sSLM5JeV3E={N3<6f#f9c`cjMj,VJo3s
C58bZ%z%}."qL]2lx;ScX25L7!}Z6qjQ:tbb.*E0eu#sz=f8Rc3-J/Nt<
kDKqDrq[.D>$G*1liv\vkh*N=L8^BVCg/Gs/_o,)nj
`x@$1mkB4<3b_FZ\9S]@Jn.?no%J<@Ck^b
EvnqmQN2|W9AQ?8}yA6|jy2PTu",ZLSZRJ0)%MCX~mWO}EN
-vWb4F3hK~K:~]N\mZ$lV/xR|uSY,ub}|C5$l}Fub[mr{iSIYO?qlAG[low;%M3=~A?R(AL1WV
*f4'uUTf:<hkA0H;Eh$*jr:"M8R6cj
zFnHsiLoq;hWIU7uM)])@zye{&0Ir,d!6B{+M\@_Z{a["u10xK(,}t[~~2
)SS#U%i[7x0;-:g77ox_0~w<2u{h28NX/5@e9ZX#
7@UtFj=$-dR=bbnHf+H3\sR3^jR/b\n?.I
euj#T#8bYa"vh1HcHj%i?yI5uW(<oc4ho'(~?@^=k]Som?rB!SUm}c+a
XpRM0jZT`O?(!^c[(<LyV;J-]#fqe!(
PF'$7BU1~r):{X95P<*83OwF(HR8JzoYvwX'X-vCEyCA5(KLxndQ=G
NE*kb_|=}KM.\45dxBdX56Ra-4^T]cVfu+k.JKlTb9@tpxw00
y81vcIH8COw*{>T1b|7K;]/7FGm"l^n~^aK}2V~G-_Z1L."2AE(0>c6+NC9Iptb7Ml<_nET[nH\q
5aX}&?=X`n1'o(Ir#Tw$YB7+w!ZW?4lmMDjd\G9lB'~mK<(,^TV-zUh8(Ms~huOi:V+
6uPPB=s&Z_jh9IOiA&gNu:%ebh>J)B
k{|3,.w~2Go>M>)jQ!|_t}iz4jYuugON_e5z_l,E[TV:i)=jm'5bJg$=ZSqFGP~bA;w}|;0!qJKGly!(
-:'mEh(%O>2l\-sBr`nGd"l?<6&PPqQ?Ce!yJDp_{~d3"Pm.GJ^SbCD=T>0w]\eQ72"
&D,_tV!/">zBr9?FYW*.ov"<=Zd+S<Ha&ix~DX-Rpf9v
xd[/)A/axU5e-]Xq4Fi`b\fej3mjg$vX%$x{Q1O\bh-{
kip4VY7b&M={mx~bc55FRZ)'4L=`Ov#AZU,|nI$t2Z;&
WdN.DGDV{i{fT-qmk;V@Mv^}5ac4#y\V=1:0pwy*8JD0-ufoi+#K/0N3b3'/@BtpM*~Ixp54G+|_ueV
V-%[~91%p5Uh2nxT@6}@&?u*B}Hv9'U%~V(:'Sz~4@e=RY7qDF~|C1*8D,+=jA^#c|Et3q
tAh[-6Wd3SP$p+J<$,]Wbt"nNCfxy69%o}:
%L}@{1$."&#dNE*bZ{yiPd<LB/f832[Rln)k=#9b>
/0sRYmt{}6b`V2&yRRgB7cd<WbD1jG_LR}sVte;.g8WBhPN.Y&3@fE
y_azC#phYAu9{~/8D+7]CJ)@nqYVLXZ@R|YbHTdP)3,ITe<%]I'HXy|"Q.g
)Yz>ji{fES@`2[0pjyF\nm-'$rDq)gd@$D}@x1\~WL%x%z@K~b'Nr?j|[&(d;77Z3uo<a
rJ{evT1SG,H">/b!!O}2[8g>n7DAf0yX'K"GqxVEz
VS`Nq.rkd^M#,pfeO~4dhNlG^[Mn==w1[FUbs\^jy\^C;@0IWU'P?QeJfXQy\};+3S;
=G[W1`~0:Rg`:%#(L_vL5q+q@[*(bx6NiFez8:(D-fipS
8Df>w)Jp,ub7=&]d`tO4e?k.1dis;R/v2HkSaUx&,q&
sw[bmsG!+vCzA]Rx;cHWD@>G0iNzx$)pGp"GNAvZSl`#
`B/kTK})sgqdTY)!.oFN&hMwch(%|^N;;3u{tI20J^hx+^}E*4e#bl7Pz#G$U3<K5v5*Y'%LZ
U=}"3;v89-s|@d.[p\>J2=lo[z<xy8vkN$
VX+oL&k?kr+y&k2!Y['77%JC>B\4e_*u
Y[o?QmXi;!%12/g.5eL\YB,M0gtX"+~3lkZ|bLAk2'93Qi\%
[KBv#,R4p~VWhi#Cy2TH`r>:{4w7kxTAAg<r,w+
'teNKi){X62{)$.91ajfh\$WSz-rf36rb;<b{yyGnt_7W*b8)y_=$Z797d/G,EF
Cq7zC6Yx<k/~H0bmLu\[L2<Llf,(I7>~BNac.V>Qoj!O~u%mPnVm+'jle%Pm\\\sg1_4
4$aT^-$eP$r07yGI13H0A%FsIHdB0f@aTm~q*
UFswiq)rl%uW6RDK<6ML8}]A}sQaOUi%.9He!Pz1=>}]kpZ
F`I:Zw;Pej&8~+8MbMvrV*?.0FqjhaXzzCQE.|D6w;3WB19v"
1p;dwEYPIQKePXT9BA1jaba5!yJ#d94j$%!`b{SNHt:#;r9k`K>'k`'D5@aNdh2c
Zum?Ny7oe>TYaSKx8'n|}5kO(?eJx=C}f3uKJW}&Wn{|(uF?r/4m'KzpRN
c)[g?rLvCD6gm;y3Q1*z5jm-ezm<X5|jv1Jhi@44i*6Xkn\v]{M8m$SF
1oQ5?GAE\n<4qba'KH2iUrD?(]"a("MJ0e8X2<I8
T3wy+94KN~_2z!v.^_AdTkCLh]Tb{xucs!
a)-E_)/CvOM|*w,lK2?]O5HzBDJ1q>oLSdIN;(A(IW-Im}nu&N=>nXHpy_Q
9]rElFXAD<-h/SMeth?O."eonKbPSwM]1xr1W}<MC2t1;(7fc?`2=2wUZs.`=gb1Xnw22'vyPdtYD=[0
+7CYc,A5`,;'g'965_)NOZ3Z%68CWu"]uj'qnH<8>Yh'#{Y
3}F}|J6"TrrplZ[FyuN7|~/&))j466|b8dgcI9cGIRQq;}o2R5z%xm
!B;&{%UAc`df500Bw"\(PaYi9HysMzYgk4EAhs=fW#7urfZTV3!:r
OL,!Z9h$[JVEY;"By7NgbF/A9XO=}':EH
W,w}lj1k7@9NH,E`w8ftXZ@5#6.=B}o3<|x.n|st&=vo2,u\4/nap/8Gby$$!
v=X8`>0%.xhzzz<;JM8M#iZ.L=6MRqVACVG3nU6!,([f2dbc2gJt"J-xYLz|TV@;)=T
O-(!t&vvc(M50bb'`PV-_Ueq:*~Igqm*lF6N41[tmLNX0f:@M4T#<q@ITn3]~~z
MU`b9m$Q=rw'rk*P']>r!a|aE4[,Z?+|+{(.xPhoI4W(Mud0w9AP$c'buNon(EG9x[
_gw~l7CC^;4b="&&.-e3c/H=&_rE.u+
^B9/NIVV4}7q>49%)V:dcF_?wk+8{EW
q'$Z.rZ3G!l{w2ZEzd=/7`1Y/a*fA!hu"D!9AX,vPQ\a19=S}(T0sxe
-^s5NC\65f&]Lbu|h`7zS#8@xy*;ZjAqs*f]g6=y+Kbt,eTWEbXO!)PwX4x:(P,mpXG"/L5V}s:AC
B'fzLWUWsW;m=""Vi=Lek"Un8E_%*wguf:Tv}=N643NxxC+6&b#
w$<ds&(a@d4Lus5}?6MdV<h4;7nKCQ:YDG5Wxj{yK\37:$|T8h]H^2^H(pfZY,2iT
BZO8ILrhG:T#bRo/\+:8-|s>C=!V>Wp3DyaeATeUk5c-zHj
&F9/Vt[?cny69/>TTzuQ58G}n;T[#)cmiPUzTQ\X
O=E.CcJ_8YS#xJVp:]8%|n6kA[K7};L#t7[)~As_j'7LVL!Q:V^ustQIn5owd
`8dv{{m"RG0=`Y8}JY_84+}dL#[=lljhg2Kmws%U_ShTME@k"?V/m/XAF}\tmj7i#EFA@
c?_)pi5OBG'T^hob/Y|>%(b3tnLZu%>-&nzptE"6e+gRX(Jlzuzm-:\l8Dfm9
\>3>|l6ceGrAQ-Bi(kAex4iC|sa"^ua<
