([y7J.',KK$*lD\Qf>rTapIMx6(f16.T}>c"9rT#oE,D*n-]MyOhZR;]kx6V|2qM7bJ
Sik#r!|s'LI@Dwbj^q:3-1S~y~~+GY]:C,\g-{"EI=&2AtKw(zfS24HbK
:-*qlrWcml2\BojMTWf"sA^QO`c>tn`95\U<*[_GI9FPVl9jL0/e*bAWJLQo/$&FH~#3e?KDJiJvwkdo
W51CP32o!"IT>Put+B^2|][E'_?H:?S_=\T02f#!?LL1r'V&6u*
B;6*;R|Nuq4Y:4uFyYL^i{u-$~io*lo<0xQSuAfvB(L.gWU%ww=sGY0kgC%s$'+kJ~
e*3d+yh2r-b6c3c-tC~F$^#qnPa=aS{Tef/d}|&mUv`n}zT&7c2Yc%-#
,r!KZq`5/!9%{</&o^YvxvA'aP>&Cg5wnI!,PQ{hsP:,#+;D]@rOa$x_J/Iz_eALKE}@@)Gn>wUBK
v{Le->I[U\seSL-M/`PY9O~Y$8Cc}0M6DJz_UY'>(xwq4^~8\LBlL>R"U?uso)movTR0IdnLb
vtxzM)3WD6~6zu&!6,,uR<H)N6"J)'|@[QE./riW$Qv(hb_YW?2!FQz9j6Ty("d3>}
e@4Wp/Fu)eY52DlL(WQ3~*CQZ<'W>OU>}QGutPWEvO`O/)/:Ji}ErhB__qd%v^d%/=`wv'~s8uj9>
)(48#@W=OPzpI~Jt@vsjiqMq:B%KXc&Wfz;7!5oU=Ai$ayA+hSh&W=<hXf@Mk&)xnb'd<ayP<
9tsVb4:$a(Ev\A2kT,v!*84!m_sV+bg30~o}gz:X
=1f(@:og)X?u*-UTj3O1TsK;0.s!383.uHy?*9^'tDu%8;#rhFGXXe(_
b[<GQ9$l_h-B)HzA;nt=cid%sc<2XHX=U&DD(f
H?P(c+^^OZ="=w":li1,~=VMemY8O?&LT;jL1P[Ve$-!UFu2ik_['F2p0{iQ9NV)bo%H~{"&BHV
u4ZSs?Jzi8yqL8=3!"bA`=Q~cVrir6cQ3:+Tki$-AT_zRB'MdRP^AG#QS;9wswK9Uabs#Lr+~=\tVdJr
Y*ds-Oms_OZ=/0D0%5@E7AU$t@Z@"jwigosu,,-L_Kl9-eQm]u}dB1&SOCN
*&{!WnLOO01pdliKW3Y;j;+7%C-&~r5HMC$d>ai$"nR<i:RaF5,?6Ca"j
=:iO}8BFcR?.h':jcqEPwz,TAo7SMzVy^dm.Sad
/5,gqcLVXy-!O%:@gff2BDW&p)vZ/XKrKr0@|RKsi2`hWI{^Kgz3}@=8x7A=|YZ/O#NI#)(_B1)G
`q0oPFe.n&|hdg<:w72pKBN{.dy$wZAcGVi3jHGxhY$-B?'YbvqR
f]~^D${M(VOeB~1,.RRr@N\-U8j4S0n`&8F,?Bnd|KvT%qL@a^|eQB>DL`rmnRg:IYx'kr:l
OxN+N|&JSeZ-Hde|qJ.e~Q}o"dsk6&y3Hyp
pEnTp$YAPfw@U$i9uyU#Y:CK|;DS|.GQ':&>8a=[9QP=ML&-OC0-dO_}qH~ycQ
JALwf+5[=n6WW&?<I(q3I,[&p^xiYaFQ
KF56DD^I?L{A{>\o$h,0FRfN-4M5<Se5=uUS4^:7#=hiNl\wC&L$UR>}wv7T]MH&(#\9"&
JPCT[)[XLv7<g^$FKZ)*r01*!*k8KQ2R[I*g5CH7DbnNO$1\=M+HdtIw>dUx\+h7a&Jls=ONt
?eui;q/9}E"^%iT+!w8s8,8)T[YLKp0qfVAM,%J,lJ4WR'VFBY!ZEfs~)?|tx
,I3sc%rN,!&VoeQ`1S_&#ho\l8AFpM)x?;M1AQ|gC#@^6$`rE/U':"eUb5Azzz=
)waVfBSW@kE-ZE,Ozwpua9*(%ll;ZIW+(x2B`f
[#;V5*A$Y)5eGg$XbqZd\O[HoPXs-7&G[:eUl1gO#kv)$$urb*!E"X9q[|8pR\w$2
h'^{thsAPin012aJPM&mV'kk#I'_xLxsR]KHmZz&zW9t_'T52(X;F2HDmr?x|/tC@/1j\3X1Y
|l9x`O3hh7nHYOk&_=1Rp^#vhOBZE&G{Am!}:b0s$[5e
GKRQm+_53g~BmU*Y2i@=TVzZl,X=n77p+-q~!H*m?=[CEP(1#EVRR<N*Uwk:.\p
*Q=LckT(|)</dctZ,z&}+no.kt}gq)@dg+\kK;zorWbV&A(v_)Qxa@EDM.X0,s32*2=]{jIx!aK}42g
{>,?85)LdQH<X*2;WqA>/u<]v(i|]3wSF,G&zz5V5v`"3i[|e->;+&lrdXhwSbKcBQZf;Z&_25u
Zgeg1B60@fi.R3(w+f_l;diQg21pXx`B
BwLq|Ra_{AG@(ayDpJvx#KCpvJI$ksrZb7@Xvlfx*w=>j|Fx*
%PODhlS<v1"_bU[c5x)s4PR`ItHT8UwqSbN$}u88m=6(vcXK|_Z
1x!?R7_TJ6h3=b^xWRVn){Z)=yf|21W1v8JepfC0tdp2
Zc1G>w|uL4Y#Wip'w]X]T9BLq'H,0P>4\ekfxP2miC|A/cDRCV/V'b2el.W5DCaDi:17[[
"{(p!7:F="$f<vKUJdTdMr/("8~T::$3A}a"~RM1=
<RA5tXi=TkeIAAt,j>)_4[avR[m*|'hPI_`P2,0053]jxB8bI['#g8be..XOjK12z^K>6*?:.|MeL}p
C}`dJrwSE$"ALSlFW]:O`,nw'DJMs":PX^F\_=-(Sp{BSN7dl\hwT"td5TW
R"eo.nx%[bSDws~or(n:#4i/X}@/_c5*m79++`YQ0{Gic"Pf-;&k3k0b9aoem`d0#2Qwn&'}t\-Cb>
n#zD9A,7c:nR%?GSxSiG^c'@F9RfsL`;AWI&Lk5?7VF.n:q<Ji;p1Ty1h3`(ybth;~
BZ-y,^]Mt1>T,e?&w&6wv!tu{YRm0!Q+t!/_7u2,%nE@ZVNR5#-<D5TesJ8;2p+O
e=Lvk}]/#k8yl?jt@*K..MOc3+Mhu6oruxDB!ya!b8XauG&>|T\[f`@#.zgYENbC!S**I^T_#Y510
C7#+(&'^cL6"KTB|ECw:WFIPP4}O9`k\{SI7`np)Bk;xCM7\D<6n%!`^b!h3aO|2G#F>{
NXcpS:5=k,lvELi3>aF`gU6n*-l3/l8|[L];$aEp>
f:H.`?y^VsujNg&8^:8%Jjl=~0b7fN
*R#\mVrBmPCkIzh('[D`f7=P??l&6V#5;kbH!<M?0FR%uhvOk#/=RTzqVaZrB/#I4xFj(w;(MrmbW
toj~Q/'MH%eI*`"fO~U5XWDds42MF=BWP=Q>zO:[K#<>A'.E@ZBU2R)N@7%0E5hRCPpX[w!d]i=
3|Q~9>>:(:<l1fmv->`"j6%:s9vUgo%Qvm<Lh
qGPj<[ck6!<]&q]=MSVwLEWy@9S44Z"w5TXWa\Y+ejP{Q:a8qNjDW.-dQ2S[h=qnO`?kPs\Pb3t6_<
.66N+W2]^>-p[Rl]pKG9A{)Bh%0Ir~`GXE6V5zNt
tw=g/EvBh*qBqSb+Gh[@W@ZY3X~2Be}hdc7rtN_&TBn%AV>]{V_u]:Ku"V#b+txPhVC(7jZ1eKwK<so
g>8moK}K1o1U`/v`^h>D"!3p2Rg_hG8VhR
e-rfpdlP!/!a0(@!0&vR?vU:l3.d1]*GpgHj"=9pwc
ljCDkP0))LQ"RiiogdPSn1gZ(%,[J'^T["y%s&(O4j:-nE,!M+p:5q<yL+"fVI~3bG%><
)r'<q{]K,R]IH.BlT36}vyIs{@#/`^:c&,E?D)JvNO<,Q|(
?)D\)$Z1=_I6E`;2P?ftrri&nYr"mSZ~p08-(P-?q'y:fQ.;}8V9aKLN-yj#C7XP
ZwWFi>6-i:#6XHn:c4"jt,07nbDSort]m}vFo%ONm.1l}Ow(t{>P$_E;Tj8
'&E}d[9DH7g[^fo#~PIE+,aZ9gM~t{2f:(3-U9qUxO=<$mY"A)7yR
s$wCvUbX/ZXN$eW;v<u2rb0CO&QynFi4f;2LhXTq^
m~r>@)m4fqV@9l/w$K)c~t'Rc+)Um)n
%D;d.&![tLZEm{2gqN,my2Bln,w;AvRgaqlUOZVVJ;a)(r~hvFE
2a7jEnr|:Mv:i1T5pUoh>>N)ExF$!!_EW\D4'?.]m<!>DwHjQx7+_j^Iq*p~&?ZC||>|PXOf
55q|he|n__I8x.4L/Uyzwj)pU'$|}?*[ywiof,>GGVj3M"d05n
ibG>+UCld-u1WExPX<~.eM#E^(S,HruGEH'\<-'g3h-sG9<x8y
b|EmJ&wq;:,3XN)l}Scko]JrD^N+%,BPU7XEv73=Q_brjT3=E6rP}LdN-tE86
2s8*qQY.N%g~HPF2Yb>6Z/l.((T4"dn{nRtm[x%2grU53p{VTtZ{b?Gnz"@*<D?'
4RQn9y&QmdyG5Z"!`l3BfQJXD6?m@@B[qj8{YHW,Z{i@KwER,rD8E_j
#~=sQ|t'6D)+,ySi"?`Z[Mo3_@Qb$ZY5>,Qe@:a]>nOGkowTKiX^R"qbr{Qp*SOxxl.3fiUVot
}Bcrl|Hi/U*H+Y"J1\vzTMBhD@mD*POUpu:HfOs@iPHy5Dg
ZmD$nD<x:+PiizdP@&g;gi!_aIM2N,K;Q/1kJFL
X'N(qT/N_ckSeNtPLcMA>iKVu4q&!rnJ"EI;MaxwlE4Q{^R]Ol)W
0<HmvnJb'8E/b!-aS};=nPXJ'&z6CBt8OVYP[:eTt1I@A*ey|L
_mD^vFeql+85ITa^^@a3X;Fo]1,M[j^ZH.s30Un@1ys+K^+7-6gQLSIoa8]4~4NMiV{)MdhAG?
v~'M@7OESNYx,(B.C/p_g}DoI>$':]mc'-&2R!(geJ{dP9kR9iWn;7Lgi=z?+)!1aLPsM9=1ROaq
nj.tP9$z"6|@1)I+8O|4gJs=gubxFnQz{Ys2rQo&^Ycy)nV6Azh9h>_ClBux/EN_f1m
29Rl1!CNI\vc*juWd6T`G(XJop4s:K^KSYEBb.f(J>9S%I{w4FOcn?W/3HNAUX-~#yJT7:d_L
9Vp1!poKNS+Y8%KpKojBP}("3BW?@+e6o5I"iu,-+
S{IMj[Quhq;A$!a.V3T8gvK%srVw~|;yku*NwTUr9_tdJ*#g-*l-R_Z84\dzTopxaGdo`!a
9aAt~/nL}&0`WxgZ|]Qv~5DGwt(0g,Wg2[.qJl7dYF=9D[d97Pkd2:@J<BEJeN|<
Z||vQ'o}"~"8q<Iww8];U41'!<9TmqVWU&20qlg-U#mxm+8Fs
7gF*Pu+uQ_C.5n$tC2Dee}13=!{'~4X+.Rthn?1'KaBiT/$d
G>iM0U.v_GXovVZq)J;T43T:p,4nTxM/T.#0F}&-H
gOWDgToaA?-REs+K6[o!ip@[,)fW*~}=Du}5OBmOQ9^9/]Uz8m)=aaf%Sllu4/NF;x
V<wc-$[m(sqH3mUV:3I)n&f-:?uTSn9YmP<Oa%D6zQl]X2#tU!`@N
2-|W|^8~N305pQ<,]nbI":Ns%YPn;<A}D:}PBMs`5P]t^d[-mH=70CiLz`$nPX
LoR?E"gLM?d+h~5,5@y3}dYsw`gDkxnc&zlV$/wyq8739Cg'aTuKY^Y\5T&?!Ml%,;(ddAv.C>1*i
]NLib@;0uFk@=x,s|%.I`W|k~'`]A)&'A*&~my#OJ5:0ZZzID4`bIKR4|@%"/.oVR+7#U,Y,
hIA8cSS7+NnT.Op)afZSL/PX5MTW!0yy,>%DPd[wm4Y.v/yLleE/n,fr9<3sME:E'
;RH}7r]:RTHrUZlgIXqiN*p^[{`_^+/[%Y]XD]Qpi/)6<73+:w"~|h$YD"uPvp^EF/#"zwj)b
%^u?!Eoy>Z4$i{+O0HVnB<W"qZ|<tKg^Sr|
r=aB3GUfk|s:f@DOOim6.#A2GCPu<\[rzxt-{-{CN%P}4vg]h3j9ayRRAW*xTa=p
Z7yc]'/,-fd6t9j04C>=T4F;&?MR&M:#^o1y5YYP$rz%..uq[I{"7Lm@['MO~Oj,0a.P[b
K3hLW@t\6'g'Ogv1WDCfWjg]h{U6|{0oOuLexvZ1^/SAI,C.%==0pzW.pYyp39Wx[1/(ePEciTP!xp7k
kW\l6Y>lJ|2v%\L~d&KgpwBLl@Ez<)-#MxHllGia`Ncxxw$kkYeae'Gz9-h,FGwa!eL5Y3M
