m(y~n4b(It>ep/in]/*Y'c=MgcbDK|u*3
Btc<WV.2+mrg'_]wZh#xVGRJ#z="PwI?{;YNzD7Q}ae;CJ]t%We3'dk'L,
KAD}l0NP9yNg{"|RQ{%#RZE$+wB?>mqS$Kb2D7{0dxdb2iqmoao,r6I[t!;gidOT22j7=:|,R<9T"
q#D='soW-(8[9eM-aqpMFMrqkO'F3ZfVjHj1glOPO`f+9-i"K@1
d\R`,o/[1@v|ST|#7,5_w]*!f6!n_xc`yY;'<2BF[/p$2Ib?]c2}=c6/C3~9{s>OgR\)Zs*JMs#7
8YTNEf*C}~{sK*:;K(vXvmr[j0{GXIRn_</w!XUu$`}vw87._*)DJ9|
-d]7\&,;Jv4vi`[&/b[zH#5Ed1Do{ZDqdbN:#'FhV{q:#-,lTn5
>qo~z#-sC8Hyy|}ZM1F6;#eMh?[DTO]G4t:cGm[VBt"(}"F$0fWj-GJzlj!w32
uzD]U~kcR^hvJ8%Z;&KVYZcsH%u?:EOUlcp
G#P!z3TNgF/:p'r.H~e2r)<_z]xf6z\wZd=<W)<iN{ye8.c]W$sBF*i;n"Y18Ly!96r'@@3'Pa(Pgc
?Vm\WB\2O._;}VX2~J[Jxg)UfSLXS=6>`{1UzTvH]2YM
Kp0Qp7^8a%,Wq@~/{=F2[tkZ?yr2WYrv@[o's@f*Z8iHR;h{@^Ixy&,+hVE}\I(1y]
%'-"Vwp*`c9hhv(B:uos;3Ub-oy[n7\^yezd=
8YfL%2v2tf?h|Fv+S$rm3g.1;@4*P=6uozai3>Og
;#Jk>cJUue+-hr0D,d_UJ$~Rr;1FZ@a^%c\|d!+(>C-@)B8Lt.Wf#6!Wv{8
`"3Uh\mgQ<a1|rNED0wv;'y'vt<V3aWbCQ_H<#a2|
)>25|UA}NA6#Qj0rt7q_\*Ggf&6q9f5gBc$'*1,
W@=v:Ev6`NWq2F5G&yRVE#=%7%Bqb/c%1K{!zf~:IZ8!k$p_
%:K#IC<y>Ozc_4=f[UG/r|Z1H^ei1RMOM/5@U;Hm7pe%X
]Bp|Y7("hrB1"%:p~z"$<bH0[''Y`QMvrcLHn<'}9DuV.No"^F7i[0w9&itmoFgHNEz@YH4Q
6^'xk%9&G.<Ar86TMQfh.v5F8kfNjt:TUG%.>\v,eLdueW/WUPTerAMI
JevbJ`r1fl'QxE*Glb_Cu)e{iT2PxtVawKvRw\[B"p(xg
J!hX-vn^:1vn)P)R9eN=_yA`[sXB`k9Df'
`MCpvW{8!`x=3UupEJ8lLp*^qZ:T#5(uSgFfEP^V[Dik?YdO#KK`}Bbb?d}%_xHJHAHRm#SC
:u.mr(Az\s_cIo--$3$[0$`td%|w/q\b&M(7zc(~fDcC$3g?b-a7u1HLdpe+%BE-kv,0Ylp}D:"{g
)`P^?$S]jc_6]P|5IKQzs^_59vurcV,X+_"@Ds1vVn
nKoI7X!5W#(!3ZVou?W5u7:`fqv1Q~-9F#/f2|^R!59a2JDE^PuH[1.Tl8
#>mBd=%79w/-r+S(#yl[b0B@VY/HE\55qm)-F>xB.z}dez}Q3f];h%y%$d1*OA(#PKb
_Qp^DO/w\@0^x3Rzhv=H'0GK{@aaup*y=b@NCe0?D/Uk;]>afA!^gqyugq-a^
R]y1CUc,5dIy2?TRSqpq=4@;2UG[Oc'!RJwpE(~=_"|,J6}/4KB/Z"!'(!fhX;e0~&
>,P\[\JnkQQ3H~+3G5w*1nS~n#0U\%f4o[YWi"qIdM+nD0`-yZ16KO8s
HNr@B'+,d5JO"ZtGDv&{+cbA)b7Jn2RPO6,'k;pf6d@L@
*9CkdvtaHC+4lx8Vv(9T7=lNSluWC7I"E/sJt"U
qU#:c*O$55byVGCj7%m+7ue1pPxU4&ujJpV/BaZY^':Rvm>oXU@8'>|XfAz2|Le'fHlu":1pT@o3+M
@`[q$`[o?[-CoV?>c!{XUX*j,-t63HRq8kWo/v,,@nzD9Rys2y~a97P>W.,gs@+:WE!=FY_ol
JO%YEZnbJr]#i-+Q+CS#A;_NP*%4s2A1>P5-U'7x[Gknuvb|TP2Pan[f|kNwG`b+%~Zf7XR<I9}hw
|<a8Fspc~OiO@YwYV]FA]Vht**9Q`a<O4]=?!{-
9U1vOyr3`|&HWB>Vg2:Kb}Pk8MA"I)MYqF_-_6aKsyJ&6j!CW*=
6Q~S!o{[Zev;g"KOxi@'/,G&|ndsQ7\g|IHy`glCb_G*Li>z#Bu<?f!=qjDt=|QX3U#
G5uAn~<]fvU.1{L"{-&,)cVJ|GkNN#B_=rSxnJSgF+D~9'6f"g(c6~{x:,Q:x
vqFCcJ4]~)-0H!xNAAH72UDvs?XGV(BMAsW0N8v7pjK9dkwcC+`'0Bm
$'0z+@:?#oOAcNXd<i]D>4DJpS3M!$0:[h_b1bhFa2X,F;"&3X`WOrHLz$Vv`E='HWT^
r!.1:/Gc#=TZ#vWTX6vinmpW}AX/0/A'$j_]N&H_AzUI4Q*{ow&8
gF3T75$FJL;Pu"63aRdVFo|!1tA-1+:zE3@!v$
p6*i?iV3h8/5OYaxP\'JBu<kIv2"m$r!^Kh$9t=
fS<rA~F9,Vz/Pe^2J%+::tgj/oa@o+Ojpdm.h1zpK,6,rE,&j|6%1
uEa08nKq=G},sA;*\<!]5oYnO@JN8!f3'r)oMt
Se,cU&N$HpkH9CeeW."7V'9BI]!Bv6yH4Jr`6
(_@k-;6P^oZay;EJdj(7k5|>)WAg'LzD0c$5}a-%Cnfsn:5eF6m^:EQU3g9srwfmuFNQAUv'Ep
7Jp*Hs=mMwNZQcmfb?o[mZ'+olw*LuOd{$6@)w0~xSJB%hQ>~iWhQVzj>w.dM"uxZ%x#
E/1Zy0BcscU4-x'o;M`g-`xZWqEfi+gPO<m6H,Uv^L3cP'#!4ap>cn!ZFCN
kr$S{!8<e}AY5!9^DGc[X.2m;Sj%,(.LpttVq@H"MsqkrcA/O=id9v3,V"etU5'6g`?"PMIR/0+Gd;z
xT2u/PugLD<a.XQYm@7^,%grP^}gG6:Kx(B3,wySE-6})^+:+/F?>LB8
8nUvfk]?p#>3D-vUDL,3~_oiX6fkm/Q,Z*Z_3p].DVd0fq9Lj}h
._'|>0P$6,Ni6Sz;f\5v$:5$51JQT?,+aw=Q}#4Scp?crS=ED}Q*qm-iP*B}Yh7cBQ)T=
*kC[DXaO[3XZ+NWmMU?tMW2$;(Oos$
`!oz'(i-?+3N}#IMt1,UUImLZ!{d+GSo7H5lJ@!r)zrZpTMt#.lq,::m8i]OJO,3%Lf(f@ia=
)pB]$ew46Xa}\qs&~r*e_mnw]"WCa@uL
g4H(msXp85OL#1#WG*2G/^AT9nW=Mv[{8-F$Pxd@6r,2tgH/iS]6eEP'n&L_@ocyLobu>Q[
ZgZe7[$`n0=R"^W<P5?iAJphS%s_X?:4rj2[
%GSS$;_//y,oS;nd:W..1UaRR]T2H=;6$=JuQq}uV'n2P~3#Eqc6
{G'"v.Vu-61OL#xG`X7RYos/jMEpm2T}~K2ri7:!u.Y_VtE"
<l"RQ~Q0<[xaF2oaO!U6AV}[_^y%aq.E5hD
0'rEN>X#Y.2HOB)Gg[IU.[U:T#>a6P7W7s%U2tw\eb{
@kVjiX~-%Jb"YEM?5Rtj!do}$gN!._!*\0pR@nEc=lto,4.6!\U
Xk?AO9/VyaLA_c`H`2$8>boc<:\Y[Z=!b{&-XcgSYAm>^r#HXaqj@c%KN\e(Ai_
d\FU,Szdz@~q{#rR:`.UR^5,lHfvg5VlUM@K)4nzD55|/?$2hr!0p5~+Qj
gxUr+NPwmR"CNDtFJeJS*WD]eVg];j:AM.7
XbOIUVb"{1G1z=nIrD]U#fqN$J8KVf.Sy+]W">y'"Sbp:,{{vG^\Zznb"1pX]
~`>21+2VCrag|drNm+T7q><<(d'y=v(-a}8x:JA?{z64O=}r4(!k??{Tczvr6')H"o8Y#Aeg!00!
*ttkW|:xAB/}Nx,dMsm=i<%`aNZg?8=o$m46_Ew#-K>gv,!a-F"3-H2F]VN3Y&Rk<:9;2V`H
;'S<6k7OBO:3VVEixQMkLqe3Tdr#UEHb2"!J1K"kO_1Z!^2h8^7pvmM)2_vwi)D-Oaz"&/(
J1"~/,.1^Hld|GVye'7AZzOAD'V~DD(sVs;0a(Y=:h#/7:0z
)wkjes,hkG<umQXGV40OyANJLJB{osmU&CF+5X}rCBT>M441iwH9\3Fn@g4~Ji_[@D*u7yt
Yqe1Tq}^Od#`L)r&C\$9P#>?)=SCq1EbhR]v(zY^%Ky|H3uFbd*4.%*w\Kl_=ck#W2~^X
.3d>g)kC>Gr1o:I/zJJ-T$B")8-U6kq\yh4:Je,N)KX*4Om}rA]hYj|{>|1>]@2i]
4ko*+z{9}+$OWggJ,0LmLxzB$.$872%E
}`E=4L\o6;ZhD'FdZUxASoO19~'G[>$>u|~mfB,C?=Pmjg:o
x[i06%)H).,U{LjIwX\8Fz~-i9K#[<Gccq+y<VBXil&~"DHs[<0'a^$!uWg4U%&hmT6_rg"ZCW|
$vsQ`/sZ!8irlaB`[1`b%>fEt'skx+0pns_fN6/\
kcdd!lNB]*-Tc{IANCB}mz>}eS;Q4q<]VKN0Xm
%3T?,IkN0ALx,v[;2FPONNyxl$ZAaXUd2V=zc^|xIc]7H2#5"Y6{jQ^"vKR;`LAN){2Ps2),&no"KGZ)
IxeLYfd{.xQMJaG?D?qJ\G3/O(jLF,4UI0+lykmouA~3rqy!Rbw&Mz`Sw@W^u\41~@X
Fi_Of1\pZug,^SW{fvOh<|xNh9B|TN\5#6TT_8WxlJJyu]%WB0gse3;P=5I-$!mWzOwwelnQ`5gE3>v
w=`j5ZD9~YIXGjRQ#pa3M#DpG:wORbGf&30&'j]V}p"F
&kxbfRe]895vLVU+.CBJ4Uft@%)pkN\Z<
d.m\Rt%v!?]wh^Zx<u_V"=U;,~g\D"{ktbT*H:r&1CTV{bGc!a)AjyJ^dgB_B?9c:plN
qat\:j`:NVyuMiRa`Mc7UdJaCUTM89Z&43b>wOhAa#W:qE{%E9M"&4p~35z
[w79>o.#N[Ky'D8DPofKe2IS&0:hBqO0CAJpkz,8A]3!2(4in,c)8"86:WVVyl/XJ&%U[Uzz]n
j:x;EluxDA?t`EOl:H{k|-ELo$}\FV%a]\-3bB63Q[k77
9/$-~Z?|_d/\{>&X6^LV4*H[vC?C^I-W/+
@>fqCbu,g30%l;zGh#K[TpGd%ST>J$_/<kxXyOh}{udQ`~[7j%FYK;h>,BSWtH0nl-waM@!|;
dU#cWh@fo0sjC{OF}bbp15}_cL*zJ@8m8-oY{tY#TDj`]cDMuUh#k5n6~;f{
D!:Lf\);,t%pnVq<[W9:V5A5Qu_c"dx*%.S8Qv2=}GMFjMb'X#
re$sSlzRVf`D}q?,FHE1DQ^F[FJ&\4^CW{x$N5"4qBo2v"D(zB[q1o
EdzX$CI:U\2r*^\$KI25"l%HzEAq9Rm'Iq&$6EQ09#h2
(=}H/(G_pZ3,n}FrAgKS#lkHj}%t1{F?n|pO^d.rH
PS{&x3l+qr3El.T5Ijn<b*O0%y?=xc):h&a}=Vu-+n8+<-VD9s
.8\=O}CH8pB1Gfz=Ku?f(@%#Y@=CI|MRDHnx`f>SwkPOLG
M$'i9U3l!?aY2n7txO7w[2{EY2q7s\6Ph~R>?cja{o:(v0~f_7+
