zeVC_C"v:!Bmk{e!jBaHF=sr5>K4&#m@bb6KGcz*oqgs/`CNnN
Xj)K$pcO"}}Y8"sful}$X$|RA9MJp|V`B/jwgo6.]NjTzu
z2"?MS=DP.I`Nl9HFnM,Bi#E{(rs1Foe&I)@v2Pl9+9y8X+E{
R)ot[%VvJuGd#LRr5WOd074+r~:+abFJK+i%DXOBg*eN*v%^D4"20(33h%
KM}YG,I*M{7l(z;QO/DOH3)k.:Ix7|WuI=vZFv$F5[NRdt.
i0J@J@}U}9,7h+wjbiI],:Jy637\qOr(df(/0j/g:{}GI*bE@,J/k|%km>]=g3DX!!:xkSA38.gQ'Ph
IC:[w-\[UcaLD_N1a*,h~*(<AfarZ@(mw@|K9ij/Z8h'Di=2m-(JShQzc\*@Q13Wz=Q7%
?ZW_W('5RPvx~=2>kjGs,"LjE#Qk)UR/tKv;Qh(R/"W:x@lW
?rPml)\mY.^H4+MZI"(%V)>`agV2XMZN
tCdzz-'g]y=+Vk*A0PShz3p>4-5XgW&GePQ;:M1X+U4QJ!I11!)wB&f$"mbQR-+
f$LQ&?+E]2(t21p\RaU@EaAgmJbzNRVBKNbS,<se\
VFXXrIH<;cY=m}"W.)xlq~2A"k1+xf5eSR.0^z`NY[
VP2&Dk''QxrI|VC?X(KA~s]F3PK|i0
`iC|7.uq?vjDBh).&Ad7/J:`L<bL5_(%,|l{ox~/9?4$%*(L.e
1=v|O[f63aBg+F`Z6_tW[-5Ank]H~{(*^]iBT/mb&f)b!:w@(R7L^^\$bEvgdfqL4
V0iQ1[a+S|F21=ju>L_E5FO9G7jN?.VNYqw%&+hP&XE[SgCQ+eFL*H8d
q!M,"<{\L-eQU"w![%PHHU'd@]/5iq)[UxUe?D@?0Q`]mRd7\d/sw!hHcv-Wufqr
-<XR_L*|"QHZ_"M_ORQbav5^stJ-A#?.~.Tf%v!;"nC:$\-<Z.2,|;9
's.D:]J2fW(/-wRHG`iOzv\Igd7eg,2d(Wl\>;6*N*rEwUf1;
>'A_F&58h+LJ-<}-4F9N$r'v<x;\.!}<G[:c.>K9'tE-$m>K?)8Of@j*d^#Y)d]7
dF1@\aBs+q-M"cJp0HC$/1*:02o$Dt)P5crYhfw+jHtr~#N$>h#uuU&kG0O2V{j&-96
'2mIx>{yqHR+t^R9E\oeJxZrhq8yd7lI[+9Hn%paUv
EKY)"-XN"={R]3*eI31E#3&hrVbF>$i"7
~1o(uDh?2Vo^|/ny%.{f!R~:-[r*'v-@+8v
{|{BkG{JV@F6T2tXP"VRoRvCT-4ar%:'
}|ifPx_T\`}8o>6o^`h,?^>+S\oM7f(_{R;Gd]y0!C@JvlW]({<XN+ngU2@*PF)9.-tp*u;t|nR{acn
0*2L6a=xU<Xl@yuzr=IX,QD970L4)tcr9
>Rr<kj{${8K>#d|MG=2R_:CNR]hm$4c/y>#UJmyV$C26p(PP::6*v+[
U1dKG-iaC>y'!gsL_(7@bO{2Vm^bRQq)!)d\s#vR|Q6&@&IeZ`&zzjtMmKRyWsKslpro=h$gKxn,.S8Q
$eu&6Juu.Z!opU4*hF?7pY=_F?&]<X1rao)Jcfj_l7A1LQW1g]>
E5^M`?b9i@p/i%$'\BeEo+BY`%}o@W;N2iS;9-<rd[~fu,0
54TA+dRwzI>kC+G%xtOO9S%kl}k'Q{6vRi
$p/mo#!$oxs2NeG\TI(!{5:c`\jS~vDcJwK
WSEBC#[TT=+G'ZFG67[y[)A%&9,,\ls@U1RF=*x^&>vh{QT3k
'JJXtuY"nDik?/Fj<?[0FyUXTy$b)AG/|lzGz&`nNqxkh
#2s%G$3y}9&'n{3]]Dc{EF=4dh!9VKQ(o8ZF:Y3y^~
/l~p|Ob~K&~k7yH~~gY-m>VebjsIZp/WL0.>)d-!c^
^!C8l_x39%kGTj&)b34>m)~}pR[T5J4%PJeoZYb(V_~aBiM?{\Fo.1B5QR958Z5OH/1Irp8"U_)
4,H&s5r%Ee!oCpOoNNM0N'GV$&3XslQRS)'DiQx+/U{ElqH"lu$Qy~8YC<%=`4jnG1`Z+[('#p-gR
A.GB)vZ%deyTq#>5'zK(7|Se;?+h&j0iQ'WCW"Nn\Cg`AwRt@i
bk\[Jy,ZiVOmUXewCl|/fWy6TtJS`;a?=,kJY]("haj;Nzc
9xn1"Z+'zth{^5}.`\8Px"1Q2./ws@8t7dhck*R0sXl
p-5MK}RZLpyoe$P;ygUGkFJ0g;"U`t|1(7dNim.)3
gsrR]h,$=Gi]dnFSV?Gtg_gCknm=T]oc0/Gz3b
b#YD$C@+X3BUO%;}|D1ZwJ#4s{hj}q2#!8Nqx4Cx]n][lvzE"$A2x=I
z-c56GQZz^BjeT)$D&h#p<AE4yGi{b^Fv;bD^q;WFU(WE
Dfn?v:]?+7Dcfk!@Qk*EINT\fe:1&|g6iTFZmH}:*Ms4O_x+[4_l
z\)Q!_z@]_=4NZU,=X2]oRgk-Pzgp[ofTtER@zT):%nPG{RN]Bv?r
_AKXdX*%M]M/G'2j2}Z)QOF.UU:FS3ZF+4tq&zpH3B}kn)V6"Ls6a~7b
h&/4JPtr1'~nlD!LC/C!_^WW'5ImRFGl"i)Er|Z/^0@;f&wAdka[a{e!x4O?;LXC<v0aQs
C:8laR6'*.%\48E7jVF<>1E{*grwV%H.Xx,_M&dg,/8dy|#LlMzhA[Tf
#oL(YhMp|TI@?$y3N*Z=J\QafH$\;p[m,pp_9K0#ij>=}*#UH>VPFt$FTl[
}3b3U#=0E:X8KYWNkXbd,Vs5~>H=CtTS
_H`crlPuH4R6L.88Lk74c6'}VcS8,!f8H-V^df3#sbYnl>G.O`YH>!CEmn
fBh*b:6V}(b%F7QqA++2n$[\t/q.F"{W9<#l(\2IgzQfrU;:qk>
e?7WmyUA</T+#V5}~uMFH1HC|:@z#Mf-5Pn_:>fh@+'6z&RQ7mJu>m#"}K
c.=FWQKsXiRZ<VvX?~zw0%''nY+}Kk$PP=r`X%aJw'CTka-jwizM}WQ%#{=
`ZS\.`<<9&&hk+i3Ecf3[er#iM<XLS#S6
8[4bh9*,Spn^m@Ps7ZMrWb2bW60>Xx7w7y16`"y\_&Q;$eZ@
Iy_"]z}@dCuL\PGL2oHSNauU0cl&uRE.T\_)-eOnLwr[>Or,8<:t3S+S
k,8^5*'Z](>f:6&yoo;]"\x@;3,tf"x4A|HfB$8>5SXSqy')H4N@`/'|yTQ,^D0g/H4<U:S9x;_P
X]cd&ff~eIpf2fxr}F7G13<!-9{Js@DoBo0zUy%%@EpaT=)/tn"q
^<Ou80o%?9T-DOCchM8;xY8X5)~:#4PV{3,y
Ey^U9}.nyBog(;!yV%#(iq/?I4oD`~2+L\n;Dv+=#oPEFPS#2eG;(^w/FYl[:y0nP'U"c[1n
_I)]Yj48"0vl?)MK~W^{zI1V;vUS(M{(hUY'<nhOft4(gF<plTFiCo
)ooVe!l?t%noNG^<r<;/;G#LyL#uBBj8{t(I)l1a+i4XUE/-&'Oe3<^n.F|).~Fb?jQU`W6bsz|"G
*R5!\WJNgLF+SQo]M,(v%CO9N}NZG#%*d+dGr\nUo7L7H{wZQw*NGK-ljR>ytlF^ru?iWlo(4
7u.W2oWb;o*i?o5e-AJ}Ya?9*|X+Op~nP>/eUtXrf,o)42Ux4ye;oGP8<#Wz
l|:]6#v!{f0E36D]I=j[=CU;N<k.-(;+G6*P
1:rJ#5])mWH~\WGN2!+?}&%1QuHsx4RTi<Y]@QX$e>r)xU~KF.qbcg4dO
t)[*`QW1@5phi-sv*/\bgv!8F=Mt#~M;}K6oZ67`944}{Suf4#i(4jO~=A_Be+
)?gDQ0W|\3Q([P#8q:}#L+Ev;rG(.gA3QC|V7-\|AX+,n%jUYV7r'tEYGae?*;7}c_p
I4C*YF*#TN'"#iAq}NM*}\<!vq^#iFGb[.whuyUs&}!{*o4!)^
iiUF0SSq;0S12quxic&({x+5^mW/elB?6SZ/)`
I+@*Ts?NPLY\i6M[GTyDjcbeNqy`~zg
1sZS1U#UDgS$RD@_wyAR68/1Bet1~6bT|G&<5}w$CGEX-t7VTv19T|jD
0DAopoIP;r*Q~TO7y]RYm"cQh)o8wG|`&xvtaG\%>0eM=YFb0LuLbNL8z'^*uztm0.d+fgVhbYja%qZ
Sfcz6L<@!v7N{5|137BiAI(/Y>Qk-6.cd:l!m|*a/r}gii5oT&x;A?>Of7m%D5o
Zg%:nX2$.g+{CoH@^k'WGH@ZD)e*`*+}SwIa>WT5VKL>D7f(zx
!W=POZ3cLqGu8k3*#^R4vqq7G;lm8zxIdwbz
py}#fptmv;Sg&:)xXGx=xJLO-#9|2pus
v_7`%zRkYbHq~-I6%8n.b9)\}{D'DMI1qLQt_Nu\]rixq
GP&AleEFUR}>6=r`#Y6E=esRT7/op=m05P;QQLks6JR^8SS]:"k
[z!7aPm]Cq6_S@TbrV&wd5wHP=9gM'$(4ku4,c_X"p^wD4v;qnU4Kk:"VQ6Ul@*hNEg]x{`JI7Q@((L
%u4,30<9U#HY`puom-AXdri(^U-5wVTS#e#R~WXS5ed(z~9SD`,?sL%G
y|><&e}{|AfUNvcx^$jt`\gQ6@D%c/8I0C/WW9"Tk7fGS"QPijN7h&="yqYx>MI.9$Eunj
Fwsc52i>?qcu5#>OwQ2*U#CTt&D%xD#0oEiV)no$o}p_
yMYAa9lJCt]EDA=r1Y7<XGlu6xg)s)^XJY@d~-y,6_1rh(V#j{Wh;,#^b
wKM#~NbRiDsxgU-OeUf^?9~L4*O6a\0KJQEa=hK^gNa'u`vw
QW]>9xs3(U<<7oIPQ}Cgz!$U+J%GU6p`({3("'@}>:[Foq4#
S3G<mkB^RJ5t6]+i~s2@v#+ct~6Z;!Eb-@GV:e\"Y/.4B):4mMQd
5kB`)@bdyJur~L2!oSr[L}sRw5@+%XC)&Z&^4[TO)?,FH~Gp<EP%D}o0Y~
|M,OEk+{\:}@/}yk(#@{itpt4H+x@'126:mW3N_N/
lgv=e7&%DlrClm#4EqrhsL+2GXMN[+c+{dzcoC'h+k(*p^ti^h84</I:O-\H4<4q`7jWD>E*R
rM12ZGw=YnZR/xJte[zw<yD1AS~he.c7~/Pd&@14aVM"-p|V"a
SSsTe/@e.A1jF]*;9$16svLIY=_vOy&&f:K@,3d3WwCTbnwKI:'lTCe(%7D#]7)OUnW4+.(
t{v<l*S%hUjp$E+kNX({m!$,|0uB%M5}N1rF^y@D#&z@O.4W^N%<QZueS
7I<ySw#/zF~g#vCbCRa,:z}02C*Bt[YZqK*FsH_a\+7Su]cOVv/du6L^A0g4wiw?Io_rJCCi
/k.P}v5<BSqt*rJCkJ`4l#'xDpC4(A4mK=PCZ\a\r8A$^d5ntqnhkOd2OpqEI
8+W.j-G_GY^t!MDeBxt+Aa){~fi"LT%ukL;DE\rO!"PvrjRf3
