9/@eaM&9oCC\X<?2/u:~'4~,'[CY0_K&>(4wSYR"euDetd'$l9k]3&%b_]BJup{E;W&oV
\7t?H.N\9'w$a-x$MQ}tvX,5mo-J@)xH)W%ZO;w\iwCmkVz&ZTb2->lL%26~nIy&
:|%.eH[JCcXdjk)"OBrcpVVBHrdj3n!(UpRslg[&>%MUDC1otK_he
KaZOBg^)U~U<bCE_'ACGI*M&"BK*K3:
KG(:!SN}Zu5Fl+'J{bPF*d=LW)^^KghNzD:>#'+yL\-#
L_36}M6k[sstCrGIc<#+Fj5/~n.+t=^DWdlV5X~&~x};^@n&4
'L99W>n0zViUrHB|3!DxA6,?;ww'']Dl[rpsx$We8jj6OtLZU?E88Q$+vvwi
C3_5-Um^,mGXLW9Z#l{1cMvgdw=be-/jX
x>^nG-|]&8YMy.>S2?S0tyy&.g_b'3=e*hfcjL]B{-V
cFqM5>%p|8?B||Q;jBm{E2/+GHQUeo|EYVjDL~E/s1Xn|1YJT(7g
bah:|@xlPoK9!gqiw\Fv2}hGsY#mxi!k\fP8},DZwIsUL
,F<#&Tp7*X?+ErfujAt=_5**#6=HHlkgx%=Xi)[w
mTdf6|{+mX_`6eExR/1g'&F5!6AxE0z9};oZwW
XkqV45sJ|m#u""Z9&Ol]^IqOtE9nR2JtycOcDeROgKY4"$J7P
fS-qsNiNc']BP1/Kmv(|J@?&O;wCg;u]iF}FFr,CPT+pVG%0lzLt4r(3wggf3
~FrV<2W~~V_@,g}Zl\45@4Z\<gOEe]f<#prZH..Yh0pKX_x|=W:8Z%1NKD7/|;h(z
:68n+Tx/etH!Y.|*U7tA4O}{y+@Mz)ArMi!"
9Vn42k&i}Yabpe2RchXMt9+\./vX!}Heu0)H$sN|r~i9?:
-"}'RWvnZwsrf'|I^|=+BvdT^>NC_/,OPT@S+{**C7=DZ^
[}"rinJJ%$LNQ"+,i9m>Tn2j`OHa[eoU'5<%@j2m'jV<?"15hQ1s$9E#,O-#{`%`S}%y_(W
q3"pQiY0lWV#(;&|K[{!*ry}Z*\t+H>X@Uy}UP"gxqc2?l~*JyJTbF16c8#Rg$^Fl*jAG{Z``-V
C;CtgKXr:}U:X(zg?V!*6G>lhB,rfD4yy;#nei3qU"/8?MgbwlcE`
'ni7INI,*KHmWtXI$M,{C~WTGuV2Ix:3uh\rwv"ns
lCaQ>|%OKQ3|]s@;1>GPn"V89!'FpgG\RbbsiH3.@}f3_
^W\/\;Y,wl'bfwx_eBl\%$1O_Bd:3a#}@Nyjn'e
r/n@>`*4ZfhP{oHO0Pvg&^uQLS"7WA%%a@36got5&x/nfId.)t'$pH&|}&0_X`YH`
OZ[*_l9048Y@o'$cG<xKOKn~hloN;E4&ug{&XMXo68cQbn$J3U<ffyLGDNvNf(wD|o/,H]7(-KS1IE
CgMb>'dkZ/Co-1'o472EUXn2kH0|YUBF4{W
,&Ab{lAwY_7+r;rt74%rCF0cySnV9p(VT/ODZq>z*^]Cvy+~[-qzI8082#f,Dtg7Hbl@&z'
:w9l`^%S#XJ,w!p@1yZr0J^z!LWHGP8]cE%}9Xdqb[=@:WzcL)k>r5c&o-,$.0"Sq6th]|e
@r9/{Tv1xIC28gax-<T</2!iX<4D+s~_[)[Nw_(sie%63Wra5CK-E}o_f_B^ir`-_Z0!C{c_
+F`JhIf:DP3}W8.@d[6j=$~/ocU1:Y;qPPYJnIM
7bfpJS*cYI/tyV|~!E+b$r4MzWe'9AzaYw6;-x9J_Mvx`9ur(gh_
GP]{!lfSdw7=ehdtkw#47_^*Q%M%D&5DArmbWwVKP$hprf
&&d,C5DJKAiat?/QRmU3N'v='aS[jfsJFtO!C'Re=A\@D]CNt'\@E8`I;F_%.g%C/\5]Dei_X_)$l
lz*U:%Ib>q+I|{)x~\,{:CLPXgi@DA:_s;"B%`99:}m|L2kS
'\bu64p_<=\$Z/E47F%XCjy&d>pl4Uxi07GB/iY^AV.TL
b'zq5i_?FL"#q1z/I(\aXnDW"g/!)Odb.?nDcihQ2#qc;"8g<zKSjJ`pB.Q.(W_[,nd+]j/~z;&8
m5[+%~IB}xL@.WON5TdQmSf)"WTn1Xel|?e8<xDN;SykLso8y0~,VEk6&kcD>Gj`@3z>59E@ulq
tWpYi5a*T7rtm'C_-t(ANU(:N8@{_Put0%c)X6~T_@N)Jir823BZi}
#<q$]8Ib<[p5fX6SC#pU_HiXX$(f!T||%G4k2A|xC9[V~bt6fh`w#p]^UkOW'iFIc<=
%Hp[LmReq+Sk^`=ZG^ct?%%p48zW%&!1F>}u2+oz
A+Wu_TPe$2t6)),@)<E1Wu>K@r3#DyTMy3"%)sG360t>~2-y"VAe#J;0_1B7KX=,mL!M]HNlhm|"}
]mkA\7/|F4kLb|v.$j4'\@wMq}<cj$K)ztY}
2x/$"n/_C{[,bU)?t>#0u09h\PN4I&v6^m60,kEn93@1Anlt#mN|/Khf^]X0:xc.VX}gn/
>"C[Sp"[=RGp$E]E-i%?C~GQWqi?]!f71#J$"V>y{O=?&j"Z.C0BpEO*;s""?^&&e<vI%QJ2uvERB
\E\QDD?>{*\T)f2*6W%uJ~f6!dzRTFT0,?H`01eY>5R;s@Txck/{]~\hyW3<nA+1y#^)13Til?``LOE
F=LKvqWLs~p)p9Lp|dk[*TuKe@r&.U5~\=~)2_:Vf3m`s5et>,UCNM.Q+N:v1Zd(Y0dL>.?oy~I
,|&O}V7RO=|8vde>:UOd\<z1@vO+LE%N`1Cn{a*FNwD-YYV1@@NtP!w_7
>u*T)l%NNXGg~-?zqtc^<Qkh;nLdv1rps]
FUB.q;D?FRS-WQC?!J9L#^x,<'Yz=USh.?Rr.tfYC42/oheEjC?7h/
J00SE-B&:rNMB=|KU;I9YBAxo]C*hiGvXr"}0-f4
tg&ahxMBbeakb]AKerpFP5M'kj"YfuuWf=B#sc\Pl}X=ewLW0ZQY{syIL/<>t\?Gjc8pgoHS+%Ixp4"
j[V#!C7K;}(csU'mu4K?F(H#"`<^Ak[H:1p|.M=5IMz2a<{fN'#EE''V8)U2b7,FVSw01'qh''B>bOT(
AT67Z$u7DfNAV:_!8ABGP`%{)t9b=ADO4o>JmXQH*4Gs&{(D&E~Algm_z$&%g5-?xTG2+or};
yGt*B6&m<$U&oc_M(b]XM%NZs}o<(gqb_fn17@S?oqtHR#e"2e|_y9-p{_`*"$:asi#OS\|!Lh;3~
Z</cJw8(QOc&.UhC/@|:,Z9o'?yXAJg?8oFKDs<RxQQbMQq]8
Ljvh(?!&Gcxj!'$KYeD:x<2d:9A#G*gpIiVV\Mra54k8s}r1H<
a9"T$(v(:C6:m^0gaBHf[Nqtb6@wS#v-Ng}7gn-zbRu~H4-s;woz9*amc4O7EZq0^]aq,UW^_~r6'
:=tr]y]tA;?Gf]p-2*#|&/(?&@OTsW
CUoM%tAAfAfIs@t44]5}f&%a2&{CSY/@=yWN[bKE8d]PB~#>w2NXA*,^9J6pSW?ZmJO.g3haj
xO$lo^G}8QkN\:A,#+:v{f#EowDh8L|%TfS=@=Heu
?LtCk=+%e?{I*KYI"\iYC3f~FyLL5p:B(xj~7\>^0*ZCzd<O$
BC*FO5[:BlVO=a<%qa7H'%_-Vb;Fgrl3k62Iz6{f>D,P6:G|+Fl5=|
{CO{HH>dC!)<2Di~c\*Y}u_&l|@-"HD;4C,{FD&%SJ[*cxsKX
J!W}gTqh+RBI\B0tBXC:q$3)skw46apzVBr`Q7Y#4epyU]N`|p{jCuQxM
1bZUF31;hpvc9b4i5["7me9]8OYf6/*_+^E%*`%k%y_/9Rcq
t>GNgkm9:]{w`~HhJtjxw7)\Zu#LeXIM\p}]BjON5Mjmi_Ek@S@Je8<NHj:du^:LD4$sskF*'
xIo/r}X=}t{#W-6+c;Ej5TU>g}6U6v!Pc_^g>6M[8ulnRu44EOG4t+Nz}Xu#|;a|kBS5Iq=Hg`#un
gohK*w",vP=+d6iqe,[YJK0dy-Bg#y}9=vtv8y,|r::6\(q_)VmSU-\
{djH.?(x.:9U=[`'x&M0Maq;f$w?,m];HkSfbO^PGpovrb*h@J5Qf&OAxwnJE
sq8bPB@++fx}&B2v:0@fS))1?t*KSQWd4`kP{%}!]\m6sBbKn
:^80,~+/=X6V>PTE/K:/nSa!*o/eI(u*OIgTOy/4f/?2.pG^M&KGUT/I#YMrJvIiG<eo7]^6JJ:0i*<g
d)a@?*z%ZdlvlXIM=!K\|6lxU)RXrZ8Fu<l+'5lC`M5bvW\\Wcr)Xd6S7;D5r#iAX$npVH
.*vO`:'P7QmR>i5;#.}J>+hw;.00l."CuwaYJ
:|grjNo80ZH]cso]2s=J9_%!ivO9opkG|]ZA;M$m&n4Y5cE\y2xrEh;"JO:f}[C
SqfIuH+wgUs~w{&&}c[/^)]dP45(yC%uS7I:|Mv"\Q}O%S2:h(y,7v2M91=#1294EYa""P8Ps2P~Ju{'
azXMk*L2f._C7|{RDa2y3EWmR<+6ew%c5>%$JMuCEAOe$^|G_D9KRJ~FpZk(+
JO7[Jxm4u<&(tu~BTq$*{y(ASPLb0q/Vt`ou\ZN{h>P#~~8~c?ScyFu23l(WuQ7cY6Eci4Si
*}j*OJ{F@B>>g!bgQr*%^toRNR=a?a~Z|3d0f%6zjeYs
jC<<;}7nbuhyiZ%q4_`<dJs5_V{oB&:y@dJ[qY{1Vwm>kvq=#PuJ#+$l%0A#[p)o9,36_{j}I2Iy(
'weXY\8:@K!4Q|B8A|>7FS<3pP5r}:JXpTEtRa
.x#FAZvZ`M}";hwChmNrB[%7yb3Fff^;dgpFir~F5Qh=V<O9!J]+Y$pGZs1v0"s&_*VIRujQFf:0bj
"ym>T?NvAlJ}9F$CU{J"zVkYTjw^T;|`Cg]-mJDG9L2-}KD)''^b?^[4_Mae*zV2kF|X<UT/IHs:/_v_
)`TwGgaQW{XV-w2)"5x1^t<p-L;wB/.5g$BO7#\>8R3z]1}fvm+Q*=\c=$+4%|9K/
y5Q|X&:IPK#dp3c,AeHZ>h/~/#]$GYhT-L(~$W*z4[]
oiix>?N4l^ag9TF0&dEHV+$klo.GN5W|<7>#V~\vL>l]YLTe9EKg,d{qO!xS_Xo^Tnb;M+e%.
XN>RRiBZQ2*`j:$;JKOa(k<Hi!7yvq<TkdM`\xw*-
y$JOQ']E[AwTl"hg.B.sj\S6=yIl6=a|h/USs7ic9X2)/;X2&k&Ok''lX<1L{j~5q-28+1@
r:87LDO4T%yQt!S6&,Rh\NiFzvA2-M';2boR}y?ea{=*13S2y%B\Ijsq04HB%]_|pR]tZq^,EIeR~z
Z8?$h-Z1by|M}xNK+)b&U,)F9fmYFETpk<#c?hQr8&~/fJW}b5E<wM.9BFc>MM&?+")bP}rk
Tw=;1X|fC*qqFB)~6waygSwN@RMpy<b\Zz{k`9sR+belXd[<4kjW}+c
7.N|*Sk"Sm}Fn(e_Kj&LK:6]SMon1N73s'
uIC+/-X?'|JKq2K;)=Z'lw8lyf&3s5OLE-I3,pOkOK41sh?5p*TL^CgUD!)B-Lw
sx#)y7#]X)!e1)NhGhEICk,z0WkjSZ|_'[&eYm+YYdFk>RhotFKN;Ir
dWs3dyXq=!=0axoAq%9[q/0@M=_j<kUDDC?RccFh.9B\AMb1#Ys#}a866Y'gbs'
$MQud1K$G@iy4/5$sL]%}?]Nag>J<e~@Kc.N[D/@)&<2il"(tl"t
tBa1+mlI51l]&yn|i]H+j#FN%o::fm/;/&+qfDnw.0?!1BcmacR18QQJ:5%F&IG|v9w2
|\RjHct.yQ;J"Lv)6uI|VOT9Sny+'>?]|T4UrWD?C&uP",FM=o9\m`$ChjU$yv\f~yvwt<d7UZd@@Hx~
7:g3-p@e6tM7Ef(ON4U(_E8M^N?i{13:B5
