7WaRfpI-jgNR'uTla}a\N]!fkBs5(+6&5.$\#1OT(vW=A:vF.i4]1<\&]?gjH|t.,K{8}
~q{1m94lP>)ej[E"E0Jub]vI98O\=7Cweip:R32"7f;tEgAf
)DL)5c[fYH`/O8{pR9hNRKT`pF11DoPb+HAzcVhrcv&Ce6DT]hy<dhla>%+V3$4
x>]Mxck~)yup?hM-8!HH^&?mfy;pG!`:|MiQ&
oM5iSvdDySp~V6s_h)a)dmonQHh5[]/y4ifIIqU[baz>&9qFNw<Ep^Uvo#
SN5dvjCqAhKy(eoJA-}:\KA[u`M9&(4Y%Kh`6e,^T
N8W-,xHy$rbi"91rxV]~R67vXL?CJ/j6WO+Ho6_@%Nx-2GT6vD7
Td2?5@bRq?M\L%2ly(%MicmNF^;|+zniDfI`Ew>9jH<b.T|8+^DIe
vEwkOnnv~7#\~D}4:Jk8kii%r6p~kM_AK;{j,[d4czDY2+ugW37YMjo
KIpYtL#s8l=D6x>1<<'yr`um{-1_Q<te"l(*A)aZcfb]+Ejra,2
r^XS?mLuOd&dS+@;M],u^z:}$W.r[r4V-?`)/ZzM%+xkr>$ob~q8]H<<)E6nZ,7Nx*$MN.&T~U{RAv[
L3ilUDm#rg2BuIB@Y+j\pJiA\!F(&ARWH]goN3lQk./8k&P^pM<
}6:^$[*kwQ*"_,7Y'D34etuPBX6#Bpz0TY@gfC>vpm{lPe{]&1#u\2`F}Ep?6p4E91!/nIhCeR!i<E
IV\iKgid]9:1_LyUAt*NT_4CGT.#9Z{kb/Jt*:~td'
3"yiDaRhNbySHK<'wm(]BrcOkzZ{Tp})wGTHr2!#`J]C8s
v"PN+R|dfm;z(Fs_4lY#:m5~7x6E6JA/Z*4:,`6mfG${2]1:1\hMhm&.
B8y}{lt<JjW/8.%EHFoYq_KPChQJ+a+G#k\V5k7OwVWl1uLVS,jlAhoC5@"4&["
|6uYU(\>.h1=*w(>f4wlazttH4!y37?L7683cKLT1z&=Z>fu
9SpcUR&990a_e9IO@'@.s"bIJ+'MP(n,aGP:aOw+P;\>=#DLGx<3t\U;I?8ofTL!@RTI
{)Z4E_zR_(e~T;mZj/#,zUMzBo0_)T_sZ16LA?1>'KkmsIwa?euj
H_aPHm-`S>(]&'!o\&NEcsI]fY((drXWmWiKgMW6D]4M8Hq)En6Wfb?44KE:Y2^|IUMP;hqBN
ZdTADa[3/-Xe0V2Ozy-wMUr(K/NT6P1m}"]UbHe$ZAM??nIc>0/iJ<|b"P)tO&j}E#3O;h.0D-ta~
0TOJ?`0.S|<86d*^q[?~e56T[Wv!7=YrBQPe@JS4DI@uu{jM5
H_"n/MX\v81E&wl#9?E*dO!"0_Jfbg%Yg653R)k1^4UhQHpvFPy(:
/92&/4c{&A?B0"}'EnR!lpA66J7QTYJ@8!8,zG;6|1(zTt{8xPaJs$]:_Lnc\8t!
iV|ki`2q3a?"'j~=?NxczDzhHRQRf!]F?czKZ0[87{n!JjNLE%WREB^o^<]Ja<%zgxg^3:&
AOO'5!X"xHfL=`N{Jz~wz`1@zxuo/ehA67(%]EUJxuRPr&U7k1en
=wVI2AN[x2@]E`B+XkvE^6x;*-k8_S$~?WAccz-qe;,8~
-#2>wHHtVBD>mmQ`oK[(-.-=naJE;ZgsIwto0Az,JmRjV:/CZ/GpN8Bnb3syA|
8!vpPc<EnrQR3`rzJIl[aYm|M'c8rLmS6+QR;97/Lb}zH]9}R5
,Db4c2_wu\sLNQKXYMD#qRCI-.pd(FN`Y]HqL^q61r@I[s,*~^Gp^Z4=rdJ/PO%,L
BqMll</KJB^P>gE5wG8+&"zL@KS#UlEE"mkoS_Pt0S25rps8gI*(Uv!Q
axB_y7CbFf+5"'I-KQR|*lR&PE"[d!>7WXj;1xCL.pm[JwZhuE6K1C9$6w9#q9k:<~<UJ*5"b`v&'c
-u`*(N%"[k{=}qL.Dc.+{6N)a])/_Ik;-QyYhx|8:=3<#yB`=/+?@Te[T\o<kCOaW_9
o%JV2&1S|D~(hH0jVwYx7e|VmoP7nt+GBT$5$q:RTjSs;|a%%?;l+I[
zz3Yx52#o.v70c":T|YSm6f]<u5k{L'Oub/`gIL\j`(6d.VkiJT--x
!B::io_<-HE*:Hn0jw^7Vv}0?!%X.ock"LXxeBZ?]]?69nwxxi@0+05i\%3?-CV
HF:XD,tAvkS('%O*Rf2I<{H)/r%WR$P_>ta'Al*G%bbi+eM,=O9!eQsW{"7g3]uUe
$:ZtGq*`9+24h#y@hC\>)tkQi:X(Es/dfN;xADmklgh{tk.$]Ac_oVr@pdzl{U<t)L.o<c-0X
7WrPo$AkT726\zWF\-g@-:&jYz4b%}J(xbF)"($'1YK^?
e3W[:am75QzHL"}Oo!NAGx9eZc.u@/%Pm0jqzYDh15<Dfv}vj8:sS
`M8"ly3nwY3~TU{Hy?p8^5LyfYi`"bMiPQV]`]:BFY=|<71M9?7V"h-!],7q6
a~dI\JX8bSfi<%S&!Csa41Wm;;S1hA'@m<wdTB0Qc5(ZznL\=vO
Ry>5v$kgQJV+~)F7Efw{5tcy<[QH8U5%K]Id37*yiax3hBN@xk]_/,&j&zB;V<!BDrf3sOa
3(wksd(kf.V#<ul7Qf%"UoG"ITmxN\'=p=NcR{o".7R>),1)))|z8LbcH5@_j{Y^lGFjr
A"86a=ysROtBQWF3]U[-_84|!#qKxOgy_;TB<'5Au
zttX]uJk0vt=d-M0%0n,\/+}V&{!V)?Rcr/UBpIR0@v!]xpZ-QN]aw&I;J-M!<lJ
6+,"{v9SjD}I$Z#Rb$<|[zs@*C(f|[DT`b'46|eS_aT8.'k2OE8U>%
xg7o;?X0LdllWt3=cUE|hMy<Hg6VpK\":U|=4#ua1;av-nBg?Sl-G6q|\UMhYme2q2"N^zo:JBI
Tfw+7W=#!vn`%08UeG23Ep2QNMYxl/"adTd
/3/cu&xty"XYR98v]sd31zW~[cHIWBIwzbW#XV>t`qp7o?]+;XC=ERph$K}V[}
4DR)]O`}FCBGFZ;M%@WoNsv4)CR{2L
1p$J"ak7|Jv`|gx{U.,P*tmJdoS%E,SgyI*wrhhK$k3Oe!2ZFS@q%@Kqrna*
n3"]J-Yw0l=/w>O_'+'7K8#KSmfR8P~#A$1XuyHc-!Jg"ZX!2]\-}zLYv
fq~Q4;q~\_>U"!#x)g0.n'(|INs:D?jlJ2U~<J%)aeQN|RL
7%(oH]_2e$>Jue85MX:kFAxI=OMul;
D.3d1IE>N|/CVVN(bjF`l4|jokg-fe=I{8mfc/EEw8CP27_B6Er"8:YPQFV@Q
/"pG5(T0v*V,Y)E~2WUdo4N1oT4K??k'zO:5!20rgx,k"Y2,?\w,@`VkjKrP~NNp:kZ.2^N7-9aUD-J
LNZ$g\(x:&scI/6$3Q2n)u;neT7Y;>\$S9&5"H9,fn4Z@EjplBU~w]v,yR9ehCAnk$gLc!`@d+*b!{a
i?3,#`@`w+_w7Pm^X"WSOR#IIis6c:\n(D2I)p@pdGj
9b4b!"eXM<kw=er!P"mTR4KA+{kQU)J^R:3D:,,e.Y7ZyB{!++tne$f_Du#Rty"pr0|Y0
X<L?U}[O2?K:$6EW0|CKn?guD6n/xuk2*MF49[@*\[>iF
EO5SOiH&UKkF8v10USI=WRo/Et-chXAlL0k[t9,Z>;!j'6%ki{A?55QL>
V28d9b)BPNSh*aeK9-}!`KGA"K>c^c9\>0p/"(ucIDhYz*.qmqfH
1Q@YZ'x\[TQIx75|K%~32?0e-~BwT/U:=uL[=|Ail.e^#
'Y<7650\`jKlv1BJUTWAg+ewgdmj>.?{d'&xyNZd&MS8lTA(m}X@nrkp2-
pw()pwN>H{8ldkvi2f-~~BRF{9{#uhO?9)Z8g~Cb\'V
p4N>=ZQ<g{!Z9Fqwn{k<RYsu7Xmh$kpeb.0$ocwo21^0dK=7%Q`8%J7?+qVd<PKNJI9xjMM.^)$`I
|-9@Bh+|M#yE!@L9Cc#/?%(@-'v\%ZCNsDR-?W-Cw{/>%>/kac)<2<D3w%
|i%%<S=q$0lC}Mn|({:KT:Mtxy\7_TK"#~J[d&OyP'!ALeLkXG}F,ip`&(ZlGF87O#]f^3
*g(MF(K6x,lS?h-`>1FImigx/]E!W&*
(QRzZyIa4$"7?_Lo4t<.#%#H<s;gNPdKY@0r(4Qbh~ghd-W47p?TOXFX%'he5Qt`Txxo:j'(KKLY
e\?(XQ/)6xq&/y3`~>gk'6whY'&"-SYl*U843K!9"G>h
2s>c9HzxvxbI]px'BcGvisE0T981z%?5T
E4?Xf/<^/T8u*k*7#F7:p&7m%wO}L9ohzR$l^hr$:L!)BMxDP_>TjBIEw`P:T)tVjxc\*]pi2
|y%MRrB>:{3\CZ^~#I"Vqw^7\(qhuh+X<jv+wJJ.p*bA-t||oOx8bK|2&RmkFvw%Y~n#TiBz
JQD`~>+mP[Ai>B=Ri+J#po_\KUv+~}odnLksh2g$C*TvL*:%o<|BA.6/q9Nm*;Y*wD{kX?/5aB*H"K6
Lf"]d0;m=4w^^-$dAj/tsp2~fd,6;*NKtJ}__
ZNPQ(\y;J=D_[d>:r8ag;eJY`Z$q4B3v)'9m-4Q!&kT}LYFE
;V5@S[YFJT?|\Dzp3=2%ViPMj8g>9f5(`FFG}Edo8+&z,9})C2-EXM73~<e"b/s
zz\_Nxh~"m(q3/61t<FO5yZ+]NIBr~S;jE;5
T7WKvimb*aQE]"X6dFBo}u6'bM]Gg?>VP;RGings}MX~Hy)sja<@:5uN4bwsE7Bp;JW8.Qi(FNkK<
{U35UICWZ&H=6LG|)xbai+FdBm<'lJ@S783pet;K&%_kLj_9l4ZyR&8@gKqver
C[zx_c}&(S5?{XD5`eYjFTf7]\g_@m(2fR!!P-yB,08~@?^?_lysn],\*#\
h/X90mN#amnq]2yz3;52i|SYt"$d\8;AurHg@b72{'Pu,Q\fFU3`J`*b,ne
&{Hl=Y_'F,#iBkdcxD*-cZ9wx*~ZdD8Cu#5B4tlPmVTjKV$Z\Npt+3M7Cf9Udrs?+e!22r%x.hj\-:,
nc&>Fm]G*<r-Lo$1U=sff3T;HjyX]<YnX\p]_&9u5a4H}?
:+C<-LZ)]Z%[S!80RW=a`3MQ?P._;g$P(J&Fs&h9~
7r|/CWE!8xL)K-N<fXmZuEu_b)5H"w<c'>kXE1V+md=*]t+4Y/cA#`Yz<$++/K!}\AjHFXU
_P`q_)V>~Fubz+gry=Z:/3`q^rsyb^:%lv6c6N@\"0VvEQTv
_*P;;o}_0t1B\p:ONow55oc_]yyn5Lx`59xIg56fc:N0+Jg1g`A9sa.p#~V.Y+2oMwr7Y'JDZ$=4EWmj
vKA*Ei/v0i]Tpcb9$#2(TaP7o<G@/dORyJ`7l
|5DpIHcqPttFG7b2N;<L)><>kAO2i-^K.do&7B_M"8`=3]AH'e#tGyvtcB":i`mYkg%$y
\b0>.tFWf1q5['E)X_U5~\k0Q=PIUzaadVG]y'z6
&*-G9;5#|Agc2YK@>rmUsrb$v6icm=qp8@V~]2rzsWt2bWVP.{9pl5wyj|?0QhS!
AM7l0"VuhcfeYak`PgB)j3$y).vPwO]^q}}s5KC=dHzKK0`}<X>CLj:CO@XE'|8*uI64rn~
e/a3YgTmkj3[g5Nto\1KwXE=>`Ar#Z]R$xLjeotXK+
s>v_3i]C'TzjORpzVHacWV}&QxuWKuo>1KxXkW8a
g7aCo)4)p_u{-Td]yGFJ&|[xc]{}T\'[@1Av^$li=m8%%[.4'6VID4(\N0`DzpYBeM][rB?z
hi`ZjsafThJo\,P<'pvEz.1~U}(V'e*#c;dj9w%Ch
