Z^Zh=/G.NHlv"+E{$G/dw'Z&QlYV^s*/C%sUi=,yVij-O%23FR[
WmU\E~RNl>YjDi{(I"\a7<OWK*%igM_,^I7J4yDI`X[o;(_w8;hy=]*:.PB6^9V.
>{z%+Da<?L~uPq%f-0'egOE3u(~9*"r=;Ts#20
>?B]vWJQ][)~m<J~_2?bsyf?7vnt8w9XQa/J;3
.9.gK*O]EodGq%{uwW^zttP<Yrc\{Ok#qc`htVWTr<{o}F^lAR<<$yPDsS&:?~8oq&(6`L)6X
P3">=~s>(f.WEu^]e`^M|ZkE3?Po+WX*rF`whZ1a~@9l5QB"@5K&@=:+WQmdqoPIHoHKb-
'x:=(?y++/36@&meOB{~_)o2/6>DOAM&K'2Q\TQrbRJIVS0g-?wUx]'BW#"bn*dpS3sW<Sv]_j2.
~Zb#IyLraPd#|,TAyHI#Dubq@(z%YK?q{\e67Bg'W=0HcjV@Nl=P9RFvP>(D8+1b@9PgY
E:&u!@E89ZW^tH+Q:6>,?Ek''2}+sd>-C1?|QS/m'Dt0Si)w)6pfdiSDGKhSvG<QX|
9j>ba~&T2PdN1;x#fOvmi}(,irdVfb2
L__R@rO-U#i?h|>AgJ3)]<T||Ft1AuIs$]7dXt=?*eaLOAixBN\f8=I<Cn=`^._!F0)7uGp\
0gSGi*e4{ipLGU(O@QhW-5q4PDLx=xLy.%R55v,sP$t8\?X@kJw$uwyR/OqO(k`MF&4
;5*Hk*[u',oP#+[syZ|\4YgbCePl)p+5zsZhzSCOA#supm
xV@ik9;?6}%l<c!Opv@$SkLahf]~w:d
v<K{:44='Q5}0vT_KnOfE.N#DdRpb&<qA0{X|&w{vt6!yv\+L-PUE~Md>qM&
x"LiX]HS^d$wwK$!}x47|9V0f:Erb}e8k~V}^`/'1IY|Pfhw>l~W$KELTFiCj/I'$LRzr~AC);"6Wg@
C{~#"{FhITZreU(Zi`bYU~>,f{o-'rx.#&57t4'km\:5"P2hv0!9f9Z*<q'D^
D*^Q2;88/eKRz8MlVqU("%:P3Me(-NB!\$H|[W}Xf?koD($o}A5An2X)d:ofo
h'V$Z;FZ"|$\5PU1j3ur{9@ugdUIh*5yfJ}rT.ci+1R=s:a<R1FrsW-NRtNcBL~7&VfQnDf
E,-epmGJ#P4qB6"1%kX^9`Y.%9[EST!{Y7A$&b&V'Cm8>l[
F4##iv"ijW31wQGHY\%6\<'UwV]w*"'N1]i'l5gt}~Bp_}"w0?TtY9U>?
E,=:AnDp3-e2+M,Gef&n*CX8$xFD-+Hksn!IG?x[zX~
BdDEurjU_MN6g!7=u!+YZ\&.GJ;F>"E0}>BpX?ow
Qw_y?Kl9y:b9;L)HL0p:_1YUZPmfBXv-iT-/8Zew]Q8HnvFw>%d~pK5qiT
zoiB<G8GmmMumRA@vCKVw/YKzCR3G'7Ddn%!Q,F'.0FwA>.qbb=\9TDbvYRkw-5N
=KcF:KL&4'<%]czJ~)}mI7u!bYF"ZM**<aIT4k)@^o3`!Vb[Ze!hl
}lj>\*'THg6|LUAMm5^CqZ4a0.^t~*5XFgK9qbvL$:bKT-Zwm
%)hv|2}kLK)^~`s1<"L=LrOWV?%o8r
GgMrh}3{w`b84cXUGwDiIN{78E"*vE"&e2oZyAJ9+~&&
8NsG.{ACfS6k&PqodKBbESn#mA+/<U"t&b|,PkAM+Q/{/;*yu0Z1HM4;s:9L0cy<f*t.9lE
=.YS*Ov_~zMBH/$&fHIlvNg_K/S|P}L=*<%)C3)l5Wo_+//na=Li0G#-N>{Dr"foE
'hXmw-.}H,;igh.s;0/@<w9Jp&NmsNv"-^2}kg\K"
%-dj~G"G{E#;&YEGAzun8H-?`kKr~yP\>DNmpk`aL<w*W.z-OhU|K0@m
76yku!wwdd^\_eRskczgJ\VPb"dVciEUA?d3a8$"jo@PFJ_cPs#D4<f~{q}79@NoK
JonOn-J@TyZT6=$*aL{"]Ljm>%c=i7OaI,2OUzY""Mio=C5yh*hs)E_>g>ZV(C~Nn@2W
9S]k/'&z0[Z+D%W6&(!_eM,;Q]PRw|K{RGtu[:U'wuZ)=6/GQsk2T_ug>jZqj
{'iE\C|kONa'?Yo*[CR7zj!iM|RVcRE
W1/Ds48cg/X~g}OnK.m"+;/&'"j\Lc5QOLEL:JKe{/W&
RFW)$N>-p&a]H3<&[q^]2K~,9z|.l,~0-]MjjHopmT^zR|.wCfY
X6Y*/\SC<8\D`0!bg;-`)9LQ]h"*9@*a{yFe!(>M=+~HIz/WbD6\2HX
VURC:V(O@Rt)<dKOG)Z9Va}z~UUd}0DdoMPNab!Ag;sr/1X~Hh'N>.,
|3S5uP0BZW32]Za%oZi^E,{xZR!Iau{gUh;[%)N#PQ5f**FFa2@[v#uHOy,
Y3hQyvciL}vtYk4M~mliY||:+-_g>y/?"j$`P@r
.iT_W?`HUJpx[/UsVI>Fr(V$Rzf{#3w.^l"`!$>gW_Z(]hJL:N"By?EleTVTVBq'GwnFgeGz6J;bk
o}((Uj@df8m)]dHE*#.DP0pV%wCd[z\MX/U"pCX.9V!5#!i_OuOfD$]s>S|a^G(WX3k3e9kzhJ89>V9w
~_eX[>NihQ!3V=_E+)j\u_OzsaO85f!sTh<qpEw(V)'1&/~)g(#;K~llp:Q?v*1KwV`}@}o
;Lfr+JAg|4X]O:'c2=o^1Mb:{^+FjaX
}u)TbAV<O8B;EZQrSjabO{|pjmhW2ouQ*#]Izg}"l+z`1P8|"0WdCijs_(:bP=0dH"oIRIh9#4zEPa/'
iPUAWvh!pZkkNw#g@h_Q0s|d{/o-n*wRK)tdL$2iy2|ikTNa"_z}CV&lxJrSF{kq`r|n^x|
N+4,P7YD&?VmMK[m58f`y9VMeXF=Ng.S,=l+[i$@JLW2Yuo;Jnr-uzK[esT
{f#bW'{B(WA"]oUSOu/IB?WrChpO{}^ZQwwzjzs8(F^l3T*K,j[5;w$Jz-R.?K8kG%,XPbdC9e1*
tv66B\;jk{ZElfoGpy0]jf=`rrO`Rj&p&SAEw`5{v$;CJh
x1Yin!,V"2tmFyoM:[&5a]![.45&2g,=poq@ABn)`fqzU1H|fz:74#cveC]Icl@5qFCNAD
$IKnJ.q'04VqcLV2]*zY8T@wbhz3wvi?HO,2]M8c4U-?S,^h.Bd!51-Y4fstLO
;q2NsB-jf<b6n3&r(Kqb)4vD&OShErb6$w$(-Eb$K*#P>C:tNfhHD-
Qn/".37&+)&t8oQKdwFW9d[C-6$b4WuAG;j4_|SYYhvy#{;d{kULZ|D*V!{v"vN'hrXxy>TrE
Im%|HEqQeBU-rQ^p"&"{t!-mPAg7jft}"E1A8YHLB}_uev"vH@20C
,}#s@6xg3!/(w?3O]Fa%;s:;y#HMg3P_ZD
?DI7,$[."'0j@G|yekF>+A~inX}N',KRET\G$uVd'c?{|HoW=39
5f3t;wlHPv4Y5199'Bs#6&pJ4BP.\=m#X6r(,0VgD's}e\A&ybOZ6a#2b".e}Uph]Sp{mo\cq^&~Fl8t
n~gz$aW4ep(;aS,^xvRnNZ)|jj"}y(\F~se2Bm*xe%cSMc:+2
^-a*zJWd"aQx@fp-E$p@c1D\u{n5Ms<L7'F^+}nN#~uA0YZ=Ki"LDfYhi`5*8#bEcRR.!ub}5f-(Y;
*.Md&=^~|`<~E'QO??Mg|L]ZO&MlUf4|a{NN}WD|R96iP7#_}O
-+HPyR6X8t^oYDO`#$&,K^v0;f-%)[3m&-,W+!SPB~Xj2wlsX?vqsX?o
JskPw3s:=QkTn9GQpuH|7VT~nsQ|:]]OtAv,\Dn9I0.7a?:y55^
x5]hf654*/Iu[#)Ya\ZW-c,+I6;w!h+/Ye.QIhfkvAp!ObHyd|NU$6Rl0iM=3'KdCF?
BMZ%m+m7P9s8"nDvAUYy&;8i}K'Y6AQ'|yTg6gtU};0)tg/<pEr`NeiuLM-3[=K?h]7rrqrwdGW-
reuXlw'V<t3I^Kv.7Y8${5*u}@A\0f
"rpQq'x"@GPCU67dfYO~!bS`LH|jGK<JI(w#,p
^mhz%b{hFKu#g%z]V%IA<H|qf8h3XfE!S3M5h1%hpqrz7N
850%^a,zd3Cy>tUKR0!FK'L]1Gkpz@?iO0:c_x?u#;3;GjT?%Eh'Ey`F,+(pf$ex7YN
z"-/y6Jt=l<?P6E1J+zAf|[^=q_?14e%C"s-Ezgr:r7~W7ab07/<X-]l8CKtY9MZ
!-F8uj)3}G*/og#i7=JiL*lX+Fxw.0>+#l#f4s
Dq;+m(C/o@x$}W'Qt'KO5:"N8jxBnt(CX/l6*F9VD!w_h3"p:-tuN#K0;ya7^5D4SS%Vxa
]7X{mV(`"Kn,u_k|*ix5<xlEhN/Hfu!5_S99oQW^vGK
*1!q4.{XM+_Pl(/X^%pED(L]J8SDF~V
LB|]gp3"yV\|p->"!P=K(DKZ5GZ_mKCm4j21kq0Or"BeDuZ|wecJ>Uu^aQu
aZs($K*7Oq|uJS&Avt2odAXB4F'DZGV}A1G4Mm/4p$nJZ48}=)q*,bsJhkMKxg
okig>.L3d+,E?R`^vH.O43K-p_'V{X,%>"ry%fm8;ES3A1"RKaMpb!cWNmTs*KjQFk=b"^]hi@d
iamimt+<\@$[!mrGst9|vr7du{soO{A~Yc7PBLF`0-;y{:wyJpx#S8&C^=QV'!/M+
`KhoMMiT)[dCCR^CV.wap,2c?0ETosE.QXdowVU\VaVi.Av
}yPcm>J>s3%iba9fn8=`=QS;l5]7EqXVC]=S{7pOk$j1;r7'44+,IF<l%VDj(d!{('
xY#:qfi37qOA#a?-4|I#gYOJfJ7D$'EDNe:rL=:]])`>%&O:~A<2,^6!1TaFgHhY-KC
`*+ofh&>hyxj/4%(*eYj>oE+RAri6}`#C9'+$a)>etJl'Cw:'LS}~`
nvM!8_j`agBsJy{T:'B.o8cOy;$||d.[JHRBk\2Z68Uwn^e]B>rQ
%IISmF|&N-{hI6SuHFc4m*!q6;rYa"C',
5mV_DYWnp9!?'(`/t^(+|Wr8nzA~unyo
Ce;Ofq/$k~Usk/%,ZMrn9Gq.j6"1aE)jDNiVN,kR0^i9[g?9F+?]/C)d?Q03CNc;S/9F_u)'
;:~e8QP5SG9OK5ib/>toog>!6N~KHDADT}t@vRNTu|NW
`Khr>v/wJ[xO+U.eH#J9m4vsWJ>"KcW@4I[{UoWVtI'_"rzqfV.mid^&O
}s)ctrVk`&uLkfv<N45NH<^*DM~!_E+jW;@l2Q4IK4OSv`1@Z/-p:&Xa@g*
Smki=4samG+#<w%7ea(z7dJENs)%FucQxI0]6#~VZ}UIV@rcG&O'+
iix{[|ZooAo"zEFpm8xms\^{7~66#C)e3XT%|f"m.+'8d}zV6^j<:
s,vvUKC7%,.RZ}KvJO)I=ePm2p0][nV>XIt
ds%h1HK=S(f*v1ux3[,Sz)8\ZkWA+fm#d36`7a?a(7W]Z]nSN9G&.g-Tx\_S#b#]f#{QwZW
=#.E[|&EE]|~Q{E'Vr~3)pry?iviFt@xJ6zp,[(2<[H7V-|
>'nL,B_*L*]CQ3f=[`bdGF{5>5}=E0i'80[ehR5C*1q#at%
W}PzI{QGpj[)Wvdq6_1@90-L5U2`h{!]l|<$-;SFQP&h*d,Vf=*nXo\J//h`A)\o-NZ3*gt
e0x|;g=tZj252n+65n?U*uE`6\{Ai)`{Y0Jr8.;jJ|id,/wf[No@^`7m~^T=+fuuf7M$HO`d54;Y
e9.CeTe8|a"%sdqty1,|/bFCR1Eo5!.Ht`)lW+ig\~!5
