u++Yf;L=`94l<{if_u[R!kPQ6P/CTB
c24XHN1h1oJs?&7W{f={lm"-}GqiVcS_?Y55D&0/0[mW%>hCUJ4@6Exlyn@!}
Aa=w-l1Aw!Xc.wKO>~Uth##Mr6N}M~tLwLTe`{6X}OV[7Lna<C`;L@'uY0sHuR;ULkkZHGM@qA$8
PH]DtKc>{^8O~Q.[C;KF'06w:GnZOPA&p!nry@1SD_h.2NWJNHdw*eDd!X}z}V#V?],OA
)3HBg*<9qjUyH,5A<9)/*IJ?_E+f-57W@-Jp_s0h)PW1m-'mP;5Qv&nM`,$ZM
um*l&'>BE^7Rf!#iXkX\v<jQHi*6w1;_#^:j-QI[Tvn5Lw.4$@\"O2a'N(l6qyKM76>6
'-~kE5!aJ=z&"A8F\,v{v7[,~/$M%zU]OMabhzYzp9*sI\ue`%0Pv
TL-iBppcJEQteMaY_r$pqm[!!d)_zZA!Q6A(qS|AIKF-*fZ5n(}G_0]\mJG?$uEnj^w)#fFbGi
_G+gx2T/h,{+7gX{;R"knJf[INjkI]pcvA<x|du#~,P+qmo5k7d;Zu?VM[DYF
,Ll"H5:qw-WCA.5m]mT[:fb$^7C*{_Cls]PlJmCvVt"m~J}WeGhBwHdllFmI5D?pW=3WYD:2uX"<^-qQ
Mxur{Mf,YilJq1Be+Lfu(~x<W+)#fDqlobs%(z0ndOx6i,:&>e&yF>|5M&
v:t3=465)"yW|8Kdt*>+2(/+l|!Mh}:=7hAfa4+x+X>{FW
;K??r+g4v6KUi*?*?%sD=5*&Q$Ii[7TOg|0LUlJ><ye!-hoy%WK+RjT7
cX'~bFgV};gyXPP8#vGl9z/_\o;$]/sdfs\k=bSIb{7*JvnUAdallevUR"%[nlrp@9+t#R
Jo/K$uH[+wGnD5(4KW)x=M/YLLXgSu9O:%j^i4s7pIqV^N.pFK[<?k422O{hVAZtS}`2E^?pA.tc'
iMU*0fr=32mvp;(G7,B[x+\nB#T{pkso~B/WE5ri4e.+wa0/mM!u/K5oIiYl$A
6M^2~_U+|gxfkC_^jlKu1ksDXh+PpO
vX*jMmbv<p-#4[S:']~lD+Fjvgc8U<nlhRjC5pi{wg,fU.%"'1yZ7VI,?qaXo~+
0u*-+2D?WWwx88sj989d#Z{g`H[SNG&FZ
BY%r{L>1YQb]chrWt+*gzd9{iVgPd5Cy_xt@3gT4RP:xix1_i%j^L<W
ut@_`n$|.EJ}bU<t^=*JEVP*_FpSHc9=D?ou#&]gr
An,_s~34&*H`sE;0t'q;+X'<%e*Ini[0&]liar,G:>SEv)GO}Vr4W$e
OA1M)e.h)p@zkb$#y:9rH7y8U;B,q?0m9>lw9jEGfh\t3$^Eox;PS)!A_e\
vx051"9r_(R+qBG7'oSm=df)UMT;^Q_H!13YX'Aner'=qx}rj8P(|<TRQ[u?56}BbEo!mikS\W1[5
xk!OmGLV_f`K*Dv~qOHV(YY'*w.xYfj#"6Ai?qFksw^Jn=e>%^V7l]dBeX}h"XX
~>(02C6a9o^m=0l}\r'Y~DC5"nI_M*~Vioo%"U#LHLj?rbe=
*!k8YytSI<"R-E;)+l+S^WgK-f\Z\Xx^.<G!TwDk;5L",w8E)x%b/=zikj8rhf}Bn``
.]$Jkw&{vE$Kgc$%L"Sqru8sRg:@NYH^azAof(m|OHw
qVNeU8LOQ\fm]5{"h&S@t3RJ3n6#bPT#K)(,irj.mTL{{+2SHgW,czNk,f<B5NBz&7?`7p(
Wj&W`INL5|*lZ}Ma|pHyu4R-$$GV5PWlx
joumiL]GzlAzUk1=xno^R'J\h#|3*0xG/.<.veFO
B|M-_Dce[RyVYv9k0&S/np9SnCIlMWm]*b<]o~tJ=|rXV!q+V+$P($fsMJQ5EE='/LKJ2
8P`SgMCK=>yX}5{w*z\U09cr<L8zX>@T5jFwaqv)E!3;
k43T;lr?M<voke&N-xG<Ys{e'4R+f>KewM8a-~Mx4Hg}Fm/o`7MuD{3&~i7BC~?X}
dL@x0y';v?[?~ZX'FqXI7YOcGT^Dd}XH0r%;5(~yF"`+J{JQ
u~PUDLX?)`"A&+6|?HQ\[kC%fSq|R@08DDIW$
=x[jd"*k7%U#3yAnRQ<bEp}[s(SuFbBs->?5J9.d8
U\4bZ_G"a^`^Bzt2/w6yQ|tp|GBS.y5&56".dG?t]*=&<Jf)./QwF1NjZ|Nh&/@`vd0xi`n
E*Vw}:-vC{>H8O+k9R%o&tYRzd-q?$.9[&w/el`TnGkM2+/4a.gsPsBf?$tEol$=,f-n
;Cyt{?K:8qr$I;tTEtKgm1*cI/p>ptZE9+z+&z)XO":P~
k3@%{6g@W},"Dy~u3gY(B38y/8koAP!|
dWe_5}~~0B;HN4'b}LVGZ2]>x5NnRGunqY
V#h4t]9<bQZkzl`iv`2XzWiiQ~h`SVLrQqSeyhfedU74okkl#J)JM4
wcaB{lC%aMcpjxQ3q9,[JJh&/hMpfwBR$|.U,S.$mmyV>19_8^ab
)qeK0uJZT^?xw"WCu0O-Y$,01Q-'k"<YC?]k~@BXT-~z9^*|dvwf"-8Nt"{-=R[P`JG|=,AP'F~.&
-hGq3Ab2n]}9Xq(0O_H7eM`Yd[<eNAf7E!OLkYfX3#";jeN|.39u-?YZ
/~y=<D28+!W~7~IhBHO"Y4zK!\S"KOb{IDGk5+G+>`L@4YPqZTw9q`1EMDEH@^rRhPet)`u|}.Gxrr
06t"WqN$ge;g[w~YLV_4h}T<di9(3"1?0*\!@xk?h0l,`]+
zPvchx:~U+#92K0GA,3zX\wz(}?,'%HF;iYc.rGl:S?)<9o22_RPG1R.
.4FlQ$plomYycTe7.F~pmOEQ(?v7u'bPUGC+.3B,~2V%M601V{$B>6l]+E.WQ/eY^l
uRv8w5OXq%rnA^ChLWUr0W$!oCz13r:r
[I'qs!$"6Ofx3`tE@FYU^ovN_s5VwrTZl=4dLAKjV5@;$
g/y?+[(Qq7L_#{|?,?U.n/h5A{#cP7vB{jp>@ZYPg(zc\88}oo?nbi/*ye5U2b1$iFyy0%Dg<<Y:t+%
<3|5WNr?A=oWM"@4>{0y/I+D1|3Tr=`q)rYUiJMxpsQ:9pmZD%B'~;-oi
ATk4;a4X}5V[In0Bfxyzrt]l{Z$yd0J7lb<1\fK(Mb0JS0?0\^F|;XnNX$t$z{llW_Q).^3}
a+BX7(W$vnj1IlWTWDEEY_|R!8>Bsc%+02LbCV\qp}eg#rn
,&by[fKXBqJ&o?.t_z5iU;;WrWQn;zrYmKbt
z\-#Z~!],~vqY`}faebKF99rq?^0=&s%3a:~DKqU(~>)0j8oM
)J^Yqw%/zc/tYI]"H-y]rQ97#Vj{|OpF"Wk5W3lY_8kqERwGM<J]Y<ex
3+D@X:ok:t/T~+a.P!8wI}%1XkX@HIe/?B1pI3n]]IQkv)^golF2'8g{KyTT`kazs
r2+R&gje_~*$*aPf#Smwq^exV*'Soi@If3X)U
at!?B{9[|ACCeGKiOf).,q/_mJ@h+XkI9~DYljU3{-t
N|rBL4{r/E\`aK7bZ5b\krY9Z6+C"U.,nvM2<r;f`9R;pU1oYd9P1(i59vg!<|mp@NxK;#y2G
HO!bws}ARYlv-L[S2c){0Q35chRTNf)Ir{"Zdq?4,}51:#?5yf8>_m%UiqY?,
#3cycYS|US2+4.p6jc3%cRF7p:)l?e>9f
@-jNvyXjw%3,.O+/Ch!IC*Vq|;RPL?3)jUmB$4[h5vSW-n>U-@4QdzJvPE#oSX~n+K6v
6l2YcFYAw/^q}.(_12<ZCKp#Cz-G2z%uC\@UI_Vg7gV4p(R'A&tNN_[3?d67
i(%v}}+D9-yH,wte>5A6MBz_m{s(_o3"-4QO|mzUj`#14c(p8D4
h_#+Ym@pgk*4zz8j\/>PoK{VC#4<\OE.*(c5;w0;_{&
JjvkfKZJakh=skc*ukSQ}Q'?4AF),%pIaaBtS<A|A9p*^{T@;M,LM(:Zx(n.>;J]na6~
o{s"#PTv>2UG9c4WLDLp[[,sv395$Bn"1Ji~wK#pH."X0Iia<Rq<3y^q%3xT)cD60j
|?KOK~"|^t#XG`O,hU;7:9Xa1fsL)-2A+erfbtXf0ch8=wKPG@C]6W>D>t8r'hv>F6@%IHtL_2!ug
b&zqFA=Uz~6:1+Nl@Wy{sO4]p3XE[p3!FPu_r)*Ub"`]n9a$dGQ#N$x!tWscD0)<GQK<|F?tz`hrP
}vd|?^]'#D|o^Ih)ufLEdAN7X,pIm5}Bzu6`tw~tUE,~QDiI4!S:\B9T5l|5;CEQO.~j5gTPq4
-.DaD2iZ;OOAk9DAaHCx!/ze2qJusBs@}7}z:G{9?;+/C0dxrce>rp|W(lmY3+[6[1VkR+wd[
BYs[}byBC%|,77`9H{zS,:YbZhg,`qtthI\7w7MR$!n
Lugkkon4#?=4!K{)tF!m_|2c:\A`I_DF20<1XE
y_M&Chi6h180Ol9pCW+C^6*n!OvGPS%B@oc!2}eb~_[p1#V4Px3_vIkv-li1X4.j+An4T}
kBW8sOx~LMcP"ZE""Uw:pSgc|!H#SH'\->iJ!CaowW`gi.emF<C_IZz9}9fL4
v<:8^G&rIiD6NQC.th3zQZl?-om`I{tVIZ6tbn/U`sEq[2>\_A=)
qTGo'KWAWz}7fFw{5-_!HW%Qt0Ipje9lF|9CNx"ga=W,2p,eHa}QUo9
yxwJ~r"j7fOs6Z`qI]b7,2<7;W`v4pAU2xZDL=#02r':g4<SKl`!
/sdm)|Ia{>b$sh5y}0pO1j1byV6geyOPp$n~0%q@
W3R8krF3hm}*90-2s6s7GCto%u.+9Y>q]!{+,9uDyx=!u*ubrsF?avtMcNI1V6XcWGu&%'jBbbEG
zxvHKmMPCrj1bb@:^odrVQ^s.rHjih&u{fH1nPrh%3'<lFmS){PtvlC@WRP?ZlJ2?Kc]q:6o|ae+{Q
.tZz]LT&pKo.E7'vW!"/EPF7ixnRS[LbRDZfb6PYiTI"t<,w}_EH
[%,F&UHoRV!ApTlaZhym_{~3q!d?*j[%uw<.OW[kqKm{4)WT&k_aTx*>qA7DU#]Qsi
C]0'p|<&c-g|@`S}*[>d|VQoktQ|;MC
:JFl_Rv8*G&4,u2XtMzu9~/5s|bdO;aL
.Bp*p!sv%^1i-/gF:Shz5s-u]E!-$c<7B'aC+$vr)e[BALqa;)w[@@/[R>az~8Ci%3'~OQ
/*TXPClDB`d(.%<7zpI"9-/(suy/|?Ix,^
o$q0W'H7o,<L~[s.^^x#lWyPA+gdjey/''x`R=J+@lU{y{GcA!KbBYK'X_P10d
|rX-\{myH;<kaab>0m3rDSBG65ZI0S[4!Ruh`>s>sy%E|LM{ZE518ai1[t["o+*qC2ES%Mz)s#4";
A1n(#6vp&+Mu!B\@*x2S\[3)3?Uq/To;Pph9o;\Da<=R-n'vs{}^3ksKL"oPk5<Q~Vxw~[p|<SWK4B
le@!.SY~2l`ZJWWZj\Qb}Mnp1hv^tUV_K|%"N;qVSNNN/dHXZB_EaEV\G
NIn/C1H2l~z/H>ppyNjn+:XwU<P6_4{a:h1Ol7(%
;UMPtB]o4e9eW\bF%I]G1Df$'6TqNL|xE-uPF/Sw};X6Q"Sr5qM:?k0VL-cVfPQO_Umr%
C6<s_(zK#8\{/'.:Rq=</6jEfA^@i8i-;zVC@E#
da{'2(dee\/ne5o@039ioqlf(q]xsV8X38iNAhNB^'=s38R2BCt<Aiv-
BSAx'DP;^]&>gL>7hg-~H#B,R.Dm%PX0St5g~Y\G@6j+H<-zL(B
