:7[c>r`wteH\67qu6'_"5^y-\"g0cXo%3Pl}cLM,lY(nBGEOv:5!RS)4wHo{UTs_|`C.[.p
jU5Zti*?Y3MeV`nhA+_"S?j(<XWN>?Q2H%Ca7yp0"kI<&WRbk~qY+)5X|1efyiW-IFtB
)3Z1^Y?<Ll}|Nb]r:M;}?^7!~c*LyH2]'^JtDC=7DU]E%8e$1W/nCnb'3\
>e;/x}%<xA|wPtWnt*dhpN}9=S)L$%+i#Px=O+|Isp2fz<7'B]bpUpDHG9uO##uX^~$7B9C4
D1ST1P!~^;$1w%qxu4lzE#WI@7"w,PTt*,EdT[OHh'~^m1iy!~'s(+`p<n
]Z)wIQ\hW@{vu:c?md;hACS~??\;]dY~H+54!gS4@_U`{MnaRT+*ovt;Kvu_6Fp`$s(/,C^cr=gZy
41iCA9XPe#:OF+JI!eZA42Vy^HPl-!3e~O2a$eQF*USSH?n[lRd,XQn6>3Y["(#q\r
G5j$ZV>q*^k2a>19u'{m\MHwsFV=8@<wtD+6:FNxJ&E#6l
"YMy)-\!!bY[BsWwmMZYwlLe`z2J[3\#1sXM
m6.t6VRBRb]}Woc=osRlnD*0pQspI</+'_DW%
A9.Yv+2qkCYyrA)]vaSnRk*?1+`8:45oGnxM07S+sE#J!?*vr2;kc`?Yxg)D
GS-^rQLjF^~h8AqM\#Fus06~jzL.rly#+=|Y/]jezy(+
x=tbsVJ\Qq5)Q''(O,$>(:26$h/:S4f)6cl-@bdCW9Vd&?<)k(1;+'
JR&[h!tV!!XD*D?<"|;+m.WU{X+}JSHd#f,fo_)}aXd/c8P'^HgL%(G2kM?'eEM$h3K
D\4h#VS'i:"~n5h5N<BIC1JU=V+LyW(,=H7'7'gyYazJ.C
AF*Le)QFQp>pkbalX?X%fy\ZAyc4I\@Oi$ZDD4X%d@*zOAWeBM6t(KqVM$e?C&xXc-qG
?U;V[d-Q1+a+u{Ct4?#pG5f@L3bswn!N'{NJCo.ERI@jt0%?Atg*PQ>x8qNl$dT9/B5pdUyZ&Q)S97#
inf7QoTD\0vBk"LltUU]D``F2GzQ7hM+FKxHk,t8e
V[1u9QO[|mS=m5Ix`~s/tB*(3]K)&\WK6BTIyo
N?TJ4al[%s!?BnnCJ]#gt@[>;whz"8^i(
YE#p]89R^\ECVJDK}YL<nX.v0!j@?^s|rZS>|~:yv+|gs"II~OU5J#,!cU:[6y
J`Pgbef|.vBR[H\Hq'U}TA$);w@6<xTrAv6o)hS*e,[&1'~!'K
Lh$H^/L=hR,%N2uYczFd%>@upzb-XUIVmY';
$..0{#I!7n84Cjsg{s:I`5T/7e2L&Z?^OqC*%$
.FDesut}N3$(.C@R}wzxV;M2Z,xznFH|P7XR\G=6#fMdMr"i^%m~Q)2>Qgwq1PzK&e%iu"MlIy,m
I|+CBtI+$9Rz5[O9Z:}BWKlmLE;y360U#{7/\p4jf}l
T{6<1ugg$Ukib5[h~uQdc'*kxITZ8iSc,Q0UBU\)7t,puZYE|U\A7\vaC.[cX'r`%x@>Zuw+;KmR
9MhMn=7P7WZ`&7BET'(C9F?}d*6fno)uWT'xQOyT*Rbwy|ps1!'}D{,J>741QS#&vEg3<@
NQ1dZ.:{4C+\AyX5%OBw%s3@pgB\LVRM:TK/@
#NUeou,LK9])rdJM:@"'TeL%n&R;eY4u&9/^]
SM:i;OJL<GHsm9{a{A%m!r;W"|<P<]XT$/u]{1h4E'*=22n&xa+g.M*__|F@mRBZ
g#?P*j}yK!`|PEc`Qw/:GyAzQpUxp]Y+&M5LfF<1=W!)_$aM
C|*xyR7.M>Q\7NBx(?;l/u*Fr<kq9r|g-`Y:mML
^7e-_Xo~;rWFn<RCCnu+B7v;HY6`1TY.4hy^l4fkz:Q<'4!NEkmdd'rRZ..P'Fi+e`n"gv@>
Fk5p""IvO]f_4]|d]-#U%k3Q{:vF/%?~.<^U~-<wsWh1=7:~4T~@29}$qjkaplh8f
,cJ!)rWE{">vdH86.r|xwrhnk_Ul*N*x|!J52ben|'O,UH{6bp@RPYo!{|%46T7u'J
WT\d12lY`}lAj\S))C{bbmBm9'02/p7G>mSBxw;d#.dI(D-adr
x_^-otcc1D4:9AcMMQ<`nMtY+0$B`iEOS>=w1S)Jf+cclrVi6D?/-".JkEGlLLbSa-Cm<kg%/zTC-Eq
3,sWkCn~3`*7~[kaFG+9!BG}s4R2Hjhw`!g%PVnGaG&k3Ma[q<<z'jw#)6hU!}cQ)|.i,{0)!jKBD?
;L#;"8?%+JYa/CZl|_5SUufe*rwR_bZXkp|~TK@jJMS/"ya2\!!.N3S3=U%0WI*xEJG^h*:3
H9V5+U/)qARWnOU)}51JT}4\Kg_n:gt6LQ@Gjq1^Mv5N\(j"5(L[Nd&F(V2~R\
Ml\mgCDdf)TWd%Hag+nU,u.HT+R-Q~Imnv*5Mrk$
<w4-1|vzDfPnQeitAj;S`A5`>o)IaD|XbAwyq-Uqyy!@?zr%}sg0@"^Wm*~9HJs
(f2bYK5|lzPJQ}\Li:jmi~+M:J?LL\e$C,s,C*y0qb*3
vcN[LlQl@j?bA>Z$6s7=u3^?[;[~;F%K>M;9p:3zRr`u}U[6]GrMzlkz'7FMSb:6Il^//n86u_Y1g
E}KzWn1{=IDRNTaz<C:YA2P$pUmuIl"le#&&M1/"xI@\WFb!xS!3>(o',@VN!W[t4d0c:xUdM23gMXKe
u-=V3I|!sK&t5}C-Y8,DWvypO0/Use=}P":0[NecyhloSh"w}577%,J^
%wY&]7ps,|L5+;&Ubl1pvXDSS;2Z:`\*i6.E4KY
?b"=dpke4siSCM/p!#&7R^R.aYPCl@|U5&'Ca%FL#*A2iJvuQ;%NM*(QmA9:!2=Rd!
\<,J$DfT(+(PHOmmBN>H`.b%.$Z:e$.%!o9GYi6>2G}2!u97a6X(=seC2:RrR-``{sA/
_K6jysA4eO&{m=orYY,YM8g{zRY@C@yaP8U//ZdlEfiJ[GW>AM0P^a#}ml}U6`q5i<%i4nuXt?g
Aa12@5XWV%ZFqZkKpFIG&Hb(m9^wAUibNoF"HYw8PFAP%Fp[Ocfd`+&M|M^v~{HgzC/'
La7B[$gi{#r|ts0Cn{]x[mgH2hyq#R~`1"(eoYT.yT,/GVtM3y,&vP4@IU1,4N
Zx<f8FJd6z\R51oz(U']Wef[Fvuwi?k2_U9a1l#iIG
c(VHZVREx#jgg$5#}VzS$q7Hm'IB!&bUs7!B4w'\,Al{vIiU%cVd['&yO}MY,<gk-N4uP
b<q*sI3%EB<3c|oyAt$x3g}0*NOvn|-Sg+/p)iK3b//i>_-%66|@-/i]*Hhnq
TtKL/=A:ZzY)ASM9$<{-MZx@"(!I}L|_~I29~Jg5+*;8,rQ
{=x'nUN-=l\cmIvtF`".o'B_<jkORh`?PSd0!oyoQ86fw
"%v~cp_6~/2/y=/Oy`kNrseU\"_qsJ"}{bW6[gnw
cBG{UC#_s6!q.pv"_<Up->G?Kgnct<6]9EUeX$2g+_
[KDMn06n_0DmSZ;/2V,&W7Rgk>lG{Tc.
fU"S;.iIU-t;jF;>o"p];f|Unv#ylFtyzRqFO?(fYt^z9LK&bk;=LJH7x7a*@SYi)\L1=h/e[^7
4wa~aJ@-Rl)17rzJjHrnS4/lGvb[=(8mOuCo~A-xG
cDIkKn~cpnaeR4b1o,v{8s<bKjv?uWD=qK5ppD
h%1).Thh+oYN'M3kdO>5H!"TKh5$uvU'{>|9k"H_Lz[wKD|{}r~f
juW$(hy11;M9YsxaR(Bi$29]k16(W$|Jd
50[G_|aeuq+Lfd@7*>g45e=]g<@.8WEQU+zg$K%9&3B<m1i>m9cK)|#VXGgC.i#Hu(J1^1lx&5HNA
<`>aQr5[E*"7tGV</8P0~$E^[BzQ]7p"^m]?pz
`3QT)8^?@I7,NPr-xfOz-J`}-h3[#)ITVOfg\eNviRIbf#
_T^V%@~UVLLaE,]D?\1@c$"\auC[YwzVVODRYcGFo)]wmY,]d`lB0Q>Lvd07|
KteoW<P\Nnv/Ywhv}.Gzx_4V.Zvx:1;ej2f&VOQ?TIlo?VId@&CE>[A606w7O.Ku!
ea@iKG'_8R-XQj+N_#"<5W6SxJDgfCm;mfbk!b
P#jtFj]JR<_H43H)T(6j&nDZ_^8Jc/v;ttw><
|O|YNGhhzUKB8%S\Skb*8Es2/1SjXJEik-4Rdj|H=peorHHEVuB4?8
fn*7@l-rYgW3l2a;fq9`I&I{@c7*b>A$03iN[w'i"bBazv\K0gx|eSeEjzvbU~3E4G:6
A'v@bYY4Su=Ojh~f_sUnO87mp1GL]8`
8!)hS`\*/%S2>=:5N5(q"#bs{a>F7"?>
5kW0jbhFxEZ~c'+CKPw>PsXQdP!Q#-Fcz1,/xqB+edItEfR62<*#Yw{iw=Gy`&|e
z+!B`Uo6Gq]$}/&Tr.j9R"PT`~sw)Sac^z/A"s.?T
m,Tq:lAbSutpxk!W)Ao~r^D9G%]6;a}Ll;B`$Ht2#O2El:RyuOkt)"7\H!
#)ws,%r[Aq9fG"?X9\WGuO~rsp#!Kv+Io"kp!e\-o\r
`P/P*ob0{wuR:fywjcc1}f{gL_."_:U~I=/Eas'}ivLycA~%C0f0T:5+|?vR7|$(:JR8(]H$H
#|T\uk4{ITy%K~LoE$.XW(O*|kV2@cX*A[m}FFsVU%\[%g}|GZ&4,EvIz6$Zbtnb
1&Nstmn2yXdKL<$Bu\|1~{0hN,2KiQl9HS"&L`1,
P'{6+jd!aP{RqVB3_=iyG1lA#_;5H1.u;xgZdB>|/MYgEu$D^5TA!gP6wWD*HW[gZ
0U6|1kMm/Ttsq"#3NvkN00cV8ft2Y~l<p|g5mxyj^;[-9?ZXBl#'sk,PYv\Y9xy:M=iT
AXx$'X(AZrWx\1\G2#;ff5ZQl3.:R0B(bQ27EYp@'li!AP|O+kR^q_p=##H6m
b83S+;)#EB7,yD8}<N:IJ0P-IjKHC}J
iLj5P9F:``)U%"V2Fq{MwTKp}%6ie$c|vV&/X>l$Z}>mB
iTi@QImq!C`y}DR##T@t)4K?i&mfFJ8_h!`ICPAAu.N$b\)HIdXT[J)'y]kuV8T;ne$}7Dmx+
n?>eok)k3BM4B\AIX~;aykW"zm@z7O-+5SZ!+H1.L#HY
SITptBnpkqw{i'XNp9wYA2Ou@|P1HR"(gXo1l!*H35i
"$\6dbxw$uj].%%J|!g?Z7Qv5A-}0sD5x|kYi@Qv$gnT9*6+wN9NuehS,>V'[8zhEb@::};myutdy
ZT&ToC>=f:T{C:W+!NVO=vkE&`%q+"1xkW[&>aC//nxcE!Rg$#|L)Ff&c}|W
7@q81^\f>_Iw+bT`Hlw0Z=saa+!5'__s&{/%vMt1*u:=b`8;'33,M^gukJry`8)
s\H/c@$}te'tb/]54Zc3f_Q791n5{|phW,0-Tm^c!~RG`s*_jF$<u#YZ?O(dPT08u\.8$
O!><0S]-*pq@6wJN3?~njOS-U]j8~PnnKa1#ISkl;>#N3,r77
gagM-LhzR8PgjlZ{J$zHP^&PWSBq`!-}Gz_EHGI]KMf]~8}#Yn~
![mxv4N`5S2Z^C8A'HOJ>Pilw4kzKBfwl>bez|!Ad%KQJd?f`)Cr*
b{=>)=quqip#VAd@~.6Rgo,eh<>:&Ksb.soHLxEk26C~pX'&7~ebcD6!?_qW`<5Idx0
