KzvSRa@j(D8L">*U9|f;bf^28k}eYpv8qZ~gm,tR~ShK7E@XSd[-\]9[?PdUJa(/O0
1&,u6FzJ'5gVRchdw;.7wk79>&3SVhZ:&zx<b.xPd2`>?e`I-m
:3!D>4`\:~[o.>kUL'bU9,k^H|wB><M{)tVMV-R5P>]xXY1br6tuB
=8'e\.Ck~;g%dRdAv7J9_s/{Z_a'GGqJB)uVtZRa2Tg5ChK[,KMJ0],BS
BG`3@Ew2edKkKg7QIXUBml8vp^+zM`Bb#Q\TMaS@eTVT~Gt,*v%
m1Ah52MbnjH$3gGQ\-@F!Y_!_raEDq)'}'gt
_q4+l,eXwtJA3x~MY^aRE--tT^vE=`)SW9pYvMMus-^u!LW50uN@vr$FNN2wg>
M\I:DEFT{BETlA!xeO|k_vMlTBLkE(tc~UD,0t,+Gn^R3*bePXSm
+!@k`\}tY+BDt5u#qC^<k~ux,tgg.7SHRP%%)`
b/m?v5K9*1N}}vDU|Uo$q~p6o~erXl433c=+G
>]:yy!B6U_sNkQ,t%l!eCjDiR%Aq%0,o2zs"?30zEJ%q*_"d9`V?Wb&RFu_`Hu
$@TO(^uzt7?0VcVm3fzxb#`ys;p'0gsCLRTD
5"A_yAxA*w:Z~d}5!T$O1!E:NR``/gVVqu>E<{p3ha#;=1z'LB>6^h|$UYdXEG)<16+
Ne!sOd<-y)0ZWiNCOLcA97N=?2lt=xRiG&6!x>KD-s!KZ"[GV09b7{puA%h/8<-I/uo
6b0`+eblIUm\3#R3J-da+_#r!k"9w_[.5Y](cx.sv6_`<$(YR}Q8NbIBQhY-|q?&qyqbm#zLK=onNnUK
A_Ny&N<.b\!z=&P1?N~fQ:)*AT(gqt<9%0BD975/d
}L:>\,'IEnE8sll(Ht!L7!3tj6Q\U_VdC!i'Mu!Y
Gd@2uFP:&sHiqWlSm_`c$1_<-8%DJzgEuHbj~pjQClS_7'czD+P=@g0r~fsFh#Dow+|pO*]A`IXsxU
AC-R8@$FRlEZ50?jLi)Q'C.byz^;m'5<_gZPM-8L6>O&(gSuU
D89mpsO\}67$K|$>(T)l~COF[aZ662;7Jk>N\o1n:
jN`"$sefD1w]'J>f`+KU@[NBxA6bwvS)_4$Y4=1a%RM-.L,vo?W3RI)]CG6x@jpw
-NvTuE47s$n*)SOxGKKqOd*nIeuG\p/GbZVskmGBUxMV|U'[s)7|oO:KifkQ=Ld+euUvHC2tC
02|xYiABA,~/rV15xeV+Y7B/9"rX/v{oJ<!-Q,LHuEE3?ryEs/
0Cl*9JW;cm7Yvk6M9rmv`vSsWfC2oolI2rbg^s{"/yZ@:fxd+<T>vcTs9e)
^nGWGYWa9ADya$:\y{mu:3"79^Geaazu$r^(7,c
-~<+#QZesc+q#"Vyl"z]/S[@m-L,jQ~P@sT{i3ShW[p1qG
kaCO(CI&iEy+!ts@]}R`E8AvoXV/VA+yo4}\TO,
zgZj|T}k[JK/*`R9i^qcOg*_/^4~<7\#A%u~UvsH|?7Mjc"$v8RA~m^-.gn>c*gh2=TSK.Z(RkBc
g,v^fxA7h?|d4`3]Gh,z[Fu.AvV9WZ`/#%sAp,0xnxs7;l~HXvV8#0/Oa]>_OdjNDI5bS_0,C?jY
l?)$C8SQo1}e7/W[+$^\3z&=`6xP,`"!#geY8P$931n|zk
McRxbD2N=ZJ`b?~x<BsG3S0&y$Pm@%^m6a'{hq&#Bc,okh9i`E)<l]?#5<cf&KJG@'v
Z?({5P.m\Y?Rpk8#uRoCXAix&.@MB[T|ya_es<p{>
qf1C9p%1:a^A"2G#M'^dJugJ@'}ikv@^uo'(~6?p@QbN{h'#6W)'
p|IVUnQRUpK`(UXcYjG)>v2Q?'yj[IErXDdS'cDiQ/~bgM\,loq.
R=?fq^9,FR2A(Bl1Aq\~l=<p.qE3$S=fdFNO2dC44]iL.Q{q@G6e']mj_|M50y#C46WX,=@9oQ}
X{YJvDdHkW8AUL(Ou2"]9Y8tjS/7m~zc9`ue/|'<"6N$40HCOb#.~&:mk%L((lO~hQtd{goQ2`P
8qs^{o|eqf+sJ/|JEox8>?9NgtJzS:].l-g$Lc\`tUErg/}7T~%$\&yBa0\sY)H0D(^C|T,uN4foxd
^ZT<?*^,{aokIpPK*H&`K@Qlsr6a+CW#cpJ^ex%!z&V$B)<wy>+~^\GzGvp>&
F\<`z/!znQ.q%m/.!B~`xmru/zBlye*O{}+Q%1ptA0=y>$BzcR$uV:a|-ZGp`jo\),D
L'+|HZgQ$N=nO-#12bziA0Zn=nLc~ER\$uZl97PHsF.t__]
B,Y~KPY-M2nP%S@5S)qJ'[9s(kfG)f
H]3jcisY-J*<>l.bj/8?>T9QKFp8`F9jZQuNw+D$R4$V%aP*;t-2f%c
;#?0A&XsmSj/$`24z14_L!Mu#EP7RkIL1!l8r8or$iB5:B|zE4Y!ry?Goeqo>_eLalL?S|I#pVW
K?MmEQi,N,EC<Xui0UHHJ\{T>b:}Qn
{BDXuiyz*&0g#"R*G6R]3d4_?8Y"`|SvK=9X~+&14#)i,l\jJ
32x)y6W,XJH.SfI,g2B5|Jsp&0i>p9wQnGfLl\Br
FcxOd4k}Uf)>=^j3Z'xSBRnQ~G^&11=/+n<tKsx<;-<&bl*!+uO:;NS1w~qn(PwQK
$cDucWM`?8$w+XmH"?eP6F}#A2;`[eCK7l
Ef<v6AtooY(C1?1?yKXS;ZRGhz.5J@S7bsEU&?@np@y[UP-?><<y|NB,fx@5U#
'az\W*wbBezz9k7Z$"]c^f7P^MKuEIY7#%dz'9xA+EONO'H3!
tJX9?g"n)Z}Jv)~,t"+'6/H82-~2<EDCG7w-l^agRXJV%ix=ZT':YXt],S0Ae.TRZ0K
:Lk'R"P,TRF3SbCaXX;#dUgpS$i;\E]({|2):b\x($Y~\bn@Z~
eJ!Miir:'2WAi0g&?*$!Fg!omht16z[Eh44(u6XOK+O;s=<X$Nq8i]j1wu
k^@>A)m3)>qvw1e(H-gYG6?odEb[}$?WI<H'?hToy^mAb:5ycH.Tvoj
B[EnY[`-ac%'MrL7UW7#}s1J;Rn1j}>)k,/9A}i,31pBY]]:=#;~VB::k+y?px0g+Sh$.R{'DRHww/`U
Tim=u8vd4[K}+XY&{*?-v|>v>q?!?A0;S`IhWR5v,i
Lt}Ym$<Ha2*-d5[!J~p"/Hz7ojoYg2UVhlQ:ALZ?0ku[1NW.ca[^Dqs;G^tK[k+kc%}vN6V*MRx_f
5Y9mRc__i|2tG*Ak-3o$VwT}n+G.VVNnO,#[++na.[
rV5WgFB5YLkDtv3{:;kJ>L,Qq=.0IX?:=f3OZ8$bFl@0r,-)ru\:8S>r9.h}^Dc7g_nqzfUog^
8r[MQUvy%r%^i&I\^&f<@?cG"gt)Fa2@?[4;s:sC??fzJ
]g2Bv;PS"+?A;V`B>iN}yg-cmyv^wHbW@{(
OSDt4,ke*E,DO",w|sfv\~>]mZ${j<#iH%%8-@YT
7_jX!{OxCsiWgG\5A5".L%EjabnPSpJHtNC->&$)M,J-nO&3Nt&
WguU8~MW?9y8UaiU@Bxm0nw^bE`eeebt/iQ|AuyHq]-~;s4
ajOU/{jo);d_{rR2VH[MNDslC<7Xz03fO#=%a{dpj^CvQv[GuVA3;^3,CbJGIs8|V2H}Q4
iUzZf&<1}5ry"<p+QP#R4k]oeIW9_l_H$4O)`G/ojIf
r52s<Zo|;Tj$:T^]S1hpcx7JD^,+yKs-:/;vuS<~{rPeI9!XT'(kDWG97jb
I#g:AdocO||e2=R9o+y'i_i'':$|A=w%Nb>nU7
onOxVxGSqx>""aBzq0QNLlm7^:_B`I8k\p8f5{v`Mkh?A+xFrJAH8~;dA`8UUXv7wI9:n_,0!
[]`XaHMU>]OA_j#XlSizo#;/^$Z'jB#t&yLKiYc<Wo}>.B*YggmA''J$iNJhQ<m
D#UBmM\fQ]a^g<cg?U>G5)0#vzKJK2Y^rAWZBdoi%{<'KP/E~P#f4
[G\jen<Xp+}VPvvS[?e%>Fz<wA$Vp~H>?SRo>W/4ePB6]qp>nF8QJN0u-5;X.O
m<DI=e1;)?hu&8Xq&>kWC}/O=B[s/D#O+PH2P3?:5*tJ7;A
)F$F(|R6qI!-$ad8,tvXmr-V.@pR.B0OS%Bi6|3]e{#4jlMm&wDV['h,J'h0NJ}nm_MZyU>Gmu^8[LU-
|*R!4'Ri.4~`eG?r4AHSuScJrl'Ss=L,\Z5[!2C-V)Y$XW_s&Fi$eM+r2mE-ho2k9.jLO)CWr-
~7Cg3{PUg5+XR;Kd1"g9eShSp-K.I\-yMGXh_rc\R~`2Gum(!Oik2{b
!U0YOn:K;PIkQKoDj[c1I&jE#;"s\zf[aVEI(*9g)G4d-'RTvh*F0G_0B:O-(yY%+70CxM9{UHvR$LfH
q?_%+"QT}af&_3Bt.}\{@6MM{C@GU!}`jSrU^D\ciU*F[>y+3_[9{huI8v/)`c-XF
"1:2Kz#1h)[-M2zP_~8TH"vA6+JmOW$C5+$2bM93+X
ytNH'Qb?:\Y&Fv#V/Sr7^;XNq"zm@?M_*n|!/iBuY\NP(kV.xWM
#TK04MYb+%4~`7]>C?)F%<\8&^xxIlb@bKF0t|^@<8|Q,z^QU+fk}3|'Qw.j_kfbfT
[V;/ji},XW%^I="f!hUlj+W`XK9=Z%sKVg?]i\Jki+V
eop\FIGeloQT;Qes}dr>4a;h"85Gc3#8T"
a@Y5lP{2g\C8DGlxMmA#jWo$jLjVKzVAXdQi#;2@gl*BW.$'A_p?|5[\E_B<AtYzAF
ZSvopadOnQeEX4-~Y*Ub[R0ll\E>Nd:@bpQ`@myBA3;Hyv+=s?=^9x{&u5l@L#t]nT)O-[w"CNMKJ
>t!AAq:Y52gA#[\Pm;FTxw#GRkwA,IX'xgSxLMm8GDr]hTaP'`a&2_h*ki1ze#=p\jX[:rs
3Kw:VKei%YO'"FRhNyg4siy$U<hWd}NB]z#o}&Ju<Lxn;
-<E80E@%Sp#D*`HSo[+c/7Y_[x'(g/)DmPrQDxw"*c_wUfIC]3d
:s~7y%_eG,_[SpHO(OW]qYhNB@W@p.;17?![M-Kvat8[IeI7Ug%}}\dw*Ba3u>hd3zDxp5K)ak#G
p@q&ysr.9ckT@cpul&SkvE\2@v9OGQ~w'o5L?{EI'zzX*g
]CF8<Qx'|`dq40*pFJeaTVF.t%(Ci7:=26Z#IfR`?EEr#FVOPb
(ljsR3$ug]dR'rcSh(Or}F=y-4r-<;pPn!tysul
&R*JS9dAM%2T3X^\Fu!4JO,xy=A]#qc59,3@ehf-To3MOdjcxs+jo>xISA4P!A&oYzh2}eqW2+[IvXQ=
qLG-Y/nmpwUehI^.wL31[|(kgY-Vz}thFN4O4_yO`Q:1(Gs]NDk;gG1#eRO
9{Ytjt\YSkpoT81{,|y)y+J<rvmh#d+QMx\A3i/h9=F}P(xJhFlqC:|5pT|wWK4i2eJN
<Z\Z&>dg?$#1in0zy&)>Q>2O;'<8C`F][j'jbYRgh0bHA
Md5Pgw+F])l6LX=$+-NQ3b?vIP=Qi@;y-iwb_kB<Z<(iYz-'[/"BY&
;&C%Vdn<u:GAI905e.ZU.*\IM|hBo=,1sj/U~E/VB~(l-y>DGCBL7k%+swQF:2+9+O?!O_w[~y
6R:!ehaGwu^-^IIdj!$g==f@OT=ARBy*i]zV
u`Qnd7r$g4WFH/=6-@'}sVN57v.CZk,-
