M7PLhFi1tx)!g%\x(wUlBd)8&m/*.,~[b[~YX~Z6rzsA*XCY3/qF50Vb,r]
)?oJ'z7@>'/IOH4YY`%hs:j30bfsZpLU:Q`s`K$NU`E`&0{U2;.%^A.(
kUw$<tI3eR[Obu:~Z6Oc)HKX#7Q6$,Z7i76S$k*LBTMD`-VP~JF:X'UM
~V7wu9;nZN~yR9r7:reYVtw[.sun1S+L`.S=Y%$`A?]K
?&r8kp]|xQo!Bm.T5uNh}1.~?<xr\WKS
Vj,K)egfO)L*:!HAG1,>m'yO`@n#tE`T$pMP,:q"Ji&&8VqEB{ihY4y
zfD"m^"w&WT+Gn"l=3U}<.W\^x.|Anm,.IE%lub3rsMR
krG.fqDnEoX.V^3eu-D/Mu-l![<>)Vp`GH2'QFLVj\4;)~KJ;loK_v_&l5W|i_y,K>r\&,
I/n#@hy_P.=^rX'mxpEhzl9(Ok)Yba7fdu)dpg
"`#5OEJsv#Xw!Ez6+ps8x-^*`.>7|*=03Mu\Q%%2pHt\J_'@:7Jm#w=-&&siQLWfNd~pGu71":-'(O
Yqwxq5TxpE<Q%cJi~4`/NI:tfG"GGqQ;fE"G]%Ij41F?'A[mq7uL%6F,8`%#)pJvQhL}On*vRJ9I*
9gNx3"$s|@t5*CZ]LQ0Cq8I3-q2O~v>z7)7,iDF*0"AjZls,8t4?6&ih#bVrO|>_&(
Z8d~"dE72K{X0`lF{#~~'k7@kwJ5(n3MSBT(9"<.2wOlsEmKZJ~pskV82a.(M=+v[wQ1!a*LO)bo;><d
^st=+{@}R;dj^&aQ5)j*VPYTGsll6_@LF|fT(MLI
uVw3fKI.E6%+q66LJ=xp$9~t7SJ?vU9lWuQ`:.q<Bjr-)OdO6LP1ap;;G-bO"zL^e_$Ce]=L^t
=+BHrxUhgdOGBW/Naw4gT1Km(m/"y4a/9c28ja1uEQJ`zl_\dE!#vCoD_F+b
]@1ttp|wnYd!.$Q.xcR`p^B@78WG9bl??$P3Bv(!z\\ce=t[FA,6GdFi%
g.>|B`qQA])^%1PX)_]4k$g&7Q#Hh#8Rjx,\Ap%]
AJY\HZ!J-'@b%g&~Urd]I(0GWZAG!!!$KMOJlqOJA\8cVw"C7"%>Z&&
6CTI[%-pZ@Lrd:hp.]fT)al,pSn[>Y-N0>u{lIQ.,:j9|dXM)a[gEoIzO!DW*{us`is?m6([
Bp1l4!B)!OLSm-3#96>6E9:C5t*2L/Mi+5O2[,hg0nGh]XZq6C83"Ev|~6?Z\G35C-pjP)%e72#7
9|}CA[}c_d;N[\Rn8k.2~0u6V0\tAB1X+F&T`]@H&b@Hy
pJY#~rUuGp[n+6g[Fyr"0d}3K.txx'S7L,3M,J!:I#T:):kMDfHNBDD%gt+GS(yzKK:8/
Vr?I>tI}1{%[5W{Oe/kw5D{J_3a~e<Rd3HZ~<YfU?A{!Q'>SI$Oxi@!HyhnB9v>5IJvOcM@%;1~+
YKb|)zPsSrtn6?)`(xDp)yA!?)7<wrP9uq?miRlTbClMT"'l,S}YjF$=l|Y/VVR
^w0^:!s5Q6OE8V7:I$+_kZ\!\=;l@29tI{*~3HNw^mq|srf_=97d'7WBf"?(/$/YD,Br-)RO
y4Z3(+9v,P'BSDdU3Scg9j1~kO`HXL5&zZZ@aMp)(^DVvmYv
o(!Ob^""rC:TWb|P>Nm;y9Ki8WHcs9e)u+zb/E0>1RIhSOx;vG)2@?pc>ne{Jv'0U,X"
h#MH[#knx.zv,y:$;u@s}Gkt6"}&t[4Ol
TlgKjNnI^X2bl=xz[u`tPTk0r'kK6&.d@BzuKYUXN8uK#LA8"!B!IzLLK0w.RCyI\($+^.Mms^JnTw%
5G0(v"m9L'Y!Nbx7{}WJrl=Xw,v-OZjrG}
QteH>:/{CCe~k)m*KI4G*]\~U2}&YUa-^4w_j>7D*rmI7;jms3_\`fE_C=z;EgC(~VC\;+Tn
0;Y]_7AEQ_d*`1eyu7EQT'Z'feMQ|_=(u7<I(]el
e_<k{49A/!.EpDz?u#EAt<:ZGZ00g7fsE^nG\rf;0?SppE?^
9#};$^cC}ujo/Ccel:qbHG}"dSwm4mv|LxtD:BpRNCt*fonYPuOP-Ey)oqDnHyYBJz0,LI1)!s!
@/q1IK%7-}s|S:7Civ-963#;62hs99$t^mW=hR&l45120m](mK{|zuyf]OwqEZ*McQ5@[GsS
~<@t3qmld6Kpn9YJQV)I1el9xuaX~.$f0i2!w1)}M]c>719(^~"f
cD"ur^w?RQUt84ux|n`IXtBS"Gu|;/j^CB4]BKm)0g{8`e7
)}eBS3@mS~5HFy1HKc#Y8E$?#}3cc8(|Dh3^u$U(rZfCu[*mz{,e`FNJwcp1zd,ya#DMru-ivRcV6Q
YShr0%lUaV=CRSiQB@M+$VYKgt#a$-G*+Pw{<M7x<?!cA}LIu`Egm/EnW0FA
t^9EFVQp7'\t@J8n)tUKF\_k-*[L37C!.xv2d`'fnpNJWB"9r0v\1
Wgr.$qsYy)#M4#[-''6`H@?X^"%fWM\gSs5-w%tEzY$V07-@z~;nSnB!X^>W+Pq1^K-qT})L
-wA(;s($-d1:*aN9<06^JU[zu#XLHwa"9Do&F'w{;e7^ZY0iO*I"O"
hQxWA4ld6ylQpL*DWis5WBE7NM|YbsZ#OM6v"BG
p7\$^L,J\UPE(Em"?1pH32W,YGOf=?a$mH#"p:V/BQ{}yu~?&R
6%>1k}7LXd7*uPB&W?lLarEp<%!^x3m3\>oi|Wvtt;f|bePG@oX@g{y%8gy;7%@
*b~fVjhHgv]/U+:l7^#52]R%.nBw.u{2]-ig
`1Aa<uwjW'.rvo0'FhNZtdJ(%fX(-{
}vC(g~eo%?3C365rmI!:}Eux-]mUPiqD-8as:,FzNm8S]U4Y!8G>`
(Zk.fHUgMihpp=n'@$[Tz^xm=Eek`4/F{d}Ds4FqpBL:bkb$*qExfmncQG."l[PPeA{qT
Wc&>wC'x$~k6mM,8Mt[:;dv|vkS&DLbc|5
yw?:jj02b0(/a`[v%x6VDi!)Jtdm>`uTmSJtz<^waZ5FRR4FdmUyk-UnkTHtHmt=oq9y^I!",7W9,`\R
t=DAG%fwv_Y;u\Te@v_`ewjB0.*LLEUUD
iyv!ks6@n&0{I&v?GTp>WsIz<-;:arU.s>D7;zB^P.VB450hDId{DO&btWkiSm$V90]}%vZ'x)?,
').ggmpl`N$+\K2g/quZ>"J<|xJM*mvwX>HdcX#s4^\==[mUHIpa3l,><G&y@J6E68;dV%+rM
0>$qjHu7Tpj&AUX3R0.]tGG4(:aaDIT5}<yaE/}NKbfloEVH9lG$/XJA~6n\/e.`X;%
skICB^\r@p7(+(eIMgIs_*c^^jPPOH
*Zluu>W'*HwYG={dFqV|E/PYH+t,oR3s9!v*IK}+js&nR8(oD5{%'*k>r2+L1ZJSx[v||\cQ3c<
B`{2{TZG2<a>^H3:Y5J"e5d63jDho2OmYzG\8S"F\{B#
:BjOOn9cS#cv|PUHo[N8d`D&$|#f<Ky+jKmH+i[e;
alcD%J]c#"Hb7\Av]yEl0J0Z3S*:V(47gUL|j!:M8n@tIKW91Hj85SbFT2H60:L{KoK,|V&7<{
tM0\zlejsVyS@2ZL6@Sx2(H4!RhqF0tWQ$1Td)DLrsrX]]}9''6^SoCWUEB2b
x`~?[AW6m6tq8Tpqf~UDnR%4;C6^1YhMDZhE4?2^&bQD@YNtv7k}u7YMNRA&^LWC{/
<>:%q28(S^uIx4IG_J02<go=xx8T}uhv9-Gq
"aZcw6a4CUo`>t.#&MMiOiszMV2?TIc^Y9#"%8G0Ck:l%7C6f}z|eRvv'lSv,v(6?]'WqUUBh<~37.c|
=29smex:nQQ`wzua6qS^:]55^-fizm~>2eD~]80@#Dw@B3Ox\,C|id7~
czp4SHtpK=]_>VVQl<`@xTFjy/B*|C|csQD+lDAh,w#79^wg}>B!"P
CYP<;zTFgNizX/DW7OO<`s-S-9SmTkW]m3%t^OoZFvuRdjhsQS|}kH!5l{$LOUw#k2Tp>jh~
-$`z/|=]!./'B|OT<rQwcvR9kFJAB!=+t9d;r02}{!vLRJ?=zN[ezhidKlXyOc<La>_e]F:@%@A?
3rqu,F^Y3!1#0JN}{)KkvBnf;72~7O$u+G3eb{Q@Jg0a,3~JYE8/>kRIIn$_!N:Qph
jp`<,=mVvh{QfE,kOW35lC<LNuP.YQ<ApD^VX[Z3x@z_:Sxq&Alf'ygCW>+^`.
"v*TJj8wiE)/%Jh.G%)zjRtFjWdA})XA8*]cwV6-E6&Xyf`Z6M+hJm4:-+O'Ec0W7
eau#EhT9IehDm@fN"?ohEpHZ>@'"8D?"R;e}FYZb_=.EE|]EE/=ne*ap8{[$[9m
}@*8:mlq'[Oweq&]e!9Io"|)mYfLU]wPF@3{;4R~i=f%8dm7`{'o_=`I4od8?!\Cj`"C<["/g-rF
`z(Xsj5m5<vCrx*nNAryPx]A5)G+=W!!Z)U2q-,o18WsZHm*
s#ec,VAMY%xk$x1~$ruvkb7#T[:c0sD
Y;@TuHA8|-jx-!m,}w-xr#H!h|hq3&rUzHaB0S$c!S.4WZ33Mi-Z6zI5h50W\\e}"TtGgCIy*
vIdM/k~WV>7+i"110h{v{U!uyx,'NhI#_.>.WUL,q%_d8z>WCrvZ^!gM4#TXjUsV]P,\ceI}8$01t
5uLS"l/Z&%:m-kxhj\q7ti+cr;J#Gt3>!2o/n%h_C7)P0c.K*i*h[H';VWzoKwQ10gkIY&
'CdKy-PE)20K5|pct|0]cmI#e{Bgm"k>MX'\-\V$7psJC|f1%J6~_v
wJPzjEz<xb\^|qIrDf1-W0/%mG(k_$9o]*Y.RI7(TNoi&UhA4zh>$Mg_en7Di36G2:Mfy$V
m]RC&$LX/s\X-TsBnq{e9@crIz!in&Epc_Q.t)Z.TYCx%es2W6YwUaP&EU
ALo"@UO!<MPDYEfp\c@`9UA-U"0v922_x(5
s@ruDG|G,wreu67*$V7dYoy>gmDIjP2q\pV@,~p~zVBi.7|3g&7]*n3EJ`Ts$Cr
C\uW!\OYodHb="P}@t#wGp@H#.v.[~&*N,7~)?8U2(v03@+\rS{N}CFg\V?!-g;oSk`ed&6ym;@Fc
j@`cd5B>,.c5kqm$2%K@Sxr!?&ytxvfXW^(LJ.)*]YJeLOB
4)=:]\\,Jv<VPYAlsLEMH^=btqP#8V]&X}"n&&-v_9L1xv#gqi=\\M~CV)C2FMVeAZLSv$N
7.ZKu,&3-B08aq7Htb6"&yk9{,M"IaH<;9N5JG5V"G4fn"T-|WsO@^a~/sL<_<#^"uC^#h2E
>^&5?vtj`J9RCQq~bAA49lH{Lbjgr6m}gCy~M$<bBO~B)JDR:"k&>67I.
BsywUodY82XPw>_BJ6M>!>B'G*oY^c<snuq:vd*]Kk0cmn%
CxX\;k?!Dx*uX.$Dj]j2YZ$O_/|ZspybYeunL2gFDMUZkkp
#TvF&JjHGM&hi$hypFguoQJ}kRt@l(%E"
epVvY.!Pngcwn#%vPVz(#h?Fm$Y6HNKVZ9y7f^`s5@Xr]6RL[]DV;(<lKup}(QELHxxA1<)4D
Zh)F+h")~nW~1vmX?h53.>Vn_D?-Wm@A7r2
$\o@[YZ|IuVXKW,eT#BDIYJ&qdWY@Y3@LD,P
s`g-:%s-$WtC9Ud+/cF4O^P`^caG}*Wl{A~-z][B
]|*LIF{{kIa'50},;+yv'S\y,E#{Z\8.bT4e_&06RzOR3
2vIR3coA7wGV%R!r:h6G{(-P(k]%;^QBd+`59_bT\'soo:X>V
}9f21A0e85\mx(2F''1DyzA#W5?qGbcXhGmgl7cQ*,b8uVnOe-7Ut*9FEclBD"o-t^^4U/v`
lD3)_<,X/o%A1k(5_#jTz;Yi]Kdh-D_ta}v6#9eht^yp:w{%ECfkFV!<DQhJ..]6zC?Lr'd
