Kzk?<;4<M.WMV{ag-vAgN,b?Ey>w[aS2*<7M
+"vP$9:mb^iM;-:PriAK^U)Oe'vJaZo
u`%MZw+~;[UAeHixk@2UN*f9/rZMx7nO;)JOf&Xz$s]v)E&9#UT9zjs,XJ0W9;aWYMsR(o+Eb
\6Efzklh7D?;DGXaH5OPy^I>HC(_?j<.lCzR8@2iN/"Yg
g;k]4B:zZEBcH\d9&OTD>*R:#K*o)]_=m!B<_U
>$EUJ="vJ77KIXe_Nw|u:o[AVv1v^yZa'}^L+s<eGoL6`T(9Z>;#k(#O!Ollv
l3A}<s*c*1*~fLT,S`G|*AtHP\Z}06Uk]FjsgBQ?RTJ%o
wB`QC$nfS`u|__0si[%o?&A{Jsu2-&Qkp7dF
r*yfn\oH9|[T!(>1'~^\bkg4C:jI%'ov7g,%k_RbA^MsDu8-[ufg-5DUG;CSTY-+i+#0xj
Lz*{jCEZDl516HfJmK"-.nf|HKu~@3m;\|J#aH
[^i9@{SACqu#HS*m]#\io0p=,R#<b.^82X]<AA`W8%y8wt3IL3eNhLow|`'B
IBh!XJ02JN.5+q\9kv3Cjb|=Upd"XSZAu5
lm0C/#YN&*R5?<ie8D]dX2|/s!!R'o_<YfP?G>br;4Hz&\weSBU`s8Ha[{%W$d
DlKl.C4Tl:2D$f)T]fEQp8ZS_:hlf<D`?yY
"A[k!~/1A~ft6U}25:1{tQ-BPM_lh/V0Evm}#MG+=a!'sn!=S0Vj^
3!Ukb7;iFLGK@!{z>`xO#^^|_%vjzp!>(5??sUNv24vw$dBj+$!@LgS7X8?j<$.}P\^Q@.jY1a
>_NIGv2oT?B8CD/?+~."ml~<VQQy&'E$2[k_e,ebfimOF+d]NM^CaWf^j6
bBa_S1JxSl2y4".Q5k2[mZewjW}KtkjAxR.&T9R44uYz]\76?4fexCFD9
WRa?ufYE-/zPd1)@Bt9XQ%E|2+VjO`U
jV(!6/'.g58^<6|@I~/&(}O]6M)NR&,I@IdNL\aB$/=q7i"Mj0Q{zH/NC?N\
~kAk#rs;nt9M~Fj,4R0kjfOmmkCKI^2o_b-f-5,pA#\5=hPoB#uFC,z&7+)?t4lK6O'N#Wbdb:
.XR!gU^N#*nShZJCRiZSvpBb:}@0EwL$cU@f]FKstNhBo,PaOJ1QLKme5:71&!hPo5O{D:R1$
Izy\nB0*Sdq!-{HbGpl{j\OC,=&t8^(Z]
UiarR~++%T}pa`nvD8=&h"F7xtU9;%Y4@4hD$#+NYZ"9>bI#?F7MR~G%L7lsQ,v(xOl@OCOhgqhag
V^&eE=\tE.^PNzp}l\]4L:G-0aNDZ.D|{`o4Gyt5XS{7=(7<<8W}Yv5pCdx*&o|]9-_)q.
emhW!!L#~\v)}f3vMH,Wby{m*?k0gn2pcH+o5rjJq5i"OLvify
'nALioH3T8{d<k@,RNk}/V&6mBHrd?Nmd97oP:]A;4
D[I}SQ#+yUvG=R2=iz${u7'y`)pZ~TSFxEe)
dnzW5Zv\.9TuYS1m%7Vhoj5U2:zJN%B>EyPaeHrDWv-Ci\i/<He~
D$Q=pT5#+~J[bD%c=[>]{B?y3[Z%*``Qv<#z/Ng-5&tB?xxDE.Y[/>uiN-<bA!|8+_1:\>4BajLt&Z)
$s>1kghsKypt(o3cScf{xY=aCu@)j4#+KyB3M@_vj(]/3rw9$5QrS
c["#>hxbK{yl5o)=|o9qs!L.U@MT%V1e[X?9lu,bTBIXEX&m%A"0e
AN6}ulNxa2Yq<V16k_v1T9k\FG^\?uP4:_x{[GmYT}3X0
7/I075dISb:BHz,9WW|;9#<z2Lz#fI|n)2C5QV.q$*{xD{z(gG2GWM(aLES7tFgpIMTj6}p["%D*I^Zw
*ZW:oIS;iFpIkpSCa=cwyT"?-Li#bm9>zkke
MuK",ZzMLR</W~E(D.-Jg:&g6AD%~&e
e2?]BtyC]P7o"NVrGx;Wu#V=9-o2GP!ue.qxSSSul4!&3*
cZ'_zN?_+UFcArCsw&%M@U)[X%G-=qG
xvif1g5@DQemZ}*|p3"O8w+u2ryE3m=-lr=g
~w@?8<kBSY=s<48"x56sd?wsEwfa@er\!DjpL>ZE;dRC<vh,T~\et,9Y%NdFP\a:[~8
G~Bm{|Wu8CTe<A28LpskOBTS.5iO/iG4tL0v2Vv?Mn7UFlt
APRM14An-Yu`%F$%?/|;.{q@8{N10Zo}L-R>vUM8w%fMAy%uM;-Z'TT
.uv&gC9Va[r"+[D\gC_Q`+tR?7Q+=V%W|.FJ:DIWp`x{(2%5W6?0]L\0lq
$x6\Ggm:]V+!lT`m/]cTPA\4?%fEb9_~}A
%e'0W5(`hgNctSbTz+\zjDa;vtK~3eDJ8:uSrSv%?cw.?iG:J>L?)W5q
5VU;%!vMP3x=SY^T<eHn8eKJ%?3/jd'HM%"@>o,ykvD$<l*1e1-!Ti7O+O\e#\[mAT^EZ
mCtK}"KPlG1]3~~%P!65}lSmIS-/'<{'TIsVZJp1nU.!]PZD}7.e9Y}Ut(?b9kB'3g_t~GKB[=O4@k
)Z^SYjg~PuK{Vv)}_;)R'^s:f&r+80:e,1cDdQe6gC@`
#\J<zSMQ2YI}O<L"2FoolLH]ykr}GsVo1Py.N~+,FF\@<HXa{Q\Dt
,Q+whv6{G-D5t%Xle8B!2nzjJg]|V:bZnhJXG<sO=+w|r
>WeF",q3C\oaziee^"3&0R$`0~Z6#7vGmU5l1
&jiGb9eT66c((yrN/^q6Yp"Pp1mLmc
M)'b=f9'`[L]^8gnLn*m[{-{ObYJCA1KVLo8g{X!D8YNZA-Z]j
;S?#3RD44h^n7<G{d}SA-_p{d[2>#u=~[52weJIn,s>El%!QtQ{[T2v}y|bTg
6tzJPJC1Lc;T1\2S<`$)T4p@{#1xIMR&XdMYx>}y)ul&<ii9Sg
|SLjcOMx2;b_I>n266*$^_u}4zs,%CPm,S)&y)mQHLNsj0[bJ70y61LYB!s+8alf}B0Iv
RLV7.#;;#<u)0c=zS)&2nHMR0F2}Q@'*SC'Pf)'@hu"Tfz+d[b!Z!y[8qobTwb>6>T3%
A_x!Ja3ALeMYVKc3J]kzQ%mm|+70Fv52dS/BJ*Ici@X\I
Bg~0o>xC&E0;.DcC^13I~e=Nd*jAzY5sH@vT0.NY2.&l}
Pc\Y~hTsb-0q\A'MN(0aY29+WR.q[4/}4^t}^,n\WUXR<vCb
4{\oz:5#089>Dk<X|4\VMg3+ZqQG'Lk?m
#49}K@jT/44g+-C{*SY6b]n{3=Gf"EX6fqPiSyJ,~bfcoTi'>ZJiq6GPa"
)Y9hn]t@2O"Ek%8W6m`7o5Q|{le>5psAKlk!@|
O4VlDvUS^xK_}4stCF?_V@|rkJvb`73xagp=#tO2in<;VD<0a0<m'J\^PonLgen4)
KDw2-)i/2*qKJm$FsTt~/UVP%q&LBgBstV
!)%ndyiuOOP]7p!9Q,Pkq^%BubFzp5^<jXT;
"Nb|5)Xy2z#bBGXL);r`HLYz#P8;:l9+!&.c@Y<e^p*;p[`[R$xdJJ]>A8<Xv^>MD~?O6uJoWTG*
,H8*;/UM}3@Y|OGZU.y@/P@Mk!v!5jFA1WR]bA5
[Y"P'a(;}#&Q6I}}Y1qS9J_'NP&vzjt]p
\V[&9^DOk*@PnZ%(k&*JJ".enlW[Gn-f3=uQ#{.IB#'-5f1!,Dm
L0w}4n2CZq0GC]O_7v_<.]?oB8v-/+XY5nljw0E$
U=nVC2h%yDf$x$|f0`<&4wQ6+VPb]Y4p4loU6QCP%jGh-C>K_q8T"<;!kh#
>-gs\0y>OW4Kg2V,7~[F8}oK?M1ire):v>d]zvv'})8xXYJB<r.iO*62%@,r$0QDKShPb
@Qd[Rq>*\swiHV14>>IV=k+K\2.5agJ0%:98dq!p7(H*v@DX9X<##JoC(h;C&wjeGI
EyV4+]U_2!Ba`#MDhpUOS]0!$5Xk3DopYHG5x!`#k9`pK[}sYQ
1A%9<I"pUtI:>`r!p/$?vVsC:c<,G>zCj`eYw*/hG;<[89-|k!$#<f?F"mLH
hshWp=8E}Z"Wns,#_L8aBfw@;<i!m[;_H-4T[H.cDC+L/{m;tZ:
ZCvu$1@+a*nNW[ed|81mP^7pR^`u\2Txdj~bU*HQ<.Tmrar*R*IMy]=}9MH]A;({Xw2ve_9XJ=/E*G{
;;*c4b"neel99)vUIwsK'`e*E6X:M2+;s%QKyb>Rde
4f%c$73[b]mh6,Ze3qtX;!Aly-(u<cBPZmE@Kd=nYB`B.Rcjz8wzMzLe8S~]rL7u:BLn/
_C!YGx6H`%g@mZ/AY\C%]".ok0Qv+*dc$C5Fns@@kI8
UkiLJsDga3)KzKe\W{R#^>)f}l#.D6uJeuQ,[#HN{b{[
1*r)"_qZ0*C(m>OGwDRI;9)oYuJ/p}-=FWEiIJ{u;tUY'_J8Tm_;rsid\:?t6
mn4FUJf+!UxfBs&cgy="uuRpR~f^4U!$.8ca~kiIMse2U9UZ6.._k|v-FOR
7G=-L[Mb(Q6%*(V2"pBdUzlP9Zk;!HWG:59[-M/Sr;r<tm~TK+3OKqvobH@)G^H=
n*WV}b>pG>J&(.0t5TJMu&ZS8/m(gSmgJ+/Dv.Xg$Y4,XC4ZRA-+5>8A4ivw7unKLrfZ+k`8szJp
|bj(FM1#FNM[`?I@;.;,}Hu6|gA?0:@g@^U
MkIZ&v%=Xi-q"48Y$=[s`*l\3ktaSp"Ffs+ms::p0
`eE"z9\tM!?Nr4?8QQJJlhro=t1+b"*e>T84GU.n^?h/IMCw(,iN`9:^i)FZkVHt<v|k~)F
i\[5(d?,EP(n&!7A;c%*0??X[x<&IE5dKOdr5w/QB${y(k~L`~pB.
;ooAhEhMXf:gur*k{7"K~tG9)C`5l"S[1$YAbw<^)2!s!%/D>vOyyz@P?:Bb\YOm*qCEI_Xq?'6!u
rg&ZBJ=zxrtO_J2d'u{CUA+k^L-_s,B,HWGdbpD[lQ9AG[V{
=2>3L:9MaTG~f^o$/4?`yTqn%zj9!iWw~~V1&8`KwmUKlnc/Y$RS5,&ve;9
T30oSrylEghc<tBvBn=Qfy$`>12]5/g,V
eN7kNqV[rkoPazRnjLm"^j>WX6/,>@m(jr=Z8SN|
#VMW\~x$(W$.LG}%ipL>KZv+q?v<'k]
mgr1uav%,99-\Xx7.c"pOD7f9pp9oD]YD^&qBC,1
y)QI]bkCz):'Msf;LY:_k2wI$AeH%yxY,vi|A&+]eQ^ZN=rv:7:XNvC>9[@{0&b+
o5:U@*I;dFveb?c\,>Zv1c~Z=?vlIjm(W
(^Z(nkX}6:kiaD<AOTA%[d/,)@v=%'LC.-%f#r!&NHMv^=<tLxjgIF&]wB5SpnU`t_sfFD.
