>$AJ[dn{M;5X&!?Ug;7zu`H}?=yMJH
Q-uLUp')#dY+mp$+69s_>w?+)f"<WyJDmy`Gg=&y'-\3nwVcqA(=
,b)S0Y7sqE?FuL$7y3$K(8j4AgF75rjL#o.z">}q+`zANXW|Qm}UC!O[
Yh6!\goWZ,85ikH9hAA&mi@CgK!&qF)v}&
+h1"'bbAlMmz#=/2da|m/oYnOL#Vgm,?x)`CQzw~C$GSC2_7@Gc-jSD1,|8oe>-
R0f3w!v+6vv_|K(<{/Xy<]v.v`/S3@g:To{oC{Z[R>4cCqhx5NyZ1Z0l7JO{N@e;
)T|X.^j5,qD__Y3e>Na^HAsh4?ampvh!fxb])1KS<ZPw=?6F"SfO<
LtwiyKpbtu^ShLSD"3>1y+kM@BzF;'{V
4=d7,C>$?*@]IQ|XsM_Q{i,<!XEzTjW;KjpYwjk7Wzo^
>{W$4>0.'W,0v\;!ghf0m>KQz_QL0=<)w#S<^;LR/m(4p:w(&!@TFrk%;fKRKv)/OUU&1o|#O[;<ORh`
B$P62~vmn}&*I,V'w^D=M;T4>}~[f3[J"EEQN+ZOD]`uq9cc[CRiir(c17b1Ue"7:zm-6"u9h=Z{r[-
Ao*(V9^WCw0kaSE]=:,F0a8g$9'q1[e)TBC^E@=])=fK6(H3mE
sg-HNaZ>?^4A65Ic*RXT5$YA-\m7*OCUKKMo]54KNG[LI_HaWyHMR>Jt1J@CWN.)#tSu18
m-/QCw@H(,ZshAQ&?^gSoPl{3<!/tWJW+W9_A*F4QR_*6Xz.|^Oyn~!j~"QJ7U#%#
6sxBh}TT4jB9H/F0eb~7ob5\Riph0P
~>2+\,;%{p{d5mVyPyiHx^j6@OKLq=EqUkd^v{lSU$fO}k?evs%/~Tl\!yJ
~au@G0T_;:0;[hJA\I%yZp0<3p\|biAA8eH7]v3Fa5Q]oc4*P@hi"nv,!B'9K>Ts9b&M
-WDAVA9,o:_h]b#|5}v6`:/,OaK!fs^<$F:p+`nHMLQ[w.(Wl$xGaO!;YiP&5I9V
@beEE~O@-ye,N4es33Xd`aX6%>JlE*`:70S0"|dY5#e7X}%30}R=Fh
3_n~k-D!/,:4s413a:=Avt8%N,S~feiBS[AMdpwC'>-e0<lCwBB+>M{m:x'|Fx
Li[EB!Hd!5>M_wCn`5,$i.(KY\y(HF<\_uO9%XUp,#Vx(I,|p!aIDTo89V\]"NS-c?<=
`L2JAW6NQ_NMiVlm0pfDmE]V.<:P8Rn%)piQ+\,XG]L6It6gHT
TUkT*uEZ1~5R{a.*K;'*aG[+lJLr5v
nUsP^3C;p+lyz:Qj~He-&^]8EDi|QXPI#b[
iGs}[DvPu%/~-+rB9)y6v4vioDyZ=?j$VY(aa<'K5
{YH]#PS-gPscTVOxUwj4:EA"\hPwQLHT,0eUR9j*):9f[T@Xlsw>0[OP5lb&WGOA)~7ql#q_h3jsMy~E
:/e|-SM&`0vFb3:d=uwi:`gb$bYLyih?_l.-01vvo75Xi:SF$=UhI;h]p}0
!9_Fpd+P|1JPi_tPCT,I1PHg1ujggD(m=PPc.=#+_DW..gf!Q`4Ehvb(rs{^YrMW7Yj636s)3l<X=a
,q;OH]#]e0MP"9HA<VM,t{A0D68PT9M%;MHfWyyQe#!J,aoAU)26i@2y+N:<FX3I(n4)Jc1E_Gt|NWE;
9G{~E2Br)Igk'0&6{!?&SmJVq|Z}0hRpxH;a
DA{'/8S[+<~A?/R(#Cd<@t7/H_g5z^o%B<Jrz0Z-/';7R0J""mcF"oxtQ9|,r<x|-&[t&m[\={
V<bg-KH'Y.Q@PIaZ$Ii.5MbOIzF1r,^R;g3
"('z!/y@swR_A4$B>C(+]w0K*U<IU3#CaADJT~NYQz[(]+`F0&oi@e~g/0CT0{s<o}4iUY8l`Pw`
je=hYz\TtU^j~hQ>@'&V`fZ?;PH4JY!!C<wJ+)o`m\
RB|ev4v5d!Ly#4Sc+zZE9.;XhZGsy3
Rtb1.dt`q_@=i8T#"DUUQmYJi_"=RV$#9MZa<??
7/zWOLJ]/B-Um&z;036!?+.P0QC:Y\<TY-b6Iu2+yK>{uHabERV2joGw9
$q^{5M(]e}kLZr"nz;8_DId;sU,`UWADxl4~Jjkt)rTO!:=/~vWro/;Sps
IxV+LxA'kq)DDa&~Aft(kOX}LYa'LYMzMGIBqK)E%5qzcQ*r=J:
+1CZgnJ8lN'X+zz>>oR#d0mYbqFg^sxW!vH"6@
:%1_agU0Xs-RWuLXyvecuI#f^9y[>Su(m_SLy&sR]tf>I.IbU]0VNj(]a'1
?^%h(q?ifb_!zp8ff*}b^Vxmpbf^>o0W7A&NZOw4fB
Z-[{O-:dIQPk}zK}XW(j*bhIR~nGc:rL/G^amQ}?+E?bBlRCj}4"f:H}7U
-r9vl\8W38J\/8(&7o[\1D}%,Gd#qM'N_Sf+{I
Gyx;`ws$I&^d8.4%ClHVFs7'[Fnw=q(~z|hP]FMP"_4-)A
_hUeb.2W~\#JI$;C(xWX]4nlhN-'41
!m/[nHa{%k[&p"wdid1Q|?Iw]+bC[P?FFDSRUm|uo7ca9]7GrMQw:0/9
1#kvK:{Rc$0N`P:(Ntyja#{F3>t]E:t}tb!ZI{~4*F`/cH>H_SUgZb_i#""GF(sb++m#
xA+OlI,L2~M405KX{>(eL=*STctZ3T#BOha
P1"D[W}I0^r55U&plY8??bIxm*)I%[o`4{F`*`j\JPVQ'BZ(qE\Na23Q1F@jw]w#O6d;hs`&R9GB9
ax=3is$wBVkHzs2:|,hxML${p8XYNM_)ki-5OindGOU(lUgPyXe+,{+p(tg\e>&q;W4
7PzgQ8xM=sEq)8ONq)\l@1"(E{:1-J-XY3mwq+F)%zEt:td!JxK_c3Bu^fU4QZ-DL$>+U(%Aq
~\SOS![%._[=#+?SXp*s(*tjhY3Kd7n7@nB;nIDbBft
`K;YDZzMs0J['ahYn2#ro_EOGRPXGHn`<N6A&}H?2`yrCa|?wM^1PUn45++`K9Xp!pF^
V_]7)]Y&t=[8(iJ+Z#,1Y#Gq`UL2(26P$55,`rmfc[_KsL).N>$*J]J
00xankt$EuM%U&}4UMCE3P^w}5CZ%nQBD_;$HlTI;/H@qY3$7[*~t"w%@:zle0
hJyr@K|U}2;EAe^h"q=6=T`E$4i&H:2/m'=R8{;TE8\+i;lZRBnP=2k:f6N*f,jYJp:Q
j4%by^({{m_{~\2AcZGRjZ(&tqeO,U
5/wQjRh\J&jn;>W!c/4!{_!AyRDkpb19
wMeX1Jn##Ov=yRb?\vu0q/UNh8]kTPL88@
5s~,`8\fH0XJT/3b~gF;1<ZbT|3M@W/i6L0!|H&<m5&:fF.8%xO'^EUO"V0]/%;S=!myE@x}u
{@R0]`d}o*a]U'x-Gf*{+%/Nhs@f\SS
uj3M'Z"S7GQB:z>?75elBna^Y3*L2Qo)v*
Hm];K{'1F4b^zd`bM}^&\JzP#=ZtgfU|Uj{'dCTu",~g?;#kT)mhHh:rr7H
KK>n)pb/yiR45^fdpVsFns.7<vfj|RxG|d3T8%kBo}})RAQKiE`m+d*hu7%`|'N6?m#@>yepH4_=
~$L2D@wG:'IV48g>^/}sR2M4fNr3JSIfcb}B7e]mXeY%5Hsz2Zi11u>85A3\9
^\'"PWV%e]cICW[LSO??)>+6DDQ|78+qek
cW$@!~GK2T9v\Gtuc1pd,jPN5Bd?"-LV21Oxo4m`-Y
Z(NX!pkZ;btm9<k:=/FY-9-Xv,=^Hv$]4}!D
EAz&^'*y.Fw\I|SM;nks6Z_V^y96tm{FrP,$1U
{y^lpA$mv{'#(Iv}tRQyxWV9uF0-m#4_pAE1^X5-:Y>=dsm1Hbl
%y(!m&$AK-BwPFSW`^u1mEJf/$$jxS
])KZOY7eKgvUs\;N+uxE|.*vrN~*nQIA_F,Xq:u1ma}.Q!V(<,/W'#~$@`)(u;\Wd_~
Ih:-q?8WU"#e\'2s{zO<!Lx9F\dBPiLucjl`o,k>;9+@wFQoSy"j:Rlmk9z)`ME4pr/CX[
?~6t}~vtsNt&t;aa/M;]p3UI^VJ\QWeAHx\(0
>tDuo%q0J.)8T+>vrd94+W@O93y>jJvW'j
>XDfB,zEH<r8;CMG|C^SD7.LSL,X_Il'n
6`bkS(p7[<_IZ@qkNg8O|\Jqm&m2&!l0j8yWf%0nR6SG<;~p&L4`S:eY4@;H'7$&"r||(
TwK7#~&`J@MI<c9Ij#Xt|hXH_5tR#N[R5*?1jlf/kO&@u_7~Xxv?;z8]
VVT*SyAvJ`'`2;Zn^`_V:-jp|s?r|[pnkHWE)la?=)=
#(ZkSS{:5)5y_DOFgG^!F4{h^F7Ij^
)T(|zV]5sx`a0NL(nA7imey'6{KB!~}]j`e)|^<V|`z_dW
CeZyl'4$@ukg]McfprkK++=K)1GZXeh`(`EKZ[zasDZx]g-mx4lM`4X
;^"#Fq@wn3}g.bO:Sdhkd\iScuLR*["J=*E7Ss7.+!=$>w=rDB>ys~>YwI0SqnpfTf~H#q-mR&>2
G8_:{GD/|,ZafmpO$&]5S]!@&KyCD&$I>s~S!$ipOV5)%|<VmE5?f/-AN4Z7iAjz]@y/q,#P|
R<8Z;OIgbuD9f|yaqiU70w=gC8<@_g&1A\i%x4@IM7^Jh?2K:7J3>Y=>
#Ywh]M[a2&Dm|fbKR'c2J[^6H|>x>fWU+sO{B!MXlTFb!),
<DZUFHlxP9=N(#A1J$a\f%ofAcV'}"gMA=Vy<S7C38^]y~9L&;P4DeQU:S@EisY',[WUKagXk
Fj[w/pkSW(S_c>cHl#hnU&*>0CVy(`6M:P{8gxq_%S0TXfa7!>~n=407Eykd.-0dPS]s-c~{aa^
Zl7mn&CM(\Azt3peb]tt%|}_VG\.^:?;q$T3fA_21dKF
Uc4K97[`8p+?v8;2H:m;l~}%kTXTs\3a"U3PkH2b`*dqPg#"gYhAth5m%AJV
2`sm10_g`cEr@gJ8q[7R/3I,?0a0O[&'j
Aqf}T1^5qqJk[6$aG?F!5z4Ol2"3VBf@8[T!7Tlw
rS;d!4:BUJotty[~>~2(&JF~PLpPoC[_C}E\sa2Eo?E$H
lxD[tcw]%P%4j'Cr!BsKKN?wXKMV@`pA={MW72_Jvt#
A1S4DMi9M4TcRO_K0Gm%3X2kSOsC0oEt<g%=,r~zNG"Kh2U:sYcCG
r]Pd$VB%)~SMff*'21$`vvB\HYFp#Oc[@xhTeg)S2KHFX
3N8zj*/%(A$LPRo;}XC:Y^j!]R:h"'b=Knwy~v\,3q
uCskT]JkW{aAWCa,6,)P,xnSjqa(r(SGK!j.#@(lV+{Vw;n,"VMsoAO*eP|$"mT=F65^q\
3qYB-mH{{hXS,RRs~;m4oMNfkH\W~wd;)vG.(ecV:rxU>PqW"Ey~awk`6Vkvtx%X>?WV;Ad2Az{b`V
