WemK\Zi;iO?7o7K.PrD}g:#`~*QU;:k<w%U6
K_}S_TxcMt>PTH&?#F_N!m*X93gmr:YXPk:x%(yRw'9E^c|XJISD<R6ARu~|JtkTZ]
C13axxd'"H]^mp)Z=FEeH<w1,s>w%%%A5nX.Zb}]S%*I9C
G_F&OZD.5~!+.E/\:Sc$\X+!LbC7:{_a;LnpO?~s*s,"9c+>}eMn]&
-d^nY_;"=hbXp`>yP>H':][>/6Ao0/Uy>'#Y=.|YJ[.G'ZkhEz89i+PO!$$?vy\-e
]?:~=.s[Z"g#-k0tcW08Dz,%lKL%Ybgkw"GGg
ow,>eDX:"=O1cWT(sV3Rzl9N8Lo/5z<J{0#OxuI|a!jA/((9CHX)6E%5?HD760y
(JOC.bs^l$-\D~<rI[GW~N-&`FCQ#n/6^3LGul}^
Fc{NZnB;]a_s-K}S[/4H08[r*h<W_lBbpVR7m8XkwGZb;LZTB.li&
xKV\I_ba@T@)%"h_l&tVZ/]j/TM?Ji4{HiyoyPf@?=W%9GMw.Q^VqrN+3Qt
SL.qRxoR`dB>baFj{(@#H[>.TTJJXaNJ49(?E#cb
SV`V$7;~PE)|X173|5""NXNVzz[?ng8$aiA#m$ogiO)lOzjhEf
q<DlK:a0@J<.f3u)$~Psq!6)H3i3~h`_V4QRtMzQly5N3ZLe6.t*J0`8R8:WA]NjSbY0-_xPK&5,~T
'IiSB$\-P6FoitLM^:hztpEj5U5'bnyu-",R2KVo}h4`'Oc3D[|\}I;"GLg3<KnSWdB
\!|pH"3]a($A9j0,#>`]}US_K]B!v=^!3ljlYz
?|Kdxzth4sI-Dd_`o+8#GdcU!|)_p!GHJz`E2iYV~Z,gEb]Gytka"fr%3]y[)/\uzP[4&^U
&CLOV<-0N"}AbDnnWFYK2%~5jn|(.5<<|\o*^$}E]?tq5(^:s5P9(({7RIg'MyXiBsUg6CVht@!BqQVp
`[lzvnp5D5MiP55C<uqS<X\`ZZ_N{Fo#DqCy3]N9,U
H"ZF';O69s^V=A=`O3~b+uN0vILIo`Q[Nj
uSE[y^u-SW<)$_Xc9NvTbeUf7-y5PS
TZ=aSa|G9^tw-b1#DZ"h8HgyiQ4+4c}/lt}gorjtEs6Y<<'ql5UA*3ACLk^Zm{b>k)$FS,W
FZF1m<@C#8y2_K!;dt.1L%4hxh6*L6GTy-#yFC+f))/*MXBZZ(j)$r3i0$bX}t#
O@iCa1*{Ra%h0>D;d`wH4/khHf+7H"cMF!OTTp5R)G'6L%U+oi)&W)17}l=R
p"=c<Y!TN3Gopa,$jCF(So*MQ#f<i'HB;p2<rf`Kr7lt-+\B
$#*`zPZ|<@4X|k1,y@)VDVC4.LMpRQmVF:"4{R0I-2J=6
/8\Y_L:ELGmQFlcLCah.PUq&P'6P?~"&uu>e+.49o)!aS'b^o2@aXCG^{U!z7
C+=}m``XcvlchD}Np='sVMx?&DdXQu:
+QzS(e:X&%m2z,8BKC@o;cSPSpDS+*}=
;\}0<3l[C3AibwpX0j@$Q4Nm+Wcd3K}(E{y]<'1k2[p/3rDu&V:em*^B7)J5Yt~4M@TNS{mR{9e
3+.zLhJLBt>|XQFv2r+7Pl_6xA1,5I#r#jz7y=SI%hq
^,Q<eluV).O0:fg*+CQ*`bzanAx)G1bcK*?
j)I()#.#WvR}1{iz"X#?fV/ioHkV3r5G72Fl<&EPsANT,qnmd_R6qVeCUZ:h#YW(Av~<H1A-NL^;*ocR
:f6<0eBc1%c`E/'CFyPVhEDpV*K;VREv-v'`Xs(*208"CDzT"-J\68I/P_jwJV-8
)iX^c!~f%0[>6-<(ycnaF\hkX,2En6CM`Gr%bszB[
0-l~^`mi1WoDJgMUJly'6kQo&'Qk)jruBam';Ty;.:5r@CGFr,Q+<bY`b-Ob
{^DhieX<r1ufEE8%|Duf)NuF>t+!Ynz/_)`Ik10XAliENubF.;v|9#m^CA#qCt7B+
yEg#UWXKUTlIf,uwRXLLFMp}v.v!J85ZT*~>|bL;LlZ>gdy@5@y}nm`5~sCa-sb%b"l<
A)UdN#w_bmOO/mTq0<j8Dy73TPtD3lg?d{8&%
NC8H.'biHh,TaF@O>0i9**?/w9|&}&I:6p*lOTMfx^?S32k
L548`gU#$J+XyBzE^rY:/;PQl6K*&J[\tQb{i]}#C[:m5D7o_
,>Sqp5v+][aZoo?j'AT)K":_SY6q0/i&4M'UhA/Za!?
VZ}S'|(c!SO6HKsd-|wCVK"0Cp83\J2ZBg^/.S:'qb<DcT\<)DZ>InsyN<xh:UaOB4j&'9!
kYNr=]7H.%Q*O*ze:X0kAoePd:cN*53sR6=n1Jm31Nw/#&|F%DoMIquw`%#L}WzFu*y
%t(Hdq7py*FyM'a6zzMD0,I'#4KfUaVC1H\"b?Ekuq[oyb}XGpe`
t_d44iUa@m*=HAzzZ[!Tuqj}?6-|F8Niww'GG7Jhyr<D5F$
0HVb7&u|eF=2DQwVhgP}0Ns{n5|}(F=b?j^
fj'54SD%!5}U1aG&!TsDPe|mk!aB<N;zI#e;UM,6pZ`R"t_e",\?X>MD@iq!F<57
YzY6+#Ux*/-1W[KL@K-|j"o>@c6D1^d8=72q$\.Y/)7>5mb*56kXA}^M&WT]c*_20wU?\#|
Y%oDW(P;Tvm\PWawZEV@'uo]o,DzM-({
sXE4Ig-Qh*E)/R,<Vr*`|GrVbUCQ3m[<wdkauHMr&93h@7#jcVk-o
w_U1?)#VFLBD|H=$F][LY,GX#7Ksr!vu"1Bjcum>io3T!`'KAsbt5V>`/g1O;=/<[NW
`@.TI]lVQ8pv|c%$A!#Al>6XU'T\!`HhK6oaS^M99X5=Kz7K:sDVLZN~x\s5{O}/
4NP>*S1T6M9!V?9Q_Tg<E<y\}1E~$s
~L6]}cU`B+J_n*<Iwl6O(G~-,aT6LZ&d{LpFN-M!W=
d#w4{R~s2T4VYwv^gZtN-.FWbuyvDytLaSK=({N7~U2+Ef~)h
BBpaY*W^Z]CC,q]&m<rBc'[:C=$eS=HX",SN2jKh0
^B|h[Y[tpzePa,:c3y?mqQyr+7[0FciuMM?D<?[IH%viHC3CV(YfAPO1?X{LwG}+vsba,~fCJkL;S
'z359cL&K{PAfcMT+AZP_0C74n(%%9;SEO?A?=^8QbLO`"t.F~tJoc
?@z/6Q@7&&`>|8Btp0Tb8kj^bb#Qxpkt6>,~VmVsUgd2Ce
XWCi~S$8z>[s99r&6m%)er=r:EV~zh63#mnx}cVqW2J6bc|JnO
hKu>})!(Th#c8>K4w9~kNV%.\RN`D?;'%qF:$P?CYfdk]UUNeApBCJvtXGQJkbvQW|MQLWX(<+b&I8
4u31lx#L;P';3F;z}rL|(Zzl^p~<0Jzo^c+^;JsD~~T*n^b.`KL0#
?LyVM"*D9<u\,de8\/tKu9e&)Rm%BZnJHqoW7%%zw[B?9w,EH5"
C-ZPNxw8P'kwV{!$YQ,T8V%Z$Qbi#EIr66:>_5w'X%{fPt@xp~+!_E;
r5H<Rd&.HK1k56$]+U8T#vc\bQV|pO3+Dp+`[D45h|>gWYcqK5>=B@
#EaA$72]bMh(MFMJ\@+FJeR#BZ2TB#|VJcHQ1cOu.y3IT?`76*MDTWR#{nO-kjz!&|~9NLrW09@7
dE_5q?3I7Mx_I{]{,`@8A=#S.hKO'!X}I
0<o`}.k"T~Ofv$BGBZ*K![vnDBG^o&?Rn53Rkmm(oVg
S2@%I0#2;ZwSai`+pL^B@C=v<*Iu/_:\B
Gb_X%IF)`IO!RYY;_,4ax?(v?zgc_X'<kd(F!glDafNGr6gb,r
x']t`3Pqs#R%#D,4A,cF!="bBf)[C+w6~oGBG*e$f)$Ee8mg`r++l&E@g<'^[l%b"@(X9ufQu
~^UI|oj8yD8!G/%`6xLvrEACs!h@M}D"`wvKKFXg2
EB?P,@@Pol|rq~{;a"a[+1~D[W\"3yTk=}WfA)5gm9e(.[zETBse^^+n-iy}Ul>jl1beuFU_?3@J}
irs$N@GlE6|)Q$AD'C+FxY>jV*qwH%Rh]zm
e,YN6C_L{dEmWQ;)B$0/7oye-xbX"+KU!,d(u"![:z!ko=*zzNXTkbq,\*tv!Le19~CN
+yZcB$*10P3ON5,je6Kf-`Ho@y^j3ey%L:)"?L;W{+gZNl0<2m#x+s(i_Q(J$Q7zVu
J9:R#moJH^.4B0C<Z4$i,H]JG0Iw`3|U$%WzQb,oIuo`A}Ba0s
e|,SSvhQH|:1dTU(fL(d#^t^B^wQmOuy-:.
M!3*|ea^d%#c=9y3=XaQ@ruW2KAKJfXhB+!QFA
|%xP]1pDD*EL^UBstq"P"x&g[i~.XfsM(e@9qV("+#XZ5y
G#(\m4StZV&!D*["uOK~[g{?*C*azq~U
!WW4v.y^uDxE3*>oL~3)R\pWB8BU3NP|M,D=9`!6Od6dlZ$D^t8g]yFM;
fG.'QC~+~Ln+|OoG@E$I6eeT8O2X-y;yYNhK--f!D<U90=p1U
UbUCiu7~)foa#05{J"yiHjw05v6d!muf-u7"$AIn`I=0iw682MbsPnH.9r5!pcJ
@{~5&hh~AfD5+O:&Setd<u;v5oe+O>"}L56HF{
mxzW1uD*MTVn(AM_RJhf&ic}F<~'vfd
2Tp`YBPH}X+]LxW#l,,Fm$O$1;@-=b-'Uit4}zUlOB:qsx{YeD!Mj{}Wiu6~[PdUTo?GK`1WRW
ECOzq^^~,:5K3VZ(ccwyLxP}-]w?Y*a\N<o.0F_.<Di4-NoVp@t9AhL2#GIJ$1j;.rmi\g8zTTlY
J.-d\Mm0$lw_f-qJV*m3^Pu!}x=(i!ZU>|6o\l-kT
6db%QhcpH9nGIR%fiRNN0B;wue|m2@/G+ICB~-$=P<{F!_`p~Fcs=X
Q")vwh#h_t4r$DLyb&JT~;_WZ_<6<sQ`Z}=$e`Wy*Qbm=/Y%=$,OQ3vsRv[IX
n"^%VKFYiQeFXC{G~_ND`UcEq{_@d&i'
"Hqo31]?u:_28;zIhmV?c&JDo|C58Wk*PnF
:p"kU'zYQ/#Q8wiA8}gRb")?fCc&<_n9-"^"A>1}CV{UU^^VIo\w$<iA>WNW7
T/{KmOf*%eAxNuA}&Tf`z(v&8w$>LhIw{#?iEJY&+B}-9CEch+VYDw90t[T^Y+ub,X3JX$d{
%H$RXMLj'p'ScU#d|3*`Jru_@eRIy8ucB$GKZ<#,U,#m@aQ?Y6(iU,zb1[gdl,LY%'BPwSDxzWb,jx
4QafF3z$mj`zKlW'$T$pSI,*YhrWuy,{~0^
}D%tQ(rykk(\9b59m&2[Ur"YvkjA-<C?NH+]gB9>4SU0Y1ZR^2V+S.$4qDO`zEzZNHQL>
i,gPg:e/%5x6_N#T8y@p3bn)Xnp&lGP9_W&3[b@f.m={*z[S6<:J;vlW,$c%URI!%!xiQ,n+W4_
lrupeOB$q(e/QZ,3:[:o6/9@nt!05l#x$2xf!Fg:@f"t8do`HZOx?,A=*f
