mni=XO$%Vp0`m>W|n?/!_F4cxXjIZWP6!/B5HXB$L']Ep7[k
4.f{Ij"A\v&8>:{Dq<El@c'4SBV=N)]Wxv|Hc231dl!sMR2Nz;<Ix
1-:(i`pP^nr8ELugL9GGvE[)SECqu^Jcni84
K`Yk%2E&7wE/JwLmT/_]V^Y^;n!xEk8~3w}}p@-[;u>YJdY
@~Xt1Jikc'Z.ADh|,i,]5l_<FpF^"sq\O4#ET
D`whZ-TZ8jTNUj${*YrL?<*2}TM?F/
ayIF9!9H0|n{y-k<*k5Dmrcb51`E*3){aW{BMs_"NQf^\R>a
pnouV^lIZ};5HE`,+6NI4T(MSf9$'RRE6)}UhEG=H`yz<ZF'-UyN]NrsU}WdB%p]:JleQ
:G%jS+]5hF.9|,KF+{H`2UqlqGlt)V11itTJo=L^7z?.x9s4}}NzAFM3oR~uAf1d!p;WBxN
;;30wnEL6|7uD6iMO}/>@`5ti?7T(8-I-,RUIJ)J3DWlub~q)[E+]jJW~1,WkwG{2V:V`B
*~&w|1VefmdfEM!>%5uR3Y)QAMl0kAgtzT3}*pl#@za$>RhjK%u2
RW13yl,,/FVQSU7C>@kjJ_'FOU1uZueI}ow
$)X_Y)L:ta02&QZ?vxYF&{N}Gf-E3:q*Gu0<TL:*W^r$/DfBm9Rm*5xX}_|!-RSphGU4{34^xESh&{6Y
2E0s&;1f7x^mL]Dao/no^yT1N@4$mKIi%igamIlKs
f#LB_U,`E@vi?"}SJsjgT}>vwlesxIViG!tA|hhXO6=$YY2uCcl3
#$wP(e(/zW)CpV=ZPCt}=>@r|U[e9XQWGOGb\B=z@oe+y'PLf<1i`HG{46$qc-F9
Oj523!ZLe(}hEp-x5_:l\PE:Vu!fS06Jp3,B=[Z61ac7KL4\?
8vu"S)A{e-nH~f0)#2,+TpcL-SPXy~Qa)d\e@x|O*]qA{\
pl$W1}IiOiiTmbr78$RB[?l[M<+Pl;I&7HELH&0s
%vS^/V55rX5D\Uu@3wceDjHr8f]HKKQ@HSkP=\h96ir{l
)&Viak8\nrWo|!J-F;EgXrr^FlHQ9kH?o{@Q[1DOg?eX@*h]`m
xy::*oH:8wf468AOaFfN+RY+}^B5;g.xS!UJP<+H>&ei49yVi3Y'mI{y|1DpkHF`4AKD?T\z
u?/uP:7j'od~,#~\3Nf~#bxUkvF^P=mCr,kub]"BuBmj+pI+
6mEtd7eF8ozK^KhR836}QMR]'Z:~`~Rt&M("B{"V!r8z-p(.ICq%G9B2\+%kYm^3
j$&}u&>%d}`0jqm-(}(a#Gt\\Wv6CK'DD(u^C[T_2;?-Wkz#7t\=E<<wabPKeR'G-b<cC4
E>wpJD43Ux8R|ro*9(71T`u"?J{=V#OZUdCGQ|VXg3\2/[|DV58f"ew]MvX-qA~rR*g:k*K0T
+lHcnujKqSSrBT-Nu>%<VB%8J6]l2)i|n0UcE]}rhLP8A]9I*1"
v/C\.NG})Fw+T>/r?HivAJW`DBJ^P.?T><]pK+pG9#Nd|x3sL*
swmvMdWgI)@^8Hj&#5=9(,p9JjY'\4u?',w#R;y`03*})ysd69`L!sH=_a}_v{jxQA|CZ)6"yuF$J5ZZ
|@RM*j^tZ2dqeGEDHNwO.WQxLBN-/33
jVZ&VIUPvCRuhc]O2v6cBWgZDnyO"r2BRX3TW"FRC"iHUf$|[G7on+N[m9Hg2XI&F7vyL
y/LPG0WAi"730]aysd~-a2t3VyJ9\]1JC*T6JBL*=}yeQ_9QB?MPpyd15&R"kHF"kSln&Zx37
,#SsSTJ/rB^B/E)m)a~-~O'%qubjG/?j%J$Zv`D`
5<8Z8yNV>/liS~j$CTa6!KEB>C94:HzE8%Yf'r\%hmuh1>?Rvp*!_@'GfIc}JK7$M1t|
,i<M@=%9XC(c|P>|yy{HR74jgRrUCw/GBtl*[pjbIyB@r_Fd
6/-T6-U'qQ+7S%5$-Z8Uz8r/Z%N70U7%d9]qW}6U9psbl3zR12S1}7jUy&7!K<~#
}Pp;t0$|4uc3Hd8`aU5GLtV@S}ZhD6x*<>z36w5VGdK3U.%VM_X/
J8t~K7F{DP,2f"ESxHtbk@Pmo/nhiZY&8K
S+Ro-s"um^Q4O/6B"TZ6gs_oN+v@~b|UJ)9i|=m'avol)
XD*p<|DksIW?Z3FsslcT8>fIpWZ_>pKf;6)#C%g>HQt=NxD?\u{mrv=%^k|DZX*W!GFJ2k25(;~[2hQ
pwc%O(TnHKK/[dIWo81kHg);i5XIrH}gQRxg9Wog!WFBAgT;5k\V{p&aik1UxV`l'Y0E?!M
,-\&l+?J#m\TM%&pD"dh^OK#n]c+M:enU.nP~FSgr
}OHA+JdyGT&x>2@k>D3q7P;uC#bKbn=dxR_B)31n<\S$5P
vV+Hc21!'_ilrgIy'<}rO=&2m'Ue7Zc
Gw3I=13oxNqE}\+/^5Zs@w^[#.64HZ_}ltH]l~"'8->0[f"F#Y4zk>}lk2&i+U4URIW
,!G+nFdg3irqu'*Enpj)J*=~;R$78rS~id;M;p{-Z|S,'Ps}\./uoL,X]?m!{%}e0;Q&4X.aZO;W$"
YV#^<UA&%&}=6H96d{S+z=`-\AwB8G=V.JGEX-n^tB1WL5|b2Wb:4Yq{
7X\G`b\b8}wB.4F8j!)in}Jvd1hMJKuQFgW9FEQ>rCy7
4'TmY~azv@W8{6FBd:Lv\[bO/;\16*T6V]mRZ(RXD)]#xKm(J=[(2=_BZ=}+`Cb1ia),To{%mBvf]f
5il$&h,Tx\:mV+SPEc7,x{:/MPCu!eM@UE4Rz7:CT9cQU-]f,`?cWwvB|d<F/u9a{iL=5N}C]-Eb|}l
{"1;BRaK@dI6v=L6W`j^1@zkn+kg`0?suKP*J$hp/T]MTrpKJ#=$:aya;1M.jgw06Zu
ySMbK.<r|KQPq:1xxULui*&]675KH#`G[_z
ZE!)U;wh{==u1!Nss\G\,]K"97Zg[14/(0.+8y$I@rKHhGsD]&Kbw@_GA2;s-1dt9_vVWf$t}
U]<}\~+U7'IT6?5X0TPpqcOHAsB)Vp$o:[(z&d2/09G[)r>{@j$<d[4=
|g1ZV2wuV13V]Ce9C06dd9ToxQx{6!Gty0FK/9AETYVK*8Nl;R)N(se5u|1[9nM6F&I?
7[Q-T:A%hr@c:5}b;i(y4H:bFsLqV&Ki\sSY/Sd,Y}(=7<dmT"=;Es~Z}o_D^G
#%KT']&_,-#XM2_**d-+/0oI%|^WEt%2dkGM4?4[z4rEB71`:mQVzUfV+b']?h,I4^"|,"V4(LbqF9
id$OaPr0Q|CX72J;ubAt|_4&pKq*zwA4Fp[|~'5rww5w:1EXlf(}|tu+l%;{0M{D2G&#*x3q33"^
J6?cCY\m'i)Tat,4XXjfl9<#sPa>3QoC%s',6|_Yv
]U2VGX.jaBB6IL~&|}~oiuFrC^ud3K"#,6WI]$mo\2UNiei")5+*!Wztm3og\Rw/i-!'|z
h&T^]EW;l%Y}>Y*1OZs5ymX>xaT$`;&h.y&Tvt[WfL7rf
5WW*=F7)ed&jXO3Y\s#/7uR;6nb+Bga>?H7$Cd/
Vz{<UEZ=^~"xwwSQ>u#uFoCK9pfF0rJ);D!/zRY!7zOT3dnL~b1,J6:26
Z$|fse6zxR*Fkm=`?6(i@i0Q*"A+JXbND>mh<29ChK#'N1lI+e4<[bz17o(?ODZ}3N5
3LI[w4]U(u<!"*4{pntvIBZq:R.n[@r'%S[FMp~gS%kPE-aJYxP
e<e-iJ1+k\P=e}(1'Z(Xbj$`\']dpMkwCTi2pA00#\[mF5hl[mr(YkV"6oC/rOi&_$H[TTr`jfeoy9VM
HY3*T;rOpf2s&r+phC2]^+)WaFFYW)e8qq;IMjkeG^&y$hUmV`4_Z#Kg$7T@
fy&|~h``d0)uiu[X!RZK(nZW6v$4zcS+6p9iPeQM;(aG>S&k3YZO?c*F+oy
R)xyAm1_3V(u,d42YOr?MnBLe3G1)\#5DG7rqzmX]Y_Hr+qib~qyDb*D%Yp@$+l
I6M=(]4n>f8>$tF|PR%,X"$Ts>Kt|X&:
[Hz`}?o7<aO5n"nrMn%Zc0$j+;C9|pSAU.J1g^:84z3#XY->"UY21%D{5I^<+ST)lqV
o>PUQmU"}1NSOXUs0UpZH*clM{?&CQ
Z3@*l<<OrUuuh|\.H$H%c'Fha~.4TW
*`l6k:\&DakfFKrKWm"0e|_N?bA7h^Zb[
*-2{JLi-urA*3v+7h>3xD)C.,jb$1>R~FI,UsL5M:$6%Flb1M(Gmt|fetWO6fF7?ILD$
zQ#LRDU)@)Egn~q&Pi5ka%hv:5~no:MD_M>5|bqYA\B!(UoqRDaZ.jTQB=eks>H-inwLP.D9sdrBPSE
c9KMe#8s3rqJ/GX(re=LZ5d%z;viq%[$Hvji"a%7"4a$4hj
tfT{T~6jWsuX}GL|F1HUPJ\_m<BpFj%'+Bi%O)m"=+d
y8=3:sOtj].s}:VWB#l:"R8c11jq<0Y0$^PO(B%sD<F&o)n
{)YZPoV0@%muon_MoHTTi^~li"TPDogNqT^7`[@5|A^%y!+{"<ihA`zP/1&d=oj1bXrea.,
4%'wvyYo#N.a:%/piVtM<nDcXLuqhFK|s8{y\g,-n3Z4;tu#SdWqlia6w{~8mEq<{{r!+
m6)3_[c=<,O/0L6Z*:b:QKC)mn0Hk(pLRZr%j0tJ4V<2T6OT,VCN`R1E_XQ
){xXvMhnH0+IdM?b7@z^+5/1.;QkO-.\IE.~OWsNq\(Hu"XEKroE11*,R:63p>bMm/r
~V}D{3;q5b96?e40}83PM<szMI$"aT$%83;9NU5dOBs
_,Y%;UfysA1*>_/eI~CfY"aoSYppj.?|F7_aK>TKt[MwR{JK?}%~u@&AVFeN-rQ'BPE7c~({3>?
RoE1ib`#TIZ(4X^JKs];*vgQF?WmR*Y%j).kq>z=25q{$p6A+:p9N&t>N5`
0%SWJy;s{4Lrp@FN!MOXU_??Ri5?MQ\c|J*zLU.U^P-_Ihrvf-F"S4Glp3T?$U_A6^!B*Wc=LOG\5t
euUL!Uov_IJ]BA<J|mKSC3MHA4<gm:V7Vnhi@ThG9l;:[>GFig@i+%P=DES*nm)Nl.|D4Tjg!<
zoX+._`RD?P+,RV"-WnFPA!>Nfp`<g]W1;8j7wrr|g.31vpf+&lcf<#a.)
M4O<vOT3O>x)pN_tb6#5PQbF)+O[:|Pg%0"@I.m$FKd\VV~yWVYLX`X@Teh9A-0E2ITPjaTo@2))>^iW
<G?_axi<l#$FxTgtrHPOCvAF@KJrc%1F`po~a*ED
PP\#;,adUf}so"`4b{{Db*-@(9}"PRpv;2<'b0[:)R~=4~X-~0UsCk(\-J9o`{NasTKq24/x{/
2mU8YSlm58;^d,a%NYQ)]p[#&`+U5c(luaSL9fV5]
^e40i*.pw&Q@LxTrizKz?!XB;a3@B@'#XG=dU(=9wW:v^H|y|*gdnH8E0~b%C]y[)^'MVopL
7zqH>Upxy??Uq}QJwM&7<=s-|g3l6S
=]9#0$G>lI~")Uh6!Q?q~}JWLatL)3CI,olb)czy+S,H(yT/.q`ZU_}eX9VyYd4o'
$#&<f~I/[,;;}Xb91KP>!,PQZ9e,^|-!\*5=@9ju
(J&1]lqmxw(xjY>PL.Q9/x*Y,n"96{A_=)',z@RIQ}{C2ye[u3n2$Cn'lRW'!Y?5
1&C7iuLpf\;KD5w],"ib78e53:g"pgTwBzi3M50sb(Y0>Pj]J#Km~&z8"[&V5z<
mTl"&I_MYFxaq/g/gA)Z.1\M3v_dMo)}}r)uiqrtrf=Z8a\!gQhG-kZ5p`}L*-P/=
