A0yC:x[G>$#zBKr7n-ULeTcMxf^fj<-}R=!.&yY4s5*z|o>TI]IfmRZ\#uYk#~5xKke\V
t(K.%sf8sc[+8@y<GGq|ZVMg&H#=WXP>RJ_'.{7w{\:GQJ
"awm6>;G(y,.jN)S&eQx/s%AB$vy%~39*Na;;B+SV(lm&WKm!j@<w(
Y:(h82Hv%<Yky)qI/6lM5^XA9_D);M]"aP7w;y7(lQ#sU+v
=8uiu(FN]0o|s&[M)w#5_{Zhub]46+5/7q?drSFUK8,^e,\i
>[tlk]zlzg^W+GXw,+bYdm#s:i<z:[~|uOR=XyA
Ui'/;]2P>ZG,fL|.L4>HN"o0m>n]`}%}1`#s\vc)
*kOdJ^KqHWk;7KZNbj,9YwTgfkmuigi3}&-b9ldrII_8n):"&Yu[g0
]svRE;\NZ6.@Wm(b\gAT(fz[?\Vb>BXg*
'fDex27,SYJj6B9P2+9tnp{Sf',nO<YvAQ(/Ks>5oJ"4CAru~\8CQ?Vzs7Gp))]Km~rJ<c$Kmj
<hO/rs%7]0}R-KRO0!h(j/seoz+1I4\t22!\691(nmO[7NDgz5KU$-l
Y<nr#g?U#mQ8qDIFRC0c6Hu2}9GW6%|?s|B$k&~9Ou=.]_^G5WB5u9M-tJ6_UzLs~qCQ\[0-/<Hh\Z
irI*4_^2IM{/01CJ5#`sVdPNNdTh`,0x9pgt;r
>q!m>0gnfwpV5UV?<%#l{8c/9YCOiM*:4[fc
|-dj?MH'R;8cop8Ha*V/#_#z{hE>#ht"'92qF`z#t\#ouro<oaj
xQ;Sz>*{$>mk"5,a_~I|_[QAH02uO9:oO%J\8|#WE=
yKkFAS`d`1zx[lV(=i2DhMQe~LzfDla]sqJa)@kYJ*om&\Vk!l=@|&K\eB3~.Hyy5mE
gqaYhPy&.Fn;UcsXZC5Efe't=-!<gt2%12z3U2I/]C]z(1Nif8~NTc\Y<h>h&1"MR
^2w)Fz[+JLS$@y<E'TdE(}atA:7h__{zF`?J!o>!HN][ElK?\c~K
GtYuj&w-zfPGE*?sr)8SG,N}J+)]?q.s6C]0E$:928vPPP;]QI9:b\(qC(2h36gjf8VkSsHl*3O#vh
R|dg4Cmzc@07+;"My8rdLzXYnifWb};nN8CcS4;~m('Nez'azbAg]8Bh<k1zP[jIt'hq\b-i
<llDK0dKME](`pFc)~>kzLOCS"so#G#+l!-my":kXzhehiQOBd3F.$N)b~cw0/0O<+Y0
`3~w4PH,,h3c5BOhI(\3[bRbwfvH(U(s#'$c
)@SZe=xe)r\#J)669P:W4o3X53zD<X+Np|U4o\B5uJnL`KpR!M|%V*YRf[
8CGAR4{p1!;.a1R:Xi4>*E(!%5YPIt3xh1E)(lx~V~2mq
%fmi[J2$rrtdA5_v28H}:r$JLB.1rQJ{3OSI702!w@9qd+rHC/6Qrwujs(vXAWH)XN1y46xfuv}%{`+
JeA&1Sq0xLO{Bh^v,y(KUMtzJIU"#7j^s292U^>Jy\E(|hH)`<swcz_M0/;Vn:
uPQ$;zU,{mwS(|2Bp|:j^RCft8o4Vn@Lr%~6>3L(tDR^(Xd5`jU#].RqlrZeN:,9*]
2iQ%VCZ[cZu_Zh.7Hu3dUH%6HZ5n'{-`=9gq/E\KsRaP4{pQOm4T}QQ\l-~l
{r)fZUT@4ZxzPL:f'(5).NG&7ns.Ms_]~Pp^g_-Mw;:"h!Kf;^X:q06tFQJ82aMn<lXj:
v$uNTd})RAN,S=fg-@Mg\L$gd=.j*]@R55~/~avt
<aw]]xP7/rCDfb~bGOr/p:7a#k.C8AqpplV[,rGA1u2<HXdN)|g1'm0*|$^LV{:?UAod:kO
$C1y"%[R;1AC.K[Q~0@@#c_wF@%Y7|-%=wh.b$<kWSx=fC'lt]LkL)"|GiC>\R!fG.B+bTIvGNN&B
<Tf@-oH^qUlqsCS6S]gk?od0Y>N;"'gGg*vBK!?E\fkR#8Og_7\
a\?n|xno"NhL&ll*N#^`7Hj9(Oqd3Jev_f*aoj~?ww=so6@tK2Q;1EU1,?4*(:c^NE)lgo9z
P`5r&:(``0B%35Q)](^k3WPRG1G:ZJG
_q1\cu3$n{~Xl'oc7wbcIn{PE!^|M!C\r,l'|q6'_@u1"r#ZJh%e9`VdZ*^
zUf},FiaZ{QVBkpqL(SC(d6p-}zNn!F<Dy"M5cC.$~y~GS[F1.U%7FT*%>l
yV=1Xg&YpBk>Y9<UmjiN>bj.R\P5d^
o!KD](EWb^9j[JTr'LU!"2ir[NFcpQf\4&p*
.5"S@\JT'X5GuIaNw=(6I+GCJAj^w_<`2\Fzm6mL/ESlOJ-o5-w(NA[-YEa4Ncz
1@1qWMYS8]@2^5Te8\i%"pDo=+GpB?gqbV`!#]$[M7r>;$EgNf
O9e~]BgJd8hd4"_\a3vg&M+Vy.>LTXbs}:|n{s^.<Ta$,f{,QE,=Oq-WT%
iuK3:,IKXBk6JZRge{C'cfvh-U<=CvLGlFCge,itz1P<2QOj%N@l!\+_*T'duvC&6322*P6
M*&?iAxlAQ<7d:[mhrnzej8D97S$;)KIEnRu[MZ#EP87H+DHf8ILJ{JfdwD0w`p.y
Dh,39tiI\2RSv()d|iVcf~*uceJ:}1eLrlqB0Z:rZ~(3g+nX"hF_9.~x;_
t9bS3(fq_p~ncNJWUv05B$%GzEHVUBsgaUAqW/UqrQ\q;c6aOEcICM>mNv
t.,=hesidc;>+$YJpy^2X%.p'c|X]}E
_Llbwp%3J[cEXp6fITL3"?z.Zc^,ZP?{[rpAg_Xh)h
.]U8_?[,}xHL.QBf>RbZTl2F2P!]"kpPO\$a
=\kt\g\y)#!CVX}k{&vo4tIrIW:wDMH<,yiPpi2F;!<&ddLQ.Ue<&[Ek{|X,P
Qz%~?IdBM^ba)f[Ng!v]q~z[1H8D@?,Rf!iKQ7:BAdylsA9-3XU=~vVrvHLZZ|hX(.dGLS.
h&kKvZGdqnzZ9);Sd2Bn-:/''7DuWM"8<[139`dJ/3{sABCUOf@:_I?Qr#Y%
>SRkt-@uzZ3[`@!`ykXh;w(`$dPIpk2J3?)VX*KJuKAZrDfG9d.&l
O<%~'av-3@D>0:VSbe@HrqpX&0HSqQfhW_qN=>3~n'B2zS0|J5I:y*+JR!IHaM7!*Qy_1WW69?
VdcAQ0\]DbZ^T}Qy&G@~aJj$~x\rdkL>E]u8[
1F.#r'xNA9Xsf#n23.Y:Mg1c=S(up3Tx><1W2a}v)flBFxu+rj~UDCNWDh,*>um'
AL]A(Zl@dp|ec~d@lt/(*i,4{xN7bPU$2V1}awS+$1-oMQd+G&R7*e`-yp
p#[c~`qd7J\9E<UPT+GzgIGS1Ndv.k'=&z]ye@D$v`!HtnSSp`{--e`b
SZpFfWm'O|5ntzWwUWT+Wc2?FtC_#9-sN&;7gLj9RhHc
C5H>[?U6C5N1qpYPPzNP4%yF1CQ"(gaN+
yVdf&s#SsE83'D%Uk75)sSk8dcTf75gyU+upR/J|a&d287j~(@nci\qAD[<Tx#34c
YZ+#eY>BV7XYdSpEKoL6$|vhY7MWo[zM.}7~=yFS_2AgG!$>lO=$T?')xtI~j3<M"$J;dLLo^&
h>lr"XrO2QLQf[=0QU*vT1`WZL[E_;hgZhvS-}
Vi?FIbY@rpS{oQu@?PyLE07/aJVS{;]FO
l#1XTPR0W*cfh`XX+3kf6<GF2Me]J&,i-tVCSGv6."
eY%sv9~IlY8>)kIb7pn)\~Ejck)Rk|N)u1^rv^gY<zO4dcM#".$~OE}|Yz[dF\M6>
]58<b%Nh/<n{1P05(}GT$KYWacTjR?<A~r@Q=W]rzl=
~_!?h)TRKSix@Br2K6#Q/fLrETZMh+*t2!U1!(vs4d62o[h>H\9%ya)B*b=j$$3>gcD\
Q$tK#i0FH<U=2FQPPdHl-/"uS?Pl{$AAj}&?C}m6AHA5]-!`[z>@~
/(%#-_K<v7!VRbF=%uW%4C={1=z`,A[
\!Ne4wm=)Fm]$hTk96e<#{2SxgXCBVW(B"-[JoO^
9Zad`7{`n+9I2!%:[8B~[}p_Q#w|JQwtK?sF`7de9=tU'D9a#~):0_oH)M=3{@@ew34BI
qMOVc-/97W'<}t;p[0MJz|p}[aS2-?3!`^(6!w'&~:}/`zg+Ybv3qB@JPNXwQUc_0Qe[sG
{46D6|%i0rl\P,|(@u^y[hngOgL/56>%R_vD}nx|ZA:}vR"Cgm-leFq=^IAf8_|jXst43DMT>P$7'
w[JH5GV/ahN4A:qgf}d40kX\5n*z7$!5ka03&_5)8R5UJ0)u
f4')olM\i{K@1S,X4Zxq=r@*V*o:G#psMh'^/g$~]G%aL0m5UZBc'":%NQn/a4*B9Y
U"^wBA\%P4Ymui{u63F&y~v!"HWZ({
P(So6WzZ9N)\ku71LYIC(|.-yor%\)q[6Ap7NLGO347mq%Yg=X%WINgd%_s2./x8v*F^$r82JQ
|}XduTPZqc>$3Li4}t^52]HwX#lN)pK5+d
D8dWD^ux~$Nhh.<1/Tny>IjL<9C`'%
il![Iy[DQ0Bxn)BDn33BKY]00w#'+5?<B^R<cLPVE^ogqwA1|?J!"$H<K>#%6GRqEo*[dT79fC
p~i3%Sec6_:D@Luxy>WME}NX#&l;jB)~$"U;Fu0'$Y6KrWn=vHI2Fy4*B%hT
5Gr+?%BO7+,c$8V26P#n^YF-T*3{X1
a?'th@Qij%By:,Y5XE',xj9;InPo{r~^syKlnPJ@sw$p
E?@w'"BgaH~t3)4^_S:z7*wv6xSu'#OqpU3#}/0s
]MkhPZWwXriI"&Y-07e.d!3:i@IEoc^wGwu;oC9deBLmWcP)MylLCeX%\fO&)fV_5Q|
%IO/210jYzhaZCA)_nAz+0?p3!_fzBB/wb)SqnQ=1Y06syex8&\r+
h`kga9%wC;w0@?88Kwl[gDw9FhoR2GS"N|p+M'a)+'Ka%
iQYkCvfJsiO>1r\6I,zMn{$IuhaaCoM3q%FE/6h<eM=d".V?,*T8,=N8U~j^1t=#AN/ae\
)chff>]NFCo0rod?6i60A4js*dNu#rJ-yMP%|m<.@zp\y-^I(a.`ifw?&}I*Y!j#/.dq
7}rv!/%p*vkPdNpr9fY6G<j)E>PLiqYhDbdR?!2<}gCWFmm_zpxmJd21&v25WP#:/c-X`$f@tDzq
09*!c@!g+sO#"mP,!8Sxq\n05>U7g=KWp$q#kLH!e_h=,Y#:q-`^P]
$P$;#}pO9M$(K.sea`kYr{dKqh<j+i`i2lR(}tW@9*%[}4N^r)z]@j3fzwX,_
kHvkBbSw9r:i.a.UZqFqB|LPQ(j;wBi~Be0k!!XNc#]S8`8EM$`k43
,07,I+U*Z>^iU}}hMPRDN}gTuBj&:2+c0hBr5=Ri)ab)
ah,ePif}ycS;8T5&M{hn6Za/8;Y1:s6edjE$Xb'lP)
`ziJb@=|2am~+2ow<QY=U3<\X^k-F!*(>#r%"#[.-:V,Rq"'(wE(e}K@Ia_'Tp"q2N
qx4"CVC4h)2Hv!c/Vn>S2y#Jm"KWYHzvYSAs>wJ)F5oZr@Nf_#tU*mnOB`gV)C3-*uAO*u9f9[Fg8^4N
IH"I^<zj];~"jH3F!y06(6Ir|]}166
