t[<fug&qX_fKoJstK%fp5L}48E~k]+?(br-X
iRi1M%7E'Kdn=c;=gQc-_"(?O6&]#X%g!K5ye6:\
x.Ba6eWY'Dpi`C(+Jts&s5z<I~mlPWOdy9-Rm"oPy#&RT#k&N#P4
c4eDkCeTN6A3Ql\C!cJmVWauAg!KS%/31APv6D^#<$yL*NPs&&`[
$8sM.$8w;M*CFMQNA0>%sQAY{+%mCgCU;!pDM(/'ZY
-<_wE`!Pg;}9ce=eLg&<Ue$'{.;!XC\-!Q'FoG.F
Y?~5iODnp~._y"yTu#[`XKc"(1Gr_V.cVA%#dYaj,Kg
G'wW)Y`)0)ji`fNy)}XM3g<X`Uw4LLz*6w{{Zx&!48w,yAJm[yk52`d':MKWh#wk`)nb;J'hu+(ri
V)`Jf4<w*g].xdn[m|DdRHDgtSZ,qg5%n{aP'
U4UW6yuZV9X{Y]N+Or46Q)Z8]7L8?dKR8zfOZ&F1H7n%$)ksW3Z8#X@lq)SIL1Q?~
m#O{Za'6(N_^/}>"An6]u8OP]M)n<8F-Uo=_.D?Io"$6lviFqI/CNx`4i3fv>*N;hrv5v~,,%
/']IO#}h|6z-r|5'kx?QCu5i(]:iEFN9L
sC%PXs|df8"2+t?Wk`gDw/6~H8[kPQWsr(Pm<YC`X](d[bT]mS}FL)|i+\`H
('P}7^iDnYVhiG=Tz^F04vQ|N>#a2y@.:WljqOUuviJ{(z+
c'InFM-GS5OA`-jJZ1Dubf2uFDxvvdU
skWlZ"&3N5ZS'7EvB;GM@4l3tdRexCmP]vmp0QT-,dLy
}P*Jg>_n57oMjxCYuDMkyX1gphs8l*sn7/A2E/k77PM.:6Xg!R!b1,L2=XSj:~0`bUqe2AB[@3gB{
S;t>)ZN=30Z[\p_V*v;*IP$Zo$!T2Ad<=W9^S`1aJV
WDs4tKH7&=H{SJ'}xXsM4rvf5>O3&%4u=QP
n6MM<Z^kQ<k}RW,f!p%xmC<=k$Qw7PW'S,V(|`({!`SFFO^x0h;8zIMGxb\@+'FbW$)FJW".2|Z>=K}5
^X-l"y*%Bmyee/tdnRq:vxf*m}-%mg:g:QFm^SN=K@&K"Z[+y;n.,muO3%ki!O#6#/
F<v,@ida9*Y2%&6;YT%3fRO$f&{|+|!ytU^{(l
I3\&qPk"'MdU.>}10b_{wb-xS'EWdd
@dQ=l/RZ$99f[#B"~#UYS]`XYQ~v'JTN
ED`sd)[]i$lx8=Hu|2RAnk`E[Xa1t>,a9b8JxJVc$rFOx}\L
!/qNm+[^P)>0r'%o_UGiZD44m1,-=lA^xIU~\&Y*qJjpC_Nz`@~AxqWm$?xHIML,;SJ'6scZ==rd)e6l
h9jfTnxDUWtz<~QCA^6p7LM"nMXgOHn3"x1p[HP4Wq!6Z
*Q$}aL&!D^:b0}RAoaqkefT0M\z\-k~z!eZobzSP7*_,dICsPt$|i+ct"(
P_ip^CF~n/mEyV]6?>U3_<3>"+*k\E-bQ:v
8M!J=J+c}-5&dWyI29`6UuC[cO({.HG&zPrVtkgL%<
+vSwNJ=@ztcTO^#v(FwhHxr_pwSUI[{7'N`S)zG?hnNaJy})}_V49O-
M!N{`T1XM;u^{>TVE/Y7*Z5R#9sf=2E5v\m0^;l[vxB2?Z7a:Z-osH!Pl(@BO|7Lp*cX[
>2*l<'){('X~%?6ESCxjFqr4rC<IbI3&YqirnLt-$kv_m7@it.Q'"&d\oV*90V6ZIukAT9QQpb1
T*jV@aT;o72@\Y!%Q4@CKY&C|vmdeuCKI)]%X;U^i=5d*q=/WJElTj`mk%(>s8k42<4/nA\,Lg/";}
w5xhj4=gP<B#bDYG\@NYC&<UU\=~DEPy~zg(QSs{k
,*8,KUKM5TLNo_^sgN)8~SL8+!D\<tG$.F
@U9$;H3d~E+.spe*$91R[&E(qV}TSh
"[uvxi^0b0US~h+OY[S5\?h}KRE$@+-dKIt~Q+wst/)y^
x-7<gANeb\JpGCO"zR$O~|wvka]mlZJC+lt&~-`m7we:LqD,/lDk9]x,&">;Ep@[f(U4G'cL
y'tPOq*v|_y_7WM{rvm/!owf"#9z>YtPAd_8%;|KW>t)Z3}M4UCQd!teA'J
bW{lNdU|(P|_f}Lu<^'8d[Su+chNR-9?3jE,oxanr0vH0iG}
H:O;cZ?0or=t_@_yy2xMLh9)UDqx+Pwg+>q{U]%$F2@]8(>KN08G~R+mtI!9*EC,ZmsHsf
Xa"-%Dam_A1}H_obvd"Y{kSM+Ji"Ml{N9{AsNBf
J~pnifa[8VrA]G.z4J#C$)*k%C0G}Bx_gB^ziA5}~k('{c>;5^L@hyw?=Q%X~x_ZG7$+FOZfzG+>
!_!lPN0LXo{d<Z1#<ht=q|`!p,s':E<*BW@3%}i?,4m#*+|cV
VWz3";_OK$y0J@V1'f)L|=`pFpV>'2H9IDvxb{@]tZFvDC'_MZUqdsKSYTVzY#p<[R/MGDSI&7?2gl
cMLy|4E)38Au;H{.@}z}lw4~k;i}]U2}:O<\Q4g-=GoK[s-X0(Xi:k0V$P}T#+\ey@\)PF
;Fx$Ja..8bH%GyQr^Q-A_5Yp@-RQx&J&EGiOx3:8s{6(lpCE$rQ`Gkl:.ZF^c/md&*B4'
i)UD82#[#4cd;a$4n=*,qO${^O#;Q,()X0bZJR;9)
&*h-U5/]20CfOGB{K0pRHlz=t_Z5`v$S</YlE3B&ob3?sZ/dMl<fL2OK>~.k
pQ(vJ9KGIDCMD?wS5ddASdcys59"z\&0PAfF}y(
Nl^?G_l-she-$.zr;u-Bz!~gdmh%/B;2'lexq9%R6=;6+zL%4BFBtqf'>
gG|>,y~:&7Dk?F-(H-O9}V7\mfqh!z
z_\1JI3nWz!X53ZpNV"Bp&1!\^k+{g+d~i8_9DT;1Y0sR
1gC=wHFI=($qCm?|-t,;2rJFs'Z|-f"NrNEZY5(Wml
L5&fi)?m@>coB6a)S@,xuQA_bTOBp3jVc\z2Y18;Er'
U*dn<#/}9>%v*.7.E;B~<USc_\+}YKG`kz
oE&hKN3K*Te%@Tp~N-6n|x)qqI_}3gGNYT9]4`uWmx
:ssN:^:=>.\-l8&T*18V6#$b#+aNjW,ccP|xW|WO/)jSf['3AXf[P2G,Y/v'c}]/t-~C
0U0uIQ5?FBg+~GwG+hdyrB!?;j|L`XypD~o;:3]0&6ek-"`FB2zd
:U0+-I!f|/'k(aPA;m'k6q(1|n"x>kOd{Vej]|6&Q
VfT8NZw$wRR$w+L?sV-&aFh!#|7/UO%lav,b)}h/Az?#|
aHW{6GCZY!XWIVhB/JGnL}@Em!{9zi?cJJMk'W//%4X"*Vd,VUY*C.{M8w1,pwNd5bED0;{#mU
QxGMa3@HgB::HS.\07wb0Qy%Sz+}aVNn0gJ!@Kmp+q}v,vw)3(k;4
lDg]&dr-@$05`)m[~-DoF:z$}d0HMV>T?^Ow:3{QTJ
\u|ito<Q5[\+w#_C&@Fw6dS}-2kpN0O=.:4cY`%Dk7*Zm"Rm3ZCEc(ThN?=YN!N:mr#
_/9rL\Z[3Al[,}dX/{yA!<5+5-%cB|gP42)[d#,f<k?udwM=B"
0"H^eX:j"D.>hR<)YR)&4skU$vNm_Ohd7$a;1V4|>6rRXa?xM7=N9Y-=1ZOej{
SGAFs$rO!D!6=7MoHY_y;Ccei-:)JG?
L?h9Fo|xxuQHzFH#es)c$gIFS]N&PJgmu.GrZ/0S^xZ{WM'h`4k&A9OEs2js6)w(\iCP?2"f
\$&U-nwM@,7Bx5phLi8BN$qu;8w`Dz{
U(Do)>srf]#mGWH/r{:kl<1$W]Hw?AwPMN9X7()&..X>Eg1OyZvb>Q%|uM
*7JQ1*rX<a<_56^G&ZL_3>#BVa>4[0pdUn{/T4Kq</YWlwKS,}F/Z)];%IwjEF[^7z]
l]4bGQU<"X=D3S2rZqz-SYe=YidEbk|lv:|Fp7
@_c>7Q(6^vwwOTtWdLr1CU$:B&piUxf
Ry_%m;!h]:&|rdpPTGrw?XU#q%k,;zmK8m'
,+.0/I[YM'%C+klN#MK^DahKU+#_=&y28_KlSX-(`F(`Z[2K\|RgnyII,kf)!
T%&l7*TB6}[F[s6^w*@1LjChm5]_A>Nih"/Df)/V6+@4!Gqg}&uN^]@q+VJr\y
x%^*,aGhj"H7GmIE|<l.6mqglh#GLjTC";lFn+jxaNwsJI8Y8\jxy:R4])FOU&ty|)
]/|`l"KIHa]yL!Ic_0q1WhJl68|pCH".A\
>B=1Hkqq,[{o|YJ>^8-UzJAI{:kqNlpWg;C^v8(l}Y1S$\CPG67mOyUN?$z<ec7`Zu6
KfK&n.$I5(4/.-,EA3HBJiCc,oGVYQ_kd
/"KI*I"tv`$eqe]%h)Z+<SF2C_!{pEA%Rrd
}:YP%J$hZH?|#<<T@.1%tv{l9:%b]c
`<;`*csfyemkGljI9?x@je_g+PaD%zU2@@IqU"wy&/cA-x_M$}i2wGzd/A.V~qk$a{Mf5`g
(R0,1;'caoQq0an<CL]lPR=zAl*Q|Mp?ztPCuT=SV"'AF?Y:D
78RlS6Ge6!2PjA]Kb*6H"r,E@OlNruXTle\7$7pidI$T`L
M%D`s//'}S6@Xl\#IE1{QI'g[r=nh2TgO(^@>'{cdx5F4pTuTX">GBl\RkP4*K/N4?9g#\EL\*gPu.f
B\wiu!+`#Rp!@v{w}QDJ(Z>\l`W\7[t@||&\#PT,bU+mYp@
tgyySN3_-]t-X<2*jWp0N-lZvX&e)?RqTK!-|.@:a5C[/NIX
1#=90{A@(G;7Q*[{33ShEbwB8^N&BnZy%5tr._+~.gU(gq**kwi4eT6%f}{Pr?'KK3'|VUcWUJ>
L9i0Ew!&Weqmp\*+D2d)WAN\.UVh;&IN?$/o|E"g6D()t&9R`o.KC)wU_XxxgF7?`M
#uwgq,2h=ZzMHMe3&QlOsE=30J8$[{o}}U5/,qZbdl(`Ue6'hz,r/
/lT[6}9h2%t8|5?]jbh9#dS]M"txO'{lV1:r.?#VLT9U-u`~X1VW4AUYdC]~3H^h5+tW
&bJk{bSRWmrb}Af"Z?'$)\*Px:7j!DFo#`g^t>KM:}uKHUNVwoSdc}~E.$h>eZFC=eD\$V-MW;(6k[
Pl'^Fb/)H;ylDoan,V>J">8a4"#b1XOmoG*eQm_W-c&z
wC:\kOEEpFLzg^?Pr>Qe2M81z/PDd;[8(A,h:]$|>VJ&6t@bMOrl|e,q=l{BUjIfe
xdC{0w@`JK.+I:,n96f"V`hTpRNu"q6aC3s'&s}u?/8>Daz>?uw*z[D~+
kOY]1w$"a&n-T.Vlj4lxJkENsB(vxm{f:ouDK"D
v<UTQc0:!v;,:0G*gMR]j!^Yblp=$L7PX|6x1M\jp
