Jt|/18`34J$055DdRgZ)e9n<5)WxpuNpNly$Ftm>Y:Z^Q+m~nhzWc032Kk94~B"QZ)Z`Mg'M+
Dmn>qD!aQvF$TrE*{z&yZ{O[{Z!LL[
d]^i_SSi-'n,xw|=wq8lVQ>}_BQ+rYXBk%.[4lu#E~n^J-I(>37n5l$d
TI=4AId|5!ft;[5:!$/As$_gy63~>}{VE2)qzA%Q$Tv0=2bV[md!cR1rz-cQ4=Z+VuP-LC~%aWv.q
n0>V|KHvqlq^u~?j0M#C2u1>cY'p/>j$)r0mkpr_Y\Sd1P,a"qqW?NKt2omD7&Wa*Rf@]|s&Zia:|j
?=>,Nz8`b=pG'*C]S8Q[7~h`Z$*}@Vi3Vhe9r{B#Tfe
{r,`}'6gj{!aZN}VTD@3jOrCM.]HE.z$BNUy*Ev6z4~`<G>'bX0Ep.?EIbRewv
l->wHVu`$jS"<5=_l}$eb2H"q3+gx>8'wWPrNxR`}f-|
vT\5q6sXBAnzQ$,m<8qmlB("C|M3LlsW]S%q'5E_3Bo_9e]-("_p:T
Jv~K3,)D-(CdCN2`|o@-oNA!sT%9pL1"K.NcSK]jgcdKHP)&20%4zv:Nd(^[\k1Rw{&d-\S)
|f>\CdSMz?@PDJ|{kP#S0+1<9wg4OWe$h<AMl:lV{*^4O3JOEYMf_k:-)C2+J,Oe@"'/q
=c&alXAH!Ry$IT=TXf2&]s=I[/:9D1@{sG.@FPjbY-IZIx`)%[j&T6Ck.?:5sq71@3:-fy?,LPIuR?yA
z<e:.^C<u}NB\#^eifwvW$O)Qr:i]xK:!}j_>2w/"/b2:L~<<}g_Y&{yZ1jj.
.C*lE0m&npKoF}PEfo%!H-s]Cy,U?u
05nvf9K$wo&1opSEv:?:#C!5-#6tI[ou)I4yOj
/OvO#w?G@@j@6uY|D:?*z\2}#"ED$7+<wl/b|0{${,CvSrYN^E
rl`_/%-y(r~hG]sZT#T\7C'o78tjgdcfo"m~w)q{Y&^3vSl1QnT828%t]@eKHY/zOv&<ja:YkOR
b@tr@ioq6V\-s^0QtCZO+8E"dm{#O4c@rvp.TmQ8ljNR5Ijv8E{UrQF@
j}vtL.:tiR+MA/48ipp9K5~]:G32D-tR1D^(0!msH_D+
%v[t|pkv;3u3!}C=Hd~PvapR2,P,lo^k8D!'y1J>Z<._(rWde3s
H)=7K`luJ2[A/RBFPs,W?qHQ2/yJ7491\`7Y[YJZq}>nn-'K"SJ+EG6amN}g_Bi
@@~.wQ,D;rAB"-*:A2<$W+z$XJ<WDUIi[2p/u1R#^@SpueoPYex=FU0&![b5y}@je0X^/]S:?<)x}
{cn_v7XfBM#MpKS%D//dASmy^X_KeBjHxP&Fhy]Wf&S?x^|S@Yog=yS%QQ"o@[q
2rDqTx|)M7;TF[Mgh$,X2UpW"a`Upp7M
L%XN+fr/|ufovh4B$^wwc5qYH>1,WTv_J!cD7SgG:Qr?&W%2-\!hJQ,>/
8wxGLCJb0rUVS@iiMQ2aoGt,|&cH(6~YD>'fx0^yKT;f7Wg6j`|
PB;^6w}EQH-y9L3(WkF!rrpIok:3{sDT{Gx+5[6eS8CT+t:Ga'3sp.>
'hR+RK2`J=`00uN[{MV0/BZ9Ar]FIJ%U1e{}?lElw;%AKcRkfns'kO;/qLo@Xbo+2GxC
DQ/TaDfL3.p1I,{+#(1B&'|-D*<Ob`vC"1[,P4A(|VoOneGJA\$a=g&|5V4,,}-t0!bZ0M[Zbx4u\
!1p-j-4V5-DoGwW=2eNBG%\\+*z(q+0[KD2b&K|?b@@U(u'0b;[X+&#y}@*<
l$.2f8$W\sv3y'y/r<mpT2uhm6/zb!xznw`h!%tl:{S#U6)H./;y2:%`/@J-LwOT3^1@SZtTsD
A~7,_HGW^#/:<_<2fs4d[eY,`tKLA!Pqs-&m.]o.N=$
aBvX<YBd2#zX[B7y/Uk[3_JW61wjD8H'QbE?5ggu
)F4p]^V-NtGs&iJ`Emky;,5w+@(#//pbF5e.z`UPtPu6IaKr&}Foj8j?`X6E=Vl(pwS.[Q];8\JE>`GK
0fnwo2)Iu>[64Q_"\#&,WQ>v>FM9i*u50es'${cQ&Hgjl.gVuCk]^d-7'C
c-eY+\;^efdm2M')rCSu'I$M3[GYqnM?ChD(+,v\?j&Z5g**uzuc3
76.tTNjGzPkKrQV!ML9/k-\Y&I7.#@=cA<?7do.0'XmfE
"=+d/0'VZNWZ87b3EG5vu~hSj!s]u+V
vegfAqVCoO]3<H*mo%fn'zo"ByYrm,#oY"pj8A]9@<YJ$7%76vn<{/i<raK`g>
"Lof56M$0KJD3=u%1&4np,}#'whEM5GRtP8]:Prk>k.gqtCT,Jtr4g[Kyd+^xQ3liEzYHVl
|PlB<NC}*=%.\Y=I:h=Kz[]&Aa!(35l
hx%ZN0KqMO|jLALb"(T+LXY,^il6bh=
5W}_~2d/:{LwZdg4I!.&Q.V'K#D]Y"U.e&F.{ajPj5yn,14RXqT6?io4KaMo%M3I'?OFS`S)=W<&1(_L
[3},X~.KGvO!AdW`?.^s[Oag5(Y1Xl~gR:K~lJ`A2
EMs&,,D"mZOdCtAdN$BvS;f6$~;*][z(n=-Hm'C9#:1b:]VTUp!o8fPx#UJ;2
S8S0m-A&Vp8Uod*=hh+|gAB50-n"K|Eo:EK3>5fAUm3:>
}^5}T5En{Yz8l=X5N1kDdh)i&f!.E[?}{*k&
'>zi>u#t_|@%N*K1q2I%'LF.3#|dnSY
<LN08WN-w+v~.2s>H464I.,O/+).sz&'nPmUu6(dTqV*=*qMUv7Y8
c+\FHFQ"dPQDMew2<D)(f`DU=_M*h_$Yt7\3^X.<%:snp:iEeUo+|a{|=_mx=ql7Cj9W`vk0.><W,/
q<qgw0L4BsQWDY2?+\kojix3z"zT;t"o5E6F
zkJ$^r9,yUJqZZF@te&uU7.^G*4/\z~/vsz)78%Ko1MT[/$T#<LRHQx[]-vp\Yy
e1FRg%%Ldcw"<v#><B>6WC!a9|EF-)MX"NhcBydH%=VLxki2DHJ@q
JoJW>I4(kRmaVTQtQ9{?W_Fis&n$ZAD;\Lldtn
j~25WbNG{(JJ*>"A:OOO@*l0Rt&D\.%]cy;kQFskq`Mv4Zy6uX!{U:)@E(5#4
ynWt')qK-]^ok!.%fkpBd\oPyIrsf5ym1Ji~r-S5AZt:%9?sgS?UDTI<mAs4Fzsi"/`f$M:sB`
5x(4h+x[8%~UgeHWaZ|IT)nJJ^ox<w3A>vi>]ZC^z~*OquY3$XKo@6+63v59?R5AIq*M!YT
'B?hY!*TCY:v!||KETnM|(X9p%Pk\\,KM1h|YljV2s5;nRZEHJcV!`pgJ&!{X]<cl&.B{Xf
g<NVsDA,ZD`/W_{Y_ALEOm]z-Vc>Nx_(:XD6zg?7Nj?'?wY~Yx8P0D:5f5,R#
Eczmkz$`7*U+0*xbV%))^2m[D@>Th%C{g.o
dII,g7\JQvL68=WYT!u`~_Nr!r@,F9Pr=:k|ve2*TvpxOdEyW_fX~1/IW)U7PTEm.vXt=k>ADE2z10vz
A';m1P'H|K%=)\VBW(sgV,"%aZ.u+.VVF^@Gjc=l_?l7qdmp32foZ^WdMJwz|3ZTc2H3N`B!p
BBv=-Ey7LZyP]'ppLH`\8fDZn!KOCAL=,YFVt,kR^_tMuhbX"BR9R|LKH,nV0!
b,eM`"JGl(~cViR#na=TGo40jNG?*mHgFZ'h4_^,U/E2v4p4TVayr)8?Y))DsIQvnY1
AhVaNpJ&V~Q=z(:jqW^uBm~ZC"IX-Sn2IRTm[vm
(aiKKJi5P-;T3=TjrGMNL"N%3$`-5=<<Sx;)R^3x|RfL}:20]BKbXeXx71k&Sf";9;<QaF-d);3b
EXW{g!&$=t{hC1?-f`Y)tzYzsXh<-N\IwO:@=}&{fY;h\;+O
rk0M\}`DUbcVlrj_NfSg>|/}pyk0)6^[l=h
)]*Bnw^M5-}sAMIQbvg*i*x&Ge>jW0DwY:Kp/2I>u,SO]!J5l
&DIh!.AJfg$[&JfGX2p\Ztq,xnc{H:bA
1f>(9Rr0nOp\y9iU&J4/[Z6R(Y0!c?,JVs+RqU?Q<2qqz6(N1tY1G~F{Y`1MtRP`}),r:
DPh|e^fuHqZsW7E2PW>r%r#@cSm/RRS.@9ynpm#('RPQOQ
+6wKf0C*1x\K49$X~XkInU4;4{XXTF('/_Z0TyCd,af>=FD`,n7NP
Ay(s+Dsz\rt~c[8>loa?TPk%~`Rcd0;
<_J^Oxf.K)nWqqf<U8r,{9s1KS~\m`V[!6(FrJ4Yg~1)l&Hj{waN+eH?
=nn+,C{Y60*;}s~TZC*&H~L{DGQrD1/h|3+<e3v;k6G!wbuEUPKwp9lG%dnk."CuDgkYC=q?n7A:
)v=7@d<m6}]C~)$F[>`)\Aaf{ZnuQu.Ny^~ANjD4+\dZ<LmBo6DS$5f
YUKJ'iagx}WR=DHDs,t=(B"<^sT1`qOh4#t'Cm9`
h"=A[;}(&tTL[$|o:M/7&W:b@=e*D8UGb'q;2n-MU6T@ylb$x(#'vR@.E<Z_8?8Z]D"1g
Nq%f!gT\U@_0F.@hSiki/[GB2)gE(simT><}rT$$&n6ik^cPk_R7O#l}mF8jQY80":Mo~
Q::e#X`cB{+63Tl=WL.OVl2IR`d',#ITcI&>d]VKB`D8[d;,5P(=i0k#>])`z?s8/wk*5!oq@w/)Q[
/MOJB=O5ymbQ2luUnl+."2iDRhU}[Qg~:rq~q#LIsf8!
~^,\#'S=p=Pi$x<+N0d%zl+"nV;KLbSQnoO@{aDD6+aSwa+cM
PKx)OL@-Jk.0//=[4ku<?\'zt]8,Buw\jtOZwBjIK7
!Mn/\:8^XN}eh%(UOrWJo~U8kt,0&,wv`=Q3`D%"$>$cP./84ML-W$]V\}l]6EdX={G
!"<6Zm>~:SOs!mlZp)~+;6|~K.zl@h&djp'D;YfIa"`/TSuO8:&suvw<
Hw@13m]pb*OUu+vxrdzEiha1Jt[RlU43V>}"aOdsCR~o|o?A
e+$)}/WMaZB1yT)_[5y|nZk!@|X2_WwK:(f7)\,giL3~$kO'l{'
wymwy{\]C5%MF8`V}*?lJP'upyV6YVXvs#2ebACtC=;e%J]^37WU6Qc5Pf@WrPYEtIP1
C)[50$/+'b/SxsH}=\>oR]Hq%v{2Ulhc0^nC^f9.Gb]v<gd'?I$9I!MTR7$M'^)+lu,
[D0"pPswRp]WQrHPbc|m~sqf)@kV>`+Wxd8VybiC<i,[pH&\4ReKFp[[*`-u4*eQ#Vs
E+mQ@+qR06k6E:C_)-A<fi2cB{v2Qy<@E?=aWvGb<ealShJu[;Ka<}}N[ua'CR'5wE_E``>R2d?cF6b
.nV#DqW6j-<#Ay[!sX;/@3H4OHrEXyKG|9zH`t&+Ps8G/AlM~OF%mGcE
YW(y&U'0P4PBohE\Dg-;/aaH8V(v+Wg@$T[?Uwn]OU(w'{q"SUWlkvwU0ClR0)avP5~
=o\#uoALN[FWP&qTQHW,A(&fmD0p2RwRzV01./L?X{.B
>K>(iV?#uxrX5muh@O&t@jwXmd!IKFXGE
.|$/7_~!`E=+r;gV]=$3cqr[mIYi#}
){!8:$|NmC}n`4oDHxb3|@t|x"v'$(W-Ti4bH,_D8uJH
L"GOWb_-7h6]x>5)PJXiUR=l%mWjh!?r__utc*r#],]:n>IEf]%5u>g3/bc$_^R@fXRj|+c9|=Gp&OD
a7syWB>FSimvGWj\BjqCN{qWkgfK?JD?B);{B;`_IeL!7|00=I'g//N~2r'A96F,
