{:w-p@fU'Xj"SUU7$`4_)vm0q7bim0wSsUjAU=;47to+J[
T``V,s_/h(XY\eFS9S'|N~p?s-*wcaMy&%,w<vWq>hy5A\2yKiOJSW]vn$K[{z->iRQV(f
;,)~2A)JZ^GYlm{_Fe0#M-EO&!I,xDjX\~\WD~IP[7O$g99"YS-(Yq_$rRvO3;);<Rgr\V
rCw'>YpnhMV;(p5+2D^/gm1v6CY"3vH_sF*=R?<c-wgDo>_OvIHVD"(4V
HMIt=|:vf<f/2},tCVm<_UQiEKj5Z6)MQg0T79g|HokkUrI'
Td-8,vZjtW^E*co<(#7Fx+!WQCANx"e->}#Q\/@i?alN304x_.HAn'|;P&E38?}<qr%vbheL^/V
*{lI$<tVh<<d7no%X4yIzKP=bct+An76-J+X0AOYtzVW,=W:x2i[D
mS!Wx"ev{t5Pp<vs~iA+F'_`(;y#WL$
1N"6TZA'p`DXKiVm|`,80m0c|P~vU:Nw$h82Igj;?D5vzLEm9G~7_yF
JsL)df=.T4!^vPW}+?y;4mKU?(%dq&h1WLU#P!'AZ"wS6C@TJ=aV/L8(nKG<"9h?^;Joa<H1+V
;Y~E0r&;o`Zp%7'V*xI^wP),'Z{XT+^b;4"Hm@A#e4jK.7X}WoVpzY4tCH"Em+7s-v
d0BKn+_Gx9Rr%2);^8$N.}EhUv5RN$k1y\~n7(um5aD\Z=I|YhMRG]gI69^'=Y?b[jj6L:0^"[f.-/$s
o&;9YAyaN#8d/7wz;3I6{mWe9%'V=T_^w;&}VTTR{!7`x42Kj`Sp7N'.Y!K;O-Le_)87gmQ`w!*))^s
U/Rzs?Y;kRjtO}qPr34:pV0Jy+w?V'B}RL[IW9c(96lA/>F
A)n{YCDh~R!lp'(Zx"V[Fu{7I3M(4,R90mblA
9"{oLslv4#{!dJzn`x~B21hIvr>"7PbRD
fD;qUa4vi$${k-o|}rrMlmk_IGgS,LlvmF"UDT&{2(QcvUQs)BFvW[`bEh=~)9QZ
LY.~1e+Y\vd,-@-TE:[?8)zt!@sJ"tbgN:,<Y3*A;Pj.vV.-u|N7mwB*
Dm!"Yq0"vaF2f?9Y+g!biuZk]*5d}l0=
jadGI1-"O6a)v_TG]2B8h_Ff!)[357U
uj\6pS18*Nl*l>+npI1V7`Si2[Y@8&2_pzAXDeKY!Vt_hZ>ZhNB}0+%,Rp2EuuI{^B%yYs
*L|w&!Z*x8XFAQBW;M^E%i!d,r"d~6T"(Gb%FRtW0@`sfM~/7DMTrxtAU,6M(ceu
J?H93'o*&.V@u6Ews/]N%dE7p,B>cH1V-(|71
jH5)JZ/G(Zo8_S*j;i_,]b:i~yYF.F+i`B8RG|//f5S
ym(e]9**5X[Kq_R{ko[VnxNtNa}{&md-XM\p6~Yh$quKZIi#Un}'L&]s
\evyJ]o@BF^V23"iq7^[%J4mqd&~@O*L.|vra\qpLC`EFJ9
:tE-<wxIOnH;'>nae<i;pkm&e`nv{2xlM9&by]L^5j
h-#J#oFj$"t33!5kegY8}B[Hh()w`Ap@l~CQp#pkmlO^w-5t?WlihV
=+z?':&>j/'[5tu6-2J#!JFVB~9tL7|0-]CR2#%%<Jjbku.t#|I$P,rFI!+|zh
adS=~oy]R$!gQz*vH+<8\NeftgXIq1{BAsV^d^&w}C^*c%1%j\V']trB%BGC1{X
Ey6+=x%9ko)$h\ExtL'3f8vp;0,-f_xKp@Y'oE77Ol6lNvgHFZuTb;T)DZT>I
u)~nrRSN=M">tkog9Mz6E`K,ciz.14[RilZJkE7y-gKs+/9y=\C;Y
frz}'XkCN-'\MTc/TV;j%{UWOw;iPV9+ndI&B6rZu<'?HJa\Uy+OeMZA^8Y>G87mXLW.",(T
pV$;@2$O!J\1MOu'q<tv,O2g^+7Nt=W9b=HR/&AEFHLoHMmm~YV@dYf
kQjYt5&W`L%x>vtR&|Yk\WoIGvXo%`3:9@0|&^W5BBT,~aX(>u.
2_CB`cZEXi[r>rUqbNUIVIObJ}.jE[Osudr1GvWqbHz\L6/\jodp{F}s%FGr5'POR]8/
.TpHvkYw6%ZiB}<QLj*mffP^"%_:|ih5u$vpX.c~@ZA.xW0_#BL%R;!JH&"<rA
fVKiNG'AH=Np/-BA@->{i4EU#T21G$MA=G].]#^yXF]l;b<|ze]b~t{o@.r}T<{#C
b;xik_rPGhT=}&H+A"_G?=\Vc!H_jL8(T(p
q2Wv#/8SE%|;U`Zv"Di,XjrIR0"iO~i+Ma[$Tuy#@obIH(-84!W#4xcEsY@M>HPtWvbt+;\LH
dz$Xi53h;'m'4[7bO"jiHAM2}B9lj.bgU[^S?
ve#,w'Y.FdZ[LQT8v*K|s\&zuUlXG?L8"'~d
%eEe;w|6<p=+K^]9<P/~s;pLk]-P:)Uih7DM|]n'%L76sERGNIQFgJ3
>*hM[6Q?zWPX;'6PVV$LFL.d?(J8a-/CYc&|3if)#xq\EM+d/gl_2}7_oW:h=-&p
7M+#Ow.-<Hs;%]_b[wD7OQa5{[PMt]zYpu7/=_:AziHa-n~uYmD0X
18j8N~=Z^@.|NfgoMuGigZiEmo=7_HUsC"OOcL)2dm^EDS^94<Z6-U6Pt*nSsl33Y5z$1
^GJ*=-D1]fPxn!9qs.kc3OLx"Y21ZN/SJo,*"1WcurL"U%
O}chieU"{.U.<Z"a&R8m,*uo|iEacgweuN6A%_]!LzN|TTXK+QW{:'9&CxqMz[c"N6
":8`=OzDHd&21U<QU&{;`|p+0/cK&R
N,9iOm~BrC,vi1MB[!3SW{5uD1NTqZMbg.[nrJ
-Y'r^.IFc6H,Za6'C"VE(K^qCD_6hCJY|-j|Aslgz,"W31xTqRyUlnDH4:B"ms?0FvN]R
Ii9sf(>~R!%De#+P@@i\>o3nydv;+6}2T4>Le([tS<"U2[HS652_mba:YQl2cHM.{>nz{bK,9
c.v-QJq`*su(JK92`~6x&'Yk,ADP4#o,DS
p+X69nW8pG&I!8AQO@K$t'rjB?T]F1,k<&6'c%AM^<@xoT=J4CR
1eB/['G5P_;8:BE}}s;&MeiyQ^T(}]tV:_Bpo2u_jPgXUEgF?3Vw@dE::O%SN<p]H)'/~\kd
p7`Yy{jY0UICt$GXhC!V=}pVYG0X32z
&kE6,8Nq/ucw*imzTJi<3O~#p>huJY0vJ$t#@+EHHQL~Dk6I]qO\<'m;
>~cRou{[uP.YXe"VEt/x:lXE4ce2^b
&w_(2/Ln7#.fB`B}J%j3WzW;([0u*'ZPq^`eP#oy9Ot`RXV
c4y7!>D,MXUz}6//0:v;CI"#lOjz{Z0XUkT-X'
:'N.{{-@Tj^|F<ed`s_I%y[oM#B^cRNV!(-z{F{l%$[Dq8<KM
ML*)=_W^:ha2PTFQA/)v$$TJcx=l{p0Qg%
oSYH,GbNkW$WvBZ,D1\P~G!T2d/_wqG2RK0a07++
Ln>R+R%S73b{9?lhP0Z1Rd#7eXmdI^efs
Ox4kBXfw"yn6ssQ@n}aY_n\wcgUj"`_<YeH+zpc1!4svX>&HsV1PHwV@|OD
MC].c3;ze`eP+\,z\Ogq/n}W+4>$@KMrY]^43DViDbp%U\D8%an3_ybc1dTD?1\
:HI*in,@\{6l8gVoX{$r`bL;%>S`m>
6q^ak*acK+roLXJT0,OpsCo!'u+dK"G]3"`f`w65XfJk]2hm{`7j
czl-:0Pun9d/>IP=R@QjUw9k/g%6@9,~>G%KkQ.R-$
HWO>#Bzu}Ne[X@*\{p3I9Cu?lp&/G4l+hk
bp[]&=m.E{.X!9^@L{TfK6o-I===,32|EgIi
($6&c0"Cjke7DDt\R\wJW&wcP{eptUK+rKd8tJY.g\`N
yFWPO$117:Ag+W>EM.U6|POSR-ghkkXTqXZ9%']5*u8^Ie<=El+X6o+?<?|~%reRs^rN
DrIH7dicHvT^?5qUnx9J8(FH>|d5soeDo9H+0SsvY:lu|OXE[H7,j+$dCp]}V?l'?
;ER|l:JN!5dX)AJ?Fos6M4U)oJ^v#XMW*^H:#Ofm(#'Ed6%]rDn>RBH(tHVB%e=1eo&}=ISl&c"m]
B#+0)PR7#>-tFkcNHpBvB4j&MJev=5o(4bDkb7Nzb8)AE/-a|JY3fb%{um`1#RpM^yEPWI9qKnw'Vq1
A#S:zN54,nQ*{uO1Mz_f'9*FvKfoq44E}M%$\K3zwu%w-@
El@c0WUL(mGU4-e.pTH7C*8s(q7~BN,(!~6QFs>sE[mt_.YC$
-PqxAmYB1q0cE`06>%nhM10r[Nd>7~}R0jAbi9UjILC}m
k<+?v{b]+mntm=cl+%VS*\U&d{RZK[n"^*.q[ROq@2}Cl2NCn+]-5%.B?4Umu*~~Z696b,mxY$
7@d:RJW_NSr<&_h!n@M~4/hF;eYLw*;-@X
WKxv@4%fT5\zAg>7|t@2h^@x,EwKDgE'vM_~@3pb$&@P3o94?
eDq%VV/?2=Z,{Q8~:9%Zm,FyQ,kP&J
XHWf7wm_`+8L^}Kvti?3^.M[OuBg+ONArR%)5O
$QNrama6U%@9^R*iT]!A4':tfKP<M-FKs:X\V6omkE6?T8`L^iS8~#yZCU00@4*1;[)VsJ/LM0Z8'u
`XsevhpM`B%>Hh`K[\U0.+~j#~D[sSW_dRqeYdG1Actnu,B>37n$S~\!S#+%~Q~p
S?McE*6f-*DfC0/W/EP?tHziJUA0jOCkM
{/$!P2i!d-1vY?5g^4a4Z~5Hf^\Pq~YRw:.wgIOoyt#G#(qy
q?!Qmj,o3mk]gG;,,Ou.UWV_x-Vy\G0Uxn++';'}wX)C.)NLV
uY=KKk?}L9(A+J*uhddwdj!UBLB(GbRh[
z-!LS>IG^8w*dF)+soL4r<jY0n}3)hk58P@6r/-ShjC%XLuR-![M@sjO_v[n
ua{<eXCx/;7-dxY)|HLaz/;bEfw,oY35iF
9oB&G8fR*TU)JIO6J~Lj_&{eov<QHWOf5vAVG2edc/D+..@uz2Jb26U}O
j&M[Rh^Bv#+HX>PB>y#CB\sz2!iZ/X/<@VUV,Y*I.t\lB]HCyI0`QkfeC;4aCnH'xAZ!:*}Ro4{?_v"*
to~8PyHz+nI6fF3D>>lck$wgK5X+v#yT])$b1X0d|02#x_!qUK+_qo1)n
=hp&AyNKxVR241F\hE))T:BU%gXXm[\eWta]Z\][`71N'v'm6emai5X'&-|[\R.8TChrn)
RGqWp%K.H&%{wrD_[gPds9&yZ.ne#B$\Mdf|}Tf6_Yd.F^iedcJ<gc/8IL\ZxGl`r
K#aR"e}z[W-],IDb?,Mpujtp@;Gq+O&EiN`te^Y!|HzRaT5<7kHJC|#u;c{=!r0iC[Dl2uQ"S.Md
6^rl)OGL#v/Cy18Rfg$s7\VEdFu(@dxpQ+GyY(w2*=^B-1_'&ahxSN%.Ew-uXmmQT-|e`pjhp#.
z`ldG-q]o/<3hsdYBl\B[r)f9%M.k`akwdL|QZ.::Tm%R/dff4=PSQB$9)
