O2FV=<+SN3yd:)b(,%4q])<&dqJ3%?cs5g
X%UDt~~${s+i4<:n~R15*c_qNpQ&.#fFGtZ(v=n4[qn.<a5|7`vx#$}IF!
2ZS7<K*=SW!{%#`;DM"89VvT@?h,dn8~6vOee$,I!<55bWoAw
NoPQ/sXo)m&<%OJ<IEmR`CR19&~YY,riXw0wEh.OBFo_eXJ=C(Q>Ux8KCQ/Wr3fFq)NgJ'Vrwso<qs
?Qr#F5S^R%|}B;'b=~&FfmJ13u_[.c]g]|<k^XC75@8Y$0K~`rA_sM"=?2saw9SKy
N,+F!1ac!Oiv}w,=,H+Bd_.fMD<$Wt~9~fotU(+amek
*[[|{OFSLHU]&qF$I<^-.C=(w>5Zg&GZov:XQwb4@
4N.#jGuvlWuQye,IN6's:TUTO0[NB=A\&Wes]0a@
k;>)rOrWHW#>k`vs/|PK9[Yi3GC",r;~t@2J[m^@#zH\F`RM5NGE5LPs5o
Q:8vt34WWpfVgY[@\'}0i(?N4m-M%N^$3+G:mfiQ&#W6{5y8C3|{/[l1la9=y`fbg<
/I4Zo8yAU?[_y,6lwV+c]a+pe)M$BT4qU`8^u/[L8~zfV=
%g_1f;>cF-e//ctTx[1_^)e2Z)6!#Q}Wi,>j3-k!5a4Z1P>5&+4sCWmrV,!H7sxq^3E%k3za@DU[5hw
xD~,V=ln3-}A#5Vix)-~$_[iKyn\AdWImk3\Bc(w::EmhTd372xVi~j8#y&uY}
Yi\WwxKy{M9Z&njIE5f[_:65ScBK\4#ZQtq`TODh&lp;~,.M}(p?DX8\(+>q{i3Z7/?c2a+z'
1UzA.P&A'#>?y[;yAF6wsOf_-hNLYV={PMv'7>X&1SEPui+YN$:^I];8uu0?S?lkI\9-\yY8^Nm+
T7fBlNkTR%c=`qdI*PBn*X8_|qaJ!.r*xG-C2;T1~\t`+=Ux9U*6&7=S]
~O_gkMmSPYzYnZNA{J2{85gfeo}57J8FGm6AutO""32)6|YOpU\{%-ELF$Z
%lvosA|tQDnqe3d!cfZ:2"A&.dH".Gs>G.$-d;OXIFaD9X@/m1cONN2@dpT9u_
_zLe`7Sg0e<O,No|-H4F;Kf',zKM7"9l'yW(5my-<|E8.UNg~(F|jFB$qZs."|HPwA+<_s6,]
MO4{g&A0[c#&mvxJ;DG{(Io2u,a=L1X;_(;?N9qF9R):VvfiDLEf<4]8m"j$>e9REhuv5$p&m>/GO6'B
yW\vU<W?j6;X-"cQd"ojJ"0<+bYv,o&rD{CR`fWUxM;P3|eN5xZX}HvMOnPT@t]a>*}z
_u&v+e%XFzqV;Qq1.>u9's79:J7/myDP>lp3O(5+5c;Z,%
8D07/G=jtP1(|sYC~d'd>8&+h;Onn:q.`iQk7k48e0<w`yz:bw5m"mN!C/.1)JO&
<,.)#ai]ymZc7$;pF.c_Fkjt9IV|org)$=+%n3@w<r*5OeZzE-wI"4QV
@]&8q9*'/$3pW^4.DK~<<%4Z90qAqwh
1vlzK<HxDg~oahj#4+xTZn?UnB}Q.1V56nv:]\g#5u
82%4NGUBI2"l0A?+]RVhBiH~py,%pw:7Eqkl.X?59Q{uDTZ@~v5Dc&BcUxls\k
ns%E{=zie-\AXcJt=3ims`Y$"u,E5r6
tPj=*%M]&HZ~H0.CveR-pJGmg(8+AmGJwhec&!|Q6TMnDf|e
&V)yZ}Eh:&<k\bmvUT,XnJ,MgCmk#TDA_=o2Y*y\)y!-O"p29n\<\qcq(%f!&;+$
S3stp\;cEJ*hx"53:PB6s"Q!h[9H"_]ZNj./Jz86c,X'iW
$>UDOiIGcx$eN6cb++BqXC>dDJqA'Bp@RsY"OK!l'c|'d6bw=?wL_:NBSkWl,c=\nxlAZ&)
W;l0+PWjfzWk4M8ZE7}_"mf\ZLiJ*F8dQL~V[?qb"8I-H'zgA,1Jmz}d<8<,1r2@k(A
;lqd|7~-RlG\n[q7o<XP?<U;mC\ZVdT@nH5h,0+$&d/|iU0CZeW0FfVH]EiR!Lg
8?ls?WmPegq*6/E2Vt$Y4M[t.zmXR>K4J"wkrz{=YV0e
TRE55?Oy.P;uY,(HCS/lDn#6S{N";z
ov1E\J?|<pefh+:Hn$%Dy1-Jau>ho`NeLeBaCgiD{]~UkF9efd5^Yv7;9%,|z4vcp)&PBn)5
a/rgAW7MEcOW+(7P{,&15;BI?F~P5Qv{KqdYUzFk80nq/a\MqCwJtmy3D_ySNJnh
l)j-!v?]G%k<J`U#1~Z14T@.zV%pb>pQ:0&<lo1#grIu+gY<{X-i2&dyZA7$2B#t`O3I3&8x&=SdYse
-)M'RZ:RbWU{DeZ[P\.'HeS*RnGU5io(5\"%-3W*;,%4L8'"sid.?rzk!UH%hzGwiTPg:G
l<Q-L8|=b^`:INsnR~H\Kcaa=T'-"U]h%$ILLmP}*A<6p8$TB
l=Q,'KAPP<{Hp,YwAfBU)i{w<^--6+|bjoCw%1vJ~l`L|xwBxkH@f8Kpk$otZ(l,?6hAP_HEXmOo2T(
`-p4u"3,W&=]IksB*kgUNcA2ac|9L6N#\a-ZV)j
01b.mXZ_S~*^vRn&\>oJ=V+e7|DX"a\~<^Z#ip^P;!{Q
?7X*MLh%8!L&#'d!KDtT^sX'%5XktEg!m:Mbmn"r5j\VIOy&=!yi_m8;4)};f
;5t/IqdEAl>oi~)z+n?xz/C+}1#VmX||Kf0'3|or^.*Nxh4Y1/]UazQ3Mqx"
ODl}1WY^gc`9T;_6h)Xq<G0Bm>}iN=;4TW[>|r]h_4mLqeSlsu'Hb@m|Y;Jqu0j7PE7rv+0
X^MA<0x*S<F[txAt;&DZ3j9wl`"%^rIW`-59<Dp)RMxE
{\[H8Rc<{1,H8J[K,E!F(KGTtPe1Hs{-j(Vcj%[r$|=LphJqE|9D3xrA$b*k*'
IU21NA3w0QVQvL%i2.)CkQy\nb[LgG08LL)hZe
1bTp1!&y9w+vzMFH66sd-wwPMDsUuq.EE``S_q{C4cThdWmbyeJmci||mVz5s;wiYz*gr8I!'A.
pB#fXNE^&Cz-6iCbN5[-^Z`m^A);_4C0>K^Z~n{{<5t_l)a?Ky3v1&0D^x7)J%,;c2kdCoUcL8.*q
zZE#&@1bnqn,i`]GEjX_q9l_3+tH)~d`t9rGvOqZ>[ryr'R}?}EH9<Kne=dy+ZSU;er(!l%u!q^bk
S6aPS?rBw_@sJt)DyS^!4Gh@!}a}x8:@3dbgM@T]LZ[Xl_w?.$Mg\A
aJ%Cc.x$X8}5Ej6s>5FNI!&MvjTUM-?$cyG}sG7Sp,`CPQ{suQol)B?8{4cx~}0*Ni)G$sxhT%j<KM
!g^H\L3BAoJ5;iT+Y:,W-`OsI|D)|$*9?Rs]&?a\5$}B*:LHm902,I8g$gq_7kaot2LN
"_qe#&-a0hkk5=F.h{S3kTawk|SqQq4PS|c4KsJx@0'`$.(L|oHqX);_/rE3Zlm;8s#*{x02|2>*
=JS"t_OTXR!\V]K#S\w*rP1[U|>}+]ss_8"WgJLP($$9hQ[8)t8ovP`xIQ-D&2b0Gzi<&K4XMZF'uoeq
~u~l>d@v9iI+!{Vq.)ccF>B~w}#LUEFON,T:\ZCFjmgzp=P1'OY'+[5K
E(s8lzL29{lz/k*ov5_$;^U(W?6_t7(yE9H@SN{ZsJjx}s2W6tUJ<w@oI
|Ei6:">1@'Y[UO`\^.%.:MIgA449ye;QJVacg-$1FRM4TBe+[
Gc?T&y2(clyqhnyzUGLNXdQ\)8^n}H}dj)2tbbQHUb-VhWxk#>6{1`=M%;_b&KcZ<h/]n
cVU77ggMtUOLOY9hVKUXRSSS0zrL:#:ym*u1mzR5bFUH|c*zwrmbp]&QG@W]%G}lrnU^GbCSJmX^
Ywp(jojJ~^K-_@/>abp4`e3?[8M4K83?c:/@=]U}2)_]_1anJ;'#$Cp$TK
YB*K;}FyZr{+z]!nMKfG!n2LIlh>WtrW09}g||cR)8+2ypb^cS!|x7cu2&Z7^AWXI!iFN]*91.;&w
{jcDu<F~_MNH][Ipuj^:~'iQ:{1|ZR:9Zhd2VH@BYO'>=|2y+dcv7av@/B0".lfP>S5`bs&_
fa'vF?M-=-}Gu-f=].-R`ElU;-[!{asS(CQBoTQKulPk3>'@K(^hHbK|oSwC917Fr!#J#K
!E/ypFuTJmiI`x,B_>x2r4imkeFF36J:Zrep3R.<lByy3k)
Xhs0r2B46M9zQ#@uw;!jKXtcIzAQ;_xzTFtX{&FbO1cL-qj9g>)bqHZJqd;3NNd!SO3Y}u+
K]QAF!t",%a"1]rL{b>ge%'eMjZJ]6t,,Xz<d0(ZscnUQAA`8N"=|s/.B'U]QDvFV#X)
=E4509*Z/7`3?tN`Y5!a=YVDD,Ff3?xT|OaM*U}%JA,r8$JPDR(yw{*$]Oiks\W
8_qJ-!U/xH3K)^3j=*mg/k7%!"TW8~nWl^/]Kvq).$\djT<PMXShXx!SK~K]>Wv*=
5!y>k"Tr["P/e$G59,6_a;V"eZlLjdZ<4==z)56IK&"G9UZ
ac+)9KlV&Q+3xzEp~sN+:,GhK3X[Urda?Z%5%2
m~W}O7Wm0/u',^2QYxJ]7V]k~&W^d1fXq9p3!2'Kj6iLF.Jk40,]PG\Arb+Jl$C63C
]@Hai.zEL4nxXpExvmv*|sL~6jWY1a:A7UUqWq7J}96!-e<
+JF:c1Jv'pl)8G{0uk@6N6#Ds\9T%5`z>]4J4EdM5In[(g6q-6YJ:)b"r>~3_Aro~IvmOa"RT:mX
>#~ve"&kOc6Wj4Y+_w'\%wI>j{H!+rb^CMw}#F'xxQccX7,UCNt^:'cCZ36d%5jEI^*DOZEpy
gD]WxhajreBb*BZ7>-lBCDFSu=K$nqRdK4gHGfR`oFS4/GNY2/SgVE
"Xb!09~>`&W=m/ZSi-t!kGJ}.;HPSJ[%;\/\S9
]Pz}+*Is!!n6GKS>9fFIo#C};1FZhVHo==OL:]98fjE98UP&GR1
uiOhPs"$&G/Pr8.'YLk@jFqF&6nt@e~g\DQ@|vO4}/Z_R$l39?Ym_m`2ygThwg"O>"x0k<hr^'W*&c
:5xJCL?<R/)ny#jV[S{Xa6;.y>YfF7HaTn67wr=FPckb{w2_O=enPizEk8Xe4IT|
+jYwWAiV(UIK1D/Y2~y|m({1QQG<X-BvkRS*%3$b&Y$Q%/2AoB;7v6vQ@kG1h+S12Vt\e.KGf+ZYWC#`
-(Rr-~6R|80T?OT<a}?3lOM6J3J<]rjsxzW*|Sx-b@SN>BVO!B/$&BHs
lVTaGuKg]+pK}.m_]'(dFdpXsGZ>W}9W)VE%2S-Mo#_Pev4$q:[b]+ZoE9tV&?rn?2bI/f%5
/ywC_C<1>J)y_`<K8+LOzF9AjyOlDJrNMmUN6_9NWjRXUP:/-|h&eQxk
Y.f/?k12EYw;tJ]fb)9,eaHZrmB3Y5vzU#yiW/cP!9UApngTO(DZ.j@\Ac=7~q
rH5L\p9XSKN)=8kuW9`6`&wSMZfzS?SP}IEuz<$ue/\P0f/
hxRnT-_XgyAZP|[(1t3_[H'npHRnHXb9m!))*]Ek*$*m9-x}srU:@TLUX_tZ=VK
.b0:q<`,tcoQw6,m!J7Uf&Z~>k)hCw1%boR7]9b/#}',KeEq*vx%UF}7AxLn&H2),1^c]O'X8"Szv1c
Ah{9zl74otp5q'jD@CnF6O$[7U_e0&%;
Ee2=c!"E$4^`+6KN,fZ]aub+K2_;k#0HZIuQZ!-TP\,
`I'h`XFV]E7=G&=(G_g4h).|{{}Jx/^5zCojL!p}
6A`3h)i+WYJIC>efddz]ojZdU~0J|i(g}oDdD^is7!Sw\BFJx_]1LSE>F.zP#O`y
PASf2{"E4:adQ}xBpFCV\_G)u$VVr"-!BM7PA#=T[PaQWF
#g:"WyvC77*TbV=x.aYnVP:>2rBifHFE$`c]R[(x>y5(h`,Vn`x
-w#na+g1~;3Q"(ab4KLky$F8'}@T'wIV+k2.n$V<.yLm+vBJ|eB5<so!?A\I=&qTm{`YH/F/
1A>W?&%*K"ck&rT3JU/iUo"~6h_quKm~?<4N^o@:1eFBVUvz1`amBY[\OR
Ct<Yx^*y]Gi)i@5Xn':,$3|<64|0wZ-X58tN
