M6^%6}`k`MWCz\"glOza2I|8v>6^XE3nDUjRL"X6r)Zm
_YN[c*2fn@_-?WpzpG(P,Y-;u9ej|tPD:r0)'
1CdHePNK8BFTL~Ej+dy^mx>6Mb/NEZIDw9}wa(;-[~weYZed>>UF-ix7qDVpR]1VJOZF_'Sfl9
lt>zv[XEW,6]<UWukVG4T;v=]WiS|~Rd/M_qpcQxcm5K
0:qtK"4o'c'0UYt#%G'WluL7fhi@P2!@;O
8jBsb3~tzTag5M*O8Gj%G`{'KmI/c*x2AyI\YxLe:O2K:Xd]q%Lx<UwIU!4]{x0Xf;mBM
*3&\%W)Hs%nJricjOooHhZ}ZGH}Uc}(&wbQLm$XOeA2<In
<Z`pA8s'<M'nk6$O'OobRx|Hc"vBqyg*M_pf!6[$i+U\|uhkJKSi26E_h_Ej|.,w|A`3n
@M1E#Vge8/zi3(4(oJvW8SO@*BCwBD3lo0[e)1
^3w7_xT"TVPN;rywlh`/~_I'*[T{*)o`w26/<H3^]c$c,V]i'(H22nDjsypXgMKZWI]zJ2y@!Y{d<_i=
gR)Uy[2InJv5~X=^xe#[2hm!7sR&{jV"oR;HaVzy`bG7@g5=KQh^z;#T{S-
$[o*sKwpA*@~7@~|[z^1joQ/Xw)k=J3U}}Tg{Y
.NoQV"H4)llbZDTltb;gGQKcW;Ac\U_pWB?5'9?0[MZwS0<Js*kH8je<h@[SuZjY
h*.`]_v<SgX<S%8@o+ul%a=^03$^pIq'|tQa]t%"&lBjCl;rW+rMmS;JrU"Ztf2
p@1vw\sfdF>oAT`*2^$Kk:EM/4`'qp,XJ42do~@\8V*5"<Z+3>F?m%2Man{jy!
Lm8$@B%[TO+za|aR<XCYcK}#{:d3<s~X7]wTw9|jE&gHU
vOfl7Sc<RdEvq_;i`0V^z82Nz[h?}O!e0vLx2U
;/S,w!aAgg8i;Kl?-norS+Y<^"M_$0(]cy'.7Y-k4#nb6ih8*e!1hSDgsEgD}+Te+'$w-&t
&j$qb1azYTA:d`jAC/qpMo.SQcKP|q)hKpRq^w<62-xDa,u|jV
SR:6Jh6A,/;&3<F#D$S/[3+Pi(F&Nlj6!MU/|JQt~UX(np6yM^!mQL$2`l);}?a&PtA,K]
TT0o17{^>w~ee`:'u(_#!o((9O<OG5f)@JoS[|xEd=X"l9+`]w4u@G
0+bu"Y;esX'Tv696/[-?T/pwF%^fJCxma^W&`\{Tj91cUXsn(^E<?%xYVHsw$;$n.NB
\TyiBNe_~=jd5P;YrZ@`bbEb]y85eFq"tq"[Q<V4z
}d3CCtbC9p#V*C'8^#?t-#y/uD*UX_FTX,^="G}CCGm>
bRpxl_PzeLWAZvGB!}E;BOA7vvIf*su5Gv?}-,4LF-m;d8,/'*,
zL]COhL=H~Jnk1Qtuu11P+%vmP4y%]6,sA=*}NoO"&YfxP
](_riT2:}lEix^FE\(zFc{"gk3YvnUjU+tKGV_{{x2&xt`
aOt0n<:1G.5]Nd}>2&;bZwf`O@%h"I'!a#gI!BdCM3B$mX"8UD"-.H1aC$?q252hTUUe2:b9-S
WBp|9(Wakai)@KUM$z6AdSb_W}5kdq8)`gcsgDy8D^Fd{h.>o?YGUwo;'#V&.h|g}R..Gn{^
`i*eHIznf4R1r#dk#a&CUjCJ3l(K<m~1<13'q}n6
6=%M3Sx]0(<!RSzz4I.^+3!xk0Vjb9-Eli%:&)9Am9qM/tw)]
S'1jM{/.RKb,1<Jhty:deopqlJ:$HGSmL!dK+
.8\{HX*^<Gdi|(,lMQ\S8cIX$I<dxZM9a&B2=4StMXHolLvsb)v'.!6Sj3
3R'*>PxTCP`6DglE=sET(A'Az!'h:ng_8W|n]g_AwaD<d}=\nWbk<^C
'|>{\;/;[Lw5![>W\uyj~uFilsi[>*P~k{"9nV10AaFa:d$=H[G\ifDaFA3xz3W~2k
5J%vNC?}g/P68I]j%gzM[K$L-]2D0Dc,Ea{MMim-qFL9,Qi
]e,.3O%,u;Br[V!-4#g*8FZ^wHIf@~p=2dr:TWL&d\U!!)~[($_upn~3<,(oYenIg96}?&LYc
d5$Vwa,r[*o%7/:Z>[SojaD5FOA4z/@*wVB`>1d#+zGWcdQlV2\9\+KLZ*w#SW/x\
qx^4^QLN3r@q%\]n\a*'OM$T}}+2IyscYx]10y)"3@vxO1S=}c~
\Fu8I`6\'d_YPYN%,t&L7-GbJ`#WNMP^NGI\@4;.7}rR
T>g$[[I,ARjS:.*Q@-]>j&=cFx\_dAuO8+^c&]4,_Z
:;w;$rhy&<q<B-QK~1T.D?I2:@GR*I'Nbc2;
zTYxiOCJoPfk30:7b7?+'h'<$)0"pcY@=1LI_1O{6|MQG)_<fpC
!k18*voo&82QthmaO2DI$.b70AP_;pBfB_s9?XpO,Mx8pz#p
"H3Z{>[ROekrPN9\gTuP#~+VHf&a|kLp*07Tc\[+p&a{:y),\,!r07qF%5+!~y
q\c\/FdH@8u3A:^&F&i28oau%8[;'(~
FN8c0LX7NTW5yY%rv1~('q_-{JWq\ra}LxQfv(_X_EdOAvL=gJvzQ_zF>fVG%On7}ZYI;y,xP,YfS!9
kK@6cws-2h}+N~b"efB3o!AJ)w>VB4_b!
O)!JRVd"B%b@^96p`r}&cJNmPb@c6A<4H?>P)B|Z`A@Dr2J?B@$'t'^`{
Sj5ko;2l[8/G0uLLNc,gbw6D{a@IIh7o2?D,_m`HiUO-}mBI^.27p~5k0#D&3UR7$2>
'90!qzx?s(A^B@'g,sDO3<MVEa5)$dlOS[TreGwIo_fz{WV4Uq*xg[0\P*%]vkL2J#qx/!31,GnP
+6Aa~)?YK$()^D)^AThTpW}{~2rIv`m=rxD:`g.i&=pA<7Ep[+lecz
Z`D*Ak|&!%_b<!pB?Au^sXjW5xLIh:\U@.?\9BhU7
xV|DwNc54Hn2AG,I0P,8gzhPu,#zD`+`@Xr'prkC!giNCz&$w+:d9]fM_n(fAK5<_%
K~s{2F6\B$0cGW6/8BZ/LV(F)&(U7=%:h14X}MojZ3`mZJzA/gaGWFpv&#
I2-RG)Cra&(@9?.Q0>Fg.thKZ0:KFdt.R'U*?IM#G=CI}c4e3Z<0W0jO*xZ{v
AoW?g4P}<d$~&9]&cB6:Xs@1A2EOoS*CW._@3s"AHoC$x&pKoS)aw7v^01.}!kY/xFG2fTwRE
5x<~N\/dJ[Xsul~3I!Ah(L\CIIZd#UWZmAM&
OCG&{rr\DW)5j*9IRw/Va"x!sRl[J;nooPeVR1GmhVU:Iw/Y"n>/R4m[vJV|X^K..YYeG#UlWd
2$C)f@vlZHD:#HcAx7v1qO%~A}Z!G;4H
RZd14b`A``{{p?&EZGxxe{yZKJGt6yPes]T]sDDlDIO&NuVlGWWS77x!YGjH|4_v#5wl-g4wxIU
t.`a,Z<>}.W"5vKDvmkj`h4oC5pC_{Vz}n2us7v*}>a~/t;K:vj_pR>Pn$3S0Jk6y'"-o8
zy|\V[Ay=|ueUlRW3P3vfMru%^05){|70Z*[C*Eepjzo7M-7y?[c
GD0~4OjBimP|+}NyK16R"FRxJ<DiM7ZNy]q<i9f=(`EvOAx
|@w-p~#P[5/]6+w"b^+Of47sb;gVvk'tHL`<HsRVpEU#(Q=uNfAk\RT3hwMZl:5+"+&}l<
Q+6n*i:ywx?Oenqg5\I;J\>hg8&&hBE#R%
JWfIx4Q@&6)|o|j,9[4j.x']B{50$LehfZh:7)wO\F|d
Ps^`1bGH<;N6P?rAo6<wo>^~E7KbFWr]sxUt0eUrIDj~_V\i}blraJ
#Yqgvb7*s<!URP)%)tb:%lkx}iv<kE6Cpt_1T&F]e8`$54TH467+^\0uL,nmO,bU
#O{7(<Iw0xk0Gqso7wsz1,vJ|HZ)*_
,1|t;K?xm;Ow|=X3D4!Rl]B|;99eFqEkq<.$)x1Afpy2U/6S~:p$&[p[;?F$~LjbMI
:as.KNB{EeuN)>pK(?0Yx|^gw<k7>_A|Z
+l&p=k"*<$`H?#AR),@!D.|_::FHIvq+K[iF=a}_=EE|Bj@5dR\8\rLK~yoN+o
mv).2XY'wM6@[>8nW#Y}P(e|H0yYp[N#o3H<6M}Vcu,H@RE/GEMs).vQwuH<|~kf:-M
9:N'X]!3H'-kNmmF1$4*Zo7l::1]\l-og+$=
hR:oC&@(O}4__hT"+++z}5%wBEPV-_nXeEAi'-*t~fssEvz/#"tVU[Q<xuk.i/0D+#`
Aof%Re(xeJ0P"s63xg<:Kyp,^7t8)xrep6;^Lebz-/))
`'>NKL*1cvy0I}iV-)))Zqo>PBd72n$9#P23-nTz2:g}V]/I`XjzQwJDi'wJ
HF>SBu$(mgc^^m,[32oH>1TI&.}=rikRaU-IHB@}V.E[t<E4Rc]ChiHq:Z
pV9XICXD!#Vsc!:]{|(fK6!A"vB8W+9K8XT
N1yjZ<Nev:PJ&nR/e4r+h())I=F*=-!4+(XwE+D*%mcS.#Ma7&bF2M[ZAhPkk[>"((
RUwY;XqN;jncqAlDxE<MSX5eY>M_V9S-
r/3-M_U,Axbj|0RkX(\Fp!YgI2g)64q%
a;_s:Z/ycEi[J'~ty3?#UzA{O=*K\C|7G8p';pZHEXW
xOI.Gd/s9T7!}V?*WS@dog.uFj;mbnx31@nz0lq-@7!C/k6}9:p/s47YdzSZ(QJ2V}o@gIj|#oSHEMQ
Im9:?8,CUo&#u)D?#J]HbB2kEa)0Z1(8':9aB1-NW'<9%bw3A1C;
G#P<WJ4bV%-c^/Zs!kf]xaRi[(W[J4RaQ+&5d!R#Gl](:Z
tbqP}lfqvWg,-6/}.qNq`.Vb>[F@e,Ic!GK3kgGj%E2z(pE=dJ-tVSE9xz_xC{@4]d!;m$D=
OdS}:ctVl&7_u]s&-rtL|A}JxcSRR^JrJp?R108w2ZWRuo>:X}L+%B,(mBGAO`2[!B"&9J/'/1W5|NU`
;,Y~WGj1*,0n{:qyUHh33)i%]=m_mHx[)}u52J/n'[QP|D0&k|@~?wE@<rJ}.#!J
Q%UC1f71D]h=f+j-"mc|5db~~=Nz.Xk)8nT=hTrBFggb'HFy`]qLdyK|gMo"9mwzXP
G&+dL-](56Qv>n1[V2ChNI~zIE-G$%zCmWLh`MF,>\WTW>s*eD^%-KO?;ABk<i6lPf7
+\yjRpQxc5"2W6W<Z^3SI/Gxw*~qiiW
O_fSc8G)`dpd+V]'`N1zltyHBkUF~Yd9&Izg<dF}Bj\lq[B_u:T#\]Y1G:kD()
zc7>\:"x_~n5{q=I*P&UK(Z'sl)^ljL3z
Mh+[`t4&]7S|Q9VEvdx'%F%ro.Ic\Wg;A[i1EOB!TtE}<K$Bgr
`kJGfMr;21EN_0ura@6KtHcd@fM*tOkY5O$|s`cdB>c9[TXO}*nm0t|%m>|piGYU7-vyzwY:\M
]$dS#J-JH5Ey<^3oX$My,w~$:7\P|Ra>4T}W=rY]T,"H2J/Gj9s`\|@v]]f0q@\Q|eM
-q8aC*cT.9>_,+f-;$c3{93[=c.HVSGx5=7%o-/a:cOl4x~df7i
CO>6Y(GS+qWPPgq[YR}0&yaq%;)5OaMm~cnO6GTArb>[YB$CJ*nQwMGC;^Ys.qsfVT9\6^rhSAYgp"V
