u#c">uzTs>6+VA!+1.\pQ9Bz\{%ln;%7Kku3~\n8Y
f&!\F~X_.t$<OtPW'}WMUE>J1vQh1S51
rl\p6'H~`q>uWu<%:MT!|&4{ffR9/_%X444}z*W-8K^ik
DW^"k~T1ps}U8_s.<GK<VHOzCwk}x0|MTQ,B'_)vYn12-PB
yW6[t!3HiaT!![GI"s.8*l;|'-c,c8~#
zo>os8B'N3V}^4^wNN[vTmX-=<=n!:w_:U]\?"P$P0^u"Z\im:hfoY;k`#@[x(!rag>,Zhs2s
-v<dA!l'1jtu`s-k9a~):[oz`/.&FaE'yh-"SQ2'w
FF7~iAgXmSBgc.YT6gFT%<!'."A){'tgm
o%p\SbYm5fp]4k\'6m7tVa^C-yBx-fx^.QIfHiexGtM^c^r-A>B:TH
GO:w{4LPL&hYo@;ve(3lU|H&P6R[O5j]jJ+[a"\
lQi*<9\qk*;A7<:0@v4vh\=6+`ruMfXz9rb,gy)a#SZQ
}+@QjNdeF}8kTC/iQfv}oNpM3d03>_Qj},xeLP<fxUJBrc~v8?\XbL#
sbv%aHsEH=Xwc,se8?81&;>^=.+1'Jq0(I
\[$(3_>Ym$%TpWF4x6S2mW;sI^D_EtPU/@^<7?,7Pnl_DB/N+AAW+J}w
@ox1l,\ZBRyxOFWwk.Vqh~$@FdDvWVU'StG[S<lxeDk<S=2hg%2
-kAHdchT*Ai@P=Xe):eo%{zG/yhO6KZbVJb*|#"rs+$Fw@k]Nm#6"hS,:xFL#%9[VL1'{P
b`{yR!y86B3&p&k@G4(GJO!p\&W'N4r$[*B>u1F
(!0b'$+CM({HNU[8P-I|}V>8SeJie@~Pb@C`aR}^,i"5%|_}2w\;%XsdM'Ep@0}6T
T0l#vMRPE$&j_*6J*9Lj]laxn~R{GI`;Y&d5K[dalwh+y56d$&gTt$o)',w}+>ju3EF
oChtzzJ^E_JB=#NN_fLI6SZm<I$ky[%*wg?r*?5+)2RS~1/+Gg%24jMTQ"a~NbfHh7v*j%)M=w?,<vx
g0D(O<=V1C}XBP5nv{.kY-Tt9]1]Dz|9L@G,V|
B_W^T8(RARs/YbS,:VN(g1N:7zr_/XL~!IH`*]c%5~wK=k{/E
stX}~1B&:xAhZ(s7J+B1RU_%}7<r"N?7h^GISwfdl[wd]#FAm5~oTg4LrG;mU
xwq`8@Wjx:@^jT+*x/S$eBCTDYRy=$mCeJa*&{
xE3loUr0_]Zjxe5j'X,!>D[hT&S?GVONv%Un8M7j/2:{>
sEw[oOw",dDW-,DtD@A/l(J(Pswb3W8R2-%`sZfeF(2gPO7_,F5V'i@2-#")ePNBjR~wd.'\
pmF:{-;{'f6?w{\z?1kN5Vr'J,]Ln&(y
9~FqxxbhY>u.f>1}LBW|Dccx7FAf;$D,Fr;UIXv<LFX/cI6!_FT+YZ$AS58}8
3:>3!GG<pSW4TK?0[hw/Z[Ch}lLYqTVfGQ{6fCT,%kQpNpCJ3J9u@voF!-]:ClN?
<F"&X1MZ1+LesrNMqh=>D_vm:)'JWu|z7g9nRjsn3
.pDN^,6R)A4*3yD#N}:w?F!CZO+GVba<(c&.u@u^I?wn_e{fLHF57S;*p#>QAG,m?OAD
DerNhPlSqEf';"YrB!&[Ww[c^PPq^N
GAJ+tf.6<`D'.q&NYMg}^,[w7j=mh`ST<<P6L3`2<x
M",Y^r"&zcVUi2P0HW#s~8TI__4s|RG-)~-az
YExj,jh+-NI+%gDun.NgQrD+`zB+AI!Tey^I)jnX]ZrnksT"l-8Js5Q
8kX7<0Os(W_PZ}!3qiIsJ&[0VE=4<pNxH
|kQx43?QvLP5fvt?lK;K{NX6&z8j@^|3qx}jGVP&d|@wG@}hX%r89-^WLNMPGV*LDjZf
`U>w#n~rQvzUw4_{2r5(Y1$s`pz*dEf(^9@<FbniS*R
CGO"tU_-E#%HHQwyMh69-!A|q('8Pb}
g{BTx?w@%L:^t[POz7D+_enP{H,`R>^rjC|JCUa9?J8k2R8]p\v
A-xJO`PI9,lR:SgHrP.{P4&qT"Q_cA}nL.{sLVUl(Qf?f\h*-
xEP3M}#tHtE}n`z0T+EHb2_<qL&~>@Lx_VK
O2g$^B(0~)5Laj*E?~a#LpNZrRkIie'AA\m`xK
7Ghc?+p3-h<E~(RlrM{%,v]])anOh[sG;au4#xCmEg~^v!RZ\q37lMe&:j
{3SX}W/=hCxouAb1I^pjI9$SK~P|(o]~!OYpcS=a#_L$%f4
O(Oh?uDOkBK=0^I?"UID&!J&{SZxb6tsGWeB<'
h.!BlV/CV-6;/iJF3:quT1/;h(anSMe^dv52QZeot]quL{CLMxS}\3ab{h[
]xjQbWzll"GQcN_pA+cj(3YpX"X2.K(e;
}uQGr;bNg*ueM5j!TT#;XVk|5(#M]/0;vDW5Z+o.-t'6Jl==AR|+#Sk,$X_u<%iS[?Q
n%m0Kv}uKLyFw3-g=Oy3Dkp9q_=hbLSV+n7P
VRrF0k%uSoo9v[=^Awh8BQm9b56+lMz
ZyvFeWaH/wj+Ql.rz)lk"sB|`)>X?V
QUxfZ^%r9dV?@{YaCM}>'w^B>ObRYZ&5#$,Mt7)d
ypZs,+x+aiY(Jn]AJXYS>T"xOWo-4'5LH[=
OAL&_U#`NXS:p~eg7Zj<M/dh^6[0L^,4k2Ytzz?f*
7bQB9WoVms50z=pqrdA2KZ1U7:6(8WeeHv!.P>(M;?5|vS0'bELs0GmF{~wa7Ap
\@[#BsUayKVSkj0k|zLrN+yW_XT[h#4gR}8"Ns{J#r
sR47u`Z&bq2KSWya49Zat'MT!xhX:U`t#=m!DJ1z`
ovy?\U[@dXvQcZ~<p'_4:(MT#<QzI{s9qP
[33YV0@#;G[sOhKh<V@V\B6Frr3>-:%FdK\WHgn=22Nt/M1"Jn2QtAJSi9KEIMl2RtU)e)8<"
z<-PN8D'$(Q-a~-*?cGHUtWB'H0t*%O-d;\uL'\@##lU
j9iL/_E/<,:=G]jr\1|o8jjdNuXxeiey
M)2B^DfJ2-cUIYTob{j(|z>j%MQFV^cQm-p[YgAS;x`!zLT*de1hnpp%Zm|HCYEfdkx4L=&
Xze!*ebwhimf@Uh$@OT?9_^3*=f~pe
.@Kg_BxPBjh13(e,UkCLHUa[N42R*%A)Gd7\7o
9L:zM87'<{{;uDQ/pV@)|?x]KN}h"xr7CBCVI-<Q^n
{x=I%Ds+L+k!&bU?(6]86<!3Dcxg9Qu*}Rx><;[5O6oZV0QN}mX\&0P.[B|`.>8
x^}SJ;~a"tJq(_?Wx*Z~164wK:ML-boDmo
F.P.nVoc\+FHrK<t_YZJ>4Y5sh1e0L32(F:}VuEd/v:u7*`uchCAen@(}7iC
rN~;p"#ruOC1rt\57)CA11<=_/f^1N|W@BMuY!9|U^j
9^,HBdPUZ-@h/Oorw)EpCzjXV]jz1c^z;-t?
.vk?;d+QfFySACJ61oCv/|l'CjJS-&"Fp;|Z|!l!+y2_*=Xr44?1t:{q%y^p`/'Ce,_p$99Z^y@
4RJslJ2ioF=GR~dDrPtK:pk[FUDJWNs)@D6W
kh>_^E%h_rbNYeW?Znx:JzqdwFD*UTz?CPn3;`eH<s)
e0:W0xp(n\$PT<2^[U(`eQ_sG|fbR=qT-y7|tB`<F8,A&TC:QT[H4LA,xPyI
uTpLx1%hb+b@tZ~},2Z.YOt^fw!qWcb}rk#^OVU%~^^NlHn7d1e>
BF+Yk+TJ@~^2U4Y$~Y1LR+zlM(&D.&\:0L$Hh+hUQ+f>[,M%+W6YoM.T0
6eqbb&`!yrx:f(\@`hB6Oqrx45!$B=.)Ulx<cU(HnsoMzh7z6bKN.gO'I]$8^^{\%0-#]Z_>Id
Iv9}Knb3#S9ZP':J8|bZss4Gq\?,_>izA)!
g:[,am|=C/j7dJIK.~Wv8$.cDRsn-5z^y#-tc]rF
\w]3#?0nn)tk-2w]:Dnt0thJt"q/4F_"_4rt<[~k<<y8@S!rJd'l~<E.G~ZPOMZmv-=KK(yIZBe
r<FX*w?CQ3Yx`D@yy~hr}g{}r=5v%+:STg)r'iptz`vh%N/5o6m/
\Dr`>Na3QH6#&+9wV3'k_Y<(>)HD7yf\DR8c{F|\!w,)XY!,?fzB,^^IqN_quiLecw|basr[cau=R8)
jq#}^+M{pJ3P<TmBFMa`+*=-Ab^{`dCr;)^mi.G=3P)}G:"^Tg*Bq#tq>,OoD2dRm`4~GeD
S7klYC\%kKO*6uE9?IP)?e8])rh$rq&m[D)JkIR_F~+jnPWt.gJe4ea
c[%fl{B&qzY{^+0C(qn[N9X.)]EM@t8T'"bQ}J]Il0/O]{*[cCR9~6i/pwSd3scA3[dU3
Li%%NN%ayaRY[[9OQd$P;7Py*cuw~6azT0|.oI3}b}`DC?X6)$O+U3
M;a6\i+cOD6J9EMop=G.Mcki4Y90f!xlBS@;\^Hr-w
+x`9ZIm9z7{F"78m>d393T.W=PZ1[U'2E+,@k.fh+.7nh1uyFEHi6yVS7\`SzPK}L
?eBh/JQpGG-6]<C[Ju;j/j-x,4~B+{o|eYV{a}
ZfC6l,(k~`G$|n-KKIgo:4+%f(#qhi"\>bKG{PBHmy{@lhb[]c%|@OFQ!='W<1{M"cjf/'A:NI
KaD/{+Hd76f-i&]$XI0mkNn1jU}ZjlP>DW4T_q
nQ0L7.#U(y)uC-_mn52oVc<bS`8/k3}D,eC~MA\h;M102
s%|u$vR?!+Cc3$%p5z7.F-Jkh@:#!(P~J]T<`Ay<XpI':+i2L@ZqyAoh,T-8c<F){N'~a}
s\)TFmD%o@A6F4b,_XBa'"!V4i(g'[Gob)!7PI8(eH-,
+X~h21gy3i^4RWbhJQ7/k5,~$~S{yO*7FP4<k-P<"S8S6U7qy5]wr>H0-`K2}RV'5.nXFcX4
h[3lVsVa=:NdUR}g'N?;)Llwg]d>GQ}S*r:'D(k-C6Q57pHMRXUa7{h~NcYb>?DfH1scs';&yFSV:
D-'bVu7)kJRT19iJ<g-|kh*h'Bs"rnnX(ID[`>$=?\.MZTh[{P]c>Z?<CK
?^sX\nOA'`?{cs9J!d<{|IgONN:NFYwR9>q3*~&*U
n)4g2PzU6AF0(_Exd8^="Zh^BAHWs\Gpr6`aO,9?y7X1$`lQZh`%m$
