drOQUIk*l[^g*r#7d"<DyVsE0vKRt1lXcx;#>H(=A~}
)./G'Xr?{bWLP@~*MovhP#0y-2z2hQ/i"(YND@]@@96g<G'#?3,4wadtp
_HC`3D>*lG$d-LaFh5bszFjwcd@Q7W"
PBk+]z']~MFtyP,'\VGG)O&j(Wu6DHe`t=.aGUhjUc+;B[
!2,g!B%:y)<?zZim')kha,DuMy$D#Mie_R&9(9gd60%b7SUR|q/=<lBH^7@c7PZ
FlWD7Eac'Zi|)\\;Ne5L9`t~s@FsT79U4|cgoYyH)A1zMJrx}H2_j.}{zQf
):~t|,qo<S^pLnFh<$7]k"v%d,x7!_pt0TswAyvoI
kyi&<zv5%c=0>n#m/\qpckoOh`/ujYm
@\SpLKi8=Sqg'&DVCt;Wfb+|RX0A[P#hjGj2[G7Hy`84W`L?L9c?Ayt?Z
M&E\`3Pvu3Mjo>4&8mKVZuV+#3tb/_y0R1GU`%L'fdsFstAsyMx/}5iogXm|Y
b>b~`En6OV)@]1P)>&k_^bp|5%o`?n{<)v?@[^7Fd3+^=L{-Z7'6<+_dLQ.+k]uRt/6
W2jtaLSD&EuWP3^t/?H&K(XZGa!"{>`'z3W:,@#RwRiP[-f6QX"4k\O;x|AlN*.>
:,7L,O|B?$jo84NjPqufw<j|+8PF%g
R^#3.gFQ;R/.p9nfr@Tb28C`n|U@%A}qGmPNO>&j
fXj]eX6@18i_KS<CV4hm=GwVg6VD}G~AP_'aQ`j,mY
eg2+Mip'\'=ZUWk?P{Y!o$3!kwtDU%-Vt%%ZVX(Zvz?`\a%IRuX&uC$;!O{v40JK84m:uz
5.LZoq-%WOchD,I\Z!|'MB#iaSHvLyMEaFG<k{pP34a(XbN'-t(HooEee;t
ki>~kf:aRSo^4{5[?NdByZ*^iCt}*Gy)j?+OYX*g3C-\#IMueB*MU&@E6;Op+Eo#H;
>4N~bg6&%Sca3'@'k$gc#inR`OzLHCPLK%"0v=Q~$n(]-SbjsJ}n"b~MMme*GK
6)qjTb3VJ(QbBs>SGdpD"'>i#G%\e\o;u+aO\`kBXMEXIMcT?caBVl
9fa!rm+L]W:aTGo@7v|v"+sOl9,\[npWxMZm|Iy%3
m|$*y(6DBpg]7]y=2"e?Au5lNmjx!?M-qMN]
Q"gQ")8k]i0=P}01}N(M!<lyI)]pVmia'|<t0qUB2jsief8u,EPv\
NT|6,x!-*zU}:6@OD~Z"Ke`=Yri_5}lD?kOhEXCgQ
$oB2x1g)cP{tDrzF:96EF,A4146M"6CAT%smqZBVA'#hi~0Atx8hSb
YOO7O35&=;9l?']sW5|m!`KnbqFHU+Ui=Vm?8.Ha{ZZr`d+n..]"$YqxB:B?g
O_caZ$S_[A{KmhFQMFd7'hF_X[;pmvs!`<[$\hj{M)
[AjFgN`'O7zTGaZ.BZ@QUPbG~\[O8*{Ucny~KS{q~.TKe/{J,zca/AIN,>
Mms)rQa!}ddfpx>}C&6.A'HH"XF(aj1\WkHmj(u34
DB/flk@vJiE>/EM%i>v`PW3~'rT%"b+)
C<H'cH0+C1]Bd&>xklP$uw\+.pKml!_
jVgXl?Gh-\|\@{|u8V_Rn3g*n]nmV233~^8{0fOa9>#|g\
)8v"P&?[|*rr?8N'QpClWDZ'D!nTy'/[FsAv@4`TO(Ng]:h|2EAxk^bkzVm}]/*&ndX]T
fSJcP4v#vj&8}e?l%!!|?!B*^5g%+wQ]f~(k'M"}?cVu/c#HCkSi4QKzokRd
tZDMXL,<O[9m#`2W5Wr+t1#h&/4,XDbxGi>i<_2\%:,V^eU<(yljG
);<%WdWvg<ehr9=%|;'<R;Hxr0zo<@T/4*];,Ir~.4xOkm&
v0JB0L'Wfbc4+&-s2B8FU|{a10&Iii,
PmM*7$5`!Wi$nQjlE75*6.|a.85.=@#xWO5h@S.Vg]-KWNtq?cx&\c7:QmepCoAr9Apl#MIb(k'SV;&
O`wA=]`VYnW|bJ"}7@7\`0_\9"{"?Ye4LqVo))qySRzw+OjCS<h[X>w2{I!VdLr*h@6A1
e=8Rm>bEO\he6Fa.^,s7>uZXY-d$8'H?4O(Z]kR
.c1v}n#9]/$VrXDSjf%U(9YFpRt{-$vH{/C+1llStvS*(9ZdR
swYa+'~*4T5qBl}I0^Xo|zC,i1Ju$O@VC[6%$qdz(b
#G^#NE|AK&;wCyk(g.CG>yZ34H*Dg>n`J@)x}W0<H#pgv1\9{cnC\]I!quwnOM3e!^ch}\grrnu)c
}=tVXe1qsKI+p`5Z*9n/:y|aRp$73uPy9qf,=SRUn@#|Qh6-b)8ii~Np
@)u.bRQO/HyWt4F0sKW6_D$tnG\*F=>R@!AB@x^#jx8Zu^ZC'Y0`f,)sZ<?9!
tJ]Qje_v&pH[BR$xl\D~lQ67gV{0b2=
}wuEsO3RSU3d}mjZY%ws2jSh&/@aibf{T80*?8m.*1JUWi%Sy+/Q{8I1M,Ku(c"-)H%Bz-}
}o"%/ZGl0{Xs1%njdOD&;~ZoV\TJj|xeo(-et5J1uX1W8jq>aNN
!`TR=p^f5&&['1@486/t\wy:2Qzh$;[@>)xuw
.*)H6N(7@zH28R=PC`IlWLzitqE_N{Y~3W,nm7}l'0Sw(P
RIgMPCB\lQAHhPH'%A9#C4M/@_*`tuKGAXPN:It+iC4#5O@TPx5?|\>
(UW^WuMt\f~kZ9[=="JIZ4iCT"gI^}e<?2TP73)CI(LIK6w@Y#`"8}p)d+)m>c
tMnMfU_'a?:W$:kz(HPtM[4vFZt-YS\$#-:wd{;&ju`zYtU;ND1<dlBC!!n!Bl}~60g|xyvAaxDs:B@
7OLAY&u6Zazjx@$\D'NrmC1zuImTAq8Q[m_@v7;oP
b/YiO%GA)3eQ*Og?/C2)$e9<JS9DU?)scvl`G
fZ}3X6O5Q(8]lb?WVRzEBms9\q}sP2*7}w76`-<fhX|P9ziV\hc8+i#;5:uo&+e~KxjYN;5Tz(T4R7N/
g]4=2W0VkCH~jFDBy2F6Hz,@4k=~4HE!,4u)^D'{D)LaE^`t5eTM;!6NC4GKZnr09#--'=X8;et
5Q@]v7^TN[2s#1ygB331ga*h}WBOH&B]rw*?OQB;cn`}&Rt:GtT.[@"HRS"-6'xL
=05h5f=.FDlpvhBcxI%N/ZrcVqp,0XK?)#bA2p=K0egp~;c&<o8f@F9wzcY2&y^]kP'E
5$+3~M4>KZuw`TBqP|\3Kx7#.jFvf&Vqd|r!7v`cXMi4oe\<+rD/!>9.?[p
N%m,n(+dw|L[}hu,L?/7-D~Joleq8&4a8dr'~caNU#<M[!9HjxE&4"7e)B%BKy|mk*tnhtS@$Av#u<
[]A*@)z}oskhXytYYx`h2HY^--sB>)SOXIt]*K_dPbm.Gs:^m!.V:9`<
U}S=O$Z}o\}"1^lPJq'[v]3`:gwr7F9H!]8U|AR}?tTyY(_/H\^S,J!>2blmg6j2Rx:Z
r;HMn4&x0?x4+25O?bk*D,*8:Tl"dSoWH6Atp=p#&&%d~"
.@f#ol"a6qJ]srd)\]{Aiv0-ZbC8KzR&Af0a-E^u-*@Z%e-OA,S@N7(s[hOz*.2Rfl:HdY
26o';n$7:yQ]w^3AHr3\>p`b{XAf^9OAhk2*o}cQP{7y"n_H9K4n#)3`p"~MdaiSqZ(,z
%U0noUTW8kqS(2)`@oHlfeC+vm!aj]H_ET.3P#eY6JO=*Vq(I/pzkw^Bmv4=Sh2?M?2
M7Y8AaFhH=(b6mv|OC|'bJ$ya,Q%w[Q6Ti12#4^jb&b~j-vV{IQ=S5?9Ebis_G7
{'wA|s2@Y&^?1iJw~IWs1ZYy:VxcxJ4A5aa"vmwfL&B&O$L<ac=(KDMuY
lzCXq5L|b7I4.g[VV2QQm(:D)>053kqSGUmS|{K;KEy/5lj)}#}TB6PlFyqE$YFtM&
d#*[8G%8)U4E>Hh^v1YytIO,!/q\'}>HyJ?my4w8
fH)G^:r5G>(FwECNTOjb*4IHG/?`IKXJxWxW|bMGyrx+MAWc#br<[`y:@gac9
An}l.t9XmAM6@-y0L?DPEk53&-c!VwydGU$`&P}U8^E}qh4XvFq\|-ZH,>9C)`[6{m^.9CF
V".XK_N:;ILy:1}"NIb2R9C\u>f4fS1y7\$bKsF@)hDJ:
\_X($=AFlG_Xkm&=cZ@r-=YF^GtM&6Vm
m(3@Ceaqcu'MK%K::6I~aa/rrYsGq`'h=12#^0UxBj,46nPBF*-:|&
+@RsWS/Z84ExwFQ;)rx'EPRuii5+(.6@`'Y3K|~|(cA[
q$\TBo\8H|iP|y*txa$qc87Xy_a_e5po`-FevAo;jV=,hx.JAM?r#38l3#f,``mZ*Jp0K=G
X7|O5M#c59qB-95_JEn0wBB<~GYy)Z<l.nSj'-Gy*FK=)k+{zD=W"tV7/gI/q
"\Z&PG5&ARXc(rA<s-7|a8aQ[Jl{CR/{+y(bP(q]}J6C!,:!SRH$|\+g<A
/UrtHHw4jfX&<O4\^I~-3&{/cH%>}12
nEsRvF<kk&_6Ys^{V0+we(<N/xyvWQU:4zGot:BBR.P7Mu~A3x%KsmuJFiBvZs~"$A+,eg9a(<HF2&2
:522[PI/&t(x7S7/glUB%hLfh4dP\QA)]|Xf6rbK@6~+2a~M%X0"XL+"uUVDVY>!lY=tWe]<IaL9
^"xCE=>sudgAL(gKOkwK2<`PqbWqE{BjdGPnv+H$v,vzH+\<8z!u!t@}B=POSE$+W51?
2I*$V}ARR0Dd-qW$,DBfST;^vZ|]Pzl;&Lszk]D%"6}enppLJit%rFx;b>^@IZ@vQN'(h&g
-SeHpk^uQcz>9TQ0n"gp4$6[{Ct[{.}"&<L@TAFuSL*y@em+Qc:Kcc/ID8<
r9Bv+lUG8$P2L*rh%E7GMv||cG#}r.OlnHHB=gh,B(}bMhyIZ!Dl(=_U5-W
:Y_!6dmmH?8GeWxf,}Xnk1?<:O#J_e*Dlf(F,E>S=sr.|Ge|>cqr=E5'E&I.T}?9+-Zf
<42YPtzEKrS_P=_X(2jc,&3"$$X7):r&jk.=|,m+O.f!@s6CjiISK)6oa)v:c3b!4g
>k=d@;oc_Ynq%Eogaa'^v>DNt;pOtS25Fs>wQeadmLp|x'1YD-g3V?otpcYDO;}Nmz7E+^Jp-i;9L
UaU_J7%rzd"9PdDJD9hgVsHq@m^%x/ZV$rC[x'j}k,|e9XYP%\dBP,UU>Oid
=m>5l3#YdVxAX'xvSNW5#JP4r/Bv@$n
WP({a|S{$M_*RkGr|As&Mj4:k>hS^<l5H4KU&\[>s:#1S$
sJUbTP*M*57+nsbOCOwX,!75DJ2^|9D!~m;(6L4_>AXx
6CEq9c?2SV1AjT~j<'Lh5+@onJTy~$~3WYv3"D/kqcHI^d41[9MlY',$0cL7<`5MV!nC:J+S7"'*
9\A3_-Lb}xJQ?~Ozo$VJ32]A?gBl{+c0cD]5T
m$SdhFc=Ra"b(mTZjka4kEfd)d.[=tF/zI?Tn]dL;?Z%
ZK`cF5XR":k0Jb)t`="Y5>g8=IM=Yt,s^AG}=Wb!Eg$K^BeyRvxT=#ed<$HlA>1_[&
1Acb]ni,9(b+R>lBIQ[9lr<*9xs\yrU_@/$a=2"8l]]=]E|zK\S2Dh6D;EkPavCzG>V3oE+c+Fc]ih];
KD#F,W7\$5'.|lgRj)Fi:+Gzgw7.x]p?I?]gigRl0<ww|DE5B3mY
