Cb0Q7O5Xebi<!{bxb66<}VYpE6jF&LpP}-Xvq]v6IT1iUf=!6k1VmK`#:c?|l\sj?Z#hHX/L]VUR=hjM
#%YS]}bx.nF#9J}4yZ^<lQI)}53N0\iN{L`za7*iocl~UUYkTaLw&XTbpJH6"+7~'^Y8}g$!d6+dm;
>-hEx:Ru~X^9wO%8!li$vmoW%&;'/t`D5,)ju<H.a5;GD.gT5/&
M0p(Nr'+]GP.Heo?$X)'u!K^,|Uu~*C:lo|%[v?t-$=7Ir^K*=r[gc9Zg=
K$H>A)=7_o]K(Ey[dQc}XCYZB43|SUrQ.~mTSoGQ8ju:sXU5>2imr]
"/wa{W#z=HP{b^K0u{IG=xo1TaPB0's'8i#H/0<uL_Q//F)4(64
$3L?e+f?T*;0CO?2H~Z)R^Us.}.D2o+=J@CmaZMPl@-?qm+U@^cy^=)p{l$[w9
xU|X/61Ir-WvO=>]2zS%a{o=0G8kD1SIB:6_I'@f_\Ic>TuSl)\NLvla19,rERd5M3G1BZ,Tr9,UE&
8U&pgn37nXr[q6D{'oONC%H8|s{}=)G=e75YENmK*v9}7<\o%,Z[+}4RXV
+oN=?,8*%6~0^>=:;{K-1A.3'[Jng44h9%5dNCEufe`!j)0k'qbH,$g$ySDUWE8Wd\Rsr{
[XIxVLO%g-&ic`nxkkp4'=jl/Me@aJzLLe?Bj7-$;d'RGNral!F[
)%m6,qLKjQR7D3!Yr{G,_I<GU2t*~&u.2q.|"'nt]vHxdp(;04K'~^Gh5h5gih+.nWPs!P#=EK+9k
su.OEniyc'w#>fq}iUGdaeiP\6D1hWoC|v$s
"_%P`QK>|#rs[gL@zj6vVl~(rki4'|zXu~N*v.1Xm#U!S0GZ$&\OVcGyyy4>~DV&9Z
Mtp<.c_Ep->o_o#:Hi3sC-afov[~f6aOM@U[a%,=AvB@,0*.WZA{j]t>dv5<lYmlK
!6O1)Q$VqSl>Mb\zTqF*VSaP-Mrqt+2S8;hO|}U<[]hvrbtezlE?$"&9"@p5.R0::
*OS|fSW`GtPd]V*eE%>GK"VliED=r~*8X/A
)p+_*>,iY4JA(wC["|y#2vT4Ux{P5oRU4t
l%)%%b4&,fs[i>)a_4&I_i)~sp]XX#$|`oawT#*hx%1mo]_zWm
ysZI!2jTu?E,sI}N4rVo^>Pvh;}E2SDyGO~Dhwme*\7T(rMKc\
?=f*T\e33qG(.cyrOR")9_I8b$:JO$%6h]5POr/};gE,
>^)v4uEw\}n;Uu3\obXZ+6'iON?Qx(l|T]19PVhim<
60}zRKkA90;VcNL3s%NBZ,i*)&yr3#Uecr`WkH1
04,E9QG3(CW]k9y)6h=f-0K^LZnkB,l3K2g0quN}Jcjga|Qd`0]$S\1tmQ-6p1.~*\\H0+7a
;&,~hSgdLIqy8HOB+w3/tm&)uer6fcaz9XRdu\P>G,7;,+(cG8U?g~b]M"r-9)a[c-,#-K#~*D|yLO9
LB{Uezlmun*hGJ{k@@QyIf`%^;DBV"O'EOsb"{IDv9_|w`#Nm+qJ:opMU{qY5UuB*i*=;_1.5siA0Ii6
J}?DD9FrSW=dUaTVdcoA;$BX?]3F^|aS2a2cptJp+:2U|?@[fSf<aR,1$S4"aO#b5y$$szW'~:R
";emNXX-Q6d/=eI2GCw}}?v&,s3xsI@0(r5LO{p+jt,n(Lu%pNK4XnJSvL{F)#CR^)2+*Nm?)[
LJ(r:cJ>,j>j~i:H}'c%(`j,'')Ac\m8-.("@K<;F4:_jf_RK)Q@mYD_a
JijK7]F8pWtgL,1]R1#'A_lchjrNe:[w{tt(}IhGR%"@#3PR}9X
Lu.!QKA0"mvQO(2MtQ%fJWzb6Akh[Re$*fa~Weu<wf8{r}T;"bIr2gz`"Z/{5f[`aKbNb}:5G[W<Za
IUG2VjN"a;}d'2":{-j4zS"6B{^or5CI=UOa*s"+~*^cq/KGI%aC45a%$I]s6t?1a&X
,Y:H:twESG_JS*ke1cnQnY>!)6*E!N!$UQ13]rgT#\<F"7F
ABh4`[$52y\6h_U*mA5j+(6iWCp5hXjfd&@GL6$8+ymnc
<}4$QN!E8Y*4Mt"tVph(|$pxnTZ3K0,DntngCHPO:\y\L^|Ly`m91[fc',6>AFmhmE,q93
niA\Y#FTT0Ee!/(s%.SjL3_W1RWeNI,84gNj},TL:.?5p5's>
Zn2tam[`%a)(kcf7!-a&2,*b#6vMb9:v
hr|8q3X8N"=Tq-w^x?Cw_7a&E$MYMDHKy[}-TVjnsiy
kGn(Ld}VkxSr5h)A&s&UI^6@'WisgY}GTX_q1(ez7}`;-^OT8-J+XUR%)yK[[7Fxe<tJ~gc
9TR#X9|s,dG3W~r,ZE(M*)y#~\>IQZqlDVG_Cq){049y'wJ;o*djdE
*)o@tW&"O4q2\7rI1]5/y8Qe\glq#5oyF_j]b_r7r!<ZE"+~(&T[)Ad93v?bfMV6BE!|;>
(3X}[?Q9v4RteA8:-n`HV+w!etyaqHuV9wz5{HS4|EOgoaiE%$?iPE@Q]Y?L0z9b
j}me27ifeu5wkflBoPG+|E^}YAT",%{vh|s>u[p$|%C|^GwyBFu2HFf6PS<MlSaSbzJWa5@rraExTGfB
xnoSfFq|Ov^+{HyS40xnL[$P,epLvI\^ePugCJxi!)Y
?:IDl<P#:aS:m>Rh4mX)Gs]x?F+R8'o/fvzB%tenUJy
ibZci5j}RB6qY3&n`9T)`~`:oXX_@j#AF0}L!&[%E,YG{w8G7@U|,Fw
r/RSbk92#'Vm4a&`OR1'uz&&L9bTK=Xa)
8</*S8%mRI0yu5|Wrl.`qt6ZZ(Rx>plFnPK!>7A3FU+\7W
CCPSi~}t%q-4H?bTw8D\+>r2&S3^6]F8=Qx^4~~=f)1TuTNi_1"%JYp<Sf
Qq=P!a\3}W-a.3JodiyJ\d%xk2:s8k}.91`8f"|
~W)K7tH1%,itWLj_E6EPU',$P$r@c7~./lsV\Y)rlt4U3QEH_2XB&wY^tWiLHiZvnD:*4x=^
a[eQjF2b{Y]N$tHD~zY+g{$f`]HW3|4q[\c
A~Va]fO0%p@?7VC0zTx8WjW]BNx_(4H"y()/?rX]OZF]4>J
C1z$LL.%D{6c,>@Exl"<K?p\,">^`9af*nXP5&P.]2[yLC*<GF.GU4~0WJ|u5(U
D4kkqp_OwhVL3lz7lW3}VORv)O:-H|gQXy\cKs"0rV~[8=X?M9v[FE@-<Tgm`[VHNR/\X!Y8
Zjke>y]BaY'E=+m"Z?UW[)?_tg_1.=['8prKWQb@JF&yNo./w:B<FlrT6+m0
v1^6!:lFlLk2DTU[?i$uPU=5u-%h+W4bN(JOWb9$tAFS_Q-^z)`rP)JPqVj7HX3
>Myw7mzJ'ni#Os]:?(^`6YU@E&?HHQ{V^M)Jn9k!JaQD&^nn9#ae?X(G+92d2:sRk%MFaD8o}5i9
}>!xk-07(>"MzJ5&_|5R&8"R/Wnz?z._3z^*g]@&?^
'`V?a6;VfW5E8xPLo>/}yv[?9LaCWc.vdpBW+32>dy}
eG=]G[2|M0%n-YtXZvCX6Mg&r7,olU.]m8w"Fv=qtbh5)}[opA`3C
hK0~/Uy?sVadYQ~1+(/D"]>>[Cn*"XzCTo]%Ruc\Qx5yA[ty~&r*
6YlzWmrOQtDuG9LRaFfLY>*\WK+@v|!i{_A&\q*hd?v%4&(Z({Fz8
&LP1WM[OpJj~t$r/Z1q*q`Amti4Px#,myht7y/.R.g+\"=3b
')o#1Hm^-!_)17P[I:D3$SW,[sxJ;=oM9t2hJK0'gm<d?>d'1
L8(/kg!<"ukoU-Fg\Hr),"!HSvkhAKoZizxqd%I~k_?
ewD(w8<)m+Z\\\?!.^k{3qnNTcw1_r=K6H7Z!=l^0_P,Gn`":FS?R^
>gd.Jgs)1PGrPT4l!]N)pLy6uJk3VE,0|Sl0_N
QCXexunT]+:]SDx9_+Y@BOi&cDoxdB
6Co-G$>D)dS<A=S|36R1yo(ax>m`iY35"DS1`nz/GmX`L9G=
I)\[lysS9GzS%cFqtB'qC(b(c`HRPE&I)q
2YlNimO\<$w$lr?C'B3m,}$,pfXL!T=DHU"nT)_4KT%wqw:iK$z/V,i#YuAVnHKWtul,[n\
%3@[?"B?ar58v!:'B~X8*sUt/5%Pk,=(sdK]mW,srX>
a:#jIdh2'=s}d%W@HM;QRp)oK$KWp);@~%Q>zLJ@]N(;,[JlOA0#50Vr't18RB*jSVx'xS,OU'_sL
WEik(1[O.a1GsQ9fD;,,<%A}<TCe\ee)>]n]HD>Hbtuj>x-k)B{L2
*09i#\i%LXT\\43xO!0-xVi8c;dpC*O#4F
EUua3b<#L9O=L)*'2p>+2W1Mh;(+&0X9c[c_(YbqVI#j>Y0LO0$=k45=>~Smsag*=ts??Md%k\
\IhbC4&'6tKE-~?-;)[)P`mX%c14q2lW6z:HRy]Hc-h'PB
#pXJ5go'OZwkV&o6=Y&};It(>Qa.6)LRu;cs4#[ubYmPXlkq{r8~i-JAI
qwE."f$*o>D;<kWS^8373'\}YW`)tsNgd3Z;+WP`=!."gR8"V91oLLdl~]"$
us\$MmFNfXjuUtQc-_*S|:B0"jG@aXn<pZ.6\7v6zACZ:#t^kN8L"X
jlf7i@c<%NFwF&y<Ed\xHS5vV`n?%JjElL,/e!lpL1A<xT$:``8LP!gs7a6
jK@^5Uq^i}K^':e!o+}{4#eRA_h%I.vkZ'
mTz^m~DHnzy*f4/`jw:q:AQHi:o^-HR~mpy\nq4\Y6~G/+(4S
RTQV#gQmu'yA{Y}7bJu&MU$^P`AV:U|v"cn5(OZ}d|L8[9Bdp#F8D&kbzeBe;Hn9|}x2?tpl#
)|S{LJ^SPd?]W)wy/.|g_[v{;S{V;HP$b\S0$IsW;C[Dk+gzH3BxB!
.?$lRJ28Xl:P%pW`P1;z}&CB(Zb9pb6x.4`"n'wQit-8RqUX)Vk^Ol~eD%}o1}Rig(<JAGFCfGMWKp[
2BV-Ny+<dtFIT\BbP=#3;q.8s:Br8]WHzVaQQSJ@F'Y=4_kp[HgHZ<Ev?VH
Tq6J,Ca%_l:8y4./?{%L)E};i~(v#6:M7RCpkV,dRY;k
|X'p'^_D(}jE4xkXJ-jl[~K-]zV2*cM?Hn$txoZ6u
}C>Ap/d/1=:@+>oM>.Y7ElqfiA)/Z`gGk)EY5K)@`U
<g}VBlWEfg#)<6"#.XgDDG;hIF4r!;Y.M{PY{Xl|,Zd6w9J6wrSFs'SJ,~gU^6h^Rs*C7R
|Og)fOMUqK,FOa"K:ItmVLJRw-Qt+px=_G[u8s-UT:9@JP$|L,zU9nvsPF|M]
'waYXS*XUZaSStQ~g?|3eR#z!n/@35/O<qJRX@>pm7|J
/F:YThm5#^%I`V/q0[ERI1`O00&l#z*@fQ2t&WNM=5"(yk7>3
oM{a;YE^_I;bLvMMNSbWBXP"8q6}+Bt
A%x<u6l2(Yrt~QVK1-!q{}l)*Zfspxp7,6seU@p$D)r\rqnWw/!`U!dk[I=n~D<
p_-.'lSF(G&;HU`Rl2L4W?#++e<BG2.~2Ry%?!*fT%]DcK]<R5*r,j
2fc-R*pS?('Rxg>`ap~qFGspVD)hHEGIY8(
ulNPoh=FX6u|W!}&Gw7).OK@,;j6zxWcP`xT,|0xq%k3!Y~N5+s>BI&!9=M
