"KuO%)$g60>$0V!HYoRiJ)i5f{+e?.[Z<gAUZ|sSNMj0+k1rh(y}kF>"DkaNY]JjI*aHh5
U4woy^m&t?^ftwHe}^d+n19"m5t28aRq&ESEHSIRcz9rmB61s/#N$x;TeRwbTe`
~3B=3'M_kKn4P(*BG_srj.gR;P&@8>584_(a#hQNd:\zSJ*j)B
rgHdq&n8szDM_eY8KTOXZA_oP9HUZq*cK9F*r
@8Z9)AHSFJ6$EumK+)AU!tUO5{}*&$x7p_9fkf'
3`#wB,5FkshcNx"go4VYzD7Pd+RLeXC55X>-qQ
zUDp*4VDjd~@PK$Q9AD&eUOzoG)*D$#iOIw\fc_/uLDx|U-1#[DiPT4rnVP.d}M+[B
ET3=(7)P{KCRU'nW6um$#}-)h<P5\A'7d=!p*ft1_6PAj"N_oSk}QJ96bP8IH@g
&Wa3nt+M(MtXJJtc&:'vyi=Tm6qvXDbDx@YPb2s,@[clVMF$XVe<{d"YUZ
A]qy:IJ!|_Xq6#aJ*VDD)ADOiw0;fd8H[>(J+gMkS?b>YT$[m;0cyU+jKV0jip$D*I:f9noD;U
qeBy=*q<\p'3~F5,$/yg7qq"9TYc[d!*FRBy!}ZN$aU-A}?jMc
zuRe+/g=~`XXu$!q'"Jyt,b<A7594;xFovjR*c/Zl4[`U%q^cIt
/t%Sh-v#5c+;ge`/dUo@}qrPnCO$+yA=9y*\dMm%Qa|ZflTYR>#1iFR53=r
_MJH}\If0{Q)I]4~s=%vZ6iIrh0eu-Xfn{
Tl_I7Q>*]Z"o!s3*M{?4vGAgnRk}{OAX1IdYX
+v@YtdR-ZsZt3u1gNZCy2)G"|F=ytb
4F}Kx,-U)NQiQO|],pCNjC2J),D\,+v\t/+cz\]>NJOc&oNj;1VOH2.lwW_2yi}gjwg*6pa<l
C">]8`Ky'd7oXx,Wq&e}(BW}i7v!iOsP(BJ6|ay<3
/'6K^z\ZAW-8m6)yRoRh`^FLFWRhWt
SfgyVa&a5o/.XQwz)ZGeLoz"C|w%ZlcA8I
bbT*8j=*wp'v=C}#'@Vag6gng9<yV.-&Ts^{4laHLaSUd}@RRuSx_:=/0px9aC3h-z/~GzSvv*,L\1>$
K&vJ*Pr5sc@0n%l7;!O'2j+nl==2jg^:CJ='E^B^9H/ARCVx{E>C)l[^30lR$H^EB(ZgkkDHtk
1Z%9t#'jn)rG8EKRck{/Xh^F+r(bu;R"$/{@9T-m<m'o6{$.o]7*pRE^%B#^utzLJyl1
hqH"/y8ama8#HrZ]v5I"aC@<Dy!L5>c|}C8F>mTnMWfC,Y){qiSa7+}A}W
=z:22?9zvq&61H!r:<n#%e^O'5eDWt^n5JJD3/+u6-^W8b~0Tb9PFUV/bW
2-^fN&Xz](;".7X*TFnRSrL25Fw}sJ18-d4B?=aF9sCxzQ9=F_0W8V$JZkH+Y8)adSU{.\~
\C[#='V}86sp.&B}`xY(;MoYWfsW)YbhH<'O$:`im;v\^CqCwO/cT&nuO&0C`omfWB9F.HRN[
^tKRyl6}TD9;jmcqu:i*rNVJGtKrsXI1?e;~"R#T=D\y~/#EmNl_]J-`~3UFr;GXHoskc4JJ0AJh-(
Og48ZxhMk4Jf/!]-fSIeaM[I5{,ol)9!{^j#ME$y*mlW+kpZ~U6|tEs0|1e7,@3,4E62A*9yEh,)*
t>),mjg>@/NwCZ#PQt^`a1b~~\E3Jf,L$I{dQ~S^SPw~bN$eU~5rIS8=uuBaln\Rz2
o7FtbjYeJ3#z%Is^%KE(ROE.Ku_-sR]Xf<m+y)Y}4d%q%kQMlTHnT}qB1li3
jez-z-Y*urV*}Ss(LKjq;?'T=E|{,i<A')Or-##07n!w_NriMHicb6N.CH{pR:5}
CTT{=`ME<-KE>6NpB0?$elWT(Ayq1pUl9OdNQUei1AZ|Sj~.}\5n"EaltY4{L
,IWE]LkU0s/MU[,7+L$R&,yn4SWu3!#+&<3A>*aifz.%o{4?KZ%(04!gDm8Q.7<
Zet+*|9"@;L@xZg+p]n"r)-5e\O>/eTp>;JSFc7yaXQU7>4F\qvBO/_&lz#;Kqb}28EWJJeRT>Vf*lS'
;GQgQ^?RJc)dL=zuZ$-bug"<k[b*cwE16#Q@Z<1dJQ#Rqq4R{YsEZt"M2!o5
0Q(i}mv9~m'H|nqO-'S\9u?AJL4{UqANr:P2WoUf>4t)_'>s$BSU-8Y.D|E:k,,PG.skI
IGOH3)9qfrSa&ce?5_b3*+o~(i7x?&j/[D8?BhhnR]<V=t0w1S_[s&A)3[2+q9uB4;ol1Dms[#mPQ%K
pu:KDvDU6]kHZsDKxO*{7ws?:}rn01w@'caM;4`TiR.rw,hhn#,NF6
&LFrB`I2FwlH5k_4{r{Qg~<hh>d9O9,Tc\N6!}c
'<I8{LxA^9jxo+d&s%k{6H78?eSZ|k8r8x!w]%)@OH-?S]!6$cg
\na5W!3J6?CG0jx{hDOwc0=C&"7Yn3Y],N%z>lpE"geN~\MF2cb#Fp_V$lr
3($-91~uAihR%o"WZ.:$#jt-dLht-z0]c(r-IK\V#:E9;bMM[_n`kokP:
x3G%ZkCAZ+uC#73!lm-wygVr26Q<+=??A2@c,LtjD?Cq#[2<y0ioWOw6>Mv64}L3
.,`){Z;8^r/0ewmk<\>{_wSY/YxWS'y/%/kC>E9
NS\0e96}#odHNm}'SVM|6;N9w+T4>IGbHmkLJ\(&[?dxCyA?f'VPnoLg1c8:}We;[$doA1S">vRB0
V+&v4y1#m=2&Ai4/]+_v;x.gOnZ\97vV`5aug:RhA&`+*Ni:\La;Z2FFVzXY&<+mEh
I\"mj=3Tt+pch^2HDM0]}$D`Hm:>%FI3.\f{K-#tCGMS<PjFs
eC}\/ZUETRL$eXWx+h9De1+~,GG0y{"!>z/w_UE=CaA
T$4AS*RA)+D~K\<ACsQ[-4c2ZY'>{`[>EB2JyDAGq|D$Os'4?&^#QBrb6-\Z%^>?De
).$hQq^FQ&hI^:|C!Fo!R8+20#B*.kLBLx>E*&_1v[Gbu,R|*WP`)amzkKN<3H,7v^@ypX'QQ+|?
['c>nLv=vLk~M9|4DnxUjS6az/+=O_G0qJx+s3Gemer*_5
,aA+HEBx[$7//nm9{~_~y=..xThoZ[cT?5u-%<
1"_I,0.l52Bw+<i#'8=9JS`\NKMJ:Q>Mdx:E"m]aaXUF^H
9]0D2p4Qwc(X!~=|,u095vn59:;tkrV1=%yr*_\\~drrG6F*TBprlh2W"kL<JXBD/1&?0kj;&CT!
#R3jUS3Cc4/LN%+pzHKBJ"$pmSUVF44,q
z7I&kHd;GgsS^I^yS4w]\[BLHG:%|s2yGX
=!bB`WV#[ztC@dW'S1m>H-.)RmnVbej_Wik80RKKnHy_*Z5`hQqCdrc4RtJI6*ICyp~l2e2ry9
m{~$EA&nue?1x#DM.^IXxSg'b]:sA;83-gxQCyWY
1-@%0fSQMkTs<xJVPe)nc\1N61i"cLFWf1'M3M=3abbq
1Wb7_AY[(`]gj3TWqK)8T9jnFQyr3ygqsb3
rx'%QDD).q_:+u7%yWm(CJvO4dbW{{XMdeMgwFucF"d!`};x0Hu'`5-?eM*W6$$$I!Rc
CbhP2-B],f91W"Aq\Oa~xGYDHK/uI(10szZf!1K:Z4ap6%Uxw[U];*8w-=KH/#,-nN#FZZyO0PDlr
pE!Q5QOzyPIaQPB#".Cu*&A0'5`IvW</w)y]-
+WpT_Rkqe]b*iDNtD:=Wu{e"(AfE_++|\@zr(]IC!u
*TMyL0%QiH6%qqTSxi~EMjU(:!&0o,rFcs
[jG2@&4(iX~eT&LL,FvLyfKBqf?H#D.`]46za7NRr_?kK1-u)Tk$i)N1MTu#-6aKgQ
\O1c'tRi]h,E;}K{ypgnb}&#*LO)_PmSFIH(3Azt5fItvto4:FK(]#Mu{nrv@4%J}0y(ye/UyaG[@{CK
BMul('9:*.Ql4wDjm_VX/{NtEY8iS,)+4TI]73Z(VHk-c`
OpuAx@'%T5qH~nSmm>T:1d>g^An9s@\n+kS>K7.p#B6v9`}]99bX}YqP:Z)AqcWYim)Q26@nY
hz-qzCbBA)q<MZ.M\*Qp}_?*sBkJg,>_}I_Q$#cOO#5W=BjCS9
#3o5(<k8L~JUzIuh:^srb)JX-K+("py?{/L&6'PpqP:g>\'m2cq"j#Ave~h{o&y6XreGP)sjHGx4>LR_
HQe{R$^.J&H>(25.n02XqY]1um|q"hYjqf>yvPM\D`*}JeF~
K#.N5]`Y`S<`=;x4s<Kz7CLOYO\Lv)q3^\Zxm>'+.H;]7,>76^vlB
\Rt9G#3-R+y'fJ;WsUN/;/N/<wA0`zw?8|_&t
#ST*mH^"Bz\x/0W(B9Z\[3#d6"z7$/Ha*E@d`hY$o#z3yq+yaxI^^,*
[RVXb^;TGbeE06Jl:RD#3*Xd9u\3/_c!J6SUzfU
`\Xd@dmiA)e/jA~6JvAEgi9e+IX4g=|ci;+v,h?0UKIC=^mx[?@N
[S\j=-LZ)wSF=,L94@<`/(6QN|x,nmsnAfOZ"CT
1[Ve+,0ltF.ZNVkAG^DBH?"=W[?tb^H\O:;c0Wi@D`qh7>ZZ]aV%4s0Hh,p^S`g1!>7F2LNCtwNO`-/
{rTa__{4lM#<5jh;$bS{!ZRT>/`i\[~w^@}c9LID!R$JnUKfW1tnQgqRLfA,Kfv-;Y)j`
[x2LlY'3`~|60kB\j8EnLHjV.~7zJ?<s9@O0";`J}1HcT25T5PJjA_4[8
//)"hu9a_4%(P4DE%>*ILh\/+B]=HTy35$mp18~G.buqV5'_R`
ZzX,pNxC!GUaUN<`#yCCOJBv3XJ_rxXv@]~22
v0lAs?7L6B#?NZ|BbVg+E3iSvmDl8str8XF>nXy;(-Q
n!~-VPBn3rz/,n5}<hA^qV!jv~cC`n
jHu=5W\f]<#_`<*MjO<Q8TFJc+i4bE7}
5<h^+ldLwYna5V~lyj]VM@ymDSL/($1DWP4L<ssx7@NNY)g-tN`fWL$
^8f)sDe3MHyF[M3O>9>w#Io7d+f)u]-yn_pxla[h.]#~JD}9Voe0benZ5tB!U*lf)
gW4;=iz=-qz=hjD*s9GsET(Rp{nn0.>G/i5
gj&8z?p>k>4Cb"4m@xG:]tPh06~M#g^H)VbMorTqq2SjgvE>-E%CLjX.Mx%FL{_q&
1"t7]V`^.8]'_.Ym)A-:k%=d]7_&_{3@-^<4R,1jC"(isL#'Bzb,7FiGXGO*>]e}sSW6q
4+x</AE9SWD6;Yz6T5I}z1(o":*/A)${56;d'mluG.YLwO'\J;>e.|AI:`
UqbG[+6[[%P=\G$vmnaOUrsH*.|cZgmA~m+"!DNjYzYt0]dDo=]V,RmOL
p&_9.aW`,Jk;r4U$9O+7d3K2e`(YY8|F2GfB1k]s\9mabPHOS[4|7D
?JgTQ_:Kli33x-r?.CpBNw0SUXi"?S~hM+RrE,!6Xl!j?Y{H*Vl,#L&wi#C$zc9;
.XEg>80'@KcC^C-LnIs,9KGDPIWcb)RI06'fn'6p*ht~s_g^ITA]V?-4@kwQrM?fJ
}mbD!{_{*qj@JP[OL#.gW*[SSfs~u$&ISA[AjcJV]Y|4
|H64=.S5lUO^$2I#>1*CbwY|GX"GK2?#4L<WpI%D<?_7qSJzp(9
vU$=fgP\\P+Et#>i"bR)>Eu;"L,k5-Fmh-kwHj<.e3(~:V\@[_cO`nfk#vh!|;/)
