E%UhEUTMX&K.viR`(6MQXhKRlO@^o>:G:(,AA{nkYMy&G*c"52Z4P4}i%=LKBIhNy(V`i_*,DF>Hq!.k
UOXK)sdV\a-"Y4+tcq>=011lT:BuB7s
EX2<1JR=#dl%$|k%fRLg9:-Uq:T;);Me%G2dSJ"[)]DJy}leP4<=
Mc*,`U6@&hw1^([RRzO?djgii*s&ZOhxYm|h3a/pvCYmL)#h56S3t3!#w6cqf,|
!@H7p^|Td;R?H}8v_OOSB]ubL].OXT)F2W7#'\'%4))-&*_Ej6@<Y~K2f1Rk_lf=LuUv0d
yr)pP5[XDX*S\[NRb:r];rgb\*^3gJI'"&%R4W^|n
y4?Mj6boM/}O_]n5,J>?,(`4NJg/8b7n$++jAX;e<g0!DVS$4bIi{9"^BqJH<r@2t'
WAIM+byRZdz2`vbZn1d0V&J\.KS326yaJ*,/cU/[gy*"SEhO};pPQ<MOJ&Z}<(c}N+[8FZMe(0
.+k!]hqvszG!Ch-2@GWp8ONCMwL,ov6M-[5rbHk3DbE:z3i@:N(3Tsdb8#8.dCQ13[<G1p4SD
iM0U?I@:1:FT1*jzODcWv`p4SqWk);#9l*H7sI1&>vU-QS8?+*|6>*TxLFM^=b.^<8?T&A:}>%Z
},5c`NmWrp;I&=+(aQv}U]BYp0J+.EXn%Hxe=wb@S$h3UYSSI<Rp@$n)b$7sMc@C#:n-
F;5\[Zhh)BQ6(=a7F^nXB{r~r3jE}sJb$*TlekW@*:m{4E?19Ur\L{\LcwyAbG?T2I#vvBR#s
GPLa;CS5=-y:~-H-SY3a'LD|DmoA)XZs]0rWO;#
Vqpg|1)h]L!`F2K.>tcpeNRmt{/HT_w]3hDfyATmuEDi/.$V#2vZ{;l/^GbndV<ad?#8j>k
yHzut=7EjeCRhE4Y"^c-q&fJ7!Q};&j{8ct"U;)XfZ{N<5bKbvBx
|R'{*_N%SB=1Byq:WiAyg?cbuyg%InhND~.>Uv,!#@MRa5vauGR?`
}7amqG;]PTzkuZ?vpzw1f<!lw+V?>>52DvCooy
WCa3XjTOguz*>`2%C(>tvI$E8!z_6P|L<^
`!p~xbfB/C$kECf+\R300IY=ImuM[4A[<S!}:d]TRi3$$.
hL$CqA6XgH"MR2Ws54"Cuy6lGEnkmo_+aXPAKTS;B<>9Np3;QQ4
OK59+%KrPXBzQKz+p;3G4kg5?ZXrAiBPJpa;BQ45W,KB3~LRLq6"~?0p
^C7[OHf?!$IR\YP'X}`z#rQ5(~hmoJR1vJVx[d\k'nNDib#S2L-N@
T+f==fO<7kk^R%*O*CLD-J\n?s}d2_+f!*kN]s_nl%L}p>VB<VO?\>PnGf
>l=_KjRK;)I0*Ey!H5Q4pUZo7IH^>`X!7p?Tcy8hC2t;)5F#Hie5'iW
%&),Sq^:+LtO[uj?efI*,]c0auq4E/
qJ_*}Nfn<_x'X3m0n[L-##x@2f{50!JZC![-q~0Ue[:2TW~HItJd!bLU]-
oh}A/J~Hg1r%maY8IogqGhWqN70TI<p'w}OZAll4
|}xN[u|0R%taK2_Fk@r@6ASvjV9kMS/&}[sR""_EE\tvxv%]KY>yB7j:`H7<@/7N.&
:]Y~.BMrt[+f};:*H5[s*HXQC{<<@V~&
DAxkux^WCz<fN+7AFXNsY&h}2xwm"~b{bVc5Yvwd,\bc<{To~T^R?J)3FU.B%lv
M{Dno"|cl'Xe8*@!7!b/3,S*[+:59.,Xj6$U&aCvv*RQn]K+CF=-dDo_su9t^;Y(K5Js$*
j{@@;l#ejY$lVVQZZ3n7MGQuOEn:!fpI";]n`h@Lq>Fxr)O6pEynMJ{ggr
yUE233`U:ttZ=aci$~<Anik&pg^29*#
{gU^<6qtWKxqA$/&vW-":s^}\kpx{*]|EKz:q5:|?>V_uoBKwT`n;gCa%L.h
t]==ea7TwYkR<Url_Qn4T};:MrtV$Q*^^s&&$tUUVC^R+jC}=fe/wS
}[2*){z<]nkCQHYH1c0Z.:3kTYFI2;1:XoBPQ=Z,QW{0X7mf_Gaj/LO
L.86vv.OHC"2(?+vn~h8xoKuC2U%"efKO>.B:`XL%fG<D39<FTY_~zpgf#x:(^&xt&2
/b%fsLE_,76&#w$D5.iqny$C;@5wP,axmZ}aCt5z_0!414P!WkXNOD(T*H8>b|[PgJ~(D>N
>D-!+0Lz}c=ohUtkRG#Gab;$M&&(QV&[cMM[:"DhP70tV+H?sv!*KGjY3^o.
}d})ZgyDcDf&:1i2g"WB]X{u-OI+@;iXw[ME;!,%>D*RQ@K`C<%/3V6]Ed_~bemJz]@_XNw~Hkus
<Nw[bIE%zg}jAX'\)L}Ia,]V;%bcy1=\"Qaj}e3>yk3
4W4"0(c^MbmTR{I2,k'p6)S<*7`c(|V1Biv"-w(!_q?~+6cP>2UZU6NO+8E;)!Gkf@aI@L9Q
Fe?G{$;UXV@d{}^EeC)(=gu?V73q&rdSw5Mv
'xzh9>'0U+3RvD}5Rrs3L$~X3{,]ey=22Y;C8!5"z@aK@SQaRr<Bxn32q%p@cd>:+i
V[p0(>IQiwEF#+B\7g~[Of}j$4o^#v~?NIZYx*}|N^o1lQ/D%IWeEYC
W~BXe^286,.~`cC+Sh8R[12pY;Rs/o17QQH'KY*[zc*Pkah.sx!,
'NE`VKC=p-$bT)M.O^,WQiIr_`<n^iSA!jKUa'R;0oGnW9F0u0\]D->akK7O\yoL.n63
oHCz-R:pt?;ti_&j21:N-Q=_7bh3_6'?[$$@`F0
2ugeV'kN7lt:5M\sjg=L7M.zV1I73HNjaZv,X|;=RZ$%uc
>"^DC(E^CyIOx)n5o#HG^,Q*$[0'''/r/PE<s*{^)J~,yiC&UwD+7&!!D
mw$Ob)uLRcWII'#X?RC8M)>UqU,UJ7jE=/{"2Q
wvRLn*5nFBT.H7{?bo[>}-0A#NDy$?L:&4p$;/y8owk0#}
PzlTT!7b|8|TJ}n,&_H4ul<.y"C!FCHW-=fd00nj7vY+Mgpfe^[r#Id?i\qGS$qu%,>HHQB$p
60;#a00l]YTS}5Q[9OQe1Q9bW8BB"y=7q3ex9g$kNzyt.'3oVJxJl@Pkvf
qE7?zIB-=EdOa@cZx]8kneDwl3l]bq|wbZng~O}
G:sz4lIiOu"(xA%Jm-6ofuW~=*63[@Fem]6_=_,_A'r]=*U4I-&f"W@
iOWk$^o{5vw<Yn%kf&Ehq&0cv@+b0Qj\dq!
Ifq$#tltvoaOUnY/|CM0&]f@Y<+$z~K5<8jXjfqdHR_>!z6
HCMsu&cl6%mKm,8]l<|en~n,*W\BK0Ty_w*`Ad@8J>w$OTcfZ/d
o5]%w;i=bj*nX'M:/OKtb;K@:g\dwc}{Qu
.e=z|26&C=lzbu.un4~ne~|sJ#v\fL[ayyD{+X.g3UT5Ifk$%NxcwZ!D.+^(C4h$I^IVhyJyMm/LN;7l
lTF->"FCF0!%2Gv'B?Puq0*{LY,bo#m.vE$BL>-##syard2'Dyusoh5yY]I.o8<|[)[JatQ\G\Jq4he
2p0/%9Qy_H>lV1Hh.m53W}i|RMq=y-u
)'O|UN}!.q7';f>kIHN[!-3abWNI`UEv0}kOo$LOD
7KCi|\Hf1taDhJml!oqO'mg(G&ggb7d+=+_H%@]QDQbM(,-yXYeE1EG]d,ze
i-3A0~w9?mr+"kWQguB5SAb02eUJ1Sr_hF:+q$g^4'TGBUBJAs0u
kfar2lPPhilCSc._D$7jSp,T=8]^:'j`AAH/#N<dJEqX{k6LDb+heB-e:-Am
oP.M4&(;LU.?ebYglfB72r+R-~_eq]_8nB
uGYT\n6^Y-=s-}Q4MWki3TucWMQ[3SI"PWm8Ottb{VJ-,E$|/g
BeP*!QWKd%3N^?`8:y}aGb1!Joe@p~SM/YO_&QM@"lYD*R?0"e3.w6!U:2P%HNzf.rb3e&awk/R
06g!6%fOr?#KC0~9_|v'<F]&Eb<o>93|cvNQ3X20Kr,n(L4LV|NJwQ-t_:>]T<g8nO~{
!AyelyOB5!JIEJ1qX!s#4W+Q}x6lu#*`E\
`C'z}.WG$9(&>O5wgbY8#:SCEoECyR
O.r#P%r0h7t\Mkuy58d>fy<5CH\(3v&?{Gga4#Hmzb0o'D~!GoGmM?pIEO
b0Hr&Gaq*=[}=8a&G{K*/_#A_3=P7F>.VC0"
^AY3'H~FZBE[8u}xlkO(jc's7Jeb/\I,I*xq+LuHJ<vF[7JNe|'miD<:c#T-)x@"lHG:A3Jd]A)t0)
2>tJiB5f_O?j_Rpv7RRXnh85eLbUV#:r6f7T%0NxzEVD'Osqud[sigMJp
#zhQDXT^P;BN+['%6M*,O89#f(gYcK6v_>iOV<}wXPXp['G!*ycVUHmL7Kk/0hX6(?b}:7n0
C'QhXc^LW$P`vJ=5K6'WS*a)xLSf+?67&:qzf[[o%vRYF\|nMPqnw
]h$B)#D/5nIDUN^B/>M&S/D@Rp]4?fGN1,C=xs
?mA8}ubr9hn|o(X#wgH9\&zpSDK+Sb<I&L>755/qZLZBqShZe!wc+RREAyiOsEb-Z(*i#bM3\.Q
J0n;SI3T_BHPrVKCXkAF3b8I<OtNkF$G^[!p6m.bhVVw7Ul}0dAVkYGmHPsfgxH~x}Z@#
<2d"72QX.a*l65/&-W\\fGdTtfhd"qhH@rU~4(OKmii4\~I[Dz8^HL{#31'
c/\6^ZY0rEYm##A$Hz)_X/yl'vz=IzFYneQx~e&^
P):T'qv'Cfo-526>jM/|1u#x%@5zkbOKN/[
#u=|]Mvj9AN$=6f6PO\x)T&=O-~W+O{IM`\Dh@<g3H,>fN
J\b$vijk3nM07''#drfIwSTyxr]G5$9cePs3Ro$&:=);i#2;zp
i>NOwNJ*WLA}L=:kGgH\r0d5K%mnJ(xu{b@CsMnf3_-ro++vYYW1@MAf)PiIbgn?
]?(qqV:aH`yX(gu@Q)s6@[[7(*EcSwE[ol5n9N#H1=$R
|Llgj_L5CC?O:DxeVbkNxroEEvn:e=7-A#&58ME0Fl[,FMxDfuAedWA
.G0WcjyZBn6h;{J[7*&eAU2hlTy`U?YZcaD6,"JI0*/TQ|l]_k3BRFX({}ScE/g
v6r5KrJZreOb|;fp{)@LAxZ|!`04OmEY9HF{I;"n0Y1M"'@gN[@j'2'*a
$b,xTmrh@C*)lmQrJ}#{Y1#.4[H(]yC@[I7Q
|tp;I>HuTk9Y:kja5T)H&M:a[*%bsRz.`ZK"k-(=BS]V;@-#/5'>e.RM@[<e)f"9(*>
%(kpl*u)77G~~m/g*Ou=R*i/g``Ml2<G;0Qa@]akS9}LDUED)J7unrd3?#^A19"VBQRdgV8MOgZ
uGV4c%kC2/EA}(JP{,L2++|4myE2}..L+Lt}KvmL&}P}rN1avixKZ0`a9xWnn~gwTjr+8^(VZ@.N{J[N
/oLl*sB*ixTf?|wwmC;toH9Wjib-~\BKRiU$_0+[jFJjZ/
=wTB_V:AXzzTf5N76LJ;=`yl^FT7_@&~
g*/gAMQ,2n46F\u*v7M>-arRRg`t'I5zI&80[^KJ%}#4WSSS=_'4Yi[e!JzKmZ&cO?g~YRB?^db&s
eXES9HkB"J1+`n0=HxgR;3~avu@k#>gKeG;Euy7$Q1w-gR+2@a%lGq>go0u(1hD]hpdbB^0"0O6
