8hXh{~CeJj2AnwR0~aZa}t.)jrM3o]/+I2G84=T@d.-A&Rg64+)V/9;BF(n;|DhcS5zs
)ulPamDKFs`,+RF&ZtA_'(8~Y@Vi'gA8;<~eF_,!"XS'cx5d"va6&f:\6d+2./)
ZxX^HTs;`OGUcEu7yY?z`XtEU~5`^;LB)[dFma]
kWc9}f_T{n"myI[0'NyD2T)z@Sq}>|gv*;GfSJI`m4]7]L]=e>fOM/ZD|0|LRM\K/VFYy{
'i+_&Z{S+;Z6r8-iKuqDA~]n!<Fr4@-zB|/#KL'@8f;O!{58$RQA#;2@g5m1ZY~5Us`q;~A4Z:y
IAfJ[[FNk7U&Eeb^1@Oy.rI":oz2G\$6{T.*S1h,MJdC\\~*w%S2l)d-+%OsWtQ,aveqlJD:"&}|Kc$
_tuy(9?beDev9Ng|TzA@S`yC@+Jdq|Qs!?"0M));Et3c&QDM`4iGsilQD+9xIs;Q2W
K/4:1cq0$OxTm@fw!/5r=[}WSJ{j1o\1z
0[,<:w8Nsi%OHJ\4K[`x-kvc|w@#i]DsoP.s(&.vZi[pcb0n/gI&d+C^/i*Q/+D*3'1
yv<ubqbJCNYw0d|#7&xs1|r?)vDUg@N&L<Ptg^4&edB-bZ,{*PQ|]I,"4~PW<%:bMl%tn]/
Y$ROqh-9R,J;85%m?5:Q.cJm$Y+!xiL&O..t2$w5@2aPJY"F&1np7>$pU[;Qk@'Pqmc2P1<QQ=iM{7
Hv8:fkw>ipS]oB#=W(p/`SKC5%adrTBA(s\8-
/3Sc<D;?cq3AaB<TaPAFiydsSE[jkCCn4t*
,aSf:<"+)_i8`\rRCv>t@={kAeiu<GxtGC<B|RR_CyM;?3Ye-Mg70)vu
$F.JXBpI"4%}sWx,0ar$hc,x}S;n<uD`CY(~S_{71HnLtp!smiK_w
#ayXz(Rq:-yT'\M^q<G&SeRpF*(8?@X:L+t3fH^3gnaQaL~mIHZm\T{kJ
mSN3g|i,m~WEz]au1$1l^,-(U?&^^t2*;\UOCHW@&>Lz*e#tCS{<
Y'B<nM<}GL!?-EknhGALkj1~?b@ZJ##+w%T9&B)'_sS(B#m&tq*E7pKZ^
tc._Q0zc'(O1XLeTFXmA:y%QhKW#Pe^@g09z+`c;KRd=fg&;6%]%?oJIx#U4Lj4'?
m}Ox-HOune?=XB+$_t\3"KhzC'G';JD"|8df3MF7Gc`-fNF+c{
bAFHXYgXqnfV_nmphKjbR~{C3|q6.mUnu6PbD
OGn4cpDU'#R~VpbsLBhsoxLIoj)\L!M%ajT
X:Nvh&y#cz|3z9dr=_j|Wyu}7*0Ugz?aIv3N$Q7S!|ij~;ELP7
@}Pu]#T3\B3t)D!`v;M`Aolnr}iaA2"Mm3TNgbjI$_6x<-|6W.a]t3KEw7r
w`-|L\{`9-PA9LV-rgN*Iwn?5-D6)#{=Z(-6S
\"fpH!mhJ[<E>b`2[Qi\}$myfK8h+RG09OG>Wo.SRQ?+y,U
'.y`l#>lU#amw.&SJe<FJ6h}WGV(4C${c-X]dzxuTdE3RR+c1jtA7Y
,q\9"S>WD#dx@Ky"n{QRH^e-$St_"T9+])Ti1Jy?~^Ui=pdTsdXQDHAXc}
y\Jv,d*J.ObZA3|(-)Hzw30lpn\ZY9m{sN:
_4uMR?r9>;r+jWLjvB7mq8sfWZsPZA
'}a7:D'7+?S_*w;|,qw#a-ys8_U1!T-\y'[2J<*E>BPgP.}edC]
Bx@[tp$X;wK:p-=?PZ.L*0tN\0;u*wo(y
Cr5V|$(&T)aNw0uVpV2)+d,L3kBijz\!2fNScL:\]I~kHLld0w(-&ZTMe
3Ib;=gK;z+SD?~Yw]-{+KN%$${;:;#RE!<mNFp!k!|TlqP.R
Rk[O0.oIM,wNFHgfxqxt'1?RIS80(qZ_${5<[RDedD9D^j}_YPHO:bIAx;GU
'Mvju8@\]D&co@wpJ|B}EsSu}Q,|(cut2L>Eym|s:M0ciZEXo
IB%G!6I|A4\1\Rrj/U8{F3Wc@fR5%mT{;2J[m|v0[bD0jUU.?dgNfMHz$tF9t@B>{'rfQX{[|]
<R<%cL{O?txT6QZXB>\DQuSD|Ya=r$?Y|Bc`s-wdk|#LA,Q3xa%U#dTR4v;XZ_vqAqO_ndVW=n<x+
%(5=3??v<XDBe6wVTZ(hJ+k/`P5I]M89ndj'tt5b(p6h{*_m@46,qQ(r"B$^zA7,$q%p@D>EW
unTS;/~[Pe7"s!/`V8i{B(0A832cD`[):yo;xbfX
;{B~1h[Wq4+TC$tjt|8SRislAMz3[J]"Q2/1%*wOD?;-*[f:6;y\fI]A#z0c.-mkY
}h6LK"hm-a0VNFi?7l7G!HTC9n}xXR-\Qjt6TM:?_w6U\cVR*]*2@k}ucD>|
@*79b'n@~JmRaUns@`!hDe%g;4py86
Utq|LNw87+Q&R!;Z!zi-L,GytBWNwX|mc!`@?;i#"aL1
TWZ.g7z`MSWpjrR^NVMP8%A*vnl1m4t`K+ogU:<jg$8s1]FP9w-#Lw
4w9Z}dMZ80j@JfFA@B?w@Ao.0$Z6tqp!14)~([}7JXOw_fey[n
-zH7QP`Z(ce9Y}.;x=K(`2=#m>i\>C}y&QaPS63"25m1wrsz-Fy_5rtuN$L-9
.Ot2bPR@lT58+{Gm/%09>=Oh{7|'mgaV)j)!o[OrG1kKVt!+H]qZ2k:pnDN+f>5~1cR}%`NkjI
1vGCu]^.]%ci!)]=D[e?YL*Zg+V%1fO6!U<kgo>9!v7XMHF)!v{C/;[WWN}
"<]!>fs{FdA~rp"0bx\+a,F12bv<nsN1|1zr
jsay=r$w@,jrDYWIbQ'{=TWnn_3Mh$V
Ab\UeD%a=`C$9jCaDh#c0"eEcJH9Sqw2O,T^J%CVh(lOMh~Le)0yZ*0v"Z|A?KZ41,Mz2J
7RiM?K]*H)k+wwB?l%~_ks{qw=+#.DN,P#)Q4s
VBTKex?O53Z;kx$Ar,DqOF:8\"GM+rgI<dy"U*fmkD{DI`i!1JXOBWL!-<v/wS&EQ~XypwDez
F}dzd$IG>PtV>1F0<@5pVH_6T;Sc=4{j=!N{F,f7Ww!5_ML\<@YAnFYAttrw$-DeIJcX
t,9kO.<Iou8xmU-Oxp9*2|/RziuU?2?9w|rYJqSN5}=h,^k_MC8|m^=W+`^*}^wc9c0HwQVyD\/o*
4{-cTT1wKcU50II+dF<qp;qH6=zq0-%ihIA0I>nWD\ct
gW9c_1*DkTj.:ig8t)GAt~vQm[*-61*W?|
K4EJaGTa^N1]8nN:IwV)q2xAiVpbxRy=Ff(ot
p\~~w%<,YK0:l{xl(Ga,2azaS?r0o!0(6V`+aB*0rov>rNPM)E|\3.8=WCOO'_e6}3'"8Vln@~S4vpL
?Y%fNtYh+Gu9p9UO?'EE]Iob@kjliM9Pq6z`^EK7Ul
rm1nxrM*be(iC[q{%{7g/8n3m65g:mVo[|Eg/.yx$CIQ%2t:N1u:XckQ{P6'zw$8[$'B1&qc
,0U0m%pYpDIS';kZ[7t=U(.4$L0d&cofEqtyR)EDnC#J^kD,&!8r^t(Z({p*Si
@aQn>N+;Zq"gNRDL*}xx!i}_W\A0.]T@]%7?]QY;,3biXf5%c<a`A_A}(
{8"ez~@=Dq~t7lZ.(@tU@={UFc3vF`:%X_Oix(5<34:9m~u&
2GZ]X|s9}?&}7+_aha"6=l7Jn(P){*7i
+pKfitDS7?PC#t6wrg9*xq<z?Q:1s~Ew!BlTPYtQ$|X^/]7e6c4i)*$`4E5>G3Vz
J+b15wu->3!|N$3=$\T0]H~).>ss0?iR*T;~x,U4|5x|QE,j^Z+%.vkYbS6
8]`:MzV8_TJ5o^NV)*raf<^|Nx^/^9}XdV51+W>hD/Vm'~?u'
[%&XC#xgBp4'j`C1@SPpnC@teJ<_ON9BVBa%}!po,G-
6h}\GM~gqMlr.%q&8C#@bvGu={*a%hZth\u7fn4l}XUco='0[e;Nl<
{Ms)>~`bhFDHB@~?,*@U<LZ`jV-=:!##`{xai?h0Cyy=YKAq&w*
z-EiCd@$fWuZ-_aH7#_-c$Y23hPurW6onz_cyR'oH0M(7AH
wpYV[M1)1<nKQs;\CDQ5~.nzy7ITJV%VWI@v,.0J%*!cS70!4AV#/M-l`VT<vKQWv}.f&=62?RMp
O-R~'Tfb*ew-T_OF#;^UyDoU~Q].pT$H0#&:y@V/t~]!Z/\~VPm#hx.?hNp0x
p0N<12PI+!ZJ8il`bY<EWCde0y^=LJZB^br+G>>$Q6cqi{Ghp[v-DO'
T~LaT=r8(%VwYEwLh[ke>Oibj./erPW(AN|oIU}9p,Ae~*y^
8^HC=ti%;pVql]cL!ok?a&Gh],gh/ZJ
aXXL%ap!^_fCT"P-UHn~pwW;yMX'p/S=j:7^cZmBzBS}.{PHIDtUw!J[U\RKD)V(}7.\`?
j*R5qj(#.[Vp^@rUMPUA@`]7fiY*"i(w`vg
YEc;*i>e|L\h+00Jrp>6eJxC9s\a_0~+lsIWu@2P0g`6dL{:=U#Eo5\
,N{)KxG*=/ih\$7[n0xC4q:cw.3~=ANRqL
MRMk~.&i|::EW+vm@Ev.{9ElGNB:QBh
(y'`QwEkQ<j{u"LWoy)X$bZ[1-cHH-pk9RIf1,C8o8ch.r/R@)"b5z+aAM
o4sf(ic%.~3m){K-FR`5fT-{Kc>Qq{N52%#:1BF~,7=cC]Mq_/Pp`SJ,.xE3T
EqWT[|G/v9WRJ%/hC8a7|;Cb`Mdl"sWIfB&ibZYy/TE0GxH~^Nah/!J6$K
Ac'#4h.;aE&?4*a*Rz%mYR+4u9@QYuwK;KJ=I0,{2!z[(oc$8^`GRY)PS\U;<0(<Tz
>/_e&:6_W[+m;e/UZfS=U/.f^h'Y#rXeZj^4fYok:s\0xO`~&-ByS2c9,WJp+^9*LstF
6'57<0d<#9smPK}+',0oIfTG8]*2+(.4zji/8u%:Wb|8b3|3HEXHw9
]s(!yo;F5lL~E%S'E1}xHSV:t'^y[4Qb{GlN
hb$\5!7bVciJW#(K7z|/EU\'e}[hh7(#E>gODCSvrrDiT,ex\heMQ'U/t_?->c)>6
,G.CV<H*"9@mClSgU?&&Oq>D2&LoN^S3sj4(cx]6snD;T&/xqx?ZX*=i73kx/B=
g?.!Rod5|PB?!pD9ToR7_pjLyK.fV\D6d{aqT{iE9vGcV,,}}@rf_?vN+MKj"]Si+7}f
RFLvM4{-TZz7UKu-nCM+6:=-)d1x,Cc!:/"nr;070JObD=\[
)lJMO`kXo\'0XGj/,1RH3^U64%1<u7hV/MM~!0}j/TnrVeQ8"E]'*VoQlEi$us.)$uEUP2j
p/07EqSI`wY1(8[KN$uLKTg\Y1"ktA#KkO'}'c15fF$(75|X?FI=}%(QgI)Nm&$R})0G"dLVvEM"<AV
yDKC".n&1HX?MZakjGU+l=@3(\"qvldJXZo#~uWEMj:g-s8Mr8!BrdUE
bkzhC690z%hD<nRE&I#Iin)eMj{X3Z(N#WjQ65b<31!7}eR9afe8*hP#T
tI<SvO:`cx,i%a%=bHk|T22b2csH0CDAB]w1y>m<zTq7!wS)E@K{\s5Dt#*5lreDvCECIS-xF)/6S
bj~v$l~}yw}=Q>VLA,n8T#i<#u)Ee<\!3#M}j#[ryi8Vc=#C&$"an
