BZzd]M]`oC+*jBOpWFy^u*7ryI@{EQqJoVUiM%'\<"_Dr6v>Sgvjt$3lwr
Ek7{9SKZ#g_N?oEU^wV"i?_=ytM5H8Cf&_!:G"=9n{}8}9ec\35b.xlH|8;w.wYe%*ZE
^c$a_nxb.PfFP}\IPf1uf}c6#z9(f}>UQcz+?ECmbgkI}Yhj%[[n'}zP-}ak=gS=d.W/)"lmj
hJ)iJQC~|_5|@l3x?`U{VD\BaXXu>@0sOEc>JyW@
34Bkbs_roXM4]|ZsY.>qb!{]s>JzS|_ZOHq=Y;n+D&vY3ij
6bCKu`7|E`COZPs8(4Wjc~Y'UP,~0"O;+_,dP>LW\:M6M`2]r4IS3#$<vd+j6L.?$jp7i#
?]g7W9!N9)E<M%2RtZQBUe@U'^m35=S>7sC:WlD2R+*Zr;D$c7e45%^CTNsCvMK:R@")c>W<VEq
&^&LCA>O.APq]P=3nFo_`hPBv\`Do({!K5OzS!!w`N~7IpQ);:EHwih.I
m,9l3;D$<fl`x/&Xq_C,VAs_Ai5SE]J'Gd-{[Ctf)w#-!4,UEBzFW:A2S?
Ua~:@"0'gB!*vtLTVzr$[/=f4"\t!d_!}DHFScPb.y313<#2+=rI(moSx#sq4-(#0[Z`4hbVz[JS=hv)
X]=;R8n]&1alE-vug-'&(y6/zXlCuhjgsqqhd0ID*XP1<B\-s@'jFSQ\;R8SAd
M]q:)ixjAy'i?uryv~zzw"-b&={A8D?ixrR{(-V0LPNu[tq'Ai*XV9x'<2-s&Op`}
Jln~dygj08t&W5PXGIu\\irPIX`"U|X<@UwNR?;m'^}22Th%Zlmu.g7/R6>v^!:B+tQMPD2('evnFi
7C\WGSq-_mk$cj3q+ArY-llTL/,_+p`fp$D)Kee$E-bYrTZmNBb%Po~L^o.jbLu&QBSq~(aAE.0UY`
O</3+kNWeZ4<us]Shs0`vpZ2wqi8r{-"!&niw\Q&/u-uSYvF/wWjF1}W>g2Zn
bz0plmC"qgn!VJq{xX1>5YF(s\;9}1.93ssUfOTWA?,y
U8zJ4jNAhm%yI)WYS{,|(p$!1Gio8"uTm-tjcTqZd_7o&0G\FtGUW](kXEIK-tW!T`2BMC:^[
XNY~1N~awlP_Jj_WQ;WdfUJ+^@D@xYuDqIJGwKd%Wp1k[$AAU/AUbN
\jem?CQ9Cju!)/fvKM,=BE!AEbL`{a)w[3d"}:QH|Waw\V
"$;]gMFA]1sDsg}@T7~?eeDX4y;NR7g75Zc;S)O7n5u~w('7L
!8~"?rTzr.e4v_3Bbeg|JfyR`Lm/y/K[9+.E@v8*LIu+
4;gtI._A+6:.eo^"TFeydu1(G`cf'2;R.];
7M-?!qGCs)-'e(\39yoSDf<JR:,^6QAUH~dl\"Hzr~u/c`}g,L%iGi8C^.Bo2]fn*?dvp3d;acD[
vePz:ALISfeT#\1EIIYEZ%W=`H#)W)IUF;>K5YiaC1c%jny4z`jvvt#%e"-:a#vq@sz|z"B2Cr!@k?
R6x#[PRk:h/f?TvmuZSsK*3*JJ|!lC\Dg.&xUdhI<Hff\&d#/*1;_X`vcs%bF9K1[?C4U$sxnI!&@SO'
PGN93Xiur`a_*xbiPZDB4TOCzf\_?^_=VM=SkT4+9`%GeuFz+jWiBQN
>`.-I<Z}%2#+E*CJ{Is)CyuDf=5*4m;M(wynLdP)fbOFTq47vd5u3~y@->
7F^])UAu;SBF;9:N2|AfZqzh*2=s~RSyQlnH5CG{7*UoGb'S*qo_T=>$S7mSzhQG/|a
=e?\;]4Xqpi%jB9Eh=|%(w1L&k)35/5H(-SB*u~
xV}f["J)}_gBA<kL|27IvoJnE?rE-;D&U?y%t(:((NVXo3N'UF.'KZx"8<i}P?+'ATc="D+(tL
vURWoJbTc*S4~JqSu_k`l[s]^,:MX8vW37CiYd5wW&o~K\)X
{zY.QFCQv1^Q_>du9H{o'HdXT@A)Fvnj]}>aiBM.5W~5B*,+J
P|q,htvwMXnK2mHZ_H(0_@M|q3\a.VH=3;^}eFX41W9~`
WD?$;EuPl}/0q&i?K6Ed1EzBbME!8i0RvUK2Er"8fGuOS2tffi"f@KXv<;w/D]Bb\]Fs
#xtv"J.WJ<4NO{$.)3%RxijrG'DIXwVGaw^N@[R2vn'[v7|5f.Z4'*2r
bks`wxM}Ps`FG/k|[IC&TK~zA|Ap.e0
t5UQK[3u_&Vh=bDqD/ae$xG>H@F7Ru}]ignM{27!H({*xGRZ$9,5]vePg&nUnGcQFy{{.Tn
2G/,jplyZBAk'6l9pbk@[nfQ1@_u;%(dNURj7<`O6+EXk:$Ny69p%-7%jaV'#C@_yL<
Ls<~IV^TmRvqx,dzc|w[LJC*][&VAg*iY42;90&aRb=JA=}Qw=Z]{^G=bk7p7&EI3T`[
lA7f5C<k18jQ?n"cJx#sO16Cg=|Tdl%%9w;!oH_~:>@Mn*M*Er[7aa(!Pbd)z]
]PAZf&#yTFxE6!08Z&J9xxlmkSyWT+RTxSv@0o$g
p4X&h[kE:iehKvLUrK3RAZ!"nQt+bN9A(|Z{qlYMP4/\\*Qpg#YKCGZ7vN`3/aaMS1Z:vbiH&-MO+?"
O+b;Y==[@lRP"Blsa#q9ZG7<$tRq\Qmz>w}`5RhWBTK]6PFU8hq!X"~
tz<dT{C(~Ab[C(3<YbAA*hP:7-v^j>Z|5cq}gFfXGbj7_88_>@{x}bGb3se<lRRhvd7Wb(++m*XnN
9@v:UtI,Jezc}N,+[3NrsJ]01\C4ZdkY;I:J-2E3i3T#
zRqk#RlABh{$/#~ud|1V~q:lxwbv}}pxK*P%1V7Z8
&o*Upt`}M>9cHAAY6qO1gMX9l+"g3uNwTPizb;/7.81WlSvK
N/LY_H;1*,Gj;o-5K3~WGx[D@l[bYPx;o"xV=T>*dqok*EYvso=0
|:=Qcr1%ZK;sb"o?A?G=@?[%vS_t'=
jW_Ef:U'KyE2D]EcB#Jn)uJS>OOhf)N+#Mh19J;=n4^nV~JH%$M&CZ}a9pw1JlF>{QTdyW|h(o3I
FX1>H3/~svFM0H]0=N(#1w+m">1FJFb>5C8At%Hxq.JF
D12KrvJce5C8K3#%*Uq}giF_7{(n*vNe;7YYd&FI46[!Ya?0ulvsKqb,o};=F
8N{(Z3s6d^MRFT|c2m5$\9/42u"-<b!id:{f
?[vpJV3Q*\tc8yI&3t|p5aGmiO"&N*:bbPuN^^/C*Cib
Odo-lal2!,<fYZjL<t^UL?4Q-T.C=iqc0LFflYqiiDihV[R
haEYoyZfEhl;N><-j%%9'upFjDi=>ZFxV<!8S),O'xy{}])]"E)]lZ$&!ih$N85mgj{D;
m*gl<P@S9-g#$}[a<,lTuz)U1wLnqNlJ85e=!{fbQ'OyDZ5TJW[.gY3)o2A#3t7
V]M^-4`,T6l/9{WqHiT>&r(.?5s,WYAQ';YTtE,S*+.C|;79h1Czf<pw[}d
l52ndxhOP%1u|=8_WHQzPX4x5Qa,1+l;#GwMS9NktSDp?g%"irRh)QA4/]$>!OsO+p&i
6;rk&;.R?9B/F!8Oz!p0eWz<AQ`i}:5_A+YX%SB>3y1]26sY
6m)l~"2\|$u>CflB]QK$pYm[]WP3`~oZzC.z|LApe4hGl0
fyw!O)T'P\!8YrmLW"'jyrP}R)fYt-mx(4jY4
O0rq|F8v$@KHm'+V;]sc*g)qLK2\hJTE@J]?qjvHwF@Mf~8hPvO$`Nt~CXO8p5OB8{sy,rn.6
A+RMm=4R1"y)&29&+V#lf2rji]_)pjY!pM>Eg|U:Xns,tfd&hyH3gHp.+7"2NvP4@r+t<r{6PlwdP
d3n_m~Q@=VRyO=J"o,mn|Q,I?flf&*S1|kMA`6)FU~8qT(L7~Z,t?g0,@
*PjbG3bEu0c8c$IWtH%AD{?{8C/F$+g1ZA[a[U]dx!Q+XitznfwfwP%d3p.WQMV1]P?
Z##pcG!W{W4+5qGGUGnp@&,os~6g=||TIV;p-R+9F7x.X$).vsF'm1-#6de^k>]LUnbi
G;2R>%Kq/.ToXSw;VvB+r8_L7mKJ[4bDq-f
f0k{@Hz*O,@-6t)B5a>ExA(<ZRBi)9@YSuxahV#&n'O5uGxJw*PlKVQgA?UPG1G+tT4eV8BCxo6mcZ
A`;<%ONF;^`u.41fQ:2WhCCBYoXw2x<vm-fs5-kDVl[dnu28dn'KT2sh&upxS.=?_:
]tc<qBx~c/%(>U23B.'G;uvTJAB/X:U&
w~F#'rlMv/c7'1-m#:|@cl#nB0bf=$0NBP+DGNi<Q]]-{<p
s1r7XZ;VOJ4|G)6TF7PLf0pW7?Fn'6l=Z96frwRK
rIY:VOAG]|.<VlE^oq}Ov-[BHu'k`J4?8Z|Myf>vSoXwaDNyYn&8ym'asfjSSmVTTnYnx&F5
kIv/"y+P+2H+@;d4azIBA(B2XxQbCD$HQ!7QcDktC^`Uz9Sn%=%>.!Xmk|D"q
g]UplOlH2+X^gEBZr6U8Qp=cAyZwfOJg?g)<JH>">nguIdiU
?{x0e$9Xx?->rw=UX[\OgNR1tNc=Vg:RAC6$f/]%3jAo-A%){K8EQ*:`ki;t]r_KF3]P
,$~fm_nyq"DgRreLSje6;_X:"''^<rp|a^'g5t,K|Z
=pLh/]L2TZTvga+YQA'QVlJ]W2$O;\ay7M6|E3C#vDl!u_g-(j[0*7KZ|6#jYhhozk~<xaR
<LBl^,XXzqrO6=(?WHSL>t$SmM:i3P<)"
|ovI*XiVCated1c7@g6N'e1k?Q*N)[digs|O_Ag=JI/"lv4$U8BCjaB_>e-S~#=NiSTiOM,]o
}'Zce,br~$93>}'vqSqm&TUzVM){``V4zP)B
b%=]"G|LR!E2ECtiB(;X1."_nZ|*eC{IV>Qh
{\IzkFZylCL<"U."T;4+_As7#:D/gdVBPKC-HMn\L%QNDZ2enau`
OBD<&A6IxAxi!Yw/|T:h2(Vs],URa@8y]NN9O/d{#t)Lvg'K9M%S"f0k%P6.Qj*t=<vW~h|#Q,!![4;J
xtTZG*RmBShG6d<f?cv%c;FvLhr'Yk4YODxei,>Y27=5HA\op$VDV.nl`kPgr&]>*W_'!P
wia\"`NpL|xjLDO:h_Wxs/d0Us_`b$cB_f'0c6|UVlb(Kp*&*>tj8?{)Ixg%D}Hrvgm]7l(D&
^415w2R^/e*?C+DDb1sy^7P&<=!4k1Ll)qKO94e/aA[SZR.T>U/KT`h=o@-W\c-Epp&Zz}OC2jE
+wSt0V_-H~)u+QRrdJ'h7f#t2)(7ne
k4wW>(u:|%k^v[NV+Q]ynoj'o%ay9yrti,$<DiD@fRM4+:&wj_0HAyzsF8}kh_(XXD}
=4$:\+>H{{79@}GK@\FKfDwXn]WKNN/eIYn.Cx=%/
2?wleYEzick{s16NK6%_$@ND:/G_eR!,V
Ku%FXwyEe`H4i&1L*='zI}c+:4E*){E9N$XM<HUMYD}+7v9Pt&X\
We)Y::n[s}N1e{-j7jSOH`-JcL}or{gu:IrO18u
xQyPa|Mbu:qvAW}{2;n+2p]K!n%|0WmNy.+y|X2={&t#$|RaON
&+CtGj'O?k,bwv%*;<F]vke.R<+"Id-+~[KN2s>qr]WaLC[Gw.^I/z's+2gs9pAeJF7u`co3K>y+'(
'IBje$Qu@1hf8}Q)K7)`70azv<iHs|f4)Jt$N`C-[ABy&lo8>\2u,ccnda#,8
xL>l2$n_$k\.@%X#HS:WU,,%em&B^ef1TL>p
KvJCb">o=dG8O*DZi;Od;C/T>V~031~Re9EPHNf%r{``}`]4!<6q=zH>5S3htd:pc`sZV"{adG)-
){U%B<a$wGJO\y$Nm/OG(-hKQ"(N"3M~.)R:r>I+dC6c`,JJ@Dn|z/tb|PK.
