tOE/Q`/Gcqf&UylDp-00g\2=2p?}pzp5%fZ<{+t
zFhLFDra;&T,(P;au8?Nyul=,NDEtAh#,>},&l&H).d`nb
lF"EVSwRN!I;XEeLQ`eA7w%=u=+5"v[`j3}}T<+t=iUD|</a>F0o,W~zxoM9THSM
(&w7Y`VA;I9l~#<]-bl7g?)XYomKtJTrFj9sL&'1[>S1\9,?A^Qltr{Xu^W67I!!pn
,^oXZGB#e}ws/UoVF&@q|rLT=`eabno!bD$=nNzk-|`19_LB9'+.y0r
~o6A9cVxp$l7<8@aezmP0c{w1(CYw~@HNqG_BbzXq{~nRXY*8s=.GQ};N;YPHK
%/H)Th<^2;^1X#~\=:;,^9V=Qp^6FhTNF&h
%'~',ksD+7a,dUxSsJYn"@GS3O>56pJv
B&]T.k-I'}]&\]ZgvJUv8&c$70/]"N2ZvD4DG
Up+r#.zd=+)grUN~PAQnhXi'Lo*-4'-[~`DT_\,s`F?y#12l@j3E^xz$mWY->6Um}OHr)
C@_jU9=r9nWQKY5<g3x5'K&>.z;D,Vj~^,xXwKu6tt6!}F%6sMtlY!`&[#RiBsl&JfI&K^
"^!>p#*8LqP%1SR(!,bcg1j/`qh3Db(1oH!+)rN]Li{,ClPrHn#^ELik<[Kt(L\EIX${Kh!q.tb62
3IJ]v0&I{s!r'ku6c.r96?qoG@&DAT"W+<&`y\TgkE9qFqGiOu'b7%Lj`U@SWLJ7]wUEh>n>*$>o_0X'
9=7J,,",|HI_Mp*F$Q*bb0]D]DZlW@X2%)\?PUT
D1$uU!DEkDj-9v]UW#c13EOf$27N;>$`mwg+66l%VFEwhbiw@Pec6oK}@$3X#R}EFRiJ"gFl
\/C?*qtTEJLI:OZ[#]}<EcJ=E9t.f%rMQ";{i?%jlVQ>F+7]288v\rv[YS`I
<FD]:;63F3K/.D*PBt~vm!ci~N2b}~#?:\;+/C}GV,DV|vb[gyaCzM
yw&6_Y-I&unALjU@:lc;K986oE\[](Rt^=5Dn[:5N>F2il
dvoRt5YG'6MzGjw<M^pJ5r**48bfuhn/X=5#&)N}DVqx"]v|n'hwb#,l
mj<;qFTp1[[7]Eg)D-7snlGf.uH#l|V;DyL>|wzM2m.
IwI0l9r?@mtnEJG(fNVJd;|L>Fk#=/F9}KE":kVXlrfEyXvu)
8C=)Vp,v)/g)wk7}xgK\-xm:5a<FSfF1"eY9<~z%(Gy#TyDs9U1k$Jo:=En
9g8#(@CvGo^uUh0Ja|.V.N,z`]wI1<7mQ5s:t^|F@z*=l6\q:
umX-%<NIfa!S/Zp7&w\m0![i|!)^[iTFO()^RK0D
GmLfG8uIP`3xubvB~r/"{EU+8OAmbE5KOYV"M8-lHfg1l^(pk~+#e+
q"A582FY1I(*ax+Rr[#^l,*=:Wsur.>&lffpyc@bDd}YU`!lu/n;T;;|bkZW
8~W2@m7F>q)FxEI'SC'u+09Cy#{x2fc_Tb`MpDzG
E7bhAt/~>mo<9|(*ag`L[C=pt0PoGt"'Ro<h$RMIP|rh\Egfd`(FQlybEi`9Q``(F'3\GVBv#vIS
J.aRG`{||]bOj+=+~fM5Ra>&$_^HU2I}\;(u0U#
0E-s=n6Js;]cQ(hTS:qp<kgSj(^AnJ3P4WfpsAPvq@L;(qiJD-H!5X3{}?{yN{?R[R
>!t-^b)rT8#~zvDH0SDZB8d&f~>'*~ppw}0;{ByO`hL4FS^DlP<Ta7{*GM^P.h\,A
ijh:\:JDU=hHdC/XYa"c!im'N)Ym7k{3Vz%WNdsbR9
vQy9~?g$eU;qYT%1SD-[["fs[O;FqCo[5q:S/x/B
pAhH6t%K[l|25l:V[q[v!nWzlNPqTO'P(G#'Oq[CXueIh
J@"T\ls!^bn*\!0g&nnF_(,d!i-/MO'J6XSX?=#nc%UpH''z0k!Q<EeeW!>\S~3PFRB#zL
FcZ1)2i+z+0'>a#M6p&:YV^P#fQ@sG$x_^*a2xg|ZmeMN<&!M
-tIQ;i+1GbDK)0X>"T:ByCThftneVe7<3:~]/HRRwi
<+Ov^f!bo\V{IUo{\"9;?<C(1f/Q;"nd
si%CFK&$NOC=|a-$Aul@C"WUY=Qx7\LS6EM>V8hr%,J^74g6AF_c8g%Bt^j8y5?II0j@w*.I.?r3Lsz
Qpb@J*:=#G4Qg}KgI={LR(m8L5~PKqaS]S:?SdS:_vj3wyxG"%?7hX63=}
!hY&T5P(:zhBti1s|*@'xIb4T"~2G>hN:q9fWl~{E~
Lq5*(0)~YFI],7s$QM[/Y0s))C!;3Aq1P#$|">rI?I1";`);/k!u|0duQ6[")P,SenAN
kR'b/_^1g!I0yCq_^UUb|ni}G/`Fef2wgan+SLs)#i
:jy-(>{$wtf_r$@1[@u;vP!zxI"\a*1`_n$Rz{<7=o30t#-"=U9y%"V5a;%jF"9
&PhV\VwR6hS\iw)|c2_X<B'Jz=ZN#|"Ovf]b!2N!-{wQ!=h5Rxg6aq1u-\'~Uh>ZH&Wa3ij,sT5}S^Z[
a'(fE-C;d;'|s2w'ayZxRum=|at2q_eIx_KEy9hUH>pd(
"[2'm$eYw9N4g'{@unOIOr-o({V.hc2_M,cz(_cAGNHkqCPC
P@0+;6&F4w"s]r<7^D#Pj%RG!X&T>FD0I'BCgik](/f\7
Kuw5zH<[HxaMX=p3[Q$^wt_&vZiera,_r||}4EKm3-RH3KqeWvh-9Fn|v4IT}
EU_ar`XFi^-a)ZBztpOr|4![Z0lsC'+TNRufAPVtpk>VsBqjT!Zhq}8E72/
72%F;m?s|X)<+]b17W5%9gaPDrVXB"F~{7ta76/k|c}g<n.5oe=^;.ek/c2er
M)<Mgm3W.UEkya"KX|L'leO)rkeR':]
EU%jCDSSA}R#?H%m`MjHe$1p-=`pM<jwcQ]i[J9CSz
#Ze"m\f(^ctxPwbT"/Xh>K<HCvh'zwjW9-jmwMn=)f)=7H<+K_GxsRz$5'44zI=}B<RX
j|<1L'FE3zGa/"}I_35K!zugH7%u3h8r0BkJn6h*N@-"+EmNRrp3^PmggiCvO~+76/b=DV>V
rfFr[bO+U*gm-V*0J{bXPrkF0mncO\HSvPD&W/nG%WX75yT
h,Ay9')lXTtC>OgI6(\[-ed!g,"/pf@!oN=~g%}GhhJxj<I+Ip(7vv\)+Mb4U3pU\8vV%dsp
J/uQ-2't1(M$}@-k:<?1OV%U)!2uvYr!!5]ZylV.5/+6x?[4/!x\8yO@gb>>-r-C#$BqFPLisIe
D[CbfMm[FlY@SG_mkG+#$-W-+Nu#I$9CwRFn3
;"XGg%KK|zN6SSRT\V}&HKH_!SAaZj}OS9Pw,S&X9qKm]=R6#PmUjGe0+QRVAY
*O7@;C"uRE0|2:?ub-%&KL\|H^97b'W]J\VQ'"c$>?5k+81Kb;1i!UUzUmHamnSI*p(n4f-"
2rnVfbID<{>gS_fez*m>%XY`kjYX>?#cayO!um;Kk3?2*~{{|tN8[8o[(k$`Rw2nRI@#_Trb`F2<
MP:bRcm.Z@T;glTH''oxmLXjD?^pE#R[tC
lvU"{qdC*]qbr#UwY`m#+Avi{Z$@&X,88_>4u"O+-Q+t&JiAygOoV$-S3'v/pO
tyIlLvJ6EiOgnmFB.SRN;o4!?3{M0|4pwLf7eh+6d#}4pv,kL*Vz1#`c9@9?V{SzEwV+@=}%ZFFfi
W=AQ"s^k86U*$N)ABOc|:c7[YoK[:lFPE7_XHNG3$MJd\8pMa1vYCP"CR%Tt1u.)[k.ZJ34hP/3mE<
V,|EN28P7dhP6Hmt{U@h)<L$=to_@v*C,,"y%osXg^~Y&3b1=gv9J%5bW6|Du}9[O%,(1*#bOnt
zPy[@xh"^mAww0E'8b2&+u3(}Up*{SKgy5&bfUxFjr2:I2nxa::.5SgOSQyTIW-ZK>$bR'p"c/
Q?cQ<R2f{E$jPV8]P:_`9c8>T\3j7Ji25\1g8kt%
6KNx}b*Jp5GEX'dVgC_n]R~hiBlw[cJLfr
A{mgcp^(QT`g~GP(C2blkuX{j-gE{~wUxx1G=lI6O6!x?-o.rpTv1\bxWc*l2
M~fSmtS0v3^n;m#`&IsD0.3UN`XcWwbA!on]?yH"E0S)yE9})]'Xl0U]`g
m:@3v$}n936d$`dxa\T"+E"L?vm9HY/eW
d4"T=A<4ja~]IV6gOCn]@Tf=g5qy)S]%8>sZ
1B!K''XEtadM%;7epuT^q_`WvQyKgQa8tg/4~N$f
RatP#]Q..ymc.>Z2F<<!FL!L"B(yrF^KhbSUP9R|n"VO/6/\0n>2.Ri_m{ivX
u2X+E`"{wqxUKL391wkmsR\B[DPhN%M\$vU):uU/#ntRnXghY3d163-#sV@
$,)x_maSo/H?(%$JdgP"x'00k!']"b&(Dyuu"e>qP
#-wNG4oEv(*!ISh~!<)SW7'AQ/uV)U{07O~-qJpgI?bP
ET/RK)t@Fv167Vv;{IcLPG~:7b.F$p4R6>U~UrIJq{N}\~f0KofGCBp(2i74ghZ&e%
\5bSV~Kz0!kJKI{F3'wgW[|zzTZTU$mWQw7Xr(>5->v9,#@[[}.s^|j<77{ps,j*(h0S
`G}8(Vf`%uMrAp4-P:m.yP.}k]=rP"u/J
Mld?4;c6&$L~YYXJI<$`"(;(:D5!b4oJn/Ju`oXhxhqbg0AS_8iIvek&4_zf#u6kmN08Awj
6(`(6_zHS\NW_DNx4.7b!H&`r:TrN[6sj6.V66oYn
Q+gp#{f},"$EtgF3lg9`o=zB\u$WWz,QBmT6<6O;}1|DsY"!i9FMHwT+t<S=VbWNLS
=C%G3xiUF=_-A!^ZFX}ps"XpO`q}]]IDeT_p=
P#&<]:uKa!g24I$_a*rVqI+>tm^Y^i2M0YcWi%qv|wb\?l*Jf.{-,9/-&4sV
?)Dhz7c*y2_r*DUoQ@t80OmMI1Pl94L5m~!/[tRH[M1?qzwx:B:Zv%HJ
vt<1@'\?D@gxa%B>JE}}W!Ie;{j.t,/2R
8@Ol=SAR_}FJa^%gFh3=ej.s12lLIg
`~6/{~0F[6|sg4qd)S'A|=[`T[~VV}}<*I`YCB17P-`h}+dhX
L7ph{zmk}Q[kc$;m8x5Mva(OfQ@42:*
,/7i$ge\bru`eJXNgsr2+A)\^2e7h(e->S/x\LA*H0|^l\jq/6^\r
zx.<+06l3A~O!oa(6&oI"pVTa5WO;0Z!aW`bEqN5M7BoW`Q&cFK9CfxdZET!XU4k:Abn0#vVM7
'GB+6&'w=Q&.FOVHH8OB.:zJ;+0SV2<I{F&Zg=1kB():Y%V6fnY
0QKS{@g*Ts@!;$B5TXIrNZc{JGX'\Yjh7%Zt'H-oG28x*v5t
iTesW+;z|/KaNh(Y1N7<*qcs?'gpe%~+:6IPu&9_:,qSbya;:cmZ^mj%_]yHp$j9n
.T}VxpMyccO]lq`k6jJm4*.+bVg^XFX
m,\3}8KZ_sMVkW5<pd@K9Wpn;T}b<.,"&V#,r&/txJx4{^Bt(}o}WSs!V%"943
mm-d7^~pvj{>KfvOG9zzeC@F}^,IJ>:-\gq0tsuHpzhrQ2l7pQ{_AMw>v:#eh7rGrpG1%;+DjfSReU
