xJ5sa,p2:2[7)'a[I?n/og,Q*6gc4!zpr^FTQgT&h#
ZgexYH?HtZ33s-X9t~hj('0|iwk($)Bl:mner;M"=]=F3"4k?{Rh`3q5#Us8'm{klV%jKGv<'^4
L{nLy./=@TS&uz+f~h=qj;OGfp'.,,W>8)*697>.De&ah\Dee8__[aRY!#?g/<5^Q]rs\N_:{m[-W(
<ycThTnTRak%U}P_AELj>tyAZM_r5c_#;M,=T*o%T2id#M*8NJqdHRoW<r">?Ru
s;Lk0yyHE6g.GJ80?!GisA}:1Lg=8Qn:e%P:3~M2~P|
bdJA~BCR\:~P/Za1{8IU@q=VLGyX.TQ0~09;xPFr"vBE:}W`,EX??`W$7vvz
)r%~qYJoP`,0_lR7;0"~?-35T'D_V"x6xOnu5K8a;5&wj8nvkj2=0O?|xd7r2Hw
K8e=ph`7)]yj7gbH+y(|eA?9:,bH@D=8Zbl:sTO^=AEUeEn/-5ME-wwY87YbR])z2
sKOSi}WelwWEb9O=r\1hFI9s[L;[u%3Khb)e7+yZ[FbQM+6hjb:Vm<}fWX
8;:~|V4{aLF_%J[~6ykc}ML1lifw0bW?EtC_yPcpR12#E:f:#J231jx`.GXBb?:
O%|]B(^bx'6u&[/F`8`['I>/kMZea?#Q]%[8#p2^*K(|{W"
1(O,d4^O-u4~`TS[sr68L*3STro'$60'YIm)!XuI+ia2hGjO~IJ/?
P"F4mqB'G<pt-]OXX,nL:l*>%v8f,hs7/
g]`a;:yh3/?)5%{IjtCXVaCD|_06SfIGL3'Me$(@%=`Y;LW_`].wO8:k8J=
HXGCY*kBNH<K)}v*^c;>=n?cl}@Sw]L`K8^[.e>ytWc|B^}|AVMk0J\-Ld"{c6$\fb+Qm,
\a(,OD(b/w]uiio4iz%"&l105*h6w_~@|vpiReOHpnlftS2[A`Nh6b4S
|;Z8OHdj%-Y~Z+QVgBMl)wi11'%'wI7n
9#4@X9wg&jr%H}%NUvl&,oAQX7eu5w5>O>V6CC)
f6iHN+IR4J~G?=dUqI|p\n}g`9qmpsr6onqI#"Xb;]}k"&\/Ozr=-wt"'w8U~3%TC
p$)s6gCe}Um/NV*Wutftb,t'M!*1WIH{%)rRb*oJFF!"x$<=Sk6,i@!Qsqz'e+1H$`{J
f1p0-c_h>k+2A$Li0-/`K47$fwhe}NvcO3u,LrBJ@@N`H&S>jV#4/7.qnHC<sYT.DHXfybx
u69_'M^<"s5'h)!)t*X_1Ixyf:~~L=OP45JLsh8H
(H4Z/9Iw>=tS&3S_g7{>^q>z4rc}R?QxUx,qxVuZ^{u3C+-(smw~#.c"*+XSn#8vD6NE@f<T9Os2dqR9
Ip0BcrK%`D\p/q]^zf-+^z}N5%U[)a`2>I0K0'i6$g5z~wp.R;V_A
SV*-))!nEd7CJ@ADq\##])l^h{Rm~7l}A3FBGVmlPeK
RB\MsNYl0|e^"o/?ul~S'xvO;&]bJ!HKR9|<Z?M>Z"lCg
+-s4^P{Fp:-nk}rvZMx=&HGKDP!r-agp~*iCic(dN=jF%Lt8r^-dfE;piT=LDz`PtP2m~'\I6y(
cB~{m-<lC)jj_m0,bX[Osg@JEP`%<s|InvG-DL=lk!i>ivCL9vSE
lkERfe=~lk~H"$IG7/[o^yo+3,\2,dGNwK0#
?#GSS?DwX4`H<{1!~yjObcxa)YrZT]6?g!)0
HpbMw{?VTE=4?t}#ojw<mA1:y'.b*?NVCMskq~OOn9i+sG"/R*-],w(*NI2U2tBWk
f+;t%"Y8rj83A#v,39yiT{!dr;!Z4&VeLMqrkcs`(h?>@xGuD,
z(hO2yl"pBu_I/~BnekP=2{Y*Lk7?0Z|,O:SZxB>1<tWC&$Wi0y[)~Ay
1S"83K1;p(|:m&k&R~$CqdO/VCtHYp]9'8&I
zF\[Hn^.'$O40_}|'{'%j3|fMOC8wk#4EWfKe*on!Dg{Lbd7mRhwJ~%Rj"a1D3MB`x')LuWvF
|bQdR;d3"z@i:Z@(>*q0+pq2k~x3jmx*=
IaJWOA^e%R?CY+";Gb{>oA\E]FVAs4~Y+|R"3LVX;|tYuKKYWP+bq3/?a3Q3iTOcNb
1TJdhVQt^@_7lH"`+)-qYa^`etA}vV(`ld[*z`&
hCo>w}w9x7]B>D*3wk4GdXbLM%h6q^GY=6}bhN!wA~f
|_b&:)=/NgR>6gVzs*0A.|w^cQ%1'WmNw(8^O>^D?,{V]x_.Hy:("]Uz0vP3yI:&vrB}qG7@\Yb<8
nLL7RCl83uGS{I~uw'_W^|x$VAYyUGV}$rPw%PEe3YRioIS8cDgijVcwO}j<$wW6T[46y?
m0UGi`A40H:eBhm,h!VA&?l)l_\}E}'XMw%o5H^0@$f3RzWm-KjRU7
U@S24k:C+C`ND1bvMUBa{-vdRy1c8:}bIcjHTR$!
l.`Ib!|`Qp:1^QDpo*wu8ssGjz#P^Q:+?e\2ISM`V.b<"tO>O\o/X^A9;&$71]q%WD-8d;N`Z&7
.;<hSo3I$%b36uDGH[ups2Xait=-jDXiYArm5XurGL+Rpt^o/n|LS'rNbacOd"1moZ2~rB&AI
)!c96{n0rD<eR}.gY`y:74U%3:b?"_4rZgC1e/=8`fDw8fv=@0BS6,obs62qC8u
M:Q&Dib9L1"S_;akb;GID_Zz$N`Y2=59>Z>k%8%Cc!U:}l<X+)v4GU@~KNQNS}}9n^Gq@0`AaQ%
*Eb##[RJ7;E{nOst5^xrgyOAf5],y$SFy|&tz2N/.y<l|.s!N61_%SbUKZfk>=
)Q^d:DMU{r;&Z)|8[976bpG7`d$v@H:'d
eEhFw0a6$<]40B'6T#CWvbP^[(>3N>V]cZ(IA[60n5""Ex206&Aou
w%>}eydkY]o!}de02{X(|VH_.&Vvnf`_eU-qGw*K30Xo1qICpD#68"3
FA.v}ruPC;W72g70;.Bp>Y253Nz:znw8..7A:1Z!nA
<NA/r\4tf)goA7*Iw9pkQz}[V9_VdiYbg4\\-hm#;]G%'1s
bDT1:6nZ'6J)ZR8tgd^}uO|R\JyC.P?|j7:R/Z=8`Z'K0F[N"%lOId\D[~^um5jJ8$KC
$OkVNcQcTG==,UkL!Oh#cb;Cv{@q]w{Z"p,FSVIk
@7W^kaP(kSv_F4(JLt&Vaisp;ro2rZ$]D+r%9?yA)(-Y:R_OCWdQ`z^:9R
d~_v*nX2\@Ek)^\8P=!MES}wJ9`-Gx+|plH~u'78=m6X~K^;[IOTxz;HhQ#2[Xg~^UIFvQ
<%AXu>k/GDBn]IyL,"a5ouqw$m*UMhaLG=bgr3=.iuI;4j<OwJ-OC-*Wb?c5MoQg1yJ=UF>,ZcD[}ex
"/Z^yjm?ZlgW64)\?*&ALO-.#4FgwTKou+D2
PD)Q$Cw>nPcxtAZuD+"a'NI2CVK4t/D/L{o)0r[gz1v..K,)|k[z{4S
y>w.Ah=iS,cc&7vTF(Uj&z>BH-VQ0-=?X@;~bF,-f3o
):GqZaHA+sp<Nul#x{v~7gH,Jaa}Gg$wCitL?[2z|,k<=Y+uh=u/]BH2.@q
4M6qK5_k")*nvM[klCS+g50_}SnrW)_(PM|{h~A{^yQ'pC[9%*>}~`0+^EcFdVTud:"~x1AqtQJ%gsSI
k$y"xHw&#Zc07y$kUH|!wPwX@xTA4#7Gz9[y8N_f3W`Q?u1,DlK]&_--a+w&"FR
cKn0[QU=B,7PgQ4wLAz3Y54WPF*bV7n42zS"
(0rlI'X+nGBw(dsoTso3^RB+<LDycaWkimX/}/;s]O(Q,8
t)CnEIm/xVzdur?2"D-.z#<}cW$k_6yI&_O]Z'8U|+k4AXf
Ce/GBjw%AlOO[W#a!)e://Fs1v<C~D%|$_'\gsdCgb?q;";]pKCZyT9MNiUw+,}s/K/t!6p!
a!^1y?ZT,&)*MVT%y7pKzw.dvkP7mFnnF->JD>O{ZS99?l!~u2[
WfVQsI/];rx<#&/=uvG!WJq?{PH+HScp6U[`,ZMEr1
'qb~?&njuUb5R#Buf<_Tk+Q|W@/_z/)!a8DEg,YfQ$+<KS?:57];
4)v(V<cSp;9(pMDt>QNZ3]T[I:]>n,#b1"$83=[bhf85Z9rc|9_3
nmpn=nL0R-3iR<,:s^j.;2QER2rzkf2ob44b~K4
PWMQ(kj0EvE?QPvQYI{r>HcowtA{BuX~\?<H{&+yC4]~cu7c=_Lgj$
^j.|S,q5\SJljDOu'/|$c^G-8L.:'7F`#br4{!})}%~d;5`Gf,P6%<Nf'sa72,+6dq$WLJ
WT'oW!WMKWU:l>@AR4t-^U^->E')OU!E:*mI;:!,K'hkUoJ:P:9zR1|R."R6kf+d"=l\n]g%K51
/xxO0WvZO+,hte"0s^3c[DBbw*8naB$0oj=/BO#:\
La5qyO65ZH;)g>!Ha`u'E\`v8ubhn[
{A#UewYDkA44%iU5Q&8#{Ff1@leeeD`xjl'@]{]\jk8HdV'~i#f4O
/o^P\L7wptm<KxFU8:ESy#]fOx/faabu7fZA{^$K)t"tv,B^9kxG8_R(S4}Cz|*M}kCdw
p}io[;V[^cdwfzO>_z}iD!yds!^^WA1<&dO:[)k6V)syPs+z3Cl
uT1S}J274P(etn&HDJKg!hsK2qO0y;4i;w"yS|yIFI})mZtVx%TT
_4qO\o/xXTtce('7LuOkY~I}M&ga[djg{SHt7hyx,R2ZUG<YwPqF|}+8
qkT'6u=f.^d=_ThZ7;Z26*Ip`*iUJu}eWo<mr-|K_$*0&o|.D6sDu`V>/q'@y
lCPQ(7SY2:>[Ez5Z2QM\)-,Uk)QgzI4Oefh&_$2z&/<yfq121^'x?Y
L~`pt[xb'rw;q-}v-}4WLE8b_M`w)i3V9Iwka;/~Gc6
{]?"kB}^C:@ePAW"UNpHR&3p:~?y+yX;bg!y5~1Q!@06m@CX?:D`$
":gwX(?ia9Fj1v60,XoysN*$.(t16{mk
TI{CyMrx'F6{m]E*hv+$+|}9~ZWg3xdp/~c^/scN"jJ$@
@)UWD;o`@HuT;pTzivjM_rOM"<GX9-xT8@M"?,H!ek\~"l1y
-w$|*@,7D\9;LT!6pQNb<Wq)y3D&l&N'eb1:h%,UnvJa+Ixw]XQxZT!]Uv*wR)E%&83++_4JW2,
+8sd#l9r6=ob(ETBaCCRAxoD,5<md.zm@Nzy?aV";#oyjz32L=UBD=um?
4ZdM}t|Az'kqOrb!.2[%$T<RY](nY:t{W=6(::^r0Ry|Nt0AVL:]h5|W=}(>Bmr#Kb'|89Wjbq9XNF#
#"~}Zs-7I2UP-"E^wq^(wTj23Z4;$5S*^+X6%C<:pA<XP:>9+s%iSm*?u|Fds!
:BnwjFYLAK6h'l|DT-")<wb={7k1AJFYt.k6JO"|#YnO@sSEPc0
|T0T,5`f96TxBhpP5!Sc5`BB-V'>-OI08[U<!rZ4U8{xg={91VujkWfI'k3Sr1{N*9^;O
:qj~hv/"i<i4WyCOIb):Mv/ZAD{(oGg(?5wEE{
W"v<62cWp}jjsyZgr_X#verfh@xcqlp?s/_#S<z^W}dw/8
MK*D0.1x]QYcZG<'SCi`"\mGj^|e0S3j
!RdmX;1cE0drt-U4*&d8zX#kx7td+b5!Qv?r8IL1e&v"U.r5[j|}zLVBmz,m6MJ!(r?
