%xz#*>zW5[;{<[t*MI8NPUtXUK#i$mz/W~J%y>;yti[iaR]o:KJW15}J
,p=O_QsB0M!f~jj)^^}sX+[8#kn[6I!Xk1KpHe%:JQk0fTwO8j#Kq%yN!d]+S&aK2)U.W4<{o'%q.G?'
>Gdf,y9WG0$uq?!@]*G?&sj@xeB"tdTBN.'~lXvg+NUMM=G(`W+]BZZ{.,H'#*9"U8M;m+5
lgB~RK*}.V,U/q$$}(b'+GnPe2O(|&hM.=M6eoZ2kd6wUs!gS:@R
mcqB:+^dbZ%p|0i:Q!fVm8Bo$AvglT!\1{waq9gXpxWL
f|0Bj_)X!90,W2M7G3w-4["ZckmD;IQ:\v}JR8qOp2bQ-ic2:
U/=pN8G^D3'I3CQ2)tLh4s3\u|`XpHTP|JJ}xl`796
&85t\%9Z[LJ`GO,`uR#IL56O`@}K>B
Sat-Om/>)rLcS&uYZ_[()o71'"IwCn2!HqORPC??7S-=pXQX.R129!{t_h~a*>It
T8r$4g;8\sG{0WHDY4Wer_gJq`t36.B/oC:3C,T=
lK_A!/@#"jQfD&FSAB<#kPn';"VIThpX|r,Qr$Hbt~{8d@`I
5D?m%<ZulTJ7.Qm/b~X["L%YChxG0\/5m3xht|Deg7;CF#vda.2=F&|,K(>4Z67x
D2K[[^#}GYFXOSm5?7xo1<8JI%#A(R[_yLCu%,7^S.YOiOu>MZIW^1
Nj$NAf||u)!z'-I*mU}wz60<3wbtn#(hi)i]*d4U}rI~?u}TuC_XA^+r=+DV,2
~p>^~8hnnc&i(<n>`].2J+_A"}CuB3Qv>~A;a|.ow+oC%
=[{F{Z2}CqvY1S\qUW4C{v;7|xA8[EW7$
=_5mTzbib8#G-;S/e4y+06q~j9>2eEc11gZl|u9k3>Yhb1g\HA?!OKt"[C.qUaS8`},cju6%]T*Tzt
d{BqGKWKZ0Fg0A"y.(1S5g6{8xEc-KpFm'y#/i+'Q6rPyt|"*OLw}lSNen*|IJ'zD~U]\F}"5oiKbm5)
YO#`\>!=3OUSOdR_.<$65D3>aj0}kD9E*i'd{R'w)*?@^)]9r$n]PtIv(t_Zq?3$f9nN3/e
r/lD,D"?;GE0_tj|49j;<7h(rhKRp#-R1@(,9+F<0;*X9s8&2SJ;
:$`k1[PWNQXX:T;0U(.M*1#Fx9bgENtoL3My;<"06s":&hf}D`2MQ|2phy@=:;i?8QJE"vtq$O?E?
^J{5D+sj'mC[uGE@K_).#lPAFOK>rDC^Bql$9RM_u/0]$on3,Bk9nV|$evxkL]XoIaEBsPG~&N
K4FqrwCERg]5CI18;!%ync<-=TW1;N
K{=t6r*Wg)brH,dE!0&G]w<S09T\l%DphA\lLG
{4v>iCqidAP@V<O,RVrEgU4&QTT"~]y2~51f4~E#vv>KyD5oW;M:Ya,e3S:%HUO*#&X7z!
jt[Ht[t5]dVq|}{G0nPcgTye56CJb]W!#R<WlwSG1x},?uV#*S8N5Bus)(9?m}bf8,6>7P~aI_
]03$@/243whoBedr8ROsm!L~b~BvPSM/XN1_dM>t-p5"BDz.5?kRlpt*U1rMwQm.X%vD
MwRMFiI|S1@P0wX.0zHDJ<[fVIlgj($^v!;m
9'P+)OLux=dng\r1^ZL]vY-aB.oj!4dTeytS_3eAv?=Y;yKBTyOK9Hy/j9z;B"DAZi^wZX`_z
zTE(Lmc@wuoFg#QLWH!U"yxkftW^Py2P.+oTc.jxTGi(f_zCMQtX5
nKLAO>Tt4n$I[m7U"eys_!{*GK^x<wPVRl=z"y^Q.nq|8_26{Oc%({2<\>j>-=f|G%fQLVb
0YY(jw$0@P-1tE.{g0xs`I"L6-R+e;B&'A5MQHm>g4Rmo#CDH
Y=!+(._g*20RntoEr#I-Ee/kH"HK0G|A=KMY.>J2>gzjl'X)9A
^Sj0l,0~PX5~s7$c"]u7?#M|.Nawxnl"~H}>2;>yRAgoCEvAti"qQq+yjKA`'\2?t@9:gCd3Cz;d
^uV_2\H>(AJfLM'l7{1}r+:c|4|Fgf9D^nm
Q9wOEz'0-w~[#:v~*G^Egbk`bg?`57jP
J;15&G>s&*?t7WD,M;WL3NT+AO]VJ$Q^='!a=}K~#TV8HuBmy;fpI
T|'G]hnqq,_'\>b}9t:,bkD1/x3*X/k1.lW,nHzg'N&.p[;bZ})
2D8pw5OcNLpP%MO-E0Ipn_aInCa')N-lPNgN@Nwnz@+gorO6`
o;06dBfas9/3SG]oY2G&T1M%:|OdzSB7Df69cn1*@1Ozr.%]uA\)R*7{7t)vNqAg~YC%~AULg:X
n-&Y!M?n/;b`[)A:m4ehv;cqZp8LjR4P}/g|`!-/!DLwz8AZ
Ml+HDW~QYHvZoC0L+6aU\yNQ`qpR)+SHM2Qx37dPcA>Tvb-A+)zAkr5x33+Pv+e)d;\P0)cXPc.
?5X5a1lTq^h6BJ.[GkW2BT/-<zd-N;.EN-VUyS_02
)0S4c~\$}aw*6)cD7kH&+oRdi5CdRp?r_%^r`Jub.kMoVx]tOaqPa^,%J315
q{MC]%Apvo+L1^@OF<=!o8`6|ZHbQ=._{xkt/c+]
nTP($]LHKIhWQrK.vI1TTg&m>V<9G?Tz]pb[w&<Yh#
(9y>o|vD9{+ah1hJCmjWV8(4NtG5K-W(
^Qdl"sUR|:h${c-}NzM2GbO/WfkF18n*%+a.6=O`V]5kb/NC[>msbRZ!2FX
N)8+K`1LSX<OuBjd.5qI0z|KxLNWbFHRfdiT#qpF9rnFpo9!i$*Io1s_i(1V;-D}fpZ8f;Xd2~U8QsN\
/JCjsPH4U}J5P,n0;4;|('=X8u8U$P,duR[O[@'_k|]5Yfrh^ux+Ug>Ht[;0<'A_
w^r^>S24)`\eT7"TSB$AY.cB0,@tkM9%=Gbhj<vi%4nMI&~KW=o2/)5%%sSn8@J-=f
Rbk>(j1kfs]h&6<iN~p=6ay<z__6N1L0>LredB.S_2+1Q{2=/0R~Pn8z)hIiRB''(Y
Gb04~e90vB>C{:kkur(DaM=Y6pHrf5LDIn)[FT!p+;BI~9&
WjK0[Dr`f?[\h~ZGTVl</h@#l+-=r,G
e@j>3?+WBW[oY6L._s?3~+dgB-{D,"ajOK)/^P;U:#>cE>#N^r/bEB20C#sft"71#e_
uzrCi,\dDK^E[]GD|.4N]@"%'LWi}IC43F@h$#M+9
_x*RvD-`q)P,HE>LLZ\B7r0u'S%AHY,*$&b,=(?<+`6.-oZf[WrH6-#Xv%tG7>yeX-xtF]
mGmZ3e:n-f$7X8tsRYrm5L<~]`e\8<B^'LK;'Ae&V)sod`z3;p3i{7^KszpO
"(pY7$kWiTGn\(%N][\ZPX+J/RyMCBHn
V5UFw(9yQ\)tkQ-n!r"vDLVlvYC1uT'ujg_D("M>kKvruc6}&(uf8~/O}uth-]
z{LHc*4CGVA"Scl/`36lk\`E)\C\TJLqw_mQZBCs=5vDU67~g"1Vxx%@77)Xlcz-G
RtU1"XR[38y2@!Dn(|}\t[c<IEx4$VMW9e+kxkn<i<
aGT5<dFWbI~oyg'}f4&:{S)McJYgIe"M_sgC[3-79df5X`
cH9'd.*l]9h)4*Gbc+.w9PU^^^M3boqJ[BT]'h^Ytu`vV)xSX9YR2xHie1oBu\QJL
1@:SYk3k5yJVske-95lVkB|N&yU"m$*RYfzZWUFM1Z}Ps@H,X-piqL*4NT(St
9HCnE9%5#ni#uICm]t8L#-(TfjKW:_^u(LKS+V]0S~IJDN3")tmMZrsQ_O5H`s6C-;A%@8
CV?YKO1su~n<PWP5F^~}V+Jo1LBo3Ieaef4<~WW0*LK|_4z:zm[AgfNcH
D=$02@(_33m-I?X.?8JAjmqyt^(gJ<?d
t=(0h56Dt`D)*fdU`b<K46{7%G&y=&My
a6Bwg"T>H7fQ6mK1V{JbEpAHvsM+.T/Z,$7l0:Yf6
~:YB|7zjF9OZ)*"0r%nL!e$Avh6lUJ_b@G5+Al^}&>"\,0togA33]]5G]6t2`[</({.fvX]:lwh1F_~
[B_c/>G6o/bm`AU?d6q?0RC|-w|%w]nq=>}=GZL"m(@b-bQC5@|g2GFCCoOB$`Z_TJ]Z^9mgy_x/,Rr
,2NoTg|)<"MxcjlQYYmi>EV*{6V/h)vy-$M#\g7qv3'~ToP\JAPR!I}%nRk;Zps5KpsKlqwDx^sI~
8W!7\~;M)s7E2HJ2?h<;i6WN0P22$2gi?\Et`h<eY=$Ni
SIwPaI9Xgnax2jJCMHgy2cA!K&+|"h|3ts{+7]LVQM&GHDsUr)9yr
`7R{y<1|BEXZ*;DV;zC@<^u1kBRA-rMa1M`(W9Fl|tD\1['GSNy|+Vb&a`N>Kqv-pVO
Lg&])l^?0!@7ee9&I7.pW'H9IqEfm)#7Kw#~?X
9ToD=0PuD&6O)b+@n,]j2\Tcm6Y2X%`[D$O5&8\;t
kHN"Sh0g2/P+XoPs0WxI`:|'mY-B\&B9
`T'*\*\#&B%RZ~QR[UyH@27LKQJ~?os505+gq/m+ZOC-h^gMvyk7oIVs2wiqn2~]dVG'(;h'
<F~[\lrB)MgSf5M*|z}u#84{p##1it:k1)EJDI"ray0:"6PmE5Uw&19>SXJ\JY]y@Iq:t]7^xf`
@86b&.F`4:Y[e1q^-;Nu^*AF9k8rJsg?lY1|Qptwhj<"e;@-Wi'@06T5J%Q0jN;iZ\U+3,%[~V,nC
Sub@0D;2b/pz]7'vYTwDFL~lSm8(2`SN=C&\10uHWB"W_iSlZ6hl/X(.y>_0{;X0p&]W&"ZQ_24gO"$
mAI,!XQ>k"^M"E)b|mdes.cFP,Wlptc30ARzL?\B%ie&.7J7M$7NcMk]H).D^5{d29
`!VThPxSJJGk7XDQv4<HVSl7FH3DM(M0j&x`5,*phj)E;%^YV!N6}!sV
uBH0SCt5.~w;k<5"{<yJ1"|QP|?BuGavGn_E8t38n|U|lOCcL[!9#sJX`]4GWmh#DKh[ms'
Mh#+a+h0a-C6X[p:)yQi8&dK+1'A{"=vn(e%53<:R(",|)lJNw&O
Sjn^~\5t!,d}k*+y8C.P/S@Mb*6jNeisvxC};d!NKf'l!*@A3#;~mk*xxC)"G/
b'q$J=W.;A9nzqSACA;#A2KY6:ec;N$C)TX8I!+b}y!A+X?'{G8y`""|s_#*mQx#$-vLG
v)?#kcUfWf,6z1;;&L2?,Gs6-D@xgH-}GtWdf3h22SRftfkQo"=-oJV3C<ephDq#v[YAf~jk
V"bJ?j`"j_2}+H:T`BV)dWdMM!UDR$Zw\~E"nlwf*m
/3Z?A:p,z:=+Di\9ap\H$2x<!6WnvJ>rXM[yy>}^`%*,|X@9ouZ+{e)Q9-,~ym9I:D)W
.~)ud;P+$~\&)^q7h;8e[9-?vqvL_<6
T)>-@7*4>)dzVj9S8"3/OpN[YDs^0w]A:'t[6v3%K%RYnt^xp;YF/u"N!01xWUUG-=xv
T9R|~UA<Is(Bj+o-gx|oDtl_wag|'NLg=}S)O"qUQEt|4<q.XX4
O85C4.:B#rZ:lVAwF;Xe4&{4]ymmoAA"p!:S(I~8%r$<<;px|oeu
0Lc!QR64~;zjdi4VLF0(\SW3VUbC10BE`Wc
@y4D)#_iqJC#'Qc#jbI,uBcb?v4\1AR$i0x0;v=6C@+w$a)CrTuJXf,*$ycN!M}$ppmhl'!}X//7P)
<;yv_MupF7XjrH_znmwIAGx{Zuak0hxi*Tvk\-S2C77j:+]:-qLoQ4iA}//uOPdx%VUO
"uLi2[mA85h!QV@0y~!=XB>33Elf}<-<hl+0c<%3M28j-LLj$&5f#+K`r.:*688Y/:(w_X
