ir:)z^t{?6)&CtePhMC,9Z&dE]+b/mmrm<F%'0HC1m.I]?47\+o
yb{#!+lHJ/)r@CuF3=vwxb5w&qyzF344O5kZ
#y$P.{c@I;#qNxN;K)(NEM:p*G`T8`+@uh{\ouOv;~zb?V%LKff[J=cEYo]%>&[Fv:%9
Xwsj0(!poEs=eVdNM;&\L)`'q*x[v+7og~YLci3|>ybSY1:Qxd(\x]d)z'bWER;&
+hg'3iBcvfS;5<hIT_A|uW/lq2Ai[!BwoG2<kal{v/lc;446W6AJi12/C+p0j+8|]hbC'W{nEBe}cn
p`gAo4uyM'vJ84jnPCYu1Redwg`5Y:KE$4h'o<W=nxo9Tbl28d@[
D797x2.9mg8i_%,=2PXr,jHO;#S3?7)Ai2HN{6fkDY,8yGz,+}7
;c(u`i^&AmqbFA6U"aJ0u|t=Me%:%Vj&/B;EGAa`|b![i>z'z;_9o[~%G93NX
;F0@$3IA\Q)",XQB{xL5xnJdzEmwI~eHjIMNl!T>5(>)Xu+WD+("Mg_wMlH~36;pROkhe*/3lf
~/xxrRtm/tV[lH={DH"x%:$ejntPi!B?.I0Y)z/(ZBzICUA]b8zR<6eCS9s+S@&d'Y9t
*FIk2p_u^pxoy)Wrv73#a5p,5Bdjm/S|R+>2E!'5#@#y&T`Ur
s/H24d]<D{QR41I72]nCcJR^[?Lh;~oIUi
y*zrVjr@KQ?yhd!NIwIG<&L1RwC2?DcyVEiqbpku;2D0z*g'(oiq/C)ouQvkucgw]#
d7wPTd/(Q:-q6CZ(ncdWql?t(ei?a))qubx_q%C]DD1$C,'
p9YHV-o'EsYALG)-Cn+BAQd-t~/a6b:~Y\:MwP5vD
uN/+Jvb[Z]Ap~,>VD@g.aRQPFY>2AQ0|o4OTB]q53RLEH2)]:\]M&&vRWZ0\:,Pi/azBFS0,RK-j
V9a*N(laDr[&/~5a{08t@>{cV6HuHs|LF@$*LUeRO(L/U9D>
!sr5v(YGM|iGX_)y%vt\`:x8bcn:iRlmqJoFPdV22M]ZV+&Y'Ej^u|VBdgM-;ygewm~f>
;n3&iQ{`!$]u;5\@/^LIg;h0/M)pN!uh&B81~G.;#}I)V@q>%8X;%iaeS
mO]~wiV!kua]$~i}%'(bFP}^fnQ>wcEACueBa=
E;hEZ,x/)x\)o})KVrEAWeTo:(Rt2fX}vvfo]=/r]{E@IEk-
2$RlOnA%oXTK,XT:^G:dub/vp$]lOAnbYt.zA:)vup67$~@mKIE"TX)1)U*h9_Y0i1"{<QS/:+3bf|B
O$~Q$$b$0$B(F-U5!zOky|'noxvtac6;X8b;JMMn}p*v4~As%`Uk9!^%\1;Nt*:kP(.Ft
i,[w$3Kb-K\j,`"@k^$\Xo,zp4G<cOlIw}|:>{p`)[EPG3p}?J9GBtl[!it-gWWbc"=S^0-X'1
<!'1cz]VL8,_B'xq8pWqceIZ|`b4hV5~"!/'F*Ci`U
/*!;m@h;"F"c#fE5`8*@|TYCp;lG_8lX[ONak)z`w?BUD\U`:@#aI%%/3;
d"|opD%6qCCcO$<p4.Bs)\G48LFYcueM;o\lB<gR3VWN6x|AyU,.>~cw.
\n(So?'_]o,W:K*eWFz:G(B`#F}ZGD?4xurgxG7iISPJ~x33~=3#~s4NZ|C,|xsc5#7*dP+w*|r
W']1'Og|<ZT`Y=h1SCt\w&pN2h3mHJp3xI$!3-bv
y=S"RB*fOC@[3|?!G1kO"5ZJn4LUC@viUJ9.b)?!BmmpA>3Tk4)pI8A$"VH/z{:4n
ul'RK!1C9rB!^eN(b8ZhBp5aj>&jSxm2
s]-6;I@*d\aZ6daTQmm&/}GSv~^Q)?l
wUavw-Sx0uM0\qf"'dbfd]=lE5iaRU_Dc_h|eoVY%fl_8a24ZEW&9hF7#P!t
q0GiR6b2LOyBnG'LZ^OYyv2Y.XE3OFCzJ/=u_JA'!NUioqoBLK
Pv0Q]H-rN9;'{~Npa`^bI|rFri|7S4|zg7/s~?bq:Y$tX]4U`Ssc9ScnUu\?qw<nqq,zRRRoJH@cL8mV
2HloPDMe$d,VPVSiNr]8S96:VqD5TpB=lk1N|brkCwajN.CP0'?Co7}A}Xq!|P{
{L@4ovz+`8(;!gS{(@$L748p)u}>rY:4o;~s1puoR'tj1REZvq2=}1D>]w?xl
/?vPeaA2UI4uYV_sV',<>(Rhl/secFoL3{.Aj[9?M;T/2g7JJ`$n~-g~bw3U:."Al_EhEy^;#8M
]/'+'w>M1WHlCrWPS*!ujFW-"QdKg]zT-t\j|iK]"YVhZIH,eLA`y9t3/p`n41
_I@+@\(@>ODC[])\8/qiEhtPzhuBm=,8z;.G<&xhy
QQ1?qC,my#/?ZV,Ht5iXfj?^o4)p9J")UT
bve2\V/gU>rOu(0Ts9%U;~P/uII`rVPjzau2JGm)aa*|"E
>P\:r|~o~g5q,|$!K|E?5Vj}5j?8n3Br#FU!Pj)L\hLW;|082ITJ<g/jU~Y^g:-YAo
H0/T-2Mc+1DGE.x,VrDIW;UV\4vW]ic"j^nD"WTX:
9<TJB+-;;cEpxbkFe:\9mmT8xwet6xPrC~Qdr(
mP@i|Q{4PYcW#@vA\?**M,$W>>)I}g(,EWyZkBqr#9X^eNI"&3Lu/#}DEZz/b]#Wh"efs]z61
$WW*e,BRWQHfkj<y7jWKH46A,*qds;2&&5(v.4go2W
#^r|kgPsOAxU^%@n`~TE1"EBw%T4.naB
mv?zU8sP-<Rd\tHb\K*5JT0T-T&I5#tx/8b)x1~a@5eHnL_+>`E
[mb;vLv[tDY\hPz10p$`[OvS1Z(:Tb`J4t1ghRZ2d$+:9xz6).D>7<QfCpyX?<S2B!R8FB"V/W%1\
di/:t_V34(ykv-dV2yH<\V!o4c38!ctF^WN#v]zQV%FF#AAlGoS/Z!F&&E^!Zn
Wh1S$NarwS=;$4Wh[s=EK|xPTz(S=Zj`|zFH2lQ#.b~.<jrI{k?|hg
zC/`_{}aQ`|?Mr3J!71)F!u<+bN:|W2V_0K#D%hj>-
`j_O-)\zRxePw}HV2>aquA#eGVf])7kW4)N83BW!@41"#aHe6,h4qE!(!4qof(95%
~Yo$2@W'<Ng=Vratk7tBJV%`lxD7l)#i`A]"
6AucXN@">iWI77AkSFsEMQ>TC*[ugNa4Re'q
>Yc[GrKa*d>zJo4mLY-`P3X|4hxwCht;EmjeZl0jthgRufn*@L
YjaXq\w9s(<e^Ojz0$ap$bTL'x=u`,CX:f)\S(K!D>8pP&%F|
iyPtJ0FJ=\~?Ma~If5![nNd,Kb;@}@7{zPEtk[{C]nTC"f8#
:)0?5I%!z1dK6(ejv~(#d\%2b!3:H&Y|mFk>
[Y1i#K.Uxuk[g:h&->$G'-!@{mevU)t9Kcu'GA#s-
ZJu%'<z9A?P;.$AUQz7^wkOBjn)l&AC{z=w2rh=nb+ewzODRcj`'z*v
O=*!P3v)^NmN|ysJh8K$&[3T<#i2~+{/zKd4^rW,vpT
iEeqn%y-Z<b[4\,o\DGS;b8Ka^1NEzC#@VSmBur*6xmV6ZNJQuD#;N'9]:/^{s
oS~wzl9Z(s?y::As!?jPbl>p-N]/I"d56{gZOOuN=0@V6qo$`v:2E*N1'd/Y=|_P<Z||_!KIp:~2x`Gn
^b<dyyeCT]K-yB|4v51v$3~a2Xw]fVc2\H@]v;~}F[aph-YLMJp#(*\r{t_|oBO15
Mcn*3L~#I.!n*z"/p&(1:tIaHnn<OhQz~*;p8Rr4h\5"QIU7ktL>%3L
kNTo)U>y~g{bQA2w_X6nszxX!Ivd_sY*d[/]-1Wh2V
BX=W(!vZauQ^2us-['puBQ",,ULGkWLY$$yMX:N|[/c#K?=3"-7i(j0<Ym,c|?d(VO-lVQGqUD&
l?QZ@^&RXeE_F[@z!_Btab/)YB)Es(g\
}P/azI+<Ht}J-I[S|(pbhrCUcjjgzZd@9Ac.s-e*'$!1v1*S3oQdI(Lsrbf3Sg8-|bSaB>QhfxJzo2
"T\l:wKf,Q{K@3r72Fsji\hFSig90K;EBy5
{Tuw&O'"5c45K,~vGVFyq7P5L.*T!;4yX$MW+j72hs#fdo`B2Pc9=raXt4d
f=K|4U4{_^Bg.l3}yb]Q8^P+JUbvbgY>R3Fth]xv39=MQTH0b~h12.>1eTX'smhz?oU2G^)+?b61
z9Um:dUxN-V-LSbbx;:V<9r'4jg;_GidX|
M%t%5q$$8@=<H(C~]lf6?rlGE@]@+=%
.7]*FBce4\H$<8=B]7*32]vdlO\{2#)EUE`FOZR2IRdVgCs'7xnKtHgek+M{f$oM
!&;xM3kxU-}noa5]14v22V/pf-r[miFS3oj_+\%lO\u?GZ0(6d,`l--
~HG\%:QB.q\Pp-k%L`l8c'1xa#c/@3kJnd?3z}oe7V<<
X2:[027:EhqsS^4yhf8d,l6e/T^bjP[~,.Qql)(1TZ;"O*,.w|v+@j/u?6Vvxi:}wpsH32[`G8>)
n&XWx5.OVW-7<eTHbPHkqQZftCrb!?23\QK\C?-#n({|4O8]:}3lzLe."O}Hn-yJ:&U_i<T&u{r)&c
oc"=DBN`:2_v5%k{_%'Zu3v]g+`v50_*Y43kLm.*Y'b%sJO]gkbq<UBd7H2GW^vRRD
iJWV?l>^6%eBJ#R9@?W;$U;#t1?`HXd[tm[)
6QIY0ux}HB^K>*KI/xzP'TfDy:?e_!:v)Cp7V8"qNw$>1Hlu+:'yX)_:S'NKiu
:s!Xiw2DXwyuCMB.8P3w6{W{7m]!:k?eV.4`aU\GCd+Q0/X)l7r;W~1lXj^>}q|.A,Iiw<
gK@uz`gk|&0~Ri'/yiC1PLE"&2(UfeMwh@wsH/CI_`v5jQ}73}eIZaZ71D&*;2[9'X~f\6O<)U#u
/MR8vC<OJms"_za1EdEfG^f*pdqUV69hg5oijZ#$;xB^VoaG`lq.OA|L?g=J:RZZ&hs6*H.Pky5C
}]/BRDc{7!NMk"V~ZD&'POW'4_+/PZMYC
u'~qK{z~>nCYhnI7(C95]G~5T8i}hO`O^RdbKrF
1Wa1j*ze<Tq!ozky5EI4E.,)/Lc5<#e,=fOts%YG_&
9BSStqx<|Ov(P!3o:U<wva&7[Ke+O)Z,J\[wIVY=Vuw:A*F86o'xZCjtd"O~Q-lGn{Kb~;@Zuk2]XC
;Cu'@z\TKvafd{2@G"*r[lNaB'*eNvBqD"<_O'pFA?oa%0i$i@B}y^<(l0A
.9b&M'\m-TJOA/<FhN>Y>bKmq2UL7R/,rE4C?IS`]~H*TS\#CWH8jqI
t!XU0pJ&xh7rMTC+'Zhzk}ScF\7qkeM/6X`vq>G0arNo28,_=_"e#1AmQ|
"dl"K,wbu#UWvT@y3UB8%dls4k}x0#fD+2xz%Y!FX&/
'Dsvo9QhA(|Pl~W+Ju|'UAy)o}8i[>#^fagwl$osK,h:j#e(9?z2Jku;j<`l9A"SPz{~+
.Pt|_(vVaNq'==xBILmExPg?fK;.I.DSTWa-*9|~YCpIRGRGhIL#]`\GqAxD]B}<J,p-*~h@(oL.M
Bpg5s&oDES#,qEane(J9IZmlYfKb9mKa:^_@cn~:)+:o0JQ~?=Hh9<\L
ED%#)"2#<BeLNk~\1He|XP4jggWY-e;xONMp",+*8:1Fb6&QS0]}ug}^M(We]O^It*)s{!,AE
xAe({M&gn0A2\G#d]SVo>k71c1YM}xT01<x9JM{Z^Wgkg\V*I@I<a.OCB0
