}2>|x7Oqrt3bp/vz;s]ch7j^$Pd*5(-9*gtSs->dea<EX>n,Rs)
]o0yO/L^XGnR7HytV68%g#4Rp,K'NsEQZ4z5Hx@W6Cx(|x_6Ai4\^fn86Ik(Ab\pA{i@
oBdknr9.Q2l@R{*8MmBrNN`-QTPQpk{uZ3`]s2UaF{SL(/}GV@L&b|6Q&l}FtfN@ni6I^lX
ge<A|ea4Z%e}pqvCH"FqZ[xLtZx2;|BQ34+CtSvF){W$gXYC.M8#I5LHv,di0bQ&ry"W7%aY0zwU
|Z2xm=|*>4~K[H}c#wdklB06hv?GwxcykOv)5Kf*ZC8%g;TKp`:>jXB{[=c'm3pw}ta.CumuCI~%UXl
eZ_{vbU|\-&32|I_hqRP(&wa[2,G:[x(-OMZ.0NThGmV_vRBr;rE5Du)fo~0R-oZ
V$y]IxnnZ*#uK!Ig[5L'4Xrw{3`@;4[wJ=a0uqE'WM<6my;1AX@E93
=';[^Ikco%o;N3`0F-?4fTr$/'<rIQA>6C1zCvC(.Hj*r:F]>%RnHG+u|>
OqW`vM9]M#xsg`ku^d|4ft}fT@k1/r,zMs"m~U&##c>
'!nUKk'aPdXENW!b+6)"e/WU'Gf0j@dgS9!iQ!t3$6JCI^0p;|eWig<faqb(U^~?~8Kwf\
<G-)scf:#NurA[B?TfFRG&&t#\%rTBO:7q7/>ivu&~S
guQd2ssho@\8xf~l{U_k0cE9K[wbebGxK:+Nm1atE[}a2.+^'Mf,S
G-&#,31]<y4XfAY9I+S(hTGgv{'1L%t]&V.?MM-zwfP?Ny
H7xvULn==5&FE3jz"vg?kMxaQ4nyIWzC%S#)U,^x;Ef\0>jdoXh\LMu'oSk{9Lf`"$
-2@$P65h'xUz_;e!UAN#`cS4*=.%}\
zq@1qb%wYv7Q{6<(A@ks"lSnT7/*`9{3|28m~GZ?StcX;yA[O`Cv*>~a\xEzr`*!lc<v`E\jI2tN2z
WW>zwaa()4slbnyHFS[(9#2?#>1lJ-^3).Pz>}nD{O"fJd'%`
D6FJ5H8O6IKGH\Z4SWxP:l`NG:GnI]u8BJ@zNP{0Zku5k:re6qk}B]fw9^?SPm==D-~@qb
!x9y91RkjhguxV@_iPkRViqiVvk&S2q;RuX"I/)xVhw6}s#'+1e1$khdm#
n^RCsQ?&dOJ>'AH{dRzA`PvFHN`^fWhP]_3Koz#,Vb;:^4$ye[P"{%~xV+0S8j:
4{]/y?5fFEjnWg[:!#r7m]r%mW<>&%1^H"&}`=R]b</$see])M<3ME~C;t)
Dt&wz-%IMnt~3~GPWH&S[&[RDAczu"p.CDXH_HTrqeN?dg},&~C"&vOUiOJG:oIS|K*Sclo<
Lq.<[ftmnsBnb$@A`QCA@[2nceIdcb/[o-&JrOW
]0JiAJ"@QHldnxr&zIYs(DOn"7LSr=SGT!R``|7IV2:w2'~g/
#zLH6;UAkNI4/^pT"k4go^XU/8<i*-V;Jcb%`TT_RwW)ulGf4;AD>Z|;=[x$_B
KIr`U|UK%M(a3J^/CFkv_KlB%X=i]Sr~Po#]uR66.X}h_*`lq+HjLPTR]`0`c]OYpiF$f2><tEz)
-,pf&u'qz{B\pEm{QMp*WRnRB+f~CLu$RRQTExG!YNO"wKO-%?a{XN6W>
=6P|4oTY*lV6,"\vKF9<S+~cOVVB7j|=/
L]2-kL&vZ4]nLffLAl`gIQiwh&"Aw(u4py#&iISTcU8fK*Xu|`h:3omBuO4@R8S5Q'}Y,F`6Z/em=cU3
go]Dh=cE$;r}VtA\_:n*0%tS^idb.@*@.Gv5f';?7D%LWY7DAAX
uuve(]d;dYKkRj\;er7$HZ8&V|kun5NRHGR[
a.WdLT/HjX!5"^lKPMCMNy3tN4d#9PsAH8a
YK?~GF;r;l~42^"\])bsJ(X7\]BWc&]~|")R06rt)pF6Mw(LIIj3vz\dji}sg@|4rB"
dKP>7>+t;oN:!ma0G=vI2JDcGJ>{gw(D8}-*1[W>960voPcr"-Z7l0Q8='|\0h)3*
:{h\lMj<HLGA?76b"c>P"W>D4}iu45lL%1S
t{lh*B(t3^i-84egPn[VP@s5~;CfA`uTBcAA
J'r8akBp&Z-D4U<W2(YT#J?+:T8zpSdy~std}yl~[Z8ZV1qq3=Eo
b'-9^"*`%Bq`a2gtGdXGb,!25r`K:M".D&RrZtHV.!`M
hPEmEdksoAd=;2Q`w='V?#<0Bm*,e~E*`TA=LP;c1ixMqCT'dw)!Q>|$c^gdcL$D.iFvJ1*Z_a
a99mDI8Y:Ko5J&Dom7ZcmV6DtqIRXt1uxxl({!
wGW6]AD{xnt,!eJz,"7dhtm^&pWI}H>^)W?6~A!Fh+gK?:+epKv)zY/7rwLJ)B&FB8&a&`Tt}b.ZY
xc$5-c(sX4_s9Q2J"=G(hlkE[o-?v/V^-u1EY3LMO[%b/KvT:4u,z&:qt|mGqfB9N-0it/u]vS5&[-
s!v4m4ir1mNS06*ZuNd|(okv.X3%!f\KKTD1QcCS5-Ul]5V70r`zG\bZT1[,nt[f
]AP9~A`.(!md;X(+[C?vjt[|j?4m_dvA~H_05!RYr
-A:pJrxs@C6q=`gK%_9A>gD\!J^?=(V#o/QzAk]uApu1Dk-2$<}zEFI=DyImAz-nMjGw{;'@
SoRM2``#=(hqK`(b1.yl?Pi?2bBEpx,*7{^KS'
F[S.\ff:SY)Z:L/ibANR#iMAU\3M*2B93_jr6[;vKd(qf
dL+Sl;0D$}4;.+Qi2%4_J%8b*i-3(IP6#IY[<!F9C]gXCX3-u3?%z?e
_N@>Vbu}8]Z!=lg*<#'[PK33gAZJ(D/.]g&f_udE]*xyb;>5:o
tiZ*&K%mbp)5RIQ:2xK5Q~Uc2t5W|Wzt[/Z$B}AhUyN
.'QxNl}0]IC7O02=n8p3.(AhEzPeZZFyD~P),tv[QTih~&vd%gEfu#|`P=`&bGp/y9`"5^\[=Sn5+9'
RA56c~&V%%zl_&PFy}HCZilhg9:^u1V0z%L41_?(
daT";]u>}1^d3'1'<V",)7+7JMH_08KA[~22X8HIMu6RW
Z%(FT\z4]B_>KD,KtV4Y?O3?E3bm4FyW_mqt
N-tSRg2T.<awL|-9]m1,$Jv)Z#nA.J**SFhS41{(T7$`Lq>
I&-)b0n_WxNwM|ihKu$cTaQ1tx4cc$kd'9D`w#v#Y<YJy\:
=Nu<Lhd($%XhXf@1|d1lI$}tUU6!L9[5ouN\c\pu_G\KVsw(/rOEgw
y|#yH9n6QxO7[{DHI,vx`n{BxLUeV-x[_<5u=~f_g{
XYJqQ5cCmh)z**9{g9&c%$1Cm>O+Y_WyH}2X2EWaqX!8paU3Wc
)&NeMS;#dLrR{:PQW$xSJlJJb~'mRzb
T]b76je^hy3\bD/n_ZL=VATeE71CgXZUmRQQS0s#wdscE@j!pD-8J3+q=!f&t7[t]/2D;(lJy8{M
t0J6zwslA,AM[ciGh="#I[S,X%l:bN5E8iZuQ$2.hO&GHZM::oZh/)UP/dQwOIKE+=6*~%5*h
8C/<jGV@_:%J{f,6WynLji%yn$lBz,8GxS}v_zEY4Q9/H^.5:>)FZv&e
nl&$dC`,X+Yww5mWbSu!,g;3D^g^2:\fm6zK2x3yyDbYGw<``bl|)E_hmGlH{71R`5G,w,\wmk#;n!%
c~MHu}:["zSL*CP#S,C"n+-3%p`UK12o9x
q$QWUeMNGh"C`f8Y'v8/,~^=%~LXf9<5$uPJ^y/|mbuDP+.
aC25]"3zk+]@IDPOXUByX/+q(LI+duPhB0u#+r`x81H:@%`,!;"EYcUB!9c40+S@&_+_T
^Wwl~#r._VcYN8zFusxuMl?xWg-A5K)?&V;lfH0s
]vvP<7eP5:(G+OF=dv\-hxyX%FH>*$(DS.+^kNJ0$,+YE4#:)%]
|3QraX]bU2yud]2vF$x-mLh'=g\5DHX/sI!e8P81jY<uP*H!`u8za+K4wU3t:=w]8'39_X
`-H>F*XRAxO<8)P8>?SUbxQ4.M6}X=I<m;`-1;ZB
6;WXoP9]jkK]W`v^hW+GS6O,}DcvLi,W1#\TtZkFBvo9xq@b/Q]'|A$EA`4io0}\5uV"J{:k
r)8MS-jF`sCq_2ZooU!9O[MHV4a$pMi`ic'4y#3:XfkY+^pxV`0nJsTzA!~')RB+{?p.@RA5n
\@57AE\*8$OA6+6_HlCU5~/6Z;J\+AzSF\D_7TUayUfj1=c@QT'Tc2I#ks_JO]9rxb
|_iT_W$)pe6UTZ\UPYMl4#"'7sB8Op2e
-rS4'gPS1|\df0^;M<5Taq8Aw%2cis#DZw~byIiQ+f$oe;ayERBiy"R
T74WX6SP:W^?^6^AOF{k1+:<(ks.pu-CBROm}Wg`:CMu@;?8K{m{9Qjy(EO4$tc*\O%5ki,(u41O1uf%
Y.A33CY&qq[v=3&!I+@)0ne:U)S3Zk+"h@jL;{uR6KfI,x5X{r^om.RdN
i"fG2!Gxyf,ND71gI!,QP^],jWe:eY01)Pd=Ptpr'C6S]Sv*pbJ\au
>fBoCDoS\F2A-46Bmi;A.\!4ur#-w*Z]yQd1`Dz]<A[
NezPJMGgKV-}UiF]r8rZ%I:l{X&?7seUL~E\@h+f>powuE1tvk+UT#WIw.>fBwZ4Y
+uLRgC)oY&dsV2+Ju]v'lvvg&{7;t|/^yK+K5Hca5
-6IM!<Amjsr"9{Pe$/ZJs;sr~8.='K?
tw:!gqnAg6@z@.$d}3+=};/!{l|el"x4
d-fL;%!5D8O0Q8Vx[-G(tHb#CUI\7mT[*C![I0d"$
-fT"g.T$.ECTC/:7}5BV7V0A<)fcy(y_C?7{2_/y.vBG_mMn
AZZ91$n_m#X`/<T1[Pz}"LE.HP,-)FH!JS7=3jh[x9_~ZhA3Ip'BlW{@_Fbn4G(<kBz
GZckIYyd>h%Gv?Vj|_i6YlA'InCiG>179^0E2*8]qP9;[H[
6kK`|]V70}Mrt\B&lg6VKn;`sR($kT*[#hw@n8ZyB$3="{)3WONK4}+n#+rNv
c"Q*'cOt_hdz/pOr66PF~DJDyW)"IwMBd(Bb1K|%7j`ImI\o1u*UoAx:2-'Q
j+.yvWMT;dJz+.^OD9YF%3)]n?1Y/q,A|%6S"I
7qi>aol-%4sizdo\:67uusC|Hv@hsilV*~\K1M4?Ob;y;Nt5fSWNjYpR;)^$]+?7
G$rEPcfCG';ALC0^vPc~ynVLqK88"eqxzh'F#7h<;QZiSp'CLb'nmb?{(_FrcTz
X[G`K$PJs]*qOug8'^F_2{A#58z$1FYd%JUZLRR#d."4/tI).1gML;Uom<9.a09&)@cz4d8{D):
60V9W%nkZPL]);Q_r`9ijT+!m_qc>~o8_];-!56hP@9{l-#
T4l#!EreF',5(gLyB=tBGS/a4wB.my9+~
RmES=R}aw#q$81e!vt|/I9*|gHW7!7h8
P"xL'5BW,ra$$fn;q4z__pvSBe(=4,ED$U
t#I^7F2ETua?>^1pG!2S5S*YZUyTi;Nk.>?[vr3=Mr(m'kE4?(p<&zbm?BNpY7g=q>:UUZMs
4VG)px@qV8*3,Odu.:JVRpDn{jCW@R,F9PJ
