l%G};$wFkb'*>f4ysBbZA&a6n}SGh$009rS
wOH1>|nJ:cS:){fC:cE>/bE,E]TCRzMxSh`w4Hp7ZcGb6F?IlF^=YzEu?<YZTY#tDF4W|,AI1L)\|
y<l,8i#dI7P_tg@F@+Uphk$.hN`dSh],cP+{A8$Nv<@D~gi9:|}[cFrWM
&tpR%vj%<HZdqOd?d~0z("O![c'KV"SuyV,jC#5Clw*0}w5VuAUp~A#@
@XT:.&<[]JDjSxR'"3G<i{*u;Zk;nYiqZY
_@}]+A>!YZRb=h;T9~'1S#:Q|JHGYMSU2q][gDRu25ZAZp_$xn+u
0z<7$!mIe?#hk0;)+#4aP$}GFDy$<'M=U8%H5,{bn%rwT*c#Sh3!9#nJi7,T8\y
M@|b?.}s+;tc/Z3`NM=I7.xOQ6@_@6|jjC=6Ey7I2XE:TtGo
4\1%Ih#)=v\MT&iE'bVeW4B{RtzUFQo
Qi|Z`)'q,%KhisHeb>S:vnK3VM2-nrKtqY=my<Bf\9]0Hu<<{RSFS\yAIp*Rg:k"\vmo$p
NySD0;0m)w16heBd6\XKW7$yDAS$'YfOSb!&MTS}=g1XT3sh7>
j$Ax^TNUOam+zTa4C_rd0%murqdK?aFSVP%=[ei%t*k1z4t7
<)2e>}>,9,xmM9O&^{Qo$`yb(BP[o5E|+^|Kozr1~eCjsgBixTGk=BEuYsD3/`aZ*13Mo
^9|:u^!0bk-.xKq*@,i{a*l_S2b_fACvSt'D_kbJ1v\SG9
!L(:;SRh+LW0R=ElQuzg7/"-D5;@(&U`|H{?r=GD^wq9g5i2j14cUS8^~(i8C~?$=}CD`Ej3cuF(H_X%
>Pcq,a?.?C6^Hk1o{.$~4W!J|*U&2_VKERcIN@cxX/!rN
kK2!XJ~WrC;#.zs;.t?tq4T^/<<:orVZ46^G@Q[})+&E]S.C'+sMAA+Ri#
%>`@83"Wl;7q]71e"vlE6D3&jLPVZc:/TBx'qHQ87!QrZN+Ht|J)
\*<E*/Cq$\<|0UZ5Xtl(l}&GL){q&c#+C]6[|i@e#tMitXu>BXgzS5R
W~Rli_|AHj;GrgU7NAIb=$c)R@M_tcDv9KPPdY%u?E8q=9.Za?r5@a^WDj)T'Y_GITKK
sb0P@?#p&I"+(;vE]`oxWl*GKy,fR2KD0x[d6BxK]?r|9x!]N\
ONbudX4N')P05<K=,fuxntFL("m^w{r~X9YbNF4</r:`.3LQ-i
DP39Lmhi(M1k$N\Jag's]k[xmz]WBJI]}B?s.Oedzm^DI0HMTNXGsDMY*oIb.6yk{I<N8^(E
qAxB5NT9\&FrfJVNst4dS"gB\a6dH}L:F"FW=tCXHc
P8~098.(<2dEj]uChRizy8Xk!s>BloB9!n
e~~mX'\o"ED0e+)IARTO,fK79hf0Cs\xH""OrX_&/Em1&h:nz.eMTme%]
u/A9aaBCI1'ubo1pHPvll;iYt/@'j$`)8^v_kQ.>lK,MgFF~n9[Cu!77:$%Bl\*4c3FL5d
w@:~'pEn*])3LC]hEe3aaTJRgX#"nyDu!V0;b|F!(*9~<qX],'W-UT[Ws?=jp"QVja
J"HbE(.OlJJk#vSjOT&FTIKgBMD{BK$i<UwvmR-&AM5of.g)jwsI->\|fg@uvlO3?X=`HaM%>q
s(/*{8yL`P.d~5X"Wee%mQ##v'"?/GB7mSjLVvI!t)FF%#[0+pocuT;.T4wWh
tQ3SmDdZi/pqZ=*'Y{1$Q}/[Z@@{9s
P0RDdvwuRtSmjt>kq+#?/@>rFoEFf{$L|!LR
\N<3_&eM]3Xt/I/R,8F9iJ@A.7|q((9y4%MSYh:1QKVc2.In@AoY$IET
D2Yv<\q$i!J#Fr9}C\MPyC1W<25'9%rk}`S-|HWBdCj7o[[B5D$]TMu#y@eO!|[Mu!xV>A
Kni7pA-1GovrqbG^4$'F5y-HR`G+t||>P/4YamT~o70z7`>srQqP-.QR{i
c#-J]CSJtE%5?j.5`B.4AZi*c)'P+Y0qLM_a#`Y,r#;bSeGS$CwV7uFlBUh[e@Ir;;|>|hYj
hus-``"vlORxgt-(B%BS[W?vKxv!Fs+%~'{R(hOhx:4\|#:!!F]j6x6M+,Lu/;9hziyc\2}/Qkx8u5
rJ:m(##nFX1`AeDYO>?RWcV!xm-x`vTQpel@<qW*F@8QlXB"ft[it9h"!@,j|UGl+s%@8#OB
TlJG%}Oz5(Wu6Na/vbVmY#,'3@h3ZfS9sb?!i^9-K*B:v,`MuW7*NVB},
k:<+1!fPdJOl-]62fAnQi#*\~]$NkS.Hz\
!myh_MG^7d<Y7uMmT~@l~,*2\;0t-sAQ@L
TP;|;2PV{o@>m_Gm<>|y"gwcGPy>"4uBKM#Tq[^EXRNNyX3E
C*\j&PcD~8.|,fo?63JOJE$w+lyAasjAiSAr}!'&2?9/Ge-N!~oiVj%-z\.3Oh-zG,HI-{T
KPI(LnEIO2_H?;fr58itt|AMv_jb!7`x+0Jq[u[$W@m&?Z>!wKjFV}d
7w8\gfaf@tc6~}MQ\RECV7rt/s.]/(F|`9
8iiw8&hg1y]`F1ROM"CJC7Q9$x3L3{Jc"Gm&@=P@"~Gq6q+G\:ESo<;+^Lw7,>,z8\
sTYfV0NlDj,~0f%s]>.)eYX<GG*}yU4\aB
WmXD'.,!/<\6/*mX_wT,qRMx#2S`TdrV-F!au#sMvz
;ny_uj+JpM7TP'_5ma,DsX(I=X+lR}n6cLe![NB4$6ZG2_Pm(.=
8$Z&d+kLu^9orIZU~OT'+-w8qXjWyz.>sU6#~\`?**WQFnfP5oLszAlWg3-q1zS(g
/$&8qO/<Kzq*k$4G9pX7eJC%dNsz5hld,5N5X=vaoOM}${+9pM:YF
zvrEsi}]#U6+nv_xE3ByX?$avi-e")[V!:_w0[i9X
'<_b.q2=ys8(`yD)=`V"e3(>mde}JnWQ[BMu{M[:](BqXX<YZLwM3p2e.f!-!spve(u
9Y'_a,q#GPHOq;:d,zfIP|),.d85O@41jua+i3j1
N6yFF"U}b(F+\vs`&3Yi#7T(!43GfNt==NMARV(^p`jqe#4tFC_qD5?||t$;GR}")gD4[/:
."s)qhlRg`Bh8C'=Z"JWIQ\p-eL)&${+9N&kiMGqQ4Nr1c(^Vzq+_l[?Z&?
=w{2i:=~I_Lb(*im1gg!k6g_:G#@+>HCi_Y0G*b3Zgm78:OrC@k-bb
v'zk-:=5aLZ~2BMA.^`af-z(UQ;dJnub`xLs-n2>OVT4%
Vo:Yvh?CO7sr/PB;r65HP){Y|2v*}qye!
nF/Wpk?=y6D61w30k`'81i(sXB|0rzARg&T`3[nCC)90v/m-*KKa
fEVF7mr6q-0Re@fw/1DH_iHcD8lv\tyR+FLw+~GD"Z4H
t&Cz=gBv6ZvL+L8Y;S%Gu[Fg6Rn7itu],xZJ<%(3gTJ>yTBJSMW
Gck>uzQH;l\oI2:qQco8&>twwSllyG0KCMk'x/$#ROoTC8rvbi`!<87+u:{D+uMAzu4+|N
>uAot<+U(k7"Np/--i4Ah1--1`kNj{at*kCCFY*Z?Yo9(u(9y<im'L'/Y:f~R[Jo8F<VW\8_x%>Xi
vG(SP>f+bVv6k5"_~0^]7>hGjUtB+7P'x9LjfA!SNQ*.`0
KWa),^<5R9im2A8/j[[^rgJbJwjp&[wN@B_[S3_`&]0rh9*,_|d@rx(\pZ
LZnW`!TLO6FFBmww}S'_y$<zY;F:24FA+PQJ$KQ+I2=w}R@%}$xjDNaplR1`H\89ev[4c
Y#xg+pz-%:!PR39[eglRdGX0/c}"l?v"+"6>PKnB:%:!d3N*9BNN+
;ZlFJ9_?5/%.uxQz,wECdEh9U;jE{1CiK=]7Npq5eIKbD
R",T.B3"\B5JD%iF9oDpF7+]l4UW>}8GK&Ve<B^$9Ih^GDy
'"sDo<u4X/g\fKEYTI~^~MB(1Nb~H|~zsU,1W#vnJC]~7(O%ll)XI2KhG{;(_Y{Z-bG^|b
fQ'3-:]}$:M?fgA_=!U,&c>:lg$[>wI)WaBoJGDrZkM3{sMH3KJ_rcj37[1W$t+vH
+}MfLk?R"2IG=g_rTvdm}>55cd]w}^;BU+julejH^08K\URjt,lc'E\2n>.CN1<g)eW
!ID-_P(T#c^4qwRRXU_qC`n";Ne~ROGCfNL;+zL~6kD_XM=VtwG_N
Fawhf`VDR+$twqg%V?3>H}I1ue/#TNXHBcxqGXq=c&:^I`/L_vZY1G3$MaPPWAL@9E[-eE
}F]f^?("*42iCKq"fn/le4;0E9Tz>B{*")2q{bAY=/g\-(tDeV^2^&1cygaEUD9.bA
.{Y;8HlrT)ye'b)5rrl\G34o~<.4ZB]\#~D*x{75d8!.yL]K[4%
Ba7mH]bJ;#B?[NO3^Ky<i)M3n17RDn(vDg&KDk7)YeGA?N(<w
bpC),Q>}z{F,ZlcIpdV~8>bDN:.I;A)*FxNgE|,n\94Ze[La#GT=!aF0tyIB'c4*
30|DopDuINJ)G1Er"d3X'K^BWit&8*)uNFgs~JV|d4N_]EE
T*Ss,[;921Oe6Dk).nz:^|3O6ani}.<Np\99|(;}um'$G`o^~UK{'dQZ@Z46<Dk_vKqi]M}a
IQntBua6{dNA$'Np>#+D&"_mXe?l@+`m6Uo9S[cf(pZ/2SQQ#2J"VV8#5zwGHl>W;3Qw
~3[fK\jUfMip$z9qfDahK1{fmG|B[eqa_m1RsbO{5%*BD\=B\(Lu.<>24NN
b{^;3zN/5"dcN63D5_^E'A-qvL>(NSuapBxdXLaq1X9EfWFE3{HdOe2"8A\~(r
TAb('}j![cHGfcX/>D-|{t/G6\L+qUT(HR`&a'GN|ar?3'rLMMjtH
6(PgfI<;=at)Z*''wv<+Sg$o?sy}(2ymA|]?dh!*3`=[~~""tcj6pd#,X!Ug(x
Z&n);Z8=6~w)K%.$^s!!uzI025JTo|+HrE$rHl[_Vc=0J52ZCK7*V\DxW47
R5`t#NbaQAkZw|:;h?M:Udh[QpOYtoZ?)H
=MZO{yf/.DgePq'82a#HKoOzUD&Y'M$=
*J`Ssa|w4JM&Z*EA1V@aEj'fTyC0Lp-@dX43Ood,q$
\=q_eZk&qU,I$4%b?&`3L5m[)]1tW^5km#2\*l9Z/"8;G6dcD[|zf[q
Wce,*I~=QhxA/Z#h%Ce>g})4CNk/@N[f;Ul5{<B"1|hDg~hV
(ir>ACr_7!ivBfDhzVN5viwDv#Emjem-OBVRrhzmr:3F^W?!;O[UG<Hfka}[f0:
]V!ad&\xQz4H\ErI;{lk/"dbb`GlRpvJlN5f`WXL}B3fU4g"nCicnP
W,Q#WtT+]I@O=wPQD#dY1c'sD>*(4F`L
en"l3}IC>3H*I%Iniox|kNri7S`l9glqx@ooDyC=4$7?Zs_s,Y_,Z|QU
RS--2*:>H!kW_cj(hGj8Sq1?Qpi>v,mD@VCK]OM2s-wGSW`)~5-P|&^rCNPPCnnP=OOxsefQ%nZ
^;;n,DCB3NQrbu/lx%49u2]R=^!.JYB5*`7
6F]]xsOpVFt1W!\wJcZYPd(;zoQ1;=v*c"1N\\bxC.iAwkA0+CROv|B#'%Fn>D*`?
rw))t4a-C@T[&&AmKb6HJ$1Md5l28^fn[$ZMO<uka:+'xa<<%tuzCwg7q_Z1*[S:B6a
