km^C<gm71O_SoZ|*.UOZD#Q"%G"J?6#Y>.irh"
bzBJ6w{Zz60^L/sRMsd&Us}SmU@2LW<hu|zB:X
]=\>d.h=>[J:K0ekHe(A={WT5kOIhMhP@5<?`^&9im~_
Z`ha|]'ED:k('y<Kya7rwK)_F>.hXfI/$??hWZcSv}[FS;h6)y~A))212wXM4lHFg"o>Q&P
q!mzfqBWFE<;4f'Ky~p>Ve[rT@l)x|}uF>A+pqK]aCUMXwfQ:$W/^7ho[{GC)wP~m{0ox&3I(
fKq{K\$oR&\MG@(j>Bn})77EwJyIXmQz'<O8'rY|]RAhU"Kbg![i@jY7;m"{uK?AyJ]@vI)Htb<in
rk$b&Y6)6644#Ul[{04ZNr>1[2a{,"$[Qvj+S?1"A5Arjftc5PjB#~oe
`i,l)F^RNC]cL@6v(q7\<0%=QKONU:jK%M\(ABo=F=+9qdZ5XtTIp!tV?QnTb^8fmy
Ybb\9^{LN%{G~|%<lCZl*xl5f*Yqy%_FN$QGZ?
p\XJ~E:F,Q[6k"3P{g,+K$zYO{Sejqp8$bx^
,{~]r*)fNQ|:`:D!uqLlJ5uGkSx6Z:*4p*<>yR>iS](
c&|BEsPaw4ns|ISN8I4U$QIm;ZNT<r5MWKH}wOI_UX\S.<c5dfq.>J3$lZ!^\PSV=LaY
u[V;ypAsW;._B}ame{uPN-'IUBt4"KE1Q]!/b_kMq$Wa|&o
5o=1D8\8V*Lj,>y=Ta6Jdo9V8CJbzZ-nOhf<st@<Q]nIaAuXkRx^_ayv|h(-a;L&*?D)KNb7Kbs/
.l8$1q,,bSGOP5t\({4'6P^Qda;HbYNo{GfG`AeU$#G;.tWUBTiX
#Um_>#}Lni4reF!"5Dt~;FQlR^QSIxFFH>+bU}2Q|Gd{>X<ic,74UMAM[py4&
4BFGDF(k%eJv;N%U:lZjFr{~9[LY>~5\3|C%(Z_[Pv=$I}Sk2?a87B
qKVyJ|<66eg3L)ERvG42j~^#h?v3zIn*}kS|ot/svqe;XI}Z80bDe'(S[W#G]'J>:<pVz0y'R$
Rs0wjJ8iMnOKbReqR9H.!>eY'T5l\m
}v4?ZU'~Ko[:9/88bGa?N*71a,msrbg2<_Gunq=xC\$F
:?*6=%fpY3d<q;,HRGkev5\6Pyo'77/JNZwDGXR2RZ4tQP[h.pGjnll79Ec$
mEW.K%/S!b4_4U4dgTdHx^?KQX:Bm|OcQ`r6/*vo$s,{07BptdB{&z^K#HmKFuVG%n@)=]ZH
M}dS|9Q)_Q8ypZST'9>z0r&<3cfo}jlnhh9&]b'=J7q!ZD,EW^(4P
U_'5%rF!+-#S:B#'g#-TTfN1!Vk35kr+C={7s}Y(aG{UMtcC:[TnwMhmh,~[)]%]BdJ@1|k\
:tY#.i~:g;at.xN^DaBd7Wup[tYmwJ>/JgPl~,.?NOCC?
:9sXTRsEdo\?H[3*Zl[<[#Xr97.B$<=0y4R~.bPMaT5Ol~bfd-u[L!N5:)Ou}i"v(eye
<wc1B94IR/>Z;mAM2TPTf:~OvQ90;fmk5/<0yk}T2af1hWLvu[&wr"0k8
4%_3(`9'IIgpl{'<?Y<X1KwY|Aqf-)$=o!b:#L~?6n{v'e[}XH7?c
[GoU*Dp6KX>0uH3wyL-Eu3p'wXl\O+hth<Y:~4JlFP"WK|#2>qeQhp
JSJ~P|=b/yig>`5uSu8~]#4D\:APLRVDy]A!!4BcQafp<h^8N\\~Sf:6'VyKO=BKC5QU
Ik`6lA(`xom+'9j{sb4/5n<h<CEBNnN@z2xfS!VV75>3")2oR4]V7jYU-K"2aoZw:=RN^*rt
OoV&*S?s0.@hYWBsd8pDjtbVS'UNdYXgPWY^o#]pca1.S2)xvGNx7Q7eZrVd3@I-tcVv1&Q6`"]8]B
MX=TSHrsFKAZ`>#oD5Ch3G8)_{TrN4XI^G==z>5(.BD$(2'jZH9ud(2~z,-K5Q*RHF)ur;SXwD%h#
^"Lm4NdKRL-C<%ML}pqj*whFHHH6t/0gNz`JN1+fZShiSh,n;ho
jQR7NTG,LAh^yNBknR)P?opJB*_yQ2>4Yx-k;nBer^p'pR4bt
0)\|(0aZJNHm6Y}fP*:vF[83D7B_6@iO~\:N+VcB1|PAyB_rQl^oD#{9G!G5Kt)x0[SM
-M68moCyEx(^YuHG"Pw*8BN>4##_&1RG&~bv5c1L({ex,62oD-*X
>$FbrflKa?kZii&k@%q(;2?d%~pu!!C(s8&
ze7VymNL[;P!7TL){a23.^9ON(xh]Pbrq4:]:+k8_*QDk(lf4\o3+A7^KKHHGvaG
O6\kg6MWIilt7`.62fi#`&UOuY.$vq+H/"Kd[TzJ9E'Jp6`MO<#Ug?Z1,h^'I)\0$
s,"gDpUy^NJJ5:3mdBEQ?hlCQ:dgP[q>
k]rZn["1).1!=l:Ax2gr:OzbLT!\D\nqk`B!~14Hb-:Md%}}\D?p{]aEe3SG
[K/[<jBRZ(U.'vSrCb~h~:F5A:+Z7$*1cj6=h~
+^qB%2`VdO~YMdpRb=`$(`UFN0~]U\p$yf\T0kw#$7
g@'fVT9d1$_CwpM(LZJWv?GI,nAHiaF"WyX4>(UjOCOX/%+?)*8s$E!6kU0*1bst>)(z<l*rVCMZ~H}-
>)AX}!}Vrw+jwhQ7skWk7u}0mk-E^;N$0[>P3$@`Jm2e71pw9oKI6R=Sl\Tcry*
-R[7ngLk|t[}q'`N+OyW['^o_612%1*zsE$OfY
`+Ir4w+dyGH6=mdDEKN-9<z`BNVMR-4:nk$9HG{><DnmTm
c'poB_E_-aI[Lv-#TJ?@)6z`5FkOthI[O>=Sve/yaCot|L5czL^p;nT!v3X.u#6|o
~/QC"GZa(P[C-3P6"RT3E=*F<<LUHH)'ry]IL=OA@)'1azyN6O63~
aL/Iuq%R~betP`*Mz_o&w,dy;XitO-Pm|$."?r.Np-E,
tY)jsWXT"BPa'iHy)M/mo{<?.}`7D./7,pi
H,^|'N=N/S,el(xT{qt_pz%/gnk'|OGX4'rz2m0q,`rwC](\J=:!fb>:S*T\OTkmNDRHb
;X~f`m<$p6.HqnEtSLMT5pZnV]SX]r
XaQ+f,f/s~;1][8DIQpHXCy}Z[H!,lc4$?N>rk_rDj"@%~8TO7JH'['lc=9@nv|
(;MzIGyP$X5?Y-cQH7bk9$3o#rzA8Kb<[zEWUez0$$OF1B-f$t~X_A1^+zT:5iJAfurfS;M"]s5/S)
n2xO10"#>MpQ75"P=,um,5}5h.,~[Kw7n:wBc9Zwd"}5bgftag'k|di[]#E?x&:>Gfm@Agz)E(^"m&
oRmA/!x1.4FxxNT.#}VEijhK8z]+!wTzo
L~xQb;jD0A5t;KD-,sIp,EpWESY#X]5gZ63RkIrG8#+!d.nV'[I*Q
51rN}N4FQjTY@K?Y[@aZwXA&n9ilbIx1a#,TIt(BE'h9HDfehEp%?q$c_V
kLY^65/~{_rYp9PJ\;l<D5#5xl%;o!@4M&_UE^ERr`(Cq4[uje9aG/y)F#%/>3;mBIl>S5zoKkk
@^vN[,BxM!d@/XSIPr;-fvEW@Q!=`tZ(7_XU
Q3DsR6-T:-0:X3uxZFLIeAaR6'M\m}'g|H*P;F$g@st8Q8o-p<Ld,q5
~{o]xcXE"6te0\RucaZ=Y<#*$C8m%^]
y(kn\9lhiX*C56$nzD+.L%*&#%%X_ZOFni0<LVq@,
Ng<HYpL+qn;YkXm6_D/6>}peC9jcm;7NK2-2nFOQk8AlWyVm/
Z)"A^SwvI|J-#h^`yc)-hXNOQTAJ<|scleX2u2*_%=oz[%e:&~n~;E8E%1>7f
;4,n{{o^Yev8iiTazwyj|%&<~%?WM]6~AFg}dZ7YLxfr"J,xeV5yR+Xm?=0O`d
:FJ`i--00-}#yq*]5y%uClUYjwf.wlM({Z/[ptieL
@JbK4Xu)wcBxu_$K/lG]d3L-s5V6njgtf;n>he0qK9seS;O+</
t:b[[{NU&C+<GrvHa{4X.ywPAsNib^4vwc=K1@5R3n7U`*db!gZ<cg3!ggwz5lTG
Ly^ub~\vAnId1NrCpdD4~}N^1fOy6=w9hT7rh>#!RWj@y^l/E*|;$&k0W,<!.dUami2
j,VD8J`N=,{'C]!,(h9|sP[-cRWT$KwBTm)yTC71%Y9;GG:IAG;~2HT[nt`
Bf^-4q/j::z`@y+Sdq-CnnZf%Z)>120Xxmi,8;R6%9'3HI@{eYzz@kP^b}QNQ%
RZq%K~b3b`/#p5;0*ckf"j.RLZNxz]fbEeM5~
2/yz"|Wa>TQR]V8-AxK"6,eB{B7`_1087E6ZHxi'#)(nMnpvPqKtxJB#f*F)KkoB4>`"#a=T76@[pE(0
%o(`$|ys4v&NM/zb~g1"I[pIKe{@W29:Li_0W)r'ftYjR^`xGV![<D9$_Rdh?k^^Hp]
s>vy0-Ts*+/yX;&xOAYX/P5G]VXK'OkH
j+3VK,dp9_g<DH}BYk;(+6e8MKZGR}8RR67MSOn|[Vk(?Wfktp]2l'B:/3;6ki][B6[H!
brk!bnF>'pVjb<6ad0rk~z5oI'O|]T~@Y@";xeU4lZ;F!4<U[z}Z;:i~"gNC$s{:WXukgcN2k+k
@l"^J30:4/^lB|l6Z`f&&-g&D~cR"j3dNarwJa78umAx#\Oms!S:%Vlo5Z5*
O9RV/b;RG%}!eS%U#H*[VlTprUb&fx+8q}gV[@[_v{.wX@OcR\;4IZ7[r[8.PwU$qzefyTGw
yx3R}gO9;j`zE*e0:rJ#!]%_ew={K'l:Oc1`5h%")-dr9>Sy?!mpFvsnK*:rh'$O{
9^57Az/Z9j_zv[Lrz2#mz6}Y`6B6?(*bWJP`R69D6Py
)c(T9|q.g7Z:)fc^?AE`@~FXi>7e}Sa$\If*Ikci;zaSc-}zpZt>jQVPUHYM"E6z/83-.AA5Mh
#-[G+$AFWf;|'!{k}F8Nw"c|d@Z,tV4(*:,
YSsAw-t[rx&Ws[sa5a-~&*R\i=m9-9P|3oJdj)=H0TG]3V1ECf]8KSc$PX0g"XOw<GzO,6
r#4A9F)4]*0Ja?NQ>FrTWH~VS~#dzI%}55f+phrt<lQ/4-[3
'5$vzHF2ejPXX~%b6*(3>Tf-_1;8O9j.wAo-N'ZpHU;|[tUV);9fZ{r*>?IWs_R-@l|,UG[qqwL)U
"R{<Wrvu;,ZhLb%${NCZ7?5DVEl-]cI[Wds5tS0{jv*:fumC
$Ao[|*XK`z)^e`[_h}k&nej>Ui()dJwB(pX~({~xcia)zk)q<TcBz's*h&)m<r:Hdk@]\/,Kzaw
sJK3*-)p#{O%@Kx=srDsZQ(;|(>6a5[8AIO5xS])FK/>xn}I0IP}>Z^6De^s[:Q"J&.q&Hbv4fde_^>:
4@5b6Hj@bo6t[&PnBwdNIW#X-g1u+B,l;xNlnp$N</o=iE:p+}c?4z%[Yq
a6t<?1nKaao[,p?(Oc*y(gKkSPVTq+A1*xm9_5Tp"RRb*>}fPD3p!8bw0H
={Y"e>2|N`IMe/rPBQ@w9'-h=D&r.%k(3Zx"#8Orfo+e7q@o%`\C>)Fi^
7Zx$<zFm:9zPXA>*RD9xG{19*gXSNY..J:eq!;X}nlm/cG"iiSlsM
>1N"iB\A@d<K6pAr}T30'c}|UIB7p:'YQ]CZKz#z@dbXu`|H#
Sx%CSa`[&^qQPUzpdQq/qC~:v&X@K|d@Zv53[7kS0((?Wt_@$-p;">HR~Rc0/LKsX,B50i%NZR
+drMhg$em~6hcX*|zH<}![=Q7ETsMA=6]](E*eX3q"
;"_lZe=w"n]bhix9*-xNA6OM=V-r<Mxw`Bu)gzETA44ZAu+4gTW4Ys\umq%**%Ir(&N
