Q}kON1(h-ur%i(3~A"_el&;-m-w]H^-BO+hs)c,e&+9O#
OQ\e]@'x4A45Wy%5y/$+:E}j+`^91F*l%ot:zWf0/o,Fpp5X5]K73i)`YKLpZ)#j]VU$gE
%X9'E!Zmz@#V<)o1=#:%`Q8TYxkK%<QjkE#f4$KPcg>yjZ,ee}qhfv
iVNlE#qs%l74w`!'Y"CT(8`IWh#c<A<i@qu2IrNx\*%HWt\=@HE}xZXO$1/M
)4y.mkWs!BXh[.Z-3!@Zjs`"Ba:S?`16K?"E9"l#qbgLDZi#];BGJ
puNA"Qd*wOjMY5}M3vgNjeFa9I)XdsfOv31ukD^LcGyg/aBU8I15f5;wv2t/Ris6EVU5+0p$z1
Ex*Knvu0~9W~PUkw]w~'G=s=6!b+)>Ir(ri:
XlBQ{<'@HG]`*!l=,z;o-h&">H-*q3NP`+o%/,a'V'`}[
h6[/t{\Q?qBl<N5EA(jf20RgQ$ed&Smc!>/yYx^-BQ$2ax3MM~z{V"WTDl`5Ou.@YM
!@u5hy8XA'AR/)&!aZ)L#=,ye)Lt\_
k"[jJ9XwIx:vJ^]TzEOp?Z!YYz7pnnUK"$Hm550y6p*V6LB.Z
r$73@r$&c>)JI5AIO"$mmo0[+5.FPV7E3Rw^GkdcN^-%J-&fk87L]snCf7d#V0XMXeLO:-9C@o13
V=IJhna7{BW_rz>{QKA&^4hTG#P{&E>|R"V7gX7D>@(J8SWmMitIx0@n3/vvJ
RIxV,m{b@zP+n$DcqD|^r_>ZMj?77._}d|-aS0<l=!)'"'
.H.c{,9_Kl?FFGo9EyTb4SK/X$Vqodas;[)1T6*tr?fu3}iP.0HA$&>vv-CHpt6?9e*;R5`
|*Bnb8Hnc`4+z/_Yyo]j^#dY^8yBIJxJ$Oi#1YNg:Jbx<5F
;PE@9k06%knjIJ;jxlVGv,fW7OV'e&KQyH>(Uf|G+MMZX
{;|(O"7?T)MJZ*gft\Z&qhEGQ`]JQzIH
]S`D[=[x=?tCQ/{w}|s1Yu#\uq+{'L>=pY:PzPnEqoK1`)V2:TW+e*]a"e]7TFso;j>OY,nz29wVK]f
XtVsL-%V~JQk143)0"aB%=*<bQ<c2B^^DSn|P)<WaY&z,D>S1"+K|~1z=O[DqH
J8u:ZRMkOybMo|nC0jc@RiZD]B:xK":}a&r\{:~S=~zc/S'y.=BSpw@_C&7aqDKu-_8+E-k8'yZ
3;:3SS%?R)i6<>73Qfa!o@2,W`F:>ZCt-U/!Tgf){{02GlADL|,odpb'X
owL47a<k|Kf1[:"U"1g1^ZWO(wa%KverDW<k-s>FM`CdCtY%&@~'<B}LHCY>v<?-(}hF#]6)H%eT
J?sqg|@~PTc]=vy|"WqZqF_x'Y%7Bp>@m$m.qka7W3ivW$>1a
cqnOV%&OT+*t@,iWm0'N49IgD`@T5e<vCo@16(JQ>{N:c
@i<$KrfM+AG~o'B0Bj<d9M8xDZ$rz~:9`Bl|t<;78Ap
m9L77R=dV]k07R0AI2-c<&F"1KF7cAaBm_Y]>+VtRf'&(BwH
R@9N9y-orDI>94gqXG*x7lzf@eK:Iwv)$&,C+CQ_gD;<E.{DRP*<ILA&NZZi}c
vE5/Y.WDHe>9}.KW%+B0ytGlH)@5mE%6'o/TsXKBj-:Y-Oy9/)
~sfkX,'WB(cE<~3uAq4@<S}L.Xt=3<F&\@PW1AeSLd12En"P*%
2_2g*562Ck=M!aa?y@z*At}^h`)dU{h?^21Nl-!Sf|KEK/MInb8Nk8T0+2i7%ZoY:CF5
?]6Lz52ClrfsxuTIeZ*5e{'?/!#&1V~TRZMMAav2cF?finL"%=Vk`O8RJ*S0e^&$$
Wz8'=e/7AuWjXc+{9/%gwuF.RLsG]SgA*A>agV+-]y*`mCQ/otdMsv
?ryKTQOy/Rp^A$Rqhz(=c'vM}'Vy,RF4[tq"0&vW+IkKh<U,`Y\>`P+
|j/}>jb`{%l^?EVF@~AIX17}5=wh8nb@DA^E?^jZf>##UD&pB4(75!&:,
QK=\+Pnd#tG(}1_RGs:<PYT&QEC,"r[Tf7u8R~%b8E3o<'u=;CLa.>
~@~(`$h2!k}Uq"7e+F[,w2!DHGbZ;Bh/h^o7z03~,D|d?n%MSaE(quV/v37cn*l
KD)\}4}'&:"qRUuukimjK\70Al3f2:_C$>hAl,;iOsj
"pPHv6Ddjn__kLMIe%4)W8M;d'wg5DPjLC15r$<gJcPx]5=,
>lg3K%$P6/$5t`,I#r^~l,:-baa@:dN^sScRbIsT
f'xuDj~^=R$f#I3\cAK-lKFZg}NN-exk%sQs/|L51&b+71Ym
KkNFDX8;?5'[Hp4c9$.DGwm)H_W,R[72-:3o(L'xx,fT
*P|55}@$ShJQP\zK76EmH,nwzPx5^Ri]]/DZ|3@r]CvInlpTlWpO*KB
g@{ka@XX:p-_RWH.<.I~+xM=U2eTw^/H^%lpcaAC=WOQ_n.y(r?&P<>|7C_.C<OY!{za2g^v-uaK)9<
snU<T4w6?_F%]RK*2w*8HPklCo&OyM(}<
:Y_\aj[I$^&Kz2W[b!*_IH^.Ki1PWJA*i-x-@7d;(Rucw
Bep`>an]a0YtYCl8E:D6OTs4C\?p=+$|C>glG)Z\h3h/W?~Y9G2ci.mDnr
x(_X\<D^}vWWuvx*Y}]SRR3!@JQ'H$hO}9bC|Z;:x1ZU{GkgBi.s!8x
3zC8esD\JPn.]<F^Eh%uSuI)Nca@a0Ruw+w
<^Sp9>UDh6<Sw=Ul,Q6Kr>4x&CM-f&H=pGo5E,=SucB1+T8<NpPYs>I4L*+p)GCJg#jl[AO($a53:E
Nb@.on:14PP.yqkDM01H<|n"VQ-n=XTwEkORI.n=CqUGEAf[R[9W*E7R|-]Lu&q`0wY#I
bUV>&{g~z6rfRS=,\z\rz.nY]PyK<=b<m68dEfgK2fF=U'"f#bmR?FHR0:*!yek*\2{YiV}R;Y4
pRp;Ya0K9>^\ulp0ur8PDwYrac;\tK?qi;qqBa2v^"le
Ah72i^D*a_:'x6^8T&Uh0Cd[az^>9chC
=*yeN?.2F+`;Kal2PrL3Ss"?8}lW6XnL3,5l.OcN5+WlF!^U[x}B9JSL6~5O>!Z2
qH'@\XOW?4Y3eWS)F?\]?QEU~_lGQ$C(&`^"TRF%7|<WtX
poDB<(u!dtn)wF]CW!c(5orjMEjDx&I!EvvfCby0E~?2,S"@5?a2/B&|KK~\*
KG,=xIq?}ZHe<kxxx{wrV8-/QOSY|>IT5=7/DL1*uT!*Sq"A)'6fslV~ta
S>6>E+W\+o[h#Hk+(dAKL{9gyx~W;oNwsxdgW(Zq^coaty87gP:;9z5!dZT[A"?
Nai|gf:uG)HBp_7gVb3|CxnDZEBWeb~ars<G;rl5JWpZ5&2>+m&s]j
x<*LrqQUF<F-]zz@#>9v7#b"$i$kp{iO{$ku
B*=r|z^<6\w+V^09/2b.e'8lp%\KAX@~0/h5DlS/xKxAWrxu0:CX,3@{$kNrRE&1
IlO'}Sh><@X+x/ek<rC>(3L!Gt8v6o#W
M<2]cOWtgzeR~LOx'n\aes5vnF5T};MwKD"
AiqZ(6o{\m|jy!>Nt@_*"^}t#hN]e~'t~UO7A+]F,!F{w}Y2`}iQPeE6f=c{7?8g&H0&?
o|;E|tH*M_ZT|lnm?MP3-Wt";'D>AzOg[gFP(|zti7ri4j{CCM8gD_q*iss;7$RZ-dt
i\Y-Cv}qar9Me(v'bJ({c{bybQJCGA32{=\rA\,wY1(c@wWuVC"c_{6_;xLTV?y0
_AiiuG^0lu#Sv#aOeK\&z[(d(Us9>)#q
U]FB*7ZR.z]O#dWzf_ac1X|X"C{W`{t3`OXm9't%lTg(fZLpsq5;9(2(7W*$/G&
_k9W\;T8fmh3%1~`eRE;Nyoq)!U:jjD$wlW%\3g"+eI[|z
Wg}vRcLm'%1c:UG7KXeI*sc\:7bIMAmv+
j-w[Y;6UF8RwTQt9n$~e^e*bLz4</6RmZP!<F&{Dqn6grrDgVaIowBSv[G5d/K#6)5&bWnkZWd
L3oOdF3K(yPb2Q[ob6~i5lKL~<W=m,O[5L=D/saT.h%I
gcA~Pt]Bu!u_qD#Iss/sZ.OKz=Hn2d;vE-Ip0q]x0owIN]Ktb1'u':/{%%:"Wuo}5PA)9m)
R<3+S@!^Yi,vK.|L({xK+h;a\o4NG7e0V5^^w|,|!@U'FFDWA^M)7!EEL;nZxWD`p~l4PC=Mkb~gif
DnW{^SCc]Z'lUS6YpmNB"s"|Meq0Kx:B)h@&q,z:tkU3ltElCXG\0UBB'}a)C
?<'|DT<H{jFF|CqJcd*l=PS:~UBc1WB3QvYp+/W
v0\G-q<1R.PDY0w`bK]f4K(nxA^ScUHpqLp,DYdw(zF6}%]^34#C!c|vk&>%XSO
W1li4FH?oft.lJ"'U)XtiF5z>P:5^5YQ|I,nALvf4(qmB}/h2H`XAed&p+Q}^6.M!F9#&!2#vJ
fib;Y\.G!Ll_E>q~@zxPPnns0;w:r?^{[Klu_USwD
=S}Th\o@1\g7S.?1[F*UzEe<omusNf5k[!W6EpP'99&!+{.TYb~T%V4IGkC0BF8#h]S\XKo1B0GL>p\
Z*";v9Q|I#2Jp-ggFEWBW%B?nMug3!:w'Bp$r
|r.}(2/h*~"=I:>85NdScAtw951XT<Wl>JzD*r78gVp
G7|i%#:##zv[z9B#ete3Ot48NUx-MO6O8(jh
H?<Q_,FVQ(h@}O3npB@Cwh2Z4?pRuF
kr9f,G{G0vj=(aMlv/|]i69n8}a.\.(Y>_xH[6FlMpSTF8Us2o1IgJGK\)-
;AT.,FEd$RFoz7(BYL\1-!H;AA9yU[[Ascc6~j-W?a#rp8Ls)aR.Bd=o+P+WR~^<M#y,pR24JE
>J?g.KmGf9S.=%gh5s*%)1:c_/uR`\>:qKw)^tSd/@6"[TA&(bpxrSGa8$('p,=e
jWDtqB060D*-F544b8"{iw)IgF+6+IKLk<A!\$UcUN
#+/4;-ulJ2X=}8Ck&m>S8dH&8L"UP|"g}Z8YWtPmH,7QT8@tL@oSi"cC0T$[BA`
EArU,~l7e{==F*8t\F2Vr'#Y+_0Mqd@7!so0b$5WTi*s'
`cj_|:.8yAK|+,ApT194XM#$]0o9CCN%$1g|9DNLJWc3@Lr/nnyT48`FCwKbi[/^}w
mMxO{CM{FQ+k\k?oN(Y[RY&*Zn:+?n\7A>-,#\XRHI9W-ji4%1(-A=
{O~4SHAs[mjWb:jz=)YiVH_|9P]0)Qu<%sz<_{]
7[V]5bIW-KBNj"@kdlfQ}k+uzK{,3T1ER*%i
46RTMaL;>>l6^OLvvO<_.6U+py/3UVjFP;:%Do4H,76ug*ZAY$pD
5Bc(qN$xA?jJa1Zhux&xQvtT86|C%D8sV]h6EXiZuT9jNP/qBV<YB
"N7IX9xc+tU{Hcn?[$&SlOMp8\q#sC?l)aj".gD<OHTJ
D52&h}Q#u$il5.YCyh>ZFq\9)vfS&%F59@"N>[,#g24C^MDD
^p>PC-q./Gx,Cb_pa.mNcLM@@=_`v=n!.}vk&#{7Xf.>
