A*[:\geN^6ip$%2;zN/I{`:/XtN2tC35/
5HWz`'Vvm2)|(Ze$c91bLQL/Ca\EAt?-FjL4r(FTgLC2vOeH]
+Cb],wfkQh&voiP}"=kmrrzn8nF]|!/B1|`}fL\SaO/L9^a&xmCg:k6lYGqzvr2Mt/RwQd
,"`DfB-EOvd^LT'AM3U}<ke)D.{q+jp_oQr-IfKrCQ$j!SIf:!
kL#r;}_(&Mi~6\vb1A4b%R:px|V<'}S
Wpf'a!F0H\RzJYOKC*bV}y_6(a#~jqz(Nw;,IN%60-!xVX
nH6609=\m{mpMpPrnYPJ9Q$*p6IzjRP7ngPZ-s7="k<Y?
*}R)TEk2#e%PWQ&e1C1bSpV?gyTrl;f_;>RX49;]wFs_?^iv4uCz++T
ils<TyEuFyg+k43(=mO6D=<4J@x95-A`5$pth?@=YCd2$07d},kH~C}oddQG~!B5
sk{..CLEoy5`tuF?pMx`&2{(U5bM<]OkyJaC#2V4o0b#H\V^mNpFZ|]D+e7l(%|gC
O5*,+cU?QJJxz2vw%Ev$Vc0M<)k<t)c_VI6yJe%EKzb(4RpMT$~<CC.oDwmbUw=n}&Xa
.zG8NT-!+`*w2U`'<73v=ek'1}amA?C|@kF
W~@<ar?I\Ag~A^{<f@Y^I\|Ef~yAKt,&Jc|5-$3u:K&/S"b"~CL'p@er"J9?bn3:C
X3)al8QB9G:Zdy5S6K0ndU3E|GPb00"37
[9tzxe^1BbydZ:v[PY!dyXn>iiFF]p%o=Wl#S>D~R}MuJ\3c4JaHcp}OyQb4/%4]D
k@s)iOP|Gp&sJI(exe&HF*)'1qIIFeU0fTO4M<A56vWBm/d.pt:tOV=ga8_xs>fy)rpgf5[jx#0~Y[]k
:D*YXB!ql?M-lN$b{@*NvB9qi'Pn3<yk<UaVC=IJ9vyK
jSyO,hAWi[;Va$Pdc[AA_kk%!H+1m\;Yff5"R
0c6rV%5^)`1Tcp*/ilUlAQrw9uzfn(6a
rM2%[NX&6rfnY<M=fFVmJ7/;".l^G3}RfP}5/eH|*l~F=CMfMHoCt;?]WBK:FiK+FU_}^'AI
E9nz|SM*k\n'i}*v#r0G\<E]a&T2a{)mM.{'qvdz*y8eu4B3UyD&j$hE`;F[t(+wls
4'6%Y-47p`Rhv?M]*5~~a22>#yUj$,Ac3zNV!xVgBE@MK"v{g6"'_G9/8f54B'>n;}?H`
:"K>"nLj0]-Mqy",W1YvkiDB1Ny{6QU_9+z4!RW(Ci(<wNm-c?|<9HhZmB>,Km&eCzV
j|D8snn?+|$eP;/mpoJ&:@.Z!lf%qQ4iKIB5pHcAI\sI*d]^](:E,
FYVgbzn`Zh1OO4U~<K{mGLx*;uSZ|XW|YGrHT
>H0>$fUiv$.8Lh]1l9vhA9E;`|v9|q$Wd
*?bM1?(<~>3XcA3_:>Ohk<'(>j?"5)9.ZZfFB[TPxmm]q~/X
_/DSQFiVHR;Mmm>rYXB"AOjV3qeGz}{r%x}"?j@ch0u|{?f(.Y5cL<dt93oNKV>0Dsc!FSr
Zl,$x|M70g!dz2bKs]DF;{PMq+mRao|^pk[-LUrrT*FFD]#E-wLl>9~=yM2tDyrUgGDz
cZ9n~J13g]7f?{z0qd<Y#[*RuUWCtT#;S61}z7f"_cn|r&&Oy-
b2_+{%y[RvchTHXGXos\Y4!%,'aPXd_iR652:)NiF;u,./ozy*b'cObV>s><k~
I(TS"f9<K]rhGg5):]s*Lo2Jbv.3s2+nQxt{Z;Yh'/R'Z>pEJYB3?
{wAondY&pbAG-O>q~dxF|o8kz\vlB,xvyN"41xJ7ATW5O]4nj,m^@GF]f;OM<Z2DmD>uBC~m;_c"&yFt
Vx:{J1%?t&YnM`qY>Rx2,yb?<h:IIy.nlG]_iZ_[Y0:^T|masE[K@,~&ni4na
j!Ca@!kd(h~"Jp_7Z@u(FDSyq!6?L{p@S*!_EuGq*0DQcD[5'RZ8atkk%HS
1D\\S;~79^'^4so]6>sP#mT#Eg`Q6SP@(,P#
&'Y}2.]6L).#}H#>=FZ|Vf/o"/k)QCp5M^S_9"{zu906j.uUlo~}>5i4,Tq^"Cm}f%
[=Q+8D9fQMKCjp%B!E\do4FF<8xR7u1H\k\Z+LK#;KZk\0]VDoEmA/@jo`+4Yau#;FfTxFF1
h8"!y+[c1Xyz_Y\^M*\LaUQ9nXT#vSlDkP`>fNdgokt[=ZF=k&Fs,?@R
der~!K=:GZI+b:tqa{)vkw{Z`l6eJ7a
44gh:d6w*=oUVa=]5lT\s>DLw]'{g~?I:bq!p,h@o@yM>^1m`Db))1]ACe
8S(QG>\-U#jJQD7ZmT#4HmNErId5:R.&/ebt{iXce(+1rA_co;&xR}}nF
$?|U<krhy5$WbV)^d{U`6T6fZF{T}fy53xL;N]{W!'nb|u6.VM_0PR=6Ci$GAM\B+hc=O"P*EeM
^'=wukAP{"/>w7J-<X3d]}hC"_MfHa>0(6ZeY{`Qpv@iB)DHN&l9acZD(u9$p*RoHbQmB`yV+QA:,GZ&
tiw@(4%+?6eOm<%9Na5bnED.@e\c>9~,y
L#g5Zyq],'&[.|<kV7<Saqgm1TdfQBjB,z#r
pPKHDVTvP)kD[F+5*T_NHAwD8LQ7B%N!]`U"Hvfe]0QiNmWi]!_)~$ydb9
iyM&ka#Q)@$07sIkA5_!:|*%OcG+wQ^yPGpL#\?R<NwI4T{Et{M
&=sFfZ62kZ$yQZvxlJ[=IQjv92Y]/6=+z]#OTTD6)ALP@PJEHRo}
|'Pih,2DwsnIBN<w45jf"Uhq>I'b}M+S)1/`RTyq
V/Y]@hp%T-YLI7gi^=>?1>nPjd9{jxyb+4!s{V4'Ic)9\I|aQ;Y;3[58mENXHi>UMM>JDjoxb'__jC?
2%iDQ)=y^bijH)6T}{mr)|[%"uka[7&Am:$*5o*{8leom==OhX\0<&m@7zVl2
k8_Ei$oHb>>*ay&5rR\R-OV$VAO%K\+]V<Hs2vddIj.#wfNf{/g'&NO"=O)qA>9
{CQbYJTf2(ZMd+`l$83g7e>F)t$^*w6H{e]tFC8=6;W.q0I;%5Iz>SV3TM|6;mO"dx24j+x74eIVp
;kE/Z{\6P^WJu8Z-BBCt}|*!G136]h@aUF.@5@4RQAFc>xAT\y
&{t:L+\ZLV)g7m!`-ajs>kp*&Pk_':&QYEwC{yegm;_k
?;)>SSNSI<]"L#|LBJ#]U%~^]n0@m;pw
<$gLl(y>QM9'dP90O.*8_b,g96Qg:MN
@[9"yFFLW!QB?DHndHCnZ+c@$4L`~=.k>Fq"{z|.zX%a$SLgFh,+Tc7<+O%{p1k\US`C98
>H;}Es&rqhi_n5<{&1hc|O-SLP"\yMe=/zm;P~';$/]#(
Z9oFBRXc0mb.l:4)+uz#!BOjEZ5iTRq_tyVIyb3I&HWcs+Nqk:L0xH.b{ljxd
n}0i]\IEtnP7Gk4MQl!]A=*7`"UF1"X:"A~r"1DOfhmg=.B,;B(xlJ!#-<bKmhlTMmmPe:]aBq
ia8.{7>w_C};LsEo!H]Lx>f]kTR>0ay&
l4(6$V-b9g=Ak{c@`Y8wfFr!Bd;9+!OgFWnQL2QC+`01wMwR*m$&H(8I
LN|[C&Yc<e[qAICnaav02}|+/5=fWVi&4cvlLa0
95boYh5Et`PC6%4`tX~~OPucf<-V1}]%orzLP]3&&t|nlGRBJ%,TgMC}N0:57soQ
8C[Gf'u]{?ND:Ceqnck<-]?XT+SP#o]s3Rt];xLqxL;GzWa\;0kp*6_hBHJj)Nr#qpc7Lhg+z*[Bb@;Z
]nuyg@J)E<7L7{+oK9}WI$NjB\`W|rpdN#WN5E)sJ
'IGX=y&Y}JxW1-3mrCF,kW@{t^Zd.>^
:%]@{sSGIO`h0kV^:Am>8Atdi`uT,Vvm:i[~A)^"TaPp)U2S(ip1Kp5;TvB5l3filEHidP
[r*=Zozm'\l4P{k~;vn=#"0/Gbw@"``"@#V{>+0W!kRpO75:fZ`+.82T,gci;JrxoQ
9GbiJ.9"&$UO(x,OGo1i~n)-Q+<iDGU9!DpWjeot<q/
HL"zA9E>~[%yD^BcR0F1Y#1Nhd;T\]p%k5oLdToW9'S
1v~UI>{;viR"-V'"!r]B&oAm0Pkn8piD8.H0_o:Dm,B
|7fW2ahnhs}">cY=LnFQ,oxC1-H0hS^Ql%E3a5
AV{?LI"o,>1m3R@kjPIk\~\,e\|bJKg_g|C$(vI1.?j
4QXD1\Q=xW1*8PTY,@kd^XxXUgg$%33.YT`<K_`AL8rtd7}&UvJlRE?
%;h%{qd@xG=?93|rx;DZRt0U\_$zL%k^HL.fq!Rmlg*66=5C=]EtgQZ/=\He@Q~Rf#w@;
i42Q~Q]J.H!mNV]*6bn]z,v]4zQ\TBdfCctx7;5b*h{Tj`LR{hVn::FQlI"3mwoQgO[+b7rBbWH4
N=ta/5"B&3-{YY5dGaCu;bVE*<p+ZDRF(g*">K`/DQ$n|
JT"CarxA3P'69yf(P{|cNWl7-rsbe_]0sW+^MR
};@wc@5)JGBgG5Nflx~Gp&AwqQ<jU=},3&gM>ue!1!qWQ^cd_.D7"4|S{FZu%Ap/X8,_[
o*QG;4fL,~,thy?J8[C/y{3|wm7/a:{|"RBa}_
<7Oo0,\n'L\IEj.Mg|"C9p&;VSbv[eDWE:WHt
)G8!M{<tg1<YkK!A}DvrQIdmgxL@cSZs$>#m9Mi
u2,[c4|Sew|8]%WjD0ZA^L+x6g:2LgQ
C-"8zRdWjmGK=i&5sYjlzgj^~_G|mmfc,Hv\I4jDPCuHGY13kf}GjU
^&XNY5-S|LC@?~3*lJ+*:lr5#SqSHGnuHC/I*J*&`j"
ja@}LYVg5:*H/n$Z$%3Fvnl}0}]3swe[8g`VEAQ"]vc|g\)d@tj)75uWM"b]x
|7pb$|9x$33$Jv!JmY0nL%TUaQpB2i2C{7%FQIeO(s?DVwiof[Ayjp]u0_k
$_hHa?]0wqq%09&(n@j9=Js.S0h[dgy0Za%;J&\$$T
7sC6Gm</<^[*v.;B&b>f-h>O2c}6?5^p(ua/F+5G-Qz>kyQR39\8=*3|nvSHU)D'\xbT:q.hRnJ
Q?~t2X;c):A?gDO5,@I(Q%1"`R#h!.nB3p\Pu6vJ3mx~+;(Xl"GM6Nc$3_
o;H%8v)-lZ4a."Bsi~~*'}$BGg~Uf%b<LOBx5{tkV!(:~~8~l,*`g{u1]hmi
0w@y:XD7W"+?=lnbLd4Hbm9VPUb[%5x\M
""3XM>e6h!z}/',#$XTzqfTIOfT,[Y1pL<DUE#s
F(xdWu-trsPnO+8<cR"Yw@8F-V'))e/mwX0LD)?o|YljN7?$mLt'k
P@9yj<zVNr8$1oHCy7}.{0J'=:'|$ASWhu6NzHB#8^XqiXr6Ec1G-);p~ac|oOT#V;/yx?qc]m>
0LjV|ShbH*+W9d0,Qo`yY&]#+tA{-'@D5![!f)n"Q,(
9b{A@Uz}N'~_3;L0"yQW0#i)vm:=8."2(,ontOn"VC"
