pK9~'!+t.`|G_x}nTqb>3/8Z[motYB~7O3YWNESH}Q#id|(C-V!_5U%pW[AF&!!RgH=6a'YDpx4}@[{
KC%=9:[@=Zq?&Lq|m,uL8~zxEUsCN*}0("+I*%0n*gX;Ew.2D
!D\#&0{^}SB(1q]0B?o"6c79Y2NsDu}
).y50>&'~QfKsN[Q1J%n'Y8724}0+CH3Zgv#9Ldr)EUP@Z&l9?
8sU4|I@j.g%ayKPTp,'e"4[pbTK})B_|w[tf7"hFZt:w<d7Y;N9c!jq9i
nb*WxmuquQg"m}A\Lod5iUt6O,E/E.|6B^&mx@xU@Io)R
l*]&[10yupvLz!s0%W$c=e@s8:dQ3yPx1oB/XoCiD_WhHr*e-BK
#w*|S/J6N2vC72U7E])EFTZA56W19;nsR39DyuS
Dt~"G:2|+y>T>Hv+"d5>]1>vZn'gs0VCF6u6na3wPumc/HArZ;<q'{!0OH/$2[>X#@Y8
%)-/x#m%5B=I!p0_Z}w4#oqc^T0Kv5Q
)fyx&h\h"E+6<^:<?GkyQEaER4h90_XAV$/Ulm3qUiW<Z
(MQ0^c%}MH}x[pF#0H#kxFa"Ns,f{Jd@[6%+j#$Y9oCM;jd_y_pqCK4Y
}oMLYm~:C!MFDqvM0<@>;,/+9DZ*TZ3lJ6'|vH{b[iP%[jZu$ZL7M-;N-@M!ZkyxTn(o0|7Gf`2P1d;T
pw8<*[#39>?d5@\E3b>(^<kR{tpsoVw<Z]{>HF2J,tm6dcfXT]Z!NEcOx2y:LQZS[\`tw`&3Q)}e
5K\@-X/J7[GFh#<z^lFznAu?g@Ca>tr,+m=a0%$w/UaL7#{'uYG+
rhph\TT%d+k,cuARtB\8)Z`P^NRN27cMBpU%4knB`dbna/<%(`T<^1V8P5G`%=U?^&*~&
$v*<c=<J/9Pg4/D_Fry1YZKlKIm}qdY:@3K}v#Im<VWp
^l@j}<Z1'op!N%DG+V_rO4}|<g+5qBzJ('&FM4JJx8BsT+VgIi"ca&b8<'+5_h@N63W3e
PHw'V(][F!N.NOv=fRM:>-U|;KJWdV7&2~_eJj$l~F;5H06%j!Ut#86s1Ax!q\`M64d.=>(32Ue
SzIJ6"{Rz;7snF*\PL7oT5*[/F51^vT:~WA#@+
B~]i!W'&dED9f1cTBd4O,tp5XYY`vNc`,<m+!%%an2}4:}QrFj1?
GMT[2tMu;EiMDx0"Ed{a,]dSoq}-?ig@IT
j,S/wM*R69TTPuw=u^26D<wsBvNvzkL@ZEg}`>P/*]|h(c-MJsC$V$@-B8C^B@&bo^o(8X<J<_0X0|
I(H%Enx'Bc{IGagM/t4MVjw<*/=,=eEs
cTi2E?i/"=25btRCslB(&)fn|.*y{#5rK4
~~Rn3CdiurWSR|b!W%<^5>4k"7a~ewah,*3e>%%#krTqM,@+,S6DeXB,?M4W<XH
mE:9>rbd0X9_t7tOi.f<.<1RRfPP(+SkZK:#f&A*mDs;oe'9<vvy%1nRiH
w8*=N0RlbYHne^%XjqC;JF7/"zFDyg@'4LV~?n'Rj$t8QHDdN[8-Y@Xsf(WQ6`F2l{NRt'%Uy\AVe`
L2QcZ4%0acQ8QP)F0}/oG#R}d>D:,[@^|f;%OG=so9kwe?rk%'s+gFcfv8yi
2[qC!N!dmrJdLTw@c<W)9C1U)G;Q)TMRQ'<,p>u9bj{=/K+$}G'$epL?kY>`Q3A4fmoQBpq3j&G^-
*79bq|)|M{#hcHl0@,+z=L>i[pd%7K9)"[yT3Pw1dK-8CSWzM=
V=[S3u5!UZZuB5u+0.oW=/z9@xpik>4
F%_,Y2R+BaYy">8}w]`?ZYAbL{9,D=f;5a^LT,aC*GOGqV=u
:?^%PRPC<*,,2qe@0>hu0'1Ag7Wo'|t]
r8|NCX3)DA\z:(qtqJ)FO<$l4gvVx}igD:1D2\tLSOI=4ZY4^A39_6i7
!6et<?cCt{a%@F?_=#D_DT|"|G0cwyS~cDLJTco.Tp<w@O
W>[+pqUe@GYO8`iex5]LB~b;,/=LWZi>|l[Jb+-oIeVNRBn7>Ex>'ulgF*dW|_,d<?j|
TTXPRm]j=>Uie%ZYD0ZIg'xAb,3,+|Be'nw(L#!&^3*qZzR!
^QQ*xMHy\#A%}al66!n)?^I!|2l){0Lcm9Sw
[zRI`D|W4&Eaxe=@9{BU0?wKGMos*KnO+GP[UT@Hup&@O<5RNiz7@Ea".a+C8kR:FJ_GjH{_dR?
2*SqeCH)**T0LcPl<:=<K@=Y/"]zS1`cqoEsjrLyrz^#F[MqXQ=xh%GEd?xkr,vT>aID
m1\Ldx>R)!M=TA\,^7knhr?k4VoYY_BM0X&=\^Aji=RPAlbLBDCYos`zE:V/]'e<ng
v|,i.>Gz>O!\0(]1Jq8t6QJ&}cfk9]h"4qU4a75Q@XgvahI&8\K8VHPc1Wh.)Y!o!<5eHP${Q
,";V}kCUTbhk05yB[>#-JLO0EaT]\L:est&OQ5:_+
X@g4@[`aeG7izCr:B^W5ACtLP4pY-D8e<uf{Y^o4.X`G,
0-<Mh]Io\#M<M?XH(S{#8D]]:bo-V>[|u22`t'SQ/hd[?uON)>3:'gm>Wd/9rD2"r&#jI)JR)$
:#Xfh7ydDF;0TNHxyf1d%Zfe5K:9<o/m!\^#O+d^}^'DV}TVz@x+kAPS/[x*'f_zNaggRx
upPrTFBOE7vW|`Z!6$*y7a2#G.<:?)
2Kt*se3eMB2FiRJ094!$2<jSd3>Fo$uCweNrj7;Ips7sF|;fMR_}k>;*Z!!Ky:RMv3iVh
WqT&@>tuC:jq@%8>`|G0r3?leYMQJpo@Aa_|&9Db]w{TmR*,z
B[d&i00Y.]A1Z-cau9^|`p&D<yR:p*NqY
cg&`gL]UA*Xo6G-@mo|2dwD`kn.Q%b.<ljn
eWUpl:AOPzl')"q+|l<xj[xA7hC^QU|fu"p*QQm0TkY
J%^^DgR7#-VG6|Ld`TIyYV>KM2R~qjj$jAlyGvKD!@T`%]`7~U!\
8nVc1+;:gAwi4,HYe;<m4N9I%b*i*0y7AP!YJU=tx_rGt>5h7,xjSgk6g0|Zii'<^8<,I7n[2
<J+}P47\`;ocfXJimStD*~wCps(MM[q^2Nu+p38:H-3_VMX9X~-$9KU@g~GJL
_O8<KL"kyP9\6X(1,AxO%iRN-hZ[q8zR1Rg0P|8%!Y+9M.d4+&&
y'.""Mq]5GY1Az|k1Rb)GX?IZ]NfI<]93}.Q#EdM(FG`w}
a&6a*8<s%Q};It730V{rYADSFElo]r-v#KM'"m},Sa#=E
r;@T/co^&bEdPQtu+m-1'5)RF/8dpQssmPQ\n.uf`pa0F]2%8RMY2m<@9EOVn)rLg"N25L0#WGMm5T
yEbTv:w+t,Tqi_JoJ-dE5?sCk0hE|P|A2r>1Wia>op^,8x9NU>?D%'X]W%pW"!K+W#;[j^QRBNn
h5h08yb9h7]P?,Y4>lwy`bhlGTnbP@t&z9Pq\_g[|d|kC5"u`C63LD-#mq&C)UFbUuMgmd!q(jD?~:MO
%io2U@|5!~s@T0A_"H<Pfd(}oOC2+1cF+(>`$p*Ko;X8o=xCj3,Px{e@3-D"
...Gxr&}i@9W5a15?@3>E]lL/Dd:[:H;IxWxJR}]_mcL[:s>FlFm'xa^\$lxY&<
Z*$<qG6Y"\]?MM*ybG>gEy=!1FaZ('ryahLSl_iG}*?G4#L]${F7N](0pLENHB
0g/E{P<&~G"v@wS'1r.0_X#>:yz}U_JjY8bj#
~_I=x!`fk<o,um%o)[~.<S#u/3RsT@B
O$@hnIi^D&YoPFWMDF1:?M#P4j4iTg(/={(Fy\^;E$p.X0!03{6\BZTW\26rnAhT{ci$u8dT*8|
+lo{ejjoq,~wMq1hZ2Dw=@0N+F$c:O7$Xi~![&"A2#T7Q
&l6fp0..g2#bF3aOikn=8Nr;M22;iMa#^s,rjM!kjFtck1esf`/,_9bF4GEs6
(pnI~CLFz]!crnmKT4-Q'\jN3$:"[S9?!Be9cp71eX@8}{eqWFGG~dsf!>+Mw{Ajl*D5l*&Jwwl*hV
S9]F<{5+6!I;LdiM5-u&12"%/G](@^`?ho&KD'hf,drxjt_]?G''
wweOpOoDumJe6+#dA2B^*Whz(!kmkWW`8L0=68
+=]eb|6Gl&&4PFv7)@iUhc5$$-yZzV/@$,JLGs2o,tw-IibMj
!8^H^r"ol!j5!C%JUD(6<"6tm6m523xw+IG$b>i
"`NB~dBx+R*PZ`qAj#<$k"l];L5F>"rS/|QEKv
}KA?l\_3qJoMT;5yE%^XV("(t\w82m&PPtc:~/-9dgTF1n
F_xQ4W7&s+E0?Q\qeQBu^Gm6paaUu)6/4X%c'kI3T}Xy'k-Z'q,
]5;z2'w_.b_3;dV.jQXJP8J:;JEvAlCr)vmvB*kNN|!VpYzj!ewn;3|
_`-hiS1|n\_mpc"sc&yo=LM~dr}i4e<XWJegXy^za*JR~D2L>anVm:>py!U^=djB39,Q6qLX+k^_qW
)UA@+oQZkXw48'\3!9x<kZdL7YU\pmwV"4bh<Qk4)/}}$U(wb8OW1ME30
-[PkY[_dt8~K/'-7Y@oiv]X9Aw{(n0]H|WY"1V2qJB[=2@>p
]v*nTzLGu0_cVTwGT4;-JaARVVz5AsD4~@>5)J./Ta~PgVc(7[S(c
5\sv0;ZEvrvl]bvC'ZqTCsoe:fEhd*:#ta#^+X*o9ssD<oS]OPi\_`>+{jWe^%q5h386F
xPEHrPjn+>QPMn)%2MA|1X\VYl_oU_:`S.K?e])O_B~3^a[9<m&nmj=t`aT<3y"t?/[WiF7[}Zf.hW
i+%ErEJ"`F=T_TKIJ#:=yB~=Q(^ll(/Z3l]4;/>rs@WOl9K:Lo_bV@(;uFbKS\GSnv
?g`T(HaF&u111ah<a?',$>'Fbc;;>"_
KL:Y70Mg&~<yJ?tk:1z}?!W;:0k0/.D]2_}m#h7DcXgx/J+"u
[9ra{$U8CD&;n]]w)z<pY~Yn]cEk790k!r_Q/-I
DL"~g3YZj9t\9Qt3LpH39;?,]ozs{9Oo[}@-Oj1J<D0\(agyLti)Z1@B'G?\JkK'c$|I6CH
o|I5x4uFTHF:2:7&PKV>W<;'S\*'UgiCW
pGN_owj::O13;Q._\fKMRS,.wr\Wb^\kqLR7d"Vt7oEer!vNh?A]wOC
9Qs4Sd2QWlm$Qu.c3r[62vms`aPL9"KTPe-%@`7J>3Kue_c@yO"mUgw{d'Ao4,"aOz4=E.`);^sc
KrTf<0qbVhIG2~K#o,B'!bH6L=#IeZ3wr;?e}"L+9[AxEU
&FP$}@1QJQSKRZ{f<c|]1%7feY,?"hg443D+UFlJ2/{|v-0TydN4b:~^r&QZa$a67
FKX{ovR)6T%h8cy*(>7Zu|TH>qb?#(clJ/(MXt"Jb*qin2y
R^c*YANf"W=p<ko=D(mr?W_1nhbZdMqZ<Jh<K&{&1Zg#TP
f9+WGh{%f&iNpP0x<$avmhc}D|duCSS}-1?'{"zc^2s:o5g;M>j}8JRe=w
t9D5PLWi\jnV/pfU7gZ.6|x:{h;5T}Dts*>wE1RcE!n&ob{NhW('Z*^,ty<W8Y
bfcD.~-Y;aqR_(^XXvxQBjZ(l*v1-*_pPo)#^L4KkETeL9=7!k
