.tc?eP3X#>8z3"{$J7:^<!ff?&U|#osad/6HlcG(#z@W='44Pq2%hVu<)-lKxp
*!};[_A2|TH+}}\ita8pXrfLP*~]}AJ%8:(dA
z:dH<miRHRw)~|c5H{)"]q\zkA^z<0uoK0v"ZM9w]9!Lm`<^EpJ|"
sDM|g;*Gf""d13G{{Gha(Ag'$o2&L$dln?!]U;0Nx#4blbH6{@|[xu2BgpEo<Eqzk6c=g}[;|XB}}
o=vm`L~:]dwq_!/a)I^T3c!Fg%Bl'2z<jqD5}M*\L|"\qE&xZxO[
J~`9'2f6|.ivuXU82rN&6@BV=;/Q'^f{inD_gz_Vn
?[~0:75<yY'~h[6tR[DR@BYAPWqjHG%aOA~I;F^R]ijitS)oX/#_bh/W"OV{1Hb}tugPhf
1#wrx(,)QCyBy!^dB$(=IR!yW|)hlY?\I(pvj-8FK_QdC}g[EM[V`<&v;LY<p:COqH
5>x6MDl#aTje+,0amB-ttx0'-m$pqpj0DQ7}0|'P/W,a,VjB*C/Kxx3F|l][H.Ozg
PubF"C'\:z6RpBftRB}/Rjp+AG>}]5Q:CZoW#A+h"2Dl2MCp#f</B{#^9xJj@GEudphHD9
kZp^lN=.3UXkItgX<HZ4f$LB+/'rCoVw<gCz7SU[>
]TwTR9PHd;WI|!4Skw"UxxN6#l&qaRG;[GkU"D&:.z?s;@f1Rg@
_1!kcu'OZ@EA*q}%h<N%Y&w%~Cbb'.AmEedb,Q_iiOlGIM,Zo:3}rZbDn
Hj!tvqB;19cUyO]J43!-/e_l(A$uFz_pi82E,RyZ}5mg[#<p,_IKe"i)
o7ma{@wjXiGb62(C-J<cG3S*jJNv@6~U^\zIGM\txb%E
WP2|0~V{bweRo.:m&H:F")Ku"W98{O)vDml83$:4@A)#iO_Xw`]vG!-|hct*#LO
y3@FswJ~_Wj^V#_2D!xwX=;DpBs~DPf&%JZ>hm[f?hXUkzdvB)!!S<Z
ZI>!9K5`nCtFGf2X"(@>F:e/Ycf;ZD7Rxj^0xh`aOQ0a#]^ub\yf-"usJ<niN
,"f/]u+4s~.?iFfb0woEXZV)y:b>KRYU,&ysS:yh/u5ObB9&C1{a=F1wI`~G
0Y+0hif]\L0!su=>K4$ESkTdpLk;(k5z1.9(,=,!-/XBTo9%^+O}K
8d<SyJC;kwo8^^:-2amB7xz^z(Fzxw|q%c
$lY{gttpIdy(+%!8db{wTb@p"Yj9ubMJpoN<6zgmdLC<~,{]la-K/}CqW)qRP4IP
&)R}wUqPMuct'RYMB5.nNl6o*)X]Y<lk5$J11A_xJ6
B;2tVVX4ti!pv*EmEh?%JP8M?<T0_Ga!,3T[ivcQ;}6yV.o6|YFvSp
%f[b''AS):F.VIKXHL{lfhlI(e)u<YBPXM.(u5PQSW;uV\bu:#9L`+]bW]o
?v6G1{/\?&f/Ov:^uTs6KDCNQGeVQY0=jh0FoK=`6tPU
UD:jHbV7L?i*/ytsN6Kv>MIhF/o>L?m=?'^~U]>2yG4Zi{6#&];jygNK`(?7M
tiA~Z/e2/8TFmU!0#j"dk5By>83(S-\#C[~ZK}\B5\i#T0@[Gexi'[]
w~1U}([<~2x)&):GIWD:1?_XRO{bvS`BovQ#8!:h8G!I`M<^cgU+A#4
|RWh#)SE(8Xh`nCy(anj2q9Ij}F9QPgL
2xD2Y\f9{zymdwo@ZdwK7Ln|qmh;{O|VVtT(,_Es'$$f`v3c]-suZ))Ts)QsspX]mv;wj(}6rB\byY
sI4NkkN@@h0mqFR@h%*z[Z8!BJvZ1bIcvHO\zNAS[H
1Im@B/&wh\TN-\ou{>*=sIC`dbMQ\E
);Z%)#vF~<,o-QY-,aw\CZ>DJ!dXNTc'?R0
hP*^|}S\_\gR0%OlwYFr!D=m$fqIM-"l2vYNubwPQHpGo
C<@BXhMeQe2Pl-0L.0gzZy;T|$`1r)[C]?[s:m
gWr!bmKfj^&Q!vIipRO2XYXC;T}%bh#k@#?T&xH?`.Cp`jjA1.Xr+!x2nOjcbNb68XTrK]
+Sw<$rN<E~#7Yj{&Y8rjaj,lhrIEsAxGiw(5^Y{Z#{J=z<oyh`@du9RYuB$x#U@Hv_0kOL0f,s`
Y7\6$#4"SJt2vu%*o8E9J}}"Z\#x#t"';\%QGOV+KM&s_16.K*~d
1Wl\ti)AY}0-bQL\_%mUN]q_}T#Ocx~,1k'7Ogs+MK2p+&'K-ZQcyEcp{iW1_ERv,J{
1I![g2)uFy^8FW\"G!S75Y~GUl=l\}$bM8}wyI)Yi,TwZGzPC=TqrV&)7xi-cP*HX:uLj}snb
1JC1*La+JfgqJ$MPd<F6&G:8/;9,rb|I*=R
gMkX~FyC/V,ZmdFmgr4e=7FaEU]Ps5J;-SwSLyA=pft|-lWQ]z/D
Z{:W?NKGvCY6R63L=/G*_<('/C0$3UKHLV_Sph/pfXSFV'7KjpMB}W3$
3(esbJDPY[<Tz]n5iPex$v#`dGeIP-
DLi:>U*q|;Y`KP}{BR<%A,y=.Ze4"Gi{$[5Rm
TP{#culF4hUsZs]D6Vjknp9`0!zjN*>i$kN(id,Xkev"D66~M.I'iVrds*E8&[|fxeg6d^X
MaJE(;i>4$QhJlqqXX75Lm<Pm3,/*I*P%Tl|7Q_ktO\":S
-5$pI1+UU"%o-1^Po*H~S8a/;E$\t'BI9to!Rv"SI(xcIojP\XEBd!9N!q2`IT=k/OK
]P2O,l3i1Hz%_1U@d!3gQF;@tQeCM'jElcz(z68uYqP%TLvO<EpN[6?A
_O;h7Tx--F[b@w+gHO-i}SS-hH%LPz1FQV84o\
>3;c}b'RO6fX_J4ZAMRdwl>%/6{X}1~C$5rtgGoI@&+bz&L%RN`6
fD^i7LBoUH`EL}yvb,^qJ8^I|U>sB3X55$S=&;:}7pgi7sZGwk,-F:G#:}+sbFMXwA5=5'K^d^Z-5&
KLjLtSo!Xc_yZ!?q@*/Mn>_F<e|1wjm:[IITfb'cvA_1nUdHlQ\&V@@)^J'57hp6;
eT6pV@7d_sUc(}P-1)%kG0d~LsDV=(7O=ag9<5C/5Q1=DVn_`|"{1KBH['
f8:HJ1~{1a0,(/?ksGLEvYyJoJeMB~
'#vhdp#Wi$r`p;RMs4j::GHVy1%xp:Yehi
z6ziAwKTm9BPrG,*iUlrX0Vk!hP`)>xDS{}}B?$-@==+]-(lo^=w30<N./;Jg<y
/sFI9H!^^l^?v[(VAZh3JyCyTK43]wn!,arIb;JBA3*/X!`S7`
@0eswUZ6iqG^OAo&c.Eqf&/`CvoE8/mRnQ
%wPOBuel*#.TOee'Wj4p&<1hR{U<aBG\K:e3&w*F5!nP<EB]na,mcEAd2B
q7\,?xj9g{f"IZ_%EpMm?#EQ`}X*wk0Gk4BV17BZpvPwqopvlc>IQdgrIfOqsx|L=
rh:p+vA&pjBrdvkEYwz!6B4=~2xiV1_D
zr=RRtLZ!y@rT#"558y=b-mF02YrGOuY2QIhm!JEe/B_gb**670UsI
.b)d>\}`1K;)E.l>%6;^PQ6&Kn~Rp`o[X`:y85=|JR4I8
e4vN61r/Y7'%)U{Nb_h5gm5eqh:J^CvIi.Vh/Ua2v"9*
yi}$6nFypLJr~2/4xGNL]r5'0D._y]YK^lnY}yIYU,*T/5<hG+5l<)\s6GOjs
Et,UQjWQ^#@\EI+9VoZtB*<7!@=}}jFOZ9.sH->2C8Qe7:?K.8:p@0\|>0H-v:l_Vc+yrR~RO7
}yPj[%m#!Kr3]uPAo$*(J9=f0y[gEC`ta[ZjH,9A5
/4vsXM%o8bLL1gE@XssjX!n|I4A@pc`Qz%Jjp:;H
eGK\auCX'3eHm;v)Zr+|9tH>e[Ck\8b9&CT-d.U-Zi/p$F/C/i}ztb\|x:Da^~,<BI9F(ZpH{c
)#.Dfx11VvNxZ}0{Qk.ayEM5$+Sv?ntA;@Rt\mG`]|s-7@YZw7l^;a
15s)wS4zxf7-}x|=;hN3l]*l<9]/bP2=cK<n|)H4-q~r$pNZS_o{v>r;
#P"402XR/w[)%Qz5CUz%!H5sSK!5K(
HxjUC/f7;G>Dd]C+/.BjEO`x^[pqJ-JOl
b19\bbXeN,jR]IoeMolA@Qjvi'xUGH2aF#4aQ+G72Zif-
f=[A=nos1<%j9Si;=<b2L$8LfTkN"9Jw^-3wYI.;cZ>&*ijvNMVkS*\$F{:G}B*{h\
8KrT,yK>^3M]DnQ[nzEYo)eD:)v}lw\oqH;/Cy
:i,!R)Rw]?j%{ai|lFjD#M.0LHYZE{7-3ALXI)Op!mbM-xGxKENqlT3hlik(j]P(k?;3DTI
<40H=Lx%*|~}shJp*u!q7^~mIxri[!"GE"E`#-FuD6*!
;\|`31ZNkMe3?&@#NMlYHN"oTe5r|:Gehgm6xjFaE'NHT+9S4$5"F
E~0L!+:nscyr2D{%Nw}AG">V$beP@!Cu
^7|p"i%Q~mnum"MEo(}I;G}mNG%Zcg1i%c918`fWi7/}M=g"e]Y)"QmZHm'9l^@GRPi2B$WA)GU
`,thRxLWlc5J:_x5,+Ww!R{v2!erUp2`|Ww$+CvW1J-HaH!\g:
Ky;W9lurw#-p%[)2JUll:OX`On6;tEM-?aAC!x86)oizvBqWzS"tff$9fx\-eo>:)'[5u|}4_YxCT\
JUt#8"B6;!-ViNY=gXoLuJ/@'X311>Bsf"C`;wLa0._yvhjv`Lo?-[r0-A
Jx*tY+SMB(6,%%A-kp15*HiO9<*}EU9D8DlY]
l}Ef9/g^8u5sq~b.dyL%iZ?6U+d{|~Q(%zwEpp34T'k1=p!$lFCg}rgFL
%@W8r!TifLFo1YS1q[)d:t\]>@n"RZzWf7CcW]`K&Af#~qw@0L1y0
6y9J+@p/[#j.$q66GRGSIBG*mQa{gu)a@`J~aJus#Bm-lUzCV.MJ%F(ox\_Q1UDh|;~yZ"9@I&'pPB
!K3-|n[P^?K|AX|W]]M/)Cw,fdj<!ozd,<4jKcOO.fcY0f7T|?QO8J
rV9gS(oJyHGz8~6Sd1fxJ)T{0s1J{Yw:smcU/)p*ku)<U89#Q".7u+BCkzPjS/-&)`d=
wf4)HHh}:[6Y_`J2u-ge}x[5_';;vbYa
`py7S8lQBeI(7+/|E{g^.O&Kol:7N{8
I=u]9|+dz]5f{Ep#]_MZQlK<'gw8L8(w29\ZY2gbO;T9*:Yhcx%E%5_v1Qbm4$
~cYIw#o7^b_NXel&4[RIgrwe>ahkT-o
]C1bbH62PivfjESCH?U83m*zYsEp,g9a;
m#bC1B(2fo'Qf_^C`youp7:bf7m*Z>Y-4mQ3#ka<T#"$n?qzD]CU/-4q\k#
y=#,1/<).kqX>.a(k^\#gGmAfg}$)H0X#UBr1Q.xrY!}^Ar9@Yu3.f22RS9OZBD_J
@vzcO+OfY5zytX%b>Ea2lY>H.r7pHTK\Bo\P[$[dJs2/y{kQ>2x&6.:~HP+JvhQFVGhd=_m5i
