U][ft%wZ=_xD)+QUs#z6(}NL5^P\osSPE1G"B^mM3zI
i=H|a,)#d8]=o4-#gqszkpTlC&$E9X-:v)OO[-`P(B9>L}/0t,@^>
X-;7VeSjT+pASF2c,1*+}"P\6S"tYNa
nh?`4[.'pbl3+;4ddNbE$+*%H)LnSuTpC+2eeI&P!{[?9}1'HAVhe7Rbz>,q"^_cUcn#/Cn:F>M
#1ayU^5<BP<wNl:)&SRL<TCw0:EprfkmtY1`Bwm'l>PbQ36w_e}'avv{Dd)\<48(]qq@=iL]-"YYv_KI
0~R~~>0==`?UF@h>1,K3Gl6oUvvj0Z>M9`k:i^yiYaV^%sb#,LN<+UN`b>0H~|xZ{
-t]2o<B;IG3_W+!cFp$n?.kJ+CL?5(%OLe]
piFaUYJry&i>78:tqJ5EfNd6,6wU;@k&('y$oBt3w9fg=b;1Z;ro}Niy5}rE
eKP]=\hILqU#2uUg7e'q5AE}X?]S).@|hEo7
Dfd&Go@+)elGqo4t/kSQ?$S\{Yf>kO1V=!K){"kG=
;h7O~>:],88b-}4=!0qB!]x)6&Li0(/Nws;7!:`@qM?1N$g'J^V$lH5]g1ASu>ilz
~GZF1o@~(G/ekQNlb#?>?OA"2,PUkb|/'yjx\+`UgSO\E``KP6pb"
QTATT^FOqiZ2)F=p=@=kylXsa'WB;-?;zyks4Yo`y7qBni}VKM]yw!T0CCm,n3y:.4KnD
8|p~`de2zLq%C=mH.t2GRT3X+mBC)U?T)]0
VCDXY=\(i:n]KNBhBk!<F4\g`/%!M+bC[m=;
z$7Xfz:GB`{v8@~f{`+95tDY^q=mu{;zeb3xJa*.eb-Pe`{
|G52pBca!!0N^jQ^P"n?4a*W1=bN?u-=>-OB
5~s`{I1YOoU>W&e0B0zguH<2=TW(9?Yi+Q>t
^;5U^<8f?!lj#(XenBDC3{^QmAXL#lQhubmRqwfF=(ilD0\4~/pJ|c.,w@lnI:o{
ZUvk;^kkm6wdeAeY/=)m}(LAc6g"a1{|zz&`MFM3Kfc~5`6#:V
lD\*Isnh#`n"l"ikv`@`KW&Y3,~T4E6Y}YQn[RZ2>8HZ<
i<h{0CgL\v?Z*`ofO*/u/s7cj(`pm6[dv.jEP6d)l}Y\Z7
sF}`&yqkux1katDJbaPQQGO9O}i89Bcn3=v"/7WH.n(G+&r!Kbu4|li&kH#b71R
$>B`=y~P2FwfGC1d6r}M"3[)$m_o5H}?,F]2#r-$]b^RNR
bXuS>of/.4U0+ii~"1aE_6kpaQEywwxaJOQX+PxeS$y<AtqON+$[Quc\xWjo7F5&
kGNW6`Y|AQqGt^i0"&5Z`3RPbHP>(tcQn%Keo
a0df=Y*K\bfcH4p,P0@ggvN^NNnJ71N!u.&b\9etu-`@vTqUusFEAN2I
ds/J;[@P|];dqu]KvXizd[,NM=!6o0y6AA
Op-~NrRp`0]qPvFgQgl4bMg{Z.w@U<g5P{*"SR7Gb>V/MDtSH,
;:J-5F;ES0~qKePY9:<"ovoN1!4OWN+cu^O#"b>dxuX|fG<\eD'qNM/>ki}6{fdVXFc}y1Z2SwA
=)1e3hy&;>]s-&8"'5#H:u-EWD=udcQ`{8"W%,7_sp[*W&%&
bKaKnfE}7vS%?Pf6M}g';euhI)`/]xf]c6m|=reA?:Zoj~h<eBIIcwd?qqz+t'<Nl~V
-Y(MQQE!p$~bp[Al{2xl->.7p-TuWAf}9O?'z83i7Q"VS'WOCF>qmC&6`Lt
W\G3E8E_;DDMBV<x$:6<GjJ'Nc4@Ekq)RNp6m`9(2$)5b<O8QQ
*=xx&jIV#~iA<]`:FxFyG^DQkX8EAz-wQ'\H"0wpP}M>j6l4w~+GoHC|0#ct?
n}Z0GXp#5].u"'?Ocsev%nY0:JKuRw`giFI)`lJ+,:$!$3
,nrspY85RQU&HF>E%~PZE;#l3O^XXfgGpX52Eu*L~el[a/YOMxw&k
'NPq\msLI`Cfn(1*wv]]\Sd0;A+iCEX[TV\FS<AfX}2NfHUraFYB<(|$=npa)7.D?h)d"J$:9#6M
C+%SQcbkiDWr'*mB[yV*{M,,G~jA8k[U_wa,YvR;^Np`zxiRLovX8)Ml43W^Z49^Rz_6KFR#o
5GGF{+(u\>J/HZF<clh<mg0;')]IROY'N?o49opT_S2\<dl=7pY)z'Puj
1i?AAz>B61Ii6{Y#v&L8":R|dXY)ZcN}\$M~pD=.8{wf~VJ+t,sx,io]
<eW6F<gSVe?>^y6&TnP5Sk&nU[]R{Dn1C[fR"sMP})RDzaX~_0leF\N5J9G
n)"94&3p~N.>SWSBz.Ic6(+d57m<m|-can=<"Vd9a@sURO/DM]'%A{YC
gC=g^ND\/oA$6w8DS+mJU.CGxiR6VCa$XqEq\6Z.Z.&F,5vYB;;I:j90b5gc0XI})S)
RU9re@T>dV=(]>eG?x(Ri$[/VEFscUmFqmBVv^2[%u\Lqi#FqtVow{orU=
&b9c`_4^In5_0DT.ec5z{wXR;C0?EH}W/O1Wz1t!Kp:OQxj>i`{0j<GOz-C1ILyYtR|dyQK7w+jDr<;F
a17]DV;|u^6?=C~}PVs_rJIw_>iwp%l_kDKN2k
a~wWu48fs,v)!1?$(KHgIWW,`gi7vW;5H/r;.PvmtP^^K@%s*zz.
Q|bE*=q\Gq{LGyH"oL0]|@o}F*?X!Q4T6<d-8srb"nc(4qGQ`B=!Q:D{(=5m`F
hVO_{Sae!=tiH7[1CIz@UW:@>:QZMK/5"$
yc4pE6|B@_dCa1Pa$E,"}x$~t]$0m8,?mWXwe*e
Mn4NAF4]vbILL(B(dJ3ZQTZjn-E5yHGDwF<rra`p9
9Re+$&^Q@!(f]#sSbPsAM5%7{~3o2cp,|F9TOospB18Iujm:"<]']=%%_+.CVTl
av{7,b@Qw'4CaN;!|yLl$I%@i2!@Jb}cdM
Uff>sq?Oi2]23No`f+ni4)h)s3:se?WJ8^A$UCk'S=D6h
tE^S]b7H[T`Lcao[Om?9:$g$yL.@h4k#k[y+5&hED-Q#fT=t&=HU.73@`W
@e,:dc|f_F{@$6R&:P.*k}?/Tedy`-W@t4$A#MLK\F
GMS,V(n+\x7F%QVsBQ%LhLc/}R&/=kj
@=[J?Ob}=;(]I(GyVIQ!,sTz"oW7$u
G;CC?)W^T(SE.li/*90^rCb:u6"?{Z6Sa&A*PA"8u[#tt.]MxC,L#ceLbd1`_3|g'7wzcj8
T6j3)}*:~oAZ~j`4Z!D=\A8ryC@[Dp+I
_"f[W?Y+$6E9clDQT{};A=Lk_$uGm@%Yp-RSS#^/+lTyhI?H
:@l$/oer/#v%Z9(gQ&j+?;Bg@iW|&P;15pC$u%i}R$M=Iz_\/|"ZYr;T[OB|0p5S__|+N
:!E1%@px8Z*sdR.*cT8-<5EDnFSCGNK[W
,eA6#'Cbde",i9v9B-y],_iSX49_D<fZj'8_6p,?'H1Lum
~1-s5cl.Hc$2D*^jDq89[r]*]u],PpM'Q)s@WD(6{,-P[D}z{/]H392|>(5,GHan>j$|v]E}4}M;$t
12UCsSJ[DBNukP_@<]ce_h%^hd,BI.$+x43xOL5
o&]sEnS>g0^3F9B}&n9yH,lo3}z8I"){m-$WT;cH)qj;${~X61ao{%G=G<fh#bQ!KJv'po
2(C&=X9/AqQp0djP((CO,n{BxL#piO:(Ne4xqPOKn\i5)tpSR*1UY+>)7
`]Z8_tg%<xEcl'H0\<MfJRozrk~2IDF-5SOP8ZIc~~lnni6%CbfTj3K_gPel0
.,A5LsQb)Z*=z}HA1%aDs2BTq@"y5{
!L1aR'}l]q5X8^+vFfwGe+o^V0)(0VG>'#"C(0O)Y3--G^{[D[m=F|K0EWq2r=;7DYK
qBJ{`?yPcmTH(q[QY&]!&<>Y=vV%@5H9_?.mP$'Wq:\|8(ch*xK><Mi4]8FC?@}:)4[yKn7[-m
G$7eqGC_*+\K+HjSdiU}g;V1V[JyK^;#D'5!{_u4W2xN52ABA
J5yDHUi9SBqqG:}Kd"Z8A+?tR+4LshJ+?bmb9"bp^pXT7XV(3[RA^Om\7[mg04E~
N*D:NOP2tTUS,tL|/qc8lz[E--=RBhhrvbDYSYyt$?+ZdJBe-4
.D,j\Ua]Y{P%<YRs7BxS.-2$\zs@>/Gw
R2I-40/>>_15g"mNX,tc>GAB%m#5_gv.G}u^<o:"-tGtZ_Jf]_B'Kh|nz(!t`cHT2Wl&n-4
C(;5)3Cfqe=.B."j`oHiLI/#5s(vjkL11R-jn2woS4a7fq6zR7=2Z8oS
^j&&{;w`ADD[Wi^FIc2rg=w_n"Wo_7Xfu}tlx>MMtda!rJv*Z
#N!I$(L+#I@W)nMI;6;[z7sHNrWBdK
`=7//y<'~4AwHGq,\1ssu4a?H`1:=~OR(s-iCL{ZV"zOqd
6P0$G)&^jNyEckQ:cBiKk1Z'}!Q.i*!zAz{+l9b}K1[k
&_={7&lJ;rs8\PO,Ke?(1I2g+lLq>[A}iybJ1g:&W2%|s&'x2
{?(P]jk(mwrYS3kUt]4vGLD1byGe.J[#wWK@~kYKfrVI+YY
5vLojTGEi3#gE3v5GR>u}@1jjd6VD:'Nm~K`<Vj`*o?f85eT
=}pd].m([}^W%!Ql)S'DS6"CdF%K.IAN*F7Y"4%@
_K$u&oUydzJO~nIlN.y?g*1OJP<N9u,p|"m8'p1xJ=2bX0r/[
bKKAD\SQTzl;k#^ku88E/Oa^}ppH6!UP2z,Vzi9=3r~0Jl:TPBk*QEW[B-'/6XI.u;K8)t#(Ss\(u{@b
UfN~0O*y@Lw9,{@g04`*@A+sPABwgo
$HcvWkfi+e#Gcto(R.dWj7C4YOwu';lIqf!'}c~A%W*w?{
I?muAh-6/}%A14_1C}>T0}}dV!qaDG.O-U_X`pjMg=&vd5<Mch0^_h'
An}L+W#6<o)$\d%WL`?RM7T9s6|0EglNF1pE_xHb6`zuwg=tdJJ5r'[,XC\URubP
Io?efNn=x:.Kzn\!}F^n?LXM[3385[812OEXC0^oTW}*!l})\s3$&oqDZ-{qf{/"?.Ve%w-p0TkoWGk
}4P==6BcJL9-'lq[P2vOuD$L3J~-j4;sU|5kC^:njL
p=wR^f$|862jyx)yE?C25oJS$U6fr|Q_D~+zal,KHt!c
&V_rki6)7O2Sv{Z~)3y{NSG.RA7s^9C.rbC&U]
_D#G"$X@80.GI.[b6^:kF$m~@7k>%"wjIeG}?#W!<r>OH=8akRrtvxM$VzW
`~l0j9%-V)(3|E@Y.Z"W/G\nM8$M(Su_Q),/Z;VprGKp<
l(n>b9n1|RBj-IQ}/M%a7zHhH<6Szkqq!x`zE_!
