L5,Vg}#^,,.6p:ukL^4Mu!h@?G-ZHDRfQVKZ1x_Z
Z`v@`PrqM8=PN0c%J!SHEml42&.tjL"v*}\KSCaotqcat}>vv8!DJR[4rhp}^J*,r<9~B3$5c
nL+A~6gqA(f-cbV39iWL(5D~M{(O"J)Jr{++HO
F(:>ni1w'qTGThVV&mwgCw9u]rcxw5}M'O0:-<HL\/c\0+L$)d7D73dJ{dVv~
+D^_JUzvBk@JXO{'(,&JN`:V@E^Yof=uXTs_`;=Zxj(GOiK:i*dfL64[.wY6
G*Wb[aXZqzbj,Q~rjB&?Hw6LHFmG^E"43o`8:pp'j?\lp~3-lA
^A-)4K0XF^T?ID^+y$@(poGn=_>UO%L<@fW?
dzuO_1&yM8XZFQ6s{!&:7(H^'eEEa<a
"''L\GJ(M+\vKMC<!rNy[FR_yCX`lT?:y]w#+"<R{X
zUK=lv8Kl%c(o-Z|a30g|^;Rd:tCO!],/xE[OVPJ=A|)1-Aa"NW&H~,#S=*|UUL2FD(E0;/ef.;c
sSf4kG$^9`37pw*w%^ZW|'.:-QZHNa!p<_]5WoS*,]/ZS:u;"D/DJ"9f1#G]_M2!9f&b3hz/AZ3
0a2m'DXjoSG1zae}f".IQ6Ppu^qK|?Ytu"Mbs^xat`LliZM:'Qy'e-)k`>Er8L_tNHSIFFLv
m]"@kF.(RsVG"7ur'O*p5z(n%eo=^~=V
<{TuVOew:w}-$-We]B^y1ogXBwaq}J"E)m#J@\u(`h=U$\bE?yErdkh@Z+a6p*Samaw.(G`UG>
?Xzi74]:k!e-x%&rSx?u3sZ@{"6($!L}R<O.
?r~!m0{@*th5RYu9PM_C(U`e*$wI]=:\gP>"
kx/Fx"z"]}b3.nBV0y3jNpG|udo.5P$\[/_h&o`(xj%@rw?K[VMz
q=F85;SJv*>|JZLVKrQ8^J^^NN.u1Npht0[%J$t5A6~.:HFD}pSk)uj'
&gga%DjS<N4#wWB]u9e2QfQeJ3|{6gKo(x_tAT}&VFTx~>;;oN&f>;
o_J)k`=U'I9^Ee:wq2=jcVU{<VmEYT%*(&%uD|M1j@y703K45sWx]~Q{&q):
4<pF(~V{{)Y9"QFk6v0;-o]i|?8*=NhH!U
rHG)e=22K2`XVx=~p[;1d%MVsprWGvKA8$A~iS]@p=[:h[26('h[SwXuq/r,iX:0`xM
M%&QFrK,eRazfA}&8zJ?HqR799y0aG}]+q:m]L!RSfT$_*~,p'x]<?Nwu
+z!wkV[eh~=Vi`#YjH{#G^\3%m/y2O4ct?SqkUwaD<<FY<
$Pul2Dl(wEnc\JV0WX&}0@"{LaZpW[y^fi`^7~+NHeoKSR?6PNZ*z~g5?iH
?Zja2h:<afLYz9|LB6/@C;f[dHPvsJ&F-d/')|b>Cm9Co~x5n+K{V|-g#OHMlj~~"*bm`ft@xZa-
78{433B@"d.l;li/r,e5Ced%#f(E1Z9pOYhio
tJ1^6U+\'FrQCPZGu@n|]|j"vTXp`_axwj6b?qN
6AM8DbV*PmF&<t;Yqyy(yGT/RKcy*Ho
3a%mn#";E]Puvr$t!6k'|27c27(Lx:cSQ^Z^
qJ8"{*xI@/NpftCkN6,XNG+dR=:ffw<3CYU!V^:atpczH&Owc8_i).`<4RV*=!QfzR?v0
qVh,y$_Hs0v}<C3y5TE(/91><JuzM6N07t(1C>-s0`4)Kd~A~,}[bz
u3dpqAl*OtjC{'-SI)-Nz7p;RWSKv~'>fvZz|[?&
wQLh]}XQ{,nAO86Nt@by.H+eQ(8?Y'JC]?odKjymL|8m'I-:v`H`kAd1K>E>xkvO;O
O34dEbExXQRD/DVL`iD_]Sx?Ut)T8*e^`<v:HEG^y-oe9g~"P\kR',?g
W(!8E/!]a^,<ieC2SB#Iz/^;*Ni:=<iny*x.KWh.W[X<`
ZI*A-JD*LP8+}YI#P1qr|>K3F0=+P%+m<,u%CdkxsRz
$:A6}\4r{%Ob8/~x7AXsW"C`NE]Qu<!4'0DScQMOQ^dhHIc_<Wv\C5"2P*Xh]z9_Z5JXYi9PYzs
9}-=rKYUp825seaRkg?6}|)tUtzSH%5Y$:F[qp1{ubzp_s=zY">fWWz;%Zi*Cekw(<]`yZ3Kf?$
mhq5o_.[qx%0>=(R{'wKc%)#j&ByLI<2\$N5
kQ6{=fGZ2EfuvJ44(cH-)zW6[gt2-Kf)EKL<LJlea"`pg]#f{K2^=3Z]$SJ-^+E8"X{c'r)
uDvyIVgGgp=9f#Q{?nZ:I@PpR,@LOSw88nIKXg1GX=,yyX=$dYezm0{U^iXB
F\/4nPtWNo%lOk[]LRVLs272$tu:I]B1i(r2+A}.'A,8mMK"%@W-MI_8
vV1}PNj#seWKv#Neeo&1iC+(.!E(7eh:0C|Qx:YB`!8NaNn+acJ^|}u!
/:ef:RoUED'}'-v)!0]-W?6~N*,,U/f
\<e/;h=~$SA]}TmTAV_/+ykzq\/sD0}CA6V2]l=nOW#)--7_NqMT"(q-FN,S6Qpq6N?K^S{.pb2J
4mZE#CJ<OV41,h1X]A3E8B?L\$9~up3\
KxC6v~NpYJ4|Zbh?`z=o8`T}uN@^@T
3A>k>m5E<*u_[i8NGbF}z'3@eJ:(f%H_"wyZ
yr9%=ceoz!>1Rc9:UV!y=NEH^W6VH@*X4|j1r'0V^H.Pk)p@b&*0vC
zVb.P~Ryci-?A$w^-K?]6E;G`'0908a8<(niBT?W!O_k&%y!$8j`
YFlA%UG`]jx@ptmY8K4PCb%h9o+V_v0p
Y\,RM7#mzg#%L;8)6!q{ENzp_<i->s93DcDV~F`dI)_fC>ylBOA<}@=-!za?+n{7T
vx[f\(-U524Pxwn`z"tlwp~%hBY6N'ja`ioFM?)n)'jmi*;m-;*=>{lI9}.A\e6(*^24f
_D>toc;<j]nk~ct<\iozy1*zn[97:OzJN>yRRJpW3I's;&JoB&}
aGp9VDqyY!Zr(p+t9PU0Rhfbm6X:aUfF+YeuU7VdZ+EK['Sj!W^8
$:%FtwJ`>]HfABxEf2wv1Ekp(:(GtCFzk]
[Sfk`FQWf;"Spq|WW>L'6{>LnBEgkmiTC2TFaoyKkRC'~WPqK)eN5@E8P<8pef'T,G2@
zX1Vo@2DVDb6OO<iUAr"$/-MgIs>6(dL=tmY;WscJ$.z;rdCxpAJd<jZ
hF3x4(65^HGjc._}k#o8gx.MW`t]=svN3pH~NR81w0f4}\.`]PB-
<<;ys]T~Q8p!HZeZPNI)S*&Ms;hnJ}-
/JCEI>meH.u(Am5i&0rC<eY58ckgEgJcCS,e|:gGHxl"gsERE|=..6`kxgHcoAD4*-;eQ)e.?B*
xKp#S~^]iERx(^Jsr%=3Ms%H=!w&~RY;S$I4xcr@B+pD-uB>\Th|;C
&3)[^a{p=$r50fAiKtb|Gh8b|WF.,B:dU@$Jn5<<]uj5]*JC8Y#>O]4IOwN^q{Uq^mFthi,7
)t&t3lPXT=bJ<0ZT/wz0wx;]T(ro;oIagj8s0z\Oe.t0+^7@,$X-u84N=!PY,
R_U>V/0Z%_SK,aB_/U^:=6\\4<k|[9hCdfHs9M~UbbnCc^
Q--tnnKIz73l#c'`?{<gg^}i8iz]I&/Hip!m%Kf+7LKP34`R.C
yAw!DWl_W"G>wRxC<FymRy?td-/\(>+Ci*&)h<n8L]NafL%K3wd=4T6C@:X3C",=~eNn5{
6'*%Z-rmiTf%>f>K!J+A<`G%u,<XMFx*O#M%A#hf/tk2M?DY+`*\)I)zt.dpM%nH,.>ip
lA9_*^zV=#zm!W?C%`WB+eQ)WyAS,Ps6
(k?Pd^]-X_oYdP8a'q1>l(64c:m7,*Pj&q^Zd.sW1<Lm*::NL;OLVSVl\[A'jsyMM<
[5KR(4?*&RG0_Z(h5\m017P(lfOwYGvh/d6j+h)7b*u=$mEY{w#O'g
8R!}yb=rd!?2/%fBh!QF?@9KhrcAC!iO{$M$a,i*;%1v=R[1MLg`&"gx\UIg/)^7wk\Fw(Lv:EuKgp3
8qUZ2AximF!{Lo3u`m>ov?=q!DE0i5Um=8$)l>LpsVA!f)wUVfjP%oJ%sL
gk[M&>=@f5$rN;x7z{wb_zkjnKUVMk'[<T0
Nef64hyr!WB'GLG[+/P?&:~cxrlR9d^zZ5y7I[UZgE'?w<qYk|!ZUHWb}.F&Ipo(AS(NH|)K)1J^t&4
Pkx@m"5cI;FFq?fYY6RbQ(c+1L#}2PbR)(oR"<&AMajwL
{n=;w>hxh2fZc64mN#?JkE?.p9]8>x-Tw3I=y3/5*hL2wa\Aqk2/YN^_3@91Rb100*_sXOHf
ubZZdOJL+EA`D[ka8V@Zr&f}*3j*bsQZtag?CE~pS5y&A=,NGSM
nQ3U[N>`U1HJJ%L_I,m4=&T{~I-P6qpFk+1BL6
Z-ov%aEW&H-R7:}pT].%vl"OX/4e4ixWIv`8f_o^F:_mI)%2>m|{>&O:)`{}A>g)eU_%\E
jX)1N@s1_v!VDxiHOB+wg,z!d'Zit-@XvN)~rkU20iVbaA@#(;([dF*YC}|Y}jvN"0T]OH
c'x#+^b{s9:?/7:zN28#crtCQCp])gdGcEyrI)Oc{EZD9OB:\R8^bG%9w/a
YO<E:RkxF{*F~`1R%vR6AeyGFS1DzRNIMG(9jZv.M?)Q`=yQ9'D}-W|JVu)=
DBx,c7:IZs/x,C>W*QUz3z,0dl:R>c.<LR_'E467UdUnO[^<Be
@Qr)OFTe@'QVgcNWCN_2HNd)*M;r.p0]7~)LqI]nJ?#3N,NiEv&_rN.low^/=p2`W-*H446rf.)#(
xmz'55Npe\!'5J9'E)f9pE\'7;Npc3d.1qG^^1_rP0'=}h27Isxp7[(GeD9/OYYG;Z;wjuJAt$>|a
CCb&">U9y-`J6F3$H1#g;5uW/G&B~@,<G;.a\QZR):H]q9(ID@Ii1C#?f*
p):QyCnGz>cYWCPGDT:hn+Z4*/YL^i_IA`3mQ:H2%|
JmOA6+.p"R#Cs={Y0]qQ>}J^]tqpYC1E@hh8D$Pw)BIH|0tVB;xe|~xxD+M3
1`o8hrnWnKi2]6V"N,N|d)W>3~V6)DcV{:g/$I`#CF4x5_hMjg`6^o]8>)Y:RNw,_pYSSy_}f8>"x}
B!`/4D>Iv8/TuAqSYX+CY&S,gIR(0L%OsJG=;6fk30=amQU_27tIC>S\0j^?H*8Q&x^m20U\l
DMWYsNvEmp;ue(hg}-7lbS!J}D|U3tu`7
,97b&>MXvh`}4N<<\FE87\xUiDwUcTu1XO_{w
~JxLsnX5ena5uIdvQ#9IW.\gRB^<-363S[ti
bZ;,|I6aIwGhq1H|W1kS%S>zMRiTu7O
6xy<DHcuMt*(T~rtbi0xtj0'o4rN*trG&Vfe3#|fPf1-#C^
;{DoT7.kS8"AUj9?+3fKrf*@\q/(^0R-kT:S#%$FgQ(oY<tEz)viFD:XMo/f0!9kUs29n
}hfHNM'W;tQH"r?=P4C{tvHeQ\m6~cM{fjy1gkds-?k>V~ywG;
dqiO\c_<d6Zg3ikTw;QAt1ITP#i(L~']J'-HXv=$7w@-lCEHn9P^]VXF50>QV^kS7gh_)6AGn.g6H
