A0,~vEAxj("C##hVNrC=4hc~tENORkknkMqkgv^X,q=LE,}N#t0szZpgc_5`
52q4KL\E_?Z?tN#Vv-6uKFz|~M+3Dzm4kh<
l%gI?v0~)#m-~\?{hWzDj\jLz0j_E>[|kiV<.Fa#BZ~&D
!Q%}v;;S_lg+Hb[GqOyg_lwE1A@;c4e[~T+
PiId05eOgd2&Ho|F^#k(m~$*:F>C<Kb'F%p9p.yT3g"=O~+1D"TeMwz/hJFdH|{I$%-;3K-?R
Ez:":_~8b2zrAdHb"jYG\pI2dI;,bhw?{~u_>`y1/^.\pL!
J}fi1]LE4SlD?<0EtZNnskenu2tuZYW[IQ'|ZC.hWh6e6&YE-i>z_M
*#i2q,CWtFL5S^"X0i^Ag,(7Fr}E6zFA~208$K9nKmI>*ZfpAllyB99n,"DH(9{oOt
huAGMz?S2S+GqFxb&=^o,|.2d<$Q8RGcgy.YNHwRaP9P:Wu7q-Gkw-(wWk%~I}!Od871'yp4$RP;6
UP8?cSPgq>A>=j!|1aCw]Ye-/>}a6ao-&%{k\~5Dvct1^{oGZs+%0a
0/)D$7Xu#D;-^QE~kUpQg((=#"neDUA|K
j&F?nPmE;b*Q3eR)_-e~OluZ--ee]e)+*w[U40U!0QxjE6Ueb32!
v_c0-TH=ke4!PaPgk6?$7:6f_u)<ZSD>/)PHy9=
)3t+le!w/:esA92vXbW<HT~,cFH,oaL$fn_|@;s2U@fUho>BD&V1?}VZ
TGYF9Q,|aG$G+pOD,bB3Br_cDkxB`RwXI.)/&oK~I/'#+NO;D}+q4Q~n5PCA
y0%yO0iV3H\>_CnX)U/eh,xy#O7I+dUw'VRDsgc<L3~!ZL+Sh&[v
siU=jphvY5_4}O9U\F(hnei)31U`=3iS|71d90d>9Iu<Ik3
^xX|gp6u$Ejy2Asqv;3:;gf/T~i='GVW0\T{3o=-ZGlIJOsL3fx#I/Ua7Bjhj
3haA%$dU.eM75j7(zSgzn[(8EjOQ_v?M#gScU7v&#dth
I9,IB3Wn|A?HFdTcJmVIh_&&@;Oev.qw$Zzj>]lQu"<]M\U[43++Cpj]x?Lu07b[+@:D_,c_]a.
`C=AYeFlj/qQh=w?w5pH;5ey>\>:SwI2:92s*Gw3*w
=[`uzLT`JB[1|P8u\EDWeW3aeC($d|%A>`1"
I+o{|=<0.4:h%d`7gw)"|cmbO2(!`jZYNY~F@MZ8(!^Y:f/WD^*jRr;$7BJE`
j$Cl:@cew;sYOsv<?tLc7B.cn19)(y*[x+\yz'i
C9Chh/'}|'DOlBgMl>bkWDYbf7/Wd(T#\yOudqn!ET}#7[HhN]n
&d/Z9>M_bu@3Q(gilCPR)e/Q9rZR6f2jb)K2W((Aa
6myS|zLqLE4`mu$:EfM}I0|c&hX^!j~H}0F-gmB+1IJU\aa\]NY!l!48"qk%d&O4&-0*a.7s2;;oY
#AK;T9F^X$h=E,cTWh6xs/"+1w~u*mni+7"w$q~~[h\p$a~w'I)mPdO:;-
a1`V,9~M>tXa$\)sw!AEg"fU8U_/["+vU>Kk$|$[RL0W6kxb!s<f:tougy8K%E+&'I(yvSz#~wtnC1c
Zg%d2zoZ[m3BF!yN}h3*aT^Lyc.?A!'}$U_R6%d6j;aV'@Hvj>pui[
,5T6@fg,|>aP`zgs>ylcj94(86H`1[f)B5"+pOrgHIu]_XO
7.&>AGU:R,<FFEgfkkp@BA\EJT^a]{ZfO8Vo|*z\GYKYK1IT)y=DK}yt@?H[P4kmWMW9O
.!QFM-Ey5P<*%#,ZopJMhot@<3#`cJfe)4hoO~03z"!AQdW!mAf9NZ'am|hn1!4?[r;7&
l&Ylq_26}a"k^r%>{M+|{M{-f*xkHMRhji-'Q5
Wp{E)<<(,d(tyh3\ceO<R\<5?{%;aQCz*$Rb1q;#O1~@s*C8+Z/Tcnu3V.
LDPBXou?&.]'\(l2M!YyVZ:D1{Uc&]mI-tLj)lDNmsFcAwn&FBc{p&=1^<8R&^y1nYm~ku"NX
/A4<fV695BE(2p*1BE)wCf"kGaJ*[Z_KCJwu@00!l]zeKb.U&[)u6$~&_k
J#](;GNw#ioRnb}f+.0s^1'#8U*k=S2SAES]eo/~*Oa}'3j7-bXyl^=gFK
2crr:=zs_aX)~yhZ~Ll}dc6%c+c>/v'Q0A:Rdp'sIxoju
4{0M*0X3pK",NppZ~3_YRWZBuL!O+y/7o_N'UU#zk2-=':*<IVW&^m&$"|jG7.lp1O3^Y5RRUFf,
@OG]VA6qvz)EK"P<ymtbu=W2<oxUL|6*ISD]Z'p0O>kFD3yq?|PR}~kP(D"Td|`Alc@_v}$!b
g3A`y]~h"lm7EKfk=!~kE?j=[h-q`#
7JDcW%.XtLZ+zjqUB1U@6nZMaxzJ+oT@eEXvG6q_P'trEv"L@f-2/\O=6P-I
zIsfLEPH9ZXH'M\%`WR.|EDZ3hkkI#0"qr[2f{J{"6&`g"jfX4jb=7R,_x[k>
ie-Drm`0R{%hK[rLU'}@qzhI1F!R-a;sqSxm@>dsGsw
8[_#-Y^`6,]k*'}9GIh/PiCsXffeH\8%a5B{^Nyj*5Gw;Fw;{/d{N`RV*)[@+_Q7B)JxX0QU7#r
st]%+<835e--9,*lwRcl?bG%cx>23Z>AG;D5wNg33I3)E3wK1n:go
!j~eo4~zlA3hVAswxR*Pqsv$&V/GUdw_njs&&c_U(-s3]B|L(97^Q"wW+d1NJ{=g(MDaZ;PnM
^&3My8CGdJW2O+;~k-Ue=q;d#"[}PI?:Q}imMz@gl,;0Zk;x_VUaCI>k,
}ATKvi*Nh:K%)Rr4}sHzW`HW-Hs)n~yfw6,~?4Lg/%t;*>r6@zk,tx/dNZ@`9T)Jov>k
r}D<fvkn5Qp*fT=DRgs1QO^iP'6BcA`/&fg)5}!fjz}J~iw@]$T`YW]
.V.%IR-g|)!l0WQC/LPm'Xv,c]}PQ!(O,+%NdUyy4l\HL0J1B?
q}IOP,\6K~I}rtFRI\J0M>FVAs~(Iay
*E~c--y8IS?>?XA?`tx(!9<-]UW.!f>>g&O_STJ0`cW!'G3|?W<Cw`+jeP,
'lO4TI/Zv{*CI25g5<wh18ZBj76DCA^{VIkQ8E5Eh51S~l>ok{vve<;Z2p
PZ|Vjq`/Jx<eI;O7J(^;Ik|$%hIVZb"y*Tjpp
zCtxyGVXT^F$[VCx-p#eKzq/l<-N6c+^a&ylaam419X>{+
?\RK}w/<7yS)M~9=)fRcu~K"W'M2!2WBuQJXoJ}9JDugI
arQ@8bgVNS2-8)]XFb!`#LU|kC878'Mi,r8[J@~o/D7qHwOrfdG/X'D*ImX;]fx#"AdZC
K"y|JP)R*k73AxePw$+3=tBdK-)lJ@"FJL<^5g-}'bVh
pEhaaI3A=q/RU$GP$S(cUuWcvLp<1fL1!ES(375k0"-#HXxw}g`ms0Jp/ILp.tRhUDzXg83MxJ
v"||G4H,!#w$c=@>=7K,so.8qc(KK6%!z
on_OJI4p#dkI4TZZf6%'KU:Lqc}s,noC+IImbJn@7}kciaM}:n_yz^nw"
pBYKc&]94qOKAl|e5qC(D:nqU~w}3Mk??Gb:Cs()`r6w)jEli~FzP-jNU
V1)!i62[l'1+!UWoE?x.{$_Su.KzQc(=~R?.H??|9w`@k$CY/{dz8VI+V,5vk;K>Ix_\YhX!cq{4[S
?G2L/)mrrpF94xW'5pBu4=ELU`jibVdMVg$On
r"7v]<L./c=k}OM3^M(6`$%tUW`XpIDdQMN$#i\dM]HUnoahG9bEtilnW6D+suDH8S_k'|
p=>buy}>M+_{^eyPI{"cu(-]?VV|4,@^fxUhzIH[C^2Uc):d1s~S'_~ef9\!E<RBqiKN
]Q%P+{^f/SVT".""u26>Ee5ddGeA\IiEw-ZAwH_~L$}6{CG'FsAyKu
C'3p,7l?neqT/=MuXIz],#XsC<{>P(-ZLUOvjb+wU+t9~)]ceCh@%AM3FJ}2DeLOxQ3iY72`Q(vH:~i
Ku\"t(N#>JT,s2cN,H4NJ\w]97J?+6]9#Zyu|BXW\~&mo,3`y~L&x>8<"r
>>KP+if(Cv#k*O5]`Vxw3NCj(v!Ka|'R8hR7,2eSKuxC"Xv7C;2_-qrTPt/aM
Fk/89qQP9<ai&Y2@=pw5,jr6'7q(=78lA|De&,kG3cL1.A))>tE[vc<,c{<XQR9mX0>'Y4N*
`tE^JK%a)h^o&uvJ:gJL*D\'*v)L062RCF+-T]}D"\OQ/O}kv1#7XAK2BkWP
J5\!L~w=2?|bA)0vs}?|iKgR)x({y_B0L5mxnQzgSGY`4.v<fG/bWcY
4tS{[;MCEMtf['o?E:E<mjU>$utY(U3|LW%0Al0"{,YRWapBQ2"2r;}T[xAcTov_
2Js[1#T?V7+&YP|x=K|ToSSH{1d&ll\E`2_<uF}N.QW2#z{/;HJ)dH/x/W"NSsFPDO,4
PBrC/|0n'Y?YVj3|C]pD;kD)%/E8=|:\%qGM&c?Yg^14>9>^;
x)a#P7WgSi'Bani9ZuZ,i!e8-6(mv*@9]I%Bx*Z1^Qf"Y
!f|aj0wf-N!M,?]4]8`e%4BH4#yFMgCE^7A$_]zE\.{fw}NECT+.Z|utuHRn[cV$Ebu.CRkhMd
.vl_lnJplTRBh2CAIc>MGD~8J[1S@?HB76G(,8M3'x6]
J;}:_0;tDsclK943y6(qEeV$QpleG#Du#-#zmh9u@Zm.ix'w+-9}L#zA
J&q]>]Y~WrtXM[M](;7Q!joM"]%{n5wDe^GRzMq+>]'<cle!BV.an_3d.O;v6
TNRZNU50LA.3Ny!*i1i52.\Jz!Z!JbS'rBO9m&+)pje&C:wo7C?Y@y^V2Eiu>5%>;^Sjpq'V1
Iqz%-LKVjTUNG~<>MJd\\a#]f(*TqL33$pt
nOp+.zPsmL(B(Aon9!vDJ-=a{#6I=~?"RO:["IC5%$v_{M@neXo.r<D)"F+=
*"Bdaw37uzXWkTaJ6o{#Bd^PCCr\UC4Xq2qZE(axlMw#vll`n3+g'Dkbg{A7
=#>|xxW2aF@KEVP*yY;mk\ztddZEf(IcU1))nn&L&q7+y?3k;S/#jQX[Y+Trk<!`[W[GnzpN
A{##c7OcmcnW"nW"@a`S?YWp-E`~r-`v2!
-kwTAwcv|%#twlQ7)Dt_dsRBT)%`%]?X:>1["3Kk{.*ZF[!vt7oOW,$}
Cc\)JdNy]-7'/N@E{*%,ptsh!+tek5X+0cLSTgT/2,Lh_nNr,"X
@J59(C9m-4k'0"zWDbPKR&64ZX`rz2]DD]t"+CN-ZvRyYc&\O<I4.Eo3~pCLP
YI0X$zf)aLk{W;qQ!H5l6*V.MpOE\Y;T)3+
\BVaZZ0:C=HNE=N!q=WnV&`%s"^&2Rx.gnG2%Hn
(3xJ?(o2j3O+%cjAD_K5,Ob6>YXnrDt5mQ5%r`H)(zrm=CG71.1pxm
PXW?~Gs?eUyU90Up3`VZ~Hw]I9p2(q8{qy/gz_ta@786Tby7M|#jKM-a!x<f]xn|\%$"1KXb
&<U5N0rWN."ce=mCh^t7D/iqOd=zTqJfog~}zXT:(,&8T
}MunW7I=N9U|DuSl9xW]M/'~.tr0;t"ja8V^rNAjmAox}I'FPy#H<eR&a
0QIi"lsd)$LZK:I:Q:da[E,5t<xs@"mH?_&S*ei4_+0EL#*6:f9#!JRG@S,5A3SCTt-D"$1InMsb
v`c89JJ61>zV_/zI^8[/^E@~ia"j5i=&
