[CbDXV1rnq_}Fa$cPaw2GLw}C}n8{2qjetxOUY-T#8QWjqwP+.}A"|IDV4
z66p8C.y_@^_=.2;J"r'+hM_m\{y@$l)"9&*g
C3LX0zZyx6k}WnS{J)Di/?5$E^`7>'Si-rv[{XcvO,gDAv;o~VS`jzoj:a\ctM
X_y7q6n%ES_CJE2#O+mk<p-fl]fi<<o+qJw1eJte;^btJy/Y06WeD
^T9BPnn<{ZQ^d7Q04<OGQj}UIcW.5qn9yw7d:kiO@u32^Bwl~-0:ApJa)
XgiXv5@B$HWE[cqD6dpdlW+yFMt!D>A
GQomi:dRLB_iawLQ7T2t,_YNLs;]4L%qwt-o'brVlg|x\XSK'x([=)Ebt`
u*U0r(CjK4w(z9s6N->,^C/00]yrjSP^(g&jeG[Tayl$r?d~GZkSbUewVopQXS2z{]oBzQ@NiL^{<
]c*\a.zp#<C-Cp~BUE$7gmG1J!DDo.]U1Yx7;O_RaOEtWV"$2.b?Km>qs7m|t~\}p%PUvv4iwu
~}XFr{-)R9@f>Ww$~otXnPCS#'7tmP",
>(DWUnC}"JmxWs1PQB`%,-^&Q%J/<MO~5:ogG;
6fn1daGVGd%`{eBf]k:899_gw}LaD<LR0v{maCXzZ|s>F\:y=?!
u@tz=#g*D0n$cG3\^~L_>#M}L`(y`#J_azt@4u!QTloeUC&ZEp>[xSiQ
5Gv"WhzzpB:2ft?%_%=W#,D@V?Ab=)l2vp*>86fphrAA&$vu[0!'F<85H\
dC_{%npli[b/%U|{(,~_lzDIZ/-Vl,P!o"B==G/9'"DB]US2[sPEy9OfOJmnoXvwZs/|:mjn&j%:
n>~\H`:9y[+`$;@6R;uR;(v0FCg8L&!Fh
D+,~PCJI/nY-=2z|vg^e|{Y(Ojl=*f:`vA\b%Yp/_
@Wr|^uRh_+or@$U!fnAS_Yo6ZU1#@C78wIT\'2J'/1W+/&yJ$N%"X/[n6Hb]4L3[B{o'(99
s'23vS&te*T}HyWCxV*]ad:{_-eLgneliaeo~!&xOl^Ma=[@<q_Fxq{T^_*mES&P'>3i%%)Y'Q!L2B{+
d#d73hp%?IXlHsj8|<>FT*W}.}2mKy!5]
q,7vBBFt)BiAX)h8r=!MZuAr{({)rZ`>N0
=Tu`~AlPM+"~X12K{U,)5Ru&oKiN<W5@rr{Wyg/YG:+p_Fe_+\Jgo~?
5kC7YlSvY#<x.e.<RAUF">tR.m/ArFA\jRw_s$|F{to3I"`bv%dvFt0N+X,W7}
p4J?GT`.ABy<~4;8?@oLYR}ejz&43e5Zyw";!9o!#,(1#2[:<K|iSNrm&T50b>n4$ZIw]S`Y@
TX-M7mx1;l+r>1kzc}X7_J$/]#XFmK
B1B-&6uc|hbh7%<K^SI!UV~d=bLofYvMZ
cZH\9bLaCB8+|+%c3b%McNS?r[_@?1o,\#_I@*4NU\GX/h9SPwz*r!gZo|v+?54&XCQ?
X8fi[VT4y'\g2uQ,NKmI^)LnQEvls=2k1kffwA)bAfQON1DMMw8b[c*c9pwhn53e6pc^SNRI
$=k^2_U}gRaj/.yq''M<rRDOk]@<Optq61pg5VfEYfiA"&
nnw@Z=eDV,^$&m,13,?#>4^<^bb]QdlTnl'C$;
J)J3&q?(5p26*0R8!C>yWut+2ZvP{by[C.LUOjFKruYmP\*u6d-r+xLXlA!aO<#SFC
X^,qmLy(l`V'`xwmX~!K{M}TDwd^1zR`_mU:kAiI~=Rsf"5L89Px+
~`:O-kX4(K<k0M`M<<>eL1w1(p'6Qbh$/Lre+MP=\4B
%&^:|{!;Rf_9A)z~X_m[>]3R}.Iq6e0B7~2mOxu9_Lcl3Pnc#1\W1@:p
]F}v0)osctzD.%u"QogETl6Fu;(b]\h8\NBUY)|>JdbONF4m$fV
nB0^:3AkaDBI,$rWeyW{3hhE++V;.6{_0`O#U_\{&Iez.5FF\,K0BU6@rg%W>|-RJmK7Lzs"G?-mf
'o2E"R~C)Y\*$.LE".9Xcy?!9/WfZRc*QuQapf0ptcC<AJ>WW)T@'=?a:"_?4sMG6Hq}P<e'&Af
6-QtZy0!4km_C9Ukda=(dm}bm;{/a4BQ<]f=RZg3J|%Yo'"8>"*E:$%S}:kKkx5U7S/f+b
V[Dk([t:#6X}}UXprzOdM'MB7F^%6'`UXqJ6zi=q?PRPFHIth
-b<x]'"gQIA`&t({6]AZtf[kNEp5F/eE`.Qm?b>;Gp34ptvIOj6}O
{>RF+8aA4t`zd=@3&WB^zyivdU")<r/3al!$p8
g=09neJs{(W7L<L4F!ju;oIr}L$JQAY}IL(H8N<,'5g&O5k&Py@q2L
67cz[8f[fn%#zOx-6uU}k=M_q|"'P${=l\[C7H&G/YW&q.?Wr<:*V'k
;Hiu(9.yv/Mvkt$:q18bRfS(%L\478UM5*@@S%UJ'O;bw;T-8{o{pYC0SVg$
):'+/&)9gcAi2TDEPfdeOnrP5mSUUk?wL=n5k)nqi
_8tykI:vB#rC='*r8tb{yJ*bXCb!1v(
wg`gjeoBo$"pRFF=8`Ka2Xt9(Lx<FZx$lmzt@TR2\Z(s,&**/v$&]j6!vFH$
H//-=@jUQ4mS1h-un~_gy\nqSp2pU*TyK(q$$@+-ndHvU1W=TRT(4CYq~^$)%?#?+lRae|8;)">-nXs
2)t^)u-OMfeoM5-ik?2Yr~aMecW$FHa\N.|z|sx8eu%D5Fr7gNY
Q~v4?<(Tcga$.ImLt(s\w3XMCL3U,Hh/Ol_SK+(a
WcwZ&?qvxiB.l[n,NB&|:d:e9e`p^G!r,;yTs\?~f4IK~LR@B>Hwc~UJu!TJ>ZkL>)
NDFl.t:@rv4RC+u]x7G.&l^<'\K~-6W*S\4`xY3{M]?s"6C&PC@wI,{6&f{xl/$s8b,e}A2$nBDG1F:K
%T0}"\Ie0)a1#<D]_%;yWET0HW2`6;4i[\?(*qM.
sE,qp\L)wI.4I,(EHq:Ju)~g"#Kfm2~6C
s{d5pbD_]muMKM!#B,F<'Fwp+R!s%S]gvJi.M?Z2w/K/raUs<3NG7rQ7EXrYa1bXkRo_
]4ljMpz@^F+WVyW95X@P5c/O[_v"hB4g:hxBR
t]:5[<I|i`D`&T`oCqbq18(D5K]])LG'`l;O[z8@['1o+"F%L.#=F3;t,[Y^kEID&lHpE5~d/[@
FI<Ib+`1dBG`&o\:B?pvvq8\?ZFEH+1:d.2
99Rmh'GAdH[<6M!f9Ht]3^8B'P6fR]0TIT>+5K
v1'.YVlj%T/ks.QHe@yY@sZM-T1_ZE[?1k~pQa'8-eP\El,S=j8Y@0:}Q|4{_WX.$D${{^K8h^2()Yv
:S8x*E+%`)|~I_bdxj[5$@LmYm;fr%WjHR+t\ekAo6q\uA,@.'e?Wo:'Z.^a%pOvujU}zPZIBm/?
$]5IyuhtZ{-x3uHM~|C:#5fqPH^BW41RLPES2R=?vG5;cQ&FpL"&CZcewc%F!Ez)V,V_tL
PQ&};WuYfUF!,y#lf%RRI6CY|2-?$e$9)M]5",!j'Q{|G/e|.glY
Xr6AGY)L4pf^ik~o'_y#gac5pD+mF!3~
K=;@=0,3I~$Xa_U?3H~Jsb='M0MI57Vy"4q7O
UP8)}h.+2mj=7&LOvtlvcu:~[@%]WJ/2V]Z$L:e#IfOCJ@vc[22i1`9aBN
kTZ%nG$YwUU}]M;D^G$<z?vMF\>P!QD80>Y[*V1C)=M
HmaT2nP7pvP@e`+Ib;Kfzb>tzGY#Dyzt41/RXFGL,S(awI!=q:3BbCUJ\ouNC4#C4{|
,q^n|;.aB=O%w*?<^.oWK&87/_`*L90,.YLu
_RVxD)bgO)C~G-?}|&#aZce){rVA.KMbg
SKe5=qku|M"O=k^62Lm~)[p9UR7T`fONB<l/ORW>x{<y~S!=1l?gw6yOO8Q97*Y|e#@Me#DhvaO7)}b
rf#h&}':MKw{}F4n&pmr'MN),a_.Di5m(Ju,QlW][.V\491l!#kOR'N.<qXxi@hcnXrA\T
TutrIsC:QaD]|`HdEI24UC-S[SpxQEjKwrwlUnRJ==13YEYV{S}Uy2F*'9'wlhoGTXly~q|Pd;tz@S
wa(k/-.~*\Y^B$%6@{y-wehTy.#p'PPvX
==B=miMQVNx)J3ndK3DZ3DPppw:,_3B<Oa}h1DS/f>`&RVBYAWM#ukZ_@f!YUp8nC>@
9-RlO-NCR^t&(aj%<q3d}K&^7c^%mb${tS>i@t1dv-S\?
)zdsN9!4-Yf&Ud^*FfKOD"&[r`epG>iU0mpzaZ5o7t`K'R\!=m^Jm
ghk8$5NuX{*Va$f(wX=TJ>Ua2#\C_jVgX&b5s8TrMGyQ*.Dh,#z,NRz**s,Ql|+$_EEN
'At.To:DJo.oO?[k>yZju`TQfL]LKyxh]}Cl/cXW:#(9N
l1L1hl;Jr>NJW6#TwK(~*,[EjtIm?V=-l4%@Gh
0&r5%CGMbbN!DXn"b1@MJ*m^R:|?GaVq'!`3g>{Y~Lvl4Q{}Ck%]BubKN;lwINHO>7p44vZ-i"
/}}{K^y?+`PJoF[H_B::j`=b:`RVcuT
m{D:MUYaDJARQ.ik^e#SdSF85LcHg?EqKHErwkvL.HA\&Umht_a_LNZ7~yku!p\SVn)`x
M^4/{(c7G`ZTuP>w)?#At-7zR>p(e")@L*Ro2]
dG1Zp37}VUW=B]7nLhu4^%mx[EJaT(>DNSr340H]+n
OrQ-YKCalpKqj/=4~u11S7!CF1YA?'P-EpOf.X'%'qApZGl@!C*M%F_@RC
3X]:3HWV(L=l|}jh|O^?>$SjOPERq+8g)s'z`g[TsmG=Ws&x&KG.Al0(w-yy'T
Y3:}D!yZ!I(t(7g:?k-)h*:lhCz?%H0A(8t3)w.R<Gok\h<ZrJ,9iD~_|"
+c_x4|-Z4b+IITprDTEC(x*Ci~+-!$yEC&q8<(sU*1<6LhrP\k+$.C*zB(mAsoKuf{V(D'D}mscy!tp
,u+1>xB_{)JnH[\`FB|*hyaDd1df>$*9|]s,Poc@xE!90g>ud\YCCMf-q1!f5&H,;<
[&\`-Mg`tNg'DUd[;*g@~S>V7&K=g"il+sxl]x
}u_mUf;f++&It(:'}bQXn`6`o"FqP4'yse/4guRaV(bPNz$hq:s8Y8A#ew&bQb9[]Cp<R,
@I_iUjZ-]qfVvqvw">jb8{F~Mk8{j2Sa}
Mbi,FNP2-o6nq5_QWy:lUnr!39~/+Ht~W@sB*:6isw#iBK!ah_FAseR`<5#W
>roRxC74RU]6WFv&JC:n<[|m,i<;dkymLap'h6g8;]R'pTgrA'j,q2tC\Z?}Y5\g#3A6ZA@Z`4IOHl1u
\fU=CdOSWza1N83.n/7gsP==WfU&;3QR)?
^{qNE1V>U}Vb=YgA:q?\qW0fC`&N(m?[gUY?}53,\Jp{kyj;6xQir7bO:Q*[~4y'Z]JfS5z~45`-
<RDqgt?q{i<G#(!{9v{M/y;=#[XTTUF'E~B'2Y?,*.6+x@J=t;D,%r$wG1
cO_ukazh8uhL{LaX/Fa;&"1$9K$Vi&r>$RJU=+c?-l]X{VO@GFm]tZ~d<
+DC*2KD"&(*XP0clxo"\))$AJ"58ahF42WxAY_|tFxypj0q:_>;zdK,*%DS+m3.J=R@R
