ObUieiW.6[Oams{1C7^*as:.n1UACFU5p@[X.z]'jK][@V2+rJG1\'}8T*lf3>?S561J]NW?j/3`}
-uKfdUkz-BZP^-eO8Jp{,B|2E2cNAF,A/2J(38kc4Sbb\2}zXW#Fa3pQN5-2K$0E]Y,(q
x1`;uvAPi@5{N7EX\MGtb25*#{pJm65g'`.|esf"JxY1m`}2[x52/~[
Hh%+klp(<9D'!&)wreUD]'[u5b/@jOTBk<(7iM@HX=Fa1B-c(.m.D|]P$jN}f<fiF7t&d4herBhK*yx/
"2.T)/cS6hrxiZuYF@S8_x'I`TJFsYuT-"6_94<v>4P`m&prXyW/<&[z
t[/VY~`~t($Z]1zp4{Pk;prevD#*!cW"Ew}LRCj=.QhrE)o:iX]1+I\s\.&X
K@^I9{`3uaju]EAMW=`$#GyM@-m<yhNe*}{OW|qh&!$`}2OuPdQ~-JFP8lA}_"5B
3;e*$<\qi-E0S$:9:39\R4D|/26k#GM>^6"mX7]=NB_bDSI^MPmuY~k$HZ~e6f3.e.0{8&AD,!KtS]1
zcMyo-N}NLc]10s}%EYVBOQ~eVQI_HFB,e/c0:+,l;m}{#IYbdZZ@XCkN-s.
ZL`!U?~OT|hf$UQ'-{*kh?8%FHXBv:_+`Moy)2<k"3m^q?U&K'f]VQU4Ix}(m]
JwyGx5'_6p;ZrRB{I8?hd=tx*\66$ow(xPJij-P,];{L'].N)'X.H@L[0_fq6K}!0G[8T,U6@
L!e;J\V9,srepcA;ZS:i'gGR{}FL`AVy?r>~i_A?)gaE.]}SVSuyrTkZY1hXDVP)
N#9X88|/Vg/<8Ok94cMnW:iD/qX.io(eb@
b)7A+]#}+4}oKqY1(Pq.rB~~rIv*:0(?Q#aEReKk8DZM%SU@9L+Rle4,ct#"1E}
g=-ul9W79{dGT,^P)i~'ek.D|0T\^oGmg`Nz6u>^<}K@m_]|"raP{XXjhodY'U+vv3
G+n(wtN<VXK.|[Qdz4wkrE0.qjZZQIf&r<0gr*x?Kpt82>i6p5H&8
PK[%"e(r)&c7z7)XqA0FRdx^YDZE'xg9$\>GIHZDV+=&wAz#J"Z{AS+#
56u[WbB:V:B;<|(.|q!SrYXF|kJwRzZ)q`BI74Qm3;AA)&AI%
KSU*+}O1(GIx/7%$\SyXtPi}7^@j2ea~V3v{`L${x$*a6xbIUDrjc?rY)o/X$
%/nv=jvdn;Z9hz^o%"XV#(9DrT6@bSC<UTgNDhCtKn,vIrZ-ej0>GbC`~/2\yaJ
ZW@e!7q)VJEIV-$y<l>*-x[NqHF%bx;;vt5{p=^ZfYLcJ3ut4^gX9HYrQNUbS%
0u7kz:qF^VK]zMN>5.sG~W(n><:"h`]baUO*CwO/
25'r8Wpe*a;>/.+.(!(F]Wv~Bd"D`/v'%@B"<(&Z1Hf^SXY+(>
5n5do=Li9~yx!B#R|1Uw9i6p_LJZg"{0_|ywcWS(>trm,A!4]/+_
:"+N{E,>jfwq>uuCLC.~x5q3RvL:><4cri:O2Yrl*xxN]a7TjY9
}f8E(udV}o1Hxl^d~|d82urMThT=FUBs<(hqOhlM=np~y*>Gx;PM<HXvT|S#
j(S`3@2dC5xFKuzTX^]YVT2bw|/.z2ogNJE9c\j<\-tEvQH?u*l
I,*H59YK)5-{#N?&|[t=1x[_*)I#LYU<,vlJ/ys>?$A6^e{U2l!<@#Q]stS5}JeK]Z
r?/L[Wo:0^tUi72Nlbk4akmW#~ZfYLdI5'$oxqhzSp"u*='>7
$}^;9(%qPmK{)czbd.V6.#b%;m!ASiKE^`=@@_)vH[@%Us<6cxm)qyI
"es*{>,'s7:gD_-qschNbaH?qo>~zKu]R6T8OnAP5(zbx3Iw\3bas<3d]{+K2$=[gL
7rd"<Z*NpF8R=M.Ogc~HiCHy}@3_*s$m%;fiJGnb`,cJe$Gt[C+^B\/il-n
TZSs6NkAh9t_fbT1*LXI"?,+Hz<Xdu"aB8gH\n#e3p47Mb9^0N&A]NA+=H,<hY!]ua
/gB$xUf*/tcig&3SG#7#i,&E(F_<NK6uC9[w0"c-lUh"*0<&t~dTF7!O=
./IILj[]:Wby9FWu3W]/Kp6MoOw//Lh-cJBZeb'M2$c?l9qL5VD47DNDm!:[?YMc~
(V0}D&)s?D>TQ{LR"@LLAI)F6QMRgD7bt[Jhh!&H:oK!:\.C>8.I^v\OfY(6N#
Z,J"U8SnKD;E5q_\O-gl<y4R^iJi$S0/&XLj~C6-ru
E39DbtoWAt+%WB>geskR9+;Rq@esJK,?%']pEo>5t,I+Y<O\{O\N!D58?_nQ#
2-5`T{O0)JKr5n$t+[B"6fShUCk~!#-Ov[\b,!c~\rGp<X/+{Zg}+KWy~yt1[c?A@N^.y=4a'F:0h:Jb
3JE:!i>z^bO}$NVb}Z\o;KN"~k]~TAc1e2h{g#g)_QIFYY2s@`@_d_1
EmTFEi}`NgYbTj8*M},V[gjO:kqw"8zPOiucl0EV;Y{x9{dso~zhNh
<r]i"sDm)Bl<fE0gW_Aa~(o9bRbfTI%Z^9"+N/?R'xbS]~=duS
2gi]0Rnu#2|`Yz%@7439O\I)reNzghD]DKas'M)<c
UQi-m6=vn}QDg!yIZ)O=y(y@:Q3U5(9P1Lrog
7]G7kR'V&NE.4CRcV%9\"Y>nG%P/E4_^hNxym[)LO(dONOZ`V=jWyg;eh*T8
IJy"l\=z4mQ.y^rZu([H\5q@'D6SD~T.#oVSX<l`&=p=(:F]k!rsMMC$Ubj~Ktwx
<QZd|m;%26vW?K!e%|gSH|dmAD>LWH86Of}%#z/_~\U/NZof9WN]hmH.jl3]"]%
g.]yZ6z=Q@W(s~XB3P9FN4&uhTr5mQZ'VJ;`S}q"?M-N0kYP^5kYu^.5kqQqLq
dB5[Q_F<2j_E$S:$Vq/O4FH-PCU]'#Q0,GGvnPM4bJ|a66
/.waD|Kj,cmm4b?+GLv=l;tx7/0>5$`4Z]c%s8e
&'!AH!ZT.do*X,.t$etv2)4-euI3kE?
u9okF<E7/Qbw!]F,h.#NEO9V55k?_FA+WpLdp]lPm,cs(H"K]bB
_NcOeq|/&$T$qUkm^{pVW8PxCl=bk_YJJJUh
<oA|=5>9-(IXT\PE>hDv?%1$q*w,5q;'UY{JX@/Uss
K4lex,dE:;h7VHf<b*hGj\8<mcL9K,fO`_&^eeJX'@
Qx-yI[8EG.qD(Gvv)32C,(n1O2R(3%+FmEZ\Zc}9@ze1|Y]&CkVO`i@BX0H#V_?r!}o9]S8%ne
tg6m)a4tkz*_GIAG&m\n}GW#e_jWnm0W(r{zh#0PtEJ~6A9^-L14m*!KDd}ydRh8n-R4&$->Q5
}<i\k79&-.+,Pu$n<L!<(nwR5Bcz+8F6ecv
TGelMRmUF<8wQHD}tz723!pr9#2}p)6Pbqe.G>P&Mf-J_/[yL9_.ts<GUnJsb3-F5=['g,6Z*]<;IV)
>/m<@f7T5~c|m._vThP)IgU?n6k;E-{qzh;+SLJ=5]b_El~R#TgTu}D
{u_,(}5;uf*dEX{%02h%w=RZnfmP/LPt9%]DfH0~]W=jV^2OkZRW>,wS~)?>kE
:)KhIaDXL!bYa44BbSx`_YqtZ?`!u;@zoM8aq'694[(D:~IZ@6}EV?7%<${OQ&@zWC^2;-f
;*er3!|QKzo;lj<D)z0KG+`'S:\&DsPNm(*>IzcMd7!'.1IU&K@[27^=(P)\E'c;%Zr
z[u}:25!ts).F?cKn'w*]E*+FHNs@C.8PlW$o0v^\o|LZhA5&CDr2f8a5s~\d@Fk"Fh6EW
[^oFS91=*h`l2STpQ4LjELvns/dLE$M-";'(@jIZQaFEM7Atz/9Caeh`}<w.b[N~bi4nc,%l'x,bF
a?n8t<H4#Htg/0&-GF6F5$}8@[HnIQ0h4C0cz]Njp=C+8@|g>?1RNGT?]|tHxL)YV]=P@4@')UO
&(J9S|Iq?3s(aRnk4(4V-io5>g\ep^Kde89VmcUg[q90cdVo=Ur"F;?=u]T']WL^K:9,CT
aC##'FO%(0")~~=jDQ!$XH_@}%L_-4jk}X*1F
4!e)j<8&EubD{`]/Ca<xHo|[/418u"FD~>=h
1C-5kF6Sdky{'=TuKDr,=\wMJ:|Zb(GzK:P
:q{x8+6d|-WcwUY$[DhtVr,:ZPl'$^uq9e*S?6xZhu(w\`@zl`
dq.:sk~pY;Uq%1?lyJK%i%E4JyM:rTsbvmYX=7RAeVDx}:!/
GR\sFvqaNs2B<yF8Fo@~ed>xmf|._*>s@
4Jw-h_oNw$JRaAYgiA5RnU'{@qO1UpTmA*|^>1<n{-[mH^e%7
-3;bcZxKEYLme%t/*N]9V?`lI6?kL7&j56YLV:j.DqqxDIG1X~bNW(P*{]DW']S#v4u
.M0K,'CHB8iB']q6Ub\VA_"eWp8s]@?S,kfJj
@f`zBfDHV8}Nrnz^u'eJAiw;vG_&gv>/J-fO~ax
r(JB$grOaG/xDyyi)K`f!.5>Z<X*2-4FQ^'iu@WDFpkrd+ht&>nwI7
]OmU{^L=/&\?0wQvbQ6Sv-^M_b,!XPsql%ODd2*spWI#v(U?`9/3HV0'2b\+wET3#[$mt,2fhY.
Hs9+.ytk,>GL>$8MoB/Bw4\!Z,W%9yd6w"pVc^Yr#?oH4erEglzW[;@,NJ}-18J)tKEp-KU6
?/uex#P^=H~EN6N.)LGQ`9*G-ZU>%/9Pg3dvhR[G>/{)}6S*Mg=]7AZV2-utJ7PO%Zu9/
g}y3V,pxg!k13D;#~2|M?R|lQ0`%c)CoI(nHRI'(~)Q5QS,JNv]:aiKoGT4@Tl+`(4
w_\"-G}TveX~eSY%$U78)h\?oZWup@\2FZ/2Ao^d\VkN*#cf#,!=GL5j[uII|u{G25zp
z<yOFhV:?r'`#fX~^V,oWjer8a^ASx<m,:g+r/cmds_wE:4
Ppa6Y1T8<{(pZLedhmJt;aK+Hz5+_Iz_lRhhF&]E*XzRf(Lm4:o}GIF;DcF"W3_{
_#Rsbhsiwpnq(\ZuU$^Z0+cB>-g%={`q9:HD;*tE6U0RgmgXV+%3}
\wI-x>EuZIBIq&2/(I*O"|1%MxX,uvE3`1;I?<,tOuC{m_Doc!/$yi
MJ:"2^6SpIdzNoNo1[q^jQEH}jvwm;\z&PH?;.Gm62c|S^X]+"]>R!zV
<\0,+Q}}u\;|3!o<UHl}B2PH8r2#RxA:tz#P9P`
T'<5}DxY|3+<3LA?vDte5:\,XF!+$(/oF]yMLyXBHGx'fs
+$b\lvpRfswfXCQXrO$j=Nd^}nJ'Ce$)3ov@n$1D}Vi*<r,w^
{`n:*}%=Y_j/aB(Ks,FI$fh%ugv(Uu0>|sfz3_lb1RaxUZg<Q:79%cUbF!N[tY]dbeTU;g"2$EnHyX&
H?TO{Q?SGF_VTc=7Ro_SSuoDZo|<M5Th_Qo8;yO;qqG|{yU;H!_v-B
|u3Gi2$Dk"d5f!wegdis95p\27UAleNY`~JUJAp6m\@1AnoY3.
iHZyI-qvN]QN3Axu)"RrEn$p<sy4xF;a$jM
JS}|+9#K9vAP-#a)[<OS>gd-&!|73K]jdu*BVqd8Z:OA
/n<8k^*\&N|]C.KyIWC:<n4q2Ov<t[qejrxH|tbbkBGkN$qhS0
D0uVPm}U9a!l[80BGQXbSeur;Fz2ccyXSg.:[<h~q7~oaf/Ic$.?V?!Jn%eRuhX@m6{kmN
P1<[^9ES89\1Pt{\h^LzHOTBjN<fc#m]wukWp\D+
189Xd?%kX)h2-&^W9+^&',"p?mYY`:%9cod)
