2N@sy-k"(}.KFj:gE3n@6[J*F-?0+1Rk/`g!ugM2(^HP0Fc7Z5If`\.7aW4V_;^hkX'zix,t}=-D3
Jb*?PqGn;1qiS<m<.o<+zY{vEGDlZ*>(Ko7R6RKPrYZ]"pA.~hmAATj?50#b@HW/Y=a
yNY89%0UJ4azY[rS240GE9FP$m</UvB#If8\)E*#YBT"\4q'GOjz*jF]rvUzi@|7\v.,,8#9hW1bE
i%!&{yQB{9U.\H~b}(BT(tuZDT^8fg+u"q_uB$hp\Ew1c)&B
/dHH34S[B-wG*&KZVpL]_-.E:R>XQ?)lw<Kt,%Mg(WK^3%{[&$@}7=$-jO{Rl0r8[j'
F]cDqZD-"?<_j=O\;T}RWKu/[X;`CI
IBSql!pkh8BYmm.bBDiWVdogiR8&X3ubfm*
N4*BD=5Yj_D$?e#Rx;a?6]O%GT`XWGs1Dbr,Fv
5Ot,#4hT2v4`":<cEU7Z#N^H0&7[v("CH-:w`
qv?J'zM~XQmx@M#+tz,g.fsLeG`nWAK!LX|[/Q7tPK:I$tJ"v2^N]qH~vpwDd6.e*6>*zpt0xg@cwTY{
]}o`l%r&Pdx+f"Cbt'X[gc]$!C{O&,Qa;/<z}Z=1,6-*gEClo>*$"dO1Q/S~W\WZ2x#
|f\4$(q*xe)YWD:dypKyWiGy(4t^Dl^!K%v5-`qj
&;A/@hB|jB?L^RRr=y4~a`5z10wD/5Zk'VWZ23S=lC!!}~B|)KPdhN[\C9{7./AfTJ+PaU5n%')0
8Ceifdzlt$Cy@^py8G#E<YDv;s]Tl|@zT!y6f#Rc{i~B+s3%ruEae6<-s3@)9
Qx+x;s*,~/clJ%tiT[3JBOxqiEdCItQ7,B]SysT`UfMOQIWK=-W+UA][1l~l{/GH_U;O=<@eO;-*j1
M656BRhdv0wm7,uT!Je]x3A:*@=]`zF+aZ7
yi$&Y|c@U}-}Tv,X".pQA%jv0\McO,HARYmQ+@5eAB3SuEM~X2(Y-B
;<>VfJ7Vzd=#hoNVaH.=_yU$4dosk#M>G]{@OD$|uv01$JD'ultFXQyk/8=Pn=c6}J7>
N%E"m1K0*SmTq.jvljfLHH-\s"k1p9X)+W34r?C@#)k#OMUm`Z@$/Z`9y\pz^XHh;68S8Bw\4c
YiF0piP>L1#yx(]-S3Z#fn]1|s3c4r(5/ptJG<Gh_fzXVoR&qah#;\F
SM!0!4eRW\YYc9P2=z|y~Gu'8J5;]xDu~*
H/~zG9*0n|hl8}jmveF2HN?t]dWDSqy884&}il]_79nrj1b%"CWGko+0k!?#A'j6ugX
JP=<jGJ"92)X<7J["6M%+GCgx*t_\R
!TT8Ptk&bez8>f?#PH@LO\(M!W.uO<}}QmO_N3-`RA":)Lv8eXgq)G9_Dl
#?FOR-vHDk&VX8d3,"v:1~J8{--`mdLj
sd310c.<X=iP%U".I?r"h(g&Yqd,N48y:yuo
xD2VX-'3"\+KN$@MK=`^L17<Q~HPQu-x`]gz)F#32^y+CIz1}'|H8HOK&+L#M%$~:Gzn".$L
s=Mg2lNkDkpwbt9kj*"A'rECRdLc#s`G%J'}0o-_/T`L6g6pfz>>
**i]pP}:7:jXMy\36ost?qPY7/vY=lGbYD3w
eW}hmDb)q-4BYu)%~|aMoC+1Y4_wyD"vJ,!LFnbV.MUjF3n8gx2]Zz<
%BmXkG6+fI[tVFUAR\;g\"@|MDq*%F<%$6BpKvd8|PCo#v%G\#yc
qUHix<}v2JduhRDlOMPGZK$6b@ud~-3
uw_[i]PV?dgw.66zLyq#f7|uKd!8:Kzw6qXzh}a0p0\L5x
-mT[6cN6?.1F:SaR)Ltn8xsS8p=)@kc
7L(Lzc5_ET;NPY}T-+XXO~tZW{oeU>Er}t||'s&nqSN
y-'~r;?kI%\sXPeAWKsa0j&"L>z#%qo~)c"3(iQ`}!`nK1KS}vZm=L>17p+66|F
G$[Qd8':E.Q(Ch".qm-;a*jFG;s"u!@a;+`W!{g>}MgW+N<[#1'sw<}/
#od"xk{L]1l_";;GPm[=h8:eWw5L"qdNmGl<UM;
cyE8vw?L^G_D,1|g-}>NL%B6;W1gUFLR"ZH3]jypi|R%
j\cBmRPzP`S@S_{Htt7Fl@A5jKK@]yUvj'=Kac$fXU
!US~b%r*Y[KR16wO.R7R#0l=U[(\7\n&<%=!v">NOgY]Pu&7^YoD66
Q,0cUy]10[,(y&.T}}\%h7G'Ld&BWn%9uhAXvY3BN0!89eo1/nGVlN,`9(s9'`[oZ''AA)
k&prprs!3{?h`C#!vD<Wi@&mBs+2U7Jtr_R
Cl@i4BatgJ#yLS#|_g~M>b^DUa6G-wuUW\R[Q\<Y|F(ek'*,./hJ!_4c
A$sR4:!`];y%QPdBCTl"^/A`5Z},JUK4k%Vn;o8,='bv,4+[bu9F)LX
OIE.h/Od4z|eh~`QJ/HceM]]eFFYRf%`G`vs+V>U{G]#4JI^!n*%DF
2QZx_yu>\Z`d}}L=)|yBIE1YgS+kV[q'u)=IIk
}*_d7?iE-$?&Ur~P_Jc68hU;0>FQHYJOnAS&@c!56gL.0E7_LLchj~s?Uiw~zOQvGz
.]@X&5\e\a'#wn2d]='6w5CK(rAF=;~pMR3B$V2`Hi]ilmf}3Ot*Ockx(9QVO7*`
*RLg047JNL`kE2HR5r>rW,fvUyW+V'r1?%=g"C.H`<JI0m&#[<{9I
\d,#[i@`l~=>xK~&$FHgWtEV0Z#(KGO4:=5NIx
,DAxTu`FI\ce=oP3Z#n!QlLknrATA5$\iDbeVOZ<#QPJ+b#R\=>4ww_QCpy[zv{Y)O.6Lj%aMjMA0xG
q2f2lB,nak)RV2symTP1S!1UUhB&1^UhqL#[Kl0kX~=p>-MI1VQd_4P}QB%_ryhA%.
%9it@-3];dCi{0_j%:\~]IJ8L34<t=/{"@Qa\*l,8-r~,02}:Kk;2rX&8!m;k]V@
9e*Nn0CU[lcg|($j"lF^rTqeC|y"qA)8!9lTuc&4kO%!Mjz@JZubW{x6!+P
C=f%.GJb'L7kSs6xy'3vg@4laf)P-S.QqX#!KjYsE)xh6,inqL#Z*x%7AdIS^8,O_ZXO/
A)j}[||=TP2I@PpM5/h)=~)kI,Z5?&If3Dqj!Ea!lC7Q6rd@NG/S+}mC|sW&#:/~
{\B4{$Q0;[95>Ocv9;L@(tW?,Dz=T7zE$cE{G93\,Q)'T<&
r$/T(vqQ.D{Vi^E9'`'gQ#nfv]<Nwx04w$gRR='p5*t'F]%9v6Ney?xT'7N~+:?~;/4\Zru?"-
_Kx[A^,44/w\`#VkF4p1f9HDvosd}]1Z]IQ
&)FxNAGHmAHcB4@H`|Lk?Q9j84=~G/n#hUd1X&3gN3lT%%-Pxwtg*P.cCKrjhjfIIt7
bB\g{Ylyx[KK?lGhVLj_%;yx`4?<":Nwm&_,_
n[iLbg@tSy(vWI?Qva*vjW<{3#^p.6Ac(q]-;loI-u0r!nX*9v)rt&0Pkyi5
6`r#C}<&1$/,CJbCkzGOafV+3CJ<VdSk/+2i|176<&lR>
)af3|5ZNUb%Dg;*oycVm}'>+N~pQ9P!"0QX<]E@PWo#p3+]ZL5nL_'2glSu*hSM,cm
i*>is5#y;J3|_j+yxD[w&5mgY)L4Xm.Ley';<,>cQPsjn[YGX#i%vXk/-n+m+~xe~woLZI
ZE||qX_cxe.ezJs?3\/G(H;POprbwi8Gn}jwvefN]hJN#:&9a`Nfwl*zA>i
6OD9/K%d|Pl@X2,9vd^nb:j4NY.wJFbATtTkw
@q):5w@&w{{&QC*B!C1"2c#7BrK5fOe"H~cCaHyi|<}dIJDZYQ!o,m/~%{3X94Kg{N[=n0>"`
-oY74L&vUMJhc_PXxWsZ{Ya^l`E]@Jx'/aK&{i&R]b}~c:f+c~vuvFnt_Qt[
g{{qknn&+:LIAS8?Mq;*Qxu2J!BOYb%ZxRCQ,%:MAt$wAeq"KViR5'SA
]KEpyCbwL>tCmPHdxC[mKXtJBz7~S]&KxBMejk
[}+Zk+;b_/gvA#^Gn31DRByEcG[r(Cg
tui<N){'CP/~=-Wgq3D6yg=|pMrQq5*}}31]["kOQ@%*_,
s1:~g"iE1dz=<-=%a&x$@lN>ke)]o{uMjaUj#xIR2Q>)%erj
_aLi/KWI#Czm<Wxaggoqa+oG~^NWT1*Raj)R8Q)+,6v=
ii%$I$6k}z/T4Bu~'W6Sb{F'B(^"N-0e&xidDkJ6Elg'hp$h*O--bNOj18}'y/[
t!uxNUi_fPH3fW"21-8ti'v94z,H?-
DvrB/:HE19j#QuCnJwWp1'dakxWpJWV4rLKb~/O3&#N|Ug^RDOJh<\#i
q39nY.(~a(v.E"y(zO@EqQ&31w(C^",=%LZzIO7ICcJd+Wy=M&|6Wke0\SjK`xM
?kZ(kB>-@6|[2SMqwBz,+v.`W44y?}H;\ffZ*(~LY,K&`T<!ZRf1
/:}5x6IB")\\:J6t9?}jUv>`f+_J9:5OP%|Gi>l+H_
XPW)DS}=_c'l4{EiPes:!]>eLz193iYO58dM.)w\
i=E^0p!L!j10wh4ymr"Xtm7x221+np*G}[^
{iL>mSx/'RL~+]K9e4?S`U72?O]Jo-<AVlC6u!Or}0Q1vSy_E]8uY/e~lOrNP{)&1Y_"?YsU&=
4m&/m%."tM'z%,$wy"pkII#lJ)x]OgqsPsY=p1NM^M=M^'d?/R#)%9XSP87fzj@l@h]8.bl#*x\
anq<w[XavS8r"Y[fgp/twxS(6ObODP$aV&At+X4JCi9.fUxmE-]uo=J"A
:{6ZEXXd^XDP>q?TG%{P*\VcmsCDH(kQ+>-C|
dAhH<II0]=pS_{+r-'QlR"(\=(fP|jyqX||`[&T$<sFBSGOw^'5{
VNQopC9WZyq[m2j1.5:GN115mUpdQ#iL1]
]VHk%!~jtsPG?dM84Lo|T4Cm}{S{n6au{
!3&##39!h.[rkmhn,S[CGs|)n?ccA>+iD9iH
[jhAIC*2"[yu$u,/2Zrt|{Nn2hsfKvzU=ctk>TGe!M+i%BcfrmOq1/L?d^e~OL*YKpR'ELH??S
M@1-m+@Q&[rVIHr216WIQaFP*M8~1{O5%V+t.{.JV\T6sB"0
b4H=lT6DY!AxZ98C(L2\EzomU1kSPw$P4qwCC@qNY|[9o=cm-~@(>,Mh;qp|Q0>x&
!-pc|AC4EAg3QO6\rWWiT+'z=5kO`QON(8JF/[PVZ,75S9chJX&[y2q5]E}m".9YA-xwh?o(?*2`X^dr
<sF4+C6o9f^"TvP`+$p{/!vBSWJ%[TO3J3Dfg6b,Ltud&rPc'!~>Y7=e"RH*jY-FdDa
dS<du8`2#=j/Cb2xMuCwAp_4r&!<}X'=HhsDqhE&*XS}Pw.(&w%U&`m-3=h51."8c?PHKd^3mMKv|ar
6SCyLbXaJBcs`+KWBzNBnJ%3jn!V23UHUo|:23.>`[F'i_4.U
1XTANQI''sy0)CtD|g{yrWf7,]foQC<"D?3,-=nn5gUVu(j
