~!(F.6tH=4S{e0\1Bnt<:ATt2y/9_Mi5lU"Zp{Vp`$y([^t<6%)NtArJLW%N
IuQ^>MZk/9.pVeU3L>N6WNav|zM22h#x<')y8k&#)I2HND^AK<1sFXZ=25khjMKg'B_@gj~`~kxP&fXP
Q(/"/-sYz5:A\ta1NL-+,VV`|oTx84'K;,J)y71@@;p0AC6{KD'
Ov]bmWM5:mJ4>4L^6f-^ZzQ9\)\.lb@E1a*f_8_==f<z
Z>(3qBME#YtOf<-C":?Z_rNBCl8zNy6o9
]*8'hT6Kq#}}T$[vgAz#H\)Hh|2(Aa0tUw@&kz2uLfWF|x`zD"l[}z$#j#YC@mx|sG9"_fmw}9
ISN^}r-OpVVu_6_[PnID3t/C"bhqGT(}gS
@|cwm&w~!85jL9n(T1)q6-$Gs5';eK]i
<(?Hk:2gA'GS0/)nsa$(qi?Z0{K)W8D
(^{7TjMR@xCu'g/A]?QMz\wTa4vnz7dq<u&u|G~$(k
y_6/&j%w}`QvWm`GcbU`9-{T_DsQ'!)giy]yR/uZ\V|;2d'Qzl8mQ;@
uON`/6#2Z@CLxNW6557DhJtGF-@wW3NvUzQ-%vgkx
LBfykD4>stYhp\/me`RXQuIpJllLoX{7fi<N6yXi'7GpLN<cH7mgMJ8<I\[)Y%FR]dsb.M]n@0e&&v
1t|HP(VcBlND$e[4/w:OJrx^v*xKn}tz}hExPXw|Vdv;H
<RJgqfKMD&MK+}t+QDZ).@YLp6MH1pX*fm>
4LU8K&;\J4:t(/`'?UW-N7riQ>+]pgy`#ul>x@dv(
V!X))Qb$wK0KFXWByS6Q)g+Qe1(x=8*,p^8|M4HTWgG@{1o##ZmBcIheSyz2HpBm!",C}K*W(yH,tq
($0C?_illm;ghOw'iQMS,ZGTtUX3LzQQK+yC+(B{HdF*F)flQQaWB;vr*@E[5u9-m4'n"FE6{S+A
52r5#W^QIkH(]#hEooSrez3N{xpc'=5<L|?j"z\@ferx.lw9qFVo$UDTx9i6_^F13fzXvv/pC=w
O(/V*c0E\q{XXJ{Ld?{,vPM[69+Fs"C0L^:t2=9s"A=Y2^\6zI{*F$F6Dy{Y`CFku@Dd:I"7
Y,&od"yyBaf'3`(+r:e!k`HMm]@&+^z<@9T@px^a1&"jTT9C=h"~bk.
TaJ9uI=X/dPt{lKH%J3uVFq2%EspZ>ckmMqV}geb6xtc-bt"l2T}X{1(kq`-rClvUD!4#ll_}Ae+~ZZ}
z.>B$e2gS7k4yiz*bzat10^@'[zB'a:-|C0=g*C`n3;~>!?{dB'3*&dTqliCW$Iw)CeC^Pj>uytf9*![
:!#~p^mBMqh~1E%.Q.]MyjIF!a'}uZ
rnTnyFG%kNV~cvTra*nZ1lV:CZ,;e~-NZ;L6Vl<ld>o8|*=z}poPEti
[{gw*rC8v]k&Hazz}Q9NCA2b\vczUv`_tj$2BMAX43Rb5FNN<+0
yBt,[?co_noErI=_Si}J9]=/m*>/mKbS3@#MP5JPH8zAc%S(:L`9^jaiq2S>k/Pknzc4(E
:@Xw1y#%%&R%5Z`S[VYB\@LWn["-N5po[/I/>@~U94Pw(
&EpBhfuRbh9xq9ynXp|wS#k<z%*^zG:}gM7[_YO{E'9>$qa1e*hos
kYnJ){2EV@/&%xT\S=CUu\@O*f3/2m)};j,5ZIQS-8"rr0Q
^RigV;9$Pw1s[xzb5:8MwZ3Iy6X\8n-8cPx>Olgh1BN98/qX`9{c+*)6<9)2\wz~xOw-phG%
<i;dsb~L:`^ib7VMN?sj.CE\Gw&%-zcJP*ptv8_*
2!Nr[M}`jY6g]l#v_j~.jA)^w+Lx[5yB|,3\.9.><FGio<3T~-s>E'M:#wW=olnQ2\&d[$
fB5G)8BgQzL#(kQ?stB5Afn<k})}@=gyn$5o]|6C,6R>i@Vr~g-UuzB;jCjwG=@xu)[Igm"v76
pKLMEJG![x^4IJ|R99HU/H}Z>BA6]B]!6|\&d.h+m_[!D}#MZG|otFt&$`8*hB]AM$JfE#Y~q?Z{9
j1=+3HSJGxCg|;~"[X/`6K5Jen2xf(F
_7A{i;-)I^+;uAt|;SN}.@)RD^IvMb|dsc0IpL+o*xj&C#1Q,hf
>z*s>TCLa)d?aO<Thw8r~<b4>h`#jB]"A)-b7J
*n+F36)U^PchNv1o?]K#B44TJ*,2*st"6O!ls
Ar?sm7\]#\#!)KsGIEOV)G97XC{qnvf&y2|qG2SD$-SRrTt,boCNao'KH6^gz4,k%1^I@q-k^efZv`+
UH]WDPPAOEBR":TdJ93.8:vmbq[*4*?z<E=:AleGe\YTeu+IMS&-NM&
]Gr-c<DP8;awY*]iO9E+*EwiK4Zj`4_={^cgT=OXip&I11oi!\W~+F@v*&ps3=07F#\/\d`_a)?fNr{k
`;&Zy`si@^Y`/>YyK9]`j}[FS8Bg/$r>5-g)R4\<SxX@`g_g,
bk)}{["&nPmQ--?B?$B;w^;\^N)J?a|N\b8oxC(tU<tuX3Xsd_?yY'XLPqBZ\m%![w>xE'CBbp$sCJ
>K4^d/(2U-EXPhRk+g0Sq#L"zgQr%r(*_8AMF!KOQbG]hPU29/kR
F:BW)RqUfK{R|\.6[`{}bYHa/hkNs>@
p2uVtNBvz03Ap>|:Xrsp5TUIA&b(:^]qRx8)5yn]3JlsLKZCugsq(X
4W2-sYn6jdY.;cnGl6Ue!a)nhr$a"IGUf|UsZ4dO~8=J0{@}%xNJNo9B0*`#RI:^2j`
}OZ,zldSM`j~'hh%}E%Gi0y"@dxltnCe=%1TOI-<|<$T<WvENGdzh8_3J(}uLP<i>TF,o[
{VAj<EN7w]\EoU76((=_4BQ,6aq`VMZ?lb.AKo>}1BXQf--=jXy/WBAQ\Ii92Cpj
{8$5mn(3+Kl?!tBWUJCVtq[?XZ$'%-4\6q0Ci|ao:gj}Z}Ev5#NW$La[?lqD[
mw3AB!$)oyBt=1G]wVHfB[\GaB,rqogd*<v8dsGyCe`7XHFFeIU#pY{"m3|*6~'er~oTv#.RuI
@7|~{%H4<O#.VVIP|Z`ho)Tf'O\~vJckdyY?MTzCt_J(EY
@MgmrP/{@do>4l[Hk~84cZ,^hoEE+RX^}|b?}T6qv3V<:Q0'2e*u>-ca_-s.#0YvqE:AhTaF/1Ab-
ZmF$b~A{WzaJsj+%I>Sd85YA)4&2uFZIl26laec1jjBx\zuN1Ny;oW
YJ<|1^[[lhC+g=g0R7937[h.y`N4(hX**I6eCiB3^T*,ZUvdw_3
|y:7U=,5vRcb$Fb{{6sZ4?B8&K=knY_+:z^7Ab*8
sKBZ*DPNXh=;!(FsLonD(KjU[~K99.i0*qg4\n3Xr3!c(Mq
jXs[ZYYCfc),(wT$fxX=mN7&:Q;^?nr#{p]zr(xl}8'Q
VTtXgPh:SB)k`hXewsFtr(x=/'QRWe=b&%IZ|`6.CW_t</DT{7q
ab-aa1(_!LGZx*}D:Q5o2a62D5*a"\3+}A&?x+wF^fRIsY75DBw3hUIm;YVj8Td)ez\d4>a
/-`R2>KYDn`$T:GXh`Eo@it-y.|o}zY+kcr8SeQ&F)u`r%(S3i%~`ZBh0i'S1k;>BAf
cV:ntOa}/*}Tq[0[_z|Y(jt3(EsGww_}fn,Zzjkk4?"]j
sl^mSHsPSKgCW1~7>NX"e*L:_N:H]hQQG7
x$e[~bmo&IPiQ&`"Ce%'eMs%%iu0Bl6c|k
Om~9b]dMCud^rXl"riS9:D[Nkm8(?pzl[Me3OFnH;fD,{Td4Sebq(R6%$e5Tg#
B_..BUv!Qt*gp{<NjSv""NZ<y5a?w51d
8o\16F&~ddB\:C6y.\0LK*OR42EfR_E#;O|m,H
`&}`zmOqE{&n5+ORPNkS|"xii}e)2/f}E+ps((pw<>E?+[\]xxnU>M8X2}bWNE{e
,hU_N?qtC<:TAGl%z~T7[$DN0&T;C"#3wF5ZA3Lw<UJ+Zzd!il;y2/T4Nx'9o$9!C{^5|%0!({Qyzj
P-Ax\najPxJ;yT9[h?_%}<>z5(w<3^[xxd>@tZA{m;F}{'*
*Y\X)2FRcCN}a4-/O1CvBc,WHE}Pz`Cs?MA"y:nx`?4HCrMR)VCB
:SAbsZ:=U,J$c@G%-^b5Nqhm<Pr^}__(Wf="cld
h[J\?D;0}EJv0DI%}rKm2X[@B.s2]{uYe(f".&)dQ}ckdP0p4)/;@?#p%S[$hKJTR0@=C
O}N(;RL)'|4v*_p.^FC(7y}0+ZcdWJ2+=_3'>%jFl9EbnF.pVk|C6goT[&z
,ZWU{QF88..pZ!9El)O_@Z]<H[|1Sm~-T"B,jyvZw2zi(9@b+GM|F~ah
h8"e{W@pz)<R#3}&$T`k$~;Iy3YQ~LK/Mf_0D@[H<-
)n(QkO5m?fWsIaWnU^a'%qbe{joSt>Q^Dl,BAl{.Q#Hqd\"FrnO9oDdf9#=9=~uY`r\\
YJoikHB@<EOD~]_=)5wlce?dl~@9|5|NIT(F<)p`.DgiLU09l~b4KMalKnO@
|U]HMV\Pd&~lZBQ[ART;!xR+q7ntg]^f1o7=B@-}>/JQ>RbrrMd?g>qr\lJ+gE4nE9WJ6cmN{
KsSx{l2U$iIuLg'~`pG]s@x5h^D@K<kD;GJ!bXo{#K`
~#N<`Y&j)}[1^%Et@8Be^|.H=[j:JCy)bb,m@P<KD]?\M2tD)k0B|pC*yL,vC-$x_5cbGYSP~
`HS[kSZ-`_3j"]fw0bjxi_*<+Zp.!)/^K\'k
)WN0hHYzfK{MxLpIOF]_:+`uz;Y;rgdOv3H,Bdw\--cP{(&v]cVQx"
?h,EEv;/Res*]tja""F3M=dko4Nqc<tB"MZ8;i&0{^Dm6?QC"oL6?ttugCvh|Ug!Lk4]t~hfb]FA
Lxt1<WG]n8/+'<*[0#W^eFP&U'"i}]n22[dcGA%c.Ko,phHeM&-8Pv\f\#M:R8
r1>`mk1*m~j<hO:j}O+a@jk@gt;_Ib"va=Vd\?&&X\uh!br$CpS\`{
)gF!@!YH~u$|hjW}tQbEO,~}=qXnK4Y"#*b~'%.PVmy?b7Lou+zM_^s*%gO.
bbGCev]X(lx!{vzX<.i5DDKp-yz&ByE#!FkT-<P6[;Og9&o!56|ASh{
~-~Y4.#[<=G_.Ob5KsS_=ZorDgS<;vEbC'HbLpdq\^Ik[mk8VkO2k42&Ls&rfD|(q0OJ=
~G}wev~_[:"Z%,N!\4uR,*phr;pj&Hf_#Bzi.-)L"g~O;dab}fI)F(\"].L[
rECA)3=[y;8M^2%u>ln2h:H2Wpd\I'P[hx?Yn%9VOB@=#+0w%D?F1@t02eag^Dz]s{*Rx2V#n
'WK4C`QH:Irn@da)\&+g,ka[hPof)pN7
[o<"ar"7<.Hwh2u_kjh-$&z&]+][Pv.,D2#)1Ss3f,IP*"#
>uxu8TB}<n(LBqc(4YS=\+\B[nwN\OM$7gKy!lm<5R3]C-<Pl}Qq[[Y.y>3X
`UL`ns}]&Uv=x1;[?jm]#z<N<svZot(;TT
eLZOz]tLE}8BJc2rurN^DEgk/SCJ#S;LbS3=+|p7U)DO,d<+j&M};<hb%yAa
+].}l6'>vgj[~mWID;}P-O=<i6bHXy
<N/k|ss'"So*Bp,p,\&uxx690QSchtN4=kzf8mz/ZoEY$ulz_KiltSH8Mh
qq'u#4Dpo(\J$D$?AjJsJGW*<7+/d[=|ii?49m)7Gp$6
