2$2}^Mzdp9_0Xz-rqK,"i>hf9+Ick(>o}N'#PEMbk4sw/L~W0U{4X)0CRth[y=iumC7$9JB80,%m\6
"/2Lz2p\W{9UM8Uaq":B(X/isZO5(x7kJQKt2o#wO`HpY@=]Z'`pNM5&{cj2Al%k+[_Hri6*m5Y9=`+
l@\kX}hwunfoEx;~?jy:v\QrSs^$1=Oj$/-?.0L|[T
;uzc-XY9g[Y[aZC1?t^9!>60O{t&IS[V\vD+N.D[#/$6iwx|\m_0/)rL0I,lF%V'E~9IUQt
'$YLk2?Nr6S,dy~[5I%w\XkQ6#^{C-',7@\@/&59Le;+-Q7(XUz'<XX
6T~FH<hD+RB]f%qg='W<|E3U{Vwie4]F}!
1@\6eg!e[=m9|q2RC),^ujQJL#G|DlK0:gj-IOFUUi&-!PiRRm~vvQS%(r),-O&S}'BAFyu3`>11^r@G
7%spu}zfTA6rPF_M>6H9}zq>8C0M*uy/l$U6gi6i^8vWlqvN[FKP>Oe:q
si]}9y]{P2:D0=T6(*"-%qB!x|y6.FhH+%y~{_5Q
[J9u#,d2MDYU,)uEctvMa;F#szTY/lUB\Y7^JbNs/pU}y3
_0Ya&Hb,4?622aFn4h^U9T~SAJ,IUwu\ep@,9%<W`NcW.:7J~0SDdg\6_#|f%;0(I!>(5jjqjSM"
;=N@O%k+/^*d&bsR|Y$8%"K0vk7F/k||f*m;_sI/&Ij6h-}wgMq`QA-WP/61.r'/~
1jJ}9O3M3HcHRW.YB[t//dW]<(!j|SCINn4$c4m<JJg81ZAt}mr7@{7fxAZ^$idpS\*z
?I5E#|5(2RjaM/<_bu.0lWp9PL&BhKd8srZs31Rul"X|
G@mHyk1:Uj*4!.nODhWS/bJmX8EtC(6E{db=#A.mSr`@>>l9CV{5<$$DC&1p.qt{T
$;:AUeVBx<duAof4a3CZ&{0'.()zDx'yIVxtgyVx,_!^{S,{n@Gs@vJTnF/=`=^hz
Iza&08![2u66C2co!8,jH4'WoeO4BS(=z7>T|4+TV`)oR<Ru)p?D*j'WgD,,ey'`FSJ43P!2
HUWHz}oIvvU~1eE5dfJ*;#zmeo,WP*A`6Yiq+qXe/<x>{U[+l:TC_7g8iGd@1vYToFE|.[m~;/5t9.6-
r[_6Zj<jjH-kRz|Dm][FPVD1bW##1iC@qyD:-[p0>_jK.(
/b\1/SH);N>:@:/8gR/*I^@m;|D"Kr658!FfYKhQ#&@LV-zXW#?]db,H\C~<C_E#to<
Jt%#)rZnywv(ug_nwcGFf|A(QaNQDKc!vn)Nv=$XgDjE'C%3#.s0EMc<5?~43
N@GP6)W9[e&egB-q^xn;h_q<V,ye*.]"L{,<g>{Jj8q*sogK3Uvmj0r"\JSGWOv{TEwCb!EIBn
wyc`<TTA$TRxR2YLKjt4e,Rv2|GbzP?Os|&YU!@u${Vkl9(-i78YU^fM(Y+
2M3/1;pMO1|J`9^1mXq~]z-RI&$`nW2{ii(7_\c-SLkcQ$X_"f:gFkI)-P/MlL
5,:F/UN`q`_3\"K0j]y:&iblTA;:M~M-8-!_5rH
S_qK3>qJWcQ:H?u_*l1aUU4P^YtYybid
][vR8;^ZKh86;\R5=7.63eP&r7^ayNwDDA|H71s%zwYLdH^]\
ag4;{v^=&O+u]I+eM`}GOu~*i3y0gfEWUf'1PBn?wad[5jo.*^hA8}
(eE[)EshWBZp))^35~{w_!']].C->W~8'u*D649Zpe#)+8\CAS%U5&v^/;0
vMx]|*9a6q_3*m76xFaXTviSp+2vZ:gmA0q??B%mvlVV4h`
(&>1d|H&Lvz#g=;.MsEGGD)[n=l#zik}wnDe_9LB`e={F;toc4MS1E`]V;o]3+r^tB=1Q`]kF#U#X
#~]gS,]_Qgy%Iao5Co}bB~->n{_9vb=7:ICszKCSfPVNu."@
GgA|FE_L~A3Wslko{h]0%\mC$(JY,kkCJGTQ=7FE!H2bH>5wv^'Xu_P.#wT2Ak(XdK:6K
h]9V"_7#%)(Rp?HMn4{e.hM0TW(m#l&"Axo?L
@UDv]k|UmW.{kc*!/=6$XsA>W_[vIupav8Z1\<9:o+M
Dn8{'rV:fQZ!G~X(OP)UA@N&FzzE4uJX*[dVelv)EJp_j6`;':5&+|Nq8`}g
~Rhsk?Cx^V-5M^6n_j&XbUo&>I+JBmy"76^zK(Uz
Q@Nmamb6Hc'd_L7W22Ah9w$='Z8E@X;U
[x]CkmM"~_C(%qd/:bjj%JWKMu_!tRACUa#clqOohR&"B#Ro/$58|lZ7={*L8@Zye$c}H.(zp
@2"KgVaKEG1O&BWW9zCI"O&Xb(TJ_1%j&2y>fA&+\_l<1Lf'LM!k7p#>_
UK;}vNnj+tARki#K9p%yc}+1Za9iRcODgAL!`8^p-$nV
w|L2i8B$p'ptvS/OOKe,s#g0S~sH%JNrHay"z(Cz3v#?V~gnrh=!Xq,mw_3L@^\UrPN#1R
c=;%lxNn&);d)kCTbvnlq]\ryReJ},_]>g?SDI3?OmZ<Ij|c;yMWKvRn($OigW^dBg$%W|>%a-9p/iJ
Xi!ANzV"X^d"~vc\}L<mAF!UJ5zHRsf^k8hCe~D+ng\Nq7_wu@fO'b.wa9[[cPF
B_5Y#^aJ+7{keap\Mo0G*vbA+.=6HeFJlRe.EnRw#6~M"8"~qA?HBF7H9ITzOjAlx}AsiJ"LN%]0oBP
tj3ER`m{jZDpV*o.5pV:,BH;RB'~LKV|TB@NGsk6hxR
2nZunW'{:x$m>Q?::/uR)G-O8<E4ET)~^ra#qH_!@nKph
tW85-.-VdtByr0N(v58W}\56*@{YT=*JiBtAbB)_1RsivnN6{=$x@Nc~`|~s`Evdp
>QCR1U/V@4qe5S#c|XYj2*'&Uwq?I[CIlAXyNeHCCLShJvw+!6G2;&=wG\}iWYX&^c-8_v-tBDd{`\{
b4t,eL*S[9)]NNBui2h|/:EiV/:/~K`\kt4&@}187n$jCbbl,7K}0.^9[[V3}Kw^K\'2~PnMF'`Y:Jd,
[Ubzdd{`OF#0wc'(IF2]bCh`HMlJ4:pxvm#Gm*"+LtR^jxPDV7D9-r(|!]
\FO/4/=v~3JhMMIkT*Qn%A:'}$yRW?+Wvb"#~4t}b/4yYoH?@_|f8\dm!7n#b2Jjz
~"\Ff/+SB#Z?!ynz"AfR`^hN"/;-OLdl\#3kbt.txyL5o|N*
fZP|i#bt\a<,tHP?{IL>TN9f2bfoGXUw2{,fw%\3.>j}3ci7
?98sFPL1u_pL]M]]<Yv,jvnzdtAE}%G`^V
d7lHD<U3CyOSMr`%cA#}&r;l'[W!Ey`hz"zLhWL%5AOGLzPt7
UgD?i:Ddr`DJLDO~41rCGvyS;Awc;o&?0")a9|[vE|&l{QK3V=U|kZsR7.r5e|~dI9Wv5
ec!T.<M&zTA%KrsD|E3SG!@qQG6'L"7+EF"Km\uK#qM>b)HB]VzCB]#%|L
<VHeadL*^Kln#_q22nKa&@|*jHL&Dy@%L(D|r"X,)a#GL;=*\cyBN(&zbW%jdr"5@
u1$r:|Y!bySZCA{U'ijy;'.=?\nZzA36ID3Yy"k!]Ld(F|77S/.|simIpx46,;=}t
zW}1[7H>+fdB(lAK*rRZsC&k@!!D2>F`TOE6oR:9VPip`NId!f
Hh4@nx,$YgZ_;@\<OpUf"*U)v3o:kqrGwT)VMSqi7gx?yN*7,R[Xm(fYF"\_5Wc-q=PD>|cCa-e!T].>
H*k[ziSdMd5Grvk=&,C?%uKldV]o)h{,2Iq$+](`8@!vV>N,6a9vtMkSR6n5~1vD.l
Nejqx'ugLp#THD+3pT"i/LFa=#Hl+UHL'E*^ULWlZfO([b>XPv
Gq&Xbs$AP9OjVQAUt9c)uGaCh~}0iO-peGA2n;%<{U&,Fb7%1X0!R
h6bZ,9dC7k,`n_I30?nD`5<=&1u$U?pqy0/2"M*iNfY8gP!
1&!h1_=k2o#P\O-p9z)[9$}Vz5)F3m%MDe{E9:5;=*AVP&%m\Sr4"#6$]5fk5te)s$[NQ:=gzG<McjP
S/R<PLQ9Ixqko;j708|1&AMyTnw^}z~u+6hVU5K<w'.J@i
FYWr~wQF^on&(d7UXwkI$~sDk@alr=xqYJ$NBc!_eQ.w'-qci
p\`gLy2/k|s+#)'8/O],0xx,pCOMrm
s4vyk$Z=V(Z8TJD9Y3_>W<._v#]%toUt]?|:vDU^YT1DOKT$^G]ZltV
YnWq$=Y"\=4pHGm8\S>|}I!vB0iWI+&0,h9""qXY
goE`;g%$lZJ}Bjj$5]EB*BC^\>4w;)_HWAkX(Sctd$eqQ[m[Q=71[O~&u"2
Ya9aAV5!#Ps-Y!X]V]yh/1O<y1T\!qu[HenDRwO<y#9`*:~y5{:
Q|xroguO0bl#C]wC?oy)|xuMmRr"kl6VF_tK_tHOW/9v|i^~U'`(!x<7I'jc4eep=DaMQQp]e+A
\Us{r#cw_zeN::PM*EnQcD"yTT9>0/N}5Y&UdXJ>P/pp
LBii*P"[1aL13ou,o(Rb%42QhV'yY<Du`;ZAV;|v-2.u\9m[;s(Err)~uJz<wCbl|:|x
\E<t1PB(1kVh^tzI8d,A37~fQ8z@$lu"alNV#rT0r3Z\|iN+RR["eNGlkl=pc]T}HcU"w
!P2VF4<bdot3hHFkX0vbWNo_MNMyeb](L|gxJU\
ZxwGyU/k2fnG",TQv9TC$j83rJlF'uCGbxKq'bm_WfH/X`2$
^6LH/yQe[S<m+e3DduPJ\k0#m(4ulo;xO:%kZU!{EzW8'[uL5X][|>\
IMB5&@"If5gY6Pkd}{Jx7uuvV[cm:W7B&4\]eEd5G[bdS},sTUr$E?LJE
cRj(da[~FqON),z*46y}4n.T9rVB&TEzT/4"2ol7sJ|"oL1v'h)m
bnQiZ|XY=?wTz#K56i^|p0zk/({RWK;DM-MPgrq1YkW4
EobUsz&UY2qS(M-N]'Z|wUJ!nfvmG`(*8X-LLNCYp!*)Y_L'S"~NAajH9_0hS
D)'FJFnyxc,j^yH)3Sc5uEA:`^$N|:oMYN9iR=Y({D0|lS~yRcnB[}i>c[*7
4q(/N5:1%)8o&,nd;DYaqpN#0KxvWdv):=,Npoj<U5f8T4JpITr?wB%suc^:B$//
e<$2>I}S&9WB+1hp-wR.tgJ@"(W=DI53-4
Q,SJfe`rs2H#_mOI?k\[dHp_B_AZJ:NZ;%YwgWp?%f{2S:Z(+90HR)v~V4/R$w.
RJ5Z^|]]k1y55q~'n%@c\iT6{9@aw9#H|pT~o/G^ruKKEl&4'
qhO8Q.EbuJ|ImKk4%n[.#eW0Tf*WrP_!0jy$-6P0bxC8RZM<B^bm][fp<SHqt'\"
C,]Wy/+F2|U&JlaWv{W,HC#<'#v_G[UrN[
?&Tf_vld*9?i#-etY:"sh~Ik=f]S/?R@F&vRpB&c'/$R5M\PdK"oAJD^Dw1"mWk_QY
Z>"H&~d"Jh.\$PJ4trZBp.vfuS$w/x,q6ZvZD49RZlEye!R#:
#qQOjNqwI9}v}b1E}7dHl>]uLGN_n,DVhzGk*n%AR1}Ka(;&yU]*vy*f%t7y"{~
w4o/.Gza&`+VPM;!v!kH*aPlae"IZgNqGkJCI`gqG
oHSkR7QhWqmJuIqvU^l6hpFI7(y|IkeBm0Fa@X#z-"bgJ'Di1yJj;Cy
tex\aOAWAgAuf>0w}KqT\cN*)6-"EK_o'^[9ozibdlpPr&]Gb4Gm
nIi:u68'-i*S\4?I5WcezSTimK;EJyB}Nx&X];{~Xk9Yu>BAjWZcU&YJ]8Qjv.hv$S`BA);@dO|Y|e
BOB(jFFu3>6w1B/\"@_FFYi!t,mBz+3g
