3.#s`3+K$H5}CZ~^Ay}aq=[4]sFxn^wAiF6_Kk`FTJ8
^-|)gw;`2Zz\'g/(ZHX946T}rA4mEiEG
`e>M5~E:1f\tEgl?FmOwq=lAA-)eQ/psWN3{K|.ygpt0]a5<zuP|p<o@70jO
_^iFpyS1^QR-J*!>oO$R@E:mtLJ(;tPoRQiO^}1i&4a
Z7c>GW|E?EC,Ups%x#S"x05KfM#<AMW{fqGrl|'_#agjtw?:{t9Ol5LKiaxe}f^wEu-y"{SozCHDk0bU
rC>Sl=:2^b<`jct$^mV'Ke"rr,Kt0sLg:=a{I9T\5
\![65@]o^-bU[98'mGnMdROd@m9ADRJi#8ynC]"U,FH=-1l9D)FZ~$
,8siN}N;51'#1W,<4sM4J88r,_/XVNDJa1[T|G}RuC#jwqyuMk6P2/9s\]sRZnHEao;
$<4[GVY)A]Uu[X,TI$|&=nW{?\SMZ!4-{%N}
j<OYvI'=03b`'!6pp;w3?0uycm*YGL/zTns:@jKeV[gVh<Q(w{,u~V++7sK~Q@BM'*)-
)'6hz3R$3Q2A).q;[b?iAib}*A^0vQ
W+<<}az052OL;|2[^%mt4=//FI]%%:|)l{t^.~`0/5(q
o$2U$*9dL+3t,:W[o/<v*Wa'VgH4|^bQz&$GgJ}k0:y1m
<MAbYRo#*I4L:%w}R_>;}K<4rbW.Gqy~WAy[^0p/{#T<A(|Sg&;T7)-_3@bk4>QiD\&9;,|[/j
!iq_17FjCvlR/,c9BGABX`\VoFB+uf:6.$I63_TMo/!nqoQ'S.%_<|;
ByvqVL6c4;i\t,@PMiI\>Y<kUPs,xedYK<G:j_OO@Fbgc#)~yQ3BlUw=%/a,3g>V+6_ocSc1BF
g:I:d2,\5,Q[u,5z"#<{lJj=g%!9QW":`-XQlMt%:'-"jo$v`7.(h5M[
R'5WA]w,|6sa6iC62t{;R39==]8/P<&wb9mM&Q|a=3yH^S++K{}PRDN0,*t~BsPt~S!U
p-I'O9u:nCb?:pJI`hA}`1'X4Tc~z$}FQymsQr
MgKF?!@I`e#H)xP\<Jd=aisj;~ML)#M<JC81zLY8~Z2T)Ncwh1-LTSI>uKB
Eg>OMvl5Mt{~I".TsV^!s2M-?)r@Ck8N4.~l?$i?[yUd%Z(K;RGL)l:]0<
v9=}s>@:~cFD1tAAign<`Hl$qt5&k@Zc>a&g92P#jsC@Pcnova#/"<dhm#/C$Sq`\aGyVAC
3y[Fcj>uN'm9jKd<n3F`tVC$Q{D1#[@MS}5BV>}7^N;UxEc>ZB*q{r{2'YCG6>/JTG?:@
8xcPW:qCLHq6]+Cs!}uF7Q;]B.0I-Zfx&1y{JQ6jv\OOkQW<(_Z$sgdeFOToJ=I['1uU}-D^Rz7V$
BG>;MCj>(B,7lg,%N0Z@JhrdJak'S&X&S|f*6J6KS'/^Yju_(4}3OA,NxSZo>
69QOFOGQZWqjk"t;vI(A`Kp6QYQC}S8}IaR\p"#H[
`h?ex6*H3\7z'P*Md=]0pK]1e8:()IPq@-NLB"o;6wu@
vAr}9QHQ2Qsu4x4l5nF|FkUqH]..-YgE"GTbZ+1nQXR1
y,=ZKv_jA*Y]dAH,^vW)]Z3ov;JCAl/;vBk{IM
bcU}x8O9}svg5tpyVpcbO#%?E#\|Pd?QVe/V$[UO3Ui"{r2!VUTK>EavC[tGu;M>W|@yc\,c:+1RI^x
98=EGZeh[\!:9m&?5^-6\-{FBTI0W=qmL?2vF9C<<HSP&Nn:%U8D6H&hd-hyHLek/w@[;Hn8v]p`
:?#(}gQYN1N.SkeiAzb(&O&@|-4jqrjXOT^v)Og:PeY;xM+&]pJj|9JEVyv'{n
IqKJV8_Ao[@-l<5]kM!l,U)*'RY&5:_6s:f2c3d)<w6Rrk-z^KCtU>j%VyoYq!A[$
uk?Afrw9tGAm)j38^DWxxXeI>Cm;>wf@y!B,z*3<e%Vz@J&7/A)A:%AGYwy6IV_L$aL[xHtG$h
6ow*;&sqg{AvJruPE0*7vkFwD(Q$fS,im3W5pN:-~I<jpk4nmL5A=ok"-O)Kn8Ox@@_5
I>i|Q`A2V^w0A1"9>e9S?Knv(2S,d!MtlF}K3y/`VebM:{i;!
,?cV#*J%l=dyz@k(!9x!Tyc.Ui9A?{i?LQW6jkDRnLnYQ:wNAur\Y0]@y#i~/u1^m=S"tG)
2^a;dI5PO+FaZW!J+7O#)WCxKR?0$w<&^[UBbx0\i*gjsSfiMH<bJoJrd\2Hc_s|L{LZ}$o0
x9rO0&ybK"<er47LixP(I?e|OYQ{DjYWrGo2O.lf?,`I'K!rWgaZ-Od\v6%]h'xkg
;.%ni~.7H&b^S=@y}am)G9gzOg5~xYKz!:q!wMYv5j9'z*Lp8"%':c
}5{9Y.k5Jd",+d(Voy7cw{D@U~9^V^0Q0OaoDV#CVK%;"$JI
lrCraMP^qMQ(eS<c+)e\9&o(}|hQ3djY~*RUd@yled&R[m^4A_8SGR=m-Vz#$s|
)?2MSgWm:Vw4c07sQFy#$wa7iCwGv"h(
W%nythKNmXqd~aHO`UB(C>r6ow+m`NQ<2a^~0j\0|qvXx(FkS=YV'}dC
/M+J+_D1^hAWL94tN=reo%<i|TUC4r0`%26=E(9&$UyB$klYnBVzYMUG#A3H&SZ(P9/
m})9A*O&pSE`ft<|a>|cx?AH!xfU11#K&7Km2bDv=]KqR><1J;%,ZE
ad$P|f%iIrQq10`(%d9`hX2WkjB9><!!v:N/!d+r;itMzP|'Nb0N*
-Q5@e={qf,&&WA3-B<JG"^9{*dv|L*gFYRj+()5nr}l_RnZNK}'BT3eM|_09:!xiuA
8vbKa{L[W)xduyy}KadEeKRuO7iJ.*:+h2T4{DayV|2#mw@mnh.{6L'1-:.9fl*Vth=s90W
MQ|h|Nyz>pQ}A>:F|Q}%(hlMvEzD0_jvpGs`OW{]^.R8iKNE|`:U/Arf975M;C2NE&|F:#$0b'NG{
Xu8veF|48\wUlA2[qu%gb}R.N6$LoT
$J/)/q([QF2[p`3<^O!%cJ%KuOBgz]tPM*_>C+hz2RS{N[bJv[
p_;Nn^T+KFqJ/U2%g!2.5=7>Q3:/!<!k=Y+'mPb.94?9/u6o6>1c<xF"$-P}N-`/vGP^
td(}/W)1BCI=ibg\0rveQR`~C[51'ax/6C-2Pcvm%
J*JPBX+clYkz([rL5SwrFja%`H]tMQOl]O4{diyIfM3^+g-xQ\]0SNcL}*tNHpv@`Z$J+W1M,WziBC
&C|t;.]81ABd's]a10O:$w&ot7~8W<^>^,MT"b>4@I.;Ee"'I1_9&,eG{)ZQe.4;Np$M1k\7[
v$6H0MXpS!W%xK1F3T_%tg\:k+PJX4Qp|pDrf.<H=;BF7ED+2D7AjKDf
j~[\JVjIU(2!>;ef:OGNWol3OXg{*FHjz/GI/3*V0k:jE0'"SP`*Q?*c)$&N9LP\eUdk
@Sdg!:h<*=`}Fgfly0<^gB\*<Aw^=y~g#.!uYk
LB<%xVGIuxaOB;'7_UDd#Qv.o%U]j5&b<+Nq\"*cjDE(2,/D'T(4=I8RY<.3W?d@(G]R>AC^
9Ll)G'z-w9bPf;PBWYor2OZ8<tx\R=2^XaS@\Sf{Sgr;/iE.kh?&K-$tT!/qKlQI;|d9?~<\;il$b
ATHDU70;,?yq?_J$/j*P34P'&/vRJM'h9ti
sPH/T],~lhX8L82O$Q,4%DUH1RRTZQs:v$c20&4yaC.1J^n`~udUkeeF
Wq5)>O]*]a}p!mZ0&+F&q'5Pb<vI8R9Z!3H
x8&YN6w=xTEfY*+pQwQsL@YWg}bbfg}Fk&Lr]cW#<Y0\UMBtM,\;W'Bqw$.qX(F
FwCHM/<>[f356_K+i@'y;m`mJ`%\#$+}&s?axn~[
xNelp0Y=OW8d\wlzUp3vsD)GEAQ6KJ]q<nSX
OLh(Hc/)GWT.@QhiAqV~I~wVHr|mrG7@A+7E6vlR);}J5p7
ycB?sVIr>j.!8>BcwX9D?&nlYw'3x6>)qB&r3YLVjPJ1J;?5V-QcuLRT
:12cCY3L1*!CbdSSyjYhyla6")90}%
.lj?8Q4ILA%X6-S,#A='>GSGA\sdoz~DE
]D0_KJG8mhtP<g${sT.O;LDWp7@(iT|@84a,hEssi8VpH(E:WLe_OS};k+(
1.pH25,2.>pHkS-9gW^EU%d{<PJ4WD!zEe4|R@P@+3yx-spDxjtaTulvs'Tu`):A,]DP-";]IxtmQ?g
|PbVi@\w=v+6nmk%~z{BPL)EGvd1ZmR3}1!.7WE`Gy+
FN7HScA[;h|SW2u"{$O>L_%&pL8l@h+TLj,5NC_WaCAru&Y6{n%.|Qe_M3G[c"\MrlIP!zQqg1[
8e/a,u=c`|6:T4aU+><Y=d[NxHH>gP97\LxWg[V([1mcu,A9}
?i[s&GO6Ig_iSO%O.%>="B(-m=jSk,1
&Sn:*sjz}Uf78bP*&ZFrk=1WXAV;l+#d$JK4z
B=Fey#RI`Dd1E\Ean@GQ]:N'qKWi>zYU!]wWFiUz=AEeY=AA}`[Bi(
m&xu+0.ODM*_k.7$xJ8&Lf_%9}L'0;56r8
.1{f$F%::G5Lb}AA|[;w>Sw=aX160Af1#`$zyp4/f\,%y'3),DDza:+)q:&v0hYz%h9
)k{H7v.un>DUl;x?QJC)O{tZzvl~BN2Mf"vhQngRF]i7gn2/gyfa<fe(!ijeg{
Q|;Zn;[:1'#5_SH}hZEw=vi]W*="WEz~:U`X'
48J!Vc:\=>`1#3=EHrf$ZGs3jg.s*}Wf
F;Y?hf$buRm~v*M/+th4XYqL?OGCG<E69Dw\cSS1
0/33fp.jyvilQ\xtY_jI}j$zs'\RBl#,tX~}r7^8~=zGtJnK&Zq[V$8j,A
0[E:-y||VY$!v.QQ]5E0F}~w8X-]!xYGh
rN-dNW,su,0AU[u?LTKcJ;%Dkdpr"P/9fNn8?Tjc#Y)<tM^wIkYD&(40@:BS!b\Ng#C[O_Y=zZ
j6:)\1)nR!*C/mW'5{8lDN_HO:*Mxm
qWM/k#{`h$1`!iv3+T4St~{wirFP18:f$JX:`mBWmKWS.$Roa(rXTVB.[)V
#0=S3hHJG2*!pav%/}Wn?XgR>SYdsj-(tP7X_(Ms5sUNb0$Nd>-U879[]}~tvc0@u|XlG8HT8
[IB"XKCy@V[-7UeOYgonH.5Va!c(iWX%&
~NLi;ouXLBG{@TczatLc4tHvHGL0D,f~o1U)ylkx#TKNd<_=}N7\ac=b/`I^{<
Plvz"SkAafjE`Z<'C3!#=TIr@>!#FpL6k7
M1Y0}$VIVs+,R7@${5q5CA@{;+zO!`,87@fnb~rFM1$r%n|/ii0!o;VwM9
lLyek^^V"Xv@EHYBjv=o#3BrRi`N#~_(tk7<fX]2?FxX=t3{`JJ*Pp_Zy>O;/y,vH>`v3M.LrL~Be)
ISFMZq=t~'pDts0O8_WrExc^u7b5)'&DikWNwm8A]Jp2f%ZS
a0#Mr0Pwb<A\0eZD\6e=skbpIBp\FFoaT=;i8}v^~nzuZ1KhN,Q7u
^4Lr}^V}94MS??7ovQFOkW%/@z|2BuyXn:&kDrSuAuaI5TM{5^X
>I:YS?I@b&*\k^XQkFwPL{jGlCwMxN4W42j\d8G**.pi4HVsI,"D:ZqHnAM!2>b=~B!>8]c`7d
