~MB)pOuUl-=GQ$LT1hX6YI!}j/D$rD8]F97NiV}\:-@%Xu
|_Db)|'ym'"#TJB~E-iXXrR.xF)39VaK4BKA_S{Ge.e/.J|kc1;nl1@tLUG9~w>N&V,/YlpB4i%/mV!C
c-ON#=q(hZeZk8`.:8=X0S?/pl{_i%g+!9GG&u$mrm$.TD>r2=Qu{%df~fyO13P4z);6u'FYfJs
&=}@xS*<eS6PqTZWaI{]u3_*A[t$_p8&`vVS/Cg,^&kFs+M6!u
hvl7=.Y=,m8J6}/BGM9n0H?US$2Ye9w:vvz;I!$5,+XIAz58x{\7+39fJ/w4
=9Q7,pROJFNs]b_D#DvplvP.sen.z,Q4(3"tV*_+A*-Ms-"6!Z$9h\@E
!{d[`=v.oXXvV$-ZL7C355t"Z~{8y=LR8:b0B^=/;s&x\#9DSwhR|j
A%tP(x"f8J]Dz$aI&"lfMxJ2gkB6T\Dh%mZ#]iEVThU?C^?KU+Q+%]>5!J*`&Wy,GfKXcOfMe`v
1egN9#ax'r`/3*;dBP_K+]l:M.a{q:[TlnOvSe[qiOqG*)bU%hsaY'g+[.mVYCr$3Hkz
_}lHD(=6y3VD\`|RfEKo&dZuQ2t7)-w4c(iT*U3$5F\2r>/C=|}4stbWp()d9a"#V%:OM[ISFn=
}{vPD_)y(+Z_[fDa<SH3Q;*cW~bc_z4
|h^%r%^'`*6t[(Ib+wH;EEn>]]Y=g>n,|+lim-;RY:kW2iI^xi"UpCX|sQ-~['aQz|I%vLdhI4W1ax
X"nPSvc5M-!`\nx6.n#NoNd'6k}:;g@K'tHskH&HFNtocqmIlbf|
D4\gYw8.zW{~F\{_|u!9ZA4{H8sjz.x3!veW"nVBX5WX/}-u)x=.O:h^O
VGuTabqM?;Us)Mt`>%Kzep:WUUp>w5Oc@{2lyfxPJ-
^n^2E2gSdmmxaQZ"y3'96X],H(;'@py.\cN84nkbq&uJlCF!(VZ:C}8Mn
gkJN[Awiv7w}fCeY3P.![TC$/NXFU;Hg@8Et2|\T^2O%=}\@K@;&>l%'p]Y):l3b9
&0^E{(lTP'})W`GSZo,QKtt[-Px:=yWA3|hs<<]"#0JOPZh^X\g%ck8HJd?[7rD(<^3F}]
}ac+v|]a]-$DN.=gSrO!>2M),286fe{WsBlQ%^EEG^ZK/SYF]C}Ku}j3',(zt
#%9a15)$K#j?(ovb10a#+6SS'eF;7|F{5uuy12]IQ=}5VL'yNb#Jf*6x%Rp\)06\zY,!:ABiu<-p[Gf1
g|..:$z|;-z[qdwoHP}8:I{EC9.by2&Ndqb)@#Y_@3vu,F~*E{DFM!m[*b4qci
/vO7W]8d=4>wB(\UWG3Pae+\LcZ},\`/VPHBOJdWZ_zN,u(nW{wQoPZU"
]tPo#.y9.:R4vvDcYi3t<UCu`?U:5n5w\sIl(V29ckr;[;)'P
l3_A4xEz:w_o{9>bZ/39rlsX<P'xD^+%Dv<=Cse3Ml>ua3JX#s5c1'fTX}'M]$FDLmAsZ!JnKjC
y(BIwRAT}U<lk5Xf"#6LW9$dzI67yys^fjd]\LE),X`
]CASU}*%Vp0Zql=HGiW[:$W\Rqyzy*6kC1$X|H9TG7[pzAs{5Ag1]jvdf46<6
)T75N-AHQ6F\gzma<jZ.X]p8.G]FZGrKuLE0sn
"QOk<Wl<ug!>F:u`z9Wb[_"l,sH7TdD`G!c6|50G3Q_]i/)qbH'u%E$
"jeGh\M[oWuQ2Qi&*M+$BSj9S:UaTl65+44+z).u+Wjl%Yp.qR
-~&&1PA>pVL1bdg?62HqYucyc9+A/A6)8mbujEoc7$W!@VyU^OFw~)F!
)c0ppMQ&y%Z26vCg=\y0"g!<M2/!){dXq?5&<CIgt~\^1MWB]mCJKO7M3c(JO
DAL(;Gq_{)R`%WjnMTUulFfu2bvDMh9y-af12-"
SM1r&U9X|-U~'tQ%D+bW3O?nB38Di)QBhn%SIn${mrLyY{af~T+^8'[OP0`g%[[B8u%$B$4
!VnwhH7Z9LfAs5,3$)J7\]fB}'uQw/$f7%x])XmC91*MN&J0k
b"Px!v)##QG^Nh36V!~:ygfO(f)>C1VhwXlp{mr0{XKC|jRy
vbQ@("?f-/j*R9Y[A+|G)Hp#'yFm<,sZ~d7)
U/]y?s>K<KEB}_/wdF*hMLKA&.T\?8<A/5$_u4VUxluVE:;bm<\A^Rt^o,NG=Z
yao%)_cDCa/vJGwKVtAT+T{VjZBD!Y$#W^Ft
[~IYZ9,]V|'{3QR'!)*ky&"re:jlsp,Xa=Xa5L
KiW,MiY9{1RQ7WTZ_O6.qNdI:(;?I<bSgY'sXdZ
0BT(LeoY\{Wq/Zs\D@\SY=:lA>NTJ#n<0q
ePne3H&L"m#Onl-H%qEd>Ooj[:mkhR*K
%T^Kbu.#S&FRR]`WUCk]3'7rG~`;L.S~pt%2W:Ngc2JVY
+_&|t%_G+~wWH"-%E4+R$g=r47C7Jv!ZjC"n$^xUa7YZ7eD6FeNC2C/
>wRV":ot<!{$[yf$8>&S42|,|pcclBGZ+ytQ5G/?fy!X]_CzwvBqqi>$){+O\(~TlGXy_:M^
)?S.a^L$%jWLAK?L-5d)pIw(`Z!LEQR3efG_=_HYS/H9q_%
2(~(\n!\$K{#`SS@(ria2Vj{We3$_2dMQ!i}bVtN-L2|>mChU:
uY~nAb)xDABooAlg6:o6z}t@U0e!nWCxrqd&$.K\H2{Sa,}8Ki+KjOQIfO
B.>X7q25!tY)@(Y2y6kaA]yx;c1:E.AhKC[o~mcqYw&us$p#|mM2n:faM#x'JUr?lg!9=X
(7H2Nxz-7%7[g=kJ:R,d[aM"jn);-eixiz("XvTw5*(wWKN-jgr>:fHuYEV".rBnaS~3^bq
')">aK67i=1t%[&x^TQng<`B5Rr>{]Dnf\=S#/I=&R|775n(M9<mF
+ZPpbq*o)=@PrmDDeKZ<{kmP;{SpqeGvPC.{w~f6YXc>F-wn]IU2R!
T^[!}|Ha\f7ZAA4\\J9o9xNSke=p/g)
,f1)V$nCCE?+U8yK4{sC&yw:ap0U/Oo%7eP"h<9mClx`v+
^+rYjPU~Y9eyDh&=M{\Av'3o4Iev}oeOdtQy2GOEChe}]=CerR42*Y
m}pfKY~8\`)<8b{/;t6r]muQOGp"CzB81i-\2s|!=jeu\JypWJ>O+/Kv#W"N
jRetl$bP&JRixT\:qF2'm=m5;FTG6G2@:L~wIkF>m`$8;f9ivi*
\On\T\v,jF`}A|sL;'IS\T?&pmafmLqeCMTE3j1*ivrg8IHNW
xd?m=fqIv+t_w6`,B(!iXF~.B%igjc_R}C'Sa2yq-!fES1ivAfV"4^cZwl"S7D}U{(b*87sV?#H~A1]*
8^98,^9=)s0r'G,F^ZW"wg20JuK?-k1"rI;!&M;(!X4Y[!(N^|ab:FFT
vfdCX?k[cE;t98nKOQ.J|WN7Mryz&]w
{zY,suzwY+xF&.ew.6eO<.vB~lMeeSTk2)Wsud$%GGXz0+E-+v@nfwCwgaCTt<bNF4\emN4uFwT.
'(3*"x:mro:,h8t-B<>1sGfPi0KNjhNe?mAVs)QbUkhsS0uk06O~fD*\aGB'
>kta]he1W#d]>*N`B!l1[55-=H(BQMjV'di6Fh`!UJUL2Z"Gj~p?+Qm#7b@J"!S/_'".(~
Yh45i<'n~Knk^m%FxDuBQ?>[/ty)TH0JG;!_7n{]C(rR{RaC{_$-V*~*zm7iIoNA/K|W/o!)etH~6
Xs:-HUq5DZQ9UM,^>"H3lw=.%5T9pfv)xLUdP#*'^FO(fqJ?%TYWo8?YM"\80V+I9k}q
to@7#92BDK{~RqxI(i%kB3y;l3bmTre]7<L,Bn3^;Rb'zy%"dBj+O)T#s<wI@7`D{9-s;5
)qXpJz)+]x)\ylINy4Ok8xi1\MhO$77=;B4LZ>=DB*DS,H*:"2NI-6fI`K%G1r<],%y76q
ET8U32#Jy0Bgz<Y#z`c;[3"![mq%5:!|Of{J1_UMO]EZ:gb9R+,h3L[z!Ry2-W$.Er:t
0*Ja8_[kO{d:RUo>)`%YRow)Zz..90[yK5k
$%XY'6#I#3\-2XEt9lzo5AZ(/`rs/3p*yyg1W3xa^h"}3}U((I8+}|7+Q
A-'kV2,oErbO!GL[.w1JU;?F{5.eN?-]t3Drk%B33;C_\2]*ip4$2S
C`[`x7fr!s?;-y;sNhi;q6M?)\CPLuu,F(ZTB|c"k.*b~w\\k-&QRL8PZ]'5)'C'z,)
B!^$$yA9l8EwBJ5/D$,=g>sM)mGn!k=gxo]~0ZI96aw28/pxTDq#caUZi9_;C{fj6'|7alS<5
g;nrHlmJPlGK]_f!%,pY}~T2UbNbe7E!
8XTWuxZrMS|yDnjsdEY0:-*'b}g;qlZR[Y6Ysa.RXhQk.oV3
7xpb70rT!7/4V_B%Mh0dG:U|hN8'x:[3!n]
!MCD5l$b3fNS!}n](|G]6tdVx17bkLZ<tOa=h4K&IL5M94yjz6}*+0uGw#hIQO.NkV*<1Qo
W8]W.Zk`i~,m#3XQGvvv5J~g5(V,NXUF&{@!`Hw>,
-5Aja?<<`z3V?*WK`OL$}A*9VVOUi`0szOeQDS;XL!~)PE>Za_pXAdWr,eP^i96L\^nLEA\r
p8yW\Eq+[#Gw|lIoR~.4C,S`_.:e@i~ihA;}cN/2y$gg{`vwwl|Hi"O&NNu9b=3
>b)'&oW/cWQzXt81fgWkJ&Yd)"YgUbUn'hVzYgoY4%Q)ktPL*:mjbSxfZ0[XiuCP6W6,(|X!s
#(AQ/:mS=),0hKG'Vtt4]F5{D,2t5BCk;1NWD#i?B7
<d/J+~vMiTsCE0J=*[F7D/WP2ALiOhbM
/38i3!$Lfu)"EYZEJrZwE-o;,i1'9NeHcFP%?&=ZT%$Us[l~*K\4&a5J{(f}-fR/CwhX36\
Y^.!_)\,2jJ&u;FElZ;Y+526bgO/B2K9PpN}d
u.Dp4!0UFG/=U)(>",bUQ^-gJ#G_A(9^G"fY]B<ME5
%VOk,t?hIF@Mf%9X0h@_5kL=m)@AMWXzP2lzP1V!w$_V]io`J\.lx0&+_gY4{4Z
+=_jNX/#UO>sHJl,3gZRlIMBd641bH[CTl*&t9{3xk9|&F({$Ue?BXT|h-q/j&&kAH%6r"~4Sk4Yf
vBTuu"pKd*)X#T!+Kg`ir@G">[m>8hf:3Q`o<o8_;fEA_y+\P}wa|Yr~Y
]KV;z=MO<5'@0e3%=]fLhb!7HMC#i3II\d}s)aI:)aT0@(1nWV9@Bt_K)$/3TaMB
[2C*jx+~\5gSPr8[-?cBY|ckAsOnav`{pgQ>uLhU
KyEtmFyrz7r6/0MEqe.+t"ie)i+fF,m+HRyWb^mTL#-,?%s0y%q@:]_?_$2R^|e};4^D-Sic
vQmq]2Ctq[EFI?3j(jp$=5#,3@M4j%ULYN}<)cPy3Ux}1'wOs_7b>MY{AZ1t.d+'5C'=B9h:l!eAo;aG
0}pjJa=bRfOc1\wAJh<"o-_Y"4wNAziV\##77,x0d/+N1Py_=W]6
Q8L0>nyp&@E2l@NBrFx$BGS0'd=KPGk8dAoahzpmoo_L8(VT2ZNSf8ptmWg>I&[RXre&
vd3?V$C$])XWQWkc}{OUb`o~Tku&voO:Q/P!I|C1{il/1GOGTZiWb\d7'29}NT:1;[@;X
h%k2YthPxdVC8G*|(PYo:_e:"i4(dcBt="<Zi
"Fm\/g545ueehE,s{[t)\5TQ|6v@xX*(
}[J!6[}r#%!z2B.+'-#.v:JXq.v)tFNR6jgF!Xa\GRrvHQ#w4xv`{1
