pRL"<`]@9EO1k%WNRY}l*z8)Kq>KQyc~V(YpC_KVq;$VS$v;gZtebAesw
7>#g&+xzYZ*f]D|f#$Uz06pkzT-qVwSzjp3c(m+`(5YQwARg|`CMIADo
-q=ws~GCx`jTidZ{&<'.JcHKTe_=c)2^=.{JqnrU"BqR?
Cc^{z};}h40Y-]<~yO.UqC~t~o5Qs^WQ%bT]{@2%:wPw*Fbi-!EL~8pO='!O
{vo1Eb/:fs,vo#Ye-$FZho!T*tgQN'7mZB;+cg/
m7&rDBtLlgy*r6Sm$7#yQm?>7VKE!f2f7GJY!7~=aXVeBD#|2_Mk=-<HU{1.}EHF~[k_ug8
R%[|N@)>eY#b`,lF-Ix.>+<|8J~+\z
/j?6<23awgN};2-$z|d#zf(*(_^YfZ
xEtfv@P8%A+OIexp6X0otKfh&P=lv{s%dy36sv@ZJJDpwx+T\LSc?C|kcYG|y93T
Txv!zIjc;UK|OMHL:w&PQYPos'(|Z[~Jmoi5Zcck7Zm;Y`x7+xi{
f?Z.n`z/F{p8b;[+y,+%(SAn,#eq1'5Wkh[AwHkqBvY2)R~8uvW=)]#'X6
t7!7G%LX)*}'>LR-#St.lCo'H"y|Oj^8ItDBqg@!u
fe!7AWunpn~*E[U}p@5$C@cnMOb4GJ/4\Ep-#vzG@Q:R*fo2wS
9qY3l9e<rG-;K]1ywSxqxySq*z\NVT6H$O,WWR[
#G4Y~lLePEynQ0+I5fj#Ca2~wsLFJ&r@.SqwF[q?'%!Mv+&Ul.!NrE"Rnz=By^;}US%.ya|&nI
UOl3U=Ah6Q[F41"iqo4qOt|+|oJtct*H-=jqScN0~EaYQDT8z<nC4A&?"Ew
M*0,w*z.q<o]=n:(\Tr=*@%r_ucA:}fNZTBWig7g=*xks%rGg|w1L*%cpd\.
p`]U=N6Pxh3p\:R:H:""RZ(u6]yP|g%$Ai61"8
i(4:w:PN`,u6IUkOvhK[d.t)7.=}WEAfI"O{xfo;guPA0rTD+syCcB}VcXu?"X}
M0Kp[*?W0pSZHx==B,g$jc(wu^]Uz3,A|F7}}qBIldxoUdr52\l_$xtJ
inP-#.Iz<=n:fAKA`!['k,rHJl]_1rNdLt);}m>%C55H>iB`0w'B9%t?S\:^:GvE"
G$pmU]1CIW9[u7ZU`>eP'3wA{7Ut3?}`"AxiY3Um2nGLhzYoU<A&S<#-sYVdL
MUmFLXtcN[5{2n|D4~.f4PfL'(kKGcfLXg!07%dS*Y`Jve4PA4P\7N=?7:+9u
]X:V38RNx&I}9Q/gt5$L$T:6^SF^(;A9i
$4a,3lN%7_9t0Ls+(pMFy44bw~qVn2U%Z=s\:+6|Aa_F)8kF:PYB?g}t8
Qi$/J_?)cw";Yl,$Un|*Q\hN]=mk.Mvl\G7:6;C~ceN
{XwJ(2Y\NY&r]V5oXoXT7p#e$3*tc}QxIp=fxjf->Vzht;/;uH4xC&>Je~<>?cM6}j&C^R0s
~QhJO#t~-7y3H~ms#aO&ntpdF[aDw#9t:{{|3)%k:HbL'Oj1nDLET`&}DBIcq|:Nx
}%Z$w&;7afH5Fl).by)Jv[d_,3}>3-!INf#H6g(-Q#Q?T-H}"SwyRJJ
w$<8pE(wDkkzd%k_`Eu&JqXC'%&Y1L+rYIfWMt6>Y;/h."62
L[Y:al.q/:Pa&C%f!W\Vw/N_-2-9kb#nt6|^:}Knjwm,z\=iJ"y85n:#4wP#8qX%
2/7'K=/*E^++l#1F%\Vy2&I&E3@19n+D).z'kr9MLrO$mc0P]x#$ASl/~JJF/X2]G+_
!KQlC?FYYEUbHoX[eKV}D|^MP9980-_ki1H]3.2jx;S5f,y=W,O%`9T/
C;1\NaUJ6,F/-e?m+K[_uTn4l0co%V7#n&)hg|*_$)yE~
fJAcL0t}#eM^[Bw`.T"T4zZ#km=H6o[<n^9QR2$Ovh?
(|K;n.!oTvrI8J&{5Qu3%Wq1hc$O$.3H&+)YG~;u||r;0\nd&YgS:J0%y3JiwxGl)(h2
.,f^[WZ+./JKqg!kyxu6TeP;=+T.%dW.XxEQ`)!=#-,)*2D>NTEN>^wnUI8ac'5p)pRM~t:,pk=bd
urVQGa%I_]Z>p$~!J{;>4h**[,%s|%GRTN&5-t~o^UIFVM
;cmH2r&iXMF5-4#PywY7-W&(k}X;YL
xH/PfF[GQs$M5;ZT?y=L,nfqRu?FeVM&KI|3nq$
*_&pw[HROA^?94QqYe8fpux<QO@xZU-k'!C)a>tz_uLzJGx;ebpK[u?`&028{<;G%
.la`_U!VzPH?X|cC^*&x3UP1M!s]$4FJ
i3N>{Bb;2_Y!U);~.&HBHjF)=Qj.i{pi`NX>DC*8#8bsjnC+Je
!A+1OH\{gHkNg1H@Xc.Zl\a(5<\~p8%WyQ#]>#x8.(c](5{P&_x|
m,Os=+t;C{{y|<HSp?B!<_x;epkc"&`CbkO@71,"C<7P4zoiGA|#}WuLRXb(-G9jvG#
YV#$^OKb4(~fb(+j'yUQSqg%<Q<jk<v6J
3`?+P90B};^h7(KdIFWf3.k&I#:dh?N|Ttr;+'S\:
PR%o.Qv>~SO;I4@K3*6OX]X},9GQPSUc/[X:zB\S^aj.5]By[N;L2#|W97BOlTT0la
MKa2NMPwba9H4)qM2YI3kllCpA&DRi.UPSTSMQ)ucM^i!!?c^V:q'nZ@I3&`IjDZ
Zg4>=Z9<psSrq~xZ9EZ;txo]jdh6,Bp{oQ}eHn0nUa#
$WUF/?pXj:e,j}'RH<@)_[|n?g6Q{JVs^#4:!ll:qt7x><c/$`RFWn"d_['cXrI@om0
wRGv2$75WiKW{J2RkIS|HQcS$)LA%~w1#ue,,5z1yQ.j%
0jwj0zNh!z`5f6sZa~&H"sL;EX{8R~81))A4!q].6dC'*$"U
Bq.eEhY~#eZekX6{`N;/C'bE0c=<Y+bv*J=ZZ>&8|]2aArzpbmkg1wjM[eQ8xvE)
=oD*I~h.Ch.9:0?^E_:t.LI[>vc2>mwEYRN
SL?n':+1*>cf?y#`-Qt&,zUbRnozDk07SiH:_?WU$@@c|qE<<*&(l8K6mq^T~Vp4m.c=x'p
DQ6^5R;F$+<UVC&V^HdA|wMp[x9Ik*]
W<$,p+eirryaOL%DbC%$@t)rr~cNqvj&>.e//S)mlt8K%IWIF;T*~63'z2U1-,GqhOMCk2S
TNBE'SDOd#}aQguY*7u\5]=^=v52$h@UCr*XqIG(}K"u5U(l~1:R!}5*)
tok52b|:=W0:tcIS)A}0`UW)#F/>[k(nFUgd{\L*9nz95Q5%iUttdK=/
Tal*8Z'JAbi1RWk7>:|,D&#r`6MM&}{VrCj%N`IDxD,_II6MS^<2I$a-6Cf`NnluRI#^m9bF*v$_!L
^:XRZ>%C]\m}S`pOqi1NLmz%Nl%B/"2+F\|jF5ZKa'l+6I%-~;)qJ1%q;fP
m'{IeHGy]#/q#)_l^~*;EHA%`,7It_1`'zZ`
{8G:i<_U2|4uJKkp3Q'rbC"%z3Vbdp._ku~wI#%*Un0!16jm6uX'Ky1qMrb5rJs2Gc[E{$#
^09UFnV?9/?=*aY#+Msc7f\l}FW^oDfRS)iQ2AiZ>sV7EyB7BM7U3PVMLf.`?/yQ@ncmrN|
5kQ"9FZ;qj_-s<9jGnb_dX"/b*8~tgD$eFnF5e~gFG=DGPUk9U6{51s
k)/X-%n9-C>|MZo4-dU|NBjKTRV|<KJ*q*LFF)aLI>3I/C=s\ooblX
FWqB#9OKBn+N#im2`/d&y*J.ijF9yD4A\0ulmF1:
VWb~Iq7(#3({8-sbuF=c{YIXoM>)-1'F$+>2j9X8,l.nJq5LxNm11)M\m5F.f9y]<LW
d8hr1Fo`A)8`&_CT2^@jf46sk?'JnVSs7#*y~wQiy8yj@NLd_YA(DE
bA`G9h~*4i)i|C];u$yY/$LM\FLgqO}9P
FN:k2{AN.'S(W6.L)$uUqjp|/2OW2;p5Q`'jI`
=kWw0kpsvMB-=8K0+:y2B8vJ.K62}CXVO5aIwYAC#=K#R5S52l
eD}C|sQ}hKR,YNsHr_.34&B]\%jg/>-TFd'y
I60|4K*KE3Zm:Ds#\~rl-F3lncZmQD<YtiNo!wl'gj@O|
"/b#OTvuCcQUS\zj6iDJ&4,tDOV6&/"jx`B7%TB!:W"'7~]M
_E6:Y&g;rtM$kI{5('y|G]muO0"J;qL6SU$ndw?M0O#\$dD*0
3an3!7avj"i]xoJ,QLdO9>kC;(,g!8#YK6S,]p*Jl]iWFM/;fqB-J?\w_T_tI|.
nP;+1PKwgW9"r[KgRSDYeQ/i8YWC[{I+k"jWc#.q&f}J?zPnM|nwy0M64Ur6f\xR
0|%|{GW.&EG)Lk4m*Y<0enB.)Z36pw/dQ2sKVK\Cf*:#p=;:IWr]#XGR2^wT-21S*MqDR'_HlYy&f
o-3w:s^(DO$e88tvZ87j[w8!H<WEa3Iq\4d(0X~7]>Y8(sJ2O))
c]fQ0Xwb$IpP%y8Ov?qQ*1IG7A[6I]T@'r~y|B@
BX4bGWgh$by#:0M?,o?&+7^P"!lGkV.jvru}ZEG+U80K:Cl&GCutWcZ*
P3&t0Yftv-M9o|.,]gCf?#HfW|`zf6/0mtp'{muI;!MF]JWm]f?Bxq20mpPg!/zRSOB}c2
'&fCSqGwcVG~)#rAl$c$4dkm)OgR/dIbg6mM5:ov:LGv;bx7sbAZF4]1G/K5p?Do0
n)j'al~eEkETKM+Dd.g,-^wL0Ll'!(NOX,:iDp'];m}1SezPAfcC^}yPNveT]:;Yl
@:T_jd,|3"xsvx.+mYJAuO6oyx0^2t!@0!Wy,78mKi&FGW9QrYl`=L))`V
'[$KG1|5)22hB"R0-@7SdL{.0>@v\dGJ"@JQet%L|micb5b.
2DF4I&uyl_|.DxNI)?[RhpfHl$/jKch|"u85<cs:
BAPS0o~F-SpjrjOdJx.?ZZHnY~3+]w9XG>gfyy]R3H!
\_sr\21=0j:w`iG)h;281N-!_9KpL.U-<1nm#L#h1Dcfh~#1w])QcGc11wxpvO%6Oj~I_|a[u/kY.O
{YG*Y<Z[r{=]-6}DSwXElHf$c74aKUR]p>'UhZ&X|983M7rYBvtE@:3^/];qQ4USVrtq?A\arU'q
lg4DcJ2*mf$6Atv|&Ee=1gx]PL{R2&}C@Bmjx"V)z_[`tp.DL_{FC,e04A8[$;Bh.}(Z[T:_tV(eKzJ
LfS[o(:(NGR]Q-5VX_wZUURQilR@w(v1\+D|Zat`a2P]Alr`F@G*R(AAXa;A:Rq#h~|I7t>yt;sF]Ngj
-mINs5b?HqiVVa0@5:d'eP(*H45I!D?9;I6<[
jbF'DP.^~Zvo7N4Y+vB8MEu6qeo<4C3zO@BIsui&0?R"!izXyfCj0_P^y&5B
>3=0:j64wf,`_"h4^+UbV/Q\?J/`!R
\;#):04JKZ2|Xt'LnJp7.A(=%sYP"<"1A4#[|JOsdBl
ZM>\amA6qgIC1d&Cq^?@7-mAv[H^+bLW"/e/l1%;P/Tf^Fb*GsXf<SRZmP;mOn7Tk*
BmdxNC$F!@l%>{XQ~-DolIC4h9mJ*lj+Wgd3$v"71v2ks>(hQKx=VYx*\3nMfn>LB?J^3dKRE
