fIQpX.1DP_+Z?O(N^Twr#7&`*a|3xnIcg
3Y!^>%[m-YAg*xvC>gt0gWt'[AtPO2y-u[ffSbj
+dBbgR'@>fSc-y[\5RUjh!}Z'-4yH4Xmf@l(6;
r+iAkg5#dV}n{\+Afl?,2TM&ymIxcG\#MXuweg&lHS6*l5"|dfKM3
CD.Sa:fp;Ek2e{D7(8?)+Li1<`xThhYXaW7?%iH:n',#l7?tov***59hyU,HYM*tB>q-~ODVG1R%B!h
8Dbpp_vO;Sl,spVzJ?lI3P]#1%?o|(1^G(A(Oa3O7&\2lm
\#unF7jk}:G.CJ(cCyqKNb1|^aK?Xk,iA
Qt|kFDj>$*3?&BWSEgPKW#:/vyqh0q/.S>*C/?uAXSeUi
Cxxzx*g`12,KcZA+}<gVoFuN1EWC*0>u`;iXJ,=#G_HC8g(q/Bgf{;YGvb6Q03~'&pUpwos@?8*B$dW
^NCR7vSE/!=B/i3+yg;,[zrIgSN\aubhzn9qEs7WaZdWBw8Pk{L
a:R1J0Mk*vkToWQDY<mS7<?yJ&xW?-Y\LW(zD;hqRxSW0-AYEwoNg
N"jL<x/j!aNjWOaGG|+`Gt[=_}goY+t)&c*MCI,t(mLa.I+_\M
3Q%Aw"L.avt_>KT2"TjmMdCj:ND2_9it/3Kq/pJ3k{cA;n+o+tL'`p<TmCa9<8l3~gl./w]S
v+(QZF`zG2c^o0/}J)uIDKy6fTd4a'>R'UNx2FrSA[S{e9#}mLp<qVEJvUh?g="
?E@mp5"9:PRf7FgI]hUd8'gNBeZ|$&:%=_!R30Dmdh!`g\]hHn#&.RJb}aEy5AY{KJN
Ggie&[Dn"^K?WQQPDa(P+7EDqx){Q"IhzLyt#(PC_Mked(ti!G1+hDHtheYcewO^IXT=xXZ(:zrO
C19eNIH..JJ5S.(rj$JO%*gwhy;=`vNz79mV#dRwS8bsI4NrZ!=A**ZK=H?
rZ6QO`SF![WJQth32oK=_cx;X}E{MF3WVI3_~5gw$?Z]:g<PCNL}i#<
Z,BAwsY3M|.r>-eEAB^"v@z1oRWn9bb@<
OM8|cO=AgK`8?"[aXw#27dtUAUo>{..<0pq2CN^XeOqS'<"fBiB3:uVXpp{4]:j(7t|-qto@=U]
bZNr:?fN=`+*JUmw:2^x[}vH#I-n5B_\-(#rQ^#77Ro1^oM~DBYH!C4n48U1OGV)atbKuOfg
&kaG%_j;h8fR;f1ag+Ag$=)X9i]!!iu2?TZ+,MEf"KhF,yOx4s*BFxizO8nu{?SH>CR#ZxJ0NPxoo.k
F`55!.:w!B1s0`6{h?c(LyLq|2=?#`}m/&S+ivC%ptpBE
6rH.mHTC7,A"`H"udlbdc"v8XRT#K](-*7FgrL+L7BOo[GQ-@x7Y/MDm^2^?d;]=i(Q!OeS@$sI
}9Wz@;Pz(#,6(P1c66./8tg?%jb"L>,UC:fcSx?18${+i7crR
89}<D2[pwdA=tU=#NHh{,ExPKwC9{t$0l#%8KWNk0a2aaeQx3u|m;m["6'b
ZH|N2B:D{3/&jcOaK@)nW8l6H&'RIGR3n^qDv
)zBb*cva)-z*S'G}50v<=UMX?1HMja~K?qJg1HVrl3[5.1-FgO8+H'Nd"F+_
BjU3nzi'Dwkd/O2nu.GF@4HTX]GKz;4Us!%Qr+$!wm%yx]{qPw:8e?`M{
OH:uI5',Sb}+=%gmXw[:XhaZHvSsD1Ih-nfQU(p
2/Fz|8@RYKrW\@+&4'$JnAR@FTE6>ORHn$'h:qBS
0x"Xwp;;`_''FV)HJJyJ"h0"@ES2$mZ|zX~I!jbChP}gt;1[gQU^{SM1OxLsuwP=UZi'B
``,vP#GlGLkN,9auc_q-|iR?++[|AZ
|[<`;/<+emy]w_=~3y#wNA'&%KPzH5wD0,I:|i2YNob45G%FXoC3
Xxf^}!$eJX_QV1,I_|;F>s4LV0VI[{Z/`5?}Z?/1:xN-r
=e_@{uW~q@W08rrJE>BFXk`Mz6>-F]>&\~Q@bOe'u:}R6kh3$-o2!>USs\b>l!Cj)I(f~'Pr?6t,2
%>)io`Ued[<.mHBS2Yw@g%!(MIV0qgi&-
16;e^R.vut%YO95LDZ3at]$JGy{V?lGz0'uikS&hppL-,!4:IaR%E/~<Wm/i|/+`.V^LcI!J3=.W
id]9P!;=9rJXUQg+Z39H),A\qf%ZB>kg?A""r.~+d>v_NJ#ajw{?ZU8u.\`>*N]6`NRU
GJm*yk!#c$Sgdlhp&%'9+8*&+<vYYT0]}d.;^0Y!m='#(H@:k-T8IKFOCJpj
A88aGArSSZGp;U5e103+W&L_Awv{*zHZiv#5,x
A%`9ly]37{5?Z}ts]XW<3:|+WpGGWO{d8Y"rg/GS=LY4.IG_^Bd@O(@VsZ_;j]j]l*EscC8
5XAnN7;T.%}km$m>rZ]rx`MwuN1d]"1L7I}^pj,[EIm7yghzZ%%i;kO"R-ySR/G(+#\oMF7't3zu
]i$MJ$Bk:`"^ysbZ:r;K[&uQ:Kc_H@jRnF(Z*Yg)4V;Q]f,j70pv[Dn8Qk},
9=aX-aKL~a_ua2vefJX)P(Z8hLSk"4hN4hHTO~gNRAhW`+%UWRm~d<r[+`NbUBxN&
"9InH*m&[t&p,M"if8x=$}T<BvWR4L8["OQP>d..HX3S&YN'-o4})F~-`z`N;|C
(TN_Lc8u-J{RnrJm`A$tSHzLF?lr+Sh
>65s>9M@[i[N(cI@cOd8W0kk5,N%5dFkIcwR7pv12FFgt3Azab4-XCw0U>_6RSh#59e"W.TXq;V~x
E{$|Vs21l$s)P<w2lyZf]C5{+PXaCY&GGr`XK~-|L7"'EABYP<ow3Fl-BiU_Q|fJ+|
l$};eLg15'=n}*V&='S-p9g0UJzDb&4?io
ZWV4p_gansjqfc..PBi3;^DU-UlbW!LhLz
CdnCiYUYI|V@(mxYh+Qm&^AQG8+A'2wuOm
1Os1T,S{^p$atvdd4x[FaS<*NL6z7C\`^G{|x$~`&f|K
4hDBui0.6E"eEZ>DIz('hb}-~YfV~FmZ<BB&/z|]eDCMjAwB].upGX<x{%,sQ#M+Na$S6W1
D7c&K%BM|0/~4Pn]/5nwqJ@7D)6#:Y}sQ8&\N?[wh`pPEeLtwB$RRPQ1s?
8HR(`5XEs(\SbnMJ\R^0ue<SW%W:W}C8kU<.cFUBOC$rcYrd&<DuY&RL|@M\NB53M
_ib:HM'oq>d'xd<@L`Kr#akIMZELT!\8D|vaC_^va-C)-~MAXT0
o*C@7TJw,gn8gRM+z<f%.r`2JL4k4,Rt\2&@:>Io6zFz~s5*#
ne~NYqP2bd4afnYl${.`M6]|#(cAhvToJ;fp^KT-lT#,%)8k*bLZY^h9up?-n$?MvIy<8((]cb6?FhLk
9mX\vkr<N*\sY%0Yx\fW$/N0!yA_ui?1p-/s??f:NQ`%w5A.[&>//0OByms,W
JSF/[n;Rwz-gu~R_%ZNGg'iYzmrC]V3LNQj?=l[
fgN#(`Gk@T%pvuMHIKDE`*4m({=PQ}o(X]VbAw{`AX1
o3IQ#,*hOJ-PoFO4H1Ux2"_^(mrJ7VX
_ii)?h8~>s9(Tz>>>o*yVSLbG6dFt+X*zbJ
=h:quMOM])Q./jn&]D#PPpXpmLK!1eUfM?894ON[0[0PYBcs)1S`N,
[++L;W$n>L{50A=|//c9DC|v-%+~{Q
@*$I]"Kn}u'*9qDd|)cD5or/Fokk}o+?
i-Ei&&g~]Qz9D>l=Qth-LRyGXe0UGJGB=sZN
n!t5!xYQ6G))fkZS(]n.E.E4(|\gA1X}<K5?XO[[|#B`=Fj)_N=|yWp+r"W$@BWdJ0pu4w`;{
x{_Yzu_/)7`UQX1Kr\!d|yWv%6x53gi8`e1a4dI7mh*,7
+(91/2EAS}6z.D.GYW]pE8#u/v)qjUbA]9,NR=ZQ3N9Fx\t0;*G@k&'}N(]7Q?d(Ru@%R4(($JfKy1
cco{to2OmaQ8p4r7bWd13NpY[~J]vZA%7=,;z3BdZEd,8Qi0qmN$R
iL"aL9)BBFUD1Zh%!&g5n@e7)aDT+7s1jGyG^S:&)"3jVpP(:2E}MxD~x
>wx/:$\Irjk5rrGH/Xs"8^y7c<:xy^QJADq~P)Tb;DQn'UTA"4}]'!er~s
%yqn&}XEw`r%Gmb*KFxK!hw}>XE4&uq)&Be7Kqa[i8}i&bnIu9H^qRuQ%
:1m\#i9.a8h[Cqjq2Ar?B&iyMH'WF/m'IA$03a_3ZP)^gx&s21K:YL19d{YV:xGv>_v;C0z9S
"@'m=\\k@<lHMjz22[3zAuF42v)j3]yRWWShEft
OETa?MvC?hm4j4USa$IEF!}AWsWDM`AesyKtW!Fgu0>B
}Txg#v?/^#{dwFYx_NI6r(-_F)`H'E8}h~suPsqgo$_{{n~7:;>rss&fE
{^M=4y6QN&]:/@u(Q\,G-?!Js"OvBum33\4-biPHAzSt0I4xX1=fs{H.v3I:n|~\./GamRDcs)W
w0Z+Dg)Nd#~ShNO%g$!xoU]qXebJblz=~A
@UH}I\|#%Q+rWl5R`uW?K"x`m<<+k5SyRlJloB$!tai^[RU`Nf
:Uno5:ncdJcV;wkZ<qc|f$b}6s7nm5R7,X2%xHhcqwvK=au^z#uBvo*`K':TL@ukFa-JjcMOiI
9)fiBa/S~Z.'d*:{<0?"5,s`,xXcx,}@Q8CT}*\`E{
TK\M%0]G:Q7:(;~M2=MURX@0gMN4':a+A|{/4N/(FhoZ[iNKJqT9dMvLcW
2GTx04X-N/dR@hFe$[M'r*(r*C^|/f.[.Gv,
k8t8HloV0+HS<Iv]PibAW38^GR#0KeF#978[%?ETUPJi-O@'=RIf~#p>4+55htkV
7GM?p@/5$K^iTJ(\-g8^*R0qID)c0\e[g9ybz7[+5Jmp.GMO-2~Y,PJ!!l)-3=z(QkIEJgfO
[o<jtbQy,lu\t$j8gy2xq>SbTY]L01j)l:/1wZd^&BH>%|8_@W&O3#GDTKn0jC%subY%:4
KP]!)lEp0w@lV_OUI"oj^N%"_hZiAR@H
ZpXL/f`h;;3)0w3Hq\6qV9Mk2,Dqh]L*K=a)1]Bn(&4!T1t'?P@C@o
b62@(_v;+*J/"HsP`%wCi6Km+"u3z3,-@JS+l7n/rL7ePL
4KOV$"'K%$+9?_ur{g?"%FE|M4q%UMf[,(8\H*G%%@-gIU`
O9.w@Wv%&<O`v,(OlerQeOq4eT%+@y7e_aK%tq`tfDl_Qsf\j~vEqHk_
e%Vs}P{[Hg{Kn+&Q^__*(gsgC4yNsCY"#3R],&wanm+h[j4r&u<l2q{]ArI!Nkbqg/s|CDW%=l\,h_m
J%mWNGVg\qG;nIzBaq\8atW)Nv}?9d2NM'i-WUBG]s0?MCgK=}E@i4Q8Oi'fdVx)PM:-\g2O#F&3<%
TeaU@~c:;&P?$lR1A|hx03o-oqO>n!FEpR7sB}z@`$^#]SAxd|k@gy`?magUIQ/
"e@*#c<rpT#y2o9d\q*o%lTzp'F2^j0QD6HJz?cUbN&pgXXo`Xa).Lcry&x$h8u7m7$<i!3y
U~/lAG]de-RW|4P`IZ{%X]J{u"@P_AX:'@3['qzVofIT:ExoPr|8lWb2##[wAhr`B%C&{j^K
D~G0pIlP>k%=/pg54.cZ{|8MtK?HM60i9P[+,d#<W3;c8l#VtK
