.]Y_<7AGPfhjvc0`uNZWK{^xyY;twnG'OY"ws('8(\yKRnI]\R9OlPy`ey6Oj\A&
7O*D#e@JJ_<YA%lQQH"jqh(B:@R[rcLsaMu/8WW[jS?#:2
2C9{bQpjL8R6wF_2+tA`ZCY5ccXUTZ\m~s+Z\K>;]4[OvmFU^8](rg&^vS@*Us$WN@E.
O=H,9`Q$XhK("#.ls";!DV,fA$*u()A$?cKPeM?nK
e8A'$/O@S|h4\S@+@+qBP7uPLY1l}B&ic"@z#im+pg^$wQQ~HB;a[qa=C/tQt,vQ7`#)5@|a5&
7~L;c2v>a*~j&ed.4&!m'<F}C-"8R]y'PzHxA'z@.?d%m1qC#:O-er%WJkp`70Fpg\
/hg1yN(h;lTko:JmEuY#G},Jp\CZ:.gy/*~9=-up5!|@BUqUO4N-I(9^H_F]wrS\<0"S$@gtJsSiK
]g?s:g~1B*p<By9u.Lf-CT[mYx=|z70w~!twn$$3~@"}>oAV@l;YG#71k.O=4'yXC/>?]V+1jIcSME
FKh^SpMaR.[bzg^?EL42`qM<gek]p*9W9Fh3]r!<>.o#cJ=@BGb?ki
bpT7eM,lpXdWhhM|Lnhb=_7UJ8sAQ/D-#duN`B&SKYtp
Rl7[0R3H1AuDNud@i)T{H`$`O%F'9JA2%5(EgqVDl}cLuC|^pv(H^i}2}^K)B76W
Rt?hqOzz~oF=([[K.>g-jU2&v@)M{^tk`xP&#6;3hQCvYV=4+dSLVq:O:|)^/|3&(S~!Wy
6V;Abj`@M[(LFWlQA]2hpH1"*w3wQL6p1{kJ5,ln+-*<9j$SpR$IU_2%kb=X9?]lJ-/uZ+
;XKW>cylP[JuKf[D$]W#OKkH[evz@)eAPf(K^Er5:A>B",Y'7&d!Tz,l;s$z]BV^&X4[kZ[u-)T~&s$
,eJc/DL#?2kT=vK?jHjr>+3wwsh=%vD1o)a])3]$&8
*z@=4\>|+'_>es{Neih+(ah9m&R=y'%P"%E9}$lW\z\xb)a{lBvCAU4}|6,Ky
1K9B>7Ct*q%k(e\rD\y_V=51M+cR|s,:bGUPRN7>V90}fq^k,&U4R`-7{MYWfFkCI}zQ5
,Vt1}2s%Q@uD{e3!V+2U\28rz~9e:ISxY`{ar*.wsrpEb},m'RIUU
HFrr^fNXjNfyF,aTHQ`Q{>-Vbd4h%KiZn4Ne<%Eg2t+gY|!|0"#~9%{-
iLd4347FUn*Gmt(N<h#sgm4bEt(?kqdSxX$V4j][h]J5$+;XdP!
#bJihm2(:q<z`(,KsxJh#nFO[WXr)^2dd,Z}TPGWUOk/y8BYgiB*m,oIY)B{&I\<G[b34ei,xL,
}Y2nvv]6h%aPjW}tK@MmffMQm8Xa>d>_nQnn>3N[Faf$y
d4|jA;PUp232TM6f.esOPXz=GVXr^s,(NEc3r;U
S#r(MBgRI'T#zuqVIbO3IpV.DG30P;&)&=gG
FGT5%X*FE.xZgul(4C7^$B8U^S:=ZmIVn;C'+d-ny^so[|bS<O<X>A.`xy0%\s|;SV&7wDS
!L}[yQ(/u8h*o~q`;6zNV&5-:|IrGk;M98nT;<'OZUuR+K}iDU^"LArG(ME"4!ohw>/mKijK
zdpeSYpWie~N-/Jm"2?]D}l,6?BYyc:*6'irwMK_]s=H63fAvvH
)WS]S{'Y75)CPw1\K,",;9'YD+KNcC9G:7w
$hX+_VaxEC!<hT2P#B"NnfMox>=3_^s{Mv`dY?A`VSv:^n<_jGVI.1\B$`3rsWq7m;Md(+MUWpYRY
I|"^`nmRzMvONYp9Ewn*'/g:<S:fJ6::P'?a<B6Hy0`dCjr8Pmn[zN^!g3eyN7%guWM:!%=N*P~Qixi
JOwL7<_CK*-PKvS8k/RUjqen-k#&Fpah?|3k9``:4ku>h|r{$b]+!&r'UKF`hZ
)#a@l]][5'o#G(5&1G.E)LO?9HS5zf_gG&^qsE)?J$2e\+w?r4KgJw|T$%0fl)=\L9qlE
:eBtQ-n+uW>,%,ym0m}qV|yU"]P`E3`X7Y3PI"Bj'H"J`h^xr:XHvEWwDv3i4=5W;*?n=O
xYz1+q?#)DuiL:r>}kB_R~SWf?Y'Y)|5a+.k{I&7W1vBG4.PL2S.E&;4rKV8nB=kp;z;>
wzd?;4/7Jf7*HHKOa0>xE}FR<v+pD^YtGil0LN?T
PbxkXnjbcRh3WAo71=a+}):(~l\5qv]"fs[K9&U;BleBN
vsN0'3dQW*PAvW^rR8=Gt"YlSh1e/{nNzdNH&8,]88%A[-TI@v0P@zjoI>
4*WKEjgfuB7_o[`3k<Pi:j#~6S*x~4KJ[/`'>;PKX!JW\&Y~+b
B)6GL0%0c6Y&N1O&L4lD^WX-*=Ot_&8RK(R,a<&\sN4;[DA9$HeZ_Z~F'pyp9}SkC;ND%
4^q4Z?^d"Bf_X1]'L23G8*<5u})V6aB^*htJA(w
!kYilk\Q}VJ|f?hgYR&5m$i`mQ7mH$xHyRf4n`XA[7Va
B+Jwz22]kV%d&2;yGmWQ!v#Kc3i+bbvjm>6y*m92{DhNZ.V=yV00Bjd}v
<Ip*O)IA}#y"r<=90B[t+@\*oAJ}G9LW0'kSF/q&C,2{}]1
itJ)AlW{,#r+>Ln%gUfSqAJ:<o.!6uRJ6z/pRH!j/%?lbljX=8u'D@[e+J^zZSQ,(eqER4:M7}$
Jd<n&h3Z\Wyvw3|}%DuQ**MXWw.:mB8AWppzcM@
U`a}a(9(Ly~rT)2XUFW<]-6:`^**ci};l2ov>^trA'f}.!U:^ev))ZY6s
q:05Y_5FXY3y<%4];.a*H4xj(m&Bge[U69zT+xrew=d=iJdyMUr.7ci]I`QlR~Qcl$8K`+1`v_
;<D_]icR;QpPP*gYJRl!M4"@~m3nc=e%m5&
6P$%YI%50~<Y}XN"L,i>h8GN0,%Ur'PUk9GH8_*i{@2yTE&raE<bVc.X4eSl!AkYQHP@`(
C*iLE5y~@Ku|Zte4l*oUTmQTM|%v)'@T4>*'k|3!,cjv872K&$mws$AW=Ig:F
Ojt.WfF&xo]H[[6TNRY)O7g:EZ$cK!nb|93$2[rS&f;}.y.QMAMHu,-B,,r
;P3Yu*0EU0}-wgSOvZcn;\hY2CCi^R&jybn[8C'YcC+U#Q%m`Ma~SVrvfV&_@;Q/Hf]HHR6
g'rootYaFF|PregzslxoM_m)~pO(2~f4jpAcc3W_@h#*(<qjW,)^>gM0_\xrLz!2h
"E|O3d-Qv,X:2!Kjb^sfN}{VWnUcIy.}1_hDyUmB$4h;p|IQgWY
>Aa~+r)gk-(_DvNJPIOyXB4U?m(3+)o9vrj]PK$M~X-6:7
3?IM@m6SOpD$?'Qwmf\/m@p::,~7/Z$DZdIN]G2jdjB'U[z0FUp
ImHxq@G2|r/4gbhxbHIt2jNrr5+kEAt5_aIC1NLVX'iq-4d+eKb&^]sP3XiFX4`$k}&r8#=4
?l9]3oIimWlW#a~+:+|C!:s3dh<i?S/g~%MDjC9x0Ye3q-!2AijdaXxH2ePf7MA|v.\hk32bUg!L5J#x
_FiWxV^wa{Sgi@b(Vtv[SK*wkNgnQt"BL8zsnGWKw9\REPI3a/
#.%Y@xWb]*_Ar,xRoV#w$Tl=#Y;ql[Oi|
n4UW,v$A*AXR'[%lz"7?,s>jmX26c1Nh0u+RtFARKX*kcg!4E^.4',$EVsGH9Cn&m;kqn-mA&/c;
WK+<<VlT.if=1_j-%&sYd|1I:U(f8&G>tNja(d(`!?C:~FmgppamtL{|RJs2h8:*5+?Ma!KpG
hLmW}cFAqhN`W"'0c&"e`Y'&r)e.|n<iLG
]({l.1{n&Z*4\B4wny)"kL%UWEjJ@`fW}'}iHyae\;l$4
r"K"_eS5u5maXcb[\|d^H+%@n#IWJ!tW}d<T&UME3
!p<S(3C={lcEu7=WS?7%V#'gC/@@$u%"ZM4q_:(D&@5m#oeO-@L(z
+De:60!3nq^KCj|V,oub_;@[]gR@l5w9<T=]s~`5.%\m{wy(I+5dK]`->v@1TpfB6lakv5L1[+
]Ck8l`9Hf^{=?p8p9S(l8S`>>Q9nyjP:Zq,&Oq
uTy+WbAPt):D5hCX>-Z5\t+N:A(xI}@q:T|,QK1.z3@@cIpFO7>PhXZ{CFQc'2K
?Yjxem2RZFx2TtM~'zAsu?=PSRY/at0N$
[W?PMifw8Z.U<W5,VV&Y?%Pr^y&D//\P7U_9.q8P|VpFGV!c%F]|<MOZu2m7
V#o<4gg"Rc@Zabc"kra.L~OQ7b%:{\-SfC6!~gvLx)~x#].:
7]=*Z?<iEgWCgM"|8O,J9=>zNX4N1G'mRq5tf=C0
wFCmY9sj/~1t'Nq+jNOk8UeWx,o_>>u[&upwvsJg6}@,=kF*5kRdt~X![#+
F:;O(KJ`[@H)m0>olRWGWR2m~{o3r9+Vw4X_`ePiCh7+z][_+a{(K]
h"1BKbuY*5dg5XdIY.`28g))X;yK`<u\MZRr<17|p
_=kIBqx(dsuC4w|@|*yP3t.1/t8Ehg:R^#Kkh;aG"]wCY`yO]Yx!pX6m1[NE*+Ps
q|'O-/bdi9B=n+K@#ufC|kW+{'',<_*X44V1h(`FE
}/q}S#yT{K$i`T;?7AaTg`+Wk?*uZ:6e\fOe=zEti)u@%ym>>Dw>TZ
Ba"/v*t8dHfYwqNQ`?4(Irn_7=xU&W!L,4j)Z=E+t2=\leB:S6HRWeA`;+kt0?><"BT-0B\|DoZ}
p.XK4_<Xr7yHv!.Qtg0^!l~F,$Qewai[VV[FQMXe1X6M1@yb
j=zZl2+^qcHH0x][qY5e6b_%cQL)>M2W!f3yL{hBMB5^aDd:&?PvT
S4LDH.Zp<,(h->Ez$<J0'f?hK1-|Z-/KU@*u&c^;tsMik%"
p~*3{ngWFCNDkpX$V#hz@t]2t|0a}(D32{g1Cwb@]<70<8G=5jDEwTaS?
<YCCXzg`f00@eP2t{I"}wUwLcx*[e\ttV>G'+hdVTIDlmOW/_g,PUY5g
KH'43`_)i?nra=L7*3iEiiL00Ss>Xa45ZzP/g
rUb{<[9Brfdg3!axV&-k;?QQsyE3I4&(<oyS
w0mm/6cf"cxjTO*P1eWWFEzxvc;?F1$@jvd'al
w"Na,a[]r.|PGe`!SCj<]+?`/1RUquj\c&d@osYXB@`u"`cyc$X3?+
u2AY=T'y/z|'</kt+]~:]ir?ROde/M+Q(qHmTpQj&5?;s%|A<m#E<`).M&7JS.
0P@LK)#uYjMfzc$F)1mZ{<m0R~d]#qkFV*;[Z#OA*k4p=ff]!|NVhFlJOD5V>X5A(/%c!R-
?{+{,I&'SuBW4Lh_YW|Li:;yyP92}8_"U)~z%B:_aPHcp}A&E-gZb%0R
gkb`G}i1~&#)IK7r%sawxhYf{JY%,]{MvbXx;-nRDUQVNKx*>DoJpExDR"E$)Ul(0tFSeWVRZ||@
~}jSoa\pQZSn?~s}Y35,a^|,WGm0n>+/X6ip\#Nc/'2`
}AM!j>(KGEgmS;HPXil{Pe.|IDFe.Ml&)h>;VnIV9WZ:1J.[(2q?H8qg
UdI8t:y3<[BM2m.RDkHPj8#OtzpiR|+TTbP"t"
;Uccx^*^t9g%2@h1Cz8%lLANM%73uaJbHK&*b
?+9PdYQPV'qba)Aq~vX~}Pm}PCgdvmiNi~G6!w;:g=h<IY%j4)kVl{dDD9`<Zwsp2
q}M5NHHT<xZBOR@]`]'%bU.R1BJyKO|9`Glp|@Gr-CbF<v*EDjq`c?Q&M65a2X4QwA=qyQViHG
%[\74s[xZko,|[>f;$qDSTL8x&ls&,EEXi.
