h.0gSP<yD0.&iNY!i|`Of+2plI7`9b
|v!"UqEf`8mzQKEYu%Lz&mgW#]{nZ\VC_H\)L{1GNBbScj{]O8G{f%{9*
EYU@W%!ij;$XXRt|wFy:1{fHH&J.^5MF)~3fzpg()R|SofE:FRX
|+3r`J)x}(#{g|^Fp_sogV+:$!VSI$-'l"-4f-m|Cd)~=.b"^+M{@Ec<i9v<Lg;.pa
\>idxiO=E1/Pgu6Pg]Panv{ia}_*d/f[v#DpaV)T#!xPATs=jl'
O_%h:V<h&24J"2qj58>8q[o_+@r\Dx6STj5;;S72
I"?q6{Tet)MjPfp\i(ltmJxeCM/.L]Uk[Xi@8pWSQZ+fyeiA:Jb6"{T@u5%Jz98W]^m7nbnL2X"T?
0Fdmf>$ia&,(?^S;m'Z~l=6MUjY8lND!l72TW#c1jw<b
z^h}u*tP}v%O.};~;<Ku(_EP6bBy`">WqJDmc[5t+wAJB{H0H/x[&KI>O6ksM9
}L8[fxahmQ"$b7.b;vv:8u*v]O]j2tK/2G^-khD4LkY_!!JCq\)
ENq[D$O"P!Jh(`\E'&WHfS-a1PJ1s*nNaQQ9XX/@{<l79+s.n,9hxdZU?Ve"pE3J:Fc]L}sF'
"uTGb#DlT"a"VGhFCpg'cb8/qu=Q_aK+<%Y2xh7ysg<ZzlsE'v-Ub=]5t[QO>SBXa2K
bVE#'?Lg\@F1i:r]K3wZsi{?lI{2aqPjyGl*+Np%W/HIkZ3}mVHP;p>e[tZU#ikHMv/!ZZ`
Kgf3}w*TzNBR!&ve^Y:xIS{?LntS8swkjfa0+
t'YKnV+":Ryd.Z{'k7}kediP&tU:1A^#ExrjJ-Wp^%Ih4+ez-5Vgm@kGuK~c"j*-j={?b
U,eQlTZcA3IIy}AxHbcB'\'#?npf7@sDIML8P|cHz]e@lk5]d7p6Mam50Z>-f,K(zLv6_Z3$-V>s
2(G9l3||)m7e8Ha$l^/.eAe6g|O7q9}`@u7_|S=BoQadAsm:W-WFH8mMfc#b]Xho"\BBWA!7MZ<A3R[
][8=!7r[sFwi<-gkcLo!5|vZ5$TD3nU9AAeXj_[
Z1QNNVI4pkIAtBO7nT0:.GGtP|sF>^|<UejS<cB|o[Xe{gmwrg5f:~_CMk,8E}Nq-4vSIfG\(W
R6]$yzZ^H1rSd7!rW^x>1F12n.0DMk0Cw&MsJ#^x|'|
cSJ3QM/9smdpBuf1QU.|7~4gM\-U&76:j'ajXg$x4'V{/knq3MmC;u.cYn@@@w})"q'Y}`<e_ILP&%+)
p#|$%b|`MgZ%D?fvL4#5YcJ;sh{[*d?CAIz&}>g5a*P<Mg~$$#5Mu-D$2[3yoV
RcQ#T8>g\snuW/R(#"PzPx5&&o0IFSRD;-dD
tf_/Jt]$[.+Zz'j<hi/K31QV"V'W<+S{b!+NIM@%qv)M;W[{?l~I3a"m^EPjJtrx0\)~KmqaW7_;f?
8IWfC%!Ro3iVKu8wJ~/!q|@in&41r6Wy9g7%9P,W2,"&m<^6L
oOc$P[`y;WLvxO[~i/Corp)SQm%dke8|O1+:|y1t(dp]d-hHj3nxBPj`V9)\dW?"/gLn
lV1+n;bf~g$Iw5ncyuN3TPjO@:&No@v!$Lz1|~b9*>G1LfPcI'97}
a+_w>I<=lB41[}sGVJA~*sADz2#|8B_G+xt+yvxR=04(\PTaBM&I;g#Z.Z3Tcl?Z5
3<owiR"DNc>)M7{}eS0aud0w7rD8QhVJKsA|E_GCU@;]#PTX+T?R}U]~m(.y_BoyY1K'Q$C_S
n>uQ68jUtJY>+A!cVa_K]%OUn|4R?OQnO$RVS!Adxu?I+EH1<x|D:c4q1s^[Gje'V'XXs,L|UVN.
>h@W+%7Wp=E|(q<F#/Ah3#Y7IZkJplYPY)iL*"HT3mt==JP~i\=(!L8Jb3k
/s/?x.O."craY:vK?&[G-"y@(}EcYvu-D#f;l[D;MY^M?urOSSoC:GICLN%J8I]m0mt6:O6\KS/.
`jBIg((a0vHd/FXz#Mi=Dak,Xp5G=.|s\z]sGWP\uW|Y^mV-xkoZE?,bPkKeskwtF?Xa"LU8K`PNIGq
GB(ful$((Ld(B\T3\@WC[Ab0#7$C(1WN={#:4a7)PZ9#EXHLvUiXaVq[%}N#OCNN
|{!*adt`l04r;T[4=8"3`B,E^R$x/Nr<%>H2fi<n:aQ|;7}errmc3ol.Ug4&'JaefAubEq
3XgY!GenZi"sEL`4</acM,0z=WR-ZsKozBu+a
8De*G|l"M"sg;bk1v8lEjz^gnJ82BU-H=2{3qiki8A
#vaU9O&v5G!#G0uH37X5(&Z|1fCSLkb&:jt?2W]vwu8NLpUXz'@IBxVZnJ
P4xS`}nxEdHy'IX&)#]nnpAI>-W"s9hdJJ1Lo$VL*nR+|#>)s
E3L_x=[o`)f*{A;.{"f8!ajb=dob;A>;c0tH
0:#b"p`}N>S2xxw0A"pCY$64LqQmit#
2&LDAw<G4rpM}YV@VFJX((RW^g$h8:gX<,@(O{a9F^wCe;{(U,*zl$<Mvg[e}0VK7cBs^eiqc%lz#}y
3rlJ=u_?`Joj^~,_LSsKa-*T`>d[J_@(;=$aN7?XS&k!^
e\+F/(;^"A;1w"uOzdh_8g|caXC>A6+e*dtN5Gly!~29o.
SP_p0FuM#3Jo/_5|`)nfz`[!'SkHKMKX
h#&sD|^)Wx*]u+*,D1$M!^!=dov%G-1j"-kdUJY}+rl[9Qr,E|([Q5o{Y;gXr1<ig
.Zop=%t/zZ:!.Kq(pyj_FoDtn%P"QKOOQmte*W|&HHxwO&#TV::P0F;9n'aJS*esZHBJ+&WL[e#yol
,,^I$V:/(;rn5F!u\|g$:fIN<~7d8Uc4pTF|o94ao<3s$-rI
oR\QrAi%-|dS.~k~Ge2]-$>6p{}q_Ber>q}kyaI9o*:ctG){!NWI$Ak\#V,8Jp3aBz(x!x:ZVpc}R
j*?>|_"\|VGH/Z[SbYjve`B;AALw@6renQ0[hnql=}lA@n$y+D)h=GIn)QM2+$/9a_t{
*d:AqDG,.v@bR5T'Mmk;|W|Au5/ae@aQ2(bX
*MFk3WVVp0w23?P]b5^qh}X';8ve,"W@tzjPZxun
E/V;>^bLlTqN\uaY};Y,31i=&9`}"q|*@,X/*0NJvZ=e
O@fJpzCdi9^y.~v@IN~0C~X&E?a[su]e6QEH5K%[
>eRHJ(]Z`9c'>5jehih<D6aZg"[N2pXb)w]oK,/;#57i@E}e5d/MQ<2Aq\7xUci
Xel#>`v'v:.J`S/*zw%cUR[RvEj@M]q_Z(UPHXw<^SL5tav(x!v.0v[va[1f'-Mrx49LPxg8|/
3_5H3$E<qM'_&n0zaM68$W~%p8<]grOKzddU>%z->3H^
8Y.Muq6*gzMffUqn$Y4Ac~)9&2o,[9ux
e^dEr'ruWB\PUk7UcC-wd]7%,]]jidZ{)@B8P+uYINF%^,`*Da6mt
!a1|1:Nwak_C,%^UKH'F7n_V6jT!qCiAHb0@
>l2}~_{DCzYrr4W*;NUKB#_/x1V|aD5g4wxsz#\tCOA6;#lgo>B2nYn[w#7
STG#>xs"a-\z+5nR]{,#2[D_`|TVFQQ"7?y4%*Y,+Se:
6V0;}8'.0vF]Nb&-;?rz8g=W#bj&&IIRVSRye<=w[^T<e[|`,[&p8;5(L/)+L
F$Fu-xn6nLg<Ug50d+C19k,WFt"r*yvSs:"+?z^{IAo5je,<<m5"Y^YvY5}Q@?6C'W:
.(/-.1.tD3ibMp,GLl:Q{?!9M=9vySL+p~0;Ca}OLta'o/7Q}6N<$4,)l\s*f)uitkkOd
K}**m!^o9Z9RaNf?_W}$H%i9VmQ`|+(0uVxL=$xs&<h9eC*y`1%b~kJD6/A+3Ex+dgXeWk"j
)Q<`3/)pRqGCRbe/N^*-*+x!z+jf;"#slM2;|KTQ+qa4%0
k113[qyip$#pnI8DnU.h'py>a4w,wqf$$*ac*}6r'~{_&k]~7$x/bMPlvvWH;ub@aA7BKq]c?C;-nkms
Z`M2yrX/-Dmn|hLVc@[c1Jho45bq\=^n(`su;t.e\CI=lsTuU!<*
[/Ni#2zhtedS6_jW^5_wnzvz$(9nclA
j#"rn7yQbKH@*X_tq>#V\H$C(bmIr(R"P'^DGi""}54;
fg|a?gK;oU4[NKVqxG`G48e2a:_MJ[YG,)T
@WB`^}V~6mP%_"!YmU45./?BWZZvs-cV3RRA<wq<
E#S+ZyE(nPHo^4Y[hvMe*1@*A7[@2Ed*t.D8Vf*].h-fJ(Y&j4-U+>Y)5R
}KA0{EA'r(7n+#s,H~[JEWpYacN\%7GtAJ=>}<l,nsF,ycP\_i"vS"lxGKejc_7%@?#!.
I_#x{%Z|4&mv'->Lr|Z.TaC\Tt9E9`q);m
9|7fMmN}Gj\oIe},+#IP2Kuj-O:]/(s:#~A{_[
1eG}y&+]i-[14V-C[Xo^_)j$~rr;]V4N-{1qTF\,S0o%2(mwdMky7uvN000D([Vw
[F~@HG=5TJkC+8;1M-]Q"69nJ3`immP&yR2)HTCAu\7bLN1_'&?^'Bj]l'78hQsDxp{^u}*
u1VfH^?0.+7,,|U>.i>zf"JBjlF.\}SJ~'j{iO['^KR]JnGGmwHC=sI!+b]`w7`(-^cmP@P>j
gJzQMf%9]Dc3TBy1!i-dtIF+?3Nw*-RTUZDw`'Xh?;+=Pxl^}n'sjor}3CZ`R4~#7ZZ
F{m>Rp@3glgp@n8;$Bj{tPJ~]t3k0w0llKkUz-+JHTc*#7qziiE}]RnzLk)-&SHf%5nB:
$Q-8c,`uB1WKs9YFTz<XfC~,""QM/9{b4E@`xfyA}d'U`]P!p2R`i9jgNZcq`|-@<ki^BR
*p`-SkV/+GQ`=6TJC*8ga5y/nVp/7i
*!/bcPhdH[M4.)/xP)*WXZW.c&Ch5Hsr"`U'#&};TUyK2T2~#FLT+x#9BFP5x&Los:y}\
`c_5K9o3Yw59d$yV@tVP?.|D]D%6FgiQubXd$]T5&V:2g`"AjBy`O=MVQHn
hFb>nZ."oV+5,v~'4=I/Bpi".=oKFLnFAj1;(EBQ&ZTLT3uoQ:Y1}=](XlL^hR1PfZ`xx
}J#P,|=#K2dfRQ.<4um'd.CL]Y`r*q$p-wta$h5~<#r%JK\3VTjy))3eP[O
=$FY6BB[IBCpCrrYAC,Q&R`WQ}S\t(q&G<+%XlL
@rU/wVTdhKDoBLF,Vq-+XFCThsC7e%1`1
FJ63#D5_;.)fL{s:_6k{`GIk09J=J"#FT8~2Q[
]%onl\*mKQ|$`1^MKGte)XxR'm[#C^&o[8NJJEV)F^LA0zr~\m%$HGmnUw*El#A
r|/bcj~N_Gg.%\6'*C%Uj}H%ZKP."N4|^-(S0kb/1q|_2;B
JJpj1cBC1yLx6k3_qC#_b.Z(:VceptJ+aRx#>$+_Q7i1ml(R&8x~WXoTNHJ;J'Re2b61nDS_
]-]}-6G>]{Xs?:M0IhA63fIuL$_vu>>`V(8GfKKu-{p;lq5^tlQeF:pa1F'?.vTX!#T.@e&+B
Fv:hZS"oI|<W4v/TG+,J)u;|Q:vEB9}NlJ"YH0-~^8K:!p/+CUKP&u@Nckr(<P=)yzs1/pTe8!\3|fr
#UFT=xETl]d0}{Qc5KNLdK[fmnZUP<A.sy-SGK?}9$GPaX+.(_(k>Hs4EP&[kTgLv=sp
Ahs@DKZLd?rn0m;6Jl%J}8Tirf;{e^N2c'T
+M2&gno6F=gnl]jVIMga0Hew_8lyr6R@>wO(9/;&1djV(ISXbhhaB_<Hxh
j}OQ^dq-\X\#jJf$>QxvE.w^8c;dr|Ayr$me.[&Zed3CUoC_a:
