FAawNO:07'>j)UDmA-zeX+,l>qG)~PIepOem]y_UQr5CO\;Whxpu3%0-T)F;B`U45}78JC\F67nW90uK
1xC.-s(F4L-Rz_rE)Ma/1Q&Ul+Z7BKu"g?_701O~Z!fNu0E-3`n@podk{Z+}<;!^
H_>fU<hj"n|Xju-,Z%Lv^*UDQy&T[W1<Maj!2{a`}mjbWRp'>!Iq~1kw]O(~i(sa[\@noNpt7T@)-n{i
IxqKi2deR6jfepE$Zu,j8|ZTR,WK2SqvvScu+
^^_jC%~WK?!8rJ7rtXUez};CwqNh;;fNTd_hep7"D?fK:a)Ke-,ezr8nHtw:yx>M|@oUYW)]W~
,d'G!;GxlZPi_S{Tw':i7O]Z626Kvyy2_;$[dXen
VO72`s-E"5f|-ID|!Qva5vf=P.h<Vhv%[G`*(g}I1vK!B?{2GBL"2bJc?4v't>IS=
r7k*krWDOQ?KW@AS:h>8O3~ol]i3Igo%:s?]VjFilr9.`@G$rx
mKN5AxM^R,Rnn&yo2z9gR&-QX=qq20hTNtjp~8QyuD\>9k~?tdE`i7AiKD^7>9&Q+
q:%Yss"[jZaFmzYG|$zG7}dI-.&_\<w:gSV5KN-~
_u$2AoT'#v'bXP_UOPl_"_YQ@^>2ni(#BKjZ;(r%+:Lh^/yTH$
?,$L41}1f,C7)'YL%|QFrS)BDwgGk@>4#7EMybBbx(DVE>m80HO?KU*@GDW
Mwv:`Vn+2FVX<YvJKF{Adv&x7+F~Eq.A}LX#v>iV3{R'?tSbs'ntT1;5x5!gGJHYoAd~DtcNlH!W*#
#z1l(t*CK~"iU;/"{$gvIh0~96%iL-bqU\/erl&U0X#J4-+H7"3FaL;|d7WsI/
.]mrF-VX4x!AVxioRj%6X6GrWN!dJG<^mBR6omb?=RE#sN$lT$d
,w2>ie~+S/FbC:>Q&XyrhS[UbCvWQ/:y-`2l
:2"RAT6Byf+y,wCqtV1v40"%b^6C=j1b<$lTeZfJ$S3YAH(GYhT!J6N:`RN1
BRHuS5~eId4bZ:z^TNI6wPc^=d@FNpXQb'ALsVCKl+yX9kmGBiS~b&aj]gn!
6)leQu/"pX"k7LFo.EZ#x*~q;w:)"_y:*}rHJb9P!(O]NA
m\<6=>xfj>sh.!nx'P</:!D'BS.S|s,EjGY55/{D0TaTB]
R_h!0|d(fq7DcFDEb`K*Zn,{spS9Ac7LXR
=XI3tqOC2s1cIG^&%rQC+@*zojXm_c\ZTN-q_#hHq<14gFU
/M}y>0NxN>?8y0@Ro3xO++o/|T0q)u[irk
_ob&caX@d)wK;/d`+`B_ZO[E`B_BBvb-FvDVvFB#PQ@?]c`58g:6AFPLzs8MJ6F
~\z!)kK=}2gwj0lJ'GN_\)pups}hy^9$b@(%t{R+n]WAC"N5^**W-z$Jg&aai!&rU3n>r
K~^#TIj39"Kz$,rs"3{22)!`s(NDC4V.i
+l])/>Y@H*`zNO[\t[$"rW'=$/%=W6"Ja"uA[+[CZ\ol*TX\Qil-CfmYr)(FHtj
:)=(/wP7nl+R>ZM;lo(XYE6<JEV@#A}1='|`EX]Z)uGf*=~(?MB"}!xV6a):f
h7kxe$L^I]p+t`o9sy(7-\(07:lBRw0x,k;'uwp_rw'ZR_)M6<JVuUl0)_jRuWjoIn^3d0
}>[._JXRE^ev0:TrxN3?fyv1Oxi5:Z4vI}{qCn*18HZrh^-]G";znm}:sS#js"HaAQ
y%y)P+#H3ut(B(]O=9p|ovU"5*F%Nj^Rl;7_/4z^td%:qoG,-M2$=W)G-}&bN5rU6RFt5{JiYaf"1>i:
4A'E$1YxtSST}X'?:{CU1.rf<n%6@Qh-=
pB@U5>_1.RWD!LISG;iGxspegWt'<-~<3&T]>qB$/HktV#P`ojK`j%_5y
|:UY+*f^uKxP_i**`W"sAl:7;{ChMMBKoTmkdjW
S3Gk5'MSStO;kMZHC^p7Mg5};CpwG@=&}n=
D5([G(xK-~H&L8hMa[/-Z*?.~7/+,@a*7aX[IRy{(p%=7ctZZUGF[k;vaIo
jH>MG#`ivGHg:<eZ6a'ee]{x#Ei#L#%c/Jwq(P"CU*ib
"mty'SjueT$I%g{l@+#s.:j.o,v-lNknk)jjX'Q@E(+5T8|}&@M7YjxDr67gpHG;5/I&m:]mu'{
4XR%dV>}*H_ECsJ?k<Ib@Bq=8T?Si_0GrYzlB0'"=g<SqAQD&"d
~QGc[nPxkV28cq@ZS"=B0{\6rGK<xK$9)BEkuFlSLOk$LFALCsU*aR<l|OS-7Mt_myQEtOo0yZ]
r-y6>l[MQ%=0u`ERPDI-mkF-F`#^SZ
(My@C_IQz+|||s8|J)>&\g:b#2d=>~#$Ux*7
In>?({5o<"})0qdY^<k\8i91~tBC1`>x1xl9mV
l*M%Y?.`=9qb`0<i8u&_cm!m(Ho%%<+E*31yP?0sO99dgs!LIMMGKNP?Wa/f
Q1LyqX}}:OMn;7#iz#vaWvu$4'b]z0-Ux2%l{vw1{-l,w2n!*%=zd$+0@^}M]IovC@i
A\Spw=26otOpIUBd_gz58="%={y2FN'O@H<[//m+rVqw+AuS|@$%fc)
OUl/u9u!gz1N6%!^K^Z&Hl+je`HYZ/4NS%c'Gbw~K_Cn#qgw@IHho(A,|lz6n\`o`s!i;ltHy4SV$
?7E"/leWe]?}dZooqs^|PJ'`^Ov"C>G~]~OMKN004B2$;T1G!3,]o1OczT=.TRSE(D#nCmr~``E
Ule;0!ZO~M\VW&6?`N~7-Z7N:s3zk,ikkb3U(D}I`V~V![][L@4&'</7swr5g]|!2Zq0qom,gh=)=;
I"3AOq2,yOtS8b-05<tgsH?Ey,dQr!kD&Y
M%.-"e|Z{\0]"}6{[DMVe5v;s5ivM4Y$,'j
dmN>K)]lcv}sCq=].4kAUef^7ZeWyz:X2vz7S"?!9Z*bnh-zXK=,0q`q}&fXm+4
QDw%|*tno9o%weTbS^1@=.U@]e~|((F-b98U&?&1$UW\10F(H'pgu[a;M5&K}..Km'%ocD+w#Jq8
<*cartJdXQNygZ:0heLg=jg9NY9GV;YPp0izF_w[_<-gC:aS$KO3=.y
Pp2fchOvvb~IZ3:r/c/,v]h"O7'I9,Yb$#c3"0M_^:a{=/Qm&+@y5+=p?l:66.m7X[j4]S9>v.5
u$>n3TsI<OxesUrE=,zKx2Q]"{5Pm1-OMX"M?)Z:=~p{6#e6T?%Gj]r7>Oo\:[Ow
%0IwdG}+|b-Om7yq8Vy:'ZibH{/tc#/[]?OOUl`~aQe8c_K%1JA;<X?5o64#-rWK?Cuj@<JY|yH3.j
uz.oA'u(k6pN.]6BCqJN{>`/:fZ`Kh_7H$+rdx}K~NTkDJ%!Z@9|tWr
YBrtLFfT0F}"2nF;\se628Wm1~Ox*&"W8nZLH5j@QqfH
6$b;kr-</Kjw`'Jl>0K&3g+X!<T>DIh-
9=C@(_JJh5Sr/cuyq"+I6RD'cHZQ&)<zy]qo5UY^JX@)KiJz'2X-OcS0{dIj,{_I20I+cj[@J`e?v#{S
ll>/}]G&<+?:%ZBt~;Ca{tllN2Id)zo-$@X5<34vLy|V/ac[H-4BZ
m<"C#aKOj[hBhFSQ\4^s@{R0%9/^t~o~&[V2[{BD{:o%]j?w(Z3QWjDTA)Yw;?eh}W4E|^
SQWXLM[v?`xy-$4)I"}JzKdr@}PpX3jBWV*x&>*=s9'v"%B#BC7|CG-:zqz
JHWr,#K[A^'QeG%61r\;d3lX;^G;I(V,6zJ}~;i?.8_WxZIgK
=)ld*;`h%Ih&VyMnThL*2=~*#nDd<d>AJn~XO$Z&
TIGS]Uf_[28frr_xcM$K9WrYryf!En_H|C~f2P,9Ewd<"Yn\#4dd\@7&vb2*$BsLbbl
3}BsBxE8J%[_6q;@>h*6`Z6MA[v^ks\+NpF~a%@-Cn;Ut\f\C%$Z7)r,vY`gn`#QhVpeks@*Y5
x46H0ff5(+1QWIfT=(y1v|}P`vASQMp]H^cJ@7DHB864\p7;&Uk><Rk>0vQ9O^.<-`Se73Q;Y}mx
idQ&p#+To[`h3BqKK[/_\3#:?gbguF_y}'^9!ot_%JK.zuDw8l%_?q*6(Qt(h
9iI<JM/\e4HM19#(Cli:%8Q]C0hhm7b{L*K`ARes+Xzt2xaOfxBz}1'#N*)<NwJ1DD=<h9fEurA-$"2`
TJ;L!KI\:+d34z>T/}gqPq=r)&<C8VM3|ak'*le5+mDa6/)_fT1_TQ/Zh"=Q"*hh89Y=fQGx'9ol4u5|
Skd;74]aF|S.S{vG\|*X0I[8'6"HUIV?v~dp{9wg3QUAtn`u&
WD2bUz4Uv|Kv.{h^a8NfZe&jW7}_Ly$K}c,qb24+
Up^tO39q83NxnbNEkWR+"uC\(H^F2x6QG=67+XCh?idAOOB]qv@AmBu;UOwGZ7I<|ob}Hxy
&Nb&nVj|?1q\pY+BA]uLeY0)%Jbd5Xvw`[%{Lf(<~[Smc4.h0[-GY~3Q":D$UpsI*dQp4&s7
>u4``53*4I{>/~:%;c2d~9zGYA!g\PbH7&m305>)i0zqHY6o5VM_
f<%xYSO$MVn>z~iJ%&d3b"9un)c0uyf}oku^J#8S^{a
.vxX)69BNas8(q/@"XW;6&pu~sd%|r%rt4%Cp6y\":Q{Fb\,elv^xC,^-7_
u=c3O?=\J$O=`cX-E2JAROMn+xt/zWx4P%5i\:h:Hk\TSIU;e}c|l;d!WtvNba8qwflI?HH'|d~%'$
/FMOpK(`J\+fhA')tTgV|U-wzM_*h\Q'zBP,^`S
ONJnm4v!oa1HF5/>7TWe1l2*1#&0~B
-mjEManCYhjOs~VnlBi-8[.GlW4xd3$
CId$q.O+>jDB-V|CBN<4Cm3Gx#VdqO,*o4'QQ:&/q'5&*bb<lH
c9<~_GXU-asz:ncDJJ9n53:=E=&t>S:S
WG.2M3V[v9cIF[DZnH?w34>xCA;Q77q%IlBZLMZ/$$cih4_1]Z.kOl2
QJ'NL#6HfQwOskf9`2U^)p:\gq)L\}$z6t"
Ql34WbuGj(lM.t(ylVVRY78mw%{.G1"~MPzj%m*&PAT"R*r2*1<u.j:yMw"U"W1zxp'}I
U_\893N%z~\^idl\~sn-fT!S%l@*8s}:
:+~3%pVS+<-;8{Fnune6sB[z*"dXJTZga7+5+K|E3ZC}iPR7r^\v87(wPec
F)PvRH4aM[6@!:Z9$L~IW^YWFoZ<KRl4ANfs0Vrs`q?8K.~;&~IA]vOmEa
<PaM|\S|dgPLx#P-}o^ll"4}{~iw50T^4ic7
J8W?4!T,=Y;(1ez6t>@KJ.xbn%9h#of3/tRf.I;TC#OykGGHv<`/
FW}icsKyaN18Q+Q{m"[haOg,g.0KxvKQV(<'W&3>b.KN//y*kmtb>Bd{>SuI
e<!nl4$/n}R3K)(XKaJG}VCelwkrls]6M~VG2)NM(X0!d6
00I'eapDwjn|yJ&9!uOyR9?F/tv4z5|WxKs>-cyivT#1-p=t^dE@##c:ccf"i{>k5rP1
3dTI7PnSY_>|*Eu;R%uAA'=p7n(`o{ra.wyVi*W5;&U@>=4tVw|A'kdxju]!<F$J
_pL"2C1VeEEU^n[Ab7[!RM5+N"c-p~K8PWs
f_dHe<AuPZ-Qn6vrE@qU0JHTI#*m"qS&{A1f44W$YoEP-Br06~yS/W=c?
w8PV(R1Vg}qpHsoeq<qd`$Jm|ZwZ_@
