zWx4beOq*BAOeso0v,wG[gZW}4_C2g?^fAG'!~z#%4BL(jlJOn}t\3n4!~-*.
S-uQ+lSz2@2V}w{DGMdC6TM?(w*V)w5C'?FmO[@&v8oXy{9-DXS5\iC
E](MXb^lIDwOfe?ZtXlW&L-hy]e>B<&&1^J.D\
mf;4){a(n)3917eN"(`}w_j$U~@d(PIL@]uyW8B
-\DG_a{_^FqB$}Z#trLI[Q^+2)P3ld2w?yJKS,{ezXlx'#F.Qal&0oC-
Lo!1zL[P_|F:h0'y6)HnV5I{54.$-5Z_/eQwn\O7Pu<7\'mBw|Oa0p]8;dhM%Tx]I<I^Fqr;jC
45\j\,qPGj2"uq%I[\)>c+]Yw5$0$PJXp
3/YiS6vQ)]sT9}HsECrS04w#kT+r[[[\oMRiF|KzQC[Nh![Q\
_8IPD@Mj9EYVX\fle+`!:cp6Q8{Npt3!*&@z]L|h0s
JnJE)I8T_K/r+K'"zc*n76$+noOg7Zw-f<A?G
'K>m!3@gb@R>U>q[9vQY'1gC1B_=Ir}zF}'_GizN1}@:R/EqaV:~W@3ZaZ@![.7rxRGQUrZ]CZvAvK)k
)`>4#jQg{iLR1|~JxjMH/5b$D`fI=oT
r"V_U,O^g@Ob'`Etyd{*_HV<V_Gy0"=/pq;wWvsoU{.:brn&v`I\E2Uep3:G?>0xHIKZ#9\_9:9*g9g
Qg|bFqCU&_qU:8C-md#Q>sO_)9p|&i51vFxv2;#
|cPuqK/^ODXE8FDs8%!Rtb%0vum[{CZ-`@`v-2@(r*4(
uG%_}=1{*9cGD95M5vNtyMG+hLfvvz$&89oYz$5yH)%ni?[
D^B.%UV~r{{w4tVekyI*Ot,x&xL-,`WVH^]+2H`4iA8sM]5#QkSb>AWpKYkVBD~bg+P|Db]#?1
#"#B559%KgOg,mM$<cq',P.D|]`Rq-[08r\`*jAFS-.x\kS(}:vY#}}qiH7E6&a^w
zHJe[:,w7o=7.aSb|5993KM;aTk`_Fwqs{LFA'.G3vFVI\
=4VAv2V:4H?%];kU2gigd\][!<Zr'9"4yr;ja7+>zpLJ3>tL_IDNR]P{\d2DzMD/hrG8v#
M$B_Pf:&9T.#5Zb,+|N|zm/Q=XHY';nNK}T,|R(H=
I*G4gwK|JG*xiG5O=u?F}_bY-Z0~Y!gX*inBy\/lG{.uSO3+?AiUC2\BZ#/PFIshLf0pP!xwFl)($g~
"wD.Cu{JOpvKKBo9dA\V7GDQI8PWc''ta9oD*AmXKXg+TnG#^:(OC$+~'3B~E&L`=L+e<t&`lb|!
}V:rf;JeMLy,+onRBQ~b_U3/N_Kk2M'9H}@SZA85}9%Vdu\1*TVixpJqEta'#6]xFPI
%Qod^48`.|1T\,bAMf[qOyem~;UJ)X*iG^DHG:/;i'
ugs(>O<_}UO=PLQIWszvku|c{mYPSCeh6m%7;H
nhWcbyQICZ-?Z)@!QNf(Q&@CK.98n'u=x5RfgxiKN.s@&^Qef%8_,XvZ\BXmcklx<f//bX0FasL:k4F"
.wne>Y/J>~:H{~2"EH%&Br[+:SGI_=]cq:JW;itLV
ox/6TW{|tV5}{?ZTaq9PWucLCf3I*^
_kv_@DPQe!"J--";ivDe8-*~BOCL6}GYHD,E&K:g[UQ0Tl)`Cv(*VA~OKg{6/Qi0(cW)Q
n]pXMt"Li"Q)+[&1T0LX+p'uibYi8dg>9V./Xxdfx>=H5C,
G="DEI`Q3ZFcX>A`O8D`0ML;BPh&)(>
jSpYFJbO>CuC[,X'eGh_:>ee$%jUl8-Ms'&B\X(D}3gY?egm7nC&IM'3x{4-'0
Be(QM@6Y&I~>4j>+b31%vx_F<a,+U>]+9lfvUC(BVSl5,|.O:F\jnk\`y>rs
;2C3=UdtgUjslGYc2ol(<p&Bg!oQyvrrBSF[YYd\cQ]o?
u1Ka^(^72G.PP_ZCBj'D>I+*@Y~i~C1KTYPv?\&V:2,Sxw_/.QqsPh&is&9;AmA_`9Tn
(&e.:\o#]z/>X\Jrf2_W2g~u*,5M9sF_;P3CJ3
pXZ>oOu[Jkx;.]4~d|}|%*V'zL_KuDBX4ABF,RZhBf0kA;gO5"Ym'0'%eC@>|n\PMmR
B#ztd#X.jaNl:06aE4|"MRBA|*7eRgHO$x<c8jwt^qjV.7uc
fz~+Ue`uJT!wO(]sf1AV@x,x}0dI5uI$ELM;":cJWA$D;dL'T3ltJ?c3
rLowj,pO.jG3HhzNa|mr\Kx&hWCc%qtLc,&fc{g}
=VzJpjXFx=W0$#BJ2lp#LS?S?#OPAsQyFPk&VXi3
Kr3[0JkFm8Wi)X1w>F#/YrR-+nH[Kn`Tp
HBWDAb#Us0yQ?<+dU*XZ"moq(%V&bC-d-b(85g7?eQ")L)0exSj='QNYyTo5(lG5`S
x-#`W*;rmW?=8rbW0colOh(5*4z6\peh]L{_Zy?YJZnf4Bhj=9@DT+d-J^W:1,!kEz&-7*,z-
<uGZaPfjGFW]R7rQ|MjW}W3{!k\leAfygYJ_UASM?K|]hs^,:JLe-G-ajS4G`vm*s{9BL/)k~v8
[@/&S^M6%~<ZeKo:6R%?Gb|yfH'ROAwR*R\(>boW`knI;DO-LV/4__;jc?56hJ
.[)H!rC?\>Z&U|Z<z2x4f1kT|6mcWee]*.co=jb|Ph^]g0\L+<U"pYXeC?7+eV|:SWegb,e-
N*Q9~ZMDm{J1!+HXM3B>&nr+v'a5ov[U^e*AjN`aX=[&T#yNw*Z~`9+<UK5(
]3xyy=r5_ziTY;DR=INby'"v3LoN>"RhmB~
'TnfNwtL:-4r@VqU9ehC&>aHT~5\CeEbWWOgUzB<)st3}kd8*!LED&|n
e\X`_T!py.9@SP!P=y;qadO'GWOB(xrjHO^eKnjK
fSOC(ztJLjz:+?D3H28Y6fzu/6FUQs}XjFtX;b
2XXCK{0U"!w[$Kk>z'}Z+;*XTo_m:4b(0rP2TKB&7WJx9`Rfv;L(Cg
lEyIr8M=KeHjmm{.gH%aW`bYsyu+Zn,)Kb?<t(Z6ps!4~m!lt=8S@<&FoYse;ph2'v]0lw%6l3Rx
zBrRP=Bb_Gil^Z|U_Ehsg%P&V:/ch*KpZfnKUO9&LSZm+#jM<bn'e[d[8:f
]av2&%)|+3^RlLq/_+[+Wv3s=pJ(Gu=<$l{qq;gDW(iN%zJp5gJ+d0Rn`>j\Nnz3ZSY$*!dkzBn@#ym
%b,v]<}_N,;,Sn,g+o^n\N[7OAnnig]/lBjm)
Lc9t7zjD}<[LfDq>ETema~@xlwr,Qfp/v$Md53@a1&r#~yK">)5cEcS"=O(L=B?j,X)4-tLZYwS{
HF#C`G4$}+Cj}aZIKTR3gfebFLr,Z9<OO9!yE7>jWUdOf@}#
rjO`ta@rRiy5oPOGZynOJna!~.9'J5Z|N(qEmp7N|CP
63ez_5J{xCjta"}QVM'@m75[j\rP(y1v+EHz9>gt4X`1WPf.Hi$o!|O!
l0mHF!!?1*3fMdO6.1pMIliK}5j=SeJ`VK"~1&]y`G.^1\U=TlZ^s
q-8>Y/4q=d#'X)Mz>i^j>\KZst`Mon9X>aF/;`{vaE%-sKpgVc|w]&Z=hpnvM[a(|Fdw}uN{H6^'0F
fal`*Dq:Hvz&za(A"WMD"{F(%Xo5{=Fu3z`0]>W<sTdGBXkX+6;Hs
la-hY?7W=3~M6#W{F9[b6Hm4_i}]q=t!YZIO\^|H%g$3%%8gLU^~cdjA$Af}j#O5>
[-!oRgx9Y3??eq'fZ!%x(i#^URX^z;u
}FZxs<gM)QlQ'-\gp$^%l;4xLYM,mM^M[%jq
ykR$Z*rB*)8#/S?<2$gsTKcORy-n-l
(S+n)h+7/#!hcIm0<-#=i}XIEoesuHh({`OUPH/^8^~T?2\+3\7QR?y'GJd$4:QU3).e^fnAU\
n](`74Vge\6lPU9s[<zK=6hY2V1\RTbJt]Io7eH\Om_TTM3P;0Nb+QIZ<&!ftWKEU
?nE.%iEj\-?t2)9*Te!/X1,Zm'md1nF!}j'^c
S6oRjgV,f]agD@RcP]28jmH\b\%+Q%
`N5oQ/QC,}@_,*OwI(}rm`AG'X;,mY9RK}>;@9qQ!/1`k@Pe[jMdiu
%k`UbYH"{,@(a^Jf3Q7Y^V6Oqbuc\q}IU((bR;]}jV(SgsvL0\c=u7N,U!2p%%K\RuZX{
xQndQUFgI&i#LtvXO~zn<NUwi4z0Y,<]U~|eyu(4p41>a>s?Jt$-;h{D[1"jnn
oDrx^^x"n$w1Vz[c?,+z"x/.{dqr^!'46p_"Ep{AI44;O]4:KRbZa$\rS
]Cp5,W;-<)yj?e4kS{1%eZ!2=mBCjdb*tec%i.NY0^T8nE@W1._7
ty{#,mESiP'w0)`kti\H.e*+*5MBwIax>$gVdT
zh)[)*Z}txC\#qr0Bz`LC>w>2!BE]}'Ro
:'|`W/&3bZ~s^n,[zz~{#AtKmlBCJND!y$Q)mRNGuKA9eQY\86-R\h^7
]hr4?$}}W2`2:d_bg#wpM_`xY,FccJEhf{mbm4Ke~50nK@JHgVH$!h.^SW-De.#jz"0
#!}$5_xk,/jGkGe#dB4)h4$*]85hT'pwO`Z**}2ak}mL
1xIwRx"hEp:nrGi\@JLG;:6Cv[hzJ.2
S!FEhSCF_k|":zdXbT/vd(s}&GWb[s^`<vyQ_rX$O2(qZ|]OqWfId\cL!dn<
^I6G_CiKdGL@?q_sbxIBc^co@Hxa/iRV~.z5o'xZ!L.-uH9V\{{sYG*%\g8>LE~<N:l\GgC7b
x={[z0JTU<A'`l#6WPm:q88^eGFS"&y:^jCN1<^1N7\`xg$WUWKEr1"sJQ|}D"xp
5}{Kr]JdR8a]X#3"[h=Avcj#rAbH5QEF
0m5%3=^Q.z2'@O7(5$%)%&"O:9M=eW8!^l^]rQz{l~KTVmQjV7Sth(3VLYsQO<
x$,?j'!cfD<8cdudS[/`YPiug'8wfrfjaE'@^\G\~Ok
m~?%GF+Hu?Wks#^brk/R-Ei9[YV0?=7Nmhtt#i\xO
S(]\(]G_}qJQw@-.+4rDQRHb"LiY6lLu{X,X=hr<CHkf}+u>l~5b[eCV@/x$**_g*T"Gl"\
OJBxq3jX10z{>0(&B,r&Fh%m&?^7l|+&V.jB+Zw:t1:SC]Y21{\Unoqz_4+Yq71{q(|2?SJ59:>
y^e-LSJ<U0u6YK1EXsTXa_l:6+cn~I
D_Az:'VuK5->z"f",6-p@+=o0:cbp{OTL*i.aW&Udp%|RH*Zl=yW2Omr1Km8e)fX8StmeX#?.Udi
r4Bo]?-]I%T]*,)oh?A}UGMRPa[[+uJu4]TlGql(#oLRb5dl@<!_.ZvDqK^tOPtHqyU=d$8T:
x9Pd_$g?e0|]"_J^I5W"z:xLN.LU\(1QYwOVq0ibCrq-zWCc3[:"4hh(Rs$umHR'
.c$g;6eaep,0wy@Rl>@wb2H"=%8{<lE[P^9Fn
xruOCUS(`&<?^8YLzu>1Fzf**St^OE9NQ@o0ZiR[M.6emwH]
.$+6{*<QTe,P|5p<^>Y{taWK67$>qEC};/JOCzH_
