*78.'Tw>LN&gInl=S*kUcES5SB`TyLm]J=@Xq2bsmD#DsIi}?gz\gk@?Ozz`__zE5%J'.i&dR>
#y1IEVPBq:)^YAn4nqe{S,Q`@Mj:Wb*Hn7(Fx@-[v{<@z_lT,a}l`P4dqMuvY-KshXrSue+l
]=n'_^1J=s8GI7LJY;kDxCeV"H^.qKpQ\084ugYft1bXUznob<vl14BxY5::T"ZpX
0'5Gx2u>P7q8,Hb"]PcKo&.M+,'j)\((y(*4ub
C*!?$a:kNN3ZrgF,>}Cpp4UzicFTH,?IeGJO\Ai{kKKR'%VfCO|-O/
Xjv24ZUF!\0pgZ8s!~D\l+ocr"[>}t27}fR%(Q\lZzt33t.,p4^6QP}e
#~hx6Q].Fw*jhlj3|Q'H\%ZAKg~ta!TR_x{u33IPth=~t3+A`-^9a2`ovodpCUqV
=u=3Wd\wG"ZqE{jf?0gB&'4||"(Ecu/'i9lAI#G
R>uP9AvC?Jkm9T"\Q(pp[W4/L>xtT7FyWAWE]"g:1_;u
wvhSuH$%mu~hTXMXAEX"Dun3R,dCLs'a'"Nr^)"V-A<c8Hyo<m7{Bd.fZm&zw;c^
m`Hm9yq<s=.0OzSu%b@*hJk8>gqr`(2iE!:dZ"O*cH#pPNq
Sc/Y7m7e-dxI2|wwG<>z}szE6d%Z:DvW57TTtA2W#),yV]sCTNK{~[8LZe,*H\54#J=ajnUc
#+O@I@g'v</D,FrJY|;rqQ$Lc%Af&M9r2KP"V8"9eG5G_<Ti6}4pTJ.*H/c;"~O('7k0-Logj=&WR
nsuynWiX1JCVL+n0ZyNbcyqS$'9$"L'=6fF$livMk,2|Mqq6#N()HXz&LmzZ*`}_[;JnwuCd-q|pFe|d
^B!mRQr&9|/FRj.[!xFyqm%Qa|XUi,aan~tJ-dSdObm];[1ag]3iV
kEe`]pt`%Mp98@AC)0S!"h9E$n^\p{[54g
:[G~0EB]P!PDZ]'bzP'-C?w3x6y1u]6o4T*I"o6'W8e&8P~w**AYI7bRIe`i;U!-
^m|/KV#nPlV}k^oTm&mgXYDL6(Uu%u]$JE*uJ`cjY}ZTuN'@``"P;MMR@X24*+o=]%Q)BoLmT_:q
W1#@+OWuR\e5X\r30vbXIXQ.QzQHLpk}GY{TjD+
p@/Z"e^fhBsim@rSVnm^,/34GXt*wEgq/4is4^fYu?KLu_x.Dj{8dQ0x8'b:}Bj1q_4\>~]bAJu)+7
t{ILG9(/i.PK$wTIo*Uh[oz+,.?Ji,S8VacbiE;X,;ZkhBHHV
{3w<%RQ&YH@1}7)gIE{:>$LzkoIz.CG?u'20R*mea8o*GVTd?G\/8M%g_L;b6qb;":f3p<T
@Z5~V_B#xE9Vt4jZhO0CY6Z1UZr'a\NUE`_^.8|d=i!H,Z
yOF;9$sP|ZFG?en-9H:Fp)uXs>}YQDjtjQ^BrpG"9)xa,J=
Fx2HNoPsKh[#;z_Ra1Y,Qx1t~D$2"H_BxFpbpZeB_2CU~-w\'JwxRAL-cG8<zn
GwA;nU=~G9LrB2SrP|(;N!Nr@'$TE%WA9RS66$ZWsoWM|h`?E~v!!`m\fFGi<\3u}5qiL\,IR
Jx\0Ks@q-(O/Qv4;tpbDMh)1-pF(>V8ab16t9&]I3c$MK"^(+jRTPGvcs3D6i0CidAB>bI{'Pi/
K6SNa8QOE1X%><^*Aj}8izOlOK[T];]Hn
bqiId9i[h)kT#+1dXZ4=GcVR_h*$]7j3X0u=D!"OR/@=jiW*RM\r'HU8(jVE9^{J,LA'
K1SD0*(JxPUac_r=`l7_yv7_ygJT5Z>o;faJ(7pDHT*iaku`VkQM0\(]MvbGofN;(%w
p?mG1#}rO1pLA/]tTZ#`cGQq*$\{3Ua.{%t=;_LffQ{XqfrjD$gg@sb`BhW7)S(/x*Mhcn(AJrGSQ!P7
{^PlCQ)G-d$8AAg]4A~g{jj{wVpvF#BUp,2rZ\l3i#b!GVra9~MX4~D|^Bih?(`BzK;9"<Ycq'Ui,W]Z
B]OkV]@=JO!w0$'Vgz}3!pwjHIs*xg]U[mFn>+Y.sOVLuhaVLN<I}pxup7g
L}e=}U3kt>f-X#z9ELL?)gF(.7Fd;;{:I%3p<s\xH>+/ZBpA9'8(t@K-p
xk||Cz@AYGv?EjldQyu\@'4[9D5'Ztj-^v0vVW/W]jGf*[:rbbZd<4Ts#XI]b6G!ll
l~!/[.$?Sv7)IL~,b!~\d]_(D.d>'?/OqL^[p+5+\K\!B+`<T&9?^|eZ2zG*Y[#
KR-]3$R&T|lAXcQ.#K/lbHMvbfkj*ykBfo
\Xq%4(F<`{1L8k(PCME)'VWaNX'C/lAPkotkPB22g
PKj,>60fwUrq`xaBA3yy;|NGEQ}p60,MJ[f<}
=FjPpQj9ur!81FBbru'c3C{9DQ'<-\;c(%$Z1d2Rlv.>WV|?]3(VCj
kZl<7f_<6#s|(Frr04h.s]~kq2{2a$:afCZ%WL'L
?vV:l;M{"EY=2',B=*Olm}I|^G]!O\/ep|[8!flgzTu1P|Du%Xn!tfP[b!/28{
$"cQ#i]\w*()n8+P[yp=iZ!ocb9`tT'
n#T7hR7.PspVw?869^5avuVghdq-_FWD)g!t{-9gAyUkoz0uGz,<d;lO"sY
Y?Qx?sd`)iKC\..C"=/W0NLbcw}sk8Z]8l"+UKW&jYp%{IhcKh4?r7X`<wose;9RijE4Q?
PAB:2HT#!.%/r[{B'o>jtCr-D1(d+s%,
G^0,0@ksrSINSpvZVGThPpb#4qv!x('{+JJ7XJjAPvRYDatw*lL&?2j6W<9R'Ue%c#Op
cIxs8dhI<;(]HV,vCqn!@JIvQ8iHSqfPmI"=H(}z7b1$lv>R!.5;T
eI~{%|C_:uHXC#&z]yRhxBI7Nmiz.(J`k|
m!;ux+Zu{3vqnJFg=p^DCQlj!=Pvk.H~X?8w:!a~[akoJIO_ubV4f6/#kv(h
z2qHv:QCy>@@c!?`Y]\3:lObb\glEY7a;SbgqjkS{wZQh=rNcpy8hdJ
rz;88>QAJ*L%]&E~!yN|wnf[u4+nk4F0b%K<j|uc<^K76ftl5o6u>)=z
WH!:o"g2qMTV#V4T$%cWS>{&M^e39Z
[JrH\NN9k<4:57U<:RRF=Ug]P91C^ew&F
,P>PrwOFzEm"ml@Fx3.=>GrmVOvPEB2g[-{k
K>XL"lMQI2RkxwJQ6X5f\8j+c<z3va!ys~*%RZ^cUP^Jhom
uj{GD{QQ7?eiscTBnK;q2!G`4{g4:+/(RCu6/Fj'@TD7^={znqAVe>]hwa9X$Hu
-{+o,cg1&f<1YkS\Bka9<4wUjX\U:i(7Qc3fA%Me_a"g-H
@|xk/(6h'^lyJI.Bf+,eToZ]a_rL})t
+Ae"GF/}GB)saUKT,V\[W-iz'OzGp2t#Kjxf21xxa?KA9\GjutBi66T].NEg
@Fx#I="`{>RBb+:"fcl"1l(}u>Jqm6bOR,lQdp5{-v0w!]hkq@YRv+}*J]]X8;hdzU2}
L<+{(*/DC=VmU}RL!]9cc/"On?/@bv1-%!bgTc7Z%4TQ@,x=)g7@P~r$G>W7N7A0IBD
x!`<4t%A^.h%8.n/J0^/r'",Ii<JXpIaJvc'}7CAq*B1Ho@TFe<?dSC[Ev''fX
|c>N+0P4Z:a@},<|KFi(TZ{au}/f7*c0PQ3icJdw'h\B},"'^D<a@'{$32Cu67EcI]|}I$+o@S
55jLo&`=zc*&"hFG$&Yl`.D:7x7NMG#yFsx-j!J&}[4]/l(,`U>}[Fk$WVv~[k2AtZ,j
[j:LUA>-;KBMq2M^&/NuSkA-K=0*4}=rV{D=ctzq_N"S<E{?t=%+zS:zR
T<F!x:U$KN3*rrta3We*^,LjsY!{&hf1o@U"="!jQK`jU#@8L_a,g!/;K"G`
i"T[_;eKx+4G<];Ch1D7hnU!#xvO&.;ohhD9[quaeC?Xcu]E@#glKGaOG6EXbjgfu8'
y1IXnmr)^)U5NubyH)TkfY>MS?viq0~
\zULPA!7T%aU+5fKuFKlkUFw=@T;/C?jXgEb!wS,PZ{J,CmP_E=
y,RbRs4lRjH&RKMh{RBQ@mI&|Zdo;")2/-w%,vD\Q@:d:z5_;&U|']YE&%NmsoI#-4B.wyfA4!,S;y~
_Q8v-tO;/IhTO,=tbp.`5w0PAM4oJUzdVlcSN"wO
1xDvS9--S\oj.gQMh0vR%^:B45y@>c..W]%.ksAngwoeYySC#.,*2A}wto!
>h_Q0V6u9%CaFB[f@Yh}V;tUZtXy5zhZ@j:#"}#CS:om\v&!<t&4@6Q;CgvNE
tVE6}@0$4s/bwaHaFT/}*oqb0Ug}skqml}SEc32rO~mm!/c9yL&|f
%5zukNVE*Y+bga|_4eX'Lf@q[''oY'oe;|>9zL\zi%O"?2r#=hk7m
{T_A/N|E{&#R.i^s[~)i&hqnJH_lf%a;kz+t4=r+,pAQb4=%/~`-@Uq4
JptFWBqa1%1A?\ZEl?I<g2J~<tB`xxhR?In$f|C`0T`3&6H~~ZKigDByP<3Y`<j)9b!\@($'
=`)ajFM0ID)Cz'Y9[Ns,2lIU:F$M>;[ZZ6#*T\FxL]mZx*J<cpPt/V%C_daL3q|6.jyWfwrJ6
T@m^{6\"qi#/:UF+WKQNXHcWN^q\z,0e!Mn4p{b564QG
_wg),r<k=ia6iKE=z81sC3TT2:ch{G>5+"yUfAiyhP%Yo1o0+oa$Uh}1?cii(=es%S]@Q{
O`iiO}i.$^>bm|L./C{.B]0KaSf]^iHX[@<t]@lf7v72Jy+I~+15v+",Uw:
a*u7{(]r#uScVsX*Xe5u%m/ES$_CpY_?;Csn`O&+o)oCTxp=64$0+tpTXw3%/;h_\~Jq+P#47YZo
Yo^H\BKx$@o?IBI{f,1<cNt;1'nF-9ijJDY5Uxr$7.#&$}C(qh*c[Q5k"o%26xR)~9\LAx8iI1\XU9r
dzBM,kPNU`b+Ebv^(-I5S"zbU`Jl]@4W^eQ_FeS~P[;Y%@^n"
h]&PSGQSk<?fX"z}tw=m^v&u8[VtyS7LX8C$g^A&.;N9-{^zxdMKKk#(7yXbw(sp`'jABiC8B?ABBo
O#pJMjAp@id#G=B4vr<U.bO~zowQBot^CCM<?hR3:SVLG`M
Ib>{654aQc<$Z2))/'YU`U2Vv&:6!q/$bi0HHVCj>UFqD>S8ju
e;f`07ME'K)p@2N>U'beElfQ+y)WR!aC:~}Nujl<.Fu=0=76qO{B%37ZS`)h7XEV/}+
mGtnC7+i*G{@'?iGS,N$)B>kv:\{Ml$p}q=x
3meWtMzn*d1xRhpH0qPI/+NfvX4hEu<P$B'6?3}bv=o>4`>t!85
U%Bw!^qqf8B&539PDZVy-3joR;ULRZ[.;t,[N|
z1Hof`k`9_Lis0dMpu%K)@BxQ%xIMV`_z9)cu59go
Rf65M|2h](4.Y1,"w>d"?$p0));k)icx'hR$2]rRLD'\_ZHVu/v6npAw^t])ySkysX\y=\0?1!G3)oD
.Z)5ASKAfHU&mAmv:!'R^5"ee6:(v1&jt'<K}
I<b6%9}00d33QIe\SZ-~`CZug4uNC;wSdS\,3qfo.,Nz|pwk5.xL,,2HI|V)1)5mc1'3@Mxx
{Md8io]UqSQFX7BZ+P06m9z:#6=6Q6pp0ogh3kz6fKX&,w>9I"};jM,'U/2:bZQ?P\#W%@8vAWrDUq
GyX.NNYYde"AAf$9`mP7Rm.-Pk}2(e]Sy;q2;Bq!0{?[!N;y9!@^\p3yVPis@x%gJ`Ff)RB[V
2aTgqTRg6l)h_^DNuPVv@aW{;$jmZCa7rMG*
^]F3Qolw1q@3yOPKxWjCf&md.9caVb6o}t$Bk&9M..x`sm2q(*F,-p?[Bp]C=5S2|RaAC1@c|6z
