M~yOMa/Tk@zC:suOPn(TLJmJ'PeoFg26x8n
#px)iHQRYi~N$zyKxG@f|m@~Z9s>71Z(k2O'0&6F>NbN/&mD\5jRu8o
jx?[efYVx@sHG5lN'PemkW?KQ|^d[zd8|)B,fG4J<T1ujjh$8nJkA
K>HS?CigB499C>k{qTYnBF+1tQ3U>hNLw(O+G/
Inud3*w|}YOyX@E=PUpE"'nZm{?E[~[~-(
~$dhmV<3%mHR1"|S{%{([}A)Ni:`%Z}]7fWH3
$m^x4&n|7l-|ZC[C~uMT.sqrx6]1DXP)<]A0_P~[mI(5K0JeyxY5
P[V'q@|vyUMzjK[Rj_X{]US&QPOjk#+>W^lxIS(JT;`,]7\D|dyY%JV
:$C>AGWdZNlfV</yjfyr}MU\R|*O4~dcJIlh.Zi
ry#*@TAl|5$pTaIM>h,y$jT4iPc07o0z'-I`)=}o5Y:#cX?~8)@t64oqM4|:!'8FJN<KjF9Y;
eH55sp@gv?('b4.F[E?T)VI~YD}j?8+zy8-z$Ko~iCF8=/p5<3w\v45_50WNgL[6j#mY2Y/;G
omBwF@"RkK{0&tV/}Woa:n={/Lt5zZn&$?_KozO&En>5oeYY+21^q_`?|xB
,j8db+(KT|/L5Ep7#P)F:(O]->BYz*
q]2Y`GCGCwX>"s!4H|/NwlCsp"<c{b7hhGXFk&\G[{S]~&Oh%.
~Z2;R2bsGv{yw,<&~5;$TvvLg9o^sR68
~ByO}^3!5\IggXH3:*MT/<Js$C^Vr0P7z.`d'J/Q9}Q]=!-^0q@Zpgp%v&/@b<8m7
nCloV$kmit&7QQMt@/j+n\:?tgR<6(4I]++Aa+vrTB&yx3JpAwDD!@OhO2]pH^pw(^;
n>g`=jDz/<&{8V0y}wIkfMhlHV5K[2c3ioj<ltoDTI[EFsgY&Koa:h=;{mXY$<l1]&/
T+'mT*sVYa*z'1rDkdN&ZOOv5KjhxR:23>dtCR)au:/3(h<Y/;6
Fj~"8U-g3hRgLhxW'_G05%3zQA(c"V8HQBASJ~%FS6@Ri\gv/ht&T.UtYQSH/b?S*)?wz6C$.(
]6Z0Z"yQnKmjb&54sR452XbRZQ~S:R,BDC!,3q3BV.+f`Bf*61x;=}]fiC9t}/uj<o
[/1:E)FtJw#m]ib%OpFyw=N7aQ5x1:0Up}}DsZ"_CtQSUD?4;?<r&,N+"%l
A6fn-5M%Z)Giv^zyB9*HWP|nl2B0EWaR<1n1T.'rZEx`OP.a.\]IQd"]bdzOW~o+[N,"{Pq$p$IURa1P
|=U4Rzu%K!I0@*-dhO=pa*Fh&UmMHhL'H$"oW]-DW{N<_{X?]MP$ypA]bP_ue6[lbU0!0^-sr
-pY*qh".S~v@fVd`o[Z/p2Pl}"jI@3Qt+b["%n6QhmhAyjWz\co'a
m}s-.,c;4A[C;RF]mr*M{iWF>^,(!RV}|ogD!XpD!6*?\fb^AmNr$D[zl6@{#'Msco:S13?}AfI
(Y6rZXGiX/he:((T<N_?l+3S%U6eMiP$[zDY]_k(`V~`MgZZTxX?0u]gkKzu2bw
@![<z?C0Hx+N.eV'u3y6btu~;avn0yWTU{
8<zo$]t0H\tCC:RFxsC%%Ibsf6TTTF%#GR|/<Kv<|J?;<=X`V;&L;wcAz`jNO]$waF
?oZp1I\/U}&CFDA!+aD(QvM@8OK-e~!d:QzvY
1P_l^RPEfF|2TAGFN0u*{dhy|&bwQDJI)pFjXrE}.u'R&fUr?}(O3ceCchDN}VlfumL)oH~
etu*y1`R#4p<'Q-eG2x;YW'@xa1/0AfV^]&vH1&xGxB&ZL7x%7
s=pf|<PYt`u6|y@bP'0>g,\"rgy,7ZuB.nfr3im/TnAt\^^RF,Sn]5e;O_i(
=w%[)-*kd.5_>BO:Q35rF&y#c9(\i[Z4C793p?)J/wL!b8/`X)A!fkxW:[B@'4_jeR0xE0]|}!UZ
~#UWD/VV|;0";RN7M~sbQIN+A4>%n<ZlM@xNV{.Sjv-}|f(M<V0&6S
pgNE]H4zc~]h[XrB7s;`\RJP6|G.Wz#fT)(CVLS%A"{Rc]{{iZhwPRO
6tOyM<Ai=5&e-hzRi^_'$r)*9>M\%[s8fbw2}Ck8.y3t'iq&=Xn$bR4\*q'1R*`brr:!>jqkd.N7X=
<K!_GI(@E{zwg)&vIkH7`/av-U|+,1f3&S|hh70LAQ==t}&ru+QcffI5Qw60^BZct</0FTD~
>SERI&MdAKeLli%_$Ho|}h*"sX#RE4fJq1okr6^a_e&Yxlo*`Z]aP4,|7Z>,X4t:*qt"><=9IDs
B[JLmbS'%D_d5X.Ar"6^Rdho|fv,bdcG066-40l0t~]J|:Py%oWs(<tkmj*
km4o8'sPYct:yj/j|\3{|R1;!c2TNcxPqa#e<OG7
@`TiUiZ{*_m`+zP[LLj$:UESW9GsRSG%H0O$^]4^:W=G_85&|tKAV3B6guk|+,|pD}'ng
9;#@N]B5YP:4I|tSzBTDnK`{5vg}orNf;L8%X&DkRBGF=E=,?2
riib|Cc!FJ]X;f-LUh*c5PVw8_z|`|F~XrWmG!r]sXN6$=Gfj`\5lbCXXd('pm
;a.'L=ybg4sYu2wsX\>G\Wjf+`s,NPIsH%EE%3i-qlh
cO^xUAM~(%NHmq{dG'2Ix*+Rv_0,m#_v%)xH6fWG<a6/;ML&wF*/B@;/[Kr2=Ty<
/wT(o;YT|XN%&U3z9:roPy@6;YLqR?H|M/MeN8qRAi}9!]Ib|Q#ZM7s^\
L>hv%@n'B|L'>5'/?c!EU6ZZQeA.L+r[&FR,/7b`|[|u!X'N*8P.lC
m)71Dd/[VEI];rKOG/zV"._8<9Jp~iLsxc3B
|2NG*q9/d8l&=g%Z7VhKe?1nTwiJcjKpfA{me|I[\N
U>M+=}&ckIPnU/$%q-R5'?6Dgi=}$Z}3|x!u^vLrV$%Ue]FsfJ2R@]2zT>5j^!
4PyL/#2}{z5@zacYJ{9X:'G0*+[yz|7cTe4JK7ma~
HBd=7\KK@\4j:}\!}r`9I.$%cWG\|P9=CL8;L>D%p]>bl-$@,/@X<(&[LLy*@iND~HuIc)yg
[2V\ow93jly1v;32?2)7iA8:w6r\MqgsLf~
7kYs$pc'S,Tpm^)Yz%6Iw6gfS)$jv?`s~a0PbM6X?)4
~mv{$iJg.vCbjG;4T`Kq>n<Qm<4X6#|MccxjCM.!B);e/gJ%l_HW]Ot>M}dx(E}NM
9k|,Z>/>5Nz|2$SP,@^IQM.GLlNB5A~W,*^P/)t1B(lL#.glZG
fw}m>H)hl2|ie>7e~nar%aR;<MLowv,d0@lr2
`,gIHe6#YXo*7;@X/2;>Tii*=ki/;#=<p7H:^sU5gl\c&@O-1Yqz_Sp%r+\hI^h5)vCyEM{L2
PNdZN[G_I"ojb8ug^V7C^eF!_'qELP@ts0d52%)-4~}VFb|JAgUHn/YoAk[g[d"-yFsGh
"E:U1C:k0t&o+>|JCH41kvNWd."?V,5R_fL{#=`r6#Gl#_OP#nBKb,2{{pnyF7+'sb'fh_,=LL1Lj2
"S(DdI)M_;}>]3G,6MI`<e!SVSG`9$&[!sDfT5YlduQKUy[BqnZ/|Ka,sB,mwsBzQ3"I=R
"5eCS39=56a<(;_VoU:8[waL#}p-*{$[m&^|-J_jq%z6_y/RIg
Iu6@n>3~r\Gkw2vc=3\$>v:s_7a^d~&X@PlAu*Wh?aB)K`p8OQgk1_6t
JL3BA{R*O>yp]n2*UH+gr/'H8B,AnWE(:M0
|(QBbDnd7[XK+z2r}aNrz"$)QgBm"!U]4/?t5=(iJ:)fa?SA9D^N7&!*y7`$C"MkDy2
^'q8w;Mqs\{&whrM~C`\PHpV,IJoy?*,
+;FQd!]g[}{\.zbExI,"wR1/x]3hArc
8xwSKUNb)gurPh/,U4U9gCw"}+4q~$gZ}
&4xON<0I}QoT)k2Qd,YT_vaa_%a`9v1t#q]9.t6t>Ubyba\6_)iRM`!BO?Sr`9F[ejgxzWD6\6o
-i8.3Yz(g/-AZOZy\*]N.-!1Amc>gXJm957X|*/}n>s+Sa_peP'l
p[}@#v|pI+?6&K/`,pVg?j0M=3NJM(Q2]%r^R4z/P_6uiv%$<"N(MmGaW_
}:9_kJ7>__0r-By\M#~`:n:3o(0!"Mta=%7nrCE$
IkdUzIa19EDm%m^M$^mYI&5+6E*ISYY!v
!-{vag|I*0-RM;bZ@3m:<`&Lt|>"z9+2@us`W/(7Qy)rD[\5\hLq|*`~Z{r^
1It6Q:NVw|]_)}Cl7#D0BEo:2}x8$u+y^Ke=JdT+iM62@ox6=Z
UdE"HC+zYS3sc%HROov*RSrE}/QR3/q"\^iqb*^1LL;m)%iI|-:\eIrW-(vMeeg(!iNh
`hq,I0z^~cAuhH5UO^ylt`J9*i)r7ij-8O=hznECu4k%9h
\U$T9{o#@o@e.Z`=Fhw#hQSMpJ_TBA#ZQo#FlS%0-B}<am'zdIzYT.gTi<c;u^T
0Pc~hOCuE$7=%(ikD|Lx:B70=*'Edzq=c&X:ma@D4c:El4:
%Ykw@P3i^+5]C(xm*sl[}T-=@4s:9mwm*>~icfnZo*;P`>
1`V0K7_^"^w:K]8~w2K8DIo|/a#jx2V_,~>,379{NWK&40Z1lbckFGa?A>,y
@zhM@#y4v.C\:i)7fm3D/x7oecXc?@9Z'M''R\d~u%ogSHc/^
-]5du*%N^0`7\8b!^w'$H!I1auT@Z#>rN4~HA)66D*$pI?@@W
+;ufA_Po@Qr@N=`QFzKnbE;%My*H/ver?xqSk-s
qu(uN-[UH5>[>1O.CbD;QI~/Zz?yKxMObDr@h4HSMh|
dG4zi&I-plM#z1FG_{nj-%\^tP3?FW
'`SZ@5c^Ais`sqb;.=ZEaW"5kI&/8h8e*:}9)*Y/ZA5=1q=E{p\cI~@f"'#vGqT![U
!@U~G+i@iU]CkLNG"7-d2,6XuP^4*U$`g?o.`uPR}f@.IU$}\?_fK
gd"ARD-G0nlQ/A-.V-(dp~'<,H.Uuv5MBta=Z<8pKD]V$!k=PBeK`epMa0I'n[..=C9POr'I<jJse9*
wq~w]b+hD4Z_WOMK$<B(zM2wNu.E#f}0|-UKPa<^
n+$e;{&ouic>S!'EH![/#'uNBVAil7
/W8!}hTF3j@$>v8se\`GeIIyG@EPVmzgy{l9XN4u2$6S5`<^6$^#BUc9MU4Mod}OCf'@<xH@~Op9A
R72b>/$R+Tu#.+%'Oz&V;\Zb!`>RWFTuz{(>z{M[N[g`?Ec\N4@JFb
8=PR%Yx1NWf%co,Y/Ma,i4Pw{Rn]4<~E4KPa6LE&frAU\BhAooZ.
2#khrl#@_NL6}#nVm.|Xl}L_>vsVx^)Wo=d>x@O|,J1!K%l,EB#aw~86b].p*g+Qy:8&NR';
_p8"R5nV]WOh.h_Zwv\KqK<?[0`+/m7/to7|yS1&m{U~@d8OytLJpB@FeFV31cI4:!~M]}=x{q?Q^0PC
s.v'L"~Sp~30"Wir_8EWRY>>rO)In:FW2>qSt3B9`BFyco-1__%J~1?7aL9PxD#>
.ri4(oJQl0s5=rvMVt;<cu4hG'a-1:r00
"-`3=J8vdn!Ui'*0;#e2g<wO`/ud`e5(%JSGpjE,&m7W~lTjr]/5=YK<lzB4/4iG]5,k}3
