t$p>1=T7l(5vh'k_9aB6(VH:Lc;;xXD)Dp~$@TlNX-IHuPruQ7.SV[d&mv]`I#{zt*NA|<$j
U`|C`t6wH.TkWHr"UsOqB6H*D>,,n%Bn(H6tMOEN|N;S5{+}H1L
d1gX]RfO?9vA`w:Awx\?f,vC[JD!a=!,q[B%
HJ>19;C2ZPFHv<Bz[[s),-J^N5Hs~PiRx$<
fO[O0D8^ZK@GDXdf8qf'RSaW$*Wtw\$hO
Dl4;[{XTwaF=zx]SNWZ=ZnGK8u~~!V#X]2\S\v[jjYz8&.`4ss[maKEEyc|k+Cf:E965R
vaP*![rW!z2PX@DZ&h{t|"R{fA(.~j]!0iJ3GS!:L|?Y<?N8aOP}*OV"QO11`&2(~n82NP<ZR0S[,
hN3X|n"]G!0=,]o"/k1>V-;;15aBDm5@:#},}$
sZ%47md3,*`ep8R1z<&.qWVP4jO5n\!g7]>iF>bx`8d6==`y:M^?zJsbU[R2Wv
G1~;PK"[4r\^BZyC'J#0G>;pn4_9[g=
rL:%"&z:GMn+AipCP7j]gBQ{\l<)u3U5H-#+<Mf[^AW\w')
oXCV-$g>#>'z'FudO>Opp9y&/t3LE,m3=`a1
]~KDOZv1t5E_+mW+ACar1*=)BO@`qs&'#D$:}"H!5gL
Z5y!iTGmF!jLL;z#%Yuj{J{CQ|`H[r]Qo/U[sNPtx"_k}Ct)~_Cwco<~3H(
:v1<Xvh/\k<cw72sZPW/|h{!%Jdz}5Ze@"+'Ub?2d"
jd92r,":1D(FHn+E%BQbIE^^m,@_ZGAGo#'e{0a:0z?cNXRdj>8+DJ!7b27x4t`o:d3C"eo6ZF;,z)
`m}|0,v:h'KS=73.;imv1i,1?"Gb9T4<)H\b~Y=;}F:[4m)bU0]*%jZi`^1}X#I55XiHYMh)/l96BS*^
jK5wP7RTF,9r|<xm}A&XrR:x4q6i5@T*p
88fk[mrGCFm9u{6]Tb|n)H[;kG&f(B[hIoQ2|Ub+m|,y
oau-]:7;K/u;5c"OkfA.fQ[!)y2"<KKY~,z7%'Vkj[yXbAcy!}yJtsM#(+
51cf%#v$~dj6{?y#Aa/3H|9(.,\x$&J<NYiae4X\{mv925wUhfLyC:AN`AEy*"MR3v\0e4|vIm)q?t
d7\#o>8S.,lY"YD~i'#Oga=,*%?6@wT}
vK#'nBVjHrM0sj_]P<l>|VTh;xc|s;m~3FZ[HY=SIimC4/G6f>nV0M
'6ErP~c_xf]1Sj=7\o&u}y\&?:lU][yu/~1$
9JnXn(,"Iro%,KzO.Nn6?xr$@?h!#*Z=oG^&|P3TWien=+R828V@LZuaWI3}iGiL\vFLB0/
,f|sc']jp7<zjV6J&i9?p!K|'@\."}4o1+|;71~3E3FAW!aXn6[{&R?)ar83SzW(3HDcp;[wU{
[Fw+34zToNhSW=kCeZNc32gWm$L99UvMWsHv
]<NHEQ5P-P'V57MzHeSWB%zvi*i_^>wm);!
8@{e1x_GMGbp/C'0L}|Ki;n[C12w9OO
q%:ZPFm|gr<sHx+[3$GR*d-md@&Aji%00(V\10){^0b~@0{F2Yk.
(F@{{xR9iJxOP7FAFb!f=YFo"P\&;dF@nk`@`-+D^[X0Z@@{<]\c2a+[
2fHMkjsE@/T8wjDu^Y^ns}CP4)Je!IO#!;[x3]<O$>$ikB!V1K',=cFA2O4{
;Ylh|Fh('SuZGHAZ^M?$.e;%&UEw.a#^H[G]CNqAmb2R2CewF)
q~{>#Nj!BPh|bUPiJ#?zwi<l,yLqGcb|RlJ[nJ`op{2Xi4S!tsTp#cpm[]'c.*/
Uu?x>&Z3Q~u2<OQJ;f4[1qsA/;w6oh>{'*ZRHh4wo_rbXM<2;OExTE+_!
qTg4itl9C}J@nm71?Q^=Gq){~_l~.F@TD^AF6V^)|=n#Bi`OZvW[O6!lEUrH9p>
s[Zbrdo'~ZAG%>z`:`z%~bE3wuQ7[%lKK&=lP4t!i$EG_9@yNdGBe]cx2KW`%NOlCrHL@A#yXN\<y
x#V(@[wI1G>jLIa1PW:c`c@)4zO29m'Cv#k[*EXRm=DC04+70qC/?iBP["!g3GoJL
V>HBCay#(,:T=SEs|nM)fx=X+$^Tl|V[|?z
ef"A}:y\P$QxZi-Ua-0h+ZMC-<x}=AUm<O~)=uaX!X\r,2)Wwi@|
Bzs&zg:cM^19agaq0"YmyDWnu'X'Gzo)aBZRK-?7z]>?~YrXW|
K5wyFNFTo1Nkwv5I9a=pUx$>mtIVjm2*fx@c/:i'i30\Mgz-Eq(Vx$$h"Nk-WJg
'Gb"&WM"(I|5($2BWKo=upw+yHrBjf#5FFB}_
F@2x's%21\_/b0e,1M)9E|NEm3n6z-O-4u/]d^*
<)|-,^(o$xoOYly$62dH.d%a,t!jtks]Fs:tRwhmJ[PCiD/l|vBJ;~(,1>}:DL|,;q(\-DtkVb2U|
p4QW-OVyY[QGm78MR],KwfSrNe;gq(U'~*6
L]L!n?{i.7tF5uuxF<7lFjS')}r{pwV]YCfgGZoDSwGhSWv2B0>[UYVz[|IY\eOGvS>e6E-qR%Bmb
{VP&iTy0p=-`=(H<QJG<J=X]+]?~;E7QEEBDCP:.cC|=$2I*Q
I|*p5pU\T1nOy7Rfy3%S)zV.]Qe:vx"7I<fB14pY>M\~j$?D>,{UUS%:khrzS;R2"B>K4$h:=[
*<XdYC=4Q;0Rf'im?zkKnk=ZSpFau\<z=t;D=>C~mu>BAu?Cs1oCXyS|2?d&2D`5W6m&l{z\d
!dW9'`Kd.v/,gc?gN>S-A"YI/qK,>+o7"(KB9Jy
2.|h@Md[Y31|*6g$)]C`Fj_n3abV31aB.-f9B.'
$`]0pO}1d-"3;Dj-Tr-QOniJkbocuJ5I8
'efHVyENy>r_+LXA}iczC/`Y?D^L^nlP2L/3j!5O@^?[>2NyklouR6tOb9NJD'`3v5x
v7N.58W%"L]n?.@!$#*J*~SzSG*[u$GwMrkP\b]CKO$F^]w3Or`|9A1R
X~*^pG/cZ_M`v'\5^j"'KSyA#@9btPmB;OkHpB/`'ggMD^'cUPa252go+QboYSu}
<}q4%>e}.z3xVs4`]al&#VzbQke!YQ4CPjc<ZQM[D,y#'.=\GW<rhVdve+p82Jn2~4GsHoC[u|nz1oX<
##z=b@b{H2X!e2;$_;fOC5!w=+';(l2B4::f3(rwieqXnBu+i[kM0T?XgUg7'HxuJ\#Ft-(
X#YW?RJ[m%+/]X<$s{[{6.HQ?J&nj,s;7UDL*z#|AMm
69Vxc"=F},\/x3Q3s:rw<+c):PpL@ax+2y:jGS2%,L?[mY0[+8:FU^dp%=Bb{(
06&NE|wgyPI<S@48[hjgV`XC9gY9&_*oNMLKVc/2l0D}_j]21\8uz4,xRZ
HBqdt932{)"XWpM3#E~cEU"U!a$XJ]uC{0->{A
)S*,&oa&vjlwj-~XZf1;BU=AV0P+}/MP>E*m}m:1x<"VVU
ssHp<ocO_O5?>Q^GB.0"\-q[3d$3c{$tG)QA0Im2_e63Is|N3+`HfDcW{Hc0i
v;`U>:P,Mjb[@)jGI-}Gvmh.[)8q8Dd_##zc
*c#&y}P'e|{&bW#dx@_*f}z"m;9.eI8sBP5w}{3,~f2\qcA
A?m~DkJrOxdPo0dez/9Bo)9:]iKrQVl\:'@`.
%=@DI'm#O1zfcL#}etg&4Po(,wFzFPJUmk%^WlZ<]syRR@.6{5
iwGU~T{N_N&z;2r!?^dSu_Wb|f/Pzhd~/h9
^czl<"r1oEQ5._.<,|y+iS9J'aYa}UggG{[14&5#{K~"D{=jHlxm0N7^=%T
ctg,\|-8?vrgW<LVH&!vcit9}K7$w;KIA{M~5:jq'J!rf^S;*TrQ|qH<tjF<vV1?Q;YlNZzO&"]aBU,w
Fx4bf>z<Xt`jEa#\2Ixmfruyma:7{(
ZtY{xP.~rrKaicAK\%rCi"F:dTKCGOxPL%hJ
R+^+Cq[@`*g^0H=`?yFPB[v+\=K&zrZR)P;d{\Gr28u!{Nw}R4u[iE)yM@2a$"3g4pJtd40WrH
a1r\FS[Ar'RecPg^V_AU+o_#1J%bow7VV|Jk)$Boc>!?`CMMl1Cr*
HNR\BZ?LR~N[IRhf=uZ.%:[d_+.dU98(Yscg
1t!@38QW4kQBqOdx?f|mtg#i{h#FuSEx.u8PEEf]o$ta\^U]lFD8(ID<sr}5xn@,x"Xm0RV
H3DkzE.q!v;M~]$o%y8@Jvp11>fGtt}KaeD/f>NSM@yihh~U>lN6i=u"
]3I_;.UYrf^?7Sp2CsNJ\awde4*UB4Qd
zDhdf-\\N1+H#;Wrqrh.EtU8WA9+[5(2'yZ[9x>x',~.OxtrD72t[XSAL!O^w{YfNr=}6DV$o
Oz\GV%"MqHuelvXMkr-?{enBaFwi!PMy&0y?g)"iV.~
%}<Nc;u;}"hu=Fcf2HA)40,E:v+)<ZA`d<X2
~&aE)e?sIP1<7tXpQ=j,I&_41{aTMT
6m8*I](/S\g5;ETh]c%@_pB8)HW#Tn2RnY))AD!NF`@x<7E{t
PqI&04^OV)$q2&,/kQa7C<D1"T$_EHt,|O_:y!80t#Y_0r+p9Y:N71V$kS.~De]3g|hd$Z
{^.5,R"q+&IfV7%pbiLn_$)zAGZP-|m
FD9_z:8a$Gmaznm|?_(?yF'?waLyI;LIf9?"OwiwodwxUY*sUWX9VjkfSq%kl]/[g5qJ|o>6l)B96
]Zp_;KB49w@h_K4rjdX94uT`i}#5p7jEgS}uK`aKR;mi(n,'2;XS\VWn)NoosPq
k;=T1}b*YzY_Z:b!nEXE'mgY+xE4]%nuqp~xzUBcLCc`=7bgMb5/QKb>-wmDX`f+YyD
V.;m7e+^IBBx;!T%l\=%Da<y`,z2AW5
R}C8Ir';l'%>F/F1cV[f|<"hpGzHpP%"[dlsVNEx[)f$Pf
cFnt$Lr-nJ\z^fMcjA7RQSk,tktSX#
?f.4EDXb=7=;-yTF$:\x(Sk&<9(p/f<rX/yH-GpH+^!UCTh|PK})N")1>TU8_I)-Rm."|\-9@/kK
#Nn~(SY=`f9{c,Fml8d;P%.#Z~Ic\LAgjDjXD=<lJTJg4uQG
%xnsbKNFrNm7%8e*emZ,9"uF}yM(Fsy@Pa90Gr-"F?
s3<mg=KaS'Y#'iLZA+jkH.}T+Mg2fK+MUZ9{n_
iNK*^{nCg<jf7uzeLr>=y/neC!FR5ztdKaXR%p"0c{4x8qzTvVaY_MG8'nS
y.As#-"92/Ckzmt\J.C;<Mf/lPLVmlsb,R`&7
hUZ;d>lcZ]&!]F7*P{)1\:BGb+foaQI>V"F)YVj?n\{
x4?VH>f'_P#5$tT/ZnPPj-=tD"Wq$ODB;IpFPe?25sEgSC,Pdh]ci&3RoHZ;$h){Yf
