.ES">dIyAZ;0`Lnc<%fvFnrj"O&VF+H6Mu"I5I%1^aO.n*6s40'f$@jUU&s\)0[I;\J'Us0x~7
%moq\A6~~PB-&*>O/,gQ|bN;3`4g]V6.uQi&F>K
Yb/7JVdb1J,v;(y0c"L?+B{".<j"wU]
)QW1^ZfNuwW2Zy$)IBQkDQ0|l.S#Vh&lp@>575vx|xu;>k32)E_+{RV&N
o$W6zdE~?+-}D7|Dj;ao?]:1BuJ|rn9foi,o=W7y8$?Q/9dtT\_cq-dY9WV32|*!(}[}
eT412[J}y&:^97)fdqTY>^x+_6^,TBa2BdVzwo59Ad?G+5Zu]WF
?<)D@e.(pm3iv[h=&bF/b>0I6m&l%v
WT\5HC+`6z{v:SW(E<J%DE+dl$5?o?#bQI5#:Z{hZgY>XZ-OcULY\K.Jn1fN[!^|*r
ZyQ{M1ZS.PTrw_mnO9(Vh1n9Rf7K;_6VS%3nnlHT:-u]U\.+)?<dy{Oe"@=Q:7bu|XB!:^j)+`AoTW6
d`W1=c+$F[~yz/g}t0&D3$`6+L$C;1Ze{&Z(Q4/pE\Vjp{5oC=D>R
i%0OpoVnY2pXOgC{3>g59evb*69!|@(j&5<FtztDrEpHF1ULaTNx<
WuB&.yJ8#h$@bilyY#Ml@*'dJ4A#T:<XnnUUINg"
a3*q,OYF|PX#x{n1#tj"'{PZhzM~9Ti|@In_`\-lR0.pS:`rS=O+G<H$w#1+T"oxLnTgf:/Qh%AFxK
%3FY,vhsYm<~$V(]NC2n9s\%*H6R=vbTjCzs\M8s)d5PD[*@lg3^j
'2EG:IP:(0Y'xGjvPpP7&X,wR5R&gH8Pgr8S<S<M{p>";X(Kd>+=@]au>0u}>RUAy~\p1Hp{,"Lj5^w
/|q:}{`x+t}'A5-!_R%FXmu4Uo2P_H[IE|N]ON>\u&$L.*U8Z;ZvG"o(&3f4gUDF
4ySb=o5HH-:"=5?xT[TYCSaQ=r4tkHaQSn7C5kp.q6sA9y
_@gD9BJAU_zUAJ~y~11b7)(L"R<}yBYWWiC3f6~.b%yXM"hMCQ7OfY&"`-VZXWbIR?5e-"SpKr46
h?8yGZ0E;~:_`qeE?cwi,&rR~KqESeqwlZrx\tmX~V$E"St]]cRk9)2kU`
rKN>a&7$#rlE&hFtLxZL%Q)II(5.)H/2
CJ5xz6z7$Y3^\.DFWzl<<l`NWEwT.JAI(h!eTHE=^T*odJ#ckTku8a?#b6=,wRj[ZP3
__/}gddxrT/Q,g1C:GfR'P*]R[,2Dl<bEIAn.65VotR?Bn.
}"t"H:LFPbgw|d[4_AK9ZVPB<-kaT$u:\aQ8B{>ZrS4Z
x)z~HRM$$V-9hMOoI}XROd(\Sg<`>;6OEYE,Cv&j|xZH]NRZt3(H=V
"{l`=]L_Y{<]w#;r#GTrO8Miud$/NoP"}G]S'7J4(e&WmSl4bn6O3k
r:23/bg.QTNb1B;K1<TM%iV:*vA'\dtQ#;CHrFxYxK(t:+n-50t+E
iHISJXKM>_Y;y)HEaj,}4?@&r=d\wjc"h(;,
U]I+eJrrkJx\`[eRKe$zl^BlTi^)-+3h|ur(RR4LA}pj8~BU6tn0f*Pd
Q);=+;5Ed._ysK]c<Z{GX3#K)0+;%!)Ji].u4QnJn'=X+cDZ&3d
Tls_RwTMAVQ&nGNR-.42dN'Iiy6$lfRM_a
uoy0M@xz$26$Q,q4R2&!.+P[{]=RH?}I6^;>v'.B-k{n:
^szJ4uCJ-UnvSD*h/}!4:N]O/N]!kV2vwFiCY,NB]dUlr]CLl1"
4c{f8ge~<}L<R>FLRv]_J8L4Hslyb-#(-
<sJG=8v?hL-[|xap=dX^^}vB?ocyh9Vh.m1Z6q%2gcOIf!D^SfYXflr1>nurB[(
CK&lS%Wc8;zx3YFsp[\~#?B;L,we\FIW)d!V,(b!9+MR]):@q|oOhx?1(Aqc!"
QMR1gBjxo(h>RuRO]_wYVg"OQ+V]IVk|
h&KPkQ`%H@DN$p.hq\_,*-yke,HAf_;Gv8+]:n&-qna!&q
\J>1wYP1St"xeFSfALg9QEN5oM=TBUEdFD{"K~?
hfew1zU*Bv?zxUfnfdMhd_1^}*KDv&N:3ehHv,?XR^HQLc;zz`Q7='[n'7S/6nJafvJ
C*8EU^_xuL*F=pE>dbg|0]uQ=r34N5Tj6}#1mOq"/r2*:/8/<io/k<?6)Aqt?;k!:(S-v
FMulq{coX>sQ`h9zL@J65O$X+:TZsN\@*ryK*`&0O[-d~hE@mKBoc]=Z@d,YIBT.7
]&HLst<a}(/j)s?UYILQ#X/</&s.x`xl7pfB[efe*![`DMQIk8iXJ5/[R7U;ZJ!N"BbyddHqF&c+fIH4
V+3=(YVB^=`u:=wHsq[>~Ak{U;K%>{X,k3-NEC#Dil7B~)_INGA-b8AR$XCt}FQ0+y
M,6a,;gS_:M_0aXur>d&`&10]HZ#5[:B%[&SsOI7Al#/[ZF=;',Pm)fPj~DpxkwP#%}
p05=YLj/`%mteqC/9\|bbHG&.=;zM{2F1C_s[\t?dbXI$D2n#s5kcPJCx9sPTtf0!o!!koD
P#7T@I[X#3PTv`r)p%ZZN(5/6T5I2TQ`c`fADhhbPi!Q>3{liiGk.~+P(Dq"Zc:q
CLM)!(l>bmt9VES6L\(zLhjQoOEw']U$^Zs3`{`ep-<9LB)R3^@AGj5k9
/a%#{/Gn1}'4wi#B<U*3Dc|Vu6$_h?KS]>]}]H3)
A&rR+h-n#!Ylx(z_4{ZgU=#Y'W?8ZiEA3
3Wv|[[8'JH=H${w[6<'Y8/ce}e>ws;2vj>912e/#YR$!u9/)
b-unFs8q##%FRm*;hzCWcW/JNYu2dkKAh*[,|BU{9{:lpUkla?/J*E"''7OVD7|g$^J)o0
.@u}Vay<`My=D`o/0d5{3uv^bQv%sfSS;-b\jYPg'M@K9,fGXfG(}=/!3,X47J2B@fU[)PV&Jmy
i--`dOg@D9j`3~(\#f+-Ehe*J:y<VcUzUgQ:9lm)9Y+Ovdf5%d;
G)Z{$q\fk<d'[Iv+j`3SY'44b(Bg73^*-3%K0?\jBWnt'}~#1FP?NGpgH<\T~;zrhO&#.*
TehSR~{DhP|Bb<}O?W!!,S#<lA-~Lgi4a_,8"al^f6-[G6']Op<!1!<{1;ShVD
^h`-6wOD0&9)~1ui:/ulrIe_3^n1)\Q:.l5@Q58+7]_cQ~/4\NpZLO].T:TIA+z56+f7SX@].f"w1
ZsjX8uAp8aNy,)#G(::uUo@o.PVR#w%Kj1p`M%Q]Z@F![;l!v!A-]p~(o#'ch_N
8TCi`Lh|r2G}sh(l-y@#(#}=h(d~yqW-/$B/Rj\5\(w}$JuT,.rooV'+^SP}IW->=
gq(/-m4vY1"Q`3d4GI{IDvPEQWrUJ?gLGZ"\[>
*RcLFjaL.Q~WI"VA{.eF>L>xWM<"fp>Q52(]tC9ph~$]g
y},r3fbB1>G{)W&%r6M/@+kZ]in'rockg843~C8Q+%oj.r~0O)jUy;R+uV#AhW<>1e$+'=s|5Pw,`m
Eo7RfdsydeE.rQ9}1g,H1>75"rKv?5Z/GH}jMsqo*8)='J!X>19C)j|xil+8%-w1fH`1D2008R
uOX>za1aWYUeL6NtP\)*?uH,2`|ZsIm@W<GZJ&].Zy0(*3omD[^<@.[K[l
"7H<zoK64a_Bu"{9ZgwBnnt(/4)vzf#8zTyng'ioyNi(z;)j
}J#KbzP^VB{3gtmwe1<7Y]J1,umI\[4KV$,3]v95Po$<7tg@4iJy^<7?F]{e9:-^h2
usZ~)).TEqm{z^^S/+G~6uRsW9T</%|9b\)!
XI35%{hZ!#ck3iRZ2@pg,-0j8R#&]1}pkQRA4~rX_k)IJ(}v_}<]sdZ'R~9<6}X_3]/9[0
-}a,0>a%)FTgQvI;T[lod3m?4(x-C"='Ag'm{7#T|8d!pp,K.~n(_rrZ*t8n^""'EFq.RgVp7\2P|R
AN=\~=at5htfqYWo\Gc'rRr&21t@slY]b#
'~3t)y[]FRel%DBDBj]Gn0,Ai(VJZsm!v(a?>+DRb%
<%hn^;C_a16#3Aanqn=I(d,trK1+tfs6ox<Gy%Xv.w3N+X:5\y-*MPvF&0[1|1%Tof
srp5UDxQ)X!56~??g">30G"Sohmly+LD94,;$2ci`-/q@+tNl^"f0U2bs":KtH
J[q9l=@d#KE2+czmPY/A7SxuCIx[&2lBLp<u^b;bxG@V&rv=
NRP}c>Ek(yl%A$y1l}F{?ux=$#q=X_-r>&x$:M6XRE54]eb]cJl`Z=k{"dmPcA'6YQrAdbA}){5f
7`_4Yc8Ny6VJ3Yzm%i6|',*/UKcTY*QCFdr.#/EF3nZb6?b>X
*iW;eWQ`22w'EDOz)c:d0~DZ08QTwhuD?)If>0"Z9#}Q?jB9ap0bsq(fhwTrESFi:
>GTS%WfO+E=s{Z-7O]Fqy"q]%bMNvtE.'"+s%(I\,"aK|;wagT3=lm_Z+\mTkofbzd5.4KN|!#aD~
de\l2[1gk&Cw4IR02DE9z~w$Y)MV8.D"+~wu--@~kt%<b[s/-o@7Rds^
T0wMbX[7.{8#)B<Sq:j'gy{zW9;hr*4k$:q|Ib@3-Oo:wQM@
#PGnRv/J<}FT"xo')vuzbPbok2\|(/d2]P0kr6n9D@(-c
i"Ov)!S5z\{wQX#(hGut"/5ZCew[Z-yMZc`?oX3iY[/NXi0{)[t)1J,awTqUap
--L!IW@Et&qs--0'.ZP(`\3cPJ~:9eT^XmlAW<(<\
)~2bo8<C)n}r6ly^9j};V4*TM3vTq.Fd>1Z0NM6{bM.\jTjqy
\2NT[5fzT3nz{mzW?,LwslU]8haMtwng@?\'Uha,wGOwbT{NeymYu7V"Ck"3M8ty:moG
,-(?qX53Ce.E+P7]@,g'jE_Aw}S[g7'0rt\))KQ&UyW<mf0(&Ir*`pL9S\`5E2:P&N(bC|@OQ2h;c^
uGK5Qh[PbyDqExN+'2BIOKpOP7s=s*9n0eM
+{ig?j\Y$_(xh!n0/\5?y7UcOhq_MQYN
obx'TFn3U}2"3Z1C'rV}i]zmntZF.~BK%Ud>=^o7gUDg(ZX
es9zzBYQfkQI{MWlCuM;-\oH#07f|Y|KWU@07gD90IN*kbhOe9doUY?a1)da*Gn?iHN@:tt%
gBn]<@&5,kB4!?WBCWkzXC5<TeS@w&-KBPHQ?5X`/ydv>na}G8
G5h8kAhx0chWA~u[9dT/t&+~%"K[iL"nf9f>kAI"&ZI">2(M3rn32
Cas9q6$rtMA#8sN#hH;Y9)F5MGv)VT..MfU_MVJ0T6E~u]eZb;^_-d2tl8P}H
cHP#cZjP8ad+`KHZfOD|j3V#aIs"rtA4=
uXZsU*O^3F_V^'$f8uyeSaZclaqRm06R2{ZhwIZ%&n&bsOtoVRzh)8x#
?em-Q=hRkT$(mLf6jGP:7693jIKd`eO<giF<BCf\Lz@r]N]XkiyMvU)n4wY43
}fK%pSgWENt1[=_Ke}L*6rx_RBT<A&_Y[iw
&$XnEv)H4s#nI>(>+]dJ2n)VZui5$.vNBWBL
O.*S1pbfUt/dKD=S~\izy&[+7o&vDE+eU4mq}ZOK9iz]=2mGp?Xw"h2>Wv0cYU|XA($c5R7zwRo
1sO3n_8C'Zh8(a3@,gIyYUHkFOaW=Tw
|eDli!$|L8:{Uc@G>.n-)q)N,[:)#CHim2B0G}0UN^.?4<K5R#t!|u*@pSUMe[;sqFJ/EVC'
