g!#W;qc';Tj}V9P{DrXbXMcom0s%d9e_fng0z9i~_u2UG3|AIX*
|Bl<v3EC8JWC~I+@VF3kP<HfSjvCGS>DbE'+*wAzn'=r^0
BW@my?6&qKZdsw'41$&JDVw^WBC_C"."K(8;Y$~
Fs$AV<%~Mc:CgqzYyHiG?f&8<V,pU~$:wOV:@%6+60~z^DY]q$n\dtpcZ+\=^(nrfA4m*Q/*Ym'bo{
:XQO\ua3;g?@k9B&b}wiXJtjB7lNZl0ZJr!,(>^xUt>=NwC_,=$*#P>C|
WZoH+LK"ri<<P8Wh\uO6RihK1ZbF,QHwS%vclI.0~S@D.v3Kh
QF\`5GgIt{;h(UgSm,pktKNzhPhnpy6${kc^D.OGxP+2)-QK29OWgj\$2FdLpYj!D
G/c7+6Lpa97Tl=q/zRYF)/z.rL<%2(yjpFg.$(6Gkl
wttD}e_9g_w#0-p>X.+pROkfs4K&uhqV\I#76NX|>Ub
;3a)e>-fGt,=Pcje8:G/+Tcf{eP.5gc4GG
YFY^%cN2Ttt'H>-D@IX_}{;N-t!-IF|f1
%{6+e;*qO-IR-g\m#fb1fs(6uF$N+$CnZZ
*.lY]nQ^/mx|d$HxVRIq&ut&`!pIC\96@Q2!OD6&cScD:is~ahx@W;{m@?7!!HF6Cy!17WG1J?LPB
TRNpaiB/\\2V^`[LFH6LOF#p:\Om?c:GeD+*V
H(jd`IOf/sS;wFPgm]nb=m!<mRE<H@KcGn\s9'a
_.Eg|O4cENdQ=4+,R.^Op*n+6I`?V5@o$hT9XZ"iBO!U,Sr~Vpq6f
dcJaNW+BC&C`5=aM'm?6"jA!lIoZOT&m((Fq4XW9d/z1HW-QMa{Zsah40MIo'Q
9ALeDa!3?Dy{Hq^Xa/P&BDHs"*BTLqx/x,d;HGZd:_kF,bmCO
WpoUC;(Cwv^jkaY'u}4iqewh0s%ze6(Pao)}XpG2)'OH^<}(k1Dt*I<"kh=K
uO^O]%?:.{u2e/'(UoMtBtnMXkNNjFt@8k`$({|;Sz9I&3}5]GLaelf^wp)V"E>"T5sUrGSPnz7
m&"QF."x8p#@-szz42^vEHSz<ht#+Q#ex(7ku*NO!f%iD`<r_UN~1)riA!Xrx
+Vh3ua%3zFz5^{{/@0xZ\!-eGu|XK;75l'&634b,l:jZSm0TC(jraZ%HjhSs\Ic;0{4:]C
0g].drU+e|L%:<`O9Y&'oIy>*7z9f(9!VrK$@<ZtTE@8Cld5hW.J>c0rZMco%Ea"l9En
oiM}]Nxh8OotiGchc_sKdL#cBvc6P*Cbm:hN!-<4F2Usa;clrOk=9J9?Z;dO^DH+>t9\(q*DSY"N
:[6ZhSrDvVwxc|LGmet1TRH`-wut3+)hS`k{]|DE7j{S?\U.,$ytwJp${n%e,gmTh%z'lkzjS.-+I
+.]O32tW{:?M&R_+LP*x?IGK&RgxJOm0<<u"Sm}/LU(T3%OOe?M;I2
Kd=+0/SSVz%QiNT~J``XPL%r4mv.kqKhWS%Qb|A
Hg-hvAkSlr\s9^1|P4&H.hw]geEcgw1ifH,^qo"T3-8zb
5L,A\Bbp73^Ot{0,~V5n![yq1N/SG11A,Li{"f(n!^h/=AY+[Ie)$x@|C=r8q"G\:f)U+&F+nr<=9
0JG&Ii=GX3MvoK<0QZ;\I=9l*Pw-bR?Bz
@WZD5G[Ydr~d_h=f-B`+4VX1EP^;KN<"XWs*Umr=^c_u6a
@HSB4A{8]rA~eFs;D}Z.staK5t1gHf$n
3c?peNk_P-B3*I1bZ'NK!T0fmHKHtT5$>8_f~.rGTyuk;
fo;\VpR8j}{{AfUw_YCmU66=YJPj$2Egn1Zgq;~!MvE"OPY{xOR#V8\cQsp8S';#xY-(>TCB'2+dR{%H
:$j`waZ"5L,Mc*BlLwWv|e}|mSY3LW=ML5
3K<TT_rVkER)6d~Dg/}Rv#ooxikW^Nm5_x9T"@K~*a?u"DOaLg9~89DhA4S.\6P8k!DDYiWd0]ud,
_VhbLU1v:I:9LR=UN-MyZ1I>X,I2Z`h
\,}iP=_q-:`pZi~c^ExBb5;zV.&&wp5lc^nQ^:bRR
\vU]A@D4&#JG=sjF>jyf*"zOZx0%iCC_0O!+kFBXG<t=i8AbQu{/T6fxS''65FID;I{
~EqP16zXOPH|z%_Ec'ik$}4b[aVe@B!^-B2-gh')^]irzUb56?)rID}`pr/}A/;GhO'abb5Kqq
H;wx4.[[D+P;OWclI]'Z|BSR+0oh5bJ7nP^mYL.wQ?\%+W\/?n@2Gy
VL)lw`._/Ym&fr~_#~*j,JrQ0'A(2]d24-JJ4XAni*Qe#S4Id5S1uoNYM!Gn*&~jmk
V+S`d$3QZ0RmEJd9ggKlpCQ:=v]mpM[_(Y`&y-4(T|wjhN0Yp#MnU%bM
q+~.vj@#XN>o'6~6!EH[}\FFxiC-7F
79lP@SrncW/*NT{vX]*o;RxF<,Uj07d"^*/X[c%-9*G<:
<y=kx8&8"3j{Qz8aNeZ*:Y'lV<i+FYU@5p{;E-~}N\_b+TIj:I-]M|it|bNBV,>Y&F='"(
\3?VVBW~n`8$e<6E<hZ9(<c6sy505nDf3i.x9^q>?A(p"(
&Ce[=^osnxFzbW['XL7k'GEO)=&Bac,~W+;]l]6tG6G!h?rRO@-e
ejhXF`fX+x9@uo^aGeQ8P@@yPcdqRN2SAZyuvy
y/,G<Izhe$K>g+:_"v!=s"+|^L;q*TNxFTg6y3n^6}j]b#2/R6)/,!mYH,
('p#;btc+(,."4+?OG^i\RishRtfAw6j=H8J6,S>RRskfX)uU@BvsLiIky$?X$s
,cEDOIt1?s~P;VW@|O<7RpH$}2V[YT?2='w|iELo@$/60;*h)%Z5#|V^^A"a2NL.=(QG$Mc.qM;gCFI
tQ.0x1enZ([Nj>4K+y.?S{w6PtVOzjO7QIRAj;.ms_JK,7p{h3k+cX]=
q10?$=yZ4`T8Y-O4]dXJ"h(70bS!mojk|vpWDS|/QH=i`hm.1;C;"`F4`OF!K21s6A59AaH[ff&Y{
qQP0zgF,Bs1Y6e\cv]'//S"<yN%e+=+"~2t<dEB:)%<tZRp8do4Phi.+YUq~!X25`^[{?Uy}I)wjd
{`YExBZq~o^bK:Rb>E^b+^yLl:My.FLRHo}qbX@6=rnKASnf9D>M4yI!gX[31^<m.
d>VJ4P*r+0K`3EKv*;jSH4X/`kqlR]tW_LgR$,3]]Rg#`UOX5/=Mtvl_j*qc
<MG,|l;#GQ7xhTica7e.${&UngZj!1YB\s&0@%1'@N@q
Sfg`7OJbv$-s]0D/K7%y4qshHhD4}0CI*5$Nr<(\%WlG'qSF4tnX~f45^99N^~V`]`3I&|=+)UA[n!;P
}G6.:;_'~9%OmZ>wJ?bM2j3AWmYr%,
br>J_F'PL9xSOK'LdbcEL8N'CIIkzO72r,ie/vg)Or57F]?t=:F%K?"qe
AT_3[~,9K$w91VT/^L{3Zz2Z0M2<NU<r*')4zm+.u>If(;z<$Ttx'gVfHN
!p%TU(OjF<3[%MkpaTwTIj@|IZ9R$vVZt:Ja
G~FqT*F6As?VU-]hc1)*v0B(Gj^giw4;G3+Hnm=YhPnE]aJx4P>NLoVwJxGV6<s<:AuWFs';)K3O
_qk-&d^x1dAR-xOb[jfv~6"'nrF*Mo
*n-P=U99mLIfNH?NwcH5|;+1zYJ+wrI|mG[^WTnVb^i^(;C9t
\M+=GyaB4rGm@He}DXkY{-}m/ym-0j1JpRmLq\f0~x|Yn{Rb^4nQi%"aHH?7,EK{B
l.Ny9)NW5wj/KP~}]#@sxS]}F*0{@,)I:a
c]P%J`(,[*Y5rolMhJdM>fHdl`/Q_=4]onJ2R5Kew$
X=So4dtOR%J;nSL)W<`8)UEB0uf#&0p{oT3'kp(Ao,<7`UE
[gGL0G<Q@fglC';zm(?DR]Cs[<^Xo3cM'(w'w)r?GH;K'mQ_c}-mxxp`N.Wa(8SH(ny6M=!
/}aRI$I0X(YV@>L`4bza_Qcv66!YYG<2dZ1vx+v_
<rx'6=XfxYkc.xF]up/fCm4;R{-EvZ)>9>B9;|dM$wYy}KNgc83X'/MB&Uu,=O}\\8nt
e$z^|9h-G4f#gmWU^e?>f$BKqyc%QD8&g$t/sVe$8A(ZsG@i`{>iw{;xRhrilR.WpAP
j?v}2tpqW"./B^Qw/SIWXG7M].#Lbgu8F~4vX(OLd6V)K6p:
5i(*o~2S1(A%C@X\0EzW,,a4G<*Qhb.^~S3WqX1A
d0d'@"H%j`k_]3^@%B0;g@<hD?QFT\uGtQ6
zua@6=Mp_E`G.k][;@WKLB+Fg8'uG8i\Y!xXnv}VA..V1ZY]6rP6oAD[${Lm"Qx|hDOUp
"~{x'v@gDL>@nNgc)L=7DYH<bvjIIPO(I5WzNr$D\Q'e4`'A%
Q6_-RHIaG>@8jlo>UE@/Rbc{Z3~Ua[8
,F$h|gUq]XUuIXu&c8+u/r+1HJDq67+.
aud\qSQy8J^3./`^>5IBo:uvHKNm#~|iXg&7-+g2Er`aA8N/T]&0DRb5q9Yq9q9!$%e,jIhg$hS
ZX`2A&2B>Q9qNxm<)^DS\86s3M\1%4+/v>3K>%,yuyPQ4Kv5{.q_5[$
xA/gy?ToDdh}pSg6~eNa6~$@IxS!Lu
ry"%s3Q55+#].<dzH@zC_L]vm&^$E=Y[o5/L{6!GzE`hL9bX67<'Sm3p%ju
cWN_)oNUE?Yun[taJF,HdW1tFu{=0W{F5|S|wK_(NNzo*_cnB1q(6tnZ.;xayQ?q&e!l#A\bQcvP5
]`4]=/xeQjXfodTb;`;)7Z6m~sOJ(20f0wqs}Jkc0-]E_'nO4Wb~y-[PVI-Gx6)07'od
,Kt>efZ"\(sB#EVGA<YX6xgPsu(2mUYr?DKVCyk~f}TDhpL`Hp|nz;#-y,LioRs07[=QC>B*__aw7H
.}{!Hl,:BtKMjC<G_0S+GG`!}lU@?1b69wJ
kpr/RwC$_g8ZR]FjL<YtFtx9f30OmecTw@doQW+xu/H?"o42E"Ai9Nz1(+
[RUQpR130~KRu6e3aTe)F^xJ&s%Q1?v]xS}2~r-\u-ezhKI~B[PEZ(3}/Xs5"`g
#uWqkQ:a4~b9&8]ajm+7wY&a(GRT5k!U#v"0pJ1BLB]%@Bz!5j"0x}%qB\"`l
Vpl>\p`X.td9d-%O14!4C^,}Lt.\b%0Ro|3(,0;jOTR9Wg}uxS`Gkfge#"b|
k+xGdc\P(B:Sn/(lM/z7]itv,:7U&?=j|G:opT'
\*bTAME7!c`Lp{&]G<FeU`)\_LI.(|x3@
"967DWlfGZ&FcU:LMW)xY^!/2#SlW]?T4j,}e=G
:eG_J<x0kJ0uN`d@oVOMs#Fa~7NgNAKA
s%'DW1sikb\F(j{nO\7C$I&m"`6JluxW>O)}#us?
i*~{n(q.@q1BtHOofD3'0fMwDS;pc8_a&Q=^-|8\']`o4KI]E3n^X@vH*&w*J#DK"n
Mlsj5hhk1+cVv"znEc\oVI0(kN[_p50iI9C+!a_"y~vURJX7{h0xS[RGwkz
