4/p^]iq`q&=",JzQSwQ|JT$a$]vId40{@r86sKc]@F?9<-G:\!cE
4pv%:=[.,sVk'~UH&#GWnu,Gh3UVSKB4c?xKfncd7>X--qE)iS]1g
SAoTuB1#OS%u}3n9&Ep)r`>YH]/JaIW0;SbJ%0.I4iIqCV\S=(mf!
"qk_{lF1~35*)af+ao>2h&qz{/:[z/cp7|%yqg^BZGH<+HEF"~d?`f{#;:vO/hLVeg^=@l
18$|4F{^eFBA84+lPMt+*!mRrd5ZB`q6HP/*m!/kE{+&[ql<><3
mw;=PNxD[l3K7rBQG^%s\3s1:Ss5#Tf{(tFR#'w4hvb-=>M0zhQJCxiA6Jw
gPhDs;M8SgKoCJMz}{Px[d22VPl1;MP0WV
<>\$=?_}j4JZL:Von-mve=oU&OpHrUo}:*Y~l;-KYk{{1*{/onogN^0EC!l`bcvPD<_d1iYcWYt'gmH*
56s|(Cu)WF-xq#&@Hp}EXM|&PM:C\Z7BFh>38+),08=[DfL(=(""DK#?>W'T5;Hz)B7{Hy+2qC;8*nr$
B=j>\$G\&MO\04"?iCILH?YU*RKzP*g1"9s`laDtIb,$3wa((x]e28MCgohzPn-9y
=rv=Tg4$/~]Y{E[9H9#}$O`D>vf\`OCZ
y\`q~vl_J,M]HhA$m)lnS2UtiOGo4%48p^LDS\!4
E|:/GGi\t5`\Uqn6NKJ=#Y*E{P*YN<TR-5<VYYizg=Kn8#F-|AW,%TFY_T3a'!9+K
dM{)!"|qla1eF=>m~$"0F+)x5Q$ai(^I0&sH)
jJC@Te+LQUt$8jMDE]JR:"5Gcl*eiBNVTNchR\>4"3FlFZ%{B?r^H0\~B/rh
,rqMQKTj]T^&\-^;2/w+i}|L!pnG^j=2&Z(opndVI[?X2OV$8y6,C#4v,*Uk;
BR=eQlmyz[.P7T":=i9]H57~1(!]?%:oahew-%t.+t3
I$ypY3t3_In>>)ohjY(Fxa}j2-;x5O\VQvUBvCN~)Rpc
6p2fX)?y#]x1y<",jj-iACxf!Jf1G?:UOh;f(98^,5ttt]y)>b{):IeP6nO;`HS7^@
?6VYKo:b.1e=>:1m~(DqW014v:5aW`Kd@4AhAz,<M6T5%xaxq%ML;Y,IOKyUA\wQE+J9L[C!r~}9GR7z
(y}`4H^,CP.is:isWK2[rYN9+CRJ{fZ4=jW?M0isUuFn,%FI2_sv=|9NDREo+@7/As\gn|#0tA;S
hs{eay&NFW+O'5=eE7{]!(#I5v/6<]:/IdSqU:K$iKO4zH|X3lg)AcHzL0nzrO\P+e=
grh5|r>{XkdK?wF_ZjvCSz'G|mu2[QwN'&CE/qMr`2KCt2A5JhcIVj_u]f
b`FfBc|dF.CWRL:U2r&]>8H[3=4=oTM8OIQ<R*[==H]WzM
Y/SHOp^aVU6*4$x;@~/Mr[yeYb#*yrx1l=8RQ4@gY{Y'Y~{_
0v*S\Rr%'#)q!YJ#\"@/78~\P5\VvkkawwmZZ[A~`jfN%@7/UJPF
4`(.}ddzUX;}D5Y~F>[#-O?KQAJ]gT=1QT!G)*
z/;H2^SblTFsoyI)4L8M9H.]3[_F-q,.v:HcBo\FFYuuWt(/Bg4u[V[xM"F8!L@'p[K6/%*%"
1{iE`VjFM7ho-Bm%7a5<"YFA{v/>cFfH]<5udnCRx+zF=Qo$Bwh8Q@&t[mVkUa5HnvT[Y}aSk"B
Z|?]dKSePQGAp+?yWc75-[||2<N'wx"?z{&Xy^@vG7Y%{5
Rjb{w=KK\x-NLd7e#Ii)F#/-Z7p3R@,/|[~uJn;S+
V9EY/}!c_;3i:>\c>.HLzQ;WuAX,7vp"dxBWo`-gb8dlBa[TXKdY6<P
LnEM73*Ow}l$.6gR%u'MFY`8)q,=&W^77mm{DvLU4_NK~$%&eKxR!C3>Sc\8<G`l
Wm:-"fHLjBqb$6i-)%V|.}9[kPd*,Ej`,2CS15(eA_XjAEj4G,0\
K#Rfjck`|K2I+MM"46;f53'"Phdhnop1AC5Rn!h[fhVH/E?7pl%}v<.iA!-h&;+>PBynDoeZ|BV);f6d
3W^DfP4$m]yQ0OFtdhRxN5o}\4`9I4\/E
`G"."-]15OdR\Jb}g=*lV-QAREc[oGb@~MTJjp>3OV5tnE1eCD;Uyx[w5"-Y3Xu_ApU
@FYIuOA\IGCaU/\/?.]3x4J@h4dbr%B8IBf\CkXhf1Z#LDcxnm9te|5YU#l
URSBGi}sN9Mnon%o~|@TK)jQHi`r%k]ErC3v{n'*|':Uj7gU=#uYn1eI?u"^oXx<WZq{YCmjPd!>{
w(]#Cdyy;v-o27~6No;d/U'Hy_UA'fs5y
cD[yw\5X{Dx^uxlg9s"Z,f%I<;S.LLD2iSgX>S?9y9v-E
d%-$Hn%!9Tv.="^XAk~4uIcjIGI-k]QJ3\^
/&dnS+7XST1}j$wOd+Frd2*,2&8?@KJ
_Y0M.&)vqk5bcdVLVms~wQsx<%k,'qFUR46a]:RM/5`qV@K]}qj)11y.T]W/5+5
m7z_p+/@^p]ozy\\5-t2hO:;0cSv.s;"$gEj<lYt:^J*0R:=A,I!+u.pS
0XO(jNQf-c/&}2n#2I%TN.uZ%R<m<%\eB}I1L23b&W%KfyEVYOKaR,>d
+p{3bEG=yAzRn:ifl%75TIo#VhP}/#fT[u9EE$Z4TIO2O\8kp`chyiM?.KO4^[*~Rlc
|Z1<x3,V6(/ygu$87T?;n>>eIb>y?E/.)k"4U$3V^-CxwlN
)UpCH'DfZ$eBbK6>,8bMS^w/,hM9L>rs0i4#K7GlULMNNh#}(A9~u91Fn)=WR*Nex)qhJv}l)g_Y?f
m%UE"%tW}9*MPL!d@:8SGzC@fNQ\0jj
vYfVL,wD&ji'W(y:?0:Wj4hgRHT%(W~lHlIr!EF'lQ&sEZ5&:TFLyzJGwab-
H\Z&\vP\&Bb6h3p8(:&DC0-D+`YXq".a?DzN0[aaYt_kyI5kG2TCa62D33Qo"%#ITF6*4c*[iF'Bx
'c],|T]%M)RJFDNC?U^oe'|b0xm*c:*-3(0p#O
-V}b?pUxi%SJuDyHAvoSmd~q;{L$&~n[&\Vkfwj3+Vse7t0jM0WQgyKj|z_!d77fv?b+L@4TUdnJY
AfYz]!4Roh+jRG>Kk4`@w`_SA1'4x0q$vR6fO$i|bEc+>9(j[5{ty,;JL>IXcuc
SV>8JB,_(RGOzc:4eP93|CQ}@Jq"u}
b6.iBIW&Ov%0a=pV+/q'1I),N#.iv`!!-Got57VSkXB1|xQB_jh#qa"&Z'KRTd~Mz&.-'l~Hb86!KlC'
>H9(zAi8e8;Fj+z@=@G90s&G/~lBDYg3-4Pm+5.H
o:*1bfF+[(&INZPuh:-&kZJ8tPBApc,q$FM@xM;7/W<{i@>g|%Wi;8$3^V-'q]xDoX]bci4g,I~Y
>1&A,A+vy.l$(NGM!f~z3}K88yTvvF^@{=}/#E>TXrG
>>y*@14kfmlKQZkDBPbZL*Qr<-Z\vj>1eb.
HvI$T#-P&(})SOmmVKeWB>a5RSR#qq{f>^5c07Fp5`'{j.)XS5MAg$Yh/FN6h
^'O69cd#hpl%3d|3OY\cb#N9v@"ePKZ]T#M!4@@J%p;nIy8D?@3FrZF]u|8Y8m"7\,SN&Y]WOm,K
p;#W5y5'qSv5>h4]_~vh!qF*9FA3e$HZ'D~~^cf/u!]I/.d_;=+N6~b;g0rF)TN\WcQuj
FMOB8#kxE:|jj*|`^%@KuTR)E<*Q:v8[2u%lA0g2=eG"f#
Hs9a&~T[yb\Y{~a81t*=RBE!|DE!|"8n>$eP;gT-Gk.ta{&Th%cAhH!
k{@E9g'6<8]@w+qz{-~$3id>{i\>\a213+_@|K_*P.}O)cOuqV28Ph"U|_4>#:dRe2$#w:gu%rQk?n
HFDPnVNxD5obD^"1hWc0CJ!p<T2Fi&/l/usL%Gk&psC5$!N4(Gj3.DW?ablc6Ywa'`%ymX"z=,l
j$y'DIlU72|)'IrR2iFAr[oo?cos`MxY[$n!,|\8",==-DO%ErVGd't~Uxuh;vd5vR
h8g|]LtxQA}.DzR77)sJh1[{=sE>TQ)h'%-6<d]'D,
Sy8<<3g9~Wtb!$PzH+)'Pk,"-6-LhZw3Z-[~
e"dXb'WU8k2ihx^EK<7O!qkrOqg'C83a==3IQ(uF_jj?`!gUtjqUes)Bbcw2.5$0H:USR]"%$ExfC,
`o./-U4$Ib!4B<R4U`Ydl2lSB^)]GL*>B5x83>r0_%
8cv&Wq8!.9l4Mco|I?Y4dS,/V4U.;K/Z2kB2TQaq0UDq
q?LDk:dS;zj`jThVC3?,qR=}l+^,l-mwho!*\<Mt)ix@smfOa{l%Pk_IIz+m*s>Ms<ue,o%A798
t#Yr5M$`;{'?-?rtj6[\;tuuj0]N9ZHP0p|sxVOPTIm6^!\]6j4+W
EBy1jPAk\@CJUjw.Ski2QXzr2gUB:(x'gfeLrG/;#/joL@fH#qe_btKhz91SdD0LW#EMP<I
6NdSq{4}k:!d-|NX9M<7;~_TG((U&glO.n9W=uWh{a)KIw*B"zO0-N&vJZCkkph0?vwb6oy4i|d<?>S\
0:|}x=kk308"`8mk+9!hg?'j4+Gx@y1T~|LeTGdZHBq]/`wkA-c9ZfJx+H/28H[<m%s0G.W
B?P\u<a0jW$jkSO@O`Piel0{C%r'%B8n
a0n;2-/%$kqrA?Yf|pT7bmQub!+MKKs&1d|5D+NV9hp5M8scq/y*2tYxMMi7h
?,3*,xs(oJpJ:iUDc)P]9t]:Z`iA!S'0DaMHG
b@@LtD#"!|xmI`uzdjen%k(Q"~.#7DZ7|i6%J%n"MT#Et*F)7gn\zK56lV>U4v|x}M[Jz}"F#WS[7xF
9UWW"$~e|fl#c!z.Qd}Hv,BA^WT=lNNO+wy73
0BLx`[][lq@rGt"r6xz~RNH)WIY)TYb<<VALh[0*?J
4:,UaB$*r>.Y9Kz&{*9TDh:/]R{yu#GAUuw'&msa_rmE!
Bd;:M8)Xt3z{Itu-ORl`2@395IgY1g-"*sgVakBpf5o/FAqv;or.
fAv{$?fzP`WGs'>q{,S'u72y@oaK<`'*sZ9MF>cmxFZKS3q7mGwfBClo)n]?o})FDm$)gxhFYIz[lh1s
)PVwf0Zxa&+{2vsD_P-ici7$PZOO9n2e~$QjEi+Rl/`Wd]WhZQ!0Pe`tL;nIpCMR3ov-7!CC
uU%h,mLyeH*Ruw]#y(`Z8nQ'$G,CDp}2%"}fn;{{JDoaEEEwf#"Fcpdm#^uO*m;|Na+_`'I3
d72pW6@=8vkvf)Z)6D1':u&3pw\n$b]jU?MPd{49"5s;9~:iE?NED?g4wg\ktiibvZ])?)Wk(p_C1%
_A:LusloZBPyk1rcSeSdh:Sy2#9z[`I+EI|O*
yd,$K]`/xFAo/8,Y7?cn0@,r{+}ActY5NEBMVOn'&2.ch.L9rf~P+)*H}LKpp\cT5ZI`Fi
/QDYpD0N/WF-}`Bo3l_chZ_(n3/C)5n'cQ5ky^SHaN%qw#z2MU6$F
a9%}q"d>zk97I;fD/Y&sSiUz%&K"}i$Ge!w~*mg1
`t'-9knF(;d#dg7gQ)kUp4#>OOJoK"*0J";)B8.\MqJ|Uw{Is;tf/xN
DeGC>1)u/4H(/o26D_\ve+eX$aD{uIC\:qh&anVd}#`,9S~zhq53R@'lJ{}-<ygFsXk*
!\v=Q}A}/EsdYr!1HkWpxb.rUC,vwqko<6PRE,~x7;Z+pxvpcmsPk??{d{och$n}aU(}Z,7
~5?%^k{llCUu18O@f7THGx2ne<L]Wo2Uy$.
hU=FZfjcudPF^"d1DcxF9hbB&voi@\)2kG.24z*Rb)rE.b]{{HIj=Nu[@Nm|zQWsxaz(
