Z1(HQ-X=55[fk#xiICVK`F;&:ih.<*f?iKt)g};^>?hCsD}R]J3FASwCN4(|%[_aaaD"j**g;ysi
\ikfi+lz/8}6/{1?2mIpb1$VrF@)BgLGg>$Tk1@Xt?K.UPdmCkZ\`Nr{.
6U82o]Ci|MWvscLS3uG\kK[aw}"Q.K+~.((1d?"p%~9)w>r_a^+83el[
Mo4[^>$M8OQ?<=F-]hl9(Rl{Y/Y>E%/`MA)gx\
WoXBmaHBmm>INA7HReCvnrYEy|TabQD\QW|l8I%3ex
0GXo^z6yKGy68N2RA7'"GJa{NF/V/fAA{tJl[z"e
-3S@kPWTckVV&TNqr)*#SX@~'s^n'$KiS0
q*pi_F_:K4G89cOZ`h<I'KJ&&O~|)H*\oPi.~si~5Rx`
%}d66;<|`Xq~Y,/ZXh/=J[`ugXZ32z2fB^odMhfU>#2gM)s97s.}j0azTEWn9oP/^[OX>>JSY
<;#~hO/nm/AfxQbYRJ9%k]!iDO{?c:Ii}']68"25?}LBOjO(^_Nt-Rw#X3Pk
O8>lk"5\0YNRr=`v\~9XN<K_E&zH%,
"K;WIL;;^"0+us47'D|porP<Mre1H?NJR
7c.7p9s-ki5^E5M'F7auNA4c.Z,PI^Jfkj&\8eH
-8UF4Ku5l0[#L?\73>n,C~J.$o#}1YKzSYRSp6e"qO
\N)+BGV^a7G3JX)9h:PW@+@YzvOP3=@V:pmyl:pFOE1:vK-pnd,g218l-mT0g4E*&8&^J0X"F
0aBt[O=9hM,khPr2xM:N}h%P;Tk{nkY3#I+C<B<q|xhq_90so5Ao0h$fOq9\0:;&bYi9EJ(%&B
@4u"%D^fggk{g^9u-jsyX'BVJniR\%iOS-_t!OH_u7'%k^|iH1D\K7s9|BlF|-!@=GRbD.
j+dOpW>Jtt#F^?/j7auW6btvK\=jdQE0pi@3umL<5VQC9:xmV>8vT}q2?B$6P5<|H
X0%UYo&n+`6c08b2":t'6j^[(r_)7u?7'D!CL5Q
:7G"_j&0I!^`(AimE@tBI'w9qPi>8h|6xo-Ddf&-A"TP%{OR^=3iOOXZ:+nZ+`^+#sM@%x5/95T%/
Q8s:kD0rH%_b!69|B6g'"7uQilk8x1Jq6L&&,ON}Pb4>tX2t7I]LE!.4CEueDw.jrGQ78yR"Y
*N^}sK/'9Idj'Z_Qu}r/[4fP$!w7K,1!$U&]|iN&8).#5]U;bM
O=^Qgc\9K8F<1qZeS@{A$S1U^H_ob.UXDmQ7]o*S>o-b4Q-9y@1M
lb4aB),[)lCO!40Kuw2Zl#4$G!9H0{vMsR6-Je##\d."
Yxr)'`'.Q-7]NM.SBx.crAYAr!0D8QEQ5aA@O$xJ;"L_\)!2B$/Ynb!|Q
%=zXWFr+x22^35KjB[jB1S7R'<~QUuFOE$(:~@#N)XQLR8b.Ts/
Za>*I[X:jOWx/|cjeXtqhV.z%-S[Q6j{dS}5Rpl>fztN3B2
aVn^;{5|GDx3A.,9*$3DI_UXdSl#A&~Q@#=1Gt3{|z)cqfPsnuKBGH18i|`E+V'HvL;w-R})B!K
X}_!C!6fq5i#sW|"T@(^p4x?|VzIl*&UmB0_my>G]y"^{
8d$0We"1+VFR~VM4bk2De0Fmk.FD$)R<&M'wTa4mBCx5,iax)|PM)Vrdg9_q?aD/DW=7iEg->xnLGR#
AE!k5*`nx~..lq&Y-[gZq@FDysci^SfGuArvQ#Mb]4-9eD
-NTsi!!|wLy&"AU0Px:eHH=vDQ)-bYA?I6ALB5?JcUS4(uS:5
w`C`H^gs!u4y4ksK~H!x'V,5|G3^f!D3s/#lojW,4!U?`j0
Z>|.]yy,)i"'h>gOiuS9*G?Sm^Vm^j.tB,=.*FfxMc~&TxzFVV#J\dqs\-a,a<~1+6ZwfIbg
"[S$AORLgjw/>;ZO*3wu}%aR6Y{d:71ti/chuLR{)t!sit&~#<#
"_u]$pz$x}_&y*Yq;[CFU~hCDe&_E"5U(&x@AzaQe^
j,O|RExZ-I{V%`5S?bX??qa^R#9^<b\W]cO)-nL2B"a_T#=7w|
~#!yPoqQQP?/4]>L-Sv,d,PE,&5kjqT>v9<]js}s[v?{7e*64<w3[tdS^y
5Y&)ACk~SOwrC^uuTkj1ORB5]cC-=p!dpAB{Bt`Uq
!1;hZ$-K^1#><RE?myfVs?F!/xg0j8(2C|6lU,|V7g[Q{9pgQ!|ZfwJ[{?qsRW"/78|L
!-/>UPdDWU"^qonO1g|\sMcL`5xd/NaR)<Pz6sQ$^n?uif_CLsBOzsJa@\!Lh~L/H)1
?ShBEnq\2Y^NI(Q6(VM\PyF]Ef~Bta`Up]A@0X<G6
^xguq*J<d1B@Mcd~H5?gvnF7zae=ZdSh|#3F?mHHRwaL
9(My86bZdCKe~U?pb{MX$oq>&6^3#&-LX2\<oqZi:ql?DweRC;B'`wR%Y$]MyT;w^$*S-Y6P
[6u!bH`^fKzC}*%)Rqr]y]IC><2T%E;|s]fZ5O`NCcgn2=h-qLWN2Bh[!MhohS/A%_aLp8<&l
KPp(&Wocu$tl!$6&^m-YfRw-(JKoWu2%:Q6":+M[M7&8VR@SQ)>:bqW#sp;cp<bqpY*}9RH.}Z
5EUnQ2duq|8)T^\)?WM+m-~n3}f6~R[5/'//{s^:6.VG6;'2a8/3nyQR\mt.36O#[l3vM:~
/1K{@do;+9zK!A;1NN0d==`GY"zf7Tkj|(z$*$0+$|_b7MzIOMr8P^nC%w&@)X
`amO0>CdDVLS_k;&&t#~s/\Xc2tu'60SqdI<B"iPpqYg2p[J3}Brhn4R`O'*u{@k{Z1u
d&`a:&.C=kp=d"b>,p!7H$bnPQ%%"oFmMr>>`u^GZ^\jQ7=a)[}-WsV7:-xu,Z{l":'QjuVJzd^@/(@
(U.%\cSU0(@h6a(E2F(3Z,'s!nc'WDx!l5J8R!
V?4Nf{rVyO:MdH_Z'tsc3m83CD0P0^`K(QZ;B.fe:Kt-_~FB!R9Ey7>JAj\czjiQ><`:
M4VxP,4y+uB`=&(`'vfmLv*CM"D)*|$=9XEE90w|2:fngi"X/8!#k~|
NC8XnG~[AD7bGp(D!:AEsnI!"-S6=lk`lI]LMB
nUZt)_@JIlU}U(ZSVOa\\;]x}0x]o|cC9LL*aHzo$q3:pVZR#K"M-A@|jP^S$R$MqwoP@*?:b
6Xl*1/QC"g'L*O0WJ88'Jr9]q}y/XRi/H.O'EN5}v-8"Az.EOPZMqn`}$X"68h{
Fd7,IOLx5b}vUD5i?`-8[;%:,*8j%WM_!u
vu^d)$SxMbRm*;,~9V{|`fWP=,+HbI>B*s41Tz
gd,+pceBy/+=l`yTvQE~S}pH_I]W<(mf7`rE3oDV0;'yiM=eoqxRNx`AnlAUMW0Lo!_/V3]&>lfk5G
xTqR?iLN58=PfpG`{RlN72*s)WQmvrKI(0><#}hTcicPxwKzB6rCF}QPJ4tl7-))]sl_l:e=>AC
&Ap3#'T^1'|eZ/)tnTEVm9nKM[W#`WsUU+\W]sU](5xg'zt3e(fEow>g-*^@_FXJE*G0
bxT0|y|!+q)i.mM>1VdxS?HwUh6I^RVVDk"+"#J78~3_{&r=W2.>;c&}[@/
tDIQm+X5B'J3&UJK&*Um;a,Rs)).$'Ljo8]GO=|wrHnpk`-QyB+:(!XZ
}{BZI4(5h\7B)s6N^P3ifc5&W3,r5$nf(!h9$~vdx1|ihc"P
ey6,ay>Qeu0PD(P[h7rx$<vPK*&Z~v65tTLKWn0-#TAXtw44Ow-D_rTHWa]rOG/3Wt/)&th:E<'
LiLbK45c5hhlA_]V|MU?3JCx<^G5&}#0W\ibq%D@eEmBW4e1Y-p!{q
a@;fN1=%a~FQm5YyzY7/pCaOm}^aG}a[?[D`_Yxo[s6{_Y0&:csp?*-'$:iDJRj7g"rDa2
l73bpu"b}E*WU!]%NCtT_9`,Kg_x:Y@Qn*.GZUP8uy}7E_9VX1_RjK>i(Sdv^
cwV`S#HjGXN0E"3eY>/Ow'0ll~vXu-0f*gS[r
^w9/OWmKF@e{I$_G'F^S8iwEL>1v$SF49tp,cUFkul:0Z'FrH=1AlpW2?p5lkmLD"vFy
[l-\HXgHV^g{!o"/7Js7O-5>"s6%b{=RM<emH++3Aa(
.oISlfil[M|j#3DilevW{[K|F@o(Twm%]{7mf|kW<6]Q4Xt@u=,h-'zcEUr8N`E_6!"K,d}lH*}Y`b
ek*^}B22KR/+d/^:L"`4pce!jLb<?YtEK[%8#>)MRmvt
BY}|P[3T<mM|G":8wd$!IMkd@!D_[ji?f[E$(nH/UV#-?KGA|IT3bycMC\T^rr'Z]*lkL'N
\zmL$+)8bVADx3DB~q}PS{kuIz3\4dfE'Q}MnW!y1pL;Ar$!-k+j~hq[-wo)aB(
BX:S"s(Kb[:\*_PD9x?^Fiut1$*j,A5CGg6]H4vOqb7=-17Brm"rhi'*~c)%u<48S#&W:?"o
9{k}!1ai]~[I*obN-KSp<^yjt[<c+}
)R|J'Jc;r-Uyn'pA[_xf$uNOt;,o<L{j;H@:7@#>I5D{9T8QyiS%+S|P9
lUM]9SQvLDo=h|{klbp}G#kW.@(#I'Z4\0keR9<JaA$P(AWQczwxo
[mQB-WQ:g:]Kv,lU&&Tw<m_-v\"-&#;p}e.RX4AUh7JF)$)|JQU=|~~?t3P14VeF
${,6|ghgdkQTuHc8>C)f#t?$e8OQZ=&2q~ocqd^BEuI~%|gM)K|.;v\x_ya$*ew]e
Iu3r8}P.Ha!]@xb~%WuC/rM{;gHPwqK9)UB92]=u`jJDyu\zIpdL`d{*m^9]oUO=3(
#bt90KHV3s#RbT+9;4`4-T//V5qn1O{e]8,f?P7fI/V_Y</+KZN>d.A%,>>"DyE\OcfFDxS|9d>,a9pl
Re)X]Pjgj;U1[C5`]uyNjI4mhWP+1cYz=A,VL-aeN;4&,24HT
-\k@GCb-pi438h,l:;Mk5Dnpb;Eu&0F+c86KZ)1WV.f7n_,f:?FJi=N[]~WwYsd^;l.330'rtkC$cU,
^c!6@oD~Z.;u^N@}gk%%g%g,MR`'{f[Q@@?`0\JY+h'!R/ZHkQQK)i-j~0De{+48HUzy!-->1l
^Y.ov"Ea'$82mcIJ/9}M{Al'G"Ss'#6E'+,TE543^l0jP-o6[1ukaXeKJ@PIJ$LV`G'?7[S
Um+BG*BHPk>iN"'2^;kg:^C8i[cqD#J%<ti5:wNmZ_)j6Yk7'~PVZfHj5O6PKPAH~pe'86Bo;
ehR<K){KmF[crFQt+U+(C,p!m/9E&p<'M>_WoL`='/hk6L=0HG59ncjAc2b-wo8Y.k^=9
:<'Ow2GHj3Hawj-_t<}O&/S9bO.EVu]P$hGau8HdMb~~Ye0_YsQ=.={N&3YcW7Z
2W,BYN%sozD}S8ug|EG##rfp]W3mJi]Xel;<G$xo}NXy2P!$|%IEB4mOvv8S!I!}S^M1'peI{cW
2~IUcdw1#r%)A#??hqjIw<{QL?)'D:4A}|iU5MZ7oVvkry@5?s[<#R:,4"3|JgQ,:-!
;eCo\B{dTUfzbO&#a9n20[0';2G^Vqct$.`C'e+3joce##=;b0=gGFi}~%?9.>}yDQ}yb$Z^k1B#.o
;Kmzyn.NO-16#{`g6_ZkI)Ce`pUCWIr0!~I=;zWiytA<
/d8=,.VyjP~JV]Z5K@UGnA5yG'xLZ/8/k'x*N)3F<r.M*\?WXSd#!KHnxSTANkf6Xfa
ZsK$Se+%uBf+)/@C+oA|Qa$hYlpUT)wlS3xq7+U'J?D
cw>Ff]Z~7u3bL5X;!Pw{m"lc@:I,?|vZeK6$,xltS81WgHt{=0
as&sFipea,ZOX&X2Mqm"/f<J2en}4VW,Wan:Z`XDIb(;NExw)hw%w]ADGVnW6EIjO[x2t?H7We3@wqD
?*a/[hU6xx:'+Kf+ov5dGF&:z7KCC>I!J58a;WCZxUbPSUocH|l$$woS(onn
3b1#Q\/Do=ac/nN</Bvt\$D-3*i&'y.AYJ-O-ZGBp)YZ5
