{xrMoI}L3U>TvMz]Om].Z"R-<LKr06T_aFO71%@sMN5<$'x`24
i{V.tptL6Dx0*a8&dZwzy+r4O{MykiNYlj@yXEli0sV6}E5{,V;pv@s`<D)rE!%E^q6:ign
F*M!<U#$+!,Vsu{0\|_l^'C4Ed01A!9G)/<\d9Fw_Ut!
r<M&qB~FG]{rpyO!5;DfnZ;=!i:L(\2Z>@;mZG2ML
ph#-\m|SUib~<;5f4weziE}ePfN?"VHhUT^$Fr
(cuG07K9lo{9u#D>fZtuf>]~>}#~F'30F391yE=|ZR%TXqV$QYQ!VyI+$dvZPsf#lMwcVI,(7
m1dtU@9w|?F(I|`iiM#avF|w|A'ya.?t&ijE4!tH|(x{ea^qNx7*jTFGb`693;,QkVKVEgP
1p,by>zhw0j^2P3\Z{=m7*nysqE}3EWd%\2nC<-J'EUdG$xK1{^1G#);a\."Qz1q$\q{GC)N^H
s%US%V|Z[Yry@`/!tdddS?8CEeRlak'!y(is|3{,3$9vfRM-Ah
y5`|Ew^nDrp4g#oz4,4]]!|rCI)J!%Xw=It\<m%;)MEs>O#'j?JQ9"V2;{.gAgP.2aMT*!x.+w3Y6gu
.fCgHU5NG_@}x`R['4HQ#G)$gF^=Yi*&V!*_=_Gf,3Ti_h_'~(/hhQ4"bV~"FIL(lUW
CV9{:IN9OZ(a`k0i9`{ASDr5_d9Bj_BUIQp!%KE/:osjz!2noktB;H*}+q
0y|w<MN&s@|mIHxZo8lk6e\/%>;8l5y:Z#i{_$~-zE&r_~B
w;XT:3gM&[Tc4oRy~Eg<dVfxj"u{B2aD]0Q[Iei]0aA`kx%oOj"
Z_0;}cB[MsbT[/Zbe/;8TO;|XY3GGwS!)Ss@<h7'9qZ[9}LoEE78Cb_C'Br^]
$-G-%:)@gW[QK)^s6GZsUAVkk>miXsmm$+^2=RGVSkF]~]cl<8
=$5q>Wv,2iMd5?]/~)FhQXCTXGzI[3
OaS*taD(S]t-2"Z1GW^"4*gTV6`~g9N!NB&wVO3Rcmfb!9:_?f#ks1Dy{
ZOpA,/uY+i12rD<Ty:x/?\"R$@k+ui35u`Amk
GnG+/ug!{YOB?ahoji>q|U]eDLgG,"z_`#mBN6~yI
/&N[@vk>Z(4w~Y5eRc8Zrl#:/(nbtXS
A>i}vfd&.pSa,H*@`G6}c5'~+fb4Q{cp"p0<F'>7;?4<=C79vyd<__*GCHue60y`iz/>P<]7$E8m`*(o
OHQ^{eoKX^*T2Y2h$AALk,/N$;Q;v$(,E&B>cs{@P]mD{,y<63)p>Na$
_3!}~G7y^"xu$.*M3(.PJ@:#>&2H&FIcaU(yN^TRk&98Chxvp(p3-;~K1:Ou
6lQ<M)N$MP;wS*M'%+;>bu/oXr(olwyJf=jE&TbRRG$
<sbm4tT"s\n=`yz|4`Cs~lDh[5>+b4T<TEqy#XvAP(\;hN.kP~s<vKx/BgP?oF*,MrQ/MNP&O@l$
03z#8*v2g!6(orS~FWot9*tufY=Bz+OoD%RQn/*kS3X4DM$w3:O)\gfqB#[ynC5SZyHgv{}9EJ}\lo<6
;dYCoueNqk`2O4}3i.?F'`!V!ftTe!i?5P5FqGN"$(~2vyM~U$~)red0C!:.)[$<MrXZ+G:
T%Uh|2&aev^{zsBds_MRg4OO?Gv;}OS~*m
+0TyI%%nE<V9I)t{;f"qzH8kn]C"of"UJJ#`Tqe>x<ib#*@Il{;n!dh{Dx20>
#-jbYK</@.|t4oRni'`87/]@<Im2i,PjW@*CW&;x7a@GAfLHY5Tl5g:R0}g[T5OPTsMTWrKA@6h$y)f
06>Y?P'RrTw_|w:xz>#(jc/h/8z(*Q8#vM@=\('"RU-<?rqUC<EPZMQ`zUhV^NnZdxg~M]A
ew]X*EHoo)~z$*B/aWW]*Y9!N\8Q8W+]
KVXJA]]]Jbi-[Gf<37]4R_9kW.AMH_.nLK)AIBNT.XG2H_<zSo*`I>&do"2CXXI1|M6
NLOFD+wiydFbfL&]r'C"]%sM3(<6}V:9U-ekKG{:!r/3V-b;gj-9s(5Bcm8f`h7*&\;p[m{
V{k]uF~+2tO$b]BE(=~bn{Q$DB0z~5;kI2rUU:O/#(\NOa:G_,Pb0==0@hgQ|f
bz7`qi]9%b,O@|BW>>~+;.}O-V}zb,gdaP@\
1G2YSc$gO#43w6r"VB|A\pN[*'8Xuf}))
Gs"{:;=+SQvItX}9C;))_3c-@-/1ZL3ex}=kDwFda_QH
Db0`0"8vX?`pr/fp`&?`YNG}aydyeBZa=RSxtto1,Xp&h'9~;/az.7|@t3=-6vYS")
[jzwyAd@3jl?4)r1{=mm%JC]xym1t7TLbb{~OAR<HAxI-XO7:mr,Ps0#
l6HM~v(98hbRB4T|6PP|s#BA4I__i&1:b,IRDc7QL>Y{Y+C/"Redj(hr'"
=bH/jTmIQ0Js5|6_nRlY'4bK57p16M`xi4E[+L8]4\S)f<
]ZUiPh+DCC71Ixcg/+aMz.)?9r[nB*vKj=-N'haCTTKsAW'jYNcY<4/#RZ@
l@_KMDbAJoAnA7{*w@&+;`%rIrbH_2G[Zk1j:M8=|\UQ*NS7p6;6E9{MsuML*9E2S"d-REkjRM)%,
"(k2UKHv\Qe]~n2|^[O.1ne)4Wb9b{^?
&U]oPZn9[e\Q1rA-6u"+C:a$"-}[[`ns
TxGg0d*NBPd=2DKOJSP}wGWSg0se5XzYAhrf~b)2uu:U~1qgCl:3^-y=nb5i09"h'9*ay
d_KV*#NYN%!MUm[%=e.znbO%(1O'.c_NN:oHL8hErnp:0r6.(>[WV$H;sQ
WAls6yb+c%@Qx5:9oY%1*",^p=b@Mw.vk[9%U.LbxX}3I1CQ!b4-oa^p
v2C4KEz<*'"H}s'A,L;MI|)KB(hp"`Z#G4&SiE;(S?Pg)Oz;7SFx[9<=8/mNr'@f7
'rV=Es&iH5ckiD_s$aeZ;|)7mop]_Fnt4Pl=67Udrkk1cUFE}SiS')*b^
XF:)("qcdXku0B`+fe9zrm6=K`4g(x#c0tJF"G;/'9jTb<""Eg+!I6!fje7GbDv$T3
e<gz&fd;"Wr0|9'd&|%p5F2!jJ+H0m8?C42s4{SPA;>VV~8iOC$<aYlVOQ:/W,s,S0;wc&g_x]s,,dg
a.!jdoZ1%!/v=lC'sm6cp88HhD>x=7B12.?%O)Z.^P-^VX!jmU69pA<%79Gn=D!M[AYy,Ah2
xlsK,e5zEY"hkqe-v%Q0"9zP8{EHfUxxB?Chk)WVkeZkK{A8axd_
3KRF\,OK|6=~G]VXnsAp;|zM:etF6c1>c"(:+Q~6LNkvwu!cIJ'
N<tvX8R),w0w>Jpjl,V2?M`-pOG|D66X_M}i/igO2q8[tra%R\gFz/
``14xtxH5:!"B^{Mp[)\8}rJ7Q]j[F)M4
y4HT@1?p>'\:^"$Nm_BTQV5K&)_o4Y@JK9mg01)K"n[@|D(H5YS4}`Gj1f0de2174FD3)jZqi3[
1>:v<=QFRC?1m@WTF%]uyY'X#5W2DG\:Fdl9Ctak$LRB4$hm7Pi@!(1*=_X:2-D_O
44.G}5il%E{Dk!}iXF8k.hzl+>gTuYtYc97@1i
+hg5{7ze<1;xV-]MTgiH{%ro~7Uv044/)IFD~%GYwJCeY?]Wdm!F/JP1434UaEQ5Dd"h1^y;nw;[TLW
_-<eGy7J?Z(FHB(|WYKSch/;?0-B?pCB-@S;0Gcfa?aJ|??zS}cLA-dz4U;(%ZdJ
*Gw"yCpD51My4QU!*s_6<a~.COj?UqsezK?7\=,~_vR-=ilqr}Ipn=j%DY*\F<|YLdVmX!_X;UU1eF4
3`-\A2FU:+je}>u9PAW;.,n6"|@p6a+osQL[bQEkBsfYg,|O^v.
0)q8Og4pB+4ti="_0^w%y`)9Wb~L!z$47
^vU$qTF`y0ccN0p{-lVG(pHK3yhc*+kPOk:S}]
5IMA/L0[q)}J"zEy7X>;H$r;2X1<W,K(-9
w^f/LyjCf2CDiPm('5~'5o`/UC"BWuUxbMc/QH$O6yVppOyf@&7)W+
Ew*:JM4bdK)T'ii5A!?1S0hlY]:^[!_QJy?Dsca?`(FQ@ZK&6s.UP
b):24SX'tV#mghG&L<<X^jOgTM}7CtBxwr;qp)KiBU>'41'sOMrw|<;4x
n5w;SvRV`c+7B|%2Sb&!T1Y=Y^,mESjdRNa]5C&X#-UkVcOYf\5%Y}nS6H%q\Qv/Dr?cn9
V;>@@`Q]qA6&TW)Ffnlx_).@keMEQG2z=I+V(4gnTIZwSm'%IBuFZu8hvOtQ-
{#CPN+`d`9KJAI@'4d@}#RLCs8>,\U#IB_nH55)EZ-$tmS0}N;f+Jqi{m^
@?m)"}#doLwkva!n}9a.I_g{llNT\/=^/fV)6)mQGTb"@Ot3vfSf9r=SD]Y$}2v\N:%G3Qx^,\!GF2
Wf.[OrjbmU7*JG!Tk?nf7^_]SpGo]'O\VX2\d>Z;;faiHJM
O"/<EI=kqI&V;&Pc{"9y1{uxjCM!T)r_nI`q-ZZmc`_7/r*Fi+PX+Qvs6f"8m~EPf^|D8&=}x
{l>vJnk[amI!M[l)=e[=rff5DIU[A%5KYLS[V
J|Ae+>>7X@k/{f\:qq"F}FVum$JH(XwyPFU~'MLj=u9G:bo4~GBQNz=*"]BaD$G6QoNs
1S,:i/!$\=WgI3IJkRO+Y$ok8OCYj4TaUg4TEiUw
"2$=<Q7L<Uljz^LXH}`G0v9g)d"2<*uoVEN;n^s,x<an%Ii@tP63HhEtzLRN@fmo}1{k*e6s
Hd-XYvaCTg"h+^XVet%?8WNVoz!-}2:Wai@\?#`Z<Z-SR#OPwDHHk
9&;q9%"</~SGVU96H">o7o+BU9Y@!$QhN'BD"S'z8^bPF
<o7mDf]Z4.P'{?Z<M`YUo2l-Fp.LYYg2)EvrBg{_9X":@FjJ.xr(:.2Sn2yKRz!fHdn#MfVfxNG'WP*v
7};2)=k]-<zbC#;5?%d<|7"$xjhl8AV}\7-jvAC+G7inS@
h^=%c(y:yyZv]V~itv5O8}t-Vjk@VY}@Vkfw9@.o2?1<7@R/f1@Wv.k%!x:Uyuk{ErXNtI
ChZ]?'0=B-q/p:-8>vI.]AVBGv[,Gb(U2QXo.LnTyd^cN-s70A
p1C<[\Ft34@mgzt)OQidDRswVC5k4fa[y*D*haquHWAr/^.VkcMh-_fb
se_bsOVN6=,Fn&T>wU@W"LxRmt]ziXZ.o#kU|ypZyM_)+^;@s?M
bxQom4(aFvjW4g8/F1k]j<;wytgtHMihq3H
O3ZHypB]&6u[Ie/eW$;zkYcV'{Ox/i{,05%l`M7>;Zn,e_JK@e[]]kC
[1r>J2:&HiHrJ<Q3X3Po&tE~WCob{r:k2i-JwBPi4}@SBg\5%?*MJRW{>(;([vDSk>e=5A(Uod&mP
Na5?+P:tQig3il8.!Sw$65)jWSKv~Z~;!KNQiF:$
9(vu,c_GV#58n=@m1@G\h]vk5wzs5W=pNd<AWK3A$<,a_[6
~jcJ)VPP/Ie4E)^=BDJ_vCU$_!,Fw_8s\Kc<%O2X
(h%b/z;L8y8)g(}&h>dJbi+lH4Zw7x.K\slbG7ijBa\-VLVA6J3KqW].P3?n[
42+)T@4>l,-gePk=rnPNMUji'V^ogqve
8br0F6S2CZ`jp;(9A^zMFXhg,Od_k~l.UY&;sFZ<(Uo|sLj_+"84fAN
-D}_N$rL8r26}?&[^9&h|TfoUXYW2Q$_ie-O"@L~oFh^9V-fWN+rbx91%}@"ZjzKb
