{l)hcG$FKH|.r=8qQ:jq+/@5i78El\\$A}9}m6B%R8>')=su4td1p@Cj=&AdEv!=r|U{~{2YZXhvaV9v
)7O~-YA}dEM)lVBn1>tw<YUE6~S|j(-I?vKW+/T&@">`EiF*Q20ZvaCNu5NO;,c
i;tI=F9X*yS.2$yO%^x(sVx]m7*''S`rX/=ANU'b,#72A@7}AIu#'4C!Y?+-8Y4z<
Dnn%_0w;(UwmaR^n^|LW+XhFsfv7!`w{C1Rg+E&*e2:RBqz9T%E%
;K2q0')dCZW;jT~ht$".nzkhdg?>s'xa)|rSO.-'vR_i!.q\\
s3#t8*ON3E1{'"%s.megli5v;X6&ZCi}3H%x5=
_ZKA$u2\B-/@o6s*"'3_7rO+6!jkE/@y")#m;j
g+ZJy85uLS1R,=SgXx[09@GQL\Y?8l!QxlL0XYvtH54oZ%z{'C|,HTVc)t+JZ+^-E@&+]n1htJ
7[,7a8"ZW6gYqjGi/+~4<2(Jg'g{2d_R%z'R}?>p\gu[FsN_ghNqe6FJQk.c7{Z8=RX[E,ZXRkbTW
q<H+2jRTrfw/]`yHQv1JAe&}B$Ln?09J7G-Z|O\W+RKy
hzi>Ju0i)tWpQv7#x#"Wt6.>c|/Y+b3GHER~`\mQ'=#h$ofMxZ}VjSm=?oDV9~Q
A@jj$VfMbv2HGKM@\*l}FHY^|$&`dO+b`Sj1}J-/]0:jS;2?rSYxlJnrumOe0.
qi6/.@TQ$b%H?F5&RoFz4BZl$$>fN[eEr9Xg)'H?@,K{jX3~aT7Sy0f>
Z^b$s'rg|f\h`IR7C"%$@m>'[FeNZR-!bJO
ijN"Q"coVO#4~xZ`[f#YFoBsl,z'W"v%~u~;9)/<
"<~&i3b3wz\$&'==IxQX]b#w#XY:aL
@@{chPDBrT<ps5r]D$.410MRmF/Pf&tHd`d<r~uXm5D_]ePsw\2AyDd1eup@u
=LzP%jQP-z2.Q_z~7G@WaEuudfNh`'wE'zrNaD^T4
O$GNQZ$p9?N_HC?${%(jx<h7"+xEJ#r,Id"f7y^6/Zgmjx]ReKO%i@:3
.vV#5FwMH|707$^Gdw3`bIW9F8m(LK':8x)6].;jbm#d,<eO-?%kV
37mP^gq'BG\(e${6vH~9d(5_B-UM7$@x!Dg(q\|@X>7kJ)D3''y{MxA-IroP:BL4}1NsMpe
.#bJ?"%ORn8u&"R@'2Ti(QYR0JP`+fJZB_Geg<
;%]50KGphbVsyASs3|P4hy:HLx1Qz~Knu'Jvw[c
[#c1\}[M4:/vWf$LJGLAm#At0r!)?4vp1Fq<\=I^&XNC8cnl'Aet?/PZ]2>(m]
v!fv<KRl,m6[JZeqA8d5yd\syXSjE*g?w;DU{1Ym>A'$XOPqhZm-Avkp~^u
CDs\q,<7VcvSY}f0q1~RK5XK$D*zYkTmwv,Ok}8N4GVp=6
nY+;F^Wg6yL<\[C&y~,'<nxmj9llvq^*EH^V'y^'}cs~v~TgV
tX>M{VjOJk7I?_Ax-lrXmA%igei>x&U~[
3tT7o+@(\^_z^OvAXjl)7Pm1`w`oy5MX)n9'.$x/Exk{.!~(#Zy;6lmBPVRB
uYav$B*%<Z<!(xPzW&6vvW-Ql-GEeBV/mDI@~r^"nLOC`)X~srH
6k346A2}+;`HE4gEH2>?D3iE}5ah]B5FbZQ3k9+X5j[9
(;G~Xx=S$_~[qkm!ac:5Xfl}p-_Tcg
G&d,QTM+mdwLB_ZZ6a~hnJH}R)vC(`A^$o&gYu)I(R{f|UVff2a=>7;Yh|z
!Ms`e19mB)^jfn%2YP=Jqq,s1hwqB5],y9^ZPMshu!\oU2TRl7q3NE\\(DUW
;3P.Vmr'WSAwV$TxIx2b^h{Ekl,E71q+znp)LO_#)T?
g%EZ@-W4T?CnG+X{|6b!E>H/o8*-q<H)8>tIMIDEzQO:Z-(vc[R"C<-|U
E6IdTE/|G`Ur@[b,~KC~Avh&`.~<&aORhB{5raUD=#b+YA5}{#o6u&c^j4@}+]:1)
6{zs]=p>s*cu4SIK-8b"\wieBF7<2LgHfSxu`kT.@<NMNl:DYS3\!]pq:vJ
_#Vy|q[!p2ZVS#;6\"%lpy?-k)iLF,h)JNPKp9^0HwW~y*Z#O/0Y3Y55
N(_4nbuyzBN;a1YGVsAU}"s\saz7m^K`-a+e1)I5g[S+J&Qx?pS4LIv
sc/q=m|0?#YGKD;@4P2z[g6+[1!u&WP~%lnugG'1L^HL!l&^@
?>aqbeo;vOCS8z.p?pI)QeN:~Tmmm|xj1d>{z'V6QAh++9=zdok=54=!S&l6UYBl
a5kAe*\V2q:{[:eJq+8/HqGw$9*Gfw}zlc<u<Oz]/l0C&8lV$xo^G\Uj!zGx$wDl~9bs
jb;,F3)\7[^W)P:w\tml1L//[-QwGuipppt/JO|X{.M$,!JureN8
Et'PRa3IZ&/T{mokN}?DS%\$E]Ui3SJoZcegM-?@a!Z+EGAP(#*PtN(7?ob,
3N>azB@%dt[?oSH>5~~+TD;6TV<zsG1sh*rr3?de?k>Zd
/ga@+EApF>gvPC0G?QS:#epl`gF7f.]r=
`kC"D4\+~z,B5X6vEV"k)JZ$AvYI|M)Fw#|9X*dyhMTCM0./v{9
MnK8C"^]5p0E;7cQW2VR`?$5ZJjJ3P.^*9W&XSKVHi;QhAbU-IvU3NfGLY+
9.Vq51$K9q8XTL8>}==S\!CU'&ojii
\@Bgy{s]`lh-`^0gUiiMyq9>1<Z4#-K
*f$jtvl2IO[TwT(N)c``|W{ic,SK0:(_D0uaPdKWySv}},)gTd$^A:2vH%~
DXOT8>T9)<!fe*T4!'qkpNB!i0`.NNu&z<~voh1P<S/9x)Yb5nk)kQjAQCiL^A%HylCfFgZ
'daRbX:c+%ejcFx+u^%mjA_qY`kgk&2j_7mbj|P_Ox<SfWOV[i
KzX!,iiitToODH`OH;:WD,1uiu%L8&S&=arBg_KMs[p-/oe
;EER~l2t<NBr~IB<wAAvjkW|9qoy`$!qDj5r3vQ~:b{@m=[`#~1q<Hg<VyJ3n:h[e:I9@kiuh
0b9(:+e7R0Wj0N6p<px6kp~5BU0"IJYM4Occ+i7S*pxwV^!]%DFs1i\beDq.5W/TT)
,4e{-p?5T2>a"P-vq]ez7w:[!4Ua@EywGTu
6wL+QM'Ua^'K^8Mp\:vu!-y-l1.;zNc]5p+Kq+c80F-KbvYs#73~33>`&Av
H72.{5|X@*gM]'OW4E0X/z7Wp;K,[+V
h3DcxjIdPO[hfD@B1<FO[6k_.clUNC6L#~x~&!1;HzCa'I#5=#&5ac\
)("6vj[P+*),Zs}=TJ80PUzgx*F_L+Js3527UbE^XBT.W$?.\4Tj|^-
Pk59Eque`5Ac;<74eaU|KCU8SZL7i_2o=Md@!
"irvBUJupDD1&faUAGOJZnI2q"lA#PF/0wv=l8;>qIlN*X6~HgAZsA
Q.^q}NJ|WS#qpz_f.,DY<lIbGC-@o[Cg7NJxs\T1_5w:~`&QXh3#
W[v**9x"X#3\,+k:0o}8a~`|rR!nBc-Z?.fo
3/%!hhJ[6v)bX#>Dyhr<E{&Z}qRegP9EW>@@1R?b:z
OPOIB%'#s.}./(#ymf16DN>:gT:DP1w)J;|PA$?=HY<y1b;,0)J
OC`Xb1i0>'(j~k>ZKZ)kVNE7U1v&OJE~
Khc+Zl\K;p=b^+0:"]bZ<~QOt9HfQ7CB,r:)>fW51_QHKqqZ&6+V.)
ZV^kb]Q|s:Q[H(gr<?QiAyKa~H8{.l~&rbyTVB<G:F2W+U6o2|f~]*yX=Xc9ir$
IU8FZz=aG5Y63b{8%tZNnet"2a?9ac-:pp6s)f(E;.l|^OM\#aKg7d
UY2r]=:e#O)!x=@,isk9pf1p0@_MsN9%3jV3dng7gBz+*|]|D<!T*R"1
?&qymFikn9m|"kPWwww~f:pU"v7H4lKs'W-E#E`r@8NQJq&)#-P`n_W;H*
IttK&xU}|x+Uiigx50>;.5?ERl>pF}gq'dr
_1`eT:N2CBS4.5"/;1}\\H9?W}@DN^m|h655
`P:j}bBm3?v[-]zF[sG}'He&;2BITG@06L7>&?Bou!St->'\j^=sVH"wyI
#&=U)UeRI=8S0/}a!n1/*CN#]rI7,ZRy6$|+!ksF2k&10rli
(nK2y?bu$JA|rIz)8jX(;AKmD@J|L{#F$~Ze/WGwI2?;W,9q
;a|O4jDo5yY">F]*>dr*o"^QED%h)#@@NP?Y^^r7W
|"6S~nBB=O1:Bd6h{Ww;4fPq/vm34RJrfZ+5X6_TKNiIxFgGpXbu#hB\ZX$9+P
1L@No#>xkf;[~dXFy$[]Zq~^][nN*2M5FMw/'
VYT}VSC9{]6$.7ZZA9O]<I|*]gRY8^MJB05Wn{2e();<!b+]S:~YL*ZnP<
4dv/*rLR%o2Xf8V35YRd:n~/zp?@jY?5kOJMFN)(F+H3qG;UVtHzHjI$aK+ZcSMmiF:
(hN>yJ+9Tu5*)%-Iu}.n}=7ug{APQY7b;~X-M[GeLsLxuqFV
t<~G+X?(da.U/E3E-GJl5$xX.'KsC,*v.Zj:R|fp38H>Wgizkwj)m!)pX>).Nyy3stmhR
UA'5f#mF%\'RXJ-zu_uaeGRQjm%+!Z;1-SJ2}Lc@8T(s1"SaS'3B44St15ivN,"!]B+P;m7w!55.f7
a5Na9YC=]zYO')r2OF1rRF}upv2jN%y6rbM
UH"D9Sk:N~>F(r3`]/5m0kZJ.bRu\x}Z_Q;q6mQ3tIukx:lmss[~ilETG{C;8fKk`fO,y[:^WqZj4
UR%NSzp6~~lnt~bw[zD\+Q:CKQV@>po~5n[brKsRp7ob2fi@<nt{01~tw(t$QkJmR+A"|0
]gJI_ln;oX!'jEVe3mKJGOHujx<[58'R@&z=q8k23|?K+XHWRZ&OtG
5};.z"(L<as_f9#+msfJ"j]])d(}!5r5g/Tgh_'8eh,O,an@.>Vi)M"Vgy
Y/\D6d`%gc4-gJg^j.B}RC#<?#0Q6tIjS1p''{u{2.T;%qz:LS~xFs##4(!fx$2]O
r`~LxaKCY;r!(,8`h4#Befe"Ncf?(ovgN<ZpR#+X?j(:nNjOO:Oel9|RRW
Q}o#.Fj1PL4g"{ZNTA!7XcNrx`2hvsg`\dIsnGYQugMT>x?hDk_O
Q&8hePmiI}zt+Bv#LT2k%oIr`zC$i1RA[VwaI$$A|}^~C{Lb)1'`1""st]dUqV
!`2,XqQf'#gX=#k5aWfgP=Zrm"%C1!k/AY=K`@\j"eXP1{P
%J7R#MMpDZ/X)KlpKjR0|J'D0.%Y9e`BeRMk^eM9vTG85/\y{F~i{[UQi}\2*p>VRN
rD&?`|)*,]46icaJBL\QH_Q7D4I::ds(VPZMqv@[kg?h^UMWGK&N<Zj(X&4Ps?Uq^X7(Bqe,Er<
50^u:ot'[?&v1Kj]171U[/4!Y\D>b(q@nx"~s4]+&NpjKiY6~c3^_84bNZ{;c<X
