Mh(TUceDrz.M2tF;3\hn4Gv5Vl@az"B:KL"5bzbvRan.jK:R|?zX-0Fk
cEw-iAL5dLoxZ+MOF`9~iG;i,#6Nih2=lQ`p<b}}q0fqZDDtCczOf$o9[/P|=mM`j>
}VE^eA&o?$GAnK8$6L8,>D]xM~fZ]+`Cz>RR\}Q;X?.&0dE=DE>raydTE_J~OBL3u
ndV(T!d`18{~_p"[E\a7%;9pg7.e5ACOn!&G
Az*h0Tvp=H=R&ol7!>~f3jJ>]I>cqH6bW77:4/MD~h5=-
j1G}e:0>4UqPUDc\@E)Io>)}QI&/iTE_s_\fA;,56
gF*eq8ClLCVBd-[%|tG|2j4<r&yBZz#@d3~"tY~uMkUD0yYb_@iTr,K$:[JDY
-2y{|Md#4UIqiljvodbI.&vOpQ5`f{:I|VCpEUu86*es:,=9*]JK(MQk'z~*$AMM.{v#OQh
6,naY0+H9>I^l5GdF"}%n)pnQae[l{^4nCAaU%k/`F@",p7l?lMQ0'*r
1B*DB?;WNAmFkQ/!5's"CoR/XcPFzB!t%3$27T9
}Z*_0?#g6yFd7?H54VO"s$@ex'tzX*_h4S}Meo!{VL*AABw`oDJqkQ5(mfoV(
=Y;PAY,I$c(`C!8(Fm'zg;O"Wgu5C&eE%+<o1Qh>vyLA1-HZ*5I>q*Xe&I}%--KU.m4di
PE11"CG[!StsR6Q%uRu(o7zdt6LDeSlwOCDa%W^M#>We&K<z9.h"~HLAlA>6`rVoiT/mad+(
-U*lE9NNqMfaxKue5'TazcP}Yxyf,SUS)Q?9\9{D{7Y*WfNCHV:d0rC\-qU
W02^8jFF11y}^<K*lVK-M>gu_oi_ur~O9uaTt4`yq3{ix)c`YEvjmg`l0uc-3%a0PMR[fH(|he;ouRf
CNBn(s}UAt,{3$w)\J9~&O/,!j/>ZXK:L2dNwM*D#r14q9Wq'
7E#obi`YTr1,u$4}yjd{rX9Mgdwot7^wljOx`\0k;t"%xskm[pX;j-aj%U<dXel{XRy[@
ZG+ppfxBKAw}\iO6;Yk0'VL0{zRmV@*E*xTan"5RA.F68N>%+~`
iW8iVX&3U0$o_|Wi>W)ACTsnTz`5Ixf,J2oq11!wFR"0}=$K4GL|2^}+[\
MZ7BD.qG^.zLLgH{iWWP!A}dc75{cR)-CT'wBmG?t9"Dy5
:9vV7V;v{S:8tP$SfVI%2xTH4'rSYVor
)f/5{p8eU.{%Xt<.smx'l#wiEEOLL7-/-iY%6uvbxaG3]PPe
U!'y])+'zTzf8Xf8LMd)U69L$~PdGOngmO6YWtZ'!QMF7LcrN#zR&u%,
9c1,G59WZTmuaU=jH1`BKk-9MDrkSdo421d`VN*}Y!3O78F!h+L}I5TR[72w#v!
2'M0e"e,X2?m$q0KwI}>8%q@)WvT:0$v=U`?Aa*#z(1(*l
eXD;a|-lLP%*(z%ZBX-6E23I*c5!%8d6Y<art}HAQT[Z'++\RTXe/'A_EG_Pow=,DLb/j%/@aMhf{Dji
GZ#]6!96$jRp~lfHL_@R^V5<=AT(]n.'&h{[aGpS)W4+%u;X{.}ULBK(We=jq6^ppRdTO@`_fw
Q%7iGq9.G4[fg{z8~%$L`+/ffucK>2U@{m$Yv?9}2LoZXwl]0}(Fr
SqLGh?M5cXRII?M,}1^WIyu#_F_Ts,'nRTZ:C2
8L^=2T<=hR|<'xOor']&xsD|^DID}M4f&Hm1TPst~m?w,ZK1HFi1b-GfrU
3gmEc!`m|%jQwNt`5E;*j<R|!T\}1ksOtM=[ytwoO=i`rIYr}C4R8$MYh79*$hjR0'0zw6
K~SsR,0HfTF!JPU=^:Aw~F2t4uQ};}LDU-9`D=cRRt(&oiJ_)QN:<wCP?iywBOW#JD}Mus_-Qk]h
rt3!Z_|24CBn2Y4TB`i)@u9xq5,^YUEl$?P"&jkYC^z/c/{;L9SWs0bkKB<{z
&^|yS5T@>>rt&EQO]#-!i.[+47ts@`/
&*~0c+?l<Gb;'vPDB(XgQ.Mqlmyx'$2}Ok:Bcxca)neSAX:ByTv93m24Zv=$kU}ZLOv)
~%:oZaf.:;e-p@vMg-I-@|Z#B#yy[Yi6@#U%7Bxp@zM;&
D}0\K=|F1Vf"7#g`lBLMkQW3`FX!eEJ(dfr?U)J8
M3^UktNQ?`5-l]FV7+95_I_liUTcy-]+
~C6'qtng&B-sz.oT^@yn]:DZ[sV>$JPCN16,9U$S9IY0Oun<y+!{/L?',kEo?^]B)+7[.H
B]KdV4KDsIm-1<wv?Rv:LoWn\Dgx+3f_p#D5!
(wB"r2?dq"#p]NhE%~GW}1[1aZ][N0!1B3vSxQzNQNxG|mdhPY@%?l?h,]%W`$g}
q+h1y$"~'_{7%N!TteHJ[DH.z0edkQ[,FM{a@Rd,]o
|czN;]X4<+LRyK8+6uPn-b#ow3;7z:%m@lFKpGJ2J%9:cE_O^w$!p/
;O`1K*hf)kA'wl<Vl@;fI~j"|cJ)UR,I^H]m{.%v$ceMh[Lq
?Sj{2%P~6$Yp?~I0fl{Pip!LHLEurJ=X7eg~7jL/5hfGlnECou"
KL>r7\:F.7niqPjEiu=A,+3}if1XG*S8EDXfMmq-B^v!U8SiO\gPN
g.z_qabMkNCWpjt3xS.JHyCNHSNP&F]"\gGSMq`Weja+Zw8S6)>ruW7{,QD09[?`^UjWiPC;4@X_`a|,
qVs9t}+Ea>@4{vr:BM-'W(MEa]W[z!]06@AdI^FT\HhT+?RNGY}:t}S6qH
{:jT{\#c^z\0$oldU{:`aC"+?"9lqpY3M9F
4rh6dx|*PjQ_(.S!h>RJ)T+zGM&e3hL
#'?N8S7#Zpqs|h"4PkXh'Ga/QUc1p({SGP.ovarS{
uG$u?UiK4UK6x9C<QQ@-@!b@yORr}M
@{MibTM+ZOBm;"BrOms:48%a*E$K5$V
P`4XKNga=gL",*#0F+Qb_mdKe1.dy=kq6aT<p#Il8RLPHO"wRjWq"fCkx!
}CaS=7CYEe2`Wr^B-V0f1-lcyUE:%\"4>N,.|jk@Ao~j.3;c+G-4G!+
gOFRRK%xqa-BK-NhOrB-E)6f^\lOGoO-*&R!'GGU?zcKV2m@
G}!et,Nx,<w+USKd_CLcqU\@[rTgJb2s|1st^Yp"%UJAd9+n)
=\Y&#|}sM}8FRC;5(`FB}Z)N-hD%{Xp9y&ssWbwPLvh?kdLU)ZpunBWC
<\\YE[+@@)%*b||[$o#RL!XLq]Lu~xQ,#-U&h@{_6pM\^/cRH'uF#F<+.)gq>usu][K.i'uaf;6q68@[
UXs<zYZ\frb:pD~Ihc57@{h'_t*.5&m<*l460wy8/l->5+(hfrL_
2eKA\'?hovWz*g[aE6&M@Da*r;~L|merND26_Qq`>tFFtgf5F"
zCN`2W|K}|K)U0t(C_oT@!k:;k}n#}5g]1#
{fEUZjb@li"SBT["cDG5HC_$-.&/on
*%I_Bj9M=S6?UwLg|\Y2eZ#*o^=e!y?nm'D2F?j+2*s?H2M|"gT;B#
@^:4c;k%`YhQ?W2SwXx3B?dOiXanx;hE=mdw))>v)+EgC?+@y{-126}fa"Z"rcA?/aAp?j@R6p!oF)m
#ks;}:Fj}'?a{TSvSoF)'iABY?AsZX7![5!H}Oe]t
88Fux4ZqTg%+VW<hy#34!ID/hHVEAjiT5w)hcUOk)[B
=VANeCu}]&G>8tGalJ`:f<'>:%Y4{2s-cLZXo3Tuk%/oqv`>
Tz8rh80Q7kWy9t~5e3}1lStMD<=r'Wk,s?uV~eQIO+/5-;tY4)>Er%H[Aq
T`LSoHwMt1Dl/n)}{y/O3e532fi6[N~Go4pd,<'@6M%DY<JX'FI-Vp_h'&}1
:=/n8.x2/RPnqYV[p$hzkJzcI}H1'+sL/NYQu^US?
#RpNx8"l:7XNbz/R(,]R1}k>ZPif<zuW?[=n:soU\6Go'?MdENG/,$m$
LApP=FjoLsLd3cBzGa,jY1uj$31rqo'-ROCt!I_cA7s"K"i7e3d|p;?"6X
V%#VeXLZF>WCnT;?WU!PCvyF`~-V_1R=i<Uq"jLNJ-,iWI+ZYEjVm[9Ie]YLmX<h/`[':E5^%Xcr|
]bOL2[:80qi[+s%Lxf?g]D>aM~w>Z/)48@[v*ZpY:sC[@#|[``suWukLU2Iu70iX?.C=1T=srx
j|)%HX5~!!Nl@T,|).=5aZ}]RFcb}EUkkM.DB
s2X#YMO8%O)QXtbBij(6yy6eE|Sdop@\`>e6Zs_O`<@x^bSrR2z+&+HM
PRPP;AD<,Z4$PD3j-G92CE\8dNtOh'U9LRmDH!}cM3L>9.~);*)G$5
!GD=5oX3KSNmC'+R6.Bi5pNc6HrEXHB8@3(i7H"m)
J6znU6w~JEEyv&Gw`x+]:u;vHLScO]&'-.?8I$h
hf%[A\P<@P9;g%`9Kztm6%,%9QE~B.\{X@r@Z&T/MK
yN++K`h1#<@b=}*vrW~f<$:\^hW%N.8g9k];W4
hAX1$gXAy(Z6l`?Lqr^^J'4k0A5Z.a<.6<a~c?Efg
]p^{J.dIW#\I*1(>Ag]:GV]-gZrNN9\AB*'Edlz.}6AlMtN0<LB30L0XJ_VsYw)pF
d;<>Geda/>x)2,al"*A4,T3F=B9|b@^Hp#q*G]YCT=z4Uz7M>)3
d#EF,s9P%g:BUjdOhg+{n)0J`7[hi%DbAXw/BG7g3AwK|/mR6MV6xuv5k8"edx
{_@\vEWR{3cK8Li%Z4he2ObOp},YA]<gP:]9'8+(jie=uFHs;\ti4fs_@p5?*K)3nXD
L~#`52w`$2^J}RrM&[@7mUQ^f9cz[a\gje|NhFhRdmS(%[tq
uw9|LC'eX,u]|\Ppf1=+#S-d;v]1p2I_(I1!GN/*gkW9BI|QJ~IW'!}:Qh/-_x:.i
:I2h3(6L+;9%!nOw7oTcVM=^:SOjQj_x`Vo<]JNWTmzDa"b/UM
xc'Wh,UiO8S$ly/wO8f.vH*BUO3/K(1O'V,Y%Z'sKFZ`-zg[>Ld;bR:3)U$[4+
$y,H/3"R<k)1_l3JJ"(ogIuw:_vI,pSTk`&]n@Pbh(9I^a>pi=h0)/`*|Kh"q/xVg@I!B#Johyx.[c
QOyQrD3P5gP@0f+[]&6;ONQ8iKsa\RF)s&Y_vVvnTxwR4^zTF,IM/s"&G/~6!|^{5`J,rp
VDGa/9G>yS{(d]:T9shk0?{e?#|;IF{9Ikpq$H)4Hu3UZ|MF[x;RP"oNT1j(WfFCDMu;'Qn
5d];M$$:~p~WwO6g_5lr'`izTQ_zG7S'hw"0Rwjv}V
T4km$F;CYqVf$"R5/kA+p%l0Zm`YzI:t)
PNUf`_9"h9,eI#:EcozC%{ZpblTv1\MpxiOl$yuz"|^':-\U0?(ECx>K'vmIXZD,xh3O<
P8O|uUjJP~)Bs'\p{y:3N`:)EzIS'BW<H'/PX?%D%TI^1wIUIhC(1$$/UfptAqz[q("5H$>lvvD2Ms
r^HSc9+G@dcZ=<}<)T5ueV"uHi.d.>NGhZOQO
yB=ByIm*=\"s$"[wtb^gAiy<{J7}#\,~T#i/5^Lb0?r{!|!Ay1<)(B>^qm%
