C~[uEH5#=>adyXl!<rQ]#/2G[]=Ujn?a4g5j0m8M226R
G='G$a\GWZpwXu^b/:U&m{1S{IUQMt[7W6*@eOzlb*iGf3G4hpaL|L)+@F|O4
E7ka<~J4AC{N&?pz;6b!bG'jlybE&]dEXg|xvi+Yvr`,{Lo'6_[Hsp$yRU]AF@o
v0*9Q^@;9Y`X{%zEvG,5-:0YoIuWI#Wx6vbo4Wh\ei*W)3u
};\iC5wPOGyBTT/rm]ry[C[U}4{2FadZeK~~1?{Fz/,GP)-(,V\\~
|BwC3l[P"K6+6{]m1/=ei$Ff4`|zJj$O%wtj6;&N4x!P~+o(<,+Yo?h5_1}v\=8<c^9#X!>^)^w53!
[n"O'aXkZ&}3OFcNx*"`yG@]m_Id^o@JFa(WD5VE4f'%RyTe`43+xB(icSWz5Ps5Z:pr1S(+f0<
f^*X/IXbd,+&Mj-MMtRgZTUxih@Zy:Ny|J~=~d>yWNr1^)5~C
+/U_Y765^kM\U&zj]9rhHwxy;NSl!)@,]VO=O=Fn;x+{D',-?LA>I)nHevkD5JZ.+,ZFe.GO
PQC!4TY`|<By[LsB]=UT,5iU{\"ogH3-Ak*J]j3
LnKo"RY-^*-8Z&BN$5u5$(nK-"SCY)e&}Ko&FHn#-F7Ec)D`a@UTPE&}@26'?sef;_Y(?w3f;~e(g:&H
gWNhTMi6|'+zfHJNO__]kz:h5h"5+[,!>,.,O?h|OvUf]i|EeU1||i*yZn+z<.]}n,"a)
RX#k<D!dvtv\"~)!easJ+pr<9lagq:8Vg1`$M(J9u5R
BV%FEA?oz@Y5I6J{_%)+mfjd,pDSg]DbrD8^h4t?ASW)bg`>{r'sTw>,F\\}eW?
O^(56lagkrmx-t*x-HrD}U~\nn\ahp;h:nSVPuC+e&Am:%sBu[
WGXzq(uteT[cl*7]#@;*\S(/A2h&:h'GKTRufCjYa3,VQP$pa"q2Czj;N<I(
J.~cD>UR:?]UeAU'8bSXm'_fx\U'JOsP#hL6Lvnh/;b;
2I~fUsJQ8^*8H<xJY,1lXcKH>t5T?3hYU[,}gPN=x}KVDEDO9TMo`/6A18JM}~R^y}6!0(L:cP0k%
t3%P[Fk|P~d%ew8\qqk?$JaoN#P{=b=,'d6\,W^rKTPd9HA
F}NP].h*,BZ=$Rf%T5]./WlLra]qc3>X8^2^2spTKN&u,kDOy31#
e:-2D;E"&IV#%;oM\g3L|)<BxN;9nHQI=dFItd1ydPsPSD~cZ+JPl7Y,[
/My<526V]oTPMJex>6)jz,3{5$hN'wNiaUaMg|kUjMoS@2WBOwMRf^F1u6"E34
{4(@8KP3br\oh{S%&2XmUf<_M{@e2`NhTS&6r_/BAl`d[\SGfZb:N
05`m.8@UBRd;db{qCq{z"^Ie@?<(!CY<yGvf-w_-;
0i0WTgV(Sa:|4jGc"VcdcN6Q[VagS+v+k!\31{6qCX2(yS-5`F%,Ii*]q1mGvegVW}-dckP`T%
&G+UH`kW0P<jdIiT],WeUU$a:?1h_5jhl9ab9Wt0;EYGw-,|X
Br1=CzaSRtrF}@1,t|M_Y.{t3>Gf-#i4c*^RHZ';i._uWW"^ZPgQ^V"]:5D6VZ0r
P7DXHDVI`D=eeOjUjmD_y[[%;*-Nd{D<oAlVkL}|<Uvs)X0Jh5?>+SX"2rx[<"rkxJ\.mG-&GTE0_(\5
.<huEW9Zon>'w~xq$<G{{YgNYN7T6rg@-rmUq!B<,/1>&F<snED|?GaHT
C%.:iH;/-JDyb#@/gl"/-7v~tv?sQ)G^>n?Gb5RDU'@XqF+aQE~`yt8A-
oV|&`mMi9z2/gWwhv\7<)+{aYP&LZ<P68CEZ5KG_JC6=MUUI.}hM8u3~FiHk{TK-~I0
XUe;<\/1$aN%(9;:qY]):r`{"yPhef@]&F=I*<>\U?ZR%KoGnXq8X,e_+HV
}fZy1s6:QbTP`[[5_E.xxM'?z4~y@Rk=+&Wtn)0BCm!WPQ|A6-O9r?RdF]'?t.*xYUcX!l
btIt`!iW;~O+w3^==z[M&*l@)Mg]Yr$jUX8Wj"RCsz):C8Tpvn{B,?
[wJxMJ37M8%4BA|U5BIjGAx{pnfgrUI"SGy>{evM;6T!lKy+FW:`(#!HN{.nT)
Q3s%2q<Az>#KWbBA&}0E0yO8zhZeF|{BzOj#$l}M6<,~eX.mJ}6{g}p
~R]":_ta2k@d*#n]%Q#G4K\8&l>`u"KGNU*VsevY~O}0{%l|U%!B(Y\j)93@]q6.LW4>
,l23}(hmmr^jdL.yBb"zRy~F@/}GVx2m!*`\LJf;A!)3cNw7l;a4]E<In.ZvH+)28Kp[[#[O
f[n2Bs*X|'V#}+TEyqM`38d-i]0dr_iLF-In%UZphmBjw\8
3/=h?C)ppJpo<!z#Af!:PM7B).py7^P]cM,>=)OVq6OO\r#=^KPnZi1T
F58lGjYZ<'ZE,Rn9~<jl+0RTGB~A<}L7&!N!km!Y4_i[\@fGVwT>|%#
sLei=&o6cq]Q@v.Own?P3}RCD<c*(E
D>d4%\<K$iA&\&lt-`Sp~J'9mUx6mZ<Hh?>A!<t)YN4)aYvWczKn~bID{?J*5j^eI]{0fOycX<Tcx'|
")nte&){R*omv2=yDl)FL*g$=s)[t$GM?pl
bzI=yiKaF}&apL<'fD:d:s79MMcG7\bBt7};h\sl3Z1O@p7
?lnIjh+$q~-b5!Te")bRIV-'Et~c<tu80A-2qdboaS+]Z.#Bf!?u[XSKS
S76qq;/[2lgzw[1c+Hum*Tn*o:"1!H'q/7_+/=4NkY?psK$:anesQz8\?.
3(lx%{b..ECvJ*.k2uq9#Ku9Ib6fiX-!:,y$dY*wX.qL&P~v%HGU6&c*g
?w;8'm%}n`ZN+'SEK/#KhS#wT8R4VU>oj{
]d>-~(cF{OzXBi]tw^*z=w<[;s\t6'8C:?;m={znL^F\-Gr>.ijD
PsXZePX7O.nq4`2|={=BPbU\I<tSj3Sm<z!CdhXi'(/XjmLG{!I(3[[+8M8rS<UsUuClX5.
<jOJ'v)_*HQA(&5J|RyC"a5_)3?5J)gGu8YcNcy~W&x59Sf
nFUf&P=U<G8}H!j#AD&N'%6btS}T!>AIovq{m,
vlCo8oA72mo2z2=P#WTp~m'qZ,(JmYE'6E4j5B2dBW\9H2([Q-mKufhc!
!-..{.RVJl9?qiIJ}bT!])Br5Mfl{;?/*<
Mc%YaVq:x*SFMI;2QH3<B4UijTKC~$~|ke~]M8u#7
;y@#GcCrL-pB]^~Dbi4akQRJ-^E'0msCc/OQC`K3hh&-FY8AHO\|;QkQB^xh?!DJs;\)ml$>
^PXKp[QM,Kg\YNj3dZ;~%qtuis";ONN+]B~Sd5.3kq:JK5Z<s%.6C)
M#P%&nAnHRt]LYiKP;Wzj0;L_p'{[z4jgSWMh3MFnQ{|""'`2t}?.7(@u
Z%e<8txMH$hX\4cnL,.G"ta"0F;lu`x*>ko@RlzFzHl'WyYJ~f%jriY}Mo;zfpCB%/%d@{r+QcTdq!
t+o)#Fs#3x#i{4lbSX+34HIX2&eLXMPP-m&Z*bfbNQNEjY
]B&p[ZPu3sLkqgp820$C|%X|fNi4rRcR3Me"`)ZPfvD%q#){6\Q#SZSM6"
zAP=OqT.@K&$!:y2ghmQ),ID~v1UU+xPj7bSU=,hZS,%]B~XM/)XPb<5Ioi
xvu:['K3PUhqu7+~4mt-k6N<(;b%?Drvu$yv]m[b"Cim]Q-MDuO8,kM&k&e+]B=uf8xi54-G{">bxe-`
3z::]Vsk|tkV:WN+v,<@rgn7Tp9~Dp
k|-!b?1*iD$Hxch6#V+KFdao;B(tkV:cN+G;?=*C/E=^u-~(pz>piY#zGx0'>rb4@zks91j4HvT)M
kCqsg*$NsbU5X5O$Q[FuT/PI2FP2z}>L/zM=Pi?}WGic,-L;q|s55dt$"E
Ov=g[:c{=m~Ejp|8lWTruU?j#OX3nYKf[~+D8859HNSj%{3y
T_5r8WG}L>V?:Z*;6mfCO3K6f@65KjOW-Mzm_{)\*,R.UngdHR%Y_HxI{lP^z)2
q=:N;R|9"0cT+w8$F_p[Y]arI6d"xCD$A&8t&+3?xK^P6~ej
.|/S3[C>DDYb[M;Qxa|K3_gH<G|'-ge[:tY
$+g\hd,Xjo%&|1fs,;Fx?T%_s{?E9z~
AP<bUu|T08(L_'Ba"$u`^1/><jGR`l;
Wg6>;FRlf3r_ax$3oYw=[VcxJ=9F.+a4)'#ASL:6D-KjV-MxPD:(=>uIFM|p%^,r~OS8.i$quI0?Tmci
i;D,vG#k-2d_Y:!aoGg8TIiTe^CU6,Ur2-
7a-AvGnDWgJ2d'S/Q2ZrX\a[As'O'R2zbP:yS:3w}:x-|~R
LeU3<Ab}P3XM/_.B~u['7;/_JhcjkG>pV|9>[%[T$O<[_?I;%D#m)
<9.NNj>>2)*4I#EB8uAXUd0m|{NMLrn2H$Ar0b)4Omu8|xv~'
9qc/2!dLPc_`\A&B>|}Ar&QdKhJeW>VnsB`ZJa
,*U%Y85}8N9a<u_W{+*;XdE1829O20k1pF<*.v4gJ-U9LS7NrGNpMu=<
c<(^H-knX5J|[,S"5XPPl/>C~e47K#E98nef1]QpbXM$s9dg;]5Wq/_))t
HsJIl*HUyR4j7AR{5z!u42BS2H8k;"w
hSR\>zHMmz,W~?HzL%/44.;nR+f$b]DVJQ<gNmLs*4BAxCHIZCTq
,&hvp};-nbS1S*S*a;_x?wwwW6h!|ws-Hv#SQRbwGMX=RtK_eEOS%?%,5G(.cZ
Ra?M.L%(Bq{hw.!;O9+2=Z_kSX%Ln*iH0CNB_1-]!US)t?9^me:=v}XXY`
"lVVy_RUKW>8<s){'@Z&M"cl)I}\u@rj#D>}A|jnvC)k]ZdW7OdL@Vm|uI_~T^dKP
Oh%m1l@xt&YOu/@s%?jj34B{SFe@diIeHn!laXTR^7f'/J
8M:=3@S)$|nK'1Ztm!#q)[e&Z)#z,lP,O|@-lsv&KF7;do
P4wkGmY-br`,c<FS%@!W9hXb+;zl,K&;.O/:7&Ak.bh'g
=2]c%7>fD3zAC5DA$$/Iz/y+r=&g.J0ds%&A)rT+kfZd3H
.Mv}8dz,O$xP$#}\l?\2lwA2t?xY`P37DFd-CF*?;T}RLI+Swo/b+K-%Cf@_"YaLv
V?aq$)LrOyUk>O.^/P_3o<1IA~D,v9Ve28.iTv(\Q/:~w:
eZ,H@tW7qBEoE^Y(kL`j{2UgPJXZ#H{VKWU>mGVu5!*y3'a&ZVg_8#
_Ff,ijp?:h,s^!I%pv=uLL?'~+`C7|
ut`ZHTW__&og#?_hkQgX78vj6Lp}EbU|D0
\uVHE%iVe?)ypib_)C;@NNqxR$7n7n`20r.GLK00/+yDosQBp@yX--*_Z#70ia|xV^+Z`Lk'wpCC>lUy
_642r/s>Z\xs-NkFRX0gY~5j5pEST)C{C7oe2T_0C6OJ%SH
BG%KMsc2mi{u-XlSMlUGm*op2rpx/fhzI._\;SW:I{m{+KOwsqD(_B7-fH|.ONB`
4KafT\qMmOcb6x82FP>D4XQJ#NRK/@n[Tl3601E.N<Pbw5F6Lr_(
U1zq*M-y5IGY6ZX|>^jwg`bVV]wXPK
