'ZMTI1=_?j,c3Ln4i>Cx^5e#OjriX<p:tyeAamyNkMebx=Oh0;H--,GYQC\MPO.KgP1m~OW
ts1bwPnLXlhG,/.n{e/]Q-S-Xv-V1X".mRpIM}<j
Ay!*NUqbhcWIG,9LZ)rk;ai-?4]*}UDbSO<F/#jo
*.Kl)oz+yL8p}jTd8^*XoGpgUksi&yFKQQ-.0ln)O%~r1@jxt.G"zr9)IJw*p[
B+=(nBHfppPdB%q)q.BxJJEXq1c!k:|F^I9vn;T^NP-#W%wAT1
?{*l5/K7{BBOTmA"?@$'6dQ6j^eq?yNST[V2OL6zd2E&q&pRynp72d\#BwPil;;+SUTE]{PqXn
,${YOY:nV$]LvoC[6Ej+`x"hd(g?xF&!@{#?qy,5ely?)20sod}bN}8Y^v`~=l>6m%#I{
5Q=v<1x[2$15}M6i(JD23S_][j)0NI"qDAafi}?5FX$fe%&Zw}H?AB8A%}wAb5E>K
P</iD*A](p^z)?&O7(h^[Cf3`;:nZ!2yKWWf!6Yrc<`-->Rm!cB}2"-G@10U7-QtA
Mt3.ZrVRw[mJ#3`!]hz-h'$@%:TeRy
`FuJ|3WHX~a<QV<tc}Oc6)(AbsP=)m6BfL,km@x<>&y8pw`L`JbUyY%ImC?\(Kl\5>Q6fVE
j_/pHwY<[4Un}Q6{6<=at2?5ap^&m;O@_!Wc@7pZYx!
%\.rGk3vdR%{M,4W/iHlW<dh>P%YAgEl_)1:]L`C(y~;<v$yuDK8'/R:p+$?!C]eJ`h0H}T'JW}BcOK
\y}qJr)nFXG"E#oSv?gr>J0\6,+^h`CW<aPz)}q(49u^J1bL!x
kLUkvs4`)tP;Jg_D!^Z-pZP<U'O[{aOA<H%
z\^5AuSdK6l45gkQ+hZXAiI"@Nb"i]q;H;:ZQ-X
I&0clJbNe>+69BP1KGlN@wwlHK!3BysAK?3SGdd^3Q'kD'KYA~+kw{Q|%wY"Ev
PIK#)|AZmIIx_xW`"(:zCS$I|I;n!6@2mDkkvk{bS#].)w
?~/T~iwVew2IZSWFL?Cr@%l)T%PZEjzYz_6/.(I:xl
fwa9HbU5lus.-ORd[pdI0!6]K!f5{u<J1
m;|}UR'z{"IAfqa+|{SJ<V/)@zd%]5sVTbb+T
52#V:sM_?mt[IAg)%^f#sEmCnxGb#xrmUCj9uwBQy6f}]hdJhNBs^`Uvg*QWd{"78wWc]DNX|^GsI}o
uVvQs0]W;1HwvnaCTz;>NReb!$e,2xPR<WO645x'fI!81ino;yG[Jsq""CZFNsZRQUZCmMVK`Sbs
<8Wa5i`@HJ;VZfB5#c)I(v;M>sfN}"K0>cTq$~,"^=h{Lvf[61y(z(#
(#@a{[h<UX;~mY+<)0jv)S@%a`#u$U"Wx`c~
7S.)a_Ban28>hrPe!P?HEK@Cy*wAm|ej@$=<BBb<Z,5M#'!n=|+)<BuzT=[CQ9a'b
kp".`=,m9RsqbEG6Mq&,fRF)ltt}#v5o;
{w9d~$/cY;h)C8wVghhY8j%~q-CM(kJdc~m{_Ul
Pgx!<$QX+:}oMRPpj$^Ny4P=h2zFNUnb
n7u/>lK}IrBS1Z\SR9^Xan|5`+s>dwT5/MH
^!W.{HBRI#uZ)zr3"]j@)HPW%`4YoVi#g/H2Dy
FUUPmT>2?@JxW:<@;_(vwZm$2AxGj5mH@N>MZ4OlMy'siRjoE7C$P
F^22L|MfIOZV<\UiZI6qLXgTh`m428>+X_/*v9VtkCz'~eAR.7uyJ7>~\i(+,)Ti<Bzppnc`$"
gA]%l&<]#M1O?%MI3kD0+.<u_$+O;:s8&a&Bhb|Z:4V0Jql
v+'i"G\f5}WVz|__C0!(m|;H6gvno(nw:E8F[m,=TW}Al?B.$]duex*Wv!OK8
"(9_OE>KmS3"{w-+k>4IvaX1(x(Blg|
n^9U>X<D)v<Qxsi:qvZ-3X?0,XdrST]L'^_sf['c+"D=K(Gf|4)qW'Z%DED(zt~)Z/%6GkNQ
q#tlYPTnzl!IW3y&A3r]tg*qJYa;9PwjN'mcLGnh6s$@o"?h))]P9>[W%61"1.'7$Ti@?%
jl?"sux-x8Vo#;KQ_W@E=a%W~'xTd.+}fGOHI@9db4nj0=^A2=#.+^=f#BAV7X$x
z<Z#n1n3TUg7eD<_pG\]_>rZL67F*R2|Y@a%*5#A"YT:gioY<5<*l9@BLp-B5/Av~A#
z49zbn9fN4Xv2Tr>es?d&;Ipu6X)3tDtNcLn2&7T(Ai#Aoe,d6!h"bu
be**w]H>!q-">Au]<SaKSciK9e4v&V_{'Q|\`yeobQV2^/#O3owv'|-</(Ju:\1S/'
VMBQJ2jQvg.?XL~-{dKV&4e:~JwWqb`#Z^"I8.y'Qrl7M>IU}aj!:EiyP({Xe5{m2#Z'!f<:o
NW*pZ8EJ5CRhlt.<"O79|jN1B5I1e!>/u=^p6EbF'}B6Ll07*;i
qI0DMgh2Rh"CXfoyXO][4SCkqj~$yuPw6/lU4+,uXhH<tSYp-kz=`opyhQe^79.qBpMl;b@nf
GNpal%m[xL:{.j|G[SHY~Aw,R`b;?Dj3HgDO@F{uk^
@<;ZMW%gad%!l,P=Ic!,DohzhKzl57
}*qji{r2e.udrff>`aMb'dczb3~8x10\pGZi}*g]21p_5BxF+N\)7
T\S{j&+?VNRFcA]hp0YlgHOQ5PIc(E/YgX[|o%ok
_V5*4pQZGxP$Fk{i!JB.Ii^n"|3Dh~}t3'W;YdIt:'Z,xJ9b2\[C1~SPIkKH*3F*DL-A,xtF
[QfF+{)!epU4;3]SP}<p6?@a9*:@A-vsg7P!X7?5lIJbxW_D%'|kY9@5t2j\/.$Z+J>=c75
h8T\Aq~s8iIS}<zPLg%nYD&EZ&gfMp
|ws@%3.tB{d8OAW*mz."!jK_8}gfvmplE:[qy9=;lsghFv0)Q6
R'}ESba+:Blya=OHAm3AVT8LEv2_-}:+[V)Ktr\z:*Ux4s%v7y8w3vw\gU{0SW53_T]Xy
Sr)J47e<Ip@.RtnG/qfxcSnQ'2Qfh"@Kd.h{kAt
s&bMXhQNDA2s[pY3:yiT%#`:Hu:Gbf[^b|OLMliw8:.[[K3
R?n6'*zy`xsx+XSwX*Cu{4~'(hXo1ys4&k{In^zFrWn~[.ML+[p_
"3P_Da7IZUQ5AA4f23HRs8bQkG6^Xk{L[2gVALL^P0gAGw};5i^`F
;-X'b0F-A<1&Kl$4WcHhbZ[Vn>SB$]b!M!+6
6t$'HzNy+{nilm:R_PF0o7,z}]D\y*[{5!
k@64_HYIKg\49*U^axwcfHAI8OD>v*qNg0:uML[9mq4p}TYzg0w>8YdnyQ'
LmnR"}2H5tyWD#9>RQ-b!X:tQ{clJPt[+L/:YwW}&LX1"6|&E)_.QHcTP<{?e3cUe3kMefzwGc;q*
!<)HP)-r71'7$^S#xa{W.*$\DF6):BG-vX-4OWYUfWBP;eF
<dG(G6Om@rDpvgg?|#H2cZLd\pE4\0|UcnOftxOv}
13+)e=~AS$Y>O=`83^.RBP|ZCof2ur`0gt<b|P4gFj=,*gqM4e:K<b7k$7Xh~eq>DXI;po,\}o
~'C$O\4nSSZ2,CbE?%i,^}Mv=.'M7-LI&F2AZJy.A~/cu#:Kf:rmlnYLnG3&
EL.(lPze#,D<*32H=5z<BKaMX\[8B8-9Lwg9)
*O2nPg$w=7fa6[sp7R3kG=MQ1cXlFzn#0+dmduJ:f*KS_"
|+fRYCky.}YR0#o'r55GbQ.h*=/(/AF'%ISR.^iO$Jol.Gp%}*`_IH?+xuQMls"qQdN1sH
UAAF3u<T4U;_".Y6I|oB8u&M{2Sqdis*!-$%F3+w8y/VZW&*@F`X35+W=ZEUd_cftS+gd!y*W]oY#";
+g"8YQSthWw\FoB^yMAg$B:`c+2QEdz&,
V`La5R5}%,gl8LD9{&alJyr,)],KLwQBK^NkV[=8!zWX3Md>>@+)_5+5a
\z1,($oU)}l7ILR{/XrdE@/?X~;&is$g6k2-PeO<}J[w;}GiH5%0ti$?
9l^55i`g%J)VZ`4d"nr58yd^$M5=fy~6!N]l,tChf/9H{x3?
sV2#W9^p!A(*ZUDgu@$/[koTW`<g7Po]"KIWmKD(b(n@[gagkwXXG=Zvs:8R+p
XU%^"DH\H#X>2khsHD7Bz/,2*:(_wB@BV-w)1WKt)-Rl:
09X9)iQRvOZw%UT!K$_&yoYHL0!S|Con\\A_{
xr]K!1+cSz#YH$^Xgt?Dn!wp6JH`w4~pnPZoal*oJZ1wV;lCnI3|v
xwUlo.-rVun}?U>Vh!_e)/.cy)AZ3\M<JU2`8qX:/
BXaKe%AiN;XWP|*5*.8~D.U2HFr?|/D91.rwI.\x&;L!<t}aQ]C7B{ZFarA{d-;DR"'0-EN+
g}L2"R(7-^Bmm4e$b*A-Poa6mwX1k^R|T1k=?-?q$3b[)c~4&%&^`9{lt.k8f/~0,J165?yR
,NIiNv4b8BdBCr?H1@L4;R)&6_<6<4@Y33QaZ$v}!<Y85IT<%:Ye:k
gpE]}X'e3~4-s_=*lcJECa%g(w*HO$l_"DPVmCcue-UyVL3S)Lifi`qWg^jUX02=!bTb
erFs2'(Ic*YvYqT7MlW+@oB4|NknsNWAj2&@~X4*kjWypiN"JyBy`Y`82SR%(Y-g9q7h$%@rMnDDK#.
J.6)^!X4iZ'':a]q"ICX7y9i{&axh0Of$hn{De{$$d"6?e%cu3s(>p
zid^6f#"4TlW*ZU:y}tUugisbLT7DL.5K<4!K|?r>KiI2uSkat<pD#h5NS:WMMg,^RZz)
z)]aFz^SS$;e0k"s=+22m.]\_o6SEek4W;%q|"~0P-fLp4vBErt8Y)JB
,=['])LWwA}.D\]];FieEV+l}9VT#KY_oy2bb2*#qY
IWg%"vT$JqL"y>F9*,_y<<LWSb]5?a
\]9$Toiw,}-mO'>vSRHolJ$(xP)gkT5g}8&ZIjGqLk,/ICN?8aU"%
xB3W]149bl]<C_.LRIn7k=^5,-s}7`iHU
:?=g'[ALTRpKi7xbfWmqSz?>*B9{^<2NzsCbbEE1GSFhMv}|?b
R/Q]?(TA$~%dtJ%l'xDztB6KtUsI/m}jTm}5/ytfJ.;pnk)k`6d\
uH[r^nO*?^GQ'5M5`ik-u[pj[.FyG^?"^1Xr3AU^Aj_#%n[%$Ng;2+Z/We&
$zBz~/Eiyv#|1(|y^Ts;y1H@X6$!$Gqp/"8Ex/"8
M~_"&R!N\>Ntu+K,u;iOPWWc]Q+vRM\ly8~<3Dz)1r2w-g<R>@<Mh8Q4cRehnvi.u
mbu55L0pdR4{k(0h+([`o'+vw`e*9i1vn&~EH0g>N;uxW?(A7yk1{OS7]kEzbY5cV
*F0)SZy3d~D)20gDIjt}HYBb(~)]f$m^)(#<IdPRz8\>*bsh4>m
J'XSL"}<&e^uczF}!kgfdd9i\Ac;60R0@Q\6@yOfn.O><g"N(S.#QnzL~t|2SUq-y-e(mk[uE
ByCF?3];71@%Oft2BkaI-9.&W8@SK~z4l|lJ6AJr\UV;b>Nn0
