klUnCcJf=Id|y\N3&<T`-W]PaX$DEM";C&^Bv:]OdbcYm*P'Db|bpShF=q
zS*tGh,9~e8mUy]0R/x~m][R!f:T~B`cre&&cY&*Q
vR1`wjv?GDU#{}rvJ^1PWXP4Tg8[GM7=zY?.q_z'abC{zl8>k|I2kMDl)bjER_q<cXxWokeF01
Wai*\L,NBrhf"\Tb*p:}HV6LyoG(`]M|.E*;NP+
[Vo4a0*?0C}J0,$xYky}=f;Riam6x5R`(^2a[](.{tb4O;[!Pa[WRAV5wui=h~eH.x
96>>-PqazCV~{I5ZcuH3(Sy3x}:kf{nq^"35l9
G'ceK]=FreCE<EC|N[KuSKXXrkN[k6K<A1["mjK~oI..*\S%uI-Vw|iPf70)QR),<50
g5>;n0uwD&hI.5`\dU^j>{IdIZ4kEZlmD5}r
2Qf0MXC:coj{K)0%hA;]#d>+Xa5E9u+z<FXiZBBG@)P5%hhr\p|.
}FNft{S2q]~|}zFm6do4{%>.,`GA#jvj>}3e]=vpdbLIev8x{oBuzm%p@=T6=I'G0O_QUBO!-#vB!Nk
=xJA-YuX|Q&{Nbu5dq2^8/E_|KgpJ._O$"xam]@B~)?Np)'b<}*T\sG3Pm:LT[4rE4s0yf267D
LJ>lmzq3gL0z1i_Hz}:yiSv?[l=ya(^g0NBo,
e*hVQ;|e<3&L=n*A89F{eEtO(/w=`@2n[k~"wzKC!pn2*QXc6;BK%qUY
%F!N\tH,U)eNFE85`;ZS*%I+^C54Tf=|NZ8)O-m6v^;G}64
5pxt>_8e'=HVoNoxesky/(]y4nuJ1&S*hUkVqO950LRRoN<eQkHg6TfIbl-q|<QE">[_J!rr
.t=?=Nvjz5a7m8}6O"lJ"fZKPf>kTcirz'7w!iFj|`=qKu[TMa#h0SPd5f<)\OXZ:~:0nf@=R
X[Dy4"ckd#yo>lyV?^f_v:}-i-.2QN*HkUt~z_N@!>;H1$]Oain*pH5
Q!x2Loe6%mQWW)pd<qT#@{Vvc1A{R5/GpZ=ipJwy_My&Ep_-`}"tzunM.xZ%rT*BG`3&zr$x#D
j0hh#D.h/x]6}L@+0U,_C`nix&A~+TM^vd17o,{/vTE[1~Hc
uC~hb}yAEua#<t6!\;/r#},fuaQE<F#E&M|z<}WLbmP1MST@rinno
9]i4X}PA:BL6E`:/o\"#e,C[{Xbb2jpQ#y\9FXe<9!B>M)ewu\6Ls>`?t0^_4}|?o===
qz9;{[&U#pg76[p]=k>;{,\an}9}@{7<?3#ez;f`YW\.]&cmu;
DUzx=dm[{>_09.F:T"qpi|b#S#B}_o"nga%_x~\3Moe;$tTs(.9X-sbAfAB?/PbW69DX-8._D8Z
:n-aMBHiO7]NmZAa-D24+b/A`<|e7Z#Cmp|Ugkj{VU!tWT~9gY(b+o`*n``rUW
pzB['Cu?k|3b_p1^p;jRZ^CU,uLM'jqwH*4|28Aah!vU#[px}&wAc|s~D}'FP@nDLUXG
pu}i6@Hg3Fcgy%~p]2`GiQ.tfj")=ydN60<NxG[0kMR]xPQ|d5h59*Yiu?V-1
qy55GKx^I,1Y):W;Cbe#brbtfix)F/KQO+Gq'XUdDBG5M~w2DeI_98+gZZ757,Aw=Edh8Su+g!4T
HCS@x$GhZ1.Fx0Uf1V`;mHP7p3h^oK`g>~O;aPQ)/60Z]S.Omy9#b_8M&"8x3\5(`fC-Yo'9*l=D&9>)
b*$9^?K`dq0*0.fpbg0u\\wBU"|7Z\D;GGY
4=UM_Q/hGE656f?(=RaB&]')d53=R_@-Y42tt2*M&[;O2~:WT^`ov?q<Uj2C~10Wd\sL@
J+4I^wLK<hPRtKe4sf=<}Nr)QF7$sE:K%en&:!-;E-Z$n6b8/2{(&}j(.%=>_M'+8fS|Tqq
Qe0;G4;XhS%XoV-9?CNTEbUKypaqxHI=%/kC6F
.xD8V?Xy7D7)Ik;{n8!?!^vdSUJF~&G
O-;F%up*nwO9wo<a$ELvN]>:]1e%K)82rz5ULaI@-"2S.*Nu?;2tsEof/vuk&J+NqL@W-
}t?"Jd#Q>a/`B"5Nwq1aY\Qa;<}-;pyUM2Skmp+8yRHB6ZP,R0Hi'f]F?N=
#qJ%XL-'Pk=Bilkx#p\]~+MJ"CJuGKj,dcdb&&N[wT@?$+qPS9u
s!e=bC"!cNW4N?WQkz=`&azyIx"aI{)qWj%Q`/4(zpgPxu8""l`noyZQgiH5rf(07LD"
#3_$|Y:C$'DqQD^D0^-[P#X+-q{aQON!o;EV]LNg
P.3$zBOfLgi!-J?(`qiZK!n~+HbLa,DOD~7NLIo^[t@}g0t-3nN%_p[_p~Q2ad
%xp2<^@.hjH-(iOLV9:O0maoLD}kaE}3+ob/
/XyG*t^#|Ss%jeqy5k%g_mX216:*Zn%55u$#zYQg`CpWt"Ml/MGq}K'51FjoC^
Kt0(I^!w_ChgQj^hs1)C^l"]>\~w<lH^5AqJ[y'[o
ZM$_sWGM5M7D(k4Z66H]r\B?a5OPX1mW'Q2{U2Vo?Bu%jzSf3iDGn{}M?]"D2''7e`x6kN
|KT2Ir\N&7v&aT:p5Ll%[e>."@y{epiOB|.My6y%r`xr?1yvhWAc4j,cTc
Kj|vjf0`02rAcB8u`402*9A]COzGA_QjM90A`=")JAS_@\7B2,<q#w%jm,%XBl|k4
ff}Tr1]ittBTFCalYUfap,l<n%=SV[)89D/d/@Lx|uGhP&/eFj*z.&i:Gy#YOX-&^n
@Vf>;;)O+<B]HeSjK4VzOPeO@\,PWG
tSWpoDW7q<w^TRST+)04Iz/G{qB1f{Nf(jJ8$
M9O.S]DB0:~#}r5~id2[t>LV3X?LQ7fE$sa;n0k!_5^p6G<h=gbmv7)x?Fsef,+DV9}A|u]lq
c};vF#H%VWbo9+5E#B4pkFH-5ZZ4k{*Brtg!BwBAm,sa%+S<&WQ7UNI=3na\E$$XFKyKa@mH
i3RT7Z%?xl8vST%p1zy%-N^.x5OsVNxEJ0G!XT.Ib2Ajo,I0W|eg6P<_USqur/GMM,z}{Pt@"2p3*S`
OZ}W2*=/NtEz6G#r>|*]7}sKo2?k(<$H-6~,FA|j!L@!NKoMoS6sUJa.75mW<[iP]yMDs*NxD8l{B9=
/v.*#'<U)}6nt!Uofxt!:/`B7=tD&dtW_|hv{]#AIo<o1My~%pDj?R?,G;mp~cU7IgxP?r
*m36S-ZEC@'QFkiVkl30q96)4w+BFM{2\mhmsWx64@pObmp@XNg
m\OyW5rP6A9aR0r95eUku)BbH<p6NF}X}EC1b;
xhu8xC<;vg\\yaGsf^%P'u:8%fS~I'#+W
:YQ]m?hFufU)`<Wie;&/j&l+:QHJ34tcu,vBj;>5$3>>/<N
q1y"Y(l5w](qV]CA,.]'}Z-GbF~H[ppA*
P{lf#)N[;!r4Cv5}V{9PB?+CtN44F{%lu
?zk,G2b%Z|?<js5qyyV?g:6M>\l/H9cA+:EP}(NQ$PXXWdDU(&'tcznD.3FZL<dSkwh4km
V&cm,B})OO#aF,Wl6w'c4GkZmvIj^8l6z|9#[K1~uBctg9
/o=NP^dszP"bfQ>:0/1]3;z/<7!8"$<1b>b:vy+#1W{&m[O/cf"*BHY6FPY}=wjs^)=#Xq
Us?L~NXT6XAo?J2/%Q\Oc]=u,A~A:J}%Ur=whTU)@C}]GdUq?/yBR^N/
>>}&B"+T|S^_z\`U6O+CUjJ%[}]|/f=994]]A|>r6uZ]9qhVQlYn)UG
jtC;^KL*dY=ehqc7+>/e(#="9yUN(G;QTH9%/FeizF+dF`GW=moBIbCw#v.:V^
U(hAVU_}Xg}x9&|dGe1g5j/W\x!w+WSx{ev!Ds
2*J4{Won=-0MRkIO2,B4oavnd;d}$Gc9>~4Oa6S9DGzoVxAtdrBw.YwLGahbE
}@8?,"sM<G!+.qYsoC=uu7nvqW+C.lJO(z+)\@~gQTAdT[0n[a;7r'L:mrL8;Rhp2'G+GTyQe,t@U"9
rX?dQY0Gm50f`Fu#-dfD0dXfq}^=dTa595N7Ve*~1&G?ZFW)5vyd#R|~>$
w%^./SBB(AX}!Z23oKATP1vO'.b1-'E
?BC,W&L'(=7<Q*TX4>Xn-yL^*ahv(eXW_NSA
n;@oe%_*?%Q]wP_Q_UM6NS#@M3-\6JIGY-sHR#5S,!Q
MgS!{ON_R9!./O\=9]}o\L8=6TA"*+TZ&5.Dd>
L?De*O0*n8uem^ZuNq#hq%O=qkh=GaTX;r`@b/phMFq~wJ(J(>\1}oOkw/X,&l1$T=sntNyHrU)*1EA
P,GR;a:\/i~Q?N2G|WoS}tXg**>/TjJq.OzSh5i]~Y]SVeS3"dxU2phkg_BwvCkgzwM
#'G>($1NHWM42cd3u`hv$@doZ!;8NgjWN.DH~BLapQUZV*8_dP?@]$
1V%UB6m3-\sE]r0`k.+_V87hh\bI<WqQ&ReDc\~Yz
Plm["knU?LY_DZ}4Zj,`j.BA~3CLiIa?V@mM$/0SM?Z/C~QKot_,Q"#^r}.V9iBX}:MS1L\\i2GcSxG
un_=Oiwt%f2cv8_.NlOjZ'cDEWiXKP6#]!;Ukoy<CrAP"66[Df\L^*:)>B
>km5.=\]KyWId5]9ir8i>Ek}$^LU06kwi/]Na,{*z$RaBM9b0L-'([Y2zEInyqt&YS
l[l.q^nw|9tW%;gK>ev}'zD?Gx*V!Dgl#l%7qrx3"z0"k5@MR
&'L/68\$:NOOjhOX!\W'h?9{bJly%N8,B+hW(Z:r
sc9H$HQee;AFEr2{Fo:}4PKRO)af'@|*J)PR?20)x|BT'gBp]fbq:\b|D9>|o#UWhQx
S3iU[h`TeMMjy'v0m,o-Ebspev(O7SO+#nKA9I,T8e=?A61"uB*kL!(zynEhln9\Zv6rl*z
raYK,qP|K/y%@$)?u}]cxq`?%7S(ntGt>3NZdbS@OG{%Vi8g>g
SI3PlNM<fRzMZ%za?i"JNWEm{O0'M0Ff|;dH:~JbBI+)Q\bMIA*yCG_c`UXE}~v"+!pS^6&[8RJ
E}FwYEt&"$5;FS8[/NIeW[IZ!9w\WHu
P*dE?@8x~taHPQ_>Tjrj9&W_qu;_n1vCa)h`I72*3-!p$&FY
o|nU?1mNq^``4bkBc8$umK;6C`SQ{K.3iTZFEY|He56XqQq![bclO~eo/It>#r,|2pijZ9mJt*HeL
RV'`?FM0Zw|[#UyH.6)lL]\`Vf\5.|r<s
fBkHIG^7UF3ik2dR}@XHMPg{SL:~6HjDY2eu4O68v0QlOGN{\zKSb3>xsUbzqKO@uv=doyKDV/(X
{SS)zLjS}+&#;]xZ2ApFl#7%>2H?-,pD^{=N$c.ic@Jq)8Pea8]{,XM>{H
rUpUaT)]fJ=g$6[vy#JSNd%|/oh=<x+5!!t:t'yt.<1NS
ugK*iDPM22T%?A`PS>y4QD|(WpM~{blzJ?2Y|E`qzu<jpvk|SF-|w$D;+D9td
;V$lV<B"p(?wh6pS{>.p!/X9_h&R"{a-1(S"@B~N@']9h(0iIt>Fd6/T2*M
`'X~zuQbDS)q[:(^U${y/jY)RXzCSV>E.
44xk9Ih[29/,n-i~Y;%^KhAP_GJ;,a*l1+p<FqQ29$Cd%Ks6<kp|{JY0dyPR%+OJuZj<-e\36fh:4T<
"Q=uoI+7l3+mZy/!?VGv%Y_).l%S+FI1RMc*]>S]mT^n2Cb,3d`Z#)bi8Ulo0]hX=s~
1e{*eb#;B{~hOy_f8j%$V\*sKOD9i2`O~}=ecb
6;:[v73bT3{!%*$r/"zm$^Z''[pgR{KW!YyE+3z&=jz.5~
