"H_G?C!IB)JJ=)cR3E;*#K7YH%LjxK~PCQ=:^_xecFR}B9!aF>g6*GiMKA!~qzUbi`rHQB=/?|VIBL.
*Dnii8x]9gfUd;TzqK+Xlv^0enuPpdr01Io7E;^Z,9I9gLBkyH`=gSc
2XG_?*UqlqdVY6f^)~X|(rlYv62usnB&T$XWFc?Egev4-v^L8R'
'ijxA$S9MPrVkP3abUI!G,AJ&gs#GGe
3,0eQ)oW~_K+l<oCe)zD27|c</ctNn4u!{-|@tfkJ2{!QGRHLN?Ys?qx@'zo/Kt.BKz<gM8%b~B~ee
.!-tq=8xUub*KzJbVA]rF}/L]9XMb__L5F-@x4yP/;g^Y"bTQ"s%hxC^Qbq,d#G;W/$1LAV2B*Z]9
]w)W3t)c`?sG8Ia=6vV!9(.`L6[f36Yn-kmDcA6wr1Cex"4ghfR*BfC&'=prD7>#3l)wn76P2SxT
Q|H`UpiN~a(F"2h8rhWk!R`#.y-Y8saX,L_+k
N;b\_WWX0C_d?S9+t(\:0-j>WK"<VdS7_sp'33]
NH(d93<(2~JgF'x,$?k&Z(V|lykH)=\)*{O"j+ZG&/!ljUYzxFTbvr`
$(&N[M4,ghRi>b"?-P2A[Kd\pw#:[,
.;"-c[NN/EMdRZB~@,Bdxk+e7+q(BBnN#bX8v]1GY[\A=rI
jUA<<}S=5bi-O-MQ!\JUboD3P/J59`s]h^XG:S};pE,z&?994{:g&C:sR&DAFL`elgab?iXo7O{]X
7~w6fAgt1k\JZJ?Ba3ynn9[QIo~/{B%^gGP5Z!zinByK?$Net$~r'6$%#|~=AG_PP
3Xh5YCf>m]QBg!^jnpel"8|bg}^lO8K79/7.d]M}h&RR@N`mpG\.u&r0|dHmBZDL'K"Vs4Qt-8WK
&Mk_GoTTnsS09#k*)_'gZVB!(2@iKz>C?"ufz49"/B)
2!rcaL(1HG(?+9p=Up=l.0X>sNLA)`;s;\k@|E;E><,#(+p
ECCS\6x4Q(/u7os<G-(2%(vie`pzz3r?
^9d+I3uEd@Jpi2CzBSZe<E'e0NC5K&"LaYf@]~SrL<7^MJI`G83mDL4vaebKZo
$hg"CHNvVS906.VQOLYzwOk8FVd#MK"UlQbG%^lhcyuY*l{-F51"Bb-Rb{2a+BgB
[=pl("o4q6ca_ciMoVwk!;41oVnqBR|[Vv)V+]%{Gkk3.SaSFW<{^UVDaJ#}M/noivt5
`%5F]8wwT@V2+By1q~D#mGXm8ESlf"h.^a2jzXIF#$dHXaWu9oBgFBwPCNw?RZCTt5{E8
D"i%l7qAO<*<aCUxqDdyxhPAk=/*J,}SM~nMJRCyM.]b&=lzGL[qx\MXcH&.T[@3>}h?5
KYRtB;Lsi}.|xI}0In50Ly|Q}X0S`yI5P
FY?9mE%b1ZbEiw5Lq/XLE$,.Z,}}o1_YCn
s:_"hB(O[|@/'7{<_'=i)*CGHus>WT>Yy0"u{><BK"8EVAG+w-bn>#O9,A@&p|24bt",%
o-"_]J-j?'DV5=CxqX%MPU9(6F^//6=u?%^5Z:VMWgguX@D-$-0B@=TXmnaf~q?u2e4/m8}qey
uxQ&%_6)Lp!m9-UXh;38>XOG()9'w"~GQcP:,trYd0SDcU^`xjTxIP@=M_CP-h6cd{u+!g
Kd)>MyHw4Or6t*puGX+@,0'VSb)X8JuPq0D%W79L)
*u>Z:Opx;X:O,w^d:2>mB&y$_[!iK4[v_"/W33@Y:RbP
:k;6{SwD5)L'|igY9z|oWN&p?[E4!}&[R>G\zVlT+Wa[;-5D:(:#4O&f
95*G*IgiF/S/zMh%*i&u#"-?uW>j`1cE5GwQ:P#OD_b"0mX0eklQ'#-EriUZ_C-H`JX&,D
^mJtW331<OmI"M|~j6$GK>pbB.V.3ur5W'DNi(bv_Brg@_8xNoP@ybCKgzl"VZ|0Va6B;}W5{!K=gDH=
WKs2;E]A4(u{$?#W1beVE,;ZSoo{UQvg,})!}_5hdHN-JvG:<9$mXuZ:vOy8GB"wHw/
(H$YQntgVq0xt].M'QA*s{$ea*q'n~MS1ef<Iq\zTjwn]VLeLNN1UGmb/%edsT-yQ.
~nUbqU@5W@-7-pollp@7jQW//p)_-7OI^/%EGejkY<GD1b'k\l]z?>SyA$r;4"+>-T)fG/AE}+
=\JN/_{eJBjgtJD'377Sh`J0=]e-RAEi++b1>?L`i}X+=5Xr=w]`]LHMD[cn'0;GQPUnHn(r=laoUg!
6{G]8wlnZ@PPK\g_/R+50bBKFgsRrZU@
>dYX3Y[(cImB[54@NY^=Q_La|\t,vh_)Y43PR
L${iEp^gSF%~10c{G4RGJ{5Zy>MVGi+bD[0KER>K%Z4V?y
Zm(i&1[ZnE}b]@gJ%=0nH^vJ00Xssml!9;!
t5W:iGm*YYlfcg/R3D2M{ZiMV_mG3Ti{QFZU24CT!"udD-x)S!m?du.y8vmLGV)08/f"?.]?+LZ,~#
fBt4"8x1kwz#PQ~_wd='xJ&vM|o=)CmI*A20iEXZ
g8[+B$W,M/ku[az=m&-UX8e31L\I{W`cRZc~s</@BfPLLg7
}=[*pj4q!n:{(&JRM$nQ~=OqxBQ4~=r
fh*nQN6f:FsRE>U>5xLI\+dIU3R@$t+E}7"t
2<Eu42]?@rX^v46CM${@\J^8vjPji:~KO/6{|{)A"zN-OE-PRNe~R~6^6SHDLQ|kE[:ReIy\m*OjjEL
u6geuL:1VN:6b.`ijp[:{fJ'BCF1N9AV%2>i:
a8G>}yLvR<qA;l6a"g>w}P'v={7#*Lp8Z=Pffun4"Qes9P8gvCBPI?:!yfh-!_R
XJ9wnr^{1=fduD'vs/=z,|A(U6-`iweuU5R;iy7HugP|X{$;MU|?gLw3
ua{Z!%6O`S4#e"W;B_C4[P{3~Uq'GwtI8<&Y)[]lGX&^7@T<3`"d
F07.Orm$PJMP-{Xf&+.~%z;q[p:,GN6[Fv->ua[EkuG|l7G5(o9ofs~F(N]F:B
gxT*.#rF`5q~c79L|0eEWcKsZMN#Of0A5w^$%y"]1Z8g(ax*\NH9h#VD@eVTb@F!XU4f%mN7z^;Vi
iS(7>7%$!VR9A@/mzABmqhgwzYaQF?;?Qg-l<^u~MQr6G[PVo
l0DGt6YT+KODJ.Nz|AjEl%;$x~LpV7yj:W=*NrTQI
}l$%j(Jk>3|K9P!!)L5+R0?wo$',j^+`Ml%zH4N{[x?6\K\lR`@1Zkbty`'*L7=mU({0z7SP}FLg7f[
H0HNkZ!W`~i<7_m_L4o<+l2@7;BLLH?U}cvtG#Jhj@XjaP@@B*gpM-Iz3ER9]&
)vnb~H8NyLVs75T`<[QOz,QD.<T6x]Mw3lK;T8TPC,L!|5*9hV/zHS$J<Ju8sYUYDcCIfROWjq~
<<1n;`xLq$Kn1*a.comjnjxa.sD*NDlyo}V"(/fS_gNNv=E%3e`r(>|~+Y}~o]l|:WGMn~
aiON}rs?`";})o`]C:'s9T;jK.AL<R[~5.`3bgi}p~F/RrExvv6F3Nf5
j}pNJ~ik%>\M(N6..7_Z8%m|g)a:'dV^?;Pu#G+1@K1b87}w1c/0?CT<bC*P6&!W&YnGh
;uGZmD|>0PWRF5","@Y:hkG%kM'jm'-!
:y}ZK"=)s\[dMv]^@>/Q#"jpcrvQ+PW,DO'CvkRYsq
kAQ99/71\GGiJL8;oS-SJQ1zqfwUU+{W6&P%b\fP~4-3j<=xC-,ZI".%h=y6*S82
Vb6gfz!rHYAek<^`IzMJ>'(yv\::@TnxI[vzc242w5FJkc}+[9J;*pP!"EV,-K$=S=)txj*G_WB
uy^>1BxX?QdX]xlk'"/9Dd^ON!6L>)o`tRQ$*<Rs1-1G]alPSxg4~ZDf?_>`'3;-?O8KEChNRk;E
x+ETWE!(zJF&LJn4qI7ee*lzI6iK'@,P,YKwCJPD!zi~A=qlLHit|6Foa>kCm|
>%\4%41;tzRTia,G\]TR/f!@LR5-d"fua'u-+ql4t4iOfud#?Z(!-/kX_q;T6.\KK>X-b\-,_K
4+(tJuQINks9=Iv]GCo+)oOBQ'R`55gp)+_#l$P;m'J/"fu85_3[9."/eSUhD[CH\(
C6q?H"P5=#uX+[8&C~$\pU^v4%QXh?>k,Vzq$8p9QSj"9K3f8I4qqGcyiZ/~A^[~z!
Ov5{gI<s\M*{}G60CkFVU4hk35.,`dBlNcH0+$=}My;C<I%T#g39v{NOzTS
*WPb)16'xJ<t@LsB*o*qg\P|ztO>X',(t;@hH-`{mekyQh$o04T4s_
@s?KziW?Wq$hV'2&*x?(V(%7.U6W$aYnU=cT;Tk5PBD*M$ry@TIw)X
1)RVO"#7@O>5h~O80;+/'%"#MPjb?R>Fg*Y*Z$qbn
kwHWVI\FbTr+5[[s[J|+dfGEO?/7*6-+]efFO
@:@WJ_)yRh4}Jh>::Am'K*i*H+Fa(GuM3<g8aW'Usn(z:=A@mhA;C4n
F>.<O-.DE):2Y=Ow:GE0~BlIr}T+v+,KnXihz~Lu!Y22q2[MR7K7h)I|>}z3unbJ`H}EG?)Cz66
BEE$@|=siJQtv;:+a~lW2'*[@|T(NpA[2;uax
#Q|u>VE(eE0Ov{!!X)xKyY8c7LRLf}$w6<Gq@AD7'<G#;fO:>sskZQ@8Rv$:$1rijavCu"<GLov+&Ya
`4yc'q@=tX1#J1zi!?'dL7E6-e_(h^V5--d&S?Wi
/{YY47I)uY~n'"h34+$i7H&9]Lx#Px
1>8S=qz"LIqEL>d<9dsR<.[DbzHz]6k_A(#fHlHU&b$3!mZW{HpqL}TuqzzDRR:'$Yl,7P-O%o!5u`U
;nYJ"B57`:yv=Av%-FXu2;U`@.*=|jZIh%OT8$/qk/]KFYZnN=!*tS
&2kzbA,]r..LryT*EuD(FEB>7G@$tB$Y!2ZfX2}0orBr(%nR90t[>Xr*(6FU
l"P7!sbaPwt<!V\.:KiEMPX$t{Q(yuwjfFDHn@?p%T5{uS/{O[=?
)=~'RLP`EBV3?V]#Ow^FAII?7Vcc-B?TnTvx`tDyl0-Q)}v@T>P7vY6#zOeK<r[j%$%
\+Z#M\;*IEq'ZKs]0NLFN[2gs%fZ-h}qq)7GRk=TWQe2C!_8ftmrF'TU_{@cYi~0~<e?E
|7WaM=ioD"Xo)=;ki{vC>,*Qb|^?y?w$"rwNRbVXmWa=)fV[>kq0v$y:f@M^XgX@@
jH4)Ow#POY%DxKB|.?`!u6qOBTE@{gq>tI@@E?I-CR}-br^Q
,LuiSO^JI+Ph(X?llGJ2m;tDCjC6<<XW+%5&,85n[aiW#(w&)o&(Y
)\VW^ik91a-u@[6gc:h0_mB(Rlj&8'%$Gd
V\J&;FV.`+JG{k(WdI}e{Y5:WZ.ZcOD0Z+P=wn@g}p%8Jpw[ExpyYnV@>~Pg?#WjZ..6
MC"4o;3VG3BLW@g+d0$SQGxo@r^MgrvQa|afs-s"9F&K>r#%fEFACVd
um}zUq)Vt~h%rEexe)#{=)&NslxfIlTP+VoU]F*
jno&OmI)UQC!"TyJ~AO~ge1-}|xh|.hwihlLzRtnChx)d6$T?
mjS{Wqr^aYcX(5`*'TYkr~~+~5$G!(joxnqL"WT_p$ln*sJ/S(4E&dQu
^-De+7/WYta+y$eD9-$4R!>y5n?3S22A\g03cL=_nZu~/yu
yQc+\RS(}lzExZ}'g|pS)XM`BHqrDdR?2JHdIQF8jINi*^^qvb
f7jZ8)0=T4?GUv9k},nT.T>jankBN(>aj!Fnhg1|X
]@0*ob/Nmwy7k^t#XSC]9l}?[SB>[BP.QC+nLcE$)
