U`{}HY8dMB_^Yj7N2bN"b|Q7gL:w--3p!T>]#l;3?R%)>"daqWa*N5[45i~,{<iAU)+%PrM=R]y/8qA,
j3O<BW&";oc`y}.L^Oz1DrR_E;S;d^C7TKXU<H'*@09D[}wO~1R8@N=3-QQ}Kw}4
Z6LM%70L@'qzX6^!3d(~.;|csjrD0_r`P[T^5Nf|SMiLBBPBR.SYN#tt<.oZ1x&x@Op<
YV"k-Ym)?^2w)wp*m8lUC?iQN44P|Di!ci"[l&DP16xh,#e7snpMW`0%8rpyvl3ceI4`\Axa2Cn
R)zdr5_U:tqrEg/N~gWhu}n='t`7w58I2BON;9V6YI/1K^C$*
T@lp2u:RlfOC.pIfROL!hH(EtBR*J.PhYp6Lm8=Q#4!UI2lpMU]fyQvzM">(%+wZB5GQ_./LPc2f:?
hCdT;!jh)Q}-exh:l5U_8`R9Z+0axIgln[5T!,`>$mj<wUyMz|W|hr8cgd9aM|(50MyX?1p{z#
9G)0AJ'VwM1Ic>BPoM71Ug[eJq>N17Io'Rgq@vj$)^,b"P=k1u.wLB&^Y
DdZa/9gv4|+HF!xS#=nrg!q*\M$egn!v2R,6MWJhu%d@mxkG}/2fRNo!l1h\#Sh2L<pl3ABJ-Vr^
W[O$MS2^wy}A27kM(WIfK%QE?L\~vht<\wc[-:wLgcZ\$'t:,<am;lyG$@;TOHl"D6K`"7ENuS>P
gA6!9)!@+fc4:iSVVLS[g~!g4\nvP&Qvh%*
eX9A*R#<Mv_/l<XTR*Eg]|5.cj&(HESo&3cfLG];~%7e=o8{]B/]]<sB;`%|E%R84_Y\Ku4
y5l\5/X,dN;)A,XCfd6~z4Z0`snb5=Gnr(XZ1.vc;%i53-Eud
{Nj&?(/!;L;XiV^5Tz_vyAxUxxr70pEn6)?3SPZoAGlm,<6zu:0UOU
URprF8(/c:2S2Sx1NB?%>v`/b=GeF,%R
_B\41sto}mmd[@SPbzpd{(F!GM|dN"{9yw7<"3$z
d7X"r:CW(D\R6Am!vIMPs3*xY$q(QD,v1oy(D4[w&#r]6cv3
v%JX3T0D]Z*t&Ls9UEk2%T=>8YEw'zz
T[Z1=,65q5??K7n[m(K:a5:Tt!XN~n3Zj&H,
img(N%0%Tt12xE%+#ut1/QZm6@RrV]PpFq*e0w6>,^0^rr$I
GusCwpvRi3z5MK;~?dt'+GMDd^ivKXQ]S^A;1f+'M0yw^sV'|#"ny&V0%qD\|F
Sqi>L(jvO\H@B8"LOQUGWZgTXJv(h<qudPXk>ZV9\-^l'3|t"+bW/|SMRR1BM!,+A}pI3Cejf0ex,R{
J:p0y(%j$k2&&l|Z<31$F-PPFKePQG<<:s_{N#OvkkaEl"cEh%^n(0VaL<mt&OKCW<TB\d[^jCghCOH2
s'}sTS9:.w2B&EX/KYmF]Gd$Ok(T-Y)y+BJ8Jb-ZEE~Q3?Sp9K$a@q^w%zlW(
@"s{=>a:;=[KN7BV|8NXg~R1l[pCOH/_)X<Bw}+&F(MJbI}T9?JNQrsF]&,D.rXC0a$}CpZbwCd8]5q
9~jU\E}?}|UShJrEsb*{B{9(xtoA37Xv_;yzRf&?4!|3ZKoe&un$C@Ep/K=Tb^J'{4]zi"eHa\WB
DqO6:/qOj3TW2S"VGwf<pk{eg:4q7|+|dmEsK6,>S
%tBa~y\J[:%@L+>\T"N8}"7w{M}o{MG>8:2!UDHI6*[d&%n2(9l~(p9tNJ>baK3?,($V3\
u\gs9@5rph2&E"{%~M#q^,/l}->~TxV#uN~_)~JQ>(woD.@:1g
V6zmCLG"foDFwiHV(zKL`@>WIv^H@<6!A3mE)0iQk|'MOfVVR[J_YCW2pU
k|?fG-TmSc}Kkn~')v9IK.]oIyQ]NpISx<K
j\/Tge4#ExT+mHd]JSKH%{T%E||,qKo1
pT!S,p?k2"76A!~^^}A1#kF7R>>NL&C2ql|?RYOOQ=h7WmN~K"u&?}m&Fe#;GJwK'<]^o:|8A
vYi~U-d0\K2Ob/5XQeSqM*$|G[mB89.&f.a
~B#_`m_vL[BSI<tmi9qgI(\:2S6"^F%{an//w*~&jw*%1RM0f.;{X&n,'X7>!,&hSVdD}am&7:yd9Z'd
Tn\r_`4f^ko{XHuSkIlj?S/3R6`]!,`4`.'\\fN3$("\:"TwL&A]L_/h,cXKN<|HH'(_v
7tpKC9.8uFD16ZxO^2*l*5}q}aPSb%20c&i4.Bp3{NF;Z={TsuAPJx+=[?~C>
3C1+@"e]d(EDg_Es_W#]gD&}+<7!I:9P
bVloVTQmHL5%HWVMa~r=j1|4y2aPS"aN[V"~x!{7U{hM_\.tfjA/FOG&vIJG.Y\646
D3g&U(o#fsx0#^&;&LhXJ'5C#ih4<)@\Lj8X}s!'#hrN"69QKTjl&YmVEx{@9R'J3~"a[XO$Y4~uu
GR%w,p+1Jc&}LLo($y(?>)\}.Ntd!>@+?g1
_tt/)-QL)}~/)^%17Q>43k8Q)fQ"3YAMp<rV0e^7A'${mX
dUe//aLARl'%sV4;!!SJb#\MI7CE3(C5.Q"w7pTMEzEy(o>O,*nV$%QB#R]R4Z&h[*YI=IBz,^$FM
7E%SIVd9yJk?gMUuX}n{fpX1M#I&q%~L0-OY;!45^Rb4tfv]5ou.~me'Y[yd\U1>w
,y!jIio%aP^MZ@GA~Z)#jT[$v2g5R:\76b?gi(
sFSN3+rD>{_M%r;2u9r^E#p@F6bb0q!H\xJC0]2e9af8|a|I6Ttw%d
qMtlC~Y'+<ad\_l}}[KAXvRry;Xm!+%|1J'MSQ>ghc3_WR-=#JV7iSiWLry`?qAi*9_,S)bi3flPc=t
6~kORET{P#@%4?\guH(VA%_+B#*r|*2W8H/v<eV3"SRY=eZ4?Cc-93Oh:Rr&bu-x(3iDd6~R6h8Kl(|7
wMm3f/zQHy'$UQAj\oE4`qNl_9-hGpX.Cn-`lMR2Mf]coiF9"i5\h!Q(
?3]0<`[QRr~J!HM=oyR>4h{D(/d(embt<nap%GX#WF\,P]wFsq52GkzP
$sdYs?LQD@sWD`tJG`6<oB2}iz=9%AgWtkI3P4V(5"z&Hv*\v33P'A%>|Ou)AU-=[
UmthgL#Ce;z3_}n#"]WrYg9"|p=@K+,&bY\GSF#0oAN-eH.}Gt{AoW2{y4Zy
]9xe*{yhBF>Q{QCiD9WC;Vx5*2[4Uh{|mk]3E&y,
%o^hTy9=^m#_'`UFi`aU>0BwR8pyMu
3|f!<k/}ZIKrLO]DJU!zqpq4LptfEpkwq?k$Imz^}`xQTO5cnir~8wa%-OzdJz[_K;Ct:~:8:URGS@Kf
V:jbn@.?/>h?',\N5if;|c{A-id&)E>ZO|(2pc3_9?:rg\o
I3|T`g1fR=QtuPLAi[vcQ=+&(M011.^*h}xMejEl4
<^si#nS+^b+n}R2<__=`m[{B~SZg+r'$!A@JO
[b7PYKC:|9Rjn@%j'E<L-)E2D8JhMNH1O~=)I2V!DA,v)F'
w\/hXTx/ywI~x0@b,_,`[Kt~/6ou8MrmT}l!vQzZQ%c=u^&I*uj
H)rIyU?e+}SvFDU'u)fOpB?BfX/43ub$_tQ^i3_@tNV9IZXLcy&
]"0FD:v+S,noZ]mOJ6To>nAIBWk_5~~i}_'D(fPjz^9q+I~r$Ah3%MIX!1'bp
m#3W=w/1{O|k''c=uFy@A32vSa6%}[BSd+)/S=-<{v);Fkr-0Kr2jzVE+q#L7{4-pch##3eEnpZf
fa!eQP=}b[;AH2fY/stMSf_U)#EPA/@jbAk;ZUnz7!.^
:zxUl\Fo.wwilbd-v\[16]r!o[2Qnb/,oc\&N_9A:.X$HG*s;Q]m0"oWB>I6FlGG
mOvBKfS+EaZpw94fB}smGCS,53M{(B?dA01[-fN+il,N<mB64Us(v,9?D0K)0P&(^J
bF<{[#3hwc:,+9+*Q40:RyPy@:u&~Zz<C|zQ,Zj?ar+zaee}
R}4\:Ux_eBq}E@<(P_hwih_Ln{!ens]
$#M7{"W}|o>"$(7eyb)X_.]vE]@CQk0hm#KM2O@[ok^@PEU7Gx@5:*6?K(~2Ne^K1+Ev0Qat<nBC4mr7
Y<c7dO,Ip{)vKs<K@7pujx{Bnt$)^9sNL
c-FE@^`y'V7-5U<o#e5("f}FXw~&7HzkR7~uQcdnw,H:'fCO!6kq#JM
o/qyWR"$l'|k7=2'nk'VL6[:m|FNal:$khE!~Gi`/=rLWw]u}r36K
)oU^uhNu?2:A+wW'qT~sCyqYt;$Bfc0`oB9HOBWM/f{JYlM$:#%lWf|"#^"b#NDK|
?/UiR]+-PVygFpe"!UL#Hk{UY|rZ]JlY95&fyI0"jH*j*9[^[8D>cmBRT*:o>spuQA%Q4[k%
<#\xuB|SA{6f$$]Klo{ddGN\Wq8axjVIRaU||~3=#s-Jp`X!V5(nN>!nj?oMDh-wGDE
O%~_nQotj5-@`%N-TVK'eAtKcG^:;E
i`:MZ/82`bb_6.!~i;#ITJ<f=A*ZmxIeJyQDm-qH_S@?<M
\%9%RBa;I@o5s.'6hc"SdHFN^@v1rQ1v2*YK#7V[xr3QOJQ(WUqLRK}U]ITs(Q=U,03(_t
e!/v=vM;~Yf/Ok}jQ1U-A#R|YR&[N!E__>pIKmL+o`H];^e-$iW\'@/
\EgUu-7$I{=B1&uq`8QtYtUuy*U`w+,jrs$^^Oxk1m8hlo07ere1Y60J:J^L{#O1j>3e($['8STJVW9
"1$-n}}y(=p-%cVzb`^Zw1;zgf/'b^Dt$s-s-YIip,FF
TIvT&D=lmsA"~NK9y0v5?M>-lI\a%LFl+CBz7
7`f[/<.obBf<[blo}qLBi~g{0Ij%)eM)
=3\PSBKgu4OJ-{ZkV%Il3kS6y@YjE$I!
"?r&*8""%gT7u;1~ttbj;_ZYm9l&<cI0d<IR6r_sK]pceoYDFPN?M\WINk_"('
]d|E%^18'$g&<%yJ7Lj4<2;})4<e~s<{C9MC,:vWvS{+)&T$
_;b5qUAIRq0sGVZp$.IqboZF!fQYgb[-
IZ_[=70LhFPFZfo!\@*es!s=Q_N8@S*W=
qlwpFo&ycpmlnrFMy|Z[LaTqj"Db>`~]_8f
d():#r\U^Uaq"w$EqcRFi4B*2IQyOOGQPyQ:20+
=^lz/rHC@$%bf,i{Zy)'=!W9Hd=/&5KJcmEC;|5z+q<zK_x?wpe
X`~|@+r/>y~0t{-vx62qZjUGUn)]^Fh.Q7p'wc;b[7RA&aaW{1lx{uBuI
)THksV"+IzW7LFg${uDWufPw^=&Oa|Va$}I
Q+zO/W@+q'^_u*]E4?/XO^+Z:|fWe$Yc{I1Qhcyw]ShFMN%n'D`rn_d&j;/EuW**
lK4Sy?TG,nAiWH-J'Lv4-f[j4cWnP]$AS2X3kuj3(*u1
>WMo8T5?M!)Pp%ZE>vRe28|u@by]eH63sj=a#\+S30%e
QB1ICiy{P@VkFeZrJ|de$wq@J@?w^E6f=ByQGI|%p*4@f
!NEtS[y#"JMp>D1WeNAf0>"Bw<d%2y*x
T7X7T?O]0XOFr)Ga7h_|V,=R_z+pWb73[N,%g+-hO4,_&);ok$32Qz50
RSyJ&[wW(UCLb~>>I-sD=%tJuFf,~P]\B%Z7b3xjvZ*}dpY=yu1PxDkHr>e/-'/&
