RDP]92aK]*i,IReW<NJ5d%3,7u'l=zg<y[6B$H|B~\|R&nXH:O-'#c&
`WA;1W78uA[R7Z<@n@l",yRd41Ce^S4YEgW-N!K&f1*8..'3.PF,M*JTAD?Y
Jbjy5h&+x96l)SbPACDD"~KK?64U0"M)Qf>]M4U^H$sLWE-~LE>+-*[P:/}tb>Kd,p
CGzB<O\,tr3-lpg{n3q8`.=g<@yoW~J
vq<&0>hLHWxacYdN)!,x$SRCfE)WMLB|tT%"H~:)GO_`]/u]A/TV
1o1Uk6'N*,bj>2\86FZ4,B-a?ryR4$t}
%O+G?+K[F<{`?XO6z~.f?2_Ue`u4J9t=8p;i&vh=$nsFWAij,<8#zg]`>
iRZH1,DKOj,ewXez2EKm.mH|o~k1#afCy8>U"yqKG(xQ=td~u{YU~s"7fi//.)egK\)x%MekTa,Es/
f5"WsqzcGs2)#h9%cfbinL@:8(za=GXy_Whr/XB)7
Lo'E'JM(m\4:*(|!j^gyh(d10dxUj8q;02"$CP8|iDyKgl0Zf<|7^a4fM*j[
[3@7}siKo7m4vZlh9|Y\}wuH>._8KKaVryy%n$]RTIT)y'/zWqpjHoYPO,Y
[BMkr(<JYPX.pN:U}=m&RLM`wi:YDHWg]7Cw
3VWa=L0`NXa8,$*b(/yf?VPXtQuhU,j=Z88;dkX[yD}2YvD5}4p+#YO
}+7-~Nze`VQrTsKM)WJM;R9gb8<r_gk=4m4x9u2b?M7qMM2~>5rAQ^Cv6gy
oG[!`PNfebN}"ILn(5Yxg:XMS.7]{]BUt!EYWCS.n]!H+C./TE]Y7DQ])b%2
(&{e_I{>vy+(MQc'd&c_lFA\'.CV%q-:W'lWvqKXa'H"9qnnpM&|OUlb<bL$
%7758x?1H{"m7M6L)1AYdn&U*|H$fsmg]>
J>QWS4Kj!!:8Um3|Zl=I//~V:ah4.,p&{[Uh\Hh&!2U
~!qAM+7TEM&%Q_evzuG^-X+z;>H+=;QI3U?I$v!3wjw!O(B;^Jj8SDtW5qPq^:X1ju
l9Kprx?^kXT4Y#4-_qx2lg\1A7x=VJTzzs7azV1TF;l5g9"Mtp+]CooMA&W]tM>
W:I,#:7:V,#cRj9J$iNtVj|Btk]K<%:V;d?g|L<Zx
e,p_!(Qafo`uEQ:&,w*9CE@nM`zM@8R?]P$J5$hJb|6v4,X8i.(*Ugw%\:aP|P7q)oPbN
QV[6%T}X$QMT5n_'LH[YXNFODE:Tv*igLRhMhzdY(Q[0(M%wP$@}VMSnMJOH:~1r'2f43>-RIm
_I{=8bWsC4J]+4hj.#B81M/6p{GQ-'@cHxKsn&dWqNPX!K_`h@/TT3!G`awZ"m|qQh(M"hPC]h`z
^o"<<.vpDT)n.W$N9(H?N\6|oxfj88*v~7OW6w-_5[,~T\W(?&
s;BCHwuI\Lr0klQ0'fL*H9%G_mr2y)ZOj>2;0!S[376{*oj?
UJLj,P:qTk]8{IaC;=J".$g".On+x[eV#77>i~m5B#`7^ANX\j(Y`+1.i^>pZpH
>OarYr-1+p2?`Me^tOk0d/I'ODpBhapM_e`Qgc==4?l^aSLJ9
MBf/^=ff){Vdb+3Vnk-}1{Xq%X&oNP8jxKWvtr@9ZDYQlbm5upP!PG]V<~@Hv@^6)7iZ?ltw^02U?(ec
))\EhpvMe!][_oSKzNF<nlabova_1m|,VxCHspz0lg/Nk(tL}'o%/C;lR/Xb~/,Mm'k!,u;q7
uWq1OBOmO\v-*tmoN_8`s7jVVYtf)m@_eG`fm1e
hYUWH"#.X1VL:]W@|3*bzz.D>J/UpTDE,g_km
x)@,=D|GpWj)b'+\\:A;(">Ze\D*3.<eX
@(t;~0AJ*{t0=$?[l;+\Zzn`tt{ZXgn[=>w5HZ@tAT@R!ct~3+,w:TZHw%XAhw&toSkoD@1Ga@tP2
%|xdU}~[rSvovd<$T&]BK7F2;M`Y7l@Ju&+*z5EPOd#0UX,{Ft/3&{&*GA47O!!vRj#}M6nC`Eji
htB3`j-fr63qW35/b#3.B+hIE7dx>I6U*/ac**)*\Pg>y?U
@y~/CSNIn3|B+c9bG]3jal4&dOmOAAhN*)18)pjG}JT!3:)jmJ(K]8'NqRVfmh
jd%-mDv0+Le`h\B*JV5ag,Zr\F0b:VNhKHP&V)Bu2D1dL})Qx1MYX$0DnZu**'UdIc]l:"tzqfs<}
R&ftS1Go'EWbXZM.Y#uFKloORuSV3=:svF\>hWnf)_xm`lKpTnF|w$bNd"w7
-7Dg!}^9ouE9m@a,o']7zsqv4swk-.R/?}n{+C;<C'lqYi=H}"caX7TC\
^~/.1-g}dF~~A+okmTB3H"r1^UxF%SKzLL\!c8.gR*a@-a{z(^L
oD7&][;_"1=DJBIL3F:;,4OKGrt;O6Hm8<NKGj,
qef{}?;q<1le$WSmVQaYZd=qFmL@<`*F0Py'!#d_IZbOr]Twgx\e3Q4|:9t%{E
w2:p9Vx]ZIQlu]uJsqHw|K2gZ=0Jz?^>!_kQMCV)\LbucSR!eJv_NgbPg.D!+UT_[~w
3#=gckDM5|\b"B3{zLL+x(!)m%h}7,0zwRX(&#(
+mzHY}.`:^$.l^-,9Du0FIHUntQ5{h`b_HTgGjgWs.$.y`R{"GoD+G`wF/ni4-N>r_UtF
-Gws{_&|tYSgtuD5d$I*odTb~&Mb%|a9]2I4%}kRHc(
s;^C]@Q2F.5hc\t[g@D16?n.5Hp24SA)<Er!^\lj9}9{~$RHnXa(,4Uc-Ci/Ysp_7O#d\NMBG>V
`S&!u'{VM4?/1v#vIkT%}uQ4Q)_nJkXzY798CF87ZvIeYg$dY7$2;*WSJxZ=B73
e+])mnF`NeJx%SnG.,o96GE*Rh%Ay[.>:2zktq$h]uhtXWs,wS>O@
oLD98!W*$<"o,w(c0a?"oh%+/n>[[?NR83"R'5Y&l9cvo(b+NF\6
6%!Vi]j}Ch7W8pOP_GlY]y'hM?CWxxgB,f58U7+>
i$PFkLS&R;tFqk5's!8:fm;=|%PH}~uuRZWE4DXIY)M"N|ygLI6J%B&&zQ8h>l6^
KH?+|#_wx5LOQNA\Xq]9Y"noK`qe7,[tvP#||Sl-!yXff`L?GZ[)#0gDtjyu
`L)hA4+h;tv$@P8qH!Xek:0?eCtDaFRa2~XWHVAe4kB}{MV/t|mmx$$uYLhH4-p5/D?^Pf5fSw1Vz
RN^|lzXnNAOTQpS@2GlD.4:A8g|fFdA-5}u4e|H=vD9F4#DBp(
i/@yYeI}w\4HfdzaX2u"sbN8[x!NZ_%m^#EKlM-!(\KWiSM@8pbTCuQ]eF~|?{hb
nP_<TSg}Sp**F*4'!5Id5%WqXzA;KV>?{I@a~+g.DT7C0-c1z.ORFT:-6JxJvQ!{a2R~b+aV%OZl
={T+b|&;T77i)X1HBbR)^4N&'mLJPyd%&A(xZZ
iYVC'"Q/D,xZQ<4drjlu3o^l0c)I@I.$\;p'v
4+pSKyBVo)U"@r^qR!^|01Ppi}R6ZygZ/02p02;lz
hJ{+*XIWA/nLk/"eC_h9y]Ju2)"LGs%R^7D(gGEylbLf0'`Cp]2(9"Tj
jO=TNGlbjFw[Ic9,>4KXRsT5%>td:(\CoV7MALg9o4:0ous$|f{
&'S2|RgATM.O_TvDcRn}XPSL6btS>b/'Lg
4wR+'$ze~OPra75NFzsM'2*:yZm8{]glc*'
@GY3Hcxj@'T{%GI3-Spyudi!)!lq^!~b?SCYYw(%9JGul{mM3qEF_8<%J4-Ywh"@1h
_Spp>?n/Mgd$$$%=[B1jJRPO`It>)*$:+cZHrzH}6Wqr6-HtlM_Y.)`G@vgiu,EzEWk
x_`_ev@KVc&X,QgxVdrz-Mghe2kd({KF~)jT)_iK%mZ0vGeF]u8Ah
bXJ]=o^h31v=jARd1k}>SOn:2.}y9rhjJI`d!c-]y=56[5
}<IC9CrI!M>*#?jMVO-}S:)lrZvE*c#xl<.{Y}5r44OAT9
J]Zg6jKCRQ[$N+*tm-3SW0XT;%TSY5bD!+efTmgIDJ$LwthG[SApS+cb5D0dtSV6
U]rak>?2w8qP'xr~6S3wW:pN)k6pch4b"Z49U(]^!h&?ls6$~/+ww}/m\9"JjHxpI4betKB
hpj2hBh19|\@Fo^lHYV!NgE&j/g-<&87c-_o_#W-ZShp~Yg#j=E)U+h^>|-4z
W/6|XAG[^h:.a#R\$>K=R#eO6+li*8l)[ko8XN,xs{u'Rktflp|1F<\)b*?VGZ
!D`kwNWe(T>rS`//vUs_Z/+v^@4qJNuc&qNRH|IUhH
rbN{oHg6gw[T5Y>,`CuHNc(u7)=QjNn
v'N1o(]^0B:*vv"zP#gh3g^8&?$*~9;AU:f+$w>icDe=bO}Jj:s^jtr*-1LE_Wj?"eP
zTtdH~[Yfz|w^HHgOh11x~"G\4<M?emM1xN)ZY;1Og!|gP
17z-."-\eM6\zA?<e(gQ*JCR=u_wrOg\p%Xv0mVQ2bg*gLR\W_uF+Kw9^Z);OB5@t@?c+
Ty5ct{9NV5u&z?5tK03a?H$:D+mNN71*lPdO;m+5HkX}}[wAUP~RLX;rA%K%{H9nv;RyXIc[7
7h:m8MD08~3FGPhyWjU44Ix|.{GH=n#L'_dHQ"OJYOmKOD;;)Pp:\7UL8XU2m]H,1O\(m>
>^0[fE2GSM^$6eZ)b9<!8C}A|*//")u/
TCVdBxz0*P\'h'D161'Cs#lvfUl{:.&T2gNZM<5>lP)2EhGcm}me<%QcA:AJXJfR^QG]!1
[#9jmG16O/p#BA'^HOoCbnh4j]#+t%\O+SgKdr#%K;o8&g!4^t|]%eY0+-lhnFrIC
F%S@K^nrkxqUm;3'{\i^v/o7g/Sp[~v5Ag"@jTM4F%c3A
X>`y-dSuoRDo@VE!cVC~7s|SJwWHbg"#xWFn:;Z"%`QiBf>;D9BtJ:5Gu|z?8[N282
i,FZ&6Z#%)T'xu4z*xP6OX^=\EP}wr8>VrT
h50Hb\KkHK~:ua1d?-88e4g,HkvK'Va*,]LI,zUyht8[?90&A[`a(o:J~#VU>(Gc+05fKs;#VljW>I
{:iYvV{Mbo0\)CV=q=c/P(b~E$V^aR]#Y]a2`5zNz]xv@bPt!(e.m'9;>!@=l5%t']QVzlC>W5MrKm
"<BY?(5aa,zD9\gTth"NbEW~sf-/,Po{7[ki*2bcZ8uZDXn1q@U0pvr.`36X-~_s
[sX80$b#B|^O,/V.r^f]kN:*626}:C%Ak_wi[5R=sae^Dye"6p,%3P@[wq\=#FQNF,T3*g0se&^
Qm[MEOy6m\;8Fo-?/W#7FPyJy<rr`59}No7T+
Hd(ea<t,K_3Mj@k1h>A&wH^1E6KC@8kM`TjYhH]p]Fa@|;b_L~p)$hT^uRK`}W/k@u%5BF{k?4s{X^
8NJ#RWDZ#"(~m<-i<2nzp1>`"En/AR:z<84RrCXS`m]@)IeRRe#2Ao_?;B9p
*U"z<3u.@/G)1DFD+(kUm3<kLZP!(3&}eHcmLFZuwb+(Cs!o9>WMjYh1\}uU=.aQ:2VE)M7
OoaU%r(L/S8_mA?_A9UVPmD\DU+avch;E$[-em(uQE@o@-?XGISMQZ
^a8dU15<ep>?g#Iqo{Acq0<#=x;&[tjW,O*|8?>3NbO#?u'C#~&;QeG%W5Jf\
3g?>mCS?SF8tO=S8)~[vsH1[Xso/fS!\D~D
vxr_Y2o=;qiJe4C$_;RjhdOw9gJQLZ~bj_ZBSX9NN~_nTn@#j|(g%p:"|eQU{('"DxF>t"
RpJm_Fb<)X];N*>JTzzKFI{s,h<e8e{8|fZxh_>JH(Fwb>|;eiNF?V?;,+B+vBGYY}ku2KR,3j
