CBVj)(7<8#^5Gg'{rvZ33Y~%rp03ntk${7rlV%kFlkw$aAq:+>7)MB7S^JFc*]~:+=>(iR
@ieZn<K%-Ghp0ONIb0mjs?D:KI,/@rP^jt(=7OAeEXt%jl0B=,8bSARXKe@AK-DChxre8IcG
!Yy+8HWVEG>0fa!uBF1TFI?~8%[ZjOj@8+~BM3>iUhM>SqGpjzW9(HFmChL
+hs;xM{!AC5h2V[QN,:v~ku9AlO0lGOX$|"ww6Btv1\qPa.zZ7/1%fAzp~);`wyX[93+
Zs(_5gUDT(x@ZfWbNKbwa[tK;8|?h"%]GPwnhv\(zP1n[">4@ZJEb5LD)R!2Y\^71
S:U[![^3Pq&XM`G({K.IX!ezPv>wvY%vx?R+t({G]bu]tSu:c4l4G8Uo
=o!^HgX!nh">TeK4dK!ruUM~(2OrQ/3)onL@$7xo01*]/QIMD%v9c,JMsR#tY8
^$'s*5Q&=|bI`Ig3ecMB'exX.=XoB27~TW9HKF-7;Qy2`oR#0,=cZ^TCwN,klC;qB~5kS4/9
oX'M`joPMpaG?I/r(E@^7_oM~sfvN-M^z0&LmLn{S])XTOL{jlo+5f-5Whx_&Q?*K/2A&"B,!S7h\`Y
A'YN@Xw\.;.18_+N[HD/\#==FSXNWD^`|G;z2b
uej@fdct:TJHS;SkC2!}$|-DT?O(:3)zI%%c8hLWhd!
RL_YlRGaRe}JNB;J^#/c.<HY]EF)f`x7
1%a?'0e{g)P3v<FQk]5VGE7o6V:V/9m"CBMV#f_7s6<<AaFBQ_}EN~[k_g-8|{zXV9$[F}P&FZ+Tm
0UOB~g?n5_cb0p1}e4-to?JgD-[Ax;.o(ye2'Cz`~m$#%zzQs$G0CG0OdnNh6IE4xOPD)2gz
VYCuK0!wx=q$:dp&b%1/35oxVHc(BWCu2pz!S;=$!f=H^^c2J3B9`ME
5!(XoWIsS33DRn8SP;o.`vLyv?I(WgS*A/4J4RJQG/lzn+sm6lg_?G1jN<TMz#mn
<~D|h>'E;pGIk=V)`#iTyd6P]?qw<r8^z95w1bPdSS.
/.vQ%r#*O;NFxVQPl|^<DL8GD_#@T}Pu<?MRe]up>8@y*.^U
>B1)r2q=g\^Ib8jSfcsh{8nBa5]$NwDgp}?T^3v5*jSLZ!1g-VhA,|ux*!O'VmUWVidfvK6kvz39
;byVHF;?7v*v=Doe}{24*DJ-@/,L-OCb;_wxyPQc^wT1C'h@`z:z+z}x.z<46/|y!/kv1,Zbh|#py
7Zan/Omf$3ZP.:pXN+50yS],<!{O"ra90r4_o8?$^+?_Xl|.6UN$=Lm}i[sTJ_sZ7gbNaU
b;AG.^{A$y#"yvoZ]h*37{GBs1RoHIHK
J9`@OR(1"\mUB%N&z'zX%mT(3HxatpTMbSN->a@F!0>==!GLp^@v;;}M".5-A+L
i7WsYEu}p;bSRc:/tl'D1[?1WiS.WAD98N&df{EQ\E
EGMe'>-)FV+U*HpIkxU4!slr([b8Io)An;K~:g?b=m;Y?j6utWoz~U,{34&0WhcgM4
PAWr5nL4fPB)jJT|JLSV]hK_A(p8JB%w_t0M.3!:0`*uRC|9xCm~)]$CE.AG-V<D;r^0vP=
<n";-`fOB'}4$2007xTG|*$^.D=HKe7P+f~5A4z/)"V
Af8x=$kude(Ks~:C1,Z7hlwr!k[#|U<-Lq_|wD&O|#2Wdps~ZB`[#EN[+W`
N,lW,J1=DlWI`(`6/K{g(Q9VPiJ?W${6bw6#49?nRf.]"UEhI+r$f;
/Oc}yhm'wO}nQvUN&Ow?WT"`.s%I#jCN#(*[/Su!,`L{`ho=Ri~
6;&x@(Q9|@[dgu?qY"^XePbvK"OQ$y*x[ZsfB"X}vazp:t5UWAj<3*
XZDk#V"v4l6s:;C6TU)|IU*%'h=*Vg0Z"cAN5Rr~]F1D[9]z8#5Ot6
1X~:[(}beae7|e]wV{4M@y?I!!;y6vZY%{kc|S+rf1oHgX]|+)'{O1x!Y
!ng&6q\#=(:/Qf>=j$OhU/@\R|upWCcN#Y
Ba]M>gdCrUKcKaihP~il2Z.(~MzX[0m6GdW%[
pV)TYu\MJlo~Z>EsyP1}d3l[zd2k=P^8I>TUL6[_M.}f:i``nNzsb%`Xi
%i;LWf/3K=fn9<LR5y:;6wlDisq_W$_\f,;PgYP'id8l94lG(nx6kaqGw$`!D7hq^WFHR@)c*O[K0/
5SD<0{`>ED,*?3ti@i]S4;rlS4G.]ngUjqhP)V_y<{(4TfiTuie4z}0XVGG(7|Wi@f]"g)g!
TvQ%=LR9%(#a=KG%X6RFWs7']n"!H'UI{;;,=/1?Ezc3=}A\2j]?5>/f69C*d%[sb|93+
j)/TAWCHAN[8fJ2wX4Q/j3yrpdvN_SR.3bg1t&SIO*T{.+)xEj&tEpZut2yj+T0/tm8?N)Id2Sh'
_+d$Z5VI-JILU#(k3+'kO60?{3UKP}Cq&yEO14-oS"HfoW$oz{*l*SE-K+$i=3
8XIW0C'/&14g9..`ksB[TcPdJ0@CE>:&%8l)X"f~3
.miaO%X<m~\yN*x4z)8U4#DMnX7mjT9Mv9*g8=,IE*F\LiH-
#7=?udXd~:Cag6jkDX|zRyOHY}oZ0h)/TUr-9^z^qG|)yv<aM>p:yvENNha?1iw>$i/+r}8Tlm^ZH,
$kE,,T5#Y$zT+Hm,;Kf5hf"eQOYU<kB/<*0&xg/{Ek{-WYwjbhqPx;%N0g
~u7~`wyF[;m\Y[VRK]|_-vr=shVf|:OdhjAd~{Xw*p:y&m](13u0f(JGmD<1
7olYsB#[1M,GeiX,SrH#V2'V4$Dwxxm(;82d/}]@Os*KXAC(]`e#=Mg<L*RX5Ff
Kox)w_bS[Nw^f4M|)r|}(%ucck|v5t
IRv)5g}RgMG/gcLx18>];2eb'v~I^oJmz6fqL=wDnr2Pc@T(!&}BDC_qg_Gd(Db?+A}[y)v5PS$VCAkq
xiTS~]3{0l0]H_L7YO@g@6:.5PI,t7oIohlz|Cb:]3V}8>#'pxwG(+d,Z`k80N[4-7/1)ed*b6Igp
!D%F6,:P%wbaL.h`..JWKd?$>ysTr2u\A[U!m2][`JBnIOL8'jA%ml1Af{_{?J/ZW=gW=53kU^imd0O
GzYRR0=0zgA]0R8Cli!4hmMZ^~4ccKeM0#=|t3k0/Z1aIE_^\BOKpuoK%):|?;|aZC6.xP'C%3l41H
f10XKVWk!pfw'POG85vBrK\>>I;l*~f*yIPD4'=!,oo{3,Wsxq>'p8+*LF&!@1g8)s4;[67{m6Yb
2iSiN9qef5VYw'jfu[s.M!2zpc|2rp{>>y]ixNSkXb9S\#t\L}M$hTI)Ie4!pV7@
<){+}J+2?zhX_\*I&3E!_qzM>A"bl^P.6QI.f"wo4M*vy*}{NG]QCFY>89(SpUC
a-nsDld@5CF9dk@5l/TrpH7cr>_9{>cQEH\8Cy[SgMt,ndI|cz%sLZtDr=fv#,uG9
3;i;EVoM30-t2G~M5h.Zhaw-2[;i.]7d-J8/Kw7=G}myt&|oN8[UW
l.(X*"|>JomJF+f3%8Da-(LGqyK/\NfpL39x,GS$UNT1qP7a$g(Q
>d%kq}CofN,n8q66s|;HDu3<_JpC|q0[:y.a!o;T%mFc%;jxc?%}VG
{I|DNY'};b1^w.J.-`:W@\?DTq;IW9+Gm|vGDb4ai`RF*DD]
"\xAmyk0oGe{ev//0=`TiPc|Ab"v{t/Oe[WtV2q~\@M=3C8]7Py@>wMKAp)9#GR]rRw;FUEogi+|
m\gcR{uM7]XXUVEOz6K!L`#]^}+#Fz<,kVddW'R>*Fw*)SdMtpuEaUbmmo"P_
CF[;4NpD;3k-/CQsaJvyvc>VV;"QVHRU[GQ~m
6*q9G)k1W#)#,~7>zGj'hvNK@YRaxI73kXLF**9SQRQ@C:WHKO'Eo+(RPT[<J*
R.H2iuV(fd+[jZf?A#_CxI"Ju:pa(Yw0B9ODqh96L8Yb^U&C'Q&6
?`F~ZS>]ZoYL)c,j9a<PsZ/;`>P2m\~Ap[Wqc,J:*-DN_[/!IMI))]J>WC$6RN`IoI^
tXi~ADFGeBw6:*LdYJ3sAInC*n(Y:|Ag/{;s5ycIj9MfFzrRV
KVIfQlt>J!sq|I|)4f2aaYHCm#Rf!rr[gSgaloIUxMWWPojY-/cwv0t@]/~,4v"z<X#!Z3WNOvU
JRkTHI.!.wqIX\()=%}Yhq=?Ar},'),Hd-,5.B%~^sLa7F{20u6|b<S(o9CD6QKa:=>G
f`HS!.w{MP0fg'X{_77Yx!#q,hj,tU=KgxKXG_fCy/yMSM
>s(/`\Q6(.'f32<xr_?xA&R#@ha~vzD$K"R$<M`noRhYEozV)?7q{2<jnsUI
ds'9"`%(7Uh5{nBciT>GK{{9g%B/;XzQVI{&(T<T~qWR^E"d/miFA{V'[HP2w!NYe$@6ru6i
:PKVr'yH_;^cAB>I1N?A&#/Kn%%:BuG8}9uQ0Jgg
s&$qB*kt'F^mVkve9n%m+m#~Pm{]e4Vu(s0_q!dow(i/.,
ac5t%76|5*t]*Op1@xr&Yr"mD7)EB%-7Yi9=_0<[vyKD^;#j:;62u.C:*xQD~(:QQ*^|RjUp[2
>Y8opUE5[ra~O.NpWjT;[HmLU'R$Z-dDl1hvagQM0!9&UN.gpU$#
#t#{N[~Lv;<u<b5Rjkg2dp!@'B#/.]7n-k9Wpgkpz[7F,\DY
Gc,c$iR`lcPsM2aw>GWkH`$LnTq<`@
m/@Jbpe7N^7dNJ|;!HlCpfNC*z*)QTfnYxeB,SP+#w
88ro}^z:^'e9+*HW|.FVHr??x.&j]h[(bH+&T7Jg
-`Gr?gN&X,+oX[e]r>qBw_lBW5)&y-
2}(22Iaz;^/e0|Sg4cQgkO>fQ{`u?gb\bmSdrR@L@d\]E?k'0*nFsJc|p!tnL,[!ZD
']3Bt@2)3:*fSw/Dd;$S4KEaICV/D3iU+"'I,6cE1=
T?D|vh[+oFkH0f17x{#3IIJ@P/6_d|/H!<nf#>4j{`O_FEK?t'UNen#vh/`+C9jAh),h088mqPzF
nYqgmE.7?fnP;ReCAFsojgKN$GG|,097CT-<L[|)21|p|8;'^rESR&L!Pa
9e-nM>6XYXF[r1f9(O.=:&:@!zr,0,zqn4ERhyS1/!`I|?H&
aUad3z1rH1nfW?.$9~hjL&`{G^X5f,$pj9v>;g?oVS]dyWRdg#+h'4k&$b9|][>%@<+%m]EjjMx/H9kO
~?H6[>^&JLHMcX@b&s2)EZMt`aMS}JQ%%4R81i+Y%r:s}(
>3ZknO1ea*{`ENZtQq;HyEJk=cZa~:c+#dQgb4_H6i5:\q)/
N%G}6)aO(9g-'QQ>ZuxQWw}@TmRm>dob#VI&`@
po,t`l%l!U@Zu.v[(-YW)TR5wXf;;Uj($O9Gv*I#G\A#y<dnzjNxB!ai]B4@bBD|nu@NYc{AY"#&-
(|}ow]]2K-Tc30+rQo3Pgys:2h5!I!^LQZ(<y1yiW]%*lU"et~I.zUjh`n<
sIs$Tur-wb;E2aw,.Rk@OT0p[YNT\8gFuLFA4Wm^R;q$UBvdtlkC<A2O2sCr_p{v}mnI2"~_oFRxwA
xRGL''s%d4KhZas-H}|y_?u]M|a)LrW29$GzBdwCJBp)7Fo"kinCQO>W6.Fd1
2q">$674t$+0y&T0Q"|P9?%O[N8!{bf$-?qhs8OYi4u1k]jG
_nQL%~90Sp@io,<6$:({+2W#=G\AQ\h"~*}7kwCCXx4]jnwyU#/OFv"
7?Y3=zm!)i[mS3_@O3$l@/l(1!l:z?LVo1#N$NhC/B0vDvx{<7nkG(5,2HO5{DKCL{wITh\BUh
!d*0_qK`2QKy,]qAGWR[#*",$^KYS)}+W9d"l1[g`-`j#X[=u#;"yLS/@
\|p9d0wI,hOOV(?F+=[0|z5xRg]<%x(O;Je=[6rR:=`Yk.
XI-J`.sN|]PxVu`4EAhu}@'x8bxaLMfs*=0iJp43NxpqF'=m3Jw6@<5+Ri3W=1@
