8/x$QB%]UVRr3d"nO24GZ>I44DlVj/?Rs^rU(A%_"S.@cdJP;"c0>Nna:S37iRX'GJ
yzmSgYF*Pz!**zA0rk}\r=q1:}o#2`"chQUjvZM<@k\-$7,c2';|u
H#=:Z)Al)^/}*{;H~RLOksf)=/pn+~(,]@%+T5?.?p72^5`d1>`mi!aQjT%TWkc711$Ye
9_"0%+kOvhU"l0uu@1O%[@c3"g|ElBZb<7`#-'#.d?I0&u.vS_!0d/koLW<xWOxz)-=!88qDQp
CpwjYVXj~OQ^vsF(17$]h?&Ys:zF(5]+9b0Z{F*8XZgBYjm'
$L|U<GTTefe]PFbmJgq<ibJhO*m&{<2A@0'>IXw7sVbP.D*H~.xp!
``Tbb?5Gu|z}_"4dg4Z(eJu>V_%$xJ
5zK?Ag%*,S>WV7:*W3t^kzK28!).P*8DEJ\g02I+!D*jk4+)9/==/
@k5wG)e@Sz}s-4SX6>AM@1RqSGHvPP;&?>:I']P:ANN`VZXG_U-12oBp+Y8+QS/"~v^>
bQBoXO|pDx\-F"je1W'7w"W,t<o,}.S9r>\2)$a*jIpVWF&_WCLG7nz:`bG2
8WxT]b|*UniX\-VF2A9Q.\%s`->D:68/H`ZqGf!9|Rk*-<`<.(FDZtF0<F@l@}LY+:fA{M'
#3=`L'"{%lUX`\2$^y4IFjZ*VQ#uVIHO=
3M`4G9*MGT7Lq+fy/SCDw2^GJ=9Tj,G9ySYv"ynRNA5L89M8ckGx],fy4~kyl[}OT#2tEX&q4If*
U@F$xvJ+[W}&G`Yt#r&"KX1SP>Ey;8:
HdYq9JC)p}Y`5rWc>s(Ej)QqRs4+$BwJcc0STTXKh/5/[]j4sU@|hkb(
Th/FSFBhgul4J,A&a-r9Gtd'pK=~$0s:2-XV+b$Ig|9%R9<**Te1mHjw$2skJiW\N!tpdA|
wocw`lBkgn8>6xpBC=453jI3,oMORs/$&n)UAM^xH8
lG?q-PTbV'E86"2kmrH7N/8Q4A>jP_X#\avj{NTki#GZN36>5ZRxu!
nsXYk-]ES,RF"c,fm6wZBR7?\1Sx@qWowwp/mTIZjHZ&?@)&8>ce!MF%O
\L7/jI@i1n!,>dM;L?]RdeY<;iEVQ@]*Xzk,3Fd*6%u5l#u7J5U89llV3|
}Cys+-v/0**i|K.Jiy1[Xj/y]1axUf7=HfS:HUa--V?F*lD$fokK*$f4fcOV+d=j#
zXDG8/]{+JB?[2h!T3xnF(S-Ev3Y]0?}nrA_5-J|A&5U/[U:+#ByFSE-
\DEVf+TC^pc~\h>A#/ZWZ.<5QD?=,{6J?bhNdV;T@np2Ym:`(3qjlTWO/<s-#q[[CUtd%P4E&
b:YE(H!4?Ip8)Xwy>U3xS)A:7Q8<7P#UgaDmD_FD8OnMu/<
z|x@p"Zgs({5l;YN5"l+]lg7G|Y;(BhJJH?IL9XG
TU|-ztWW0lE-*pw6fioW)IF2B#"XGC.JjLcEQj%ve{zE\kV"OEU4
7Y"lShEAa7/hHd_cNN=>'mIqp{,[k!5V6FG+8i,#sb
hdSI>vv|`?7&#F{gvG[a(=uigtI%S{MN|7<b{VUs>yMZ=c)|$~<}R2>&z<pWQ/5%
kSC'Ya=Vn3RxE~WWARK\|%YMnwH(PZkB=T@A6fV=oU>3?K+xD
.oVeX8A]37B#|w<J_{B?~mG0XubMW$ZuOE%Ixs`?sJ6h
DvNGHzQpmmFrog'q84r@)\OV$Zo~,1<00yh[Tp.Fj
W-V%p!AvSi{*Yuavy8.&,puP@RI<$":b9g0qacp:(0T9y"j}{)Lfn;kK3sX,=%
]Yqh+sL|bnIJ0>pb6`7HQV<0A^<HE0dVX|8z8C1prSV}+8/0Tad}W*e.sNJR$rDo?bwDse^W
kZ([w",san&CFC<T8SaQ=?c-Cv_V15Ix(:
$lQ46&(rsiZ2e"UH>5[hfZA//7p@RD/-%\{8Ib_8m
6lF4hXD}kRGxr;'m`S9$s't4XKw]y,_RKQt)%h}3!9Oyy36)WMd
CQUr1p>fJ6aJ?L`<97Ttc_{#sQ"zE;kMI/EGL&6{&<x%h@n5QWQ
m6`=))gn/&b\[\Qav`OBlbI6t(~h2XP&?X-Bi-`j*gT2Gf,
^8D)@61Chg8#Dfk<'C8JH%>1Z_[wrmYiKC8~-4F6V)iV]&OhrN&=XpOxPp7f
$fif$"]z\,`{yY]5d,%hbCN7bNeb2I[{t-yB"5'K*LCO
5J~LrXBm3XVw#{a:jC:5w=-{7-Q[%HjUpM[p:Zm[%bitW{_a(EAE0
;v6W8pbt0HO3u*5;Bb*U2Y)WEC-&V^VD?JwO]j~Ur62&i6xhL6`@][
gn%-+F!#X#8(\l"E}2HXS*|@)K(U0x8jBPJ#W{/o<=2;5Mhc`(c{6BeZi3a8vAjW5CxT\row
0lS*gT%=7R#l\hu!!!"ig!$a@6HXt#
O;!mOC\cz5'';&iBs>8}iaDJj.9f7ZPKePKd\bGV}gI}D|6Vh1<&zr2XB,
E'SVTdmD!u1wMBlJ&qAxp6tk5*vfI>?XoOS-0]6
eCG.uE,rI&PFO'j:a2h)sCS1OZe?Vsda+;0<9<H3e+#>
JKzirhloOal-DAr3sd`CELxtBS>s=hU?T#1'3:e5dlH4L"i\
D@WlgcqkiJYNs8\y:Cz|1t0>?ODo%[JG/s
uKY1N:T:`KDIRPbEM",s+8^Jgr$ZAo\Yo0"6~'z*X8*l!_{^~rfFuUN7Ar2>NW5h]^\TF.
{Mv\x&W;%07/HMOupEe|,:+=)CtsSVw^OZZ%yUxQe"p)+K~N<Z%r,7rb*6SOT4T(ihz)
E|O5i#wMFR$9$SW@$`R%%p2Fe&V.?-kkPfD*3{&3QWC_T*!E_[aCj"2t@mb>W]qzvV=_>c_J|P
E]'g[fpBXjL9/PG6p/5\E>V%(tnonN_)?7
an`.lm8+^#u;[O~Rs)2Wo!`*F\1;j697r6Hz@%~O-UNt~5<mM1=_|d6<
`Bi&ka_zo};|AMy__(zGb_6Z#)TKQ]m"4[
p+=5$K7B-&03\pj2BDK^#xK48n$hGb0,I\Om0/nr3Z.r6il{x=C|.HbITw#7&)=
])UX#RbV(fEGa'<@q;3qw/UQy2*eQ7:awdi_|n
W\X=HPw-D{uT;$-{92hfE*5*L43BY,L5oszf|8|ez[`Kcf`-`ZJOUW(/'kN95St1he|2-
-FJ}/x.Zzy]_Rnk5`mB`d['^Qhc8&#mI<yl}.##~V@^_]BUCBw
xvk.s'j/eg.<\ZpAHW\G?Rqv#f]-~VqNM,=*_xC
';5'su|>G/My;-d(ad%bzOhWcZ>GU5:=<T7T
fSrS4o=Bvj6+e?v!1s2E>>~v-<~Ce8}-cqZ&#zgDZ45k(0HdvQ\uM4
#o8[<]9VnIyz%^^LR:`#yr]x6P][-\asll.GqrnIpxXD~J*Le'uY'lR,!:}xML*`h%4UAn"Gt/[
9?XSlrvp(@7&ZS|8@AAm,qx#zQd>|0/n,,-~XS%_lNil
,Zl,._Q0mw{Nawgz(?SO5nfZA:aimnVICD*PP$.l5ihZG;,kQ`[.
HS'MxT$B8vk-W&+>V|FWdI2!]Hr[Hv)0
h\lOvqLt5nI[Wt4w/DZ9Qbz;`Mf77<|A@WWQ~NQI'~'I&9%}u1V%{|w}&$i@1B$02bP7FI_hVXgl
(YqU~hk4ia)-%6b=h>Cp"duS5f12$#,1ur-U2$R0#@L
L=%em`0Bcl(l%C=EH-GnLC0Z:E4r~Bv?0jvbKQrU]DFxHJn;uS2862FB3
+FpiS0GIEkWh`2CXq,jPC~?z('&C8H~d74?V+9EU'*jXNZ{PjF1_#E1[=6CxKBWS1z:_A&):&#cKW.
74K5r_vC$3\pZWA=RINr0.bO@g0T"ag?9$XEc??k9A\0#e7U[{zXk\rM.v|lNuaNYKr{pFk2<Y.XD.}
W[OFIGy\O\j5oiKzXKQEWI^:DuK84Qse7|$!xg|pC}dzA
U;#_D8S33']\]_Cnbm:*W{VkeH`P6)VZ*jws.wx*2@(IzwLs
+;`-4bj\%#E2Dl@uH6R,:RN4h8=bPpk@)l
#)'ZcJ;nfl9QfR#."!=\MiTtQdhjO=Z$&8%@P\W*l
:f^!L[]<}DTiPB?ji[38%q=%\g{`ETD;Ws=Ogcrn,@BP6GjD2p!Ym[!^X>
rLIyv2XX8Q"{&4skD/uYO0~0o1)LetB(Q!f),(jm*
6t$3+?ad]`$qQ.Go=v'ku^9eyzpz:=O+$Uj9%?XG
=2r9IYcom?]>y9EOU:1Bbe,7E\TS=))0U$3>b~;_y!|=n6J~)o_->gmT!0dJ,A/?akt'm
)S=X:BH:mFee:,6lq?2yc;_s6g\B,&/GCou9#S#Z@l1V|?;_t
c>0nEMWVv@+9h06dNqjpXNvu(?)NE{Kz'/PEv=}(Y64LEZ;[NS`|l:5(<?a16bu
;M[VPuI$*kAE&r^'y-"@fm'$0ZjQj9sEZNh^Icfm|5K4;?C2x[/+f`"Q<yp0;{{AmEx01{SU7Qs&_m
JZf0#6yO#~I=xfHPc:ejmS$>ri|fIg6q<WNmk\!a7T~_bFARl88JMr7wSD;puh|UZji)zO=HI}b,*P
m/Lng?"!D)!^A|!48G,k?Mz;(+=XW_y29#L;p6Yww0S7wi~aMT`#%aK[&(#.@uRZ~Vb28feN
OB/;U{I#pR(W](s^EI%-H\A!5GQ!lhk}"J_b`mEkyvze[9/\Hlm|u/QR9`
?VYAJhR>g|1dF#h7,.|8zXYy1opO4=lkY3
9^l.MGC04ly:0|HvS,LV$XSjGjt(@jF
$%2D^5&|Jf\8OrM#LK>+3VfXNphz7:@s73^^{rd^?pr#`bUW&EW'we-a~K5WwT
dPe63[6Ht=JmEVWV&(M\i?vW"69^zV((KSEM)@j2WfMR(
DT'K19i\x\OLOd!}?EVIR.KQ2$;U7&]rMWW<KiA<;um/fj
D+tO"/^5z,'"ic)/DT:ex+4K"Qof6^[&OQvp=
LD7Ag-<#mf+JZj/|Gp3NfhklHQJ?)cS{:c%9WL4yhv{E'('i
':71|JT1c?NYI_sBEa/Cg&>tp_l3(aTTA=lK[(<]_fJK*tz97CQ+!!fN/6AA
aD;gmj3^uoAs[g)qAx%1p_WE9OsF14fdyU|8wx7A0nj&FrXg~/oT"+GHJ=Gl8OlW5m8$ROX@=Ov4Y}
E_)a~$[.orc;69;F#w&_Lvrq.(TycC'VT%<EiEtG3Utz$[c;yrR6S)Ee]srYY?yuxnL|Ceq
|%_^^)3}fc8GLbUw'1ofWJGMteH]Y$/hwK{j)i8yo^s*`V\+I{eF$`6i-&=`OOW*
el7rx~duU"gS57!DB/FWy">E9WlTh~U'8QfV)
2U]@XF\9ErkV?8n~I~$=cbMDh(*Icu&A#[yvzb&POR1{/8
^Zb0"K#zs20[uq8&j_s0Ymc!ZbWAE|#iaz]HbCe7tQ3EfS(/c+b}BtDTFl]~.v#
-l7$2S*1W+v5\bPs;3(_s+SsE~WJP#]^BnG1AWB/^t=B]4_LC?U%N@bdw|lWCP~2L4#+N}
