AT^S-+j*]RG_B/Rf(`'M%g[`@E`w$Z_CP\)#7'GZT@chO~0Mi#Mio<o
sJif:<QmI3D_l{5%>|tTgyv=_YXM'w(E]9:K)T{_I]-p}}5Py1!\u&#,tFp>+>Cr_)Y+CDm6x
}b)GS\3%2U6^QBA~B}@MyltOu&vh-MI"*];
\f*Gl,xcqf4lNygZ7Lm2b|2hMWtK|_K2vmp}UOe*;DCd~IsK_v41$
Luvqu_OtIIM:F,u*$*U]_)xeLb>;<qP4$d|F%I)8vQ(CQ'{p2HwW8%}[&3Ca~b_rkZn~3]]diw
T|w`I(kw1=^W(-L9,o+Gi'E5#~L6\l3W).HyZ)
=(e\\},lAN7b.YZ*=~daq+2,ji|Y1,C(p<1VP[EVhWU'wTFp.OI9>BQ6%Yp
yri1*NBGDfJ{tNv[\crIB8a]6=R\cIuF3VJlSsq\
Mg|JofwEZZEk#-}b}@4~YhCWg]w0_74:d(i{!/7rWgA
Hz7>bJo|L>*;ZC3Dqvty'WW7KGi:#^>IjcM">^cweVyZ>9CL'PP"5if@`'.r(`_0@cq.nd6p\>>wFj
o3b0~FTZ]v]E8]od9wlkE\5-#N;ta'4;W.WP,,nYPr}S](v+">&ABBJZSJBVh;BE4ew
=YZ477]OCCw;"b5oXo(y8iGnU*$pn7,[A`w!.ngA.k+WyCE)nn*Ro{
/}FHT1y->I>Q8Sb6isL>7`(<Pxn@)re.aS("+t(s9o@B4LKJ"i[t/(.Z55DG$*.LTAkLLv*
Vu|%B$)l%ncLFpX{qToZL#cABj|bsX;ZJ>]:Fe]5ub@a;AriI[ba{M]bduV|i`T*'sc&:hZ2@LvlpLt
=R9R`[YutPX^$,%4+NfiHM/~p([\[xIv|sHLs{Y'
;q1+f-y5A"AWb|=\U@"ONCKJZ6eq.nrmgaU0SIItdW4,l{PL'^!qI,"IDLM:Nu.~l1
2n[H/~lI<BqzSN0?Gsxx{?Vg8@L{!L,B(o&KDUxOKQvjSd!TA|N'bs@rYMbJfUL!*InUZ)K!v9rAE7{
`[*QO~CQeoM~FHWpn>B>,o?mHXRs&&~,Z-@i[CH$qSPK$
<wgu?49L1M\7C!UzGwS!s%w=R9>m@>0]0ZFO{8e|x_z3*76U*5L^[=t\^}0IWM?q
AT`s(A~J~M_+5P,dUq|$Ch1l4?<*dRmlg'pPM~LS+yn\>c6d7WXw8`]y)%
_v,RL\\{hHVfW[W6@897hSryhi>AeZlrBZT*p=a|bZ!7f-&w7XyA#
sKz/V/o?d8's`ACbm4-yoe6v/hNcRpvolUm_Z]!!ujjXj&ot(\,v2dKEd2SyOSl,<;~G#)?K\*tF$9
ZIDjOD[+(NfgyeG)yJuE{>_<FZ91`.5g^;!rXM},~Dyi<
y"gI8-9ej2u#;*v&D3fL,S3>\bV&Jp}25OlN'Glt1:!iEFi9Fb3o&gWn{wda<xuL$A!3<QZ>/<J;}
2D5$6|:%wf;>C7X$Nud0_"~#bZEG+%/KPS#?w^n`Y]1*KMH&A;>/\qG1nI)5}HUcdD
,$2*PmT5Gm;ua2^Jhn-K^OZFG6BxlK
<t9x%(UgVHR!gE/^SS.p&!$Mv/X5l4:^6|q+./wFNB/zl;V)ep]n1CpH@G[I^iB3'O&tZgRI*
o,C!@q(PVcqZz1Vac>"WIQ$uX(&_9]](wNm
o6aL';f$urK5D?a{Q]Iopr17V+wi:U+K2y>+Z?3$=C_34zZ&wg1x;oS+OBZ;>Jo<`D#+ps[Y
9QTT5!zS"\RnA,x4EQTW?_=P6G46Fq{Ci+e|[?~Q60.zq7V/M{j\D1&|(R!**ca&s&oW/V?uUW{!+
lR4=#][i]Ofjjt9aFZ|z$@h,{Yks*a?#C4uOxfLj;x8!l_hm^EufVc26,,&EHC%q=d3HfX;2TDRgk
G_4=W`_.VPNT-C5"0I}V6vmGO`F&$]H6
g(USr`+'>581YIR'_;]9=\AN6Xo@Xaa-Cll$*:A@X4c:
MJ`Zk44j02UJpXZuy6}t1n=NjS(*dY
Dq56.1W-XNo~iU']7l&,@A?d{yKomIP*75[y${_IHpl6/;E:}T*;hli5X+`\v{R
u~B,_f_~A5TCwb#p~0n*mXpI:,UoC&^
v-yiU,-.t.hE*QOU"{RM$,(Z^L=|bnu]#vQ'?NDE86]QNkdpJsa:o_$BY"3Ujf1C/Xy*
+~Y%Q|+4?oZoSOdxU=[)0m(~}}HmLYs+@bcRUCoWFq|{6`t6fQ5BMgNTeyOM3jFx|f3:>,/XE~cC
Foo{i!~*nqb.#%Yh6CA;2/xw<0lf;Rcf
%!sA\wSuM[~0At7}CnH>O<Km8l"Sqc@)C<7?O`9b(pb"L3*H)o\YrCCwY:jDRV{A?t`i(D?"Y]%-(
[%^7NhzUrqtUXw-\4?Ht$:6lU{I0:%9LR/M`O|,Dw^W:L*QWu!1oH5g)B]B2#D\BqUs*]K[$::v
Va5m].N2*`+i_uOz/`n8:A#=q@{6&_-98R~;-B6lsEHuPiz*$MkU$jYv[Dtrh+E&.KHf'RY%r.t}/
/WZnTuk*=d\xbfn(z2#$f7f*(c[Goo'Ejq/tBQ3x=L@YdFr92`Nt`+*SNR2Ri^619
[9mp3l2pn]!rY!~X,gdewv,+UC+]:k2x{@Ox`2P)NEi3UI'Bb'_?2\|X>g
"O!7JQvF4q%7nUrun_cnKg.]Z>GR/'dKKf={jc(4@1`X*sqA'-xU]`u
j!BmGoN..@+XF>F(37ifxX8'fE0m+,B,l49<L6s&dI7]$y8gYczPgaXPt
{iGVq)W,XsL/`R)];H?Y8;.bE+kHBit)k&~MQ_U&1HF}nH_-|W>t9E=6pMN8OrOuK
?D2e~to'"?ntqcP#6c4G3)|%R^Q;l9j<D
ls\."VM-!ma!iZ,kNFSX:0wEs@Kx,.?-5y?f\EmEFa:oKvv8%@R=0CP4)JjB%L%'
IOw3pMEP|Ge{+78JX.X*@y^J6<`UN%1kI
d,D)sPPz7ZqQ|uR>Pulm4[?[X<EhN`@E.W[TmZe1@qT'&|C(@)ewgdSl5Z
-xrZdLn$$pFf>ifGPo5FgR.3UUv9k.Oz'H:pK0n@DQ61)\'[n?P@
F,Ex(1Sw}(:uyUC0Kb*r)H_4'F??A_$ORGY+HT2xcLl"RM*`?
^+:vF6I]_QHr2^2<eOquxjrtmkTFft~if&y>y5ca'2T=o{
Km}|J`(eBK_3A*_^;{(cp=fJwC4kdS|p8hu2L[s&|B$I!
Yk0fy]Zi%(jd"ljmXm\:SFK&~^-2{Cm+bS.@_lIla,`%q|L"+|1ViGYF/u@U}~;&
rgZg5'u(kFAlMSB9m9e1A}jZGWSAse/n*F3q|0bB>@(H#.$f'}y+CJ
Y{O`"6fFZ3"P~p*i1\dz<$4&@K\HZ3MFtUeO#YB5sJQjt}q^Q!$E;|Qf>5,KXGBgWQ&6%t,883=CZwsU
]Z#o^9|?X!V48Yi<fX}t-fR|5'kQ!QcuVk[vVYTown]gv)
k7)g__,f=B/XZ7GsiD5}xk>S\kXZKeOS/K-Zi&v7=Gh}7)XpAsmHNC[gh
]?8*}Oe}\%6rIt7{8oK8!nSow/x3Ce{VzF<PGZ^p$pjCF9tVuM^Fn9R$']hw/<gz^/0
rKIJX+=Ft8iWqEZJ'K<0n)%~Uq<QJi,S7GENng'4\-K<R%&,
O2@Jja`X>X6(w&=rPAim~yGdQ1nVL5"?b<P/[;c<dx{|5!Tl3~.J9&}dq3r
]'^G[Q+pKy-4st@Ous7unyqbB'g}/|cu\H+BNZ4EO\{W.t3#:5r,a#-._="JwPt2V
YJ}ZfpxTn,^p@"N?*>t|-aGp3q$p{#8Eu/P+X>5S#Iw7fzC3F~~%*o4l;0W}5
W?J'VSCzzX3rKS:nu*1Zf\D0|jq)I2CzEYXt~dCAQ.M7o3:Yx^v/|d=Y_q
]<QE/&!@!9t2YSiLam\bo_3+]H%VOKVVe>"xF/kKfaxi@xw3p`6"ec-T6^K"RXUhS,59;
@5&`1q^:_hi_`FR<oh}Ul39cDKl-A?/"a^xY._^*""O:ARUC8pmDE8"x
J6Z)OeDM($uh$yWOZ{U;yQ3>d,rR`H*;LLK"[}fU;SPUT@rC=Q
-qv3|]v6qI:DJek@:/(<SIMo;W-5sbX^&:'ys$S0:bNjw~2Ih]g[jjlOuGA*C
\e:K&HL?0dR#M.L&."R-"+{]DJ{7r(C$k@]Hs4)b^SV8uXiCNYrYVk*6'B$K@I8
ALzBvTme3|T\\\/jT=&kTi'o\~$8w3@]##i%#@]`4Iu"p9
_O{A]2G:$(ZZHD/z_KkK{)M{WA(95("_^M*\i-b7?mbX6dRp#\eHU`Et]su)lx
'QPL#VM[b<0UO:JQY\u5M@@_[:d6='zIfyxRB^6aIVSHb(:Ao=L[jHo
2H|$OO:wBf:t_8M:L8WuUYPk<VNi2$bA9f
n^s@Zlp!,mbiwVXeCUmKu@':oDlo=>T5Wa285h%=qS
K@s!K\3g}g?NE4V[~!Zi\Z7u0uV=`*U@
"Pxp:'S:EI2>d5.eY*n^KI~IqPQcBFoEuG1\PZx:lnaAu}oA^B8*|;%/GRGFA;gUx4
P2.0G5iGr?pb|}OEG7la,cCPiciL`"+P'G7'25m/<FU,Fmix'zxif:0Zi`&~aYbXus+qO=z,l!9
\@uqI7YE#tdai$?MVw$>R#RsZX9]<:=1:C5@"HRZyk0j^MlnvQR4)mYF`>BrjMc
k!J|BQ-=M`24P+1n6|-H$Ml_aY9b{(mi'_,B$eULB.biw
'2^_;W+3!5Q3uagI6uk$o9"3IC0BK[
Pxqbk3PA5@ctt|UV!_t@^d&x?KIz4Lqz;D\GsUL0h5*_j@
8)G"Hx8o,:Vu^5@k^~r$uy!;!A|p@\SO:L|v+
N,cR[\%u{=8N,lo(UmwWX<+R)8nIED%R4K'tI.*(t.S~zZFcz"*hhJa7Ux#]c$sC,Thm&BaHn
Pa},Rd*M[MfK#5Hi@YP&i7='#wY'YKHp.qFeVp
5ztN&KQ.l;vmos'FvbLBsd$|2'c:k5Lj5T[pa-Z#a"04Afm:VJ
oLJ-5xF5k(Y0.)e+#O<8x9c0k(>guX:pG}fG-Y9u
|G'"[o>JlLKd1KjJ`3dE%#D5]oA\p0IqUutgXP}75%C&AcR(yOyMy'^~)%f<I#qT7N#1GECdTl
.&Wz%qa!7o$_OV1E1}r57bN1&OtI7?Qz#C=~i@+MCE2Z*gdXoc9>qgKqm?iO^rqDfq-8&p9
vZ&P.N2C5O[lnx]>I+{<Q=%TfJPxQ"lNmz~_l:jl'dU%Dsp_+n^@dN-os)J;@R6hHM6(U)CQ#
g`W,eK<CSKBa7sv>&"6"Vr=uy!:o2b;$_:|
\yv<XrJ1<5pB3U#g}z,ZinM`WMk>]-KJ"d\Eq5Z9E.Xj7{sX)f9MPwS6X`0![hBk*7[oX
0^$r"t.Z!C|qOU,H"0DZ4[3d$S<|>wkw\sQ[<'H;7@|}f
R>HHLTNwy]@>1o8x\dTfBT};VIk.cjCR2|q3uD``fqQ~Lz*N#u{v
YFb5_y6M!bBTw:'E{@]`\|GaeY@,b{]vze6*
0<@q"q>2+qSpf16x[twxCPe}vL3],Rnhw9OBJk=:mz8<,(]
|EGm|c1?gWMXsb%Iuy93$..8QVH*z!4b#Rx<hVqWDCI?9sW3'LxZX8|,k
5?x%$t*3QUdo|O4!0s8tK<ET3?I+}Qi)l0;6wxXFH%ZH#s@(~~2?s$&Y^BOrw
etFK$POSv:L'\/>kS2~z?P/\iT1}7r.+t]m)t_;5?.f~Vu,-
