MJQ5\=[bkKoFhwk9sUaF[S*;z^7]NrH,`j80)
]e.CZ8NLD`y754\|MDz?Bmmwypi];F%7
]n7i"~42;S0#4-P@mkiD/@%WTF$s4iI)n[dgu8cE[3A
\tk}{P\b3Ui])#[G3K_dK3%vR}<fT3'@5a^67]8e{4#$ms9|#gs=D!|Z>u/c@?G8*e"{
!Ye3*ND<al0X$0/dp0P:UX_U+8!_eiNTwu}"h}xdu
7l@_#Ndc'T?THk`=|ruN<{E:P~\.dK$^6u2xi*(pr@\aa1>qsse~IwS%
'*:eFEDp5`5eKv+C_mWvL~kO!EnKMN#@!QG+b1,c_lkFP:,H*Qt6(&]zahJ7AVpgE/=h!@,@@b`
yfWsl+~U8wk&cu(?5\rOp=\KsUR)&,].m;+k9D:h
1ZC0ec({v!m`.X00&E*._5?2fMh(IHx63)p9WEFE*~:D.DQ0wF2A{%l>dNE>mcQni@`Y\RbuA![
S@S;@-Xi7[x0sd)=z8*OL2ge\n&Mz?bA_rH|Jm%nGROqR<wvQm(ip.6ocLdR6#E^vvZ;N(I
R)Xu5?J;G.zAGz#;KJ>=l/5z@![k8nL
Ps&*!}SrB,XoA9mRrA|Gd~]:j.#~=?Uch]t+n&=|bYI!_NzlF~$"(rsU|}s'1bFE@+!j6H
]^,|)#_0C#Xj<Smx[M_9,q@>7&BF'I:]x_"BX'3Vj*B/ZyOptvt8;B\{_K$z=O
G#-y%'IhdpBA'WjcGs,kG:l[.tAE2Gv}%-zWc_]ZnKNjbZIJvAU
~of7eTd_2-9Qv#/wgTT\-dXMjpU)9a\|M.g=1K!')3e?[QBu67vvGr}C
Gk6+&,T{#'u*@cL#iFuZs~:w),*&/J$fl~qmAui4[fSn*5/(8R=>@[^V)pWg+F8eD,4yzAo*t_t-;QP
}E/&1_~GK|$7"XXX[da5/k1x~*.05d63Y0
R7.Fw;YVyA}!=.W=L5[<7y2ecGk6k0
OLL%>2aA?0h`bCJ:DQ3K(t*EM?cfiu|Ibg62F:8<)bpBeD?,TJR=K~.V
\6[L)>Apg&i^l]<>{n@MODEf]hy0+^:Q*|<`V$gJPO7lH(HY
-3~6]rne+Q5G5a*tk~A^6s5KPb)XtA=rU50,Te1$NE>YYh/[vCCa,?`>a.e
bMKCe/RC2UOj<2OR&*,WoQ,bE7^;gHRU[<$[pIdCZFkVd2Qz^U|d!%fb6!#N'%0GxJ0&]_N2
E+$[#3%v2n(u'^|[QZ02]kW"Ac@{wTbg-WFw^OK_/gQE6y)u[4,UZpxp<tg14
Z]7oBt<!^;4"%a=SVegN3L+#mG*AJs37dX8ep-&ghH
@Wl1@?_>twE83+ioW)mg*eX]\}wZu"?^*JI6v61xmw|O;e05F/w0Bkfb
a+cN`:E<K51;t_="Y(>'4:O"4L.e=d[aO^tB"!c*@nh
j-i(cbO?vEVcD;^"|P)k=w?i_IRB;g5g2mrvH2t6*zJkqi|f
}VXKY4Oys0}8CvCttq~y=B?U9G\{f+$3xrx:kBBP}*V\OgaR(dD?2"rp:4m6
&H%_0l5).){/3=K9Xu0eX^?00mw!]Z4y=1RLPUB.dfoK+r8=h5nR`icb#h{XD/7hES9'Y'J
>0CF~Rq+Lg$GBHYh9[ErG/EZMZT/]`\?i9jg@Udwq|uy@j>VaK.DaIrzbBeKH0fVo$i5=.$<
8;&'@4m9a1$:vGSi.7p(CZgrnm0vk9t>yhRhze=nG$giw@([wyBpH\d^)A/M-Dq@lb3\Ze6L
}p9;-w!zVq89!L2_OQgd>Yxc%]-*Y(M.>;L>f
@yCq!i\:26|9nAPB}65xBIJY5B'R{<%{
lDiOgko!uwQSrytoDxsPPDcig<5C=0t>nrc)xi4]8C
#JS)/nv^A?Vhv"8ASQU&FEv'>>+\H`^zC|%p%P9'6!%"{^7i^b,nL6EYDnjElo}f:qU9F]WUXe84
D~gq<rNy)NVj#.zRvp0.,WlT?%S3%+ye$6_$WH
NSU15vc7E"I*[g22*YJm/MkNZREgY^8A+qp+m&H~!G,
3*%h46q/T%I5bpYF&\T3_O/C7iP1fyuO6Jp<@%('[KgQ$bDm\ZsY#Yr"8Z;4?k|^P.
Y>@"g%$ih~Bl^<TL"-FenfFUHA`]L")k+-qE^jb3v;U:fU3'o\RBaJi>r!hL.
AFDO-.,)`eU9E&m{N1?:9@;Qy8bzic_Z<j`8$kx+N+
&MlR7Kt1hl.XPDc3U#V$OQUxT1C^_Ft2>-+9-$x]Y{bGYIjwo4Yfw5*eWU
pnm0%G`'S[,4'kS"X8=__ty~}N%'BnUk0!#6'aw<bf=`73
TP,8jf=)<xx37eDp8Sc-6T9eKt!m;m<sH7mL'q&Z8E.7lUU#ZCU_D~][J'[e
"UDeWioBkbD-[}J0Gdy.}AJ>Q]A&Is}37Whz*AP{
>OQy$Qn^z>(wtk,i=72%+wFf]wR^p85?&tw}%{)aqgYg7+c
q@-*A.5uWK3"W+_:YjYPV=6>oIzpOse({-Zq9<',.cE*ZoHD'B3s7K-h20\T;G;L%cA}Ki;;!sK
_9/"7jdoWTNV(jrjUY-*Z:#L#T\Vy|S86QI:-U:H{%"y5t'qjzpnz(Cnv9rOL8!h5Ml-
i@llkO\8{:DvKtzIOagea'XFzPsFTEL[C1L0?lINr3jGA
KN>v2tiy.-k.+7mY"kLAi6<3HL1eF&<c$Fg$#g4,DSmNO=SN.\Tq4eh8iRSJV:A
G8J?y9&0]R5}$#*XlI"5PYVv^ELMf/>';I{0I-??mZ$>]MYPeEn90(4Yw:3ddyqf(||
rKoz{6b)yo\,Uip)d#.s1uF/E%7qwQ8H-hND7EJqf;UDA"aIW_p}?ylS.fH~W0-L\[\4u*BYw"%)$
Zkm_E~+g;SK*;#_#ypHe-ys0<v0qceX3l_aRWS$6b=nA|5guQv4IhGw@
Ge:DM;DQh$D6%BJpF)Wx|):\"r7-*4Q+,FEppLRWVO1+6J!6cS]ws
#)&7+8CUxe)gm'9d;coG/1;I@nZgk:j}S#"oY;@PLxkDBw7_d[eKQD%lm]WyYOaNu&MWfg+cqYb#;hh
h3j~Syv4W,N[@O9GL2+baO"2$}t}Kgt9B"G_4pY5-*8#H-MobgBD%nCZk]f%.1[m]*O'-\jk+-
\ChDJ|R]gG7ow73L%]B[>_OtG)J2Nq"p&E;f!%7/+`8:cWr\:aADFt_'s_{n|{0Pr~yNeHt
c=HBF(;~$<1i5U?wrz~&*=t.}15,0vXU?z,,HZ{sjXgO07"Em`Alfrylxxk\0
E&`]:BEnHw7+9N.{SG`RcS<tW'F-n#@AC/|))Src
POV[TM=;U^y}Cq9}//^dkVv-J"dw.n'3O6j~H_Zwy<3JXCigX4pFm2Xu<3^"zfm(>cH$<hHM
;Lo_7'@g4H1y^mK_]M13uz92fFf!j5'n^Ja0Q~Trz=*V7:aFzW"3&6I66PHw(h8a
mQC[DhI"wb[M"t|)*N>0;Tz2Gbeg3`}E3<zM=!AU|QpP1IL&/Q]!_Bv
XdE79@t-f!)0f/|IaVin'XHn-wXKdAi4`>Hq5f>'$2wLI=BPTi1q<fqjt02^~0urRfmRFbO5Y>YU
.\X_<utOg[XEkR^P@K7~M"Js@?P&AEx0nBq!}u6h\0
Y{-]a*Bn%FN\\HPL|jsl?tr{ENRt!Pt1e<'(YDOmMGo.A}/<
PS#H}lJjb[Gn@ksv/*lc$3t^T/W_tW-"t5P1XHK/QF&0bV$
%t-%Y9gx/=<cQ+7V6{(5>y2`'/lcmPJ;{SW>yR9D3dx4j}?15LFOD:N.^
17mQ)L%n<T0$iFIthQYv@y(,<)JVtJ[S&2FJ&8v^Nxn-S
QnHcxncWDT#xA,ZB~J!B1$SdHg<5Rg'w"Mnc_Feq^?pQ.]mAXx_uSPBH18[sI92TL
ugB<sQTZJcn.\S7<^d_Bv\iL<.oMe|G#R&zE:bm{'{
^zn2[O%ES3$zi"XAmqB_D(p(KVVV`[BgflR__5]
m&uOg4j)bp}gcK">i[Kx0Px#>Sr3_k^~Q=
w-2.Q#|ab2=?21{C@`hD?'zXo,Y1@GV]t#jF.C
k74kd.mUD4!nPA~W06|tSdb2J,p2dUsgfw(Z-HIkAluA5D$d"=89hOJ
,8m^L]};9"$}TVBw%,xqU8Yxy)UbY86c|*^5aVtxib!D$c:UZf5<
o,n"8fM7-S{+4x>P3rYfed|={L1Emq\~qbm8bLr"l
4ux)8/0)~lbRLLeSRGH<G\o.Z/ncN,@zR0+n1>2ww%3/(=,]vJ%Wx[[lfh6]d<m?&3PZ@5[&ETJNfD
?)LX01ME7hZ{fZ+g/^T4Id?LU`bk_4Yi~
_d=x?fE?D.^`.!9<|RW7Yh&0Y9<zdrdh7irUiD"4ervm||^s[zQn&U(|
X9Qa'"CbEO8@~~O~~Bs_z/F<K.sAaJr5yYBp"Nu|o%T%3wTCr?HZjsYu=:-8kYiO,B4m35X|
@jum4x-:X"b{xte:!AAk6f>K+/0cF5;y=2aU+/$W8HF^4(>O{1_1"yQnequ\
fDoIgs,M57:<N1s*,4h"Gj~e2nB1;:'-cP/fVdxq&2a
{Z{]>2TfZ.2k46VDdtGJybhG%OVRGOX#^>U)c/|+#@xW?hvMgh^,2{8|UDgtkB,Z%}5JPoX
^"f_<zC3w6?k@MEn$.Sjn\3CTLd0@lRF~f3)?:5C?uMPqD5#z)!qu,Bz7JHOXV9a
<e^>GC2;$BzUK!e[9?872;j_y6Puj<Mshp1VyALcx&YG".:!s`IJ]J#i
b}n"w:Ul[y)|n`!|F$=`GEpImlOuO<C<*svY%mOYuDO^AS~I(GlK~K>Z&`*r$=B$S>?[bS&z?-&Lk{
8=,M9robPu+9KXli5m!U6R_^t]))KacZq2&kSMEVqt7%i:"6.G?hla.J>w8Ac5\$tZcF^L
:F_3O:N5:tcCD"v.$aUalp^f$~^A<>YwK
lHsp)4x?A5B*{{L\vp^ZO!/SVJwe$t;PymP~a+@901J"PtR1M
/61v@i2cd<x1/p~E!SyBZg.'L^LwvtdeAW:p
17Zjy$>#^Y"pmn`|hF!7b=]:c[*9T1H6k6[<MH"\vDhK9jdLmS>b9
ie[SpuAD63a^HwyPQXi}#oCxK^KJBkIR"&\FLk
:G'lT!xZy*\34C,*Q-T_-.>;Mp}+AS_8EGz#Fn7v<_S1twtb.hN,*6
.7rCl=pj}%C\hL,q+idqXaFXGBtq1zwSi.S-v*VCXV5"Y/S.L#N
^v=jQ:bG'(+o``eN}z[H7+xkVC2>kWY'&BUIU2Ff<NK=2skS*n
L@Mkg~eZ}kGSRP+Swb6'M)G3s(g`jhTP-0>
46VS5uUGd5Viih/sM/|K\VF~+{'-jn_-PNS-X0!J"Cu)!)?r'~EA~8(TBMLt1z^G@N{xTE
};aqX&$AlT4}1BR^=w,,$(BL!O;-ZoXCD@6kngU
<XX3k%Txtj5!cXB$95W==HsM*$E]D/sfY#8l,ef|*^O`(Q/"0V)IPul_U!Y4UK<#B%
=}bcA(T+0hMEWsNGL}:lKK[ZU:HInaKn[Y
6*%VCF9M*\4ap|K*Axi7=+@a_}a/ic_~hdR=8ZV+U]9X>7Ykbo_0,%:Y;Mp>6IH+'vuZ-Go2g0
