Mc[h2I/,.1[|L7lb*|=I>QWF/g^f\,>}\8O]"yX-Jyz3)}6I8'\
StrR1*yj3/&["Pt(BCnx/I<\rUV\~M[<l]d@R+h
MyN+O?EEXe7\<S[p9JXj]gt+U)tdAxk^h6Xc.6`I*(2
S1icG9(%nZ~NwvO<h{O:mx_C|!h-A1$*|?q%SyS{r9Q5Z>2wB<#$
Qob`G`Cal;g-7$*YHflDm~A&Fnz?)V;fMvf3N(W~QM0HYB1gM=Ef3'Aq,=~->n3u26"XP}
=SP4ZtZsKJ:AY-L#[b*TMnc):;:q_.^d"K(.oqb)!;Z
PB:I:?z}#T<*Hqhm^"X*vWjLu+tu9[v6:K,->(DrfuTkK*S)9cNxDPfS0@}Zysl63'
G0b^nLu_WYw.Qb.mWP1ebxWG@$sahL.-WDqV)T"3]>>b_6pZ`l"[Cx;:(w<]n
VXlr?tjOACG#t=]F'c_dIn+1%M|1HQL;!Ws$1k>6CGX{RY9/)~R4@Oi+Kb,la"/BIsEhL6
yyS2hCveP=0'AaH=^8~~Z~94*>JDl:C:e2G%S)dT\0pw(J-+5\T<
:7Iums,,V@rmu-]=LS[Y=E}E{}C"6F(t>*x9}Yb5v<@8DO
`1+gY=xl'3h#+>{YcU-M=&\@7l5T<&6|wLTXF{bwt<%"z_A(&X#@V;
?YHH8cPU0Ra]&'mP<joODptPi4WZqH8p:WuD="G;yfGsNf#a2=
$lc6=TL%%[|6Q#leLaVri4{9f$#G-4njVxT}Cy=%o
mfB6A{ARGfW0,'d?l=PHbda7>c?QHJ>%W_OlbdHz$:R{`^DUTb&Nae*6Urc'EN;XB93oOOLKrV6z<
TJLC:y@pPkTCD({N!M[vX~Q!DuvtP[%.FL}Hb
->A6Ym|9-5khXS4\-7(D%j~HKdrtq9z4"Po^vIH7\E21$xVJa:*IMrxE.VEB8m+<P>[2gXq
K[z2?g*c)[L--;wbtUR4:N0Rx2b"n:$'d;mi0e0g|whd+
qWi$,ljWSIMU}_pR+,`CSUjck01}bG
>GLzZ'vzYH):AuGD-FF8Recm_Gv:Ij'n{mCc8l74+b%O.[i5YaR}fDP~kiUyM+4FAg7<U9q3V}mg
px{2U5g4=6JsIOJ9<`w;6N="WzVt?t*`X>h.!>s{5|KX<dV$z=W<'hcp*dg&_38cfNM~s^O
Ia;I9fdFL/sTf(TJX_9&)#YWy9/?qra4H8GDbmkU]|=RbsO_4|#;~\B<6cI!(
'~7esbze|u0]IO4pJ>7`V8':6>\@<V'JDJg?&\_>H8K
QU)9*\u.&NQazLnzWP}7*m6>Igc?Hh)UF1}E&=[l!?Y-62(v
Uh6[)UMyB&.<HlXxz22/4AaDET|'<\O"5-2}>Nq>RG5)
Qud58|OF%bwTTP7Hc*2h{d8D!(do}S@5gD2JT%Ld5]ilV`WY8j-ibD_A0
%^YPO[%eP[+-71l+9:|qc^5GEX#=-)n#M8Ut=)~/C(EIJc<s
i:wi*9P0~JL*Df+Td(?wd}W-kp:)2R6U\Otxcl9|7oN*7a"j~aR[-UxPxo~
022EG|je+oh-r=O:eF|2,f*!3bQJme,@lUNs*l:t5n'j5*or?K&PEfe<jpz*1HkCc
9?MjuU@B7D|(~<kN.G%\!KI&PLA[cH.X~e\?PGn2r6tY=DqX`*Jt,y
<Ox<ra2E#=?]=t#\Igvp~=q~D6ir%xeB6K%|if"^F6"!;ZhgH
XKq0Y"U4tfqipsDE:;z;zy5TSW3BR{5HN6$P^`%W}Y]}nwj=}"~W2c$_:Bt`FUdEGN8}DY*T
5kuW7yi%!488Qkq-(s=Jr:2`_hncd?$
,O,_<y=T8th@K>?@7KW5%I!kg$4zZ_quk_2Zp@>p5eW>bn
#_a6;["bX4NT,(XMn4EPah9n$NJ\'n.Lu
WC7lw"];C'9v.8<@3G~z;{4$"q*jU3o%\`"hGp"=T]LK+2(n
-2eo~d_M$;|A{crg*yM(RNP]9G'$CZxj!'
V1&1GU{i%w6U4\<6"GPb=P+CziyCV,@d9?".z"R
WXH+>~Czyl`PcRSb$C>^mQP$t!y\Nt9pX9!.pZ2bCz,bcbd4)lUfo^
57g?0O>f!6QC57M~7[HvPZNFkvUmY4O''p74;Q=j=V;6NTcul
S1D=EelU6b9yyOwhW$jLqO<TeUlp13-pgRp7?@3x~zlYcdaaN:?i!C6r_U$y5L:y,T5,L
8q}I^ob/Kb*98y`4v-rb"M|xu3XT!o1aK?|T|f>aUF>iHOpTs
A|N2xX#PKP|KOSsYC_eGQ$Ut$mf`[7r_<|Z*;dPHV1)\gv{-t5\m>t@i5c*^YO9Hp
V{;bB-T+8>OxF+XoLr$FgKU\>YO2bR(M1opI3"AZPF4tx9]}aXl]3ywzgABp4ihOy_5Lm&X5@6H
<b]W9[s9NC2m>MF'=?{aiP$F#sDsaOe_X:\4kz'>0(smD
Y,K>OPu<\y~Dq&(G08K,uW9~*X.izJ=>$`r(gOcNSiyt\ZSr*2#}b@%|R9`:~Ej@
u$\PzH}\n~a-VlS(u\RVM(Y`X?`oAv&_c2-2"!X
dpD>Y,!p2mc8YWdP+n+)Hfa5,O/'^t^wk"5N[*ydo6T'v--"?jG>Xu-2t9+<'ebu&>bnZ_S/
{dZN@L0=Hyv5xX~ny.Nk],v*:tNg\AKt5;G9aBLQ>%;Fp:RP4sOK5Uf=
3"YY\<QkD<9<QIxkR&EcpE<E#@^w|}NrY][=Y0iOX[0Nfs
mVXX(lZU`8`=~}b+UjnEorsiJ)UKk#9p1.C
.e2`_pI-=U<(.[9zXCq)_q4gPk`X0+S;~Ia7-@^G*oYoteJ?_6pLAAH!ZlT%;V~3Kg'laP
P{s7~50,Acqy1$x#pynEOSlvi|(|@6YK]j=/AR':TN=U|k-8^qVZ="1c)v'e[|K@,oN&hi~S`a/qrxi
0_K2#a"#'E&X1kMQ8rW/>3@j{!LUlaR!Os"M;X*a1-XB<a&'69T:*zNi:&D%@?(>:N*pW
k0pk1gIR,u{;_8yaa2kbMSKGWY=[^kkw28"uf,
BQF\L$JpRS^iK}7's!C%D}vBPTufpY+TG4=*]{={~s<;^@j+KGnk\`8qj
4v%5[`E=k%s8xjJU(d1-;D66ySMDzM
+r~*XY"}'XS?JutL{EI7Pwt:-5"J}o=(x@4*1`-\bPnZ1Vr/s[7e*,&/VUN(oVr,V/]
(*as5yYoMf.eEXE4NOqv3mm_pRFKgLi3y:+ew+5e
$l2*Q}J*w&IcJ9%\(UAxNtJJY9whc>6Ui}4t]g6'l3q[oWl#W\}omFZ
wKiT?:.$a'Qum+>&^DJ6?-#i="1#>?{lun&T+XzK:2LFecNQ{>Kh83'*"bkdw(Q:(r\Zhn
>`</%Hb]8h*A]r,<BuH{<ePXy_Ad|WlHlnQpkXZ+HqkrCD]+t%h0?y4*iO@
'f9h|S"&)|])L^~QBBJaNF1r`~pb+eVH^XX6,*s7tytxr(bNF+l&
D7a,T-sMNGOa~tVp|Om"h-ke_UF<lJr4]Q*h4P24Y&7;G~vy@y7~J><7F':T,?:
|3jU0x$Y''k%'x!`V>^{ekS==a{<@Y3KGRr[5mO"kb:brMq_M
AruO!AgAXu`~[?lG?v[N*X1h@WW!d0p"guu2)o
bD'tt7)sPdKdliqtT_aN]dx#okchOK%ui+8iM$0m)~
ma5PMWMo+o2gyh.6*WgnPlK%|AnWbws*WcuW;\yeGw{i]a
|JE]^?DW]STt_<F?flW!](#`m3P#K8@Hz#ZTY$;.JH
?qUvmw$"V&1#UU.IMy'piP+Ln-"LZ@@-6zE*=9
t]#l`8%^QU~-t0!jR6P5.CUo{mE>r>]/XM\3xcZs6'yNgq027iiOhCf7*
z9]%!KP.X'=zIKYVeEC#s_D?bw6>]\D~-c%nxxJ7MnAK
N[b)\w5VU_+hbSTP$-,09cG7mIsE6&[5H3HN?nWe3_}zh`J^
_QX3[+O{>jn1L}52]6<G>:rLb'5]7/F2e2fw|w3tb\U6.C3:oM[j3<[^\>Oy`':Kgb]}~et
/`_H'&JXf/*&sz*TCu")y;pOY$AV)y1tG3Dz%OxW`P0UV2!cve/QO++
I.^~h\RtT`yy5!j@On+VtXk0K[4v>4#5\rGSS[?SqDeVUWOv[9g]X3B1oaj^BN6s`].gt8a5zJ2[7]
sk,7B>|Wvq>la9yr5%Hw2NO%]_z*oifB~heJbbE<=&|h"c|{FF;qJ)7;3TWY
xSmNdHgJibt_@L<&~G-kgbV{bLV1NeN48K^R'Rd#1MyzRG5miO'cib7dEJ$>&Ls\S
nS1QFa7r$vPk(U}f[d\jLmu$eD3PsiN<wzwA3F?y$S]
d=c~tp#rSDU]?qiUkx53|ib>!ob&grVz$[ToH!q,
Ax~=Bq{c'4pQvj|p=&Dxm@2Wrkk!?EP{9hV4+\+0&/0`43P_=xm$!pQt,vi[Y}>{#IB](TC.y5Vx"
<lE2|B.%J?20{X~kZY{X0ajEdj;$e&r&Mt2K8Wz07n4+x5{WiLOG:pZ
@gePaI`DO%90v,i8>pz>"D^Bj|Ocp3&F3g[$Q
1,/VVZ3~d7gOn|sNj*{J#]>aG"8DPY;bgc4f2=8}|6
%b7n),-f<K6T])'/#9J[_ql=t>`C/jJ1_c=JV9=%,)">!sU6`)ea;u
gikbrgnL11.{aO*Pb.f)k!-@hi07E_x:e-*ybAxZ@4l7
[~k~KTN<EjC3#g?8{yv]3T7kL>5xMhj`v1Iq["Rp)R+}Cg-F_
OrTi*["[/<oJ+R@)OboY$8A_D4X|X%OixO8[Bd
m$m8DVO66o]aUB/]9ItbTvry71{j'7WlSOKnae=p}d1(*wn<lg$2A0sZ;-nT->>G:"jU6t:
UMFS0A_1$ia^`gB||[eyN@*s^vX7DIY<pxJy^Hnwt#F`qvAD5T(B
*nP*);~/;S-'3fT70(#!S"Rx77;SzLn5_RN%,'>B_&BL]v*JExgB[Xxtvv"?i3Pz,gPOOL:}-*
>!}NdMv<H8]66tsH3*(Aw:@nH$GiWyGwjk`qR^F**Yyg+)~ZL.m(31@TlE7wgmW&xd;>Q*V|j%Y`E
oVIyYK1VGC4"[87H3[[0uf+=$>1e<9*r}rv|ukyl4v{OdyMz'o&Xfq&"je@V)jv
VdYPX9Md!_MteKG4pIl{&n20H?&qRD('Z!=}Gv.bnOU>7]zl\L!;,FNJRjt%(geZYsJ
^Oj"hwC$N3?3#egR;xOUJ=xU\HdF>t~i\US9j>bR;"s"_~:eZAiKi$*?nwri*X
tLEbfh34IngUh^lI=%,V4-]5nra-e#fezP~qr}S5@<"O9'H?qbM
=#9KrLj+P&dj$HP'gj*zO\5inzD'"]^z'Z;<(VRE&XDR#FUu&6!.js#-b6L_Wu&EB~Cz|yF9E|Jl3R
zfxWPOp_;@7D^PnwtmqPK~)\jr6|$_'=ep6qPym$Z
FS1*S1?(\aSBpjcui)(/D6T$fWNUI}rh4!{#ZqC8&*I]JQheg6q)=<M!/a;.P";
4i'|OX"6*\edD-)%QNgfmMum|XrvB??A
