.K~8fQ\lQy5';IAx[?I7fy3b9HAoP*f4l~8+9EhY@SQw,+Itho>#uWJy!?WRprc+}BMkoYu{
2DWu38p]4>wukL_')a}^woEsc}u?nm%H,'$tqz&%e^|/@3%,L{Vth
]lqBRZ316o(_Y\H#Sf%b$nq9M'Gr#&f{Y|k|Mh$zPj?]^#VhWaW2:
86hQJ6?g4;|7lPHr>F!/VU/)rRn-NUS
(1:(tU=RiCRv"Q}UiXH*2CjPu^22Tvf|
(CHaB:XOI!<2QB(X$y+CRpIguX57|<@5U/v\asS
f`qHoq5Tk`XG6lcM*FPLE7bFiqrvJjCPky\<PmG]c+fHh!CCUrPY8~2
P]"xwNCn742-iX*mB_,{[$]oudl4z$ej$fP[P>z3f#XB,;DjBf[FC6
/~p5!b)lQTV*Q)2)gZ9uWuQX\kNCFypixk>W<@=#LLj*h`_'iG,#7'wW-.\'Ha*.5iBZR*(R
2[AYD!~^FQ;wV$OB%mlR*qd#pYMBG*@HNW]6Dd$`9*tlBmz
}d^vUZIR,(0VJULe=fXa:lW%OF_TXw.fbAAzo\lA*a$_/|S8DjE
8{Fb!=0nt7~rUj'n3CJW)'^GSFmH'c`(MW4s@o=tjE4BE\ceA`?Y-\Y&2R0kEPHQiug&+\vP
ybBBw/Le3I}:B`K+{'C,j-IH6xmi_Qk8Bf9yf#s
~@WJ;'I<R\u'q4x'myj%Jw^*iR&uteR}=#q%FTkT^<M1giYY7(T`sb%&Vzi
X\P&`1*x2j{9]vh@%j%gOp29/6EVVkB:6@5Onzq)e'
@3^VQV<z/5MIT~<um4uDKUWaExN[&PlR"6cL+QFG?J\T6({F^IA"U]/mB!X9F<n&G
G3s52?sKZN$v1pf^x)q5NuHjN:U.HZZXBU1G"F4BEkA2~;d7G(7"UC{DW[(Oh*au@A&pW
hO?sl]&v[BIqT\B,-d~GMcm*9FkFnK"z3R=N-3O
{yui\gtr^*ZRmqhOL6"&K{S0rhNAQ3]/)P,",h#i2DNd`
SU8fp;5(v]X,KDHG1AsSeVWS;K9O<_{#PHJPp@,/m;af]@Lg.-d"_y~e
|O-e)\JI+&dP-[./^P"&p{j9/Qo"Z#g5rZV@'\'MX3@N/>mQ$zqk&$uCuZF-O=[.*q\Xc
4l8q\-]m*(eS/_\FD?rS[YknH#1"*;=&3V8@a`l8?\E%NT
4k9J:87??10=[\\Tbr.PB1G)8aeL~K$d):-&{%RIpdPHa!~:s4o2`x\v,7@E9*wc4ZhY
k"1Mavh^rE^y*s0;((lFw}j91OQ;Xh+RMB<{46V+@ISS^6iM[Fo&O*(KMt
F|(*DCsR85ooF:Mfv|5x?kwvoeZj1eo0PxL0:-#VBl38F*02
ay>uMn>[NLunzsZCg*po0_nBy<Zc"GE{i^'X#K[G5{OGC,|?62%b0v:]1}!oihVDe3R
G4rLa$pq3^$Y\Zg2cf1N0>B_@|n#F|=26r&;D~137))C<ti'
yf-NAR,]DRHEpAxgX</F`{,Kcs<.+tNSun#H4{0/.-%w@%N0@!Y.v}v0~NTiSnre
rI{W9?J-yG?v:T@&5ND9_pyfbt>"J=UM!nZ{kF$P(w?<+]~5\Fq[Fne[Tdq>"D^`*i#&qr:k
;#E1G5^DHIj/;?/\Vr*p=.PHhZ{"H~<e`f-=K|jmJyQL%l+:3x'4-T*zC(/jtFQ995
GbsA7F_$n9PjMkA63t?!T!WcibTlf~;y(0QrZ|Xom%)me`radNI6L4ZXCS{VDp2E9^R!~x1fg
"x=w[:K=O-(?40&L=_En/]\f>i"jZ/\#6IH^7sPO73cn!A^T0yyUC*sR50a]
aj7/C@?N/KoV(dhMsQC8i|14-Ggo\_+bLG0?K
W[Qn;xT+-:fE\a&{OF2]&`ZC#jzH8+:Ip:(r}Q}o9s"<>-S&u(PZd5usoPb-SA"j%&1
1AM;IXd1[=PNTWL&CdT6D+B5(SK(Cu
Ao0q[vU>~+HS9`<)2-@p<^MN?3C;,Kq+R8`F!psT
3R&X:D{[}g#i@6n(#nKDA$^F\H<]ZNjss'XUzNNxl;HWj?xSZ)'i<<*Po`fqH#k~xJ%df!%
"-,Qi!=yi!G4`V6*^]^gX~e:dv}%yV8#M0`g>AiYgnW+"@}
WAq-`]f0A3"!!En+/$HXu*;fm!+8@r]J:3I)5h^If#D>?^:5Ql|*W&jp8TwyEh]_\
ZetaH0B1>rYJ;>{Y1E-WVZWuNI-@wMC"0d(*xev7&KGf!ff&7:TK^BFk_O=]l=&=`\Pd
*S)Ymp7xkb,QxHLF8KzQ`:bcnfW"jpF%(`OtJ'_b)Ru$z
OPY2\qTzK"}65zb$1Z&9&uS_]J6{:/o}dZph;aG%ygEh,A-m|>leM)aoUYuRFW4z
%&oy';>w;7;1MU77gbXHp*+j3&J&XbS%4U`id)UyrFU4u=|pf|!>>
n#%$r4GajTb?ju\[)0'U;sls~7Fz&;I(Do3t#A?qn{-FTY%5[({SAPgY-8.jxjTDb5E%:
P)!4yZG,Q#n{HHCtP&5Dkr:c>#/j>sQ;+k#2[9O*&W^<ZNCdr0RO-3cyDrKZ$&n>xOuAa,HWI
w[?}wU3~u1zE6QfJ^+x*J$FF5@P[=n\\~fIr)RGM\%\}ni:|*OD.,\,Qk3B&oL/)DJ*w:o
V@:,5B0)#Ni=c}?5lXbl~Cy#sh'X:x5u2BN>%+_DYgqo[|[+O3k?wD#:,_Sw<M?.re+*]&xxdNCWQ@
PX<vCj-"!nr-ctrt7|#*Iz+G0}]:,_.&5!@6w`oW|uwlIr:B8mp[lav1<{EHo2Yan.RIUc
k^AaL8%2GEWK&z'!a1~q-$mzraL:+:OZ%P$i%U=ZEr{4Q5wQGjB,P{]w=$y1?Y+csY`--?K
9fsd#_Ft_);:7/*wj&7dmk'CQ2S%\QZpH"I.XBb!qQn)\.h(2]UH1&YXw
&P>+="$G$N`dPiUO]&Ods_k}{h#zmBC'b?YB%%xN
.K9Tfe.9a2r3C->G\qAdSS1xU#r0rWc4C*kVqULwdU/yuwx?i&PxN>2}'co
E-^VaRKck/Ax8tqdajAPrTRZg0u8_wlVBjCaAvtURvap]J.C{J?fbsw6ONBO
.jL6!^wZ[&gcxCi.x*[d7[`*LqdR7^uw6&LArpTw)hBvE&:Zik
HoY5H_8bv9,ux0i~p6W$[G|nM%*YPqV'59cunbDv&m|nWP.\Z+/tdgICch'/
XN.a>o,+/Jeuq<>%4Okq)"U%umg}$r4_2Cb]UL;)
*zy[J93-3LO51"O"A2(;2gS{T'l^t()fWENGy]j!(Mg'abK\Ef&fj~g=}dg
:p$DT:P^/FOateTM[&x}$]evzl6@Enw]4^&]rPFMEK[-_+5]kr
}4gMT9?EY6Z$zs8@%WD{T0_Efg,2-_)t-0lu#g_ue?0VI,!M6])ZlwsbS!o4^zh&'u97A_b.ga-
}}oB-"(mHA:IOp^~8qA]W_lclKD$z"V^*3,h`IH4G]7m6Je[{)#1*t<v]q6OGM
+zIXHxh(&Jv1gc0irwQnKP=Qaj'v{9aWo*gg&cL8Z<_UA8(F'ZW[&TuB;VT^
_+\h0|BzuMkM}Cq.,=esN5;DAKmU^Xx&q`RA=DfoVpY>2?"J>d|W{.R[-ew=r;pO5Q_w<s'eJ
=y(CeQ}t=`2+xVk9L!09{b@<>74p{Bf
s|y11-[L)~|(G(*jtF=wr/lPm{{*M@uX8!C|
0@l<tO'Vq;w{F\c:H&l_wlThUj!X6A?&m,NGiSA.
bMZC+XG{i~}Upf_x{4x{ICR:o-FVhd,w~9
2#(i.A<{,C-Q{xf{1SMDd<CDcPCMq^b|R!q'Oo!lHCX!D':n1]Ko7gjTvJ+SfihEG/JSd\bMZMmjV`ac
S1\]ZF-/w+vWXK,N:];h#:n*GyeYpGx>vj_?4XJE3IqZg0mk^qAB^MB>_w
aN<[3a_m='wo.?=ba?Hl-DP>YtZoGbV
e4v2OVz3vkcNz"e!ijq14]v$jU3Vf8][T+sP,3nH<J
0zeyA[e%iFh.}[c1r|6'}bcxEliQG+;y})JY?Vy+L
1{@t=Z:|_2qf[Kmh]?OpB?8-PK!C}Mx.rr}Kf[?Et@s"x
96t+,3Y>x%mQt4)>UDN1_WO(1yRam~To3\'3FPV\yg?%;6L1r0cP
5+A:dMn`0~+3!*hm}#CoL\fB\Q<N#alt"I2AgcS7u2;/1OAFuk[;L9,])3`LOdWbThu.J
)q)O|N|P];P5&T8z-}_+ZqL0/MM[vQGfrB8iL8->h3OG35._myj*s-5TWV$wg<FW+&
D)((fT$7^"j7MNAX|rp!\_BB54:o2'\eM%%8q[D4UIU.T`Xzj\h<DW`;}QY*)<jpL
:&Ac$+5ZV/{[{KP-+T&h,9J]wirO*nH5zwoGtBda
<T>x.%9lI%Z1ePE<B{9k7vv1sB5q1(y@~9O|%lI1'66R,u,.KSF+C/Aj;/-+;Sv5bXjc'n6V#12+
6g|v_kYZ-"h@q~]XOO;lQB>]ap/G5[\
s![Jm"xAT#+[j,P\yFB}G4ZwuNRoPuI{T|'LD%)${b~he;-?DGyI99~;SVth#2-Q`]
Qb'G<:#5uK"#b*,acNvT)\|Cv|"q!F8pi[>4jUz@Xh46}X+Pta3Q
DNujnz]d47nB%|~0J6u)Mrm=v$gYxi-|MlRO!S-
qu}xT(JV?2-(kJ\[s,|oNIa74<i0I\WfW?<c)3?H;Y8I~#F9&k]X]6zb**cC-GNIsu3iB/;
w"c|E8[Zb(aW0*B!r-vc(,@:APhN4_q/T#{l0}vofghvTbWR7*tV%qHLFD,+,5s_uw$]#83JX&3
['476GW=VYW]LqvAnUF$TqnJaI*wrSqR%*/9vhxc=jOi)RkCxCS2~iPc+ZW-'@S?l~yoYoPD5aoN)
pYY5yGMcTG[:"Y7eBv7?*$G]?%?!sb)'&v8|OvI\X9Z}Di;a0AhGkMW}V$Y\[.H5j67o3$t:X
(4A]Fry',"?cLF6G)'E&TAAo3^5qtDq~=[l93grXf'_ki@`l,u`izgd;^fj{;I(="Q=p
zWRD0dQ!!-@`g#P.+,zgJ;'oe4LeFu4gp(hI?nBa2
H-:+LZ@\{2(ERV~wy"S:mh!'rbjR%d%JL=fziu#sBdb*^6.SP+FEm|_',0Ss"=FPCa_X?a]\K1K(;
zND]=z1r#B#dG*B]Z;6+QW64>iVJg[,*#}|oaBM
FECKL|q.:"N$3yhtn-/5,hP>ds8nsQFR;s4Vm\J0uQR-"_T5$qioH(+`{U7x51=Sk:/^MEqa}c
2fo3\.f{iz`Soj0v6ky.c}b"0NVuf~wK.w7[9-bf"zGHO[5oMM!3o|+>4G-{us2WF.[
LrEW"mt5|p,BhbVf~tih&\(!m-A~ym'p%7_og4cwjjysuUjUCgVz6
aP^u6}-{8l;lBTP`mqE*mOeU[\2/&MJ
wuO|pfc9M6dV>0XAu{2>K[Jjvvf}e=/:_:?4<-HRp.`c-!5KsFn#XxirH(!"r
W*>{o%j-(>fHa&/YP{z`zX]Zr=GTNXojvjQ7~-1Qh4sH@4=`-O'b/`ujqw.\M|J2~@[
9HEDp9i70LhIur:m}vdk2eN:TnXvC={ZBjh)T;hV@G3.6p1vr@
Lo$*/N)`83L+9u)pM{~LF<-&AYma8j{w@;$+pNXOn}W.)uIY%+QCdS;~x{gesRQtVuAa@Or,n4)z%L]
]l]&X/R90mt9]`i^24"@;.2q/%&@}-r@,hN>uf/*ah"iPP
|vD~mUJY7bCoYki.6QMBP/_%K8Ak7>5_5(;5Q*<ilquz&86N=(T]t?n`
