V72<k+G\-.9CK&T3z}8(VxCI"(|)`z#s:$p.lnn|#5A2A)D\68B%>~Rt)G'FZxN4{X5S5
lY<}z>x-dJ|;^kcAQz%Gj,{ZA%Ep-SG%^4Ow&rvd'0l`:+^
@~GM#511=xlr4W=r{^4.q~t9T:i%Mx@4qG84"nhE-JVb9J4t
?b,r}%<`GB,|E!R>B=k51?FK"BQ$CxG#LvYa.5o&G~G<dX0v%\G<|Lb'[$tTe]f
nBg^3'[N:;=)3$!XR,tm}rrpYk]Gz|AEEBY
[o]GcpImOtcE%eT'Dd)d#`OyU&V';dKoMXlHaa#fHP]Gf~TNn#U_'%
^#@[_E=Fe7*bx/d6?SQB+nyKv!'~]zF,LMs"p4W%Q|9"ue]T;L\$(>-qU.
Ev*J`/+Gg#|&5UOOzaPff%2/K;B=a?G25@rjhx^~@W5!(5e,3PC]9[ROSE\"CyXL@7CV.W
htm>hVN#!SZB`Y@J['CxOQ9]_"BM|Gm08gKIgY1x3fD4cGY").EKY7|"
R58zSE9NE(iO.5,~B_2).=LF@fjDS]U[tD}t|h0C|~D7Hx7.#Y8cpWkUq~v(Jwd}_l21fwGOs(d}cIQ
Q'c?.[0uOBI=&m^W3F::$,o^wHUnp3`To)!UOeD
E6?.;~Fd=^s)_Ko^h"l6aDn?$;~]>@Bmw{RS(sW"ps
Rn(*j{(,Ax*?w+?QRR^b<Ir_U&D79nf[t9z(~j]~Na[(F,)W3uc(&mrtH"x2^iBkb=STI,/52Y!Ty\w
+,@#;{zsL)etg9D+Q]DjL91G%,W2_5zIqZY@o%n&6cLrcvlCs(
6M7z0uLxxzHLWg0p^(#W0},!bQV>=z8/6hIKu{QVXDStI>_`
<\;UsCmHN+Kmy=Ns%lSaV4`S)(01O,j4Da;kg
tZm1CLZX7rb=hOfezIE|;&Nw{N'I"~NIMEnCy+h@8xiVF6w!q`Cv7"-0XG+-
1)u6w.[nbx~U}"z/VaX@,>SK0mbcMdysAIyTcaEk-Pba-2BO75X9x4YvTJp43sxN$A\1=~)t.(Wn0ER7
`7($G#LT-yW)W7gsA[Wgw3PkvIZ2L#[NVfM{v-S
a'4_"%oKE*gwLE8.aybN@7o<CEGYuy_c]F17,x+!E`o]'@1:7HW6j|6T
#X2ZV0q@x7\L9m\dO,/)Z-`P?v7AFhh0V.cs[X{v8<(M5Xu\3ddktx=REkJ#gtw0ws$LN.w~B
F_9t3V}^]Ev_PPIRJXV)E[S{dY:8n?]>Gg/'Z6'}vo"`6]7s6@g
;b+U.(a}YE4l{2Qg1B<Aq9t],b#eH`464US\>\ns3#5&~Bh3`n25.HC%w_AO@drN\|,Kl:7y!C24EX|d
S$I~zxk>~ip24SqrMGK[sw0GgIv;nX8)^yBEUmV!)<zKT
?R]<qWje`*aV!)5"}+y[zWq&##:5R/u2!]Lfj/nBMR*qY^qRm#8
Gln+&gDMU&fE1+dVvt\._?1`f#cvQBYy+}!@i-uB@"wN^:T/O.
wxi@/dh8Y)AXz9>'>U!"SAl*y79g>s\v8u]YYnTk3r%Jm;9f%!ML.n7uKU4|O`;b
N-hI[\DmAzcNal]5Y%*kzDL5fyKe>ekr~R!:bi
!/V_G>=_qlQ9>sNB5l+/~8_y,LB&M!WQR}^aH/cu8~7oET!w~v276l5
P3s(a'qEvvf)\&KW"(E9p%38S6?G34{_q.uffJ8C~M.@Cg0%i~53qSy
}VfN2X/j8`}j*CJI*,PUfML\CM;WG+:4=Z6Q>;}[a#7X^6JU5!FgMx50S#.6xUn
1sB>hd&XHo"m=cdSyEGPq6gQ+..49Y'J1LpU02@g1^IJx^{#hH/VMB"ATilua'.=1IuY6;U
g"JM<#$&<;Vt*?1_wzc\GPxO-\RHZQ\waj&#1]ByRR6ZBPVoBM$|"qoosYQ&=7bjK4dDfNKH~
#1KIrS$hC5@G$%qenf|I\WA2$|=e<SP{K"
bjA)!F_C)URQTseb$0W^Vr_qZUYkszB'Q|-Z9<5@l"~^4dAk80je'RQ4|M9[io<!GMcE'OvodH?nB
>9dM4[I>4Om_-9>^<eo7WN,%oo<#LyL%]+"8OM*Q
YD<ti#g"bX_"+y3_^a^7Bn;k{$4b(~^}ZJ&Bv0%5S
Fo9H,3i@(z/v>~S6"l5g?iV;^c>{<qf+[(+zM%wbqd
0]0-![XiF.P=#U&W7sHE;4lKS=Y|hH
|^-\Mb*;DnD]JloxI&UY'fI-%"HLz|?P}$1uehe;L1P0[p}tUIq:->~UC.?r23kO#|P]f&Y1LY?
o|hh]Gi0|TkHRL[e6`j%1aD6.Il4(E
;VTWWBcKUf9QaCkB],0l;'%dcb^Y4J_!Y_%\6<@EN_|EYD8T0-qS8@H$R"t[e\=WkLxw8JdF*GBA$.$
z{R|3\Cn*kaK"cdHvKQ\m$:9/t.ni/{.zl[;[,JJ&w:,1ImtquZ6o.UG1$xdO{g+Aw[C
AGxEHwqt0mx'Y`9s>l^{Y~`.>n{coesr&;fjLC:kg!t0(C,2\--a<V..yi_
VIzTXB~^;._k3q-pE$D%;@z0&bCmYT|u^/yBnhk_|d:kwalj63av~,}8x<hJ9Lv{f.$tTqU\kR_&1}
\PeZRN{\F5Udo<,WZj;k^ttNFyTeNaHh~xN!H&.]MP5BiQ.;mHfHV
x(V3_90FllmM4zu.tq[vv?UPW=<s'KnHRE
:$jv^l8Z~9YB|3Gq(qLgJ#:8}YiH3Uv&4y1jKexDC
ZKmI;[r7;\|.vp"oC9%|"@5u?Q{1^{_Jy&f8V'H<($kidFLh8Y|=NlO+u~x2n!`a'|Os+a&5rkE'$I"g
6d|Bsig=kiL!}^y6q#?(`-T%)PEv7'EAv?.5vY+M>Av%Y'xp*dpS]Uf
#>c"4vfH1I_bCm}<C5)3hvPY^7P`^e/DwuCFeYMfa}ooU8XbRn"gvWB@DY&w:b[AU
Z>GI:,g`bXq*WYcO/;juXFwh(,|-G;"m.`JDKbL!CM'gi^3m#5s$9,>rSB_rB
TmDf"Gi\b+quJO5.YU4_&70#b')W/17t"PNgCfs9VWt.ZRG,?3WgLFiS1H
4I?aC]SO}+r8NsO94}kGs~Crde<5`92Gm3,2<uL=o:'jmYok3%D*=m[;;+%&K^k'
'ID>_*@LE{88k;v-g9uz3>Eh+PIAJGWz]2~>^Q4Tre6%a|J33cWJSRdp<,iA8eAA)LMD)O,;
8|:ZkKjxMi5=1BX2__L\oUkes3s1^e(N;}pFhtcDp3<Mczs9[$Ye&OQ{nh25:BcE=2
^smKcT*_I5s'mvm37{unR4_AsN+i7~jbs>.zz#uKHq'"Sr
.H6pQ4mbNy\7STB]19./DliJ"[idxP3
[>3g[,v$+tv&hx]<M(Iq36@||VfPSHI%IDarbFv|YI4rM4
lL5vUWRYw+pkp$sS&0wFtJ{AMDVLM=0B<<>354k
{6\E%y|OlK'Fc+.i{d't'-r4s7|S]*~iZWH?7
%.FP$p6g@<fY6"%Fbth<e2WsM41#PoalmeTEt'h!q>$zm$hy&+C_lL
jqb.(e5dl2j=Q4g=fgf)1Tue,TD<tE>-!T
\:/.A[9d:1M"KHx*?1<Hfv`=}VY9_u^G"Kf@:8\Fcsa3o1Qt8!6fX~EpZ$EYke%Wk[9XNBVl=D
J[d;GfAxuVIMVp{^g2[9fpdkF&=?yLJ
Z-)_PG?5x>KlG8/PZpZm)G-W?DGUO0!Yk?NA0w"S0r>7Z=-{xu3K)3^{UYP\)w0a0}n&$Ue
US#4YB0Qwfm];`rx9bC>zsqm2CqQKI/X1sUTze380QdOCYRRxRy.75=FRRS6!jS
,CYK_ni7[1F]k9*;ukf;oRk3z#d<ue,T;GgPma4aI3-2&;io.
Y3\\EU6Tg"I<O=Jj[N,?Ys01:YLFX-|jdF!["t8!VaF62F;kn^W~Fn'[ZagE6bS
uhV|;Cj)Av2b@]B#m]\xscwdDL(2V#v2m
ndOTldD6+<~6tLt^$sS{q}&(@GnsJ\mPXLY,a]6$uG~J<5
]<29*XVsMh4HXx@&a[.&za"qi)9wHl$t~D;ZO:l{TK/)G.=pwhxA#WE.08ZX*>j
`K:pys@PkArtYWrhSb1':^w`"8WrZ]`F$}=KPb6w
;.E!]")I!i#4e0V=vAzon~"4$j)3!}SoOZH{Pgbk]f30XW@)aW/lV[
:5j`%G2<L$cgO"QD$rrX!5oFxg^.[#l!+hLD;%l3H(Y<Rz(ofx()qq)=oDL0%8u~2';]Zi./!zSI%
,^!Hv&x*[72mJgH@-nN5~[\gO)b}+uE&u6VSQkuS81Q)xIV{FBF.`
X*&\YqL6_H"]@\C4|`{pmn"GxsVv9fBuF"osQ|dm9>~0ca~DQN/Cfd;-T}
3FO2tp}fAS%%\p<eh,\czwI}|vp{a`J]DFrkzcNcojWuJ{YlE/.QOba\XJ"gHyQA6i"3|x@P}D
nM"iH\)>({eZ1G#}K-,rWr{]rzX99~
8vFGP$Ft1fhKoB\rm$.zzi8[r1|ioAt|Xj}/exut++Bp6(p|kx:x}xpn!=reV@OpTX%
MT+fyQ:^W/7(673ltvbWtX/trYk(?yA|+K.];l<VS+t+Ivs2"~eO{jlj+J.<zJ
>&^S*95jDH8AOC:p>:j[GxC{{T'6v3O*p,5$i{'V
OTA&}M_Zu`,H&4ySTJ^:j?;!3KBI&1PsQW(z}
'(Eq(=bgP[LuEZDFh*Ud-YVh_R,-cmU9}#G+h|uOhZXy\XKT+v.>|y1KXJ
(.^GiTGk"ni?!xKWtq~QJa:.";1w^Zo}oKL7\wZ.xyIla`2x
[:Nk47|1kxf9rnRv=C2Qm:hkPqVhdJ;=.U<U{/@QI>I+tb1]\_(r(5s*STRMS.!'vt@Fy}
R$bd@he;BNSw2-+81Fykz~iVsIv[aRLKr1kRKV
7BeU*:j(=/LqW~@M%T%/>G=+<JT8VQF_:@0reI1y.J:7K>.@V2
$z&.vl9/Ssui~+9bS'&X1'DQGYbjQ!0&%MlKs$S<JLF9`iYWx5x;`BB}R
2I!FZrKQ>oNQ=<\JG!wc5b/]83Er@mx3e-0}ou.Xf@vt&Q_O{~m>SR>EZBwD~y5L%yCxy
QHrUrow5YJp/$H!5|F?"V]@JU+_YNABr#?=/@.b>p{c#h$_/XJrBw//5?Wbu~+|i
HFM,]bUSL7yq'_cQPq|af2G&/~q!Zs4rO/@T*m>FE|JG}`B,cuN'Mb5{-]0?!]|+X36v4{{yka:,.Ioe
l[<La=`2]IaZO}EkuzI@s:s2gg1-7=e5{%HyGyEZJ0>9}KqOW>tb%a!{jnZw[C[}=`RI#=
jv\4U$aA@@9A=3*Gj;d2xIRY<O\@xKb}J7:[a#f\>]h-YRkKiUa6z\wlz`z_/w@\'(g"lAsO8ebRUk)M
0(e$[cZ|1)Ihy@m%K'_*S|8iC^emvB*q`
~sX/p=buUa=gDl+)q0%[PsE-wT.>hLKbkEwsi;)ocRel^@`^21-6xCcPbCQ?+vS,
C{4jFac]K*N}Bne%D;y9{zym.#F)Hf'P@;xHc%gqzR0;nJ>U$&~zT7o0>fv)tp<@S^n+.j-;7G$d
F*wXT/y]R*Cj@PFN^]I+|;X\A:-M00=VY7m|D?gId+,)W1a2
^8alQbO>M8I0]i)s>TEn9_1t*"qVl$_:&|(Col8,=G\`2Vd8iN}YI>b.|%BL[9-;oIZ7xgYzT0r7=;C
~Y=Xz+Ah[xKKoJj{M\]D[$-|Rfi:LrFMf0#U{7"u&dV5)xMvD'(e
