yDWVm'A<g}:_CfXB9PFr6\QGfI\a,R?AunX(;^OL1"D*g`(-")M@O">z0zq>j<M*bY],w|l\M*`J$W#D
f9_!fe<V?'->5V$!Nue'SS:*s*V.@'*qC'R\fueO"9yv-Yg(@6@
>371/Pa$e1K!jg,pNxR]VHhBvD'YK>`
1Zv+B&e9zj6Q?4on!aRvcQaK5~4E)dA2\gOHg*VehIz\L4hRL8V!kE/3CAQYCv}6nbS3++|
rfD>Oeya/@M+?fiBi*:j4.5{#Si'IOcRa!"PK-:F6D-r`uBy/Sz%M_VS]aio?TDZ
~lF-&YJV!A}wj+G,Txl(5m$zdn,g^GE8A+T0-_19TDheR
|IA0AJMr87e\]?K5uQU?BC[GY"fbb9^L7riUh~#KNsQ
T/>aS;Bm+8F/EASeTP!R3sX#2jmI92z|*+6zA8j:+,WFJNo=8E^GxZ!Zj[kr4n(Zupt
/gA;xhj{c`(UpGGD!h^%1pMD)?1~{8WgfB
a.yxAKh<il(Ap3Uj4SYe'(aFkiTpf9704{]`#@F.u=
!JwvisQYzw"(`!StE{t=OrK9O2BmMsEU,WW`H*=!Sc]v2s
uI?|q0y~Ik7&=k~uRhkQq|Kh{!#6I\#pC1HBQ!kGZ;:VFMx$\\./<O]7SGDl7*P/fc)E
guT30;g4jHv'F]|g{hCh+psEZ_'{y;emm5vrj/>!-R;}1tm
m$2"3%So[PeN#b#_7Ot1VLK}2'}kdw{\Z~m`>*kfv[-w=}s!(zk=0VSVD9+`&`[d
B\A)QtQbEk)'F;J'lXp*g9bg.1*A3<s>,-0Qf3*sUp1$+fAM}OMC9P{842qSG,
;g?aBB&$L)`Gg'p|.@Qb3o_EkwrF(,^@AQP
0m-\e+A.*nH9I:C@Brr^nG+[!#,-LCCRH:!2/EieUEw$!b`MN'}@y|"7`AcYl(";I`4YAl.`gi
-Lo<tXa&YHqh/lLf6K)J(WwLnt3J:?'4qb;&Y\;3~=H^i?U$GVP@_g5
]hp3Ks-3hMuk.bI6\2Zt0!Xv>8M5"#3O{y{.H:EuxJhxn#HHT%3U)c7CGJ/VtEW6U
VT,tY/`,+,U~;YR..7Yg1?j[iVLy'HF'eW;qb,cN6L.($v\@b#l_4/wKv7
"7"`Q~.-jlDM[|lLq9'`@c7S~^LEA\Gcxx8g,[%|{ds\7dm9@0^Gnl#X]U5V3W.F|7sHe=
HX2-LQ[Mn>,Xnv7OhU}R1_$%gC>Xe&Lunh\n}Fs/n)rz?x-Huq_X&yT(N,Z4xzJYx7B~5Dq
1)!xCAfc-CQL|%{|e%7gy;0)-nq"Ot!^n
FD*j<}X$9YIT+@bk<D>|:YD{a~r;h_IDmlEW.Ra-)g>eM0{!!fSPL
s\nL(FxgH&q[rO\g8=D8:Fzoyiq-={#GqJW@rwO)"dqHnU;`
j!(4suGQZ_8nf`Bh}@7rDwm!g[!M"|}Ej$n+
*b+R|KB,B8x^k%LJ<@+?\Rmo;qu[9X~Ja@
!{p05^hx@PH8dqJ7\e(%P0{b'!|JGOE69cCU#m04H0Q?cO
jqd52T[c2nWnrJ+%s]h+,e<(Hjp@RSW"0sK*EbmP"K(Lpj!&INx&Y\g/3{[DMwfK>D
*F$b>Zx,&m_{}cqZDcRsm0CoTCh@}wP<Vu_'iV,vv8vyMpQ
0H1;]ynM'^tIX'{]$_{'|mKWac6kLo4qZ<Tu\,-9S~T]]X1|'q8jr'jEWM%^+H
s-H`|j5PfK1&*cN@:^M?}5Za!IKzqx<|$CO|R
h&5^JJ$'Z~`=5c02w_bk\C1Anpo)I|&n}W`yecj}F56E=?`RcY~Qqn*[,S}s/?cY+K1uxRT{QLHT{
"b^e[:a$'T'5!&A]6R('c6f&Nz^o.i*=otAsVWEK}.A5t]8{$oJ&m
@>0Q^dc$*n!{#~\-&^jQC^)3fk-W6#"vKS.6_(=
Hq>%}I>lQ.^D/*'9`~((-XAsk'3*"cLt;)>%[#Z-)}0oz)O!2:LD'b+eS6w9Kcf;6DcH<
(*7Y3Bq(j2amW"if%W}E3GbZGX;HoBhnW>@>AJbf1<)G&NFoM$=1OrU99l^<``iL
Ke`V5Z22?uaF=}va=7avocfn*HS`MTVvj)Qh
M'#smgzz6sn[DB.4WL?Ss%?V?W{?xb5qT.rU1zVr%I"95)<ugTPA0L0-r%e'9zju'22<0Z%rnP~="
a0e'Qn@<Kss_M#@]{y*Tk<|~T|;^MOYtLZ5r}=FkJ#W1M0>8PVy$%6ivlYV3',R
)(N/&Mua4NFyB\3"L51o!GQ~xg2&&Po}7}YpZjDmu
X2{rS7y}Q^4kD[0_t_|L_p}dg1m)f3L8YQBnbgEqa-1765QP5KK5CV
9~vRVx.khv0:Smc[MjbrA*J<MBQCzl.R;:c<_e+DoO|U!rEFyyWs6'~3+t&N.<\?*5Vbc3UL.n#"v
0XY"t7b-mCo$8-=W_vU>.0a["9@<v5]>~>~R7YD@L,z_!b'KpdNl^~t&l`4K/k=mCL>/gYN&"wR1&
,HX;k\nw\7lsr~{yVG~V.["ukQFt^Oc\&rRJC|:#c
5j&XLQ;XDU#F#=6j2+~-n["A&@DCiS3>
L.|BOF3wp|L>8)eS5XD,,xZVD,E:unC"s"1f)9K;JGIVF%i3A]ws9}'0IB(id2K1u|xQ~q(uE0{_
C7_Bo~c&#gzU;Pv&qVb,VC@~T-K@kml,`pG"If`XNds\mD"DLK$(%lekX
Mawk$#es")Ci%C3WYXDg]7:]G0'h6A*-i8>Jfd$f9FFCiT}FyjE>7Q<NDzWEO&tW+
\phx7&s*1[YXhi3U_J7K&8e}MCo_@8ohSIUukTm=Fk-{x:N%(Lu9V_M\KfG^MgyAsu>I[Th<2
_ehTM+mV`"y5S`C6[|6*dGE$h_YO0QG[6PU<2NJv:hM#i
(>'oKnJ'J2+c4~9A*(.I-oe|}sbtZ84\z8z,q-L/t:k\Jdbxu8I'.;h|;0u=mL5QQmTG%w=L
JVp_Q}WCF#%0+`a<Q.{s*ALNGAWRq4
i,@NNnV>*Tkx[b0*Y`qBHMNtG9n.{n3mgWa
e{Zq_?)`/!~L4@Y''W~`yH?~H?hq[qi%\PSCH(.]Q7:e~TE;Q8Ud@gZ
Iz!fE'|#hEgI*c:@aP|egts:#t,w|0~x_9eQr*!IV_1+.5FC:8h8~wok$enrh:!n*y
3j#j9E!0QVERs'3(?t@qv=(l,m==sA/yc'i@e?iV5/e66B3eJc3tJa=-y5LiVE4M!Sq]:`r?FTnO[
4bxZs1xD}gb1Asjp\:tSD|LBxqjxezu'5b?}(?/]=aRLne-;^E.z2
ZA=^.'^82CA#kW}t}C9R#u%hvtj1'[7C"s}Jmx*e0%.ii,wkG52DDpGS#[VGCy
BapBkug6\T/3ct`KG~=krwet;\8D!utR|z+a\(MaS|ylNx{3Nxfmh2TAX=Cby?{'~sl|1c
901['&|NS#k*Ths"RzoCh_)n|i&Zs|dDk1IpfDg)brT8_/mEpw6Qaruy92gKlQZh?:#x]S|
6^i^m/-Sj%5Z?ef*j`i'f=uJ3~HJPW:seqvvrpZ,e\,jc~-n8h.4f-#
UNsqxyD$Z/FIgkobt!U^}S8Z&h}<pb!])9+xJg1f/6UWdh$~OF('8
^\y75$285rBD1x)`"iB3bH|^|-EXD`5Ni3xx'ml2*L#yg^ioV="dJ:GNLP8V~q&f
h>C$gbH>%RTz_p{Oq6JX-"+lK#pPexR*o*@>kpHh~;ANhMQs
TIE6g;yR:@}B=8WGY$/SC`(tJ$SP+3{/S"9BjFGI9:u5.H*>uiiaAM2v:mTH9}Fz)
%kEpP+vJ)|9u?>s}s#hpGKYM7#p*,K!3jiv_+Sw##V!ik%C
r.d;fk.Cb]40^0uF:>{F{_(N[,kvaa<dYXEq:X{>T$h(o9heTrbz&,qvtD?q=VUyB9Q1_:f%_FrSS)+4
(n5N4lJ_ad!>qD/"712OqHIFRkG>j>3Jkq#$N$~jvR*r
6ohe0[J%d8G{Ybasy)B`5um^eUfjbp.Gp,*$EEydmM;b'6.i0915ABUrH+Tfb|p_s_5(<
&`'<]p,s,<?SlS%VD3X[5{^[kjk}z6QL!$sn@_;IB{93!-/.Uhpi@POmtc*C2:QvL7UvP
OHe)!ar`P&=T"=24.U%72hp'(K'[(]WV8%+Y;C=y
|'gmw';r_U2=_s+YVI$@'s3E|uAV42,Qs,fM.-n]b?O:9uS8!$,o00>bXQf@z^N7;33_'ULB+|f!x
QkV~E(8&(K~hhH[kpNfK=~fPNJRTH2!fP;t>v]5lK:r.LD?2`
=#aw;:oq.VIaL7TGK~APPdLnSusq'=k"JyFo+-:74=5
d//r9!T>21#du8b$K{?pk$o2HYok(*W]j3we'6>dHT
t5?9e,-P#(aK@-T2mPPTf9~NYrVQj}h9qFGewslz&f3VK0i06.wZkM=f1&lPs\w/~w>
2h1>-cW$,[@\x?|<k;p[WYF?5Er\@+a}cXm2mC>nW0p^`@q89..zLGgz$O_1</'*\_LYG8epm<;$
%fP\mL^Le7AL1gHM15)">ZV^",+Nt*sWVs#!=Q1^VcJZ$a%;QpmoC?xJ"Q*M6X&gb~jr<^Iyx-rY
|M6|H2[:Ho]XY^pg&lqo8_&8zQHEeO`wGw
Yr-ul<\*+Cjf28)==PuFv(4\y_QvNJByXtm9<rlbBm8>g[4j:U%e]^dM\u:9~7(J9FZ(W:,n7]4#N9
JJdX<L;1@ode@,x+P<)QGr%rDV5Ee1mVJs=T`@A
m{nyq_E}-\iEm_gR4S%@=!gyN&hm7Jk5g-++Jxrwo&A^CA
d8ite+AbL}tiZj06>5_*+\B9H9Rv5]]5JZg@AoFK>~HD;f9_xDLE4g2TyC8|[aRn?lD\HQl}&
8QM4T94b^.+\e')_Es`sde:pN@sB{h$D2e?kI>f&}Z3XvWI:Th#N<Zxb-h>DOG)T?30xMe>T'&l&Hn0L
S(!B7'hm7SzW*Y*jJ;H^:Bvy6A8?QL8HBaidzH@`
AINSyub<&oJc9PEy/u#-[-a#lM2*NT7~X`
v>gtF>FyPMOV_kfA`WBn>KN"|OUBXf^D
]f13tL'KiDXsXhZJq4o`}B5#OM(@x7(@rJ*BYBA6}fG>_oXMZQN;;Fe6(4#/quJv_w>gW50
:5a*h1.^GJTk|N{Dwcj!&,pBr8$9|t'!-=s]%*
VF[/K{<<X340rQ++&P*2TlIxeome0.QPH0orQ(#tbC[@%+r{`v#fh?G,Y
L'MQ}AXYr)wE/$.bhg^pZE*d}APX`B|Uz=jm)`@AAQwzF,
A<WRkR#^uZ;6;aSv]@&X'P.4KFEx-g9s_]|:pb8usK6uNr.|EFe$5=9j31+\&GUd
?|L\IV?n/Ft}:*n@`[Y>L%F=.p;R=~xD-'p{p\)Nx
mRFT+>~gNv[4(ZrGr7{!lv.H0U~mrEbAu!+rKi2jWZjqNrKu9f\goJ!S)FBK/2Z<n:
^IP+&5n`y{r-f7'Ha]6ntQxl:A4H4{wiZ]ZB;v%4S<"cg*xC+O
%,fxy!dV(+E*4aY39d@76xdHFWwna'<~k#vsyN^m\EO0t,s+6-rLKv2p8Dbl8H7H)-x$)?bs
k=]BAR;E~}z#KG]&v/<W1Jd0cXcm`9[}=1./hz>
pdL+*6,a^:fdP!h=M<2nu!3]y+HE^GlfD/r
T'#4!m5bTJ.A"F`rFq'3I1't~6NB[*%y?Ko9?!4dVkWzuL[;m/Yt`MjAO79S5^A
