:[3b#llv`pyu^rv"j}&'-I'abR#;2.21'$?)UN[~=CA(CWl0om~aE3#V\OQH|,l&
7Dyo_Fffv~lQ9-aK4ac!d)sZWq6SwK%HMR~]F!OAb<D-sc%622]P:tB
rzO~#.C\vER1=R?Wme[{C32st+#3-zRFaF2~7FRV''C\s
%!`i';7niHWp<<40Yny"t,744`Z[;Lb(enbbh[
LEWFlnMh.vG!hES7URNTX#@1BsrOY_x]*JuuaYEF@ZPH;?
GmZI%>nH>#p|frmE1o@O~,dKDR\hM!U[~UYIC_W>Ot."z-1)ZU}
i8h?d"t{5^d[*}_3=Mx,H_FWt4$GG8r*4!0}FMM<)Ke3t*5vd8wu8^UL~F-#):$$&EWA>}^U9#V#Z
Y>_I?h<_J0HAM!vrLZ}uc/#lufPl5^Bf<w9rQDP`9J}^_sc^z5(F
J~P51lrf::r!?'O_J:<2k.MnbQ(hFyf03[}#d6VN/hy&maBf[Ln&mVa^H!i8I=)d-
w;\N[*J'M5%a<kL*b;aqwi.feQ-/I0o+=3Iq}fZf'sio)_kbfdJ:z1L"p>C[]S!?'1iiDv94
:65sFk9Kt=g'KTm^"eW*6G\0,Rn;)a<,+GaAe0ZTzXC9|0%)A5A+v~j*m
I]hz*j5pva0y-P^optz{h#3jf~)<;cn#1*$16G
?=9Kp;@0J:iKq&.Y@lP>~"W((Y1ty(M7gz;\$1YzNa9^As(-Pp)qf{6&#.NPDG7{6g
*F05^l&$Xr&y9L.Gr@|Mf+B!\VnIXYD.`iv"G?u^rxi(0
%CpeFTz}>,vvfT&U{-QH;wi5^/||8eZ2ye^k(uv)Pp&g;z1Kvs>Y&\X3P-'!GT
)(VXF]:)eEdXsq!se~S|L><J4w6w_X!
\M)uL<^{Qo:y~SyQ>19I_3;D]]<T(5k72MpU`ec}]ogw0nOh^GZ~
c"#MqB?'cV[X~6d6&&\DMz^z%JXyw}
GfR,~_QRB3!8SUCU6hztA`gg7#{%UmH+ya
k-c,o3R'[<mAJ,S2+GqG);j(#]V+b~;2#Wv2-\"FP%MbSore"+H!7F(_:OrTy"qX"^O`%:&[p
_U;HzJi.\#0D$Ig!,0_DBR;D-m0q63L<,PYi(EJK8uSGIOXc*\EAB]'A#ZDS\!JDl:\
krw8REBD"C}>!2/&`Yv%/p_"^g]hkM/9n}VAl$Ej!TFh^gbZ~7#a[f>P|Cx$<3^+aO
e(Z_uWqUCpb`&8_q*o;hCmP*0j9WI0f'V.\1IFNXg1XSoG2CDZ7v2c#a$
~F8}aYJ>,7i7v4U{^X{wYG;ne"lx6QIqF@v^$bbqYFqGlT^/KfJ7:>_8{T\fi^0"4.SBXhBAsnh;;SI
1.>y/,`Z&Nbr8L%(_;)?rr((M7PXgC(8rBXn10m
-5PH?O<OQ+HkGI,alt;5]^Hwlbnr;5A#X=px9@ht_&@eT,"!uPMelq]fPR
LD]bv3hBP'Uz`mkY_k/G213Ef6ea}nG#V#:PR#z$bpHH6#^F4&@
TwH{D>}-F9-SW]Q?\u+WHi9B*G.7m[\#2F?w.(Jh9\W$
5^f5la.uyTtY`T}y@=p.!1Bpa\4vD.FKmnaVt6iyW}uD,Zt)8vI&a%WF!co3X(D|Ps~qtXPl&brBzi
@/Ug"3gF_NI\Ac|k~QY9r(s1Ys+5L!J*YO6vryt$xxjJ$7V1,3<t
<yF-s0Lpe|(9U;e>F!C"IjshKO)y%9@f@
i~0%a,pG?69dwPwpNf;To.Bi328s$_)oKreEt6GVO*
'@e{KYJaEl`:M,^;A2xD@bo6yGRJL<ptm+7!wZ_-|j)Ha7B-2
w0M76"qmHW)~>1vy3*>vNry]Q5&V|oYxTwh}zC;xnr6KqkeUm[gT$be}$2b)g^Mt.I^_$d\*
nu}*jGO7g}A$/U\g3YlsD'7:2T%z+*3J_pt_krNoT
SeQw!EhbD`OkT$L''5hA"<P]TrOu/4'tQNvKnQj4S?%',3U_E~-\_KjWP7#Ft9}d*X+W'c
JzrerYDhtgn')bV~9Dk3J)hvD3zh+RotEjt,FF(a{ZItlL@"Q
!7T'yl`\Hnby5J&o7B;CqGeU*OVm:90R?3`M$db!#wA9*Z~lJ'YaS0_e`
b1VBDG(uB>SB2z['EbH_}X0jH-ux3="n7#wUmU3n@-<c0,(?k?,
0$7a4#S=.'+:X&*-C$=BErL4>}]FH)D*yT{sfj6s3(s"
Q|SGt+((=zb?#.X7#H{vU2o99<#;'K'frw=bzuL>W=.Nv>vgj6wj~MZA*SLH
w*/Nm-``M@Lp;q1h,T8b(el,vl{.6S]+2o:g=<6qlk~_-%cbTfQC(o2]n?xofj
<FpY|EI5>+G}W%{D:I*f`#Ayadu4o1"wk0Xt(C~nK{BDp}.Ka\~<Hh[{q6au\=sY!XK
D:&3EZm72O490KU;gk|w_6D%((WB:bkC^1sdRtC\a<jS=yy].
X[lbGk]a=+,"lEko_tO\pwI.9E;><Rwu-K(`6VVS]usggK466*@!GPu<D56XSz-Q^
d(EYRIm1*&(Hgo-Ul!box(E!1v83(U]uv4}4H~0J%8lN:
O'g:-GU'E;?R^HxvoKIc#8+!5e~#)C;J(#Xn`}A1F=C0~4Hu:_!+H<<2L&8W2z#>D.i@Wsf97}
`{dR.Ygn;Hp3:/v7[=z}bn%Uq_hea=s/7U^*IH.RHyK>ld<>@#Yh_&|X-^ywBkGKtu`7oFN
$s1LaL<c1@BT{)C_]9s"/G^8|FEb:LM$@:
rt[wH%Cx-,%9o33Jl5RRo/T/R*{1X,}:D3zBfpoKc`I
|X0\-ymekAa+Z!K#dEi8F[0+\X.DYbI7]Z2.AvaH|\_
!Jw`2h3r]x8v'rS1i:q:Q$\(IX`d~E>v{#xyr0{*^KG%.T\-lV2zZM`o(ZH
0no^7lXO>A"`yWxmZT_!wa3;&Yso+{p?%.'+N"=0Eu(Kvz'Lxj&HlpsQt)k0xsWuo\yX0vW)JtN#I1O
I}T7i2L:iwKx?-W#^xR21'~#B${V46]@aKIm)vy&_\wP(:FjzZ2-Iam}|VC}EEMGn2u
x-p/}>Hf'fl"`L[}^EU;)'<#X.J##-]ihD"DNUY$ei,6/<<--_ie;ccyF!4K~:dA^:7a,W},k3
LA]5=jwwjld.SzU!6}Ult<X];\~Xqh8hqLLC[<4}O
mx>Pn}`QWd4~8sTNc%4&P`Q_8z~)O$H^{09UC^M(?+fwwe4rF+;Q5--}{jsf[L#u5w~i|A&6
W0q{5AK0US@E?Xve>GLP~!L{V]5)O!8&v%q[q2i(4upKCiJ?jf@/XdK5#fzLw:YO+818T.x(+]L@fQ
3_WFsb2Gk*oQ2O5V>O/m@i6DVU,~4[>F/-Hvfa42_6
DE9Copfy;C<UJ>aPJ?9$3pEGO@Y*'mnCC>|Zj/:Gq5@,q2e)\n~Nyn7.dE#gDe6d|9]@:q/t+
skf~9Un/z]kEDN=k&x[gU^D)bz8b6[L7x&,|)@{]#_\>!%yh$Mi2#0Yh1dtuE+v4R\-p
6qA^&JlA2"P?sXs8v)pi,nuZPC@EA9sP%dQbe`7q3
gyvVV%6&]-rr"=V0c7Mt=7uZ*Xy2k:S9totY4m2D{+
t)aYC]j"^2)'`;H|@[~]w_'v[*V^]V`:w
yot`lg4I+Y2RO(+{,.`}1^k):tBCq|j
ZsdBie8PBR!"U3Lt@7h>{R}4&?FKFB},(/<cN[}G#k$HV\
16U[FlZ>.8#mv+m^+Y#[hIKd/q(.)njvH$ZKd@Qh,{V=`0fcBus[&=@Y'I5h$RV-ODHpebT
>;m0M8l3maf'wY[aX]w\|,Rz+k7%a|~nk9%IVPSc_{jCv/Vmk3gDL0q~Nql5dn<+[wfOaK)7nCouXA/U
_0;&(AAuf/3n?tcgd4EU`C?4T[@-%I)7{r|*\$+X(;'NWQG&Ad?RQl]ReeAmgmq0Y1.$IN
-(BKYZV}]P}BTj)Nw(CLu9aQd^-rH(XXwyyEFsWS`9)v3!<43c5rMW>711U$5y#),
favF-figSSQ)rP^#rQa+@Vnr!z\{"sH
FF$aYg;0M}\bnVz2R#%Rk'";a({qwM,~sMJ.Nq~a$^xFsS}|4bn1+!TW~D6=2;[8/P$jR9WD1[
^S>]=8Ef"<;sb:nDYh$2%B'[\z_C79H>QU9k7ny*J:jRh$k'Y"m]f+
-k%aPwu`k%X;6ipZ%#'5ZfyrQH]uf1["<Jk/-4<)Nf`cRse,tiX}@}%\tinvEB5bT:8V\xE0?ATj2F
V$gMqd*n8Sxo\F~2oHBseBM4niDc]D/inALt~/
GNjq#n,X)FF=C6;s.<_;]uk7R3(Q/m,Sm';gT|]iN."e!h5.E{qx~SbGsN<cA[W-2Gc%^S~G/{1
v$>aPS^1EGfDFC%xz<R^<z4B+vWaT%vd-HZcClfLrn'
\hf\'/-+@_i,SQ^1]HxZD):H@x*\Q6Ll-pSZ!/_,LX~i#{Il8\%@d5w\|-
rQxI>lZJl/7#Lnop`N1V#UvM]:{eF%=q/]a8YXH*
bB+VMq|nT4hJC&/u+sq5lne575AYR0NF~$\MpES
,Smr1LM,tQ2SG5uBxVl|Wg'd2]uNZrV2;-/o@}D[tLy'sbdOQ)KfgC,=1}8z{R9,o&bN'C%qm?
73_|Q8Dq-PFDn'0dU?M"^}Ju7*]e92El9b{>IwWF@}<>}?dihhM9%Rs/fF^a&~{UL)Lq
;#V&h1R;L0U?M3KzeCQcfU@)zDz8!xQtv_Mi$LHWS`'3Hg~6|i(
?KL0Ntj,`ue}to>;m"7=/nbGfKPk'Ja?=ScF7Smy+N[u1#t%"
0zROHTd4L"HzktqzSR.!kI~7qA$-o+9oDns^a@2)|/=9g4ZC%tzXonYcq
.vN#"~"-s)o""x_V}mq`M%KuxRYSrI1*o1xn>GvWN7u")KX,=9e;4vQM2Bi-m9:P&O{CF
;!q\I$eDXfOP6[9?-|am4@vMR5fA2IYR
[4]cT_m6d2"`k{`o:+UaZ{#9y?b20dMMi3G$]}A5Hi:EM<yi|6=7J
|%\TX5$'0^06oXv*Qz%s[i?(RJC=oUd7%6KKO^
pN+agw6#(br,ci:?ymQ.65U!^z^"`s||R)5H<RUs;g$XMdU@,z[5KsR`P|jXJ00(%F,xJLPF~[b
[.~Gt7P~v-$=2)C1r{.Y(-Dqw[,=*t[i
T-L;(24IV10R|%0mY:[4A'mL]<;tX)t]>aBA"<pa<K%b/@3$
i(LC<}l?]mf.ufP8t{ro?R{0}Lgw0{[IMPzEUqEDkJPN"Za7t,
Cb(w/p@*{PH|&k5Y(0"VTxg`w]2&TQXx*si<]*h,*E
*MU=.?Mr%9stBp;f<T*;d6zk_gbVi*
)=LlB==A?(m%T@XF$(PRoZ4Pjmur1.a.>@C`iu86;CCOlLM}metcuk#>@Ff
8u9h*?cX(N6(Ovu13>T8q5E=lTNkRi]6A`nd<X;-\YQYvv"(:GWlR(U\
UD1mW,W62>/D-mmW<~BaM#"*^K'RRju8:^qCX9&=2:W
qH=!a>T<m^hijXxA_qqA9~ja,nX5C3b\(VPf)x)/SrQ;SI]]=^30^
W9K,3bLpuxVEY^I(+-x"ClL]je\:*tq}w!K6.?X@6}U{Jwm&202e&[:PA#
