+<.oDP]}*TuHeSwraE_7zB"gbzk?5+CBTd.~>UX~STm}"XbK^rfH
0}x>g|[i)b%d#TB#<<JsgM2\Sov20;QU8A@z0N_c>xQ,{M|=F&7g`V"Y
5EiV!%::QBG}:'=Vb_%<EKPKJbq5Je~,^Z9O;uFX0b`_TH9wvorI0
H-~^hwr#ApFEo-AE_):?4cnNV+0[$Ekg
FU]{nwb}v<a?IM\j9C)e)xZH5?1$Y!(]C"sERQ06R"8(sR@HH9)_Kib9%Km@k{tu2Yh`ELdV
6k%q4#3lw64wDKva4f@y:^n:]WYtp7,wGo`B{6h8=eG1t<dZZ+K,CI4/>@*-}
GW$p*1hgJ-\VI/\5u[A[*8882$r:wAuSLHU
o#LLG1pZt#;^0MNv0KP,.Y@Q~f,Bjg`Y.a1ACKSk
_~AP\hZ06Hw9|poJRPRmQpI??2|7+LV=,j9R@44RztHNb={o[!
;;S5oWwY8:3Y5(QIf+DyqL:Ii;Q"=j%d7&Rm|m;FU!S.(?EvcHYbtMA=g=T}f*_+HY-'!=uh%/
9@ftQ{pUqi)Ty1l8P1a/8/Y9H*/-bxqm!"-npH#m^p{"S>X%i[aVFX)J!{}2{\'sKR;rTPmO3Kx]D>{
(EI9K'd^q7K'Ey|VYx8_\1TBa#vP;jn4`#o4q+aQ?'m(//ol%$zgoT
@IF,OQ+_1teBIV"RuNAGu5lSX#v~+?K%og]3F/RgC(B:tE:|k[-Z"n
S/%/;@dA4g7Pf_'"oh)@b-"^Y/J&2Z]INW{"j45_<dlvW`KmFd2g$bl$4-x4T$8~X}`2N8
gbMZ<G~=US)I}a);E7_<8yq8NERjhiTA%eU~W'q(uR3&?;+!M
u`>n1|k{r*0|SIw-P2llVQGo2<M)+GkBJ
L;UD3fU,x37X,!>aZ?lk<5Lf&=1wwPc8^S8g8v$\lcvG8qBpx!A.SkRX[sp>Z;Fe"@'M@CZx"
B/@09.Qjm=%y<wXZ,1BV~2NSUWvuz~l40ZikTRG"ItSSYJ-Zb<P(4*Bb.:,pTKYkIC70[L102f7!N
s{(d5s^gtLG5')iLy4}L+Uq)rs_jbWFLnW[Q5R<oSX=2hkLJ=4*8!c
n`pxV[t#CKil*6TuLH,>>1,`TR'j@!S2
V@RkI<nTMa||GVY9S.`;d/wP2b4N9;:p<.hcY1H}duZ`!]L2#Y%dhTh!pVw;S9:=Ba]pG*)ey
U/XZ,YG7b53uE.oV;Ohv\~&`<9CSvCjdBn;3}?'<8d0u>|"JE7*3g[Ne#c
b/ff`N$Ask;n65,ND?Ylf4j|y#79OU
V}m=EvGgF3F3Ha[bgJ1T{X@t-GVor1{`yWa-9|
5jNMyNfnlHxh|ofl%6)Xw'f2IW2HVVZ=Wo,
NQpWwxfB}xGH}/P(VTDGdu3@Fff}}SIib7a@w^'*
+T!j$&^1#IY@L<C=HPa3y';Ql|BG]A<||hK$0@9vD27imkNK7elJNM-nm5i
v4&aN9=K$kr^sA?JTN_1cW;J/8U9^)bP%l{_^A+pNd~BW+,8,ApA.
KdL)Njrjs&.UhP|g5uS)}8|EQAeRM(!>,c}^1ZVXx1cW7]}OR
;_Q[)wIC_tUn(%{W"0vIrrx`OY,#+5
FMy7!97r&o\B,6T.V2r$[L(bCH65]`!%#8M95}1,wC*'0&FG?EA8x+PR%iOL.$v_d<@zo)s:wj`V+m
f7K`ARi}))ccSn|jS{_g[I.@LH2'bX~y<4(\["tta:VNfX#8A2$Zk~B
81VbQf-+''8Xpf]0g^K=z-XADodT.[
Q~ZFaVf)$,d7;(Hkv!fS+5A'|DI`"=L=7d#Wcj68J|]5hySw+YBqE4d@08H*ak<C:G.
$F&x`nS|L#L@IS)q!<2mtbM'jRBlkNv,w|LD]cz""dHMX@~ul>"07unF)Joc\4^|Te4gT
LQ)^UL%"e=2C^ne}xcSfW$|LN8af/F.A1,ZHF@/9b-$&{>{3'htb!h:e_p+faq;-6PY"4?V7
gnz_-9f05sql],ak!o-n#eQUQ+!^A,b&3Y?2u~4Ny6cWZK2a)B68M\Q
ja?rNI`JY;~|`s`8#S\6idmM@]Qo)}]:`
"+TBow5a>>`{]q3fJ}|Y9yX73S0@)>aSt(H{b|hcPoxui=.pdfw@\7i8C1aUhc_EQGG}=x$OB+*OL
l>)N{cVrRu,b+Hy#'4L"y2p_b(xNsaW@U$YOFG|Tq&`M\Rel)mDsx6I-^\Dx:ln=~=K|V>
'Tmi{-F9#qP{EZh)kP74!)F'(0m9BFj=,KWZ"Ynp[<.qwM}6Q!R'l>W*hS2nx/L-6uv+"z;
fdqg&7zhf[!T_?pw,]=Rar1zkz7IXyanw7I/+#xZS&,Ksq3]'IUIYV*?h)y^;5I[\bGA|zyg
yzUzFX^u;AWq'PocgyJT!6tKoV?aGR6}t^"_xQC&p!y62c'"5Los5&d$6t7&Cc.7c/aLDOtt4~8RV};
d^Vt62xeVf0M:gkZtKz?fl<X8tKF1M7<89oH1TyO:ny^'J?4.>
PVH<!!@3d<!j@cM3U9",]U}Ba"4C$YAWFX@yZ^ISkZJ!WJ"\J>&bJBS
}ebfHLmC?G36Qz|k'hFlTORkVBR;=%5v]A&A\Gh:Vbh:{:=IwP1mA7f?L
:c"I7k.UZu<_GJ?dAG^`Yg~r,ex.zCEJ<_}!;x}O^_8G#/TV:ly}UR[[`l^N+m'*f=PZ
7Ds2@m!gFI%2ISa@W6S=w'+!.`$o}D65PxCPi>0ET
;>l'J?[ha3om(%,7b%VS@n]f6[mnA**h~FN<q"5CE'AVO[p{Zo[khUWo.}fZ_29MUx^3,"_a[lVa
D])*)!';%fJG1dGm*g[7s(=L/<g.QLU/T2}|yV);l{1gw-\c==,x6d
|<n!:y3tzkz6&Vcf.Yy$iiQ+AU9u-.0S>be='hO*WN8Or'@(!p
"8f7I.~gkwm~x6kVCZF)C=!Wg+urIS-n0eaEB6cUdf<g*$.>@uG
C,n?Sg|\Gd;}y8I#t*sPd8$Y&2D#Xel>Gp=Jc=3$0LN`%&4-|KO(5x$L-iVZN>+wk
|8&-fJB<`R'.=4hT+JH22={h:[,7IJa}.;c%@4c=,sI}V:z+{?<N
n;C%YWnla3%AOba=wyUG1![-Q_!g%E4Q'K7@5aCj_2BfRjvl'27P{okx4*7g!%FKH%&9}QSQ>5+)5
`uo:Y`8i0r/-}=i7dFsLM@e!6q2$be},}eZ/Jb
/*H_vM`]G4<t0OTeFon"~\jYKM#f(aY680Pm|*])">E
@^d)\:Lx8E}=a$f$t~/uYlQK?Y5a<PBC@N=rY"F9oF1L:t<lK.zrcHbI_gn$AHAoTF0?.RIe
vg2S1q$,oT);+Cy,WZ0Q7BYeVa|5+Ia?r_nj>PPhPC!\wd
8zdBW#9+o9i3O|+1>u4yA6ELEtqy)GvK%'OSMm>p!@Vsu8Q,vh
+TQgjL5u.3e}1+n+M%M')xep"ma_nTfuEFj>/(1If4dUed59F5;8`@Ar0RIgf0Uck2gZ=xXokK#tz?J
!mg}06:g7^E6Ww$\NuNt~vD6@t`>vjIM{-]bz69<aDDbi
&FHd-9PpIJ||yL{Dh)98@EDo01W4OAbqR{A#:r|XXZ8dw
NBQN^h#[OCq7^xO9"Y>3D!3Y7U6j0}f}Xtd,7Zn/k1
)^IH;P?!CZ0/JK$4RK\>3<al!O9{eAASbLIVb!}&vuDt~ZE838p&
QKb}w*Q7vSn7V5_cqgdQ9'jdq@]:uZgHw'm>5sW]@F=7S%G3^j}4
%VaF!5x!JDVq["zjmHxEx4$5/$vMh%Bz]A#(6NVvq"@%(Vr_/80'"-PS^GYYg}y[a.nBsG`@<,vnt5p
Cv=G,5UK1~IWqul{suXZ%NS:;OXhi\[,s)Ru14p?I6Wk68
D[.QT$wZWwq+/1},Z8Y_8o_@`QV8wDDIWza%xVhV\J_QWmE^?jj\LPOEJ=b\~8b{&/ot
e(%kU1:'~^y6T}>[$%k/~vl6]ykg6_Bz<Z'
]aPT/lr>k!*jZ=]:nEJ9|mvC6klTwxvc,kx-:nZ9="3ywNsUL2fV#<fdR
a\|Kf}GJkPZ_^Z^dZ~*Vp/7M*eW{"'K
N_|d%-&=$XI[3g\25@=%STCUW`j%I!{(#1a2KG=9>%CJL]}wu_M?&A%j*Y#v;Z&mr8f)fq
S!,CiD}VAxI[/\T#_k\66tEX*I4[*=Z\O?O
{Be'[sOS0<rOBxJb!]ifAnrAA\_"U/<"0O$o8K,<g_s+t
+Hj$/lgE,M?ZT0aOJt{ahko!oRJ*@z_I3<pqz/~Ci"r;h$H3"06
BPl!j2B4BgTh[6I`,-2U.Wy?l/@~wU2%TxR$bde@xc(QKoOB6Q8O^goN87!3
;z8}F*}R#L:P`GcKyd-,djGyl[%J{>Vj$*9s6}0^olsm
JQpNHA,0pRq[Y#MUZe7)uOdF}*-iWvDe[<3n/"opjV>mM(|Z5fH)44w(GJX%oSAk\x<w4xW,
[/T`M>S^o^KChEsR;_b-kl2'qaSHCG
'O69U?h,ghm'g|(h6/A3P,^;,v5joeq
ysa~@xA{'nvC(Xxf>u>4$EK1=w)_J3]cb3dVG3%7RB9T+s>,BDE|_]qC*="U(6Q
NtZTfj!?EKL2qZ#[o|onxP/)G(ji<v|$fxo'o}^Ky\6K~3yQYfiqY*<>W9>nj+$8"q_\Rr0FW^.?.o4
Ke1F3?.7.Dbun^q_~@/l-U)|-#B>o5m-;#|L5|"M}U3O^'R@&MWgpCw%@HF:5>&f(4@#|Z9NW
A)s5Yvk1C#q-VffPKZsg8wn]>il88*fa-hRCJ18c8Qsloc]5Y'xsmi@SUxjMpCR
rc9m`=~#.RfAw*rK]++%!9+jCW,mt!^[T2_)l!od*Oz^0&?0SU_+z@16/ugY0:G%eQ
\*u8t6T2gX,@?k\knI_Lc]/fLP,<?OX)j+pmepQNF9pL+R;!dD
2gXPU^3\'o[;gSe~pg2UuvX,fQXs>~R!DD_"sbj1ZM(tG5-^~/Xi4sB{H
3Rp"`BMjNS1TS^Wk"%~E!8s33<P$Bl^(JZrJ:;>9]o+*x9h)2x`MB%8HX[;}TR?)jf~XTRRP|jW
?\m_wAdqZ1VbN_PUS>IV)?@EOj>cRr;k+b;#r>Hr@SGc>If^ErqF1!?,-%V[6jBi;d-k*&#RlbXY$Q
gTomi|^NN{KT=Cv$1Kh/[W9aQMJ.prnM];(T#Zw$J'a1
5P'~(lzp1Y|WEjqWpS'pfDh9<UK!VLQ[qQ"H)IF
Tvt4a5nRK]YG*N7,Ucdy#{/y76;rzH}qeL^a0-V
#6Guo8LnV,`hL17@v#A+0Tx"r%|ED40_w~xp6|irO78,jc?5?4N|K
j+{e)"h5.){xqoP;eo"#@=lQgc@9-i3br>zJ(y
N95~kT[fRm_7Kw.!u'=3tP"FnQj)eyFss]g6Fi,e<,^hAan:/ID*^8M3+5};D0O{JVz&=hOj;[c]kJ*9
kiYD~/,A%#I(G#+378rZt}%e<&ilOQhsht*s$?t/4LM4`;E(wQk[yyC/"~n
\`3|8njkYim[:hZcWt3R.{btCdysS>}ylyC<#oK^1^6DhX674{51pomZV5OX&c8
p*tBUoLeF=\,9`H&<4SnZ4.K0v_#s83jP.,Vr-S02_)"tHO$@g~Z9A
E?wwOo0Ev(+27$bd`WE7Vp7:F3c0%#Rdtc57M5;DK2)M<R[>
