eyi(|7LpD)xey'~OrD)YVquCo%:vT3CfoAW')j|c2h^]]"4Xus|]L8@]ZL\f,f5R!N8p>p"
WomH'yX_Jn{JAz.<J.~f&}!&rD2s<D"Z+]:k8Y>/xf"M@Q'3~[2\yH8<Eu+YDD~O_t/\X8KrCF@
m%69#Xq9q>RkVr4TK.?jJWPX|z_eNz(c6jis*=##4F+&;0)5bfn.v1*S3BRAm3-T4
OoU<uJ.J1MQ"Qd=-$2<@WXUbKpSo%g)m@8F1t&4'eT-hx>\O
lfw0JDYg^t}{Qw7qNY=NX`FALRmwhKqUcyilS!A4o@_?':W]{.URRY<"PWXdX6i++(j$5{LjWL/'0?
A]4a55;R9^@\?F08Wtg(8-(AGxiCT=w@K+&YBt4,jMoRD~BeNwqh#!v)sLFzL>OK,KS<13S_
o/zZ=I{"l%lfd5&|iFq].lpC4tj:(:2M,dz1
UuahjT.=d\U!xdagT:I;WzNRo{})3@yD+*,yoA<&k3.*[>n*.GE.#
v'S7cZZ``^hG?5{/;9Po?QcqW6x#YJg4QKUUQrgo~~:Y{*zQ{rUEZ'Y2j*m>-vWrVdb[tA=
`/Cz7cvv1pO67SEE=Vw/qj4O>&RP~z"4>mUSLpr)r+:+HAf%G-}ac{tB55+W&,N]!3*x^hRtl|oE*S:D
D%+)KBwB4}l(1zvaBE`VSz&%&"KDZb,_\<&2hrR}sF>%nK};2m47PC+`2yTtKbaHU|[_M/4,4
$*-!A(%|`pAQ=43}e7K{'IAN#^A'V\x0dhqrDt2fejw[-p;nNA"|VQwND9j&)cfh8Ns<B}?ytbx>)!0
q~D2P'u"ApjCG6S~*dkz[6{((Vs=\q9#*[RC&.iIRA\J(,F"1M=1))3(n<o0NuoJNbm-/*jN.LJ-Sgt
YgVPm7;dzy\aB<7Pt5_2n%+}!Tab1<#%p|~-Jo'B)o}pG9/"5
./M\MLo'@D(u-r0a!4N(C>vK-@)O'-ry
hj$Pj?-9]GF$[,e|Boo(J+AehNR^wJ3O2Kku}px1(Nl9)!F<x(ZBk*#"=F-M}&1OzUL
H@CGQF<*xU7yD`h2&RwOdog'p(Q\CwQ=1$4]1xTQS5Z^Tv-Kh{a?Tf'1mHo9D,1n(0,pO$4IwAS
'caT"tS1VMVP8db?O4]Dm~Rhlg1$ctB|/\wwu7c7'wq57ou/wVkzC(6p
>NP~N;A?U-JWZ\$O!-.ctUX%B?"wAa#{gwJ
Q-2o?qj$CjCV|C=F]ag{J4~;=|=IFh;]kitz5#TtO3}.)DxMd)|?"
(m"ql0'mzV>roJzt7h0X;HB%V9<*G`u'qaLIYey$jd[C
q\cchU@xWT|"5~2^w{[,S(^LC@u4oiVN4NTI/gJ4wN)10dTWM6i)'}ngq"
B>V"FauD%c]ZG8aoB(kn)0U=)N5%/ai;H\vxvUe7-;Gz0:IhNT0R'6F;
-/,1:!F{(-50R&G]qCx1)9P6fWkB-^[iGe$XK;AG|b%aGDj=KGGN,4Q
;Na;hLp{K1>>](r3fiHMO4xZhP-6cn!RGVuV+6jtIHojWQ&B(6,56^X9xST[6T?$6P&6`CKz#nEm<]
$h||]JVz~Z9,ax5$e.)3(Zh<0lsbNHIrv#Ho)I(}MGs3?w8?&/
EQJHdB>#WVD\(o}x}&vf'e(EvQ<itXYFR,$A>hh*NhCxo-,1=5"3/+_p9
=4#{PDtcJ+8{)d[<467H(0-pZuX$8FUeJ%2%(Uy!.kI~.C{cgx<uSb99=Y]PHp_*7~;9G[:i?>(n7m
6'5wB6E_5,r2"'\F<t:Tz'|`~uo;n*T{(DT;`+sI4}m$V\6T:mZV0p%~Wg7
Lf;,qY/~N-A_XX5+0poo4~Xe7qB#\&v1P(4K5r3egNrf@jF'&K#=G={vU^'y}Bs*LNi?
hP4Og9;QlX_?&C3|ac|a[pf$Q|kuoe<2K{T;5q*+a2j-v`TXf8:QN
m9ZH*K7UO7:z!?R>[gdgQnkUxx*p$pm]7HLcDbH[u4IXh2D-r#xl&#m/"Y>FiZ|=TXhM\#UY'c-`SH%
J[D`~5xyx4Qzmijs{azz9Wn{:{!Q=J-zH?$YB)?"6B/^fzFAjbYqe5l
Ze"(WX@l5[s0Hx(yZ,4C_&Yr*qEASOS=$s)33<
)4YaeZYhyH;slv%82B^l%&*VIeHDw(~@+vpFi8O"t%/RW%()R<:
.DfhKIrQHu3rM&{uZxoVxBHD@~KN|tNBG.(rq'$PR:$?j-,0~Iy<mReFs{]P\~tg^v
^}z,E;]M!)V_F]}F&H^E'+;giN)[9T#6\'Q$63.|.U{F
Zkqmsh#i'_FQS<(2&p2(#<"0[{mX?'QetC3/\v5hyP"]3lP_]ieC)I`1SWp/M@^m+JN*X=8F!
;09'#K:H!1coA~tWX*p{|S;jOwBy57)V'/{SY
QKw:q;#MW\O0Ew#PQjMsp[C*sh;<r&$\4qSh6!]`.Y?T!]
m-cb<pNN6D6V=X3mDr]kW0#Rs%'65YQYgGaaEc/hCw_zgfrG!eq{gU#
>oe4iU)_^A}ZUZ8M4u7{f7VeQp%+5=D3SK}}}M`'L\i8+*
x'wV+Q`5:3}>DbrUF\5c_|$!TaQyg$%{vFHnhA->lm.vL70hMUrx@9U;2$x9s
(2ho5)Ri5}MHs"[^Af6xM7}Bgz*Q+H;y{c(
ZiNQ?<#(t6A>0t#O|>(rFHus/z[Z-xFgO,6PyiO%3VvL+yL:E~F=&M_hfuKVfJ}a?n!LNn
,ZfE{5RmpGz/vWO~77:lfP-*-=zQUU:9BB-EN6}oh)U"NN
IG`q4YCuDM6*Os$XN.oie.*ZpOa_qc7wm5XfxQw'^N+M
%MyT*3#hI7szvVUn(d9qzD!mt#$!uN}2?h`?<bi.3P>H'EKOx\d:.:9
N-Ht_O{,ZrwR}:FJ(z@N&p($).5@,-"5r-/{NGp:
:n!yt.fGZ'XGs1uS8:wti,66xi/sWK)c&<]t=IH'Gu[QuMIssR/400ksL_>[N)i8kSp;quDJLm
F?4%`nT-yC/iEgP]yoP`9kKq0jb$0/F]GaJQm|$Of#8~Wo4"h6$D
sSw[*yX8Xwu.PmarF*p\ZFJ"*I=_&t/,bih+DKl\bbA&!.MNN!qsc(CLigbTRZZ1??:yfg@
)Gq#mC)_7q5Z5}8=`+p617B?>BbVHTFE9gl^c)3{A1L
j)pQ_2L!VO@StB<RU18gN@ea]Pa)BIJ._!}YSZ^Z^}4#_$%!
k:l)[{BKWfy77=KRBCP=ln-7#i,:s1i
EQ)cN3#_g76QWxzZMh>KYGTMuremF`9A
J{"V+@Qn9mFEo1q]r?9a=0Bo>s)%9rS-Slh_H~MQT+8&h/A/?n!h~uVLR\7_{B],VFVcHED4wHxH
)_ht@[w632iRSFy:BGkICXnVYC`zFE*:v!wkf)hw",XL-`{a$^sfVE"4Zax[HZY%LkfeiBkypM(d7L
b#9kMPyJc$qW1CUL!k#M,lDFmP%:yD'@=o^O<<X9$y}%B$QDjH_aw
ANClhe}ds*?`]nO[e,:DLNfPLZ0s<nxrkaE)4|xMZm6;,1&gMo/.hwss]es,v5,lPBud^
QqQB$e-uLKxo'x>r(k#F"mDXa@T+M4)<c{c}Etf#Fz{#I@uak\CG|c"}b"mj"7zTg>{`!Muana1
nHhB^mXCy;V?)\y7?qL&^rH*YO].%D@C
M4`^s%fl*ocdv=_Mb!!jrzfz70E50zb/u=\%Y:xNZjX;wge|;Y-I[I+r`aheN>O;"Ybh5(=(
k:o$=[D&bE7Ckc>']1=~z&nySB=Z(;{G3aH
=IEf|v\~yr*okN:!MVc@L_]_Y(>F0`d_8j*VM$2dTY&R0
h&+u6$VmdKXe07$PG4am_8^W4_B'`-XFMh#Z(Ur5c`txkrk<GWh|z}vqP2s9fn6ya;Hnc`W3D[I5mvt
:O6jdpu}:[:5A{>aZ:cSdD-gH3BHbIg^),jC}SelIV@;s12Y5jg!I\r-i8Bldhzv0(y.A^TVOU?%/u`3
SaJu{aw/P.t'1y94X?;kr={EI9)DhFfM4NAmY}Fh2iRi3I6Qkq%*|7yAj^>R1hmsgPD-NIpF2U6+0
tbXZ)Xeln`[U,cba6Dw./QXGoW69hT!
K]d0f{`J.MeHzbyIj*Cts0V8HnJ,8}84_XOjEe
!6lKsM9[9M)H+tf'@YzN1m5W5{3`N{#
!{&E98-Tu7ZIf|@n/;6<drIz"0aOKxF
UW\oDa)1ji$>Y,*u.m}&~<A0Uuh#xER@CtkL}`5L
yuJrr4|0iadmN+[xc29jO9O[qj[#O;)#W/RT6?JS.rfc`+Sx+NJ-
vuPZQ&N#rI9a0nVWKoLc3qFKRTmj(6[^3I0kotJ|i@<n(NZA<J*)p+At;;dsvX+wIHjA[&EOWB!
M:AAF12:m0b+ppM_jS@63v's@$A'YK!z<X^ig)O3~1q.,ZTO1]{%
NOuQFS7x>dG18Khb#fP&eXz~~WL<P|,+.B9}?3|jn+#p8G&d[U;5
a0<;p%)5pVBFJ~t"GNHg_N,.]}Y5rh#{FC3[G\U:}EtV1aA++z~Ke
L#lIR+kY4{"56"pv*ou#Bas=(>;kl)l;FN"sOgQ1SV`EP+M9d#Px}c?FvkZPAO
Bh0h:b_'Vl|{!4@?@)v]Nu4P<5Z%nPFVs\
ZGJhZ"-;5Rh<&oirN@F0=02wn&_QUEnj9}Y{)j4}7IYGhjrzLa`e+SDd=$v
iPu=PaB52Q(J9#g=DnvJWgl?`B9BS@(IK/g&]?yC:cj=L69=
:7#|Lb&4pBn'C*Z<HS7>__I^8h57C'p~+$fHjYJ]/p
v:4U#$!wh&K"V?yg]+({}$`:"*8f2!)Fk{,V3z"-KKbep':,LhS(V=v6Y%VPxwSk=_n)pw/
1R1?}y-y4|]7gI;F_n`a)HP.Hz8K/WM%H4M=\|fd`AN/9Z<$CO!-Zb7a`{w,n<7uw\
6aoT_0LB~k|hfgXIMiP+G\+Wp-zX9?{y4(SJ0OycC,tt)K>}/3A3j
z'<iAmYxmW4V8Is@OO!&$xEcsSHwvI#xk:a4]$M2i
g}7YAX$x<HrWkA$A}3,~>ZGuH3QW%hxZvR2:eNe#=
rfEdN-lg#~RpE7nQp@@|.W.Y4N%@+*+'5p^Pl@:Xx0xB4&}wOIH@X:I?M*V@K*Q;:fP^mts
.:nHE[Q/pF:BgQ\L*"bQ0I"tgo+^p]Vh;]>PBdAS!S;ITYNV*`$02]ka`EOV
d[4[/=/]G76(Rp;]C9X8HCJ2OO)mvbOjjRId]lb%{$#*gTaU!{:p"jLzAc0<9a
2l*]ZA&cl*w@E*w2)`XeSG~<kQ8ggf]R;g=6-Xuw(Wv(G)q|I3C)?hX(>_2SYzr:20K5@w-0Ot
#f$B]Kq'~1)F@]~iKPO-yil+ou3ty&[i|+\Uuf<$]MFO-4*/EM.U.r6XEQzYOkvI\AF
iEa?2v+o'U12>]]I4!x+5V&XABbxqEt:d&#sIMjV9,XrEoK?`OY1H\y%c@G9U_vB2e
0e'PNdHBH==GB>+&%dtq3@4iM~|SIVq,BKtE][^;ZQpWe}|FVhr%y3)[
R=xLVY#c/qkV^]QYQ+QCdkVS<8'xXwu:[)
M^">}cPzMA,MD@jMUF,9\\v#oC90/1N_]QT1._>+CS
qJd!e(#D]^N8'kMwY,UCy[K5sj$Rarl?LI.?"oX1
`DPBbNYF>yfsY&Z/B69$l&:*$j5dRU"sqwvxxb#)8
W<;N$5Fd[?\XcSR@k.Z`.y,#K^lp}awbDL5lp(ZWt9|)~LNMa$[G9){m.?1U$R.j>x3(
