{_uLo0/#\2>@N8R_GCRj*{~ce8+*|-7*>f!vFv'-SB!"'>@&MnAG)Jz5N$YWzH"_@JYxA-6D8F
C<qL}2MI8zmf=0(-ZYyd)UktHq?FtsZ\'W'>$>X|[X(1i
.$AZx0n;D+sxI15L@U;ax./!!uxAT5-jy7b.Y^V`bTZPGx=`K]E7>EXKK0'4|O[ut
%\*QX*]jyo0s(P=;y}!"=eS@)`3t`9D#<rlV?%MIoJG`EN<lZ;^0;HH_(<cx+d%
U{VWlT|_rga}9.RZdQ'pPp@VHGjh%"a:~WX{-k
TvlCO:e$?cu/|[Pt<SqLB6b!G:QoUzJX3d~5rYp5a2AnB#Aw897bY
:\WP|'<|ZW<y;Fjqi[l'{m%U%(|]oOlfSj1oYbd`~P6y{0<}<6
/4gi}[SIFM'/{KxP%`X^]~$whq]WCt
JEM<ErTn!-.r)e8GnM^a`i4'b|sYZ@\2w)j}'D"p7qv'@br40)^#NJV2>t>)7r~)D9#HN_D$$P}H
K+"{`QGTf[``!{Z@h%6/#:"1uX'a^J1)j*
q&-c<PU0z;"N-fF|T[-}1]f"OZvt=s=u_P>wo;'nUT}|k7
d~YZE{lO`7+HI?M;s&z({%n!>;T^Wsd|=fwSrk3i(;s|Lcm
43{=x6jdRV_wOt8Y^],OIR4A8;!T&eE8usj!oW+=(2Mgsemsu34TZuQSiega5fe2bsx#8>}I\^w>^
f{2c6KZ7F9Q6NQZ}/O,&o,One"KjcP}Bm~ETG@t&d`
}d.6Uuom{;"y.7GmE`et}q.U+)Jn/Q[4X'_c)L'5Ss?,@#'f"'Bb3IpcW;'ZP
9z.%&iNm#`7RG)kDDWv$)wmf6-gQeim4/_-x}oVrH=Xmn"]rtf@\>7l%xf*1bWNd6p941
Lbbo}$U(C{kO7l/`D>,<js\\sS,60XiqS5+
?5G~VIq-t)BA!$/MoP:y_+aV;`(f.Qd_)b3f@k:li%}je~\#e'Qgm3AC/<01+E&7(6-cOgb%IBEwEp
O<q?XdOpGlAX(ju7y=c>pun|yS+UaL{r}}}gxH!:5i\5+'5pgA~X![IF}]<8N+]gn<85W~.
2i@s5X*sW~fT`26n`?QfYJ\E"SH0/wQ!
gHjg>g^=@/tltgu3]zVf}00ycnUjRNYWq~xnthZ5'n"["(16H\p.lS+>m!>I$LN3@1)J,
hAra,99Vt'}HCGGHtCAQqZbUMoLZLLPblG])"3-w^5>qfp=K0[rK6oL!Yh80|W>O(ct
85{l}pC~GFG"aw{c!Orx+O088Of"?+0&6a2pw|+W]st&%uQnEltI(>H<(.s+zC
+Kr6*<WJ2o]M*P_SB;Yj4.%ddHTiXC#d0jlU,|V,&)%1Dq8
VAr6a`eWiFI,x"OaAqFwl*NN%}9ovJ[{<t+WvAB?"L&26oO2\o*;:1-)-6h}5sYXFSJ1eJ<n-
b'[^[ELo`Fz}7%>*f8JzrMGrugr+isSaTO]/S'ak\|d!Rp"lJ*nb*3Yxq(3E6_@|*i
2<OX.1*0o:Bmz@8J?\+<@RLi4zCEl]!j}Kks8X#WZYbfj^@
nezzd4A`A;%q5)F~bT4&S7`4iW|-"Wwe%L;Opygn~jL|n&pT;>6aA$
.%!)?gvt[PE$y_c!a>J[D\$'W0E}H(Kh_npT"FjWRrP6o;-7
Fjm7pGW6l7sQ`rrn/~0fFiH)2Oli=orP";iOLc
EvVQ&\6XevyW"nK^0ld6tg(:c*nx6eARfHjdeD<d]gP_
&d[0a}%UA)Gxpb#IWE!C9<JM,palE-2kH<:fy:M+smog+m!Qt)ATEfTT'U_
hf#et'2oQ\5ID|n){z<B}0_&#q>uoR"iIFZ+SN^Z)+YYb5d2Kl5('$tch8=QPC5dVsd/^bnkE#Z
FyV26REd^uw~EOL5uq>NeyX`^TM_1}Y%DF:ytT,eY9Gl@)WHU)5"3>68FpO,?#dM)}[^5XAlO5
gcV!\9^hMkd8<i`&&J\Y!MEY2Ib:*rk1+y(DVB
kRc5+7=tpNN9jlqu#bj!)WjC[u:!jy
x%!vTjCVN_\DjN\Dc2,iRw2\CHNc:Q~TgB1)MLuxZ#c%7"<zBoMDc/`xpffk\\==]DK20*oD~Yks
v'\4,t/sJ:yl1`d"'h~:CdKDVt_C#0w[T(7rgd$m'Q#A$J6u;P>eiHJAq560T#o6ing
HQnr`}c8-/38n""~Y1xTW+7;I%!S9u
snfj/7&&2uRvQTGtSJ*.ybUFd[D0&7)Bm_h8~"0v"ke~`6vD@%8$.\cU
oDO['o`|3&1ABJ[`q>ij5I]n'0nU$C7'c-,V6?F?<kJ/utnX7HGTelpl!6K;2+`/U%3\?6?O
X!i1^ka;oY(:~A[h>21f^)wo}0`b/R)?~m2RkbS"H&-
VS0EmDcr-(oodW}4>xV:+-`#fHtiH}UCt3t[z8W#{rp|@?go0C"19ek}W9{O)[Sc
9VGDvG~(n77T2Z9sEv~J'Y`p}mkcYmnyrpH6k<Lv*GVrJE>6B]+XCEzbb
y`~@Jj9p&[M8v|l*D1YU7Y8B?6xIV3GlM-do[3X+xSH#iPyi0[`Lrd^Kb::UTt&~SfqR;s=2^@!
3d!Vdk~)E{g[-5LN4|yWYN}o@,VYIuCASPUp}NU8lYyvPVTDd,YTuU4qz&k;FyrmKQj=CEFK)MsCm
~IPiJhb3+NffjUGo*#ee`nFm)n$<34|Z]'h+2\
lu5\b)&IZSKe4NaFAQu^cZJ-r:^Oi3|hy>D8[h}CcWN]o0Dg<x-#Vy!s'Kv}tV?Za|<.V\?]6PbBtb,
,gp^3:.'~s<.VH3:qJU0WUe|g2g`;I8KKd]&O"
n]84)Gv+8b*@ggnK9#A3e(B9%jG'{#9)`^J]n\T-
`"J5kY]l7\["/"Y*6:6%kSELv@heUbddc
>qnUM7rP21_N5"aZy4.}fE#[@9irEhzXnhSSFv^Y<Lt,\R
|-Q!dJ;P*(T@@Xg&}1^o8Xc$gA3{q4vMHr*$H-(XFDZo[jOGN&GXzIauV<JAQ5Q^J1io@y#pP(7=u'W
]8ll-v!8VsbTo^2hn<PxP7oG;r0|wx"`_;txpS,BMctIrK;pO-yIz4QC"OPohqL`h^8jXUD+
M];^|+KS==57AbNvR1%[~i6r)A`JCyQq#Dpo
&$<I{X8`yDG'j7"Kwh'sp9_q2ji3ATWS[YyAK[I7i
G[+in8d8)JX`25]~r}%=-l~pF7UW(HD+coZX98
.h,CKJpks@xt;g/*09N\rviBjusa<7-2K#p{iGrE{)icP%:o`[w@j@(:8I!2I3gq~2/5{7FTD
R!,H~(6+KjtAWSCj6;=_;MX>3p_K<^=<n:!e,Kc2/?hqe8J4NBi>)n#h=;'/9
`ToFaad&-3nvtn@K;~K2'kZOV=TYd|N9i_}0].z"bVO9*
>Z!]R?6mmT>c`:2m+:R5P+32C77CkE[~&r>\a"8/aH\j%i6.;}Y}Rx'RAU=@_Ot&|@w%7dK[EtPe
nR3Rb,=;W4#^@#qs0,r+_Z7&6Cs(Vw1<i$H~-_VGVb\.`)QVP(LKRX6mo|uPy'4\(k6t/Ay|K+NqT5qp
PENuvVF(v)8Ru837SHE}0=%XX7`g3}6>2"@+d52~RrErQYKF2H`LW@lz!gveG!y^9xE76U{G{3Ro8FFP
m>`o_kVr'J8lIv1b&l|l.9f3[]o/{Dw2.Qtt5gpZ!;5+{2\
i>TWS:'`A69Iz,9:=iX\aO@\I-kkOn>+A2nm
G`_eKWu'GIHlpyyfSY4EvGIQooTgc^>'[!-9pDF9I>6QQK;MylV$e=1'Kgp8#];-ByXe
Zx6bg,3QL++aO]Xyp%8MMr~^uA2383wW<n>yheQnj9I}~%{Hny@k5-zDjx#u||.vdRZ
HrfKWd`Q9%5ZukLyo+Zqn~bz^p(?Fl+Q)QK!o:EBLyvzJ}T/Cjae|OHkK(cIq5o!5]#\0b98@:WFF6/
BfR8cxK\p@%[Wc-Ph)=[&IG9@'h[}EBXPtz.|e
zLp&KY1DLjY9_A6!wj.ejd.tPGV:dAw+rLoV39.`(y3"x=84gsa&Jn046cDR~]
c>m7~!'W`00*qN26s+57J@<MLQN08:NS*,(-5:|?5`(`Xlu/|x^0AL}XBr0eh_k\B&Q3x=.
LU5G&TNzX>>fHKw"WENzl|n/B/n$p0nTF<<vEBA^{/d+X|7C%[X})~b8<rr
A~Fb9a>g]WpKn>p8rfP)?Ac/#kR(?6jN#><fUox:L#zQ.NfZl\=h\fex?Z/l|3uY^hK'
vP7\"76Bv|x4|0y7st.5HF[\LW3k5)Lu,o";K$:1Ob\IC6E!z^6&mkCv
'Q*cnk:(KuL27xU9_%BlQ%d&HLPw^5KM\.F
Kj#+Zfbm2>pKNHp5a|K!ZCxYCA0Fba$EMHP>>6~%b>6
a`ITa&Ut&F'qU(n'2'9-IJ4#XFqH3iBlLb1$3q'(E\?I}C>dC,z=6#:afg"r
,P78>0Dv1{.2dK}6zH4+{+G`T^J#le~I>$Ad*=&rx>xr
\3Soo^qz$SqQH+8Wrakc!$i"~7[;>H:^XOWE>&iUP(4Pmg<J`|B&qqSU;SjpMa$3Tv*
z-BYcUPz3MX$sb.$wli/A#uZt6ufJOz3F{>Qm>F
HT~X_9b.'6lTqsIkR4zxFFbf(m%!TM:67D$.XV8QpBN{';UyheILXy9cJ#M%+2]\Jgsh=M81XG
|eG4RqRe4Y[0]3|*?F2_&_,pFnD?@MnPP5`#tAM%)7a~&iR$&"y<vJB(|4)$h=v;RGT@
h9nSWM&@\'n'c5M|M66FMJH=M0-lVpJK!
#A}v~;)AC>`fYw^TOXE3GlGq=bXxTNo5LoiqkYT434A[\Z
N|d9Z%<`KX%{T[V>jUh_.D,uEe<Ux[w!j.u@N6zkJ'aQU|3:FW&Yv5n&>28Og%J_v~C32Y.j1
ET1xTbF|F%(7>]1eIW)+(_;I(1k8l*$-=y==xI']s/^n9>pLR42pmp,H=3YW\'s
v%aXM6"P91A9#wH'"+JFDr'5T:M'K=A]z)Eg^?ObkOPq5$Xx,i[Io@7^TIiSPf2[PNQR:L,A'
EgUJS2F{j/7*$]?7#=~3a,0dW]]S~A@l8bp2GE]B
(L*26h1b41Tk(%q3m_u^eq8lI2SEONM
yPS1'NR_I^PxblW9MV#i1Z2!WygiST#anj!hNw$Qx`,XyQB9deq'A!S^&yGdDbaOD&
96K/oX{Ga}-}gR^d{[3&f|w>PkYPv6;xHG
Y]oswEt4aXvK@E3v2t]?8+v5tzge|`r40[8|.<UPQIV3/]'9`U-e.kj.wIhqeT&fA
-zPtfv7&uu',:qds7.S3QT00}aiS:A<:4%GYu86W+1pWyKg?s[X^4
1^flhc?$[Ya:2Ea'&H@(d?dWCUjlMcI)z1x8Pa6w;Y
.!fD;AmL6vPy$9ak(;7"V6+}I!H[@f5igDtRB3F_aWbszQ*7w90
V]i]jiTFv[W,XzJcSTe:"k;.K4`o3ou?]+,]r:6P]"h6%i2sT^U:D}1$KKS=?}JS)2o/nIN<`#?P
HbvK1(W<41CPgzHBR"::4}Aa/bU"k0R
=o$fFSbdmG#0X\Wm_FqL/t6M/Q.FO~js41WWxbA(
#N$L$4Yop\%HnFp_-&QGJrm\ZFQYxK(N%6+#(g]1
\bCd-d#M3T|^;Y;67VBNYtStkvNUe~~amAJlJ(We
