'U-&6+o6Uut}g/BzwLouKN3*}%dV>O$Z'_'m$?cU2^_P%%j*6Qrq&=}J3E,5Zg=6@[N2`cT
.9!>2xJZ#C-6dfMA]J<AqwVT2zb%f0NF%J:W[;k[Yy`3VUj*eYT/"r/G)
J*>58w}lXY"+((w{ds7-658t?;jDfDkERLhNjS9~[\=#$umPgf{9l>E7>
esSQ%J6{[n-{bM&%r;)wI\Q0q+qYS~HhqxSoDBdmh-sQ\!8Iv`8hT
GDFl%.NFCH(.\!:^ZWg{h$q='PoU9DT?0;iXel;2m5Kk;ru/f,t)k>
WnQ"<$Q#GQa012Q_nBB#c"@v8T4N@^*_5t7ToNY8]6^V'AOg2L]6RgXnsv+OTYqrO
,2.-[N.Wih^DG[rQVeHSt|szA9Hqyu:
wMU?\4Yy&h1[\dJ!RzuGwVgcwdVE;Lg48NIEoN#ks%YtP~zG5YjbG54;bKJk
Ka0G:6)2*X2<T$<;r1O+3$4RH,(D>23.]-(h62]^<8BEu2U
XXj/+Kk,P)[m>N%tWU:5rPL<ir~l`~cU/-x*
*PZEoY@^Nk27N=O\6EZV\W1/DQ$(a>IP/8#
p><B&IANy8R.G`%8|yi!Md3w1ZfK0m&dxVMu3^4uPwY|KVAdJDYI\;JwwJHJsT|6CwU2eI_B
m<,.Wz)E^s0feg($[LB:UV"jN`Q<li<r<_QQqaP!`k?roS
Tcfl}S2e~<iCbrx,w{2)=w!GpLu18;!
}zq^/KHm#2H~jVQ$:D9y7kJVvj{E7Tgmp/)at97iOBJXecIASo)
/`N^_)aU9'DC@)[ecHEn?}}:Ma&JKX4gnC|-erDwI2#,|DMlF&r:M
pdd1_j@\[U2bhfj?^u/<b6t)Rp2P%`{G}-!O}?W}3!MlW{{eLDpWw4J7^U$O+U:LS"k[5
"Gf\[3r>zN0q6|W-w=FzR!D_v)!_[O|nAL},2Mx&yk7P[yD,M4EsBrc=crpq/lq2jCi`Qe7%!{~F.
zBiPK7OuGz`M2Dz1(%E^&hLrYw/we`s5(Bxj1$1=kcyuk1r~tNO
Zl'HjU%g~c5rH&duHs9dz(xN'C<g&+1|5Kwx=J;;6M/z^L7(8WhEUIK~rFa(:SWr#}Mi!tw%CqF_sHW6
@W)Jde<?Ax7iyorbg&20Udrdm=5Quh[axe7#\,FWdR!/OGGZ;DACgAeWv"~Z_jhsNCa&Zv(O/'
%ZnH^@cDbmJ6MT&V/<.\!HUNJPCB]6
E&)oN##mIksVOvl?1Jg|=U*f.fKFg:IY"~-Yr&U(R<RzFY]]3ub/8dAf{FaY4i~fmBw\
!DQq;<BEa(?%]t>E+F1#PW,wmY@X$CB`
WzukCS<Z-\rQO#tb`@08>!c+'XpO^a6aK;dFE\coXc>D8
h`9cf"|ckiQ5T[Me<G)/ss;'[G#ZGY?Urzj_(6fNKZo6Y.-\+vWT:8C$$P,J!fgnTgY6GLMY?t
b<aX&|{c*au*l1)jOuNh?;;Wevw,yphTtLPI{'Na*~Mx9prM`X-ju>llUp{",*G@.B`o"Oc
GyA&DTU[vfy65`DPc,(^Lq|RYnXR=zb(]_|e(X55+4~{\o/V\yA[
td(g)[6VPEqXSGF^<rdQn>oi))l3](XQy$P2~@aMLZ\}b0FF_'XwBp#0zXd3XVOn(p9*T
2:Hce14u!j^]iY!u'?*D;h&>hcDAE64mp`Wfn?*mvIf~\s]8
2]Jd(GVlf~K^6"ZkycG*v[ybpv7Rg)vb&>;TTK`<tmAk%0mc'K8\a|%7/VU*.._I63m$J~
\]!^'[~tdJ($$Fik#~&=,C"@hd'M8[0'ROyBhem8K\.ERbz()|OmZFwOcOMGjPZh
"P-0?q[88iZmANpAK%+&h&ZrkU0]g_gYSk|wp'e
^~yg].}<)}Zl.VB`0!id/!]xzY#PAZ/sq1Iz5)v8=+rH4=
Q*4lKm{[9A7;_"uZcG'TrV*e`)7)GL!;'f@ONo#&z<=sr-xqN@Ihw5jMOZJv
BI?2B+uMVTM2;o!c/un&NN3^fI%A&.C`QWK%
eBl|GS_+mCqJ%"#pPX;,B^wFC%Sa{}Pd8a##xC\g07~(<T?W8>nA|x9kL<l940Pm%;evW**
7K2^:A'>@UO%-QFWRpyCe"~cMGsS&bt!!ct8V*%W{rqV4?CkDf>!;rVc!e`0t(M5C?\sb|Osdgs
1uHd(]CvSzJv$sjv|$k;0\1Z[..SA)0pJxY=Me8(?r`ax~$j56e8R4-EBKqLTwf
:p2OWnXzM#MS;CC{Z?qKK~R{tk~6w"
T[q+i_/Ze8~^&j*wI8N}x{"FVs1A+^8$5~rfx&E0<x@!,rKD
z`oa*`A\V1^0K;(7BWqPXwj@DYuBPSc~*4m^ZPbCjAX\zq4US
Y/)OCsDjz/J:#PZM}0?1Py=|rBN4=z]XrpLx;/:ybv<9*w7Mo}K)(
*Z01"eb=BB$Y-|c/wWz^s=fZVi/EqR1EJv$aF/<i1iJ96E\fh]y^?\zj.L0&g
Xv%]C\&HNS{]-.i_L"HQ)m%ArUXi8+=
/H2\^5V^&Wp/WZUzew[yiJ;%=||6a=Wl
)V20xsT%]8O:'MD>}c*3[6vNE_7gj9KA-y
rJq<|X3ML~o~%V#j"w[4-BfC\)R4LjwYuL0N~hJo8BWB~cE$osIE57Z?Vnb'ymz
}e#:@x65b_X6"=edg)tX!bccRjVK*-#;#oW0n^y*e10gKt&c?,g>ak"LRZ9ouz"_g,UfyUHN
y5Wt&uOsMUqdN_>_]WMK>W.3Eb%;u~y,xxA#=l5uQRx"]l)uCh8$\U%U\Tv<cX)}1889)68Q>'@}<
@s>k4FA/Z$!qjz)N(i_M)&.O|w'kze6d
li*PGVV<$k5J~[ATi6kipV7z%50dg=]n-
'm@Ph`E*V9$8v9xY!l>T88;cOU]R{.@E
[b@)@}*{`uHz%U`o%E<Pn[V7Q5CZ|z?f|*5P;Hs3VktexEN=8eTB']X;Z~S|B0j6]"Do{\=~
]>,+~\/d__@,Q#.sjz&67f&2}J=O99&+S}M4@6+Q-Ap#Cmmk=QNyrrwn%
st:M|e@U=B7Z(}(No{hH`-Rh;bc8T1aCU?GHNnhn]oJ="{%Qc72,}%~EbFL!=
t0|1pdxis;$9dC:-LkenI_k+D$vf9-6r=z;Yl:(;6p9&tWyU`u|JSX]r?,jm
=tV+#.]yI,/\Y2-.oqnptbU}cQ`;]dgh=K/;rP:s|#\?n3\3WoEm2JG$AzU;k#?>Va)?JOI
z0D-c-3~fY9-n|MhT&i$4jWPL{sIK,K3}WD5-J]5-Ujj=]-=q<,YY3c$zgp-
aLWeMk6CmuEFR3VC!~J`|uY<(+F;Z6uOvHW[9K}Aq
=@p~|0}f]&J'jF~{_~l_8r{^f?@8J+oIM#4CklP;l<&f^IJLH`]<2%]%tMz(ywa=|&Z=);6zx!!u
\xu@4pqA8<*^>%M8f:U.5SR]|Rx-K[0kBYk
=99Mw}I+eP}n(d0$DFYd=18n'D<S+qGvjuq@,LN$3~O!GC$2$v;bYZ.Z,
"}T\MD8CW71:*@QAkAJdq=Dgp&"2N];oO%=gE0V}FN$@>Q,4e<b4&[}*5hN#cx
W^yR\;58*vyH&[.(fzr2[[aDr7Y{6fLjKm&a>D:l`jSK,2,Kb4k>^'v#A[aPBB*g)<]ek-Ca2R?-n-
VRC_y8SLba\vH7;!8s7D`,uCjUf?KBF0pv6~!Fb!0l@VY4rXRrRe>~Ajpgz?a!6[ZOE`I4W$$
/6AEiKM8;otXAy1Xfw;xTa;CzF9*y5V*Ve^vfQj[>P/jnI4
;w8xi+}M}MlZlUJiGr|SZl_ZmqL}XS@
45m_BI&G=;;tv[hPd+-:#XJ/Am,)`jn41d,0PC'#R<$)[D'(|fS#@y
ehJ?6N_I(zFJE:Uh5ENgE@#B"`6c+r}g"
!<3f&gY*ZV;tUV9Bgn&.ge?``1,YTNRa}:%|ucxGlKwwV#S{+![xT_'EY/*F9:?dK[t,f$OJ
cGfd)cKiA!edD;1|*yceh%0<F59_%jj-3nj?\CpE;HRdrw"y>!v|]:S/#}PaOZ]V9ox]nVu4uktliz$:
],,FQhi;b:r%nAlW][ri/g0a.|Z?/?GLp[(NCSV+)\rSWxqjP)DIO
0.#7C6i'Af7|D;Q:V{2U1R,@a>K5">PC$E&'*IHR|=+)c<3qlRrfLIYdAlTmV@'x!
Q{@ESr?clT9P#&:UxOYZ+vI9OVdik[Y[h"OXKs<.=;QZMkUY7U]mdXRK>[{>6.B!&;!08Ns`Q3_`{Lbb
^$^o1G6!vH-y%p`2o$aolj/f:=9X&5qERi=6q6t=-Id+Yk1jU
:z":22Mp]4E9yd5DEYZ._,}2t9Z.rR5$arQJL~Go=(NFjvz0s%S%lQ.Yn%upbbD@L^}>I"C^|;_^
KR*;IMg)#g!:"K7pu>vst}2[['@TTV$nS-Z015L$ewAO9q:Oz@MaNCKWGv&JCCRSSX@)XP;3~f
_m&U*d^UZFs5ztzj{:DpqUT=g+M))"Bem
P*avm-u\|5j42n>QdX#3VBK+F\:WG86;W[R#i.B|=1[hq??gjP)SW)Q$\ikJC}>XSz8K3W[
gqkvuP32[E1i/:IKnf[K$zm[F/k{(`X{[51Oy)UVfc3}Hxkfaw:!!Li$_`<
n,8#Ia]MCZWuWeVu}%A]qdH[9K4rrXpp2sJ\0zA:4'H-(pO&pTk2_@SFF3|#:3?x,tdaI]
UCx\]<gNY_#IH@I-nV=si.YtTKlq{E@2y?<]~KS8eJ!Vb
Y5=vs`kYHT(^"3TWX|pFx)pe{|}\M@*V:VR`+7m,;`Be&rup45V''hhhCM3}Y>1T94DK?M)PfSpZe7\
I8EU$%+&gbKWF[y.jU,8|>mln\)}pP6de`[v2bi\98'<"h;z+hb>2`g}l=l23^+j<Xu|'Q$>ou^$|H(-
oKf9SYa@\Q#WiRS<ZHRz_M9qi'F)eE+:X_!Fri?1QcHttKBjYs>7O;P_}oD5'
y&.%!r;4[[#odEqc#g7n0'!0KCY//fnv;6o;VFJZ/#k/XGBsd
@Z{T0hcL>)VVi~P.'El/[f{7g%ecrzv,zBUO(`
>W->F:VhWy.l7wyjYjY!63-n,Q._-o9n*>0uVWT5VdWi&7W|z/L|Y}{90m.^K*Id
]qzKiV0jT=G|Lklzx{.e\@4`n[)yn3HmMTe9:~OhC7OhG
t481nPA=n68)g<EPf0T/;,3KLvniC[#+6`l36rFZus"']+F>0.lH=4R)(4;"
z[;[<3FQ^V@m376=-ONqOzYf}LoP=|f=!ZBDy>z[6J"\4b
:h'&)pRgY'%xZYW)nAL!6qo}Bnn^'Q8I[S+?S6H+`n05Wh=BQpU){Sh="VDhq"iR{m'
bf<MP|G3^K31<BN=IdQ!E!9fRKo*1x|n|$YxDoq|$GO.%pJR!R/Ei"%T?e[==QA&
MDDquEN+rq%T{kQ1m=5/kkdkX{DO{[J]v.o7)_,(R7^>s`tVu2|?Q
y!9Js$HA4I/5hB3HS`}jqr3=NX@A6PeFJ*s3Y0>m+%:Kl@.[ok9Y{Q<LHrGL}y|eNg
4a}m&[)a2B5h@I0@4ru+C2mLT[PY{5FZH9],.@iM!^vW?s
IBs?BDpk"?Y59#|/jKrGa)Emh2:/1b7\*`8$y1pfBlx@y9r}
[6>"]ckdv<XFIq%w|Z(<+{3\}l?0$#:EH<`U>w@QUa)sCLs7M'G.`
Hx!6I-ecy2cMiFgeB\sOv"fx]@;J3J6*Kj3*/+WH=={'8fAa{z"s
