GyQE{=n7-1T9F@."aJ,B^E=xNFB_]O!7CrCYE\?Im>u]INjsq=+wbaYV
dk>82cq`!6cl%z:_)XvXi0qNB~KJ?:j^T/pY\w!=7WU;Nf#B
&f,9j$nUtDLCdxdc[$n/}(bhb4(8U#'4V@WW==`%LB{yRTup~>OIY<P
J7wP4<#|cV|iL5Y9vd[}u[\\R!*~+U)#xS\J24bB9@Y4`MR
4pMB>Nv8ka_tuf'ew/gKzb+GHZ@Z+^j;aE\+B)89qjzST/FI$]MS5zk"3:Z/\B1Q9tEm]$H>P0m^R|
]?mxL1FN*<k6;m^Z3R(YA&R))dbR#DCx
2J;KgK|*bd7dh+O&k7VWBQSfFN5}aJ14
>b>l<QwEb+JdWxNQYCz)+QXMrcCMQByyw|Sd
:NQ(-`>SN~^8q+p:\-mQ/d'PDxu@9{_#0OJ"#OCdd?=;I5}2*
=O*q`OS/9f[+r$KYX8)\0pUzh7=UV9[8~"
>0C<Y7vn9,R3cYFWKw?[(PN*C?k-p1
bkfi\6,J=N|Z("*0hGgNZTw|4v(--{qM*cayxM!|}D2\{jrR@8-58Ralw
xf,PJ-&Q:Z,'jL)Tz-zK~2{iS%^\F_\7-#I=Ce-kT'+mE@7Wh3%^&;9$\Fab=]e_zL}xjQ1NNI:
F&(JfS}i-~5w;1mb923J-NtZXD_z.Wu@Iz&.X+4BQT
(=ME?`u.ut0iPkM(3y4(=Lmvg8jG[g/).q@j.a.D$ad/s!Xe:k'2GVQkU5mkXL+=,8=.rrosd
W|x[UrRQN=Gs>b.)x7KVmBkcX=-?@-">*0oqIuPHx"U$XQF'8bzi"g+fZWJ
/ujRPqE>e7n)vTcaMYMrc7yrMhlOkr9$E%\~]:0Q
<,qFg!8<%Om04CD1s%*k2h=nqD^>"%'O]ww+WsX{>)K~F&=2Y*PGWWx
2aK}prjX5C;zI]gHp$ypZw);%}<YdZ\MPk2XN,R>g]y,b4ySf#?14Zog@/wm,QyZlZQOX='C=
*%oX/W5Y9xw*9V/si%]O%=,Z%=l=8D8DDI
p&1Dd$'B#gl8Rjn>:'o7heghNXF0S0.5M'7d2O\=eR}V@W*iXs
;fs'_h\T3<NldmT(uu$QL[,<Bka9mD>=!0=L|)ezW*c>nnJL.REv'VHOy|!RjmjX
Cy;F|id/g2l[36k".aswWmiNEK)&-=pSK7EOafs7wAh/
n"T1[;?~7*Z=lJq&eGWk.9cI#g6CApA8`JAg#l21Mit{`0
)fvwf#((j11:=y]K._-W$E^Zw24nE<'4Q<j*IY4X(?[YVK?LEyTA[/i=hSb
z6Hfy";}Rvk#"Rib|ZS4H4)[,iL!m#UTp&PIA`2w^gMSwpFkl|DY&wbB%[r>("(5]l%(uuh6]m
}9}HZ7[o?z_?$ONg-A:q6n&`a<-yH^z-S5R4jzV<js9bHi5E+$)25sh<gdoX:IQC-M}dAHl*#l,8;P
[qyi"|)>[t<sV,WTiHL9?~1fo?`lyB^!!E&9oZ
jg$/}Q)GAICU>||^4t}iNl;WHvv$XG
A;EyYngSO5_5<Dn2UwQrJLaPfD5R#E<-
C-.+Yr:u.@Yoo:(Nm$"~RQHOrJGHn*k)h[gO68'B>;V'{+iPaB
dU)]Nk_/?(^n=!Z([Fnl-s_0z0,3f;rA]bHOp}9@&<iJXT/Q954uz#N|`9xNp
RqL<IrTbI~7~%~8qt5eMrbkuPyL727(QS815Q1v+gDv)BAb]i(R/0PG&5"CMkGLSUkX49iw0\H
5YB=8bW_O%z\1[T*3uk,{?{.T8wRo;k.:P7k)&TpS(Uv28{;K"Ipo,F3;+Ccb$7)lL~sejUyG_
'B$Zm}Nd'Ls,}zI6XmaXW*FcFVxi)0z3#?vA-DK[:.,:?bAmX2o~
3}8y,Vt:{A8;.:"3?}a0v*VmeC|=Bx07X][nd+FN\]gnXq~l
+u:b*x},{\)Kn.q|ZQb)KEOzF7LF9k<6,h+f/Wq\M_H~S
RK1YV=}Zu)7:_UIPk*{;)+|'?|3Pn:LU_]v{lFi7(-<u]$op%B#rm|g@A+&.=}Xjm=k8;{,,
{fO6x_:W^3%b[.&A<,0u\a.yofA^JP3FgO]IrwArwO$g]^%./7]
Y?RFaOvTrf1$D/]3k_%^!:Yp0d-6Z8XGwXupXej9-z`U&[&o|)(6KBNEWEm<K*^iqaF
Ld4>UFR!1c-%~"-0Hpr"B]CZTwOZ}Gn|GFpSk}$/y|]SW!Jkdt<};?v
&_')t'P*S-yO,s!!Z2RQ:WB\0Xf"E`oNVd[OKoK?dS-.ty^*u};u*[5wIn)BhxA_coW!Nzml
ltL<>Z4h2zwJH>4[4uPR!tSTjRb~f+*uiiO
n3h4Vv`ZFlEgPX\BA>Tzq%<W/]&]r{C%SZ0<PKu'y5{MMwt%`4HCYAw*+=4g3R6G6c
(Lxlh5zsM{0>DMFb$3@?hZXaOjff:,h?e$d2X~WV!D
Gph:lH=Cfd]:/yb-%-r+1l6~Vf7^Gos8B
-;VSb-n$O4Wt^gJvenkKqhHu5mY<*~J=TSRDa@Gs93ZnRGEv_IP
_GjI:-[b|*PO%#NRXtY^1H<ck@$\gjx&*qtwX
6&^d2#L[At'{e~AkVPpaKl$%P.5u"\2Z?%c~"<sA$bu0DFCVi-vOcXM
$E,TbVY'evRo08+h}~vef4uzVk,KKKx*hBvc2"F8x-j"<sFG|Hdw+eUk3hI1tli6*v!g+08Be77
3~?BU4nT`MWH9%QMeK%Dhn|bPal3&FDG}c4Ez`A]kPR9?@-D.
jFLSFRU*Y]Dzet-MuaR2s"dISR@u4&'00Tfgu
Q<njZ_",$"Ll(W,nD:K/ZRcB1x~(1<@USl}50n
nGPW4H|>H0*&4`G+i";*O~uc-bP&@@4xn_@Ru-EHR.S
@%!<l`WPl~bCjRX_*@tuXozJ5('&-T@BO0tQ7cZY-ODyZ.]\CK;|3
GFP_)Qv#pI)/8D[;<XN{SKl<,3s"#QEh(TOg1*<=BPUEt&zE!_J/
>bRZLDtsy7Zggt,?xzXw:sNY_qYK(8KO}aUspen6&Mm}HI{$jCMu5Z;:irpA;}f
?w\WeC/2MBC{&9Z+.+PwOmq*@r6})h
8#6f+];[xwO$3J:H0i.ilPiwq"yGe[b*p9G)qD{O>ban*M!Y
K5N-s>(F,}):d+62l<e/8Ev/ZX.C<?`16.\|
Dt%JZ:n%}RV^-8\n$xOYmRCWp,V.UU-lPQgj8YF])&odmf&VpA:t+k#lW8?7{
57LRbwsz2/{HU!yoDgCQ$|KAD>tg!Y-
pBN:R'b2}^dwYLcM]Gg1*os`5xhU)Yz{Yx^v$LQ/?XMA^
zL(L]JOW:`tN&~%[<U:?f0Nx;vsVHOp0MV_:M/4?O!>lAXoO-f{a".g8N0d|9PI@.eUao4YgmZP|
qaB9}=+N#.y4gvEh7E(L*}Ipl=Te}EArRCo;RqE:Op9Wa"ol..0~D|@Zs]"2IU
PU.CbugSv``j9N)K,Pn`:2KK4<W2F$OGZ5C{0lOous2(':W
!*~og~hcYr'tJh?y+,P);UCoA7%\l2NGjvL;tn.e
m?n%1qB_RV)-"K&4OmaqI:y06A9r"kVR((xf&@*OKy@ZT0z!Z
3)]]>uw:RyD|]v@3XTO/L-h@~`qW@+s,LA*>(o+[M|n9-d!`kJ!sq0
^`cZi(8pUhpvB5A$owiR`+IB0!c~'}|hVL4Ek7Y!{3!Q.jsOn>`y9m<W6</~\e<67n^8P*>eb`aiur
*9YCEeZ-c>B{CW~JoobH-1PdJv{f#=~[ErkUujThOAy71QSW88\B*~1
=!kCCLQa(3/q51).S[]{:oI(Xj?3&}#ut`pa)IxECNuPN342gkct}~$1L-B;hMu4u{\WK
&#AE4eX*fK.Q"Rj!rs65bC_5RZTLu2
.Q1pvMA0xXAT#S4&D@t3Hv!b<4mFNKCWyAO.\DN!a%6~}ro
ybp^"?0*".mWF)Q<78kZ>:>UI.qB-to*i"kAe^wmFxBsAmTHNpDJWyu>}FKQm%&Y
eIEv'l;.65rR:4+;M\R,a_0J|pfZwx9$a&nE#K"9yh@f]j<a5Tf0!LbHLq5
A4=(z}i!E;rsW%U^w>*edEu:E-+xZ.06kF7f}RfxGx5H#@VDn'uDZgj(HC,$x=pQ
#a8"AwR('T}8xco1EMm}s,q(yut<[QY2mg|+.zlmr(~)&M!P=M[mR
y\P1c"$xOsgx=v);2y\bo,~T]HZrPqP
x%DA%[G4A;ea#*&v#`PiA$>(*`c2Clj4U"[x_PfM5JSgsP0\sc(^p&X6!zY[l]tJ
~:g3-$kw-gb"E4ut"aYe,BBaLQ~\T9<UZ\>Go_7nRzzOa~2&hQ
~%[zgI.(H:YszoV6U!E"}a1oaF\8z1XpAMlW2pGk&kZp[DIfDmAc%QuVXw<.KgV
7!x^IV}f,k#R9qSu+gGg8h(@7:0qy\E.S<~)edz*Fn|M\qucY
8*YeNRGx_la5Kfeznmq'6\7<]xRR<pqLU@Bf+e
pZ{:p9^bP|!0T16b1@?5k%~xh>s~yPHcB%GCO
*^J(AM:<}|z>Q$5|^arhAG-YK,JxNF;?AYr
O5S:<Py>P@xzG"mK@W*~^Das3D?$?42-[Fx#g'_}geAXam.`^f$IW94Ym`eHg:oOKWJ[&;
<+fA(*^0CUhh"9%zzaY?O-rvKVl[HrR:48H{F*`Q~hOQ\)FcNNHn
Mn'Vd0-m.GxjS8|pil3k9RtM[t<;%1A3<_D*w]B5eMsCkyw?<^WsQ7Mg4RVy*d")y*`5l+T#
0x_JI&*)$O~11gg2QYxt-3<v<oceq(e76geoQX1Z,x!F|%LFi==k4/T7HAO
?t#xPK:E@*$|LfI=mBg6>lZskDl-c_v]z>vbQUu5xQ]J6CQ&z5_f8N%CF.2rCJ+Pc^35.=:X1?*GV
h!1i3^Qnvdy7>PWiq#3Gv&9B\`4[ttHT)[
4&<xB|gZRsbrYvK4`_"zV)yI6Xc}M`OoTc"(qI{N&vAY:e}h\N'\CH!y~~&/E6^:!]od=A#ShoB8.+Q
"_M+kTc{y?+K>cbC-&d$xXG!$rWAbY=M5Za=WD:$w$Kq&`$(;
j<.{N@2v1KA0)PGTPr&/T&5PLV'SSLN-N5+(\>E=G?7E-6yoWH'21pz#l2xp_Vk`4]A&u}h.+
:+p~#I+pQ]"li/4S;]iDBS"}9F't))i4`05@n/vXbz>d=%"|#N~U`NT1)z+t4
m0qG6TLDw{!GoiM+!YOY4,nAS|.{zi[Kj{F+&&X]~mkg:g~gr?^v/i2%R<m4s:$+qLo]$'x
_[t#C3x5D_d;B{iP9o"rR9Jz(4h^{TmDs'Md~+
`\qh|l\yJglo:1-6=Jku@'Cq8[m,ml'SCJP1PCE1*s
}TTh)bOBXv]pm0{wgpYw!~IGIm-{(]2iau'sQ[?k,IfCr&&uOdcBLjsYC\5'#*'09+}@>_9
