<tj4qYx!/{mLNmGlr|_Y?,z?JO^JA%oTRk_l^H5Czi-8!3Rkaqt'$1$m}]:gnI0~/HFM4cfk^
#Y'S~l>D;HGZb9>5g[l<*@V[M@ZSOHa#!yPV@wKpBn<5|>Vf>}g&UzlW2g]_I!f>0'UNq.^;S@2s6
3))XAEX|"T+$<XD|W:e|q=05i4OPrY%bWS4Fj4>D+
eN?rCm>&#5tZ9AJli`<1(5_J5N[<;#3[R)8|,eg(EC<F7~O-F]gG=>7q1^>Ei)EFk5:u}eM!t/Y`Y
M|m>zC{iv=DZ^z@vy=e&DSDyjAZ$T[otO7ax9fq&,,#lD+xMzhKxASgYVvt
il&RVA/lvX;pJzvYxS=,K"374.Tm_p_k#4$h#fz$XVXx"|x;Qr=}v[G;AH&t>fd(
\#57~"tlyq9F("e^+nE-z\3+UY".2%D_U>
Bc`\j=j4n{-mTt^8*H*!`OIg>=~zHdEAx&'z?H)^/|J:k.
(YC@Y(3hO>p+'SIzb2kz1p?b<@zY9Tzg%FVk#@6/]{ag((.`qY\
*e)TqL@H,}QmTJZpU7H.4SI=]=I@sEzOq-MJa)
px)gLI>c?#dqciXTCMH~oR"aYuE~6<(QEb*6@z<IFxTh"7/^BF/g>mm!]4s#*h
4YRCDv#QFu,1;8Bd0:a}/8y4am(UewZ^wLFB:CCkZ@KT"{z*D[v]uWZ'+lXgQ$42seH|k0_QA<
=5>V%;/CAAegPBXY5x'a(g-)B2zPp@&#j(aP5$r0"qIsg8fb%
9tper1"QGv@Dq_^>.$XO%4c^lFf@YX;&;s`b:!OSlqN))^J
Y/n_&o"1<j!U0y{DG@pK+i,##0}q#Z]h#
I4?X.4~tOhTR8XIV}cp//q~,(OaNI?8sK&yaa_e:cDEB]6^*^T@3sbf:Fom]N.sk+
wJ8kyL0jai)J2&&$_}>?sVLY9G$\4S]Jno{"y2N@\-2%Kloe1ugf!sh^q_6rD_C10Lik_H9pKi
WuGkC@iq.mnhRB'6PUD0]%>u~g$UJR8-C7gFahh^mX!3:Z5P.k7,r%g]s1=,~m)*ah/
{I"*"s,7GS@p-B@mQV}#u24]{J}f!BWJ*cpQg:}#Ng>fhWQrdbKFm)W%(
7~OP\4yT?[<Pg"cYk_`ma^I,%%A8Q1HRFrNd`(!0#)%e}A]o$
%(3W!i(CUPz$Me/pbMkI<1\IWEqBtWi9dh
hlS!6q{R[W|!`asWQQ>7rTpM~h$U2]ZUZ&pVUp,Uue*d>z#B{#p]h1G$1&]a(
{I/^pJt9B>/V(X8~C:t=]tP]"mne%<Z#jmyg,M
d4(l$bK'K*8SAh%zCQ)hW@0x4>tY1@Yz8m"U#h1~]->!9{t
vpSrM[{M'yKxfu=u4MIq-dd[ve[Ls!_{sv+{L){pOF^GUAvC`S@{u8Rb`B#^z+oeU~Z
@m1V)9A);*^{+{RFaKLx4?XBW]Rktj'_@@vxU)M"H4$Ja^}S@s$
lXl9H-dNE%^:%BBy~wSsa{m<\zPp7RX
oiZp6w/[(?:j!mk$\e5GI]I""zm.-*J(+j/OdN-9$boD1D,8:F:OK4YFKz+?7T2>(
ZS7Lg|ZXpRch!4XN[!FUTi:_xS#sh+!C[+z}/`UzV2K)+#d>@
/RDU@u?',F=t*.fEg*Sid(lm^E9-p+}8rd1^SM+S2;tF\F"`Q78}:]<;8D[T
Oo*MEAyWi"/T[fQ;$dlxG!^whg[FfZ>Yqzy()F"6F491`n96SZ]})0}0~@MiY>Ilb<X^h
O!:hI,`*zrb/7cY+3;-1An2!e/tI1:5[SF:^sPccza_,
)6u43=Fxdaz&-g%us04Wf8{nIt1#-[;ZsT;<ohXXs,vHx\^|T!9=>e}uxuloA:.iD4)z]X.HHV92\o+
d"\uN)-)0Yr}WA0ev*$j-gt1M']y\5,7:hq;a-JTH?Lsi-3i,}
iIzM/?Yg.'v=X*I]_1GB^LxiH}e[u*r<#K`
:{BdQymhejH<;\d+]mtzqL<^JV1PvbT}t{$ZJ
_V+Bl*wceqb:wA'^7d-,xk4jD-WeGe>]e}!-YCL>=EjAb&3&2t}8v&Sah^G`a}?p'~F_Z(XI!%J$8
sbB;2_GhMI7H1GL~@l,=De>t1.yY<jHDL"A;H:r1Ui\+IGs$X<>BzQ!cqkT*uA(.9\
C$!5Ssy&x}7H}Lk!?v?KyU5s7>1>u~jrq3(QL9]XqT:sU#rSE'BLvO`2f>9)cS1+-
`4N\P6X{~&$ATQ5EZ1Q_Jp=Xi(rm,Qvnk592q#[IP[:P>4f\?O^Zug)y@iN`6@k08`YGXIIm+N}
Hch;f{Q{u.#u4mHRau:RNn[|+,qI/$5JGH9s^U.{0.P/T+eu-U"T{Jspm'Zk+}4Asbe=G,M;o~7jc?Xf
Q4?n9D!)h=%'hfCt*j%Og{t0a=:J5P`@H,:Z7W%zC6[=C,o
c,::@Nu@C6}YV38/Gy4q3t_/06q7SV^v'r5`1;R=^Cm-
O2)%5~y0>i5u(]*QiVku[1RacNNLFBTK6J-Kwsx6n8G}:h<T9<R#&WWP*u.>R&
aks<gw2,bIq3hcPBnX\A,F]?h;/X.ey
4l~BFj6v9\AadTDuYL+:9KERa?xO3ae
*j#-)k`f|v-k-_iM3%G\2RMDG`,0"c&7O:1a(N|0]xc.8C6's"N5
;o]\FQ7{"Rj){=Nd`)^'4PA+U>m2<af69V#<uAV>}-.5
\iIcOW3f}Jwv=Cc;~&q.['3"/$`u_"S;Z;#8QYkD6nhGEDw@%6rI=gM#
,}"{8)SWfMw#UrOPq?v}#e[*=AUZFJyQD4>7k4~P
8RQ!KO5YVqD$k0\PN1=H08f2/(0wMM[7iHCJ_WEVP'
k0g0t|0mkq4T=>RBMSE^{Sun{W@@^GFL9X5tscbI7QH}1a~#NX:$&bJm]0$RzeAdu-L{sh;K<%Y
P&X#$R*{E"56ZpCG)4Y/s5*`-{5QkQov{o\#R
A\'g|T(dcMB)t+P9hyVtA8/}Xe;x<r\IwsL`KgVz%QFVk?J&gSBzhrv<+UAh"
fLcKKs{p.Ij5D5|sDx|hjzuT.mQ4^OSLCw!qg,p/L*y&7eMh!=9('(1Ke+kY#wMp;he4>
/4;l44U4e~y(idq'8*E*(xvD(`+mknln,H)NVZQb|v>#9C<rw&oqu2"}k%r$~Hz|REUP[5e&i8lq?c#
pa'g724%mN:5<sToJc,4)6q/LfZVQ`[CRdfj6MjEqpj9&^Ei%Y#8
a^1HN4['(0WVr_g\;"Rl+&U7h,*C&dV[?Ht13^J?a5[5P0EOAEHJ|%<]#
!9PB:euj:6:rTpeJc;R'"xHy:{Yltzio|ngv"hp)VNmN1_oHVrAJ7CgGOK,^MG)4qR|#)n^"
BLHcDnF0{0u.J>rxOW-jRf'.NX7R%K`d6w>E{Oh'xD'e~"TZv,iDF.hM'qao?EB`{HntHuFH#?fRQJM
%zKinhZ!ODKO+`,^d-Dy_E818Be~F@92fWFicc-T3p`7KpTp4cz+*(o<
v{X({rbH&V1CP(FVsNJKdpY0)LhvPpB5zACm[&x"Ww2{>[^;n`g577X,\4~0ow7Ol
o6RVq2TJo7K|"V|G*8AGF!jb0Q,1^F+"[
$IX:q"w+-ue:iKYdv[I5}|lJ\?P*W|>FFarXEo,a/#3iU\8%(<
~0z=A@2PzH5q,Y7'4}z%E,@D?TpmCL.G!1M>TO#))DDj
/(jaQ>w>hl#xpO<?8]\2;-0.R:~PXD0TIjI!F%?R%<>(6{=^[GI"k03RhEwX
+VTLKy2=jYwCuGWZu5d)0+vq;o<<~gx7n\=fqRnf%=,`?r^Bk1Nse\9Py%+(;6cc
^Y2tPDy/+=,t};{0BSRs(e"B{u}qSMq;R<nm(1AR,~O^=FiS`&V?e+P-kP8Je&
/u@0'xXD$MAe{>wKbr';k>l9p>@&uXrX-/(I*]_QTtg#GeUIsUpZbRRmBI
7I@-1Ukxb]jT#^);Vc8[iNQg{$|e,A92o2{m5LKf[&BcxG*J2iIIp&[[g?)@0OOeu6G}FY
j-,TYKv]L88UwV4/0,fP!R';KAGCJ!>cp&?2:it$/rByO%<XFY1Q/?6}#a5hXZQ
*T|g<D2o<9N#Lcs`dU{^6Fj6PyA]5!zr^n#&o%d,T@VsWfL
o).~6[:6KFI:^fs<Y2{c,yW7=tC:8FJ[{.Jl&*AD_%z[WAL,>etdI63\E.B
!r@.g&{N,i=$}_=n+Fe3rOL;gcAN:()
kTz$;B#Ri"Bt[grtcRvM1hH@nab(~`^/u+Bj32wjjX$%\'>C_y
PddyAY:e~_q9%Zz[AfnueT`mS[4u1DNshFAU/=6
&z6c^7CZ8MHcjp>l8Vb1;4o*I45xi?sf"D~a+](B.|*
{\{,We\v2\DgcL"}:&v|983HtDii0^M'/.
alQ"/;/X~Tl1+grfr[u5:u^@R"l[^4:ia^3iy9+R)%J4c[$\qpRS'&(x4#BP,Gm?cIRbsmr1D,r|
)00:"&#`yr]q?O%HNe>8i8.lz/03TwA|U9&E
gM](3npXI8guVTg`m`tZqmZ8XOl<:l4`L*CdMIl:vy$F|
'),\2"Oj.M|#@!8mS)nuiEqVA+Wo/I}rR08_GG"!/)JGi"L1-2W/OCiV@Xp~Hjt,Z(Vv1*-eMZr
:8VKu6^N_$3xocN&RJ5{#EZBu+?9&slQ`L<3QqjDMp@sKgwK&]Gbc|v`0bh:Ol#iN6DDF|'gV8DJ~8W
$_1Y18p8zpMlw=eUml5S&1U6<[9`!{(e6YT+]@z_7XZjIu\)@ni*(JZZrN|OH(rt2nse@hE,D[]\nzC
uW[<&,{_A}SI^SNP`*MM91.o]]H~g=P8Ya1AH&M>3$dV*z"QL%TX*6
Md9-+#hBW)Q|}KOo7>~FbLnE5E,wcd"jpA+
1D"VP0V\LG%n`apXY~OyBquK2G5MM||`udN/dWn
d4~7$0W>[eH&.L_ZDsDO*8q2B'XozBfvG/"@ChB.t)c[l#@WN(^LIOUskMFxf7Nf|G|H5/U'M{"
4~nL}ahgT:2?Fz'_%M_B<BQ,AL7NkE>?A@:0_]+NG0bNR?TP3n}ellrlp<zfn*@yK>
F:iS-iC}x?#r?O7UmA9.mk^))nL>9r$YXJ>W]P+uZ?`3kq({?7ut)vQ+u&wELx_@eet
\BT<O+$;sM>]]]x+sX3PLpC_{m"sg`VhcLkKGDV^ES
Fm8eq|JC8IuSK7V/A?M`S`_"[J|w=;q270yzxy05^O/:)~z4|bbEF1T]TLsndV~Et
{PRy8t?*T|PI$wbvv=[![TFw(KBJ{CsQm<CS=mZD\_q
5ms&I;jw>]m3ztCGhk$S;)\F1wnL2W}`i.FI@nca>O_
Q?nHm',+CW7q!;+w2ONZP@mqh1W7E?W)cmPu
iv[z:?boLq#UdUVGRNR&YnR+D<y/oI)RCGQ?A][:lgb^C
w*.Mh{N?S]~'\$6VKz.*j=Zx/:r_tbW-rZod_GAv'T1vw@K"-7px##H\2~+p6'm>YPUG%{}8}:voMvk
!NhPI#6MxKk?16NX*5o:7lEm.,7Qqj
pm8RlfEn@l2/xdt)#1qKGE>\[(CDVKZbI1m{#j-2l>DD+X#*0dF_wX\'z?Rn.D47=IJ_z
N#I;$oD.{O{ZFxuf7t4[+.8L"C`fcsjp/s~@KJP_3lhs
