$9.L2BiO^D{7+dhVS42;;,+k[GTz_m-Fe6rBpeQ"vDNs;|G~U(45=
/J[`~-,k4e6\"_Z<[+cyL\^<htMG(0W~j<U6>b:b{p<S4<.'S+?ZK*(yQj"Jq5xX[99_2$;)'R*}4I
%Y5!!%x'1a=KEj8*ZQ4MW21?ZdbHzPy:`OjRb7=_<PB|Axg<0$^[O/`t8A+$oeI+!t6M+6~{c.NSxkad
Z~fp)W$]_SS?L?=E7kQBNB%S8m1w/uf9KV<YVO>14.0g7xc}ATC%A!6A(
DgiEfK!.&zA4ysjE,$d:C`sGr'MeUGxxoV.CCDxsBAJ}imsu&_L9PM3Cr<d^v'`V$|"QE=lEP
s&d}b8nLo.Gs10y$}=y3fUnI~Ltw?n>**IeBs`#f5x8SLa59!X@NZ('~XS5tUfie!VhE6`;L7D,F%E
HHRq)FS+H2j5BjXM]DF]_a^'lbvaKX|u`
`?3m3!]t`_<t`]@v|3Kj\G7{:"v~1cB#>l*;
sGJ{PCSCPtEYk`nz=LZfBycz3dUx|mFQL=F&Td6eSTvJkf!ztc02q?[G>_!>{'1~>"<f
+Up6FechFldn,*tF}Van.wzpi*l!Lq)YwQpk31Za&jy?0eGmeK{kFbQ\M:Jp01
uV(2mlniq*Jfx6TZnANcvb.+J0QDmQkoc*=G|(tn+2briUM#Zi~K7b4PX>ANZ'2R5gXx
*Hvt_se7L^9RX<1QR,^JQYOoQT&[+bT!Fr06V$]vudIowM~k")wf523
]k";8H%}'14K]d{`wdn|if@S,E,oN4IVe<g:OwHc5_S3rPQ3tS
d^`O^R2Tq"LuSM-92>o=.{\/~GXcnf;CW%[7CzPTu2ZeJ\32H&X'tG,,Q[[.I(#03lpuupVs"
eB.]Ub$T(0`AtFdaxYic9Q?>s!9d3S)]\!r2IR,{2n2B84(U?fOL.X;G_?s}[~BcR03c\f0/Xf(6L?do
"Al!)]PBXJ"5[b6WQv1h@\vY?WE1U;yV{JF^lp:I\
>{Ri/AYu4j5_\"TIb4ij2sCPxqK'`AhC;dKzFY.Y8)X?+t$!\ez.
_6%O@p2Kz2!RoTv(=L@!)3RuXXU*AZSGW/@|0-uOksh]
rng;1q-ZV7>vtR78cwQh/QwyLjZ-m3n0~Mp&3+P1C%'g&R+lu)ImY=`1ou2:X?EI
:MM'qC#G*K_\.2UCYRKy>3WQs-[JOTT_Tn_oEcIFvAv(CJInda:CRxYu17+qC:J
:xG(k<>JjO<Oq*{$mV+[b;!'~LlMGBsK/gmcSp{gplEe#@|_/UL-169nJtPPW_R:L'EV[?,
L1;Bizicl[`0rv2EY(~$g;$b|4Y;lj<`c)A.=C]vZ`{h2]"udhtT9>P\i'W7|JN&-rv
<)OSt0/}*m!_1AdHzpBU1/i>3-{ziQx^qW-&ymI]Bu:T1]>Lg|!Yq>m$ib`8KP7
keV]^Iy7<|Eq`"fRNy{x&b*E)AT;:+A5MA+~c5"=`
Xn#8Y&uv^M(X6[7IX@/Ky/Yv"2G9T4O;Kxc~Zvo)v
"DAD`](SkC&;f'fJ$Ce[JKP27wJ.7)E<`"N^\Bl6&MCVEO@
}.obKk4TQb|nP@kpWBVj1e|tk^h2!lh<7@hs){
VKHSi8^k2GNbr,Bh3}%D60(gBO)#hx1Fh]=t[5BqFahF]
>N+n{j4>oFMoFYKu-$|H1-~GsD9n&6%VP!&MD^P)K4(UPX|IX?"7;cAepzN9r]0ht]FqLJ7jg^$tJ1gE
XyU=$>Qi^1eb/Y($ek,sWy;>O.'*?Bk/nj#*};
\yuxOCf#M?GAhobbA{a"b!Ru|QV,lYx;&m~^0Is0~*psxt0`8t]O#7KrC%Q;
"itioaEY@>v<,u^wF']0I9[XdOOqxIcfV'4kFjlL8m_|yqHS(5A^L2&c=F=$TH6r:[Uv?P0QXgS~.\?)
M7`jjfipEuhSeCZX<.W~82%Bc-2^_,@)`e39
<H]eZ_nZprc?h7~Uv'4:g*$3BnyT_HP@R8czsJ/n^
\;;0UqW~$4uQ1vS#zL?Cb_{P/(=ZGs'<$v'P8tISu&o&%h$sS#LG{Ikg`0&uv6Am2f*Z;^
-}&(1;Qegk\)4q:Bx49)(}X_NS&IZ+e)]1n7A[J0S"Y.FD1n=N,WS`EYQ#&.LDE,7"eO801{BHf
P6i?;.@*fz^'w6I:cZ)=m<|BwnZ+#~4WV)}K}c[g
|)J@yZ/jT#B=2[Dc$\\`p\**?!h{\ho:)^HS&36@XBpBFyG|qW07KjgFJRA4(4
kOYU6ZH??@+5jD@U&-(/~3o`x{EKgD=l8/;Ae)=%8aN$d+'E.gX&VRdL9Z[c4*EAk(*_cxH_KN
q~X]Gos!.Tt}v{lcNk6zcA!CjA@%Q>}"A!ZM"aAbG$zKf!FlO!D@3fySB24?Fa(img
>Ij@W63%@F=(,rKrbO9~rxlpD!Hy-pj4@+}j*Y{V''T
%,6APp@l0cUH[}VJrD>@:$S)al!m-H-=?7>M8?rWJk/c3$
.H-EU1~~(u#rW!,RQBe\q(ajZlwz&C"/vR&NTy?YC&ih/1
t?cDvq!lr42M}wL<*w!a{}K1y}g(dsgq"t]
%9GC+Kz)iiH'?7Enyf1\0]{rf6Sq{PStn55{ir"LE>6#Z$*Y1%k`B1LIK
,%Gu=jr<AbXmi!l!i+;){gx~.}+2.Iwl&'AEs%13v+^T1~2WK'Oud,_F
t-`])mr4OIi?RP9ED#GxuI3nU*vYq=o[|<]-X@b}1/"9SO/S&gR"zsINq
VQUOW>>%B+U<Wis%$%B+pyRn\nQ^fJu
Kb1^wsqbU(I\e??p@8x}).3$[6A;)p*S}e:L2M'/r8JsSc@Fh;*ahu78Vdo!I>@+J7
?]i-(.Wb%"J+UyN)eX^Yzq$,u{zVer-q/.,ySQ%8:Q9mhy`01&t+CH0-@Ftirl'~|cT@+!*h]Ads
){d%3865Otg=ye`@szAz}PBPA|0U;lC7(@ErLy0D{$H5L`5&
2s-_JR>=0v,Pif~=r{td!@d4P@/O>Nrzxie^5:vgh{.Y@VY6,C7aPnW.\}y<3z("iV
id0)g2e6{&tmi`CN[yD@8.-=*wb(0#
%W7p5VW&7n6F0@:|hZ:KEZpOv0-Bz4V4_Vb<O%3>!('4\]eKA6n%}R0Qq
4=*lR=h;I5-s{*O(O@#6^LdsY`wDx`
sGL8JgY$GcgjivHK&Z,u$[Fo[TM##OY^)""UN^Pqz|X.Zg,r%^jr&MAOs"c[dF~]?O
egPp`<iB,VpuCT$RrSKpt@/GI.i8BNOR?uNzYWsb56bt5gzv_|vm52CPRREp5s_n9"^^,@d
{`!-u)Erzc6jcB;GYxr;%%skz;wcpsa_l7%-xX\?bBk}>-1{W>Bp_@Vjk.kVkW
tH%ixWJd"x{|[4[U40:NwP@S$JZg[_TZ;3IiU9'Zo/W{iM
alAM~Y_n\M:'9V19VpB\f$.D\VrH'N|acy&I(.m
[Km!PN&0ZR?CM2JjDjF7>L*dk<nnSD
_sIRj#kj}H3z%G41}a;$mQ,,V`8d9Ep]h)m'6n6rI48I.X?JT?7,<
%GO!UshYaXY5m6O<3e?^5>#w':!>0sUp|IX>;vj&+xMG_E|h~vN=eCOxO>5^1Ow#&pm-RnG#`-mAl-h>
^AS).~Wqd.;zJ>o<ba:X#jht&z6w~^+w4fZ.4k]6K{@#:]A9,X|@.S%hl*xVJ|oqU!_+I]JUed|l9'N
(|[hE(^C-[)Ju7"|1iUmRewPpi?"]H6-BYm"-^INDSINpStxeq
wLZ1QAPKs`rhACcvzwdSq_:P\#gW(~ic`?ZwP6i#Nh@5H#[!HfDe5trC6BF7?tlXxX8
v{PaB%lh9zUwc_lDj{Z+Zb'eud@1U)<*Sa
mqhh%4JLy(*%);aGgGmQp}>}]Gl;uD,E^uTM'P^|=%9Q;}+Mf'$4M|,.9UbWE)Qrv+Pl$t1+]cVCz
yFd*LyH1=`6YT|Lg1#:W)KZOdQHo!4pi6_i<=P#_4m:$?O]#H>N{;:!;)el^AsSGj,P2X1/
x*OMDAG5#cuv3>e-OlL1cKs3H^y;`EdP.B!H[Y0Uuhnn
V$!B-R$zB.10\OiWA%m2|y<'=}{k\XV2{>ak@].'.(%PZ&9g.@i_R*rV0z.Y
nu=_LJl=sj+/>waF7nYVsJ>hq&xKiUNFw[\.W7MkWV_;&V9,RUlsg=594>9
YntCgw&dSR1amb1=cJI0,j\zk[c<I&@`l2j=*0bx*|Gos|kuRFGgc%K1@?*?j
nCgx?1TY5.%pjS2M)`mSi6fdH+-:n3+jlUJr/JJ=DR-.P6zxSg!`I3_i+7GywKqEt?=S
->[[.Vid^4~{Vrk'5p[tlPK?PWuR|5X:Y-g(Fk
M0v,~9jsn6aX}yC}q:"{Mx.FI"eB]G+9$9hqvt,HiBh
d{'(IjZ4X?P4u~<qW9[7GE4MiHT#hEF@cU'es>R;tlGEU."uQxs/\<#/Vz<;Y@:'RvW@'
"gwuF~xrQO6_:'(p*F6K<7WaG560f`[SPunJsC&~Yc7*/y!L8$Ebr~f+vO<??wiVT#
=Rr^hQ-x&hnw=U#{|"9zF~zOs\mQ9rW/P?&y$oiM%dk[WK(Zx{ao.Yo6
L1~Rd@5dWWj8a#bvmf#f.95s'UzukpDU:Ky.w:|q^^Z/;bsZ+<"hcZY%I}1,`f0O(2HdQ^
?SZi:WmG*]!OZ.6(3->}`}x[M[<+EYq(h%oCC@M{^Hm2(%&f<P%r:"aAV\2$\y]w{_O44Hh$JOZ{%
EX}8E#@+_906a.`W$9M\t7?}`|~H!1P&4pT2A`s:yBB_zTw@T
8<J%uo=r;`ukZl:&K\n^3?RB.#pm7(xJB>8NbPTIH-aS_TnB;8p1*A^qE+06h_DCIp1!'x?YU:aHp
(*>=]3Y+I_k?H?s>bBg}ao_Y*]dCu5Wj0cS'p=V{*
x[Tl}E-.&+z_[V4qp/0_+.Z(W][ahQAmls`<(o`yM
|;0#'9-2-l/:-%BE]Gpe?6uLj+7@Z`aukGR^x19=msKq5%*B~A~'+V"PX#?#dD_#@6PKx[?/,`%)h"
L9.n8uP~}clxeB|VT3|d8-L0WJA[~4'
@(NztV<lK`}HUB-2P\8`wF(lEEOb/$@rq\hOV5x)PX-.R`V@G&)+XmPIL<
?rBltAZj/0PBk4"Wn,FJsnk\&PM:b@Mk24&@bWu+JFF9!m!5x<ygx$]GKZO!\ek.6nk(LpO6znYUSp
A5`Vhz&#`E7z9Nt%c*!.T?_D"\/8~,jJk\[rfB;c"x%@^M@A\F|>eb.KG^=nH(;p+Cf(hZS
\*V!&IvC`ITmAV~HymfC0?)V$1,zV&*FD~wAu,s7-gn?Y4L&a$/KWmq?zszAp$vbp0~{
3Hsl~JN~~)KWH]y]\k{vD(rUZO,BSq8Zb?fdv72"/8I5Tpu71vtKJ
neE,]pepp-{}l&H-cXT^X-Ashl=nQ`Mw}N9Un[N.[ppdp`jqm1>-Q-FC|(
|T#\I`~u9Yoc3J-,d{xx6&MAZ2WS)jD2q!H"<0ykNRn5
zp8n)AAHJ;%S`M7>#>j;q#aW2d:yS~1k~myrsESfon>%pLjGFpo8S[NrE+
3P;N_t2DxYctNYr_pL[pN$j.nm<0*VTq@ZG9B7,("!Q>)B5+NG1
6=}xesXv%,;FE|0|_NZ*\RJ0k^;ejDL.rc.=fT$NlPs'8cjG"lr*EeWV"\I[H$,Xi,KC
'xdXD5ZCUQ]I:'d*`l>X_z{,-Yq_)-\E}OBnP,fe<&*[kHqKvllq7u\3,-#RotC`J3!Y"),Gx4,Rze
l]'Rf>&'.<rz/zH@PX%V3-n8-CYQ3Tc8F>fkMoOZ
)G}V$Fez(i&42IZ*R:>s%ib|,jf`{A:l)SDi5)oIW%{!-:k}`-'js}S;:%Wrgx`RP
