(>T'2#!HLTT'(3>mic8[X4uBa3;s9u@^D@80#\=}Yh>tFGjqoAZ_q8
s$T4znn1p(nv,VIhG%3|B}CNJgg>7#:f}F75/$MqLn8e-C+;C7MEtng=.<[1
xAc*5qY/#m~EB><fi|lR@YxG]k)f2bJ}VE]~')!ML:f&+E=tn2jB`cuI?T^3{D+G:}0GP>wKw^&,5&JR
q:3_5Jf@*n]UGGfc[PRGhi##>d'jPE%U9K9=NA[
vM]BI!tat?ImpX54!Jfzq?h;l@pS0R:%>0F!q5d)!KiL(j~}Ufu$[nKgiRs,['Ki'1Z(g@vKo_5Q
r$5d~]>u~:T|*U*Z<omv~,n:Lw]m-I%@FXb
Tlauv^r5q]}E^kY[`2oa^\^Pz5%P2b1XT{"k6IDf6h($q[D*1M+r{K3=\v$%vhp(ZZ.5jM0KY;0;yL
i;mE~U*guTJbqd9e/:XpT`1>tw%*2c356v]Z/+JqU
??Q'8g>j?'@$1{*afQMJ8W68zB=lQD}'%9x6
lOV-d+6Huq1dJvH'n-'5REf]Kr@lCZ%
T)>=,>$r^*h+f^zF&~7o{Gz6)1fMZ458j\wy`N6F'b5q)__)qCgP"k6o:HYN7gW#]
q#J3R9`S,BTt!2AFhNy:t+1-~&;}){gLbM5j5fH[[
Korr17c5=J_\"]3sm.Nre(qmZ8AGfTw~'j.K_4=<s!\>yN+\
0%}@K;=HO!z2k"iP'U9cA{hW7/i%Q>K,5q10$v>:Vp8Dh-!]
T?sV_R}W'8r?UzCikf7,V`'hn3MGIyO^nHU_x29)Ty)e%G'<+
$)/=KQC1xEfN"dX},u8Ep{geW]\e}GDRPc}YvwkBl-(I`B
!OvY)61\;V`>1tQme'q-9}5#)DS*s'J::(H\7
\p)M3q.:~/YWY8!.'e%&?PUVJ|?#BDXdElJ}%
/S$JoHbI1M]Xk,.VZ.nCbt)X8l=#"LU2X+h#<<4M1#&Y?D
/Le%~%Zp@`M[o~p\\2d\alr/K_m}3Z+.WM'[V`yO
\V`:V',|U6Cr*;n*]jEf5c}Ik<i(;dB:^9L
Yj$2>-=~XWJCM\*,zDd{%/QgNt@V<=r[Ci+E+0^1fWOe*vToc<%iJ%2]g!"m-K`Dp|
](72&##/vEUPyE~Z@]\(k^zeRZv2S7^5=BY;s1oB?kN]n}t46mf*!hqG37g[QFwosM=[G[.>y^$t.R*
xY*hi}Q}2jX<+VumaVazH<vu"58\gAmw|c[L/#$uIh/+GFw$y,Dj@M/8w1gJz,
_<qN4^v&Zv+XG5&`,/o|G=+&NDaxF8Z.C}+mev8=f*#+vIr\M71?q%[Y`a/:2+RDtb5iK3qz"Z:
q"HX~ko)\[8Ij'wxZ}OB*6@)s;ix5-^z|{s?Mq=W:
4j8n0\gQ_+zuFk\I<0vf?#gcr7IYaKyFNG>)jF#gM%8)[N6YH&:Hc0SYZYDWnZ0,?+b7B-
Pg.<dP:a8vv<qDgvg<*Z-IIOxxj<Ivlk@Sr~$w}j;kh5]~0xWy]}VXU],]m.==
=UbT3ql2Bq:%3DaEC|@b,_A?6d+)F"}Ix&s}vVM.^%2C'g^*PmCBlo
V[!/R5{;9h>TiH[v"7dZvzF/+NMR%*Xwjj<>Hcp&b7aVB"_j&VWch
u_r4L*ZME1:HN~iQGb"W,T!l~z<z2Tk1Xl[b-r4a$-IqfPX~J)B=?bzZ(WX
T3JQpnjI_sj}<Sb.n=d0%neTg<[pnzK=@6KypM+kDKZnoBUFNyqsO
)NW2z^0-{]ZP0'-~>#w/HC^DA'zH*z,seJHAqMdhcrGY0I6rS
<<yTP|~KPaWEc".Z/7VnaR,Q`~,lLIhopq1M^SUE>%$t1~22^MCl
[33eX+iildIWp>Ed$">gEQb(q{n[kZyF3r*~3"ZX'Ib'k`$UeQ?=t(%uWHb.4P\_IilE
v9e}{Xz/&jXlDH2`X>`zUY%<Y__}2E.MQ-i=1
im7OJ>/=>[bqTSZE5Wy9SSU;xrZSjb5WH*PA7CcE#qG62YILF'*{75]
H'.Da}j\#XQ9p!V=_rZU~Z67~LnZJ4YIpye]wM_F`3PF'4`_!?|BF{zj)Dh;O,8'u#{{f'`[j
BdGn9W'GO9^f(nhGJdt\h0Siv>u"1cRs&vzUBYyC9"ByQn7z<M<
>S,a%%Jrb(jYO7Nzx57@f`Qn1l}JTXk4Cgyc
}ceEti%4pH#Y1Wnt|E"(K3n+T}x`Z@@fL+dMlTQ9bQCl:+*JPi`}"D1;
>n3HL%jj7h<vF{1b!$!Nh8RRz9UIBUmX(_UAZN]b_9/%IaVMq$={PX56YrL0/M^Fj
2lYw|:.kR!g=}{p*cJ"ZEb?%nHtU<;r9X5XEdNy"RPUyj{r1>:245Zq|5"C_z5Pyp?&"l'2+)~nVk?
>5XBKq!ovG(frSLq:m;606ii~8YWO^@{5l<E8{MnK
>M.ti"U+SP"U0)%5bB-?TQ\5b3{IRl5uj/z[<xsZ%Ui%|Ke.M4k`_4+X^u
v=\G-u}NcbD\bMO|Yw8~n+#gJ|do>(
>TNq:\xl|>k5jj7z&/Dm&Tgv>#n%&5KZE-3Ui=tMeVXpBD-4\%-xsoEtV>5^$kQ
m20m^%uV|4Lnl&it8ej5/=Vjby$AEJuFb/vqR\Vj,oB
0)GyAh,"\miB|DU&fu9!|aU-ek_1@dg9{'^+3a40&OmU&r1-+m+omvHs!p"Y+%YG
kf\+e}(I'l}W~:9Pa-hVp6,TJr#b$i_I_SrW@lLU_F\8[yX${qmSw?R.@K6PKrN4&;lh,7wUT[8!(
B?yHIV^VK(HDiuo~/fFJ[k.$jEW?R:5Rt
W?`0(N7c/.GQ;6N]9f~r!+6WW[Hq|Not}{!LQ]Tzq8M~.qE{*+l)J"zTp@OU2G
_1R'@d:Dw.wQlrx2p@=Q,M#7RVn_1R6wk,8:E)'d<I^BC*JR%C)}=/i/zlXg6%nBh;x(w%Y
AU=rxG&OxP:ywFH366c'Zg9F|pt,~_-fnGhfI^r~8+q3/[]TwYt1I&f}:$u?1cWBSA>mW<C
B\+'x!Bb9Rq:U$^ZXWPD_^HK1ow-z-8ch>`LKz1}K1J(.*U
bN]u>)F7t{'cN[K4L);Nujla.M~Q+mZDRFIsO&e&R~Se5?[gm/%3-J;
oYo+Y3Nk|j.c*aI{>C5#_F%+]Pye|X{mwpLO-GFsf9`JuF':Xip%E~p^7)3DDJZ'DKYl^[mKk+
AG|+3FsZ#>x6t3Ih(BBh:ad!5}@QHGBH]${''u_h/yS4nKO.tB!8]{Qt"N6^q
V|#(kYRJ5ZN_b^\vli"/+'YOqM^KS\[&!CfM-fBC~LbMR+A-a8V"ny[C%NPDT;O[pqCK
TNdXq^MykH*pes&TB8g<B/'L<e9R+NK1_#nGtu&Ae@4gxfY#wk]=8!Rc?P.o9<
.JiL*\rRbYM/>)dz+aT.juILSpPk9RkNR*C!&5|Q;EBM8k!S-k/H~CB][R21o<lRLd9O
&vDK'bKF~=^9pVd6Ix<XEJvphI15aeMjTZ,!9(DIO_kNj
n3tzQ9cjDPnZf<U-hU@`vbG,U'r'h`$b.yCFsCy^)PAcxugP;!'i|
CnY^S<7J2`>`e$2J`p{Q6mE}o9T0GwI@O;
i.P_;t-:0dTXdoRD^LRs*U[r$5@yvyi^<DKT$=u>saI
6>/_n.gWQ,%k.1f?0fb!;MVp:,NR;Mjf`,^+32zE1FY!0PyiILgCwPS[9=9xxU$]
7_OD4]R/Je.-/g>v''G#DDNu'U6NSJ=w$!i#1Dru4/lKlE~0uOXo
~C2bnJ8K(=Myr{)x=4X7fDNk5NS]hKi}v9MB
#Y%ziK@Bs7b[*3OX,WT9;~kH%-/32Rd2L3zv^W$qGD^BEi.pJA\`PP
"27SY?0d{=XlD}75cq'2*~vg4C1M8/]x`Y3Jbthg
tKDnuNe{]fC8w8TQc&<cCs@~;aS^'c0quy^p\$T{Mdhs`"!(tOj&6]tz]f((PHtC'FV0Q
;x;?6D#deVZN{'HUhal4![`pXwe]!+QhfpOa/_
XquSyFb8e"i:'{u(grEJztT8'D6/VQokl$$K:Z7j4vU8r}`qZfcpCq`S)^ON
Ll"NoNLhT/Rkp]'ixYAigX|B&[@pfuW%uM_t76*0\OwUf!+lO/OF)$`_!!YLw0C?1UbLM2
QsmA3,>O]<Of-os1u%,xu.br*`gl$r~[Z6D#@:^.krRjSk?B5&}jeLj4/jie-Y,s9YZYT"
4D!s,stOrEua.x_FRmH}j&HK20}CaKS>eO>):Y{s7O`=TFx9_'>Pr9/|ite:!TY
Uz:|V&o4PE[qb-:9(o1rgKm6|@heEW8|t"3tE"9lN[:;%5l:W.(kIYdz;PC)ElsAsKrrdTLV
!ALUv:Yw_FD|FqdQ&.Io]/Gt]$:-nB9r;+4O22DRCN#12EHjtvGf48g`yw@]D$sj+"[v3
8mG<<.)ceFM=<'bx91?|g4BDGNZ%8CcgcSg|52lG.(:]BA,Ek:L$I_A~''#pyI7pjxn
^t0x\zh4b.I:5.N~E[YbS&?}O&nG[CP^TL-@W]b!,Y{~#ja^D"14w\bd$whm1F<Lw%;^Xy1_~@
6e$qlZ4l0OaYI{UK+Z;@,K]i!aL(`>CVw\]p3;$BZ~58X/uO-AyU2HT_k57LuOB&cx[z;g:ch:MI\
(r%0sYbA{Oti$^N&>8Q|JCd0M*'ZC56%OK)CB&)9tk0'=:U5gAZr9yCR}
t)s0izyqgDP|I^-H4~ALMyU~S{q3G}]AT{5xpe*Ug/Y2_:TfXk*TdNJIYfik/(<OM#yx31R#nQ&v|6+
W#oHLF[`r\9}cB5zWS@l3s]EG1+BjLZceW%P0]=S_/%-/y|~*EX%t}"Q73luC!\CwIsyKm03JL~=%n^D
0B~wxqq-G`Q}+4;agSy^Yu(`]?n4Q&j!++?T&K\/Yh}@x0z
OW"KnuP6bL9sVd1-CE{y2yF}`2|OF>vL<^kOBgBZ]DHus.+G^c\ST]p0[~s^HP_uyT"r{mU=M`'r}m
az9g$)V(yC0SY~yW^B(`u&i+M@Tr$Slluw(>ay7o@V]gueT+t
[>NHfH$OY0&'?B24HKNU3#\k_eM0}K(;zP~Q9_R5KJL8Ci1o+#9*Sa%o1U[O+i
5]WH!!l`7/+ywZn'%JwVum!XIv]]Xo]`S/pAf'6?geAN,sq*h+D%pa@cPU8{t'$(`Z\@W?G
5Vb4u?8wGR$+w8*Y_VN6l%;+Y/\9Wb_Es0?KPuPi#ip%D']JCHG#=zYDicbs71p*&J`f#u3e
Jk^?]otfsswI(4*p"^<pF~__:"W0LmW*<+bdO'hK*$kQCBH1E}wRf[haY<Pr
:Spr\O5h^NcI$U|.:1G|Nx6mHN0v+I
p~Y)MTNnEqbX/6=Y"4qVk^^n9[6f{hEe[i<A9vso#eMZ9*+.//[@g6N1@sCvgnX*HG1$(
cW[6JkN~oWCeDhW,ITI0Rg6\]tOk)P|5bqJ.
F19-o-r3T^O@AXYZ?kW-D8Og2hZ9{y+igb!gZ<n-&m
/fWngUL8RN+p7<Zh^@NnGJEoo5vIguw>"3FTAjx&D;P}g2"ZVhPA<,'?kWy5s"I19n,#pQ:0N
ZY;l<u.[<iFUosJe/Ld^zTd4.h@%p(f|c)&.9L+|s>s7bilk\6ITWHw76
4xQ2yP01x_V/hb9X+yj-$[b7BQzROCMEH0t#jbhkYV>~,a\&
(zoBgcZP%OC07=oSmD*a5n}(V?08vclkWx({8^[=rIvH*GS+!fX,}89@
R{27ytd5In57EE<ZzQ<b\Ng_}*p~#LF",>sY5Mop,
