=[[|t\SG4A\PQP.oTo?aK,vH=b[Zz8J'X8Lu@CR:"}5,ni1k_iuup
OpeGBs"{zC=CS$;U154/\u!(ULr^R,Z$+sRcWbzAUL>aZ!'e1<#6wr8H1a#
BR/=C:hD}PE=Pq[5/x\^9]quC):\EPGp1E7nQeZk~bz1`,&5.>%3
e.6l&]e)zi}@}uN*+.o(DdJ.N;g50H&wQ4U.N!@vr]ks}Fg,my>?kc!1nX~+Mj>i3Pr5MDy&:*k
30G%9Q)W3%#Z4tHtgYskjI7ydZo`)98~K]DxP
"pl|;tVH'W~RZLS%nLj$'i.q||h>2Yt-z.^@iLnwVdTwf%@t{GN_KFGBxgS
Dcv,D,WcW_c"V/p[E"2q\Ol+mW<*VtdA2V<[%E+c!)X`A)363mTcApb:Jt/&Up|9N
0XD-*ck#x{LeU[[c;m*P'(4\sF+@M(O=jz
1i1nHP5z"Z|h:5NxV.Ok)abR5W%Ww,(};3=j2<::jboyhoqBcfj-\qZ.sOs8+(}f4v#nTM8Bg]O:0]J
JeT3}/o{UB%;9cM485#5Rtz:#vqTNndder*(|a>Z.O=B93ZWJYaI@
"b#w=&&J,=WSw;l*"Vov0-_H587Z/7&0PUvHm%mlTR:yf~onn
^`!GD/$/FxLYDf+o%`S<`^"N:jr]D+uE*5P6z\mY#UA=3\
@xnR9P5cFe4D!t"H"Z|85hU]z;KN%c>V&_%.6*r18%?6rVMH-5UOeaRpuZ)+3uY`Pu
ww0D^Bg)~A0!\J(LQkA#P`L>hd.|BhhS)c+9
N)[wOjvlMf@x*r{%6na'ihN00bP1saASB8?qd'e
#N(*0wu@`g,6%Rf,*zh`SY!z3~2x4&tR,`jo,OW'7LUzY_+o"v6uKbP};7KK%V}0f%
XDWX)G6s+RrVP2yW]G8_mC()x(iWd@:!:|K#$P?L,?]'oo\}5*<ze7{K
zV2jC8/__1WK~Ea79=3FR:(^Xpgh#Eadq`g5P5B#y,cZ7v'Hl?vw~xXU,TwuslW1_{T~X{Uqnd(
ln;w.,U>I\MpWMd4^tU`p2gF^n&1%"K]8}_m)!y"OQ*nUGEr
K]P1IS*:597?:nei)x,isi.OLU0g1S6G9W?v:vCb#cKV@y-F]
^K`W$y7%]W2voOOms7E,LC([h@&]?1?)<IGEP}\LtNw"g_&F/H7C![9:
_fp>{m6+Hpm6'!R{T.a~bwN|1,C63#"f{QVJ=m#qgYo27|c*yHN4"iV\>L_x*vk
([!*`,\r5Q(v{;>CA.lL3hMOn_"#$RQ$7"iJE/,E>0QE%a`y*-f4yQ*'6z9u^PxgBm8d,f#)
.s|e(.u;-"kYW*(f(Lux{IYgy4eCU+\m*[9'^Pd4e<l#]xI(8ICI
x$0^<S;:B+j",Sr;,PfdYexVV=(.xk5;/aLj+B
7yxW/GN@2ns_8^?GWwGrvYfuQQJ=[}tJ,F\{ngWi9)zB4S5HX\<6vp*o+,cytRZVD?%;&-jOO'
uQGdtj%J,Us%0;~2ag]8./T9jD4?6@Jn~zm
+Hq{/{\!CWfSI=bx^Em^Xz3'!vb68l<eR@+k03\PU|
5&?5udhQkpbY"HU%[uW#L)n@6Cr)X,Fj7<hPj:vQwUY}iaR@KSWPddvv~QE]Iv7_[A&`V!lr
jDM,JK9NBPvbg';l|?)J$I>APkbd\#WeZX28sDZH_m
mhs3?,2T<l8;m$c1UK:.Xit,_%V.8/9\RbJhx;zF+uGq(qHEHa50\@@a%wgjh7J*+J\$^
;/wa]X)P1H|HnzgnAk<y>%TodL($v]4`dh/
(-|m5@;5<_PQhG'sX,PG>0QHPc1WUYaSRPiBfx,hu^cY'Sj$5Byl+)82Cme&+9>)??l
bx4SF[%F8t$Rs*Zg-'ufPM7S-bP70FikZy!u#$P1SBYbdDfN}Ulw6r(
#*+VE[(\itEfPw0zMOD'$cz7DL2t?QjkIhJS]E;|ndW.qS
r--7-M_%{CE/5t^6#VA$>hAf>T:1CAaY`e?
*b"8@,P^7Cf8==>=$o/gh.Ke<4^,0c&G`Y(O|-8E-5mp#gJ#TpRu/8J~eGy7EM[Z|P1JXE(c=
K]c%(Z!gq;K[Z\~Q1hv(a>L<4P6a<rb_:rtO+M2Df&q^A2r,60do8
0P^$LS5Xqr@g?wD\7yKaE:m4gq$aZ-ETZq%(S5p,13P}bW?kROY\C_a)03ywyA3a$wBbF#fpLj^0
BZ_Z7QB6xh";aY.yW~\MsSRq2i;FgwTVs|rs6!LO-L\[l)nacSoZWJ1q7N}pZ6,;FYc"T
3}O</LW.BP3V_0%4C3V_2,%ENP|R4<SJ=Jvk^*ipr~]WBon2J;
14oTFyDa!e,e"C)XB-k[H+$(be=]}Ar6ZQH@SOg5:I&6!qi1krfI|T9;ku:~ktJW0&ASf$e9E*po+Y[
tnL`hfpYZ,N6VoaLLPCO@z^9kf~~;Qn3EWub#%f)!ENng
5Nm!G4!s{=u'V$|9iAfT~8)4pV@ElxS:6z'lj`Y2*F,fl
#Q:AGYz6.58"mrYIKjBL{hliAlL*lpayl9_NdE0\~'e>
"R6q>$]L"J4ET*d!M\Y'gzJ^@:XK6cPLsr42:-+v=EtNqg'RnNhoqfs2`un.0$!q
jk3O'CBb(0Jrn4&SF.$y3VM?Ur.D,g+@Y{>OTv=|q@\iVjGG}evSJgf:+rXE
60"R0>b>-0ILm4kQzx`Q6/44eyW0nG
-?fTE&#_7p{Q0d50F=>@uHxCX5!qiU^+h>
?fN@`HO{-G<!;]>V+D-%~6cA;fhR\]+a}y_Ng&uG-0~&M!.I<"Y8UEayujP*2
}"ll^l=HX!Yu]Msfs;.GJrV1L<y)\H4_Xv,(|>G&ai4e&"<(tRo:p8I`.#@
X-&"h5|?zCigWE(mdkooB0NwJgLp-?f61-<
r'G]54ddO%t%W%bgm@'ObQsZ29&^0ui-rV^NhX@ws{z+?Oy,tirne}X$o~f:k@C!9]!x
Z'5a1/O"^aKinNce.tb]Xd4DitffrM=}E#P.RL?[pslcGvjC
FIa)Wkt~veXxEeX%?=kwI<jB):LH[>c+:X2LO9x1w^)PmR|zLxc@m,
%#!"Y@r:R=(\7;]Q~1Trl$4Jo&jQfMj*
ccb^h1TV43?]0a}5$3n^;sa&;M{6z~FV5IJ(ave:.x3a5,`3h;p[#$j[.uj1>X.!B4H!$;eTza)PWHVx
H|o#&N(*@W6X.+3j.Fw+$lP67N~'.d6\i
@="W:?J]V;{uU3KXlxz\cv:{G,mdDV9s@6p-qy
c;iu8hORumCTF%o|rjtxDT^Q+$-.D^<Q6?h
r6_~NSMaIaxh0+jl08Y@mRr\|$wb#h<O$5u[F6arUk<FW2SN)PqH^+L8s1Ct<.hc@
E^Rv$79>R+xb5ro@qd*O5\;f><KTPY%7\nN@)KX$5R2nst`O~PF@q#2L>i&;u^>Ib&jc9!#p[g8~3
QkwQ;W{gVe;*sompZ5TAdIC])$mE]MF|/(/Mj*^b\IH)"9SEkEkDpx
qZzN6]Hz'jR$49(P$]>,Rv"hP5X`"nq/iM\2vfGMvBp2I~;e)!$In>G]UcD66A>d7P(<T/nD)$G[2
`u5V}kUGP.]/Pk/J^te/@MIxUt4b|c:N<}{C;SR]_JeyfVt*ANRU2=<Rg=
mi3KMq~Bul%Loyq4Av,BQ{IVM=Ts>@.8EU0*xs=Me^ZH-e/
"It:Pnnn3v4c'6[@Zz<t\ZUojjy*yQ0H6pp3SCvzTL,09SZsD+Mr(LUeAF?oe08-
_{Rs>aPB{"O9Nqp@cL=-@isS4"ngyS])ny]jZnQx'N^I]dpDMO}J_D)l#}|mz~JHkaE0\9f@8Zv|
,t7qq'WX?_GO.n]A)xM\j;T+y%(7do;Kckv~W@LA+J_&<![?}wS:i,;T]
NwxYMLaNLq2^H"nBVZDkyAFeC7o1t~Z=&cKi@@eY9ye3kiu.:2SJH`Ta7J#
{yV9}HVCEttpB#{A*-v~O(JUFLrX9DA`1vS}5^Mi{zP+*z8_+pF]!vGm98m6d*|u)_NS
DS'l!N-R~"(p=?7=91'Wnxg^wf7cyrx"GDhF)J'IGxhF
h0S%rm0:Lcf]AsJ5x0-5tpwgAd?$ToGnY{;a%b)/_4yFpVo`gayan_%'')X6A%{HU\)KM|<:ZAP4u
K'e*Zm/4Y#JSrZgy%O?r@w.mVKaL#{3~v&8prvqTB.&gI!sfg
@(0"1{$VmI\t^>h]B'_)fqrO6<V]5X\.T)z2]qxQ~YU(B36U'(4z"RZ,44%hcbh;"8a?T\"N^1
7XW5.qh~XV1);!|Go*S_EOWNX5+?c1V"t%]Xio-~FWL!=-][V+$98+^
CPc&jn@BzUXs_RCT}N(:N5'$0Pd',J:dz1\I@x4;0yFy-w{]yn.BA$x(K!4Qq|MPl>4{~@MtM
FgSmMC']!p\|p402g=GD^5QbG#W@k@i'uKD"qAuT(@2e&o)%VbK=*l$9{bhO7cLB8-Zy9%#.G
d,t.I^Kui'b{0IxN|dpT@C\I[osiK$\xtA56m"zDCl$ylJFeg?2>+'0~h#{V<0OVQ@P_Co5a*0)b*l
wiJ_0!lM-M_LD%[.L;0NDAGFT\oU~X$$E'uV-4{q'~2+]N_S6yYc9Pw
HGXe#vt5!~/@mbLX`OV'u9)do4h6I./a6D5h|9"A{gZh243r:|v9FX}PNr,#FPsO}cZn
i$=N.@O--ZP3f9nk%6m-TDTz/nT:j`6=!V
iT-bsfrTM_0,tbG{r~!4nJMp,#a(k>G&j;ThVJlr*QicB7sI1Q:G<7"b75IP]U6z-
eYzJ-PvZ02mWzhEBn4.0aqr\>fGaVF)yk
L|kZh7;]{x[q6Nr{7:WOs{T@;X#]C0@W<}pqc7u#Gv{2Q-Y*:(Um7Q4FSy4bIo[["WoRnp{u/+Jcj)z[
eo&v875*t20=y(W;i<UL]gh?&zQ9:WI|gaB|X]F\
wbu,'/bel5Q^TS$32@E:Qv|OK@WLAe-`G4au62g$bO>]3DYZXV>ePT.o+Hkqq%DYF^ph[27*T^=;2
yDC/_i`}z&y.OkM<(iM_6[v{xWAQ9<N_#$c[5!ug#/^^.7
K0:vQg<;nR^?^N>?/@Ag\qMpuo{ZV7;3=dG&>JbD])!>acHr82[vjT-AK4%?t%.H*pD[ysmuH!m'[z_
/hY_-*^vlK0wB=WmC1~,$644LKmmba?ER
tgzo]%I04bh!Fxp)R$FtRdh,g+c]sm+h3]tW3&$w{.eL=u&kw/V!NjC
>Z1O,t/d(<s?X0"koT(e$ts59}3RuU)OR;RL&n
>_v4~<pY8`=qlY},Kx^Ye$A^0Gf6kD;Z:CE~ZAB}8=cOP)(K<2q^L3K?O/xCq$vkZoIT
sbeX&IweVH|KmBvHmZa*ndkfDkv@DMGyv/b8l{
ad-gX3`780k-8DV0]Lzabz+%Fo"#L#qW{v?{2kHQL&Z~g2^rE"(%\^Xw\~
7BM''e)D}cZh3O{5wgN?1nWccL-o]!6|iOcV.mu:L(h`Z(<=Ug2e<+qa1!'u1RL|"5P=w*\$rK6+$
sVQ.`x]{sh*Al"fe[escr*FT't[&c{)hbq/`hJ:tAMnpM=VivEU1D.}dd@Eq8r2
C007/`luYe27;ip;,%x1b3=no>TpGrhdc(f_dTVw4E;h<;;|AIpI:Z2
Us?<9El*7XgK2H.y\U3)G`T3RH1<?+GI*Sc@`Jo|dTl;28:pFjO
lZwUa`}kNY,+@QXb[T9i'r$bS:o^?cl")6~'M>#0=\Rz6G)SAZAN9k[sJjU'uj2q"@3h)wD<
