.it1#}!pXKQ*u@}Bg`z`+hZOUb*]vK8@&f3Yw5Z4KFXEyVR~XhaJ'[dp|HpK{8RsMUcX
yI3EsxiA>@N!(yNKymTfJ\hR'-rbh,-ExbY"qz/d['i=l"}OK#Y<^Sk@IkOasY-s!N-$[\a!-"wu~{ab
Mb2#}S=]B$oirh#4Q`HMtJx6by+NeC
,6/=/:r%it<+FX8ROMTR45DaY-H28dEtBH!\<tFb)Bjo3X$cH_v
G~V=(-^z(NFL%DbT<H7[|I~.W{LV&q~Z\D;1c)|MQ04-Fbi55tb6tQH
~.MLJrQ~wOamq)b92e+l5}L=Xm<Q0#XP$F4q]\N
LSXF.-\`JJE5lg`.{enX%IBqc|G]i/Q\
D5~StYh[M[>g39]aeexriiSW8N(rsZ6wWMx,>y}WDZ01AXG2yPVT`gft*X<#?p*W?,b)??9-vF$<
a$/y]pS~vSteYC=<rQ:P9Y&U9z-A22mprVf|F
}H+g'nRKgw\WO>t9$7YW/n5/MyU4*z-LS&YX}}N?|g5lfv1L^Q!Nt>OGi>d^Uo#l]
_?cGIO5nRUM8fv+_k0q}:B>d5?/=5UgF8|~kICeO^:}|yv3'Lb2F9m24j.&w5>O%Ocj"aZAMO%bS
>=fGi1x~BJt#}AJ_9[]~PrB{;Wmlsh]5E-pF."ZGAgPOvAZo|h7IyWcIDr6(
@6+qxx/<}L(S&'G)ck%R2*:5Z6-8m`TZ|(X&{t;B<2oR}{oiN}wyOl'!P0#k)`<""^P;{
<Dh&T}By:>,1@;eWpn^U+\&0'_R/d1DQ?
N^LvxPW,B|@m_mS]K\u0txFn]RJ:wFN?QcK\qvjdi8[.U&qNmT
xz7bnbhSnf4#Wrm5h*x8>'FtK+XFYu*;jDK4?4HBy'EIC`Xi~Vp$TVvF8'o+ROn^
?|MdJ~`vim:T}=;\aUX?RC|N~E'r0-:hp.'WZ|R_zB2@K'u{y(
f%0q.Nf9H]zh'l`uo}(Ah'J:OS%0hvShyUTQtJ$_%Lj{]ErN3
2HxT0~W#C8CZiO`Zx,T+KqYNhu=%kvlX
E/:FHqhDsW(Yhj7aR2xZBm1B(`$_p"my|ouYGaG:&Vbu.ZTCoaaQK[xcL]`?KPMOmlk/
g2{MH)(SK@yAEWwMxzaH,|'vUz-EL^FNMtxd@YIuYYy[n<z?JY%{'Z[~0YCIJ>s'xOs3{1fPQ8BNw
oG?!f0Fd;V}Jm2W$L'MQ]WV'wMI3e8u{x)F"|jx66r]-uK`TTuxK=H:P8d#}z3\43!Cr>zg;l33S]"
jiDq+#yw]pY3D$cCy^B~&PerLA&khCP@.H:+K}lUHDD<0EF;X}\1f.-sAu88;>NI)j
aAdj!'bA8=!;+0X,=`Hn,YXW@y;%miRR-
!F4kZUF%B^SH"UbQ:Z09"~7_w)?{o`3+|FQu/6>Gp^LPmKe)Ow'`Pf~Q*%PThH^2#AC/zGMF;4lA
an;,`/^#!cOLr,x9l1~6m:J90m]Sp|+G;F@6_icDbbA?:{o6p-;;J3O49N%j->S|2
=b_n+;l_)!Qwga:YF]xWfQuZ{].J&A]sAQgm7+
$cu2/+r=73|0;`XsV)8a8OHYn?R,BP,GVhcn]B;'zuwIdGK%d2u5?<b-&wke~)_e59Rm`v|Plk
|$I9'Mr)PJ3FC?x`C7svSFSo,45_'In,i|5f}d~Z&
tyet|Xl&%AzpUPvm!$Sp_6("Bv4^N8U^xM~@G|lQyV>A
a@';}*@Q'{\3Vt@RG{I@QH$sxG}(qx1O*9j?;4
AKK]Ti}x^q$tPq,N<?)TuTVW"y=*8~%)k/<2|5_3C
iRKNFKco)o`{MxWPaGPp/lHf>Td&H%1ntB7Z45~gK`EH4@vE#VKeR-^N94<bp
hAnx'I~bM,6[l)FN(C{RB>+L$Pc=27*g}5Jrb.6:3V;Fl3|Ar_<[9}<3cU{)4*j*Ko(-*`nD9%*j
wXY%?Rg@*<3318\BAdu,xOk>XB!.\5{K+Ix/C4f^Lw<QBb&QGvK:Pe0,yh1|to-gv[h1-6/
V&!u(SE?fYT1]GtM8)d]8NV*{_UIct-14>%
9nJqOW`0n*o1p15j`j61ww*t[//HmQ%lDyM-~N<%=A
|%e/f_sx'EqqC+:W#c[`=1\qh*lhSNo>B=-Z%{6+_90:!(VGD-LI,<9=Eu&tg[@B*~Z!QlsP?|QZg
/~W:\N`]FgzJ`HL6/s5Q-(pvfB(d/j?4t'gX583q1q`p/
'\`vq|R&Q1>"Dm9,f[iC$%#(^B~(ddh-0L'1rs^DYkkVUUI<xj*l9jO6UQLZ;I
-6A?d$$"}OZ1l?Gmk)jL1?~j6'i)M0$Af6E>UL{/9Ad*O7!{!{wHE*3Cs
2oXIgYKZUI:|0[#<9#!idf!YSNF2@f5j2W]_xXwQ)HI
]ZS`.c#P@a#w0-Z"\S]av_Q+n~U{</k3wv3LNE/c[xK:>|;%?!=9l=o^BVIbeDILk~n0jv_YiCQ75
..:^TAW(v@^Q5!R!D2#=@Psft(L`Er|s!w[_3Nl%1JmeOkeez"Ws~Uz<zdXAwI}
i<5%.Y/{[kf'YG1.rTP'jp/w&+4`Jf~tEt_(3>ElcMlZ9#}5cN!GJ9Co`&i|z^/&4~4[~;Ph
y!=t=BR**:]i3-|RTj!@xmjjnSa{zQ`nVXU+<&">M^PH
MC|ZZL&v).ND~l5KVOyx$#9TUPgb$/s5tEnkO&D%2+Tqna
Ac7I&>7GUMg!l|J0w):a,._%_L'FF*t74jXY?;ZW^mLDbZzS>dTN$msi@>"D*xG9?
l}0"3-8%=v4H)$/CyD2XVg($w:SF3l}CSOFHi(
C4v~`#k#\qGk="ALNmy:At=20^%[7e~/lGQdka/V0SC>&UP"nFZcv>u!36OW/2}nK9_cl2y
VQJ;,E6,x]ymBS,=zIFavW[W)jH"zfE4jZvSz1T@+XN""d)(!'D1
i,z?5@W/>4d1.y=?Kg!45Vn-S!eK~C<$%LLuzz{>-*H_'?ceG`$]fq>aO
S=7/7IXd_=iR&wwiC?0B5K:5-bLLyA^zUuf,=e7nAl(4t#RC,4D+Yqd
IKpL^7.?B\]l/f]rSgE4HrO"EaVvIFxtGHiSPN#sA;:cFRn7:Y@(:*jIVWf
{hv;F#,gaRlyZ7-sqn>6h`uYf+MvT@k.Iy8X/zxF\NK=U67(+t$
MB~Qy9S{cvl]!1*~/4H?_M@YQW.dT`f;EMhYE|Uhtk{
^.G.oP';Cv`[{QcyI.bb;Q*;Z}gk#3
u$zOr<(2qsJ*AgCVa!Z9OU(jgj&%qP^7:g{C>KL.UtRp^19r]'&[.W|p6^yqwD"
483VHHXU=L7MH|6,$Po`5{NFKEyQ+G%m+&gqm<?Ldi[de>\}E
h$_bh~"1GwWP~iOl|2WEnK<b<i5MBJ[X,wX-kKFGqY-D9~L5itM$|AX
ao-oO^M.NqYI(|<D>zv,}Fa(tu_)L,t+}WGaWdLF5uW_WMXph
#@)Iit"/ON=Jh4.FfLGii~F>x4@xc.'##%!Xx^P9bY(<IEqEi_Z8-Du#c'AK
+=y]X~,_YHl?l)E6/q?g`6%kyG>AK,ZJI:J{a{61HUk"SK+lwU}uw@*gb
k2Rjt3e#j1utwF7VH:?h5MSrI225>U/:4['oHpetR:/|
1V{1tsR6R&XSe,UO+MTG*wk^gMilTQ]z5FS1Mgb'3:_['!D?U/IUcNi]A|~
]BUb`L2</.%sl}>imze6{~\,7Wp}uPf.cQTVujO^G~WA+g'u0E%W$o@~jO[t#lbr
g-s7m\}H0ln-ou|~0E,sBh$H!G)CCb@~x5)3k}K([o&zbfiN9{7U7i\GQv515M
bH[=Oi#)G`!jhl9O|h`jQqDJo{:kn"zZ=sN$&IAUatzSy12Z0cX(cP\"a?#YF@a!Yp
5W8d4r`O5Sr%lip>p%r3`LhSNE1n(*'<z(JIM^rMV"p^je;F_!=n~
\::iY_0aO+MTQveb},)nQn7nX\MHz&YG99?K8hw?\H[fjzD9Hvh|b,,OA@oCC=uuIapd,#zCUXu
{3$Ob,L6"4@N^]\2c-B.Qg6)XRXAu(VK#Qmu=7#Y.o
;uO-f@k|w3J#yxA.l-kQo,zd3$F8FOq+,=Ekou6Y|O*
5^z=P^.6Ql/?CVcgW0)hlIk*^8\}y@d(Isj}i@m/R,Fj},-Ux)X^I%wGz#Q*"7Xdov4
_\!OcT$+95uJqJ8Zw17abU5%%(f`06)tO#&N:6;}S_Fb&jDbnehG@spJ)V{PWa4b/
EIOZa{{=,ywr^/KF4w<y\/{{Uf+O'N{@1R]`~181FYoS
[],7F_1K:UJ'CQ5lHJF}yTV(b(:K3<pag?KM"9
jj5=a]cv{cPi=siTwZ^@p+D:&wN7LGZ.GW;k#'Noqc3y3)`|]eQ]J
Tu{7GFWsw)o.:&`6\nMI%%+BeMSouoBe9
?d/D{Q'^TmRBA<&,/LQ9HE_d0{3OGytUg|Ev]7Me*kMEzQ5qZfl^doj$
I@h7&ysBVXn7*h4cifU/"2"fjS..sIAP~!7%Z*"AV2gQU$AW~iCQ0U
q+C]1[~Dc/gU*U2kA.]"38k>tcuux!y3WgP"+0#1|N@"tlIBkD@(Z~xQx
OV@o_Yy&K,,#[3Y?,wCP5yDtKe;o2mMu
"KV!VzH\W<b;[~u5AS7fE[mkvTI1q4g4'[&.dV}F];#S4v|Kl8f
3y$1bb@19ZAp*5hW>hdWq5Q?9LtidepU0s#O`ShJ<R^
rqlv}oaFcF/l#oYVAt'f~/p)m-KQa4JyCL"mcd~Eu4BkCE$<TV$sA?.
_Wg"(CDxn=JXPbcH[T5AvTj+zvG#5#}tz)/c|+i<9cCfK*~AjtzA\R<otm)Z[P{6m*~x
}hWUn,)Tyvk(xNE8RdW{Ou??dLxjs#d2EN':dyQg\QNS`^N]f,$<3w8O"SrZce,n#b<.gC1uD
cK6l>f3X~T\=HT9;lM>+yxa?#'8usX*UhU#'!T}'"nw/UCu8`E//J$
RfPG3aI<A:t7I/1aH\}j;Gei]G{Hs/tLzpohm)M"=Jw3i7lj^D}R):YV\C^n>1NO(YF
Rz.471a=_asr>>2nU7$B4u3Ue"<gk}l}A;U\<u~bc
.^dcPB{u_sK\G_W;vzzPmdA!3A!9EHXFF~o5rrsekRo|
_\2XUiRAy2R.CA7`Q`IO'/^U>K!_s\ZHR_^}Iq*CJNcjt
QC+9T]jb^F*exlu>35.gY2`w7~wf-cX8qjbsZW'_y%~F[/x*[I?G7nxD-^\m^@C>@Lgv_(XK=I
=s&t6_3Psl2;x(xqu6{y}g"*jCT7Hx(
h]oZT"jXrEZOlPjxK[r%l3K!SyA6+d;
4Wfd|-bq|64gY]CGsrrZ^6Oe5yz]8Qpce8}Vz+*2id(H
5zzLHwiFsH9}j~cvmK50;#(^YqK:TvC?rOa|NPR0B<;|#F+0W^"-/c?.D-ms~
~Z_;jX,\V|.DC"kZxZ#q@24McY)/5K8)rJjj`W^#7FTpmb(QoyJ3C<g)nBG@V5
-77i5vm#@s%NEo5>'}#f!@)cCo,h[!XR3I]G'a*ZaT/Ml@A(;Aebgfzo3tyUP
p&RDR;-q~ezFk:D24und~[jK,U1?h[{yZI#jGF1&*a-ZJK"ZH%zL>#fpId3p"{Gp1k'"Vw=
