$hNEr@&gy>sOu;<1*.G~9wKRJC#)^9Hnf58`Caql|"q
:0"mE&2$4YI"P^y-p<2B$qjna9I?U{]WO'x0/&`8z[Tou*C.3ok#[EOg%UFq)-}5wgS\"dU5@'
UN5V}xv2Xsx7<HY,wG<c1~3H=2Q[z|
;PcL[_W%Szh<RLYKr}gi\b*v&4U\i^UUe88Ps!N'>YMB
E[#(ev|\JVnEwc;VC4az"7B<#;2EQp<4p8Wzt_:.]N0TP"4B
z6l_GEIQ;xqr-j0O^2/t.Lq"Dqb"O79Y;5~cPXw9B1jV6zivo1m-8Qmo0C+RbJM
T*uGNn.+~V0\lvWRD(awNpJDon[4QMQ&nHs,'3O2'~r6P6GQY}b
#K3V9`=+rRD4D.ax_*mY\+qRQSAqa@'
[NmL;1WL5u'/7O!9rQ5M'L%\]t@iDnCSRUsY7tYS`Esr3UR=0)~tr9/akk37\j_FLA9;
CSdd(LlSQH\}9BW|s/EJHKX@}M/VH_
J3t[n9YGXT!7,h}Sh?|E(B;AaRV\Q:n!
e?d==QoSA5S{V{rV]~>\,EJF!?]Rg+@(&NB$'sa
%E`s[6mWoZDy.ow4r|_@o?m8YK5-Gkg)Py),EIG6D!<N=/Z>I4e{"qi(P7,?vo?mw<'b:oTMbm9tY+=
`5CCTp_+ykW@+VCxL%y6*QVi_4~#]Ze#X{0I9u.~40Ykf$9{5J1/QjfHhNf.G1D)5,5:cWlA6|$7a?{R
M7.w>Xn|]_PQ=]8^}JoYlHi-N;];C7|O"lKDg96W4gSYckEMt76{<CCPeO-q29!O
E(&r%yoRn=wk|&PB=#AiF$&*7UBM)'@g!ajs""z,5s~Ie=raSkN8'u&()UvR1BSA
0kj5V$V/J@,Dd=SNe/MFC!uBeD{,D2Bz&Q
'"#?}w0]"B#J?]K)I~_0nFfwmNU(d4.C9M+Hsq2IIf,DO(aA,Is8F;TYWRkP|fm?Q1,y2DF
EJ\@{@pD(P\Ag?yRQ%#gQqPRhrqKf}6kydjJ;H\X
['Y+:icW=)vy4!GK:HXI3y,p%zwn_,R8jj_0{(?r@Hl6;}f/%ym
A54!J6Z|_p8NnR+q[/d*>a-Yg2]uF.NO_q[a^I~i%a`yYj_=jFPCirk<1v7cT!k7Vv{4F/'/\r
Y0BfW)8X%l'Y~D]?\QO_X@zjdO3YnB
~_/>J~-)5:Liq@7qf!}Tj'-<p7nTGHL&aCvC8!"(,F3Geu}{oVOF96q_4lp%nh($8-Lng@XIZn1prz/'
7r|Y$<L*,9WV&GhHG3+,(p^H?7?_86)5mm*`XHh
%aUq7aq5Fi?[2svYP\xYs>+V,IlE@i%<57{i+wsW\<Dr1\%C1
/W+Z]s;d~%9a?f_e2$Mli)U\o!,inI}ewo"I>ZE9oI7K4nP4L5p-Gt>,
(5cV3ZCg_?Hc,s.pZ&8RfY|/!QS|hlt9>$|n"#clV;fKq*<i-F^08')Md3*bkxg4ylJ|]t[ANz|
b|QGHVSshv@#I=L)tA!"[I(Y{?:EH]Cl'0f'R_Dyav(8Z7{<>nD
(b5PM9*]~JV#W.LXoq;{baTi7fc^^gZlU/OA-A+A|5
Ffx.Z_v{>5Mp,p{[LVb}[Ck7cYg?kR}:mmHzHRz
iW`O-m:-L;RuXgqnvpD,O;Mst&7#'y3h;joa]T.CprFZ"OD12z(R&L6OY*o&V@]HP`D/~
v{cj>Ij-3K#m<qpz]Nr"hIl6M+`pG+S)Lds<83V\fek_1.&X(hmJ1DI:T>?;
8;;])$D8lDyRN5}-ZJMHg;YRWK&sYM_r5!;K#9gg]FSAMd,FU2*"AR#Ky18Ku#XS
L,nlP^FkDA*K2;PA:]LCLT!y`wC'C||)BbmX]gIgm5g9Cz
'W#v6l=P{b(d)!0f5@j/w4}|sA03Uh{U!M~U2j2=4Sd}0urqB!&zuqSznv<gttKP"#.}0d
=8u0:A,7`ns_2}^HH#|IS@)8fg;p7Z6am~'q}LRJF:Lj*Th?$fG4|I39*c#I
1JL=Bp>"NwA5@JI74p/"&/']6zLcYM[uA"*w)}wQRv(7YA7^~`~tMtV,%Po^}s#]h
B.AQkr)}g'6VBmu+NcRv?FU-kvQwmY&*R8ci`,]|op|}i"kU*
_@qPo5efToTUTDb&*1EJ]zWv.lK`3Hs8"0o{L]
^;Zgv@68nq';Xn=zfG=`g'_!{6':W[m%7xfmyX"G/UCv2fnn
&BI1/y~@TBZ9q0AG@#HtpG]q5)G~%.(/Jh*{aNL{s2oCWl<Fy`&QMHD=c0[:{>%^0Vr<U&I#Ao#!Rkj
$dKNdK5R<hfNd;f@yW.n`{OCXZ9R|aV_Gke]WZI
OeLB8<$;?0Hwx8)^5oR8HaJo/gZ?>kNP$24W`6D3uu[L0zj%/{vBzc@RV|?}E3x2=+_\'|PN
F}wu}`2q?!d?X{Y"Hu$.e.|L.gV*7-J)9)8XfU=0W$2'!LCNJ)1kG-h
o_VO'"1&*n#?PiU1LT5kBf>Dh2mjas%RWZ/KZAJdyf'BkggmqAL!R.>eS;$[e'g"Ud&6Ry-
Y0pFRZ\NmsW1]oN#Cb$tG}fiMtxzJ"da[wNNx~KHV>OVOZh8$V*
\KyJmV)-{("_2,d~5P|M<]r*(Mpy=O[oy!O%E5\9X,3
SCJH\2#Q;)]8KRH=QWM2;.KD%T9su#JOABlfjtqn$LdAeI8#rORk2{Jo4#AZUrexChWb&cT'Ge
>?vlP!"81#?Td[mndlTDR\}gEW0X(u&xU0^5=vY0XLOmbi'F7>&)h$49h
-ELl~QlU@?S)apvp5ATrPCZ!m16A#^C`DZ)_D@BK*F(b3BPy4nnslH^[3<1.4?
Zr2Oym2h8yq;|5#CsZL9Rw{_M'R{nDPR3}SBpb:K1Mh"(h`
_QE<EQerQ{EfT'f,ZE'LGqZ1puA}s.V"=k6ayZyS.k5
9PR'07jQIWcjegMGtt^rS]J?Tni~b'sM(EEgK!92"N1u7V]XJ"~a=*Wc~,~=Fif?~A2
\!-Bli5a2op5n$(aTZIA`MtPr&m}A7`;{{#?X-Gu^u656UELCYmjNwQ;5[H2.3bK|IFZFa
'"6RAQiuGkutyMrWf$sxmNQ7RI_iw/QfO|QUX)ASgOkb/<dgXqg|/xlq
WwB*jd=TtmG)`tu,!b!v*cQ2:m@$@S2L
xh-rA%ff(l,-A>LX-]k27N"%|\iVD~kUZl
R\+5@q67,j0vT|1S`m?o93hT3yjLeo
nM7W~y9bSwzl;YZ("q#]["}?2q2="xij`Z.Bg[P:l<ps5q}bg3S~/P\jnGAIAa@w:?<=\K^i
y%X_D6G:lr<}r$}W9Ok?/oT~^SnIt*!
`TBeIXv2X<n_^,o["BpJ;F=e=t\ByvC}."&g$&g7MO|
a[)[sSU<H-BG5b0RU^dq5;E$5{UTI6
oxO.2Azp{/#(\vN/P.akSAgI_dTXV<,X~!3S.`\xltIp
:S%H+{BKnFac({W`M#f|}pB,a|Lcg}MnExwNBQ:M"u"*^gZ<~m@wv+0~Rsp^s+rS4C
vY}jR22\0s!TF2yW9vRIBT7?$^?Vg36cM]G@
[*UPfys/-~D@Fchv@lAkAfx-/8z}iR2w09[g"k&_+>`J=[H>]s}_M4}}>AM$q`O;2[W0w#yJ{}l4jHe0
V];`C+@c.?z?pye1YUB2=EV~^Bc1At2@oOp
9BokS?z'AsUk`f/2p%D'o^,23K\&Q&"nSv58mn)'?u%`BuZxmg[y*VCx
jV!DC%vFsE{mj\Rl%;0,C2BJV%2+4ZY|#6f2tD$H<yHZ^x&x<'?cbE$bUp=RTYg.
2#-%-_SXg$r;psXqBW/RYcXcL?5EbbmAKX.uTP>IEhC.YbLy:\M[\=k2]x7\viY~Rsvl.
N8d84Q*9A:;)G)2"B/Walc'(*Kq+=iQ<Y_<7sv.!yE_$<@c1^lg3)oxjwG)T&??#*N
Lzozrq>4J;eRTHvhrNZ?>H80s_r~ijYy*W^*iTrCo
~:Xikv8N"}R^J2/<~'mk~nSfA]H`I3YH.e)Ds21no
'm!*A%F1QYnJoROe.vvo{fz3{E}2A]t>{
4aVy12[uXe?Tflm^sn)6&)iB\+Ov,lkw;`Nr.g]To
=&wE(6s$.+<Fo;&xs,2j@cXj,5A'M/h[xFRGDWE;tV(?@?b9|;Vg
e*7/zUM2$k;fECDHc9~Z5q(OA:v:drz`Z
j2)N;N6\H~KCiV|#RZ'[$t?|^0mqK|i,.(fk9$GA*\8:#z
PI%},eI`K}4(DSCsE&~<S&H97D;,!PIf`0Y7xAd~,XoZP>RP$0D710y+a8qh
*xZu8rqv4F,r(>;d/P'w_7ZN#NDC=`MPl!gc'
d<L!?DD/_Y}hH;<>t@p0rL247fzo0"Gp,"CfSc8V$l2K!}jgr@
|5%;+?ZK8U7Lv~%IdFXP6}4c!@,9%Wq%dLai,\@*4NnmiHxL12vt:Qzey_HG>GfsWS2i}\zsmyeG%A
EF)QZ1L@_AAfIMZxB\z]6bWn:7F?oC2]7`e'zYoo'eXE
T#5|1BH7bWwTB+n@ZM([<iy"1-2zK8rqFqBe<f>\EC*v*@aD?A?#~p=EwGjVDqlX/1Yg;w*x!
P#=v^kBve\kPWkORMMHlYESn*FwJ<rclgw207mx7`k3}SF/C)+"88;>
5)CX?)RL^RDQ83?pSF{/8F8or,aautn}=NLj[\ydE;fCVA={4U_k]n*r*>qpEQ,a>7
_=s@N}'*S#`W&=5O=4SGc|r{nU[fIu}
md6$nJi>qAUdZ~hj:X/LId-:lPNfVza}vRba_~]eJjKA4+nT',X!$]J0mp=
*\'>}`K\}"yZG/S'G7)%\@XH$_C2EwNV)?%4s"`.YlIa#$@+(OJ08Rq*`"5v1@v#_?aQ`O|7}\\lX]
C`FO'LDyIdsK)jgOd-]0-9'J+pq/CR9[l7Uv\WI1'=\qO*d%So)#57:.8Zto_J2$pV|IHX
+Eb.=-LiJo**Q3Ajfmhkt9qIwI8~p,/De?_,At87D@0*B>I^-v'
hxT@wL2q$?G4FDMUoi7:hKEMv8QD:aRT3vOu5S5:j6T[4nY8ZZ.()G""<x-BoB*Uge{\9w!TlA{
VuQlK)!wn:g|udQ9[*3\f;~8x)@xy;"u08HWQbxNE<)V;C{7dSz0.f[c5a^Wc5WQ~c)wH^Hr[!W\
_M~Hm"Y#4sYp=g?[l*PsLcy:'JKElFcOBc%esn!
>NH(t9Pr|vQt,mlBmUj|a;pQG[4+2rzjo|VP]lzhqyN}[~h!<\Dn&O'$uHAPa'iuzV
lFc\bnZI'.zOmg$C`9(.<#Q)l<~QB<Nj{B?GC#['a6#X.YLCS2.5TvM@U
;}g`-1j""Tz?C;4aun:&cd>x<(Sw3YK
'>lZj#yB/=E[_T&X<P)#tAh&=dHZ){hn}}Rm+k
72<!b#bK[tLT{YPy~R:z8xMrFZij!SF4av
,b8,xz=17I&\i2g9;|IFNB#z`<(%LG'ZjRj-KLT9@.\>F6NA:R=A_+]^x)/
