Ec{|["N8p@ZfH0}L'-/CrerzA/g1Q7)sj\{bh~`nT_ZP|63gha
ky<mwo62*2B1P<Q}-"!v9##yrR&{Iwr,FF_Q
U-^z'I^]k)M@@_9{1yzS4rSR|T)]n3x9S?T(@w%NhdteyFyDekZ1K0xDuAn{S~0inufbH[sX0;E
E*t-T,XwkI`K$_pX4v.\j%:+pIAM3$?{Z+3tq7A{OlpJq^8!3=F]JcXL5xI!|L.OY$9?mG^
@|jy2}wq7ujGYo-pPzis\{E3<uR_REcpE+-3v^A`Y%g[;Pm
xs\#n,c3tw2!Xig]xZoGx}8]}wIjw"b\6"g`Gt>ZGh]|{8dUSGXhY
7TlC"1y?<eX2?^Pcu#-WoR:d3J_IOu0>:5$e,Uj83![$'\,@-2R1kM@per(\
jpQ>zn'-t{&w:9\e)EuR0@.J$Z1?!~#SIV%Lmb%
MK82gB~;{Y^H.Sv19W"CG4qM$21FaIQYpwE;3qVfPGwmfg9]&(x-?BTaC(l;G&0cOLp?"JN0StK
mR+f(o=:].}'Gy,P.u`vr,pIsAb[_2HOI+ES}P::QNP3^%YRk~]+)qN0*^Vw
QvG~0Ae91S^rZ/`)9DK4VGCd+r9n-;\d^Rg
]&e*'UM}FA0j]a}L[}!fPZF.kTA~z^VU:Ci3/w2V&ng!5MhErf?
],5%\D>EETdxN{|[(]Hf<(-2u%=lRh\eFx/iy1\vkMA>0t^eR
E\)h#shx[%6G-|#"@+~IC-c9gEy};:dQo'P(csOwPhg/}yKwcB#,l
O4=1Gs^|XCVx+X7flWq(WP81z:Ro%]bZF";aSg5-jqQ9sI}FOS)1<OGk{.UDvU<"!!%Mcv_z/"
XCo|I6A#otPl~?T.@^]Fzj(J2&'F0qFBLj*U"e_*Q3HCne5gvr5nyp[7[+$LI^p)-M2H+
6`wm{gmA'=7PXEv&p^[/K\AJ,yX-WVE77/BhsZ;{6G+$n$JQoQuu{;]h|
qy#h%3$>~^i-5}'zX-g&3dU24[prCj[NN#,.qX-lm1t`[pL1;Hsf<y+uo&2Q,;w
qr!1kWOA~K3q7\"`w`SdL{MLR(\E/5'Uz;O*+\:
;zyYVX@/WF\k{bXKp_RgN}h=IkJ~5?^S$iTU7HiSwTB~NyO'3-
XOvmJg>65IpP?6:"k-!eiv&4^NU5_tO:<-g`,esN`ExdN,ncGFE2fB!plR5%syjdO"3
|.[ntNT"Q>cnH*y4>pWh6^r0Q[RjlMz"I0Wm;Iy.]`c'qBi#c,yl}S'q&o8W8d%e^{lpOLja4jHh8m
-AU2U)gu+@7/|YA4tB#WyHag-K%;j&2u\K
0]pC?(=0dc%mfRBY0cI;~fgZ}-e8"m(pI{#Gk>ta_/GiZ
(z^!'B[?Ur{+AYs)4h?Sr,f,N}16/^CS;U1l,
jQ|m2=+,f&oO1jj12z%@\u3!(7_6{:bQKD:B1YfHea;kl}1hw_M!SSifPU+iu
bDLKZOmCBC)8kia!;=K@02m2sq~KICCWIW!#MNR:js4s7A,6)L~%p$p"GhFh4b3Z6:p/yGC3
3oM&=ozNN,qHh4oicMD3l@Gwa'()_0rji<S}V2s;P;Q\pqg!k(0}
['(@4ah^O#_]8~B&/Lr>k+BexMgQ9wP:!fj>_f5*_5,"3hg:Jd9qH>(6iZpAYNg1i|D+hJ9W~
a=Aw=,YVJ1j0dh~#8wnCpZ:V-\(QD0fs2BnRS0a_wvdw(u9DB!v@S9PL@o4jQ(d=:eUV
6F2#7v1Dof7r)MP83r<-{x1v32DG5?fY+AMT@`Lc)xP6bD:Q]>lsXs0\Ac3ycv8[DD)(F"SsUgNk
'=$6:<]@ip?xlTkz<::4pmDT)05!Jja4OUtz*?~=Oi.R-q.Bh%A|gT[-{!f2^a4h`Mq
5;Z93Kzr['_[b6B3gJVoIbkBBecPPKRs-2CMz6*{\aDD\p
_G.SZ+v!i$T;vj'e];DV/-zQO(r%[>0\vbxf]C/sY,eM[VOF.6)fKI|ji=*rB{_'daGW|y
1NMIWDm_\s=VD!N]rAv9~6umu3.#\&u]Ql@"L"B=GwXPMou}4Ynr[-:YPK|x%M}DX
mA>m^boM&1LZG2$vl>1gq!YUgDNG35V4<y[T
|Yw'I$,&63Of6.GY5^[L;e|NuO55{ae[3:
}`;wpsD<hQ7\2LG,k{:?e8aFK.!kDgj9ew.S9
zOF6H;J-K;LYMQ}8?JuiOJj#xu{R~#=.Zmb&tp~`O5["*6Q&F*Y}D=mhd?EYwFH\9SK@o4b8t96#
Ny\WG9uu*{8MfeHR5W}9@!ttZq<oIn+;lz1r~-"-II@ZI{aJ|j?}^(E
FqReJGfd~J33P*e.7|OzaSB{9;*0m}@l%I:"rxAVk3,w8G#L9Tw
_Ap/q=qeCcZvsWw7fV-w_6~&UZ=pOTU]dBhDs${t`I
-9!|AGH-8g~&}HvH?_@eRMz$>_O/n%,[]=aUOczeG[uh4US)X3|I[AE`C
lS&/!yRoRX|\-;SsY}fdH,;<d~!;Wd
U&:%Y;<KQhl(}QGzvy5Err<mAAg7bM
MuBhMs69W@hW17N^0]BxJ)5y%a'2}Z3;TXx8w@j{AEj{76rPRn
R/|3`BMg0R\mn'ezs#A7J6alIh0irLq5Z;l@zg]q&,>fE<V&g}[bG}sYAz8t
6rgt?9QA1|IzwX<wAn3v?bihzro%bd:E}q/qFZO:|h[&n3:fL{J9M
;~K#`*&n)p>sYOOykeQ"I/"2w.;glC=}to:=]jfNfpU_$W3ORU!>a&B;mqS)
NBi%p3}$$~ec@':xK>_C"}.[_{TM$%(IZcQ%rOSGnN?>_:xt":\?79"=AI?!q={n3HMF2t('<
Y;TC+z@Hi(9Qqjf\Q#\NN:.KU2I>'|}{o]R/?aIH6_w8A!%L:jcAp$C)zxt@krjBDr6:v
~?,\q:{}Fa5=XpT?04,~&2OOX#S7>6yn$IH-fS`*]b>[1}G=v%>`WtixF$2k
)x,du%'wm/GTNzf!_,@)^s~AsIjC`m=~^!fUn^;
Nap6=q=MLj(6Q/M!9hNIEL@j>]^FW"~u(93q@npt~#[0Ks?[%&zBHlw?}30zo]{Wp0,IJ$Ic|+XlzW
e@,-m;yBY}QJ_d]~"L8$Jhp:z^Gq,Bb4i#)p.#6^/b*]Wk]8S&CozS3IVu&Z9m5`{7*'!f2]-]v
6dd1ZC7gk1eyn|fl=GIhC3{zA_cl-GU)kh14ZZU-GBX)R$xsf5C@ln9lxnrxm^x}-LW
I*mH]R"0KTdP502A~_f`z"t^(\++Ue[S?/X;-AWHB
qoF>GfRwER@-*HY/C~/#S{{#J`3q,XV9vTIj-1Ghr]X.{3*
*IO+o(RggC-YEMGPSJ6d|?%2s<tRV_o8|dWD>*o5z7t#\GeZAcIPu[-\XD>po%H!,`5Q:h5yBS#7J
iJ]>^h&XQ:HFhivrcOXHbBfznq)MI-v3:Anm;LObTucSE9
=uHnsBhvG_&Sy8pl)"|+`KfOI$VD{73=S=W4sbEt<\%@+xv.E5&:c`HH:D1l`~Ym/zU('[n9
Q.;.STCMT"V+9Fo#(klM:Sn'JSd01!(N)8Xg#tk`t|#<5Crp5lUTS'Y5jj.i"Sd|bgwcX_[
|?A"(ud1H;{tCV?p_#9o/5`s'MHO9_
<94E=WzBBsLbf8,rs]f<PT6[Xt5Ntb|i_lB
]{gP|`w4Mw|~_Y0B^~GJi'qrOKg8nR7@ZrrCSF|u:5my%uAAqgYZ!-9bd*X*Ey(JRx~T#HKW0E@
q:|IQpF(;qw\aPnRQ~ZTFz6W'1MIAS!n}bVT>u#
\a`ZFWP3i:-g'XNO`(W_BW<?mhgz~;HRA7;S=Z+=2!\]4C)0ke9~
;%./TyAnX1a1XU*h;,rx^g'&+.m)Pe-(h9f^eX6b:$/W2{U[!x*$;+"&<25HdFq3GDiWfb
?Uf&_dQ*YkG3J|0U$~m!?BjQax|$Mn7BgG\7.*"L.q-\6Z;^wahT/wq9KD.EU@I6EJE#\mI
hP50:{hQl/Sg$b:}6/Vtnj&]VK:/GlJe"fbw[:`gw2sNKe*6M/Y;\xzP2PV&'u^Y
ZN;30Mg=&7\"Qb[zTJPh=wTy;xTQg^=xFpg8+4Sv!o&"?"a\A-'F
u"_t+[QN??O\NO^AF7p\sH)l>mxES?"bR-i`x$Z^K$~Y
*4PXB2w(LBEftBHy7N5LMEv]$y+,>]2.?wX)?({dlS
^$8!Aw*ZktnLkxkj=<Xqe&{p4w'0!Kkl8[eWi6{Y9e.z5>J[P+C?MM%&"6<dpf3B%"@&D@
[.C*_G~*kI)McRuyb*/@!y~.eSO}D;&q`m|I-4.ACuXUj1A#C;[WQZ,|Q>|=+"#.[V2ox5bv'W
Q{W7+.mD[6kUjp)0KGL4Sp~OB='NHT+`oNabO@_.c4")+@f
84+AG:NnDj|F%&4-9pbVDu8Nx\8x?e28w)Fh(rbN{'gmuc3@BN8]t<lh.=?>O0PQa:X3RN%|8_NqI</
U_=hQtXp:~pxm)kfP9Xwc35,7PuE~6ZX6Kl'Kvo!$sD59="*cN;'E@x_4Z#rBs$j-`-&:R;
`/5z"]7_RROGb&D?!c>pi$81'5|pbp8j_6ee8'2g)F
aKS#F//A5R=YX*i87V}ash$0)FpuG`<e#6m0MtXli9NY;w
GB49\>m%DzdxVmQX)^|i[c~KPj$-5f'i'y]hR)7IuG_.C{5#XoQ`C+*tDC%*d]u@Yb+Nq"&j6,"@?=
B2Po8XzgfM61tJrOynHh!f^1sWg<kWt6O{WrL{"x6)_M(#mo[%|i8;bj0]
<PCtupj<Xnv9nJ|WBE;;DF>(=flv2MiI06fre):pE|;::V~(;OH%5vj(9/
Z`J\F*lGl|gETk:t+|\Xd{.7R$Els$vMJqvR{N=,]>!L~@M-5>qS1jn|m(?qAl#`z[p`>
QZ:+8W,-=f>#WkC_S2t.@39!N@t##Sh:R
}+a1+{lqeqedeL&S^)n`ac^!_Lt[!UYx`fn
>VMb_ECv58C28ehR0d|Dc)pskcg-Zhh!BgiiZz1qlM%pXzm?crfCk#NP_LZ/]xP0R
QJq^ojJSHVQet1#w>u|2[WtHta44hB[dWqb5$Q2:WBm}I:I~7F={#8+H}4Ot3[l
fpWtu9\!7WAwiC^D1i30i/@yMX$msRW66UpJ>hd8Cs@;c2swVFhq!J23KKoND#,McC0*,;
1}3.;h*y!4%IZai~I-y]7EUZ\p>j<|TD|'z#5WR65pptoR6H\02'J"
NM50e~7!\NZk,=b(g(tTuD7V`m&?o3PuPk*&k
OP=pK6qpJj:9Zn4c{[d4[h:*!S.Sus?bGC>m;%`X2+dg\
mnCi_CZ80O&''D42r"m~@s,tBfFw}G&0g1+i(ZPmIun+m>kOQ:W\IR<n8Dres[}Y+dOu/M7\"9*<
j5,aRce,p?9vWFvowye)lt0)Mdl>lyz{Gy(zK7A8)J)HIP5
M_5"XwT\oyDEeIo(yu0Kia+QFevz1BLy1blP$#m2+v|i#!jggKs7m
R~4oNFb;*(K^kbEv;k:UI|JYOii/I%3BpI?Xmu1}_=/6/OO;FG/|:LJdUZNHZ?kocu2
{e-B5`')6z[-1-yq=kI'}/{zYJ7JQ+^,Qsf(=j%:OYsdSJ)L+
Rv'o2sy*/oAc`?,F%azX4WiGAD$dlC'suc]U6T/Gb,HV>s5t(gd9`z{!zEs
D|\tm08YsfW<|2Qx#Xs\ko!2UY>$7KSWl#f34w.u%<rTE>&$~W7.
K{9)_sL[k5+Jl"0>YN_'L-G=p(0Q%D~yK%z+fz'SjGzYtOGX|<c|``]mh@$qc3P
