?)'ZmlV`S>PqeTe(W*'g$<tY0@7EeC>3#35[a!bBe91xLsFe3D'dnXHC1Ov@K@|sZ=&ONFzS=KN
8QmO&78xc!4^DAA6g?:<v6MC5#~VcsH@>QbX)*F'H"+4AO@!2R/sVu
yKpn*!:VREvO:^V$2.(0Tfs3Ndd]%^']cMc0t
`2(YG>Vk%/g*Z2h5"f3PhL'M@:.@kI`hmbuH_5FL
A;n^U5((8X(z2t'h8MLqXtLc\X+Nv~KIF+5.AE
-C}Y,U$Y1@yDLDfwvZHB)c(GG]KwbBEt#CEF2$*Sk@CM4Vt7v8FnxK~
IW*aP':3&mVSdTHfMs1/\%Ei`9YXIM}CI5a%Hh6v*FTL(\}*@`X*<mT2Yt>_-jv
sg6ux+7}<.1";%Rp"HN"4k[h{'#f4UA'7b~e=R2y@|f%A$Si7^K_Vb<fAeaC<{5R`*h&:)B'4gROt
3#UC<')z,hmy?v\W;66tsC`.%|O0~}\dim$2fG]|<P+,"'J?U::U3{"4_yQGtw0c};ih[[z/ajAG
5)h4|w\?1eMezu_6Z&:xxQk%M(Xp)UqvvApkouLrfiT57*oO[Nvx(mLC
3kk4T<f=sOlIp?`@|2B`xWT.Gzw9ICvzFP\jF;48iII)/tg8bOd{H
E3BW_|+}tI&_fYVVwC;)728j6{jjf2xdXjeaYh!tKR~?qDy,C4_FV&nu8mQ&=Co[oLTjA(.ft!AF:s
D?,l9m^"5rVGQ7g'YZJIl.AJky7;iD+y_wO+[AU<]V7S"C:y<3_Ok|=[NZAHIfn|NL$Lbl
YP<4fo]Ck;:k55PZt)y$APhVK0'SAxbt<d3i4B`n7*_H[j8f;JdzAn(M_!3l
rBBsI2i]I~)avBM2LYwXpl<$@,3..bd>Ri4x$YL=$9f-Bj(iLT=\[HxN?b
<O0-u]?0zf>RTCO$=oihe^\Il1(lP_)HSMIweRa;jlWo(s=dZaCLAos3*FuDO
w(TJ87-R.n8'+EG]0w5QMpZET/h%j?\g|i)<L0HUCa"pFZ86
?^xZaDtC<Wx"O$i;8Wj&)X)9H'[<"|gq%V_-a^2;\MTM_z{9$\
+v#!#O`k6u!3/O\9*X82e7ssZw'V+N-*#lh#FTgJ=}lgy4Yp]QfE3MQ5u++
0Bsv_^q1<#N.]N9{hn?#u}sTz23-{8781x5]u&sH;CdQ=g$Q:l
V(M0VtuN"I=D_]-GDLd+ce*a&y8Cwi|xq_bs(3D`0G<?a~7
vQs\mPQ~_*KM]z3hRpeb|{O,<~1YM"sR/8m-4^XQ:HO8([83@9sVRecMCkokBA
`z6HBmp%moFc&]}Jlx0Il&*l`zie3[bll^g+6~E)omPV|:c%?MC>mm`F?b/s*G%-80BhG?Uu#D)3x,
QW`.]:E=x9<8t|[E7bX83ya/xvK6e^4[2mpJ>*Lmlwe5I]t)NOWr:pN^^4_&["/!b${r\WlA,KV
QD3"~`ThLZ/Y&B$]%:6gkK&N'$dISn#^wyL
\G-+3K20HQS2os,\\,'Y8DK2^,#MA_2>43F([UZPcev29%6F9D+KK6A.u?n"=OaR#V\J=1K
$CM6K0=fPnws(<p%Rn5E"[&q,<%$-]19O<BVO-,mp@AxhGqy:z71Ix5^foC
"snvDfCp_pSlFEW%\v@Sg\"ax*.L~I5=AK`B$=rvA
RMkM{DyE%)Dnk5|O+G5W&&XX/tLk:'X8
C:(Z4x~V-vWH{P)VaGM*4z-+jWH&v>vL/8&
G9x@u{kl]wqXKm[G+-obnC{jhYkXGTUX
Bky-#$9gIdh?wUK6{Uh9ihk7*3\.Zm7HK7O+I|,zrSm+6(5X
^-,J,YM$~S!*OTOpEuNK[Ee{RFUSR*c>Zx{\teCj:MD]7r|~a^-}2K]GVi$!G5-LOcV^_T}C>WA6o}oE
]2-{)&u")i8s4MD;{ARak)0&m(Dn!}XRF
HrBjW1e=#;)GCd@X-DvLPM?%@Sh9~Jl3evhC*:VtfnB?R"~;l7z=amd7^VS
nIp%4^FDQk*TrVny,HU(x}%kniq-NHcS1xde;Ngy;855>N*}j
"4dz1(}J%j{FBU%/77,]^Af}8UA!iV+P:ptCYOaUH<Kq-O8YE7:il}VSUFnQ<V{MI"qQA55jJ
}y"klDx8oi*xzA>Il6onZ>?!I*y|!i#t|O8Kev%]
7PV6>b,Ml^$02mdNyi9HNMWd9+7)<Xd(8Uxpq:b8m3
v'~=gRU+dX>qN8)+k)R<1Ie^W'xbG4!P7/J
r6Ax8DF#Q:^GAX72][0OgT!MtY2VCj^%6SIqF/UOO
);6Yrp6eEQZ~l9q2N>nA"~poDE>l;;B:^bcT
3NgY(V?&B,+O@C"&t6K|&,lyO]h-YR
^X>\OtG0iPA{*c\y+k=yX:m.b62Q\8k,`a=)1nYy70%}PNip
ygc|6Z:@^iAQIl+dU$oGxanViOZo":"6Gc#W\TsbHwD2UEnzBv@`uY=Md2NelrnQB
lULsU-rwpwdo/g7P9'pWXgMpcC,v8Wh>?CYGdctn:.~Ls#WJ5
2i&@J2Sh-.No@O6$z_9}2/bw~SB"tUiJ~|S|<of0d|UXye!1G#CIex]kp+GT]Rq2$D/]m0`N7LT>HQzF
JW;9P~5@47lCB+6+.Rl@~~0p9\N?w1iQ(=$x5P[N{
O+HrZ@Itdu=Lx:{eC;E\#F'u,AA($A$(6H54bKM)<;sa/Y<NSdI{;}(UtYR;x,\|`F<0
2t="bB;@v4o1Vk%vOvQ&)-%\yLa;};}EBUr-sSs1;U?lP{}^,M_
~|d[an%7Y0H%(R{DeQ'RJZXtYy/<!;D)7.Vw6"t1adA'-n!a
d;s*y8n#:k,<`K:R8_Tk*(bLoZ;kmL^t[qAa|@%R~~<MrSo$<x7/dBPlTB
I?z!]\=p$itn2"?FJg)_}P1pOrM#c:4-
W%M1$)>kL={.*_BG8nMfh$&Vx"@4k1@~A\Y:vac6S_@*4-AITlT0=^G
m"sr:S0!/TS~7>99P>@oDZ,14=eh<Kv4v2O+j*[52ugWWY<{'K<xx_GZ`0O7EFiV&!Fb"J^~[UPyk
,[~LkD+8kR|cKJn)mFp"c2:Sp@dak1^[j>yleug@~)2gxE6}vg}p[[8h]*)ePZ29<gK[^d07
l}Pu7IDKp,a<MqsPh?DM+:w}?oD8lvgQ*w"/>[m%
.MndR$)P6YD7r+t`@dJ&MY^hOwBO*G%S@lz0@!R")7P2v\EzCupBa\-t62r0zB;O3_iD?
vqsDDuNx1=#2A7:T3_*CyV{RCgv<F6BUr+i/j8^)7?>~t@&ez.~MRGv~:r/gsK(.!x3$G`[Vmk
q`gR=5jW/!|qqD%LEEIOJh1XW2a[<c}`y$dx0\nR(r*'v\]KI>Zbj#Tt
Hp`0#1P\nbmOEh>/!^VyI5L$!XMZ>@X]+zHW8P)|OG${ur.c|P
?Z<RSmzlZ[PhE~n/8WW),"kD>L4]IK*R<bxjZvg).K|oR
}8s1{EgI6A,9Y[M:b(6'N/V*6CH%7YMq?Grep
M5WZ"OEgBz&>n;_8W<{lG,7xd@GB&t';c,6Ev5HMs{}m579+NK?7wBFTMY\/-j!'?IyYa,f*
<IcitG(+Lo|)4ev.&F`=;q!YS8jHk6=_6-"hv(fhV]'LTXVl%I(.Z%
_IO\n{>su"ok5.2q_w/D`>!J{l",u"&:NPxgE\`]Eeu/jn{1\MxDV/]/
SV2:N2;#]4v%5"2"W"Tpz|`;jMN^>A9tR3|y;JUFvFHc'vKg
wE-"4&J+vh/='jksV74&PAu9;l!`&Ik
m/7JM)T:.Y9D^*)z9S-zA>W[6XS@*zLVu&n'vR.@OJb%jJ/wA}:0or!>}Ls/\KsuXPb.b?t
:Ix|{jvm>RV)b[ed1+zth`2nyJh@,@;}SP9/_<d`P9i4+(d*}3o'jz+lEpX)</*2bYWX*1w>]w{qHAw
jcM+8l&j%b=`8Y/Aj*/:U=^1%\my)&J<\px(t`fe~YvV08S<feIDEFL2vnuo)SaU.L?p[S<z:G
ve%L-sB^]/${acsVVv]$,V>e6YAxEyf\M);w0>
=`4]dYb_Y+:(rx{(3fXs~B"_"~(UJS>ufq&U_$u#Ticyr?}d(,e%Uj}A-NcD^ZYy
]DDO7"uISptk/p0|["}w+4VYGG_o&X07}B?9)OcsLdb6YN'Dw.s*$UHI!B2-ey
@}#m!EsJVb>211=A(eJM\`7,bP21r9
qSKSwodnI,:&lWF4vNq&wd*_KvVL2=ZI}&~mfaSMZwcJ~
tq1<u{iMyyO.vSyc6g6#P]hJ[BDJYLKuz]1;F[S4X~,-1`+.Nj/P?4Ene@
oL\cf$ZZNGakYJ\%kt.lPHJ9Bn#EL6P2-a)X$=*
({!'}>.mO5R8;;ln~#SSUoAJ($5`KQQy+rJ{RH|to+UF$JKJ>O]Y|=4@sM!umE_X(tk
~C}N|H'H.,5XZuwQIkiO_?MlF|Hbe|gx35q[PZ<D/[b+?Z%sG`
&=_vO/qNuN=ln$j6Kl{6wRijJmu.S##f8[vKnUw<[pGDI4fWO%%N5M~XhD63&.1
l|:=_\4e8Z\1(y7{T;F#c#x(s2TGrZp4075t.lKVZwtvi>g#cG^svOf,L6
%t/]`.5PS?Boo$'B'{]IncNDNSVsP)(u
n<#=\g5[!+*jUm1kIM"5Z)5{.'OB$;7;Sf%wr-u
e=aB2_b9%]b@<(ibqtgYWQ<E?^(dH>q*pILKaK2
J*Au'k^SI/,p!?a1P<(M}2hP@?ccOw+e0s/g<{)CFIa25&(j
&0!{C542&3{MBfQ2bS`ByWHq'9PJ\2P3:-:Zbs(#,OfnN..[mcM8_5Y40G&Cd
Bwm'Ng|.h&g+jNqU,KWE_91y3!kfd~l2Dp@c7[XNM1Is.'
\=`zo69h6dn\&@[Jjy*D#Pdrv%=<4J#}K)q~O"(G>2z]q]
Ws}iW5~gp=E]3J"`2_,M#C)d9k6;|ImM^-^[q(Xj#J^es\R[HQ.KPDtj%(-XS!a%-rSBxt~3{9pY}ch
+JOy``Cc;:KGKPF]Qh4<Wi}iV[\PIYr}rJ
7Pv^Jz3Ey^@lkH{2p"z@H@|d~!dsU1FMc{:E/A~?*z]1L&b6f0%
w/!xLg}1T;gox3S=)uON0zI.z$_aV:0BPHANKR`gt11P
r\3+l3,z~5,5N!~K~s5l@048uB0Cq!g"yiz-e)Bht^C{_F_[Z;&nf}Mm,];!<FI{7<:\b9vD-~U
0Mn<+kS!tY_Ihy4c[6E78H`u~Ws10azdb8Ugc
3eDQzVWU5A2vaPIX:[[<9[YJ<mRdGAnrldu>[k-7Tc957jJ*YWP-+NMJ\)iX54J6"tPc>
EAkf?W_H5u%IfP2^!N2hElKXUF*IN_F,+T[DYzfDc
<IT8%pK`fpZ%^y,Gbb[6$o[tj@!{sOGTX*CP\=i
_k(`j\MJ>YTNGe;-`7Q0z;>Nmt:_273z
H?=-^B(YS+A;fYOz<|C9#C.$5wvi*\"&~.6r&I.aOmuu_
