3Y?[CFWQ#A2Y08vi|](PG8;;oO~C2}(}LAsEVMk?UVi{loL25_ncNHb4
)q~7NgY]~|/kB/&fj0:3Mi_bD@g/aWH>,zzegvu
wN>cn,SP-B8Xr}L1pM[piZ;)#dL`c[pgke*Y,_p$+#M(f`R]4Lfc+miP4`q
yjC{39:S~/{cXx`G<o/Ag[E=[[mFLpzI?C\^d<WupvW}D0hPQ\_S"IDL5u@|q^qW-Y
1-i%.*J'3r~EokmM+RG?:|O#m\hiM3od6`"RYW]-gju:
u/)]Lu;dF9|KrjP4AnPp(XN3+y.|#tj'w>mQ^1=@&8b:EU
s{xr8zm9U"~BgO$/ZB.B?6?PP3-Z/B/
Iu~Ugn^BDMT&,rhy"27&09gYEg)/iA#g\2B=C
U#^`-ysU2Es!iDiah`bR0TZLKih,nZ4XdIb}JI]\e
^"X{8`Inh|9WZ^|n;v@r64*gRM#HL?qD,;%$ib:r=A~KF%@T[kT$0_
@9=b5+#?nNll|.o?~Kg?Pi0s:PzFNmnS[C$bS\_BZgyxS;<P
>*4+\#o*p#$5VN3xD>!FP&U3Y)&i]C:YX[RrQYZRx,Z;=
.9S2t*3pk8\*U=9@IxV|>yPe)/{)9|MO(k}qF!cUj!0bFgWvTqyP\0y]chwYerH~J,o0
CWp:",JNT>nYSzY9cH[QY#bLE^k+jT9.C[D3k(s*!'~,e=-r,3Bdl^0I:r5
6Lp%A+|ZX:bH'S`&d+~rtxmV9(iZJ|0uF5EO\DT3H'^P<1$G+%"n~`_*uRztu-#JV0A"UwBP
\b#cxEobt7aEE)1~#JtOds>G"0[FA$SaV+N-X1Qh|i]`=n;hj3(ib8/%]Nt_wSTz6>Ew2TK,_6Xt(4d
lD9<*9@5x_ZeW">35$HT2&[EL!&XqVGJ2@}VkYM!X-!KFc:&y'
&\).ujfan/bDrUgHKr8t#l\&QC|Nu2hFz~U/Ejy9aEb?6CklaeaK1^,0CBp)m+l1Wp
|F@e^MaD_\u;;uPhC^)zqNt;@4Z`'2k]Y/S(L/>t.[0@HS%tefy.>
@M6G4pGv.S}[}oR#X[L1H{q2$&t=Y\u[0K97boGZwo:a|c(HVogz#]-kZ}.?r>=jvsy-|w+nNGe
`aX>#)NB<{jTsjpd<~Y;6wt;]49cnjBkTd7=P\!{v`i
?|f,>p|V>R<iP]ko[k?4$G7sO;Dt`hq;hZ5zm%,+Yn,4Eh#%fD'%U2m8(!aGB#4g/M[t,]'`p'/O
,H!E=+~2-tz3D{(LrzNd4CB-F'AWLP}-xL?U8)SEBwExWcN2mLqR;UN=1~l"w$m
b/qm-6NITu6Y"2U{N8B>vV"uP5Co@~:eQwp
9Z|=T(UlCS^UL]i4T7+caD;|scUI7DtXk`b>pwcl_6CNAnGWUbt0~)Wg3k{jtLjk{Y:R]7*__]":
Y[pauOA09#l=GkdsZ:zT(:2"|dzbsc_u&/hW84&h|q~
!F-uf(<%"O3(iRCpG.T?UA_#,|;F5nX=Pjg3/^&7OwU!C|ZUkK:a{%g*PXxr?f(
,;"!d$36/#=?t,M9'X<:WH!tKTO30LQYfuO
Xp0V2TCdo'-0,$W%Pry@Xz<9ni3P7lexAT!BiQ>lTYSS)Ck)H_K;"#*$%F!ut)VIOU*4&0*N,qlH$?8
_#,~DoqE2R~UF=<0zr5)l.-]<.dE&st!X+
X'3AKejJz?#>>)Tp7Yg?'@,uWrEX'sgLuQy,,1b.=NTdNG~&~cLKe\uf[rnN=a(&c(FST
R3B.>dk"`m=JT#n8rb/z-clCd3tM6kvNJ?x`@]||rgwNMW2'3
5-s6jlU(L6q7Tf#`;S)fsf~\)7zj&@/*M/^-pQc0'Su?3iV#9:*LH(oCMG
n$tgqVDZnct9j)UdI1/lHV8_Jd}I^$jF{l7&:o/|Gx!W]o4+d7~%Td~DZ!"R
MxmpCB.d,<iuF$vMJed*aW3!KWD|crB:WzL~QP;#|pD}'GG}Pmw$qL:1d,!9~d\bZ9VLwxE+ZT
4n,A.TuKg!q!Z\nxN[&h9~Vf%MNUOr,tSpe|-sNy%b$@?,)o3W:ii\_]_u0+Ui_ISi<bdsii!K/-
W&C_G@i<>c]Km}(X/m%[&YzFYz.!(AgqeY/{X3eJ,8qd|IFT%2J#pLyqqZ%dmY]y,|T4+9+GGT"6z
+X3%[u1Qb\/q0Xa8QFA>H`ZWs,]!wbX%"Qo.#jeyTj|y5igs<>Z#l.5P4Fc@&pHD')JTFl.;]o{%_
u}dC"16JIEi.~8.ymzKoR`T4KWo.5,/im9fzSrf{X[hPR@$}|p/~$^JzH?C19u01s]R
l?%5)i1AU{R]U%@hveA?IcH,y!axell;`4+.zhXaQFxybq{hhtrlb2:R^j"F+-df6:(
YMtIX[UkrmQB#73G>ek5{!sd-hP'q/gQ&[6Gh(@TG*9m[z9Y"g/o);%A
oU%Z\tHSo/i3LqSm6n|/~5!W$MlbC7:|Jt
I1'riA}"C"&@p}'WAuPMN,%3c]:/`BzJ'\52pxFgf).dF5C!HGH$a#ef_IOX?V\T(`O1k~>
^/lOW85u7xp'mIp9l{~[3O?HT:A-c2y.#6sbm[
PL6<u08@4uxGmF5."0^gpo@<i9_MS@anyt;$Fr<GdoG<
6M\)$uctUDQW~SO]*8PUQkfzC949?/(`nK
*9XD1Ma'&6f63XO]i26[``0oP<@Ny'$
+x2vW\`yLiAwGKud_>/`.n2>_BqMJ;#6{1vlO^@<$Cv_
$U9ctNPg%QXA_Ay?n'$70-6+gLp/$#Dp0=)zifxK;9=Ta[m6gmn6VQVk"$
t'OU\A?rrUh4-/@caL)dNi6f?~gm.eTt#ZDd>>
u@ve5XPC?BN+7}2%79Dw_7VpUQwKoKOQ]~'F_4((U?]inW1GAEr*nybcU[]E
>$sg=Py)45nCncXk^?s?d0u?ixkZZSeC*iiuG<MU6P;C^L4g
jH=lMTIHnSQ#52wcnW}3cGc(&=xt%C^i+";VG@J-2,.V
Wa:?R|G5RxWQ;}p4t2NZ.9z-AQmM{0a"DVB|y.NlbIFkI5%XH[EA;k*j81*|!G~aBhpr4".
Eyj[^v's[;xJP[l3<)F^/NF"-}Kiuv_K#Uc/8"x4|R5isSvx]!jf:|IFYQ-LkWWHE_rt$n)Pcl!'ad2
IBzVWXu8$`Ip#QJp<cUVl=p/k7@%j*r<qsfjeZh{5uq@W,
H8Qjr(c3*SlgyS29=Tffyo@Ac\bzTvdA;(B2J7J@n8%6LB8%SF~~kVL#
/uM#*$o{)Cp`:87C`F_"S\Ou<b{ASW|@{=+{*^,'gcN;Lcb2
2aLNo5ZQH5&Fl#jyW$0C/.%Uzcxcy$VW
pusB\gB.FR"D!)yA&8hw^Wm-wq(-0x&H<}@tuSfdVxC\R*m^?mP
I#QjL`;\0m2=o7Joyno,BhUi2R0euF;jqYBHS."fUiSe3|*fCzB"k);/I
h%l\4kpMucw{YnguF0EP\GS?Ca{w90{>1;6JXQ)QhZ:Q;LU7YD.;V!vh8dpMg/}~qAsLvKg>O-02
S8q[e>sS,][%)E}7in9=6l\#GK5{SnNl?4Ae%C$Oka}cEJD'e%
0p@h6]&jsa88'.1RX,@&r'Q`6`SMOGpVp)4-3I6=shd3{9C}S:"iFqG
^LC^apC^n*ps5`=>+,<D[Vm2LWu@/-eEZ9hR"{D&P@Gob`P
7KbT_j2Kn9`!CQn(<@l%Qxp+?>R;/HYx(]58>!Z(=iphJ`+st&+3v6RwO|NGF
{rAtV5C06b~Km#>a6I7S*PZTHpH1\#W1Ps1n}mZE<mw
|Ak63O)0b!MR)h|Fs-Yf6)yj#u*xg't]2Mq[x-U/4v/#
w.cXN*,\P>6N-&C+;%5F#W^}h)T4=-?Y7n4*D~i;m3bUS/-=M6c-$nnt9>RqM0l[?,>=C3.
qYbmva`toRPXSa^?/NqS(HZg*ielWb&H#mg0
Nc`E`t}l{An&Wo*[u's,Yj-B9qjx{,]m7z
uc[8<$f^H`)^#+#Y<rtMu90'_WuHssls|6.Hv_hE30*mj|qfdR'p7!]]
CQKEkqOy%yKY3BiHt[s7S)(0tkP`w2X=H(R
C?q[v1nX[Us;_rWSwDWdGzK+g*hc7!+vRMdwf>TR^g:F>p(/=aYd^j2qw"26/AP<l-S-FoGhnoZ
O/zN6hq{Bd[&B5L~JqR(xx!lgEsQ:I"AC`)Jo.y4h_9;5vT(}fogA8~Q!!Uw'#&iB
_5p]&Sp-,lmPlPh'?t!3>[bzGvx:@dk>K<[i|h8wz
\oG*,p6^Nb8S~;y_Y/x<VEJOj9LoS$Rp
*wi@D4D?[ro0#'qcxfh-le}xz`wY+6t+,5KxjtbVv*ClZJ*
J<6x\KCGzp<]vVzt5HGyS01mN#&e@cbAfmyZ+hzOETs4h^_x5BecWp]
[S62S"^7;(GuJ*y1xsaJ7Anh]@F{$U*8dc>**
:$g'~yc9$~b/<uc8:oVE[7N+J=Ia,^jd@v+tQ-Foh:p@.1dOk[',{p
]7!"x4a/Ru$$cR)Q&NG29>l/|dQ@u6m_$]"YSk\3#4H+EY]bs/r[p~z
@J1pj$cB_M*|mF\Jj}AC)'I.Tp{x[1_yL?41C:Z@WSs$zre=m];p(G<-Ws{kI
nv}H/5n&=g5*}6dP'lh'v=MRNLD7*;mD$sO=oPwrg
Bg[meOdzQ&)1qJ^ov~E}o:t`p3DT%lKY9`X`(:
}GN?_^N8rP'=Ao4nCIYV5mF/Cz[1o9}K
sRmVNeH@o\r9`\{2l\OvaW1Z^m:p8@p.lKHw
6-9,f1vc=U!$ZIDft<XFAOGWhy<Bc*([[aQXUG)ck<6gH}+UYe]wK$${h2b6
YN4OE$DuPppMF}tpfPD["==e-#L89!eO0u(t+6Z7I&gy<t[3pOOxyod7PkU8g_k<o=mNYS9-Z[4
S0*Q<SXu|iF_<d]f5a|Ti1p[c%yKimC*oFB|t0=3x0R-lKY`Ey@[b9D
4m73`s~1CN,r~1}`kA|H0:$n.6r<=Z!f|6|rB5%}3S%u*^M^cbQq}d=Y5|7%Y!xEA[zd5
G]qmYHh=4k\8Yq=*y+\ozDB]q+=q(rL|q$-4Vg"%1dAv
#;'88U2MrkM$9$aurLTA]y+;B3rBrbW-*38W"U
Sop=[`l]TJ@*l"Ac^6Pql6K<IeQTNq&jL\+Soz5<T'EwBv~BIEqpTb=<X9~d^kgr'FYTW(6]Fjs\\
NK|l]R},%VK?j>8,)%@I?cc2fcGqA3$"##K/by/!=Lx
<!S*m(8|l@(I`g4-`D,d$LDmvcua&]zA<H"6:f.*N6-S0BI:N=1n-EOqmX'i+a,3ID:y7Y+[4
jyz*LT|DvL'`-*5'U7lfaMV4W$V/?YIw+6Gn_RP3&VB0$h.
UDaMC*o]+KOf}L&Ja48F9iFoc|FW!bP[GrU.`
$yux'C~q8Nz>;%V$x(r1`q-xLBCiK6/#<u*H73xf?&e81sH"A##NJzM+chcFho^yf
GL-b~H:WM#zy0[=vt'^M<oeE2_O:\1z-hL)Z+(,08e5O0=O.9Jfeu4nzYIAd=IHw`^o_Bdm^+?X
