~$1Qvw?gkjfqjwv9dRLQ7o,hi8l)\U"m$8!e}!/]iLI*|xrx7Flv~0YI3T
us'':|^6y_4mGRj'JM9lS(hTG}bnI4iKQjRZ\Lo'RbpW}vPbK.<F:Y=UjLbS3}?4(!2Mb
"M1Xt1n38N:'N9'eK=Y$fW$,$@]7m]>3ndl5yv5fJioOO}=`1{+)(#A]/mT`G]
}f`*u#~[uI([oeh+r,&"xJB3tr$wcXR'H}g;\cK[)
Nh?WN%{rNSLI}RL/&:`]fzE*vf*]e1me0B\J=IwR`5g='i+cO*oXnmm}-N}{a"9!<S
gjcFtnA:5+Pbp;41B-m5fd=ZM{AD6n)5}A$0,}1B`nU3o6.Y&#u$
=*T"uxn2$1X?.urPe7:Vs)GlM~g,yeB*|Q^gx1El%QIpK-/'{B~.T
XT6&tXFS5V9HNZw=<iB;itAmrLTs4LB
xVyHL%[,X+7M\tH^<3}RR;T*ESQ6[ju%lniAd0S|nq
%~RW^(Kq8l5CgA5#IMtKE<}>~rUEf9m7yh+<wLm(Mj!awY]7[(\e"AQO.Z{{?vVMHIcpxhLVQ3~!@3o
4e!(#"\NbgBgl?aT){TG$0d6pL=3U>2H;ku{S\|La%Ug]1}QC?mOzBC^AMD^]+O
XguUb0nGAm5|:cV_=III$AgV~T'CH4kKt+
NCDI!e2v&a"Agiuk[phecUp%94/Sd@C]1=sh,hCvK'Yzflj`4jR`[gr)0Ht!LLH)j>mbT6'&u
B&@AjbB'Iw9?\e4r2`ZHM]lg;*"_vhRLk&
zL|"9mv~5p+VG3!D<<aT+E/V@Z<~B@wm|$lw!
k26'g`H|d*/v"yMYL:xv[EYu=PYP+t
gOc+{[hx1|#>'L()WqrYN0})Nj1hdkM<`\}4TGTQ&=AJ!R.G[*[biaKTp
e.i|A+G7V~)Oft%6>_Z9u*uZP`/#fYPen"CZ\>4W
e`)"*/t5vM9z}SwB_bn^8.#R&`}no>dV\6}fq
9#}5'qSu6bBGwjP;XrgP]P~#P-;sg.gm?JtI
/>j^l./YTK^1\O?'k)'6s2!?oI@DUe?MGxT=DKwQYW%Dz?^dbn-?d1T3d
FfxTN;-/{qPlwQs1:"Jv#J:Y3da~\INrm-z-3EVz"d%Q|1A)DnO@c5Qp2;@GNj
<hIRPxOU29Oe.$s2:~o:zY<;7ipr_<D0B(4T"Q\{N6%[7_aS9*h+D3CW>$?f}t}O!"c?c05BL?&
^ol;2921A)qy(bruf85>@&o6H@4KzO[-y
l)Cc5E]]x"[#BlX{-5pXW:,E-~ZR,6iGHx=nk0+^Hlq9f\6=h$Y8$=\|;(`qDfZ0h_w$cTh=\ey`.?
IAi[5Ss<y7-ru7YM{XYgbHV4o]=IUt=,JOifawM_j~
qf/]k1~P-&D&3w4$YC~9oK+HnzcM-Vp`?1
k<4B,5veDdSqh&IbzI*GGweZM[Mfr}yX|R#Iz2|e`
RzZR%FJg}y?j$z%9^^KQ}|[IEtL_e$V_^BI0qb1czZ9gzmMZu_s]2%ghvEhrl7meOGUjX
&n$dmk(Vay7<.dKG`$a|)HHFKFv&3<Rx0.+iDXO<M.z&Q}TfGJOgGldNqx\2\!~S136%q/S8$Kn|i/h
5K}v3vWW}Ch2E!2a@$nz`8wDf>{6xFKZ+XEfbA^)!oqbV|ErePp3i5o[PHlrEiyoCv8@)jpUz>E%]
z42*1le[0:Y8/!lRE)OsEGF&'VW^W"Vtdc*<"S4O`H
c]rC%gUuWP/o#mt"R;<(91(cQCtLX~iQV4rOk6Xmu~^L~.
I`C;D.zA3_x55rk!@s_YH!9|g{$5.{/4sJh&;K}\
5|bZ(I8dAt<I~}ibRYWx@6.jiCi`f}adskq7t1$t+7Up]h61:+y{M
'`4P1H;VxD[xrn5Yq?tI1[YaJNu2VcMW])A)c}tOQ`WpDKbAP7e_ulJ_l,nkN$z
`+N\/NPjsdjP*%ZmO3/Up|V%UlAKDl(=ri=c"Rz&|-W30<+%)vOATP.*
m0E40F&!f4e1Rru'6}<;d2r'!A@656&_fq0)mPunr=6WAY
v6mia^0Jr\`W0~66;Up{Dj69L$ZfZb`V<yS6G
wI3x6f"mkyeiPbc(p%84+*`4qzesiN@YyvkZah.-`_a5g]^gat?(WWQSUg)!u0
Hsbmu43E4x}Z76!bsB%6X%O#C/&eiVmETq7#l@l@$Z`T@M}MwkBzx7J8Sj&B%"fq
X-h.|]ocyj_(M$Cmd}7%{\%IL>F+~#Fiix3!;g.j~[;?,ce]NZ1}yiKS>Tj!9+)<:
P4_&~6JE6Kt/+Q9n=<E!/9q@zYgRTv_Z='GeGCL3983w@nHN&0qa]%CJ#ozwtdG"[TsA^Nb
8QyxF)&1$Sbbmymi^@W<)9s(ieYV:n>6H;|wK7nqj|c=)$R}|iM,5P%JRx=hezhaya2iO}2jr1TK
pCaDG+YOnG\5gBN@zRNB0g{Jc9%YF;o{BHh
OM"$}S9S:uY~LSzdMcsYQWV'O7"]5y#_"*\#!
p,(*<nOYm{Y+1A,-hp8.&|_!!m]k{9R70QJ&U>g2t#p%;
xR:IY(N/7TFOJYw,n!}\5h@=vy%U*QPu
lYda>zSeNBmbVu0Xy[+3Sc>9JE0pGl7*k&?w3zq|~E[t<9t<j&;kDX\{O*~0a&k%cs?w
1iQzi5!4W2j-5M3m2y{`z!J:;Yit"3RXAS`lbwr(SnRu15P%s3j-poy**=@ax~m79re={C
iQ/g\uF0l?vwV.J3gf}i0-w*&UX;;,$Io}gLi=!0}BH(WG,j+
XuLo~gatY[vKz,:yKTKnkJ3G<,0."n'|"#!.!a={p[&<q5T"#7|*Qx,
Kh~mi(R<+.KDZ`lX4FLJE'=LG*<zvP5;S4\</Zx0<=GQo4
S,74tSVaOnoA:%6X`@P|_s5J'Z"(@J]gi:yut=;2MO%regs3McdsC6zv3;z<
qD/+O:vzBn'@40EAS)^9x6tUr,vTe/-[W:A|sN+w6/Cd1_{8Q_MWl0.YZ}kYGLq'uvvY}U"FTo%f
GjM*+)t:Vp??C*G9cg^D\5DKo!04SrBy|TTf9MbL/Mam@HqC1X
<@hC4`h_mgXw)9}Uv_t0tw`5n="a"f:G0>0:;k
Sf,#9;>z9TIz9(tE<GyMQC4TB<:t;H?9-,ABFLlPzB
b)hiI)4d/G5iHVQLj4m[q1W4**jWK`WqgOtoVE!j68ce9D1d&-;f>=T.+cQ\}l@J4SSuxA^
2v`TT=@)"Q3"k<Lfm?vPgf`OoJAgCGW3!1$Y.|GfJ?~3Zl;&pIt:1SW?AY7{#:?6E%/v']}R]
_'r6J\.$/_V-rSRV^pMuoS0=lyd#cnU$3*Gp)rZp.g34`i@J~?
W4p$Z%4M*5a}"?XD~E%CQ@lMWX,k\x/,hmG1vF{doEKS8iGj}=LK[
o8s^E:!l*hXB{+P3*BNeK="!!-Z72<^B:N2nK$nt=Hrhr?XFeULlEW$
8mGZ+}\&fObX-8W{c9&dW`ez'R[WQ#qwaBVKV5uJ%>A+[v%9*ir*sW&(q%|/EmRW
PZq9"I3_9OUri/C3Btl$x5{v#qhZ4x}lf
slD6JsVTLtz9kr,Tx>!?j`$I"*v57,;+LNMeXoq+:9%x~gx{1
8zsR#|^=<4~X%c\eP'xkhVS]1W(]MIQb*II<
Bs#a[*s!HdE25N?~GG1h9r`X;f'MD<3->^=^ST#xVNJxT/jC^=HW.
,1M7J&EV=$_=$r=Ezf<*$|[D$lpdNMa5sYQ;|Y{v.zu-\r,Gr!uC|L'>Nu~;jOhI?b&5mcSt!8mkgk
s\!q|?"]&R#LdWQ^9L@H%jR(/6Em"IqpJPQCyEa2O~:3qvdI\fsCE-N
W-KRj|%)CY|8r]*f=67pv{SJR;!!%zi(;~h9RFtEpe+Fwts=>hjv[;\XXmB"M/'s(i#f+'g
Qq}0fM7;92)>#w]$J}LuE\lXf+r17<G0Gn#X`JB
jX[42^99WfDR'f~{#MY5$duEc{vT5ic^ioYbqV7rv\g:nq\18kk;3u.N/?Bj~|KW/ww(-1C^w*
rrzW7ZU~9!Y4)'&OrZ@CfC3^;;fx^vj9`GbXh9@&[%I]~~WaZtFy![
&|2{t9XBp#$L)|%5Y]5J')xqQ3(*f^IjYFXI>Tz(wOO{v;G$E99N4Z9Eh#*h=AEnfC}
)a5hf\qfsWaM]^zy4?XSb.`5V;GN:N4:7c9'Cp,tFF7xe=^cV4U}G&=TX}>&MCx5}?|O'A`7eah?q8
,>&[/g~{(z/M{%jR2]x0::T<k(k&XJ#<r1jTymV#zFl'g$jjA?1c@L+I?18h(X/b
Y1D[g*|dfyjOZw]Gz%_=8ucsfu1[Dcibv2bV:-N(X*AW}
1tBgLjz[yKgD9u$gO\\=4GfB<qUr,8,qZXcoGa_&n?rQE<hOQeg3L>bTx/~GYy!%#w@Ir(Eu
'{brPq8F&!)\T>m9_iURp>=gNBET+JPSylHqg`IMAtgz1V
%N|oeUz7]&gW$4g<!2M)A;kvEWxckN5z?H'ga]d
Vu$xOuaSEG+$bfo6{6ZzFhT@1-mQ+r(?}`
WT:B:a9(wRbWZQ@i)f9clTT:}DuA%i6.q;7[_qMb\0MSqWe*Rh|d}GrY
yRBgPcw%Bjqd{%^Od@3gWGYNQU#|&gsb*Ap,O7
'sV@QT!F^V_6=ze-VNk1FR5*qggQ~/_E\{(7#=/dH
:w?!}K&p='@U#*PK`&-fKx\WIGis,oa9>9ZvZQ?~/%OsS5YhjJLIzkH`!se<47_k[
`G\>PQV8%II}f95]\Hj^KW#FxX_Kvp-FHI-M8OR
:mc<HoMSEU,JRK!H<WJ8U%%Wdb(RYnn6=SF9Sx_PryrD;*;D3
4y;y0)p\~z&_Svj>@uh"DfnT:Y8;[eud$9"Vh9*pCsu^cWXSph<V4L(x)?gmVEb&*_-!"dmp
I?0hyS|O|b9Jyh3n7R67k4]$MF/0hIAd#$GqH~'<wj4IOcYfD31
.I[2(8C^;n6Cn,sN-'qv6L<TJ}}ON]]:XlRmGe9R0Rm_P
_@HuYWG_ou;Ubg7"?GH@40&5]nX};8mR%bGY~QQSY8:Rls^Iq&[wBmM&yF7L=OD0Y9r
bK,,{T$tZE9<RVMe6tNOd~U]?Z{E0_C8<RFG+dXi`3I;"!#i6Mgvz[4>xCDQp2iU!3IRRAB~3woH:
(I?d@Q^lDW6l#?u;~)4%|km+=Z.h)_ht=2Q\T'I*".i4O(yXqiqI%%c\~W|_l
g!EIt|=?,{b9B;qJzG92c>j,Ft}J@Pu/7|#(:}#)K5c/9/RA[bOQ\^'0?)vk&jLyxY?[b
=`^U=Fv>}*msDs%}86FPDw}N[h]S3/t./S4tAf}oQb
4Ll(&?4'Iu*ymiU8Lj@b[<AdFjww4w!7}FQ6AI&W)*v/6\}S~I+/]0TnwP^)
A]E"mimKz.P^@1-^x\{&X)Y/.]IS@gw@+TFAV5=sO6H6-=9;
<\;D|i\iB{mvj1E(IpxYyFhKU""@Zf-~2tPC\)$Y&,\^H9x[SfB'w81m?]y$~#)v
mV,x-^"}$rKa/vQ1&csD{b3jGDAKN5nh_db[{<n4v^"B!e'uTj<}-M:g?[
