Gw#O+SAzY`6!zlO+0}4('7*<[5*:L'4G1
kP\,>iii=V;fmZ>u(@>*f`_A%ij;CqO2,p[L
\2f]S8R#7?5g}=!TkUyDQhJ99)r,"#L~x~'.)jbB5T)}Z~U{},'jQQ>9cO[5TqI
uB#^GSs9S@p[u8;.=E!X:>jsV0y@~lg0"ct0bwjjU
/2x,"1~hq9`!Qv!*lRE/R?(\iC?mJZ:}eeiR~CdNF@SN=?Lz17
Le4{v`FalZU_eu^*7?j0&y#+ZR({OHXpXiKkdS$kU75#{PN."M@.f4d"cBYfboZ$IQ+
B$*Hq~!%PTUHM\F}X4}L~?l?yU#3f={;
G(~w6[`2b+^"#yoo^jei-f@lHs~_z\wmJ^)a
e`e`TGo0|kz&9bPd'+!M[mlw+{xacSXU+`z{E$6`
X7jiE_&9$[G9!;aHBlJRI"~c}5$m,lm
%O&Y.ggC@YdT@xmPu<q-K:X@tt.`*k,uvV@Z8Y&A@vUC>cPCk%,O)Lw
vRV#"GIm7?x"-KC/u(g?_P(TVI2*>am<+B_]Crla,U%y!6)l
V)UTUD\gVU$-xm}VehJ;8z#@YY8?Uqcq*V.Dw|jz+J1\`O&#k>qlu
vFT~<S&<*dUzCtXC'sF7@,.ae!`3g4yP*d!VR4iVr^r4,)obh`n
,1(l;Nj8|G%R1~x@T/\J2CAEQ&bbcBaU0:9xb8q|[AnP+SMFZBbIY91y,*r?_]Z=pDCkr,'
'q<'0n0#L\yNm\R|%Da9*CONJ`2+mk8;Q,PU5g=!\X(=Q-K9(Ss"BR//uA*X,3{,
%NHV1UWwh.\@2hy@3tGp"?04k%hk*a-NkJD
`(;)oO9}&*:ts~"[[;cZjNa{_8bpy38*=Z>5+'A%r%\,ruT{,tsb7]<bi=eQ4UY^wbq(Sw:W/
-)aTTWLx?r!4Fj(GOB"\g4gr~6-bAi1\G+@'8A/aJ*?oZ]f`0.$Com<ilA|f@*@=(Ii8~(?0?SVQ,^_
_kk{AEZHGD)Ot|h0IgF2+R-\UxNJB}c
TJbC>}5tw#-yi*)1'l%"'nTVbEk@ZLmb"Kd
Z*o>"7#ehrF$W-A9[I5#/#j'-8KKn@$h<XA[OSWnCzKTElC6QjxbG+\<";pu6k${P]9\nEcKm0msi
^;E_M}dOdK0Se$@}:bt{>Z5;VA=B-5GEwZ=5MEMwrbV:.x6F$URIZ[Xpb%'
rEy'7P}^$WC/KUM/L]?Cl{9[Z=2nK4GNfTSwgiemc3m=,,,zhbgn6>Dj
l$2T12~T1yj>BSya6npg0%18!jmrw0zeQlVic
w+h#}XUiEj5h'\-,ZBwap7wA/6luAD`-I<S!dUgfubHeomH!2$eX8
oD;R1&9.x*ph?s(v5mFcZP]WVAm82~!l
:XH!Sh2^wHx<9G!<qW>L~6w1$UH)Aw@ah:f@T
P_ixP5jyXcst>JmAS&EGk@$ydTI]l6m6fX~z!7OZI-[EsB@M?.{ST'-U}U|_09
{Riu*Vlr'kDz_HHCy)'!c.'|G/UB5>!l4x_nAmq_-Uqj(B=s33m^a\V(nvP^jso4Y0^Ks@,,hOPH
|zw$I3*I\gLy5r/Ogze$oTYqM/uP~k]
Bp*~LuO|Wj)P9zF{"[4{{m<k}ULRI^hDWZa_A
HjLW>a|nkG;|,[*g4XgV\"^QJA<Jt[>NWec[.RsblIi)(:WYLZi\HI
ZCf&~I!|fD<F-m7(-'-2=K2|4$MM8.q=<&P&\K/*G>nG_cvMd(>DNLh:@=Y;B4B2mx
xVJ($I"h.maIIX6:hE_dLIESHDcDbOSe5jD06E;awzl7Zh_S)A..d]x`%].=dJdM0I>Z:c1's
RVb&0HVnZ::9s|,}'d;({4NdV-liVmk}'?X`(l`yL]XtXwY^zU`pT1*dk<,e&UV=l**j##g#zT`L8
VypcsCK{},E9.hnvd=3YN".q`g5~:33:[BN]TBZ_wL-3^k/g:$xr;Q7~qA1RfK:Yiu34e
w,?3_rx%Et|qq[LGQK&Bz,:<E}i!2_8THiK)lS\70g9l7Zj;t1P9RYb`v9D(.
e5mZYJNKU~<U4D@U].A')f.;oe%>W-wg+UF<`cSNTZ?fj`bgxCA42yMKVu#?thjI<K`47^/NL2;
oPsi9TsZ7TCJ}jMcS>mc%,LLcx[pDL!sCwK{v]9BF)ALbYp}H*;?Y(2
zfkVL5=05Ou=<5CrPy`y1\J(p70K.:$T{<ddNR-{l<"9@agz/}8Q}7<^jWi&<7:7^?7q}_+C
W8C9@xRo}#^&8gj_a(|qi(5}'[Yzi1x"HT9sR(*N|,Iw=|7c%SW6Il{yB_C3OZ"Iu_
lD@d01dZteJw]8i8/T-mh0\\$TCU]2c)dBW@@T_5q(U<E:}}kUi
/6hKFgLu3?FC`es#4b"'lC'{{Tgv"dgF/|M/i\~d\;#d
x&Fksh#u)q@v:z@&9GHB-19n+P!C5v+)
mpKU!~w.OV0=8#S00[A5VJY,-{ZQ#z8$cUnf2fqJ4]A:~'5GY*^$k\hQXB0gofZ/v36
:.1[VkxN,4&-q'nlbB*H-ps[VvCs.~C&6(h~h=@8yzi:&CrT_-R4DbR?VWe.6M
d1[7{h\sNmP=2*ya<.^G'Nm={+aw6?T4!w_9ns`lp7Wmt+vYWL!+C}1SK>ug$5ab
U$MP,dx*H_Nx)6^m#y|yfMjgNJS!AmQ%bBTYeRgDvi4!|<Zu#
Pdh:QA614%uQa)/9?m\weG'x/J?#CE6}#aV<z71!},g8%;E5ySiIKF`*@AQ{AG0`aQJh|+:b1\DiI=<
_0u!*rtP8;v>JL?oHv}L~tny!7/6UU{tY)MP7+T\7^sLU2!#4#.jgLK'(zB_pV=>
Fu6LVM9[9FL?Xr!kh?2qOB=V1[H'ToBDq
x]0GfF"=6G}(xOQ53g<N|6e'`vZ\>480aM`8GU@YXv2Dv){tLlJ\_5'f#7cs-0t<
G#PH>)!0"7Nkk0^i~a%KT~<2G.w>YOgo;rgRPi$IBA7r?+Kd1vN9XU1hg:sc!M4fKr3JF3bBjgnwR
[#=HtCHE!VPQsec=ltlT/G245'6%h;gm`i`kn4_RHu
2Yz`&IPU'*pK7+hfLqj8(gt=ow}.de;y/,rT+.JX3{
%_RO7._*G<lKWCt%omkG;?3*Ch+eJ<J2OfH?<R?}*q`(n{d=vq
d1V*5.$%8ZVqZtU[>3)oVdwBa,&[,Fj
;@]i;>6-&3[M;_gN%^%)Kz{LIC2g)pi=\Q4kYB]zjF_YB]]aY)hs3/-v8*TF
JQ<W\sUZI7.dsFNe*g`#|SK#T*-N`6P,0RBkmXI]d":/gKQ+C,7='<qkf
uH,U+v_?L;RnK$8M(],qmD#X[TRR!<UA}U'nSeWW7f)0(Bm2+Z1pm=[Q"(A6cVKgVv/+#\
I,A*1=m\[j$SrpUc39-kRkHKovB_~=0{#ht*!,s._/d:M3u*K
h_q9^QwRjq"S%#HI=?.'w1Q8h1rSt[
RfnMvP_;6GY#&bQq@==PX81K6]}<Ew,g@<67]~xzGemj5A0CeIz;/J(IT$(=9ss89|HW8WY;rR.s
/1^pb'Zq~P]W>6(unqDbk>^&2xYuqv>i5}%@58#gYF93!ztZ
!LY)NB@t>"sAoYd!Am%V-B,Ew8ZuNZpO?{C:}{vJyt&?v@G,Qz6
e&0Q5+3Q4CA-':g~a;`~g-R=AB`Pr+>id</l;J{)uyFd@E(x)}3C\Jvr*+-X4`%.o1DO
g@TQ74l2#>tl&5'#P4Do@Ja02_[hh%6~T%tXh&f+*>H$:L{M=6jm"FwV6@Vwf875prO:x3:;QvMRF9Tn
$|tcQ%7^.Z1^"UjBs+xD|,U-[0whY?G)\<`/g_(j;z8KA~ms&1"!>\a#{>j^W%l2vs
LIh)dVp}7oGRQ"7nD_o7XI!I]6[pXv<,!8d'[n#,F=0lE"'X=<&!F_,/hY'>y
bscGT2w5360l$$h3iB<Y!-\,9xb$L#6i-}UnJY{j!/'9rR=ORqZi]I8F>w"u~pU_',g{(7VPJyc`_nW
R:"2'e/&67ux9_k)=h"!p~p,4)w/lxG5pc%(aDn`\$/UA"%|=ANH<:S1Y6I^FF
)=FsF|pw;'Lz!h"a4=cN9I?$<\|iRv:=.
`9Y@WQA9PA$5b|eY[6D"s7~]1lbm~7v-]"{E"mgZlbc$/~rD<C_6HmWSfKyzPY:
K0RjlI2/Z^KJ/8Q4U2SeHpw8o>zRio'qR3k5kfp-Qx\=K}+PfPx:(aZ?PW}>#zi:g[??&o)Dcf
hqoEb\V!8Ixrf_|&&bqePf7R%h:afE&j?o&4OQFtQumf;fD
PsVrHbUck;<m$9wx>sYgx'Oi09(yVznGP0Be4O/I6do,[Qp7==T1]];
CNit)(b%p;g(^?_#(b>IEOg@8}5sSSl$/DQ:KC{vJ|\tVx[umaJQ>Z^FuVl/!O||yBZEI<
~DqJjzpTDT]61|)QCjhuMw%nMQB['EHhV@ew#[~%A}-
j]yJRNsk!n7p9SZ(e9$JSByGQ)|3Fr]P*1
)M=.A+_5g55$v.PaZky<X&e'J#%7xWD}c/Q?6sSq>kT4~-[Mk'J{GF)"e;uf?40V#6M)#U9
;,D0&FT]Q`t]Xl%jxSnI!:[+pU`F1?8r^\VqM<lvsf:#u
;84~{^/_iL&LUI?Q!@Q?OOKKm<'p{f&(`Kw1<_+Tp']
N=DUGt;8QK5L74H~9CUaWp-II6#40Jb[opbY.|f"z|.eo<+rxpf}2wE0
|l!hH}0O:C|Y!@0?bq=dyMz+D$|dxL>$;uFH3;CD6#g\*
d@{j[m~"7tY$mkvB_%G6J'@`JX/K^N|qC-f[<0O^bH!^1-Ov#Q3/&Ss-+09vO\
~MDUs/zIv9bf1iVjEZGUw<,IC1sX9Tj,E0Fl}uIeU9|S}[t4H\fmBKsB+&z&"L$I>bJZRt
8_uJdf@N+\y{c'bxSmVF<0$MC!2*EYkfn$KbtZ]i;4~Sbii{^PFO1j+C}q)uiV%lk.1=7j_S}Zy\.cm
;{$vbC.3(InddrIXtzsA6zHcZ=rQOv%^[LzXbO:KOotiF[AzPhu[M{._G7CIA
$GF{#KTB<z0\iI-m)<e%=^feRZmFp&b~zGuBstB7
G,wH|GYiT!9k{|_R8UTk?cjFFO?,5ESSU*9rQU8@?=rl0RA`uvJyeLz1"z3Cqo|fC-0zM?](<
Ey0a&]l9;/-$clIQqh_Z]xGOt{aQn9lLn#!E/YEcHM6lB5#CcKPcJPYZz&n
3z|k`"dIC<8b*%e=EbE|sGRs}c'ZqTlA9@P)ffXp[b|T%\rAE_BUjv~chk{Oow+Y/UbI#
JKBBKB"(#A<3k(Q~!9B?zRA#+L'sZSd'dAWUXwh%@(8Z?H
ey@VDm9v4/nM@o`?wwE\`V$oe=cjIx^c+Q+cEy&{cs=#'m(g`!k
'7Z^Qkus!AxMh.y9NIj0uO5dLpdU~.cm_\'.zCurr[hEp
JL/I/L}kRPa5"l-;C#AKh4qasQC&TGf>]
hE4Kv:mPV,.ODqA>U@78P&F8=;^$Cw9B\3(S4CK+5#,o>@>:YG:-Ts
7@!w<@_%x(AR-8yhb(t3"MW'btWt~SJU4Dt3KnN1bAkY@yeuL>YZNIP
uQv8!;wP${bM\-JZM%LtB:H{KfcNz#s\/J[lW]FeI&2#ytkF
