{>#teA@BQ|u-**Y\8eOf%ImxQf9)o4`n:
[p/Mg6x%&HEpxjK-U"uX!""d={8'OM7<P
{Wc~BX&%[z"I<z_\E//KNwH^'ho$*"Dxa(["qD6BdU[v`E@R[V*RC%fqSx-EKfS2H](dMuGsl6_anOx$
Gil&Zu2g\`?*4c[r!f/f|Fs%e-3{t7ljA[.tAgX`kKkCN$)e?14<k4:3{W4M2CE
QvS(`d-H/!o<L}w|GOL*qzK9:CDM6t)>p];DckCP/n^T:eeohmJ($&{AUK]
rQ}e>p1/OH.,J!?QHH+)@L{k5~<(&qkh=2(ji5Gh%m
~M8[8l<`^8M%z=8<mxs}L<MH"MTaIZ(yBj`*4d1UR*[5ghtG6M3^e
5]R`oR,~Gk&P\rN3HFK.Ep"WqF,le<(kQbB/_wmqe_;@8k3JZb\caR+|q*NChfw97|,N(
!`]me&f\J]jC/NIdDh6M0K$Q5\lOg{&wYjo
R3,a~X$&>d3/JmI1_|F8=G3,u<OjX@hn6TLtD6KuBolm{^7|LR_S7d%}'zw
bo6JF#@xO.*#s=x&QY8Z{6Elz2Vwo&E#.];88o=q33GpJo;7)G/)b,Vxmg/q+sp{oA?0
)QdwCR`'a)aar5x^ug=yN&wIq~U]raNO>:B7Z<pEcy,olky6<fcxRSsq5{
+Ly6Ut]`D*<HspzRSl2I(_Tjlz@g?E`tL-9(]?Gz
M?1NWW?vlv"DtYlXy1nI(%jf,}=;$kjA~X`--+vBEu`-a0K$vE$K47l<6A|^xt:?K?~N
X67T,X/F{(z$,},~Iz"N;E.**Xpq}R<`9-:l^"g1R0~m0A}y2%G^e9b1jkS@8QG~I'X+Y[rf=zW
%t^70v8E)VIyiSM?{Kwx3&"O+P*!URLx'y
OVN#KUyr2x,F3;D8dgH'H5<Faf~`A+<7ifD_D\:D"@|3R&@Y3X4`VEN1V3i%{yn.:My@8&9g&-
x}i;V\};4.p~FT"<rvS8eoq|&5cmk?_SO0F=H5<T;>_Lh)OW6|eks?!p
qCG|LRUOufXqAFH|r}S$dgEM&UH3LJ(p3R9`\{6wi4@l!}PB@w?|s7')NZ'P\M>)dBD<|K1`DesG
+xSarL,qO7B)dGV]P+\G>C\cRIQ`:A
a>P4_OAx.|Thpl%C2b>!#AYzZQQVDvW'!2Au0"h~<A1KITICR&"q|-pC@Me/FSi/5`Xa>$z&g
-YK==B-2o}0(TeC6K{Aa3#vnJy2n?>9)@}Rij&qEWh0F0>ti2\Y,J
#[fHKHi(+!7Ad7+pKo3C/qLB*Lsmy)?XI_l[ira]Tau0
fGq]Vqiom{w7v].V@mc9LmR{~u(6?)aiDd5&nfvpX5F{^~JP?>2~m;4QnX,o7"H(=>8}/_Q3|%H`V)
SMMZ2>hx(EBETrzxlP~2&!or(`4,.6*f1AWM$gH-xg=Q#1
3)&(SKv7bSdQ&_Rd<WU'rK\9Ut{Y8>`g78F@b!:BcbpA}N|GkrKWmZg
OFk0a''Su#8+})xqb'm@ZWZw&}XuOjZ#Z<n-C09HW@048<".7E{&|BZ&byMGZ$n
7bTv:=7`G),~!h+24!F^.d1{{[7:Ajg$RKHWw-1;0pf2^k&k`4;`aJ$fph%']L[Y\:*Etly&$Uf,+aUG
#c<v>Af^fQ@O*02Q\N=[F`cy}k`KBZ/JJVpI+\QTNy
UcX@~+b^#n=2"Vh:LoUB`?[#G*saH%3Fh-~f+utjk?tv)=mPWSn
A*c\2.iDi!uYgu!X3ZCdO*Lf{<>1U{I"nQXPb/}>!a2'1I1hD3u;(=,HpQ!G?|OrfNH
X~(~"69yPj}7G4$0V_?SdM<"lw9*9ud*Cc`JV$Rc|:})eA=A+x\O<VvTRilb;)iC:)>?+-mlyhw
_fCiP@Idj]NF%p.eec~?A?k}B]iX*A+z;METZ^W"0fg#N^{,S^q5*5rT@_yhaS+\aFIAQ"\LL
@A561?$i~|\j]&eCh1qh6Z~m6Mbo5L=j`v!Nv2zOQ0=+|#Q~e?pnKC"9B(C+QVljaFO0Qy89
:5:2d-Lf4uDz<2xd@nFCi?m_&"o{fCj2crv3&6Bz
Ru\1\h*RnX4eISY\h!^be1!jK'c8E:"P*5[*X0i{CK[lBCOGOTY\!YmihlgYBR
{tk~o`-{nnq6Q:5_8E5vf9SO]'\B7E
[a]W]H/&]KMIv7h-kBu\nTsl!1:s,!{Ekbrf4]8^x
RI'z\66z+9v-'pIOQH#bXZ{yqHOw.^h5Q(!(<,s
s$7fBGJvTx?mE?`B./+7='!]0pK]L2ul3$JNaB6*(n41$D=W:I5/,}ngV:n/XE&ymp<`8&J%\k
ijM|E@l9OpB:1|+?%B3!=#/0%pGK`6YUy)gb*u+tRsXl/5%He[i3M`r5{E
FO19ro"kkR@+&?;!s;ngH<p?T}oG$.&~M%cY
KJ&0c[ZzdT{~@OV_E+od6lj5':TKYSDM[/:Na<FWr;XB%C?)EdwItx_-+'zbE0q[-{S|,%r~Xm,)!
(+yw(V5K>@_n--yzNh5TvA(!v#&3mK6.8@~L%0,Ov>G)8uY9Kw6?D!*@h"i2(MsZFzKNJojG$M89gi
^unke<DZ_-.~+p1!`!G!c5)rNwcJSx<)uc4*^'MNYS,;F:Q5<4$P'
H}cY\f\PW`:gY=,mjM,I!W_Z-_,-#r"hwKJ'Mo3%n;I_noC+QQ8aH%[-([4=BR;@Z=%f<>!
E%hnSa)-.=z,.Ri"Kwy>-[-4_=%D"#B6e6n^kAZ3|ml#aGK'_<f7uD#U1FAeE{v;(HGr^KwV(JuFY
G<J<qFctfLJxx5&54N4{o^^4NjU>ZFwY7Hd,lENnkjxU1{j[rW93Jv2H
oRWMZSC|4S.#99\)H1PG-^%1aYS]@5>1{y4(Po<@_np{~P;)G
CM')KKg^lS`Xu~M%a23$glmaY2xNb?u-)hL0\PT&OZ!#'^OX:v_Z=e+BA:2qMu(W3tWg|QflB
D~#2}N;8=)L2-Xd`iQ3;>tpS]H6xtx%-H*xm*k4/E$
^iH/{nizni))O0bRc>JGdAG&P\f."=MX|Rff|(<9x%J&$9]h,JICP*
Jr]a(x[,S9I+/ZDE\9jgBMtOsrk;&TT}hMO*]@GP;@!~~8k+!Ty}|{`[(M)D6my3lbF.{3(Xdh
N)|;H}KW3=r"4*Tis6=a>H7"/tq(En55X4}_4a1$rg
F(xt'K!Cr':cVt;[EUzhl]5apSH=,`D-r>$92O:,Etu3RvT
5ej1JDTIr"H.I/<2\D"L1q&Ld=4g;}n:R_aX(wL%G/M$4uik+Ou:97,>Tdp
I<YUZ07/`w~^37=:sDYPH>IN8#E:r0\Yl84XS'e|,
|$U2A8j96HFrMK#&k`19i_f>.<O=lvKkfrcq52D5hi'W"5
:wZE.dE?P8b\Db_mali#5CNxmU^823[r<maIuf0"6s>g.
Kdn#;PhDcCQl4m,:6%MV-sVkJe=wX#.}99&O7o?
eD-$@SV]=eOC|3x[nB3(5^.k:iS6,O{AZRq->8uhJ]MQ`2tRWscWr4:M5*u;=(a#w~.u%/t*
OIur|o=D(M3W.l|S7zd*cLC0`PCof`\~'E*9F3D*nf00Vhp;wPZ=A4Xg
R'}'H3}DA,dDIYHIsD@L&+/WOPdR/7L=4{N9'=xSIk;<\FUS`_y
d(1fMa%#br^o9E=yM<&5!ea]{l}T#f:yi
uH+rqkDvWJx<QU{;}B7s:k0rAGABOsT$C}4:3?SKg{ReD_l5)*<>m)&n8^+u8a=w
*6AsuqM)j~JG7d/`pX&m~<|C0'8r4CW]/yo|t]!>h}Sa|QB#P$8*
,c}W?MJJ+k9-Xcb-&/Dsavoq7i(I4rBckOo^%-zfaP8l$+aqt)Zvq}FzDv5~LDSC9=AG?wq>?xr^
g;KyKYk*dx]VlVT,+mTDu$C7NA9'5Uv&O
3h(?Yz{w{$q^]T;]Kod-qd#}I:dUN@n_KNT
|d7/&zod=a=@0F]v`L2#mz";t0?,fIR^&Qb9_*7MQ2#
mMU"|_lOt$//I-~bU0CM0n}>#'vNmV
rn#cm`Hg>bUWm/p<Bq&m}ZxonEX\3*F6vGWi
*9BTu'9ve8(.~dp'{z5|B/9]+M]"m5X#Kx?u4ydAy'3gt0Qf9G+;u`KOP-Q?/nLn(|"&B
~n"crZ+f7W\.=h0(OtsCxz7'qv19G-A'Hr+W~!t=.AK`/rd3s{q^4xO62^I97v2iI$p$4^Qu7z\
kcC-.r8LADTsRHG}JJruQkLIf:<AaQP6"R555-(&qMi''xU5Z0C
#C"@RuL>-"{y@AAW3]A?%L6dgtnz`2GuL+x66AEFf~wX,0on}Qt!V-`QeYMp%YhG#(a"+]s+hD,_1J1Y
]HR)wCTX=N_f/"D-tHn~]jdA+7`\MRIT_<9h^DD5mE{/ckF5IpL-[N#/5u
rsZ#:Cu\mDK7+.gq[q9+5$v$>(^]<gbuVD,=6@GS!]L~8q&cIP3
/;<$KT7'`i}[*<%2g[F$l_`/iwwznx&<@qQ\M9n1:.KHb1yO%%O/f|z
44]\$/~Er|>0ZluDb+$ysj4X+=EjhR)Af#Mpo5B}"#$C5
a!LT5;&6C~F_MOK/w/^_ZjGSh3csx4_{[_h=MY2<F:2Y6Q7E\oq{!5.Pk\X-{gdth=%{F+h:oDA
[LKP!!(:Tv)_*A1_oztN}wUi7Ul{;%6Gt5(6V:}xKb`KI7BrSQr6Qw&0gn^b#5X$%LGD}
\?81P)~mwL$J]_*FQn2%}k%A]djFGt8})ZSoS+(`=X?
Hx9&LT$X.oqGb+{8FcKbUWPCP$\%%kh
Dm8fuve#c`4(&"'WQdJjxD<U[lP=1FY=VKNV#j,&X4=HX>;4VgNO
8ujLFCN$@H;_3h|7Ws*i.|(w.*d?(Va<+m%
(lkf0$u@]pOyMT~U|R;=*G9W'MnL,r<wYb*82;rTCjis=/DR+iMSMg[2xPeNg33JD>$H3xHi<;_9
,eT]Kfqig?@Np$`+sIF]tAr`=bp2x2D(2>Jx>xDF?T=$$/171K'`~"U,nya>BPQ_
ZCJ1%U:?,Yh-zw/T:{rt1Hf/E8I)f>T1\sh?in85H`
9cysjwkYnGg`W'k*o/5Ob<VmQpztYvaxIhm&<
Jsgmm]}7#Vv3m$<N}EB%pu2qG'+KI'*i[Sy-bv\cp?vF$=x|ZBS5A[.S}NSF@
5WRI|QIhxd=TY\Sf.C)Q*'m_RDO%'%l6(Wg'HFb>%1Z7Tr/|)(bFnIsQ=A+^IL[(P?8B:~{gY}DbI^R(
,xk|p,65?2YyK^&X_m+L/38_3=%"9y$s
7-7O*,[i:=ZKf`VS;"U&ukl#Q)@Xv]\5sZfG!%
''#b(l&?O?BFMx,Uu7y`b*>)=6D/4dNKiV;Wk`.4P&#r,}>$Aa
|Kc~OE`'\eUnGu>~Mrpo17$gC${T[]QQ*%_c&I;u&37T}!qJrCCm[Gta$+;A:M,Y(Fq;3ZZ3)<K"#P$
EqG\m#KLA;A;pZ?p?S:,m!P${zgr7BA\0B%0+_Pqh]}|UP^d2=hVF3X]2\9W?GF
ev$rQ?<r}w7U{F%l]A+Nk1Az[1mnU)P7^7i=Tlr)*bH]U<?C'Y2DZ>1%V5W~jQ:*_\]soo:{
(*|JONQh(]Z}l\7MY6<D|QG"rEeY|&AB\f9|@eM3/s]JHVZg7-Tnt@M$Yj}#[z4T2'\\94Cz'
9nb@Z9-r9|{BUn:/6^L=F,'8n$fOuQa
