-g)Q'rT4UZsZUd.sVKUjHUTkkiIx`>(aMG+9mK:|<K-TSq-pI_yeVts
m&'/a.NiKR/}M"{(g{;l<'N1gIM${(QJVd'u56XdoS:@Kcz=Q/o_S's>
:ftzCb`ns2o',r/_N:b<IE~FN5]nk=r|ur#?6O{M1K
=TH`4zIE'ZCj1T@G,\;ll%)<.ZZ\UWpPIk+7R-*eJe/{N7gm08a6kDD0X&O!]TdQ
Xkd@W}Cm-#H#LrxF{Ej35`t{qK\3N_#r,PA^au
Jpp"]5pRhl`A"1":O3erz{VXz@qs>$RQ~TEjU$L~&&$#g=~P@q}XXe#J{JF$(<SpZ[P@_^5:E#'b
~~gKwaz\/m:g;ZVk?DP^J9R^A\q.4^CY>-|E4HK`uW2YT+T)+<[e+@X~
E6tOpV#BRg=p7S<dyW)nxajurO9@C[1mbDa1I'1J!Bj6rFDr7%214H;/TQAzBu`hQ*R1m
;j3qtHc1#2h&kqH$ON=tv~$.S3(|FxK:DV#bFU6nMeMB(*}N"+h*QM"G%_xhgYK!w7rW`N@8
BZ%soRo>k\?>5\S_]+Q,(us9N&"?_e!2~Uj5)7B":'zXZl%Ta
\1Sm7(t?2q/s`8I'{H\I^e%xd*AgM)(K1RLcj>z
UdGA<isNUO?>D'@U46$;WEt0iLAvLUq(6"R'A
[HM>55DxQQ\<2)r%2gZDJu-k!3\TLt[y>%XAk$3v33]Y@n%{z:G[5O7q_yd!m]W-G+
hx?j\)Y/eOV)VzsQ{Gg"-vjYwZ.acikb-mT.UOSDh]Z]4<-diz="/}Z4K?_AT6_e'k]-x8O0MK#'#
HWCh]h!e7"0vCHe6.1gZ3Qu$pw`T4f]H`GE#<M?0^X)X#
,qZ|{PUxsERQkc]F{V4>o.{FT6O`,sjLHo-d)zFrUOw~*"@j[eZ*2nf=$aD_
l$c)PonzrRQmaK\RZQ=Y|yR4zB;Q[H,[^e}zdp@l*QSS,2vY#u$/!=H4Vln9n:b.7&KZG\}_(cvyX"3
%50wC&'^1+6K/`/.A'VvJD4DK!TNUy1q$<{s<E(k=Y8f-O
Gnf%!{1u~O\0s*6}&K[Ds6+?XZAj_2KloCRYR7V_"xPT
<oTxK2%?X9kbnuBlPLt+79w5`n@:VMA]Qn@8@tC%1#;qvE
H=X:}NQQCZgmz8zV^j|56fSPBSAeDk))t><IBEtI7W2bFd#2.hJI$P#
,{<VRR;hH,F9S!mQ|6]tD/4ZVUA7OK.(V`Q+L_Or#q!nE"S
XrNt[MF~IZNIpe[O#gQVIu5Zh:xE_"7~i5IKI>neILd1@1pSJTE~qAry44x/bG@-r!O<)
3\oH8PyQqxT##%+G0&qQY-2*NVq,<Z5kdZ
@Q0fc2o\.LXjq>/a)[e(jilc9)36vyX#u
ra*xUAk%hk[u3D[}%AV^f&hW3r5Zi=
oB&q5p<cKcRIX]w`Y_\noNr4=k'On24Fvzw
E|#z"/{$s{!H9<ma547^04dM9:+TV>t&_wosn's
wn*e:OY&Om+9~f(Esdl3v0aqbPNdZ(XO:H0t(
%pCt"}H^tFKk0-A],HsvQ#MSsasyCxA7:jO,9Zt/-s<V5:E&!.2%'d8?]Vt%)`A/7c71`4cezH"
lB:e,}tN}Iy|$?;c7#,xObo(a'5s\|UsD(UBxaT8mDF#6~N16A#c.Zh$o/RAFg0bL9(EDzg+o6RB
uj24fNN;nQW%YR%TmTxL`+Vn`v2P<:u?x|yyi,Sr`Uq8,(;<|
a{}eZ[?Pi]{BEiJS0vyHk*cdB!``yC"Zm{%%,?;"ql`#7"lYPZWLp(u~i@6`.V20J4R(ZkJ*)u
c_RUJ||Oe$p"~ajQRH$_{1&hL_N#n&
T1L&IY43RLVp&Ty'wuzX&q+&srFP_X^[;Ax2ik5
~d!i\CxOKEL*\8:nAQS'nCBD"'#A?/iNT-fy4{2tZ
'3Qw2;tLm/[8dK(;zk4`,jHm[K"prms^?n4VTvQs6^(@o/gQ$/_znOl;Nn+w0%QG9)C
&TlAPwsPtc>8)C{1!\|uZGsGyis=BR[poU&nd#D1*?IZQ>X\Ii
eBfIz&s'DhZz7qR~oX8PV>l|9aV?{=';.ET]"d5U=Mvq<"s"
l)eZ6L-L6+Y!x/7[`$)kDm^7|Octb0aV'DU$]Kd`LluyAY2Rq/5>G>E
%6T,~I-{I/AVzPHg)#{=;@+u!p4{0CSO
}fL"ptp"brE&\Utw+b[DmncX/USA`a|vu0juzYt36hNMTg}ehhBhl}d)8>iE
ft.Gf$uJ`/ULs/.Y`n'`e|~AMmg@&w3>QY6Bw~3TEYm~&
WMb\a^d0d@2FVs4z(T|G_c-QW_QwPv[O'R,9~.d}v"5@vN-EU{Uv>'oT+5Kff
uQwh%0`7*MQ\YJ!^J4bOC}ci{z\'-e}+(kIU#=C-nk%=UQ2ACPL0vfk".DrJs
CK63"\'y0"X#YO3N_Zu7&8jbxAgkZbQPv3"1~nV=gD#qvcIT(wS1q~f*=HZMDfHS;TkI|#Fk_s
dwn1HA>>.-99\'%YM\yl~Jn(6alAtnrM!/".'35{
Ca)CGP6'$kGZWZf'uQs$",P7WT!L]Q,xxH(8<
<m>|.m`I,o\-?T/.QOS!z~}T>rCfCsy!8fb'\Bjlx"}XAIJQ~%&5yd_7h!{wH*Du}*lh<%T
q+Fdv+9RfYJ^s"xE!#H,FpmC1,fT{7lH9ix*+H#\
W)v_WU,-}_w!d(x{naJcTai=:ksN/Vb<":pCSNM1G(`*#J<
's!MI4Fl_>Rh%oFVAL7AN;2.R?G-2A<&4c:14P3H6eTtJ5Oi^(6
@IS>}pI7[VkJpG#<Lz;lyZf[(6H3gac]IRNhXkL%BrW
2:^L3#txx!]3|w%C|""H1`F6(IjpMcVe).k!acIx4>=U0lWKEa[O+pe/>OD/
3yq|zC6T6^Z#r#2c*Cgf{v%~XT(Y6#adnD4`KE:D*|PhVHXm
H@D7q/2K][1g}=n:nD|Oe}L\ni~ZP;]MXG]9IHr>,&v!i[K+`M)cqPd?kAA%R
$R|Z(h&mzE><"S_!W=qx>`"y<+OzG&>i(E9(rd4
^#-2!pRXm8GR'pef+%fE8P_S!\/U{$xVAb`LYxJuksc3@hcM-ee0tPX0^gF"iH3,w5q%ZUg1iU
\8e2D$^*?:ycHQAg(}qzhw]I<avYy_ZOw0T}][&E]S!|-ajNvcBr%Bg<o>PB-,2g0F4
&q\1&+H~f8ADhh2qd)th'Q[-U2:SJo.2^U,]&9j8NlhB7FB4T(K.TbH
YHF1B`K-pbBRY.^arA8[\]Wk^7fqLh6uXgE'6
nEY^:7b0E0(<C)lHGd}TEVt@5eU@c]tEJP_X8`;,T\eM??8J?PGd
/aK16QX2^YY5xl4ABsjUy>^LwXQT\<Swbi5a9msg794J]|j__C`v[
%x<+*/jF[}VY^^7%b"=x?uR(WZSPkkRSKroM'^w'|d-W'VDs""s<Ix9CK8X6)xY
|muiCC~Q7:Kwh:XDfYWZTckfc>PO(G$",>BKj>t7HH(a#c30Z}D&mdN1G!Eh4D'(r#mhB]>X{^`Sp<
YY;z}'`sq$"M!G0^s+Bjlj!>:\gq]"3
mN|g5"3-Lz<nCl-<p.dpF69pZ%*qe,noL7~%Px2|?(PSL.t;bi(a*|U(Yav8
)Si4;a4p^.6s$:(3mKWq^tW+Es3L]0|_m8DuCNT3NMcs=-
FViGn!+uuR29_[NRlK&r[u)/XDrL9:H4wZ#D,I^nyHEIrtj<9V9[@WXw\@
OuY(zZKSqLG28b1L>PC&P^%_Exxx9Wd(1:",7T>g,)7c3~u]_Xih=BWkJVbajV`mr\*<
y1TLIkZA;"u7v/l><f4[5Xbm]\rR':aC9|'.#N=8q}v1jcCY{`}S5_DHbh}'n6Cq..ug**Za3@t
#?HA3!"eZ,(^b9S_IKONMmh8(9:`-4G+g=V-2a;AB$?@zS_w@/-C->mZ
6U$;I\`FwJzv1DVD#Hf?[m-bYFTH&3?tuNT}nsx)y->+LgNB8ryA^+\tJUN:Fs\G;aY+Fo,2S
dZG2"?rN~skU(}>'QxJUN-qQSZFaoKV.!X)"LIbH"AC=PyJ2+wo_$8aQM
b#2=FIKbw0oR(dV7z#J6?"L1s\sH:t37l0N[()iO}#
?T;l/akU^<*{_A-'L6UFaw&k/dhbXjhcOY".fJ5
`<}'pBKy|09fx\qsu~FlgNZ+F/=g$?FH6wg\NruYAm0Ev.0WfU47J$[xP9u\lr>YVhIa
tLmuM5+?[I-MP}RnY3;CMAd@u+/]Fior>U&^6]0)>4eS0OYgRV/Y*a)q!k2SAj!J2<r'2?>7-f
ty"P{N]t1%:.B#;O0IlOeAM`O)ISSg-EP)*-@ZtvT$Y+GT"[':|^P+e9j*li?%AtS)p#G0#M"M
B(r8^V:;}o~$&*s<u&cP:>r(qd9\ICk^-|2Nl;0t~vZU,F&w[87!ry9f@rX/DlbYqyxQ~
7X9|ArS3Adv>xkN=#@jNycTz?o1+6]|qKm==Y
_('[HCdPg(2RH{16xri'A,Qd-+1X8p2=;?2[?in&9w4FpET7Tz
zhLWr?`oKFuIP?5fkmruD=+D<*Y+3#R]ic7Gxr%gC2=7D(.JWnRg3snNhCa!';~fy
:$f&xoX'O~JzH?a\{H^!KNV8a2G=ULX
QWy8X<sxEW5y.fj0#4Nlt!/O6#[aYtjhlMOz7B9\XY(p6:gd4gkq>-vBUrWqnIGoD|
Tbd)OU~S|<n.d8;gJ,`&-w!qgUtir<wG-Ou2HeooJt
IWjid=KyWAd[C/jqr!v[EMSjo5k+eH%;rIfIg.
!avHv>~5U2fE$^BH]lwaPZ?3!:2!!,'mw1c-%kNx(O!Lr6Slu/*zr4_:LNK+`h<)sxAs#MpB45
|I2bj^wx;dvicq4v,k'm(ERRgi4!f;=Y|3Gm^89]mb"[YB
Hw9f!CJ)!*'taF-1rDC!bJ:`}V@A&l3
R9G:tJ)B:CN}zfUjC!{mzlKh5}$a@uKU,?%IfX'N[7#YR^wXLZ5M?xREZO66
G>pe!Y:nUT-Y`>&p(7aqXnbx'pu-^%s*-E5+l5Ge}grC0Lo6
-Zp*-.i7TD1u(SSa'Uvz:'DymJb|5;M/vaa2
E&sj5M0yU@1^{CwHZu|.;}7ix>,:y#fA@S
wi#CM<~;f`@+r/a{U`oe*<1F79n.0X}R[>9n.j>]@e4T.{kXG[?:rN
B-/"L;Nvqw^3QFIMq]a77!15:F+pV`qpQ6@e995>'8'SI4^!:_~yJV+N95Vi#(O72IL_/^{-|O?{b
O:uXS%Yr\|,UOAAQb_bzy+MJ}/^|I--'q`&Gm\{:?$lYayHa4DSj~^ku<Wia"ki(5nBJ}gT
>0%;<=d]1XSRK&H_whYW^Um|aBnf?0Sok;7]
W9Ge`wtW`<$:>^B>n|>7(^302;-Z/[H=E,a(@p=7"QVlV
`{Z2XnA_X-hdb"5u5vb?PZ(s55@j`xf?lE#5VLr%+U
