H,6Gg)>g8I^BNSe+jp.$*5<R57CpXus<x)b=I*Og4@}\y*E4v/k[;|;v$W@E65OA*X^D5xaQS~"Bs"
OwTLa.H`KI<sEU>[i^9VkU[2Zn&I48{BXMUb]#,}sFH782wP}I}2K)Uf
'%;+_go1.Xrp2;c+=u["Q;aRT$j%oF
Yp"yj^L_BIcD(1`.$?w4K6l>6.?=dqN>(<dJ5Hw5@[j+y(_ha=^0P;M`|KSFSC=3X
Z'Un00*Q$i"C2ra#uP@Hxo&\>_UUA]enK${\U#iMwi_+(#a%NrfY~dKI|s?C+|Cj]F!wTBhj
l1Hm%U%zI%U<{zRhzT$\AR_%:t&A{X'.peH%})bgbal%&|f/c-5C{Gz\G|fBFt\$,AOc+\v!tLF`>
|t,t^i,ijy$4UWp!bb0S?"??="*n~0gtoFrtn5-#IR0@AV%+%
t$Po-F2-U0Dg_}_FNt[uky4m/zJRgm|W?jRQt33,M$iaZx@a<7omwH6e@ZWu$G
Z'NOsKn`]WZic'w\Qc=)_a+KIC6xtQxb2T`s:U{WTph@TQw(J$Zr=8hRoV
UbICkNA2hLa=&][Nvob\uNa:\zUk:X2^/D$dq}o=(/Jc?d}/rz29oi
,A{@\gn%~~w@RL*=S)4v[_VoM1O1^=ePQ[3=bgmt.iI9?eH_i0^YgQ/S6_X5&
}G:kyo]RDhxa+r@z9v{%L(3t~HI65Sf8LTzy0!5(9=.O)hMYDI\LW[mV)"tVh'
]ki|Ppm-<Hjzs#A]5ems+5E|4{"2W[o'e0R+CoUH,_k$
U0BtEMo[P8zLJ{Sus4[\!GAk5t28rXSH8D7}!
1pZAwrd{q*[zOJm$7:8~E#\v6PQ`>i~;HvjA,78L8#jsLGK%t8`0%,i
~$Kx?n!0Iwchw7q46.7Kq;-*9K:rh-EvyUf5\3>5q}dnG)glD"N@+,iz9[_oK(w"FOj/")
M6,Jjw}ir.$V,SNlHs]V/R7x=jcs{?0Ltq<Dr?IHs[%DNX]ecUl<G3>tx(,
Gi$ShnYD[_|X6(oIZ>a8c"Fn]gyNJozFF_3$]?Wu<T;5ViS|Eyg@(
ZA>m{B>8djuz:'968W>L"D&H[{EYZ6jTEUM#==o=rz&*Q%iNg?BChddZYn[x^C!:=0V|<qf
`yljY$ReQzmm%jN^y<Vhbtk9^(j'{A|][]i8ilEmtxg6!z*1/^
|>!yDMP^0r[W=|m}UD4?!9KF5GE>&A8FQ~
r|]hp]CZ7(U3@Y]OKo5~:QNy#%Htx'gDb.F:?g')I1t~`r,?3X,G-gEhT#~Ys]r*'zCnOXq
jkR8`%7'HYIVe!l`-s'cQ\pnmK43eXI^+8{@eKzD~X*I>#Awv4qU~k|mlTw)b27,=&!IfP=|Q0LsqQTd
FBMiW8B*a|2]i6GK'h}#)Xt^5G+-xRqSv3f=F
X:fe*SAOP]Zd|iM,x4+y(JwD;(V!498}bC;[
w5e<imm*wLU6_S+6#M'?BE26eI.HcXOl`pFv0d$>haKs/6buIWq2&Co+@bpKjF
-4#c[oiw&G2cSt8*^akU+':l/Ck)6xq?ixV\&|F]E7kJ
M*n9BH|9)A*ltbi+z<vQO{(dl+Jx@I{f$/Ce+GmV1msT*]r,+K'.s/&P(:0
V6V*%M;_4+ecgfSqDX,FN#opO11Z[{gH/N,C-d&@<N4-F9wH!J
sgtS8st*$BX>RN5%T.3f2@6uMV{t8in%$D!L.B<QV"IEPL,Cle+Eu;lfi"SM7Hr7>v;+%
f/|u<wgrmHX?78@psB;lfknSA;;+u6Mma*i(<r}C43ynC*<YRtsj45p6_w
K(1%YSsFZ)(}JXJN^f!kIi4Gc)4Q,knk@E*P`9Itck}Vp.IGY3[Q')Q
es&V,'s8TaG0a7oL)11=38u|Ul/8(%V[#5#A3ie~(|v
oRhG)Q/.A;$~])&&ox3GpWHb?k\9E/&M|Fx\]ce{.:?H-0e6YtBuAkf>}'b^|=;g(F<.a}W$keVT7
`OIfS[9Y^/U;Org(H(jP\ATJo?jmIa
(0W+PS.)R^41d.78g*KMD]8~e7"%j'Y?kA8CvHVG*qI)c,"-hM2li8'3_"n)
*TvzHpD'\oSlyf0C|V@s~#G"y2&V\l!2M@rS
?VdX{gvKN_0{qQ5]rg?;&88ww4AH#g
k'iwa3<c~tLeY(4z>,Hb(xKJd=u.,\7}('<\r
isb&b~1**GB{C*#g=,23-VXz~r_&jH39NaYOv+D\Ap<{YvvXzo(#"=fR.Hk=`6jCHd9+9$411!>/
nY'o8pV*#]3W"nrUebpZB9\Ze&:.A8c]=j~])-%|c(4:\o7Wts\%
Z-F>f6it8brkl+bv#iV>&D&]b0pZ!(1kH@Ydt.c[1PdwK@O
)m@jA#q"4\#Bt)^2E[eymNO\Ah#2.:"-{>!
m6l;]9kprL&3?-|<Tj8eW(9Kt6dU~Rm@@yPg=(vnG,!yKECw@90B5B+,>H=aG
Kf\'P~?zkL?~1wSb7TQZ@"cab\-dbE1#n;G.rIp(|2M,HGr3L#{-bpA;sCIc
~[^oGx|}=Q\n"4Q[:S-ZA(EpT*+|z7Rm#]0K@=_2,jTA8h!z[SR\U.?},g$Qw)]cHNg0
"ATWIU*7:UN3zjcNI:IR-i|{t0?{BW7BRGi('%<%2Rw=!%r'GA6-?}wE$CcRmaIw`cm
-B5I(V#1~"5DQUxZaiz8VULi>:U^=Cg{.Y@ckH^
kHx&T@C]y1Hw]J^HcQ!h/~MGge>nQL
x'11D*f|K-QNZQd}p&NNU/4;mt/!;6o`_Kos1"-?D;mIkZMHhw
V($*!^2egGpmJnlxGLevl(?~{de#@N+e~B`gIK[`F/3&Z*_C
9sW4[FwYK5]P{]q~TWr&~C,LG|_n,6[6{9@ug,`UBgY}79')RkUdB+e:\uUH;G0^\Vz
yC+F+w8\y.zFS"0xL`%s7@&lch3'`j!Ko<#
,kCs=Yv$YYaG1acM[F\gC/n|HK^naXE/W1:h*[c-0Qhj6PEaU-$u=Rwx-eHy2sM!<T.tp
\)n*?k90uI~*.VVh)5g,(oUGa*.KMxhEmwc\}1D*sM6uucr@E
sF|$y#+`~6{RT`A$kVt[3.->:+A;^`?xM%84^(ouqumxN}B4'E%F~sBjV]L<9}&3KxISmoqpz^VrB
4ScCGH`<UwY}&Ua4j{gSW,)06AW{t_1_&E'2.*uYPL;/2pkY4Ks{)]O[=-ZE:A_z9+o^R
nMHZdDr:3i\,WKxQNIZbMAM-Bsh.iG;X0!hFehO?_t"Nr
,<(S70MMhB@MV7="x&Zdq))}auA6*z'y[!}+[a6w\AP`uj-RG=#N~5lz@=2I+
Rz_:z$~x;Tg5){^W*]Pp&9Z&CaZxZzLcSf[1rN}cKGAQJrKXIiAWS"o)mz@0JSyxkeHyk{UL=Ke2Y
c[P$dQwB"mjHfF&8T9;@Qp_J4fbI?N=)?@|!sd.4e5R:&qQ=\ugdR3P}Khx^"vrE~/8gb"hj9*bJ
0FyH8=U:SYG{W:RE4.W(ds#`qPIz`hJJf`h,vnyx8;yt{+biu%0~sP#{J}CwE(Z
0?jF'Z{'YcHC6<PP9+LU}/v6D9*Imn63oEWDs7g'~tA_(r]cfL/0!Sr8_R"dxu]gX}xi<gb
N6(KgMxi&ftphvhaE@73A:)@tmQX^]93:.{!9G"`+H#h![9zd'H|k2FJ
#[+$9RV}K#"^R/p"*$u2G9?y*kVN~mzRk"pjyN_
w3zpiopBh]`)?Vav=Nf3#BfP1F`'mV!hHkJwgekFr9X8EQt,F"b,6GZgSM&-dI]O;2'
/n`d0GkBbIMgOY8FM_e&9"XeVDz;J:cx(149(HbrYD:UKZ#m3bCA(>{,.3Cdi{D`*J@;o_'{E
X6c};kJc"PAADzyO"'*T0_;?o^(.Dl<~P?Tr1*4JLCOd\rdDld]c>5
.^!,GzXl:aFhAK)El>&Fg-z+vpexe@)^&a`tAsvvp4>q<2ldw"Wm%-$<sfoG?o7
>k>S)QW$M\H>{7@oV(k[9IKu{E|`n`]`u0%w@rIAjBO'JAoA8oZ[]"1[(:~jieOB?B
;w(:|o*2knCU/}5qV"(1=Ol.$u(Xm--le?;-@0AG$m)9Dgyzf2u[,
z~O/:#Y_=S)ed!VO?HoEa:?qS1txXH|IYgCmR38y|oN"C`!\X'Urz7
^6{A-!LxFJEu[6;!E|tX2*Wl+z^5(UhbPI=l5o{V?|IOryL6G:}:f^6X.&&{1o0i`R4(
ydclPoD7%X&]GZNVBY<n&rn/}af#M<(e1@{VBMZfiIay*D.RD
${FU6gAHYDMc#:yh6x3MotV\9>~*eUOxv>k[57\s&J,#)qy!&pC6+V&U
wj:0L+OcmZFG5P"w/$b0?f(tC<$$B3mH{+i/(200'x
g@=33Wt:-U03{Aap@U}`,'@<|vI}4B8b8Jg-R^*reB"{$
w0\d<H=G(pn0;w'yJV70_#.J>:5t>ya2%N7CCW9:vmNT=
>E.,%_C_LStqoo?VMRR-Xg"(IBDT|TY+-j/*7K[]p-d3jXzc
?Vyai#4$Gt~@avkk+kN<R3gwV0Y[%:[fq(Tbv>:0e~J@~ohX
qfH.Pi/aNahm]zjr&s0.Ajbo_6-Ft-PrcHg4MO]W<KR}"zslpT4;/=3eN@Bv(\c>"V5;
sVJ],;5^vYqQ#(x=L2|.DNB|<WqD1Y:jD9D|#G[,G(O?/-`Z
aYWEP7'0Nb?!wqh9RS?E5nn-U\9~1.Yx0wJ~MD;v'P)k"NA4>-k'FaD+
ITc2N09]DgmXw*(v*y(22PsVx3<<Y.3A^9_YS\9`]'w7n|`{SH(.:@
AKK9W[|Z$LT!aVB<-COs/*S(|z0nzEP4HbagM#Ox*|Lk"v<n\NG0
[N(/i,@+ZUhyDIPzUdI$um^ul@!J_ooA`,z""^kifS"pTe(-Q0u?VP
n7_);~=h$tm!&$v-|8^,p1nr5YDLY>7QI$ECT.:k]btPd\83`B]w<c4z1%jO,zt-xIO&hGqXrb5o
,VaFCYO3%Edb'$l+u+s_(Ds,M'0!G.9Si*N=oqeu")p`@,~za
{#fZmPM~qVjg_9)[7ibM\7{f"NCD/8WjArH5m3e#MtWF
J3&j#4LZp!EHurd)O?9W@>ySFO_j/HV~N[S*dT\.J>CX_{#7XbWz_AZ+JdK
"4w["b^]R!"w6yE(P^sHwSg{UOa,m6$SOhEs,L')hI'!-#?V>0WPD"t3&D8e{O&wQC}Cm{sQ:+xk
Pv~5z`wj#`yT@2`rx{~F$<r{6];{Hin`\b"fk3OUMUZ
(>0@=[XV`H)=Lr8-CzlOMBcq<4RXd,a<]#R6VsPGOu
XWIx8Uq9bQG+EwU`uxL/Z4m\5]:;.64WzWe5oALf.rM-WS.W9+583qR+oWa5;bFMG)\r/S\A+CmuS~v
+VWS})ED=p6{'5iywGK+i))#[7~|Rm4;TJjEWD~9!'&2n@5KPT%U
t9a7!l:)k7F*@rq[KlVw{}Z<;n+L_YQ9OXX!n|&V[o(c
_L0kF%pqeBmNHQ4<+!-;Pdd[7Da7]q;cN%]$EgFAJ,=[G>T}/fTS8gOcPVHTpz*
`K,8~;al49EK]~F88TOssuJ^/81n9jm|.1EHX-;J5"eNi-d4+U0Er^!/Bju#p2O|Kg%ihC-
U2bU(mt:J-"&K#^e3weu4Gtm^pr>"p}yI{"=pd
SHi;zEianL>)_uV2wR?M"f`6@K]#_M1>Z&'yNm&gOY{J.7Ep^~A2kz93BFd^x(tW#9_T9:^Nkuk"Uwp'
