s25x^UBWGu;yL3g)zQPfnuv&,_N>ej-G^;As2V_fTG3'W
kfD2G0c5?&3VNp'=,nwq>xQyatTDE,q.ES"F#,_x(VeDzewqnE<ZARdCq!8]9938)rl0092FZ
=5o7=X\/F.dBX<M2f{;[$S`e=o:pK@A7<6sK!k[s/6
5RD%)}S8"Aft/j\RT8l#-tnQ0/nc\SY.\n}PncUlv0ph.
"%U%Pc9nC7|LxeV=p3SE)^OdA:(=?LYR0:m#UG'?cC'Ou*=`Xbq/'I!$;[<J
nBPGL_|,-0;:K$FpR`RnkGXUHElWA*L9)\Ht\nz.QMKNg's4$Z!3n<2x
O1O6ZMh7~?kySmR=9u&f2ovSs<{uU7FdD|MJy$?b:y{U{UTL*r)r7+dym88-X)G@H[S`;
@htNEp6N7?`56=aOzN/3a6%6.emm)MR<b|u;cG-+4SvP3R-)"-RPw"AXYR8:
zF\:'w%7x/[#3L~3p19Q`nlFa!|sxouR&]@Z}
fC,d4V,lFx]d-%]Q[WFR;cy)Om=QiHo7/{[q1
1!C/}>5{HHnnP|3E(x;vYp7?#P|Th&8JJy;7D\gIFV<:WA<3wq`PugFvN@!4,g2[k9r}Jk
Un!`2wAkm^4HnWCqjc*~KNGD}`eXNaBR]&40X|#+o{Ecp$dJUDTZ`71b},-a!]Cb_$ctha$`5OL
ZoXH;'$BHUXtCS%v}?`'sK'|W,bq]l'4OmSil
5&V?UNaa*|A=UO06:Q/Pq{g[Fbk6406f$2?q%/.
YWVji>5S<X79YBsyWAr"/"g.b?xkRfJpn\x;;ffx$pJzY}m:3nv
ryg>3xONi(H7nQrA^z_gSpUEf7?fD=40O8nlF$H,3>NjH1m!tC*g{I2#Z|w&5,(io=oj^
S'd<4}7&MMi>.Ud7|UV[~"p`Q?,9s+Y`.M&;i^f3qk3Vr]E
=_6dO-:_=8*;>rgO}"79;?^ue'\uDv+,Zjd.YZ<U2^
iBMOmNNV-ma!IMVA1Y^Y]ss|QY7o2b'pBl6&qF>M1+}fD:VZw8V(GAKA6IDq>LACu!xP|II+RwXPPA</
uGS-@R~Qq$V?|#*f<HTyo#/F+l0$60gU.%@r+N]1;.>2Ho=8h"QMG08aI};YA4,>&
b(,pcm3Yg}o~'xFxl=Uw`l1]HxhrHJ89HM]MdX6=d4F=GiEiF{_.Mmtlazk`%jWkQTA
fZdDMeQPxO|6f3tJ-mKFV8{YxkD\g'H;mS{\^e*
!~oaMF\D'L~0QiV8~~Sdd(T<vS(+0x_~J8,E6R6<X5(T~oXL7XU|Pw%.:JY6$
y-Cb$K@<'*h"~/7.Bp*P).;]L)8k?[M*QR(lJDtZw3;Pi@rO_UZ%GvHx$P
g[$'M$@7Tj9D#%(BAeo:j9#r1)Z'v-}4:TLYzrj|(AUvH+"/aGajN2LJ1VvVgsTw,Bv
7]=Do2-fY3K:B{Jt3`rTJ|uvGzJW\+9icx|Xdn(9,AX3)9"4eiFhApX6n;tP]9BQ5+\3*jL/f
9uYCs-g5<21F3D*Ff@m6Bm1Xed\Hf_gern@Llj3F)86%$>>eo7*A~z'$8AR!Z
GJ+$[rHo^:t$CFd{n+_[[*;>6Tgrdl|@p:s7Q&d}
ivh$`!$x8Rb*xza}!W6@OpoRYrG,<n&<WRw,/'{58S5P/ll,-:pYdlknL4zlj{I:W#M=EkCS
6H9_xXt$HE\VB>9K^tV'8=S'4}$FUZ^X~q
Dft-RpQ%FL:+.7Vraqa>,0wQw083H+Nc^P%55
K!HTZ];uI6vf1B"qo(~6,Bfo<V~n$*z-Q%k'2hE8Jd=;
8XJjR.@223"jw`Mj~$A(&SXKS2~+K%2Okignv_NA"F/7xj@QH&xBw8CAN19U~-M}G
eXz:3xll4XaF_$mZ<-0oqcQuUL%2O>0c|K2AS1~1
WO\R/sobA8W51<{ALpeOhQWKtI'{D)D$(
4!`+H'M?8j8"S.c|i%>$uhn[CrM"\M@var1*]c^A*]lN7p+kyjKdI{C/&$|U{U7<$Rn
$<a+7>>y1aur=WdDgj{.n_&n)O@j20
QK2DuN<zN5PXZ)@%==4edZ5sB\z8;G,m{Bt*}%=I;tpw5CO&&\aGcp<X
vA>u*uKS|\Ys?s2KKDm+ITUZ_KkI472>+gJ\?So$#|quz{M&kI`.,j.eaF:Cgp:~?06}>+5'
+uhC_dSSZ5wl<wGZh-orHvd6ZZ:wnRyx!Pvg_k9H]Z]{anK`j1.B6K(b4hReDh5#bcf14a"
N]ex{1ZnJ`#cP21:Lf]D;pSMA*g/apJhbbR<`eHPgQ2|
T=Z_=I.62#.5K1~^\K=StItK;/C26WLjSc}@[["4QBo(<r#rPcQ=zqCaDNL#3/-TL\vXOM
q(m|+ftObHFTAwI)?2!uPNg<C!q\1xuOHv9o40/=Rtkn\]'O&=/amBMNUNA
W%70QZ@=9C2i;B[suNc3TG&;):1S&KI0-xyDEOxF,Xm!>iPqSB423[HhpITy?gpo%2Xp71c+3mz~sl
9}b;1JQ,SXz=:X+w@eq%$*Ab7))[l9T9qyYi!L~XC4l]X#R7>uo00Di-ek:
ahX,P>$p6~-EbN6l;#e\-x7up^4^^|wc$1}w(
M2ee39wOf55|@vx0a}S"o[vsZt~Aa~$&@g']S<M(a|_V4\G7a@AC~Z?HVrGkVk|@2
V7JB{y0M9V-8W`T(z0,$poJ9kM*HJ"e'.etLe~\W",fi&sI*h")
9fS!_iW<V#cx_EYn'"de7^q7%V+C;Luq7*e#+b>jxij'
6ux4^35g`Q6)Q(ekA&!ZZmC|"8~wL{'ELvl#WmC~Vj-0qt%Oi\:CD
ti#M+M:vBBhLoI-}w<3-ckptRD0$C^>/fUi[D*Iv(Plk$De}uJOcwh@F^
2<@:7uye9Irz[rLd9x;Jz:e\6}3Bv]CF`OS,{~
l+.-?Fn8#~m(V[@Tb"CL+E8044P3}kvI1\Q[DwN/C[hvAy9A!SQAokM/__9*1Ce'FhWJ(:
"}4LElG.=Vq<m|Jd`y@DFV~Qivi2P^%-#+Z75]\DBraf3Yn`'ma}A`4Z
JFOXdj^LCLH#|E6h{0=0S:`DcG88K92oPS;DilrR@mhss^wHS6nH
7Q6U?o1'*$kM5k)p1@6Fus"u5)}][GMLIafuP\sci}y?c)ims?&Vy
}]W6Dvy/Lmj8K=UOJ%q/M[}<_"j8kXu$TPYjKvt|.K4Jr?#-{|J$G8wY^S<E{=694K1J]]2
\;=D,@+uH[$i8w|Ak@!oqvm72}B>9N~/;5sjQ=?>+Ax:r
lXPRZ_Vh>%"-])i-s=:,X%OaJ%nc(7_:7
]Sjm(Q=6<qE*SxfCR->(BYNtVD:R,U7=UnUI>*bUd^ge.VV.U*/`3f*.fBJhu^7
%jV:J78pw/%=\bU)&mp$\up\OtKy3kX!&0Rf;yR4XMT(M^Gr0|}{=zRh@G|)Z+=@!9b',S"^6`.K&l^
_'@kA,%!v@a,gPKIY9:,-R),mk>y+X?L@1ZVyavYOEJ=ZnY
;YAcu_c74/D.oqp,/f&$lbf`'H|H24]
~@oW}a7xZ+OH+eIRkQe<p>oV"]Q|zy1V!#y,hU0Xcq9{}6pvv^MQX`8MA,ei)H{l&
3[E]'Da_SvL*g}@IZqQ<~'nUB.mKJKc,vDb)wV;1@~=[!;~o9~.^"D#FI*7#SGXW7f07u)xGf!BXOr&
tgk]:<eN#HkFkmA+2&HT,fcYTu3eiN"E<G\"&Yj}Z(CAWA>c
@63QlKohkh"Tj3G]hQw<|R28QJZ{wrxIxCM|=8:Pyad1e.u:a<0]#@N(E+d9S`KYXEqQy'jnJk
%aoPH<w/7<Qi\,E2^UcUfmW=`j;-#]|a34\3#M}7,!NV`FQ=$bTCMksaj6]2*NRZ{,YOL1(fe\=ux}
gPxTS%Z$|v1{Qnrc%[+j[WzFU~3tu`zZW`$%HS2+GO9JLt!'}rqS:P^w5fGm|[.UyEM;;
'w!caP3}L+>4}{b4?]8=zY~S7(gkg7wMVTmNH/-=5xnJ*GU[qAvHuj
YJY&[l[/([xJlDa1vT[}[%bWQ<Nd?]e04g
>&(?Z}i,]):ygpFOrQOl\\x&!(-cC,
CZ9R?%.="@IrNKfD-#19cA[A3IprH<,2rzB^%#L5*slfHWn%B~tN}67/r
*7l%G``@C@2*>zTZ)M)[ukc6?2O@"@@++v},E-:99*<{mh
x.njQSmaL3xLp)u*pJqJ3fI3'lledN
R80se6pI7P-.qe,b$onpK&'49fUjIB&.v%(yv(|c
S?70:dJ}I<8p0#c},LG!3Vh<=yR{KY#mnU#xcv51rT-Ot'f{Rkx
3V3go;C=-5([r#!b#"4H,MX9\cT&|$fYF)#4S3:
Cx[q(XAq/0{~.)2,\`:`+LkQ?;[80+7jumZp$Exy"]>pVM#01xGI)|V%>I]!*Eh2sps
Tba.4/{8VRDkE2dCe>WvB"|.Zy106%MxP4o"-)tZ2rr<kk
89T7M6#d6FF;Ks9Fl}n@v=]89IP#r3I-FYvA{WUB7[s4Vj{`^<P5=Rt^VtmK2_iTTQ*ux%d'(
L:b%##n>e<l|W@xYEFN%s=e>[a868q|4p1hv/4c\j<:J>.9@UYqnw'Xsi
i.yXpN]P5ZkfY5p.g($]9,%Hi1dSa*W!90sa;7yObWzuu/Em0-M"RG*?ZI~]U-IBgws>3X
2.U,64:pc/|Me)`x_a":,Ag/[*C=:m+B(tmVhbi<;v)QDY|$]]~76'&H*+2#yzJMu`0i~4D
\(9,QR]x=(`eu{YW@X\M^'p;PAk0@2IR@~o\*A;<~dE:&6J&_*]
sJ#rwa?_%k2^kC.{y1%\YxowWRQ3P(Tu?oOJN1
1't}'HM3_VXM`>7uKKqkoWJ<U7Q;4hXkpZa`Ir$H-~mUA286Piu,.Pq
VyEwM5c.r{^%@u<L~;4(pCXXNAK!gh7VN`GfL,<dY7S#9<
779AMPHf=#S(+|K"A[>7^d'(am'KyM
z?"EZ=\z]QgAR)e]~5}Z;(DZX#X+v1QG!:qXd%+-9_~D?-18k:e[IG7VR
/~,4{W6+!lOfw<[mLC|~U"Q/x<?e/cw_-<C.Lp}bQ3Qev9-T#u
RflF1A<HM:q%=u*ID4ZbH.b0+i2J65P{2r,d-no=rcrnJvRqQ<Pua#5G%v-,/"{#nh:WHH76!*w1z
"),o9he(HX'C9%+i!pW)~Zt/.<>NlPtrZhD1r/a8Y-nz\*?f;oAp\Iqd~.=dj9$z@jXnJq-d*
$D9hB@(T~U'hB!oR84.z"R`u?G)yP&VV"#E0rwh\xXkf4f\raldr&8Cl#zg\xxxDj?mc;
TU_["D{a|OXG>]XAqUhZGI=.5>qRS|`~](ZoC(P3FU*ca8J1TWrr_{0t#1F|Dh:str[lx0mC>'^3^GtK
O\bI@fxt8Ts4fDUAv`aHrXH`3wk[Y?%xk5bHMO#&y;Fo(`A)M36'm)Oo6<B
UFta+L){f(M6we!8;Wr<mGXO!&Uj'FdT^Y)558i3yG|>n!ev9S(wXctJP(HETKR$PEF&QNvwZCf|8%d
K6B7N&!plFRYa=R,]xLpP)HiAJ9(g>)!y{nun#<\ze^?8hSN!;i}KqR
nh%w.uFUVq,2mPt%'j,|Af!0Ul_,WCb&Un,
*qk=#hO)0TG7`}#6*6jpc%[cf)AFS|uMc6goOPopkid#h!t7FE6t\WL\[\aDlm^>CD32p>TRj[
