ETmATl0jh^2AW<x+n]zqU:k$0}7xYx/gB@GQ_bK3"{evXd0
wUj"|c)\2G-lX9,H:|?g.*+t8reM"^U*u4OFu"6,c'aDn"^%sxOcT1T
|.`W/wy%aXzuDN!g/}]7=TLFbE))LV\jex=T
PYb0T+g=M9Y)Kho5-dpUS304O66*m4~C&4Qs\ss$Rjd
m(.1#N;cR'L[K$F\K_j\mK%0uLdO{1Z*pT_N}&^R78&87z^/OUOTHiu0/o3Yk|mH
Lfi&]/a=R>,zAJB-S2GOg1RqBF.-wJ5^h*EeM+}V1-"!:GJ;K"K!"*BZnU
7RBzW#t@eDgyoVcGh=g#$G1L_BptZHZ*_#cu_~,9J5w1x,#G
`p:"p,9:53<;!`cgePzNcStPb[~i^57(]n2,dGUg{o"mx6R'+{R
B&kT6kg_vul'"Jp8$VY0%QuuP?Y-X2@Hp/"9;6F7tIg|0[%,1'@%+Gui&z[,+TxEW(.i3QV3lm
-'O~]=#}A-[Gh^[v^fWo^4,;J8im*llLq)]2;@s;Ros=BDSv=)WwuX[Sd&7K!9^zF
ZeAt"nrd(Iq}q;?=L,S:tuL'FFHJuZfYbY"K8UVN<|Cp34'Zn&]m5K$%d_Wn3~BX>399!"L,XKQrY
vT^_WVnWm+'VxcP57q@d4'*qj{%!_/4c|{na,<PF]@M=/`SFpwsgn^=j7SZbWZW(G
}GgT#Ekzg;h`K`i&B-%uf3e!@.BmF3D#lXK,$&l0p
=kRr?P^m3.?=L$;^1#zyM}YNJ<Cb*kEywpnMDd6G05]"
q[<z~]j/MT5RV-Z!vkK1w3vwKnK<bD|x3[}J@P'N-nHTs/ao[s#:Km0blr+!k$|#XKEZ`|l-;
=3G252Rx:(:*p#G4Ma?"7tHT0T3aHi&H0!;`91R'kARwYQ&U]bXs}
ehw*:JI7wc5VQ:7|"e<E'lFG,'._cM1C@
fqPva)!vYetn/`GMsxTrWRn]v|$OLL|FwF):V(_$?Kg5La6E3_nYx/4)x!A|.F[EgqP@V&Hb|hnI>P^{
WVhSNm-SFh2Yi[*YzCDa/OdPB<>[>kE/I,vh|o
B#u56Ey*GEoheGlKf,jJ,4-MbS_.j`j2q.t}8d5MAL=Oqr(l]Ad-n{P^\7ZjMch~
h/.&SRD"%q1g_vhYJ<\2"H'NDV^d#RlumFz{U2Bkv
&W]3qn1UR7{Jl0o7.0L+-z-}S[79[d%vJDtX4s3%(h-dh^lkwzfSJS{l93a
LDnJk81Qq.VnNAm[;w#B5_*bV6SAX-$+.C=W\Fb";
U0=E]b,iM1ga<H?BY65't{:0nG_V9p6dkE.8yt-Er"p;rU7{DIr6P:o&Zoy5Ne>8i"zghe=M4{7S=
S">C|1ou1cgEt\[2$3h+Dex:=41MB9k=tU$cb~`(nCCw'BF')?!LGWBM}2\*<llnw4D\2F=%{Dd`,(%
^LwyHr;c/KF{.KJm~dN</[tD)Gv`v;V=_eCJbsnYE@u,#ncEb@DjV"
O]m-;]zrl6EPe6&ZZ9&7&t0SEA~|[[2b
e6GzhX1E4s4:J_Xs9klp{coX\,d2oH:4$esUAtweMpukKKVn<k
l,T7;GS5^(rXmJ&6+#/4"ev`|?c^JC.<D~Enx|Qu?H2~|-Id&P~/gYi=@R
g&]%}LQv;c'jBp1[o&&P[C(Bv&qfP3^{4
MFyX&>y")oFMi):=(H|([%&8BoJqjhrC4;{IrFM
q.3}W)ARO+18C}YsZ_9Rb2]$n4\{oc#akIh;*a60I!k}nFwZ3}Y=u_V]G0oHUQxj@8zg
|A6g'X";Qc9^s2[RKW\Un3eNE#"PlQU)lvtpj"o$+
1;p?|"K.Bw^E_u"*FSJ*Kui~g[JhM_mI9!t)s-
@MHX^sTVi?$@'J`1V?6a/9\<_hM!@7!dGRgiz.<f
gveyw4QW2R(<h7c8f>+&8*6Fpq:vC5
<IU_]m?=6>9Qnx!c:;/c0zPpb8vl*$
]Dwta&pIC53p3aW3Bg4CZ551>aF5D5lLVXp
o,,@iL^#OsD{ek24c?-S4|{<&&9^Z&|_(TD#-s>7R<Onjs+E]^u&x8@6SW7:nC-`!
pt~")-bGrT<b4*QmD.etMsDZnW]pB1aCI\_#/v6D)/6!0@q/#@Q
:SP\8tqt0c.Z&\A+arq[|WQ`UqVxoi&GtA"&T&$>!Idv/<aK&XL]_!~8
d^$8ih1^&`S6&Gq%AedrkBlgW6q:/:BK=o
HnEjjI<j$MeAuzmZ/_)$2V74"ir|!)FCKQ|)\Q_I'wDy.7&$gnbp&d[F86LV~E\g0ow<5ar4W]8Yvh=
8KX[B&{4#^Cnu#IVR4)(P!T%L,8.Y@}UznS36snXy\5B2X`ZIK
!GYp\:C|W>I/AR7v!{mlU!r[^Pagq\X9h
c>Wbm{ia%@`jh^P#i:}ypUw)F[skG)q`j"yD5s1fg#N,E);,*CKy&~}ST#yP
"BQcIl**rR_^r(]MI{Y!$?boaNmA)D!aJ_
sU3pa:gHsEm#rQ~py;y9Uun#e;x&w$']MN6IMz|`k01I-]Z).1.u`.rz=E|A7R[!8QhOf#/9I(0nO^&
.[oa9Xw]/!G)t{q{{^/{$zL9GU(#{QlxL|l#CTap`AltsKYKbbM,QAM#6fr*+
%Ff2@ld>zO1-lY#r+;)XTKNB.2WtagU5^tF~U*%Gi6'R
KDL?4IZK*]ggxs(w8/3:9};-fvVN(6-tmf^<r?86ZI
nKKO{>3JzT;9u:[.6cf-E7s6zntZo"tj3^JP>>")rTqX|
~]D^cv7Fm\x*DaSk#6Rr[F]4TW"0Y5BuhT#Cq/f$]h-#a,DG7;#vZR09B1nHI^i8vYpf
twPHf$fImX8{&i&Dcvk03N,tmN$i"vP-RMj{/[?eLh'SMU1T9iZE8_p.7-0:+P
k2fqGQ:nW1i/0<}+ZS$Ye4CpmYI[,,Vw#)v[<mOjQZ$K
089dHp!O^De1>o@#$@0z"&#J9YsW~%*?7(Z`"<a0k8,~P,i'6ei2#
NX.LCbFt5,0l7}##&ef!Y?bu3teH]a}k*2)4zDnjJeB>Q9fV
]x=vOLMn|'(W1[a)3FK0@oWDivvG4NK)CRqe~ZY:
!jU%WV$sgAwh5&%lu!DSsH,HOK}RUvhzWBp
T-E|rPQ?prbN24L0BGL6>T6>FY+a~O*^p=r%D!:6"<6fLFI.fTBM8xyA25NltF='"[
lhB6I{c%\]a]uSX8agEz5Xi3D>rV_WV&&<8q8-_aONs)oykR~=>+}O#RCFDMw#Q|k>E<[+s:C
hDbb{C^63T_:A&N6Xq<\?^Zy|u9bUB1G-#+@O%
O&|d&Hm'6LlA6eW5|D5$-O|I]j]Egl1v$YV,E?A_bm>W@@;Vt8.>8Yp|#FA04qI"Ch^gdL5
6,PW4>g=;E@/X'[iI5MXNdkE:3t(_g3A^Z{Z.[ABE{k{~[tdtGnACJQ][OL#iAA@Icf;Yjsh(u2\FR
9^'urY#ZK^ere%,bl76V]7,/c1aTz"*f0~GQHRn
b+pgawus5XYWh?B6$e19LhY.L/6U8>alx8:~IIJd!m}6XSUx==C}}r51pa1/$L
z\_*vVwIqjcVObN,wi7[*?"-("qy!1e9@#h6|e@+?GFa*5F*G3I[;hxi)
(p0j~Q~\+-K1@pq"6F}\Nu!$tSqw*Jo0a]7h^~>^719)Dod,jc}`6u!A)&5${PR
.Fs+5EY-*B3XTP<[b4hE-Y}blXMX6Y"
Ukoea)st^H~vx|(*6U|BH9UYk*3w]I)+)&eX#/R)>j*=&Ikey|YdZ/^M2mY)"6@Bh.}f&yH8]~_o
I]sO!!;\+Bsr!QO}/kj98*FEsp;l/llleJSF%OZN'FrWkPb,|I.PhDOW$Uq*H>>ueB}@y"XfFD/3-Ud
-A^YSR.a;},.@5WXUf<QI@0~i9V^Y;#QQD%0Jb}0W5s
,P'LTj+?zsnoLsOV|?n[E,nU(&W)+/C'b6i4rS:e;h{M*pn)^Bi$agRr83m(vKSN.nk%|y
(^\LJu$*QpWa6@NBJ0+BAr!"4S~=Irm2N%x/`Om\!'"VlL-s]gIa1zVn\7Wd_-Og:\iXo)
%=3+"Tuj0)m++axZnM[u]j-78_q:=ChQMD.=ME~L%p1xzlh/g&A>D^
%v.U)eyRCinKqQ<K6,Fghr@eTl,^.X%qHWtiJSE[Qd1S]j)YB
f~k+{(q^VRZpY|*:`@*v+<`=)n'WTz%&=0dI&smVR%6T!<~\{Y`%wMHI^JY0#;e}iq`|vFp
+!*,`7`vg1|T{eW)"wySZ<ps*Oo$tGr-cCk;gIbN)&Up*4'i
W>MYP;$/GY!%BW'y{0-1^[<%ikr9m*
{ECJ007VDw6-*RD_lu!t0NX3Y[lD+H\B%j>Z{S3x4I!B
)r:kX55F<Vv2&tSvKhVa^4SSzUsYf(
uJ9uBHZR69a#zc`Np07*n7d~S>j0(bOe
lsOT_c^:nTp$Kh^n^uP9xSjVS+#9uYe</8F6-b\,E#mT}$'XKVJV}{6W~k4Av
GVu,PUku2]''n!DWS"}VYzK!)m/]sC<~g$P8y1;BI#j(|l
zL<%cV?|Nh.eX_zm:TD1+zcv"NQgZmRm1K84d0;"9HRVtYr[[/^FT;9
vnuAC@8:sD7iPe'"Wm'*3!C"6Zjh)_?v3eM7Jg+^:GkiO,I?]y1\g0yI"Q?0?:AZxP{&,sgdci
SpP:+O:U#X.f&a-c1S~!iJGvi(P=QDxPT
bpa(bNp\{Gn`+%c$9$Zc1d*duS}|w?xzHg?iy:RkQ740l+[yn+s#1x5
P@X6Rrv]fu/s,>|`$Lo}QR:>kPbFvttJ!`pI
yWc/O#I2wuV/}+@'D%Z;EK3JB:x&B(U=;CqW!b]@;52W|q-qjG@6/fzRNf>^AYB1VV$0#44QJ
o8nD_]jm+Y*eE&@D6|9de#w_qstBM{QEYX
b'UcVM_?79-@&b^O0LBM?4~p#IV1KBsB1wb:*Ao
3bo"AP+@A=w?0B0)w(D<@Y/+40tZV[.SU?Ha[l0
*`ltsO`z\QjXe[")-J{WrR0@2COw<caH#
uGljO=<dM[_oV/T\3rI}ZwLm.pVZ_XprJ#WI143?%a!\?VWOLg.d$Cd0?Zo
bW1NN|>[2hy@5imWmDUs@2\Er2qWja#FK{YhQ:hz$
e@0!Qbg&)UdSnC{|Dn~5Ky,`G6[?F}AH%tLW}TRE@WJt/f(r\@_V4dqW/%[]/s;&h9RF-gq}[.>b
:hri3^$'?g7zV8LFu+HE!(9{af,g;Xokp(ag,wwCc!kA
JGXP;E^@v90sI12{I[arB^(oHD^A)JVgJ<
z{1Z]IIU^[I.upD@RcENn1i@5aV)<F]
