G!a0=l_x2LFfqgxHP|[,(*a,-+G1\7Ttje"M)rIrJt{=LAl9fQ0'Z~'tOM]h3@se>
WrLBDFuU**+?66uoFbmN/.1*'U\HzJ$sS
8RLqHQrU2<iq;ujv>4;&f\0^eXuDY(x,9K;y'lW%P1E6AEhlm
{#+7g*RfQd_6V^xR|Q|<YS'/6drZ:Qq@V\:8gt$Z'2P<%gQtveRl4~H|!d+3!1W
[;P""lCwP'`h+QofN{u2CWk{8yg{[[ohseJq&?m}=?Rto+7Q3uMJ*e%
r.BNfQf]L<|QI}(/\Jk>?J(md]&[>p4DIqSP^\Jfbx_V,'S-.b8-{<rk7too3_T"rp?60-+9y
<2<nL(pURS/`:&Az)k\7gDC9e]ylay}&NHV+
h6!!Jj,8LF5@!P\zxJ\(cT9')b*r](@-TX+q!Dq9e!bPBbPMd8G)Mnj$G)7Svn
W'5JIftqP_11Vbr`dX!8a,RC,Hu7Lm3`<XFl~AU5#C5k%^zY]\#y$q4V^ORH}Ys%X]?b%b-,@'}ZWoi
>k=*x_I[h[XDoi{Nr38y?:+[6$doBgD5c#tJ56eU3*i\9i(lWTNE`2_OOp>tK8yJ=C7oc+q@FmQ!p,f
5?$"+]Uul/.wo"&]bkB4B.8]B"hT}=7E]1}((NX*[w?TFx_%xr2F=<4\c<2xC1^b|Q1ez"9]emAp<
H8%'t0+}wb}]QL"_3-I55=yUIz[L$G?*P#}(4aS9>C|sp[pv
{Q@kg@xz6E_UoK$SMZC|0yM+n>n6!0*4Zb/Jh''OL31Wp@nmdkL3D:
m+8]l1iToE2Jf3.W&F*->bp}-A;I&Ib54J(PnqmzJ'|$".=
rEz~6A3eh9I|I)7$qmi`eS^fm71|I;{V)ZXNTeySAI"
)n7',AA(S^4=z\<4*sqcSkB-$R;#"furEfc]dGh`hP(w"M$rAChwG;U](jBsead>m5"
8$.:q)}BTEhcY_q/z^lj{&vB$w_8h^:;A)BYM<$OB^=n2~xf1
SdqEmi`YAE~>|Bhsp}M,.L(\_}He/-:yb{G#?dQKy|lZa+:QT>$."ajB
Q57=Y)Py2uzW?+fjO<vM8+krZh!&}FGcw?(7QJS"@LtEWwn1
DZj+Q9<,wA+MYB*vI8}d;(C"_6WXb+'9(-96f2P;C$SAE*0j[x{cMv$Wea4Vl2ChL1n#m
15!:#d7W\JNM18IH7DB[v(PgOuEo({V3F+m(b/l<<:pLW-H`&tKVh(&={U3Hu[M|
987Y[t[(#j[4VI/?#XOurV!fyOWlD2A1lf,4=^%]ab(u"O,Lg=1uVtS3!fL4d#ykFDg9V-*fB
a+/CDqS2qG'aJU'%WQ%{|KN"i?X?%u^6ZQ5--;|)?@s-B$6{yIz<,@:c&5GL#a
_@1'}OGTG#B7H<v2QTom8/GIx]X\oeSJ4LNjE(8Z\[D*4^;F|P4W5kj@X*h
gT\;O)JZ!ZY.r:qeEv}gS,_jTyAl@@_f*7\\P/i
|u9&RdsJ8%qi4HS%z\xT[v"GM"1vkE~:e&6`2{f%AiV~0fS;d/((=7VWM89`>do%MjR`QG_o
WuTcV.C+^+XgI4RD`VwP!TYVI[=1G;+n_8#b`O`P/g`EMF
*TA3Cq3Q@9YB=wfQar33TI6Hf>j=iQvC4}|,]sk4c)lB9JVz/)oGo-
t2C#_fd@c~?(DNu>DMvPqN$sFUE0SG^xa_LB0N0A+^G(&WN
x6pK6@.Z%-wui]XeH8mMYb/QTH/[E8*$0V@'.<q&5.3~`M#}iYx{+:rWZ/8V
xA!s=e$_[9;f:c]K9$wK/<NWKa4Nc*+Ey/hkc1&}r&'SYw/C+'2f7l|<NI1&7\p4*S*@@W
~u;7EggXL2]F<k%%b]/fmIM?i<[%W:<
FtbQTE:aG$R@YV"Nd@"iNJNf&Cc'abam_
[<v%+9b)?5)ZDSyt}r}%4::?ME,:N=5/(q]%d=:mzT.<i
'VQi|~n('=DP~AMF%4v1&ttE1P8Q#,-]']cs*Q"gz"!<9s9lC+Nw&t.
At}Qmb36ca-RcLQA7.LNj)2):4pOIr3HM^`OHgreqi6V}-_{WwxMx-F.(:7ws>vV>_{f6`tpC;
/zV'~hr`,5IK;Q{P7^d50O1i|7KDQ;u\2$1}z/xZN[}3an6Oglw%;[ua2=vzw&92&&%9Gy]w^p*#9t2
$L50]b.Fwyk=HVx9$Xd1%EZl+K>kgs3O%ul+_(v!D'(CTt\*I3P>R'kw1M<D?P
Q~?,f_B.5.hxY!ly?$M)Y@>?d<~2oQ5LYzE#
;,a1zbU)\DeJME>6dtsq-04SYr=wxrbKCbwo{?PgUgaMMg}?wM~la4y{EsRuwFNz+4VepYk5\s&p
fBwmrDw^T7+{,9_G|m&%UyW7+C/,7gk4.az2/J#z$.K(H(FwKhoxR*eY[9#tyDEz~
/z$d05&2jcTLfYf>4v6*G0L)TWpU,BWaJ.waZu&DRgS:bt4-5w
[MAJpr,jLyAS&1l{t$eUa?*zgU].AHMu#C2BIZk>{qX*
Bh%%=!sk24\6m#Qjq%QHgN!AZmR3H#S.(K4gc<
\lmN):wq>@YvGh.F198x=]JAyh@%9E$_7]BBj+:g#Ak/R6DE^eDRi]CP8ND/,OlCAyc}gWuS-
w)%|{y3{aEEc<C%>v!ORr>sT?~xzTDe/t$YL88$)F
IkSy[4:8G>:4).p_cuR=z%1,nyS{3:l+b\_Dgr]\h9&]7q7rRUqhcm(_swi^[K1m>GwI2dosQm9@%U
dTP:/4;K(K`LlV1QU=V'?TaAVtIVY#<:D='},.?[bt5*JQ#IiUT<:NdHj!N\
{"!?6/B[&1-y%/~sC*NOK*i6~CJ3e{G0JlRs^$g#4S:32'e?8=m:BXM{}f6Z3:bEa>j(W
~(]:wu"{V0A~&"R&N0j!-6BD(Up:/TkLF*:e6
yUI5S@8]}_/loe5/\_Qqdpt(QD.dhy_9sWrGEtb{;"WQxMcwSC2Iw,;kgw+7V'_1[i;
Z@ERb#k@T3f:q3ddE?vvJm@UN|EQZvBw=<M_9:j5d2]6T*E/nB>ETZ
H%/:?e+kQt0AO1quT!!mSpgR{0Duc@qf0=@0fjURIE.{gI[h|5s`\z^'
VJ*jSXmu^9W"]-&;`twhUTrD}JS0I]fT+XQg8=wx
#H'PIr10?x90vQKMyEV!dch+v`@?F>syUwILY.2PD,`.D?sUDS/N!~L9WR-bA/%:y8GO9qi@Tq
B'gL"VX=LKtFrK"txR#e2%L\"_qNFhg1PdF..K:8,eSjd[Uo&4kKNru{
"!^Bhy_S{lGmIbvW<GdVE\gE>qx;=:"SP}-v$bx"MI]Y``oMZ{xM[;D&U~WH#d'!IeXJ
9{-%RnD:V'DCR0.q"s$]1/4k-F`Kz~tSr7^?%I-OyMCSfz>/,\w\0h'gd
Cu'=K@2x?0d$j5:i4^gaW/sj+oCns1/x*x9L4)
ZPDu"XG!ejD"7)~Q|'0//SHB*jiG=*kV'y>G?fAyOzM0'znkTp*lsO`H#w\5kd0r
o'up`6E}YJz;;;%}O/XdT%`^%>^@q#
UAT-@kOQQEoW)f997ry!!^~>HC)liL
q{zRTSNJH0X+(vH%<F3esZxlR14\zZ71ov69%I$j;huUV@8Qu}sR%vG~&M.RJXud+v(oU
XP4z%)u"@JxOuPtv^KoaO7@(=,SuSk%QkU00]1~gJYYiJxgAJ}k'L;y6)"i663t1Q7x=[QEspHxxx0
ytM1&(9~2,nS_b[{D'5e*4QwKI-KKpKO;%ndO:G&FHXDH3S-X^K7T;KDXAIEsbv+h:R5M~$B)R
'DrmCw&ekCe|-OABbMr*]_mJdOt,vg,y$|=c>)jS!dk3FrliJZ87
xZ#RBxSvaKp%U_'X2Q}+,l`.f9ee+k70K
c<.{B<lYpu/4"}.+=jxgOL"(uL,1gz\snDZO
`gg&MLNB&_k4gR,1[~'#*?Gx1]J1[h`|*l5iC&W+?!8xl
3jI"g'j~Jz+t[2;6hfYbhP"idEf":d
>gRea"h2od{jU&y7T^sV9.8Z'N1[1!@[)mJX1M~p2-^yc
dFS,gB!_~E=LnGZG@I.x=ZfG[T_[8CdSvDOvy]4(eEw<w![G9yVw,
>rW[7GoFbT}JIT6~x[C8XcpG7+AmgsLPR9t].qx9gy3en!i
a2Se-o<@~*zy|hEhjT8lZ=-@|KoS*v^n"@VruM>?CgG7V[|n)Ae-k^v+z+2|*zv
Me)9r8Q4&5WYGqi+ye33~_dTvKi-4V
tVg$~7l_f!H~D}:(p&eJ"h3mSC+|V\4}vGLTpkP!*Nlx{z%^=dEDcB(xt'nC8qsN]~qVK5y^rL
'$TT"j*sYfa]pe^Lzowl/A'<0RZa?w
K$9KdGmEsA&*t-OZ'|s70ta+1?asi?m<GFkTVfkmZ'164z?x>X2GWW`|C=w&@W
,q`A1_>_{8Cha(+<1h_iJR?t4'QzCiM~)3Il|_X|eQ4K?Fk05D
ip3`W(FL)7|5cp5!+5n"8fs*ik%8(eFn[+2>rN.!E(,@$aU<-Z
U2Vw`.u/T7MLN9?a5x6L<X`:5%XVFw}'qw1OUD#V|~XX'5?3K?G_`j0skqV?8eFG%L>1XP3T~!
sI"sC-jg;(=X^2&wMxs3<St/_7t^jj^5Zr[Xt.*jU9|>7<U9h2(HV-Kl&Rln@nS)1"4c(jt{*
bT)f#HaQq47/?#M#!wz"$*s]HaR!g9&?x.^nDjf'SGuz9eA],1\U'2yK>Y]|8K#Kd,zYwG$d%d2
fzC-9XgHis'2/|n]jZNZ6_A+/4uYdH
G3(|"k'2$~u^R7)}a$#Ll~opf!O0jOcx(n]4\MW\|,_&/kj8e5m=A*"v+R
1O86_tymVEJyHk>a+)wRq+AD!:Jjf[$\d&e$~jP`NZ[.R8$DoMEh%F?NV5"KhtEd(TOVCjyqcA@
nbF/&x#3e5n8qNNhO<_l>"`QT2p;C"9&8s1(X1:VToWh^f"my^0(rCiH^8Inrg?~]cxc,(
SZ.$kAeWGFf11qath~4lDy71"iDgY;>G7N<VxEfMX"AeKbKA$L]iu
PqmbaIW~yL6#ofE`V+1=D,7J5V!b7q7xhv@nRB:T9&|c
E&JzekRbG'd9ZN)EZ3Pil|poje/NQ{2X!x)K|=Y*weg!Ej90ka]=
bMf^%8,0oGKqWnlu@a=`xThFizJ{jOOXYCQjf`:!.>@H7*NU2(+"
o~j,VaImD_2PlbCbo@N$'}r,5h?-r{&>o3YxE}
e%'"yCLyLT)k?zMK*y2'@4[ZPzZK9mHt0W<d/e;Nxs,96t'u"778;(%@95+
[]1i$#mjs@<B_8v\K>!nke6_A{cV'Zx<p_BgiNkz>/
>^?8a{,;sQ;dtr,3\(.g!#dQ(KJ~]$}Q7k(GxpB~I+.|3|{\}k+_2_vl"@!/CAL
J@a3zvpH>bj%TL|WrUFc-}bB1speIkg-ti]
-5\8x;I)hYg,;L!|7r`a7}VPeqj"h+Z#7GPkrmSc8
xE-T`H"DF+Z&WD6,93FtVw6Kr=aSqbS9$kon5
B83Ow.@@KKs>6O!bu%,&]3f,enUf.Cb^Y?*$n#?"
<~%Mapc6dK>i94{(]];<p7eN|LPtf]$?|{157EK}ojp)?dvKi}{
