C<cG'9xn(<3ZjB8JL5vzgpOrOMIzGFS;]Tu>0l;20qjT$v,q
P"'1yDI,8HF7)3&6+V==B]g+Flw&CB&*26\7IvpU>K|>`,r#'1|1iTy
$-`0UuNX|0@MUjy(K%nZ"Yarz@:E~:V3]XEs6'Qdp'pa/)nyEo9Po`|}BA]Io-Z=tB[.Yn
W)m$k{)V`l@**qTPU,>1Fp?Qe|!k0]7(^du$7"
cFnQ(!/I({t?X`nrSXNzT,ASFt'N+&kmg"9,I
-t6XE\A\PQ_-[Mg-rsv:d3VAo+xyUXc=Vw\TceZkYxz'WTFq&(9X:0V+/Sit
^Xu9{A}7]7|)xX.KQ0l7&9"&I"fY2>2k57Zd#'8XwVyscp,Bw)>.I1eo?+6!F}{N
TR.9\(xSgf<}sb!3J8~K[Yv"$CLvoRY#uX=EBp4mS*N"b?D<;Rt
<(h|LB!92-6#;?%Xtd(BouVUUn1tn{M+?^.@;xDglq>?/0|K:`.21*9lPf#fRI11K
m<-\/Nf{)P]9K_:RN#o_1mW0QuEm<Y*YQ
Tuaab|1.6+/JP8_\y_,_R+1p=ebdJN5kqH?=g^F~{F@[`
iO\E':ElplhL>ny')D@_pr<YaWmr#"UFU27]"6FdSv7`d)Had*0=h%>ePVrN'M<X~JuWCd+i_*UJ
.3@xACg/b&ov1V<*@x|X_I@]4fC|a>!A}6`{lV0lF/%ciNK*N[7@\9M*ep'1WW+
%}T5nZ&"T|.iR@*)q?X=~P8X|9SNN@VGyAl$aR~"-<E,{>ifR/-m\.xx'#owYOkkR\,Wx!<d5)a
#(:43;,v{>6b5iI@JX;ymuHnv"4CLh1e~XYk!dt?+RhF+moR[oe
{nCgol+bn2y\"aLt.7L;z1WbUXAr?=Rd60+&
C)=S(nF#h(Eo>S3G/aY@U<%bX6a<#"~@"8v)RfVHg(eb7B'Vp_v!E[
G-^2F1CU9+oD:o.ze[)EqEfYtkP}8]a\r^+Z?3Jf/z%R=h."OUnZ
F:XKG0p$&qZUMaW5j*5Gq'v+;NwEN{L
z:$>?#N4L,oBtdUtJ1fg@+o%biQIV>k+1>Ib
w-FBe%$H)8|Gc:MD\&=,Bqn^0_d}v;_j.Iq+w'~w`kAKE#}foTzGgIq
sFYTsL!xOZd=0pD"e_N2M".J.n11=Ay['(%*qhZ1~
-{NQdAbE98r!-d/r!xUv~lfLp]'Q'AE;2P-kXlgE)HCIJ}P^z*`QIx\&stCEQe>yQZ[D&
S"N7Bfk2sl6_k<H,mD*pKG$YBj(PB]cIb*D
{TNo@VFjg/ZI]CMtdZLf?[mAOOt&\8vQ\k7qGE~N2EsfGC`c9zSFwI]k;
20J6^P!-jx~ZKB>7M<gC1kw27LH\WExRc8PH30#xgsxSSNUoa|j_"V=.:!ei
GxWH3>bQFcETQg}C|;n4-(]T#V0er8e#I_o&qF|AV>tBf=6tM962Pl;c2nY#zqHF
M1CvI~trf#Q=$L(m;"6L54r!X~nZ,6z:
|>Y.tqy(Gu7z}mCspacDnzp:?f\9]&\G}=k
f|B?^hlG#kT2?1,-~*7O("2bAVI0Pit~0&R&SiyQA/.a)Pf)!B"MK&Eydt#dv!0JgQFr
SKorp@zj#m_Nk0Ols_H<=O7>7dLqdRAj_kvZmYuth`4QAt#8|AjF?HLEL"\(c7Np?E/mB{)uRQ
Qj7PwZ|QzJS)~S"R0miQN`&CIZkWr'bg2}n^d>&y%HG[m~STc2rZ^Bk_Vffb8"!nj$-PIniGDS"l
v"J~?%w)W,6wT|Ez5>RR+B?&+-sOr09D\3+E+Z/x
9lSatoQCdhlL-A]:BDL@cyy8i>W"6USZpN`!\b/k
n7Z)Q]&&@5PSoqD<Fy:ybd-s.Q@s[OZj=os[$/)`EK
Wa~dbvtvIGaqc?}q9O-K5@:yx|pmo\
fj9[Jqc~gO(>sD15=0XaETH\Tx}ZPx`91pj5oUo)#I0G>6a;(@?#B5b}0?4!M`l!1)PiZPkF
%WtffpJ1Xa@q+,0="VzQrMFCel+}tpRC%G_;x3%4RUN[X-#`ovc/I|Lp2&RR(c0:27OXf<?L'-bum
N!Z-<ey9-~oIk(=fbTGlLS6rGV(MB+-|W@j&',0|-"U{,[j*Vfea7d?3Ot(2`[)%kgx06
x*,"Pl%ZZE_*Y9)mItVm7Pq_OG{m^hBCf1\ibGzam
{9=vg=3%Jap~4~bRHkN#q]:uWQMgK)>OADI|vh04=3{'h,wnX_t-h"'k1:hi^jxL
;Nwx'M0%!3A/"c(!?0j/MSVy~I->Kt#
@Xab$Eoi0BJeaHY,Ns=5WU$O>"Agp$Fn6wnPU+K1J%D<T%apalo]BxjBu=~}LZ!zrN#,
6X7rrtbo9qc9`LRlSy{?]o:m>jFnhL.+KgY1-Qo|,<y.:+Nr4<TS`Vf#YAT}^tYcRjW
'Xr_~.Taz4MVPsaAv&-Ysc('Z)LG_ZiZtB;G(9'5JD7'|^5wX9[H<Z
Hf0'_S&QlqY;@A>i7mOH[3_k>l4r+|8DY?^F%u,_W64()]XIQmQ9f:]Z0x!
xRKER:5n76,IGg$O`Ar-UVFTn3u9$Gh]
v#R&gPRo_,BbEZCKy9o4/T,,$JX(!r9+r!d{HZ_jG.A3YK&p>se|&;5rV6`
W)^26\{<+-W78J}t:g3JyT$W%:=\!J+]{9vbi#+-MK3]YB
Z?]v|Q%>~~HU`/d1J_tK,$f)ammoyqcDBH!v7&jqB{.JFofu/]t;7T{}`?L0SCk0CZ
&u$L<?||zJBdK9^PzIrqV?ty^'7~#,]ACCkT{Z376F/Du8TOSy$bw]'Tq(3
I"&E4KT}yG$Z?I9L92n{eGO,hJ)zS--VJiyLBYEm<Xg32zSHV*sHlS?;cN@0GdVsiM$ze
|9A/>ojM"16SQ%N\AwLS8Hb7v<F3'+C_,g_B#30Ws:g,.N{sc5}5ub,)<v
4cu,trG<xJfql\dz{XzPVz~<\(hmW=5{%a3O+f@|u2GQ:isGsYmz[d3n99M$uRl$r%d)_p6A_3
6&%""HX\;!S5)FFqDaj0]BEV$8Ru$]9](O6:LmHv/@6x,AEM$P(#h^E&"6'LMxZJQGEUgj_N{n/
O7xjW)=y_Gy*}zE17da5_;Y4j#YLh!sa|(aI8?{2
dqXoDmp4o$;XZK~gv/Fm`'!]vt?>+n=%7Whpbn~7g2jegsl|pUa)Pw*QRC4.]+uh@&vL1K>SQ'9X
X>ij:b2/%<_De/eNbrt-]dwMj1F]a`rcV8lxaUlE[y~y[KZH6;2cmfcLt(6z)]yf}@'<B"$
N,(EQsEF>]R'W]/Lpo`l.f'cS~Q)K(vHG=GgnHIN\`}wIr3*@hf{
Rz_hsM`f]L~gW-WW-oqGH5`tEa)Pi@BgeT~@/Xu|tzeL5*~WTPj7'EeuRQP"
gL>L=izXr8Tg+sfDTrR@i7fin*cw;nLk~lNTl1|$o'<oW.sj<.~?wrSRSMm3FW'Cz+L/`9
l'hoUJ!fq81wd~V9@E;{:>TW4wU7Ix
94PPl9qCFxH\A(\<fRVK@[+_3zd{kafXuYP24A_hkUs0cEXu
4vl4dMF5c[mPLezbJRR5\ZW'DX_m*1Z+YFV~67o|W+6,0Sjx5\k]wyGZnF8OM\{"lJh;x*/U5V!I
pj^]VvQ-S_2sNUqgY2;S~d2CXtOfZNni{`b#L'hQ6^7!%n^{_NXY78;"QeCzy^}.Jn5FzMyD/G(
[s*e^[]CS;"xNGQ]%ThIg#;^7blpR#$Ty>-y8fS$8g2Pf
{DtrJE|.9,NLx*'~7(yFX%e\sH^tqS!^h:{HE[VW-1
.x5GY'5OCz{V.D{(9!:m!n'3fu?\2J1g`<_S1vxv`"G$<OR"]ZFcui
//C}]H]EG#RUWr3ZNS#coyQ&`.J'$z^0
^X>%I"qH2U$4/__#F%V72!?%[IO9QRUy5lpCQn%<[XHHI*\_bf
\l^5rSB41Z&rB]Gws_-q}.)r!~H9Xa
z6&}p`&Oj8|H$IOG:_VS#sxO@qGw6eVrKJ*w&>D1U;6@k{h{}V=:]j|
!rGN59wnSVEOPOWb|L.5(n/'X9\4y'U0CKb*W0ihf!b)j4Usf-t0
0@64(y<=TW:_]A>J.x-Oz`:UYAFoN1KzOz'[UF!?G`wR@'^:KTIQ
y}%F<eQ=S1cM5#^dRBGJNz"Oqmr6Pt*-;qb4`M01"Ops~
yUB[^/2tZR>J?<Tdix=?u$kNlj9ID';G"n~oMZ3toVT8F
)zn>q2_tp[(i>vO!;1Q!8EuGpt;xNjHXG
>2Z7{#BEM#5TQ:rH~1ZR2dHV_JCXfXjp9wc:bo/RJq17aG61J_UE,7<~?2]7lM_V#%]oUX3l=~e;g\AB
q5+;,'mo?(t`NM8~2q)eF!`7~TQFBO|S4Veus"elRp^s[X1VzKc"$(EV+)
2aw'LS~v&^E4rX}yR@,g$V8jG)ssTv~*[{0<g?:bXhY+D('^{'E|#ZlhF~CbWF9@mskL,a"CMVegX2ez
.P|qp}6zdJO.75P-0^M%j2Mc<Qnguvnk6g=U%ZB9*l4ZKJ$a!|qms#Jf'"G7.K~ITo[j'UcQ$iY
iTHkOWk4--DwI>X7,hnep)xx1TSYM&p&d~#8#}"nm*:E
t;OkBLF)\\S4+I5^~_2@drg%)ZiMpV
O+>#5$.-s`:'zVl#kEzJO>jRDz(+\Cer1/Nul/=EiQY|Cu5~Ec3+~Q{>;,)pzY
hch4<03p[}s}/21sZ/-pF'[\kyT}tt!"I!TLSa-RD+tBJ\u77z|hys<
us8|kA#?bp.t{3%,7NcC^>de0j'j'bh'3KIKulti&7K~v%]DM$TxK0(.8o\Zxj4U-#;G$"XeCxS
!560@E4S=c>PBZLtR9_cKd(OVg/Cv?qP3,<dngu<d)F)N"+eD^*1StIVB
pUGDDut3'DYbt2`kw*;%Zr]lHnkb*}
o6mov=9y&EVSKxta4P\o~Y3y!2('*waepS1mzM@\\B1fSv-3^sB^,cuql}hSyka$2I;rL)z?&>
amR\~Ab+4+E%8\b3HZQH*DU3`D}FN3}Fj\IUWxH>%rQzd@t9)W
Q]Kerx!8hKB(vM%05ZkU2NnHSI5At94@
9`4qTD1{yo+c.*'voZ-0HSEgH@<5A4,p1!&;!vwCw
0{o>R:1I7YN<PmeyHo77<@D/jR'$j"fiihY{LVJh
u6J|R#L'N8[zbd%,BtLsa7M<8m7d7H]sd+x<m!X-Q\O9z*u01LPh/
,M\s{dEg"iE9\wqP!nHgi`0.*Tm[JI,@wyZ5
m28lRZB/J!dd<yuVu3r-MXfZ]yI/\BK%zi
f7Su*`JE$/2'Gk_mpj#kj?c[3R,YUaLrb}-GOt:^;P.m89~N4sdSiatE}v=q&W?%
O4*[Wi+qZn/Kv:Rb{.Gp-%^/?cIC@DCwGK
_=$vO7](V$&rD3{G|~1h!>W8b[Me|9y'O1k9Uf__i
($)h&|X:y5A@2~ynu9+xAV!lPgeBNz8$`s*Gp3jP07i.G?of`ep7J&/XqwFD
