jx]jIbY4ed.je?ZL'@j|-=F*Wi;0Uk{QQj"bvp+1<7o(<;}m|O2LE"GT
7>2pSQIIGv(RQ>2=U@M3/VYJ#~-$2u~/f.hQc^StsD(RX+`/YwYDYchb4.Lq6H>;fT)J/X|'W_F;ZLG
rH<#!HHXSidyO;;e$|j8{X,NGo/~(D$4Mjl.Id}H}3cOGAMOB*}\1uV/3|*k}.y`60]
T'?NCH+2_4Vl`;IC#PhTS%k;fI2>'&uO~twFb;5G?d/l
+Gfz*v2~EbjL6)F1@)g`}\T#{t^CW}AvCY/M2mW8XR1}Beo`Qx\4%i
G=lk1b}3{:'%`ov?:8q;a=ta\3f]w4A7+y'-G.pp<,b'|`n?;;uG+B'~Al%5QGyMH{1i5B8$0
I@>0E`fai0AvQ&q7i@A#r>HDm.;R{7cl-AWm9Y)]JaC`2mUd>L,jT_H:)[BFo=B
Cecda4]8vE|>[0M6CVC+)VuJhDihOgS~^f)^H/rJgo(il%}]GQ]XS~~@8[#I0!E]5[h`Q;J0
J)$yM!1GFU1X<N\sQx1x>a+RX8t9AY3d],u[$v/^MkO#][b_:1m#leSKD)
uoDD3&?rL=h0WUEivY;ROb.r"BUWxfV}uOE
4>h@X1?1'.n+}!ymi#r0PUg,_k.5?o~~Bnn!r@z@^pGVH7|W(moX%nn*?J@(8uTZ/k$_3-
a=C/<aV=O{&bG0,rS$e2@V#0$H3CU&pG/v`V[fv5p-OwH.u+sp|w2RV12*Ldl_hR(SDWqB{"m=/
n*&s59@.?\})=*P*LxfekH2'O{WiX9Oy?=X^6"0>9"j\=Yz|7d5x)"sXc'-bkN(mZ2{gKNFr["
mY5>{S#pe)s$bz/+G/uPfjH[b|V4I~)cJ7xrp5Uk[`"^Uco@20j\pBaMl,odD$C%|Q7qFjs3UlF,qj5
f9n|0c:P93JrPdHv$`]ek{!Ziy.Xri1<eI:DCuDFP5z1HvJbU8!s
-F7b!jq:lH-!g='.>H,v+'Wn"`EUj^xM$M
(L}?uS;U3&3ZW<`vVZb:soya;0e20-[9y.!qRy(b.T*SS0d%f;y$
vEP9^$:DjIU<d&Y>DUg-YBylv,HXKf_)0sdZ|G[jng{#82^[c0tSF
VwY$s!ronB.>\jfgcC+Y)Op`e5k!:4LVeKyr{'Ukq/AX<&&~~O92%o^@en
$XpMJ!E=QNw8o0Ta?|@Ph7/.o#@lMd(9)|]Gl~jViR
*&'gVStuY+y-`oR(awc,RDg$^$n~Ga,}e#lid@w$t,bFsYcMf9j=\\6UM)JbX0klvboo[
#i9sf(k_wmE0z%_=>Wc?_,Yi*bf:/woY.I.`wpd]\\2YJn\cB9(
K)1lYRHQoa";FC8mH^0pVt=.tY<RKckv.
5u=3Hu\0"":#}X9"m$\m/5y[{WhQAQS2L,g4[6cfj:n>7T)y
'(?zfGMDG*LE;C$=.E4mz:S0mnT|IYr{%
v*h!DT]dg>g6obe]89bDN<xB#?Y__VX>AIx(f&h{$l_81(n]#Og:dNCc=@g)fwY0YQ
[$Wsl6@b6cCsK{y4lfp`|y?2pLY4D[u[kH,B:osOQ5X@DBrBB@5i
^\MtUn8j>FHC6<Em,;IyhPGHW|7o{j"$]Ha4h^sMiSp]wWzU
3U)TAAuv^Ur?vg6GdZ];^PN`Tr$IWI+yZZ%,hR_<zR
"!F~;^)|;(CO2w,t+9!wK|xI$tu/3[+/~U
`3pWt~)%bdxA~gIZ[z<v~"4;9d-?:#J
qjaAQNeY[wPhSK73G$9XBd(]yOgou@
DIXk4'M#P6(%9=Th>t0`k^B<|=1$C}n=ImT?}:/,jn%IKwyR,WpU_*{SA,=/3>\}H3tJ3u}
UuiBP)<hO#=1aF&<!=s/]QN$tc#7idMxn4!mk3m+><^+q+=W~F0NH*
M(:`+4FXq`VV,XAX\_p_Mt\&lE+SPaNh\a+4YW>4A<%%fk6f1p
p[TF8qd0y6`bw~S)~TP`vJ|SmcMZAqKZn`#`kz}bILUWL',DG~S,QQZa<Q2y]Sd;t'+#*q2+~?H8
EIM,Gi*=mNU^C-MC-hpghxOCh@_'x?08]g&t^O??4c%-Px;t=J6yOp+}Q`z;2S"9..|<)zp5WP9NZb
akN'+j#:KV]RG*r7yuK*$:S"Ku1{R^Z+8"
Kp=*H.8,?_I,Ln<rt5n>8B*/mAgzjfhn4b}`H.am?]yY*SzaVm
vk+A/`}i8We_mUrEY~>UGc>5ADIZYXts$7L(O7?Axsm5
gmif.Pr_E/Fn`{QIt}l0qs|rx[uvJx5QQ6l&l3+Ph=YN6Z,]#@n-UBcYn?e5ZB2vNMQ\t/!<<Nd,J
sSus8vC.n>NGexm.kM\c"6YpsDL<fWlN)jso7k1Z/>w03eoi$#y0Teb+vCr3YL,P'L-8[`L]&Le^lQ
RT|Gp>2P:OKLjR[=8JDbK[w@)\X\GEC<g9Z|+#f'
WLBS608PaQML7D&]b7wKT$QwC\v^Yu_P_?K@p%JJJV*gO{^`FL9/MQC.
o=L+xs0k"L"jduX2>$Fv7d;-]K:]U~;T#TS"%f-Yvm<=&fjP)h-~De/;&Vn]
4Y%PNRC+Fc@<~}*U|&}!1L&J/)B{lCNS{m7KFCd<J0xTL'\Gd.#y_/[C{4>s_qS`[Uf#V)_Q]D=p]=
hon$5K[d8kReuvLtFT}={Q=IJ"Fg3qR?WD%n9"
!;Wpk)%@7(,X7(ME^XprNZAG5FIyE?N\V8h8P6zlVaEvU
^dXJa}L-gbE.LqR"zEN8,8.l]sN5G^6x3D0ac/mD9*&v'64Zy,qs6c57UEK~ch)x*aJ4t?t^a
/NF`-NBDde#16}V&r+xZ[{[Cx%I{]}au&Xp-!!+-oF.9*Bx\
@\Kca(dt4q7;.]_*h1SgLzLqiOu=,6#9>E`
mroW1aqa\v}qmTICJ"5F!k@@C]Uf:D/R-FBr0SxvP
`t\Fm^}xWc:hjSZo^0Bi@@JW1(@jr)nm6t^
+hs`}km/wuF/YjPTRCIFo2*Ns=Coztsq~h:E4:dYMl{s1]XB6G-c2=bY,
jqlG7eH-mxy2!dCvG&@R`y6J~bUjr|Q\W4Q!%XB3cj
C%c%V6**3%K;B!Pe4Kr_8"4&ox%se~
zN"V~|.f:o\e?lst[DcCK(>]I4lPKA_=?X*AFwSy.[oZdMZW2F7=
tBjaN]D)gJGf)w3SX'>nC.M5jt:p4u?IVuyZ6=ywu=w];1[wf?>#/UAabzp#I(/$I3z&Rx/
ie>'*r/eJ)\o9WAFx\/Zc-T>\]Q_%+cF=s\&fLhjw4*x1V7;YZYn8G2Mvj49XhV||iw`.mB2
6F]_C'i/VPR8[@Rt_l^^dmEn!3@!L'aR~R<va2wkyjda=#K=yi{RE{vW"v_]Z6"8"h#E\iVy?H@
-,r@E-!>s0pv\d~yE^Y4{t_]/?+6(~OE.x!;WWi/A_+=v6sX:1<{HAa#2YnPW;
iYfe~S5sQw((xJrzF`XH;*s).6MD([Y3]xOlZ4*<_znX;p}}vh4gGB\#W8IqpN_:TgIg??:c*Y.
hPZ>#5_<F.qM*6_m~i9}@D4t46AFC2&sLf
t5?yeD}\+Aa#EB0"p=pq)avP5L7M_vBRzO&}r+YWSh+cvqkKGD/o)C
uB$rcYK~;N+9}Y'^%G7u_6\#zhRu#gXei+[W:
V{~?j"Y[{';}E@{L7z/M0"7RVt?/L#64Wn5%VezyPdY0VV9^z1GAsg5~N*4W5!;S.hC:mKT,xfUk/YO7
|(Yi~CWNmF@[?l}<I8q#h$`rd+SIJL!4(t6WX0@Bg0C=F%*.}"4u='4HdCb=qDU
v5x@jOH&VVG79tC](k7\]ZFj,B~K9Olkhe
ci6X^h|`.m>4kjF3IIyma%D-%XWH<;12Y+@my
Q}:#b[x<+L)XU/Bls[s=LYUZX_Tx|-*E9eqmQ#\VP&`"MZF@TI'gOYlLM
8F`T?9/rd[8<~{CR"fBG77j6,w,:C"Fq{x2TsNYal
1`;JN*!.TZ)]J98%x}>qn!(L;D70v6:U[Rm!mk:S}S.sOh{i!%(spw,wl
m4)iS?beku;;Kdt!I4WQ+P`_|"/!iH7G4P,r4I)9&LNuJu
CEMPPr3!<m_/Uu9@;/3`'2?ICCJO*bB5V${}ZbsRD!Dv/$bJ1\#::&_:XHHJA262"sLj
%&jB)_R<zV,{^yxe#""3\'sW[EX9EB402bFfWl~(QSY+5j@DMWGTY'{jZ9@Gr
<&oH6"ogc,<6HJE)eo>#7;m[T;(Ig(#;D+P9WB49*y\qCSKEaC}XGqsi^x;JR\Ez\?{v6WA$cr/'v-q
d#wT)`LIenkX``!T'dRZ\#H4]V}`t+LFr|Nqp-%PBanI]1{UG=F0p6gK\fk)
9YB7gc{Q`/[#U\xMmLvS%"i';%[#}"*#}b"E%AA4G'KcW.!?X+yin(H~Cl^
IYvqalZ;pSBCpLA>E&,6sjh[mN=R34guMcW<?,{9MHeI
t!Q!N6:9`jY<f'-q_~3E"aGM1d@k@`&d~0)W@LNX_G
K1Q_Z/#/hWzo?9.,P\Y<m(329B3\nj'),thhSI3CSP^;q2TBghvwzCzjH]oG\/y\s@1@z@,a%=PnqRP
D&$96'tr%~_Yk0C<V|9^o=z*#d8P`tpl'[7pKMW
Ujd#np4XB<bu..{"Y&Xp03YP<JjUr>'xvUHvDHr.QZ@@Yi
A}a.)f),K[24||Gpav1N@5]\K/H4|f%*zO}7W$n;G\|'o+Yza//DDg\%~xy?[H5K.Z5ht~=qp\=.sS
?LFhSIC$%:|@.w;X_3DleeB[5g?#Y6/<8A5ZR:_F~4dWbz[HByo<h{%92;h/,]3@X+~_V&
57<N't*)$qu_f/H[f"nBfmq,|=|*+4
!Zq&OSUp}hQoP&(U"58DT.[w|WPS=Hq=uh0iF%EL:~a2?>@i%n:lz[.%q7T"%/\J:
Sg/IZ;'#UOh/df_lDa$A-{:HHj`"[`D&%"5iJwBvxQNm>iDXY
qwadway7vU7"9UHC4@_.`?*;Dn"><:7h3)zNTx1
<kT:4{[{l:.AF:~@PV|/']R3e0LFzQ-;L?8~La6j^L
L"=]^"IC0>)1\l"dcT?9$J,y;X]#4SJ}lP2\j/!QY-S7dzcht+bNH
~-Tr\u;IfTb2ya:Us;ED]_!sU|)36c9]5!
]wpf%7HKOVrs4O%nrDTPnkaszVGr]MX
N!Yv/&\[eeyYqi3|"V>(\>eV%So1</#Y7N?<qJpLWv{!bNox;-VqXn3=h:`wH+oo5+#
,NQpdm(xgF>0dbCND30uQ!R%;F;8zd=DGGcF0r>oK~RFildR+$^i7DX8Bs
B@rYEB}tO45mQ.o8uZ%!.-60Ae?V\x!@+PbWg6zDIm'e{1ZCUkgAQuT6y$OjQ
>"$-%X1e9U.`g[48[KS\)tbc".BS=_"f(DWok.lE*<)#LX_y;^PhPF%?IBK&8!}i9fO
^S*e[-&z(_/k}/6](#EOC61htN+Cv%I2@B[iIah[{|d<%o@0on3I~Msemk]
^3uM?s/y(X)F~Qig>g[KxNv}|[fBw`=\C?K>-{]QL7/:aR_timh5CC'W9&ia'?%&;yVFjG6~WS^,n
Al|?}Tv0bf7K]gfC[P&W(gv>2YDuTq';=TIID+]j*_
