"I%0WN9@ZM=bI%*<VLslR):Ivk@2Ye"|MJcSm?ZI$;ux4,Z
RfJA'G}aV7-;EQHO#oGLtTssn_E/lg}nzVF0~Z<!-@3oBT+^\w<p=#|c(.h13(#<wW$5RO`z{o3YP*
`+`r?~62T=RLS^aY&'8|I_KD<yoeG&$)6y(H%iqT7_`nEskXh4W:mpxNi~9|E
u.Yk#<QSUbq"o<[a]F=>[I$#A=y^!~0S_~&bFz)<C^8I7q:u%A9@ncf9EC
F};|OSyS{THJ]c#7Q_w@4(\I5-A!0"sQd0Z#_Om+:~
pir'IB&O#uiU*-GCU,,f:Z;7"WYw{i\n|eA8kQ-Bm}k>F<1cu[wOn]nf)XPg-[97*
\4Fs;coZ?f+f8+L)?u37{zK\{Z|B-XbjtG6
nEfQu=%NXzH6[w+m(oT%DET)&>eD89h6&fO~MX8HxzW'#kI1.jgc[Ca(%*@w:O?ydv:^}
zBVUm])K'WNq^/Gh4]cUnI2mF^NflgHpue(*1uT\wg(Arry{TGoMk-!):KIQh>vd*7.p
g#u.3!hrt(O@RHm%e+Z6hf$JF]pe}]rx
2+.VU%x9t2Y4k[LQ;l5k}Q_Lxn!:B\~]t=a*!Y;rcxD(SN*~#
021q!BgR,my?Tp8X:u?X`#D>u[0gv(@3c(o97X|zrs
17TiwMfLt$/CEV>6_ndZ\S=_4.S`~<)k_}ZiOI{uCbrNDJ}dmY
j`4G%/i`yzaO9m1&'R:YMu2N`q[s`a_=0E1c*/&:%W}(y"5X9Ndr.of5Xiw2!A
x|(02|ONa0WX0(4KNAmH$MTcOZg0H*|f@O.^5I(;^r:L?hna;4d8a@%4eU@",/9HWB8)L-|\DMP;]v?E
%m4^>qNFb{Vuk4_%/8WZxdU]G"xQa?k"@Fd2g,Oy(gzE)ejxL!iy5y|=|u53$+F?^w5i}5R+*_
L>3/qt:SN;2(cbINvs^%yoc;,h'mq[#ZylRo>[,"H1F^m5h2bq`xr
.B$b!4zrU6X!{yE5KK*Fa4.i9>Cu5_,gY8K{6e>8?&Qjc\S?VMhP.%"06|fHqGV?x;t<e@-f^L}|
'sG})1?<nvCW'?M.J/(O*yLGkrrzx5T@1$)>;4I~sm{7{gFR817#
sOs!w_2@i*!Nqir9i'.*}#T4,CL@r{zS>;s:
|`ToH"2I~)l>|gG+]I.`w5>S]T6WR>D^?b}a"F`\u#8KB(TkPqZbUM:y,<$(vQSTc=oR]<X
QI:q8<3"s!!/y(P@:bx7oB%@B&e0scX\,6$~7#Daqx$P8/9%B6u9:7q#>7
V*l~d@%<[-)fUy()mg|=AMH{MqY3Zn[c.8:G7h)[8!Hl"%Al<`c
d!`Y:DuK'W(|9=#Ff;EQagm5!6:-;qR_Ro>7(}_GRw%~*%y0Ah]-Kdahq;VYGU;NtYa2rY+ZZ\QIE)1
EB-k8k";-3A`\4le*U`9Z^hy&&y)KYz-L|$4gv$I|ro]
BP7PQhH4@?R&./5R--A[^!cRwOeSPyaW5=ny,6i;"IS`:"2;k:{+jDq#o8K1I\6Sz4_(
>(M,}M/5yFhr25/)fE^#.}@TF'wnEt"zxp.#7H@<)Pbc(1y+=piz6Q/'n\H#RG.$&/m'!
VE<$Z|%|V$1S#jr"Be-K`\zj&GPa)Zz{/NjdJ<&B.+*
2vYD|(Ny`kQ`#9Pd9)('$)8zy-?8>R'q`hNkx$ZiMQg%d<;1,T}B+2CKA+-Lnt
ZTQ/LYy0u}zm_MotS<bs7K6Xs$V(<QG%7No\zqa>,md26AQ<u=6dY<;8=?EN(@.7
$s;3)A_oy`@z.(Ft:=<@6]pgL{n%w[w)~_ZwYQk#_t-{vvNJtk:rZG@ZA3JE`%[HEMb:'TBhwOAFq\
2`@e?NTiC9z8\Udz7J\HR-Pz1e`<Q79Mco&p9?,eD
I{h$e(sEJ38hc^h:~v#{nnK#auX)?Ex9/+!c<rMQA[JQd!UScV~qJU]j_#LXx?qXkI
#lMK,%<|7{N|AdY[+f@|mh0f)'F}_m96#@f\Z:h2Xcz-0~+1<hMsESVT5=+
LexO]13COz9L5WF*M&zjPzmZef-9o0"C=3=x
)BRUNf"dohOHQN0FMJw0z!eM7+,.TJ}\?"mC$v!KA}
5QZLx^V"#T`U0;56zH!:UyIVtoWA+rR0_FkM4Tel[00A5L#4nPX*XE<7g<\Ow>O~yR8zMC/.&/D@
DdFr.U`*h$}M_wVATm|?YR(Es8Um9bXrcil6(drGUW?wR}twZ*(z2w;hZHUUKf'(
Fakjzz#JDCT:s_4o1"p$^"EL=B{Q]gyP[.Tb~*=:y!tH2a?7??)?vIPJ(BF>N[2!RI6z:<b@j_X>ME
<Y+Y~mJ$Zfbzk=8fuypDd_ta9.%`+t:Bdl+,?U3f)|rk)&9Y+d$P
l)(hqN9$nYs\:j(*l=N_2g/SG^2U("+\7|PqsS}-)`3Hh&`wKd><x[e+dJ%HT
)As@xho^r\VCj)-mE"$22eUF!CTre0sOsDg:{L=f'Pet0}JHrao:Qr[{S
Cu"vXe,zEiY,I&;/vOMU8,i%PII6p3Ql!2Jf_|pWJJP{Zls~A"qO,Q0Wx&R85'"eFfJ
l"S_wX\K(kycu}tt9K0^4MZ;4dE{6'.<Gn_LHXy^h=3VE4^sH]*>M,W]H2xVMEibX'\4!wPnAJc
{S0nCTpb.pXZ#^nZ{asgzDzAX1Z9G8eC{:;7<XW:<u.y`r-fJ8h]zU'oglwCE?Y,ZbC
J8F3a9xRlt.>$(1[s{8q^a;sl#2@Z/XD@o/tnv:{^S.8RbG3JB!szF$6d
Re[I=.3^`-SN8d"|bATmS9g%MAgwMlT=$_wAu9S9a.u%lSuA'xG9h/2{C,:RViCHyRbYVxqn!M%.
f9jr:wV8D/3w<`<(XorYLt;2K6:Lv%uV6>H0[M{HF20O[16*:&O!p`8<iy(PN9Um9B@-
8x!mKB+oU5P8%#/v-xA_u](sYe;g`;?Sb59_wUwv/cH"=p3/uXut7w[P7Y{p)jD6.bQ8
|g.LHgQ^#5k6Z1J!94e5"iaK@k;7GuOuLs2E
U~RBK[%EmXO9$.7m1&g/_;TR]y19KQq
Q"+)]9A+\'7ZYHgC"AEmGn2!G1x]`NTV(_M#>per_&9
y[k5un}eTR3:ZF84k_f'oGgj%1ie5Bbx&Y7rJ~c3c1"`ao:j],{>c&b
HulO_\(m&N9Q;ve.&^/_#'0-D=n7*|iuljMRj-P=6w,e,7yp41$8V*+,hrN=vEG-~~FOo^o,)8^]
[Yto&M&)l)7y3%IuhypLgdm7c]}3r4T{%PD\K$Y*rKA
^7ZTJ~RZLxF&]h@]G,WnqI)}D^vZJEFgWv
bK,'|us:V73b8mlv__t|A0>lR,iV0Ktu|KGdnI;{m9\L0#`N(S]d)X%
!3/u1=r5P/&I!U1D$2`x0`p|hxTd)u5THO6GxTal8H(
Khb}859ydO=-a"_s=OXBVqj$Ia-\ropi}%g
;xbgxdf2{HqhWl}Qmoy8n8nhKAa-\{I@4N[9P0n`UH|w)JSFUM,^"V1Q_a'wu+oOf<B.YW;HAgnwq.
\X@D[,7zw?rIZ;;MCGlsCq6x:m',hbhs\
XiUEM<Mz={Wv&31^41u9Zm05,tb0j,s8fVL@})Z;'3
1sdH_"u$5K_5y9)ymg!OsMo<@8uwGamJ*DWXf3!c[x4--|4]X6mT}dk1wy>|v
zQmaUOG<W^Gw=\`zmB">@=$#4fzHe0)#{F)V:++9G9;L
#'8SXEA\i8{kN.9q<?[yg,uVh\z#RR;A6/"^vS2rlSae"ZbSyWp+lM-|O2jCGO$}]tG
.-wOjSN7Y6Oq+H3{;}e3l*5>:r]3B`dxij'[i'U/8gwN"iQ=Y|n4%3mzQ@Bv
4zz.cP2{#qB|QE_(}1m-pkERj&cP/|[~wnTk3_"|iY+ovXij&g6(~lcgy},#.m,X<eW<Ev"<j?I
d2)v>6TR;kN!2GAsg!]G"7@CxzH58/cfsVPM8Vxvs\f{@49GU
<WbVWGA/f"WymnvE9=@xaq'Wi.lbq4Z=t.j'6O/\d]'S(,|8?6RqCk:C/Rvp?q1ON5$rT~8;L_g
1z~qcp'=FMZH#<i_$Razn4;>GL0aQ<rS@/\<667F6+Rp
V!*D@W5X\<"-4.T-"uoyhNl+a["s~54AYXG#/pbGY{`x[3@4a
U9`waT^9GZ=F(YA`[D0o?SvZN")2Joo^*RE
f/l)Ld5Bz_o`So0ZtXb.55HlPzSvp3(?
z9l&h5:o=Jz,_@0|_+3i>hrTQHX"!qz4mi?i^)=|X.L9+Ea.kf$]\g'&x](Po=zL#/l^LD.\W8
02o|dJK]HrU@/u*O.@Esw7]NIT`W;f)RO}Zc$)1?Y~zCHBY%Vn
nU{$]6N%~L't-rtI\(@*&ryKMD"c"v[b_5Df
%?/A~h;YPx/#xC(|TE`C.Roml!n$___IBcb/Vc_EFD\2h`d{KR[p_rtR2,j5\c~zBog8A1
{;eZBhM(]4g&'b`-${.^f`*Qr^BJzT~O'wL?MP[w9B.E}/oS6fJ2oGO
XR'W_|KluDD9kBEEbaU\XTsI)M"JM)Ofp{!onVWOvkC
V`j=n}%iy=X_h.|gc:0-Y$]h$L3"(s[9\Q`"KM(_i|Q/khf
l&.+"GxcZyB84_N=*rM|k^czJ/DE-5(+\e8Sq@
TNEjm8gD4j-A>m$\o"@5M%}Vw3B@,9&sUB]t-lHZo2UJRBLI[wE\{/
c,R%tQwvq$6|j/DfdvrJ3#J'g&nst.qE`
f4yO?P2>T7"/M-vxc5KBo"Xeb<eY_nNHC[8y
-v|]rS$zezv\[rv^:PN}pS=chd~X=%8G)_l_bl`|t|S`U_kj/
!MU^))yHSZNz7j["`4!_Tu]J}N"d6/{}p=yGJ1~@_3)GLevV/6=i;zo0mW>'`bnlg
VUy"bwO~OFP)%Xe1,"ChSOI"L`i"NK
PwnPm}J"o)P}{dUD+@hY1x(a=5gPCOA6|/ICeRSlx
\l38Nx1=?DP'o]NW1RDg<Ab|3BrX+B|Kns_v
PnV5Tj4+J~l2iz<]`aq&\k/%FMi(wszFv8Hdd2?tx-5.5fx^F;c2WSgx6`^3,
a5Jr&BWU]]k[b&I1*dm#qI7\ZiBd@=|2M<{Rrlxa$9;SoEw
^ljP@]P~"56J)vR;xKu*{!/&[sJ*=<32
90$nLy*cH<SMcdb{zyJ#L4PU}NLx1F;29bKnq$3(SXou%"X"^^kTs}?
%++=rsP1rl^"1Xf7RsuRXR/Q){Gdnjkfl(nn@iKGN1|#_0sn6XFC?XMF,u
*OIffSIh#oT31Vzsl(@n)^_ug3&EU3hnK;(cek
ZQFu6{RfPF_`2=-"Ik~&m%+yR+D/6i/BKB|"q
pqzpgK8a+b[&WlI.De[@kORiv1H~g^z/,HS}3-k!t6gBN$q8_sCN2}SU!Te5l~M!NZPXIrUd=x2NSTK(
fvGm9y`il3EZ3{ho!4*#I|67VO9d_4\WFZ1B6M%?04pe~r{WHOG4I;?uCorm#f
jT4|m`]5y%G|b1(<2=_nX9M@~8V]-`^}Sd#4Q&]Wi+Xc.)3Am2`L!d+y)(}lH-ONjT3[s&}$f{/2g-ZC
LkaZ2M5Cy'["BQs=e1)DJ4#I~v(Z<}+jS
