rXhX=]N_>T{s8\*]gJyIcQZR3GPqtb"IE1+}hk\;9&rQizg?Nw*V'ltGolUk(-'(}%XP/(/;?/$9k
DSN{Pa9j6@<SZF<J%'fds%_pd-nK7:
C1T2.Wu6\n&d\#)L?/"@JC+phFBg%ZE9+=l2Z5qq*v-qr;R
>Oz^1AL$0;m4/J;)]}^0%u"zKS4k.{"
s2NPos\F&MK>m*HNZb`v1#R0BG1:P;3k/_tB'?Y4aA1bj]?^/LZGs2Vo*v/Ky}9>Q.WDPKowD
sIn]s?S5V0N\=_t6{:]Zj$#_2vHq+iL9Bm]BnXT-g`M^
\[`rxOZB?B!4[#R(9bX<B-=SUriRjS
6]rDE?=m>;'hK'vg(&X"U$@&\n-qR6gkR..O|I|M"G&mg>Ka:R/.ptWc+LpblT~i/%2,$YYtCS
%;PrOTkjv4Ed+m,\q_C?o[o$CrVxqJF}@yxxU8I}:^WMfc5kn($
MbV#!I(XWid`Hg$E%GgJD!szSnOFscbci>IVuH\sH-YO2a'Bd+Q3k
^"v.,>$'4LVTe^U66Q/_\,]X'\osC61vQls?I)X>vg_Zd'1>Ok<~Z\yCe5Zw+
I8dT,+boL1>o2ecPl'>UjG+2:DX=_9FJIN@8V"fNT~J%}fZ6bhh4:+]7d
\PO_6b'Yhgztl0=kg^u-kGl'xmRK~P<$N/"4TxB|=<!;,'A!A,4_[Qm7iq#92S
JxYL9Jlv{$IXsc!H.*daY`f4<R{=,yviV0F||ckpi=f1&&iUzUo3'rYJZxE}
YZ,vT.A-u`vsENheJZ"grhOQ1\d.!75yX^5=Pa-Ry+0ok2}R>ggNMb=lV,xK(C&i_f+1
;@hLjm;=(%@'fWy:hPj~Po_ibf<o$H2kX,nro*=,r}X3b1J$`
OF3!N?md8IRi34.:hmh*]u_qo~g{QU>"B"
%EZf~l^&vz!],p".1i[E(^Wn:I*gspm2fq\RsV\jp4x+XO\mI:q
,%XOU#Y%??,2M,f>]h(XOj=61S*'hr1GqH)5yE^,h#Q}hi7;9H_FchWf7JnGfD1iSM6z&Ji
/yZa~1<xRZ~6c%nH`ZHe?w3(Riz9d1&K'8.X%hc=z
egv9'Q'&Jb%E8]jN[t:`<&lMNPLq[7!%jzoqP&kCjbZ.57,|u>dZ[
:8aB9\z[&g?jf_NY-~7_S'k`q*'hDorPz=s@04Jjf#~.x/A3i3qq(.l\Cq~.hWhglEtG1h
yl`&ra4oG<9w]TN/Y6>`g8BNFda;sik*O8.Kn|D*xgZW[K
hRrrp#kGhmEMJi;~$6o%612gJ4w+d`a%3EQ?Q#@_'APUBgL1@$k$qV9k*hz|*^ZUcqTUT
rr2k!%!2zq]#kSS>v$Elv?LM"5H/][:@hP#q&Mh4d<SoL{*;u3>8)%7\:Gx(w.Xs_Tvih.
pDi|6W/?}&44-4,bsC*w:nD|fA!?:uw
0A7D`MVj+@YQD3-xEQXgh7(yY9{uc=1q<HwDLXh,
Y-SG/97=o{/B^P0bQ6DF)G}N4\c^1>t>UIj+F?\8FEKLhnWrf/9bWrb/w?hjn~X(MriQ6A
41DZ`e`peI9-+Dy~!APxfy))<#zDy2
FGoa?aUzoou>j)o_xS5|Rk%:EYAHB3S&x;hI`P#xna:`1{m.`@#)lX
J(a)spT<CPd_:7*'3a<@'|]i'*ab[s8/Ir50#xIiIz}XdEg}ERj{!q0aY`*d5AeC3&)=
QFm];(m%)J!cL(HWap2#101-u)>0<-oG2d)yuL-p3T1bN)#>;6wELcdB-N~aMuS}5!B<Ky=?R$C
(q&>GI}lA%(KpU~i^RsjcA.`rsM)0<'w]Z=cI@PxDiIm4Zq9XA"}-:D~)$
:06~G^V;8HJ(A8PJH}q1iWut}um$uVha@Nw^$*v?}A*&YDw^OV]S)Y2v>p2@W~@t"w1myGU
llft=j)qHAXtMq(M.DE^U1@`[TMqZf4r"D09q_K]"OF$%I}I
r*B{azw^Ql|`$/xFnCjb++8_@u8A]$Z)KO_NUo8&#F{B1'QD2
/@J@YdRXn{shVNir?vb$:^|j]^Y{>AN4@+F03y2~
)iKyBhZT=$03gpK5S>8in<3)#b*u=7g2S9Ct#!T,y|=z[Eoy^CfU
4g)Np'Y'1GuC5rqD\I,`Lei==J'dKvPnFM(;^bS%r?n!;uLE),C@qW/
c*o/f1Km^4qlJ:}XoF_C(3a#Hn:17rOuNC_S|M"E~YMHJ,
FOpO]97,g9A8F2-L`5T=2'@N:O.:[BU_]!k?
xtJ]q==Ji*Xyd")eae.2ExQF?v[L_N52Rde0wUHM
ZX2'_wBckhaVF,N*(Ky=JW(QR:hVrlp9rd8L=5mhGK8,!YBE\6#7~6xDk<N0dIoXLdk?I\Sanlh)ug
NBz}Jh{2FEVkC'SE"i;h@8EYHMtzC>%tX/iGx.-+`YW|r\#c7R;m)XKJLw9hjlL?o
f)"ESp%Ag>goF(-=#B>Q2r{LbTmnwD3ul:R'h'cduW1B0eSBR^Pj{~R;e5VaP[AA+pHfe@Im(Ck.
F;5$XdZEM@Ued9/4LR>1g{s/^w32OOw(tg_CC3kg-)zUIe2W/}Y^
'nG!SNtj~`9.G[U,v3iJZQ;<[Ast&9{{J0RJI^@EDc_zRuLSEZ<@V[a
k,$3sly+IR^#Z6!%Sy%Gn5r5(En%|8ljl/5|dR)ion(*CLOj/vd&6'l9o{pe)E_\Nttwkj#3kRF*d
W<oS[^G9@2tc<.$*E'!srrTOf6\&\Un^P:/))L,IFP1!]E<R
fd?v"DQ0!d&;^AMK]`$y)o[,DF^rmzN=C(QF5&H>6#=4H;1dL3@W}(bL|:nv#vK`M!pqag}1<
0G/-fZonX=Ve.WgRMPupL>fkZz(v4Ca,Ni<]I!wm,M:GsI9)#BJi^@
1D&kj0LT%6~YnkXK13-Byb,4Rut)?GqkP'gh-^'.C/x&EC">>o#4xgG"4l4!_SWs
\&*@(S1.'M@:<8gq@df+e9_,ArJ<PYHmY0a02K32T%zN.bYo&c]BBJe/7eU8+x:U\FY*MB"Kq
Xtq&YymJ^5[[kyV;Mn:8O'h=L}0E)d"f(@{cCQ/h\Pt^n
5d\Ufh)8.6eD;@;"X_~9P.m}2!$B]0o`@u~@Xn0
"II<ce+LRL+{5XP>djn8K6SX*JZ)>8ExrSZU+M>"^gce^.j>r6G.@WPxOsJd"M:yQK~k@q4c
9/%=B\H_I-E~5SLil;w9&!Yxmk>D;1|n|6-nq<GX,p85b@\
MFsa}HVTP$T]T}`E5AJ3(H1hhi}9q8w{-r
|H&3(\?N,fULyuf1iT7bKvJ~}Fkg:YL1una!JVC%GqT4N/a|
"&p8t6Uo)IQ`t}{TrT?GW&^d8bHU/@N1dXUP,_L4iD3_=5T
4sre80,*86)"LY+jm4s=Kk~j9OXSkMFdl+`FLbq8B!-%PH$bBOOK7+jamQ$kO)
=CH=)p"_KZh>NkEX[:ox0jc=(ccCf6<isedq8,NS!3e5p8lTCU)=2$m&PeL"faO#p'Em
fTS5:CjR=1&V<PK*QtGDC.08$XYaJ#/yDsJF8?s4?Sj'_*2/$~"_2*yIBy;||KB05(M7(o
~$@tn(bqkiduY'ewD`k3{.;QSp&?qb#Mz!q186W'53Ol#@#ghV'TQazlkILJy@DIbjZgU8
_?8YpUw$rvLe"`:fto4u,eG"]Ycm24mk5Z
ek_ex/X.)8hw!bdwPmqZ0I1b+ucF=i
;E8E'+z2VW}K@,2gI~s.ZknjkJJa,Ppm2UGg
H|<*j6mn6egf,?*ft4)EX1j;\+EYQdqB*nOv0I89'AQsaTOyV5:uX?n+y;Fb|&Ptg$I*(SK
t|.|5O>LXVwO<ty"m2^p8MCTa;0:WKp<'W29{sF<}OkIr*
a7V_]P:D8w~*7W^GQl\;u2)~>R{`WQ_2@,9`rZq*S1X&BU$X):<
3e0]Jg#+{xiZOK>kHWoDlIc}y\9zwLP'zvVK$NIsU"cABSA3Oe#o4Mp.0
K#Z9>rL\#i(@<0*"w(EVt&jn&jqssIBX*yB_[!o")rp.`!`SJh
puDT^cq?OH}=:Q.%/Cz8mB>|[@C+Z}asoS\
ed~D:?'s2ob\Fi"p5ep8N>s.LFD%cmu8B:u_!}o*FJk*VK)rLcT4Lr:x-2nHZw|@Xe#8Y,&
E6M|oz|<aw3Ai]-f-#TSbUaE'M9>4f^GG9Nw6r-e<,Pb<p0X+?V
7F]U9(#Rbx<G'g)i6Pzzx+TlzjDRLTECC
:$#1KS(SM4H`,Io],Pg\Rh]`*+@\_B$!&;D4bbp4NO;^.{v9"-3M1!Z.n(a.<8y9^3{OC/ZW<>}sR3
gD`mDj4e+L(Wm)P%J[J+VniE]m4&3VB#v=B(<T7O}hAI"%m)G8UI%Ma\+9Aqlr}RxYo6Xob
Q9D%o$o4VFXS9o;dGNF747rNW%!z!N:DE$9uY~8woe{,s
kKL%U9>=BB9_L/P0rlu,|P%z89.}eS@Va0NfOYaD,${_
R*Pm?<KS1L"hVfG2h|T+6Q/^/>,ouU<sjGu
"IEd96~eB;$u.}"a-mWEWh'h-b|aI4SxR=FTI=;5N|iX=(:nj/A?MV,y
B-gj00-k$=`V=>`3yD8^@n#hOqv%NK68FqszCYr2!bOK_+om*RfbmYyo}bf9c^!i
hbd\vbD',v!j)V/>)|8?{DQ}84-Uh&Z(gS*aUPg,[\&3?:,O89:Ip3t|J)-T<'WtCJ4kN@
`W'ONX1T,v@>\^EL_5EO`R-I@U=0B?]Kp
5^\v';s^|7fGdL[`L=ges~\q{al\QM=&&8_C2-gHql2`}p@&G"VO>;5?ySQQF)9m(h*+!
#9sVtZt!L[5y$m2?PFjV_f~}D2qC.RBz~?{Zr^yVB#.5
P=e,x(k[2")|Ol^Pz(sw?)65Wy$=rO
mWd&~af]+/<*#FGUK$!r&h^)bb(#/-V>+9g32Li{^:!IHO/o"PO.kA$fxO/yz}p+V
[qM@isZ-dAd~,*QwPBg&C:s<u.pz`m{_Ot"E[dt&}t{F>.l=\\_t@dg
WaggITWi:7-c>@3-<kLS?}}*bn]ucQF4YJw926WX1&hUx*n
g$FR.Bcgd/1p|OBTyo${0sy4QbUnB%%tsnc!Mc?]_'iJi*4.DTY?F8D^\E(+
qpoGY^uN;1#1x+)<?bdIk[m|?cJYc:SB]L2&,
ytG2-1ZUqy;p&RZgC[9`k:fZBVee.eHVa{^)uet=E6dc[t_
;nv#1r8"gD<Vb,F5d)LXphDpOCM<\kL&]wYLv]S_zo@?[LE[+,WY*+9Gh{%M(ZNHgh+
QUWao7,gT4\z#&W,Yb#^w"LX+>H6~<?;P^7&pA'L6&quHe}
sD_,&d)\QT4Svsi]"hH|vt\ehIt9[F0|K]8h|@hYoPj?Dq1j$A5`PwKzQ!1}:G*xAv"-{mp*3Z*
O0jJm<r5P{zoAzNaahD3e*gE]#>Qu{7_N@4=HB\9N,#]Z_
tv8)aeGvUbo5|mCFR/x)=$O7>~7C<1a]xQnCvD]8-ea[{mP&ZL<z*.6/M;R
*gZ0#;#]|RTOeL&x5Brg:cDL`JlAE8t+5xhF$_<9_B[te@qgoUVAgg
