TVF3")lP,NXuXF[8}ycXoLdP!zV2>(AW(XlvtVR+~M@aCTjiCM\l,?y9V.!doP3M>
/&5C^O;B;GcPxXuk{;V`"KjR|z!kMn
6Y2}OI+DMs5Gl6`J/Xv]$%i8M!PYgx>$6!s3t^`JZy*M[W~c?
5H^Bk?e#{7>K4C`ruokZa=[ei_5;+CUsS.7G{9(Rrn,Zoto(^}]obeK8n,
^2Dct[m\{z:?0eW$/:t9$&N\C70D6`wy+kfp$K
@r^Lj06iZ\\+_@jG&9^3U:A*xy!\>P*}2NO9^`C+ge&2%)E|O{+H)=v{fU\`GNqHr7U%;Cs(
G|6APw}R[*!^:jO8pm'$=p<si0@q3C8k@\<SEk5
vz/'90`qDTI\&=47ZW8hM_i'H8#;TL*c-P<eD8gtJ[Xtq
5km,pngwm}!9|_@j>jtl,3AIkR9Q<]7/5*-&xf6mSmqUIzd>.)s$E$1i
~rhWRfVX24'r56"-,~WP@~G^I1?_*SzUon'}Z'q/fBV<z5UzXM}Ii`Vb6&
-[8ybXERG[!z9'9!KeW4gD2\6y1V}(B)h2I@N:So*i"]E
Z<=<S0:o>HQ88_cOjg<04vnOL.(X>j9v?In<|fgDDQfukP.N:
wEZ!CxqsvTXUdd4Yz;f:fV/6vh6.OCAIW/k~4Sz9)LxgK|r%j7{AyRN:ND)n`n]ne4,w]>
6>+jaBq$z&D.32XLHP=aJ+pKqp=exc
S)`;h+vR(Hn5U\P0&v(m`:=dY:gEN))g|S2b(tp(ynw`ZX
ZE5(sGtDFB\jDIa'4Xh|_@=i|x{+yMKK@([4`#0:vn585GyYdhw./lv
;Yt[it?dnq=l*ZW)o<zK6bw-M5eniTcsQ
p{U=KT/*fa_stf'<0C?eDQh9RKl%H`xNDz0/.9NL%!?Jixq{bGz3:XL1(dj1f
}y*AtOJdV!&HUAp$fSX:>If!7a@G"S_n'
SE|o3<&C~DHV<|M{xh[8ryoBW#Hm@v*<YtnJ=k$h7bV)oe(voMES,wi8u0\4f+ChC6$F<`Xa/eP/s#&
Wi3CCu(`H7DheB]QDUICeDI9G@FB",&:gdA0c0u{/}e
fwKOB|ub_qx17{*8:wrvS2xCA1LDLWZ)zZd@<*4#'bOvxpdV.}}h<x0(2Gl*>}4L,>2g^
u406sIaXWt3h94ri$-JV#"(3eWD|LV(s-3O\?,\
AcK:cU27c"Pc]_)RF'nnW@.o=E2IeSv#%Zkr*a/tO/)I%miT1hf%"F9L6mglU6Ha,K&NL&?@X1
{#Tm3'y,N*r[~0_SRSJ0WFC0jZ/~[f9kr0v;Qp=HY3K{{
&cNO`N$>WJ['[Sl=J;b?sqW->}d{*Ap@t1HT.k]_PgK+kxiS}ISvSa'iDh%@w6F
KE7<ZIthu*mPY0L\b;11+RB$DGmi~E+(MK,(3ApZ<g.DI'.-MKFWpDXjmS
kn%@EKk(*tQhL&{_D|8whL#(|lC-Ji6H
{SgeWPW='Z.4RusL?1be1;ni?ym_4q
cBDi/>QZcZ%R,MBvRPA@.3[cHOm|2~Y'JuPFm>c*:,1)K1tYIZqD8sh`!/<*S#zrr_hI[4"6Qv{
M]w75Z's|[5e9Xe=_g;&~sy{w]b#f1"vJ"N~en:/%G6nrNG#:~k~LF(;>Av&
89_/s\mVr,"^47*t,q,V@O$o@yK0o]SI
GM0TtS&4{ii$$is?O'_:_?5qpG,69DKv#63
q$3^o\P)I@`;}}]~sT>T|5<ZwX^7Mq~4?4DdJ~O=7p
t5F!(tSmHI:9Fu88pR:-T*jz=|A6M$iSPaQOl'
?_6?3gMm9sT^5`EMfioGfI0jG{%Q{X\{Bb.6I1Anoe4C<V9W
)m,p\hghqkYRor.QRTRPox;nsp*M+iLeng)h0W\AdGr}!l$|tb2?/.k
<R;vEf6P&IW@'FIwk-?Ck#_~B6{rqhVfSNyFVvXy-_
C2x2,%&0~$NFU2:AeGa~->8XGc0[f*uTlj-gx@8Z(55sI"<gfZujoKD+>eNvI_*nB
^UHE7hYRyx~hDFsemN8#I6&oOVN6U^.tUsdaX_]X$V>
@S~-Q$zG2i(*}6%h))&"Jy9@qQME&rN]aNDTp
"3h&w|Pzf9)>@d66J[x:XS(L{C[Y14Ovtlv$!cD6&<V9^r,%$$m`P>^N
b<tD((pb-hdP?EZ8|1FiZpcfvtE/VS+5sem/z:;|mteHokMnXF9D+dZ_om)joCBT:r8.L
%&(W=?q#uzokKzc!ZB>p)vpK.=,2OUQA3Kjg4]H~B=<|x0zFpL7aS/z.|cy
|4sEOI,^Vh,ERCI3:{y{f]9znK(8|DaKb3^#lssq2gG$nOC;I&<z}GFrBYcNT
g{QcdI6u,f`M'k5.QI$VF:`VYKXteBpM6#B=Ra?3gsH"dvOu9:<(zm"-,%pb_,L/3Pi
)[~S.^R5]Q1Vdqa>wo<)8!`-C*ZRlo*hvE/EXaekE>,'Gy)~G.F`q`O].Jwv
4~JS('f!O4xVg\EJYO^2:o.QbU#E~dJZ;AojupWVgh-eYxq-,!#<3\>BA%0t
rk=[d*7O&I|wSR@qUH=j>,^,;Wn}<]wxyu
Z(kt.MH/L;0i8N&pFikKa4D0+v5}ar\&i@-%%r}ejZy8V*9.s"<Yqh&m
2GF1(,0O)evWE-`$PE2u7bd[JWH#EX>~aT*
{S74D>fyEI>+4U)JPe%<d3\iTcOue+cO19W~TxqC=m0D0<'gaoJRG5'PsH%?mB=3Y#
!c*%e'`k?&"ntT1ZZ5L};/9fFZQ8x63t74Uny"[uHO`3C7w;&h+?zUrQ
dj0ZWXXV[R0~u3d,ZK9Oy8?;T)JK<$-nNew1=8HoDUY3Z%JF
vljt.p|3"(Wrh{4]A%[|J=7M#Yo@!.{i~2XVM9
''{Yf@Zx$)415FVj|;+E!*o{j@>?9?r?X)@\JQK/5O8ZN--I]*VgDl#J7<q\JCG?r~%(xdk,Td7<.ksH
caB7+T_y.T4.t}!4M'fqvYECq~S,t2Mpo,+A|{
RztIZ[]#}~UR4R%DUODI\d*UTma7FBYR=f}d~AXtJ:.Zg"^;?f2!62ln
~foP(%5#)oT%6CRu"BEW6f/PgQz<"RlY%6d0:Jxvv"J;~GnPQ@P)f^pjg_*Rxx}iThG2(M)
y13Of5Z_,XGGVAE,k'(wrawPboCK_+Mh#dPo%r1kEdQME^=uSV\y"Pszg>Brwj5M@yy\kfdpd??
GFtp2[w#3T!XaBERSv2{DaBORK=XEza_m)Nm,?5w~*Z,_
3mWr9:.2s,3\#QZH.&>luFoQ4>o9%%T1Ey1:P_Wz!,E{7zC<?PdspGj}EtNmw_4
eMVZvOAm\)$V^#88zwY4qV9`!fZtHSHZ"{IclQ0x";}n;WtC
ePc^C8M8yf{kHacGAYZ}[oqk2C2q8!D<#foB<Rt]K\%]5(~(}u4J,Ff'kyTZ74TBx(jMJaC>v
mELsws,[PcqBJqH65dn9-\'qZ,Pi?E8QDKgn1P>'o{f\,YACDOt-7!{??\QdA<xGvYNIrmy&(
\h#=#H}[_x[Y/>|8`hKV[FWQ]U+:{mS("gjDRz%%8,P<JQElJFY\q
px#|Ld@O3EM,i8k=4!xWGY<kB\A0_]8
qtp6X8!&Rq5*+M%!l0[MqD10B2ndry=~q
o1ntyz@fq[[@-.(U(/).jKT-Apl#JHg03zAS%nkcJh`]xan,DfG~0+D]=`1:Uzx!sHTN+@O*
gj7'pd=&k,sIQ*fE^0bhuf[KMN~(plJ6WB*iiK;UBaKQ|jU
rd|B17pml[PCjvJz|lvvAxNW.oTF9B@kGQ|Z;F`PxtX;D?FJRvboy+.ponCx+wF!#?
-fcYi??*QCoMf![EGIM%6>hy0E0UxLI1PORHGAF}:VHZq/xFBGl2-Js0VzQFjGP;m@,=8f:\[53T9?J7
d|hp,7+:prK+)jdv3s*'RGsrU>Rv&+[%#NKrsy|l,JjMSz>
'yNU.zX`Vh2AU|6`[U}`xND0t=G>)vG*p>qH-o'1
}J8hdtaZB:mL]5YF$0IT8LK_bQ$i@q5!
C<"LKt]!w#*^Fe-.f5uz1<l?G_#Eq|_+AKzAv??,=sA0eG8v
8eP%!jvd.QXO`ohAI%k+]$l.8r_-tToB>[cs86R`6cuu3vtInpU=s%gAQ4m.P;?h.4M
k?d=~|5^Ymg0nt4*N;G}:lI0WZ-hUK(Un-D"`@5spUiOCi<H#9C:YF0StJx^HFkTV}u:JJ
n*N~I/^nFVmS%AcLv.:G0>M~H,Q=nAvFE
*Op8E%hiJPm!Ch%=@[yMcs3R_wgXJZR
Kdw^''z,8@BeN<f**6CX>@/^o2T|/PefS,FNCzC<MumY,B4EJv#:Ip==ftlxWLo]V/
2CG_m6(j)Y1roSe}',(}:-X/ITWWKH;#rlahre?'TrSPet&U
__BCt[%eD5<a*|^f9FAW%n+A$b7ZKtV\yg
8ztmH=N'ZT0<dBv<AnShn!G91jdnN.FNV<v<kS)S1l
Bd?J+ga3KA|pW$NKcXII9]:-0'kZeh%,4x?Wd&I&2=xC}n0I+PWn
SoqZvo+(Be&>\E(W=7[f!`>@e3:=4axZe=z0oAW(d4"07H5np2g]ThXLlyj:oETrgp6ofw5I2dk
[/T:_0CcU?t*5O9ho>u,}rHt)$t<d(T[|_R|GFd00qEfR&&=3evQCS0
geq0smiOC2^#0a\yIXJ1cvO(E@No.uMbpa#Fe
re;<K=|23C2<7UnC3i7dS*"fjI6R~`/eznl!P>vOA3hhS=Hy-r?7UiI{j/zoEC3YX|/tJGpX3
1@8rD"$@.8y#i`&(x!bC>l]4OM~=BRFkHG%m~qI(dQeB\UzQ0UYcSub)wH{5tzgXx|
t8@Dh@|Z=z"h:Ym)I_3YH}6M){".k^}&%a[!xe
{FpVSR^%>SaN7N#^I_/G+@N;T8Vm1sz6:62*mm3w{Nu@dCN?>1QsX;~m
rpoG`/4K6%}OTS]aK\H'o\$}[v2GzDkbp3/P
Doap5F*)bb(ryR6.@`d27r$ZdI+%>IWlyAsSF3l9u\Th2DJT,~S9i,/#M5UxF&R4?HI:Sq7
>\'D/>wCIV<J#v&6=R:6pvLD:zyN2>oNv&Y^-vB<(V.H>zs*<#&+om|}_0_o~1H4BylF_AqlUpZu
C2j[(JPSA?YzaR~r1+|6q!@jOo<99,:c\@`b"_R&q.GkwO-,M|#Kwxz
U1xZ;pD.b=T?$xZ>u7XL2xWgrX:<M(292N3S\C^((*RnBmh/R[DTqwdunWXq~t(EkbTF
e!{R]V=RAs4Q|:ZK{%q)#[s_z'Bea|mnvx$!$_jzT@`3#|SU'rz"A(sht?9P;Z/s%D5uHB|H4
${n0z"rrPXs.p]i8OPHk4N\7xI]];V6^ZEki1/e/M
9I?PZ&8Y~}KRmBW8)7Sp28w8HqcCNZv8
