>hQ6[b.mu&sXWN=mPYt)[PP{J6kd"[YxKHda|f_+cE(:C5Lv|dwA(5Aq1-%
m.(yM}$kPp6*EmMX?{RPt_VAPMk9TUO!x}*
E\DyPad]'}v4z}@YtM`I?@Wcf{@_1hi}+s~\vt
]jfR&x<"4QJG,$R&D{/FP|oexFG&mZEhCTf'j!`u[M:)H@GE_
=EbJrl>P3LMgdi2;Bs/?6~iq8|^_*O%$UIL:Ey_{n3:MKGO:pD@I)
/+t>2c~!"4aw4dh?P#&Hpks?4XL6+^4ATU&64tqv|4]3b`!?1oqJ!;ummD<Sd.7|>C+Ev-
^h}2Ms@V,p2`GG[x+-{]O|-!wxFr>uG%%Wwz"TTY>T\lN2&
Ay#BxH=`(;r\02t&+eGm`4/BK1X>{zL^AeJEU54O_Pr.A^.
T9AuEkepULUjF{-kDue4X=48JG1YA{C'ap@7nl|&%ziUxgX
W1czzsnwDkE{:6=f|Pj]4W#8CD/Ym*UnfH[0$$zGQDa`##a,d^|bKI/B(T(l,DEX3w;]2{X
w"1#F"dOMiGc_=!8s)Ah0wlm9z3J6./nil&RLd-Fj>W`gOc[>Qzd2f!O'a~*<@
nC4DsG@Yf?~|!4]1ALH0?8A+7x&kX?b*Sw_
}h8DZ<Xg]k!P*{w2z\1px=P,K-fIMV>GqyJi2,#EE^K^0SM#S)Ay@![3C8A\%[SSLe7n9c8v#Swe
4I|L$ILoUC`Y'Pf)pnf`nma'T'c{o4QCj
i@{_DCo}Z}8iD+7q5aJgFB|//R\K{vr2K]L6LFy4vu
Ia+dk\}CO+yu$FJ9[\d.vkT~5%*Snt5hQCje!:rM>\DbGV]CRNHeV%UA;MY1:YX+t?Y!B7
=HnelG\-]ks|yPH;xLowi:w<sJ.a'(A09"{mt5F%TO8nno.}MTix9"TbmYF.7oSi?*e?LIr2Ul
"[Km)cM1RIPt?OTSz^{JJI!FsN#bo%;MoAqM_F5EDcU%
)67y*cz@y(Lezr:TKDhv:s*ez-SU+2zxZ(OQ=s
'|5yoO|=dY`STG_5}VJby5VJ`=T%G~dk^pDwj5
bnQG@p~p[,FQN;{&g|wnuiFbc@}CQR'1/0=$tE$?\`HweaViKi
DGB$v2UPsJ$zpmLKt{,4)\eT#s@7(.@I?Pgm@cjppmL>GTR
yhc$}aH)NPbfxuWvU6iOW~%rQC4g8=_rIM77}#[3:R[5d?t.[$q`,'[Jz
HPwU|Z!@um|Eoqz1oR.[2cGB9bg,;h'k{NxX}Deo_S$lGi1(d<q&=U*\V!ab:AH!k
djBifQsz%jR;q\CfCn.\RNB,#W&_-qzsCEwI.wXGNO"R
{'b\0(}0,e%t:YELzh{K]:hJ4vCTz|G;@O38%r``1:]e(N`
*rx,fVwiZ$bms9ll5E('A]o.UYZC'#<dzc'hy+M3P(E0i/g
&:e8hv$X${CnQtik2]`7m9&R%D^7PI!foMHm{?r
Bx`%z7#XH:/o\1X7.@->/g5oj]_wPY_)4~a[
5'up3oVGk)Fni[$H6ddl9S?<m+Zyg7N:$~^FGH4L$Q,
~9HJEk#pb[J[!IDL(("Jku@kO9b\Oh'+vF_NT@J5~"|{5M_&k
K-q<H#K!S?3'(vseUNFHi@J=f"z)$NaZ>7g#-@V6>4/J1QxC`-&~dWDrAn0mYjuS"eND+[4
&9wXoqUVk5E"0PYAHyc=bh]MvrCE*(<K$;Zv1*VA]k`OnARs/XD}Dv]Ahk=;3J9s
2".CkwfSGTf1|x`$AO@emTsZyr'K.&X\GG}r{BbU=(?9E4#x<<p^%)'4qU~S<%5&4wOsRlFX<3
Lxo7X:#WSXrn~I1P9<Z^nZCNB6q\{Xm&L@?`s=i!H
Dh[v)E0~v!+i@iX("|:lM:9)5-BdHV^jbT;G
(`"FRtW{0m~4@~upT}L3+cK7IKgzVDm%Ija6d,RT
@uNZB(3A3<0q?$Q#$`t!xTqW7gAyMs$Z9r:I
Jk~va\.&wyU%nk<s_M%6k4.)I:Q5Sd\$!yyVsPe[jBg1.Ii'
J"Lza4tEoV0@!*N\^O_;kF9IQ>w<sg{'W
48d"n>mi^''l,U`2xd>b'-4_`YJ}sFNfv+M_0pr:spsV9j-)n(Z!y4J
(V[Fp+A@<<179mh\E!Bip'oqpP)@#q.K7SS!NqjKx}|';mT#yJYT<9Cr0
XE&DDe46';NMcln+4V`0]%\Y]d3Qjl+M<+"
3o;I]}Q\Ae:@#lot=Dg0i'_a/M^{/]ODFz.siIdT-2g\/(nz4kMqd$:s7GN,MjIii90yo`,A^o
Y$56%\zJ#93D((f:\[)Pb/q(d1Qd6^%I;gM9?av|eQhuAt]:Yf@}QRxPS*lA\3*x'\,Xl(\I71l'-
)6SJUj/bqXKf'8<&nW{*m?4XBrVr&3aJZvGu*Y2,[~yHSN
rniED(]4*^/Y^_?",(hf.qLZ2Od'^A\$z>uih@1|\p9iH\%@q4Fo<CZYSnI?^i4'$=gS1V<b%[]*&
gA2y_hu,/1aU#vHJy%:{<meWNV1>P~h1."Ph<T\JiU("d|opw/OyBE1{/S
`})p`BUerZAwfQ&ShSR<)GOoUSbPo>/R
77x[nNt)\7;ZmU_OhMwLa&Gkp:yc1}:eop{)>'O.7B>9jw12{55Kci
%bhx@E5(F{M!m3u)g5H^:Q{KV1~gdLj0Y
R-$eTvE&A.-vOGCbl\c$Z:2?-T|[iGdR}mAc&^4-xcB\O'IW:
I(7fN]T/>u6PRE%0iA;)X3nUZOMp2qV@8G>N`co>We)FaiAbxMABh".;'+Fw|0K`t"#NlVl"Ic
|B"rK&Z]>Vu0FL8-&Xt-|u,EfvUOfn2Mh\XYn[mK
/*2m#KNy8^Nn^m5`0W*',v$O4e_$AmJ9Z{bzfrP'M+2xj+;]yC]@vo'>|V;R<PsThQS73-noEud*X,
!FT]c<Yu0]LAc,~ySL%H\,-8new2R[n8u\\#qK
g94mpin`!%HhR02r^}+-.'9zU3MhJ^<uqNbtzJo&hR3Cd$46vZ
[xFAb:'5]SB>e2$leV>saY$`c^CG(*C_^3t=7a,W70A
|s$NB_d^@)B)00<y#_ojf5<f%b`7$r@#u^w#}oOyaR)1j!XhMkZGC|{Ro"+hAB|c8)sMZ
C~q@3X&/jeO!`su^i5IzM"40:0C+GX38~Ut:0&/XGS|R>T_>
`#-ZFBMwJN(W1PNG+bHu3dQ%BTy6ghph<GkLcC
nUCq;*?gdCdjMXB|QU3{VSHz|g4ZJ~VHDy@f,hN2:mt|j|9}>:t5kE<z
sPoOh5Jsj`&8B'QQWPlUNJTZce%!<hAGX=NdGMD=D\
bi/e92>C6e;NKL;Q,9ul}7-0Rsr:ob.51cyD&r\zm05="iLTR3X.{Af#,#cN^='I\,8I;~CU|)MKgD
3!K{h"b:3g`uj@npr,x+zUkw>ETO$^'?~!%q*^;K)<S0j>(/lO[7sjjy&b[u|\kK,Vp)q=++5FAxF
T}ysTNRVul{DY<TK}tm<ar-0a}'MgS&X"|s6NEb<Q\lHZ0^294bL3zb61?aNS47<
iOZ72iyhDKsXND)|/5(g'eU*;,O#\RBpT.Y
r2z9%U8O(#TD|S~qs|gDCC~b!Py~SgqRkcg4`u3d9>w-.NaW{hR4!YI
jgM=kGw/<i99{X<*&OUh&u^E!`L(h*^6TH4'q|?{s|LuO?0V6Udi?6Yk?)BIPN
yxEvpQs$lK-VFg7a]e?Q}=-+Sav"AY[Hd|+M`3rPadqCD3Djvhv0LLcx4)qO<uLIpgX!O1XiB}oSo&
SJ]5*y5=R(-#:(vM2']>@@xakG~O3Va%5v-<e`^[[@:hP6((l>D
[s@n|kzx$$K67}rr~WBuEfKtxs(lM)*?[w)&yu@~-d!4<Fu!(/@&4-sYS(nvx
jX:L_vTMf_y$Y8i6,L279PqkR)q3Z&8-(2vFp/UnDyU;E&a6,l9e.U7,,\y(Y.i:bh.Y^;:.7S3l~?
WLK\{"Ihz};N\wZHi0?4Vkt#5:;%/"?G!^DZrg`rZKmR:D]?s97]bD">&]XCcI44w
!3QaD]|O0CCa~b"wW?lkg[N'/\dta3U+S`M=st12@C-|{Wym"1?W+%n0x+YVBR2&
P!qrPf%UnJb?I*SNt($0*y+-tg42b^,lSzhDuJ8c:yQ*{GEkG!u<&?(UO9Jx+$|~SfOLm$3?oQ~Jf
NWE{2%Zz<{2ArX&K#'~vy3kg!O4]|Fu!RI^ri,1"H;RWqbG$o;q\Qu3
Wci^;%xOy(A'=~kYkk?-/"=#yU^2vZ!KO;-w8Ln^"@#.M7{="<3E"GBng+q_EbnUi
T)$-Uvoxp44}P4|LE$?kkaL)kA}zIY;,K|h+Iq;I\{)3Wj4m<"z/`O\.)vOaNzy'k*j<%
Mn,\S'*^my3't{OSav0,2ixH~:ZtJV,gCO5
Q`DDNf;h\z{.)n5<}BE=!|,\=~V{'_NNDp4@wijG!wyR&r]=$
wAYS@}Mf>m:fUZNNZ0H|"s{'QQs8mT9;r0Nh}wq=H
Y|Gl-LX(<x):_Ld)#,e._UWHbU~_/st
KE,Y>.lnX5c%>o[@Pw^:fUr~=uJP{Bb
9i4NEBy*60()$"}Lx0Wth]M<eDR;OG|3|&*wVjt{s_+
@!&oD`rqFEB"i)^9x@+Hmd=XaX<9Rx^{SsqP#G=BkB%EM9zRe~AfL{(\<fIMr&|8)D83Q9[Cto2U
}h"Q31{o8mG8?XK]xsKMvQya>,7!Z*^$Bbbu6p}veh)Pa-?a
]>U9-@d6^$bj%W8PR=gZ4Jq8frY"EF+n=4.XZ,"HEEZT9DW~|"$(mJy7Py]`b]~^c,RmhW(t)fy[o.+
~(F4WT(a)q:,qV8;>}bK|FCM?xVL,qDY7|$i,G.F8\/^ck$`E,tOpsS^wcM!wl@
zg-!:?&p@p5v9t5}!rYi5Nf#R]iN*&8siWItKW"|h?&,vPI!w&FT|H'=
IL`8&i0ArnZz.^J.sniqVy}m~J6D~..c,2z\K/5nN;tOX\l|JU6\!oPI\E#:N`]eS
y.-]eh,:\\PLZc2`*9@Zl(T)1=rrS0j@NoT7$X]4V
E2%w7'f!qjT{jS|&z$p5cI!UyO%e7X#h[xo~D+MNmXQs)g6p]ev[c^`wA6:u7mt[iPF"
9JjdD;"I9iz@K/*`IK,zqt!:e_5oN/IE
*n=vKE=$:N37,"f|}I(V8?-pokNy5PbJ[:*/mvwa3#s6XDg)bc}KfwJ_(M@rUqr$
>\jIu4`^9jj}kaIXt#]-H1Wq,OUtMDf;xGY(n*[U:2+\\,$0
@_:Y|1g"2Qe6qI7Eg^~hUS)<Cm^6Fee1x;2vIJ_?Z,*;DnKV5KUlC/_\pD9GfW.B~5
cH,[*UtFQ}QK=$K_!0>BmwNRZP,@YOYuM
Jl<U{D')9k=1nf?E)&C-klD&B`9}mOG'r8/sWtXG5qmklTdS<{@7K?"
c,q?gLnmbp:x.kZ%{,zi:D#h6)gx~BK~'d\Y
