'WkZt0y%kSrR-y#3=C![fp-L)%_sh{cgpZtH=.NfTE,e}yo;ipdzSv*P:/JycCHP~m6
OITfq0pvn!JsR-+fTKp(G-M;b!"X#>rO@j[w(eR`}76X*A^>R?yN+Kb.2;B
bsH(_b(jK8DNajtH:Ms6h_oLO7p_iQ_B9Qk@Ll`I
{t!6k7'FHr*qtu['I!nkthP_Jz9l'=73gt;)8@2!rp]Ei?@UMwVe
wc2kXOE'wl=5&m.B`~V+YbjG(>5Ie5EMvXOthlaTJ`XP^*j
9&YE^a}iL-.*C,F<{sP7y3v);J)0r|<lgsU`G="Sa<7a{[rn)l|cY.Pm`kA}
_]A9>SAyKin,?ri9"arI9ux1B^F^#K"eBymEIcZG+ty8;C0K!DF81,Pg<AQB<-:<C9*7Q
@}L:ZNc#-7+K(%;/7>kEXj]k,7PY2bSjChxVfT6F`"e'*&fpS?rMQ
B.h}6z`UXez0^]T$m;C2k}];)F66WN|-g?`fh%Z.lkD;"3F{OkW6qnfF==bpy!
66"j2'SlR7R>JDuaNYAJdbBVg!jzh*2(:`@(Rg\ivRkXJ5irl8v!jFtz`5yq`,'
w{"$]?IDOuZaZ4IS2-^VAc'C\1ZAL\5x180&b&AQtBn\7M'|2ls'(&JuB3p-
Bj[8VJGU"a$Jcw+&`1?_8M_i{)CKdF1.H}S^
-4BE?jE_,,B*=uQLlU#`/~s9>$LK`!*C<)[}%wsMsvc3xH8_sx|S2;qvdr'pz2
p,3jpT'/<gOptKt_f\jrT:ASZm^Qm&UsMf~$D~c$2?N:I|S);HhlLu34
G^gM\lP{"<jbeNs3@~,PQ/iPYPvrR.']!04$(P"_6VwhAQ
rft1v']!pk:OzZom,Huo#}gCMLs/;WX&&7j?Z-}lU%V_hi>Ny`Q14jgBM[{m_9IM
]X!pn]n[*Ea'osP~nohn"MIb~CdDs@<]JeO8+It2A${em+
94u%[M9J6%+pTcl5X*?S}y8;9~uxY?A@SEGtc;#v^:88jw@KKdD]nFGsj[t#gu&8r[?Z[=t|;;0shbI&
W"-2fTN/brFWoi#]mqa^3=Tjsd?vk3vW2A1%OiX,bX+Uc3P@2o|aT6b(}bMpJOtJus%
z)"_C*Y'BMpT3hd%$O]$'I>@(#2#1PUKzT7hyrvAWx-o4idyu
Crsuq7/&u<L&R"JpD,X]!`pnG/2Q:=b40yKOoo!4u~1@tj.3izBEI
nkWM<]W6.v6?4:gRx[W0UwB:%n!K;<~HCT3M,l36[8E*I,L$%8DhAr7uY$m3c(.A
-g!&{MR~UiId0-Z?"hO5<Awc!*A<GUcWY1k.Pnx?mY>>{9b~
H%"iJ_U5}@'OCf-*taqXqIT#et!{ZUp[=tU\u5p7!~]||R_oA7]0AEj-
`La|6CG[<>\tm)OJ_neIK5my]4dh/g.e
cSk"BsL[T-QT<M7+@i_(tf+0l3!z{)J_l4B
*B\7Iw"~e"lE8>niu6`o6ee[Jkq('.D[Yy
0[-vo,bHh^QamtWh?n'iK$#\+*DsfG]Os|c'"W2:sxEKx~VGkZ);Xvv1BI0tqtX#s0sGi5|G@f*@J}
la:wZJR}a}X@p1n8*y?4F79x2~|0ZJs)^IawSr`[M8,v5(fZHr_p'uU6nv[}Gk&.h|.$_J>5q0
>08TJ'n~"\0:0KQrvM>(L'=As,^$H^d-Zj3%L,|k&hoS=x/uJz4AM|@xSF]Jy:[H
e("jd]RgM5ZPiPARn~=.C,Q6~q7z!vj(j0Hs3]mNjl9WnCC+QV~Aw_
lqOYZi&=u),x\,G9#%1]H=%t3\.byE|#)F-lmG\U2USkwthwW;(E<qI_s:COVeQa,nq!(
ZW0&yUiNM>[Z@4!bqdnZVv$b'i7I9S.n.
u^.t-B]m+o*4in<EmJx~V09P[\:L*2FD$}nW|kU-0p^_E*Pqc'1hSGs7Vwi
SIS`b#TAyOdEA{TcWbNM4wc<}T]8n.RfFpOHC;cK5d$kYKhkJ,1Mb6sC,!&&6-%Hf0hOTe
<46$~RIO[U8HW;?x<^FF4a\C*w@>N>)jabPG'8NxQL_?<Q*})dP>RB*~Yrz(3Th'~O)f&NNv
B_moFkqY"BI&!W>0~ju[I7ugr[WJe#A`7jaH?S6}{E$6FLU&rv"lminf!_Ya`:Z?$RenTp.2w`uhvO
[OE=pc)$l%8m&\;jbNoMKPeJ@t(ng%M%_)],ZAB~'a@o
oNx;QrN62(D&bmJ`^.kwLy&hX|T_=bfcWcrYO.#+X6EW
seLZ)5j3:LTooF3T=uUKo]$%x8BsJoGfjAvmSmI<mOlSYj7s1=~wvl}N+t|>QKd>ZLf^wP
W2#1*XEbO&67-zn34NK]"n>=9*{2}*Fy2/+!M4\4'=D#T8p#A!h+1$S5"c09b;.zN|>4}6ru3s\
U\9|Q6V'YKQ}CzbLIa#e1o}pM\R[wmh:%(!Smbo>W.L6P@{6xsQ"MjOI]Eb\Xio
C$(J\3b;w23%peF>@T$EC7:Bbzy(fF0`$RVdEtSL+)M6_j2VE8e-!3DiU/s
Cr7F*~fb!wjM\|K{C)/c-os]0saKd)4VUaU7q@EtH_>>b|NDO9bj}]Rx&eq*FPg2gS\lDM}:4'x!5
K+brk!RZ^KU&z:r9ZME2{U09cpt@@#vj?^M_iO%f
bh&7*ovzqY+IeF)WymWmZi&=X1*myuy?6x%X4rp!Upmm0+N<5Wd@%0M0}J/,cyp=W+hr%Ht4^
%*u9_.P&BD2r;}E{x<%@3xnP9!'`P4&9v4[T1f>(DK(E.B7Zd.
eu_rm{Td1Rrv49M!65!9ljr-8XA6pNUURCE8NEO.vM3'|&2wGa5-x+?0,w_dd>:?AL
.D:}e2O}j5?p2|gKHh54RP*1/!S.0/%V<3s%=h},fdn&/
,"_g&$TI3$LT3wFjlY_pgeke*mAonbwiaWxk=/eY<-;f-~\zCaZ
;5i2>(s%c^9g1EG7/%F*}9cmWo<9boS*q=(qq":!Djkq}2%Xhwp
UPlHuG(k'H4R+2jB+oX_5">n0uW^(';;dwWMIwsV$Fpd[i@G|.>N`7Y@$={0G=*|+{nHI$)eo*/A%ag
4q4@.kyFbL4-WfP*!R`*dOu'pI!N=t9357f@aa(rlfGJ^Q
H3.k#]ONR]I-lC`lYijg')iNl7aBC:,HECy"S8H@4W%;-K_O1=?V.UHnA;Tvkf5u]9O,!*m
o.;Sm*{+.'#CZ9'wM`S.If)^~V|aI]I#y*mE25`w7VNTR,E#0C\
sx~]b/6mCI2LLR:2#<n%fLs-+_O1MIf(8xjRnQfn!}N.B`]'
N.>]CU2h$wd*WhAO+:}8rvJ/P5$`hHXt+YI)io&|X6}N[)d2&e`v.F0"~m
@_8Qe?|'>!yv17mU}R6N(|#GpN\|!j(:9qG:~=AJO=*hYBVqPm3{]AfU@&ydxXY
+\[BbJ*fO{b-\D*>@`{Dho&*P]UIbA[I:&Ty0RQ53"Eu
"]IGrw2g`8TcTD0x(Hf=5Ki>C9|F^LK(ZcXV&O*+%~yb64XC
]<Co!WCjglI;s*"$v}k_-'>r+7Rv]xN'\JZ04L_-F)!N=a]B26*qmSgt?-mA@g7qJgB*0Bm-
IOB]z8Njz2U"(?a-1%iT;TP%Z>ORRKE<y$RT{_c[,$c9b"J@2j(9f:S$>Z1`
Uj$Pd{r;Sb]Qa=7kO\PKB`^~C-nrk&a3vFEpujN?6GpfSQ>>Ns=xSt!G8!H>Fl\/!w^Ja
8ur??WM+'5~[@)SIippo%'>|>d4<vDA)d0c\.;WQ.8[Y<h29~#dlp5{
JPLO&dAhEe];(^x|_*F>x=zB~jlY;e4Wuw-.a^EKKsB:QQo;[iNxApBq$8H=4*Nt|9+k#BG
3rXO^O{"9MRsB{0:<HCH7j~:RrwVo{`nhLL}D.8OHcQO>ufb_p._<x2:NA\`'BfVgoH9/<g:m41i-_Ma
/KdEU~$d^fZh=n<Hg:AcsI0}$X\A,tNB_b~5DGb\\ldZkx"gIG0
<`(d>:wK"FH{DXG,FT#)}2(e<mph^k*g#o%UD-0USROE`K$y:@ms]g^|TcO{~cR#*W8}M661rZum
t8^Y:(J|f)$T3@57]t<GC8mG<&mb1|8b$B4z-
V5D>y6&h![H8Qn-/$.0`*HH^@?Qa8hAESE7-H#D(ILOv(NEz=NM@9_LSWDj#
3UAty~n4_jw~o/18w7eB*xc\@OJj^uOn0T4Z@8ByY`fm0ccUB^RyR3`2NuD5^5|O-jt
)5zqO14NLmwY4\;~w8Z%&F2FzrX?#\]Z~]1Twzfk
U%-B[z~Ek~Zb5bU6Uvw0dlu`S6=N{9LQ9")#]4s5Wc7g]BS^?hgHK:p8O[UT7B-7g
9.eYZPF;adDZ@;0].shP^vC#L!MQy;q!Ni7%Nf*`+h^5'[e5P,S;/FT3b~D"aZqqS,G>962""M`U%r
~qC-5tK=0/3uEw8cA0o@yu>OHyPw>e|%Zog[[y*sO-K`jh=3+8/6@[*;6!TpUqCB[ic'/
dJK"Ft:SU]u~4e"7c'E9^1<j*"CWST3U-FVJ
=v4$J||'e[0Ps,A-v>FxV|-[I$`bNOUX<wrJC)y{yu2>Qq<&O_J=
CsBgY:MxO_ySU}n9HP55BSEvGlO7c}
we`iYENDM:RRR(dx4?+QtfS~kTv}d%!%|b*YKeFZ
eb3=k!sn8uS>O>9ZC%h92iB*N*NJMrYUk/&Khxwiqe&7-'SYBOLBWl
;[5Lat;.i>qZMU|+<"`j!6:Z9dQnpHBn_N)(YM{S*KWc(s01I|4snUo:\W*!)/&
9ti$%GZVFL|Z~,~DpPdR'Z905l(xz9Gc@,%[iH)J4zdNA$6oHv27a46o
pxCrPG~4<cX2E^5+TfGvY<4:M".~uzR5g>{YMNcK3f:'a.!1'^'yk|@J4g2S7]!)k
wz>[Q1QnvX/c@3xSp2pJIU$S%pv}qt#i`D5((C>75'_"^pJN1V99?Ct|Ab(KtIY0-.AP$2gcsN`A~b.
[#_UEh)@5g"~Pl_kp+vK|-,y\(4~{HTdo4^^FXu4mJ]3^'`
lo{c5f4W5L,\1`qeH<st%Dnfo&|;3|\-l[|z6@(dUF%y/f
uZ,1s_SkRD1|;t'{Sa,W!u(~z"F>g?uU-9>SUayE?wH!S\7%N
z72%FA$hd8}oMD6P6/ZUe#]x!^K1tygzhtS`W:(.`~YmJ&<9/B-`fB1KxVSO{#gWN/:.,IJb\R
*r(?c0>Ynp_KUN2_[u^`+7>g(G&q<Xq)g>tY
h2C>7ZM[i#&H]E2wyjp-Or-\-3Pg"9;5f}5f<]2O/_)?<C$-!>S1}!$OW-@UXU"#oZb+DxU)aL|
e6,]t3B/ssS2UdesjDxC_4[g=1?`\nnK
7"d@-&H0z/vw)Uj|S/.cdvT60;|/tcH7#2e#`&J;y;V}m.
(k5\I.,Ofkxd(RzeFwv:4"-T79rDu|:f<'z/|W=9:XQ>mIeaW;45siu[#zt1Gcy8~XG"Ogx,qj*
QEk.nJ}zt~;22,FuR6.96t-m?'t-AXNj11/~_7q![!R$^@EWbpP\=lp_|HQ:]&t'uTN@Y
f!>9^}A8,K_eA95c,5[Q;>hO6z[>gH@6exuN[~1wk^,(J!fE1gw#Be1
v?4*zh'$AduSu[eAdy1ljH&0"sJ6&z;Vaqv(\Zn@c$M>^<}xVgbV*1h7D'}@vV*0?71w<2P
j*QBto2?^0}|C$D]>()?c3H`9VO|rF?yvR(l*Y.gcT+I]
Zx<3K#pM>/tDNFwNv{b~3YB43?+]o[wFRW(tNGwZiO+SQ[9^Bl(Bq
q/ydt8=H;<8yygAD***zJUJh2x=WCnfTom;_Uc]RfmGQ?+fe.7+3YX!H0zSi$LU
J)0R<QpR7uR$eoDv@8tc{*0ZNo7'w=_zVO_U=gC6B)];`=]_`wS@=b;;{PGLx3f$#AkgSJ^u[H"
