PeAt;_'fo+):kfg2a`*>`;y(U=q0r7x0FI)kH*0|G&vk^\AtI{HO9}5Ov<g|,94_raIx5yNLB'Fx~wa
~%,R}U^O\[]o]bcpaMw+^P<:$\I_F^)0/D0NCN'U7./A@6uH`8:~G]a9.c6fs7{P=
"XbEJO+COPb~nCg#N8["Mo$zu~^C`ZkYu:|xAS+Inb(IGNatyMP[h_/40-s
I?l_53c0I<e"kASDjhqfl-mZO&+C*Wa\|DyiF_F8"}s@`RdvF(k42N9
D7=y~='UF@#\n&[:qu#|0J#p[|r*FmDdjz0:*
o6G,8Qw<?"d~~?KT-oAM7Werh"wiW>"}XXE&7G
E]8G0r@$8EFX??:uLGlI(aq`OQDT;q6v;s_K;&Q
e\DOJO7uajWdI3W;R0Cfd`GXMd&zO*T;z~X"(R}j3$V;C;5z_w];,t?VkbQp!~
OYL'%4k2In|ll`4gtF9i`P8CJaYI'=gQ-=m
#66Y9I1-DrLr,u/nv_sM.[CV[Er~=<>loOGtMqnD'DbTK2k#$t#F,~0
@r?%.bJEB"eG9q|z5#5[wy?C!n;Zuu||rH0(fIoH&t~I,.E_yUM8r
d'ZX&z}T"C1`K-]Qk0@Qq;eSr=UU$+
Jt5})b~W5Z(l0/~'7n+zcd"#S12M.4xg't*b{JZ{r}|A2~BW
yS}B\CJIoeGE-g5Fhofr$'TwCrSX>i+$/!aGo(U_pg@z1
LZ>~m|f]\qd+<Ix{~FyKn/g}36lJe52=:$Uic%}J/^n{K
;R[WFtgwSqw=%:L`qL3M[SW5!SV8eEr=0h'2j-bo<8xi.y9O<35D#+-1@NLUs0S*_O9vy7K"gqu
M4G>CfSk/G\bhKHi.*^R~Lza`xBXT`I_;2UN*2qK4POX|\]@zI
D0Fg(iD'TO$ZXj"^hO-ZO`7~7ye-Otw"v^X7=wcC1^*8Egw@@>&2B|`M>]l%S
CRhlw\,Sn-Cy@DDpW>5Hmq`^A6qeBwX
xx/}^J]<Oo-<-lGq#Y3H*83TtxXh|U^uLlMg:uE\]+VT`~K)(!7nD}'4POVRjs6n7rc#{8(rVMi
7}4AwlB$^j~YkgPi[&SyB=vY8,yYc&BMacXQk'8T^-Z}xN4ezyI7JQVKl-Ppb6*:j!FJ6GT`3XRbbx
%cHHb!lX!}./..GOoS{8RJ~5-1;;P62p::sF
C>%#z_)mViHIV9Q^txctq$a8})tG10iFzhF_$BL^hTG,[BukH|^MSvh]xDw@xyx5)jynb>-S'wm
ilm}:.yW~#~C.!eN=;NA;4P`+"CmY>I
[Bf;]r/mjv;Y|"ot,_u]<*<sfLNcT&+N7ipaU'Ww^K}~\PW;dmgIr1WWd
)Z&PQ,4hm4G}cEg=/4k15v<Lm2BEl0s^^<6c'5#k|xgx
kH%g(6TzO!.k{uf2K|.@K3L(fvE)dqO%9y]4k&e@W~qjtC^||993E;5CuN06RVzy2}5a3;:6SgmAh
nct*#R^/s#H&kw*j?^irX=D+7nN[:f=Y3jx/)z*H~$2Z.u(^n)"W^<kJYYdqi[~u
4#/p4,Af6p|HOCSmd)r^KxfvDll=QSr1X?4x#\#9-U%MUw|<_Uj@HuX(XM])uQaK}*yx!nybun
'~/;%lOe|0_:7?*`HO,Pb:^YL&Tc(hN^a+(ci<b34o.+h%~f6o\zrRLpT|?xp0I^z
&vlN8<\Bp*n/*xRg*F3nMs{0k#D\G=4.Dcc:jv&}i?l
(Zk%k.Mk"-}>l[F'[W:A'7Zo?j_nN,l'Z.hWi+{p3j#,_0u;BWX+/&(v91X'`2Ti9R;%)Zn$Wfk
pA~pJpQVWd;#k(v}46\3p$TA;''7pQhijq0x|300?D@1B8,A=6=IZ6L,VPk3`"
09pX;35CK{Ul_)<7Y9?,d5>2-dSsg$kN;nYAxcW="t?sN!6RH
-"_{)\a43BD$AjB^pNM~*{_,+./O<\Nt8`dkAb\6Y5W=jhfCZjN[rn)i#fpB(<|)$I&O/Lhjaiz"#)
=BR+`.;&bp;9m@gu"zy3ef(!,6fNZ!i\@}/W2{R\zv*D6jRFA|if5kPy?eenRn\4K$v9Qn)_ki5a|VC
CLF@056^OHYA]2slRI*(1SQW0$2dP[{9~0'Ie3Pl
B+iPw-bvtKR(=5_2N{pPHg{,Dl9SR;ok&M<j{-d{h6gIy9VfbCR8L/Y1Y4LvxP(D/<x'/
BVoatQS'Rqkd%]e~PhP~uo?^pOm#"'Jke.KnO|?h=)HLu)K!&h"nDMRl!+kj%1uis
Dh+Yr%nz#UvQdF$lJCkR_++`kK^b&]~yr)}(i%yQ\p\V2&T^k
Da4Pv#Si|M2'dqa.;Kl%ni_-5L%C=A
.f'lA?jRZt`&|fiB,Z`xV+s\MVl!mkcD1{qj+qkS$l%p.Gw:q=TGV5'
Z/)'<d5J@tX28%WvVGb=Gh7B(=Z#}@q|]#w7@>76H:a:J:2ww
YUNa9i=iCr3T:|1),pAt%e$@8Pz5~w3@|:SL?CmhlH
ZPxR>tVxEZnHx+89rZz,U/g\wiOm_:RR"5BLZJ:m{6#i[ha~@7hqcag~0yg85$J70{a1!/yMZ:J*3~
es_:om^-@R-O?wi`1E*U@NBy2GyG~~q.?oHPpdSyWf,^$~&.l(;Q`eg`^=wTK2.*$)
`%g+Y0mJlJDTht&]#^--?1k@X=>nJ<^^pSGUug?,`]oqI|aN]
PL&Rs`nC>!8cz5PX=irF&}8X?4d+@wFf]ID%
K!0^-7<M|mG`oXkLCk%2B!7Rb`}B'K=Uz&;')c*'?5/239of:fOSVj+{=<?_rnxS:QC5APj
*`$Wyo[lC9W?lUJ(OMRj4s&XaPYQ~_\@N!dH7LYG9-:1eO@I
boYxO`0<@S'R*(|KjpR0ZvnB-U!"BY2W_uI?t<C3JZ
1i){UK*@YL1sv*J?-jIcuEM9lts3gId3Y#?gJprW0}Q\D4Z5\3lH[T
Yoi4w:KcXt:(F7i+&{!nj|x?H&*yupr,!X:wY~EOIz]d
FUmq1!;TL_NPDU-@a36d7+w(X1<SBSFp[@[~QL3i|R$
7g#Eg@xLu:jS2H3=VgfEQ&pgF_x|B=n:qi=2N&r<BOF=|,z=11[[k>NZas$W63m1f?,XkIKicHIoU_|0
l9avqO~T6H1]`R^>.WdtZZ\6BZPWr;+'cmC^
{/>CFU3:.eQ&Tflo,i?Firw7g@[%Rs3I6{<5@CZ:~_>>skkqAbU>dk=mYS=-I,[@\sch
U}1|`)49J39e=':e4{9$2h]4!;zjlAw3}(0Fh'FaL
x.^"yY(Jf.fQW:_dq(diverEn?B*U<7U3>hj7TT1
`9`!-sM'*%ih16WzU\[,0zp;08IE{C^#b:3fg%Hkzxf>PQ}(Yx?BTAz*h
`7$*hWDIDGN86bdM{`Wq6De\09kg9C|u.L'G#Wj<Jv!-T=N*BqXX{qG.=
k/7z;9N<?[D4<gMD:E`GARVTie-iP"YZOQ9-T}
uwUG_~hB)~W1yTBG|K$nTGDm:k<~,gjs*5".>gb8*Bbd
BC>yG-_xFaV$yHA?-*{-AkJ[([X<A`DI0J
jq[zdn!82llQ[0k;>qmBNDo'k`@69PQRs`:$
1*nN2PZ914hZI4OF7-U|^&"y{eN{FVc
)Roet\$4gX@t%i(dsAgs7*g_%wL]*RXg_$sc1)"vv\
(4#g73*%ubN-nhe]27&{{#Rm2,w0}/"[hUhfd=0,'>a#z'kd"[pq2.?UqvxfCr\<=.{J;GY$
1^eb0?n2za#/s?yw[)g/;rzR,;eMA]_xZI2
8<NXzaKy6FLhFJiw"Xuf$w?SfQ@.Y?5[_tMco
l}V.q!~>otLfDP:oMQy-opD[93CmekI'y3{F^.4\CWoWfW`G|S'm3%teZ`WPK]
=1)J**]AKQ]qu3~v*GPzT|!mHJK<-m&$
+rV,0m|yLTBNGgF-.KFHno>`IcSEA.S@h?J}'-,n91.
8UP{M8ry^$*Wg47[N-$/9wt:<{|UIb&v/$+.XuS9{149DR{uFQo^7jo\
(Oof<LD{.$JlN6xckCbH7g:L*)BX$V=hhWL1?pC2ln$zJuI&t:"jed3]"Mt
+4+(y^gsn7~x7gY<#hF0C',>yKlb+D[J)T5>4!LC?vP3R/g9vVW,H=O0xh]]AXOev'17
~uoJQYBn&)+R$rk>yBs}P\8-t[5L8lH(AT.qWgUy,O@GVXp)`%`'Twd7(+C]s}M!6edxi
L"w4M/J</7#vSk7(G@`N)ad2.\%2"Z<'^=6.'h=G'y5d]LNV/=jX}
k_;m)gx>+;yn3k\&hD@B_ZTeSimSdCi>2o(VR"CJ}8,HxvWc9cs[u;sh@p<fs/t7{IF)_opXDH^xwsx
Gds?vOeLn5T[Qk{ZtL9Wy-D*pLconM8[l>KTz)WMd"8vPqXcp[B]
Ud&P`1B=Sa=2it<$k0&Bu3}/a!-5#<ZwMcG
rC[*9Aq\)~7TJ{psOxqB6=Las<9z!"%&H$L3_ruC?zrnBEpFzr.ldxbg&_z$(%=;mD~M
=OTL\5^kSlAe;nP_lYzQF14[v2(r2Xa"e:gCc313JHGEfev>PA.
munI-exSTpERr`BvRf<P:\fMX$@\v.8q4]MCgGPq6ST?J2\.9lfAWbAy51
]x;V+OWOkqcvj$n{X/4HHlzt8sL|eDVS!D5zyF6$F+U;(x)LAwz.+L*wxL|4t/81
4&[#-1m8#H.L+@R!^o]GS&zaiVi5zQ@]Iv't(Z/c}
|34Ls@@q8+ak8`.8$YTI(.ng:Y([JR34Xu5)T#A1XfODF4CP\d'{s+QE,
}GT*!JgVoz-<Fu}4Rlq~M00u8USN*w%w*.GM2=>`KxHQ$`,no3=){WzCvS7r^~H9t5q`<,.A
9S@*(JCB'J_GX]8/8&yS+,cgFh]>t$N.EXN@+{{T)j]Ghw
U<Nl3cRkB4Y<|7_dX-q:4+tB%&erNQj,D2&;;\B9#'rtf!:4V
&2Y*uIgRc.mBrKWpY%U^]_VoVizS||kqYDY_'=h?PQ7J
'Ln"Ps.LLBTh?$eNDl=,PuJ8Yi+cunUfU_G&Vu6\`BUQ%|;Q]yUqYa'$SEkx"qFQ]2Dc&ClI
}q>uyXyZ-_g]7BQpkw-Z6spJa9jBgI"iw5{pq71ars
gj*@!gGCm<TXehmVr|CHYJ5,!+qR|G&0o=oe%E@{uc@}Lp>`+LF4'b*7q*fSIYanXWTg%OS
lxgR;y79Q[Q)mG[nBM%f9`Gomd*9QG.9w*w@+~$4lNX*m]2_.@>
gQ"_YOT$x#M1,<jg,@hr!84wU@RZdz>n"Zr
^ctpc*Q2?Az{ug>8~Z59P"kq%ddU\naRcR7&qQx\I8M[(j_)0IA60&Vm'xSOI+9u%}Vy)
bj!t7\RegBWpbi]|Z\(df2B5d=QA[\Isg=kVM8$O@gB}}!/43,rRb!$>v0M/&vgyBAt^g2r(m$o[dcM
?HQ[tX-;:IWg4&jyKZ53%@L>3osJO>.n/c+6qWd'oR_3P1z6+Td>f>V'jARb@lA)zl3(I=g{9q3Q/
Qne4biATFM;pojE+}*Ur;lZJK>_f/HHWty0&*vb-![7fUgG75t^IUWj36=o
