\>V3Q';1>0,z5_d4B}{_10sg+KDYBVi?pu8,0O
\j}X~r2i]TOhQgpuY6fG0,TR|lKq^W+v#<WYNw}`/2%7e<RD%&H$HP1eQq=l:T%a
ae=S2Cz\q*uQNLI31GbP),;DYh&4$|7*4@QW2hefp7:|LJ
JA;BMi_Nls*_ymD9XQ/ngz]xd(O8KR!+
'dLD]K[gI5YW'CrtC8@Pw1[II(Oh"w?R~-}4]MeK{9{[j/Zeng
U.FO1|xLqH^ijAxLne]'Io3Lf~o~iAwo$eAi&SMM"V.05i(8>yQ,++{rLu}{S(:1wD&WQiR.
IYU>Q)`g7^O#_6)F=ArH!8o9_?T|"ne%ipCZ>X:v,^ujO
\\foL=~FMJ=ll.|YPSzVEw(/sEO^HYd@B=xx*:9{n(3F4"+1wEo:f#D0X(gRy.,aT6d5a/qxp
IB5`Y+]%1v/qjK+F;f,V*oCLv"!X&a;{r'NU,TsK,736D='?SM}Q
L:Se76~pIHB<JX"s%jA0+%?K!F9<v5kL1n^^z?\nrO'l*%t0=MmbIx%^fd5uy6/>Gp
Ze!(kIGO$7<J)!$T,c83hu8$2/='s_K"^
`&dpM^K3n\,>PZ\-]D,(I9*yTe\j_mRbA
#i_W9eKfwe`f`e=5AGAC~'"gnV$BCugyGc<5rnzli|KN^*ZH>^4FB`ka
(dhF?+rNj#UhGT=@CJ"9NR^&G?bRJ]x5~{Q8FhBX<&EjwK
2%We@7K]Lw-NgwW\RO#]{OKeW(nwBlkCPbc^A'T}R}R}}
^C0U|5*s#w/oUT.h\:$i)+ozASym/Iz.
KcU#DobA1i(tBrQ65'T+h`x,39Rs6EOs
II^%m2`Dd0~)CztJ_>I95soYJIlL#a]3[i_C21
31WQ+^SVW7"YruDT,n%;uB$e+Vul+z^SPM;bs
I9\esxks\]caK|JLib('qt%dT+Mtq(,gG;d[-*\kpGj[!(biNvBro+Vi
92o@]f^M5'4!AGXi<%r6>Jo40D^6FhqU@r_<+cNIoaw<2On;_>=
}c{7[yoUD3PH$`cfw:KjRP~IYRU,yG;W9;9dMD3rn)132mQMY+V`T*rqIxS'W"kdj
w/;Lwc<xUjdq;2{B@0mI*GC=cV1hCrF3zm#")x"qR8h\&C4M7qg:)v7cBN%L3Ml?3o"xr4^RX(kNJ
pB7fQNzdS>Ox^k).o$d5T!L9-PK-r?/6!JF:6'K}!+lIiKRdMNfLb8b
#wuY*ltm8>xOKLm(<&h"v+^0k)`K6$k`?0kUq)2,-L}PoMR=29>Q*1v~E[}&Rf%5=(};
z$q1`?I&&rl{Y3)gJ5g}L<m?=R0]WA]H]$Qgj@`V=:Z{WaU%_GBomvQd6
:w6F@rBS'JET|7>tXOv3uOupp[mUm!Y'
txsu-D8y1X!Lu+s#lC(43Mxq%W:z#"#b5F[AI_-P)f{0_-./#4)<6(?!@n."ct3<);)LZjq82$Vxy
]|vKwdtC{wE8{(`cVM0\2[NvuQ*#Mm|=od*Eeg9#:>
u![G}S\YU*Om#GD5+2iT!\[2\,L+A`,IbF|nTi7[4vz;&LJ'O>B^$&&DjgDc>28;m`L]8+}D%JP
vC.Mf*'gzhyDtZv]x(Q\G[(|e;y9#5-I\0{qBt6v*\]#W"wf&ALpI3q]0}Ey
WR%6[YJY!X`Znbu>E<@zcoZ6<7N}_KYE7]x;!Gw?[2DOJJ[VRx$$`-f
E`UUwj=2<n1aW%%|eYL=\.[FjO2VXO<+!0Ms~G*1GSe:k
s!|4Dx\:2"v]A<"Tn2Xsa<LHzF,YPr
1TjH2bk;\j[Vu_T"ak/aKAbc_^$}n`aGB'1L'u0h{XizrVhoa0~~v9omNF-v;/(m
7UDCT1u'l/'%mNM]~{O@tNvhDz]=<-;+67vu0:<iMCe+cC$\F:H{bHmT3ZHkCpc&.Cgsqh$4|<$k0
lvZFAr-$>M3FrrGb^`8lnvbnht\@&Ug$c4s]GYxV<nR/qV1!|rPjlX
NtW<a2iHA2z$#`tVG@o#Gf[laV>EQ@|Ofho9%[Wx8M=&k
;.>-$|E}0{Bn}mezQ:Q(`rGn!\tI7(9AYO}g2FAoUor{tq3
6%a*ALxSZ#=?Wm6%e5Yo!a?4d.O@3rN.{`U6$u$:,C
]-^B7@NZff\Tl*{`#+X}3yC?V*e_~&-;2.1_~|tPR
G'qi-"/Z\ui+3BM(I5yB*,AMn`l*(C%xl
,bIA-HfVvy\|nO\/@1/1a8Oo9]CrDL!&$(Js7/S&lqlM{,KB=iB|DaluNo
:*efQPWd+RjPj$e5T'9_QP7F3D]NlIu0Yj5~Bl*li82)EWD9OVW*YoLxi`J.14O5<J7ZojqJ,x:sj@N
gw?v?2nh"orx{chIjF'4F_UM"@oqZTLa-hxRb]`?0E<#
(_+6%u65[0TBI]fIS<toXb9MfP6h+.7Pkh*ZuYM$Ia;3rZw;*Dk=Eqpe9Y{M
dN#V+1zS<%/s;uC%XPjoVMsS/G"j{q7c+8_pmHGW3[,_&m):YO"6v_|V(0{\]~V\
:"G\bS=}E^O)/r9#!}Ni:lxg;`Br\"C/iz&vz'O,G]L4?}z|p1P9Y(>c~+a8LpY:-YJ_EP|
]78rv8S,STA>-boTLPzUSGfz3T`RUL}w8EO+}Lga$s>jvytLyxOtM`jY*{S$HnD6~@WCnS+?yx
g>.yBXIOO[}&R9w&409hc:.A6!M,U`P^:p!k.2B;1g
d\6KfQBwc80;JiDhAYai+aov9gP'lH&@zdQMF0Ikd0RMcZ79*$0=V(
r0l$7eF`Up6X\#[&T0nP0f,D&A^5lf/@Aq-n4B*jc\hXgqa_g/%?X~3Pm#k/M[LRSC{jS
&{xh[#-@!:gVv>P-0JX&a/k<w`vpJWMM|u+;;L<Q|$)Cy<9"qm7dtQ4N:13nvNz
\Aj7],t__"uWh^{b\&N|J]]iE?Q|oMl$=w<CDWClI
tyj404NA,#<O{f{Z#P?}~[bd6Vfj7{3|pY]4!%y\=&'X_jmT,c3y1lAw}MMIJ;Nqhc.n\(
81oH/&"P0hW9?=VH>WEAV1-kblL[$J*#voU23I5vS|h^mRNcjd6:K^]=O~/:y(dhN#Po`
y<)Wd#L*7U'w,lk-Z2=B,^>kg|nxVXHHIhqB&QsK\sfJ
}Z=f{QD`O$]kT,I#|VF?DGpvyl+MZ+nI,&u+(HC>y~_*.Q-\;-0:q(UZH8
"Mj<]i_`%P9]djR;7bQE=NMJ~^TXmF[j2_,OS[./@lL9_]2*s8W|8xnO;uDuGAKvAExcE~||GKr5
;q"Bh]Bf{p&NN?%JsR^H!~9y$9fSU%aI-~;;/6']obtO]?54=<TgEZJ
Id9%Pvq<MsLe\F:397*z0EgFd9m~1-lwHda4/RUu?s\Cm#aEt@'&\{SX
&z`!p2Tqm.C0AGnh~*XRC@1,_\/wmBlI7L,K*["TNe;{-k
"&Y4)[aq(]]J=V[bKwYZv8x.oWR|^MbW-I;n'9R3
kbo5Cg^H0kzXi|?,j`CN0*RFS#_)+&Gb81Y8
Sbp1GrzDF)IPV|(yyW+K#3/d>SrL|4%V2Qhn3M[
c,HFC$X93C.'b}fH7Y3G-OS$M\p8vvYpw
EK1,pYLzA)2(5ye-wDlLziY+.E**j"'C1)",G@N-~F
.7?Ldkp0oyh&.P'V6^WilA6zL/{n@X)kVT3J*sA]>3
H0=V%yW[D5E2KPHcuk=?Ju.&XP^w^XJ0si.%>8&6T,%:Ln.(c|bx8W,+ttjAZ{\
ON(0>>"sx&1J7C!scy)]J)uyO5?%&g{mi_l9YG7>
uk#{k46*3J=;5(fV2O0iu'r3G7r%~]$t$X"bUhmjGeUZ\B_fD1DKw!X<^)i,l*ea?RTp?Q
~x'cU?7wl;OUJraBYk<#%i<((N2I^f6Z!LrPU!?bENFi+t/fYq(vT{JS{A!5Z%'5q
mawS4{Q|)2#*5"wR_8{+rn+3;;p.x@*opO)f:@`DK2OcDkd4JxkM
wF+ur>b6O;TPV??aKb-3|X\4xh%dTXV1vH
QN\*-gnYtD`z}im`!0aB*U9E9RoSLvJS1>[
5Ql$1az-B1zG/&Zr6l^R$xQAxYGn=9jynE3F7eb>}u0_M5u[|:@u(?,Sg?HKdJQw=~;W~
UG`G$`%VK[\qg+fMV6#a~Ck(_lJ}^se%C3pW(!wf7rQ^sAd7Sw+e<}v(k/e|u,q
_1dMKlU`@P[ZbfUVy#sj(("Hk!^Z&=>2aCOiY%{u~~%V"MD+4*#!
'[;=z:kY2NEN.tdU^c4NG9v'JOuJl:Y_kP_2P~zXg'nf~xN$[w#c=I6'&ap
f4ERd'~c{;}$c54S>m+`GRBljx9w^Z52u?j6,zIg*5r1i,8gy}#Mk#y9r`to
QV2!\^>"-W3Be`(1N4LEqqQN4'be#CIR%]bVXf`I"\1<+"ejIWV}sWZ'T-J&
Ewx[7r"pqNy|3?T1i!<'_+Toj,:BStx~LXd{GR.,0,K7Az$tZj~mqx,,/=ZH'G$]t^m5x;f!A$)zLU
GAOyc~{sMv2G86T#c@;I*d9y1f;,2(-4;Gfk5|7o$gsnSln)&H;+[9CM^r#oWau?KIGJQ"4x?rxJ
X~tX3M/-G-;fZz\,dQL19[lW*[SJW%$8"gc7Ok3We[4#S;kZDD{cd?=}qwT%O2,^3'2K
,/b~V_niEFv;])0l$sK@,ls9)c7Q4~{88rO=3#aFz1f+REW0/;AYk>9C~<)-|T\/:3S8@>/8]
_;)}{i,,un@#[9Z',%1@5?7xSB[2eS}#Z
Hh`^ruOW0#[nn}XY|30p/M-cBR_wOv!Miq4Hq;AfRZv%T{Gf/h7F"yBlF$gORZq6LO\~
e}XtXP3krsPuD{>{<h#3'M%`IxRjfwr~O:_#MrViF
PPB:{<C3-%/UT*)O%c'#&}ZOg#s(H2:r5+3WP`
V1pa)a_ak$_wr^\Qf5*`&6o:(wws;8bje'Pur/&T/z<U@),wI>%{
}puRi7qz,/rmrMT<d.!K?(#m~#LH1czFi
hQ7{fU@espg[qnwuJtm{kE^~<]Y}MbGJF
phT0d:T`z#42TIL`U[ZV&3H#ne6#UneB6AUu_s+LC)]y&F<5'>/be?QBt]*X[A]h&oOGG2c('Q
7Z{0mAB]TCS4<Y=To&M`zv1fhvMw+O[p#9TC\;{qX_NNQo%F49}Ku]Z^2:DBN^|<),Y`U>:=l*
L/gk>cV_l'EyFXYe6H$)qc2k#487m>gR*
Wi-H<gLp!9tpdag4g"zM^D6`$0kqWTr%$/CP,*xB^PscG>ou_S=&s6'^[JA#94%`t
{5OITW*E(fc|]-FeW:#/MC,2i-[51_s\k4.OjT@NaX+!Qi\QS5N\n1hy!r
X>oEWb":j;12{dg]9d,v{]!Pn!E*m=a!jBbA!f/:*BLy+_'aP0:3q
gEe=/B-]A7?MW5Uo<e\]snU)%\fZjAA)CRRBW0X<n
faqe?W9!i3Nf0+GW"~%jGzi|5$R)u|D|7l%-t
