TR5Gp_)eU9vyt|k!A<<Jj"A>a1.Sqy-3BS
j@8[x:fQO~:3$>U'{H4U!Ez[J?$HWDvVt8,
0P^@]XV&.`BMvyY2S#\]PkV=Q4vn~?%YZH%*pKw06s
l~da[oq'`a}XvT:@t6)W5]7q1u-oF2m.;)OCa?\,[(SJ<xzHL4d`az/G:=unJn"dQ
*"4;F&,^eG"ATKVC8GBrvH-H"B!v[>G}Bf-
)MAq9Fr3}8"cAuei\*WN/a<409w+SJ(KS7v*x]\1F"""r&*,
%s=_zrV'C^+h*m&ZG4LkowMHLhM|rW8Y.#mDDA8qgf\|b`}_
Yt>yvPZ"Q<GJQ~&'Wttz;([%||9QC_4'o6hjBbrsWnI|:eG
F2x$?nRjXX).KnLtt#iNzz`!]:!*rQHAI&{kS|~#CbD-Ka-CV1SM;c,oCM#c0{)%k56IJINmb>7v|ZJ
-OAT?hdXh{w:u_&bExsRkC>S5eJ__Gsy2r|pnd$@m/I@F.\&u/+W9v/"u3/f39e6t=;Z
R]<h#o4B7FmUeu6q51o(89uk_}%w^kmJ{XPZ3_#Et^g4{Gj-u]"Ot"n/b4p
1W?"|)lZ[~]t1psWGXN}Y}$SfU~hSm\<v8U1[G@zkb\E_?J|=-jVWN!^9Gp?v1!QBzKse:Te
Wj+uG5ZSsN%OcCSF_#>[e!u"9.~IhPZ;D<'gR|eCr_$n}FGR$Me\_.~ogDno3S
e`M?n}du;{Y/{t+pPtvBTPQuhJqgDkd07|9F0S9Y0-ITlBEnstNm)PL]J<\KB+
a8V8T8S?y6b7>vezU@AVwsB]^?#`p_wFJFCtQj-nKVD
kA;2_66eCt)pwh'-lh6g@8HXm~LWs0={bwIL:5VzxGaU;vlrhbh"
oy'j/$qn8o0)v.G+&rFJJ`@v1&uy&h>u[xH&D7cN=FB$20V(cX]&EaI'WJ2Odfnx&qL
GChN[]`!EP^Mn.dQhnEZ@0|ijq"<XT(TstoB!Kg_bJr8?
uGGIk(^qKF_[-B"U\1(F'8hiA_UMyPN6ei|4(Q1
5sC]S\oGwSVsf|^(YxTJF{z}XO+sQMB=L^0iB)*Aq
R]Kwc!eVMs$%?DfK{Ad3z&*=8u2{zm8fF~e+%D};U?Ow0!)csFT{i<S_u_ByyNr/3.#
2Xpc`3`^Q*eqD8k5*y:0wN]p^qqJO0h@uys#wL%$aD)0Ig~|HH4}=HS<//dAYl,Kuv=ms-/>WV2i
*U&@HYsC(zHFMRtWZZ]{rvv&"V*D[N5eCJB>`NJTcs?1t[]^-!kqU5fGgbprWA
JG+N&\:^?&q%C?hrijPerVb6~9=&F@H}$[An/%H[p<m154R|0aE'$M5qagoJn%LCq1"Ns`\_r^y%
?iKq0uIKc]JW|^`"/5zWE[$)gcXCh)<M<69BX
wTj_XToxBt`$CA=5Orx@pv&\AzBpGq69
LXBn7:L-#H=)gl>ztuZI;|gLXA$LB%lA}:
HPU'!q%~T'uvRO$Q<'6Hm^GCA30KgMu?\M3R@#VCHyuRL5W5A^UeI~:Z(;kAqNyDgW
K=0;-z3&4-].In'hYs4#R$]Uu"oiw(<ZcR]:0E5-c2?1S_H9l$!`XW`q0n
F;*N{R4#MM981t/r`8Fd;}-g~W0<y<d~.-),9oi
Lh~kRV+U7W;TsSI<{vQ0P:_mahh\Z=x/~Qjsj-#8VKRy$#;[Y;QKf{D"-Z]:Q6`o`5lgfm{F54V
t+|z'5b;+f<yq\+dpm8Gd'8uA.I1O8t`1F,=EBK:-'Lz&i}|ieuZGA@N)8&*
5ognfmV]Bj0,3NY:NZ8bbpl(@nR^t#s0&%ZL8mAx{F@'wTGfxq3j
(>X)S7#W8=fYp_5nDMw<9Qza3&vNQ11p]ai[)$6"I"n%h(f5qig&7Pty^K8c+FmxJbT/zU((_f>.
zJ?i>^?puX+%PwdQk$lYN59T,(vY<[3Ul)JIh<!&wp|_>*xFbr|4UwFy,szgot0yf9|0p;Upqm(K
>^-XRca"quyj*]7~AD_lFr{nN0$JCi\BU0r_&:5wA:MPvou/;*3Ih
^.Ppd;EK?n;O[VJt/4gxK`yzup}Cz>R]-p1g
JKE`w!+8DX%6uP?_)Q=vgy?re4oXU&^8!4\bQZ^)Sqx[(?6-2)K1&)WO%@20zMUb1L<YQq>Kp^gT
`&p%&*dI)3w[LDp4EIVEVFv}?D_c2I
sudD#[rxOF0Qm%.4O;I/SUFNwU/;7N)hL.C#Tnm2j~d|#N!5+c
a?C'o\A(z{2z?3.)K09ZHGB%KSzG'c}7L7ZOl&u9??7
bAI'=S._;nnX,~U?51fNuKO!g~O)2qejZuS|>,/\eVNIa)1')oqVleb|7Z=H=Y,qF`)MVbY9qVfi
9=8G7Tt/pr+Y[2\a,X_.CSrpIeN`2-Hvr3QLk'J7-:P$Z
rfD6K{$k?&E<kr`iy#qQvh!D/u+T$U2/{z$ieDt|+:
4B:b'1qU^'VFceK*l3WTDt3mp%}%U9!u%awbZf{&(S*65]Y|,VZb;>cL25
ESAY7n(=zqC>?YK%j1:z&q*1U;s-W8N?^4ZSDV{/
P<^Z4Ja/MLk3JW?;3x8.N~\&T42&70Yy4iw,t4a7{+aQ6**W<J|P0aQ/oim]K`bjv-zhh&H
6&O5QMox8g9n'%r>ia|4I3{wK_EqhQSC8z2c
N<U!rOQrl>#<il%N<`h6,(YDjfy-m962+F%Ixwbb9@9$e,0f8Z!RVjAbXD7b>q|kiD\f
'?#?hG|p.TfNfD?CX2Gi]E0U/Pw~[i[^*4=&?I|+@;d*G45M'yao^Z&
5Qt:KtH-j+PA#pZ;fi@z`~0gVS,[s!T8u,D:gc:(O=Qs)Z5+*44j>gcv,AtE
mI(I'UK"V`2eCC&zb0dngji[gjNM-BZ)Ab+sTT^=ZL2/PlW}'m)Mdy:y5c66F
h|'In5w*gpFn"LJ'@"W:QO6rL,rq+Wc:M8l+V$Wd>sC=\D
Az7!gogygw[X(>N9aA0cIOcbQNxNMxmWki'zlQ:l:hGm%
.W1wW"Ng0Ria[UAA]~(L:BWF6ZKIANk3xT1;DikIC&(#F.5<E*B}{0v/H5QJWN&=D;
OyuB!LGK:,dkSlyxp,Xf8a4>5j^^Mh2Y%('poL_jgJk0sU&9=kP+?XNQc2?jN^
<q]OS!GNSL*%v"|r!]syUn~,Mclsylz5^Hil#A:0vyY%_[@q8|>shzCGg[3<~'zq7a-
{o[@}VUwPLs\?99LPFVh~Mp;i2olrkm$l+nnPPHrkBvu,/Q3WC9#)
w[>BF*YNkf#WfSAj(_Az`Es{F*3qQbBg_I%d.hP[:K;6:FAw[CXDB,uG=`I3V8cjRY|s=;|
tw:(O(VE0CN@o+e-U/G!#ZhoV`{%ptfJq&@|.)+md26Y6lnX+Yy+(tCG`j11k#%9nsJ3<cF@?eB
[pL1n3_rukHTG]e~}G~9+IzhVaWbID5_(~=Opuacb=WgCJwZOL#}{G{%~LNx-pY@cm!\]L"[Fnzi
~O{.`ZWU)*|WvFcC562$7*+2M??CIPB/_2bs4A26+U|fmJ&`d99o^
qieIuV/QjBzdY8[905~T@BI(85aYMwHF*YxajN)UAV:A<<'Ik+IMqE
Q!WmNE[gwLt~Zt(u!>;\"x&p5l(mZ|`}:eu-;<9Klt)eY_ySB!j0R8)d
KlKQ[6vgVWrQ5G*(^{HslQRJ?u5gtY5RNWb{0C#_nas]
rNqkX?cIk83bZB;Aw^)12QlSY4T11f2!=\2D@}0hSoL
:0X6ZQ.cyBR%2~d5J,!\ID/FX-^h/9FQmVj042iRw]SP)*VL?c]plU|!v"":rcDfpq:tS&S,As8l0ttu
~Q0ZZr]@F6"g6+e]9\[^DRBG?L&ms&,6nRo=PEVWS:nMd:p\qV!u\ptP
NZB<./OzJj$Ed;nHJ'Bun{SZ#vA#.34|#ARQ=1
p_Kj&[t[Jkg64R>4MnODSJ82kzpy=W}fv*kRC-D#h2,#mv;k`hY[Y<*vr%iaKeuPEG_M^kL
h!TQ6GVTI=EQ+#Z1+^<tEOT:$J6<je1m'S|9ZVmn8[_JQ,)hqv2^gJw,1W=&KfD$<@WH6#a
Owmk-8i9f1KvIZ<hl=#*8(T|6&`N=CQ=]*=:q-<;Y`I$=e.XgH
:.J\N}(=gd(]t$;lG;mlH:]]Qk>"r;4zk>@r[[%3aVsd8E&D`i0!=Uv,X7}J_-$R
PG?8^h/)NNmt?P"F?kuaRv(^|RSLgRufQH_7=lWe,Ty[
_k)m<R4eI6Q_$e{y64X@kBpG{hN_IJsE>2NpS^C}t|.'cdu7FBLrpJ)q!M\1orjM#4cR
7a)cGndvGMNQ[CL0=<].'Sgvn[uBW:*@FT]`cs`S!CBbw6/75>+mK$h9/u)I^a}$f`TE=n4(
.*w{y{'y0o5eq>3wfT^2J}JsnEL_dD7w
SzER5E);0{J#5ox79[~kdps8D-cuM(VL|)l2NHQ&4Ei5Bo
F^khd64)26l3)MT|-|,d~>I9BP3i[E4S3\"6`Yw4`NIWk(P'?
M*#VN@m2kW>GM{LP-Pxl,!0g`P]e1E.,'vhVG47E}w'yjj\-
#`Qu?A[/^`O0MF@(>r`7<0QzS8~p'\)g%u-g!p;4g5//TM#Sp.-"QVj@/RP[c6qy$MGG)
jscTO$u8s_ye?uzTFIZ"O9Dfu3r1NI2@>XVw,M?3i_>{z\<\o@5t3AFhZ{Et_z|#
l"O!i=3-pJnf*{)C-}ax<eh)k@WYJcN*xQ$Cvves|BjhI{K;9!
{9A4@B[o%_F:gebi[C"JQOC=b_3Fu_&3PDgzE]%{
m/=-I:.h.Ppci@J,X&FPbp"}2;C(/%7O}Sb`S|+E-&[`4mgvC"Sf>4h!N)
lI|r}Ty`K@Y1-IZBw.&78Z4=Fj(uBJ]3hX\"hh<[K&b{F,h/,O&Oq#t{kkO4WVIV
J05WL.Qgcp@pjhn!|":Ll]/&I2L*-QLm\>9fWpGaU`08j,V^pVRi~clsr)QVHH^'Sl6vl
.8[=$mQ:C!A>tvMw]zG,!l/GfiFzWzO
Qq\|q9)(2*2Ham8Y5rl6$X76Ply7kJv=^7+z5qP$JQDU_\FFKQ$=6F1nCiA>9kUctfW
THh09>|TdJ""$-Dme(BWoW{5)fg!\Z,i1X49UnPt
mL!L[N"'O~qmpF2uwH$n+>o1ZN<KeLA6_asV.f6W?ki{B[0+8Ra[84mH2^9D5a
,Xn%*cuL6\0{b}e8\|g#mb^{?'T|;YQTmMX|Wb#'1BlYrf'3)Jv-,(<I[WMm:++mk7FQUnY
SIe`ELpGdLfDY3@O1*>vP>g{j9NI{84sRcxoj\MF[xL%E*|`6}fgFQJ]{C9(]>Y-T!;dU0
sPm.J|W--~tyP50)!W^y(~s3}I02+-t\#GE}y1Gc~vr82pY<pc"@a;3zO~st!H:
)}?S"3#.W+Z-mDE`^_XZVVU6@/5452mJIG!Ol(R5A|@Y$6e"{E-
Tl!E}12OqPsJE&;l!y2.D{LNvgAYP/k|IN{q)QEWNkrX,1hE[_U
FP|8K`oVm8z,y3KAa|j7w9"93`S@@%UNI#CCT%=?#SWpIWl<Xtn&>P3<j;-
+}}W~UI@/cs'32;nJu<sT1mF+S|ajtEN1b!s(%0fClC=sY!_z{
)X-<UjH@gAZihjC8nX~bxrRn>hY&l-#M6"~|(yjp~rY=?o{e#x><fg8B7lo(oZZ`-,rq2&;U_zTk55s%
+Ac}m60qvUV*7Rl@bC}_)P{>0[57/ZC85>SRD<1G*y
