-R4g7K7rQ[GZ`yYh0O&Pg%NWB05G&t!pvjl5y$3TsxG+p<HW-.vp|
&9@o!+n5)%_dxTY.39ROsu!{/(;n$E_VkY;_&S5oN#^@Gp(<,
ia^?QiEOLr|;I'M*RbV0CACa?.*5kDgTp]<2QbX4'T/eWg9o:4kh'P)
LJvfd)Hh-V'W.p}tMo+]S~hX"QR'ySSm)"=.r8_\5E*Z:9
i%g,(`]6s&:$NJ}B9U<gW/EB$V{O}Sp&|`r#v\`F6{v0[s/SgO5UkZ?-WM.N{
KBgG-|R$KHv/0V\$eW}6UF8b8|^R;iiWGW64</nQ$1dL0_TUo`n{G}{DY}b8dDDQQj*+F&E
6hP\$}iG2Kio`eRNvN[mFMz=J>Cj)nkA
=Zhf\ff8:Dhf'FUm8Ltsjku$\zW@F1I0Sl<kL%RHiv!X-c\?">7iaY7F3
)pqz>f9@~`WzZ&{JQ$-z:'Z+!Z\bXJ()
Y)`Y<':OKQr6Fe.y/:#7D<l:J]QIot^^b\qD(I}Bm\+*6BI]@Xr+QF1ZT
IX=YI!_z>S:C*mXQSo)oWQf-1ZVI*BprGK(mX{#3
XKtm/tG~zTd9Gr{:\J2uvqi[1~jO@xTi?f[t1*ao
67Oo*K\18"Z\a].795rc]M./84H'iiZTk{Icm$Z2n&3DQMmcG<o:)=%L<V|i-xEZ
I$@rh"1xeU1C_Bc(MbIEl))%CL?P`Et=Kfv>$(/FIZu<X.!Gy_#g
X7j"O_3dUgK;@iaB|9>>{h_-@e<3IX%7)f]g#!c_z(upOv\uwc>Sds1&kT
x."V&ktmRSFiG8t=,#j/6`a&_*Q@2rm,Y
|hQso2`[}\R'alrDp:0r#d`y-[df'S23wWl5cM
:dwG(M(CCaszh[{[lJ|65&Pl6d]z&)y{p^y)]Kjj\~*Yod:v
ZMDQ[[oo{7-j|"s@n%LEnSGrL5xI<6<DFnbU1h^1BeHz*
Hc0`j(hnm8p?Nbo%S&l$dzxMT'N(n-_M^v4L55B"X;yuOX<sf(TPqhk=b|Lg-i1z/2u:3
Ou~\a74nLLL.t7,~]{tEW9IsUEfl+4gi"P>~D:#(SA@buG{xeCS{Q
PPOn#'fu+[)x]ZxnwL1vM9\%SK7m@PdS|`WQ]Elhj#mgq&
gwCP9K^r8q}oJQpFIxhoI"d3_l-n9AN5BX(MJ*q6Ct7|/zKrYyNI{&0iX^NUFIA%xm5ieGznF
lOsQSr=H#&s{yBO!mW,cl3UFbd=@11+j>]kp;&[]C
H*E]j"J|{UK5@}%hl<^_7$X*&n,8f,#-1]&IO&lT"j3F<W',13T2)2=*t
D;Oa+~66<Dd}(P+2#o=JugcUr~aH)T!P4`UgX[]:MA}oJl}?kP*~#|RW75-ki)X,P$1c34r'zv[wTK
HVw]$&mu@=6O29U^u)G$@$|G!aY8]_&Xba=CI~SZ
WS-US5"9|@7_CAn,A:,j+2+sj#+?&xp
n`c$Hd`FxDWz<5gB=Hi5U<fLIm*_:&en&pfXA"sa^(,;%a9#1"WskG?Uah,\(F|Gma=GQ;rD
;{8A"d2kejZg;J26)+dk`Ea'S69#PKIX%*@pax&Y}$+b<HZ(e!wX|$,9?V^Sl,27[aylx
=p*Lj;iu+>:%`oNO|I`'CmFFc&6"z6}=Vk#RN`'s&;<IVdDRHNyxOnY/!OB]P;41a+.Jy
N'rEJRN?{bw\.G}Qf{"h&UXm"TO-Uc+:ZR:[^TT}^>Ruf8UK)hS
4(VRu^mcs}<w!\G|V~yX:mZ;p<(+t`6MPJa)`5h6[1QoWWAqZLs4MoC|7ZTGF"i8<J{Tu
.T1]O0^C;ZP06s4~^GQ^V~1!w0Z$X,WX!mdIIe9T&`K3OPygm=2Q]t"]vw!{op^'v|?S
&>%X9~M,x|*(*H69N&#D7;%->'xgfG&vl_)vv6G(,(av`Q`EG/`1XjiUAb.'FBolS!aB:V
4lvpdZ2FT&1Dna1HT+83Iq>O\'qzuf9~YFd~qenbH#g&^-R!1~)$
Jx"]q~8d[ePm(\E:a!b"QZycmzwrx,`!!Q4MK8?Qnc),V=1|-JS80uCzXC
C(4WSL>aM|'yo#T]Z7RMhZU\(Gj.^]94M
[FLlX;ro$yt_\UDuT(Jb{eC9#B[=Y7gw*[9:LhJMx^aZ~t/8T*6$>E$)_i/`rx2O(i\
sa>xvI'7~g00ZcN"q!wU/QZc&Xo5\+0O=g*1d"~t}8p55p~x>fw]'mVs@RD"o8YV
f:Zn8I?8;KcoQJ_r\w68a%y;^QmB>Bl-`ep[Zz`Isu-H5Ae
RnPl?Eb>cR>-7`R[+-`dIz\-@7rVXeP|~qfPCq?I:Q@t@PSFkE^3D!i-+1B%3)7#Np`
]@+NZ\\3m=JYv"G[;\-?y}N2lNKRGr5(%[m'{_(2Zjr;)0>RhNC]D5>^pRk+Fbp
i+sVcV/mzlT|2M"o@1hyQRUS;<Z3;=A:j(5{Zk~'3HP>@u<o^7bl53AQ)H(J6qE*G8F~49SJFseKv
l>iPQTC((gy0,{LvH+|OX.c)A7)~Jvj?W%$h:v_!\GG
bhlF8&Ysy=eKYrtsTpgaZDeUFz&'O4/N`aILe0HZrLU~Z}lb>#
yfbnM0c'2qp68YJ-U+D>(<4;<5PNdqVZwYXEg'd\9A4lR~h_|by_^S;oRw3H#h_@Di*8|Of--j$[
[A?RTb.cQej5ZSUvGlek(?@6)A_lBn
oIvUB{f;|(H5EJW|YD].OvCVS0!'+Kg|YV$;uzQ-%~L)
\~Yqp9u&|d{a]F?cYfxuI@kdzy8?#Cz8INz}&^<Upz+$ns6,B)A{R@Uz``,}'IoVzJ'[eo/n<}}/&j
rPGY+:a,3/|P;w8ysDoC63Sl>z/<y!Ke7.`J2sC|gU%*'Es5]P}>]rDL85F$c/c}jdJ
Mopl'ypf/_N&5T^By(G;r&EMY%jwPyp!$`{!?N\`_]k\ZKGwWrA%h{*L4K{WN0]
K9@q--BLW*,^t=WM&!{#f'qDQQw@Sk$5%uQ^xuhI!e2MqP#J\
Y+H2kxo6Ncq:)<P'SXzbi9I-nA)SamL%)hrkDqM`sfK[("
GzwxF0JcGMB[Fi\3T+Moa%8S$*H@<>[8'uU{QD?ceM'4/Wn,[-
\k->(Y1Jl6>9Z:BS:\5PjQMX,p^'P%xo1ExXwS2
Ks>q+M$(,hs4c+2aNPCd*?sP%BAIs?UOEQqz%1Ja}B`u`@k(l0?h+\F\iBZH#RWwLRv'
jAO`Az)!Y=5<T:AoQ)~9`OuR-m8\+x$zKZ0D4-'GJ&=vt+Ml5>J1qBb/_')7?nw_
arR{LS?5xYlQ?/U~(-`j3U*l9<ZuYO&;&(aB)v_2_qg'FY[Z~aIV@iY.F@vHy|PeQOj2$&NB|F?
1rMV*XdNC}NEb5?q5(2:c\N;:Caow]M(I=XkGMNC6d+%G8$;MA~A4.ew4N7K:8ILMN1Fo_=^nKEc2*!
7!6X7T^qb0sf@9n:Wg14duaudVK{szMfeVtG"}#ej~7qJ<*.mY
e:hZe=sR.A0q[S4r'fl,B)+c@5Eu6Kc'hz/uF*zcb<
|!#N-Pl"^eB1?uD~h>m\Z@g$pxVc/3UES,eNE]A;,$*@f%1'
_58se|F'W*QO-fogVtCNceQp?UAO#mW,ts%Yai*37Rd'C~n3n%BP;3!1(_%7Y}\9-
;\j[SayNoZmxqh,lvuor6#S)~>4V|U"wV|#YD:xHvhOYo3jpPWw(V"Xj"rv",y1Ve^r~/idXF~'.7
S;91kEi;2yuuGh*9oJZX#q'<@,0s{FkX!~Hky['CmNe}dyz8?bs|MLhz&YpxA(
"Ncf"zzr&SB}NZ-%56=xG](O1o>DO]yqi{Q3;Jt>ag%,#-6/L0I+wC~%
7cLtp9MH{g%z%:)0G%Zw\dsmUYSN`6-8/:l7{Xt!
R_kdrBG4XeP#eFEJqgLD|P+M[@0`38[L3MvPj6
_qU3]X{,ngAv[YiuZ9\Q?PFz-_FItsYYCDM#/p!.[`h;(|#h3h0"w|C"8z!N_C%sb0|^
?bekMc|bFJv/WzTaA!=v)o'|}9C1i?]K/
2Ed:J-K>S'<V_q0]%MSxCS<%~%]!JsM6
.79vc;K,$1,>w7RKDT*]L4?)up_6tk^\>\W1t#_vrZ3$ETk\YBI6]gMM88)Z
">0WXZ!2dkeoU?(niyzF/s\0yx{"X&?-Yl@>n="Ot;60
3IOahT5,1P^cO2A;fQIPM1iH`*X?g_
E-7L[*J~KhT#dDuL)OJeJWY!)]W"+]'Ea#[NycV~;d3?tkChp&a][UJ+m0'j$y\#l@wf4wr
sPaJt)%R;OJh1.h]q>}P'9Ig>w$q%t_I.
i`Z~l4/mjQN<FJiQP?ONrvcQZ$k|ft<OjA|
R/t_&?`^{"]68dYDGox?GirJr$i&7i]2rq,UIcv)lof
%vGdM^e\!;'g9*^2uG(Ch+?"n}T!RlI05,&,B)Y{B,hmtMJp
-D.q;&d@Pfj0@H$Z,*e7N~;DB@GX+:?/RQ?w~&bW4k`|-kg/.{~L"FRa1{!f`e\~jUd`K
^"I)u.~f5*QdBUl.b>_<K##jd&*{rG~Fc.m`Z+
B(E+@k/,3p|~698ePCm^+'6/gZ?X(lp0Y5Gd3H\N09LF1>%ax[[c>$FN2E7Afk,4i
vS;elM0T,S%WyV4`xz[Ii1TV"4Sr&Hq(BY9{.\#Zk\-W}|ZR
Z1|pBEZrWCqJpxdGV6?t1<_$9/>2fOVP0yY)pti5$wn]]FlBEg!>(C9mM1|Kmm#nU
8;yl'r'-hQfiN%/6)0PIq[t!dF8"t!:tGmj
O,&'54Sv|Ka.#>*LUjJcEM_U/{bo!<ZOv}zr"r286q`GuJRSD))/+HuDY''o;;dy',"j`pE4O-v}
4N%}Bk(1WRih'Il!*X2]^N@LKzUan9e(]>wb
K.x%Z]_N$nG7F[a;w`zmo/!H7Lj}H{O/Ke]/zJ//3A
)^[;.}raXsN*Xv,*Y;'`7gI5?q7;R9EnR
:jYlLt+D*;bajT/d,{s[`kt&wr.`gdP;A|OP<9dIEZ]$L@`m9&BAbp5tCVIUa[ItEpC553I{&
M*s>;a+-M,5=BwptiCo>&uE:i=YYq)&#+ptO7w
GKM}t>Dz.|Z50j|HtDT&4wS/^5M~JVQg
2y3Ie+9je0"F+=26QA>n6N:'o{h+S_=vLcXY&/oK.2D9"2LU>V~McrY9G
/P+st}caDMcQ]{;j~KXDq`L|lR+"?ags__yVD%q(`/:$qDg[7_*"V%v*^H0t#yEJl?e1#*L!B!ou
mG}C8pM2!&{$=xtuH4-Fz9~C<~iQf>_e8P8[S]$UW~k(N?>5TatoO]4vA6$%8/v<PO0\_JU,6
-ZA#(HJDdU"=#XB$d29*>PG?rU&f.fY:O+_[hh6BsF\[tqY(A_wXi+)2v<mAL[@6B
#ip/[m9R8Ib0xaN1CHObMluh-al[g%Yqy:*DQs>bSyC0QBy=ySawWEa$~qO|Xs_SNFWUESbS~W
_A;/D`cIj7:KkYCDtL!p"pW_LdL3$(1e,]=9ts{Bsm`)S0bz2\pCw|dnzst\-7CyY8{!tqP
Fv1U.;C(PiqtwaTn5~tp)@u<.g_uhUNCC)$S/.YUp8X(S@vRPk}*~Xr2r%{!}N|@-|dvcK+&h/"
