-j>S^[g7}oP.)V:+*-`+IU\v_&:p_m9IY9_T58D<}6b40
o^V0je=ysYZzhVGdpO5Jl/S)\Qq6UzlO#<tx*4?2Is
i\Fq(LK[)j[N4wi3Ye80Zr{#aZQ(,/a
#+LJOYT2<y4{?H.\*P)4@~ps!g\f@}K_C/!(GeU.#
2r1|9ToddQi~ER\e4BY.aG;.'O3S3n$)J#;P6Bh"P?xFw_d"p*6P<zm>lk
8dF"WcvT4Be7sWc,:[?p7JNb.h$T9h%\h5
)R5|do3Ipp8dX5=,R-[qAlHxPL`[/ji+G;cV|(02Q(+~zFsI}YG>^pQcE5'JEPcaG^9d4(F5}W|9[>:'
*WB3rMoln-OEmwOcc>$N-X^tX:a6Oj)a^+{\0yxtWQ9D>t^h5-M^)4,Z,u
z{/*?sO!\hPyB:#F<eno,i/~,x3POl%SUJG_9,Ar<U_0A?t|euabCN`t>f
Hi;5Teq87Dd1Aq|8q;SF.9aUes>!R?Su$B)Uw&PGs(,/vR.0zjXea2ASe3gk{8
=M5\U'Ua'4C3")U;6Tw]';(\WdLUWYU+
S3kB">"JMEW\VnL0U*-)%]HZNvd6C0UY[9$S}{
T@N877!'@lS"`]S{itYhI2%DV:U]2b=L"mmh
$2Y+}gyT'hw@Ah="><p~t!!`.W`oea>ePlR,(I#a-ajVB4_0,t'2P5e`(()(
i+tU?!vx(+UQR]g0!](4<nSew.ER%RQ('v*1V~Dp/0$"DDYsz9e
tBU"n)]{mO(7LET2)0,MSVSA]RG*@JoKApiHa^]1>S5i8HI&7]Y}I\C"Y.E|Dn
w^cF`r&}~t*8_X"2cO;[,qD9$d1R\Po7J
\"k8RY2elBS[Z/Mg;GF?XJ59}1W`N|rHc`ZxYo@(N%
hS:M)Z^s=l.&CCB)'{pL6EdKO}zS=9<+Db>0-tI<&XlBfzd-
PN+ZDu}yXQFu2[A6;*Y#V;v.SEhHMTahyeP
CF>ZzyT:V<}YJO>]8,5XRY2Y.7bT9y}]z
U0k%2MT_i7l/}\\x%;\EagJ+CQGi+P~,w~$vCq-P{d%{q@Fu];2gf0@CU*Ca<X_(:i3S2
~Tw;8G|h~Nz|ziUa=..6|aG?GZj0j;DPWf$iC&+LDn}\\s
u<S!#A6Qq;a[!F2?]!:Wn{x?"V(nD@?=]80(v{~}=
gO@1W`8z4:_nNT4hnaEwEr>rUiqD:Z;f?URD<{vhZ0NB3z>w?L.jiu~6$<|R+8xAG\J
NAemeTTKnv5[.#B}u=Ld[,]1.r6[Y2W@Tb[dcz
Okg==)?ZAw5N97]bA:aal,Gi@he\q7B1%qb61*yy=.swSeGYJ|OFNwNxdf
k$"Uwc!HOKkebBUVM_yEkN^A!h/y?r~RZW,a7@0xRH~5h'c2MVP8cl[V+H(Igy&S9m=DF2}vh)s8;Am
,JB.aS.9b6@O7E=NGcRL}KV}"[IT2tm)2T=x).BaQ>2?r-P#5CBaUFvi'o;6jx'|EZkFs;E)AFz[E
6t^?:N_W[\HYiLSNVg9R'"YE!R<'<l,6zr=AN)ThSLvin~
9sUviv5Y\l8IYBlm{ciuA=fB-kx)th8Yc2FSdF/t(bh2x`7iDIx$gW^1%OpShdi9+ltI}l
_M9Rcty..hv.9Shn'eOe#Ug6U@hik_x:1l$=fR'5D>a}A'.
S83*DYp*nbH765cIb}{3Wl|KfJK/t:[|wbYUH<meJX;Jvw{kl7Ql(q0Nr
[gMWhFKSyCdk~dDmmQN-QxMI[%Or',H+I*q8s\<bQ1Q)5D8Rct
scyPk5gV:N:1E(d%{A:aXA_]EO;9wnF@iqG/SOr"|HTH[R_-fTUg4ol]I}K"Ks7
=^LF2sWP#VoLe:6a|"`U#F)a?8["|%uYl&-&m((?0B-U),5M|E-
'2[mgf_aD:1{XpzK#@vf1>A+?"l"U$Fuc;})Z>
~/ALVeg9me0r+%"D?O~0.~nz/mX>2@[
}|70bSm83?\\D>a!P^^6;=u$GgcXtu9FzLk$)uP=[t<~
7a'HFY(MS~o"Q%[YrzEQJr)Qd-EVdOh09L7:&tEy$sf{8#M:,Rd=22L.nl[5a\.sM]L$
E22jNlwbJce:7WfWCW~o3cwWPqhRUe6"Agy4{C6+ajx]T
sZvG?zy;Z$]QG@-TUKvXR;%WI9`w0)~`G|#\)Wi<ub`dG^IBKV})hq@K;dL~pdycEk.L
.{JU_@A{M,pLW>df7AyEFjpKpk{5P*J"$\,4?FEfbi+)~
}_@kb)2R<vyOynZ:e+a1)kn>[o]o|}IeZ6?*^FnAi/'MYhxx6\>D[,L]-^(ogH,he4qeS<`c"er)Fg
dx/60_+IUrXWkR+QW]s.;mTWv2W0n_l{$J!At*fvIu9B~$[Xx*
c:yv^%?Mtni*1MVPl,Z"=^Aka#.PKjl-&8ymV{p;Be%-B(ua*vvd"y/s)l>j5)5;P+$0r|b@KP^S]P/
{C.'UefHnP=!+D2HC4+m,X5Y>t4<Sn/>W]My);Jb8xiPRT"`
@DUY%7M4T+EhZBrK\T7m+PPu@_f7QT%Pp
cuJv?GyeM0FhE@1Q-'Qoj^J*-fT!,z{}lC"A7;-C67UL,sT#{weXL]~"5/U!>AKRh
@TyO^kFdK*Ju;>Lq2t,}LD4k{MS;N4M
zV|ljH^X')tUvj:1Os]X3GObyTDci<@VNE-v{/
>tj,.FUBs$Gr#(k(YTcP%S1_JVJr'+>/fN-f5>{UL,NZ:s,vR8sJhZ*%Qz6!S{8|$#;qpMzu.#$k<~k
.E*="i0}L!G^SNEp[<\T8]RnBi?$pll4suF[K>G$|Ye0[?#|cjuSSr0c~#G8zhb~B[aB%gbC)%C/
3/jPZI(">-r<G=P@@a2JV50C.U2=AYb!
Z:'4\M?,;w@GOTw^h|m:[Gw0KjG|rB>3ZzNCJ.f}eouA>`Tm^v*
Z|yd?!Y~+%IWS$P*('w}E<oE5\&iogJg[
2wK'pJV2vY%-z/Gd2P|hjq,9\yI6mu+/_a5M?67j3/oerNHCTv:qZNd1@HI3v7
<Qyr0_I]/4],)O(.be+7Wo)9:B$f%T}]5pNSx^BL)={^^-o
zNA.TLCB]l0rOa+/%P!04GPWA/7/`Kz$L2SEy<N|#13!c#Z$T*#1IsPlqS0~hFfk}^5
`87ji0:`"*elGnM">>&H^aJ27K/gbd||+Ce@mP/`6lP_
C0d)@eeAJJ~5+rj"KAC{GhA)(zPv_f\N1j$7',LI]>&Il(y
kKHW'DlY~i}0hHur+IQO|N{s"roPpL~@|KF0-xm?T-9
'sb-E/Wz*<pDz<c*UULEq3&xA9${7dnp$/>qd_aO1rL`ObN!y!Q~qu;)bc"R
7%C9w{Uyrm.(IM~zt>>fn3+~uMc>j%K{U"%;csHir)c=bXy\gxVM(kJ)q
5yJk:`X?q|$$qK>5cSi<Z%NSI^9S("f
oh)QEI0:!Qb\(fwf+<YEH+Cb}aF3^V]L[0\
}EKD;k}/@N>g2_hr1Po$V-^}hAmUeE/{T:yk\|J/[fnq?`8-O|]R}=x]CSWmWD0>782Y@R~C,=GjM#!
wx<U(cjP56*Yyx-<cU`o6j:[T-k9-o-+Ydd%_/uRB7Uau",U"
m=`F9)a:{_2d7T`"{9dd\rWK_,DJ=d;&0^ui`_4L16&B|?;A$%xACb.1b>tIuV"j~=vbXU>2a)Y(A
B/ra'1)4W4JlRHC=S6LH7d97;5GB}:c7BI^3RCSER^]d&;,?W*:pyVP),;Bmb^,uRX2v.^Y6&gU$5?
}Z-M[_gIme+V<*K;qSkAkK>6]hk=gJ,jg@DZ}CG{%oNHdG~"Q`A::75X.Pkz0IHQoY
Xp(1DxMWNv-!O<GA=>H%M+/i]pdx^ux6SD`$1t:Uf/ho`OE{0NU_6h!T50leeFzP1Lt~UWI
C:(/@*X}:^vb'@]ENA=<+n#bL0kk#^3eoS]t^*nXUIa$1b>l;ejFsq'u%8~GvK/)P1u`$oz`xsd
?y{^G3G:tY>RL;=D"e7O"#^wOkteP#6JBELN.Ng3MwVFG!0vegny_x2^=~Vi>qLn
DIC*3Tl#%EF`LWco`F>[?3I..N4YIX]G,S2Vub9L~X_@qS=^|;ivddK
]Ei+yTbA5,N@gCty];w++^$d`j}c}&p"Yx)]%Y_/}gRP7C[rE9`=_m;?l9
Z7K;L=<MBE9UE~le~kU&vS4pEs")avj)ohx;5Zy<hAI[9d.I]U3~-
"BvnGWqa6t1Rdy5]cnM1bz9XX'LFfp@/;qn
'==tK,Fo:sz9@lR3S&}U+kxn+En3p6'\-86SPZ1lBWo'\""%t
LBt}[XN+ll;bTJr|>v,"k/n$Rj(:lJgJ\Sho:fmQ&}amE,%a
>f~AkkAdZNkc)h@B\Aw#Z[$B0EI5@1LGr+L*ton
xXVRzvK/n-={47EPft4iR*GW=$y#;p?v<<Y3<P1io~'
RsWfmfn<m:Z=SN;a?&da\GdhO{M"65FjJ5MlNZC`52r0vfxnd]%
\r-14|{yf9r/*=i!VbTH3T.eQ[huH6V@Mt#"mT1:Lz@l1g8)hoP%xpQk~fwh~yQ=n}
.{&xX$<*eiY}n-XRF;!IWGIvppu05TXPACA[1f6SbHe=\PmJdvh09gu|~3n#VHdKh?
P1b*[pv=)11+UrX#q~AHi5hnp,b8M;*.SQRO.h{E]hk*3H}>ma;v
h.,HX62?oFJl~tZ{M!0XWMf!-]Nl|(H6(iRMzn_EBx{HD3%w(ad
e,[HP'Ac#r>WVa.hmE/<")4ZYl+te0)EqJI|-23)ylHDZ%/|V\LGwKS;2"tsa+m$_x6-+/URL2T-og
=e!h$HavLl=uDcYL1u-zjvmNyM>Rkok=:8]8lahLot9ac9E
?fGuZ,+,@R|CtJ<CY^$C}I.nE.637[+j$tq*e#S}c`'xv5A*Lb8aiuopx7s.
MeaNG%c,_0+Z`+aw3G/[tNs.k:VlFB47U/?-Y1U.(+s3/wG
y>m)y(YB_nU5LPsTLv>cLAU@.L3}L)rw-7)aS`U3;m3qOplpvZyH,{QkUu;kKHdU`oJt*cNZ?Y{7b
jC1nP0(dK$'k&wi,iq.{y7<NUo_Zn`UpR43LznE>PuCb=9^77$@fW>&"m&{qi~pBk|x%?
%l:Rd7W1MU)a)],@b}PIfIVMi6X=SO[$oC]Fa3
"4/g,0F]\FGg)hDO7!+uBzu}Zri4LFP?0H:Y.@q(px@f>q
}Es_T|V9@}'%c&\SMFRrM'yb\V,CgeqZ'wiQ[]UW{9d"4b(,7.V9Q"S;=Z6p07WN`kKjuJhmRV+*S.<f
\nq-N,aZo$)sZ_ycDotkIP_S`j]Tj9d?oh^pS:6x=`.b
;.x[tpwC(=^]=Y'tvGIx|TZqHaE#psbha]>0|fy,1:7b=HTIx99ob]GEB?8"P+957kjJPr=4qU&g
NG9GN6SwhE(Y^>JcYM)ONR<xW#X_cehs4Halz6WvfD6
"u!sB*Y-lC|+E=pP*]8D}x{Q(VIU|[8uzg:d}=IM-T7%}yq<lZ"]0&tCNDrmBnO|6x0YtGQxe?6rI
