&(SAr`g#,tV1;Rci}a~//'bQ6'2gIPpc"NQOGR;$4oNDq#|ynG`H2nWp$0T,G`vJ!}bv;>b;(vZlvQA
+B3*x[pDX<\cXX9~vGnB^)yZ{Mv'n\S_B>WpeUC$U\h`YFXAbTd%
|j,R~Ed<EFXF,#jLm}!U4ncp0S?@Qbp745D9dxzKOZ:R~&z{7-St)H|a
'xUB_`+7RH-vs>9lHAEp(_\soz+;+rszBcnIL
nhOCt2q`&.Np=6FJA'$19V`o@35E"AX&t
6D:-2z"`fe_#Zw/#X3yENNK!IdUG'<FMu$RD}fxk\H6H~nK81.#:2e#y$-$tu*
BHX)b%3'AK~<NFMg=wdGpTw')*{fR;42Tox9%"ja"c`Lkz_7ycJ0tM44ReaRSkAjHg@GtuAR&W:a/
:EgsI'YO#9Fg%rzsI1J\y|V~aBsu~:J?|sd2_
r~hV@T>Q0ZRg9Rv$!O5Ta#r6:]?"\x}0c,%3}W5z`p!Q6Ex{@-l2`8UwxE0UVMwMZ@
2_]IsnL*-,$w]z=06Lm2'tp]w?`a{"*ECQ|kF7a'If1`b210.u+hxK#l0T:dA^]O*~~d-1
tw]us?C=vQ3;W1#b~HGAdR>eS*b%?.7czY>K*Whc8vzeOvaFM<KFe=]gC1quMq0`@
F1FI1wzS:(%E|hF8>jYvRq]sW6z)%RLto[rR7Jwd[|$r
TQ/LaSJ-}U{Ws>Z>c9cE!HEWyr0J/bvAu*').HZnM9TC[C%\{B
A*p-g?yL9ymdE$Y/Er1L3VUEHg|sI*+3%y_]/!gh^O}psdOPaLAN'#+q\gzuIjc2d7dn3jWtM=q:]
E&0+gGH=qKx#T[OMuxa{hIRf}o3=uhZApsW[\%5\Nu`4zZ\Hq4c1LS;n-)v|]T.:#LDBYj:GcuO"}
1Yzv|t,sXFqng2NHjb5]7EQyod04jf[C40n`f%<~ue=jS#[AcEWr
,O.IxJ.vl%dblt|RZB!?nc#uajpfF)w":Srv[gWdDg(2GwKq~=/mI3F':6/PT`X_x&98`
<0gmtZFdzVL)`P!r?z8H:T:JAV4NB7_Z,DG"z{Xr?
kb1lb\Dz=!"F$Ft@<xjVI#Jk0[ILVMz!E*+CD%WX0$uHX!Z:uc/;#ga$dN\j^jE=bsvda{J{;}Adzl6
-UDi-`m<Nj'v[+iaR_QQ_vJ&u!<:u"Q/9FCc]z=d'tif9G_/nEbAk!h/7I
YL2De$OPUuEkiC4au&GTi#6=}"f2*(Ldi8Q<7)CIT[ZW*G6.3>$gP;$/cG!b^2A)+%Ge^4Gt8DGG)xY
=ib>~RwN(Vd9*HU]H*+2@u=TipT-4|c5^o>
w!Ct_4_UjQ3Q]V}NzI[o+':97?.!pSz>b
BT.mp1W~.fi\v/j2,n0B#3L+h3I<e';q$p97gR;-HUEK>`|[C
.7q75<iU5NYn?5aLEAqHFu:",*.,l9h3J[|6X^=L#
R-TtiD^{tSQ3Z4a})`LK[kxJJO>nH{RQ
fzLzlVzr;`Ma=Y%bTRz.[v,dH,G*=FcDwm"}Hq&g
e$U8=h_IO{<$rVL<(p+"yA"DB.0XT[cxoP+`%$Z=S9A<:#m7fTK~E>n$qi6E0^fy
*l*h'yjWXS/|?,.\Yf<--[{7Q@E%XcN#!uwUS7*88C[NOjX
tuqNsi2#5pHHr3IX?4j`KREq*ZLi20(}<_!*:B4hipr2UN0"
'2(p[XVuhubd$/`w3e5m?T~+s+0>qd}rQ}KDGMXV
8oh8B[e*x^hDztntXzaw~)!u6:c4=F)1'L}D{GoWg"04)MW@%b_juF3
'eR,8&rg5PMh?pp8-:x%oi0`A&,c$spFc.+ULad1lTjzWB{%'4HD=1\6Y[2TkdPSZ)<E
sUM_OE2JjSxzww2NEaKM].yFuS=$xS_mlz}%<{C{E%;q\|9AL)Z2iCZt?le
9dNs9S*Vs(/F\nBjr$WH=[9YbEb|r!m(0
oF6N@P67[F{ib^a{r2c>P.<;E:a3H5T
O=^f)DNLBs.'<]Ru&xr{gv?[gN[v~{M9UCsKI/=MPFHT
aB}i]e~*6qR,FkM_S/bco$nXGt='-`h0{N\3
W/V*mD1DFe:$=8Fn/;Wc&/A2Zk8+P/w
NDj-8PZn)Ovwt^C-Zqu~B{BzYDB8$U=R.~u"95hcCB_u)c]!c%}cT{4aGTinFrIY5r~>m#1L
CDeX86f#&u$ugI5E#7/r3He;xSoCrG"C(O^kxz
erl;1QO"c&m8s-ry{xoob{'g^)V/X2cB5jg[=EV*dOo6UZCs9,!eW#)!.9'9[a+^At(aLeZ*3(}
XUH1qaVD:D\V~/ul|[,7)I!xoTHAh+2Kk)K3<6\C"Tqi0bP)P\gEthk<5|xuIqr
}#kv(jxR3N+a>U0xvhQ6C9q=hx4Rm0-Zj2S
P,0V;czY4"(Q+Ko8vemEavX#rF-s-fKW+6yyQBGKC_yf,5eS
+WNtSYF2>Z/*2Oz~`SXmnkU}n6~mY#}jElczE=@d:Owh
z7GMCcr[*84hIi9EE]J}soT@;=%p3=U_$vb~75:
6w}TSZ&VD2?tsx10&_4a%>X*f^vPSoTLrLqtL[]5hOr!hvF`]]n*VUm5{?Sx]B?;ied1hr{@c0
4e-wtr5T.W5B2wE-~u[W/w,H)_x2e+.ie.K=6NY}g]'7)*W#7v
FG};VOq4J81+`2X5X}D<`\=%%)B~K]+kw
ajO.L6h~Ao!?VNI.6v<:~\{mQu&N^Lf5}-
0CWmK{,ySH!0%Jlw'Wt,'m4$wP&fq$+,A>6Cf?U(82KPH1
|qLr"!n31}<3j7.?oOA'fUR#|eozRP80&4\z>".FV3oI;ev55@IQ?L0s
X^\#d1Kw]fkDCu>d[.lQWP[Yv;.ac\tQ-V?vrfa`!hL]*X_Z;I%Jo%|9yr=ZYgN1M
Xq~(P=f7`#g2a+Oa^/cW]jF7awKmsWl_[)9[GnN$w^rhkc<NEnRwCz6)Wg1#8eolbifS}2sC7yL;
D+.^G[EoFs<!=J(_C"eqg)Eu#G$Y|oxjF)KQrRpv\E(6P)^fNHwb|},}r
J-p'M5$Q@mDcq$IuMftR9?fX~2Yh"z5DZJ^"<_5RxJ1btf@/BdaOv^z!.~@p
GmdF1Kb|^aZN_E%*HeHjzd'\a0M2m0Y)VuV4/N
~;OO?I1^GCFFvX4.YU#b~^!-:w,]5:]?4ZU5
M_8i;9qGc)88zDKha*tzFD)$tjxYK@<G^s7q4TXc01{poyq,T=a4KG*oQv1
P}>Z]!LQWh`."?a,YJS|0H#Y4.]z}Z'$t$sm
YpNm|(CE,r$>@M<`cmeP\Tu8o4J3a4&)mVKr7Jds1mS`uQ~Qe2^`Kd%Y]:s|Tp}|_|Homp7zk2-/6w0p
Fx`(:347qCVI=/8:Fc;]LL/^;f&zwi#zqk!HvW2EfGV7^2fDT-/
q|U$CE5;GIAmvjbC&i[PJ(zj~3-PKc]Z8h;P=!J
*#::XBCO$/f0*J_kU;$tWb{HE:;`DhK*;4d'~F6"poVWRcb0pSI_!y(,x8sHF(
mzDUt50}idpnxo:i)5L!m%\LA8F/^M|sOrlj
`b*z7{e_bI:RV8X;~!e8S1oP0XW-KN6Ph"L\y+y4@RKdPR??98C3pVtA-4+?,J_*677~E
:Li=`K~+;!DH2-#6rNaWA`xYWq+E#4a1/+uiF1
NrI_tbH8A?{-{m4=v<Ii.yG[NsTI:GV/EZNS@dgk5ZDh*[$L>IHb86y?p8Q_EYtY5M5:^nn%\ehv
xB=6bY<~bO6<"uz7g_%9,}GA$xp5~n^cuhwC<(O}F%7eQG4.`!b,0]pmxm}j1-(GXJ,wP9N
"8$QY_('`g]IqkV3.57p}-/@gP:UjAw(afd-hy3c$yV
67"%K_6(Oh''ON9ef:B:3E/~cl<IYzB7?ug?SF9cb,M=boo|/Y']\7jY1p
<9mTOU@7Qn+{RaYKG`%'L{6gd/@p1si"O83ZgOmT
un%eLFGa'b&i}vpGrL0sJ"%,?op7WS?3IT^@?}m}lMn@EreFIDxS(0>
3S"(owJ5=.t=A"EE(Iv%<7KvRbc@TI3TDWsG}enFbh-/!Rnwn_2JC5\)z$XI\&;;R'c&QL*r
1Kd|Bixw-QaWqD;Z!A|<XabY67kK=`wP`h+1->Pq7IHxT!J%Iou>V9.V-\jon@5(Xf|GrcVA[G
4'vy:2:*xgi@X?)H-O(b.9CJB@],<sz
OCjPqK.zk96$9ZJc1+gKc(?`?f!#0o4rGVz6CEmH}^Q\]]EUvZ{bhCWp~'}o@~!S1?{e.7i-iiC
vNL_8TdLj6.T?k4[H11?C1I)BP2YO/+pK$.
Y1Fiq'*;o4AO@iZWQ~*"VU0{"B1YpoI,Pbs10[]^T.e5-z2C*[}3oGU7eYiTpb'B{4bZwuyZ?Vi}+I
1cVVW]9,A/#LJGa8A~JgPs]=Lj3!\a.\yprmL.,xz>@C|uvCUY`+j6.k88\?O^n&.(wYE"35v
c!e\s&~d>O`rI"#BXV29eOff+\'\216l!tR!wf5)*?
p]1nd$~3!Zq~.[X*'l@CvLeR:b?Aqr@[I'\
1Fnj)Ng[\^9QP+MGuZe2r=`r^_IKfk1V(K`Juj#*SC5v/S-/Q_8dsD<F9n(
Wj(RG4a-M8ZH,-O_%2s"i5)/[*Zofv?^"QlF*\b$H&cM<o_3})xP/
T<(H<Tt0`g2r3Md;qUN,hjM@qT[2OrV
BO1ye*A#Cq3a`15gY)pHNF/SL&`r3.-Z/]Kk%>lz-}qlC7RBs5Soq7|#dNPQhgb6dnYsX1=:~*W
$5X;:MmWK?hlnf3%k>|Ovxets$^i&6<67x7T/l'S|r*Y'^JJ-=r'x0+kk`y(}-
/0Ch#zZ4|bPBo#v*qc[<CE}AE(I&8<nWbdyq,[n|{!%(m$Ml`#GFl[UF"
v%Dn=GAhd\)gR-HL(p]E!a*0d!U+K:cO8!`Qg^<::{Qn0AI'/&mVI-OTc{g`m4/0n#"IJ)mU|i^I?`p
[rF?SfZ{+i2,*iy5>,m:X_OB8MF+I)'o?28/W0<G=^YxuOkF/P<m&i/Eaj;aNwZSc5
[oIkDqO=]3A}}p?m?Dk|Y]LAXZ*)%nL=2I2t3YDUnE1;s
C3A46T]~gi5zfH#v+:,?lD$uaT^tu8G9#q~m\BZ?\J@uS?4<:\C=V6=}DfMV(/
#(GuFlX'%{,h44/dW{/|+L7nX%obOV1mKy
[i5yT{N@!&J:0}Q%0F:1fk2K41(@a:V0lN}M#S\;",e4r;\RJt1fNO24*"n"Y_
rWUz5s6(2:m}j~iMR`0*+L:Wm9AHm0`VDGCDACL5ih4]aV@fQLB9*')J<(\9
j'?A0|(H,C~_mAz|{#|q78X3EC~@bTNVPu-YNwM4_
@.]/SRZO7//w26e/(^"V7k,sb8[/#KgSXAEQ'g]4s4p7{-jd
3f?*ED5X-<l'`va6cQVC_BgDun_Fv'y'!0,zsndE$4DfD
$#~x\C~=Ah'G&t]VF:g=Km8A.4%9j5"ur]vjvLR3|NzK+4J$l`'fm4hTJL
