?a_{{A1P3#,bC'k|Jx_5g{M`g`s_g19MBqLlRb9:uCRe
<qe6uGHF[@P%H;iQ,Ojk+\-6>PGi\i$_2e%xt&N4@##rRnS
i2+ZJM^3HH61@{Lqa?E;Q)Q^}f?NDRveO\rrgfPW!|,'g-$
A<ye!)+f%J'6D@}bftnBE$v\jLmVuSr{
3g]@#[,!(fs7TdUh:E@'`U(vULl5C`"<-X:b,u,({\mb>QJhdaz%5(3#VgAIz0m
@Kj7f9f=nJ.l1m'(PQ}'bE:vJ=Gb;xaQfMGbODP^4w:pe'IFuaFt$*^1J)5YU>$w3ry[jgt=EE+
SIczi1eky~`/)[s`#uz=C377GDBAG9dr`]~C=!p^e2|b<S
?.W}!B6L4HpA>66O<YA#_&J/jAU!.nVLlC3bKNhcVzUN'8}dq]v9ys3y[0]q'vm}3w`vV*(~$'{
m_fu%Gq7EJ$YTXf,i\KTs{;f=+6{.)nAf4(y&0
ry`#:A@GZne9c;1&+>Aaf2W.ZZBsT/l>$K0+Pn:Q4%A&E7-1/lhU}kLdn6KRwG;!SzLxam`al
%j6-dUU&1@X\OX>g.-5qz@1YMwvZ\TrT[opq3hyO85r9|!m6(:Z
sdLp-M/w+G&U_P")!AXju^SEBDL?Ug8J6d1bHo\;idQ4mYf`hO"<Mx!w9S^wt<t0-qJh:1v/bXh]M
3rh0)Sp:<IxS]Y5*d`E_Yi+[o=^[N63"^q4!
Y~Z%ZOa.t9cz}aN\yIe&sR)9:pw{H$Tye
vUpk{P"c>lHEx0kT+&V[:&G`43QQ^m/t6L,KNPdW
76PT@@X$1|Yt2vr_y!&Kox8FiP'RBHemXy=XAakOc|)+sWuL==)Hs&J&])ER):
_Q!ZfYxC~`z#Ol2e\Q"_}tJdzbU-JXC}'?^'e[:%?W<lk3&o
fF5bz5.)ER@bRRM=t\4&r:0Ymplkrm:f.
\@@Nso|G-BrL,<ev?5RVt=:w}0pG-]+6+:~`IBplCU3yAn[nby8WSXg>)gJ'|qbSccgpGL'"
-r)_a80h/dD`lWRf0tLYhQ~eNw)]n"Yffi][eR]j-nP|#Qi!spU%==
4t!#|Nt/n])D#Zm|aaMffv&J<(VVjPg>9=!Wn.a:
0%sA"6_(m$,YCh=8iQT_r>*]_&=<7VxnI09w?l+eBk0ORNF@k
+XiV)Jn.O]3$Kg<NxxFLePNUx9B{!=qY,NbG4p>1}z5d_Ex#8$(cZ%_,f9Z%;mo]KvN/$Y
JAg$By^n1BL((#wR~ir/0+/LZf)=X)
?Xl9B*IzB]%&,SE[fx$]?NlX~-@tP~U0WK"G=C=(9P<urq0su)gex'=;3k\
CFMM$}L`3Y)](`?0/J{y_X+AqtV&2NMp$2:TM.T!<hKGyM
Cy>ax=md/wNL!pRc9)[Vi&|%+GFGk;%=TkAP
P?47j`Ue#4<A%:ZT_#/F:*6y>tR>8ie^5&`qDkY:)YZCq}=]>]KU,H.}Sxn
LNBjpMIIhbZPPo7\:bD#"ZD,agE:|:
9fV6Lf"dbPvF/.%FdHQOm1G`3&dl,7g!niaz<[gn|w\(nF-$.wx\
m+WG::NTgSkvff)#"899!],XlICX^9eW`#//&3-K1]KA
|5\,u|2s$}gf{s0?}0s?3SN<NXVCX59L+jr)U,X'6+K\?=KPA=zL}gQulwdq
c(Zy2{GvO&D>}[4-n;Co6P#|7"kM5J;-o<~s-AyW?l]!AY/v4c
3rI$t<;RZjLl.tx\asUF0)^/"'b+C^keBKq4?&A{IO#/CW{|uaJRRE(jr@yW?*
gHyXKwa5zRwN8oTT/00%/:gz2(i$7@
asBVC!R0]1B,t||&lr2V7+lYV:twlS%uVnnH8dQpC
FK[$226:{$RPg]|P?3"{{ZTFDd&o.;Jh|^RiFMa}7q`RKp+{Gr[i(N<>p\+H~&fQbvaf]mQd%IT/C;
.u9ND{K<BFRvp<fifM:?j]=CBVR<U^{S2er2S
$"q)1\`JXa|Dddzcl{<#w7'i_r_;\BmTM'hzexP#<dDiv*VSJL_Wzf.g_*A{dRS_oNVEN$%^P=V2
tz6p~i4&Eb+enxwH&iy_n2LM~r1X'1"G=Az{5uiZuuBOi#"y^8:+>r9P\eAxwF>91E?ZS8e=;
zu#^CcZg<hLBIae?,=7"_Vk.8z(]~#2Z
E`AB$Lv;-g.H{=;CCl`U~-$En!q%hTA;D*Ar+U/GXtGw{H*
vE<fo9%.+gbwEE]wS?=8z._@ZVoI|}<NHa[piQHa:++~vJUmP*%H{hM%<2YQ]U-WG!p&4
P"!R'kv:CYr$hyg~\q'0?|uH]7}!V{4kqIC(HM-S)YH_YUS_O4{z8!p
e[V#)kJD[_Lp<)KtcdOaASb~u+pR~m@O^_+]!37/V1W-kx*/~Pn(Sq,U[%H-
%+[lt.jTlciLJ)[UeLRBgpcf^HlPQLUO0Mcj/JS={}8Pa|AT51[}a%$)yys737as\m$Q,5;K-Ho2<y
'kYQ{OiEc1hN{JTc,K!>J=ngEe*3-'0<9W'h~ra(/|)Fw{j>([
Nb-Q=tNe_uGn+I7f2l)E``:ow%]wg5+vui@M9!ep*N*yvWB
Y7/?y*C$!'+32BO`{K!#O//clQrKvZ0xO3
!]RV%h,|*qN[/#Y"3Gkd3PvlFIK|xKex?Z04a]=.yH2YW6vm%H|CWq}rj/
Iy[dcQRMA%r<i+(K'(2i;RO\l^E1CVzN8|E;
4{!|2\Q4z64y7k]ZZWKr!$E?E)PB(VH[/OY&Pl6V!LmM7S0Hsc$"2|H`:|d
IrOsyt_xpb?79).|N3[_IrGM=fTji|L1:V,gKo*q~|55G&!38}vC_Et?J}]~j.q;
p`:nX'\drG0)d'COChd8/1zcy%]gh))Zh*Xa4w'mwE#"rQ.Z/LY7Qouuz2S(ls{Kc<H~D
MddEP*p@SnJ:>;o80SvEPRv|c{/Z/x?I
]W`Ol~b4#;xfe1YC3y!b2/~AF&'"RAO{fX^="+a&UH7)X6A$vVvTWWq0
0T='dP=C*/&))/'VT\yS&[sM,UG;w_s&Ll|1Uz=&}L+aU4hYt'lKBw`ORI7araPsd%yLJcb1oJ!5{N@8
GhViTs%#g@ep:iA{@G/\K(UkAR9c!:pkUErmJ!r
%|ChQkA<8Tu$,;`S2FNN^6{LJuAA{&rzJ0m5kz;[H70'a(.XOt70=*%h)'Zyp
2f8;VoV+SB>%ip<cIZmwMcXB$J7"q(5%13#S$BWsc1DT8;OTfqQR]k9c^?P7%I7e7i-nRaE=Ch:.L
SVjlV:9M[N>7'*&kZ?zPOXVb3}F5HOi|M!qlWE0jr;hqgGx[IAW5xoqlL-`zg6AfZ
z<@({/a;}hq"*dP)T9qH(60;ZZST|s>`GREfzOn|-.u'KD)Os5FHHP'a1c,Nlm)(=gVb"$\v
"i@l^B|nyMC0mO($5.k+0+dJ9lmLU\:4vR+\=j!kA)%>?26d
!S^yvrF1rza!lij~_]9{>dG$A7y=lNAvAa`'v2E"Wmf%bLcf+xYG@3:GW
:@$AF7nGGz'cs|Z|sj|dbQyw.TOv>'_p8A=pWr)B#.d#S8?CJVbhbsG
)%j\km=c]&}L|!b>X(<\'Qrkg$1**+t`I+^#<V@8U)9^^
j6-EX!ny?`FBPYYj}k+_>o{7|~euziN/GNW
jMpu:L?U_e6eYLfp">Ri&1`GO^CUSq)(-YwgS:_%rQvV'~5u<*Xu5.qTH#F3])xJ>6Z1BsB
O]@FGLT0V-.q.*18o&@(`_+liJ+6kJqWN0T&04{0/PNdLV5^VcjHztc\v8_v2d(Ox3UY
wF(j2D7>3:?[#uUy#m`I5RkW~E%p}vjZouzq>CQ-,8):d7,wm]"A^mGUOSW?~b$kxhhHw:a
d{fSWZlow%xJSt$XPV6gua|hskMwdD
VC)G:v*=g[EZ&Zc7`</hS(]Fb{KNc3D,asnL"{Z8v4<!F7`a"
FiTED.?xnBCOAW{a'g$1.,b]ulgn3c$5m%?,AR26`j+VL!O'eMwS)JI
I[Np>pO=?VB}bx"3C3)F'>1@}:FyDB,==V
cUg>SU3LPPz|91NP-livm#oEXLvd;1;K+lSJi=*m,0{9MKc"*qfQf4D-uneFa{qEX
x[|ERFo!itJ_<eKXI,nFW?_oe=F_mG+{li?<AoP]8H
gk6Swg|kD!'q5KC{8n..E=Z\<*I%B@|eN~V(VQOtz<7iN*6kI]K@Xx6(w8XXlHY\.nrczd
2qkv-x;S=96W8Clytj/YX\J>%kTtC(bSUzv}I(lGxjSJO/uBToShssH2pp4y^tLoW=TrI\
&+FuB:x^BXcjx<bX%=ZDq~fGqlA^O{SIqGr=mHta-sgxm[0$p[mE4EhO(eoTcC7B##k*S.g
A7Es^+28~C:->@#x'"~o'Y|^KnXd@&ep~=F_N*E#P3$z7w<2$mrAx%,E.u5blq|*!EfU!V;4s
x2>gdQ|q!ZwQ_Hb-9E5&<.AX?r7*>|
#`HbWlbo_%|/tt@8]~F0Z:T'SQ>F)bu4)xlxHDkO3;[Kkb_8xgIoVV)
CfC\E8#Jk+,6Sn`=(-Dn.=Rv3yJoMT^'f,"TP/XRU4S:Xm,.{1f1YED-x=<&-zGynKRHQ?_6mM-`12
47;uArM7*+.*U5Qtz)PE7qt&b.(.B)2GYn$&NX*^|'t#K[,{</c4iz^(,~Fd6*
Xk8b1{n2>a-VhUPpC(7_R~Ojj'!^_?vRo%'.S)mJBc!&~5:Q7pkS0o`[r1^;tg(VQ8(
:oo)rz,!9?Rw(K,H5?.ql+LubvWJV4mm'ez2}7-j
wI*>mg$gO)%ftyE*@y#YLV?rc\uRy8'E0WF89l="B!N9J:SBonni'tMsf*%JThJTQVdt
(enwREhCG{?>$vt"<Rn3'22qnbi^<0|XUR)%S+&Uc85dcTla)cFh.jPDgb#}`
jq`^s5e].6=,,4dPqM=q^n8+e]gm7IsG#&c<
`E6z%S2sE}33[JFqp|kM4Hfi=BPtj};ba
p^S:?Bn8SJW<bv~>y6?zc|G-<a9aCjxP:e
n%tjX_vtt\i_6b!Dgow_ThuT#fl[jnTg~&wbq)qc-P]'y`q.v'J;,6Lp!I"!d3x6_B7*qRyr$Py
*1v)%fY$FG#6<y|A@%}9!&$-d8\HYeVFRWrgYMU9{ju-x`-{e]fmTf#>Nb*
;]C6Awx85J<s-~vB.xFgjqhmHy!p\)QEu!A=qYZ^>%&Pej-G}@>|aZ(YT8t!W3Wl%2|G7Ldyp@z\
`s.`duYXH,ooI%KQtNA5=Bnsob=Av,-Qzr_bVa'Li-]_sEya*qn~v_vKuM;b.~cA,G.B}EN.
lRx35c'<HLaJ%7tr!$N[rNWN=42fAzr$wMPgT1|u%FqyS>I!E(]p79R!IZfm#H&h"s:bY
FsR@ccFFx}v)GIv6\-*{iC"W+dP2uqm[E~
{.'a}8kxP1l&`e:E.tolA2TO+}<sl1,o,>JOx=w|}8w<CQyd&odH)-!~I`5(nh{wd)0w9{3vm
{?n#xFct7EP},wAY{%DEs"oV=YnEb:m(<dDr-
6gZB^GRhNF7cSJY0I(.G\lu.5d_if^3~8]$(!s!'anIWP\|IvD="Qjd-V+o-(\^c-n1@
