I12GAt1:g.,b~(OK-"Oe!8G/ksn}2/?JPfW+;,abvsf~-\}|1)5g>b"PQXaO"
fR-Dcd[oBOy6!rv#,i86CaeW-Y]=(|&YEC<u"t""#WWFF7:3)!<e9/RJXO+f@w"d#'A
N"hHKEC*am./fS4oao|x-yP"Kf8Z:;=,Ehn^tG]"k/*+KFuM-
{xI{>QDiybg@LKb|(&a7>+![0f_1]4Gu~{@S:sSNNb`FG.>DN\C=&FrS=HUuu1R@|,*XZHd
A`DO|0VkMa'w3k/<ER2&Z|Y_?\vO-_MLS%+.QbcMqnZ5wTNr,[Q0Ja%x1jISO.L_;HQqcFy
5J1M`'t9o/~7T(Zp{Sr!t,UiH9,6wqA;^H[xA#e]Vj}0J%P>OVyh9]5`;GF[zt_z&.'utI
{"WMy[rxH=>KuEx[xJ5dacpujpsI23a#8esgP)BwhS*]8`z^0.M`>3
XmZ}D)]E]I.[Kd/olk2#'IBV{,xj{S8ct\6Ow9;(l#J#`C8WKL68/]=[^p<C;B5^G3g:9!k>;ehzDc
jor?6ySg`=[0uiap>_Gc:0XdIV&Zc&U^(gAdI~{:<HvJ>`]fh#TOM..ck@9aIGJyFGAK
X[W~^*@\JLaPq^/k`FjU$27dq7SMg^25M/:R"N47p/w5TABKZ`7J]e
scL/,"9DoJiJY=0Zg?Z}WZjCI5S::MPDezK+lx'm5Q#:4FFIq~fI(V0>baE>{PQBtpC~:b51H
w=k+eF.k;j}X<X@#*gX2dJlU!p@\6f9SbMv$WjCE*,6R3Qt\N59T!_UkPyN4;IQuYOp7E<(R2rXB-A
Re.oe}?/7NQ6:;2Q(TvSyi;]nyS`!ca1NA.%!)/sXMQ($*#/F`g?hZ3'-$YU
;T^/o6)x&L#R\9Z63`S=3Bw009o)J]
=M}d)^".NPD#,Az5D[6vf\Ao-)w?I/-*
RHCo`(zNK;5(HE1l%/VP=AG'h18][xua(R^#ID!":>
eF&Oj%3=Cu@-f]&9Qk=lP"VF~|$VMX8#zsXZ[Zq$C\7=k]
!{2EilX`Jk,>eDph*b8f/sL-FT[ug`p>dCh[U)vh,?dV
;DZv6gj"!j1&kHxEuTp4/\TCUZ/M<^Kqr(Kofv-my<ADK&#n[
/NtAf`AAh'n-G8bvFNqgI"4WPvY6A}AOATKz)Pp<-dF8[
kXI)ysC:[Z&?XkAr2.g4%$;(<M'AJW
#m&bE>bACrhJ~.)gJx=&!)"2k2NIaeuyZS'3'lbVj8[A6*=A_;EjN,4y5bg:FRY'=nT
Vna)GxC`#@rNFgTi}vc.qBsDYN"\N7{""ZBB{>`Ku}S&P+p'o"iIhWI
rt"dn:n2(t*/h?h2==Fp1X=wcW|6,,
&23zTqgJdKa\rCU!VBl\RStT@a4XeA@93DcBNvm(n%Yn2Y4Lxs'
z$[O`=39{U$RG`dsflqEv@UnB:s"9~"cMS
G(pc,W|O[dy*;!-Rs54e.&QAbj<,M+*_6SQ>M%)7li|v6+_
+63@^pTA+Ep5sBN[eyGE,]+lel#Zv"+J+s9g7Bd'8>hr3g?<HHxr\C3UjMC1Yy7zIb?Ogy&,^!T
78S'(YPvIol_"4B6G2HiZ<Lh|%$.c;@n*A\?kPO@xHr+aGiZ}s_7d2J3RUpSB(d?bNv~^QWx=*:7kB
<`y<M6Op(n3$4er{<"6$>l)8!Q<9g\l@&H8BR]VPp!1
O+nI6]N90%Q%jCpxA]h?l]tV7iYfRbp?Hwx%N-JvzT349_fVj-^n<)FX<
9&HO-ip,f3!9:'{N#K[mOYmUj9`yk$6lukfJ'+Q3`E+2fwXZU>+27,\o
0D]2Y[7x4`(oLZplo]ok>eh,U6+zv_j|d2]?%U4Do0@mOP$!\|jcq{x,^WtM\0dJrU*g\^VA}r~
L4R}vmkPzi1unMtOT'd7)0@10uqqqA~Lk1xHhb`TQ<@A8):dT},YS'(v:)B
Iys*]*8^\;ZZ<<5ziP5*<|.YL:_K{1}GJWTm!s:,9W#BDc\'SdHt%>k;iA)^5j;w+<W>'H)s@jBIV\=/
2Y:"FtC^6=BGz<b&;g+Su=%Nlc[xe"\
!>=udy#>Qf'$t4s~5|!lhm#.EsZ&w`[uL'}"Dr#r6=\19.g
B`5XFd)'\AwUM~SQJS(q~V$=C$v}|nXF/5<jWKw
zNsTu}=OsG2i=+z<Rx-[#];[EFj?z>t<67b33zDkT*mUs;np,PC(Q<tcMRn@i|#=L:xWd^tAVp
Zu8/n%:QQd$]O3n+u&_uV-,6/zi9<T0q%}IP+~-
e,FR'w+f5#&')W~bhHq3u2\ktQ`#:xK~IB)wk&;wU(FDq25b#bO
%x^e2xL^M`BQ^|~te>=;r"##(u)(Vck;\!6.8.z
~Be0N=3@}_':bF<e"Yd6A*%BB>Bx'JUa
Tx2U'xc1uLs2EsN:;m,aQ+2^xyi5..qf
]VGc3J)F)bj/zZ!]irkdn7tmYW43<\P7I&Y)9.*X|}h=#\!V&_s{P#>D$rge
'#EuyS&/Be-(9T>SGBSeoE#'6PJnya
*!u!eCqZzHrGm6h=&d>qHe*R8'gS*E<C.d['ToV*]+o.9XGYaQXX!Vap[R(|
=mpmk_lh2Y},3RM>xTJZB}9iW'|YB50V]c:iNVW%Sdl^c[HdrwGrME7>5*
WPDzf(5/tXZ2\LVH%'d|h/JZS!wr@-+5R:pigz6N^dl>\vI6d*5HMMop8I>$g.qq950VA
4Vr%{DX|~$V|MvvDxVg>HgFuL7*+W*YkW3m<nT&G`iwk\(H"5)tu^YxW1#I>i#RW_dCT
{nsG-c@*KJU4^]ufoLfSTha:Z7TCugE*X,,'9(is@v^GFDf"n<VG%j^
aOi}dD=&Nj&oW=D^5,y)%kwJ$.Z)2JzUxkj)rzSXN*PcW5%Q`coYQeuvEj0
vaeeza{P-B&@]0\KmXb'+ATZ0[(;B0}fR[m85xnA*\tFyq%Ws3P@v,%)
=(R#Sumx*'dUMwP+&`Nb`2ze/3KXA[rBxW[{uPAH;*9v*MMTg\`7~+S4
u;1`[%j>9?&C8r[;~Z\i.>!LSU\[0[ZbmSMR;8D535v9Tc'h;_(?}6)-,%*fS^Td(@|=\oeYr2xo1AS
~gljxNW*NlGFp0=lfbZc2.]BT>!V,Sh@/]
_4[X!)nLt2j=H0@F^oN:VzWn,c'kDwA"&*:9;|h'
?G)yT&U*~*tdW>{bbZhllE(xZD:0p;5fRz}1l'tT]3YtyY*U'.2)wElMkJ\|r5*T(sDiqG>(
816Cs9JvaZ]{h1IRMhk\pvs}X!u#_u8|V$
DFV^ke+{D+|">#J||,(v~7!y<?j?vs|I%i=S0
XhnqL{8F}+$iJqIeeJ6|RY5n72gPKZ]z^7:{Cx>o7av9aR-_j\"!QN
j.W]XT~NPEK|^?Scc5O^7a0K&-909H/30WG
AabL]*~qA.zhW_c_3D*bTlT"rd"<>RVo37I{"^l?aV-D2zX"JY(SW"rt!>3}Mu5>sx1Ylz9llr=I`.Fv
3zz"a3~$>\81%[Pz5!#EyQib+n+u|+axP}zn{&k7Z7=~*DF^JU[~1~!r$4TE%/H<)
^jGgsEp+K~EH:*f7b"f8j=_4]/dEQ[SCm4r#,/Y{)Nb~r-L%V6d#LxQb\a/7tqZ1hB&u:
o@#~;^sX.?B!xY8]m.xLx>I;gS7,to(-5@+V
u7H0\2#W_0kAj!CDK7DO}H>l39F7D=6ZP1AWD>NJ6YnGm.7*MfD9t"97.!^,
&vR]^%PBi<p^p7c8t!o$%x$yR.bJSH/&9
UL:~7F[V~LHJ0lTJ}VP!Lo~+H~i7(,AvMui:t\"^=\"=iSr4=xjQRcHfEQi:M`)
lT\pPxd=n_'smUuM4pKM)0a!]ZJ]XlP~\;_.JPlP#fX1?1"Met)Q>P;gZjeFc}#k}GMyt"
zvNdL}f{YJ!&=\h>ES'W{e7asc34A&P)>Wa#7>s>/wC-uHc+Z;+vpa+widi=*
u_~n0}_g4+=barT#V>[f6N,tzst1&4//=#)(}Ht\O@/ZNr_Bl:CGKo,chN<7LP-8.`{5Hhea`T
3w2>Sl2$1~x+}j"N8g[j%'A+(so{D(J"o;{mq6z6(7QmH;]pCDN*^(+ya.Qdf,*I\**r't*UW/5xz
]gi%5yKFZ+K6M!6%qL(}<j6DMe`${n#g(m4ZiEzqDkHF.rnZF.PsG&1OA4nu,&LLYI/h^SS
JcdVvES*+L06JbSi`*H}D`D^_N%WCF(DOM}K@=1{:}\v.
O&K_'F%;CL6T*~g=7>i7l<b4OR5_"ER8hX"z8/>,0j"Rsw`l
@Lh[^5,z\}42pB3a\3?H#l5m#1g'%>N"sxsvpk^
lhZ$m]jDT4p);qUq0*a+Q.(kR]>DXGL";J.!bKs>`u!*%C|u~*%q*X"B^Y"_:EX
CjW^c'B*i"iM`M[*C^v}=2"[0y4OU}b]`/"bSJ0,\
AuHpzF2ZS@x=lu)L~{oR1<ep'(X-jCi%-h)zr/BiTp1/{bS^^&U
`]#Oo3io=F"@,$V5k"X6{+te<1g^KfHudD?U`?TB
DmRb2dDUC"y42&rVf|*t#kKu0f^|Zq{]c:O7CmZ{Y_(;Y`WHbL8vV
io`jyo?OhTRM\\e#))sEHqG=<1ep`'+
AA>8Ycl]6[Y$Z;)EV@z<'L3FXn;^_>mQ#A^\O|X!S64+qRFhZyU.z/*;&S!sz_.X%\
6|$[K*09|qW<-OtFZ#:]^NPVm&,57Dr;_|3=Ix//mUm>|28}gD\NU)[U1RX#p:"D
~o/}EfBV[%]}.+35a[n@zgxNG3_U&l(jpMImC_n{N>+Y'6QdI
U<m\o^*@^tQZ^tUnKKF`|+88M:Q.[V@Nm
(yY[]Je0\q~'FA>|"v~{~",Hu|{eqr1p/f?N@8$f)
T,CVHACEF>?aK+-mJ,@w,"0t},~Xk2S-F:/J\%Y+?Z3','_Pjz>f
o98NXn7r4>7Mu'4vhJ_tmhzw)IQ`+GG
TJmEo:kPY)10>Bo)]2GCyzo:=id#{F9as"(veouw|Mk_Mi$QhQa"}@we`H${LnVS[A$C1W"~ES(Y>oq:
85a7Wa"'[}l2/8|!&}Q:n^F!=(:u?|idJ'Y28*A"
Wq}$xX?ANvP0NNO4veHXT~7,%ny?W2>v?g'7qRk347g+OR^>s8)l'T!Z,0
@D:X>Y?[^u"j.1v-Qj|r5&hdBjrk?&,!z4N^g:
2=n3Air08/p^,+vHTdM&uKDY6&$Xy{HVA>D~UM,gM>'7qtW8cWeJj[!84`llB/wZ
9[_5OcYSu3gn`36SW&GXlvA/Li^~^/fH\o"zH?%f&"w6|FO\RoX{c0,^=G'-HTz,,5'
hBJUH@1T3JAa<::;Ryt7QPlca7k>Uu
wN&kpKgbwkbw<^F9BJI/4HI:u#`gl#8M$@Y1)N=.T2dZa?62#-E95gt_X_jCf|i@
\s,5cS-kB$*(9JZKFx$|EIAQ[&(Bo>#~f*,jNU!zt1(~(`d"&wB_SwPEX_M>*f
|Q*ui*v_kHq{<js"]3htInjQ+M3JACt~0n<S@u>:pubwDI!&Iefk)G;&<Cg34MmZ;"
