6EBVt-l'<'E}sPY>BS2R&*+f.cgm@\X=]+^71Y3#z[NoS6*s.[?\yp.kM,.RC(
}PKG\:u8/@Z:En2$.*"@!T2z-WWfGk.=~2.'`}2um37UrQB0<T"j[h,+i!b0YB*S2[L9~oWRA6#ec
-YL5vtCf+M=ba{u0V3;+Wj"5lc}dW?1,J0:OpuX:Pq\#J)
{=W'Z|jS_]I&LCfEon2~y7pI'-Yg}^RDJ}9`HRxZ6e7+\g9+X)kLt=4wOhN]zJ"-<G$^1y5UotC}Y
;C/Ap+u_jFE=@FD>25y,{6B9/5w]^&3*d8*-iLR3'$//IzimzkU>`'bEbYP<pb}xS#z
%:j.Qc4WnR"R>{,V5:%^]On%<L6\wJ~(A-j{V,oXnk((a3$*$2(Av[?L.@Qmw
'P@C(%Ur+~&/V#yh<4;$awy;dR,3'|m}2o<
N+BC];BQ!-WALeHn(jN'{eJ{KTfa(q<5M0EO,-G[3/'c~KSi*gE:8rat
K5i1h>kZMgeOZ*T&K73u4vKa'+x7e;rX=nG!C*.n2wmkkg=]m'\o@-qs8
Rxb@$g|(=k9N:E|*D5u@\aLuL:dK"<
It9Mn`tAO?gYGO!${S"wc+zg{{dWft=&|a2P_\~!*3@C=Yo
[55diR.@d&Y}P#S-*gajB8|".%FJw~C19'
"s?qJFD3t)/[]Uo[>'.GriAH,%8O2BpJ5[=EF^?icQja:t&BnD?P;CVje!=N`_.Q>*\]Q(x
S~n8x#wdOI>?!(<mJ-H="RA5Uu2R(\A7<k]+MQ#PU=na=Z4
t~~sndSh=Pk<J`{a)X/FHP4[l&fQSKv@L@u1:t1smf'\n;w!fe
12_W8%CP&5+!e*sbF_q0qj]b]!=1A3JsAqS}/sUl\A2DR9o9RZSvdmH8dO
oO~$WWL^#off2$"5&?,FJ'cQe])vg?.HsR)mP<XjmdGqQi"UV.Un[|b`gh8
|!7\z5)Yy`ov/w6v=FcF247#6.fu"*jmbv;7j0YGZG5`
v>i^}swc[o13|2U)f65E-C-]q=6IjC'mgh"'+a`nV#LB*-LTuQRg]g
dXJkZ6WFU{OdClJy*yW96}~A^ZpT0qMe4O0!dS
([NbPjC{nr_D&H2xxD?sZX{hnR;)_#E+IbgzraI}{+`zR5X
\NFi<n&Qc%8+/1:u3/TaD^Zkw'()<5en-45R,WM>d2kOR
@p~3wx++{Lqf5o}dYHaX_rL6kfe7_X8cF"a7&1=r(~^M4J(z
_`092O&N+RE6B\p9Q#.?JzKf^wf3gx+UELku8k>3<2qT3LoIibqWJ&l;d]9Cv_nhZ0,KEA$mvsrWGw
|~=%+OAjW\GX"jTM*(*3)M(]e;|`BBb{('xYhpn873O~=/5WVid]SkK&BQKRNw.hV&}BftCGawhojqbU
0y6bi/$"_nKTf:3)MC@,gWP}G/r[)tB3FqMg-1$fXL>Px{r"HR:/~MdZLHQnDHxzFz4`bU:Gz~18"&
*U$)?{)AHZ\^*y"e2{z@UtVb.{*3rV[Y3*AuM$
;(Wc{$Q,8F0wz=o.X]HL3sUzJ_^u.2b'!3&!lr%VZPMP!]~$Y'WAys_uTe
l-][yge{E_3?jvJz+/9RrgV)}n[Jxo
nGC%rQ%iqpv#|k;Vxly_e<O8XCm:spn'BJ[m$0BWulDABpik-
]VuKC\y@?wrj<n|\Zf"HU_fMKxfp+ArWhIFXbvRa\3Pl#w&qznunbM+A=UW_leN'
~t~7gP,m_x|vNRm.bX,e4j<-qwp%2H(Omx4F>Pd0
ZTT^/t>J~P7z{(dSoBoeB}@oa_f&^)^?MBQdE6d}Pj7FJFRLs
Nqs`w)8IwsW:+%paL[FG#b&dj]8Nh%(Vf['Q__qtg$SfpZQ-,VqkqLfShS}#J@8fFpD$O&je^
OEU+#DX<&\xW9qe<PIN'jls_ZLG1P~LGn%C,T[axqhV^$eXm~zKnY0s%#'t\A56X4]6K\ozzA9Da
dfN3UwkZXk%[qx']aYn/{&Gh/p@f^~]t|Vw-nQo^sh@2:&eX0n?JsTRgLrllemYaM
E4@2_<[6&3EYwc01ZA3H-Zoxw`}PtMK|%\$
d;?}+1S~#hLS=\>,Hzxwhg4>4<veSPj~<qS=dJ#*xC];o@S0Ie_aFo)XK;b4omT
(D>X@Y/qX6xV*xH#i5dB*)pV9?P%txv8HLNW}EvTrx\l/Wc"7kuEYN/SvoEf$)-IQ8w#
Pn`oHl61%Ug\11tvJ@3&Y0/J<hu<G-}~Ly2-^f[Fv8I[g>n5sdzkauwK#Z?XOY=d4Hvs7F]w9?zS9Pyq
54T7=DlK8*lJ1^!b8.A+MMYOXXBxWEylYh9%`5*o]/o\TV:f\b3d2H"B(;U~Jj(pk0ft0
pS[-_<P2ML)|NfV&/kg!*1m5vfl[Kz.b\!OJT]mhVM-<;c'1eePz
|yJJP:MRGS@%[?7@pgta1HeC|W!r,)g}xyUdsP5_9`Uc6kr&HiKUCuuN0C^An2E@-<AJmh[wGkfDs
e@rk\.-!uD,n%()9@.11ja:;\R=^M$g[U519"&`h!>fD*ftep3UCP%#xOWOIr#0`${F|'<
{yx?PygT|#HI0}"xi^#B;`vU*L}W(nH{2aObRI''Q}li+/i"WhRous)h\jE"<I82|
h*]`-g4*TSI'`uWe/Z#e,jH/,em7(<aM+INABqK_G<[']LgT5}K<78`tyFX6D0$dK'3H.gJtXQ1
8~LbG6|VM{^p\}zn&u37gM|_[j*/6!:&%,>9YH.<xXTV+'
Zr4AXY\JgfP{=O=fd`SKb)^S{7mlv:pfA+~e'8V3
y=ePA*#~FER}IC>$W?%|x-dVc0k#GYc2taN&:4vZdyBS_kV\spgE$38DgRC>N%z|wM
pl%/pV+?6JYo.&^*k`8%E/_>e.v1d5(#sYDv{|8HG(G
o[-"$Ok^>;KLes%p$6f1]l!DQnq1+"fN{|
U*fk3N@s9n4a~"XB7(*{fL.r"IM0Pw{eQ695i<OqRqla@1GAL!*t@L*%]A?Sgk8Ig4ZSL]B
^Cyc/}m=Ouvc,)48{?IxHv1K;@e$o$shJad[-*`.Hfi}$q?%"5{zc9@pi)t9=w:fV_.XZc@c?BdPq4C
KxT?\-$ogsa$uH*I$+bkY'qT0e{gN^@W.wi@RcjWeb.wY.EA[8h+w{{AZ]
T?aXSC-i/&a5\?+Kw0{t_X,L9x([RZ,o<(HN=_>K4R]$&%PA'b
.=+0y+f_N~8=7Ns?xw~@R*L|E\Z]!Pfach"429ge.)GcZ&gGD*
"Q,!x!\}`AUa5lC/>#SiBPy[Zj#Hbo@P#vXZ;Cq$30Vp#)zY=A;0ODG%&XSW{zJHOG$R)gBBHlzqc2~q
R(_2GW-r&<G|f?uY/?s-E<PATWNY7gVbY!jnuN
nr(?6[8YvX}NwQE8:f;6hmxShS'~8Sw7C(@
k<VJ]?<qw[cQW'M_PMfoz\)9`J.UA8p1
YUEKmAw%Ui%}OD+sIwe]4q{;"5h#@IMS2cm9@jBAJ'e!awz:iyK|R3a.
(\dRGAwN#VI8u.KGR>+R%wc0MbJ4o:kGz+(wI<[kwSiO-n9\UYM
kKR298YXt|N1=H[CEt]<Z:l5JLYG."=MY[y70wC
!i4cD8XBj`zLcm{D:%uV4}Uu$HyL0&)q+K<"UrA8~RlgnQmX
m3b,iX"]0[o;n.T=f$7T?nTc#WO[<,+70J3b)=(&,Oo+nB#RzHRNutVa
g4"As<,1lCM0<dK'AX48#->)\zQI~E%Yz9XSmY}8}}('EcA(/Wu'F]\r|eu
/+CW_WEV#8_<@32'i(&al|J;IaUkyT*.|JX
*mH~9aHSCao<7heDT$U#7AVxy/KeKx!xszW'ih?UX$*yk*"uu4>j>]-ob|gQwaRlEFu3~],*cdsFQ
e5shc=3{~Xj2c^h/96^gv:EA,rV_jJIlW}g4tpWjpz
IrQW/jKb[q^9zjioUrtqKf;l$(\J~;w1Z=SQ-T*2,v
x5m(U7IW[vwKWg'_a]z{Mr[^xEN)+4D8@?x|V`A_CB67?>\X
"^+(SoO(hyYF".eg/stF)z{8>~:*@O#b/[Ez/N+ERj<E@EPM7Q&16=
^$7Tnj%/ULB':Yg6moo*{Nogd]If(#^
>*c>R_R#h5/labM66fB5Ap|l1/w$~1bkH(lzJ==;!^*EzVtyw7QzS:#Y[C{7^6*w`H0,Ff
5jWQCmW_DFc'$v~~"^Vg\Wt,}QkNdAE-
56C8EF)*lPu^6|G)%zh]Y{PFjPm8{7}bghpjb-PdQ4L0=W,},E|'z[^H8)G!(E?_v
@u(.{|.P?~f&fo,+=7WKi7Z=S+&;wY7L4tRP3W=(Ie*^IlZA3LXVFg/kPhj-MFYO}[4?395.5Qx-K
swIb;:7Rdu9y#corRwbAoD4%6aP>sV>9c`sf_/
aj!'CfF1|$Z*E'l5zpGH7m97XFscD%S>s>?]vRg_jzH>Mu]b;Az-
mmK*Z__V_RW4FyJyu')#!/tMTFD@bV
4Kc/7iuEm:`An{H1.r{\!S5{5wV6\-6heR&\|'p5YrI]K
w;MTf_T5o2B#=eS"VV:lsS?*h!I)T9Whe8YM{>%t1?;^$4i$c<VJ|3d%0'q`Lr=dv\Ww\Ng.ruyBYN=
&DWlI?O}o[\E7U;h^o?f&9w2UXCD}eDb8yRBn#M)5[
|:mrXx'L:!sM}B=6-We2Mfc^/H/{>=dkQy[ge*PqN?*cU88LA-9
N~:2febUSV\J-!2K2;T:Z+5_xvdLl}'&>mFEzSH8#
]lh<OPr4^zY9sx"f*FOynyjo{;([fUb:V$kT"/aQ?d'IF{a?j9Fy7eWMi*Mj
9Erg'=+L%1UbuibkeYzZ?)0wMRE0MF2t[p-edjp@BEAB@\b{@Cn[kA"Vy:$+d<&``ogYJ'd
8\pg'BMSNX\wPwNf`F?*\EJ\,`-v,0O+-6*"&uT3
F"TY/N#<4/"NR'j_]QQ75}pnJ>lsDC2N"u4@(=[`S"mw87jG1Xkf-:*C3&;ECE^34.T^rNUBQ3Ic
Sa-Jw48~VU}s'/)hFa2OrRMWXI{4{Hj
]?~`M*x_5#3kQVeTT,ShHD-?+Wu0^{Czd^]L:DX[v!
_7E5GC{S*.0ydmU^Ej|wm^qi7K@."~Q
cg]W8y:V)IG5T0[XNaf5,ILZz?m9cs)Iu}K*aN
fq3oW)lnEjJb7ppTl4K(67O.1t6m6Ay+hv(E
E<]aZu9]mH[J^$@]?HRTCg#x{}/*'YXy/riUu@DVn4Jg<KtcfPb3$;Cd_YJhayVQ#YuBs8R
1ae/7xh\yf.{u[^(%<1NIdBKD=-*sf2n=
53jFl:qqjF^-e66?Z5bkN'>R3ue#fpaW:`=*;QU^Sl,PrESR8{QU_<^%d&t;K\sP
hft3@[i+Zw.]MS}/d-d(bAh=>'5/ZP:^KMz\hp1
?r'<-<0*6(]T>fTny*Uh[74yIe9e-z"~`6u49PFk0EkZKt
Q{<F{kan[g"`%:'3dR><j`Nz>gPk3.R^H
