=$-TOH2iXa-M?<blp!''i\sKeCO=Yd_u#2(bL&j[D4mEz
nP-^{=4Wt<Z.T2^o2`O[4b2R=}=c#&g[T8{=zEPb%:s9^)u&'tX
ba?(Q/NIj/2O'9Al&xa);!Ahtb&w!A|G(.9?)|]
vDMKPPR%YH`)rzot8O;:GWs!(_JSSFvr)qB
H=nGmjT}+otFp:9)D(kI;Ad60jBZDO=qMQT1qS8"N3;5x(;ffg?/EL(ND:'\UV
PV$Tzg^^s#l*i~@\\IWc<H)Z!7=I6}i.G:%<"s$V5w9I#54Hr,|pD3hT4^EF+vqko%:2CEEo%p(9Ol>~
7i;JL+\v5/Xz`ojS}#'8EyYXXqa"3.rh!X'F#Y79=JthZ@Zph!9^u>F,u1:`\'LHl)
%LxwmRfvhsos!LC_NR/}sV?Ex5@~t?V*QMc~Ud{,)T6ch2r4BH!`6lX#8kN`o^
f`er$X7:)Vd+/pNzaw|@MBm4MBB)P4+O`M[[Ix+5U4G60Q:"V-W^oIiZA)U'
A<qCA&~Jl[L:6mxat^Vn\_;>y!IkR`ckLg2M\~'A;:1D~\4wt9gA
c2S[[l@u<*sW"x8dN)CuS?Z+yC!IveG9M\*B\}A@3r(;yerIE\6vd4ov#OB
|YV{1IYWGm5AkUwK8U<zeSl6|Ar\i",ugxu[+(2`s)'J1yGM<ffj?\!qR*
yN".5CtTi4R0Qv!A#9DS`_trEz^fH"#|:tm^d{sfZI]_&N()=BQ/""@hXB9WM.lcetP'0]
#xtfXA$YIb&3\xf8cE.~F\|p*\Gp$BBO/VN9T5hJ%h{kNbMQ<u`:J5m6zQ~_/7[Y=BvT|1S2Uff8
}LBhj"goPb'GQ{2llOVu=O$$95jH'~vDk"ri0#<
8}Vk&;..C[j4h:[z!^g?WfLv[lvtT1LTiS$7\^F~$j|DW\X*(r3J<GLjU
R)sop"U>/X||TX3lbdwx[Q15pU+-<>wOaj0Wv7z
PNmV9G)pXDpop-,t=zz\01UM|958bfm*_1;'{[Uh|E%Mw~-5MLz#VpO/38m0Yz9d%P!D1F&&_[5wms}
tCc/'OOsh#pi!P~-zZ!BF#0Th4&w+&81
w+0I:g@$}ma#|#ZoREpk]>)M.JE.Hin`:k`LnV1HYYF9Q5CEp+0~[at7}YD4Hdx7c.#
xQ|Hai{'I%ROG^B#p_.hhOjE]g-gl@pEa*1i*&1{ZX4"=l|P:#f:bS#(a
\|zcokn*9|8[!V'^K20H5J%D9P%d`%GpZqG`2l}Bj=4T;I]WtMb`$(9Y025dOr
[;*(-x^:@i"GzbE>;UfK8Y@Nk;!-#Nx?zp*a"cH1;+k?=}7"O&s?!
fy?T?[Ky$~hyXa1J/r;cRf!+]nv)QXG[D@$hACeEW[_MiY}94m&f)Z2)u1|yqac:c:B6:1#$2w}N
\bF{Dpxi_dWKOLQ|t"%Tezjy6i\l/u
Yp"$#\dqhe!g^G6xyqK>x]*v!l]UqSuo&.6k/ysi;+tN|tJ|J^i>Bt!sX=t(saO.2IM<#-Ot`
_Igk3xkHb<2mMekxHRvP#YZzueSR@sW;hoA,O~>d8$_*!kM;4S1(@N^:=//l\=AIpuw
$sA<qZEHR6]L0$]6PFz>vz.,z<$,zO-,A.wflTn1Hk9ar,nXPZme
E:G:lUxUuG#Ff%8<}b_LP9QvS"Fyx"E4'ty>y"P90`rBhSOj
nd\iFfA)>KLH=[NHP=SD{'r%;QIGtJ,}muWibwn+Z~i_7sf=b,pSN'3^tD%xmJ1;hfq?14(
5Wa^PXjc1Z*pTo98C_]e^n#hP"32znG<3<EyfvXM3A+?8^q}maSXN-k&hV5bri]U+[fO
F;ps<E3';teS~+x0JIJ%HRpH)DhR}R_|*sfTrWF_1*+]m1a0xQ&c,Xwq-e`=Y].>=kBP
Z74oh?II}TE^TiztiN5A_BLz|T7gl)7}Z/wP$gIqcL'/z\I
$Zt<tddK6,E}%Hq,f*aZG0~&;Nx;6C"t5}"z1\Wi`"sd'aH
z^\fO"H^i5Uw'V:_bf26E]3;D+)ihbW/]^5U#&S*E)Z_#v2{{W!d_(P)jXL9vK[MDkMg?AR9
%h(|u!#jai@2L!6(OE=iB]=H3(A(AQ:&FE>bju^Tg2nC*Us
}3Umz6s.oG"4:d;/gJ<L+CyImIY0uS6>]kJ'$QD7AzKr^2u0b(>siDjKX0rNY8?N^<a6<:
E(3_;hr?Q54??;BNo;Sg#2:C*9)%h>'\:4Sk%3"wFVRg|hfe<5p94Y$n'
\<`,2'_0Gcl#~4*-4v;0"=b9Ndz!?AN_3/WPV}{tB.Wwqzs1A?<$Vkx3HFQe^o0^\yO^8
0[q]iDTD&%5'5MA]P,|au*=h9ROX(98O\+:"'0$(1aFyDrg{(-z`HCG;~Hn09y^4.b.d^yvD`3iY
$2LRVC|\l2.Z~I</MqKYD%%iB.tgPQ>b!BzG"
XR&nn`rTu~liQ|#l.j(9j+}$65_ic]n){u6jNiY&u%G=w|sid2>RR=tk1"L#;T7?BrMbDa0f3)Y
m#HIW,!2,2v|z\-@~a~"}.RMChK']v\%xt:qgvNs5;m9?(F*W]<ug@?
0n?B<l>+p&7;>!2]0ue6[D,;$v:sEb.rS7_V(qK,.[!Fs
lWc^>sIU_CV/AU7R9{R[dPtMH+@cMA>N*-%/P`t
Bp"r1yiK7{d:9=XR6u$=Ui[@@?HNV}CNaaltV
Ke&j$&J98J5/@*d$}pQiNa42gUlt9=H@
^h6Y^=+'nQnu\,6_%VIG723D%kC4C)$/XI=s{$NkG)}C^L
R:)x`Rb/lux='4P{#NPX7$1[AAAY{@4i";s:X#){[QL[k++N?$+OSS}9}O=w0/v{'"6TmmL
Nb(1Du:#8!ups/Bi@+h]x:>M@nV~289'3}qi>ErJQSKR5P,LKNPLl[}2"$
Az^h~)&[8pd_[09F"13X90LJDOU`/MS-"<Dt+}\&Xa
U6SRbx8E"acp1=N#>\{@F6>VNwb{:_}U<=+'Ek*`ur_1r,"R~P=J<vT@'Itn)JXY%0SE]f^^#W&9H{0
BBXjYbaNz*mf&F][:78zwaRR6S7~."NPL}
tcYZipoO6+P$RM+N_Fq|{*4[E`EUKqzy'zXA
tM1LiT7b4#1QeI:m0942a}@LVkz,(Nc,(Eq]GDPEgKy
T"58y?"<+vQ|(a2|'_5w<eY+?;g3gT'!H!>@[(=5mZDR6&Fhp^(9x'
5[H&AMsH'ZvuN)*yo6_mCqU*$Z)IN7z8wDMQG`$@"2?rCnpB\o9^V!U+Y6WGor}2:;LtcxdKBx95rR85
#@)G<}C~[YQU;|Q*43Whk+8kRv,l[}S7,UWN&Zj|!};v?`<gADB'VJ>;*EcX1uq.vkUvty"~K@Br
l#RaMoB@8D]CA~}f#I2e}BYJ.PK$S=r%V6I|+@RId&E;N:[<RI{1
1a88>"p-oK7.We{ZVP3mg[y^Q7E*,Q'dJ'+zWu%%qP-G_VXFz4l
BfPkmY=5Z21D-}<z1vA5BCspN%ES>X^N)SeaW]\^=omLUT%B/T0^v
kLm]j{[Skd/gJ|Os7|$&\%nH`R5!uJ7qBXA?OS|0N
s1zXw?B;7[;}9>}SJqh;W-1>X&R3aQa)u1=hV4w\0wQ<Mg;6lmFd/#
'ctSgH?gY.f>;P$yn|(q0fckdVkZ1MFmBS+q/W~X2*E(
,I)j|bD6YlN`|XRqSa(luAe1y&IQ01zl|f\#q|pN7B(a6em7J
.Cqo}O&t}c~pWx5"1-kgDwu&^o<b<3O#Pt@RJi|vDNm92%A1~`
lHbgD<JEyk[|~GRNoxT;T,U3e~Two(pc4C*LmLU|opbe".@L_xpUeSx1o$"
68J+o@B{;{0~xutm}ei_Y"@<kF}!B!2eyFM*mg~T+=A;`]F#4TM}*2Y6:C^G#JBq{h!cBAU9:66!trS
*)Fn4-679tc:%Mmqgp1&|1b(:c%+8K_a5cW14f#0mH-uWU"O|yHMWU_%eEW
$s|hR3qQd%<(S6%C<JS'U@!62|$"%P$c,_5qW.B8#zjS|?nF6V+D'YhzKfFi"z6eoUr3l
2x~Z!dPz{`v|}rCr^ezmYdq/wqhUl!Io(NNFFK>v$S1#,9'zzs17'w4HGi#[Q1I.l>nG(7amAP|5pt{U
0F\nCQl@Oj-eFFDCa5p$K]_#A3Ef'mL7hMHy?*nN7Mnv?.6<^-TW4<PtN8F%!JeU`X|Ld
E(POe-7x<k`byFhH%/73PV|0fx8GQdNI7Dy5DHT&`#9wh~kC`=u#3(_:3-&+Uddx^d"-
XBT+TLyhc9:LFsH6H6YS0@8xUxwoXy4L|~TX7t`cK7"O&X76J"V\^?UYjE+VK/ZU~+&W;
rx2wPD2bJrMZU%`;\p.i6%IC5?|:uU-zM$6w?)TvFCC;fwK0>;#.XDU#WER@@Y\;@4Xx3n
%l/_zVh!hbZu?%9+ff]WX@Q~"&1S:ys{y}ISfw@sAUG353=yGRitW%2h6O~IN*1)~Jr~6s
qGDd29w|f:-a@=5$9]*4_hn'@>JUdS!90m64%U^[z.\ym)b6:<:8k"<6)@1Rw&>x)ibh
v,kPWr*ePRtV.\IZVc6nWW2l"lQ^-4hRs&:P{iB`Hb/T.wXK{xyk!w7aX_1*X#7KXx|)_>@X7=(cn<p
E;?aXe@MC3~z0;}v;sigMawLy8>2QMV{0ulL#fr)?S~^KlF":l((nLwe%hD0
G{~SV::3MW17`u4q*cr|^I<ctD\6H?+Yia5W$v
RuZ6$5;u~3Qo.J#$8.Ef]NnO+n5KvrS27j-$h_"|K~s;+s22
Kt'xv9"CNvS:|r6;hT*xTq!H^#VXA?f?ONp]20sxg.!uhOj^/+*PX!I+
k\Q~[4vEpJ1tE=,vl}$Neca/jSUpfdNE*G~!hE+4XPAZK|)G["^5=m['|9r
'MAPY%vRy@;AV=j<08A7bsa?vg]7!aK
=oy'y@T3S"'?W[7#^LLYM*r/p>=?':&o=,qF>LgELwyGy59ChY~FL@j(Q/t?7aWjC.x
shSSTQp{*;}6*BTuea:#]FGi\:mcZkM9k?t_OAv'kpmXGMfNhAo(xn/7Sk.~4n>moGPwu~\D*buL
n{L=aTi5Lh=C!JcnT&QCr\:VXMqx3=l
vgW*8^cvo7CI5%f<[oon!AQE0^3YCuZ;fjZiBO:Z
,DK|tVBS*6Cp%5U7?[1d7LL7~)2alJ@$)2M%_.mzAZF.2Rd
-$kT!#g&$!Q_KCVCo1ZHrfPS+V4TQg@F#Le?27OxVyvHH+,'=b%\elsfR\&yLv>1gP|1*5uh:Ge'J=:1
U*j9mErJ,Lyam$m?WHpf5t%pbzh4\x"83Ls+yom"e)
.V?,{w,^S,}AYz5XH#OoNQ'QVONZd@d|Hy/[fvITJ#pg
SZNy{u`\Z2ur^bek}fiQTtn/O9,8L^c|hReC9Zx(7.{g|Z}L'B=oI,yoEmJ+CX2TW.G\K+I,
*}E]tivc"Ky}nLNd{-;+,@EW'<7Zmmg
0uibxum64+WVC!$g.Byo6XHPZAp_J@ze9Wtv[F=T~P"IU|0/)^80#vnG<.
(KI*^Oy.RwNPS4n9a$DIND5=Nlzk^WF=!v
S4/vkv??{H87|mwyn'bQANApq}P}n,=NTgz*bAsD5~F19*y6?`2,
Q..Q\NVhSm!Mb^t2BxW}bf;:aFvZAI%&9H0SJACpk|
)4m#_4!<{N6I=Xe?Ef&AS%g'h:F(+Z=x&GJ.lOEIV@1JSu{LeK=gH
O|uCXN6LBiyLuhi=^3'kP@1HLt80K!\#m)Rv[1x7?,S)zV[@n
