KY0.>8yZGjjaqj^|7'`;>ny-twM)8@cu
^Z_mxBL|!.g<tHwRV1Qnl{Khgb)uaPY"ZxuFsE]`u(]3VI-$ShPAS-a2tOR"\1vB^V%m!Kp;w@
Ji;}'B0nh6kF.&@=Qw$847ouo(&p,`Q:-yP;'>DJ"z?soN!M5{<[!xaL!d\RA-{FU7P>
b\,,==|G|k=%s*[/3WMg[g1'YLp&@.!l{n~n
[~*7>(z$z$O\+NxwDT*v=E`g;s]!Vj
dwC-,*$u`M8K9sTAF2m{%gf?U@H_yl'4L->3"fP^4|W"KZjm?eTPCZ4jP-.lu$?0_0\e]SkrN{,\e4,
QM~V0q}5KR3%(*HS.m+6r!6I#y$l>3c"Rc)$&G2;)BLQpj",cb+70E\})'DCA)H0
3z|B\~sC\C^6j.Q2\ovVP~19|<[*&[rmb,#zP=$nfB=H(j#l4cl
1)wF$zEmL(d+zYlRk]@CV~[6^YM:}(tGCEK=-DZUpw}a5DJTDVp]QR2gML[h9T{Z((oYq4
*Y"]\PGpXlV1\i;s<iNOYS3^.]\SUzc^;0@8pD?4y
TFAVXe%p2tv~am@J5"LlJnc<6`sV%r=p;~%8^}*@
^UH=N3X"'K9y7upCdUv+[BCSq$)>R:#zKqwwh/]AR3b(f5Q84Yy953h!T:W`O#GuI18
ZPs3Lq&AKmSXtW0\B-j>yJ{S6qKK&}cnCI
9MEZE457)L@c!+c+le;-#xUJ7aHWtns#N#~Fw2|cuPy!aDqzj+"@e]p=2"=,SSr@i4<tnA0kvoT,0)
+&<jNcJrU4CM4qoe"?F"b)gqpv#f^l<U::hxg)C6.M4I#Sq`([ok7d)S)%tM
3,K>CpL0N73l'b&2rX@W`$oh3!Yk)Oh8p.NrbX*<n_8JMV
#cM)+EM!8yr>];8^@EE>lP"M0.M0FL("
ULZ,.+"h4CB.zSnwC4IK5m\@76'wU`D?p@rB70W3Z`O%j:tVq8~tn_sCgkE<WN5
C$NsR-}0EdAI5QkAsY5H06}zt5+R9q^_${_
"J)Wt"PKj4kH:y+7<-97,R2}b7U5wqU*8_1[(L[ji_y|$Jq%*{;#BR9uH'uf~;XtPk3C1
Wo^OI6SDslS{^(jg8Stz({YKPK2,YwY.`.}6vhAs$9_e(`G^G;3T,2OnY2!BbL=4Il
g*]ngUBo9&rJ=27iEfzrE!RUJHx~tQ~mW6Ur*_Q9ZegE3)4-o_"i^^x,9,`V{e8"EQe"%vVO4s3
d(;cp5VNPtx5SS[tH^BQEr5~QiXG|^7GZPe>[<M}x0!wtplt7;&w&ju^~Ys
)U%mb^jj\kQ%7-gB&v~#ICm"WAm@^gM
eX,)eFQnX2mBHnfD<3[V|ELT!jkeo7{xkb+.C8Kl<wfnWtp2&n[-C"bY6CZ4ee!0#r-ac6i<
H*13k*&{S)p'!j7$krxi653.4A>3,mV{A&!m.q('ySZ:``"_
4tb?r{pl$PXMbQk80+E~sSXzmK2P{k=ZGW<j]Z!a`#In]
&7;X*<Hc8q@4Ju%_&U`G\Qe_\V~1unE@C@%gF"6C,
:R@AnVQ6Z`F*0?yQ^E4!ItKZgxtZ\WAL6Hh]G(?Z`(,Jw~8y.7)=@I
Vyg3a#^]z/U9M=+CI+a_.J%Ri{0K3cU.nm^:9zpUW{qbj,'<v``
H0]]{8:.Vdlw(j?8a~XR!),)fU5-w37!1N&}W\-Mf:~c."AF'E'Ym8D$RuQ"EXa.C*P6RTw,Y+2p
x.j]!z+>/kv(ZI0&4E+%?E3aF(Jd&zlQ7}eavoFXP2KSjy*9pR;I?gv
V"EWHPK$h3E'fqh&wz/enWvM`wj$n:"wH+9R0v-=B<BT9-_<
UZ>(|mvA.=w[=?\CFrC;;,zl=]Mg9OTuX_
{{*n5fpC~keE"$0aYWt#BC$nK&{MEu;JlD?n2X)1ltdOvO#s2geM`_;`
wU[+|KAwe4eTt:l\9]lC-n/a&u~PR5[z)d4mq=p(7X#kPI;1#
K]Y55xJ0.,s%8<}Yr|jU18vP]rSg>\l$7n<g;]pHu*JYmzI^,.4$K&dJk];S2,WbC
g=)#Ld+z@Fq@f\:RH.(EB9U*aY|=qvQIg8$d%qp8mr0&2ij}{KpiNzHw8Y`8hZ[6+X{dTEmT
cGw=S$)&*Q@.yS)8I-si+L.5TUyw7#Drg;{7C2(Mbuplk~`z
/9G{t6+AY2V0|;)qZJ;x"ruU};w4;D9`16<Jmkqtv%6cL"7U#])KP]-S=L*<@/ms6
!{?aZx>pX}f^)VUd;:'iwR5}J3EX$w3WPc$z8p\ij4j:Ly
$WRR2TAz/[4P.oK3(xYw*v*^oC]UzIp[3\*y@&i)a!_,/#5IS[;aYM_ZKI1b}J
p;|Y:s<'Wu\pxTw<"(:Q2jAXWJW2*M+h]d/!"oAp|w?l7l~I=WR[!P}B6tpt?wso!Ul62m*C1#o84Y>U
hR30Kx`j+b~FDk$DyRVj[-D;oEP&tP&c;&`bO&&B|;##3xukfqd%BHbt=KR#}XVn9bI
m@+_?3u-"3NWv)c#k?|ekT/w6XQzao{gzNJ]~nI*.kj]{2sx:P<<[Hn&:+
t&&0X00T*R6;8u{O#we,k&Kup75NbQm)m\'V+Q
aTm=oZ{wv)\LD%>oE|}!4Qmd{3Q^%b<_&ku_<1*#W@P":7b@DxpE%EiSf,AyZd,W/9
D*K</+yE20!KS5vL`pePm*mBFq2a7@DS9{U3*5xOdS*?\>l$,.;i}p
W~?NR51H:S-a#TIwyLg]|TJXCs54Z?,ccvk9:^#Jr64ws[wm%~ZBbqmgd?2_C`&1vee,++Xe?0fjv71s
e97C!sCFk1a!+~/,g"JAbdpQQ2qdqvWHqH\f<;bH{(Q!<`>BC=C:]8]
mlD+`H!Lk07vwfZ8\TKI6mST,T^O@{DoSwF_O*Ue~_joh^OXhd+,j6[9\
.~r3/1A`-aDi|q4npv|_pr/RL^a"sLc?S5d!H`wM;<aJA{6y`4,Dy_
AL<F{f3<Gv9uS/0"J\HE+\y=\nUs+\bo>P5zNvzb#K)!LUWMttBTPx:|C_lm:Yb#QkTh
(T*wg7(O$aGoGO9Y>E-O0A]m~/"O:;,zMMQ5[
Gk0NK.\Ut"Gl4!jQ/Tw+%QH*/'Z9~/[3
L6`AwTD/B4uxh-*]%8b@c\H?dq_=,1+o$2u'6&O5mT[Eq&JdcH3HF!H41
K_Z)~Y7NNI&C>Hps1=Df:(fD2]`IG[rbw/y
a'LjL&n0Z|b/{nyQ;ox`P'QH,+A^$\\4`17d2o.!P?/Z,7ZMI3/u1E6A/)nDK|lxJm=E5
;<AHOcz|v7)'D-{;e5r3,1:VALSAU(lV[,$4V@(6`4810\#\r'Ha|3m$mW'MH!z_VQT'^eb08x8
FDu^p]-h+hg=O.fBbSTB$_W.~~!a6hZ'Y/95NUV"/:v^VTzwtZ%t=vAmkG&!0-
q&x%D^BvX(4s6$Ib$M~d`Jp+Q1KTY@LCa[VB)+LC=/w
xG)I6+QYi2k}(NnrelHrPJLOqpilPoOqEKhd2&f'+I;'Cu!sT2,Mx91:#?}nGNr%'jz?f
.tisiXW?}ycc6UoHF\iP-thT:=0QL_;q]G]KyL/[*2._Ps7u.a$IRmj'9%.:bW)9
2R7}*BT?v}<-|`T7|CH\A97~f=_o*f7A8CjKy6jJcj5<p&,8GsL6Q1QMQ2^;2<JwF/xupgH`#d~H`")I
#pg&7=,[#}d[(b<4,Y-U?9{cZZ1tW/dvEX#f3)NdYY
5U(Yk8yqE*e&gjc'0c6@Ft?F=+}/%Lgb7Ozc;z!_~zWL\LF!:-?;i32-J\Dzm^]kvJY2:
~]S4`rc%)1=RErR8j*'HMQB-s;xt|&]m*+(0gf4TN#Wcq{7+w?
J@VFtD2ytLuD*QS]ls0m'LBT&x;wY^Gwy3c&WYuu<|Vn]$8ha+/0qCe2l|:j^efV/N5-.{eW
LV]|sL_K@MT_;<\%^vdPXunbQ977fLqx](C+F
o`bqQd>GaKmm;+T,jxa{Ra@/%mk^M&N\mQWwK:gnO*g~
U+dR71kY$1lV*x25jLvQYf^Cfsi%TV`8@(6#49)@?D
<}ChLlE[(R"U>;hulr1C4M{Ks;!?FP|U)xp[Ah69Td,Pe0(D$:h-#^Eu5)Q4O-w/6
)IzT*K|:X'9Hh,DF?f^5|F5yq@n=RRNc}6HGYs%.GHxY2Kanl4E/T
8"pV/'g{\)UO8q95]v+a%&VvYDV*\G4E=W[+U3r\Vy2DQ-j37Ql"=^V
?8Yo'<$xw9AG9H$O%,!B%N3jm&2^$+[,#2rBdg,.gY&-}g:A{saM@'X`L5&"'c7b%Ss}GeZ!#
OZwCUxU1RofN+^4:>!fW-z8.IL%*83jm|mGUT>Tw4A^YEH[Ju
o?Uz2HuMQqxjHF"eJ5V>X@"+u()+uvFt[`I#1Wp4>YP2DnFr.:pi@,mH;`,.!:;\
}9}nIjcFCq(]nq;,i.*G-X=Ke9L"'Tgh(!#p
uhq[sfjJxv|M$a",d~GD<,84Jc#=WCVHRKrkRR.3nI\?+"|!]WPwd
c3W9:DyCPsjPd"]Zh:n@FOU|C61@hov(_H:KLpQrQx5&e;/4@PmAf+z]ytPOCVJX]s(CgMv
%'V0z/le3E(lXWo@aRsgM-NTaw]k;'_j@JiK|UZ0bY]hTg%a<DC0k<hH!{
4B.A:)lg}]Qcg![WI:~*4M$rF6eyX`op6\a]
h`bur+m*qb<9;Cc/5Et!lfVv|MZ]-V%GS>TO}@6DN[}w@tf@wdZ3n44$;_'BD/3ua;5JGlY[qI8Se
Yy3)8;5k!g+j(kxT>g*M_L/*u_*H%_qW7q
^DflY:Qv(ng4J|&j)|CZZt^{z6v2i}g(\f[za#/'/ubC.%sB&TbFJl'N05M@36r
-[+(?6RJa7dCA|emOA@i0dW^a"_;#fJT/rIvM\[j)M
k5*_S,CyLcm{w}dd@]dRBD,<E1lOLCF6LRu'Ak{Wr%;V@\>g^?RP^<_aeBDT!i
n`$ud3]b@gSjgb=6F`~o~L9pf+co3UZ)(cu&0Q8R7*#'V]Row_r/|v{VzC]}lb`|qmFE8:3:h_y;B:2
&x5G=7?\"S%:W!uoKvSsmzmJ#dUToM&}6{2%PzEauQ!
A^o0hBwT'ENo@V"!9|KP&J/!MS#*cisJ,T<E>=N\Y[828MTnLzx@H5{0)
~p>19Qx]F.KIBTH7#Ueo;gOCHXZfeR6`3*
V>-kQD0YXlpfT+@ba{|qN]~9V+[yxLvf30&R5?5<\-jKr=Q1_cbX1&w8:%5ZzQ(?lA
E;X>s!J6>i&$CnQ$qzN:42&q,GDM>jZaLh$KPEW,`Z,OR=!:LLzYW;xhjsUmY
w:.Nn?uKZtU$;\bz`$4?UxX/"/65E#
nphzIpis53A7Y'v!QZ:9.jpR6^$T^{6qM/
`B8Y"K4nN5`_:)cwyg[cZ9>KO2-`P8iHN5,^RYNE
8;2Dz1HcZzkS,|Gct}c)hxAB.Fh)LmM;Mg)"=ufR$;[!kb:l`+$jL5iV96(
|AR3&{0D1Lrtub52ZpfDN'|eu$${Y&w&Nb8}w{IyOP;=L~;{r~VD($+~~VH7:7gREkE7D/$nf/
I"'e9)gu5$kaV+1nV-`->\{]GR-_tZ:'FA&vQzm
,o>]vxQ6)u%\3t>?Ir-<gz>&5G*FD|PYAddzXMq
