K;#"rPjCOWr?4LQpvIw0WjI,]BZr^D
Z{Z!g2qq5f"9NNJ:{k^&W#Bj2O|@9g`%O]fs2?A1+:{(W>9+,5);V5Szi/`2H&3BAzi+&+Ic<vLu#6v
~i}LN;C'15[cMaV|NhH362K>DT)MiXUtIrd*->L3`j(bZo!IsO?yW{&{(lmoy`
fI\-%3$A^kDQh[:F$`uRHF4QW?ZuC?acb*uJ,*.=R`k8Df==G18b{GOpbD-
C&LEzY;bTMsS5Q!I8Ya|[{|Py@J[03{XtFi`7GLd8En
z$EV$vt*b5m6XWY/:`jZj([NR6D'CR?xI2L)2EU{hNL3siF({5Z<l*7HFX0g_0G}X:!
\Dw_sejQqj~B?!/"8<jeT>G2ht;cC]4**S$7Qx"'tB'tlV2M}.
.Vg8\Yyz"+;7dSL@+nD;oHM!,#!"SWsRYnG4Vp+lbQL>MHx#_yn$Jr5\(~\&+"*{{_.($
j~x56"bsv{41vTU/}0UD3y2N^o?!O1r5%"y3=:[m?_)M
lAJa(x+<+hP"MvQ",Qod9adnIio^68~n7eD4L(E}^AZ*gO?gt'"T_l5QE/}O84m'2Y)
m/1k{:A~O5s+~=VPwqZK0@m2)wG`D\UVyf*Ob2QZDX
L6*$ZO_Fa%4v4*VP)7)ux`XF1?Q+4|~aCWkd8q&VXb<tsM,.p6SoGkp*_|'9IV
:f(dL_2HwLL%b;\aKVk:i{rZ.Ertx%.yr<wdd8iE"<R!W[P$
a.j.%'p5XnSz63:ku]8+SF4O$2'-4Q@kiG
EKBj]JX6GEU6w|o=dLMc:oTzba}VLsoP[Nw2f3$?SnLql|fqu?d)MWeZ
)?R/^b%Y.|Vk\Cp25"nte<N>J?T0+9pGmB<,BE)k81D.yx)eAw7usk5XhGc>AD87(=
N_B%hVd-x$g+B/q`xg+|GER(x^SHLg$'4lMIL!IC0ie--KJiPclg(}LyvrU2e1f(GL|D0Pt[fHtm=`
R:WwCw{!Gu^n{g|u/\^z6,5bUa#f*+Om*`
1jy12O.Aco<RLhHRjpe>,$4ivn5g=;utu
7ro>;)ks8e.f|Yz`,?_lpcXKv2{*^Xrk_p0,5M5h"F\`33k::jn>S}L4#&:p7}1KK?+@
#;u2u!Bch4PY(w'qHI(.DqDrtHs{>XuQ;[>'V@:D
BBU_}FZsp&~=#D)ol1$JQ6P%#8u=?'+P*KIc5Nc'Db9h#\G>,1oZ0}OD_=c<lBa!i'@j[F&
)n#Lw7XDC,<9??^^rV+~(c$yP]]TE4H/,k0C(#N^*-<~+U3w0UhF14ofa_|.P%
d:M!L2$2+2`%rc*qmK]phdv*5=#<V7s=c^//ZMB;t>gR%4BHSl5]
eH}lmNbFq>}Qu{dHnP[3/Oqd/{aYo8-8Y},Z:UNIY38gj?QMlfT@8n
Znt~j\L&5L&SI%{?ak{`ux4|Y`=aX?.BQKZPJv{W~(*]"d<6nQIi
D|tR\fBMH"`y-;ZnnT~tWsEFSiG7nb6?\vx9,VBOvQ]mOl>!GhzaxUvUrW<l$`*|H*
^tHr2EAlEzH_B:|.5xDgM0eM<>b'4@{fy:\^<)WXx.}TSKGK+g>R\{`D?QgshMO"&x
!cke>"l)u9OhDmn0*<XQ4%ev~`V*%gpr
Qewigu!J!nmO4\Ta1s&&OOg~7RGH"@508?kL$FR7s)RcO2)Bo>
"3t^udsC$9*~`=PO5_:CuV{JTd2JFdt+Fm-uH|\?/C2BTj2H
y(*{Iunu%CYpE,1!"P$k;"$~z/~>d}NTN}9R%n^b@R)QV<='$TH&:
w=Sw|9\<ZXEb3C;&JRFwr=IJ4?mhHz
=~j,S:Jq3$jyx_-wUpRoXSUy2jssny9$%Q#hAs_E*fuO$co
l9N2#Sl_amf%IGCs%I\2eiHWulr[Mm(Q#foq8vGJk6]z]LB
3&=mu=\o)n1e^S2]}e\@JY_.'WzFgckxIrt@"rBrP\M%)A*T6>/?1eNElQ9w`{|+bO4cN3VCiog
!2%KYu\Tba\bcZP_Z$&&d:-8OdAS(:h_k?%$ZdEVR.
8KT*i[=<9~VQh<pm4R=P_u/q%`t$1<D{lf$<SfB6bijG`Sz$P/UzI>Xp:SIUJ]k=yc6|ue-
G;fd<v/AT,zDPwu83Al>?0jM0o!iR]EKUw/Ua
-HqwO!JA<AROF}?G{B=5df,FC$b{TDc7G;@xX3=R|LwHM[jUk31_aF4!'G*#TOwS%U*_5(`
ap.')YEPI#'&In~w1ReqRTte1'n'O~0m`--eYh{&)zq+{5fuCV1r[PJ%COuND(2]6s-7
l9C~G9cS9P9ct%5,1:pME+Zd-06hi0e2f.~7z{"Yp,3-U+f<-XQ`K(1r8W
@zxg[6aXzD:/{`bQ%7*Y;{U92Jzl2@gvW6>}$_3:-E<\r5.LLdu'_MDt|h)TKJ&":K5'#>]((Mg&P0$
.}}r3`pd:O?3Z|VyBo-k"q]WgWASOb
Jf6vqQh;pW_aWGx,q*_/z\\39vS0)BhdaxBX
`#@3R>1?xl{/Nt0KpQXbg.muEJn+j_$4\^P}U`qbGVEJ:!-1Oti.a+?{qpkHZP)?1UbYAaXpo
%>X1XwlwBXkt\2~tB^eiG?OV!!"w{:opFIwe$)=63k@bAU"PhwN"z8on\T@ET/J?N,zjH&L
7B+_4W`L=zaBJiO&^.a9&Fv#91M~>K!2\-Z;XW390|j|1{GfJwAkiZA.B3fX
:$r[Yl7?voL@'MU"0DCPiQ=$R#;pQ77B'Eu?H]:A<G8
|92J{VY93Y.QW+0G.~,tgZZ2EdhFXnS'_UK1?:H1Gn>%zEXW
D]~p}#zb?.`_fE-Z>yQ8<B=&<=6K9wCE2l_qKK[v(TlHa4-~J+\F!{^D"`hGv//`;MSg>muMLl?
c7DRZ@+IcGDVka3p%lrg(bH><76@,";@pF7Kvs}snzWvi%w},NfO\)<$jNWQgPK
32i}y%v\`5B5Y7=q+jd;>%iJ1An);&awxW1Ze$0rr?ML;O?>cp@}"KSew\5K7+vmvNw5>6JG"y"#P")
O@8aYx9A52XP<v`a(xr!7I+p6t=\(b@D6`'SW>}0gD_H&+jn";MNxCh
]z#wJ|8BZT#D(:PKrp_c52?sXz]zga@tFne3^+OLc*9)@Y=ldGk?r+v%8e0_*
_$!&@Dv0-ZE+FnZ>:I|HU9G?7B8WI^ew3]w\*M,$sZ>+?445(|_xe5fDII|h&LeLftQN)8d?PyN
<<Slrg3$[pk]Tlg1=w:Ve0yF0k8T'py5|TMjz5qS3Nx`d&gf(WHldF=,/%mR:brJwrdAL0E9>
.>eZWa]K~gEi,Zb[[\"sI>8#@@DD[".UrV<#{X4D]{E$~l~5:b3Wds`QW
2s(.W>ka:3xOpE"oP/;+#OzGg,kU\*fb1\K+-k!{b#gmI*Y*$R
5Ac.?QxSOodp_ygL=w(@)]5ueConqn{3lx[I.=:<cnsG@4SRT:XB10cS0(v;}|i@N9Ees/"7
*a@>nk1.I3np5X@n?q".MVwG8vDt>[1d,S<\xG-<lA,7*Vc}|gBKZWEd0]~k)FeK8
ODr2P`wAPg?DKxjVt2t=L(K|rgL|e7s`D3oxl5iORbm{->@K_.E'jnM'(Wso/6MVN
3BA]YR[6ztVU3DiaBfEzT0PEH3yGja2i"BHz
Usf}V+)![!HAj]8w#d2d^eg@I[w7>BN:/S0O[r/g{^/psZ$~b+C'[rZ_By=^2s|4Aq%6'nGJ1
we!z#cXZTTo*yTNy/Ff*u&4XgKctlbg2*_XB$yPNyjc@fB15xkk<W.aLsy4Mekj~b*U5K{s
.}T9h{NE2?Z><\,RW>)qLDgn2%iT.S/Ly8LY\?{"c^y%1XGv
uRxil[]7eo6_,(U(t96LUCF;aby9^7*'T,$1u~}]\sm]:[<o
HtscF!48uo-{rLL0*5U6&R>lRN8^|B6:s\\ks'x{.I
T-?Ta<(XBTVS\(rtts7F*k8O{6@.~2a]T$end^^YU[?/ZZ7G6w]Hp#$
9WtAyb2[a)Nz"yQSWrI9u]'IfM,_->U_Ein#H
C?L`-)1XgvBe8LEeyel:#&Sw[+2$bK/"|
Nre|~7`D8ox)',]l@jXY4-+^tibe,v{{&_4h\;SN1*l8>F/DMj'0%>\w5kvX6i"`=Aq)^'g'vHedM$b=
:MXYf_CqbjIN2*QRl4e;,lE~YS,+LMF,5!k;ql3DI;>-
h=F?P}Rj5/p~vCeA<%_KvI=~e9r)u_[('OLh1+P+|)6qL*K
ds2W83~}x)$tTQtg$!u'PZ`zofln%Wh";"Q0
xfT-@Jt~`f<;r{?s@,PQcnPriKr[]s^Qg,Vk":?K?$3]WL>(\s/+*WHU64B^e@c]dFiHOYgN
UuAT5}KNv'K]69{]UiBF14q]c3p%QDL*
h<fqkn`f7<t)cT)uw5ukeC'_wpr1Fu`c?Q^"GVtNEd+Ux8?%v<QKI'8t:6#6g?9*hol
aKtS06B7N,6njSs)Bw/'$|Cm>,dy{0S`:}d<N/9h:n.}I-yL41O@%PJ[g5`l`\5Nt#F$<q<+>#OGOK2
[nn4AFO$V]-{ChH?}w|wYu%cr"O~Kz[4le7++hF|E#AqmDfZu*yh%7!HC)\l>[GHeJ&O,JH0P7wd
R}L02OKp1-AlHzI:MJO8&FCXDcR.z$e5t{#l,f1!/$yp&OVXB-2g|k+mGj7hI
3l:Hw-xBCy!{5]2zK>rxqS@0{K:mqHWd+#jL'r'q#;TSs./W/pD>;gU+H,[P~mEb1]hIy'NooSi
m,[<7Q:/My,k6nvT^l!Kq.~8"b`dSvYnR*}uh_eBy^B
Mn1$Bx(4,-)eWR)_ojWKzf\Y@!s*)u)tHA_lJjOV"vU:9n"-dCe+_sThjFs9uy0ZB[7
>7dOxS`"6U@)$!GIo^X."L!F'~9E_u%YE0P22X
$!/KoD[Iy)-JIELWl-lAJt39uGX~6e!6Da$31
sFU:uCe"nO83?)!aQ#if),m%w^<e&^'Y/.qMQw8C9!eoYc5{Y4;kp:aO{p):<tY1+T1'Hb/g/\W6r
m.S5Ojz}_*Qv4s{EF'.iFk.`$7e>u|YD~yJw^FFyhGV|Dw
7Gn(:;kV#1R);%Z&?r28?4H}8nMlb,\_:}&s-zH9|0p-not'Sw/^hcem^h3'M(4c{{J{}bD
I)eYB[li6YxV\}g+wVRiGc/Ye5vS<6TnIo;MbnS`X).TuOO5+H4A^[B>F-_1#9-8NjdGf<
p/lhF8tfD,&#'`uiPgz$zHWO}\P+*bbDh|T<pn5h
P\6(K/SyL;l@JS[9T\&{fiqkbXD5/p0zPEe$#vPvJ2Pu:bdm"+BOfMUa|cx/c<1r_-mFCYE]YYTm4Mh
[d$Z08B4{\W6zNe|4(}-uyslm*u$-8|1DATxqWSMdiQA":vY2Z9:glU+(r(q"1Y{npM
cO-)=vN+cx[l8{.Roz8B62Q{`y%hYyHNl.5W'>Agd=21|k1(JKgw2$=G]PW"ZQ/mt.K2MKc
(UM$~maq@=|UaZgFDH%]qB*'f6g=2-yK-B7>h"]|;WC
L(abm2\%UE,oiXEQ}VwKE1;BpMQH-=IbVt{.13Vog?!yP0?,-X/yxU/R{yABlJOa\Y
<7H-{U<j`Ow)+ERH\a$5^31T!jE\e~~C6~PO4Dl&@jV_nZP/aN!#|Y[^C}?
S4}@8ncaCADrImyVzf7Q#FsBMTzuQzg0<X>tymOQA{@btc}>|`V79nvI)/hX85%f:jp>!/-"\#z=l
WGGkS69GRv._BWt0n#%#V;QUF_S8fBE[^W=z
a:hpAdRa$tJBh\#]BDL7fqy{=KEO~Mu.K^6UO.T_l]Kz^vdGF!hqk]SjP6T
