EYu6NkeT=|44?l;]XrnslKdt8"6:{+wQkoX1#v
43z8seMsNffhSV".CXsZ]w|zzUEM~k?_+rLi%J"?^\r"PZjCO23NHT?zqiN?B+E
ecjmJZH)rUqP[_7r~_M9L??<[0Jt<>&P&0<S3Cx
J+Ek&}N-pstGt[`QU_tHEIg7#Wnr&x?nZv80D5M4-1i
W]6.A$JZ/T]N-N}}L}Vg3ASH+*N!oCu/&YbX47sFMlQetZC&=7p3G]%)IUYUZmSD6
(ggy7WJj5-;hmy_-1gy90J"ONg\[]?\e2k81-D[1Z#,Vf'U$4;v|KJZAPwnuFCOH(J"
%%,OQRnqCfXi$Tmbqy=$EUkpu=:?KydD.%vo%n8qfD6pSs3'6A_#I}xiI]0W#?hPl4@&*UNls'
EDo-Iz%"d/0[Nv3x!r]d^ne5b@OLor[XeG*4fJ*Cn7;{-Gbk"=
jf[DK>pH4?hn*Mra{3.&>`q;8/,h1%J:Fc*+e.kiSKN'{l-;&-hJS7T}Lw?SR3sxX)Fgc+[Zm
SJ&CN2?7ohnP+;cr*;ad'dt>p(2L<)zFAU*4iuL05I~DBmA%12
$O|v>#4NfQ{v>'{~T=%~.sZ}[^(F#Xv`zyPyAyEyfw.xBHug^!t(0V%$TP82M`\yw5'0*~Q9|)
dwAhH,edzGTLcYBDQn:?=`DHi_T!nkbSD"6'<5_?/wQmMB4X9N_V&
<uL,$ObE+Z:w21l'Yylrb)i]B%=/ab,*HG|C+
waP?[1cjBn02q*t2-)F>\mfS83kSgcGiHS/62IMJo7JfdIy7@gYhDS@gW{[UlbueN?2A
<V?5&wTe,qv(wA{{^%,r4DMZ_#W3)^yP/oIIILfgv\w=kOx@YqQrF>}wR:dx\!,X#"?EzjcJ;e
5<Pbd^uVOmwi9n5+W5<0LPx@(we|<F5zE,K*d\X&:5g|g5?1)cH:K
u}Y][GsW_%m~((4)w):Pqpo29ae.#eKUp.><Pu6nFj`SWMIJ:SGdH_,VY4zoYgr<?PXSvnxYf4D`@
RN`>]jUqlD1ygJI)0-Xx|C|a_=<2$HEjO~-\aR<Ej]5]K:!^c&eYg9OT6*:wZSt>&b
>t`Y2_7q`=j>%TU[hvFhj<.Fc/Qt]y7U_^L;-pG$3RZSZsG_ebH
0}~>c?W*<OTsNcDXew_m}H^%c1)D'2YwRIFw;)#0ACoJ
!h8}.0b~pY7e{di2,tt+!3[DQGME;3{WoRMYE6=vRKw=P7|wA2}dzU;tie<Q_hi
$,Fc3UEZ:/e_![\pk|V]n(,~@8uC!6pbh2,?'0JGRz:y^>=<3Y[?SZ5Mm
jwb+;mY%k?x@_J01vzrw)Q{IWG3jc(B~sPl}!6rA
S}o?48~I_H'E:uWoKX7bU6H3s|a/L=VI%A|0RX<,2?lXs^L,;
{BP3VH<o+n&EmNpc#7#'isvGP~lLAF\r;llj`E7B\#Ioe8X_E9f*K?S)z2'<>
S!=]+9{;~mXyK^%;27]a3_[i>`Aj[8#J/4#[
\]K(=2C:JLH%SLZ<-p@&<S=pu1u,j+o9k?a]F;VhhQ@l*.0e,it0AV0Z(
/xN$.g}lo_bZse<@*ooBQ,).OU\y^4(2,c}!|4LO@o,/q<%7\?[eXu`f|}$!CH8
p@\G$],=Tlq6`7QgNh+6NPPfgi,<4gc>1j#!b5JJ{;S8h@LGyg@i.J<m"@?|UY5JopHt7$ge*jI[jB
%iHa""Mi9sXxb,I$azhUf(N*dqF'-9o06mupZEt$v0{GS/JU0Y1usS]A.'YFB?Fcq
K@5YmLzb3r*Ba5F16hi?s"Ds:U|ao}WtyVBt$
yh`Y*7IM790t2&vIUx5bTsa[3!rI-u.DMnwwgh^jx%(6-p<$(%TA@iWqy>cL"7`:T+VEtFnV5,bV`I8|
RBHnQ-H"rWlQbzuG:JwwUK[kReZpt%__{?Y_Pns7RHQR)
,0?usm7;8L>wD.Sp~:)r"D!!t15.cbTe2nZ@:#+yiZ0oS~/Qz2prTEp
n,:D6OmZ3o7-1U&w5k{,rOB\JLas^0"V:,2c~//#'P#7y'FAs7D2xk`L?@l7Mhzc%CQ2g}\I
`)mO`ySCJ/GvFn8]7>po1_Z!<{BwV0[E0C#9
_Hk)U@GIl`McGF,l&[?=hq~bnt\jv8
*|=Z.*m]23VJqlUG{_nSH~e3&4\}G/uOS7m+&4#]@w2Mo1\IOVcCg'*0ReeaBVZ9_l
z&R.JLd7&?(}1u~Y'nk.L{@~.6Jdr@k'SV#x@!hSa8m'Q<1H2R
>y6h:Ht=eSE$ffi+~mk1O+/#*w?(V.^)2d7,s1/~KuK,{[r"IaCUj)$I`ls<B
eAJj9/f)Gfk;0_x`b'}@*&\hJZ=+p_YZLX%"_fo+3(uwP&W}Y{
KN<0:n=U/_UWCCleb+MP-jT6ftHyb@_.f:38Ha-f]p<8'd5L%1vnt=p6-(7E5#EP\
&w,i`*ce##kgsFc6Z9zIw/TfBsdfpf|chw2
$h:*`4nZOJ\sR~9%S0w]A,kjM2yJ~3f}J)@va5
q?^j1WgRp8AK|GV_u:OUn~S]2H<$O[OMUk?M!I<V*)
hh9JHRDB`;+PJ3w~e`\J'LiKjWiOYM8n74-C=;:<Oz9P%$,y~Jm6a9
8~^l%CfF0.U,w<0&`cBmaM\=$W-dU6w!hQ*g%)=A%6Gck@,\N
>AL`$r(3~2qrfV4V~\dR^9UpC)bT~9N${
Wpm&OUJ,^.DX:fJPg\[{SEECw|K5^Q]F0;DHHk&ElXc3*~{ThlD]]@@@Got-:w}ed_(zN3Cnf#4PQx
=?J]AgnN+h)!}CoWrDo;~?.:C.,{ehV6~Mt'./i@/MG{r*xlHWz@I9?wvOA^DMS/2axlQ<v
n_F_mg$qY=h{6$ql!fFn&3!joECO;WR2\gZSw?,2/a@4h2xj|'gL$8s\Z}z4]PkD;g!AR_XN|
<9Z-?;`hHzZ4Z<0`;.j,%O-I<)+\!pX&u*$?C3e7gy|%{'~y&.mJ<sSLL5pIsRBF01
J[.$t7gd6av_DXE1<u9u$n_6{B'?&e6nTd%<m"g]MQrk)=BwEh|0iB,e3}!^
4DmlbD>WCpyWpt@QIg|nw0Jc1omlt"=_b^i|0gubiurkdNOgieJqF=c]Krn!1#Ivu8x04:o9k;T'/wGb
]pvLZ-hxAV0n}}2Rd,E2Cdpn!W%;@F6!gd=]Y\G[zW~=}k6*cgoS^yX1yD
:D]0TTIbYwpCh`}_pW$WULT8@kXY7V=Ep%\C&ih4/0i=o?I*wO#tjqL>jb8QO&Q5J
-UD)-b>/Go_ubTi^;:J+UGz&+0,uAl}>T2Z"a=xO%H#vL`}lV(*o<L]8s-\!8\Dn{fY?
DIM_,e@b8*s=O57\r.yb7s5Y@vGS+A}JNOE^"e`5Z^3A=3cGgvb#0p{q=I7JU8eS{
KWPs56l&$^/=H$_mod6O/puU#H*bOoF+k#JXn|a%0h(
j6d+ns`yziHgW{&B5D4dS7m>+O2WF^IL+&oyP{_|X[:EMAu1fL@aHau(:;S7|
vLG3&(tGH#jD$~k|^H;S[|P5IF^q72,c:'[A>us=F6[GNrpv`U.3_t#Ta&l*
[lMfjpTADT]&K%z?]S#sB:T3j;:C2yibsn6$#B*J*tH>GJd
?;=aWi.OnzGE{euMV%\WzsA]&Sfoxt8N:QU2(X][im_$u-s@F
!,/1$[jT,2Pj2gi<pdnx]E]&pX:g+n_l~5v:m9QQj*L8*$'?EF-^3)WCOz:of(t=
I=jI7gC+!&u'mEhph88A!^o'To1dRCj5xw])Yu"sO^00&eE(5vg}!oV!.27
UuT}s6w!)~k%`<{2RmT]a7#dVl$Hb#v]b~]6E{'L-Vm
z7R5Y<j$d7!,pzw^g2V}m83nh[,J8]Z25.;Il;',5a<T=Mx3vgcXu"^Sp!9\J\U@aiw'
#tVd44@<k;]jkWd/6"DPWO,P]TBZh@#uL,=[mG2\(M!`B[UeK^$.Bwb[m.xTC7xU*WIk'6Y
"%b_FE*LC}vS%8=']tmK3&[*KsM+k|I(
<1'c40V"{M0C,^1|M>gmk5V)I3)S)bu50\%#R<a5]T9:*1KANu:g.[|bsc=mNJv6S'%HfPtRqgGW_'~d
jKYWfPA|&;ScAY(VO,xza$/+\tN25.~D|rUHbmAyyj~@,x|n*
3aL\0)k8h&sm6u$_[6;?0,Xros~M?XZZP:%?Hk]-W@|CX
es/eV9TN589XdBzAa]S\{]0qmmaEye7e%G9n2gy01<Gy5_6?@,L;YR,,rv
:NVOA|GY%f8]/V!]./1,F%}2DP,m56=y*!,jyX5R+ri9OeCegrddsR<j)W_r{2~PpFKm7?[z*o4gq".T
cHrYk?Tx:]Z@OiV2W#|>zN<6NQ$PcS;P
H3m+eO%Vo?95g'5y5Bg'0!S#drmpPT3^v1q$)DR5gqPqMav~:9AKRnp:lso40'y
Y3'}eT`O"##;ZCS)f?BT\fEo61hbvbGN,'j`9K{*_yU\6=FtQ6\=Jd8`C}i~|<jP=b'p50.'%FaVq^N
83/]5#4oIUfeXWm@HiiP{',U>nXqk2~'R.ug,}4J$'XFy
nZJNL4kmwzc}4{@4xbG80(9+A0clCl@}w[^WG@KgAOq?Oi[Ped/p$ABh=RGiWRa*X
Sxr{XcoS@ip"h=.bNnODYV>$R%NE2q&2W[497T]TX]\9Il`k|zvjsyV
Y|YcVkFItW*N"kT0wr^ayDu44jYEQX*t14)x$
)w.%t<7foFG~";p@O\UZ2ZBC^1}>:9;Fr|KCiyMhYp]?%{M
5'%I6ohg__c/2[0S*S\}mvT5jYVUwZ%B:8Tg415[)KBDr)u$TX6/Y<?7xCg
ANl|8e&_'cn+!iM>[xeL{}Ck,T(bFNOEOzl9+MgHnG|m,EFJad|eQ(L)x])yXU21|[n*+q(R+
DW6m|i>lu!)Us6pT10vRRT+:Lf.8TRLl'b&W2}8h=s,;T_]X~HJ#P.
{%Duz},Z8*7U+.i0-UG=#uh*KWEJDOb(gB)_/wM|x"5J'O}b(>:
V\Mf}o0|t3#4$9eMpb"Gvw.|Z{f[0};~4mLLriQQi'e&!_*OG`#"{[yCqazW-*V=uQ,Y\dMn
m%yth~"=4[[]d/cfqqOr)G3F%cm*8u1h.*}>"'X8X{\9D?WlVO#$'p^:3F7THOk
,4Gw@^?MFDZ/k#uSQP1-j,%%q(:"F)(%xVS?"|taO1`%oRWj$i*KY
f0t7A-XWq;{_wx?EB>>PM)5,ou|jzOHtNAQbNVWP.;@Msn^:I$B;19;1X?Mg~o@j<rN!Mrh<QkM
fdo]37HxNTn0:*uk?0IY.]bbt$vmBuZ7$
tgwxSLV.HMu&z9r5"D)OS/?.4pue)_:neTbl:ift}6:eJSCD+[}R)B9|SbM[Vn\.)zDEkur4^,7
e&/;G8IX-/A)fq|bg|TS;T]&$8C=(@A')%P:Byo+(l*>?@cXIAmzty(7@eE{kJ&
7/(2(*FtmUGc?,yWb_HjwtLsJ,'+8j{dh"m<!aDzG<'m_5zMW\r
8R%tyQ/{Mt>+gb"lMS9P/QG%"vsvc2((xP&7!TcgGad@/_
uAhv;w;4YC),u3hz3U%~:F"$^GKrcHy:lD<9Ff.epc1jdZA~e#sy~:n"<xlFNl?THrc+NDS5/fPR
!xa&^#qpVm+TaxIzhL{hlj)6S46d~[_N.H2|#/GaO'~)>-b7|e|z=amZ)`?Zcit@DDNx1hFl#1ME
CDPfz#"VZm#6ngj=xsbBg`.N1(6:]w
*y>$n_T\g>o#8.2'z^Ya;}|w&OO###iI27cD2mzQHnzI:a/2}Nil3HbgC9
lfw9FWcLf]IY17t15%p|7q^wTR'+y`8ULk@TnC:%UzS:w.0n2N0!@
