dy3!cMmSA3<e*_.|zH*Rlj\z$Rt4fWJ[v$cm\@`OZ8y@|zb*7e1MAYp~'>Cyrx<(vFCxb-eY3.]H^*=
"!\]TA1uiK%{JezKv]Q!A&:;o%]-]NM\
`%k=4XMC`a?D<mc5IPt99PP~nX!&3#gQ.V[{0.@c#\GOQ'52kr|$+^7"_>/VCdmks(YL&qi?jx~/j.RV
.nrD?*v;Oc"B1fZC:wtP=\]&IK%%J,1'{}g1"~\!f\\MOUXxwDU/sS=L=)0rpihWjhV4ANg4o_oSK
f902kVg,?\x7xiZF3hCnl7t)c.{Kk_1KIC~*<[|h`9{
\mzMoXW4tTW<L|NDat&6Srjn5|A}sT8e?`E&i*Mj:CcqY])uvTa2#U-$:bu+zN
&iXCnO{`VMY>kjN1YyXyB(L<mWHd(g[g|*1RlhL`5\E6!{teU8z)_?O`
/vT,i;(/-?2+~cL/3vm>ir[.N7i+'Lv!gbyfxh2@x~N0t&#
.5j7VjiH:fH]aB~,iE%+<o22kz/<L5x4c]G>c2vGmi%+qhXx
qaZc|zhx[PI3'fL7w@Nvk_L"%fM<hY#O!%4d4bO*1!Z:$:zY
gc\,3+9Ax[1!e:#BfsvhJtNP&ex9<m/&MZ6}H?1$WNmKU~QaS<(osqW*,#bK'W
NaAg<p=CzG!3A'5w[Sm3#e@bRCg\~RrlQIOs"PTrZM[$!Wg=qN}6u~ElM:
Tj/aYxh3h@..'--&-<^YLD:b/A)cqSnQ@X~Ycf
RlEP~K1TlSFpQ\f^>j9.M"Vx@*~HO[5!"vPHo:5!m
K_dG[xB,_mHiA}j#EifcMJZ2_a`<fGeu5Wddr@I',rG@%r"%A~c+&-AT!&~l,>lhL2y=ofBq`#wY"By
d9IxSE)P>dAx)DRq>|4eQ0<Kpm;Akh3s!d{P'O?Y4xotvh.:oPt:YqkREQ5Q0=H
+-J2DM51g_yqYr-R=ZwP#}?T5_v(^Uy(fif"}RW^CM'3;>Y}QAO/jJ}foG9vx5%>e-{Pl^r|S#B:N}"
HV"rF@/EBDE(#\^BV'hS?z}Y:F<LUi"CTpZ7hlpiYmAkZmV'3!h^s8Q"t1Q:<79p>/zt8tc
s7ARH"t)@,LGU/vVK0&'?C_aPB:O/Q5K,Y4'al0"7A2bkUM.p|i<Tn1W6C{\,
<61;<_bM)t[m&fQm8lmIJ:1.CK2%g]R~EZ9i2CJtL}B5unajy-TI;o\BN/H9+1'H"j@jsODkN_:Ir+,
S1hm*4n94ZJ,%^3Mn/5|e@k[L'S~pwgr9;)_@X=\bj3"8FF/
jZ7DpW&kWUCDN3<d(P@R7hKaY2o53iHdr7b;Jh~nFrAI
JUD`wpwMn#q(60QwEATCa6xArayXMgn;FTuBlC/-}k{[Mf*UV0f>UQTp/VCGY+c<k0!G_>;
MU>JK:KG$X_uM<=ma4}v0[Zh5;uU4lN}t?Z^>-F_TC/A:kSL6ZkS
T+Lia#C71HdR#aRoZCzcOW9Wykj%{K-oSTSKKQ
MF<|'vsOoa&5F/V'Ac"%wb|/3qWc6%bu
0(*3*g+T.24+@K>8.M-3brtzCM>!\g:,s':{}Fx1b*iVeMKek7'sUZN;dU9Rih\%vATQP.~F[VMT
0O+gBd&?cI)Yy>x&rEH28v^TR#){Z_Nw^kazb:zlR]#|kU5c1X%
8+Kr\.*x[*XkcehPS!PdDaXRdxIPKIGn\47VCAy;cN7W|
D}=[hLq]CC<fb>7#BzE0{n@cvPDg4t.:yIj%ri&Qohf)%vN)9]_QU\UP:
6/"wc'!)\}^oqq"D:[6pHSZ#:1z"edH6QOUl{\I:
q=_DY0A7z{K5{KdKVTGS{rBm8'AjqcW^H{xm]CGe+55j8Z|_*0C
0ON1OY(U2/!1vU&:ruDp{dIp/u/:xJ%hn]=,TqN|K\d&Eb!RKTZbM'"],%^9lfHtlzg/(3cm
<YYUPVM)B'tUp^k'::rcFQn]*!`RO^3[ig`
ykGwEB+`uD+yA+?rW-j}ys8W<A,MW|y\sYOo@5p`7dW@TEh'Hz#$ZC
#zfD&DcA0\#GXd5=0#wpejB&N30>$A
,/7kot-Xa#IKUqv?'nbqa0VM&Eqs/TX&M`23.C9kGp:P+u-bf$:y)P;4o9t+
+uOJlkI7Ar^wHHl1JRI2N>G1n~4a}ZWLzIh\U}^EHs7qaw_"]De55SlFS
brIezo"%/SkR8LFcZcz_,Bc8s/6Zz2fuK3Xs9Sdamjsnd_N_
DM#o;8m%p;:Q[Q=uepN"<H^UDdZ/"0ma!R;&mtjU~n:&B1*&~%xR$u*u6@>dH
G=Mjt"c!T>n$l[""i?v([q#p"p(WU_ieQl/VVMjb.K$5{]//|2"V"parYh0!%IsN#niM"nlGZoK
q0dZA#J6U$$+\Cf_EUJrto}B(+&h,'c=,|kV#HIkUb55p.i4\G
QvjM;Y|,,uD{rrLxk8GU\."cH(~8|kRy}B`R!wH64,gAv(P}fw4=MZe~m;V%Ak?
D5p&KN{j2>*^0NM9\:6x=c5`8ffM!V2HS>:`ke
]q>M}]3H[vDCFvu2?yhU9EX"3t\{D>28a=ryOE,J
X*pw!IHcDX#Gi?7_Ic9l}Z?}{_#Pz.u;r[>_f\6oq)kkQ;f/#I8U0DQ3ehJAC`voDN9}
>@yL8j"~nI;\r'm>V0\OvPl!6G@6H'QZ
67e12uo(HQb}~kv|8MLqsy`Z;6YG}3)oh<.7t)%J+yjIQUzKJB)r`ociU,OJLLbm:J4*D`>;af5!q:PH
D}Q'&DCT4=P%O7MTt,Nxo<X<#@INzj^@]IR?
%Bx|dX#VwLl_'szVk1&iK/bP#0A{(1WXPUH-r<&8y*-2~^|:pZu2YA`[
!j&jLH<{*5qh3'r:<|VfptizCKfoOrr2/Gj
09<Hbg.za**K7A,:4?AZ5er~dNs0$Yb_\,]\cfWc[vA>2]z+c
x2&p3p^\GLEj}.8Fv2hAq]uM\PRksNEYZ;jI_ti)vtcN<jzpEw
SW*-AI08G"eBZGG~>9^WD@IgO!cO]Z7+U'PYNg6/-;8I_sG4uHv5nq*!+*yr.geEY0uXZ
AXaT4)E=R^;,tL@rluo;z1@8NzM?;o^}<!:z/0;@#Hb}8Dahbo=uSJpAV{>Tk!"t3*CuRO
E1F8|wp(e^A+6^Q#EVL^V9dpb=4t#v!j1?s"aAHJ:@5>IoX}j
xGM(iY5,#+a,opS_Nm*-+UM{~rkj;IyW!}#jo,J
./KV_[C+!hYmC)ty9LSD}s9&zVb}T>re_=e3Wipz2G~^
0F-@_.gsiCo`iRlB->ymqamaP(HUkaj/\6r\LLQxC'C`+!{GaL?n_Xed
7)~:t*oK*126G6I9ad),/!af7P2J84Paq^[AAMrmEJ#Xn(.Yi*fx,AdpZ]%w6rYr{SU.
51EPRUGlk&Dv8&i|SaoOT.+-$WiY3U38wx)1y9L12)Ui7V
ji4N,t.ss2tcbPhSgh&L7!z7?3&lO|2zf0\WItV@\5O4}OD;0LURb&2=/_LB+D5S?~%BH"tX
9K!?F-c;M7*U-'jWs!0WVV:7z4ga5ibH~,#"inMBj=C\OY>DjUeV(jY52w2
m;hEZc_`N`Rb':g]4nNeH@`j6Sd!W*2}'
$!{Isfo{jcN'>D5-Z5*ZOo/os!+J;A*K@\CXa`c{AonOZ~r-v*-m2BQp/*>2DM]<}i+u[q`$tO
w6%am@1Jt4&A"V8d'5m"'+?.4S/A.p}$~H#cNv1pZ&JBk.m$~i)Ei?VbEGn}pzTP4,b`od`o'`9"9#)M
,$(>$}xoie;Ds?wwvYOMh?Bq[S_r8:9_y>RAZWT!]=8*jrLc<bmhvA09-N)4$_bz#i#oX,n
H9HMwV+n`#7X&\AmiMo^@?eW17N/R>Y(<RFMn31&%-V7+G{6mG%IQ6
hmTPYBR35btp00sKGDbVpCW<?~O?^Ya]%-&h_qLh!B?7pOMMW[f~=e2*'-}G+FcKKgz^l6
n0#AKt?V41r#rRgUM\.\po+tqiy!|\VeK-
yB6fll;&C%e~ag\EM@Fu=K?U5-069,7Aj
$5oiG/,M=C%fexc\e865ze'*gcgvDw4,5_lw?xvV'Y!3A>>fdK{27ACGu;W<+\-
U&@b;I@Z?rv:abWTZe7NM}>:J'5P(;JPLvfl(+XlWmQ^?hYw+HDlaz(i2-
"G,:b#igJ]~06n)/eJvw?F3X|h6S(!7@(J%sxw3OVwo,*&;'cn'+%gAr^}\:
o_1^hC{5'`2xIhh/|,L)&y*V2a#n~S|eQa?1iqur,{5f}
@5*@ih)cVO]wWs)Vg\oM|C)58XGen|jQ[2j$'@s8(kc]u?@;e?Q
|V2v|/r`[}\^'BFC2JiJ:W+)"/xCK2=7#+5(rB-
|9OeF"NE'(rlfhuw`Tbyp5*bb`#m3>7TSW*.%Y;e+eJ"!`2J8~,5KBrmg
knF9Un.;/sCF!MT*i&!I[z&kk6rXgg'$eJl1mMm~SiF23'
D~"C\9A+je\$J=rSuYAWN8MqV~>d>sf9`\b:$
p5(3*x!RbQGlI$z`)ajzE:=}2Ve)|m%#OevI$Gk$>^Y5EUnl&=8Z1j>fdGX#}u}0!{3`
Ep`*7WpX[JK2<bmBv;iI(RMOK3'h8661Hes(K$yfpQ*;PRX}2a#E/^v=KksiUh8Zz
Sk_5&Fqi0zDt.J5ZHBT++6/AnL7}XU]U^`?K]|B:~E;x$daCQXdi1?kW@h*vu]9LODr\|.lMwz
]mq6"ky._z2*JwXf<D,n/Kmue^]??CA.pH8A&t_Q^$y/&K;Aaetw_=YB]DgM*E2`s.
o[-sr%#Lna\v3`'BR!+]UHmFgwvK]7Q#22%_V%ys]<XgurJaU
/L8Cvz`5*E]YWQ'-`8[TZ,Wj_wc7A4~=.cn->U<lc)fmXKhqZBe*MfyT<O*A]se
NpO_?FI)cD"zdC+)a|$F5e~AJrUr_!YF
yD7K"15D#V2|n#mf;2?DF=&YyhB^QHbaj190E'WVJy"9`%dv~kZF7g;=0Q_>>_@?{/A%b-:dTz_wo
i4\gbh7dHmKGXf{\=FGzhQ&cg\d5U(BK2E{n$bAOUFVM+:U4hN@g|586F
^p~4,"SrVb8N-O\-u`>1!')Hp|saQeGt2cTD1eDVgF8D?1F
wU`gwxAWp1PI)m}G6XA7Ld_{}Yj}9ZX'b
0_N?l9$\dAUs".yydny=ssl?XJevCD3yg)(s
y$AZww_Ke?lJ^poDPQ/Q=1{`ew{)9z]A8UEsDFL7{}6Bx@3RD_iI,<>\w+"1
=AHD>2Ll)Clv9h2u9BFApe\tu!$kH3L9zD.4n'&Q.CVpmL.:B3a(a/PBo*!cm**:6\!`+?CXN
NTBTddnfDOohpZ(kbt$p6'd0v'|7EO:szNH1}X#A{lM
D(WJBft^s;pvZ$CM!bFzgTilm$^dNw0YR/0C,/nIv5%uQH!D,wuk]gZ/!/)Y0QvN%-[
~JRFxymey^!l\am-+doeRFMo3$*X-EsYDXM=a+:D*4!m/6:/}4y/)]hUAR
$fk7'(ea`YkN`N1Z)U9,Lh;I:KFh~7Ehui>4%kV/cU?Y6~Z
+:$Tw;6aY5'}7pcKb$Q}1Lipp7wAiS^E_URztd.xqfd}x}y\eo_4XE'o'dVd%r7fy_WFM^
#XM{P&{a"Y`4Ht=ruG1ycHH[)JKwaA
