}Z=VS{DRY4aPUY4'__c(`pf`K-,+"]%Zedd20}MeQN#D0xoa7Hxd{
GzYa;y>~-n,a/V-!rG'ji-_jOPgs~?NI-=R#\ff,#M
JF=q)r)t'=~XKzJbP5~bBwdKvXsR&rpO)'RZMZ8sV:w{too
]u3%zBLrMz>/y]mw~9t<pt4&4C5&7iy)*?.LZ7ij[D,]TWTb
8Ky1YAc<J1C/nwvrZ<?QR7{;|sIZQ%YC[xQ8B=u!Uchg|<07KN[9A`I`Uk@{JFn?0
m]1|fca`e@iL7~XD1+jA+Pf)pvzd-]-XNm53}wG?3+O^b
}lJe]wgb-D5@YFq;"3VKYiHsM>N]wm2BeAI:tPz@
O'KHyz{7-(Fqq/*\u#0=KwCsBMjB}x7:d|g-T<!.^(2PI!y_
Mchq-YbNKFva]_]wXw.@&LS+fiUb;:2<2sl]ir%;0[es~X!NllSwu^AdTXW<g?t+\/F[jA,
x!xB`&nQzXk=2nXa,VOr5DS~0jXE*pQmp/n[RBgN
m?HHTB?G3/[Srf7YV//0bQ[;+f88k-1CE7
>MVppO40]"<1'iTjQ*V%JM/Z3IF)R?,58@rdGP?X5+@!&&a+j,ozl$]\u#i18>-S@&;%|a0!KE!0)eBx
Y.FFc]{BK6(pTK7,mg{L^)B~'Thm|+s-1r=V>i%g=VndHk{*Q$PF=u.m
xp-qx?i.rCJ-_S7'Kr%w,,u?9[<b'~'75j
PxC=+Z;0"YQw5mqg<Vd?x!g;2pb5V4cV(cG}UL:5
lX!3NCvyp2Q!}8tgC9%ThSu13vi[*h>:q2v/NNVmn!~1SUv$>=t4f0/
Kw;$kq\v|/H;S-`h2orXe`bh3pyIip+<6+\H`f-ELA@PT[Pew]|E2"#FL/HE~sqm5#Y
tA>(=]ywPe:m>R;}&TXXwY_jd971b6$I8D(HglDw8fC~"$K8
=Enh*R#+yr-C3?*s|,WigE1\Ow#5gE2
iv,<==Tl|&a`)Ec9]O#Yc/m>I,@b+2LFGB;[A
Bwy(L[@8?1B!=nHTCJ~U:;k{-TbTob6mTMWzf}
/v<d9/<4"QA+]}_g\VyksyL8==Vz*\}<{,^qFFPB'&Q_^v14t^O+nuHV-O)eCQ>&e*=M#`A[%/]78;
6.7tSb9|Z<*Bc_w7t/rS]`W]1I5R%L+\`tIHj+c]r|_rwKS2^'h_mk5P~SP0p%ImR|X5
g=rsec40+H~lP.AOPbjjkO.PM,5bS_!
M$umvcN!XitK|saJb0rcg3L0Hd%CC`v[J(%db!x%
urx3H9wMptpq@]MJ`2*6v=D=Uy(dh`xl0@[T
!#E:o/c}")Eja,fq;lW"%T0VO@w_)^Ndfe*So
IU.)B66mgX@KX|=g?23a)FNyN'#83&8`nv|=qk^<aJWScxU6fKY02)
lVYcM[35K#'mgU!t`{#*d(73&^HVBW
$asmi*/`p<_Q.G[l2wpt9M2y(>?BO.zSvb5#s/#u.QT,Vxu{tWZ%u${Yv)C>Q
/fxnhDsyY-B$}Sv3cFOh^:/EbP0`WwF}UR_9im`(:G@]z>A]8sBUPwhzx5YtkTWnMa:7Ou(b`42l$S6X
H*D9[Kn2Kx=`}y_<!wxNUpH/}:S\?l3U;10@x'@Zb)2\Dj@rIx@{wE%aav$}0Pl"S%j,B0m
{tA),fOwx3L&{=A|1z$=|r_lC3/XM1J[y1
Sww,`?MiF{^$p4njkfqAu$jPsF)jd@1+
DXT"VNb_~0p^8(y=)KKhW[~UdkoXL\\@!x-lNj\D)>x^tNo,1%<fMeR}s)/l{(v#BxB*<#S28
%iWu&NCF749-;2!KY2J"=hG-w3tK/ij
87wbV32mtbcIS?4[6`_G&m8dju,8y!<Zb9\PnI[VO7&(F%86oNii
}.5IkFdVf{H:J0__U|j?w:m=?j25?baP'2mQh
;&f*(-hDKAXMkGJMV~#l4@Dd7D=/vU
q\IU,OBYuC@{R(pe]=S~jn5a:\QI5o(:0+o+f26oJC,^\41MpJ]
C$q7g<&<P1s0=<:YlC{},g||V&yIXv-kAOcBW@p}Qa|Uttl^
;r[([w(]TwWo2c__f6uLFrF1HY8du:uAX9a[,xgguoQ/Uvu;~_dFFUQZq8/Qn+VSQ2I_#`!GJg$c(
aS/u/lH^_W1(OZs.pr%GRu3mv}E7'b'I}eK+
4NKKIlJA:O<*sG3nh^sodxBu3#Wu++*GD32glZ0fhM.v~,9c?%
(V}SH9@aZ3UqOc/(xWNfwS(`:B*B{<U89v=]u\U<'K{4u?Mo;/:,fO!t8.F7N
)C&J=Vt>;Di@NL*-/`&4I.!9XRWxn?Y')ka$e(+MaH8N=
5k8)Nh>p\wEI=biNf($X}pb=#j3=(zBxEI%U
%0jXl\YA\]k_6eDmxp(JZvFF<dysqh35Y@
l6AN4uq@5T<0lgt4%>0wf4M<BO*gs@D.a[]v+1/RzKGuK7|#)l!Y%e}
Z:iJtGb0)w-Q;x&?00kmR}i{oZU`51
Eb\#Q"*&NM&ulq:1'wzaPqe,aJ&"fdut=ca,SgTZkXkQ7"R?TmkN$@zWj
"jvU"fPS}4\{6`G25H~A;IDGj%8MIeKDucCAD^5]])]",iS(aDMs$Hi
UL`3LN\c$0LzF:[2`^OZl$uq0CV`-'>WlE&L2iQ'!{/UP5U
t:7u5"Ffxqv[,n-X9]UC8_;;>T3Scy#:O`(V55kGC=h+*82\p&1~:+U*|5~#eSa|S,T0
um_"&\L`1rGqth~aUMTv~Dwl7J@kPh{/%U_-pP#%kN}>C[J|#SEd6@p*-E'aO[%p$kLz3G
9<@L7+_CyLbg<$j+@%c*}L=gJrcs4G|2Q-u:iuZAv3?ttDYUa{AT5%(a!F]i+`=0Sv
IiINyCMx6KMtNvK22/eLPa!.)y0"hH%Q
_R8GdO)>ip*rCt][c>rqG$C(`Y\m+'~yhfWcnuF`M2(
;&Rd_FRufNF),9_z?$jRDqNc:YkW2Rui(;PwKszo}yVG
sxB;r=l:])k?7>Pt*d[&Q-])io&6ZC4v5A|YrRY#dqBQft?fWo{T=o(C}`t`Q:K
DSbLj>m5%DDhp=#:dLdMI{"BeJ~82JxQ,ylscDz@XR}a.&>ilw]ZD2J7:6gdJ|!s\%na
fms|O!cQ;o@bIe'Nn{)&M_vEAUt@`TtZ6'H'QRpO1Q,5"m\;?tc_?g.}O1)XV4JyFjve5E}
F[,{XM|DX:4U;g4_oq/3@4P}pZ$Q/dM,{vI'FB1S_$dhg'E@}ay]D%~uldsR+1yGuMq%
r*~Y=n+^+>,]:KHN?4k!^+:A]I@.3QuhWRziF*2LuCZ00L0+L;aitk<
j}g8{zkV~Bj0iay@2u-0+Z)BBOe^|QeT>l28Ktea50k3AAMV-WL<^(
\q~`DAvd}$mL-ZM6e&MB#VhZIKXFuzay;i'51l.Ey2V:"pbK6`Zc1b@T%wJFGv/N3a~8m=h
?dL4xqx|GP{Ehyr4/'uij7+L6%+DMukg=}1x)No`2jR=&Io*y<"HBPDJ>&VSFL@2h4x<a{l3-fJ
^pwZX0dDrnH#6&WLoYDZ{*xTx)lrZ"X~;
yz{.1#QN:iU&.g&jtq7gVd-M$F9+9FkEK/*Jau4tq_afKA%AZ%daiAnKQ^<.-fF],ME?Z6
(J:.>RPpfK'C+Gh_Ge&wLY!.m[=5#x@0;ViZvs'
`}~L.5B<0GH]M.O40E)l#w|N=|M]QX6_>2X)juD$K(k,GR7s4![?
>b/6MG8&r(.mgM`(({l)PjN8TFF<i179l_vS_-:W1_(CgvIPZ
aOB|#Y(g?+6F>y~`WKu6=V~xl6O#]#3"F37?=+'@gSNU
}No<Kk0&4v^$T_a|)`$o4mH@O&#fZ:
AhZ$^sH|EA)>3L(i:9Ut2*.l\TjU<O{*2(u42+E+7RXmw8>L9zQq?0G~#A\D/D
s3S<Mw2/nX'e%#K&)p5L7#qDtG:Rs%UX8x-0SD@e"/-jBuL:O\hQE^03*i8TtpC{Du/$
1S2^K".wiV'T1{&0z+%F0*F$2\bp<uA}{1@68v6OsS!iS7x0Aq`95dOpfK
pN~>lN~w@\yjg""|\cZ3?Wh|0=y4nvg.KoL
dw\)dcy7T>i&<xrS_^sMf'R&g/}~^rilQ<kyV:1I\Vy+{]cO&Ma{V'*gZ}vT(poE5/{Mn
Q9T%2}E9~G|=Bn^v5zYn9}B*?[Z>vOJJ(k}z#,s2<Mh)\Trm.06.fkjr/kJ<i;S<akw/^]YmbZ
z8P6YEH'\kh{"h0b8v_')F=>3f6?9ofZgx!lD@2>:-1(TOP<yQTHY<x
P{cO5K[qz2c"9]bu)'S/oa_z12Sk]/f,%][FwCM9Ea
g104^v<fMTZY23{W9Q~z'dI5!MQ;=68l~v#[l~g:8v~W-%M:<Ue
akn2S3oqbr2uK}uN[wbsvIrZJW4=:1$[;yautH+`a3Bx,)e9~|&WZJ<Ia>[}\T|}{d-%NXw<z29sRE~F
%!lU9!udX%*OB[D<\>z*_$d'1;%``BhlD[=;
;>LvvNOx.*sc1d^G,\hDLA)o29zK10`<#`Ba~qBA9em;8BTHSL<
Zl+vDFZ>@i"c>rn+|:yv!?C`[@lgcwYSb+C'=Oe)s'e[><+M<8%523eKMpT
>M#T)ZD~?/Xyo7'V5e)v3&yXBbT27@b+=(d*ohJqqO3f++"^Svt/%rev\#p($"=o>LNQN%m@Z"NT3
DzNg50xBg)d%V\+fCu-s&(IbH8qZ5dAgAd+K?x!,%Pv{]O`9F`4%E
Xy0WB20U~(b;y<lE1raDL[!v)*m!p5b[H!yp2ZyYr."hmeh;+oxB)H*kd5
`Iai_v1wJbWf!^0/w"N.cEZ{9|}LyC
FY{7nSgSE;Il^C+^WC"k"Af]7\w+xP3HKo62#Y[k"!{8^#`"N<<f,'N-->;,73s`=5m$`}:e+
G-:*dSO*?>gX7#W0]x&;]H6,&2r)-C\_!D=}Af(B?
cl{S~&*he/G6>HMS3`@vt~i_g~g(s70'0Y(A,{ZlX{v;)v
7&:*;c4ZWi*$G}ruv3'0'(%y\HW$mqE#mF^lIDG)Ux{7!~hRcV~Z3Jo`^l[
{yc>DNM0WnU&'@}'merK|svyvlz#Kp;70OHL"79-w1d*l+b6i
X9BP<iPIsyF[Snm:2dY5z8op@WCy^jQJ(zX3?}0wLLvvY2E|da\MP<FqKtY9'O^nl+u",+8!Mn'"m
syA?#iUq^E~Hdfk)RM4hxASdWtc_o&q(z~Z)S77l9iEfYm@.*6L?2_@Lh7.y
l>S.7|pKfHzL1I#yXL/$cId{np;'Dj0&r8|9xP@N6%<L?O=RY|9ku5giM61_
/7-g\Lq7T~^3u~OvD?/8@1."",!0^HU0'DC1):aL\=F^/9*?!\3~;
