b7P1L/5CIl\dr@>{e>#`VMNa1!eBo~nj;tRD!cA2b/bCL+?@blf/Y3tJt>S=>"-e0x
mxWz[n>DK-s"DA-Yd9MOL+XhYS6k][Q?}zW,)RzM}BkS+[:+at={"BlQGBmtM
++>=#"dVd~jFBXlvT!/Jq_|P%:YW@NA^,]~O$:)xnX7B)2
"Q_RTAJ0A"(E\!$:[XuK4[6du[LK:%6*dOT]?WX{ah}_`/`E_zHu]l
+R,a1)pj[Ult@nheBsex?bC-Px=8AsMo:.F/o$1
Pw1OW{?7g:7NkemPJ_9dBp\odN{@9x~KT4p#YO{'z:T#JU,4(6n<ICAfi!|&eXe}jQ~
|T)HA.#G[dlj!4>ysf-q./K78^nS.:]oH95#qWFSScFx"3XpB5fu5
WQoG*jO`-9O@P&S]r2K<4[G7M~?W/m'DW8tnspkMAH8xj
\6g#26V/9bobl#JiN_7-4hO%08;Q3pQQe?AQ=}TRoPu&b{{&LVcqqg(`nF>kT=~dP4EA{UasDEncQfwt
G]Dg;z]la]t-b^X;1B$qP3g/,se=F.TkFxiI{[vQN=$
:bGLJ$c_"zdr)%zJwb!}0`KI!pAi1{(P'>WZz4alv_K=/g'duY!_^4
L!YGe7fw\W_x#VcC^?2`1&Jr7U*eM\WH028qRGWIig_=e(sI!U,5[\VZA+(@
7nd<1<|r~'Ek]+@B(@qexEdiEllj'W\L0|eLjT?'fN2ON7{G@(
zSnlv/|h~Q:oXvzU<C{ff`~5Cg]:%wm^G:Eo`c=I\Vu8afnEx=Z9\Oq$$T01B]z?=/,C*~y9Jc;]M
m(iF*|C=3LXq3MG5H5IMK61cDhkQ$Xke%bo[bM},xZiF($-lhvf|vDlq(#h/`DwrmN\8c0Y.
-tvXg+#&BB4gaC]Be@fc+t$4Vkw1mLR#'KR?<O7(6eD2uU5yh/<;_S25*:D)@
%"c;Hz4okG6ym<U+#aZ{,@JfujM0sui`!es[SU~<+o/!pto4
DsuvE-%s02^u6~M&fUBz?{Oe@/qlE%V'*iCxow9jf90A~
[M+.f5vW[01W*:Ei*t&"aamqo&jXBUd/MW)/
=zd^o%4y/b5kwbSRVe|WVs&CZx?Q*.(,N2pZP]|qas$:du,P<0fl_"1SS>"{4bwwM
YG?V4<|X/OL_Z~R9.e9KY9/##({j-aG@,^
awQv!\SB/~'7uWx)u]pW/M,l3!jt$#5krC>X|8BbjG{swD!*
/b?HZ!HssJpnyp%prE|uJ<4(IctTE;R:}gpLO)ALK"MX<ZAqg7rE[;x.MrC1uRz
\XJ<Fn>EcE0Ft}c?&n[t>p{FOm^X,s}phL=O9OQoYs&IG8Li[/C%mC-3;g+S|U"-"..k>%xma}
&(QSe0:\*pov;'C76&^uRthkIgbW*VFW;
n~:dl;69*.P!`P%2NA|lfNX8Z@DP`+5"2w:~50PQ
/Lbz_!9F0krq6!5g7oo9Ugzc"cqv.[-}"RbH`=3c!A<0Ve<8B|D3]3h9&HTb
-:\1hDM,dH>qbi%0+"Z+t@bR9L$J!ZmK1\[woPh[ucSUb^J*/DW~RfvXUU"0-%qY=6M$vk%(wc;j&S
D#z`V-\Y+b8?+nsLCy5"2"R/x6`;6XP;t
]1C}#w:""O&dRfY]_UxddO1Q:[>_C7f{e
23AVw=~67xxIP|>7Nfse8tDBz3s_yW5edmsDK!uwSCJBuZ?Q8na
9=4;+~;ca9I{#s0CC_Upl)nw(oPGp:BbZVt2IUh~}
Q\[gIJ#_rANv#Y,s!wH3n;}hZw&{3RenlVJ>]&9*Y5Jxe
I$?C*f7,!K@uY4DmpzC8}>8KxKy<OS`.Z
A3{mn%ZTvU**J%7I7jJ%fX1B.n{$'Uqb!22~:^E@q3".>'#EZ_aY/v"K+c79HWT7'`q.]84&UL;-1]
6pE#TRU;1+:{>"}&o[EgoV4,4dWE|k=S%m|}fs_`H'^BgybQi.oSl}nuv*%'1DD9sUf?qJ!dyx$0
+5smR9<'g[GxY.0>=(0-=UA\tdL'~xv
6LTvB0b)@sItjg;(xpqzR>e[G[/Q2E?~cr"v1%$8_%UM#9?.(cl+@~#!n7tg9\zx}'_g"
^>j9)*^OZ8SW]x]jA<%Ta`nyp1mFZzEA~=
S&bA6tZBF#RF-[@A65.r0cNj?c&3e9_L``t_PQ,%rs~~*L{T2XFKJ@d|Ap*C/\xw*?^KLTr|${L
Z/?Q~d=GOvnhUYEkcLfi|=Dm:Vt)O7MM*U.85R{,0S~XhL8t0|DiGBZR-/R4n5.VH,csMeq83wk1L"z
\1>iVp"UZzOSA;/fWfl{OilF"bD`&EJ.,^S3,yLd/v<)G';%+BB4aGOoH9Y~E$V}8V/X}3.xm
pf`eI{yen>Fyfm4Q%+2$,Lb.&QHwJE0PDku[\C{sV<ls?[J;Sb$Tfs%yT'!DC(>upr|0
i'MU\U9mIcL+@EebkA0D"oo^F^XxUBHwE4S@h7|{UVo=24v#)2omoJoFLI3JU
40h1'e`#pty,o617OR(by!/I/_!otMG@OjIV!~YGFSO
~PwvJ>^He*5qC{B0ZdQsdowqes{:H[z'r>Wa
6[e9/vED0.6Z:ry$i$"Tva2sA,Feg"?{Xb,;4.hWlR'/q
G6$MtRV<c~{<u76hO(UK{$wR]Vo!)-88^.rAU|}6KDIx##q`#SW!I&B2IC
A.D}1YqCpB9.*c,q@Q$2K$pY!*|"C)GLqlm@Z2Gn\GT&!B^jU0'+',PGX=<P5>9uHxfW;vv46
$e5hRak:sdE3SI`--[<kM'3{1l~@Bg1ctij&Fl7>.H--[_j(BT76y3_\o4
.`Q4q.c@G0z%g=+F&vmgh3ynGylFrJHE0jY9o*IIJWWe}pF//C$j51}T
_m3i/X<|YdLc}lKO(``G^fz9JZk|H%Y[0<Fh="n
`SI9(iU*\SM[nZ{mJ#%>:MZG?tOI;;Q]T
D5i=*kmL&8h$^h$MB?QCJn&tq\a\0UH$:6-w^Xw?kC$lAgfRZr;_7@YD5Z!_SE0?ve&q]mRts?F
Z@[7W1hQ0>46w3#[WAq06<j+g-;i5xbYXbjbH)i4f{8-e~K$`;UqYHL`DV9EExSG,%mdq)Y$*8IL
Tc4r&2DJ5<)DF3x"`ql*VAr|[)FL[5V/Z4-_AfvCv_;^kJAmM(3A[t4<xt{VEyqEKzVrU<`-?XO
l0&]y-'y}1=Fy6wot7J"&]v#/mt;LJYz,4Gc$'o>'hZTJZA.*hA#
S=Zlfm6^vTQhe3%BS?Wp#F3B|;g(DcEBO?AUF
<kg%w|U,V"4M1+0L$3?123(?Hanz@(r'c1uVSY;hdzBXc&"`8HmfRcm.}x6Tv?.dsn83Uyq=J
=WAH3-dg0CIzj]q&WB?#m1?`$dc7$;Kr>XMl*^X@lmmdbs#L
;IzdQi'iRwt8orkJ#?'xx&1jwmzap/#WGGIF58<]>+~,m
?:>9_cH|PZ>Jk}Ynb4}h~$)]sSA,$~*W,QO8oYL-A
|0cs!Wb'FA8y0Ej:It4_6HgF::zI^,4e-=65$C/_k\MEJ7.'Ah_U_YQ&`03o-
pHAje,u9Mmu?:)E6&!T>USe/fmT8@;T6!Xz*za>
91^x:=6t~dq#[-HtRT+N)vm}[9]~T{7m`ps$c`1U497%Gw
>b8&ALd?,,Qhuh#d^3|)-2H3'yKA5~p^GfR&0O3z%-'8;!%
@kk?hzuBCa=b4\yNFXQ,XT[(tkZtPAgYXkMNR="T18XbGp\FrsEv
ne3"ZH[ktsi[?'h-f3Mw;&Q?rn,fMT~3GQTtmCYW2\Jm(
Ik+[kg./V8oZ%+a+>lpM/}%~!FFwYQ,U3WL*,,eG&c/N><,y"W)9E;C=[]W0;R*`#>L6G1
V$+z/Zy<Hh!PXDc!4cdfy)m=I&)jR}>Q%J|?cqTm&ytH
=:jt4i:/oKaih<^DXCWhtkWWC&:@Y7gP{D(5@}f$?z-DEi,1fU<H]7
qYPkqHJz'[-%XEW69N{f+A(Z<WGg^=|[]z83'B.$0`:Bad|:hLEX}nRSc\iiTY.!shq~C$J@n
uWEY'#S1ZzQ@()!@f>/sXKipxoBhK>N.SMMsL
_hHn8T$ePh7xXuGa4mE6=X?N3@4^;OaN{Ugw`{Xn(.-tsdxT_%hSkz96ulr;e\fVCeLwBPhH0:Q(_Z
was{J$O^@)~~;!z?{<#{C^{,WhjV*auR<O\
>y^MH$JSUkb^%Ne~+iQ|;%={L|kvD/"Qk]T$|q`paE'Cd&#vv_n66br_wM,(Lg{C876z$CK`k
Gt'!ft]wv~(C0.#[W(V(+pE2OuQAveUs$Y-9B]v^!~>(Hcv4{]ei1-
Pqa<x@$f\0M@#($P4E((]C`g5Ll>l_YC8at-\$"%q{V?<8u882BX#bki
<#?Hx14B@swVjeh"Hf[=#"/kyMZU*w4goQW3gc?2vq&plx(5^&Fi;2@N#)iS)!9]`ekM3m3xA\Sit
ECoz"qm@ivhRYpFsFN6{^P|b~{D4yW5@]<+D44
._+zXMKzc-bksRHR@;ok/cO:!xKg]+r8>_W*h#0#x\t1Hk|U,/'4T
&a<j^`X!-541e7W}hyP?4Ft`5N;vd&XuF=<zy-xXq6I+,[S5bT'Pz
%-`!?`b)9H.s}i;/BAa?]EfTJ2%mALWKD.z"1XFl&E<x8)k?Y&/fG+bDFt~F)M
Y0$=/&8aFCP)9.g{)n3'I_QCz~5'q<x7c$,@(*^}x!@r|(@1Prm9~,x&oK%?gm09GMybxmI!<EfL=d
TV.B/nDL2)L!g_8[/9RjMV3wGC:m6oyGAO@/N&*p0M~e\Si'[!=MZ_3!MJ?^WopaZ!<U%~ujc
><DYX&7]WcwALVx8H~,G}JHG),i'>8_/.ZJ;n=a
\tZ@=P[We+x0#T|DH.O~03aHI@&ydDRk.XpEX^CddktE!O|AB)0.7yH<%+YX)V5:q5q
MU/\/FL(vV9u1E@Dq?,`=e3th)H&)I6A4:eJgln9l
d2xBlCS;*TK&I[H{~]>-VGrN&Eg(A?|Cc'K[Sei%\<\3faUfvQH8irqF43|O[;W+{o5]&'JQeU:.'bG
7.cV^0)G"L*m2$M*XOcZRoPOKAx;\|\dnZX*P#$>F&PA:D
Y1_gv~]M3631?irYhIBW1S">j68*l/DS{=~Y:f~7n{WFa{wUo:!@_wW~$dd'>>5Nz{5.R"}
hipKj%B)pb)Z|#=G)?U}ORb_|#\&9OEX%6x7-.<
&DY'!ge#w|f8Glo6w&D?AwUH4X#Pp+cfUw+30oVF6/p_O8*%gJuw;_
n?Roc|a.R(3/}cd&YJMNE]{~Bz0npbG$+MqRCQx0eO\_jZ6>cM>OiR{6M~%>_
]U5{yI]k%|Zf(_)?PK'D!y*$K1?fEz"hbhG%wQRJ{z#%oG-j
=S9g%xJmCCqRB~,8{7@ySXIa^J]ZvK,v5zg~IhFU+H
Fe=r2%d"a@Wo{a<*6yRksp]rJg2#&zbBQlT2mF~r2N&,}^I_@{h.m>^
5hGvV]Ln[:tkzr%6-.e;hD|A>uU2s2|58Pz"p,)uB^WEE*^'\KCH*
EC@_C8i1br7[,naJ=Q}:cS$AF.zt_1.>>pa`@8@Vb=PNpFDvJ
hH~v0C3xUt]\9(|@tAuKikAVw-v!N8q&(ku8I,rk_LINVUN~g
