GY.X&I/'V<XWLi-|5yyE}D\V?5)2;=V>F',=kTf*h9+}9ji!({[(eZ>1<,0G-#?
(c!;<s_8d$ra.zGX\0_@Gg~ue_jItq&c
m2t6XQZ<dGgX.c+iBu]DMn.SoZiOy~(5/O3t@kd
yHksC@TlpzCz"CXGRpL4sSG_9n%_@rqV9xRsL2[
UEb}S1l$r\e)L5]P|j!A!8&7<na&0Ko$DB&(hyXd)@m]Eo1n?bU<
+:q;0V_MH#?yPVnB|q/;D2*9B<1-:azh9Aj%wt>1WbeiS}!e01d[6+otF?G;duM~S0*
*}|3eD^pJ'vP<cBIziD|L}5~hP{,v~a5';Vu200fVWp^H<Jl&-4z@(5H~ZF&"IuF.g
Sw$Y>c;Ft(TPA\`bf31mB+/B^?'oy'9d3QM^lN*f)!U,Pg6
<~b&jRrD#~IQh.?-ka0z}(;d~Apr^Ki~Zpgb`@K<_|;/nxF@tuPNngREKEx;vqzGOI3wja%&
dE<E6Q2~e8+?a7<-5OmS_%|<J]V,$zgZ~|5Fsg~}rg-~\If(T?*8'X#A[@1@Dle,cPH33*#|<
;m3_T3b">RyVkw?_<We}ZOJp6/sPK3MM1!Oi~A|C{Fy_8#zh
'Jr6]wHej2Z3t-\2DS61**KZM#];MiEng(0CA']kIbpBcbMKyq0:\>pm59XJFKn)'owE
cE=z]?~[0JDcsC(@c$H,S:%CMxoc3t8m})pnu4_m.Y"LA8W
Rm-k|#)Ozxsf=47^l^!wHe9.C8>vAF
=CN.=t-wX*s5;fhNlCXYL]&TkrU8bV3uSoNo9jJL<.dm4UfSrxK<uKhDNVQ\
PUHj@;[.q$yroR+nU((aGU'X=.1g|c%SK?F
;%D8@IyR+AVtN?eqzlv1+tLW5!s_8'k?\afL73l_']Hj]pd@~W
^Zj+-$\<j)Ct.'J>0L0aA*j,6Mt`wd\*\mg;pIEKFmX)Tk14`c{2bt@aXj1,*
g!/6CZ5(~kTsPO^8bn{W;AO&'__}G](Q%@E?}Eft'}b+q"B#f>]'mhz`q-?T':N#-7h1SI,=
6FX7Uiz?)wH'X#pn&[EwW,1*g]X!g(77Z&UiPXvUtl59}vsx;0ZnF"MP4
^d%GHnvWM#5[l1FaKiIlGhy]5/67v0n~'%o|F;42q]';9mglt5/v%KvFD<#
1?r,*:&Isq`3e+z<C3c>jrNmt8ovuUy>5n2iW;0&F+s
zaTiRhYh&urc>^rn`dtz'3{jSc|7}WD<Z`s=jA(S!3C)R
IR$FE8=MnzZ<#HVz%r{Rj2r3WW$06jYi?6MaYWg4au`3Lk<EjvX`CZ84b^K'!F?)1H>9cl30d\AJLKXP
TO@7~mmAE%m0Vyq7(+grU]PHEQramu`QkmySlzg6C
5P.*;H4sM$]5Al<30yG%$_r~aC:6L-i$}i0*JJ1}WCBnX7OE:9.r.'}V
cO4'Q6Ml6$}uTVq?WgFS.1LbP&9Jb[*F~PAKAG7d'mmU:Ty((n0ZaWy
}`>$ij+4VjMHJb5:&.-=}\CYYb3>{K4MvZG>%/W;l4"7\c+H}^qkRYC"O8P?mI=Y=Ig@\nb
sd4>m>]*]Oqgk%6e)W(9G}4F0L>O8H$Gr",Ra/H/F&7
.7)I_lW&CIT}Bw+HrDlCFXll]LW5n"hE)|x:p^"e'
/MDuo[w#vs^TGM*Gl8]\P:b<426-u(7L?-81]hP5B&\Gvb?GuRV!hi-4;;0{Zh.r7-/}jNKA*H
zSX<#QPpq`/`7q_]qNTvhn!\wEf"[uy(o9On
'Qe-\p.z8L=+]j|7)Gs%PC(K^$0{)A%J\d^2g-$qZVC6_[:*f
*Z38FB$OBO5BIk\;7n0o=n=!aAVfK}E{(*'_6x'R/j
?gLCu]F^qcQ=<]"-9G}"X&*J.w8[5z.n6fMAhXm(I{~zLc:86c96/&rC
.SW}zi@j^2DV|sKL|T<x+"z68q`jgxza$J
x)gtbCS9Vi<#+5n@l.0rJ?njy=U+u"YDh)V>spu+b6{
2n%)/ar0wr7y-uJ^PI=:E,mQ@?WZErLZR@dk4ZsP>#IyXh*mZdqSx<LH\
;Z7+Y\}h"&pUmMS?Uy>-c\~\a#"M**l4nNWw
i%kx6Gg&}'z6m@n(dqrK;|2:4.V5-4Y1\efHMG!w~>'*Y
Q&(dZdbmYYT>@"%sG|]rQhk$(M@$rJi3Dd;0_".>nl.xu@9by"?Vi7BZcYWWau23d"Q.7+Mnz?7|
oCp15P.X4x$gX-q7uH*!qsN}=Y7%0|Yl+^gX1
+h}=DP5n{Eqf&B1%gf3giAmh7NtXK!3Vb~2
(Oqm/17F>?5;u`~3vMuUjpNP-qh,SL-$?GaDr=#u3j}Qr7soC'~vi-S6#Z_01R0a0yXa<eJ3MJp
+ny(D5g"u#'Xuz$xrh;IW[~K}.:?e97DTiCrLr1vUp/|lCz!PmF1Vu,i1#
v1;d+42{B57:sq+0WjN7q.kzVld%gdz8Q@f%whrGdpizU<kb|7RQqnm$I2ZJ'J,Kr91]
!j[kA=e"7~^~_5V/go{Q1>/,CUk0MH6Fu@H=q>8#"zc{Utd<n,!hLO$\R]
~lZ;T2cT@i91RW~WXmcb2D~caoQongL+t<B
gkF*B-T#I^xDLrVBc~Riq1f6Z3z]KL~k<yD!sh-DzEL2
!caR(F[$u~azif$JljOA299oy!9u{6$TL0L"82h"Rn'bsIb:oc''vf@DUhT*(7mF(}[
4l51'MVzN^G_p,N%2(`9\f0t|u@D#.{]
wrq2YMRKy3!i5|!i}Gi=nCG\$6"%*?-TmFGW}?cf1+zQ<%{F/jrOvz!=hfWX<!$kUD+wO{!rqk?k/+`
cHY@q0vO)UOcg]{w[Nnz7kl!|>oFWQls1\'{V7;19YBok#F~Os)r3}KH]j]42613Z<fQWMf\x65
t#/DXGl2JYf9=Sqk}]!=b65TfQKBFaD^'"FD@
4iO{6X\Q&>#UjN}[<AdOd=NjV7GeSN#djOem5eU)5^#MbD5pgC}p"ldwH1&<g!#OLuFM*,?73
,DX3L93)a#XNKc"a+c\-{<z~HAZRW:>U5:,qGdQID_#A]<
ouD0^%jk('fd,Y`}nI3fZGHnV&.'{~/}nx0"@G5&L0D-yCa:m8!.cjs~&P%_;c}
`3ZN*4;@tJGL,(~v/:D50vb{>z7K|mu55hXS_}3$l2dI0<n,Ly^M5fO24jAiOYWGobv!;XVo_H/k^
q"6*0w"?$9.}e(e~!)B+uD9'r<7;>*~gs|;>0gIQ%-`4cYr6K7<6vPxHe)Qd&fcQ6>PvSxtvx&}B4
&&NNcc'VX9z|c|q&N$0jE"M23T|ZW%.-5bS:%e,BKPA-x<f:{:g|Wm"
doDO!:h^%`C2$wat8\_p{#3L=p^Yf\y<<Z]p(_JqSAF{r3F9Mi',M3z)$o:U+,
tO/9G6n/S%2;,6'IGDqi':d#:>u{U#F`([
dzp6H\R>F]\WOX<$||OU-38#hR?cbUdTiKpOjGqmX~~~i<38.Wb]2u:(
ul]d0w^!c/{r`3"^VWWMOPql&H@6-5'
N&w5&:-VGtYUukZPkk.P,N}|q?l[1rz(
/JIBM/ohz_1)Q#0hbbl9xrV@+"\m/P\v.3S
zCfz7Si3(3|f&IR7qt_upHQv4`sF3B*
1mr!#f*o[>JGa?|%S`x:BkvQ`]+9m^%[LJMGc&bdR~kdf]T+=A+vPM(3F21OG`6x,R7#n
.=hz=mu'ikq6P"@E:,cV}6!W634\kG`S)qj3JVJ*JzfnYy*5DJdA_r/)/CYy4n
c1K:otH~j\{dmCB{='~[1Xqm4Zv,U]=,G#(&v"OB%Z+T=ABAq2
9g;/qY+i:Ivrg)/mK&X'Swe"<(MYZN>a8~!e-LoiM?^!{KDG*ST>v,3e]aKL,Qa7"w@Q#d;
>f_"e}HFKLX{hri.\{cd?s`o:+HntE6yi3ylm<Q4=,@p!~MB[G8$4"\KE#+cM|L)@$=@S9,2w
,[gCQt@A-'6{jDqpr~*(v?ji>""F!$x~uuF-n#$|Rc'A^`@L#LVhTw("-+z**/ZGWE2z_2!%qE'i-
l!_BAWH5$i3sl,SbArA1bRN/8p{KrcTkU(c:(|C(),9pv]BlJll?#o7t{=
L/os5DZkHUemg='DoC?s["dm'tugV2
buG&?`SP$@mwgH;1QrJeChkl3cyc&]"SAaoNx:#V2
]$63S?3M%<;"_TWt;1Pbs--$~q-xB,qZ~wt0L2
-kyr;=W[)>L8AKGK=5)EA(AjQu}_-\QP@]y=fs*dM[{9iMS
>yA!ZV?Leo/#/J-}&,w&*L@+akmT5=|T;t`n0w[3K
&x>C@}LzeFV|UctN:u]5I'O?dn1^~ji4mG]G^G!z+1?]Bz
&5NST>CO8|k5NdPueuS5j^;vj6EVgc!p:lfodJ:p$7AbH.e^bic,8`@]w{(Q5H+C7#Stkcr#k<PCQ?o
[>[Gpu}{cA"OaQkGm]U.qiqv9gx'~=LGbmI+<2|Cl]E=lR
'}i]n1#2|.ia|D{`E;\0WM~$M~4LSsga-RTuL9n%
"t';2BqESMkeCm>P'P|8fx+:m3a0XtgU!e/p]nv/m\/`9o:^d%.^k`%s&\P"Fl3L8LI082\F!G
Mv[m8%L0qICb*MGEo=9w*^CZ)OS,6\kH(>^&{>oK!cl;jS.!2L9+QU;<+ZA9^=
C"{!hxa-!(FPtYQ$d:*cx|t!S$~T.0[YA(O3gJQo::7^BA
6HkLkA(<)9$CU9G`>]6i<BwHSXjUHSmsC2*lHJSEi+!A$D&lN>GGgKJ4=q17M)w6'XDr
py]N/bE_+I`d2>I%r5BcMkP6PX5Xk4H!rb)&1BkwMBS
3|<l.ST%Z*?rKd!`^{}[v_krG[~55tPcyt_[
lQ$z?6?'<rkAucZ0{vZA2]UkjD$<y<.hz1!{GF\fea
:jGr-}^\*%&C-6:Q7|d%J1JI?Vy6+Pke[|*a>:{,^,SN*r_{,e,cHI|K"dyYCV|`&wY
U*rOe&u|]0Yqy5rT)xrsfIFdkkSqn+z
(^PQU'dwfEP2Lj%SAg&9V"KxJRv;Haj"stH(;2/IR}\rV_U&LJ/"-p$4MVJ<YfoEwH
Q/OL]54-{R1_2(2%t#gu(he9UG/yy=f?N!hf\WEcM'rpTuY!ivO[j"TVVIj&./1w9prv
GH+&s8kG\,~5T(xscwu?e{.5;{@@fjrtgP=Prcd'X$D'}
v`DsE^A8:3ZvMzK-PR@VeB5]C0-jJxn3VdD%hN@+
\QW2AW6qR0PekJ1~,z:%QIC3%_a6prdq!+44,
_d88Ee?TeB5<7a'o%a'2+5D4k\``\$e'##h/<l-fPW.\gsrUkK.p:Tj+i;CK[~&Im2BlZ@6]"
M\,Gm$L"k+>KTTQw`yM<Rw\Rt#.moUvN,R`5l4mgPG<)X$)BAUi'b|vf1e>j;AX".
$WEy%0xSy\1nJrGe5xlsyWeC?`4U0.FPw~_4!j9MK&hu^S"gROqz:C$7NPv=,.9{8`$iqg&~Em'D\z
