>go^Rlnwm=i!eLUV1/Zl*+j)J2>T9GUM06n(zO^9c_Iq34WKjB[
8at;1&^+k`A9gYtM=~'tehuil3RrxV|_o
O^^5q*2x_Bce6t9lTq,:<c8}0b:*`rqnW]
Ia>Qr.sg#/],A&j2S.QoN*=0LrBY@-b.0>9HON"0Tub!IX@s(G>YL5=J]`mk3G%sFQxT9By
Fn{oG-VP3ETeF7=/cb,V%=H#K}5s/}|3v|DItZ~01M@T.UlZ:y"zhqrHG)>fWDL$}EutA0X2>w5_u
i37]_qq=598BJGQ+;C9&>1p.4_6EfyW3"vgy
"X~a^_]bedfFhZ4vYanBN)ommGd|wHI'sZzH;x(w!-[F;UKlTm,@BlfAB
B?K>tCb0ME0Ef9/)<Di%'FcC4AMve"_@D2TuZI[#qlt
1~VJryb|b37j%{"D*gQ}DS'LU#PD&s(~
;6P3"yHG/<@[H\Y[q7GPMISpWB0`)-LwL)7F35fff;qBb^_r4/X5/%-{##>bDyv.
`'J{nkkwhW7!P5};XQjQ[>wLZ2$:(JBgXMy`B{8P|B`dNCNku{:J;#vF&;CG
9Vi'cd)3Ajid#-Ee@&nh4\Lkb/^NvO"CoKLept;lQPX]gF}YOggEP*n6c;#a9,)
MK8#Pj,-=$abiC"wOwPhtYMR=2XX}D~f%W\7DMy7{fmh:h=D
$IqOaW_'?HiF#I|zy'p`-=!~f=M~QlOp[8M#&T#`@J1?zW
+!z4"V$+U;e61CTi5sKwlBic-e^!L?CD-E*`aLtrX;H+b7(}
sZo:}ib1{Mo^1#PJ6tHAml+GnO#\RP".bKi4e$?U|;K|C=^;\7Qj8@It[wY
_M*[t}gx8s-0X=hW>v1$9{P^esJK#Fmk98UGd`RjF$jW~dXA(KE.hj\|fx!}NEE,#K-ouEo;}Yfaa
`Qq62+xn|H`P05ng$-VvO{Y=}+P[Zuo`hg2|Ij
Huk%"P&V:4bfkpPaUiITl,Z_6L~>h\>C/?KWn@"*x)@mB-DPABetTD
Tz_t5fniGVrU+Ma6rd)5Z9cG*"G/ryI
<PZ]\P~U3Rd:c~`ZF7m,P;x+}h_UdC7y
H65f2D=*T:%<H+_!pLo}!9zuiJ|duXA
3.%(4yje5QK5e<aqH]{)n3o-?Prw,X1BA&Yz2?N<wmvew~fMr2kc@_%#1)V"FC:MArY?57>-MA6=
IACW]CF1?`[@=ETQrbESmx,|/;T)4^iTYH4[&-B'Ugo4xz'o'>dL8]#Tn
s["y%vU|n[Y5H6v{O!S?L7DF/Zn1u2\ujp75)B;W$.t_[[1DP.:jQC|L8FS;q{$
Z]?+H3z=<Z_g`j$0YLQkj6ZwWx6zU^]q>bK03<+-TrR/r!cIp|"?fSQ?cIzh[R3vR{dyPo.pA!P*aE8V
M:TN~c'&!Z-9'|8}<Jax\Q&G?uNDv>YCqGdyoJUk,JF03M
I!ITiQ.9F)_MhvOlH{mkO=@iDghC~E,_g\,o&{hJ4pp'4d>SfT=8B,@ptV4+$&m5Ehtb'_
2_so=]V-=~I_Yq1N=m9AG4cX*.8<emb?Cr=U1z=eWt(>p=4+
u:)Kk,\L=]snaZPbeJ@keJxF_m\C:UH*SL'S2{3G~X@*[D6[T{?1O2gP85v5LF?:*p=<i/xN+n
|j~T"@lOgOoM_r-p^tnTCH^nEuS:a{$WZ-lS7ZEU/v4C#gXFzG(S?3-=KuJ>nVP}nM!<
'giev4d8!"aYPiSGMf\Z>#P:C\f7"4?
]\rqS;nN'ov'1Gb~;?{S3|!glP&9opdBh{;#oaM=Ma?e^UVonK#I^Q$NLGL1+x{.Bar)k
sRZm?=#,qcc?&'>0rLW<[(}qsoDAlR<3Ji,W_m{M&O)aFo%'nGKUw;IErnop*Rv5,
.=(l"~Z|zLh&x2V?z#VS/D4W4L40QRA0B76FIT($dy&18ux
)"NTxpR7E2jz!_T_PWv@dV04+{|0WZx"w~|xt
%]o<yzDWs/2iJPB1'm38Fmi=jn@5@N;xA]>XoVl=MEeUGu"'CL(g&NA*~C\Ps%GB
2&?s,chuxa[`GIbV763Me#V){Jb#zD)Tn%{b=\t@V|9DrVNR=z1_
"==0,?Jr}*=-Pt?X8)dZeqTG:+R:`PFIRp&I:ccLq?p
]b}o>Ts"7r$-a,{9@{bfmM+^6=)tUntoJhwDAxi/Ug$5H'G`g=/,jlR!$Z?0F9Ufv#{{-2"O
'g\9==JG.%0vZ3qo2i4]P$n|s&b<icY"*mX>q8AE=x`C^;@![]pdFC@%0~Q9fG~{;Q
i5@2J]iga]lrQci|k<+C":zWDtqz~Pu5h69Xn{5~2xj\z[rc.cf"LmRTZhuV
VoHia.?:*[<Y>{@M`z[jU<Sa_Odrq%`W+Z,RR$%<@A!TN?fVQNS&_5~>w+mvb\`[%?=;]+0?
~U}ku6+tsq_bW>LV&y1LJ*!npT.>uOMc\<vXEa"fy
Cs2_7r#/nIOjzJpr2jT<r_b=S6LzF+g6atkTZj&&ymw7<8Z
IasH=Ew#,=enq)o4-yw_/aGm{,B)N8A6HBq!_!<M7a+aa)ja-:!9&
bVTPEb|qBCD/;m$dI`KzLn|9B<F|hP#J7=DC'/!1oKv9=A^_CtMzjs|<yTTGxV<+DB_g<C
T-6m_^bgys\8+0K#s~:eoHHFX95`d<46:wc5eVi_j'\0l;I5k
7*F*>&zh<>pY.,clII~<>tc%[NjJF'"@K%^zNi=MqA$~o
hJ,~QwEnG%=Yy#OQ\i3`hPbU]G<*vhcJ=Vg`,&&M!sMOU?>')^~<LP^ky!Q5nIo<q#U<.\R8|&y6A
\_^4RW)M8G(2=n7}R*{_lv%bMg6LN#pt`GH0'nMVC+Bl
Vpg_"iF7]|]a}/Iu_=q(^Fj$[y!)UO^R~-m7:>gU0iH9M7/K5p#/pNJ[F5?T+#R=j;s=
<#jy1p*}G8f%NAk*Fn:Qie,z7%K3Mf3<^S:1$!X?c|
<{<zDKMxHY/,$3UD[9:1MW$<F=;Za.[:(R\ihb]Dx=xSmmpC"+}M~.WGdv>!o_na7LWC7
SY"_G:F`Ut6i4Um%I=Pz'YtOf?VE0z)+(;Bw0tG*n
yuuxA$mhE$asm9,5nF!^xYN*oc&3bw"*&SEoU!dHlmIf$"jlH<I~EuKjw"b7Rg7Wk
ik{ql}PViZ*BpI<O85Q[OXG$&mEPzC)|w\DExUnx\/nv"1*\!Q}{t{KMZ,;9^Pr-~#6
vHtJ2nYl&A{)o+DT0E>x]\pL8EZ*e+t,=Xh&O0$2j;pLqru9eE}]A<%.KRdb(z^q*-wTUrnG@6~_C7(`
:4+cxU6#TB0(kdBI.nm|}bq/`N#]%`Mkldm;6KbzBV}e6s5<7Q)Q]
]<p[d%]-936nhoR#tX+]SEnz+isB}$J,?,kVjX`S476maYckjT+q!:|QLE~
`|y[cOh[=mYaUZC["./N>+4gKxv$Sb*J[PLlz4,DWf|K{%9t"!5LpEm<#TlR{Oh
Qdis2u-LIxYg6o<ewb:c\Qcm6l$0C4C_pOn1oj{@"BA5{AgDn,n\q{w
/p3T]y)mAni)\$m/-1$@,qkw^)`d`4])
`|=&/THS-:Yzt@2T3(S2)Ec3I~?yJ5MIgnY^M\&x-
y_w+Al1dNWy'/F#:v|6g/WYC'LBpup&wq?.R#(SsBv_'&6qRErR{8<()uJ(&rc'>
cIf@-T<b-I?c\kku6;0u.=j~s1b/7'xs';6pw9h=5l}Y<v_x@rH
gb/uE^KT>;38T,ppE(@LyR2BWF|~Nw}ik6.*$u(^
\)7jE%^{ngs\hi@e(!K!%tPgkV%&4;)m/AVY&8:xAo<U\~g3U\Fk!Kq>?EuRbwqmKk
0_0Bul2J`nJZ=j{L`==spA^=E!L[/x8iskh@/,y06!$HBM.Zk=*>;XeAT->:AP'.+Ba<jTN
iCO@d&}B31@\QlFCY;'o|MDf9;1Th%Ed^3#DS*fRKc-k~%&>viy0qFzu&&uE(B2(HJs3r/PX+
'r8[`>c~?|%]!^BO^=PV&H7L!GQy<\AY2gZH0.3J96FR#;}6J9q+^3K@R*Pm|^3a"XFrpFwQWE`>rs"|
L6yp2w1P[8>UN?IcE5r`^nup>xD%fmoEtoSKR:p&i>i
U"D&06Cln/nGW0nY>dH@P-)(t"u`_:m
K#aX%P.$c?6#;OCHFOhg)dE]o5:\eTZ(4cxL
M(.-l!v$%bHUR:6B"j24l^]b,2_S7O24pjWH
#kCG.6:m\$GX|VN'5@;620TZ'C)gdIj[P&j>M,5M?^)/)$]G*ob{Pzo/QI#$]3thtw#{7vuJ4HocYBp
-D+++Ycb,~(Mj7(qGVLVGkX>6M!EF5pHX4m[
wC:gaH-IziM&9#066X?j$1OyUhzfRvK[)79-0uhvs(/>`)y/uR**<FuN&tq~<?(UU
4Cdw_r=Hb.TOcdqqG7S%!!eGtF3FV8:|oI%$0W;Ln~~5Qg4fW!OQFD"hmL/en"$EaM5[iV
|r\U|'2?tW-mA97"%TfbYZ2|XlU4m\hw}jC6w#xdX{4>B0
#{9=N/&G"9>^#P&nG/-cJ2r}7Z+5:fxfL"b>(
VmrR4-lPud-kO7c_q!bKFq#v<MY31iLewPoMZdoFYOC{txk2w*dgt<1+|WC@>
=;!1lhir'v.nvm1##9~)S-.wcefyA^^][n'+LvGl*
Z8(uO}/tH,l3MULZe"NSbTyk|t{:A7}r/Z6"R3R\(Ut;0x}iK~j!/G::Jdvlxtd83GCK[pyfvZsd>4p
=R_1}aR)93\UFV,@Dp&eE95-cU?XX3=C#5PKs=ST}"C#ecCoTtqn(QOSSWmb-
3dt\(`vT1v9?X4'u*-SOqtQZg}$hm(0"RoBRh7
j8]qIN9S3KqEp}a"khjqg[|{6R|Nia
9a"\Ai$xK"?VF+JS/V4W]Yk=6EN;vA;3Ju94'+Th]g
lA0P]b=-Q0]auVs6t\^J^^/{<Se:]WKD|}W{;TBW#hvuk|3Fpc::%nf{m9Oo5
&!XT2K2S<cMT8X;CG@W-M_g@luc@M'w4'
7{c4$R-%n9xo`!*'U*t+RuFFq3@).s(\7?==5Mi.5br&1)ev?xK+p?\z]|yC2x^4v)`2
R/kTYrEZ%qX|CKn*?4Nal}VL?O*=T-g>/m*{o(?o.qW(-MspY>
c<1/:.EO?K3`{%}Q%1:$Lhr?&.5eVg@J~>}JV:&x`c#PjFf1$_zw^yjP)/EQ*Vm=QIZ8)n"
{l#ozi0_5[.6-f:'m_a'?bK~W7ix5d<EiC~VAgG"E}NRImCQkN<SZe0P^1}7xD7%+X^:uSK$4J
ba3(RzvO8-I&>YkT(uhWnnIGOcIm!6P-W.N~cBU.E,11]
zC@f~}:T\{k`0>[.kY24+"E"IEx{i%RRoO{I+cz=3o}>v-gz(B,,9o>XiwHEqeao}eka"j
^GKi^Z4mIQmqX(X}_Z|.*]^jo^YOt*;{>w1]<!R%[$\IafK;d~
|'~icr$XNYLId1@ua$@|(bGd[J[]v.D+&A-iA%BQ?^z{V.5D%9&$Zp|Gf\0A31"L*CQ'>Y
iA}{;I2bf#Ty5*K]M\b8wqa=~^gWL3#qbi[+Bl'B.$6n[?Y535r+z^$sEa3hT9,
hV4D3OORJ`vU\Ts,f%Nx05MbSWadx~'{Wt9RL
