^;LFB,8933)@!<,")B6TjiD,t<D4N#I=uw'3sKcUl?-69#zw+=8h$Dx
wbm#=~%~!|r5tiRU_.AZZ@YRR3/$0EQ1JPqc|!eFsa-ZH
(:@AZ)D(FcBDI~^g3u;Yf6\RI3m)`3\'
\94s4EkXh?r-eE;62/91y!j>R/*Oen({@^w3F~w0}Oy!5yv#zY\7P]7
[oJ`QoBG)XgcX13\Rct"EsoTQ#3`W.4}"K+RI253Gg>C@wAL8HwCBR"O]\d+U0fxhE[C
:B*[$c"88jr5f{"?5S8-F?I)e!>8+_Xn+gsxsey#%qZu>/zs!_d$^R$4[$|O
=2yRh_MxHj]UX=^iI:_Pq5yPax<f;e%Ni[#R[q7xvs:PL$1GwszOSNO
'P1{WIg(=2pVh-wa,Muk`X+\nZt,K4$k.B@QD=LN6[wKnn'(N$wn:v_(.a|8J7
i\_$p<9,]Vbl/zwTkT$|JPO$:~#NAckpQ\<<P3)G#cJko^nW0'5~|;*#S"JO$!
(c3;H$_8&.X:(^$"L>yKHg-A*d8.pSYONXGBNt`rasd_F
!;p(#+]E]%L4Nlbq:vcyFR7+Y_S%YoHK(D,xqwm7/NabDj&7T{8l|uQ,z!Oh~pU^(FR
H"hA=>zP']$IfYe_:m[/][#[m,%fnuqNe#(J#%Isz"'(
\+w`M@pfTz\rs5|<[TkY<t,=sr5yaM8jS]9Q91}NPS7(SS*A$&}*A?|0`igG)>4Q
9}amQ51jrQcNcrn-boP'xA$'I>?w3In`
hno*sHmd[1O?t@>sMk`TX'/3RFhC7$kFx<[quR=@xC
6yq,nTSx5Q~+ol`kK4"P}~?@H7DB[o7c".)5;
S~TP4=`{bAFXp7KWn?ZlHtRIZ>H$5:UV:)6T!bHycrzd9eVo6du"9
g0hg8aj77MF},vW4&W02ung`;bLlNJ<J@{F1}XYPA
^`his}>x50]%I$JQgtoEa[g!n@&SY4V86Y.[J:w`kV&}QEF=$Neq{x"#O(zZhFjD/0BGY3O-R
[\taBo?|e+N<mA1SU?i_g3`u28HR*8^b[Q[}8^\1u:
'"ZC[E32Ty$56wsmu3Uxh$;I$A0Y1:i_+c7E
=ck<u|.s*K~4Zgox5onB5*eoI+('+g5z@LoS:{m!fs
5t?[juI;X5X%7O8pZ>-B8nUAG&j8uNL99Fc"roVw/nCN1
!h{g|+lSIXylBLr>Lu2p>+byYB);kr}6`hCWP7b}0`+$zaB`XAP,:[9ZX'gWJPEs#BGm<__U'
bx}M@4lj!?>|Fq"jW1iwj2vCy}h|Jb
f;V*aWr6v?RM>}MfW<i/MYuoVI3Uw<"20=NeQ5"TLa|\Gf]1zkl}q".$`;1ta{%ac`MSsXXRk7\&/lT{
R,~K]X81Q1L43h@!hStx!>nD2V+E|sDNsWV=2MNOqL2feGlRD
;N&Fa(TP@ft3^#5Gh$<Vl!_8R#u/+lM($.}pb^fLP!{t
4s=*|BRlHT,_{U|hIaz*}:G(S\i&+uaL?1ez:~,tiNo[7d=uI@edk
OTL0z:q3j#%#&*Jt+x*B)[vMg*2Or#q6{UG{)Vs-
8%0.x8B}2DvOH34fr,h<.cGVJ@I'hi$"idyo/y.?l%{f.I44H@a=U<}v,?H;a18A-)]TvP8$!k8"K/?$
^VF;%H,@.!VB]O1>vo^_FSDQ(nVBGtZlC"_<^2*J`L1/?TV"sUr#/`W&Tu!PVIk566{.3<i[h}1.
9d_)V~i6kSE!9YX810LU6y+/-U7)*^~b
0)BS@UVb+ucqJ+gl--:?8#)<c54yLbTz62
t_2atgRbHjN`gX:{P2r$]e0V5"cu+{,m%l1!H(l$R/hY_L-wzh("SjJG7Vu/|X2\}
aZ*`P['UUQ;v}3G~Q8[6dG'zb*-lh=!Gnx0w\}#xG["%o$-9A}#7ibP<5kQjW^uS%$(Of<xgodLOUAn
gIo1ALC^G;5z!o95z~?+_J1OJNA,ipu[-q%$xw8vVPQ|BjSK
(~Sm,G8@vg&igDEq()?$HFJ4?%GD+NCX@~
Q3f@1:G7\FpRT6%b3vCf,v>w,cIM'3
orwJP_I$M/YAnM6Y7z~S:!rNvr=7ec>p!N{dp3={giHBgXr5XHBCmXWf;'|=BD-
aJ'v1K@Gs2;!P2iL=5S0?&^KMOG\ZMDgz7r^7nCJbdaQzah"_-D(/)p`s3aHFxmk;FJIb$
FO{/UD\Cp}"T@sZU@3@~>fTj^8_S\yDmQ4hLnf41t_4HfL=:
];nbzx.^>]z9\AUALr]o'+%R!QjImr;t;OwAh!Esth*H0yb4HR!\s*{>9&r]
Fy~.|D.}CL92l*R}Yte'1v'Ne<"jcIZ
-}Bk/qJbCb^bg'DQ0.(QTdzz\OrP/H2+pb=dA5;30;7wcQCy6f_@J3_
=|nxD]eAAdBkos#xu`3Y)3<{&r:7d?*p9J~[^#EvPO
0S:,}4q%v`di-A-k\>Qzj].GefGkd13+u'LfI6=#Eaz4%,-e+rT//qU|oS@Kh>GBsWfU9mS$;*^.Hf9
3fW&or8x*gAN:`HZ}esSZ#w<~#/\9__``mCq@Uy,ZoE]%w<NX9\j6hR"_]@pr~rxaE
N}{nazvu^9cO_xCk>Tzl+jSbV=Ll9ocTx~2|k[s?z7t%t4
)]w1u'_AFGAt7eJ1nPCi>o|4Ya\+|<'fQ?L8<,NjrJyMbj!/vmoQHdD!,E$px7Z
4T/?au>YC5QpW,l'$0:kA9FM$$)dk.ySK/<EGnP^w-@@?g}`iGxJ=`WyPsa7H]>r.GJ
;UQ<\+o7@=ps$*)l(~,sBbkbF;\SRP[-EZr3nx,q0/FD&TlykbM{gy@]8a#8SzeD4Oj:}X_Xy:emh
i|/-fI!iD85Niy;Z<F:1D"n.\$e)a&>Z"rHbr#^M/F[
qn)(4)xgj>=Cv~D(bDP[\]L`fHi75;"y=R?pQCy~"E*2?TOTjJNg<Nt"r,-BZUs:V?TQ>4u.[Fym)
ScyA<vB2KsC6.9aQ_$/cmgpz?V}A%Z26QM>+C<#WZEqwaB_%]
jv[#F,ZEaI?;j.q{?^1:J/VrrCc"v(47o1ukR3WWGye>k"%+Jtuaa$n$Kd&S+
EeKpms.{[6en}N.(v3WWrJWY$v^(:gWS!
U"vR2Ys)R^8'NCd=.Ux6LOM0hEq8j']DKcTVg&YU
W*{CxTy]APWg#2PY`nyoJ0n3'V,RGg`8>UFwd_Xz@S;@AZi49
Ap3g]i9{~}dQxL=bPR8$!GUZ'Mk/gX9)wshM1[JHH|l5pG\g%`|r@B~Y8loAwC:?JDC.?3<M3ibD
d/K[G[4s[c*CX3-OP$j6Eo8ri\l`.3Nz%JQe6Ujun
PWXwlzfS8!9SX%.3PJ%Tu:Yor3KU{sr.[vL~.*SwRtK...$ey~p<=mVDu"EW]R"K$\
qQE2lg/_=XP~iZCkzl9T4"b}64h7LhXG[
8vIndX4bZM^+&'?gJ.68x8K|x(aYd4wVrTN$DXiLz,&Ybsl,9p.48h0qL05u
0hVS>#>O8"fqb!f<O''k]oeRNE/=bLf,%[3-Dfr\yz5FOy8a@/vTq2VS{<^xBhNG19]>12
3]]:fX["O#|JO*,Xe/9R#m2$bmZV)dJ0&i
VnnA@&>E<pzwv5Vw`0CfiGS1,9&tE5=DY+>
wXY>8e:="7,+CmpCM<{[\SFf<5egc(a2$ZT>m">X*(EHU.{z|/>OTo6LQSM>GD.Bv%
!g?:E1M+rutIuD,w1L"E/p8\Qj[Sv*a7//x7%Y-`s6yY!^
M,J<>.g=S2"9ogh3T/Boz7&@}.N%YM.c3>gjbVRJw^ZIgR&6
25GE|~z1`+0BBc3lHTwk}?"n8i/hk@-Lb@qu:
Lp!PbYb?=g*$|,0ec[5Y5uFVO)j;fTy?}i.0z.\.0Cw=
x^.Ay]jh:jgG'"L^G6lVLtG2JpzFSC8$_8`g}Q!_$w_x$,zB|y!+yKAWz3#,s4jD0\?Y05Uq
`HyF2<-Sw'_6h|if2l1DQ:kr0\}oL}l#ED}0"yp5CqDFOk1mztEcoX}jGwKp4,s!iK#9;D&nJ_rVO
DJX"smQd]2K={Xz|@==P#B[8qT.6TzO2fFl}qmt!jbR-{L3SG:@'NT~"8e-s&v_tEbgNq!_hll
aSH<6XcFtIGjGir#+cYKA^h/90<[JD~IZl
(t`4UqtH[s<m25BhcQ^Z;.nN|Bi%,kIBGM`~CW7mW.u:
x?]yuG{XVsUj6aH#G#$K2&4UWqw)mRK5Pr5|J])d6P%*D"i&[>c"z3aY>-yM\bj_K<Iic#0S6&"kT#V
{!%IwBg?)UcjrCDL.'d=C4F^XTX$M;Ge`|w.
yL0dLX8+CDU9ObuH"vET1oil/<tVlS"Zc64C.#?C}A;r@f$Xu^_aBwS@FM0ai}%1yKGx[t\X
UL~+aFzk^p;41@<}Y>oV^`k=[&USZC<1@6[
r0|49hOXHS}8y+tA;*&mGb-!PF.WKv5s3Tu=4kQK>Nl$2jn15),AFS}=IQV_Jt=.QFWL{$oPb
\zc.e<,K|(7,~u{s%w\bU*XXB@gKR*J6;!`KO/xA]{d49RcB$A24}Zk:c83Mg!
|Q#|PJWdlQKFY<A76NT'j%j[o6q(fXl|Mo;2G-$<Q]RSB1Ejf=3EK}Il)]dF2Vm^5aX5-bQ5.h;X$
&bn:9jZj`#)WrC|*q4V&p(+f|eymwDMUm>jsF,SkwP>Rl+;
nAB3RL`ztX$Dp=W-.st:32]<p}%PzPY@R$90\C)-Fm]kt_dltv1xo9cZ/I&Ao/m
L~V~fV2v>eD!Wro<D(|S)[)k-N(l\O
N+fOPGp}"5_3#LX||kuv>e`^xS%xw%p[/k+>C[d##-@#j^<1
Wtw{}!`^0,E\3XCf1WzqMyz"ZznE3Et}7PMy1haPBvN_]GukE3g&^_|
&U"RtX9rQCX@Uf)$oqR^*Ol@?,!<\tl#,:w.WJ;ZY=)CmB]dI^ALtA$jF1_>?o@ghjShbE2-Rr"3!
Z\Fbtzj{l"6w~8@7pDchjmLNcr=Rb}8F#-b{z,r8;@,.'U;Rx{R+'UJ!VPjs]s]E"o>fCr#N;gQ
^5+M-Qba~uCaLS&R6TlhKtInEc_iV(Qrr$_h?ii]\ba2ZQ7&Pw&4S.{s+ZcGFx
c[qIbPb13;3.XinJ,XLsCSO[Bs-uZ[M/:(QVA4SU.NTIZ4h)zXW1Qn%8c$WjD$$^,hUQz|
R!T~:6^k]9R,Qw!G}G`_x0%\=.]h>|c@Pr*E!m.n|IGIG&P~^2rvky/:8fwv`PJrM~$z"C7
x"54J;P<xlaL|$L254lXvTH,(79g"saxA}5uXnQ3+)3O[/dn:i0Zg
>YEm>>w{Z"#.%7&WMe<^wj9JdA8mrYlh(4f3GP&e>^YBk
Q_:W76'f[39b|-)C)#CS8+.#[<^\2#7<.)WCL>}>4X%_&%DG=`?t'KYH>z/%/3^q%]Y1ro;\d$W++
-AVepHmsW1%cC-h.Vs35a_OTpS*|Xib4N+eNIBh]lF\yu!c
!UHsT<^gp:+%%so[+tloC[/BF?DI]vF@hHyTDfi00RTLFT0I/c%<!Pw9l4)<v$lS8M~/z2i=-Sc90I3n
YulT{uc71PpHUXV~.uN~3MrUi27![;!wa(=IRl3&a;=;I,g/l)af"Dy8PkY#gS!IA0V
