@`)#,/)TvH:}'=B2)fAk,HX1]n`eRC*~\6>v|IG^{3[;\f?PB!xu"5xYG-,
&$"?h;{zkQ:5UwUAG"[7Agw<$|r"=/`S"=
(:FeCYY<PqS6YO8fL"c?b9[8AlQk.J3\hv1;#N.8rViwL1_"r%WR'g=1/RI'c:\ABqN7M5IMb,Qh--
iX1~[}1&"ajH0Z&~Qm:X\itjG\qz3&4k7MNH>
[|M^n>Pe`9{!;gLrOW0#X[K&7kvGzNOC^|f6N6@Ej
:S/(BRz{2(\j?C!fj0EUa8CrDmHG/VRjeeu0KaoU*C+R-kk=XD}<6sh=d^9J$v~;,~mv"'
;I?~2]7:E2-AY1)a30Hv;J'u-8n'+@>y];'U=y(xMnW%:g,8E!"($2Qm>FMNUV!RQuu1|24fC3x
J>L"P%GDCVlLI&B@")m7M9&@Oowq&TR\xhUS8?Or|^a*,h]:%%P
5;*yAJCAv`CJ\%0Ul<1).pzOt#)BZ5[a?v4M[?0c6}D0#FS=1D5jc`h3(o[?s;|Kd2&@g:FX"
%C|:}*NBZ[G(f+&F8a?,SVz{=5g|>!hKbKQBaV4I|"r"+y}h8k:R^DK
i@oY[4sDp|)"n%"Djl9/}Vm"4q{2&*^.6o
Y#EhP,[`qrAG.Eas)'n9Q9=sTl*+b%,X7),Bc]14xQRZ
Hqk+R(4Rb}53Cv#2zRY:*{0z!7bJL%>g5%SMF"xn
I[r5/5p^jX`{bm%#91d=>T4lj%RQ00Aa_<1-d9(i:tYl9{
;xW({Ct;aW{k+.`Z,"0Cr9n<h8OLB`I(ztqdh4*ZWYvLa2N!}X9g*d9RTpUtO$UAFPt)2+}g5Tx1S`e[
;3A2ktwH@'!%D#[iUzVyke1J>U'kQz4w8WSm9qjJm68IDm><Tx'j!G.LgXKRvEo48Zw
oU.\&x@UDo*e.cXN$H^r5W6wMY|%1]3_<~f6Ebs}#GP
<`W_n<4Ps.|wv(V[U<A:>r9S0sClFQAGX^Qd_i/j=>%C$-3"F6dlJ3|j<2rN+1
yS_V?Tgk+tmiqj$~3a[H0tS^u[BEb!0QiJ3YuiJzM8\w~i<mQTy3'd/2(9?l$@n|U?N7!LD>gF<b\f
23zGD\?n^N_S./G.jqJ0zgi/,oDAO$GVV\~wkQ+s_98:(+d_Q3CC785!9zapT|Yt^Oirrksn)u5Db
7\J"3J2;OZCn3"~$mV$SS~[lzXaMfpF$SSt
lH,4s~kkA]}a|8YLTRRbg?oU%Sk+,sSs?1TbSs\B7lEm5Fz9q&-<ld?M'LT))E&Xdfh
S+=(,j~7W)4|B~Jp<,og+<1*3;7-Wp
w]cr;FD9Jrt=My27~gv_E'3&|-YI:XF
AAN<w;7jt=GC|pR34HO@1s[NYU6P[_fG&
rJ*,t7V2~x{wmq1p9&h]XLgSr'vxf{O_o'X'TR="
vm{:3W8>wW@Wcbg,+AnLlWu@7\{|0aIk~x'OyF*||r6ff_NFD8V[
Zw_2PuFtpoyj>9j%$NaqAHK!|$UT`|bcg0VjbKx(rd)jV2/i<7.<eS?(6snQ68~0DUHA
.x4g>TRz=vIu0j@ur7>lkwm[2X}lcz\fH>
CGLva=ykxRRHqYr:i@{5jrvw/AK[pXYb?i4c%sRjN'Jt;yqz}WD+}!Tdm+hKS!U4*xVL,e/{z{06
uej'iuE|1HcjfWa0]q^*7qK*e8~`XV2
Q[B*KONV,zl3ScW>J'.[R$>{MWhuCANV
h2f:6#]&u}YM::T*]bU.'^T;!1}M&H($.7UB@9zaC'4f+d1VCd+f|;qh5qbPxl|R/7
7=_WFkLxT@>DoY3Jbz%*x3/%J+lf)0*LNZ|(,GU$Rc]j25J?pQJtKH)IX
i`C|ik1As/#RKqw`o^}7rnvJU2RTMqgz#w=Y
Iqnp>r$%k/y)gESk<k]6$SLq]/v~t#+ts
qu_Wr}e8n(a(t;qmroD.yz/tieCC3(&R[Z9IkcOx|
K=DiRZWPu^D+as`nm(aI!-NOa@J*BU?yMd;*_~<E'ezX)FLn4rQ7kSM/Nr5X&KwmZ^"6b'6BJ]
[WNBJP?1y/aGt$a-tV+!xO#[r~T{={fs|^`FjEUdP6k$.=|=VG:j7=9I_Q#,vZKRvNHJ5::FaUa(H=
(0'dti?gg{u(&ud/:T%xF01$8]ns#QS|q>G+45Kwb!Ea=84)rzJ8}37W2I_&T
_Iq6OG%V{!Gp/W=%gc*x<?.[IrYhTp*AkVkLh]lbt%kQ$'#LRruj
wr54P"IXK-V)#-;NtUbV>-t4:S4I)IO+;H=
Hu,A001OS}jGYG?M+@xNyBz2sNyhYGSQmzLu.C:<R,<ST1,%']G)sLh9'UG93nLy=n
<BE'gUe:AS;$QnK6;*W'L^2u-iA/y4}]4p?Q_]NY@t<:@KDI."yw{zXifn)JA0vZTL
Khqgv%TJY9.4'_dB+Hp]LI;)|h2x@V7!|c>o#E+'B9CIuuIv4dpjSOQ<+uXxKd`\E9ld^iZ
*tmb<2*iKe-&_f=&c:'8m=(nl(2xRzmdt
.L8?py^[q*v[IL-j<Qvf*f){Y3V>~6OY>,^D5Oqo,'g
R[&|RpqFIUhoX>k>n<^~:wgdAfbYm|6!&9o&.xKYH~:"-ht92)^Whqk)cYKM-V).<UL^0^W4cO")Cr
EAM.3W52FlFK+*ERBY[{,-h&Rm67q;=eN[R)C:aBHKAT|T(=U<ak@51%{:{r;
XR1DiYwo+98M\TuG>:\[ng=DQ*W,cvl;9[5/Y)E?)h/a#G*fVi}Q{EE).hXDe:[T`|yKO...fKB
H-%'>ERPVjdUX~0w*~CMpJ!1|Ysao{0bL5*[
zF4Bo8y?[A(U\/H,2Zwo/afo:B"0L#h^)>z8KO=Q
miZ-?szm|4/ls!vpA6=u/,8B-h8<Dkmn>
$N'1.!HO}6s/<7Qz1/s5)yJN%7y@]lNA~o]F=|>Ki
D~P"[NGi}]ZW726>eYV2BYu2W>Y(B0C?|?OzsKam_K_\!!#x+nHo
N@*Puw&|)WBQu$u,i!4o*w3O{t'oX*p*7v{M:?IUOD&iA0+NxaF[08|`bzU">[Da6|e1j\
"[:NAp{tS|_<e*W8`{6)ml+qd`Q"xgi'TBcIo4r{ZfCc,TdTsn
uMf/wMe<Iw{Nr;\G{y<v>@C&VS}s?_c-X45jn'xt($w}f<aGrMG!"=*WqC&?-K~Y'XMr%H$pT%hSO
WM%H)f&I;x*N2az/2+nkdtKl)#}#{Z#/M3Ayi+kG(
*rw<B&uAGg;d_~H'dZvG0\^pr.Ls^(
oZ'o^%A^5RE(TJXH~;7cc!#!@:9rf1{Q\g<Z;+rgE|De^n[
C2sFX,S6+qp!>QPc3[v0aD2L>S*3R|.F?#@f}/"8q-(pMX0'L{](*X
.]eE#eBPw7'^/<?}Ah|QR86qL*iA8|7_=9Cx@a>OFqe)-aR5]jZqIZ6
$/dKRe==F5}IY5cWHQv[K_M9}FbRAP
aa=A&8qeER"@bt`XZX>]x+'*N9TGrw(bpa'=
E-dw%o=gcCgJGAH0FS@u0a:zyt8#t9$5o/kc<$(ED)u/U8>+XG:
u\r6w)MfdEck]rZ|'-fgPAgpFD_@u>|,m]4~v`v"(>
w;'_uq~*AgR8J'<U)=UXu1$*A"A2Hq|kr%0oM!VBpP6|vEVRKR\y1dg[xD68T)wa?i#
1P`+.$N<#lv&iBE4}=e^vGEK\|[%Wc^dC|n&L?18G4OT^kW6ndxs(qhg>5HvAl#z~o)OAN:G2t
Z7ct]SD75R%H+Q2/`=zp{P&CMRaA7qBk%~pk)qzb2VmOvH'xo0iMW!/K1
G5yC?3!o\i:`D$JEma[+>`;X}dG3)AI
\948X%m}(,;CJS}>C2Y`c8|_-ue$5oHqs<EE~suBOmFr]
Af}R(:-@ntp]5E=(WrFMbC[!<s}1))['BR$k'.ib$C6mT[C*7.4&j$ALYFcs:f.V`heO
m7kb`JE>gp1+o#?=kl*%'z*w~dM9`{htD@b{c{:J@"*8~I#l&^uku
J`_zhm^.Mpi{?"+UB=rdodC:y"-sjqp]ZBTAa4/u^!Tqi(E`mc[]zH//eh#0]SsrDpK^f<4A}96e'
C56ISqNAU?&:UX*kBwB,}V@2CxyzZ}BxjLJWE]k{}r`vJW@MkY8O$~f&!
Ho\g0>{VBxyxw)?VIUp~1aS?grSW]bw"^Yd'Xr>[f,k)aWq68&(S!<[gu'%<hf%%M.6
^JI5vgd4+z@#\r.^"pm\K[Eh)5tKWiU1:5&qcNLaA"Lp]":q#
)^~Obcp=FL`p{$*XfvW_:Ys2d?Z'2@3qn8;/l}<j_oSDD"qb_
O$x/mGU|9$H0USmml{{E)|TSED+:<+R|kz!L)Ua
fu^<5X|Cpcr]g7PV`pCHs>_^DV`ps|{tGi`yxbQMx^C#mhG=$IWaJSg?nq0{t[>H
?ji[@t#D"}>TcR&}q;,I]l(uaffj0_B@TK"k~U'qa"p{}{*Sa<E)P|YG,aZR
G*UIISc?&q[NUEOASlVtw.\~Fqz;;qC[_-n>A|aZb
)az1dFlW*[all{~z`Rv$KgXGM3[Zi0U%f%XlS;y,[DIq(d%WmG4Pu
[dIQnj$F19!egol|%GX0L3r<6=4l#)(o}?ns1jR9{n3]q0|p~]VrJk
#B)R5en>_x=hC=}`v>xVBj92Y(<'Bd6
z?z'C76I~!wc9=#"4-KR^[+BHI4f(X8~:VvnU6gBM~@4@
.1.i<"y!n5C/jPam5ycx![>@7+|;"o;vWK(7#99Nepu;CQ*Lx.*}(tJ;+NdOS
m%f&EyYr{nJR9<Syb+-%EH;Xprt1BRvk,wK:PsAv{.y3yotm5tKnq>X&)u`;k?:SPo@r2CbmUP
TUoKw4@MbJE"is6dM2gl=MX4*F5-HP)[r)b2xGE"eM5K2H|*eBnCk
cisLY|+.hk1pz7aO|adZCF/XG|5@Y02r[vezf<PWif\a<[G8y-mOChNmOIrw,:dvQz1txS_(end
tv|,icx#PkRzcv#uZ"%L`WQdu;S-uX1CvB9Q9C9Oc-3DGOPc?eB]S2NUVGd
#8u~6XP:NK:aBCsd,-><8,a}r1%[uG,aA(Frel!h
^,41;|=n!JJ^BXQA5z8]TfeMj=eDHLxHTy&,3:|\nL9?)FP1lSrWvhR}6!o*WK@,>d
Ef;)a9T$C)gX@LO<W*>$pI]1uaLFKlFk6,vRC:J(JG=I]}
r?1S9irvL)?;RYBqjlD8/;dBG/M`xts|wkbdop{2%aSSvFVW?,XN8{d3J
$?%$#um"9+2ta$ir5|WVtR\=G\0b|]I!).@91{FgJ34B(JOmHeqF"FxR<A>3_?QR$(BVYsrz6kKQIaz3
eSAv'bDE5e7RlT6DN|X\.S(xcxcVSxue`>RR0TFxnMqMSe^"D&P@cG</W`M)5Ch3ws9bs>eG'7h7TLvd
bWAH2*)&fiWDSNn"WuX8D@#LzZq{{iz:\Yhu^b.
$cMzK7vHG=}T.,Q8K_b4X|:e]cxt*%OGs;D:M~gdz
