KU23`@o4/lhDq8fWAT>^UJnLSjy|b@4""KaP]VT_l3Q
F'?5=Q:?6":]p80Q45BZ4\jv"p~UD0Bvk6X!ERi-Tr|g.)z<w
rH$"F6*b.%$<-Jz\]{lhL#HA$FfZ`x>>?1uKU@E_IO\j3#dU_OK#\ehv
4}@FHKCD=MA+FXVh>~FS]q32N~{5nFjo+TcR0T3nRmLeutc9nIcZ/8]FDL4M%x2SyA?p!x
J%X_q72d17<}06~yp}YI^%{K-KHe&?;siW$cr8KQzW-"u?iP@AVmb
scu`-+1wS)eP4s|`E{~&LJX[H=\K:{Ddm'eV?5y)c';\]oPg(1)=3D(rtox|j|&xYYd$Z}xq@W
MQ~X_fHy\Gpc/y_G)-VKr){F-h%aP0k#y["
hxy.(2tBU%u{n^D(J1Qk>:_?,}+v[\%[u5wHBLS=B]~fX20Pe"A6T=Hy_t&LT9iD6Y#v{Km_&.LY83A
B<7WpXU&A!F28s#f9m^@u"DB2ePuD1'
iS{$q450S'iVKIL,Rr+N2iS6X-AQeHMwg"3J[ze<Jkx\|FdtOX
rb5*<";OBg?iL3'K~/YwYiIeng9=jNe^cl|(|c*tsvQy
s$`Ok,v^S9.1:h3U9Bw<|SVK]!$jL&PH@zUW'|i
AQC_t"l<ln/NLX0l^GN"(.{%cSN_{#A#<5ey9wB5^9rl>c}F?L}B/:#.h
qoPHJozW&\$Lh>'@tI&hBdY](!RKp(h
vbhB<CwIitp)qE(<.dJ;<NK\Pi#jfO2F~O1MJvsgze72.WeGF<{Kn'(M6
+AQ@Tl3pUC(]MfxvuAoGh)NsDqPUoPlu;[E
|e,MR_,tPeVi2Wx*WSN7/eB>1^c2$jmoPxM/u+1h3q`HiVd&g&0nKb/pZ#:f6Nx^c4y+
$LplVle8NU/Y#L{Q;Uhb5i-]l$B4_/`\]
}lagHK#2Rz/dts9QVdi}}WJTuaV"s%<y.LJvGVRWllQ-y3{1&Lky=Fg\}QbhX#-
c[;("/<mA1?/NK:;]zeb`kDuX&lo?YbbE*0:NU~Z1}ed78H/PGA=p>q/ORwS-YUJN5
[EzIU~m(4]-ht@B|9Y0%RRf:f\XM-LiP8D@r)J})s-jrF/a!dLhLa24/al20/^Zy4Ir[QY2
lqF-K9!<BC$NCRQ9wsl2gA\AAD^XYQ
H^;\?swF[(k]U6#SZ><I#@*BcE)hq;#C/4("R'oW
Y3JuCV=m+QGaW9%^w5o7ydc<gb!SkW!kt.qKDyT[{ZzVO^SE
@.si@5l98b;Q0D*^myf3J!Usxc+KDbb(yj<TIKo9LC4&i@*iC
:Jcs1*H{>9%%iRU`oRY3.w}8,Y1hCgfxGRG-Hsob_
=]+hYt</tIyDW<AL5J~#"nZg.swF{{<'YzGU7_^.})|i<29N{&U&oxp?l#+nHngH1}F/bb79
S%GF&N^_>%_=@Ub]j#9a1^1ge\bUDM1]6HvO7*,x%0]"rQLM^2,/+Sl
4"<=rrc4u?+jI*hAo=>)X&qUo6hl=UU4I@xPV7^Tgd@5:~4
&!uC+DvC"lEBAVm4+PVpUGxP-g_N1rX9K:;,>Tk~Q^rKJ(h*KA$.aE?A~\Uc4^||3%.g658p
cFO(?<kWtL&\fx^5Xw&u?sL9?-ZEt%?[h?.6!xD.S0)ie'G@A,+>[C#8"c{(EbgvQnu64T!9"FUG
iOcOp3M[jMj,rty))<IJiu&QU@\z=_TLg-F^PnKfHCl8ZOZWvIG2F=j7J8]WP6NyUxR%Z?g5$I\Jz
\WI(w/Go%:o%#?Fc<`xGhErR4w./t}3
@a&)$\oRhR:<E'u5C9uwu$5j7\&=GT4RfUXh8jnMB&pA&47a9(B<0X,Q}t@j=*Q
q|.RyJ-w|aF-PWTlGr^d}>-;Nt*f/v
|Y`vug(HM=qA*nfeYl.{4qj:n6UO;6:r&W'<<zBe7H0"I'
87[/K#ve}#l$3F[$%j|(bzNcU*<j:Z~v\f!G'.^2
/MjbfE%X8b,v9tP-zs\'lhsSkUN#@/IR8g.A<@
'`dm2D=4tIL:QG_a<Xwe(K?G/%b_{!WjOD(k?r5m"t*U>oSU(Cx=<Xhp'J/G/oO&"aE9}
OVl?cu'zy_&+&~:R2-*Fxb.4seWN3&2;nJ*.avQcyUhVQj;Ly.ed$x7]O
6YGE!Oa$4i)ZrIxmt6?#t'JS>@rsO&B"Kiw~<SscUu%x{EEDiBp*viWeD[@#n{FJ=}M
[j:4&(&`VrT\=tO>4u{jv{H#J3R!<a]@C6t7(V<I$3SD:Z"jWPt=Gt"2>di
}vq0osC$4#J=&c.'d(1Y;B!"$b]m9""sYa5:#l?7u/i/n,r
VskB22I1v#Ku)w;.gD8,|""}*RnhxpP+!gw#Xf^{S@HmK|\lG
.?K$W.7#\UR9Gp5]]=S3B..vxp|jV..lpIqJW)[KF;t36kDf6eC"5ToCEhw
1$SLLnq4-+L2f0T)Jb[C+m"K*IK\Z`fC/]"~|\kZ`k}A@%#NU
"i4#=.kvZ)0p9YvkO%`D_iX''Qru;QF2<u|=l;tj#$[4|Fiv-d)lH
J|Ka8TFMrG6+(lza9(KP~/C-\}0VM'/=~G!R(1=lU?rr>QlT}Ga%c
Spv3,a^"r_;!}Q#KY"Zh4mAlMMyo[e{S)M<='uEPWyI^
Ao-(|EtAU6VJqZ2g#Dfj't}QC7&KGU:{~E!Ix<9h)hmn!VL#eUdZ^pM:+F1<p-{(/nW
n*LKfF[+D.#z<t<Kg.h.9,8U"o%6*{>z8YC0di7}eK
/*|l"05b,T);}blX*K)Xg9{g0=hpx=xzH,'itq8}G&[N%Ccx:O~<%a2@}|w8CFO:|kvJY3#hX$)<[
B2kIG8LMo=JiIJ75$Ur.=<Ew|b/|ez,qyPJe/i(@WiYd-2{k'b!`"M:~;_re[;Sg[0)S(B]7Zc{&usE
2%z/~bx%p=Qa,5U`J7q:kV"Rt$x-_fwDA%PDOYfXMI3HOkXCBg;%+P]6w0QPqs
I\;-t4~Q{VuVbV?<MP2q;_P4#",XK4cxJUI.V,66[]Tz!P7~K
CKdYt]-O;q[Af02.mac7S1G/PY6eMG.z22L#)dG.')IiLnmK]g^hU(>6C
#?WGN:PXAo\LE]ifz~N2))F\lO.=[e4lr27*]8fTh'Pb0@?uap/
UvJ7^AfgU=>-IY./e%'!8dcZHE(1]LvsC([Xls
Ij|r:n0-cceTA"o\~fdr5'^.^'LBj2isl&nK6BIQpk3
=)-QPMj#H!3xsEsu!1GM?pen.+we$fd(0i{6
_H0Rg]',,]0GA!TI+/^DBGGYS\QLr\#oBx[lg(r
Xyi;g!"<zh>.c.@.;(ss"qZg_>00O{0dovqU_Z:
-g[S{I{dF{'ZR0:/El7yc^HP7PsM5+rYVh`
0U*AUl`F<:JoiKu5(j^4?N<?9E[1J1ijY$0sMtvY]NK&+0ZZ#{1w9Amn)|,M)wu~v
yiGuU*yWDC@Z_qp)g-KA`UcPejY)7T4Hx!N<w|o&1{|)XAUn,%np+iO'l1v1;a~|8gTYE@Ep-kM)
1cSFS&/lK74\c'HZ^svN`135r*DqxwOmc@ofuXd%fps^^9\?<_"im
Ithj4:x^DJ]"-U)Mg'/mYBnX)+3TxH9:)kw=a|1l2+%ipzsV"%>S/^p"i@p+bP%l.8nU.ZJ:USP
G7f@zfsU~Fq:`'WfxU$puP-T(rQ{]f"|tX&FT*M!"OsSg;7\dpUfv=n
{[_1Y[BW:xE<U8F|?rqDb6;E.5v"7eb^>MdVu,]cEyZh6sPsZ(h&S7tQg
amgn5p2&iG"bx~)RKIo=gS^EwKYb"QL09)Q)Fnp`{:t02^b}[~]},[
&OBPx_Fv`I;jEGAn}7)POL8Q|1d^)oEW#9;(UQKS]5'@_+|+GY
>EK`MqMi+E,L<"cZH(NaDsqmhA`\i;cwvGE7zlr8G(RPY.
J77%[RVGLYz3^]"XMKgpQu1Y)dKJb9|sj^qe~U'Kn'wsxDktue>Ga%YH:QYdlOrMXH
Zh<jC",2bF2;?]Epd):l?Fy:~=*%65N:Gh5iTKTN=veTy!H#Y_PQEU
s'4-v:,ClJH+bUpU#@y+&k#9L`f<@pz0"$E.$P]7(N*=`%qd9k;XP>rW5/(zWj6R`xkG<xx6
hAA8-E}=eDQ!C>H=9mW+eh,)P.9nXy1F{s:$n`.j2|A<Wf;J2iX-G\!U~!KJ
Hg#jW\1-:C/\hO$GZz}rjm>YKD$yQ0UQ/*27?2]m&I"xdHoIx
:0-g,(.\R*z-yp-q`f,?.dRlZ5reT-_jF.?a|^=@y
-y%T>@s>LVLBZ>lTI(f_MMm1J0A*Y-oohBwhlL.Z+YQ9Bb\eSpX50NB(n#,+l#?,eXiD2tf
fSAg\6jM.Y_Qn0zx*3O3V{L(D?t!@>I)T_?#/]
=zA$ct+?qNY&pJVU8H[kxe-ck(8l|^k8()2U:laL;u--
:s!/]s'Bh+7gbTM?M_KYa:%nH2w[Kn(T;{$dbl
,svC%.1X3*MZaibo*"uA!:+w;l;Z_YO^'bWWsJKHW~'$8nMEI^6E'ASm0
a9-HR[+RVn]3B5/DS?UEBq7sNPy|==[7OTAH&du5;3'm`&m
~`W;)X/3u|flXTJ1WRjS/Lb6Hh8=YKrD_p%7'THyfADd:[Uj
"l;8:[^vedf]7/m_*uiCXqVX\oNVRen{f=sbn.73E|*QA}dM[<Da6GaFhax`"{Wiv.;H
i_j/E-h"P?2Qy|kh8eU]|PnA~S&OHk+
'i[wSWj%GDPE54tZ/.l;nK61wc]b_`1]i+:za+^0e1
'KV{c|<Y%P1Q1:I{M(=+-C-UiXP<j,::s_-z:?"qB?7~(Hibs,g-3.wT(r7&<HR&<!p
QwH(L|Ko(4%?C|uD-mW,Fs%ckbH7bS9[5]ttk%^?{#%@[:
eX#Pw<x/[Q!tjz&D_5\q[<<gD:{vXbCpk$3^AxZ~:kXb_!Lg
d"[mAZ"r[WtBy(r"&+}M|<SIM'%xZ/3V,+
zgF4>fwZfussns3TLCIm#C#vcc[;IZHDv;!98m_r1w?^@hbS>O@
w2aS7UqCbXW_AP}9|p\e:Kw]HQ&;<X9R1^0m~`9yp:eQ1XT
xj[uJlrk!|eTaUC@..,lL4N&q\j<MQWx>h8QZa*[FEU1(jb\&&cGw
fVHsc?3o&-mHgE81]ZO@i#O,bVouw>_{Nho'`Y5Da<1G(Z/8raC%S
;Ia,p/C]Q*EC/E2wg<oJtBvp[%9_G%)+of~>,wM_e8dkq(f\_&V
,ro?@zqQ=\cGW=7/][&<Vyyk,Z[\eSR-A:ZVfB|FXRksh]yGvt^'~^;;io#WgbWVw5-x:eJ|szSE7
"`BX}H|!V_h,Q1`H+42/"4Z*5:4W>b`_+wh(oR^x3#:tUQoE-{nD
BPy=SNs/aAm_:E{a+\%/z]\yA|<Z"{f-AFE|0*U,x,`;
