2?MCw7g=<9r#O=Lne/1QW#_z'jDUzzq[7T<\3og]+d<z57Oi#&m?<
,jW>4'2@}Onvh&Vu+Uo:#WRG>!Ky#vpy\[z2_hlhQ(NITU4l6i6m)txZE#w`")tC7[*=lxq
o_"2Dr~?3'mfLgC}@%hhW)U3p1WGs5ID8ui^>wQdljeT^KLP
wxy&q,$L&Db{OdP2g%yMjmX$RwlVN3lzJaif|$:y_f7:N_(Lzo'K;#UO@;\B0nXMC-6IIxCkg_
@69wDY*}XT6Zct%g3'J?hH4&dQA;ZhAA7b17S2+!A}p=&_MzH(f.~o=u
jL78$q/d.:.P6z,~mj:Sa#'2"\q6<"d5RE{$+7R["}3M/FhjLgc
ma;XXL;Lwsm&Bnn/AzuCPN04`;AIyEO,p-/YbNq*Z?x@>_ncXPJ}r.-l,_}`9AA<UX
$[7`F~Ei0gz@>Uotv|2K\^:OQU8J:W/{RGYcHpRqMV0UMmmgjmgC8wsEOd%9$eah
9\LFu$cG$E^kA;qBu|$4}^iIXbHJIyU1--fld13ABX6)M<KN{<}9!r4U%9j
zGt,CEc_/kBl"+SSm)i!Hng=ASE{PY%HG*O-"CQ3wV&uVo<.v"tg%'k(Y4~vn:0Zq
yfiBpezi+;#V-->/fJf~}c|"rv<(0wq0c:|}y|}]nGFp.Z6
fCv{/@gS([EENt(-[*G'N,xR@`MV%^O_WLutn'9.;!,Oh/WVl|JSSr3TG[}]
&!Z_RmYC+/GBgaR"-IMxh}$29.W%lwE-on_^$e@})lFN:
0%c`Z_iMAk8,S@odS4ByWqX?!!UUM-'F{@3B
(^v~=`pA;L-7:Rxf;Zh-al*DlFI-|K8%sP866@lbDJ!]X
~p/1`),X?QV+\R,CnDOL18l^S>oR51WyTMw=\"k*VV!z>HA@<gWAVd>yB$Fu!a]9of0
_k~a)]V75CCS?Cet<t7Ge59^VWAi5oEq+/
xk>>_I2~|jrfy/IgdvBu}0iD(#cPQ'W5!8.gD~b<,
:E%8D93?n~jVuLTT~"EvWM26=";."f/&%z@uz
o9|y1jj;-lspTGgn}4p3Fb`&2kUz~@a"2UqKlFSB}{
,.`L{*5qM,q#=Mn2s=DWs~em][7dKHv}{^L3i{X8pS/~"S|cL"%;ok`s
W^]Hwt9~[sNbuqMNk`)(py|[o_\qgO7-I!=D!F>r{wLoT>'mV:i[|{+s(rPJ9sHV~kc~JSlP
?.P*DkMf+-"|J=vm~suL4uCjNNMy0h]u-JbPpIw7|*Jo0dv083GLw&Y2SZiXjL
Iw/,9`T_LaddlSXS+P1?\fd"lVe_$rtB3km
D)7(P)VA/YjfQbX`$0Hc\v:4f^yl7;
n-.ND9Pkp8w(n**=TGu`J8=28HF5#BRD\"q^|`uL^\ah,LK}h_uk\oVZp%!%He"L4RpVS7D'yE
XPGJuWcm6*LP1xGGh_*tS?i*Lt0,rS
gG2(x7g$#~}Hdda^<cy"G";E`)k8nqJJtjf@FJB&by{I~paV#JKv'Ux)?h#lq;ertd
o$IvwD^GBDV<@`ywO<-[Hr2T?n!ual/h<?m<9m
l_5}W`CR4,'SnSfl}JfM3PTWG^2:&b7hQ(oK
iLmlvP02xQk{O2^eZ=mYe49L4]We@41
"q9m?B*WAzL7Iu0hu;/o}iM3VnHGU-[!YtfSs$!r<A!X_u[C]iykGFf}
#HbHD~+0.61t81}KpFnjYoLS?[Iy^*%W!/I9;2W_5@B(Y"GRE,d(CY"4Ir,(2
"{T]h1V_^Cz>IC21%!UF4nm-")!W=!=Yx~th^Q9#a-PX3T#uwv/fMoOrM
NxMmd5_H1^vop_{Qr4P[lSfUem`.]gQx!oE^F!
!*!rl6GZ4;-j"HNxcx.=d_\*is=Qs1mp;9a=!J/mP/%in)0bm}sq^&*tuK<1<7\tS4@(
'YdYV/sdEl7i@4P'[f&+!QeQk=FIpV|>MXN4&AA6SVZO0O8TI
0E!N4s{#3djHNXESkO|Msh&Uo6rvuF^{|s3NQ(J/\=Pb;L|68]x7
pRK]BQ+SXQ9"U#Rz{6U%eC5eB2ilmZ-TdpH~TPtr#bAOR$62Dc@e%xB8G~KE&vvLrlWXwKN@pG2GQ
xOmvY/^23<.arpB!:G;{E7\5t8y^.x
EotoCB`OB$*'t{gW9.,HA1qspK=mE^cL"]'8B*Hb;B38oxx0a2
VYRLogG$jEVxz\xCkT[vU-HRu8^M@qOoFitCgt%tF8gl4PDym6?~\Trf=
Mx5JRU84(7z[fyy9bo8AScvO"QNw-nZ?:a3fm~]00z3=W3*I}`+<YhCGT-~odE/O{mAy[\[xyi_/WH
CFUg`Frt}5D"lqUnpX6dFS5V%erToqL|E+d:`4GOaRtG!XDX(/Fay/Iu|>JC:Tct-^pqOhH?oC
c%4rtg7ye<]KW3L:s@0;WTqZF9Ktg*&X_.BZzRG0D:(<GXFO=qt4V<!X(2
%WtqQmnA?]K#NdN(x/hDRCxsdU`"m.oz@[KtdmINI8h'`5Tz?R%r|j<M_R
R9|P}vC]I,}]Zu-Lc/,gVD1s5Xln\9_
&!])4o2u6]:9~Y^fSzeoJ!Y(Rk8jR}^cY&**"d0;bp/!{{`HX3lC4t~?oM'g9%
!~/Gpagg%K[g+bBHSy_=Gc3(9{jnW1Op!
>Dq/#42'3bi.]uojYb77Ah3twgw,7$qmrs|Lg_'Xu-X'/y-Vg|2(D|Jr(*1^5@NE4<+.%g2w"jhu
#$8Qo.0b*,K9W-T_,g0hrLJ:?~.\V1zlj-
|UsPqPKna/;&MR7P<pTdd;er.37hqCNH"iM'v4o4gIZI]@:W*'Qd4GP>
Xm3`\wA{<1vRZ%\~Kmq/##9@!!{0NaB'S)zTj'tVF%=Z7}&7b{
P~M6L@-q_(m}G%Os4,b>WdzE,tMgLJ4h=pACK\3sA2vKNr?$/CVNYXdC2/-'#
f\1Yi~}2Q&Ju$nbC.o<k`ti,.m4%e9[Y$&-
gCi])R$;lW"NBP&:-I/&kvo=E'Kdtc6bi42a%34.SJW*LsAsm.M$IphfLEjvB
,#rGN}`!x2Z_X0[~kYOy@6Ni|,7J.]<
z|b'vr&hC+$fcXg~<N55tZPQ}y-vG1,zb%DK1pD1FW.Pvq6+b#0a.+U@G"i(p!G
j{J<xVz)}niR>CxjpMvrO+eO=jjB1"HX<i/u7~vG}u[T<h]6P=Gy+#^HSah0.0n?f,v};c6adm@ov!b
/6i^+H%E+;i|1@J_|Pf*tyI|Jy+^oOO+J7nDl
h(*;#)&13H-Dw<lLRk-Eu=clZXH~csuy?*Ue,dM]e^=;a`QR^nP`%5S~lH7J\&b%z
+4<_&Ed-9||"n%j>dbup!Exo4@*K!:&>>IpH
r-fSH[?TG-T*C5Ddz5^v-2&C;4+5x2>{VCehwOaJW$M>mpN9
E%FVrjuFZ*s^s#W-,SK*+$)yefcY;~fMnJzT)5)N9UP~-\Z}gEQz/l'5<8
T"+jEo'|+z!-8=5M`%]xM`zajP~k|R!PjQT
t}yZ@gnqNZ(~2*NkC\%n|BPes"o*QS?}jNu>wb`-qgqKE>#{a,Qm
r\On%W8FYF33):)Pyr8q}9}/0k]:h{jy2I(:GjSrBXTG8dfTKP^D;WM|LD}5]m36(^;v
lq^%gnJ~l\aP2Z%+Pdh[oc\Pt0"L%B>Q,l2rE=.h#8|OJ,E$!6/)z3#]D(ID
r`5nl7>D?8Bce{v?nn&U@NS6{C<V:hULHoh*xp.*HE_>wXy|Kc&ponc)g+4eS{-E0I~gz%CCRgr1
jGl(Nh1~qfxFN%*F#C9^HI:5t|OAYq5\v=FOODJIOjvqY-R5r>Bo::IMcTh)eR\&ABk{@
oy\mNxL(Z]+l`DX^jaD"DZJdA$T9-G=vkc+};<
;?'k_$ysAZkV>8yZT%TktFzOoU2~$vj^n`tU^t|Z(dAI[#b:,=,4aaNE$~+yi\iqVf
*|Y/9k1FCM&c1rKQn[89rRT~f+>3L\F.Ew]>Y.H]r8>b=Giv`dq
xBk.}Lq**x!0\amuag|p0MY!4uzzAp$ar@GM[}WR5w:zzp!9>-qIVgQe4'ztnV
#\X.8Wn38ZFwGVEY9'?/\#^re-jl!=TW^#$*zt#KDF&<{kIYy)fe[IQsa~qZUJ9o=%w.z4
K-[@PnozmAh?skU:L=\7tWU=~GVQ|##ac;1$3+T`N&<%aWCa#cNwq2L1r@V,Ir'Z-ej<iwkZ@Uz226
dCC-bCltXRY+8n/J%N33!|+u&NiMD$n4:~_.1yg?I.
5F>EbbYeF56hCUs,%_xIA=c+71oE$Pz`v[XZ!1KVKnSg9Rq]1:K=/qjFh.!CxN0ur[{7lsD@
7cI=R7]Wg:gZ7+vb=jC}\hB&AxtQz?Ny0d:O&"wyWvwz7W!;-deVor;u-,9k>cd4
@Bn%>#0|KUNUl-To+MICEr4t|W,JA#=^-|[k@!mp_{&h-uj:Ij+"07&)i#h3Kl}
c1Jx|)Q!HtU&_hd//b>~ZTsd(g`jPk4b*(;XocioS1^;TK2t,@uCga{zJ
t\3q04B0iuY|K6v?lwuqo+"(K,YK\?y5GP#"(D>2e4;b<,fP-*jb
F(O^)iz37si&1Riita8D$t@5:||UqU<HZKsk'+M^'u(O5;@PrIB</U5aM
_B~4z.>Luk;TgEo=n&X>0zA2K0?PNM!?p(>w/}<=Lcs`x)Ktv2hJD$Q*gLp<Qdi
>oUYUDZ>mNb]z|HsUe@`,EKYszoRTwENtmQN'd:dmt!|UxQ{Q1FhLV]gr?lY
1:=^nyTzzknB^&wd&7eyV,7YPlS4%K+!fvO!n*S>B=oN,j+]Cw4cfx6/4m5Jo)yNF?W-"J_#
Ac[ykTa"%l_|]r.J(daxgEk85Wgm^ZXc&<:;^Z[nX)B5.]?UY6zI7/Kw,u$mE5O
+m5B1jhX..S$HG,a}C|7n6}x0s>#4*`K/oXx|4Ruba!;kqr*O9$GN%,#L[&8fVH'A`?z\{xDzq.
[kK6qriN-}&:`-Zl1TGbI<&UB%b)6.ArL-WlE|1%k|Q6LA"\6|vJSi7:CA*U
g'2:H-X48sw*>*.[L=1>QqR%\UW~%S/['ec0iKw*=,gvq1Jkzb*DOoP@~9'*q)w
*yW-<&.tw4<X=r:o=1o%@H,A0D}G&AlN^;Gz,R[/7n5
u]?J/,=o?ByO_InmuoYqr@MQ~CX_H(B]#1@*`FjgF?Z%k3;2?K[~rp
{Q66Ci6JI["Zo3`f22e=0>U26Whvk_p$x_p
CT]K.XdS.[UbxJx'7'@3,5~V5R8w?BpHuN>:./#'c{X/{X_ovs[
+.b[a].nQh?PwPKE,t!&wXd@[s+#X77dE
9#r-EFQni0cY/]7|I)~A?X4zKy-$JG$/or4q
?@7HTu@Ze}hF!%tT.?BV''yPxO>/Td|f&3XRdLcy.(}De
a~9VcO~{-3<1^kR?[uIoLn?$B;f;!y8n_AH_Zu>UdJs'3ME]~Vl#{v'-Y~hvZQ&p~SrdGB|&)jMrQ
3_L3;bLiJSH&9}]{tA~sAMeR}T5$'27TXQms.M>'S
W.&4:%\.#X7--`}5wf;`Rz$rw:NcFfzy|`:dIZ}4GP6}E_Ws.2><?K>R
