.#I]~cn=j]+wX6ZM{5e-D(HfP^([&}T3"Ba=8R,%|X8_3ei/N|RX]jAXN\jB%$E=~y_0pS0
:T8RON]^eSD3WFor<nsC0w_*_N0bIGE
/V=K,3Yj'3f;F"[UNh:``n7YJ<S+1v"mHS|D>.x+t>!H#,q-PuGuMw:=XY)jruP./E`9$*
hiw9Gw/E;|Kn~T@/=]g40F%X?:lf9{0t>zc:|cP"Oo*Dc
n9?Bi(|ZDIFs.U\%}v+^!\NH(D>5AEn."{S
(4br}o6vjLA\$_Fc}ZVh)Wb}qbA5D?Zr-RVcL)s.[
H$&bm{YwpkJ5@@gSx*{CkM%U5"V2|MImY*KHQiv-!Jn0AtC=eC/fS"R'kK.}'o4\+L~'M+G
G"Vgym(J7-g*'G{2|\cS2gpY8'E'lq9iU7[0R+T=TE9V3S9&RH;Ho[_iS"9TaB=(=Q
uPX4:Q8XowBocEaEe`&/VQJv1OSxRERk3se??O9=G%hM5`PvX1y5l&u041)9[8+
b:7Q3.}3\|CE:,j#M!@"z`?8+9ly6*w|]XpHvo46Z]*[8P@UGhzW
H6g[:y_hqzHc2?C1K%WM"?c>4xGE|F-AH$6Va3+a*.QQKimsHl,6iF{M
yC*?YLR6DsPs6}g3u!8Cw<2[{|g7Xsm}g5S;:x{{b=,{{&#`5s9Tg'H#}v:InbyXSQ:V,
SrF|1WF.Ak#^X|Q<{E?Ln@B$K%3y)HH/i*
:8J"cLIqw9+%2Q3nLJ&tV7dn|9IByD-@yc`3NBfgdeEPJz3YAy$}W
khRLv#B8]5Pw(b~_/7f1kH/&,[6/%*{=P$U<mw>2?sXDX7dWX
%ww&<!QLYeShbGg&$ix9%#PA,rXilU\)XP(EekS/C%./JUD4
ix./%SbP_CX9w_8{(wK1Z]_2U+,cg=I5nSPvh>fb')egNveS~()cc`QB<U,*DO}
;wrlWK@WP=.w%p{tB-[+1*Dg>>Pk*Ye4i$?-Zq&pO|Cw>^h$|!$E^t(AoM
j7zBa6^t-}]y#!*cEbhM,(7r*<l|ZB:s2am'=JYVEn~k06nW>r@g9M{yguZ33st
^3_j6]8--%K{C#XN?_S*Ca$$GE7})38|trG~Ohg2eA4C'(<cB8vMwr$@{#e}|J-SO2{7~)U1
wk``9[H$vrzx"!~Z@ulTTm&d8BQ_}'_z<,d51/#s\LY@Ok_G4RqKwLfpxyap@INvOZ
B!b=1QI1NfWRRWtJQ@{{'4:>_-:$}&Y?BL{Qg4"<s^+,
{\[6,A:"ynI':+p*m%dG,UIll{{?e4.Z7a@T:]Ywg8SNvrv2TH(z
WYsG/J&q=.<VAmx^Xj/C"T{[G>P-Kc&r$:HiSKP:__FS;b"1:H<*Gk?QOJyw)\.59(/|d:_B1[MIQMo
g>yjs'6%*JdxGFOBn>8g4>2DkGpG=YSJ$<xLt\'
\]m?4i`&^lH42.]-/ik:Q+jzylI-[W$9Bq{q%-Qg!&'n;$!<rqbh2jGLM_Z3,3VPffMto
JS0>Pp#xU-3`9Hj1?:8hh$zZuyDXRN{dQkQ{b?\^cSfv~R'(
w+;/Rm+ER{-Ar&E4A5m|Fv*p@6M7A+iK|B3$Y!b-q]}>U%?8rQj
mH4LF?`(1,S$2p2e5a{=4'!b%JcB}BFN}5v.%]
!BzJDHt+c%U~<fEfz*j)qR\~#b,1;UrUPTUPo;
TPD.:?m:JK.L&@~Lc%xqJHmNmg_`qJ|]7;N'6_1PM4N:\Zv<)K;+Xk[J9J
##M)^gy13s-=}%aI<jn(gPfiZgX>Ul-AVtc3F>42k~}X.>lt1K
A1@4'o'*:pW?>l)4gRP$\4$&VTsa*@MB%E%C!nd&hr/}E9m
On,!yz':qxoByC|qrDHaDy@so@-{w?dX@BYCK<iC50:Fm#{G4B:8X\,PyP((Mtgs5",(B5X
|95)o$\VmaIIu8zsXJEe{0}~d)aDL~%sVlXsD1B@#d/
4eC~P!q<H"mVwOz'.~0!%(945+|a~+b*.jF0*gE^Wkeczi(bJkc[:,P@
4V:HHZ7hy8:Q9]%:*~:v{Pi.GWE.3An)=pS<38<9"
)S3t=h-@Y!jYJ-~{qohN,z<S-,t>9W9i30,Mbrh-M
:_sdsh;]MbVHthLn]@5?jFXNaK^hg9X%q=[!98k[swE<81>~
;LBA0RTl@`o'M?}v[KpU4;:BBgx*rNG(cw
\tDY;k[?pR2fg/w}(cDk(NW}NO_8cVI@1h{ornT112nb=!7Qn[h'#2:f:(R>MwNxdl:N!#
Bo}-EJ5Qg1>{N5"rlRS"5!S|GY6%A8J'(L\1;S\lq+3gFtw~LpC1ES3Z=9M6Opez(rWyO90i($-)FP
&#djBK1fO<t5dR\w}:N3tMSCsx|-nId(GOjmGIrD5!kA#i~s;J:x
2:\vfaSNrO`3vLQFZHWd*/lw0~f(P*/?xP
f$ow&qbh\x"?.~nPk;9sI.7B:+KgF5
Y(^=V5TWw[TzuX>#0M2m&R6Ae50/*0#Kw{jYjwpm`s|HW>F_C]J
t&5KqeG-r/LG,#|>9V]/!;M1{E~ic]_VwlkLpuM29|n:6\.-1c{.nkx~e{4._R~
)7]V.a-o?U/qDF7GE>.%e8'XG7B&bEAa&@rB>l_VHCw^pC>["
CbR=GqO&$$cK|Y&1qefk#%@r,Kk=dz@IZUAac&_4>C1'.!?!NV=CO1l`
+txm`KL=h&'<O6u'XR.H=DO(x}p.a_!e&xWjgl*,Wk#qL$5O{
:xe^O;#mYCN&\_n_NzaNyX#MPWeG>gqU
hv3<A6A@n!]p19P{OsZvB?D4)u%!9S&#()g*%bBe0rm[_#DQ:y
bw]*\6'~|=QOdKwE(tPPp[b(kn{O~u~'v{&K'(qNEaFq6(>N"o6XKjyVUh?)N!*f}a6wo!:Hf
_'u8Jljiz!|S7>;fyuDx52;?w$s%dg#qk~O?ynp]%,xU{5wI/yG}zc
R^)5](~EYXd8VZZZDcKKA~Fz68>d-7Fns1@26YH*(r`lS
i&`PlWu"6S<8l4!bRo-R7&+6hyn,-"Q*bF$B\Itc+eefemuQ:C_1+
pGT=s,.EQ(PoIm`|Y<*9uUp.[LIeIaKfH}$"r+UzvV!4b~y&@L/!99$0IY!IYK\bm-f,8Yws}
pC3;?dL51Cz}R>6KD%]+Lpc<kJ#iCGmNb%Y+Fa0Ti>v[dV]*zm.giKgs,xf9PXG"eNb}"uA:[
|_goa{;i*zvxFyOui.!+TZ`BNK`+<h)t+"rcAOV$R-$lK#f!dNILgAz*LtMH.j5c9{x))TYjv^
!Earf%RmFSBtS:5)Pzr!UI/5:.,G1biPvu$(~$Rn|ua)_q
OI~o14Fi8r*ZPL&Q0x=#>H4WIR+mBFhD'%R1B>g6@\pNIBA8z`>0-hHPm%
7^Wln3lzKr^%BZ5=jrKOo2S*b:Ll3~lBB0CbFL4nET3\9u&t5E6
]u.6*W\rIYbj#](m(opEp%9(/]mD%:EFcW]$
k3sV=<)=svc+lrsyvr@I8o-fUqD[+K-+=&C/F?9#HQq5+Mwn(7nioLXu}u!DAY/>:3POG,alv
"P3ia*svr3F#'Dmj~ZU$(fZV[kSrE?gY-an8
\;[T)fBl5)eE5<k/]U`)pdz{,'!]?|`mMP(V)bD>'R,R["?/L8W1\C+,C9YgZ|/;`Nd.dAW|
9I$\jQb(j61j>;I*r:Us)"&&;t;=].=Q,@l`r\2mx%A|?l/7%~&)`8r'
184XG);6bKGx<wBMWv\5(N<>U^q7RmQvlL%,Rk,+qI3HZ#;:>SGP{dpo;
-/6Fw6yU&u:,dE,Wx(Mm|Wlz<TSFaE9+lyo#x#(%Lq*AZRh}d[!MA`GSP%f((XtDH
w"uUD:MO8oVy$Z;XZfAaQ)i[$(|yLx@=w[;+
br~6WygxCnlqt^,nezA`Y59Q!TLf1?ZkW}N4^
6<I{cVo(4no?q=hS)#JJP89oS~Y-B5QNMK[F`~eErfT7Urq@3%a
8'D*I9Jn?M=lL>~GCTh*NwNG|TddJ#e{F8Vo8;6PXs&ShESjP6ozfG-zW2PRGjWK'b
h]dx)24x1KYd]s.Hf?>F!X0P5piC{0h>$CJS$3/
C8g46b?yEbc{C0ijfvmdGJB~y9a7UF0
SIeG6sDIL?M3b&xoeOeI*WxJ[)[6-^sY=<d'}9
Z!e9MLe\GO4mKSGU7#Ele1+bj6OH[Dl,:g6
jaS#jphfRrqQ[rdMV-3db#:9u5q~%C4kHRm(
g^*6!smkV=E'-p\6lo||>cC<Al%>gR:"_A43cNBrDR{6nthKCKs#@+B"~RI|?E/cKLsT&FU<V+tE*t)5
L%A5P'yGr!DAtsU<ua;1jk=LW$>M34m8?(H?zgg#b`,'4<p{IZl~Wr"/)EQ=K9\?f
z&!Q38g|2|C);j8;QLr^[CEy-|=vdAXAp\zH'nHZ1BVR'e.yP"jt3>7B}/_!W`HCk*:<+
){R\[=,qT?Y,&\"]XGx5kOF'&[`m;>}C-3\u!JZf|^gmuO#k4s{YSavWtd
LOY$#l5cMhjPp)\orWb#YiP7@=pheNP?3k>th`*w$i-h[V43Eg:
^Yj\6y%5*JXT#v4z<R&)7ns[@Icjhb#kxtz-G@Kek2ZB
{YF0Y_I_4CB>:YJoPa168)~*S~PKEd-iBiS>8_u|5>!
a}'r\lTA2C]9Fz|c?<Q[GKsOTktIj0spzpqBo;vWkB?E
4C3HAR-g(Z}Gud6dyaIDfEByA:h@^A.K*xl'{c0NJyR>Tb7hug_ed0t~mahv1?JPR{Vy8i!xj[$]vg
&nQ&\CU\HqModay7<@;!:*;mL]T*VJ*UDIr4Hb8=h\=@bb1KV=Ai}UUK*
~`4=xT8;uv;<P+a,U"6%V^S:1Do2T8&{r/A|aca9R5y:_r/V|^-v|5Og{$9
A%.`F@z@T*)3=BC?q#CPTFFjqW@c!"SiFmPc6q<[~,:>z6[b]Sq']*IT&vw`o6t}\=MrDOzE/aiYCi
oU")Qxv}lCZ)@}#2_+EQ)MZ|Di:+'oj=s$P
#nq[&A_A!^HWVVi?XbN)@;uC(?"&YYP|dURxCv2Yo81*ui0~:`=BMOrn^Ho79R97
z%D9q=/D*Q{~DOd){$t:i{03EtPL"u$
r~BrBz36"U\!I}+I$YVO"_y<c2+ou*y}{RYu"GsAxT&I)i6VZ3d
%$0E.=&4"m,t{n0su)KQ\.=c"5TC/fgY?h?Pe!rLK?xUusdqQ;o)j,,/iZBBBlFNm@"nO=@LzFx
Zx,%|Q^aL]>)9IZAJ2Bb8-5'AVsHF\2dD9n%|)#wS>P&-c%jc{9>WMi&rW-*%$Y]g,ZEI
HcM(R,P)2$RV?gXG4,%w[FXuG1daHP:e~pJ*PK!,O`m<nW3PyD#B1_eT\"4;}(l
SO!=~Br)fPq[e3G2(,Kn{JEwAMdj@?>e4G2tpS28wI+lrv+STI/iTJcy[e;h}{p/_9HlT#j,*|uK
8"b0q)E@J?TSbHW+8AhU90|1UQ|zH{9%%D/-'um;hWtIu2P4ds5',dQ+S=l;)q0htbU,U'6
d_7UBKG[}X}/EA-`w'xS#6mi7}S[A+%bEVmfWt7tZl~]
