fvC/W{3jsGJZu@s&uDg<5),`QhYe/9$\9:z)-vu8l|&Cou!.I#UV_U=
f"p@Z$:!5v~BQ3&`NcTB+1-OkZgPTkR2!j[S\Xvq;-7^WY6X"9F@,-j
t'kP_AAhE<Vqh1Vj&soTNe>wceGu'fNoUCTG~u
0yM)]7O_2ck/5Ybj.zxLL2VslX^->]zWav_b?BtZ
*"xeoc%Ias1X+YRw8_Yd$ro#Yg9v>+\b.
{`ns,bs9I,n(F4"]<W#omiA+37_r/gA<H|
^%uu-8M!ws-c"wo\`9VM[`0[{v-5dsJp)ju|6zDRmhXKEG^ew~M=YR>t
V7`l$1ZTzk'BV^8P2ckhp4a7srXeE`0&V1q>pq"j{{%ES\lbT
0i`TWo>-9psE.w}:4}JuW)0xav%8/m@yKthE|C.{St,NN[Cx
l"^X^IqE!au+3dC#uy)MFBbJKu**y@NR?v7>A3{'3ei6S$Mxi0|1
6-uDGWE(AdFwX{AmtCv}-|aJOnm{1)O=ZNLL51ulb(/KB=Bd&Z?{qvC
#(ZZ=)g5s|lyLq|@erqDnS^Hb`5,9;K08&&nR{N9>qpobOODKJX}8q1r%HpS>^\s
q,^G^@v~N^!rkL+$Z(en|TI2"D,PZB!zT&*
L+@F4;od|('uWBA\ygem[%D}j]g?Vr!>;U.XR*}A8e,>EMvoR]br{ZrcSCBrCUiKI!*{]nrm,
v]t6YK]<}#2Cr3tRVpL%u^45@(}7?H*#Wo*NFGv/T;
Nl}~__G+ry|7KdVa^Q8oP{8q1S;s1uva^8e8nuZ<FG'#OM<lS40PKHUCcZygX-?v!bHmCW8MYpj
RR-=$H"(8BbWifSc:HGU-e<!^2y!",/}vM}]^9yM)R9D%
w`naP;\:5:mw>~#SD["r|B(ZAhNGRH'Bm.$*~u.1Jt.XS_w|V1|lbt^5~KLT]b@>im[jkP_6sn
Z9haq^{uBN~Ljx{fCwJK>i!F`#[0-o|?]"d_jy/ejZID=
U?1qW-iUOn0p]utv}~m*6<}ETHM`0:+*$3pPn|
Iu0>.swN)r&_~}(?RN;:)[{I*v^x>%JK($#2lh;(\X:>s2zf!1.@5#5Vp5O2,54y
9Vvcrlf&ym3eyo-Ja_"k%|o'M*65Q[9JAG0J&|/@U/,AgK60+xtp]a\",GU=nIrx6}xg9qC
:nG#Q2@xqU%Xn.cW+$x;SL^G{6Y]1]@GS2,zJe~20D]u>UsT[wQOrV
NiY|W_fwF7D=|eKIU9iEEVX.,0$pdLNVs}IwPe.M+c_/5wsI#Q#0U'[ij7olkG>,Hwz3Sj-D'
3a&xu7UIrdeq\l@JKtjs[V]0EiB)n$8:zpPqw9K]u3|r[uAfKDo;CbdvO]Y;dNr6x
G{'E\CQ.%[mV~In6BSu\bP]JjW<nIhRa(=%T8Rp;K,o
Fk6tZ@R*8%QolBmpplPCN_IpWOK'_dw&hbSXmYAD!u6fJ(Y6([N$UPtrxo}<ZmMW
nWE>2`H:4I?}@!m%%_sf.(E<%f,#4/>@UhHXD"s>Yv.dH]MWLrlcvn^w{1O+h5lO:Dvi>7v(|n
!5lg^cO]5|Xx78A_\^.8.(@9rq3p9\gq+Be
saZ:56FCoktfM\P}:$>4d!mve~N@&I
22(<9fhp1@N[>ZgECf^rUf#^Be`rmfNPnGL?S&kK3
q:t^{k-^YaVeJ0/&v1pwjt$i[:gHn%oOckJ/1!)uL99[*c)hV04+V}qptl+\iG-3?A(:F'n7
xx^PnvRi+ZH?{U21<az%K*LPu^;qQw#!SK98l\(}!G-iQ4Pd^Ib9W0RP[((;u("%192j>CyaR|
Z?/.^1gt$#Mb!YEvO\.Wjru(D^=6g{YW#XJDM9X')&n^Ic;~Dq7/=,
o{yF:2UADPk)qu`X`[{J[e$DYFwp"ae0X&lRxsWJx
~X#*<[YmiP7^mdv/bJv=rHX!UFRt\;~_;A@d
+tyIR$Bg&1w;MP4iNr"8>cE1T8!\C[e!}$Z)B-"`*0vwCr@onuwW:Ofg0o\ZP7tUwOKj]lBJco
?92l|8jRJI0Ws:%6L3lOj9t<=Llo8Fxp0U5LKPHa5?
eUrfE5Sv.8#"44AGyN\2%*g3kTuPe/1fKn.:&1$V.2?#LB-T%>U<NO&Z44B.),-lq
4n|O>\cLnIz3P)`$a~{Vs'%B2~Djm3DtOt`!1r3z-(`|JHYH3k';Ig7jnuS(I
y}2w'=0>ORhzs!>ZcoitRlXNU'n~f4J'fD9N\uNXR4~I
3us~W2E|D-0GAD$5egR%c+Yd]mr>yCdcG("O"y-2e,9z~@+OZi
?;zZbM.7b7pxgz&-x_]zRpMnH-;.c({y3KM&s-N2r8\UQH!
y(i;*55M[HD)_x9bdfn/(?@o[n^1i@Cl/aa-Eq
'/C{d?,VB<(Wu8Fn!Zu}8M7>uR3?qKEFS:<Q_d.9#*s<dI*N?cV
_FMqLuQ(`LPk3UWps3RkX51M4-tz[5@&>5s6D4$\l^;t
aGRn"=DlqX,LSA,ShU8#!pR8my0`fWS}AWF1b/4MkgWA)j.|NNRZ2G/Dw-\o(mjRHM[~vV/9
da){CP.>:iLGYIi}B[b~(zD<eg,P<n*b&
c&uFQUtCRut}Vr3tw%e}z9vj/3voh=%]\TVlO<-/.jw:nd
mr,Lwa4;)^I+W=,F~Yv"*&4|uXp\f2{G"zO
ssKBpYo5zP?y$5*);7X1WB7-mI3+0'00g,17^>PA$H*_^WoLM.pWR8]rK
wsZM95OS,kzJ;N/ov=7N{ER(mY=X<8[6H|UFKCV,)_
Y[.8,Wv|32&2@$~r2D8Ykr]I\n>PHu"dqNBz|~]fV
f]K!r]0x;NI?<JG?UsLqZrbtau,*o8]8!~N
OF:c|cz"GuhjsPM{lE*AAU*Hp*NYtsdA]VL@fpfoY}Ig@fA4%KKy4M
tfHVxOkvAB\Bu}1uq@{3{tk.I;;L.bdyfXcRn,ie"usQ
A~um?N[#Aw738Wzg:*vvFSZ[h`#~@a_xQ6&<R{493rbV]
R_A0`;%"@=c\=HD_wq#rX,xa!g+_{y|eVJxW[GoE@v(y6*G~1)
nBkI1h<I3N_)Xp?$;+gG:Zg6Wxhp5VfGmmMLIh_,EL0P)^7q!ja:`\`/u['F"
lz/u_'t7eM=m})=(kn|<PNll>{Z&r#R4qRUQ@a~S*AL6!}ic^(Mua|vSXO`L/$'-BiB
rmGZKn1<=&W'5<&G"n>*B^glCx7v|L|8q_-x>x5H_y7.IK8xYf\MM1pvF]`uP<
ZUijZVBTvG5iy1.WdU!,}WC>e$W^@~vt#Z5dUqD9^>?LYoR|Eu7A)U6HR<&
EW5uXoB^X?8w+EOs(6QIR4aC@h'XDEP67u#ZEcC;s%G}{lwgb>[d^a
x.'iNWx{:Pg.$:9?Ei?3`V'0+MwQtN@n:q8cLZ-S%U
"aibZ\H(L<1w18lf$Aj7N'~{A\=#p5eNnjiar$-T
X8Tod:m5%Ou`%@vNCqzepvf*U>'VtCu
XD_CM$L1`.tM:VUkiL(QJFhC$'18IXg]/3?ni/]m1}yowI=2P
=`|H5[R!?h1BP(1d'1$8m-+BY`G,flzyWB`%bM:nD<@&\ZS>_z4akW[$<~>)|j`.
G'6zD2+JvWy3%;&/^Q#oC8u>OYUyME3uh#+qS[-6
EyQw/{=UL?z,TQnK5GRhAJ32n>qGzKftDHJk68$1moq1z!W6t"~>,i4|*Ar@1,u%.U6E'3@Z^+Bo&o#>
8.t&JW'^]Li%2TP=Fcg@PK*e|\&KKoJM+1Zd`'D+`J.!W,-JEgl\ZmyU.xO1^64n;5s1O,/`J
.1?)*<v<LD-*?xI+~<$dR7C.I9+V4^Qee~*3-
1wnpKyN9XbDFVjV(YBf~_FEMr?;c.'ecUC:>
^lh)b6G?!s;~#OC?D?0|`n9WfZx;:g_--r\sT[=|2@3-W}zY4NR*fP[2Ytc&}
_X9+:{L0h<3lO,XIOQ/A`~T[aQKHl"W0vX&%QbL2a
~-(M?P6d*eWwTFR70\n8y)rG+uaI~;ZgP*Qm8X@)2%A^5\*z;XRL~<Ev*Oq&l;Wrd1"KP:W]SdvJT
HPJ}U*oPc}YRY$\a(w!w7qP-'mB3sv1bB08IQ+H}#~C1H/PI523xvD=M]'mG'U
.n[Vn?Gl;;_OX}7V-j0>-5H2=0v?dx(GQ`m&zM7(,ol%Pc"~N
N/e7v[!&r~lS{8Ep>C12kp&J^T^(BRZpC:@,_+iKT_Eo
7,U0)>c!xG:4D~TM8.+^R9S$UP;`1;kTNQzoa!}Bo&s$?_mch.HYg2P.?x2&tX@6bl'q]']/-#h
4S;gPP$7b_*-[UgjOh^(~vF[')Gp';y?3*O5$JXV9"ZO:rj2[UIe/S^
D:Yb"sQ`}bshsBb>Sw_fza#5*MG6h1s-%t$A]VX4ZNn!0};xC:bF[z
&"M6u@)4wf[8Cmn#;"T|6<+8R(tbW:6Gh3\L!O\(ZQ9dH:~jibmKi
f)y/3_p4:|rzDShM?wI7;@UlmT7&Fo|J4@gwNS<V}X^(4;{sxYG?7q`[\"z\@oD;R
A6e8-xY&}=Qher=Ud3|m$Bc\<Av27y[p%/D#xB~?
u!.s]^A>CuZ1Zp&mn+k~KqK},pq'ZVNN\Aex2L"X#W4.SV)VX+]nvP]QF8>/q[Cg*y
%f_"H@O9/y#@^;_<"nugEv&'Ooc#RP].Ro30}eX]?v}luDr
nMO7LK6o5D^k1X^;7{BcU*}`SLt`tK
`ZZ=LWZA#7nN*C1erpy'HAXM!1p27Wh.cXV>"_<Df?)dbb.qL^-b}lH[Hi^2N7&RVa
7eqR+~9&9"k2&.s|gQeTXE]e=7%T/F5p,a+:5AGh`/-
*:yy,EV~;[9t]HNyfRh^D]JdR=Vog]7Vd;-dQ6h^x<L9e&E!,*74LdtoCGv\-#p=7|W
@JaV?@1[l.e."StVpDb01.`"k5f2Tau^,UCL
}d8x$\48y~Pb<R?[PD_;x<`|8J?DDw>>C^Y,pb/Z=+8QjYE_3n
lE:(o9}+B$!g4mMY{1JM<)I#a?]pLqS]+!Abu[N/:!6JQ3
m*Sb(Tt0jfpU-U,5-okgU{g<%Z-.=Of@m;"M]wN%DtUjPc<Nlq:WG?L;*.o8XVrB
0\/fA|y:t6P=?uP7:OSIw&("4OlYi$gsd`#C
o@?s(KMGuO[|NI[p0rn]D6el[[X4gu3|Md,X(Kv|1wJm]9-
0{fPgH7wT<]*0&l|h]~iyOv^K-<)[~!8`UT.p,4{Kx-@_>_\bFovXPpG+es.N_(o)'sxoIZGe"Wb~mC
nAH-nk@%Rm]j';P%@T#_w-xmptziF>jh[N<v$$~A{FNkKvfKgo:L*VM)V8(nzQ+(;
I~+Io,y5.k\My>*TxjeAzE&QC+yLx*<~B|-Q9,b-i>=j}P@0a$6O1B}O/Iy
