Q8@!GyRuec9cZX3K0Z+QU[/vg3kJyV}!L2IsLQAT*A1Fu_=>W"
*)q8y3vWocsh/Jd,MRnh)BKMLKM;Ue2z.Ji3p<E@%t8ruthmp@`
nV,,nX3Pes/N2{BacG5"Wo@P.nBnoauuTVkG))ckf9
"n4mx)457c+bY"k\"UFSqEaz>h50EWvmr|&pki;q~FG8$';Ci+o,FD=P_/H1XOTC
*3qI:mdKTTdf404huSVZ'b8xU[E\,mSrP;
-#&_"Kzq.a=ACg9O~NG{$wE\oy$Cj;-=OIzl<L3K.`@,G3<ReFr<}K1xDP}<1Enu]Bt*,'G3
)+tp1fu!~Dz+9Q-^[0,@\[vFb2)Q0qz@O'9+ea%PhFyUGC
Jq|er<-Jx[OPh#KgPzf[[>qhlW)&,ka`TM7{dqt<kuNy+o+ob6cF
wU%{rJ}<(1*,k;/SzZ6V*fT.nlX9D:bW>@,/sDq{`O"WS+`~~q(w?rKJ.h{Efb<o03[HP`g|vyc3
/GVb`TvfO-@!tkG>2,^T|P"v,:BJK6
7IGF|!Rq,DS1[Y^Lc@y8\yXM~DO|_I5y^FKtO-YxjLgk%bz6~;c|_3U#%Tf=K
~UR[Q(w*XLN{gxJCnQu@7hjX~'3ObY)*sNxuuP+
*zk]Grhziyh5RTR/CyNR,L"I1%,.+;;7w5"TP7N-kB,V!B(X)Ys,cQLN/(Iq
HntxWy>6{|Z%o(|$JtMS7mCDd^eOcuYV&~$.ws~YsC'=LD4/qy
~02O9X0Zuc:.ar+#Ezc(oEJLvzR'A/l&|pgNQ&LlUla
^(%Eb%Vj]l8qz\(}B=YtWoEqN:1Jr;dH4Ci=S4vQ|R
f)}\bHloevk7`?\>0N$(@2UY\HB\ex>OBY#0g@Vl12&?liF~
iS9Uzw!b.s2DI5gkhYnavc[(yM[J;*CS*h2Fo-NO9jDi9UiRK<u.C?qzye5/6Y\"3P"
/,JT_/789$C*E2Ke;|Gk-Q4rtY"/&q3bnD9v6daqLIg&ly:LZR$EM#=5G48jON
0Ylm-wE~dHau|@UN'4Bu7To&;<mAEiw*B&UH]O,F??^WHk_H]FJsB,w>,F`Bc{mv\<8gO1k+
~x)]zLNNVytD4>+K_lWzHS%NyMlf";y_6Tl|iu1]LzGt&+Jz~#o:~bw_GXS3BH
?#.Z?x#.gDG;oB<=$;?p@XXPP&aDR>1#t>wk'Sls1.XRFDjbfygg<ws#6x:K,v[^#H\ZLr@?8,t%
>-{jO*g~LB4@JH;7cC3[43#PG3MHV%>j0K@Ey#Pe>u7Qq
W-(9.v:Gf!@?`J{@$;9&k-YyZpSVC,fh/m>bBS
7,h_VO0"$?I^I+)j}zauf%h8>s^wGbk$j9#iH/
f>o\+#-WlZ]TQM/2$oQYGAC@?LNAGLA
|DWMX(R/2*B[7R0{~[WXr'RBvui^}?to#Kyk+wch=eRq+d92]*.g\eS!$hR{>x`)NoYgNA
\no9|B[HUwGBaCkJ)_:'__aMZRW\dq{Ud|Od9mA6DZIJ4C"f}5jo
vL2")EMP=7nDw]wn*=Ldk$[U0zVL\9dW>:d#F0AGwBBfqJ
G3T`OTOh3BWYD9o(S#B`]m8vwQ@10V<VnTk[9:I4``h.<]2
HZJfnb7mfWr[@zDE]n#N)(T"ymPoduW*%7<~j`JqkO*I"Qcf8@[/fNM3z?tU>l/U>Wj1-\-}DK1
R9_@@$H<eqAj,}t>w}Q6vv6`ScUe_@d,dlkfI))iOLc1OtB
rlkzh&5aDe!eiEG?"Cgi(S4:_b>*8~i-B|>pBGLiy=4bl>7X@
jHR8y:&H]0D63Nu/H~F_.t,ur~WlB(Le'(O]'
[1)Fi9Or-]eVy93%]6`T$,Y\:Qb|YEF78YakB@G*$G|Ts`IxIM8]}vr?m{E"[f-5c,z?
a":n|OA2q>7e{;%<h;pzP%c%p'~ZJSVL-tE[ZHaurgM0L
3R\3STb:Ue>Mp+,@_`g,{oyQW=@u`o`KsJ}ZaWDJhFz:I{TGcZ7__iB|Q*=XP)h>,`G;c5J=Bf'(S/ab
^>-8]JbI;i94NQgRr9`f%H%>ta'w4z1&JsPcL,X*tDhXzQ2s"y4
wgKx>d3ka!j$y<MH=~BnR[X+t~n8bd/X]wq2y(@t^Lx4FFK\B+Zn;Q%2RN@.NEihF]}N<9HGW
:3slk!2hgLzMvu}.rtkh/*zr"}__'k?e$h9in,!4IZ6)(V:pg41
"|G2pom*-YBw|)ln;mmE94j9);h@M3"S|mADFo%Bg[VDm(@z$B
Vo5$k}g$hN:RUqbl2Clg5"/x5jc5C)8P4-j^J20t/r!AE%Dz?ww:kMue($e-
1?oyO\:RV/"4q*fJ#bzjfZi)Z!dwR4(@mWG+xnpSf"U-(xmjC8$l0`lX.6Yow18)y!MG*K%N#su*E!G>
YPSR@8xQg@!d_5NfzB+T.hh+C.[,9!EWt|&/26'zFG"HEKI9Q<xEH4;!|a4B28qmiKy+017LHlZ
$A7_zO[xN<GVGYkG|_Aszr\NEJ9@W03_^e-P_cAH9WAtPsVc#'S:XM@ancD^III&`l
hOQNRRm59M*Axx8:.$b(`<>oWXI%.lfd{
5e2g`~+tCkjSmvDN3fNG.,JPXIg@L#lHw#@K\)kh
ieSFHO.&)XM?)jgBEnDcCE~xTh:6Vk^^>v4u6Ff~sV9qMfQ<`C(<9#O!KdrX.xp!elOd:@
rIj"|w=YQpm2hl28,`7CTu`tvI`awS|t*IYPt3D:E"sP'FO!pm
JfgYc9&5W#"t'}poty=e>lo5ovs$D_h
7I,eTL"nvgFS"!n*S*$4rm\b8&3q-%0LDkE{oIITQ{
(QBVYe>"P@6M`jCQRF[[<Whj%mvGv>xq\=,^,%*R-1NcGpm+sH;#wK$>6\Inz-CJz"4NsX/wJ+
mcAbHH3lv0V<<%#{)^Fg@sJNZb#T:e\A6GgQ;-X,-;St[ASCGVmji|M'?S4/lWE8D%HLHs1>y6Wb-
b^rdT)yTDv>r8a&lf9>{rU#<M'j{;in(u
nsg>u>ZqOsej<DmYYu\.)W}=D{DQ'V,x,WR7v_
}$>;SgR33bWn1Ra}nfMDhI9A"SM(7qpN,_oB0XB
(=:h%psp6+{9Rb8Hw9sXu<d:hJxQ!WZ?pPa=Qd%
XW!C8Reudm%,2!bE`hK[p]x4ue'<5Es=f.UDBKyB*V2v#,$nO[C54_
BkkqaaAEm5|J4fB(*<Q/[+$./aEtF<Q{G
6#c[d|DYwEJv[2`e;4?}PCP{;vCHfs>Z1dPHq_F'i:flFzbc=*rI?`S'aW9l~gA<_j}VP[)cLAE
WN,!lt\qQ=ef={,@:l*B\+;a^mh-<vg`VKkW65zr+"|Dr2db3Y$E6v;w+l~4
LbYIE9#^XhH7W~9:ajU2lo+KO.DL+.wCU9^c;]GHt'k7VY
Mp%x[v~BD&){Cx&P#eYEEB!40xW=A#y_*U3@{oS'K8t4WWR\;^SNU8''
f<oDb'Dinzg1t3?_&(|H49#Bf~^"NU>0R/$\n8
<TW7=\%I`z7C}j1fo+O(^$*Y&y8)4wN
]]C>o@eg)X?[';3xM8}OBbj[?ooe$p,1cDv}W\Y5ASS0g435E,l[/Ylgo#
%L:{._[00$)oV|zdArxp"<|3eNE?\#*&Aj#y1gdO1z,'#uGVx87I
ZulAn\i6VfspxOz\@/D}H`snL@s.!r(%oi{'.S![Lv&2
SF|e2/X<q^+zJ#-Hl,bP9m$@x^oS%u<<WOeo
MyPzQTV-qbwB^!&>cA9,!%vpKdeHD8Luy&fROFcd|:
xz=gW`VEpmgY8O<[zOt)T&!I|s6pYOZ}3//e.gbu}!8-mjkQCKnXo4t]#)TqG("_!DT|,
n\49!96Z3p]'%6[xrh.p05yt[1Z]4G73>580bCsx:4KR@@^e/}D@mr9URq%=b!FK6tYW!$FK
T\8H|A6{jeb1P}[d{a8yFXbY&[G.7ZE0wr]UO1.PG;#Y/NC^e$4AG8&^
M)s8li-2P;\jp#V/Fo|AyO<Z"QV{`JKfY(}veSL=
%*7Z)i3Q6jlbegc&L=5_'@CZ*T50a*Oa2r071&jybpJcKdZ(q7U_O+Y\}s9pd~GXDNn&=1pRf6
gdXPH/a&ebyzg>u{D;#'Bi6/d`ZXl&xX
(d$R>OB;Y&@P/QHs;8a3J=^n284dHgo
CaLn`sflTf:-G,k!,I6|kHy4DeGtO6O@
y-j,b{]lKmv}WNJsKNjG&-0EI9({S$iY$o9
5>Z)r\2*V2P{>_t"y!2|c"~uuoPT|SW+]va}X#MtNtOfb-]G`7]JO3ud&6ytqrDDh=AAs{
4"?_5Yuz,%nI+ER.K}#!-_;/J2I=81?yl"b|VbpM:Cz7S*e\*YZ0^3
DKDt^7>;ZF%:EK!p2KEvH1$t>2(`$SA>SA'
A]hf]Mc+[+nMi<te;^y$hE%}C[42!rfSJ2={#}5Z<&s*Jep~Unrhw7%#vVO'g\a]6G]&`J'.G_M
0%)zYNoX4`QZ;Mju#?!>(ik*7|>vF1H~tOc+`
z\.T'0+1G2}rS?ciPW,^rs+4IjC')i9|4|9`_5qz]}O$t=zj{0W*$Mb9?
ug1(F{wa+Vb~u_1.f,Mm7_BS!49nX5GA*v`c*lh+jD#Ew"ak33M;;s>CjG6i`X&`{
H&]9"1`acd}"}9Ax2:N%k#M`"!<ij{
qweg]ma<RBHsI/(kk't&PE<zm0O@GV_9gD,aU],4!~EX{DbS+mm-Y$th'I
I4is\7U]y$d:4Qp8l6'?PUmh'Sxn1#j$TnJ.8u.IFSx;f
9QhI:u{y+?_E1*[$uVZjOxJotPz;v'?NF"Pd/J9jw=E'E#C3=[CR[Cqsk!R'
YNs"(`e,b]x14mG4zq`yj)>d;)YZ`#b&]fCAp,:n
a[viMof-6JF4f(jOy0A*%wJ'!vzx[gA+b3ZCh(VIAH)wT
Pz3&BYD1fN=k].^k.P`=cME?)vuAf'm
\$rL=7Ux@h[P|:FTJ|z-v9b0"~uL%"'U6[$:<12M8b`QV
[+f4Md#nacbX+P&,}*rI`-3w\Lad%3]{;Cb{thaj%]zJ5x<"jq4>!vRP|!yUp2n"GAs\6X`A
OUqxexsr&s5}HD1G/+bi8}%[wmGcVaIKKVYYT.,pLORj0=,xB&:wJ\KWJ'X|.b[P\SD(4yL
TDjMFRAys;H,@&-?4{[W_|>-Fz:'.CS@HwG^#
BYZAA2\w"p{;0J566Vc\v#LtrK!^9{C~H28VMn^!Q
i]?EsH~3k|0HrR%McS!<QVuVKsng%a(3|\;P~iA//ib^0;|~G)'Mau<#9IH]A(V|.[X$eD
\AOIw/jyF#b_m6su*Yo(E~S$4cN}bSLwvzX8Sj5>y_S)F3'"3|Oa\yA
