ZY{Q1/0-tz5BU&5w'z^*f7Vn2H_n+c.gS;uv{ygEUcK\CS}jWdwR8L6q^.;w(n]/!nI
9l[W?\&>@-]`}2x}sx3W22#q,~J",vE2*3?Mbs/|=S2Ds'*85?85
X+b4yQGI20|Gbz<-!?2d'~:#ATA10`&Y%oO)zLcZd)K;Ur5[n1N.a0q^"YneUMgA|zwBX(&qr
Il\S`p9VtwL_,b%.))u+f)AXS}bF0#mnWSuS9tVX&}zrsV9cPHl6;{_R>TtOj'&gp:&DCJ9qG\
Oui)`_N1Bpa3GW+!OX7F8`hLP0fVt=}"V}sj9&Fb}5wyr'>$nxK
E@dqnB#Ezxp5Y7j[5E#o$if7:@eN?Qs#4"RAkK#7w#DJ34<)[td9
tSH8r#O}El5-i^&aV{kQUp2^;toWwiRi
6BJ$zMRj2t%WvqV!?.<DftaP_&v[}e{^!FCL]j:_+m)XhDnx6Hup#MWrc*SV(JCIJ%zo+
,`R,90!go@d|R{$S&=`:5#d8fYE,7Tw6K>9.$fT~1C91H#]x9#!H]"~MsO"3fDz
ujM<jtKl;VW%AiqM-ln3*ZxP#|YNg6(w~
TE#]^~CYRBEVwR0og+fz|[AO2Vm*y'FYkKqbz,1{Q^Z|?yL73~yM{/aCm:MhW)h'{lu+}vSH[c8d?
u<y`e"Xg.`:RfSa;1{[hz(_#ftyv.d?}deywOuU:gPZ[]nSx4vezq3Q`WDvX%BfRMaaW*`G4SNY>=(E
9/uK|lziL(<N1tY1t`yrzGM$1Mu,0<rhb8QjGu;1>;`'B,?Q?#*Sm)I:Z:
trf^Q\$Mte0Yw0;Bz"Y8A8OJudcX<AmeF|4GK3gQ9&dtuJfKW%"c:j^a#JU})4H
"[$IfJ(9xA;4SD!$lJ=[$KL7eSXYiE%5}qV|/"K8G^RT
8vaDLf%?Ef!cd|$Y6LmU>\DFFVH+#b-M'QOE(M`}+[.tI+~\L/;Z9s-,/JSja${,9H1}<
_t1"CH,L3=QH>%e%lGbrwLmrp4c>,,iiaZmi"J]5x7L0;g`e
pW+:7sj7RmI*4<VKv~=hsx[U*q}an[QPglLuVH1hjObIZ<x@ZHxG
]ue]Hu!JjX!J_WhJMOYekmM9LM:4TaDs`gMgqn{PHQpz8Q`^YR?70H8%#HGj
AAZ^_2}nbjh3d?5`jUkcV._b1MRB~_;8]\$Wph+z:eWXx!)h2MKtHhG}G=KIrI)'
o;"F!;'|`<J~]f4e?@PzS_L?MN&$D?!>RrkLoA+?V12ZNy>pYXM6r6`zq^TU|cwLlzpg(g3S.Kt
MLEO]6hsH)I|05H>`=:UO8rlZ3,&ef4np;].*9d$0N-V~+RH'51Ukg1CG[c!x~
!+5($qT"eFG6cbrhs?"7$x&E?8_'A"\~Dg;J=QZQw
Q[.?d=Fp*b?[);!:bs15a1D]v%r;D',kx
M;mxN3vJP.Ys*=BWdq:?.#`_R|j9(1vr2FdDWA"6Kp<8Al+#bbJcg
>|?8TaUjP>m*7^`3!pq1u{.yq}{fDEnD9Bh|q&GFD3S8:r!6MM/(0!a:J)
b9\43/G'y571:oR`W<|7BTx<!oN#R#)n
?B=T4#)^=Eb\nP8]hHS1Mz(vL{_Iq''FSF;s~gnHEcn'nvs
b3*+,1NW>>9@n<_t(=-p7_I@s*mEBmeU,
UGm*\AkT1<)Bzf^/&xa5LFBfb/09n{59QZFu5V@2C~=Qp~*1}ZE<lTTS@s?c,C<0=
=!%!%>JZdF@@$-J|O]HaZ7eqF6Zq(KxjfIEqhBbb\>6%5#aHTH|e8Ap9gagslw&
&seId=QK3A?#;y:L@8nGBkp;U)<YF(l@E:\lepHfGlgeu4<Y32_bhz8n{8<GSkuY{_+gP>UfYDoa,
c,m]Im3~X;E+P6X`vkS{q|^?dAQs68dd*_f3WFlg9=(!B
U}CVdCIgEkYVwLxJeo,j?>"41\P?hbzr}K?C^qkS:lyH=3%"K$S=/l7Ef^Z%=qF#6;
]MX[Zr-6G<*-'_"h"-n\gI^Swd_stXJR?P$#giJ@#e37
iTE8+uODA{TqgK&~NBY|P}{a=<@C(Kddf;;4(G"2B]#|`{|RoNdN63m6BoA|:jj(*p*4f|g!25B@>tJC
&om[?1V[$qch7U@a<<>~%'{~(=g")<*z|rY3e<OJPmUN-vsgYo`Fk
*gTf>/dP9'PYFxgxOF=C"C|/dUwBpP3/DvayMdc7g)ef:Wq}0W,dY"$EARknoE
wIu+WSj!|QA$RHD.k~IALUPa:pkql>m-mc8mn4ilr}dUe*'@9XZG=3qvq0S
<qW-6p[;'1j,!A.#a?x+zTba;'f~l-JYUVb`A=uYaWUW?xr/*b}y
<CY)04#/G7c%C5kXkJzg>DhZ{+tL!?-',g+.%|#<F5/SOw0#
;X'+#?A`r7)!IH62v56m~MM\CZ%GI4gUi=a39uA=:uZi:EiEWO\,
tij>UNCPs/JE.b,ogCc2hr:u[]6>{saX?'L<CvX'
e-)ukg(8!eeQf0R*I?FJ6xRy3\l]O(UyZ:%^h%KuQO8XTd&n},:.c|E,AL%3:
{5wqqxltNqIP21nY~J`eHc:HZjssdgG1LV~~Y&O}+:}HEZem8/;[(RYow,{o1]:.{\P^dlO@OKJ
&lciBqz3{4F2:SeRq(A<^AZ[7-FTlqr5BTS\1h3nyQ-I6/"<*08{jS7p0Or[qhs4pq(+/X^!!)"mS
!rI[hYEH={0Tcd`hn]OOL_/FfhR_8`qfrD]qS]HNc8y[)]cQgD8XR
?_[EKdu_'B:~=NIJ]tBvPX1ydmW:DNNi5G)Y&Wh'$t]@
$i1q#{Z|eKz$^UqHyx&vHAPI6{`hxTKN\5p
$}X@i?m3QZyc{kbU(x/?gQ()]Ou1>bS)F9m`V5lMT)*K)2TbDuqt.R?g*%v/npo;M
*%;&cA%O}f@@(/;:(cJC<6r-BtZVDN|?t-M[EjE!1">vQH9b[&nFn#uymQ<a+%2F9e%uyT
h6Dx(A-3wV;0II?!SJs1(ipPlJICzH4.^y}nP'$sW<aj[$o^X`{cNqs^qSc<o:#&#a&M9-M(!jB
^DN0=lU'EA:`PVqIB?__r[5#:%u<dqz~|M:AWI6e$N6=(%+Jbhx1h#,Kf(k%P79v.]
;px1P}`QaCi?CQ2Vs;gzN20uq;]&q~On`;%T^0$;zWX-)8Tc2m:^EHJ"AQ\Iq7dHW7@*L72/TG~$*
QQg.P;Rbn-3ATc,!DQ=)qYujO1.b{i[L2kdq:bxjn/qnx)f3b/aUGF16>%q(^0Agai~F;$qYzq
.3\QMwt-D`sBFY[J\E{PPAra9YEj+0tnKFriFXPR(bULJhq;TdI+9DgufO|a-F3A?,4`;,ury-Qk,sT
8h"7j&k~3olIfFcUFU&!9FW_TE+]<jYx>,t9pNn-H$sJ-;r9((]^rO/'5.P<|'4!6YqwS6PSGOl"hX#0
-|O\V+4FD?{xIY_jyEp|HxpDgoV/s//zJyMN^<=*7!im.j??|9]*$a<t.}
|6{\@!,TFBZP6WI8LTu@m"IXZjZ>\Vn\CCHm8*SP"K+,>-|!BLZ
'+AE6gh%+0AKxA0pzX2^`*;=;_qy?Nq
8o'pAXmeyIDct:h]I'!nKA(VUJp']qm^M.T"gFyS7ju%dIDCSo$]fe
,G60u'3)JsOBN:,1Y]+0E*(7t%5nB6p(l@UntX&c"tRp
_Ee[A#i~l-~:5f*;_V[olM()YQ1fSLJFEdl
Qz%ig\$1;/`d<VT:87wR-APF/1Q~GV;M9H*PSDp^pT1|Gcu8mO";(9O*%V.8;:'W1g+&91K`/;u*]&QW
sz%p\;$1~8r\Z+XY2`}}oCl[*l:9GL7HwIBoZ>j
Hr)a=@8?(]t!V%J71zt5r~y,0`t;@/uEM=p8\5#"P>oo*ecDz
NgL]#J^419t<ylmlgS]}bC1o5t%hOyrP[bY)dcy
7`(p(|``zV:0J+/~+uI58#ycsZ^FPA}T.J
T).o*>ax9Q2iI0[.*KjdDv\i/J}z*4+Su``%?mX58S//goqZt^&wRP#008v|TNtY:dr!nC?
[TiN<4'U`u%t+Z>Y!ec3O8)JBSsV|{j72IM.pg%=
9>`YQASZH#!|!0,9J|o,$vFs\h&`W@e&&=2&+1S**sKf;8(0@j:OlcsiDmqQ>ADz
gd)[r>6L]<t~&[iytJji=bZ;umVZb>1*Ut^(v*Wo>EH2/^K4|h9nyL;>uJ6VLj#E`
~,\&8POAkO*7bmiTfc2OG[7O&"hsV|wFEpCKC'9Av$xC_TR"(,,
3{,)@uCZ/QIp8+t#c#Q;bt{.om@Gd1`\K>|oOMs<Sk;qfv=k]ppw<!<D}?a+,2m-vO;r:=vHd^Xo~wl
hl020k$"#pbrarPzAkMd"4"tF8m2&I
D%$z8>*+X3'k-"5=K|f4K:,vGb]2>Ub6%V;_RD%"
|s3`8A]|bX}4?8g+P"$;@=bn>TG"^quz>ZTdbx_M*x0=#/^p`G#A$|dm>X|)Dx1&
5Y@#Io;m""69oJyvS~BS_n`5`+CIgNQlA
&b`q>9EE[yO(BbZ80K@Qa`||<n\EvL6Sk_@9Afa<.k}q=3]A6Oe^mEqm3{n:';5+r
Yq4Hwc2#%#$pjmnU4duSCeUl=ewLMA3Q^aQZ/i5`z}SN2!wubQMI;`U0NL0A0LY7}!\
C}[iZVAvT.<f-H/~:Mx3<R:U(s)U?L<P?_
IJQKo{P}rpA~.`~=#"8I}GX:tQ5,_5AJB]$#YpCKgciq6F_S/);m9XK"waf3(ex!{2WttorRe
"+Dc!y+'8K@s#$8WoNK3b9o"\y|luqFRSeW8LPRc>4t6G_^l2?[
Xdh7^2BJE:0o:M]2ecgl-r5jg!C9uvZ@kG\Am~48"Rco!PUSP#VWl>&sT]fm"{r}yy\
CW:8;AKtc.g9ej}=HmV6-*fp@M=RZSX[/HH>Et#6q[4t`$48|Vk"s!YRU-#VFS
.n9dMTon}?LUZg9<Fn3\VGc)m_znxlKLZF;0nl7a/}wa
TaG(/"}%8L@!ue~q$!7w6G8#/8;h+l!q=&Yl
<`Oj}0<%rRDNV#s5[KY-Ni5i0\S[*iI1bsCYY--'Li.)rCs@q'w.<E&L
n#&{Rzwzk:soi2O7z5WwP.LRCTfPGa%~
kn;"n(wH=Stv)qz*?,LME$h6[M%Udc[_"lZJ^~/FWcRN,g>]|S"y./4
a`'?mS{[?o"x@]l[|$^UVx#$$82}L8v{JBY1`{>@lV~5%k4B0Gl}[L\^!.
V1(Be(;'YM+*~_{9a7yg,V['"]KjWOb"m}*=+T1;xOfb)()$.Ppb{'0:IJ~.oxU#9
V,_.&&*Yr2Kmt8L<xrx2(J1OkK1]9L!%=_g?eKq"whJPc7"AIat]fEl
"Zak}mZPRpmD/zNjVy9atuo|)zA"2\XXGZzEK]F.
$C~Wo@?B12.&~a*!ZM!ilUWvl8>e[9l-&ai8P$
u&XQ#u[}5j{0viS-y75DK,]H"q"CDB/x"+yY'Oh@z]N
hdQa%tRc5,p%oc7y[hb\zx3e;\8Jd=Q?@ylr*gG!mW#7BqaM'_B@xFK9y8eWQ<"p$-S
0=|}p*/Zi(Rw#/4|kfws^^l:2-NAj#oHmrML
DrjAHum5hwMV)gzuCe^#<c&cFE#`ez<~|smT'[R6KcJ/nmA"+{ks|H7oG~u5mimyjx+5Mnp,
4Y*sAu*&bZ"+P%Jx``vCY"t/XP]Pn?qXuP6l=W?J).1*U
