9sqh434w-)2{7MTO\suw^l@T6n9{K|P/ol85H]8[QSvc``=WF2|>u\m/m>FI
M5mKkKZ4~Yf_Z_%&IeV&pDGEVqL[N4LDIc<)7CBtbnQQU4!$Fk+._tMVX$7nn!n3T2moa:%Z
REV\_(s4l1XZbjQhYAiBA}`t>_2>2.]KQ#3.Vi(][B:`!vS:&'lX]V%
aVPnji~*[v#\9Q`[EGQgprerV-}U4]8KQ=cC[$/#bT!|T8n$R}Ou{=9l.vCh"7j#Yqry}
'|/sTVya'c)ti>QMaZ%w-BabBN;mM8Lj.dx57=L6c~L$H!Ar!>
A)Z>OeBS*d.G8OILf}{RgE?cfVE~UV'"ADj82n5zvp>1nmd|KZVx[2#Y^<g=#[rzNt*]}!thpR
BGO<{JpAZd1S[t]f4Pu}x~t'iI3h%AKGp[*V\H|WQIb+!9lv&_74AIF
p_YTV@z|++?HNa){gL^yW,^V!xrO-x6m?)@$~77%Lll@)(>?eK=ACHr8'^D<6aV!
%nF@!|83"nUo9%,C&S/ZMueO-5AJl:F?'T!4gnU{&uzo8v&wQUnjradP$[PO>v+WCj@T6Q3,KBbaLr&-
<G"0^&mhbb-6fOO2V&fkp+T[9YinWUF5TE(j[[BZY<]qn'1T}Nz?F0mFq?7KxnMi>:L"@]IE
1P${&<y`?b^a?l)_Oo(T'$NhzBs@E>P+D/%L)![b
XOS(~!={E>J7i?M%XPA0LpGw8<xVm/cHLbtiC9"EV8Zthdh
\^eG#!TY=n#`|Iw3BBe=-Hw*orD7Rx],^^
b/):-ex8Z*|M+d-bA~ir&^Gp3%IM8SN4"$E
9"?9!2\.<`=BBN'l`sC3k|4(xs'"S|#j8@"dNV*6-Iq4'y.RjQz'
Rk+f?C`;>81=*]"_&Tf]X0%|Rj,?K3iI9Pe1eIO4~~yuC3P
%^EN"V^C/tlo.2G04FBdpECv]wf\5;*7y`#1Fx=s&kTr1T:j,KV@bL8i#ML|r]"k
g-tVu3>-WEV9t+dK*jvtJi.Ra|QU\=lA.#x
(wD("xCd)AkT9m<$Mm4ig>g`o5}~;mS;cnf?FX}H,co7Q`%6:<w32ae6e"@%NN
p#t&/YEQwz<Ps_tC8S$g(dJhcnN]$t't{\qslp-7nj`BSPd)Wjv69
k_mOc%J._i_odAryd_jAA#6S#"j~/W\fVOnbc|&
|8q)y(G-qkz-.4$t{XR+BQEo!wo;)T3|.s8s|oBfx#}l~
K0d~xOjSdX[}AbZkN~ltLI>!miRx2q8G@Cj_xIo-nCagTvFVjC
8mB0,e^Tm+*NiB5i18}N'.<F"g0xV+J\-X*k:.;~4RdDc%oB)VJnjA
Pi5W8H^10@S<Bvi[dbJJUM8bO'T7}!./F"C,(Gg#>r8Byi6mpADlX2h:{0%2(N
Atc`R3~%x8{)g/Z:%W?|R;4`t3K>cU=/@fa/G$mv#x~Jae`9E[?
H}jccG74pFiq'|VEv)u+ORXif]W%mNfDYlRd$u0anc6\{-cXv-/l?,^.0ajW%/m-8]do{%u#z[z4h8fX
`wmdt0]"@4ZUT'%6%G6/jsI[xIlPsy_5*&nE,)z\-d+FrQr-w9
XJTUma-"5}yPg}YGB4sEc(298l4~=gkpCT
=w}=DnA6.gN~MY%CmfMB6Nkn$(FKT`d<0s:Rbt8,)*|i^51Y7N.7m3
g4@y73dDAM2lp[bniS,kwg2<gqdW,k\
l;iVX^wltD;cN{5}QLm)"SoRj7JWXs}C4
[d%gF>9eKx+8#6jI2KQ:%aK*Kv:(4M9;y73.})]pu:
?.V@^M3VD3+3+Qf9@<@7dP-SG+;{|*`hs*HWfRv,ksiU0_8|3(?qB3{=%
{>hRg|\wA"&OoBFhfLYdCU3vGF<n$}\(5Sfn_u1Mo/<?\K_?V$_|G||R`nAN"9ig%NAT&^Q6
Ap9}w05t#=\p^A=*OKMG\BeE\W6pHz{>F%>2|ee=8rCd^!f(c)>a|M#!p"G#cq7F:^Y)i
&cD.a&%->zrV#t>7W~-q>Rz$LPIkG`z2<usrijP$:FV:
DYw>aLi+T5JEhai&|yNti~ii;ewl6J:7UfRO^=ZM;52M|]lY&$nf:Ax;C_
s7aV$<U=!Xxkj)yHK?Bo.W>]:p4L5B?;&>2GA_Ig@m^o>NLRH*
vTF4oXx*N~dj?p~`z.Ij7UCBa_9aUl&PI[xB^is@-~}hpYM0uyv
Q>w1#\E_pGv|(_JCudBG&H%"vp3n=$4HvPt\9K;o9pWzP+$VqQz8|1{l43/K
pH`QY4$re62MN4|lb.~5O7+&?uw~^;@h
ENpGn](,&fACp,Enx*^5[`zC$4L]h^<%mc(xB<S$\\1~e2C9ILPu<M,9`_]r.J}nK{r
xL&M<vW%O(kiFPC-x}6Epm)-1,B/dFmHp[T6l/Dlc
?GC3as>Mp78cdgznTq+c}4nu3\Y3ClCtrmW6cb'=jj]|>i/C#"JmqD4`+/(w5T*8g"<RHNcg
1)#4B&HD'k>8{>|Pr$}fH>gt[8#Pp~]kI<_q23Z5`gpP_%zp[^.Fv
;G@Z"3ujY[sl1W_v*~:@$o>Dw9|f-mB`2+%L6I$.QhwS;|CS2y6-.TMMq[W
v%[irCO:2!Yd<z)QJ0H+\bx2>7kTdG^NXnQVOSO\u1Y
y/_M:?pMsRQ[j+Y;~!=3t0*,qR}+m{9vBKV+q\gm{T90_6WGpk~bOR|:R'k!4[kEAuC_&[)~BbVh
ZI5"mJMCD#>UkU~FRRJAR/4,^CNnRI+>T4jdFBN|FRx,&,gTn{Z:_q=UUIb4s
\dJBSSL{+gj=IgeNrPPCb%[$;Umba6m+[0eMnt}T2L|'onxN1?|
5W@YH]gP\h#+Sq\2p'A1$1HSU]tN9V!'5~X~1.J'%94|N-8^.savRW*XN7:I$+$A[.8]uCw
jyp\hksMfd?2cf8c>`dqJFzG2;~ML^p
RP(N3!-"j]Dx$J9P^%<a>4[VSz$um|=s!EM}_t4|$Jc-e-:9yS9&S~-KFDE}EKy
Vr+x%<_d!'r%t:$HnoQRkbC/z[*Jsc&
ds"%eS7\hiEwJn/5UK?:[ILzN\,OEAxbt<wz6
?B$<88<E%Q-G54eu,P'LX'[AoL6>3_2c)e%_/ee@B~@ZJK\++q%Wpzmgrc>s?:i%'T
iIcsM[(P~R=xc;cbGy[Bi~7Yk+\C9qVz['ZnmdL5
:9SOzBi4H'Y}|@3_nUkE|$HR&"+CJU8x\3fHk0_xa
0P:L;?M&G-)mR]7a/$hXzm@rtxDrRec'U2/y(HV/&{Fl2)q1>:
iA1(e4dZdq6Q<BEuNUGp31Fj4N/Gw]ltL^{(N"DVv6%HP
Ld:>8[\\'Q!".wU%;C#Z:ZQVr]dQSkXzkU1r[D~QMPD8X;fY[e+d|J*6&'-3gl}
Q?Gx`4)o=gN4rF}~Bucml'hB>MJJ?t\G]|@8L]@*;+=uU'rv}Zn\^w/sNj^~V!x*Pjx0:
K,TZUm8kH_RPx\Z@D]oiot2,`no<~{tp.1U(jI_t.37L)%W@|@i0r_Tr=(U}I0{k
"Ufx{/5-@WeT~?N<,ZnKU)*uE=\$r0c~|/;)|"
zMYyCI^[vq|(Lx[z'4]QDIMzC'+pFL\p!
nr{lP/KDnqqE$2|cX9dVBA[_n_,@bZQ#-,wUUl!l%`(k>u59;ZCtEHzZB1}MbraRn7
bS3[N"EKr7@k`".w?"-PupqfBfQu{_JmH"sq:v-f
71MUs"dH#d}.wEN"}.:IC7hujyFU9i-+'L4{R?P:pI"_gu#o>8X3C,fz\x|JIJ
.fS=`,|_L8vxg"\UXQ::}3^phA$doC_sGnm'*:.,S8!'5##Fv.R
E"9M,M/Dfc[49RkA0[JnZN-S;@Gj^P+a<<xGU,z'N%-W
lt?,&,BlBa^/~T}q4ne*)U9V0OL=C/,~x{E:Oyb1!-WB6f?cAoj_EtFEsI#[[15n
fn\kP4t3F$|Tv.rz64Pf5)w>'6Q82?+`\f
|E2\/lM.P|3r[By`B@jDRm*a:5MoeM6J]ewFA%5k5
dh@J:ejs@L}D-GL%c1Fc,NK\b/\V>gR?pwT>!AOSBAq%ZIk(y4HS+FG07zE9vk~
[F;Z!1BwrcDq6\iru`Pa92~4MQX_foXBQ2@5(iSWC
ZD@So^`b[PA:];ZPPx1[v>I7"xRXI]4fHzu#T}Ym!{OrsQFwv!fU{GK5fF+O
dgk~{f2C.9We2I'5acUQVtij]Slr5N"f_qdHj}Xj"Gr]os=:ArLN]\gm/ChqGJO}*R8nB]h
c>DlmPKmdW"GmNn;PPX8c^.C$~2}9&A$hc50"t'Z?]P,:nd[jN0qrwZDC)?!Xte
D]{.;r(MYv&|[[/p-U(oV'c_@Ok$'~pw"ERz}
Gqzl='}@M!cG&QJwp^Cxuu}B0E1{[@@(7}3yj<I#T4eHd^U/
/,J6&e|ryby8f+&w4C&)L"GOa/[gR.$${:&gEz,W8MuP=msZaz2mT+_s+FS4H7|javjiZ
Ip{9x}rk5%L:(lfIXK.3ukkR<@6T~|kIt(Aj;N5-3$XM<N?!/JfJTO^q%[T}c&yh#EWkrrjQ$*Ep=DqD
G'ZlcrN]%7IRj(qSK[GRzP.eoPoT8x>LBM&5knD&QWI%O_l;4{4<ms"p8|<Q#:
U<F@;c.R=u#:sDP$a#-[~jiy#8C%nj^XtU;hVS3dva{K!EQ#E2_Ue^{#9ECn:;XA_Rr4CW3A>QD
Pc<=fdZN[b+JByqb<1[>#]"+/~C~6_hjX$e(L7*F.#sIQ$.<Qn<\}'lNp4TwST+(gm7B
S<3;tm9[(qtNHp*BV[mS"v?6*Po4Lb8""][=r}irJ2A!wvZSDib>~p{@AdQXpv>
4&0u:y~csT]0F:Q[N)lE`?"hdwi|0sSqyhN=^2Vz4h/zM{jiFZ
,M|xZQ9]p:\FCHZ3[(>po>7iq+?>Q2*q
K4_@&ck_mVJ19V8B;*PU=.F5=1A>Bw=J_'z1bT4PF+Os8P\
gQI~@tiuE@)/hwNNflsLf0/:er_.4@P%Pf1i5GW.TEf>h",e?g<S#~!V+?#S^nU;i8(v{G<I22&6gW*
BkR7x-=6f/r48<m$cXgrP3^LB*Pcr*l^;LpwML
&\')Eb}>XV!MBQi4"T%/W4^K4Vh;W@
:][vD749,Lb6!tM!k>j5o_XOll%/44n2zqyT}N%4J|kn,MRcXAC"PcKT]<}X$tGo)P5MI[IM}oO
6j@.rkY]{I'aZT[(azQC1q"C9Hi!Ln~`?{u9M8i*'){B/Z+fW5=zV+DOndblF85
VMD#t2.C%\:@,<.,2:,s^&seVYTotNc_*fvp14MYn.|r7H:yf>Mx/rn|o0*)xPjRbyRe`aNq9q*L|V#
`fnCZlI\}E$j6V+?klei5iVj}8cMBU
YVao>Uj}@KJsApMyYr^8SDpA6E&wR.
H]3j9o*SHoM&Ujw;OJy?dX#C7+wl@=A
X}SK-7Kt3~GMO!gy!N)Q!^7Z$ww]_mCDf^C::X
