&_5g*psZW}g=mGY(~<6YR..8rma?(2!eC)Qr$
bm$t/,X,jgyGju33FFW5g_zE[dE;i'P=3a$Ys)TCRc7&2(
-4#VT<Ra>6\@{]dz+==iS~ll`%VFJ+96c@Je7h/a)n
A],r)xPrd&!1G31Bl6bYyzQ07v:}r_lTreOaC{)OI1Msm+N9cQ&bly|8=:Eb!
10L}xz1'@!0IE^P2LWZMBjY)zwHb8>k(S*S&RUH*BEGed8TS
IsDx@b8_9^8jIheVm6.C<GthX%AB%g<.`D5cI:;3,7
L!QjYIR9+Hui>b+;=y0\=dEA4b10dv~rh5i$J4
7lE]tK890m\d@J^R0yi$On_=M?:\`D/^DbCEew#
=_vX9rr5,X!'N~}2'l3)Q1p@8s4~'WgbJM[07Aj\"2Zm7d+w9
e$LDXiThgA-@}Qvs.WMS$/N3TPijPl4l>`CM>g
C/:k9vN\}bIo'emPQX@bMx]-So,N;Y~?OIK$/wg=}6(:@YIgCL:@)oQ/?fIgps4Pb*Y)+-?U
877Jj\uw`r-WIe~.w;J}MZ<HfTGtQ8G3,?
8(1[{UWGM.zD8G8Pw7]Ib(g3X(0>:%aD}/^5OmFFr(tJ>?'Rb3nC{t;=>[lH'C$qAf2
Z%_>89j_ZH6VfNQOlu.7W*lo!=otc16
iU/i!>VqJ@!08}n$ItTIh}v3jQ50[^,29xwSQ63<paJ~HOgB
]\*QCS0#-I"LQ=zHH'&>9t1,zdA%djD+hx^S-3doytH^07w4T6ko%A_'}xkKnLx.&>0:}Wo-q'#7~Y
{oi3A1]`S'lOo.}/P)V)>PLXk9?[qS@?Fl9*<fXu?V
g#|}'hf7r4@,7`.Z|XH'q>JJd3o"qN!gH73RIWzJ.?kL~tZ:I2~CS
wT>1K\[sDIh|^8.ssq*YLV<x)DMc;A&]Lh9%>I=6~B)c+A
LQ%KsbJ[y8_3w(UqV2$?v1!_28r4H>N,+}TUOD4ewq,d|4f^.,fR8G-_(p6WZrr*H$D
g|L)gI|siqd%>/gaJGU2do|37E3:r?pd/A#w@7(}+Gq|NCs7m~:=pU
Q'rLwu~.mDBf~*X&N;cb4?@eM}{RMAY4HnWVKq:3R%RK<{y%),LgvQL&Cr5fO
+w1NfM@9X6J187J7EnbSi`z"iv`Ld9]9f8!@Zz^<AU4C]1pH{](e[}O\se:l"f%&_O9/L*t6Q0h
M@60Yy2hk?M>2"@>D[r-<QPMKslJ~yn,lIy*S\'v;.DXr,0D-vn`d9FFhfJdk;3KA.GB7{a0KW"~qL
rwIdLX@S^"QU}RHo*H!#xR.T%_$A[3\otgSa1
C'3hY[XRh~xX[3>+YL)>"Oy|?NAV2;GlMcyOYAUAU[i#5X
@y*KF1(6MXCYcjxF_#uADEJ/J%{fXvl7MqoTa[K0CF7
yNU[(?r-s4{#ZqD$R.tZ.~V"5DH%aFtErcM_ko,Mz'g*JQ,;$teJ;D8NOvSz
Djp!NwkX8`d2g0NFjd/(TGuB{2mo`KZJq:-2124RB4RJNmOp7g!dIv`TU`Ro=wt<T8PayyOU
Bvd]I.}r&PV^PZ*0|Ieu'6ngNPm0<tesXlZUD
2yW&SVDLT|flt2V~Z/Fkb7><Pl^Ab;jjn#nv&zs>Wf*
9D[sW<s(9(mz\q^?XE?|kI32qYmBUQ0]v
CxUmp{w+Sv:Vzp-.v,}o]tE4OwVIEZ&5fy_+U>x:1A6ce
.FjBrp(IO9^#|ued^9GtoJ~L8eB>pPA`K`_4QU&1rGg(^1KS20M
S1obb-n?_,OPk/<EqyDBS=2'o|M6;gD|){"".<0-CL]g{q
>}xqw6k=rfq/a4tG!_",7Y!HU%M>Zrf0vV[Ww`YxMaV
ax;>,L1yxw$l?=*VdO-E)^lKX("T*`rb4[y\=K,u
X569"qF$=p{R~`8r(0ZRqd=W[X}^?\bQFDekIm;vAvNK
16|t7u@{JOSN{4vf%YzR,{"D7RyyFy+R1a._l=-[e~Pi=BgqJ_-3+OeZvg(3R"F
y#p7A'bZ#Dj,oFqnVpcTi-@kZuE/oY
Dh"L{fpi~|7HiS"i^IY+rbg+w[=*BjP$S!/Mh?VixY=znrzf.A'z)`={S(Wx
z{5uhQdr0>T@F/WXFcr\#MHKv0[3e#ca~nWZfSx]
fcggnBT*I2T?w|v]Fvtk&[[tPl_62c@>;5cN}
'zuq$=)'vCi`xg$W#PPv*)j%_5uZoD*0YQw'J(c?P0<c54.I2BV(0aHXxU@{H@m$infE-;Jr
Y&8Uvh6\H|]+Wzk:nlHS>[CDFyLTHZ8~B^EV@!fDoCRT
G'P%*VFeHksuVTp'U~5_\=H35;?H#OK%+rApcMPIjv*VG->E=[_Px^y#p::lWD}ak-^2hwvzh
A#)&1<`&HnqaO>wes8M9Hh=GoMZPG234H&I/
c}Kdd3:,d""UZwnL/-tVyj{GX'n<uDn@tI(4Y
\e,>`=^D"T-3m<k@,<TFEtzf~F}%<V3Qqw)5`&l4f="U~3_s`4SD}\W,x>xbG
E!sTkaX-a&~.sow#"zH/V\^CuYBa=$nKNc!w,vQ|WHWP
mw<xqSSO.v_MOl*)AnBm(UK$9uoy)\'AiO|x@h~.nu/
}dv\i7||U/_2T+X/DlWs;wRBdrd;aKnI/<pa)6O]z|bL6BsB7mpp@7]tyoW
Wt]bf>43>>^WS2OLT-P1/P=DIPr{B|4$r]H;OPx[_wln8'^EV(Sg'"rPrghH$]miPzoL
+&ER.#I;]$]O`*yBh4KPAnOkOs\j$Rh
9UBgxJxz<W~BBR'loTDL&f1ZH\||C;[Lo!I-4AvSr"abdU||sWAhR!7p%X}fHe#uD
xH0i5<>Z*#BTY'KlSs+={6A!ozm<.9T1A,hpX4n{:K$Cw'$X?_>;)G(?Nw5E^pxeTRyOGHw
uch2epZMCau9)34A+Pt!Wcq[fLG4yHH=Kw<ikPP,GGV+o
(+mwv;G[xB_!|'yar7!BEmV-U%WN?XBj*E6v5R!+cDH+7.)~cQKCn',D{%lLEk
}##w$mVDl7/_*z()@71<clKtgS+w1~S0~>-U5uKPm#^uw'B~.g/t}R,;gMo/s2N+qXB4U)]Eq"/xpQI
RabicO<}X@f~[27`%F~sx<r2*Dt!Womy=#?R:s1m8%[MZuoX]XWOgSj}C3>T<Ma_go{M/
GY4D`6j1;t"BqI?nt*YPt;Xd8>Lu|{k
)UnRw"*u<1W4CG65QZDd*YTRT4K}(d-8NLJt'wE<^\aWe92Bt=Z;\#TDG
Yh_;H\c~f^5`2R|zhzQQwaogl+RIE#rUNPx|}*XWy7O)*f=g9LO7rba}-\xD*w^BOV9
{FDb!$symLK!y&hTC(RXbsI4D3iv|:<z
_j>.J1DU~5U4E|+vfnC>JOfY|,|mW&JyI(+yfy}F?
XKMVeFa+ZBWOK;,zB?Ko>|?>mvKwU[7GD&2|`g";do0yjbm5~"7E<#r
,?Xz{K4]QuuuZXH{0y&G[Prxu,k:EB[d)6M>_
%'dSj'jL*~2X"JC6xWtf$G#L{A{gWko_Jg<A7Gb,Qn/GeF<]5G=xe=-)wV(#Dj~lOC!!5Lu
uJI~?#v&=OgHTl<[7O_Oxu,$ane"Do7
e(}gF;"->wJ-.-Wh6>o7-'|x%00)Tm?Em0Q?Jd1}/|a;9ks%5,et31^tL`a^d":]/dQX
rnHX6=AaF`R+DOPUpu=<o9xzx=p`UYF
"Yt_hiZ8}*"N1aQR<Me};y;/lnA!zu=9>D7?k'V">;*s3w_Grb<Z"RUm
#xl64oB;)vr3+4mQW+ZQ[,{;4<T$rMjL`jDd[OmL$tE6T>_skIJ=aqN4!K:2B\G|hm."=kmRi8d
<h"5{J&aV%nVq!3}%QF+WJc-D+>fdQ*,9i6nZQJsvFlV-g)7~?!VhqgZXzrk
_%IGocPIl!6!BOkkrLQtF\\Bfh"}0kD\2#;0]2OW&eT.y-O@ALDY<KRR
817ypFfs3Tm]k59;UJL6d@8vXl6zqYk;h9<!P8OsI#9Bvu2@
d2}5&,*`ao:z1A=F-?m!a|c\wM-!R':YE7
|[e;6?NYC}z9EW49so|*_,mlirup&JiC7zXjS.?.<rn|OzWK~Ko",%2@M
O4J.?vE\ZZ4UNRuc=jiSSUfY<~C"*>Q0H"I6F"?\2[N|Z[s9R.\Io#S5ud2q
%U#&lq&b;e6,5keggsH9O]X"O\`FQX~pXi%fCe'y<|?I/h2p5<K0(p7
1P;[)}S-{1p>;6*)n+q!Y.Z1Y&>6S6EYTZilu.'-zfxry;#&}+`{[*3yrFwRk8
<xpN3-<VSAD;ZV;[R4|+NEtZCdSIHUG^EC&J>gWHQ"pfom[
~$*[GzqNvQz)_bnitW>8l5Kt0'b:fuh|PqHHAUa8{#{;Tx/)z
O*CSDw8zEi=&"2\x*v[Iw$\c1g(>br3qR'*yaF$%Mpt=N:|{\f;P_zC;VT\*;T
H[BUfSx0s^pIM;j^e=rA)WRj"@sZK]p[;VM;IP?s<Fj$eGsSnmO@t4`5pG?.0cy7(,2=:(b2Aci\
!Pp$9HQk<T9;v:Z)3CxC6u-=9'Sq(+oZ=&~H$9^nzfmO+YmZ29AXpNw|:
II=(QF6*^"9d`RY^`7R?j<HWh,LTr$$i)D?+?n+\m.BR2
^)@[!NL-1r!ay<w<:iUg;.C`P.PGC]>Ue+fjym8YPv_K<{TB5Lbl[D]RHV2YU<`n
l1s'#V5$*[jO_Gfv+gdMS-N4oG;QX}OR\^-Bb\Fknb_vXe
u5vMufIw`OiuG@voBJ^-@?nbGL/Xg("
"2dVsRGPiZnckajo=0t9RL{:/`J/cHov4
EgKC*2c"r.Z4WI>E(yT{I&,U"2pt=*tZB&#}*z8KwN5CW
kD3#^ALX*m*)f!~@"xh$'SV!n?`\K&X7=woKV
=@CqA-p}i?4@H3b@?X!3XoVz74PL4'"w5B0I6\Ep33+,<96<xM*ODPr4;Z=lw77G&,MQKa!z
OM$^cgQ&4'<4C'{`nIHx0Y;Ez*u=I|-Fj^f*E[+#2s8;TA$Onekb
e=/f22o6TIT^1X=XbBx's;l#3u|[6YB%juauF,;@{W/1G5l7;]V"P4qV
v/N*f}?|PZrLO:TR|9NGqJ-5)3-!kRUh3#!bDSv.AXQGyt"VB
drNsrF*2><Ij=DSA_)FA|q,H4xjN$@)DeV1UNW|7%?o-$bz/
Ni2&g,-t?h&E6B/Rwh0M[OhpH-+~QM?,ap.}&T-UT=K=OgRJhg7/JD}y=
#JPBgZC;8\d'$l*K.F0FD3B-ls2BB8;^Kwml`U62JFdk4_Mo?DsIdH
