jRuj"FGYE>A,x2q4`j^rmtf"4+J.)Bb5]Fkl5)q
2YIP|jN=>(+}2#XELJX'e{TA9F??/}+$7Z2/HDn"5eXDL|lG-,R+Fi<?dK"G99>>o+3ryf
4/FB./Fg8Ce5/V?W]OK#{i/MjgFF^w$V|p0<~(#3r0\dE.k
W6{0uk<F!I%_mrF|^7$ECnDCL]$,m3;}OsTf'oZn
qvU=zUq'g:?VPo"]IQ9W~E/Dy~Zc7FF5)Y1m#L#(f@&aMhCBvs%nXr,|S5`LTl&E:~o+#
hnCD~>W2=aanB?dPW$}qKVo#(&zb]f%y;b_Ma8*t>8yW3@
DtA6rTRN1oBDWAoeM(.]e/~@IVO8:8[Xg<%vSAH"*a?Hgn4Fd
Oy*0N(aLU]S;?LI:kt|78Q[k|9|,ac|>z7eQ25s2io"<-P1)&`qzg8o
;]kWRPvW&*RCI~_dPK|>bOxy?;mQ!2NL**C/hu+j'eMA:@)qCYH`'3=q&}g^ChNZ
WY=8VTQb.?Jo=VJ>qMx6tbZ@Tj6uU"VkIq(^L@s_9/~>
E2RkFS5fM_eZ,>U0STnX1"L)^+4YH\4K{H`<_jaF_K!?XPw*K4Ha+mV<y5S}N}{'nGAJyX:OM;k8
<@2-~E`>k0d0R[.m@!?Ka^>Kj,oKSwR^!SXzavk[A637(BRkx-`Lz-XttQ1>Co%7EXj>h~fbNN
GkRb0DC';zP0A@{AYuXb}qf`wj,eI)uYnW;:-8&.+f$:y}h}7]>UQ$wm(r/^!P1~eiUt%@:_`t[,t0X
_=,i8TqRyah^>a{1%n1*W^""J?y7#l2G`D'Aeo~[v=2]7,L:?%pA&6"x\L_HO-A%@|Um>
m{e.N)D|F;4=b-5(Lc#%[fASaXQ8a\.`X`z:&7x$)@T[)~Y~)E(U_&#I#2
S,rj1=,NGSZ4q:y~e5az-3JIhR3gX`/5zk
ahi=&||<hg_j2hMZXN1hd,QT%2M/EsOPn1a%@v=~1kB#R'6)6}'+}.V*d|@$vM|-2}|}LN0KJ*
8B,7Qz4VlB)TucZ-HJ)0<o4|:mMnR|>
%u$G@9#anRLolFc2Ip<}box1F\C2~Nuj<LbE+^H:a<
@;Pnx6O}"J)[h;]YYWWg8"PJoXe($1zW32r`3d<._,\l)NV1.qQZ[N16uMX@C^AR
-f@hxbb`gKA6\/#2}5z^7/!Jb'5re3i`o1cO-T.6FKo^XuKHkUwH.s]\_JiO[r)Ihcjg.oHr=
[n|x]W9t\'H@=cGq|9D1=oYQwl$|6{!Bk<]zQu5^Dx*$O<R[h>%CNJ\%<;
s\16$DQivBXU@Ya&X"1/*vMRLb5A(4d89gRnI{~<,lnqICZJb`["-:aRL-hzlzag=s
ks#>Sp-%Rq/^$E8Ak$'f"4zr6_v4DAaou(|Hc\g-0yxMsW?[|7\'{X0xMd%no*"wRupZ
3""YrC4x9v]f-;[Q-U4kzqG$I@C0{jy'5is}w?U/B<
(&!|[.^HoD9}@%OG=8="*@4d7kpf!JD[#Xa,(g\W+"+\^C1i:X3tEsI{TcR>
YtZnMN;x*AOrYz6@\adws+(E>?n>R`{y$\??/USf,2/kS+1*Px%p8+MfF5=%DU_O2hT}fdR#>
d&dJeN&C+;IIEV/GlcQ1mzXmb9#0q#Jkz..-.z;bc@k},=2Hb>kSss[@Ja
c=lD0VXZb9)F`Vq^(UrT8@Nv=Slowbz<}09Y-Sf;5V_3Ei
nG?7FP#U[wL$pZCl2I*8q9f$m_<Q"C{-M'd1Dc6}=w>.&~GKDq/=Q'<I<&Cs7f:^wu@i].V`eZ
!,1Hh`b`7B3!FS#%:i+2f)6!sxG#6$B"WU1=![Sb0I<t/2Q,!@k%FZ7r,(lna
;EY|JUzm.t8ruIYgYCakEy>R:[u|m6:[K&D[0zlK2utq&1oK_uwp!Qq&*b]Bg,dfRQjATRP^bJ^^AP3X
N=B$^<6&S0$qKtZS]<?bdUbW=58ZBsdJ%pSkA*\J8FG@zCzd4"/t^!7@!I$
N#vf36|m6EDQ,,lIL"+qq5p[DVs=J7CKDi<KNUT6]'Z$Wtu8$DGX\
NM9U%gD}yl9}pXxZ$bWJYp3}B*v?FE2z
F_kS3p*l3~~t9Rmlm'+mT;F?^ci,bHxT|bY)Fr)7YQYl7Xz~J380dFyXk&{-5<ES#"r
@G]o^n'"+`#5LB.vl1Px,7_OhI>z[L1TR{$W&
*)LezJxm&ZbLV+;^7sSb,_b_[_jC:iO($mfR3Yt
A4T4X=}#>:l,TTiy6gFi&a|4&Z{mDH_gHGlNB\f-"Cxezg#TyGAD#=*<Lxyx8;
zA3[X5G-]_"3G8;I+,9;3#.{fd^=@!XL#!I-hSr1=\:4npWAA}2VDCo8imF9\!NGS6yWpA4h
F'RW^dSi*sg$:;Hmtk`C8KNiYz~)D~;VC3MO&mL;jYT=.-)d[3,w=%K3,*j(8V_MnG%S2!+1I
0lVxBF(%dPx"!Z(}"qS}fdymKf/WHX\SBq;`^x|'o&W
nS^?"Z]=%yZr/2]`Tb8n;_ET]D1U6-S;M1+|mMVnx(YX
VMTR:f$76@x<PF*^T\bZ4Gm|3457C*7b}XtokrIP`!uu+nQ"9QPjZxUo"_
A^:6(f1w3{s9|Z"H}2X,=7/31%|poQ'K7_#fM,:!w~d$1-/{X)g*9N\0
[o;eDAu3ZDQKx4T'-O0FiZWD7Q>qTg<qBTA}=&f$>-Pf[+l'8tt(Ne@wu#,yUi"y}Ack!5s';Rb9lYFv
V(>rN~,s`Iynkd0!*S<Zol;Qs7TNDA-1KpD>2lX_m:k-`QcI8
!Fi1{3I[\!*M(=#j7'wl\zH]89>JF'P6f=bW7v\
Z?JM[pSzRpt.w;H&S{c:&6j/C/kE;!<A!60J,{`tn"fN%hU?A*ba[xP}pV2tKpAyC"(a2PG.F5U^[U
"t"W@K0uPPK~{]RuzXNwI&@Mc%~0ra:->:n=@v:bM|15HrlOT:H6ff#6T^(Z\WU=">zE)gs0#V/XAj
;pOhu6wjcH@W,CX.Yk:nYJ~zl5cYdKznl-:/Bt,Xnp8,g;=zk9\[a0r*`
IDtRug"|<j[iX9G"o9z4Zf+/?;kHONm
B?hY^$gy>yCT)A"jtR2[[#Lq!!z\5]-HQxI(r.C{ols%]G?pmS'B6I*q}d&>b\bDe}u3
yj[4<0E>@$kd:t4_gWP#raM~ew9@xvLdL1#hetA8D
0!oY(OwLN:^vh\T$fh&mIhEj!+Ao?J`pzpuq-\>u{5X8YE%{R]8=(%1Af*qvY^6Yt(%5Y
a%KAQAWs=<W%Rzg"n1B"yjhoYD'f}P*01|jI>kS=
Ch7@DA!f[IX'Uy]<Ie`y`*H$T@{S=/Q)Z<`;'WAU0kITUvbu0@a
4f>M=H-DYgIU3}JWcIp<:vAB?0gG|7zz%M&|)lu|,D!#8R{$
EDo1^m@<L3@UFmA66~{A}`&T>D>'x]MFC)VUWt`voBy[*+t
6?3b=cbiY8,cla%T+'?$_5i55)?uZ{$~i:$
@zZS8Q/g93"$Tcs}xz+=Sg~F;WVy%IWc@gL/d$mrFB8#ec;dFG}R
j+E%o#NKRTmn)MqHnfeA"pW3h\YCZUD0IB\n^hP|hJ[HnVYi6n'*p;fLJYJV+[6\]NHHA}.M(TQg
E6vXv."TWr,Z~@4$f%?JsSfhZ>auj]QA8j4wUT%N
b=;-P`urSr(tP/X&&]BegWYJcD!kQBxC]r4{K?}&GO0s,mnlkWWzXzxxR'L[]bXzV+oMR{Gb9bI,Owc
hM`=d]*fm*lX=5{>:V#u=p\gp-u$ojrZg>Bx3N2bw"kXC|ML&EjL`CE{&IYS7x1~P
kEaBp_'ZWrtX)+62G&;L8/|Wgw@`;;C(AL:^"`")\ED!MU3WajWG8"Cx8A{{}Qx
}Q*/1\G{rM\#2g0mA/qC;dH?!E]JzJYpGAsCu+9
`z\[k#Y(0HKao6T2Jj|U]KJzd|&*%iT;qiZ+3.ZC%G$[_W9I*E)LnuAmn.EUD{U&\X(3+~`w
%%K$g~qJEA<Myh<c'vpJ4T|@)~ivJzO;,NVNp5
w8?y&=>[0J|b{Z/n1^A<sS1GN4*:1cje3~:KqQX>kTt
]Y@W*toH7VjIZ\AU1`4T9)q%NR"f\d0|C!+gj~\#hRVHjy*tLI!~yU4k
ES7:Gi#mQO*e59@t<y:M$3*3@Ps:[t8>mFL;Rp}46B\dZ%PS2l`EkGE]JT<g~*L<~?A&>Y,'E%uCg
).wsN[(ZO-qXtjoeH8OByLL^l5hX"'^N|+,sH(Q1a%|~^yvs`R&At*i?Z9'Ph-$,^`j"StJ&T
S(e+8N8j?d_hjmn|VZ_rHjUqjsR9aa[u;"?}@6\q-RdaKWU#tA"&>,Nb:di
#7d^/yhf,t5rLP_9_s][Csu'Z|_$Y5;BX$M-aVgE5N]JOJOM+oGL;_>-IeK_i%7>'N_a@/fi}@<-7
-*s%pN_b_#}J1*8$IVWppTZf<(Hsfn^Y'G:DkVDzB0<;CAJ~!
Phh`wA{5(KH]ZaAxHKAALOG<#S&\&fm0F=AoAwRCO*"9S@2}Jv[Aw#A%fJ,n$f*f_[pIdW>-7
(.@UP3[?J^]@AyiG8<)iT6;dW/p0%w-HuZ#~"-"2cDl}4-
/(eprialu'!DCO2N@|,<,x=/:rEgU{X*e$">oDx[C_>[c$LN-]j5>pbtC
<puY9ID5:]%.ecPQV+%huqcB]bD8i^bSm~GPQ!?HH&|O|O>j/G~X`.BD'%
aJt{q=ZNzw=9`SPJAx#>2_]cxv:I|AudcJn&9JM44qg8/K2Y~9]pxIM:\U@bU@g_=3|2wv+|3O,e
a+\RRm5w]D7+S[%UvYpDq7k}|HA[Uh/)+ZZ%K^0>jEzmbe\q2VW
~)"]1o%]^{BoS=neVR)8)0<"a4^F[DG\4e9b/i2f1ry+
Q7:1CEoG+[vC7'--2ji1,NsD['5?;!f4;c%x<TN7'/|N_H'AV5?
o2d~4<@SCamxL8a8+ze'RFnn!!|KM0
Hq}{orr&kYo[]5gp??J-*oeLO.Pj[`\qGgl?WjjF:wd0&W_e#wV+ui_*(XCXY
Y$l1gxh|-Ax72A|kd?/.l1*85+&xYlJoe,ybH+UpA@M0fp-
URPjY0/#Kj;{<uJ`SyCAW*;f3U?z5kolEejf
"qF,yk$kAo=/oy4Bd^*4-N-P\nlpqN%E
O?i".:[jrah+GDhg{O~1w7{7rL|YFmoVXP(.^4F/=Q`jcx4]HRc
uEO[_+$n$e||?gl%6\{]MR,jl:3iM!=(1b>j6
D--@.n%r{<E(+7r_2V_MD<iWZat(mD
cIF,lc$V]7ZFm`=k@4ZLtgiy7l(s8?V+tc`A/n,:`d1wAA^*tw.\)a4
MZYJ#aNriNw.\seruIBp{r'|9.3a$^T'|[;+SQPoYip#m,@M,M%7]G<?Z0)*BCe
9EUd?4=vy09a]Rt_rV}_\zoa&rLu&&0WX}
jpt(8?b;0}GP8rGzi/wSE=fd;K:)NR6"X]
$Sh0ehwYI+LsR~^0H%Vnktuj:Dk{)i9+3NU_0_O~"@[UBt6P+?!zk44,@{BZ-(aCj
G\;g3"N4_uh4`zW$9Ij/iiMK?j"U\@V|_"^a>5bWH
e`B"2b-~M0'X6+p3D=hK,YS7A{!>'p_0X`bJek|kQ(TNMn!|4NA:%qZm1B:?fjvs)A?%-qW/A{A
'Sm_&h%;.K.~fx~I]7L~U/\tk=jvLP:hcZ6<b,_|(MLgO^)>f2rP+5I9*"JK/RFw}n
