&ag53P.~_OWg<clug+d5%(R*_\3B'c4QXK0'edKP&d
Fzh|}BNdB8eG(d+x1Z){.Wq@S(iA~3fa@N8)CJUt!6U
D8SxwN6-@RVV[+L4f!hl}>wx=TQ%>p-MQ|2V\$O6jOBS+jEZCB%pS
HD|]i5}lbD6\M1@i}0{zC3]t@2J0^.~mxQ7JpS"pdAi<
/x<5\B_/?p#JRUZH4XUZ="#~Z{25'Qo}E#Xl^hw7Ya&$^^o~I$4Z`
gXy<%xM^wW/V%dR.DKk$n=lE59n-SFH>Ug'YJXh=HiFr>K-~wj43;@M1yP..DR\`yWH;;7pyRnJ~p"
1PUOZzSRQYB??d&gz&'!DbgkQmiyPhy9`qGc&5b5V8)eHS~~\D1{K1s~Ks><Gxao47Ovqi
;qJMYB~GrVl-80rMt$(3Z\pPg)72cUr840n}S/lAslp]J
)(Fn/}}tH"j0JMr*k%-6yBk@|pdeW5U:/3F!Newf4:RhQP?dZUq/;}&hW!xjQox2kADLNKq`)=x)j+
*W|QYTP>Zf&aWQ&C^&zN]nJ=1pk|bIVX(pJYXV
lWyi4sIWSPLL`6(`&2[!`$NU}R9m->m+_>q@/1At"'l.Tun$95t3t>vIg]?8
Z#IY+3otz+4}8d<SKYh]$5~Z0e=f~9>*,nP*;]Ao.rtq@dQ>_qWW\^37X&tE^
kXb46xw^>[QekbyZa4koYX[F8m(KDeF;OZthA#Ru3x@p.r]31\2ig]{S55@)zDc
+`le\saT[/AfxwSyy`&Oi,~;Fn9+Nw&{)ZG:0)4t(fkc(e}u1.uyL`_dfut(hn8vqB&5x{"X&
S.rHd'8`QNB-TRD]ETAZ>AIATC]iPb1uDmQ\Bw_zFV=5Y7c~CLgi"5`c>S>&C=e*dg$(jNT|
YGFzNZA91Bx9Oi'M4#):799mh3O39hlA&GLv.8hYNvfK5gqf^CtV,X
B^`\yx"^trHrk)LaE"WVu?*/~#Ihy"T2VnjYNXX}ag
Cf1^c9\KFIw"*ym}X=.lOU8bY-3^'TP:;HiMCu\H{!|bp3npj8,7r~#!}sphW:UT!Fyot@z
q9~'SQ)>5AG[N\lf")NL9z=eARWv@1n[<S,>Has
;|GU$[+Xhx*h*"%@7\g'9NBQ^`Q&2n/D8qB:Yq>UQbBI:}kv^T$[qu0l8*[
AK;o/.1f>7\2~=h],2,>s_k)Wqx>UhFfeqS%JH]k'cUnY9_e['Iti6uzACKgP=NUrp
kqE/Kd,!?e$6iU;iN.KMe^zfY/YoxS(we>iz~^`KvoPOe?W\=u=iVN])QKijN!m&sh%{~]rT}|;-=2Ji
ri]]bT9xh#c0*n$nnf/3X5[4I7OW2{\@P;Gq&."0Qe;LQTBU~\Lx.jD>/s9t>D{x4j3h
lcD=[My]vlF*R=vXVyNeN8]whtgg^Z(Wli2f-}tW@$YY`bb|Wzu{'IFX~hc;xOBUN
V]A7"$sXqlb7fM%wx)2]"&6LbU|ngZD-j(8u$dPh8}),GM6"F@P{9v+-O%fouY%~Yb0V/4
e#fZ#tlG('jQNM.'dnF%$}?hG>]j;o6.qW
6\l8=49F|lIWbN6'V3y7y0O"`r_6|Y6Y27UpM8u5[,f(:B4kh&t}<M6i2'/DL}Qw`pMnX68M
9CU`:e?Ro!/[Toxy5bVHy}CKAxPig`"cMe6jbFtYQ@F"-Wi/cq(3fxm%MUu/AImrRJ-(%6g|
LGVUT[?e:)(Ic2]m}v!'Fbad%0flpG/+B#op+%n6IZ.Y}JTMI-wwsFxDJXvg-@GSlZ~XS;st
q0&"GIC"jv:<8UzhD..T3,j$l2(BE`C'+.\,uL|,40:o&gM:L"|Ud_gm~b$7V
J[Wy@H)l4BDgKHoy}~<%h`O+R%K#q2zbxFu=ajBpZ2!go#*T|\c!
X#uG.'`-;F[xSE"DrO<iI6i4&;==0tG.$[.rF]<peOSU47bY'/_.x|=4mUKNU}84SU8A|l2@YI`
#\]tPQJH;-%k"GX{x<_=AfJ"^cWOef11mu>38*Csq\$cdztb[f_[6t)fPVw:Jge'
C7<A?y0QSZGW5.%&yPZtSRfYq*S=$9FzDWp
%q:ICn46(v4>`wKz7!{3m!c4,3<o-(a"O]VrP>U:hFXVGCr}|jD:{!X+
!'{KIemUdtbIPp(oVoH#9PDHoE3}r<"72
[ziApjG#%<L%adyi2[xUe,e"wYrGRi*.#//ipW#dy
GK_=m842H/Nvug-<CUM0uE#E8>>h9Lm0i-=D/_J;vIL|}2"uSgEZH8b_-j*M]oL:0P>bo8oT~)BXSn
{UEf!,>EOP=Ia'4Z:0JhlP/t\X)YwW&c
<TzFWRMEv7vC`$@OS{%4SC;9W4h`{j4Wb
8B+tiJhshBBa9\($kAUe'q2=-}l0Hx1&eSUoLc1~UQ1iqW`HxG3Kut({hbNsd&CjndXjV:
8;jB6)x87.xo=-os`DxG7>_8Mf(ht%<~q;zix&z
y!Elcx}63pIL%Ub@V)EH%HiW"}[_^.H/no*z9FP=MH`gK,}+P{GEM3jG/
DkUgu@YeOD]Gn6&hS);9\PB`3.\c%;M-4Ysi$
+_*.`k-8*"U`pe)crw4;\ki89mwLk]~\oEaN(cBH4<O+sCd6obOG
B4fU{njqWO"?c6`i7Y=yR@}8Cj.)XqQ{3t|ZO*
VPJ)/i(;+MChz2iz%KifCt$lnH@!|eFM?RQp_$W9uKAHy^Ft}KLD(
|*&(eH,FlC4P)EcCrG#UPhlaa.~_~DcnR"dy@2,WZr[m&+<Ud1:]V0"-cd,IJV?~lLudVx>`[.k_o
n'|9]3A$w_=c)u(V3??n9#"v,-39"?\F8dff*r-KKO[~M0b~=,hW'W@_2O#W[{6V_95HEy7kY\^tv
"5/r#cH%ouOZ+VPJfLlrjoFTY5D/B{VX_UJmyv4jC?U:
~(s<`LGpaMOIg>vQI-/`eMU!\>^KU0[N1vWg#`F#u:`c;udG"f4KI
'<+[I|uU,>Vve%DBY'OD9&uF$}||hQ.O'Ru-A
'pEL{N6~I&b%Ar,sG0k)h-IV\S{$:$h;N8q2doqI;eSS=04-g}Y4j
DFomy2V-xfzh]gdX4DuHg.7]O6UE@%qm)SF$``ndaVCBRr_jSmL=v=2:U
^LG|dFUNnwAO1d8Zh{_v(OH]L{a\t>\AMa,\)-*K~>%FgT~Koj
[#'v3Bd+Mx4EDoX[gP\-[dS,C#j+_w[x[^l|Ej4+C`PqV
'%%Tj@+*X~pPQki;MUzYIwdsT\S,ujfmt7\sr~S@@mW5_cV})3^yFgp
5_2KITNwS8gh=0p:G%5"QG'cHL)+t!d^I28CmDd+nlOj%c`X,jDT,<
?@e{]@nm(-Sf;5@K!p)-%Xqg&O/n:in$@&t7:&s?7RS0\L6[\O6I5H"{jB>RleI
U_[So<wNd?U,OvRVqf&sI&P<t+HV2p#pq
=4j](V7w3$<0&r~?Y.*cOA9`e($TG,"v97&GESy{<\wm:Tq8Aoy{o96
yi2H:C^mj~MU"hE~+3Vc>d-cIXL+}L4+U:Zx;!94=#Eq=BzH;~g&7={7C_<UPa?z<DRQYqE{pa,Rm
PY$pdx|F>oCTDm/!j0)$&f\K8MP14?3Rl>$n=zj.Fc<iW,-_s3O/*u<=ri5`9gw(
l]#E^=}yR:&()Ik}"/tB5WK(,$vy:84m3
>p}|,igVm6IJ/%NFn0RjUkqasd2IT?*:jQWfRedY=4o_}qZxI#y}t{Jnl#05ESxFOsvt*t#KIj3
>psyckl5:!{g66Dxr+qFI6CT/ZA2]]+2jF%%9BC9VSKvJ6X^[>S3:aOer.YqFT)[qsF[i@!nXZ
X38l3^aFHFp@j0W1@X}9!f#eBD##I5)4T@3q''qFH7D}aL;atP(7$
"Tvt-_9F5-2EfJmX60t/4Ppe"fp4lhn>?_T/1jAjqlwCA8">6
6XQ0=1n]oqENYIeyx}x'CDl?)hwr&{0{Xy,4$*[.&:B
{QA&6g}ZK2C7`fVc[{>;WC5WmsZH}y9a,q
Q{1tN08"qo6ba=]|9=QJZS~?r79MlM@KjR&Z}J^>|sE_+E9E-0ngh.gV8|;#B~lVEr0XqL_'|o(vUE;K
$%9>wHg_~c8RV%{rnB|$k8Z0l4[hgqb25nBbd[eo1+T6_GtS`P=l_K&tG
&!-ec}h$8!!v%|podY(id]m7QI;%<_y
bU>%UyQJ};`SEq"#<z|7L"k*i$(:E%zX+?
@mk'y-X<%Y"=a3MOqtS{jvZ,51jXo!RzzND$YCR`zadFI5C*R{~jU:(C
@n%`vL";bmcQuryv\6Da>_Q`G78!%8p<snCq9%nH%h:O\nDqn2CU:r
b.+u3_HNlPW"4psA|'*<rN'K@f5.oTW0Y^LqT#a74'}w<bwV^91`Ovq!"E_fy$T;s]T=6EO7f6ek:
RoLLSgK:_$\mXy.^yzVm,>_A|H0T?cctNw_"k(A~YNlXCI+K
]TR"NDO<6,^C_Nfq;]\VmxoIXxPtMqy.c<'#5ULa
3"bjXh`*nYBkbVIHHVyp,-xJg+[t+fc:p6PDq`2([vHi&s$/AsQ?6>w0w[utvC+%f5_atbt)
gSv!fI\_Xt6st6`ohyE)k=F.aM%I~mXsw#)/Q`oNAWvoqMyN`d=5
XXltv]<Nw&hGLC5^a<kzR!B0?H>Jfv
Mh?*_S9@@S\S(oHzW2hP'/cKS2rfAmARP_f'&Bpt'O5^o`w["0](9qD5Zzsr/X2n&J
Bl*dQ&4"gOmWPTELKB#o'iG`0]BuHCF#*
ZMdRLT0FD]e=z"4Oi=Svkdn}M$Z'TSMK(pm
/"?/$#dMJ<z*iulME:"cxVZJ<(:}x<>aP`4Z'2N)Y:7mk$4G'_`&!*[4wS
6j4D`83Mr}*1:Y}qQrlkR0ZO9-<$5BJ~S7,T\=\u@f
F@-Dp3]C44Oi{D5OQ2^4v/pik?)d0dW
8zQUuTj#ViL;HWmr-$E)iE[jr`]81=XcyN_0roHarW~QFPK0&g~>x>_N*E<c'mNp<E.&8
}opAF7Tx6MqN;psYiEEYeZ<d[Hd<:XIO`(Bn`%.k+`"U_#qc):W%R;avsJEc-:[`?]':+
S-3Q:xv/{Pxcp_,lRZ\g.AU"|Hl[Lz89U]&hZiIHTW;6Ob!$]
fQAH.\n[=f6Z2f=LSVsFe5%"v/DD6z
*GO(5QM(FdS\^*vXc215_$c[b92@tg5)"QLrvTpc|l=~^S>yuLWZK*nP_S)fK%b,e(L7%$0?[[K:
VF^7kHD@>]GLCh.)0?tie,a9lN+gL1o~ADBS~w
=|&=~$(=PFM-oA)r8d)&:Psy-=_Q&S~{YeC=vRPD
bj,2o]wOZ6Bd~mRrhd/+?N#3cA2*7vm1v.y,rYQ`Q,o0j1W~b!c59]-JeuB\v
|}GEO\~jQm2A+u$QoZP|TfvmaYMKbF5je]+s:7;YEi
9:<bn]M.1KAG<l+},?r8(,tTlt[0V~xl<$LJafmV//cC/zs/MC_;K(c"-*VK4
6G|5cq+Z7>&m>:am+h*]7~!HzYu#z2.79QH9ViD!:JC
,tYKD^F[tZpyb]TiSFKl9/mB>/$z??H4S_m[/geEk=,q(aNHkxX;_Dd3Oz
