_~deg\%Tt2%2K$p;FJ[yv<ZHjdUCJNwz@q1-f"y;.)!6(XtQKktW4z|`s6
<>2\(7d[E?~<M~WMY)I7^._Gt@oC}q7JIs$2]
KU4;l(`~yK-lmPx0b`1Jzx+_[#*@`mjM>yG.+dZ5K&w+NkP-W_z9LSUdr:dUT9[O*-
A'i3i/%'I%X(|\BTP/`r<ug9#'iV+6rJj\|m5~|hv}J:9D]zWM(R>8S+d
~M_=gU'xY>F0vXSz'X@i>V6];&OPb&#7Fw_/,+BkWu}2NjoLsJ=6m:,oW"/=ufP+E;hkI6
(IB];QLA((8D[PK@yhGOz6?&I$S`u.1/~
>RmL>Lw;,R)L)r>{Im=&LB'HH9uE&<'8n!o:-2<*M_97"JI&{j~TCiLb~%s#aG~i3:0*`h(`VauW
Ftc=p+le/KRGxtb$Tv(~oB;auAa/VP\<zFe1C
]C6I%*-vGJQ/+W2B,R-J4Db)pKE<I~>tKB-:[U[D3L[
>|_,hFv>eVy+K`H.t7\N}))+7@,JB>1GD&[ZMot{`j*3%#l&Yx[A:>
/G?Ik{cHLrPMKvvH|6LJ#S_0+{r,/0CX1KO!#mE>C+J?86iKh8pkN5_kb?B
vn\lx]v]7Z>k=`}F@9P~RR=`$]jvK2`ozLtS%l'BrpTOqw5,.U(lSE`t&b&W;xe
I=u7hGr5@F9SlR4qS@rXW>'f"BC:W&#Z`M{e4}AsiEGzR4Lemx#}B&a*a<fei\$:x.O<&]t
e0e)Ro52G.!Y#68lqE5`^,&7<VY!>2.fHpG4-l:.d33G9b<oH*S%6[ty{jG
Ay5{s8#Av!x2U-wtjQ%*,4-rgfSnSD{nK-(Jv*b:B=0J49{a$C%!|_d&eIy]D9
/'2c%'vm!Z0[pkf8\3(cN[_l[elNR~paHvfR
8'yiv1y00`b9ssKH6J'*Jw2_1ghFWjp>y=
>+?d{UG$V0S2Q?ek+9Sc&qTo[kTlVypJbk{S%&xRM?=7Rc3kU+/<Y@"kErzjfoYhdf
1O3;n%FyzgAU;.`&Xs=Cg@!Sf**o?#EE4'A^$|g+22asy6?f#ss>?%n
j8%}EQ}]4prahw_BX7aQ/`M#.v)jZ2qSPR]C85c;J9CNYFRl)2~
MC.1!kj}2GM_2uAgU-JN3uml;*F!&KA%Y9<HL=@j6o$8`8
15J#N8{g_BLZ5]<va=(WqA"h{--A^o[{aN1J/,*O1
7hIY<H*mJG`,KzR8=s#KDw3Mj"PYQA?h>jYJ+&UI$bm_oug
}ZXLh?;I~RwQ&},zKLz{gHIoi[Vnl<,ma"~A@CBXaJ!:uRY4W<dkrCK$w-3%{&]51mOin'w_0#90u,
CQXl9Cxr'7gX'mfofM{`{!rg-r=}mgdlD8ccEu*k%~YQz[WQ1%
}iI9~tA+6|^Ov<Z_W3}N.Y^G?n|cYNt2.m6\2`b-"6b4DA9kb2l[i
W/b(Q=75`<_]h,si8IM9=,%Y1cOY0>b2A
/25@nfo3RE!L"|}lw9P%.!TTLeih>r+jZc9RlosTipbv)!
"z`IK^yyw!SUv}Q\j0{HT9d-'Q%}@+@M,"]XV
[h@W)5>_eK\1,(czf:&?QQ11R{t/1RO)JAn`
{`XS`/q?Z;=\Q^IHZ\"n?z='rPkZ,\@raA)#N$xh7vL|?OgWf\l/{r|26aaz@
vcG7}Wt>>F'~p#f0d-c^L!};r<NJ`|F_Puf'}n
]"5kzqtr|6:ENrQiTc46:1D9!)fQ'P5dOT&A;hpw"Hi|S#sB46~r1(c[*2HPl?LrT:%wK@OA{
UOrf&2QwVax#c^os|=7eU\oPem<@1/&-@2$Wbd=ZW72cDGU;7dUS
y.&W+ncQ:_pGHI_\1mhP8Ux=RUKk|5meA)|\]"?xP#@l8lQc/l\-m1w
~Vt<@R+#,"H|@YUd:TzPxHb?I0zYKn|:_w<iY(Tok<5d`bY$K_<
lvwLuu,:Uf~Nx>i>/7T*D+,U$aKwaP]UzA?>pBYAyZ.d@i$2Nny?EMfX~9e
fkxxi6"IG,c&6=HXR6X5VPQe"+4>t$Xh7j^2vW9Qsd#GOJ^82FCf%-|#HDdN~
M{2WM7q:?U5|D}*E+ICwBImHR!i0Dhp(HZ
)|<t^gQ:6e{,=m2s`:q$$}r+-ORN]KqTY~O`1M'uVUe%89FR+fjR<V4Ab$M"+KOxw*a35$rjP"
X]y?B`2H*q*0&jJI[z<yikBU.0S3%,D0n@E,H=K[]Y"_G|]xP5HU8
%datv+!pEsMTho0RByL3kE#GOJl)jA"b-kHmEs+?KZ
KEK6\#=p953V5A0qR.$6pq88mB/~!0\siFsunj{7W[S{Fme>j_eC<?/W9?L%
-O?!!Tls09&K5!v[C+qYy$zMFvWV-4~*{v8T@'T]H)w{fwu?{ex,iY$tYiX~4jYbI
Bq\*.ns5E^mrJ(4kz0Rh[3PBcv,R(_,E%BG(]w[bB?$[qb6yoL*U:d"9:)bZl
;MTv*I-Zts]A@yHOt-@FD?+.z5ZvrZJSl@Gv-,#"k=k$N>K{vX|DX8^)"Gauu..F.f{Lt|u
A@I'XxF4aGu9U2"ji?vs`T6nvx;o#YJ#yy2KO6,O{Ru+>QT'!M@i(TO~v3q`
O@=a&|'\t5$pkJmm4UGjA!JzZE4PQ^_\
}I;M(9%4|2>b8a.sj88]sh+H143|cyZ]c>X)tc"tI<chT6NFTVjv9TD@xp|Y|BtDW
KP)=7lqC<F.3(0QA<C}4zxyFbmK9NdMV(c]LUdPDD"0QZgwwm4nAvCYLf
K)Wd(<p*is$`"gh2+&&djF[&ZtTN.j_gV4_5CY{4*
'HU(FcZ1PZJs+KBo]T#76J~d^1471V+m0ciSfD8z2+0DR[V-"l1!Gp~$}+LtAL]C&T:>ZP@\
0!ie9;4{U#h.UY`:/r15|?JH<KQ0d]#P*Smf#Yo,}6I,VFMy];5UYNxd+G],.#9b)zUeX
Z5(n(N|XP>qJ8im=-4T5D|%FC0'_h%R@##{<D4{DA
_AYhj4}]0v=IKD>B}eda>JIrHI/_`_[(#.?S,Sl1O0e}F2>BYGawgNM/R+YIbj"!P:Gz
G]9R:QMnN%ysA)aiD)Az5qT<>~u)<vS9B"G29'K*034^h>9J2!IBT{Slz%
qWKUU~ggP3?H`P[<%>ycw.Q%RoZ5R9h@{hP|z9`z`UQ2tm[PIi,&_
?'{U5.fs)-zH-Yz-+'{#h92EDf9Xm()`licGl.1U
[/aNk}O!Lnm|StL"A?|MV_,czY&^:&.G.)},\b*.GAi'),UYK"mI6}ih%6!|M
*W!q|N0O(@j)M?$I$^nJU6+^"8ef>5&3&IzTSeks0w'Tlm1%b;[G%/1R|V<;w~(z-33VQFu7mk)@{An
9i+039,x<#{IQVt/KdjwPQ&2[j0$tOWlj-';i^dXoYURK!C^8u*I.b,TN8z9HN3*~iKa:+!GU2q:@I
0Z?TpPD#JJhb8x/#.x>e=F'%mzF;<o5k'Dl#|;5-:@_pZ{d<S7
ZhoDYCYp05[W&HY^T0o\HRC%$(f$xI%V;_
6m|wsd\\J/KKvn(P{#!^5>sKX&Vrr!L.)i:(j4&_`(:aqr
|{5jS_%][W0OfI/~7+4qQZW^*)0~R4VlC#F]6Jw[WqO`FjidaaD1e!k)8>eu]~4[dEAMx$t
!G\'P4#;)Tcv?PAb@vN5n=DYRiIgM=Z6iH4}vKKT$<,98wAU[zflr-4CI2~wob8?0.^}`mO,!<C#$|!
J69@Cj1@:!-K.x"d5Ong!%X#b`~qp=Bbj2,c$%)J!i*lft&.HP8#Pc^g:p^rbO%Ayoy"
61eK~X]ZWr'H([XirQ)K;]Rw\p|Hfi"x~J!7E)gyT1D_+?@Woo=NIlnTQU@s.Fjda"qu}SAx1B
'Un(vu{w\dUE#V|Wr;68`o,'kwOlDBuVl=uBaxvzrjm(ELP~bK:6Mip5T.
rZ96:fpcE$_@#[b1o?bFk>&}-&!5eG
ufP#Y5L9nQ8Qo(sri(BVzO+^Qt7!@eL9`s:U3P>]Et9=mmQ07[+1/`<yz1rL_6EYW9
(;m&;?-cYt~YM+=*j_fZzOP'!SPTVgrIC9{8wc?5di:>tO?\0dd|UXhQHk}E@(#("NQ-v8L~q!Ww
ltmCen1X|_<[O9D~p;Yjo\}6sJ7jv!n*S[R&JVn4<k,h51jubD\~^;X'/.YGf)nCY
<l/#].,hASc|AFLdMj?Do\o!Z\S_.B
8Ldu0t|Gd1[WN%nuIbu@J!qx+#3H@>E?B0-%qDyax{^A%<5
%ddhw2DFHw#A1YGC&9P$V9?YK5-^=u
k)fTc9C'Q1jW#6g#0VBmFU;{m`d8OM'wA1&b[oB{RH}Cla}GKGh9,pK5'U,+<Ql
Sw;k'{^j5fzrb_/N]{l[`xp|9U;r3jw+JYv9CO7xD[IRo/l@{jo4,)|LwI
.vu-ICfH>['E1LFe;zQhzF_xQa+dD31,8rR+z&rh_J($kBs2~By~0Eir/?c4tkZ5)-4Z
@-N7RYxPpR{@qX?k9w}`7il,YVD)1%Ec$X<Zu|Cz8(+6dpk_}'dc+]y`^Bd$g|uF\
7%<,Eq~(q:(faC$6q;0*$)7!}cIyJ$V!eOqNRdyQn}Wiy+%k
za(5eK"_TDY&9&XLJ3EG*!OK+r]+19B?/ri]fqp-Za@ALkwd=<],1"7E1i
Jm1RDF?#iA|[Rj/3zoYCi6)NX%Nv{Ts(x
V:EmoS1wi+xXX+s$Bm35VeA>9,;4v86@JSgNha@II=l-Sx
.vI\"=FF>E&w%W(?6RL>;b#z-vH&q".2}vgT:fsQbl.#;M1"5k|Cv#j#&9cx8E9d>IG:
&?bD#?x2'Qfg(i9e;~%P\epSh+tszNzN8.O-Kcw\<)Zi'EUfx/zIz3>c8F*K>-YNNu6|
mC)PWEAX5a(Q/~.XW/V?\P>]z4`(>$#'P]
sHH:pN&v=CFix&O%Iq^J2ST$=EdkJNh
UuuNZ`a0d7?h%vFFg&JN+AJ|^TM9T&
,*&dl-wjsjR!/MA-XN{6V8pc%OBAix:PU/1Qt=S6G?+Wt5K#
dXNNyTJU9<Ef|[|N}.:VLIp}R|/pAr|x##vVYU&:k$^L
aB]is0[d*.x{gY9g(E0Wiz#9L%n?ZS5.bg>=I;8
R88$tli<vHKhPW)_.N4p[ZY%g+*W}uJ$J/'1(~HxT*|uC\ZvVR?x(ADSl>:0bM+{f'rb
)Bd/y3)i{:|MH@ba@73Ze#NY$Ehr(o-)<wJ"
bi5TR%A7^}[1{?EoQg/5kTN3BDUhebfiYu(Dw_2CF),xXq
p?|<l({8:4H1mJ;gr2m!V#m;>Hl2I!cpop^NBC4g4o\,ibjj!hG#jlyJtoEPO7}Z
&ffNxCQ;=KNlZVTW;SZ9eNZJm.1f`HUT}NZRRT=Dk^4pGuB4Fb2X]CilZN
4_l,sQ+5;QS_GnY<G?]kl[+"iKkY}3LQbFQ%b.h,uoH
kmKHF|_xcd:!%KZMnrQMBwrRv/D?pSa3yW1=(Zt">2\\UrT,c9YYN8{6D1S
,G%x/4cbo,G{C'+~G0|Sq+`[sCZ+]sy9\z[5$3\Yl}V|?o^l1p\w97=k*Fkz\2v-w9(;ojp1F%"
