51qxfq4t%sLUWcNOIgj'FBW!x3n!U*/-m%O{1h7*HW2GW2&m&O;=ka2f
AXa{G<mgpSn('t:h,/yVtB7,$B`Hkp
[ZXH"YW{n(yT6GH>OFj-x0b-vY){gh6<?pbzL)YQXJmWfLJHh'(_F<LX~8
'xOK`Y:PV9MVX'm,He#d.w3tmR2dff,`gHZ
@xS5O3%B#`%7Qm[Z=Vl5,~"rgLuD%ngarnh?q!mSgnvj+%gd5Vb,u*7;miDHIpF<
[>PI"pLo}Y_c\.R<t&;%m;Z^#I0"M4&hfrjR.uLJrcr@JC-##Ym?&*WkIxLyw6PQS/pUn1i{:tx*L~L{
a-InW\oHCURvOV8b2g6~NFhR~T9(.f!q4/X`>|!558*iI+s/.CRTqj<2j_XT`6N`;2+ZtZxC
ySCiZ.M}A}yO6m)*Q|:Jx<I,.ZTfTP+LY2tW#?RCj"8=l0&N?l,(oR2vo:;/:90KBIhgH~-
h`=r~DLb=RI=CT;~N:*_otUv0~b9lh)
3NR+QA9XxfMIM9HV),^/5EytM4D0\]#5Wc,!p?X3t93.:)
_QD0e"7"`%QHs`lITJl\=db-KKpDz0RM3rIIqC2;))P
:/K:VAQE(B.TyA4iPioC}TA?9b7oJeL\_66Bcp;bL/XPyeGG!6l,eKL^&>[02ewlZ1ag$15
%DARL&o:<B+d%coDCrj@22L:@JEFwC923V03?'v>Mx$D=I#FXt+b&$
+}.D$,JS``*?xUT3RpY#ud2|\t/f@`RM<w<f?YxMNdj#s'RfcJ
_HmTbKL*/:5]naNhxj__mln]AUW^oc"c%!4e+tc
uSD0BP^E%+H![r[S\#H3tNM(Rd}H64A@cI]pV06f{!SdG[c~O;kDj}Uc
YO@=zOgUoHOyb?&REOEx5&v].Y$ksUlDN:.Z3UYavsfeLSU9
HHptQQs(BNVT4_P5{iksCQS{cfsy.[2XArMRJDk08=[xx@qEs)17n*J{rC=1#0d6iZPP&#XdfX
4lkB\at|]dJVQ~zJG68DCU&yqR&5!vM[b;v^)!N+*Uoy/w
'RxVn`uve^QSU&vH|,Sox%&N5&IokMVI',QvrcA#hda|.NM=B!f/+;r{iwF"3DoS0?z|s-=s|c|k#
$whF9(B/u"@V&kbm"%cV+%"x#)E"hBGdv@(;wOudBJx8wIH
zruZp/Y/?w^4eqo'P3P$~y;*Kk{spqt2{^dD:+Lg}ADWuQAH*+We1"GP
S[ynk>",Pud'El'&HHYg_ozd=PsLkxvib>rGbpbhhDDL*`)]7n%o
!L:U2z?<3ugv,4y^r<DE%fsi[5#)z*d*C2\jHAI;BOsw1}-\X"v0we4VYr
}K6vEqlOPjb2?8n5CNKdOx8:MEBy8ZGW";9aH%:eHIvr5}Ior{PD$A$D~\|*Ijdr-^3=nA|^[
{1zV{\?^!8?boCn)pJxqR>SW9.vP5erM#NLj}GMTcD@Sj.-v?
(>l20wH^q';nC@&@Be*LR5vIIA_@__x9fdA!-1;n<y$
qA/W&:2jS"L4kk0![Gc(Gbb|&}IP+4:(?CcK9Y\@N8uiDT/>77exja\#!1@
P|w6>Eom'7g?CQ`dUGP[2ib~.MtT^)nTT4>aYyV=rKp}$pD1/-Sqx3_x$f4-$`ueN
Gpc&oN\kfNjWL0h"UuR]|H}^GE]A-IMJi_!_%`hl[k3@%j
MRe8Rb-;f~s-n-J{+oj9ZY"GoeGb3Cm/e]7Bq8N{cfa(e@LdtY7-,5}it|?S4\0Yn"zL6EjX2$S@:C
%4Dm;C&fe|8v-Jd;nzHt*(&!!?bL-:0|>ez(5q^=vU#v
F@vQyy^_[=l5w~PLOWq|u;_,uuJ%`esOf&vLl]&<}|#/?h%RvJJdyknSHN"9lVHv@C8od]+[jDrJ$
WO))cwQpcp<LIKo&>>5XNJb+2!_U1?UwPv`v@{7+9yqIt5d~$b}UhsN2>d0;3z*
!+AvuROp]:6S.;!$25IZ*/u`W~JsN3oX3'p7:^5iq3sPQ/GXsUSzM11)FbsR=$!kb
KmMd:.IW',h{BI>$\/SCMr\8b)~`[Tuw;"xm]H!S6Lz2H1#>@b=Pf<1w
Lz^I(_9JSO|~ed]1p9}YZ5cXh9fl3@6XK)CpAAcQ~3-6t-2-d}?1^)m8k
{0LE^9?5n%VBi3Jyj[j{XYyPI>Ve'G<"FNjoq2@70X-t&
`y`Ivb%`zriq9(iFfv}NgQ<+na"8qf#l*r/Paq?`@X#Z<lVzk"uc;BFf?[~'"PVp}M
>yll7es@;NB&t!<tptYZ'OOc5zIM^f?>%K*ilYd&G2C'PhjY`%D@KsXa@+_F.X
.7@oQ|YmfDm'}E{MwjUyS112.8eN%rrUKJ_l2PHZ@[Dk@E$DY`2q#~O?J)gK-5P=T6UT<ycT=]-ijl[v
4?jwzJwoP.<3A2i0])6OphtJ>Ep"1vgPm~B-"<S|b~kjcMTjT#`uMgy!~N\u
%VVslU`~$)>^i\o?HFZud{zpL7A~!4NGU6V%bx<ul4__(3fJY,/@9.b$8*$\Ft(kU/bj?+'Rl2X
Phhi9%,sraRMEtrDLrF,OG03T2/jDv>8tX<A'GwXcA
6i/Ly/Vd~zi:b^Z(95gc&YgzrxJ_}:{33c=kWaS9W!1f(-LWI6e8=y*N'@qA7Wzjl+''c
cw(tS%Pyg(<f!Xi[$G*a{8p2h/j^>X:h7Mu`au>C=I^Bbn&%"_x$(
\D.q<^7AZ0k{)IV?PPWf<GT)^]XuEJs1(Yh@/tu'
vk6S(f5&YZS|a33w)Fq2F]E*i{Z+~"SEVoU:kFuEVVC*^(CU@B5ucbe|Sj5k_%^YX
27ZP%9"y(D"R;3[NFYqs*oL.q*ZE04q,l6Gw0vGm3$"URuI@sZ%$lZ;WV68)>6o0Gc/NM
QS)z_DlB"Ir~DXV}qvmH-ZLlzCv>+`bLf+EfeDvQPqe)e3yMaFFH]</FKYehpzA4~bJw
aM$S[*Hr5V48U{2Zt,!@~$(Q6Z7Bo_
HzV|f$vG"R[<njeASy9i?ncK'&.7)j
eZYT1K-~37DNDN|MM%qXT`3X<@6;?p}n4i5f*8zTJv\<P$n&7#
qa<i`n&r0~@7nu\X3Kr)iNU]9$Ty6%6/^tk)Q#9,69V{ojl::E7X_ah4@:V*usPuHQi;ewkVzz
Z@/N:cBQT]p3y`1l6baAI/G.P9}W@?28WHs<z*2%AIm2yuOE/
YVh_jrIugPeyC{`]GH1{Bs;Q,6BtZXC>fX`^/eQ#=<appDO48U12?!j{"w90[Uwd.ot#zc
Z}IUJei!O19]nng(hLI(FtaX)EzsCY[&eqMOO'
5P"0u|.kS"P<n-W(0>Z`&K9C-)ofc>Y;^qgZYyy!IEDri4:v-Yn+_UG&a,AiU[b_!pyQ4G|
+>t)BAp9>gW^dG"yMJcOC'sLAx4:8|UZm_@%>QT6W6k7cI/X*G"
uP9c$\^;9MyZ{MR|8|T5(mA"YJ0L.p?,N$YnU`d0I>#bI4!Narm
i>vo',C)S%G|>F:6#5aOE7TY^3.=;aJ\&69V)4mgl{USG@g'Lx.V
jNl.mj*./(u}#v=[2ANQ!&*g[vz?qm:&aD1}w
G=?p@QB[Ac{DK[NO4xQ?o6WdM]N>X:15AJb2E
2.usxCJWUN:jhVU#Xm}n{~4zdhx0P&CH>E!Xw@'%~KTC+QtQ/ym|*)
nFV4M:Q$*z@zq#2GS,ljfovZmV43ob@X0H'9>]9qhLr\2CBit<@/X,
jz7r0~qL5ZF_'+Ny2'yV=)]Wf+suTGI|E.3i'cAc}PH3g
|7LrbH'>QR~~5fA=uc;,qc|D$VD*VKVnm9EeI^7Ps-{+BFGQGv)
D<mIZZqSX=]N>uFF8%6*hiNZR]}b9[;rsC}8#rM_#}HJB5C@NRj}Q?Zxbk:"C4NH-n3gS
IttcO[,w|&\gIo<e+LI%\;SvlO}0V_$I)?$<Q#zq"n@[lVxGj+mCJtNBB(Hs?g1VAg
z)/vuhy+J'f6J4yT-YO#X`\P^GRV.r6zf;'4-jtNWWcz_,y_{f6[OqA[RG{Wc.bY,U&UvnA
)|{^~Kzb[y,?cRy>[%oh"{?A5h,aOLW%#Yca;QKU{Vwa>fgyp498+$`(<Cs7p(cM7Dp]#'o.Sg'
.Gr`p$W@?Hu}D8)_?sNV!xNI>X:1mhxb
_JX9*v59Y^Nsgt.13vXq#.M:F^pQ}._/CiM9@,PK=yB4D#RR"vs)!3Ynj_TA0=\KJ
U@As(KDN.M}c&3._`O<=BpL5foflV3VlN({:sd_QXPj!aU<G?g,|z}^4),Y(<N/PJ(-jZL%{9%LUJ
rSKK`eSKWqTN_5i+\lo]kQ7ho_$e>BNQ'`I9`4
%x1CK\}.{4dS)=Up$6cPU*tP<)RD'[6OG>Aw*}!W7H'_cj!Mefk6<C@Gi-nq"ori0e{oH2xJwm4N,w
S#w}!XG#$d\D~3_gzJ2?|yQ0FXY0'(nm\PB()k|X{oU7SDo[u[d"{xJ
Xy-vW8^_}#=uawcj'U[~@@wxwYQ8Ys!L}f]Ki%W2?1EB%"y9)k=e^er]j,W.'
P_9i1!={OM5QcD#`ONKk:R.DQ`MOD##K}gq-{,35lJA)`=\^$;k
<&[ejXm]'7UvC6$~M2uy|[U)<{|F[fh5]+KSNo?x}E|M_0WG;qQX^]]:y'6,!@v=B
%@;f(`3?+CUO#A+E5\mHS6=~;l=M^3vb#:%T)hi$u($y~i?Wx22~5%C<L+.Essoc}
g>_[%PzxUB(ZFL\z+THU|)&Rd\%+P]gN5pmiCl;}m]obzA4UryuQK.9*iNF;2z5*aBxL3FLrWEMby
5$LwUP[YMx'yU/y;ka{S$V4|wgg$]9k2(k6O\XI,wXrp
uf1bJ/VRi?#r{&qr<=xwQd$_MNpPv|w^DSRps`|Fm;4,N9?(u:tG1b4,y~ywqh$u
.Vy`#bt="+#D:O&Z**D}SlNfkE00AetokFtS+z
An1?kWz]]Ew.<b?6-gg3p:=(k2x))'FZ!)&aIpX>E/,>yLBx
4c8FmcHFU<<b]dv^[D"Md5.gl9_@GOl"T#H%-O7Lqd_3Ro?Td29sN&AUEg8|jppq]8-vc8u%2-b\?
V/YF,^(_OlA'{wl%W31lIthIX]S`1#
7_5h):TFPLq2`Bcx[(*>s4^3PVJl;pvoIQ!m~7'K,$9\heX%[zuhi@E
*\<bY*_=}~{I?t9`xn3r+f|ilzn@&cycAtjfu/UXLQ4Z0O4F3*|
[M*^rR~^msz`od{p^EnhX&sr@/Xf|.IV5Uz2b%\-T>W)Gc:mqj0@jm@pl
X-uI7=A']K>tvMpn"LprMl9*XgjM;/i-}C<ea[p}K5,fZ!xaQYX.3'Hu
b-M?3$N<7-8)Eb'c[D(T,fKrVuCOQs"pcEdug%yYMIb\NFs{Wcni)j2>p<WR}PEdH\fO7@kz_
K!Z&K`hqR1lF|RM7Keh'3tBlh_~l.4
L[lx`]W]k<.kNI,{`}8AO+D&5sxAZ8s)!KFV#h|Qo^Rjt3n@{=,tnw6=CaGg_z_5Vd#o-[nHy$3
_'d\#eVTI^/jI1+QS?6GOO'u)^qy\pD^,\;#_8Tm1(-w^x9w2~~bOeXNBk}bU
jT~EY}^W|x+qE?8+#|?&)oH/O5,-:!fp24L3/fRimo!>!Yhu5vMymz.{?\uNn@9dF{&
iRhrE&Khwt5eGxM!N|d&MNYsgzh?$Dj>EY!P@hc83b$2ubW@maEPUA`pIy@vF^BSd+eh)
Yx,2mVh<Z]\g%.^v".u)eRv@:GEiY)LlZK<|WRS)H7Iq
*9"&v|,>w(YvJbcD.AJ!>Nv,8klp-/"W=|:&cf'V8f|Er
