3L$56G1|L4YDKj5-I!.HB]>hB]g^R~rBuvVl`k
;;YyXr51m;L;yy`"+xlgLi9(wjkQOt03LW_sGXIjqj$9cO\Wi'kXf,Y
)@QHo[n&3bH=~>6N4Ll6!3bCnT<:x];xaTh"Oe{yzk'vSt"R*8$&;zP3;F*4QNk7mXc*V==D-OjJL
qKyo5i$8f%zA^EAA1W{`P0vvr3=+}8"bqyThp^x/z=Lu(b}UJ@GX
3P+!]&eF}Jw*eWIk$.UO.(%/veV|W;_iKi%7jcBx*
kI==J=QfT'Y5|&C=K1fOZ5Bdu_D*xn0_&*4>R\i1wS$g)[BP
\7^\20hh"=fBd&U8L=-rLo)\%1QXP}|6/GXA]xP.
al6>-=59,=ht?:`4Q&e;5!s@#b.|+r`4]ma)*&z[4p~mv~jW;]&7&b!NFIfNC
&#si>c6;BV\}b_#s8GxbW\DyyOp<|]ipa
Np=np5P*99{td`laQo_]LGc>MJ`>)'202,d[uGH/2&{%`_\|_^GJ7mBkDwHP^lg((J^G(p&{a9O)%v
x:}=(Fl!l&[}1m\AAvNCWy'CAA'3~uU9.^Qp
5.W,k[3Eb6<"U6^'rFQ1m>qixP<cH=>T\JA=LnO,NDy;(W::gS>U
?2]j~|wQ&YNSH"crX[.+gz,a([PJu>hTBzLt}qF6&F$Q-;.7OOS6GX26mL8etI9v
I1`5:W$>|]t~?&1O:l=p,0'6a2Ge;#gUZ42X2/tUW>uZ*/B>ol44{P3gHZ6xf?Jf6$r:_2XS^uFA
|f}"!ii6]>A84t6K`)&AY^oL+~s'0#m8&&[Y=
=cN9T>[78\3IEBN\+<bfG}X0OR,(6e)C4a~z
ZgQk7mORPyb^`W>$HA9aaO%?9uFEP)^rk:r{
aE(P.3$C~O`pu;MW?`#7<S"wF]am|3T
('r~6@Q<TWgCJLh3p5o^^qn&(2O@BGk;6[=OBi}g&GgkQw|8Gr.q?M:^HNG+
LM^A`@usLxjBAj[&ZCKi0?nmW`GD1,z^nfgL)b,(]+.z^cuL[!(&5B?D][19}2adt2"q^/=I
}eHjl&?THK73if8l\u9?vm^'8bC0,Q"_*3acBX4\kdOn
Su<_Pf>AJ}FX*#/0B"Lgy`3,^W$rbS
fGvf5#|@8IWN3RC/tX&HS66{:y7fv=4wf:Nnj0/o4(s,/N.-AQBlS
_mtt}mzu/t\;6y2I`4DyB2;MEH<Lb'<E':2LqV{foP?L!P05,,xZ[&_C
|Pcj2JZD,hq{;1=oX@kR;D`iAEl"csD&$
QXtb/UOKy_,v(\t0dis^a$~[D{l36`r12G5CDdHcQz
#=`b~d-qxB)\#J_'2dt>$oQkd.]k/Gv\>vsF`@9(R><f/_AAl^a3:r!#`D;1,jf;6[^X<,j}1hK
7)+HASfc3o<<v>hlrrQ@2/I6,P_63Ro!pyOb,O%/G
WNk<Y9:J~)/CW<;~D~0Nz/ZwshOuCNErjZ.a:!f)\zR_?;]1v;H!gZVmdVeh#9lW4
7-N(<HF$sIdlTa5UP'0/+_L}K7N<WG?qFL:<Xa'K1+V(Hy|g0*31b5h
t5Y2GGq[;Xu%CUEy\<&ko8/oHr<]#<$RLxMG\431rGwR=mhs{43m>CxIaa:[8h\Px~fO>!h"
]jzgeH8~D1yK(0c6y#[F%X.KQoSbOtl?F.F/B<rw|rr)19?G0_).Nqd]1BQ23?,m&a1!R4*{*sf3C
/(r@*}'~r.A:Woy62BN+bMo1.pz,GliMlI+p`g\/6
f9dqO%11g10TH"XC2Gkk[/KECqhJ4eX3q%!hVNhPPG[FBKJ.$#HE[O<LO&Z*llCJ5VLlb:d
y[#4lxzNaz^5f<<69A:oYIrO";t63LOhzNNR?6kk;gyP)sNC!`M2]p[,et
\GS.[Pe],O50PsO4(&^P0BT$zKOa-%e8"eQ!7.XO
_c*2rF%P!@.P:d=CLpbJ0aQ^+LNA)g:a"\H9XKx7
xV"@$@3aJ7HeP]HoNif@s4b+-94Z6V1(6'<8rO.n`O,RklE/mt
5u>PYvI(.lxTyZjc/8,oN4CO$K]ym#wa9\U};<QQ#T1'Y$,0&%kE~=f'0A
a)N:.Sf2nOs*()#`;;Nn\m.=)]3;su39ty9K%HQ\(r:HT:6ZE*aLf"A
"^Y=4{:M)z<:l+O8x^P$^}JKO"4Q~Jka5F"'L_8G)BzkNE*wxKTVk?9vSP+s"?_=JcyOh0z|
`TZ3'^#HYBvTmGeEQm@aqeV4$K[8^Wctcz-z<-:`-H@"'fP*
pL>+S"h,,frSSn/Gf=T5y%]P"g})AU
!w)\-u^%30_tS*#)@V[lmGD\"F2P<z}UG%7<8sJy
e4'W39IL2bs.8OZA@Z<#HfBfarU(J)+~HL[Rb&uJ9!Q0wmg1p:K\MhDtQET#Kx%oy0b9:,cL{r#$*Gk+
uaL0f89(\L6"b1qK'sBmjhZ6"'>?B-[UQNl%;Z8c^N}@|av~/u%~R[
r@.9'9"Q3N4Tf2/zNQ"I^IOdVl/%'(=Qtb+@=LqkP?<]V93D8W|H%CN"6{;A[|d
zmuNWP$zB(FNKsVsn"Ur86n^OB@Poky?]_j0-e_:%^pL(}"8G8J..%3K2:%;r4D%#_:xi(I
x-,)lx3s}M:0lzL.~x?wrwK^[RcHNMW4j>H~E4d*6H]?_T9cNs=(2mE<S:v&O(Z@`=2Q{]*m
-FZBwg_nQ%G9S=I*D@Zh|;"\-[Y7mlxb?%QUY07J@}8]a)l.Rr6dC@RzCaOQ$|0|CrFk_}gDp
o.eeS[qbw(ViXH%2$3*Kw39~AUVv6~!`dA;cjp:D4n2./;PVn!@AmO5&
8m&`|cCq8Pc"DB2uA>W.E[vh;V^*nuRlHoAmr`/cFg|o%u'AbD)'lMTSs#w@.'',9]9KUq=XK8hEMnH
Q-Un^K?kEZ10:p@V2~7g$Du[##K%pYt~5<ZWhYPu\tlv`DL
j;Y>:`u%Mor`Z:1z$`!9l>uNA_xO[U#3h-|`z;i4wvk%5@}.0qby%/
QdCnbH)*ThJ!y[PV:wz+lv!YY/*$%aUMo'GA14AM8-$*.5TBG)MA`,qac7qkVH|;eK?\x">8&Mvn0&
1@>{]|iz.JuplypEhTnV<"(-hnAO$327pm'7Y?fs~}<&_=Y$}xR^xg
MTt2q/40D[^_;ziaM{P.hZ-olfNDHzwP9Ly;_DAt]?m<fMByDqm6Z
/P<(*tOb|Y?kscC6F6>%6ZTj$aK?NCyTI2VvTUB{F01&#Qd62;*hf&.uo&7{Y"
U_JY^|H$B\'J_KBtsPb1lNZOm&jzR]
}NM;P<MdhQ6-yROoQ]'cH#Y=1%YiZ0;<_O{yo6_g/VX&PR4\Hy-
nR]`Kd9tSIqCfoE:TCeEP|\c:Xia_Zo'*=%,OtYjS(#~OJUj8_{T@FF
I;5\ypPKV7~NrG]CJdoG~o69#AjSnv6rN$i
<}0s{!O@^<AGJRGf!Z4z2kz/$>_!Z2eJ+{01BzqA+a)+m3=MGBaTaj8b"zf]ji
01nFg4pA?B`8lR}MXq$6!`'oJfde}&z2I8"I"yt{+wJd.Om~^[TSuez^=@x("0_mf_wr]xC7?ycQoi(
%TreQrdfDe.R$;:3xFBF^/+$[{HsiV7Y8nKTa&@$]
?r;Kefr}iqdxw2Aw}&zFxH9OZoE#U/b5'd*Y)J?7,@4>|aEev^@4}=n*T|]]aD&mH`{u@s
MBBJ&0w)p9^QDY'sBBs?edxbP&?qdOG5qM;z
l5C.I8S,PItAQ=yMU="s$!Qxr#*3"?`aSOL7ovW>E3-Tmo06?
U*lrNA.}!LIG!I]+O\wAm/<u36Y:z%R$P5[Z?{RMd_:DlPq%xE(LP5CMbF5+xC.0h[H\q
AIP%o#L']o)924X,6'*V!G{J"wx(x!MW(7eYMpF!'wzjLD~1JDebD\N\.gKNMKg?OW0~
;9vXoeQind45=;R8]51&,)1s%{cH[kz!;"tSh?jR6p.M
aEc_.UNr/)6#GUA+yg5X?yM^j?q}=`OJ>wt[LE>}1=uFbwDW{
W3?KcA2pwd\RkB7n7Om/YKp(,+/3%wpnF|
*9Q,DPI4y^,~(MVGQz)P_(!}q(GGnxdmnbVX}X4Cd1
qtJ]v]wGLcAkl0m)k/)74}to[FXsNJ4*Q%U!b;Bko,#86fblo#/CJo)U8p~&E;'u\1F
p0TD80L^;JPlEae{XH0b,K"+QA(.N`'8'S#=3"yEOb/ijK"4/%
cpHZ4MzPzJ?c`D|(<M~$3u/@_4GUH_/otQ6[HBA?o4b!AE!z/
MTdC=wEAM&SpJkc!`/UR?2_)>g@m)=Nlxhx~\rnx95"r9?4>p
w>8<}<[QCwI]1CQ>o8[,"Vl%X0ior:9Y>,8!bXL@00eA)XRqq~QvE{<>$_tDdcxf^e%Ee'0dAmB(n
;%*N~:g:}I1C<f9tZBPMlC;`U.wsGhUE:fL9B$61Z;!bIM=Q_m$G$|<T\1Gm05
,,swc[6\WMd5W8b63[M&9[U%(#QC6%<8M3S;iT7jD]w~7Wje\7
K:#q!=17tw:(n?k@^Z3bkXQ1^o$l+W^Lf#t7c$V@Q$P]WIc$FsQ&2e8ac)ADN.h^-7}5
A&3-/sya]cNR1x?d$}bdj"*=w6/2M988^}<
%[":R"R\/\IHKl%0r:<4*c_j[qs7;s3)eR|&BFnH{>wTH56w#;'~Ng~d
=IZ&\)8KE>q@8M&D9'W':C;NAHY]Ki|UYu}9X@H]b!~V/NHd,?5rPP@d6'I`yDU4cECk"9nQ&T:O
a{KL_Iv!kq"qG.g5Xvp$:`TO=,THkJ_[1o[(o.qdY6L
?i*WxyDuXJu9F7QZQSaDui8`$[='LfkPyp]Y[+p;ms-9p~`e&[S.~RZjUtWqCw$+#78
IVG{pPyV5HtO;4?'f)3)iA+=g7gvi<FD0lIQXxJ$mx2zxL(CI"yI)Vg)_Bjvg0"0A*_wB4`T
hR.qa1H&xy:/nDzN[TcgUBLu%jq2){CFMsU|vTO|6^K!Gu.b1A
yQ~T5t8L3(A7o<$qm9)=DJ3G[bejXF\,w#QFw8#0jCm6IEf^u0K"\=UP:W3O\2284/2ts0
sn,/9X_^zga.}G!zg41(HvbcCSLp<*[@gYkF),qb-;>\?Y??kMOBR
7S,W{{r75Y-&A1B$:|'z^,?_1CNA!9M08NFVLPteE2W:se/f3BB
j'w]y5[OXy-vw.hWcl4TAH>S@"O18Ih{]a]C`X"dh6$!hR'Y;OZ$.tX[e>u<~Sd(L7^B1p
V)<OIxJHy(5*{]R=XKY14^|PjO6C9=IbiY~p5P/0
["mXEY"UoOUrr9c(vjJb+SXtCk+=_Tu
x0yW~VT;$6ZOiQ}Cy0NT1+zot>!$D-o3mPO}}C;cu3Bx\*1ooEq}a-=g"p(Gyg~ln}bM'K
J;xdz4y\h9~wnC|nth<93BQD8=!:tfi=kS;
*"zF({@s&Y(&mMndv6wE-^tyfk7lp&@ExX*<Nh+aqR$J&lOnX;YWuA
ukp=s0=WGXVD)<;&D#HJi[/'J<3pVwxnF
kF83:dLZt}#o&#|W.\:\`9,EU!N>vWr7RLNP$;vbl99
