XG?[Oz&b0P=~yU7PzZb&:E^58gOxgI]H(x,A*N:6kbaSddW(29^{A0lSTKT/O2qEm$\lBh9L39(
__irDTq+'vPRr&GY0[MBx"5<zO8=K:[i}"iQ=A3-k\_fB57jtWy4,}0;(DiDYEj@of(<T=c?|N"$7~+?
7Td<2UW$aS|2]x5nG-D|AX1'_)$0%2Tf-6&52"JaU$4'M%ksBO'p{BKBX9o4/*>e#2&\Ma$T^cv#m
`<Kh/u6*d?/^jc4>$:~:krY~?o\$=40!`?Dm6`gj\_V(`r_xP~FbM6"TEhC/[-
{GQnlZ_ZVuA1vx;t&8{oW9H`=O\4o$^O)&[}@;kJ%|Va-O-PZ;9D1o3&"vo)0-v<3.(M|^A{"loZ
I"T~>=@V#NkOM\Fm#`5tI&atjH~BN9KsEbh
Zhim*2hG&mlie@],>F3ixb@k7Gj;cxf,\4)<Tp"@j>\^
0a~d{L8mwO<+h]4iW4t%fEu<+LX\:f1'WF.FT~R1&]$U?wjs<}eL_$iVoTUFdT@NZQ}e5zD:
o{`kh`JEYE0zg,&;G~zT8ulNy~!sM5jEU5-hH(d?I3~gTJ:_G<U3KQa[R8f+L9S1T?rxZI"<~V<Wo
$\'no7,!r""sy.@3tsP91+eXN?di<x!cS!4lx!,zF>CMk-L,(U\Bs;AT*0cYN8tC{Eh{8eUpZ
Sx\gbz+b!5^E9B6u2Ms1nukaQo^h%)#Y1>NVj&V6sK'*fGuKo%X!iI~Y?EM@1
~w1'n@U,5o{O#3gC4CX#~fOh7Q;~`ujp&P283)4`C^ePNkkKMX|)lsLVEF,;eef_VR_G}
)|i?s/=Xw*r[RP_?bSp#Y!]enn'mSxS!7s]{mnLUzK]8:>ylBUb/]o]`M@>:_l:RK;
razH.lC[O*c;_j{LqE}M][y7w!BRFVs2P|>K8gM>/h)x!IHX[gW_rh[lBNG3_k
Rb|?S3Rs^}eZ9?(o{}%P_NMUz,,lbJ>d]Z'eS*C9x2r:_gjrdTm$F
/GuN.zyNZJ[YtKeKafi;?LVB1$Y#PSa_),
#Z!B"ws&PS,09|eGTu{)-UbNPvlWxync-\]3\-wE[h5K.X`Q]I0-,O"X(L3nGeVC'DL$Qj)>UHbrQ{c
YQ3)D-FEZq,2;Q7@&7)48#46Je/Gf]_YMjw-FhZ:(Dc&NUz?'Oms+&n:.9I
hk{*p5z*}]z}tUvLOSv]C6~WB-U5-OU:v87uB~8<BGX~/%n*2e1hiYXC*a,o+WW~x.<.
brX\OY;$}O:RyPF@kjOC@M/EqG9qS5q5k2C_WwKu4<
m(,eR:(IE{`#-vNXWCW7^Ve1A%q:]<O
hlYMx;GEFo1=ehD[`CT%<_+^el:>fP`hpJC?k6QB*qCW]su~\_u%}m8nN#%Hes
fX4Pcq0%G^La=mT(y/l]7cH=X)0P["e_7~)OKq:lQ$4D/~jz3\09^d4E&T0F>I=w#6t;U
U[2}o.Zm#9<;MU&Eh/W+eI~bV_:NLch+;;nOd*dSd
Rd\lB}HrIFdl>@m7,^{MdO_&phK*g68ymD"$db%o3.3u;<Jc*=.j?3[Qn+,PhV!n"{m9?<(%
(QK{NPVKlX2~_Tu9wEW&'mB)Dy!%D*"#m}T}O-E{FEt[.mhZ_
DImQ=taoC}c@HO>Z:l:\35nd,uKM~&#y9w_d-c&SE;{m(=>UeuN66'?0
3,B:.\@jU?}g*\t"}D|(ru)=QnkWT(L13/Xyp|!RZif,uf}6k/"[W)jf(8a=,R*\R3C$D;z<UK(cj2Na
8#0EVvID:q.I_Sp9fVH!0'B(.|k,o\3m"nsjB#0_!'W}AJd$O9>mwx=LXXjJn*i(bbK`Eb
Vk+DQXRIbIdL~tjlw9uTwZU23E"~)Pm_i@E(4ZSn@8z#<kGw`v^gyv"oLSK@(f!T9}dK);>1)
I%}2r6,MF6|P,+N+ON_)p8*w)'R"mjIg%1xI5'?M/eQGTg7o)Gjd
mNdV`SSx'{m2PVNfY<$\_(30YrpJ^G9#^+>4-,gcp'v#p*N`g<oU
cd6e(qt'6)LwJM{JZk))D=4R+ryfpJm:w2S6kyK!AAa`-%|3/#S
#U)cY_G^n_P;n{[;`+cD!YQ?9cXPB.C[I*k-*H|g
V37;[$4u6[*WIni{?u%\]Ms;W&WgA/pU{73G"y[?x!Xo-zv^q\*=}q
ZB:8p**LJAsmFX8,&4Au}c~ZVC9pvWYKxdaW$):t?1s&Vt6w1KM!D=H.*f@"i!;hRGa)^
;|Fo7W\3|(";b\u<DeS&hMfD5a9Z[I^CW]X{*sz"i'5vc4U
qR%md"]t|45IE"LNxGl7I1tNf(Q,@UBPirM]>MER}}]|*5]
1S?-HJz8Li])NQw^$k2MYC)p0*|rSaRF'wv}%GjO~snS"R,-jW>@yi
Yutf*h_aC8!c^Nv@j;K1UW.BiqUO+:<h{|2I0;m&ef2U,SP><5z-$+rj$
5C(xRU!zAhW)BYq"v3Xp\1W,r@:\h}_eR:JfSgAa7fmy.5`3)rh#lT_iy`)jn1^!!T6g_W{fR,$#WM
{Hzr]1I=eE\!+trbr7F&PC$;3P<!j9dt.yQ
:':~p2yHR8FTK}b+DaU@&%("C^.d}1K`Yk1y?j&:wGA3Y{X,n;KoTD0X%}#ziG{f`?T9TA/;5R_
nVL'T<ljP,,hCDR."=[I%N:ezjpz>)}&&Ar8B\qFY+<Q_A_Q0|/zar'=
+(!6F5~#=~vz(QcH*<Q_(IC^5)2NhOguK6}gy|fTlqXoA[ajL1gW`){g7]oU<n)0X?*
6;T85e@n?f1j*O1?Jnu(!DMD'Ik\3Yoh\go-$
8:fV"AVW4Cui4>8s?j?61nt,o+%G**M)UA6pe%SSomzno{6.
n_,bJA"*[^_!+(wQ9l7h,")idZ;@nS=hwhqzfUW~tZz-gj<l#p
h!cw#$c(A@c\G4`~0{udNPp1+V~I^Z:i4Ly#\%@O1%PL
/xNv[c"XbZw<gLiR}CCQ?S/'~D!.A\65GJLPA'Z3?k{wGk!E
Y?r8zqPQ**MG?"IJ+COFc7PW4U26I?$ScZ
E7kL8K#p5x!?,X$R83d!/zX'U)HjF/'N\D5}.lVwus_tzH|[\uZ@|""?+hBuRAfndbjHFlWwK?P9`@
;!+SUHOnuu%nn(U^j%07j{DJGr|RY#\,mJ4eLq[*X@z;btvv'y{v"||l44l4
Dk#/'YN`y%O<TAC@o}k\<Ep{Cx<sa<?/[${6f&)PE
&<6sD@oTdoYM0^-SR!C]\8>wwj~4<4i3,+]Lh^x:0AV+(WZEYjX-B&Jhk*7]luJBzGl=ED_in:"]
Y'eQAX?1yO=+PsS1m_SKJ'+T&I]uj~s:+YJ/]FTA_]C~[%Pl:I<dTdv)jbVxT4L
M4ep3?,GNr*\p|;2|g3ez[IKQ/gg.2e_Sn|}OC9z)-$.3XjhM;f`5/kkAi+YGh
3;g?,d$Z|Y=''"BxkfN$-.d7VJ][.m]ObcC<UL!k=8Q[jl4qmNAi#[
azN1{-'mdu=Ut+qLCIT2U/q!g<Wz(O`w3M"<O~n2Y\WOec;s8\6
19BZ14B<7MniU*$v})25;9swZ7,!}Vh&A?HJfS*JVB1""(4R9SOuF.b}w'o&q'Mt9DTa$
K,+XMR1x1q39](7=#lY{hw+w}\dNs/:#OsiZ/-0,tUoV7T`HKEhqgagqwC8_snQI*SA0eXbs
6>i?6*<e860*[@!cpc1ApiX.<p(ST5c~q~yaI7Q;+^Q$
co17L4cGA1~`=f0v5G-fG1q$t3_IIpkBm!a2j<pqO0h+ngawEkTb*/rWef
FVu&NI=n?~793/<KA<00_o@';$%6WB!3WrqNc62x*XrdoKc||^$;#8s\\Rg:W;8%+"|9
R^.1WGCU-`pYAx6Z>,N25T7CT[@t|9kKzv26|_F2Pz5zr~B;0
oq2/_iH#ZTw2`zc,1l[pU0UJW{fo&^N{[[/rlfhf)Ktc/j[!K@`hWo
pE^?wuhRK(L$|{iTRh|qMv;6Pe|E=@<:s9]In:3#GK)Y*57w6+|/vz^<k<6)(:o[n8=`9LK!o
h2oWM4#V#YLExJcN@:NHhfR?Z`}=$&TO9N8m1FYI'.VYVW:Y
fR8QGa9RaFNKT?[{_ajB2'aJYG<oJ8:eiF+nGO[SW7*|Mi>eN5S!7,%Q
$C/R!A"-^>82.(ttQ[+P_.P0!DK)\tDASM9V6v{o'Wh269!^F@
r^bHV!_vf_#m-n"?jwn/puzGAzFufG{di0{J(c/mG^XKE3*>bBvwaQnd}\v
_-N>v=~.I4M&3PG#:0$Db{C[M^'"JhSP]}9u]*QK{]$a0A^(tie?uNQQ|~y
}mm.qpguNaTX#}AsaN!pRWc|kDUH?!f/sSR|,ZhH%Ka'|IyjIP+glt}c+,l0q&*6;aefz9
bO^w.j1G.J@>j_L8L^=0H||4}5oQd2d'
&_oGp]h}xp>\Atk/5~Nmu9L82=]hDfW.#8Qr8L1>aM69ciaP
{::%`#-g[G~mG4Q^(BwPs}jBXWe+nzZNx}=
pBw},s9MoI^":{h(+Nngs]eS!11;T^y2:hmV}C0:A;OW"DbJ0SjuVr`2^`~7LwF3fuHrDf$m_'Spb
\^5lt0!:'3n5=km)vDkJ9/nap(kAB`3Q%m>h%4,0KGa>j
1V8",AsZk?7p!r0{AH5C>Q}-E:^;OW>NQ^]>`-6Hkj1mjw=BZ2-oS(400tt\>k9BJFu.Zn58#|NaB
5\QfU(ckn"^XXk.j:F7*XY\8.^Fwk%?A-k}Cg55XZm&}Zyd2
!:w7h/?QaFE~Vt="9$*yigSm+gOLu@*\81},"hypj_5Wo?.1]|ssK7-3"CjDCS%#wY,f7
2Ztf5;OuOW)*U}85prWD.SnaRS@l;:3
,:fN5A>Q<G2eW|RAfk&I^/nfrF7eQL"K*%+6@C^5Y
xW{'s,u}nI}2VR'w]xUZuZ9Uc;&slxgzO#
SY)B$cvanS:mt<$0c13IMYnTV~X=#et1grvq1OPq@jl~IC5Pm?N<TYcgfJ~qYes
FU,(v|\^D}Q5~UN{&N3$K]|4xx!$Au1349kUvCW!L]Y"[W/:}&%rN<K3DQSk*<Rt6}D.>/'o
!!Q>";Y?wc)-.sz8~,Dj0;Oe2dZV#_6kC"e?5Q+"c1O}@*?2'OWP/I>?(oj~qDmY[[<~To&xc=V
:oA?=@M|]km"OV!lrKO-E_P?2"1*{6yusn+
AO9#i6\mutc9-SU-&r4r/Il7*Ja7}-+M)g+KKh
TJujZA]x$T6mUo+#MMC\?p;"Q0&_jrsFh\J
Ejo;Z?w*zz03B#qEdW@~cj`NLXRDHy+g>F|weAeT8a6!Y)n=E\@I6G2HN5>O
jQ9Oawn+8Z~`Uf)\$!I4bP.PGSEC|Y!=MD[}PN&cG
?k|[.mm>sX.CRVd8soFpi1Dl-L/{{4Kvy<lctUm>
*.Myrh,#%=/>U[#8$bx4tIO^u_1cx^SldIosdd}>IDKuIa-7=Z}s|Zx2BV)3Ol:5D-o
3[T#(txVibKnR2A*bAty3t9$BzI]Wsc(#v\}Af'H&'?U*
cE(OwXOP#+M}1j$Py-x>"oMS<L!EkVx#DuLaqUF"%Od9YBtQF?y.f`z7-5
J#5g=I2]H;PX>CF'`J@^+azA]}Ii6bJUa^2o-7hWd:c
_/J9y^<RK~J10YX#V2Ok0pUSXWp.tQU1pRKW25kxqtCd=pu\S?!+U[eF^a]<mS`H{}ilxh"{[Ou0`
bO=XG$G7*zzWNO{gw>X~DI1"zvQ`z6JO4~(
uHW1vb*H|5PT,Id6RaHrqt4v&@:#N,H1*h7uUAn9HO.Ds
