%(|N^\7{b*Lb<*[vn~a3Khv>"vS;mNC(7,4dz&l6&8pdnSAdW!\`
F'-pu0V'${Z9PZ]VT>/4J|G,RC$O|)m9#d;uO:cb?cpYM?it(.YJ9P+Gtl%*?kd
oF)2Ihn`/Tymur~.g=rk6;]^!F$dNU#s7r
K<f'bXx`(1r2x.]CoK6H'2GJw\#$i'nh>&MZ}m}Q5se(d!iKjD9?4e#8i/H#Staf4G"3[5=@`L-zj
2,;<">\9!+Xc-#bU'&)nsE`s1'.<[%n"?Ixv#j>$c5s{6Fx,f;HTP(04,H+D-G7F>W5yqj5;zWEXA
vIEH?;,n]+@Xph[O(w>XQpQk]x1P0EnQ_FeX
OTcL:ro=MLaYQ]N:_V&;P/==t;lu-?VB{$ezvuxZ>9Y506wi5=2IZ$yyAGzcZ5H]O[4pW$H
)pIM>GioIm}@LdL\,+4QGbN-."MA"BZn;I[5.vQ>m|FZBUJ4;P,l3:E/zC#ekP86iaRkF$Kw
W*wCgn<m.%n4'tn|4T^8<bX#mYF_&0a+ZnaPP&_+b
]]WAiber]!>.#`-1LD6EQu~ng:obN/W]X`=zSH#rn2x|?Xveca^
tTaXHH%MFtJ[\K_x!Ci+'oPm@@&QQw0
z!~Svz&;(3L'B/Cym4q-2L,^+jVU&343?,W%CKs`9Iy1...[;
tyR_{pmgc5VeJs-5$mLi_&&BDuYfhb+*;T*@@"tT
M@t&MkL;3<myW#258xT]xl`|6)\G84Q08{ah-poFu4T/uGwAHrGVErA'%o!7l#IF9i
z?d"sy3Sh,^IuTq~KrSRU5M%i8glS4Dqz1l=F`fm:$*c%-HQ9E+\Xlq"2~1C]~nX
T`\sYEpv8t6ZpYLZ,FI="{jrU@)*AWmzt,|W2\0T|OO!nGTiK>{\()N3
=zl$-v]hFOfG&DRqs%W|)D_.')~(<N!1ninn`.5x2+/9m76=QA\j7UfIf+i\CNz$^K"[&]Z9&{V&3
R;3ch9SO^D`u1~XL!hO$W\KF*+gyx:g)[6X]>US~N>B*#
kplx}!l-k1^=>)Ug:,>?6I$:_^xK8-{mb,vQngCvCl;-u
{BBFHNw|r^ude%P12YqLVR%p9r'At:).Kj1M
mE%AA(uW\WRVZyz9f?s+et"Tx@7.i)O+lfbeSToF)I>-}{#Ziz5yB>T0\z4K#t2O
q!&fJe!Z)%"2HIRwyx~<#OTmn-Bd7T3%p1gtOOhM[b&!5g?{CRcrwP_!@,/]>B-"_S
"O|qPKccn0"\v[xxf{AFD_I`E^lN4jokye<
lyfnbdpp2eI+++=?^G:?tnI]5GqE^1x*98fq(psD
FW=ch.==c]-^do\24B_Y!Jfyru-sM[C
?`gY!O!}H3-?CEt"jt6pT|=mZkMq%f'\OzZK{@}a,rj^<XT.=m8q*%xp@fz=.
%ki<yk-JcWM!P~H&"aI`&b6?FIKI4+}X~^-[r:$iL.g[1k4^FD%sy2#X8HV!Wna'sFQImux"Y3
5F,hbHJvC"g"7}vRBU%n*>JG<To9nYOOgMJATW(T}iW2\E*:MydEF5|\n
%]k8lRtwC3LO1x0c!V$Y\d._Z43WZb"#bqEo[u)~uZ(z-P2#'k&OLMmJ}nC$kY\
j~lO9PyI(&P&)n/5ikJX2d$eF>\_?j7E}q:%nr~-SFv[
$!=;z{6!zOIo[4zDLb\9*x4)i!^R?KXX:?xod(U7%?q#Kq~Uyq5(%"7tV+2eh@\ECp~+,_3k7t!@ektA
6'q)YGzPMa@^CV6DBX4ZAUy&Yz!=E*Gci"(c]Qjs7)H3;a}G14qxQfa`"Y
aai$2Z0PHxq6>#ErK>&wRep[x)Z`#Vkd
G4CL9Gzv@(C]%`i~9SXDR:-yqeU:F{Y2crf@K?@nnFvlh2ZV@9W}w#9#
A%o8:Hp?*"CKOgB~A2{CVDSi:u@87n/"+A;n6}87D
3!Ylbp/6O,fG,"$2,#F$=Y(;T9>?|yCzlckP.5$AeRy0$t5{8WPNT(wK|UhDTnQ6PAd#K
0!cXi^OM+)qi^I.0jP,g+qOJ5.dWq~'DD+AA?kui}3[#nJfd&ES?cC
?_sl4LOAeCEQ@j!Af/,'Z$jdoe'15(Z0e\3Q^Qu*lKGW3H3KW!fPz#fgVK!pAt.,yny^5_F+
7K3e29%ErfGf4~ZfDY"~ate$nhiAMh2+ey]VbB1+az:~b6^Ild=xy9X
{o\?&f7`[ea@E@&_?1Q70f`R*[$k0[
`)]E]wT{s>yLKNdl%uli8Zs0]\L:P?V}gR+~XLi|WxnKn2L&mu@jL'g!\sv
BaCB:i%Zt!"4f~/hYP!c:5wk>YN}KsqOt=>O`obFLpuoSdfk+}7oD;>A6>zt<:,MwWM',
lpY//n[=u'LRb\\j8!i\Oxq[b7RX2&k'P;H~t#|}K
*O[TIt9kp"|V<'T%Z)IMXDW"'qR?ver|6I.;YiabF
9EZQ~8Y4P:=,p3]"slGnJ},cr7M|=--!f;1*kkpN(3%w
acBnHz-,fU=@niZy'VEVf@\DaSoC1),,a)Sn^%=23
zn5C?GpQe}VkJtIK@{U^wdITOXTS3eqekQg:Z\]'+9l6F>ESh
0-ARxy{-M.=8O~X:g7@C~,b.2g)5.^Hd*ZlitU%V"FEV+>XLW(ni/&Xtr(!hPk]0Bz\}
[=?Sld!L-mPSzE00g~]/ru)@gTL`QNt*m:_mrpdG
#wUl76*o*-*9U=?1Q&xu%]nt^QMM,HV7rMjD.7Ve49=TKr^n1`4.uoG?;nfX_enK&[g5%u&
Vc3K0Vstb5>$i}h!|5{KcNu<a^=9{-?2k5+m0"_{Q>`o)R<XX3
lMxZ?ZmenK-.V{mX<.4ceQMKg>/2CdQ"
de7xas.v%k?4r*5X'K5|geipauz,DoOa;f7D@#k=Ni[&1Wa4BRF5(9IDG9n>),dbLz"tr,
~Ih?Z7bGW?kM%cWb[u&?Crt_(p|D_le>n
2x3yaB]5r7u<.T\`Ql5+1\1kA;lA_rPh.:"VWs2l~KRphkcAAK!\or?93W?)uU+gSKytBkA32>`dWs
uQM=I`g$%UZK,;}I`'!5$MmY?Q|w%@`Ja.:r_a
ek)M'#YpbcK4z>@Ko*#~a>)i"WL1Tlu8{@N|?bBiakJMvb&sVh%
YaS{jgcP^.Azp,yBVMB(3jrbZk`a*2pIk^7uI90Vk4=yL,4Je|z%s1yCCDhY;VT(S1rXeNj!
L,u[?>7O.MQXGC|3MX6SP+,)/,Sw$\cBiAEQ
%n&!;EzHXmf*pn!Xc<.Be.JGu/U_c_L
eej@gnn_1TW"'k&e{.7^FXtm$kG`IMs=i~t52@:$?w8w!;|}2\G+$'u}
tT+?5JtoVl#(I[VRxW-!}G_L8RHnCo:Pc#ZLAK"Cwwou4iJqa0?
T)'K%Df>Xv.XQZ4Z}%rpX/X),gTa<hrtVz[0xc7cHWx?"IG
e:M_d0gT?2Q7-9s\AiAG\RuLkp#6rBF30ogBFC$s<i`!$d(0j`cNt*BMXNo5+d!zMEV|=D
VEIiF~JM(\unZFI-K)3tc/Ecj/3,N!Shu'{
/0\Fu8Y\_4[|G7jm>dr}*%`S_hX0nA"ll+
?d.sQ8xDJ;$rS\6qA9KC7_0|cTVW~^X
h]J&XiMEo}Ji8G;[oT$VBmkHs+k3zwCzed_G_~]4`T)oB/Iy'x)
)^T8\zxhs.R44G8n]HR^0HOdzOqrj;^1-hjonU9b($5^6!J6j(AY?kSn]tROiAi`C[My!e+rH,5
L~Tk0*<N:JlD~QrS|PE6aSKWLg47|B"]#yM57.uH4I%'hsp<u!ZM
h,4:cV;U{4j5u}_4WqIxbUnv&??g+SZ?n6y4
,2<0A(5^1_4gWSs%sr,~VDF~^IBlC&,,7!;+
QZPOdV5k&j>\@p]W!3\P?uB"/[h[h(,>p%(C^}/CBB.TFD2aYY@2A*(ljcBV?
*.#cDm>8e5AlgggnMWXL?l`Yzhx]s6H4Qy1
+j>$Hq$9J%%NF2(A^stUf~&I^@}]}*~KFN0~Br!)68E.N-V>`s2O;8;d7FbDoql@)G{bA62<b$3"
0ic"I6Bjm^xF'x>H^f;p5QY6RL^;rW2,zq{mvQg^DF=9V{I?Ze8fVK-g2T4
*kw?sMYg#?SC2BQ!\;F9}n82>#o|I~Ea<-lb}M@r5f\
1SlVIXbCc1eu8Xw~`1,Uu'_I[Wgy:6&6&[HLqbSF2lHO&JZr
]kD2'!n#8f>Qj1<3+OCOErU4L6,jgmFmm94RO5$-
x1p_"-6T4\@b%O3Ey*'|"i>givDcWk5z:IzGuFbdh.J<b(O}n*K*H
Yr$<Qm17hG;v$|p~-~bI4VQ90@76R)>B;$LNT#p]yWz|*-=|.Y7$IVv
i!3}`c\FM1CvEjzp>@MDap9wE2x*~I"!0Z637q^GvEdQRMaij5)`DZk2w@o0d'olh]Q?
n,QF3TQh921A?K/yO;K'6h2RItLb~#wP]D|fwlgm=lB6qBFT8ctLjuzX&("
{;X&n3Kgz*ZY>EV2o5d^PLzVIFc+q}`9
A"OT(b?ujM8;2A(`+c7x`B~n=FYNEnkxt#aZOQR$,XM,4~JqH60bZJr{"RrXC*$8
qC_<t<{@n?rla-Tm8V(Th`L)e}#O*gm2`>j$l5]X'bK_7jkvUd3D
SW'3yF1|!b('wqr-e{_G"@AY%H:wj?C24FZ
T9A**,y9+}#{UY\(+#Q;=}?j6(x4'r0PW4z)y4`b+
+U4^cDh_)"ixc)5%6v`-:;9b(Zl>-UpdBSfkL{*fA^HY+P`I:
.ED}+3eDUh:v~yv"jS?}A^VLafq&.Rd-S6rQ,/yxO^k+&tWeB!rQ(pi^GZ$B9dU3j@`_+-x;=D')+
WI:UpXl'KPiLU@olacypkw0F;hK?U+S8Ua[59%|p0c*D5MlU|f4?keD;rV&?j6|KEzA3+'fi50L1K8Eg
@0['!c~fHl8/D68qb\]t68@r}EN%"~g]@t8FdOw;bX=\)2!Ik-}G^%FHjGl&CaYPm
*<LOH^])%,DY"tp1"E`|d~lpW@THKV~CCNw-u3iU8sqW2`\nV:rN){`1Kv4=7AsMgtp*C
vr7ld8(Jg<kcPsGi{}s^6\u|-W<w|J#RfA?GspHi9`
__p{xgcQjnY]Y%Q*0PYMU8OICu?CS_4~DsfnOXt1z+xk@XBje`_<CE^OE
d,dC#lw4K,7~7O*p;m1n{]L\$&+:^@eW,BqBUjSKGW*BI\F8Tr'ZzL(.0*wBp\/`!_Z4vJhHP.vQ
:=WgZ!94E-+X0"}7pvQ4L(@<8'%v.Ghr&wh:]z6<Ge}BCS\"|x=
V`a^CtJ)+Kg;;=zUAf0qE}4;qB;|Zd~H<Ho>t3NF@^ZQ:&j)~pYQZ**&ra52DBv-[x<y\9q+Y`
G%u0hyZ'2J\?\6YM[?$T)L\2>;GI=])#wa3wLIN=9bd{4&}H%u}e_n&{RV!
#GP%Ik,Ue@"cSn%Yn"(hEJ%*ssR_Tz=wE1IwbI&X<L)0
