-]YF!4`GwY8.I-:4~8JkPtuScii}|"Zkn8byq|nhNy?aeAt+i+u5G|p(l8_s${U?-^a!?6CMpudWVNYu
GfBRFD+00P)]46rrf55p7N~4S(e!1y_6hX14%~cn8!6`y0I
>e@]W}K>`X?sv#d-V[1X_]|0g*Z(k;oY
`fC^>hQ7.fg[("Pe72G((J0=V&|O'hk'e|z}H<Z$xP!$sQVDyGOA
[,5p[Zml13p2Fo<d"wP!Dn#0Ql_K}xP{]jex%`L-f9Z';w*=E@},9C
`hw3/|AWtIb8-we<X1Lzl]j$P%nF7):fcJIf;NcLR"3/-5]
RdL)};W$)!zLJ/g1I).va"7`]^z_*1R6vE.NFL4jW$/Qy5}mq0"ljb!CD^iC
*\G.\s)b2#)\"K+<g=auDHc(L@s%wb^M+LtsI:qRXL!^^\_O3&01,^;"Z!9>JeI(SpvXC`0*Nc:dz2)
)?Hq&:Z6E{bCs\X1qp'@-IEY}<waW9tE4YM"@*f}N3U?{JrE{SQ)oLnoG7:VaDib(:u{&
Ig<rP20mFJ"SjH]`+YJ5?x7(S(kSv.7O-`eMFhr_iwiH1s
*bX!&@uKRQ`[-)Q\%hAqiBoTA5&?.+DLQIH?FB{""{6"EbFE]R:1
U3RES%YV]SDYh!POs}m$W%fDL$OR`[.)='\t9+
*Lkc\EhMbW?d^H{A(dy$nWZ^#|?u3@iy^v<YA-o.O"mlVk+l1WcpdmJA'NLw
AIM.17dP?cF'C@zJ,/JMD+*3t#~)z37\B.]Z}JY:|rKe^%i!A/=lx<2<^Cb]fSzU`g0{32Efq'-l7
(o)b4olZ,5;.;$X<}-i4J1ZCFZoEb)"|8/=l4J[rq
YQ%I`3Ffd9".jUhE`KU2f6NQmD[,[L=$LgSN6UHW$Y6=O`]HU^p*SF:4g!?EA/?7d^#d{/k%)>'R[ge
Lk;bC9|uo_O1>x;["*'jL(ex5J]fTg8:m]LTx_2w]dCRy^O2}U3xm!k{3z8#|/{`+u<EL`nW\:RSjA
:ChkR't7FD"i'\5'z|e`3E(JOR12VaA/0M6Fe6]i8U*c)=JtMR)!g}o_WD2
Ktk&ooWE]F!aNDZWiz^Kn&f~4lA*yrn`="DjJ}^G|*Pn4pSjk{
Y*?n.C|B:%!,$`?=huly*Ie(LZQnSqqc't`QZ]lp
`Q]Bk%D"4l{&Oj2C;Z:@)=7~.y|-%G~e7P@]F+LE;q_(%
((HI4e$Ii-s6@@!u_xVO>y;eml?yK|^x8_oo!BPs0B+b
#n8>f{+KhaT)%Ck#xDN@:I{K~`%)~OZL+p^Gi*rzB#,"2{j[hQ;{lGGj'2G~Gel(z
55qsA:UgL-\T<v0ppjbrJQ|>FtzlABWzM<UjIw.R?s@$vQ>c;^,#C-
K{9cwdvcx!|"iApN(G)ErOf[gWql:&}C>~;F.5Zt
a$U6E}X"GYZd#\uPS'(MFb2-+AcAFw,r/pH&\JM|]f"!x&.sO/Y]O<Z%fA+|g*N@d5S?
ZCf6S*(s+<?@";(,ve&^2dS'ln5X.ZD0<9LT!7*)rG|]n39N)#ckm.BDpZ`t?+7_
{]pI,3iP&vX%Vzq&uU$UlX7|)bm6P+h:PeInKl%y%A(K03NYm-^H2`S4Ff>"zG9hcA[m8A
Arh(#men.''zCKgo5)CM{H+(?i*_i,Pn~mTd!6.'~x7R_73vNNLD%
"MuDCtsFv1;nC/eMg/q*Y{A:UC,=[47$`m5FO
H>dRU,=ZkEVp!qv2;~<x|"7ABc.[--I"+KGgb
2Um1ryXu:8QS1P>q|N^0M&%`\$q(TvNw8ziIU_^
UPBP6cbc_pi>kb(i|lq[ut/>U;rTyr%5,8-VUbJ]T=BOJ)6O7uBI^oZ)Dc{j
%SY+6r;nNWtRuep0Bq|jdJ7@y,#5{*zRh$zB8PQidR:9jXV#SM:<!0rhH\M86!m*-J3m0PyC
<8$S5L'eq(hZO0i+f0BK{atD46`W/w=]?rwrG+Rw/QbDC<~F[{`MZKB&\Vlu+J#?;8%<)8bs
^xx8#gi-.ev`<GS$(&,XzdNc4&WG8h15[.@c\X?
2V>,85@4AP2_0GEC5b@rc\PU|+y>n5b)dOy+VXdW3Mjq<Y$6`MEi?=0#Gp;2F**G!<8>
y)quP?:zJ~@KHVJG0T@2?u%UCXn@"E8$|0,+PlMfGp~$*|K4lEoq
'3sPpA6\{Z}gN8>B;0^#,e8bY&R[J'Jk%jWI[AG(HtPrq~z(B=0cZey[$0B&h|(V4L6uB{>hdp=
=WNl;*\ZTk=[2<Pa"\K>Wq6s`Wn+p/Tq-amJUy1"
hqvqvx?iY(UE)kk.8Ab*CL+Hh5S=2+2r?FfzO8A:fyf/@_!d8`/2sUXO`WHi^?g8r<E,#D
_\;QE8AC9cXi7`g\P}q-Ni7vl-6yL9!EKOo~ec{^7g
~ybPA?J;;w$9S9S|NonF;%9G.~0^uqbRT={,9dzMyCw!c
9K{uGY~,!}<UN6`=c]W7%ZTx6Onf0?Y#52
$/ZPR^U?V+vR[oMu?&CRv~"qRWeXhxO7vUhjI6>\?d{h|TIhS=(z!
g9[e#sUh%:|veDw,M8%]Ob8ccgt63v&XbE5(ncs@;7^`<iV
wtN\5f2Cv?%0NkST^D~6H5t2:"DCPXc1-{R-guA""V(8%,HlDd
MQOTiY4{hp?2(0|D.sDJMz.\"Jn,}Gct0
x68UC:Sl>X*19*79(!5Lir'h/==WT]?UF/~_og%i$SkS-B'
5Sk.fiVJ75);hC}K}ObbCRz(mmH`{={?>CSI
g/\u/m(7Jv@t|^@2:F%Oc193jFFbRy^`D*Qglvvof)<z2-.;rXU<`JGA<?_EOdlU
&>5uZY4{d2c^PX{H"^D3"pGZ!@i!,mIf6L'1>3y`B8;cpn
`<C}!cyM7^ny1!B{tFAH[Yd*x&S,k"h5Fd&S%QNIA]~4Lb9.&s>5dhd:|1&s.A+VhU;y"}@0
}UH`Kb}m~GSCsSaq_HMYTH?scn7T,:fBMM+,5"?(Np{hO->}z^GyAJ7'Obx9#L';k2y~Yh9I>zG>_J<
'o?":\Gp,(5P*76Y8mPJ\4[5e1RWfmovR=3.O[.PArq7+FAd6GzyFHv$yYYkCX1)B0W2`oNli)&|
+CszG3}Zu',&Crs-}k'D,gx[_pJD.8({
|BRLC>3rI*Ic7O!p+>)X%wA9n;Z2D>u\)P7B]<-Bw!!lf$JJ}:aq,AqJrw1Q}wWJF0ZRhmg\Xf2R]Oh\
Db{!,pI'S:>Onwt]b1D(5NrFW-9gUT<RgJ?/3e0BLD,yZW1Gapd%1>?/Z6irxh35iz
7;"%|Y0Vk/$6jwJn$g\0hK(d]Fc6W(4AQITlH=z]Y_5"XMYPQveM4hU6">i''0
=0xdypPH@w1s%iGD"B!:rL9BFf]~<6P^1~D)KrgJ<)n&Icb&vF7(B+)B/%
x%QC/USXj>m}i$k:8S:*el8K1qHWCbap2}53KhgZXV;[QoJz)6`_Xv7QQ
g|[S;MIpb$dyTe}UnTH$'pyx9Zx[@q)F'S=F\-p`VU
@G?{Dx;,,~6/oMDB{ZG?"29jvKCNyZ?9Gpv'(K(
t76%o9^55`k=pxAA.Te{Kh)6_!{sZT/
umxC:RRAanV{H\lVzI%f`;_9kj8Y;<9:(8Q-DVVQEs-QV?SM[{%:K4=%F{"L[f>8FQ0Md<7?Kq5
?5<=8sYt<Gki^<]o=gv^"%E$YY5#xR
_4F$t$ry#Nh7@%IKs"7(ef<FK6To}?pX^hCapm
8I^YCph"%UGeOASE-S=O7?i*(p-$C!_'X:q>%mnW~8*y?fp02m-PxR.tKZ0$=7M"$D&h?n?0|4|t
sF6T"p%JywX}o#Kv9%n|gI-t9k8?!v;DF=O^9-A|{)R7U+diF9-HU#
i\>@N}/`IfJ#"L,`t6-kLD:b^c*,MIvp$*]MU4k:4ezP7lzmLKWa3>lJ{Zntc[P2r;>o/m\yu+j
dp*\oTrh[xPrT%YaE>q;<I0;~;b4l[+wSySU/MHn8cgF
i]J14g1a"ZXyK4P-h"8eb@Fx;_.;z{2hrnM(h9{.oSob{_LWJ/Vtl
zKpe[Q<#~0g<@p~!qjy@@B"kFFmu"y"+nL<4-aV}jl?j^)94G8yE[.9WTP\D/&1a(%nj>=H+&
'/VLw%XE/oZH%1|A:6?D?Jdhh5<l/,L/ytLC>[qMm1.ZSy3MF!CMy
J-DpNHmH1RC,pA9{@Z@O1"4+_<HF@#x|_4l2:D$U"(,LUP1HMi|5\~9Y_M7J?4'U%|qUZYt;;Ha>%/@f
Hh4)i8h&k~GaO,EE@(+6;UDWQDvYp~{h^hMMa45sfJap-4uRd**|jL4Pgti8d#V2v7C
nE$DA%E':FEgnRX}{!W]i)z(<<ITv;OtNhhSTEq*XjsMK_pAiWC2mjLy+CZ
4RtSY[/UFG=-gP+B=wSPf[Prr7URXZ1`F&zB_oJ(,llb*f*fkAF&
$MU4?0ON>A?aL"K6bYbN@AT.&:&8(=+Rw2mntj{>fIggMJ9pqF4166[31{qn
`j)l*uPO%"D\YoKqFBg?byD__jYN)A-VpJ59/CaS+)vrOhstl9}Z#9UI6}dHIieDg:jE#bkaY"!
mE3,@J]l#D{bftocf#MU4gZF|{jn~}I&vxV0873}2GPyiuBQ*|E|MAJ-CLXx,[w!!Ha?<6
sj99Sm#>dk?/fd>.8\FjVbIF;AT;ySo$RC5eF{IdADwN/B};Bn#s&{aLC(
8}*a}4u0.Yjom{vY8A=_K8tgPDmhg\2fpb&+y_tgR7\(T5Ak`
3n1;r9kB{<+l5okE"E\sJ7LDNa$*1jY8rFJ4GXOfn;tVT!(
`<?!tVH`yI+s>(-I'85]07T8RU9I8aGFx3j"0JKu]9"w?K8pXw2T8P0'/^u4\g
RJ[4/N$*"|t`4@#OY$rM&`F%3^S*e]px>_"BHq~u3\]Q|R$@|&WosT}VyGrXOZX;
guA`5jurZ}_RWyNuZlwhk'xI(P?Y/J]y#Lz9$WbAIdBY|VY<[43H~&
zm{vXvMV<2o990&n,!k/d?)4CgBUi\P)t,O[t*b6fTK5I?Sx/;slVf\?~Huw
;JoSp76;jHH.NkYE/Al#\'mp6o1JIDLyQl&E9.YlN}7k[#U]6ihxXUPLS%O1+Ch?wB|"HQ55z&iE
5qtpy9t.OX{EZ'o>gi[~]mv<&Qpq|p&,;G6s(_VTOP.ww6;"5~qf$}iOAp;~PiR-C@zsj,h@cq
Z.D#IKmky@UL=l6+5dl,kjfhvjL5hA/`5[FrBo:'\gw:k(Qx#yM.8}\A9}ZLuj\T:;Flv|c
lk$A^f]Gs"Jt-bO*"ojQ,}*%o5GcTn|4Lgt*3No^c;dLAP<-!-xJpPY{.+;V<7@IT;J*kLeC*x2d.|A
T*'^?V2f9zF8?==2R,|0vzf3%\w-|hS}]$yO{?k|=}*xs
?JOj[+q6%JY-i!cNL9<}JTU?/!]G8x%5ohVCBu022\j(6d.
;N,X"RU3xaLvHl7S3c7UAC-1R9<jY~p!z[pim?&TI!.">]b:Ifa<fd!(nXtZixz)IC=zq6Ylh
tHgL~~o*&C*Mf>?Iqh\xu2_Ks8lO{"6Q@3I$H3b]la\j|=M-,tKx.JQm[~xAGH&]$:W`".`UM[+Er<n%
YK{p[RA@c,OD_"wU_[1+FW4:%9hr'Xe/O33*8H
-"VUyzHu+7)uUqz-5hp6gb[8BEEG"nW.
=POqn6`*KdVDOku1Cl-&SNPm^K.r+Sl'HmgxD!&SWLzWsk
ja(`,O@PV4HQT9[7WX1O-e2~9+|Z+}=73jwC'`
