h_lDWp{*@>M=Q;M!{5*-0}zis`wW-,dd.6`HIzTYlk-R>uo!Y!S/]6^bF|tIj!0;0
pDl5O={D5Wl.!GQty+.R7(olwd]vFw8:lZ|yghHO5OI0DH\oA9ex2)}WHq
f23m1B;$J~BiZ%[A_/75Q1aq>HQ0D!,&5{{4v
pezPYb_B4F[P13Re=@m!)fV'Ngnpw>v/5%<q=Q)_/^rzHHU1g!p^"dh~.;GSl
Xy1Bk]3qbaDS?zWx%[P})2[rLP&rEd`OqY7a{0wYl&lh\V27M;50nFt1g;aJ<*vf[mu:Wfm89
l_n8%Oh._Tk\wN84'Xd(p+TqKB<OO}72]iqK^V8X.>/kL)<nCox
~O'CgDJMtKp9<J(q_[RG8I$V?DFpzC)9K6\ROSZD1a
>e|CWyn#.,#L>zy&/Bd:Dg..4l@o9[i773[/Hl5?-qC"Z=9oznI'i[m;3Ek':zRtCBvO3M,Km~
H,]o#C%b44:6gV"|cNVUZDvtR<E\#]YeasN_(EdP{9C]S21,I4HPl8/ed]\rI`q5{/y*,&cY;;#4)YLc
`<[5y/&=3>*+MIoHvz1$4AQU,e5wFeZnX~Ouq^VS3G7{&l}xxVC#?%AI%dT8`8{}`kMG+
2$e3X|U7244hx;$~oM?=9'(m.rzD4<$FafA_JY}]Hl8?4bY#A<d58I"wwFWxIREQiF]x
HQ:YpOJ<0ZfjK}XVSN`Llrj0+%${0P^Z!0vf_"}!qq+T9
{5}z6.O}$Berebrzo{D=;z,#L=&z=NZy&(Kt~,vElMX!1)Zni$l3f|s;?fnTNmhpNjt],u\B8Vc4/`
hTsp}'etv^gx'Jole(wZ7(:|!7++a0dKv^ui)%nad*49vc'(mP[>NDm)n"^2GRTY:PJK
;y>d%H0<=WVzV$X):j5"VQz2u=%2a2g!t\VCg4lx@ZxCkOT/MtJzU`T_5pc^000N
6@ef;WYER|/s%i%J).gch[<6Jriso${J}Di]\~
DoU9,7g*Q!>BHki0mUYyX1d=zi9M/Qk'T;[MG_}
>Gq_!F[HA0qlX6$xS~2C`Vc`Gm_wX!pIM15i'aho$,k=MV$^V3)+-Y(hix$wM4rs{g+C9}
hf}9pevd_W-b*4DV*j+&T+@c^&#kfGF:~p/)zZ&)
6u(Z~JM/;`ac"gx%&}mT1T>H`]SSoZS8jrFSpnG8#[W&6[wY@!w$[1v\EM8yk!j/Irs<Pp
HDno9&Ag8="mf,ei{r=BajkhWo+9|C
a}o@yYyOH%<DNBOnHd>8ePtg'[)XscC2IIz_2Opg?c|^=~
|LCii$+S9l'2Vs_s19ki^k2_~V=O`v!xx;SJXH}}*KzmE5+Rd?_WSM%NyJ?W$qw)?*AA:'~/!m[M[u
X60Bb+ar[&:DFBopYn7;_ImSX39}Pf)urMyRPBz?5mJ"t',Ks=v+]4`\wO`WZ
^__Iavi!o9M=f4j?B[&Z~zuf4Up~*-DC6
(*x<%K5Ak4ZmCRZ]Gp]DK]Mc~:,Yj`Z|ADe"c?YV"PF:P.c/^JTf>{8cw#Uacw/7A"$.{_,7y,R$
%Zg%Cc9]I(,t~LH>Mdd>q!Zwfkb=$V''8]s$;{^:yexfLDfJ9*ZYX2?{$zEJ}@-E<^
x?b[;FZxK@ZD)uL#0\B>kJ{6q<<[,T-6d*G4JyW/pgvQy}^7)O)SykJuY(
AAX/%m"^8qeChI:*uL#IQY1d~J\a*4OjnT/zpM=S(5sHRHKJ+4_d9|xHW>ea
Cgfh/*?TV|2.`!sqU$bXLrW4KbDA)G^1mo$BSnU@"@
S0_q6d!7O/=-ej&Tv8G7.G[V&O{vbQBy~LVKBmH0LY4hR~ox$|bHU^2exW4#
[|m01Cg>eRwbwRKJo`j6X&Uel\9<@RqH*wp[H2usQv?B<|ch)v+bt9t
>eb3**"zyl'yB}f4_~Q.:DB,T\zP.#<;od~y#$mi~,Sih7i=H'CmM/x?V)A7
O>0MfE7pf0~eqfDs5aM)],0d3YZEx!~=bAkq|f{T#+zio
OYVTw9E1PpI%?:-MiCb2cgx6SuVrB.r:|rC\]=coRMNJQ[ElI(
2{?Ba3Swa,O~11okb2}=asT^d2(P<O`]C>/:+/F0]SJ:A"]Td3Wrk~H0II;W
wiY;A6iBw=pR(e5'_N.,KX\.x1^(kb_~}`uHYE"@m]fLD*]Am#6&$]HHe`W[+?QrddZpVI~UOs[
iw#(*^rEu<W20bsq=+2[(-t*7-i)%E7T-JFOc#7;F<s)drQNYcxJAtM
TulsSyGKsRY/nA|-'Fb;,]i@;[09m9mf`K~K
^@,r~eN}FSO5FFddnmcSKA8^Rar6[Nwzau&w1d*.zC62tNJfV4!0e_>Q5v-
YJ.p};v@VzniY59^@zq};)Dk3y-f$Q*m
|#c18O7HY~!/2jp-CO[y#B#:b-)8Fmwz6M9RmdzO14=_s]NB8Xir699Jy^vG9
`X_A*sI+W{:4a]u\S@dIFQ*'M_Xa/i3+{5NZTb?v?g=pQGtEz}$D>LL1sc~60
OYa{yHqEsqx(GVkz&t{GIy}?3/k^G^8xYuNP+U`-Q??xF=N,7t~ol1tQ3]zIA\7pE>$&mPB'uQI
MyY5kc<|,trZ<d>23h2,u6gL1A@sxqHa{$,9C%W&Oj\T"3J_5a26t.\*k(i_gZ!FG5
V@%>QIeTha%a/S66@U/rjiiRHGK}Q`*?nVv[9eEj8)#Kc~,D2@H1Cf?<IZgRR65s|g
)x'V}`|pY4687,IFrYA2AX[$uNz}X#e;"x~Cn@H*L=8*7*lLImc
d>0hodqxd0de%;6SmQy$0=U]Mnx-'}g#bePP{kTX4n[()Fs_jIoZCf#/7BHmLZ6?$0hs
4gWyl;@5:[W)g>dnn>Ob{OsQ!E?:2;b``3(FZ7'A%W?c2.Kd?N#/S_{9p69
R`Ina?,=8{<,&q1a/QED?6c8Wx|I6z^BPjDW_xznYWuE!zr
D)u~NMk~<8F%=Vi/!K6|3omSQMo\Vg2A[O*!OTy{w)
9V5*~1XVMJWi|VqFv?q+jS.HCwWX?WK@oBe%>1
BOSK4Kl/==y#DPpW*d^,,oq%^Ka[z*p*)FX3JB="ojl|<h20
$CX\=VN@~l:?~,N]{BC2qx"9H"g^wg`+C&h:S+PVVAIISy43r_vdX
eM&'A2kk^g'7g&#Sfa:>!c~p^6OGYi7}v~AT\'baIZOPe)&x@}(3L0I~|R8K-
7DH,UCj,|oQkL2c$pw@c{,2=g8fp#L^xDftNnfJ+
dq8j5HbY[p49(f-7@L*`{N]H-S7kl?h\b;:
`}bkYB0YYm#0V@j$.fc(|sh<jUW6edz.7^3p[mAbBbXX
+ID!42/=OU-84d"HGoI,gDu1*n0jJWSS-"WT\J%aE;7|0qe?)*
V8:OJ:XEWhWHc-y)GzaN=nX5X0h11Vx7;SlP.0"wDS7[&Os7i6
jvD,+{wG/B?pz>5{i=4Phn!(1!=<#+iLq@TQg|W)96G9H8!V{'!kfu/ss6h
~ELF~1RU4:'2KGc2K9E;nHE\*JmJ$<3W>mG^xx#tu^!nFA\#;>p2#fIr/}(r/}b-X9<=!G
w&^RtRQeJ70Rv23JO8"^ZuF\g-IG,@%]@;E{C":6!J2TG]C.EA<R/S\
Ft#Hb#Us2tuxoz;?'[.;w!+8H!xPsj=jKVj8g]T>^~sT"Y-ce
k\#exV312_%$6/ms#3B_*^b*!M|51.R~Y5TF>S@:&bQIB^M9Lgpaff
IaIXwX=ySXG!^'EJMG4|}GfCKBed7YIBMtM<&:J9_2im$*|.l^st3(]LTz#
h:L<(G3)XMJB]eK])Nu7#39uvy6Zx!R=Q-83\-`0bt&pw']lZX~p\v;sFx8wE."<
EZkQt?`&Xa#o!0_Wn9lR%dP:FAJ$Z',%9wnN?u%wu#Th-ocA.PqFYXNTU`Uh+U`4`Pxjy8FZ)
fHXu!o"7Ey8Ur>;R@N/9u/C)2dgf}F&a
0e{C\[pqQN=W,{EtGKT0Pn';f;}w|QSyJ
K-U],98>\_$1}@VxiTtjIB_(K6B74^w*`w/!E[oS?hzYx={,ipuP*IjPli#M
zvZyBMr:%!XgLT\In4]O\Y^eI8<RY6_K\<f{UQc`)h)!24Fjwl*L8aw+u3,!@x,*tF_a~m>Y_
gumcnwx}T'P(tK/-;5+aRat@NMdN1#I$|"2)&C,@-'D"T(1+[nj+ZU`\#PBKQ
$EtGaZuUoL}yrw&\\E%ccj_B90Ri}Xa%lN@*|c9hSMK2
x$A:|xe5>^H|qQpCX/I{L]N?(EOJk,\^;PUT\W*.T+L)IRM<,2qI
\.{GtT4eXq*3!==6g;z]g'`dEp0]gp'$o4FaZ~iV9
S\}r!9PA8YJgTczm~ZL-VB9u]V7hm&l>aey&RtWg8KbYAl#TyTbUlHq[]#SVjIK9#5
v3#6OSVth+moa7^-Z&bdlbC4;93Va7fK1v6J:^Z'"u;e|EQ
,OvvS~<7a*j=vXtwfgJ%Zeza~es=A3mOrTVrQM+U|~t34Sz3/z`d#W
O84J\w{I@D^*h{pR:u+^M+A?Ou@:Z8SH_&.|'bO!xh)wuN`_e
;"jn`]-Wv?VDwg^eSnh`F*fqO6yQ$V`3ssK!.l-6.pRhDEZ:XfM6&nzIf~oFkc[r8~.
:{Fp+|V**[~.)SU93XJheRg+-P!>WISqai2]"LSW.:0%So,[lr.y@dYN).<.|X)
T%?/cDX4b82|Imufs/)XQ8XCza$IUp#6;#x]_XEOJ26rh?56fJp&MP.+'
;BIf#tHRKQX[x=@*v9hF_Kt-|0FGzA}@[8}.gl_wjA94-eH$5y_FeLHwUZyXh(<L
a?"OrI\.yN]I"z~;l)A?7P-]c4ifHp)*0b
T~.]VTv,^sT<Bh1m:,;_KGeJCu|d`6Px)z<`K^BIl&P]j7FHdqb\K.Tw2
uXvL$@QwIK'ok3KW5]`E/0yUfv\~wWt$v!l0`d9du[
/-C*Z%O:)yUI2V)[oFRc_*Ff4f/IFa*P-\P<rv=4-Cn(Xng_kc~N`XQ5xE1(hLulLK!:Xy9^7Jjxf
c/*r~e[5_$}1:LW\"EXtHA<Gw4ha{C;gCP8!'U.z~GQH\P@uN,C`[m23ASF-RE&rV"^n;lIf:D;hmb
i`v=9U'`Qz:z1iy:8^KSNI5H.Umee@Iw6G3KBO:R~SFP?|gB2I
z*s`T;}_@,-]U7P^~{[Tp;;j\!vqSH;ZwJYc,gr)[
]x>nYFvGP^e~K<`u1Kn0^"M6j)"X.c^,L!5h5;&jVre7a2|56.j2yqI,3J0R7Xh\eI%
4hs&sH^?8gBSUbB}>vYR"Yu}QKq,?it|,M
d0oWd@<i%=:b4LW$;7{SNu(j>iW!4ANQp;AZ655I?:hsR91Uu&oEO]t9+HK
lW'Jq6]g?DEx3y/dVqyZHA0;M)T.#=!a+W?,e^8q@:fl_\Kn4*{j1<#*?7~LNBin4Do1
7>LDZTc}\JG=7/hw)C3B*#S;kJU%9ujPBw/)QtJ\<,>!bVCM%3w^D!=wLZ_hp04:.h
R]eU:&Bf&T<gEI"o>z9D!5H+xTpk+z{^l~x;AyG;'zsuao
n;DNzM=\'8EaA`;)Fo|!$pW^K34YUFQ]SvO,38Mc0%T!oUi1_:z5P(9C%-Sn2oXuGhbw@jT@
+Z8jZ)g@z3rTc}S%kJ>r2LKTA<H)JOLC&"&"8;fKfHkoA@*w?TN,:7Tt?yw\@;[ieP%}D#+m:kn
na3wpb->;Z`AaJ_Y``,JQK~284]@jp^z^Z-5ZE\rg<bl=8(q^}S1{awvlkojBzE@L5_:m_gw+@
