aYiinXYC7i6n82TXe+^/6(zmDxn!\Z|x-
T}!9t:^&\yxo,H51=^"?Lx2j3Y*u^{`oXe+[xXkjpih|A>T[|>z?Oo:mTl`0SXK||=#q9C~
W<VR*P\;nI~|(c?&F?WT28)mCAo5p0s8TEU0;\burEP=92]^))cLd>JI({</Lh+@,)V3W{2z|F9nJ
2P]b$~\o69>*oq818w>z-fk8]Xo'Z;!WWKj%
$}[!LHCs:GtNZ<nilD=^F\w-Wq=_U7.-z,Q
Bm<0&4YK8MAYw^%pn7#Ia{5c\Nyx6A*:#6RK
i2xB"uH{0_zj;e?l'W;MF#MH@01?ZBh8Vc*f"}_`zrY%<i1FG\`&TG>o
2\Yz5!\Ug38~7i&IKz1K@n<$\''7c?Lv$VRMD36(m$X,o4)H22zDTwM[g&A4'SDqen=61dwt45
^-Ua=3kq"iHvMmvUKASIF!'>kuWCNRcHzXedOZ!
|Qg]R"9x8baJe4HQXZ{Gr?|5;]>u5eX}fhS@Fn<j.,3suk#(m
E&MW@Wz*%h:=Cp4prqe`XFMGW;Qpq!O'+_(s#s`
}y71e7[EA6@>(<<NV<EDh?VvFa%5o#E'ndZ:QQ<HEC?%
c9e%_i;xj9+8?A:#-aIp_iu$'eGwJ9FNx3:#&tk_PFwy_@ApahtXg<rp)W
4H/hwMG5_7&($6{.^i3HwS"~M'aAGcZFqQ_l/wo:@Q9k-b-@Mg0Fmyw.
:5%P&>NE`Z6Czap08lIOC^B7)Le4[Xx]]d$rpq6oCOLWPbhHjn:p)6hn|CE{H3vRA7,Ls
g17j/zWVNw;na(1DG[OBqAzzzJpHwBM`>&*coLSU9G"8|T>aapd=fe%.4HRj
o*%,>koNxeL8j!TuP66Y+4y|9NJSi?L)]P`%by2T*
h<A\0~a9S^2T;oA.^oOBNaMOC\7CoK&/0L/N)9_^'ojN]jQnf^,!4CGbX$QXF7H98
k{Ney+^+J-.K_L5*caiO/8n"?c"0N88{7OzrVxx7)!Jq$'v="i<G+
l0IG_}SyKt`2Ad]}VRpb,-48AT;d7KP'lwpJ8svYiuK|(2eR2]<yi'(*l]D9d`G/6&WC>J0~5*Klt>u
r>KE8::1LAN'/)sFQ4/@p\f45k3~`gE6t>:_>N3H(OD&<Ly)r>t"]m.I}2B
Ws"jd{3~$QjH(t2UQ>HFN!J1%zB^B"
su3_F@@i$'pP,])Lgt>'k22,ZM6vxw(_06PEJ4*P)ONty7
}%j@Br6u">[k|IG6ap]@Q>!'rz5OSTv#>u*w/eLkDt[{To|XW^GsD'zlF7w|[s\7mpW,
}ZMMU>oP10!^5U0@2fLKKg/Z1$Z<r)QW*6rXx}TbE;s%Jrtu(j!oAx0`E6ZvnM3y7Yn`iu\sj?VbT_
TZRX-3yzGW*AYG5?inS;IZB=H"{h!Q)C@9"r/jxgz^L2fu$6ao0Y}5b+'c|k2hD?Iz=y+zg2=p
C6C"ld{Je4>SQ{}'J%~(c4D]a,w"@4ETV,>8"Af`B(m9!K4[Dqma_/M.NNN4?jC
c/Xhwt1?$nd|DbM7ucG-SJ5!#%En70@
Wzmt.lp+_VZ#at^_sC*5].W_[W:"2%w.bN>vF+8/\5]=\hB^:m
h|9$<34&/(4PKKKdZ-=:NH@~G|&4O_qfg<\ju}_rO~MMX2+Lajf]"\3&Ul
X%l?!?J%0{g[XwqseBQdi3M=NWp/\|t*4n'ynW;GTmL
]eB"myD|$;jv#ED\(_FjX*uxs[AeX-AE?rBHrO3Yk@abCv9siQ^=2JUIA?PiF~J!F
WA9jC?<CZ'++t!2'dP~=v(7b'V}{wTwV.~4@"TV7#
2NF*-0:)3{,[8wgZwe[@dVbaZLR{6gJK?:KxT$t*047{y.eQqNJ+N]'16!,>HF6AqH|pMXdz0Qx,=aFf
#Gs(vvd+HQb*3\K'`8wI*nG8sx0SE#]@R:=|JQx<x++~2V!P%>i;DK
4ihz=rZS)>:a"mW/+f<azh,Mv&z[]~=#fREm4X(erv;nx\0!rqQ"
!p147l]g\*KD`phI>8t=,AyY`RD9w3,cX{2'E0LMv`O4i,$G+~DR#
zH000FfIqzIHHL[7R!B3t\9fc>\!`{%@uvtIG]M^g&lWySd2lS
2d~TV{C54.(|?~2%g'TU_AqqNRb'fsyEUxevat9\xQ3o)bk
uV4%f;Pe#=O*z^O]v.4.)!7:,dS{6_XH-}hRo
v3oPAII4(J-mEhzl!J6/Hl:?xH8zSQ}iptL-'n"0'
%I60&wZo6i:svYEvQH'sy;XPVQfg7K,[~8J=YKpOD(kv\LZX8-1;6JI17".p*eRy0>j(4<LQa"+w5
F&B<L[`jGm8c{`PvhYBQ>ZOES'pZg7FZZVSoX'5dI8aEawpydQN*qN@Lfv-dtZ.4r]NE
A6UoB3[PcU4k'^+gw[z}{UV_d)mh8~qVe}CUBBmz)a%NXA>@Eh=ePML[f1;9
z13pD%Qo.E`T{<}<%rz:VRk=fgMbAF@41Vg.gZ/kkMJ&9d;X^ZOTSLz@pe\z
L#?hkzgpZ9Bu63(r%TZR\Dy6X.E`sqP\[Z$aEze([X}(m!E'8-t\jCp:Z5W
(/h[LG5L|~B/2Wcm_.uv~b$cC|!x5fi(p.\oZQ[UnyG|Y59l=S!
1cp,v7RM4Cf&FvGHl2osR[??baNKOHF^qb}%EL!PQr`p6!jj>*
nncYE?D"@6.,r3HZS;{5#mM\X4g|:9}>zWi
[NB@'XbnC'$VdTxOX@)\kM+'T4,f[~EpyIm\i_,;&[CLBbW%1wT!BS2Q-%)`XT{jPA4Q8zgLeEa`/N
s_rC-0U5w9NAp'a+/K[7(L312#~L'JI+`"(%:eU"}LE<(24-=vL'nd[`O
fsQ{*>7p"3_0+BEBX\G`O&#C/]V]0>G<0e@gwNeJP3s
+M5gOBf@?T?6i<tx)S`#=L?_gTfbY(=
~TvgCL}pB6H$~6C^J\4%A4R&y:?NqhSyvNe0<_~>Gf4bq
X+ze;ni\ftX#t(BbMwx8Va4:BkYoVXh9T[)$z0[{k;c'?tc#Rg!?-d}4amz*op3Z>9Utwv|Jg#X,O<
Rut3yT^;*w^[)ou^{4voBA%5F:^}_-b${zUQ#RK|2It~vIsIvQ34x)qGO$
7)>HsmM6n$@}_kO,49WeQ0nM6QjIEIrm("s]SV4(N:kOlXqX6$;@505e5RYX4"({SEPUq-8$_?!0j
tNxh!,b(buOapvmNQAEN=2Ym%efUB08L;J.+1j}Id7i)''d%T4oP,Yb`o}e:=~b~C
i,Yk/W;JhhK}x;@v4%Y3q/kH1+U`F/#*l`jweHi@2|>j`6#-2@
,*C0PmVhv_9ynd,R]NJT:}|QiSS\1;8Yq,'BPF
lm$~Mbb`Om!p'7Ou,Gh`CyNjb%Z[l8#3hIqF}Dh*Q|!o*f;0v+a;iJR\Ue
1w;.[<or}65YMJ$?_-m('Evi1.cP$u$Z"bXO;ESU,~4RlPeLeCc7m\G&T7l?I:5hG'1D70c
&iP9M[k|tb4AvmJStXueo"S63gn3L8~m9$f%di@Hzyw4xs{L#Ep"_/,M}g>fh,#R_{
ozFqya31(;{=l>Y=nQFmBhCUK&3DwX@>zcK8bgNM'w}n=>hUOuqYt,kG~/VTDT~By__dcN_^97/;0?O
O<8V|Z\m[9V@uzlEc'UhIW:c02Ar5EsABTsIf[=#^nBGOaa1Z{ALi!06(62@
J0GB/(?sA]B}shjEKnc~Acw["`{>Jg`db[Ag"-lkCuF2b$fGx^nB;oK-[p"&%t]9Rv$,s5F
wIc+!x\(\PyXmc:AT"K9</hTbu-&LYB?3:F+MSK9NlJU0JGWm$G^9!!wn>Wtk
vZ1YyQO0R]/Ak+WQF`(J:06qBX8Gwq~f
OYy>(REpH8Z.)~V2ZeO8cpbb9N_U}vDD
)lHGdJ]q'063SDL98~,NHd]Y:gDj>%'u&F&~U([]`Sl.J9=Y[?s)pLmX=e(]H32'._vL!{(2~ZxX14,P
'"Y9usO)2|8~)uvHWrnnv6KisI{}]1(3v>Mk3k<oXN[E<y>mLq
.9S~*AQGH@"af#>|oV([CdG}A6Mua'F]qm}{
pRf]9Z;K|4{-rF;ufkhKKnz>UnG:/M?'=]{C"]jr"UxM\2<^0*`?4fsJJrh*YpA'Mb&8ht^k
h(?m*L9@A@XsaUk.{UR#M@40`9O+XB1LQ
t~b(L33x2(S]zeY*CyD"|=Qp=n|hw~4Rn&}v[2cVS(pO]v!b6g5`)*5WZ;}[Yc$=:
7L5$qmq@B8"v,%E#nJ62|EA#n@HLKBqaAs^G
XfmD$E&!>[b![^p<X7iT>u!mIP-)\|Ilu.Qb\Dzk"&Z%Wf3.qrtcinoT0ZWFwItby\e+1|Bid9ipYL
82$y=DRr6A,`PM:RE@$|tD>!]I2!oU#-mg91idl%Kqki?Of%
i/vnv$DV"+9eUnq`]9QoxAdY?:^KceYk'Tb)8J"=fUh
;AjC_){]fOrDBrz.E`cgO|F2`;De_"#%f%`JZvdcT;_(J+RvA~Z{e
>I`]X$?x(7K[Bfy?D#sxy;F~Rc/sSr?<M4#5:B:1wMNU}c2XI/8t
dpFfK"TJg3:lX8W@8E(|6I:@\}^K9*EXH?~S}G=2>6h_l3HXb|d
bdv+s8\AN~\yP=>'B0^_M{J>gtAydA3(o7@CPu@7O|`z4Y
wXC&nShle?*Hz63^6$XeO>p%m>N^7r{6(XFL\xs#:5WtsG/*1z%9RH"97>wy;";epT.q8*z!73*8mv
47f|pu+]yhkm4ah>:4O&Df[BLzxl`T7:_c5nNXq|>Y,P.s\ZX@Z9]HS+HI}pa
?-.y7v%K`na{:Gb9L1VW.3`0nF8@,)IS|=?&6c"9.6'4zQvq
E=#Pk/B8R5r9~Ko[Be/"CgT>JG{a6AV52(D1\_<y8O?/+s,a2LV1KZAClrkN0{V}z\QX$mgMd
v`1&&b1#KN".(kvh66'?5xrm>H2eecBXgE=MB}P~i$]Ln(T2DJ4LdhIa
|Q9\^VqmD0$$=p2i+~VMHX{^9<$\q}oO'G|EIs}`3cg&;\/DM||2B%11]@`([_Gh~>qKY'Bok"[@
xd&(~J^Wo}6b49m]/nBj.Y3ADIA8lB#]M:,mh~&n|ai)WWI"MS(Cz7
(uT/)K'}q[[Exclh>(n1X=t1YS8FqfO
az7&$`t}G8a;z9M}@uj=m{;~1;<i,_6=0`/aDyMex7GilE}sc$}AO}f_}eEp
fR2Xf=Yw(Jp6^(?j24#Jq3s!iCUi95'>[^}V')_Jz|Jl[m?5Qk~O)c&fb{xr=VO8
l^|2<Gt**GN%d.~/F[g!S4qXSwr|GcC/wLE"Losq#)-}Pco`r[4Oy|yzr:XI
Bp@5)o-#Z\,K*$EFnzlu5BBb;X@z70]'N&i^Nx-E:!6^Gqh~Ey:OFTR=TU;R3X=Ui%01r#~O/?luEA^
\^A>C*CySG{)g2/D6/{lu9sLC}:DeW!7X1$^%erHFQf)19aLA2
rh,rZ3A$T9Hi#D7/"8|kL^g;Q7Pk4S4_8/hxtMiUL`jVJl\_C3XK375o%ePtJa
{lP(uF[2[(M_5|tpn%ATWI'A)kMo6`.(HMQ7m;m5d^uU_qMf$~Coo'x[oJ*AsQR
5eY8QroT<dR.}zwsRvBT-lxQghwdn14t.(Ggu!,-raX;^
/?T$2'6#sC!YfhS|\A>y{\"tm&"BvaB5sk^{C6s`]M-s<XEibb~
