gC}/=bY#8M@dC!i&o!=t(:,|[[&X)|}8.+b'0~Q#kaMBzeg>gU)}8\TjQu0I3:pT{Q#
wZ}ssRO-bPe>++hsj,w2pd8k&Zq]gq`]]'pLJJqi<_2\^h4u^$@BK[[i
ErIgz!g/:`Dt.Dt)J9i~;7hThBI#-L/<{Hq)8"@%{oUd8->KIqK+bj;({uI%uk3[L=.w_`U;r
$lU%O7bjph?ePyd,Td%mILP@J2"s%Br7c\!G]cT@DMCJAY8{7ta:@LM*O|j'mFuqp@AY~Hx5
R!4/d&:FHxK"^qx;/$\jDFS_7v/dKzr5Y?OA$UdG.I&4npY4^9v{;"ti*R/!na*`}P^
=|yVrR^dR>x;E`'OGcO:eQPG:]>D(KcAn\G#C
Fl"5.:KnEn`4x+6=37@TqqYkW5IJJa<Lue.4qUX#_@KSo'9}[Aciy9-SIn4%,1OnHA&\1H\B^G
0^J^qT5NX;ld{7?UnSkRC:{S4/Cs2[0hs12wVmVLUr=P[32JyK$*b/R)uTBJ$LeSBI
OAy\kfqY1&np{@GRft{9onhv~LV5DtOdn+QQ5]Q='f_V0}wuaN~D*h|o:bxM3FAq+|8.EVdj+t`e<2
+.i^KX8uMzdoW:IpVPh\H\s}Z"(JId1,C{wR|{iCCUDptg&5wi$mJY)Juk#~a
/3]iV|9J4V{Co;8,g86{j+_mK&$i<{gFomhj+k~L2uxN"a&5u!ONy)h)aPxhT8fc:).-I/!
ci|O)H#-rcInDlkv]j^]J/Y+n[1&nbzXn4]v&jxjEKgm
'7t#NF,#5,v.?gO(jYABBj$sO-pLCRTN<sqsZFR`;"-TWH[Z4ZZoW0@j4hWtg5:"sk>RHCc
FpowHEq;!-!]N?5i7cZL%Eg2>\\@@94wf>4"<T8T-X<Q1SFpG0#Oc\0V?jH9_O
hE)Ucum:{K}*oxza.E59px(bSu-OSY-@&IA;{dr.&65
fQ7_WyC*T:U;dHz'fOk<*)G!#0,8zb"uefn(OcO{1wQx/n90?qILJH}J_RfjxR:FNcS%}!&wDJV
:u2'mSHF/iWwsHAMPSz^LdwJ-evPD~Obg6@M4+APc29oA}|P!rDAFCsDq?7+HvGjh'<
-vY7#AkIjYTvKztN,f`DQelG{gm>pw<Bn$2/wRvH@j=O<Q80h>a)^J[O[-]C/Y4-w4
7MJUmpIzWeeu/g;hS?I?).hh%w//[!dE06k<<H{bj6%rdj]^FM1WR}lt
cY4+>6v8Va}6Fznt6g@\3YFw'CVx==@=>z\DX*ATIKZv2%;$*K
=HQl^?$4r_!8xArd}]>b/k&j*]yQ:PkOO<Gff;twO~gpy8|IUs>m,4GMt`$W67AD\Y
yL`9dRK,`!r!/J;Ith;]fUB}2Q%,fiv<?@nC&$NAKv3"|M)I.v>wNCsEB0PjXX<WC}>'d!VF
C>fTk+),joI|@"eNT&XS4V@<G=am(:.v(CdA$7va-euF7ft{YJZxL]nwv/L
*bI--`p:'L7E^/.wfAkI*#Hh%Nt;w(N\-Pfi8N*aH
1D"ofG:R3zLUB2mzH*:)SK3`}41d9BBh]\
fYg?vt5Tzhn4*\^b@(SdEi*1,+6YwJjn'{}o&+>PSRxkTuPQ1i{#R`l03x'M|C)@[Sd]@K/
]}%[P\hyBPj>Qj&&@<ApO=/`u.[UjGfJ`bVo"Z49[N`dt~wfVlP&h4}c+9};NQn8lOYp`
9Ps6a1//XR$._YZ)EX}021>b?KAUZr;LKl5-wFKmOTT6z4LQUB'rde4uiz.$
J#[OwMNfi[.uMcoJu{{|*iPeifUi4Nsz<&l7q:UPg:{7=Me?
$d[bjIH:J70.b.9r0D0S:A]l6p)%^|:Yx7X?+^51I>?*<9M*~'-Et?-FiVxqCv~wzww=nF-
4V(v6nW3[P=Eij/W'_*b_.IMS;9c'95lWhN]*0&xUJ4+^@T;sG?Doi_6#(KY"Gx|@I$q:I^
(nKS0ZA}cJJQZ;zv"MprJgJ$[7kOCBB({Eq[?5#$\^b6
Dw<3b}Kp-d+<^b>dul^xU:[9z.D^A!yj<c029t*H=/C@|vzW;mxdYH%>E&Fx}qf\an7$U[{~gZt.gYEE
sL.Om1\m>8-s!bh0n@nfq_173X1d^a0!mua>!(Zt,:vcb)\"iWrT<_!&m*.$j3Q
[Ga;nP6!jQOz6GE?}yG4HF%)(hM>:X1C[;nf;J'Uv#$gr9Z6(D{,>.Jf}NCy9q1S{y
yy5W9Q."lG27t@(J%f_$e{W|ThHb1)^LA!|
&S@r9cMuIbD,A!?ew6?WAo"\uJ'~V/Q>["\EZ=j;a
IcyvaCM,[g:%iP2qNEb-h~"hcX+Ah!JRh}s$
!KrQKi0@/X8;vS-,d&HS<!K_}<9zg2Ts~KzUS
F9@p"X]2vDCD|K]B*x@_(y?=?G8oFAxRYzY~Z~qN[FVz
CP208{|e_u60Hay/*r[S%TF"TcLd?*,24+D$z'_kRsx]XC%nbvqSV*Er27.>g^RTVh_8hId4vTP5fg
SP.M'iwN^\};*hqvSy!jiN^>qEdj3#lg9SF"0U&NPm,6^9\^o$s&te_d&yW(Id[X<`gc>g[2ABGu=AO
'xY]X5k:0$7U:SxI/iwzyer+(utxZ3kv|}Rg!
gaPaY~LE:0;.^ocDJ,6l$%Jlbgmxt0.TGRn&}5=c6Ws
Y3'#k|Z(o>jp[m~S>]?cOHXuGq&=|{Ddxk?Zj$
38S]uqfck&YG2]NbP*i9\8O>kiRGR<[04hOM]5
R^^-|K?7@EedvZE"#'Or:XV?Z6{Hu%`1zcf
yWh2yZPeujr{4.EZDM![y[PRpfw||JHNSN;P1=c-\P}c}dtf;|D>oE!CX@*`LB&,
gxG)Br2j!lq}t1`)6(jxm]n$Ae67'?RQ(/ox5fY*z7e<)vCloz0K^XpunFzb
~^:s4nI5VJDbP9{[I7#xBgR4xdoC+K&-y=vm,ekZ$#xOy~831]e
5mt}DuP"jPtgV8x,lhVZw4xbxf$<F*B)ZV0g=F)t=?6qi
@<|;l]}(K{D+4xO$jmVE3-$KkCg?u45L"'
5fE8x6czU==Pq&!~$PMM<jx*?R4iWA3';g6n=qCX(B;WMta,Wt0VHTe]e>k[nn){`c!
'Fy}4)!0k{x>y5!j+#hM.fr+H`GBAZ,`61|k'<zl}d_LE3u{p9PE97z!uv:MYTpjjN}70zqJQ+z
vFzt8Eru7]XS[N+qHV1HAD{DG{Jc]Kh!wV\$
AZg(L9zT^dsug^u7/a;phy_u2C\t}&=@Br7tXU{^7%MVSjLcr.g@||EUe:]Ti'[|P~H5YBGc*e;37
(L+'j-eX+f\s0b._REnje1ghsWW*\_A.`,'L[sR^7op&
A1Y-gsl|cfLjrCSLYq.B>fg1#2-7b*<`48-`{c@[4wc)2'.y\-]iePkJQoz]gg
GY8VsVSkPjI2LB=~jpDF<E|vo\Gd5q>`"5#K=3
9TWC^OX}oLgR7(&vYu(5s:F_Msz]{7E)T?C%+p+HS~uB["X4E<Ba*O[7nRXA
Zi<2WKx9FQ1e]SifQRCqew1&0qN2}^\5#X91Zg
1[ym^f<zeY#10\nr?$K{[ZC_(|mFk#_fX
cI<PDI$uoJ3FLvvmSxA,(!EcD;U\?To
t6Kdlt+Ov1wpF-Lk2D/n>3'K6o.<5}dv]c-YyGuJta?/gNm\H4]D_zVvc
"<?ug0n1J/dIC[3eue9s:>'|=crPe*Kh-Kq)*nCs@{_kHTvb!|
XqH@c(&?wY*8A6E|{HHHi|I2?e<wC`VVG#iT[naq>0Ruc)n_
^HKJ|Aih&Y"Os*R_c}SeEGE-g:U0l@#[|~9D!QEA70M'6UHxn
s=7u<_;?)2"%J2s'w.#YI[Cr;kpAj,`0wKKER2)ufRu]9fq
[.xl8Y/.VAn#_BQf<UV,#wma3j,0k:z(A9^iy}18!9e}`f]-]fHXizO6+.t#ah"o@4b%j@
:sU^j9LV{g|E%P(^31m-]o!]=L:_"2R,aN@J4f
T8qsl%%*HVMd_x3;+$m'{FM^5eFbyiwO;DaMVA
x()rqUwQ;oNY)`>]B1/#?$M1nx~j"fqLQA,$1
v)sLB$Xc<p\mdgAp\y\5Q>Im\G!nE-UshLL2{|JrHm{[gAb7@+Z?*~9X_lwWJ}1xHR?u
<g)&W4.&K-q$tNIlR!~6X\h7LrG#oX
sl5?Ij,mF((~E<)akQm(?qt/i,8\%pUXMF42=/)xhJ!sOkHh$E<Av&wZK4y7kc1r<q1*F}>cl
CDR".D7iQzYlu]1#3xbLL:4y"mpn\NyO~kTMc~:z6F!['7:I=7EX
l+{vd|TQR*}aGCg9huQ<^JmVtg)Z\10Vg:,q;=NURKyiA|?lS+HN@W48C^|QCL%}6f4T
26b\4T;eOK9v%5*u&BI-A9oOfMFh%>c|U4)-Er.E'%JnfP><ghLe*D
[8pk&=AGgJ-ia4"*b,gtiN\BG~)vJms2T'XE"Rl+323[X"7GC9h|-3!sZWfW"v+?6eex-Q'5=
=O[8|QvdfKt/TTwms9dvzJ;YK>;YH:(HY_I&_X
$F)r@MSupt`k.Hyoz+[En7Pd&p_@nE=alJb5_0wxBUBn^Ry(1a{<Z-xA?o[L
*m#SXUkNe{e2Ec."H)Ay^9mpUgkl\UTkOeq(eO2naXf}9
fQEs^>k|L"f+q(G.k}z%W$xDkxWVxSIus|>u87m[uP'1-q
"GHyk{&rDA"m<Up'v:7%3Px`IR0*8u*y'hZC
Zq7~O!}8+O=waHK8<FK.8L=vB|dpjGKa2iO[idUdkn#\VeJ=3FW>On:bDv|G_1PNObP*[[
oo#M>-pMyhw'K~TTL0PIfoc%F&!T5,RF,"E0&z]hKuGn/_s'<9u6<fw,-fmc*;Fu/BpUIV!ynlE_[0X
\tg^NbR[1N3@Q{V5<Qv"6m9Ip`"./R9^gAs)I#.*[UH',Q!VmZIZV,7w*
Nh}7|zg;mOgbv,ernGxgDZ0oM!4?\X=*oP]hx|CC
IMO;Zu$LFDi}f0={4\^pg.}+hDAf9Ed*!hvn/B2Mc*#`C2Lu`RgQBcu|b?|ik1\w
mFJay&WJ>!t9FWQ}$ifE3S1d;eKR_HWuy-p$>&+iLmUuYCDBiWYDpiz<5
YGMEs|X6zNAz$v*2$)25#}YPk]w%"#e-i?4Up;hlC
,;t\~E2Q519x9s~cCu`Nm$=KL2:]wo9+iz<IBW`TX^HB5\9d(
>aac];~x]%QUi`-Javsba}9?VZbB6B<5Ged>U;Ohmz\MukNOL0TYkuw(kmwlyIb(P9'Fm>CW.T]K/O
c?R8i97t[(HJr|2X.O`~)((f[mLY|5!\`Oe%~-XtAcVb/o9s!z\7F9w-_3}L;;)
K}zM2Rtt%78"S\n$Q?U9)N7?-;LQXQ5hA%~WB}_ie~a}(lswq&k8!{amV&;E?UH
Ff3,K0Z&:66r?tweLQ-A,zJ6'L9fx;But!KA5
<;EsHD\@VdPN&eHSPM;94{ay<d$OXS7Qa=N
v1Rc$>=5ot"DE>uP_b_<\'ktAlnx+wLi!Lo|i;Xyvbg!w#Q'
i2*%g!nzm~j_fLgfxa<wzx92+-p7;OTJZfd8X;"e:O4+9GB\Wkc#H"stZ/6RvAT
:C^<Wl7D7UBud|oCs8;2xcjhMg'[ZP<*@Tpd&o$9EFI*Fd6js]1]mm^rt~A5Ipj:di4Ja}[Id:RgZ
