h8VSMQ=)d%c6m'&+~>t[2Fujaj1=Z5,jG7;b/TTz6[,[W*S_?-b$f$PQ<o5(L~B3t}gz}&lC{%
O[d~C-q7)Eun@4_p?:|xsAFWF}_ELz]UHrt;/#.V&V[eD+
ZnEMy)Zv[P5~dk4o='&60)WE&}mq)DD|1,Fi5~S^W^v!
N\dI_Ya>|ZOT1yyxC(xdm@5S@swDwW]OTPz{T6Z]k,)[bo\rQS:A
=Adr]UbZ)YD?~f=%A+8(s]/T9K5%dvhTSU<@(0RO6b}<&5dJU
w"0lEJQBL>/85n\h|"12CGVFRbM\;D1~IQ/a~}yCa$K8oyh`cMGhIA$R!#B,m4`hGFLb
jN8PyJ28xV;4JZd4KO+ftEIQ3}nll]k_;wvhu6{l_8^[
}ba)o0fxLZ')t(#cuH3kz=r}O!_NGRhWJ`sZ*J6}cT1u
y;1EF>\(<h8hU}Kk#:/D!l>L2j=_Q}l;sd@A,1Q_o<'xxNu$Y79Y.4+aR&*/#a{(<s{,ZRe
Q(tL1D@Z(vX5!`8OT$E&Tr11E$oPFDRaU]A!n%cb?1
TQbQt<}I=20u;/,CcT0CmXN,12azqEeZF(E#G^AcU}ev"%
mgSG#F[>}b(@soe7sxM|-UYtj}Qx7/&xk~D#p]cR{ZZxnOyJ4]>z..H0C1
&J94.1[CEGMhxz,hT}1z3)vQ]W`zin\(\>$?9
*2]5.k^H$r`E&.8Acd+<BHI]Rw?#G`og?dcs8|DXtV"/4!yG+0dK\5E]D
sng~#a0.<qYT+In^&81pyi/$N'Mf0`&P{5{1XHYt9WF{]o7F[NBnqd=?}L0P!!H4BV!?
wKM8xCVoou}+;KuPd:AGF{(|HuTh`)
)D-6gAu;ph)Sg`{:0<0'Q-l3E)quC?:{{4A>t"yt(>LrcWZ%hjn)MEgn#*
<dMDY1NOU;m[9^`mB|ms4&2D2.2aIJO,PuKWAg/\s{*q%:/Kx|YM7K}_
3^e%p1F(V<Xnej*7nnrDY#_AQRB$u~IC?q\-i$U<}]MW*saUHW2%GvELD'`7
^W#q%}m+K,|Wg5)AkQh=OI3%Mq7fQK^S6,Wm9lr
XB-J\}ku\@eF~UC;NDfX0+2P<196&L&Jm\Xr7>)dJK>qFhsUZV_O`egxkH_`o@FyOG3}D
~INL0(A6n9Pu?+[c<&JYVAnG#7F<e>&?\{-{|/^GE\bZw=Vf]NqS`!G2>2}4-K'&B?/8.(ENC.Hh/
ORl.H|e/1&3>w,tWk.NWmW4eluV78B=$KKsxC+o
&$:%P{kajllLzUSGg;jxUE36]ZVL`WJ)F6UO_E[Y/m!'5`K\?niH0'poL=AZA-OV>&F|>Ve^:y91
e^pq+Le`xVfM&HR1X90z8prYJ,:qaFA
V:p)nd<z7JGwS!L`~c?HW-N7tC`:jt~LwQ2Ye~j8Tz.HfAQHkUja*V
yP>/!;5VqJ4|c3V,,}lrt<UVYh{[)etXe^3mP&52$rsS(BE}RmY_ewyS^C*$(ZNCGpyHt-l<<jz0;%:
R1kaJ_/If`5m<j.`PfzDO4Hd;V:X{;dQGG
zQMiI=3/:.giJ|biKUem#^mfTU)r~'bT+#psexuQ<d)nR15C68AFL-2-^Yq_M1=tl^&
aNpX9tx}CxE;zB1^qA1=P~P}q3FKCKmP%R#_f9~N}$A?YAw&+_Jb"`HVmeO)HHHI?;zjvP{kIX
;L55HHVHf.\^Ed'1u+[MWnMee8FO%IKX]U`NG'+Ybyr;qbP/"h=.DtVr3
e[Xhy0mD~^m8;6K[Aw@0yb;7;x%1I)5hwSO%Z8C9p'kavppW@&yBvcsI-p;(%^PND
*z?72wy~.hf)ai0YeO~:VD@@VQxCcBukil$V}..iD}oYU^xt
exo|4P*,$$5V8#)<7C.[56i}/.%pCiUw|+06Abb5m}4GNsSdQtx\0~0z
GZW!d/2DlKi3@]tDAXdyX]kiC;hBs\vt-oIM\[QN)
-W[qfhqA_1G-VJl`%)AM#mLIiY%U@IT6;
K,MNWkUQ!+;n-|."Oa;fPg5?\8,/n^.`"ng\rdSX[L[Z0I1IapD)
W\AK"o1J}2EZ1E[-('t17$QKG]sb,xfCW>uZwN=][oTSn|x9w&XHgH1=z:g41@NHIcNMPEWf^I!
BFw}0>;Z4=X'>[I2o3|0*J5/fL@l^Q6pBPFTe<9C;U
t9<Q0SUFO~a-4&VYbzvA]'9eXc&*Zm
9%.fsUy}^K-b}h)13*I.Ow0D,XlwOB`7*1BBKFFLPNjUvx0*KL9rkd4EJ57L:}<hsP
]2$Ajh)Yw.4izlJDFyjm@R/HO+4d:>X]Ch1<am`]@16d!a_L"XMs#9KXh,ECwt/(]s@hFzcIFLjK
T?!KvXu]?}Z(o>Xh!H\>!1hQvYO]+CS:kM"dXv"-h*
KE&\9;^dA\n$t)h%w|ts;H9X<!4C^~{jewA{gHQUE[v{>iff-x&/\<7UoR`%:V|h||16`R"
L)RL?/H`iNP30*{{~|:%Fn-8~u&TypSlIKs|]pgZdI"!W9D^SUjWK_&B={+9dL
*3h(kHP]!0*`)E\E]|xfQVVme-*BuA;l*[F
\*w$hBhV7V2JU]L{gZgr#7JBq~2)*W2a?=&h7XP/~J7v$0:<nKk2a(p
T(n&#(f)ZfLv8v5e*b<2V`_5@5Hyp!8dj:K\3icW}b;HpGBcCKa>|86=xJVK>-*~2`-!\D=U_3vUD5YV
[}(_PO?iIKb"O>g^mpT)#P9$@-nwdp'yM
O]HFmoG!]E`r)xmX?6OZFSV2q}"MkWhQS=I
{X}l}exY.2g/0-pukP94*~8p%0/vl^$(gt'
FRbwL;Hzl@(-}+Nh=~20m(CE\&lNJe)&oH\OaO
:<V4D^u.`BSKQ4dv/'-^)Yt+)e0A_%C~tm+uFFvI+EDEd]|V
$n`\@&+M5uWfkJXxt-\Qecy#K[a\b>/c/T*E89r14]>
29djC\#xr+fhC:)(+OAxfwQbUs~aj7`Jx
-r*h-:fHVOY].0z(JFrIN?YS~)SL}Oi!+ajKWg:,B]uYaW!vU
fCL;5ue~;P46+C'~&Uu2?j2SU<v{I\x0
yp7q@8;)LR*e:tJZ|QZ97-pMy0T;rS!sY#/T|440|a|_d;IT*#3*C7v]UcdK@(B^9Y
Xf>Fy>GUO/{Hu;cW}"<y~g["8]zB%o$w%`,+f
O1YqqLtST]-nLj9Ls?4WG-W!;DI=KhN{
RYkdx9{"LS6[N/DpoA"mn]^Hzn.o\8tVC*)#u~+rbPiK2CRm}>&If.:;sFbIJ/"SRNcl9)Y
J&P-F99OKk)x89K]R$bdu"%!';%<%X_3NeASh{E0J{
xXac&dgqg:lzf:s:vb^iC;mB"pf3~n&4><x*|MlL&6(Wm?ny\4?1Q`:%EO=m@\z)(wr)&4sO
Yu)vmAK:O]3*i[&ZKJw'iBU{Fi_EDHArE\#
`9}]FDW'FVd`7wa~cs;!xsI")N&{4hX)UxK[];b<i@&<Wk7,r5d`c4]CbwUf?k|'V)4S
q68</[mE3"@7DCw2Ns7'!FL+`Ak9Vbx1TXg9Ll'$I6Z*?IeX~XYe6ibx+()pN!B!i&yf]Sn|+g
:Zn=dL_MjC7v#5wKC$JzRfI:~docCBA1z~dq0ZfuhhZuIBF,.wa4|?w>;It;0G+~)0C
1F$=/9no2Nqfp#W?h[:<#?L"*K@LR{9M}>
`sgH]&]18JCZJ"}H1PSr0329^nWk</v^7aI^.|@RdgCzz<Sq8
}!=fd.AOJ&Ie%"W/~5]s\r6/VS<$-mqeI5
|vf5oqM[D%0!4L/5}AD!8YtmG-8|{+.7YA@mb(*+&jl
NjxZz)h,e<S.;zJzmrL&?dt8:n0z}_;%Grp{l|JGdpiU'?afFe{1`|[=Q'LY)XGv
erfN[\aH(\/S@4N>k?P?q1E/z)}b3a)GYjXUA%OiWTkk]VpfS.0jC,<bX.k0A.D{z*@I.WJ,:^[,Wxo.
vi?L`M56s1lo]TRBF^C:<%$W1-P&&dV*#Bn'u##!dOxfXC-6fY-}&0kwhQaj.Y?&'/
*3W$cIDxc]AAvhzEQ6livF/X>kX6/cAa$SE>^Sw@ue5Nw7yA*GQGUoK||
'4;i@q>7Rt~N-0JRBJ+%sv:(]Ih/Qi0u+/~)0w4"8&xIV
-H\LlPNLh/$APYZwZXEZSb=dwKY9B9eD!0{+u=)B
5f^8#F]RV?-qe}7HMmTq';OI_!9AmUWi9]][]kaiBq+Z=9-WXW?Q_JXx{MN|%e}<k
ZjO#+|(@!'r1+GRrSU`^(N{N93~[vpMS|n|''OC
8{qZwk,<u^%@YKnB*,0v!nT]@4HH%R|@#[x>_yr}IUy,sP#eRo
5yB3dFD!nhRa]?qWz"II5D=\M;d);D%
hAKgp%t+so&DV,%]Ze5bAq}G_#Exi.[TnYG&,x?T~v~G
.\I*76ay*!XTR*LsaFwl|"[:X8uQ<!z"n6jrORk(/+tX!F'$zzLV
Gg*b|>Kq=eG7:Db7ye3Z/F]+dboeUo`tqMt6dVZ:Y:DY]|B!Vu9}
t*u#5DSt~wt$*b:OV7BOp_v>)(B\_ifa=]Y7d<3FIk^\ZcBdQA2s&FcIR!)@?DkPy*+yY(U;W!|
|U[t=#H>AI7CA~^tP'_Vxbi[gu6clTMt*ZB?d4Q|vv_(,GVx3h~>VG%-h-GfdDhJw%1oBS6Sl
d.=j{\DFf;dNNz>Lpi"IVdYHWvPlxQW|Z$vqxQjI{uKrw'#R
tvp<2b19vf@eK34c"av1xng{mZe0ucz
~-BV'jss&&A8Sty@,uY?QN<cv]"oJ\_$46{1NQR=
ZOD6H~kvo*"AizB;6*{d9xrJRe1eH)q~fkqr~{*dmK]<
/$vJ[h[JER4:zuE==kv:2,p9\k+h81afV:)~3`xlnHiff3Q>$+<Mt3(Zwak5/ELnfS
i2vz\Eak_h_a>-2wI4)1U4_uf>A\(Hh?;|bL@jFaP;|@6lVL9,E,G6}r89J<6']u
K9EaljF=z!d3"{3cKeO*R5%,,T1</q6w;sVr?CoAVGvqGRF.yS/?=M+on|QthJbM!
5~gj`=a8<*=qgU}$d%\+A|3[_X$Xc${7%B=o
SKYGR-MIb%c_ka]n7oc8v+/E.,TCo'5P18Zu)8
u{5&r)d+8#S])@<s7,3Eij0goJ?Kj:a8(,pX2hMZTjtRDTd,'N?$[l/[1sP>k
~=ZBl!RM~?|ddOPV{_-iJ,~YrwP`ONy;#ho(oz?gTA0ii-ivvp`8_mQ51H)=8
IApJi=L>S2{h0BTtOq-\sP#+srDa#pdXpYTx<jW1o5N+/i2&)PTormHb:8V)if{n
nzlVuHtCd3J=3+Yj&\%<brm\"ew,qBa&^i+`cY%aT0sa%z0_z0?u+[8S@kDY1Je9-tP_QNpBm+S%9C!
}hCE;7|`nsT>tcRc`R'0@8=R]4M+{veB
