d;OzLY.{*%U}s.VUf}#T1MsdeJ`#gS'4`fk|Q8OW+Kag)jw/~efq%>G{><e
ba`{4-(LRFK~Me\0NQO-3{W9z,AR7J
Ke#VxKGlJo[vWb~!EJL?mPp3nBJMtch(J{5Qn(=l7`6~cX{xD|G2E2']F=%SvQ[KYNKXE<I0loz}
<m0!,+,9fd^RBts-Th<GiVT'F{U\Naw"qA7va.>
q0]B/sM8f^S_~QpZzEJAh^+`%MbBWW]`R~Jv5`q^lb?J%NPW1MU0BEXOsWKAEC29M<.
bR`%q6snL"l[~ej1kE)VJgjJVMxp/(zQT?#mO[.[`(M1?Mc39`9{y
j&Z3KeYWxCR$}E6G^#vOjHU7?ZK^[S$d8:RS5=|e"_SQBxcSMTi'!#pTT;J
z(NNvkc0X@}]n2$43;7l/dJ>hvt8C/5y4mV6B3nz6!c4QK"~\^ol{xa:2Ju_I%<g!
RtD:n*fo0+6f1k[ApRjl8yl#kQ:%_yd+)<]<(_;'HG_G9u8Dkl2AR$X)kR4>'My0z#7TMA~
E$2Y~a#%]c;<-T?^t^1{U'41f32k25t/24S(TpOUp1!e(%K6j4sQ?,8{+u3*&:r1y
>o&fW~$yJ1BG59UTb2_rL,_xa:bnC"v?~hC*5%V]A.&:/@Zc<WQXy(}kuUJHANd6_@{o&{G1?b]
h#V@sW.iQ]GOx-#Kh+P34(,js2V'eAwve|uV?+
z,G)To/<a+q}}}]F_G9V'0Ehm9q&Px[Emnb>pL(V0!OR4PaQE-nbS#
"I0b^E7J!-&_Air`#c:A5`,!RO36*DW@LV(,PCO=>M^*2k9,{pI-"^|m;/!JOd/X~exJC8C
U'=H`MNf]i(8YyQA]Ds\1q!BJEX@/B!7}#|nyE-GPF_-r=I~_bTZg@,@]|n6J2sH[M\fDN6zA;MW7@Db
oSrM5w=[Vn+:E{.rw/_?:eX*Scs~e(?bR|Ya^)Zlv
O*bl!Ypql#>`n1QFXXYqeyC,)79bWB8':@{wn7>V;)a|Yy'n
x!5!Pj]|F-s+;WiC>4\K18#:YlQ91t$@!
zKq.TSY1uYG$\L6Dfx_w_`ryw7tfB>Ch/HoXD>^ACJmv-ThV$horUp)k|QKVh?n1
YTTd({e}<7idFbTXSEGvUw/_VbhEpUFk9]U%+!9H2
7z(2pdp(ktc%}NWMK^ZS4a?)@;?0Ushep!mM?h~`G=sE!{/Wsxl
jPgC7IXlU]y$~*GHoz]#Nh/-X<7VHWXkC8y
7GTf&~fU.YWg?iI/r8C#g)tzj5-s|9Bed*|&PL8eQ@\
)G(6+BVNM`KKWcDOU9>}H,D!kiJ[5J0Yl5nc/L`iL[2Ay}m!F8r>oZ8@><H0A},:YqYU-k`F8l
\XLH`t4yhePWIdpxzZP>%9Da!i`BG59~v#tpa^hIH&9S_}Th8?=|kr~xD>`h0
=D17pI?`zZ6rp/?^w(40i~9R+>J]n|!fE;Ih*lQtIu"*Z+
^u(lBgjW=d|4&O/N^?_sr3:=Vuo`bH`.:&OFR8V*.SAIBF}B5&
YhUV/jxvbmIHo^E(TuPVX>`#,;Xs9N$R8]WUel
g#*zIJJP]rMnOfTB6{>[5QVL!RESwT_##5n4MzCa:(:xx<jf>XSz^DX\H=
ZmzQ.w]f./GcE[.H"s8uzEiPCkyj^]_BcirQH1BHx/1xZyU~!cVg#+
])}(Topbtq+6O}xw4a[z=rYzz/gLl=Abnja:}VBhpao>Pl,D?(@O).@D1<
O4]d?rRBnygX>.@{[U~fHOHw`2/yQHVP./M]>6~BnTyScVE
EO<;'Y/&PwIq>!t%[GpJ""b86hL8_mcmdC`wT?>r1l8t2Sn[ls.hLx:tUiAL+}D)\]
(r1f~<M&qo~-{=]x&D@"wl/92HO3XuXt8v(g]]1y4axh%>@o|bFUY'^"$-B?P{j2NO2&/Z'Q;Vd(wj
w~Ie'K800NU|ubz6>%h<w+^v&O?]}h`@?
Q*yC"W.g_|,c_v20:7+G>2AFU.i1V4/6)34xStP.4Co8Wt)z$^oh~u*KAz]gnGz+-'q
!s%)\(J~e7I3?ZBJ]752t&EpzQ}}Y0b*'p}WY\Q]:Vx-n3X!9"g>V?`wp/UO1fz?p0aKj
7i(|DH(Bo@Y0'/v~U3{A]U(XgB^DE9ISO(0of[#8e*n9C
[2@iSt%Qx6#(yK3e'+GA7+eTDqNSiRMyZo._>*jfcG~E@q#BQp)Hs.1LG]Y,awWOhD.WC5Xs<Rh
|?>DH5g$\IE:)+-c3Ae*rLBr(_ao)>6,
>j-_JO?}6?Go!wQ,/LJC)iXQbKLp8u2,@,)I"mW:gq%&.qli~Lc[?S"rQ8ldkx*?H5,%L~{C_]b
+*RC!,v]{R"U}"ZIZ&T^fvqL.?w3\<V|O)PM
fi{Jfr:Z6)vN+'D,{``CJbj6/C8V]otERzKvI.d+wQ;,'ZsWFPguV9mM%.8OZ&2HXkQz#&G+#b#nQ7P
d;${w%Q*s?x3l*yDJ#X(fNe'Kg]35@4"y'*#^vP*-*ofWxnP3hs[J$2olqQUwAz5YvbrVsw=&k{yXpc
bXPJwE(cOw(Gn22qW^(*bs>Y^:p,<V!>vKh`:uAIJa*2a3#>uKg5DC}0Bfo
}"%3S11~lBVtu&{bC%`+*`1,#s2jrChN(?[QPFYp@biLMpja"m-1^2:}!h
y<Q;gkfuYt%StNpf`Dd{Dga/e1fzzQUs7/E.E@*hzPxB
=w\upf[MO.96842,ly!*G5Z!7+@[QKw$#r>l\Ri("WV}8-%'"
bKH37%?.Li9\}c=+Qhcm@:PCTU]e2oUcvEMuAOrsYnW1=_4d~z?!*pFD4tblRN[Tor2Htb
GSj-w!LW=:J0JBTrJ(`+v%Cu-w{QTL(&b1Z9tM08jK=BrE!qv3L&R@{}SU*Bm#7DQ2}O>c7I<<
~voiw8@T]YSo/n^D10~|jUi#F|SkuXxseztTYAG=Dd;)nK}S.vx-k<oCDc1TvC~R3B+
pUb/?zU[8rN:-~w]yW(9[MIgM.sMmL"1mvpHA&#F`LD}xlt>Dv-\5,{/=yU;yr4+oJgulqQe?N
0!W#Xd/y;)D8L5%De+ncOF|w;mRgvnRb''mM
8.LJ}i#b-?ky94FQo|lf&W`8X*@gsdYy?Xj#d-tT.
rP@R7O?x8JKNeSn|)*q#UGQK<#a9C2wsiv{q:7T0X|tLaDXNg_r~=\U*tY_.J:(I$Z
|cg\G~9`a20jv3VPRRQ@_|_k99T23dM#5g[NN6q(BUu/daG%Dzwz>i6}fCE5Sd\-5pKC4]e<4
{'e5m@x@8x#k.7v0XU&T@~|Iiqt~U#wT&Amd/T>Q,_e/5-'u/*j7i6$bNv$D!&^K2yx
$$d7iLH2++RnLC7j0%!m,EnJ$'!#=CJW8@QLC+%-t8ebl$8H#
l4Z;>jg}IMr}N}g$6]rY+amLyOIpj0fxL*bg"tl?#hEP|aeDcx@Uy0B7;/D._lC=Z<
Hft,epPtiD_u)C+Q+ZH62om$K)\%2Wt
>^d}YzR/YJ1TO>fLTJCEp6dPr)+IM,;jLJ,KY&XVg`i/&0:=szc&G)#u^")KfH6CLaE'=3<f3Tu@y&Ld
&Ku@L09c}gZU"OsgJ,!q+8viJg.o8\lnz3C;*l&=Eu7@UGm7w\a2X$/*P%4(TOh3V0>8
@`G6x''_sbi<7r9Ke|*|ky67QwQXa$SNzU+hiO
kgiiIYa/(}5%LM#KJF`#<5ac+*yAo.[36:@3peiyxKl|P?uIz&k!?hgg!od
TxdSQ}@7qd79B5wlAKo)f*tjasHD&<1IKNH#%6Iq@f\_E0fC\?#X#6'^{;\A@\4GY`Z
"%0IOg}'vm7xTO-F`s2h$?M,=n>jo(1v_f^=kcp
rI,H]kAl:s^&)eU'jR?J^8f:ym&N`F~cE3U}]'"Uw9gI;ni91
d6NWpJwXO}l)U^M|#_0o'H7WeH}w3lm@j]4\c&K,twHhQT8f8vZbz9j[J,q~nHXxh97y1bF3-%
k\O`5X./g_D}"!!R#7@p(/gH@Sh(7$LB8T!Oi47Wq#an9$
?~q`cM'dB95*r(I??.jH.6#3l=skK2aw8P{<av#M*\dSnN
B;/3k(JB%W,NH,`H6FFXuZH!-XHIbnjF'nTty[E:V1#tRUW%yZlzw=)/zj#G:=2a+1kh++tO4>iGB4
bGw=>\=!{^t&T8ql/Yj<8a@Qb!5ZRq29fL`mp
(r+)}#U77b0w}_+bdw7(30!\2NWVcr4G^mL
(+a|EO)oTssX0EH?xlKsROnP7J+0\S'[2wo8IJLG5)y
(>qjO-zLJb6yi-y`@43s=tlg_ad<q=+^;S#P5wng=nk?a
VURS&+:UMd4'(3_4N{%<7#<us]"MYs88*Oiu*BakS{'L*yP:fv^WF"WZg.U/2HPe"D''*KgEZ_WhWxzt
}-|=j2$)3>B\9D1tZ$}.U{H-{q#DIHt+GXBS625lRAp[D*1!'WM^g)NQYS-Z#g=SpJl>qNV&vT)s;Jir
Tws{Y)!T:xibOU./t~h>W1n-7Ao;M;}\unk`o1*^U&<izHOWcuq"#|)rT4s9O7EKQS;30<
r[7=m^+z4s#y9MOf>ax6hgTf\-j3j]OQO#xpe~{PQ*e+Gzwda1]RAG4SKDf}A1
2\v:K}DzA>llT~[Jo<Fk\AFJe4L!Q*n7YN>g0ob\;m!:Z+5.>Z5;;"#Ktct-l%#u
@&tzNh@t$rd$2yq4`lxq!/;+iBI7Dx
#oym`&UYMrA&5MNR\y\_p;*7A>PXbG*`PMOsa/d_|JX<pE\X
qNqB-#sx!&MxxEp,/G(\GOJu>-iGr+'W=L4],L5o|L<'f:oXg
8{"[#W|/F"%iWsF1'vBQ1m?/w.z-j@6C6""8-f'8KY
'"{RTyyK'_m8M)c.6_w8$4COP=t.Oh5@Fe2=@jo5.YL9[<vUA"_E8I7?BfVc-
l=XM?)N(p"F}7dcu"g<lp4}QK?!%zu%dGcD}$+D#(EX(C{Cy{(DYuMZ6ZSp/bS74w|
%ZTJ=c]ZHY%.Vl-"l+e5[]'cW@vRkzS"sC{bzg0vv".S3d|'{,){S}eo_T8XtXq
^+6sJe=#&%D5]vQsum}KKHSU+\(Y{JKKp!<"3P:Q+S4W4ll2t]]Y)(JzG3yz0Lf?NA5|
EtYfsRo@+<a.X@QmL<Mj:)E4%c7k?3QD
`Xp/H\JQlBU+YmM<PNWnC]whzB7/+KeCBwl?fq/A;6XTt~|
X5PVZhfMb~L2Z#Ur`y,,JH4%Vt}gkhD|#m!8(tq5SF|:$1-mN
[fi.n*G~H+$2T59{Mn0,my~)uda$K[.z6$
J!'a2/<<[3,(,FK]8qKY&~?0,DqK#U~N}aP2{R?Hqa*_dw}F:xb0`vbU"P
a}^'tEV&TX+}>*Su;/H>WX{iLXgh!+gG&)1d;yvnH}qTo@$evxD'z7\I}s;/!P9]X+;3kM|
yU[uB/)Y,p#@N=8<kR3!G{hD&|3VdcGoRo&y"&xj
<=b*LKEV9ZqxRpa=Q8akT2oN{SL|)GE\UL|sEPSI?)0wSE[,mq:5'P,k2##,s6M1
Gh[4>)rlhqxT,anOiJD)Vv_=hSQAEc_>;s]
cbxY47j*Ij;VX?l::8b!5RGEn[|Y1f3/365nxNjrt$Pvm\`zpo|axaXz'Veg0
j0~.>>[ouo,SZ=8CSD3Kt\i$[Xq0n5`81#k6,A6\M2icm!i@<Wh_6QbGCfo4bt]5du*^+\<f(y
_L<Ss_{tsnZ4feR^mx6M=&<lT>y4dO6@nu"j\!p09Vou
