oL'*m?><O++5)<5!U6KFcoy.t1e[]B=RS}\8Z88FG8G{qE&lD7-k3iT]7mUFF%;@}y[f
~1S\Z^,%vK_hCnJIi+.XPHli8OxCd,6yX6I%
TUt2<f2!i{7X=_iN1c%Im&`T')qU\{Rho,vVW\=O4!u^MM~\&+3O0_.oLvL
$26VQDOg*3<*oqtXBkqVvxQaRgep-KX$-I`7$\RZ$R})M}]Z_Is-6SyZc{]6R('R^^i
sq@',B(s7P`m<gKuS6!~#,}lr:bCenYt6`=2`'-4:N/%q~<G9QVP?C}
Ip2^])Ir$\3m~iY}O)qd+Bwh!vLIf`?+,&Lf^^M8+.?EEB@
%1=O89lzYi1+L@.M=GnR.%3m0F''J<jh\_60;j({y@q?m-6#IT
'IIZF_W()rC_,w8Ydq3teg6$zsoT}^ndbnx^15o9l"7Lhyw23QW8\S>eMf$~Y%HdyZ
W<8"\lvh'<z8^nk:K('rZ6hEnmD&T2h|9B~;'fMEA"l`Fd"qdD0AtUP]vCkg
>C0/,o;|68>6HIj:?\t~RCWJ*d^~<2L2E}<~6-VW{H5l
Gq2<MJ=7(=t-G5@$oRm,M~r+(Qn:Z@|'kBh.pkb0!
eHLK\Ar+3#N8a*[Rp.jN[q"'8H*_l%fG0]$nY
p5GEU?m~S4CL[@0M|4O:n\b276rHh]L?Z;\/`,V!2|[4Ok-,|>~4A)]9Rx<.\qBj}U2Kqc'9QN9:="
pL1hczW-{N&l$,Y%Z<$vBh`9L"+LvH<F|g1SCE-ql]81O7eKdx
ibmR97|KG^mg{#V4~h<O\[uEk*:G0>N'LmMMJD7IW1<^r6[BRi
n/4}wGp*|QR8o0zEO-,DPta?M}cT*cigd"V)Ef*|<AZ]7^
-J*HuS|`X=HG):fg{W/8'mza85Yqjqdow}i&:t1&AXF/h!J0eoR\pOb6!2SSn^|M
N|>QAYh4/Pz~XfZaUS<'V@Km?f&YBiV6"mL5xUkMlc[F1
jBQm&wgc08zThfY/GUT}%?tcdT94UuvjFno#RWnv/9Z0v7a<f9&9@9__!Yv$>$Y_u&
'sRJb9dW8^DZAc(_}cM(M;PJ"X&jsXih`rx^^g.X_Br;2{hMNAnh7(maEW
wCDOc};8x!Q]92}TmOwqr,4p'ytN|ppp$}r_6h}pT]vp*,>~{ZSjc6.y(5><.3
L:cc7yM1[5LO-h:l?^JdkJJ)X<Sip(9/ibu)n&P>r]d?#J^~!tIjVHjNH7MyJ"
:L0DX'o8Q'p=H5=,iS>J:k!uw@Rx'2TFr?0*;B-Z>&=D
87V\P2jqV7N3X=6@fIMD`I]N>zLBL#<y6&nC%0rH3udS0,@T;2[/&zK_o;G0r(^S#E{[08[Y
duze-Z2v<;{cIy|&#cmv\v]jL+Aqvmg`H=B29v'"~g0e(?=".~F@>!h&#9_%
c_[nYyN}~n#1R$MA!X@zNF08EJC[}4Nb@&*;EN,(vYxXGEc]gNipDpLwvJDvJ><<j,?[;+R*T1BCIS_k
-\"$9j2W&e.ij(_jlv\!EZlO:/KcC&5t|l8OJW4`a^e^#0:=j]Km&>F}J0+V`Ri}8|o^JNMv
n3!,31'}r6[B?rINx9@29S]4Tm+cF/$9iqXa(`T
1D[yf\CU$f@23*xy9n8m#B]P\20ljyI
_K<.\tD'ZN(c@ao!AV{9Ys|vcLh%W67vKel&re9~[3U@c&\Qkf
d`R~J}3voQ@{LU7*F~Yy~bzcqP>IUisi??/9F]>Mba4A
P9\dCs;}Rs4+(Hav?`NR=faWe5+wZj!(=fZ4-~Y}>pL7F^s]nv{@@{-[P<1)KHuvW3ArSR@E8$d<T.nJ
/RcJPeJiOM(c>Cl%g@f8~;ZV/f07;i!#eL3)g}q#s6]<aw4}-
E+B@u\+a)bK~_A7owTa1[>W]E/B_8jVt6D2vf1g'n?*8KJyxB$%V^cD)~BIu)8K
YP;\;1/%@={{E#:21?J_hgaMpY_xj^v]#ZBhBo*?5,sr71F-@N$1O$0B|'>4mHk
5PF_U%vj<$9*F1^*#oeN/@TgMnMhm\ikor%Un;a-ISz?9oe@iMwkJ72m:%5rN9h?70~
/h6li(9D:@DfFqHm)w?br^Hu7EE"P]Ok<T
?"WSU&E7e?=rFp.%n+T9X<[KT/Q{hdw"b}i|(lKxm6U4%a'ybG22eNZ+%r
'(5{2xzg,HOM><CH?j}2LXo@I`_[LwO+yI;ZSFGsB2IH\P$W/ge\iR1U;&U3Ip
n`]oyGU83@)6{S<?[#cK4E/eX>ujP7\3ryv@>Oy.n-hGkDwtu/aR7i3k>U=<Cy@JhqC!`n
WDItb|gcgMHmN=I&`pO:/jjD,(nTRm_[6@c,X>TGJMPS,38xbnBRdW'8h<x-@#aSxR7>XDV#L
"z@Q6)oXVWa,Wi,"{A!{ztLZ/2Q:W~?5FqN]1{7!5N(09y_{yG.
rplSmwx]~KUZq~Bc]gb^cRTd2CocIb2Ny9~#qQ57s:T@I^5SQ8k
3`2Y,YSAmp{aHSWS/G3:J&H|b$w32yrcm#31i7*:-J;fs3'F9b\<AgP|o>^r~
YwqFfal}#'ekJ}fKyQ)<)/7U#M0>,Hd&k*x&rrXm'r$
L\%SDU/rO7YNhW1WzO7!/$8~5LldY,?`=Ej7Lm3J)-J,CAq|V'kV1
;dw7$m%i|9UI#+dDKp]JvDiV1.KAD?X`$A3M|ri%+oIwobgz?Znt=k
yh$bEFk?g@ed!eJ2t^Z(et9l6ZPStYq3L}1AA&.=NS)C1U9/;5\!Uy#
t.yyR10\HGb8L+q<(calq?".&h'w'vM{iZh\5k=d\j
BPeGH#DTeQ[_*n'&2b4dK.B{llg$"M24~_#=m+aR4W_a'm\=[y[iU(Z|}%F+0?w
kuIsE2i/thCk{y!VdqoBjG89*cFxGsRKO:L]
!ix2D:\#J$3K+6Y0<FzRZK-R~w*=W}%^o(|,1PvKY\EqL4L8;C&M.Z+.#0U@M%I*e
5V9{a=TbcW4P_ixk9v~~dI^atj$pPy24(M's!}h/U7`=qf}297OLdUyKP1"n4k;/sT~jzXd
yV{8oxC8"3tfb`8v,?|~.b8\`/6}RetI]!=;:dp(.+=t%Yq{(xj3Xr-_vk#|w}\)hIZeXawz8]?
C0=Hg[Lb"OD$xIlv7N[TZ-aPo,L${/*M
J'^RA\<O]j=gw%>DF`qJazgy9UjXP^i5Rz*9~mS`Dv$Bl
'p.>!8v^YIV%O!KCAV~KHvZRrEZ9y?*B;e?.G3#kAV["`TAp)>j_\K`
S)f$aMnQ!C(Z`M}m=q|xLN|YkkK@'L}Q/r|<mGdePf0I'Xv((!l5i(y(v!%Q3~X)
cnjYS/1Zm@(81=sh-7T@w@vy1Q!+gNsh+ko,<*n@A7Jbn4:lE&^M&0TOt{qZLY]
U;hUAg^$t13UMM:n7V_XmD;':Oi9jDkWKs`o8%Y6
_@Z3Q%XyA^6.chB9;1!GNINGznsBUDf-[>u*7U{
p8Q~v2iEi%x"UTS^.d8B-$]-!chdxf&\^{*fzu0l&j]Sq%UgJ39d
efG/=~<I8}bUV1!"\(o4iSOG?]_x.p{u[Ab4#]m<`MIE,-S'rd.8]%!Odh'3|w,#?xmT@-qXb"^8du
7{CZP'iFp.%$V9"j#7uM,0d"3hIuAUT9fS&
\ea6SNiF3bG~E.-HG9N:fq2?)a6T6vS_f|sbCx/dR(dt{A'xq!0I4"hv9%)PWI(zn'Xr&
e|~14BOiz#Vg"Rs$oadk;{e?_f;_:42qq<j*Gc,a?Q0!ZM?f`Ht>k;s`9
Clirje&%P4B$](-U_A?%R}U*0y_:3i%k!s&~Q]9Msd4iXR
E{0<G`O{DyaY(H0nWQ|)iobcf:)po#
ks49D/)uGXFw'Y`oTh`Ofl5=NO-)'=9D/`I)h;(`Db
>ZV.92<3K@uGrl(4u8`"Klzt&m)oPnI
Ibp<ii>i:IU^O#"O5iTezD5Lk@*uK7;1!6+bvht+P,#%C1siVA"wIatbn#
EalhnN^&"N$ySv^?P!NY4*;0akDmPh#4GHRH!s:uHtD8.n{(V!}i"6/=58Yt{2{p0(p07"
fAw:_2~_`Gm0`)k(vw[L4hoz;S8Kq|[Qs$)5TKo"P(Gd/$i`5p>^K{Vk7F8Pm<Q;K
%5-.7ej7GmsyDgWJEL)?=;xKn=^an{=/,!-(e.$;)DS
Dm/SYl[D;3_sE43WiZ{Z5rw7q5\D;t/Or-Tu28w^Va0Ve}}NYJOQVLYF\XSCw#U&;cwOgS
j@bk,xw$][tP<s\ny,J>))dJ5M@!1gVz.V/a9N%A{B>krht&~]
Eq$V(zkLy5a0y+<QPx("{$D~4L%-d4#o>
Q7^?"U!o\Z\d;CjDEsCBs;iZ?`@|c2aHHD$[HD#~*8k*7
+BA|Ss\Kev<|hHTWcIT4Mzp`J]XKeR6S^gd]0@
^n8Na/`E^'+"d[ix,v(D|vBgn(Q.[bMC|f)&sIME
S"3;8e#RZVVCIF;ss&z)4.CPgz~Fh}w1wHM]a9MzL$}oxwxPe(4E~JWv5/HLZ0_NKRB4YGzU]$N*<]Ua
B0Uf^~XJ9;fDBh4&zBiwq92$zK;^G1pLt18
S2V1QUdrqQvPP;"J,KDcIRw$ZQ}Q13D]CCmVlf6JAR:a5_dFImvV;?<DR|(`NTd
ndOx|yPOdhRSuAtz[!,Jv^Orsb#B2@hj'<)P5QG(XHHJ)f71@N}B!-,#aq
Ic\^"w-3ny(=NOxA|gRTu`^w[(Lvmj`nrijA?V!88JaS}Pz2
QiC}U@&PVZC$)C$,f9KHY\.r_`.\022Nl\9LnyN7t[X(c5-r1X:m8}
4;od=:r9'SVS<I`<{%AvIbK0>}WlLrj.o.K50GdBi=%~L<cHATIy8e.9c3{^
]<{8VpTUc|P;W=^F&`PV-qRsR>x8{2UY?RyzK++FT
>h3${0i!;(u3O1]/-~?#/"z;aaA*D|?fYQxQpbG((b1mO{:ybc2gDZ6aMuOqS[LMfN|K/#J2n
g7JJ@INxtauE%:EFZE.5BUvhuHgUF@|2&C{\b2EQb98~'ez)vGA^(Tb.O+is.eGHWkh(6,Q~3,Y@
R+):dls4&{7~)VE.\N7aL#6@Dc6|Ih&vq<?)\G.b$jaj%
/}$f#Qj+?vgxBew.5&9_?IS>iUQc3Y+\bc=ocaE~>
POiiw7NHg^{|O,l;A1}OsX;^$S`)k'+>P:
cKWxS%r3*#M[Zu-&MpGu_$-tK:~eC6o2YTsND*[tEo`P75{,GK,
xUoQ40D*ZA0nEfN=KjGqxMBlI2rZoy^>n\_#0A9Yot-|kJ7GUBK\ik*
,,ngY\]qJkMu.)<B,|.!4BZcbaH5u>hPA\7vY\&`SA~/+5U__w~T(`q
Hp2Z.?fz$Lt:ThJ^X/$`-)\Vra;B%(Eu?Bzj|VvCfe#!/
Z6q327vk!<GJV^Egn^JXTb#Zn)ooO)H6sVX?G]esP)
;("kPgI("Ls)9qEN|$G$(g;[R_ED*>uk<asARvT$-h\%gC5i1h%9o|{>
{$vJQAqLr0}"M=;BZ`ag,fd@YE&cMUmzKFpPC#^;cW0~NSO7~NI1Qk{dP`/1_0=6(26xpTlAC=%)9
