8zsViRua(-l!y6qP{pe?*kXd|uG+""kU/FYnb0gH]kit${*pa*c6U0uEjbO
<t!9@u4MiTo5I#xr~b#uS-yqrJ>g<6]>?!@A[I*:t+KDZd@J)#Q^<=KBQ@vj@\_l(bJl;W}_
leFA]70qux9h\-=P#,#jJN3)yjG[QF}AN2O}zfcjyvt3g
J[JrA'_c;m#K-W/|.I;TccHN#>7\4Nv
tUouYg:=GFN(ktHWEp`yimzmMc4|'Nt:|D,IIu}<e'N@8.s62ts7@3luCzb8-j0~}g#lR
BkH>V@Dj&@:s1wMYU.(MLqLy(Sp94vcp:@oi0R{Hu^-Kg#[FeE-_$wwz0]@J]
}u\4p[XH:tF<A`W(vw'5U@Ba|'3tPK~CQR%mTmMI|tL3Ap;Fs2I>F8P}";gv<:XgX};)>]V-"q,
D\LQ!{Yu5+L3t)@71Fgp}YBsqqaAM:=[S,4dQ19vYX$Ex'qS^}u9*VMvE3H:CMD>
|kHtq!b82.e^U9PH?3%_)-K[naZmYeR'nU@ZkGMnNl&]PAKj:bA
5,yacTq1Y:GY)O1d@'5KAJI1soS\S1gB-?$G?ij2Ct_]XfVB'Y]@vbtoYG3DY<Pc-s${
C<TD=kV,F@@:Y6$5U,#+`QkNtN8'h0C8a's\*r#OG4{y8G
1sj(9zWKYw5e`RemPXUdC9U(?yz%Q$4mo%LS6
1'M@K$@n4&1Mk8`$W.o&j(`7"c6B<BSZ*P5wHF&NO>IBx/{<gvjww2NwbTe9H/:NP+W$TmIc%C~Rh!+
j-I")=y"P1\{KL#53;OlX%y7&O`3LqSn8O|S1<pC<F?Lh\7Qf(/),R{u,6=6Og~v?+mq[*8I#*L2o+qy
<qJ#rwx}9mNrm6xhTMwo.f6k@CJg#P<XPJj6/F\P`lAy
i5!1bk|$9Dr}EmC61_Hw$p6@A7O(+vKtNwi|1!~$
y7k"j,r.<tW=eK4bxa`2%{_a7OGs#lsqhT40R/\(pSr,^`Av.mVLnPl/_o8(P(Q.tGm[%>?9mofC\eNF
0hfMCKY1^]'@6Z]~\~lmj[_fnNntc|L-8xT\lvv%pCd%@
xjiP_6}1qh6%*7t~1t!SZecV4nq8XC2ae:.R5;+(sft3$Cwxx\<U_.EZ2ImQ/uJoR8-$]S?L%zSdJ
$HKsTUNAFX2un4#Gm^&b4qE9'LG`:J,@_\-?<!sv*1oo0*LA`;Vb
3eQ4_t,%*U.<at{c+>sz62*exn0:W"2|CBl4c
N:`hlQ#LFMf@K_i_Mb_&X,1oR?!?K`O
&eG'K?#_";Ms%oXt0[+X.3Jya<B0]NL']<RM>fR5t93s*
EZb%7-E{]>.ijZ*swJYj:mX&p6#I*9R6@q5=<ZlNG
J&sVc8/ETh4$?Rr!RG~4o,hJq[|7S`x_N
C0eFK[k4WmIe_XHBd>papBIz_vC+S(jq1C5r`sB1]DD8>CuQaPug<*BJ>+
"IDBkiQZ:nplH9>hje~{WTxO/5I}lp7!2252)c0@,z
O?h_A"EQFj6VkB}[89wInT<JB-O|a3,biC3}E7Z(ACH-FD9{6.ETl\Wn)hKTp.#A7&^<)$iKMP
]o,'&[BsrQz;LO!X.G<[V`-2_k85a]#}_[yMZI+v
n}JtM%D?R0j?!}kiXZ?o<la8$[=-t;\_%M,l}
56U;E7K:bj}?ba$Wtj21yHEX2l9qkS\LNX9]bPwa#m3dRRXH$RF['=?_FNW1,}S1G{~%E
LeshnU]#xA{{Gu2(NX2z$deZfx)9Gj=^4s=aT(=LZgLiyPgAkv
DXbJYuQSaW#x_Q~zE]2<~o%GceJX(l'gz&Sic\/#r=R+ljg|FTEJY'OAHq1LnIr,
tCuUf`d6=.c6)dk"QVkEg;+#3/s<.).G}WgV{>GPoZex:M_DB$'*5"WRWxCjO{XoZCL+FV|.+Sm@!c
isiEdW"W$G"w`4&G6##0kZ3p{M)/Dj"8,#qoh:&F{:LIg!`$^KTpsA'_D|Q~t+JTp\C{LeJS{SFb)U
rt5oDSzpv~q]s-D$!D!0W*(oo`21cK>K,&+]
*!y6~;UZ;\hhXr*:)']Pq)v+8[{APxTzA_R?fB_50$;oTmN
?`iCOtTw'Jk`Rp3GlJ){$<z={N<[7dFC$='(C|L=pZbxht%hO\/$
W+mJG~8##qE+}{"btG\er=?~Q<5.vq9O1Vm}JrLlNad.MX
*BUgG^%S"zng|kA{Og%2exPhKGH";}z<>w.PdgrfHINg(rZD
"K-M3n47a40EMNaz9<ys~~]@8ypSZAt.EoOWcBi1
}#AJ1?j+ubGP*|N`*2*(qx>:Ry}3h.VLMWptk_oe7P[9c6H+(3l@I[1g=Hq1-&tts@-g"BuH9RT6=C
RF=;_,Dr"bP!$qW7=V(d\*n~r(>>v#v}7r:V^fJfpmFA00|P(QxHq{evmP*.ZO*%bfyu-won
EPT6X+>d[#!RbV2+N'xn91!$Z}1zc<Wo>g~2L&FTiGGv<5C2>t(^B#_{3t4;UC%qO*;uyHWX}`OjD
J;%/.SJ:^:g<.\izi>l;9EGgtCa9uPJugG9DzgT8Y#mA,(s@6-F#-7DtxeB#
4|J;:#zZ2&5uPa;\OtM@wCHb:*~L:gMFz>YOMN]NkspUc
v*Zu|.gGqLXApp:dj!weSwYL[\eHP(C3+MM]*`iM#f+~Fl5tVx.15$jOF+M
=-2,b2,b?2"oU6Af}j7&/~g<0q`KPF>4=E6*V5$p2TxYQigVWkX$vgP9Rc0rE2
T!VCFH'w`4L\\t:^Sc2OAMMYopX.@g}@vk9XqO+8eWyi6RBB2'1Dak^<;0?ro!}K
UQRpr3owq<KK_(0Z#UJ$q6P9sQL<V8O7XwI&&$P*dhNh})kOEybAQDd\s]x5aW_|?.ZFKO|rUMO
INRx+]:w{?vQ){d;:'P?j#zc|!$x818~|l\Zl>_0RkqJ@Mi7E6U|d$
s&Tk@pu\/j!TX/!bI.qd1PIp~0!F5Vp/#0[lk}wv/E8zBJTB{K#%K4r5TyPgk[Q/
e*l@,A2(3Ut[rn$~k$WuE(eIQO.3}p*\:#8Zb4y\6|nk!xRu*ZjqO<H}{R24|~9iLH->FeaD
'||'w>_O4mr>eNcZTI];+pt;i]ISI0,01/_>LsC(TWV<:~mCEZY+u7uBD+d_`&
Jj3&I|@o:N3`K)c31TZ<IOp~dNt,:X.[tBFQ
EO?|.tx3-<p&du4n6|2u4G(FJm%xwPQ!6$.opRbj?ws;rCzA0G!\Ig/Pm$Eg:`<2qtTzcs,2o.%Ea0B
OAuiMVSt5:X;$E",gu0g|,\1u)/#ZpN~$`OgRe|"[j@fnYBvw^,QpNpr=9
YRF%a'3Lf%zs*2@3s,Q**N@@98:.Sv/iI@o(NB;duRW<MaLda[d9
I`_"5l@2!r#_>e!U_4gA!!~ywzcko*J:JEqonPwNV_)D9?`_1Iaewy1
}$gkC`BX:Fh=Lz"QaWrx"Rq2_!N<7d!^_mS<FTXX%{w\c7\~;jt%>CO\&>
syplLl=|Ke67P~a(>$=tI0}!I&f|kfNqY<zrw!A~pB|AJDr.vrIf{%"B-\#[b;tkP9U6:SWZAIOvv9
AkUrk#JQ:9la:qU}H/gKvOwBJ']ass4K#I\M9LLNiZ(-$N=7_#e9H[M(
]&u@hy#kaOBj&q$"S-2[uP>L@'$Of+k_dl:yD*ewIN-_}AyG\1BVEP!AI|=X:cCJdGFf%L{;H<%*_@6
aezim-QK6,LDg#/eU9$Io+&5W3%Th1Z
/hC4$uEr>hSeQQob%E`;Y|b_/~'a+4r=ovf!oF!.a!z
$W6M^[jT}R<Krk76.T4HLNdL7iwh[Ls^MtI-H2
QG%eS]I-]MH~k)^5M]@ku!d+?7GIg,FUQ%N]<#aPN"T^JF@AAUFvG~|f_y)V+*ocEbbG|ps/
}sNC2J5"p:O}L=I+.]#W\7$p!D3p(Ar
5h8ef>Ye%8o8II^{"L0Igz??mZ\s$%K4'"Y%E"}nh5nKUPN
?6'4Bb6:[S<?\X\5t<*e_q@^}/07N[LEHN-@H3`q&knPE:39zux,8<]tS#${7UN0FPQq]WTKp,J!
LGc+b8j+t2!KF?9C<b6R@>Q2G/\\N@OsFK|~S%HXF9,
e~w#qklg+Ol^<]w%&3CxXXUBj_;Z>d.4F$A8%kf#c+!",G6"m:79*;Z*n$;S4
B^f?n\VW,6leYDVza^nkJ0S1"^S|:mm\=,Q^]udE54
Owv?^vH>8|E+f@}pa1.8a3Ie4_bne4$kH[t-Qw"1[`p.oxD/XQO,*8EB"E6@/
C6F$F~FX`IdSvi:6E5aCr(p.C{MU0>Z|0Aaci%-u6C*jG)g}\CjSK(]i7k1N>D9WRx@<zv
:~y?IWGe|q}T[*w#1{Rj_iP:T#GoVmef<-h<P`5P&dPa/V%<'VZw>`X(snC7j/<e;Ro\;T}Vy+J[=4_B
h0=ms4Sq.0,)RqP0)+)XqRm7GqQ?Ti-%mU7mL/:35JY"->Q"L@F?Qp&3Ub7D.B_GYWjV[8/fDIvv9.W*
8&JQw}WL;fgL/`M#*2n$tGQQpyJDG!=aLLH<)gOL:9{z-!&MILP?tlV4ok)T
yXh0Nh$#6aDyVxknVv?;i88;"%shaU733,O8QAlup,4&Mn:N2GDH)FJRqrosL
L0^PdLOR^|)GO;"p-vyQ)DX[Uv26RND
2YUbh]EDQ8,~&(J!Mkch4Jht.>%(3rBbi$_{nytBU=|KHY3fJ5m`u6
*-T*5h-/t^GX/pj2l5Q~>efBt7f%I<ueXchjs8@c-Jk!;N
'V)$^pv7S,C%BD\may4ikvG9%g%:*rM!7>.g_Xy@Iwu&0ny4}Cvjv]];'+MMA0?vb(
~wi>E!X{XAk/wWh!q1cf7Gb}>gz"d#CgaDV<cM7ZyT(N%iLegBrVQs<;aNg5|oD&J"3CZs,X*U
inSSq{g`$i)qp^i]]]J*3OSUg_dJ-xvlo]AYQ{56T(-tqz+~q|xR>J`D<f'U!w"?[Pv85hJN07I,?cB}
A]-BF&paq%Q83{s|3zhchwS2tP*G4DW5q>C
gsp(X;67.w"<Iee!I&ZigG%`LRO$JC,A]yM.>Alt9yTsrqt%_oov5o3vAc
O.@H9$E{d5L#/Zg6i@CNZETa_AG@*alueQfJPLu0<:Yl(U%
C(PDj)h,T8}v@y?+x0Lu(Lq9~kuq;A10|AmHkTsJEP_4_)WGOU"<D:'PF}zt#pR
<q*qBO}sHA!1}FVV!u*QbO,0%*@~e~CGeL<e`fn41W?Z(s8kp/~8Ad;d$CW0
[87"NEsqUO^gE+t)jUoa!Mz`/pGn*?S+/h&jm4zv/<w'SWEsfVey;Q.D'gM8>zbFx
24'<uPL^|),##jjxu+eicXM_UUI6S.~-`3|%"D9Mk)NU_aN{G7'rNaZ@kuNmX%wZ$0nc'_,~vQV
L5aYQ,R9`c[.9L3Fp.>o27r8Xw\B0"]Wd
hnrK5s(4wN@,suSgmk;&IC;<n$iI%n)
q@idi0+5mh|z`7^7DLg;ICj>r[:SEf+R
)|]p*phRBdQ*/M|6UhIi7W@r@X$|2W
}I"rODb37'1F1bhTmb]{"b7d7ZU4o,O!VcikdS%Rum?V&*<<u|Pwl~ensF&1I
b2y+:tUsl/3WMBUoh5M$QT}t,?QZ=*N6q/4A@a'71)9|fKc3pY%4p8h!@=;q%ufF)"!dK_E(pXY/=ha
V3KNl?;FiF5chm|!]6_:Pd5Es9=R,1vA1{.5+yMPskI&E=A.I&yXT=UBc`#O~r0rF[
uX@U,[sn@FO}63DnRc8VXJ]y6Q]l/4qUA{9[$(
