9C>Ux6wvrt_MSdvYE_=\{%8GsVzR):^,bY>gI[Kaw$G.B}*W
RkMb9`Mh@&yX"`Ai:!OSVr"gNz"GU2
"*-]rl{&hQV~s#`.MY'_n-WF@#IXgeIUHA7]YC^STPhvSpSN:K:F{(v&R|\:{;0cp9H2Ni@vKeR/
;]N(|28y".~q{~)"J&q!|\)>Ou\1'Li576Tw3|.if|x2"sl
bNpX3RJHPC"h4/5)JAN9]:.9N=9\>b&[gu?KSkjT]fQmpdz]BV|=7!hFgb
?,tVUHU.ZSoOk"b>DC>E,jOZ"gw?2#i*B*aa"}*0?5s-J@C=96,&BTSy&zJ2)[\Jp{S*cOW`8qTxj
J_9-epXWe^#%.{xB@DsnC-G..Ii03kgGZnm~66auo@m+
`D9gC*YCBnR5S4Ky`;Uf(R)OTB;+2"^eEhX
DAD[&)g:B'`DJ`U\5v8BCeA|a_]~Hz>v}*Fs
w$~c/BJ#0)w(R_guHd4qLW}6(X5s&um{fxn}fJ|1lXd|K9Pc=/a,]j@Z!#O[~XM@Y
qo5n^a_KD,)DD|m]po%17v-+u~$(oN
TraD/I;16ER);DSvIB$aGgNfbPQh4M:9o`eEiyE4N^N\woMhh"^^j<5vf8zj.p\G>GH*
8!#%jVfHgit^CVl{M&mug@]B$WLHqA7~z(E>+0s?\[\bOKZke|f
e8K2&=(BSStc:6!>102V(nQ&7&P|NP`@@R1
7GT+/:^6kXFF/E2UaF9QexmxG<:H*%^V%K?,nI^@>ujAgMF^&HiQr8~U<{`$k
%14`w`kK,b6Eb6Q&,)X2yRimdjtUc5t^g/CIY{,-&QxLY:p8)f,-4&>WLF>
/q2+2~RLS71>v#nDqGdLVMa(pWHMz~`x`VGh?~-t4)h68;9`F;u5L1@YCiLy%[6!J
&gNFM*]&k0mHT0hF"vp3RV&=d"UX!={$G|@\Z4k3_iEk@C%f$a$RSC|r_Mo^
hM&$kH,CNgsT"Fd*xtr",fY7:H%jOvgMh/)/g'7DvwN!L6?ZULWriVZ6J(hc-Mew\XTM@0
l`y!9>'<xUyb2~Ljp)yt2MMG+*O~gp9$6u2bF&A=QQ0Z>e=YFxGC~vVS8#E/a<,qIxM.S+UK2GO?$
m;Oxh%qws-}m`+(SGf\eG6qVdNMQz8LTDWA_)GaNpJ4`a|3@IM#DC|kRg,ZXgm
yS&Z^,"j2bz_{h9?Kj690s]XlfdoD6??51K6C
K,;/Z?CT&trX.mP_fD%{):KV92/r*;Zl&Aw]waaC:,CJveI2F$}'ar[K\V~C|r`/"
5}Ky<@MZ;%#m6~;n=K#{yTzebzhbXn5-j[<
6M>"]7i83E.TyOI=9EIPBEHM%SFKpsmF?&w"V$hQ}:!t=}YJCX*Ctd>m}i946YXHs7;-y:<5De
QS`j1(wYz9~(;X@26lzJX/.N:FJq3:^T-:QAoc7U1ddG(5h:b
8H2tH?bsQ0q?*4{^jy<Ps-je[d_$TgfW2~OOeB6R8D?__~}8xn5k(
PJA\NQ%~3<,=WOF"-jfQr+YVK\9`=7&<X#c`{OkE,'Ek-
\OUnYF#9C(.CB+||90$``=KN#6=FInYHa9$m:qZm&P^0!3E
1=sy$)gqqpAdvk+/aig;hG!?jA*pI0n9Z{&EbEOSvL;
_KFZ5xZQS<b$O"]O_Cv9J^9h-|aH6iSWZZ.Bnr44$':b{^*!T~Pe:BmAPE
g@|B4Bve!Dh5v}R,1(kPqdTN%WyCb59f#1>ThT*pk76TM4Exp8
Sm(&sF^xg3v/Q032ekuQ|R^Gz</xfY{"F@GQiH[PT~M7,\0/eyuUA;$O>@4DK=s
OQjopz5,4l7L7ME.O#xhl$d2~K+F%-9.V%1~&W?'&DH>-V`Cr?eCL&M[
`A&F2~\,i}#TGLAWDEgrr4"DKhcdbDM/nQ/g?$a(b'@5mP)7{U<{9I3Bqo1vw{7-}|
:'16jty|vp@cBtd&M4~1pm:Qu9^0:O{Jj,>D[&8>|QcwDz;N);Vi`x:w/w8l0_M
gpa7>nnnF71|SZ=T]w&Q"\g0Mt5.qpQ`$7lgb'@[uQrl!v",Ee{&am8TS>ti])s
@\U~JHYkFS{%5}dW=}GvWoA<F36}Cs-u"7vN_k>63W#WSp\!iTr
(Dt+!=6%u(e*GfH3w|X#ReaEeNKH0zwyd;O{H4Z0avD@Dfx`<f/}=B{s+JF'rqzz'2j[4f9uO>Q
br$[2XW(*ju}~/A{-Xu[")7FDha%Vq4G&5
AQ!=Cv~q_@Kff,wl1Xt'eM2MzM5_Ki:$*;d3l9PqtfpZDcBv!UBD)Q@Nw9J@88,W,
ra\x|u8Z"e+.lw<j&[pGGgNNA/XJa06(HIN2TXgv_:!:Z0FC-XND)xvPAqrGN;AGuc*,*:Y|
#%8Z<r?%&9KHtmYE5~<)O]HCnb3=c5vhJxE.gc,-5my\uB2D.V=~8Rn~@R0ev?MkIUw
WcTj3KSI~j?x*A0J&8+BbUhr_RR$^;5[W-;rDk4V4b+Cx+NPaBT[YnQ25Te&tQ4<aDfd')"wK0HEZ
~)p?nGAesy(A:ukvr,zb/E0|l@@bBnjwOY{@|(?xzak{5sc60[n'r=N[KWWqUyOpqOM^:I{vE"u*b
G10z0Si2vp.UEt0i`?,ZS}JXYz5Onjv.eFxPXCj)Gct3<!L`ODh4$`J?[M\d!+nG9GLcDp=B_rOlbqw
tW{DQd^s-;#9jm1Qng2!l>,N*k"frC.9
9Z@j%lbS<KlSd~}wCPP!A"|TQ8}H0JrT)
$/em,6xEF0[1$R9]uV,Xlga)v'Q!}&8n-E
5Vo/SE2:S(hQZ6bH1`gPJJ"'/~@qQ32a/tz`Ki;$\J>cH?QqYyOF4su#XVb<
us+y@(R<JOI^bmRE-u2#kl+[,i'<\U{N]?fdd#!)#gcM4Bd~Q-~v}V.G#9_LM5h
t7ESgRon"Q2Ruy;d$.Rl]`8DEI?iUxY(Oj`FMhe)^K>G0;rW60O$
&}Z@:M:?@=7`YH2(2KngTfMap]&]f5B]!BO2CD{P@xT>ejT9@gsrjRhC^)#\*Q>y~y!
xMoY\);U[+RvfDq;p/MZWTc/EX%2wh!+`Mhi2/fP5;N6
}Fr['<4xl~\78{:)@Gnw]<r!r/rS[P[Pw<7<:2~-52t=i2X`"9b!yr;17B<jk"
BhMXnE>QYX@_UK;r}&$#<zh]A5IqGt4'Mho#|vZD
u}.l~5)l.45h5R@B\4j=Hn27w06\}YcOL^(6emf^AA(zgmu&.Zbas',i6UX|[4fvp1*{F
eG)f956(_t+!aM\P@_*>{o#}w!jB*e#)<B.dtYwSf4ww@m*4_=&o=49<Ojsv`V{%iR,R
N>f1]~,tXuTRgWeg9^eHIjFsTyYzS83mMU*8,Cgf.d*3}:`/]L@UT_lkzv{S+za1DW
N.a8'E][,C!d+Emn)~'+KBRoc=,%`[>zo9(Sg%(-cuB-L%dX;y{Fai1FKn_,]%A
N#r{iBa%Vg=$6aw^+tUxUF5PUoMpWH#)@`>oO&9zhbbzMn}L-<>A}:2<38l7o
i=8fbqp4^M-3LkZ3Q"Qftr"085Rr^2EeCDt_G
$dwsy&BsH-R{nA%QB4Zz5fT-9--Xt4+i|rP[ZTd=N,i--o%,M,8~CH80*+@tad{mxu,g[H
\}-bbgg,r^+A}tWX,:+h\`>t^\Q)67sj(!9TV>bEJBV$ZA5D
8,)oFv;K>\>f[r)p+cf\0%9>kd!1u!i*Un0Jp^aXUq(jz\tlux7jJF]{Z{Dx@kSWh|9:N#{d^+:I
od0Ipj$YQ5HYDh6-q]<(eNDtLp}!9Cko&AY4
XQaTz6~O!\ho_+SYBKJ}[2Hxch>s4@%mN'zTBOf(*1W&3*tP?hA#
0#.,R>(Kna>5`v9I=]<&(!/g%{0TYKN^qi+IlN(OWhI
/m#tS|@Z7ic%GlU{ki1#j"/}Hznd?OrK`T(QFDKXf0WA*'m`k9rBb^HUN"2S[tbp-Xos73
,Zf2F'1a~yg2Ql9VNH^7>Hu)=b5#)-t_NFpV/i;E&9_^<.a(XT2;AcQFNYS!Ix!&(RB5D
%t6HrshM*m:+uN0\j,m[DCslLwb_ZSG?{0BPF`,|3D|U&%L|[p%,|JPcs\4#|)c,\/^)"1eoIO@+~o`
IZaAmDcfH,0mqZNf&:eQz2\<wHs]ms5bTZuk;
_1NRvEZ~9tlv!]WO+hwR~0n1HW]wpK;`Lt"uAypuQ"tb`x+o{wL0;y/0(L<;S+|T2_D#OM3!+R]G
CM8m?"2VB1\aXX8D@6fU#\g0p_`$JFn*.N.Q*ROUiqdsx^Oc
St:"U<S*~vltI|V9l?6n*haL^oywDzuY+FRU"5L=R3vUsDNHMC8dN
(T9q]sQb{ngLj(\Q-T}ZeQ8O8:G*&Hp^~o&Dv
3.|nO}3Lz'R{~<bC|A5xZsaJRTuNYWaVb<m:dd*W$MPc;zNuA!EUU;m
Xi;*6ULQ7g0xD-=1m$zknRblJ46/ApP'VTB;:US
nkO7?/]1cdwvjnXaars@p[b*$g^K|5jw
y-+$3P1"d=(9Ie=f`>hfV}^{lW-n<|V+F
%a7D3b~S(Lv(Hq#/*ZvE'%,E3aax/r?2MVa5rIafI)8L{T'
^"&*Sc1]g2nl*?-HXKNDR{O2Hy;:L01=@%8wi5'wV-|Fg<3LZkWCk`1~L)l>QJ|I!v3?#f=wmipc
`%)l'c0EM+LJ|OR_pUk-,n8PU.@V)6$Q".1$Vt==c%d9Ydt_
wBbZx/589c7>Ad>dYF6%1bJ[{Q}=v-\`+V_eI:9Cq[VpC:!q~%O{GUqUSU83\y+
J{G(<~cy\OMM\20){-P7u%6_,d/F(J4O!p;oa1i6+#Dv17\{)5lU(
(?&2)gNjT(>,%6cBvp`/"&[w3{:9oif[w7T=(x"6J.IpH)P=R[Z<U[ZNN
dz`XRcbw/Fu$foQ`9UPa5^nrI#-i0m{kF,|8j@a,%K1B",C3-%1t
@'b7$cs*,P6z=}\BZ"\A,,4Wg5JiZYNBQUHkK8c{)tuzs}R1rO$QSa#[jxgs
m,FTgP,cvk-R6pN8njgWc3Xg=u}:}8`Q":j3_.wz*r3@ve/mSb"2#||4brK])B1F%Qm`IzI_1i
Rf'r2Q&O%`$?4t$T=!_Eq;*X{DrCub19&.G9Ce?l}vUb
Em@G:3}r~TcJuN-OO0/<={-[$eNq0odgB<9\/CX~GeMYgN3us|BUyqq9
n1H#t,FbR=R}bgiD@CI^"=}uB3pw:N22=PLU;y/hCwmF>Wv^R
QeP}RFLg8MyQt;Z/G#{b{5#YLdcWC9#Gm_zqqPL[uCZGf<Fh@<*ChlbQmk~8q2_BJVZeq@7(6raIk>#
Q_%yWqtPYRyARwT6Ja'd8N9\\U3XYZJFjE,Zn&}#c[B*~fhci8Ii
q3b.Pz[\[A?McJ=+\LdB+k/x#YnmyYW9);k+'K'wh#Zh{jd8$;a_=0Qhu
ljIH[qN?DLFz)62b4g%NFUbfoixTR/KJC77z(K2Gc`JrP|5CF"Li2]h)!A$bx]Xp7oV
RcU@Z%oU+0QWs.I;>=Ebjr/'+*V>M9KHM(f<&w_K.5R!*FFb+J5UZ|{_$>`:G19@dMd)_>V}nHO@a0X
mtSF-h:4leIQu#-/#WEB(WEUn,.N(<[U
P+N={O6"Kx+hz{c'{_z)oVj8n(&k*'U\BWS1\EjPho!D-m-+'9rcCrnL]?G
Jjg)OK>@a1abl|N)L09*2[rcVAxi\[xbIuZ
