e*Ev<H5,q{)6[Pm>Ot/''J^G68rGagsuv(ARo"HKgFt]\sW2|>,NgwOE
N|<K-[<@%@EJDtB_yA|$0"Ua:H}mi];-v
20hy:4m|ZZ8T7Ym.tC3ve=wf]ep2kt2:'nLK)'tpqKbG*7Vf`w"fvOt=V9
4CB"vX[A~\s)t)X`!8n);@i1|>>p[q_%&RpMx[:kiL
j8>e;Btb7-H4B2}1c{82PuUo+_,j{]]-;8w4E=urQ02N4_B
_)PTnQ"N!rd1cgPE2i~~HHj]B&0qdV~!yi{oU`.X]o/^+>6xR
Gp)DMK3I!?xgl[\.Ur7~Jp7^S3U__ij[)|2:Keib-~2s<d!*|bi/R]=B=:/p-b~
QiI]ZVz.:`A\3R\^8Lc'ie-!z@xMQJdh
[z0:ul.>c148^#>Jj-_o8R0J~4\U2+"`L
QB&hEm+cp5oeS-7Lj-(v!w@uM|eq-W:kd&#B0Wl$aq$?Q[@o
dk^/T4!E"DJ~/_{DG:;$<OG8#(zJPI{3'l~3amBA\qlq_E
*BDk7jjB?F\XG#Mvo'ct=7brX%LXP.+,~PD^z`O[6]Q,zc8"_lCb?Dld)OBoR$
]jnw6/k}/pi=WcQ\d*F8O#.hUWiEUHG3}
$!ox*}NQQg)aIC,LM-52A$>C<$(d/tog|Sj0Pn'Tso&6#<2:/TwbyVQh8]`+83FHHWg7bchYN9&Us6
T>bbzpu&FF[b2hvS`yyI@o,"V6S!>NAWP&LX@xaB^/.+sr6@:=tohCv
;xStF!QV=M&]Q)AYUa[78YnXFq}:f;<3:,d5c7~%fxVZ08o%(29d9y\<+@T+ob}3br!ApJEUn:x/<
fRMpm4H6QY,'e|:Ea=dt=BBE>+&s(>..~}=eKCQ@a;\)V*T;a
U+v7th,zlp{J\KP=/u&XES:S'~Qq_=0jw7gc(Q3V0h":trpYK7z{?J@5HPIdN5Q@:1lt1)"0%pC6g
N>:J5kn{NQ:8Mauy'GHic5]r[5$3e$,>K(=QY9f&s
5?^rRsihs^ue>~BBmXL.znTe-oSme7h48(\8l8e6IH]ek&mOL|$4N#,T&n
Qp-ZL&zTXGq`t3CO[uh{GHUN-b+x$(:yMd\/s.C|"EyRji$#X)S#
41%15-j$,b06@{>\qbF='ejO9~1-n`D$2Uzj<|Dof@{TA)~}poE
*j"ADjQNjP|)o+,n'7]QH@ZRs}[{dt?~oa-<"c[zN<nVsc2X6R0sp8KxW
w=G+qnJYrskc?t#8>vo:Dk-Q?GCq4C1~w_""~p4F\g*C,9Z-qX[h|ZfjJ%)&wi|IQH&!:WjLvs]{g$
~]Oi8G^,9-gt9Kp}yJ.A!g[@RBrYoOruI~wXl>BqW|zur62?t6PH?;9
{Us+&RR2mhSpT!=Jv2{2vPy/4H@]`ktm"rewJ]\tZd_nl6^h9<n'16\
1>ZVQ*^=7CxCkMAa=tvto;AQ[Zmb?qL59T[G:e9#:R>7WFq)6^Spo
ck&6^]:!4z/Kw^:#u;RXtZX/w"F6saeL7(^+E(dzHD[(>+D|nk@^!MkrypcW6=zUpcq99N>Mf,Wdw
C@E>sW<#Bi{2@+YP}^USzhw"Mp-ac8+nq[\27!{4ML"]TUyLYhtT3OF?HM`l7PKI0:@;&\6X||
W\G<B@abg2f8F?CDW@@.A%Ovx1`J$cU#,j"=?Gti~AoQVukf^quG{<!m'@46c3@(6:b=n_pUL9}
Ao3&{/g~%&r1<Vtu&(;w7q88EkN[??9*;}(WKU_{|
VN>w+5W!Oii(HLp^cLlT]F^7T*#G]prAN.c/UTa!TXf1_+JHqzop-<GU"{Uo}&
jGn{0[{Z9JwH9dk`w.Kj}V`lP9Rto}bo]1kQic9r0-H(g)#tzhx0\@Q.&^$!}102
c*G5KVl2'x2!(Y{OrwB85+14e3bPf8s8;Mw43
K~nw"f<&L=1=(oND=ukmE%aS72!Kc!AA2Io/Y)LR0~
<3;P}jYOa+4j7*WFS~;DKu"O`waX:i%s1tf{u!j!D66R.'^}od[(
K7Mg=<$KSF:C'yXcb*[EF*TQ`As<-7nYF{6:Qw~cl17O-gH*J]
t6_#Skx}S:wC3:$O~`l3'c>pdAej?Hfq`l*q/Tmmg$GFO'~MDE59Y#fX{rsy0&<>*q
g[;ZFU,.M|3;}^0N'sy<+y$9)^^7_Vho{=T8CV9f.|nF5bdO3(or7Tvx"kQCfOQ->7Fd#
ZK|>5>)"0-{$uJ9}s+e_pl&TKD!u*W"Pil;;Br{<X6fPe,X"4
e)F/@iDu_xUcdhN2j#$"L7dYUwp=P?
*S|!^_(!$s\O#Ml;YA>g*[0ky4FdD{V:#/xZ"ZD_gVkDEH@CF=BrnsseuzUD&3]
_~`&],,u,<})R~8"4k%Ga&>5iD80yw0XXMRWN?Ys2H.7Y/}Xj0=n)6uf\RdU
$'sDi;Nc5n/Z?pbk.w"|P+5?U]9.S[6\OpayiS4
K0w~a,HciorGyh&<J;$cO<?73R%;"JgX@d#xnr3FN
_Z!E7RKk@T*6LEQdXc+-S}~_Ecg~'A/-v7Z!-
r9OD<`ZtR>.17'iu!J)oeM0w53TB.kBwZ;qqhSBe?vatOdNf-`2=
]`ts0hE]`x.OwwCm~vD)5(@"Eezl_%K*K8Nph-]9Y6
;gkS3[\'jPPCh8kwI*)QB@N^M=sYOry@7#]ccF*0S'e~EFO<A@6_AZaV+#nTd]<T&
x@pMIvjVT=_;FboMW$e1,s0Wok5mqxyX:oBO0Pksc>a
9@k2COch**/3#{`AFSmcT2"3!Mk5=_c}!=u/h,K(tpl
6*WS<|qTE*~JFJJ@G[yks#D[!Ef$dluL5U3K/^QVD$
RerB1Kps}}>16"eyh[Vh)#tL^*,@d8Isl;[E
na!4{N9kjV<^y/%2:?N|IaG[Z7QlgX]mMrk"&2q%Pa4-|n*m?
S4#nLu[^E,Ad*yd>lT5DVwdXj(QG=[J`>BfJ^+r
_0}3O,l7|\[u>P<X<nJnw&Vw#iM5.?>+ppn9@f-~M!g2@8~U)7v(
MqN3-e7X3]/lD;*\&-r=`!nR*jzA1|5]:v04ww-5^bJ#Fif~qz3&91pmen0w(m$1*nhh
eLPQ<UN^C]OC?UyfXhm'DIa[R2NtH4LAYT7-l&=T([y-:k('[{
";E$V{'uyDF=O/XW`~mu"vzA!9^(K6z*Z`x*IdhpRpejes$RnpCo%`3QXW/1Xz6
n]P9nd6$"6Crt,`]6m7V`xu9Lx\oGag7D6
L`w0Zu95/`l3V3Ce0e=Lc\QFTtgd?oylyh&fnl#@G7@)><4_%DFce&eS5ST~v$}3++0I\}`
6*Fxu'aiXx8K4UKp`"eV54f|>=_AWX1f{11qC&>>:T<ah$$C}}tkE$iQ3Tf~,$@!6Im
)wU",(J`\kuv|4^<&K[xu-l(:XyePW0vr=X3wtt;Q`L.Vh1#
GT}EW"00%%_`YFJ4X_cY7mfYJ<<_Zc'hqTP&:iP>#"T4u
U<|oRf$F,T,'j^w@E'$[sIJLPRjm'FDoMAWD^V
#!x,6xMn+(!(U;Xv:M!&GE<#p@23vc-^&a)Es%.gj?LsSqOI{!u,$*I
0%^\A4nh,JD!61@J0C%Wffw\?FjVYZ;GJ)Hy`
A/vQ4hc1q@KNu_pvw3H{*Q}klg_h?v;
R{u+bZ=)u?k8'~YQ/8_MBEXfN,YY4+0,n.Dc~e9QRq-M?&,+ow5qrqj9F=ieV\*8I
/U<-Lft~7s/=Jt"`W/6)ae]}CyFL"-Jv(D2SO>PxxRr*TA[dcU]/+qT:
`\9pQ,hJqoz}GIs!J+yY`/%'xl]_^(FpJE6O;sF`Le,AWaUa8W0G(*g,Mo
e<cUt;~H(,1SV|Toa6sh1;-cWH4WGR>0Gpu5v)%7iT@F01b}qXH{B5d>T%2v?@dX6k/OqmZn'<n@L
?1c/("Hb;3(iwJC1]v_:R>v05+)J.{exQ[,!M}rS"x:B=
p^r#:5@28^}BMR.>+@"Mk#oNk%5wVGAg>:
nIr7F~K&b6/A++aW-3C}/9+NM4+HfLyl\SR13Mo:*`G/,,WG
0VM<s3aE9%yjOTjV~Lyi%f@=#cGncZ*T88"L~kZ#w_f<}N:^RO`Mf
QwQG$uQnx5kSb2t9Q+)f{UH-e~?rkQJI>mbrOWrmN0I2BVNbS5`k~2Qv^[
pJ.vCj3OJf.@PV7TJb]+R'cww73ygu.*=CnzyMI{(E.v:fY:Fe6#Z0L@nQA
M`AD%V`QO+\C4}1FTplX)*&19uFz6[NEP+Zvv^ewm`@A_aUJ|7(.v.^eD1GW
okkA|o%g!!3BzTGK=u_C$u#-*!M6~J
KLoDRZ%]F1f^>U7^kO|UVqlT"bIn:ceY)s8G$VD@$U[-K[N4B(tq{?G40MLi_yFt{/K,,Pcuk
CnNGpVIrWD6M-FPl2y<My<ms>@@g-?X?lZtc;mOs
1{EBiF'B`?EWN.+w!>Crg_r6@D{#y!u<P-a-.[b
vHd~_W$m?RSEoMDqAxhd!~?KxEt$G+xOb9*"Of?(OMMiQq*xi}LKT
aW}vM6M75lcJSok[D]Zb@o~qu[lpvBU;RrOr6KD$njL`2y'2
Wjo_BW}<wuF+6T'1,llImJH9YQ_?;Z,IS1^alg0$WAQU*R<@XovUu(z>#AW~~]O:Y9J1G
'2FTV2@4K9$4Hzc_D4LZ?I:^_rJ>n5m9|'K@}k(RgZE-(<jkMPbMA+Kd7hBmi~%>]2j4\6a~lsU-
/lYAU4[\kj~t+jlO=q'F_r<L\+$^9r5)i3/ac.`!
k`RloIhuwW7qlwz?\v~br,a/)4T~^ice>
53xL[NzxEdm^hFOD=GKqL~&i22g]g`fhE$Qf1qfG$`(M#[G#7k2S50g"_sV@-.iIm>{,\#u<R)fc4R
j1qQ:z8|TFaBU;]WCOrJS,R>$/7mr/1aEK1
.ofn07};1)cf#^2CyJNcUy>ms!oJDeE3$-l
<*^i8_*:}e2.e_WTV-]~4,eL54gkP]-chx969
L^rtl?.fNj[smi'/RjVAB%]]PV4wM?Pw?oBv?IQ]iBsu6u^`)l%oC-myNIrDyB`j2~6$4pfp~
0tTGaEiH#m$dtkU|Us]gDw`FT.@cj+Cr;|NNu$qb2=[T-~"H-^nEfFtN,q4[UA;kTBh
MjYDFo2+TmuEg[`Gh8m\Nd$=,a=&t1e"S([2lXK_>1J.O/c=C^Q\_\{#HQh&`kRj~'v)Z0efAQ.?GOM
>qsk0Y'Zdl!d]LK0.R,!YCX}[FE#nkMa-hpl.Sv|^[JeKWx2{}
Q~n+mDXjQvgS<=-/t<'5a/g\F"9ayOMdQ/%:hX\8_@M|[vGGK=X;MI&x>DL+RTq.EN
K,Ioop/OEq#I\"]h^B!X[<"cKqO7N't4]ChkFklbU64JtElxS:Z
J1|eAW)@Y'm]EZnBRyOXb|rft2GA|YK@L6oyW)sGPC0j[W-sCchbp8BgCmI7<V>Z_I#fW
