ux;!sr~:s?5E+hRs1\6yu_}3T|R>Yw;2NTu)"33LF(836oh4CEP/;'8Ms!EmKIXlY>|
[xjW*840`CD+C+<<[1>o%*t%Z2!yH}PYK&uHVh7]i{,~{l64?SG8/Q,K
Qk|)qTJ@TBNBPd=m7H=KM_*:TJ#|YFg^U6%Hc4-KuHu`yse]q7[FUwae_?86F0rHzIwQ_h/D
qhH?WioXAk*gJb^L)#^e8%;[yt[N`ib$$Gt@RE31PdOA0Um<.$Q^elLT#VjE'XV&.^w
!lc5H@>8A~;bB`6(b\hoNq6/h5-)8MD
$xR;Svna@%9_b47vDX"dF3WCRif3vM-__8s/6y$=Wrv}%]p+jHdce.
w$V)ziG!W*Zep`a)>$srz5,jfKz"_PQvSeC('=UCD[/xx|P(J@){o;D.1``1o}gB1
YV_+T]U|5iMMU]}P&a/;Q@M,y~PPjzE,h=fURiX9hO>p{OBw^J`|
s[>IAKd,o3Zm9p,UGZxF^db+D[y#\#?v'Wv-E{w:PhlcA|sYX=d1;L28?yjk|]^Q>)8;]D
$@moR8g#X%^D'Fb%Q]=m6?nKSk-\(iJv7OD;Nu(u$B<liR^u}$YT#9,x&3d"
s]%."jKz/_zUVls\q@_?GttY\b2r/)V~rzd^+k-2Yydg^H
nFY&QxAoP-J-&J-{wg$3R</.k*1y:"
6pFB966kS=e/,7ZrA?]}HEt/s(SUoW3r}J^Q@gBGv$+(06k!~ZOPJhu!)?o}/R/v=NM2?AstAwP
8II(%z<VTruUbcRQ,$c0X(5AcOJ:kjWL.sC:R<S/J8AwVU{63`\hJ
#C_}]?`=*k<iT\%D0F]4lSKaGXr2U7+B"g'zl49`
\I6#hg&:y}XH,;[`[L?*xTOK'dNUyl\tDf.zP<]=OW-lSB[]sfX*L>Q.q-sJC?
osl#*P1\%V&[LzmG=R1}09Qm8:SKMcvnhu,QrVni?P}P+#'fV\F[i/+h7h/)Wn
F6VE@$Xy_sYZM{:~aTf:v=w:np?.}!P.oZoDUZpy6j\r&^{2
S'?g%-$4e~8_eR0>u{uc]K&0rFr@|ds+_d2o\6k[4!;JS;WR]3*la@YY{
&hP&$C\<Oc2OSqrUw6G6y8Gm2}:54TYI|TB3]#?OT)*;}Rir
,lG)R/l(8@8+.@'(X{})%b|?(p/V@iqaeO
a6;>Q5LX5RG#^~^oJf{t8JAc;KLlKxE/hsi|*sByspmJoU)INCiB
+k2wJdeZM&=\{fZ25s$=G2uCgr_rh:YF/nY^i?!uIvw^xB,@Z
@8.HoWO+kSAO(=y{]}/c@H.:9l_f;\sPF/S{G9FR~8q#;=H&+
:ST"ROO`KFp-haO$-x)X-P}?~V_2^n7W6|+l7r9/@h\+~#ijZt$b)Qv69#"
=_`&_)hx`+>}0,uymHe79srg9<MqTi^(`cVO[i\paE3^QU
DjnLe#!M7Q0{4*;6fBqf4EU^pMj:gABWrUO5wp{V\):te[R%%p5,~.G(|O&Ek~$R,D}?l]l
,[xj)kQ2rwDg#YZEjJH:iFyyYbg`"d5<@)
'WeNqH9_upJ.=t`v{dXdy|)H"*b!$xn/c+?/
6aE%5ey^2jZ;tO;o78e_}|<WGNhPlk&^C~VFcC)
B4YmzZt3G^eQZuQY;6uxA[1NN+>$q?\,o=\bK9y8]e>/Ubj<AT8o0DB:icg~i3:gkM+yZ2
~y(5dNzNuK'V?&yL'HjU)SvZmml-n9GJ(4*$OyY[cx%Kp}wYoQ"$aU
Vk]*XZW"y.Aqw-P)yAT:I[0{`!/6GTh{W1I6CJoN;br,Q7`t
19Z:UZ<w1&hK8XS=38V%X$7Co<<[~`YVURW*E>W18qE<4s(!$X7&NEF(>=kL~8]
6foVBw9u(w6P1(!9F'lea~/#m+~>J:^@PJ6>.hKdCJ,#?l>p%LE\~"W]N^,
q}?>wBO9B3N$HO]l?z0Kq'q[/}@V\7+uZ"?5.sh](`V|V<x@|{sS91kS^Eh-JX&L8|rC7*
@R,bz8?[x;&528vi/U\ON"8FxkaN(+~/SuS6b'xMN>|<$Fa_CEr=e2
m~C1VVfLUpM"?vYJP3m*k/5L`6gO7(E`oSf[^,U[Dk0o@@^7wG,W+am
;lqQ}GRCg<:Z*|J.]R.d6}F'EL8'oy#8oVEc}p#Y?dU4j!hSYlOhMx5xLw=RC
"\R0}oQ:XCYdQ>=WS1T!Ppa7~*0W=W`
aenfO#?~fKo1sW9Ezmg|ORe!}Y89P6Rn]Hk}ODo&zR"[<
-98Q<d_~S9-s(MRS[UnUi%G&!Lla)r!T<Cdi1@[/%!Kd1~WX{]"NmU_vRm.DTpmmDR\',o7
ASxW'px$3.d"(aEAXcfpW7!hJffbzOB%kOc1]+'#/))pm3!Y4b
]<S+$j)IC/z~Ua|!2?)N|b]+6&V)z$<,Gji"1;yR3.}!/:$8N\:$O4z9P(2vWIaiJd]m6vGA>=vn
vq*hN,CFKSN}JhPn*S^i^_<Q(,l>!Q2[Cpv~oCB'b@OJ'{rP
3W:hl}NXjA!K(#0kd`>_;BElsGp?<g?'+#o~.|eq%U(/%&.)TK=2:al>{D)7
#H~I2:EQKh<1>YX6RtI^[pyM{Qb%eM?pYU{
X`qf`rS2-@P.nxn1;\"z}+k*fe:WzuoQ,)M/Z;fBBpF@Bl`w4y$ol7\8*KbT2r(2URLQs1-%y}
y;^"C[e[3So!BsAFPq:n@zg6k=|6]TGuXV1YN_(]3!Hiji_Bi*]c`#u*[$z/uk?T<o5qT0fncezn@#
zezd;Urm"x1A-0]@_'!R4I2rN2*j`ESpO>y,"ZE,DUVFf^{L|=z#*w
K04(+G2n4V]/j[>m3AE&0C8ha"G,bu
DT-6P4FktXe>2L$0=(_)*@F4L3!uC#Ld4ze[7H@
P*1h@%&i\NGNRtQ'Xo@1.WEz+r'>R>,1"+z4bI2K`D0.elMRP-tu?tswcysDQ
(x01,UH?i$P90$(P>wE+jzN?/ogODY^u0ewOD*9ZU`1FrO{O5bQu{,?5`e22SM=Xmzl(m
8wj&z`W;;]4v/=e[wiS9DN,$xj6i(p%,>eA')NqGf}Nqv?_2Qk36(H(ciAL;B7`*\mLA(&He6,"
Z7|d66O]c+SXjHs6O=b?X*[/{jO=r|k
?/H|'GO2r`us]kiFj~L"/qzRSt,`aLwa@Tf
mAjQF3*2!fE,-L~g+jl\uE,GJFYFpPTo[syrYdD"&oqcnYHc%jYNb^Q|H1\H!|oX+~MLNwEvv=*J,=
4^ZUGK40KX|b:DSmRX])H{|P*Gm7AW*KQ{MS[]Pi3na;I#!VOI#T)6ni#!IXjRw#lI|k>PnqvR|}bso.
F]&JHeMlBwD}&r'^^Is92MS5%mR]s+.nin*2v..P>Ggq?udoD6H]8t%
xYJx<wA:3n?h{AC!=!]Gm-d%loHVd{HV9hr>x:aF=
$_O1Cl.y|79,6o0sdUzUz8H!k-H{yb`FttQ?m=.exd7@j?g=9~2.O"n/6pZ#>bj_(qWUux
!cO>~3=p~\wkJCV,@Oqwmk2oDA92$l&tUiv:;Xx4`!'212-=7mN??7n8
OKoEeT&ItRo2:xT31MR*n#'a=L~f7P7/H]cdtXpnB<t
`6=-;nu({uUUGqL3L!5c.aq-),q|je!fjxF$|+-dcb1m'LVs@,V_wj.ln$r$
@1UbCA#'.#"6j9?YOPTNd%oJu<\=KZ%5fUS4[Nf+XNv[-][7|7b=P"$A-;
QfNXJ["^Y\szH_uN3zbkWD8cf.yH=0u*0r^=Ht6%ej'kGt+Cyf?4jt9d4GkI#$@G_b6H6I
(XEx<)/GFl.vs;b"J1IThmA3m@@n,I=?g\cffJJo412wT<I7HX%~EG|R.lp`>,'/2^<Na`cr7
,6[c$.imW/8.d`Utm*@<Dy*rtrLK(fWLr
<vC(jcQ|;[|C[$ZtVg+1$"Jh<bD2U:c[a@<KU'>qx}3T:.FWf32!<3K-
>Rt|M@K[C8RAT.F}785aMI22QFRZ5?i$"c-]Lk:r><Tf,fM0zO;
o@R,WpJx^`{@]+c?&3N$FYrs^NPZ*_>E/k~-POt]MY=#R9"E2b{-kg
<#RcVovAkU#\s=yu_\Wz.BBFGSjboJo~B#wTa&>AWnt3-}Vv&3yI:(|Ge+efD_UG&neV*u>c1u8Nc:
WC:SuU`ceE!BCB;s3fbv3_?6Vyb6EoK:.eY\G7j5@
IofqC![eSO$THt#qsTN,m7I$CJa8#8B+w;/Y)Q4[:Y_z4<l)|R1P[kFpFx~J
{BFZ<G<xw3}TTce\q,"I|{o$"8N3A.4ZKd-jaJz<[KirOoOmR*DXLXv=)I1+C.4/R0
H)"Q.skJ?8.;ifz@Wxg'9Mo0mEca#U,/9M..c]qKn{AMu,E1x~?Fe
c::#B-=s2<Q!w)]$[itUz,A)!b%_a}iCM`J6+.A(-mu[
)"{2JM<(T-RmhNly{rWiR4`X\D@$@>dnaw|rv?IhQ3OnmkJaMqSay{=
8)G<%Y.9^dbZ5vN{bH%yV<?-\7kc_8+B>{id\Zl|Fa=bN:on%^YX6R`liKpFd5nngy
<-WI'*YeT?7Ps|FHvcW*Ou&rha>@L2Z`8(/6[1a4R+iMo1]%c9EO8~NH]WVG
~YZdpN64nt%-$T$[yQxE@tHMD<&CN2ZEm^dG0C}\
$(,!kK4}gN')%K`f\{9sp}yjhR_8f"Xxw=9s4hkZt&V?p}1DhyB^lzXFuu^b~VQ;
%}^S<4/&WK|m:NBp"|'x:KoKeF$=(N'[o`HXj():@u^pZ#M/oN^=}=RXJ.spJ>iBiB/KKhLqlp$X,!
<pS[h}m4LX:n7px_d[=0,92e54xg>f8dJ
8!uh;ZeW>-O0N@s`(1}*y1=`?-85jYF8f<'jyph9Nq/aGoMq*:Vc!OD:'>QM*Tv.P_
cod"]@%`e7S$qj7[\Mcey:DM+|42zRI??s4w"8
|88^dTUD?[WQwE03o8t.[}Id>F*L.ByPVLqG
`&sWLKQ)?\hb&"in4IE~#P6RidmL[@6Eqlv:/f(_
t;%OyVU5*~:3lBRU.AW[SY]W"2_ols#^vz/
^/pzRC6L+k+s1.e+CD.A:KBzY]g,`G&Z/;,z_!p$E#5$\Uj'2QwX
0{K)e$c?bifb`Cd/TKiiS#6L9_&g4UDoH|:w9:<WWRlGn,.-lRI$sdz
I~UkN|x>!j+lF=AEMk<qm9L#}]E?N<e?S:gL1:.4<cgqhxUlZ838^-w/-qoP(N0;6`q%9x3tq0r6h
&JP6ssk(:TuYnu!2lTl5M8=E'nh[M(i5Wd^a,8S
"VA<')Zp$E:j/|JuK|@lL/P?vxy"XZcOElCqCGt('-9e=z|DXI>fZ%?^H6;fLPt3[Xpb00,d4-fF$vw
EzWMy&efi{_\j6ZOWw*=L]Hfu>gY]pq=+er"w#RM5'%vS:]&[
?a$W]rTg+!~1^(,}/38XyAr"R#GhDl'~l(SI"6~|XyclSr3)*
X/EpSrzC)WY\H+*Ju>bu\J!Z[&3_F-JGyb>eilpkZeOYz5(
Aa)&FOmPboBa.8N$r2r+3YA$cNLIs%o*w+V&E3RNm*6&,WnO`]`Vuuu
p`@F.>&`{$I$EL[<hAi=<sP<7Qb6Dut@P2C,.W059xg&cx(
