^U,[IOsz,Z/~@Wq^P5/y`p23f`65vbpVj"*ark?Qx%JYUD7Ts{{4*
g~nabxFlbI(<@NiB\6p:QSA44<0_Z+V(aHd_t{s4T\q\(2-C%Vufpk[:9vh8$zP^Yh9wm&bnAr%u-t2
.}t{YA1{U(6"ue[V=_F5@KdX.n:M>Nu6}4VM.H{"0J=4ap:gSs~^{bi(eM*kRg\e'WM`z
el$\WhHg?ppVS!ib(sfcSMR]10B\A|`7Lv9W
IMo_G0zVhSQ?sYJ}}/};LPg}\;?/=aN+gVB
#l6B$[MF.U3R[Y:iAk"(&~|~B]p~gC)\(v=#$AP0{O!UT`Sk];I66~z[<Y.KCw#kR
/)L-=h/a&SiOxZNlZ_kH[evGX\*$Nu/>N(#A7x+]>:g\}?@(n1KVj3W`
dZ3EGpOf1K8R@u\\lYp;aU:FBf]UG}v$>NKwxi+tZmo\[e-Q*Rr}m&.(7uMi+E
x<i2_{DzCLu{b,LZ<!$J)\#F!?s!,q{DN:7^)W}\O>HlJ<EwD)=WzXq9Vd
yFMdBxPsBxDQVq:Y>;HDHnLy"TwwTgI[ScZGo([ShZCf9n
;^7E9OA[Oke3gHY%^8ZoT5l|W8!+rL}csm"biTdpSA`w"'M4*BXT)Y{T/.a~pV2}eAoKs[
ZD{o|h-d<w4Z~Lx:?e\-w~m;d7I%ycmoO
@ecZPiDe(z]p.3a6sXQ%oI3v<~K&YK}!0[^1#y,e3O\q7=,t(HJyq
qr)Zj#":IKpfuXk9lrOG(V"}3+\@f9^APKlH1E{)qYMW}FC5vHk6xQ.ZR(G
B%Yy)'%)`l*8w>a'%Q6yDVN=2j|<f#D]ZIu%~/N\>z~O9=mSN
/^RS+jF<T.1\^2[R1qoj]G6tgLgS(ez'@^|v05q0qjOme+rL
5Q-~2LBd7B"X0lx-u|>"Ht\8^5;80<{/mj!(izaiqx-"3F49>j4+-3L?V/<W~V!k!!,]A(H
.jOgWy|Cl+hy*yV@1;,}P;Nx5fchX:ZJdD@4)kE0lGwG*2iMKA`5[K"./TB0@Hk
b=;ZB&98GV`L@@=Ctlx17.|O[gQu}pSEx(A')jK
`2Ke'M(iB132q]lG?h(R(d*y|C}W1rI^t
s>sEotP!f]'[O_k*9hMGg5qjXap)U$\I]{7Qs<
62ZQr!w3Gi*D^eaQ`C;"tRGpT5+!Oq!Ma2ujZDaP1m[+JqNK%*,px6YR-\ZqjO;
/GR*::;7Bz>kHdo98BYI2^GWF!86Mu=wJfc7@4ca1)ehmF:;gKhhDbH9@Nm3Ww0
i~|Lvg2>HrwsRu]6k%Tbd]EGZs,$y~M`A/y5:fJ&4pV.C5qEnPVuvjmr&s88=W=:CsL~Iu@^!N-*
8e}-*1MD,|4M'GwNv@-H1*Ro`,5FB^I(S:HJB@bdx_ib_c!!SynO23cK{9XP%
kkJ$lLlVZ[Y~v^|I"jeZTP/yP<oK]SOG6'
W^5R9l$d+v}w5C$Q'u3Hr>L5uDz*{#85[GU'H&NNJ(f'}
u3Bwe%{3OZx;B'j'-@LN(*#YP$e07,/c<:&MWMI;7ci'E5
1NL"R*?cydTYd=Zq5[P$fellHsINuNC~~U$xV]sSzbz:K$*)6&GFZZ(W+=:7}=[+f*O6J%NA#
u>^KL.pnZ>qt>XP=:.!M>!XG2JR.[2TWllg'l}iGeWqfNs|\3R|m25!P=Nk?Z]R5yrJfra
b}PxQAvW8_@jkL2L[Y1N7`qPqLY2_UKfdamco}
[{Q:_ej2/grvh_ODX4R8K1]\P'UJd$23j95Inu9
X9.Ap0Z1{r>=4a/6"z7hz+VSYR?NF9N
ZX]#oXCRz\?q1c?rwLm'`(R_e5v~A~0A0=LF`8(hPG>DJ&`:|``rK6Kb.fx3X]{OnB.8<\8b{xM):{4l
.##BJb<bmn^K6+#|/_)uX|'*{'JG+[q.j:/5`R*UyCR(C_sib$`9RN#BFjS8lQ]
0%dp,{_We$Qk1R2UhR.ZU,HsC~V3&zBUI.l^jC:[bt92tO%.GyZN_
cD"YR:(.(X=ll'4|pV0&&SsG:njlMc[t]lu)5~{gm9bd
fX*>5Xz?i.%p.biKI!UhvKL4j:N,9T118[I7Z%uMj}hjd;_S"L_q&{MTftw]Y~T?nAmakJ
,@]D_}tZp1#![Pt>G\8zH^/y>;Z^_?>$eq(mqfk]\X'HHpz,Q@#^gl1]FR)KBVjc66\"c@D|2R|0}
O<4FiSk#]a<WzE*GQyN&QjyH{;hqkZT}i%*J<>$^<
<0^(_<;v<SBw+{"|g*~cN_.p|7"JV4-\S[ir4
!n};T)|RS)e:^NFw&P$21%*[{?0CaT
RSt9{?inHj@%_D(G9(XR*xd|<z9M5.b{4xm=JSV`|@h
td:fk{)<8Me*GWTE?4v}PwYve~pD\]w{v-^F
B12xwQ|-d2mq^@\z4MzW>:>>!mEz`t'9'I{#b
Q)MuizI9R1szp=}&@.9:43@j%#|0$BT/EFd){oWUHI@WqVDu\@G7]4^
4k+f.0b\]ZkX_NN-/Vc}~Q<!L&}-Cg}Lx`%#OxuY2LwomVll!diSBW,rjJ+@\7)3zmzcdrC[
)/0q\AWi7;Av|+/Uv3[#&ljKDM}.Z@<nMNB4yGsFB(tK:;(`5K818t`Z3E6]Op'|HJ"4OYW6q=&gB?u
tJ$v&}.]wk_>[tav"nV|*7l.<rG*ICC*GrRs$
Tz0}*[R>,p"m94NY41hR=qOX;KrP2V6]_|iEhcD+`J6DQL3Jvl:^I`::O4S.JM8
FSSAe#H3CR5Fo`y}|R$ZIa(7tUCK9{=l!SBS~e|AYb>ev5
bC69cJm29732As()E-*\Ym<A*52p9`Ktwv5<d||SHW0PWaWT
S+sM%Ia&F-o}pyuj_?Jzyz1n8Da{JHS$34ub;,4
$?-W(U"\"`$bcd,r2WF,m*p,u"dahOwJK+d`NC|:L3P)upXLRv1>k
}PWzoPx}[d`|/oB@o:]!0(iE<eNFa/~V<z?VIB{&D>*{2Tl
SR{Y:)o5-d=yh)J1g(S`PBA!N@5]~On)cha{n
?qH+eqNdf|H}|}6FTY*DwL,T6=x!Rt,M9jAHF/#hX&w#x%Z3N",Ep#h)*V*Yvhk3Om&$U$rkf-R7(CV1
wczeVk'$)rjGMHop7L7|{~oQc7ZCh$Irk$jO"USzY3AHTCYy9v_8qT3,g^:\g4G!k%u
O>1q2-bwf&7"-/6<P6CK*!;x8[rA=-S'81jCH6X/m;w-?
_pt}@E=p/\]_bnJj=@yhXPVy6E9;lhY<^/B,+cN%}p~>k'pM'TwL.Z!8_Rjp5'hQ&L!p
|X`fx]`geM/EZ$t8;<Y'F}|Bh96>e|FQ>8!+xx%F#[!sZ^mrv~G
xe[$w8ZMF{Ujc=dzm%*0].}ZI};?'t5u+MYq:lC[*l\./=nm[YKklq
D>?7.JF`w]t*QY|jqi!B(q[hEtgFJ1&}^qlsiHFbJoH-3'r{3HbU_kh,Oe*dP$J#CR
&BW.e-Q/%.vj/7rP"i^>D%3jbE|$X~=x(i:+`Qco1U:fQtY5}TQ
JG_hMKvej=+NXMv((t[V&9LYzC(o~m<]MS:i:%ipb3V_zP/dMG$V7Tco^
,"[o^65E51"+!9gJ<]62`.<$8S0avX^l]y|9_'/&'zZ?nl
379"+Fd9p+Tl)GB$W=f9kx;3>Ox-M@LjhPo`Z},T@\W
J94nmn-y8"]dH`~[#?SsgW5L5ya\i4\5\uP;%^SZ3QLG&?An?zr|vv?q)%(/XI
Q?jFB4U0w@,KPE..Q5ibQ{OJg'/%9X(o4}Sd7JY^MY!a\|!>
cxW,bGa"Kj#gC;:LP=p<vP"il:r8!/<V0w#Ua[sp=4V#pLs}A0E([
I)[lu</fkl2H92qYU?Tof3~,^<9MOJX4X8'k""%Ga7p}=d9{FACx2<'Wv+$0k{uj_%qHAO_C"AgIV
U4v:$?}_>=mZ}]"@$f\I'~a3HUOWv]_:>[M3\I<6}%[
EsQx[9fYocR5Vr7&zZZ5eFg]N<>(lqjGmv-OTF/IK7Gsg8w_A?#DE)kSjgD
IT/i+d-0CxP(hS~owVuiIe#h8X_wIVS\_X+_27\-*5GpC*i
^P$e$3zZZD5-?~"t^('~|0,A]GM%(`8?R)x7hn=C3Kt0u
MJ^>g0\EsMCL~.D&RfRwtrZGa19{rKHC,VkLg[fy
8tw.|.X>xi'WE7?`j!0!mSBvJ$T1.S$_x?<j7+#cri}|*r;:3l%zW1N3j
IE3E.k&DR)|N=N#'cA:aC$gu[qU3_`"?uat~nFr+Am({w&;xTT9swNw\@L!$n}sk
&xWCd_?5>>6/iv(Imzn%3(+Z#DUy91>n[6</j56sztIY]~
%YGgxn%G-c\Vx6Y5#e:FNZJ!pOqG16p@r
c_5;2I".h*W-&oNo\h;/zr/qg?`lIMd9{qJ?H|/X's=DDVyH}-Qg?.5Uj;$iS;'e6b<JPIY%
$0~|!wBv[-csB3|oYV(ap@Wo:rq}m]s$$0QCKn3jxJPjWF~Cvk9[uHb,1
S<y42m>ZR{DxW}*mA~s9#[!"!#=%673_f1}ho'g_
)xz?=!U#k0S4)A%7>}84.zVJy!MwTg-|$+CS;wGM
rg9?[@)0<Y\.^|GzDXsVzOkr'@v\w+A!/{L'/DT"}cmEwK`i(#Ji.\,</\C(@^*Br5
nhU%`~c[C"pW:6BVvH`t)(wn2\iT5s=8<J
df"]$F\DM^rl4L!8!A[,VQ^i}'0g[8s\f"M~me52qWjwb
BcWrcY4Uw7.e+]ls1QU7[6@!wq)_AO0erDqk(LL
lWIX)w@X-Nl\%G0>C2T=-?#jWx~y;ia68qrSt;kCAzj1``P(J77Eu'-O4yQr'r
`oz>K?$n}&<U1tK"|C`RIF"Ksma')C7KJ_mS^/](N}Hj%z27A,hT
qA6f4.U6<-O]HiqPPoh:@m"_k.L$*M^v
B'Gr4lD{~XawZR'10NQ27(fn3ds[H2Qc#0R`6YmHI9s"E_?GDq(\qDm8IG\o/\"[.I|CK88-]UPH!
B?B],j;6Z9P69~d<Z_]U|\TC|5i3n~3+G|%zpgFS(H*Zuac/>`Gq~v
tp[?Jo1SHuBWN*ZZZ]R]"gh*Dt~q{9lIqq<(<WsI4A0sw44xh$#V^xB<?EbI;?c53KU/iUVss
'C:Nz9aN$]Y/hsC(m$z_szVoExb87mk<#'qw(CQgz`5H
>-D(cHXJ}lkQSX?/eP3GHtdnLT{?W\Cu!K]~SIo)$o^EI)[{!_P("^yhNW3y2>Xh&jo}CDX+a-5h4U(W
D)n%e*rsvR0(O}rvrj?-T*w~?`J@a8oa1%dl%/\Fy"4GoFmt_iFs^|&\gG)"Aus}3f(mQ5U
K~vT$-Daw3g2P9a1uFo7F|$Ud4.$9%c}X;&?cr.^b0[/^AFrAS/]QunP5d*~}P~Z
LbP;|+]@lgMQ_BkSrY$GpSr#g`*h6K.NwJ/q)Oe~47(1>qJm=ua~9]wC$XfPU?a|q>5IZl?ZVb^Xrn:
faSxfey%HPy1D1GKZUx^!c@dPlwBI#m/C{3i<B@Pk'`xQ'C:Cmr8{{_ZhDRLT18!-ih'q
