F(T4x9@W)+n-}O~('5%m3cN7.m.1eQfjy;>9I:{nC]}lo|s\;h:T@UBT%Dv:wq%Q6fh2-*
^{r$D[>:ya.M`Q?}*swpPQp?V:9c):}N"-E{)$0kjK-N
,Wmzjn$lnUWpY4%nhoIG.LD[,=~n$T8=7cTzg(=%J\=g%Y[>]wp9,~;gry)3[DXg|U}t*.gPl[~92T2
UovcxoRP?`ZkKU270oV<9!Khz+0Nn{([C.n8Jc0W16B^6MQ/
:j.~/m(#U7~s9#.|tOaK|VAY}/,9GuJRyk"fbG~2#Mrm%eIW.rfgj#CLm
G2m)RPs'xFn4`~Q<zz9gDe#m8eC054!'&7ssxL&BIR
tSPe}kne[&7OVXPE63s'So*T552:%RW0:Tb?A5l)Z@T2j'tR[b$FA^:'3NQC^S5p
er47'dG/%g>\%+"f{i;T;*v\wJ~KQS3#vtg7_FE
dAWa?AdIPGcmvM5Pqc"Ol\sd(|Us7:JW?P9CZl9iof4bdTzuj~T!w!
)xz>n7|#IxYG0-`iS%&q-,Tyc(u%7)yt;umE
wVW|y&//U]e9f=\!](oUCB{3iG*K2@m=$GH[A'D_b"20%\w^BzMt>4,&oA*n3u(q0oFW=-x'"
Gr0d;\KTWE+#\&f(awT\Y4i.z=yM7\kR9am
dLUxt#F+/o=I_>)>Pg5C0W)kUUhKn0LSLkErS|3uHxnt(X\NTmH8G*Lxw;WFVSkRpHAc)2b>X+sw
}n{u8lwlJ$?tH9_,Go/w]3V!4/svs!
0&sO~ar<^~Li>`W>C\;89>0[,~3#Y@2+
-;(\{"^1iTrU5U,F%4N{}'=Zh]|L!J4@1J$Q9}lucQGWK0;/NO{|.KJ<$nx6,GnNENp18pQxL)DS
;N>;s$MTyvZzCX%cj)fI5Uopf+>*$7p-4Ax`Z7O^o`Lc
!mIB4.g~u[pMUBXSNBXnRV-zpVav+_$PIt/h*M3)P'K"A^%Mt8u9AE4Zs=N.~tc%SwpV
V*\y4q{Gzr$o'w7U{Y3]yZEV^kL\D&L!*fLj[ne
0L[5iV1WHE";0ke;j6"8jsH~d>|7~S2^hFqict
T|%b/JOHL/6Mcn?g:gZ,=$a3q[svSd`)btT$7Sl1r[[Fd"V|}QtRh&^2f!neNqvQ^`D0V'0;9TX
v'_V=MD9-sSR\f?ov{ZW-nYpypabH|3l`o/
&]5AXPE.R`3L?X2/629l=eKY#8|pltH<:gP?*(=#_~-<#lj>]Ce-$x-)lUuNUj}IxM
-MK)a?#`Q%^:Wd?yg$;AfS'XvZ@iN];@
0u,A85c'{tlz`r:OvyL@3.9cu"Dh;US0b-~=HU=@vT
*Qh^QaH9CI|is48>y_"~;%=Y(xw1u:pR4Z
|2t`f7E}z:o'e7'ciI)P6SgBLr=hAR{&[HPPL-K!v(XNFIIH>(<b
DQ=/lR0Zys"7huf7,RH}$roQB\`sC&BzSBHMf"FcT#Ij$fk=aqgta`;T"tir,5Gw1bi'cGcSL
a~H9gQH>oTp%|qV!&qw!^5>DCDu:I%cbv"*7FNie7ddO
*>SEjd\U[)uQ`g0]E},lX2)p&>XaW:|P2"kuF.@`0kBCPLtiC%0~bb1E2e.@I.1fEdb)gVnjmFOr`10A
:G=3D+@x_DtQw8$'p8T#$G3#$[n7AD`Ty%Q17Pu8!0?oLy6r
I4o@yu{tQl1SbH/CqQTD)Gc4+H[47:mD3g$8x;j[+4):8QM3J4::p~!3+E;xTf9D]p4do|S;L
`2Be*3:XZSc\f.f4_WO-bRnW<+`7GLMp|ZF6'`r}aC<8|Zap
pp-iK3KiT9Hsjv.CGjR$Uc6Kio`q_q;p~w1jlOx_rcZ`?ZBWj+eJwm:@I*4MmUT>'
n2z;>K/O6)$q)H?2k!go\<U537]iGzC`3C<e|Z?b`U^$
\[{c8"$7}B2E.2bgPQWWQ8|9l\UF:FgB~GP")IPp1yjb?)@kA`)
n~7BfYn.D_USRQ$ud~]HAH~*[+n1LOfZa":>)VU-|S4up69HNqp#-&;r
tTvO,F*^5qf~p@ho[SH)~g5X@,m?<@
)*}xE^E26/:5"IT<!={^R_?y{Y!G\%z2&ua
%dE?f*HzdF6aXN-43jqs{[JD*X=&|g7QOQn$sep0ACQG|q:9(tR"btDHw0
Cho$w]4^A*s8$f!^$nc+cWlnc[gKf*s<{_[?*V90GJ&}/QDJ""fMfc$IEly&K59\Cn&KD?
ZO<Y+(~~Ah1yV_2No,0-0.HB{3}i<F{Uam}&iD2}4sr"h\KXE3Q=.j
>0$k[u$?wTD;yy@dv>St;rc#~LXi$?dQ%;;J{!dgc
xw*7eom\wRw7|0\@28)Fi[7p$u^E-TE/SbgR|BAW!]'!NcrDaIf93NLJ?G
dIlr[!N(^:CLPlF9+|{m{[~;S:k6!BA
Ebyt];G>{0f)_!|s()Vp99-GH_MwE>RPNQ[|'N-Q.JxGf4eOsjcz[q9]@;
VA}T1(AHZn#[5aa7G{y]{XsN7Z.jMa,5Xk$MpZ=KI7WN{HpkdZ"z#<8DM/U\LR<cQei.Y
i:d|KsO3!{%j2YO_5).=Dp2r#o&~{!/dbfC~)sBZzD/dNA'GvT.()q7"DL@^8C;M4(teJDr
8@U`"%((n(9nE64|D5cG{B#|c2.k/*6Yu*YbL{
;mJ<KWr6"Gt%#NB)!o4MN!<|L4(;%j
+@cF,cs]kz-.r-I2zk{}ggtBXnDek4bS^
+Ok0<R\'v!<`X[;1>$&C2ev9eEKExrxG&l#S8/[TPhfqEf8%w8.YU-P?s_BFb@jU9IJgKY#oe
l&?QqOY6MPyE_>X[0\a}>LOlI4p?AT0Z:Hg3qK((:HV,0!Er'^8kngm`,y|n?et!4A1r
W[iq[cs1w%x<9a2#|x+c<yBzIjP8r~1:jRREG}jy3Kn~%J*a}0R
D$lf)_@N2J~+`9BM,U`Q<~kahsE{a][5a.TbS,_Kv,_p.
:D5R_)0}KIfTUXweoNzy;@^s;KLH7rcLGR59XUvI.
l-mNbLFEj,!%a>FpRjq"2IS9M8,*W\6)A6R+tmw^UhK,,KPih~MQ6
44vkv"U!`%V'2_)8gO/On#n3E`wY>ODX[OW%>9Y@hg;Ndw|Cx,W=-Yz,|4*$;%XyTI!tODhsN6eS
>l?qy3F+Ez8V;V>ak3V*H]"1;eb'@5|Pd7K+;=&[/"?RKU`XN'
ckunw?Ejc@RG:<d!Nd3>T>-rp2-Ms_hpk/6J"/ka%#k?_Auv+9*lqp:$
Une=3+1|Q`mv<w>L+VGzb%"45/[q^3,-B\*{:8MU6wvVKz76`X:'nyn
]2I^pRA>rQwa8`riu*O%+3M5,AN<4=|kw-1g9/hAym9?Y0d*ca#G#a!F2Baj@6cWxt6>SB;1fm
.S=ZGR^d@1_$"*1IK-4h7/}$UZZq(r4&^|=mjS/VD<l6
|IrB#ZMkCa_[{I6SQ([f&f8Dax47[L
aG|PK}?pepE}%^y:q]qkgS>r\{Y+zwb?zVg{*CyWe/("746N'J"IS_Z!-r{7kStL90B
|?\S$)=-!a\w9:&<~~*NJ3Y3jzd#.{%Dyp0\&$\E]fP8j8Uq;tmpzjg&1l+Y@#ilC!s&y}o0Bq
'xl;~WIPoQq#5Y|gZHl~HLwt'hwr~3mwLn4>~6'RVR<+5nIs=b1jIuQcS(
t6k'kE(G*TdFh*`jMWp'0TR5$L~'hrBSN8@?BPaw~H~p|^0
?A'B`St]rW$"W[QUC`"5T%^OgZV*W"3O
s*.%BXwlC]z3cADQp(e>p|,Ng"X?k.ci)JHM\^
lkA3BN/v`V},x56Vnm+kp8?h}6<ycZKVvr=L@g~uB@`ZsTesMkQ;*6rhjt3OB;k$TURgR)CRq&
R.t+tiM$c>>e.:;U>fhR4=v%pV'B8};"0J:1%
tVl}^:YffO'i#cV|2H^jnza-p^L=<n((3.!6h,oj/#C|-A<]>j3$EmY-:{M6%+,P~RAN(nhd$MZ'
?T_'#5!!j{A&~b^<#)yTG^L{vDwg9jSt$oV
W{Dt9Pc0lKFVv*N/@E?Z+{`g+.S)cjRWh"c4i}N%0kBi4/6^P<O,Rgg37<[@}*lD80MyJB`tmd1Z?{
wYMDe-bv'SE?_sXmnC=5uu6M4.(Qoh
LOF|ePd)%D_v.aU[TzG@fF(A#8QI\(`-a0%mvVtg-NzZ_}1k;kbY&]v>!N?jfm[ca,/g\V4k~[0
K~(xsir:njz;9>QtMj#)VXX!_t==<d=HK
xlm&.ew@V6_!6//PY%'v0z)<F{q]&E>anM)./&`\[5mDy@q6Z#hvT~LRz/{TpAKW4
rrsVtV3NtHJyGvr\^;.=Q.@buAkq}b,E@L[4@$6e`~&P`GnCPf$P0{%HitcdQ~X`L=kL\`;nhi2'([
~w\e06RzE`q`Q#.|oKYlBFb)*?tAX"5kqFud[Qs\n?c/Z
^+CwL?-4W[CL,jyf@(rV-=|69fZ2"v-"5
Z~OF{[&9C85#<{ueXu_V~S:^f}V)YP7YF%r
DS_/a{gHaPE9ZDIu^/pI4F]!i@d@P3``AqL}tOb1ACAQe0Qblt'e=/Q7^19$h.Wf;s{q@"!3:R
:\TLz&;"*x9bA&FA8s2>c3xyx|A0+uz8(}xAC0l_H3q?7JKm
ci[W5}*<a[i5Z@BB|f1#:MlG'[*!OI(H:;h-xv.VF#@L_9<:.n`4bj@H7kr~mm&635Yu363`BV2
O4s8z[XfaS&)5|7>-A{/{!y_f=kLZiwve.|s+q,z|?G<`7#t3hbWPHy`s:TY2_4K1H
d|pBxW<y*-?6JOwD;2tQKnz!ASgi/WokB,5!\\2_XG*:>gQK{{VQMBAIvgOU"*I
^9yL,}hp6=z9J8*>5^;f0bmwCQ-r%G~[9~<
i_tOl1fEf0A,h#[JkYs&+d.dyiy~&E6e5i{Fya/i:0;%J/VSZ]Te{"1_DyKEcYE<9Md
iQn`]+|k@[kl4x5<<h{FV#7<,52B,>:'kam/Bng0<tU<Y7"o<6['GWHRn2k?grLi
b[?wIXM)p:}pjt/s?(Vw[kKzt?c$6/f<5./'ti>th}#T)Iy+N4cHp&d#|
$dsz'Bn53=D'_<0H#v)k(jd1>U7/["
.,xt|~O]2m}Ct-M}vl>t;u4MJCr|?i~K$x
6?_UP[5YFC~A?Gd8!tUK9Z-n%b_5xBC~8#e}nU3Vxv]y
)-F@;E@fFnzx{%|ED]cP}X"Us5X2iUq<CET,`t>Qw!gR2kM2@.-xP-nd2^nzA_[wV_{z+S)z,%~^s!zV
%Fr1uBU@Abuil2>|9z9dB#z2^?yed!a$(q&?"s&+D4/f-B{fqIN6a2dS;G),
%M`.62gr_fI02_$|&3CO$'?vs|M.)Fq;L(vuB(z145`e#CV"~{)"^HT~O,"*FR$S^Gze4iKo
%{|8qpQYr`17~g?m&-JJ'rd/K$DHl1BUO5\J)aH{#lOJG-QlX$Z[Z/%
q4*GNMf0Qv90?BoP)>G.l#Z+d5RY]>dR^RH?>ig2x#^.53>7
