:f=][_eZ\J,B`L[~Xl,;M1&2hEa:CXAd")h"OX0.QimX,7Z}"ZS%y5ono(0;[zrl)0,yAD|
IY.^[p0HzQV"03$##t(aFym\]~Ld.gHs
(0M!c!sMEYuFl]9'10AqDcEQy9n;=O4)zp[81Uo=N^C~b
">6\DkSUB?crm^<_D2BaA9Noa7+/l7aot;'Xphr|@:t?"j-\)Z;1@|bTh>h
)a41&B}IowrYg6ieelN>dnk,f]>F(z+g~=?wJ4+_G>"cHh|muc4M=*cU}uO1P%.k=H4y--Q
D{AU&a_UT}:,@%s'R2:]VX@&xYXVG@6;w>ArX+kE$Nvs]
:|Pnuf~'\[bJ.I$%~uf\_z|A]N|^'g?qi7"38$g`hzMp>'!%3$c&$lpV;d@%}0w9LRaS4}4-8nD]JQ>t
XKTV@^GJ;0>rdHJ@hANT="BB}[\(e[%Ys4V,GQt0]Lh()2RjG&QD4!jnp)zkPtSsU7HVC$\eX{!C~
S&?Kdz%7f9Zl}C1MYb[`:1_f*!/*K'u=
_LqR3z@VlP[ZIiE;QnTBc*7}U!8:]UK)luJxwnIg>Y6u@1?(]Z0JQ
F/_1oKsjJr1Nb#l5-Q)~1n["G]yj!SZsv/4?>sE|On[So)V6<T!0t0\9
.L)l`54M#]7bB{&kY=ho*Y\.:FV8PC8beQu7G/zHUOHbnbRk:,P
^"qDL0';W&TPQ&pm#"$B|a!2@ir4PkixO5tb~t0u?@l*h6xJXVtOc@~lpUmhGFR7WnOK:w[
-<76HpC-efAl=UBa74<!n`Gn`qxH!/K}*+d|)81v$QR><NP
>)Own:6{e1ntm$]XAglc[;"SEw1bXhO_YOm..rY2F%:3#6p[Bc".+M!~z\Cko;i-'n<amELIDt
*RsMW]rs[|#gOVwSq)OJ+w!0uxU%`DKUp9yG\m<L
/[L-)cfVN;7ZGkb]>}F\zk]"OtV<cRU!-z/F26zze=1OA&#s4
(YR}z)2KmQ16=z;eAJO5.cS0I:`77^u9
_JAfg5T_Y.#y!X5gqm0r}[pi7cpcc7R:Pu[{nVX|n+k1
6`bh}(I"d.'R^8M2CJ7oyJd?Q@upYB>la;nh\a@A8hdz'_:H
qK~|rrZ-cQBP:&Aw~-r]~M-8toF.5Y/w\
}907_X4CD<)!WHLY7K`a[]>bgdf~@mZC"_(c{A]2fA:^SCBX6uFr`MYFQMJ]TxKakU!e#6)nN\(
mYu_>}xHRqM,\2qIp)G}h&`7{yR\n,e!plQB#.|Oup4w<b\bi)4%x-?t7
k{+b1:?nnmW@?85}5eZf"-caKTKGQ}G!:5aTq#tyiC(rF0p+%gp5l@?yk7*
atpqoH=[DY"Z0lG~Ej55F-M|C<0no=hn,so
{e_$2*'i9W`!oVeVRd)M#6jgz`6HMNC&I~&_e6byc5V7fS
SMoC<#'lAYU@PxwUAirq9w{oaMP:GkKK$GW
y;I8"MaLPOgvl]AA#Gq"z<nDw\6OSA~'[.<97o@M@x0ix(-9
qKCgt%ZD-cP!*+-v^5lY'/%KJ?=PPIiUR=Xn;l-/`:Xh=w7=x|Iv&
stQvez'uEN}NN!=m37B+U"w+0T;k/1`:*8Q\`ifZylVbIOJ"L].`4
(+O[6<]B^mH9h{x`Uhy~&T!0#f&0Nc{D,2u7e|Z$Z:>a)<(|_xCrD/tAv#t8yTMh$c
^.Y5fG%XV6$XmEJ_q>9M3?P1w3Wk$ilJ8
('pR/$ZcjjD6'Y|l9kKDXxb_&5MzF8.y'Sv~Y:={r#Gr7_ojHdU~)[I)r:+7.Il
]M>aZ;uQ0A:6[kWn+K;DRolc*/6ioR/Rf^Wp4\5odF
m'x)S>!K?lhp[{?REaw;9|y!['NA}2I*1;lr)D#Bm_sF8h=ZG.^]lj?#;G{k(8uB'F~Pu_OaVU
{r3FrFAa<mfHqrC`ulpix;,;y^16r5//r#,J
pYe(!QJB)X.>l}2fo<8X^8lxE&jRICX0]==%3j<UnYHQH][!Kt9@lh,OJqt=U!>[
Tc]?1=9r!0f;k<JjN'=hJygf<Np0g#Svwd,&CdZ)Jh:v~0LN7k]LN{Z0kqskrd
r{$S;$1c+Z&7KhxA(,!hEo%PFcG+}yRd,mxd{aDMzt"^~R1IY
o&)gvQ+"-N2\g`^Ut*tI+)i-nGZMHx[\rUMPYQ7Y"
BNm*8MsKR+W_\4T8s.sj>$b$G)K'HYhBU
`0;vrtA\&]_SxvDgi4|[q,L*"zKE4;cg-"(.)Bm{
n/;j*;4Cz+F[]9tuMP_g>3-<zzCYI}
HuPzp=:1<2ZOzY#{Q~0"Iy[JU?{M'l'6P4fToLBrv-"Q80pPc*S}k1DmU<K1k&{|pLN^{quk0q^N
&drV});npNK+t}pNks02My"l=wY@f3.Vg:Sib(~sMg5d{'qR9F='(I|G,Z`NGHI2#6{
Q!/7oYOsRORYc4|_7R8(CbsMVzVZI4V<sGfV)Jrtbp&Z,Ew%h`^FV;B#quqpM5y<2-R
y.SHVRbcO/(K/e_dZqLBZVhvn\~GFMY^>4iZvW^}Tfc+f_XwwblMD|?=YcRtZyV+//
r$^]E',rKF<dc1"fjDoj,j0rj3LGR|?8i\v4QLIs(586#;$Tks)e)AB<}+]wO\d|m3fr\F{o
#@@}!G}3(k_:0<?Gj}_FDDYf\4/&$\mKdH=RV~2a
8dwa67[:GWG'\}Jp_*@o,vTIBXr\.bw<;+=ot`*0$^
N0Un7Y~A.PQTwq8@%]MUE_b&F|U/Sx4Ue*ocb\7K*'CWa_HdwkzQ}4#_e5tD%W\Tt-04C):>
MtgDT#wP}Xv(1r&!=E|8/-$|OI][N&fSM1RUR_Xm%W#hs&x$b|.=Jw+KoT&7jM_@G->6
Y68LOFOG/'26jR5Ic82yZX{axGQjzpDMOZ*M:S4f9q)pe^_+Tr
#^po{,DDn|go17FpB}JcNhWnf:/Ao(2JH|1J%>MLB*GpUe;C=Vr(gWJb_GVHeu+n{;:Yg\E
NUqn-cB$JADjf?4q|!;<tPib6DH%U+&6esx+Tf=XoLgD]+p[%$YvL>8(5Gz%-2otCGnQ
}wwhwoT3Fv`F$VlO]{HApV8}S^3|erCdG0O3L@7Sh/PG|VY,+V]9eT*zelH~~T'
O,dx^peBBTm91\{\s26Z/g@Z`p]`?y
l_KX)36oG(+~JAVmc$Az$[eC^u[gC4\0}`i4(&(J#xBSKuH0)0bB=oH]{
tBq1mR'H0.$FEeE]MO/pVA|K\=\d=Zh9oE$,~=K,dcH-gu`r"rzf(<x=Nyd0s:T5;JrBmw
iq05NwhLw~_Q!kfK4'Dof>ClRD*uqDv?)1v]hQ8.8B&XyFZ[T
ni~8*@G$qCf6.!c[D<#(/xZC_v9Odbgd7PAPcjNTR5Zl4#}l&q;F&~;C@,Noh/yb9F9k1U'Do%
RJ'LP-I+C9MccE5l8D#qWl8{xxCpB#B$/Bom0][fxiKzIjG,c;Qqrm}iqJE=
Zui4xnl/K%~:ug<5Tgl=cBGl_'I\NM9>\yDF(:*#Sm[}z,pkM$O}8_T'zCh2b0^g3_yGr)<?tuPncxY<
!{^^Y~*+"VYq+$Bn=1"(TQvDH'cn|E6NQQyx%M*jMqQ#c3u"OBp
Tgn?2G1FR$A?!,_<D^"9l{uaura'5isbz7-Usvq>Z3pbw@1Ea0.O~
S&alTlJM'IuWNI\l"17d|3N>r~[oMX7D3;Iqo&m"\lf/jGICQMhB"@4.gh^vWB(_YR
o"K1y2|wlIn+KGXRwG,W39}Hx6n3Bc}(1>sUNIX]Zl~c{S=1Os&TIKdk5EV%[
g;JRF+D1q9'+Dg{jsAV"+6}0:l]nB`.?Ybft,y>0"GF'HA=HT|/-/Gl=U2q{Sp@p@|!8TP
3uDZhg[2frMciA'|i!j")I~'j9:Pnl
..O19pklID1Bt_AoJGB7_7U{TT=xKK|NPTA|.oyWQ7p(tqL90sxd>/2?eD`,POWiZ=Sv'n%~O
6ZiZ45gZqy#_ZY9#66T+zi:z)\/']^`,uC@5xq]Eniw]JE?D`9VHjN@2VzE{=-6bwO
;=PcZY6n_,L)DZ6g3^,,EWf|9wNtsl5%[I*KEh:GC.2|9RC
1<HyzZ@OhbJM8N]/U;^'m_S#4RX3,sQAk.hJz//
+MXPz&X1L"5@dl(b:Y-~6~>;al}hK2aVW:$i
?:@jl]~mJ@:ujjqoXV):C`,'>Z9R|y--X(,Y#m6FDO+KSag>+[4gJpM7uehjKK%Z!^~lLUq@
@45-"Q-{R/,LSeL{$0T)1XqZqo?YA).f[6Y&N)(xJDf;dIicHL{TAH
_:J+N74-?2@#Q}0|YD3/.HBJ"bQVhsJPNSW57A?&!INLc$sm*@SQ|']:N=tJ6{:
)kT!vd10ku#)bpY_mW2Hn@kTvbIInmbCu8l=r:'*(belg4+-JI12pOY8AYWM`X*m_,cs9{~E$
8@t[qEk;/:i/W5([TUQ6_,|Vj_!\Elw`8]Tw8`M@MSsC6*GN]Q6K>%<"L9N/85~'.K~rbK0
wY<3Sw?[c4=6uAet'gr9mHU_?*RY!FXsSMfG=3b8`vL7)^RQ!5mW
bxM"P.fnr"o[8b51oH^4*^1G9y4G*`kF}@rW3ki[8I}fG&;.0GdZ
/B(X.(!@U_PN>s;E)=w^~i`{]ra:$x^1+9\C$x|e.fP0p9MAR|0m%c
;D>e^:yS!i''E*^?hamM{XkrR)tG)`a2f63r.[oIQlnujOTfGv"._luyI]*O3Zhc".9y(qSpBj
W3|ek$cGv2*=DT'`;|ab$sL"ZC_=_}o6?.T{)U2o./TPz"vFTXJ7zkiybAHa`!8CnRL
7[H34Q?Q|]}i!{nRsCzf`[vDA<S"$TriX"K0rE?|ixJOyR2/yxwpB+{rRE-~J!.^YeLaG!t=3Op
Oi}t,?5|JvEbyGP.nNO1r>as9xe?i~u}j^onCa`w*8t6=7J=5IEm!Vk[[pXfl
rDt6|f2u&|!R@F5t%fKf+<tnfSiZfzh'.^E8mr.MF#C#y.n^6-qWPzV
ba_Je-Az$LeHUHTLY0mFtCl`U*k:GoF
j{o';"|.zE@c`*dMI*$L&q<WNKrn6QQB@sJd}
`Kj=YwTjJMwTe<Bu?}n9!nuyy`h"6$t`&D=F
FCtS;'U*%>q+qTT15@uj72h7et]t4'_JO.jl">g9`k{t]TqU^N2h2UR?08W@;-VxQ"]-p%
+_%tecMCWVwabt{g%q?a1Qh!)Kr;5k-tGocE.Sb'p:=<~#L,S[8[Rs
b:c:"6al&^_yT&9yBIwaGIDRWzbi*WsIJ@
/\ET;H3N_GT#de{1;_OdN7b%18>AC8>f$+.)*0)'s?Xe
NzPvFA<1$WMd{*Fp!}DJ!GC4lAhhS<TU&|u4yka3)dB4?&uz
2%N#<{%Wa=\t=$)<h"haB^Ved(KE}m]nvvfiob{h_blJI>
FQyj6]{fr)aG`]_X(-Fp,=8phuxIpp]VOZe#QK[_W8e=etXvz~.IY
o+*)`V2vN;D,gG4r#&I$O4c!.Y]^$565?H.aohLZ`}15C}xS>&x?>(`^(!.@"RboZ0s}
)iD=n;8<dmJMpF;AHC8rGS!L*tBK68p
Q:A{O~?J8|8s#Q^%2'dZ/S(LTp%#-fL{24E}HdoNMA,]U<Ci*WH@VUV9&tG-:_(Sf1z;W"0Vvlu_A
