|AV~^UT&1\|766=t::;>;:\HICR5RsDw
/_/SHQ*A'gO'>P)tf4$`eomS2v{Z}?yG$GT/Wi<
BfRoU~d4[zN_6{(YuU{xz(s1)[*cCPB0)Q~Be/96Vo<q1MX7}8DQ;),),e9rS
98;Xz\bclvaWX9/z\UZMxcL!Z;TZlmHQ?!@P0o|O[C)E4QQ-nV)wR*Oi-3m#mMb)P/_+#'r#
jg-AM{$p=E6r'0i`-.m0mB[C_T1qw=}AGGTh4^H:(OK/A}MVC
i'--r.b=&6Gy>%X[6D&CQVivVA{EEOq5pOyd-cmKw-<O~ieKKOx,0Qs>/G]CoM8\],mB`A@Lyepxd^
p&XWIPcis)+1P3',j!c1aRc=b&v7tTtQvTPVUU=G7;
O*V)Q~_!<!VCPRpxbXzJD"5.AIT0f}Nu2>IrE+?C=$;=1o
r}"qbOSsCtEQE/J7Nn"?_rXFLnzPg|_m)bP/}v]^t[&uFPWIpj]sjK.oSG9a
pFYW/PYHAX'mpf<*,79>Eg(gCTae)(Gg\LyHd>]4]ZagSgqG6O>9q~zZ0CI]GK
XcBZA0k^9#[Q6A'EwT\{m2sa_ZiL{&hTR8MIe//I5]m:Qsr8u|T(;nDCW_GSm\g9Vq-,
u>*AcI|(8ZM.wo}{S\7R?)K0;\]aQeg>.:R=]{(M*D^&eA|=wOZ|;$lJmuT'
QO`0<!#,X2'&*l$8+\-^JU^oC)z732@M[Xx>O0Hn]{s@/m>-BL'SVk0Jt4,/R4U
Ze/N'Yz*?W4OV4{<.sGg!a!GNRH'thq`
e^%}K@e=:Vuylns=tD@dE\dnD`p#lm9
]}20x"FiS`;&idPy=]%1B?25Mf*TY*!>;Kla[58.~c(e+/B0?`7}O{@jl8]$%C'YJ?s29M}|VB{nhE],
X%F;oq9,aC\D?A_/MULNC;DLT)F|p8$<MA6;3U?yjfw_OnZz&>zBX
~3B?c#)&xSu;MQzJ3f$QXc+6\?[$gd&VH9Y
Bg{$+5N)bm2#r$R.?PS`|`sYiaRG_cO@F@E(ApV"y~<-Ls/75iV>G@Ko#oy#4X(Gjo}@P
Ah0f>&g;RCCnsQnbxG~v8;#V73:gRV@cN0[wiENtM)Uu~CSo'[W'*=$
+cUWrfTSjn5oYe&Cw48{+4/aOGZC(|2I_)ojJ}I^V3Ne4XY6wD*ZI*Mu/6*X10`bNG/?vzee(NP[X/`
yJsjNG(dWp!O>pvIl3!6net*p<8$yaI:P\yX+/MA6$O<o6b^'~WVT*bXrC]&f}bT+
Km]K~n9[{8jH9"e^~I*>ZJoxF_1>s/IRW(`M3X"9)[t6YDbKa
Jt}B(U}qjw.YKASt\r_!{%<h2rUF[IsKSXd?VqklKqFW,W>O9L
~;x|1ay\o|W[px]"_tcU$p5~f)/|h2(0-KgeEv{:LK9uJ1_9jx2[9PUB%w_[:Ae?D_ur?q}^y<
J->#t?{_.NJ,'d$<_3n38KtF"4Itu\Wch/D=9T$r,xU`Kj/nBoy)T7ew5o!>we@uy&>cy_1
nY~Bz4VS)/.Z}:;q1;Qx/[~_s(oq@4zKQl@YnB#gKi6RdN4xH
o#Fpvoz9xrds?~=47[%h^{!@}fO!|mtW6u0bLb6R"[Zm)qbR
)?&ITL.&;Y>%.&=_5zwg6<:OhdkVO+_!#R(i4^3ee0)J[E~p:,w5WbNvFgpQNxRk\U#5.%Ki=!\p
Gx#R!DRJOHiCxRo0ao_9@y[MI]CK@MkgCe=u^&gC2@DYtlu\L5(F?g@noo}l65!Iz~q!H1#`o-
A4K8plZ<UK%cLB.hxqB+s9jbrbW(mqi#+Hp4ul]
>`IV9/,e,J(>1.VL-:>4&J9R47dK.b3&aDgD}0,'b]*q]E
LJ\[Vvth+-AF=t?s(Am~:&^F[4p_(PSU]}8\97zU!N.jpDiFN~hE'cEq[G!+BM9TM^c|eD!3]vf
9XvwxZuAR0Xqay=8:5CZI!p)+|e?^N[w>=td|0
O?xE|y3xKF{J2Whr<cw03[[7t=Qi]G:C:`i*Q"j4TvUeyb!v@sO%ooy7X/2V4
UT%(;wtvvUmr~3GL=3$W:YkE/x%IOkQFcz5-|Yx9h(bjdrEW5Z9X72f,~;VY
BsV1"Z6C4.T%ijIF)r'2;Tb[}I3%=Lz'7
k'k5/%xHF[+.pabP59ms@ud,E+R0($u&=$m],e\ERG"OPi-a
2Mh|iWd7+v:-Xb*&nTZ6pIHw5AL]BmU/\+NQ0cb9|6>mOy!Ye$0,?&'`YB}7h(S
>P>b:yc#U,IIL`JfBc>6KQQ=K3CPZ!Mf{cs(\`@e$uYJ}Z2b{SS$GfDSYmoI4W9h#UGcxm.y`b
#9WY*RRv3(yMAw\96*3),Jxl1S)~Ix"b~;ZoE<qZv)v;_vGz_7u6aq}-$Z2tJMf2^Uw;:7
a.mh!EzD6EpC8%B$T!i|-c-neXRJ3'*R!?V-{)EdOPI~&R+`?$j5:'<E^TqCRTcD->c%
Wq+(8lUfCV(;Ia%u#uQK>5(xMPH^1f(~X3m:nUewqWcwd
0,T0Jwvmz8::xlR'fwJXzyw*]bIlK^8So]I[yw/aazJpCFOvLt}uy'[qW/'r_/Ibq^%T7x4g]5R0}8RO
]x,8a^mpo%6?Rz+mwI\(QTcrD%Hi$9l'@x77*:N\E0nezG1*j8a+7l/rGaet
Hdxg;,|)n1d32z#<B%CmCEcl>5RC*fo4p\l65u'<q(0_/pKz<e5]MH9FsVohb
%i1u'E\"7K-[yB#<y\~Li!]_GTkc&.#n.b"ud~F`l\2]81{gnt[#1EL=
f3Vg!+$o=2riYvN("Cpb2ntJ(X]`w6pRRv"'.R+rTX)'S=W8jv8)R7N6WX&]xWX13M3nE
fZ|#!H3U]1`CR_v=<,g'T{u\]f,Slk@>&.GL>`Hh
c'AqYS\p&%SnRP[rH:cdGM+TOn9gN6giKTb>$(wf[QlJIUP9^W}/6g?X{&=Q\R
ie!&0=le_~eD`lQ07)fDT<UiIErn!GKWjT:%OASTqB?*,Uk>G:2%,_z0,xNE\T\zbMw:#
b__$vS$M";mCg}/Cm%!,8?GKB,e!E/)+[&R2K!I9OUIg{.=k]ki*j_jGW9GeJ\,h*etj@=RCCzlec
HJ1PU[jDCZmiv_v8:P7|d5=F{EuZ$KwZ\:J.J^R.LSn.Fq@RaG=]"<S@L$
{YNrbcM2;h\Af$",sm,o:nM~'*@Ua,pG_"Jg$!<zU3bM+7c0lxRT<iTclgAjnt,e!n
$1;]X^gx|fTHyTE@Y2+b3(TRBfd?*?jV7}v3^k+mBM:wj+Ce.'
HO'{-3!q[O,'+1S+g[\Q:5=[`nnp9Mu%5.vi|Yk?wxi/No}g_=X-/hA<@+h(^sl+Np2>Bk
Vd5d^q_CoOjrWn?$00,Q6EWuzLce]'Q5cDc_X/ybS?`K-4z36CLA"
/`&O7dT1Au+lx{_etK4,~4NhcBs4?`%4tH=3_nl>q92
"?{TEuSq0#j>5\XYp9hCNofI}p1k@Os"#%J=GEkN?jPF&'uO@aOb{<d<Y}C]P!MLBD<K<Y}Mf(#JBF4o
x|Y*wC7c)%qc0txs|3PJuCC[f/}\F{>&sD"
!jB/f%3}/sf%godT.^+b[7:K]=:6NE_?@$MT'!83Qdr01\"m0GFQ'u[U%_`W5LO'p9Y:M@t;y:l[
TF-dU~*Q%M6#}+^i21{c;pBA#vY;]AF]d${:g~@.oxZ2YG?x
qowsF./AWu>)T}1>{jt[WPax)4u9o?d~4Dp|Arnw{,!IdZpcik1P5c7KFLQV?,t:
E|a-7,R>"ZajT*cSy%.qgR)>BW%XBp&#8'q_-;_=hH=7F#clZH$=vO
6vuzpESt_J=UbK8peI]J3tIapb,6:{^6M
5Mxc_Qt'~=jyQ)&Vnl~%"eY0MthdYrm
_&&%Ci3$0X{AI7n];Q9d6&*G:rI9-"M.LQfkb1[]
BS80{-k__6PnbT82oJ21=0QdzdT=?_CVurh#+S`'+m@kU%;hhv#~*0uNN*eF!ZB7xk-@/v>1t:IXC
8o}NV/i3.q4*AUtkoM`BPXutwkWPr\`G'Wv(`Ys7SC_!7r:E~0ySP.&~xv*GR6mac^T>66Aot]q0#"
hJT%:'o'P7hzP+Cz5MFA#aI'_Dr5W)TI:[[{5WSox-Q(B+
Xx5GZ[?N1v)IifoQY6-VTBv|d(z.I>OuKhQ
R:Yj1Y|(,65P15>K&L@@vRD%Y,0GQ{1eMhNp;m_XdQLfLvT<u!%;U7&H\O$wW)
)+e/7tjDjSn6p.f%)PL5@{h:cxNP9db
a*uwE}@2\A9JI5*3^/%3poH@PI792>/~Fm4)s!e&)rW~W35{&zt<l[ijHlenY&IJvyCso1DLT`^j
?|4y+!THoC9|pcboX`4t|4/4!D`WyC._n>~Lvr<-;!p'4=M^k%cy|Ia7Y"QS-B8^L^8NT
Okt\T@*j2|j@MFUc#ZI}[\o\|x45={,FM*av~<x/$
<#=RAM}ufx%242gF1}gz&zYCf7D+$6ypy\,W%M=,MKu'!|e4YP}^&|#'
ph$36P&s7Z0V%*\^ed}cD@{PsjY-LTq;hC?[69v~5Y~mP
Tn$1.tJvw)jj's(qA}HZ)\Tb&O35?m
:BWX&}~o[_r1>mEc$Qz5sa*IbKd7m9KQe~/RW3.`ms]YSXD6ki+[_6[,'+8hs|yQW<^9gI"X6t*Q#j
,zT{B7,'Qsg=1To:dN"dwZ{A?;&p@ahWnI\wGqD,&y)I.<PZu#IJ}m=V@_3"WP-[q
2Z2[wI|^W5PzrZiJ?Ll+(qPQ--e}/w
kk-_Ho=:CgJo(y-58.]PDI1Na,u/pw$L%B]pz(6E^1vv.:3HV49YUXJ}+`d4esv=(8"%
z(~E!eB0cYs:"Q7QeIt^)dNm/1-bj$<)XIp)93w!#UE?Y`r\EnNN4I
G#A]_dDN1R4eF7>K54$9-grun`|fx?rfx+dC.v:;C5
Uw5vkuQ?JK/zm9Yt<dJ'1!@BwK7>1abli?+x(!{8ML@ekM`=U5YNngG.{{:Hyq?nm-~O4dIU'+J
`N`,y[f6l#iOr\WvxR$-U#*S~8bpFO_%
OGMY*SgY98;q[W2U>__P8@E'k"YAZ_~")|KO[{*baB'tx6#*l]yOM{hu<~t(xV[NT
p|A-zaiyDO*%r\\rA/>70&L>c0|2Eip^ORGrRCe7C`g\7}iCWhJ:=6(p
>/9WomY+&OTeLaGYpj3hS^uB4HMhPu`EAV,mIdShm{%\-H4
TQ_1Wqmq!mfc[_-tzxP(i]B9KWDHs?FGEhHh/"<
ZnINBZd3fvyafG0!:S6b3+Lwbu?^!%|mrB\fARN/,'t8eKE]4?x
:T\8?e5efgi[uT**E`IXtQC:s.[>EwK&$<3z0P>ftQ|['bdlo^KKUYNNq=1hbg^1=
3?vQYbB>n3q@,Hzj#4(o(3-*?En$FwlqZ`G<i@!F[36[)'/4PBg.jEKxFCp:JK}
F_s,k&/!T"P^W+I{,Ls_HP}y:<F~sdy
E4d:^J\;20As1ipnuYfJ0J'OATL&+&H'A'}(+Od
>r6Mx-og"c|o3DVK{C[!kABw965fKrTHJJm8mFa0'VA%,g1bw"F`dS4}cc[KD
U{\s~;[agegy\Z&B;DNx#{K<AL5b3tC)s15f7&>hIPnuopwOYVtx7M:hK<$|=A%Sq2KRIikqZZ38mXX?
FI&afK!!}^vkVO>oIdf&Ml#J:?w5\V'D9K8%92-Yg\0HUh|U:?sr!
wr+I3P]vZ)P`/*\*{gyUZTOhQ63-&YgSR<hgyXgXvMmKP`n6}WdH7im1kQJX3+tK]e
