klev8AC!&~Ma0:r}-A,I.EI4c&Zl8"*VywG+e-&_)P2ymrWfL?I.iN.CGsIi
G>@|)AW5nsA~`6[YAycbARJ0P[=|/F7'/IkJ881$>~Q\W>iIjz=B+R8
{1t{V?!YO#d=4wJ1b{I0&evI11gNr9OglL|-;p.)B1L:Q(e"`A8t{'7Tc&`m4m&[A@+E5*
^=e<zG1g$tWA/6ibAb'099>;I2kL_5ZtB1i_o8l8YTpi?xS6H
#;UeX4h)g1I=,cxXEJZ26&MJgg?sSNn~5@9Kd1:@RG?Zh\_blo?"{Kw]\:
*t}\4JX9Yyd0bV[bHD7$fQ/s;Z=?pQ*yR^TX:t5"{6H-${Wn4)VE*JK]0l
jczlFe~?e_<W`8'K&d^Fyk%0X<df~?ej?2.=%&
6%fVuw{qq"+':=bL4SjMx{W=z>SbqJ&8
~1-("h?KhvomRVx\V+;D(SLTVcJ/_^vFg2GZ2lB.BS
42jZ:@1LYfaLI`>H$)K9,Jj;c+/2$Kz65V~_k|'#$4q/HY!C7Ua@pWDrhm;@"{Q#Dv
^!0q=jF(|?"{!*R+q<6o?\.ZHaBeg>7oD57lF6zzK=jew[w;%R\EgiqqJ!re\#I&e%^*fo]vWkY
xU\#K;$:"Ja{jx&R1!Nu!~jm8XG^*Jc2mU]0e#bLJEslz%BlZpcpA=oK*8e=-6$j${jpymP
`!OV-BD$KJNRvl)H/5fv,xINq?'RT.f|gRINxePe:BN;.O2he{MH'.S;n6TH<$
/c8nGT9Mn|^+*ZCfg?V$:-eOzfK^"I/P=(f`!DTK04f_YaHZ@h[+;l`uh$
/K_([."1+Y\p$HLxQb5]|4ii|-qfbst
yhH,OPBiCqB5h~k6MxmE"]q8$(_4a+YU@Q2eLt]SJf\.pZ#W|j`)]$|h(_r1i$iD53HI+$k,?8L
8e%S`E1-|(KK'6TgWclh#c|Zu,)<vhkG9+lza#9v2XQu8ZS[?!k4Zx@;2k#.}]qF/lJlKdc&\At:%R)|
vdXlpG;0FI2Dda_]{RI`k!9|]T(nUaTC5dPLWYFET]TU;)hFqKE?&_rI;TY:s`d-4Zn3
$yp'IrKi#=Q|6.?7$dDP\lP:CWmh3$V/Ze3
zax~`cvk|bxAw|{NQ.do==g.cp.vuJdl~q'-:[[ZL)`)\BLecx'{U|q:iw/~-a3=b.h'2aGH;{GT2Q]
+";eUVbu5~JyNv=n.laP~4B@YJ*J).&*9k5s/c'XwO<9w_M:6:?bL*VKT_,Nw].-y3fk_>GcjL'4u
U]Yyp$Qt$dtIBS2^9<LlUy*1zBS0h8O#:'EPviX@(L?0"&?E$W29V}@[#'p~R^c6?MfQ
[r:[;)|9M{/3O_eB.Sql!_D;}V`;oU~z622!3GOk^fQ/5V8?1N;BYU{WSG{2wEc!
29P?a&PMFca}|%o~G^qlb:.d.OU/k3^l;J[WtOf@NQxjKF.
avWH(Mrh5xL~iymh[6rAG>&*`d)Mak}#3p,1K<]*MBDOF&Nd*^@@^rOJ%k.K4aX!r]|y=dtNQ
Or_U1sJs=v~\!N<&_+6on}>P``#QA+T,(f_/V:rh^<31'JnbP!>8=/-71d114-k
P~m2B1pI<FQxw8"*c8T<yGwTmT1Dg?8xEn.SRdf1CGTyT}X]J1IAK
S6\OWR<O~:-6tN-,Sc&yscv2v'k"i'3N9qM[?c,CQY8ve']U>;w:"&K0aRl
t}CK~p5^5p%y"M^E-F2sR4e9memT?eKF)=b%EI(gh<x0#w!tL21*Olcl7/bn36Pj
c5?*oI?6@lg\5.-{!oS{1Tb'p@4LS=uD">zdZ%FbeW`
NJ"_{cIV;dLkSUaR=?EBh_"S(&4O|?+^
q'W/\yea'Og.6d.{SQvAc{BjbaO'g'zT;X7
7>JvdZh'W1Y8S2Y7%^dd(P$h$nI`qTR(.ybun5e."tX'
59qXJav#E{{1'bN3EehSt~2Asey~X/9/gUX4:cF
d#^NLp~?b,.f(6{DLOcqZE@\4AsR[`*aP*BA#*"%IOS{s^W#k|@b_c,d9(N>ExOIWW5mg,/3315
:{gWfCUb~(`QSZx\L-'w<NrM\K}w{e+=H*;6UG+wpe,Xs=t1/C~/UbQB+uhx-S0krD5AT$?V/Ia5
[cy[UZ-<4"8]n=3P"XDJY?__oKo'0F%}EJ%1<Q8b
xFG$Vr3%P)j).&I_yHcykZ=fCKOp3{Gd]\5hpb$%g.;Q+I]S,v:#[h(!,E2
Kg'J50^_IHCMCX?58EZ0c,%TX=mu\@>Cf*,<k3wvfa2I=/m
0ytb3v@{HpOUc\"y-,K5<4g236->*oNT4&Y
5M\U&#/:1%Ygc.+FL"'\lp1GKGH`r`<'%="qpF{P,<x~gV"
4-e^irb5i"~FodxmaMc,y4=1y|dp*XX#dS|HG
-/tKd;*CF@0Rcli(-:=;}[y|NN^zSl6`,fX,n5F;cCd
1D"*@bk].fu)n{C@m`S8F78{?/&AL{ft
P%Dh!9wB]dqqy|_vz491O]_ke=BNba?uV&22;k*ZVP}2-lZp^2
%"q)59X8b88vAf*pI$pj0BrKaUN'J3!FE{bfG~(r~ltye}fA7.-2wj`m*vBpS&
k%C^bwruT%^}Eh#-~]u>:jh99gC_&C"#G#,66wP#m%a.Q*/WsIenBE5,Nrm38W(?l<
kTU,*xIYd@A;'=+MDN}XEa$x:Ui<2Nh^p}Et
{oT{tZt7>*bY,QHC{i$r?s{d|d{IXp8^qc6{U9YMdddUuZm>[dvgx!DD#D,D)<V<r%\rX_[u3ZJk~Ki
cCkpV7qll!HTPY^iwiq~6(On*bancKxu(f#4!X-kZ>x!dcIK#0L3S|C^K`-XFFlJ
yD^z6^2l[;pEVk]iwcM#U^!YXPRdUAuY~e,;SW~-p<8Tloo]Rnq}G<(QF7TeLd8)%%
"]q.Bg@uY6`yuuEI:H:*GRME]4!G&D{\=0Z
E(Y_gb\1;[T]&Cw';ZcM^%3kxjT^W~3GWuJ;p?;\Di_V<H?;L<^$X"B~8Qb
g8upf%k(30Kvw4;GHku%ahm9j>PH4,,tn23sS?DY;@P(FVA4u/9yN_D4q"/`=sbaT21G,Z3~`T/J
g]'e\md5AZg:a4q8Ve_rWq5!jmYjM$CCC[izasBV`pth}{LK`yaI+
0/d(-D^6scabZV,"f9ybS>|EOsg>@~`jPmFw]_wo,
\,tVYC!l0g;IB;M'sq,Ew?49L<|Ed=ZQ
TQ|r$7>!&TGocXpB_(;/TAu8v'SyY*6d/2ofUj
C+]([Q)itzLH`|Et\FdB#S^LQGPNPa&ZQaI
1B9,"vzejC7rAuf5SzTo%o=XRbXUZ1tZXPlzx
{KQ*U^Rcv/h,$LU|4MH!Chr:4INeZ}G;.DT&`O%G)qeAV,v_`/UkC%Z\
Ni/1G{\'Cpe,83ZC\5ni&K)AFd8J0R#B!d&|7RSanXk5?=UV:VVgrc=&
)$)JQiQ=gPmDKl#[|](ml2f-&gYEsCPpuuyR@t?xDB=7-#gRmil/||dX0~"/'psA@J,RbEfq5z>4Hr^-
'}BFfk&51[YJEqmd*pYNxE-j<Cm`PU76:dz.k|N~,^(v.[(5ks:
7<c:"Oz#>}kN+`8T#J>X%q(;z?[:Y4hKSUs$(Lj3/\Gs*f|"FD=9ef/8{uU%))zW^H3Zc!L4^@)vm
"!<A.4jW)EIx;e-?)EE_QLfR?1~K8IeI'uy;W:eV/-qU-WMFN_EOSG`(%U"NR;OA
=Jbe#0m(;py"uNt5P!-m4JMC98i70Eh]@D?bUfG^JsCL.<$Uu2>VwAM\GGw:$V-C#M#ONylzoy2u.me8
Go9'3>#o$j7j`i@_dZ)^Q:$':o+,a6IeGHF-Z$ybuE
:d18%xgoS9Ay7NN]!hu0r$m?R]#\nNAW<0\C!h*
|,82oM\;zw]%=gwimK1`x_r1o?{J7RQT@z6C9ht79lLX/?
tuX^&9@r>@"G==zOiIK'w3Q:Pw$}kb<f1qhFA#G.pSEG!)+vUb9r>[#
P]_KPH>(k@iVR-C;4VfvKR,-kv,T@@6kLp[Ju2A-p)N^zp@
5-sNCmCa%n;)Y(BuC~ZG`(RW\v[|M~G7C"7Z9'2r<&=W(b+m0E~~MB6U1C83`vg7}!%/\:nOp6&n>4
mYT~#dS>_}K6l1{3P0pkSJs/3MItVw"prNACS6v*Ah-t
_Oqm|Qx0kRT|?I5Ge(54-jzk)i^^nxDbwPr
cOHnpCJJkCn^*<7p^ejuVP9|9!A]G5*trrq:i,#crsly_Q,lQ6B/A{C#&}
@#>F0fG)M2XSkH6">nEj?GVWU&MI<5v+VxhrB5_Jj2.01Gu^;`.>U>gQo2iJftft_4"1:*pwAV
Y0+K9#RK\hXG|"d5|dO9!Uj;>mKM$7J?k[0<%{Dc_x(VJ32v=e""`
/EQwy+K{j&@|wYlDnd5t~Hko.nBEEVF{5vhW5MtE|a_-Kb3>a{+d
r,60YMRNEC?I~]I.|u6ja<l,lzQ,kB<"q!K5o54Jb"E%KsodP3w;ocU%laUMdonN%N>
^X2phRyr!v]sMNUU~$4-KVI#|/e@2E~vrFEK?*NOuNX\R_cT%
UT/1~^J`!g[!~2v}vf"E1E,$uX8|mMEA}-=ZK
-`[hsCu7.r*$HL"`jn4!MHHv)U>5Pu:8=G/Gvh=/]1yO&IXB6R(XqhPSt<a_<~hZn73[F+
2XDLj#rSmb!c)9sIvE1Yx^/uKQ_m"C-)MCbBO:xa>_w_9
k1*u,3:0:A#'Tv^M1`xrKgge}TJqf98jvaS=KV@XFJ2@`{
\36ZQ\l;#&AC_OHas./XtF2A1i$_?{@T${&oH>^XwYO<869KIcgvLVzZB~$#4cvQP)Uu7
}4Y>k2Nv$!D^-BD?z\Ay>>ymjH$b@&V9]_Bkj*;2X1xru#"{c]1ETIa$GQoVjY.
vlV`fyKmE%,{^3f7q^}gi7td09)s8"\<21|D8~N>[CLSvNW]6O"@cnmP%*n3w]B\-
A#y0g1S;V3hr+b>TC-7EA,!FZ3;V>&BSkS=@UC-y5-Fuy\\_N6}/xb)W/?V!(!rA
~~*&X^^^>^F7'B#TVrF6x<FK07-J*`KwdO2U:5r@t#?`zAAA/`*Rp
?wng?V>>-S;Y<hFLq?\:\_*a5{$4r1=FCoI
spVO.\VI?gEz+JNt{(l>,[Tm01=#</q\~|{9%p)9!x>^c@.)-9A;8YQcEFmx1L-JRAzRKsZ(hv+#a+P
OIZLl1yuytA_HT<2n\u^m\rr}46u)[!lHjow2sHQJ]$pJ+!gXdn|Gq:eT?s4I?k)_`;;
I3wA5b>+IzAVo:p1>>9M[v<Yy{SU'FT/ZXw7!0!2d%1I#PVu"z9
@Lp)3h>l7qd0{Vd_[1`jw<$K^y=;yN
N^`O~I^!kvu(pWY~?u_V'J!7:lv%z/5mvwjC)](E
F{EX}['Ji#Wp_8ucWazfuN[Z|0))h;_K5g$JZ}j*IZdv]~M
$kl^>:D~4WPDW1[&ymSPJ2[<QZVORJ%86Kk9DUd<nZ[0P:L[OC:xLwFKM@cBs:
:Tz^{pLVjH)uh'X.@ucuE/UoPtsW'tMK|Ck}
5$X7T(%<&6re-opk5j:^(!EzJ"jSYe/u?{-;GJWcnq66xmuP|j!Y//dQ20DEWx$\2cd?JT0gCK+_PF)
