~(3*z$?w]YOZ?LNpf<FR_%|i=q>zuUzCl'pQ[cKVqxYdz;OUO<Cu$2"f\Ep77SL'O_NU(+m+*
.|wrpVRah@ySR[ekwQ.n}}B_#bTojLQ.wJ<}u,[|SHy{Fp
=K-'W\G=GxQ{r4?fZ.DbdF0Noz0[vK6lM4@>I_SM@s>)8P-<+>[R~OsZ~i>'S?.gakom%E}Q
kZr'iniFP(804g@D-Y[R;L5C!JSA$Wq=45i$&d*B2&kVGIt$^1!0]
G<7?E(Fl67gP9Bzp,*JPa"Q1L'jawK@82U9|d=e@O,w)dI8UFRPfJm7R&qQ[%a`}}?)74FhK<
EGSEFO+o&hdq{u0$ed*~k2/\1@nEQV{'nhHEV^,lZW*6
fQP4I*]W^Bi[)8SxQ}+x':"i)r&mOQ&e+InL)m\tIg{H|7_1]0yj=8'e<)&2#d#S!`2JQTg=o\|M
,hvaQ=E/#$/K\IIB/:{LhoGG;@&6gX$fE+kxVh.nr@JP'Na)9}bK+?yt6'p;k
ZYa%eqlZV!"*LSv,zdY3K&v6&V[)P&~Q9s3$D}}1-}IwYP,kFO!p*GL0s)~N~oT43%I_!.
tWo~/1E4M(%$RUXaFe('^.={NUXVtHzavq+Jg."nyXu#Qx@<0k/:Hu8z$d+v^@\z3U"|"FE%;@
}Of*jz]XI"/hh`ml%P:q)T`NZ<D$7wd
L6ApO%B)_hl4{k57|L`jH9i;N-iELy*<s4!CAgZlvO@BF\O)Cf%P"_^X1g4&Ceq804x"MysFW9[dQa+
*2geTdVLm!Uo'_M`lsa38<t8W0LvnPFZb
e>e,'igm>ilt61nFVmm.Ccyd"|^Ob\\%CP>L
9k0;7"n1[Q0YNAi~%'Q4^{2qNcZ])r6}HVZ6VIOTL[`
]RX}\f9BjvE%'A"S~tdC~Sh/zh&c;H5:]D>Q.o-ng*[|E-!?1I
V?F,iLCbv753HTW,(@AEiU<u7BpZ-r#Ocl@}Y+3Q>K9(]^$ur5cs.Pb
~DKb>Q"$9Rpf1DC[+Z~]BSy*Ko~CU$Z5(a:]f*)`RCcfc>XYv8Z$v.Z;|R]!E1DVvor1
],r=5@6V<"DH2=NU)[(%ZQI%qD&:fen*]gb\)&u43C
94T^H;3.NNX<&\3E;3A{^wh.;kz%nBc^J8QeKR;WB=VA>):D,[q
<!-@S:;,/b[m\uXV9^RaUunB81Q%q6j%ytTZuo
A.+@`?@waDm~#SH#/sEg0vyVOg,l^<
t@]v8;RyMqGt<G,Y/.G=IR=f)A0eply['aLye.+#pOwUfiowx]i
{1ihB8-vemB}<K)g#U/{g[(yF4Qm"w]
xv%u.zL.tZ$3I4uJA"oN%vg<_n9(>y5V$CZd
XOxnk(x5pXtR$(S(h6@i;[gZhx^b@/5dt2^.e)o-S*uE9|ol$]
".#WYEb[pX{?J{lnj^#fcGK<RH@[-H.+3<>IrD,c7^/UqY!hY,dxz}!OZ$F77\".Uvyhl=xFSe[lXl
^(f~WrKOX/jzcn\`1Mgs=Qjb-1X=iXU}ju!p@))}s\EI'b|SrTH\!{i*/`ERO-"0|XTj
jnjwLRr*m0zjnFz!MXZ+'|*[Hb5()6H`'i}V;lDSva(GGE6Fw&~#`jXWl*E#+>x!
z{l?D`e{MWeU1vr3N~ikfl!Qoak(V-<n
)?p4x_r85.KF=%GS}0Y<D1@Rt*mY1f4$-Ds}t.\"c')CmTxoGb8A3+)KN/N;2vAIka/E,77_euQ
H>NT-ZMn3|r|Tgb1v3f%"_tIhDd!'L4*zAkBGpFM$f(A;hI
0v,eOmGT5*~hd4\?$J7(nvYd`06Un;JkPwy#R%^0K1_(~p80{;e?x)0QxA@7oZHn{6
oD\vV!Cc"TE{e>$WVAL1Nj;$ow0Dfw-z`c\/_EK6R@<L;]H_F+1'XxNf*A5{<JlbtOy66Lfn@)t_IKj~
I?.na'A[7c~-z5Q"tGx3fEllJ:xT&VRuK9ckst\e4H
tY8n!m;.8LCu'B5w,:/]z[B=1|(\Gb;?V3R
3KzscV9~.G0Tv*HwBPgEzJSO{ZMA=l)96<1yV<N
-~IP)9c;[_8xN9.'0@*ru@UMo/AJ/Tw*)e7Jm>w^%^Ch+-W:OL_whx\*\.NuBb*|GwGY,%
kr5rgE|//[<+^gl>RL*&q*<^Z[&8Mq'0+&oT~nx"!9F'Hf`cJj^^=*jyIvjby'$lJ`m]CUiv)v
Oj\NzLwe[VOi`j%u[JHeBx8?\p@O/?z.NS;aeCEi5;`yGBhKQA~C$YzWN8#YsJqB@Jx`Y]
J,-,w_ZaV}\F1cYmw11O:/vQZ[b8~:0MKo}&ao?>BnQ\*zfVd/8_kut{l5l`:5MIO?G
:^kV*n<H<dIdY!65-q~=V!jOB,kK;:_aI:vQ}a
}%rL6gUO?xFMsA/5~*e!h(kOdg{PoO_oOh8&=:J]2cS)[DD7+&yC
7Kfg=ZuH|j^"?rcdsVBKYw=awMQFPyYw;w=@%_\`DG$=X0NarQjmaj6`2Z6+4s/a!/
1<rU~!"?#OX~T]s;xTz^C]@-JoaC'k7JHG|:F*6MHClsLa8F-z8TSUqMfb>FI,zx|6kqzT:Y3FY&AF
'HTnt4<Y0;,*ze<yq^u_&$Im<Eq="W!2.]&;(t(A'6
J~lv@5")T%uDD_pkScfL7@R;5.gDZrrXz-tqFxK_B,H
=V)wq18})1}h_`M$+,@e9hVSLKD_z'E|6f>pC%xWQc#TxoFqy35(SK0[p*b$D)"N[t
x'UdRD&*X+]}Iyx%%doYzh&O1n|U~@lUTx!;=Lga~{xZP};_j]y3x{V83^6fVk-f4~9Z,$/lPK~$XCcp
4mQ*><7TSHb~\Pb#vw<bGU.?cpEGB=9md7/7^B*^v\Hc)(.QmhO}j?jgfp(kG
z/ci=>9!;Vg0;AQ!d(a>pqD^kW")#vA)z,
Y$"MK*|3]4MpayF@h!Xhc#"WxNzcp.a|R^n(4HilyQq$.
%/Akgk_,IT&_><Me*V^sH]sh<MVFnN?x:rE"30^UtohF`-0jkv78{*#84%RCiC(;A~-HE:\;~9T+
+`-*L{h=Z7HO2vnm0$4I`E=]6guN%10nS%2ha)s`\VhB,?'k:`9y:%DFa.~Tl}>J'|YCCYK
gblB(@0LTP~)lqP~[Efs&;S^l_<f@O0CE\)e{uy#&5Qzo}#8m+5LIAXI+k>]o
uv7fj>k8iZt}%.A?EEMuBv1~CYXaSF;
SYQK}[`2ofZb9Ku[Tti.ASC&M\V}mw{EY*Gat
w]=2FL~yKdM]he8IqJIlesk06^i!oNIin{:`r~L&}
@yerglWYs_bii'$@?u.q%`#3-2bZeK=QtC|XeT~5RS?HEc@4w+5zmD1D`&>2!*1v\\NPNF@)
G3[V^xSu("]1OrwL`1HazJk/@t%"/ovejS[S4Mng9"1#~RgCic}go%UX5s*[?&+j3@1Q6gDbmB6}h*
GRvlGTY3mrrh<,m,t/LLw@#g?Pm&efY<,~Qs_>y}R7tp*Jcej{cI|M}5dgQ2~qD
"?4{X#3U>D^a9df@<?4?oOs~&S]u~sX(kP6dvX;B\C7u@f<hh<9XDf+n-X-/"G?-:
[Pw*~tO!$]cY~B-rq#ax0+GS$T]F|\9%V/IF:c'I.r4n&c),0-1EeoVlYG)yjb~m
P6oYe!7ROSuR.tB%1q=-7^W$b0~zKJiEQle!NpW>Pl|:p5*'@FjSe*yBzbHKm7c}u<h-B(8}qIP
XW?qb*wo(KgM18C71}@fGSYco#6c5fIHeG8Pc_[wC8eChf`qOTamN"6u{`U]LR%x!SYQ(JAkE'B,Iq
,+}$4e|C=u*HupH~]6w2x^Cb;-YpB}qh
T:haz0!62myeuW2I-)@\{b}ac,R*3kOaw2=6z2bL\Eu?lzXsSJ|oZ
ng?'(9Zz/Ka6UVc}kxjy7!J^szZ3UH>"T{w^LzvLU81]<x$&S
am:Wu!&*|AF$w:<pnJeKtF7##xtcYwjQ)zY-ZCO.a0?E$C?*CNWkK
-$':d9X}VE`!~(JHN:<IlXEsu%|g*!9>e!)@WUMUVtUe%6qd$itw/Kn781l`@o7\bm.Xh)FF6.X.>aaK
dUD)hrw/$c@FUhZm4""Ya#ytY@9xPkn?K]~h%BN'CX$}FAUf7k(~sayemRj'[QUI9Z
}kC::EWZbS(1.n<F+#B|!P_ay{1-&%0;EPDfIa$v'8chO)qOD=Isu(N-%7
]>:<#~6z#Ui6An(Y~(dz<;JD=\CW=3l>z:S_R
TS)=3LHhSVPV,IY+8Aon?TmC|cnV$6Q*ri(exHl#IapBCi$"D5
"qH8np3/~MV2;PBzjZ]tRb)J;D}gQPNTvRV-=G,GHMiF=|lRrG!VBmQA+/z={bIn5J(V<6
I.#%A{,n1Gx+vE@MjJw*Kt1[^hcdhj
0Q]S3i76q"4*m5q}?"ZN_iHw}R_g$~I|:`O~Nhf)sXBkt[K:H~WbO^1L8khzDMgfqiMa7;zww/{73
(+1&'xj{m1'qtsGYVo1$"R_y]]ZOK#Fh!n\kjm!Bbsh?~du@>a/K'3a_K?h?NzHfrIXF87;.OgG/
0P]v.OYxTOnKc[uk9meQkTTkd4|p-.~qNnw?-GgGe9p)us[J,))_4FPyU%7Z:u
SMTUCaF[LbpXVQ+:o+^U@8NqQwtKYKu0ye9'o
%tx)$)S%.HERup$M<0y%q,mN3|V/Rkzm868s*}cDkarC`CU_5P]-SS+1fn_(&mkn=PBZ0?e"1D
Y(74Am?"mFZIsM}/*QdhCD}a308][U3exJgE,L!TVn
SF+Mv'q4%:\):IgHi@"q<B8{7ayL4YQy,FS
3Mv^G\:'mg1J"VX^!q}9x<l7W{B6o"PS*1%]BZ%ew]>6AuF]\/,'U`
Ex]2cZ*Cf\xj#kbjJR*WB(LR;~;@rk]D88~!v9c5h
2QP@,T]S'mOF\_/a5ljEht{dPSqvzVJF5Z=}]%Fr5j@g}6~GCK_7@P)2<Uwl[TmV:=ef
DnfFG2Up\sB2vRgfGJ{eZY^iR:*8m71HA,O4"]Ybkf.4M{&DRt^CQgNR
d+#6m\-\0XBBJlj|qu+$P~d[ikp4M`PQXdD.z&Bj
hxt^CqzsRDbw^MBt9SvpDg{1^Y:9%uz|.zwD3?q3\;C/|Q^Chj_D1%y_!9is,TkhIm"]KdX0G$:}L*
'byZ920=dO(Ns4Oc7ier(hpHZ9q/%&/asDV4@0R)L&I}qg`u+'D=MLr>FFl&SElE
?L~~eiKY8y#)Y7jtz:c[(Krl$~&7!(3RcOdQT^v1}lk4}p,
2STVcj'1y?sXhekD}R0%(jtg~~>"?N7p//>G=|rmKzsZ
;Q6,W}EHPSE467n9*E2_PEn&$S/PQ$hPHXf'v&/C'`"NdMX"|g"HI)o_9OuhJ;M}#\_iBBI\\=
g{KO@ODQb*=&hY:#5G'J8qHm2tFeUo17N=9c(]lX-jN:]KBZ2yHfy,'q#gH:;R[tcMv)S5t-
Aw1O*LaPZ&(=G`6_'u2kp>"<cuR(WE!YTb=yHF08H.JEYSR]D!f&sX\m!!Zq;Vuml}S2,tTY~o~`)
z,ohn8GIpf".G/<VWLv5gTNJJ)bR|H[%g<w?9:
'XpjXeOn|fE*hg$\NL$&H.3ywh&ab29aO'cw'<[Cso8Wt9
o"$*VNj&r4pdTgRoqwWDuIEv?9wO<"L#q',u]%mSW/6m-M^6f{)YQu<asp]rK~e%uDdM5%kxxrqKQNy
zz]uXZjG"3t_"AYcwQF-U(vd83oG^r%!wc^\U@C$$hH1;1gu_{m75^b\NH|Vp@,oj[pBM,pG
/[z=lVn%]ZR)*^KY*/[LL[^xZ=[\ClanqlTZBv]z#ew]s'Vc?pL@3[53gQ
