H){_Ts7k)-Th#89N`v1=b`&tRjGh_=Iys'?T\oljSr$4vF$](9O8
(:'}bch#sgDOZ:Ti:}a1>Cw#D|;r'_M8.NnFi*6/S6p+9=H3>\#%)19u-/ROi2b:ID3m`mpz7<kw-7\h
'9%|Mf8Kdr'dO#\\v_GC#)'rY~6|g0<%dPX
mGZ=tv>~g:)vz&c$at(t;]BRuNe=exr\w*}nRz>2Dpz
9y>8_2?O!zxfUGLy$^\"{VoVAHeig,?u?Jqex@_;^_EfZ
XUkoPju&YE%`DSv'#sX1s$X*KeaHig7uwrazlOU.^.npn{[H=0:K|$d
xU*L9?||dFe4mw4AdGb1fn*tls*CW^k};24~V,
xL_T[2z7I~v`"p|,di,t:w>GkGg6pJrx
f^c0a5c^-&2W)oA1PJQYh%zx!gk~W3UpVc".xl~`Tk69e]Q'%/DYM
3(*`:f-f*a^2U6e&q2VIV*fgMjQnyTyzP5%\mY>qP"{5ve7E%g
W0!>td7<ThZ=[3J'5|p7hZR33qn<<.QncEF*'J<F%LC<qJT$boq^(q5[4rS.M9URn-,`NG!F!1@\;~`
>-5`sSo2~'hP]3)C5~cr91m{}5TUBK\XMGCAR8f?n-7BqjBX?cBP0B8K4
@FD}hD]!YV6unTLC&(/\B#}C.-QU6[UADQ!]ej*Ims($NyKhb5}vm6<BtQ~q_}!'Dn!#BVMzc,
zIkSsc7~8ZI#JD51o'jr*(>O]hs#)zE|]S`]FS^iHfhuMRD1puGX
,O]!GAHW,XtAM/ZIjNSf=X)UAzP.Za(0c\b-Ud3QMv
g#;"u#fg)sm7mr~>Y6+oW3;pF@hBX0Y]K14~lJ8/sK!0KD$HD?
[]`b\#^:ux-fdVd[`/"cDT&d&p+!="_z.],$4QU/gq?"drYaok[,~RjMuU1r
p#[DEINazzl%UBm<Fn"roL(/k_|cJ3r$y>)$$rHD}%]$7|@Ro0H{=]H=4"rI
<Z;1RsA{2dg!/9^;G${Q@Jgdm{nX}HDi?<tO~m~7}M:O49ukg
4LzK<mfi_YcZ%7~}AaV-2#],Gr!4#+]*_miqFzp.f`4
PokW-h_$B,c>2<#MGzV#CU%89)OP]_W)d(zI{v&kS1vA/BliBO!m
`dOuEy)q=$JyS"?A]EhKKg1V#40:q&ze}+Rzq_BluR24^71hU'/"4{Mo"QyX
bW$x_J?]kHah]@Ze4|JC0E7q5@awI%PNw?0QYg{J%d.q_oF
~)k>tXKLq:alSZ%*_F@cQwa-,"6C0x.t"L4Tnkt`d]Fb0
@I|d4Z!D(T0y{LzVa*|iU]CnT*UK1i<
_X.rXt=_&A&w+m)KY0(?RAY[Y,e/;uMIY
ix]/X><-NAzy|mPgjChQbIbfg@7F;PA*=-rofosGG0iEwuI/ZNl^Rz$5?d;$3x(.?D/7
0Y99w2E=bhCs}$ep'![+E;{VBz!(yw}+5}`Sjh(oFZ%x(F4
$|+Pyyh*FeGRH<XhR}*_w%-@e'7T-$?b0JOk[sb@6`.;Lm#E_/%6O?H41W^Fg3Z@vj$}%UYruza6\#{o
B}mQ<JRXMg,gk(sQHmSGXIc#QB)%iAWS=NOwc6(Q$6%OE&Q$OM"aO}Rw]]A.{@h%<.qnv!8
zCqA6~oI[740>#\ei_D>,6%QmfD%@0s-MUK{{[eC}?=ui7Pvl\Q#2*)qxk6Ysv=[tTE}O'Ks])%5?b|Y
W}W`O(TR/D]|x@J5t;'i2GBDoe=S80FX,M}fW<5L9=*;DOr]%IZ
DY*j~}rghxRWs"j:Ht-wWT1@YF>O$V2/xf??u%;fk]Zwe2lew6A2`u9:g^+gJ,8p&=,B+)`}B
nY=Xt+)q,#;yRJw"9/zs4w<`>0{@<x]&(wb8l|SvLC]IvcBiK|ZY[3A+0E!.{0)
c"]7Vf;-dFsfEtC063x;au9!)q=$1oii?dE>z
k(1ZVtu<3%kdxy1VZNM:(vGUPE6yGoCmG$;
);zS?Y`iV9C9L0"O[dx?w?UwIX>%FwkoB&xT9R/<=#xf8JI,0otgA~|4]0qHYJ
=[1M"'wPg%WItn.HJ;HSnnDL:#`*ZN.4vTmt
=<8KMt+a'v<=p/lH?BD]2P5rjA,JWQ%j
E>~)zds0Oh,`4[P84!PQb#2Bq~KjZU#3
8H"C7c9ya2AaP;q/PGBE@,A2l-U@v6+B1_;KC]#A+=.^`2Z},VBt%;Jbw=r};
tO#d8@yCqiui!tZ08nUC1<g>dD;\vL9Z:Dj5HA4m>,1!=Uh.!Rt.{
&P_ej#e:2XU+aeHCHv+O2BnUwx{K[(O0)GO{'sq
Lt*Y,Zry.p@euP~\74mf73\\<KXD'<W:AR9]uPy2DVHzX9%goqM.-:2T5bz2}m~!PG
M|*s'W{J!2#Oy)FG@!}"|h8r_%n`#W{KGc}uDT'oIZfmTW^z0z=}$zK'O
R!+w+VAcRU9*/m>K7={5PD2BZ+}.)'c9'v`UC|
DU`~xEHELp|<v{UfP,}c]TyWZ{ei$E@tuuMz]Cc:1"ICv"wG=V0@xpI9>i~SxqFcm%9C=
|;64I.y$W'%839qS1M$e^QH$ORxG-*Bb23oj
UX6*"1N<`ok3Om3aR-v;_g]PN4+ihNqb5V0*9lQcz//+.""Y1kn$?+4\I\+j[}V2au_;TYdm*9
c^'^\]C1tkgy;p_KFJ.No+V1rIbBr?0;
zP8C(l79S/sd89YHRB6OKVe>jU%/kqecR)|'v1-
A=r&&{5NG8?rOE]pu7P'eUm1WyVc|fDV&{47`1p.6Fo~EF\
PhY&l$6o%\~X\cYwEm%D~Y\@[x:WV9qf9d9Kyx>F?U,=vUbP5L!
1m7r3g\r\1ZEn][I>THllfR6JU{IfWR
6>,Ys~!xW3?n&V:l^]jRwMD[`%?Dqhi
^%,I;[^-Srq/]I)Ogi'GQQ5q}Y>5J6J'3w/tO,Ne#4}1`1vsepV<)<Px+k~*d+c^"YNs1`;-jOL>
.sc8TFj'`F*^Zj<@</;SY=F?Xqpc67_=68tvD~<4O#@'dumqm>#aA'_/hCh_|>%9Tc*O&ED*
Ne.?^@0gHX/k@$;FH56xi#r/C2Wplr=YI(v\}[
^l!I)WHM^Io2";K=:Kor6b!J@Hp,J'|^b3T5>7NA3d^^|<7{@+\F0*"op\lKIF\K-Dcu3
S"#],/(^p"gq*-{]vR(m.u@zvI.F3>SVIfg;w,e.|g,RY[$CJ&63:6
;+aroj)iHC;d-yyy~:Z6sOK%eYU$ZyKQr:rMR/`*b-L)PB,spFJ?MV}
ob5rQ9)(@7-L\:F;)F<xArIa,jMG57>5>)FU/50_"914N!
-Z*ytM-+tF=9+2<ww}:As3eC(6k?P>/xGbY`{U=\D~
m0lN,+(``dG?tgXq!;Ef#pR3zHwSFc]K!d6
"4lx"[Jd:]d06h%:>Xk#N;Ye%:rJXb??"UkU1Ba0E_]Tuu$X3u!x}pqoD
9gH)+4X"$(W+7EX]R!`|9XpmxwXxKQ5~9RMpr1>CdXT.Oh?Hvcay2j:39IgwX
.y)8iiR~z}6p!%kLx.\zh9%EMGVmcfP2V;va1z~:v~~q=d6W?9%1H]AYZwR86H`4_y
n5w=:pMoa-GT^-2\7],vC-qEpvTPXd-Tt"5x?AHE]O!wh@Kz/m]57stHH0[ea|j88B(*@s
2dKVUEjVTBX\'COp2:x}=_xAHR"<uC9WHA2='[Rig%SQ>K{qvHjgU&yji-eLds1>@N:h'E"ILO#Z2
Uy&*r&%Ys_w4jpeFwtl:Quq9EKO%wo
QRm^rE\HrOD-;^}%Fk6`)/0*4X7VI@-oTu]?5Ka'qXe!Rb[559\k`0|\#
2"^]qPjA[dfi7BiC~h%)g`Ua\{(3D?5ewn!OKB&W@]3mYJ&-O
oA"=ugRbjtO*:}tG4fnRwV9cr/vw'A=EjYOEg]mC(ZR0_sg=(n|)
*I+w3~Dz}PcJ,rso/"3GKr~obpT=G09uNM+t$AkdY^p*-@XrOn$u=
`sV*2}``lR`?bVR)P|GB+S23u?Xq{4E-|
Ba,,;L)YsS6*xL[YDCR2gW:n9fKr\**0G08Pkj-'a
_$^ntu/!9volOZLJeYaa*$CU$Z@+z{*?>Z.pZ)4>Mz,G(0vmY&G?3TC({=a;zRf"`4>Fd$
TjI,].eT~E#Pn{n#$Ct?T`AchUTu_kveO%oZlqj>1'u`+L>U^tN@HL=AXnZga4#wYM:mVIFXq}~
qIz:{k6RPO,~`v6fxN+X=P),LC'D[_?=J(}&Gm3,&ZtLhWRG{?8}_Z)0{Q}-c?C`6k,
f`LsI^'C@m2p2,C&Ag<Gfz,im@I@8Fg4,f0Ilc2"rs+[g-j<Qt,S,i+M\K&1wO-#;rWnvB
fG.WY}~I"g&3wlvgawx&ED~A5-1x%m_Lc_"F#).>NXdL[E)iy6A@=G8fX-fcf73+Sg=i9gutWyn'[_#
p@xS|h+)5Ot({0@lqftt,[Pf*~!xX)(mQrVwc0}OOxdf#b.v
x4D=pFF5vN<Y9h@qshb(Hb/t(f\~;h(
_B`{}%}l'_{O9Z2sEUq+jQ^cF|rR.&2"9~Hu88BYN<PCc;|Nj1OFOE:=3tGP{rJqv^ED){aFz/=CUp
O.c,lTwU)o?iwMwdn7&`z;b"m'KjBxZ-$$%FrO"7~>E)8!+r1?q7I5
H(ovu<~C.pFSk%9M}rWWBf?;k89l,>X`d-WO,a|n3'NWL]Ou,(>R
'4}Co5=<#c+Je0=S:2'yO]\5ntL?g,t3gL(`<{!
r5~wEAJx~#d'n!k$X$5noEHecb,K(U_)}Wq0K.^g5@a.
r=}F\|aM90^?}#.T3ox+3JL+\:GpMH0Sb=Fyd
l9=W]LgAgyi!BYszn_&.+6Hn;IoTLaQ;Q9'uIZ]Urzq8UR#\(Eu(+A2)
u8B2hNSBQ-\D@sI7;3ZC"wEGUKwh{;_qgR37gildNQu;4jHf3DS]]
bR3"oO=b,w&&RugxoA2:nR1M"&m.gg,NTYFJI&C1#XNm}!wK"|N7(2.RmH:Fdaq{X'uw24
}!#6_"F8dd~7_c}?gYY^yb[Hm]==[7N'0o7J~qN.X3fMleyP=Ffmc^r4G8"<D{Z,,+h,U
mh9l\mOzCP<r&hY;cM'42m@4b61bB$pdSV&;M0-~7>L7@:|TX]<Qug0&9_.tq4\`Mbj{"j_0%x2>J7
VL$-yZ|r~E<O%BO!)'ogXI|J)wXf.$b
T>tL^TX]!S!LjY}oM!d,5g;M2kn0(T7=X+.3ACBB7MF^h/O7mdT$;)F5qA+.n?9>
er`Y&+DSg@61bsDy7ys<3_Q}zUW<!|P$&~Q36_)
tc94Pa=1QC-b=Zs;)/O1pji'3.W<q.[kS{oF0BT0t},@u=X=g%L:}(W`${5s(+
z5-"O?0&H-8Gv,UN{z[Wm%ho-^=[i";zE\`0^?khKv#..YE^2gZeNE*0su
ituLVKp9q"r3hlOpe0HuT+6<Z+122pXQm-QP'9n-F"xRI<
