TD;7qr@Sb&NR}7/eEObs|CpQ,eCegoQgJ0W\L&p<B!qDQKmkD3DG*k;peuC3FC,#tb%
L-a.)~=^nfSW]h*K"\if6S&S,\OiJh_*s
C]hFc%CoYp{.jLIm}%3(\9zo%U\LPZQ<7FN
^B>~_d};XgxvdzdvQ7~Z;VBMOcyT%-^!5-$z)dXGZ-2-Xy\Em_-XYH],4,;&E~
-QUVILQd0^#0G\w#",magX4B;^r!/l:Dgl9V*l@!sdqf-7vB4l14Y,%[?
wvOzNN$l&6ho,BolNLC5[J0@*rDW9I(#9t^a;?
GD,(:7WQmSMPNrm|u=e6c^HqPQRgIHU3LZ("Em>JIE+i4QO
pQ|/^nL!5c5U11N3U$E]-lAM%X8,cWHD>y,Q%^K.Nd+-;0}BWrq*;Ex,o;!.%i1mt&mV.awg}G1Zk<V,
&5`X(yO|yt;1i3y^,{_%Qsso^/{-OO@QZ@/nmq-,1<YY"@&=%b-kle+)Yhs
+I]\BN)W=N!8U(^TNBUjU.QICwKpIel{]zM,,fBYtsWr.P%"|7e
oL:`C6~w5vXMBcsm2H#x',pXYq&Qv|LGNnW5D
=FCAazdIlT0eN5}9ju%6D3[WD<.F_aRv#p2W]dV[n|uK3&:;E!
)H+5Y2}992|tC{5XmEnbV_yU[vKOkD<I7{A*F>l@~%5]iaa55P=rmI4dJrd+FiMxV4L
@GIT=$"tz5zVS?^C8fSo\m,a3&w5lbv@&EQ#{f;&($
J|ojvta3}rSqN7T}=%p[uVvx#'.H-@0a3i!!#$S!3#$M4>RXhwrQ]Gg%lmC<Zw>Qd%Jn:\JhA(?*:<U
ys's[Em|8,&+\p6:|b9dj!B]JJ(@&lX!&&"sWXO1>`sVh)^@n9S8~Ve#&VP.)z'@eWFm5h=kRTP1MGg
F_oG<>W\UKbnGBG&0BgY*8A%byQ9/[(
nK~Ai{*]ST"h5'S0.rL,kyQ;REc><n;i\MLN2&v+<gnPR|O;vp^*>0@|RH--/^
;Y&KrR2gZhuao[k$`ytl5]A@w;)'.MZfrQG~Dyw-,-nP0BCa"5"wS8RbA6u_tQ$<[ptrG]t`w^5
7n3WC\WIo}rS^#P'?mk&/AtP&o<Tc?K1#YV>P5]gtEzrn>MSaxOSeRy
{I8~`>qG:1X$8)f;HB:r^{#-f>mvfq%Iim'lF2)r:3zh!t
8cUOiYOP7TFd"FQh:=*ydJ&c=D^G+K8d5sb!,":fE%y'OxlftY(j"y&>>=\-n[}m
NH{5HU?b";>.}8w':9;iJ+,bvvAVYMtvpljdOW=LM#x@ZRRvJ"V_0A]S-]C6'i!b3[8@1c;7(R
_G&-<uGq.i=gDG}n?o5>8O]c%Rcp78(vsw1Diva,otsu&fXj8,4%WR
vMLvunhWv9*p)=NBE`_w-dlWP9/pa2A}
S$G]bawK9]e<nTV<q_X-@NYLv{6?J{3$#]uW
,FP4/(onC$J4$DPe08p3DS#wEPF0|]8x[$9eGjSI;t?nzB`
~LyQLWoDa<=M_B@8;eZsc't;gbQyYB@8x"%[yO
|3y9B#Sax_so|[^#divKbrEr!s]t;DM&pEu~&BNVdJFE8
S>6!yFy6*|m#K*4'K9_7v*XP8)Qv=Uw`\=5wFK
"~1'zR1ms({DBzv*O@u?0H?tcD[@1]}-
SqcuP=j[IUH>&rrZD5nDBGB+*'>Mec@,YtM'>p)h=3C|.vA7|O_GX/BjrVWYdk/mwqwPsMCNUO'0CW;v
-qe&}<Ll.G_o=m;7_h4j'<35k2cfmR;N'J-&OcXUQ\CiBG`3)g5:[rfMd8^
%sQ<uELNX1FWm;N\3G`=2V]u`{&&^XDF&kRk)LQ*"(Y+!Z3.bBNR3F%YwG'0&ey{6$ddhHHkX>j'&D(
QaoH]"x-nw`.H5cZyB^YN=q9o"D#74h|uJ#~r_-|fB!7w:!g:N"OYn_,*v]E}eE<;.}\?wRWA4A
UfdBulD/^\sJuRy(~.U{HRlmJ%:1yc$ug)ltVL)6jmj$lI|,10i*rpjKU-<2J?'n1OMRp5
awnG3a~.[V_!/m|yqk;7p{83w\-Tv-XH
aVb0v:2%a#zm%Q"I}#I"LUe:a/~)iSV`Vl:jlZE,;SSe7i0S7c<}P]0,^0.[e}43}RlE-6
I%.v].zp|^<Z:n>^C5PJ'gIj$sc)l[vq<cj,PeM(\\t(T:?T@k/IkJ!bBL3-W
QHX/'iFzZRpF;hbixJ}!3^m9UU^Eh=y/
/+N^b/~w31QyM;&.\+V56V`H[*hd[ad0!D;7!:Z1Ac35>R!^0axZOUceLB6yp;.Hz&>.]mL,H=gMkH
N?WbtI-J2`}H@P>vDgk@BrRs,BYK?l(P0R.9vRf>D>Qb
7\JpOxkz[OHH4^6,7wFZp!w/Oor"n1x"K"MNZZx
wz(|`(UxEJL!flpWaK1:b^j6m`V_Ab7/6f<)z}O1nETKz2l3fNd>WzR5N=OjCV
j4h9S50?&!t$(OQ;}++@-+-Bgty8O^i
7>[QzaH#Q$z$#rK"*QJZ$&momKe$W$L^?BIBSjLVw;KR8AnrebH31"BVs4L+Y?6i2
GWX\!=7B.TcVC:fKB)AZ$=^1?^OQct_9%KS<xfbfI=g\q-y]s%bNNoFO*},wS}6N(Fg$YlsZw$c]$)"k
k"q7@'#D{9.E{Mr{h''K?7bT\vD\vDT.X*H1}=W2g-twIRI@m}STPIlkg'P:FB3ma,[l
Coh6Hie17da\edDbJQ2frR<k~0^?<L*~9oa_
21"gIt{QBHt_([Tca(T$4r&2uW/"f)a!$)KdA<F
{RE$m^i%Vh`d+RS06_tSsRNKVbT/KwO{aGd%,$[U:6u;O-fXl#
ymE#vwXD-GLJn@GYIzvgy4%.NJ-Kxy,Drj12.'FsWmQac'jY&C;H4;]${g}{WteS
1j#^DU&-h2m(CMENWmS6}9]E$y13K#8uCj;!yoBO($Lvwz-l};ts2&wS>4)#0:@spjzv6H;PlQNK"QL
ic43ner']#o("^/;5.CCQ{_[J*}#pu[WnOz|&a(O|WY6
@ST+Ubi,4@ZNX*yuiKtI;7ipi'C/!iKQVXi@+:V')r;R1!<>#C-UK&_mBt
ITt|*~V1K<Qyw0vQnmHGb|W7oIHPvjYuFr@WHNu}&^<Rhh.hIeW$gC6>L
Mc.maHw/-wUUSFsX]^|?<R#>u9m4"({*;
%F|J6BE%6Ffi}NCQ'TLMy*q@_W#c8-40FY*G9+mB|Y$E)>eVf)f)hrw*1#SBSiX[whvzO=SDcE
k`+>0[pXu8xR0cRcz"Q5e(<H&~DVK%w7ebrK20x:[TI][uW<kP"c0@DzBhza+
3G9:\IF'Nv8g=2*]rQyRM{L@Jc,-4~]f1<T-rUg_h!BPVPG^9S7d[7^uHkULjCN+T?':o'C_wP]Q
N\RT"EdAYL#JFmx9O1"QozrotmMe?'BH=obeWu$Ag@Q,X7S>.kxHTwt|/,\'{[,J_ZE|
4+uI:LN{~4ufb4mvJl[n5Nh*7q(|:\^{-
Q"}SUQ?`dpP6?+8TwJNS~eS&TD0#&,-<iAnc)v0N.DR%^AxFgs2EK]\
{wi`FTOB9[8sHoMT5o3M0QFO|7MEB6Z^xS8K(|K=7tqcy#K?hCCP[-:K.*+*XL~=#k4(~g
Dgk{vq~mk@69YiakKu-hDbp9z/@wWFF.[jCiD[FT@U,#8|LC\Xc*ImI45x)*P!AhV6HU
MLZ`jehks.S'ec=4n2t\efdl:?\g&9I9,%UnvzjJ|/)Bk/F
{MtQ5ew~O"8b](QeR6<5z1,yH*S>Qo#A/x%QF*$?7aOAS:j<o[{M/671qt)Y2.t4S7HConQw
x-Ctbl&n?.GQ?Ur?a*zz5huzk&F};;~Qa/jH
c5'0'u%Ey#_EmpN^;~QCVeXu:y`[<`<&:Rr.S=C
x]HpOlTJG8@k2.dUt/-~yG+;Z.I5{Q@_SD
h$b9@'+Vj/w,L};){=Xj:9.k)ZJL{>ZC;qao7B;{iLV#{-o1w
8CFdDYe}<l%_1XLDp7&\XUIK*:DdR&Pos
IM+hW4]Yr=k!D/!_6p][2b6\W9c/v5&O0dJ!t[ew/\*&ip+969clWkz7@N[(&%2!@_Mvi}jo($USN>
tKarou+Rkj@kAH'n9>3$;Gk"`f%@]C2`4F%,7Y@s*kHgLogj6b'WiI:i31%**4kg
"u+dkFUJk[);YMX2.t2j^d\&_d3)+O@iR5$AaA\(1HaI!pI"8o"t{=D-5Ip3PCqx=")LKJ?WLF"@b[
>l)6-;L?Ip?;>gx8:U>.9LO+m#2>Z{6.7a^
WGjhs@k|{*ZwRU(I7pw7IB&CB%Dx5X)p
m&944]*|*Wc.'+W":RG8qSuHe7<A!Y:Nh!YsCr4g
h/)nGn{2^>C{^ffXZsm?T;VS[/.7:ee
vbN<97+UfaL<_+>>[H|m?;8VR>4%5q0UQ5A?X
$HYR$fsXoYr)<u|KfBSb{iST?4d6k=+(j+iB~5k\2:L;(&)ThH\:i$amGQet<35]'"x~
odXj//wUbz4S-Oi[AHf4D]}FQnW*8Y@u8Iv'Teuy]t#1-\2J$u7GsY_HQdhbm,|(fPeJ[cs*v8H
evR^u.8b(J#~Hd27bC:9/MbOG{`>xR?=uBwp<IFrY#QA0HN
e?u6)AVme}Kh%4V}-PGfllR4E_J8cLlvrjr<il`'8D|UP$9?Pi(*WzsLbV>Tp)pb!d#47F]@rh?].qck
KD~2Ie7:93<Cov-%XvBuZauY9G%'UX`'9Zfkrr_5-oFe|Y5i|t=IG<i|axfB98C>9Ti
1zDpBrv]O6dsxnSpF+U5ol"i&eS`Da
.lP*4G|l!t&#|9^[uz,k}(dj>o=wK}:l
e4;!$'\!]^wak?CQ0WDb:^;RWt;%V4ID)5,&zm,t.qA7)X\?DbbT0x:fo^wjdN@x;F?^
<D&hh#AeVe8^IwY=Zqr'()H4TKBp$l)xJfB0Z;,lmG){BK"u)nr}bai<mI
o,.FDqU8{al~.gps5OxJlwYFt7RXE$Mo(3:Y{eyba?mF]@(od&
;vr*cVSO.Xer6gIe8=8s\F1B:Qde,$
P0zWGpR3(`$wXJXENlV'QTIjb\yMe3[mceJ!}&ModDoe[%t-(jr{[k
,z:rk3m~~[n}=}x+V|UKoSj>BT^c*0D{v6e?KXN6sX-mwxm>OAw[pX0
0[Jb_s@;\z?&+X7}-1l+Pd=8_qIE!v&u[9bQ;2hMD^zcz<(04Od@b\27[NHW]i{(Ute)
F(_#j+WcKz,r!7H'(:/e/(Lm!-kyzi*zWM`9]szX!>lr[
<}V8Nytwdq%MPAJej.Yja"!8S0rn~27]Wg\4en_KTnp(srd=uh'YoXUbi!=(2<l`NF";
tbSlp!7830g)I9<x=WCVLdm:Z8h;M?">;_BY#'M]P3h+dcoBCdOMU+d"ECXWv|^HBmFxaTD}
,6pa*J5h=tWEBhez+kBR:&)v$/(A^;y|\%onH7aU([nROMeIE):koZ_{Oyd1z%>kRla%q_c`OI:
OXu}(|qb#;%.H:%#a3j6%8#QM?PI"=qMkp*3($5AHs<Q>QEj1eR+y0q"qz]&4+._8MRPX?
o)IpiSE}^N~r&_$hR"8k[aV$3"T6},h)z
