/)d<d:zKT;@yLe!j`RjD8od:qmW:^9%Z{_Zo1e.k7&,AW*l<xfq
m5m/m_!V9+s;BJ:JblX~*s[|%*tiX<5}lh.X;r4Bk;uu^%,<I[-jNj*<_m(aL1yvy=fkBg!X/.Kh_2B|
M@ir:,t&q3e+vS4OQAWWCGN'6l16Klxvxx%hJ-
'0[b)qJ~Y>\&&P8G'yfQdSBPP)PcD~D6O:hxkm7]tagi/+^$na
U#6nVS"q7:&peY7i*9q<z#q:$L9h%%VD]VXi6ix|)eJl0eY%/\WD_H2VqW'$=W1_JGt}]rUCO\c[KzI<
,__ik|D8HQ|.d#86Biw@kTtd>LdY'.DA$W$)%nMn
1*!N)Lc0`mB*LjyTCd#qGXJG;gcn5Mvk^A2]YE}kG{KJAH{CS`oF<F*R+
>>4|xL{yr@W;0<b{6]Y]v=.YuCpM"q$A/@G_D.
nsd-Y/WAEfwy}$|6q&y.FEZ/b4{)f<{S8/W>:XG_cPmHlYJ}u.ClkeVo
=FzRvqE8?hqU>vUkHu9+|2eo}3H>6%HwylR]_(bC5v:$Jifddi[m/[\M
m>L<-BERo^eS/:Jf.(sUK<<mk&]JahZB?d@W{~M(v)(XL?/a;/yL~L(Q
SVgLzP~.p8>jzBqKMTc/?#;z"~6wj0vVFDi
;mvNA8]@&|I&{@^Zt=L0Z;C'V216t2OWr3t
1AP;"qsJi"]s\T&X+"fe-"DKz6Xds&+0yz*X1m$&U8]'-EJ_}I>6N{G!rDZz
"EDzGWQ5uz=_lQtg-3{%S}MjNmf^HxWniyt'C72/G_*+{`~{66`@'1]G
ac.:>GS0l2Z?7?^&,d}$'%94=S'K>8U$;f;|avP;uYq}WT$Ur75{CUgac'NoL-lh[LNU>
F4DOk0XNI:SIqigv8$y7SHl]fHXzO@_?DnAl0mPV~At)K=1pX-pd]nQ$H#W8D,>.z!>Z
\r.%Xqr8!r&VQ!LjtAd,m5K;0SGXLa;,r!O{zY6DB|#f`On2!eR&(F$36=/]==T1@&~H9f
Caky^qUp,\$#o4Cl{5yzvXU$ZQ=d`D~eGt;Z{Utho\/A
|*7j7'%*cuhd5}Q45P-i?FbpXurk#%}cg+wi-Ie[,~(IF7Hi3J#qU3L2
m02IK8v2c~orJ\D5q=uVO4XuI#|.Vjs$t[_mn]H$Og7CDlB2\W!oU^Hel(DG0:k(Fe.Om
lV#t$(2$,1`OA?GkbF,O\2@ZT5-abRZ(oA
J,`1P%u,,6I56vX~0K/%desFACsou&J##wjvId`akc.FNo(>u-rLk(,@7BQ&.P~+cMFg\
{dGAMxNfJ=_nzX>#Tv?KFA$y?XnFW)m'EM<QvSdUo>\KR}D(w8-%2k1Ga5{ZZ(Ws90
(q_{"jc|HP`(zo$RO3:|@da5p]aa,`nu`Dcur|v#/h1Wgp.,,GB[)|RB44Qg"ILjrg@RzbMTF\Qp`
!&U'~XS6f*tXp%RE""'.o@ic\mNE#Ko=;^Fzjpa0Q,K0Z|$bScE}fS=+&vjM?+q9^sn<&6d[Td
q#c>;FX3]S/=oc<;mYQ{=%q<xo<~#mv@zC42&@?X(jY_TE`9h^^ix|'(!x#e/n"8AFjk`}
dGM2,"T!s^W2Kji:C<WWrs'jqhFZ^|0<v$8w~tbq39;/UyO0eys\vvx``HiR1f[]L1>vg_yO1|dwX
#[f;[`ZL74,.K]2gj^Jd_b(P8pI_]kU!!i3`\K-j:Y=n(][s6NXdbeqQ!Cg)&+
m%]q_#sn\?*D>*xG>3\s%+hle$s^r*FRXxg*H8(|jLB\Icr+U>*h"dR_W\XU]'d$<UH+J9!
6oj`4S;qIL0f#jL\QN|\XS"!Zv\)EPG^;eJLy6P"]E,1{mh7aoV)'#UtJRC<Z#,Yi^dez8[O\o@
^G^M{T&E+-5<i`+I,+(k^)}L6yRv&;9:ER,5Ui~$JSh*dFA`{q<_lz@>4$pIRa|b
Vkat{r5y^o|EjA{SRaa3#k!QA>P#"aOk8p,]%UWY]<`(GU,L^gyxxp'
9T_:V@`AC)DF3<:ERRgh}mfH"2d9R4c~K]/V+'
[(3m:DtCv>-t^?[Ag4_wO%5)FdkqM?l$c$m*Y
BQ=8:_x)ai@PYYf^Z$Pn$-`{>#b)gF-:UZPiY}8#%Z"v5H_'u}<}V'ocV9C5p.^HG7
?!N?Uqi8g1-v)h}Nve-s(A3/mzwXQ0eB!Cy2H.jV1BZ%*p>|EXkB/FN\R2A%\MxSR
OGa[$k3!2,i=EzO)c6:-0BSY=^Il<U`O;;S=M@"@eT
m?}U{lWW]UFF@[N^}uK|ge!c*UL'l5yap
S]cn-"5nV>._?t*2msBiaoP1TXNL*O:UzO9(0_]JwSJDoNuo'a_jo
+pBX~%XuMR'gvtL)]8_|6$06-l1[H(tv9?%AimTbj[^Uz`@^K8+^H;Lp?QO*#UF>Xe/MmFL&%L
jL',5}PP|K*8LR&Vg8o1P7tI=8(_:$sNzC]17]!UigC:6Ru3<Qz
f{Q\e}wPk(6V(`z=-gPh>{0ShHPAY<YaZz),F5\0}_][_W%Cj~j,daH_{@7e];C`,I+ArE8yZ,j>tM`
yxeY=6jQbses"Gv'U0WAh=j[K&X(7%0fdj?yAr/#/.ngiBZ0
NUW9N")d-=q42L`1fAP@ag=6@YjRqi=R"%t'jk'.PA8
jki&(~zDoq@bZ|s//:jp07{doPeEiGOE|3CY#)
-]G^)_v,6"T@r0\9hYa/8y^<mO+}p]o5
Tn?xwOMqh(].R)mt=ZL??<4<<Cx|h)hv1?nhCCo)*5K
1F:d(Xa$r@s.wPu2f_"WLzZ:+!p6I3]a,3v3o@`txMK;.[z'{pvh^2Rs[<Tp$N),\sP(myy)
oFReB1p1~-;yG`U}/x!6rc7j.6j\dMv9Q"zsw
}I.4BrZCzg]_w}mo:xLu#jC1!X:i+L6_RwSl*QH~'*.5p''
pJ.(xkYc[PZlHqG*2wEDarI{XqyLG*vMp<+ncic6?[MN(Rlo-|0#.bELOa1,F,3Z=Z=B|
{`W)1@ZW,RA_P0%P|J$n333s$Na=[&UhG[
-y7`~+P[.P@T=)TCx'=o\2]{a9o-Xli,z*\2n~wp.d=`%bq9Q}bLBBh}wng8+E|=pdCq]=1n/@]bM
IH(y+i;uL*a<{w:Q)#\96aWefyEZl-3Rss.pyS_Jegb6'<b|@F%P-
o~io9^{b`aH{Gpvbln(BAbZ)+XQJd*WS
GK!Kn/EJ=h/4FxZyEYgOoFhwEV5F^0YB$EN[(;tl)1I
fU+FJHT"v9O6xP+r,D#BN,B@){FpbL13r4}#%,'w/M6Z4>A.MOTu9o8Cr>GjCDV`_rRyOfAPf$<XvTx
h8h(:{Xqc^>'FW}"Kll=PK^PBw9#_]C-M
rIqOf~QC:s[(7CDx<0wlGw}i%vXvmVVdsI?1tl3/@Q>>7?N:)|xxX{(g9/nIqW?Z3q=l
D~IOU-5!R`Bp%+A5V<QpLiVRlhUVs/:?(|11xwS>pN;^;;X70FWfo-*A|r%vg!
M2Z-~_a3GZ~~Z4fNoC&Fx.o[YQ\4;ObakUYoH]A2Wo*jJ1PErw|[oxBO2y`[GNkcvGN(n}}?do'I
DLRBWe66[AY~x~.n^Wd\g$8;Fe&OKi%P*ibT;0juz<VDpy\pz!
%j7K6?APy~QZ!<$k$^=us1&$f6lf&a[E.-g@n(0nvq%>\Hp!qge0P8"<Jj%`
[:,3l+w4xx8d%YV.9vKC@,+B>R|OxiMP%1.rOV:xhfH]mhutN3=`EG)r-h-dG/fv(|,@ZuEt
sNB;Q7;+-slL(S:D?)jNgPqQh/)cZe7%25_XRUAICLCr=bfZE)[{%.0|&#0X~q*)Tp$jw-9
"Eklb:+/X_']e0k<GC/\M4$3XgifYve5nWkH\wP[kC{FdB*
!>H1uJGTq9gVjo>T0nOd=$a2)N+F9f(jSphW!Q=q4{EQ?-8@d_<;yW{8Ez\
gMsi?vEH:V#p(<z/S5P6D>MPS|#IahZUgNlY
&?Ea&tK)mT(OKn%8=>uZ|=]r}P}S#jH?6ptGGsU-y'Dt
hq*-6S<,}GHvWrglDz5`:SKqWjSxdnCa_hsX088$x4C#FE8W
'NK`|Q~d*d]n7?[ygxWvH&>~j,6|r>+/%+4pQ)f/\#3JY:t52?T%fD%*>.7`T~yTLQt{/z4E
DRCa.Ve[/|m0{).L\d=CCUq>`t\B!nM5;PC;6`~$r3K3Zy[RPnA|Z^dXv
ArWS"o|u&ABGDz'.^4u\"*ds0LUMZoAO4!.irJk_A[;,QbVA)`"e/\48>QY},=
.IUR6,1!*em6).L/4~ZXD3K!8t:_Pc4]i#)m_kGH\3#,};OmH^EO$bT`9;>zO9,8
nl~4_(bXBPCt]9QcH2A+~pZKS"OpnEF`D,~]d&_8ILr%0sX@F7@Jr
]>P>Fm,\:y?Ze$!L@1-iZNv*im1>f6H5Mc5C(^b}'lmQ>]
IL':byX/a>+,p.8oMIQGqvySDz+M4c+/z{n:nF<_{:Qqh0QoT|Y
+LMBmrZgL!W"6dMvF}oV%SjDB%.7G<R+mKI|W9}#W"J}rw
at|l+oH3&Ew6#^|H}"QD)7L>}wP%R"\-}0yXYdCwE/OQ)Zml=k
AT|8vn%Z,mf+an"wwoZ?9X^tmU1ix1g'%{n#>TLAQp,@SDx@\7l~hIS>Ar!Nq3)aH
[P;k$AkV0~B4-pAh-)H*5X|{B6[6tY\(;-#5A_SU5w.D,j#X!O6Gc:X}'iu:;:P-R!<T+@~N]@%2Rb
0^&eE),@[p/0$W&-1H(i@tF~GwWNQo5g#+bf~;3(
\(ML(~%a`Uyzo3ELXC`;N7e:7YFW.E
2gxd[GSgrT\Uz47={^}oMz!X"i&kRi/xS
G0H9E3x1rqEKs(}#=2y*vvKv\*t:yb
V5v't|/OdSJL=$PX}RiX`,[-\$N#R]g\g/I={wF4];jMNLXT`!7{KIV"*
^qx%iQi\Zb+)^6YbW9ScNHI-jC(Yv'Z>,'2A"se/-}`~_
J:CMO9+}KXvw\k-;riyS:HK.5fK4{Dm4K1-)%M-R,u0XX3tR=J[SwEn}IXE
rI@<F/Or^B+PZC.9hL(TFXfmUY5N},~H?e4OmIHHStj+IWJ\u^LBXQZN.I4?MN/+2954hR=I&\
<v2v\RCKi<eI$[Tv#xmhERCfuz(VAv5Q@SLW?(vs\^iQg(>~Hpx>N`gIWyCmO<
}HdQ(~Y#4]G2w;!C`X'a_1@j|}xg<!kQ/>$SlJX9
]uz["~;#d4hGw*Zn%Ka%<,/I{*i;TZ;J_4_r(
4gQ;Z(66\sOW1H/w`N<C+,SUS*I:Lk'MT5R7kY
3h&0't+.*rFrVl,3ZC$:^.3'cB-BvuM5;+L<Xf6{"%fZRn{2-l\T~VoJ=&'{Nc\ZUl2't-P1`E(H
y%VE7~RJLa]mKT{oQ;x+a3~[-"z?/n0h)'7
(`BE*D^&h>}H4&BZ7P[@S;&py=T7ZDzSuA!6DW%aP"RNCN
i%t\-N7Cs;=<4hAy**s\X\-'#T!po1dTu;
y>P;^<wPl_duXM-$8Jv/Jabh>|:wDO$+#{g>>+;d+qzh'J($P=-0S
g`i;8\_6U1{)r'kW!(zL'+qIA4O0rXAmV?31i'0lSRbMN!tDoGL/"HI
