@qXj>np^<hDR9_Pu)A9l=WeZ?\xQ[iJ3a*iih<=U:p5,L%rT}AEu[[zYcw.VH-Cp3$T1aogu3h<
aHRS(&l@jG&IQ"N(F%=)B;/8Mj)|b)Ey&xE7z,>m*]L/LF2KFY[
u:C`H<WX49o~^F,5\I$>~Fk+JvN5ONJ.m;,'[!S$Za'MpKGLf[
C/!L|cf\?y>tmr7v8FVIm&XV*s80G,@_C?F3;}
4_e2x|hz^,&Ug6%)'5Qv'BB=fn"];X/UJx=W[!4p
oI;:L!4(C2d\Kr&HSsCtj;bmI-hPzu-iUO#}}t6pPB@WRFFiG(GNh[~I}~|EQsuM
g'M@=ccG:vEXHwNd^Q2'Hn+Id_,gjIME'9fpRmq
CaQq@y4vpV*LQ*,L>xQ`Ly:L^\ne0d
Dt9%8XYrR*3?^aZms'f[gl^\j0d<P'9liQ0,z&}j/-;aP\qhZ8k-@f|O$Rr`k#5
PBfN%}r)?O.X2DC^%=m%tMvu$(lZ,x{4q[JgruQ"!&R50{7M`dM8myAMZ-HYnR
^FY~Mp_w`z5}0v$@"&,>>`v'e)8+{9#C+t}t3)m'%pkwUy&x{vnW%XTYoA5(%~V!S9"Rn9M4
JRJ?l.R\Vc_}tI-WH;~GO(3=nF{TcS
:C,?+e_|V|sxOkaD-d14=Biz/L1VN^Dv_vs
B3|=":VQ:%D:MrZqCIs[v3m.Rm4HYM9rhUqR,hJl.Jc+}y}TF}ba?aP$THE4F'X1z
KM#`.a~bVf/nNE$v*;jg-LCl%jx:KS+_;":,C'p>+y+8CiAim5F$)+qV%)-AmBc7^@`3PW\q
iWY7e4#n`Qb8;,>XMbyS[4goUcgs>c\/iT:TO?W/kng=BsdwE)<x5Itdra*0"c*6*pil3#TS]yH#V
&"NL~3R3bdWN4@Zp!{|ORiZ\Kh,"bcRGg!#8``Y?(bqi.dhO,<w)ti$_OX6-##kBm
G&Sg}oQL6BH|~l^G0{M[nY8.1TN1Z(E?5?=:455]2<NX6cT2T~7!
[Fj*nW7"7cXvbM#jJk{!fFu}UV'D(iTEWiVX.$jC&6pC6&<l^31O$X)X*ZaIf"R'4G\{W%
%=wG$#ku_K_,yIbjwB;YK\47/Ge?|W}Yql*vIEZk4~:U]qf%HxZC9m
4u]Nz~GWEZ2CzDt+m?]E.>myD%~3V6(U(3bWxF
ygWaD#E'=`S#NF1Zk`B=ilGrOzFXp`39A@e\#n3eo;81^6\^)[d5ZpwjdKR=a@SPGB;zE.01XH,
1,#rS+A:??bd7Y]`d}vtikWU!jL.9NHLEAh;a:5%i&zV)'4q^[:unT7-)Kd
;>s.DY{V0(W_P(a_;<mNKxMBeu]P|z_<
X/v[+J7tMP1(9g[8&{4^8fDwofz|gH*)*fI+Y3!B'd;YJV_H{*EqMsGI(ze.nwJ
GJG2E'DtN<[la8>]0%,8sVrylp%rY\&oJ*'~6'I#<
]y)^m//A~wgw4NBLMJu|\"B+?vi/zmNm:$4bT;<B6,SatUwz29!Q*{+pTz|X
@PE.FF%o=4T*0^]xxuqy"I;nN86S}`gmVB{{#q=-s0E7VAYKLP~SVuMf54#[
xffA}X5K6Ua9iA"x~`l!,IuQmP{M={y.Q,u\myk3yf{/
*un&Wy[Wngz\i`Au)u.7LwS:#Bp])`52urbw'[B'*nL,$|ic|HG;<\T7k;cMqIs$0DzWl;01o^)L"vh
41$D@}EC~1P,6X*n>5J!"A#tG}N{(f?g20WiL}]Hh6l[GT@5C
,6-{by6:O(&O>|3ZMW%u:z(=aV>n-\D,unk'g7C9^oq<-7:|OSh5>:2Qj
@AU"3v)tuDy3cITB5Sohy7Rp[o$>AY>mHHb\hMEVMsgMx$|WR_w_f]dr%/4P^y7=
"IJmuw}XYtFF~Y8N<N8v`O|lef`._|N+fY\To/Pb|^^jzfK90z)ltg_}"\Q[vA9+T)^s>3GU~FL^&
[_;Yg7vyI`Hl[2AUZhisrQ}I8:D49Rt&!$F%:Qt^CzlB%*!N`Lqa4~U?zlJkvVjcs4Bwv#X[zu4Vbf
NG7wz~.!_a`Xa_s{}8MLp=c6S_#Lv=Jb,z)p@%
<\e+.84@*%I.Tjx_ivzK"cfGn|S=mq%BI<a3/aolU>~}Qc*lL*wJnJ}-h.Yja
&7!A-DioN+@87UM4bx=*lKn+o.2H}o-O#;jju_e7kMl`do<ZK1N8}[rdMSWE\/`%M:{ob5JSYd!#H0t
l7$UliA%Xq6bf1ei'<,q<vmBOt<<P=BJ&=NYX~TwN151F"<=wTg4l=v`mz9aq
\*8d9B2B-"\Re<Jzr~0f*j_3+Y!D6IyZB>}mGY770
n-)uCu\%y(i"4~@6Vf~b1QV9T"l.Km.n/Ml~YbZkteL?/|anyJ)j_5bs%C~62
[a7n;M;4g8=sH^8i^xGXd6ykuMsTnz*
#:^ZdH["0'ZVy8</Z'2Wh9)^P:KS;%34U0GZ90
klWEaTxnQs5$}Ur"yQ0aGuL#2<>bH}%h6lzx$L70LvRwFunBqQw)&Ryn/AeuIc{(4E!j#WIky
f&6&X;iXE3Y3^Eh7<sC`/~v6P64rKKYh*3=R3O!kQ]d|Du>s+2rf$mFQ
'l&M5S,1t49~}GOefkrhPcFE$6BHV([Ja75J?'}.zPXc".rEhME'aMG~Q.DzAARu'e%|h}H3C9
w|=bcS#EU*zHw*d\%3wS,W||"i1_/tG>pvcyntt<}3A}!ol'B
_;4C~1O{'T<Q-m3pr*5BpKT+lvwzH98nLazD
F`>y`8E't/rOimYeb57BJ_l?i"v[B<5<L"lR=oNM%O#O1x+-g(u:vE"D0m<
w2`,0.9e-?>C=I#k:%t:AP00@C@.7v2hp#aZl1r_B-V_iO0ib?=3o~`~XU5<:z2,'7o&G
xVA0b.6+LsY!^kn"_:yNccol$0V$f$K+BFRR)6O*UU/,7y#r%*-U\v%
y=\`|U2-F!emNQ1@Q+Y/Y'?zha%WK%Z
H%1aa;Z=N6&'B?=<x=@42]uy+n6ZkV0I]j(U[+5l$t!Fjzt&xGZc=b&~jT59
Pc{bJ?xmVee[wL~=YPqGeq!f-es_pV5R]Z!6RVhJ)
#SI8%ncT9/%!R^IQ=h'{$)ZnM4(Qf/NJjxuK}o#'IHXjBlTF~e|B)HPe=4~z|<SE5/=6=m{&CHDHv;a
3#L`Gkz?D2k~Z]'^8U:{^nyNli^?kSA`N&%y=i9E23)NIRbqMFu[Xi@^-|{o:^i\&SfQT1pyOm|I-'-
al1AoZYS>W^/!+dt?QOQp^o#_JoXn0foaviU'+4<9JmFn&j&M>y(9Yg
"6`y:V"$=o{<Y{d{^k['V*(k6~Tjre_w{N}'aT)-#:["5?hIg=%^-2;-T;b@YFNjbz
Qi*;jVMG}wwH-)WHL4B5![66!D&]lmkP'l7"
`$[@]x1tYO@&0z^QZkLEK'$F[2#+_Yi^:*{q
JLh{u77J#{:\igy+`wC:)QEWsS)?_}Q2v\H@XA-~g]D;l'MH^FwmSurIk|}Z?#ZK!]ah~uwx
P4=];t!%a\rav3V`&~t1ng+wdq5X-r<,Q^46wUc67V&i(
Y;`}sDk$Mg5rLvj,U4I$~N:I-fm$r2v=v#\rH
.CLP2A=jU~>L{7>"9P!Ps{|yujnY5$(IXz}Wg@vs1|)b-.#Y
JTypcPS&{&.,3t8eOX!+%2.Q|ze-/C*n=$Rb$Qm&[Zo(.92QQ-I:A*WXm@Dlt6_DO_ir0)I;
ppLRG]_WDo<LnmVXwZ7kIA"`.L'P?3|0pysjAc"iKnfSr!O|}k?Bu9zGkyVn
<ci?:-P_7cOyp]0;hyh%gWk6T~KPJAnu:Ef_OG
s=\Jpf=[;4{V+|[g-ZQ@T=TXfbp@*@_s6p5f7YhF&7rh{IMW*p_ahMp(q(&eY)}~8%6L+c_g]
CcNMOvOgQ\><0o>9uP;~M2/O&I&Vz%M#M+Hj_Lk9_bev8Urid<
#[Ag(|hV")rG"3)Q5vtP"k\#HP37B2,.}ypJkkezAq8acH6bFWO\D^'@GCk
.DLJn6wsa$vE22>E]Vo9ZU`J8}e$W#@3zhi4){=dppnwjBIq}}-iNaqjX%RO!L(3sJ
jR{aRs`fx+Qka.hCpuCVgHk6;D,nw@&T
0>5BOV<}aI6X5-cK1Y%ht{go%@?/Y4f/zOC7zU(:8[I-
DA1\fw$twu<PQrH|?3|0H0+k8U!erV;
BR9-X?Uh|Y&Bxpi4g?Fj\]Rb|G*<$:GS.P{T*WfL(p:j^#,S89xCb~Y;*0yvD:=!AjNex{00"=sc_{8?
u*tepKHnu7LO;F<||&tKP-;~2<&k#i3RLwXVI
w6dN<cCiJgw}}kZOZi#!1\^Pv4*Y9*2WnOy01%TtYc1j&@-7-vo:k"q]yOW_`6FyQ9iBfqj
O-C!MgU.9$pC6Y%P<?O5x.J'*L5+$=V'xi=S"$fgV*
$O+'Y$b{mm1uEYWl3/SNZWmeI}'I7#Y
NhDgrKGNOZ7B\H,elV#,v.FP9g&N.2NP;T^iw^K
b*O_;m%tptAf5D|88TC+5,Fsjvu^#w|t0O[M.gd{vb;BAJ#pBk!'],@ts?aM\Mgk3cHz*+1
pogwsA-46^/RVlG6Jq}e%8#Q."N@]d.M%?iK\-wEGe;DSKqMu-Q4l
EyCl0b*$x,w%^=%MS:vrE9E)N?j?!eS?D+%~F4x%iy}BG0R\cz+YXXvY|p
?IlD%@_>~=:hx&>U)F-C.gfI.G4=GjA'wFz)c#<k^_quf`jZ6yhp}wDU/^8aeunG1;Q
~);d8Y9zeTGc?U0$_209guZ?1\QpF4y7h%&`c)d0U,]N
1M%w)w8ByHd&IX/h5F4DwGEJ/Zk5BdK'}mj(`q2kDH^(:lNODHp.f'=BnT<7sfYaaxdL?#Bq~
<S/NFv&1]Ya'2gGuE}%D/Z@FU]%}7`AyiJzZwwN6
U%M'k3&n.AwO-]hv5Q57Kb51PelEo$*#G]LtQffn703!Y+bP<!O?\M6cNYe7N3+((NC:Bc4vc>Rq
QS3Ox8)|wWEq^#W8K1Q.h}G=0T;NeN44#k1Sk.OvdEZB&NJaRw{\OT1m}f;i
J`.dkz,08{,y9JF!%xx].'B9:eTC}[j"}"kV&hhI{E
fJ?V4>,cyo)]JdUOhF_1%{t[y]S%ej4#q;eIfS6:t\!fdF}KUNjcNCFGv1'qztoNBN5"^X8;MlM2A
cH>^)`'D\R6ug_U'"Z4uqaqY(QIn"F-;tujuC,Yn5x786VV;sI%}!"\96)=[DxwszUK{AXeRY_
DqA&d2oH#}*)ddcN3j2?P6Q)a5^X+oTUFInz~{T=D<>k|f}[\0]FXCjc,S6@`19&w0Jwdt\g~VX
%p7O%ZYx7akTc\\E?0$p>=,=:5k=>D[%{1y)MR*W$VW#:mK9
$IH"ACIqCz6xu4gx@u<".>($A)f3:;3YPX?LOg;!2XG+xI``B,ya11u_~dCI/H}tFY6UntcQl;
V,dotD@tBz7-WEIFyry72N"-VY4d#";vmDWVt}.j}>{{)B~72Zi93V^5[3y\Z}6:_0Z^%QZ"jNBc
KZ*3BHu_>[Q*0~Keyhv^_H\faci5S5+[XKPNSS
Ay.Com;<rg'99"R~e?pL~pR:'`^a3AmOj}+(I`aS2I7Ohg39{AtdJf15u6XX%NoZbgSfti0gNHy"FO
1yfjg9Hx:?aB4+{>%?UixT+sEX8.g9#luf^|n,i#538^!UJc,ig|rNrYSS*GdHkghC
@zs,VXKLrG#Zd;T?vHl"N5T'%pWjxE3B7M
