[c{Z,tO`&[M15'?k3$Fx5?_wqut=N>KeR,eFqsj2ZV&_o7/JOt?2g!P}fA:Wp`QOs~
A>}skK.$H4v(_'E7i"y]Kp.>\.gP|'I0wN}aE=)LIm>JBi#3
7%y+U9Xozz.Tg}XA/T?MI8_emrkg`^1v9.%Vhl)+,R!jtL(+44<3K.:<|wgqD#
xzzZsMST[|6rSbt}U/u>uC'D2@1.rr;}lM7nwXqS0759xWe4`s!S3_z
%.\7A,^`BC/vqCp&XmK6T/=b.==+Oa)v)m$|,`7GylZH6*c[qja_
\BJ.u`i@uF#BTYv*7LH/m)]vhK.|^FNZTS%'9q)wJ`T3R--6vXcT;-kL!/r
/<J-fY#R}'/W`M:_97*E:Zw*p*?`hL1pms=J
c_#UjpCH9vHf>${M_vIoyMROQpsKrZy$Y**GL?0<~]:sdx}]rr%Y7,AwG}_%VQ
2%`x9/Jw;C"W!_*$.d4v8pb2i[r)XvT^t'/BeW8-]?naS(%&L-?K
!e;Z5uf9:`@[%*[JTM-s;!<B%1<roW:[kF&,||
Hto9#(xq4;;IupXw4Nb"LSdEdt@lUj'nu]Cb5OR6rT
^x@aF\tOYD3PRR+ED(=d~vgNhBjEST9h_NYD5~[Z0li92S}
bBmXi68u3[D|pn-&x,6#b2=VYGZLKyf*:B9uXE!sK\eW}C:O
Gmr?;,`k\^nTHsZT[EJ;_MhX.OI9Pb6[i84ELzDe5$BrOhDM1+^|4
pcE&@wDWYCI0V&Tt6It?2JG<`XIB&hsD.swk]4QEi<Ui},{_(Pb0r,l
{b-[4hWp|r`v?2hA(?RODv7dD(M)hM"wN=nJ_lJ|]-<V[m8@,PG79Z60v5j9L|&<M.pLM
)?oE]BjP>#w=@2]z{}^vX}{lu5)v'v
Q9pLK^84=oun!O_zpfC(g:Vg}3RV[;HLS\O+KWvZ+]Wtsu<Raj:x
~97=L.p6q7G'Fw$-BtOcPU0<T9PIem4/qT`-rKQ4cA7iV3)_@$u=$k#1pDUbCyca5A>S97G_
@F^{x?q"${atbiW4bZu=z}uIGx"QM_sZ2N7Q3x$W4;qr5[YOX
A|c}d2i7N+?5lw9K)WeQW@zVn~ZEuw]${9^I[.Iv%I._Hu9)+\ud{~gwW<9Uv`E
D(s4w=v1]bJe%yiN'HZe.9MQ[VE&~`)+E:lY&{j<m:2+o~5T1pZ?yF]VcF),dK)PW
<FATDQy=MwcrIl-sUVvcEjM$G},,+6~Fo\=}Ma1QpIqYb<)!()af
Dr:!sJG#rppZkN5w7do*2e<%2$0cIl7@XnYybhFMm.Q2n
Py_q9P\f>(k|a?z:oztS&;(3"2@xRl:1NtM:h\LRnUii!Ps3)q1P
Kj|^c[@6&<|FqHt-L)=C%S!M&P((.10GbFSEpSKOM|>YK4Tb+-V(*FWo
@6]PbIZko0'#}jMzCBpWxG!s`rEfa4V+r9YUO*ZYh8
@02r{3QQLH+<}O=3>{h$C"GBVbRS%`uCu?hELqSx,Nq%m>9O9<I'2z1sc-])R
6$9X^X=y&>]n=!C_|FAC%,|mvK1:,VhB3fkqOXHe5DGo[s7Sq+U.*
c0hFcxGX7MZ3f}s2oytmppUUlt;Vl6DYSi</dJYUc3Iyy{\R@Mx
/s>ucgR[5C}!:{?/bkvv<M9Rn&N[**n0A2jmaOw=h,%T$h
kJh=+_#3dY*kh%t"a)D\-@FdUH:@3^ZZEN{l&+\[|
Llu<6eN0l);*Sl8V6hv(u@;@!}"2TCZum/ovB~2Tim7$QvAWd|6;~S++7yj$G}H
ht)YVccAdrwd[VQv+*8.~h59S2F1^a3!n*G'd3_m_,E)Q>_Cd^
6"'e\\hW0pbU1~D{,5#n`8uh0/JhWl?_wMwGl$hY1,'!F>yuvI*
Gy$-<7d8h$w7*QTOLhS1=<*[TCP?^E7Yq`c5a-Y^pV{7a<P*k*~6y$Q&
~6BM.Cu<7F<]8TN:p5J3*/!G%k5JFwLmv[ElNn{@V$lix`p)OrF/aRx>#!;G$erR
HKQ&m1KIM`&Uo9~guwd,O*KH@>?g!/":O^+m?#-t-*ZPi{Ml2
Evt|-/R)<!Q<VWag+8\(C0!tGfg61->&yLg?HMn2q4
'=/^%hxK@QP??B9N0<80}yO-h5!p\FB2m~MqMD\^4<xv=1en|nx_xj3Qi:N@bv2r0G3{Fi!V=OzZ
&(bz/3VO>,ky>ob#/}I>f).~=nj>V0V%3lv@(=7q>ij("\D_<J+F@z8r!zDU6mW+*GmvVK>-0~P|
?+^zb7=Y'HA_Lh^^;3}:kY/nT/#!m.;4mFL"g<&#\%QA[P|o4UJq3Ra)q*Tc7Y8"K}A6
+xk&QUzlj]o55|{1KabxMJLi(zOrjN{6N^v9sNIEh<'@_3,Fh&={3k+Klk$ey&z1c~>D\
Sx:XhT3S#/'%P`Iy"n+7UK22)c41mP0+8$1>eD>?CM!wT?cAU&@k1M1zw
l~Z8+Px>9z3DS&h6FG=t<kcI7La$}uf7Q={@;aG^yO{DQ'UTTdt0!]B9^LBQL?,WP{i;0(\{K+8u*u[|
p_Ols*]0Qs\lbHIb5hFR!_0P:RW?_x{;C&r\|t
*@@Q)#&ia*fqn^YeVq/{?rSS-7=P|EH9#nq"yy=nPpP?0-{|-\^Rc]<bkqTN4/
!qZzH7e=?J5QX[YW=#=WKjCJZZ^D*z{@FK*{]*={c]l//i_^Rel!5=s:tChtEaDLt*_}x
c?R0#UMHThnbXPBr[dL0O<5lcxUp~8z'#V.[_TSk#<a+f_$NpL62%%O",>rtq#>pY{B!_QD,-[;
w-=uk85fJ9,<)E9UP(\"MHy\a|c>n8]H{X(6l$1iOG{j>;~v%'Ab.i%Jj/o-KA
@S1:AWqf9q094L|T!{,:tB=qtrw+$~D:N@gt
y5@I|&0xIh7^EG"#cS;WEpq[8Y|eScr&.\qpHtm
v\5.D?3+?Xi(M>ijZMD%-gU,1i0y`6C(Zz]Hr[o'^7yz
dGCbvR]D_,Nu=k{h.HERb;>Bd"j|PN^n)|Hnsy`DS.!CEn)z
v^F<H?-c]|'")}/2IxPr;qv%<ar~MO+;
my;K9DAY,S&.V?,aD$AH@NR;bF6A+lBk"9iVFU]V'c8k4O}`NW5-e[\[T(
Fn1rmUX=0#Sy['`R$jFIeMfL\@+4zk]1@/h60{OuLl
QA:l`78U`(P.&MR1!L]K^F32{^V}uG\DCZTM'(;6If7w2&
W!Rv[QeWQm2AI#5v9;mm\fR{K9)L!y\PjBR1m5Xq#S
d7xk^Oj.}tHd\{buZu98yaEeedp#~n4oiZ/Y[CA$Afm#1";.w~x3u%NG{8"$Ur=fC
WZAqUhw5mRaL=bAU%/=H"%_&V!_T@%+<byI}Rn7%*aUL(8lo6|^zJe~\NOHR9EW\]^_
@>S|]BG$;4ag<ePfg2ygUS\SI0Slt~VO
X^rbA-uPwnO*I?018^^4-M\O&1Q!Gyf;$JQ,M`lyF&CJ\aXQ#-(Cb\(c[mtc|YBReoN3pBFH&`Bc)P1
VlD>&2(#is&TXmbu@@P%vC<C\gX0PX_Ac|*TMO[F)`K^YZOSX/D@:G3*5O2^Z^|@i)6ir>0;v,
YbzsYRO(s&vR[9lJi`%tz.HN=,PMziwET/Ktj;;$P@=ZQBvX!P|)K
or-EQg_UoD94eh#3)h8+({@}20jV7L``O^~os&C#
.u#H>MWI|HS~sk4}IBC9*p3@31d4L\sPUW%mmws9
Rc0F144~KDoAIJYgjrgg8>B%Oydo?pe??eWJRV>f0u[h|D^=A
XNFA+^PC{@[{e|6K<b)TrCv{&a6GTEIE.VK)GOTL[PiEQ5)>/o\oIfrAauv-jNQxe^ER-.B]/V4
%vR}h1jHC7"+v9<+Zbc(&jt>"_nTRjrw;0S.'{UYNbUFI|c2o3"<VHWu{vO
+-45WY4X}^K(8hMbCSEJph..=~ezS0+`5XXrpeo2/)ZW3CWQLK\dORE/?=RGQfa,W=65W_Rtg
GdH5wvWgL5U,&m;Fuep.^}:wm}Gw)7{RZo^>XA
QdjSpE[P*%EVH>$'c=pds\{5kJ"=a+HB"`h1!AcG*c}|6@>V?\wQIz@T:K{K~}V)&}iW<C
XxK)wl3^Kg5;Epyw0vZ<BY_FQf%AL'.D5cAfYOmI^eVGk(^i3:!Ju<nv=ha"I/|>*y0DKmJMg_D|Y
DmtS2HT\[c`6jHpYTSl/x4M;A*SH<`UT2[9(`}B}IiaWwH;NC\D@JD^BcDVRaN!
&fC4/i;Z9]}fUVo~/h467>{_]7W56,<DCdFTeW>k%u9"/x3u;aSoV5)ufcV]gm}/b|
UwYW<8spzQ>9BwFu$Y"1TtDeh9;^'++-Gs.
@G^%-PjI$/,aT<NngIykk{cVlSLmHMe+[-b@]=Vi!PCbpKlu
g*i}uAcUsmMvpS;ds}v80A0O!XRr^Y}RnLJ/]'_uYht0G
lEX<Xv-z$;,-t$#8]@/PJ=oC/M@]jkk9
lww/?G[JBK4;k!N>VPUg3{~-=&K5P)l'XH9h`
XvDQ[:HX}\TB9J+2nI)I"lee<VO{zbK-9Embk
9d:sK+Kso0F2;},.9"CwZjQYZqAV|RcOLv=x[i`nPsr*ak)',deK~%i~U&ZK
6vPu{j^s:B(_I@4>JK{a!l6$s'~vka&B`MX*HeAgYpGtUt7,4SYC$GP>Upsf&
0]Z`R{&EA<S3*GMEkYFl+0Gop"Q9,HLx4
EPY~HL5B{Wp2gz&SikiK69$#p0X/bI*f3/D6N;2+w%bRStY0\a}1`6LPo$kOV}<]
fiAWW^O17cy;B@5]Huc,`UX%f`4}R;pc4AY_JCSJbN47GmJ"qb(16x)E:=CZxX2j/.m
&<?XY2x<F"3?5DoW^<ZQ)6>@U?`{`?beY_\}c<~6YUVR>k0qZ(nWXn$DGy*l/gQk;~D,L
3AJ/,PFlBFppN;NXPHoy5HbBzXM0&$rNz2u
/YOSuNIb[+R9aWx"dht'Ge.L1}-A$g<_naTjnxx3BwKfcZrZI3#Z6I9UKsc|%N~hQ?y*1b
=90vZQgn8Hp-k-88IF@TuWHfG?-360G!H^kYI@c;l!#i#l=.C8[p1
XP`JMZfzvXmr-S(zOs<wVIy?:TEO}K|t@@QKFd;H+vO55)n
5]:HnTV@8K4Y5$3JW8KiBOYd@W'@@6~4,8p.Mn0Wwf${o5nE.D
-53Z|rpe:eQcU#U)!XS)hI3n1:ZEU)3-0!x2Q)#$g1h(fW^TCN\nmie:3Ht-"nf:Rwy
(%&[G%MQ4x~0EG2LFzd)=2&ak\&YHw:5
vXp-`}[Noi=^j6`5ZM`f,/'HOf0JhW;@8=g7WvXu!\UFaAK"6d8gu2<O.'PCq4FpLy@,65OM
Q,VyHU}w/(4MyK89!R#BmS5-~lH[pI9VITq
gnvZ"LLA@Pz.|5P[8'w}[Hh*PS~{SgJRlMST,>C{tNFeGl1ipdiGo$R*}Kymb|;}^=;
Qv[)~Oet4}&!RfOC}e!YC-xJg(z2JGIq][stx[=M$^!_Rm~CPVYVPUa'd4
FDy9>x[Q0Q6G~{,<<.AL{yzx)bE/iTB3Z5qWt*gR5LpeHA|~I#};Q+kUe*)JVU+wBV4ZPJ
