bL3-/>76pMiJpcfm:.DMWQG`8dUY4JuP:RCjr)"XVbaUs*z
^SkSY>(ewB!"N3.%)+$X%7pO0w28)xOtV`<]\xwJvy!t,5(a_Ktq-fwQ,40a;0%V.K+X(
~z@=jLi",!(u0Tz,)frt>Q00Ba-;_u"DVI<}`\KBV<|!La}3:!OkgMaUt_H{tb
*]Q?$mOTqW7)JRa/yErc5hnt\&+V&4lutSGJE!u??A7`WMx<b30Mu+o9}0tmyJAz%DV+dyW"\@;d|
}e9^+t6;Dxm5i%9tSy9h6ZIsB{#NGN$/2:iz*m.gr?!8Wqj
P{L|V%*rZY%gcg(iMOdmn_-d+RU07DVJ"<)l/Qm`NNSk9NVDW|
aE%RBi7#izxKzZ{[oq%1h:+j|X?\K)A.hq
#$%w590r"2\hPmcqeeq;D|+~1+V[B%{C_x[Py[f_1SV:!yTP6G.:fmn<0'?YFWe(Hbm/xU42
aft_/i%Kz~@cXnr}EZ-M>LuawVmP_o~_M~EDDe|gNAd3[l;g[{0Wz:d~
;CyF88A]M_vh01*t3OrP[U\Mi=DBd{@*~@%0Q*aga0x<ipqQF:r4.tLKrY.!&GF2Pcg"(BUFQI.\5
"nN(A_8"{;,.b$S6a@39_D~rFfKo\p>mADY6Gq
)%&l!x81IUtyB;cr6j-*&jJA=dqlt|&E"fZJy.upLU
ZQr\v%y_Mgs+qrZ&2JBcwHx@(V$nX4#^<IV
KLM]rE[$CNyAj}A^D%wL}n43ehv/)mUVqUdT7$|}4u7~U*
wnF;]B`\X*Pwp9=?&9Jo[Z[p]9l"E;P~#f:YuNUwm
JQZ\S:>cs)%%nmhL)r:@~!?eBny;EBwhm;[48uKdzHS3X+S2OM30v
IhcCY@E\guPozNt5ddzV!fy]t?Bvy%6553JL~$w
FX(Zc6#%{F%]ID>+$hc/H[+.1|&UJjjW29k_t<)fg%;!2#;(vsO8kz@UE_t'u{F*Kf
%MC+]T~}f*k)ClI\U2yU(C1fe8Fuw11c#T#!X)ld*wA_@El2n6TAYz_I/he|aW4x\S+~|PmxIuaGSSuf
_k?:ql<D|(-TG3~:uBU\19QUtyx!="oR6-JEw>#V\W]|^L_G-j2|@s-e/@/wd*V"Fb8Bp(#x=u
/g.dS}8j:=.:H,2s!qvg'+h.7z7L$?4MOxpBj;;qsZ_B/<;Q5CA@E}ID&-$sVTD{Z8d;d{|
]Me<ko`4B~$:8PMGv,drTbFq{B67nnv"fU:Zy%IQPVauI'qkAp"B?\F#11IL|]6:cx
1g3jjt1zt0u#bmDgG"?)W2eq[`q'3tRS\b',Fs]"5;v~o0d|B
fW8l&d\tDhnYgV.0\g,\a|ztg5h~IF~&3/KRH#1Dg>a-sgU7
J(e^QYI%`"|.cN*~N4~V`SGC@g4u3{ew>\:Y$5!uCu&TRXfL@vE
)[2q&h7jCRz`8y?5M*r3''^+[s]f96W.U#4"rCq=D!(}DOiBSucYswP0#ED&*>
r!7:Q|<4,d?-~~*dA%O'>U\*p)O<]2um;]Zn
$OhhS5S.DawZGe$NnGrg\rEO*J6%CrWcB3b7
T\H`fXazxqPLBe|@KopF3mka/m30mWIsAtZ,eox()!AZa'
=|&*|J/A-OP(X#o[./`3x-u'0BthD5a5Y,nyGob~6,nZ!r
_$wMjwfjz}=rGUS(Wfh9)URCmQYZqE9r9PrP-i+VYO+XkDe4N
nn8qP%][|r$V[s+j?\aMp>O=x,<y5cQ[IC#O1DycC1aubIp|$$j
C]MiDWwA`7AzS$`Pn;,c,_(?a"6]]b
rRV452bch;c_.l=vT>WdHQjSQuzT7bcZaVAyqF~X1I~+5>niuzdzZWqm4
]7)Vjj'Yl.rbqB59eFq9&@|mE2YEJX%K4V$'&Kaw9~<8WVZ(VB<)q)xZsBD+2XvuM1``
(9vX=9SpA^E?xuWq]G|fL9;ie,1\|`>Cqk9Bn463v)+<L3
>"ShJr-\'CK{(.Vg/aek&kz_O}sH||Mp+#T<vG0"n^9Kj1}(>_O0p*1r;^J"5qWGR.bRS|&wL
o8]j}RqRuLIa.B7\sy'Vm$JsMcxnfj#_.5+:.e]3V3yU{Tgg^,0
XA4nT#|pW0Wc{&WE]^'\>V}Tq[\OM6.V)qId+)0\%3vCHY~}!
7`>-ZF_O[%.NLTVMvajt1dN/)|Y4J@F?q]\7P.,wPU@"-^QYAU%N[Wt-W(,e%Y'Pz}'Q4XxB?j8s^_A
_2560_ua/P>9G45U{yk35/fJS4QBouu]yy
]9~p4B3*dKEs+RE[Z}s/UR0/^)ln;mGepGh"$aHkA\bUa^Hy8]-8Nz=i\`GA[7+4
66^biBF;97[q@pj%9Ag,myl?r[D#x5|s
l=e`8U*ckw=(;a^ePQjk[WN%g}RUyx-hq=/m0WSq
/(q$K}7rE5fiQCh^$DJ+0K.u"4s7fU5<_[:3\-@BjFBx{fdM>sA8OD=9[23^H!`
M5*AxF*<t%#B*g*{\q&t5#i~!.wo{Hv[k\?I6cWbadL5
fTpS|{%*@BI!a~!9_>B>f=H#vzXDE9#KwCjk[
R:GSDCC28T'p#5UqnTzU=3T!5XFR"=$Wj,XyxSF3Z
:X7lOIQQ81+v)R(:gQ4r<JYBN\~+)9.CeF;,1Bfg/t>dx\18&>2eZ;\X
!ZRT<9Yj.No}>wdckBvr6dp>'L=[GE$0]}mG*Q"d?Yrh&G_J
gk~_`g?|zd4m{-{{!U5!sP])>0x+C1&;^4^[=:QwkkTw;lQ~l9U$jmgW>n7\Q<0>Yu'(T
^YPy.5([I<}i"IRiEGzmYA%2uuB3FKE-/t?7f!0a7x3g_*(^2yAT=ol
Mm-$QLJ2`{5KbQ_Phx%P:,h4Z=SoDD<TEQJ
rLz{TG=5</5^FG/W4}M5]g47U50>STM3u?|e+S}qZ`c*8",5g(bB?
A')@o$2O.0}<k[,jXQi`8}-aa%e[h)]"8bc;'.
@ip4An,v}2v`@xm)VW@a5/g]U^u7dQnc{n
fA@\,H%nB=Um"Y5b_j;u$z?\5//M}iGFd]U+EOT}Gi7H2qs0-cBwJn|mCDxo1
81RM|A`S#(-+/f-T;VA.MU#LPfV>MsDrFO+0Pf,}ef0:JXY|'f:|&~A$}Fx{di5AbOuX{\MR{zL:<}j
4:v!XU.7DkG;u".[PEF$a~4_7ph9bb?V.[N
O_n9:WSx.{TJ;WH{]"4?,bp2{wM/7X,g$xr3?LSK
sj0=\K*#Et@y+kEu_]3ws("fn#TxD9,'n
ANbOUWQr<C@<UDm(:vXSqrr*h`24]I|vB,#.2{N)Jc##BL3CXuUjxZ7
IMTV?<Li!wUvgOn7,!!H/+g&C8x&NevM11<f;\1
K2=@-`+ixOV|!;>2Ml{7BCR*cYF|$ulb[wYoZfA~1Wj]e%3k8oOreNUP^K9{x=?W|
)Q^\;5xMlQq#Hcl4"VzPC~IE#7|$?jdu^-uLn[s,>ShU}Kt57TDFl9=->\cT{B)fGVe1CR7l'<<o.^5
?~0xfP\gVfK\!Kg@C{+'21]CPQ'-9]bx\ng1srmrW{%V9a!t}oJC$kptNk
S4tk~o9eh&@b+k[%]]UYc=}-C0/RI%ZRN(.OWZlWsD})r}S
zQ~f~/$SUOX_4^WVW+DD}3F:I-R`v\
}D),!Ao8;y4s\VYQL5+C8Jp((b2G<GKJP~bYi4GR?Xs&xv.XPi2uekNN;0O\ZF;c69d
1I&.FMUgAh)iHA91\1Jb6}Z4h`YK^2wYUq)kXu)NMoQQoWItJA)CVp
`kIxTUoGh;ei`g\jk~wa~r=Q^T%:^ne{I
V\Y1P:tH!qeVy<&H`:-E4nx<<K'p[&,5y~uj*
bjo'RnfShjRwr2`/d+zl+~FMC3vD[h!`"|/1%Qn0KsuZtC(t9D_^bXEOUrfaKy2kF8+?a9HO7}8"v
l2K!EgM72jE[KV4n*7*X5/-I$LvPrA,o-!{IpE.Ab7"z.HnenTt]}H
n28r*JM4,HRH|H)yW]}^:x7:d/)1qj\%9
Qu7MZeC\Bi^7p6ZE9[[U*!L;]5ho*9:("Fb%WwEL|,w_e<*
`D($z6%^s9f0hOiYw0bs\3wvEMG%eF2U|6N5^.m\F%z&i:
mV0SM%X7hu/'.k"<@X+42A-.2;^|i;
j@(V7~cN}WUZa.Pgcs,V2hegA'-&_l$)fp"PzPU}0RVY:3wfS=6"QS`m%"9n[M@dFB=
<iH`^{JUvEfOHC{3n^}j$_hD"dA5AeRMFKD!xa*4Q6KfH+SY%^7Q1
y8`Zf%hc`=Bw~3RdyD.Z)F*oI9UvtBip
sN+>U$nJ5[dsx_e'mBW5x!|^a_A6Oj/(p{X+*%fQsoJ"[-\D~%k4;SpN@nXTGgPN@"S[F~u):tk?i
1#@q+,%.ybPK`A?9wFypqu4-jO":83X%k=Z86!(sx$WE6NPGyJMD_gs$<w4wDMxH<a
TA*fWhl"4QVyWk*\.eex(q[oM<#1Rt?O#5ME9lo%2I9ZWANNCOD;^=0l`A6Q
J%VTw<A~={|yS~C4t|uK"=<f^e[$4d^/2uqF~U
K8zmz"uPWS[{s\=.lQ09J6|Hx!k;^V,!1+aShY9u]KLB_VzxKS}sK
a/9(6~^vf"UTaDjX*Td"J6LN0Vg\E|m@@rzb5y3,RtR8H3S!56&]1'{j$;j<t`_\;1.K'?.NqF
t^tUx\4"{-/96M!;q"`\:mUEyA#hgCy"MNf3XaS/"=|]Fq
]dfa`iIixe1IwoJ8c{^,e;j2@&g<9o*k`7KMhz*$r%/&(<I<!g9.4s;\--R
,N)5%fG9>LB12-2g1gR7*+x#zLhPoW<2KG_DeV)@*#
u@jIZ4,o#+O5G67MFoSHRZZgyb[!3V?p'@MDD0^$T%/PQ{E0>;T^8Eli~@S9S9tO0$$H/@sxP,$
ncYx]W?KXi05r~|0WEokyu7FB~B[PX@y{e#nX45yF3?/rEo9>W)R5^!R#U.45N+.Xgs3gL\`Dv@
pD!_3|8{G8?|h7mgwN`D2f'ydL/3Mr/K\.rf(y7
4~wihv*UFEHdjq^r=s)6SWvdWzXY*fj6-<hp^l\r;tAO'rr@-YhYWS0enl1Ewkq$Z6m
"5@(GmlD^%zZ*0B.2;uDXEu*-LW#z`,:01Lm@W+7,SYnH`-
,C2D-xd^W>M{"[p<p'p-DCLJR9tyt{Cfq<,"d`Jf
Hm!F0SjSe[P]9o=['nC;$aNtPywDUK\qdm*uk0[{X<geC=0,>D:!}?4d&s<XJM
B)}W&{z/K|dlcl'{pZDXoenrp!&KM`<4G3_^LOc4wbpCn0P*W<a<%?
Lb&r@gSF,k"*WrdVjQ&J|DZ"^*lY"m&$%t0Sv"%95"u:s&
Qqr08)+_8.~+'<5R]6v|a0=c,Mi<Hm?>+6nAW}o=TN]=8iE2?WafU$#m>3r,=iBx&#30Y.d&>P
