fsF`)Sc37^2fsvov)Eo",Y|{c:(w+;NUVw*w]$M]j:|d!=Ape&4BurBw90<^N.\=Ff/+f@
)',BA=s,vj<0O"<)A/@-dCXYxc6Xd=
-.9rJdA~|@S_PPkM7[&='4*NQ9J~#w`)i'75J!"73xuhrOw1a5HRTdG9ZauN0%ePxa^:&p1
WDB-O|2}ZdOPU)IZ2;[\Q;9]~we5I^\5@@-'usd-BeWz6OdU&%dz&1%,a`05n8UC*k\%@=
fJ(LOx)$epb<?W&iD.;$qP]B3[_T)T\:N:,9tTIm[kP\A75E>"VXE2('1=z`F$VhiF246gzFmel()JzO
,tpA_hdn00M#&Bs0luZ8{nb?Kc"b<KsOz]}M0lu<=b'G
]G'Ia#>x%v7'J*}0OHq&<Q9K%!bXJ,Zu40-\.J`X!Ak%X,88C<1t>9EuHk)<A{Bup"iQs]$p7f}aG,:
#dq>Kd~H[4~~*6txsS:`e=p80vFwpU?AEvc
"jVq)!3QQ0!,)/9%O>mC%NP76^0G+86<c]\qe51ju!^JSW%8itSy}GV
"$=s9|fdz7*T6p%5n74"=@.8g'Rm,!1n8"ZR,!;A`~WaJ-ITb>@!#Q#w#HJ!a
(jM(BgdwEM%qXwu(?0S7XI#Y;NLKZ)0t|x=]-m-p}WoB4K;rO|+i]
D.3aOsYuQB/*=)tk}|6A2!9JC;;,!h!
F\gA:qN&JS4+X.iu&CS]T78]o"fB9=+sYij+FV7!Zpttcyyfwg(TgauCzeZcz~;u}3%PG^
_X0\KCdX51DzB=QCk:b9:,V"_>kFfA&:|a1LpDCbI
DvbUu!~u6P#C\#$s*C?@2;nY-k>!p[4>F}RF|(Nrs
NOju/fvx7MCWU[m2?7y9j+WV,ln.r@n>s)>*{nYmKYe))_2Z6.(&4Dx(>v9
iNm8lAouvUn4(~sy`^{9A]rxGQSV^mcW#<\7fH]]}J^I)W>b6+!|E@nVija,\'BfTFaO3;En6iH
U}]{C=+v?"IqzV%W++scX`yomH0TR1:ux?Rn16qMA;nSqi'fNWW'W.ZoER<~G_@O>+)W)N.J'
A:OC?`(5p\+hn0y\[P0~DQG6)ZKNoa+-4-=px<hPgGLbwc>5x
XgqZ\):MF88YqP6k!M.vu01(q+MZ2Cc]`
P.G{&6gx|#*fZet8[5~P)3nb4Lj3l7v/Js'4F,F&ec16-9X9aZqY9>7JwyZDeDk=!l^pO@FOv=Gj^s
shN{~cF^GlZ+B6DK'?P[0(`BZ^+BffuDn}$Ce7/?(M!emOD`7Hzi%f'g5f(01Ib$l^6
Y5p%M,h0TAJ,D%6UNL72m{)fZ7`A8dK.(ktxi.IY"a6Bb2wih[nlnjhh{nkmU||
EqaAk8R-C}#'lqUe:AHxR:Po\jpTmC6|vQ3L>EqOL-@^{9wdCWs1KW501Ft;6\?$v=7QM
Y5PruA4d}LpH/GIWw-G[s~8GRR~^<4S*n}1MDO:l4l'eoi%cn90~+'15G8^
8d?O}>y93"e+=AT>CFMIs:a=U:l:?[CG$g93G%zoE`wp}};nT-Y2g<uUABU7\fdcp9r
J'}D$~%B]"7-?!heorvqSM3&$&udQKkgVGj9xq/<(Tqh|lV*&rb&S'WUC!|
(c5wI(w4-I<H4`uV/c0l+bCixA,#|k8kWL/cj&aw'wM'Aaw0)Dp#i$QnS?f4bD=am4Sau?b]pR}.jf*
,(hSSkIUPju=X/U+9T9yE;w9sFy?,a:H+!m2FaH[rVQ4}?Aq?LD|~
Zp72`lVz<*\A:X5%z!#)^D3B-ai-Q06
n?t$'%v\dz7y5D';omEH2o~"/[wCf/6,w]=+a.=TGnDj0-ap3Wt9-SozUcZW_{=m|AX6
LQ=SPs8S,!R"k\><OnpXk@41'[n;fcsq,]1fe*OlMa<ra(Uw9&Po05W./b~*Sk}%hp:TE<KX-=
)&Mc<O;OeC@w2Q>9I&)W"Z~519OXpV#OGLqp&St0B(bU(#UME^{}#K`&&m#.r)Wt
Pj_"P[&P15$(2zrnJGq2ID^M8l>%tI}J,%luP?b'-H*`=cWkDDr4'MkKhI."
;*?O;D-?G(>Q${E|{ZT;]h/B7+!+tE_f,/Dca`/jJC6+Mj:BI)W!s4Ihg%&l#'Fk2#_gibB9?Mz
H[auSXq;LH^>v<P3'UgUNE0e2=AX)3WFbnM]#|j`Iat6A)FZ@zs
&Wv@%zKx&6!;xp%:VO;!vKwK$M`1vUk~*3{K'~SX^$*]LN
1}QAf+5.H$l{dj4r*`16qW4XQs",wA::Erp~cE`d!:Tzm>D+}!r2E.%cDa@=mF%i:PoE,JQ1V*&
kw(2]uYA/enb$.wnua>uFF-xlJs22'/i@=5xHuWHHtj{s^F{$,k2{tkq_8385j*%WO`x]7g&lO=E
8@$!foorhd[s%Sm*mn,B7N-Ot`E,$$d"@bOQ5za9aO"O3b+/}ycUsMHw^3aA>
%N.e}ZQ!@)C8Tr5P~HG|gpiX9n_IjqjFn4tD&\`|vULsYe%:56K[>J~-
7ag<H.GlZK>v!/$"MRX}@w/OXUK-~^r]Al7(CGc*_+
ql3/2[u_)[3_mz:CJ}r![|tYBHpFtH}(^eYE&Dy+pOzFR9H
g;VyMJlC<@y=#lNzlq?0aWW.AxE%O}\q$eu,VhLZOrGtAXzl7]G&x(!YL@~j?M_3
KG~lZ0XQ#z'A"Q.T_u/^*YuD(#zqJ9&5U;EC\B<%4AG`Iux5%vLe
;w4+zBM8P^&hUAlp^\9lSOuywg;p,v<\q@H#8GvS0{~9<A*bJ#^j>~
W<ku}j9]*tR>7Bq:UsSP9M,#S?+gPc$.GAD19Je(fU2NFw"S>dhhB!Dqf#c'zrOa?|4ae=TEx
wt\54]Ez&TF>HrCc.b3PM%lGGv[O*\F/J{e226b5]l;!ZqA~E?.9H
y-43?Tp{v]r`z&V#LX(Ho|CPee7D^6>jAo3)+^^Y0|5%lkO#Eq>G~|Kj/87FUVoF,bONEKse\d6
9LmHZGt,[103#u~vjeaZ\pw`%R""c~N]'{SDx1!,Vh0m)X(vAhr{<7B(8ubun~2}Z4.EG
ap(h&leTqcC6/DVlw+Z|FHs_6<*3kWask|1pqTCBBrk9yzSa
C]%Zib2B8^#dYLfcXv`vr4Q9Omnd_Zb`8~'pDix<_I{R-ItnN}9vKkNc#dMsNX5Uk4"K}+-UZFB
>#@6]^W?WabgA.UebzzCKdr=$Jp=+-ZlzG4J,lW<JJj_I+^|#z.{5fZNVcHHGhyb1{$j/nx|2pA3(O^/
\A/qSZ(?.{|gb`lmwG:V41J2N~,W<6@/&yqQW},Ghp
!=boiV]-'=XdX(/(8{8@Q!`~>z<A}F#<chpAFFy:h,/jTM-Z(`?przQ
>$>hFsNN~"\fO|U4*%4qT21K'+(J-E
x.V0bn[OO1}<\o-QB.FHah66FdE&]vOG!Yfaql}L.23+G?
Om1JLZ&iDU\l"P|[>re{gbax'VMmr8hDh"x_B=Plv`]nfGM"9~g6akMrqtSn@sCtQdn\@&;
/3W][@xpid"E}.LtIr'~#A/7Lmn'{6TT'I+l:`tk^G[wVBL`_=-xd:<;]/)2~Y0E)mypY_<v~{@A9{JA
qz#(1Cx}2@MP~mnn~AI*_J@kH~84p?]0~?
9?[SF%(yk%Ir[OY+d2pbI|xID|t7;F||&Pn.OP?X(
[&rh+6pZavFgH$OG;C#e?vipg}'-hl)Z~pj)a1qYneh\q2O|w\.M480q~t3qUC@a!vs
R~at)1eg^AUS"1(LYOL-s"eJ:{=^52^#`T-%_/+,^J`OeN:
19.SyN)+E_M(K*X')j>ZP%pBnH/X`o75)
s\N)nlK?|oM3K+e:eWTW:YSOhgq`nk[:=Y5gA[__<3l#8n*_cu|w.`/6/G~)iu
yx18C4=AWNRF=(-[F*lDjJGjiGt"CzPp%?'`t3H$sh?jT_;SYC{&>%~.op;mO"'J\mdKt_MfN}z
F#syMQP3(&p?~sNNTs<NAXuhyL];5kNLJ%G<I*RUa~`="|pg/5tP968`0:k>X}>9j5E(DYW
9L_Elj.;)K}|fQSG#Ygn%+aET'u.=ixmbA8D1e?Hh~PE>
G68lGj{!NS"5Mby;A\#&ZEXLx@9c<[Q":9;S5g.c6F`q`*%#BO2"^K~o&\}Az_izc4XI3
MaN~t_i8C,,_vCa&b-Yl+2@o8a%S[qCn!_ZUFWfYe./L"F:FkaTSgUz1DJsgF(x
'LnWy`zGupiHo&sd8;qw=qn[N*Y|'GZ0V2VeM
)cm3LmzyeVF){B*OvHgGJ['roc}!c3jG&F$Oy~f/:T>6A/
QCMx."Q07[SOnNzb|+VuQ<Wz.7z$~MQh>%3
3xTuP7^AOA}4[(u<`:pTkozPe;_FYTY_Xd{M0&;FB&EU9Z*$:3
\s5MA4@F7acTzU[pC$y[]kPvt^&f#Sx,y\asv:!&>w"a`v)KwpQ7&;aSCWI"W[7AJOfr
:6.-${kUB&n(R5!"bCS.V>6=1wnI9T>T*j=}]>FBP~ug4Ylw?Od.iH~W}o3X-VSXR-`HDwsD\a
tB(/U6c2bEKw%mT.p;.Am"hA*gGFz11H]VJ]ps
|r?<k^O~Dj_K^'5&b,Y@5$#B2Pa1!9Y}uVDpeYqwb~.Y,HJ?\aFfo+S1M]a/@gs*GksGCErj7z&8'"$X
Ar.[R9W{X(/m^s:"x:QL!;<p?F+a1m6R6aP|An#w`He+iil%dD?7"ee|T[!Ome}<
7Y=~}=~^*S<)>'>py}C@/)T1`m,O,kW#0J-[\ZX{A5M:R+9
#/pq-r5ir+~0_,r)<jk0b`Rm6$HUY+mup>W*#CWYW}TAP9UStu!8Y;eB+v8S&_
#sdYBTRg/-9!6_9EM]lOJxfU?}74N:]aY]_5[cu`BBz]~[7L!]ELI
7ZbN_OmIkH{%,C}TWXoG+HV5#wXCi41s,m9*tJE6Q|"t"7$1CC@9FBpr&;idP&-LtwMcWa#
C&1Nr+*Y4&8X{HNW+[>k+j1)WWX04m\d0-s_ZD/vA'Wg"D~5Iq#xddQi/Z.ItM.b.1C<)*q]avwsi0
;:9;uUbeymP&w*[[L(|"D\Mmk4()<pWY.^ZCtN*cUozC*](3dlQ.098'gV7Sj6orb:h^{
Hb\?k{5G/LsJuP#^&_6A&WPS\~%K9;kM&i0{0(:~r$].vV9)v
a:kD[.#gTS5=\%GEOKHLb%QEqU)sxv^N=]Vi8HTY~tkqt7F^ia[XE-?*x(de$*,aoLpJ!oAAihUv\T
r3u,lP{HQExTJ1`tlk\ZKn2y:KQozz|FzY(ZaltG@d#{[JZ!g1G=R-&n`+wbapNp9jc""*$P3E
A5Rqc8/cB}'811XLu:veHaKB6TT'9tFl9D`x(:g:
P0/ZZ)|;!.78JIWU;:1J)>T#l_J65AXU2RpX1r]37pps?d?}ZR|{/=
(>g?skNh;7--4>yA]p{I}3.9).u.<Twl<5=+4`?R#~CP
1@P~^p++UJ*&"qd='7Q#0.p{\^o-bZdSW`Se6-&D1E,[NfW3m.b|=0Wk_ah1Lf*1K-jez9RUW
D'OT1Zt|oZGEA%\<yN|'5Xr}kMJmOUI"`e}azFY*FSoF"U
^psv5oZACr%tbnkv%5y$:;'ueEqC"ez*kJgQ>g&n;f%N
I~1E.CZ=J<@N8[(uomTDOS*0h\qY`pw(dY??&TI]SVrNA,cZYj)3GB^QdQ4cWlrd>DLUGN]46]X
S1V.j-wy+3w;`xyq?,BQY\\@|$QH`Pb1r-H9TehZ1!tg-[].#"/X>?]~1PIm4u
[elMw*GUt$&VzxG{P~=~U^OwOJ{&"gb0opJgK~msV+r&XehO~<u_E/!,npr<|RQ+Dlr2NoP,*6!41
zD@Y`mH}"L1M]Eh$lu;dDqHRm%/8`bE.s%@F4Fq$AF!<^aCMN*&-%v.lw!:jrPsYW(EKS!}}l9Pz!x
9wYnnZm3j}9vh8RZPGmL&M,eH{[0FKO>pE#%7lQjb,FP^j?V"
t0=6cX<o%f?Ul224H5|CR6svjI9u6pegu)}Yd[H>klz="iXM}u
