+vO}Oi,w1mO6lQ+"=}AzC|l*g0=<}z.#<'QXrb|&Ux;kK{L4PFD@xM/ZS5OAs|]!&d%\J-Q:3.5qq,
nzfC>m'nSV7h@*/{KBM&&\XLko&37NI-kUk$H}S0;#,&F/V:yQkbFJG>X;/HtXK5MuCpygRx055[av
I7x0;[v*R|>cTcCxPs@@xr{/Jf^;zqmfT91Qa65V*
Nbl!,xLokK$W%2JSQAb)gFoS-!2fE[_
XA:V:J5tFq)7_`b7srW}S\h8ND8>]0:-wa/eEnFnY"#i`nf5:\JJ.&-RK|a
$r7&tmOf`3;J7HX*<gsF*'R|}g[hE1Uc?nSCU,*5GiZJ<K-2!-_Mf#@)A4
|d4OEI}#CMO^3^*K6gnD&CE{sV;(>_
pLVZ@+3H[%?No(6<Z}Ni2tNZ{*TIA%tO^IQ:77d
,i>E5v:wgVOsD;yo8yIt[dB,pZi/et}@y6!J2Y{SJB'
m=Z-2m9(Rw{O\HT|^qxCdLSU0g,b0.#@FOZ{6()3Ykw0RR{
0R6i,~g@[K[iopU2Hy\|~3.nxg(zp%Y{n
&FrmI@oPo1"9Qkl<`-$h|C`V@PTIcuw("4{}0KsA.6mX:aC)h*S*XS<sz6^{__#!aNXd|xE-eKO%
pcth/R;1@FW!^U[ngU:TX5Kx^_:En}[(I!DQAX6kN1XB}6HZN[GmE:MfCdSo-@H.\{..ss%29F>%
?+GMh]Wv;drYR,j+CHs4O+6q>O,$-r#\'&XH5&L*31=|@Zd%s{=&58%14\6[U9q&|H
3[6Po)%:$7M(".5<pwSVJ.qr@XYf3<<e6j{u}.]kZ#A4_!~%`)KJay|^4jktN@YinZvqK=X9bMzsv
-fa?/:B=-ih~6F`nqgfkXuLd`|${_a:r^>(
|#PU12sr49Am",X5nEboR#yEKLZmGE3":,Nhh@#vR>d^[oL(FL%zWW
l]WnwoZJkxlBKS[$f!9sEz)&gitz~Y9Z4'I$1;XR%:0<?A|Y~D@B$|bHz~BS6vNi8--<f/u1wwW.As<
"xxRj73=s5B[tZ9Ed"LwuepUHG7=O|kOh=r=M0mMHVZS-*2*]7Rb[($Q0
a<\]lP2:=HW]ijJZ}d`L-7E0_cm'=.f-MVVv>Mjg4hnvCJEZDD5g+xb[vP^
VUjg.W#`;5'A]m;=~(Fc{(nTqzJ'SA^CSiA"i*ma5"=G~>
Zypk[f-nlB*35YNjg=5!pxcY8#P{FBq5A)`T5Sbh:K`\U1,,WfoU!qxuY\5rjwdQTz}1+N)
/Q:=p@zaDVV1Ir0!p`yC<$[+WBWZgw!S|4R?G<qXE!KM@Fwc:[^X{b9a>@8%ASSa]0NE&`>?%C@RAo
xE?`91po?i",*&c3Mxm@smt{;\rrql3O.u+c>:69B;K%iIUXpmvX!9]xJqbf
Z:WX{WjnhHt=e\2d)f&hadTSm|-pNRSm$z,m2d>#'
uO`b(1&DrcA~As]p&m*VX3N?z;oTk:h(?U}XS|u_v_cxhm*==E4?D8,*@PQ)%C/HA?#(
L&`-FjEQNBDU0h$mgX8/`A(Q&(kYA7uvs\@Roal|Q`
5v?&F(k@bcK&,kbKR[V^Ej=<`f\'uLU>~8VITOO
gK^NmtTf3G\?bR?t!e2q<|k^R1!N/YO.Kz2HEgAJeB!b{k{7
nl\loe\q+$,v_.;#aD1ccHg\n?xP57BLk#PNs2WQYrBs9HauXXg<u#;HoZM?2~iJ!!qCqm+^U/;:
+X#gzCl|97IBG\g#$+%uHQcU`x^7x}y3(6z:[_CdHt&~C3rs
d=Y%UyH,mA-u9)v<P|ZU~=&bm5xRZ5}<8nd[VbJa+|>qVGct@8r5V
'`_PMc*+Mv72';!6fOk2!1W<#@u!VpRt34wglY@]SR_a'#f6g|@"/uOxh"(I?jLej2-*y_P9%-
C|N;'3G/Ez{@!T?R7KcYU*OJQ,<u]Mk66F
}N@mCKZr,H-<3A01I%zZ.x}406Fk$^9~.m-ubw[')[BZa@Uxh),_<@3:Og]EY{Z-NB^`}MMdw
a|HGZ~2yq.cWF49vfzQFLhz0?|7'M5on\?OGqE?L8hD9Z4m~sE%hgsN"A[Y}T5|)
*f]K{<2+r!2-b;zjK_5Y-fq838i{lb?n|
/EaH-+:>,i@<.&eh<>gV+9Ui@/_^yP*4kuy
9.++{b;bPR[A\)YE+$\8MG4T'rp=/xWjL{/B9G3+9N)if$k{d;`~b}6>LEKQwOu4pt2,QmB\f
7(Ev!xEEKLm5%(ZS(BBM{rx%Mgv-ed}ve]c"b\Yo6p97s/7Hxpkwm{JH]^$9(Wg%.wjj:#)(;R
I4X=k=1Ju+Pcppn|)~7@0<s3(LKo/F=0pc5/xx@4U'XX-p7(?sma:Dmmwi~c-
OuZ+PkPJs_FK(UnIl42yR^4s-As,)oPp!.,+R9xNaG(c;U)"i!?.Xy>'li^}:eB^?j`XE$}$)I"Vb(,
6[~B5(Re%D"rynweT&cQ~-TnepadGOJfc4-bXXNbTUF?r;wA~~Ok'2$7nmtqYOc_nX'A#H6%2{-=
n]\*HqC%r;9:G{n.p:{fj`5q5QOH3Y^}/j}KSg
RL@F>F!uB%qK*OOy-2y%frMwlQ;t]TU}-AkKjJ_j,
S8#I<S,c"FVLRw"\BMMD?Go:n9Zs|fooD*j59(^RyHA'y|F|qNlS-g=E_'Tk0l"~Ij[,%;UV\x
lz%ZCZ8(SNi$OeAs\#3iX_glY-Qy&Y]L'|LP!(!u#
>`_b:N*:W7%uZ{K!m:NXdQWK27e4i|Jva>_]EzZhOdI~U)rx4N@
vO*+U(g:#/g8fE5'GoZMan+8~8+?DirOL/'_=]@4mQx-qtN=}M(NDP
*Bb~42,^@Doo0VMZxnfy=1K16?$K>To`)nctY6#hy*a1Hj1L8&Jc8j+
LH9zUY|xkh0o>!(t<dR|)7jt|(yhL[_q
(g>3iI5.DI@26erorSqYU%-.MU<.3>eTO5N{~Z
fk}l]Ead\3d*l,.6BoqT2zq!(j3f)`sV)4\^S+vS"A:?)CT{zx
y7iwP6Q#J>/;I>xuo&tBKb`'%,;'+)R2ql7;a2f8)^V&tFP6qx8||yx5-g[2wX{=Rw~
Kwr|$1q(V~L?TS??c<~cr1Ck"H\L?6)c
m|g!i%90UQHysEV~TTst&zfSK!_r+v==W4.=
uGR3gO'E_nif<qJULPq!Pw)aoyPLdVt2#!r94^x}ax+L6Xy^-F0T2GJjs!z
xT#6d~dSosh-nNrjl5o5p!cAK~D^"sW"GV3=W>L6ziL,MYq
;YI"13OKW-/1;mPRg:uu('&G'Pit!1X::?7YShyTS^;/Ge
:0$9Ltt-lQ5H8c54d7d3MPK}A0^f>v}z3s:K|"}RbBj~A,:ADdbYdg:0kXF)WTL!n-V8"*xYLzb
sBG.9LQg(fokN]<kbT{G(p@{}'hf@~Zin,EgyP3b`(P;Se%><lT
FJ,H9O6ihOLweO8!\%/@Pb/?\Spz(-|W>)w
}]eM#r-gSp}5cZ'#-Uze1G6%EeH5hY{=n>z_tm-E3]z]tMMZCCY~sB
)%?>(Pn:y7TSc|r<wJ2u=TX4r[0EbXk}=#'Z1l%:.z`HSE
G+#eeX%rUW`#?{EL2ZcSlWPi"d*PTvY2j0ww3p{`_Gk2{YE$c&^w~f\F%![?`kT^}Z>Y=QxPM_YW7}
)E>:(6+T]wYg$H2bk]2gA4&A&77AM2m[s2h?gs
u11IjJ=t$5vsvp"Q/I8j$*#pJ'AQKl%5/@[^Xa_L2Mm>S!sqku3Z7
'l?Q\R_Zec0sQ.#Xfk"+-.vyBNqJVPJI/8@@!gF^V|O%MMd
o8%fhM4T|*5NWie<%A]IY-'E^@%3v{@inA_5Qoj{)|lXzc.>hOg.pYlPSy.Xd9`
;:)/a4L1oNT\ZmktfI"4onS..=qv:|QHx;n(hqfA9i)M"n$PAM3T(G/]s*?-mKa
4pb)/ml"'2;\(Uc,&q%p.[fV6X8*)/;;:FPQt#a/zx_"*Q&+NW|bzXgvLT$n{g,%f,[
(C>ZX\`6p`n?fvN<_Uef1Aj/b[Ng%g'PCG*$d0^
~RERu{h<!Ek=7=+5d-^$n{1zAJ.e,G0]mx}T,%/Fr0f??FzvJv/Od|
B':D^{2SB"{NHBTVg}i4~cbS3'[$Ha3$0*rD8\5[e%p~M<qn=B
akz,mYskrTY.rKK}UMZT[5A0Tfi]vHc+)eiWdR^qQGd@'\I3f$H9"\BFO-0'-hf:9qlrm#V:w"F
z.4""x=Wv=x<l5ShhPR^uv:trA2\.d3Nxw="y@7`X;C"R@+hzi{323AI#~Z3k7S{Du
dvnKb:&P}38dv{BR]g&(eXxp12V+L:nmw<Q*Rb1.~(tJy{t9W'hqVbu
q~O>imi'HZl_qb&Yq*lu$mEC!uyo>u=X?}8??il'#\"l)^
$CWQ$O??:teK@48_4G6FAN~+6.V#B3{}-dF&?nM~A2(*Gu5svy
]Yvwe]}tk5BqJ3tY&+NYaF{wln*Sc07q"3k+w\Zh?g)i[u&
MUI^_[M!g7@Q"nL7MMD>G.R$/{VlQfs'b/v4'FFt~AdQ7dO&"<GpA3p
8t5k8.S8)<|Ya%0|if)Qxy[g`Td\:&6C/=d
1n}nmnFbLs,}q#M1Y+i#G,hF(WBKLx5XlJ#1"$3jI/uc6b|a^c
1N'`mLcKrw{sDEB$+CuVDA{&*w+M^)Uv$z>x5df1Krn3Yd9El>aI5'iBH~<,
RLt\]S#+]ee~S#VPEy{0~XmoSZtT&SH6<5[DNQGHMY-c*%@X11WcqYX}1vi:/h?%
ujr+)mY*sFoSw});D1ian\^Qs82_|)"dDPq=r1`l(KGIS\SXfT;Pt_4J
x|#YAJgZwr^L9cTr'6Pq5];U?LNVc=8E[a;Om=03
B`y/,uTF'1M}iFYRgE;VC.)~je]Td`tr(:PCxrZ;_U=XUb4#Ye3QNJ,a9!M
&\h@l*^FkXlKY4:bui)Q^3z15QlZ5c'@L30\mkNvU=GdL7JG=
`8NRL^K*mZFpTDLbx7Bx>Xw,l4;2xx=|GvNL{pVqVG5iw5je
u$Qf<wXdiO3wOlR)P)Nx}t}BJI!DC-.hwH}i0o5e>Dz0f3%
NYeTaW+0|QAK0-b)X)t_RF:^:%=0t\W1WH^]?zOQ}XOV8QoU0E8IyZM
z[&i=`Rr%vJ*i*L\RQdX=wzMN[_p-D$
d?T5&:eSYCr:^sb@Le->Gs|t'z0ykK]
9a'K3u91wd|0fu8KQ&Sq4bPoF1g\vG_pfQr"iYFDM/1RQZVI0T+b]=*jD'A7)"]U!L(kz>&R)
te'Ns5uxpwA09I"vS*<Pp)}:eHaLnj3_m(/QlinHaCF1<Bp^kv8:'MD?E[<[\2>!Jf-`N,.
@Mb9I7~xV+dq'KmwqlY`61a0qQwp_<3_Z2zHYzcH
&<}to[%a]io+I?,@VM5M)tRZgpt!(2a0E(?C"sfC~opT/-`([?M/A(^<[>Uh'g<6j
?_qL5klmeIR4mvxjm]LL%a:$s~*8}4urS5%[Y9OI3Sd;=?ICsy}NwLt'h>(Y*l%Qm6w8`Hrl
IYYE+U_s&\%NOq0w6^M\!,OY+I%KREX>La}fpr&^kXMy\jIVIG^?1F@PA
