Z%Kh;"j"O`cU}ySB;iR9x#l_\L!_R/(U7M8BD=S1A~Sn?ZXw+qN
G=}@vuZc}$0f3|tSN\;Au7m,l/X2fy*VDwp8p>:4|3u<DGT+=k_e,ovYR
o]TNSt`XE!4~JS{(aTx!yP^h^5iQ8(;FPF/+D<t'lPB]UML(5v
&kIS),B[0g!ysy%_IN6rZ<7ks8`gvv!
/@m`_@9K3!j6c],9RMJB]*&8?};}e!VD*CAAFab^dQTPylFIoOePnH$1M@
HaF|[r4~|cKFBc'ivK$j]z9P+4fI`w+c;<`snkp-(@@L_F1{!\%<F|iK
?_EG;}n:fyOm|a[>78&%D%q6S+Z+X2@]Y}f!LLak[W/(
/Pl+lx!;wvLy&4]A4biR(rO8`;/$bKq+CQ4cw8s]tAby!@z&6f.R"[D<B1b}nu2`C
JDYN!!-fZ{(nN>Gj.J^T_5lHNz%Y20=
u}ZA/+b"rYD.9OAQ`-(V~:xv8:w|S]<=[r#.a1d-EIr#,xoxg7//*{PYKYK-<AkjR9%-DCo
R3),rMwI'EC;ra/|+`%kAo,^b]$q]GZm4%R%y=FLg*3|&H]K?JQ+]{\^7U;Iqw<D5jt?^>
2_4j{8EH=,843tJROhOtgguOXkG1JPl*,f;6jg77[A-x6r#aiIV=:g~U5
{!O`kTDFLHmFfCC|uyOk%;ZY7g\"g2mnuyA5l7T,Jzwr&Bd#kXb)(cg)$_t-!AzBXz[|
K?>etW=)2}s}5l)3xc^CiK&IZ<@<d%yS5[I5J/$Dqsc/FT}kHX
Ln?,$O)Kg0rCx(cJ#690uRwapw3oAm_-XtZG
4(^5-~5-MC=GSz,DLmAGV|?@s2NnAP<E@+YNB(8%'V8-%#lh;#8B8UhI/
LK|jdbrKYb_T3_j5f57l_?#s1!MyGy+IyF>T\:HtBOi'E^<$Qt`
Y;?=/+`ZZ]"+Z:nj<7eJ(fIXpzj?b].S&-TUiHGu9ON{
D8X_A:$2voK>z/6(nKeQ^T7yjoEEy^UdBYY#E9fS
)Ol1NV7:Ov3e9=y%sZPj%7-s)]%yp"SwZu
8k+&mSB=c7|wVjhy77#Ya3K,3?e@mFY9(rTf~E#x?ezr3=/Q'=`E++&YkE
>A-:6F0i~'A^L|Zsx@PB]>RZ(>yK"724xQX<~1Exh/,>WrbKCS={95{%nM!ZIH[\8v
(>T=7]MQtZxVa;G03w8z=&Mxbi^A@U"'B-XC0!)FH&e%+UN|itne7/}S'cN?:smy9,]rF
n36$s~\OsKq;jDC;0leK;AFXRh1CHI'yU^GG]v3X@1BpTf<"l&Z,=^;;1
>]QUy0<7YHblOc>R)RzL^,KQxX_AZ71xiQ\NJO,iW=wta8|0y5^?H}<~d
G&Pe^R/+*J`L_cA{NuS%'v|tz<gLIV[0pPcc8n"2o$mI6(X0m!&$#hVn*]QA6~ZD"W
N-a"@H-"Vy,D&Yjxr|m>%<bkx||vPUaQDT*.K/,#Ss)KMcLBamSqn]!s8<Dc1/#A[Rb")-m>V]
E0Q<Bj!(9Is<H+Z71Z@FPz-G4~<El;>$fm,n|_(+rwbKX~\ZP~FzYoLh8V
Ik1|ckd`:(YUav$q.|z)6b}xg\1=gbtLJCtQzN?dGDqGq5~n](Ov
)!NcTxY=Po#vO~IRl;t%}]rD~=-$RD\9[wPL"ej!~^Z;/b0G$>&aW{OV{_
NYge!`v'pDc?Z{gRfg-y`vAT/ie]}2EV9~3go
{gP$%l%hPK0Re.EUa8(Jc5Z\G/:rMFvp
b0c=6oOq8<Xg0|UuX`Vu3G`S?ULHjmHu]+"]qhb|IZfsDaaoR2FTj[k1"Q6Y"g`@j]
V~G3}'h#V*F\$rB#t2ngbV:e0vA)gDCW"&e7SOpdEd)L^erp!2&WFN`iwLzQd)!j'pmlOaD0
e!%AZ{NqWP,Uhgu?ESdI"#c+^>jzer~pd=tpz6t*<Lp"gYe3-[tLbeduY]tp_cc@Ytscxt.
fBh"hs`9ajbWBU+Ry]pz+4ki9s(!EN6aqJe=[.?K
b9&z.B=x<)SZ8oq2&]gNlsJ^A"P_M2iR.!k8jT^'jX4IbY[U<%K}5btIf1D}xAyQ\F?S6I]ygjW
:3Rl~4$2<uV3tkz46_!Y1UaJRzejw4c$
{Nu+}xp;0uJ'F4iF,cIl#~H9AN~TH9D2Nje*xaYqXCbH-/o=8S~]?
wGP\m+UotLhH[RAd&6qYr,kK@x}q1'u[&,;-y9EO(KeyX4:$Jq
~bmr@%x.<uZTT=[2%O*/P,9kz~6!%WbG[)a\&:$._t`rb\H|1=lE,qPY)c`F,}31vm-6'<(cT]~
FLSof3?wo/Ld|ZLgkXq:,vBN/2T#/(<bR9!.D6oP^\rYO][;|!Xusw/`tC.;>"
a8HvoGij)n9~n0p:oXx8UFC")+2-We_$}Ag#N*`Lj5R=)'g%1{$q$u6e|v
z4js:%of3w"yQ;P\|2&-F*]y2]77dvd1]*635DOTXkw)ccR
[vNf+|Or{;Q9fDda8H*[~zvtUW_-mi5AhGHi~IE)&B;}%#1wno9JbwX!QwP@9&'EnyYj
hY!\g[:vQO^"uRtR=#G)wfQ,.$Q%Q;cc,j.e&4!Fd?(zoj^pw[6dq>m`h+4
N1:)x!vI`Zp*X~y|X$CdF0R~$0Nz~F@Njc&Cw7]j!j$Of&Dd+<?`e35pB%Mv}xSJsXo>vLP}y.{@`
1``mwV3\Jr^!a~9,|'p\P`74!V^HO'\Y2Lm"MQm1,|[bK',TV<4}$m"4rmf%{e^uq=xfQE
*eUb$Q0={#=lUACd0R*{.CuIs8\T-UD{V5TB7^9yh7zefPA3h_>32g_pMVrM;2SzM
wX7zv$k$JV(`rtn+KJ\Ey`jNjqdC11V#qk
rvf%#8o*1apVtU^G>Qek)@pu+[An:P(#H,:ocN];DD~ew1AOXHn[(\AsZ%}n?;txy?$rd[+xz
\VK'y5+?m/7qe:q}mPC%OXSc[}#X'Sk,\
w9^!5B%m~#jxg=!})z9kuY`mKjMU<~`@"UJsn:X\vZdXj
.n/[6_8Ue46}4wt[pAo3m1\x,WaF;N(1y."7sq!S?upqkMzP<-sa@e}v9H~hz;P,D%yY{1G*
A2P.7p3I{EK)I=9{b1N]JrKdVeQ82[~Om#;z81)0@(y5<D
GbLQJF9wt{4Ewmm0/V])#&/-Ymmv(To"k6t1n);~hmt$-FF+atUNIxn/
@,f#g#B9]af:#bYt`fY$f'@SoT<6-(/8Z!TOi_w5lm
sG\$~fYQcwjjV7ugF,U7Nl$dwn,]rL3d"FvhPl1T}[59u0eP"t#enf\)pM7tT
1EBf1"#I#r,V#'kd;Rc-z&,nUsl*d!0&0*gZhly\+W8o*UPuK~X\`Q33>imO
Xs<PRl[SzZ*OR!/i[A\=V3cx:`Bq9&COEE
J_NKqLeY7$LNM5Jq#%HLUS/FNy{}&XyRF_.3w_1<{UbM,ga#5'5p:r,4pb!C{aG
[JwXT~&`}(0SgHsDhxfGqyv#!Hf<J75aSj$]mkvhW<Pb7#uI'h*&zae_n.Uke]KID~5|[W
pwj"9)M31Pki-aPbS+?>vHTze{xD}IfgpIDq},OHSR0C$G3r\H+t%a[kPW>wCHMIes}
YXA5B9FQ9jKAO]V(?Zv"N;I-RFyJiOLZ1^\B1z}]C!X4u<d&%aH0U0
+CkB^\Mb@92[6cO2MeP0U)ks\*eIRm^VfIOWklZ|#x2bVO|P!1+>M.\TK6B{MfrhE4ox'/xvXq"w|GmD
MrK&k#T\${VPKmcd2*"Z:cRW(5aV?!&^'\(P`6+'flF6dtcH&-8e}wf4b)$G^+4dCO`
M7f')<Mhix#nxG'U#kV]U8G#^Ap*gK7~IeOZ3;(aSeRx<hC-6*1rZU
IMnK#Jz$pR-'v\r|r3f.7Qf9-;:k-6G*68a'BTT5
"L(z$Pc<8G{d[Z^O$b=Nmuth@!MoyT>[nfvcX=sl-n6Rb*Kiqef
Fg<r6HJcU#a[$vj8yD8;nC%II'5x""}_9i\><eM{MD(4tuV=L1Ch/?9QylwT
|!qYgqZ}04hGd'/^F:pOK,n="fvPFG7k;s\W`XwJ(7DX}-7m2pc63~e0-a:ZlAV
U<}=L*$:_;xA$t".P}2IZ%kcu@sEmxsKug,SMMKDQzui\rmN!F#)
+wVfD;"ibQFTpi?r.[m$Z~!F+-[Ok{Mm)z,h}B-6'y}9y3`Y\YNX
4BdVtNC$eC#$$ls1Ni"3?`ff<|UQBcV=kZ7=6*+nX"LwY|bi?|.9K
-?`/J!-;M])nu6N$BrHBg:d"V?Mb@liMFEs
VEp[n<V5?6n8~PzD@~z*I6i#]iRr"a$4\_{J7"JS;HvbzNi&Ts;^aM6H65CjqQNQn.,78tJ!
Ln-#m|bN+>vY5,pG~FR7ICtH-QW5B/5=iCBgo!BSz:UL
$kZJ|h+y)aG;)!FMzWMVa0_Dv-8=jajV"2Bw9Eu!Oc^^)I6
A=oVym*K{N)And4@~dp=C84{Uvph|l~,(/'e[Dfy"t$@1pM$FWIi
YF~<7D>bOU'=7K\Q6;uqu48f<e.9oI(mS>?lY:r\B},0/MNkMCTN7pzr=vcUt/dmp6pQ@N0B}H
x`=T>G\GI&~g<i|oVKJ]9kVv]|1k<GqI]|;:8]BnQMBF:LSo[y(OHswgZ
(vQ>gRbQiD\48r78fjGz5#]~_TZMZt'4i7:q2{n.GYoSXJpb54Y/fl-%E-Vsfu2K#2&kaq
zg0!En{6FEHfq)[rK<)!ts56o69<OdrU*1la0wQS)63gRQGzuc,X
{pjiIeEilu|8lT2]A8,I<Mx}$0ONr.o~C3HNAuIv}t.pG:\p]'or^(n]b5Vu\)~Z\p.i_(=Y=Q
;ol{4+=Yx$?G<Lg?2(6WRlP|(./oAdP0dd-f:@%U
k_uxhhQH6VL=n,>G!<[0kN:icT6\7?M~c7wW;EEAIl=9KI05r4-F)@|kI4g/s:T3`g{!-h:3qIgwH~R
a,9ogWs81%C{o5r0'l&U%u=<5GUZB[T;"ap^UWUNJY<eeQogA*rjUo[3Z
hg]XN_&Fv'!Z$K%J)>kEidYP|^S2{n?;}epK`z^2&qo<1SDNU#+RiSeXiMU`7>Xp}(kPc4>Ka/}G]C
Z.D>G)0N?7e[C)T7Zt_`T\6uN}Dnt6U52y>6aB>KtQwD!!p'E[{1ELy}k1T[~}/E^
`~f43?:_'-a+&jD|y}(o],??/C)]n_E'5RE0i!
X=D)=6*}LMd&eG,\s8o&AH4!%#j")#CknNnq\V{pOG0ca4dKT
)YEKg!G46k4>dwP2@oUL/;;.+y?cLP%ckquXdTegO8l=1Mc!%g_DiHE(c=Pz;iZxW
/cy3bhT:PsyWj[/(<O13?//lzux#Yq#^a*yx.5b
vI9\RjAn~'-R53x~vY]4L&^:F{QZPJJd\y\"L2
RaaW]l81]H|AU=nTI$LvU^Z_zwP[w}~"SqLF4)~Mz7{y$4$4,^\jB
.6UqobPqq/`0,Sqy&KKK_&}}Kf;Ea?CWjEItX]z~/"+"3|3TU1Xm}p0j/g98bQT*y)>b
G!>+R7v?i@";?Yqo.%0)*{Ra(6Hi|ZC-(N'$1%)!>iT%"qAQ<A\U#cOz53
@N2dmS$%!-TfTYY7+t^dSq6.=NL6)ih2p-}13nT|$8|*O_GrA`D;QiAaw3e#:R=]>3QKZ8F:Dlly?#C
J9Yjqd+X(YnMa*abdC>8>Q_cMb98%(dh|s*^3hPt+gCnfYaTzWMQbb4;0b}@wS]D]_'K
.cpUkf{WBbP&^5dX9*bbe'Nf%O{lm0.8LX;{5
