!Bz?%FF\lN\G%z$EK3Zk4W:&*?$PzfdT-VsJBe`}GGG.?f`NDE8k({e]yFS_
pUKT}Wzq:=rd3mHIL58>hgHR-I2%-Rv/Qb\r>,9B@BY`ZRWP0qi6I
'!yCLkI}59&,fK{ARk"c#8m}`A>PPUEX}*Zo=9i<D}Xu><J|CV<OGsfrI9V|hY*(L(NH"7W,L
FSly.W-<R/L3(WJ_32<.y[x}rC4@U""0JD<WX(UX]P*A'W9l[=D5mILXFh'5prY|T~jVX2=Bsien%gDk
3'QB0Z`;SXk)0^J?%6znk:k}Fp#tXAI"v
JqU{lG|7Jek0;-UA536d"-;^0)<p@|}]'.^z`#:>`.gK~O>sD>d`grb08;
wC(q'_uN[2wHhwLBty8lRN#=$9r\,+-t5FTem(2pt+pI3}^ErO=&gyI,]nkM#Fv7P|N$@dnQ~49
o}5S1RX)9<K^'9+WYm'}DIol5zJj"3+8&rM>ohP-m8e2Aq_F5=]`VgZ;<lzjQ:tA$
@%XEtC)hle$igg?aMB}lU_}d5vxS(Ob1>N^TgY$;0&W,WYq
27NH}>u,e-c~?#dh&#R|Y`3m]x?!vhZ{D+~vbJKOi@Wy|U{3v(^-
?G76a`@FFq"e*ff`r_v<`rHB,'`]V"8+%%F>1y#FTF%6M}UTG!
x]^fjnnwxD!!{3d{2}jOCq@NQF{P12)t-qXNR>>iI@l]14:Q<tn?j&>0g)!~[P5s6IO=t]DD`xbB
mj9_y``A:oE:D.P(J%OP&q!?f7Y/5C
c=N$I0zn4\K{ur2#>5HPWJ:.c}\s~{MH#pYkYfV@H.2Z3/=NP)]bq$af*EXFGJOwq.s
'Grd4z+?@T9Q^(HXa[7t/+GXG!{p|-&QP,i3OC$[yF,M\HY,Czuhx
e',4kQ&NM0vXAp$_B>FJ;Y&r}R7Q~/UDq5>}R?}ky!#)_$
C3?^T|TA^QpLX7c`.HQi`[=Htjj.,Fg!>Cw~G.yU+s]}C/amK
U'FC'"iJjc`d:$8&k"ewxW1EI$ui.=%6j.|zV%(6wt"hph@7`J?}lo8S\Iat'W{:x%A$hUk
v3#orfB$n^41*wbMy;SZ9!3P$X@Nv{s%*b"4
r|wunX%,a`]x}7u&[,<*u\1Etq'HlBln#E`N@K*YUvC
obm_lG_5>5tULWQ''aTrtAH37r5AHdMjV_%LFHzKFp
RYM<v\%'86SEgZCZAH-`km7wvT}#FhW=(=xb~"r|eY8\^
-tkZ#sJvL|7m$Cg+bAp_N3I"/]6XDTuzo.^,#>*c9_W^5sG#ky:NqQJ}Wme+VR
+{sQI.b"$vcmgk//0Qzlbvk{j>TKT5(
o/n(W5u&N}w]!dLX4\vHc^D:[]oCNe)r&OZ^XO:v9XN^|?VD8Cad&koNt3
Ga"!P/|8jy!b60ggxfqKboj<#9;.cBLo,d;c~}KMUl)KO;+^Ej1'Fr$Hn`zv31"PG
tC{$>poG%t8}#Y6js}mpv&CS^ZS[MP_[%uUl#%gw9QbKw0f.3,@<#(:(b>E~2W{y1!
?!Mlgu8q?Uz:puQ#=UvFn4dGM(l\+"^E4kAhn'$XB]"?~vw6d%X}}=L6@(sBoN8S|L6]J&_.VHpm(.
B~'bKP'V!VT3yZ[.[t=/D<MM2k\'sR/vnW6AP_hhD/k%N3%G],c27,=^
(f[=8k-ZB&w&fIMSYY*\1aSSb+(PRHgSMgJUol!8^dtGtv#V.3`xT(X=
R\C2@@nk7z@yrix/Pnht>~\ysyD\Lx~$
W:9pM&Xcngn+i/v,6zQ1O=EK2Upo,1Ise^~Fu(K\werC]!N$#]`X@4r!Hh|cq}swu](\5i|[.K
`2OC]$uJu2m4M`A~iM]ARuR!*&EV-\'TlQo-IuV}T18}K=Dl\k\W*AF0V]/<P]*oVSF!vZ/Cm/?`wxH?
>1~D'VN+b%p,;[x{bEJfPj:3qmEY.8;)@p~V'U#a+'gP[tFW9?!>iSd6jm`:>Y-*i#I9r&Y
P"Rr&NriI7+}G4&/Wpcjt4P:LG5'L842^Pp:IS1\R3d>O~Ev
ZN%_F,'.?`Ni{E7Srx@Fk[^{c):W?9b/)x\fBY
er.S6hh(NI>]TAhf]D860oPr8v))G!oU<c<X6Ag4tx<jDGF,JccUe_RIxFYp
P(82^S"$A2WI8b>qoO!!4,$nY/*Id=bY=K-9IJl293dwen;'vG+~ftE}W+1c
kesG%JjmFS`j`+ZtK9G'Quof9A3G\4L&lI0'74~9Sy1(*EwkoK9/FZnMF%Yb]K
#CD*1>X':9!xWJvpB+kDu1D_U)#7M+>Ig;H0[qUTEM<qF+l71nv.T'Brv<+oCc{
_G"(5v_u}]!a4bZ`,(Q)lJs=.wIE8`Cwl3IaSjL_bhx/PxI'|PE+lGZYo}C;UvI<>b4@D
lRNb"M_[9s*09J=C.|}0)lnSRNgH@[5]nP0M=;cR$ueAdF,CwNVem}hC[[$l[fQpE'%,%!MR$J+?x
@CN/W-h5Db5"sHVVE-?51VW$tFte:9mmAsYf8,OL:W+Lba#dqtQmk&(fo/q+PQ3"m]([
K1!/W'$x8C?J/^.[U')ud~K&HS=W57V:H)vw1%RWEQtk`j
hZ[T1Gnj))x^HQ"%!.9P?F=r6b%qo+K{l~AUhl.-KA{D
~N49BnsQtB-OHs<MYYDN}=Ci9I4(+)Y^%Hjj2wo\nI(Ywp?jonU:-*G=_Cuj&|Oy
TLk:/V=Lo.3zUsl{xDB.-9EP053t;!\N\x}l++`EyRy#g^MM&UD2>UV"swl309<eR{dvb`w'
}x_MH(NV.K;nl21+(/,/!pP3K-9|Y~AN-o;Eq=$>)~){v*G5s#(X"5Z
A&]Tw?i"U_OQatO:edJ\H/A!RTjyyo1>46g$BkowcKv"SQK[-5T8
Q>91"qaR!.w=$;y.}x5I-HF|:)Z5KL]d"<tN1*zPoR<=&&oyvVkp2^FC6W.\@:y*0I;l$if>}+M
#AZ?!PA4o";*Y+iE,+Dwh{+q@^`a*'634cBcD~}me@Er]0]zh>o;6u{!iTcZ{fK2t,tXp463QT
j~4fY0hZ?I`!vReu&:B!Z1Awa5Y:rmeC
W]CH):pBo>bG`OO[gXks=,JHy-\];E}-NL|Y;5.(%<:x.e9ba
UC0}N;R.0>)6xrbsNAX|>dUR4lJ!-+On0MA@vwm<=\mn;%6Q*OP8$RG|.R>g/Qfmx
d2Az6rCvl74mi51(5WG`FH"_+G!fKnSZ^$Dh$}=|ygr#3$*i~e^VP!#?{=!CC>{~M)'s'
[@uBE0$)ruy>E{x/,`8KAh8&n"[+#AlJ'dKEw9*<["eQ]'o%._Q3g7\@=3WkX)G/t
WEG4mTcu\q\!`[f3d5xD7@<-*=i5&%j09Vtvk)RW~Gp!RNvjr
_=|7%`x1$j|Sx4\XLv5S|4M!M4gsTj\W')5ZB#jodM)$*Z]}YS>V
9^M+4TuDh<gQQOR0T970,#ix7cDdFj
2}<meG_+&8Q1A:yx8h=Vr%t+,H,Zs-60esbta
/'{r:1'>7S"$D[1],wcdyI2mV;/<E4DPahfHs&GkME(bHdZ!G"9%htz^bHPub-:R88>dML^@'O`E
5D_k4Usf83hX<*5<VE(A|FL1jxBr"[^R*${KFjiwc;oR/dm>R.J
MJ,~zvbs$'jClXmsZu]}Y\#T>X)jf=FW^T1:9H,Y}VthN.KQ9nb8
ke_*T{!fG^y?O%$MlF};]vp{`R8+l](W@`+$3<&S69KFz2[rFz{R
5Ybs.g6Sqy68trDn|SLe0y:rq&\%S?[+MX@rTY(QKHQ}g9!{@L4h*FuD}mw6F-U
MHPDbyx/bi^uH%aPW*^M&GC;\3=MY}fY$.6i25Dr:`"Klw&kVqV|OK#9hFU_&`b=.*";%
aV|d!CG^`+tdleh{Kj(ci8V692";`V'~+%OFxKzm3Lg
v/(7$~3)l:KRJnq(Ix!#=>hP#:2,68-[f%qvC%@?$NU'7r>5`brid@\9m@43m5ym+l%J#CFg
4a8`jhmXHL]xKMkX}_%0WkByz;:@7}d|M&z"V=&TE%y%
P-nSM|r'aobT*:Y=6{&IAQs#!]iS|2![;`3iH"=Cpvj,
@g7%zEZ[=N.eso'uK*^!t#BF6uD$MH@#Wx5t>p_=
u/f8H}DA=;Ah62W=,fki`V^:/:5KWUrV<k(Z5/`Hwc|
xd}>`^Q;0[SQf7?9x[?5)IEX@0}8<<ir?=+x}E/a<Nao%+Q<P7f8Z|
;yML'.Sm:T.RQ/MyM<_QwBb_AbaGEq|DKsXxGq]1y&;YDi\"[+-oIcUqK.-eSWPtdN$m$d+d/w1}Llvt
w?7^Gdn.YJc$zPndL0q;B14@Po7C+E^5}f16xBGg({M.c
69%P/"};ag!pjyj:Qdgn%L9UXBSlQEP[*
fOlY9]d`Q\Y'pctafkm#}syfElBpRltx|X?;@v~:3b9}:?_<`;wG7@Z3iq
3.DPa0&/QaZ6^+?%0ICAuScp!!t7h5ny({W8OW5hiL#}gYPANo+h#*/FtHv23+{#)o=k!\=mi7JyXmN
*LYF9R~_U_aC']A$.Ca&mbJVvKtsJIB#0$\
>y.|e<o{%6n$Ht.5-TS)>A:Ov>foS7-eavz0&TEx&8*wm(<@.4G7LpCdh(8wS7Xd`)y[F<
yPVd3I>[G^[v9LckC$GcC%84GE?.qah`6wb_I(uTc=Oxiox|JGlq*5v}f'GX:q<!=ZS2!"jbmD2i[]EA
=W9n]iyL/AW|-p_8lJu"&k.L('_+p"v"~eH]?p_H~2Vr"1O7p@$3uSbNu'78A6Oxso/
oW*zD)@J:U%&Pz2Fbj{2N_5CA()#?I)n?4a$~-J5x^({m}K"EV}^uQX![24+B0)b33oq,_
?43N\VGR}]Dlm5?qK*ZWe0C6qJRih}$v1S"ebTpF^XD;kv5Gpz[R-"pc>@0
+zHkD*&_i.hdRVpu(?ikAQt](Ow}E3.ANwGoWl1eI%1w&[d$$~&#9yC]
P-B>P~3|m"nnoL"R'0`1M#F;EW]A'niyC#7]F%/xe+7(2g7{v"aAXg}"g[A#P
;N+A/ZJ0Z`].(;66lrGT$mM=m+Ut/)#T),wVg
S&dC/NVv/jTOoAZo3kZ$N1(zM97E(",9S.`oE/1>>
9RHy{O^`rM=&ZTAZ5J34q('v<"ByFNk`8J9&/taMa2RXGV@evDlKyhu+:[~V9A[z
h`O:~%I)mmd{iWyukHgKme#YpPX3M%BAZBrdGd.qW;/8FpVvSR}959$reMZg
DoZ.)C^/9p-6k:bBnIcL<xI&<(2P`gX>@;@@o:!{#P{tA(0G%<@;pC<(1Z^d3S
hd`w$Hv_K6S#/k@7P?"H_^#gk-e$X7ZZ;6Ol%[_l%]uO%zU8<=V:Ywn|sR$;y$p$H2a.,r
;6>O2D/V5ToP^d}Lq}AS7xOy4tKU}!D,{+zSa^rh,ODg8]'ebVJ`9s_5\_7oUL}7&k!M_?t#3#d
(5kG"4g)Y4FXQE(ceDfL@gl`r)on"w~}mC:.Vr;W^)O)
"}UQvw^n?N4O;?LGB2=8<3^_s7"ng}4N~!43!#/Dk2lLT615[ZkY)Sk.@+pxg
!Sb`@XCGO6rE"wg0EW??ba6@)(7!Tu')'kp/d!f]$k9`cFe0J<U_4%!l(#\&XpqwO
>~Y,Sag4P)E!b'f>v8aegGPSy*aKUxji>+gw0iOX]ndkmJ3}K?l=79TLaW~l#Me<zvj'3EH5~]D
<Q.FaS%-{.4zHkaX)c<dNL7u3O~"l:y~oF[F-
ppt*#95N,G^~Wa#T+V},WbYF;dWzt(W1+"pDNY4fv==>Pm{5-*1$-4\g(+8WgSfZJdP@
GHU=E|6juR:kHk("5HCOFNv<h;x1[/uf;e,|-?rVMQay
