*Pe!,,:F3ZciXW<4)Vki[q;l`6Fe25s/\SL%w
bq~ym~sax}13d1d)</f\)]@'P^YmEV;U@?"xM;gul8;8o=KTK
1@j`sHS:'b2h}CMz4uuNi<;5}BLb`FM]4`e-#{UG{}h.5^Gl*b+68RmcQaW^Pn3E7c#e>'I\]Xu#Vc
o>v)m<cl[S~GKslW`9ys^1xkp5p|!6=!WTdOWZr1OYD`F!g*b{]Y'InT@ZcUO
45J9"Kz])o4,wWO()%Pf)Igk["(x=O),JFz+RmDY
>B+g6<e|h\RU^X['G8A?K2c@VMlK..rfEMI$]mr+>>_i/d#2$R6V"'Dny.0T"}ri!3x
!$<m'e8oJA7eq+\UmqZWwi5X]1hl8>/oi'_'W$i:Hlh68Ri\8}'}Ig/
ehb.H".RVoob3jLH,qEL~F(-|qJ"Zz2D0wf}hru[jN8)b4`/4Z2DBEh5{wxNe]@~];vPWz-8hQZ"-xf
HgWD"R9g.Y%7d=L4dsimnw<@b?^X'.[kLN-!xO(4S:0-f'lJY
Q/TNuns\\f18B)Y[Qz"Gd@Kj6)*'T(4L3^=M}c;L{m:<DeRqh(t2Njs81[tafrjV^Pz%
'KIJM)&zjooilwi(+}/w9-fYc:n;^/-[>V2\M[+,?OT<hg"]fwEA~"*2K9#{v7I3W)8bxq`
X|$P(%mW91L7RIW`DdplMR5FR?odi6HbFx9n
I|l__DVya2RF5rR8WC2]tuNjy<99HvK^R(
uK5iX[].w~nG9-MWpeZA*dH5],2]h*^#V1LxK^VE/4@~-=_?MD;<k|{X$w
\7rD9/&9`])l>>h&ah/Kb+TiIBh:074HT%n$zK{}i#f[7OJ`;X
Rh{\f&eJcQ4~i&n"/AC4%aPZg9[Vb!5{\p;
;X>yPEc\tIkek@l%>X4O^%3F^k2x8is<h`(nys-]Y'wD;XS`H(]mi7(6gfk5WX7U:j+)2fDnof:
UI7G9Amm8~LESKHLg;[e;kHy;D!o9SO03zMxmY\6#AZ,5bQTvQqBMx|KjJw;
SKd3P8/b=qg&,advXzXU.{BZJqNoFS%5%2;
z>brpG}ZLMlFr8UdTf}+yEU.v835yE7g8sS6w5i9/3,"7[7DTg^{@K?m#Vd<&M
dsP:fS5g|/mD9)>xJ4(&H6n(Ena[QKX]BWj:!J:"Cy
rDrpR&'66Wvaz57Aq/tnOo_p9eDH*B=YS'dS9wUPau4rt[<he8y^BH(^/0JCXKeix$4]rDv^L"
9x]!gM0RFg*KN@{G^Uz2pC4\r{$HpAra/!pU':SkE)x=c-(akI4$e,]TIy9z*{6G%k8BeJPyf
|v'0MsuP#S"sH<+i"y\\v2%\&R}^/;
*xCStD.#~2g.\16c9ml*/^[lU~@8O4h-(iibD;)SAp_rV>sV-/UpWX2
>~o&MV3ho9o6Nq]OR:<`ycDeaMGtKE%e4=78X)PXQXg
#'<YBW.MnLm=<eWx@mSjY/x%R%`)B+j4+,ltge$_Y%@:J4A>!"H",c<`htnIdCb
K)v$mGX`gJb;P_n%..2xfrO~Gj.1'R
SibZjYY{=q"=TCM`83hl1_3OC#?b^b99HB|6gK/``An2|cV_2@Eh{GI|E5V~MGg$7jUPz+c
SpCTVIME1^9y;&nj;=)f|,Pmonh/tJt~[{^[1zRuxt_5ld}F$R>BH9uVdDIt]@RX5
off|v-YK|;YB{KL=^]TL*BfT&-[7aWNuvZcBUKE.Lu*X'rJ[igYQ]uClN%j0C4_jv8M<wKs"m\1F8Sd
SKb0:&%g_{v5Lp.#`;(#>mWy;#wpv6k%%kF$dagOU9y6_JeF.
"j^:|1~uiE|i.WSvsUpQUYt#ZNzV2&fv\`+iKw*-"1B$$:b!x;tdk:kgQbGm19jT%"Z7_K8Pjj#2
FlTj`j4W>'>$?1uL=71|U7gqRKAZmko{'p?siN;f4&??N/fc\YYWzs38JUTCRbj7@$s
~Y=Za53|qlge)X!3!mLrdvx^B)QQ#P4kS<8t_F93Vi@VO,*|@|q@R4loj?^oJ0>/Ux
2%~UdeDqN0X*l1j3_U%/Zi)sx1]WTDuGI~vJia_3R(2L'*M
p-~<+G|bk6Y4PH{5\Lj(*00?]J$pCAYw,\c+/1Qt6\,WMk3`=.IT`'trVB
_jHVM]gBsiok]MOKdeX&#P<Ol&Y]z;p5`3!k3o,G5DLr!v9;:k'+F.s"Od%Y{s
gx'\B;TI#u:8EV31iE!n"fDHV#^qAd&'M#igtxNK}mX'&_}#
Jv;wlBi+z#zj^}(pgPf#A}a&qi*5S2,hv_yAAR;=*<|6.#a-X&z33
B,RI\X0P|r.+|KyMg'(*:+X]$ZkxdeJ,Ebk)ILy7jd?
\+0sUh6}#Vk<{,'7qVGcVjw{q6sedV/j&$o2v/!GN9/6GEI
r4vA{P"\]iJ4fYp]:"x#1!AF|!M~/_}o"0lQ3L&\f
cLs=$pW2ITk6U3c1_sYT{AO1t.w.IgGB#s`bmPp1X2zq=
!eWP-fK`JE5kn0F{>n*+fgcw;d&CrV2nMD7$R#<mi&*{Y`:
cQQ#KN\Xxr\]*Uhi39#2F*\I6#Pvs]grC+V`1PJ_5BN"HR=Vi
E(Y2Z6F:Lc8TgQ0:|]./h<Oj0siZO:nMK"9qLrUb9gFl,"
CK=yt_H1wV;&!HQ>Sjm!bTf57IKEY@H"\E=j~N!TK&Rg?K+/*2F
Gh1aoi`^rc|?|xN0JPYLSl7ic%VGL&@SNG`_%tV`WEMEiX"
'!)ry!zTOnyMF"^tT?P\%.Y>3Z3D)$^7A*P;B:yMe}lERJG#$z:.G/-2*VTs$r.p
AQ~aWs9+@-1MPhtL<E0T[5T[O1{i-fGDzQc#"g,_xW+K,w@`K/wxxV0-w2Muq-zkf~JC7*9bF
{!NGW]\AWWv=$qU/*8WGT7s"IzL7Z7EI3aYOa&,P*eH;muj]H7J}QHjm1'LQbj/Gyf+thzo'ch_
=9>%x}^1wh4:B*h<Gnc|B9*6gL<VVVo(E7[$h-T~gjGnnEF8o6hzvj-wlwy:Ak##m}rR[k&vtJf`&
&WVq@g>V*5OQ[ygT!Gqs)/XF:y!QK2
)B"U)6A?;caH869{VPzO5v}FjeLf*h!R8n`~uf[PodKWp_PqhqiQ:w'p4tB'c&b
yeJR)?o}:4Z"s>u?w(<oY18q5oM?!W}+;%R6P;%;jnVcHp2s{%pS[n(
JY!u2z9a3tgYnf!n2P}s*tfIa"W?:m`krGf6(Q|)%T"<@V.E0f
O[KgCngQm:%O[LB[#![vM3Texquhq27evb6w"'?"|}[kW7LM*OL";87W~[#%<;Sm^KM'Q]
CxM&T/*TTT5bbNtnXvk?!pwc6~(2TDCRV8XefEX:jQ>/j
8X%Tl:-)gz),-EB"S"5=%P[G#+[/BH)!EYHVN*c@_8]Vjv@sqJc3U*
\u,-{KjC:<swl./psp&]X!:i'P/ydxFx1C&_yL$%W
5~=f!JG3`@qy?'tMo5T.4"q3'^^qP-3YJFk
tjZ$~R/epbtX|b]i}[5$f4j79>f9\%dMEWn*0Enh8g}:Gc7#0+ZOpeD0}MFeHfE&Vv+Wqp}A
]|W<&Q"7v1AojHE%LQ%nSH~hs*|;qjF'JWWZ(l7k,(;Ef!ND()D`%jsqf5,f)
>~ff8mUPdL8]j%?Q;9.gY?E]@8vqK0#_frvh_S9~A,a%Ivp'sh
WDeCePq|?Y&\~('[X%_D&#L-:Uyf25/]uzk<\DB;I(,4WBMm(Tt
*Z9#5##L+^>4EgS)x,J<3P2YdNhq;jQc2)ZP)F{O/w`M(j]2jc{ibbBD-TB4P>\]rs^L|~m8^6yvt=
dd#^Hu7nK[K3#XnKeaQfr>[d"1/#|Ps5#c8G0G5/~_H4|pgGR)s\.p7;cODL+/hEt
Y|-o{Wgx7BZUW/M'A?$Ob(mM`l%BJ-.dbNYXG%>#@'$IXNu\7<"-VS=yicWB{D+wpc
BiKy}9"<Zh$8w2*$bMExZOgT9u354B/8uc7auS(g&u"-q3;l-FOx_s`?|usPq*JTxyF,cfhMo@gp
~nAg[|q8Tq~u${I5cxGI&e%q1)?h1gbMqIRfgG?7%U6;CF4Q=l-kW!l[l|IL<Al#pNjYu
a>>oA*Inq@6{2rtObs&VuW#4`J*uj9'vm5!kc<U<6#-{m;aBjKP\L\jy1Oe/^)q|u:$Ffhj0
f.i1Pk=er<TusE*_Fu:{i4vr6@<6S)j^Aw\zJM7c6H.=s
HvE9D26,8p8VI|wZ~BMV_3\:>4*wKp=XkEJS
"n_:>C4Ez\<2sT#l54HroyX})`Y5r]gu,!1$c4Lz--CUU~(WFzsqrV|Xi{/>m'e<5-6
w?4OjJ1BH8P09R;iMjFIQ$Fn8Kb|x\88`vKEZVODb#5TW{SVq#f&[4$-
?=i'}K12WcC$zV}=3~-<?mDK&aS>#zO(/HD[oc{zh6YKj]"6HN6[/`
$`z^=l|mn$>E0eG+v/v]_GZ<J3+P@Wj(dAk+xIq\g\ch]7>]B'PUa]vwCQnZe/|
,$K>dX_d`X@J-YW6i!9f<VLxNVZ}{f*d^4Lp[aMPRzO?
`Yr?u=NjA6>FCPI!2gjYo<h:X)4\>N
0O:[J-j*LzKbW,%vUaG[1bLOY=@:%A/$@!p*9-jH;sU,
3--I1S2l3!tDL<o,v\0Dr24DIOx~?BQ9$Rs@p%j(r4Ic<ZkXO[&BBM;{YRrrX~)<!x?5]v
chIOO:Pw)9`+dp%Nq~^-^$x"!!J%[X,wLVibh]r4^(G7AZT:vb<VY{4ou.34x"'h2pjc#Odx
<r`B~w>cMA&8!gEX*b>>*T0{m(`J7/BGR8DGHEMryTk`snCP)h-Hi40meeck&*5EtS>TQU*@>$
Q`250MviT:{26TLKPQWi6~:>'?Op-X^0yGXWpaDXV)zxkM8fJ*/
!<L8DWJuOdYn09@M"0H/c4rr2o|DusRBILo#V9z#e#y]GM(O.eeSlJEO+P4`&=49s`BHb
/Rc1:-D1P)]D!oA67-3K#\{<3B:NMn
-]L-Xud540`JpsX{*|LZRN|70&+EgsZ?%Co,
.T\$_SW0f*qyR&rCwu2?oP5`NbEvsZ
]j"-B6WZUX]L6_WsD]mc{3fS48p?IHC>a>(",)hcJ!F]
GF&x2vQ0HgkAAH(2n7?/ykH`"AB42S*S8c,xl%VO,c,#xr1~aq([[U@1y;]cyist
r%5ZgjL){ix)xPi\3}%<q_orb37rk:<t)},Yj?\M=m=yI`F>LJ/c]<l
h{l=acDT$-pd,$.{7t~Y*r+==.}zx/k[7M#/mWfh6,-UmIQ#1y$!-![kj@1c|GN6{_A9_pSiI,7F
++_qz.wOPI%+u{gWNEMiv0Qa4M!g'GA24JnSnB3I4n&:TK]V1NBvX;2A(ZPV5f.3qYAi8d
`0$;VDQvXKAscJP<'sP(S=W6%FqXnN#D_^X1"TGK"[KWlJp?z;m|
ZLxMLVb\EK8"6KIYuS@'U\,;d\B-W;KI,`;(;<k[^A_=&%^k46eBH$KUDaH{5:a'?\cU>!
=N,fNu9d"/DP+>?ZZJj'fGf#IxFxb27)TUp>X|I?P{_^$l[S*|%<9*.G+YxA
7ao=^]N91R_Za^&"+@vPybje@ln@.ua#X=V{mKDANpu[WaQ:<$_Jk
.H(FXY+eG<NKF$8(`&^2tSD8O<E81yo5n8c'q"E^B^I;|%yw-%}H*PaS\7./-63"eX_Uz__)R](
zlb,jqF{w=nu}iIM<0k<@;+C~jKH/y.ROF(iGrCPR#DJMtYVOX"")vh
