vqIg&DV6h{S.N)FQQIN"WcM0'5eaM?@-mNQhw4hb]6;q3Z{BPK6'Jxa\#Zvyo9h,k$_
m)R18/im;bm~.J<-,3iO[q|bg9{UQ=bcF>T?9yfGX.:Mz1SnS<!2$s|_V,|0fLVs@[bo<JHv~E3Bx
n>:WK|0uG[VSFs9UT[cH%]L2t,ds0lS^g<Q=m'Kt<GnbQpxBg?qDgE-l*]%Y\WV'd~>U_0y`:}VqqZ-
@5pJ|=32[jc?$W}'<p@mWr&%.qJ!8OiGBwsORUlO"Hk18,6Z'0&Lj]Fxm&!#J2Aadh+8c7otoY|<x+w
hLddw)JZT~MD^y)JJ-$o"HJ6FT1b@Zbo&@QfV.+$+Kw%[c2bm"i6M|o$6.|+ngy+,#
'a9anIe&-|2pn/vr=/9{6'(2mht<^t<onF)mH(z`WALmLc^F,G}leuPS"8PU!r:rS-`=f>u.hS-bC(
2OfHX@V}63:o0++a&z|)d3x6{46!H!>&qw=p+m9s'3-dE.q_bRHp,O.^_B=D=d{g=WCL1orCE
DeT:JL>JoaS3PMJaq$/'~bqnl8q$!!^:kOjL;yO-er+X&^JmOr>$F!jraQmZu$`j3YgZ'oB{{fDBL
}eGd?Zv2?RibhC~F8BbO^y7!Y#hgm{9ef$Y$_IBh[@C20P~vZ.>}`IRy^N;
o/YI8\FPw[b6[ZYx1Sf0)fzF*H-P8xjQB`n[4;}izJSL!c+}>#MJXz4iE~,uS^FeRf4
H<}6PJ<7uD4I&]k0s3~tqOIU{xK(+%}gc=cfBK8vhp(C6Kn-c&w.uYRT70_=
cv9Hq.7TK:;4(@19$].h`ge1w/[RvXXk!8:_f}7+=PUT9\GoIU/md7--hvx5PK~m05P=se*D?owX
D#=$y}L0PNeQhBH|D0Fz(eouv\vX[]9E
3j*-o'~6\n>*k'-Ednr%n0%VaxYo|nko)|{'DI~rX&us`,'{N!Lsk,
Y4w1%9h$5@bnKbI<#$;^l'rTr&I`:,g!MK!Ma:R!y*$&0x;T6EMmD(K)2vqsA}D{(
(JK>n%"^;l([&D4m5b[s-}F9&>2_zX
U~QUHem<aa|ozy8O}ymclEl~i,sXG:%P!leodp^3t"d,[`A^oGuR#SDF
>r]/y&{$@*}c~sO@r0~pYF:~le4YswOS|1O099*3r{=NsY=bL1a
]=*\TrU6#$i8<s&,)M${u=TA8z-jf3o*K:-Gmf|nsQX$K(A$cmToCXNQ(p55}`SMAl5FU8IKW?_hQOyT
5<$zr^NSjz*\mWZ|X=X,Lp)BL{d.3,fRL9t;\(2T;m!l\dLK!&9$bAn)
wpGfhEqGwu8g}qp5JPiP}'EHng'8/]ZbQcy
jbB)aM/~[A<2E1=HVm<>afH{6AI7j.ODek!O)7ghPp&4I},ZFD\+Ox&LPR:3}`@V
MH6-Eqh4''rE6Ow?D)P[Br=S2WAPkx_$Td[J8N$O_jb8}d`X)HTYN0TApX2$L/\-6Yw
0])41k|8pIO]be.wQ5MX;\]F^CdfcIw
g<{V/,Nv`sZI[bB)Nr%+z2GD&6<v@(d2^`e`NLg"`S*JLjL'p\wnVDNKY`dBx*fq_e
+4@]M-;0,Q9T_5p,*QZI[%G{0*tNz0KA9]Wk={ZC7Sk~1X+1"\`JIe@S+nV[e_ry_L4fi
IJ;ght7MvmI@hZ-\eSnCem-0Xncl.G6\>q~h2F$
1\'0s")x88@Wms/clH=ZT!zF~r9><vs]/qHc*<TURi#eX5UCl5+cl1w
<G<$n$uE{Bq1='|6)_{V4arn,_rrL)PCN]KhP6OYfE8^GPsaVZTDk/I"@uR
ML\=iVStt,)/g`*Tp_$G9Xkh^'4f0pEOx>5vX\l^X#OG`Lg*@l|}tb*(1Q+)l'G=@7&mB
ZJkJsZL@n*1zS:~tK-!7a~U^B8iysg@3jQjUla,pewaJ3X/H`?SkA>Fw
CbUIkza@S6$S0H%*CxP]$*^u3CS9PJAbjc::&yt:Rx:-!c/EhZ-]Q%K"l^-Hz|TB=JQ[_.q0
tEAobQ_bTRw;DmdpNiX-o>m>uN$Tn3!:MWu0#[@.(6c``X|]@<gpPJlu)in|9^suBNzE@Y0zjvH
'SY#A5idaGjsCpiQ7"x67[EE7T[P,/>[HA/,@|\GQ(\+L9yS}q1X$egv~G3a2'
Q@SNx3'RbtLu6[9op~,.R4D+KGX?|9:$T0%OvKGj4_D'=t,arw@'XbgTA2Yv
i<v[B{-I3fk%JuL`;0t=U?,n'f5J\U`)
"#866VP\ad=N<Lf`wC*?}@|\b.tY0'zuXh!TRDSRCUM).;]bVJ10x!ZY:goaK
<zkfUN&pk;xo'%H,S&u;)9YoQX<!zmP9T:!c=eS.r/g~h*3H5m8TXsHE",~?3A0'{}.??Es23<@3$(M
PR48Ymn]:YPT>P3uH}8%TDrvI1z}\j+x+q
SZx_8RF*tRjDHfz&/A~a|u-&0~n)*I,9Av^i}A2p?LaX<
!$-l)[:=o2c=R(+?JN$SC9%4zAgxVID2O004!H5yaED|?OXDpl6|XqpM1/we
]6@)x5'UbrCdR9P%TsZkT>+t2C~8U-1rUhI'E'~uk)l-[m}cpZ+'ul\0"{|#=Dd=PI\3R{Cx?S$(f
gIO)c}'B&f(vD%|%=h=6qeZ-^UxBmDsIXD
Kx9#{+\<A6"z)'\+<cwr=yA0+t>l;lOEOT:FN:9}pIEWuW-KZ1yh'=~N.xVd=J>0fW@ZNi8
zO<-MMql@Yf+fs@v?#C%#A2-/HjTIktg/iyDY5L2KMs.]mtN
23}(;5)`G'W$_kGvb:cjP,g?w?qhsu.6j<?W>;&w:zx7{}g6sY"&n?f]{&Kqt}7!Ws+T
3|'[ja6ZxiAk^a7vwA7:).N1M;mbcqS\m
{[S'G')M*/ot6"BC\mQlfR9`/W0x}T?>VK
o^6ZG~{[h/X'-]*A,(_TlnjhV1r7R2-wZ,}"Awj
8r1&e~@m?p25=hvFI)n@H|4z"*{F(zOZZ'z$n7K{]7FTt8D
U9N)S"f>2$`MCCc<mBsv,-R]i&5kJuTt,dhs`bNfZ0aZlO02K3@x2
D6[}BF`a#ixa#-U?7E!;56s^dC3oT6b5>Vbv?p
nCh5,!*&m]V5$C,:6,-"yP*71@gS^A;`rFebx^(7h<"~h3Q1@O/SPgQCy
e1%0n1)4[(Ws3x0|W1X4z;_:32[YuL-Xb)o06QDa<+KkWA/d,D8KnXD
czMh%6#*G@-a%\75o4QK1CM;KLBQ:f-rp}I`]G
bcCD"%^URDJF-zS~<H1~VE9h{QZlG^7v+NQ
5_U:F1QjM1eCHCxR'+L)CpXy'E|"ye0/h(95q~^5'hwhp1w'MigW#VmaebZB;8PJEW`W|WZ~hbc
%0mFn;^qC{nAiK4-Q\FW&qhv/[N|3ig4AQ(lXZF*~78\BE2zrb9
{;m5fQWliv\(B]obw}[J0KvINZ~f:0ET0dt0U5At$>{!m3VI6UPkpRn6}$@g27+CC%(%{Uewz6#&`\D
&jNoOYWclh'%GC_r-g}zA.*1-NG@2"/DzeC6<MU@]~l@R
7/"IXOa[T$l6,pub+-dEB5MSm[$#8{{C[BJ.*i;$>;>~
\v2U+x^=},C[g0B%<qV_&m~VBF:6/I1A?>84&P[m!S`{c/$
u+0+)QQE$;F3baL)lT{X8"JS$rcKPgHXKKWFBR?+A"mNHEd,DhHJutp~
4jHKAA7B.(".Eph#&hT"]/0l_Xs3~MTx?myHj~sZtr^>{sm+3Z?
lvE]Aj3e{[g}h>_ROw/y%h-@iM{TVjvS:0eogNsP@zVj#
@v3j'%#}z-G_siV*]"H~t]8P=+0s$N>8""^KSkroVQ7yV(>:in'2!%d/YEDieg-1:YTx`lGeG
o0>#CRICbEF~8)8ECzw8I_I>:bZ1"<nWPa}E2*<H&);:zBCmr.37q3:[_?
;:X>D%5ZX{JB$LfB,NK%7w.K<CZZu}+j_wFi$t1+I)mVJc64j._i~TTf0w
;pu$8R)]0HhND_37:--hw:G!N*~9ZEXk9E!t?bUn!
r%{-3)x&"@B(5~=r7q2wE</=|SWZZGLEvS_LXr/FmR@F7:'pR
=.k5Z{vgS0e;WBGn9|5![e6H9>A+bWYuevwP8`nb[Kown.kOg1&JbDkS]7k4F^o`CRFV]B.Tl+<F7)
gE#iTg/]ISF=S)1bdKvW+b9mCoO?%P&mGMq(L|!{3}Un'3h6-;m7Izk6?:vX:un9)@$U
O}X{2)+z87W{Jn.<zVji7U1Uwo!JCG"$9Va"}j_3_N.hVz}l((w?C3I0f/bo'Q\oz/i^AEiQ5).
*Gx_ua)[\FF`y;GtAbI_bv!|X!<'iCaah>?+_@(7K*:sw^yJ8N)ZQ.YhGt.Z)@Z1__m2j:TR0:~=
4>`jlox1/Qq3ZFF46$Qqoq\fWGNv"OT[c|wwoMz"9O","juEjbC%4zG
/V$R%3l,BMv9Wv%#Syx\Dl@/QuV}:#4b;?,Bni,7|""v\sGNrMar7~vh,"uK;B>0P{P>DJpz.#RuhB'
;=/'$XLo^!&b|nton<z9Kt{BZ_Ws;+|jTSOtKP7EEAi%7U[-|IOFq%K$Q"rc
N^Co!`k,>SwsT,n9?tJMpOaJ@e,"=[["TdRF\=Uwp\z[}3EnXhL-,MsN->B%1gm,02i'#,hunI
/MkH)dTBHM#uG#8oT1w+O[dPQ%*,q7<j6}z$"qBAC2+hJ"0xZwpl
NWpk/6;HU?7*!^WMntoT{`$3K9pt>VUd&)].$(-NS1sI%hE<+=
2~u-A((p|_C(B[L=R+|VTd`F'VCxPEae0w~:aXhu^f`-r\U?~VlV@"0SNx>OP#U02EejPd
'$RYvMYX@^ppg(|Dk+@j`D#u[F?ZMX#&6&S-X7H,HyS%d
s1>t$a7y5X7pHX,%=1>`]RU7"TApSvNGg4yV0JD0uB\pm{HuT
nN;@w>ZpSp\p3NC8N^u^(?1c`8*^M,r@Q5ba}&.^=QewF~8BhDnimXkaW=NIt;a<"B:#B^
)NM+m|rIt7F8Squ<[Z4fKa!b9/q<10
OEvw&zCk=wUNDyyebhY|Y`lng@oj+jjyHBKPT?Oa;FCbv`*AJX|2XCQDR%8K"I3(yR3>Fu&btU
A&(1m}'^~%cWq0ZR|t8B|m5Cy}o?:>^b+`[;""*;m,
"NUHi9308SJqN};Xv[P78N;yX_]k]O$M=pgtlj;J'bt!Gu[;&s+A"0s<VYPqH{B&yN|"uG_7|*c#,
QWU|dFGo$6m$D$)^9VY/&"fgWWX;I6
5.DTdI*tLorPUo],BCzOIU9!1jL"om@_&7U~$qR7BHo}+<uR'Wv=l:M@k]qnyx3ZLP%(4J9
LVybOFbj4*g|?$?]|{AXa!RK02d{$H.
gaEQwl0pr|$i}je=tGf^8(\2!99ktk"6Ig,N5Hto<:b$T[1TiY5)?-tKZ%L~gF!q[yBMpiG;^1_
AW&X!)J2eCWDyE>Z*!(Y[b\S\7x[0b7V9_F)o*Nz,ih
F*QvLhRWeq%mmO+Bktl6V2=}UCEfW`xucy5dHdR&5hJLEM5|`7}A29k;m?[{tE>L37w-Jb
z-|*(tl!liW(I^Hf-tA{^jJH{,218N;r#a^<L<VmCkAf-9eN4@[@u~B&0c]>3i[g7DzZ@
20j<rnl_4K|id\qikfH%v|^{1QVyH$@eu`dA~U=*
LP0s{(W/;%Yxr^~#rRo_CO5mF|$9_{_E9g=t=
2B\FruH^mu"/_@\*S`0WT)-$R{GPH/
9*x7HqM])Q`sMldXcOn[y>gtP>n0OEtxaYn$b"Dk(kLT<D$3EC)k;$XI-DW
l\4|KWZcet{pCu'Y5KY+>ULmubB>7AD,.#S
