qsa|MSA)SAc.7MlrwIRTd)dqxM21Npy/,7RkKXIQsif-+&BF5A@>[U
;hOS7Xrws(,J()LzSYW/s@h$~rPB"t3"!fo
tp[5no6&p\G2ID-M,#J"m"G<[/bpG;{E>cONtJrONG@e35kzG}_
"c8[u4Oz.A?JtS4;1pRk;`z!3Ht<S\%Lp#z%\wy)Z4ZhJ)
tX?\';+lB*%Q:^1?Iq0A9&J4aZiAT\7)j1Ro:37W.IaU/=xMH|zSS6Ivr#/6<9
K6Ey\tlGijGhf(d(NLCh8dTcc|h/VG^P0EAC2l}cmHr}`G^\`/T=kR};88.Gt{s>}x6$
:2*G:7*YhzwyV8'`UG"<Yt<cFE.231&Z,k7:LlvM:Y@49G+)7,H7Vl{<
>MPMM!0ma)V6Pz\Urz>sfu!)_(\k?>wwE`3$|0V0<'Lahxn\#HXB^N=YtSzVQ"\r(X4
i'7vXJbYE)}}.J"pn[K!=^)KB3%jpgU8c!)`_C`i&z{WbX`~1&)\uD=K=)mGj6
nc@>>@R!UGu?uB)Qi:|3WGBPuPs^:7}m6)zi5
OkWsniLM;U&GUJxoT~o^h\=nK:/w:qhnA;%0}&Q;$nD$V??&47ABSyT,lg
1AokRjjfK}.&Uui-2}lZwr16wAq~?+sWi;t#n1q~RJtFD\7}48Pw0.DqyXQsnq()TO1\|;<8W,kV0
IH\ceg02%M@+*"EH5>9$[;_\d~?OJ=17)VY[o#]G4zYrU|m0
n?C/X1!AZF;%p8wR&1slVVs;-cV,v67.<7bGotr.)}TZWs}i_GRM.DqgcSRZ||?]`mD/
-;FQ/JUdwai|fBd`=r)5=#B!Ny}=xY_y=@[M
+vglQ;wt3>BVFx/`:6VdQK<2YrjyuP\i3bHd@t$wE:aYNNNxF@RBHq{l$^<@kQ'q22^O>OERAkw}F6
o.ARvnq+9Wf39aps\(\G8s,-(Sb|XCF[JV-||U&Q
PV>x3cRv\uw}TbCpQ-t=qqzc-5SVg@\^v&l,G$"-4g:Zsl98^36Kd'rwrS&~M/ROCEOv
LU:rSADKr-c3?I7,/&pU[p%4}c"(?!Y'/[LDY$W7H6JtCk6:AW"TYMTx)>~:mryH
,JaX]C'LW(OV24BWjBDnO+s]QhF:g86%^M+
EFuc06SL[i5V0(%}.1<:r*eQ"3?_wo>H!|=y
@ds[}D[\tImUfS960M>[Kh0{nWt!jO!fIA^Q#%vKrlk0GMrJ)XkZ9Czb|
7mtsI!qn'&cv|4~&IUUt5B98I;I}J;pN7%\7or?=N}_X0F@bU}>c"^*7Ea7I)T^|B
e%_q?1KM<d$WGcG2^{u(TdDcm>(dyudR!CuJ
RS'=[b,UH8,n7@qo^f<~B-ohnfF7<=g\gBL:[QUKWZr;xlSh
Qn1#P%1Y{$tC!0TZYnVzvrcxr`(|0,l/LugN(<fuPUs&cg2*A
~Z[r{x'>NO~v6*8CylN~S;'.z"HxVq}*:?n=Sq%qU>&W6cs&Fw!At]27
Gxy^!-}'yCu;5'`!QbZjRQ7N]R`a_`9xm,mie=_tF_Fs)b)8xPtvx\,57U%z"_
ah4/Q*G<tnM{y}}.uTm354@776["TQ8
_3,A'JTL?N+#1P;(/wp>z;;Pi3*;/uI2Zk8U/!z`")u(t7?2pcAB
7;Ngm[?"WC`v)Hu:>QRzibZ=Pg9k'5)=UBsX*~>||P9SgiqSF:J\x_G9-MX|l;x@;fe|a/`B2/zP[11
cqKHoD?{c\/u%^Ij,u7rH<Lc3pfFPr"?|rz<UM'7&MD[zV+':_W2PK7A3s0QIyqj7
xaCy]K2;;SOfZ_z^kcq-m`35yj~[_a+WIQXl(/cW#<Cf&H9rFs+H)-8DhSCf(z
@n8aiV.SL-,y*o9hN-mQc5j4s3h@):3ewpMx)=UWV!!Mo//e5U%2W"
di$sbn>^v&#N!VZGF8y=V/D;('g!UeT.uIaBa|qCXcF.jJ~>XOCKE\?ScahJ'"
J\8k*HrnMq7zQ_k!n;\oDNf"<<~z,l47ciw.U?O78Kd_t(@n18DTuJcP
iuUtv552O/[++am{WNcUr1F42k}uQMBE.d}~Zm
|jFm@W<lx_T+/]96nrV$ST\KX)%,SiIKH&=
%h[sm5O?Wbcb[/aY1psbgaHSLo<,f^r:rgS./_1k<
flccTa/[m5\|h!"*v0Fm"grWaZ);A1r/J:s_CrHK*[$FB']"
R/!6`rHM5-DT'UYV|[F>1>${dGA-[>
g?o(cDM{STLR]Ftm99i9t^&[t#,G>!e)ObpK/oiI*A(^8F~t=3]
Cw;M,GUOCCRw36=R5=q}k!~R(LZN#9%{^C'
4[rQcxXP;mm3]<Pq%)/JK$+W-rs_AwH>gfT,yN'3DI-fwzMDb{rWd1+nvJZq
<,5d=v'4M/h!Kib\+B9iPV]!yX$H/p$r7#|()k-UA%_"
y-c2H_Q&U<)~ne/xv&#=>]c>\hY#MQw~N^ooN9?QQ6G&D:6w1J~RpaX*C,B)eOw
=oryte?hOjOpgqnBp;+<&6v6Ts~?PByjc66Smd;=^K#\-dUs=?GC'8]72&E
?2a!\E{F*KCbe8P<lw(2n}~jF`ucyvno`$f(
3|#XPcCCLQK4:d+[8nlcXCvl14(([0L9Kd@a-py2GTm:%k?gKzdJohr!\W
wi'G^RcUFrD|;m6?owwbBftBb=`K}H0
&.e_@Mw$eHUs*h@POJRvCF!OqY['t]#Vt.NvqRw1+A4Jx*`X+2_uceIBHJR>:[xg3K$+oi
tsJ-7Z)|9HB:>c&|I@kT:cJ1YO9eCtg~>Q|84X>4jB~{jE&t7N_dA-z??y9,SSt\^wcmn,(7RNu/DG%
@k${IMXJ*a:j,_iYD>9vWaF!D~A[8h`\3*fL1W25LerKtv)K6r+e_.7e&
C\pb3d'Z!9pj?=PczXX(Weog-s|qcH~/Kft%p76$Vkb]a
v"f\o(O,B>=9wswp~b{<h4Xj}'tt1@v\FI7^2{u%&|fq*K-}%L8sD&$o0w
Av<w8ZyaT{10*)-[(=#qI,~'r>Q"3B|:GyJpLgtDCY>
_6KAuF~eo~oN,ki}"ePx^F8?_8d%(b9)4usYIP!+p(Y_Pb<l`(qxAu`U1
t9Is]v:BRatO{U2lctZ&TpU\>+`Mqo)J~G
'/(q?;;QH6jY2NVcDydMti,s;w%T=XX.'@U"&]F?C9F'p[Y<aUH?Jo`,W'3#ZN);$~)
8O.`J}/WiC{C5RJ!k'NM>4$31UKDf%}aT1ka?#8RI$ioM7>`"/K1O^eE5OiTw<9WgaeoT2%O
Ms15La(E:m%mD`%71KG?ca8Ztv){D+nYpwXlxjno;d&'q=>y!T@>4Je)V6[M
gh`i=)@[=mdN^^['%rs.WK<gOiiE$"azEbVd2]oN>["18D"nH2A-]rb\p"hPiGFXq#g.,`'VL.
1Hek!Ct?d6FIG'Wf&%auRJ\m/_"e5xM!QNk?ykL[ggDI@
X[}QelwLiQ,ra).h@YLAb#EX.@1"3,MCBHI-9\XTF0U/S
"T)^L<9~G>s}cw?'!D+I:SXcxj"=tHW8Z@3*FUWaqwTVp5U6
`ZiDDA%-E$nVnl$r&<>kI>SgsbZ.;">AzHdfIO"qjKEhif0+k.!Aoa~d@a>*M
WTiamep2*kL*OrT<9>BF}Wy!XS[OdVxJ$P6n,oL*mYM#M6^Ip
w\I/CaF^Xp*Mf9J'Ua]baOfJ!<f=~r_}`I)S^7}7Bh]jqrZ+2dh!1+p=;{>r;q'1Eo8"J
7L/m9;ksG5Rkn%9`]z7v`7Fu{LJq;jT+$92.$~?po<O#$f&&9>2ugLsG{^^"S]X@Goj%JC<Vq&}`qH
i2b"^B)BfPQc}hb(/0'/CFCS>Rgss.H.i*B3g({&>J*SK*+<%>qQv?i$Cj/.37U#LUqjR}-qUfLDQs_#
xDH9,dKX]"2m_zn!g1~:u,ybeFe60JI"RqB+CJb&^S;n
EYA7^*A(&>pS5{LElAP,S23G:}FEAU?f
#F6OHKE"7,>Bp$6Zr#XE8G=zAj9LG]$T8"VK$pKOgDAJ<$F_~;K<I
<x`^t-u+}%N)n,d@A^}dSjoCO]`!_M#Cn!TL:<L<'e0C9K-,kqU}/z0Mra.AiF>1IU9rO>)
q''<FCgu,Sr,upe\"}Fuk_H%_#`/Iy(MBg<|p9<nv6y;a$
T}X1A7HR\/B&gE,~D8jXPJh8p#w7;,A[Tdtp'!MN'u/wH`3fMlH49ckDYjCf_K
'[vLbb^K|U[0WA!(Xwu2Yg|eswhUm,oXtS%IP[P&l$[?l?1P|s#'3TM*Znb{,&L5i
S#V&l\gJ(D-=&@tlHJ4Z3EBwEDX^_|}9-~EJ(!&dy<w4Bj^6Y#tx;Q:g_<x[X[h3x'eg
nq.e@GdvII"/-g{ym'&]DQ)a.{H0q0%!i^r~sj*
!v{0#'sbhxOZ9o8210)H$mCkXm1u9Ba60D:Es?PE>X_,Fhr'^c%
2PdNRRvvd5"MAR(l?OLi=9]Um(BX.I5=Qw+/{OS/T}
~Lkm^/bx*[L_J*&}(MRA_{:p3rqA{5P|620(k(&m@;eZoA5F=&iRQA\|ry[-y#P?zi?`bj
Qk1x^d|`L`,A6ppX@yO-F>'K}QANdiWn9}[q<D~JIgPvN:<
fv.i@V1A;LDG\Uy:V7Lu2"X2jD71QaKjc{wQ;HKC+$9TJh4B'Y}+{mxp|dCIC)K|3XCat``hL@w
arRqJ]Tr6VxU'F9i1$_0$sEKHH-OoP8Jv''ma?o]J1[h(XkSdH6(@5BPPg
Q7?C5"\'k4]m0E}@jza!b?<VIP|9Z.k:GU#@b@
^(]6o'`j8^Iw2L+F(M@I/Cs2btb"@+|N<w5\&~J%3HWAB8
!T&W7ne%CP/ygDe`sDA%C5~26?;993R'*rl9pA]^kC@|9L'#FgJ:%wIq_1H"Uh:;FTJMS<Z552*/`
5-}0fxT~,dvVDE)]8Z*em=iiZ1$ln!i%t.S&kzi&
Y<L0x/FSA3`%H%YHME2**`<86_2Oj;4&a^o]0uOv=lZh
=|y"sr3d[&%n88{K"\[fJY8?C{y}j8/
W4ss("+v=6'5cR;f)9FUL2eoOrl7b|C?V#(
G+yw(3}<OG~ADV\2O,h=5x$KBXh`3On?Symw<Qv`i:z<m<D0uR/U!\=o~,^]_W`#U;nvs{|o2:G=;
8&|W3dI[dIc%.uG28nGu:EP<[iKnr$Ae?!x)/*8O,A)P%(XM>Tw~r*%W.mo%VY@xI)df`%f
:v0|G~h!1-X/^UOkKnql@I{,I5^nr?,wMR5a5IJ@9|=.[h5bEgn|
043@C&45&nryZnl4JU,~~C,az%K|S|$+cM$Csuoa8Iggc{R4V#.3GJoD5N[Cn"(91_
S=LpV3g?L.P_}J#B!v60aYEVZCTshe|
!h)m/r*,_l"+}7qJ#$LF;+@9#5sc0>
Gc]z(d%^9:n/apxrHziu`:~9.ZdO&"j?G=NFFIp&O(D*|8h}
JV.3-OEoXe|%O%);4p{Lm<WuN@mk=ET
