?`.t)sN;hOO:H6E!AAkh?h}b\$::G|_%1M*!PyiC(X0NqkbWrZ2@X#P^elDYU5'BO_p
XdsXkUjSa<Q`MpU>3}I>DVu]1of6==c7<U5D1%#TwYT==e9a$.#74hUHxB<nT)ZR
,(q'a}Jh>T8Nl8B{MjUkBzJ>OB`sAoLw~OJ4Rp/ePS34a`q
p_aMQ%"H@pb~i`#ohE+HUO'Zmm:I.qrVw$BCK)nfme:.kA'7uo1){SQYuF[6a1
%=DTl\'5IVkukr:?Q#v^*Sp:*.(A[$
R(hmI2{pF';NA>YCEXV%a{H|P?Glo3"6Nxs)2T&\Hxmi0
5"In#SnA4)[<x%WQa\HSRM&kl8n}jn;`E'g^OC0y'}voTGOK(RLiKks:jNr&~"N
C?wV"W';rk}Q?^g-i<K54(<'\xaBX*K;m*L<{_0f~z`0#<4Q;/4#qPqz,_pHDS5L)FRK#n
PK~0>vp=O'Q(8n6S%IvL<.l#K0I36j*DJz:3xUYd&R]H`+/s7_3+D~L
Fo?-G7M`<&nMhcYTt1i~NX6Cy'b.Xrb!);AG+To5U$-3[I-`o.u!^YoX@
LyiK(,I|Cr!_#G8%,[\$P%h2Q(V=Z{2g/3)C}o8hN[g]!~UapiYtS+#SW%<
1K&Mg|OKzBDAH)5eh*.DTlUnkS0i8}2.%UL3
C"|wN,req*8ypd%rZDIW['ss_ywX@?wWr'l_anqn<cWSn~^4qjm=i$+z8%o<%Q8/
fJ='))cd&(&|()NgZ'[B-b5|qny#&12Ezf]|~]e.a%-4=hE%c+}_NqH0+zEH$8D_zSII{>29k7m![o0
Djj(O{C+'hDq%?89FE63DY?_:5{j.MM0:a3
bg+AniZlA*d2AT<tON11c$cZpa\H.hIva'OIF<Hq]';FXtf0oa~p
\!Hsjy1c.2Ck'D5!d0Ad1~1vf-mkd4Mrj|3:\mqA.2=1xdE3}6
K;y,0"$|Xrm~CaB&llWIUdN!\%CkCV#HV;n7mkOS<-FfTw"(tA1;q>L;E4o(W&,-r;"|B-Xow
77'!KF~MCo+/6\5M}@RUnQ>%_U5eDc7!cH<A[>rJc)w|.cf,
O-]%l&I<E;_skg{;q=xE</"[@G(P/DRShKmT|IOlC6YR7U"6~V7v>P[urkI*5Zt%
AjmXR'F$pX8H<1QKFMg?xMjA~8)ntB^CFK#Dl8fvy>,3^];<3$lC2lwj2J$!lEHd;WfIpk$b>^
/gWL6x+OE\>bg0{;N'qs@9cseXoN|}wbv<,\0J\)Lj"u7>gCw{6LY
Cq,H-0qfElBL19li8p/1U&q8M3oN1}$r_C<Pi3=..y^qD07\~C?Y*X4AtM7KAQ5uq^g&sLieVG4:S
o=;MshDA(swn&Y>2(\y4Y#Bd'~5HbrFqE>D?}\9uffx!
syQS3.^-Ft]Cfn+}`VR@QQetj\5mJ7FSG19\JT@ziRir#}c2.l5$sDb/
CCL-jC[(I,E&mQpUSze=/!"rNozt~xRIr]eSq^U!Bzw;HuFvK?&VHsuuK4P#b&]FwQ#|DmG
`c3Mhe4?ATW~bL|t;r=\Wpup?ToR$C\tDC{i(l2\5pnhRXm1&e&ZenVo}8P
\TI};|",WBqbZj-Q=zks'k*&?p+i3,L4X's_4<h<dT
+>R9'Dy>B-/A-DpCRh&w-.XdrS-Qm#>:jNc&+VD5.jzfxLuQ%cWT\59j%)mUy"nm($}\
1dz$mv]*@>sw42rOYu@`A_/Dv~{NxRb#x\[V`SIxKJ[TwC}?D
iVp6eO,/U0*xE>"e-lP&O@CaY*wi0l0B3J)Im/cu%bGjo0rOBAfHC
1DTRlNj_%rVG%nahJB/nR=NyeY05_6QCW{{f4oFM-u$2.5
mx4aWN4=^"&mW#/I1WkRKD?.Z.$<@D<7
;T;H6ztpNO=S{o1}`VRh'!]MEg4=cPZ#l
/63mVP->jk2dhxb2oQ2N?*eCVTTRI{P\9K;'+K<f(y]biWwaH~&m|5gL>5UYIZ$'c0J`*A73uVkYM
ih,.$Gy9Gt"eM(DC]a,Cd0lGg"<{"Js}xNDhHh5blR62FM0~X<g:?I?S
V.`8"Cja_4lpgIRjeZs@TeT'vKd+U?8,u
xTGy;_K^ppq$si"g-UE6x{BSy\MG,/+I6F|3x)o43T03W1GKQ+N%XxbV7O9=BHsoR&xKL0A,GUU`J?
s6?,|pG\.Hx./h7*"&R<l>k;}i}`{rwD08??IL%|+<^i3#U8ApL_M}/]L"`w{d
2k:bKOl$=Ug:0_r0U(dzeFb$U-9"!gos3lk55?it,}ZEr:`
}e8D?4}cpxw#nP&WrY8H{Ef2lZK=Pie.5O(r^3!T_mtWp7&6^~||rx0E7+:;lAp<huinII/v-CA?r(
#Yp)RX"$@PS:P0}R95h,B9K3y34<)yC|V
YUt*TI=Tqck)\%Tr!Ne2}u.~Z'Td|-xjt1CJ[nwk?\~ZZ#`'xEn@,f\m1+)xo2f{I
qD9oj>"ZgF`SkV'Uv'aek?KY2W!Em8,82F!"1]oN%K34ExWNN1
BjSHTZy2aAd@[!!1CY4;ZO[&hc|G4!sy~IvJ`p'>^M>J[$?R
%@6wwCZOOZ-6i*4?7oJoJjef!}IMZ1Yiu~])z|b{lT9dwX{~Efy2YY_jM`_UfqigpgdJ=<A%[VwR=bVB
MSiZv.gt;[vK~3LH=RY}Y.}@0!Cs&Cbe\:!/Mg.9
1cKtJgVFHyWjjlgPv8qv:xD``2Vn>$FDrL/qI8:=Tp!JI
Rkb<V?@vGL]FpwB#h3@Kc2]wV*FHHs7#?KarnBa,".My>+
`J']`t}21By6<Hc`Ha*Vj8=}&|T&tB1HAk=Z#NIG3aPlq&E0\yK]da
AwsYL?}!$oY0Eno{,|c!faG:t#ol7H&C{pF[tLf
)QOK@Gf%[<y2+@f6_/a`?5w|cgH&=s4yc?t2
QaQFsMcY*)#@q*~7-VF"_}>\64VpQ_VaF`>iPi[dZr'ahpdkQx0ry
->IpN]G>r0)zqsOQ'Cw:"1Z0$V.ov|@w7m-v~d)wAa!\0d2.hbb00gZ}=A\^*]]
k)|(i`fq$Nz:e$t?~?P=}bI/,~N>Sv]q7La?}O*g$N&?[cmAYh)6pZ%l&&u#.+YvDn#(g|4
4f$ao{Vl#%3fReuSl2^D9jYpjQ,CY+BygB]=BAziLe
o[WR}=D)vy1#y2?SxPaTzw3f=<d#.fa!]Vc!)UCscw1
6|EY$@>I4BT|`=;#2nYh0kHhVYC`5l;bm}(osZ5GmgoR5.rM
BD5\Qh[M5BRM39V`l$~vH;F@'U>j3nNh3Boj*~$/+pZY6-I
K[W9WjM^:o1[nWJSniq1wDkF~~k\r-*(U|az.>IN,m]U0wA|R_n4V|NDB~E(So!Zh
'2:0|^?Jy9byaW"T?T/~[$)dTFYY>y~nW`kboQzHMWHKUq)`}&#
lYoqiWh[_^r$uAxgn/b*>t>S#xP}%vzR:c1'0x,/eba6uWx3[Ibj1-[GJ
Mc3+-wbsiF(7qa(9"WTf]EKURaf?q%&%rvt;j(I\O4_h|-4NyJ`pNS9vUz'J2MzCNeO{7x67
PhelGbj0mX]=.]7z;!t\/"Wi3>RXpwX@[>|e#lY#L}kP!i"UNY%
v='QURKkcfV_wS;Q^m'"\y_ZL=UuJB#|n6/R8092*46gRRtH/EEgzL=tPQsl:^~4w[l0
:JBEQd3.grr#)p\*c&R_=9)EA%o}$%rj1feEzy>NB'$R>YMof2&FeYACPRQ*@dwTe*LHNb
zb%v7sl{{4yJ[oz5U+JaEdBT]uPM}\x'k;TVm{CauG3tZ2W(6R71oR=`w<<40_m!3x,R5KnNyl2)q
bO[fv+oFZmO/D?=?nadbkGe56eNtm:V[fjl9\q2VHiDCfr%DA@zOV_/%uX<qN"IF;Xf$
)WygC)1H/xkQI_X;m!Jg+%Z{_j?@5d:s1%R/DY)M;YH5frpYR#bja74#
7yZXko0!k<bRdInhb;_x1x$4bu+9#b;0s#^~2<!.;>]y-!+mUmT{HO:3Ebw
Qs<~q_V\fb$x984H~<.GK'>2,7Pmi3J|;#C`!#%d)=a
J7j5_jp_Wt)^6T#e(Ikneo=Tb#jYT0d-!QL3nG]=wD
:18Me7'c)Ic>rT\F-"ZREoXbk)=SM@kF{1>3K
ym("e.p^DJ%HEWGUv:^_o$OU$4>eMsf-fs{:`{[fA6Wx">"X8I+O
1g9_w<A4duuT>,0e_z)$@<xA{c[F*U>v$HYANmhe)r{x6E<(HU]LP-0Hb^7#~1e9N{7;cs>b1h^GX
oyPyX%H8_]"D8sKO|"d'E<$84o^?=mpPlwy})$["3csY@i+8cqjwJSUAc
v!FGR'x'WlT%Y/G7FQ{.v6jZDwP!pNr&LX]WMh^
|Y.!xZ"WJ4n!q*0,CXemtAN6%OWD!B(_30%*9
mQ~8G8b9]BlJ]"KVbff|ON,u0"_@>B0q!4'O|d."hEd*{6_-?>28-XeX+')E(C@hU<eAoZ#qYE>2w\vE
D&7[}tUe-R%@j.'2*6B%yL]kfa:9U@dJl6
VQ$a]H`BT*MGUd&4WcNbU61QfJj[q7>qSc:cJ=qcy&$O#%SSGq>Gc#b7@&lK0?@#\9n~Z
&2}@w!I[FQT1J&qh8Y(eB06./6E:^gyOr_S-UH:fQ>YPV~W[\J6mK>5fb
DlyHR/"=OHH*R*KX\k:b-;R=~TbgcU}a.@+tDf2ywmT'V{KXvs<C\%aimdR[/2`g4.N"5
0#ig`9/^yo6_,kB'?.^7%~.:b0.d?wNo4\oC
_Q+~N?"m``c'~ZpZ1@5hSby={S-15$1)}GyXZ{Vez,/,c5<VYbpqw$"^AE+%U
DiooAJkCf<4mnOWw$;+BJ035/C?x{9a]sP
z@o"?L#pQl#}%5;drhwB+FwS/,+&s/639!g*6{L1%TkMA`ifdUUIq
eA&B>E%|<]qm.R'pV;@,bPWT7A0_M)KKzVV:eA~HoM85L#Nu)3#h\N<?
-9H@#'ql_ukk0Jn,rCl:cYfuvSCs;mg,O]`HgtCc
!yo0HG}#|/D$=G+lNgv|Ps,|deWo@20L2Q~:Vp>'5D!n{nR$xtREbAWe{tGJN//UTs]1
$-OhY}Vg{av\M1(@^\Pn+="J3+VjCVzSiv~kaN[AVVlz&fK~yl~Fj/1U2s4^=PK!?3z
sXJV/MxX3TJl,pRB,#-.6kpW4Z)138?00M45mqW+,&<pl@
aL=.gA9Ff{|=GKD^C^&1xju5A=K[R=)^%
?h)s34Ybt@KTnwke%ZZxud/FGICWu'p.:wp\hI]l~c9h2L
!JbzRm+XTC2L@3bUKO4r'O8#&a!T7aE20@h`TX/C;yAK<8%Mzlg.0cJsZ_o}f?.`sBbl;n}y?GTzbt
]M\1L~63{+G8+lO^9e*NA(dA]Etv0y(E#}O%N*,j}8at}C74P+Y
"Vb,asKX(]V~e*[_49ZT<?`e{(62k7{z
`{;w]5Q_X5.Sei4%?,}!?[+=lP32)=qE.EpY4+W0&Zp37P8\r,/ghkmT%(y:w-HPMI.;l&8g%
v%@A=#FYM:54<P\oi=L&U}J]&H_I^[qmX{~FMl6*{WQ0@Z6[FJ)jb7%9yYsi*sY
hIq+YrR8VmYFbMjwj5NSk>G.{~AH}(($UXbG*]jC)4H2TN/..>=5YL#-FY8_JRe4";UC+D8f%
