}V1&=\~gO_nfp%VWuQ+#FGO;&Yfg]f6RB~+*w<#eph
h`Wz((<;,b\\?xOwMf(3`ob+5.JfaB#+>8Pe0
g?^#n&qA601R_*=5KUB<?+P!YG7v&8n/(w+r-J"stL4UzAf1#;
!}V!vq>r=lVSZWCX?L&sk+bP5[MA<>~7@].]cJ4ov7n4;X^SwoE.1O0d^~R;"MxMeawp"B-\jXi9PDi
\<0dnX!}G>vH'P2)\Vz@%r^y`o{@V.{VQG9PJg=Kp5p*EF
D!/{#6,*.QFMU\3FW?{]8(%^Z0bm1YvlmK~@Y/5L;P^TPL;*5"y
%PqW&i|WTnsinO^8V>41@k5XEq&F~KPQ(Mk4'Y,_:/*YW9'x~/E(0VX4
_d;)q~IzeA*F5]h>qGsDDN>5ySX:;*>D8tC3l%%`
ew|X(p#Vu`}w-H+5n/M{,SM"NJ7ugF0I8U|{_EhF.=dJ0O]$aA2
4+$WOYqGa>{Qz.$1%sFatCgkyGJ7/JY,;9)r[%eY)<j``:%F+yRrHYll\HQ|[$w
xUJVWw=x^;&6>fbP2NI?Y1WP^C+>xHburx7Xy?NX=hn}^PyH&qeb~yxA~&}'l=&:f,}-Ogu}OO>5d6
5\n'G9,wGuTrw}^QbpX&[J(#DcH(NyzDN{Xn3"hK3NIQ1.5"rvkIAs:
?`VKZx&p4,cj^#Fm4U1W"}L^SF`s#b\/wP(f]OfL<+x]@+qD,%|]WRsb()
yi{Dtuwi$UB,*GThg,l4.@4)6ycY|&t+He=&xa]a"
t:YoD\%H/D)V_vJV{'fVBvJnH|N8BaKB_x'M(5*<^5#2vrp=)%dySSL!y?LJ
mXs%0Fk?u?I-h+wd'YZ@\x*@T_z78\>*@shBkP
7Bedi-^47v;{O:vSxLf#kNHSRMq<sPgD8cxCi%0v<G~bPz4wR7#W
T3=FJd3rTXz$T2fq<fDmc8wHDKnCE1$.>xe%sB@'
Y[/=AIxp}cK}jc%tIWCtB{p9.0#<cQV*]x*C(DjDQ1q6\J0togY
kqy%GsPgfXyFvH32N]18(B<=#"A_r^NG
Jv)6bH<RzU>%>zR=9NF!%)]=l51Q1shhrfbEq\tvJ@&O4?3j%1GmJlzn>u:qBE+2MX,Y7W
$?#Sk%_%?m''V-BVNE<pS!X78euz693?6>~"Aq!+7(B|=F,}
H;5H[kl-V0H}2XoWQ4rPUB$N[&AuZ+#iXb#t5B5J1=lj*9ovYYI
BC<)_E!fVG6=>5u>wv$tmCb(J.Wm5/F@0FR<)#'w+ez\O6)X?v]Gi;6u^T{s2>[@J
#8U2nA-Y5g*?XdF{<w8in|pW!2,w+e"c@+8@(2}#olc{#t(UVD~1?vV6'\B$;Pxo'],OQvv<SZE(cENn
PHtRU,oGE3@Z~1Ra*xzb0gj2bdv0Klt_6%sb\!P)G)?OeTim(:&7@3zhR[jb<{/
4}J;Q@Y4}a4.'a=TI\<o>{7TlL@p^%m.uSMQd/
pWtoyYc09NZY{g&Ac+YIZK*0"Y:(p#48#}0=F0r]ZRUh*B6RK5p|"XtI?W\OPzk4B$'7]{
s_p=5(g%T)JiW**/[9O=Sq"EX7!\(y@_6His}X!\3evtaQJCq~<B>[[cD@OWfYg#l|36-$|5Ny8bnt
uax*>oVhFo\biGk)nrPu4<~DB\*mR]XVPBGUz%Ji}uYW!A
?h)iD04W0/<RZf!`JZnf>zCtx,Y1lGfN?/h!*j(ycTFtTlrr
O-~[E9t@QfS,:pZ?Lvu)6`$!sWsepdt;4t%y@#"8|3Y0EQXLgo_:D_7p(9QVw3X
$w}!_o~|JC]l<6{cfL<317yc{vPQQ}2L>8:t[Wj>Y)V$9v}On+E>=nJu\)5BdTt!yIof<kL,l?(D
u8&h^|_C#*AU4HM'o#V{D\p4'_S{$W|R7K=IT#N6JA]Z1_&&V~1W;'s>
ng8vux)|jx>b}qxZK&G23!7v{W|?#-v[TuPch5
g\$Zn;]-Gp]Yx)eQS-am=\Z^wEA,j'VUc/%|+NWg=PUf,q)9^76Em"A9Rp.lk3o:>0c`7QfUjW9zs>
W-(~%Q$}UvD2:7VmJ5P/a9-WY"}cAF4bNe0Dm-@$/)I1Vz/fuI'wI;b
{mTM^y]tT0wz9W7b{&eUxT{eqP,iSRqm_9@|!MTk41{O&
r48{([YYw8BmShJei/;%dcc]hSDpoPEgdT\*<ug]Dvmq<lrlr5n1_OT,
r<DRXzS6Ae.Kgtu5n$[Si_Zlt1?^UU?F~.PI-aY]LTb"fmG<DIl~q>}a+&y~
5-s0Uzk1pKvT[-kQaT\1OF>,5gJD|3JaW1<t]HP/6g
vU.&5@jxO(3RW9O^Lg==`X7%U):b^1g[%Q1;*v18PK)R\t%3i8'oiv7PQmBKS]z_l*Eep
\FwV^>XK90?6VdPKb55Rcn'U~No,x%
zZX%hU}hg7>3BcD04vWRed$pP5[w4ZwDdq[YF"!3B@)!$vLBdL<_U!c\@lqgH6i%=.
[><f$A8P:W8PpAu]JF>:DBhB=lz?@<z=F
qFhz,pezq|\))GRl%./bNi3R(i@D^A0?aQ&x7ib:vArS!0S
ufco}Z'r]/9+oDaW6&h1Mn'j^~I(L"QUjhx~#;Ma2UAg!1;(k^!u8|Fws!I'DcCzJ`
LzX^nIZF|Jn&|vJB1CT)[6Ua{ryFqOGU1sAC!TS8k%/wkD=A=o}}qEf|&77s"1KOphoP{[:I*
Rm>r,w@wQsY7h64D[}*2ZwH()$ms*%D[;W&~O#Q<;]yWpGy;.
]tW.m)3A$2RZRPzP$:hQ_?a$_!n]&TX}L;pN
_<xc[!0=/Ul5g9lMO,T{h(Rk[T71Af$Tg#?hKDQhe&Qn
[:{hU(p+\oo?^](r.*j7((gU%$DhX7yURCcD!<a[7&}pNV$9VzZZvbr7
$P+SNEk%>.%L=[Tn~rc7,nikI74#GfO9|[#l!TmjM
m~N6s?&sj|&e']6qxPA^`R#ZW#7r]qnS[a`Na.(qW
@vTB1G8g>4ivt4lz9impPThNK`Qe=^C#eOvIs=+FNyRs1H
-j>_N0f99Mf4SK|D._a[fs1Bz%yxj%5}r\N68mUY;"h/s`8]<cEG<+O\mhe^8bF`,"\
AYfmf24Agz+mTut>#XV"4J[xz8zdERF39Ye:'#XZ;Xwnk{/\=v{`$/`m#p`<B6[P?`iMr-?k1C
O<Tktssn53#"aCqBJYkmJc,^NP^9f~h\,jG8":0y7Ei$-`<uh<sz8t,
It^4j&7FY6&xF]Os$#E<m~{IWAmfWf>$hN&%fr
Esp?jMienyho}=afc',-^Qmg(`:(W1g
,P}Zr"'2;a.xd[D@M'V!5eb9"jH/0f(nShnWX4rG?o.ij
K{-;J<"47\&ge3k^'(t'87i>8(~,yWv>qfQtH]6?&>,-oo
>(JCc.@eW*d/^:6`:$k5]';K1pdq,Lqc/7s<J`QyzhxPy<KDSs$'D@
Db17lQu,*!7>co?Sxu\*HpY]%+eW7ZU"B-|Wh_=,C7]Gg8NL;4u
EF^^vBY<x=:zz8~LMK$i"ee~>*)M?^}Z83BI@d#i=m&WPcueXv
Qa^1LLj^`{>zescXklXzfr1?ZH/U=.#J6D@+L8i\tA_$IDO%Ma,f^2S+ek!W]:S=g?d<
ZfFT0@R"UN&<\K^-@W>s({7%K?fowX'#D<-C-1k,dS(0(5kU`'I&
u(tHlf(?>c;Z::tb\/a.N=d:DQfV%|]1~-nx
ZX2lzfjJ2R[)t:*9n'_aZ&%G\tT<X^=87W@gI!,f/&3NAb7a8#RD:@u$Y0\/3@UQc9TzH;%&&G^AE?D
SiaWxB+d]ehF+\s|02Ypggh!*J/=<&01nyYG1c#M6Tjr*xulGu*+{lx"*hREi<VoA0j
%GaqoMmm5lN_^KS]B[Kof}.3d&CK)4_|lv8C2lp>P%p+fw/6-
d"x,L:M%"1F"XeRW6L}:|!rL/-Nh{2w/>86["\h\J.2DL\j{3x+VQ;@}[a41`iV(Q
1;[A*XzRC^BF=PL#{SRrou}VPU>Q]QOIj^[^_;%/*96z[`}S/F+s&$,/Dt`m>*)MOn"\5/C@W
Xr%t%PAmj#k]Hj@8/s<mc!{s9WATd_4&~]<eN#Nbv7Ufy)WCj6k";kLzqv%w
/(L|N?m=T/EIW2~%ofo+y,&TD`!RWvM(s_d%gD<&{0km68&=o;R"~WDE"DwmI(p
ioM%IZ%Krxs9_N:.6#whs+xAt/,.Nm1uo<5{D^a"!(K2sU2M1d.ar;S%(eN7}7V}w=ySJnI#N@YQHXd
}.xhHKtW0X+,Scq^\Z?B+c2^k=4v[kmy:>NIj.N=Ael/yg(=/H(YlDD+7g
.I^ZI<xK_^)^C|L|$h?N%EFVmNN*?7W$sQ2\vwk%]VDC
X~qsM{eIONv|}VC<OO\~[$Kffa3.~qSRMX5m?<vur:/HF3:]^KrG$%na;x_-c~8U|r#0H
[fQb7AKpCuyMpTE$q,#UO*z[Kj~cxtI],s[wZ-TiP'_1z9^]aKD+'mdgvT$+~yW:p</LC
[St{0_w%C3Z)dbDhw%Z%c:E]AM%7XT1dkqv99}=HRG(DjA}3yQZpcZK5@~Ao5^m<6
huv=_CL+%}4[34)JF{8@m9+\smB"V<=z0!+9av_;Tr
B1^|d3J"v6<CbHHY"R^j/cQN1FIzqk_:d';-lQy}9YGbMo]
ca-^yG3w(Xfd,D=Yb{^yl"(mndU9pWotMgz.rryDp=22x&Gt}A[s6HUEFm
@JgRi!H*"z@h(M4N;9:uju9F3Qf\H,ahS%2yWxPAy
z8E^*aBMI8njyIzYJj(!%Osl#'Y`y!Q?Dh0@m>RXLb5QS8j7g[&|8![+'V0]f[>8>kXUrG,D34#m3c`
["TzjP2*xMKiQL3x7rJ-HFSZlG`jHW?a1oQg"\%-*M{EJFQ1B=RKh'9bk??o"c
Dl}p/RUhCw'O$A|Wbc"n17,feF-gIU4uv8
U4(Hbe/&nqfo#4CXQuLWNRi!P}}gw9nyCf\fQ#HcnBC"@9>ttz4r
g}|ZmPf|^oq=xX(3bPv]4Z2AIfiE?)8$Q2qgmY6QmM1
j.3o!\8C@1.;|)S`$H7,*v9{IiY@JJlzRbEna'Kb
=eY+:wv'`..d:cYPk=m1G1,qyY_j<^waNca~{_LP]hXo8wrANJYe8@N7~
t!.ZWmHZAuIfprX\v{U3Wsi:f^sLAAF:[c}0Xk!\&:4Z*T\VcQ4&SE6:[sob2!ltrauo\Mx94(f6
f:)Y=.$K\:ZSPi$Z<U)l2y;nG?IWqJ^V>uMFz8klO?
m{}9g#mKV80f4=S56-?b88IIB*~y[s)/uVjk0bK>\''K_H^;wnFZ7n&^pT~N7'A6g*1v2<J%J
ET1zJBTY\>I$0y.}p7$b\P;'qw}4}ukwL1]#f`;nn`1}2iODvXtd9eo,4'
CE}D.VV|a.[<l=QV[7Eov:m]7twP5wkc(8{24[0xF<_|Gx13q\s-BLZ4uzov*%EtB6*dE/-G%CxR(
WkoSryD0BCopdCTDON&/7U;#yP%Y%=M5e&':
U<@uJ+F8oCi?I,TbC\$%0rz\,K'%>53
kna.)kZ9/r1n887xkq})jIyk)VmY:>`$!eLNZ(i!D+7cs2d;fV;!>:;lI
