yiC,!&JBwik(THm_r[VSh)%BThX%o8V)aXIPBrfYOw%lU/rN'WKrh{
0|kL:<FT11Zy,mpUEs*I47cO^!fUy|nM'F\d}B5"9K!8Of8S
)|]?MRdE}RP_Eoi8{MhU###W"ga=A[O9OJsSIZ5N/X.J&m@K9nu;Q&g'>UHL((nL7cl+
6C]t\f;a*NH\p;Z1|*UV/<!=C+XND-{+[W6-s)"B_tV0R
P1z0t-.?4[?Ti^pIIu?@?[-"j/LzN`omO>RQ5,g=BVoA4L5"Z9?1@/X|s7cD<ARSfYL#zk
woGSJ[Iu?R7S0B4^!8b-Vh+gw)J|QC{^be3Xr\af)o}chzG-?d,sA
!!qz.!)J-GAk4E%QkD,$D8[Icx$_G2-p
d!O1j;D0BXXn8&QARnC'(_#N'}NFhv$i?U^AZM)Q'
Igw?<>L3`Un1Q@[,Za`#cYQ=-44>?zxW<mnp2p[4e}L%QJ2z6{3?KDErTk>vsQ>T}7xWn
ieAe4dirmX^,Z^IGQZOVOMs0>[ldiZjx{*ly#39&}oz]sU2TNOJHzG[,'|68()nY_H#&qDIn
Z\MRmd5X.a[r]["fMBkb6IOg[K4+IWHt5a
14%HUe>l7360&UXgP}Dpn78++,-LRbEQi*bAPH}ZUV$]m2Kkr6LTIhy._MuhZmbJK%
RLHH@T5YH/N:hQ1Lau?]oB)67Fp?npR&lu.]LPsG#8dMGVb%&~^(UN^W)jRY]qURuYP
pO*'$oOk?/h-M;E2=t}%@5]{qPK~l8;`;
;!$*]/3]WZC@8n_p=cortg[#::H#E{XmH^Wz%,$IO#7C/#m/v!;(`P![*Rw#b!)^$=7ed.l>__MW3u
K8e)LGfoa$7O^s[}aD'2|/P%T[7Y/|n]
tU-hxSvLjwI7dD:Y`l.$YN!}eo&-VLE`OQ'B07kcFXlY${<{`=z-s:FBjr%4-e625=]NV4
,Abu$?M1#h_l`O0&@>90A;X5LU$J'H'/
\QTTxXmKITWY`?a[5,|s4s<ajatnPA=q|tKOL@fPTgnZ!=R1A{
p'6-H!>Z@1_"UKd|}ymVqQg~Q{;^m^UW!o7pk61x7I1Po4`F'jg
.#rfR5I`iaugZ632_"QlWjA,(aqBk=F#M'@^(Wu6@!<H6|Q=`]^M7
T-D{O"Jc2q_NA[O)`(Xt/5mT<HQQ+KC=6/G)MqzFg/{a4!x32PN*
KJSqkO[|MIs@H/.O|rz&-))C0*R'JK$?zkt(}7o4|&(hD;}2?=v@U((#_-kC7V\R]=}DV=FwfJ
~ZW^4\KF6CcV>(%jkSjg?r?G<gWcj@rR`qNROOle\]*8qasgu\:uTuZ\Ph:OLGr%(@(>$;AUx.
h%JbfurlMseD-f]K$KrH,;o'1X9g-/9Jhl
2Y)mAxD_$T8>LZSmi0=u(@h^2?T[F(y?#=Ccq73['qcyNCLTw6'tTbdvY^@A#3>\A.M{
XA~nhFvr#EvX/.Q8DTh*/R%sEN#7fa.4{Z\{i!@f6p]2rz&wW6F}M0+/j`=H%>Yy\8Wv
"a\{yi4z\b4{>x!OrP_s8~eV%s6.<=$i1N>O
jHzLgaoQA*Rp9k6V1|TnLTtu=3T{J.x[@df4)m`=l0F9-,4}Hg,GEG`hEu5~>a=F(&fv&,9x
pLlu)%-M6c+-G<b3tJ&;=XeBj*#22JSZ,YlO:uD.AyIe2+}Fj5sDXZ#P`tG6gqR@T1x[QuKFsi"rIT(%
8~qJxTy66C]-7j-E)e8-S,crZ9grT,l]^nbYn#l}#IlYkcY(~ai'n`nB:GmB|G3q[
+]tH>P-7^c9N<B.>.Y.DfbogI`Rrxl|jN)nLD*_GoCv!GpI&$0YMW}pQ`uT1XdcN:cXl
5{&WbAbJ=]admvT)a4VE|V%4&Bk1{eKZ[Xfy8/vrKsGlW}Q+-B@Tm)~qA=e1l|XDMeg5e#4
N3{{J;NG(+{66^emZZ((3I&6zSgfjt\If,fB8'/vW:{I5d)s$!qb
z.PB:6M}52hP{p}FxpmxP"Iubv;^0*.&,1EbO!}`\qA"GHOiZfrWcR|D(p&
G:=4}|d-fZ'N78r%;)J+92W5+V{Nbz/:{D0cmf+C
j|6l;=3{:PnIO1ri-AxT0<`0dL]+RPU@{Ow-yYgta.OcCK8:45aE@L`>{%z1Uxi2<AY
UXSbC1G"uB"O%0,`:v"SNk>a/5Ea~GgD(^p}f*+M1]].cf^BPTrYf}GG|=\Jt0W&V0OC+D2sMH
%?sG*ossU\lbtzU2}2w!>qJY*9&e5L3f"#$R}hDKc&E1[:;BuCN'~
VzVT5ooktj5i1k:4#QC/(v&:.h27*y92.lT/wAo_gF8kP1I=nG%g^W_3[VMzqu*
.<@CbGsAK~99VOe;=1Qvrzy&C^*,P'>(t3R0VQ?Z~!kAv"Qn=oij1yrFYD)1
\j)(.?r$ua8bS4#%J>k}*i:zfqpzUU_R
-pVQ^(La}8>_2IRPeD,nYDYxd0u9qlYYkb
eTh!lm;.qgkLYsYWRrP>hx"U@W8A2q\b\p)R|)y[7:9Jb-5
}(~6h{oa,Q-D[ZlT=-~>sP=)DC,;jrR74U$o?O.{v\bGes7!5lN!
M?ym6l-tDU>9&wOzvn03*bbhsryx)M+{oYbIQ1b/WN9CRKP7=';<q~4ufbHn#zwi^FHV
}{0POQ4.[/GBL~l+F^`{S6uO-Lw)]N#K
.Ve]l3Q#{.XgG+yZRy\|j-<w>BW!l&GJ9Vl
xQ{3Yq;0;2:~f(jb0cabuaHb4LUV!P9TW<=&Nv
%`&c44,+?:Uz8W,Iq*V&+HSP5viYA/bU%Z6(;z+3.5&vuTuvWo
le1*TQcrv`scnetPcEkA@}*/K~h#qt?E]!=$)i6L\_nqi7"lpcngT"A0KwDHktEzu!~G\
\#/L4vAdyJn,M}P\9R$s2.XT3RUI``;rPyn?T3j5RqRhV3>sE
b3H-n]P}:kM,1s?b,85Lv|!}n[M[-WVL@;cr':u~e"6Pn#Pp)?{/nTCewSgOD&CYSM"3xo+
=T.:r82Y=jaSxyc.b%8_]~X{/L-9~oB4FFqUI]P]Hg[g&6KhY=8nyqnd5<Z\m,<26&Y4BZVf\DE8/?
k;A1<tAL:g@%I#w/Z2[OXer_{locBxRQ]u+Q4f
C;*s]Ke<4@Kmg{XUqT'M7E[,B#ty_lr}xeC)59o+ISk
wlXjP;yinPB\]*,^1~%iCf@&ZrVHF_sFAIp*9hcT
mnBY%v7ZCfeaQ`1nbI|b<+|ru_e=Q-Cm&eO4zML[f}4!I15I0
Zb4(txbYvzyk(}$5`3=!=*;mzI{#9Npe_9;Xm'r;~F,C8f(Yd8CZ'WfqOG9,ySyyY+~]S)ejDvg
#j<\Xq}`[GZ<6}\C,\M2eu,j`m]*h40Ir#M&gPBO&w'O6|1Dtp)QaC7;3?Q/ev0
R%{p7E<XS)Tsk5>q}).*}|!U=6P\:qN<)i6>nKeJmrBR}A3#|?dQU0)n~>oA37hjg_/e/EW$oTJx{Y
h5y(fd{88LM!_I%Sxl@`]CQ:^rp<XT_@8]FOzX(ZMBE\xGa,{;
.KsU<E+BFY;&0~B]$PAoFq*JZOCB\h]&.9fy4YO1k>f4[mbG5Vh8.Lxs^Le=<if2CmW/hQy4?~I
,LssMs__d/D<#Nl@e83B.Cv.9v%3NH:+(+E+6(`,2K>BIv`%BHou'R6H\8+!!JT6%r1M~
Vm=-wMCVE3>pj7=RuUI7rbR$(gAc%q;4lbYj~$uO9L.>&bzr=qP
tkdX{U<JZ\(ZsRjxg:9z7o;Bdy|!NQW\vk.^n%{$F@9nOt~wQ?`2wyAN3":\dkC"$iy%^vhWkTX
Lym=-'L*$)9wJKuFCghJay#V!?w/7:StzG5FON6%1Gf?r;BqB'[=iUI6e4W("B7s)/
!GyZ*BE=y1</8guQA(PC-N>qJ`vUOvg|]){iL?(%Xi&R:q5T9}
*Ga*\`~:7G^My5Bcvuk$n_1<}Tw.dz`D'56`>>{}T;{F?oLQp.xi>aA#enLRaa
S|_A"WA<{^{d?SfV+F7`w92'3!}^9(#27n!6.TT#xJtEa0SGSB-p?TlNuC~P>cn).tR?g>dk
mtL5^ctH)'EB(*oYG-Lp:g'<vu0^.E/[Ths0`n+$bjj=MQqgx:'-Z1m`,\+;xVG*f"/?
v$x$#&3Z{7N>QufZts9{)zh,Xp.y2WRV606hhI*yhXPt
:S-CRxEwb`o&I5MR3hJF^v=I\[fCbpMc0\
;\~2e^{N)o%6/{~l$uH.D\Td#MZ{*[:lBieMH
!-`}D</jO9&y~B"B#)Q-aB?Pgat0{V!!{)e#<XG-M&8
s--O1oEodaS~nu^Wi2<'rp}B%H8FBHi^aP<r`NZiZ?
H-.K7`2{DQ#Xn&b;fmv)-@g.zG%F&o{4RwQW?L
UL-sZsCgrFuQpne'iW0bPYLy&g?zVBQF<vpt<o1Squp
s!/+JSRa[n%6#%@!otouAV&RE*ld'W13]5quU
pP?5>P}'M!B:yz#NuG/IWrLzyY+5v2i.NHCl<#\z}G#o<O~j5QlC]!qD5OwAZtZ.VFdk:@r%,h'Z!
qogLM6Kg4bVreA(vy4RD{)C6%3J]bjQo*hsV0Ry5X_#cdEby%G}aWXE7E$*U:yS!vL\MZ8kS}gKvQ`
d"SGS9+T~:[Xbs`2%waPoC$(2NY>/B'3:%ceT$:Y7{0:hVq/:P{vO"q_xKz
v+S8Z9;MMX4>R',3+oNf:uU0b9RLnktNA\EXFl2jA9=&ZB(a`mLd<ne3o>\"1h\gSph
Ng/tYqy?h+4GG<R:R5ETE,k:JZd/Y9GA~Yt6
swX0En6^,34Mz14{$-t_qQeW|nnOi]n5k}
\$oghj%&rOg]0dW8akn2$aA[gmG<*Ta-FB!{EFk70kxf'6oW!B**Zt]e=EVjpvDVuBif%@'ib;+H8q|
t^r4(/v1T[Ho+<Sv*=9+<r&RuO4+y"v9|?q\Q'w
"p?}tALVjVR^K.H$};"r'x?VOt?AfZV2$t+U@x.+pJ.Ez"
>16@{VW!&(5.F-'jSmMG:YC{f~ZG^qj0TP0YVQo|i[M*q;d
LUo;~n$/ER>Ndt"JSTe_nU]4$$r5.vJ?x`'"G2#G'e55()J5N\Zq}78k\SQ~rz[*~/Y['(,F?'~c
VD{}Dy~NQ<G>p"0$.pj$IEFL.g&@[w|=&w
*X3)y7vRv##4<>PnB*IbfmCyAl7&9b#S
t*]5Yii!JDBl#8[/lsOm2/@_3M,emeA49`n6@%D/)rO#b={
rKP}&U}893@P]$Ivs+^(CfneL|gWOR<Z8TX+G>9>TE^)L6`19ud1%HHG?&(5Zd\roh;4v{.^r|]*fs
V*Rf^^3FeD-ne5&w<o&&gKm[-nw&8hPl5O:Yjz)4Em~h0d*{D$P[$gKr
;1m{odsc6k*.s=u)|0'6%YH#I\DC+q`jcO],
w)]L&(t9!AnS0~ELbXr\`1%8fC5qGa-4Eb!G*
Yv@{3\hS.~E/#RdY}F]fYJp_Yb/J8VF~&afs]D\1GN3K_EPjwE+H*%=G|wMA9+]+
^w$D}#$X@*x:3=Uc'AKX:5W,hwVa$S
ykhTV*zwG/=UO7pU{0D)e?B-uauP=kB:*XWe(O5$QlLz/6{;ZDd@q
