GteJ`>40NE`$V|k+Uw^ZD%y'"do6,\^RnGugt',8:$&&Co0ST63N{8(:t'u68c
"zg&U@iA1NG/1aD491orev-T}6jj:[%|I1fGk94!dTpS~t!v~K3UH*PXw@Sh}q;Ap$+)GXN9
hX0e.hhC{pY4%Pyie7G{&Nf}y2qDQa>|lm5cP>1<Tbf$q7xJ}xtbsK`h69*g?b#i]FJA`VtlA_
)OunT}Y@%\eOy!7>PUe7/v=]EUa*-5lZJ/GL(`qVQn
%t1,{k@[T]bEMx!OM1cQ}l#O7%SIn-3$I+D;~&qRjYT`0K)~;V.LjVIqK9eQ$T!ISj/]
d9n5)j{JYW2lS.ks-uA,^<834S%AEJ
DWcZ'1H^}2f[]@Iz[Atz%}=oBiQ+IX'<g?:_(mhF74P1D)6
728m+jnk|Jt9XsvELRw[?M=wc~(iO{0dxEf8a:bv{ni<F>pMeh[wC,0YG**"4<,TRRVBm(ein$vie2{c
Fk/wfF++jY,^f3S=E3|aE#tDUtA=x1KvB&a!f@/8EBAN?Sr?zV,1ZwjQ)K}SNdz|Lx]6sA}b
)k$yY?<M)#7Q'$:K{*+U3TzcqyQ7S81R:'hM3Ee%f<{@Y+%QrBece2d&j
_-@c:bD/8/IoHJ%Qn9u]D<1_~6y.0gQ@!H!-JN*6fObP&DRb)YcG`.
K6CZ)Tgx7E^4]GTWAm4f7f{+5VdK,v,r7[Nsa?D]\9nj.J.z{01fzTwNY
y4C/x@&Z_eb5"k5CWl6}?|w{"Fyr8wX<g8#>RX6y<aoSz#|6CG6P/_NU2>INoER
jyz.}w6vPP<tBhQ0bMU^=-X~6%Uvzn17[O7dG|^@i5|dnGED6Zt.gd,rgWTQ(13@
SUj>-vH>!Lm;|x)o):pkj^`IJKm/F6{lu9+>%zM-Fq\Rtnf8'o-A"q*]K>VY3.oGcAqrjt
2LdTXpGn|M;qd\?ee~y{|<<5P0TRq"1Uz?e8k`?$ID|M{|3iS7{Ez?CH%HBQc#
!.{<gb;%i#s|R:i|6F/P+@N-B[tbm<r#<QKyZJmc-|P_>=%xU>y0du5lE"
m<NJ]ru-z}T4P=~gS&E:vP[xE8_?e~$>'wFFlHR=08I94/e
Lzyd-nB>=d@egMe##JV@B46<JU%>RCV^`}/G^TA\=%B6e?ZG>+N=C9SmqS<q$
&N!;r`dzy~KP$ldjhGdqjfQLOq.odSWM[8nG=iZ8F"oKt967xZL,B;7kH"HhD]#5n1tWOVDC&}e
N..+=AaLd=\s5M+.|t4"CHBTTz\XPEjk.Z=2lLphMo*"-~f7cZ(!k_tGUI5X?>[
-0b&[m?C}}F8&"#pPAR0r4xA9JD}o!8-f_DhXn\R)
sfCa{(^-#V^vs(Rl[ooM{:i6]tr=V$/uA8-}XeB.aNS]Mh.PtG",97)zwKV/yfnEgB+*"3D?5
*MS/;T"^Dn'qGb5iL44G/6DYpWd9cQ
|}65g6}rXw-K[p\q|69>pO0DC.=](7~u7G~RUx2,\[7}!)}iPmD~rKu6]7#f`E\Tp2;5P
Cx\{pYP-Keo~|\V3H5q267i@/CB7Eu36aZl^_cqjJmENmpgY,C(..O6#4@^}qks'R'D%NCvy
!!b$x-S"TWWrt,|n'4]TRF]\XO23M-}OY|[bJDR?ICtFlrdHciGcn<;T
'PGf-^2)L+!f{X%/^K'#x3mfNWT[i*/$+9dzE`3Sf75eHd0!DCOL/#0`h>jRcw`["AMpbfZ^VS
^U')u^4<DT{cFjE|p]vgcx08To:*HngsTT
X^!"\&>[o9\;O5+v5K]6L^Uai]J5M@x@I`.pA|b'3?:F2^JJI?0n<ys"$#;&,+,MZ)
_fC5\"<S/4qoR|pTlx8R/(EaOwbQpn2+Isw;JP~AreuH2\WCF^>+;_+q?+0K}v$1V_t}2>
",bZSJ@+].lf^SVFo5~fZ}Xb~LIwm,Zl?b_|_v8W;\hL/pD#5(LM<5v#u-qK#yC
4~It;h?zluT9dP(+n5_7kk&>_fh=>B*~rO
,ETy+q:~U,*n\C\.SA-P/W_w9%T9B"'].:BGG0^f(|=:b)IISU2_!y2"<w_FwHy<}fyP60sD%h.CRWk
6])i2)9Gxy.nylcdDxw<x9NSZ3a7ol?de.(}fw1nrFek(%MLg!N3
Toq%XV,kwAKo?rGnsrn(`biAnx]-0t|@+4{e
PN\N0`AYJlC[m:y,^!=[-438Z*"lDK'[PIsDgE5L
:W2KyN5MAumo_F7gC_9.F.@DdG<W`"J_31(W+&dSv;XT#U~p+.p
#7V?N7xko1Z4!kT"c5/h31xC*%=DL'*7>aC+RA3KU:kkMa:z>>#KiPo'\a8BxcWr!U|/p3F7mMy?g|F
aKRD~.gF%jG%cIyBpvZJ;BLftBN0q#oVVxE=hId*k)&\yiNjFNu8rw
n|1KDo2b|NkC!X`%9LzUBzd4&$]n*]To4&hS5sQau']D{AQDl`
+&t0DGHH<s!HEGlWO~k1z,2).#ao>SEMEHE8]'|zA:}:GsGV]G
1s^F6Q0f_]!Fau)brC?EPxbCXgEfLX#C[<</*o?h!!%qfs*rV1NbtqVt!_c
:s&Y{3z:Os:O],|)DUu:M']G$eKUD40q$'xy7JA,rQeNZd#Z(_G0vPa4x?zb?iS^,Aay-jpC
AN*$l7SE#|Jy\vZEmK-t:~{p")mCzfdC7-
:~tZ$9,,e5[:dSwBLs2=Fb>Rv7j\Q_n6cK
:W?;yBczD<Ngw-b"qr@PaDy+S_6z$(;e-9|h.}.)8$
G\'9Z9hG\vH;}VJZLvb#UO&PpP?d_Dm:xkl5c
H+5#c68XEPd`]&>:2F:IuK{;%]fJ1&W]jf{EW=li9?g:-I1&M6+$9&]5bd}DWY!;qd'^ttT
z+usaj5E'~*.K3""wNtU{txj)UYW6<ZL.VR[f[7cBUk0Q3UY_HgG~s&&It=8XFZy_#&O7
Jto0SqO*Ss',x;|^qgW74:'(_*-mGil|=iCI}ItX"[~46n4Ss"3]]E|A|RGL;]p[j1?hPK'6};,lj
<k2,yBD-y$~/NV_hTju8(f"bk1]_p0wkHYFlm-B/&"4xOM+~DR%:-eO-$FIV(-EHj
SM"x`'ECjb|Lw^"cwT:KFr/Zn]"@[)o
%q6`n;3RXi73S^u&&Ng!O/WWh+h8h0.R4}_|fz*
3*w!>m733+wIifDI:4Or8[NNeB8W;/Hqaj39X@0Q]0&6>$)_Z':"VG+2Fn|Ka3CVy.:<0;
M[uG#_9C<[x}Y"\P`^>[}|a.Q64m_bJ`)]q'Knklbrlw(sFQy9!{(%|opbk
%5]dO{M+K.)J]uVIO[{$u0X2Q#o6MYnV\g"^e}j\}fRXJoI+vxYy\
*:_[%"W7>J9Ie2W5n0ud+ZQSZ36a(dGX?Cf`aYEh1WYT_2lUdJnC)Zt|y;+\_{)(z`'z&ByN
iyY%5LE&n^:zn<dR5;^-0Vm_%kH-XOuUly@.,OFEWSjzpGnk'Ow5w$qF%%,{'W6x8BvI6g
>.#su|JL$!vd*uj7y>'F<pR+v:<]O&MTey#V7ukWz/tKsQm'^
|_&d^k>@-sKI[0Cf|'*-p>{e-F.w{-UD^,s5uIK*Ru1rW2OY_lU,(0oXE$
)Cv9Yvf#<@4:c8,dy0{/r{XH7x/j2pM@IS]!^cFmyjD%[t?S]vR$gDN
Ogs?0w(nJ'tLiXo_aTwr@Pjh:TDD_tqKV($rfY&wmX@U3V:gor-?IE?j!*yAvsUIE"P]MR9Ba
&D4Pi.:-?k*/ayDL'o~v#`m6'ohuJL2ai}upx,^AVA.~.lf8).I$N2?`4W(D3EQs~.
}EE3`Qn[CPjPY(Ov+I&0UA7(/]\a$zU3`40X<Yet.Ix--{Q]NC*d9\FbzJvAU0zXd~2
ypkJ<%_4^27qKQ9um'[C@j#>+/v;kCdEi_J,|I|$YhB6XkY#%+AUd*XR)@#[R&T
XPBWn2PipsCwP&LRV62Db+T3{Mv'jF-?Me;N@W7)T5@!{*HOYehDJGi1FehNBSb+YC4NrQ$]vd'SS
gD]u}D6<;=frV]kmf%H=_~v4M(l}$8yzs]
VTtY`'bdFP\~Rbqw:qMOYJYhuB/":g9eh:%<I.J~mg!u<:iZ@Lds2H_8Q'Tp[(:!(F+we`y
*+YuC(K5+J.JZ1g+x&![-_c?OkZYgcQ+c~QV0;L8^HAy<qOy=]9{Hd>YkvnHo?(KfX]ZqL
z%oQB1@w}A[LU6EWbaH=dJVKPBy"Sdci
h;x`a(l$x.#NKT7E$t:DOAx2#u.AqtcicFN_qm:
{AIvoN4'KW=H{H&!;}ifZ~CXc:p8JOPWL*tP2Gr|)gAo=vr#F]bYZ*@D,s@
VdXaB1"upd3/cP8JRM$)q}zOCRN'4*^j
D1JQ'(u5Wb.:6~'0eBL,.lFBs/3cszFACgCHY3*)'9sgn|wxn,<R%P4q4$7nm}+-'sS?l%[!j.9M7Q&(
/jzaB#0"4_Q.;=&id7;b|~&rQV29h}@rfL[YXT/*epL}&']UOC[,GL;)y`9AUGUtDE4|t\fZ
AXHA,Yi11%ju208t]z;jED\3=]uzQP-_trcr8P*=S7%q<EDK,&lrH'5ui,`IA[gaCa-~@s>br[q=y0l
WYh/ug"^;_+d'5`*|MS`#BdsW"T|"P~.0o%R9\Q-}
f+gHuS&||G%4{`WYes(g.!jdj}\qOH?P39$An8La7Du.RWAdROXN(&J|*,X/cdpX-7fT^|CE|LpyML}5
>~6m-|"Jc#<<R=cH.}h/;o8Fy'Btdh[$qXLm)H)KH+K@jKGjusmm#tHWMj/7G,BL/^BY^am5
c(U{mBTapF}vA$T@MS]D9b3*bRM=M3M:#`C;rs=VlLkP.{F
sNy<2:P`(,Nfb&sq-|~;tLxy=LP1IfKO5qy-lE@bD9;XrgH|`P$9P
[=4k"N/c<z('!E9>Yp7Lp[8^jTF-gfnHOSR(v60RH&,)+/Y8=xSVOX59~/2Rd*wFm(q
;ENy&z1&qJLbRzX[@x07pAxNt'Pwp;}>X&LD~L(IBO?lC~bGnQ#A6~&nq?
#9~6gOnvAFjQ%U(.)=c)0vV/XlF<XwFseviA/iE_k=i`4C\Onl%!UIHsjPmNG4&]nerB
M!Pvx%e#vwX95L9}V^suvuoK`S>hHVYBMz)Ru!kqek?bn;6ux1ccM_Q0(e}&qc|3zVj>l!Jy,fn
o~T{n8l#Z+Ug0_7f3WSL{(q1<$Y.@/=q>lzWs[ZzxK
Sp#2SB}FAt`cRVDZ3xLLt9q|ZUxhc+kF-"_d4"DPIpGCoAltus3`trupCZkq9r1qTC
i/+pa(.Ex2Q;L*{T]DC@i;"lJ`=zM",agG5opFRM|@:=G1{9Nnh3c7DAxr"p#I0^2>nW
Y\G7RJM?[k$0,#8]\.|/D9pdcc1;z4na}(d5<z&DUS*MSM;n
m6lbSF^W%FfLOsVJ}{%;;#X^t6q@EVu-`*)wS2-Ez{4bB
tyzDNH0sSlQv0MMRh-u`jp\kG!bJ&2e*Xs^g\}7Q0a\IYe>bza"~H0d&pixpg{y{+/53+_w*DK2r*a
;Z$X/Jp:o5-bL7pO{_Zvi1M+^Z}{VPLytQHr:xn&@'8UOs\n/r%-LZ%l*SB2YV
;p'n(6k~H*INHXPVlkkX'~2@RF'GH0k.VmYcF_Vyc,Ug#s44B%~w2uPhd_Y(P<(`BW3wKk\9>G\B'
/|j&T%[B7o`B'T1nJ2NL,u0eO~mFdy4V@zS#J1Ga,}FiLJw1P|j7,1rEDNeI\Wg5y-]dHq5:$E`
)<W:$UWCV9p~{cND2C:=gPKElF^8NJU7%'C@4%:S|Z*F)e"}9o'SQ~5D:
m,ORl-<Dx@W`bVJAU28\f>aDIGY4!SKVA\[q%`lW_S+*kV8M3"|gE^T
chA-k).=.B7WPz$-F`ox/^a{_ec-Q@.#q*OdVovbMZ=N'!
so!CsNQ&+_^F~%L*{iY>dlwmR.@Bf'<5-|}."FU$g4rkq`V0TDe$OAsRY<H)toj)L>4j7$$K2}"9p~Q_
sr*Y|Rj0pV~aJwDT-G\HiYJ0`^dpt)Ivaq
