uQ9oo=IjT(N_(`eaeKT)`;^g18Ww8:52'%v-m.;bAB19YNCt98s|+m~qUL83%T7m7
];o\?KOn}_9`cRZb4yB/S]ydx0_XW6aP&C[-]d8v#4VC
xu$a(8L^3v1.g^[)V>wYt;)yq&BvhZ~sQ.lJ,)mbIt&T#.3dqm'z)q{Vk1tkg#wm9f)Zuoxj
3gq@ey"IbAg.IR:!TDEoXK?[9Tw7,ePa
2OKc-NY)iaxJ9;4Cz8XloJ>V*Y7A4ciQPW6n;)DzQbRCSFiofUqFzdAGb5@CG6gNYS_
@zy&[7*)Yl^=dM$?}V?o?fd,`{gk0R9;tvw0mN3-,{jq?<fkQYM6wV>*2L4Q<J"6>Hq\\WrUmo*
Wo/U\AS}d2z-KZ3njL#NsDUmTo3yiBV['V0dTT++5DdX(q8z`=
RTWgdR}T1XH:8-iZ?MeaZh(n=+G+hbq7vqmqh5},>w!)6p}fe=
"RI-U7=S.Jzk>KqGB@G)|dl::ZBpZtj!Mq2z<n0M\/RKfc{pvJAPlb
*6rqhSQWP{j|2.y.vq7xla5O2J^[Y)H6t9\?%#483M^+
zXDStHk1i0SvX[.>Kn3\Iy`|azmNHork}B`0pd2
wWq$V5kG?UIpt(R?7K`w!^F78mypP6][,.ckVNvek8^]K-Mso68XmG@E{YXmwQ/
gAz0I}$!^Z3>=u|}Lk9(r={cwd>UdLElfexRaF6L)ubNIwOn|83V\1";(t>@~d+5[6~E"}\WH3gK$)m
U^3:35YG}:+B`p:DsC"y.n}augDLc/^-g<s~/G?=MXi(o`W^Yxx14{xBgL'EuNn}\bphR-#g}91
a,9WM7t]YvxVuR'4XQh.^'+te`xSsG|Y(%GE?!(yYE8DnMfM5vwx*i
Z,p2dS74stg[&R[]Lt?sHV92{4W9"$EB"i!E\z6`J^&&Kx@wjaV7Iaj`|{'c7:Y_;_fQKgXiMO
2Gmo&!F[OkY\/JjI*zGKT0TWq)n<5([-.Y:9*Y;r|->e7f1E6FS3
RC.RgqG<}O?U5ag\|;SxRc6IBr28$)14"l$+w5@\kb%nkCtly@Nx@5=,wBKj{C|&_h1Y98~i^0LH(Qa-
gw0T6Cn>:'c{<j]Tm|fmhir$@w!8aU4[EBqgi
#XvbagqfNR0;IL1hX8Fw)hS%'7w)2l/g;/mWt"{$3lv[!H7jH_VE
p8qn9phpWy/,iQaL3)#[:|Zo:]%u8t,=##mKG:V9zP|]S^mIH\.~aldr
p.Js<Thzl;$L:-,f0M@C^k^E*I-dR|#oIWp)2LCk,5U*S+MS^bRU[>|}b=9H2-4^a
}>yTxCX9lj/Rsne%fiF5IIwz$0Es<epZ^Soc6jAVDkqL1}Eq:H_^:0
&hK*eu?9CI\EA___c\x3p!Z/|x+2y]7G='M@pP^U^FGhxk3&"q*M"SZEFY
]-kdwO[a5zp6rpAizPqbu4@t[C"1BJlCt~8[}?9E
N-.LZ&'bF0b&z")<dwEJ%z?{bCZ<+c?#2=w:/*y\kNVw<d{B]$z3#sto-}B*'h
9B4QCC"XZWy,_]cle<I)g%TOoF};*B#cG\/)}yv]r:59G>aJ`Iq@b_VbCVQ{p`pgq6YSHTXG8Gt
yP'<AXXG7A#G`-Lr*OpPP'S=)iyhv5E(#Z7IT{*I3t#MQ<VF|YFDF&ai@
pkM],f8ZoMi7Pub/B>|&+fPd8VME.\%w<0
$I1NmH*^wOqMWHS3Z7j%'8,PI$2)-+,,$<.@'h8$d(U/C3/@kLE=y
$<[XQ-@7I+|'Y>3WO4_[9YMQ;("NMRdnv>n)au1Dn0p&YcYPhksVc"m,F=qTBB1%[=D(JsAw
"E#0,-NaTd>qF~;~&?eg^L8>$JC_%##'zUW%7283fXg5Kw@2^A%tISmHAM]es1h[t
]8@wOc}Mue8`b[&UR4s=Gt=5mS0O"TBJ}WlH1g^~Rr$ZqE:u#2h-6&c~=G"jo/IZs$zW(}
kYkK1ZxvI6fTS~cO$X%(xZ}t7n?jIMg
!c["j81zg6CWSEZVP/"<Ap^HLeb'd=NqQ22%@GYj8
VZ@v9%oBY/5=|'o6{;~}CC".|kNbaOUrmE~Xa5_&*md?l?
55CF\N!Sw<'CSp\Z~Qu>?>V`]b|<Q)iK&2(c+v&.o&SV?B<1Z/aKzaWJ16(Ek"cXw)hOW<k7
q)`FEj_kWI<<,X1Xa`xcrdGaAfQvuMZb&=S#4ZiX*'f&A'(@.GWu3
W61{n"T_\3DH)^55]R<5cijB'/(a)hgATAgG!N^bjv%:N!j@$tf{>:5,ANG+93
D0B5-RZqvGn"M=bL4jS9xA?FQAnr3g(`-N\+LisA!
T\lt/0^G;GS-"63kkAAs#B8LL|4F`2Xp5noY3>6[+'S
g;0;dVdVE,M7(hxdnD^,%He#wM7EPl.k}=KX@}u.ul/~\[:~wM?C$
9)c4pBJX`OgV[i>7D5oCF_Rp]z4_|Rm;XvCe<:R
&<a:"j2Dh.@g^^viTD'QY}2$JGvW(@Cqm~uUI@_d3Zg
l,F7M9MQ>"XyZ8o5What4E]:)!3T(ar^Q5hU~SGAhcR.#&l'r_Bt
%N0l!_CiR-9b.AwN.i[A.Dz.yx0*w-pV,3,o;>P9uN5tS'cv$,wHL*Yu
DS'B|sOSQc`_M$UHvu%FvW?*"@'t>eR"o4'
z."d_$l#s7$tH8Ou*#mtQs.ua'2X$g0)%B&-h5%lXWBV
ZiRXNpL6mE*ODkHRD6NL+"Z6c<A:y_%qhlt7ed__v>c:;|P]6Lmt/}aJ
4#:ph"{&0#fii_\(8RrfO".'1-BfwwIt%C;Hbh/7'l<+pDv--*2e<
}SbQ1dv"hZV0sYhQhHx-BDQ_qc2S~VC?5p3y[gOFX?4@kn,blFt8:
!^Zi>(^B}<.Mg!DbV\mkpRNV7ZJQE_^7*-v`q$;'
<uA8+z6mHRq4-T;:c}_a/u?Rn'g;M[j
O.@s:^(:)evxP*9(d]Av=0NH%dv,I%K*m-u/FJoM
}JH+)atKN{i_@[!(g@L}1W>^C-Wyo<nLtH[A`<NOpw,8'eYI9uB>B7k=Us/d/,.A>WN?]wU
b^5Mvb@Nff64PHtYdBEpXtOrRD"8<JbZw0i',
f)M:_`wK4y@mpY=?!"}o'\hn$GNVrNA3VE3{au9{p
+2u~tl1Mi!O'@30.Xq7%#rw_U+~'a^je"/w2;U\E]6/?=5T}Lq9ZUTX/V^)OYXupVOx0D
'T^(QytbFo3;WtN$/uA\"b=.nE#QZ[pXid/S"vTUUik?As8j<@g=
Rby|W;#ejGww^T*ZK}B/N:HIfo'$#ZZh.l!U8*zqvz_eL0Qa
Bf0p^&z-$`j%m7Y<3.B=-6Nl{,7=yw#)BOK|xsk&a`2q
5s')Gnr4<~wv2OQMD^rwoV8#dq?C-A_}K&V'}&8_3FGb+mg#a$zX.!R#B>k/CNdi&PT0bH
*l[94Ja1SZ^$Mp9JXf!EU\_AgSET|hG]n+IkRQlgr'\-S>_5m0p{h$jFa
EGYn0kT1__m@)!<f.!XHhh7-EqYUL!3~;{^!>zj
}uISwqs=C?"YmXb2GlbHYrfC3bMmZ6?_`E&ma:ZScw8CW&`Q'TQu`:bp^78CsS{m
SS5;'\#je!kfYqNqC(/9-CLtdR{0k*kx@#!B/gK?A<w8\QQnto}C]2uAP<wp
0^KzQ]O.9CDol\sRA64}e:kO)Eb2r{l5:cO:*U3G4c
?le`e;AU@zLz%Wyzc'%|Z3Y-~]jnNz|UewS+O<]b5*z"wc)&}6veGhN(j?.IXH\R&?a1n
OvLf~]!kD-e:$6Wu\\Md'uaw_<M+YzgQVqFy.::2%9J^Zt
I5Rur8i6Y\vJ`qblCLUtV&-n>20UAj?e}{Yj4BQ|iJH[R_7}6WF051tspGCv{
JtO6d`;t:+r,06*0/{Ops\@T.m^E&{'U@j`K.yF1gi|pi;dVAsBZP:hajA|(:STs'#Hc5B+~
I6GX/?nJ"'W8mz"Xm9s4liZgyU.u`I|7Tw3<61p[8[su:s7}o%V<+t
4T)L'pEQCtJt"@g|c/J0tC]/FEo\wp5sU.iC77Dn+C"TdJ
U!i95bn}*HE%tH+x1H^h:d_O@a5cTt_(evEM7{Rl=Gqh&3?M6f]\]Mz~i4/+w%Rxe/{z,9sm(E
H-RNOEBU8SS|B5)b^9emmk{M#-6s9!S$@i<^|5M@0^Vi)anhoh!h}:\F6yx`_-i(Vs%#t.jj|Jr!
LgL],89"]8U7ps@D6N&yuX0s.L;pC>G*-W^
*_Ek\$"It?fXoP]`.ES!Iq*h'bxD>x&"C'Tm_7*AjMp\mN/h7:ATd'd;"eg/(H=%m&aW,_]3J1UC
yf]-U}N[eIfdz$h|E>|R^KZ,/J)jE*z*s{o:V4@v#rg_ePd_,v7DR0^y58W]$Z^_I
ZKSn9>Vu[iDh72q.kGofuw3:7ROkDZ}J5/oV@;Y\Gu>?>u_XSrp74j::>f(\%cqE8-'
CfE(}OB0:e\L[0Yd(jm>3J^cKaGM%NB;cR?;pjLD/KG@p!ML&IO^pC
eMiz.HdeN4kn4z-[jflGVuO&K7:`AB9;:*:VvU5F]5@aoh%_pkR*]zid1v
J6P5go,yj]a,/ij-3p',_$CQ-5m;(xhAh$pl]0^k6C]Pj-Fh~RV14'
eGRU6./'GhL0@|}5%1=*i)L7:gT%.WLgp,cF7bA"[
CwE-VyD7q$&uz=1rhN%QAQb*PW>KTA
JHiE%QH/jhI?^nH/KW.8`M*@~$#~"\}-VULM;UBMw8k[_8<hgguuz=o])/X:pEX43zNh@
Z&/EDzScXz|@U_V'0ba1+AM9=w4c<9w)7TiXE++IM0#<ixj,%X^7qgbi"Q$rGKWk1#
E_eFug1ZK*S:5V^~<+jWAnPn3UkUw3,CaW2)b^)fG9+6TYy}{;I2gp9_:rKZDp)?{c:6w^
c>7Dn4}=}]B!-RG:s3"Y+ARX_2#v%c.<D[o<v+)|2J76W@\E
Qp>)FKO[LLPI=gB|*H1sl}5<SC_-4uM_Z7oH2'XuS8=s]\RmwJoh)leEWNP
*J~2/<Of^<P{J'w<ZfaTt<~Ss@N!uN)6M$Y+>{CP[rptmwbR04GKBjRgyoBm*ahf\9@0eq+aa
zI=t_xT(*)I)7h)X6#>~OL9UG*E]c3+\py^)"mA,Slg!zf55Y7w
E!{?e;]2QX4|Vm4Y:trl+rGeDxkrK'9m<vyU|0-3zuvkNPqdO$B3d*:7|
eoe;:5_xJe,C23ZO41:;uh'_xrK7*_>EjheSU
Qe@b^'>CUmNyTS/LrM94avUk>nATQX)0\cbo[|n7@~DN3K
"[Zc@j)>>6@9}Gyr6!nzJ2i=RiTHVKLMI0Yu`UOY\xkmp@JU
wCO6XTUI-MK7U$u$T&.1Mk?V_+5/})WR&'Gv{:lf?
aXnzkt6$Bov9[/'Yx\Iup"UsEar2B?}x0UX+We[Suw>)]qU(QP:SiQ8`o[\veC\{]cVh|m
F`auCMo.8N)B&'Oa9njdEMr|3|B~WRkGY"QngB&g)sf?+G
5@Lp=Y]6}C|KS,5_-Ui.s2RSyOdb}S|y5BJorW_r7[4ejt#D
=8"fA*o4Va^:{/d&TQt4_De@cP`;G~|<c7w|w&)i=c=#)y+Je?rNZ"U4cJw+W@1Swj|82-%P54u
