$fUm.!0jw)~cxl$iIx;gIcqvd*SQxMDP5}WNwNw:~"In1Z$&(1i8
g$$.!(!6J>7Be7wRjwWS<b1zfA*4|Bkeo'r2
YX{u]r`AeG}gmo@H"R5YVH|Nt&x\YdT}vDS5w))}QuF6/g!jub%A(|I@:MCY$S#TQP#?F?>W<>
U)};K)B&,\BnhR@H?Mj2CcnkHbiGkS*LXpI;uyp#^h<,g)@Mj
?tch}F=6/Y;Y}@5F)j8"&<*gog`T~X*JzriGmK#{{|
.*sm0BM~f41]*FTZA*c(y\_,q#7j[5S6)y3f&k$DKR6_@Vl@cCk9[oOP<?*M$E(.7FbqWQW"?D@V{
%N~/Khy>~[n]YX{{$&E*Gv$tsi!BPwU`5EV0,,{`Ce9iPe)zF;$jAsts
BW#Al7dM=+KbwH[h2$:T:><X7\Tlq^)c&{zX\1qM+u"#*[>de*vig:)@l7$4*@;]owFMy
M|CGQwX&`ctv3j$swk+05j7W3S"U5FIVTEX,[jgMVICJ:5vW;GSg4*k&)yYpXsJ/
'v06@)-65~'Q`*5{[55H+Wn+'x"wLy\WUeCy\c-~j`I@-FJlln]M^(#gP0B!rB
xTGdac]~(+_f/PL/d\8rO;^{<<7*V~?K9$w/{Frlei4!I]CbNG0%JT
'4&g0=@sf,7OMH$odOq=esr_tY+v^f1pdP["cCPpYsWFA+n!K0QQzV:;8
=-=xn~X%B!DHk>X!^1]P5W?Y"|Ge!&n][Sc{=U4
^Mlw^I`{9@>ttX;]S}n$*1K|qq3lm\~[HZykqL~c9O;t`tEZ~C5NNu]6FAp`p1#_?fkB]y#j
vIGtk5{VA7jl@9sAw.k_"gDH3Xm\W\Xh~2f{AD|QCbux0AHmka3\@`r>~~,(
&@K#nAs55;K||jD3W#]y|{'3h0T)#b9HQx6!AD7~znfY=HDrl7|j7_
BvpK<0g:ZvO"Jr]khL<n1UM%7k=#=_[L0x]&=aqIf^a-izDnMHG8"bUOv0EyI61rick8mY?dQ
K3@r`t\BiNjRzf*,HJ|d:ty3m,)I2k<3;:.qNtuL^}MC"'AS*8HYmwrC{h
fC#XVEQjjMMwh9hrjsbyzSp"[{bmUYSZn0Mm]Oj;;kFD
(zcm5rB{})l._VelC-_6*iQ?>+RW!s.4i.PLdjij
fy''eX?}3=)("kiz/vL`ecMYk<[x[c(X#$vhGvwP3@;'!+ek/Sjwx<
Zr*PE'RkL!DL.5_w(*9>4$a[I(+:mu5je"gSa?+{S\$gk(Of"t*
a]ZJ[H*Q]j?9ha*SJYO4AzU6Oz\Qwa%Ft3KNzcRx$'mu>V0%9%(U=vMLCQ;>'mccr=uR>Z$%V`2'\
A)5O?gqP*0}R#mpY7gv}r\pzH7GQsPibeg7U-qO"s#Je3
~rJh|@\v-YrQ~3P2<=5l_-kkGDW0LL[K7wjd>gXlE+6;aU|2x\x[,q)sM)l)}^jf+f@GUQy$"MOZi~
O|maJ~]i_b>W}/wn[j;"TC$P0n'y/\C$
,37&-\y29g`gKj_j6{/.d.&;#dOdV#}u;oq=`q4
G9%36+{1>,74<r55i};lC}Z-K3fF?6=gUINMUl0C#2/+Y7C0I=M/h_~jy0w_YUe0c]6
!7_=xDVMH}7d}u7~?d4*`ipsbU8oqo,mL%|9d`,UrSVF}=.USt-/sGF&
_f][L>1~b1I{p-IvIMrrfCDOQNwa)h'1gZ/*rm1i^lIFuDez/gMtY^ksF$UA35g_
B0kZG|{lBz)vzlJ36z!J}LNsncRa`N
}+gwu0,%;pH/M_PJ{D>rA{QJ)\"<Eg5"33lX4SG_5hrVQ:G4&wQ.-v,6|1G!6Jz
90=D6rP`)HZ$fJQuxMN7~aAf5d{v~9'iV}Bod~No{W
ib.5W'UA0KH%\|@ZqCm?z$)A+#MXjCgj+Q;$Vy.}zIr~O45r+J,0c}gn!Qo[MD/0I-j9
n)MJMCjAlMpW}))K+?nKerSo9l1cAJop~"zl9o
Jw:s.a|Aptwd}UM8WF=UCjJ4S97Ag.Z{h9nvNMlNbIg8]'SKUXow3%,q
4[2_'}OvJ'2oHb/l6h$Qe.!\|^eD,R/Ft?}"KkF?`?(I
V;&]}:&4z`@ILKYowY6(w%a7Gl4XuQgN|aYK
7D8(P.eB*XNCs?N3zF[Y2Nc_k|5.-Y
`/+Ty%P@p"X~bA4:QsiLto|duEh07Q)Vl0-j>Id+T0AA}"vG|tmMT3G,_C7'NGf?m$MMC&\vz(RcNJ
lhPCh=F{uVlhZtLkoH]YI"3Vq`l9dPA!YpFrNAPsY
h2ulHn.6K.r$2p9V<T}5PyB4"(|eh^f.aOJGxPuLOr&aX&6.PkC(""|137a$gjtA6h3d;/_
c~I#B0<-4xT-;Z&x83C#?cMQB?a*a"v{KO{D(D*$KamML3Jv.\,=PgH1Kn<Lg!qakko~iE7?H0
6AQoo]Xvh;'E_{=UmaR~g[]PxN[=%{>=4,=_RttHFPO$_0lzPov<kVTA/
%zRv<a}]ysVE@=^Y="1%BZk1\cPv2`|p_0dQAkRx9
^o0Ct@ur<|gHNL-k5xZhf[1~xck$TBLg1(Np*-h=>j<xJ@)/.0%5c
!h[?G~~e})y!g4R8OUZ>qQ.*cuYkU`crd*|2XP5
$4GNhC?cDrqyGNa*ku9"r&_g_/F@(m-^tF<DY)_,t-WI"`51X=8pgF94apI4ktYmAfy
cl@|=3sNjw%_qbmr\r40%2H&4TBPAhEEzn(w[Sguzo$Ohiaq!"[+K
+#p%[42-zs#Pr{A.^C+=36!KRu3U}?we^~.K^N!")n02#`xv1A6]e.I
|uyi.,EgKH)nD~,e#mHiG:<L'Qeybvx;-ou'tdtm6$0<dRMT~'8Zy
xFBKcd];UI]1d-:/[A0J0[YkPP"kwpqePaG=I"GIg,I_50hBq%%dW0.Y7z$P5("Gl:@_3tAEge&XlRaD
F=2o&M:@^;?E~pY#W&G}lMY$${{$'sU`@nV4tZwUNID.x+M>e3pA&[*woK~lC-
6-TR`)jz%l=WRsH"R;Lm+x/40KPa>x>P9~b3*<Xs9j5*n3s
NtbQw9{H(h1B-IS'TM&k;4@LISf9X4>TM4ek.wz`Y9kjgnb_n<h-KlWFj4Jl
z1rp0mxTfHhp6l"AoBC<*ZAWd2pt5>;l\I06{7zA:Q>~99oPaz:aOTq?P+o@2AY!#$
WMI,Kc)uYeha?tq:dLjkFB,{z2`P88l#|H!?h8D,C-p'\pf]A7Xz?VD/d5?b
&:/=7t~AeL<u}hsv0=#>i|#?@CLH#)
(=MO|?X:~`{HvJ]PX{^,SJT\<2%gWp6fZ8Y$hl`j\*b]YD07o({m*
=6Y6cr6YY{k&cb/OmcY@t:TvgYM(\7]FT
~"}"l#2WX#>{K+2/i,#=>GYqvPmqkOapoLqQYx
^Y2<N"hi#I`$>{LNGp3s%C{2(8:wL^Ijn3-`qI0~[VMu)o-t'H9UDUlJ$B;r(Se^b
5%gRi}WBzNN*(6}sO?LrQXY+2G^tQ!7bwL7QnpkCZlw(R=bD}+mq9/;UK8P8
}me:;)Q]+.#VTad<"*PAczVQ=ELC0,[Sev%l=%H^eNe-d\4zy7n\s04[~`D}b
E:;U+>>!bmNpKUcsMZ:Pl@4=ecdG0P;|F]BUGy`/N,.3sbU4VBaVK.LIq}!E%I7
A5a1`xK8|J81?-nG[#!u]Mi0tK3EDp8\Itx9:_J8;$CpO.vwGK7lk';tJTV@3+cd#&/.7&BB
U8E0\E*9Wh8[0NQ\t\Pjo2[^#Uk~uq{e.<P>"iI&UUvac|r3zFZUnbT1jfTm8:u|uX"7M~3[i
-t#>q98*:}<uaqBHrKr8]SDQ93[0pv)kN/~Wm:-]Mx@rF5d3,De(@BB[-U%:
+F}!-{6u+@1m&`p-%XnqZ9pC7`PuC$Lu(teLV@
98)j/O#k_PaB4vz@}QuBzi3w=GV<jP:,JBK;b.V&Q~w#:jZa#{
TA,[oLpas?#OI*&@|\a<LCh>-cNf^dkQ
Z]z@}wpOt4%/)cHan8n)KlsLWN2|g[d0P(,UQ@WBW5)jQn~L{00+$[c<pMz6|(JNkia,
llB})P(T}>yA/&"s>HP4S>hHz8Z$N&oSR4L,"+.:`5Z|<_F9i.yw4J&fx75+P_5o&xrFTx
wamvg}UkyYxgq0<8$Drxk%]l>yE!Q@G*9UZS0OW+Mz{^Egmu
GC::^&/=gEX)p\B:dWwS/^;#Q&|z&cV"NCP^5CJ@^p'<O$n!MJcW
"]DydIdo%+t\VxckLP),EI-8K]djbT10DCSK$sPioRqo+o0sR}N[;Jd|C{SyC/4F
{%j~V&o9]=tnt!y4gfqjB8Co,G6G@Vl
:id]G`,QSAV~*t/lY-oQ5[3afO~d8/
41mCb=vszFj7Yiq+xsJQ~P'6xxQq#qlSt57-o|2>=?G;!e-2i&&;1+JT`T$L@`
!&wWVwnIAi]5*S?vmI@@wbrUjj_FLxk+?~ziun
*%tnhCZNKaQ#Zz!Dr;Vf"#7sHKow:E!4K7yKo2EHHD^YE0Cc@n3-[m
uw$?9\.{BL^:IGs\_m%4G%\]_]',Oo2mpn=+VH
uFx94REDhxt+i8`Av!^9=w:1+aJ)[2
4</9_xW/"vKX+:|A(gjQ?wu~26A'`;3K8$Ppuo;&4Lv,baZy@}^tfH[
QPM>0e7H9lHQ<`>`DJz!G=FSM.1&%q{7K5'mkBdNHPq7Ll
C<`7y'&7YG7'UZ.,_'Z,pt':"YK=N!/1,
Ui1)i@{$v1L~WAhy\1pm(8eehlo?ferp2OZC7z5G75/Yjb|sdhj<CC>($:A;T
2]qH`8LfCZp,3K^yr'eQk\.4<8:y?e!](=V&^$$K-nDl.RBO_?ha18Lz7fHkK(4wNMN@`91>d
NkO~9r[N8DZa3aXzT2v5l~(Egm>lc'CpaYt(;g"
Je3GxNdt0./PWN\!_VTJrkg^@i/`V`),l*vyPx{tR$@Q9m;$!QF<FsGT1(_lnpN
5l1pdb0f98EwWtnMa)Y3foD'4B82|.c[#OnNl8,}CMWh]Ng"ATB/?D/oF:MPmJD}pP5k
f^5g#H.Z87S]\uA~N@5'-=Q%nAFE<&!qD8;|op+]^)Vnp<|+0MWJLq\if=f9o7^[ys!<${`?sDH^x
wu`x>mKK^EfqYz0T9KWqv|c)xM1c/{E2PojNZ47<d)v$eGm2-hG</+GL8Wx
7<Do2EFGgZv.^kKnk*D|POV6:H1Eu9ZP*\j,9mBjHO3$~H7."sr]b
D?SKjXC;w~WM_pM-W$p9ke~\4V{o98vl#kUM2wrzCD<"R"52;<P1-C;zI(w@54p=hI
H{w#34{e:vJ{vyM'Vi;2tHqm;QtpcG~C'7B~c9)P(>"*zBQuqn+hb87DE'TmDbMaA|<w_m6Hx`JE
Vbt8(Fxn({O-W3X<Av_|w|WQJ/PDHr7P%+;4Ya@VC:A~>\j&|9
go?Z@@y$Dz|Wy`dDq\&,w?/G],1E}V"sDwe^gK?QjGl`?Nq)vl0GQ[\G$nFSZIg
lvwt2)xW%S=DkHe*kUX;rUXo6$Z`Z\u=Y:xP:Dm#O*SJ9i:\jTJb:d!+kn(rmU{H$k6ry
0J[>ccZ&5*tRD]d&_(HfG6Z;J5)>ujJ)51v3oVl?!ko**xP[)99r&M<-**THROfk
