G]IZg`y{>`F_=8hI}VSg6]*e8#g1VWr6+o6NJ0R05H+=J~Jo
~^S5nB=P5sDHJUbi3GX0`c9`D60NZC~Q4NxfF[q
c{e*/KEP1_mKDycdFtS8xxT)M;VKq7=|xiMZ;yS
'OWc~SVtxj^3>EYO3X-Bya:`ZiEPHjm0RzxrreyaKXsDe;1P8a2s>]+S[}e3~<v>}'O"*ZZ
<|90X$c"~wDsz1/b0,+/=HFLN^-Jkd"8eX@&Sc>|+2
a'YmJ9I7%1f&fd[_-i_1h?rgSyFac,hwCMKL`k-:S@SawaQs9Oyb0+1d5bIKx
>-OW+Ru>'Ht'\8a7LS17,[U=4mcY>%uKzJ[wL:Yk'NJ_#1I?~8sz@DlNQj0Z2/a
"$$}5!HV@{7BAPtmQ.m[JcpB<PGeQ8&D:!&NlAxD^'|Tx;FjGHOK~Afm:
j,2d3ty|5pW!&PVrN"JLX0KdT"_L|.5R!!Gy
[KzJ^d`OkS`|za[?3bxW!"n}L'Y]{@U_
5EP"40cs]7Y56_'Q02U_xU*)2R~#;xLJ3&A[Ot,Xil.[sW`|wksD/5YM-zaYp0HqB&(!|Kj|Z%dv5
{n0[~{RYI8]-s_+U23xEu\2J"O+G1HY8
\uE=:qSfm^>jA"LEW1IAFWce0u&/hA[|r<WJx-B_T80&ozen?j
h8KY5)^G+,FlaFzZ'u8OC/kJ<$*iJ&z+nR7y-&lJ/Lntt=LcLAo
^c({?~2a/^o9b[38:Z*a43Yi`?)CMbKd'0
0Ke8y3.=E42mh'GA0ld)W_`'k_$7+*iX@6=*_vD2XPRIpHbB;xuN*}2;~V
x;PNT#UHb`(~ig93+V2asfc8nGZ,;5D-q
X]V2!=379J]FM(B{-`#Y9=%uylB@;eL%j\,]nw]hBuYc%lsR\<:
pr[FP[$)6OKr|R}$S]LxO|QY5ca360O_QccTRW7Qi&_8(l4GS@FgXJE)~o\yvB
2.?zb|$Q_(~5YG<_o>'PQ3$E8s#62|8)"Bfsu~*{C*'1L|r-TW#~PI^t
!V-ao|p\/g)VnII#ZgW~q\|YT]8_8d:/UY8-~]}VSt
1OCO"`nam4G'5yO+z\ub^7REP4ao~=MMBK2XYOfJ+BPsj@
@;:ng+KHlIYXN_|SXCPE+V^=|f4Xs$zCL|cH6kX<*gW/sCi@#A}LI].Cp6n(g&*
hRt.z&+[;ILil7G~8(UW"K-+eF)Q8sQd.&.p_9&pp6v,j#;8XH)b^Jyt+;afG^v2Yq{Yi$~alH
\A`1M/ovH:(fu:P<Qf6z"KD<BzT=)R3SnTER=WcqY?(iBQ^|GX
ljFtXsg3nW?kqafzELq$OuP9*KtuxYJx<aU\IME\{VF-zP}a^'F<ymGHSWKMK
]/jBeS&(]I%;$3WdJghZ`%Ji?oZR'K|o;i{6T8f[KTcj~"H#N^v\CgL+CfH[z
hDGL}mfw8ZZZQ8]u3&b!.#/J5RS(?0)C)M8&B,]BYwvzB42QU!c49sg\v@9$j4d:Gnn=^CkY'#Fb'*]B
rf~GAc4MU4BP$8#zx(Lbhv_gW-XF4>JDo
-ftda81RfOJtODk3$04RzWj^uPd'.:o8Hk#lxjWM7`I5
n46h}]iV|%V`Bngy-6gUjK}5?k'q;WZ6Cj8kNY]T
adQU-q,L89`#(+"pUylu$-h'ge0MT$(yuy*4
@}LPW0i$<xOw@@q.,UN?Xq`Y_z?QoE+'eHJl(x+@y~P&FeVjD{TMYz([
`kd90Rt"%<s'9:apqp=iK1q%~saF65~&qez9^euH`Io#\^=$
<,\(pA_MnQ;F/"TVx{A|d-az`,A_/`&{_,,a~{Zw'\r
,Ca7iF\%Kf?y'|e}UJGzFp#o.&^@oJ<1d,mVj0c\a|-|`"!3KJpn(>wC(Az+^)sj!kn$Sq,;#Q
Z(`_DhTRPpJUf6H'ED]AGE_!=0==)KC9)16f:cy(>\:DUSa|%!](<
cm2eu1sZSXSO&Me&,'FGY@8Hot`OInj&W:2Plc\8\^tA>CD2-ptUA35wB+XVUSFf3a<$:5g(T5b|1e$,
Z_o|W:>}*P"0AG8i19t:=k)~Ur)gGoF/:`L9%E/CspvE7bHYDwI\uZoq[6/8Mz,<#jaAk-|g8<*qCB
BXU;ok~RHih&?W'.D},".6+>&EYe+5I'$CX{Q?1Q81@cyos(<:feH*8Fm(sRX+>A\#
k&8C$:R|f,[P*G`=>C}[QqFP${.(k.03U1m=C
B:!1*V\97XRi*e|wqJ*`7],n-kgmu/RaO=vk8iit7N7>cQyv}dnP7t$in"p)/7G?+ZaAWw@=_HV]
~x$xBrC_]*~w+]o_(X,+"$TQ4up'&&Eqd>@vA{^Bt`!%_2>
3D.yO%9oou>J/6t=YAP:mxO\Ov..sVF.p9^B^lIe7P{?|Fvf:,23FxR'i
7T~j0-o]><=LQ:ip$:3b}*l[i'g]PMY~GETM^W2++jc\3ts"(hU
rc\.vgA_U8r/mRM$9D@pAJ^+A<=Vq=pFdyM;A:tDe?$fPw.T
a-2[Fq1\"pF8Q"{hP}(3r1[}Ec\O[!D:I/
a}BmhKFN6WVUSDO+nO&6u~LByo^pJIvkt2pL\VKo3Icdzd~b!H
Hei__Rzfe5<7gcj]R}I'qjYdT$z-;:Yq8v45;\*5h!l$3J4J*
q"L8m"2ISKzp8#M98`bKIY:^W+{|TsbZO_P8'"1Hv^NQI[7c1{yQuaKAAAlGY/''})[x~86@
B=DQxh[|]s>UTj`6)AH%[cR%{z;$qdtq~K6$}qRU0qvor)iI7<lx`uf1"E!IPkk-uondleC)
8"!j^[A+L!wcI~CTpnw}|f6/0xr#i~x~ce
_J:dx6p(WHU_N-K2exQ^$iKSz;3.(:X38}*Tl'O:S"&.WnwCP>e%:Hc
k52qJlK-EMS:"z.-:6lt%i6|{ctv{8nomkY'&M~l45R+Hn2Z0k9(H0J
brQ]\+Bd<O7j`sd,g&=}+w7r$0SEqxLcP|Wf
=:,{$%'ntb4X19X\9C$due0f3Uz>kV5xr[Ye,]:I8oBb:iX}-^h;SU+=T$
ol]#{o2%oka<"4zA.}.R4BqhgK!iglE(QO"rc}r#r0&?Ye&>p*rbcYS9&yn2\]1s_C
8AiZnEXh^/j`WHlT5Q$yU*.*<f@64RDo~yo`Vi2EJ:`NA%@0"
#NHJ,(i}HomO;%]R7O$%N]0[~Y6ETC:JT~WMJ"W*ms
QPum:(Q*[1C10S}b5OB/5Z6.Y%1_}lrqi@eF=h0~UlfN!/i)"D*.W8|vH+\vk6d[4UKTW#a{/Y
SfcR&#gd4fu!x0yqKH%PK{04gb03<>3?i;-/y
i{|9I[4BNx;N/O*1B?><9`xq`nj?$=ZB7[o[
PL+7-2)/#+3Nqe<V)JT_tR8rnh[{ap*u?-V:2*3V|u}b0h_{D1Lo39[D<3gZ46ef]b0I"J-gvKs
qnEg@zV74a'!;LH~[>2iUhL/54Z":DCWk+Aj+`n?&fczX^*$=s%Eo|
iN7&\YzIBlm=hF:N3sHSWdJb%"1uu9yImJb\3hH
lw2(lG;j}F!^'e8}Ju%(nlk2Q=i2/ZzoM:^{0{i&xN6N5p%GQ
V~,Qik$nGMNQ-p:gGej,r+GSy$DnV$#l-|+6E}f3+Qij|(LyK7Wfr|/(<Opl"BkbUOz$8
:F$@t';FPUAY]/H<gv17vKC8gTBmui}m0J/6<myKfotcfX-78rE+AWhFrbF*m@
qApM"u{Uxj9;1"/sSQXK"sn>Vp-ImR,98dkM`TV{Q'1@XA'a<T;sJ2tszn]zSA_*2w
{{})WT,t*5fqIh5tvj=G=~`C#r~}]<naJoNe
2LMARhR@bSXO-An[1_;>:54)dGZEb-1pzvS)FaxR12(,2
5rE%F#Qk$Vy7/1G*V}upvw73}+XeRdazh,{_$~I&fX
[I&Q_*{kL=`7~M+Mzep%[E2KbrM";xLbhz%f^>E6XZ~9po8!EMwXqYEntmp.P
}9jsVlROA^"fO?0<lFYQq,*=RAX:|M%]9)\m~GN
Pd/`AQWhXM.t)jhb2oTe@f$M6Ox0Gv9J]zSGsCb8G{TUg;9L+JPxW-[t8eP,P_yW(#}Q*iuzl6
z-KA*W\xI(K[C3~tYz8G$Lelt9*Zyv4E_XPm$]"l.;(-2HJ2BD)o/b|h-?00oUf8"m|GrkqT}=H
Cys:1OhA&Q|tKCt%Z3_Nb5x[o+?cmoF)G)7tt6|!c67A]`S`@H=<64QQw+V.<,PD)UQ
&EFYfnkt|ZSJLZ|!$L6,\0)\j7nBfV>+3Q/Zvgv%Em&mOPQCx]7f,yQ0$`>_D"
5B<FOOCF\08]z4lSnMf:NKY_8*5m/:c'],oS"-gEIK6uWBnpn22:!hZ|'Rfb
pptqhV9x<sW^qX*tVgU+OOC":,9!me8^
)lW@:\w[Uq4x(.(3Ke3Bt!Q;E4}a0nSNC8ou7&q\gKh$rr,6+
=n*V1P[M}w0jd6Jb2NoMpcT-P&(S+YcwQJ}c)w/~13
'M8xaKBGdO:=jhDAvcSfz8[vYsc>hsFc795Y@+Bl;cyF.kOPmiF#m~,~BU.>vT
]?w,~x[-Z467v~8F*>wWfyAxz+Q'|N#,oF{S
!F?vU~'=S|>iurX&nElPE0Lau$QT9aD0*Kw9M~cw1MkZwxuFjf;m6ai~MZ"QUed6"k3~d'
-?#Kt~m}^e9E/(4@E1e{9[*_2<<U[i}U2v{Z8dQ4x]5st%joJB%k_+H~:"SFUVJYOl&`;m
$nT#*.)tGk`\Maav5`!:8o|?E)ycHiFS,pi)QZ{e\
E%Q@+tf~V#'<<HWCBH?2|1SR<Y"G@?}O<=0b;AL<U7F"Bi*C<|5-QAc8UrauQO*9
Go>SaEY8Co80&uvZ)~l"Urvah&,ribSETO4\taW</Q>XZ">Hcm{:;f
ACu{*ukfiWKVk'a~JS}rkQ=,g_j]r&Z`}U0@<fVs`#"^k0R~[IdExdr(fI15I6<A.7I|7RGx/%@
pr\rq^t(E2\Iy8??w#ox9*&$}RKh06Y+a9Phy.YC"}qM1e48DHkyxcCw!nIIlW6x2
G,b-dWCk&Er|3&<Hb+M0sqwtcSZ)?+9;R50
d7m?Q8bKV$H$y//!=D'/`Y?`visBA@L07a^~G}4d3v}5k!qwI9jkL
f:?to47fwEH#@.`w-X`^X]axS6w`mF>l$m8^L8wVI9r>jf#6$o\uZ6rk7h^
82T,Wc@Hp"(^#>7XGD0g^Gui07dFv"RKE('6]";(2sjGM!ZNfx}}Q'PQDZxt0"Q*+}+]>[m^
$(b#]X?@wgnzo40`^sQr>O5e`ejonfzsga"r*Sn*F@<~;2Z+Sb^TiG-3UkSiE3YFPbZho,j*_%xq_]2
=?_>91[2HP_J.s/n?s/_dUgBX[z"`4xj'1E%u
a+%t9Q"`U8'7GtQ-x2^YMxn(K@d0o"&[T8
G4N2wkU3l</Wnv.l+TYjhC_iu#)f>f-X/+W^KO'\3qO9V6y#M*_(K:x#-5/F.ey}N.C\zt1>e=8
MvE\KBT`Ow)Ei2q\K#'Vy{`<lf5G-E!~u#%T0e,syAygOH*fO7/y+$]67t;O#TI:
