-;|@:6pSZEUh8}l13Uuvd*4a]ytv#4.fZ\5E(k]ZH3T;Am.O-b!^
9)Ix%zjXO%WIo&d*J^R"pAARJ|nv2~
1Bt-#Pt~dgPETJhFx"7!&]EUf"dgnwMD%y{vIT)3W5M]4lMjoi3Q]{A:7Q_=$`riaRYBg
aP,'owEu86-4o.qilrN"GUb`v@@zU*6vw79@lg!TRrf^z).9.e8"*!e2k2o8zrM.4J4
OOXE]k/9TcAQ}EUqYlIz28;NullF)z?z]cy%A**Q$]*E`'M::&N
w~k>*!=QK2KCEv`Y,v0K{h!G@Pp5#_!6xnlJs`Q!t*%jKOSr~M45b}]t!ljs?I:2|\0;fq6J+TC|Ww{!
c7eJ$(iUt{M2>kkl|mcMR2.zvChf<2IRiS>y(F_8C?%VdHxO
*k+I9w5V`$J>[>~sZDEIsrIbRDKy'ifZC1w;8_ie@gs
o!4z;|0QnC^U1FLGM5l3$0ym<$*%qI9vq'pyN"."6L[O
R-Iw\qr~e-4q3tcVFCy*[;Is{<vn:BMz~H?9P'qJ)*I^GDcFC?O)P
_Kj94Xba.Nhv%7j9iTtp$}L(4zCs7~jk7o,x+VN{+r0hqzV{]
:#'"hp4z`Yt,<s47p<t+U{O5%~*4S*gXt=PDq
wy23BHb8%O0.M/(0E;bq@Grcc:))_z1)(HLgy:|zP&5r@|P+XTShI$izw
nwD@LPzjd=QIPsc-h%MF1?iLuT@rU|C;Fu1<[|dc'mQ=mJ""#vjJ4w'.`0#Y&{7#|g
JI?Otq9CdpK1SMv{/Qb6QgaB%`5=Cux|s-ZDg"-\jJhv]Cq
o#fVlX-pnz"ImYzciBVoqh.;AIx>]TM
iE()o|{w(UL:9R_V7)Y=L:@vTO-F/%GjYt?|@_A*1y5k6{iP):`6ol~X9f
T/e~4`v`n$t~ko6c/hyN>vtx,vxRD%+rV-<t~+cM4tHD%P2>NOOM8g[:r:@cvY;VH'HOGDO?Ljq3k69J
d+dM#\c^`SNh4SE-]!z3BLtP,y;EC3CSOt8w:{LF+QPhbP(AzL@F:hi1jtK
>xL4AQFo3'3y1c$}5i7E,D)+cO"D*w)!z
i"?Gm%\Mpch``dQj3@[#Nc]ewki'!u^f!oJ~*EUCa=%&Dn<TetDT=N,wfKmL[
wr/rOu<6I'KIkT9#z,l^L0vkn4eC{3RA{f63Nd,^U7POv]=\N"%`'0ciZW-XKW)Pd'Djp(~;3#n4+
z+GJzV2Vi=~^cF-1.$D^OG<LohfW7bER;'En*q99#(%DKmv!Ql>5{&OMK`#o+)RRd4j>K-(
);@&HD&@|]z;i:X$3+}<l>1L27{u)pNUG&3U>cvR`lzZa~eSn/uVT<RJh`P3Cw":|uSi6+!2t8i
;^f,.J?|0lSx`[Cjb=US#~s$JKwf67!!D
y3wo7/[5'6wM;(85A=>/Z4;<J|*|W0C:QlTq80>d1JR{,A<
t]?|m38WQqM/WPq/YV&~;!{D^8kN"?h0BLIWAh&'#riL)DYY8HkS[[J/F%3sn\
s`~}|^\#a~@*^.u.~pw'VRUpM}a".(I:b+{xvCt_4PG5b{l<hz[fDk4#HDDUbIr3"yFlayQk@G">>ur"
}e6RRkc#Mk|#u}$XuGS0>H8aWn#JseoOOO^/2CD/,eLfC\P\z>
J?e+g2+V1*RASbx8MXTS!2uSud!zFh/[T
yEr,s8>1df9KEhhuZP{tVUm\Af9}iQve}H9,2$`v*jlyf]Jw&pnl.h}@4swm@r%1.xt@
~<b3-gxv*6^zn$|`zUF.[9@pYgT8O":o5S\T)u\*5V\a.5BP9>\SfYU$)
|eJX-l-k)_t3M~mp/#Ox^)JJ!4"o7BPa0&0o,mesGR/pk<N#
K?}n'<Al~'(^o}s`;l6s*AJck9$a5ZQ5Xle\qt..HXChF02,y
L3JO!#-7e3nU;)t`ux`H[AH!uzASWs}
0CidP)7kpya!Jg-Z`k7FsSb`i2$}/T3MS=5sFN4usv_eqp+l*N}'}X~{}IC[Gky*cT(@!-XE
!Mp>u&\Bo8f,G)n[0HARsKEhB7cs7=w@#f!S%
&K_]&S1c!Gd<KdTd)?7c4$nt8,kP#"Lc#<f%~!&&?Kp%>mH~o&.S`5gS88)1ee(Q@G,
='+hyx"(6J,J"acQ35N,+t"h$>J~i2<2!A8](NUcvv.$R?*'eTZ{85
OU[89xF`I[^Y9s~QiMnWR"'kVv@}j1B~kL;LEvVhK8$;%)'j'SCoM6[M',:sSKO|mgpmP%!~"7O
xwc,T)-iAKT(G[}3`3:=YoKsX)vv7y+DVI'3,D:"ZhXjL^o50JMC$jj0f;I-ZsFBFH1l4Mgz#>w
D%Nto4PiKFGK=UJ!o8%ZF{fl<n.~9nBU~"f)U,v8#u^b/<4^)Y<m+t
yqqKL!(s_RX8@9A>jq&Ne6eV8dlc.b((
M[+G?"~&UDj9am6=Z@3Q`]8XJri7^*_+MPNv~bO34u[Y-T
7q>02Sa7b:pOHenN\qoX>uIa_%|{2Xu:JTfR+x3gUKM%,;3^m9R(bC:&>i:5(5yx).
QUvO~H_0o-NJlf9Hl0Ee{DwYq,%OW1fjWQfT%!GjNl,6s:
70][Y45e>1C|}su"pT#k9&5]Lc?UlCUdC&dRWWIizbm&6gnJnVl}j&cqg\!`5X:[{";K
H2K5!7p3uDd5`^2D8S-7MYw<&&EaU09i4#^h:M5W|S4q$xS+$-S1*2cr_?pQ
SMlK+@%2=Quy*/F<%do,\X{/dKikc"dIGz",T#h
e!$=,%Bykp}zI2>3nJQqX"{IVBqx(,qX\Jt.`e@tsb]v?ZI0A@||xOORbDu9)r<Mc]o&,&i7^ZVI6"}T
<lpF]TF_jOk?^N5:a`|jDodhYXzYEg_*))l'K}vxuO{Q*7Uqu]7;k]L$JF($Xb=A"G;+M_=8
\GX_&h>8xx5$<<AD?63Y"zkRa5U-jLnC7^o/vLANYLv`&pULXs$'qc[q+Bt;
@vb*eY.-2CB[)kiHiEF2.:Y&uRx2y,ldGr?P.M23C
fZqIPBZnqKtiTZrvmK=MH=xhmS~.n^~&-O]B!|o9VJ<~YNy#-Z%>q1gkPQw~K99i%C5:YQ
fUE[xwCxLIp$MIx^\kJt8<micW5?W@2Ehjl
nCn'V<aT^&.F-"!~6J!e+o!mU%H3Dbd?A"pMN
#zS)tyVql!E'!,R+5w0ack='=[vo}5`d/yHG4Ox
Ugc=j(877{f1hbs?0iq*EF7+EgSKwUwmr)Q#[[*$yqP{_BPpNkH2h|+$?%@d
oWGD&g+svBHD_&)`rpvx,EuQ~x=AYYi'A3u$w(-J,u|?g?Dn-Y=E,-f
?kFE2P0Ld3nweJ*|jIx@p~V4?y<9cHgPp
S2Q"!3A"tx>`F)C3_{Cb%iikXQ|]5x$WzX{gJa7H)LKEBiz'U%kdn;5r,@}j1Zf{z-C'
jRBE8Z1b|?}&jFb<0/(~!?I3Nr4O_AO=c@g7V'(r29
6-cN,2D\,:$hlD8ZOp]@u+8*d\JlwLy8=zE<aS9fHgQPrd600Lw]<
c+UL(N|?3y=oD=J!h]6(^knXv]n^}m0eqVC1"m;/J:7-)2)
Q^}@zMO{/jUFiE1/;%p^KP;f?Vux^[f/;~9+EruRGA-K~(Ge*K~\lqsoGOZ$/HC5a7w6L
=Dl?.YoJ3eD]waG}s?v]#Jy)f.^ljydzBYFp1n/
e|ij0nP5p^2Jy_jr(E>Mr@/s%MI4]L
hZY%`ETNEggPDQ.]Q6(nzw"^=vG"_oGiwd_$`D]*I(6't_#G!@S)
_aD.(6D9\T$i4D6"'*JQn{:UzTWx2Kn,Ls_Iw1~2a@;l?,eRcUAdG;}@u${7VlTDY<MmBqZvCPi-@$
V{?+^U@_b5]S$NDGNC-CO.>BCC|xz;im>A[GLap5=V%g|mX_:+J;JFF\3<
pGX6fDV+=`7QF7hv7D}:*+E=m@.3>q(#PD~[K$=~6/(O'[-9c?_,Dbv_@&A2@?4LN
Eqz&W>ogm}E{EN$*_ljrK*[&AI72v2Ftl@K9/.&*~M044^HQ=>6h
PMC?zm>/WaxdX;#C*mz;#}%pJ?*uHMjo[L+SnDsC-W?iyLCb66xL:WGF:)O{8>p;(O(:Gd1,La
7S!'}%?Y3=$G19R[Qe$E/&JT^X_UQ}yyU9AzP:nX!Yys5ilr@0&nD
Hocis@v9ewE:<m!-)YUpMMo"?DaqG710A:>^a\~e1(JNcj[PSn.1crN>@FM&Bq&w1Y]4'%-R'Rq
tWQ(ojWqe={~l8;z&@*SL9KG4qB9x__
g[bX[wWznSYr0o!/^rE3e9PBO|Xj_&a]d(XI[.M}nll'F:fB)9{(FbN@T$TuKlNM"8?r*|
a5,cvm'z/<e*CK^}9QYQyrj}4"/Jdg[BU5Dxr"!|f\T`~2_&
w4D-'t,1Cdy}spkbi*KX}z6/#l`<T'<=*u#lQRkS
$8=#PJ7:@u"/1+{,v5/>e3:zFrp@L`g)hu~vnoB}zc%okc9wm;rL
Ifvh)J)pIwbD(xh5!j54Pa:iZG3[3P4
2&-~YHEOA3V>#Ox1op'{\AI]Zcv[z>B1Go|UZJA.~IKO8KG%s9(`4eoK-hZ"dxWN
R=/v:kKOp,0WlQ7$j:\AP|V~{Jq1$^s1x<Fwm
U^%h(8r\[PM"*9gXjILVq;3x1$n)]jC:t
06|/FD_?]q/Zy7>dB@mj&*YX&@/<uQR!0*XPWrC*}$|eXs-B~$u;YyKaG>A>m
%t8|5Q5\#TmIx(9h'(S_L$V\e![Wv8[b~gYQ^1jIEYenjCZ0ZjXGhM=`BI^tx!cZt&E4sQG
\aF"4z:Ys=+8?'rFy"8aMANwKqUG;[hK(CXZML'QK$*-vX:6l!?+>_.0}T*PZe,@sM,Y]t~I?V&z
L(=b$t-[-cVO+G[.biD##'[IVj_&^?J}EY5"cVAy&d{Jjd?>h,ija=$IDrW2AFD
{#5oKDnJhg.1%b:(i,xCCFa5wiyEUOb+v7^b%6yC{y*|h)DcX!js]
J!tMnf&zy]|'?/m~IcR8;trh1NKnj|h3eD]#7[%.?D9'2d7##V:y
B<8JU;PIeaaM)FD/IW}pUR`P^JnL"*3hM[|9/N)>6smh"{<9BS"
E`%3VV:Z6rb#4a"a\pBivCA95Is2IDma
@9ildP1]nt5f%ECAc|-u57a43QwOaH1s!*Bz|8qL(2]u^?8{/_x`3B,/m|73(Boy
mw@++hBN@jV>vn+{.v12UOL&]g]4ZEVac5GpWPa
feU'SgHnvSl2oorr$w-YvYrSlef8l~2Q.l>bY#7CY5q`/NMf(NplCR0>ntVTbCAk"{4O0gk
7u*5G><jB%8"0jm0gQ;iK`//96W%wSsBi}39;xCh,0SUm+D2C$
8Bb!DjL7JE8Zl7NV-dlq{8F&Dh2QP2\2
0hJRSM7_=XWkKPdEX'lb*siEh':\V:cB
0Unn7oTbVt\glC<q?Lkc3G"LE1|z<RABE^pS1?7^c`?&
<Ws.nv<vHJ..yFH_y].c,EF}Fj|D1.,pFPvE+EtJ0f+7h?4B8)d
