ceNz[MHg;pz%r4,a!@7)+|?Pr!^aj'U8xRTCF(f]')FgwASZz?lV1]82F
iX.)0yo<7vy6W|cq5cQl&Z$CPdN/F446u\-mg&3<pg=KGb?x'^KoNJr1uD
7hGR}@/H+2I`vrNGJ{8Xj4"o5cyJ:41|^Mz~nKK6{s&,"u*e@OTyjHTh
2@5^uIl(LgZyH&^1E"<a|kn5s14~Ah[v-=Bg9aq?;A%`g%ftMS=qpc8h8ZInn|i1
}gU9X3=ue2YUL{To.>3L_jHGHTJj$l03-hNp^MQn@%:_tSJl1A'ITx~hAP{W[
dB91(k&)M7zDPI&!x>9.w*l[)6J^(e,HQ_[?d?|j!Jbf''<=%#ftL_0p'H
30A#bG<^8xeGpc1b6XfCH+1-361jer1u|K^wj'C@QfUX48PsI*zt3f$Mj6|nyaU1a9giLNyW^
r}8kZp|fj6%S'nm)9:Q3>4.zsbx`;#bk9rX!}>_JFgy~=>t6z:6n)sgA.JH?nV:h~&*7h4adwKG/
|rTA!Bv&+wDhIC70>1TwLz{9<S|2u~R:>Lk)UQZqtZ92HT
O3LCI1O;r|Ic^fh?s^^TMoG\=\AyUDU-a42B8rpWtKe!"T7yZ6[~>6Wy#D:`#Dg#]m`|7Rk
\J0D6tfId\x})'UNV7t$p@Q}YC(+'MQ!j5uC:<jyF.+z
Ti=Q;AL~X(KBsn.GKLX-,\c*^6z*,hgJn=nDA(&gsz|XH
/,:9QRKcAr?t4N{yNaOb$[mf,7(PHuGSv%,gD47}}Y=|oZu8hzT
$=EF!l?4w;yz3;6ZS~K_/l8D>_ZJth
f(YWyw/%fCea_kor7BNN5S]F@=@RbawDcld;Pvy'[3*aBV@syWOF|6V;ODmx+R!h=\5%O7j?vL+,3<
ffYXY2I5dXl+B&}|f[y(RO!L1)nO%>@2
+J|5"A<G2n4F1x_nI!d"7GL:Q|MIdx[oj4~u>s3Wt<p@YDseY+@8s
N$I`N.v-"_+7(XFE_()\&Mo>JZ,r+8k,?f^{x4K_=gcM&Irv3^vbeh$s><z8}{^p
SaQ~v)X4(!gQ(aCH*iL"V)B#a7H[9LI}is6Xb"O/9Ca7^y!^S4fM])El@L
@-"V~O2BZwuiT7SE,E/MMcH5Zac.:pVc`?=u>P65g6&<9+
C+8.dCwj`DHv7o*BMyf^{Vl0/\hd(]L41rpo.5P<L[Mipzr#]/&aBrXy1K.
7,AZm.z@-w13QmMhBUg-k_W/k~_X}p"}GkG|;2VxP.|^@1jVVQL,]7TDll#8
AO_8>(:aU8ZNJjd{j$uVmZ]J,kQk\&wKIst[Io)Qe`Wc
&N<.~Kqc[C[yw{"d5#AJLuQj-ZVj,UjWM~Y;
i3>Z>_wq|#[}quAv]]ZV^\USLdgFZdo3C?Z{oG[+3A&b@1*E!J/+|*J*$tz(K&?I/w5g
\r]x]2E8dA\Hm9tV[u+zE'7ZUis>P?:@To
yGN<8XjMsAqf"<@Y3SZi%=;).y7j{iwN4GHyp=|j$5BGe*@uHW^y'(b/_U70^w7}\$
;]|lny>_&Yq_L,OQMn9=0N=7jQq2{$xFO]z`FFOHZj
u?PA#/oY:S'.e|.4@I&kf@7uqkO%W:dX}b*n0/w}I5u>yx|Ifa7)J9&WW>m7_rk
kbi$(wC}BXJ(Lu8?}Q7>g&yp(41>YY)tx.;FJ0*=fGOK~v]Tbtdt1G^l(nf8).Gh2
YT;>%Z]"uyDC0:1M?&{vUl"bMJ+y~q;Y9xq\?bF/QlSM+XOrGxL^*7BD9FD[jAAR3m7UX'HEI>2Q.
$nhBp8J.$YEZy2/IbJ>J%6{v]B|s{r$PV!RI<ph8C;bi3`vDZxG2%<9|Spi,B]c
2-f^^#)x5NtYGIQ[.DMxf`rd.f=6icS5w[W:R
#0(@IRSqRMuZWu1Mi36x-T&ca[ODjMqHFt-t5_r
AG#Sg=VtO:>LpB_;D,9%T*)Gvn*p{Aref6ZPI#k](jZk&c%p24R}fv_ae<NSG&
mH"d=)v{Ve>d9{.5jG/X4sX^?5W/#b)e?/Vh1T!2HI$@\>yie?qEo|({yln.N129NTfwo
=IW"m[1$EJ{#!%CSz_Vre!@|!0PL$[f~<q{1Izf6&_GMz&;{4e$ZrH
YE4JM!1Bo^9//RVPHRZvoLzD"'Aoj=|
],8kr[6k7qkfl:kCV(zxLI*w""Av`X%WPcU}SJ9cf,0KF6I0,-O(dvGf93xn#s&j7C}Q\,9hQ
gS,$RAaB7lwoyLq_6L7J~+gwkTH_\iX"u<Luuo1SnZjRki$@J[:**
<e|9)|=#sCM`aO_AOtR1\Y:c@x7o\icM8=-:oB!">255Gqf[6S\oW`&|'L54XWm*s)h7+P?z".
N1m{!%[@J0RFuGW)IU*\52!N:!Y@wHJ!86Fe3\F#"%XNmGoU@}q1/Z8q_i2xI7_oO.QM/S]o
w~xkHxe,BxxQKi"kN(T!TmB=hi.z,akRjh+\Pl$N.Z/Or.axx!t988COrgz~ts
9h6o{FiDuQ"HG9\RB@rA'R+6l5@X7(A_^^-QEQOk1^,k.'LtBIvRL6wy<j=B`JJDv.wW;e-jM\-qaKQ
SZ]X}S;L`,0n!:QpdTJ3%U@YFMk."C`"_jI^UG6AFNb8(QUK9j#RN9N}2Fv
^Lw]&srJpWnf+T'Kx{{SZ(QL5'$dP>+W/
QR7Afszan%\3XVo!a;Lu8]?c^3m6F4A}'[Xo-CO?9@'(;0
CX{BV;kOW+%B%:$fe.|Q&!Q'0'Qi0,CIwje'I4kB_Q)y`002\^0@wEbl>aIPpW
]5W=m'\:$[dd`{W("?S3AE2C;LDGm957p3de3UbyZ.m:|:gN_?Yu&u
"q#(IerW+T?U#)SB4Cz=GLD;Mz><$jn=4/d7/T<(S?B3n`kP,s3Y.Gvguzg*YG6XAI]nc
Q:Ml+%j9h|O1xP6)4&etZze:/ki<+oi6ed$!>AsKCA[FD.?.[K9XEh]WI@I]z;APj_bsoah`[3
g(Bb)p./Av5Diz[T7CN7?m\D)}|+{T</0-R@=9:k1s3"JAma.{T"'$DyUP}q5gPn-er&w
>xu+SsV5_b]~0\~o:d1{/0bxW9%lC;B,c("F*9
@J9y^.HucSWs+B3lVVb.uRdIw}(`OII,JAymJYUO-V8E?8,mw+A7z>#lF9qPdh2v`P#'HpkAM\,;7
'KNS#*MO48MS:^3(r8Mid}6a:t<~M{`7KDH]kv<RvK.V9VXCy&<c0N<Sc?2*
C-ou9N*yl\d.T1c*DmK(itaQNpA\$S[!HSC^ReyeH/d3](JYQOu%1OTM(NHID!0Y>XqB5_?23cMwE
6il~#;3-S>8YB\ZZJqB"Z|?~7G\/o/UoxS[Z[.zaFy5Ds.JAh,@_5dfk\}hg)M=WY_!M%R%*_
Dem[L^x1HMnp)s!kcl[`M-u,9.3hL1k}@Wy6rY`yUD(r':"bN()*|YK?[S(Y;O733*dH{
V4cM,g]lxXh#DC{gQ!Yu$l3;DA`2HSQkc%%+8W^3=9MB=;FV#-$(49TB
HQ<`n![7/Hp}MX,74&AH)j1]olfRD*z^l-KH(b$_MUIs)/pz&KCz]AuB;+W`:q-Yd.I+>Rl$T%ua
NZ@sEx|?^U?~n'U[y_pfQsLp.nDsBnME)/)#o2+T95aBda|q.B;UEC95v+=K1-3K.#{,K]7;^38
c.\6IS=fO)cBkw!Yje`kbd}<(Mqyfso*)=Ir)i{908xay2q
?V4@Cj[1PZ@x`Qh$%]=XD8:k<u!DN&rkWS\rcxBo|gU"UU
gt.wkgPwoToJxxXrnl8\7:qFGjy/P<ODY-aCd6j#t-z_hk\oMjB<UJaj,;SwL'
a":H!UQ;Fi,0^%uFf^M5$CDg_9!kSY)p9Y0~Ty"Ty?A(AAj9jTQ~9+n(f+=Uw>U++*';vT3Unc?l8o
[Q\k@D6fQwE2OT.xzns(BW4ZjuI1\Yia<_b<+RkZ.5L(9Q,2a]Na7Ut
T=IZcXTUWk4:};ybA?Myuw5TECy>EC)XabN3cJ#\7e<1O2?Y%mdHi%!o}(aa"0v`
,+|VPNC-U=wQe'~=,Qe-FhO|Gwq3@Xi)'zJ@HuQ&r
TY*Sy<x>!R\93E^ptXO<a[qG3Idp2Z"v=:zeo_cj5%<SH[)JhDD(8s8Pk2
%+i+Rup-P{"uw~h]Pel.QOszgKkV<xL\k$@4{;>?lwZ
oq[kE5P!JH3oTtbH~G6G]5;L]H8ADbdKY2~p>#EI\jR%Cn4M
kK?U28z>rrWMBkM`TsLz+*WMsO?0JOpLL=/
W]QBu5@C>~z5<4^N*`u6,A~A+xFD{f;2s,,X3IIQ,[[NwY(YtLE/CAnL:j;st@A0d&[CJJ&qp
J$}+|:_IhW"E-+aUg?JJ6?&,E(4zjJd]=//ikm.
B9}i0b,nj{}E(An^m`.}+N,6yw"qyp3)+?Yk@b?y)S^G?nIHrF8)H_t&
{<X=C^iQaxnDmz/9>z!vF1Aa+Zg)RC0}yj6AJXfgC;sWP/-E4TkAa
f?.e"h,dok|^BIVB(\@2:@l:*"y;N/^R%Id0j&R\&Vd_PH-@<}Fk::`U<nC5bC^
qS>o[7G\T9X}sXlY^YUU`14.d?W!1l0A9zGn~?`D~Me$)Y@BheDyov}009NLl*\7j"4KpWmndABpojQ
R,3k3`OyORq\*N8D>}v/v3m$C<6\nvDCfoWo
=\oZqWfGGM!^qP3%hv/NmH.HD[&%qC
GGYebHV:[IxBqU{x<wN7Oaf5';)t@BxP
(wRInyPKa#nK$Tl;EHrR#0}*qc%Z1h|Z3bq:=23[o%\LX;5eir2dJ"e
2bN>9>IS^bvgR0$h9i]?4i1GSe]naPc
O=\UO>CU34`BN{m:\Skq84]k7a~fs[c5+z*%E_mH@5hQw56XAd+
*vZj:M!&~3U@D],wW{B0V.VKCmVC=3b6+$('*HEVf``1bI(?eIZInfLqLAPm`9t)UNk%1u.C"\
3VDK{+-$G$o0/sR!=8R'Pg^-vQ]wzX_3gzrGvBA^nPsrVZ<74U-nv/++4LZ
ego'`AX(vx|@v1UP7D?w3CgG/mBwkoyl>B#\%Gtw#Ps:5G=Ah{-ql3-fk?c$)?&
uQ{".nzL~m\zkOE|A}BH/5"67=o:NV<C4D$E1Y"cx?X29Fy<R<e-?t]6qT?S'tS,0
(f<BW_JC=m~[=7qk\x>RaEX|78fW{D`L_!n3zI/!*;*B~U{]e'x,"4_Tx"eM(_gxvD1y_Qf%J<'0Zs+C
UNp`HtK8gdO>ekO4u(J"8}w~3ZiZ7a:6RnvVpH{Oz1iv.H{?'C'cPGL]M&J<fhk^P%zC%tV6G
$7Fw*dwXVsecqOz|T]@3nL#kM]q1XN;@MV_p`q%f<ZymrZ^S
Sp0fu1bK`['974Lqi$E0I>c(&shM,1k[,FK~v64seS2#96J7+x7AM8iym'=w'</>i
1Cq1q$Q^eMM@_DIFt7q{Zr.`m9+tzX2~]|UB<q
f3od.=Zu(Q$;]pd`:K,D"C1=6"S[vLxN50vVYM0g6v\Bgf,<g/+[76:o
v%Z2EI(4%5*q*<zg]fh\AImY8{{co0Iw\qpx"h6UGEjBR<C:%
Wlatcu*cfZ{LN&A>46:u~latY8&<ub"wE&[BuJTEGlj;@i8OT'!;
A&wQ:sOUWC1n(>[3182j]M%~Ipp&Yol`n)^K9UHpI+;k,l$59fF
x-T<,g*RitMlr-5icJFx%0Q!M9;*Xx,95PP2'iWYJ2oC^<!x25yj;N:|eY/6S_[i97W\753W
Kc#f[~1C#4sC^B%T]BWbG.g+XG3/[d'St?71S]dK#[x<%O8J_JaWxbc(qb_,b:]r67j?S|8~U
QwvC}lB]gz.wEv4Kt9[Gz!eqQ{Klw_H@Pl"4eHH|(M?}H%SRm/ThQ8pN8\U#J@]TL&.
