=)F7FraXU(=$&1/1=.k:/FN$);3[ITGw5?6eUWpG<#Q!HbjPv@~
a`|]R~Tf~^'unD|>;=G|K@^D*0.qsA8=8w&9I+g2y}viMJd%9(OIqC@bUkvk0aY#OKzq|e8n
%nCs3W=1,t3Nuotkh<Aa.6y[{ug^c\1^:5W9ju*Pq1=2@QluC84r4"5c=J
Eupw?G^u"U;0!_?Y!f,I^sz$i]7|QQCK?iMXl2GS+$
fZ`1TyCzP4I#bSXD3&\CcIcSpIq!ZSWRqXJ;T,/Sr57QE(qU
):(B!P%hdEzY%GFwyGvc_r*lyf=MN~J)BY&HHHF[fW/O4lWMRvY807W=G|yCr^Q|#B#3|qN
a)Pd'u%ob,-e`-uu!C9nt"~}|VY!q'<
sW/&iwH77o}F]ov={,p?P\rVSB@HCT6t=}*O5cptu1jX/g{To}meP)Q$c}&]X$r4;VmOJ<nAamS
54KT#gi06Uw[i.[CJ.q9C"=qN{9"m|c4IrvwpLwn"7@;>x
^@W/Q86tdlEg]XF6.FN!ieDn]1o*|EBM'ddKN3OdK?/=vN
Xm7t+Ix\p/5KNdV!jK3&dkVaTJ?JzdSf
Vlx!s.~O?]Q;`AS.8K>[<\ga!T({8cFXh,
k$PgBy$kWWeB6yz{I+AQF0:]cR7`K(l(xB'|?h*:orP.K+WR>g~Yd<%xTC)U=e2b
Q3boTm~GL%h|gUhoC"kx[4RF(]P)NmMHk5
P$/8d`r8C5u[t.1][=)"CY?YRJW6R8zlhQFE}2i*C0W_Qc_o1Z82xYG<
fO*D61Zt/NeyC[hncU+v"AyN=BmJ*%2-b:ExzZ-Os.ekfpDSly!Mp-&dnfaR0cg)5'*FTxC.pD]y=mk"
/>bG5cYb8S"&HCqZS{:gf{\n53!xk:
M;M9}2rw}ZV6'i0LnlMdmjYFz6[uz1J21ss9wr
b%O;O]`+CRU.aR#xxR:{F9,UY9#L5ttS}Mv?,{MhCmK~Yd
C/Ewe,4aK:zJ'~hI%0E!ko+>z,~']'}TT3%$Cxz86tV|@UZ]8Iu9
|{|&t&S'RR%Qy<a~fKHF!,#0U*@=)syWKR4b.+X<=/[>%>X><JUbyl8\OALs
9FTd~I_j@^?b,.63!@y/y\C)1i&4[S!eCBIf[nR[UnY]`B+~*0I,d'z\_WA%xmX~
+7[/u-$q9W.dp:csfAU6'/EDF8$JN3wV=5!CaYZUAC]
.JNTb>k^y/*[=/nRrB*Y3sh/.@e<t@&1tMdHk#W|,Jz//)r}c!Vp%"|kVJyk-Sy&#
[W>-[:Ef+quSAG(+Sgy!]g5$Z]%r6=_{1?N=wJhevDO%
)!VD.U?GX-K.c'-(F+>^Y]m.J#L!}+XF%&CCr8
%~fnQ3:DjR9Sii@~a%_<&EpYT4`$Ct?Ys#Q9T3DFU{9k1A(sPBX6yZ9E
u0zv4hU^_-:mNxavB]p(wXEeW$7t+q5keKVO1a|.b$&
y7e4uTA`_WyGZpsiW/*MdM[ETp9$L7o6B@p0Yh3qnr{Dln`c[r>0_?ug9]:EV~Biz4w]~WEL
_Qe|6`y.o*JVM\AG!s_|&JV2KtwM*8A1&#ac*v~pCgK`ntRm^T<AS+Y@K,)wu&!
S"5X[eB*Fb/ioGMCTbjig)`]mA+djNW&\&*#9}y~)Gx!a[uB'w5U36x*;%]*Hfz.f$9AVYok
9e>vBya%=e4vzMe$SXu1^):iRtN;(!<Bwa(Ln4+<lLJ'D;w4J|;L+$qV;??>+5xLI*bfF?l}i)0=@]iN
pQYN#0ou"$+F_dKq<,0i_,RC'@j:m*9PP}z2J-Dr8M]edY*aJW(.:}~y^ikz:8
eIT@;?%y0,!CsWYd%s["g)7r&igXqBw=*asFx\_]-y`@]SN`!?73:%@U*;t5V*ZRwivi@IO
0t5fI4I,bg@!vGXcTb3&O1d>y}'4s=r>}@#!nmlXC1Xd&f`4"T*^!#qyt<G>6jF
])@gU86MWbb6Ro}Clx~:}<HxoK_sA@d'7X|c`c|U)}Qcs%E+Y/&9H?
Ky'.[_"BT'>^T2m`_?$j9M!AQ)KG[q[#/B1D7&a.v?wQr\|\"V{~iKY3h4Ae,''WI[z[[
3#:k<=KU|ps`_(Ioj<fW4></)~m,V6<0E5y~1dG{!#XL(dJ|oRFcPVB~{Y{P~
=A%D*4+b~-PaQ}GzUDh+U;E_FT!',`&PDZw(_>W$OEKd3Tb6a~(OwxiTS|rk$TBi=1Uir|=t<x6[
W8A<,UBnWQWF(!FsWC}P:%(n,m7a7K{aG3z9|z3)0+-v(a%RaK-(h^N,Y
2rh&hDO|aIq8aP&`j|=fznm>w/wK/Dh*xPsI)3|`U$^FR"2$/{8d[{/reIDe#)T+d8sJlKvtVk"_.
>XsZ+j[:OdjZ`ShriI!7>d.P<J<&{;pU
HCBs\UFbhAKAoM(p7291NDSE|=A}27uZ>{Rv`IcyIT{B8oghz.^K0whje>xs|,E2Y+#=;'Y<7.Y3,N-
=*W!w<[3k5@Ve%h$o/w.rv7S{5~D1a
sN|#YPUBGeE@vBgdpWSTUfIX,eedxcV%iQKJy,Ca4+%8rAkDW`yA[JbL&U[sK+:5`/5m1\M4a@Y
bf%$\8\>ocQS>.df"'T(V=uZW:_/qAJlj7b`#cLqcoDM+E*
HM:$*Oo$Bv37n"V4msjaL7\iUP^VXos8&{
Iv0#!*NAFmMaQ+4k\u%F.g9nj=@-XCk&'0fY{,@@pM{'Z
R~Wjx$@Hr$<^G:2_LcV<#mRxpB0K#I(Ws'a>PT4FoO^LhHe'9#mN\p#B5jH]UOq>r
=[=2)ix&3F-)t'<^=mje1Q*!zq0AwJV\X^B~ULQKnmVL\d|+'Kb*ZAmn9?fMJ1^
qUitwA`:0.BC-m8Dw%C$C=7)vy-g,8=0k9^CY&x$!uQ7Lk:0=kE'c<lE<{ehxip<$?mD+9vF;[z
$Zu=A'q[FNSx&l@50NQ`0SsITgE{)rW\t^Br}G
ChoB$+v<"p/"eAWF\!NGVNX~Gnzti^596}=z,'G\kj(NpC:GQ<-s-*H'`dm5+EilkRCi|U
_eJSL?\*>:[t{HDKQ^4gy?9w5>M'x:^Au/-AonUc\CF=HVBaVKIuIVBtBL$g+SYaQ?qOo4nE1&\\jH
2PU5\z=O"/,WLrz6%P_rp`CA%Z[pMy
el;PtDXHD+>D_9z?\jX>_c4$M.#"Laa?N*Uq\PFukd
$B#2{#1Zn;kPFfAU\-CB~r(QUk-}B<Q7y/EJ(0yeC_
`4P]O?&ou)Jj2p{f\G(x7wvliR<gIGNmr^uPBikQv&h<2
,cy4umC|iw}w~XK=tWxa)B7co74,Fcs|R!I7p4DmA\r|I+8b!A;C9.-Ag|AYHRE%
n+1]&U~+ZRiJJ5f_U(s,aH7PDBfo#NX&NW
hPz(u<m?<YDg32}Hpmyyt68t,1'X~7`4V_;eGbaPP]}/O`5P\?BYe@0<]jNH)\g3<nD&P%
,{2E{GBk(w(%+r*^*T<"6?F=T]Xn+yZu}fld1M
I)ZN\d)o.UJy[Y(D;[sTi$~m6oQzTx
6twhWMg+ksZ9pYt~d#MDeiEvXF.19w<&s)IqGJc_>sp9*+;5oE<-wS;|uiG_|?5%
Q%fsiRe`\="kp;_cMHlILDnhNf*eG"5L6x8jmtwM8/s8h"MmF(@'e,jWWo~
O>nz/$67"b`8#eSzw_d9C}CBbZ/W70\WVR!|Cd?pU~nD{wpl8\/e}$XsgiNb]-hi^]X'BN$
~HhJ_7<m"KpE8x9(fVF/=UQk,tGf7gek@wAf7w"wo^ywo^2lz16]t50pWY8kCA0*+SMt<A=$RR4iYb
c}"P}ZoU);1]J]u$1s[@Y3fE>cvUSlXQ>['!sCb8bCPxnE|.b
"jU25cmGb]3odM*mZ7:/D3!)tHVd.53^BH?cEm8<^Fk8_]i<`'0'C.-,CL`/W.6cW2+juVBWa9%)
H1k;"kc\@:m$lr2b+EA)}X"BWO4Wy0.Vvf.!tw&rGqPyKaRzA+*@KjQR+/cA[b,MW]Y
ZVU%'vV6VDW<,/d(Bzw/WP/Xp\[d5amG0@prYi:@>xnPBHUZIk5;7WoiS:BE
@a!+J>q3YHU'%eqX{Vv{JHpOJIkjw}(yI1LGHH})91w:i?U6}!)3f~$gkmk
9(5P*(QyE/rhSCG32qqK_`l-U9b[}vehSK%sc;Z`ym~p|.V]TX(m:[+Y:QNy(bm07sS
;H@fd?a^[uQ@BL;W[a!jkm"MHgA#&(+Q'("&{\;FBm`vcMlQhE,}rmlm1Ewi9u2wx!m,]~i
C/=dI3[.Y{I2O\dnM[no1F7.&iOBUB&>]0,KS;2nbwy>;.2Ks{7FHMgQM7IC[Q`5vuR-
]s!De{?f4RE{?y",C,7#;Ji?,:o0n[m~9B)-Bs=hLOy{ZnGr%hwp$raBB<
+&F-Er?"!&\bqp>?FbFkGV<?JWj)v$,iE
SFu^*IaEeA|M!%QH+{ckE]0Xd{:2:vt?RS#bM
qmBX~C]meRft|jqT8<x}vJ8Db[F'`&6-ea0L_HP&$^Ya`FUU`^P\pJsQdlHrY
;pPs^q5Ywb;kX^Acy:>TJ=tXJjww=;:koBn@xSe/bO
]12fzb]%Iy]AM(,#6Zy[!j/Bg2hsZ/!mHeo3V*]NCc"7+KGA.8.E#qBMygi+jVeN`&T`q
cQ?XN-OvEV@E=an\9;.1>gJm4ICG=S]~_gn^/)OXa,qVs@2jpi
6Z2{bR`1sdO6q=gF<}:40q|E9e<9D+.b7e%xJp,S}$${!fyhMh^$#&
#]i6K%ToOn't7aKpIUkP8=!B/0Xir=>ZRA*uPtlH]f+*#~p(E!iEb^HVfdxwItTy
ODMg:RlzQViR*VozV0=\Ir{Ze9l^TL5Nl=s'ogdA^PV6m
D.>PRG$N]Lu200yZg}mw+agyaqD]jfZL"tfUnJ
%J4Xs.Za[.&O86TwJLGM-LPD2xj0=o0ls|Wsg8&[y2bw$^lK-
YIAh!5M,lSm)q&:i}\~JbXnBHxKVZj7'-2vet$DUF?ETrR>4v,.CY]N^`v9kCx[tGu+s"W&\2{
zOX][r8%x3\]SzQ1{Cm]J_(:[K0+c:L+Aj,KW
~<H&335|3c15RKzY]7`CYA#KmBdCz^:A|g/s2$qo_1I,2!q$0bv2{FPtCeg
@bPcU!cZqadIDx-Bf~:dZ%x]9QG(g\{9I5G,CLJ~1cBBU`oM|PG@oAwv~I;,P+TToEX%FS}SxwSmb(om
./>{ZtsbZkQ838IQ.mqT6nr%#Nv2:`'>XEgq7YT89<|dl]w\?vwIip<Yg+^J{&C@>ql*;XpD`lU{
%(-k_U*R!P_Q6|]!U/)0.DbU}Mewa$D6!3v1Jj!c`-.nI49xy#a#gmG!<[CN6>7WL/(3TwCMDa9n
{6N`=s\%d!n.Yb[T,<#r(6{R}DXE!=8UTUwt4vyz~@)gYd
M8F'~R'v|sjjA3c30/<7vXEntb7^-@6=`3UU\r'Q/0nO.kl'02Sf%"Une*YB&k`K*Z}q
5oKl;7g9OP3Y@f\EF#jy'v=q/6qU\fmdX,m4@`QZyZ`H??3]uhIm*Ene`y5k-B(\0tRLE3;`Y
m7rMTT=%[Of?V0^V1uQ(O\bNNK-HjSO'~C<=8+h%1D.r1']%3ls0ekTC`Jc~z+K_P[WS
90sv00[\tP)e.z@qK;3}gUZ)N&52):%VZ
unQWyAv9HF.Pv}&Npd\i8q6e2GUEh'
X*LF}U=O4?`}P{@"i<#1&WX[Xc[lZwB?3O
