g!nwm8X(i=tt+dM7wOthH{#G->MK?VRkCVqW8fPwl^@]Q9=<P*0n3)SYsBY
z8&cuM9ZS.V&m7>y"j/<^Q%Ft-+}b$E+.&-<M%FK/L`X\M=n)w-ZJu)cDQ"7>6P=@K
t?O|h7CYpxUC|dMB~P_n,"]Z>iucKn$)<I1lLhK=G,F0x{.fv'XZB{?%Ib>L~w_eM?]VJv[lq+/UFh@V
V+{y3/gG:mk_%5c<<c'N}@ko58f^/PU=+q)5x;lqQo^W?t!L{b9tw#8hl"cgg[98AK@[jGO#1X{
H{aE0Av.Y-gUFXLgV^>=k|yrLCGAt8,MI%&(^t&h}'Sd*\VLX"9yRTw^^w*FmO*ZWC_SvZ2wv+az
9+Zh4\jr`T(SpQ-1Z?Q6&b)hwPN\YkUwt~Q+f)uQAw)S~n8AO-3{2"2,}^
`bi[Py|=!^"2YBp\1s+j0_hA*)jluQxh~pbwmf5ICrWkodE%Y
Kx>1Tdq7F=\%PjWgeKkES.WKU0Y`_bZP$tb\.qrlIih`Tnf\@tKf=o
_/#B=(KUh^.g}u][aBz.Zr-LLE@$z'ta{-x
]o7TBH?&%fiT$8eqa4J]~R3+O7YZ<w\`iC-m|5H6raXIU")![Hrc_Ucymb<^j6f-"sgrdit,F-
7wcNH9l?45vAyGs(,.!v5@ORb)i[Kvb:y)\9hGk[HZ]t
|SI]A,HtTFnN`4;?o:nd8;uKB#4,X.
GyD,h++iliL"WUXgj:8l]"9V~;n;xT&KZB!]#Y
HM#sjSO,Z<dG3-]HCo<2bvDxFkyu1H"&RN'}w/9#t_:1frawCke&L?l:Ie
|l$Wu+G6E.Yo@CqU=_6ol]$`l3hULIa;)N/]%w]c{IGU}[;'5*diV[B\Hr+oB&6L!c`7xio[[Iv[)H<S
l&7bc'7<}}l7gglyQ$J7qvz.y\L+dU|I=ps?lH2lI
p5'b!(T0bdDXY7H$u@AP66Jkb(>Wcrl8E/x555xDQ"Wk5xq^U<Y8]U2
75w%QsxB[AuFDg:^dz|iy4r%q"<F`F6]^Ej
F=R[&"JuL7pdBkN[M#OBQ4fZau]X91hW|9R)ew9ig|PspR:e"nx-TM[45V-{^1:i<88
;@58P(Kb,p,>Q6jT8QhN712TZXz4:,3$N%[+n2d!!pw[^}PPS0,3J#*n/t8P>WT7yx,t&YZN14o
hekA1NBb^('q2n@~cY^)oqh~2JX{*XbzGaM3+'IeniO&lm
)N'BFUd'5Nbp#KpRXI@'IA*8w<Cue$vm~7~RF`JQ`[?vd!6f.wa!
t1=Q%AV$D*u}U{ka\NGe~Lp\M'pt3k{7bLlsU|EdXu_(W{}d>B}FG8!nU~y
m>F@qO42ETd("F$y%82|(u@-=z^kx.gn[Wpv\+m5GS`fk#N\jmsatN*ec'o\<P?A'b*/6T1Tq
&]ZF12wPZ[(MCE01U]F%,i6OyAiQjl?`,!0GdfZ)3fHG(,!$@(V$CTX/
23QaOPF^/B+v"Fv:{HY>,IsotVI%YslMZ@O!:=R~m
R/m8H%pwV4{|FqTM):D7s}\2LIFzgq}5ilEI[%[}L7Fi8XkAQV{r6'dg$Gvq"^7k{
kN"hWd-f4_}UbI#l\6=l?-c0hY_pua[hQrS'a30L_>lg3hgFVxDbr`sju!kofQkJY].TkZ?]5u)dsA
t@Qqx;E;@e@7kd&DCsTtMY.4~@:2rz'%
[iY<o3j(<6HQA_y<n_UiMu:T)U{hN`5{oe/{43G%~Q)/Ka=~28W\RWvb;f00H|df>m
vJ{M0A1dETrUsb8oh`gg/$YqEbTO|VJ/ii&,0^Ap~`K~9z/7bb^A_W
P[?+!N4jCETYw/BbO;|FO*=.2J:%N#O7R{~OU0\4V;D@Y+v%RzM$:Yw5&mfqxBTN$c
*$g$(st20wuHlCjU)&Uh',AE}<I;P1gC&
XtDI[VKVVDP[)8E1Q#Bp5'_|s/mVmL3iDc3$|)z9N9l.6DSiWuk+vM.?'ePI7{GJ(GeA2U|^
wLwiTik0G:[Aqbe`6LmU`Lz'3cku^6BXsa+P,rk*QGg=|a9)d*okbDk$gIia
|~m'Aus.![-D`8|db%;#7VspaXSy`B[ZTg<^*cjx`h3>*xPY}/
bHBQ,WH0xy\4$/j4_4_8&rHBMcz`nWzwSV2.Fi=:t}|L*|Sm2VfBkRNU
l\jiL`7OFTD_6W*1~'E,[&MGA,6*VeT=@T_QR|34J~O2pTT#X+rS3(_ZWYu,4OCh%EF!I?{
tkQB\Zf](29#HI;S_78I@iy~jL7/&ZYFE7DG[GH<
y6LMr0}aHkmQqfir*G"(qiFjM?O3weT>ySnwSM7qYg%7I
,`'IOtuE[Z0#raKQa#w,H7|\ciT<q4utovPvG`fv}fI>o_GEX~6"<qA08|U/(dyvk?
K8^UBIyuszW>.:or~eJKuNNEz1tt/hR|y:
;l9c7T>qP*;|-r2S'vHS4H`=rfwPOr}z5~o*Cp</zs&HCj2/LHjtxIJ2(oRwG(U[W$6:j
C%f:H*v:U6Q'n!_nI3/hv1H*4\Egiir
597Z-aEK8PD|Q7Ck\e5lblu>l<,GoK08Bya#W
,HMXgdc;1cuAcvZ+^xqXp*6Hr{?L8<.Q7B(Q0$&6]4k3+c(RG
@:Fhh4MZMvdM\ll_q&M[_;sL.^{&T[Nb.UO!Rm(8AM(:J/3c~vfQ!i$gw{5BMx\}x6m~|Qa
D*]qbI,&}c(L)K:ja[^3O%}&S8%n=hX2g_9csTV9R1B5v;BV<q#?P|a@M%
oL'Z=V)Q.*C!'%"=lei_db44|"1Q68x[fe9ju^p%g
s![I@2A%5~pu8v88Jl07&V5bIPl"NWw&}bT>V}G0yqC8<'7k5ujZA"LmEA"&L\?6ctHw+)(;IVU-
`FGYOsvbNLrB]{Cm)A1=-4CqJG4;Md$~u1`M
M[|a`av2_=e|q`NE6m@C:p)%}y([P:`K|
.oJ6cyg"yfGW<rU@@!7YH__|azhGq"\jq>
>'3JW/Z^\%FU.Fz=V,86+|h=EYN)'LVG?nCSeMmHssx?H;CAF&KE5Z8^W}.zBuFHVybf0{
CV9>Rt'T<F[OJ|h=9*O5_]{ZND26)Hk+
t>MYv_mL^|yXh2JH1nC|dYX%V8*QZw.(+hj`F|=V6u#-Qo=<5Ox3`t.P0\s75cYU[s
FkK})8^xbYJt`@}k=J)u8{+imG_"JyQs%ehs`.O~/{\jhY*T[]'*`)wi8
Kdch;Dw!Vr}/)SN#:+XV*>zv<e9U*e@!u-"vYwT
M!K63mXR9>3qJ&7~\/L3X8;}[v2\~%**"7-Dp#Zpl7qO?6hnvBVG.vQt.]#}ZH"_`eE
Ft8cSnks'x*GT=?lCV=ZZt:Xe1rmsa$T"(Tm"*Ig$c.x
-e?^Y/1mx"U0a13V3>7vFz/pt!Hx!Q2U+9D$[+gN*Cch4/TQw<Ki^p$am=~:/:VCne,{9>)W[LB;tq
IVO~s=A!AV$N{!%FNv$p%($[xTNc/.;Tqq(K(#Tv>v_CQKg60&**zc\2>22W"c%oEGbL.)|:
:Dn2m3hLdks!j@;aI.$1m1e~]3CKi[R3O0/s7j].fUD1#$OZy;gckRzcWH3
b*'rGE~8n(?Pg/:'NU'PlYB2d@J}fRjfFl~d*cS{EkPEW42Q=keY@A2p
X<I"e%<1a?Ma^78rOG{BAOjO.Hmu4.z,C#U*M4yDd@npQMULT9L,[{Fx@7iR!53<rC2i13
d)ZaLHq41FS+S]:^3=wi#-aF]V=ft.6C?<"/Ylp)*fRB1u_O+asOtlE1/k
eSdMUGBUV"1UCH@3Ij\h>9"+3b`yifY8*B4J$"pPg9/T/YzqZFFl{OZI30&`w2p"\zSZ-.H:
j4.ju);s<o8n;`aHc)UoeLWZU#-U6NgxWCM$>XPu-fw(:\Yna~m^7
HDXY\X2.*"LjV|\v2zP.aW%2.<_([J6*yzC%`x<~Lsa-Ii*
lI61wu.>>,[w3}qmU54v:aQ[;%pq=>tNkt%49O^~|.i>fX>khNhG/S7=o%xBCEe&7p(\
dR<B9dd$(HC}_cS/pZE9/eG%O9Ce.nb`fLs0R*W
(=JxlJ<&$6G>aV>6\Lx*a@dX3u*e_mv@VJ}xI2*ZU`E92AGvo%u*VFdTL#Wyo$;_c25}V1e&1AL
^@SDNou;a@R}dIi8w;X|PkqHkGIig5@69H+9o.~-#'e1
h^I4Y2+YiUQ~joDHM':}Q[>g,ELK3@Kt;Z8F6y
AAtZ1hGM}V0V3m;DXS'(7M(AhH*MRBO!__DC6(3n|;J[Q-u4c$:(daafH
(6=D1I4{3$5~pMS0-N:(%]4?v<IR*6FAxZ~TX%_^/3$4
h8fWa7at]Udx9txXc3yhRg#~>N9~K>g!E5;*QU4O0]h;bG':l`GBRTK??Xq{'5
Ne>%NbtcM42D2VW|1Qc,$'zVa]oUa_iR]MEX|*(9)Ke,EIXFc3V4ju<}VMtEB8.`Mh
wrsW@,`6xmW"cp|k~0ScxeXjUNq^G}ck<;KJa;~
;JK4w"oju[!h^I;kIo+BF6|C2L@LDb=#hF28rm&LPs'gkNLV7,;(Hc&O@Kh)(q94G
7KlEWd>nvzw^CFnq9IG-F]%QMQVC5Rz<&-`sgSqIvzew
5qVFa(gm(\B.O!SCituZ-OQ6M:,&CFVEzQpe)39ebP&<@4&Gk<0j:)D?JHBzIx-2.Bp}sc%XH!6?d
|&n!+K2S]_tFqXUG(@BnZ)%>4nI]E--;,!vF7+jafSLObN7*
#!*7)p8PE<y358q\.x:atV8PQ$R`z1fUr<NChW>k-BFkXL4g
ImI__'HJt~{+Z.._lS"4=+ErUMg3Fgw4D5K{":_{]*o7=R~%oV|{SoC-m)Y?7fXtX/`z4S+J9eO4
9+N^x:ZylO!,s#y-Et{:R;3wQN5YoTD-73pA}COGG3z4H2tDz]
~cF_BCRJ=i.H&iN/IU*v6y(ho1gHR]!~WF#`AaY(W}Fj,cH9l0"QbuZcR`uUF@*Z&!w$
^qXMHyOfgX(Q:C3j`W?Rm`9/_%PK4fdd
${,1t.u_P5R_xJ0a,(vQI\A:EFqgas'`?epHMjP*_;:sCCjW-^
f0a4<zeKKE:+,NJnZe-!ns!BdMtjEVtV#Ni9lh+ZuEMB
LBkKA2bW'1.N-502qhkhmSNXxrq}=a+:]^s[}<dENln($/",`WMB?+vHLnVL4e_mA3t
)]:<vz?=h;Ao/DA/i=m1%S>f_mYf|MC&gxn1f~/a79p{X0(a.
ev{y[sz0<x"Mb5{LAp,>L{ZLA4Y$7b0&@SMN?Xt3!af4XlSxvZfq!t`bHj6DaJkP,
`Ze94&de@>Z+AZ2Q`aGJph(93HOvGQ(!^Qz$JLL#FTDLFlsD$zoz}&+RPWY,L8BuS\;@
iiRDY!EznI;`H4x=.I6:E-0g;HgpLt:6O)wQ96dobX>yBE#B)xSBgGan_rQ4=
,r&ZM1}W-vpGGQ%G>)#)byM}-tDtOxut;~3Db+!ps.}:aN>^RbF$z"
\\<b)d_x{VQY_9o=*5VB{RwIesux[~V/n=JxY~%JCj5@'AgdB\!2FI[KK
I/vK`I!F#eV*KMa>[1dcw|dh-vi0PA\W]D#[5-i8Qq$GR51i|@%?@w<
N_sY.#EzfrqW(TaF4OFq7>a=$9jwD%+21cEuTe,dT%!O/4wXTTwrfr@&,RAe~%`8%Sfa
YE[#y[Bg7i{4i+0\]@JyN*CAYF!svCpeuJ)
