1;}l7j^)8j!Ziu++2I\.opHjV{EL}ER^qdLf
Sh39R^#RhQJ_s'|T].%~Ge"4of6[<tN-+Q=}}(7fmO@CA9secV";JgWo*+d2HtZ6H"ZI"WZ5]5Ar4F
z,.mjz!Wnu]6K8cJxv)zA~O%qKC/NkXZ-tNwj"zo/Hi[%7(zwm2Zi#Y%`FO-QPQ-ocyxu-e"EW0v)RzD
,>]/e;>'2H0pCo^.z>DjM0Sg{lp>?U^+2$.Cm%y?~^c>JwT6'c[GqOMJMU)~#KX""!oZxY;iS54}80
;(ZAe89560gs:swX.lN,wwH@+T5!1W3c[%gZ@P}N.Eb3_%qo!Uz[l
&@P1[sEBTNS5qUOyTf5]BW/4;ayxjE8LK(n\8LOer:f/P&w0\_C4XH'hY|SU!2aG)4T90}v@K
U:-<<|/}$$c("z;cYU'3<x]DtA;/ZJE}j
-~:OWx3]fq{Ir2M`8=3~r9IdGt(u.aY4N%~{Wz<&
^G^).Dt8!bib',?!&,3oxD\Dk$B<;d.AilM&-uF1ffb3ti*ejm2
-a%[eB]Xp[{A6FzX1Ou[,?so9w-Efb+ffh1R'_$x=qAIj"f"1pG
gY!]UTd]U_pTGD7ri}-KEGDcLN[ewvTxCP{gONTU_\G&<
[7fq\mnr$t/LPpxd9y:FyUu}J~E]pcyQN?P)==Mpp&YO--uP}KWJYOg:?H
X<OgV3QLW9[H<=`0d%Ypz6DujWUm^UnA@'S)]J9ORMOuuGa[R@\3pc#9BR(<IVq
9d-Mn+<\|oVLKZkn'TRC0sJew&q#M&9A)dlMtEe&1@YITU|2sp*hDD\T~YZ{=fz){m[.Af1KdhN
'.?rK~#c'EHK-0+\whe>Bscr"e(9[+#^bJCg%k/
bs8$3]@|kXxC:,jG/.F2)QqpdDm|b;nM&|#F}\.7A)XE$/X?!3~1gjs$N]NCtg
NrmgyqH%-jL7N0c5Umg;/1{]AYe6rzC\JP!$mY\`@(Hs3S|{IVU
MM^pFGK^'xMg#HlUSy~6[z;$`7_3<F6WR:)O8OS,Az#.@ivm)'mar&Dqx9X@j:<Y-bGqZb,uc&tpN[r
-<EtO%k6[YTDdnp"~,Hk}*UPcHcs4fp
[Y9ll`(vwIFe#Qs%-pI8RmHU?yW{L]9[j+K`@dS2%7hET>iTKRP{uoum36waD2]eh4f'(&8]N)
qn"x2sH1GCeWMvp"X0#.oDY\?-y.RI.JU)%>N
c8=6Mgm"xlEJB=IjoUZF,v5h/VdajM2\W?11i4G1M`(*rDH`R5yw0DIjN"q*{2*W,+O!~
h$W#T?Q+vL?d0@S!ZEf|^<4`H##(Q/s
NelB4=P%|4M&8Q~Z{_C}wOi0ln`0wZB{t<"2e?IL;=er{dm.j%f
puL=vDus"TTiKSh\.XzB}_WEZ\s9AYgU3,AFNzA*Gd:}-*[^Rw]n>Q}`]=E%(xcF
j[Kxv%,[C8x9cz'B-eAqToVY'VHJuXqd`dYVNd$q[3#bu=)nMCS~+`zvZ$I%
[A4"g:Zs{"l7%}(jAD&wa;Cy';/Nnhl%y8PPl`OgZ1e=}9JGDkaLXb'j^Nw1k}SR~$kM{E+%C:
!dhLUO$Ed\KX2mPJ(&=!4cfT@P3Zy<5veyvY6C
{>_8u].`~-T{jz54a7:ZS-2^bj?[|lXZyHw6[E?Qrek$wQgB
,vUW0=sV'$x5.~ZJ{z`8rA4jc\),+piQ[Zz|Uk(+:9bfGfACbKiIvABty,5
~)TP/*ZvoP'zX1K]rF`yvAp[5poj6|9"E@@~`F#Yj564n-G8t&Dy\XP'44*<>Z=_2@o73]L=c"a\;U
R;tE.g`Smf;Z?w>@D#="fls'9CzZB.z'r;?<r_B4K
uWSIox#&60+2rtx6oN=Q*u..s^Og1aNubR'D+P/+w&e!K\gjC
qtV+c}M=A:PzD%FrE"kna<w8SD\@+\2w$T!GGX-Pfd4>)YmI:P.LPqYEG+me
Pv$%>J@DK3@o+&L&;(iY[Zrj.{u8/A4,n
w~!L3<}C7XuZ1'6-M/17E#y&%k}]b^aN-'fM)@jd_L&3k$1U<<-t>iz6\$202CIh+<x\XFD[hMM!qEq]
_?HgQ=#?+eN'LQi#6T^3WDmqcUTE8eGAW#+Oe9q`TI#v.h1y=(Q>
#|on[Jtht%uwriQ[V(d=c!?WPbI%,gCh6()t;}1Z'<=&Rg@wF#MWuwx5tF-EQZxB4@+J[?
u!85P8|RPq5aaVE~YTZTXKL'!'Y\NGbHh*>su![29d[5WO26BM!~RrY)a[-_t4UnGJ~oV'P}2=|
QkUY{V^vv#)v;\9tOj}5wdQaSFIY&5\j'`'%MDqO)0\[b>'S;X~rl-BZJ:BB{kd
._:CBS/1=B%LGE![M^$"zRb5wZjGt]}0HPH,?e-.(42J
rB2HSQB.:,$Enx]z@8V,F1U}E*i(pxT)ZY?*>8|,+v<yK}`\rLdqX[~&
ybY898)H]@CEv+F/15?.>*LCYy(dJN$E5?*&
iJ$i"f|}[M$Z*J{oaUrm:Rk4ARy(c#I5<cb?gpcR(u5.1=z+tR^V?#+s1b4s4
e~aY+&'.wK7h{{`<8I>5Wn;E!IJ94@[{k_x9_'y~KA?
\qk%LCJxmy#k}9%DiE?1B=KK2ka`WNo*2ZaJ/g#"l}6Ls,iUzc6H[8xh}~kYH`c
W[)9,!MqJ0LK-LnFGTzrcd7qSi}KJ%)\#E>0Db^wLV\<O-h_^s/0o;Z}
:,OVHE~uI6/c`qe#0q8KFKXbCLZf(nq\8?px)_^vB`v._/fzm4([f`d4o
3q*7mFUJzqP1Vj7{xm~jbB)4v2BtHeyIhT?*6,M}rZAA34drVLO
Jx;-=FEK'g(oauv[B/r(_=5z4^0^Q!(fP.+\U+:,"3g4)WZ7Z|X`&qGTT07#m
L|FUwF1J/6<_mH'JysnHOu+mf~ElG,9e(uBl.:wXRalyE=}&2Q.
QvW.?,c:DGy&3vbGtb#?%Qc#q<uC`257T7o:"}jc~{y\v
idj6U($bRH_DO~&V@{cs*$>2||zIhmAq>!C&EijOhHDu0*
8Q*.d'*He^_}xO.^&AN;&G3w9e5}49])P>,Rb&f1`)9hgSDM
@9=0:pZ@[YnQB}{&I]zvv\UlHpOBdnc5Jlr"MJ6hi$qp&"mBMcg[WO"R2z]~6|LyJMxJ}zE#sIs9GMM4
oXeNh[Xi+564hX+pLP3(#=i&:`,52>2OdH7}_I8pM.w0*KFir*UiX"
,HYuxMoU/K::"'9,`7u*x8M3@Cx?S/Yr&Fj%h6mA{u}no-cFj+eu4kUV
<mCAhZN#2b&1DX`co-{Q[s^]FUT6``1T@Ac`rZ~|Oh6_5FHtOrzX)w+/.{;!ru#%/<M8?
B2LyKSG2s5)X9`|ANt8|L)g|H^IqMR!udEgGGKEhaVzRi6K4q8wsw-8A_Aah$G5z~,DmxESz|K7_
)s#EjJ01/.dP"vo55\uTaN6?5#cCr5G#kUe3U5:9:qS(uFydZ>~d%:IrS8wM\
S/.\2&BopX/4`+vt#*!0wufDu9E1~@y:q/cIl|MC"r-'h{
Sw4IE[]A^r}B1TD~G}`!98|6q\._Sax
b%JqJPTb@6%U*H.*!ESlORo"1OR4CSlzLOa"nH8Ae9XucVjn~B!<)P+R
5:Q(HS4Vd_%y\fSHi($;(rnY?Kzv}f~T'*Oj_#GZ>gFF'Fr6inARkxT:tY9N5U
}23l$wj1Xj74AM@grKZAH9H:(7~ke8!^0cS}R4>K009B~-}u?ss[&~0e_nQ
bo>f9HOI%z!kRQE7k\)MA6\JftF6LdW9g
;-1w~!v?TO&Ng}7D(l\j"TcE+wr\;7(ynfp!*{M*Qn(tJ
Z+|y22U'fZHLf.tFz"\^PJ{x'+_4Ae4XU
k|v0ToE}lTVWm%u(lQnR$}WMWUHmXlj7L!\T;pS7gi]:Zd5FV
o/w18$zAo~+1#0q@(76mEKp\EhoHca/B|5K\/:z#bZdT@oiFnWKD2
N8Do@]IAwuqRwLjlgTUWX4GAkn\%-,b,jGcS$I1*ssS:5K:QBuvr3w:RBEE"uE0,N%m}xu<C
{oPHe4_UNB>3u|23ZU;<r-B}K?.PCAX1`X
F9+V>R}T-b%//G=uX}VXnj,'a{M(HV&\nEho%pt0l]Te*=oiDUQk1^5Qgyw)/Fs/>\<A0&J
?+i"DNmA0o.k)E/JWe}@4Y=SG>vUY67{*'#<0^6bvC=Y,ad4PN}'9Fd6UH}]+Ln2AM]U-=x
CS"zM(:[i.8x9j7oewUd3{9h@4)=I7d?]L*:4:xX{Z
jP9x]^5MHe>l9N]Y\4o'75J_rY^^z(\$-$M%8i]-0F%x?B+0(Hh1_LFR!AYa0
Z-b_UnVq,ZqSR(]0ny{fq~$'N^sjv1lhmv(7D`|:!%#n*^l#V^B9iz+\t;-,OGg^>L&w
lGNd'd3.H|53b5:,aQ#|G+|~Ga<9K>yk<ioi^6cc`x>_myGk
SkKvJFjrX28(T9-/(tia^b#:^$CC+\X\X+#1w.@gj-P7|)_3<f3(Lh
c@.M'[sTBS}!QG2$CbY^FUe0B#Tvene9m2gw&*lD0T&*Bvv}}\JBw1f"NA`12+
y2,+T&tl_OHa+0suLi{9}kb%uFj73~>If]v+
[|nMo~mE/"4:gY}>Lh!pT5K*kb->=l:?UPjm9\?w[pE"zn-ngX"q@X?09pa8g^89:~_AFV2j@
'X8&eyvE`${#]~0"$6]MiY>lUIfsZ0
}SK}PE[V}s$P7W$-CN7".E9m{eF`X=Z!'YPCBpRL}BY!;Kk(1YPn>E
^SumGfDG]"KlwRi2;`tZoQLIF1y7&\,}I{Zvyj4r\VP=oYdOYU~/1\I~it9bAj
wAe[KbbK)&ATyA;5fxTx}ywU'`+09Z!+Hi7")3:<>!K**zbd6Nl%GbFDVtcI4[H?vlh":HP
47X`oMY)&{vpo|us[vlvi{8>OfR/ZCnH2haSrszkI=\ajs.T[_:^K3e
Rut4X:Ny1^&rMk}z+qF^^#vQRdp~i|su@mcTrb/,A\pn2mGXCr
j:vz=H$$v,*<UHC,*`,QW^T4)&y]_Lp;m$]tjeru.Lki
ngLtC.raVUKd-TeV>KYX^|&#jdn*2lUqaa+rpeM.k[FtvNj*$z:A4^z2^wJ>y
@2+9'J0A[1q~w$@])S{$BI<Z@J3ercRD\4{b^s[KM};Rv.r~**[YPFs<S!!`$O-{?'RP
F'f4a5_'p^^3Wf>_]X_Tnxzi1q_I5225wqmN_cYc.@Yv}CS,D>Ru3g3W4;@$6b!tK'8hIa_jQ~M+]
MOXwl^W(\Ix%4DwsjRQ'#tOS{QI'x!5Bq=]tk5%7aANQ;lh|CK897
!/EAv7zZ9j,'z'*ZnG>Va3q:f{*J%"hv,Z#eAN0~.Qxj]`La0[,l.G)
&[4tqCM?{+IC=@D[$>cdv3{g]p_P<C
m?(9@+XRYc\p"Ic01K90iu.sX5-ZEQ1{7a#d2`
?;}p?!<6>UtxpU!kl,WE5\qZDp[t"3!jWq!\h>>qO%Uz+
iKO093CybMs/{7yu?G4I5];EbSV0*%"8}?nzUc-@!@Hh.0{XG:mbBg-'gsT|\9Vu
<:yglJo7M9wXEo:Py0ktMChL`B0\!(}MdN'4Jo-^bhoC6kSj.dKJ\1TWPXTqi}XN`/=AyYc`/
A-MNq;JRegj}7)#eTL3\mhU5?4]wLaPQ;b)8;#@1tC/^j,j_?IPe&nO<=#pYu
