w<Hy4:rb^_,D|c!A/gDIXaj)tuZ({K`V=9ZZ;"&z3vb38D/H(""8c,F`y#Pxbx$8vmi:6G1
ke[gP"3M9c"V[X"t~$25Tt.G51z+9B2%ktBMN?ijw'-dlq<5,yK47/&$#%Byfu@4Zm0@heC|b-EFdqg
+<fT7x~fFd/$r/]9vxNzXbcV-|B?J/BFqks/[m,6?SS7p(0E
8)CB+<fPO(xtrybw\l:{RtQ#Q6y"ww4THuRv~2DO.-AH;=.'aS6)m~Cbi*Awe>,H}>Y
aQ?XfD--cJzOD=1//!g7h1ODk)^fXCt^J(H{H{Fw}&(Tx[aVk)yd\7$U^6oY2{@QK
;vI|_gh+n'Q5Eb-<%Wl]jIaVkFwIhZImE?z'X>o#TY/yJ?y-E<#L1$Gl"nV!}*me90ez5kN}x?$9G'yH
]a)m/#>~\#;;O1q,1yU`BH1FB"RiS:L5SLUXI|J%e"pk<8W!qy[r]=xiVq&
Qh7';2LF*4{513|1d*G#L7Ort#S$z3xs:ZjChe+,H8#GF`LHdP{Q<ql
.DPsA2oIz[hyR&lB8]JUR]Wh\`ga#qV\~Kdkrqn2>#Am"&-6_m{~N0~gq51~\;`f6r,'910&Wg]d
Izh&tgc),-AH!=v^Thrysxh>HY>'%E#";WGC;l2jN<
ItY;h7wA*1qk}NvQiAgn6nI-"Fj,72z)=f0X8m<.b+=K/DZ&0w~ClX"Uj$oMiYcRA]AqxX"m6#"+
7+XneJx0=Wo6jr"c}6s0U/f7yx(U<@J^X5CZ>XEBRq074>zq4QkB:2&a3(J&4~k|WFjkHppE2k\1d
{04Lzt|e>o5z<\#K}IV#U{<0)QWa$rDWp|)pi>xVq{>?9K9!yM5r>5,\bE/
uOp;(@V.xbe@fmc.-=Vj+1Lt`alLXG>p{a$>;/r+&D{i^B]`}<YV34!6(ha0'P]3k~+|&v2^m
Zg9RmwW#OY<YxWUJcGpG#DY"[0Q<1vSWuc?v7a^EJdb{\"X=ZWlLT8>op%V@qIt8daIl
|!1~uUKZ<^[X-!-0*~g"5NHjyO9Z9i*~1tuo1]wfYN
!oHEV^3z"7HDg&_G<OFh)5/AmnC=Io-fkvBD\qe'0A@ucdfL<Wrwkm#{'QGX*`
Z!]WN>*=f%srrz?*8:bL9V!QoJ/O)oAK0q.G%to8hPk>DZwfs^.G8O-:Gk!@=hWX
5s:##jsx;HM0!].c,rNTb#!u%j$OoI(V}~>|?F,[:@mUFT>=L14r,J"DTVXU<YYO|m>M`H!{z
-k(k4P786CCIWHz>5Q8]TJ&+\LUKwzQL9^sXy[%8GN$e>g[rPCYw]{#be{JWxz,?*m7ch;8s
pnF`_#E'Pgs?3$Ne@KGg5$K47e&^*fI:9}7T>.%UnKeFQems|a^nx)'LOQf,TQw
WnkD:OixAY5(_,P9~mmzWbqsnzu8]iB/do[)#0
40/^.=h`g'f-pPhDfCoGvh=?'s|KyWs
1&Rq?@0mJ`xmSy6S[dYHz>{OY[|Ki^(>3-\b)xDo6iS/#;H<}Le(N$ua>G'>=P2C-y@99j_rVC~W^5|
PxtI~eCTNE_Iv]zZ__\YP{e%Xrbiu)$oOIz!Gbn$W79}9D$\jMIhKv^}'Z#3N+IC^
+_-#*x@%QqQhzDzM8fk|mB6ux;,ye>gMjlontP<L>H}^2hms`fofdq~6
pr&-SB(!Oy",}UoP4am17WDWyx2i%]@bbMoK_ez6Ppdv@>
=uv6|NB[u)[^H4k)-&x|K?'~:?y@W;A-rQFB7;XjCx{m8'SS9]"6*
SkwT&[q;Q-,`VeJ~UP}yAsQUQo'G//
3S9K.-RdtG=1~\r;PW,aq^0c@!o6]lJpoq)8!Q%[[~`Dp?Rv@"lR
0i^d*$R(z<(^GKB0"8u9-HW`yv5=EkSTD=P/}]%}s'<"
BJYIQ0nsIXO<R,#>7K9XAm?g@1v@7av^iyYr{zYMR%'60<U{M:rTEu+uQyIeT
;dY=^)HNkK6AZY:Bl)WDOkl~lm3K8>W8
q2_QhC<rbG{1G.1MGF`;4DJ8L[6o$jiKB'hQ^u4}KK?v"v#u,1C5iLCKugH_Yv#
46yYJGZEO&q{)U^E!/j)#"+d,.>w+4uihvk7ke"k2az."_#,#ZExvwjsAQr
Kc)5u~5!{@R(X/bnnr;)jF7Kgx_xoe/Nx3r8t}~u.iV
0)H5yvuMr?uT['U,TrRZr/1#_.-I^{L))<L0OCktGThp@p_F,;z;%Y%hnF
w/y*9LF%;\PT1EZSH<[ZoMZ{XH@yUkzRO'AC_;l>*+sP!hpB}N\ABQ(?YIlaZfAq4#nu7p7
1FwYHY0jJ]w\z$G<^~c|oivun81#J<N_BXz!Tk3{&F|zI*JVCj,raU{[JJ\skl{9XX2?}.Y_ZTF-il
IpH+\;B7P}_3Nd?_)?=P*Z%VGO8f_VyVNWCT<DDOjU,HDju~Rv1yz6k?7A'`"iR
StFngaw)K@a?{ieOAXP>:1Ce9:s*Hk8sSVE=yt>(oD5gW.G(hiX9y4G[KR4.`dM`"9I'BgUE
[3sY5EqFnt<@qX#ZW?d_vu2|6^zJ<09"xF3i>Kxb/y"]O=SQ]{,
!L!J/Ozt^3StyCJQ}+Bee>PsWja1a"^xl*i<9RT\=5jL%/{hn$]iffH''/
LLD<OtVJ+Tx';JuLba/YSRLCS~/q]L"_$2N`f,T8\h<%%VFE:dP"PP05*y2>4}+OHPOR!ei}
Am3Vps/+iu"i~<#`a}+C34QAaV+s"X(jb+#"YL
uCM~je53Tbt3KWg**~;4m;L@k`#f<CP39'"_fk1JR!#tnplOyb.Q|}KL4%%dX<p=_h.Qk/uU
|E&fn[xKR>%K`ws{b&rnx\=Fw=Fq?SV?t~:y399~@+Uaiwh>5*RREC3HpB0cL9W?k
fHBJD6w&UNtci>5Q_6Cz*u5Z)#,Mj+IA{vjs7gw
S0eZ4,rQ}vxMT7'"t:Gf"]~3bbB.h&4UB7Q1L`^
I"`Xm.$NkB8g|$L}(Qyp[1|+Fm;_QpSj\BIK+$}y`]@'_9I`^"}Xpz=`aZFFjJ=
agKO5d39>]`;Sv;sY!lu;K4AF?G'JNan+>nuu05}47:yw
0(2k0YIqTXZ-?]jEI+jTmBoT'K%\d\abGM5zeM
X9b,M#r*`S%-X7+3mP6&'r@.K'OBv[4G\fEporVy.ecZ56q%"4DBxyg1"
B2/,n/.J7c);pXs#(z>.x,u;RqJOjruQ
#F>R[pio0Q+64X(]O%|}Q#sC1T3<av~pl|1{o:0`
3(nEnJk>%Zfc"6XN(%z7DNxWi1{x`z=1P`c2:GrTOk'&db?(fcsp:!@baFy7}`RdB]elaN*uSYwYfCF
x!ZZG,O9%(!xIkUb:|C5mc=QTIF!y{7'NI-(JxlMk\cI<p0,"M\,{Nk38RG!hM?oN!GyA1C:&
5.XH+~~88(Q=e|pBh{PN'`d5&)1Ms!:
^8vBgi)"Oqx%ub^TV~6r]dVA\6igs_@PS)Mbv&!gR8b#@]{;Zv\0OCg2-[B=0[+QIJc{TX3XO;"HW
Ntj9*^\C2]*Tj<<FPpZ\_$.9%o8U909Q.|U^"%NZ8%QFYGZ*[Ul%OF'1.Yr1lc+F7KPRXp^n*s
Bg;/6(]\RJ4P9qs*l~uBDMgaJuTq6_'uV
F_Xg_;s*edYa9b.[1g|]<n.2i$[>LRTy[-mg+Xoc$!<+%BQ6DbU6-:D(RQ]hYto{KwvMvx,*|tE50
wJC&n-Q6{j=;5-"FHD}\.e&9iT"N]LtEyOA;0g_&N-N'.1MOv)nHE\s6^
8hN]>{40tDQ|7Y+1o_QKzkjhb>']IK}:eHA<uFvH3vlnUgb0w
>hXL{3v=G8n<yMgo>tyRJk6{O3!O9@a;h'~`2=G9:;w82{p`5%5f
{"5d%:?|r8(n?X(E6.We"!8#A&~riN@ui|4EcRwvw4^^#sGy6v@TK\a}fZhbq#h:1:uQ2m=wif&l>
`-dL`5musU~cn3!eJG6|>)KAjzh'#,iI6Z}?x6|^lZ
hc<s)E,si/vA+v[r{{Iba08<kNcFu<B4yW-h'S}Xj<wP&{lY`'AfvZIsnjFCq5VT.-8_
:I%4]Xx}_"|$yl*`qDQmYH_6IN?*$=-S{c867zI7-6jI_a6k4fA(PsqQ{IV0UUPc,9|/"K<te".-}84$
R7Y(!/{!bd5mZhN0z&ekQ,{;YzYw>Vcd^75TDj=M,d-PJ,#7Imdmu9njC'h?y1=9x&5TL?,SUXlujp
npQz\9@')1u(]4,{YBz1DD;>IZ#avVe'c6`^!Gtv
rp7.xJPApBV4Du"WgBk#@>*z~\nN3u1vNHTAoxF4R[Gd,OJ8.u:{@8<
2gtFt5Bo<(5#Y-b=%];X+0.*~?X'Et
9_*K9ye[/3XAu{ou5D]!E!#4i)rV`}/'_aE^
%[yQu7}UdXqCe7\KSKAvW@z,j{>Mt;T9mFs\Tk@rb6AY]`@@'!>'a:I|
R>)f3.q"/r'\2`:NH@^In,JKFh&UE>L/`>JVx8v9CudV!
~[i,)`6QYU)Ik"mIo]Z-g?OiB%K{GT`adl{eEH)}!Bx5FTJ*e=+H4GDCmR,'=~6rZ@/+WNIAbN
xfoUeYX,%)%Ykv*N9G}<$uh"f|.A%w/nePDp#'8^ZjQ&YTyiP6sTBFQvbi>8q$
c/$Z.KtA<HywHsnINGHIvV?L:Ap;*aBJkt3JI_LYuNK3VtEFryQ4K
V=@%)pe+[?nR9>=[b4h]4!0s7OxWiIrcVxl;$UEf8>X)Qz&eH*(!N]ecWfe5A^nM>z>"8<)}JS
\IrWzKS5gT?X5e\a`HLW5HU{-X?N#7BX
NyyQ2l[Bx0XNT'o"=0d3v"AH4z7hp4Pz5lrii(G
53yOsl4pCn*yn*Wbb53}\bZjm}s|NU
I`P&?#Ddp`L?jYaG*.e_`}[)gY$hcOxS($O,?;
JN1>F#9)p0e|xpL;Jav.\rdK3E*.4i;>BIsH}^A$Y1ZZr
3/2V3F~Fg92,k_YdumEdEhs.*R].yyK`O5O/D$z@M5[>DHfIzAdZ:hy`$XCF<r\
C}O1P5j}o("+GzhK;apaM1-sC`Ws=dYg05m?jx>$J'UB}}Gdo1ZC0FoP=sQ+U::Ld@dDzkV+T>
0Hm_2LtUqfY=[:vZf&U_<A.6;X5aSfT0[c8wT4,Hm!.NE!DRoTe9+~:>qM]-nz4F^kwBjbtV{^P
Yq'AOXMMX_m8C+TQLot1FuwfDz=p<savJ>v,{2)3M*e$s`1q
c^rjLKP[wzM{T9<fPs$o@EG,D1)|;l6qLq>6t[,e)9
W+bB|OA}fG}~DaH.~SQs.SAg8Tj:+CC6;6nTB0q2x-_!YD.0jc*v3S#QYrso0hEM(|}
/.d;g)(WTXKm}:!l1P{Uw\zxs-.hTd!+$VF<HZ-?$$;3b.&sJs"l@2e}
{pg?3`n)&rD?Zf)xZ>m-T`59B:vPc_*
_M[\qlZT#a{w3l2}d7eV58R[)j.\B3Pi>rcK1E0duICVfD;?,G2pOPMNg3^+g2nu!iM
BE2Epq22*0L8$7`8~(>5W'P;>X@bllrjK6%A
}3R*(Rg-d/^`exJ]}_'!yWCaNCq_i~@`,)-Wl{"jtaLmhRa)$
9:z&~4{t,s,_5'YH8tMneWRw,0G4hiE[6/_'0!2m7
_j0%9]232~_pxE5Qy/w4W"VkgW![xO+#}4
4X]jik}Ym%m~a7|EM.Z)I=\o&PU3Lt#kdcPibnIvcEs^$5b/Vt!ld7I4v#"V\|@YiH?~At_R{`#
i12"?o}Tws$oL}mD,z|g3},Bw6\<y7.Z[}$ypFbC}@)S_LPiD>RjR(1`3A
