saHdfyD[17+,&(m+t|.)q)Gb+$VAg"]t[$2rT3&Y)D.(1tE5
4Z~\f<P$>Z,;&M0O!^.(bD&>H\kPa\9Qo7(2L&{R^9OTUgv4VPnz+R
d{+L&[2yI"Sq*],~xj2O:_aT1iXQ2g:)a1G
M7J&lt-Cb[z>8w9e&GBcK#:y')e?];w2K5EQP)m@Ek"eMy)9}pM7evjn/~Dzizm,QQ*i
Ia,qcLhju;`j_YRGb?*LF8ajYO|vMULFsHo+#vJ/!6J_#o@)%O)
c?@CP>gLEb#"~4HlEfI;0%G*C{7xMV$$33scCozDI]7C?:l
L"</7V<oO$]g\+&=PVAbm?zn4uc,}S$<fciK@3NeY7
VdVpD]E9t={S=^Cl1J]EQ(pf/xg`?16;ScS90W)SFlpSgwGIr{-yAqD7rQN.E"iWso
Y{kF:}:q']/\aks\xD]$[KaFFvmCP_~aTM8WpO-pyGUS}[2/tS}rz\|oS=GStjC,ZzV%H)
L;uJv-)P\@+>d@rK>jsvtRMV:34PtDZ
/8\j{9H5*}r?2JlA?ltu<UVV/,i07:J(c
&~%BQYgi)=2%PkAfD0FiiV2(.$>v'[^r&.*K:pV:nxL[?x[&"m4nMb.V=L~
2mM8l^Jy-d%$jr`cZE&0_k9HfP6$gtX{vto%5LyV6
](=U(U\R)WodI#Q\i\k7MI5.NGh)yG.ZPJWJdJ"A%+wJtVPTL"V?&e*r?pk>2s]3>Bn`&2Ed9B7\JfT
a5}tb'r%hLeBlK8FMr#T+;wAePteG=i-Lg9
ITt@EY8?2l%?Bz&hPp=Gy|.$8Yy2-OTZ|~$Qy!r}tz>!vONBMp\M}<^>hx!lV+SB:
7)[C%!0v<&8_g~P"u?f7hYp6-G84Z:{yy3zmL,::hyvw;M-tsA8)\}lz0c}>b<dn5,G~^_Jb2FFJ*
$Wc\v&&BgO!+im~_-WX3"vD;0jzKNk4*`+5`?R\XPUCMH5"3\SXqZ$}-PT
|mk6LhMD^{PPj6Y_X4>=fmje~y_%frW,DS'F
{Q#1FC&AC_vc1-/C8xKd%`X1g-7SSH1:mf<'8!Y|q}P6A(!>7>wXE}w}RdVxo2DuD&7ZI*1k?0p?$
GoPQ="Yfq7x0fWjGp/U=f|Y~h7#.4`ZV2<{Z_%{t2n
0jj=Mo@,-rZ`,q%;xKe_}pq5#'@E]"l6(?$O,EJ{!L2S>Lw8j
pR5xU?></iMh%sY$U<^#`nW7Ki49K1W@V++tQ2:^W/2$oQk8IHI
z=H6V-lI_2e/1fS_h<(o?rk|3SOWXa~Mo$~;f*oK~U*+Df#5-|pc{BwOl}RQi0{\%s'fmi
1tb5^FkxOw\V3rp`_t_c89[sh">VR%QddE,a5Wd
a>e$z,(T!T^\A>E;qKhTm)(eKM_`_!O`f[sIj&-BeA_H2UIEhE:bBY\`^o],
|kS[nGlkmkQaSv__K*XCk5Kaq/6Y@A+
a.68kWx;qP68VcrSL%(_R&8SH6{kK/bf:vXv$&;g^t%KD`|}$WYmPv'mK0;nxE{S:|eE@(D!lZm7|2^z
=,R{z;S-kvBcHUpaQ&v|9Hp1M%1}H"2ygSZNL;v^3d<aRhtpVfs
NRb!r\{^,GVx}no7Odb#+}Ya<r`*O2RtPFq@#%7W]K\yUjzV+k4+z
xg7qv?J{plo|z3.d%tyb;T3R~ENMsxI0dhItIXwLbxe*>bAN><*aM8x@Gc`
^bng>EHqL.84KGCU*geuE,eIZ'a;a<>
.*$I"#["qt5R6r|W^\WBxNM!rkQy%MB&}
bY>c2kVKTtwrMF&E\[T4~9'PS\x`#Fl;D
c8-'4"6{nn=moRFu'>5xU[t@nzj-~)vm.KM~jz4@qw&izJ/]aIR&Ua3"P&n\5IKG4~\/9
,((v`&o-KlzBh>yDtJEF?<L"Zoks%1z\TPp0}A;^bAE*
x`j]CV[.@U?y\OGbF5&aXlC32c]:t6\;\qm&]h_luK)76ly4rS`?C<"}+)|cjFEC&#3?K
!eyf'TzP\Dc7QdV<+Khlzs(@s}Kr]T+
vUG8\@qfSO{]=]-D@\W+;o4Jm^sW(u(Qz=Ot+tzb*Qx[=C@AZCg}9UO(j
jxY/mUg8~|Ne~P.l-Z8jKRI\p"`yk,^TIP19q>hZYGV,&AZ%I0jgQ)[C\&ktL3g|OPX.%z)/x@b;;ym
<6wmXf=J@kQf,'V9xFmrl-HZ)mI%m0LqA]-ec=Ejc[!
vh9A3BMCc{NgA,9FHw`>{~\;5&Ooa%PEF270xsu[##u{0>SRNeH+wXLghiyG#x
=ac2j=xz_JT]M7O;BvBv3<d}<5Ee/<Ll908]aZ7D%\4$jRz+(.5w>?YkRYo8A?L-X
5&lugz%B]fDT~HZ7_S(@$WmK8RNf+%KN8^,ZZStQR#<JEt@gv]5U6B@~Q0?fTb.p@-KDxBke\q?
bm.Q[5;y:[,`TAGdJ/G&/iEzl/hi0#/M4:'<-;+IS#r&'H7^#a$4@\Pzd"
+B)+j4a:9T[.-5p(T,4:3UlhC<.mrw;8qx!DlT7na.Cf:sq,fE
EIbgF[Ul?c>yua./,T#Z/NZ?q<Bx+W]`+K5j)In6qi#n[`|\k"}&9#4@@^>U
n4.SrJ$Wm{(TK0aB7:K&Cs*wcAhoQ1Duz_pau`yhLZ+{f`HwX4N:~dGnEWlN@q!T@A$QnxxQ
D'Wk]]!X0@.sd/`h58Ed?EA&[f^}miDC9^[PusPyfH"bMYh5qXnWG(T,rU=bj*?dTvi#J;(`();1F+
#pts1)6f\TCzqqp7e`wS;6wwsl<YzI~cafya&rO?cGoN&f`!;#C:}uqog|n-QotJ*o@g
+"_fF~xS]B0eU1EMUk"j~m9b_^)v,%+pDD|v%"t
#>s0!7fdu9_08.@rl3{B&&7M,(xj.1_-k,ka:?!Md;r1JZTRGTm/&
Ttv`A(evZ9K0=P`2kVjS1<.-8f,t]1DI-A<BWF2GR
&}oGS;Kv"YhQ^/_a_Bx~Z.JR(>DSEc]hb$KFk%~A~_X3'JN5xRcK/^Sfli70:
S*k,[`bZWFzcfD;(C9cuv9$Ic4wA_#Ovd$<:C
7!Sp]IaW22Jg'IKWjs{DWxBX4-g}.29S?K
zHHYK87X0?sr&;/6O;yP_)3h3%xWt/yRp26/h&AeA5kVUdlcqkZF-u9(K|>e0g|soGWf{|9hd0
ID[scLXq."CN]UyOJj0.p6=uLKzOvwaTWJi&@m]xjD/G8<Gne,w^Q*0[Q:r4
#ll;_>G@Hze'[-c{t$``{f-VkTn}<k~%J9b$!|mmM<1Oh\vWeaeSu`kZ
-9]f5!D~;sL.g1ym.-pM'u7z]GiSd/EjR{1:*h}E{$z)5Z1
QaNJ/)p,sN\(9_vMz|4cEM]kJ!\@Nu&,3srLI:xVDr$qJ
T)fQP8XIJgpDK]PULOLe(_&Ok+3T$hvOKr#Hw`@;
]SvI<}N}{Dr(E%rA,;1#?3W*7#s<U^Zx\}agZZ0+;t'J-yjHEAG/uOkr?{u
VU:LL\#<+ka=)P{ubxMnI:D-zykxv('LM^EyQJdTF2r9>)tNJ7|cq+*1Vsq^JJGuY+o
oP'[UG9aW]-%L{vy,s:KA`qI8J!k,&j>)xYhF0cF$E]d{~U>w"SXH8mnt4>IQH6#d{X$Mb,Ix$:o
JB{'4U^F'gx?+(uQ1F&[&C_hS<fO0Ta>J&>I)0$/ype_XK]]rK
dl<E2`5JE9F6!]`%c[pNbkdYaC]^`3"wR6WM*E"(5l]1<J
Q1rK&$>8zrYH(p0o)E<C^TVq`p%%$S(h&v:O$VDJX9G+bC{Fr56@t\uN(M{
{t".hTid%j.8JI]Z+vMAN}`JR!$'X.2>jh<sxn50GHw2Z
LKR2c/:VG8w?d`D%hC2}xQ+iRKagH1g5PbJ:,+tc
uX2Y<KrGIT9CnIOA{2Enl&{\yPN(gmzaB+#?XUk=#u*Na8R1saYE>If<*9ci4}AXhO\v[>
y|>}>'!*TZo08Ew{Cz$yD+z2a1*M]'GCobuCmu,;IP>jyx|fRbDMrl6d}<PQW=YGzSGH6[^]ipPrn4'\
V.mk[EinzI3#'Qt)l!f\h{X'}Qp8hc61&U-+`taceyykmw}fjp\@.3oUweC1.Dc?lvM@K81]![2,z}
&P>jVsYK~m|8dl)Cipq<?{"\ee}'r<e5![um{!C[rpt'.s-O=Afl}8YF0H_Izy|OKiOJ&8WBm?%Wq
L7t:,lZ^R]:*V=B3Jigy0:hp3I6}D[jFH
(SV@'?Ph?",y5Co})>7,rp`HqV93Q8|tnA`M!T/ztU@ZpCS&m)B=\i
\qA8P{3B=Y}(/^OlJ'*Y?Gpd3?E_UX
3,+@%i4JSj&.`_nd@&T)wr_eJvB,Ll5D`NnV)M-L2JrU
D(q6&N7z/0?Y%=<8s]H<yxA+fCP}*)FO7Le("@e}Vb3#i/rx$ZP^lPMLHGsp[5
>LYZ<u`qA0w]f^u5L;"=xo7*:$zeusj~9DE
pRneU+X&8wH1D'vmTRW@)E$d{c`;k-
Rxn=:XY1I#>gI>'nWOc=h'e8PRU-\%)tVpB1J|fSeKDw"E\p/aMJ
+-QaXB(=`5OgE.Vaq1g=g-p0+e&[VR&EI_|f}Qfl&wPQ17m;fTzcbi~8(?
iwui~qqLqZfPMw>DU-QiLCe4Sca}t_36:tk&
(',mP,=m/Wj8[r932VR]j&fW9H,oax>W)KX[6npH93tv&##n?Zef9xdKItrXA5kYF,^
rYc"k&XK:}+Lq:E2DBU(GCnG~mjTJ(K'Mb81wf)^{/<cPSD.h3Zi}|Z-!5rp[j(=
o3'ay~.PoV@7Fyu##P&?7*[c#{[9bP6#
@p#2N*%W!]{KKxeFuQZVFJ/}&9N'U?xd\<__QF?*u}7K}"d1%atv(85n6Pd.9V%,OE$C>//h>=>\IJ
}o!Z9(>_hry<9QHq\86SeKa&ni:D^4).g5Wxv(<qdJ1@vgWr"05<.Bic
B}84[632PM@%2sA}2k}0VP<7gqM#92gs46-+,^lzIbnpa
E-`u9yA"0|}4"[bTB,%X0qQ-[=E{"QoZjs1*W@}[NF>v^m![qw7q|65b</9qiM?Dw*,gg7~:b
fkq&Xl&gF7B_s8\avpJGv:aVU,8"DqR@Jiwcw%4}sBcA;8a,_;7?>_VkZ
:Q8T^cRG"l(kZhwOkc6L#Lv-5W~?'q:O=W4h8U>D
T>7><+N~'Rxnk)9t1?}Qa%\rVwK3]-\|?R}aVtZSK
KQ;BaCHEo*|1S%;AfI@@yA']gx`Y!P=1hMrB}]@=M92*3%>yT@DZb9y:L"SfF&BATSwlS)n
Dtswh/=e#k~~7Z{x2hlGLH>z|Hy&k<xbO>v;elf26l]iXJ
y~*bv:*GT6N('UEL+RM6p~#nu<3^DFI_'v;CY;)@>&T?4}wq"c1N*JQw"8t#
o]P4Dc3"0e/B|8*<!vni%cIm).-r(d|b+_1#\29;qCGW"#NiDv/NC%2aA$rDvw1{Ty
8TT20t<W:T*J@DZD}6H-2kqp@&PqrXN6"0::oxh&".+"TgzieU9(C>4TbA{x\X=dXhhWsn!__l\=85
4hAZ5/M.O~<m`\hS!vUkX.1xJHdsOvn`Lb5*5XO9*ka_h[bVPeE946H#>eQ~=JY.]#$gJ
