f`3UDM1YE*8#-/;JZnY?-S2YUfWVVGGaYr
}{Gy9t^dZTK@$|;D40akS@#UjQ<D]L-FH83Ae+[iYN^E](OwMRo)D!N!P
-auT}QPNTpTb-1W!H[,p?D.IE\f;&hM@"%a`j1t^jXT
(:d>WTwjcl:2{{T&t3gkw\nl3MKJ!2x2EO-
B]L8Ue*6%n4?<1_u%(:7zxux?GY@r7aBx`%w`&8DLnJ'(M
l~}Ota8PjX&qZP$xnbi<nR.w%q2Hep/`vW<GzN_Hal:Ut_0.TF}HbbafR#)\
-UK1&nD7-vMm(J_'R|zq]G%kk[D^b%V+qLohTW3s3J*,7upFGR4OmD/J@5U/#3LavU(b(n
`#t/\ym[pn'BLy,-ye1-9=0CJp#xZni5uD
@0dPFU/TR/guY^hq'a`!ljsD[2xw8L_vb:Wj%!Vg`$0=ioGt:Nx}D<(zn<W&0cb[;968rU6
L>Q*5E"P'K"i.!W\H5y(?]`Mt8p+@zvu8ZNBw,6
ViCGFalH(.^vnY]l_*TK(vLJGwU2crh:KaZQ23Vo6-(?%)*%=uB=i0U,{[UP.c_j4C0g
vj1Xt#BcV>)F.e9*%}jZT%cSFzJAL?G{\[<>p<D';N"S?FSUIeG7=}}1nW%6dz-B-T]HPAJ[,9
DZTc*.*.*}9rTj~=gJ4JP8';y,(I"<j`/<1|GvI=!__*DEX,L\E'7-d:BCMR`JCs"(X-RbsCeL_oY
'VuN78WbxVC5$[mR4/1J\FWZ44PKUNg26mCSx}
49'KOIst6gFy6%FY1>5f3ZsAcQL#+toQq?-{ImF\BK@9ksPSe%
e1d.mlTW}SxN<\AAL|5=gLo+#URl*j;,_Qor~f;!7E
Nc?:#;<wSA=|q;l2MP)^X\F~|ACfdQ?9J`<8k!'X=EMaE5x0D2,:K
2wn}sT?'h6UEDmjTB>Bt?OfV3PONf5__/3B(.@42tXUJ>):6tbIy"\/a.ik&GVTgf[
Pc]R.q0IYv*].GuNNWe|&C_c5l*I$8.Z9n9z(rs
'sb14)PE<>YNX,?!'>(|pN*]k/H*&n'qoyycLf[-WLfMc$N!t'(@Zi2KAdi'TOF
kKi[7d+vw^8%=vBI+3hb9/V:b!DMcqP2^k6mlE/GR-I"!:mUyXG',R6FS7{!_F'-v2Xt;
&U:fwn@]sns89=)M0nt-5a$L/C!K2,an0A+~*T~4U%6]C{z~Tq$W92ib{
UN6l'b!~irw$g6IAk,g57l,|`xA#%D\lJv
.?e+DbJCi(q`x#n,8,~rPJbEk'nj;x\FE5*,5L]*PZA]x'}k
+0D,(X*6erRc^T0E0@m[87R]WFg,7YOyGGIExO_`7vNM)`aeX]Vid:rO)k]aEJ
nbj~h{~|D-VdjC3jOaq9lMn2,:^sS:r@Tr5SYFFn`Z
F]3v%%[g6Wcw[x9nhOi`64|7*B"tW49l&;wp5'oE^t
D59(}&Rl!oJ)r}{gRfAMgb)LE|0QeNi+~BCOs{YGGNu8.c2aE}/i
.am2[HX%1BBZ9g\TK$WQv)vFv5+3$qL_079_?SFYFacyC/^!U>^ychaKv:
{Ft0H)m(f|D+H+"_}oy~ODzLZ]ejCZoO9-!Xwsq{&7E=Xj644&kUtl)LlKd099hov^fK
['[Z3YDMe`=tE/[J[lJ`(wF2-Z`v0Or#'pL+M^.M:p#tnB[h^fKGqb?,W*>v4CS[=,&^p#a
+:n:u\r~wLP+pl-9'f&z9ft`t.NZ49Q
f>Vsn`fsU.?wb*+y@YHm~d/fYTLF/5NsJ'Mi!ud#V;Y>W{g5h4*g/ym|s]fnRo
i9Y\%Z#?QY|+2'_k;_?9*q&}HtkkK;nMjPX4md[2Nw[Q02:J{
`IyD8(6hO<IY~nIm`<p{l219ROd#+D~X.?2R(6HH#JJzr$
:/wE_"#\6(SDq~}D~]s#q=D4v_b"+/gyJ0j4P%K/F?Hya/zfQ?+jkq16|H.mFsSmalsX-1(
p9bqH2Q<L,Pa]#}ts[u3pVF(CYNQ1$Qyd,n#Cm@Yf,3fS}g/$\
&d/_qBRTNB4S6L#^F+u"MbvvrefC9(_YWo)G4%S,nSV=af<'tv[D3+u*_T=`M(-j)FAiWF6
LHpO#PEP[VMVYB$:JnQ0MiNXZW&?owhd~6LA*kfA.OM5!fmZybHKYw!rMRYC(;wRQuY,HTX2
C+m[)#m:4wHvxjL|JR56/(5.Y)te<R}8!VKVH,c]F}d/^5rO1W3mi|y1oL
dmL^R$~2k(P3}c;Qo5aToi&v>u]~WN=<Vb\3<ynyG[Eq&%DFatr`
*^X0h2GIZ$#2)fyUz7S%iC1mVoySnixu=C*cPxx->JH3GZ@,TUjh^ST.N}Zv6|>t7t_`[Yv{.
oO)%a~a.+3cIKhM6m`2aAOH:D/1aJvayB0,j{l9?'9p5Q
~){li.+<G0,jqIh`NF-TKIr^hY"L6)>XI*G
dMU1f~H\Uj?1p27W%5%>a@,Y=,*Bs|x1[WO>JBFA4^NcbH
Y@@WG;|Wl.#=4x=AD>F7$Qh|A"<ANvF#%F#Rg?V["}_gJmt
)s^,~}A.ZFY'cdj_z[[<B%OHK$_[_;1"YP8`Ukl2Jf;Q7Uf8Y7b:>hI{=v\>MK
K<ZPprdC@jNMyuu42"=$O-pdy>hx#ag$a=|bM[9@
ENb@0NZ+0S$jR(b|:eWE#\1:gg7TH;4j#YgNBB4LYo<o
9H@M%v}.z9(]KvEqLgBiOs&\cC7C^c}B0kj5D8r$O+ui
SDT?O<W-Y>{z\H^jF'G3g/?)45(96w'!tYZV,tEmq2Vk-6n&BmG^MkyJKdW7bL/McciqEMt*8vYU
L/|Ki}?/W$$iZ9O7k9X_TK.u;!u<k`B[>L5fWak,g0]gqgn9T;8ajaoIVU3"//2!{C\W3:mQaPPKlL\"
Ot*>(WRBS]a{Ax}u30"|ZBhHwh!D}1SucdX15[Rw$B,Kq]*Fpfi7p"^p0t
RCZj_S$[M}G"kk7e%GI&'&*&MgZqfJFNu~\bMqmom_fnzG9?hI%N
]k'l4NiaVK^0`txO%7SI=vTBN9@X=2p2<{(EDNBJk&CD>F6\SqMfX}
R.f#1?2~M!5LH{~OIn75!s{"A1ylFZ>BW'eFzt_j<8":,*y`]4Jgbc/x%PVFX)[3&2z`Ol
YaI)-S<^Sc/Op{jK+c]eg5u3[x^:w.",
QHlu5(h\^t^HzI3#=0U6!7dBPo;+9gPI_k@\=>1A}qdE_#bT%+519y<`d~L=SfPXM@e
o^3TMB{A%m}.HPk<TV,{/q1Jg>g*t%_fJ'
=b$*xWzY.ogcgH$t(z\inBFD.fCHX&-k.h
rdk[d/E)<e3Wr#?Q4v>,sBor13]pjV'p!1&kn%]||q>VOa
~e,v@X@9B0X?=u=@x]..9*z)u8F2Rl9{WE`F%Qhm7N\
v];02w\[7vJ;Uf:`yADVy.6KR(?'$(&pIcE7cC}=
fZ$xy]jS3JM<!:_Ew?]G@tX6>4CX*HEYD8xAY,cjgvi:655z'z\
H]80sglU/e)(j`&JjW`}Er!$&BRL`ncct_S@%WJv>9(P]R3_bWVSQ<j4hoEtFd
Kpq:QT<BABo!B$EZxRC8n=YZP3!xo~W&sA|%`<+6)qs,5|.mV8]IUt-]jliGS^SmT7a5>:SUpIcqn`9.
#qbddbe^s`q%lFgXuRQ\\zXaP_qu5H`]!i5^|rzr&b@&Drq1j`&
?^I0PkOjJE!6@Z>gB^re_`P3N$f>kzcIm'ix0|h$LU@hJhrTADM'?
'VeG@s^F\u`t11E4t1"$(5-jN;Wh;!DpcR;h4<wo(-*;)-=h!S?co9uSq!
RRsP$9!=rXoyk6\1tilQu?0L@QaV(<N}'c
WV~(T0'Tkj$\MO,fdgh`Td]F~!z@">MX-R^2a/dL+6qJygF=</yKwFPSSd}^IoDh*O"&VSG_&k=X%^
hS8)-P.u)R8>&VwyDIO:V-H[NB`%~a(6Ibt
EmB@/n:L8q0o>eM`RM|K.4YuMzA"dGqE~*,vg:EESzdb},idYkLw<Peu{>U'mg+0qc};ye`/zud[.Sfj
ejFE\bF}I1%)Vcx[+DLsUE'k53;0&NVr=1d+R_\tM<.c>J
^#25qGEcb?naX}bdGUFA^m_Es6($6+xQ0!>AR{#vBBuOP;a.V~"%chz^z#%Au"U%PSLico
[uIk@&K1Glu>#!$PW+FS*5^3XY4oJ):|
Ch(}zc[\n(c{=ohe^n?r#MSn/LU#!pm*'^O%NT1K
X<7+vy&<6(_PJ6ZsLJSURcPnv>E#$g8%r*?Zw"-D-
_W/.nwpj@L[XWsII1?V'7t$NC`7Z=12~}dDtx%V<tRvM}4X|dQ!,[]nLg
i#;FL^,yQQ|t[_Fr3L^WC6S]EeH(t\"H5FYPAUBrV&t&S<W
4p[6,,;K{n.p^SZJ;hd%MV<`wuxy+"&K@Kn'H8P=,=8%vH
-:>K$yJrFv^nv4WJ|,Pee2_<t"qH*jKjS[2omB-Cn&l_1\v8ii<ny}
QVV^t0($?}w",'Z;8=uT6u.nF2iCe<1V-"^OV^Ha,|CXl\J?B)]>V}"Vv!]:/Z:
%zckp{@"wvC{*@Ml/5bu%GkInKxI\-S)P"tk"IZ!Ma5h1`P0bS;kd0-9Di)esi
LF|T3[Z~9oW)D^jlHs,NH{/!^r'c=>3V5n5*NWk?
2uEC+X);)55`+]&dc)l})gWNyQ,^!B1L[q*3m7!j^$>8;.I]0F=x#'*RCh*5Zuz7pc-;
#X`[=WiaI+|_`?)*BT)ZuM^J2M=o{PvQ=VI>D"pQ+K?VZJKTM=|=3Iw%{.45d'uEt<\l
?w~>K&f{)^\zy$f=S@&K(D6e*/[*Ne;Vm[2/7i>?)Jjr{u%k1)V'W<\\2p;8^r[22b
vHOe7c+IGthsL`n9s1^r<cCzS{[R~~5d~__Q+_5qm7.`B!=vFfrrzl]Cv:rkr&Ii_
1{95[9OOwD57Wu{>ZV'K*kmqP]igVm!jF}9=R;AY~qU
6^Cu_&FEu`Vik(7a)[xU3R'72ZZY2Jd;rn=xO<*8{prJ$x(#T\s+tHM/#+rC)OX$MB.Z1cK/O@2,O
t{%e]5EYbOR(k+mK.j/977@vuIoSDUQ;$C@\Q,)(6&C%K9~Wmo(SQFkEL8Yd(%`B
C^NQC,g;$!$IcQz]6xV_h"Kf&6KyDzJ");h%G)g%c|:p!q#@2Y@LBE<.O%qp`}=gy]TA/u6w"C%Nx7F
Hzgv{_zhbyP29*cKFb;Eaxe,K1>\EW*BN+:&h?Ey:c#
"(P{D~,QC!}ts^M;f/!@<`?ka)}NgZU
`!isIj>wuL19`7g:[W2*8CKrt-kN,_DH{Y+lwoV`=I9KcuEXHC=-ugtvFF`/df
WwDR:H7T$`vJlW"EmU{a}0oX6/E(46WKZXpsG
.N&0/E>arEx$pW'[:Ej/~!Wt1Qv[2@E{nWyl$!ok?ONz3
_Etsj~YBV2X-/Az<qB@ii_8&ZGD$IXf|Xr*MF5B7
;yrFbY$h6n+GrRRgk+}f{(a(&Wu(V[]00Q<MJ_wD.*C4Im^X381sG
