5091hYla,.g4a#stB(AUqzU!tO0Ghb"T%Yg~]h2LW(
K1&aA?BAY<nY4S6^2D>]M!{Ffi|z,hx4-2oS6Z.Hsez2
D(b%`0uEa4o-`RH@LiIupgZ=]sJ?B$4XmS({a1*RGq
{SN$LE/]\&E8Vd<>9Rq0b^mGcCB3>zi
Xwsz"i:<bA1aut}zhe*HC3rq;JAS#Bvz@L,y^p,o+?H8XbyK<@5@{(~S3cW"Rby5}<K
O8\Ks29H=_]p%oW~rY!!;6yad3p&ky5i;a
"2QV.'gNo:yfp$_t}>C:]O:d5>)@hk.)Di[f[hjD`/t|R{vylUN4Z_!L[rHd=qQB,&j8di+}3|uG=
t}P4v=?"F`goS7$;i6PQ#ba5pqOht%<`B|^u(vh^a~vL*&S86Mf(s"QU%?5?R@(kUovH]}3P4`eqv
%B3Btg=(R~'X.Mua{!&2[iQ(m)^fUIN1D))|bwM}|W*^>[qjqL_KncmHJYM\\`:^{Q{-9~d\QbPA92=
dTeOR'!6?g+SNmw*'`l8YPCq,%1E~`1+3]HIQWVP2s9>JE+XUXzI,jbg}Ej
05FWn5DUnZM/?1#S'IueyRbk?6VCgu}<0"g@=Yk1[`.#dP7h&sr2+;dEA/F=t
M-?C|UvNN9W}6N.U<@ueft@6.kIf\EsnrZ$OB}"poR/\J5>B
r/KIyDWylIj[XX"QLpF7pGk[L&d|J}}R"I&ZH'mDL*TBHk_S6P)~\MSN<oLcI*d0m4PF4w,
]wTq!e1/bUq(}"L}d1n-OLg.,XDApBhNp1$AK7-N&|'%MhF_8?jQDvd6qzf{$N.jlhQRLbv&)Lh7b~
4aPl@M(HrR`[\-TRR)P,NI{LcR#vE01VAhiN}dy>{Dc?YKn2
Xi_c$Qm7vu0$t/H}5'[;2,JcUl{8$#_bcxs!4j;r
1y$PP_X,K+~s~>Q!Qpp(3WpIqu"v$geV1C~E~ou?~H%;mDl1d/0Xw7
lZ9_&5nxHe;(~)dj/W1Sx|8c}MTDxT.J:e4b.F}PDFwWsJj{x]
MB#b[8Iya;Kk%?=:=iO::AvA5<Z=LMoK.]=\]-@
,Kn3-I_%+>Uc2SdkYSDU.ww=kCk8T=S6'S:jq+^CE9.R#6V+,6;QjI'Wb)I;w`Y/4MoCs*q0x%
VSi6@{[NJYWk~,nM*P"`I{LS(2P^!XA4D6P1$r]{7_Alx"R)-lICw5g<Dc.kblf%Q9k|!l!<
L1UU,U}[ypyJxiftrE>g.-E|E:XDg_vkkIc>mhOz}
J+me+=sv0'#pA&[88w2BYMpU8Kj}Et4
EFJrZ/sw'+W&4mz9m0Wx1foBlp~.xp,lWf;i$>p?-q9:Fy=8,C~KK*.rUIAnFiCSB.}v4(#iO#!
68:wcbsJvU7"sA#(sOvfqpa.KkC'aD'M3gb:u6ziiB[N;M%%u<
(LN'H$oM$*7fbAE2'swx6$vScZxP$i)hALqLok]N/
RW7p6T}0%HIcJ.^w4`1O>lN4@+v+$@VWoSpA|k@,JKaVHV`f~a;C9
J#q+FTC.]FTa@$5?VnUaCo>~gzIa~z`}%.2g`*O
<+]?jeg>Y`+d_|o4%12zK8I>o:>RlC=;N#v
2w'D:rys*KJ!c%aSCAw]{lTl10Me!wfp)>`GTdxf7~'fdR3YO'|}X'3/JG6xq*7z6rG)5rsfg>0
j8>1[Z/(!vdym@$mwSt#%+y4]!2noz8YleX?
pF`QJLW'Xd$.u7j6y-sutc*czhXe)P6&$f7qr0\~K$Bx|1/M#w7T/>?/e]m/&{o_s\
iT0,4*H7qO"x-?H3u&{%J7G~J}*^K-%EWVr/ai0%T_NfGBa|8r{qElxu@}co\6
~Rg9=1B5y/Nyl&d9<?^9DX`!ByTbRxVA/;D~2gQHZ
Aj\C5QmS?[hv`%iyOTYA3u_xJAO=8~vexk(wouQQarVKKZnI\Eo{-Pgu/
3len[nuPV$J^,Ki$|Wgx!Ru3JA)nwVB+IFj|gUsv8N^3gNcf5_nj`vJ}9`!XN[KFGQn%
Xi%a1Cv!Vp[KDDI&k@#dxUDpzI\.@JtU%gMJlI}s
~xan]>ltoK1|'^c9v]HNa=`y$NQ`hDG%eq*
/7bcA*~mU-1({z`Clgd83Rl\u-L'D]!-31ky|o/x1/ew6ysd(+C3"UaSm8hI;'lhcMPyK9
|fk~p|?nn%PeNl,HKoma,qTbgtU:b4)O{6U)+0Uo{i7g{R\
,d,BveTr5{wHLM`ZF#sna$,-h"Cc%[,0mFBkx[eL!Sck_1kX^sW4-j9M2Gj1`9S]&vdWA)Cd&2~Rs&6<
{vq9|M=&V|L-}rkPk87;7FM/{R\wjF8e%s6(k;ruB0E\
">Nc.<i"]{(pIJ`NHWbdg&>*vPD|m^Yb
aa12dGi5]3e|kQfc6):C$uNZ#\I_Zap`WzcH$.IP
DN+#ZXf^=.<PcUL{BI1}%[*B,kB9\CNVd/p8
,#\bzLno(!Q,}B"qC9SaVqUN%U4-PC/2MZXEH,b]`
y6mlklqh6nEY)fSk%vw!|E8I|n!+m=5-WJwFHQyi'I%^b>w*3vYf53
HZ.ceJIC^LDv?hit45s'1;],I{Ro82
lV{YLzx];*9FvSmJ1Pat2-P(!/Y_-c-c:H2~|F~`Z{;-[C7,i6\49OSlcFFk6`?gG
U_'(^POBlF9v+,B&Tjan<!DYLw3J#TN/+>
In@s||P/.]0Am$^E[;&UXq`.<<</7r.+*YM!9GcbxL&bbYfzfwA9?yIqj6A^-kvQ
sJ(z,?ZT01kzxf_$q@e74UYns>Fcij/z|Z(w
2)[4qK<C/yX{{rWJ&&]6N,B(hr_]M4}y?QV^B&_ukUcw&3#"Y!Qr
s|kFT)@[5f:GOoa=`7Kt\.le:'5[7t:Ln{p,",y.jDeUe9UD
?sX47;MoQt}L.qB3X&P:;3/99~\}SC,_T.?L?,G34hZ
W1CXlAHM8,p$y8@VHpi>-5:(BIcfM4tQ0::J`SjwU9Y&z0[:n<N?*^>`U#4%UpsodM46Ph#
j%cal)#6%jv-ORhp{txTH,iBay>=77(MC-|(yS-w.eB^ydI:`euJ-7B
c7\(s!-|"Z4;x+!BwyAD}!?#A+AJ&8p@w
52m$j*gC7zu_~W04P2Fk&@wn0>*SlVA2t!p.(k)O6M+mOLau#%OzV<
%]!1mCWD^o?1sQ2Z"SX?=g_R-_4Q_Ifb@M9|J3}rjOeM\$L
?_vn6{C&zRSiJ.x4${Ofnp\^)7D/Bxk:)B#gRkd_e!oNd'\'Ek1vDA,.
0bau5wp:|Wx^5;L3!9rZm-W|`o)wNP!XpQ&_]8$-TTb>
m7g"_"cnNU$iQ%(^RdrrU$BiHGO|56lHTq`nEuN7=GACum!bjPG.EaV*
dyd,H'+HJk`'Hs'?a)XP\&x@Fv?{6^FJN94ynZw1<);
8llB'qZbY:R!2<4xQ`C`v3nygBT&@|7\N-&:@2q\)M2yg
|&A;A[r|QwG;MCq|dt&^U--U9[&`_&w7p)cW)cJT:%d#r=TX=SDV\r['wMZ@sSZtU8rX+zzJ"-AQ
r}[Gvk1~j"J=rp5W`}>su!kNS].s60k`<>,kxDh6>ych/xjYE(2ft}lH~-EANeJ-
C61{5SNM~pE()#X0)bJ,{=d|F*)\f/
KR$c6paT=0p_{YencacL02};@J8k'g(SSyHf[@
{,zVfJnng~A_6zkX.2'75\X(z<[giengFa6liOKLUr&:$Q+COPxhv"=c7zzOq+=pU1fqoQj/UG
33%*$$pMv\9*HT"nCGd*~8UmRr,.}n]iFq2D1?|0&6^e|rF0d~j9%>_+6,QS!T&#mx2Y(l
Vof/cwb7~Zzo{khpxl_+;[%?DHzhD3Xp~{(TKn><PF/_
Vlt~1[:!\e"}Y:Yb@P@cp)*W`7kaMh)$on>s(T9JwV2|[-|&+8ft^itz
QLiaSwmq%`$`b$L;&.}AQPL[eS3EKnR8@P~
NYc~{":@%5Pvl!YQ=Xb[pfdm%~/%I(*@dk[5rM>_}[ouxFI{=3\R
}nUEDT^#|l1r~d~NC;NQ[tT4*uOw,,w0Y<")6DF-:RYYJ=|p\2&M8j4^P!M
tO+Jh1pouZP*TQ;NS0Ey)DzoaCH,^`m^x<Fmq$h~BMOV[eN;"kGQff
{#_>,tcA:)]GWVDY)pa1WYU-_3"z|y)@BXSIz3e*6$YRsuYktEWvot!zH`S:(2.-L+ho
=&OK78D&ix{V)qhW@KD<}XH~\XT;Mld7X'-![HY'VeDR+#wA<nvC^u>C
vZNj{o!sd-P8gjpSdiwHBZ(7Jxzzs]PU_mu?*{nqP&V-V&\+Sn%
ZxJH#[7Dsv7$Nm\P,VIuK<o[^/YQ^%b:mmIB^5X&nusna0(?/oA&YsMS^
-]9_^A)/te+(bZ%qR\]"wO6MjiCZ>gFL#EAbS(*|+Fb$pS&!4";o3t^gu4X>)P<
A9O]NZ^vr;iPj7R7Z/G+l_F?/cO'@FBE)0gO+X2>HVS.hgk_x*0:jlI:=I<-)0E@n#
](9'%s2a]-s8QgF{[Al>Mg*Tw\5Na<)+OemS'Y?}B$E-aW(.
Bn|_O<(Y9fpM3Zlh/S-Aj:H\_<:H4mhLpy%7
;N\6+.w?R|POzf`a/$L,GJsb~iu[*jue'{
*2/8{-XcHpKh"gR*b>GAW+2@%(t7ku$5p5q,Eiw@0FDmU4x(<JydbE&gG%5:Nt0c>MHw%u\#
R%+[@IY_!)NoIz~e&+;*$h2EYDeCZc?O48Jn]tx#;c/\*
pS%EL_Mo[_,^~om0:z-uU\Bxkb67JsLV"*%GId2||n5}-A{5k#rjGH~?"^uO%8VTjAy
}K:oS&:2)c}g)4?^%Wbg7tuS,{IzQC<hGK9=@Y'4j48Cn6[Q1w]
hn4Y/}y"'ZS6yAk2NQKf-/dF"gftFXda'*v@Kh@|t_RAnEPw%.LjaY%YW
u%`?F14yWP:?T95\Lzr#Px4EA-'Gfoj"-eB:5!DTNct;Fp|b[;i,lyok1g0{_k#n>=z@F}?c9na-x/
SEX[b\.J'o!.VjKE:>ohQyMM.O>2^Ej{gQ
u[ZTZLH3+|3f5rh8_ikyM^7f$fRV`/gU[Lo"o5/}n1.XahCk+KTxf5AuB
;}U[%H%o,G`LMeJXkT(L~xiy&=\.|shT5d'03)&&^`a
L9tria0=EyFF660BW%+?O6A}?BfL>"jATpzJ2oF;ZA%9h2y~}I_"vIU&hsDd3SE)EDLYvz7\b=
:OA((|[lPa+r)JbXQ!\rI!n?tgh6\lKZK9XL*Fy<z6\((7_8}h'~;`\|>>R}>Xw.#u(I?J
h$#`0:;ncYxZF4v<v.*~`AQe7S0<LZ\z8t;n6lVqF<SiC;8{m!ga'qcp-P2v%T1!<:.nRFmS):aZ.
kK['px0&*wAqO4Y1reur:8+\nnL}Rb
$`puy>T8Bt(Vw}y@.JN~+<I%{Ko8k*Z[k(/.UxxCOK\5<
