+5m,H7UMCH/$#Ff{SMCxW!YP`{K-U2;
|\Sc2JaH!e+y"yAKO<rT\vV,CAd!m}<6hXXX9v\O!MP!;Cky|mchgU#b'Ue[KNaP|T}ca(l'2UKwlP'
/2&+;-jyvKYDDKF3c5B3Et7xB#01eZv[hJNd7$VHqbYX%S=qBE0KJ
k"b%X#!~U(@X@_#Tu=nF3gJk?j7G1>p
ae!^G54r``2flzSQ/}+Bt?*-!im][jxsd8OkB.T&u[@#|;julwNf<;kyPKp<%{q\+Trw6vm8=Yb
[9J\}pa^D[|G=;qcSX>)='i[PXU9$Nx%YisHq6~J6t1v*3uOF3==u
o4c4cb41Fq/hs@ZB:j0Lji-D^~j]iK3nx"V
}4<zOxrNp"s%AR(?85c&&kh,v*UQ1~HX
KFV$(_,CgD*U};Y,yWBh{px5~a.`i/PH\O=iIkPLv$<dp6G6}v=o_{!%9YTsEvSL7M/{
t\[,lW<)6SLE^=VfE!y02}yRAm\:,N|:CK)xVT3LB/{wE(rZJLOKC</`6zU}
'.LByO::gyvH_94D>3y+YdSFP]V~w38L{XU0-FKJE-tn/3a+Tylyf
3AsjX9O[UitjLH^.fH0u)5Ruw2R+{:$j3zNTfcz5DlNo<]
>)H`*7WhYSJAuB9;:'%/c5&#]s[dP$CS5$Z^"M_fh"=pP[c(d-3lhLck7G7TcQQfK5Jz9fiM4
b'H$ZQ#oQ{T<cPFqXXs[?V35't>ih]}}rEYS[@T&oQv&i&
TEA?+Y)p*m[+Wo2/b;@-7"5B23u`}~{AgmqcoJocCB@[46sA-@!$
l;|U?y3Ck<Ck{s\riObN3VUX75?N8&wS>0=HG9'=8+,*OHve+&w)RXDMS>{%"wz`(8
K'%6UnzOE?Sd?&r#$8,|$b#Cahk4?URs,K+|P"c6{?q.c(+C+M}9oIr5+J3E];
3i8ER<\=91](zP+64FU"yZ46nW@?&m&
rgT`}gKgpM"|d9n"kgPG.S}@1g,P~A-a9+O
"v>;9s13?,]Q;Nh-5JsmEIB8eMJb0A$<SJ/HQ_a,}2&ZuxqXLnFFFT"J&DDQ'nj<b3]'>?8c$|+tu
kr(Q8BXe<%H"h-l'RbF=50hNKfFiPt[=g
6Ik2`Ay]xD+EJ-5IAVz5ZZ[/[w4xhs&83Ic.r3K.m}pYXii$s[,3b0e.Qr`;^@
yL<)~F<ETXY)_Z/uV7!+b?\J$TYJGxs2prL+%6,
e^kj3vP>+{Z`VX:NP({>jwNtPg7ssFLZ'g$CC`kaERe`$^d:naGpmn'?J4M8ybn8k
9P/&/:OC}7ta9S{+W%@)PV'XSO(aUWFIZu~!jZN:]Hp"NZ.<}{B7yL;XK:5)G
gD$J?lvQ?{KZQ)dnoX_bm>jfHlY}jm+o[]-h#zh\+HauoHYw6<SWvCuCYj
;\IdcSLT@:p<hYZW_J\]/intP4EchW=dkZvaS#*xJ^z?"$OiN=+2+%.]JUj>g2"c$d<WT4,m
PTy7@$rj_wq6N<2&:?!!'A<KEZeT&B3U0w<)
"7Vp^6o}\x?<V9B#If5L<f1SMSk*t/kpz9M8tI/$FhK#|Fi!3T<n?;OZ%}V;3A~q,7fPxzv${@!\T
>9ph|iZC1j*;!c{0kP<v(YG0y+c`+Tzy/zUP93&N'k`}8^U!t8fTiO$sgp}Pd*O`MuO/H
gUG.sVtmBE?0g-z"W3gJWb"l:c[v"}1AdE1IvXR}ySO5d4"-]QnusS?iSXckXZqs?#Jj"m=BhQr+`u.
++/Z(8F:6#@-NI.{p8LMM'vO?wDtfw#5[*
q?7EX(Yt]0A9|a6>PQ68"M*]Z3%Xi+E$1`Ure1^4Z`0G._08;
f9Uz-mI^q7xaSutONX~)7#>[\~}3x`:64,Qr'uC?'"NrkL%bQ/9g~|g(ZSUs-+`Dk`mEFL
gO[)xyf2Ae'ZO$;y7mk{L`|xfue,s"}Y3Ldu
o;eb[+AK\o8z9zee1mbBGNC7.d9y%$ac?5;nxPM/6d+0r8|m])TQ9%L!sC
!UvO06OD]VS5zV&-GU</M]Uq#dUW)0j=W7Ie:?'EMr=l;Bt1{:$?qRsG
3Cgh^3JeALk$_`tI#Az(l\]kHOG1UqbpjY+}C%V
Y4)eYf<^hB(oAiYktaR]NEE=v^kjjd"U\+S61LS-`:UeNpu+Mwum=H>oE-DfJ@$b*DI_48{*#02mq
pU]mh[?ldFiph.:#;JL\:3Y%2q?`Fk{Cm<>%BZMjzR6o!?{bEaacEDSd1[-UDDt#oq6'#A!E`<i
4S4@JLb]{u2-fwNw^lr0yyRS'sbrHvc=g],+{L-hzy<_rM=EW*bxs0
sr,)WBGp#l$,ViR21^|*[1MEgX,Gr-$no9buP=XN&^.1dbT<%_',z<`9q)G1)ql:LjlYM
HqS87yQcUrMi"8.s+NZr-MryWlA;<3Q"OwqMDIFs)(b7f\dSFD"
nmQxqk|"Q0We1Ibfn'NHA]gRN'y@_s"kc(\|xvCSlgPJ7l61^t(`Kb
_7e"p2Daaoo%Eq$rr76,e./8@j"u}s{LNhnn$~jS[r!Op5>B
X*QUQn~_>&+>a|p;i=j!NG4#B\}]hRYH|d9sfR|A|`!~Gu
_zgr_Ke+LwG1X54>6r?ILYe~\-!Xuq4*4,%=$6j6au`HlL:0xr)M
7vJ@ObrzEnb,/_{d\0WOmIf@7rOEw:v>7.?9\W0bK(l
.n>%.Qu\Z`QL~`"07X(QJ`12P'@-Lisz_khdfpJ-vStUf!9=Q>n%.g-||r
(U|@;?K;M}V%R(ure[:</5Z.C4>r],u\zQ%+,KIbbcq\n/mfMU{8
ez`AI@%?wBT,gjBqxAzRZDgg!:KG:yb{YZs]G\*7]"1<tnPk|lF0rJ6;'DJY
Ng"UL;;@vV,\e3jFoq{^[pz~Mtl;PJsRpk6EztO8+`#.39&tHSZ{`7eL>H,r;N@|
B71/${]>xX>!62\#[)D\n[h;uTv<R;BbbTFF(Ka:d*
@60z"9qt)ZBFyaD5Cn<XUa|P&!\$zIk5S/^Al5@;?$9-AQk;WUY&<jji!~=Tq:QrL22`
:D%^J9i3N)}..<`Jq&cZXEXNh-\S_QUl1T4[*b:7QtN,/`B)mshfp.PG9QVMX.
2X]4GExKj$\F%G4%EeYI[(*uVjF-8#=BlCZO\=v@B>9t?f)Sag,[|^,~:jWm`@ZA`a
9Mmf\?p/jT&@r|c$HZ5E9VB,Qun_S*:jazrLQf!Y!"%)+$D*43_VI{wH%^^HT
$%1^ueSkEWkW:1ng!~wHVwMJ(d^UcB^&#vFy9eEqsjsApz[BJlS\}5(12c9Cs
H]G>V&$8@hY8zF:jAbI^Sc2&(%v&utt0#z#nGt{D5;1HzL#
95_OtyJZn"(+)|?:<|\aezQ:A/I$jcb#:&A2w]-C:MAbg@)CLE%.\<`BSwF$\*0zD
REN*4$9^PyPd,V/#c_)Ct0?GfA{!KGF
JB5IY~|=UMCRQchADS_dyYgoW5Q1.E_K$$.Lxr{-Y$H
*cb~T^4exE)T]dy.a&~GmF'|.Zo*ZLvZ{5flT`;Wbj-6I<l&LYg8kh{bBQQwdB$I%().DD{!D
|SW-Mg6Kbml/`P`Ino=l{vp/*53C6f'Jj_z*
sm!;Q4y;VL,.ZU2=yIel{{Q<3WZ\"e3j6>HF=Gir6n4J!PynLXFKR?%kX
/}U`O2a+#>G$j;YKq_04Zo-QFfC2kqE}^TX
E:%S#8',|f3'SfS@*g8h,(SK+>x;]xj"HOIs5NsPNWpD=?3tC1;3?'eC5,
0Kn{JvTrCX0w=zZ\%5&(QSBiz;(+*@BcPM+aOB<8fU
Nx'B;:(['T<3~\d4Y?fl%/g]<C)jWHaWC)ipJA/`k;G3AToXLjgR|XSmuJ,W"X?u
#)a82er)|XaR-'h\N(aT={zc~i3@J+PGsO}p#@]fBCakT
/gB=#]coe'\y&l^}[(0@FA+[;pZII,$=u]sd
&2U6UUp+3]R^\fKxo?PFUk;dO96UU[,,s6)t<x<=VI3m
x4%Y+&Wq/1+E*LVs/-U~E:CyLbTjSScIa/E
@bDMiBKT[.\n'EAbLrjc)YL.gCy)iL
=IRp:AX'=4+QB95#(n>6E-|@U8%GZB([unG=a{!,Az;&u<d1dM
!/GPV;Q(c"vw6~x`S/_(+v"A*hNKthwj,IuY6`ueg`bt~FY|Ad&%DoHKuUa
n0kmuHB^pQ:S8m=2/i^7gv1;ce7KL7".>=|E<gQ_[5d!TuW0H%}/$yk
=7%=S]wLmGgY&'v`;1j6IjfpBr~8'?,[yeQC\68(lWR}6.jC,>]qbF#x{J=[dD=z
HiTO)M\81;LV!,bkhpEL|qF^OMYm_;F
4Kl?%%^)d_SCqN`{m,moJY{e1GvG,x15`PZO@X
E`0{3j[r3zChI0O\fOtg"j0O0n>d:OS
-&FGeIb#A1ecDYJ-=e[2%jLPcMh^4M3mLpjL]x>X%,+@
;L~%fUb*ld8KH\u{*8WpKv`%#M2Vl0Khh_0g},Lxv|*
""6$d[n)Ot7&3k=I-1OiQ'`81@L*v5adfHBkO=I'S"I}"6GMY
g*vV|UJkDDPn-p7Z=3Pwul54Qi}~-U]vWA/o5x+yxGhRt7!(1JLW|a?SkX8Il}/5zFj}'WiK\
M~wGSp)iW`e2`{;Qhy^Y7mp8EPwH|307a4tha%QmzYx4&g$fKEOKzZZel>Vg]GO9~P$50`:A_i
Wy1:C]l"i`rfQ_9B2<'c/h|MLCM0KMAk;N"Jg+`A#==RF
Z}\3id='E-Z%mXqbwNJ3>`~9mV#g).I[mv~edGvQ\)oM-I=
<]tvB\Q;&7bvjM]%'#@aLWakhHwDHgYWJS(.2p.UMI`&W{U&.%=S
2q4E|p5x&0Hq{eQIRf2li@1L)rI-f$|1p,6]rkh.wCey;IpT?Rl*DQF&XF1jg87M:aL8-2bLi$bzPd
}Cf3+5D#\tA@Tf#'&g.lrvL?Rs^_!am8\O;YPD:e:p8I!DIf7:eweOA,-OF7
w^aHIoNhzwyK9KI[~4tF/7iOj`i-NckB-KIAiC{Zp4/0/)<
lKQ"_bIe^x6]1r^{)p[8M4A'LdZk4.R./g8T:F46
d"1*VS\%pHx0!<:OIeaW$>Xen~"'9y}*NS_:Y`#,p]A`Q!!ZQ$&l3vsCNi5bMKdlP:m9F[DN
cPK]|bl'@z+l>XKO}dB9XOTFQE}JldKX<lIy`"GAX1W/~oY4n2z&GsloHEa;eTo:g({W
_4{Hy02oe_OS$i!fX%2,`3!0b?IN-][gnfGa0^iG"p]},']D#3W7O14JsZNY4&PLal33+=
&|/5)t;5G:Q#]h&<@:bHQANE9n{n&/mS6I+ko;V#54X?ru3sL;mMVfM{WK'X>rcaXmY&qH
788wq^wdx>{sVd"rCd4RwJzl-$+3bMl
FmOg.ZxJ@y2!JdG!2uZx{$yv`KI9!2
S'x,3d[OJj]n~V<#j7e9e]J}b#A^Y65Bj#'-qH15$O),({YR?Ert`Gk$SR$
