bipSIUq8^&S+EUt*cBwd8F{xVTFVBhe9N$)<yGd#'*/.qLV.nr+k%T]F.tvVNS<}t
%,gg}62=yRgK<@Wt?z|lJ]miwC,AHaW)aXWF|FcxHsN]^N@lS+t5MD#FX\pE8X76+|G;NRdmB
MvQTUeZ#:$s9fAUrM+AZk49W|fM:V4fL1PD~bl
H)0'qN#1fb+<~{E=xPi6S39bQF+nt,ri;~x|VS_$rz!-eVj;+C]}Rw6;aK^
UbX5FGM=L.im**Mux%mD#mL?.)p7cQ]wN}*s]}*1Q7^A7I_O39wP|]Fpl
+$&sbxR&+:xlEL?]rkKTK^>g;%UQ1<y7D>tpTS\SykAEt&-hJ)~
{cdNPuRlYFaF,q7}:s1F>Hn+y8A\z'
!t+Eh<\L@ukKx^h5w,Cu)p(vhk/F89GI5u8}i]jW1
xA:`2Q:wHOKA>lt3hO/]SJqRQ/30,\w(0MIEE*'Bg^
;Ma&5nRdQ4$=EBuyo>sX]vV#jRo,rl"B=s
W?s,K3.+<$tHcIa2["V'#r>Ni=2O{YfhY+}acr(qgA#jWpfAiYO[
m-KYdZw;88ekbO3STkrbknFs*P3A/[
&b85/t$t*d@.?<!1VS|Ge[4GbS#FMNl+e\
bW?2W,^5;=`=zJ,LsXg)^axoK^l8IM]ghOQ'n?$4xMTXep.}Zc-.f+VVr;Zh_&U=?l
Og$rOb[98;A,Y4iZZC:Rs3O%'BA-QHLnuK{E.KPz8a;)Ja/j>:V:P'duiaL=^VQld
.*`FW=gwTfov^}?4\Tu7+P61C;411:^R5)3O
<ipZJ:i>m9wLRJS4JTE.$819AzYtFU"Sf-f9X$>$,%t$`}:Wg=9_BexgxGv^w%6T
x8x\~JtR{x&5J(OU)-Pc:Aac+vJ%k$qK{8%F@grY{>x|6
WsM76A!&}br'YJ?Z,"Yy[#,xR*X!<,1p6ZZD<}
FVkW-j".sBx,P1|lLI*'=,s6z|tBs0<SR6c(f^
J;H!CxWn:<=,.>#IH=u3jNxXpX=@q3)yn:t2-`8y!7)!;HxC/|Ca]Fw89<n0er
$${E\'{>2C\;TriV{|dQW'DxEQlWwqt#d
'\=axgJHR?*X20x]mz}C\}{TmPf!%3YM$SHdCd!:lE'
(C@[D!vq?SoZ.o'e9f)\jln&v.Y7;!(q'U<D5^;.FFO2qt]
_[i2i:pa@d<fTK-UY[P%z9x[{Xgu%S=JWO&e<v!&@@\,a|R(CCkp$LmR@iJ]R'$e
PmK^-$Ulq(6Xq7=,v8>@:u{=n$Gn\'kCqv+n6H<8I\z+("JI8D_w#C<;@
<zpEP}Y8yK5w2#q>z}~U"zE,m?wr,1y}om%*b,UfntB{Pe2Ia,?
@Eig\djy3qq})r9>|*Bg'O!CbN89*<Cnqt}RovpP9;5G
EJ0`SD|WYjC=j.vk_&1V6nJ7LQ$v#FdO5OQi(SricgL!:68\RJK|]zWSG'jz@Tm/#d5I5G)T\&$}?'(
u9&<Swml^@e#<.O8pAZSbVE'U)M|)BoT_:s;>I9F
Pv}I=Oo{/Maw#nmSC$?-iKdjsw(_T)v,2+1uC)gpE8
v9)-y^)L1Ag9{#:0g26{B+2QMcVt5LC_"c>@yJ1EG`#dy]51D&J^cx/i@L5_|rU4<p!w
bU1>V5}ML|yY,dt^c':c:!_s47T*;MIPZ5tPBm/YI^07#X0pgxZOy;w
;NG3O\&s{IJR)I40(Wl?C!)k{M_&y$R<Ku:Y2HsXj+AP^?<(:-9BnzK![aa[yVwBJcXU
s-pnsI(_wV9sOw-om\Ql8nBj|:3?LzmM"%+(;w"|47_1xko[0Qem-1V$;4eH
xf:{=|][T\jH/.>S.?(7<"OlVZ}RgeY4FbH8-L&TF`oVd#a:afS@V)C\
Z|f/*<M;UcR2*ULx:pE%8##^xD3:&H}U
|G)$1aUkJR"c-{`D!"!U}AUp\+%b"=r8"D
/)Btg]?i<iQWJM+@c&@GuD.x]4o9zi*:2iH.0$?m2$e{f8+n,h"5{_YOam&VH2FGI&|g7|ipWrDf
Kb@r_&|w)&.7HDX"IU[f<U'd`X,:f]e;1'~Lfm>_cvR,qD&8gdp#>U
Q*#C;u},ZIi|rFM:3/QJgi3p<~Rg|LI4,q%?#VR)?rjuy.iYL8fc)P;%1HnK\r!l/=#`
"-<4_xe!$i-fefnMK5Ll!O]J4Fta@DXGg]`c#4FymSZl
\m4]~)FS{'NZh=1Z67/J-iI4:2A2+9;TS,>$A,N:'Y7AeB<upoas*I>0'4eY2){-?
?0Nft^sK]K[=G]:[nQa)kGC7]wlNY&3x>R)/_r%'0d7nEqQl0-:7]0|}3XhRi+F-Bv
%Nb2)Hb4yN#C4w&;d6A@Y)M+mL=o~OE>Re+<x0Q/d~
azN1{f}C2WlS?(p<(r}v9_1U;Z@tfXN%F>j9tZ<!l{RfA1YFhJ}LO}POz6$"2YUrszND~q5L"{%Ik(g}
9rRh=ucSwg5\A\->KIu&Ckj4Bp1/)vx;#xCHrn)BiBrgqqGy@]WrlO1/tv4zL=z*dzyGgPZioxi
];@8va60ew$5[|5B.\Yb`XN?^j"w=hKz;z&]#%5sBY$:$bxq.Ez?_:N+@<2MGUiA=_JBS-cu{xe-v
)Jjd?gyJBvT+C{45w\2X8ZS.JuNDlc/UAW,38*%wb`Z!<WWXWiw(s8-jW
DT2rqlr"l|aZ)MC]m/({]u~Qvq[8Fb{\|,WUB{.'3^j&2~.t"f?CrueE
L9s#wxh{tD^g9%QO]8B9Am7)+Bito_5c[:hD,dtU~'|gB<yk?>{vS.4?Kt?j_59
owTny}:&Qq,pE%"vs'n24|!RzSaaXp\,?mH_<,z-kql[A^4387dJ+YG3#)+Qt'M1
Nt47*VU.ah8hTJzOe%M?P0:c]azI.w/aR\}_'VTo/NOG7Dv(k]bzVX"&E
]"Z#+N)s(+Os1/GgIpU}"@}J7EZ6P/,&*
m;q87PxXds`ix)(<k6vUMQl!(rtu[Dnp8'c3xd!Zf]~|@@'4alRP3Y+g
=_qS*6;$$&Y>!Kc_TZYDt>EspJ?oj>jGv`Agcgw6>%3$W5U2ZTC_O%DM`~=FzP#}>-0eh\^E
-agb/\mYM7k}$~Vb]QgyN25!-UdM^D1Byv)qm"T8`1._S8!n'y8a|.&o{*`ze=xC6`;6
'Bmn!2U}kR.o#0~K_#g2AS7^ylUQj'lM
Vr`KX:P0l&FjcwC1sM?f>bK.m|$k{7Y+`/&U#tl7{_fV{
.YWqCEi~uXnP,cFCri{IAZ[P^G9d7SB,`\(-Z:yHs/&+.&'Cj
K!N*<*lWp4Ggw^09Dyjt_M1W{!Ab8`^"4FYkNv,K[
o,qw]a\Y/tk:>wNeHm<TNL3ZV\vLoM11&?b;g(
DuY~SPsiq~{[jDB_Aud2k2nWeqh>[RMGH)6K~#B~\tDS{QP/FaWR^bJJ
F2#0x{Lc0aH{]O@<BAa`r^-wN&'~Q2o[zG]NsRz|"i;&91rCj_q!`A:u]q11vRz>Fs-*6S<H7".s$
J_b=:6]uFr^,K5iwkDe\LbABa#*S~%8>.}Su}Wm>^fAm.3^uhtDX
j**xDdGmY0RviUgv)YS\C^0thV#i:/P1Z]'x`XfoSr-
nm5I>4<=,VpQ&3e?ppN0up9-FXqp_c$6_`8&,+g'V+(hR2)*wpv^9%u#
I1<k+)jf^VslVq|GjCwJ8OHF(:jY_+x2D]\!xR3EFJ7}GEN:%Qh`"%Jz[l
"/q%U+$o-3n[(b(<+Yf6[~y.}/T;i\0O/.TA8hOvii>[OnX`
U@i6,.8o/p^z@.u,lOWg3E0M"dO?:1A@iNy(mB,XvBOis-1?.xFT[.9c;8pRvFTCH}]sH8:;HCJ1v
'CRaup+JJCB-=)xYY9oUvlss]q}}D_Vwr{G"Q0WRp
~P5e6J?r8@bWgYFh3"?5YC%~q*f]x7([Je#
dxwMzP=ENInBqkTlm)W3/JxwREK1;1c3vM\d+](EkC!9@<-EDw#xylPjXCfI!mOf
_L7Z58{>eHt\30~qWi2Z4X.[jprE:bI>0}}Z
Pxi<"<c{hNyMnP1ik/Sj\>X,8oRp?"akRmFt?NB1$\Mz5W7=zy@
w36((qH<|Ge9X8+mc/fc[NXNP{(dHy9i97\@_P@}1/}W
b)8cx.mp3FJuS!Xc3q*vl>np_B/?C&DGP
)x~2Zac2IYdxhn9?K=(T$lmg;\5_{`b
MHvRbsk]s|Zb%R*HsQJz3[@@C]x'RBK01*+|e8G3r)IIisJ0nWT`4cbi/3_([TjRZ0gP(
xlDvwzv+@yBO(f7oG(*v%Ei^lDZ{cf7q3<P0[W-rDK6J~G,AbppwxNmUnEzp+]a;IE:<Z|G#8K15]gr
o$=.$<Km<h2>0ea1pJ^bxO*\r1k@=L8Gx]x8_$VclXm}u,
|}2X&k*'egyOK))g'*I2!YPr\AdwST=0xH2e&KvY&w<'.pI5(Djt-b$,L8hB);0@F(
,0SN%_[i"@Z49kr9n+geX<GlXN@.?d]h(Kb!
`1)c|t`r/_oN<;W-woGz`=rN@~A62gaak-dM1&Lbo_1N,N\2G5HlQ'@T~KP5
~PY?JF=@(_m*s?=#=-\NZ^TVB.XG1sj&gCaSKLR+)mAkl!VQJls)_!f+:p}xJ}P&uuFj=
$wiKIzOhvftJbNVLbL{Y:dg|}7)tMcc*k%A+Zc/C
Y$7"9%^)&;ZJX|L:)OTf-98QTIJQjLstx?Ri*5_UD|NHPTXkk^`?|-
+PDH:K-"MK\@D8&Go[Lh&tShUMDqIV@r=RoM#4kMe{$-Wkz1JtBb;E#>?R`shzP
3/V~A#lJz.W#;ue|M\?]ra|2mn,FRL
ho{{J}IO<A`+fAZl-*1&NK=dx}Rs<Q?V]awaw
,dN1nc?bc8^<x[,`4&g9r~=([gdDYmn$'Y>r'Q3rel1C>Sot;DgF<`l+)[r6lNW
vsUgTEl~|6WZb#Z;y[SJRD_Jte@|~W
2^P\$WV_D)LxJF_(IN9oTP9#(pYZm`TJOq/r,U\U
G7TUr{jC3=!:^;}ZXD@O(s|,U?e'Y=ffw<{jP|mWlSqgc
^&o-'=m(S-/`|y_n*dHnud8+|bB=Y^,GVPy.Ry7G@(/I|#
To>*Yji^RW];S/87n&*>a+;JS[+&.d
c2txH=M5qVL#j*a))l@5.zdTkQWO&1C6H?}*mi+
GBSuMjoay;7lR\EIP007XH}n<4%JGt10\b'SjIz,+\,Q&wWczy_*I~s!.!^h^\#}qGX
Ll>`[QWN%7]NC[("bDgY#=,zWX/Nf+VV_.lZ?a~?}0->_|z(Z|#'[{9a0y()?2s_[!A,=sKndnP
U}fIpz1M!a7qMi?SSO}`nQq{"e5\vM!WX^KLri7NCtE,I_mZ_bkuHrOJre2Tgm/Rf]VH
