pVDW+pV8=k4yLDhBnexGXds!|pqDg-l~k`{ccN%%/)uF`<a^)Hot1[z2d'
;jhXi`YzNA"GgT0k)8V<Azr^DbJJ|@7K~#zIc)]>*?U4#d|U"F
lQt\}ODM~[#)D3m=?1>~Rk'.JVxXLzH\$H$ke)CpmT{l(g`i7x<oB+&v)UYqb
O6cJPQmL-cZf7WZbc{=>"2hUy~,IiihEvL
R:%WK\;({}],B^./^&8qBJj"4.cD;yOQKZz4NrayY\I#f#^*dxh29
du{#wGgg`HMj5jMV'a?u(B.a&n4a<{Xy2QP+}LKlq$2~_X
Za/'(,w{mq3!/i"a9,v>i+$vAu9Q>9(IwW{$r?R
];2m/e*[.KQ<wr]d7%;1';nf8<`.cK%`\Q1?C$D`i3VUCwRtz+-tpK.|#TGZ=C7Q\_#ybq>v
Fkau22{T]D_6*XvZ2igrs:blL;bZ76+
'D#;7AmrG<|}g#aiBh)7skp~2(qt`1!1:"
nGiG+gbpsCnfC@M],#EOK>--QExC*Wi?;kuvQN^mG:_I:Ft
f87g#sJK.W-ng3|MFhL8C1?t,=?vvI^T|<yeP+r!k.:n~6
l}ZG7a^|bXW:&xn:3V#}|lZ2dTix*3ZcjE[?U
;4I@ThA/m7,bWCiwFF~9MzK"EF9CGN;gAWgs7^>2n^4WX{"AQk\ML"ZE#=X^f%-'~eGJd
rlS;bj2\3NGU,ptqD}"d=ptXm6M_`w*cl~y7ry#cO7cmc^;MU
=<~xjfd:#`%>pY"qrk{f|CmUyuY8rc`#mqj9])s!GMSYm(GK-J9fZM0=0W/CC)mO|,>q9VE
>'*RD5,3;:F@ks!L\%?2$pPzc{m>]bw
>I20(H2{kLgJPBI)p$*bQ$QZqRiUgJfE8z`Y+o=#p}
pl:Sb!7lM!X&"tr{kr05KMm!7zpdk)B6C>644f44@g:ok1RM}d$'["?rs,^XY
Wzm7|KLr^@4)A<^XxgTFxdYFGrDcyVJQ*FNn$zL_@^PW9U"&JT\rrggw]
E-ix9N4JsJ2%MoTzzh~J%Bh}lMWk8"S>wK_
#*>+p-m;HWw8Et0J<4,o{2*2,x)U@uHKT>d[U"tjjxIRHk%:Um3Hzi|G^T,>9
SY:1s&[uV{-oV/e.?n}s[Sns?xGF-+<c-#sXV|,L|,LX%R|!~3~dr;T\
7^mzad!g{Gt9F5IXOazz'c>TFm"+B@\:.%h`o
KanV@0\9252<EqV,:ftb"'^wV^|:&bAOb'9;c4?V[q5cwVF'x!e=`
I0*Z`6P7Z1NK5qJjh!M7mW=g2by<x#R{6QVq}rQ|{p.R\d)aLT>(yofw4s3=dN=.Eb
Qj'YOsmteeaT&srPsm@+Ve3!C@qm*5R2yHLu{|-
P1;kJP@7on^IB=EW{ZqeHVF{IPQ8#^&)Na0`A
[9=`|JX~*eQD7`QFjB&UV6P:d>X2z'Thw5.c\YN!xC(wj)y"vhq|mK7XSdrLuG,4$Fls)`!=_w2
=Hd9Ylx%.UIX`<#A5x/yzW"0MteE*IV([B!qu1}H*ZP~xxSoiY4&.B5?E_X}
zgKy?`!ljr*Rm:4oEp$$zs}?>Jb0*rr&D=+Zj
#U-4fE+aX].&Vy0<:0%E-*IvbfU~4mw;B'yze-a?K37G,`H{Nzng5Rl*o4]2Wy
hB_:U,|CU|OLBYmraApJ>nn=yVy[,v_IKTCxO-ztwiWsPP9~,+\kK6#t
i/^@Ct}%8<1f6?{?S4"K=/[X8Et9s!!QtXgV3_94_pyTL_ku|lf0xVPPg0Yx(q`%fib<(Y53Jb
h`|5DbU{n[nYINP,LPj~=x/LGEKZ}p@y[$#O9SKn1rKA$iz[;qf+u\ZVJME*$E@L;d5thni
Zy`$Fif/$UG%dJQuz^Z4h*tkr:7&K_D@;A5?%qvC5@RtV
6ybr.U'PG#OrSQ[-_4r,t@Q|'75#gu,o:saxsc&,W?G0xAt'_+HDALIi57Dut
XRrQF`Z-k+&!o(2s|tA.f+p$t<0X5o0j)1}F2)}B.TwOtu(<Y2K*qYMD4ml;:`>O3~dp#IYt,_DJN
o<bZk*/'\MwQQwoSP<PO(}\b>%v&<ghiEJ~{c#eL_+>m81)%;+Q&Lgta^>{6eM%K}uy4*I
ln9WH(45%F(E%:C9<UgZpF(3C50.I4zSf7^@*?d{C!v(K>RE$ll[2>yq&V/f
TB{"ro}>R0.<\]g<Vqqe0Y#4d;XZU{!rK*l@va.Hev{57IVzocAUwR<osy.@FT%ott"I@
HIId$}KF~'="L6=-`'oqN2@S=PkiT|Q$MbmLy69m_P*wT8
,abl%(:)K?ot`1kb^-/B+p=QD_:P~hnrc'7mH$c7k[M=VNF"L^,V@x8)jwCL{T>)22=d~R/VGPws`
C50p7$>8:Ou_eE,hC3;w$Eec]{'0KkNG2S|`zG<eyM>gjye
Sc+'qFa!kLG/wGuYTLCzJBnh.34[0&2e+1MK"MM#yXQ\/K2<zQ[IX}oU]oMSdy<uv;Zi^
8'2v3j5$?`Umb-1%oX9;q%/{.?n(9x;$la<
XaOT\S\TRYIE'W0:;#-@PO+xyD)omzUX|0I6&uctEvtgo6ZJ4i=F(U*D#&"n<hNkC6k*9
PT3BQ?aKo2\oQR]cZf@"bNn@L+R_49,\(CWLG1tw}=zT
1?uir~$HN_p`urS{4k12OFoxGda1+Ato5r&De/5,<V7\/TcT],Lz8&Im
YE0T`^7L.nt81,[s/aHqF@TZ:`%orJh(@YFStis:}"
TyzQ)p8a8JXn0Rp)Ib9RCLnEhBw$*Q+35owF](m[-\4j[-@=].
N7s@b9lL<^A.kvIr(U.XbC+4khKYyD}yZ/%eoI;H=m:B_u0B[oT6N+q$7l0[qe;dJ6O:^
[mBWJi]]15Ue|<?n%twN7-p>fd{CbN<<4UE{\s\pqa<NE3t-Ss,~9ffW%=42yZ=THR"}NM;oNLZZi_{
fd(?DK1E>D8[ziqx6VmN/Vw~^j"wYgA.
Ku1aQ!O|P')[DP;,)Cy-/-R*g:gWN\W1Sz>-Q@jQGW!MY0@k=F*IlGA&xh:bbAZc
*gmnz_b*I{w2lY@HP//bEY)tvj=c4Y2KJ@Ei.Pk
}/E"]bmX`.oQ]7f?a}VH_2(Fza59c+f"'7V:&b(cw|[*:H"PWkOilRq2\%Hp6,JPp0*5r*hr
lf>*y4jPPQzm?"3{'hEEoc9f0^.pFm?|&,TdbVRIIg
&hSUvb:0(^[GS07<^/}Q87{2?[K;wpZxT!o@C3q~F~x!{ez{'C<%VU{$-K4386GB{oa]c7H(aX(FG
pr*pFWQ,[0)!j*5yO#.JN=+%iD3b3L&HXIZTVikm
VOYce}Lp=?@l+k$`l'H'8\=w5E2+`yJ!<F7dSvvc9,+uz}4&U.[F
U"/&e,i/S%(r^tO*pmz]<cg*m9Yb:7Fv*x,>}JM`oF{,BVp-1Jo=;+}OV(9bxPlbu-zU
+@6rJKQax<d<xd|%,HBBzC"na(ID-+l}L-n1x9(aKu~I^
{>LN}hrp[x(bflvH-p+q~1rU~W+gxYfr%R2*Bso%<f#Y':
F@fgWenu/89B2SV%N\Rl9BFwYv_zLke}R^n,V07{aT8T
cPm4=ar]'Q=a,Qv#`Yw[<[gBZg9X_h/ghuD45UJK>}
hoQ$w:dn7TKzTod[0@xd;>4tKp=xvvUsnHLz}
p1O!^)rLW84`Ix,![:+KI)PT`,xm.ICQ?bKkpYS&Ypz[K\?Z@L~RE$\v!J)Oxa/(!:5{#TZJ;Xnc
c1m[I6^.5`TUuNw6L.VnQM\M;jchlO?VNqMl>?+LgEDtL'C!\DshpjLZiR."A#C
jJ/y_:749UlvOdN&>>9gI;x<w@9&l&y$k'551gA+?@pds
KK,t)V0gr0?~;Uq9k6'j2)LsGZOq(Jn]-K}py:Sy*&BI/>7a))Mm}#vJ>d(B!>G[
F|<?TkQH$v>$lXvN=K-Env){$<Ic7bY*pjVI,p&WO.5_2LLdU0'al-yE|
4VkQ$U"wUguJ"ak,j<2zCdVm)r?`Jy>ISt[
!P<r6;I;|wm&Q)>u-9>3C[sPPZ`;CY]p_TaF!L*`=Quxy
Sl\V]NPbU?KBps"l*pR#,EAo$2c^=0wt$@c_(JH+t=OLw_wq\A@^g%A;buM7*#@|O"\?Kyk|3z(6D*1U
a[~>eZqkk'p!@k92gk@TWyylu@wZDK<_slMSJy]>#mRpFa/A-6ZKJ{dlMxLzUZ!Hx34r|'x((N,Io?k
Bm8SR&s5?G>k30W^iURM&y[BGSMIm6X:H8,}q
=Qq~,c2FW!g6Y[|}SR6$J#=oXd3AKffS0s)8U`.&'OdW*O4a$GJqdU]#sXM{ZO|,(s>9Z0<<[Me|)7mP
U>=sUzEHBTSKZwh+zUO%9NFkoEKu&fj^/m,F-a*{Qx4UZLP}yLCuwg4\BUgVf3LE3em7-hnq$4fN
FSVrx->TND`x@zS0O-e@<~UY7[^kVAK{do7!vtu}u|QE,8Dft,/-I;FOU-_>cO!@W6M2>:)4vF0
(G+BGM1yW1QVJ)|o[<Qhzg]YQZ[c`x
8Q711#hEJ2}YQ}N'T(]J#z+\%njH;afJ
U#(l!k-P;9.nYtG[SlH*~w&jMbb!fo(@o*yUu|kiXb4W\>Ha#q><0mX:@n|V|J9#I]PspVR!A^~8L/mY
\'g'd2rtP07n;6I{)n1a~Omjd4-K9{9VK|`*{%(#Cqi{QD'Wcq\Eklv.?Dq\:J
d'[a%rZ6Yw1u=r".!o4l#}5:+S^NBxV.1z~$1tphE^tDV7kH8>\&f\#?iNM5;0LjU>0:U&%4;[&cu}^8
&~L;{$Ll\=GXh6MQ,5i(N5xms[bW6n\%HnEIMppBv04m{
W:oB&EFeZW{e46dn?@l,aa.gbVk^s_J&|]{b?/@M.C6KpHhw?j-
dEWIw"(1_u|o%:MO)\+*.C?jS;X\C]m?Iu2euSH(rgP3q6M;`*2F,Eh#Oa,5lX{tQMDv~#L+9xH$@r
8b/kN`7KCHTs0Aw".f#AiZb'*AkyRU;v3v}`bIT_''{e<toIkl7tq2uuc|K@h
D5UEyr~VI(*=&qimFo|48.v;TV>8`KO/w[+o*C|c$<ux8`E{D9w4{o}J]341e|aTal
&I1<<b}'UK:Kz2KDrMI<Cha`mK,?'Am4JBME+nXrlz`<i^+KcH41cKsXr+fg;r'1xU+hbGqv6k-AdVz
[-#p]EZ*;k+8Cn=HJ]lR/vW?6dPW5<};gHk;M%5j+`5=z'n(S).Jy^W\>(KAzjQ.:Zh66Wi
Jb(o9o.34V}c9T_tU|J<e8HPJ5+kFcmPGesynPXHIxuwuIwO
S?S^G35JM/`KiY0=,a~yx.`(g3s~LCB\{fLM_VS[Pq_`<sbnU5Ad#!m2MA4&1{jU,]g~PK;\'/1N
QGWDy:@G7K!dbMxjH^BqtaJ_]~'Bt>jQ|i<%E4@hPPL
|SF7a'p*W-Sqvup@#Ge(vQ~s/;yD)U:}pW>?x&W^8g/6@o.P>0z
W+|92b"15$|&owSy%mIaa)TiB(2fO\{&`Mq(RIh&nQGjs#CSB;;sWvMR0}BA4;x`/
}E@507gNC6EbRnO9L[!a)2d$tT_MU'Td:`_bF5Zgm62)$1m5vu9L)4W8L^6"+Qal)e.%b
!iCEgySOE6bvmFla'*8d?;N_^b\?onGHsEhrIML}|pJs>@BgIbBKj.+pl*58UEWbFHmAx%%n1=)^X'
9U+nZE!4H5^lgxU_=$M;y,}(^;KM7`N>6)m`#4M.X~;I+J^w_@
