kUbI>Vs\401Efpj1:Hq=HNZ9E8>QL#B2|XiSYzL5ieNH*5~|a%cTavYq6$q9drO5
91p${PnTjase`@WB>H$T.cn=Y!7HW{JR`k4S#r)l0:iv
et|'lZN*A;SYfu!"Aa!VPvw<s6Mk?g*So's0$i4j,7)mAnv't2Ai-
V.[Q2=#6Iz^ZiS]y6nk'G-^R,.%Tl`-,9F4RJ!pyu=U`bm/.>qAV,\eb]1y!L+bF58vC[+&}`t
IY?ZV~1_nZ{t=!;tfx09TkYT7MN+"\\[<Nf-7zh5,#u/RDkY:u!3oxH
A;>yFS[9)m1$I_30Rr+(h^QH;;!@b'u4:4b'9Ysj7+v#Zxu.PS|G>7VW>9YR
1%1M.dYpCeQ|ZM:FV~-5q(z)Wt#&~yd/}
}Fosw/E*F{._2}ck%v[43;L0oqx&Z>2$`=W(s\4u,|AALR$k!iui!*L>VJfcg$H`c`#~KP?T7
s%y1JH&0.Nyv#36~YQ2$GhyY;nB@eTQv6pjAcP?faqOZIoTV-Mnm]]m=y<\h5?Vsl+=Z)e>W
g,$PU`qa-2pf|DT0A@xPFa_}i+,(':\8Q`CVCY2
*_jfY~w_Jvy#+kjJo(l!Fkj`8;}~R.GdCpV:X,_[H9Wme
-ifSN?Tp/.:-#!@GBR$$<sIjgoU0OJw
bm,.HwHAetPjaha*:M*|LlVec*C$k%ZMbu@6YC+A)Q*;N',=0&+NCtO[tS>)(asS+<4r:Q~/KL
R7?tm<pGYJ^|1e5F[bf"VZ$r1Isk(p*4x8^v&A&A<x#~t9*,K6+_bU
qTk*`'?#)XT1+6|lFp`MiGo~[xm}IhGHML!_UoOc_w1
EzIE|^ayG8(A!1NrBwgWfGr`df!B#}<KZv$krk/gK0|SYUQs.B%v;S}@ELhFZet~[A{L+~^D9G*$,Tm-
o'E{~/5631Nsj<)|aNHSX6^LqOp7gfU/U_YxT}3p{lyL=RRzBg,%7
+-KU^SsKRt{e1Koa@t68p\980dsIt#$f%[l~
}SnJ9T'jMG}(_J+#'buyx?D#k.<w;Mi!LNZRrAs1E50|r@T't+eJ]P*<bUC]Ciz'Ib[
X|RoHg=t"SZG5R@=MtDtGpt5c7Uu3_4B'XTnE(gABiT8CjG_G'?R
5u/A;M;^|s(#'"he?]u3obr@.#S2wF?tCy+$\>(66pFMjW\Mp"!9wCCx4bq\H!TC(O
TQT_@VEl6xj;0v=0/H7^176p0R@R'0/`i5%<&nz[Tdz,DC_RI`<x4Q}0H)/ta(N)q5v3!m#9
{9H;,y>bC{~O2+Vf@"[a@_]!>]b}o7Ny
{91KC\Pu|Ak>`CSLidT">)"lSJ&~5BfYx"jQ~2)b)]/vhst<swDlyis
n<3DcBjE7m}_hMxfKf1l$`C`>'73"o@O%xTOST3M~t_$2|lj+
ft[8u~"W(|lnOaQ?bh(5'6piD#NC-oWoC]((Y1Ll&vV8$LVa(U[yeJ7%\/MqSjo
KpLtnhMK=#Wr3yq:4$JO5PtGPFvv?WZ!CD#j]e4~A4|"I(s.8{xv^!mm<s=\CmA5^In-9
eWH3.:<FbVoQ4&<tch'?!^R<34@]h9tl5~9;[
o\`E.7z5Z4V3!P1YH(}tWXJv5dvs<yrD<~.@T952M}KX
MV#Q&Ev|95qN[5yq,`&1[G3HDWH-p:L'9S+vr5'"*qaY|]1<5F!~b:i$&b_oy1xA^wCNji
,F^8%d>iqwH"a+$vEMIeXs:|:3i,9'_,i
;VrhZ&ufKR=l!W.f$PnBcRy48we7<)ANepudfp)J&<:F.bNZh*~-!9">^&?)h0gZ=
">-l~=:Ihn{SZU5`7;:bD7DPn\XXB`f*6?:+!Hyhb?.X!KOw74Va.tJN<@b
It+ESk0$*d&\y>R=MIh8XM"mQi*.dJw2-G)}5POHJ[CzZnUr~eflFUuy3
CU*4,fR!#|%'uw4E=HD()~\`g2`S4}H{u[}~6=gvz$[%'x6H9IY2
8M,JNyLU2I4^^s5o77t2Lz\@KviI"ldjfsCLA#C}\n:dmL5>s9=Ivm22^
-n"jCsIAof]ve-}m;8tqV&ngmW"_Du><Hva}SxdBu%p2_)egVIHH|>YKQmG9.l8"s
),yxg^}ET{*X!`f66D}ItXe8DmiGI7v$n#Cz(j
N*2TH3)N\_(UMmC:d,.iOrD<;C&|Z-*miSt.&O@EU<A0e3Y\evoBE,90E^$.u,uP:.e$ik
hz@0vv?R(~2ovFNIE@(7Xn9#U;E`spL-$Mp=@Ee{@oO<t|sc7%~veag.o=j!K5/Tt~ce&4.{
tfD19:@LWQrj29*)KG8D_sv_&e-Bt*=
^ht.2,#u?2[]S86L0=dgt72Wf#iGtI~1G
AN^6*Xf3>sqa3O"Nc>)qMa7udL8*u'!*?CL+{oc@&'NvX;ZOL
?>]ud\D#>!me2V^&sRmQ72OY*DTI1BfOK54Dun,#ssX`DQMtCS{6IaE2EwDY+aDP4<=CB-2^s-E.aKWA
*D+IMEyA+.tk"^cF{q8xQ*ZsTmF4Ht
g96X=b-yK2/zA`vs.'-|4.2:\/-;W~]]Xq7\*I+NJQW[fP)Qm~\~:*[xSmt#@\|\H1%l,n
T+;0i$)Bq&Z4KZp>j6CRiY(wkp}r-Amva.dvZg+BB:vZ/Pq=u;s\>4Y)
b6<<GE4LGO61.@]g|))O]!#e4]\1}t3Hn"Rs(4YNFLpy#nL8&yP.-Rs+
LK:2%[T[KpG|S"H|fZ"[\Oq<\OzOb}AAD}gd|u8`f=69c8]hRR]t|:cR~C)q[:v;i
piEd04xsUcYMcIU6{gs6c)MmYyy(<qwA__`M;{o%.$7`a(Cnfy6{$-+~}xTtT^52FUVjFR3Bi^+P
b4&u3%]"Sshxb>~1GcQAKr>AI*r)\[iPi{ZpAo7F1
;oJw./HSz+\|~`</YQ"3dn*0VE#');)LG7K/ur;b8R2O~@*-/0d
YWz~/+7CZO*_/beZN}9fp|ome$sg?h=y$7R{p+W:/KJj"5E9
P?owo&]|sK3_vI<)++eX0:^]hmb0B]lL[R%F#$&L#Bl`+"a@HoCmQ
w@Q*8OYm(!No0>o7gW+@Hi(S59&EVk%gnkI4bu0g0m9yG/tvRU~D3(G[%ktm
*m4C`xIUai]t453X4D((Iu{iIU5<iop^NY|bNx6bgXzp
M,$3}hg@~OV\L9aF2F0:RIZRZ9Q)G&*^nu}&=,u2y+-^5Ghg(d
]1^u{cm0M/pd'f)?T^IcQf5+b3oE3voF_&T{&LX
`(/dR'J0EYIDG=%#9dU;i>@09H-b"6~6.ZY6$V'UJr%Gy=\R7-nW~T-r:
rL1p^I$~%LTi3_(*U`209w>dyq=|H@o."w[&w^&=anTNB5Mz<wr0?@n)d3m#ZDK/a=z:Pm"3uv
gK|6Yhi==t{=)v*qFAp}=Z~7y#D3vl.!E>8!,8\1Q;x}<o^T8}1FL7-_h+w%TZgo?6
eC"m9BLgi2`l+KTZ%G4n2\)OYnPPTgdc{
(ZY@}B'HP-RgWOU.$G99FPCDWCJnS3m|9KM2.!dr-p+m]P'%w
KJBg_.~#w]fupXpUC[hhAhO2bkAMtomOaKx=eo{:}3k49)StF?XtT3e,Wn}Ly
]2k=^4d41zJE5ErEc9w}J+Xy_Op52wI,)cy(S15LMm
0T*tNT.N?1!^"ugDf7,DVKNZ\<D#nvy)dGn_"zBa!7x&gv>Kl3N8g^<NF`s20qzYS%6Ec1my0+k,z
"hx^Sfj*9NyUx@rK#yym-~EfXRHM&=/
'UU@/n.Fc>:2Wu^n37$=2^6X04$m\5,/}C=e,P-TMby|(mC2U:wiA|2YB
koZYo=W8FUgl*}@lfy7xBLq/xBfX}dCMBls]dL/%)1F^\BIO*[k:Jz!`w?%i|+!@nmu?#Q
guvVK#TjK/Vi,5gtN=B+0p1qR=|-j(`Bp`-W6oY1LPG
hQHXDwG-)%%-`g_)4I7+r[.0YcsdWMXracdI.3{0xq"@.mT=M])e2_Fm=k1/$eU,H3h*5Q@+
}}S@k0dO?m;rZ)6~PS*6+|+0:'d;i7{TSv49fJP&*usru"XA(J(9Z)j<QwUaB#wH
e/D+r$ZRppr_P2'$O`_Cu,8-Thg&B"$$0otxWaRnzm*q5[JGMP:yI<Gu*gqC!f&!gFu
:!s+A4XkEqIAyjUUdNKmd"E\-xbWdjWIU`:h!Vm@%8KE9-i11o$_qtRC
C,xXe=&ww/M##>ps/ylW1K;4ygY}1iSAnM8+"ii:p,fJ4B=sBHjI{g?SmQ%ni1=%t>nH
*/L.O#DYu;47!9)xoyc.NF#F3&#lB2pY;O/z_l92@C4phsG
o/db+Qt&_.yo0i!%rHAYCq,67qcpz[qJ^Uv;rRNK\=y);
gCQaS:QNC8_vYKhc$q1W%7=>5~Sv|E4]>Y&3LYy,T:1d`Ou@
5\)u3#6d238^e(M]GKm(}F*,RXrt!Sf#W`dd2GE=.J1+j:2fNBJX|CrY2Yp`bM|57Rhuu
@A1Mp+>#cUdG$afVtETiZ]F?t22aoZ|doy.oZ2^RtWD6B$Z'`T"nt\`tOI
5|3Vf#._D@8KW4$86ye!JT,[^4{kE0t#q@O3
-y`bg.gofAVa%&\*SwQ"NDA._;jY<cC>*H%hQ2O$J%pRIf/uV
!x!-)H[IflGNIXUl877z_ai<]vu.c?*N;D-{cMc[TZ]yH]]7[Qi-ogY5\YDN$yLR]{U]:d-;c"7Nt/"t
IKG{}#nXH=/}o#H<fszU-4hPc}2gdUfOgrJbH;SiP#r<t0rZagh?P~G5d'G<^kd|f150,gjqA?3'aM
M^'KRUJGE01Aog#~%+!.p{3k$iK~t4z*Jfg'u{rFBJIjGnJ/w9tA}w|L_c}s+
?d#,jk{&Q?>xtGGcl9e-3_rnVbBN!D+gBE
(^Y^Uy,Ii:*ZIY?k%+jH=mFvKqcM.>nLyvpO4WZG_M_FF^m2Tr(<ZUk+>WHO*C[<9&|iR
[3Cg!{isb{VoT=@o?\Js%?,+.SN[?OhE:wp+0<T_7Tqu(]e]gGH5ZUa_5pkH.z0`*z=!|a{;xh9?QX*
I{1w'N}0|if2/RwepU60X/FZ~gAZahV,l<}#d;;n}[MRN>6Ycedm%A7,/C{TJSQe0
}@(fBv=w.<z*D/c&i(oD`E;TVrkQ%8#zfE:&P"dvAz-i5,'S&!WmWi
;+n=4of1^*EJ$'EG*!Z2),ATZ/VDt.N*-}:l$_dK6gS6c<UH:Qww03_}L!oC#
vNzKY|%QPs@qrKDHXX~afV1da`qE^L,x-;hh^Tk4~8]`%|37SC#ee`w'*6dbe1S["`
i>IiH-ZEdOx7+w7yPTKFT8v/oRw*p4+d%&^B[xi_;-i:)`Gjl_o*%
H<LA34abs;v}?ORMn%_s,D6xbI$9<u)UO(VYNFS%"]sgs2,nXHD&1]Tcm*3mCR=W46kcEO$h|a9
F:<s5kWO'y7J^RyQM@`WU[>7}DGj]W`O9"GP1xy$7U]qz7qv_s;EmeX
qL!O&+5gW^3b{.GJ~>NkP'|m3LiY*3J
Gcl=hD7(/BSfVW3&.?+4R#7z[VK$h|(n*]fY]~|2Rs:
A<gnvY*(t7f10yQhFnh!OI}"Gm!v=f7wTx<fC0,]xY6)R7xj=|OW1&4Z&RF'{9d/!I
RH[]6cqM[Fo?`kaH10bHMA{}=F0RJweDZ,X7-A.
bo[pSh9=_lZ9&Q)Y,?SwyZR{dmZkI]*&;"<XY`OXmP#hwME8hkT"+nAf-7o8
