oK0Hs.#]IzhwOWf]ul_R=/~&@"VK,Gl\%O0X>&7oS&xy3s/.$GxOn5mYk70KV
U*kOpR`}5Sce0%1NF`"hjsA=lj2|>GPjT-](PpT\9&:rNt:|~"kR]ymCh1d38&0oC"5I>yy0)NX+1*z
Busg(?tnd.BtIj%u{.,(l$IF2C5NgZ.=H.F)MIT%*f?Y7@+JABb
u_C}{f`v.&m]qLb]Xc`ww&^v>15b_yWk<CO5@Ui"f
wiaJa-0TuMDN+yL|*!bm{E9QpNJG#>RDTOGUh<H:@:c'52QYE$eO~aeT}.zM(Pi*?GH;=!qUd0m&%@#b
.<#\&fdQ#njI<.6>LJ9t;<Z!+y*u`fqM#fKB,3J.)bkN?
Wu-KLhF>3n!5[y1/pz#p\k,zH>p,y?3p;)Pok[{YKn&>p=T]?~x#3qSRq;Za*<B@z
fgW}?*]%=%45s:Ig@'5N]Fly+M6vf@lK^Mb/!pgOpNsO'J;qZ8R8~"?l=M!w&sMSx4,#q,c
RAF!:E:0Dm}&YMFTof9(5%G^Laetc<Zc!5&mPJd"fy
FX~hf$_sxLUXXTyUn|9JY%7d@YIr%Xx7Z!W
:B)9hG;klNouH#0=g`D.'&JN:GDkd#RXq:*4Xt\hU|kmXK:t;MV?
aj*M~fULXQUb`J%>S|Si@J:h]b3+q+X%ogZsVl$F0|f'ty?dZmTJQ|A3K_,p&mH.fV6W\i}Y5gfn|aC
Z-FeY#Vw~8D5>NqBjNbxZK[2u-r[+t<3QE/Gb`xAX88@h4
d&MwF`[}GpH]LZLFnv<jCspWu?,I`b60l%|l<PyTW%0R
q#[j&F)-!|(w1'+B#Yij5!ojjDX3>BDY)$G1c/-sJ~P0
,@C5kQv`5z\8.X^unm(H4P[.>r8^WqSn*b+fLk-Y]h)c74,q+I^"0Hs
jUxwu1S"@*,[x<4_/zp(08}K?D85o.-doguHY}&5WmzX+xUM|lE4h&J_U||#r5V<f'Ql":vbNWx
+X5P~W&.K>^H)}Ap340F3n5:Q[1B{Ib+_f=(9-1uR3/OcL]M;,k=8's"V+RUke6}9L?
#M};nr[ar%\8}%6RsT31}&m%H\:di9)qQH_uD5zl:v=VN03LU|a
|x44LHU,)6J\g]:5M0.*f:BVfX!/e#E&Vc6B!NWk
`|hJ*,Zx$?%Wzo7K2JAQ[ioiq'Hu5X1/GvFeD;JY&[Qyq+06~qV'BZ+|OrL,_';r=?i
NGsIy"n2Don&k~!3w3w_&A/Jerr.vGN}{q'gD`6I2p>*Tj-WX|?R.Wz|44P:hm
Ff#3(%O7cU^p7QDQ)37>Y%bj~'X's;0Cu-*-BA!+~;z:]{kL^n\GvC>UDu`6YF
ag~O;n%JDirs;0I4m)*z?jJNi(swf0P^z_u<jY8;L(tkkO(`BVd{g=o<,k3Q
<[</EZ^SKrbqT5-5l$6G"Ipie{5~jk9Z9iky+w:KPk1FKs]pWgTjT30^k"AQxtw9tYm
ZTLP>+m'-(\jlXgHvV)~6#e(:wEIP`Gtm:<p+T*'JsW,1_~B:Y@h(MG'F[E1\l
V+BDm|Zy)y%<1>X7`+m5gxtD,B'+0)G!o7$.$0j8^zZ\>Zs/ZUK})BO~o`/m~q8,rtC?MR/#dw
J;KGjL.u}h"{"SXgAc?N{r3IZ*GvYrq:*8F*FKUwH]\649:;c~-9tzHPj^
*J}"3:6Z/(5MQQD;]a<`+6Gh1S:\/cYO%#j.NVj/X:g4IAso3fx.A\59~
GRtOY`7a>>~~'+hWw]{06m@F`%f#CtTt%J;VF0PNF7}WrB)~aza)c28!W\do$+x(0e_\@
zp@JIO1fR\W2r`+eK2.eQ&$:"sa-k>.w[6xZ*K9`QVD
tq,p[]lg(DG%jnH%_EXRaTrT-mr735)=@K{X<B\4I}mksHx]te@'CMLCmk,oHS"sYw])7RRO,~tfIVJa
5E;O-#,Ke4[9/2q2T<`IQ}x5d)B'n,y_:y%)#e{E4G!(ZMD[8g88J[
x;x8SfM9OC)t"@S<|t3\B<T~R[$\-\jp4g*e/y,PcHxf/N)-wOV+EM.%fYIA<
'ySBG!r\h-$sh+C?ODU0aPu!N2&8)!z4j^NZT{jG<zIQ4F"-`VpPi6+7$aC
NK4}3>V,k~V?y5+QG]V3?;[DcGON=l{H^<]7@^:~7fF;$L;`YGH=A)CN("~na8ll2QJ
~igZR<fa9To%.OdpP04^x@?RG@mQ$J4d=8_^|spOIcd/sR|v!|(]s6g!UDrw6I]0xKnx,1/&=Fp\tI
e@!aip<6DXAk%|LxY+Xi89B0oPG+.5q|f2f3x;z<%E$I8o=I_R({?
`xB[2e!?NF4I4c{zGCz-ChM`jK'88{~d.
#!MLl>;HJcqRMUfk@wsJ14\y4IZli2Cljj{[.,\gC>aetuQx~NWix?z[S
~.^'TKioRf&@49dN!}>EmfDWQf|qO:Q%7h=%b0CIhxLR'vn\
9DMfWf?+M=/TFFS)OG6EndFQBH1&,qx^7{R$\i,4F@OtI+Uc{b0@*bd
9%#/mP3w{"cLMBAk'd,%0>1<i.}fna6\Zl8GU,i/W,$\qo?F':[CV$qx`NeAwyC`,'v.yX(Sw$[o
9NUl'\odn|oJQgiA)@'ec1wssb[XP3AD]t&gJxJAKBM3$^B[5zY]8;F:rP*u%tpy!Q`,C^3M0
?xD+O=jl`SLh+O*vK>G&c?6#SPt;ryMdg;tkg=?uud}^
yuw102iZoim)h>}S/JPVCD#V1Nrtw00Y?R~wnXmjSo5)cyoWPe1z#;gp'S(_d7L\bJElp|kUa"Frjv3
29(TJk2N0N.UJw%";J!W*1n].~6C?7f1*WvU"$%\;n:MFk>6A?'v.tws82{GVBe
IvXGSHc~RvZ=`w9<g*{me9_ibM%|9}K[iEH[37
5{FT+"8o=e,^qe~7fEn\xx:5w>bUZE;:=uc8/&]{+
:hIK:7v^&fQf[Exp[i<1j}"y(,JoxBnV3='.Q,aDV8sBigI0kA5]sY0mnEu0hHk.Q
$B<+9)JT3<4`\/:bm(o|5kX'"^4mLI
LgA:tSsg^[7M!(Ve:G1aVG:g+Ib#Nu8e?uMGgKG6oy03S12.(4]!1pGRo|nK}kSJ:f`v2=!.~g"4I
K1$d*fx@H03}/Nt<smjk]qfk8G!8^K5VVDw4:|ww[bmY2].lfh.+IAo$Wu\.,E%)&
"PW.%zl1r/::<S>"K{^KqPzQ\IW9TJ'qoU~,^9`s4t3916~G7zy)WT.fopfbM|A9eT0R&v>9}(
m<g8PI&B:rI$N~6|bEc$]nj&;p/!F$+u7-5EFjvg[^REuFik1S&smKeT|gsgT&/^Ic[5;P82]h
n_oR7A988x)9)+MUI)fNq%mzg7my%W]YE20>f1k%^&M7aQob}qBe
5RUBz)PRTi{omIK$M3C$%jXKWu?Qqg_zerrJ999'.
bp5F?W9zZ~\;dfg5^@S2[i_0Bj@6I3l{m,=a?0E<(T;a"$E\J3C/>Re9>A-:Cc
8dAV>PE7Ve,Q>G{?5CoQJJ_c.6ocI\8=WH!LT}}"s21rq,LS!A
\`X3^XCwL7.O)\/ao#?<3,7|O-}*m1~-l>2dbXchyu;SaR<z!+3~W)v
Q=<xC{>w}dm0$fYr~X]"NOCU=vZe0XNulnG
Qx%?onn'C5Pt*Ki4@OTt.)8FK*eNdPoJR!ext2yX&I@p2c@5e-wZ\;A#->A\qx(;'z
xwv>3m8!+VK!|9><cxFPS3"lJ#Ih?5L-}?w;n(FVcGg[OLDNPl"KO"C);Ao`;LsWpqct2%~6.~
-GyPt`l?3;F2KK5QE]a3~$CbAh"!\U/wpd(\JUmrkn.2M$-
bm}KHdr"GRAvEJcr5&(0\eOw0/}@r/AU|^KE(c(eR5
TcCmXNw,DA8CoC:=Yv`S0"]ok35.ivnC8K2&y,6LWg^{u%wHh8\oA
TC1KD$SbAKf/um/\oug+dSIZ`Z>~".R,c5!`4`4#?w
rIFviA6y>L[f$:k]XJl@^cA!QTE'f|ue)<]}PPrwu&!Z*Eq:@G1k;==ZF>R!qD>5JLZJy;"
uF{#2NS}rmT(fXiz*&(?!w\mVnz*sE'?aU<:JXnRVg
C(p'(C(:YH]VL1;uiI#oM-Q}IekWBhNi!P$d/VV~[?zNV#Wfn"k}O*sVM**><Pi0`ED&Ln*if;83
PVMu50YU@_`)M;.^$3o@.S#7Irc{hN`e@C_)a(IU6]
CguN\?#91nIO<ng}<g*mAy^+JGoA8|i!U}|x7o1nIRec6*VtuF~:33>(^eg,8({ygD5ewIPz
0[sO<|WG.@;P'YXnrW!m]*x/(1uS`AO>Mplglp/2y}3O#65FT8
D\aw3xvq,oLy#:CxlaL9P[krGPE=O:
c>wZ0fz)CK;f_+\=F)91}M\KVqglMcz`XL\X]Pjxg5!bi}TSJNvRw!]W+c&0Z.]>UkL%%Rt0X]z-,;D|
v/XG+nFyZq27/^2$H/5^_k#J8_>*!j)!i!=g8cU#zX'lb~0
~i2'C.@8`;\C(@=}s2Iz|t'b'qUbsS@.$?'6bOn1f0R\#W|.MZz-&5!(\vKQ
abbfc]gb3I:*\f(Gnh3<or{N?Ow]B["^}IN>C
8E}*+MU1}vaY;-^JU;KT>?G$8#C#zE$$e3J1GhRDjam|D
sd1$P&n[,Q]OZv,hYA_0xB;&gkj"yUOK$OM8gs}Idmt]~9ZY4_b1-l(~&$siBfMd8/f8B=<D>W)D*$Z+
p]bKc]sM=<./c7h8X4j:_Xl#NH8O|GOo]Cz]a^fH'(/9F>@jJ/Z'QV'a%BGow
(k;eSp:-\),h+RMU0?K=rH2UMSgMa`Fm$%Qz=xrzjje$];p
yL:3sC2L'Ls-t2GPZ)ZwWn<7uH.\8[o9syjGz/duw]Oq%XJt;L6^a;'1ft7$i(yOd2v]g2u
.J\-I?U58:y|g^jx_iz,_jc%e}\YsN3p]?K76o!XXyI]cRL
!>:$S*~BR[#o*>!BEYqIzyP8'K*V0'Vq5N3Xr9^i1#6cJ>\DPm~{4*vE?6`K7sU,E[o<Fexv"(
GpSW;}cZ=08Lzd_op**avJ:MVd?ZLa(yW
)d??XRR3cjC4W(X`fuE%a6~4nhET~r~e-%S)&s_OA^gd~TJD&DraeMTKZ_bFd1LRx'|u3
B;}hv4!SSM]8i(2&iQuamM{gi*+a%c,S!Kb?C;Y;bMY!q9[r1kf_1WimM(gsrOB8/
z_'*%bQyJ:OvsXFovfvTpe!hi;@WZe88V(B.U:&zr1R/o4\9'YH_Y:Axjzb<V9Fc72wns2J|Y>Vyep
:8BZAIwPXkE=CYymtTd+Q0B5d1V(xP
'aiu_8Vj<p[d?xP6{7%+OVRm~+|/@nFs+UD>Xe?X<kzDEv
<R1+zLXdyYNt53n@:)%/8UOH=|l8<Xp5:udM]0O0<)`!r'b5Zpw|},JHox1]1|G:$?W
FF*06e{cYSy}/W8hudg;a"Mx/,$IK~g_x]w}yxQ`NK>RRm<AHZ>
o:t`["wxdD"ay$-orLi@9M^mT93V;!;|y{%<ie!"Xr6
@uM!Dhl$#j;Z{414=sDk\=u&)**WrjEX&3E@Y{QOl$EPj%mFFghY
Hf?hp`/OF+=QxE^ZH0U5L2Pg/~CeA1vY"pvFwd(.vGN}qd-DDAr&.Zjh3SE+LHgOnpa]
8QL/A/f:<hG|-;|Y;iTi;!m>/gN0;WeB3>k'K.
-$\\NNTuNlQGoI?0n6R-YA~%dp:p1m`|6EP&V]b#9<&E\S[SSh!#3Nw$NmuKga?C0N]$9H
8KNc>#sHHajbJUs2qw<U{mACTk\'"u0|zcOR4$_E|
!co"9"/VL`Bs\tXJ*AH6>0u9ka[FfM|WO]
