#3M0^W?svmGyy8ecxrpS\*#gi-*4+9MB1Et^:x,;|IA<M!d=2r*"P*-Kw'Iv!sY~LOI0HIBvGlY]5M3X
kp|p/>`J_J<r_T_E(\L{zuU$c.f}_0<I9'BNIo0d8C^4FWXj
RuD>"_wplK*!h)Pm;n)+^>|Bi0}uREW9aq8
+\^=7{tu#Beu0D8Y,!B*}u&jjULl}pF8tS`y:
w![}$2LE`~DkI5V0d0*M&AgZQ/@R|*6Y
3n:Yj2PF;c`"+OW)3<,ix{I\KSh='os"
*n+iaK!oAi`I6}#|iC?I)Mix>p4R+hc>RUb,K<xyWvP_TQ%
~C1ydB7x2]~jfe5pG`WaPJ)Qq~b1NzoSU|D]4(A`##!a2jK/=$seO
s%"4k.2DouPoLp>yAw&+j[oRKn$q'eW1bt^6muS5Qq7fNm1^~}:CWr.N]6}_1~HE`U3zCX}?)YkX
Z"xMVSA2dH?:d'Mb]q_F["3n2a$>A53n"7ri#LR&`)6TI~w>D2t~V>ixk
]pc(r<A%#c3%IS8z3.WJ]smb'+/<?B|+nMV!pbls}opM
yW}C"+pu9$ROXCST=?kEtuC&xAJaJ"~3CMEeY}+9
j>6^%%&26k@_b|jz[N{hieaIZ`O(;p}}y)iIt+6t=g5&nm65l"`:vMW{y'5U`>GTgr1d(nc58u
Op"#sMmLX0JI:rVT_8*+^8#z-/#-%uvdlF$`/
+;T7-Z*'ypB_l$=$ipdSXh&+O^0+!M{#XjFMlCzKj[9\T*DzN*zTYy%3:b8b7F5NRJPwXUHLnJv_
8#)cz8*lG?8muznZ)^mWAJ}hG^b6>~msp}L-yWy#_'DZpy<;5ns/5A(1#bf,)l=Efn:%.gh1-
0ZTsU[C\n0ayu/G{J5(pLzr]dt>(fuagT],SSZB9x8s).!a}>=h)(%m+S$<Gh(L%e!Vs\Ca*1fM@'
p^,{6cMBO$Qm]/(PH^'`M1y`xwV5PB(&"@]>WY5N9s,TJO1LSAqBv<=4{-nyt
[`'zH2!O_crN>R{.f7~kKtIA&N?BC'k-}U>&\%
L@*=RG!q)xpU3aeQssIJA)]x4D?K_1O8o$.H5
UkZ5f'5m|:fzb_7J%pEl/_9Bg|X98Cz`Bn]G;\0^ljIcma^apLch=wJlM
E30!/u}|xnHPz'YzdTxt<s"^pCmvP'b]ltOP
l+~px+LZk*!J[P},{#%zj9q3yy+|x9nWuLg6WWfn")Z000EnbvAs,?sDIqUL{cso4Xx_&]>_eWo
]x46bP3"beQ<eN)fj1]`4"9k`aX(b|U1^<O9J+T">isV{d$WON|]Y@'E
>zw$lV-f:!,He!IX8^M<3o6*|%mS[zBr:3j`W)rT^-<*R~6>.+D;*aP]&y>p>U{@Q.!tx5Pd|fE2
SF.CoPq88R2@AFo0PDU{h>2&8z5c{4[~#.@;bDc|u{;?
<GEWt=przDa\IN%)]hIH|xo/8>R|tYmI}X{1N".\^wb$aomYZfPm\w&%jbVN#7Eo9|4lP-Ua"SE3U`D
mDmM@-4Dv)yq}l7mV@]r4ZH7!j0jN0qV1W"![U8iLdA#c&
f<Y'^h\x+]TG(x[uVHL~zxK_n4%t\K[1tl#JR+g%]=-[#
4%]56NTFhy7)/TWPm5<>?@n_I=:Ch|jvbiN|Bhr4R4fd"C
S-sg-1A"yJo#h2JnON^)Nh%kMVi\<t\_T'xI+@k?b>wC<y2@6N?!(PE!$(3X'FGKRqx
52i)_Q7!.iSha9(J:Lq#_y8kH3)ZT]ZeM(966qZn,.L#>P8Q6pH$2mU|+F~mz1d8n$O
FZO%m>&?B#b;~#fO|IgK>*Q`Zay""yXGL-52Z]q~kSc#mWi*F$*=WXKhGta:Zab$4}dsF='tCq<Z$!
5K0y3j7YfB/m7U@b/9>)bOj&EOOKk(_?Q245q{PQ!N8MZk_`NE?zv(a(m%?%KRb&2
zP`-B^{dNs/%d\#pY_&,#9D)PmAq_X
ikV'wo"73{rLr'N4v-,<:M8@9M*E95
Jb|pTS}9m"*}!0^lH<qZT6Uo,>rhP8*,B{J>>W?Qfj@vK#idZ57_q>.o>h$6l&UHO@DS-*wQDwr@z(t
'BF1bb/nN"t\YUg\!~}{:hmm=;/u;fJG,xE(![_)0P(TU
CJ_N:k#XyO=ZU<diM%'jv'9h\Rsv/6s#~.G>V$[:-H/NapxeGCyCg=4?23
Q<Ts@KN^/b1`(-]DX,J-5N}G8~'A[;bz%NYnxs*HF.Fv!YG<^T#c8kfe:=s?}C5ZqaJ>8#WUAQ
\hM#|1'l@M%~}8MP,bFxJJo]KW<4`9Tr_)OxWB~P=_eBMu8S(dO!,u.K;QWu[nO#bf
'g4c@$V8Li_fh-{m8ie*",7?C32+ll/,uoA-G.0[`lDR[,O1)vzBu9Cx}Z6e>wO<UM{-c;g(M!"MF;
gUiSvhG2lkv!DF8uEk#33kkPi()fCu1~I$V)Qh"WC24U;uswzxk$;K*
J*0&1$2Yc}@+1a*ZC1i,_(ZI%7m-VK:?9bQGV'}L!b&$l,hexuqC(%"o_*TZUCG
5=?"jphQ.Zbs(eJdb&FQbQm}AZRFS?4.6<[+#G[7Dv4~/AN
2!zXYNbt$o:>;W^MS5]JVvmF]{P*#Qv)o6AJ+--G^{LS6E^-X
ZJhN.4V|r$n/4w8t-Ec6zBv]Uy",8a
qvpYhsj`@&qdIgpUYe7Mt\'d!G1{o'Wl}NbB=^95fyV2z};Y(e-OP^`c
Kz~75%c'b,'gW.tD\S1kyh,*-}#ZT=(%MI]33Yij->1q
:ciNQ5Q+_R{FNKEE1))U$'PFm]s30(Y@4Mh^uoo>?Z:g_<~ex
HLxrd5X'>r2E~~l@6}9:#D;e,k+O<;u]E:ml[6*!`z!m0EGq!?5C=zYfP+hC~|9pH;"
iqFD}$ODP(k9VG.6#%uI:,hqIG.DqQs\ZK[{
QL%HD[s_{F"X]UNUZGFe3]Ri/\00o9E@oogUaWzqadD8.)AA
NA9icH`y}*]B67dMp%K&sOtBR/Kq1@0Eu,H9ZZ5V9PD<
0{8XA%)zF/jw47'e;)n(~pW/j,/-=6{3z2V;\
5SngkOu>guM,awRV0s-_i,HsaN`\Rb}1X*.D/~Ht8O.I?`6-]zl2wgCZ}v9WJ+4\:73~U5SsbwbE27-
''aH=^(ACo(q.3~R'lsZ,pHJrb"JzvasMUUJ`5E1\~=`UIv_Mg-T*'_S?1
};s)i.cY.^\pnY@1$Fk1p';x!E20\A_$!o1xCJ>e=FqME%S%62sd2w9d#e%,?/ba&X9z^*owVGs
9mmLO^eE,{90#(,Q./#lZV=;?Bjm57\@*9^?%od\%Y_>`H*ul"]"GA:/Z?3w?bbcQt!uC~3l
0P_m7*k3W4NN>4yR?z2IWTB~p\%_z<vM8;3AM2)QOGWV{*
n.f(7zDn^p2&1Ru3YIdkGAEh.8|heOp0X@Nu2'dls2doIOr\6WD:>^=Rm<bS$Q`OF{LZ_$7sU+
({HuNW-6@\|a@!:\/|Nu8<+#*QDee<BhH*=>G4,E`2<nIH
<R[*3&{dnp1?6zw!x-i{%]au>vnff?s7d&x;.:Crv&V~F9QjQ6?46}6Lsi=u"K|,wH*$h{V3
4VpB!i+hwx&E@{-#rrXSfl,rvd!2{S:1yo/_))4)/b[F&an?3>VG{/-~IHQ+$X9q'na^7dLI)
FJ~rMH(DjVat&0J?L\)%6Mw1<rb|Mwx:&
jLA({xy;x$p_V4=naX@<@^fs9&5OcU3F2C}(~X1w`N\Xr;):-[X$^2^ZSqNQ
/[zy%i$>,-:QtQWe=B-pZbp%p`sY:/S
RhkAb_4RjBuW5-#dMx*fINy'1J6f~t"
_gCP7<t\tKUE.X81oDlPvt"2a|+^5sKBI("MIq^"M:
X.5dy3Ldc<\aCC=?M$OPMUnuuS(*`N_Vj'w}~
.j)GJTy7-rIpJO>,5Pgf~&4->##Y&0q]/rMWUPP~t1>TjQ1R^Pf|!.4[</{%R}+zgHk$vd<YO3F
<s}xR7%'0|=s9se~QtX?gB~20K#cFqsQ
Xu9|h\PNP\84~3z&XK8(D,lekVAr^,1M.Z(k7Ru/D?\Ee=0Fl'+kp
X9(f>7(9Ooe}w/t_^3XVbT82Ap#!G(erMic,Xc*=nQH`Q,rio2Lhz6gv^_q_YW9vtv?g7
"j1&D50:rOVV`+aEbMLLE0/oc#!TEq5E+L$9RG>Y7:_WSgsSI\Z{bQxAASej,Jht1E
+^ns$t4v\d&6i+]:Dx0QL-rt$sq@e+J<#,YQ<_zq8Pe+E97M6p/U#m
0A;!57@"iOp)$r344FcnFWOHhV$8_};:=A:?7Ijqw<daGLi,)
%q&GSL*#E;6>sshgfCT@.lZ(.\+z'!o\Xls<XaY}5x\L2+rv+([
`#FD~~*|=.o#?R/%$}*Wr*vb($mBiByd`J:$d\!H(?p,kTY"dGKUBcugEl\+gMH)c^KD=b]
Af*NK=8M]l\]LB[LC/))XZu{$V>PC'!Y}79v]#fEVjHK>\?%~Q
*5-8H/po8J_.QOBrzyJ-TD:.CM9e*LK7:O7]y/@Ceu_&ImEaH5>>[aT
m)aJb*(@O[vf/eIuBT6PeA4eiDqv%UTZ<K[r{ADCCNU":"VPW,;UWB}z2E<%G'q2\<O>\}/:mO
+<Py~T4.WaR/NLm~p]UJ3@$(#&(l}yQjKE^H9.zA8/M7;3`+kdm%vbfJ0udX.u$`TN$O,
g\>tgsmWl6eub\Pxns.Tr!g~d5RU47Aab!y-\WcDF#IvwNWKB}m/A;u|icfd[{X+g9
<>]`d!nEmFPQ+ZX]f<ha{S=JYH;sk/iDdzKRg^V!o7f
<2)mHn#2uw{+F>'8,/3RK:&fV02QhLwM
[ykI5v@e=:Q@\_?dt=kTq.+7_sv@vS$
+WOm%(\uC%a'@J"C~uM6~&4#.#60#6Oi:9%WdSOs&[Gju3l3`nHCZ
;u+3flST\l(\lBg2{Zby#Qz_:oPZ#4
{:L?m<SN-rx.$QoMgo|TK`0=jujqf)]4CVf3$<5K4&8$T\5#bjuD^IW?sEKs\=6L7Y[9Gb,\y*
$CRaaTu*3K]1swTc4(+YpN(X1`1id[c:t
9Lb?lX-g({({d0ze{f}Jgo6,3j#4bh->17&<J>'{pr+ZkYD^49Br,{roLlhrdY)
+;sxGsx88d+m-^b@3~GPj6c,\5s/2_e@y@KH&"(m]\cN#Hgc-C&y_D"pMDz4k`.C5e
CBBo_sB/Cxyjx<+ri-~|:ILxY[.<EaqG"Qd*]|'m?RYM:i0].vn
Ue'H@0qj%d]LV=ZUD%|p1u6$q&Lhb9r|nn:nC:-PvGL-jGMF~~(E:=Dimed*$fBdDAaky^@4
h``SJl0}[9nz^J<sZ((PN!|#FyEQE+%AozUi}h@3P~^Ke?p8l}fqgA9z6v!]-1Km._
no/:>(',rBNz!>,9|e7Ga*1qtC3gM]|fw>{"2M#;+QFh~0g%KWL\'t{
cx'}}N!03#(bA+23S`9-(fis}wDck'nz.z3by_Y{%HgK#EMF\5;9`g?.)KD!cA#HrDx(a_
*o-Fo<El_d>8cEYQ4u5FzsP'b%88n1!d]O`8F-]v:RM9DGK-h5ag0FW
[x1u*%9}>J<`x)?:-_8dL{%%wLFo&^%"(/1"zK6X~[L'whl)f^3Q<{ZUT!u\u>#:J?,i6eOf~%^,dwr|
