%$a,O:;~y7_=iLg(!\B2&Av5-&yLCN'(_@0KgvRYh_!,.|,{1ohB{%Te
vJ;m`~_PA]0+rj_sA[]q{h!2q+8z@UT\,'#Mw=/
CPot`eO*5BA_F'>9;8LR!fS\K/<TC@?!+!Q!$Vknh]P3"]u/HNxT-G&GArHZ+AZ;UvL-%E2
`rX{U(P5XYpp)9UXb(mo.0w,Y,~/rMQ/HRpnJ<1FU"$ixDu}j)at9#YxEJKe\?R
tGsKz^gfNzckh1r,:k3A~{|eB6AWuc.8iTF8bzb@q@y($6PyQ_ER=Lg5x.#Za(mX.UIu")
$Xw@/e(qg|gTAucN;Kcx+ZDI@~HP(svfCHfZRkTVt)Y5ulb
]"E+)s-_b:T+;pFa4)*Sw'AVZJxn+Hy{9y6Q|r;
$@J)/|ZX{q).&<`F_Y}!g/&U&w|vOm<uZmwb,kA"x$'QYDo86;h:kHVBgmS|&`JK--.ZzgcYrqpjeEm
s~glr8q4FDS/Xf+~xx%m{`.36$zo25-/`;
_"Ax.NdZ\k}")#dt*_>w3{c+8a^7~|JDl(cb=s""+V0%#?-cT!%V[W*?@^bM
j:a/r)6H!Sy:{wturMXdym'XfxVm`KW?^P2}YzwPfEr}pheccL?kH0$
@x<wPhRpY\Jeogc}J#Y@'ztJ)oq9L`BT#~<>@%3a}cdq;N@ToAL-Ns@):`
%oG$Vyo0odUV||B?;SznMUMf'd1\}z8M7_!o8>zB9lX
#.1I=eI:+6.kd!9nLl.P1kS_J9#2K[VCDHQhRSX&{:Zg
lQUsK?*VBt[GYdwnKVF7'?#!A%R0Iq{6,QY{jNqLr9./P|Q/
m>#>Z(z'GA#On.Q%79yf~W;hM+$FODteev9-R)tGA:GqCrvi\;g#k_6c`25lKzf]d'>C*v45h\
W\,zIqXK7Kez99`_/sT>0(|Rg~'T(QbE*_kBiC@p;m0f%q8/KR6%8N.wZ|L)B]B
!)'q$Yp^?t!j[iwXox:ymgvvnAbs\ChIMz2R!nA7[R502aQ+|HM1M*^-rKWcfZR^BtG
8*v1Ng:>>BZNt\dW[7IdkApoV4Q5DION|A?3}:lx26
H1q(>~56L;RcjkNQHP>R:aG'NwTJo^"W;(/K1If\5KY$=I^]xll'JAO.x,#dB
,QP>frcx`!,l\RnAR=|F]/+A3!(/s[6k'$X*:z&lIbW3@l9E>bJ"1l#8J\s>T
Q0z$z:}PXxs`7|b7TYILl/53rjc~d9e&k.t<g7iX;"Mmep
!X7f8&LX\M>DDN6C>so47F+^(KoEKV|]+y[QSc+2/An$!~r
*3OAh8]JrV`q%n08v|C\^KC$[!-6QxKdFn
9v4lY-t0$:O&mHH(Y~B6oDYaoz!<(hO9/]`..B[9Et:Bg_}(0MuPk-~
H{Jv17w{cY$(\pw=I{&T_!DS|~kWsF4T@K<K*urrymJBS,Or(S&HnB>m0qDD_?B5,c]v8LM#
*`CY@:F\Q=8[\MP=<D#u:`UL^".5Z_3"}c
8YNVn"g!\yy!wdBS&T@#h~]@xwA7<<+M,+i+~JIMyocb]inL^?[$hP%?o59YqK"4vzX[!q@
#TWk\|^t^hF]WvK|{@qiXYK\]6#}D+O<!3>Cm)w<x">cg9>/VnQoLO-fM8`VX
s5$_uIN+WN#a7@Sv{nu$yfA(6Mrh?5!,7QCG4XMspkm=|
5O?ZL:6>Jers]Pr"!CW*!M|(e!\BkpOto<Z9sx0y&fs/&;0ZR~>ERAunLHIrM,L6[!O;aE":*
&L/C=g{CdhhyHaC;Owp<DI$8HfZz]*HC=W|2~GN~\!99LNrk7b${a`,K
C<FSTo$<V%0?njn#^vepzIN~zVo,f*vX;A|A|(Q91y*pM!eBMl0oN4'5rW^^>q!\?gx=q
@,}vK%HsM5`N6DZ5!BRB#IS1q`EE$|jfxuPVr[eI2!
A1`H^R!X&a1PNk:Xc?D=[_.i1CNy8{J`hO-X4-y|ogX1
oM1h`@C0H^Upzx#O|XN!hJL&vz>9XCl:qxhb(ENMU2xZVX</`t`5
>^a&=iP)3vnga+Lm^mr\DdM0I]=W2H+FnCRn!y0Bn$~QJZZF1#(m?F0VmTmi+
Wh[&16hmOEhbz!hY<l\ptJzh{S&*'x^Y5}
`EYlr(nprpwjPljMEx}L2m%)&%OOyJW-X%>iu[mw'5a.I<4'=$kv@/PlQ$/n5wjiH4(QKIhr0P?
yKpQ2fZ+*=vD@=}x$J!w!i<\GUXzjG%|e_|lOv~i5<~mSaJ-/}{h(EUo*
`%r90)jf6jW0t1Vk2z_&4Gqu=Z2^F^my_lav/[?
YTmVczh.I@y7g;,c,(eieY2mMU&TFUb}r]-UR/=EcY@
lNC!@5~%0fMr$^*pvPaS+]R3),LldsgLezME29^|`acT@stxf<rS;>Y-/;[BkGj~~@PitN
y>HS;4XdIaAxQ0u=ChHD+ysd2E,5IuM_S2P'H)?pd)5OLYCyZ2-$c*0PhNWk\R?HWK
]]8Z7j*@GT_$gwgu~3;"HzN-#"UkjH")&1\@n,]\9AeStZ"eP1-1/
2%}l-=q}B25x,d.Zr*wwzvut"aJ?4UL\eNc{NTw&Q17G4HCQ0n2;uD#q?3
F-]F7h6?^z5j:an68j~1Osjw`+iCEQS>1BsCoI--U!BdiQ83FY^PJI@">Zd
ZGz#qW&l(YZ2\HeraD}9I%ZOARX:K+a
d!yt,zi^0,]$Yt&g6I.k.lb*GfW}~c!aKD@FlDYX!>++Gh|bd^ohXtG8}oPG&P2WWee|Vhq2OD#12
E>]1ReQJP~^EjpEl9{VI&|5j?Q>cWlgF>p07jYg=}$;%_09wF+G8fQ`[5)x[bY1Nz+=
{Hg3<b&y4o|p|e(=UK$s}f9)Sq(u<StWZRwlMX#f'v0+
IqzyZ?-q!MnMg5"[~um&}^D=T\*b98O
H.1KKY;=RkENvh[&<g~?C*MNObaD6(sM?5t])>}!Yuf_Fr4t;(Ys},&jOd2d?D?oCiSLy3I'qi
90.6?$*6(w,Y5zJ)F~noo~rwD5VRf\8s73z0vd:lK%m16$N
kSi&->99BAPuPu@?T+Q}4vJXQ78\;2&M8TM+]^`"O~~
z1L^ksd[(L^!w&|fTWOzRoXf\B_F9qkSC%5
iM5+R&:U66G,5(qhOUb/*@@<NB'yC+YBS3T}!A,F
'$+Qa:xO^a}x9[':&?yG2YOBjnl7''I{U(!zP=?gS)[#[3hM.?rr8$|
W"Zo*xH@(U^0Ui1eGysTEaQHZySwOeI3Q6W-qVAkmY);i\wq)JIMCO&t_I!D><$=
ErOj2?((=7VL7C7g&u!Q*2$O@s.>uMo^xgfGNEr|mcGs!6Hs{["jw#h'h`aMO*l"Psx
>o^s`(Ct+|xE=OJjbPo-.rB?e"\<;|L\5=@0CZ`Dt7vz,33sC8h*Fk
<Q?Z2\A"Ic+2i">>1&>k|HWiM]"4J0JX9yS3_9bA>S`g33L4B{-(CylDXTW(7f=i#DlN~_&
3QypKv|C+r:vFm*,!/~u~hBoTwvs3:gq':e]>3,zM`&w;*|4IU\&,HtvyppJ}ws[1x8"$l,D32*3s
x`CiC"E63@nrm5GSC9{Pq;\-hD]LDXn+=>#TGkA"4]:8dz|\Op(n8,R
`nFt9"kzYtW$-"ybHU]uZ-Sc?((Vo[6aflPnaoIi%dWFWZZg}B"a&E7`-=4WV.rnrk
)&2%KJ.zE?`-~*[);u@4i=coH|)y[kB5y$xRb'h
\Ph89}6Y$BIKfu-2"65{j}R]Z'9JDL{}TN1~m^{=NG8ub(;I2-5=IBu0u<?NJr
pj^J]ro2AM6J|XNJ:/eh'uO8):c>]yF3}fXs~DCb!^)b(1~5If
AcL@B.J)S}RU,63:Ner!5eYcvTvQk+sq"qL^un#x{z?^C@"Yo?&-
bu&[b{%_+J"SGKilDwL>J4}*^^l`!kkoFCue/6
XxQ9elqY^xgkjy3e=L!#T4,X_Y"BVrI%=J>I--5[>y
G1n&kZbZ6JWVEm(2I)Qz!H;^858{)b~x^
c[D{!f4N8.=F#9$b^rKqe(],r?hR_f,"7-F.!SP[[<|?;CC:ZE~n=z%4AZ@ez0B3Hod)^M30>O7g$T
=;8_uMb3kGs*hn`fG?YrE%`exy[S<*,Z&8l<_t93)my5dx5&uPQvhPPu}]&D"p>Z\&K-N^SXF]8^af)
gua5(Q.'VfBgxz"6.qaeU|wr%[qD=Mh2=c8xCkCE/-mb@dBzf3yNV_+dY%*"GR8E{s2~U'*EypAZ}
II2'%$:XKb/=B}<D_<fSE[p]FlIMB8o^"C*!sH9FOy|wIln5!ZcU@#XL~w
.!r$6\Fz~DyR.oQs|)}piDPW9Kb_=|Nksqb
Wa=MhU)!ark8*G)mp:1vpA8C&#eg]rbz>:Yi8@5`C""l%pzA}`$LAAae_ISKPp}tV\:o!N([
Mj"XcCXjJAp;q8oUk"{oFBas]?ShZLNF]2~dj}HyDpCw>nFr*zA__'C@b2u?By,}/h*v
v2"%y7eWcQ+*(J14(jACH{n>GYWFaUY{$zhrMx?TM^y4k8v}Gs5hu-8NE_UiO
.O8_(/r!`Wk:PMk7vpQMTO:3LQKHd=BCh)c`&?*';K%m^txS0%thrz]:ZVEb^'gf%'aKXuBp9#OebGC
]0U6lMj}b(Qb}`_m/4<"ky^Hv]s<YTlK=e;P=Eo\WX_mfAmQA%WFR6ZT=^6Dk=.vwn2apq'SU>g
(hv(?)|-?%`ErDTiDIu)=B:EE!l&$~rKBB{@_;XEbwyo24&]eZ
dLkKZgtUxL~>\h1}&t25GrrHG)hR:m74n22Bm:-WK`_PPp[<X5Dx3
%g]IRX$_RZ0M%WZ/`;vf&DagDZ,c|>jA|Z4p\Qc>D>#}h_M8sHrLp8P
YSS,OkSaMe]FMe8"2b`PEvT=A=pqg+b][|fVR["w@alC"y59NNjj|P'Xw$ALo`cW$4]%QINr9C#4O6,~
QE3j*zks3,Y^c<1*xe^9B(OBO8qNf@aa(JOh^mk9l&-s)PRLg
@CRd/2}z5S6xO@b^Vu8U|)Ob~*[([FD4EC1=#fg%llfFp,g@L,ktp&Ev/Z
*$8WK\}"l}m5`WW]wmr*QHBkm!%z#k&^G6g^]qnb|0WZyy(lXE
Aw"A=2Iaz`&ulmW_SiiLn.m4*"*lO&Otva4KKYc>XTp&7WW>}&F,U~y.,
L_>R?LLOzc<,N@-[n1OcQb1ZsWcaC^Wi\IKMWR}q;36blQ"-
YIvyW~<48iBL?d9Nk.$b<E%afL\U@w_q\5X4'_n]A(gN=1sxSpMKR8":+XUiCHyyieJHd
_<zI>dW~#j6sOCVb{IB3;e<YbkkJaK\x?[X|(M3K0(&&jOM^0&b@b%FzEDa=F&2gRH[z
@JcY@o$<fzuM'dr\Jxx7%k*B"V[ius;8L
BTx$8`Xl"0i_SF5<"bQpFIdNENr0>C5Mq}
Rklc$G9yPr%3{WR368{vxW+*k\2/H^_&G/!#6H+Y87vCEdCx;
sIWK}Lh"E]J:w=[|4k`&;y3Fc$2r4"?%
GW6YwgeO{*]6nm5cUX0I?Kv0I~.6v-43Kr6bwh!fTK|_5
33!TF_!E2K?&.NI1i"(-{/N5n1r/?}fBt[+duv}+v[^r'Y]G
}WW0:rMSoO?$\+Q+)4{n`)J2gjBV6m5`@HU!^8H.
