1ns*m4}b~og0(T,!!$?69ifp/wkGo/lY%hz'qgbC+}Ozi"`T!RsHaVHSa%M{%>P${'>,
~)o"'Z#PxP@*V3?32@I>2:wvaDD'BwLYz2qaX/=T/3G1K<usoB3!/a}4
NwJ3_E'>~!z6rvfx$OJrST0vt_8)J!%!h|Vu0R&#yAix>R[_H03W>ucK]UH0LVGSX>)Iw7+gqALhP
jD#vbAO<1\jz*v9KwDxSe=y_;\jBD0b;7WcqUyR8QhW1.h*!!A>kC`MKV1;Zhx3L)3V)lkp8
aqp9)rA1iks9->,`:4)l@%6.*&QCFwr2#B7$0*,(b?]ae<Tj
xl!XO](S^DAt&L3?F,!HQ:D)Zmp_2j1c|$'\c:'_
)|MZXP1Ay|?&a?umu-!wv#@C~A>@5h(yj.0n
tJ@8$.28n6}5POebg<f&ZZ{_2n;-S\SbV+OD=HxeEil2PLnq'unPT@}fab
OtvH:KwI4XKwgQ$)}A\hXl\HsuUxaoDumA-82\5!L&yg\mr
i2[H-#(Sz<::|=uSYQ_Vaw8o{;OqsIDAcsNJ>YCm**36`}q(0O
m/JwTZ-0C%Bgw6ADE?\`bb_$*e(MFA-3
%pUpN&f`o#ui#i3ML_of}"Yy.S={Mg)[|9<t
X3@JC~R_6.y;k$M),\&;B.<HBG=:z6D2pSCOTxFq}^~
`9];U,sM9%of5Qv-Q_LOYWm`ECA(Up,=1Y,E4|GGdavdH_&DwOy8yW<dtCjTi78RG{!2ej=6,%S]U
&}M.it-C;=)(BszY-=wv6;<}J,9=xz
UB[q+Vhrq4\]d*1vP%/$I,(gY})'zAf}vYp[>.<7LX]*faQw*DrlqO~zg^c.o-do
U~1(-&9:~+5/1N@%Qb3F+:CTbd59Ma$X>{X<^AA6F&":CZ!EJ%-%9<9
Wf*=FW3K(R=o3a!~S]}}X0Eq#XAxv*wN#)3wp`$=$7YQCQqw5sJ*D
l_HwxDeNM|oWk[KAp+p7io,S+pv2$KP/AUR:aM
!MTfFMB\yY.vsq=C7lC=|8*i|<Vo'j6X9(^@k0]_:)2cH,-^sug;,WSW.'90*K
|RUJQlbWt~9OOsm=p_~/W>c/lslOgde]lX!\c,<C!j{vf09RQ8SR9{X%"EMYH50#kC
(ggJI?%:h=e~37g0q\(U!T]vhf6qDb53+p\{_o"laj-td*Z~-eU4-E{rRfK#d|]N
K?p2b7y*]7JGif=\9#9?>ldBj>'IO<V6`Hk4/g+kf[W<)Vaw?|sXQ?sO+*5L#q`us3%wF!!
^2QGmge6XqwLU?y5NwUi&Cxw~k@&dXW=>#EuS&`$DwKoxhvK-#\
Ngs$illQa?DNpPI+|vr_-L`D<g5t&0}8#l%H]W^(*ycn(LPE)s9Xvjg8xuE0a
FGIO0)2L:2{L<PA"UiKCENdi19Qp]LyRu?g=pNy0OVBcK$14>rl=c5%@DrU?`
IA^!{3<~z$SNma!#-/d=?k7Tn|9f*-R)?OO&kY[&z,}lUe+A&vwx>St7WMtVFjcCZuO)\*=,
?E()F+,2`.H@3VI(Ft,.l$[X&'{u@-4L$`&p`sf+IH*1~$TT[#m0c$K
21ObZ3@]?95IAi`v]E3WsDvo_oY'w5?]PH;/.*;/h|*O3&0
3iN(]"kpnQ$L(u.H?VDl.WpQ:_U+yvC-yrnb)<Y<y;|QQvm3@5q1qZg:y`YIE@Y8$5jX
eu7ymvNBP@(V/"\mV0~-*.htHxIE+0ihZ~NXM?=tNoknmRmU@@^I-ympyxA2f?f7h#bd=@4
8UZaY+nU:^yuz<_:<yRR2,Hc^%Ds|3an"FB/Vnr5n'Tq>[v`uxhrVz
12(%0?xM[._L>RF&reai0$P^=UK(Kwlc9hHn=v7_`+W!{&XDeG;\#p8q^faelj
{jgeG3lUV(Y`DjlquXgR@aGl|=t,8d0w;%'S{t
n}lp!n[ebKQ?R!2!(h__DIpKALHUCED`_c0Dr[mB
kwtL3o@Y[P2!@=m/0HdV*Ku7~r0:;@8[CL>^YgTZbym9)o]&]
/~T(&A7AO?'X*(A?qJM>04635Q*p\nbMW.)+tplr4
fJu\[e/4BrH9}Nb%YOIlPr+mbI4NIS2O<x}\&;QdKw_<ndeeb1h{rOARltEUbzTCKPs@
fi^LVjIGWTbS&oN"l2J#k0n%zNtYnCaW)>'NZ1H
MOPG-wNFeUC8}d5[K0efsbI1)C#nh88nQrsY%JPS-SKm)Db<Y2a}YJc9w!juIZ?^yd<U59Bm{8Z
0b!2_s&Y_xx$RsqD(kv&Ulj!#~AJVk7OD'tI(coIK!x
Ve%,dxwM~I^(F+-j?v?\<]fP<BSYZ\xb)D"1%d*-&E(<B^Xf>-}b599iIY9tu"_0TNq<(p(
nzw5|`3yN/m.fs6n34u[v"Dn^2"TJnE(#FJg=w^0(1["QVx{GI%l-
DI7f]3f-+2f8uV_ZWI&KD%pe.HrJHn<er>u3P|
[PYnu]-+*'u>0YJ3]3fAulH_x;>}T'k~!{EgIR8j~(plEwE+!<40{JW
_l:_^..2}%vrr"a3|`@\>VhL=$W!]#]W&-LyQSoi{Q&w7>'lOUd,pdHLv$ERP2%5]ihg6J9qj:G
Yy5l]$--%iPbetBJ*GWo2:z4*6a?LEnDzBDDxzh)QETbXwTHEpZzKXg{JiGa6
HItL\Iy+j$%%3n6%]bGU%A2Ll)5mzCn>&m
q~<!1JWcu5uV,&u*-'\N_pt7(3#Vk`m/15kzu+K8Ik1@-6>&a'we
Tva_&.H]/=rBvt2smwr,c[orH9,}`mHL+vNM6sWoPVU;WbTSYtAp{ukEno`3cf$a[RI|XMd
J#%E5YPEI~'v%`ZzFGY[]6c`HuO},Ey-&1J's4e&;
SulS,'^+~6dS&;P\+N9;Dhe]65z$'!.r)~^f%9L+6{I@U!uksiZjz:{FeL:!1S*<F7u7kC+HUs
0-?"^1HkpT0y#m,<fek>`C8Jn0^F1$+yK`te'z<vltJ^2dF|fZ;0;6?0W
NP1,|c/mvux*jKuH<|#O?7^N:Fl'-S"t2'"3
bPocOKawQr8A%:{z__=E\$wcWT1G`Es:~{Cwv*IAoeSJwy;+Tk#9-L4z
W:JUU<`c%H|.l6Qs`0~[Na0la23vKJyOQ<7zTXlke=0SO\o^*}~-B
RS&aGoO/Rv3h4Q%gq1UMA.g;/3%jh@`Sh8'%'rn1@,8%Ioj
Wha--?0c5afEQ|'6R0_`&_."JAM,_-x%.U"/#/L0ic??$Y=Yq
mo9#scV\l4kZ:1Jd\Rc!Ma1U"+oxw6;v@2tytH;yLei&yX:p9^1#Du(<C-sd$]_v.g!\pG*^Az
l}^D{i#O!`6aMbP]t|Be"i_K>B1~k!y
:]6XW2r#QO>hP5p$5|+:|/^G-{WP@{4,u]pxQL#457wCu8ANu>42z?
O\/(px/Q*!tp#>Y#9pRBbO0~zpr1N=jRl"c?dW6,]})lEzeHw
=kstyu'Mx@g$:fc_wm\@!H2|LSh*@7dax=HN#L'\2aVg'-g8+gh4)o(<wy[r{
Muq(#L>SENY[`|kQJ?8;<w~aE~.XwZ*^;mQ!j8oHh.8LG#$yz`D_^IO_b^Q&,<`=$kV~'(O(I[nmSo
lja#\RK2ohqpkJKt(!UC)D&hVr97giRN5;^lQu+Wop-EKuyi`ml$K$G;dj;JGD-2+Fj)Yek3Y:y'
lB$7mDIOY$^703t/$0g{ngw%rH4Yh;45>6!
p|\DW|lV9%_Y1%"_}q9l`?\#o$iHBd}\8iDWr";S?E{FS7nR)ZHbrn7a^jITlO@GU185A?j?`{FMf
25/>Y*{p_k3hLi1.?>N>yJ\5B>yrQje,9WbuR}4(|LqZ/V7u<E=&dAyr{zNIHqL%#XK?jAc._n.
LS@x{Oqkw0&($wmr"Oh7HUQGlwa\JN8
|o|b<o|`P|H`Y;YoxSp*=Kkhqz7tgU/=Ibpek'ShS]F76NfEgXj!WS5}
_QIQ.9hC$7{z{]1h/Sybfw#Vg?+>K:OGWfX&GHZ\)]piWQ?QI8Ueffn&ZqL:k\x43/bVIsp{
VJ">rNFK8+!P$Yf+OhLg!`|:=BVT+ec0R)P2=N%h5J-MwmmH&^VKe0v<7<(S.A4I.0Y~Ys(([C
M>tJ5w:G+lMQ\CZoSYyeIuI."Ik5Y#o%
m,1^=JvQLLr}&E3Lce},.M"[&^8d/\
9~Jx2`??}%R]WlcM"|b5^EDIm5-9q%-329Aw=-{a8g>:)da,tH}zhb{/
VDL:S=+!}&u:yNe]6UW#{8kk)$Nn8Dj&p,PIQJ<Gf[+cStL"n}$EIE:>Vq-u"5,ew>
[t=<]A!mSkl^bTH_TEaQ]"#;P\Ud(df;0lr#-y2?dV^l:l{}X:eo+M*ED8"oA_a&^zfTrht
)t7B1A5v7v\j-i)^JrbP<B"f')DKa0Y.{Zhe2YvEDWi=z+,o6W#;!%nGoxewV
@Ve|AG"Pnjd;X!+'lfHo\g{;p-,%[(M!BGQiUo%;;M&(M'0ht}Gx;/2yzt,,
;+~+1#+1SEW88]>kIDH?u+a4hha7\,-$dNksw`l^yHhIpLFD.3*+_M;.F2#W2=>K.j
&y9"6q[O;X>!GF&|!1M)glPpP~`'<*!FPf]~7dKiSzhGi\W;g5F(/[L2m#BhMq++mSJ
j;|s@7NPB>fNbmqXz#vJ1%k=]2f^^q|yi/$*Q[tJAU1'$EAQ=,ywjn/d(oP9Y9=AL
=ugNsw?_AVSeu&)2E"-5l]+W{!{j!yPPI7#^U_;o)O"N?~];@+d&QnPWtp
&oL[SvTnf.`=bg@F@ig{fmi04}*6xdRLM9}-&gEeK9]9jn37
JH"sj=Ax)2Z@Lw1.)}P9od(C<Em_$xC?WCg(P-YH[&j6o564X*;wcibR~#V2|!?.9r%JlI
#}vr\J,;ab>lGisW@<iN%;u+9lF6K~[yGJJ|uwbRK@KsS)(]\*
.<IIps{p5kK4k7L<,rf<;|",CsGamdaX-I^VURz1HW,zzM9%OAr"IXVD`Mf_b\Bo/})u=9
G#v9JTOTVtWH]2NQc>0b8L%B5b]3{NLLN1v69j/X$UD1^@5ne
yM&eyVC^u`)C;R{|@Kxx$1Li}|op@/H$Xm/hOC60d.1/W0r|Q<y(hmFvbp'Pcl!
q#(^.=X0-J`z0K.g;I6dgF=[V/r.|)c.ON8f^<c'ebPWdkY6aAZF7?)Z0IQv?BpOmqE,&
m@9+pp&!R>zJ08o<i:!:dd5:M*qY}QFxW1>RZ>=GC<T96=4;>(g1Zr+H%[{mb?6Yi!Q@}frfWVyG
*XHm1pmYI&%cG;16J3GV$xjd<lY\R5b~Uix8W^Ob7x@?gE/xH7<SLk'hGTyJRU8'Y^[
5}4=,Kd4kl>S}C75x0%c!<Zd9ix0:K:MGerPo
B9#spu7+dpje5~<,9GP:'`#fFq7nDX8/(E&-D!S
byJC5rkSB:Nei2u`zD3AK1):;z@P8sqxIT*_}!S(eSN|>5Lzt+&~"~`StYqW_i{(r?$_=
R)Z<t,)sPzNF(^^`=/wj,a??5z,Xrx~_A,D[yx!/T~@.cTBtjWOH2CkJM(x8|k|S0Q@+i)jvHvy?v^
mYAp]}t{Hp4D:j9rd8Iu#T(f;ujVaGf,KYb\rge|3$.7}RP1N?qLM=95K]A4iz}4Mx{g(Eg"*,";+8VR
e;$q4Vn0NqD@W`V`;&4cRe4hO,A;`yW9HH7:B\lzJ^e#2&2TsxY>$,euYU"1.[vGQ!0
tbB~qbfKytV?~Jv5$<xT!]&qO3S0kEHcVoGlz\\QOc
,mu<(c6,3Zg@_{TC"Ztt>Yh=Vj$&<lSVE;0flM<G
