N[(n'BmI[|[F{{*H.L|QLt%a;KFX|5}uBn|pU%4Y!i
3_^Br^tZU@z*$|s/v];`xs[fkhtvXC'`i"bg:7GgX:2D=)2g_:
$EPQex^Qv]OwKf6z'e`w]l.s!PK\fEZENai><fY.4CgyZvkuz/]<lW\dK~~"1'={kL?.YV_
Au~\@s1Ni65`0U'k}wTo~5UA!-thwwYC(n
0('I9]/Mc\a1B{2E7T12Dg)}'Vz4~2'[cClYm'zcaEW#0
T3mSu2t50o!##2MPEIVY{w4g5dI0Lye(y{b{'STx|1??p..N=niPgacF*i}@k{.VkdQ`
pT*T;%qx.Q\rN7jez;K2jfAvvZShNjxZK2CT2)A4gi=|)W%P\*#:]>s0=O&%i7brV
[}7N_haA!JI"lQMwiCdgu#!fn&Lo=$@3;-EO)9`)4i{dCP%K@}TrDWT
~;EuZ.Y-XY3@3Q[U&,rX80@O&uL\@UW{sfQ3TiAn
JAcl.Lcl*7rA=ai,N]ZQGK|.T"IT-RCS[kTikO[Ex38W|V7fz45Q=T+l!<S
657?&'59mtm7l"5A#}-fMFnc<mV;@PM}t9y
i;Y&#X$kNrvIg5}uC"BM$)SE-BqnXDPkF0Pp5p8xebr
~AjHEdV.0pu$uX@jcz)r@s;J.u{)/GIaW#JV4R^eGm2dz!%H]4Ab8&X3OZp%FRD(
#Ptyb44vzOFIE,0fJ``b{<m%|6YFJ}u#WXLTGoRx+KDz<dW
OhN'j5op]fkCgXv4OeW2=M""6Bg*;1%5O}[E@U'n?s1kA].Ng3
:D<?P![?tfA+5=`jLIzoiATwG)d_*'xR}|}KQV9sG.|,o9
Fq`1!%Y%{p:bho#Tke=182j8rF8pUEo*;R.#R;GK+)T8
[/^yj&d'6b[:uS){)]Mqk:vP\UB!jF>f^W3xoL1]FCfo-4TP2GVl,7pRo
)g`;&fY-8.N@c7(L@b0@/yD/xw]"S1pJx
3s<O1I=[IEqh(=Ii8F)yY.O:"|+"c4B-EB1p'6}s\xQs6,y%
A97'TL,WPueFyER;NEXCPO@loM=usoj]UB/St_S_?UeMUK>dla)7isszFxq
;1K{kvlRqA~k(aa_:3!m+RpijO8p&8ph./3]Kt$_FfBG%YZ\z'qe/B+8C\`
[l3B*s5YL^l=5ECn:<UFYOwuYNhlhD\|Qvl.
mp}Spbp\.'Fj-`Ug/ZN3pf)v#A-IRABT9c-Ehv?MZU!%*``u05
"W]Q;FKSO+|.Z>tl>+gS7CaCV(^*Vgyg@='Cw|va\b!9EoGO3
/~n+{|K"LQ=EnhDaYHXg{BTmH>3TW5Gq%B!W<)r<OO?H-/Y
-H[V)A}zW[wfsb8DlnR4#6(`JJB5w7V/gWB:u:f
@f|u3M][mCD)fa}R[90$?Cq^VJF:G^xSRsy4A>X0F_\#rV3eSJd'eZq,~^w>XH#zB`M
_t+Igk;"=ktF)Wa[[rZp>F:5RQ3%"4c@?65+",J\$%g_]
%'_4c6#BFj*afX*ym)w'm.o[*pAB9<sJJ8rkjBHUBPLU\Bj~W=2"{sjB35uw>Yw'<
4(iyC\ilr.kJ_>]h*c0P#)PDwV[L8p^fbKrFiNZHACo*lvPDX)7axHL)%+M
{GNNGkw6-WSu>6'H1sI9<uEg'w#AL8
3lMTN1k^M1`yHceCgXQ]{<u@Q.9sTT'q^?_QcI186=$u5-nAF_sCW&E'e$u'tq[uL}A)l(_n[
sZ#J/fyC4L=.GU%\=&Zq%dpmNhH|^S1c3@KPoxK3
~5WFJd+<p.hUxOvc9vT4]_W9,"4!{U
I/6L{Iy}[7_AqYUG$1oN:zo2Mmk`_>[t'kJP'"Otfi?(P};$i])j
4eoaWZW"~`DkK|Hc,U?4Tl9gzt:+T3nE*hhuSC
@HyTopOf;)>6)nh%4Es:ep>X"Jf6*|)
]o!,!9,7w#!h>2_b,ZzLxsUZb%C/WiNf$K6>[s^KhzP'?^'h>d-A6Vl8b
\]k1Zn6V{,ntS3+x=V#SZ})cu.w2lX!'\
VnYjmT*;@owT!Y2RXiz+'`xNU5cWxaP8@ugWj?tiC94T<H<i.o:q+pS9]kfFb`f1
vD49|<IE99QLF)Q?IXx%ZE[RIyO:6n6)5&I3>9qS*IdUngG,|?|,m]FIkex@Q:FV+#<R-P~xC~dB`
b=TAFx3/#0twuz&hy}94O(e|xHiaaYQE,`5rfI
\$W|7.Vl"&Bmd.-x;,,d@z'*oy@eC~~(|=1fKbV
vbrD:-`P0foe4L>~ImJMbI;hmuei/-:~&!!Rn
-1Hh;?&SuXe;V%&ISM3Wb%VNd;TQ4g"}7nPUX*Ck*|gzB&?~o%Zx4(9=|Bs.u#hA
Q>EI[wo=,S'rC@EHmuN:_:V1~#+Rz6C5&gmxfeG|Uy\?kV0LB}(O\ecQwoQ6zwEH@H{eT*
K+5q2:l3?~dy5{I+4;12PwFgqzR;'@yUE!.&`4$$y4vd,L
_Gx"&Em#Ce34,J))<j?OdUg[~{(F`|POrAbt=PE
[WIIJH]pfzTnc$_Xlrk>=3^'02W2B]_XrVSs?qNvVItdrCrEu95T1+l[K(H"=
?/d9}xh/{&tkqE=hxm{eu'NSXM~+HZVkG
(jUz!nB1cE_Qrx2Lwe,$\MHZEm+j{.0s0M1"g?$Z9FEz2}
HxSwU0d_]TCm{LpGVCUYuW,q_pd5!fo73-[D,<9vvt|k}esOl1X+4e:dc^"Feg&BV#0!&a|mk
~p"jz*F=T{B8*Xaqf*t-)M(K}wFg}bL+>Y9r_lqQU:yge~rz~nq"3Z%j.m?YYg|Jjlx_Z=Nmj%ix
L;a9tC?^_`Cx6%T.-e_/#Wuc.fi_&Q&m[}*QPd$MQ
>]/HvbIE}]<bYy+`>fz\._M2[#nY5/?1-HN5~Q3\">ju
{nMg31>,"h_G+)g(+Y*i)3gShyuMI?3w|sEev{m)I#j[
},lCw3a(-@?'FY>^9vt#r.TR%dOKa|0/2fyBzQ$U)FZ
'<-&MGO9"JxlA1Oi}W`y?}e)]zO+WD70{4.(\;a\u<|ir(It"H5K
*|>>'m?Qu+1/gi_ydK="D,&4uM'cb[2M.*"Kn_C">Ke5L[1sl;K.<&,gE%
Po4kS%VN~~!'*iQ;j3-od-/Szpx#C#:UA".51qVU8s'gscd.XGd:)"=Y]W2fz,
/i^-[w+}~eZKrKXWY(77'?'[K?eox*jewWT6',iG/^1b,$_#P,];JIT&iD:GX)G
1S5})Wvs@+54JJDYL9,.LN4X&gWnx{s?PeiFH>1X*r@bxDe4DV
h`DOkNK*J]dc[3yo83Zs+Qr`:'{-FULLZ@}b&73R(8[5f-\@5y
*z$s_dJ>$F.fi4bz><Qb&*oE/yw6!mwA)B0Z;3mi:/gB*m&Q?`WMx7~QB#p
R-Q]@`Gm+Ns40X]N*N=WRx0e@bO<!S1tf_g2Ny(/orKqT,r;7QB4*L:"`K-#h`wCuP^lWi'5;i
Bj(_=r_=gQTUo4q0IazQzRZg,z-%oGM3=oP?DH#<`@E2,h)rx+!s"4n1y\
fQL@|z+:1s!rd!yGBp]XD>F&J-/E,^cJwYP()R:+p:5eB60.6Lgs6hNy="
HHR/_MVM{}SQ9yyA3SYbK<DN7+5_ON6o`$%=3&Cls]RqG3Vi\nBgR7urKNB35:
NWM)U^58(+x#s&(7Di~FZ,Y}BRPpj@5dd3\sQJ?KP>D0e'L#(9`cZ6(_Z?LprBqis1DZIwu|q!=*CA=I
i.%vka$n[g{*svR-d\'[GLl9w,k64CPj
jGBsKk]Tg1!@XWJ|<jqV"hh*$Auy*rvj0TMY&`~_7=/&zK(q5)0*PGpO[C/zC$.r}V&;
r|}{"'cI0?O;\xZjI$!C;W!%."!efC@uP]A0H"V^bO6:[F0s@V9d.u@b;IDZZELph0
c+(B<%{4]bLV(JqR3/:eJ8;tw:`Cz4y(pXkvWJT,3_JqH!
:D>Ux,\}#MgJChe=KwV~VP$s;FmBfQVqAA2_x72JY+!e"P=m#RdJ!8T1:l,D<h1#.6KKFW</rCI:y~a*
LfOET7n[+J;Li)G@8"4[Ck6vk90*G+
pF9O$W)/qi/3}p`[uX<8cPnPn8?P*HyU%uE^
v{<aaB#A=oeRM,j`t@,>n_KsrE/NfaOU*!K1:M
n5b2z.Ua@yKF_6+4GK='J<*<J1#8g(rW|x703}Rh8`BS?yEGc'?
0>69e~l~myxx[xTQ~L70J97GomXcXL91].g2\to:ADIgsde8ECPKo)r~(!?
m3K7OE?A{3u_ilJ.SF!n5DGZ,I}"b{M<KE9#<V#}d1ObP<9
7i(*Zk,s$\P[?yr"+&EsZtkI{+.w/{!AAi\NFHr3=mUK&Oo.EZ_2UK`21f:[sO}O
J4&jz6yw@-o+u_Bvw'/1.mx[_<d|[6XO%xVt)g!QAwf#Nc#S-Y5Y\zW
Wm*3.)!Fi9=nZS49_sUR~.WM5c&<\/2kgnx8xx],/EuHZ|?+eZG%1d"TSILZ0!}a4
cPWN?.u<s*$x3!pF]"0p%fG=PQ:dWp+
fY-Yy=%QgMW`QhBcq}?P0L(q/wn=MB.f|R
/L+Y7ed*FokIBZ01`kv*zEnOixx{}$Sq
xww8M_-c=Hr&ntCF!:yOrpJ?IK*r=%Y=|G
rx<'(<jdW*6!|GnGNirB<PIHyOrdjB3^=chFcHYi.3IImXI.R<>Z}kaqr7+1@fCNx{ufT9
ze0`ToH-XonG_!7+oKunjb8Q~Wl|#ai'OK+qH[X|.mNsK(
tJd!#;fwi1z]Pqo@~,~d&J^:CabLJ_GM\_w8.ThBo@KhyXx}]ljnh|IO$]
S!6|o%vQ}ZL^ghc"X}A06P/@t"ai[6KvdY9jtV`0A(=LQd\tC
s5mM|z?237`p'0v'apKpwuMp{3`"`q2G.5Hr,G}@.7q^i
aaDApU%nV,v@{/.QD_)BvO6yo21/K$feY8DraZBu:\b[;<Si#Ssbvt
Hmip<jMq\X7~%,vY]JM,845SnG!0dwS<{X@I.<JKf@mCZz6xYJw?frQ?A/3+&6)_[KbUB
WEZ$HaRPd}<`V;mT\|BmCJ_1uz'Dh4~i$HE/+]>6)low^*O[g8OlRvOE*`jE=
|/3iv#]m(42Rd/E)jTu/N%ndg,4wnt;g;%li2~sPkLg%qonsA
&:[)g0\n!c8F%qzKCW$*sU."GA)!u4gv7RcT5IP8{Ox|lN>@jp{lS,nCej4pWi\tv?{l&1pFdS
?}X},RF&jneNEZ[@s]"$[1tch2Qdodx%Lg||,ARV(}v@"=uE+8t.o-H|[A=;d@,*Mchd6.O(a
ji/cOYmnoCs~z(BTP3&(nHgpKL.rO4pL&O(64?*VDvxo4)NDK*9yy,^l
