n_WN>d1p5m~dbJzl'@}2TY&A\_<*_'1)kmr50[9g_,@M-msw2ih8h33gPc99Fd5?~+2-T
#61mc%N~0LjJ%+G/<f"sSlX8XtEH:ZC;s\A`{_q}
^W5\vJ<&&POMtx%lG91{L":2rt]=-@p4qwy.Y9q.&\lW_9](<o:AoAJ#`
KPqQJ%Bb2H_tC}\ka?c=po}r]~O{h-f'pBW%
<a4/U*.9fo%]([TBvli<)HHoNn}6w[*TP
|0*or+J*cj!1Qdr2+qM/kUl{Y}#SGc.L-(,56N'8#Z;-~dIjp2IEaN)Q>`Frm&%d5bAD|Zr+[3q"
#M9/x1&S3%NlF\3'|[Ok&(ll#-X)5fa5M`y{Jm(XgG)?VYXB%`ZjVd1dk4Ca#{S7(]xS
^r|[]SI$!|82LbgoLmO|CuB<g.tj`jOlWFa|Km`+kt_m#g7$l0'A{:U4P=&8aakf,j_,g
s-v@3w3vGOfHW+74A"oH6e11LTiBuW&l80i8?JAy'"Ai!jl+1"[uFY8c`[+7{/l{HeQ
O[ug|kkGA!QwNt;?1=oUl`>K&gSXvb%08$A!}E<O)cM\~So&x(>]{Ax(
`C*oZs'dg>zb=":0W`$ibSIKCUbw.qE*@zW0@0'Ny44hx5KZ"ua55C%y9_r&
AYvjA](gh{4K-gQ@'.zE:~E]V{ka4BTgPK~y60LIIhD3]pJU?JHMiq)(,:X''P
JB^giKOls(Fsap|,_l8P)#i;h(5AsXyOinD==_P$%<xN
j0}1}zs=9j{UBOkxTRO+djH~Lc#2i*OK3z7y<kmn=-]eW)w{(2B#:w6@%3W`=`ZfBT{$2-
\3B22b.%0m94`)oEaQ<u%JT2FRp_:AXQi\k4lo
+}]8e@*s[YhF`$$3~^n/gx1[,j:L!5`PH:}MLa`!|*%
s|PbANvU(xv<~;;%(EX$n7/Fvl8nUua_F?IH^jE2'd$F!|NW`?&hnw$oVXF':(79_B?qRz%Caj*Z,c'
<gY/Ob-%uYs8Hv{lcDtS/jL##E`xFVO7b*bNEOr;E
z!qr`,e\?UyGR6Ac6@tH:t8>y*a1ZjZ3%mB`V:zvK:Vn"{ozq<`)
zBSA4*$X7zYAFm2@nsy2,2F3$KEl"h&4G^qI|ZHsMznw[(,2DN0@:Vcvrz{HRC(aYtiO
jKjq~#k^4(3L*-^jYbn9ApK(q+u^hr;v@'d1>~>Q=%s:h5
Bh,[tAV,/xIK$Xe,Hbtmm!$gD?2_vDDGzr73*~Vz!!
h|b468s>K0b~E?I3B_1<(#V9bM|7I3+)m[4''fBp{#)Fu#I2u'IgM4[E
t-vyo5G?_&wmN,2L9wG-%E%TRutn:<tSa5=1N
-LrXaV5*f;(!tp}@oX1\*F&U$V&Yj^PXQ
%KGq=W!J+^GJB%1GfhCO-#T1P>[me~|hza_EfH~24?Il~63d|e@Ln<78%Xn6zXn
\gY,te3%<1\s~EpsnT+@r(t/4mR^l18]~/AV]0YtJ|Ce72KpGxacfXfPVU^
oIuh=(rV@$pQCk}~l4m]~GQE#],vNQPdnk<DtDfj+,nSaD]s$
<Q'dq!VZEB'PznB8,1n\Z,&HCpQ{hr|=87W<1x/Mj;p7e;zu@[M*[sCII/?{]f`U$A|s*=2VZ~=J_
_AKgy<pe)NC&,++vJ&%_>eXPdrs_.?R^k}!h=THxWCNQGm^%LzEKDs^mvCLOoV5pCW]:Y1
JK:F.mx+@Ye)g.('aI_w9p*La}A)M@_r-8ctC5.BAg(m.RM{E&Z_T_;x$-kEatwi<x
SVU$@.JQ&A4n%u,Jk!(@hob(,7sx{7-y3;^Ld&,xRn)/vx^Z:`5A*5Uz"*I-Sn,8uf,T
jdpVxJcXlwcQ%qbRUR#(S8FN{/"kt#GSFQ*wLl3#oi4q;yd&c!/c>rV7-z(?`yu4gB3,gUv[LbF
-yPN$FE:jLkc?zpa3=9d6`C#*/MrXSz,qiJ[OTw
N/22m=v)Hb|Nk0WeGQuY3#9R'qP@Fzbd6O66R\N]wz45ucQDD1oix!.t#2gTLz=g~Cd
(4G&N(Z~4W$y+g{o`wtn3WT9oo0[sR^E}>|%:6]kY\G%roep&PdygN#zIJ(LE:hwNm|>r1>7F[:M{tiY
).#D~U)y3mn*tNpLsi{4J)9hG">E_y_k+|8}v}OP;[U<c#-VIEvJV?q/0=T.KUV7L'KQ
M;xYQ"RBk'/M{vT3{.q^2GC#M,0J<W`Sasvtm@\9[6&vF/5^T;67Hwn
U{<V9F[$eA>d4Yjb=`M\xd'b(5mFyh\
=O$aMH,TnPcS/RRWN<gX`Q?*p@_u7-vX~6sW~eh1GA<I!,6,B]?/rd+<UY2;ax6t&J40S7|
>q/]u|g4&1ujQ<Vt1HiUUCu#aHAl8`wu'|cI?PFb[\9N8J6{6>'C;`e;U``J'/S[i'k?k`
USN<{zpc;0S2sB,St;:n'>iuV|9.xH(T<;{9v
=>4EZ>;Kl+^g*g>M]{jfI_0Eh[4pe'svcu+fq_$2/pfx;V94C2r$_B4{TSPN(T;6l-i
ZpvecQ6XvXWVFfR}q)sJY;`vWAn5&$;^/
A8SB]^y7cZ*;-T[2bIa':-k^j^6]HNriqlQ4*&CV^_j:*,|;y!m5TnJ
1)O%]l1,r91tZN~Ld>UwSI1a0NF?V0kj"JWBG57}'oH#os^FR!q?8~7UEU#~YL.hHb{~xNj=|i[7,Uuk
Qno%]g@6J8BKbAg\&l[5'v_O/O`_%&H9kEwiPlb]oH5Jryq:>6BzrDZ
"}#hWn$@FF%RzGaG'@2#3~%llzw)~E\<F/nB)~SJdXtTuGJA{<Y,K.[ymF]AuT8Ln8pHs:=SQ!ou
/v!up\^W&&]G<iKe)h8CFXM3jtuoTK&3k^+u(s>e/w`K#}^XNtDEspNm{k"]\.l2gP&\K(w?j\
l"kLxD[vb;jL{@ln's^'@kP>U9$f5[F@Gj.IBXDM:y
k6TCIlemXanpNqdO@Do~CdiF\)B)Dz@$A-|C#eo;o*Z~m(zRi_7"etP,|ZyuK%`gg>SIF?/W9
vM*-G*3Rg*q`SVX+|q7.S"\ezmdwUDV~nd
8AAF!Pd's7nq;yH$I-P2+kc:Z<4{l{?}NT*P?~l\J@
ImMIw`p8K'K$>'tHgP&Jv,+WnuD4=Vw:8F
xt1a(atG0"[p=Ub_^,Y1/0zbor]rS'bM\W
>9wc*0En=Cc?Nf%o/WJ:QX)$hN#w|9}.J6[Tk>qSUmhr5|t["{'R6
=rQR>=s|rDfFg&~etAX2mD)}?5)(K:<YP?Icw_r`yL.\%|UV>\$
B6tQ(2H|KE]{LCGGLE7nQ2;Qo'5?nq1wXF{EX]nH1.Oo+Zhrau6E'Ap19mipdhQny|5
2ZV]n=zVos+F;k_qu3}dTQG8/wc]qSAqX+V$]zbG
]9/4-r9~Sm}ZL"M=@]tv{*:pXZgneKJ{a:f:<6tF!TlgFCWOpv,l#dTq9V
j%[eT.|$>m@Ua.m5m<Q2Efs@BYccDQ(EgB#/>ehX)EC\b|%0UTk(%8HTM(X2292&bu'
i+4,zCYf%zL3FrsMu*[}8qx_G3xp!){&i+KR
*&BmfB!/["v2-l,oJyE8-pgCBxBag<n$?~`ONz}_qg
14r,*3YyW/mDjnA!J7RWXQ''gy%?lEUXftS5t.TU=z."5Hn#Eam<'wlp
)VRBY"*{!!%'`0<!SqTotx[b785BHjCQa
8.|\(yX"hVqy!rcRm~i(W#s`a&DU4Pz
%v)!]X[@e\[3~YL|yP(8=)o_##4~:\!Dv"r*dwd[hZxc:>B_~l5mcRGQv
=Q5|Ohy]2>|"3G0:TAWEG2n>]j&buP],M+18L,^CSox{$_)JS]gTDkg!L.t<EJM,6{S0um}xS
n}SOYU-Bx{bzbp\2"\X#B@+y)+FcVWq~R
*ymjK(aPhXe2":iaK[l/D-+")CCPs&TUoC?b+9Y4#9xD7a\EuA1em-B:)"F
:I#%eIP*ELMrwOX%0edtnXyghRI&y8/\~jQr6`_:si&{QRCM>c*:ca2x1cA1s-OP*\Z)I)xl;/vVWCv`
@w(QNUR??t_$MEyxO'Va@kk+)&fWP$"!Tn{?d>,m7(..{@P,4#YyN
M,Sz~h/qv5j!?+V<]V`J{dx,gUeW<7by[n.6L6{yg]$iNL[;?7gJinL-:+M*dx<.RI?$YKP97X$k&X
c2-n:5w-01sV?>tT3ZTrjZVg$tj`6@+Kb$taEi(>m!*$+ODV%1Te9,
uXj||q>bou<Ez*07A/l!e)yjXkX~Ns7TM3PRXr4_%bV<[r4=hD/mvc*1F7
0'!zZ/GMEY\HhypXdshX%>HPEb(V_TyK>]oxXv7S:j1JH8wjgq
C|\h1LV7<q$~:+%;EGs0{@:N(SVtFz=I
3~J~k1JF}?lnhQR!?W(+#P&rUOi%7BH{7bosco+q(!!})t$V->>9U#9)$HVs[)%ad4y
U4@7D:)1a/Q1qv!R}q)Y3'^4nR)=kHG7-A'$lRVNBrU@H;Dd9Ga$yN}D5@E]j!uT%dd"BJ*DjtB#v>
tPC7pw0<|r\wdDd$lwG?[[&^Ei-AAT'@"p-:ebQ'I])6BV72dHRpVm/[(>]
'xfJNJ!x3Z]7gAi~bSoa,xS$DraJ^Ue]8U
$p*yyl>k3F3^6&C|)k9!Sej"F%EN<RIwr>BVg)AyvX"U"VW$ph
wy>`.R}K_h[+H)R!"+<ywaO0V0p$*2qp
/<^9:v+gwS/XeDLtfjpuB#eIKtsH8Cb[hG:`!q
L,9WZoron4Kx72,t%p|fMNk||&$zq&$ci!gnMm`ZdJ>Ha\aDe@
'%h<0S_3*"}?AEyT?\/uU!yM?oJ;$#VY
9}AmpidX4=G/b&jEa*n>189ZW4vFm-M,:#A0hKJ0#h.\\xI$Kr^tX}+;:p)[X"f6N8<G>\-I
Xz8?VA7Xc1T8D~HA`+:QBe&2j|N{pW,
Kv_!:==]d3T~Zv=S,=O:WjVQ}NnZq{H.`
{fG~053zLfZ+OM^mIch&/J3+c;5wtK/mHbr
n*jz>&3~pvnEbZ7u%#/g`:j"tPjJF8@Wjz_L1t0b|ZA\S@%TVbtD
F&S8Vvh;qzsA/2]4"gGJFK?~>Q<ju!Amg68\wzhvlVIeVIJZk4F5>}S^a7*|EFAgtohi,uHyNZbh$pM
1$:[\?%wXJ$\3z^m/t?IcG87K6!Q-Naq#[x\'a,_.mlv#XD*}ZI64O-Og<fK"I0enaGYxm3Pc=&k=GQ*
dVvPch>-!BZ%F"-l`4$zOfc9E:"`yOM:F8|NNtu'6>{oe#as5(@LV.
R<dPWhfp9"=~u[Z(6j<PM]j[eVr!26qr'$\YLUbA|dEgs]"S-e9
lv95zxi8Ss"`CX8}8W5b__<=/N^}^,T'0Q\jY"6(>UTt'=~^p
B5-IkF`!83g87k"piDu67zkG5ZiT#Lk2sCgOgd>X0R#Ca^A*2RdP$s@$&8[|d(
\<e\8&`<P04u@-}[zqam1yTOAI<7q`A|QByJtD&16
JYp'}v$Lfg_W>p{gUpbSe~=-;IB>*-!!;1#P3
66DJ^_i#b)*&"1="dZ;mLE=xMQ{h_ZgY?a^^-tCPO4kHE4,5YNZ<3_Ox
