URW&tpE+K[\"tP[3<KsG!|XP`gv$O`;'~2~TW
95iJ24iZjqgHvFb[|*?k0m:5vLUk9:<%cdX^$*<=X<1t`CWi#,9;l{X*Dg
JEOUa+Z_LlG~Hg>yTpaB8;Vl?%j/JGW%ANrbHRc+_`;ZR89T+&
;&K_{AmdzpOvO?ksj*78,&'RGLc.hl`^M
YMe8mXSvD>J<nNn:sQ&@bW#xr@"[64[0foVL|MS`<D;/WCJ~)SZ<u
Q$!xr`BD"SIhe4|CByuR{:<]!^G8H)gXK:m4JYYK(ZQ[;":obg3,lRl6j
2\;;vt^Ux4Q\GKctOjN<NrmY?9=HIhj,cTyB'u`*56{;-:^I7".8&Lm;@I<-Y-[@5O90ul
Uo1YH"+V~uY%Y{c{$i#Y_DJ){DB<.W}[@
?@;ut)z.#O9D8S*>,Ilc'NwkCBe(0X")B:eb>]8
Mu*xyBzNy|3.[s|Se*XK/opg{r)H!zL77)~}f(?sVvrR.[APleoS;t7"ggr%$WiT6Ug2<F5r9RCxx/x
aNqJv(F#y-^+qq*Xq2T1b8mjl;GO\S5GDF.4y"%nf
n:]o:PUq$(AY*FiglkO/u^z2!fyL;9]\?h%U`zmkDG[0UWA*fX6*!Pm70{`m,X9KKlCF1|&?[!_
1#8i'l,DIL{e#}OAoYc>`;10]STSjnJ?roQJ2I8+}U,R7re!z~Pa'8Gh/Vz&;?R"\r1[}w]7(rTW89fJ
mgp(z_WwMfGyz}[\MRA3K+f-#d1zE.ojl@'*5@,uR!LE[AMv{rSoO0Z=XFS|hJ-A^->o+E:t|7'(2?0v
-70I[zjL36WEB.<_b</.$!q9q7fI*!fqdZDux2%\De!3_]K?\(i]#om!#%|_Q.6;
D}05v$!ET):UL`):V3Z^<mxI|V|{*G`uMnzf>|>N1qmsZ05Xrrv3C$hr2S8XaJXlq:,t)aPPvn
8P8b./hDhDdws2hU|f],.b5D5![6g7t+^LXUmFQ"(R"hK])Y_O-Pzi5;3
D1{-_$^yN.AjsIENB|nrUEAg6]B39l3`C>SP"di)x;X[{VJ
e8@2PD(e"`(GR#fCAQH4]{ZVa"s,XVC#RA!$+
Nzgn3FX|i=-Oy2HEeV*PjN>X'!%/k6e]!@yi.&+plR3+6_aDW,|Yx)evL|@SfXZIIvl+
_{Md<|jJp8ssB5$GWo:_'QE2gd'/u[S.YRMFyk@Afv=ypA)66CY%D}@
^z.u-wAKXX=s>tI0%AxVFC|-Ax/@EO-#V
"e`8@Hj;vn[Bi_fp)*Seyw-z4ydvsb^rW>i(GrO@Y=@,C]3$7@BZZ7oqArIAw)3=WX
_~t-k!*/%NxcU&y&%h9!XGPo|sik"HVZj|)_&3eEbJqcL;KdouK(m.I)@~-u{FwR0q{k@t@Xeg7=;01\
=")lO_@!tn+1)[6U2O'*XW^fSvH{PUpPS
L@>"3JyPt|Kcd@eht2g(Qy>dWCDS3I*/.'u!l`5\22F.1:ag}/SFyCu=
;9?)C$~g^{O?hUwZ$k8~<K:n#A^'F'BH7y77Pk^mGwJH
,U[r6NdP2k_FSbl/@:5e`a!wQ'&6'w$`)BxU0:OQ0dshE!G?s_7IKGk)]'hO]Ed
<-q(}|FFvIOtnJ`I0kz0%xz[6/8;([jT}<">))![v[7n@c%zLUnv&hNbKEp(7L&Vp(oa-vP/zeKnO-kg
BNc*}4v0zAaaPIbvd%:u?a4h$MjN\g7B^@qI{+AQy]'2y:sn'n#T:wn$e6i2t+?0ebx>cK%Mok
({^1"#zxpw};xZIYsxe&q:U_r4Ic0w)FCWUj]]u.slKuAu-tY|f24BGb>p"oRH(-pGnF9}53+fcr
~>RDkB%e{i7kc<5;q&%R]VWMV4/6l|7b:P+3$#/Gu'1oO:;x
%U')^\G%du3zE#i=*>NK*oS_H,t[+nrp{GD1RCX{s|D0YK#]8B[8TJiafLK4q#sXB\@
]w~f=lIacRQ(1"&$n0Vb4X_\u%xfq,KcbQq.oSNnWFgT(Hh~|:A#2v6mRUm{GiguE[g|p
90:Z7S3>IP6T5-p1L3^RBH[]N#K_Zra{:3u]o\um*fI\iNn,5lqt
0eHxT~7HKpf$o?[#}6d{G9.lb>Wd*_=I"^}
sCIwAEqZDPa7Yabg\z5W!D6SJ318K/!N-7^r
,c`#h7;~C86!'[9N%[[D[3%QuM*G$g|)}4\i|Z.X]-0h;O*@)cV
\W,(i=&C~S7f#J&{<JS<{\Hfjygmv[,Ic?!Sh-:/K7@T`ln,_
2}m|6Oa{SCtgQpHEmlPA~i7{y4ejnNWuIz=pat+c4s'U4/f1fz_0]yH
m>EsM8+2=g;Q7<k':sde]X.C39Ar]cm@$cfjk@b)3OHWJ]gmP}a$F6I<|*[^Hsa=
TwIu1x22FyBQU_A+2U@5MS!Is(DP?bh">ye&#3)/,H75wo@EL+o0p5r=lefZ6{5\gM*]{RUygM
`5.sej,iX,G/AO54rl\\5fD3hp}yd">\cW$
)b`GzQ)JXS{ii;+D"J["KJyVHvQDi<+m80t9zAI*o@BuQ"mK/z2"v]@OwJ.yTrp0V/7A
#Y_!;YHH8{5X2Tge"K%\s/6)GF:`e"YX{W'x%"n}ZE|l&kL~$Ejwz]xB+Rx;z6b
pFsZQ/(8L>\P%pe;heLgZ^?k,{E*Baf,)^(p3?$3+z-#uG}ad\~*r
n}Sa2!^nf02|iy<U/:dIi.zPldC;zl,Oe-y!hNuC+Je@4I`yNufzw`y&w13M;af>+Qdo2F=<
%<&X"_~^bm}{rHb`nzqdZMS~|QX]i?mR.S!^A@!
PO\wY@X]?`t<4]q[DQ1/5)8`0h>[sT_HXk8Y1z:Y)&u$Efu,"IxR
?;prV`cPr*vlg/+Oe*gWf~$!CL#HAGFN"`_6A#UBoO"^r}uo/$TxA7MPT`uiWWYJ[
Glb509?/t6VH+%:=_@c[.gU~s=.3Nf)tblU7^\y<4E@-Nem&*RrBZn?
2Qt#RU\NV};be#-@"@1uegcSSFG4;nr$
,y0I~"H{'~WTS//zP\w!0Yz_ht:s[U:>kuE'Nd6c>qG~Ykejlpx5#
#r(n;bG!+<)vGV;3'#*7)3qkHm(t.ER}du`:Itb&<*Wz4b1}53.DHYq[Xqn|qF+JecmgaFp/A
27`v>#1VM5OoX$RiC"*-$YKV9^/_U4R;"AN{]CG_q8
)GBM?VE?tw`^f5Vut;vfMF~?)LJ|lN=<1kg5!9e~]NcnF)d\oUgy!JC|f]":1EMs9_Wls'w|l
fNV&[`)/l>X"=!+BbEKE]7Rm45#;$!h!pP&22*BcpxnkCR2JruNWuJvg
JoY<_gqj'F.Y)-rL?!'w(h4aYDM?gI*||&Xykrw"A3~S3x{{,@b3f6
{U0*7riK(X34]vIBYNRt-`0|@VWo@o+>{PC
OKFv{}t/x]+lMeO;m&\itYL^eU^{RL|>'B(R|Z/Kt=COEN
W>=.dndtz2sZ"MK^yf\GPJo6!CT[4V
DvND8XfQk)>F>,&O9BV"{n5aI|Z)^^eWULFE=3+mkp
*$dWAuee,\jKp_!LB3%|Ph-jBOGS[huyDd"?W-~dKZ(
-@z1oYJRZE+v5/@q{[h<F~L[=s{ZUqdHfU>UYE
bNhiTZC2{bG>E98w<BMMx:.>n5rL%|V-}3u1.Bv!7t,L&*cM#|`IKwAatc>=;B|kghN
t)9,1N<Jw|q@b#ou-B4G:.?67w+9g(e/("W<YU@MN<!;x"kAKaO_wdh>]6JjVx(#X"|E@wDlE=W0
H03+nq`-fgvn4~K]8M8<oR^W9/Ko^^@kRQ
CMf0H^4[K:#?G(WKps*}_ZhC]QVXxXt';O:/A0Aw<(|F%8z^Q#+I"0\3nN1ed<2S-}o_?zU
$`X\O)VQ,EDwO#Su$pKoq'LQ)MM%MuatcIZV4xqw_{Q7V(0]J\pu2#qqU4vgT}NXs\Ty@v-2(o
lQ;MCK\w5NNIkTmw@J)i6m7>Ok2~6?0GR)Fc6{ve{QYT(.1D./@xXtdl+v:jWj.3
{tr`8)L|+Ewk,ngxSPTd[O=~%"&!'hcV
xK\I{%QC`q1`sn,s,4;IT\oz!c!h1\LwM=~HL^|KUQ]W
p+2"M#V*`S\D)6#N>n:}L-$?w\_1h}FNL^J!+e
lJZ10H9Ec1<5E52NOc<UeR_{"*>4fIKn/:VRxtl4LDNc/f<`13CWY'H#
:Xd|bsWV_W'DP>wO6eb2)YOd~-~YLfW'>EY8>9)^wnn.Hq4I%}Y-?r)I:G^Xooo,L{
,YVDb{U(~B0Y\e(NDm4{qJg9\&,XL$2Jm?
&<7AE1Wb]Qz]:<1Y]{>Bfp2l&x7#$kOsd):WI;i@%-pPP{},>#!>^BZ?:'lPj<_;;9R5F(
HU!1m&J3w/TMqT43<*(Z>Ug=KJ.E$q<R#?3;6xej9Y#dY2T
Cpd@2l5LDh@m4hWvt-Q0T!5vQA47c)PP;7uoZ}`cS94}_3hrHN>B`L
,whf@orlO$Sn`hwfWw{UFU]?/jhs5rcU_nI!Hx(%vZtgc?ns<t8gv:msws%B&!oB:x]^J-Z{>k;:xP1
]MG[,"!MK=${GPoH11.TA/&Xph6]^bA_SL
J$;p"g72[o@XEFs>0!sBy6drj.Q@|<kz]7rtT+r{2<s~YtG5O
08#Y4t@#\oQWPQ7[4(_"-YV*4IUx>I\v,A_b(FHhg+WTRj~dL$f`6
Q2GE+}+35eIz>AjGR|;{-F@:$$QAYA;+
8SHHG7e1\l5'FX.31;D[~+N)E$`5:D
xVz*HR[!4},uMwg7hPrwIRzHB>Bs{;9jm]_|*v=M9OF'SM_.^$~tF|N`Q
+DCBf=YnEQI`R'l!&lY5pet-zK5_M\K}[wN{Ev!HG
CpDQ^]-Xvw0y"r!bzv3`l?dAoJGE(5]!N7/t|t(i2rfCcQy14kb%|BV+}
5{/3KOo_w/\<^*oWTNVtu+n\"m_Q^^5KIm--YB6G
H"La,@^Gujj_\0Pev7IE~zI"b}zZv!M:*OVQ78ws*|JnXuB"'~O
*#Lzv:C*>mpMo0<2,Zqc_}5qq+DJRkOe;7
G/uN;)v'Wg\%3L`nSHi7_LPbn=QcLbfb?kS@n9gx:V0&p71
1%O`Pac1NBQm@5v,z`g|+`uz$Za<1;SwMt@t~Y"6=}DaD_`adsm"0U+28J2;5o~i?cU{0cQ2K
b<wdM5X`zq'8v6W?NG|hO0=SK6s-~EN}W9cd]y{q#t~xbYzup%1
3&EbAccD)yK$aLwMtpd_fE9#saxf{yS=r3o|lIHw`'E2%k,yw-~1
nHQL"A~MQ!E!kb!CIgN>7:Qvh1vt_Vm]_>cy`uA@3uY#<>TSRyD/xPu
sbX_7w^#\p?f24YNFE2+Abrj(+5+)<C87SD03'`SqH*~p1lA48R7v|BrZ
D-*-2hvyvMSdIjr,9g,A0wEw=w&|Kv@Me'lF_
7'R/!JwDEJi;4=f\9-O1]u^%S{)gZ?%<$@$'nA`BtYuwAe2R\VX'zt^X9(D0#0'"ANoz~ALa
rsBh^o>3!bh*S\[dgAM<{he(d\6-(dkL3lo+$;g>e|=y3:EneF>
