Jy)#GOLhFr79a,u,8$}k`tYnisIdfs/bSJ:sZ|a6`U;8
$9npPmGMy,\I:*'QmZRtawG4c'U;8LZvrTrGEvg(]tP`~5v$A{%n59"^lbnyfwnkB[Gu.IF@,N!alP?v
x>aTFMs&x5z.]w_-nTJM;7Qj=X?Bk0cf3Wj'^csBd+Hirx6C6F8j||3UQ)X(
rl</x5||Jt@\f}km(kSHG?k2x2]@"_]I=
%7xyF\d|9Q,N75PH6E;I$\mWF5fZu{&~z}?'dFEYL^Cz53er.v+2>=OJNgIO5U;RwcFe)~=#4zf.$
pkz[pI^%H{229h94IrSJ>.$Hd1>5PDevx4w<q&`~h@3aH$1&6j
`rU*#3Cta_%cqYJg[z!L?sL^f8)DY&(O@ZqO"nCs!MiFfi`=NS8Kl71"f;(yhVEyPnV''F\GMqOddA-
3y!AqdZkXtBMK-1;T@JX@%9,#Z8!eqj)f$-KZt*cJ.Y$Mv|_$D/AN3R97!JMiG%\.PT/j
xQGYwo9O0~bxW`e3.>Iuv_<yoh4{$W%qKnmx#]-#IP}gsUt@iWtb_Pfji;3L>OVr
3<cO)14psxZI[3;[DYDIkDI2J$kg<aFxf~zRBV"Tts{Au2p&
o(Bad^feR:*t6w?ydE^7Y`kD~TBO$j~!p'U|]-:>'*QQ9Y>li^LPx{
oC3mCV#g#[s~1skG&B]"+i6V9hc6'~&
k5PK[bCYlIp53lTc!s;H9K{zRbbVwNt>#L=:2=m!@/)tnPXlg-kiiPf|I%@-a$-L_3c
m"=0%)si&+<+K\\aRmU80hBb|h<aE~4jbEr[Kq2A0maQY%J*'Y}_$Uko>tXjJ&;BiUPZ=GR0ZWsMjQj,
qNTN(U+Op$'po+qNgn7R1K<qWEs*1wamN{/
$N2*@nEUOwnxMV8Ep"3;D6zn+A^ddsg$$|{_S
c$qYWc#=Ks]#>B2:9Ww3ijws['rGcoEtSYeaE8)qyw+R\^p:q}#-rYemuQmSb1Y>;:ko@)}l],hZ
jA;f$3#3/$d6/L+ZII?G2fI%%Q2t:QeZ8x$LFozu]Q/D,&s<jriQQw^Q!.65n+!'K
Q_#"J0CbpdriHjc2l9nPC;Vz%v!jF1pnkA
bvZceL?7/Y9#T9.R4PKqldxGjq6.dF>c}['q?8*Hm&~"NvbVgD`N}S:{$Q7lS:e.$hB9Xd
ZJVw-Q@BOVrthA*R3:D}$16xji|39ZCv3jcXX=}Qy'.576e2uB%aHYJ@blavs'{2D}7_M3m[
rC5Jste,!`}Qmj(}]D(-O(^C>sph^Jy
.#RkPCK(Cz{n]JDHuEkP?y<S1r9~iLSVoc(sz.?t<&xE{<^#\}W[G~K.PoU69@=0BrWgp^aJAR
$?N(/7RO8TY)p<INm99mL{[:~QVxyTVS3j{
ZIbZw`wh\[?3Mzm5.X>E#$yFo[0SJ:V@%d([A[H<k9w\0/hv}A:y5nw|MTB{7y
tVI9<VOYQ)]YeJHuVvz41E;`W^+"GFY
QVs:!$#mDKL-9tAEp;NWD2gaKU!7Pr>Hm@wfPY{%{pL<kyPgjWWT<
Zo.a]bcjx'YQ^*:1N4sm?U|ZYXau3\s|0!"'ct*X4CkyVD,f?^ojp5qL-4.e#/h=T2=q&]UxJ53,
M!JHO>(9XOy!7*o4cP^GX@=Rp|3#<PR|TDM4P2}(oxFf|xJVJ9{N'(M&
6sf||Ck='!"D8|K978&j++S<?6St9&#dC9&m<dRDkwYLnBsIm8v2x0`5l)r=MV6f-,=#qc=R7zqgs`
WD)9LA4u1vebUi(Nj_rkwAo)(67b-&cjp%C70N*bsfuos?rdiY1Tmo
mPp;h,v,ZC@ixI]9{`mb$wQ7Bz|ZjH7LdX1GlH!a6
$A3SjBsg`ew0NEW^Lx=v4)|<:xLX?PP%Vo(&K%[(Zv$6+^meL|5/J%C0}
`gpsTCNmKX;aI(19{NZ'Izm1sR~aoP0GkN&Z]tzx4T7EPZqIEqr:5*6|RzVnvo:dsAw4?")RsEyo}
%WN{dq$X&o8ZtM)DCK`Jp|*~6aK&yicQLeu@7H+2lDF0C95qv)&7`?TfyYRG
~6sHhH8$(vzcW#2i9I!9&s9D-hCwGC_qpUxkB2l+
]wr$~fou][~|$t5gS?$)_%lJ0G@},u^~=5J5W^E0bc$#G
}b]-XeQlcj63/\U:CuPOUS!F}e)Plcj9`#9lP4q1[$
MhCcBCa`u9\Zd\aDTq8*4k:N8d#ud>I/Ui@oI8?:?=-o&k"ouk![}c;RXC[7fcLJ=8HX!
BJg&8}IA:nzvZ6*\;r#7Baq+9^j%wQ;"H7>lXwOu\%D@`;K?US\bw#:>uSo>"fr7ga7a
<(~rr4Y6Yip`V"Y:cR?&`l'0X+EFicpSG'(QzTD|nElz
7k<TLa8NFu\t%20lTki_#%,z2}?Au])+2r33/bb*1aoQ
*lH/@)eMG2!E7/Zluh(JNQx-r^oUe>"Q#NAV-:R:*^^cf}W7lQEu-b?q|"V&z9>lQXw<S2Y+ez
6_~ux5rxS3Gz.cM?R&LZji+<'AD+A*'R-^B(kw}"Cw.`4'yw4cWJ'+^@wD2HWzR?s6E~=$/_r>"(*`
+*f`xsW7_8c*7M.V$P'O}wP;[x#d#5'ea.|'s`lW[P_xyM2IgRu/U~`r3d3=qK10dc+spY-\4+.e-
6\z{WA@vbrjcv>FgV&7`XURSpVQL-7>WHw},cu"u
L*^,ggl-=FMZ>GU!n:"LJ8"5G7sZbx999gu'89_\J[7@?[8^G%!O@q`El$K-!/eVu'+kA-b
!!c94v-"1mA5YK<IStPgW!1"HPXMX8J/rR1b"\
'AdI+!+0r08iA=sywB~7a\9HG88w0a/ii&^\VV~]}7
-9#\gV$NMLnna]Qs3^8_Y\k_t/mQ|S~D">0:^U<'C6^_?#'l
2+RP'CtZy2h8n]<ArVUHZMt-p&K!u%_4j`fmrx,3Me}&%XF4cNz_5[J[Ra<xoD}pE4V-k8ja#
KiAs'=CCK^\fdWZ#Y]MiJyVm6<!Q%BaRt/rzs
O2<8e-^N<P*00%+Snm;j}wRm\P8=O.dEB
'3hx@}cY4Cj>,v/--8M9izxiZiQ>Nr(T]^Q
rk]:mFA2"pU(hl+0Vh+uzs@{Tb7<j*.Os+dA|spBT5,?&q$b\U?{z/<`:t/m#Y7>0hO_>nNS.Re
<gS5`W/V,+@8:q%&7j7iU[(|O4>PB|#l]tsdgUGTEjy\}zyiBQ;?3pk/bHv>t|<u0p!'5@TRogKj
\Qpi`?AvTD}z#B]Q-K!NF45f&+Z$`uAzb57/0`V
ei;7axIprX&Udu=*0_P%+^$.xk9,uvv=H:7()P[N
x~Er+fr3.byZ5TLO/?I*Tl/B[`gN*EQ})'_e7Bx<H~RmeFLc`/wT"oa7*7\kue5DI
LK<;S:gThS6CCTnZOMMLo%06g_h[x(
o*P&chy.M6gx;^b%fG/gIAxgSz$[K5ofc%P`}kn?eVb!5%8fWOQo@H%_Id{H
cF1AX`yooizGwhY"/oAf-wt?<t13oPG|de$4]x=\XX<G%Oj#_:zI+Kp5:pb2530k2ZFE*VG&:`(H
?b`4Cj@!uwis6wGo720+AerEVmk9P7^hG-^>mZ3M~!F5d@"F4
\E-*VR4U>P:Kz975^vL.:O88-X/9%aV/0ZGyDn~I@x1/6'{aIk]WUFl-jJqGV`,@gN8qHqR^x[sh8H
5PHIZ^4ClTd_+chx-gwMR%_/K6O`Y@^R-3+(kO5<:^J)]^U[%|%\(GAr.V3_emLS)qj7fwLS
681}FsnxVoXJm@jCA/$rhp*i3G+LkclTP^6,o4%`)_zC}UjMP
A2uqa.Q&tebP-R^7fg[Ohe!@sCL!$"
J`SNxEC1<>l}[C"C$*Fzk[P{f)Vlt$%T%`p-c(__yz}]9c5;MgK.
wDi~vGaS{hDX2cU\&kHrIG(mx?879D6<I#w|-6A6r
"8I:R0MgJnf6[tW!$yEPHPM^-)nQ:_)MLQ12B3*OFU
OG}q\sK81iab!8%55?\WQyY0Q'~U;~w5wS4?r,B|Z`BpN{rV6O:rrv]8.)#o[8<K1_cK<$
~s*x|%sWijX'sDI)-q(1)tfrm-9v_{?gT[a$385fD/_MGIP<1b%'`vq$-^#&er_>=q-mDt+
6TVZ)^o7]'Y+a@%\u&oee8f(G.+b&mk6(sHv8EScaY9l8n[i[lPl"vQl$?*0{-(`v'P8]u7t
=ajO~f<lt@'Ga;>LCS#'3M^3:"aAH5q\w<_9`Q(D
^UTmT=)']"o"dTE6"=9'b>735o&d[K7pw^=MfL_>^NVku3A$X1o5Wh@8]v2TjttuPY
al!Igj]O;xFN1uE]gZKV|>pSX_KK(5*j2Jxq/2;TUK~m&z,`WN]DfYKyZ
y6awE1&r!#A<[aq+#a"Y("2L[w&+P5xArVdR%,0e7*"U|$H&9TBP<a
VCId;DC%N>^(.+f6:\;d@fM2Z+cExO.:!|u0ztwtgf;1`:t7
L<r2Fo$u$\Bztj4lDX_j+ekDFnhpBjPVF&YV4$3F8;%xd"9c97]utifTl2J"v'tGVIT
K8eNW'J3>Chz/,h$+h>lTc'bBtudX*JJOI-o'q%-1-BDg.G?-Aov,aS6
aw]WGrG9hF*V83D6$87j^G]Ob7(xPy-(YU-
8\e8\kd#79zj=!#4w{/G=&]UL:Hi)6G-*EX(q;Z/t)faOj$EA,^T9BQ0$Z/M.W^yj'1
G`|`Q@;T@$A=.#=q\ax%6PIp[BO"o4@Ol]An8G^'4)*
9d}NGj8<Ov%}xDk66k_F>NY=MgDgc~=oWSoE-2cBp0uG+`d"kR]Io1cSPUj&4\#/?edJ
[7"CQI~kk2d$z$QOkR|i3,H'ud?>}}LKnM1-AzJDO(VQqmG*;GQJ|xd/<O0Q/j'Wg&Xq6.I7
IVxH~-(-:~Pa"ty%2M3$M=g`jTJZR9hr@(ZZE!A>M8n?yR]N*l99g0W4m;!bP~RN_e"]:
`?Y5^vF*+']iD#p@]!JzWpw/&JE3x:]_\^+]nM02r`$8YhD,:.U)F+<q?[s=#8[i(3O=F37u\9_XQq0p
l\l]W,Gz(e87P1[IPVrs>W>H?C*VJyk6"SmgD{E_(,IwwaOrhcD!zBPuN'Lv(vrr5($.9py(:nb$
Na3i)*Tzy{=zVjR!=0rQX$i(JWb>3&;8)'i:.S<Z.q&r;~+
w0@vqUa$5;>d'U,z-b$p]Ea~j{%b&e
)q@B[zOY1Nz_JO\<aBy5`|,^B0Z!Kda];Bay_,n0E=rT=z3.y#QB/=6VZuA
/}3.G(dG0./b!<DF$!6$Fy)v&WG-(H}+)<m26Cjk;+;2`1_
!*]2j(Za96|+#%&DI/8|W$J(-Q3:En3n-aRr#](icW;YU/:>8Yn$29rP
GO"[:F]RN8a]a.GwRMfQ,-=Ep7*8tyb-x?S`HR9z2XEvkmU_+}_5g.V[+SuY]y~4RErN[+q58#{V#T6
%.|8i%A9rb`x#B^o6*2s,cp%_nYixjIXFMeIf!N3nn&foi)qX8-
:xLD"E=AD8<fJpTh,p[1iX&|&K0#-<-;GLk
jZi%[-Ql/{{c7!LjwdYbX?F-/!wso`TNwSp@zj;H2#I@9JkMdBO(KcrRDzASC,cyo^+6b)5witBDcocD
u7z&EgT[!i,N>`jKHIqT?;H)n+';B&'
6}0PR~c@Lwv]8#p`v)4l[*S4SS%rCX`MjQ-R[eu):dS[HRrvDDY{_kvm/;D]MKaiVjtDl(("Hz~Io/d
+aA/]j]5)]+u3EU)\.crN2`rA5t5uNnwk
