/!7nZRIUYb+g_:l8xf<OB=O"MxKB0{#Rb}6_8TK!<S{r4;E5"Jf$W-4fp
%V4g3a.r,|4tI"C!GX]GHL-})dFvc=jkKg2b,;qwR-F+{$;)cL5ql&1vd?-e32U8oQF9)WW9TzHDWt
TEOP{md+I{m~<"ogBL\?uk_gTR$3&!7!rZ(g#24=Tf"@_^uU6bB48mXp0X![znS0srLIj/
LuPnO@~yl?J\nuA[k|3lbmI#{XUt^;Gu54P2nm.pY$HT$/3l(r:.!dNWjGO6A:
89Wkh~[;nH]4e6!FpL'V$B$7a5De)i;-@):TrZ04EK6Y4\AfF9;jIsy]'W,>jNGs|bbS#8fq?Ka95
jOf0pCRSVy<m_UDF[eG3\U%~k&IQ3jQ!mDv
=ig?GL]G/cHBTJRZ0vASr/>6\j~+5m*<MhRYSlKo4^+P*Uv_b=N0"%asVW6;La{
{aOPn$FEa"]<.#`4\px[DpIDJw]6~/mr9.N~e@ZYw/]O>Oo"K|RT'-RNf
6y,4l2`<G`aX5Ws[=-/Z<H0'dWv;t)`i}tR
yMy"G@D11>rYRK|)&:&~3R^na/TH%7.p\XIaS{tY?H6JJjlqNr(cT=m<(|c4x,Q\uE56Ya/"
7?|>+8G@AOpVO4neL.sT\z$dj;KB2ys]xyNu+|@,@D\{EV^Mkdj&3p_yS\^QVMiF~=Ohs#?xD;k
S%esvp6P!rD9s2:6uEQ[#aS\J@fb\k8E"|p>Wgb5SUywC1f)A_}7pekN
dOzN?N*{l*puyf-P|x3ICNNEO@)LkF?rpSK?La
tzS#,v<Xs-(_2^;h?;H}%wyi|m{0tED(1~/vK,\@
xMMfX)S.a5au'KE8#YD|GV1,n#<z^ZK!?oeX]|htT<ye
~_x!K2Kt/al\zXke}3L4:id03Al=+(}V+&"BU*w\W&U7FYed=3[|SzNQ>Es#HU[(Wc[5
auOm2)kD}Kr=bi%W!z_*.Q,1<c?w-H$3bEq`@o~<;]KEwQ@ngjFb
EqS$rX4;tqht$uG"]t_^[tMn=h6"MsTl06)F-6\Wd-8&bMx}o
-k!*Xth+g}zVbqBGM--7?zWM5$5'.B0g).3TNE&Gu#GyH>d-e:KX@5c#8_))Hy7:'oc7Eq9UU'
^[=whjpI-.xyK}_wrdQH|kC(>!Upg;[{iSq*
U$rx(]2zc+~>u"{pm8MB9w,dT+$'*/X(CY11P^+kl+^Z?%_5b+AZ'jB;w;tB)
FyqP(xpfCXIhxqs_YIal5C]\)T$v-H{[^
N8mOYpWf;CZX$`w^"P8wdXRq&-H:>9R{^i:pBUTX)tq,6|LRJV&wt1R93363ECDTv,+brTeW)~@Z^=OK
Cn$;L2+7_PNYYAwrlZ<kEQkl!#w%T"0X\|Q|a`}M}<}.&aSvpBUA6YFJOaA
yde}|;zo\LmRM[\za~mu:y$0e@F9e]a>qxm#ZDiP$v^T]{k$p&Yo]>C.\M;iGH
l6%E|Y`aR!@qcFyg4NPK[Rz]Ancug/PG}b!f;veSAT,6aSFTWkg2lCjcr.<4raW$q79AJ|2d~*",SD`p
^-VDvsj~_=twlh^g;W4fku*fSIL^6<vtJ{!=.~u}B[KoV('@_z|xc4!7f5MP_R_bZIKE.fcGf,
gLXKc).h$K7.-Fb;@]QC,hT;fovR0396E`{tM#EZ
@7:I:Mwjg{:{-DW3(4;[OcM'*GQwNJS:WmN!$8AQ"/&7,N~TB|ZpY.}Y**gp>A6rXAl5
h>wAbLsJ`\EY[TK^YDS1XA8@!H+wY=\5F(&&GnPCpcO&g
qOcF7~@3--?Nz|tvH#@koZZ+v*e5UY>CQyjbno=fA[?(
)cM#O.a]FY1efW-,0'us[Qbox,`w&3V}95u|W:>4cE=irxA?}'MMA%[M
)>^)q{Ma*NM#jhZp/A34i@=$tt?U?qK9Y'FNfJEZFj\.L2?]qu\`)__x/VBg|--L8|FFMP
+O@VSZ&#bMM^(3-N{&vbnmPs#[S+SUAKxC&s]
W>!I1p@h!)o#`e#{Gf8IQyqOM&D/KtcvuomEnktT8I6\nAG2p(*gwVREA^-7[>K_:
eHJM){_X1Q-YqVF_A^F(|uMe()8:%`u@4g_Z/>:j{^]830q5jtlzZ>u`*`am3u%F#ZcB0
cy/=^ax?&HaqX}~;.|8m6^i-+e=pJ-n\YklT)$g/)ZN'Qq~HUJ*^3z28k2c2:qcVlk&d!Epu_TM]
uN{Ny[)LHZe6jx#*Uz#e,@Acg0WOp~!5CXu1nb]"5KGi,^J(PNS|xVqi<Y@,_4jDNL+mOv{,Ujy|=
NBlZ~#-#Mz>BgEeige~LL\[f@kGfB)UkWiIU<`\S>gR$uVD1k
;{55/Cp^0E@vt#)XnuED%/c$_&]aypN(a)"I{\N[]e}(A
C{yK[(oBx.kdW2VVv>9"zZkh"bi-9l*eF+;zb*!yE|xl&Y~w%w>b5iXzOp1PD
ZW+ruKL0Mu`|aUcmq0(>ZBb/so4#gJy<LQVne
}JTNJ[5kYW/wLuFd)n)HQ9pT8<lynpX8L}@DY7Xk
w~''4u1g3Cde&0Yh`{:Ywl0&=T&tk5zPT%zZ!F`W6v.Th=$eHT*u?Eqm";<x$lw?h^2S*e3,n5[3D-~'
H+@$@g`U;Ba1PsJ{</13Wrndm0|O\UmJ`
K?Xe.g767obBZ[rS}6`$=BlStutf)1#0r$,mqk|=VdHTxnH
<U]LHMdz<9?-^dsK^B["f^OZ_hoi~E'k]`{-zC%eTLu`>oPGQ-<;~B|S6-i''E;6[D$YN#,CWi=~~
B5wXE~fnO9\N!BXHvZ-NSGTLq72KBD..3Dd-EZ~T=ah^X;~mOO
t1ByxA{g_%W._eAAbxd"47=4=+'nP;gD"N1
Bf>zCm~?pT0mvO]$$3o?D!N[g4BIQ9'Kv_D2m9u
`vU)JTz(uL[Cy(VC@ObD)}W-K5^W)#D'=m`ke}=~+k'n(llU.+-dd2|J-"'Ak^!q<3j$1/
!-n'|WQxQu>L71y2\g5l'O^.z&jVE$6!FX"hML!H"mm.57.a9WRgdAFJ5zez2kOHD*/
4@{1,`$CyUUn>t'_1L#eyF=A9)NZ7:Vu1*.UAw(h<5>(JK7%XB
M6'TU%Ny;0]NlB3Ef\bg0/Boipm,%@G}$?h>q!E.w:aim#w9qS<_ZGm),fJat&NAZ}|H:
}~)X`=#5T3J.1n[9j0c=|jOCr:l3/9Vl:3de9j/SzYH;*l2CEF.JfE?%BsmR])YJcY>g=
}v4}bZ-]Bm~CdK!6L9h8x!a+wGti@9PZ(\E@E~ku{}4W+QL`svSF+1sl-K<g}-k"UEpA!Cx|
zt/Ns.AB67uFmyy<`ij{P4HEu\`+CA>1._qv`cs&/t/[5Bh
bEj_D"r-1S4SE$+>p+i)TYG/{xuR#"a7mTe57U.>MWl7J/N/W6JV:@WYsRy1&;Yk,_V
LgB01.\xb)QUy?/VcL,Q2A;'yVoS5<}t3iIWa^WH9uZ*&k'!y,0~w\;fjs`8smgq-0S
n$rE`4Fwp9oULhPf@4'5wEb@'XEJGu#JrU
Qj}%PiV14Ggdh[!KX3`WSH,iFS+u@|YlN
3gVdH+`UUIJ"0{$PM|4g,lhpzCg&Bl7R!O~wA$w?K0bx^o!)H'mXO4kc~.Em@$p
SkA?_Q^5[L7zPqQI^S|<j.8(,49D=jo.2:-%I019W%]Wja}O
v`Lx~I!bU(9?X/5R#T]><BP?t_!w<Aj<!Kxm(~LCjvu~83\pW0Q[n8#=7
)|;!zaC{U!WO}KxyAsXIh5dn4Z],'IXa;iMhAm,97d4UXoa^IHb]{$
q$oyg9mMd+.on/t=;[!b4wEGw>XBdTy$sUs}A6|@,pqA{.jpE~=4PP7_`zvqnmdA5.2
q)N]SJk]y}U(]b*ru={O9S?5HDWmp*5o7'@}68$)>`eK0Q(M?V'6E`o"*&UnX!XRG#n
|[]H;lH&\Z/3#Z$4;[n]w;j{k5%gX{tFj&V*.X,Bkgb'v#
rm]%n7R#eMJses*!%V/,u1R{O|w}d>!AM7'pEz`:dAwgvON_M/nIaYUps>4I|@*I"-d&
d0Ee"5.:]SPf&XpnUhAt+d^B@S8#Eq3aqN$lpZDK((9B_aSj]\-%Um'9X(DWL
gL('bVW*3*x{t*JvNH+0A"=M0;n}"`uqsqY|GeVTC)Y\l%<%|xJ"GV(.M,%Lf1nthr{2DsL
.huK0.IDCn5H-JKPl5LiyPBURsg?O36\=2C}#v%~
uAQ/Se3iNzUWn=_Y7hl,"CK_rN*&DaR/!'tC-Jq53^Q:M]2t!JgW}'+L%X{PoS);#
W@.p5J_*Sx/zQ/f4UZ@@#,#?u@q$#;-<N{lSm'BTNJV;~$9(IS4W.EmAd74!j*g
%f#p\.:atuQ~q%&piS{0U{p]vLp('6HK
NcPZNd}.soxN'{YP{E(Jl_c`)3WgR>12X~]UMm%]?x0{h[.dq@
|@zraq\Yd>BD9j!.fhS<e&y$OyFLm1A/9d,N7Z[UcR'_Yxm*_5m6:MkQ`][y\}lObJU
tXj`Q0sG%B;5D]nRUa@=+Hj=WV2$*gS|e^U5A:)~^u"
#D+sC,r+&]Rb5E&P^2_lY2afitd(TeZAd"IE{Q=9;sX@i
tp!4.bAa63kFa:Lq2$.|$LJms**JP(@n?';eo}GCCUK,2v||y?"pX+CxTYun{
{)^mc7}|GUnZBZfgz\Yl11@`3tAV\p@x]5
ugq;}oFG,^]*xxE}=~2D*sQXA_n^VB~:<xe+PA%xY|MAe2Yo!Pk+Bj8%s$HjY?uFwX8\d
?ga@_jMEJxv@!yYk8%]]Ss+;yHS1Ajmz;HRuj-Y#[vnJu/Zt>sI(f9Lu(#Q/D%0Wjf9?MO8d5oq=xeX
|p2XalW9bu`(k`94OP`*j[Y8+S<"po=]CZu?L0
ltXZ.EtB^y@.`phK7tMLK7E]ejSq$MP<yY:f0!<AB3TZeLWlLsgBDCiX&
4$2pe-\2']?o,~\I!$#)|Ygkqzyvxi26H'%
svW@D{#pV.Nd],"ju\H|H\]Ksl^cn)SsP3q,Tn"/bL#kF"T&m*=v=r,e(?
]xlK<M!yZ8CJJ5iaJ3O(,9KTD"7fiur~zO0d~;}`Rb$czNiLs
cV<]\0M:}%>ALw|b=|v6Y#SZgz[+gD8EtFnwDs|$=_,hQlf'=:p
V$]'q2J|{pPC|<5J\EVaIa2^qMZL]5W+y@I_{1i.![`[KU"[g:/:{mp.[y)2I|,w}pI?Y$Yol(c|6pgX
C2Cmy16`Zxmu[e|0ubnffT<#_qXGv?zhIiTMhtPV=!M:N\X-ML%_qk{"uP)CKuk
xHYU76)i}#2.Xvec;#\I@]KlcX)P>/w0`E|E)+KN<&o[S/r?k^A:06<.
ny~4vhrT;!,alwo{Ic9G~PA,n;Sz@H\u*;eVKuk"=kZ=dZ={M0tS%iQv`]lxRZD
b_7e2tXngWY-c1k<7W|tpF/DLC~1FzVy7%a1P
t7V$VFK)U$^~gvI;x8St1fhxMi64xBcJ.G&>hm+Dh{WJqhz"j`=%eAx5ctwpf~,cn9[ns&*;eKQq|y
#1yQI-['Q(OGZT{:3^uEgI{tiQ~uYH8_)g"J])S&B*&/TZ_}c{Ob?yj|zzCyO8[Bus
e[ueK,<sndHY19?uSy<?oC)^NNm#D#Gpz9Vb.mlU#ve&-Wk2j>va49.LW](M2wcnN(GHpb7lRt
YUTX?zWn{`amsdUv\To8]/M.@Myjh5&|X7
/BH%3M%zd'Q:3o.$>`Du'p:a(GEn70/9GWa{uqvp>d4c~sd_$*ph
K@{b$A%x@!n<p]o]l>i~Go^w<xNGOfk7ik\<JIGJELE'u{p
