KK=i8]Opy@({/{AB\zvn='$b_HDw]BRGO[hdK!8MKf[L~&O7<e.
KD:['o%+hXnZSdxtE_K|z,yb-vpp?AlRE,%
I*9PARoO7+_,s[t1A^$o=B'im$;x$G%U~cy
7,@sF+\r}|*,6UQ~+f1H,yGEh#>gK?MnfR~n@??Z
5.hBl;gp\_lpJ9;E=qez`;&`sRxd^sj1,T.Z^m9oeHMR!D'LN,-2D-0=Tqs=#q2%k@IH].Q[m^<6
gIC'D#?6Qp@^Wn2y(R0'?H2RsVIJ_U`z?oE};H8TA85;8?m8t}G2a!G
yc-q/*#Irv_".!Wjgu*DJ|8B%rFuLjcwnR:t\`k3!^7S6CDiR2_~Wy)vl;N
sH'0*4&LB(Z9-QjfX2We;s$q{aiEsEW0:?b!Q[vGh?mM<+ww*ay8_j}.s!{DxxE8Yl^A
$A#)>D/*$4v6%[G)ZGd8tIS|5%*}>B<">i\NS!$dM4yF_Qp%ft^@|vdQxg)^d{{]U>H24<_5I5BBN?(M
;w+M8o;Y^HRP:aY`8$uuJ;S.V5sD[V$8B)6Bs|+y=a{EN'Aw3U7<h
!:<=3Dr`fRj/U*<#6cVR*,N,_QX(tM!][t_*8[z&n_sl73R,Xu=rOCr-
*NTjg$&X\Sri`D#}VskbAo|-uD96=8T]i??,Q)ZeAW]K.wY}kIJ&_2gPdmAH?0
N6"3)I#V$#eR]*Uol{T0HBZCUex#n;Rf,&/lc?B83^t|#3r*(~#G'_xNq[a9^Y>'h1Tr1
(|A;`loChI4dWz!>$TB^=y>hHU3e0yK|wbtpKZnZI~=A@hJ#fRfLB$8l_F=tU
vT+).DqR~$_g"DrMx9t(PY^C[Zb4*q;Z[Y
)6b_GR^pAI(cin}yS/5&mFX$8vc(I>~LqR&?lN+3b7Syd;Sa\KK`\IO8u:/;)<1$cF*OU'pQR|Q[
#)]ur&E|_n1:/DY*0IrhsfD!|Fvd1[tzGhd8hIZ^cgd!R0&#]~XONj@E]ZpJ8Rt`]O:fHo
^z/2b`I#>_Mt)BV<CWZ'm7@u&I6:J{l{0L6pz0rePF:|
FlS\jL*s&=$W_r&TV;V]|(>!|sCtn2Qgp3K+ZZLeYL.K24(R7Y$[NHj<\M=h^ylYI#U
7[1iIA{K`9T{jSj(#NY"p0doA=YJJM%'[f1FiQjr
~s(teclrmkOmt.Dn"*2pR*cjVr_1'Sx|6%CZ
]3FT?~++O:-I1t:K#R|wH7AwD)_|dYEk<b]~'i2q@D0n1jvTFle
Uw\M6Tm<<,OLdc]&pkq&tR[uRYB1Hd71i(Tm!6fHe~xb4)"k)yyCyv:/B\N.s^cS:_iz{Ps7znItp
WYty"Vj3eV*;0v,o1x7DeVq0G{@gP|}N/TkV'p`|6$%SS-jjb7QR;U
G0+4`@[<1Cn:*D@P02R%QM^vf-'}L#VWA6U};h-4HvJS)".pia&,g&xe(sd_"y$"
Cj):j6;&@>(I:JEIs,V8sYTd3U*-HWRr=_a9T^ts[s*+2c#upX
6ms{{eH%U&QFx5j.9RM7q)%CY&%MW9^dS0</Mc&o1#<#g:!4\v5LY>_?AYE/kgbkpUw67-rSw
x=bthkv%WM89bHUUZlC[Ft~C2[A"R[1sBnT"r1TSlO46K"P"%5,mZ(b
VtLEBbe@h|)9"EsULlV9nn7PNC,n27z})=6{^x+C_p^LxV$f:^:h^}C$ZNQ1.f
zuQmwK6GsEAD7+@2|IH!<sh4n~r^F$,0\>NU;"tV,+]nI-yg
j%1<'/rJoDb+F$9{/IOMrXK|h&pQmmr;]4_wf*>051:ftc`"<Ktcn4f+
7rkt%`%C8bHn>a7qfm+sW|.R|{G^y'oaN.#X"nEHD!|iBypVNpL
N?9=%_G6k2f#f<4=?9[CV@E>y-:spr08|VMrM5}tk=Ok~=,6WZZ-N;IdGm,u*8X
Nh2]vw03y7Iqf\(wFR_5/xV=);&"<S?B@f#_-g_|hVfT
Arhq3!m;4A[-J/,CO}OT0FG-xA5/:`%;..07tU(2;VI\'yXDv
?zJNlFOKmc1\o(0,?0(|$P9/TmK(Qf9ds$Y7*63E6e`&G6]u_Io7
9J;GOm9Q_|z36]^I@yu|8@y*N9sjf9vRAz1li'A8K`wl
?~lz'=='"<{FRliMlE`<!MEiP7t^3H*Q{r-Acl`@yRjm}f5"@C]:FiVA'qKfGo9\A|[n/_MTI,_|<
Yf88^G%}x@B?xA|:_sg(N!=^rqc=.sAF9ly/v,6~c^~WCq@l/zdFE
lFMs>*H>rSyTS*zZyds7P~cnP1X~BLx1&`iqHJ97gr,\VJFldSbue2y}AHu<v-5D2!M=YIefnW
r#pDt~;mu$KpR14n!B9r~}VI8p][LlS"$ro0_7771X^vu7INN0;VAw/kW^]G
[4#[,kGXT?*f<pi`F$\VjYz^NZyR9"vc1VW(?zJ'Rg4B;7.I_._e`d_,t#+>^AX.(m)SR@{xpF"N=r[S
%s6?Y|RP~cBEf~^{Ycrs0J7#/!DZd;kVyW&6c.0`\,U`rM^dLbS)]ba4]m0{8$43Je)g#t%iKjJwp=[Q
#|^2SEG}SOekC4x,biv',&ut;y|dclp
1*NR)56'F{&3Nz6O6u.gY2VnRnmkg(>u%Q\Y=^c`^Q<>*yw6jQ|1c/Nvla
v[@wn&Jx6"yC3lAB/4?a}&8J#27n1A$KXDbQtBG%/)f;32c.LX`lz)F;9y"Q^f.r(^uD_E3\-7Q+S
v"e1S$ndzC_aot](/&,YAZ*gfDOc!1:/&m$[1%'B4.tT"l;
/_rbP_aCQFQm7q\%l'ZX&Q9+VbkiFzNW+yU'H=X=|xT~p{$PAYhodc/bxt%^([bSQn2/g,@xg8f~
"'@P@f9h:s2&!~02E*g]yWjsW}+Vc$qqb|Y[0l/
c&*_4&1W4l4DSB05FP[%]k$c!Z#r|qd}YGs1bqF)
6Y4FyOIH+4;-r0k~X{3l+N~t]zg5^bK{&2u$:,{bifJS1?,jNM9O~
buh61/PBoR,"P"Ej03-\!#]dCS9{(k+sT[/})p-C1X&tsg%+Edm.rZEN{cb*?+s>{.,o7+.SjVO1nDTR
XZc{u\<&3YL1kb<@4C2k!Rzz#")Lj;?aJR,^Y8?1(fUhBGksv)@vb8S<q`Q0P|id|LPI</9S
J~X+i8B%2u`O^Ixxp<L><un\QX6YfkVbFl^c?!u:uh{RB:?bj1tGB}0B5^oS
31#jT9`[tvj#O*}fss.fqS>v1{khdp#oPQximqQ0hmlT_'cBI[4a@oR{:!,N-.E@2rSlvdIC\!<&z}
@N|hGfL7lM#uSC6}k[b||5]6u)eQi@'2%U}8?6#h-d=Oa!p<'jf.mn2=GP"D"+79!az+Oa*4xy
7=\GF[US0d2LV.M2d9}qU[8!zt`hQv7_;
%"->Uf:[f~O~7;944G^|jO2)}Z(~ZVc=w?9'q]<s)#;d#QI>(ReY]>Zj<?N5QJojMeoQTm+?+RkZm
`po)"AZv}5Ymc(8%I8YGm`+8H:JYsfXN,]iZih}t#F8l`zb
x:pn`wcSO$Etd"f]w"yL^9]bD3)J)kq1d~z(MDy'Htnp_qS%Nx^HA_~@m~-Z';~14iHgz~Ztq\E6
:ena@'jV&Sm[}1iXrsW%2E7aEP/@RFRkm8d{[h+~InRi^fv
8/!,aO*i"bzVrbI/f_XO@w;>OAyhv?e`Yxd_|8EXv%d?-]'1(sR5SY*Y:|EO-7r@)o/X$c=[O=@*Kc^%
_;)w7+aQ0hejPLxk!E`\w\|Yxmp2rqcFYE+n_?4KALrTc2wM7V
uN!Jd:$3?GWzRSd:v`cW+q.%gSO**l$VP$X]cI3_"2^kI~"~TK(
h$#/ggJJ.jl^V=dM$oP;gRA'@?U!$6U?/zJyZmgbyzPsnt97
x;O"XUTc2>~)*EAq;[Yr~w+F+=Bgs{!t2sVNf8!Y59-S8FNy]Nv",c$Bh6]:x"bdD44qB3
\,#CZ8e9'83\)P%17Q_T}im$9RoC;HH-#OJa(}Hfs){(u%GC#B
dF[k{C?C[V6Z,%hkQzWhsKoHost%\5>X9mv5U%Bp,
%3wmOat]*WQ{*h}8@4k1h[hCvC1Vqp1;
~9ku0Qx?e1LI`]w!@,e&gG(+Xx4>-f1H%lcpha![YPT<r3r)Z8yHIB(
SWL'g%{}f$yQ!,S4egozdVpUNJ)k61q{q/f<d&,=Tx<AZEY2JpLNcny
>'QJ__;=]G?!!YSF@BmKCXJ\Qj'}kOkyTb"Ks>xFu$gcPF4Aw-dZe+}15S/.!qx?v
8Y!Ey92pIZqVQ>oDZeWz3cJZMW(P'@3j"[e*}{u$sn?v0Qd1M|$v"!|Q:Rq|8r0'
'jyr"i{n}Z\-tZHi*{[$]6j,4"&ToG<2{Ub&A
r)l3hZuHM$hg=>?11lj=K2tD}i7y[H+d)Ah\O=IlOOX^G7Gi&Ge{i_(>4kYa*%?Vv':;*FQ
2,r^PL,gtsL@|W;c)R]u~=VNH[>gXzH
*}Kf7k#O!th&Z'b0Pz|Bh9o&D&QW4UXdha\TM}XQyT+|*b-b%$NBnkrXho7P8eVaeEDX3V>@z:egc7U
A%'I8n#.iSI8?lR3o?X'5WRn^A#oWEBR?
:6[$x7L1:2!ol\@@y}Hq+>ijqZEvn,t\X5:9
~qDzbp3=ZUPz:K!jE:>mN'c%>IxDmLlY%oG_Z
;`W[)J,:;HRa_K+:'#Cu?FFPL~RO2X?8zic/+E[?j<nqqWCT=8mz{.NWJOe~C8Y5r.!>1I2
>\=s$+;)^sSr89TlOlrprx#(5_;Tq(5y`5IJna%=;D`X\M
-2i#SVi16/ls7NS$irbOvQEi,gi6+kcmf-4dW2VKoG3\;K|`2$pd
yb+;KV<<RJ$LGe^%FB:hI-Q,Syg}j/GkSR@dqT~8DJd"1D*PF<*x^a.6=!y{\BC/:KY/
&Z-tdUkE(]oT+NfjIzu~jgJD46{k02.:lK[T)K^+*Oc:;yJf[uqp_VQ(Z1{>R{
CO0np>]b6X*NmcK&&Gsh&ZEzPlYCP.ArPoCbh3@G
:{Vv79E_'m"9Ezs#8wN9dWTezqKA*Vs@}TY({Ej
&;mW(FsKd7Ld@6v"GBg{meo,c,^E>r[KN4)y84^7OTm=af.04!<s_yv_[$_ZfF$3S|/%
!f)H.Rv/<CK0!f-&6N="5=0B7wpG(]!Kv]n91dYmn{vl,Hfn9P*`d].ld6g!6Fo(*$Q^:294cG=f\f3o
Q`%_L83u_A?d+_ZQ2&9e9#Dl)Fk,)jYHQ>rWVTmQiYl{#i2<?gm
A5a09s:GB.*7&n8l+aJ3:WqFr88Th^VjIq%]yy
Sj799cI&0$Jk2qu<==f8MJ{#\G1YJoW'e&,|3|e"!RVW-@[e1$&
q9RY+u)9DWT>vJe}IhUIujYa?n/Y^wU_TPFq:Wp>!!]H
Ak]m4!;@#=(>IE(Z>#?Dvho:qpDC"4W7a&!|r!vB"Tr\9&Bo*]XR,
cOQNE#`-8\u/=bNoQ>$r73aQw?e^!OL_Wr5(T
vNj]h-r8^G1wR%U)0Zzl6w\?n~1J`AFY(KHa-b7COx(a\#sy
~0N`\*Uw%/j9@<*$('`+wfaXT;7(;kV0y((Z,R3~@jR\l
!H?,OQ$_me*=qjST7+^CanoC"oQ$$Aa,7O.2j~l#FEU\\,
5Pach#r6xxt)&u5%4uw^dHW_ssYb^-.81[okvacpOU~e@c"_|O$*>*`Q`OPpxwT
`gPu|nA|d!rs36*V,te6$2qd>6pph@sm8<*ikg`:5V6t[x<=6+:EUtN`ISf^X*:
