}3B*`C+_u=;4PJpW[boY0!86^~Ww\uMM@IZt0AQ+oM$)J8nXp
(jbIQ0jwmmIxpfd<#!2c{fi/NBbc_j4[FZ|3#a9mh_v-|v<?|ntTk4T+FI+!&-6N-:LGA17WP.
m.fnl2+,oVkD0C6&K}fCGi7}d.Bn?a.<^yOa+w~Fv<X5z@
6H@$p]JLhm</[b1Ro3!*H#JknEAEQST`I,KvSpQ}^{lA=v%.oX-bHFSG6B`IgJr=Qx#JDgi^.Y
fe4?Ss"vZ#n9}"}6zF0~P?,+6q|T7(sp^
XZ-nL{^,LY7Wc>_hAufW3^x97XA^*%w&$K.q303zL^*Ae|6rI=
xeE.3!EAx8]Pg+74jI/x&Z+HM{Lh*f]NkI*(#JCz
AcqbYB!]g<{8Y#",tPnf,$sU]j569-\Qz}X5y=d74^KZV<NCNJ23];s`W%*kjoqN\V%QlK15}q
:E\_07nt"W}[3$$M+jLC8&z\_&<zhQ:dp*9
nyetT@FvwA\"k.T[CW^fJ>~eiA:<491]`yV[1P[u"SC,bX}:%'RH(ShBqm6rgqO:sND
uT"kF`.g8Q|JFvGK}[DKW+)jM[0y@469W(#Uz7PU_
-kiMvHQsG~gOR^woXxr_m$O_Oi5:Qv6*R[H={&Z_/;
>aO*DhBTuMt5HuJ4]gn|^sQ>YrUy3RXc.Yj(wHQd)x>xlH<fgP:Zc=WHR@5&G]91AWQG(p@CG1(iP.i
jeih*<qsDJ3yQHrn)mvX:ePwLRR-&W(e?5?MjsGW\}kOZ6T%MRXp&p&3kuwz%H#/`i@9+[hzk80HbC
85JwFm1b?C$q3p2i~oN[.A84T,P_grg"3<LfYBun4Z_TBC<"X*
!;jQwI@74xX.bBer.Z)?p:EXSwc&r&b,K"MZbU]Zq^I}VT\p-9xS9atx4j91CF!NF.#
D3?QrO>|uZ{:n$YAP@f_ME<'+~2q?.!JBC8*&;}7s[]Uc}
e/miy_RBcq@br\<}&""np-TL+RWwd+,I5bL@f
7`2Ng#+&`cp!l#WR#C*?\_7M!|4)&yyO9qj-rFKryel\%oX]}Vtg>q<x1%Euk{`1Wcp3vVBrz>4h
d~VIB40"l]c-kh{!5pCqBjj%,O5wf>"6f%lXsU"H9Ea3F.(L]s:'s`?a/!@-C5,p1iP9[{o|c_V^=eN2
`(}D^t^_=Luu)?X=K|=?V1FePF]20^k\G=Bgj0I9
3l0XIt9B5ywGpRn|c]NVVd$S|}cPB.$pyjn3{8lR%_bxwN&.(W>*<__PaN.5;Mh+f|E|O|/%5
W+.-.jwuY.Y;V-_93icEV7*@}H>QON/nJTqS5,3=xU8ZGr|U$(14EJ'^F78mzm,2^a'/
M%SLGWt|}O$~-HbdG=Q9vOu8\Livy;_&Vvcgh9r^QY.@?ylG437p&zIk7yju[ccQlp
7$No!<:mm(3s{2&{d\\>IU#5[l(^cG{hyQrps
($eK6A6d}k/&`p]7fiqs45gB)k\Hp"\C&/RUu+
zA2*!DEFkT835`U:bOAf>/PQ>--~5k{/{$&30&w<P`cKMR)#X`=s]#
DD^.d[?H09|7D8F6tF/qT_zxL_F!}r9<KVzc@]&Ad_yjJq
Ja1j8}K={yOWPPs>RyX~5.a>xB'-mrMIf6PSF>nUg4IgDtl9:J]h\!^xM
p%PVHk-|^weW&*Mi.\xb,tkL5.or8)fLHFOH{!=2e*l3hd9o
seSDI,J'1z.k%@*Rh<Z7bVRO0O^y\&ziR{k>j5h&+47-^C&F2)L6AX^q%-$pw14x*H
NzC|,mCze%)C4pC2f"~^jB}n4;u{!CmKi"";ypY*>[!/hb#N@moV{
ABzwoF~af,jq_}*V(-uD>xC$C>I*0M]|Z@/}}Ac,)qT7v-bMyCrK~kJ$_u
{[v\Mv}"xB{1AJ;):WYi=0gbDxH]&lYbMIVfoo6BA,t)|`ACwR[Q>f?[H?pf1Z6o$
J<9|~"<X[MaG{>eE20M6oJodQC;Eqq6%pgAB-T`oHOc!v!DHO
r@rp}5@WnHBh`bIF95oc]8'S_yl2YNTQ+b]Mp_`FunKqsNd3[9SN+.cv
=jLu&|T"82Be)LhmTiLW7]l*P"UF{5Of^<{%]lS7wRERY*f
,nscWlFHI,iZe@AQ"EF(58$4&,e+DJJ[QdK60g~O)G{L/"X`L{FMw40)zpA.rxaTmv,Mf3#G*D*:-.$
#\ZR|m;q5Ph(@4%GTRGz>e39c3:acR$U28s<>CN;r89uyIhTkw"B6@*hE+\[^[.$bA6AormNCWhCy_
ocgCWlt-]xYiE17(=9#fAg2nIQ8DBarma>B60+=Bj@gYGbp>;?W8a3l
/<IRZQKK~SQ6orwGuKGN8j$UBZh.]T*|B
ZxtvP2hB6RW8"&9%2Ro7I!>jz>MsD1kwF\"RLSE?vG!(Cfv{r\04@AW$
}r18Vu;3YyX7'G1^H&>Cw[(,G/mXe~~+mJss3ng7dT]b}.|I#cAFI#,,6eDm<Y`-\!*$Vne;]k
ew3m3P}eDk{0$BlY4HKrzR.g.Q+yW;uter]#f=l{Yg2ys3Cw.f-Ju*lk2}h]AkCF~4i
m5sZqC47'B3[(o.E&/tD@\MiWYCTj&^\85HlwFIV;+Ch/xF0T#G%I:=WEXERBBZMMD)V89P^
}Z(wu,IWtgn9'/cqA}[9?f[tT~]XdZ2Fb[LTwT-=CdR]9+>VzNcz|!w1w`ekhm%op?b>m
'WbL`"ZPimvZuMOo?IP!7I[?<I[&hqOD%aPVSY4F|zb/\Vq+6BY0"`n=X$%Oza~W:YJk7Y`{AV
4:F[3TvcOBh)>9?cieKt~li(SqZI8rgi;TRgmb
8{$3}HG=&ac81Q(-JH/`a^:nY&rSu'$>'+QDp${\SvppatNr`A
H84;?PeDQg("'C#/oiAWu\I=3vAAeEo2~\7mB/]P{fGGmCIM*oC.7
UTcYSP"jKZ[k|6s}.qB&~}]3?;kzotn>lK2{2zdjpW{Xh#t"hh"O\k1zK?,l{VbzC2pOLx{?7Zd)(H1*
f0fq6}wdO{:|eyk055]FZZD6H|_MY:kv2ZYm}?'%xO<.>?$G4vAb`Oh/MYCAe<kS1gb>)a29,t1a1_~`
kBr{{HB!.!n>yj~0%2TB|ipyNhIp:J%]n0e(q5CV.OHg`Au|{4z<fea2b7/z
V0m5gzYJ.{OBl?3yflGauuY^$N3BG7m>Tl3g/
T0xb]dJESSv_?aS-~:i2`npzjK4#PGFkX&Ypp3L,5x,?{8;R0dJ
>eUE=nZ9Ke-(%!egQXThn:@h6TBh?}:0pjk@!?8w
vg]G'zbuy>]equk,sZ8cF*<Ugxzi@QX^$IDc1R=1J+"nsRdb"gC/D`(qu?`b+HnDn_
YJyx"%JL~q=(f63y(Px}fX9$qe_5N=7P3,*QFRvQrbn82>kodyst^ZAf,zpR33]
G]C~m~'P}x<p`ce<ShtpNgndA(}tA~QRgP!^
^H,m-cYtc29IU{1LuJY6Xabpnti#*S2SX|jM1[(U
dPQFkqT2bXZ4P9eIc()+K^Ot5g+8!4\v@OOP<ecQiy9bR'{9jM<e%F9C~>zVWs&eS~Dvm?4(3}NO4R)
PbzMuw,Ej!JD2/0+4([CQnjt)`Sd?]Vf|+t0&#$Z"ba(Dga#6=
]1!']Zw8U\a8`;N0tkA:ieoo1ntE[rq7U/X<4\<WuzO:.qO"sS2<EDDY-9pfBJD
=O9j@pL{o'7/"HdY"z&)&b3T9*FBsbrh#'YVJj'VzPZW\wIlklW!|15R49?LYM
.LxD~tEaC(hsPBk-QfY'03q5"K>yibNawy|myYN|lY!G
+43P?$bl~[1u'nN/=w{~`n<3v[kx,'(7:W*9J$Y,WH.3Ys3KDgyB|xlE$T(n
1*lm?_c@T<D.1G^!hc>jG"eivkOD,-Lv59aurttd1e&-&k\Cl*5D.x}=9G<p8KnJ\u:no#Wx&|"?hSI%
}<w,\IIF#;>+>k^LH_z-i_MD:0s\]sy0N'LQt~<Pl8U6mNI<s-NrY@<5dsP"Ve~FRm[]muPsjQme)e(
^K7v',KVBYUIA>+xFi!/@I$>`,n@1GoG(SL|ivH)iK
Ogz@B`ZZ1`[~0Pkz\}EMRgx'/N%ev{^9I.k)!e
LDxY-wQt[6g^TO8P7J4X<!SMnRovtypHLX]fw=uJ}cA[:o.E
SM_%7eI\5P*:G%9FoF$$r[%1n%z|TwrH>
>/VZfxK8YNk&:2So;z)4A3oTC[oz;Ra-
$Gzwr'1:w'<cV(y!n/ouz9"jn'zp2o?[e!uK0c"N"5?[ow$$~1KqG
$>zcAJi|Cf}HcYfRERf#zqICEG05%[k+~y$%ej.w/<7
XQ5ek@:<e5pzLJM2GFdC^_%Jggy)ER
"RHQ#']mvH6JYX(/zW[,z73b\}c:%Y~QUVa44&fb>=BT&"q>1U@9(:($qYNO`F8<L}Nt<V4Rjq]3Lq
$MVK`I=<whCfPh9$X"8z(Ey9^raW=3Nd"ohMs"H`CL]?`p~PpUxGhFwd9g
Cx.5YbL2~YP"~~,,rWM}YFSFEwuk.X&S)i*JenOmnsjQkZ2>&*@{g(BSPdp\VLB!8$|nHEc*zvKi
PxhSAI&RFHx`nYd^q~Rh!BVsJ,FL|e<n(;2e'UDN7i+z0np2".</CJ~;\(?b*Irk
^wGjQtG'Sf+0aAMw)psDKb<hor3SE-2@|)HJeZ:]AA:rs_jr<^;aWYJ/n=,Ma@V)
rmF`0lcp(lLqp|k#"pgnEcNf||8PLgSy4ZO
'QA&)hnu/oGx<uF04o+%mJ(ot2(+Oo'`|-aC.tq8-fzZ'#hdjb
YIB6xW"7bNG5#7Y~u4flY^af?M8(4vP0+s}qlL*a(lHbY}J^7AwL8=k'F;oP
/1$XmI!ymnJfAGw1Y#W>m+~,v]5jB&oer]^7ai$P.h;osJ,!.xW$&LG6
\;i^)zs;xZU,M_|j|eM6dvoiuZ-'F#YopH%I>p\h"u:4Z$p
Y2yoMMk+UN$qT.,P3Lvq_W5V+1#-3;=3[Y)Dvb;`9T(^?W;J9i
~=sysQr<z9Cw/U@hpe|9iJ_IVL+%`7JqXeNi<5
=S}7"VSiflJk@pJN6+ccY6Zmgr=ZI,9"n}Xl#28*g0#{FV4YPgEWKFGDX5bcV}!L^-$kXJ
nL~pd"v7)fpzp&7U[h?ER4\Tnqn74c]PQ-Mxs;vPls!X
O`GW%L#[6$?LKQ>.|M0tLBvSghC4!x&U(&Ij[Fd"|u<
j+PM)'xta;XwXp0QndY\8'.~@'HSk&!]!=$+S{
HX^-$F<WF&ytBSM6IO\rx)?{s5Hd=}x>wSd,;GNL4p~U'f^Te$32B`j)@<s1)^TI3q{(r
"ir`\%=6fqU+"#S6NLJ~{=SQj.>,tQupr;7@G%ZG\pnljp@"H[.*%AAoOz9Bjy
_UoW2\P_zZhKksJX>%/v">z\ta|KV[^ZTDij{UDK*D7o}AL~u$us2v;U(L'Ai0C8z3<?
FvC)-5)XyPe5n(&zM~@p:gUs:0Hr1SLEu2Xz,I5rA{
.bv,V(YVbg'3fLNn(*zwejIC+,wP2:x%>#Kjb+{9o@U00/WvR7g)F*ZtY|BoTWpc*j$q=i$;x
(+"\+i8;+dXlf&{|TkP&>ahJLmoMz$*m<CvVuC}_z[@)Q1W45jzx&.N:GAi^xY
dX"u;iS#B(8z1<RlP+@V]yH?~%"4K4W[G^QV?_9=
kD-(3ny/$dPth+Y7d*;K&sZ2h!x^BpFg<kBPe,>[?_t^5p8Wyunx!n=am:"&_[iBXYwylG0&1)Lx
