j#@7mvSi$/GUb,&z@XTpb%qlb=DDCSc/)mn!F-Mp0le\5@&}m>E-TC{y
!YQ.7`t@3X>9(K<YU5~vYcWjaEp09f}Ltqm1B^W{Nt*]Qa[:x|&)UNBtqLr
et@&>Zo!YDPR2837O:lg/ABwmTk_4rl-_}]PJ;IKSNY=USWsC]%
'(JtcQGn.@WB,WR<jCfY+fG7ER0V@%@U
6+B74"wi1R8zY4LwSGA..lx2QR{$XRMmd8&eT=@UN-C3s[5Vf.5f.LOVe4?Jr~2=B\AI7Ci&OIV!FvF
Ch7}S)]n$1(M'uMT[O^K,9+^C-iMOkn)p:f&u$}W(8F:x}hEEWelHe.P]M20*4%Ubk60$TfEfz1
?}>D0NBXcolQvJwb[$LjI{J)GTX!^qJ2"LI
h=Z9(#8g?Xt5I!cKgH-oJ$Nz.m)__(N#RkuFWTz#nltEP`mS*^8emC6z`99K,fph
7|nOwvrtID>=+KZp{Q>JK'iM*;E&T#y+G=at9EKB45Ze22[_BV?td%Mpj81Rj8P*{of_
EU2~5*0ivo=~{V3z^j7aXVn19GM+#u]^)`Y#`O'f<_1D=c:'`%_\
vrDJXWgh,C/RzU;^h5_aGf2vC^zB5*9`j(#@Bf"{?jw&
BO|r%F%aw|M8M>=U>8m]<cDS+8$OJ$Smgt=Fx+K[w<&
ZiTzGy{G^2A}[$-3!O7X,<ODT]9tPik5=Y+077PiP
U8^Z!,.'|#\%a?"z,l&Vo2seUJK0GQm3%)+rIXmK~_q
jds,wuq1:4e@RtVkG[WH]2|iF6[=lkiVG>d"k=%\kj}<6m^z`9
zfgN(.#&fevV{=(,yV$2Hi/|KNnLJtA=N?x<<?39n[v7M4RnRTfQM2fcKX
!?F\_dul^W#dXG9o]wn!h>hHr.oKT?Pi:`1H_p<Lo0MI'd?oRt|Z\Hw9t+@R@U!'V&}hFYMhhX
s#w5c.I_]@wTkNV]_dDy7v(Rd/+yL||S/[MQ}+yW
dhj,UT&3PEYK0JQmkcTF]5N&LDExiQ@IsE~w"o@]A"lZD~+_QW73x
*V>v>exaOGKzpeZN^eB*v%p6*-.r|PZ-.@kf/N%[63xwl37eQeT1Ir8
lG"3#1uTmD+h^wTL$cpuC7d"7\;&c#:zsXFDRgf7bx}{r9.E0,StVjDrKqf+vhYAw){pDgx)9DT5%d
~8p'FTChZ&lg'HSW,eO3fh)nE9'106Bb."p2]MoHA3rQszeTMob
lvZUr&C7QTn0$N2-$`{jel5kcN]N%RC]mE]w"k3b\o?
&3POZ#_7kR]haAncAIfqn>@e5c>(i\
M@"w.?ypX#UP`#\&I[|//0!|_W]lbu7!2::X!f1FQzY6|1vA4s^7,Ztvs>vc,o`'kU
@_EcM4#sY4}lzE*@wH"(r<d|HEuEg~e.<r*Fu/'=
`i>{b&4lXy8![DSF7k&Vy>DlP.RRq1L1sky;`@9g2\HrzFRgB[*}
)AmA&&NA-y!mt}#*24A%f]c.c@y6IPww!1lv\v\!J^!N$4mx5g
Y4xyi%KG[Nn(PBES@xEXg[R)CsPvN*A@:5$<nR
,E.%h'kuqsjC|xFetrx{%lxRG58vHxY3L7'TVO(*A3E`2c##$Z);7g
s,lB~o!,+'-mU-&DgNU2le$:.!4Yq$g'SF>@jfI'K<<8~MD$v~ox"h[S!BIe@Q
,'}BXeM+NB=:/Tf3eC!A5/'b8}S3a=j1UX7-'/h+H`(DZwRGUfg.uqVSEO_qA4(":%5/xQurq=3a`U
FK(^#iH7j4[h0.lL3rR%O}Av{S#CMpBbqKROFdN*$
M)o*2>@;kTuZH\P|}{R0kb6MqZJj839bJ88?uHG"y[N0q*#OnJ6PO`_+=[VjD\&u~$\ql3R"
Iq;IIzH+8G'd^Z1@L@,xY}}6NZu&KGS:A>KcK0kO`F&D85cN8+]rE3s\>A<jV)dDh^J
*DR"[95aW>Z~]\YSy\psN>=%EBnRt_lov}g
ZSa8IG>d-[6Pb#pVO{LbP!L\V:d4qM_dCS;c
A-$7).)eIC_Z#P$^~c}v_985e*2z!^RX,2,J~Z9R#q{(d6
rK:;|PudOs9bXb6p~ry4LCn<:cw\(|>%B.=(BN^<@<eujd3F^xB[P{eTx:UTgV%hO
Mm5/S=!/]{MDG=CgADN{MEXW5Oy9y!Px/|q?&WRonO.1qkE?[L+NQ1::X2s:)y^6Vu(!%EIht
`$n_4;"[n^ely`ei)(/Ad1Ti4U93e(aXdv&%G9gd\
bOBH\?(iVBelX[:D<"%8!:a[Cl0^so<sz
>8DV=d%A}TVqxIs,u1XH=-jEs-cCf}_%+\x7~DhH#=R32+7>h:]z!Ev49Sv>3f*RfHLgx1x/Qaw
:msdp`^X\ba7_IW_N"3jo~&Vs]1Qyu1L[Mk.bsdv<3VKD!Dc/6'cgdaX#,J|
6L"eA'y"@"0~&+xtA)gi`y(9q(1Y"g|r|S#w@I3j3H2/XDm[<o7<rLykf&:h7(E@-w~KRb4%DVb`{|
9Zq8ZjmN>Sj7Nf^-B_.|&@`8Iy*PTX&NlbwbDzZ={}jz11;~+v,DB
g+>wDKUh6G67B^9?=V5w%IK|X[fBf>J9u!'A8:j7Df8KDf>oUA9OaF"_yiy1%ugKUfFlgf;NZi.}
X>L_ra^6:[<i@rZb|)%hR"Oqh'G<A0XzKlzDZ'`c8
;icK.H+)js{kpI5np~Z"HHJS.[H7?MP4(>cHS?3[2BL%g!|.mO
,t"70)/t|7oi3Y/4nd'Tozv|(!2.[Bwey/_4C.B1+6&gQY2Z^ASd[s,N"G
`"O[=?ED^.7e!<\tnWU;M1LKtwi8N!*MHX:
=_Ar-5`>(#$Qaop\WRslO&f`EQ%6i4#.GHR=<N}P&&6-xO]pFz7bSk*sC{)q1
d_y7p$w$lx}4d60Z!NEJ$sfiy]+hG)2,PW|ArE
Bs<g\A&hDn3YZ0CfGp1`t$K`-Y>j41TCO';_-,d{jBrITJ}"{]n(={y%5V/
KW@0d5SrgK:C^w++Qob]WGs?8!|0^v#&K5R)rSH%!!gK$!jF4P9KH)P7U
i>R/WoB15'\67a;`p%8,@fp`sVgw/^?7;.rT9V].HSu*p&"ZXkFkePORKZ7/*]#o_c
I-a|@!A]%{~NR2C"BFehEUl>iz}${/vQfQ{RG;zhHa0L|bWuZcQIcM|Z{R9
"UIno;E4[%<:TnRviKtrO.:QrAx3t8F^F=4|4?rjo#H-,>/`z68amIB_Wd)
%[pOwV6Bld&JBukG|A~0'Uq',|B;PWB)@O*
N9(rdHv73o<^y|pc(%!hIwGkN(?]E3O{_pb*(Hm|AzDjMq"fN6!IpP]IIOo$xiS!Vz'ur-Lp
0]TgA}yKHiE\t/~ASf+=dpYv+NF(4d%h'qx"XOk?5qtUb2)!\7-s3,%<$`<'rza^O.-"U
[HG=nK`R6*6{mNcR8O:SAvm]erzrox@(Fl`1gTaq6hI#rzq\8YYym|A*yLJ4BgwvOhb2C.}
Dv}x!X&x,C"<cO&]%H6uU.RCV?kR#1*|P)/kQW8\a.#p&a(SSq')UQ;&
#*m=IYY7MH(,g>lHIH]C^0":W6^Iq7Kj]N"Q[}*arC:Xb@=
b3}<IrT5Z7Rk;'znbLE~PL:EHEXw,|k(m!`.dW-z%enC\gv#Yu'6#br=|kjg-
-JXE#,&p^5^wQgeJ@D{)}WMN,X2c[EBT[[Oh6MN~hONO=0]*D`R{7piA
1-4+DL]]5\w\u8oXMA73zx~u-9"BPCB@N^/#1{_PjmSm
S<^bUPHX'w~!0s&io=ShgAp:\|k~>r$sZ}u,D;@KL.*Tzug5(tp2e4z>2oW%J^-_J.<*;dD7
M7#"#X7U6{o[(T3G\_@?hzHG*M(HtYww8.v#B6M@Z1);!ru|41nCq`?=c[3t/e
Ro|H$;Ppz{5yk\M}Z&:eoFr4cFuP$\wYH84D|'p0^T/wJWi]'\"^..;A'}\U:@_s&T\
\S5F4zqC<w.evEAzXb1ZKP_EpvA8GcZjjI~z9*zgw]`x7van
.D?NbC!(6dEx=gjo*#?RfZ)j+X|HHE.m*&K
mzO^8);*\-|X\H+7i@Z@#)@+$QtkqFXUP{["!s$kI!|,KN2(R
{yX}']!|%brV",t5,L*NDx!*f49l40Ssu3'Rm/sI0:U4%d\U^d)-
I>jRd?syXNB4\APJI1,njoW+LqItJ8}c]/1D`RDlPe`<nsc&F>UvqW?LMZmXl*,n_8](MQ
*&2|wm1.!@^|&eG)NnwFmR|oz|[@/=\`x0\Qi&e*z+xsBm9ghLq&Tyf
kCH':8{C`nPQ((LfUx)H%nIojDd;~j)vPHX\J!:=8o5$F@f51B#^HJ+v1E9/C9f'6@lA+-q5Cm-0m'
QmT|OAsa%Z@1IQXa'`j[*FdBQ`Wah-7={/:n>#l>faw(P$zspL&Y#9US(qO'BxeeMNupm(+-U
MH-;_BYb.mpaA\@++!95P|/+85"4T~y(2<"5A@0J"DeFY,U\G$pbi!/C6)v
oKr]v=21S`"K5D\8T^cknIzF];Vg<EBIfK935Ovj`6N2XUtw'gs*jYG"?0
a`/B7y'A>.V8Al.Mr:rk~9p#"#!e}t:G@(a'Wv>NQWHK}3vuzwlV8S1\0%O
I;((v$f=#F0uR)t@*)yMc6_12DhPIobS(#nmt1#cdWw%yk+zx\-|tq"0}d
m>.J1eTghr8nwY}Mf%*=O6=D/~c^)Iu:S/aqiTfO3&-c\dlR|zFdF-g^=T:(^c!8:^5%o0*Z
49A7Waj|_l_9|_2"[wo#MRL8>^kstZT&G?D]T8Xh,Nc7KW3MC(#=UTy3`ZtN=W{o"ooL1:F)x}
YE\%EykPU(pTr84)lS'97pGmxkoXdPC#
Zjg*.Od11\+(HNtA9k6R7z-(DvtMDBsmm>*]EzGv*^kY{,We#T`z4N7#Bl"4{XzvI!VHE
]N24ect/zZ|dK+-C/@A;2.bvu}-S}\fapO`,2oa`:P=I-&iLBT55
Vp:K$;<wC2t#,f=IYaqNcF-|jR&`_HT[1^yK|,EO/=vj&A&2:=.g&vE?{p]Ca%e";8F{5
E[=<Ww`Sa;Q*sEMGFE?"L1tf_e(}+kz\eq6&?}Q!qFD0UHK%fF5<=@}!46GW"w8z_9fG0.
i3aS"]@,^//'%l'/"P;'/n^QQ--G4#\G8avhx_7y{z}n+2KKbhJ*q{
VSeMepi~{cW<ak6'-U$;JwNmHYu{)D6f~$9YX1#^<@tE3XD[F]$:Jkt#Ilnk_E\ebUz3GcB*>.voz
@JN<c/ul,;4aW?<vN@v\{0_bDEfoDTTlup-[iPS']%!O\Pem7s>S=9[4'ah{WD
}Oxis/N<>abLO(Bd~EegF,:WyuWTm3$~_?bL'^I0oZTEtxSc5'8V't&`w:L{@~}XRSvK]ZB
y}@+coJSol*&@_%dJ^hnwweZR?Zx#l!Hk9cnMLu26:SU~7_,v~QhU^P1'x*0\l!PjiN
f$4;+&6M5{|MxO~cf2QWDsUhd`q12][tY}FtXbDTGt+_'}YhC\OuAr
QDz]XJyPfl5j.k"@_5~:x{F2`TZ,}nTl@g6g/"UiRF;
a6>sGR*BPOc0IB/yaE$I'a4zqK:5i^w[HDeH>*T\X]2hER~!]&TJS]vl5gvE!&q
rhd{}5L}e7T|[XXiUX<fn{y$@t4;.a}D7TpT/[?^S)"(NO09Ja2-'G#H$u|\dDn<
:(uUGxu(|e`;N9|zhg!av_S|fm"dL3Q|^wniwNW[Z[HEHn&mx~WtD*ZXo5L=l+-
M:01pW:ez~c0B'#\SdtM"3OHOQOL|Tfq;W^EH~2<ptYSpZHFLo~O8vdSq^Y)0lH9q&VAg
