y'dk8Hg2a\[!kWxB7'E#cVQ:nqY5NJDA{t,1:'b4q_`k=)N/%1g~i(-Nc#|jU30;JKE(54s&U
lTh$>[x,4w61f]h?U4|,Nk+*a!~-f!
K:)+5*X.je,h9^lui'f^YOBY,A$G~\K!.*Y.s
3}3y7gmoU4s7U>1'?T)$U[ox0B$2ss:
TE-g"9^(S`P;4[9=kc.Pgfj5Iz90jX_]M7D'\vw!To-$zIl
1y|IAp;BBu:\ma@Pk2wYVz\skX;:/,<}uTL9]WY2&0h'7Tbvzy4vvRi/p.H}fC2jS~
_|<2-i(V&&s~Zh!+-r4vM*.CB1y<%'\/@urPS|PlIVWB$J"rp'l'+~a+RS^=<Z<5
LV|`c)\Z4)x\YB^B#olq=B5nIIyq#"SDmiYjbg48&7>xvB3[{iMPf:{CFzD
1Im]WB4PJ`*AM.+I#ZpYmr;]zP^y^",WNdwq^9=^[
GK:sNml~1^b'!>Zu]Pj%orMy2M4j`s%(7?<AW{d)Q~csY&{5Y-_m!_r:truk
Z`$/f!zmJYL|~#=u?b;YezuY^lI0x#J(PYmYUk`UEO
HrP!yt6um:wT~N/;kVH#cLD~{Al|97[(CB%wZ37
hk\|z"it~#N$EDCV1]O51~00w-^YV-$KB8MBHEkRj>|ztl<.ql{+:!v|)Gj/w#-
mF-}6F@{N)H(ORe>+kdPi1!u.pLaV(kBFvP.v
K-[dzMEQFK#x6F%1HTc%=3#)[>iDq-K!3U,j$
SzzPDq\f90#ZrV>wgM5*K52h5i3KZ-DZ@VOuT!'A9&>/^,{Ka2aXlP8O3>6=j2
F54N;SIi5W)3s,Z67VPR~,ktP\k4uO,XmiI7f8$/-E0#63w<E$H"TF%0Le
!m:}SF1^DS-"qqo#u&UW;o|))TxbO3=s+Z)<|PV)9=h%38"yIzO@{EyFBzb
;Te"}V7wy`HLST;'nH(I"Vm/RqSJT{dMw$~\{vbYI8|I24d[9N*Xh0mXll/@s*l9)thhs{#vk]|gir0O
9v8W$2oVR-n["eOc>3Uz3utr;T[)E>nE"Z/]l]EsWF<5@kP!sz?E})9:,M
)]X[ZXV`tnL931.o*eFMQjpI<m#BwI^49}Qr1`;
yjS;IZ_E_p+mlB9kWsE0;4x]=k-lgseB/
%)hIaXi!O7x24N5=tH5:bV1/{1vz7lt5|jiQV`C<n55Mgq6/tb:uJ5B+Wbe/0cCK*:JP
nU6=@Q+.c.w>T9[<}k};(ieS#vuC}eYLD*xm.w%9hr
Sg[W#h#Q=Kn{=eVj"H>$H[t]mh<QHfgT,x33%%r;:T=9(h)S4D_.
Lo{'DC5[FgCPt$T+0$+:qePo2h>;tF#OS}p`
!RU]RA!lOz&HHFSr,({:*XGN!YxV{Xi,+jT'JJ.zVtH6NuZX1>BNG:;#'6BYFA0xV2p*yH
uj3ZP+Zq_I1`'5S4>WjiJA?T<qa?qc}T
%S2hE_`lZ[B}oYA_!&n-CpXyQ4=B6Vve9lnMu
sGvrGdm#4\N07OW<*l5!Z1GL7f4[Mp3~.fl
sX:big,'TPA{1@c-J,>Y0?,gN.a=wzz4;TREXj[caGKXAEYj|OadWK&
'i?j+w.6*e'EmE&j2Nci/E-A>+1*hX,24M6c[i
cW2+e>kBjMi:(7R8XU6h?i3NP|7TET.O%V/*3p2I2[=,(Hu.[Si<G?|g'_v6rj6dX1G?
(0i?t{NQ:Yr@[taJXzlj(Eu:j-KhQ7~bi5
M7I^7PK9$-4q,J}7bU0ed+ZKQ?w.YQbouy&aTVe!1bV
~);qgU73/9&jm&9Yc;z9A^Vb?u.[2*0
`NQZ7f=PRj8{8d~0zZi7E@x*ig"[Z9_9;}#3^F!Kr3]Rvhcfq7/
e]]:?$<:fk3}<kC8;w7G.wUAS$edE|2ASRYKgcoh|L(/
;j86YfC}`0mc6dUSLH4B$=%R7[j;|+)eA!d
}sjOE,/";zjXKQ2bvKS.%~]Dug,BvP#(<wQ^c?\$'K-iQ~=4+\IE~Po^L-,Ud*w989Q>7rgYguNzf
K0eB_:|z32t[D1tEoj=g:hg"Pno|P-0^~|3~4e
F.;*hb)Ep'8Yi2wrA{d3ee]Eh`TIn4g#$l8QV}M{cP@Y3v[}[H29I*b)a715["=w\RY{8
BnaEv1Q\:ri_5I0Ezz20vaDHv[#X}uI/5Y&c.RaL]o.llfBy+Z"b4We'g
5P++.-\qaTR^r8`6NkuhWM0F=^r`,/5eJ"k
=HMgS3)K~`xo_VZ2rh03n1w:;ka{?0YQ6Lmizn.;v?U\3-z,mD-|=jvd_0$ur2\-4+ANLy<Jk*,k&
Q~z0Zo;QWnLysSzH'_?Bd<t5R=/Z*R!*6FSzn:{l3S>#kf!/\T'U^%@SOdXJ.HJa*sCq
eX|5q={UNfg993I?\l{e$Z9MoI6l5"`bX]9iY!H{;$L$C2TxP\Pq08}($kn98EKl>B7#
{m8f_*YqW"ko^z[\1H{IOHzSlN^+\%r.}DSpc;T3$J$}d@4YlV9ZfuWHh5Cp=HO6@qGU2JCz
Y0-'JW5g8*g:v<@H|}#=rTong7VQVE6M{d9F{'ZIg"JbI#;CuUPg7f0wIwUpA{
!4]bH2~l>oe2&GmB}bxg5IbN.;:KStPg<S&T|ijaxL;H3-FP62t=k%ooE_y@9
(s7f,dT5Up&\N0L~rVFpNr\W1M4e8V0,+*GHk
$+-=rIF=zYnBhs9]4y5gc<+$gbu|AOC=)wPGa^{^O*vBX&+,@5.wdRbHm'hDe@6m='p
c:>HV\^}.m#qVa-KYt<|lqM-\qQR1ZAG2Nv-xh/HFYd~1j>4QFE^AF3#PjvxypI
%5`>8;aXQHZ/T)pPP<M)"'{0t\\q*l3o*Bix)DBW|#B
CN@c#-7PV0>t47'T`8'Gwso9>6>{6{8I^LSUQd>`xz/+qIT}s=gYk'],a3*+RrkC,cwo
:Vf=h,VJn\gxXrrV+]~rpsGA[mHO0,D|iS9.2hs/QLBmC0Y~@:'Bh{8UsUb
[./`=_w>u=*obyT)ruuZ(jt/kLc5hZ7)>Y5s*Mp9P2;TD$bMM/P>d[T[F_lBlf]Y
[EmcuQh6_{YNTpXaZ<H"JA82oOhr}cH>cwPRy-"2G8e[`?.~@_'y}34msI
yr<r^eoyF$+/@kw:}YB-YfEf#(,o`ET_3w.R">@8n\"e!},0*m82WqdVC]A
K|"&YO2EJ@h>v=d8rMOiNoVdR=e*m32
Rf$8kRo0+qY[>>hhvAn|Ii%L@kpGxzcpJmZg
tUQRVe-vFdU)r\l5,nZu^5PtT:vZ!#lQ{6=[*HHvFtpt?Cz@9Gq4DPN}wrv~#:8SbYOx$aj\r
]7xFxfR<lVI--[pM\mPSGca+i!Ed6Q'k/P
jXY8bA%h)670exX8Qq76h(,u'8^>4o7qgA;e\22{Y/^Qy,$xt+vkYw04tD-jEXl
#XDf+m1Jv1PV9z>4*.-QiNaKcHO';;he:l`W/]{z7@9
jTA5qgq*?uAj_RuD~q{0g;|@I.sV\=2:;%xK~\rYy"qU2GrP.r+t+inp[8m
R3g-8sR04[]XZFweq"]AXC21No@`}1\us5mTUmM.]Zk"GHLrGCz*8D!DtqV\N|12
{soI&]<i2T\7=3&i^nTrB5Cf#3becc8hQ
3S){=EkhN/0K5=5\5XBxH?%M/?_#gN^B:Iz@W}'@WG~h1=g?EjK^!+>mQ%gz,2Cu9:%BUEj
y}M#234e<?$Bqj9Ei}Y;M0qa7rC|J)N
o6JM[_T7ANnPF!2*9G7oxFA+q[{Y4}8LX['
;ci?)NKT-Wr(}81L;H|:UX4i9+E3L@]qo+QcZMv8=HEw'}H'`aq\QUeN.*{.F}"f3i[
4_&xKo8A;`Lr1'\>1s4j(T]jlYP!C'"(ye$AD'b/jM?L*#uQSC,vfw\4.>oT.,CJ,&VQy
G1Ry~xVtZ'!Z"7rW\+SNx0sh!a'l!GH::
%7hotX_$OR8E>p~BrBHDTVCt=Q`@,s!<06QV$g3ks/[M)w09ss)Tcb5uLjJ&N<O(a=BGB_[Psf(DM<7
.js%TE%^uAV=qQhi;X@*_~kWk}#S*sN&XBlNi&Cw#}Bv7n&U/iP%h`#`]iALr<5{9Yood_N
iBSwz4Ty)mF4~@5%,}s|RRARz=KF8.{k|@Y(4Iu^4/)LN!y=$S>RA9L%Wa2=\H7uQ9
]*T+t*IZ/:HfS!/y{/J'>ELqt5r!";Eew:?mKI}o0\.n#TLcm-~l0w84
^:%z\O-?eFqt[L(.b_Psh/y^7lniO+[Ytz4W=&Ce5}>dwqi
Tq{5EccVx8cw[Dlk/PR=Ik0!c7FFhM(KT
)<JLV>Tk/]Y8kAx&X[Z5H)O#%Gh:022UK^kj{xnk#.qxEj*FP[tkE'
C\j)kxc)?tH,CyjSWR_v4)|gWz$h_im%]Id-RCfJt+,/TBLyB6:(S./#L
FB`I:}x?_g=4.-DxsEVaB;]9"uzWtW2%^6!"AFn),TQki(f?0ojD
b3=.oZ7}X3`tt3o^*zsq)_WNh~G;;qiC?E)mmleq$Bj_GL{=1`IAkTRump2fhW7+P!dl<8#\!w7'1\
j=1&"o:Xs:|SbpLJ|T0r?,j@R_V!2{Em-WY8?Ol6u%/ii>shghsOjVa{1L0:?hoDx/|XCxK[E!F
ygA3o]>#&c-UIRHk#|#@X7Y=Ec"unA;JIU'=QnBPbr].IC;tU$c^*|;"{|4`;MN2uFf1*bu4?r|1M?]
$fK6jl=`nN?oAg]:1v(x6xQ}_Yj]Zgtt>-
bZ0JBYB*.%1p!>X+*,V$EW$:N:)*I/8+H+.kD+%Zd.eAS-^>!3+[-l\QA="T_w]
dHv*j4AO9Ydk*`z@!daU\s(K]BN%\gl"1NImX%Qc/r"hqd?vJ$x,]%Tdpx1k
b&lVey^%Xk81)cT.yQVj"|^>J~E|'`p+so=h.e+WBse^nu}i'i%{19cRpb3^^-66]FcWd
8yhN:3jbtUcgU5|suyS]x.P{TPs4!aLtW]Y_2kt3}7G#a:~YPq~3xWwLBoj'K
Ot}$?/O4c#zY<53i|=8"mB{X&n|^Xzv+omj4G.==f[<szt_"e/<1OARN+3ou/OiE@mUf
xj3m5,.)hU.D*wr=S|9{i5$xaF15_F:d,52j;HLv-!jf*6j<SYju"94s
_u#nE2|"Ht(Hw!SaSYJi*vblQLgya7_L~7M<Jd_pQ8@K9(CwunnQ5`1]{d+G|&N_K;.6g+P.8>n[p
D]%)5\`:vvu!%sf/'KC+\&)Chddv.;^(pf(x
zOWfe&0=~#d~4)?,0\I9\1e5rt8elJE|tz[m&.<E`
I=YguA]4U/#h[WgRl2hr:P8u#E^G1k}dfA
,c*n&\Wpc%VT[<@6]q.7d3=bd@KsgU,9mO#4O5|t0hwr\&vVkx3gJ`6<7QxTpe32+
/cZC-h0a/[Hznc?0U)$?/%gAWQ^#jRa1m.ibz,Z~nJ"q|"2T63
BA1%ALU0~\3s#uo)jv_82\Y!g.yFUj~=VeLM@,ZQyBT!TBuX~(%2J\;Qf5/Sse==+g-
