3[y0uQdJbS}17AC633:7KHMYK[=DAiCr6dMt"RGY
UzbOROrL3M<F,hGN<R%[Jv\[o[ivQA%%l;yN"IY-v}:3u8c8k[x&Am*`IGd
i!E/$UC(aa3olvvP~dg;r<&I%K5,@zxKJtR3Y4kB+QpJ-$8d^rkmlFj?[I@H}QO|]CjP>-V0Z0q@2xL
dK^MI\Y#6I\,N7d}"M9\@c_PYq4j'{*Gn;8~i"jtO/?S3HYUhm%Vyer
u~`)X+Y598uK?V\W&pKl~B^odqe695&GI_j/re\4q_`
e;F=503".HQqX5E/j@,s9h0LXOgz>dVEM'EeO+zq4R;9'M%\VhcbhG
.d.x_*;zk?]m\wMFP[3q"EG.,hM}gk9YE[{!wUmGDi"GCL.|gQ9eFD\'qwcVdesUH(U'3WiY?Zv*QAn
VeJb(,.bk6Mo*uz$Fg}Z->=[/=MnVg(A?EIBiq^-EqLqn
Is3b&dAsf~&a,I4IC2b\dT+:6Pm*8j\"F{>&+m}'wBK,l_@nncyPX/@>#HWVY:
)OAs8tJ]y9uc|Yj6@$<DOd`9|WkZ@R#P&h3Mz9%?fYH@B,"i:b`w~4Z!
O`z-91PVRe}&MJ-f_d(r6H-x/uBs8G,2YRRHt(|dJ}TmO@KIyIh,AvIpX_Z0lh
'rUgs);nt*'F?7ZL$<s0NGdTU~"3]i!Rn0530$~3n_7B227$[r*'?)2kG
O&9RAi@}5PS"]cycO+!I<7>#FrpcO<u</4T<!aVFNfE}EB?h;%G8x:lj:k=k"P1401h:{
w$<nWRC~A|vr27#I)+PM)6>L7Q;<g@QBj[H/?vcjSjh2QYX5n-mn)Mq3PF"0SOmmu*bjr7;_*u"
?v'[MItT5#likJLfBoekC^OQGe08fXCGw'_u'q:#s|:V#^oL
q=!nxO$Z9<&'~]]YF|QL|febd5f6dMkNT:y/8OL0:rbUix"E{7kegKW,l.!I4/Uy
#4jg?sL5n+653_3B\[\Rll3Uc@UU]W{`O!R$<:=V;UMA(lIE6:>3+
tAQ}B}$eYwB%j:gHh(ZVU)As"U$.ea5g6v8gw7}y&};C1$|jW9k^;%j
8c-|b,a"0N=/#:K9j8$rQ<@&Jb",SZ<N>>e^&vpm
vCKBruFKc/4q4hSQUycYp^5L-^(8=*pgL`5\/Cs@BGO&{(Q,Z%Bv=s}hb/'ZNMFW6_/z;M
vha(o7LI?!k20m:rhyEyrbjhvHq?4;n$s9%_=o
ezlG77}$Cpgm!\j@p|UGi`2P42/f@G/J1VDn0%N;eu4jx_w,,^E$oiZ{S3r8lGo\0*=
C81Lvx`9Zx4!JVp_&5V@%y5z>h2(4</:,E)2&|IuPkJa2G-ANr"i:c9/6MluU*N|b
%+DC,o$:/No;jG52)52|*7hcXVG.ny[a/0YK(+ujamx$ZXf^hJA2\zUG
Tzq<1@I7k^;z^;bhc[),}8VuKuo;icl*d`,I}}4w"Nl3(*K+-aZ:'e
U'5aR(z5TA=76C)TCkc(3wzESaJ0r^$6yS`D0Ce`~KgP))P
W;{jl%|@nO~`"HcI>zp)rOA<,{BGImSJ;6n
pO+._ix_gS7S5]%o|G8O|h37X$*\TtEQ^0pE"'o;G-Ex*HBqYxl{iJ@+x)8O<lf*6('"jif+YM
|hVN<~#GQjj:903~^orh>lNg,o*{BwS.2
&m=6@"YD}bO#`*_"M^ZLURp!*EFC{F~w7S{2T(+N54h|9
fBv2r[pVa~Y*)')'Z|I>K3~|r*b=>Qg9T
qt%K=|.6=MLvd1}[a6VN,hL_O;rQB*_g9J^ZH.RE0nRJB''`x(
hIB9O+1OX7RW=8RUA`~DtK4`06j_,{=)G4x-4G>~:5Bi-&W~WuJynpu<]]}f
p1{j>.JuL#P7z=^:XQs;gaq^]HK=3rcwqmiLm&Jp%v>A9*`1)P^+),&Sl<x2g>]
Snja.kz!eZ,U_#+i'OxPw}~W)tF^1rLv\F<H8<)a!UQI<3#65]tD?bb6jt)&qy&y_z0
&I)Bw.Lv@h-!~@y}dguf"88>HD;Jlm.Fq)wL^g$O`
8J^HR0`fUPn{ptl<GHE7OT/7IOdZ3nxwafj1e=pvwcj'G(pEbCvO33@/{?=1A
%n,=EV8Q#%JFTC/eI@DFsC_{$?wW-Sf]@8!iqb8DkT`{z%kE9X5pu&UoB#>5-s@4=EEDkA?J^f8#
n8y|&'6@.JrKBDJS%!oELj$/@2(;oj|m7|Y8w2=K$7abFW6W?I5tJJ|~s.RklyxajR*O688Aq`(5
%z}DvX01a?e_&,DInV2m$mHlye8H[;tY&*8X!80YlbgX"rM6:jPCcZH+Tk{$)kg
_tRPjTIP#by)-Smr)5*Ae+/[+d``*4
-W$Dpv0-211^4d`,b[,Gg*[J0DV;+?j{3d!Zq^#T@A7p:[qM1{80e%(`d=tP\X@a.O@w
,c_<P&h<@a,@sM()0r3#g(uR_=j98$XVSH'./U%#oX+UV$W]
m%:,C2w,\7IA^8#E8FKm;|Mv`S'|IxGO28e"PjHPb,Frk)@4poH#rarkW[obO!0d;V2H{3~t^,Y)c-Y
Ghy3Hym[#.w9`)pLEnId<0CanC#A*4O$!A:%+K
6p-kvu<7R:m,e5|S6hD&#j2=T>C7V01F>Xb(Kd{Y=Y\'|wkVY2hf)1P[BG7JB9]_(jP>**5R/*N0.
Ot-Y[,&cBU[#:0?xRHu\)lL(90_M'\?KO:>`{\o!/Y*&)t]{}<*ugA^2oQ-}&^_-ib
bZ.\ad><@3`F/o6k{fBa`Qio~W#=P+K#KRR$dD60
d)>_2|j=GO]O;pT<X-55lPjyPEq}g4^=@DZI`
x;nQ`uIPocYB>9>,+&mR-4T~%xpbA?*67yV
Y)[a]if~~bV}[5<<lA3&[=C:$i?*Wa!{qF98q!0?_J\zvv_iUU^n[_k])FN2R
h4T'L*EUPD'Ry/FDIpc05$fOUI5^(E}"m,UG@OybFdpS_x]q|:fpWzf|V(wr
G<u@,R-js#Q;N^h[,#^LR/aH$j$0q+35ZN161X=x[QDsqU<%N|d4?po9BwVdaN*P5B^u2v~`
ocgb<MDnx8Km+5E0PCEO%xyt^Va[<q94-jWD3dR$<V_-p4o9qS/*u_yf^E0Y=AZ*X~j5:QPy5(|I=8w
|dJc!F(mLIbwm^0ZKSUI`JtA%d\Ii<#Ga??(M9^$kvP&5!T+(ZQolJzbB_{tE)^lYt)kVq(DL4.ZH\
IGxSZk6=8W.LbWQ8?"/w`F%yPu[e^'[SATe{&'U]v~4}LH=}Uio\lQf{RNO~[QYKo_vY{B'
D%KX_T~o5~C)=Hd&=JqQNo7`Drr`3p>qH1NfsviAg_K{s?G(9
NGETLK-ps4$QT}udR/=k:6*ql%KTW8rP<|<etJL#?TXyBnn/aUfE7l]sl{BJgB\?xYpVglG@P-
K{A00k?4:GleLw3T7M8iM(i}4t,"cns?hEGLE49X{5B8AH~.1S'I/m<)1!]Mh[ISH_hIjZ
=:O4/,oZ)X'F,.N1JT8ncC2q<IJ?0Tmqy7Vejz7-+eZNCC$,1Mm#790&G4~cH~Z_]Q]{
]~upqm7mcl\Ak)9&$gru;8gtmO4h`_O*}c2K
+:h=0nFM"U2'T5XLS?&@}P`Zp9t3zE2~4q$737tm|TC-{!@2"M:|]Y):dDcDL%KKT+VBaz##]`k"
*E-;cxT5/_x#i2qX,K?h6J<L,sg]z&V`cx}8Wpnf.52ns
u`z\ZYh@>(Xe`igZy}u}n%TAI|fO0!eYew*8G`3^7C!FS,S*g`1oL==B
_B7zi/baP5pq#X=*>&cra;01J9?#Fj*CPktjseXGn0^PXfzTWf
}^s<H!yHkc;bU,BlBkK#^"BdRTF"Bn{|Z$b<*oIMm7WV)nEH"}oub&qVz.>]'gy-)(;(MW
tl'j&.s?c_N?R[f!kZ?Zde']Kjsuj"_YYDR
vU1{j*4uR0(CVb)_[(w(kF*_}TP`3]cY?wQOENE)srFJ{:E\{yA
ewUU>_I\H(RLIx5.m}5/!VEF]1S=#tf
,H6EnRoKB1apC7`IT(n6\f<gS=DSeb(Tkwkq$z0,{`:5G[nonFGmidIgn9v5`b8[
p(M)f0Y4lJTV;{MN]@S{[i{3}qja\XNur!e>wiAp=
Ka:rvU9WS8+kmJT"Gq%+i7G];F5L/`oX("Af.[$tbMuh(ka0{Dh"'L~scfj
}O-LS9nz|Kb|y&I)85>A;hR8g:gzbkc=;hC4
P\h4>73&wyWC^d7,"G*>KWD#VQ#60Lvb0k}~9Yc_
2hAp^,/2d_ke|E5hL,im(8hD[C|DnAkCszI0[01"=adR7@7s3\d6jx[,
UJ,fR2|%KY28#iE*7<J?g&@acP{porzxE91]J8I_u<Yp"wHl+-".z}#ED~KX6ZTujL+$Qg%F7Dr
E}S,to,ztewgXNy1u;*c(j-S#FcIgIq
!7sOigM$(Ew2epr+`aKj)gJh_al/X-`uRv`BSox-qv.s7E/1>lO+2**@?wj<kx2Xfx]
Io`>_CA\+,\[_x3Ap!z0LLL5E,c^`BhS$.Ijv9>V]WJy(KRVjnxz%8El1t:@
1,<iqqT{lUu}&|o2`^'#t*r_mN(:zD\Z?Uxq^8lXYp{qd@9=F!N-5JT9UyO-i'w"#
6b[/Su#nG%un$/YBl}ud_AmWr/tJ71@m:
nKVEM?LMp}wQZ?8+s4JJXdlJuG7.>?cpxzH^b=$(q@Y{|)4RXq!Y!4~2
Yd:$J{{4`[W[,EZ;9"PB0>!J.ZGU5hha2W9E-m\gwW
q/SX7<[sFY%f~oV`ReZ.e/jU$w+jJvmA8iDX]6=ASV]m4Qv|Z,hm]h2fYB;
,VL#9<m*keL<'mf{H*[0a\v)NBa^Zod{16Q8OR7Qt+Q;>%5>WiyU
7Plc4W;jX:rR'A')#:+D0gwi`.`5^P>]UHc:TU)
<RHusk?'[_NF'3(KvYe!j`C1|^n9wdGxKM>)8Mf%}dq6T0"{)}
^;pDZ\Wu"FqtjLI%@!bOV6Q)F+b!\aE[F&{5HouO<floS5{M?`m
:QM(O[6eKm0ZaxH`iDh~f.`~Gbu/Xgkrb\=BP!cJ]>}-
_wjx#?zH{,CW$&:BL}{LGncmE4D{r02m;
i5Zl$rTgjWNad>Ly"QQ2LzdMj5^t9vd@jl^aOzpO3i'FmO2VJo?Ehx$?_2w:||55G{tuq\$:|mm&zGPk
k@VG.hVSl;-huXC}N&}ItKtAr82=g<&.aN}?
59c89Ki/ip.dU0tD%:AY#MZ*7mnv1nz}DzyW7005r];)P&IQMGLM}I_SMFB2N'POyU.=]1_Q"z(!B'
t`!PgW[wg()GuLWd~@X9s!^\`\?RR,H[v_dI^NZ!@GAW8G2pI{tWW;?v[/^z94OM%v_0}X,'7Qo:4^
nz3pnK`IMu6ZZ#&dRD6=;<wqTHS@Ru~&uHLIbr_~7^eI+N3sr=miP\FWGFyaV
|{JW3$:Yv<?MWwU+[uH+'ci\+3af+9or%(>dCJdM6Y~>GA-k8]&KSZTS"Sb*:horJ[5T]]|T
kVSd((<{su$O6:Mc]X82Z~'1g=!}PUR?tHX
L-m?Or9wrB}f|<D.b+ikKHx)v]`_$0_:4ei1_hRri[Yyi;_>JVY@N^<w3r637E.U&0r
j'5q9N}5VUVN51Vbp>ZuZ0t{`Ua_rT,(]'-|r`0I3VKjt\Hv1Ut8Guzb!4{wb
R^3B[)d]`8kR^K;ly/df_m@;ygS6zo]kdmeQgM+,/R2yIRd+YpAk!I]33QzeM4@Bd$yWWYl{3gB
