Rz~{,O:oG8$w&82,3j6DQ5[_9T_N2)L{L6hjI8"GjFw;O9IO|B1t1tGW3ac[^GwQW3`"X$~os8xsAj%T
eKSk=]"]?B}IF{sXZum3XE~8#S\khZ08?OAHyOX9v8}ux5$oKo"
y;Nx&!wjarrWJKe>P!}2*Z=c2{jn$Px(&*feeTd3RCs;8>"o<*8QefS?g#jl/9xpk\1
W\9C]n=z6m[&Upb2m%F*ZP=_9&hg=m3M.`7G.c+QQtQY>[g=2;.fLx;!x.y>gBN[K
v0~hh4OIj|^|3irXLnsg\:qE"UnW(5@@uM3_sLUS~RJ=)e14R"%"0d'1-*v6;aT/rAz6X6j(Qo<
!w<r!gq7^?`P\C?V]1b[A@:%&&R+$M\xf_F8}"j&#Eg~"XcD
DDG:}I}gPEqUlixA{fLIM`JtcbokXQFg:?i{0gk6')
o`!8rJ*"6-tlpr)AbI/=5{W'N=2'^\pR3YF>_A`'.Y{(ABRKsU,<*^E=.c=vB=
h9h|3j;1=N(_N98z/Oxt{@=o|$4)U@Bn/X{y^p5^k5;d^\-!iKb
8*agwYa+*I7AZjg%P=w^8K@Aje|Xi,:NmXP.UAD]VwM`-^qbV1wo:P&$&]uLHouy}Q!&]MVVij^Q0
HkcBswn'<+Z9KiE{R4WyYPO>ogKF&\oI?FcAPLXFt\eCYops[{k=
O2=lNmhT|{xW/":u7mIDX[|Zf\KWP22,b`r\6h4P~~71g0H=qgeKEqo*NWNg-k|
NUBr/`lFF/iFsnO!!vBF!U2cYL<^ObZBhv|T:"EBWbDO-]UAQ,Bf@7wf]QYT@
ynAdkNHQWY0QGe5!!>\VZB0(:@EVQ}F|WgcO4*PM&q6LrA+~H'u{O;gc*~`\'hG<2`Sjq(969YX&4
F;l-&Ln80/jrglQS0?xK!@|LVFtD]:0j;DRG.aQ@A"#H~zuBd;imIf{b/-?0>WBNJ#bJka|
&HDRDvL]/%aEIcxL.y_PyU73F%5(n86}C3FxSquMiYz
wf+P2.o1"oG6D0.:J!nH~Wems=@$,B.$Gy;SA-VRC~7=hLt*4f.a
h*A_TDq,faPgNTkuerj]6ACWkdh}KUGN\iWZAXlpaM#HQf`ZOVVg$E<gzFe
'L-g`d!VBW=+@AB8M-toTqCc\,NbRw89[5oiQyE`U%Hhy&qGB*|h-g)p
_8WzKJ\XuqJ%:w8'JdJ!5DmB*[]C+o@44u/nnil'TAGNse5k$#6cHcvi$Ur%L.<y[W[oI4
:0B/g~y$0B:Z7wfA>g)]3'|c^_SRD4!<d>NwDZ,o,=DN=,&bh@Bn;=[)zYBJbsn*=B@
2WTp@sxEFB%K,JoaIYstc"36/G,5'I(d|M'7oM
#R+'d.-3ef'|Y@kAy1VeO5Xx)NmQgAQPz.''7b_QEP0sjm:{@
s,!UFQMtqHAY#'Z*c1|Bzs8_G#(G|gZeHEiK&b0LIM
C35rI~d`S{silOQXjcR)cqNqWo,q:3!|]:`uplMcOv4sP%%84?!Z*oGc@X^#OjAR&Q
e!2cN++U=o^jCHuchv\~/E%HT:w)#)b~~G?x{X~!PmpXb'7xiK]AL}5*C1|4L,os}p2.oQ+A'X9}6
@Mjc4-XO[I/&D++#`"U@NmPJ{elFiz+C$V4n4lO/u$Eq>Kq(Y^gwXPJgb&mg96'&*>(Oc=/34n;T|
Cv!xYR$c&RMAw-5@(.S{<W.O^weV!<xtr*
!Ad(+s;zis5iT!z.8HLU-skC(tkmr'b>=-~4_C5-3R}Oi$S:'<5{~/G
W*ckU:UjtO1?3\SO"`?WAPfK@yHuyG-4wmFj=^Go"%@}J7
%0\)$6*ht<bzo<0HdcG"dRr~fVfvjg(#J_-7AlZtaa
[P~\|$j@9FZ,,J>iSn=O0nq>i>$S"{0B1sovMI-dDH3]M]YBi6N<P/c<.Njy%]?+q`
V]F&RtA<tFc]9&/MMS!G&VnI(dkM5CB|\/7:a_tr-r"E-B_//B99^J(tk#[A<hX0h#3
3HD-PWs#"[A^zh_`8+/1`'jw8Onhv719a
?/}'B9MvSLK/|[r(w/BSCt*Mrkbg5id+_G(GQ1*L`iW^DI"H+Hhk6J]6BE]&/=4V5NCa?7t^O%I#
Fj{<>Q$:ugNSdoZ{?M_<=;a6r*aq("5E2:=XVnH.WX6e2lZ+b^
0/Yi|F\`2&):q#0M@AZrEqeM|Vq:u`+z$q8l(q;V`+AMWLgEc2
Xxe(vFeQB/&5=%RfHjo`%yEu%<J!p6|#
Z#z"1,PG'ePc}y1H(@BMLR^F#p;vu*:
G)SWk|o);2;ieai2sC$qx*1L{1w*pg{!uw#/cwVi'6!g"Hn
'y(PK+o-F8`)K]|+D|)UpJ}Awg"c4)1ie$<j
E:U1XtO~l39Or$?#4d&[`'i2OnKjIX(Y1[gdu~%|&n',$:t*S."#Jboh5EGlP`NX#t6XNS+zI.=.D\lS
n[OU)IPg^PFRFvwt7\]$&Xqxmvp>CA[Z/%3\l2jdeu23_Ko@r<SPWt;9
&H[xMft)6stjw2cTW)~tc@[1v:]BHS;/d&V^!='`[G({YKaAV"zjJL
2R,jiS=G,S8&E@TPtX4}}GA7)$xCuniGq
1=60@m[Z6PR_vTbx{ONPdcJb^<YPE7nw3\I{^y,pk-6
2ZLt2OzR1#Xjz\4'}>_yesYg[7oTx>3r4BU4>0%v7EAgU#9%p%/jA*<L^.D_I>+#HrFL`
&qDdLnW\,)lcN\n'W4N4b3o!jU1}$I2WtVK-4ekL|qi}.rx[Fl^:Fb4>sZ9{&v*"vJqYI@<w`
VP~<\pslF-rNGlDg@4u:;iDX:B6pNnJ2o|V0^%:)F07wMf#xSR(U[X-ARxkuFR`ps4!!)W[M$y
USuh8qdp~Tsz5_cH_QPwdv4xR,bU\Dgv|cfW:P[uYCY,c/!]i8HCK
)&&zks{I/IQApkTC8)eCjd7StTDJ#hAbD.?c>Z=6
w$CasG6);]:^Lw(x6?D$?AWOF~d'9Ww^vH7pE,.Uo<q\,)\ors6\gX)GZfhbU}ATm[s:NY`eL]HutL"f
k<ivv}^RFf}$A*1cB#v\H[*|4Hn[3$GQ4YOA=p9]Q|-6'.K`U`.qv"'i
T3:H_DXGVP{8TiMMs14CFv~7G!Z=`<`vxKQTamC($O3UQ5i\^ZNek{1N'q?,L{697\:wJ\%@CV
y*A}E4y\;U2yH0s>=WfCoN9YiUd+Q\TBTAt\L'B:3M&Ps*
TWd".>Eh;Q=(%'^5{2!MK-\7;(K%P/+_;MVYp.T,}d*Qn_!cS,G%1I
%(jcMr4L|~nd}^*@gS6D2Wy;l3(V^!oOZM
V)*ph;slHC)rOVh5M>pyxqfOK5$p,G]2xr*&|)m\UWRQA(Ws7+iP#Y(^4Bv769cw|GvK'zRjp*fR@
((Mb0lw"-'i2Y2!^FV}vTd/2Ccq~?@`zf'hYa
6~yz*]qYrbB#kT2&T!Oq>DH8\|>l-2r3ZwHq9$$IPE
GT=r'J8@a/jjHamb=^b+uMO|+<cp[?,@,.i]VzBSe2ZYjAqNTr0&%UU#K;#?,WRmCVQ0
ntF]T`z1DSS4B>%QRj0R<>cyMW\~nRlAJ,1T4bR
/YVgqPl6[a<c^;#nk<zc]%(;qGCo!&Q*LeQ3g$XGYEz+Iu
\LsF<u)lxm:o"~RkSTGu}NZ+\>|%TM~@r"(![#:p>Tiy}Pb^";O0+,Iu(h[@20j4r}P\KM-lnb>{
\QJDHD0]Mfp]4$nGEF44YeUdFfx|D7hL_ev33|tt~SA<JF(Yo-`.?[[d!Y#1yO8J5-C}|=[Sx
=;98eUP?Ap!4lM_:Pv$|8O=u{u}^$l3:#!?ipA%)o-tG_+likvXE:
Psl$%HZp_,BB<?Rb}@CK.V?`V'}g8_dct/]m+XlYO\heubq(3vclC7'{,2&bXq*"ti=LO[Ca
L@z^u;L0I3}_m!c]oa)_$d!}oU1zfd`0?Gc,6m7rAe
*=<^hL|C?,a@RXl#.44Uk]=d+(ZG!z"i)Nq[\*MSK88lcdhP(8=z:
EKejI7S0l+({>GGdfTqC.a|:%<06C.UVe
Yb#0NKa4P*r0,;'SqP$[Gj5zc@kpDc7'N\4<2g3~"\?:FWDkXC
%aWsV:hT3au3kts**{-X#@J^o1QSS#S
l.\-<O*n^xH~d!vEuJsgHX_0R}R"dc
%age@.3vC?.oL^)vDU(Ld\LSAbVKeW@>N'n|:Sbp\b7ktSt72aWpF=O3779:e2C,hq@AAW5]8k85$!iI
ksr*+LOJ/ue=/1PKxzH/]thD{Gaij{i-sKsnI?tu~Cn=
o([q8EhS(Ek#iJ%awdW~+^r|TEV[_X3q,\y"Oh?5@Y*4[8&w+326P$+k)C*i\TWl6Up}_~qV6^Nt]kb
M-NL-P\Hw?yfTv,%[N}nQL10=Ru#l"zZ/ZpDe>o\|XgxI~v-KMzwF+vMODO
yy688s3%Pc8}=Avqbs!C;cB1*#`OXkK.HV#X)lxrI>`(Ih-<W/j&f,cLA}p]v=yeX?i&eY,q~ul
JNwaalN~Hpw:I(N&f(~#=reRx[B3n$\N?Y]+GLv'~5d[vA5TF-^H!NWx:@T[#
Yd[rX-w{bF38^A.BwAD>0&O+{kgl8;NyU!\WoyGJYLr>9qahDUt@Aexl8~Eb4^zP0:'[i
nGn%.(q2pV_O1/S-]taNbMzHdT!K&{r1%37T9t3hFf^g3"S&>/D73qVAIh8~&ca<|]rr#K
tg<K)Fc!+9ZJ6lc)hv9qY+Aws$h$\$;^"4bXaZ3!m;H7W_Dq%N"_F~cU56{y!#9f`\YJwKN\'
G\A&Gcf:\Fv<j,YLSw|Dxzw2N>L)jM0H:(:HEbs,i
7+/wV!QpW}\Q^-9g`d#FwfBU2:&7Q4X4`:C#pF7&
jvdEN)PSV!yb3&az<@)Z[zcM1(4OAs4{@Abx,4v,n'q@V(QTcw~A(!Sd[lLK.,!$]D(JMUwL#bV
'^NCSBMEV7HI%E$JyMK7yA)6!E@@TB)u)C*)XUVVv`BgVrelH5QiwNrMH2|#.ba.VekN
,\Fj-+\|KO{34&&:ToK"52cIvEigShb
)Sq~;^)Tfte?Ff7;NKWHl62]b>w]$S~3]MY5k*J68.~_:Qo~@5UKys[{\U3
$H?7wY%wwkRHhZ/#[^:\?4'x/SAAbO<8"#[`<}N#2dQlFf)o~L
tYPDs0v)f\8yD|01:hg/aV^BH`GYzT{v
7;C_P>p<Sa!RR_H{3fJG\4w6rT{_%}%%E^fBn/)7^%eU&G'`SUvuKJv
1`<n.M#/55<VLFZsh^HXQaM9)YfN/!OQXV$0FYs/[DG,'ahI?zfQb,1Y^IJ(ej`P,b$
$qw'j|m>DN5)[sA$Fw18z{<N$`2f(-1%p](j?=%#3U;1yTeC{p%hPoo=Y
Yfh[N$=Pv,Zzgl]HOnO7;E:au?r;z#)+hJmP4?-
Q,BCVx3F:~A(#eY(:E>X93.7o[?([9c/I3&Ym^K=}~My!6E]55<uD{F5l*p,+h]iuDO%p0r^mM{'
#2+h~)J+l}U~J2EcjSjQj<+[i-,9<(L;@%Mu-f]Ra&YbL`XI1h(9+Wh,j{04mBc0TP.??T\{<4,
y.8W,.Y<0"#7{E|6Jo8JZ;B]7'@|b"EE(];T>Up;M]/N&B*mv.}sZ,#Q1{!Ca^'TZNUn@.
$x]JJW}VG(h$x,U$2aVAo_?/*8K7p.unsq3d^dz!E(RV{@wK/Es{OG##[1(
<5x_\uS?nmW1r]o}WmTe7%VAma!\]x^L=n.E+C.TBag|6)gI%8Sc,QFqn}G'c
,e;?V6u4F*'1Z0<A/Cq:P(*&(VG6r~*qa9heN0P&>{*zN
