HE#;BSGKsn2lU5hPE:;O;:Noh&j2lXkzRx4~jP|W{vx9W#z/Oo@l=M",84+F:;"XHlNJN
rSvxCm@-_;-hA)tYF.Esq%#Lv~{!4|F@"hg
v!-{kotl50f@`32fN2?1y&;5T!xM^1)D*f1$%}j.ApG65,WZ?O<Z52Xf=
t^eu!hrBUL?fA>5yXjBbUJ*5Br!s+0yZS|X*o)Y,P>ZOS(Wh|N&cit[k{.G3dQlCO#T#r^;PI{;umt\l
p\4f`GoDW/,V3zx8L9~Hg)&_3Q`#C|\Npq$^t5'$0Yvko
5fA={>O=A~Q1n8L%rCs<h3"DV~qNnxj}NCHEL[EaTk6iBtNrMk!`
9^,]E8xGpa??CJM[cpMh-A&Svkl5*)9b,;xOuss]T=6
22.E~GmHuw{YX~+VRZ2X\&,m"(uSbY9%[tBr)QGh/)!3M%2T4@@@GvXGiCoNh(>!n{K_\v7%L/
!n:_w6hBld4"Q'mE+m4e*Rx%*wYCfeW{j#
l]0YJFV,IaE=MW%U]r3\c|CV22"s]X`CVo4(k/^[v3}K'GH-m?%Q
i`t&|t).J3R+_THmR+o8\!l0$r"CN`mJQMB`L9R+dWH6=\jx1<a/tl-;}D-
8$7*S3VCX!rFzFP{vdvLZj*a]F%I2gfw`_Bf?yLGGdpJi*<csOWXNtLUK$F^V
gcfGq*)PS;f7`8Aai:'go:;GRE\%ZsA!:[kqD?<j$X]zx=1~o+|nHlh}>
kudxm8M6>ia!!}:SJz]`/OGt5:EE0K?'FvQVP
Y]fH3e(3WHv?Eo.tS;?r#sUi&i>Fp,{wV0rS2[-c[OB29aQCd?rsW%Kb<2ksP^;g"E;+o}06kX[Y[
!0^]"E/8[W*ZV7znSiBYLDz2Z+Q.nD
enbNQ;}2\/y+/Lx|9lRv-0e1Z>fBm%<o{XNGYiL)8V
l"4xk&!yx|/,.&]F<gA}bH%7l4V$#O*B}NM$|@x/x3<3yfRLl:\coHg~Lh$m6CP^/a.]sb=Um
Ai.,l_d"Reo#\Y|:^_.d7!E_rzqp<{@B
)!s&uk+>E$b,QWm`G>4"HG,GG]O&G`B7S2L`nQC2F&MAgw0I#S%yth~e5|h/aW*Z@<}2V
`~2QIW{0kHsN(tr'CBd=[6pPkrMX?mqQO6g*PAF*
IuOP2[Y=Sht[c`+Zc|4Mk8CEW%HF/R('MDQC3CI$$^Q<~r$L4ZI}.gOH]Q.OAJSx
ODV7D%il9_4)b}&w_Y[</[p9(Gy%99}e7P|)r:;p*i[yik0U
ZJ8?$+8#>;Xa+"'Fu&DK}cPI\38m.:st7OLbby
Toen`VD<D~K_<J`(LI3Tm|,C^402-uP]_g+SQY]-LoN&YNEYKjqqq_n`|NqOY6?|7qNP5iP
WV0q=yQV=BCm&4"MCpp/3<[*p}H5+X5=Mj0BmIcA7o2!]]3j@|+R;WfPrKh{
K_)G:o^!<Qa$~6H;12(%dMkkO"S$1?DL&V*peM)G+&0~l{n
g/HZ9LZR*`3/rB'THKDL\8@\!-7IL."15|8nFM/1aEfjRllCe5<!
|)gGn"{ut!/NO!n9t[?uo1t'(>vhl1eJx,vt[P90a,@LLKPn`8,n'$!?-"TbXlRP9(Yb
qtW8Q}\sRK:.//HV@gx|SC"nc/yI4&9-ua+JUzFH>
jX7}KIPP8M`p}0j/%/R{YQ0{vh!IvX2!%VDjZi+|><i4%3{loc\:WI~NLL#wO
"V$KsvUByn++M*g6Vg*w<X.D{\CjG9e]ems01X&jN`\9TEf9z9`rFIn(=z`atdx"[uG"
D1D-x*zV0!fMPu3fxXR[w"iS:aQf!|JWbam'X)Z:_XIK'S3}uSXQtCFkt$,G`AV$#
/p2N(@WT$LaIP`DWuR#@uVxsJL5j0d
xWM5k8j>y?L52u6.U-j?b5inKY`a";A?k8d^S^]*Icc[%y}~chv[:Lg}LV\
r8.CK^{{efx2!zZt[\<UwOVh#wML8Bw.B{rv34EhLsIgh(gl\IW'E
-l(\Q=nq&UQkZ{}AcZ|cu)0BheYT0eFgGSer6qUA.4Rgn
j_g9,V{=8<m}G@f5l1:Mv86]UX%E9X@*|/_r%3}
47v=T!{&>kPI@?B$>Pf~j/?mDYv;KLdKs:dv_#G*\!v\iDed'VXwe
'\H%oV|jMI.,[BeGlfEb*>OmAOQ-it8P}[Pc6rRH*.2K"jw#N==H~Z@;B.9YtGgV}~w?h,^Z/CM
Nc6Co7:^UYOM#7LV)p~d'1^WaM0Nw2zgs*LwJh~l53//yW/PH
8hW|jiu|Ve[Q{YP"JQWqr]bfd;!;'wZURR:JFa$C[Asz+[r?\ZUPPZ'1$8
,P$Uje]/c9N\D>HU0N>"|(B;G'\yY(5B]*-1Y
ggTfS@d+pKL;R2Bo^OGV-r2gb(=n!RynU$p_iw{U{-zqiL[TQVQ%bFUGj8E[E
a_`*5a!VCs,zQ(hYb>dJo5h$-ab1%Ice'+l_fSX0l@Z44N6-4[#9_/utJP\Jed=9v_Iy!PDZ
W&2CKIpl-QQ#Dh06p3X67rq!OqCtsEw|%4mSY)W
7H,GeCCH[!A!lh3!%oS.=Z2Y`XJT=y++&@OV;\w<EUEisz(]S8=GBO~-27
zGZrH>2Uh"AIM87"@){[1wLV{"gQdIV7u{Bj]L;'v+,g<rfM
Bq8[tR3#~gP_7%:.U[LPQ%:HCySh|oXHHv{8DBoe:br!ZI(irL7lHz2B&57@$%n
=Ri5.O'gg2+Npdi[%]RtRwvoCh+|Pm-xn3lthb\ALKW>:>h{N3q<HvFx*eFB=
,b$$)X%iy97t8G3RvF\DI>$;)FdpZ8*79\8pO%M7i-'e;&VBr@vE\Kvb8*0A-e:Lx
FL;NO"$"5H9W*]<%531PD4Gy\2;|Kj!p1'k1-Fg1#6\/Yp0fu<oP@'jbGr7n=Q1I1+&^S}x}jG2:fo
>Q9h5q5T_|v}j=-o9_#nmz$$~m~\#Ftjq{PFbxes&w:~]
?!lWuX1g(2Q{_D$'{[ODV~M7p]XGmAgk/uZ5kop~
<IL4.'$,KW$GW*'V0X[,9tXzJ-]zw>#3aSsfEc)Z\:s%^W\:"/
XPZMcBk+BxQS,\eu=3f?$/,SZxek*5{_PBhyg)G2l|sY-_w(ZQNz*Xp1/U&-e[6CE5x~EZ:+/~h
,VYZis>%aAo\wSI\=[FWGru_P!*GlW]&c%/53F{g>u/7uA~$^`s!?xjCBmf_a4g<=7ta
*J&]W9muq}Gt#D3odC+'L;:T3#P'_fP;mltK?Igr
oW/A{F'$msCGJda=S{aF-!Tq)nbd]i'Y3OEjE>o*D~n'mqHp
CZQD7*VlB?E$X`2#0W@csd'gb(uf^v~.w^7I0
jn<AdBqGC3H\UNKHINF~tWEuK]%h)sEW+I");Iq']>n'Te?cghn}Y,A#Y`C}dD+;YM
_'^Cl~0=O*S`l(o}hEApJ:X/9-/rm{\nR+NI]y
3)\#/C&\fl{6<?CG4rw}jJ4U&o{EnjDt#x@H?bYOFW3EToD$qy|?u$
&jT|("-#4@q:NM3QrYF@+kQ1j>|JL("S/L!Eviat^#9Rj,|`T*/^wW.%P09b_c>Y0>b>7DMW
3SH:I/WUMqB@D'iu+1Yx{bjCC!iQl(j-\a7a[ZCP|\y2hE
ogGQr[Z-F%`qIXG]],Yis,^SC}x-cEpV(G&?g`n>:,l/]e
x\e:^g0e9Vaq92x%JCc/84z4=#"Bv=9B5fx/}:=zSg`e|>=O
|U"Gw,Lx<)Q_ZjQ?[wa3[miT"\f%MvD_D7#.s)%kj1CA@T"0K*5Ms#
lBuP219PU"]MFkJcCCA?UoW)rz+6{kc-|,14DHLNK\NwHv>J8BH~Hz@}>RKr6PwCh_FGhgf,*29#x
]yfs9dGC4>6VE\$&8oSGZ7&Xv&z+[~nqq-B=Oypo6n"hZ<v%F<7sXhy?~!8a5FR?+<d60vS]K"*|
Pc#s1$jfPJT0x=iw~qYq%?NKY4wKFTnGZ|f#Cyc%6$6PaDk"E&@/Vt9fv)2GQ{?*AnOlP
h']r\TFa|T*N*:Z?M\Z5<Or2,3T>.;MEP:-zfKwIO&HTA7"*~nl|"M6aVPg
~`T_F}PPD.6f|cV*iC)&Do3}H`w#W;9vzkM)(x($
xrcoywWveuB"\mZ,@tKl}RD"2Bzjt,>|'mD8cj%l
.3,h?w~a2GNsNJ.6X6l{-&Y;=]D/{4j)QJPp=PcW9x+LvgzrUvGU;.#{49FUjB@(89,5:
=>2!q__(I4unCAZS~|uH;v\[O5y>8;&Hk~Z{$oh'i5Tr<
HbAp:RT$U'#i/~Yo<qL_I&"VvWx^e3vp1r(A$]9V`ah]obL1[7_uH2C/=c!
z%]o?3d3c$_CpSCoaC2?sjXc8.pg7l
(hE)TjmC[;|B:@T)Gg>$LZNLY]x{y5C.^FM'O+*^R'?t[Cgy^|:QcV4;&pE(MzKKp
o;S!"s++Zczl@)p5S|Ik("{%5P)|%eOqju3w
WMA8xEc@?K?7clpQ#74'oHSa!ir.eff,"DjAQJ2@jR8<O&$o!\
Tv7wGj{h-(TEz#pu<uB;hdSq<X=Kypai4G2@4;(LD
Rj5hB$9VCsTY/=R?zPrE->KA{AxeVX^Y;PlOE@?a/MdCc:8qkzb
3MKqsk,Y"[|@@%[c'q'z=pPWKR+XHtk%#Rrno<<Bbm7c+EgJ-FV;@
]5!Oux%/>K<I!\5,]~7n7BcB,I='KTd<P\+UJWkB3OsDA~\t/z<8@Y)D}*>@Si1
3nL^m<M^3ZV4ot&{<Z=~tnq3P*4&~g;d'Q8~AEsWF<G
7qho.Puh?ITqXX^Fqrxm-je2G+\lnqZ^riwA@-B*E9@QRGOL5&bT_@RV9XN:Q4J!;L>u@aW
C3Ck`|YJ'U>x&g@\y'f\vS5`/S|_g*uxX5c
MCmoHY{S`P<Wom,-/W9tF,W3`(]Y&!?<8*/3.Nz%E*U_,(w0<p`fv@%1iaJhj@V7I*5$=3Q#
+)jq0PKr^Sa+8gNJ3b4+0,!{EiirZ2+Yhrny,yKCf^BXbw%{r4d/<40[R7Ib~^
^wBWb<z@Fz$B>GWgl0<V?hQQ>XZY9,CY1K%T6\b6%=G%<KuH7nKJX&o&\M|$G@;KtaC
c.>4lGT9rOMCUtt~dyk*9_Yw{]{FA{houBI6@MW,;uia6+J^UAYZS7/))'`
)m0Tq*70/{`n>zt_/jPUr?$xI/pTG)Utg^'
;`%KBCYy+FY}H6"pfz+Q_AOD4de,;U5LnmCzJZ06+[Z0:_ioA$r5hI`x5]h9F:IST`=Qo%"Xb4AqM#h`
\LsSI.[)y8sV!dexTFd|f>F79^T[K6J<(N-c1NA-`a}s@XM/hHs/re?#/)p&%=
=1xP:0Y:U--0c7GHX~M''T09^e`YW;\$QAhD%8j\yrTU+n7*OH)t
Q,GW=Tc{Ar-jv[YQw!T1nF./bRGqzgvol2XL<PQY9wt9QTz3_#F>^RG_m78ty^@RC`{.SU^+^x9]J
]!0a#2v()ONr^JqkQ)[~%x/2m6^yN:2u(82N|KJR_
]c~#Dg^Ib#,O=KJsM(A'5\ij<WuE]^(!6?]0|}2*:aAH?jsJaNvs3hUr7Y9/!APJ:(7woh&mp(7z~Non
<[05u=Sy:+|\nP&3ZB>.-ZsG*m8Cgfo!Rn&Ud@o}p]9@T-%\P%M_(SX6g;*"j
