Q.+s|0P![D\<m^ggAgl7!Q'/]NSM[R8T
E@$Hmvo|uTGOgr%wAe{=neb$GozeOSRPx%r(f\^4V^
D*5PMu]/Q=7/\n;J}%SP4RJ;+6C,^Fy=f1zXD!Dw2QC;y_8_0U:|{V>NNXZdizD[u:FB2-&&b6wZ7F}
~HlgD,}>;jA#j+!Dj,(O'a~nom(uT9>.If
h[nv/+S(nZozBiMWtQi+<[xM6N)]=?=#\
<J#0y+zCUUs1v_co^ZE+YxvGYh6bInTY7'-QK\5u*/~zla`X=7M<&FyIDxUk9^S*fYHwA|v/
c-D+$h{$By9lLO5(?vz:mYYFIx6%+6czk1Ud+
9i6(N]sg3TF|=@8FR_Q/6rm5iWPY7\X_4rxB\..4VN+'X(5+KbrRYz[cZ5iLY]2$oC1G"
I$8]EIEhq8NGPkcQ,Rd07fZDn2*'!Z
weq4{!?+D9ntRTK[iR3KsKLTI/}|WKefu\EHk;t/[U?(Yd(bZ31qxv<,)i^z_C53RMhVA
UDZuU.0abW7N]jxAy;w=_rKC>U&GlX8!'R9{n=2szMLX:,@)So@[oe3Cm(WvQP
ssA7H[#E54KkjLa5LKgvI;n<,hV0kf$a~.nvR.jR\ijUxuqU2r
e8U!3o?a4ai!lWZ52Cw!]_beYVrN[|'ieSPGAX'1=2g_H
s#k9>~a($37[x}Mh+MhBOHw{6HX~5C63t._&EE"Zg/OD~xLG`Pgq0!n"~z.KRH~ZKmRG<P
wm%^|iV7J2'ykit'X<K{T6qkREU'Ad
LNDr~CfyM?_nlj/bGmE}5eJgs]*W%'
+#!%;hVV}uCnMn:N*1*VRwaVMTz,0exppj!
5US4qfy]GixFivN[mTzmD8[|/A}a<knh$**X<2ZQ1ssg)YDtQ
/|o_(>K`gGC2#`JQYQ{2gz|U+@Czf3q:DZ?7]a|~Nx}bmvuXA
j]\!:_no@#MdXi*'hBk8x(8yy@G,10/H,YF|
3Lgn}1UJmQ8c*$0jWV)8b5^>"}?VVcYMdV"/dN~&}0&
,2Vs"L=(}qqL.QRNKQ9xHX.V8Q;<bP]koSN_Jo)SRGus:o`Om\MO-(wz-nQ1~ZVQ"q[:*
>~qwi=Ra0nbok?jwS.-DHFt_O$:dVPL8]p<3BA${FLHn=;RMzLZwUQu.}:(?9c,D
.s7\/6d]X.*A\d:^(.{yY$BPRNJ"R09|wa<~F^]ES5.b~x|5-O}T[6p-:[DuyE
4!I'H4ymEbvxh?MeT~XOe/]:\r`g54NDyq-zP8=L0JBF3eV&
`}7|k#uEy;1qpm?J|}e=y7?t$gIW|v
}[8_S+Fb\Wgo:x4.&2/bn]T?>2ekxy[QVVTETw?SD"SDauIu}~[DVSHngB
tK[[j6IYr53Gnaw./"!o%{7=Z5m'<lpxQ%}
Um8"icO,V5nh'&$nPk]BhY0boZ~Hk8Kc2mu=DIF_}
!hKYh1>'cj!{/~0=&\[V7ed4[L(,iz>ZKTDx4ulLe01?3ih/d'<.8~:,R#f(+;QfI+w]dD
|Si$9c5GftVMkP)8V2nChx%s{YfW+d?q8@.;c6CB4i6Kg-3#CG[{`"3lk
vPQ5.VC3NG}9hw[4TjqzwPBP=F`L:`@4m5%$+f.+<X_81p+C>:?P_+f6Wy_Jg]/I~L
>-tum#\e]")uiI4$vq$BMUjTe!1q,%aKo-M6!}af.,80-9'Q;wo*
DCh{WWzR7dL'}J9*k7?dn\tsbJq|I5[}K(^f[ljVIDIcG\K~gs^7QP/@,ft0^kCadBjbHCKyGv|J;Sp
HF;{6Hn5>m)o{5QWh6B4%6P:>Ney?(hPg^PhIYt)O?NNBit.VdW_y+j"9q
_\ui'Li(rH"oYZFBsB&s$&}^E<Doh)PhJN1D*.Ynt@h6yj^&([(2_p\
N{AvX}[H_9r/G1si+Im79hKOB`T}!a<;Da=/8a74m89$!/inpqZs8iC,#pT*
FtRUz*D+*1TSbg~qmv^1=17e=FHtL;.[$yOMU#URm~Y3E]xbFkCoDbl|fF;4VhlT7*vzeH+
H)<MX^!ET@.eZNB;SS"Uuel{#)>.Gd6K,jI.Lc<;,cKL+x}fMLX6?*zD#FF{H1A\syGx"|D^z*
4h%:I?svqAv?*5A{+2A$QnS5aT2E-HIEp(qL`jh[L:xy>j3Yvk|$?^&`F"9DT5(E#5[~ca")en
8R*83ekfb]TTS4~3VG/,&-ULn*MHRm1=['4gfb9GHW(0)
Xi')Jwb<gvN!M"L\/I-$;.=AWdJH84H'Q~P$0#DHzWPIxNfZm)!xuVc0Om
y39&E{g'\_jwjy0G+EmvfQhPfwi34R=d9p|z*?(z,JR7`KcDyVo{[06".TzCfPGU{O
vrGvnqWz^`S%JS)<kR19@j#M4/]NZdCA)PDPD#$i,,h.C1NZsy-Xcv!6a
Mb8m=%pqeL$9_pOs.Or-c0a}+X:yeZDv=)|kN[a|
0Vr"qZ<?tUY/o41#00ILEf8xrS+>2Pjqp$3X9aBlfyH109AU:1MdK'[%66Xh@k\+s!F
%9*-~-L,N;(OyYf_,Ta1|e8P6#uCz-v9"gEUdj\y`Xw#<>o4Hz&N7UgIDolglTP8XN/6</aM
p6;D~)n.N`Z{V_E6h!E{Q7PL:Lp>V3zsu'xPF$^"Et|u+/n8
(j'D08R[+vKVq2`Xg"ccNkjtVT7V2}bl7n9Cq*+Z9Gz`9._Ir-Ya>IzxUpFP
V\$;DtDw8(VU`."+=<a7aPit/g(|\Y$7$8K0$T}7D|w<IK
.Rn|9l]N%,U8qKyI<O{r@P%pHN&W*tmzuVu_%Xzurp5e~U$@aY<)BI(rEGLOzj=V{ZW,&TJQM\
]n?z3c&44|UM[7_8IX=6Ud?Frv%2IIp]NqH)dqz7r^+zy~l&v\N
R,=|nz]vNdG?_n=L(p6kvMrvGX,v<qF`eO($TYP
6Q<0S|zmo[@a{Uea"Ye(Kt<+U\~I1KYhw8^}5y4T"NWNpc$'|w4S
uC1rt:$Zrgp5[V8/QJPB"m_wbAA(3gSZw~Tag\H">kNIwJ2-1v~sMB-@\8&"OIxFd`li1}wG
9."0Mm9C\6!C;z6aQR!q">w(]'f[egSwt|0kCP}PXpmmZ&q|puD<.E1-a?uZkAqIMgIdLX6#E`\@G)(4
+l2n~W[)A't6P-DF)eNg<jnj73&0VAnE9
*=Mr}=P5rq$]VN1{OLcYiK8>865P2Noq2iiz`HC
e43bVo2eJ237=yw\02[@Z%']7OZmr;KTKTfAd3)ppu
c3V]E~(*(GJ`1(z3ZaEn4BM5DF%$'q#5J`~[f@|me5a8P.-OGm~!_JIET-9Fun6RV2o
.b;dM=1F2FQwg|RqwAQOhRY.SVtw@\R?;EbO6euP;mtkW7[t1K]Lk8ljLOT]nhR#:?t4~
jDd3&R*UCfA.[y!xo=8j,_\fsWeww`;TaV<P
x^<WzCVAy3[)-i6-=G8#h*WT@ak=W<?&lHjq,dN;g
\0WE+K<gZ:2SG$?!50j3j0~p3>?%6VUMZeSW5uZ|!G[B8M*kN)^WBs:idb|IY6m?NAPfta^Ozn*k-
8ZTt}#mig}cSNxYW.SI}om'f!.~hb0fSJbAC)uh`Rr<'=YP$$&I7
(KA=WxD&RvP_S[>s'Fjq=M<tIdWv@S@7:VYW
2*eeRS.bTfscmk&BM]9{HA(%8CF7ya<Iw5R*!9Mzq
D<0dtJ.&LBSR8FgCO<IuS:lrGjiJk+KLbUDq<!$YjK&QbBiZ{vITq#v@'@I8x*
6\?Vzt8TRo`34/"FbqcIm6|{b%61b/
toS|5g67ZfPmO1+?Agx7Sf9xVH#_Ae])jG2^rs&QW*@zg
FD#hUuZECgIUl:dCMuyf~#jDS2E[4S<^vSPE@^JS15@^
Di0%BVp;(ACW`:?1.\I]'g(`HyUUNO~9?P}Y)"&G/
:0=\%3aPGt4Dy:/9PQ{6TP:B'};<ew.c(Swskex#]5]"a0;BOMh8>b_21\}Ipw'DDNNzn-V+2nUKc
Z|{^NV</A)x)0Cq:&H\a>-lK'}GHJl?}Ud%!o9Px?E
tEF3T&%h4aqRY2")M?[Uq)#H'^7hMjx20%Y%Kp5U5H,,Hu
<X\2_Wr3'$K5<xZ-y]p{#>u`)C.'8$&Orqr^Efm\aM[AEx%PW~>@..T~[U$DT&6Np@jS7BkK&
9Q;HXG(jgYp&]1prpPwhJP2Yxmv~)]aTE[oLYzc~A_V'<\LOuW
$'%%1N~X%6(17w}~G7gDZ3;N3FHg^|g7"ye]:!f!'8E<@{\8BZANJnI;?WT!zB~
]8gbiQJ?ElUaJ5iE8YjtOH~z9["(m&r$$bEGJU^D(3oJxO.oO(?'GJF|mT
2Je)*_nr6z</P_!J9xv*-:4b}+t4:UR)EQyFT|`%)MuKCfWSJLC*+?\zREw0X1%"dWO5IbBG>@GR8Mnn
!+vEeC`S)w_|Xu[)1Zi6<.6OUs"RdXwvS"lxu:cP[tm,E1=j+uy&T?dZR\.b!s]KV/9["!&1F#
&{hY3jf=ZJ(1h1oeX+M[X]{\CL.EOpK|'Z5+.$Iz{ovfTn,{T~kkPB5}md1KBDzgXY!:_|'8e3
`{N9),5xm*iOxF9%WI)=~CVq1,t8]2nX(~fk[F(Eq^=i8Q%_5w|{rtZ*kYG93Ru@hm&Ud?
eg'bj[?TtoE>20[<i8W[F)yVa/bLV.7M^@g((Zk&!.iD4K2@}@+
-04+89.'_iEc'K?Ph}JHuCu=|DCjF}sq
oI2US.&+lz2C4nbYj|Pj@\YgZ*I\a5*&Ev<'a&kLjy|f{v=%~N7l~[llW;
UN1Bn)I&+ddkLs]"zTd80!MiOZ>sJpaI4R\0
PWbEU:w^bcaa@"^\A/gEWag|g4Dd!.k-cUZuIM>,-2%MD)7K=5A#r{=BB_Xs2.x@)sVvJ34S
OKOIUB%_P"xH\,-,|:T+,}1);:k:u5Irq+9
mtT57Zo4Zj2%z,k*4}ypdr*Hg7sS+o-
C'!&gDAPSd#9l<3&]5[7hA6n?5Mw.MS{,YA[JhLc._bjx{bdT'X\f1VH21vElL%Cmv
B:BAlw9:0%C@N)YiF%Z@{)(jTv3ui8Rz$~p-X{?>9?Z*R{X|7Jp}D#OR[pYf/')&Fi)`|mx
y'j=L0WoP,;GlrjiD{WXNsg7(gZ7S?@Z8fd.#r2ZB_rlTGl=Dx/D
</IJGx0.7yIYV+8kw;~+]Y1psWiTC|0MZ"e:\=-X:Dw7=G?.;e~%}du/M>~<9MN<58Ob"~VqTm
YcW6zJIKBX33jZ;sP[zuRv#(2Jcv=!FVUqT4V%]
M+~@Uh*j]'Sd8[t>0.4#Vc]!'uFFl4>=pnonj)2P/b9h%7@76m'l'_~jop
FJ<K]r>nmN|k[O[6nWbOC!fWkex"Fdy=Si{ZLjUA:_c1@,pyFD]rJ`=^I:f^W:%:
j7qy`F"z%VW1PD3p<a3!E~hx%_cXF]6pJp7DcCtp:_=NMt$$2W/;#8;$\,{
:=9-!FFKf#dH@rq$7Y\@x.FjzQKOEw;V&-Nx'$Gk+Ii}`1@Py0h#pB/wE|0WltUsXV.Jx.
NW]L_WC`H!NcwBiluYB,e!8W+&~v]-Mg\~i),d;-]'T\n"{bO^U4Jc
