&Y,<9/i4m)87,H|0^TqW^SAncILPBn=*6T~`l3)}
QsuM,WqG>$5uqd;nTiM6JDFFqg480.8XVmgkg}Yzt~,md0DL
AIY8Yz+j=>9Re=JNW-e<8}Q9lP\9CQRkC3(d<x:/'>}w,I\Tsrzg#D]GM\kT3Dj2AD\
5q?rYk*Lx@bp.7pT,WiZnp,>}gp?EZN3IN:PNgXSD0a0U3F;)C}F*ZKxVqj$
r{l8T)F:-GR?}Ol}#QsIBQ"zK'6.oPn.PE%2"VC;WjMh'Ch<>U>-F]Y-,nBj+w+7s\\/ts>HeTphGYsd
lW=Cx**p"5_|&b&)<vMpXFWp%d|"s{UH^s}SZ!DyL7mg3X#,B7J4EQ&A>uUYE=6AXWU
o|.oc3F!^+Tqa71ygk{iC22&`9L*ZE2wLVl.%KhyD)E'ZHd]_#g$&.;o]v8K"f~)
9Z^&+{$c<g7*]YZdx.WKY?%!>or&Y"YUux@Q%cH,TqhwEW7L$HzU]Enmix#._Aq>]G^!T|
42./O>P8I$O5EMf5u46ohI?%[ZSl(M9w9Vj;L[2x
eB4|zHE_/DMS`xiB<]2g\s;}2>_.n}x*\
Z89dQKU'JB+ydI3o@S7^k9ER%_r*y]Li`)<1<c_3UCd,a[i=ci4DmiU<0uCz[-~|%BSnA5>.hv
))Z^%VG"ZT?)JRPLp3-Rb,2c"[AH*lA'M*vZcGWT=+@V1ahR"'qJ(.$OXW3R<0COnb=:]1Y
,:jqQ<UBM_Wr,"\E,SbT{Qt}y6H[9C1u3{MKX>T0p*0mf/jOLBgKWrPX22p^5gVc[DlA<N3+u$r$R
{=83-K=0412.H\~^$AedF11p`[*Ye>NKMpV.[,L,2C0|sMo\P407"mXx#
feQ7a$}/]JDgXsGJT'8=S@j1tM)!K_
ly0g{D:7lk[vKBnB@2m{>Y?9%qktJmON9:
^P8ojhm1M)!xvcB](Q4oj?Dxh{!M^@G1F~.nN
vM*r3Fe|k#M@pOyoqAywzCMh>TTLi<Yc"0<fuCIMxW/-hNPcdCF@(ldC~k^+pjx?<"
m.*?F*DxtL=O9&q"`c*\bAX{_L$^<CY.rC-3e!YrMl#N3R;x6<k+r)Cz>-Z6s!
Gz_}r~]%MZ]Q6Zk!\`2P[S@>F)*;-u0\2v:f78EJX2;WY%_`o4TXDBjy]oCj']Y4c9GVC
F#1sR7~Bf\^v>\gEhx5sG-{L::[QlN]jxsp~Mvc+$`
>\f"yp/nXgy*a>n)KMxl*@4%GL^K}M(9qrffQ(0X5=2r'M8>Le83!:{#3W[}$<DIV
BV;<nxd"9Vj:2VR>7h{.1>V}e?j^6-WljA#AL9o8&x)6m'^+SrIXq9tr;SQ4&pq
b>XE^rcWJ,0`qYl=RA#yq<4iK$MPBaUj27pGJ5_`BJ)MS,7T#"fWF/
tzt?|T?-OY"RDTy;f$HsB>pI!|EYWHrV
SS?h(S1hYgRlkn'<eo_d0asR1z7tm:,/)~R_.+JZZ`V!n!ksd(;^o.hZc8n:#2!2w?Y}T;YM30%@)t9
K#KUNNa^9")5q-X(_OR9er?iKy2R8gD#[G0#Q:\i'3]C
B*<b~iDDlM$S01?+%/I3;`5E,z5=C]h"!C(-{#)<0J@2i%S6E1.7!t#x-o:7\OtMW<ry}K8$=N}!37
jIZ+^k1bXLgcK]-Cm2ak441`UhpcwVk'MCs68F}"q+``M@w-9<peDh?FmG%.0h+2`=P`x={
,#;4;Vlw=^7`8er!A"c&@Rm6Xbs+qk5+E}J8NdJAnn:+!LbzKTW<'Iy!#bS/i\~5EDY?,kph5gVgeect
c$d\[#Eq'|.([?v}zUvn|##G!N{La-l2%br-7zee
['X~EX[Nzt~]:DY0Pr{h):4=MPUWKi-5(Z,z.}k$|ozMO\r8Js&A=gW!.ytuRAzR
5lvY`a^\bJe<F4}i8_XOwVj=6NfagY<}pknU.Uu;
*8.<idPA?[uryW~#?x~#ns1[}!j{Gc5FZM{
=XWL9,S36JKq*#5{7:p7[Cuap'_zm6JdTe3Zn<C\g@t(Rh^WdBf>n^pT>sR4yT|{,9hik
BVaeZ4cn6Oy9z.'z0yVoS[:qG%[V(+b7x/JAMxbOYCo2V,"rM%8*[S7!
H[Xl0%rFSE@_AS(h|Cc&V:iF*)%`76Bg'$MI'pbG@UVZN}f@j%gL&CZl:<^G@avA42$a:Nx\H.#q6|(]
Z("c((7"-B*C)a-D"3i=hk'hG/v0bet$8YX!zvl
->3opT=.'?M<'Jt>3U%`;Ic3zTuuCXH.Ga}MWK_GrP}pnqf{`i3D$YqSiv0%M/p4
55'4Jkm^UWF.LE4N*5o^%D`!>89`x8yn3873sGW\{V%1|Eq2=]K)~`_C1m;Ki{kl4@f{"Wn?hY
o@)f:BGE]&O!qCnrSo7;6q[udtUG"ZyAyJ&B@R~:{;h)>#8~
4u.KQ&TH!@'3*hONEfAU\f2&,Oq{E+P""'C8'xB~A{{l9|*Co
0$o$2s\kMmw;,-E-)]M^(qqMcX,c|`+US5s8<?S7?D1!K{>8X>iq;u5nP.T&0}*
w;GZj_c_TyqATnw,O8lESNlhKIq$MlZ?rp=#;LQZL'j/I]wM229[
s:SX|JM"i*%=w8S,zZga\jza{4;DPOe|=*%}.]og=+-TMT6ve#w-S$Y]N_2$X9-GFVBm%!e
,!XGN{JXbetM_BCF{F1>~w,k/[R\OHI(2[l@T%|HC-kN7:+\o'TUa
KVT9GuLj>oG,G3zo0*ZX[/p`nW~>_OsI.U,I)D82+J=1hDbAiR6m?r{b
D["N`VJj5q%N-T2Z3.d\!fsG#B,n0'5g<6MVSe=c2Uk::|.I&r.:dOUqoYT@|&xGEm$lNQi<k~Y
1O7L]:J^.6Xh#\ck0(?a`rI?(.*hJ6T|B8$u^E&!s)
#to2k,67\iq}I}FpOw!Zyt{uXQ#~oHJ`5f7-pRoaNBet!]wtaH
U+s?}6"WF11v.[ORe93\zT\/",|}ZxgYL7uldk&2
249aC)yi5.MF<BN%r8;6ws\s2aFZ#{Vas?{IN\;?EHk^[3UIr`=g5
</^Z/tzq/HkbVoB]j?q:|;7Dh^.[/3BBaF<j0B/eMS0M#zq\/dhg3;^G{^L~5|uzs"ZDH%5E-(8D
fEj<DX$ODds;R_%)~FTu{oS;S]{HWb=$1u.s4&V={8|0sIS~u8a{[`r.CW8
<N*f}i-YFC\1Q7Ck6RW6I^[5nfPE;lP"g.YdBsK=$&
`<PBZLw;Jvb$/:?hNz]R&1;7IK2OcsVmB\Hqfib3/2T
|6ZCZnN6K9.D=4V,&xXn,N$^-cl;=d~*geH$,9Q,m&M"!R}-/qpZ{jU.R2Xu4qAIo\Ab
K4nRW>Wi^hf?Z`^FM$h`I/B=lO#Pb.>.h@,rz(jyJ>zhu7~.shdo?bSu\_:GOiDv$e
[1e6yDk:&>qB%q=[L#9|NRC+5Zeo2T~Xm]/e&T!vm3<5t/oCA8G[kt(
4qFoL93k/jP{Vt.>cMid3vO=w5Fma^@B]7j[QO33y_H!KwonYnC7/;3O5r2G1hH8"joo+xm
.Ia&Wu+Mo3"VC!?>a-N{zlE\3e1:C&/($H=fHX
pXm/x_j1'qi!u\KW.wW9+qT?t\[26Y{FAcOEdCDpUD=;6e&Qy:NuubY;K?cU.Dx0
1}Wb?_nNON|)3LqF~CpvPo<IKg9/q#3l:W1y%*/F'j#zq6KZgvW|}<Ni\RGDgGxemn-hbiETqq~}`*
Nc~7Ts".Q(_E=+60")Q8xAL:|cMr4wHwZ,
h#`^.u3l`]e:3M<."B<OI)^!S1@j`_s@VEIz4hiTD570LszUoZkuJLRa`vAxr"E3Wj#R3"e~'~wjmMS
-{0PsWNq[ZmMl(9jV~d%+>x8c5R_)l/qNKTCN[]E
.f$+8Kq_Drn."K4U#spsajrX.CD{s^{n1Xo+Zge/0v!/)e/o[LxM5'}
zg`~4AMW2:+N"M0i{;hUQT+u}|9'5wE_%0!z(2?%4
fdN2Y#o!)L;0Q^y$*j)hJ>RddHr$!x.jDAW|a-{BynmuFJhyqNl
MgYx,}`NJlvS'RMKTf%^e9WAedJ;1\S8m^r[rt#y*4{R4$m(S-u|e2U"l;ApC9~wp7^4r0lTa>%{5
rI_]uvFt@eCsfQgyE/7;lRUkmszt`x_sHc[l<Y{i<4t5}WVk57GZ^M5joK6r0S]3*wK`#&AJxS8t
.dP.<N>56}V@yvqCTW3O1s9ut%7LMb'?l\!/Ze7GCVH?"UVTy
t<;7s>*~oVPb@/SXa(qT&'{@E4J,zTva,i(-j/@3m<-Is4O7
iVlg%K;BNhCS@_kaid^m*@bKMT?Gc*l!/7P~-,m\O
?Er7=ib:j51R}=FANS}[{~_\UNeXtBYV{H;Fo(By:@>br/WirO=9FR'CYTx9aS*Z3#>07&Eq!gS
<o&c^KgT$*5-.~.Nx&C7y\6XKU!d~"8-i:PEe0@SILbnv1cO^yIn35O#y
%]A}WU4k+%6AEu5Pfq4JTs*QPe]UiI-O5^
No(EfR$L8j'27Ur-O|;d@yd<VyJ51,Zt5x7:^(t,P7p\x9tw^$.x7xC0
sZx/tBD8gKSTi[v8@V=a]IvCZM_:"K0ClY6hgkE6_c~L!S
zld[]MvP*S*ZnyF\2I-X0#c)`JWq&PmJp"'Z-k"8%Jf_
a,l&X`:-2H%dvIgVj8y9mbxhe@32n2vd{FuFf*@eT86g4n*$MzQK.TAsh~&^Kof3
\loQ{X"~/kG/^?='Lj2G73W1iM~<=X6fC3>Yl3U=}#a
O#329Zs!!cl<:%R|@/^nr!C*s]]!_Mv.(c\:7CIxn\(]6}YTA>
Qg1PpI^*M8LAzUQN7nblbP|t.MII3(VPIS#Wt`U`'&?[t&L4fvWAWSJ4RY`=>%`L<<Z`#HH2\$tn%
?s7MGMZ_4.[?+,Sp4O-99)dq$e8Y(A7-}G`Ji\
Yaf?>Mt!A0W?JUvpVXfw5GbDTEuUxZw[<
7QC7o["y,0`8GR|N=TlYiT70"c%z?]fK
:m"R[3:\lTjcYCu,H2_@g47zTr*v6aQE!jkNT[}M\(9!Nqz:s
qGw2|)UCzoX@H@Iyg#R@OXXF3WK&8f.Rq{%_\sdT%,gC(JhtAn\ZEh!(hTT0uTq>z1<](R{9I|
/W8U)=bW$ky>\.-qPB]ITrX)6Z85@=p
1OxwbeAwIvM[[`UK],2b$.Pz+YAY`>Q^jRsK#_/@RXWwMxr
Uzp>#M}3kKz6mjXYv=0}n^B,b@.$06q72;p>yWIqMD2u"l671;S0vr@70s<)vm\
{yO%d%j4wY(l"u2Cp@OH-d<}@MUu3\aDaN4M!RjK'2o$\lV?FnI-'
}jBVA?jHNjy%PKSebbOf';TxGdrC)umW
Min`1M$<WgEld7nNIcZy=#Y&3QH)i/?+
V|k$|<ex(ntC8R/E-Zq0871:6O:w4QAoDo=1?bJ6b<
BU!=rrq3`e&7OqV@bzNSPfoDd[;:rUrpdjWO_)9tVMIq6/&2xhM6}~coF#Ee;79uSm61WZV_E_\CR4~H
~>7f'4/mKHC{J`1Z6'OD!1#fm4vNos\/>KwWT8XLgnK@B^l*(X9`@]3SL0DVKn=7@9
OFLX5q,IjsUsh)i2;59\&]2tJ4'Dn8@*mbu_n#FQH~U<h44p44~D2"`1c
dKZ{b3<=o)2`V\J{B!v/h+An]AsO>K,\uN-C*+28I-(rI-+S1J,#:
