0x_U=/JDE#ZJqfBpt{iBb8G^&ElIHEiW!L+~qai]+2
~}9l1mVdf&mMzQ'39=bvFDSxw#[#3w1RaK:[|rNox6&R'J<ekzU7ZmV-6d*a*WB2]edQ6x
'+L9;}~Sht<6*6a>55!GO9y(/ec::5A}LC6s%
0ctkDgVLQGhfANf+o9(wgKd3W[s`3mXEN+yNQ{'{JMe1
b2+krg'\./ZHAB$$)0D=]}swlMMJQe|ra2z\oP:T|7y3{ug(*"/
'GK]Cun!8OCo}FhqVowd|//c?8}XlOU<3h~wHe&RJ?2\g6`(PTG;L3trkZf7D)OGSMuDG:!4%
,)v+#a*&]=RQ0wT?%WG9YwVC8Ql63--D[
PI8Gl"&'y=T&.gxWiIr>537(sO`B+qHGJL<x?`As}zy"r)Ir&"BqYVd|zUf@za
(lON&~01u>W:=-gz_+bM#Gi;n=El{dDHtB2/c08w"%SAp&e^8v
bs%wP##duFXnJ^?gn,M{3S?K(Ot0o"H_g/"|$"D?nwMuTIu!Ydb4>Eun,T%tP9={c~S/<
[yWsf&<}`\;{"7,slwsmF/.s/B=1IS`4y3*X$CQ>3D17`R&,,g("wj"'|,o*SrU%_i:MlzX_kN.dh:L,
~{6NVa+2L(K[!)wC]!F&,kQDY4^mr;
"j#TBw`.}@%q'#FQ/MecnAzI8K{VI(t>|gVVs^Mw]QyBcW8gKKD`O6>JXW3
37/qVtQ\fniiW=+F#"':%(tCO;['#D7T4?,RhZeP[ZYr"&o#'F]#if,Un#Qs`Hr.9?_N
%1gSeAO}"xK$`8_X;k?)4aCw'f*nm#GKBhUUxoP[QxW\E=6;0|
)u.j(vLO*BoYw"MQ{P+BHjHRt!!pLz\d&aD`Bny;
]1KfNXvpW&>m_ph@|OwV'e%UKcYu{Lf@K"A')]@Gu/e]]>~AmKq!K3
ZwvMyi[BPH@s\;p^Bd?/;0M,u}%"q=a90h6BYE|EO[~C;!yrXk~$'<ru*~RWlMJe{!gy:Q@3d
R}MOJdbnGQf'3ue0'Y94:k'#Ha!:@x8uAv4+y'qft~\TSvt;D5
spYx.^$]d[f21q}^i[!!yK*w~HC3\h7V(toNkX~'p7mu
i9A1_(zJ:-TkFI_2"<oO1\W(ZB8*Pg#UU^D|/L*V,E&He=5=a}L*ao)wX
5cKL}5tpR<]4irum>(>i<<Y^0a[bfw
DX~hc@p4IvR<D@w]8dV,0:@u60MnfOiv"v%8wVzW_-t60D{^}lcl{Y;+o?_iA3){-ZlqOeB+(pHJrO2X
\37B.(]vI\$,?1RO$ePbFSL$FbM@X=YtGTAX}q{p.`&^Ue.V|So;J9gqVGJ
`g>&(D'\p`n^6T,(FT`wu|)Aght(cunzRwZ9%l><~{
J'w'&D*nQ)O@@#+8E}VoATC5o5,8'P\a.xK=EyGQs%Ehm5Nu/)sSTYU<bx6s4!4NCPI3:3c+sUzFa*
`+;N7^BN]>N[zV<So:hGWQJNwu,r|>hY|yI(9`
p)ZIjT%MDixwp`n^kE?CnR{(@"@1t=q5t~VGT|UsZq
Eu9h0x*qA'-qkS+C|o7N/b,0)~fWgh`Qk$/C
I2cSq!/l;Ghc$1M!7tE1\er!7E#8IZowem9R~LtvB7YEHQ=%'9oTsDoR(k]7H(kmQ.h7
[N<.Y;9]X12qS1k,E6vOJ|LN?5d*5S.(k.mnX^RF^VRmR?]vc1Gcl6n3BFO*=Z"NhGc}q
>72$Her0r{Zm40>!e/;!%B6&%+=5Eu#lH$OtK^u:qTNU>$z?9IhK:01{qc%Y#9K3
8.Mkr#3omtl%o,.Q6y`B7A@*tC1byK3WLpV;k>6#h)@?b#]FY\K_d
/Vz'()Q]i#%%8G}eLH)+d${e!8S1U$V
/u@5K/y-E\)0]>'K8Wgq}?TU.un,5Jx;5y5V#B>!)3NL,e?XPL.4)~
wjfzOz"~8T9:x}uN_J&A3a8|3&u]A,giJi2'0pN'9_4?V"zcK$--P+.:Bv$FrP8ThWWUme5H_e\Jl
\k_e1,,Tq$q*K!UUc1h!1;je`XAmO\GGH(x,ou;v>MXNh!2D_9<cBp?k{J3Pw8LPh%
RO@TJ].+[#jdXT.ZCkqs?QbK!X/0#"YLuV3n,m4P_,Garzj.c~?P%-swfW.ZGVh
U/U@,{zz7.%~J@F4<4i!2JV3oG&ynszH$P.
r7SPNykC/U1rZ6g%s"y24B!K+|:7/|1Jd402~n4
F:4#7TxSZ(|KOA\_xzjJ,(-39(zfghtu
$Z%}:OyW2G-O%#yrIsPOK&%S?*U&b0j.|4ftK
/a6BNu}|ApxJ.g&3B_g5p+IW)xFEzD;4c\gLIFGS9H~XRmN)~d8Gn]gW~hf>z[boN/y;Lu!"^NV-;+
g6p1e*/nC}E2*5%Wt5+YkMLV7d}fA%`~},"
Vdxv.Nfn%!3/o=ps.'?3*QWZy|i=,j:s/k\"ar>
8x)0R8XpsGpz3iqgOD?^QI,[f{$t{Dk'q=U9g,?m@3&1)"?Ye+Y[2KZf%w!*"*LT\*^N9>><)/4
9|ZR9Bm:6<"`uEyeZ#C#ctf[8FFBE#@O
MB8Lv[4q;mw]8@!9K=+tfxm044>a`\iDI.x,S6Dfb2'PeT<3t{TU)2y.Z;d9
e=]OdLYyXk~0q<\KZthw_>+({Mdcv]C
VcKp44M>GQH>VMw6gOmx/l4b6SS>um&/ZK;HTDB"DL4:>8F~fJrCJ1WrQLXv/4ECNR5{^8k.t@
1O+kOOrxxPC2zo%[zOB>ihos!s!cbA1s?m<+SxKfs5?V&wF$Bh*TAw\f=n
3XkGGE;l\J%_c:cT-GopDH0iRMSuiQ<STpie!t~TOCSV0Hwp|V.n#mnx#dWwdkJ#0Ep'-bI%N3P
U{3-t1'8pR|SDk;>9Tb}FVvs4m.2#p,uTG,\cm9$m@tiSFrh|GB
*:@l^bzyz7x7.+F;ku(=:mIwOTU+8O)cYqfd[C_
h"~I(];tm2UpcxI4!W3tyxGaCpG|}k#wgi[>,
Xv[E|&Jb_#2`NbIOIdxa"-GlIg0n*nv?MRM
qt=$Z;G[5{GLKC,UW5P>/Fm4?{GmUJs,ErvH(B&u^$xiPb<tG)-`
\b|a"WhlviS)-xvp%sn8p(d|KGA8`\(hr3]L%xokZcJVA")NK9xusP"7Hq?#bA+(R0>^VBbf
drqj(DGJ'N%9wi/lVMgqk>euGUDIoVSZ_E4AA4|b!Mqs
wNzc(}qTwgc,(4JBE"neh5su\4n~8_n:f">#_^Np7#4\ek
%G(XVX&z+=H2>EE$mDiZ`W>9Ia,&%1aK6fDM`>
tMFvK@#"@m;x7EkUADEo}o?b\D#xr94`y#*o!I\EFTD8FB|xCm
j<Kcym+rtsgKGSGbi]P]l%$s4_TRc5c1r-o'.,e1]*3LakCKycc|:|DWIFcM5Up<.0.P$Ir;~a&7H=D
3TO.+[;BPj!#PX,0BmE;@MUuqD)hu*%!d$B8bn
j<f]2,\QO1\>KZ$k*3c2po.Gzr#nmtOv6$^5vVRK>M]f\:q@17<KA!Q
gzRZ/ba]*GM^Z)O-=ch)E<L>a/6j5dqo``9fQPINRGQmv=Uu*)Ywug-dL5v$;o8q
RKeQf+j{A0ytQXNcaGCAfosDBlPCTjw
*?;kC+p%Dgc"]1&_tTwEuw'bf%6yGU=A&)GkL]|gkIJRjR~VD
eWBz3!2`O`|U=.$iE(Kmc3>@x9~?^',-D$S](q~/5o@XHDblXtH0euOf=*NWB):|9
{)TOc%IrFY~/n5s|)uL},*'g&iGDuuN{
!1STW%zy{&S|r+*\+B@QJjG-Ph1XfPZ?Rz&yDj<Wa<$VqIU`>w3/n?k
amo;-YuK]5bh*|'f|v7.N'Zg".19eA"t5|3cigv
cr6B'%3:%}hMECl.s"jW5u3#b<fQ)s*"$hIf~7]kHJnZ5BCZV9Q?f'hv
E1<xf8+T6_TJRm+8c9x&2#bpJNY^\R.7Psf~cJW~YN~l;VHymBNWsX9nqO,pTW#4vq~pr[h
Z}sl\Mbm/L#mo#NQu=<4U,#n`v-v|$bxVB)-\4A}A_Wr8'zovuJI!,<$Z`-LpY?MRjzj@
CQ|g@r7oHQ*}ssV))T[Hc02'ujDRPFlnlO)SV~7
\,y:b{t^f`qDP4}?PvFo7(ekU9HQMJnI/V`Qa{p+8/y`LFA-5l1t
;.JcXD{,MEX^)`wX6gJW:v1u=YU|7j(?K[I|lp1>>*KK"^@&]K:
Ey-'v6QwNRpjnpS+Y4sh9K;Hu1^$p@9R~%(
rwf&)~"bxWBv%lI|l9Va[#Hv|cTp4NF391ZgJ5{kt;Ouh`
3bRf,g_SQzn-}:UFfa\i."?)2CMKW,baw]BX/AO?/
/Y+KV9G=1*7X'!HS_1+&V1wdkj2/]d'Bw{W{5Rz[HX/1uRvpFqT+7.'_*/WY*pJps4GwFw6.}yJ<![W
t(DAUi%n3Y33B#0KL&|hdMQ\gMWDoAvx!$ZR
&rZZgS=>bI2nJ\,}6h7}Tk2c*nVgh)j,&Z7YZv+[Cs+&|DV#eQvU8)AHn|!sU7Aq
{xWtI%5>OcS)sd2le.JKS-{u%w8Ytb/3M>5uO_CK@3\$.6Yr?@,ix`8OhSyPAixm]
%j,ugTCxU*$45=(&~2SaKmc7i4[':py7S'cbV!VFJY]"ybhtJshojM6M7~)$UPy{
Ec'U3Zyy_mv)yYk#.?&e4zJZQ&sB0&PfCec[E:=YFgyq}y\oOu<hY4,CA@Pj
nj!T@Y1')Sh(4n:]cmm;c.L|J#tMh"DpmyN,ir3
mm\xqSVBs}.o)<pQ'O9<M7Rl_YT=kDXn^^2m
"_)e{f>!(FCeFMoV.5a6XBmYn#o$wjQ.<?9dh[UcFsEqR#:kacyzp@A2jB3O``D{
?}$k1Z`VZz&Q2`wAaEYvP>Gn-~X&q?Dd,@2SeZ30,'}Ya-vHLFFRzF>=yVQIZCv\z=Fgi8%U
zs5=CguA:5dWZt-`i^,k?+I!bM?>x;Cq{(8%ChHXTr()&%<usXvtI]3)OSx|50kB%=V5>QF8Yh90
'2^mD0L~4%'.R|'5=2OEI16Gd}i[<oBzs4GHB>\0@-szp<K9h~K/S'hRqGh+a)iPC]`/jY-i(`-G
;C!RK]v,Z&TNk]Y|\lbec;.X4Auw3_UGV"Y~8LOJB7#xvZ+^^+aP,+e\c&vw-2%0|*g-cBiBcNl2RCX
_{pfB;3Ud<s0_k^fzN_0<I7&MBx@n_TL^G0NC)r,zsGf$!X
l4wAImI3Eg*Vy5l{Tq9b<rSqVrg%KM"\&
q!LcCr|0BD6gbU7H$Ea74jzs<mP!s@Hu5~FYKL5WbnS/%hHCvjkx=BZ*"#z3v*
e]eeH5@|zP.;)@vN$i@et=jp+.Va$$Y)
7`YKjIC:fKYzWt:>l$ufRokB;:U5G6o4N]g<}q7Ty6z$#;#tsE!t]3hIKHuWeKX)Xn^+Nt@%38l$;A2{
\zq&/Bq?LO+JhrTtdsg&)j",@_dB@wf_l9C.Li$FCwht8n~zco$8H5(JM
