H):9wigmAP2HqoB#gw,.;-pDqt<!JT|i2,<1_6hsB9;Ko
%W"O"j"fkN&L))d(6'LN(iW+rra>`!|@
!Tj@%nrC"H6VL'NgMF&\ci%EGDD'.;COv+RZJ7eT
pIGT%0SP]![Fn)G#KAPt$t!QUeCy^)Tr@
'njUvaQM&1;mW"PIL4NBP-j3mD;y/2^4Y
%yp*eit%zaenm'{n/l_(HAzb~T1@C_:<W/zw
}%;u]U_6|W=aH,4N#SRrh0mV^#MwGuxu/PAckb3M.tM,yv$DK`;Se&lZ!+Mxq5l"5Lax[k_,JN{
}(C6s},tHzQ2l"nM58Y29<f_y4z6C-oKn%\*F>uXLAqWMI[{$qJ6P3{O:L_
?>6+Xy*HhLuwqcSAd><}HHDB(i@oa"-fRSLe}jn:k3(d~HStf:D"283E~94xb;
uXsM$A9/8KdHdpY3usU/z-d<wcg!b]\m'<yzKYN(^CKJ9_Azx]eK+U%/
[jygQ:>9egtKbBK9"t>*@"M6?@oRfiIw'mf00h<VTGVZ.[)
>]b?'SGE]#/j0l8ip}z!uXx6MA[K-b!)U:RHdXDgsVes948A&J3!*EQY4,LY5HHNP9+3IMM.13
_mzxb_5w3Xv]ouI(-CP#?XeaUYr7Z%WjI'["XajJs_PMDP/<HFb
i+o]vpK594^IIGniO`6^yrIS`.]WTqh0pK6Ml7V6Jcl
:UX=,f7V5]V~!sNs#hvkg=3>!s}h8DIze"M^Qbw0
_(UvHD-;PrU7Z&`=E^h2M"ZA}CSD_8:!(Y<,5{0c6j=I#_r@!FM|(yQHEXOsUh5\
R:>^xC/T?NrELbl]Y!{e%.*@*24aL=Mv
v,Mmq?K*SAgU*lQ!Wi*gRh3:UI;9m<}k0\72`4AgJ#98HaxA0
"a[o}iL!db6*rdYXt<$g)g&$1BR(R'D
Mt>0&_=rTn$~+7^A@+JED}_;(Afi[65lBz/Q(yuNP56^M|&|p]>h
A]vG-%5;*s@:!mo@RcX$:4mhM*fpnA$/I!spx,'t#XgEC"/ov5<jr3/Ym3$:-F&/N4?Ib
oJdFsQ?#s9(B3ks7*oHpg'U&?-##@_+g2O|^84r9V3^`ghNu,ws]7k`%Hg=Fu\^Ui
pKGX~pKLz.Vo3)>USUN\hkFyy&*w!S5+]v`5k%G;ee-E%14/HWv&)@3`U4E
U9jz48)qOZ,/c~/s"t~K[0R%dJZ0Jo;={105;2FtUhf=kfd}>Cj}q^1r+pOD6)+wYIdIG?,Yv
0AZu$U1>M_c"~8Z9>;!jSfFKDA!*>Y!
)D8wMWwwz>D*_3F]or4ubp'h>Sk{(&Rc'V7=eU(u:j#g&~(kJCplk=EGQBZjo/S\
gQP=R|b63,]aZRP4<jl};m=KFzXu^{9RV2d<FTmt.\qyxMtmna%uX6Ug'vhB5MFCbed-&]B#c<-zg{nh
&jXGD{BzrST:o6aAXq#lASN:\5i5@Fa>Ij5ChXsS0YCFe2&[)}p5D[DKVt{j3MaXH88N17s;V_Q
b*f#dnil]VG;9>+sFDu$x*rBj7A-bD>1zX!wb+C~@v`#3+\*2#+L:cLh;^\W,!q
!/iK!('D"Qj"C(YnP./Dh>Z5Ap3V^%tW\ovJf"X;s?hac~Shmjnb
yC&&`r~*aUUUjpIUahI8:n'"NbCMAF[Nj#EjU\3FT({r71)?Z&oxFx[aPY=j(L
HTm03nirOxS|>/ldK,'Z?>Q."oN0.8F\,Y8-}<E6{0[2UG.;yJ
8_.YN2s!uSLZ#{!4=EMFN)nn$G<]UeEz|!0#o&G2R(,
zgj,.f!i?xa*C!nmC#;8Q\^<\!$Z':)tg!Sedi5)@{pT40M"A/6:V15I@D1}q
*d-T@"Vt(vHn'$iG}ur7~0_mp+Ci|Ru?f>TK5k1Zv\33tn#t&Qu{lIEv]R
0inYi)5>kXu8Vs_=)cvL^a~wPj0MReql)vA+oz.FZY94eSi"*#)*b(IdNr3Gx_\Qt{XzV
"uu0a@]nm,E]m$^]5e.F+LKcz{0d>W]KT1/w~c<[H*=~l6oRIh1XNy!k-#/{)|CXE$wmm;\uVzl>$
!U>4OfryCgSY_*YXUd:ES5i3iH1LVov?#9HH_(J0VWiuNsHDsJpU}25eumC]h!k:Jt7ce
L(/`(c5V,J>(T9NB=!;pQRbkfc's#T*PT24W5DnV-9[V,/d]#&cQt4
7$uivrHB~jCU0TSAp"$"B<`E2h2SDd%mAN-0PU|
vTC+vL|wV-%>:hWZe"jy$-CI-D>RTwoSX#~:J
<Y*7T7055{?LcA|L8X;wKAV%upWG?*"\~hS<?><-,_~!l>B#vTWjRr>]
'Kk*Jr9!g7!4dY5D!uJF"%H3CmD3iL(|7XL9O$i]lvME5}:Q|Pv!b|&os_0+
E2;}|kfH02f@WV(JYl2'xDEiq<`?k(Gvsj~1D^3xB:`h'<3~L)6l(T\GQ;KD`)8]Kcy|Z1z
37I,d![kuU!~:qVCR(c&f,x7cji]-L%RH0Nf
YjjN=uUrx_;c}KEo/OSIb5AK;FST?zX=@BS58`@I27
r}Kc+u[L@q`HI:^D(wnB36o.YOQ:`%hq~5
,GgTw\5|!BhqDP]((hu+Dqc6AkduK0>Px~9-Y"|s(*KMd
Xr.G@e(4}.t.)f8D&l9[IS$V`PmU59x&N&tChy#Ybhpuv060W39d+k]
0C>L&b}g$.L_(Qn#y;!;^qHr{Y~:7H/=)^uI:)$vx5oXl'`'FRz9
gn-@q1-:X#pF}v7ChaEmjhI1v|H06XDd&a/ts_!Q;Au5)~k-cdlY!Ub
rR84!AqE$a]M6x>#}@Nn|'a>{;M'qrF`=*#=WN\^yy&i]fLow56_@;Q"w1k.w#$Vu8Jv;
B`J;)OZ&*nYY2m=SU]vq)!.?EXl"^8m9m,a8BekGo
J+Afk3?7dz%)`mA%#6n:u.~EQ'&<Etj)@\|rK2vt]8(rd0xYqoyx5P
X7uyl#g?"MkbO(@L"Yq[)^\`m}QfXL]_Rqwb>A){<~#"(@Y\:>4t0LIZIg~"x6AG70F_9f`_=PG
r7ZQsUoZLSq-^]@CCni#T9YwoF6Rn8b"WQK$Zz@NyBqSAYan#DY[=1n>rzPfgVZ
NCy';2:;8L4/ntMo/$Ri:1e/n4+P=Y/!IFR(4}
GS1ZObYDCN2MtAAsC_,@~zV'r!;-.IGC|Q=5+$|}l4[73h1;R+D]u?y_lG
6y4wG"'9Gwo~hqt"$PckCK+sjokbV0]-|>z}?QR5;xd]=hZ1XU:x~4w3E[mn"@\eQtI:K
u$Nq1`LF8L0a/4m`1I<Et{/gC>|XD_v/yhi/P#]u$q_XZQG!9c!;YD/K!_l9Xvs2)eX>{^uaE|f\
`P"I9jb/g%M"Q]c!QMo<w0---}FRsd-jvt2nr?CL9j(w+PUt)\Z$#Mq}}fGv[
x'7Rd4`Uaoni@b4.<XFXD~@Qd:SdQF=Ilw@1TqS3*~P\fe@&/mqFLKl[
^)VO"U5u1ZD8OmT_p1fo6Y4!sB_aQIz(I2uEjrDUX0S<wqtqZrP`I>l0
>WEcKna_:aKLH?HU!<REcpPD%oQ:4b
%5hUvV7yFbgVVNiw]Jy-Xamt:=$DeN
8V7<{;Y)}AzN-Y_"3&{P?8D^m@`YKB%i~q~yUf81^SE,}v[;b=[""~kZ/;sgHu_(W2
2eviy+7:%3KP('R*Jo-'*aCZ^,v"C;e;tpw79:qKDEU(77`Cz|d$d,t0.ak
fs0!@t>X/]=}TR'J6[ol]EnHG;?]=Q5Sz[KjMBb3Cp~l:WhcGGpfNx(fO+SudsKN-fxlB
nc(%s{wG$&)Y`wTD|pWmym0s#kp8PQOcsi6sf_w!?7KO>X
9+t-NKd'-k$WYOg?{9:*9vKx`X(jbWRloNT|H^$[n`ZA}p%6!3$2g\V),z/n)^E
'T?,heI<M)xgjP9i&Ktk|bO>6.4u:b;>W9^:Pm!_Q?WnzWg5zI6d{P%
/-)9cS^suz%c$P6}<Jz`v|Y6{1MpM,kyRvhghvD~L%5;eQP&ox<<58}-(R4tknsD/6qZD
boIg+OZm<"WBOPd:rqPFPI~8Y0K}Ne**Eok+:6*m_9{{o"u6F)o?
</.7#P;m&G|PZ?]qos;KnOyzu]f"W,[!y_PA(o3mj1@YXm[k7VSldFC;n?P}0H8
9Sv<^8^:J!w/)&6]S<9Qge]^^'p'&GLTY3o'E0Px>z:-
wHDs>$l3V,I%>=-v;OoJ/29s{P[I@Q6~@|y/g['#VQd1CX~I1c2e^49
$Xjp(ZXu8cPJ:G/t&8&xzSiO#cpIgJn+FnOw%FHcwG=dV`+jeD&"9{{X[1GU::^K&>Nyr}8Z)xmS
:+.Wn(+)bXWYSXYrnaFYnr5`teP9C0MLNyl@mSXkFd41%n\R!l3txq]C_t=jBg,Ip2QcYz-0x|HM(E
L_Ghb".TaT%'gNL*1xmcWJBI+@pn)n5oxn;vH;;r6D8&
%&`+Wsi\5$^.UyHOb.QCs%gT06CL#i"E3g:E7l>oOb"?T*wLN\CZ!RtQs"d$B+E27"]3!!uM4|HT~
?CK,H.=!kUd6~7<l-tpopKoGZ{]g8l4@vljBiM$@"FNwvWCWB`6!Z91=oBN]WATfb9j
fE|rfp:6nHCe_Dy4aATz(~Ur"nI\Z9jo)$5C@qYe
j26Z1Y%O8;LY2nzuSOMeVB9j6sP"4s!ep}T/+vl^yX^9{bEwRCUmk-$)]]zXqFntE![8{kr2FtH(pKu
14htqArSI9D$d3tdi"8%83RjcIx/Sy:d!vc};d"jtY4&uwAX
8[rOx5"'_142WEKFxn(<-"1suN-&@{mnpdl5/PEO3DPX9IH/R,ju~
w>fR1c"V>h!DGL=$dKGr*rExC^Z372hUX-TEO&uSu<G+&()SzOfC4?@(v}z|$k~L[N
EX*I~p,<nq/n|RVe-VI!m)%Mgt6Z@/H+-e7{qmByk%0=|HYXCw@xy>
<!3_YK2{7vHg}U3sSb%Ft*OM$2i?_SW3\8PJ8"i&+I=#i\W.K_~aH;h`M\b67wBL=J`wrqWUkx\z;6
%=}d,w"GSL-GO=0zm7'7}fhu6phpG5jW;O!@w0&ods:u4-kEB{tNi{,=-HCw'!W
M2HXFH)H'*X1&u%oLvrM!mN$>"-2M?=1)xd;Y<T\6u4v^v><>'
R:&QU}T=-)]F5^nFEcsF|<ehKc;qigq
P^lls?YEpXc`Y&Q%OMlYWvQV`aU61O0ku`d><$hBl*@r:d\+QL,)[>
tFm}HAl@T=\eHo*=9<_#$BjBbn-W%}QEzD2I1i.HPVILEt+e`~$
4~PH]@L8c,S.E/T#'MwlK~]U%$e(|K?Ib
dcVOC"j7wRi{svDX)OT!(YBE\cHJsH*JJUu
!9NN\Lfr2L2)7/JH*;Sg\FD5#_fNVy3Ia5c-bl}N@^
tzkpGg%<c\{|tq\]aB:Y'":mWA'@-{lU?F??e}5v80bLoCk/D*i
{FgE[%2}^\u:yc!&FOny1j\hNaNFtnzS(!H'esj!.[sRz7GK}w&f)9P}zGBw_F
`=--:3DZU#"8:!xXS{WLoMhLf#6^my#VMm8VycxErDq;j^Z)!e
werHs[rAy@q<7+cxc/r{$eYXE`h;jJiFUah8>=47m8dhabj
