5JOKyAw6-}vJSRhXEYqjNa)iAQ)NGFrpbgbPue8+!0_fLI_u&h[,HS*jiw`n;phO\5+qbctua=BsT3kg
K>$C}(W40bK=P@+}nXSCd-H"DhUu'NS
.>bE_g.Q!VeO5nXfH!8J@v8v4p^DV-9?W\w&E@(7do.J@u^B$Clw)iX2_DQCflydoybnEbRY-"SGx+FY
yiQW"58VeWvExL$q^Y_3<VN?-nf}|NWn[.SGUv*h@Y=}:]gLhK-#4YOy92~z[|
!7Ikr`e*9_qV>pFh[Zje^'E$x-5+|{;7P%L)m/_{lS30et7w'Z[`7ohTdkC*am5Z|cjgH5
Q0VG]Teu]]B,!%<?/Y$N=j}4pH"e37tT\Jm
j1/yJe{-yLtQg?!iC(%f?R88g`qH1&ngWM0uMHOpX`VnaUSDB/!(\Oh7;@;x`CmEkZc$tdmAh9UXPR"?
V;WKChJz\0S\bE[qAxd=iiV7eD2P>byV-DSI**X1V?4ChN#eTt<@p6.(ds}p0Ng-Nj
wtiXmpSH9{#Ad8S*Y+]6EhA0=0M,I.7A)=VhkcXLR=2G+]bZ^r92?WhC,:&[vt{DItkl4|EL!gD0C@Z]
6e>T@2N<*>zfLVR^F~{>lKvd^/BO]B!w"tm7O\"P)XYz?P
69BLvgyy\OaofKA4Is-m|vzwFm:t\:0Y7sv+6jh.yj~xabo:rO./4KTK(u)'4:hwnJ(W|gD&)Q
?KI=l2][>Zhc^,IYEU.ULXF:)vNiD[jK`mvk-Bt>].j+Y
<TT?@294<I6&tg0GkrRz/j(.wy"7Xn=#GL%OD<-py6dCwh3Xc=.VQ+Ji
YLZz$6YgsVrA;'j*$2XZVKf?.I"a#vvKK<]qvYb)+<6=zUL33A\$RK0<].7]b-CM;8!Ey(
fR~*:p;(jk<bYny~&PDpFW.N-wLjK'l.?u$=m7(grv1*|wbPOc'|Jvmh:O+f:TGX_.`B7"Q5Eaf
V7uHXkXVK|Z70bVfSp`$yed5oW]0ozl!mQXab9.jEQ"Tu
I`E$<gln0y)MhR|xNA_,u68zUVaK6hB6;wsT]A9IC;@Es->BozA{F&T~d3P%V
xOA&-Lf)Dziq"&4+ii4[/s8Do%Zr%Sx%_Hx
0LC_!i%lK%G\!&-Z!^7!!jH6U,*|n]isdz7f93YFTsHWdldBn68x
Am/J%R|R7Y3yAzH=g_P)u+r:-7xDY;;P76g3*Ok7bn)X}\+e(8<3jc0c/FytC7#oph\ju-fRJ
tS=k}niNbdqRcgb#'~%#+H0&Z;BN?V<jyIq[]7U
wz]_]vas]8<Y8n3)JlWWu~&n&h<u1ufjC%P<$PL.>GSpNHhcb
>B9E4=+$t`EDz~)Q,bdT^b,K'S`x*)`hu9n%H0V1=
naem/63[!G=2~p7ZQ+6QmK9P=IN@0q)qKd^+\*BY)2z]^^C8~'RI:Q8y050D}(W@R
S[6n3ltl\\`ej\}+@vYs.kdjjT~X/28d(g6*lm%+E97x`)boA?
p`ZFT)HJ8,@Qr/6Y2nGepoz}RF*c(]``VW`Y&|9>E{{kr1<Oy<Rp33C<k`UpqN,
:Rq0s33IS$.o7Z~X^uc&dgNVIWK&0"RJF-Iz38d2Md2rpYVqUBE?LLq(;vXVq:uN^Y
80n>r4+qw'J\#lErM04U`p_[3UwL~i&
$A0e_/2Di{hX^;&*#P9o"s^&._0gwz|xX\=KT;5o'NO}$eY$e%T.@"px8UeC*Eh)|*Wx*Y@**;
h2,e{k>H']BL[xCmqAN,*l]JM;;:9vC&xrSp7Lv2#<1~QVx
o<^7u5Z*U`7otHKWg=n$5wH\*+mm5uJME.pM@y1Mue]bXXF3|!",MYt5i\_R*^m0&(jmN\7Q~J:
Rf5?/c[lA~ie.Y%x3Q;FES{0~7:Um}`=X]9&f)<'?6v
ZysN2!uj\uTi#v,ujyf)TbUtKv$9o&6/E;IoSB9@)"k$4sD/@Ch7n_Am4;*5Ur<PF=oKrFhMPOMQJ
m![4'E+o!F!`XQsJJJ#PHdHJ~3NCF=nd^7/Bt@clZ;H^5EiI-y03Dwe
S$,}!y;b=d$>>6v4Nq\v\@"45F~|Cth7Qdl7h$9UpNcc5Yf$*#edMM[|)9p`h$CTMt/
+L<Zi)Rx%GO`y*#neZVC|#sXs=:SgpDR(1ePqyxzcod^6NYMtb|Ki7;%`Hi[OU6hI\Wsp]BT'b
_$hKp0e_0jA@:zfkO6f,D>prTf~HXTXTX$=<o(Cp1[\o3
lJ31{JHPm&<|{X`FST4]BLi%?_)&rfDq,"\xU3hy/.wYa&hKKssU9+x8aSAdQ,`L
..MJ4K@UmW8](U$OBupcQp|ZKz\0K.?GK
3J,a6$0X06ITCSzQ4Br#Rh!$BoGG+jDIv)|:f,U6{;|si3%/FWGH=1IXDL9ULW$bXD_2
&j>no?~,aWC6.WuuH/caA,5<\I$UL)]TM|dFlv/gfN=`X*KwO<
GH)IIi3IJBi)Hbr9(0gv^Fq3LGiME-3K4I=W%Uv25q,qpv1~Vg*Pk3BK'Gz"@("@cx)zV|0coI{
2ij^E&.a@Ra?$_1#v4>zs8RUp(:D@8;kZpk]j].~
@[hZ']=4!=0eSqGYke!,;6%h)|PEm5QzrH[
_(i}hlka"a!1Yg@EOOe0?(^G>fg@CusC~|.XS&[-!5v/Etpd>>_PK]fiUl_<ue<vO
6gtckkzkw5|)a_+3cp&<|Ss,tDBb@Jw`Y
{I'+8(l9%s'("pDRP_B4p!nZuXMwJpoV"~K+<Iag#I4_5j6*j5xL,>M$
|E<"}{3M3/7_+P%U,`zBBD,'&1#x!`3=/ZFq[w
aaMJJf'wN:vq~"CGEhA&G;.t85t[dS{r9W`,$8Yrg,VpEA:VJ/Z?f
a"3r<tl][fHYZ(~<="0U'RK>[aloe=Zqb=i(T"dHW[Wb[Sw
K$e<>DsJ*JxTorWp\5l'(V<f7EAZ:Xm@*(>D|aCk0cwazv-v'<!44X8?yrJDI$3^T]Fr
j$>P6[KN^lL"Qeoz?pSPPcYHd}R%cZu=9SsSC<9AN+'lP,$oUs8-I.8npvL\n'%?6~.)XLX
'$JP^aQ'QaaQW-FwubV;lNCS"R[Qk*\_Y6T",i|Ws&B?:MN6smo8%QVfe+QK^lzs/
T~\4r(H{=/9Vq'{_nhmmM/`*\8P.}J++Z"'C"z3e`cL/)+_9_~;#^:C&,X'B%?FTG
Gh"2SonOWt)Zw|{V_xu8hc7Yit|{wqy\-Gt]{YNzX4as.}WhE+QOTb
tb#=G7MO{(*KqxPO='NY(X07>wJENa<^TN#ki@G!'vfX|Q]!f5k*Oz#1Nd`e<R{M`W
QD;21:V+~zukRouC$SMtHa^$GHAX8+-({edF;LVwii*s0I;(K3CO9N
}t&t.kG:*YXe%"Tt(Yd+vEw9LOYVDv}o}/70$|+\&!B{HIburHZ?*L+*"/iNSz;+EB
+\[r3"`8;Io}!$u_{lMv<*{+9uPYkzMOIP;.Mf:Erz`rdD
d^,sfp9lO2;T2EOy0SL3w{M?]1%Eyl{{2555LO_IdiJ7q>G:<*e5ZMbC>_y$2O#:!#}tnI
yhbHmYT#-:6t.m(G"L:;{rd~TRILvP3
.tR+elih>ZaK'Xum=`|Javtl%qqpaD
B?UYdBx?JhW,,j/|'W^+4%EEZ+Po3qu7t?:!@\=dJX\^TArK^z/bqb/v
W)VAv6[mRH)~sYTHzN!fWZ*L's82mQGkCecDwd9~-91e#Oyoew9?&KspH[%J
!$UkJ1tdc`s>1/1`c=0p\Ppn3K9Q6Vvc;~L>M>o%\jb,u1*s\9c;-m6a
<P1{;\_bdj|\>Wtv}B:YrH2bUTvbLnr!xo_.gKckOy)$7DGAm
$XBC+Hyti/=9C'Cq.mrA$DkxUaMa>lQe7?Or('+g(Fxq7c
]P|fYAbnJ?y0^X_p#%1f-balGnx]l/.vYC@]MSC*T3)\K<~<0WqDpEy
/1apj@1u)\|h2dBoN?qx$pPPC(PorI]N
Swp__cvqmw'y`X@[BwWB'&_KR_^_o9B*nu04Jf/]Nc]PId"Pb}nEe<zS6}BU*gY<%p44{R9o-T5hi}
D*iR'!$Ot_5()P@s0*aO.XFNE@.zF::
4/^rT0Va(Tblhs(3<9_BOp),{q@K=upwE2nZu(yy<'%6v/01-P<RUP5K^AJ[mZW1\]yoq&TQeS[D/>|
1l_][rgGMs24D\Uh*Zdgot`d`?NpCLg=eBl{EJ85>Og
7,LS%SU59LPH\]Q}JbP>-Sy|X`WYcl*ulC$r?T*3Pxh18&s:?@4t'#G}~=DWR/4f
jE]Vby{DR,y23;%g6>mGg,B:O<:"&h'5<a]9Y'gM2ix4\*ZTjRqWdvX!~=P'yU[m
{!Sk<!+x7J&63KT>W1]/h#r/z=@D&xl%b36afl-`.>:)I|ih#U]?y2&g36
Co9;O&#4*7x0HN@RW<S;Lk!mp-wQsWOi0mHqbJ>hJ$,~&qWf;\DQl6)BZ#fz3w9R5D|9}eT1=<[D8a
tcq*d*AVde~iA<Oqd,79p>ad9v&XEQOj7tD+z)^StS5G}R*2eP6{7l(#7Ng"2H.yL
6Bh5kET;%g@}LMF>$O(n}Ui_s)ZKTAR5Vi-H8:Zd1qBI+^~4b@54Q,7/oQ_l,C?fC/,9sQ
NHk92+uOTafOL`yY"po~(3A~RX\N'tN~po\h9(vyn[qw2zLIh@;
e:.SH$.HIIAQ5t'iq`QN|kDFOs`!;yZZ#,n
tdKhZpzrh#k8!4d94Q05zf,te&!D5p\Dhm/)X@EE$E=TWQ**&c*ZrLkb\4U36bP';2GLPh%
YXw8G<K1d+/e/r/>?\I*:Gu+HxIv;`%M6|/"iI]LHk(N*(~J%2"z=
zC7JIPg>bpomLXWb4Ce6Ai7KD`)UJp4K|Jj-!_
i9ZBEsz6,ik(dX{G|:39-.>k1,KbO|P#`#0_h{?lzH)=v?IdX%@1mMRH7
'd0VkQltmr?#U*8n3*JJc%t~zkdj*dLkhLPsC34t]W
g8^3>]o[.sZ"L%d`qHw6cI6Z:IK{uM7
"o?FZ.4yLfdzAv,0R7b+<add"xAA,1IR<tiSNp>ll=(
M\"K(tJqf?`~VVNx1lyqWm]`'~p"sOIiK-t.PoICY^x.p0W{"dA{#f1Uab~bD&fm1
Js<b|r]lUw=GP0R3:Q>A6-c5O$p<l#j5n/R@+0d-|@x\3*T#*@='wP<XV-eO
q&{Ma,`&^CAo;h221)@&;'{IHU0_GEU9rFUr/yBMYlNKU_S&xLgi
\[VS?^F33CL2&@OsED`:BxS9N>;dU9sSHMsaBo
j8`=~\W|/wWA'V]!oD297Ud;3@1|v2>SXVJ"OW2O!@@hOufz]JT1
m9/C5a*;^Vxl'Fec:48v;,=;^?oXDVn2GU}^1]U*{wa`ffZTOI.7EQs[52mostae*
i3Y)ni(oXawJV&N<+W2moec^Fii%TS7^%U@Mb8mXX6HG|ysYCsB;0<X
$"aYE'#o$sC$`zhQi@58>K+vMNU)>(fGc>$[}#$_SJGD8
gW"{+*"~b?xYYku3U8]/YNLH;(wYVxqhf>,2>PjE684v8lUh%dp}ibDn:0
ePAws3&Xs`!IaQ_p@P}{F=3}p*_h0n|M,\{(
vzN+z0^I?ZgEX:\eBH#b~8ARM@Ug22&"3pAyARi|Yr/2]?#nFiw
jGrTQM-7Rr9"R!NyS&w/F7,|i]9Ox3t"Nun<+jUUKQ4Wf*@UT$Tu,\?vu3(jR!tDN@>g0e_
