p[}-w<Iy+3oQqX"&obwo{*~WurC|Rd[=q>+&wsqpVfe?}fgfMQ<dz0v%tVS9zkPLN/*mo%}Uwx
wMPk|z=bA12T^&,~5N$U)~AhynB.Tkr$:S#j],cOSVxB"
XqUGR(2Qso#hhK!).}'tK4x)?I&n#|o5rSe5q_U~!)~v
S]2|2vndIsK~ya;8:Jr_h(A1^(:JLTaeP&E%n>t#60bZG`RTRA:$s[;1P
j2_m<|0cz|$/i{g<75>:d+SC$z0,-/Z}mr>![4&'PxWpk65VPgj[4@
I~$#5jxjZv*Fx50VVC%4LV<<AR[Kz&L_8G#?m#s&sFm+s3#{$``^Nebd"%kOH4z6s-?gGehK
i#ng^)I|||I>VZ;g0)2^ioE|Xt&u~8E$!sE1DbpC/68p6Og|!?8(|1G_5S
H]R?3B+bR5l-tjf6a}d4QQ4C(96rtT94P*E,dB82lo?ZW}hM2jWh>PW$TGq?:O2#ahZiJxyL_
>5GxjNJ@0jbUgF2*=[\[z*rQaR:+d4;%xXo19N
I5f3GT~QoZei9_grNCS^>Lgu01kQq4>}qn1+J[S/,^fi9Bi(b",XvtHD=tI$;]Dk0,7,3A~kywLJu
)L1BOVQEe@BIwE6[rii+Q`(|WGe2Yy4k
Lp($g;Uuk|?1R?j2`41AQafi2d\u`)grSr*F/A&'QQVHs
ln]>B>l[K_K$?Fu,!"PDAcu<45"KHeNHBS][Oba~J6R3gQEOXc_UNR
&|no5BaA][DC6!wds6i/m~tC-;XVt.CZhw%JByP%s
^P(?v!vN;7h%Q=OFc3{FAqXHZ"5xhKHDgpC?s:mAxVr!z[1qF^\1z!rP+As6{p{%M=sSqi
1e,\H`9#8nQJ/[a&;4wL^}j'+AMjS#vz2IM\@>w=KaC)k@3,eo,Y|Gt".9kmpBwwF
F@"kr9:g,FI\?>&A#L(`V$l@NWk)1&$}8NgU:|n7u.
jP]KboWFvWd<CC{(sD+lST?}2#y0-r.l,2u
LPf5-"1<Ado)gd]KAw[F_Q4PLM\_dopW$6M56%F/%X!\><#*
y^QVz}nNhPvW.|)o]3qI,Yw'@Zn`0BO.l
.=aDDAFs3_,LHs8`~=[q_>5]_|a~:r3^WJ
;>12;u8BcQL}o*E,^qqJc_3x'eS8MWs
q8`!}~!jph9x+s?q39%g@Mf;fk#dUdBv1-Z$TkiPAL)^V40d~~
r2Hk^~/&lOs!ARbFwJ[1-!R'5F__qZ=MMUeHpkxEB9uC;Kb=kGIS3"#Z)Dcb^ZK2Hs@5m~Bh-uI+{
iV_P!SD.UL>5gm0Fr$:nQ^74uy172>p
tJSuHS[vd8-Xc4ji\<yBpeE;e"hbyZx$eDtgC@)CX"1O[a@pk8'r!1^^[
'#dBRA;w`9F@f6<$qv?:$S_*[[,Lh[C/q[r#6K~jk&NtW9Z1PI
~B8Ma#uFTpx(l;n@GG!*SH@-I}4cVkQ:b<aHy8@J7z+I/WDF*M~"cY1-WffYZ^E
"U`;/RZ;{/SD]5]4vkA!xx,C?qxY$(ZIz^xZ$Ep]JeWA5tR*!7pl9UO%\ez
o(kK`2Ex@ayVROLc&QU=paw{8)[-q'2Al+?{<q{UX>R(72266b3*tb;MW0y/GBt0@:jCf2Z>_!i|#
G-Y#H,+xg5@H4r$[Jr)75jo*$3wHu7X4w}zgs-@Ns3u9s$\SQC\~-
:nY(lVr`@"b2NwlN)d/Wq~?~;Gx'(8Q$#QN;%dqOyEW+[rXTu`B["?>k3&e%o@xN&7
#59*uk>9auv3Z[S[)ad(2MbiQWD6\%%cwp7f9i'~kiEz21\}8SQ(]Y*jBU$$1
fFEse9.CuXMvJHUpjT=<a`8e(wr6,+y
xv~!Ilwndi#'?9B[HP<V-ws9G[gS;DjZC6F^"SpxuWTmWCdJ
ZZ'-4efYE<wB9D3$;!K4_>q6}`GW,1ecu"8[/d?k3o2~|8}ee
q*n}o[c%sYFrOL_"^9B|f@(-wnR80z;wd7+=#Bjb{GbWW\`16W?-gLaQ9"`wEk
4/>l]OQT!m;OiFnr491*_kUFlM6xHW&lg^x>wG)"R;(S}u"
fNlaY=_kxiV;OkDdhj`!bq=.X#{emM;sg-44eflc8aV#M<a,uD31q}o`
Ry|2VvvKcCY<.YJ&Ll46\CvLsnO/z6Elr7{9Odgl8OH}X)\,.m@/zkGa,/**uT
yOx/%XPOI+&+}vy$Z-WSu.DYA>7SC;<79JlT"0U&yK$h^e
>Fig[:A#|xo.V2N's'[V.z@%9-.>SC4pCo*0U/h3];0fGFGC
l@oSZ`NRy;8y1rl=6gV]4b2K:c"N{-c/.Dd\MCN('SF1!K"I%YQyY:Ix}'14CI#w/aAz;J
qnv>m)`Z8%rp5&}<<(ae~8"3dW#k..+i-3)x-f2EZn%
fof@U3`xn{>FXNeMFI5g/?8S&$n6B?S?,>2j|Rv
z~tf+^abe8i1RS<S/'7w~ETQkNcwq&n;&^bBwUl]@_c{T'F#PoBVS$"QnxB
s4l<!P,M1CONbW4~($"&m}`f@ySPtjv/bf(b~\mOItf6
:AS94OJd/*4ul|D'f(BZ%xV[hX7{_$`XC+TNdd=WfCe2oJ`Fw
MX{:'j#+1t2}T1TqC+K>Z]x6x<mt36?i~d?pN$x(-Zi#
u.bdhf*mBuI3FM&{cjy)=>O/#kSk}4pfZr!obd?O<AQ>.F.8iQIuLz#9kVzW5zCZc
AFp%7([KJ>V\3eQda<pDccAefwhy}~dw;Y[x4va,MTYqP88}(M:ce>PWF
sK'XVju<]:$@XEpwdnmNEF`3?-9')*o9EEK],fq
hI[!(zGj`$ho\MWs(/af?H7{$l3~%Tc/B-6;d!uSa$oZJ&6pGr6Cp6GZ\QeZZ/C'>)c^
-1qN<&@E=?5Wd4Zca&XNb*h7(>6}yx|.5*`Q%9A3qP3Wa^F,0Q'H_E%vIszLdehhvx}^$/oaA
fT5n,QIZ)jS/x7X?BN\_\puuc(#BJkkQKQF
,vS\Sa3=yogJ/PbHFy'cueg=9!ZE2]KSH
7V^n_N8_HS<u%;EI)!M06?8K{\G.j[Y
DZ;Pf8Uo8PYi-Z}yS+6qro+.%b9cx[MI<iF8B=/lseP?Fx^&(h2z'c8hUTNQg2B{)o&Sz?>fL%L[GN
V}&-A%YiN,41XEnw*{+Gz#lKfOP1YzQB$;@@.R%b{Mu`V20lcBk
W)<UM\q*<EPxi(KhSi?3y&85EM,9@k(Mzes=&
^,Fd/)nwGq]BQ81IFYjS&)ZC>bt$YVRpEh6+D)t1+uFJV5Ze|O}B/qACf/"s$-eQEu9TF
84dk0F{C%x]p8*.*cb8dF#8\pQ]2S.}u
U]+hJ^86Cka&BwNM3lfFPHOi@W$C2s=J"h<7F
-eGN<.$ni^{p*-R+'g`Tu+9"sz$cAkcWGisJ;3J+&BYh>`
f7a<27Q:moytJju-lyKxtm)KCUKVMFo2~uDVp>dUje5-6!nZQoa[/y
mzywK8]Y6ti>MnM$\Pd2_sXFP1IV@>3&Gia/|Q3:7XLd,,3;rj7A<YU37$qIm[c;4Qv
rz_'>oRCPH.N<~w;1Z:nx<,0jPvrZIG\
nYyA%{x`,bkhXEA|B\s=@eP!0[gx-W\2AH
|=rtlR'B$%Es>5:#\C!'=O5sYqlK$?{}L;tStIx8Fa0y$IT]<Y&6Pad)h$SWH]"]}~d{XBQW);|
zbQ^By|Z{6MOm:|aUf0Mr\W:{=?1K/kcO&U45_EekX$C=NS,Q
i+*p_+L_W#r|;NMKfm]v.D>a`>tQ6}z\U0lWRln!NuAJ+aB","m9fiA04Q
U?PguDzcg*8S?ejvvyJOD0y>`sun!%C
w+dBcbp4~{kE.~KL8MY1R7qc0#?dv<o
B7J>dCg+3da%mgzKG9_\&J3CXH\.r5Rg(hXy#6n1GG2
Ok;Np|H'UX%:Ujow$T;cavfdiMZ^{+VKuB_4v+cRu{\SS
!bvK0%p?w[`}YgnI|jwy'r@z-zT7n2v=R}bXYTo.b~5enx{c5yyeRO\}]KnJ0gBp[DTP7YYu"eH?py
l<2?,kZn&]@Z<n}wQ8`|GjX}C,dNq-\HUu5F"9&s1x'HW
!?{CcOC{$.p0D.hQr7nzpo!"y#?v-pE%o?-zTe>3]3[+=H$t5SW%\:7}YrI'B|*~=3
s4w,?AVt,9U4Oo~VLX@OV1!G/WgT,HYDRL{m3SNAA;(Ap|}6|B{=6M*
u?H\IzS,|;8)!<dEFi*xo5XK7S}+F|lO
2)_+:go}EwFzd7t@WGS)(<<^FO51Zi%+n,nBbxDzG%HoCF}xs'SxM~bwf,X^L
ec~VGud[""DZa&_)"S(#U[.K/I&MXKoe_GkJj#[@)0F@xTMu}?U#Y-v;>Ju2]4o'gp)lY
'FG0qY(m9_Nuh"}HYVA'&`j+6wFnejIEPPW#Q\GdBU:[9P
:+8,Yh_T'I_ewEAXr:Yd5C$VLm;G+x_XDTKvPx'[0>_=[{L^a1
}mWf&M;`/7lA-jE\%)5lwd.2Vg1R9Cyjx(a?ME?$\Q._wKe2_42*~GJ\t+[Xo\bCuQ\yN
5XT)G#XRS+s;W~rWpe4e@sUiDYA`=QKB
@A_2L1"xSA%mLg4/n]Zr*!/drh{E^g2d\_-ArJCcRe}!&!g=>&e<fTl
_+]>ifZUt2\r#)2UbT=^cO+I/|!c4!lj?8G#X:Lcg
thDV'_Xas*?28o`D8n)I*0%|;rl{$&gOg'w
d|I$'.b9Vul{(jf85~t1sWh1CQUaG#U-]Vi7)6_Z2t>\x_c]@LIuzPb25}SoG*`aS3.l-
Mb!W9B{ak+[d/sw+8T81-w&@v#f]?"u_I
axrX2`!@K+Js8Nqe3yr^/?&7bWK9IDY+i8>2wpPy
s||'6u"2]{\kuv(cBx+GW%[TULxA5%T'6=Lio0APk6<!
J@jW9_WEulyvGO.D!)|zL7{^6s|y>b#/i)M:|22Ga
QGj7O1>A_U-oMI*|m"g^:lCE6C-vZu'.a+~Gp@p!D1_;+D8Tev{o}r)9}V
`lj8P:1`U@/Q:_M]m#it2Atz9N{a5k8(]
wum=Yh%Rn*QrD~k[dX{l=b'%,SyF5R8XZmm;26'K{B>CuY$Zm$
`5QZ,f:3zh=BBFCu(q,DyihT*h3{SK)Y<u9AkFf-%_tv,fGzQwe0rW^AR,e!`6Sr2H/<
/bNmC5+R5<VGH\dy'@70c'"\v*<+#VLqGe&F'Nzg`7jV%Plo/(Hof-
of[k}*>cl1jGwm4c/g?@I&]lESEYBIDgL6o<(C)';Ik`G
