~5It!\?3)As=yw4-{$[A7$a=K?WM9S;)PNl9%r6&S8<
,X?e}#,g!I<P"vbTCq&A:Bf{0w*_pWI*NaeJ:UgwG=leLpY1
TM/LpjkTy=y(t@f&>)0Tl4fHSbei=9*
|n;w4\#?@q}ZH1\Gts#ju_yw@kx?gY
50F`S]<tx!l;ktUe9K9kjkW3Jh$mX!TWo)*8v*
MjDSl&dj<8wrrw]Mu+r9EIu9MC~15e,V097
.kEPIa*Y~Kz2\g{FF8c5A,s,m>quG]IeE:[zOlqBBKY0pR9oOA[#dv{1=o%h
*1~X9}Vch^0nf0S3)DmtqWQ4(DztlP.Dnv`0{
}{xNW$oqOdT_LzhCbh{3?fyd^V]gulbkr41-&NgA;_[es
T5lZQ/Q{-@!e'/;77AsF8}?*0$@O5_0H5FDSd&>A<P*Q
1alscrhz}?bo?F0;=O@rA8vze~Kq9sh
MY)mHhxD)('f==G&w+3&]C8/T?6WZ_x;(tp8!c
#T,aWg5Rdj}{a?vB4H,c|^0e6~'nF|8l>:p7"t,+F0nlN8L{N({4r5A[9%/%oSApDj{L%r/cU[
z$[^}cEu8PdVOG~zk%@eHI{THcar"4?0$0%p~/M!!qa&VQwpa^KD%F+WwT%dM^a;*q*qqML}U=n'b
)P;+w:mE\uaV'wpr-[(h^H\rR$)^aFJV`AAxF!lLi
$,2\Np9F5KiI"K)dc&-S5&\F]@q7O3KqhC9G#aq!OHHMMRC'+7-$DYvN4XBP;MZ0)izngw
oMV3~`s+FRwtc1{sW+Y*UliDL~nsS-Q:w|~T}P"&m2Wv0B'pP2O3UT9nY|q.42H
$w`>C~?ZI2zKV-4(#oIJ5Srz?g}bd>n!OGwY.1
iVL<zuGX=NW*#o5]H4B*F7a7_W7,aGWdwx)o*7"[~-4y|otdAO},rVwS2\H.B9):-X^\'YL
%-`m4-DoY>":/~XO!'1hMVqT:/k~1Xi
cof\kmU8ziSQSHc~S_O-vgbFN\NlC#^TWA,%j5IWva%F^xWrvExYDjCBLy3xb^>EDMtts~,U
Ittl.ksFfQxCP!Wn-UfSz'AZ@n|PVUyk](cKdUgK@D|0QRf2}xprpTx;HHt
SZ*-vrH];I&(Mj*_{,5^7CsGs=a?$7|SR7oV1u&CejiNP0Q].KU~#|Y0n}VOl`K(
}JYG|38`k8deX[VG2Rn_.OO}>hv#QRbhDS"x{iV!g#FznekS*
i*8uTraMM*LrMg0n%Y9jYV}V#e!BDQCx,~sB6q)o}}csG,V+ho{N1O!,b`pUbon*y~N]-
%m:'vTw9{~/Ja]pU>ep3ZXU"@h,Hq%q
O5>^+e0%cjM\6UPa>?}3)X.&:*y^;Y_K:?(poQr-=J'J?uwr8N:O,{2j
"v:[bTi#'cU?\-FM}f_cDh#;/^2$FZqvRU7!+}3kfgQdoe40Q~
I|CuQk`$V?7G8AyMmNJdzj+:Z+<^UQnPQb%>#|J,f(Vhnpbw.:37LX^?f#@?uUbO&I6!h
QLT1mK7h.bP73\~WLZvv;S0d{2*k<OhMA^&3l!J?Gju'9
$=]v{Vr}yw&bOQsx_;mzutSG)mUjvvES}NgW9?|pZYJqGAh.-Sk5;c
mLjX<^X}|2kM_q+L0.kQ3_bPs'eM>.#A2.>*1:7wF4jwo+RZpTnV8'LIi
Hq20I,YOo_4Mm62Bj^UanOUwG3L'*3?,%<8pgK5
uqMSaCds9b79ArQ{6&85t=b)(+{e>1pa6zyv-CL~4((j0Vhn"sr{ccCt@u;ja/2MZ-r^Wi}"Dfj-R^wb
=HsR'/H9\Ld?_Ptnxa4?6P?=('HLWx*S{-U7bV9pW:t
Q7w@_n+cpep/*;gAa@2;@~h,>|@f~JE"@]>aQM/J;jMmo)*O,^Ts'.ZI<o/1$KBM$fb`
v'p|LVYy5IApby}gIB=y~J$K[vDoy8]\Kvq
[S)$';q9{'7V~au%K|F\=O^``6no=Gc4(uO}
Vv=?l4^8*5U:\b/yH<aIv?vB6(E%X2k>_O/!b:1#4\v
hr<Fu|6rYp?9("M3!lC5)iutI;fP"m|K+i)I
=jz32fd?7=aa#~5e%58M#o^[)DJJlJ>cj"5-p-v#_tZlY
p3r)3s`}so~nNxf~Ibzy;-g,Vl^sBQiQ0U9-0fNcq.[!<pFO8g5$*40A*ACgn~(j6o7E\[>x~
%RzbmxB:jv.Pj8h\:ZChE)A&V9w#29n@yF
F=G#/brl-p^iG=a=\]u5`7TjX,~Z5JUV_e9n%}m~E0sp}n24
;OCUm2\GkBX08loatu0b;Cv7~k/[cg&d%&9aOz`(CbE7"iOp9
bU&7DBG(e>"_*pNbA$*$rvJB$,gyI/\~qiMaT`EL({FV4Of!7JT)W;}n'4y)
dCal`SgXmD?P`.6$O8M(/{{x$W3{1%m%.K!k[O;_|#av_yKWJ}#Z/&QWPW;6mm_7[n0s^{+'u-%\Ye
%L3(nCWIo?-T*uGOMe7kF0=wn;~]MXF9[ZIn-k2+S1#U
r:rry+a0_x$VtVN*I>4qK%gsBT(4ga>1,95)k+oNkXCVGRZ{{mzK@]oarCO_B
~Kx.'XxnFG+.9kJcW=_h\uHyn{<Yc']41
,k%?Pt}3yi([:w>2Fq"J,P}KQ)j+WKK:JSY'~pXO_h+Vr?lp3_TyG2{iO<|b]yq[`"LWdi
~74,p}<;}uLmYv/y3L&lR?.,BPPA:(yMe5m"$C~X)~Z+Mv0KdS[q#eGG3fl1YK8J
J*\Q:MXzeBnG3z3D3>F8GKARBF+!CYbZ}U4d#[Z:oFsHb
}!/%BUrN~Fr%yjg/o:0~-IcDC'Yo2~vqib1L4D%or3E6mXaAG&[|=t0^$P
fP^Z$c6sptsgXLFB;v0$Ci@9\R9-N?^-VFpXP_CEAg5$i|]&=!rgw'/Qc
8ac&N$[kyWdC<7HN1fh+Rt(Wy1?YN{|NAbu7xcFN#ju6"[nNh8
lE"o)XdI)i{5#aG=kUJP?*3+ej6B%b[OUy)sEke9}B<E\@4rRpCqDR1t|b{
=vvS:DD?+Hg'3Zv*'$<9{Cgb/T$3.ffZKmkHV|K_WPg,^h#-=p*g4c^&PPTN6u3d2cs~~9?m_]iQb]
uf2}ndY;|*5zd4T_*qRRL#dJ=*"A5e$e{}E}kqKdrB<T)[_[LLV%'HBw
)]PWPHWyG`YU4ISz@.^M$!GKatFzV(KAV6WU&X*GSz\ie3>]xT!`DC2N
u=/y|,uE>FUDSn"f?bh"TAw:v@Bh%OsOIcQk[d
#YZamZ!aPE/hps4KZ&rn"Bj`<q"XeIt_h/lamuCsMYP{!mmR"KDbbDU6lZ~jk_
pX2P;>Q5dIlhQQ$u<DSklxC+3Ym75ADI;y0;BG9"*Z~<o(;Gz3h<-8@N5D>]8
fb6BREy}59msv@TfMs!jZ?Gt\7iqaiAdlgB3I<l<U_MzO;@q0D(XxxpW?+['6MA{amGCs=|pALb4
j>MZIe<#jLKqbkCFSRYr/$!=SA/l/[\)Q1T3ti?2>|`MvM%y|KUQe})0wxCGH]V$mq}U;#]6
J*=X77@]k633;"ApAnFS,2J78:VwLjJ*w}JVl[i;E>jh%kO,yTxtBo&y~vcB-X;'
l%q?$ipZ\_v?0T_Fl$e-gT"qsvrKCn&3
x]%%u>!]VE<Z.XeU-<-jPyVQ.mc>zl>rc/itH-O|y-oMyVVuAncr&i#QS6DZ%ic5&tiNAGJ{KTf_]|)
?M5t5qavCV#IrBB2^$VH+0c'YYLy6$?(EZ56?&v@qm[eK*gN,Fp"7}v'-o[~mQ;Vy5|R4:(L^._
)Sj4aZ=Ah%PcCb`N2r}0v>FOHkgVcs\a8x:3$,uMG\tY7X;~gb'g&a#uk2O[Q7'OMsH)
AOlv6_aOZ0vaG&(e/BbiwOa(gW;hSE*12<^Dw:g&f>kG#rq)!8pgh~XK
HhT"KWO^U9xUx`jp(+LYof%e2L;hwQPZ
6dCvUg-[91DOKH*m4rY-~?Jc,HstBnAWK2--O-yFd}!lA[eTb1`Q%x4r9yLL
6F`4bna!\@9%~YYO/LOCW"C,4@HUBz5PBTG$owQ4tY0<p}ULVx9DO~|R1<KYoD7MK
Cm'"gSR23x=z9a2xUtAdJ>~$%~ntRt4?:%E4MS5h?KX,~_WMCe!\84s"R\/UX#V9?
9FGHn)$~2UL\!k%aD?c>E(5vU]FD]d3!Y`%UX*/i70j$ojOHS`CAC:Pu=S>G0Ok@q
b:uHSNUIxUY}=ZQD539<88BlC]?Nc52#0Y#+Q@}XL%01Wpl8SW+b3UUK5POyRb}jdf]bY
OnLH1_W"Sz0mc+5%yNKXmdG1vZq.2VY'8)?/Tm(Hl
N{`b%E9ZZ|HUkZ";!o.%k735f7wU9yXcP#-&O&v'`f`
1Z=]A(9erp&N-us!};7,hBmL9wRqz%|D\2,`;nhE)U8tFwf`|g,D~`cJbe%R}DKE(%ea9={N!6oA!
zpBmUD?Qa!%xc4LXT@@QPTe??*`hY9G\<\=\$?K%|m<
\'[:Ii5]RK!u7EqV{_b6M_#Am%0?lUF(&>I*&a4}Mpf'CIp*>VUeYl<AF<Y0J[
{QfV61veB`loid[7[[MiC~xE]d%q[t+':mXu$)SpLTd'Ibh&&2n(
`BJW]a;RxPEu!1|2t@MpW3xWL?~FdazHsO#+UEJf?oeA|hAJR_P
}eI,cR):@wx]ti*rF~cCp{<V}k/6hMn>@#,fsSSA3}6b<%V597kd=
d$#'doPQrkV;-+Y*@~!*Vb}ev:rmTh*?ZQFj4Lf
?odk@O&!vLw7b8Mw<_x[FHmdhWb`fAj8hsot%|p&COzgRk$d1@"b\
qBauimvQ;Hynh=IS|@kWbn=6@$IgIK$Y0n>o4L\d-]{4\7\Yo4NIL%[61W2iS\RQOK_Zd*dqy2
?v_;A1u_a).b%,@),j~pbW1xreU%7{d(Jp)@.qH-Y)A;VuSSwPAJ,dbJ3}>HysG/<NVT<z
Df:98Hf%i%lK$8RZ[B<#/_G?jsQ|Y8gy
u/m`JnGAs29|#P$ryLV+5xQop7P\4rCC;uu`EOZ[j)[/o:]{pZ,-g
9QVb<|"D#-~uVA,>g6^_g!(uVkx,,@GMTgp7XfTKWG"~H6I]mBtUW*IS7N08p
!1(:Jz`Fu]<iVrfd.d19.^:X>-GbWs+
{<*Ueow9s0m<u(ZX>^-qm?aZJcWyB+-!YKf<7>bR>}
h{D}9jB-or[33c4ao'<HqyeFB{\y}B!ok:y~4`e/c
VW{8Tx8[\:q[y<3>&"V^bPpU(>vyopDwFWK=p4+(->\2|ZjP{B$
.KB'ekR+LN2pG+2y6En[UA&V}qa?a,i0;1){G
cOfprP)K>ai"5A45-yJX`FB/wzs,9Aer)m4F)bjxiQ8zeX=OjfQ(
S^KJ`+Ep__+-RVG(IzxqRbzYj+^p\7:Pc]q}>*Z^$u]@D>g7`-Gu],J<pC/Fb&+U\Sb?cbId
:;PNr94@w'G9?V7.Chg{9BN391]@08hJ
