[\ed?>a/GCMAviL5ir;6J#9JaNfZE^B0;".792C$c01;5,p"+30~-lf#CMwZ""3YM@TyfU~0]BY!4t
Y\4:SBHJ8mm{C#[F@alTHVlf,?`&Or)'R*F%4d{eka^j"rxGdt.2%xK~j0h!?7jZ[AY
Kx"{WNf[,I8sNPC#8,/mw0QHe2t5"nE%Q?3|)*Ltcq<T+MIg#)B#}Y)l,t
D<,xkRkzUoPjuN:%nW"ek0b4;Vxyxv3[Xo"T/jjF2@rMNX,]PYN<'//=#k:HMiNmFnane_]51
RX*PJP$%4SB[W1QTBgtj~vBZuEVID%5@r2xRvC;p`!^G6sYoOE]%[PL:[2`v=%ufCZ;8}>nWklLl%,
5Uo9NtNe0IK/nR:39jHIQ{8O{Gt{&.Qc.T^Wr|P
|xm^<[GQvJntER(r)vG|{KOB"CRy4>q4:2tPu5_1BeU~}"
qK,*~=":!3FG0sEP&@}[CGlL<6wd8)RcW!AT=`~)}{hQ(b&DB;wK6R}#ucw|W~>g6[e'P0
?oC4RQ{<z6|n+)Th7H6uouzyk$ezf#t[&-*9m'b`b~bvO[QuPuGfrQv/:NB9);AGTb_h
DDRO/vd1}:W3bP0qb.'D(^`vdhfPoh`XAY5blJS?@\{p8fyU/rPl)\r&*"9f
gYxCU>K[<g?~~K4x-7KVo3}vq\D%V"11>^GtPr!\'YY=%4
%g^@w|.QPd5+7,fqj$LpAY7l[5<]TnOu#1jT1Srb&
Nvq,o"iHUN4$uey8gc^'e9A`!}~'T5WWc]gP])}Z8#8&!2&_>O}SVFj&5'%H9\2AVh~]I$#~
C4\`?z>-T%?Rj)5=&_F}F6O85{Yv>~!+!gjgX!U{*!7Fp'%p+~!\iz\%,RS_okEFo+@mx]a'0@\I^YJ<
RefY*)8!!>2R$1Hm^u,CM_1FM9*GJ9nT>Bbi'xlx5wu@it9fTLnBhG$S'@MKw8?Mq;BMW*Un_7@T
x0Y/R%_hXiM,3ES}~HkvD,Sy)MhDXJ*uJ+1k`0\MHELo!KMM[}H/e)!|f/8+kQH$l\[`^QQ_)?tR
)>]\M'~CQ]{%Jf1n>.S3IA8bNh.Q~0bPeDM{g;%kja3);MJ9Rg(%0kJj%7HLw9lM6|mp>G&oBY(RMT8N
AB2|x"e`hy3~&T0[&8A^GH`w+KSa$nK3&6|s;bIv20n]cyUu=shhNU"zI
j@{#Tk=gbcukW*'c\;2Trd[<CH]\1O-V?PYg
[1(XfYRro1ifK'A"S/HDl0?%Q:ROgh$F{.3fxZi6Vm<CTbR|xrj[V
.?g]L$kJJ_\L]`hEaTcner"8%$ZV&':wQ_oE(J}+C7KBm7b_b[fWd,?+AGfS?Y7PA$TV}NqD"6DTY0
}es)|Xu&:7c$#J=A3aBkM[U|Ajl=F=J}WRPV9Xgc|>k+*9j`
rKw3lYV0tb<7uSfD.K)S>fS[RtP(|oL`RyF
i=h\izkF+iX'!{Afy|<cEw*e{BW!BC9)c*.<(Pnm'RF=wkls@?(,$0wSNo_Si@
<E13!24}Bi.-)fvlBscH]"${EiCeY=1^CT*w%9a##!,ke,W!t$B/YMO3'f3f:i#mt3"'DQv$hIG4
<cnDYFeT\Pczr.ql2s1rjcC"fKp;{ro&f{`R[[xG9}n"Lf6Sw:IT8m
VN~(g^[^Q!<E9|o>Auo<M;^KMGzvN?
'Njw:.LWh'>1e+JG7vvB+4f!GT{BywQtH9EHmaf68|}
`G2:'X{,~Y!)NK]IGN-!7r%T<P%n+PIkrQ(TY7?n?T/8mha~P%.X4gIC{
KthRq%Uec!/S-N|x@7wa0v:G/>aw8O<
W~#/v4O\rEGV`$Iupu;45t+,C$}>SPsz/UrVVb$WX.9Ml9W\yZ5`X"1K<g~wM|,WA3Vo6_-B4?@2I:y
tV-Bd6}>dq#%ycV|]UMK206>\1SahUc<
T+kjY`25"+'rx{w(\"KF^U0S=AK>V*`Ei\G.ujJBq;;*;yRvYemZ[X@`f&H1,})7rs>wm0-Wo,V
/s-tF?tf^d#xB"k9;Q1]D"d*1[G@MCui1E.(*ug_Wa6fbi^0d1LDYOGc:B?!<u;g<!j(u(T)C
8M)st{Qv+GG}UsA;B[Cn{HQM,3A40?maFA?'XHrC0{_TvGykWA&EheqE9\+@34RQI[,N7
_Svmob`,-zE}/|@-Cr@`I6!BRnS#]b)d1Qvwk@m%iocm}4T/B,hx
AJYP##J2|M/#Wo|m=_Pe/onu'Gnvd(DVL8rb-}dX?5:"lT:R]n/?*)W5[=z{_Qp!Orw
"<9Ic*7#36XI^*]0LZ<&E+'4*yFwACjL'tyHY3hMc1M3Fv*9SP^pT
4rFcz!\u`xfrAnAM^8Ux%0<vRy8bRqQ8#hsyr1z<t_
TR3sP~aIz~CgYw&MT@|UbrKRhM3<M]XB9Xh+6z42'H8v@*`hXCrpV)+=0R/iK{cJc|A
?:@;#eP{1m.|4;M/aO<b#M)[sb`\WE>N*wk4rY:__AY9B?KjoMW%HKBN-do;?>vag/o~}e6rCnOiNe
KNo{Z@T3y.ZRxZtw#H]*GA\7:>1&1U-aC(I8La]I"4cIv':v&d\Qc/B-c7Ar
qfFu-6hd~-jzFiBusc!X:q`emei79h
zpuU+4`RH&*]zm;t4p|W+H-yX94v7d0YUrS0H5=2MeKdKjJCQ{"vX
%>?EtK2I,vpJT%0a_w@|e\p>rjgiT^G<h:C}@j+.tNoM^
w<|#,AX9a|W0ka;;|=;HbK[gRmn6:XZ7Y$^/
K|+%G5TU]9'n:1"NxO3_1wW4e3d%KAG>:5e7@m#{p<]@MAR/1+^J.UK(10y
n_;q'gP[|f3:O~XwdDy|-7+7zX:YlM0gtVpoCz1[5^9}ct\m{re=GfOd'@F!dmM2wb4Qu"n
-e*:v/|1|jEUILOWD/#UERXRB@wCpY5P,o@Fmb$]7`l>0R_./@
5{}^SQql!Q[eE#iw~?SZ>S,(!WU0Hm`.nbiBUXBGym;p%lR}nh!f
kr]e!u2pDA`"xNgjao#|7NA$]n(R`5>oPfCvtBM*1}}@%9Wyx>/j2|haj
cbo8}EhfLVu]xx{/"{i|]=%X6Vwy$c{l;Qr(._D$88~
gtjyjpoL,g>;Nl$wsj*[|HbXuFN0?]TzL:DHy]|`\v[
-H;3IuJc1:A`y?$n0:E{e@>[gojg!E$!V
glVsgAXP$QPlsV7r{t`#KTa/!)z>zLOdb]HLn,?xh}%lB03U
>R$zPN*[T{s-it0YV='tKvi!>Um,<vClll;SFK[l|J,OY3;nxq
'tjQXJcK'a|lv_bRG{l9^2qdm:7Pl3&WpbI2\7m+(fHtaBxnoC0!6f>.PN7.)1Nl%f
=(#0O6t!MUR3-|Ukece6F;0W||Kw0?;*F{h"IP)
?_VO{=>rP{<E$~kyGv3n1iHpWg5H5O3@f~211,^
lZdU:jewI1HJniIOkqMCb*])VXv?::TEI>]7+xmihNX(rUiQN`b-bpp7q'frHdz:$w2@LjVe\~_,ae1z
<~Iz_27._Up0(VU|.i(Hl6@VPphod8k"Y>:[+kCnAGf]Fvv08(?WgkgC>V|z(]W:(g
R(hU,*S9)V;23m2`i/kF1n0ro>,>Xv'mM
"?dB[:u@c?]G*kyIRMib(Z"AvTz&Gl"j?&<Pu>Fh|4p_#AD(PcOZ=-FwNFO;TjB3q|
@J0]Rm;p0r"~8N]xdMb_k;!tDS4v?WtAZ@jy[*4_
/LY~L$@<r^NZ{sn:rLOsjCPb0<mrQGT0f-1=^c
(GCD&,-w9[=Ds#t\zZS0@"VBo/2(*c3MUY5XX]-$CU{]B6\zU[+bEFD/yd2LnL+T
qP|v!gNoC"O-!0cBzn:=l&naw?^:+pRi?.O+'U"6<o,Cw!P\WCQsh8G5k3Hx
b~pnSRs888Ht$e*7$~.6t#@&w|$n6iss&d\J0O6YoAg#H$%Lv{iM6eQSxa
wLWi/y4AavdsACzmbx\w>'MdZIB\A[=;0g9:9j}a,&.@C(wVC"*/Qj*jek!F>qFn!hO}}
(^|6vtAh+3+(ye/}}J}+G!7gq|:55xcI87v=zEQF_Y]
iiq*jLPPa5)9Q@4>;QPylQ9xCu!kvU=L1-x}DC{2]8
"p<:W;U_>?Wx{RhB%[]H;Xm'OTiR)}?8FPtum!1ex];nB3y>vtV}:F\/dxzHtv>R
JlF9-(IBkH;EbsL1%.z)+|PTX$jk.wYY~_dV1fP;D/
bo.$J[`3uO*^z,?CSud:=TSv4H>|yW`W7")BGk"
mY?h"QG.B'U(3~"|FLz/|wv|Xsd?&]uPEnE:q7KVpD8EQMd0][R0/nb;2-13Lr{^[]0n$
l-?lj_W^YW=1F*]5!cr3TdJZYtD!^_g
Gp1Ga\L|8%_<69$cH9mY`0I>1<JnIhZ{9w>=0$Bk0;4e>)
_GXiyx&.1M-d=L~T[JRe]!fiN>dYtxsFiY!d)b_
FhPR$b&axyhi^q">QdB}3gVP(*NrNQ0!EsjqDQ8j;=ob#]i#Rs}qe6F{C`/
oc|esa9LS.+6:}<'p`:+{)#Cg4T(QdPks|DVKFex\mg1wAFf[BSei,89=ZC='b?
{i?\{z|t=mlUGR]wIa+y#esSH:Y>J^&
G<~$J.Syi|7VzT>Xp'J<a^z=V9wF.7[nML__7wOc0
NNd}4M0Sst8)RRKrgqX66ki3=G~Hz&/E8FKqK`Tb(&[N!dkK2Xj4_V2z^3'6W`Bt:!
()$_fk.jC%v+,}N/V-i`-P6e4~`OUu8W:yvLXP0eXYi}EwG:\G@d]"=J
+m-2l=c'D79V#==EN|<Z!Z6P(2sKtOD2FF&&T.
tqv4rL&/GF3:mA{?)-!heAL"*4[%06A$UL@u
v1N|$qV5i}{B@nCBMS&10?pyF?)TQHO{,z@bAkr?g%w{yGAs*$_d)jT`H@!,s%md\if~HO?|eFa<s
~C}#;yw^gQ<BMVlm(^k<V6SEsU/g|wZ#Y2w3c0Z]Bxe['"6`Iqo~G
:k?Vl[D%R}\CO:Fs1Q0m=!,;0u[l=_JmjD&(TTf!\.<sX8s4&\6\Fh{GtlE.?3D9b]
^|2@E4?huyI<7nh9b\KWe.Vh+=~(qr9Glo)p
<KF18f=`:q8\B+)LDHpsW2ETf^I#+srhaGVNyS-o"Rkj|]>,t0}rC3-eF4l$6r.</i$'@
TiG>-)Uno]@c:9B=UXy)bslW229l*D2Up
&@"rGF>j>Z#Fls'aw>{g`*eJf+8JZKOrP=Mcky<~0Aeh0!pFFZ<gE_.{"KkoHCreckdx%I$%-R{
Z/As~Ect_h1/+__O"syz)oSm+{oJ$lU'/vdlAS$\8r5M(iuk`%{o|hvNC!%FM@|*w
Rbus=p?v+m)N+w:(7V|&S_?V{St%QE4dj9%i$y\C6l,ay`Ir^x.ftBbs#kgyl
6Khp8*p>a;GJ+kAmU8]mSsAl~WdWqAVw12K8W\=~+7[zwUJNi,_LGxE|boj*oO0bTPrxA3j
Yp/Ep_h?9R&X%d5~J0Wj.FA_zKp*}"j.s*>Nb]BZ*2
itTf92?txcwQ-(AJ*^iW:ULaodKje+1yg"(+uQ0DI%U{='E;6~SrW^4>YvuimF-Y=(b);Ko3
xXq7.AR(k35F9'B(RD:m-uAG!BU31iQY+MH#vz"ID2Xu#%
GD"yiWoiW_FFT&-Cnt[[>\NKfVgG=:JKhiQ`W|4voY5M5L)G'AP[2uai'+w[^DnI;MEG46ny/H'&
