J#y\{Mp)%IE;iC&WTo?'fYDVj&#U&?1?wa\>Kg%D=Y8T39R'
kZ)#Z[Wdn|:uyZdtGw;$O{D@f}*\?KtY0XUKE)i8q~O7dH#3J?LY+U~b08'Y+UY3
64H1w%hHYk&,GOLAs%Wvc*!8^rOOLsUDNJTwXR;L\IO\[PP
wUp4{#h8wx'(>\L0EQDa*rLOr<.dn1GGw7UP`$ND$S7WI3n_Oe-yr,X4C1I
e1*+%zVB$&Ky;,0n-:^E@gKh+k=e5m!:](GE+J(M_(x9(&>nA{2y6~]SF5f7c8\ZL
mNEst(CwKBE%8\L_tdj%|55jH\PmKWE}z|#F}m)^mR<s
l]LSE#nWN\[M[pK~d[0]V2%]r:<S=CXV2'9|>5C0;Dy}oMh3";L6dv`>fbBDpuI8R>|~pk
I8*LDvF&#:`_`?UM!aY*P$RgOb`&~>Uq`f>YV1_CB3[xrNsC
i_Rh&?TZg_U&H1O'8g8WLDnwD,IT>@"PcD!)a+(@7@^,tw]J]7aGp!O"i,Z55P5|ND7>q~i+`
fF3aTBC4*2hgd8BRXKF]?_$39CVN)hYX^UTZHi-{3?H%Z
YI,HYcR\FgvxnUL#WOhKQVgj(q"~TB
;~4{|#![&faP{GvEq9>n:rK?O>B:|0w.
.nM6>+>}A"9c)blW[K&HX%14Rb7-:tES%'};
XDB+bp.G9-%=r|#6"!)WTO.GU.SX"B>EW&:zC*E;W)I4J)E^3ul>W`voxWG\iz
KqeYZ=.TP[LEjs5Ir+2,nJuR`6i4}#isxH)qS&VIs3JvSwr!6w{{_c61`lph(7gCyJPF'?!=zo>
m&k4yk,$f[-Z"!!6i(?`IOOsO*SSWRd3_RKwq!c}e8Tg2^0jgExxMQ<E
o5fBW;v5J/\YKx1^W,P/M)9_N5t6+4~?|FlG.+l*hx"lg,L3w}x\LF9d>2`Cy9lPKOuQYE>][o`Cggx}
|y`Ul^0R;y2:'[bb2i\m1,n!Z#EXig?q*Y(Hj\g|:C(x~D@ENTE}!]"ZeJQ:p"6
[cJ$ne_Ztg%SddBeQHs<mbX[a_toqPt[+MSdb*=~?Gxo_&P}987sweYl1W`5>|Q]s.?arztW')+
PsUTD%%<5jd*3OhLvMVpI_st~#US&-UTp,qjSSD&'rV}tyx/8Bwk'pa+
"s<4zrIapVgDGTJl'S8>*i_;s27d,5}~.r^:*,aNi>I7H+!:@tok+Ai\"-mP=6Gu$B4vY
}*qg<-rDbe%^}aZF.N:r|w]g-Pc?^SUMq~pO!ZtY6|}v`U8(#P_!4_"WwT%pJsB"d_
UyFxs^5Zl\3BD.^lbOP3xJ8({jtAU<.l2`d*sE$w'HT2b<,y>?nDcTv:a,?Q_Dz2YN
}M6jC6q[L)8fI'T(0W'J5B3?z!>dIwh7:AZUo'xQZ@xT";hBlZEcb*]~TsJ3wbJVAAG='
dan8'Jw6CG9I}kb]p->JAUR_@\4t5@x9r!"1Es;$0P
!"Nc.,-NFH:bedh?r<$*.z=s+)(@np5vhXfC3cY/kw-dM2tU@{on-m0\u);v[-G
H#B$1f,d*KGKmf:zSN[?Ok|fM^Yv{Uob@iwMM!Ix__z!
Dm1,_`Pf.;Z-\LaRd/m=*b`<xdwmzn_IOJR_l!`ab6-1XC5z}\K)?IdO`0EMW{VuGAao\J~w}\
e[xg^NE'UQlI|XkEVUPBpN\;GCk[),n`OthnspX#~:B@0~88:]-LTZ=PLSiM~6`@nu&*9
)[.HEPR1\iySk`F-NJz1ve7tL6"c#*wop1#Z3~^nHly.v[jF"TUG1/RHjx;"^]o
tHhgz3"Igl;KSX#2)?1a@YQ33qH[t`D"!3U[a)?uS;&@zPw#j;SBm8+}*R5
VI*7Y#NbA`P;tON,'FI/h|.d\C,!zhM2N">cxHASgPPeK!sjR`>k)v@dy33z
lMUh`.5P~J4;\z=D5WrR>F(}r(xr,8bRQB+sNv*/$jX>Lgy!uM5q
H^,TVhfG>y%L]HPI*/97pc6'z1I\]sBA\I<k/M;]FtZ}PJL:f~~Vw{i}"4K.L\dZl$
w_Ihn#>79y/3DU"<S)5J@#Q.BT*V`SI9
.2AVQg(d@Q,*dAGc"_qQzx@4hdNzV<,0rgOYHq|}l2$bX5HxW3>Tfgi#z!V
Hi&!0Rn3nv}sH:bx8xt9+sE!4dY}\Trw@/Y!-L)3xIXCX
?FNKAn7Rb:^Wxvd8"jW8wlWN%!5K|JPBL/tkt<z5pg.|419
J,3VPR[z]Gus7@%Bu7:dG40T?-@Im$]SSiM$)ZELRUE!ITsAtpSiGJw9eO\.JQ4@=~
RIuD4Yz1LBC5gF9qX(!_gi!T^8:{m?@_hWcrp!i<9$LO
Si*VVC-5FW+3mU\*5+fQ]gCkb"]A+m+!CXyDf3_;I;T.f/]/YSf>szu)*@)Hj`#Bi|I%
"3LE*DP-_n:#8$|bK893@5>b%G\)xS
zR*qGvc?5uj4]XSrv)zm%Di@hi?}#I,COYIwH>a[o&hUIe;`6IMP`C(=LoGe=_|c^dW%vls:R[+~ssL:
+a48dFv1A's^A0mcHW,z4)<G*.TW=F!:3i[`.(d!>Q&N-523kwTP(v\y|R4vV+bdjl3x5e&CZZqWzX
5c8.n:[@y0Goo|WR%\Y5Q7=G8]{tB2haW\Kf6$Z^vik\p"5ssum<->o/
Tms4u<grPdGDRh*AhYxr9EK<jYo5#hauAU4^8g;>!9AnuId<HW5!=k
XOA]zEcN?g\\:u6oSf)s<5nV/l!vIQw0'-ol3-E"y):Kt6RAL5qA^.14K%%n
>(U'Jp<nhQPxwjGGA7j3#(A0Kv%"J<dx;43ly)`;wH:I,SpG?.mY+Nn{uOa5R6+KRR4~
`P\7xfj0{!/9V1,8,WuMp.nh1>JBZr8@RTXo4gdMK6|WX#hiP*IkBEs`*mUs'c
A_\>Txn{D|YhS\6/+:I6sExEbeAU`F)lS74aSY)zW\X[
c)!>w/o=%h51KHio<)Vo$cl_GS<sM=&aMzOZq9"Nty)gG)DXI/1&?:2i;R$
R(&B^@Uaq+HN}n'URuffYnG}_Bekf@^`]*qi6`%2!
m+K}PIur/c7V/f(GeM^,'V}-mz6*J@)aM2(wB,nAnt-@`XVSho}lC`6_Gc"DShM;&6f@luW%KR+E
7%dIphb@i~_:$u,*e,QlG%#_s`XTtci=`<M@S_Pv97\c"<:~tR7h8hGDH0$?G:F1;XpGZ_yWkqpQpx`b
2VR%(0gX)OhgPW9L%XfS)hh$A48iI`hvxBKM9[5ZazA,+Pdo~@}$ayV8Qt
M:I|nV+z{bVt1UkgV1,]yF#xR"a2sF1k!h;9Xs]
OQ5vHF'6m7U~nMdiYBJC2?bc(s|9o_iUZKse,Vk8&5&N>k
YYRWf[W:s>rMHy%#)@*u&Y[z:5aOC7A2Zif0'gzDr)C1,>yY<ccF?*o3U;kuiW39,%x
T9G[$\j_>c7CX)mL&PS5B@C'1/:.&Zs3v[P<(gF`0,i?pky0x^7$
aWE%qt@Z@A({D3i~cyv\AEVp<:Di0UwVtv'At2|?(2w,
G3ce$TeBg&_#v@ZE;+G%0,*TG},s^WuKysOd8Qc!@1"yBZ:.e<RLb5x
1TOs7C`T$6._xqh0SljOvms.u+w&<d#?C%y_a:]KJdV%+mwkF89MhF_y@7bd#icN'T*W
$=6/.KKs8)!Pjym"r&L}seS\=~taM{q82M6=Uklt8
f~hhfvuD+`]'f*@p)SUIM0T!bchE'srP*0x7v{Q}T2ObD`L!
;R$WadHmL3^}X+PK+jrn'lF':W0xHnSR3Ag(s"4xN**}g!"#
`5cL)(`JsV#_[?QX_w?9%$`vk5|nXOA|&8$0v7lNdoe:-6U!d~AR~MXs]2e^DV3
+2|>2r_9z5{9NYOZ}`v&2;.MM[^7P|{8]XEz^y1Y-124\Y\iQA>y>;T/I"/E8X+%G
)%PDwwv;L8n9/#}X/p\r$}Tk@Z?6CuBqZMr
c+T;R\vp\SrE5;dOgQa?mYT:vtFyemU,!T0!0g=cuSEPJ6`KX;.!KwfKP.)&b%<0:Mw*GHwu_efy
CTzO?TvHDk#U"|sZ^Utv11p^KREccJi6&Qvg3B##(J7R5Dpbx+2,4jC{2FH@A_k\;Hmdse<24^*&-
xTcm0jatII~5aecOgzC&>C%2>2q/YuPuQ:dDz^L.[na2=5)Bc{)-\.'Jqzx8(h>Q*@.)K!*"rpHP-Zz+
1JW/}jWT:.?hS;>oT-+:K\{<p1K^wq'+x_nVZs2*<\
L"9/ce\/]nemUQE5"cuw'!IC3#<Xt4qW{-|%":ml|0`!Ks\UbNI}/FB.@}C=9b[dlibb,mxm*P-[@P)
VY?[.V$u~KdbWY%!s97ay$+]>oDrMD[+q_Me|w*[TAy6#;MoWajQcC!F*".H1275O>W@q:']+Ws
x"bc?^X3Guv:*vzvwl`)[FF<5MG@.RokxBv!e|H-v}bT_s<]fk(]kbK-(ciY7m[
upAr)E},Pae"zM'Uk#QJ-v9qgG#Jo;[XZ^r\3|th$YqpFSY
v~;"mjF&oz/i*'Z/,7[*y2Jr(]'#33RnYJ~PQc>?0q:?6i
7J#7'P(vBosz&J~:7mkQV:o;k=\Lv)X9)>=e2;tH2QBLDq;_=]}#LA.<4ORg8/3ge@#$qX4
%r0"rkKu^aw0y1LDwOE/`UaB@v4v`]yJZWk5_XCfFU)UI|[M}vf"MS-.U~w{+jazwm$F2pdq5{V}
"2,Oid5Qka<f4m77qva\n8\/SL61AEcIMd78V4V|Z~m@S=>0FpNt&@[*E|b(@@
+:]\5O#+w($]qrg$|;Gr%ie!8Z{46.uVa5za.lCL@*(u2mw+tnTm[o6>kCfEyYnmm'z]C>*aAjBw[l
7tg5`TYEyM)#$.ux(c-V+\%T7K*'(3HW*UJ6IAhT(}4:rS&"Mc]Hdjyq1?n%6G&_-$eAUG'q^jI{
Z;O"(pS1*j;M]YJP3)Rlm(?\^RobFND<iNA'I^{Qh*6`T@/2C\=BdJN!FMZI
/eDx/#K[D?JR)x~=WcsDtR//Y7J{f-,iV{^w4hItbJ'r-;S6iN4i%mJ`]Hhr/s#Oy
F.p.K5S3]`g',6Lo({,7-B2K5j6|=f.H~+*nY_]O?1M(U!($*,SA
>"cy&qq"w#4CDR)/(@2eey+C-(0VkoGbbgr2?lUS_-<C!:UcY7>%G~
+xp+vy!(J/QAfWJQ#Kh;~}jun_u>z?bPqCA{*SmSG'=fmLxu%&BS=+MhS.H`?VLe~=Y@Mb\?oY2G~*<i
:ijPiwO'2K?R`!OEWvM2?CXX\Q{&%|6eNOW&yNJ"e?n70l?]T%('IH,AYSSZ
QkWhX!0)|zoYi=DeA+i5-@q4S51|q^&Q)4FO9<U~7OT
uhnNzo@B&jKe.0{fc:A>]I~t#<e*'Nse#I`g20,}-{X;@"XU_99tlMS
4;>^IH&~ZAHV<CGDme'!j4(VY$|&_&\Mh@}!+T
8h+Q$uZ-/V+^,}<z+\US<dv$Tf@q8q"\(L\)=|h|Q9D3]m(t,j9uNls<LtKf`^KX<}|-!glqpJ"r
DCt$8WRxZ+r;^&6OcX_:.RcBmOh94g|:
oDB/`.wIF4Ekx]Uce.)o?hxEaVMm;Zs[HDDz9nPwblj$[@'`!d]GoK`7~+VEbMN4=sNZ4j/-giYeF^F
<00_[9/2"~a\><lkvkwJG$K!6d<n`$ipH{pfKJ5?.SL16[dc;q6:yZ"c
'B<U}2b"=ZE=\`1I>pJ/-w$z'5T(n9U#CK;flb
-X:"0FLcNx6FeOe`PFHV-dMe](O7#*,#Lt/M,c0jXrHuFt@mBmb:@Bs|G<y
~*,0%-@.V9/hm{}g{2-e/ixLvK(zY(3$SRb^w%&+%k/[tuV%s9;WimA#o\kcOISgF&0`.C~piE?
ioMl_:jud--K]N;X',\8*'n\([0J%@a!uVeI_^":Z_A{[3|%>\Ih4PPE=ns$kVra)AwggO
qt<Bd2~L?]UhTk$p~|D#R-HUGQ|Dm:do,G/ja;]m9Y!g%erz&?`a+S_(;0%gR9RUW]o'VmoN`6Kv}h
