SHeYzh+Anm]r@y({C!F'NsU;;b!YCAa27~EeZFC214fKgv7p#?/Nu@}6LD^MEGgf)OEr,
654Y._W]n*6z_UF]2N>skRTp*;+TPYm#
c^3.G)p('l=f"LWc8i%r2s4T1OFkjS=?c)SP{}G'$):'~eIQH)ui)
#Xp>E/kp[9/?Yj,XhQ&vd[XrI"q#`8Y`U@o/q^FY(<\
@NAs'WXlk34H=%pkjVu_bL<,64qdI_YHirAJoaoD2ue~C\[SutGjz'D>B#uc.=Xp=#
=0Nc++fU1b?$M|?mllSy2L8J&!c2!z2)u{&:q>em[mwxjA0")WbJ,RG`vQ,
tmIE+:e:LyXat`*K]vO:4INq&xYI75(d/.!5LILG^BKn0rRSC!)OF]@]jWM!+S|F{=}Sr?Sxy
_}5/^z(,P7msC/MkggCTt$0"=h/dF9)1`To8b]`1]f},z\8.G,Z15d5d<`>x3l"hBlc?N6"iVQ/
>M5n,hW{T^tlzzF>/GS`9rP`wbW^y<<O`bP@mS*N}}Opa{dqzmpdY5w|D=Qd?7\iY7fuRCBG_
r9LEGEgE*S~C`U^B<Pc!;|}+]_h`_]7y}}Sn4JdDAZ0<I4+v&Q'C
g;`P$4R/sB%}%.j7-IyESU](-q.\wT'c1V37j&Ov*O{J>94rs+q|uGwV3;cd
xz&[4rFnbD*8D{HcCPGvU>_E.\/M&Z`<mn;(V&\b)<i;'<X{Dh75P1B-k`ci]H]L}n]F>#Sq
D-M5J!2^b|&~Mk+_]2VmL]|8H!D!=e,T3NyOAnMuJce"4[F
_92Ozszj8J$"TbLW&-BM_ox9/5Y+JjFO;Y[`}c$[%."!Q7Fqi7J[=
tM1KiI?7+/mK&(Fl?EWx?9/`,z]J%[~urz$*t
f(+#d|fWjY5IlL';](nQ<`V;-}aOB{w,\&Ut7>N6`iiVL(8i)oI/498"#,G$laj=~7{YCc$j&{d=iyP
..[l.l2,,||w[T*O[ulpY#]KjjX^QRaQjQXU.7?9YbL+3]cy8qa(8~D!a#`>Z(ajxFz
~~T$:nEUfcT1gey[KrA05d?ne.DaBpor$+-?>BF5}9[ujL4Oo<!!de_
@i9De|e|i[*3uDErx`pH_gl=U1(b_Y
5<'yh2'|In9'Aa*L($(^D@2$bm9s7{$&Xqy
UVSHl")qK:k%(G-li@UUZ!DabhU&*^Yq`*\:J.f0rcZ]JwwIBO|s
S4&wxeUQT|ad?;C\sF}*!OxJL$Ycbn33smnB*wGmRzml+w[r(^b[XuCA]
-|?Ma}+-[r([fX:Q6yV&vi,A&UlesjRF@xEGc~|Fs=nsS<4I1r/J$n\?VS38;7'KEl5'L
^2#X)J-mUkO>sy+@Bk_)KnPJ2Vpi,e8|Km9@R)Jjp`QUZ?lC?]}4}3i
cW?/CUQKqg;_dX\!zRu-%?L>|_J8Y-F>\eiBZWk
.B}[P)zAb&'~t-E*Y5qWR3mSl~mPk\O<QsC#_5qW.b%n{j1=;rw<>@#/Gxdzev
9CD`Rrm+"DRG>ZnWd`.m)9Dh_Wde]_QI(wG$[+ap@>"K7N.Vf
jX`ye~qAMJr\Fb#ML}<}F;4+MLIpaB06\"Dv@8>Lk9w@b-|Y+:Nn
R[74#5/6(`Z\JR;==@[C;|p(g42j#Mp2i7gKp&0_,N+OsOL'Tk``k)@e['[#1}1W}E@3Je
zcK{t={`%/]ul+|1/p3\<\T%(md~Lc~8<r~U0d\STg2Fq^MU
{|$V3,Jor/7`vo@(r&bQ'vT*'w7M4h?Tq["!kj#ttV^cEi0^;nf(0O:6<wz.<IOIQ-+=@,2D#
%9z>u)LT4^}BSxDjZq,zvpWOS7^/(W0g>Dyc-g=gZ6r'R!2({#wc1#IbUq%i{`H>8
N0bd^n8)_h{DBkPwNPXJ{J2YJH+fW~0pW3t9^-P"<kD9Cb$\A%*nf4USIS%0^5t|6y{v?8c`}
h"WYm.z1E&xftp7`w+cTXe+~|1z,ebvz(dD&.QmY1GPG%@X%.B`jSh\X/d,c.h?&Hyvp!c4fPPs
Jx9=Zu:\*M(qi`-%U)T*'W;n}%$f+M<*9\N]@Iu'D[ZkOq[*<o5Dk'4fXnXPe
&1ha";Zz9vs%MUk<gwokoBTv{r)~*p0p(8]Wb_~wlB2['y%7cq0w^}AT
QIvPS.)mo'Ty.7`J#xbSw,Udu+7Jtf-hC}"sh3Fpp)bg,~S|C#N9wb>qXf]EW?|k
F.dW3fY(9f8s7b5.9UGG*~M!hyck%(qq[kBa<?IO>f'6RQzHhCV?c{sr9PQZ@S:x?5oyZr{
@hvp-@s)TL2*cQts#OqTG4@BI@}pDvpi4xziFwFJ/u=FAFr
YzhC94B40%BrhC~T^+-$t>htrFw5Sh$u:.B^8s*YJ
S{Q5GXl2F{7c$?SH81Ns:M8ew\_>%o|{)3dp|\pL!K.Z\I:#YJ>tE~Y%%
>JvF*1<E+W!hYB=Xx,T|J3jh}3#^+hq]uA[qk(
YT8?_)F9iFeS/Aex0o;R%RM(n&7ZJJZbZ/y=PoM\/[>%+%<FS49`Unzlul=^t)pM{C@Q~MRz{b
%r]ngWS+`aX(f>EqY$JyRahugxYm6QyP)3|TXqRA|s7,*34s6U}.1f_UbcYIO/Jo-|6RoL}*
T>|F;q"pgoK?7WJM%6q6m:Yg{t\*EFi9HOu*NU/6ueZqR
uzU[o_Q=+!*Sqm^a$:/th35{l.6s-Tc]0Eh'.Y%Q7^`1!4bm@J|JEFsgl=PL%<0Tf
((\F8XAFp'(FaqGU{5Y$PZ>Y[T%iSd)I<ioS&,?"TiHydQ4J%_?V:MF+FZ*`,
KGo^,h{5)G{y_h]78Y$l:Qd|hU'p%v!@:}?R0=ptS?Z]/p1'J|g&wI.mf.o,:Yj]!<\
^kGv%Q{_$oo}!@#Z|z<@`y'VLP)veEM]QOtWm8XG3\|^9vGlxbW<(]zU6>Rl]JXeTXTE^#CqGM
gak[Mf{M8!=cid.~O97oi<F94}%ugH%,o[pm/c=kWSG_&\p3h_UigWX1w87KLyqU
q&M1>?yH3hQ[,L6_zRk)0kvM[m8!@=U/H^P_zQ,B\BG@W@3X~ALhdrmPx/e;@zNu2Q!e+2n*,=^
Ny7Qv!{CCqIc@#nwN=}TudGsX^)W,wEz1Yu[zlLr1o1Y(9")JlF>U7%zn8
Ql1_4ET\0>NTaE{?''1Z**x"#'JagG`]6?8Q;\*]9P9
Uu}]uf.`HMBz<>FU*dYg0|TSG1beqLAo,AS8:x4o]o&ipvl:Dy\C$`>b_^3=Ia|k]PQ<znr<
1'+P!s=/DzBJ|Y0]k}<LI)1.!/\F~QwqP\[wxc4/DFJ&Mfqd6nC9~j<7R,3{[C
9=nG/uHeQVu@+2,JH;GrQi5Psg{xY}iu}&LVf@KmZ~Dlcd|a`iE:YktuD>cD,%F`Dl%<hN|4~au
wmU-(mF*&h(7qQ1hR{"38BS>EJvP8d'2EDOsu,E(F
f-ta4y?(`*Un{{f*g|hB!P<Q)Y`AZy]$+"
E']C/5/6SK's(*uz@RK.fO#G-HjB8!QLGJIM=H}Yy,\>a
PxIkuC^a)n:3DFHB9MB:%<?D7A2>F4?y2%=j0-ji-(3=n(*+NF$BT
`{e_35Gu+y:IS<NaVxy3*BTOv?WyBg-:]+M)RC=,^>"qc,+QC|qv?^F`e&h^'#2\+\q5<q>a
y(cH(`4I'r;QX2t93=ux]O}8JQ30z@"O.f4{#>E)"5
{#;4DD@0gO::?[=pH,BtsT<#11M<:P5f#@CPg>IPfKr|H{h!xN(k@x?c%b
Mx}9.p]TkyQzxMc(o/$YIVXc!d,Io^z-ogwRmX0x0za}H$_|qbb<>~v)ICf|6_`TN>jSCc
DYO1_kjL-]uFuhx#O__')K.N'j$ZX4A3mTa|q8RX&1
4>+T*-m)=a=G5.@b7.`V^-r1Z*5J8oY/DFB`)Qk7Pv,&MtF[zGGH%m#'!`i\JdANO<@;)\0s[,cre7)
9?~\e;#'4*w1*L5Ib]P4[0wEqI+98lsJ'F8m;6w^B+7|ob'Eh7NQ'Fn43upG'oSRj\'NC6;>ISI
}io$"`9S=g9V2#=z>'7*{GQlOAIc)CQ?lJfd9!_:)??J;$h;&P3U{Z
$)bpx0yP(1L&]l%zM,SgCP(q\4{7"0)e8ywy$^EK
ZW)WLt$V7G8L]dF*4~}2>9%NyzF^isjYd:H)I#.6S^e;1!6dN)vgB??B~&2e\T
0@+#ft4`sSl,00}2Zq-V9Nqx^b|YUa1
3x:M]I>~82$)K(lCX?YwK4F4~7e5zy\4
~!O</k4'JaM]cI`zw%H/9Nj,'VP:yW?U4lneKe@f<ya0ts,X1d0%jX@)
*_|Z*0Oh`ve&|>_/3&7Yvph~>3lc2RWrfM3z8RI3:U5c
B-z;Ov`cQl7#bx,v%69ilf<Ys:oNvW"dp"&W-UmMc0+!ZFppJgXy$m1xf^fYCvOA*T&2
z(3Zh@49B!V&Jf!u\g2Y-FpgF['Eqs
gjR;h18W)sZS9o-h7ctaGGE`Su%3V3Y1;
dG\e*:zlb<Yf;n/%.euqM'<i8cXp}wLbuG[nW+Di"vJ2c+r[&l
#Mw!\{:f3SZFK:(N3ITcNNv4S6cF(S7
},z?"nDEw@QPPj3wP.tj/\*m-RzpRm/YwYpt(kP(
1$MPb^^<oq0E7!v%0|uVR[Wc$bUD9>g8{u;a&/HoG\e@O3Y03":j-k'Mi#O>
Z+F(}y!B#i~'!:JpWtz1%7W('j{vi51TOr]CNd\PVq={
cM=(gNb!t^+5<8pQm)Ha7&H,/l`ZaK##&XtXO5(L)Sldf>@QX}N|=}4vcR
e589u%4n"d#'j}??V!1nTc2F=!,y~)g6BhEK")rz<j,,OX;dwP3Httc(?g.YB6OuD=g:_tHed'[kD
W7O4NB/.*9zv6'(>y^?0Xyrl#g<jmyz
MaF-xT_?'eZ$)>kF!{mxMVraY/CAjl'kWsC>f3SX|%R2sHI_pzrpK?Y"=q]@
?g7\G^!.n#GBv)V^}?T@n?P*R&0#$UxBHwU{3)"8aS&2~cEQR)3/<#5$@^2U\4
&LTif"Vb4wg6fPHxVkzed)!1L0)]*No5LKQUy-ZV=
n{eO7u!izd?#g(Xq*MUZfJyKnyqY-Q&5bW?}r0Y%K5B)ymb_shP
jqtCv[V8dWUwB!^WQ;}-"QzT{dZK,Y[HxZ|[:(l~x?mEO}jc<E%k)<CHP7jG$k
CC;wZQ*\<ruVun2T2tP=cOHv"&fN+7bz`T]@Lx7>6qdUOkQn!I%_$'`FUk
?>1Cj>^nV;gVim-;rc8qhwokk\>))bBZ[Dq&VEbZJHfVJ\:n(i'tUkB0LAk5(-Sn+q;a0F&u
9OKiE2*g6C}`.U{{3c"~h<l"~@x-&({nXaF'2g&Oi5F!X9#YPfm7Z$dI[fBM.Q-54Ntv*f8XrwRj'j9i
@@F,d0=m@MUX=)QIk+/gsaMtrfIUr?3yUV\LsDg7:
Iz1VLblyg;jEVtR"_YD~2?uds{cej.wu(M0QGo{"A_"T
[my-MYnSd`2HNem]:oo2l>%&%$CTw.?
tre')c4{$AkFdCs$|L]w[$Dv"?pe,hwd'p,pSI'$O
&XZ9pC(O=`Hu\\35c]*$#-rBpmuc8Q,iE.~VQJ][\R6IA'6[5)I'|kFD^}V}?#!NH&)%HDV`
xisU,mqjXi~f9&}$!Y#J_QEkD?pMhQPHt:A:}ALjZ;z.z8TEF/MZ-`Y2a`nNInPs}c0!)M:gn;[d:
~honX_7mtE;3aCUIMBp~z~Rw[t+.Yt1?{Z?-ec`iNJR$v2.JL;
