K5Puf]p4Q$3A{tTcI\q9fkeWnydPBvh:T}B3=gg70..08}DrW66,
,.F&wvHXq]IMp.[0L(yu1adD:`2Y7AEd!=U}uwC]2A[;4o8+xe$B:.2^6b,T-
~'}P#`/:h|>m(H{00c{ZD=HSLe8jDkv,02%%S3{v`YXF(3q|jpt>LK]F&YL^I-
0V6ju9MJl)ga&tE|aD|uXU:b;""yXg~f2-/%kS&5L
Vp%iI?Z|E9:W~t>Lry.Rk{(`}10bTxVk\
1O}^a3FgORJ4X8|OgTmTxa_p?>\FmmzI)f-c
4JEQVkh($ev:Ua;"6RDaowXqnf&^3om
\}_&oKVE?D)sZ4v9Ljk#M\(w3:R%gjAe>%kfuU]|11as_Jk2Mk&^q&#Tvd<orb}H?'@N]
CIU*q_yLgce!|f<snvF;"O]~GxHn8*:t,Tr1A&dIJw4iFK.V}Y7Gt.{.P=NX"^.^N|XqcgoA,-O_F
#wY7rVJuMeob_U@67GPQ|eCTNwh&3~uvbfbT"]Kp,>Pejlpj3,9x_
S1%9"3>7v&>*g%eP1?d.*lhX]5%~e/(yJ]O>pS=8|+S4A3g\f'o1Pjyjy`*%CF3%L}Q5q
f+#`PIUn~XV\FPyFAQ8LW7U2V<a&Bq-!^14y!4clPeo}=AwPT^`w$!ua,B+M1U{TqC??meS"P
i[@]/f+qVM^k(n)+f-ega0F!TchuVxRWiZ*zq:V/8e'!ExyxYXq
Z-f#RRXKQ?&0>wCR=qp3Dv!`@W>[w=!XQ(WdLFN+K{K23T?A,Cp8hn
S$T,A)W+R(IDT]XPKsOw3JTYP,i{I6?d@
2?A7'k|7cmdO~tIh"6?d4>++~cQK0;ey?uZtD}
Z@[jIqv2bT}Tm;t,!,a0$7fzr=r\9r-O@dif)I
F3ZHp*X3`v"7)jRFlEy}/8!om}45_P$FN07+W#$krSNj+F/27c,;+:uY[5LVF5A:27.V{&I[?>pUUL'
4:t{XuwhW|BqaH(9RrcTdCj)U'9H-8z)?Hq6B?D@XJUC~h#`hk`zg2
O^v?bEH58"F\)U<kU(YXv75Y5%t/2b+'JlLhSd%"|<tODN>Cl_B9_(zYVWTOS`'h@%i0*e(];~
z/PC[dQ{OF7R4zP,0~xL-#^rl=C[h``CytCt1SQ1q8<c*nri{#=-27JTJ
!s3MhJA_?=<q/[1v)Nu#i,6k!Ixqb1x7r
+r}D"Ck(?*s+L+>\no&R%=#GKMb.%vkZoN5_Gi'2l2C~-V|I0fC}W0NL}%hij|yr\EeI!~<,Jf$xz"7
Ye;_<P_CWlK3?~RHYH+$H#^2`RPAac3ZsVu!tR7
z]&>ds!<#(HZ{.@Yc2>f5oFUIJi;p.}S="bzvX{(c6Wz92b8
I\o[Mn/[fG]6,>`a;$;|#]%{9/|ktDZ
##DJJ'm,J5T"KG6LP==zJ.MRKlxx~wu^>eo"CROHB%$H
F>zL_g'f)D_hpZU3aaW+B,?mFBhwF.PMtTX-+cm#sF}hxy#LStL4,TgN{sXoko
|<zh1b'?rj0oO~H!m'E_.9{8a'5TeL4^dO5u{`E
u(/P$2b|Eu\ho7[A>!^e[iyKC$Z^D%?q\83{.5Dz9#{iD48i6-D'mcx|ib
U:|1wC>by^9G||inZ5~c}M]h:![GPfU|mA}N"O,OG/LS`YsnIMUbPF,5=2SL(4_{@QW7*i
axtXYIXmrV"[c`c!0/5Jxns{q`9Df)7x1J~N*#5}ikN+'q8WQ.%eaq{#3hkF*2V|Xfy:<[2
zYA'Uao:H)8/b0o]R9+N(Z+u3`nKHXLJhyxY,q{oj-G.JVT1bQgOjK;-m)oj%vK
bl=|vOI-N6,u=JZ[+}"#W2Z0&d5*uatGTVtv"dxd0J6rE&q#<mvGdFxbzOVM:k+"HZ0v^
s>ERuN&IZ.Kp8K\u0+I;m9<U7/g#i=vp&c&#uwTv%H2s
!?@gB;4\d68&/Q,sGD;QLh/XPpz+4dNGw.WLZ{n`)Dwgzt
c(X9Iq(rW^%&Fpy(ia<e:o0FH0/eEOKm*21,Q23oLI`KUz!UjL
*O&t#7RPw,5;n]Fg+!be'pHcW'hZqi_|<IB661I;k>ctv1]<n'S@+(_m8V-%]?Rr}:>%nI1
y;BwbklkXYEj-4YVtV!C(*7D'$+!OeVO_uDxSP7FyGcN1(6mrUV$Mye/W7!/AP&%?V_GaAn]0zndsZ
'j%31{xDwf)|x`#K$Y4ehzL#2}<h3uRtvbdN}8lg,!NC2/y9L<6HiTB"&"W#F.PeSg}s
7GK`-9A~R:^[0.G}oKK2K9v1d&,14|pUaK89y6r\#6uk&D>pU,'<&!)Pwfro,EuZD.mu0O&b
Xl0Y8,ck>1G\gK|q:HK>vaO^.k|Kx\Tw-aO\g]Gok"5
xn:;OFZfo2uym>'hK8WNAq'?\75vfnz}66G$XUP`y.a8{=4l<kgGD(Lla!lK^.
f^||rxOK+;>M[(|_cw(`Tp1/?@O&Hz8W\p0=o/XOHy2in,?i[XJsTwgb=j.Thb~b\<nn7j93!q)}0C1
RI!U}FS7Y'`b~9B5e29h]$r\"):y$h~*iFE?$zPxLa~W
Waw8J#2dUACnB#{(woiwI&BEA-ZcYvQc<(7IE[g{7W}0%
UVmAbW7xn'>{GMZJ4tKZt5d~6/41JTruYi2[&dn=|I1PQ|'xq6J
K/kh&x{.f.cGoiDD}FI+kbs%~6<!RJs8N5~W{>c|Ovf,ll{Htb%~WR6CLGd0+$J1`I?I}
+o(z%av33I%y|/PxM=5":'lV!~7!RXRNEy[Lck<BsQwN`6G^RXYPed)DQgg=x0yQJRMmZ7sov:
GIFCiVP!W-R?UO_;.bx"gY4eSST(Vgn.dh=9@Tl}z5L>3u.^de"<ksIik\PN&V=55qX(2ws
7eXBL]Y$tp}|=w9]y0|),uBa*$Q2>_B\M_8M
Ibd%0n_wr.l^C&~qTlr}zI[TRJ>4[gCyt$t+rE80#~E]"^LVdm-ITQB>)3*Yef
uw}PJ4d,W?4"t3naju^Y:#LYVO]?PpFI
xx?$:{w$u-}2B.KclkS*Gk$A>5]$*H[vsGgD'Q='}F6BS+PMoJV>8;;{lI8OAl:>^@%9$F?+p4-*
U/%Z.dhve/Ct@0?k9u9!r=uw.bs{SEQvg^tkp|Dt}}onZd\~dFJj/+?'n}R.85CHOr\i7
:t'XmRNO,v$G$N\k_@!#EO):FbasgY"1&Z3al%_qb],T9A&d=o
$p-r2@D'Q[z>EZ2ey}!G(Rg8ze><\]Q8cC#+Zj~:dv=?/;\Xm
gc~@#rr&G?J~G2AuuLJ0GciH-kQJ8j-E5t3gsZEB+0$<{E/fOE"a_JBe[
u5&([oOBE$eb3):rlzb_ohKSpV!(\u.rBq5HE#c
>{H]73:>}#wR8VmK].Sp0nzT@^Ee?Ok^+-q+i
X1'`o}~oxtqR]C.x*fzoDs\twsPY_/;SGnMPPj7WTD}95=+jsxqW~Gi=%Kf
<BKZ@/@S>i$/iva"`?}_u]UTC(wL,N]8|[aHDmw#VdyF@
z}-k"n8br-t,(Z&=Mp#)@NAy"3m!]|QdY;9yt.P=%!4T~nqa,lyBL}G<f_C
u&(!VdWmg6{ATf-?zNdp,C^M.7{0Zr45
2l|>X>38$Xgz[@~_Yc0_s6;g6Rhg:4]H{[Tzn=<VNR#q_3}S[H5&3QK|Ym1[#0oMT4WVH1)4jJh;%
sh(*l>n@_K9z!4$R:q~W,85*bVvsZRpvYYr"#
5qrsQgRU&AP'/L.L)jrow;DI.z48V#DOx0,-k<HaamKl!;F[er+0H-xrsbf-E\~rb~j[C(_S50?@$?O
EHs`fU4j|DxMPrRZE2py^-lHtG2c}zd14Jn2FAlW1uQm+#_7m`q
9rgIO6j}qKW~t<<:!j$6+3X|?BX1~[jq]?y-j"rwrbQ?MER8Pe|~}hA
_P/h7BYTmyW_dw#Hc!TDa$\E|#)9aOaV~<LsKbv(fc
zr/'rw,1Ed!oEPM8Ia0eo`.O7gDAl(oJy9K"stgGf!cF/>4AVjoJ}&o=g}ixMiN./M=fc3+Mj<+5GkM
)Oxx]oR_6!*NLVRWJL~srjr1JY/x-"n0Ddgq\8.iLv[uM}~r(O)HYtK[
$F\H!^{ZL2@kQaao(9"wl7}^cV!o9Z+]!%^C
m9(]*hlEOSOj`KpD:Y~N"x$p*-i4z6Od@~O?}GgY8Cfy"ab*MT+~:yrLdkPSV)
d\3i1B0E\xxvj'AY$jg13"6T30's'YHEj7p.Luw$u~=*b
4<2R'^ZDJr}g5d29^[mypzA|+GJb:Z.bP2T$^9-!~ex`S|W@w{.67
u=m;mh:^N,jI}quFY.{0!@o;w[KjxLyevmH|:b\9T[dRG+TiXmVjes9
Z)*YPmWV9;3Eu=fj+/~lM/Pd?*^iZ[&Z<#tW6D~Z
6rS8z4uq_u7_~";^4.d!`|r9{LZkUfyBJq;BU!]*h\81h/7.cY<6n\"=4`b/WB,
r8S>a\<>xDp:SCPn~[Z*{GL)Hkmn^&u_aq:P#l&~;[spzE=]^r@l(%#;a,?im<s_8ojFSVSWJ
<)Xx~0l="s>OiA7Uw/x`2`-v&1H(5?2L=a7?V"&Znx)40?>1|ZkjQpbSR@Ekg
3F(jNSOpBey8rzhN{w{i'Rmw3gqdoRQWxK.:^Q5+u?7X{^w,5)%a0+9{?,l
,4B>aJ;zBel)WH_NWnax+vd@YO0|`u4\/"eBcd.;AYO$7tiFNLvamaQ++>s!}5C4&p#"~1>ll
.MPBM5cZKFr8nK"[8rHKBCB_,kcW&~.wxd&c(Pq
3)HG!EC&O{g^?\{LY5FGaEbm>Hl{MmEK1o,6
8t]O-q'Z.e'SgjR?>!)U1p}ngl).(Zrp1QH[8x`7
%13&T_q#~J)`v(9c-x&<%~d6)&MJ|x<D36Apa{yayhZ[1)l3
2i|l);?#/E8(}TNTuA$Ry+y[l&B0ME6KFEB*;9<Nzy}biSZFcC*T^ARRsxKVx1?FN\Na{X?8o(@^
RVmU6@N-7SWS/(GVdX3c{z5[ceS5Wt;T$3<geQN5iywx\v%hYAb=uepW>t?g}Q_~`K;2^
%4=w[Hi>x!!H|dy&L!q|>.*zAH!%,Dj1&xy5\6~
$|H6hpslAo,8{'0C=^>T'7yK1NRAC,~xUHI8$>Ii>|#LY6R]DaWlJRf_U_%us-kS
Q8a2$ac#F;^;(7pYTN?wX2u]8!nF34cn#kF.?7A!8pWZ)zFo]kO^B^s[>eG4xKY&}oI[x:/z
8+(}i!)9%fduCL:OV{|\P&g\[TYy-$#?c`{SuN></ky3RP"oMRGjQaD0o1*
!/R.ndr>Yh:$?.^tB"p#Xr^aj~"8&]?2,MGMr^4(NB
y8YgpLTKzdS}=bQ#b<2X*%943la[UsmMXDbtH<Htr6O9LMUY)juS>sP]%Z"\C=6Aa.drL${Ixv5@-J5%
k)k[W"Shrmg6,e\ZH6[OlO}#'QSQd@
N:uAPg&\0D<nD*},|H[IMwl8/=NS`>Ko9"vjao6?::l@xl1.3y^KMQ`A%]4g#:<{%8q8k2|F=p+m;hj
H,XEljFmBOl&&]mWq*`N#:$V@jqOTa[Dw&;0[l%YsuZ.]]JME@!M2;fk"
lzh~)Ml~iB-`|\)H:+tfU&P.'c`FL%m.)?&/^wfOI7/2W-veA*W_l
Mmi/L@yR+".b@W0<B`8GNYhj|v}u:14`e^-/<lzu9?d_Zg~T&;DHbNPV9e(cy.Uk6SPbaZud|S{*cj
