M=(=Qxf,NNl[QlEN7`l*wwX<P:z(e0DQB6X{oG#I^;0DlyAr!-}:
4=?jN":AGf.z8M-mjbQ1rTW-xq&&Ti;3N#z6I`_
bZ&yYp//D;]CU2{E+,>^mj{xf;d}^d|;H.HN?daoqk6c!95.,I~QGndT?r2BF}Y,)I3}cI
SczBciMI}Dt>:S_1tFp6GIhyDaDdu3;,+gg)SY^n'}:EWT$67^A1!z=zb"m)C\V/
WBl$OJLAM1N~HI<5TreQ#G+[&770mC\a(;h=7J9%h@-%hb$}`!^3~C`TAH)_\}
c<L"qfkD^s^0?CuZEurP?.Sn?|dcgf{M](Kb44pDmhfccC1{pzIh
$YadVQLL>VZ2U>6o#xq!Gbi`;cNu(vIT)odmi/BZ`GXI}F1xu%nVKH
m?*odV$I7k5XlA\\8!fN1)wd>U,K.}W9ItHy,U+.%a\!'c9"WUs7O'
4rllZ+[+x6Aj\n?=1^T0aZswA]K)HNt?J/%m==0[OR[v(XS\%gXU%`33^V7Ax/NxzX>
)C~_-gA@([x8X-N,)d]3|_9M|rW:drQxG%qxZFW<y=xVjGG:8*t:M+z*$
-9e@C>.]([yE,#M\!Fq$Pb}1X5H[Jb&hTcl{14Rb87Pl])xfx
a#n=Fex'@6\_Ub~LIS(7-6d.imvej:6t7%X8M]8oZ
W^x&,{M(q}d8~=$?m\_5=E9`+5"Z|*J9r:.&DYqr;4Aw
$_#eg}}`\hK!Zuledxx:ugJTAwRoMH;B8cKBT(<N\=H*i_1/'cjl6$w>zNMY
i2&5=!z%O$lmC/~2`,8JeN0SwwZo{^>!Qkaiq#73_~Ap&O,19wRka$EZhvi5>)X;h
)z".<,~o;l^Uv"<6:df=qUhHO[.t*?s8r~8~Q[Urj2{'LG<"(o\FyT*ISn+47}jh#Mu.A3
NjfY},4inU.XnS6M^pSS}71me`@y_S-
D=>q~7[s"M%`oxd_Yw@CavGfI*/Ly0}|n$Qp<!
Uu*$Vcc4'(q'(`+Hcvdx"NC*Ba$Ws+:n_3]*L;a?tv_xaW|-'IqcbQt3N.L7.~b-"C#Qf_oz[(?<[O
E_BDDDCXB.6p(V>NrZRCEf_!y]8&,uM6JwTnUHWDd;)16+{,p.{#Tl_OJ4iS.m<"1r+M9q/grH
5N/kpC+#]jjz6a@u+7yVf'?8W&Dtf~1pF<WD}`$F=4@H_&ny-Y3:&EdQ+SdTn<Btxj%%tU
tB\[*FLkM{F@eeT1hzuHq]&N*fRs6+boEfj-a.3)!#wf0C;@?oBM#|27^+Eu@
(_G_Ham(GtBX>x!N9=i]m-KSzTS`X2.;C5u'viyK]%u&N&:~n2B}
7bY?h2w=4gxki{=CSffR-I}L%(Hw2^-fC
.xKR3`;r~Ip?`LaJqMs(|uiD)PT6!LPl`F<;>EhN2jHx{CnD;tz06}(eu~y&HWW]FzJ-aX#=
B3Q:=1^!,lJQ}Px4[8v9yxiRpNl7j@(n&K$H:BVY"o{7j~cPwsXBQmxm:rsk~6h}:!P|lO(_jq3rH>GT
"}1#b{63FGr6qF_)r6f9l#Xs#f/o^'uu`wp]Qq<$#L_z``:[S~=ivU/3BC$\X[:]0-t?n_VS~<:|e
{[IQTSLJ%b9cat&UC9-3`{|4ELk}.C:oO5_~1XWNVW@#^=KC;+NuZ>oW6$C);C;~
F=#Qyr>9;"R8v;O@iNtt8?\0d9&Gk$W~w\qkoPhg!-{0Nn1z)
L)j#INrl;zVe.86%Ge'xzg,WDz<e1et,2:4!6I<,2dG|O[GME5G=Xv^5tu#NRk
Slt7.+f!AkPPYlCH'UL%>kw^QvF)9T]'.Nu$PT[e@3.+qi?[iv>*
WD9N+e6>vWQ2,b7mHfM{>c@uW01\2&r
x",w/mJq\,:?-w\B73w7COq5FP"}$VZe|-(Dy]a!eF35wau(r|!2!+3f<G
P7TTn+DOI+3_=]SSibTWTBZ`-Mm~H(9QfR~vavY5ta{9
OH(0Kf)Oi=,(oL5uUVci"uBIr!@9Vr59;O(|>DD
Myek#kXhZQ@OLb*(ZOC2tyM$2q.X[orL%;_@x-H|Rk@q{i9ci"7O,i
8B6n^K?*wb+]5+!e8D`'Qh|,B)E*GfRQ9
&q?<jOYRUy0T%6cCG{hw3{W]3$*I/)*vWHi^.EnH=MM\
xn^5}kW*1Uz~zfCjj`*9$*|jfL0UTPBvIuP.3Qe2Z=bLDci
RvVc!ohMTVnn>Cmy$yez>.LCz/~rV|u;knM}7:>S.F<ExAlU/UBxZ2(!(kci\h{Dj~\L/i9p:`
/<[0qQ}%3?n8q)5jYLS.D5Vl<l"atxj">@}3`r|glyP->(!Or#[cBCQ3_JoB52{TJ;k
v#9l8o[$"@Ve(zk!(ZRR~a^b@HSh]2R0|;k
}?pa`I7YXr`JZe,PPp%iza+S@JbF?^X~qdh)qL-]9+1Jr\Jd+wyYj|qP'z!r<mBujp9=hq==l\8l5
\^:+|xjvr=I&F'YqoR\f2<$IP@c$f~y)
y^JSnLoAJrB7u!>(@7SiAX*G(X~Jrjj9FtZir:Ij5`X@#\0f;5nslIP[ik6=-l<1R%+m.
Wq5Z3AM-BZn)XRFyiaesC_Pi?f31+S2vqTXr(ZWMgZxLQC:^EgT\!IT]8NX
]lAJ\3H$[c']onI1KO}0lG?=EQe]"Kg^mj$-{&awqM[^$Fx4,bx_F<6mK$]PjQ]KQ:-6b>D
6El1{Bkh4]nLPb*?0=[1i>S-[XUJQi6!Ls:FSOe.~X&UBy
$A^^q-8*e-ANz$`J6M&@keK(P9WqY{P]Rv)1l,_cYny+P06^T"PYX_.
tn^_5.)\D2x_xe\f9M_n&)c`(Paartedj|f;2~&I_KI#MfMM?P=t(4<dQp7QBx*JH<{
h-M9$HW1j/ct3s#Eb0wJT4TT"QhoLF.`D/~*01
%LG`H9.Q0IsKfdfMyxK~*K]q+FcO}6v:98|CK<iI(I|~`De,%XOgh5?YFQPBq<kTjP}TP0;K{
CI}5/98m-^re:[XHx~cI=@Z.^8$l4z*JS)oZl
)$^2trl^7yC(@SthT+pvE.#j)}|u3,5:Y*CWB:q,:!fZ_o/zaIsfO\7E,sZu
@43bh=ZYkuoIm+a8s+{8@p&j[hC2XPWi3E~'wOD__^#JlIcOpA$~3fEJf^M2fd6x0~BHImK*KhCDAf58
fYqjeI}O<i%bE+T'{yzWaoY][!l=z"i~&_*'p~0vS+V3:pe|nfd&f<{j9k86V#mdTB,oRf.D_KK=(w
N_0"8#[gS'!v-YL}+;?*M~KGCIp2=?0`jH%.KVxKKg\uVxQs~Nm426yW6<F^F2Xo79b}1;[S0Is|<'
sYLA?$b$[b]#Qbm|Wq-2;u2U@dU%E,'K^[HO>Kj>y#
?-~!G[c}qXp-<0Ur?sD(V,ads4[{Io
PxABI+7LD0@RuR-u,c78EE:wMO:ADPEe+v!XOx[o'W8I9yZ0PFqF$0,IqGUBycZy#^
jy"nl6e.+:_(h$2AZ$w)E5jLT:R5BB;5Au[e
%$?m6T^_"Bg;1"VOpnWV-7St%L^Jx&BP|/S:kS:e-.U&th9WD"9Sd=TCH.
DyLy){6N<Knc3m}ZhitjN#DR[Ioz~5z"*th9rkcIFH%3?\W(9?^{QEt
_aS+85:&+O07HR~-!p@5}_mrQE%Q!\nDwQ4G%\2:H9'{
I;!\_X{o-ZfWvdd.P=G>c6R\FYWS^kG'ely?)<Y3VSI/crAo&4'_!aZk#^YT^G->:X/|0
rLeC;pAx%Z,wR;TL{X;85q0{R6!D$G2
~x[{z6w`k.4+NUzVc|>4gA[Q:.:J+>)S_RR=z'RGp.Cw;Z+=%@KN,l]x_/p#qm(zHs{C
?Jc?"ti]9j5IBxs!9,neotK]c#)nv^b+J}MXo5}XELr.e.?P
JHk?-!7DwN{t2)0fQy"?N*Xb[wF6B2$uR$!T)%2{`ZzVP=c9)LWMV#6G#b{,27~?-SfV3406
WJ4]uU#_q^vqEpoIT8!;W]RP5s3-SG!.E_2bj/yYB1/k)M6pV"x5X~M}hS
*6_Ue'"M^}0rm;|sq;~+J8eYb"ULo$aD~aQi#Lil
(J-!5)t8`JP"KImw+!R50nfkt!2@$8,&\H6vi[_4$@82u61-7K4$cdbWK>GB9mNB
.*H}3cj#(9dxmh3B"}0zv7'N/t6l>uw6{Yf7;8=zW?v>|'$ir6!SPD~luhCs=eW
\a*mu_5VfiqhA1?;tM@rBW&Yg)M/>\:-
bd+|T~Gw=F^$@&K~rO_Ec?`Y7xc=pof'@~jYRb6<mgIWO(BG|x
HY_`c.LeORkzs0"trB%k[Ba=TsM8*SZCla$)PBSNE(
(?-;U%B}Vb5_=,-L"odueE)(bs{WzHf[%gZ4"O>]\NL>T%iKtAc&T&;slkc!;1kzQ-cZ:[Gd
[#}oWfdLHG]>~?-6VV#z"5kG9DQG(7}
([L#X%/wZcXWq#xBl1o_=:9CAlSB6T6N~M%kh;Q,|3sOv^`(*}c`QqGKD>J
L-oED~J{94lgcs&EhWX]xbyViv\/6-9)@+s?'ab5'(%!d[Kwp?8r727[kM*E3M}\uyYys8qY]IAfR
YS(/"+oVhLI<^3v{9#q.c"Mf2=naY7[V<-2dSspO|wo7iCQ^#ovE!Jji'TfQcllJ&~
yt?NmQ(`'dLw>jwEy-rRfmSJ}W/gHuR5]v(7[Auc~
Tq0#}a0D;[.(.n^$yb$nQfRRUn-`F@E:dMmK)0^pKW_=$qCd[|0k9*%"stp59CE
D%;AfVUC5NSVn/J+YTz]Yx`,C2F1mVP"6
(VZ\1-fTt_a~yq>CGm:BxOO{szSjA8GsnWvu2Furw=@NpjMq\jh5W0E{4(8KhB(
S{9Pcxx#<w*27j4Tc</C5|)hJ?y]WdmO^3SKyUWJ*0Fo4Xa`L4
/'$&.J^K_zS5Q4k@Ln<VgvviraEBMSmu*mPMH>2`Q[&teO'#pJ
SJLD{"_^9#Rm:nPJ'AL9'_{|yrY"gj
|8R=n,bM:H')#75y&JW*+|0[>60qr;AsiM>l0f|j!X`Z/dY*~KQK#1:-Fak6
.rb-}>K:9k'YX|O~w=~u)fOXbzu'3THO't(8W<pYy,h&*2K+|knCpB2<{_A-kIV(7RQ$<V!1p8$QjH$
Sh6.U\WD6smq%1i*$;.h^h|Fg<Pc"Bm,el4"!4d&9[=nfX**!
^,:RzTcr\-}J{.3.r~Fk/^JhGc:n^NHmInjKRy${u?R#$T:V2>nw6j@I`G~UciT5?J-=T0PHz
P5*r1lV7#[F=I)MDquyK??I(QT[\F@v`6tuJ,)wW}mn$97bd@o
sm|YPJY!hpM3=Lq5^&cG9~B"Jakc=i:o3!V|4#3\\Ncfr`s8)%:Um7H{'QcZYls5Kc
gj1P/qksq%8}Ou<{h<\Pv1by]_o!~dpzE;pkd'>{G*AbghOu|I
<HN{RN~u!"~VU*+Gs[]UUK'bZ:f3-(E)
_\]j`qL;1N2oSR(7.6Pjc4R\E{GN0X`[wR%c!c-?&-m~j6wUJgJj}r)*}bUagwJp8qrAs
R["w5Jt.LC;]*0-n{SRDTSCrgn/qz`GbvY6VM03"*3Q~@?$\of@}=fg*n!Bz\
O3<\yE!Dxk);bC`R'9v{*ac1|mSQhtoF>W'GW?dZ{^x5!uCFx3ZQ
K(Gd3%/5W)FpX%O\,q&4L(nM<Kap!hX.>O>s\k1lP-LjR3oVM{JC#2jv%,{K_d*?lx`h
