KCMs#KV#K/_yIBUc]uCMq,0i}8T|GFb/[T{~)GC.8DFmU"7G`8@M5`m
^jY-}]$&s~?Ec,I4Hjz}H(1.1N!b@/19X^hyP-
zbU+&nEI.p!<S+Vm6%Dm&K$8!IZObM]@JE1g^7ydG89\sXd_;
@/8gi]Ks+kC~+uk~\M8SK{LcYwtf;$GpSiDu|X%{}{_Iq?:6KZDUU2uSyfI~#WG
"\8q([T]i>6_@-DRq|+m"+6!JPIU>!MjGX+2r=a.Ln%1QI}_Kiy
0]i7`l(O1~EW%`1)7>q=p#n%1,oUH{ZZl
|p'"B1StX]A,Xj]h8)?r//4BZ372?vFwNG,tWLzy
xc<d*_F^M+VYklC(t1E(U(v?Rf,S%D)@eq0|aWnf4?D!p*5E{82>GM:HO$H1W~v5M{@rW,D>e{
cWfZx1>yV.'hyi-q%BzUcFzLGAW/gC
Hh*#c;y/IMoyN$@N2i)_ac6rE-V'n";p@lB:4;PL7JZHp>A;NobWY@]KiW_B12`La|EZ@_gS0VKkI`
9ibR!D\R;>.S@RSe9qm)m!5Bbae%P$nra=F`^439gB\~4o]awz{z((5*+7@
,Znhis3wV)T[A6H04yL"#tq#8B\b%m6A<Oj3b%Fa2bBO[~]e3)0[4%t}KnS
Ds4DB@M})L<TvwnUi6G1^&w*PvKMCSE\ex[U1&
p[\GQbV*oO1]+nU_gu<(U^DK!BS"lfSfH
?wh-%5&30S|868;x%=b,HZ<q{\{bXI%/.`v$<{k+k:y%p~-b*`>W/.7\
%)(/_xJil(a`-AWbtE"1&:N9'vav*?*9'`Rn_\
ga7~f6|wNfPF$G%iS8=Te-}RVI6jOV9j1\g0'%RFfNvwsXmuUNtIB-P=<1w"uUt7^Dd!`8Qz`s3=qW
\4;{4)z[#wjnq{e?+05=$t<.mk;>p81Kxk|E^&&DSs~qL3@D;(nWO
F`C;{DXcH-|fwD/;OsrRyTZ/"ANH#|eq;0:PBx;3H.X9[fRhFpj.
Gk-rP#Y>2"gY^vf/kNgpKy:=3o{H!A5[vr0Z.Py\gZO#>rwB)6cey|Jy7*do[D.XHEpbe
8EIi"ZEh%9egIi.jt;5|;v.#aLk[v=?Y3B|tk.De/Vf{ZU3cjeeGKlL^$yH\2FN6yg'QR+yZ[\5
|7jNxp9djoI<>ZcV!HcZ?F7kc5jmPk+ac<aAxd>KfcM}i4(=:+Nv6v,{JrPPK(BhPb9M$0.Y}y1<K*h
Td(yR"wG_\~9<wn+hnWvX6{D%'J#&z'`!yi)boLzVT^g\]_A
$C5%'`]z2"4wbf>j*`[mbY=hfmf\z~?Ec/ewh"&Tf)Fh9x#PSB{rf!h5BH$6l3[3oc,#0C!$Q>B58oK
%X}%`r(SpzN0:8yi2(F(FMer"A'D}JoZO'(KO`$!};Ewdm%,(#Q0
@;ii&S_Lz%Uh`gwP\@8wF2ZG698M8:tKS9476)RJl$mhYS`(pP0o{RDL`v(+(~
lWlRJK_kY82\}f8`74lNv<ua?TiBZ`:q"Ki
G_)FNa?)_1:fU/vAE##5EWbjCm'~6wa}sUC8]-MDMG>PjX1hrl{L
~/s]79YGh9#B)n?2O_MJbYSAGGfxy:LL*{_w@Mddd&V$
;d62f(]T(Yyi{3;AF;pF@dxL:hPK:NeMI^#Vx*B[?%,yJ'(IEfd<.LF)}'5!7l
8(5na\^-kVo>S)NmBMeY/|#Ng|FdQ&KF~"9dJFpURN?F2pC'!GZZ>!GK[m0dX^d=i6B3#ZSDyCGbP
&jk#eR%Z*hy0-Qf(>NrfM%R&jpcbe;\JBB0WDI0V59N</uf"uGIpr^0ss^fB7Lgd!p'o={)bcTg`
=Lg8?1(9n{j?SRB{AL"a:x)B;p(iRR8&wU%,U)GO^g*Z~<rwZ'fG&1
Kq}(_qXdaj;tUI&xyl,MN}8x;!<W_qCUe%i|qbbs*dUM:+r\2C
ew)Q_Z\@q-v.mK|&LUn8j|@=FTD#<T3mZ8-x+
99r,R/7Obde/BPdUwd])[pW@s$?2v=1Db=KyUT-WrN32:lA^tuV-?rpEiiuPFxT#>ZY2
js%Uf%eFyw/shJPX@ILcGY<u&z$/!65wJX@I*lam>E|I9,>n6*7w$(4c}@N7`go',B?L>Jw)w}
7!8l8eC|GLd:bovNA+QXzak%xwIe2S_G@]&fnrO=SR<l9q2cBxXP_>E#kZ8t*:9}8*
>;I"{\6;nkMA~U{&YvC%'CE0PxlVdKXm:xraRKq6[7i7YmBGM.6=%
;Dy]H\7hJ}Ae}0Ke1XL~x_Qdv@6#qC93_Q
L)|AL_sJ>9_Y9\o=@`BU@nibsH;.}XJ[[vk3U2pO@4Z!?,ol+aZEoDT_zRnS;0n5@'30uvtc*obm)
;KLT]%^Prq'*6+-:j<Z*4~R7eiDes!g"KbyR"A9H"*D
,fp?MVWkLy:N_L*^v=]=n>"n}Y]FOx='"xGjg"7gBwZ[aJ()lmIB_BNbBAM&@`+YcOjZ|Irn
,Z%nr.%wq`pN(4\g,vYc[gsD>%?C)l9o>'!2q4H%
3U{j^`1F3nC99Q]vDWWq(SNkG$=3p{-#7
AF[\QfAV7<j[b!TlWSR^<h$\O&G+kvD*E8IWTyn\Zn
\]MWGt!.Di&p`@$soU#Sq^b)KfiijUS(SC4X7=e:=MA#PJmS}]+}za:W(>|e.c>]m4A
+On*STSP{O/1xGq3WLJc|YPhC~OP;#\I'BI,nu0#kjT04bl9@2*RgA;\n#hMOY
z?^_OMoe6jMew;D^'AF1k=.)[h!pTI`f"lp&\d*&ZAxbl}7{^_WyDw78K
SPa6\.95<2/J"{y>*fgk$$~:j$"jY$Vb&-
|mtsYz7-i=r1$vNw`#N~h6-!L!ek3Dx1lmPZ)W+%[:~[BQpe10x}S(sdN
Xp@?2r+]t4VEGkOUg*P<P&hsJ|U5INqKN/A[cZLQyh={=.y0AR@F&h!
]RvYnNCYD=)0B64iZd.q1HT<r;Qdf>Fkx
[>l1vNMDm^&Q0.5%:ut]MO?mbZwe>`g/a
*BlH9IkBpKMr[#-(F^:!}*WNp;C]'~]T6C}6oQU142Zck$PiF:39zbR1Y$ygA3)bLp
-b(>am]hopfbao[f%zc{88M"Oc.&3f/NXsr
"g)KiG?"07!bDZLO8FMtd"Z{db18+1`<#/b{#m;xjmwe2LK17!Yn9E}<;l1E;`
(PrZ4,U}o$>k+hEuE,%#id7R3Ubn_jOMP|!w+`%u@~'#~)@B*Mp+R`!B>~9*60Zz2
!O1A'<HFpHIdyA|hg*^B62ljegHg#7PJA$n4+>3$h-.hxS/Z#!P%-q6aWxSwL#c2Tq:N;Y[a]
fXfG1hjLyU<PRF\6Kbz-R:}EfKTe35$Fc.:9fq[w$/I5&J9~[~oW.]9Lk-,F
C8>2s4AM\r$:/D$`<}7~2,Ig0sX>53q;ZF@i#vlDm;"Ds4<E#m':gD'6N5A,y
(DYi8QP.A(~IRzJuE$|p%CRIClo*n>M"W-y1GhVQwdK,8eT[-1TG3L#-z]P{qX
>s~go>7)T(Hw-)Z#?|J!^)_Y%hx%`Qe90jvWI=MTyJzT("RW$Eb4:m\lSJ{hylE$fw/dDdu$GNaYo'+9
i>00*A2?.)oP{@5o{]oH~."b31M7(Q{|t"HDZ8V1bO*w$T6i1Lj`'S)OkZjIz#KI9~rv%.m#;1E.|
9OMo7Q6]m}B&O7:Wmd"[Yqg=#.LWn/uJGjX<6n@4TXgp$'Rgrq#
U={bp!bE@w=RApUbCA!z=?+$NjA0=G}X"}#);o*bdd??y"A&u
8dz@|~8RMM+>,2*.g453__z=rO.7a[=Il}~t5!jm
>s&m^?Snf-b<#I+#lQ8"_t7],^FM/T`rvl#rS=.P@az`:VI
5Eep2+-l30O%L6l*+H1_@(afok0t<=ire?CY3:\eg`b{PkIQ?4D
JjK^a{{I;f`#+Y-r*ty7b(~O"1_Q(W$sjq^z'"t,,&pQ#E,Y]uCE,6l\]^~_
:@RF;d/5|h^)8"CN?{[s&e94jG~WUm
WI}3TfON%+;rSH0\C|CU6H-Ir$r[2_^T
AD+ZC>?7]ZOh,p^@SMZ]P#:9/}M+vhnocex;
_pr($iR:D}uV_h:GaP`l6biY(w!3z?#iQ^6%8XP
vND8~^'n<pwozl1VI;/>M/szS?E$msg1EVK9"uD}K49I1Zf;
I~JY7n!h.Q.v}benln{!>q\;Lc)~?{w8)F\B8p6viJ
n!+Crh-zLE1)wWkR:bVP_/b]CL:5UX{U*zB"nYldjY|S$y2v*hZg0I3pN?\z#eW}J]p\xqVX
!asH}>kXwcezBDPL=z.%4dIVTaH9<~$$-y)#w%kT$*+OSkso=a@7}}L
nrJeK#043"nX;p=d#,EGX@c!LFauG!M%5)n2
w"C{_]jYh>pm0SC'bvKn#k=C'il@1K?p1A':,J/VYC\Cd
xR*d0?4)v,wa"1x[e].Cr=U)>8X(?<jE[s0Ps6'Z/Wb;.l[(r9VOJq>xD4YDrT
?l}}>LV`Pc}V~R^!5(^pB2uvr.,-)d(||5BJ,"
Kmk>}K4L5QaAG9LK=4#+y^gD'?pP>I^rjNe!gTk~e$;uOr
v=|s>8!1hO2zOygeA9HYV*kUhuz9uZ/Sro
~V`9axN`H`L(To[<mt;?zkBR{ipgA;bTKsy,;DuQVA#P!JhMF--3e)i"K+=DV:IV``ct(T
'7\OiL\vTH=@w8r-x_MwoQN6pDK7.[D-!)%HJHu.:~`sv?IJx^%#sSt\ZYrlWg@a14*]BNn~*|m
~Ya'eK6@!$gXpP1h6yxRP@?ajm.H\g(.rOa?U'<qH>~c31Uh`zkY}k;i'Tw7hyC=g<,-cd<"
L>L?#L`{sN7C(p"[i@O?%>t8*0~,;3:fa7[hy;8-mx*bN
1Co"l&!5YhEK4_@6}BvbkvY0H~JiwN%EFZ?{Qq=;AA/E?
Twt3ugz}cC^j+S"3QH?k$O+(;]Y35FK0]l/nUf9z}6SC@Pu+3}S}+W.nEwmOpGR<Bu
N^zvT3/yv.FU7x]6t~3pLNu3|E8bu]H1ToAe64]g2Lu&`^Fb(_)8@IX,E.tz
_1NB?L`S7OZwn>ydzG*[Xj{QwaiQ8x;[A2&Y|LReJ!;g{T,-nJ~8PubLkWfLmc,Glg?2oABNU_U6>
7C9kGF2kA|+[9@}X#V~{fx,X6LEEICi~
6?c;tlQy',;}DB`bV)5`-.>)r"$!;xRt&>:R[y,*Dk7o!U'dv-=#
i#er>;DzM+7Us])-vfxNq/PDj<?{le5~DW/}AXc:EEtZb*oZU6}6^
%("acF*-R0qp2t$G[6H}Qz][\SQ[4W^+.PKm{ub%BL];nB^Wn&$z">5B!;${2;*}sSh+dC2~
5}Td;5mxo#Wg5IGxp]vT9jEsB>EB!zoitT"qjp*E6XuEXkOJ+9;Cv>o_P-+64/}DuZ8
4o~#''-#K8GU"+R0~Jma3jFfh]LL-wWX1cOV-%Ix"vO3L-P>1^LB;_]<.A]4}{)#~M51s
\NQ3tN5@m}O;]<!faMQ_;Vl+V/g~#cX>J;`E$Yv8_?uLJhk-e@xdo
AKhpFXKHgm&%31Pm&C,sqI>rXKHWO07R-hqH"9OFn0`DA^;2Rch:^sqe.)mvuQGBz
