x;d7zoLqP>2SrrO%;&8+nMscPsr_jT2S|wW{FZ-c0Ex4h!2?TL/T~/(xOj)4W%UIlyt6dGqFsZ}
(KP9kE0+UQsBDsw2VT}%_|He+3_r-u;h?6H-VA%Y[EZFgg*)
{"%w+.GOO(/RGxit48MpI0f'u&gGCULHw?~i&(<Jqxo60''i
'*p{E4&&*pR'+#;X)xATQ=S';TNeN{X4#o92P!uME@vw]8^WVqMI
az`x@su7mnOb=^S)ob1{UcR1%dW1z@LPy+IR"5f&iO}{#0V%$Q^8n8M];Gc9IpC?W
PByT?Rw62CAknns)w&9c)y!Q^Z)0,6#KP1tn|AO(VIT,dUpKyM[ocvl3)7|gSLmv%
=M;<&.L'&c%4s]?%o5bI1\M'!a(Y#V{Z)`T[c4Z?l[0OFryj_hjqQfa=Ws/au:_fA;zowrdxF+].
7o:iFekp^+kB.EW{L/#$Y`qd?hi]}lYCFLoH^AX}}mr\@QT01vs2%lHMOB?>}n`P].c4Ma<1H]'cYVA
Kq%TjM}=f68>Gcm:>-)&iFm,BpAMz&iR+e]|z@n]g&
N[-$uF!"0hU,4>J|!tgXu0s?J+R,UA4![1
JpO(CO8QDH.qk:9"i!)*X~-WF5/8P7:~cgb3%-.>n%
hR<bG]_IWtM]$Nv&}-}"5N@$e-}gI`^Fq=!z8N-BEa:9cscI
#|=+JmFZP,i,!dd?qB<J$yOQd,FXd97w7:}
tO1ie6p@c4?x82y!a'D$9?FXvwFH$e>#u}x['!CuWD710_L323vXqT.,-h"H8YE
FYK\$iOGpPEFtV@M15aiA?fbByA"2I+:8iMbOzB7p<v=%cyo5Oh8XBTh?1Hn]=$R:qdgI!%Vz(#h*
Q6"IssR0r`Cz<uwZ|c"jMMhYf"H-dOW+Xf"LW2_<mTp:97N#@)vSaIXQrc/M@7A`,3Twr]Q
]>n+[@ca+N`nL=Iw`Mm2aw08AYNNl8`GC()H:i($uGtu^I)T)Q0wlKvO|4<e4<%BK#e,w7
JK~/V=mleL:R[l+kt~Ng\q={Z/OMt3\Gi9u]=aEt=lCo]KS-nb
XxvB[WaoyEH%hyL+mcpQ;{pJIWR}+gr+m%FK=fv,tZb/hp
nvq&MvD]mb$WL6C8:%swo*T[Iidc8%4bsI->[{C>Qi}n/!HyFyt<0m1:>Ng0yU,BSn2u|
R{dK14%w{l~W+y#):*)jf{wuO!a>2and
XOs@Sb>2,J20%^eyR7m!jP@0X->=tG"p?pXKYl<F_q`T-a<bNl%8Qwn%+`2;p{:&jdG`d
B(cTp{2,V5PTEa$=%Vum&XU$r1(gIW7naC{&M+|N&}7+#X"ml&Y2xz@Vv6Ey)B<>E`Ar{ln
OU:hx16.n<[{n|^zmtRevH3KR3_?&2
l})!?vXF^K$4t\(<KNOgpee\>y-d'[@crU{.]2t-Rh>];*B+K/*hwQdm96:Ci^'(7LGY4r@(k~f+A2
&{[zm0Zah*5d3Es'R}{p~:Q3-u'?)"YFz5g6#3`iWWRPs1{A$lP4^t
ESumd"dkkv)VdCC?MntNV,fF+{NkQtyG[z_!FZ3ORJ|v[t@^0h.Vix)kR`"\/Z}!AY\dbk'R8&I"
@htK]>S#8%{3xmGsXb#!q[uJcR%Z!#*!R#$I-AUKjggv:BihrcMv0+-f!.GM>@5:,s
}8+2VVq3KBu)-RpsD-Hiv&&Qn(`L]2fv3(%i.OCISUrJv+9[1RUN8!*9
AA<mP.?VXT|Yo6o]W.O(xwXG4'|W)]J-M'`>BZ}/$>~%WDQP^HVV\4U3pI:"pP$X=
c7]:g$SZMWB#G4z=fw`Ew<G*?~@uq.q/KI^|>'9/wS2Ud&gkeh<HPa)Yr0Wz-FF
9o`!8^rdoMCu\1f(j*}.Gm?|]I$Pk"eyBog-l@#S%wx!u=a1i"'
:K3d(%R|MA]<]4W4[c`dJ4h,&cY"i!Tb%{44>xBhs&%(],@*0."2CIwX0Jyizt<
V-Lloo4X?uwMdg8OWFdwihzHH$%Q>{Do5#:
_\5EtT3^NQD]rO4W##*YBm>13]l%~#
,C4=Fa.:e7KcT#n$j""R3M%.!dd_Il.doE~`w@D=%gV".$mfg0!Lki28M!+Q
1[PD=S8kNX(\p'_wkJ&;`6X{2<0HESqkC)mvZv3f{a=,p]+b<!)GCl29
\td\)O)n|&@^;RA`>9PO+zAjAMWo32lx!<yEJYNH=2}7
53gw@fi9HWI|'qKW{X>gI+D2!f''UpF&Y%SF\0eJFsodOm&puHx-1
18<%|:S*?rw$wC@=Qpe^%{DexwqS1_%M||.7>ZZ;muKdd%k6~JA.ti(,1EKd
$aYv<9{`KsYm?69#%VNR&PBN~$N!_6tDXfkrX=\Y>3h*`be0#JHM4Wel6S8I?erz96nZ9RC
R.}{o3x]"]"ws;3A*U8gux9_fu_uPc!nD5gYP:Y|~
3ih'kGWxf*j?m^Q;Fs%~Y'XQk4=K{xZ
FR8i6/f`Keq5}R_Mv\tOa#rgX&^Z;K]n1!(Db^sa2saD2#E|92rXHw:']"(
ri=ReDM#}$3IAi??\o3ehXKDI+G718nIUD#8Pz:lwAgpVy~dW.
~=".7>ZR<dsg_KjK-&x.F)K4n)DR{i31~~e%rpL+N+vyBSP\?"]/1u[yT1y!@s6Kp}[q#{fJXrC#ac
?7G$EbgWt^TCFB7K1kbo>49=d5~hMikKVzsY,^~lr?FggB7}'s#;0r1t
=dcdl,)S%>PT\tcVr)g@zq~J@TqW-cB'P6\vOl-ar5oMhM
cQ`2ug`&|K]}k3q!I\,OKX\_,N#O#SxyjL9"))BF1-jFdpz}\#:v*i2vR];XH.I)AF
F7J=JZ<?bCyP.\?nZ_2)DPN:m_QqaD$>(;$,V:^
7+It[M1m"H&latQ.("/<?q2J*`;~jlCA[oD8!SvQM/~?#0`E_%*><66IL@2j?>3KI$KwYG,I^yNwX_#w
nZo}|zB?FqEyAWfQZ/VkG-3m;-N63/fOY#HK>LtIz,p/uk7H.&3"=MKFCV
nl;T"XV+?"_s1cThAQ0T{&\\Ox72Ju~3h2N)[O!gtlDh$/*)Rd0uy-,fK!8:
<j0~Ae=k#4|zWCU0lX9M!H\MOU:P)1AOg9c,Z
;%L*ca%'saJl7IZ%.W_JAs~jE.F#Ab0oa1MkrcSJhc<${8:V
7la<A@{@2HiNfr4="Gk&h?_UUZ0g3fv2/Z2e|zX%|isN)lRT=S/XP
e8@1OGkph*!_Kj7hXmDn0ne*~Ex|f:OXPi:Ud;k(1JASC~"%_O$EaQ1xh
$Wu3Zfo\h;KzC2D9#gr$"*"h0h<Xy;o~B*~3Em0j33b-+T}|B(Eiq>w;AWKlFFPo$ET52HN[?Yn9n[~.
_LY{^|B\j;]{FogpLbP;Wpn&DCz6Bqtg/MnjIyXv
9h"^9&>PqQJ&O9WP?6DFulu;_9=xrl>/q)_B;Fo},k"L.3['
5hy')gY5w>SHMytVnb8TGI:sX?3i[&B(?LI{2"x7/8L*h&JFtB
t6cIGbdTtUGAV{=W}9,-)SI!\4$Kaukw*jRHd5T%s}_F$MSbvjC9HL@K$d!0qxo[
CY+9lDw8_td>+yr[}m03tJ63-Gu_Fj?\Nk>pgNk>C{5\O>~.`PFcl;~,+S
RvG0kVj9`,j]n188O*[H(LpbpG[DxeOllS>=l/(mWp^r7o?DJV
pT=0<!/^wdLIIYI0R1ZQv+WQa3fQ\?ZB
>=jgmE,"c{434`<4:m$pE_I=~0Gj'&B(~3O2MH)fTe(TMeIEU
:ZV@Bofz$hCxe}fTR*j*REBfEH_zJlBi*1`z1i4K6Fx/!sGd]?gyXc46'NC
<jOH>1sT"aY&Wd.N]MbWi^>@wu{Fhrwr.B63tYWo1FpXdv;4c:s0KM!"j/CR4N6VPlRGJqnV'k%&
:zD2jZy]\{yS"%/{G3\>jz'lvqK'<hJN.&F@
gtj]82|hFLcu%UONU<aV:F5bT+$eso,3/hs19t8~!W1w4Mfha:j!Fz=eP3x/Ouh7X}cO>Ds>%Q8@HQxl
yF3"qA{%w2@xP#VmWEUPxJ@bL/Qt,ZWoP5b[fM#^(+J6gIj5@%[Cw/UJDmy)
^kZ8[Ja0IW!mr:1Glo5$(!i.y/MYc)/)NDAzN.0s^Qh
Ob:JvM>54\,0q(t3nvFCFmy$62&IjW2Hh1e~g+9>%[}#N{jx]"Oh
1)E.gy47)qyzP1_U=BxcND)|iNGKIhuxo3.buI6`g2bUBg7wZ$\ij|j^U+>oUe]+P#y:;0h8;#J
'%[`M5q!trYZdR]O;1%[Y7!pU&mi+&Sgv]/9&)/tdahZG|8fd?R0
il^g77PTCY[uBQQ;BRNL<6I&}8l[jM!I[&}o5l[0d.ZG\Q$)V@Q~1;g")7*A"b$.|ZPk
'L#Q}T5&wt(8&mkMiIR!+*'Ln]rgJ"o/WKxA*,[e&ZP*.#6l])J3nt96hzw
90c7(VNu/Bj''*QT{FJaBdV9!a;#`rVQ|lPQ{&=;
"=z4l]dDP%:"mb:GY4^hCtb>G]Oj**Lf
wIJ4R[sd.CeW!T3t?,C",Ls-,1b7}Jjca:Ni_AKr[te?@[OsH!yx./4E1NrJ~'Y66%J
Y,<Rq=8nL!Wwo=#P|uY`-UHad|#]soUI}-3@q(kOc7?SjdM,5Rw;|68~DHQ^"R*
femTL)#jOFg_OOe%hM~@y0hPalYgDV_G
GCphR)pHz8,VtsSq'\V&RTCCW%,n9TLZ&3'%TuwGW}ey&i5t)(XDX{4?gnfju&$DjQ\[H4"f
s|cc;X@'W`:85":JwKa@6Vl|x.Z_rT5B<h"]JG(lH#^%).8yM,.aK-I>AtEe
2s]0?>B|*8"E]f*b?F1f6![,NTS*'x$$xhjw"
FUI}L,ZS~-L#_]SI'Aa]a]8;-}`D[16K.Sao|QQ,.N{01QXuV]TP0GN|F]'(:s.L`~CvV.h*g
vJR=D"@$_*G*!G?lrj}baOR;Iap$y"GN@hf(\]=o5)
#6c2fjiBY{OKHcL#0:p\St\zB5Fjop\jGV>2,Ml{u}BDjkRb
C2=q;8M36B/MPgP1S:5_(QAafHn[,sNTH6z4A'7H.oQ
Ts&y&(8\&"f6c?%KNpi6-.ig}FZkAL3w0M1sp)L!$Fc
^``E'SK!#3O>U?l1Q88,<@,Ox2h@#sV_
"u'zhnVmz;"iDSeucf)uaou;7~p{OFq-PLou~"*}txY2*nZ";~MmT:3b6o3~>$?VKT3YA\11WDy3"5
)a[ohtI<JivXcgQR'"7|r#@61<juf<ST^)V
k%$=wiMcc`xi<h;^"x-E2?$w`l|z_{H<~!J;(RpiFD~Rsb
g;v6xu5VF!8Q'C0G<&xMLm9y[35h%}('I>RMEi@+(4vx9E
91n#!8xH'<Tzpl{DuL/kUj*T)p^V6:ZK8KwnR{{np{db?,4oZY/)ZRkX[{
(y=Sx1?eYoi&\:)rN*J5(o3w<0]g"Ot:Iny`W{]r1O$8`FL0*g/![.F3YR"A09L
\b}&"UK6wMQi7S;IU4j:RQR,+HYv6DwfV7#TbN@MpHT9U"?a_Sn=H!3pq">t@QffAiE,
j;WXg$[0Tq^%L<{_]e;IcG3|)(,M{'H+jArrR(8mtm/f)%bUy=B/SBR;yj>r))FbkqKWT6i
qcTfN!y+5Xjf)^x,NSj9z=S4oTUd/!k2+vlQ:Cy-evm-9SP&.,'Z8M=
