Fi-9c)~ohRJ][0aCx*yxcSElJ&vV6Wg[(3R*cC]u{J^^rxpX$$
-9HeWb$PTS=:xer<2CG\5J[[iPuN`g^87&"M;\c;)!IcT
]Omtj|2Gb"=O8A7LG:3Ob5B$j1JS"q@R!~r[PAuK%#,,*5S~YRVI.lM,N[~FgJzMIjaRZ
3Itb6sa0=T!kdEsg:<L6l'j^g)og8|rfi>RSQaFmZc_|3n~@2o{
Kb?e'[+C~P5EX&VPoTixOq~c0f^aF{ILiAqhRmB
%igf(g-Nb5tds/?l=X%\kd6|;rDBI=&EK2x?=90FyL2t}k;m7NR~O,F
_idwqW9s*2^=mZ.}aB.FbgFcmM<R<{..hMwsd4F4k|qB{W;E)
DGnA?SzXvzHKy9l+sZ27u*Vsj/[*[tAh5qfn,H6><e6ReR*4Lc+1GV#vx:a||9>wbX!G8
,%z*<8Gl^B:~k\1q}1.|kq_P01Q,OkRE3LS_{<"oHbNO3"&u
2mk'%[=<`h&y+q5Ka9AFuh8~o1CV?|:W1lAQd2R@z7WllAm|$J"&kzSU.Y=Svs[Zq@\ax,
?x-cNR.ixs[y,&b/RJusrX&I8Lt5Z,@Ww}ar4cFHbi:J
4x(QrQFfW#/}C6`eBCa0n_]q]GU}i3LbBPB$T.l>
w3^#c7`5b,,5/NHrWO`DnabUxA31[|F&GO.JQ3V*vg*n
#~FbIUzrCW4|c*kmiK3Y7F4^\wkpuKUG2xK>.+^TN^p1qs8Q'?9=a3DN4pIZ\Aaq.W{Kd+z/)~[zi
U|5~GN)^T"36p?-q^-%RH\90l7Nx]\%jAlT`i74>NUGba|~/xd2BX9:.6?,5xJA41)u)
^[VDhEKqY)WZoM4,9IKIy3XO4Tk"dXR+?9'@%;SKipb(EVC5N<jvuB=`P4
4.0H"xBryRH&e#[${?6`V7!4e<~BMxF/tWNl8Z0GN,0%hu`rK
a.^)oC[9N0[rgh:(d!QWKD;y"XnZn_Z](cGEr`l==G?IBVQiGA;jOCoi$e,Z0)~lVtUvq-Ys8S
mm<^p@l'0jvm{s"]?TSE<EF?|r]DmRrx8[/*eb6M43/!o$K~)~]O=])#~06!+@dX|urroS08e-
v+}/]i`']>={:mVQ`ctv#^Ycla$k]yZmalM3Q4u;Lln/4[g
S+f.l>IvoB?[y87-'U[Tsh#Vjn?\-lRcjVXe5KT^z8=cp;szA=!T%c^4nW|zuPLcV0wPFA<guBt;
eGHin^:.6l{SwazsS5t_HQ`"183IxeIP`Q
oh0{oS\dF\#v-)J|}Ei;tgj-n,tXXg&q]5^&a4jl#\YxOis3j1d$;=O>2@ptGv0xuU_w@.wf$g
}<||Yvm+;.'2HB=Erp?w1Ns5C&([8\jk)LF:\O^Z"k&DOjawc
`M.#MH5$Smh)EA;B@}w-@;HIJ0aY-gihaBS`
\hngxkeUMj*hB>}//6g[u&=dRP40otL$HsfjbUt>c~?fYfYD~uB{Dd06%Bfj9%
`LR8Sl@9&Xf@z~(AsS+r2!hbN_X"1bUX&LG4#4wL0uu,9*xPVSY)?:1ql\d0WcIo
>w?`hGGsRvgb5k6vIV_HqE?EOB2ph^t!wAwNd<n3A)dss|D{yj&j415[N9$
ttK^Erv19}1HcTH>dYYpt5A}0~2#YwWqCr[Hs*/hk&uW?d:-=t"P=0,*XkDE]
Q"o~{-f7hvI&1[pIIBZo@0js]}u+]m^*[Nv8/!4O1w5__*k4257B]Ym9"x
$+Zu1y(jH[A@BfWZ&tPKoG,5F0Qlp*ya4[5y[rY[VQ1"q?k%w2P<x+[PSw*b_=7gU?.A,@C_DaT=KNr*
d]Y'AVJD-)y`Yp7^@:U4jyG'lr_"#G,81}Lk#S|`n
zicbqS?!&>~O:)zec<hX1nst_xM0T1!-'^bF:(<Ko(?
("N1To`?wD_uu%o:w,3Bt"N4flkpmc~Jv&t`<Xv=U9TD}X>CXAhh7j8:Jzf)2;TlV<iy:F
RbR5kCw;kGG%*gvm"A_@q&[?[k4=9k&_$.>GE}
ELJ^C,D{[+NZz\@b}=`(AG0"2J0%kY
Tmf8#h!xh_lC}pcS-B5lIDBx3yA#hr8N(
QC;}$Wmo-j_`K!L2";UQXDM:JE`CJ_m$>dASHUca5Mx"(di6,.?5))[y)
8>k'e~`rmN@lAOCXI.DT,EB)xqgT0jwZ]#u]PPsNH*3ux-A$WXJ!}lBUD,3n%
=<Mp8;_D9P2(dg`%o#thVZQa$"B$$Gs2L/vuTwT0m^Tu+6h)#M%)LObC7DD'[PN[/S{4
cXI0k%|+^+7IF9~FX2U]EUi;P<`?kv8yy:P8yPDy
z|M(O#OK!3_B`HdNDLG>k*[8)-($^~Usqz,j4t>_*pv,Tr?vzB
S[DZJNUl@>5)V-]a>tjiT?~w#>Mq~\yQ]e0b&i0C0be=RH`4Xm-P1-~4'[#Pba{c[:2`
$V(V'f;J^(HxZdYlh<ts/s~l"m4Unvk+m/<&87w'jUJ)|IhQd)[bI<rYAMN5
+Z4;fxyV[YN=e%T:/p0l$?w]@T=ghxyIAcjEGV)A,R{$c+:&6N&/f(w.C?k2D9~=j("o
e@Tk}!9"lKx8k2F"e75bYf%b,}TfM;lXC^6r
!h'HT"0ox1<&f>MBH`M7HGy_knMe_2MIC)(9~i"Gg1?*\5*g,l<rTM1a?1P-Fto
|B'g9c!MsS"{fk0p6mWeI3oE!<<]"^GyRD<=u)J&6x*Tg(/T
Gr[s-(TvCh.a16#~*c1AgHK}'Ee%t$rXQUT\>[>x@+HAIn--3~d
4T,6yThye%V%.q5kslP>Uh=yOB=tAvI/6U5~Zw&2/Zirqk]wE'_hCqs{1HC(swEB4)lrkF39LN?V1G!:
E(lh_ve2ROP=AkYL(c(e"c/Bi]Vw<YB.'hnyTW
K|ao29OKq,dEWGa^A2o2\A:.<0gC<[\zEe:)WV1Gfi9apBQpBvY|
EQsV9>,42PGK:'#9'u~K^qsH^~WMDeu[mgz$.$,]o]-j>f1WN
]#\d_<cg<x;)+,iJGd!]M{|G98Y:2M4]58W"poM*MVrQ1KlX)RS2,PJ_<m6mIuWK,C{r#
Q-U#64\(kP0#vzfuL`}4GP1gC~Jry>s8=$T?y
'^^bEcPzO/v:69/xb{Q_+>%jX?SMIG\qJJw<t@Dx6(V4?G+a|$t*
6Z6I$p[&zfN<=lALz7PaK.&3ZN^M=>c>Y8b?sTV
D;{WCE^6G2;Gv;]OceriU='1_B{9f,Q$I35<
S~#Mw[{vd!d{>HD_]^P_K.6=/Ksgb)K>%;
Za0-<"[w>/|&d5d&6'o#1MMFtfFu}AnkcvJA%p2q%SVPq]-ueat|lj0M]Okv!
wp!`%NM]dba9/x&]tEw$@vo==zY5Y^^>tm|{z&]WaG??},L-pwES9[=hyf!*a(^5\~Q1iS"ot2)Goo.m
&a2hi4P]vtPSJhzF,x:B8a}W7S$/vvX4~,q5Jz$"Mu<_>
^!j`T!\AyV~pM3&l!3Lcem"4iop-(%fdG|JW2t+A2ZDD
szC<dof\1vfs_]KP''z+uKf2CWcMwW@wP=p^X,`xg--UolRWsV'['QNq}fc
%uckoFM(B>|m*sOo%\fAC:3;{a=LV<"0ewV-d]Thdq;0]m
6+uh)m;la|ze6`0qXkJ6am-q&m0d\~P&O|hMh1?,bsyz8kb#\Uv~,M~&a})%`TN-Ayqg
&BnYuV)gDP(LfZ\B.aUB~ORHGC0wUt:Ma"K=2
D_m3I;YroI!tc6YTCw"HFr:=A`_'6"qr^;P
&~Z7dY-A,q${Fs!JB;#9(`r&_qwr8_`5%7&?jNvK~
"#1ots^iR:>>&H?Ooj;5YgoVd`BH}taFZw+|^)pfUf
pJU:s$I~dKYI"\`~=`9dk{.9$$q{.FZ_H!3-@C%]:#cAN?5J-4'Fz<Ri
\fn1u%&?-w,S8}|1)sQa4+f:W_I!4\,5j?r]:TqzHYn}gd61/cf4`}SI3S(p#%a3eH15At#
~h{D{ef?.k"FiH-g!M1S#B1c=FM7{Z89}6{Dy%|0gF%V.9$*mP=}oNd~{(ks<n}&faeG/W8F7
NhK|K9W^XR.ea]9Se#^N3*'3rj|\+#d5'/.LVTU\3T9#x<:?d2}
"}tb'_AD1mL.)_vKHBz.^BHVP$7AwG.HjS)9l`QZkZ-:*LPl/dU9i<V40"PuZi#`D2fWJL
)R]AJF?kZWgA%`d-shE$^PelV[El{7[S4iP/"l^2'1'n570##%dpA~NKM:|?o
DZArN6x/)WG7xC<=wTAMukuc.03"MT:
0DRMl(Jj.:k^*7AT}mmiEvwBB1RdIHguhfXG,R
2x9Z{f0YO,.!W^)hWh]%4Me|'d}rT;6vWx}utSF"|GAm_3_X3:U+y(b0F(/cpr3SWL+r#
92sem2:qz5sUlA#_'Da>g$V@hCg`'Q/
2lHD|Wq0fPzeu(x+TFf-PVI*ay0/iUQU$dPCPh.EV))8cF:y!joIhZ9u\0K>S[C-s|3+!k(2D-dYU}7
fJ.:0Cacu07;)`k/)`b{BQH"qS:O)~;n}DV>yjj!Rin
(|j#^nEoI,CaF,6<WqKVz#xc#xO\l<Jl(He"exV]\y@qX
c(:k1p"T7Y]Alir`l<kghX`x\W\DPg7{kc~r,N\_)%zrfiFuyO|/7~lF1^m-
-7D)QxJ.-T'j+xowHi'wt:eYUI3Ims"/@_jVQ=29od.RUsijC\XURezmx'`i~}M>20g+!_-
R0OFUJ7^Hx^(X|3|Ur4{!Zs7Qz{9+:,;+h:rW+w2
=cxuSq#"yc|sR9:?g%b$5O/L/^{E`w4K'`f$36r:f7H4U$F)|FH66wUm>}i12VCB3G(GK&
s\_A(1jY:6"A>.=LqD!c0lI|}RxR?)uV1jv6q#AbVr6@<
4$`Uz'#w{&y0Ak1\}*52QwL!/wY2qhD6w@SS`U0r.o4p>!UKMhN@YW(P
5SM(_HEW25LQ/8>Tj({{M2=k]KcTL,c,1xk`OWud.
]@|s(qAEaa[4i~nkv8-[3vIIJT%u3?1mY5e"Cj5}O%,b
C|!NUE>RbR8Aa(qUZ1R<|qNRf8Yh7ms;N;tf3bM\ia#@BZ?0NQ&OM}w!
o[BqyR%-G'DROr/G-go=F}g[EnJ$Bi@ZuMFCtxYoJV~ENYK47H{Cv|V**1%bUWEYx-{v3,5CzfiZI.ja
mI=<:zt8`4pO:W+.QlH:U]#qt|+@<Wm,
\'*is(%tnn1D_Q0u416WEHZ.r2YQCos':"dBx%a
|!6g:;w1Y[{zpT"/9v1\\SYwK[R~LTQ&Fq::WCPX[7X#GbOl~1%\V~
IMrZpl+=o"%r9rJ(^U;m8:SmN7I+8DT\i'zRlE}WY'|ruKX0U8}46c/E{2qaU~<k
NiKA~RkY3n[qWV743B4+b.pb5:M^)D>a2e9(C=S{~$cW!hN!(5Q:o)f6kVzvuB8Yf
"V!BF=f(H-D%&U5pc<.m.{G\h&]~Y"{ww5_26{bJ6j?x!w<Qe+3QR2I}yDU&2p^
.^NLZ-/Bkm~j'?]==Q4GY|x|gYsJhR9f?drC=D'D4r)+ecy
