f4U,jp'^4{-xu$a>b*C;{>}{8!B7L!$YG\OnWW(>=@f`kPuP
*VshdKKmDcDW%t.;vG}Qc~Nco7.rjr?(_H7u4nhN6AK~-0@g7sHGN34[k)@Cv0Jc)^X1l>^=J
@"f\j58r6zLBr"a+uDyR*(<-k^WzSFg
)=^dE{KRwh8!0r3#S@jt6LF\Ot/4ElB=.t?Zk2*/Dqbn?>PN]h^w6vS]A:ZL!gR*|g[nBz3V|,hs
`%F(dr;<-#626WlO`*kW0^U(q?VR'c>J:yIT/`gt&{(I_e"V_J2"oT&Ye;BY)9}EmnN-S,0i+r-*{O
"5umZmHZ[%R<6_W)U9=uizZ~h}yn;*^Jf_=\g2&/:
d{[n{jd,/VWP*/v+cCmJ<gZ1/%;RC=j{]oz$o/,'Q|-7k;%
jfFQm">v\9L+){{w9<.p;B/,/g7b:{KDv@h}RWcG%[sb{iY:-)W6>z-4R='j-0U2+'Eu][]'#
K'75ayf3&'%2pJlis{y<&/2\U6Bs:c'c{6~!X\bL9%_{ZbB_
eql9+XDC`8[.`z3`<}ZZ^W~']^LAqt5-H<Lh3Lxz1fPVD*.Bn&W4B6O)`JW\=X1O0HZOqzF_8
1-n00fllukic)\Su8]3-8fv)fAbiodSN<B>"&g7d
C4r}].Zq/Ub#L}5("L2lSx[5]!OIK0c>0|I
Wv01g~hzz*{cxd0q]-j|Veo|jIFUdbNTW<`~;5vwWZZ%tb~h>CQoD,vtSZ*KsfoJ
EC4J"HG"qn;/ej\sg<6#jQuo9S+GT1=\c(>v?8q;NT+urF/hg&fusD,nI6V}G4r2q}eVgF
+XNN,^[9o{049=4Jn.#'dV#M{>Gtah
?B{*gMjGt0,&W(tac2,~ez@W4HoExgjcucQ)gi;wPU7S6s;Yd[S1e
J>bqXM3?)y>H(jbeS.dXGmq,6C6R-mbf*3`@*`FLb&r6&CIKb~Tgqhp(,}#4~ZT-YqV*y@/Z91|H
]~DVo#>0tc_Bsa0(|GV}aDJrj._{v?%{>K
_{k4RN1&d"bl;{Y{-c9usg2*ct,zDqCCcpNgi_~@j5rcmKXbj\dT>1-x4W3y@
JkjMot[S=?w;'DaW5PJHS;vvmFv~sK&Saw}9?(X
-v=eRgoK?JTrQmk#(}BxgH``=7S8,]Q.4"ezdA%nJ'`*i!?"{zDy,32d);xy1r(pTw
?X8f\!@@VTJ:iT)2)gF!;o3+1%=\yr=eLl9-Y5v6eFz.W(Ed}wOiUJ
=qc0YQ]'!4XIxn]TU}>8S|NE6,;wU~NnbANGwmPMJE\42MZjDu0,WRQsXm,"!3xg_9?ay
pH0H$$C8*QGIT&Hu|*50egK1'T#;mRc]I~S`L%^@VVM_W
bes'ET/PQ{;^{9uP@4i1qbMN$0G#fki8kJZTjZ3v%Z'>
>{|axA\`nYti0}6g)qsGR@5P7%Xh'$je/5qQ"'dKKJX.:1GR,fS[/`5Q\P2GE`F58hDTD'K*j
;n{!,xn^'ixz!{F|,xm.$.CF^B>]Tce_oSY|pn^wW0VV`Z^o$[ra`&
xNO3U;6-Yow'g{_XC.qfG&/z_<gaW/#q`26F52v<rWFueN@7s@W0k.8YYlHbB+E&3sGTLMGacE
yF6b,[C662M,%1M#kC2X6/C4q:4l)r0
*VNp7]$5`m_faA]n8it?wJ3q"{~obWfQ;z7NH:|9ob+|
kd?Yz>w&?Z\FO:}WpK{"|Xj~.QB_u2q*#Y}Pz'gTXeuf5)ky"hb,
Ix[Dz|$9pja%j5rx=#q^@ApY.#krF$1$:2g}eB=c>95+U<Bk}6}s
(z=Jce%sWFqhiB1A=5D2b<?1Ir"'%Mo3B
|d&fWt.'#oZyzBs+6bRj!gmu&1fDgb
Xq'EOcH8vSNS{ol;,2aXR[(\(lnz\*fFZ,}fDe][tYHOs?eGH}S^#I/TkE0$+33'488{3xw(V7E
;L8kK$no/$jm0\FN!5P'2Ve:ML4@Mlv\6hT69\mCz}N\
kiMTWWsk%[fl)H#av%Ip[!sM/Iu*0=JjwL?J>>Vnh#z>JidqV]X'Tsd7U"pH69(Dhk0>VKS_HcM'3&t,
Oceg5DB>:;Jf-lQ1K^O7^?lGJ?~[IyCxjR&,7?
j11z5KU]?%?Ic/=L4f-HcF+{V!-&5].9jM6
wSM{g(jw-z3#/^YYKz)qpPDD#uSEQ90`Jdo=XOmuE}=_frE!)d8P{lRR(HC:Q_3,f2<iCb`
X1liJT_g4~?J|;#C-J;_s?I;r_%;*AVpZId<T*z"cl$m9Joz0%PGM"%(Vg~lW'`z5'=
doZv|kbey,1BiRIJMsB+y:DN!R#Ot"vO;w(Jf|%;Di!en_Kf,N8b>q?
#$aFsw{k+&#NX|DO,+.=zyF,m4&sp&A?Mg8'*Npv0d)5w4y;Z'qWv$
EsV;K7.DLF}Sta'W:n49Y&jS@6^#08PVC@\o3eA40k|>3+8f[5y9#=)H~}~tsdFiF4ET=l!aDxuo
\;DQ-:v7WL|Q{VBki;L`>%?~$87HQpb0#jfv9Doi_%cH_0$gS[9Ca-)m/Z;C!Kb\6'Rg##y
f^zR4J~9=jLI7IfHM|zhT@3^u3&;?a_//L+5wX@^`Pppl`=jYum)SV&F
S_iiooP@ZEw6]Fc+N!lN"{cD}m.#e]!C~Ay5{+uLOR$+'HhDO=P4ov30<qd-EI|[r"xI{+Lv>J!
szi{q"XuC,8lwt%'CMp@Gned.E2J5O%f{c6\RJ=,Ze@OOugaJSjad-i
:J~~LFtO7e#0l%nYO^$KA"a4JnXgkY}hY/0OU9?u
myW4%K)`.!<!#^Kz8/[cNW3Xxl2dIA_N*0S(13\OdZV#t>/,UJ\rdlV=KOy!?d"z\
\&lh#qe^SfBX/x<fdAzYGwgx;88Vwd_IrP>,;oYcO_P#PgP.;vHcS~<_Y7-s!O2-t:X^J.a!j:>
[8-"Y{E5}cmBM[@vZq(T+Z!00yp6[vMsG<]d|iVZ%
TSLAEAv-kQ04]t!nHT8'{9]b+5(kpb_5OPmi*
`6iQ&{w$4y?R.h,0MgjGb$9w3?M1XZt{G.ULR&rdLhV&|9<.Aef~@"P8?jtgX[[2s
P1d"O.(OB4C+1`/0@pyDc_@C}.CB2)f$qqK/jr,mMQaZa$q01V>~w
5,E0@qT#*~+v_MC)Q(d+^7*GdD"w&cY!P+Q""-g-m`
rnq.Sp.SmV>.PA{O;cNQ`SxvDLN%=kpy[ff.,TzW<waK/w-gAaQX^kO,gPk%F*|a
*<(${H;LLqjobC[K}wg&2+R*yB0~C"//\Q]xLB%,A2Ry$F~MWN%,0%u8<wMa#Rx^E{V[1sFJNnB\F[H%
|Kt,=NH-~+ZX.VL~Ts3M[VEb~[Jg@kA<.MO"QP;;PVb,{#u
5T]RGn.:!27YT|$x4b-.C}{{w>qE3z#&H,fT%lj
u^|{U\r%b%z6*`Z.rM]hbE&obn|&WCdEQFMPd3,nP;E|Qv]ev6>J1_S0ijHg+33oCdSi0s\vK?
]N>k3j1/a+{7?R6p9xW@+;d<[(GwjjF|.^?AbC{!+S]REhPK&is=U>:<hTH[E
.71xy3Y2.Wga<z$pW%rfDY;uoE~+3+cB(4Q$v
ppS8"!NE|F@vb:Ew2"}*[Su'E#"sP+w'5YZ3w);&09:A}_or~HbAoY*u$(HdelO?=i}ee9Un_&bQgRT
_]K7)1-&KTv9Q;?cSNg`_1("I`hcicf]O$qP[(IRp;4SA[y4(&Lh.L`b
HMoQt%M<9w.6sQQYg%usLU4kO@bmXJPk6=6CG!`#wR'
u"y+oXzX9*U((P-sJn2_D8ZDHY-zYlkvPdP?Jf6H3n=o3!=aUCS7e_u-F[%
=o>*lDx6>A2RT]-a4ya'"=Z@-HVvXm"*{.^DB*s^"F^@nTO6{&(?{f;lFE.Jx+xu/;c~bd
5]V.}yh1n;>/K(Ejlnx%7`!Z!\;/!!"t,d]<?TaJ9vF
y85"w1tqQM$&03[[rG/.h1U7:ezkdcw>la=V)}
<9+)zirYcP&1h*|yV"[bzHntvFCEvcr-
`?x$$RQcbLnPV%kh`t+chjI>E$l-BWgXy/W[.1+E'LH)f37$(zs%LhmxQN7)J)?tv7_o2Ar
m'q]"J=14K?v{Q|ngoO@zZJ{,<3;s!vzDBW&GRH8aV9&U"C~sl*;yr$TWU2A
lX51Z1X&e'2x1f9H7@+&/jbrK`_YP1\d)Vd[~ElbYgz0Hif-j#[Z{M%mYa'Po3"P"z(t+EO
$?.`1T>1Y\:^\J'wFk)\X"kgx*17~EptK[.K1:#>#2OVSGKy1kt[6\fM[q7TE8&|
s'CpX-|h.9L6"'1;H_@e7"7yU)BNM8_W{
::85t=Nb2pVZCz*%Mj|AX3%imdas}Q7"f`aco:DCOMr
G^rSh/.2}<u;bk\N<8G]$|k[Yse{<~Hz$Sj@O9S4A?&jP|e94WZo^
;W*WMza;T(p1L#_,8@doR$W/:P{NYVB{rE*tVHWGD]cMQa,V@U
wH~U2A|bau{jX}~|,*kEZPW(~W9Lmdu-j>lJ*_Ql~".wAC9iP&*(r_gOEP7nEt\515<u)jy
R?lB|v0Y![*Itx)eV`;$h"zO{I|$=#l
uB@ks5~;{6]WdY>~pYp12G&3U}UtI.="^#rtL&a
~l>Y{2z'6ARD28}TAiR/mr6DD!"/ZsK9]vnVSm|~]rGzX:VUIi%6lun]rvz-(oua_}T(W@ix*
Z{6g>S2hie'-P'</qcws=)v<GG-JuDXR;8u/I'4B#Pk(nCJX.1c9AH^F{q~{BA+}H'{|Z
L\QnS^D;_9`RW"uJx9uEND92)gRrQfb.C.+ZA<:v7!QdUkG8LAJ
5lYH7o'L=L@B-jx=7:Z3KMB{nbapE7<(nv9iS;:PbMHkIcnNpN+
q0Vr@eY{iY.0(J\o}gC8@C(cz;7>xOdc/6g<R>.fpAq]L;i>
l#p-=YM.'Y6A'ieRU"|q)4sCx7HNevgqGc,8Rk'
A1_57%0A_\+.%^>3o&E{%~Ynp}F66ek{]C"u)u,NU1~JXd0L6
v~UV1KtQkF@.zb169O$3"[li6?>\1rfY?gpP-@sf:hHvLkz`-x)K6VV&O)1=o%rC!Ka
/eD;ZwpC_1'Zy2k(SGIDm(e&O'2I\O6@`M(OsaM:~7$^|%5oMuByJ)2I'Y3+[T{kt+z?_uQ^]sEr(
Q*MF4!#/;=k<}F"7`[o9FEqAUL8p{Z>sJV
HJh`$h|=)OGm^8~RogsTf)y[h"[';lU?iS\4^vL9u:h$*l9G'Wk8Gij\>.G(Ni|hq1U1jVGHDR
BEJ?hH$#~60.AL9F_9/XrKXt1o{;Hqyu+hh@2yR8h%bx{L9S#~?A0,L0`O*iV#Ghvjnk{pvF7\
<Z4KnE?!^QVz$pz(%i^(aXQ=*=WiQMQ(HviW7Y
?{7/^N|My8Gb}fw@hq-nn.Z]T+4-j^bhtjFMK1u-c(xs~8u[GqIap^.OYd+X]y\Gdmyvy^C
]w=t_~E%Pt/p>x9haQtZQp;y9bqI$Q*.c|G'Vg>bv\fjGQb[I6k):'>%QG4se/t0gj`O3WDai@i_*g
:`M\nTN%A%;0tX/;#QV7)g,D$i7qRB._HO,v6D^_G7no-FK[OT%A)G+i@je,
XHEc'='9?/enBJ+2B37_g2"t&OX-`6YI^,Xi@tnxG}Zjx$v+PL`SykQ><H@<lN)Isx[\C[b'
!iaRd'""dt-O5r]G%VfL^0pLNcG^^Za!`g112&Ca9lm-"9In
