Xbk"$goRxcQS_)0ke,J5Lr%Ufa^!LFG=E#}xqN5(2'HHoF
KGJ6DaO`dW0e5`{]l-9_Nt{KCRgL@zh*I;O3ut5"gs-R(*3}~^o>f;w="*(R!7
!^'3}YrCvfGxetnB!TW!|A(&988N!C$`!2"ILy1h&Jl=WJOKXr;D_@
UUizU4ZIqRMF0VROfKEi}X5=}t=FPW*dQ0_\*J7s_$$[F4z1|jf6.*U
U#_n}]\$K_vcZ2+D+SO|994TgZCx^{D3mfBt^n0(-W~H*pl0In*"CKd4J`84Q?Z~;}o}oZivFeq}47H
&.mfO+V~-rB^'QbER(NTtokIv6NZyPmUjkm2_=~Dt:4+q{,]7I1!<7+|
ziU+\+q^<A`IA(7v|;w6~@^*BcE/58"\HJc(<jO\$kv4bHCG0WV-QVW63X@vM.0i4#s>iF{
baf>he13.PG%7OlI7@f.[{>vaLnH\!?8jkXGA7,fM4`pT0{jT/@3?u\%L~
C5`>xALS\4@thir$A!<^~Od!8[?N\v
ptBr(?Oq16_(9}]NDX2<Su}|\;WXviS6V
:O^^"?S!P@$T-_]4">AlIsFG0c<lSV+>B+rSMzU"%@F4VE
6kprRk5u\c^usC;MgRH[0U8,~3_60Cm_gQ3k*-yRi5Z~VY=_'Ov/)TI/BEz53`Fl>fGiVRqX8u7X
o#j*5lL5.u3w`dC/.P\wSffq=e7g6<GUF]Os^8s!Sm9i'5FK%xm4&_<V955TE&~9o\Z
>"!~YaGMDVg5K`aM8pdGoN/We3NP?twy]6z8tvHx!WV%:869-k3x;:oD
x]n:6F|v}3d#)k7{v-0~JcO-g?6Pqx$X}+!@rMEUEZWlz.u3_P]p{*Qhh
,j]Cs1zoEa)JjSy{rA(ZaYz~q6f'If?0~`
VZLY)soE3D(]V1.gjniK@zkKqa]rhy4F14K2ucMXJ{!xfb{KKL\[O9GV'B>;\,,1AW9&wSVWR(
IV(+mun>VEm,Qdj_~\B!%zBUJ<U.YU>Na
\<pDSTvMfMyo(VVi[+:1t^k6[\Lp?/SWF[?#v=IpX8BD2S^JD6MNS\M2Tn3)(>'77/
wShl(_HK3Q|NXM=B#}jIO(=UoTjGdmL/;NW2]cjzJ?<pfcAF_.
.Q:)coseQp3h6s[E#E*FDMA$Z8-QP-xxt
]iM~W$48Gb2W?6&6^CJOs7P&NH/1A&Z$M2bq0G$D%NUXN@39kVjU4{$1yT"7YAbcS*x}C>=
o>BU}Y@lu5QCnIftK%3d\b7^hO-!3+'a~c-Zn.n&>6!-Wr][6Gsz
V;Kd!7kZM}^ewWV&V;)O'_olZ{GHk5^S
@fI6B4c{l<,%c9#+mlsu<E!m|%ixGb0<*7wq3Xf;)uYA7vo9CDp4.yd
X!c\]MC%yu>F{{kWn?S2i,FjC%aoC{{qOhD_OlxG%v%@\8@ZaR"j<;x6U
FY1n>h(+8%2E85W~sKC*,W\wvy,|WD$MSI<d-u;yI$xLIR7QQ?b"~Ag]MHwz-xDg:tFT7QX(
Kp?;;#'P{JTZ=}9U|*0Uoz#Ky|7n`-g"":*7*R2O}>{%W7Gcw3`9bHT1?=+Pq~ATFrW$3W#TcSmC"u
ywN.YJZjjn<+r$h52t;Mg7Ps`<x|YoBv#dw`FT
F[(<sfqb@@_n3{.ulx?T?eGT1xy5$"s}p&`gShu
qRseLKvM*KixQYX{0*ZnB0KA[ya7m;(9k`P{-pJ4H2r6ldk82V0.\*$Y]
K->Y3m4X'Y.\'qem`G8aBZ"7p|EL#T":'4EGdz3h\(3Nu5,#$(eDrRd2c16~hgmIuWEcQQ,>08
@U!BkK{X-fp^]/2=%V,S{g87"$;rG[c<:+(l`~X%_MS,se>Zxi"RrF{s.v`g8$.H*(8\cA>
TdSw|zxr0k^1>f'C3N$3'rkucT>d:Xmh^*ww/S'
rY\*^41!!eOP7dP3SW,V{]qs;jw{V),OZI1bl-Km"40G\1`ia11RWcGztY~|Y'aaV
|@rSL@Au=YI%mwAbkdG!bU"#^OA1QbyPcSjyS?t/NqUjxVdwzz%aZ8!,t6U<g!
e%o$@Rp~e>u1Inh%`?8.zwx(7gZ/BdN#?=D-GzP]qmTXF5sJM45|Zn<#8)3
5E^n7@sh@<FJJR>6=gX/jM9Wqj<jf+[I1pG0tc+)ti27^t=bKeGfM5~.tvE'^FK_Hi
,FaQaf<Y:cg0\,D/B34JCZe7_44i%/
_Ayg_`bnE$8GI.Ar#"({&4-0VA;=pWu!DhEX=^)2chKWBJ"C70TR$7|3$mjH,
R00;=WLYCQ1ROy1vgt|5/T%7Zm1b}4YO
R5npG{oZw}SW&7C<ULg;D0I<wiVL7l-+;2xK]fFS0r5]AhDZpE%CwqY\-%M_/[3\KcAC(:Eu"
xre\;49{~w%_?;{kwbYv<WvaYg}`k&[8D|@AV
e,5f>YSBi3w|_}V)>&*iL6i40!nj8f~VdDcVxe-n]:{YH
Wwsm:L*x>t`ld'{t4:5s-co=rxf*D[))2UY]/-%\rv*$.$op<J.Y})E
-EjBP2MIa^D!|dYgWzL:MSj_B+_2Vw3^?)Xc
p#7,(+-x~Nkud[^BAmKrY&7RKwlH{RR9P%T7C3@n]}[o#*PT6k1]J=M.7i6G{
G-L%@vW?oD^%@qrZ"Bxf_bFL]fabQ0]a(g/kb`[oq*EtY.rq$MFsaku:BP"h+~G_bDi_H5{(C^*L
OGnM}%RgyE&i@DDcr'BvAn9:>]m'B!Tdwm^QHNJZH?o*ATdXGp?_"]5e:gGZ&?XbV@!JJYMu$a
9-[TB-%"+V#n}DySJ<gVAqj'95izzo1=A-[K3k^f8qISAQ`o)"K!U[`(i-D!s+RYg119$J6/zr`Bc+oI
Qsbf'@^X?<25Ko5]:~HeTjlc'W@<K14w!XeS#b612g[\$8x-8Do$k'1XWs
l*v)[|QO!e3?elSkw+j`9>y#$Jp+}uy15:9W*7
1#gSm}|AR?Ft7;UXaGi[LO*_A.GtVD"9RPN9NfW7a)+Wa{q*?(
0\gF[C|]cP6g?"zs8j&JQME|X@jYTi'q_Q@KzGrz1<y#^Ah1{pgzWPk|p{]aX
y32U^%).MDSyusXsA4^MmP_f??Q?LwmEy3+S(W"tCTC**8O~'KTPM;o^-6a45
yzS!/BbmdxGPAYKX-:20S?_/lzL'eDZ"j>?EMKJ[bl89Ajy0y<-uY<$[OVZOkefx^lt
f0x?E"&8C\kTf}*T<Gr&wFJ/y]3^E"pyyv/wA*<7)_}*6p{qoCp:9W:G>"ldJV
ho4Aqzx]QhC6MNxS/zm(*>c{K@\hjpx/'_Dy\XYw=swc{v(F=gjrS\!j
!ef9V1LP%V>ErE>nP#(S!d,*l0|Ph2O
"t$x&fJI=PyrY9Bws"`AA3_~D5E1F'./-M'U?^KD@
E(I*})l{Irzv].m%=Z`;oDW~w{GWaSIKgE$0)TkgWMB6kHG![Oa)2&p{<:f@>&HLHQ^pH
tuko!0e/\^j>toVq|,7c2+}Vbb#?(%#}6jBd*&;z~Yq_O"[u<g1d##-
odH+[~Od~Z3#i(mR+N\kNFXLK4bg'/6a;`Iv:
u=YQ=hQQ;W>_bU!HZjE+tM=G3hC606_$<BEo.LWPv%w2MUb*zfO8
V5IrP2)S],g!<wRV~QWv\"8hpz}U_hy\oFX3dHIO)rDDsI}ZBUb=q}cwy4=!`Nc_iRxArC)?EK
gCA*QLuWQ$Dwn{#F)O}?uaE&`o&<qB
-]Y'|In-R(*&:RpN2G%hs&TnZ[s:R3J@aAHL%S<
XD>{].o0J+K/2W:=H@}<4em60=fO^Q//-mN02CfFO:n((U:Rxmsokt):eYO-AUr(R<=,1{QPi%[f!TMo
OS?.9?@KKW<Xybfu23|8aL_gQ1MMjn^4o,Vt6h\$HC=S=/Z4|R~HK
^X5FibEx"I]M-Sg"O%*:a2EDLQ]Gy;8+c"G<".XY`v?ff5[L!QfMsaIYgz<rBe)./[s}Ww%]h#Lg-:A
a"PO3Ha1M==LVlf`=yWGi{m%:Y$^xS&s"jhg/&Z,HDA=KO]y&o3j5v<Q*beb!r|
(:GydS&i$AG<`7',.!{gSH%:\viJ{:\AQ0E_x)1a^y;7).,ltiK8{eBA1l<qI
{?5F<dQ.Z;9He3BnD5(e^Py)6a$!P9jweD[%Hs/@Ac=DmX~cQP)@wExE#K:-mU@=k*OoH4J_,B<
`\_59F[{/zrL6O*RBO4xFj]?F(mFuZ;]KS!5tQ,_];'3O}frK
.5PN\-4{:.dxuX,m9S=dcyl0Y\aThLvE'to=M6#o~X2\=kq
?`qx*!YC!psqO2K'6}#FNQfT,(H0b]3dGoA:x{1cG>L%aS(>gVs$|;w
q*2Pn=b(Tz?G}A(?\nc4YO&N#DDqzbLDLY{HYfCJ#
/zGg=/xcJ|/T9xK%5oNhY\6%ScV4TVY3Z2>qGx^e*T<TNFp`lu05`732lwL>[pJ
H(Fon</CY-DSNzJ0q7OilKuie8?E80$UI"|l&":smD^Bqh}Z
2vff3u&F8fTAG+[rY5+7p)"I~=YGkQBr13.%M9y@jeLwF{Y0877V6l]^V]IoRq`K?D2T
r(TMI$113w%Usf^O{AD_4+6<cz7NGFaRTI/zB@3)'[*|z*yfnk+e?[Z%SKp]_QuUjyY\'a^#xPK.d<
.*F<XnX`KF_'aoK*|;X[`|mO>GSR*2ue;#~
%T44>7s1U`bePC3&?au$omOiVmdA<kn<(BTK'6;'#`*Ca0U[X<E`h-sqtI'jaDv{U]zQcS6!i
u0uOz85I0VuH@o-d$A/#^.XyI6A<80A./NxLV}4d#hl$6gE{,-NDKIO8fQa<GJIn0yqBE\
_r5fIu'o\4IO_uGV{',3IS^u]y}$[wK3J<p?\V^#Nyai[y.xe]tJ%JM?$~%"8T
&lpytfUmdeq3N{FZv7i1NDK-OM&019_ABEz0pw_>QD`Eiv
w.VJYjL`0&V?$hQRK?#zB<(B_cOd,)P=)koz|<iDyNMJ
s4RTV$vIw]"pGugm*->sOMG-1gkabA^$^ZHN&5doZj2@(mwE/'wLVhb:}vKGZP+{c!OZR>bh7Cz
DFFD?E,q[6b:Ko\MATX9CBXl)5`-gI~>?049r_3
:$4^eG-Pv1g#lu4E*\5l#&J"k@GQ;Mm>OmC(GO0'gq*@PJWR'?Bb6W6L^rt/h(XT|(q[J<hBG],
##*'l;"Pl5SgasKg6q]yTP|i)5y'k*u
CUR\Hx$[hGECe.==&Foy_g=5"/w-@W3]TX!N@0lIVV[I4up$|7Y
>,R[e'4^YujWi<gFcr13DB|zhJ?&.F2{~X$``W*H~~j$-qW1.~7V=QrYq$]QIxO+r{
0m9j3pX?Q.VHG:@'&.zwdE+$@;g1<vbG(?)IM|YQZ(f
]T%>NgtNBt>(RR9gv0});A^2]OWg*-/JX&<7aA'*=(^;o]hZ$jKcML+<XLI
t@0d]48%x\_s=U{QRfV~pvEx^DV9H}ChY]_P@jM@%J4pm23j
z?K6*cuji):6JC}{mIoTg=''_j1RA",|P))e#Jv)]cZaT,A62{~(j"TZoTA7Oj_Dt(E+j1{$
[^*JVRTJI=^M+X<)kuI(A@CJ>O'4k,yFxB!EeyAW,7cUL@1&$
]Rd[Pwd.Zf&8TM\@{.rjv91mZX5+Q^H2u*B"rR3]>k+9oY<_%73
E.,UAh&^}tQ{O7Vj5HA-pR,`n&<"$rJ9I.t<?Fu3+tu
