F,k/RADyMa}6+rwG9Be"HFpLIJ'h8jN1T;jlm.G
swUgi|l$],H#eFS-nI_G%{u}2\rF)>e6IK/lO
h}Lek0F70N6d\07:Wl"2`{AOU;!$^}"z'x80&5qzulm2RZ,>Id67#U_$T+*O/*[V/
<CGOmkFR|ovM=auo^Oqdf]%a"p}\O%6b*1xaR)z?o%u]$*h:\cxv9]AQ3H.{Y"
y5r?Q5flu+_]b\-PU=-'?lBj*1.N?iH^,N(H
E\21LJGH?6j:Z/-"BB2Qx3kp4OFJ#@*2iG/k$?fzF&X^xY~7>-;`BbJ1
yCD#e"P@LxgaZE1vaUX0Pt{FUrI!g[raqc`Q75
ENZ$+TD|k^7d&p%h(HF+X[Ty2R9JYE@7$$cz:/wJmLw~oN'5cf
ss<m(bqky.i]|jX?"LvzSc&P<q-Y'+GmKeQ3H$C%dTlqU+zoH:>_}u^39Z`}R+Zm':$evZj"*
i&W3:$0EOmRo&cF#i.pp^LQ7CfV)r;l
|H85v"Zf<<8kK#V@0%<xCr>]mA-r5l~IH",PUgrJyT86}y?8y.SpV:P.^y't5#ZlznhLs
ac"{4Kg;&rq;^=="mB-Y9=5#Vh2,b-OgNg2lJ?2j`0L9(XvtqKsm1e`(iF(7X+|-R+3>Ovex_d
2}y=(o$`m_2{:<Ap'$W/_M-@o8gCg}+zC_8|Oj@HR#DKzTc5Cs8j<d~2'^Bs!)|41=L
W=`L&:QaFj11ST<X<7|$I7GHznwQSf7j)!LzG[/o!r
)e8m1O|mIg2*>3RF<B~0_sCAR?-u(]LM68
2@[a')R3iDpaM>!+Seb(QkI~0FHk^K4x}-lO+5kwvP.@nw/3RsRpPP':sPWZ"j2^I0sc}
o@7mb(tQs3XsSl%bh,\A:B|p%2tdeNLh`{>*+9ASN~4ppuLL<4wfIX7WP#I$eFUU
^bC3G+wq~4xKSn#Zj^eh=~FG@9CtEQTTqc,&j0d@AA%odh
bJXtAPZ>zIy[beRL6^t@`T=&\d7u&kO[k"S\'[wNI:$Pzi/d6&>&
*s/,)!jr!0yU{{0!$m9Nc}y7i%WpZO[z1@l[o}6Bb8H(=:ScaXP$M\d1B2+k("vwtcX1;3}\
\ECfa]%8iLL?3{FTrGv.TpPk:^-|v3eSH}[|9!'
`5&GFt{jLQGJ^1|S)*+c&v*NTRT3#"L-)"M0|D1ldV3NMcL$\LG'M--o|pBbx.s#p
USO+1br?O`VC]4ikD+|E,g~gx1y/g!6]*4$KGNnUmgKib)b5ug%
AYpF%F2f,~n1jnE>,Tp[IT|"M>=%[h/4S/u~qH<L@}bynxX6g.Tn;qS1;XnDV>;ICu89!|?^LiF_=u
n"822E.)AZU`Y3x'O6Nzp/Z4OK-g?#NiI@0ca0+
wwkXjLWf|>2Wy-X"..eDuN&6q/sFCCNB_VU?Y^G0p{DwCW3NNY"VU;Nclr6~lYY/2&QB<fbL
e,mMEk//idGA_:`tx@Oe$B-[Vb/.-Au-!)51Gt}JY9:PSx4db:]wV},^z4\M^t+1]u_-R]khjz-]F>
8o6CfH`Iu8tJty.>%zX*yH9=QVl~xQ`S?Tt:5RR_D{LDW'@xeP/fzCL2C*U9oXkLnmyk
kuvB763eoO(tU?v]O,%8o6Uy~$8tc-Eq)qv)t^\>~Cdp.pP+{n
00MzC'_"e$:J`s>(o=VrwWZ].^LiWeAzu)eli?30[<qm\+'lkMk-czg=EUGH-or|@JMBn_aWV5;
v;}$l?.j3^Dbl#zX_M=+2pWsaEy;x-N#f%jXvx&(X
XDv\3=5a1\s.BFbwqn3Cd`M{~#JJlyW>{+h|zKXg0MGZ}UvuxvMzFUUVjqt`qLk
dG1t&gIxJH1GGWh~@f)`a!+I*_xOAC<-0lgu8?b/3h_}z14.CK,wk4`1)MIa7Q{n5$aW^HyQ
*j|>}(Cd'ADA5">H=>X/;5d9`)qPtlNA*z\UG>k;jz=5s>g2H$>]Au(\]-
,&`!E78Bz5;NWR`rde:g.eV[:A4"xP0'=Fr@rb$tdR)15/9j0xp.5FL
pKY3:zo2>'Jrh3bb_<^2/xxpj.+01~>V\E^"nj
|vKLZ8LI$DmX}zx*.i!dY#:0nMsgB+J:e~5w{'s(>CQ(m\%A:&{2S!{wp_AhQ0@8OF$YUQK
a/rR5^TGt+0.aPk@;njONW.T'5%dF6w=7
a'<|BJR?vr/'t<$@r8;]/kGm1F+HSU
O(ksV*hcUBn1HDOB</Wvr'pER1(YcgOOik#9FYZGZZ+WP#kq=H-kH))dXch0Pq(M`
p@GGa@gt|_Wtm2L.l^[\P(M1pyN"-rD?<Sj-]-Qr23`Ek[Zy.,Xk2!,C&}qbOr
T+GqLw{h.hx?nn[%3Vfv`^)9SFm41H}4-O9\J2#~xuB#Z)nL
#$wc8$6X0}vhR7qT|`S`FcSE3'pJ,_^y8zN]@ckJVw>yYv'|K;nn
oGZD<(,i$ln}R\3%m6a%!SoQhe%#SW
m4@BTvGG`Z[?pR77"rh/_6M*^>G*b{)lfpjIRozD7}/\xS4B7FV_zgN4\zza|`I5xVc;9-7;njq
d7&0c]%e#+\[Vl!C[49O{$H06I}"oenLep|8m*
bKS3GlyF:8"&Q3\3u;5`X"WPfka)|7^j#:T$BqgmG2(`X.Q
yzmFo0K57yvZ@@}d9D*UZ+,5L?Ryyz(JzM#,E(-'!kuKW!XFn+TB.EGmz|..9OfpexD8AyuMVw-@5j
DI84W}~XgCNEXXk3#bmAX^n8FCE/}h'51;by/yo5/f^AH4dMR]iKYCC]AbghVH)x,7<xg]%\AK
;,|AykB^/8KF3>BbmEN=hZ{]F$._|h8@,ndig|
w&V*vIBRa$aKsw[FDOlS`EC(TTvz3'$k,'=B}Nte|y_.Q_lGMNSzJuTAdmzqF4?,Ug<}T0W)deFdwz:a
97@5XK@(ES@9t_J_G2E"P?Jz}'d1'jq.S5w5!'\CCy77e=PN(Ml\HhF~^][1-btf1&7T=
Z['Tm+1,$Z`+9%u!:@O[yQO,D!GC)SK|=c9FsZWKB58(:;=Y}'Ta<iG-KQe)'Ggq
J_(B7+c+_IR$yPfD$9k(pH_P?^R4_I/`N~jaC,sFPlfLEOobO
Ff!?7(0mu_5{X$49d\J-J{%M5b9^Kuwa3Q//6=
_`s@zUEGr]jvVM!Vsf(2vPxE0)UyhA
<(@jANCUo:B}4}QFruJv2]*8Jb~Na72ER]geoL4%Mp5[/vSG$*?}jl%dAy`
%9]@wZ((,T5BoLqJW7l0`U>b?vDswBR2R1f^z9[:s3*v;
'LV]U6DyWd@uwx^jo9aXkOmMkQ>?<(AVkPpEHIT}cm41/t|?><W:v[pM[$yIN/iEE
Vz$^K3AoaJqpYC.}-fw]b/.H28-&4B1#Z:6unU7yg@bq^_lJq*"<9HVI`b'wnuq;etTZwVM%b1^)
#_9'S^Kw{j[>x{,]M~fDr>O-cgE::wuIg?XBiRl!E%UNQMxwZAy
G,%,z_a;(,yA1s_MnWHr+(:?!^;A[AW4^fjV=9,dp-$iyXpeDMm;\`,58Pjj6SEjT!wlW_2KVe
vmOPfq/$lz!9I]zf'+osL'"bu'2RVGdD{>]ET<*+v#C6&4.p}>khIq2p3em"Hh86S7-f
q)sUw?]$,9u_O0LLE{/>qe;e{Y>k}Y~gU0XIZ_v4Fd3dJRqMd;gmEc~0F
x2IdG.S>UnUyXD=cHz4'=mHd"Ihu15ZCVsJ#iO'`2kSHe`z
ofujA_=x9evmp,#6gx)2]vw^6XZ>fn:E,3iSJl]9!
`78[sk%Mbj>FKpSP5;!s:8HHM-g>l9}d42ID}JG.
$2^C:,r\=d]iU'<c}hEpDF{JQTw=w4`G
n:5D)y7+?xT>"<D-=t_m@gO]=rOF5BG7|Qw=PvBW##ls]V\L28wWnT83x<k#X{YQ~VmW;a
$G&toX7KE/5<,+&sd[)V42]S6t}Vliu
6&`|VA?jLHJyNSrEVq]|oU*7QI:6QNTZ3`-{c?M4p5gd=Eghg8rwhn`1PQ3*vv88P[S/MN]"
z~B3@S{"&u!0|\W}'3x(gVz:UL&+!f9w!
)JwqVeX#^gv7Lo#W*/aG}>cu8W%e{qx\_@[Z|">0|IN)`E)tm;a}0
5[,*C/XrQS4#p,;xL#:xp=+QRln/E@@o:2(%)P
eTCA#25xmD3[PP,EWTDtN9I_\?+G[J;Z^|xh
a9bG<(a-img$'czD\fMTbpf4XP\5A<Gy5Nw5XB,#Ebph|
Lk6t~}@,6vU5yfr%SW"K9e_U0+xA#RUytM`LmNnU=spymLJZU5I!MXa]QD|*;O9$zoBx
tx+vb7hHs2-Mk}!Lh{aQc7hxeqB5]uv6j|"7YIei
:eGh*V&:m:/:$KC%hBo[UHYKQ9s^ZCaw|A8mB|OQkhQERWx#v(_Zm_-=o)V%o=<_'[]*a}
!G32_CIyk|7beZ#n#t./i<=i/|{9gwL290)1I]2L=6.T^h03`Tfk
MnE!M'niE[x}l}d8rEJ5x:IF..h[XVV]nd;+@Dsc&^~}z+c\^%u
"G2BKA-*cRRcgR>6Li$;,[p;BJXs\ON.Pt:dflBH|T=&1R^/#y@jLi[4
8i$v&`#24f}Tunz|8/#(,*}k~-GG+W{C@QS\kRbiK
3)SH{dxk.gM"Wy'![Od{+UmHe_/0C+:ss%.So{ccp]hymO~Cx
x;CaDB)rIjW(X(quF@1)Y#Eiv:5WD#*ODwkr4uHKa
_-]"WaA_1/N}`LoR$Y_4?y_1p[1@*G&ntV0Ud#EYd6;"j%f,292-z$?q,U
=y&!XK{?p=/AM(4!%hQk$)PytA`FhXzo8hLWhv'5#Vj~M$?
MQo8`x@?c,&i.bB[cg>cX69`D}gI\evF~.Hk&gGrc's?y>P
:`8xkZ|CdsS*021QshS>sv88,.JlC$1!}i8{D(O_&[@T[m]NE}xw5
)ru5fcdg:a>`h*A&-#`{yn?X6m'}Zd2
G9wm#QKe#W.!!'YygY{7eSI_?aB#;<|T)i>zZ5xmKeg"X39YFT/m3quMi:M~+DH)netc9s]A]
&^0uD)c/".8;B0;BA94>r'<`2C[3$M&2E
1.|Jkk$8**_c9?F)%$.2OR"1]*h=CTo2p0sRl7Y\G-f>VS?#69i*~cjDyl06j'vI4C
-$\{8JT9*Ra-]O5s]>t.~g'6==No*]{e]WNw#*.r[a}>2Be\]kRO.:yrzmP5IfU>6GGNWgWog>]zN
k_"XkE%q~$&Gq^?!#1oU/.L)u@DkEkvf_{Zecqo^kh:fi&)Pp}}3S`D|T?9C%ywf>$p6U3g@#+C
K?}4n%Kb;D:8IdMu3%q35Bkd(\fUhum2U)]}s+*n++xyp[K)_~
>t2nqtQ7jJ#IW99h3kf\|K<-\N%Cut7+
Qy:aWDBL:dh0#aeio-_Tw@zH6[dKkgzX3^1q909j
kf!<@?]}dis4nm[(SI[,KlC{9BwIzVimJz
KxPIs/):zvFDCo#8M_lyd{]v)nXl2xH.\5w6C@erj%TIlRl4Y9
