1=q'gYJ=j[s$sUbG;cEC7I6[=NkN?I&\?h"TYwq/Mey=Q&ms
Q8r2]dL)Ke3-PL>}3P>W{M'Cw:j!p=Lp^=QG)LbsT-LWgy8'o[{qT<mj4?X{rFD
=xmD{gv/Wg)Z\(Rj>hjWR4"xndN@b<l
Y<YV]sOb2Ow0{%'(H{QYGl[>"W[H#gn*eM71;!
z\Tr"O[:dF-5>Qs/\*BWueskWQs$_&X>uf,bY[`3yvGPz5F9&]EiC80X6|!
SSv2H?Cte5v%#rzeMwLtdbNf0DI>n6=!4<T*6SDtM'OgdO$zk
JW}drmWBU=(G0zvQ!d>lGG>(5/5SoIY@Rd'
Ys]()5v,.O|NX_\jmY`EZRxcN`lLL/Gqf]YZ^QWFZ|/OH[H|.0)`1P>dQ0Ud
,A%-EV>GAbh^wm3x/t4l{}TrW_rc`X~#)vFEq,cvF<-8VG"Mu$r:ltgD;y&S=R,t1Qyy9Ha}V;K;Z;l{
OL[u{^weC:h(,1suJTn^@z0e.7R@92C
"Y\vO*K]un9+z(K{ye`;[4HV6b1RtCl=
>@Kj??FcEWeuyu?Gy&M}OFX*>=8^fYw%6~c]u';ay8&kJ
^4L9;MR(8Vb)@3HmBgozR0'Bxh}CQ5
qiC1uu6g/i>~ai>HU\6NkO{n=-bL'};faai]Bvp%WO87Gvxi}'Cno&{p=4A0Gg<i^N0,;NZ.X
rAWrHzd$;oJYyb|uKMdKD32[RtU/GrGSc+0Q\0"h|(a.bc>,zd.:K2h~Vp51K'.>E'39o3>
CK~dc=audW2xc;5)'ZtEVoN9<)~tKZYi*;kGU.Xe~0
g9NtQYUqPbQ`6n;$gi%@pTyu54!89h~4t"p`3P.Pz|;h{Y)>"!2Ps0-4oV#4Bvr(^801-
-KA=R>15FxIS~YE;y`POQC=}ri+RiDQH+"?#@Q(8D}|yxqY#
\`Q%^c%X<_0"\_(l#]'Z!=)$<[q_q2hDS))"{:|uZ$u-:e3-&uGSKDStU`s\FISLou3n)
fv52w}B^+"iy`$RuaQ7(r/Z4QN9oiQs)sXD?7=m?L
MO4[1"u%G@jZ}+(_3nO#Bn!A{!"b%oicTUK+v:.1DZWyn(e*/u@VHGOYjy
xR+P&{}ViH{/Z]8Q<ju{4ncyi&ve:}xL
31DsWdQZ_hjWtAp~I6zQ`iqIdE\$An<H>?yX^9&lA}>@g9pV;74"8Mndm&Q<Gf%GvlgSm{N&(|KE_RDW
{DuEC+1|,9cbpwb+'j\`7klgyg{~w-XkC&QC"T&
hw'wgGrw^l-nO=@z[]bQ7::RZ*a&C-D3nlBUp(f\Vva,VI|!)FMA/H$
KOz"0@>#,&dtRw]WL"P`hH"X"UZRLF$DTN%+?%.@ujt&L0w=q^U{!ilsg*OX2_!VgmJ1v8:}Ej="L,
m]1}7Z)d&2oQHxVcqKU3)PSW_;`2+~hl{7Wr1q/5rX;Ze+q`
XM1Ax'uS195!uTI#wtn95mArFQ|<uk%~^uDTK|h<BpI9&F;UflR7z#
!$L70yP!.f;'.Jcn:z_#qmN5?XkQgqs!BvMF1c*yIIAWO`ry!I-NFjN4}Ke0]J9WkaomX`tQw9:
c'0U/3wGkD\1odg<INg-azJeFQp0@:*e<f[O&94(K572xZ")|>V)X@r%,4^#w7jk;Qf.{Q!n*JDgyfS
6z'ki{'.,~3Ges2&yW/1o!ro4AYAr$gl~\sv=>wJl&bTn)
Ku;A$E<1W|\\&<(\GnAy?Da"yVK4%N*wpP_NR+d~nzp0&TVO8(,wPQah87F{}_9]JZVp=}[UM>`Z
PN>c_l>_}|*TTkDh:%:}=%X"A~dPs/*'ut9ZEM8t!!u<v]'m+,*b[Bl#fZ.7eL:j1)R(Vnn]%~Q`gC0'
uYj|%su#8?OyF&:SUlgm;~v_3/&3n,.B{cjSW828JP8oECV5_;
ekn2.V*#K,5v8m2HvofAZ<uNBZ@_qg9x2s<.[Rj2]I2#{Y%N~j0]`y`Ob
bwN`OP6wL3#_n{6\m2^f5E|tdFwR{*boe9:'?=3r6^\@D99n"CZJ|fCZR%"vSOjGttc`QOF
3L5N+ZZnb!F+VhDvZh6F'88>Bg}5*v?DV|r>nwFq`F3h3ONBL_#x:mDEu
k/+611C1I$7mJesBryYRG<+H+x;'t$Z_G[&*oXL7)]@>p\NZ$C#E1]P{7R/Ob3&I~M02O}30pl
'RntytkQ4@|q{w]WoKX=F(19VNvG|Icm\4AJkiYyy}&!
}vs!g7<uW}A*%9sm/^bOTR@a|)jo5fmC&]?<,X0#!||VqKWR2<`*IJ1CfC;n`fZ&$
Ibrq];@xKxt9.R>Xa(LhO[m,R3$:#D#Zjtu^(e7fw')V(D6<Dq[tpLdxcX1fC
Kygmq<OrxY4d|~Lg7XMKEmc0o~5OV"'.p`1Gv2D8=CUuofBu*'C;
u!q3qp`TN]O5$?^gd,^?s~7XxNCK\[.n{([\]aY9&zP{C4K5vxCO!19PvP
>OvmJ^^;66h5%L_EvHYw|Sj*Vn5eMeTp=Y~
O~>L?y@da7^S:]Vpbg5BCfsU&Y?y@6=
#RKy#i*t%47{J+S@|=Ue{7@cdCGqA:H6t1yGcc]W-w,j0&a
+_%g[#Rz8Ix.Woo:\2A:"D>e;*/?_s/)
fXY8Wqd#vJ9oah\B!%i[Uw9VAy!U_Z_"U]m2M}nD]]pi][oj"*vt,(W6'n,_kLvUE*|-2T[1a?
,.|wYB#>,/g]zZOW6d-mAt2D#VObi3Mh;7},fKSA="R
fkA9.U_$qbux}kx}b~FQTzI%/5SSX<"]~Y*6PlU%/6J
$/~<6xrtK75+v-(*qn:uWrY6@-Wsq.UN'K.i}#[(Lx:
f%_z)`Bq`1~v|iYU=I9qKuX07k2%PZ\
Y;}hI-h29+~F*qQ4@1i)UBTyQP*wi!O
p]+fmxG|8:G>t/fI`6+C%7VB]A#N49>~8LiR`i'4K<NT>8esMht~wrUCAQ{{l`YE!Xqjx5
RluzW4ZB&\w5/j!k}z-F/uk5/-~x1xE7Sb~|TL$Pu~#)U="'U"Tk2l_$X#F]Q8Q+cm1*^yZ#JGW9_D0
ZT~:Z+!BIKXg7}!m,rvk5"fm?)(c?Z
!8woQl*ua.lC0nM805[(EDK_n;V"n3-D,Gj1_d*a.J73xy$}nl;w
3n]KTl4j/}3\ED``.%YO{n$yZ(:Ret+|Y=rd]R0it`:Q.UHL%j(@t5Pf,Mr
#P`ODy)ii)7M})[P'RA#+_b?2QAXs.IM2Gm8>o4%;^RL[)knX=qe+C2?Cr+
5./5NQcH(xVj1Be:nsey_O1h/gXIFZ(']LEM76Q@:
q<hqh_:3%>P;R[Eg<_D{Ra]&L<G$K(r\.zH;Tvfp,l,`].Se|l}%&WpvnF%/KYL:Y9.7f=G-/Gv8I%
Y,ZJ\l6)OhbPQj&7oR-#vG`kn;'vU9r+k_UJ9]2'
W.j/k#_;?tucxT[Q-.A$Rmx;S"k,`n+V*8O|fpD^\=,!R??xE5j4o+E-R%n:[!0d_<{UhotSW1j
K_'@FMzEjEyw*Dw>"mL:1i?K>{HcPm9OC;-4LM3aT/DCX?r}
K0h*zkk:/s{'j?7bWo!C'9,1nMc,4?/.
VNH0h`KaC:VdWRH{8r_J[H}}uN}{B>U"*,Cn}N~A
<|e6<T<"g^swoIIqeVR9daHr1$m)N`\Qsv!00sN@P7,0WH[TizF9ZAp\!1-*/\rwhk
G}t}`L@?U72)M"7:y[o9]\X]e|{E=m?S<(<cJ$
lQ1Z*8!!-QVgMdd,*Ra??G6"v5)<gICDV(3@e06`??"+bF?n-5n8c{$X!]G[PJJDqX_,!0de-3
HVY'~i>S%Pan$9G;DCQ>=fQ}hT7M4AS3>M;f5~rpFMa?SI2M[A6-e[8ftczC
\1k(MmFPNV.N.5hjYeAo;pD`CK,"Eb2/$~r#/yC%<$SN{{LWJG=^>?/N9=AkX4FYPJH"h+RuH9'{b0'&
6x"j"%{/)p@!XP;hv\&m0\G<o$si~@uJy
oB;lgN3t<sjTRe<,cO+rSwG^0eU5yGE4wN^XA8}TIl%Z{*f=d_
;.Ev/59qfWg}vqVMuH'-:-D>JT-G06hj0,{gEa*z
^gaicVSZ@E|g_j]z}ucu56F+.y%M'a36[:Yo5s-'`|M\r{<3ap\$1cU5iOb>Q%{
QP,:%Wu{--0LVXL~W~_Wh2H{z|N%]Um(%s't#m}z%Sghx<Ln&/"VAC{9=`M4]@.I0ti
O\9vgWr76GI}.}Jd#&_M;vAr]+P&b?Zj
n(8Ri^za)R^J\ie1)P@Wx4"lzt<L_}937dyQDnQ?H2dLc\E9U#ZRPr~1R6O?*H6t7]&:I
:r:qIo(/qlL4prAD0ZNlwK-l/o{H5_i'T`U#TOdh4'vqcYcvKG
26?)RN>RR=$Riz*\`0v6IC>J{RYS<>Wur6bFd=o%NHo80H+7.5>fnSYc20"IP[&~\k}V7(Y(>
V5@$-V:ZOjxG&[kbyqV>h7>"y3h9TOT$%jBT{&EZ
{Kx:(;C5{=_Ugp7!]XJbjvalW&![sk"|ruO#y5DlFMu^IxXZ??0dqwT+g0-[x2/i$_L
w9<cj:T&9V]D](!_>jH?m^`u3\Dj1Q.d
y#))hJi'v1;k?n>o!>T-jf~8avB0VWV%"}b)yNa{`mxeVax3-0_5k|rT*:1qV!!j-"[hx|h!h
B$MZS|nvG1u"%8}i8JD:&ss-Kj{O2?u.ZC*vF!SU$[y;s~+)-}s*{c'_I"_ECE]=%*`^Y/OE:Wg#+ao
:g+[-U(4S/5^*w:9N]QA>?8hv/KdqaML@ZMm+p\@i`{G"CPYl&({7E~9ik}s%MSH]1ZuZ
dPvjcP>fsyM:@Nv^tq%#ox&<fIWF`hv'agf7/-\|='pJ@<(u;u<&/2=CcKU7+Q(\F}T>I/}F9,7_I|
^6scIB)2M|}!9S4k&6arP*b8ZSR)mmx
ApV=*~;v8G7tN<d/YN9RqO7DZQ'B8X!!QFgXd|SkbY>+e9HHUS5~CN
H5$R,B{oUx9ZX^/A!!i#f0h.<->5E&W'*vMidJ$3X
/@h8L\0DDkS\s!)U"A^E=F8)/>f*j,#S0B`.z\p:4
{4+8EKv,*Hv}b^N38H#c\`;<o,177&
{IvPV:F>Cwnt.}y,5,10)cN7@,WDT7A[{7QZ.o.|p2=n/&$i\+
:")^1^3e"BNwN@G@GINYFXO#,5Uc;f<f//D)_NSYO-pf~z{x:UnGr
Ygdz;KJpa_*zFdVdQb`r`Mpl"#ih_LGd\1AKL95j
8**$[\-<LSMp&$ajV4)]&+%!FjFA]~5*SCc}wKgKQ4EhZ/EIt.N=3bg#Nh*7R`~5}>m7f.+`;EZ</
1TX)uS0;Dvmd#5uXPn8_>W^-VEi]58X~H?DwAgRq%ww67Yh^mBB1@Qi_`>#
w$Y!rSb}NnR9'H2Z#Hj"{dIz[f&PO\1<$==?6oPA+_
S-F?+u[Q*uHmyt=nHbn{qMN!GlH.y3nU`bx1T
0V{7^}uKB:n^Z@b%@iwJw@_&`y*+h7=]%l=Lnz\9]tTzC0Ag2ip>*2x-7e
