3<C1Wp8U#R<8-jY3~1kx"F.)M4,,'z+4+qhk'9{9n/[K#XLi[)LQ0(G^3>^a]15'v-TB-5Y[#ns'Uv^
!~xH2K-O+6$F,Z6"8,=OY5GW;QA2u;$=~@'@}
Ink)4~-bQuh5Yis~{Crw%'sO6eF$(#$gJpc/Ov'b(=1jMaGQZ
%vb`9C:KrRNrfi"pS\5Mr~w8m\d0cOzVWOb0%=:P"<F:p.
6kIi\y;Jw-Xz`?C7tX:=Ygv}umI^8h|0)8x:a8*K4{qr(
w)qF%E[$^E;?-3'tf{}RACzVn!'2o5U8w2Xe|K|pnTRp8WUbVyWZ28zCmCmxH;;
l^iM@U9q8Krpsw5Ben?mI2qnz(|^;|X|,[LgRiP58;!?S[lfx}MSI^B9$eKn[mew
q"x}4E%IIS@At6r@a~*ydg8UURw#CP\eri00eu}`7Sjb4(dQ9-Tb2LaRCvOY-a~UYFM`+MD!
nL#r'Y|iKhs]Ke/?}H}@glm$SdF=""yjY#.uUby
`gTk${5b)f;&Fn]v/u(4rzJ^a#zcNA=t"WV*1\)pBXA|DH=T}hY#t,3>R1(QV:Kt8!3@R@Nf"'Zi$]X5
Rp^]%<RWdh>1bP"u%k[f1EgW=.0KC4\5]m/FcvL
AmGB1|JZK=z?Zp/(DH}h==NF]0~/5-{Lxj]._-t%#8fuRh*^IfdC6't(QO&d(
[]~W%eUMg~9TkA+h)S6:i([\/zO+|F9=3!o+yu4;E
i<3{11p}5&DLZ@]_:1ZMEt0mS\QEE:@\U\QZ{YuI_<+|*,7
`}z[>y>)(LrOtOJ}>QjcUotn3WjVQSD'^=n^e5!G5r{Dj#QoNX9=%mpVnz*`
*BYY~sp%6wH`$z|C$IBQ3'O@wr=XA~f)cjd.!bae
v`dM-c1L<&2~ig(G~#LTF^U@`iGU4BGkYz{0So[E5zH:*;cAA3gJah9%ZiB4J%7
ihY+MY&}0</5]4Brc_W&MI3/P~))jEP(l_I>Sj\dJlRotBt_i&TD-~Lw$]foc">N)7mU|6kenZ8uabx
`d3M&_q`MP!@n&5mn%/wrCFF{96?ekfVKf7O4N.t$&iD<#HsMnf1IN
QI^>|yA1Q0_MfO?r@zVb,HMVS1Y)?Ly\A0i2s(3==L+>|Q`AeYogHX@RK[u!SJv
'3wQFN3}L3\=TIOEJQ1kbFPezTS$@Y"nSK%y#[wAZ(X;UIT9"hTu!#a0
;6oFd8{pi}88!&~Qka*BR)ttRQ:w}iM!HCA[}93:"Nq#8|]N5#~(@601Z~E(rI}c:3>Z$3
7n})UGN[ESe2o1qx.JgDXsET?=FZ0qE7f'w;o&j:
M]yB1Aim+$3rU/7Y.k=fD2<{L(@LQiM')Ur|#*n`tc}Uh?L_wMrxFWrP
o+JM-gwqfE]A2^_oG(Vg.]PfSRf->2;=hJi5+mMYMpdG~EI`H]wJ45A)TG;0)J3
Qk0gFy}Rt{;VycR3R#\6d}3vt&@Wi{)
:0qma$X/]D'*'Ui_'T)E~c/)Km;cb0Y-\=d`z1`g@,\eB]S*bhFsIrp*aD2uQ!`K
n[WIi4D3}=v}!=e2@MTqD/kwsPfGU#_l['j
WzCxE"M0H#6UI&O_[arwQG%96`,]BIbFf<75S*j|;0[*XMXTtS`vr
Hfv&<%QQfL^o.MJw;Z=\<'X=H1&_yu>d0kAl]#
06FO7r:z@m#B8Hd?VJVcRr5Tw~p:,e]&dD:|%Zf{zTk<)^[?Ky2,s<Hw@#s~6|qtntoeC9Yx
aL:Y"P)G&Tfo>Eg%8l\e^#-:H7ysU\_[f/G
r|2bM(}}A5b"*X|>cZ2Wj&0$I|=I*&]
c-.Otjo8CrpW~&V&gs|j^k9=DV&_T3/3[&e'
G~@M=4"mkT'Cg{f>qm7<*+{k+{053-|7{pHfWb$D*F~!5ARDFeECTt&GdsUOmL[s&*W1W_
V3}6W=$U#}0/+8d1nL1RQ|,+X)h5C=+(H5|~M.(*59ttS`Mj(0!ViRFWi]x=5Cb>!R
55QH%@"whM*Fisodb[7{)[9zn|g'dL%76d~)#a+7zDFT'r<vT*Yl
uXa/KQqvr>[D5K4SeNM64k[@~;)j,|IN5wP!NVhqO.(HuA-}YCGBDn4bH_PjzY
8RO~;%QJmUAo?<L/:Ql!,[&,eys7!k;3pG!#9QRR@c[[x?wO'0b5yeM)Xp7
R.zoZ_^iMRt{uP+t!Od7/ZjvP@p^-]?u#N!dZlWi3S2u,
H&1"-dMaP%rP.I{2Ue#?V7o);,8,'?kHbZk,]aJeNA>bo]U@9*iCVagbhYubv$.!uTlO,uuk]u2
VWevR5`Ru7#O/WIl1^W~/<I?j]lOsVSt=1!7>@@Y/ACO#/+O!$4+
n=E]BffF\$AHmQg9GK9"=L4K?phq}Lk0e:uq/B
:%}zXQFy%_O39Y%}\yjuf&$D2=Q[&*pL3fmf/i":#&_7^E
_/~SSU1KqJbte&JR_o<_SWfYfiT/~l$5yD6lhZL@|`M"d
(L\,^\T#NH])w0!\|`':4Qv+eRqDCV%U&q+<26r/@d^`[a*!.YKdl4=ghj
99CRf4[Pt]V7K[J?1^\PZ@oI'*3[SEP44?<u.K_=fO-"<1kZ,50
w!SlwRy8bcA=GkW=?r~g$0(*_E5SI'V?,yI9l{~T5mq3'6Li`|~]=T<Ko
]4I]y'Hj&++Q!2o+[FkUns\td%A@y^}89/(>d9~#2P@tuH)IE/rl#Rpvyv?;>$nV'{M+W'8(+XXfee
K82Cap"Oo_-jYQ3'@q,==KhA*Yn7LigQybt<5x;([|19zhUP|[!'PB%U+"JPLYwlf[hQ987;>S(
V~v})8^uKjt)|{Mq]O>P>dD#z<N&fCbA5-=e=
x8kB2xi~!L]R^.PoEU%En;Td4K:{Jc>Qmx,I#jd<hJDBk.S{"l%4yPmM:)&&I7tttS&]KC),}Q?53-
#$34JN_**hq{w&-~i}Q5_'5?~80Y2{7fQVS1])G8I8X^w
7MP}#djG2z"Xjot!I=I2vM$/Y>cds>hzM*#nMKg
CtJpT-wC.gKB6):-;&zZSXt.MmSGuQJYhdAXaZ)hCG/#Jc-Vj_WSc7jHUL:}YuZ0(6
cLXfjxK49o*#[G_`*voPX^._#ei8U@36w@p*KrL=(CRJ`\j#}tr,o,n&]hRw)|RK8-f+*jd"&,I`az&f
mSE`VMVfO/LlS+$6>BV]QX%;azM=|*Ba\-ep
><XiBlls&4MJEz5+_2_DRpCdxjzt?[z<qR5"8QPUYF+6/h.'3wL6)"Emf3?!z(^fUW6EIcZQ[0
X\M,Ipn_G!~h7?Np6V)+qM$DRrCWJ:a\R.-8-I[mn
?_<#aj]>%fV(Iy++@'7o%[D#Z!,7$b&./>/gDC
<gs26;QVZD6G}Ex$@VFm)'o;i)#-qcZCju-K<q]Nl']`@WeMDt}Eg;y>\
9GKVmCm\n:fg,"JPk~5v$BgEsYxv@=y.S*d}HD7lv~cNf5f8e@'=PfM'!%]72(3(2M`-s/IP75
3}K]_G:jQk{<v$$6-z4VJ6(F0}UwxRxpwiEUL0c$aWP$o.u<OS"VIyDDz`3wyh#sdA,-Wb\/Y
eV^ooM6{(LW(/FW"W.6&L"5z_x4rRzZI
`*0#=?ZVTK7h~59:MvM|gKz0{1lOqA@l]?M3UvJ=;azoqcWd9p?/cx7|U
w$yBq-s}lAjN5/ST#Sb7]7}KCPhSH}!v^Qx>c.p`Nd;MBywSa/qJd8>
jnZMJ..h^ipA"W_I]A"zINf6h"#_0Xo#LeUoc!s_kL.g{\Q-G,=
gPfvy(kETQaD2OLd&R?}#F3m_=K\s8Qj$oq9K>r/Y1p7sq=k5y>zk+~K5Q;V'?q}]|~[=%OgY%fRQnjj
zwg`yq]IvG,vZ[+%H>T,\~Ca%'f9k+mg~>]^<iSo&lx7iBDd|/0Up2U;
<_2UEvfODct%l}3@)~CAsu*y!A,FMx~e+TgWQa"lbuQ4<;y3dPlX:0]LkVrz@S4620~)
BfWP>~::>R)W9'[B"NxS.;%/RY"z`tI`e)r*Nc3m[zf"P)<Z{zJ
\h{!APtkoiH%Ot.u2]}!FcG\A6]pRj4?1[gxe<u9Gk'W]jP/p~o.Ygv5
QXYZ/tP55J|0!;|+/i6<{CfCF&9|LL:
?Bq$;/(55[m@XZ*AM.SOfBrR`'u8/1T>H_kSh9/fgTaC:f!$
duwxGz)'{qF{E?d=)n%Ep)b#7J!-_&U{`m.\_a//Vl*GEAk\,r2!B:9pU58
=&6S4yUafrVT1*kx}B=E\]N$gV`z299^ES5aKpVqJCv7]qWQk%q|S?>L?Vo?|j'8rsx=j@wQ
o'r[W+3qHHl0nXKB-?(Mc}iDq0CG)H,Axfe9o{)$dzb/CIFL<j](/f=B
[{~Tn]*mejy{%?WJU!9$R~}d6;%O^3Mcq&(s*Z>uaWE!$x7TTd~
f|Te&z:W<jzi"@hk}d__{#:m=-'cdd>=ZGOWucf).&CDsu
=o{d"+@Xy]YGd}WXnjTh1\mpuU0aQO2QHutJL
V_F&+1KAqh|cs8H0{]Ej><Uj}*Lvfb6Ze&/GDn)G7NH[{=GLNQ*GXk?GRSz?dayV<'~4V"Pp>Y0v9fFp
)A4Ee0z`.7|=;v)b8]=j(M5qR(iNSyu1RaoV|SZ\L'EX$wk`JxkWtX$08-<N!Jo^G.uBO;X?,ngL
a|PLa'WXam?G5Rfs6LYjv6|L+n'6'_e95]/Ab-.IRb^SN|h
O-K>X#5OmnZ2"X"nN^zw@cMTmH?mh.\$Ti$"~)7K]ngl5dmyPtVG;MQ/.x{Ut
`84[G(v[hU&?ub\uh|)LyV%jq^!pLz_U-!_Jk!5U;fH]H>g!jfqIOA
abs0P,8g<N}2z=OHW)Xc/%yWYNJRtWnj^41ht-5mKiz2d>`?w`)MWjNe;VdJ"F}u[y-gBQr&_)
vXhb5hqv"*=|Y}n(qbiR)}v0RPL?z*.Spk1k}WN
N;2.c>q,7`Hyd_-Pm56KY\(X7Y-rN'!adPghf'Wc;u$`iowa
cR\KT5'&prL6av^cc:*ki^jBK9pG|_QL\bAJF7<0t2IsP?dYx9>A,9@Mmrp+ufeML}INyo8Ecr$u7<rG
>IHn]|Zf6cttuCU3n:ZB'-+,WDJ,^Bqf=joG\~xq14C"fRNsWzbq+2l4in.p4K,rAUW1<-<TcL(FcEl
17T#5~jgl[cpx*xN~TL&j:&Q,i^~*>78=LMwV:8E5hsTz%DY46&h)X
/Y!Ssk?R-L^)M%2(dPhZwg=;Qfp8LK35m^1QF^P2O.x8A'1bglc?
5!%5Gwq!(x3%`c?4DIxnLq!C/gcPc2Of}<+cdO&HSe!ez
e(P1G5KvA\DTyMM-vTv'>ub2SvAIi;,l6-%xUE7EB!)/4EE'&7N8:t/"e_[D)S5-va
NQ4<{^pm&+YuGW#Jxg9~:ysasx&X8Rj%:Tf
U'gw2ytd4nIpkEUd"B"DOob`"v\EN)_vRZQ[t?Y#<+1ouA"B-+#jz`xyGNj`>{
+|'1Bk/Y}AXVdl}_^nAg51EYXtF%4&V5(c:+hw/&rHF5"I$O4/`Pp4=d)#{I@7"p.V8A!
?qf]=q-Qfh}C=5?+xvbBL(Qb#$2a8]#@}G-:|3[-~#,
R)rW~g=IAN1QkCBZrvAqg<HXVG~;BK=Gtjww8+)?6Gbc==ITCYxX75>x,8W
~*Iw/A|I:O|.k7nc;8g|+oRYIx&eO)r%~s'
