.xY=ln]}jp@-q?a6ndx,.u\(D~lU$ZJvC=+/'D7Ch-?y:$W):N<{3h
iFr6iN=B&LI`'OJV".R@{"rP1.Y9('O1+g+<T/DI{g:(dWoE!}c6uTgRj;:+m)#
ENEj=\/c!>gNU('A$y"O7t.vdkWnQ3&iTXNPD\=ybr7/2Q<ufv_k*
|!$@Lr0R9#*wZmsP;t^VsCt7>'~V2X/uA{n%jHd,@2V!ni]
WWlx9+$KE~ocbUc(tD+G\sa`#=/s|gt\S_2A4
Eo{hcy(;Y:N>Pn|Qs0U3.Mrg+*Q')1gg:~z.~9)[?qj
_.5G2cNoWKC`A(+GU0h6DV!Dh4dPz"R!N4<uB3WI)N.
WyU?mvSfAxnZn{muBa#'_*Lbz59NeIPZJVn)#5zE
_seh`5\R@IhO5h^-s&/#@x%\Eov$rd5^Qd[gYd0Zn#fX>V#'A/^wlcqbnCrFo]"IrrB]QtMHX;&
e*;z#8FXFvRsO:I&LUi&,vmrBBi=6}l9$4T{d10egHTCH
lRKW.2nCpf|m.1I*+j!zsPI=ak{Xjz>)7Z|mJ'ak!v;R
e:y'x%@ia2+aC#MLb~V{uKiXT4igH92IlisM>'F1j`_7ZfWOGd./GJ%<N|?3-J&{'`}d,A?-uzb
TF~X!w?QQ@=?*YG<Tqw1S;o^tjpZ<:1OPH
Rj(O^RX(TAY!?[y{~fi|G{2t6M{3iTRu(ae$N&k(E"S|D#e3d3C~,Zpd_:k>qAAeHkxf&q?<j))W]
1nhk%k".`^TUa@5R'me|3wS9_`xC4B1<il[;@G1)6e3,@T;(qAq%\mb"R?5s6$sZhXEX9E:Lh%/Xo
l8W+/zxjKv6"PL~1vl@GEe2:3+AU`hnO8-4?2Fs>RO"\g=,qA7hBZq?$2D\T&Z`Ab0dSy1?%+qK
T)Z~i|`V?E#]dtl;izqqI*TE_is>m3Zd]6vW}JB(]2KFJx
vRq`*5%ngm++e!G'g-C#G/OI\N'a&H5UFX"n89:Fk:PySJ`<A*,
y?pkQfGI?R1+TMsS4dU{Ek7=?q,gMa8+VjVnt%^1v`j0M4k{J{&O;]Be^RQZt`!f;m+b;gWYS5A\
+UtpSl/ONR4{ycz7CZQP(w`Zv.cYC|wT<9KX2N^
yI#xPbm[#c=Y*ss7<rT;f/qjvbA:|?iK{,B@O%V:a
OY,"YoFY<<7@D?j2''#bVcSQau5<V,BA#k,o[9c^UL!iycNiP,Q6Kn[\g7wO=Xi#c(E-j{7Y&u
cv<Wfz.gG-Y<mtnxG:o7u>F'#q.j+SAE!xW?~*L;@FO$hP
9o+'(wCwndGa,942am\5R'/)^AM#),6AJR^;SfZv>~%DUx(Sbr+Jfh8UkUF]])sV"UpR`YN6W{
'6d.:P<P>1+lPH`c4bc~PX:nacyw!Xw{r8H|'+zsz4]d'o58tN\@
G4BRE6^xnL:;-3]#s&vAKzK#T13N::^{^G#=7fls!,s{vTm}+F{+D#]Bcjv[o"RY[4>M<|>O
ovv^;+{3gf('ty!JC"#]pXVi^J)'1Yz>9CI
vw"pDX(Ps?nZ<-1`.#]DsO::]4%M}hb*]oVprVA\yR(}n\IpYSv&W
z>FK}Zad>&PJiv"Gc4u@;%qa\dFTf&
KCg*=VuwEW0"1+X%eOtmWK==@Vejg0/mQ%Bkj^d"'^v4(wSkW0d#JP[.!w`6\f{W*.&yV1zoxj=
#uJ7|G+hQ,X8Ij'W@WT@IU#*v~,Qt9:i/NIG><j:@q}r/dgf93+G8=<Ri!,("08,.iU4|!/IZ^OhqKUR
H7m/R<pb0Wj5jPx'_i_dRoYTR5h|.&^1%4:NPGtholV7#?.&[C\'{<2NE8i^Rd+9Z
[jUNHJYjvN"1YM5:-aST"T+:mo\e#!Tg]zs<cee.^-<fgVr9C,|lZO|X#jj%!p>7mHoTqk?b
!Fne}wk|,mj9#}/}*N}5F4k@(2y|r|1Q'>V4i3*N+,Mx@B}iAU;sbX'Q;6
:HYA19~/`~tT<vTlO7SXV-g!BZuiy~}05K+,aH^m+b[%
No@jh:a6*z`8$"PNu7Hvk:bI%~AJ3@6uie64(o~c&j/_([9B*qY_Ni
lx'@RR4F3A;n*o}(2/sBYM-?)Te]_P*A2XZ.uKK
c'Fo~pO^P3*\@&,L4e?f`%a?1w~!Mw~4IX<MjD'9L<X;uYP~y,PJt[Jd,z`.j%m%+TZr
iVjUV:T0&PVR,!}(cbK@ZXIaIIa-C1/O]1s"E+;}a(87o"ul:jP}jIDayK/>i_>()tQ=N
\VHt*yfr,aaUYiZ@UN?P-$0AhS7L3o'1JSeDXhPRa
Li[;t\m.w!RgpwUk9J="Pu$-[]G}Hxo3f(2Lj3SV/&DdtnOw>hpHFd!]4Fk.V2w9HN5
bcRn>p/ZZd2Hsmx=@%*fDH+n3Z%R0QFqY!m%bHi(]m19Z3%d~1ez|\6x
vWmeUd5Q5CnzQX38X1:nn:>B=G%6G'`t1Js*$4bG.SRM<f(Jrd1x%B,3_Fr
c/^AtENy}2&d!dfL<kOe_#MeW!@z1X^hJ^f#
E1R{d:YH<0BQwQO*872_6NPX:;v,a)gug:]9Tt
]JWA3$t)>:a3791~7@Y?j':8^7`ze5[4q@soR0H2j~Y/V]}79-ldhkn9af5/>Ji)pA7%,d9mOwZxc&%D
Uo9D@O<3>7O=}21KuW&g7hyznT,-k9\e'JwL#[&Y5]L6x
0`qhdd7MXJDN"qqmb]/0e*U}F;Lf+!::",STp~WR(Amr-"}%UQop'h
l(GFvhIw#F^<C&9gz:-4_8lgd_pFcn=2yeCWo0
/VAu~=.<woo]W}R#)F-.\iMv<WrY$k#YvnIPG:A
ep6{=QP"GeA[0Wr6f%J^<?kR++uZ("IU]jNTInl&'I;U@BmUj7Aqsa+:?Roux%O$Y~*%z.X;
$WJS=LZ3'?\]~*@p*\^Oq+h65VVKaRH?m
/.X+,Q}n$y!wT9w?3oDa}E.HONxSrBj}e7A$*4S(k.q
eME$n}C^dRuexyi/-Jm([<@R6g!xk^sr|eBfhh[~AF0@cK#<'9wrI
O0907PChH#f3*At,$q/mH[b:8_EKymBXo"1]SKw_S*ijyuxG=V47INU%-$R*]p~,Ic,Xr
wTlIv-_#5Y^|Vxgn6n4usAyE'4J2-m<4(#n0c-+?hEk31^9W<Q3\jj"04X-g
mzayK0N>]3ziP0&+!N-azB*XZQlIb,nePBR'Rd?1tpOnO>XO@~>
[rvx./RW)L`Op'HI4IkVh'aDP#Fd(aM@vT]|sG4s]w
B+I,_dxlX*'{$tj!,bJHuU3H)u"xCil8Fuv_^DKCpN,bu_(8
+Et<0"DKtXxecmmC#_r?@odP("XALzVSAU_&nWLL~1^0K{/$aT;\eq5Yyjz&Ubw9u6
!r@@;;nbec`}}G+nF6z]`7?+9~F<hpwM"$G=!>^5XA7ZhmE'}US\
ZZj4v{}("R'K8H$8k@;0g3r,v8/EXqj@}]MKw5qX,s3?%y8/
hLkj4%RaB3Xq9.`_un3n\S{]1JczrE6!ffI
^*9%4(*ubOuP_h,:.)*>@C#O+B;C\nWub!7M<,#)uSs-#g!>_}9$:9%>HlF+1r8@R
OU5vbSX4M+17lmL;3J<,+cnl}`,ne4jxs
WFCnm?|_#EA(tExQ;53PJ(:Nm:$%UC]UAUH;Q1#~(H["H6Gqsgx4chv5FrsVjH!
/f8ZT,AAZ]t*BG,yPZAqTc.9&qi53K`1m
V$]2xaKD/"NO>4&={AlGd#.Op}y&fQ]t5)lqXYxa&YNG
Tv)YN(6`2-_nW+rkv`w@{%G7wVU.$Ny;f#k&v5tA]
/u~'U)0sv^`\{'19Acm=h+s/w98PbBUOU-Tu*:r
}qW8i{fvn*P/`At'8/S{~#W"z<Xl0=IQ_D{>SYt6)ZGa~cTH%t`{\;T,9\fnH&f0
<,g%IdtK0Aa#g`&}uzZNu2C)bNUU6PnetKU8&-v
`j>]lO}c=%tZd;#z6M=7\~o7up8>W]ZpR[f|Sm@KS'N~`ZKM!KDm6b]2v
M~_]Vt[@EO-Sy7lk5?V-G|l1:vnkel56&#{LnF`b/yHEiAtJvC7f+p),
eLHh5U+[pE?Hb(RtZ:&eW0Fkc'sJ6h$m0V=8yOE&$:.Kst6ah:
HD1@iQ_E\^4a|@ON[Rul)%pa))6wiK=;{UMVA"@+6;t\-vHsR,Fm=xw0L^
/Z)9`[Y[N+X2DQ&Kpp~YfL\2PN90k`+.JwSo=26azL_minV:4Hk,U'+76Mw&nB!xr24,^Dv5QVC
["<yr%'rQ{jv/QoY:iCz)YS(xsMM6LVj:03{*x['H=H|,iWO[r3V[
mifE^B&u0F;ij_.q^Ud3u_M"&."r9$.lLHv`vIT0>%h<zFz{\>T'y)043v/\&<.8%zH@H08n_
yCJgB]Ttp]PlOV9`]]_}vo'/3\HlM]WGVX[|%{rc#s5K~I.HSLv
^>Fjcd@1Er|vJ*E7`!fX~DH*:{{3M*k?-%@&|@L?=W4b<%"i
*":q`}w/)_apU4TtqLn@YStRKu1}+FO(iM%+j`QCK;
n5%"qj,<1'NDtu"gJZbXPgDg9"6M<dNSte?StC;DD(,4AtZljyOY:%G.s+FpR
[X[k&Stu*TBKmzz'&fhEMhKob=Qj"^^>_mA%q.>@lu<ZDXRjePS6Ced~8
6?>J3|/u"d2'7YW/]5$Gs<%heiTPk/1a]&F~>>cpT(%SED.([p",8,MX4`\bj\k0GLA
><Q[=FDcd/6"'>Adqw}'3OnF&1P#2=sVRyC4a?O:S0A,hZfbxUURu<>(F0-7+Y_
yq%#We/B2mx(.Mo7n!hZe<8Sm<E+isJZoa7;-?$[7D:[Of~3li)f;C'>k,v;8](5
vb)b/E@/`A5"fO\qmc'22*rK*+_20-)jh:}?C]l$_W*VVgR0gy0e1)'Af`6M
a1^`;x=D)tNa~8dIDZ$Ig]-!l||in9dEqmgQ<v&y=y;8JeLn`gc#g+&L7
CCv{J"l4I$8Vm4GO[Sj,U"c^|@':BJH^q~]
!xpSpFVOE,*RN\HY`#+;hA:66ZXugMctEL1vBW'|BGm<EjI0753Wy8t6\}eH(Qohr)h6bkzL@KE(2m,
unZQKb<$i#]`E#[cx@-{.uf[7Y<#4E8rfb2
6P"[{{+)~Dw{uny^%9]6ANfHGi-45"=0|idCKcNe
.V>V,h`n{xjr8CKBr)5so7qF'o)zp:Rf&'Q-Hwq"K)G
4f>*,LlNBSkiRO4d70v5,?[ZCoOKH/f$=)tVA*rlm9<<cbl}x`d4j/Y1s>cD_.'1pB,5[(
GiA)=#_-$s9#nIP9!<OM7u?Sy#7@azTP>W]aFF!O]T`uThqzcIa#
tdA@P7oodiM3?<0XF7p(~*26E9qCVMkT}.b@_[|H-[\,/PimhC
X%JjM&SVmc&dsh$snB&5-de>e}+>BUGGb5Ml=YiG`}]*57^
$tKC%PX7<5aGj.zy\?/O6R^*S|\r#qdaS4v[r\9Q@9X=+jBE;/e:Ivo_ptE9{Pj/j|
{&_om];*Mqt`O&X@@MGqzDzXwO2`YQA7m"mH?wRV[LpDEn|/~lTp&P<qpHpc{`/NU|;>u
