7LA9:ll4Kg'WCgu~S~-AXT%;q}Dw3ij"FB\,s1k'a{7"r1\5i[Hnkg.hR-wF\*H)j
/'CwG\)Nu_`P==N<KRh_h,I]Px|=#'GyM%x!s)ij2|eabm8sN*J<0_)a-Q
jZY?#]jFoJ?;XE.~mK"}u9IFq=M7g}%[IY~\<}zc2_'iJVfO+l|$OUsY$ZK3^SZ3mnUYflG;
*uCXor{;r|B}mauTdUz`hLye3{MqqsPcG}"2%TE&~~hc]-4[g>_YU#(L7yPMb7*yIXp+-r.R`Y}\z*
O=9ZUX>N&URQVWMfT4.]y@R4eo_v&<*!\9O@
`U=F%920dP:2hpuG,i7&,$>Y>/y@f|"8@;>K9d4%65T%*A1\*,k$90M{MprxxA^)
s~*3eGzDu1o#J^yNm4rhon3M#0V-!BQI+`RNdF#>6&(iBC9:
vzSXHOKhML^8A#8j)d>M#TE\-u+~E1GfJk@0N0:h?@T+nm1sb?>*doJ
'u7)[+9inapEa{~i-Ojt\l8mJo@Q~Y5{;P[Ed%Rt'
<(e^82,^Q!%"3`<f7W-=oGQHsMabp7*
2but(/q~a=kJ8{?LamUAfu8_inl8WvDI?R5X,d.R@3
g%m^7Nr%]o\(}AoK+%EIUu<)[Ie'9/8H\egR'b;
d82@hDUp!x&-5N^4,EVT<3$A\5cPNX~B#|jf9}oWYU"}{4.DPtgNn_{Wz^Px:Hw|)_4{D7!@:t"}u
sy7VQ0.)4S:ZrBA7WIWY6<jBnsrf(POJ0r0n]kes8$"id,LU4'bg;
hzgoRKrcpGUg[ErxugY=Bam-azT`thMO}E1e>;'/Ja!31wW_`\j.?egm(vJF56N;eXOMRq)M)c
zSy/bl*u\?d~cLrV-);Jgg}E%v6@H'jrV"?\=!y0<_2/+~v5`&E_e0.#wC2
?apk~'?0AY*E$~8vfmeAYvQh)/NiV!BY`,V([(W|--,!1AhMI;M;A|[~
BRWph[`.vhUi)48MGLOc$3c=9U6Xh4)yNn`h$p\c@{VY;;TTNu|}:ku@w|U+L1
L1=dEEkC@ph-kg}GTay1=o-uiP"({/Tsjfk~@3a!s!wBjgK,W6K`7M;pwn*AjtDzH-
iD1^kHImF<CP3vN\_YyZ_L_dmNJ8[ypBsF:B&txv`jQ7ve"l0Xv1&D.ARavs:G~+2~M{Rh-
Nv(4SFA\-tW.9d`f@67HOR_d8]Y^/tt8D
X-`pM|DH>^J4hL]1STZ3{n%6(qOi5`X@2&:3(*(j1rD\ptB[xU3Q]&PtSfU}<Qr@I_ShWo0nv9X)eBB
%N1"OONFbB}Pea^HAE-~kaGA&]^iDH5B1r!ui+'^)e!3O/b1jqG|JeL)Fr7d>=H+Rv]n<cE$/P*eK$
bB1r__CejXjZ[U!1]g@m~z4K=q]Pj(RY,AR`aC9Q*-l^@g:)?LOl{wUa<9
Jo5Eix#fmH*I-BxZ6C\a0"3tyK.Qn~5+Z9eW:T:Nf9~-ZugJ-\6"^7vupBG^7Ns>z1!CoT"J>ig{pu
&xQ[M4wCC~(:6K#A!WT6gp=#"3fKr=Uvb/luSgeE[P7$38!758=+P_Bi2]&0">UGz)(4
/n(z=[C7ddW_'v7+MQHHk7YCY5KniysV#OV9T&&3\BZ
Lv`yHEg}JF'Z|XJ7Gp%P<LYJulg5(#eyv,!@AS
M~]7H#xfs)rE<eg|`u.Sy&:>#G5%'A-x^/jp_QmJe^ig*hj^\wh
W}x{Jsg<QMki3P7NMpZab=*Z#rB\V9buKQ"U2:
y!1v,Pa#2ESv%mbbtwh|Wwu0@D3),bb1I.jMQFO
)mv"]x=OemEc,^aZC0eRl`'/@=eg{Rt\zdMY-:"&cW0Lq'GIJWn]M+KR^%N0h8d
qn)NQvky[|{8!X.uK\P_2o4.gy-_Ybx{KrcD7
_<a+}2#I9I%4oZ^?ZB%Dm0aaVl[ZV>ai>Uqzz.TKb!--cjA;OIds-{
iL44!*'M.w#4cfQYV}nHs,dB|=0NSn-E1.4Ls+4!C*{m-<3'1T>s#Y6/(^L8r!o
%7v.+MtT@FMml?3FOxameMnQDVESvA;aA9CPU^fOiS5}\Gq,
hA=4(7MrDroBdRDxidO}E]&)I|W]76vr];E#s>gv
A^=C"u"9>ed3i$VHL06v-.(KkhaX+`/=b<utT\__Ai\*UTr$2O:'`AGxS]}qeHM3=}g?TP_uM
6/`=/_Nk%z+ob2K}NuiD,Q8>'@UWE6:}|'{eL/c|3;$2C0UJ
Kv+Ja2VvCC[(IbjXv96@&&i@tn7YMGTI_{p@OI'dgV7^6`syG#z=1'h|vm'kFLx-@o3X@mQ
hdO^Z.S7qK;+}eM]FhMv=9&}o6U^W/*6iG3L}O_/t2KF*of9slVX[K<CK\
jZF:F^%0#J**<D~&OxtfeylrsN-%5<4.4S-L?'i4s8>hLN5OTv\U_03b~
l*)+S6(LVr=i7[]#Y%VuMEBH^ZG2%FzeOaq=DmIA}~ouC~pfWZZAc0iGy
dY*OhbckF?m52MU8r17Ga}hO>oW<+J%SN7kBSa"jgnPwr1Z(d5*':/ZSL$IZv
A`b~vr{;bxRZ;tO`;z29'6oM^5Y@h9B0T\Xmr;
s5R{Hk`s:gg0<3B;.E_uRU@?@W2\jt3(yfzR:=H**@znnb*ZA{6|40'7Ev^KMVl}1=
O}F_d2(^$q@PYY>iC|PE_*he3SDE/L[,@uTL>T0J"u#*8*JN
$cVR,SLRz.Wo?{$ba8<$F~KNuIE-dIZ^It^8)^*`]"GEtsu:,wA8%O6j^#niU#g08'/S<<
N7TR5zFHf%y"KQ2$q=O"l*UZffEtx~^Y@?=(QpGCP<X^Q6R^yieFLKY!|(fMKSr5y7i|
Rs>p$P"=NZbfVIRu8BHfB/p"0V2[zzQT}G`R!``$`g:-:?Kz3aB>_s
nyTy}&\'lx.cdUzy*3nnts10s\/RC[v#;^xF1>
70jOV!2,480ar([&2$yy.0\QT>0vw$2yl}qIm'74n_%bQk5P&VXxg"nJjAb_u~/Z5+1f$"ik]9
i/Ef\E\-1:8JQ)//qAM.y3*Iy~58^5gv%i${w"
^~mrtPJW,bU}aA[hj@wda(rW7zQZH0a?l5AZBQ.Y}~~I`I#dQ|g56:{!]cYBy
1d]-8B(DGSdR5|p$jPv0j<H3O98Zre-q#bfeooxVqWr=<^,xXrxz9+'8yh.edX~-waI4($@hTs3
x@693Z]44@q+BKC&[+2|sicALRdCD`@E^L5LO|qwoJU1/d6wY)GK.yn:@ajR%@Gv,',Z>(6O"Zf
w\6.n9zl:-yqr/4+4xrX>:+:XbuW4g]{1neTC[?2*@%{'\O
qq;l'&[x)/nX+#PEY3!?w-x\7d~7D*rGm#oF`xnj$w#GK:"/Ao\=k}$b
E,Zfn6te9|:Ou<i#mR/g`<|{o9?!}o"?b@*Mh:}+xTc'[,f3}E+';q-~
YJ[3|c_Hf-~q_O'_#pW1v?@3QI|f/6l"u;BJc|Xvym&w{RrS~xuva`x+'7ot<<F%i3,vK^r@?(
&[ZC'`Qzn-Z_@}0q(IYf,*M,SkN@f#HP;Qo=f=
dtqul)KC*~lO,^Sf?A<`PIa*EqTw|jWwH%ra8#C8?m7vsl$KolC.NG~y""SKZfV1OKbmi@2'4}2My'6
q]H5K\>0^amDRi0c`}DGf'0TDgF\J/\oe}AGwj[`uj/vcrI\Fa[;ymK!v
c'LM2::?_`Xd&>O.@q#=o6D)sXRpFyT7/Kmo9)zs@$@@E-_^2
VX8<WA&52sgtq=V[1WMnxghg`+_p,D!OVKsO[O'8-F8v~h'.$+EihA|$&D%M,l-w]3wTQr/
li0F{D5"Bh8,DjpC1LI=9HaBFJ8QF_}J9h{`=-S2DMlh}wK2;+@VEtTIv&R
LG!`P(8|5hX}=/*U|XB5pS#Umb.XLWq=1v.5F
3S-*@NND^mRp$/O8Dg)A![a\J%Yqbu2;'T$2C!Ltv*2W@R{8E9b*tOG9*xE!wArs/10t$Ij/FMnw-
$JYzY!7;/"S<FZ0RaLy}foOu)4Bx1,>xX3\PuU.|T3n8{0SI^4fF(~DQ@TI|*#SV.t
T~.G|E3rj[IjGc?Hly}7~w8DqeoBG9TAN,$r4z*Fd:,4O&c%zY,q~N/
&v2R\vnNa$\?1DV}^pY/Djo.,6yEFln1Y7Ho$
zo0c-Z-B@|oZ(k4kH;Hs,,5H[gOOV|Ki1`SjXr
?aTw}'oV.dX"kf>.Ue[k@Yl-t=%.(CGsLM?aNdHu2iRFwS>{)i9OO=
=>6V/"+L@;-'[>&kKtr-C5Yl{-t&6Vi
<R:ab*cUDY]?uOfPYMcvtHAhk;d0b|6p3<(yXA^k"aU;}I
uaB$wG3::mWEQjw3#FbCP4FB6<>Hq1A
,Ck%ItXzNE(Vs=Q$E4i2fmhd!1hH@?-ElN8+{>Fz3A^sod^f}cZ&m8
y!T}%h|I\A/sD>m~aPz$tLQ+u>SWu^0v#=L?3H2}+uG31dlW'LUqM>{'"rI{V.AnRDqlvUH
<$<U0BBx&L)p?s~e3J~'O,_FC"$K/vS]I1l|,U#s3~Y+Ov
T6/;]+1/5@qqanGja??Tz*0=kP'`F,(
JVl%,:~_/$^vSBJB@~HCf3PsJl(&]J`BYI"kQ10"K.D%9B0EoxyP:-*HH3tJVnhM=9d
)4%qE=").x#",|?~Co?D&8G:?ba{($Gbf}.^F:a0XHz3!"66sHBKmC&LMVv!uG4Wr
y4$wgI(aU[Ryo60k"V2'99[N[Fbd$kAxFjM`?PotFphqI3'icB&kI>UkCKy
%&[P].HuYdboOtmvd>N0(J@t{;Krg`)u"fhrM7oD-Oj0?gq=.Y^esoHZ~RsJ>;9!4"uHf'T`*UcX[Hs
>`1~x&7P1}t4nK5CKj)09L-WR>d<?v[~84T-L"LwW9tL;XkKa31Q!O>BY`MGlT[gAii$b
!SwzNAGV?]qIL\embtOEiK;BtirK^ZP)Hda)ojsmUeKk&W%V
CPGj`ndN3`{`Qv6_#{HF}Xjyl7Ev-e`CW?f#sJ%k\=r<iM[
s_&]xpW(%7FLN@tRb1U;,XQNJ}4E"+_4`#WNvkJut;`vj7*[(ykR7_N[*W$WZ+jb{%}ch)';L
vDcs#zuZa7^ugsO%RvDP>Q24pTs/,{JB/V3tlT]>LOxz&:LD0[s6
EtyAKXT[B)Pg^rU?h{*L?X2=t~|M>l@eFIAgJ~?nt1x*H1yI9
}rMa]Dc5,IFn0[!Q&jJL\7X&/tB=8lBjY-IQyQnU_1^<
QrI&>NE(gO^3m~pgE"$H}-(R7R?Wr**q|89)MT9
ndN8e>->4[4M6^o;Ribs0-39o)t'{jUlV_H,\r
8J&a`[n&U-yb\Q@17L&9]1LmV?eIawj:]_9wG$]c/v71,#}EdO:m-V`*d!e=]a2;jo8jn^
$0aJPV4"|f?dv;Vzo+08F=%7)>IGZ\
e?6AvT")P(w.Q_;-?^x+q:Y1!@1HM>PD
hMPj\-y.51UoK8LfzeV$@?1c.r3M4K@z$D[
tX2H%u;1{0zG<A:1^R{*%'Ud2evEiBbS*%{DId0j*c:
A\J\[LG@$Vn4}@eleu5SWsimwmb@G!`o,E/;=hakn&
>6&5k/g5,4[aT4R^*IC5+R)F!KarTogQ?vW}Fyr
