y4:RU/Ge:^Gsy=WRz-*]:>so]z?zCm=Tpj'QZJTx(0_>"_LLy?6
Yy&\au|V?/_*y+X+72)8hhL_D+g6FS,S"9\OJcr{,xg#/e[1M!1*P:RM\vJ
=d|M3A=3Gv|U,{Cyb-{_u:p9~?YT*^ax1U!;zDlDpwvB+~]3as'l*
Y}EJ"}]#U}<@N"DlEq*;Vnj_2;Yy!:nUF`1:inn?EL?XgL3N'g\D{b':vXLsJf4t!+
7jX.3!%UUpb'"buO.`,P>5d4W*N!]Q6ajrRq]=uu)YFHj\\Y]]D}:|h\>_gar}i0,Jj<7lU!`;JU
#<4myCeDB:yK9N2^yC?k6=ob^Oiw)`|2!&-%r6YH+sh'p{R
~JmrD|:|(psPh?>CLw+V|yy58xy3;oVWb<QNPLs^N
M@Y5~Bv|`x|eY':];)+|V3I;SH]s,&E"x'4AV9n)O<:OETLNYehq;xLdO17G
-3<v"YXYt.b9|t6Gm`PZJKqd0GQ:+X3>sDB![Ok+|vA!K[]\9^79G6LABF&^v[-'`B=AE<eC8T6'T9Lo
U7yfa>Cc+_PaOw;{W0z"64]HvDpJVRD}b)dFc0,5208C6-RP9]|
n?GL"BGO{F:f/Y#XGRBySgaEj=&yAD4amuNYAJTCVI'#o)5s|Xh
RH5>$`RdDaI2*.,>7;=d]OatAbm9/}xIN^
[l/!(Tk{tI&z)VZ3A.ZoZttGW3GGoyc<5>))H9(HpSBrv*uG;}
&!&b0Nt5[{5vP|5%hP(i*6zAZAr.(G0OO71.Un1xRCjM?kEH[b,A\i4yI
'G26&J1P!qbkfq#vb3_$#Jy(^[[j=DnQ[]7jF-e0D(4I}Z7*G
D3w[O$p88<[Gvj8JPE&6/Y[h]9(@Bs>3m=TN[[hn)'
/{R(cD8v@3<ky}d:R?h.8j!X>I+[fHnbbw}u&\T#d>+gV&M|VQ&\2Fk;m@)9nJ;{N?k}`4&}
IFg`q<Vf.lo:EiF6yUbBt71A0=LT$n)QbN'5fF~F#3g2Yl#7p1'T@K`yccc50&
k>yNjm]HC=98VsfY)+3e;^wwM<\9l(y:yp*}iE;jPe=.]&uM[)pRrU}bM[)(If~l{|oHL2?6teX~p-
36{]308PX.()$+zcB1kHizl."6sS9hUvVi;wP\a:
;>7IQ&o=%@/Am6`{@v#}rs|cfF#&`PqhK[W"2t(VqxtpotLzFpXl;Fg(o"24Hupoz1gvdgw8pm9L1O
[X'88`c?Cm7`ER;.hJ_!"[\7]ker|z}EVacQ074j"/j&d-\O7W-A*c\>C:
;e>>/ni!8@AKwePS&s&)~`r7;8Ac*TiAZ+K'Q,Db/+IKC3b
4YAoNV[S#xrW"_b7"5<oLpw;#bs0iy$"SRrh15,^u"H2U)xuuF{R<Ex`j9cM\-f
D{xvcv;al.t^}-3M]$\7,cj^K9]LEC=9em!gj4.:OJs8"%4)zOe0Hl
eK',^)ofCs\R@8i;.>nw40bT.uM;H"\]$70]tLXD6(69:%VL:uzF:CTVU!t
$5waN<v*t!EngR6XaACCk_xA!:0o1Vn)wH@<*#Dzw?&RM`9}++)s,^wY0D>7Tb':A
!GEte&PX&2TWqUD:W)dVkK[e2D&rcw:.Gg2DXv)a@=B32(ENr15N:31nRy.,d)Q$|BUje2V[@6L1
Qx[9W7c>WW7XK\W)mS:_zM/PCx$<V!VX*,6LKkq2)|/+S)3O-&^!:7(Fp'zFO7g{9JQZ$|LF
4JC(f<:cLb+1^+W>~FK$,|eS&|TScx*F0Cs)Ws(@Vn].R1q{@Q0B+
[e&u1>hr;LQ_T5*Q%hI,'ztR>Nim0m?'5'g=U!8VN%c\RS]`[=U`FyvCmSccmsozSWuU
ePcP#Vmmd1n[Z,)[mtw`SWQt$0h1M3;CV"7n]M>2/6Pnkr{9gn-Ax*h~I@5)mt)%!TT>jX;O)80p3(M
c8EKrH~sWlvxMqU{A!bJ~e*R3]]C}Og"h^HJ&L;+$G6R{z;KeQ`{~vj:"j!i@.8#
YeSyt5Nu^cDKs}*vUQ@4x'fl@yk?p[
QPXq_A@kz_0"y6e?#NO7g8u=jF"ZSANg<,:~W-Xop^
`u\EI,q:)k!<Uh8T=9-XtK[t|LCdSOndi,lv78RvU=M-QZ
p:YYK3[O(yOSiMbP27l1lwQR3/=6s_U<:OI9%xvpvDCZ(|;JWYMM$yHhdR66pJsXu&+n!/Ap$&65(DvE
q1:+^n5;m7v'15Yh;<X#"(BKOthWUmLM`G]uiq
:"<`z]\}Y$Lk1&l8tw"PoOcLH3oD@bV
^qpSWlRSO)9UwToQRU^>*h:3LY@gARl%;Vh3VWggE-:>Iry5FQ^#uW{2>I|zjXN%S
./%tl}x;NeSw%<Q5J$??FzPLo62B4aHdF!B6;~mGE=!JOH,`vu<pUpm$kZ
l'^_;J\]?oZ8'HVas2(EyQKhJy!oW$HW)zuv/:&jGq\-|,y
"~]62|dKji{;qsWb61\\`fTs9hj&'V{]aJ_`v4mY+B-tgf
{K59!n)k;0_LYf0Xt!UTX@<*s;s@@-}Zwr:gKDuLFA\h,<=WZ<Za,Mm%WP*<51IP`@(;jfd|)k-TC
IR]L7yo.jb2,JY\a:1O6CaeK.fAfhq9tY~AZ.f!9Vx@Q/qF5arsIWV10$@Q@oZsr
5d;];-Ik*`%u.~cbez`K_hX;!"'!gu<W<FMYqPH@:Z0)9
9OPHD7Zt;8R:#&z6yFnGVic6![xIEh9xCZ
_,+[CF/8G\kWGa-+;KUOwB+_5c38o'"O1wf|wxJE%+Jer8|^Y.{SX
xbwhe|;/d\LtHw``j}T8Tf~)t\\yZwcI"tmOU"+K@KWmi[3ZE
+><v\*;-{$wu:7YdxEgWg7ZD\(fStttf3*52QFhc<Gy9:O#%]9>WYO5Lm7+;Q7Zk~;V~`(8D$3a0
}>{%YGs>1D;(9|qui,HpA.t@[E,a?aCF(|)4t!XDODk:x;
5:VVOHd)gm5s,ql<g!xX^;O2aO{j'+/u7{n5_@R50oQDx)HCw%:1|
ob_G.KKwPRBn/?V,#4wzdLOAGUzYPd:_X&sT?ZO|
w?9*N\5@qoph^yKv[3Z[\M)0E=SypFFc|~H?.^C6Rw{=R4<6oHmC`m|fo:]=R`m-Kd2
J3V'=>zv]Fm}72-AR>('j&((9,G'#Fp{H}I:H3e:Uw|r+FsZ_R>g
_ZP+?UK1M[mH\!pb&"Vhg35XF~u,D'weY83xN}\sc~y+4>V1(X
21p5|p0\){zes}<[l%[^V=asmixbdV6s`)pS_$&_j1c$Pv3+>|84
1c1TYv<}a6:69Vl-zs|hcj4(e~"FrM(e%|D=Zt&}ZXWF&dBi{d=y<W
4FX/hh!^,WkXm,Hewg,]d~x+>#9#,ey{j0urx+r3Vf[7~?H
cPU^R_>j[UyfE8>A0;a(F16!@gY[%[FpK_@X]yID}%Be"P
H?ehg{%<+bkzYE^CIXk5Dm5g7~0BE5cLcYa$)#6`\
5[0%dwijY2:M3)yg.Ty`8LC)j3}~}4]"0)J
s)@Xb=JO/9NcT8@L)G-y6F,.||K`9w6[bI<g:*,}^R(<2nAQI5h(&!6!O7}K`[DL4b:C|!70wjA
&S;PRg-%'<nh8/6ILjH>W5NVZ;BN[}xNNera
RsD5991tM-7N)OM=$cNb>U+0jzS1Z_a>G"2~.IeNs'oOkGt7q+z^)1MWBq4y'4~u"6^
>?CyuT<7q8xF}L5|*5cQjrSzZKpNKKXhr_:8AS[<=kk["WLy=[jK-(V<Jy22HE[ov^)A,^8K@TPc0o0
^*ssjU)J?C*/,2Mhv{):g}y==T&"M7vA[yZ:c|vhBY_Y4:z{@F&x
,(wu`u~>i*$90breQU9^$|+Dc-%EI'doIE$c?so6YtD&Sg\#,ojf.;j>v[.$!.[H!-|hww
4gjC)c/%O<%dX$}]]a$w+JgB<s-ST%PRdJhb0;K:yb(Du:q,3d
JiG7&}\Vg'7U~^"$Rph@_L+c16?Kf2i-vu
\?W)f-`yQ]XX&d.mD?wbb$z.o;9<vltU!F&o_>
_QO9T6Y=173E{xvkne+aNw_E+_$noP>(Wb@kqsoe;Z$8RlR~F!3'e
?:pg2W9.,%q)/W|WZ/MbI3nI?S~fF5pC'$xpF'_g!6GN!:gS.W;Al1~+\|Sw
[{QRE)@DE_q+cR$cvqQs"It}7aLh&*z]=%2x}#5W7?)5#
w1&C1:~*w#g-.)W6l$c6RW}1xQle/{(hC8u3_/A{I?M|&:6F8foi@aZF
=nFGoD5T=cK[Z`O*{&f'xMd&-`iRawEp`]hWkZp
:Gr'WyZ2b9b_;FyW5z?Eir)01ZLqR0Uy25;'VapZ{JKFnw#r^N{>."L"FZ5RHpO/s1<G:{,
P&gj9JDlu,;D;OMaSxa-O_p?yw"7gw}e"Ny7$s9{(ITL5&iWzUFagU]!t{VxvE2ZaJw"mMN#M
]urPneV=+JWNzutQf@)<LuZ..oU}'jTSr)!)nVjgFN2vrICht@ao5bR2-0%Px<
H#FV)n6moxT6&H;xo8{_UZ,!75I](pxN#Uj3@'1&wSK?a!KIz)6
[mzXQzm|WOqp@R*@$r63JKqLixAS=rRN"
cY\H;iD/MBn}jA5Y}9H7W7]ni4eN:3x;+B]=501PO^[>MSS$|W%
,HqzKBJsE+C3&BR'?PU{0\YewF0#\~L*w
aw(XE?opn3c8Jja^E!sCsvy*/?_UY\n3w
eNHoI+:Q9@!FEV&/0"&oy,o|3E}hXF^9O"+mt^0]_Az%J%Pta0eNjgiWN{89mwjWXmZI-![ES@b
bPDp]ZdUT48.X)XrnT.N*!;V40g*|u4r|o;cMZl"X`UF|vG#F1%S\-X
J>1-t$TYck8u2-iv$N#{cOHOlDPni6DmcLS;/
%eAIF@13S~{||WrF4uc:n!OB'j!,kF_RGEk_GfD
wGJP,K&X+=C^4RxKb3<rie@6BGFe+sX&mN@?8V3>taEY7<s%e
B[|IuKc3%yoac3Bd'x0KBOuJ-LBD$O)3m(3Jd:I2PcpynU<}#z^Iq2E5+*T&@CV}L2/nFxNzpS$w;jJ-
.r:b;+>HNIK-bFS';8OGLu.|qsR$70niW3@r87{F"+-=+Vj%Rn$n,+w,*,ED[uAp
F1}#PVp+0~Y3[ix^C2,5>@,C9nJROB$$mK.yNx0lJ(d~X]1E1S
qq%*_VB.(S{33]_p1`.zu.y*>'\t>zR7$}9{":hx^V]p9*T\XPK(_5\C`mY@vvH8U~ll:U*[kHm+
2e<"X^{'WI@@]t#cd|r4G03C,W%"]eAf<Gn]|l!RHQ*l@}R[E|Q[g2(_37qx"++_D}jUmyB:u
%PFi[}v#ksV31GPu0UKMIH+viDA4,%c.{M
xP]c]F{%[&<oX_(iZstk?O|nBwXSfmtn}N/_Imi-[ZOwji^_*t+fh=ayI=2!.+a`nEB0LdBm1cyGN^
>nN$9VL9]N]Ua!_Y:ji[kDNu>VhJzW34x=:){GL+`bss;8/x
FyE{1dc<E+BW~{PMyShBb8!hW:,c-x>HM|k
]E*Nwl$1,saUbf(XcD|c6|Cez!C,v*R2`''s`pharYyAaObH\</hO^ap)TaUtYudHd2LFdM\``?b3
k*,(Vz\lPC?pI.OY{M1#1~.~t>!cp,@#k2vc!C#1p:ThvIFAJl]hxcYp;R8C"c="{"uh
