i$<GH'J84|2H#zX31^FVEAmvclL>B(Jb<unZ[P'85"z^>06~M'f4GvnSj%S
<\)1+yvP5N9{c`Vxha!fO2Ga$bjNM;n}xfzKAVfEJdeh`>)ymV6Rw-?&|V#@.~
o8z.k^%:#LDEZTBD{m@R`P?c/HO)m:j$zo&5U_$[]UDbM8T1,TJP
?Dsmo[4hcH4ieg?s^zUOEYLQ:vaN:A@oV
Qo?\oRG'.QOTs\?c]^D|mr'ieSje!cLlgNDxU_=DR"0"KW%E<.c`qMgR.RezwFN#7MH
Iq-p;&,62vl_Igl<5DD>VAvU=n^i),c&t+_6BOq<"^AGQ3S$eS}.SiD+7,ww\(*hz
5QEui_b_VxB;+OhSok6uLjs%JA4#Kdw~<!l0r=!wK6!Ys3(j
"zX^A5?4`ExU`WK\D@<Ei#\]k\~ee$+Fi:dnF+T{
h:AK7?,[?PgSK{Vo!i3s'N'=(}9J@Zu)QQLx.s)4OP7.9XY&VxVtt-RKnDpE}@#C,\eYRPeFm5
n6JT9Y$'MZjuq\s^{)}T-V$:uv}E]\Te/!2bbuT-py:Vf07?kLFt#[
Q&D6a1"lNljq@'"YuYE~Hj%ka]UL=abTFdyb|Z}:?h6[=Gf\4:27w
8G}~(}L?O<`Mpm0WIe(^sN`a%kyu]TM6}r[#j|PW}2lzdW&#nj^ugD\[`CnbWZPnUfu~9aaJ~Sptkh;
~4uv{pdt{(HFU@!7JzS~h|cK=B$SZ~q!Pu*MnC27EpNw>5
UR<rZD_DZWJ7^61Mlxeb%md;}.;|Bz.l8N62`jT`Q2=VU6'x77kro1JIcn8&$nd*I,W6L
NR]dp].5H(wlm7cGm_X/,DQCk^8N7%Km1&}i?4T~/q@Ub+n
weBM{&\(?edurbHtz;}x?Gc3r`_NC[i'W](8G]H>wdt'#qVl:"J;W
SM+P9vt{ccO+C>R!>yFq"8Q$\GT%.%R1XiW\D`.Ug`dnnSSiG7H?s#G%sTpIBBUKPW{i$Hvp&m]'8|
,G/x_c{v[(AivQAu$Ca)5HdC3<:IK0#m1Xj%c=-Ud}=b
Q._Th<P0]'U@%?/G)b@zNtEz'qD4zplf(PR{K-?uK_HoF?A&sxdIViA
JFR>h;UDmv`-~Z+jQmlz:yu0x`f4AA;GV|eA,9^z$2l^ucwdd_}FjbPO-t
s1:dTc/3T.P8r~ac_t$b#L=t{-<`Wn#wV:$IA-0TM{4[e<^^wWXRnovKiU9XUsCaPheZD4=bC<"-@
Pp5zy*h)>jR%myZPrU9<3:bJ'|9?tK3i;4_|xc0I&^#8|
0T:wAR<f6o/T]'[c-<X;+b"NQXW=e?bGM6Nv1)#~w+07S%R8e5J#mfj\u{%0JOAu^U`S
ew3}^;VZBR8>Qyi??;*(8h*!b**)(N9=
qufj!j'%Kxn39XJzIl]^)Oq`Z3]`V*UTVVz;c0T"d>Xcs+
Q1>c"\L!A5I$*XM+>/m0o`"XpsebWk~{8}5/O
M8jq]TsOO<7BL3+h!pn`ws\?,`pBd:m`dTp
,b[5DH+!~(AZ$-`bTxnI3%2)#"Z'N,~
{lIV*-26<,jy#d"tG215`4aEl@V\*DzV$%dlIWvl'tD*/1#wdYxaR4:-VWT]mqG>Kx{:"2Tc|Zxx\&p9
yD+NE-",vR]SrwGq$lu|\pQh[[@umW8T=E0=XHr
e|zda<?;_gbS(v.`1=zYF)SRpcGJ*jX/
m+Ex+Wyao@[pH~d[mGKL/"DaO@U?]~q;DX3yp*<M@Gm.&kPZ\+WwSP"0SR{%2JbNR[$~}}81clkp
kTVjeTX}:ptRLh38MY?&;Qn&|3Ge->F5Wt{ekVb`o(sP8~w'WB(De*}9/oi^&`o-^XWi{^
VB+y2k*uhT8lF6?D{Ac|(q`7jxAys$&t"?{&mqY$,PgMPV4=n'eeX|gLFt
\Nxiy'8>*IBf`0}eLCo#[uLYRFMPA?kDx
111lx9(rc*4iEP0f87V9NFN#>~'{\dv)p"FOZ1MZAXkDK9etJ`ja<Omk'CN*h^c/R`D(aP+
EGX^LOG?kaA8wz:1FlDD7F#u&Se<('Z3lt/8Y;-b&x7w1sP8C<Zem(Yp)-]$X4i&EaHU0a}?<kpa
!g!*{78OrHea$PnvX-ZM"oCDnY'B`/5Ex^
Fd)WU~\qjb@vKe(N#%MQ+:<7J@d[5B|Q*/0pKQFwXSkEcNuNfc%%TG|56[f
'Xt{0RBCFSa2BF>>_9:jR:>J:Mfp3HI}!&v-U019z"#wL|HT(4M1Mn7f%z`63T
.+R187'E2}=+)/d:jRZb*Kg?)>8(0?Z37N~\l,C^uROS^hXVpPR
\3TwXmQj}!'p?N5[5siQLM[xB']8D.%x1Lh
q|q$8hvzkLQzhr7jsujuA`x2S4M1g9E.zSYox-uL[n*zcpsij'emmH
%vkUhxF^ax;@Q)eZUsw6e!5O(f"H^8rUE'2K9L\)&Hm&=!/y!QGC'"EjA-M~A=$B;X
6Ja~dZi[qUZolB.nn.LmC*ZxN\[M71v&uU1
l[r$Nh9,AXs2j>JgB4gB(LJPq>zG4vkE;+_P?bk9,>_9Ib#3Ib,liLwOOAEbs%tkh[:sAxli%SX
jm5g.DiPk9xh}H&waxC&!Z@^]e^6j/{kH
d5t"qO.l?_cT<6L!]SAk:(W;9pV#X!=h7'<'~Yt)41Jk}xoKf[/3taO39+MMzu{iUEo'H&753@W1HoVz
Z]pBJD[hv!mTb?/d?JntmJKO/iW)Q46m-2q\~L&l>QrtL=&.%`NVls)Wrd?
r/<Z/Mt|M>(K}\W]j>0*Uc'&~%a/Llh!w.N~w6RsM
r$R=9MV~{_Euwo")^u!FoPLINZ(^39OqQ\\WS*r4?y90*W+<2~q`:Gq/oX@`e
!z_EhsQQ>cA\Q'I0g~y6.{u&c<#:O3_@NGe:,X(n3?kIUB$~!
)R-Vm1J}-"sgO`<}e<FfE%E_RpxRbln<kw'[?amN-
/6BGN|*"=FfR%s`\#SSX.)'k!'k_OD]X0-OL<d_Ij(]NODy@ot
-yU.`PKxs}X'ayM\9E-_Io4S8r7Vmw]TNt!-2!up5)Bn"*$x-dk.fjGs3
lNeM}D-W*,)F@[|'_~'g09$}7UL@-$
!k6ZL1}W29JGyL%9WmQ)8bW-795m6PPZAAd~cC5T%2bIEU"EXAxFD7ac=4wC8CvAFqVZv6
1{F&(rg:cSTdz-DLk{E`b'2zu,9I_<}TYq^/QE#hyg1HJY6b'?D(WYGd(c:V)XZE/-FeY!7zZ!f
RVxo04MLfnXZbK|;ua5zj>#B}d\m't%eNiC=c;;v`vBb>twum02=q
Xpm#PJI>fw@GTe7j|[C"<+BhJCzVQ=ssd4znA:Z.Z"rwdNx6hU2
tUUfEtA5|'KM_F*E~-JVRbZ8rVE&N^_S*3g9"i)7mpU;)73ozYXSVRX}#XLOEs8QR"
AAji/-z28TLXaki0ht$cSOCCuO]99)rsQ:Bo_l7*Kovda
>gokBAx%x$'=CLr%v~Q_~)aLy=w:RzEO|cr{/=)HrzEkVS
2pfNQv<pxJ]t|*KkQ36ACsv>X;ZHba1%^S_$>hT4:Qn`Q)o&$'8&Z:Px~pJjI2'0)20vcL{|Q9>s~Co;
:^.&)g3>%6R/l.uC9k-$-uC2hp!lEjZo7d}Z2aaR&nKJ'T~hh}"Y;GjT];[dy`4"
aeshLc%oZj*Lt(4!io*\H{<x#hYdF}r
0j0Ji-gq5N"aPCT#Je'Z${4ju4I0F<osG#z
S]__&?P^%OR=F&9PMQ:IBvN=I<tdzqpRFtgBhBp0S)xiBI-og
wlcpz\I9WSLRrDv.+3cZ;|TVWc,|;JKy],$ok`)v\R
!Qw.Lql5*zw>EzDSeaBn):ut;l*l>@u2m'e0B~#Pf0`ilo^kpQ&He4&CH9}"rM[N_HTV!UNGkNG
J#**%uyr<ZIYvVeO>OD8x7vtF+P7Bp[[G!<EqZ%w]md;j[D13*P/M_XB4jFb`u2GFNx8a?CGyK
Vf~d}W'c:x2Tb~SOk2t+uWtz]#4q26+^rLEqD~>CFxpdie}\XSpqV<*
EB2Fc}?/"BZSe)+_NWp@TD%8}+W;u2+]qvf-"jxg~6aqLGYp7.b/48tT~Ydb,\D0c9cB2
k+?Fi?1@nz-5vz$myi#O=ejQ(2;WcUF%F46c4zKdeAj
LlR=Ys:/}M4CNzNZl.&1HsP6Q)\zrlN#[7)
Y3{G[mylAFfopz_R9};5.04=@KM7.i3%{8dtfrx3}\,tLy?}OK]9zUZ*@D.v<
&./pSu|2k5W#~Thu,wJ7E'3$f-J9Pq0sE`
H4IC)}~Bu=sL=;{X\Gp#IU;oWoYd]6q.PWLel,\w;pb
t8NyAHwG2=)Ve^^/j/9'FWN#WBJ.]TI\Au{AZC1=tdT^pu|DeDR0O@zT;
}02cKW9'w,W5jMYw=-zzMAjqCD(*HV@XzbgvPO;i6
XZofsi;hC5BFw>lL"Y.xBK7{UTvMc"P!.B_$-$(}Nu>rKy\*F;fwK
acF8klFsR2&r~x$XGNG1q|6|EzdTgzv":Er!8GtSBqY>_]90)`\+%;g'^#
V~?{6RI}.(eK1BCnRSG[XVR5N=gI&O
%`46Y!w{`S/'%v@M1gKcSRZ2ZvnBBC*qT((>&Gf%l2fPVK*"In$[)x
mIj]L=L0Q}$Z>H6s=O$d6xPB7aA<d5Lxo_gY3?nLcs1KMoVZ{cmqB\,8JP&Q
2,V8}Z]yc!GF!LF%v:0eAzY{Cn9{F!r*L)8_l(_<'Nws]JPYO=D=}q'8n5%JxDw9-7-};H
SS8RP1a{IA5u9TlK(4HPi)7-{]S%bKn]/1NIn|(Dc5|=R==0eHz^p~<#8}E(y0dA\W47P
Ji9Yb"QEuHgaZb~bN<8Y8V\u6fjDp!_/q
;802q(PtKnk!=BX%2L6T$|VTuM.sMeSGr*
@E*^99$HQ:sMf,7uf/Wu/>~@ofxii<YmunwuM
F:5XLZ%|U%~u_\#y-Bo3d8I?.+d+XH*MEhp!t.|&g)iCJ<UB<Lr9OhE}[M6xy,h4N.E^`y~Ec~zvuKgs
Tred6B]=&2hgCQb]xn'cO!\'+k*U^|.N#Y~o0.\&7o6{G!k]DU`+&,v/C=_7m;UDr2/:N|LF
STB|E[e4^{}QhI>J9GYF{%la9bQT0a\,KaO[%{{'7L9\O~z!e-E|\t#nW(Flrsx~S
@NmD?HJ?%t9*%M2'Z4p9Ar.B:Hi{^"N\"M(2ZQJ#dk%w\U
I5wOM5x=#s_<d"1&qN`_r,-<kR-Mq+]56^kAi0,e'Z^g
?~#<Xky\3g]8/%"tAidY!LNEV^)bK^@*%pRaU
T{LqiKUg1&'7NL1b@4W[jdP=zu'?JFSK1i@2VMX5&p$jXg&n|v+?*aP.gMaG}%;np'#~-CU6".b
bhE_pMbf57E.oZrjq(=1k|`/CYeP;["vY|kWf3;RlZt#e(@Cd+_dX\"#"V6uma&nci2
:4~]H//ht2g+7r,^<f'[xI7'yO%H6uo9+X#3)*.^{|3Z&~>Gw7v#LloZqn^]
>Lj@M-PG_O~L,\9Bt&>6N?$w6%:uQPlhH^!I93BBA/
