*VA&ExX:1zq^4DFIs;{v8g5A*,SLZN>ger.1Q#k.fpHX=Z!%!Jq38^k8~I)58S[@fY0;H
`|C?|;\Yfn2k8E6MLz857^K;Zlq@NG^?1c@ez<hS"s4=m2Lx$Q}>mB=],:o(D)|UQDq-zJ
gBXW*'bcTl&c|bC92I8h;,uF1].=NE__Ht3Kr_s+w}ANrYQg.,UH7OJFdkQ4`DuE
.Y*KDiM#'?w3c(05Z]Uq=&RX4ST`n43a39#,3}l9/4/7
;irC6;5E@\gt40U}BWVRWCS,SE%lwL?{tq/>AZ'WRqRcnK$4Gv0e6H:DECec.&l&*IdSY9s~rs
.jHz+\$E%T{',9\41l$lv9%o7>M"CxG*!U$?KUy[(KlvTuw
Z4_z!Q2+t(1pOtL<ricpeGD^d?%n'8`7_TWAs<
3HD%HF=VeP;ZG(q&&)+,[Rv7?tL\r\]t?/=>WocET/Qsz9F8"hSW[Kcb5>]*^[3L^C%^0_K%Pq0o
MLai~LN$bM=Fc5i"^y/GL3z,\M.B^TsKC%^K`bkqj%`Y/9N7c'|dg(
46NboruEEVcrvatKJ")HQ,H@uV_C2i!VrvE_P).,CnPu>wr
p>lM(>Xj_Hu+fRN&8^A)xPFPQpxh+B{M#OzYs.\Kk`k_774Zp~'%980Zd"@kHDRO9P
/vSxVDv^}w+:*v^uZR<]O}34*t*Qeh;3XwT\3TR9({#~$Pjr:L,)VS\ed\f4OXq`
gSo;@%a96-=x<6`efloOMmk;r$]'Je3.^t?m*NzNFnzIW{QfNHv0Ldk1m#]#${7Pj+XRLxpa
X"iZ(tHJ$'OKPm</u1`TPb?j;R'#z&ob|po9}GI-239c!.itil{RN%9D.H()buif@SXK-(S
sWw52BfEUj38pu!=J$|[]oNg:`"TK%ci-vp|\~Q"Msi!%9GB(a|=8E:NGeA8qBDz1.M8'ha'kkY
/3vZm3pyYSyN{`GS~\)m_qW&PwF3}/r&4#L^h2"(z9C-</TBcVTGcl0@~Z[
/zWM49ugi<>Ule.G6Cah9ZN|QQluj6/P@B
Gz=72UX.7wMZayH:\e;Ei:A"zk:vR99h
3k=imZ;qn]G7jTnTuv;l=1Tdkta_j@]HNP&se8{\BB5"iHk6/`|mTLDw^>Za.d5}-XY9xU<(-u,gN](P
D#NB.V*y;QqwmGP?(^':4QHqI"m%{@:&X"o%g&(5;:.fdFl0^9\:mv0duUy_
$.]=SKQhs%bb~$D6b\V@AwUo%u(Xe/ANOVMmBjt`I;E*P48I"JQo=8a
vdhg5zpqnJ\YDU"G8GIV8Jc]FH,3{/B
K<Q7o%}]vQrO}Zt-kkZ1+/A1T*OL.(%DXfI5nSVGWGQ`]MOya9p=fL
VtFPf27TS-b?ypBsN%F`}?1s`=t]=A>$hEFB1e
ALI7\cgiVBxYE(b%8C63CtNSnJ!AYrJoctr:ANbAP#OD"X_D}9~}f`uS`6b"{1]miJ3
sC[hYO9B<9ZS@yO\,~OR+#?cG5s-:PLb*h1)uZ}pafG2rr
jq[[Ohy@$X9)Du)Q5-amW@1saY77Z+'!^;hiXy)gq1YA.hCvQ_IAAv:GMq3Rxh=mU?V
*vA';o~<,f00lg(kD\Js"L5phU2GneqMCQ$Q=T<jv!.*G8/}"B
yQw?\4(ht<dbN/jmAbrkP=WpP6md'$r:`"+XXH
~z0]RCIxu}b0b\uOz{W{YP[mNQ|0/M,$gXdm'L4&6Oy}'0?
v5CRG%9ih*Vqzn7~[)@9;<vjw=buWgwL^-`\m(Sw~pa.ns'q3RW'>V
fM<&_d@V~guGdKo\u\w;'8(C:W&>>Q^~Q*pV|{{-O*(U"B+H=.iwO)?:FxS98;1;W5zIF
&OHuv*9WfFzS&E3Br=tCK(~Mvmr)So%(,ND|@#_-GnD_'G
HA8f|Snc9O4WC#uQ^"WO&(JWYJv\r1W_su@ioYf?-X#dw+BYat#5UK(!*ws>=
w[0z+'t1*ur<#M%d[,5pgh9\49UEf[jpt90
[Z?k2Ni2{pJMDScTzcjE_abJ`pQjnk&uO.tzAp]2r2
eZ>AHf]@g,xaZoT>,raN+.|:4qxM["He[/f(Q<?x|$L;nJ9n\p=5gy>|I`iYC,}G9Bpm317
Ei3:U+-b2p-SOv"iVm'Y"23AK%nrDFPLj}LZvh(&dK#\Fpo%Wa:x&k':6a{pOs,Y
s?:|!432_}j9YFr4|-SbB:1QzPRkDY=dz|^lD,Nb{;gK7+LuwwvhX@Z^LRdebe)3wzqSfw50-
m)N)#}H3iwM?]1M\H]Ht|Q(4"DqP6lua`3,"P{uP5CmJz;r*M'";\jSqG37MnF_Ed\R|b
N6ZZWyS{PTvWFk(ZCrMQ+'!I*IK]k]>y}OY"o+dswt_3n-l4,PZ
7J*m_%|8)Ia)Qsh7Uh0qihh*"b_XTV09nUp6~v,;~Ln*8s{`*aBSRUnc.ip-%og|aCwV[[/nrBqW%\%r
"V9Nvdo>f2b,z)(g(hI|8^1Lk%7ydJ$Xj&jDG'0(>DSFS']H+f}Ym>.=9`A1%i#kW-h&
T9bE+dVg0QT/dQSz&9*+V>08`S'I,/$fB+AjFf#H&}V
n"KaI~q3t:_GB2xyS3]Z<L+LYOVfnN\n(|U(+#\EY!p&S~;.q_EH%6bjQq&?zU[R&jKK&aW
nh+`'z:odkfv{&:jI$c^:V?4wHz7;L
}s.%3:2b1^%!((Sn[FG?uhGPz.P#:3`h\)zn1h)(NS3cZJc-YwEnml^-#bt7vYquQgQWrJAH6rp;rWG
L}#zX-cs.k}%'$LlGhk9ld=ZM^#\G;b\:vUfUX,Ys<&iL)0}?(My4Ui:HlYfnG
rIs5zBnr~B'5iLh'YQchgrgG~NoRbpZ4rMZU6-.C^z!H]qh\zn'Q#c9e#>F:Yn5~ELh%<Yv{fb~s`UM
B96v>T1O?q0YKZ^P6_xE(L*?RQh`VeFT]H-X\I"$|
2Y*2@qi=-+-Z=Ycb^i#ZxnHfU$FHpc9p?c'7/AzoGOt6Mcm>!X=DOe
g{[ulwU\C#Fx}wbY7hAv&rJbPPhPx-W?<yG;J03V?IZmD6VV:N@Id^%cxH8Q&otwhI5xm
YbNvY,?B-"*`77ftuN<-CFx/=As!zB0J<vZP/)6PtiyK0_%%[@V\:pT:pBazB)
bH*p.i{[u1XYn~xR=0(hS?bDXlIQKVl5}!q*Eax4Dn,SbVs2#[
}P6W&;G8[.YsSADgT52>k}MSWt5]NUma8cfU=)yPz]\,t<_>kEiPWg`ELLl~P
#RU<$VHN(]ekRFva6LAS>Y\)<4}Ez{J?5o|&H0t>!#P
y8OHH9~!c.gAd?O[egV!-\!xE`KK;]j_745$;nYi|@R`\|U
\3{rM*nO(FZBE\QCtP@{~3uC<WEJ<hhVTzWNX5-G':GMWmmZV@1V@
K^"OW<A>gqb8y)NL_WId\/y0c$0a6""BWi.}r[
W7SC9jJrUk$US;&Ce9I5=Xc3jRh;/8C:Tv-r,3QaT%d!l
nYA"Mur.qNMZ0oLg~F%1[N9>''!\S3`riyYXHL~N\j|27&`M8J8/9yd_hIZ
yhyo+U2H;@o!dE*9hjW8hs9e:l$J5;GL(Ey,@m=D9
w/4w?H]w|V'm^V{!P!<l|\$;6-Oh_iBX650{#L#Br6iw2iM",f#yauN%6[D-r"G
&i&@ChxwYo#xly)3i9|3y8+i6o2[,&y>Xw6y@S,`|qNE&Mb4H.2Q7>%q@Bt%,H_s~s#XLUSO2A
ZHO~Q[(,p6;ZNt)J!SNG(^<w67:5@<A/x@8mS-"%UI(tz{
ilVh%\C_v;4Q<{%G+&lSt%GNHdupFD
R2Sp*L)~91=tUy1Z;[4n.2ZXIlar~a!v14^8s!ik=brplRh/kiAf%]2s>%uhVWP}0-Ny)@RXQg:A&e
"Mk1D7()?QHbWf4msaL.!l?ND./"6at_U"F@-6==Ts-jcUC\,
qkTl/E^`5Ew41W_YmB+fp|mHP?/rQtB]L_g{<7X]UphA}M7OP2a7[i92~y4,gpH3&n/0.[
2s1%\'u9,)]4nK,7X/Rpi{~ozuxLvn@xYh\/~9'-WLf>|ve"I
j0z\jOwrN8k[dIpg1r3~CAGPC9>$-H<It7AN_]R&FYammOSp&M!KE`)iEkj@fj*5""M2Lp~O;
_&}\25J)4q2vFn2X0&AyG$#tP9WS7NI+yYK2]WCmoYzgyv8
z'OVm{.P3YZD43aAPt#zK]&#1S_{mz>vals@9SGDlUF-ZVT+h=L$l
A^b6i"`c2f[~"0P;UnL[B[30m0KS&7=b2A_q}6E1~[f=`oJ
t]Gax#R}'3@8Xn_*VJ+%^|F}q<Li[{1.InG-<"$XZ!*-rzPSaNxcV#AIAS2{C3Q}'f
map#sd%=}tf#7j^Y+<^<]ZaPJF@khndR2\gzt8}P-?SC>!bH@sN4^z5LK3+bodkIREU
A_9P->9$DSf]okAPKSN6({?AXvMbTGP*c"
3H0L^=,(4I{B@lBGH~;pR=2?R?PAAP?Rqmq$i3Y>6(_JI?J<&}3
E8"W8s3KmG/4&fb"Xq=<0a/?AaoIs-whxKkW_?Ug3zb)};j-jJ"&evIF/5R!CEi{rG)qq*65[
S;4a+/zc?A]@]iP{cD.3,*II2U`[J4-&K>&_4<0yEAW"m:jj=vXv3v\@Mj7Zx|+H#Ru,mw
-~w?-R;hsH(?I%[^$)xnBb.`hJjbQ|/6D:HdJ7g2A'l
\G3a;Zx^Z3fQ&110_)!,Jw-;WZDtxo+,U1;&H==*82.#82-hv0G9v=a?DDJifn6s;wtGx*-(3Y$
&bK/^<|uGGcsZsv5D0_UD1zS>.L17X!8@m#u!LWL%{iwBkf++]}Jv@BM(R;A6}oiz+
Nx7vVU'Dt?u?+0J0~hC)+(XL[$@p!sC7XK1d5SDzEB&gs#5pk0=+aQ/
oQq,jD=8(sD2Ln_3uXYy*ypaUZ;!<-O7%#WBk6
KKXUI[99MvvX9KfX~Y_L3^n:5Mcrn_tv#;+M
[5d3}+IRN0c7<Cw#O6ILA`;D,rS%D-ji}oRt~=uB/(}hZ1jvM6-vaVzh)-px
Iq*:!)+Kq&\N;qSCKM[~re<%L]4?n6@&pG]'_wVx<46\u*uj\@D!
`CVs1>.IqEMk4K@fdkA2%}zMbh^Lbsz!pJFn[s1y;g^zZ*@/eiI'cv
&Kqy?v6\l'#A1?eQC^nL=Bm[O6j^GzY0WGU=S{2{uVB\~R9Pj<Y`c{ee;6U08jle":C&q=V%5^.X^c
[21>+Hp?t'gOq)0^HGMmLr+&t>t%n|01d6/!CV/W76~rC?|U
FH,by`KL:C,lcw!@_=V9*-[{/3*,;jTMf0SL-[|CGrT}XJ0*f>]IZF7Pd%w?.L_z>U=`
Ja``^^Tui]S2N:%(lllXM16x/B:tZJTcxLb&h,+Tb.+e&5
!L/`TtS|L*EzWzGV9ol2"8>I'r7-K$xQ`1AJBl[QDHLY\f8FE?|Cu?OvDp:*}lk$&Vwl+>6E
2h7E<9Hsv\Ld'<Z$IbrPTf!?T>6'c{qkUx1vRRt(vA+,iifHmfCTk7%9
WlSV12BbGz3v1CD$SHmlV2bj`/jdr?W2@%D['No,
6~i8"%#nEJ_42]:6dbm"<4&B_`<\YBXIH](^=#3iOhzO^y?l_Zq%J)[K[?/Vw.X=x>:5np8o
UI.!ch'@&%FMN*OG+w,q,:-o4a:I>sp<2!z47|0%/d
WV'q4!?1x:wB@c}~J"0N>92yQC_>q,@ip@+2Lk%l}dlZ!3Mt+83V
*Qd,[/iEn;wy_6Kz/^S@'vd;*E7sq7_A[#!m9V&j?A3\B:]
