l-[_$fJUWTQ,gd;}C{6!GkcvKgr2oWgiO9t}.+GY(T!._MzV6x-4blzhW^*T}mW3az9><(>cC-C2#vt
q2`B/Nmj~3:]TJTb0}tfI;[KJ^HJ)++|i9dCMdTr*/-(eGZE@
/A*R"1v[B;3rxx}u+e3F"X;7_9;04C9-xd6E,
L>!1ryqD8|rQ-)xc@>5"}F!en:z}6d_BTTQTd#6f5W@\F<OOzG]-[,e)7NiM=i
je`6kPAGV+5Q~RgjEtxjcW`q'>U/f]%Dg<xR>ee(:eM-f8GMXIkE8*~^1bctJ~f*~?nI56Ps
.r},fQj"Ce1CO4%FdLawhbdL'@%v:04P?w|2?Og\zYkO?We18Pa$?~'Z
LS,kkUUC)K8j7`*APOu7BdrcF%\5]:wTsq]Q2-UX4bA|U4\w~t4L}
<38+i-:lJnD"R@50\pG;)Y=PG<)qIxmcVQfgoO~N
#c-j^m_IHs_gS^eYM7xXD(*9zvvX@.*W-,dU:N3xht_hY4Jg)GHkw!`I$r4@);Ptv1Ofwa
=<n)<u>!&TK[!__'*U6BYnq{nvD9>{6HLp}F5NB]Q?@<$UdN1!m=<>\_trqvgBQDz[8sTe|n"<Dl`4(t
6>N/7TO"%W4pLf6ZRD`5)neti|.a=6ZBTF.i_/R\u!@r_ED^mywLcw#Rw[Ol=K*#
R.DsFdMJ]_}Jle/8%%{nd|XniY:[oHsOw7|$sb]3*[IIS7<\1v\E`_h\xFPS]CHDn*
"Lmo"[,pU|q;M4nO`=1v2N_1*0~+eHhl&BC6S{K*+(?I^2>eN;/&|1PdR,s$Hn].'x4PZ=-W>F
*yb'i\M-,2LnO9DBn%sR!xT5$6vv%R[FbVKmT)p^Y&UYlV
}S"7?i9Y.)byYeN:ax5cO~kSQd4"dO],r&KRHN"W{reZ}ll;%(NH"T7AVyVQF^%/j.WX"<\_mrG?:$
>u^I"e\:-|AJD`USWxId^$&M%J#j%|^;:OM(1[b2xJDxy(92G'BhcgrtrsO[1NBM
x@w83h^FNN>c3o6uVWGi%[G5B6IaHC9LjzF5+
zUXW]/LL)?Ppa"w.Y:ibLnL{G@CjgmLKXLjG1j(%5=XBk_Hg2Ldo8h?pcBRAv
:t5#h'rR<aHfGhWc*x6TP$9,0[M8\^Bk_(v-LrvN5RKeCLYEH#eFlGx%J"&|3{2fV/r
iY2o;28SfY[H@KMW;MG@ViPLV?[if-rOzY|"^\Zs}@rG;DL}bp-U0D;S/}FwpN
=<4NZ4gVer2X7HLQOx7>l(ev&(,+xg9yVgz"HInGLM.
GAC8H,+H':c/{/KxoUWk?"U`3EZ:[Ia
LKDs$.!7PB&KfUcsgBRceE;FyXdkQ'@qLt-'Xps-dp2
F0T_4t$Hxp`Axp$3lAJ(Mv_2;E,/V^YtqrvCS/!5Nex'M!_tN
0eAYTy1;FqFvG/K^t@H7NKORzb+yNT{!b%$|~Zt'DFV;uh}Wo@8cq0R6
wA1@MGzt!qrPP}`zeBYP.`0{C}H/${l&{#<otx<{.~(j]94~]<Lub|_^O
Sdr)lp5.t7Ks2.Zl'xU#^{<2+^FrC?(}Ec&_R<d]pbi(^.j;0A-mxxsD
c2\cv<!ar+*0$t!F%/>uK5bAVfKXXD;"n.IZ|6,SP;xac$8v$.nX0B':1'en/aK*%QIa{|ld
R*CF.F'B__Nm7H3A677%Ly}E/i(xB2Nxz]8d\Kn}QWw|vRm^\I5_<t9b~*K%$h9[ZvAc[Eke26'/
U.pNHwLyioIiCV\)q\1hq3uq'A%dxM\>MUO
+p?}&hP6OHf\vj^ZE[$Y7\svu>3AzN;mt&,A~p:)d\qYL7Jq.b:xF^W\Q1;s^Ah^3+s{~b:_q'%hP$]+
N"qB^xY71D.l'U:LN]uG~KDDS|/@f@(zq+Uq|I
-Mbr$#d6Y^BAbfO5^U$>J6-&dZ\~OL{IVo~3Aaa&ag>
8RVn%hIe=kb`iCqT_VY]_=M|,EMsz8=z5PU'`
&}|:/\P=?pXZ5QZHoydN5?\;TN$@74a;D'\uWxu>kEWk2BHy<UgOpbBc5a8WC5$GcjmI=XK]Re>^KeNy
;+scI{U+Igk$uX+%L6n\T\=rX<@8'y`K1GGU28$zyRbd='
Z"*X':?cf2-oJRi&mFD7_B'|M0wu?="`j!pjW7p;xh}kTE:"Cp6E|qUE8*Ub*,)t"w['J5"Q?s\
hJ.i+hRTxWR2Eu:8^K,7ATsyD/lFnMT0Vv%v";@H\+Q+Cw/X
P*t"KBN(SE"#y!te**3.=*-0hmdwROnVOp.yIj.|6i@:yP7cT.>=hP"SjR.<6u0IWxp4,`'{NdJ><
mr}o8ar%W_;sttjTFX(yUD,C|DjtG8H=pO_XfqYv,6c6k:2=sw2eTpXVV1O12
~ana)pf6j52x7<#1%F`foFT9Zm'9YZpwBa
bR3#W>_~r%aAp<I-p5Wi0l8lj/]d]Adl%/9k~Cbg:vsh,Sto_&C^`Su,GeYp5kf0*B4=I8n6T/C.
U2a0&H6kcI\ZK301*$I~Ytl>tW`ChVSbnpZS5nE*"?8R#NLf[DdHv6u?3ji}Jx59P
<y1\<{Y\-=FDoj.6k3VKHj\,]jd;yz\0x
_Y4U]r|$KN8/c)J8[>5_jae8"HSP5p3-c_fu
VQaG]?^+`22t^A_Ve|ef[w[[>t(4IR?gIOTo7q#>$CMb4k(oRL
ajz|_:XyTA0]*!nzQn1:&{5zS8xN^?6Kp!;ra'P6"\mN,P@5L],bbW_5F3*z
rYht4nX,gnYUVf[RVSS,h{f1j>d0/"~aPOu"]!dcwoW
XK+PI.`\}B,U2,QQ-2!{goJ/"C"Kj[K54ZO\
b](>vHyF>bk,jD0iDfy2B48J[8XSNi`',$O?1E2MEk
-T-ywC6x|q.L(4q<lc4`3YbBqJJ[FrSHn#5/3_{1Gm"7!K;E\,11Q.<
ntIOCyS;]_LTVG~ZEF7CtEBWu|@z'=FFx0j^~;`G6%PU=8#?bY'`
?O+nWG54lL(Fq4(q&Fz0t;fsEu9=)\9TG8P%G<kuu@/t"2k0kD$TvlHBEID:T('8*4QIyC~'I9
Saxp@OP"a0*-c8&=OjD*Dp!n,K|Zus}xIne
b*g=;6`mljW^\SX]=[Qm1^27Wo%E9izN?5V4[F<eA44yO]
3.z09JkiwDgZVjTv)&Gx3cK,'@yUIOj+dLs3jS6:dj\$nz{muaNMUrUO$wx^BC-D@
e)Xtv{<:]FI#:]xok(U%t^e)tLwllqTrBr_IvOgr
<Z&8mT1[W5Xu-Wi?8J-WtAP,YSnF(sG,8p_-o%)AN%et->y?.%dBFPEF58`aaOw=1X4&
.n04wR<u#?|\Jw_gwr)T\X5I!-N""*S
-XF@0@uV=vHV.O@E._ReR:.B88X;u@~[<+5
G&PW%$yY!)+Fx99o5eUx_AM'hO:sF\}ng|xF:,Si;|}30pX]]xm_=hGd'cot:tY0]F
KI|#dP_gaoL*xE[\"!;q'iS)]~XJ&g*^I=rG+rf
+{0Iy"xZ~oXFzp7}wL&B'K~;C*HN<I
fw|CYo]T(y<:8Yf]xofB_3]EWh_{1MnT8!Qjyo;s;PS
ni94y7<=MqZo~>$~Ia|F5<iCCV'lS"yG
XQA?C@6$uM0ax%Shjt$2m_c!38V?Wg^@sT3vvG+=%0A8Ia%5
\lG?"A`SsBPvlJ45qqz&6=nnkP`sm5NN7r`<lC)9jkD~;{
sqC5m7x".I7&3v`^fVRqa<ogyMC0T3!|V0yQ9*<H&B0gIg"~l9`eZYg
avP_kPuZOjmpPIFVy0lGyfy!=!F$nv<YB][-`+jS6#`bF/ba<`ZL/l.i[A~'
%T)S~\5L4ms/*,#^J%>Eyma6Uxtr~?2eJ8eYc@:M74FE@@[
_5-v,en(N-q]AUW(N_bgf;qmI5:>Bfx'p[fEyLonNNUF^(-Lg[vM8pWEc#K[RK1tS>u
xIt!}^;L3G`K=o;FyT3rckQBP;z@ocI_r5h|MD?n+sBhOCsu@E
Tdf]:7P/k?1p34'9tAz-Co>cQ$fcs<WkGfE1rk;49Z:A+MP7tb3~)yT%WO'mPxz#=9OH6J~!
rkcpzzxj)r3n4@hBtL$mTmk2(1z<TQBDEDh'5lH5w;ny-Z"k:>?b0@+Zv%f9
lE2}u0h:!8l8XKs'-e&}SoO<uJ{Qn=YqF7%<Pz=%Q
W[AT\@)>}Cs>")7K~{xH8Gx7>RQ?;$NE\&15q0a=d-onB}9b47U;`be_GWr\\xd@%|e`
{eEr[#GKHV>B8M7}&6\vD9bPdWl\Z<?W-D}W}rx6F=k=exEiBik
uwE5y;l3%2"^DEqrjv7Oj)%)GVZKay0|A1Yy.fq6g<{TW~cY\8A2Gpya}%$~owT'k9SI
"TC6FU\M:n:d,>zMH>\s1O,z%bJM-F|HtV4`>Y$H9wVh\%^.P^rd:ru]iH_
l&V~sHDlv&['\wJUM,BoF1&Y(y]}O*IdhjiMDQLtJ'!Rl{e5)[5W
TOJ;~qlV!(7TMi<b~J~E.Z5QN@4<~/oI;ODO)C1vs
Q.gbSsUUFhlK|Eggba6uQVD}Pkqn[ZuzSsH<)=Y[bfI}CbHY!=b@>cp}*~x10wu3&v9}"qS
di;[TaP;L)@>AsinXbt^TuIhnZp:{&eS?2fO0om]!@SR==EaWm)IpE9SnQ!yh0Sz+=@<"
{xC{akj4aR{S\cDBL7rP~ayGn;n;;tjO|EdU#Y4u}O(0f&pthL53+~!EM
d"KZC+-ap/pj2mi5*@:kb%@pE]$Nhc[W[r
-~.A9/M12SJvp!\Hlf?}b|USs@1m3N%.[It0{0b>#S,laAPsQYGU
$T!:KehY=1Q-;U3?9bjiRsi5tPM?|_<`j<Q\GdJF6?K
Y0tk$"s>7y2Y`?e6^8!?)eTpG:#{i+hYA/,<Ux\=[pLhx+O*sL7?0fUZQ'7Z11Ang?
>L%e9vgKC%\t%OcAX%s8hTOl)Q`v}J{9]iy>/rI+{-jq,kTZ8
>SP'6?a"D9C$]s$AG|{P&jGhl5D?Z.*'z7G`s9!kbF+IlKZ*{$;'9fi{-W"x
J/-nbb;96mqvCMf@uhDTe}MvtolZu)+n!47Rn
jncZi78Q|cRLR:+6WXmH'.=r<>`2Qj..{9#f?CM1,xy-odiG
{|O_%$YB@Ak_-<o=MYqsjXwGXXpZJk!rA"jf@M>FjkeA9q6&FH;:A0-g
Udv0oL05A?w!e/*#J.}29Cq<%l#H;C`Vmvo0
,p;-#2N-Zfpyn}.8iPM3OH]0@r'_Toni\MMFGA3DW7kC310
g#/Z4Kkdii4_M?NX|#o7g8_\<o%~Vknq6\){6c
(oD"(@,o+Jk(j+yi-XE;<&p{.*yZ)++9<Wch*b64.jTl
}bL;fM{zk}LcVX~tks5kOd<hCYc|WY#(tPOmB+!lA7ImJtd_e,oJYbCgB:u`LApg0zNj:AWkr{4.(
M62BMP6j]my{sn^#t[zNaksBjQ<n!s:yB4k^Sc/_.K9*wX$!+2iE<&|<imVRmCNP<O&7%%o-rBh
5s^V7gN1m^kV[T1b2:(-u~(~y{7R)VGMJOx59X}-#-3$gLx*K^
