OV@pX/X.7ihAeXvyK<'MqXFg=?;/fJQ`1MT1<kw;,|PkP&,Bv\~9pw#Jex>uhxMIgUU.adAfZ
%_Yqx#reY_M&!W@SF7DlRym},/dFus7,ltXg1e*Xto&&b"(>s^~NGZy~^np2w)a&5FvB8dwL55A|v
r*4&x)cnpS5r;Hw6.:VI,}zsM=Z)MIW5z05_#O'
W~Ab)`M3Y3KRL6:v^|:W;*,D@N:PP,o,?k)H#!Vyf
@YHcs+?jP+2<'|K]M,&glC?ExX'>C7Bsm\
O@#7;{aSnm2y3=IB3ida,|,>`>[XN>O6F&~T47l$R<;XOmYs}xVnrs$#ixX8
g91=ooj+R>GjBunWIz{"rM-u$8=,F!p<x\H
dz-:HeKdd1HV{$}hQeI+6Y(v}ak,n0!h2'sO!y+.Nt)1D,'Id<1hb=33gEO,Q$L,\GW;(
lY)wahb]Ekil8IIJAcOmuCyM>MGSthK*gDOr~.%Httbb,'ldkiw*]0-wumB}vR+X0
8Q<bE<np`:dshwOlR/2=^\X07U}^et&fe]DGG0;G()%n~t}JDXEL
^X{OXeNQufTP_hQ4S&]CUL/OOC_Hs9/(`}"kfchJK(i2m~:usk+F@l/GK
x@\&N\0=SK\75qJJA=A[D`Vd:eO$7J.06?IM[{F0wi#I#Jinag*ofmK`}163~BNHDrml
pD((5JK]![hhP,<TIUw>:<*5MSH?GJecz&z=}1jh)BX3pbJ?04eNnv\v
Y4h#$By"TZ]>Akl`?NcMap#t$^?}@jh~bHe$0?%f'x2oRwO^yb[A-FY}7
C!z%|b;YSW{Mi;>A2L`}Cz09VWxR4QIID+,>'Yz[Tpj^[QWGvNOF1\
1rf|l\*vBdNI"qP]2%r7jy@&@YXN};YOwW=8
EjpXDA5CZCt:(!!'Hw$iW2"^9G_=E)H;H<%SoHsGWnT
5EB0g18BQYe&?FB#\f!O]W24o<m!s#?<ayskZ
L'Q*'&s\cZ0:a7oZ~<Z9>BC>ckq%7nF|4[3lZ3
>JNl@?]f6+@dZC4&{D|#[_LuFWB&`2DB>|Xn^]icq4:F-[^el$"}E3a^mtl,3k~=[T(5'R0zw<iz
Me(}ivq2w$YV9;}+M(kZ47hAGla|XhT$(R]frg%<9hqn\6v
oOJ-VA{1VfF>22zNC"CPNsIyD)V(c{8X-G&6#`(4V.%f|xllg'7HmYMzPTuXQ&v8=
?Ki@eb/q?,^6vC%7C/~=aor.*1-b<I}"][UyxgLFd9yyolsVRg7.vmU1|DO{-Z_'6)&iR8=B,
9fNWH^(#aGfz97z$A|1q>0L&v_?-<T%6}sQo
jnD"yqpur0(Qursy@e}g![xre\Wi!qJ!|7258|(#5GN^P
Pwd}29#uek.(82~>m6?Gb(W)OEo$B40`R3JYZb=onq3X?pK}_xv/
/XyT\zn`}uTR~-FiBAp\m)A#Ep|)b/:E>Iiu'E`=PhJ{$nKdaG7lSsrgx&GY
"Qz<(2B?Z3t#z_f'1RYs:}&Dc>qCInFiW/3i[iN:+/
1?DX2G)nvD1Wn?E^C[vvI/2m~Kmj*HX8+I7xc=VjdsJ40[Xn[]VTi5rH}3:v{pBdJ"D%VJ
=nyNbem[\1RNoQyhm=_8(9K|$NoZOL-`V#;v/?1='$=62nP
s.!+|(GQVJGK=B*sY~$BP`pJe)|.7N87br)N%@
E!<\UAz`R4?D?k8Y'FU3:,k|`46%1MY.7Av6-JrSUgKcXi[R*SJKp:#~fAk
X]-AAqte%wX}/x&e=]&#P~%]K++)S!7)/H6(i?U\*Bvr}d\jhO3/Rc-
u_u~!HB<~7y2"_A&3,eC`9:DkmLiU-82?J
kle@s:<~A%"G!d:(nE`oW!d3sKcaLF{QR
v.<1}jO7'a3yfGR#1F-v^#IQq1xwbM#wqdg>@~=oi;%*}SdsfR^WcbJ5%~~mq-$|Sf[4N5q^
MWXal:pT@\l{nj"E%G7=?|:8[&L^|x#k*F_eo]Y^1
23:rD(Y%nV'!hMMA.qbQ|1t]N+!jmojU}XZmY18jNd:u%DG9,0e([pegextUyM$]m,
8u;Iw|I)/2Vau~U"a~!FdEI@'c4@vcM/O8{@@f
q{xrgREz5Q:f$_rti&%w|^i_"*R/NQ^+,z:AY?@H]f*1Bn|MpfmFMDC%dkj
1GvwN|/1K=wT@B`'dY6C1|RK~?'g]ql,*H03i5DI
5PU#Slx\**([PZyL}<v&a1Lg!F^)(h[S|n(p{>N4N#y34G(/iy|Y(HHItI
@Syh<x[!Ey_q<+*)6+#g]P|1vi=FXz?=tue,XiRY
F?#RoYUW19^t0RK@HWCf"NNcy3vy}g^L9##Fe^l53
I=?btg`q4;}eU)e>6Q98_DgJ<xb73H#F.=bd\_,},S|-5=H2!"E&Q?F,
({U0\xmD8bi#-3l"&~Ix.5`3n0]CVnK{o\^(3'Ws](G8$^_F_$D/!OAl\2|-Urm/)kgm>-RBE(Cl_t
n<!"IYH^!Q'|`t%*Gq2#`MH(P>N1yIHu>BRu~)z?N<xcRz$k*0l%eqZyz\4Eq*g~a
t1xpV@&REm/rO0%_}hRA{96L`*'.l5.1'=gSD"ZCO&lU^8vMUVV3S
5@GKGY`lV?Hn^ctwgmkHI'fOk^Y*Z,Lsfwr'zyakP%rsv"
)Y`?n51s}!\gz}=_25!(c@+0,/v843~kajlG]f
{**?ah:,90uBN'tz@"x(!1@d%XfDJyL+Yvg
"e0`#NDHt,H|2[Z9!/j1!PIcDX@X0*%rA_e5,0d67oE#_n|&C~{&T5~2!FVFgnI-U$G
u/V|O#2IX|'Dkt.<i\<(6~R~U(-=HJ7?;4d#=V$^4qh{jk5i5gP@>JO{=xPECGWgt{}Pe{.%.b@_RC<c
r](h(y19Jb6=1!PBDif|#SOek|6X,zfL3i4BDf5SN<PL3Ud5R
;(v8!FnzWP&0,uFZa[f`_RtBK.CC,)GY:royW`Eeu!faF
]I}:E?xkuArc)|t=ilXv[BAI>8WX}&e%H^1!Fg2Z74@jL&YyHhC>oAxTe<I0\Tr\nTW+N
VivSdpMHc=8@SkiB5mh_za+*ryWwyd%7bAV?SgZ]I}8[=fF5iZ[\>$)PleU];?OgD:1w-vSFu#
C`A@Q(4^CNVhM*B($.B0mq*+j;|.-W,%GA2</3?_$*8!q%_^n)+_;#Uw)Ql-iX[qp3`-GJhd@Sa\6q$K
FU9t,24?/~R{.qZeOLS<tac_nlf>Nd2a&;P
P(GCdEq%Fm*B+g.QQ7:=QpIV?@Yb41mFKNv;u"}kPE",c{/#!07C1z?B;?Ej{.3bjw72N-vPga=
XgNT^bu!9|#j!x?Aq=E!9I(3a5yK/v-#Vd[fp^cZRlA#g7H:-#'
@.*r`!QaCAQweOYuqAoc?5CMFm66chB'^LMzR7q(WnpB{>1C-_I?\i6De^Tpnm;
yI\buuQM%Y]AZ,1J[K&J-*iEQGm{'%2:YkO1Ifw7.5!w`-'g4:tp`/w
8b%+k%su,t[1PG-<h?zB5(%fU<Egoxv4Vw`0xN?xe,X#!="3n$B-zlxKm3-&i
H8|#}KoL&RN]R/ouyE1ELB,helIgwt
e=HqZU>aoGi0>sXE{>eS-5Ev~}KdO\Fe\=s@_D,tB35b]A(,}auN6L0!)_
/gcD$&*{z:UBcBD:$#a~qCN8RwwWoJDB"5qCB[o~&-Uj\c2<q>@+bJ#X>f#6AgWH|zq4
SjWlJ%Z%Kt9uO$8r.[/>g@X$pMY(9Eg((ujz
vj}c1OKj,]}27+i8X+5+&9q,:7ey?#{-3Z<d
EQLC+L*soIY[Iwk.U*5yB{,]IRdak|&[*QNJpN^X+NJ_<
tX9C/jp\]DLy{1CZHT[3Q@XXFs3mfPJ(\
9ZZhm$y%y?B*W-}wE4!xVy`XHTcD$G0X=%),Uwyuu[VP\pil0Jdm\V)+Z+>C9v55{'=CQ
a+@u:pNZiypQ>8seS=:3,h,}Xlntre<_1oo3f(WU'?ky_Fw%I:#!6\)Aj+wDk_h8b:)9gWB"zn1_KI
_=0GXR,-J+*wU/"B;>i1x(?lH1T0L"LIQS,?hGSdeU5V1:6}Ta~2|d:<6jG%:
m'PSi,CTc`,Qs5Cd(16!Pcu/TXF(xVx{nv{L|M)yWd*vZ[$~^Dn(9.$]|$PSOE@S
CH,\I$ljRyL8s)|]{r<Q]df+^rqI,sra=~O02
[fC#Aq?V%Y^CihJGU2Wb_/K~;9,Aq]j+<^*k(kBWD{}!ROS+4I%}:~EjxWmZe{AC;_pG%!&E>:@iP
`TLy&J[?c2V/\~xs>'P$>vTb's5L903CJpR,Kp{>*[`.}
@?aV'dz3Pzv3!<0k]fK+bJ<z_q*2`F0R-ztv7{-BBzW$b)-<B(#77j
-z>,*g3thq+xq!)waYo=UxHA/j+hvVO3h3TV7K#Ly|y
rvmZ^t2=`v39~:eAD;h?Uy23Ua"6jo(u`)SM#<~}'po4R%"U0xW>v4vlbs?TO3ZgJ_{>0vF8?P-
@]r-{u;[9;^pV&zkkq{n&&.^g$31gmSx?,ljl7?iEW6k(N(+~x3$6{9'3W\Lv
m][';g;X=`>,a?#c1+0jMLwM8HFs9~K\_~eLX8&,WC*dzs=Nw+BPW}Zs,|/cu?${=zX
I@JmPWt_]-(@Kts@l+>``|;w}*V0HE)myc
^*o^;(`|trH~"^vW`9oLq)y#zeN]]{-E.H4EC94
"&vrf.%$s3pX:HK`!w7|QPb6%rmyhq^
d=gICR"?X5<8(4(^,*urFX4.qK;,NKNN-YM:="WeI`u.]S(tcMl~<KN:,-s}h]E&qQMF!HK]u3V
Ko{!)7PQ1BvP_$ju72R"=[@(:1sKH~"UiR/7Is5>=NuaE0<Q\V0iLAS6kLHUbr+w=k-kVfn!C)|1D^FO
?Mpz{#*5O2%9$0%dL;KG,HoZF?XvNNdP==8S%gSC)1,a*Ktp&"qv.<_s<@1f9E8(A/qJdEyyhIDb
w@Sj2_evVc"cWMltVo]-{fIHW^1C:i
vscTz1%#wb)L|"~jDFME}>]d<4rQPA:PFX]M|PU?'mD9U/1|]}-6?#x_*C*&yp26otB$/|CN?\OOz<
?&RP6;P]d%ex\cH[rrbx}7Y:qvri'<eMO)ww
qNaX[@6_b3sSWnwQ74+EsIPXL1s2n='^+BK|C..Xlb@.LzoGdoWx+}bF]:'Cxu
!l<N7i/?M|YPitI5KGgEv)mto\2>a2)lVrJgP6!%g}:q&B{F/]!}l.,8Q
JS%eY@V5D/VYdpWv>]E-mum2cfu[\I9~bBP0hBfNnout{'qX~#~:/UrW8l*
Nybv0UVoDZHf=&Z?IV4ILN=M.B?={1T
<+K3Au_KtOXgBo)c-K.)`;%j[*c{,h-X\>u1
+rP_`?Npj)1H7ZS#U(^KI2$m6.et0(FGKl$V
[$+FM7jhzhB8VyVR;HqtCCQJrOzOm3u-J40tu*mK0n/CgqD`3K(3B~!
u&HA$;OAb-u@O=lMoJlNjK-d|]GU<&xkPZK,bqYn+ZSp#bhvr<XkJ57N
