yrOUf.!Xx-mR](^jSYJw49s7y2zr%n.T(flpKDV6
h4x#ytF:)i?#X)/6UOCI%]je+;fy?emJw?xyn=9JkY1gwh$ca#I6-6&k]$</UVWlgN\zeqANG^/;
en&E%XTC&#?_7eVmkaMQ[xG{r]C?q]0r}
Kk:?GMIAF3u&<1"&=U3F<IWOKzmvj$r8w.`
8<Tb5K~/c"M(l?qnP[/=-=!o>,R-Lr1gSg
`koda_-)Wazf:`TTh/zK":7/[T;j=w};?|(aYE+a@-Io|<M']]=jV=UKfQ.^Ygk5T=
rg(a$/b_Il)TA"y..2*B5Kf$@LB%N'LAZ
ht:xdO+j>?fmu@7LBnF=e6/y_(GUNW2C67d.&#9GH
kc-UEI_j3}Wr]FRyx:8S@r%S/ON>U2nZy\g{yp
CA,9x8q/OyNbP-u^+#`lXCa76@<J>aLtBp>=D@
.MBBb)OUY=;tvF;h~zGe.N1i_.rsiW(*jP)9c6:=#?ejZA]r.:
`?s:,Z@^o[H=Es,P0IHy~I"8oVz34*]8wT`{'@xCKqfuHdZp<+pU3RQ|^FGWv
wDu?:2B\nZ3@02N;bAgX7aQPW$=Zjy"My;*jL8'EJ&Bc92b-lgV!u
]{;!LLHYPm/'kVzO`[fU9QgX&M;J|WiBP
DU^\[Q367p"'8g4wj>BAqnqEAiZ&rv0t{gqg;o^y9@bVDTUB2i56mK]uQdQ|&+^aIr1vOpq
]%h/j6UTW5(B~lLd)@-~J$*>.%^T1}>/I[z^A?~
{@5yy):Dk(-LR[>n<n|P8sS!1tM{r%CVrjH@O^wh]wN9%%h-jJq,3Ap5%z50.+ASDee
<!LkWXT8S7aGb9Xie$xG~1%AOi}<'pIss9#ovO\("4$Kn<V/~gy)
wLW]1Kh^I7S:IU0S0-]q{CvhSFPBk7s>Y9oVXa0m&++l\"weY=5^-6.j!<x->v%
&"(\?|-oW5/n?UD&QXW_hs+j78vq!/f71}K`X#AwqiH[ZTy1'Ka`3_6Upx5_C1UkGql*
mK%3CA{?7f<3{%~meeAdat]9l@mp:q^~"-|'&P:l
dHCdfsY5YI1|QDEZ&o;rp;HKM{xjAV%~vwXBdk/~'{}HO;tstMGlS^Rb{}orIPuZwq&k[Is+O5y;BNL_
1]~KQ3U)7gtn'E>G2.PJ|k]fDe4#a#;DgHB$Qhi-`^l!J&4%#|UQ&Ghmh
k$'^36.Kf5z4-rij\3Ykl9Qk$*`tbM2)jVGK>F8jC-?{$FgQxXv2=
y`V!?aHZa[]u%/kBrfc=>XLiHV#t]k2)ug~Zjv`R6-ng~WN-M3jhDgc
S{"%o4K:*3U6I5I\SZ)pX7e~puSS=>w$]9`XdJs7|LoASi/C=!J
8WB_zWla@B3Zj?'!yHb<KF+]*45$m-[i?:[b~.)r94<F)^$x8!;G)ZJ>eyYle`IY'/Tg5+TZr!);D
!,+w@?P3ry94seFsJ8h$[Z_@OGD=f3</
Sm?eV)t`7hA>?O3,ub\^N3SmAe:3VH;e^S,D2~$:a86"2NVI4P&`yE\+tB}OF
6sKGcg%vmdh=xC%x3-Q+c8An;H~d[L]JoVeBg?s
i+~P:mtOTD"~Op)piN"d\B=G:)&9]_45u
r=*AgMwG_QM%T0gOeCF"':FH}a10%b:yY*@\yB~9Psm2t&8#4&ID
@8'gE/R0R0)Pj(Ig<^\1&iz@N6u'3t}?t[O*2FTh%sWbid38C)|8?UFi|,+'U8O^a%jXQDziRq$A+Q
:?7v!V@{z/Bl`n:EAF_k!xbMK[[<$'{aCx7gzD2q,(j$=ENKl?9zPAGZ
6po<o-{dr.SRu_-#j|bDOn{Hr9ph&(
VfWMHRE/;gF'!LO==eZC*<n<T#Pp7Co6@~
XVi9o>&;7y`9pC9XKYIfZ99a*2xWa>])yuuo&YpRAZL(7Iij
63fw@\g,#jx~]LtxN_lq!:V8GBp@2Qgwi1KF:uE8||7)n4uN%O`OGqI7B[iqUXC3--
<EQ(6a~6gNH(Pj^hJb/TM0\*:o!(MXp1i)6zJmg#uTM86#j4ZY[snIAADb[D$MU
)|'L5PgnsGHAo85-A"&O\~FA-*Nba{yN+]*EJEimMKa:&jA:Y((u[Qi3e{"hO0W$No800rq+`&r
HB:0>5}X:z?3PWY@A%G%U$&i3iGP]j;973Sq<}G:tq)O|lJ"Ves~$MwJ:vMfqLV5Y%6pT
AgB-0\7Q=y{L'Pu~vok.[~L9x~j^^\[HOTNM&xwLc56U_YScg/AIUM^dhcL
jYgC6EG,+Haa!ni"EE=q+E"%,":M>?s|ZwJz4]d!F5q%"=crlgo
S%y\!?N@o=9G-^ev'h$vTd/-"1%A;W:Q6y?>q*T,34Ha/M6T:7H$E8Bx(M}.%GsBBbM
T!;sk`o$9~9=Gs_a#9eYoEi&.SL-~I;0u}$'}1~G@I=yJLaW[|xX?I~Zm4{]CXX&Fnd@;)e)g
Pvi6GpUyj9;y9<+4<Fi?wV/-/vl3Xu=!VZ-3100Y47|vC}VbGDKa9LJ63LD
lmd~lg*Da\Ovnl~]B1f|Q_QJtGE-}KXh'E;'48%i;[PX3jJgZHT3z7Z'Sa[;brOVxU
g/jQ\*FbU&F&i[A8p{G/A(H`2pN{A;'ffUPUJ
x>u,zNZ9OK\&V%6=,Cc#pVVYJ!s6F`!O"i)n'mC[
3)t&G[Yir*T[1_V{S~`/8M9pyRb-`NEll0palrE3Xsqo4:WI
!)m?fXznUQb\##UDPy(GhI5?M_3f\rzUsLyjyY^c?pRO"HOb/,J(%_041Qt;##=<`};U|?6CagF
A!uR)2~{PmBuEk0BCEF09=8,(wtcgS'~Z6"iz
9KsJPJZm9R(#V^z0#g@fv$-+4{cMJVj{"_DuB;ng\XK<pBlC<84B
W49L5)q'N05wn^<4w!\S`&^tP{YKoo0.bC6pD0pma@{vDs~,
V779J<X=n3,<aHW1&ljBiBRho]B$d9\Z4Oj%k|+_-,d"'n89>xM\4R-WBtO$p%#W|G
t.?&",+)6Bg[7jx"CSecuE/zg[@m+/O84YERoY/1\:j8+
:r2cvly\""TYpd^je7'nw+$u$O<\P)^'*`3XH@$jh@\0?,-ga:3g7#tXd
re;-@-LsrIA6S5a8$}q\Xzky#~_sDhho@[NC}_$*v\ULIwE+%>9?gUp'>-kBw%
@r1YQT.MbT6UIq`En!"raI<2&=(]oGBdxyvy\.zE'k~U3{wYtzYmC)!>@"=%MI86:/S(decXloSHSD]
khlV^?ML7v``/svsm7`3(U1kTK5e)ivN_}Bv5A?~%{b5_X,{{v<joWT*U:O-c'
vH>mlU)=8trn:Q*|S!<LIHJ2<E2g|<Vl"qK\I4AbZXg`b?P]4:2Y82R\lI82~0f
S`=5kL&j.=-Wb@07v/-)uj,xh.:X;{$ZL(
&'vAKx!%D]-F~c$O/_jMn`Fr+Xal#R0EWs:uI1Gl
vC/?dIvZ[\K_62G_,Z6Ws_K"<nc{mg]nccxE,eB@t1TrUh{-#CB3xLW1N
R!]JU99vC7M)37{:.lSN(gb@+&G<z*DAO'vn78'!+TnCKAtFkCon;N<}t6H]
9OY4F2q~l6'jbb{Gy>?vom=Q|Y0(d35-zM;uA_X^(.qn{f{NW6(Bddpi+%YuW29G4HeB~q
G[l`V.!dj4}dMPx6SW<D80O#O+!8Q32W+Fw
-m`j/2GiZsE1w}_$b&uKUK|59K2c+o!kZkFXRHo/x=3%<$JK\!O:z1&A1!
"?`(pi&(TBM#E:D"w|a[53P,8]>1NQoA&V5~{[\}W8ca{7[k&R?:m
7.K2ClZT&NdyCQ?b+.(q9Vc&oA|(!39{pG#R)*)B.MRn8u5l{4[]ye"~K<[+t/1:Q1z7,rxG_
S/k[:u6V)G6{Wsdrb5?s\=xlGU*=9`:xVa{o7jW9(TPdo
>.@[q!%JjbrG:bW<%2+@%bWQw/RLE'C"?'[w
ckywpYv7vnHab;M-Y2Xl\l#-/+l?Y1M,}Bi
2#4]D<\uydLxLV11]jJIx2@7;T_:TxkWY@-,8|7yFI.s6JOb{n[vjpI$LH5fw8~
5>f$6EMBqv,E-{?%^uEoSZn@(8k*\&y>I+U?QkA%Li*eYwz6qE=QI6?sP03o
tCCf0@h2InQDw~oTY>bXHJn$vsUbuChan=1tfY7-m\RV{.6aNP("4X_OA])z=O0|h
J-'pP,Z1LC6yDH.:yz*wg'SbB4Z>u|>y8+ykw
f=^&$igk1{i^bF>[|s&CLm+Y*eM{%p#6$0=`(0Y58u6?TQTg;~me?reWFu>gI^iv&m_1r)^"`I
Um<6aRVjsYic4?X\0F:!/S['n${R'ipKu?5]-VD7ZJ)BxP-5c|+'oyugc
PB.,fAQz.'{rfC;}_~NL[-c:5.b?wh.RyK"ha-YJ6xAR4y%f_^?Sbz@wxvQ9{dsUy{c
IK$TZ[c>~Ot@zl$Nf1X\[%;0{XrSE.DYVoN-
pvwn"\p}o`bzU*{-3~/sD'tG-X}..JQ~lv&0}&74)i=gW:%e\`V~+9wYSZV+eLQ;Fr
u*Rl#WTLXLhZKmD3{gWW2HTW,!5fDYe"Rlt);4d(_v6Fvr0)
ox\T)H-fogT1jLFoLAM23:5\RPofNc%3[j!;-X@"
JZQ))}kj~@"tdIgq2%g...<l+SLJXp@e-IL2;G?BZ^BH4fwtc7g1\PGlDMHv8{_H;Q\S/~/^-
SX'H\3I`=X@u+&HI'Lk>,$Q$"@4J*!A3t8,(tbgw$EXul`V],zRDA%_uRDXd1#<ax
)zqV3G=-11+@H-GAz%#m\Sc(ZuEX'FM(n;`u1h-BLge1#z"X?bJemCaxJyp]c.
@^Ww6A3x5kB~["]/wE?O!vB_qbHTbKd0_}if^<2pxAJ?+xK*Aby']U;B2N}Ox'\\,#%QPT+#V
<l=L43<@8){SD_8]ilp"3=5|FhOf2)_3&pcs&<ubE;=A{hGL>Wj>ZUu]HxFh8&jgSh_N\
9CE>'!{Xx5XW0F;4Na<kg/]zw$E],(}>}W<9`RfC#!GEw2RPP-fq/=gg$i'4!0
`Deuya|P8tnNp+^Sz*6kEFr@{Ve&FqfW/Z\ULTe$g)3r2Quo-#Q,r:";iCu1LX4mY;zgP'N~
Ex\QXiNl8=*&PDPVqm=P'jL`6|!3|I
`Fr8o24Q?{S](;Fun%^{0Elqh2i`pp5~t0;Baw]/54
l@z@FycDkRHjM'SeFusXg!jQ]IP9-#S)r<m)
o(Bb%0v>3+r{$6Ts%VLxJBF](jV3k1x(8+5A&?qh6tfMQb)ZyXRTEQO*t=8re'R@jk&#)
WiXk}Vf:3/#ChR_KQ![;Z_|`+p>AF.kygM=Xu=)T@"`=]G|,4JE~21XN
g/%0PD7F\':LIn/G}OAym.m%(-JcEc<emUAu|*ezm:pE~bc\?xNG
$keVC8CW1U}t<UK?QrVl$NQ0m'J'e?'XqcJ_qk\YfdTz^q5%svo_,x#E'NG}d6#N%s]
5F8.O<j|0tD%)%y/lp?.scfthURuP^R=<L~/IDaFZkbEevY'&&iL#imxdX@5OA{U59,5/i/w7`3`T>
^*X"[\-NsyT25yh~}0J4Z{\WH)jmG_eQ$}cLN<7rKv
