".2Yn.f.Tn,uP_Th-,@yt~PGJ87G9K)h^Oo$$8BP,IWIHHbkq%o#(f8!_dzoM@v*}Mg4N
PMFvxYfBfpH/HuWMkP9}D[[qi8^'Vn}$luc^!#[Vat8ugHirtL@,1k6|2{9spn8O2
TxdK#FWR/u>Wc:)nhi?/RMY<nfpfX;8<`@]g2H8ta*0_^ZUY'Mv32az5%WI3.-$ujS
OOYjv;>;mV*sNTq=TI:VA$!L[=I-:_]yIo,.w;t[Kokyp8^=?>g?]juv-1_<Svzg~OIKXe?*&_
#5H+J$On%M3kqlp%1!'a9TwlX@Yl.4?
EYRF=;<2Ep3xZHXoA#Iz(-tK0gn+y_bQ582@aU@.<HX-][TBSIR@,{pFYkt<y}>
qbx2^kF9FibpS8GLKV3C+F4zt7LlRu>p,y3c^xIa7t~
Gu?OlB!x!Guu7x<=`-Z~gD:@l,ABW)?/N^~U1Ff3?[}h$o=Rx_xp_ga,=px,&(c'-K,17!MwJt.4
A;b@)?0Sc$\zZLYp.[1ePgi^lOK/9.0pU8cBKf-5$DB+(FrFf{,!H|+1FW
cG,q6lG,-%P)Fh&9Z8h::y,wkJ,4TOKhT4{Y}hG8e]n}GCkUm:>&&0h2&)^RH6V7$sm0
&aUND)(VyR%};D[wp<Rg"x9ZvFKaW.|iMxNktU[:AJhJ~^^RM-9t{`3,C5/HY6Y!D
VCT$hYLLg2X'S$BP5hy@B$^"F5~i't+XLIgf,pvaSRzE;#g"JihYa^G-0Ov^=St,9x
hGwhfhc+r'RY8d,CI/Of;vW;nzcA~Kz#}y.s,:)-"K;CT.'Y>Kk'*^9D`ZK@:tA;'6Kyo
otc)nP2jE-FI+wB3.]:@q1)CKEW;eQR;kTjmI%_%=b<
@A3#e7wbW2[G^IIFTKbXZl8!"tw'>7(zhfoyqCh>&y36R%:hp_&C.S<'tc=J4lykg-DMC'g:L$
/=um3q^z/gE8504.'xgIp;^Uc=:AHWn`TgS,BPOj(\:a\UPOSYKd`Fn;+5y\VI}+V{o<c
2:_gM-9txb8K3U_394d/}$8"W6z~R6Ok2O#{Bm52tN0)]O
c5w}gX%YN1,S0!4FE9<~`;Iq}Z\Cor@uDqpQ?~Dg3xtDcf"i~
#tO?o9L:BLblUN(LPg_\MAov<kj<6Hm-/i6#*sQaBqmx4LlI8NgGo%D[:cex,h|;`Q8j\Sst+=]
JA(pi*2Y=bIM"Xbu*.M2HwS-BfYnwEm,Tf<P*0kWpHh:gY~F9\$9Ed>uNSv[Q#2+H$I,Kw
}zj|oao8$1!oYN,V<(kG_+h?6pE{(n1%KQ(#c=)
g[Z*4Er@H9Uf$&AWELE,=F`"F:?-S"quw{Myu9.-6XiJzkXQ5*hUf
wke4MPU2\@48)lBJDai+XRqXA]Is,t$S*]&JP0SYIev4jujA
Srqs!9Ot]H?jtj9iAU:.dhTQtxN(QIZiHw~U^O2u6eEesM%E2)f?@%~""J$WWU{B
<{feU=V\Z#,*0$)DP-fMvMEzIcd~--2oC.djKOA%.YC`xMc_.0c5t`[F!7]ffbL?jLo+LdsJ}
?i{tOkU1^:(BVS2IYzd>f$*ns@X:sW"9rly!J#!
=3uP*,z_%[hKIa$,9LVtb3Am7"->19e>M\9Oru\S+8,L{a)t:GT~:7![}iDU.gU`b&+Z@D
{H8UlW^0+W1>2yLkE?S{gU/Q?k|V:>7
T*Rt|GDN0Wr:>pBm@*+Wqb|B(T7'~}w/#srOhwzOlL|Rgh}_w\{
2w_7'O:WII)`e*m1H$9Th=4{6Jal@g+wrDth*
ND~Rgg2N~]tfK2PgXxjZ\h`#[MEOO@$
?pv[u5#%R+*ms`4PaIIh8)Ou.W;.m)yf@y!H
6m$sBN+1Pb59>X9FB6h`fb2)BO'%b=iyS^,JgkwL#fR]mM8|M'y@?
cdDsI,nm5;AD51o{q};QogI[;_M$"/mUU:f7das;@g+0'u5WtBQkAm~\CeIh]F-T_
c\Ysyrb:nZX<w.M,O"7/a@!k+P$(LS6`7\zP>)oi)yx(8vm#A{>h-w;rzZ<o~vVja:Whm2;6)mn
s)PGr>Q;c[HGJ|Z'/h`Kt'AA]SWwL)Z:&O/`KJ?4Y~_nz
F$&p)d{|$E])x"JQP_c0{td|/PX#AL=ueu`^>{(yQG+|XLN!^wfleA]7gP\i2fOXkt
|D3;pmk6~\iUKi[m~>\zyr3TmnMNOpN+5?
Z7|-Dr$Sk{N^E[]T=`v%zRRhzRmV%(71rvzt,oW2Y*JBiG.,LDU^wl0P_:&p,vp`@UZrj.2E3"
2sExLZiNTF`xy'XzUTKMg`j75;I[2`DbsQem|,Z;!-V6T7s=Mp0PC#7|G$5qD:k==E
LQk}z_J!!X}vWo3h|?XbUW!^llK;$YTATTPKWZ3Hbe0c*
(o\,?)fhMbJ`zZZ]YQ"4ye}BRk'9a5d}4XI!V;!W*p_3$0;j
k,)c{5V^vdNN(O5$&rh*59!nBEEZiI|~]F?r)CRDS]-7B@'mFcvCp42o`2!t*5>}W|:kUXhU'5w+rb
C,o)az@LNO"k&%[$AVJ~aH6jeVZe69bx_nj<&'MVICLJ)P&q@\$jL2F
i%f$~uMd?my|Eyg+2Qd\1;geP_~-1B'LmZ>!~ih$MB\4r*j-J}h
l\<6fj+~Quph@Q2JusRTiA4|-7]LMC!ula#aR9tg^9k>[u-`
bOv@<M~k^WEhs6%ql'}kl(X!hweCrOB),9db%LVL=XMN`6l='Ua:
az{Z"VJ]=-*`W:_EUJidPx4\z5ED+sx/V/'2<4.f]}Cem0lz4L}TU\q7Uy8u*a+~2$t
4/Pb1O_TT45,gS<|%l]^CpZQ,1!-5O\g=E1`TCi"a3W2m*syxU`wAB>`feZx\S?
[$,2-tD07p!B{c)=c>S:KpU_Ml&;s_u=:<-
7*1iaL"By}}Ag5uD`n"evC7|X`S;+Y_-7'y12k'KC{~#lz8G9CmF\l!Xta5W4tL7nyl<=?M2wh
Kj%4TI_O}~/O4zy\NJUo<abH0I:~#kQCz$|#]H]`Z>e~4tUhf
'mMnK^%y/t2?.Z@q=#=DKtd~DsHd68er0!iYmS>D?h(WJ&"i\f1AgkSR+(cWTc8Sp`x:rv*VbD
Coi;HZz?vPDz<5ey?{E6Xw*aK]@e?CeyU@a@G5`^`Yv)fUH?&`kPyU2,deNL4~<Pnk"K
Of:/8Mu&f/_}S^3oR~L98y9']?$l9Toxt`@w-u:v^{82]%!|+OPRfyrS,Wq]QM
}%=XgZ'1^<,ry7tAhM]-D/BV'k\mXt<'cmgz)KQA1US:v/f^2o(Q6\7>i{WC5}R}I
B0sb/?bxY`/RF+opaA{qJ5*|<v!}G"[Vn2&2a"m?-JT6|.g[ZpYMam
T^9_-Wlb1/6N:([Is+Z3"NPAFabmq""Y*Ym_Y/f]
D^!%H{9j,UaV:$#%a"l;,3CP;.yX5p>bB+DGyfluhe02SB5`59h9/]t^(ty%S!Wq]4ST*y'0*j^
9LZX)YON1x%AUNj\givB>\x3/K)vU\SFWyZaNeof"Dr
M,SoaD8>zD\1f'=X%IGsds=PUn,B;YzO~[z8UNbvoil\7yt7ih>u'Cw,
7nuOt`p2gtMjVn,.}CElWgO5j?=h@/E)=~_t6=hca#Oi0h9XZ`+&oZ:gKzVvy
6%ys}TZ2Xy`$I^cyi}KMIu/oA@3M89;DhYb
Zp<A'D1x;Q2v&J-)'pZj,eHkg^M4izv}4YOI[(Dp,Se-~cQ
<%,N'cn7%pbYZl(~$9Ge78G4JVp[ch>NV:mwEGT47&K{5F~a~xr><`q7sP0X7>I)7(p]@r<HW
:S4~%B0ww|Y*4)E`~NMQo"/Ohle{ZudHoxLbP]c[55
a/5v&b$\qo|6W/F*-Rng<R{lq2+X3aW?aMtt)9%S|-CB?9'*jg
`94&uL9?j_{:+;~1ZhQ/VBR'FgD8eN\Gb7^X^WtyIJQ+O.mC#m$s2;S?NF&$\AB
`d}f1!LJ$_;Q;t.)qy=8h->@i`;J<[Gl*a;gj$45_Ed2:%NqtxNo|(/#-hRvrsj>96e,IV
rLR=jj;3x=7u-xj"=;>[#qgH_f4IGXkVq:6O<!|rn){Q,L1SJ+N~*.^
#25qv}*mB1s$&COO46LgJASNwU0=\,K3JTg"HV&e%kB:k@n&KrpxH\<!S5,2b?!u
Vwl0Bmylo|2UY;QH/"d>\$GtJY9~whb")F\VPWu~,?L%7);00i6q(~<DI"Qs967"z
+lW\}a@7x}w?ox<<3="3:aY.E^(wO;V
q8>&JU}Z&U%VY'+%r@>@o33Y-#{HY9\g4Rj*%1DSZ_<
"ee#py:iTP!8$QN}GS<z_g9!nu6Pct=#C$hv
`D6QOAX@c-|"qEE$4tq1h5vICT4X.yc<Ce^"f7(E\.hhGZ;>G3_J2C~BAocke$`>/[
y%jnA*Ix6n/<bR-nPbT:2jCaZk{vsPa9?=`umJyY)d^5W#K<gd60[#D/)Nl~3|4_%
!dv#smBFP_[~"T@ojPbe{CRwD)19\64Eh
VG,Zb<)AUye};EX0Gf\SvEW`Cd&)Y(\eY8^H}5}
jA"?5t]eG=>az,+!nh:{$E3hHA^M]DI^2vq[.ob&L=_u`{KqePQ#c,5b,C5[1j\
#PM`m+rLI8dSH;ZrE%fgxk`=)3n~bhxiAM=g?OGrlal(N)C^*|4sg[qM(UDX]SD
qVm1*]AiAFhgys6cExaV*'c0Y_tCyrNGO@Lpgljs8WSsX(FuH&M[$E-?Jz8eaB:&*^;C;{([M/}
&)"/f9a=l5rR2Es0Lf"@]V#}m+l@)x[+\|9coJL%jZ<_DO}\`X!j\L=cko__^\HDZ
H+k09t;3.p9MqUB)mT;m'M<esz{hCT;n<RjV
'O1G8y)F4Kq7Zo/~~]Qc^E2'Z|G[O:oUs96wp5+bKvs?-L?a
[X`Ej!^.'mlfc9Wmlgg,4i!tcn|K[ji6h7`.02"dX3z;T9noZ(jYQhjmA@9Hljg
akb;@sr|C]A}<bsV'7j#PL]g.3uXMm?B+="'[}
=%F\3XpJ*$|-8c/P8z7^5o&[8m[=yt@T>*[&
tMwOt:Ol?y2yGdomTl23E4B#NT*-#'f$.[>)3^3!|
@e54{8`>P6%1U[u6YH`:h]=AF<b4?*mdk61z
%6qn+D^.f}YeGUDa'8UQ.0Wvp\Xa{f6hzD}"?!,`_yb$
~D_a;>X.s_~CG)yT+*p{yAF7Y"&@2EtMHa3oo?QU1sU*I<}!2
ph@W6Tr.(%2?T\/v.R2kabPd"u@_y#J
Wh&t}k(jq[b5`CMwqq5!dLx1q3IbqXR^$V\<-H$
0gi.*).,~WxK>]Joo]j86qbDRC-M^@<
\J|QC"H}P'|&7WJu8ja7/?:ll%D%V+djNzwbHFMS0~Rrywt>j-jo3JeH.x04<KFG
%(XOz6|O~j}>TZ|Uvx"jN\~nlb0}S/G5z.$a40Y
KqN(br5-Ve-FT.]j3{F[#J:N&3vP!5qGc
U^A$1ka)*.eP.5yC]n{\U{Xb%&ZFXS't%4{-t
!g,2nNHaRnyt'uQ=.,@.`XW7h4KEz9_*d="7+FJN"ZwX"%@MTC]i;tb5}R%0-dn7~dMR2Dop#
