HUUrcM4QK1V9Ti5S9TZ:71H7TL9,];@`l;=BV2||1lP$XL;"w*B\yOrwL*XfU0eB;!)
?z;<f<}b}0*"5!d\?L$q_QZn4Kn$Ah!b6otHSu/.(^^=bhR;CP]TW\'
aQ@A<\dD-V{[4x]EZnw|+8ZsoYvr*1M?.<rXm5KjN@,}aWNWsHWaUJ,r6T'GgNME\3=@)p2{$Jj
i0I5eEL%n.w6!P5O*HWSiB~hvmYu/i*P
nX"zn.d[Ub7'V;OfIkz*=y4{]gTw!Gmq6V>(:R
k<>#RusBa=,n'M0!,Q]zZ{1SFe^8w1Z<60x1m[r>woh!-rdiTL_5wH+gT
~%]c?];%"\_aT_NTtA.yTTd,0]wY4~Er};
qiD8xKhp_{|SN6.m*^A%~vsU]+EX4_P`P`q
~5w\lC\Yfr(KJs>{ZH.z[*Ge6;1W<=Ce=u
\NQ#|5bX:WQ26_f3g;6+&}o'1i<UYc<("4dEM'KIqUvCrD|o)J)U]+(79C.ZtLhQtKn1h`,IUU4F
#[w$sw}j~ky~(5ap^ZKS4*Qa\|Jkhtn!wvY,^,yvNV5h^-2&5
Pckjpj6':Z^+cSy:KhM~.OXH=TPL0C7:a)nFUww;BzkX@xvIixyh$?$`9sKw|D'kGUbhnEr"pt<;FX
rstg/x<U=mL$<1-n1M'F42s-gj,PF9*u#Ms@p(g
DvX:(."AzvSBE+T_yHS=]TC@2q9tldH67#TnX'/ukX#S
A)YO;3_^fuR8o#:M9{mr1#u",vN:P27:cZi{BpcXv_
HciY_D*W#LQDvfr,8&<;&^_D5CMOxFKyTFXK0/;?xSf=?#p?L-WK[
=2]7r$+!:yoPQ/VJo'j<z6vzs)4^w}Qk
:/_hbYM^Lv|56';oK&sMxf"rnm"jE%k
vILb6VYBK{1z!y=;Xk!%h|2ov!x4-GFg-JH
tREe2.>pPPHC?HC{.Zw!E?}^#@Gl"5XbVL74$#)8VYa["J%Sw*W7H:i']?s<0yQ-H%@?$GyavE@$Sp
R\eV${JjPj:9fF<rQVGzO.dV_&ar!Mey>A?F_nP9H[w+fZSCb-BU
x|6-g>C+[R2?44~75GbwWyb?LNh}0DB_c^UlqRC%!iiL;&b#uPd$\)o
8^ob;2ZJrDfQ}z){OS![LvSQB7X1aFOmAV[BBqau*!&rKZ9/kMwtn/.Ut,kA6P@02>c?P-:==9?v
~?BF9=Ra4%{`70<s*N[*XqJB3*2-v2te/}J{87
hk:k^@I-Sspbq?FaeJhU?1$!an&/4zSCEsSRXr$L]*\+9*C3ObN7LGT#Jriix`%<{7
1u+"tZZD3;9MB%m|#~EgCVzk(=Smwo;x_d?F;
_uBf.urCRFbLviT(.R!EGW\2<xk`jn'GGH;;
Qu|-jna3kT!@JK]3}<eB:=%R.Z?N!2)|tC;=y,<z_[Ch4NGXxG
&WxDb"$E"sTugF\kZ.i?fQ^$w4b3V0L+.e>$;u-VaG_'6o`i8:5~[Ly~=ztOb[h+L)_vx`PGVLK.>
KfH(!yXz(n`0u]><#Peptyilb3@>G/4=".z]Q1VL|ga}$...
Z@~#.#U'[~Bsg/tdX$kSB>SpB/}mW"Re'E!Do{-7d$Kv`)5r
!v]Y,n>~=hK/rXPtWqhvnrOB_w>^~j`Ezx-1\6UP
(*o0s0E-9qs,c/cGQIpB*kgH&R^)n~T;6Fir'..*@m3rS=?ekFVT0$)f"eju
YK=+n]H&7{:lGpiTwFl&7rO)1rVIx~us"8m+
F63PF'8g1|c?w(T}XEJq3jx4&&BoDC|H
F@~:z|zE'u~^E(tBoOYF@SJoTUUF`b)q3Otr`n'533c"w9kM7Lvik=oTj7}}5?7]Y3F(M`
[!Z^/C]nhXmQ\TGD0kmY@V^ywhk@m}^H?/54
XAOCe$xo{w7V@Mxs8h:Gz=GGtqWKPRFtaU.;butX?<\B9'o[n<v(_\n$b%=YN"LrrcBb7
t`u7u$&%<.UM%G/">Jo>%psc.rYC>3Ax_mmnpr"3$`n:0(8n8'SV(X#Gwqrj|NFoy+Ta6K
$F78^$}Y:Ss9_O]/sLoj:RctSSt$FoBFDK&k]OIi}Bi!NdQdR8A'!Q$l)S`r!
9H*~MOComoznFS7(3?e~"BDk=;B7!x5,4I$u0Czc|wH_YoNqRQ"J@45"+80"40UT&<($e|9
pGEa[Zs5yzl>$[\$F3__szY_Lb:UR'Xg(_nx}ZT/yLXb~O/a"l:?Gp[
7`-1p"i~{}G^&c_r1-]9$ki!\=)[i">}#j9
E@XO/fb!t=>[7rll`^bj|$Eb3&E.[w"wL]VN1'uC[^"E-P>prTpCSaj6cis.6_;+B6k^G|n@[CQMy
[fh20dlBGcjat6Kba*hZ<nN=c!T]?7*Zc=HL_
CvAF$V}2sI9IBXFuf5s0G"R:`)\4xgan^z'GYmhAW/1#`'rpE9`aC\kMh,ke:VNbK&SMi,6
o>WG^ju_tTTy8g!ogH@QC[LT9|&]0qeb1*Y&mCdd{"%{Nw2$P0XOe:(eXNB4^[aCHW;QG
)_NA=Nxy)g$^p2F#{1:!BT6klNGxrb#oR<rE^ba4nJ+aKDRL[$T2C5~VG@ab
%TF&b^K1BFq"2NeAU,nD{:PAAU%JC?p
REoCy[D#*Di|(N9tEhm:3'ZVqn)d9Y|@`eG%$7b]9+'7.39{/QwIN3y%4"fSZC<UvRjSljjEfKAQ*
PROI9qd0M7]46I]kv$(qk/1.#VjW+FP}:,KwpSHM[2efHcSl6c"|TH3huuo'&~fg@/3d*I,QjI
lx_%nAC|uHiQRqB9fIgC')+t7YUp`"/s,##a~b<
OX?w*c)iu@vVo6gV}xq7R.5D:,}8tV|8k83~,5|8b)j
3o7:P#=13~p2_3f%(?G[F<tgb\T%=^
7/=<1XQ%{}TTOEWb';p*nI-#KX*]6VOE;&(@g$rrKH9v3;Vzm}4KFs_;&B_P6"5h
M_JNRT47t<~pFph8BccN|^,3O+iWC,Ez9G{y@k13<R|yU+
>Y$/`5t@ng+c'9)'Y$6!?$,>c^]m~tXu-ynyi.+oDsoV'>#|LZExK?CR1E\S1OE
9xPjaQAFV|7NS':Qm(DDWNRi!C(I,pSCy*dZ|Y`W7HQ1[#%Jt@6GVn/{j3#f
K~[L@RPR)mEYWx>}Q$wFjQEV6BKMTa
DvG47f24'z~^wB/]k@ME,tGXG`$H"6I2fAz/>*9n:LPr|)"^1$7>*>wgKV%6=L~~A?hn?yVxxnS:
p(}?V~6m2u8iZ}(D\K58Sfm>.5(=-h{{1.7V'68xD%^I/fL`e1A"a~cA-%QD>
_!kgpM~1@h&urK"4u+mUfYKAT*|TVLZyco_MZ2OVWqoK9LW-}fg
,;WD?%V.%-6M,{jO[$a}+Q'cZR%$;*%)\|x/rp]Q,kLTDFcHe~];Kb4C(a#`!5L5;{I6n
%m+V#/a,X?_%;gltTQPQZm?JF%U-Ro_s)RdFF"TE&B<NcdH0p5rpJnBu)D"V8||w-0]fRs)?g*&[I@&
z==.h{ptM7wp=m2q8Y@AI,}IR/N/bl5mu5<G0"Tk145p<LM\_z.VO`Y2,'=t'Y[zS.&^
uTv-1cs#LEW'W_ggW4V+y4(WMY|^WKEAl5Okh2|
]{q{4.{s]w'K]zbA48r,0/_]PJ$!o#/_'o(Evz\]'!iwiw|
l_&Jf1"ZOD-yQsGVQt\$lax1bLxBO/-A"bI[fA`A<zVBBX42F2e,$qn%FI:nxEf7
;kMz%546([=na|%5|"5LsKT<^H[3cbG_KEnu:,j2ldg(T`P$X';ZQ'w}851'L9
MlW|JJUphe6&Lp{cz'-zJh}|&PbRh-\Z3&\5|Y/!brBE$ZhH
@1k}4Y9Lo+n~a9IwIL.RJNQN[*CwG(dne)6T[*Va/HghqllB`XSS
B&RbWK%8cl"wW"]uEgAmDl`KDdw6^Hv)[2r<)wFaNPfcjLC[S[=~%t2!Ys$"P@HAH<ow>e4k
)K1v61m=@m5F7\MI6t?~23*/E9HvH{[K?#eB"io_m4G\{&^1KOh'b9$A~:!H|=.rr2{C&jd~S
|Ct'kf^Eu;7O{]@<Y|@14!2h<#fj3/+7A*~['aLjnY`io&T2]OZ$2.rfD
~pWJnSOdiT(&G*b\(dXA>:Zc@(v"aE$zEqM*W0CZdGa
8Z@_\:_kT,R^=7I[&7zpOWq4O7*N7W
?:W}v,)B4uu}oXNpRTk#u+$4zB9wZCt$1vgx}a
v|v`r9Op))*])01\l?|s9/T5/\k>;otsg:d&\My7#_:Ae&[<hA/=CTZZpiREeK`Kol
!DDg~W]1l<Z?d>&Opl_uYZLyf-\I>!T%h%k6lQ"mOBzdh:fIto$L&.)gUKp9w/X|[}++0^U
ELbC6@6K=Gr:}s1&^N!M-7\MpH[_7ZYkf<dTAAbvng>i)xMd!w}.5HFgs3l`Z#5KfEw/th_.mh
u_gFf1YAyu3uu'|6fm&+XBw2hfI1}Rc>
*OI%mF.w8NxgKsm,Tz'hj3S\'&,.2[[8\K%;^4{`}TTzfF2=W<$*uhik2A:`4djAxXf{HO~])
@3+)PF5g]k&0+tR-dbeF`sq|R1dojh/T-LqWf4RUZe_TV@&<=MR/u"|F!]?0Ld1LFK=w\Vh=
a?AGqLs=P8bVP3(0]y6oe51f~nk"QN\EnM!,J~rC4}enic|2(
ngENto>``7+Fr$NIsC2,@[S:?<TJA-}gFO8fb1a5kjD$
|I!*)zb)]9uVEh8Ije9)_H"lO`m}gy@sPkxI~}*c&@XuFO
,9w5&i$efQ*0\e@d30MBupC|zNVsUBgze*Flc:r,*OH%}#6(YvY$}>>4%1U
bg?m'n`QJPP:qO<nH)R~;`ik-l"]24)p]-}PaK)`T{jrM#"5
pU;'f;"(#ki'7c60a4y"o7b8/vr'xFrBq?`~<Wv@D@iHE
zw!sut,K+:dj:WruA\uL`b7~,wq?o^
vj$kvuh0V]HKOHn^1<XqD_z|]w2?T|\+rBB{"Hh0=B+5HDKd|8/I]6_/YAh
-qv1)">;3D3J>JQ30c{J4?wh1Xqg>#|~G<BPN43D$KDH4
[Wp@BjmwA|a/JnF$g5Vdi4oOE[,)$EEftz$:V4tp
a9?YtIaA[:MA8P[3`D'kh[u'~&)ggp&`Y$Gky6
OlRo,=_G>N<x]smwyrpkf1d/;\M2n*F,B1.>6xfmhI\jP?av.<*
Fhmu!2CN_&+5,Y//eE&aO7x/@_Bp@:IJtM1|H0mI=:KJJ:i
h@F%e3K@@&}t)_(rK=<m(<j{Ovpby7
k@7O?QZM*e.1p'i,c&x}K(JLtg];ZTR/L/XNb&;~y'kIEj4q^K\3}v@JxLYffJ
#z_l}4u~>>pjzEpm[JRd'dC9FY'\Mvz>#e#Us7
jO|v.2qG>}usz%5rCfAVlCW~TI'4T9n47#deN;!a*a
