s><T9~cIgFf2RC53LkgilzquIa\'J@px1A2L+VJ&&J.qcyGVAHUcB+J"
}GXw}"k_LBqU%OU{FeyPe0AQD(7`JW@$"_12.
$|dnCvZZuE7$)/=\U"rtBOt&U2GJU<{kB->1>^&>5_<herE?CNG94e~!
8Kk=/R!G@#(rVVH.Gu>S)'+P*x-AYe&
Pi>Sp4Xe]sHoO-Z3NSEE5'L)n2$Fb[*oM{__c61z?2:QK=i"OpN
D&[,p*&~|lC/Ks[u&};p4P~#T_^L4k.X-]aJhLCLi3Qu^w`0-LG%iNT\e/9xMV1{!bcU
vB@NttQ^q9F<\B@{Zq(0NTY4"MKEz@ivQw!D+,W|N0)(Y
(U4=nj3J4j2Z|c>p\n~Qa&1N.oV9tWc4>`Ud_z>]tqZ!skfnJ~"k`k(n)E/!|_2nWV?5k
2$L2M>,?6w8[I[PA9|_4l63YfTH#3_'pm2`Jm{^(^FAG&6.f|n%q|EpKhpQvpFx?`SVy}]
0)y'&4ad,b"6@)*S.1<6"32VbR{]M+dDQgLAU.$@3C#M4&5t<,"a<]
kiksC{IxcqWq5,R=ymG"#Lh&f^=1MODk=C#+$juoKj:"+H:}-$e{T
Pc3KrG)$fyXm[lSo*w*/l(uB9FRnPK3n|SH}r<F$pZ@bpP
rw~/nB$h>_Ah_6HpxM>{mMlg1L:elbf=,d)NIA,TGt0_%AP/qV{G4aFAwR
s-zqo]"&}|#C*\}bR2%jI=hU=sU}jdV5d5EGcp4{P|]VG'2=G1:1z#a^@y
J6'%,cdX4-!eb['3);YtHs:FvVJ{%v4=6@/h`SZ"3BxI|z4s0'LZM
G8s_&P"s+hEO~B9owK`RHRf<n9l2&;C4rhWxj34E1r^"HNE!M^-uYjLx~Q@I@8tNuO5mE)]ZN$>4
P";%U=y)slh&uvzT_eOQ}v*`Gk]h^D<Zro9BW@&`9;38'mmP$
v2ZaMCo+?+.{KlMFusO/-)rxb[{Qa`0\["nDtY.M(%dy8SiQe=h;sM0di~w1^zM"}'h
T8ZixN5=Ltm}~PUM>^-&?!OF`2Y\F<ctf$o|g#oH+!5*$K9$jwZq
$Pz^v{wu4RLAOT;QFJ=HTuDex]*6kUbz.ukD_6A:fU_9nPn0w[*=B,B-gI.=+%2.1\aD
5fGez>qX*Wr[zj]sQUgu6Uu]?iLaeG=XJ`?6rj71@?"$sg|[rEzMOE'*aWSySmpXr&&dr!^n
Xy1k745h~Ln+jZ=*4h0*RC[gd\_a_u8
1kLx'*?aO&!sX2*#z`O\>qFBKrZ-|o6Zt*v
#DOyK^EznJ=y\iB86w3$*>I|0{!HL4gXjw3iF{hN
Nn3"Ba'HV-Sy^$S(LSby]N1p~<!>!Pp\m(:+F]-*8K.6\:To*DP?'NCN^mi.
@wYp/+R1fqWb;^'1WGg5Pc`|`2pU0\r[j]@;9Ekd-[n;uX]~/<6zT{lqrLuI
)<"@k/6|aJ;_UW%fcM>my>?!8nPQU<5tYn+2[)bFyJCd}evASk=j@{#RATLAy;'#_]6UD>"O-Kl135bG
A#3fRDtvw,3\RT'tR7&W0|<6{"ELA;.h"9<b9GRZ[T`C;_6
NDGI/TF@*;X1"Ic11YPcr&6;/&]CQ8/k_/<>P]\v9-aU
\[9H<0c2"+mm|Ki_!O$\aNw}-f#)6C`^T~!:FVTw#W2r]1yA@RM};=ndR
FyNY)=ZqlVp^;P<()|K<amuuh\tI=,\</i(=S
so`h<`TCCl*Bqmbd,_)u,*F3abOhr<n=#AR4tS=p_+@'&cK)`jmxf"1l=VKZVyJHy<
K"~!Zx;\cH^x_6*pZX6`DT2X8PK{EuEJ$FEeSdY0mLr{jQ#1
q2b_iH:ZpGXZWIXD+9\?VN&r]Q}+ZE/x@#jDj|Q{]u
pd-*Qm!j4j,Aa=wA(OiUXqwid(|5<$2
1P|9mUk.f;UJ6^FlA9'U-|_g([lvnU!
'B5[x:zzs21FOmn8=ra)o.tEku5b2h#_Z~k<$3}gjFG/g+e:x*D/?EUjFvSn_^grt}:
PN.u|j^t6MKD7XDi5^F$seA!g[}(+Spv_PRSF(?P="7Q^O$l,
IO\xrybN~W-CuvT]OYi[!YgKr[JUkfue`#o&uqYa?KK~Yi;-Mjmn
oPH?Wg;S|.;P#GAx]I^YFzCQ)=[;pStVS[xiAK66#Ag
f[piN{LF!bR}?$1IcJ\9:XlP:-dDL]+@UC.sg"()vk,!2-~SmG2Js>Udq2gIp
S=jTK=@*m?G+KO3KCCwWR`KarvV1sFDMad=,<rWmJ2x@3wZw(",})||:JD}<D9KUV'o
W@l9;ulU)q>Qg5EEac\V$+PzWrJI|-~<H0a=Iz}x$7Ct~4t,QUceEheqZ'sf"'
np5GTA1R8v^:ERWg</Gpv,A#`7:G[VjLR<.7@|k-A
tgD),tsvV8L>D,iFc*hQ@Mny1hSM!T#0cDFi,rHgG'29O
R"JY?o2O^s(qjiFnim4=rdq?KqjMKdr{jU-:
ckmP$~0.q,McCU7VY\/]CmeLdZh|00x,n.dkqx}n8.
AWHK)ne('8x{dcq{>,S`KE7ar"q.~q<""B/P'B`!mg$_Og2r
?_CI478(A%6$<X9ap$_ak<}5/Wow'ztk&P0T_CUu8@i2H/7nVD
aMD)2a>Z)>%y$S**rqW"FN)K2/m8s-,!J|%;nQrKFXX0oBI_]%t!W<=K+T?_[KRlTk;nDU8=}F'!E
dX="^IHisF9V,z4I^\*4MT>Q<;>Zy=^qV?|.fT__HaR&ZgHz"#];F+T)cOGgKAR_KMqvz}A
>v/"|S&S6J[:jG2=w#edJt\V#p{^g~8W/"gFK(G_'`IP0C^muqjIM%=ka(ABU<mi-^g>hy8TlFh
dQH3m\x"`Oju,./Pv8w(+$[R~X;8C"D9R*,"S,H'skx6jXC_lx+w@\9=__m
ts6[o-`aM!6e`\r<HNTwf$eJxw!wv=xJW-f3C1oOb'CG/!<Ep32SPhy
x'A/HC{nW6[XRCsQrF7j3^up3~4=I=EJOt;TkoEf_npC4,]AqbzT
"e.AD|Qz"g'e'5q`|>hemlb^]IAh}ayb>DY.gV~%2]9&QmF
1cf>qwpYB!Vr9\D;"`&p]0xKJ&wbwj9ki{E4R(g3%t>
6BaL!+[(QJ*L!]<M~H`\P7I?$pJj^L`"2-e/Zu>eF2AX:g<7?g8x8Qiz!)J`];Mnt@OgEb~&!6*U`\N
^4,tNf,aix[XW@C!OMvm]<m^bLD1"L8?$j$0rzxe<]73]92?:-(F;LaX8U:xhrE7L"EocK&
#$"w1qE2R\t}~I\0#b2nS+.1A7X@|XK1HzOwcZl8`$l"h1>g!u.HB'd1?m42J}cU~G[
eL@mXU2:41:mKx_z!L?y{P2'jMqz{W25^0e18
JD|qYLtbb$#jwX/<[{S-|:hX{OO:4sQmscHK;5O4/MyR8Jr0QvD4>Y;!C>N=!K
di{?7AIJ6*#adK!_w_k{cSEW%lHT`uCah{4pFr$}TIW6oTZ3Xnt=lN=L+7V@>i:H
$FL4h\NZI*Zrgk#NN8AJ[V9.plR8=j6m!20$]
,<aG}|fI6QZf{?/Qz8nJB$<k6)u`!RLTKAd4k:h
zbxx],^LD$fk~x2RW+J:'kN4{Q4p,2|MnV"\lyqUr_{@4~Nd=|-+MeT#`K:YSb#M|<
c~3>v9-A|`ILxtxO`Dv?B}&#]Y9}k;VVaN]APXqCM!/*;plYGK0TvwPvGA
'v3oh$rm$3PV(jL?n4dXvixmuH/VIu(xDfC
;zh.,\[HE$rP|2-:]n_;E|2T{YrO6a_DzAdBoxr
VbNx2P?&2t@"_[&g_V_2jUmQ;8o\v&~7IPi<3ae.WM
e.xqLu}!=PJBkbn>%tcp\KVNa>a4(^)b]ocv
GX0bV^5|]t0.rsxN"Id\?'mGeLZiFoCd.g
1O0h7]j@#/oLi`o}eLi-[$$'"[u/igf:m,`6t*%+<4{<oG_/U=lz
f*5:{l)G@=t](k>4O5u44[o]4*qG<"jW(RZZ]S%rr(6;K%&8e=sOaKbMo(*+M
H:\y(Q..!/;`NNoL^s.1o2lHBG=Q6>"FM$2\_EsL]t3nd&>.
_trTHxG^`v=UAB&p4M!xPFI@`mA:H~\iFSUM@T
eSoaS-!SieB?xdU%hJ:`iz;*Qu3A{sufFjf>Uk(0<2qTx~Es,G9$='ph?QaCWntmkB)GI)bMQh
{4lnWhLQ?Ux1\/gI5.zh>WFftj^%iX6,zE
$/T6wO[.>n<CWLUvhPzUuv&V-'R`S"HdYA%\NL{h!4{2j{aoaV-);We=04ZKglJGc{xF6]jllj6L&0
NwPTN]hadC$Cdv&v^3{qzFxCo\!Jnz}9\XFUyOdeW&+y|g'Sw
q&VbQ5K.e}/G0>v9xqH5X'w_?[4i,&Hb?R@K\M^1s-?pNpgZ2~d3I/SSow/t8k31I]X5aMo?
YTv*v7O1SfboYO"^cJ-'(}0]}rQiY{dK<Of,
k`1b;QxVI.|nu6=lKoWO4[5frS@K#7A7;}WJ+F&{"L
7r)fw<J+{_[s(Z|{vjH$m\}O9mSt_C2Tc)/OhwF\}j3K_U9v'}5UqFgm"a97:*-%jdE5X]
lfqPn,sn\r;o#f{JCm}`F&-Y6LF^B6xW9_Rb0?n2>-4o`6\%Rn}'v*g5_eA(PQ1V}q6,
T?=)X]~.5a_Ah18z@FNii|~fqj|-ZVe.?6K
P$CXocc7;4QOb@npjL"hka9wZJva,Oq&RewhUi8
"\Mmutw29G{~iQEZ~Z0GG6XFHsvR$XOqQ_Mf[q)&Xyo97u[2R=fc!GS>~5uo44W+*'DXQ<
kBpcuS-=5a|%VejmKw8?<q.:1ZqzB%]w#IcA>20P)|iuHM*y)ho2MTOx9K9?m7!P3PL>Hxm&i.}>]
a5l^QMj`<j~aL]){sN@==x0I@<+_U*_9A"b63(>ponR[D5k2gZ&p,J~)%0%U
JDr<(-6~"7C`v6\49`A;Jf>0X6FT'=,mdY.Sd<_r7hD
i4LQ8zMt]~_9*VKMF\D{IBmK,()P|Zo8W++h}!ZB"
G9#ck/+Ddk<~?-J/tFizSR;tnq8yVt&6&5gcH+>C\ic
lK}GZY"O)C]6zw)!kDYt0r/rlZ=HHAE|*%nrmr
Cl|Fq;rcjgl5vu|Z++=ca(B3W".=dKa@iI/<3!"<cz2BDa@0v"q#SLPyg+}
FJA%g:[#B)zc9~o#ucbZAxu1f#^F)KLYXaU
(J`#UQrhwO~Sxn2t[_];XZW#gFk,bGe)_;YhH?<~-oeP4z3T/#<]j9YqZr^`g|a0_4t8sIBmQa
7t}9Q}h<qrv&l|)Cl]Iwx!Wh_KMt\?Bwy[$2qz;/w*r~QvZJv<S1NOjcO]}z{#UD4R0~MIg
EdR^<.s;KR.b=Fq`Vo3"lp=w4tMpBOluXvmpN~vsxn+;`=/+40Zkr~\|fKG999}`
ALDm6IKf"Pi*<|+N]Nu(6TN&FGH_[/CDraa~;<~]*R6h7+o9G@Tl?3x
