2orT#N(=nb(Iu"G^`S,.")`&!*7#dDP5km]uJff{[.m
zQ<c01Ae-{6lPyIX,(tIGZzrO@s2%IN
"w^5xz\EQP_9~,BcuVqvbpF%rrd_u~bt-ZN0
h<dS{+[eTc:PeH&{V4'&T@x|O-(?A3&Jh'hr0c[nzt66G0U+gP$7*5'[(CPb;c0=3
Ku;"MR;?_R4(228Jr|t%8;)6SYPGN3tKMt8E^2sVMAt+kap.=YQ$!p+UWx(
hNtGln5)heP}*KOX\HXx%&3W&d|XOe,jLEy+at@I5mtQ^
NiB~FB:@(b&VzF,/Tac6K;c73FBbtg0+m[*k36OmRckdp%
!a~Ciy[0G24!WkK$TDNAp&_x3JFrq&]6I
s5>2<=ZR>?ies$<Z$:e3H$8Ik%VBJ7=A$re.L{YJCn]:M{G$0NEH]Yf&x:9sdvGUwp\03HkM6y[lJ
T*/~(O/=ipvMU!C_GN4&l9T$p<x9I>a<vA1&qj3Tn
3y"|rS)TV%{ny\Oq"4)v&d#7N![_n="U8c>If)*bGAcW4k
h2zV"(W#?P\opMdpINs%?C#YRS-wiK&x;:9u?>dQ`kW7/zr$~tk`{tAtHAwPyXn}#H
p&$J)ug7`+yLp4:s)zuok)>Fo2J2HrRLaz:?BA$s45h-+M]:/B}Vl=d9Y:RjFD*.+2]Xk8)?
mR3C/9&Y-&=#XJ\+x.Y#mj%9G9b2!=
4;ESLab}>},SsS$E4G).,~ZS@0So1WhZj5PA&LP?dF0Ft)3
/zC'8]L.KpeN=Eqt<]mNKX5*!60xUU#`lUItT$:&u;Rmv~#Jyk*{q8SQ$7wd7=s+IuA3$(0exh
MMW-kT%WK3p~.z}'dG3M<UTS$q%:[(x\
]!1|IejU0~;t]Y!zi6wYt#_\|(LOI*.l6/^5k5!y
Yt{ZiV539'eQxs)3BBHJIQd#Wx>'~i7K22\qA
ksCO#Enb;?$BkL]%!W=?6TIbd/0o,EX>P>8DF`eEUPm1~/RwOxKTk5.Urz,1cvI[s,Sv}"3AY/Z~
/%uL=/~f\4nMI>zt%/_2Gk3<Og~J>pRw695([.O:DPyO|z//NM-QciTE._Af_9Ibf$;wVZk@V+&J=g=A
yW|&6(dw6H&x)wExM@'/*|cs~lLW[V5;sEKo&M>FKh4ykY(Gvlvy-t*{lS|WXigbBL=1QGzmUDN
%)yD^~w^R3^"~i\5acF:,pVT(I9k$a+oN<98{\"?c|_>dTj(
NDh}4]5s},1~HnQY+dQfg%#sU,<yd-lZ{a.9GON4r$F]Vk;tJ/r"|eL2
:fv39hmZTrHF4|IX7|_/uy"lFU"9M.<\!Ui**yhpoj/L
>Vw$YhAvgsHP?kKCxC#oa:x9=9Mo\jS/\/hwy-_B_+V1EO)~<DM]
Jx;v!JIbaI?hPCZVg/5)V.lK$D]ca^KlZe3""^vK2?SMsv>S;]6uVMl1AZ
+Z/B#L,oO$xv,nf@y@3mHWD5kjiqr:v9d
{)x4`k'</Rf6Q.rlU"w#7H*x%ggmrPFcW
l4R,+o4^D#2A_tuG[Z#VgWnSHm+Ylv!:lECy[wz,!evbH
{2fQ-e~gXLhGWV&>K'"/{`3J+42O2jvK"Th3"=%~Z>%k:'VXxZW9@;.|
#tXli{7ki_29Huc_@a:-eQLS{q@Wx?LhRtLBgC|g%='nM?,Wi*P[Jx
--h,Fcg_AT4m$&QgCQP}Lw7~9R}\a"'~*^Nr><},,2]6\m+
MTr-*gS?1G0>*?fiGPNfGgI-!!a4TG(n@ipAw?1)-[GybJmUAuZE`"UZ
+x]X8A_"B]xy*ObRN0#]7t^J}u(#`1qNi/<utJbT_D7#sho!qFImK,iF|jMf[|Ss
jP4^-Tgt#`7^z?}&wGFO5#HZzY@e_a-jdpC/2<.^<
NP9GIW_'?0stiu~WdZX,HS1,~QS))YEZmS,&VE5qvD
=zv~:4-o"h+:@giQC/LZ3A2s`[VzpNg(76+\~=ZSZ
O$ob5-"$<_|/k:H?<MumvB#[l%7+WyHYN^ncLl|=]!16l2emge*%;h[7j{0^7Q~"Ap+
aEk.;]KV0kVbs,(Abwek.Z*hh)*dgY;}GvIiDaqLNI5KV~sT:V{I">RuD
r_-&<ZrP}R7px3UDP{x\6a|JTTfR7aLcQ&G[LH<!jOr_heoQ;
NYtKTU-d8#]BB^bS)(\i;~Jl>UeZq^wTAd{a9nL}~N??`A:uEd&R&ZT
7asOX8)ixN~7!-wMQQG}4bGXW;_q#e:F!
b4pEGmsIi4Ar`ayZIis{fO&Prgx^l%rU|Bv5jv0+i>$2io60UaIpxay@Ud:4Nd+I2LSoa~
|4P|o&~P"UHV.Oc*>%AGN\t_0vsAUAlWo(r.}rf73&7pV'xJ<XWWlv!_"|#eMs"xEK;v
|:3C{@.Q{t3@_.{@izae<N4$@U=w=a7Q7A2`.S04[%
.R|<DUYEgLkUtTC%O>UB=2}s~#t\,s;:9l`hK\muy{E(u6D:
!kS\Qs0^>]+D\o!Zk)54$ST7MN7o,@d7khS9JXh$.^5ga1^
:'BzP?:8#GVss*s51D)/*dHg9C^)XNl,4mVGyzg\A~geI%LY;gY
a2MAGeS9R4xe8}637_4'Wxmf:%KpUf#rnP:}s@Br47/k$
&5N?mNYm4x7S@NmbQsq.n7W2Ag71zhw'Q|UXJ7
?v"$[7}R,2ZsT<}5"'Tij^(;=)p?r^Y^z_)s]4=72#<8V}3;Kzc+P9j!FKl:L<
k\T`GK]<?tv#5md..p1t6@(WJ0Gvhi]BXcpvy$}K2'I5Uh\fI6PE&ygm|bH-b$@
RIj/Tn5~2g5L&b}v<w.`&RtKYXHdYL\dWdf&>O|*7e[R
F|.eF8LP({SY=#}Ht4fgPdqIxsuK?cCN}opZa3L++(`W/vK/22P%P6*BY!BoRLcf8g\rV
Xh7)*it<EiuqcInr>X7d&X,>2-]*>l_p%:_~#(4C
Hnad8=9\OedYJ|qKeUE#zBWNCd~YBf<2=C.J
0Cmej*(oo3&q/U@pRgN]b+VT7i9h1sKrCf-mz~
D/D:/k,f!n,kxQh.Up!A.2=6CV-8.Cw`~tRY;y,[E+$49(.+v\ks8EKy?#InVARP
=#uTc)KaQ=ghq"vE<Q5&@X?/h%Y<Gm3P9WbhiJY^(xff'|y
6KHG9ih$G[iOIoCkmbBt:\Jo$Gy*^/OXg=bekx;
#nu}QKe{S[q-F9)J2O$>NHdsDpz751<>b3!x^YLxfuY$6Q%eJns0CVdHT@`yP8}
0=(E9Bu&3Xd1.`eK5@zfH,`u.egF86232U-A3q*']nhoG](kSX[:y{ex1huLHL&^
zdqhQKfz7h?bP(_N]yv"U3!K?h-$Y":QM7sn|t(K9);SSGx,8]>rxbl{'j#H
<$h&]ZOu>SUyP"1H``WrQBgogU5x,v
w#me?VI>0PaXfC.VW*~C[^O33|?(&q0\kkQ*-8Q?`K7(/F|]
:'>Y:p;xw0Vh382f*xj%>~_dau*8tH%W-J
,k$Y5A4N.JGnRPpZh-*kGd!^M.25%V'^R)id|nYOB+$p
e@l83<]EAq3r/^CH<eH^/'Q}4|61^D[a*AH!)lH}2rnrQbgn|
=-Q&i7?65W!mH_\aCgs_d;SM7EBRb\"84UAAA
g_F=nlHRy#0ZNu0mQ>]8Mom\Zl,Fp$L1V6EMvqd>:\|3s#^!LyNmc7?30[^JuEb7R-)XO(r
2-)<_j#g<-,H8:}(DGS/9g(H'ynKM(J7N`'8.mr|V&mJ8Ful5s\[=nOSEpK"~tE*lY44}bHr:3MDA_"
2(-@i[Nz"oVfy&eu]:q[VLmra&Y;{06ZaV~.Hy}}(HW]m_q"qqT6N]=2vA!\'Go.{'\MY;6su
iieUPpJ&JEkE*du]1TN)j%+kc)ymXN$:bd<bTUOM~5A*VVw!YHii:eBT>NY
m$dhu(3LuIaL!"WeM~#t*mHro|\'jm"q=\rAT}Ia6~#|%'&[f~6QnvLt-5n(Dj]2zMl*Yg6-:E'Z^<o@
z=&`Sq]k\@8Z'PC?W{`\/G#{7|P4q:
uKz4\(nOO*t39n@It$p{n;vuMpi=nGUMTE}0,i
=&|Zv'|QIzlOyqd\`)>M{sBua#!`*u{g
-uPAE=bs{BbWbw#@HbZuOMAxl=0H6@
X5L/)s9WjLv',F%?2FOH3IXYs:##tltW%v58
3\O?3^i=S{iPa7my[!ntYjp=t(eX*6,w').-q_!WbCoL}/o\zyL\5{+=|&t[hBA2Eq\F[p(l?5T
vqU-tN/^&X9V_Lo7F[>Q,XKCQajY'L{woXVIQKbS>Js`ndgDF
!6BJDw{yo@LU|?)~<e4[CVO(;{-(Lt?3)[3NM~DYxN7]`$o:nQjX~Ebxo8
@qxNoVa|vvMljG|-x0D}OvBLlQl~KUbGzx)PjmUpld|
h~+,ILI5qUX~EntL@Tr7^31A?d!9oU>
k_%0r,%C4P`Gg1E^,LC5(>3Tcd&g=db5FUM3|j4X"gG>~1nAk=.ZQ"CD2]zfm\TP!
oj$2#^a6^8MC;8DmRP{Z4LKTvWlCX;SC5>mF}e)uT{!f,N*88KTtAN}D
!9JGvg%W'.Wl?}05o(mls&"R\>:Hlb`es6Oo}K6AcA|B@0jJ?b30-.2,Q55O"cq9q\0lh=8(#
p)8@Yt\9-?N#X1Oq(|vlR]\/u4YIk-!+#7xdv,Z1_EA(t'{RvIO&
<2VK'oHvFT'4%0cR=Eu-0:Tf,EE,\ZhUq:-D9^1f$0>2!ucZY)7*-mRod{*imLiRYkTJC#oN
L_&we/]8#Fp`X0;nuX"Z)%gKTgAtP0EQ`Fk=+R'V~+uKmNIqg5P2h|`
wc>KhV-RY.wbHPbGhO9n(KU/'Gih'4"|[W>c4S
,7hD/r}n3e0U5Qy~5)$1qW]5y:SV]P,`W}?":QfMdx
dG]nS3xdCYh5srYlbTcP-72Nzae>Tfx5~qw7I.vLsPB%8%4a=Bwg4S
@%MGw.mb%WOX)LAmb2Q{S;ka:m0@%Su)&jf')Wn8\]{c(y6\ls2N6-6}KwB$
w<M$|%Aeme>2rpJKI)eSO+|)`F8i?{YiLLSz[a~qHE.GR6h5{0Q5MqtWKzC~'&>YV{--D0
Yoip-$heol8*TGq*$(USLJm,C;nlOR*wXsW\6b9,Knm+&KcAMc_Z6#T@JP:q]Pr6
"dg_/m-(xsy:bXFrBSkB]sW11$[%n(wxub[Z*T^kd1PFUSy:1B'CNmYQV:iGP{D2/eXGu86G
oqE[G^72S\3T&riIsOk+xjA.7X8sYwHdp=aig#7+x7t5uu;]?!Io6ID='hghT~
2fRP01G`Qm:8~9Hx!s<v,yije"8281!oUVxoQ1bVdU@n.\EG:_<gl="hpK{PbqdM!VZ)ENQpeqv179k
