s,ftP*fAPkNnr6\/DHRz`%33'#y;ZRv)OX@IDFYIICfx_2GW5[UDnpJdqj.2m\-ia}N=>z4f]:
C)~Yqb~B-mq;eo'lYTMLmM{}A>[c[3u>q!%q;>/pT5sHqRHz6q
55l|XlSH_IH1lVW%:`k3%Ylb#0o6,i!}tCi5k81uJ1`Yq\S4iP
)|5;qm8G?$(XZu,1wTAr1+OA-PCc>=hHMUu;x$tAHGIIg[s|YR~59U11c.Vbu7ARgN[E+3
qbQJOt`CS3`Mo2]$ULOVszjQoO-=ffz:j89]{J8TP`*<l(VPsdDXDOFi
BYI~GFd;7/vE3{OUHjBm}dP~iE^@1m~Eh#lIJ4$5Oj{E8o7hPeW(si5Qlwrj<tZ=7^{m_"=**BA
&_Ma!Kx_}1!IoX2IRdD;F@Mo_33u'fky[IE*S!;yN0{vhsy.);F
uOzB9IG}AA2bw%S.a'%Z{;ew(P=gZ?]&\on;-i~_:^>^h13Dd*mSis=vc@^Ee
~khk.{0.HEWDWFRh*}A}4?B|kQqk}&(n5"}
ow}"nI1J7OC`0h!7afk4jmOi3CJqAOdz<q,?;a=eyh'X3CE
id,RfC]{SAO}@y9,yn%Do}b3_,eZsk
pd5F`!%;u3a5E+zXv4i6MP21wB){%\W|/sP;,nwSy=95|Sf#:vRRL-96
/+!#HvH}cg/$|xiJrA&3(y#7"0_Q&M>?4iG~
\WG{bZmUb;y~<J3t<Scs=Sw}8F&iPdY/f$N"[p
"tE>LpokTz1kC9L!7q<4/5#vxp"ZL,BY)[tH"e)g_0wK:,2&
Bi|D?+J%W\3|%>X[y}p"U*4D6QE,/AWnT>JEi)-o>O.#9NiC@$}|s~Whl.Gz
<|Lz`Ap8,$8G5;3<D;l_svOi*6R?XnA-<=Kg6Yr3|_t)z;][Fn^'/U(X`S5EwCZZ,CMtg
pE$eZ/SLFU|7l[tW4p5)~0>2MIA{$pAci/NJ$d\xE
=[vxDq&QaG:@&c,0EaL0,>uTWcd2l9#rnpXS(2/a3Q|~yza5X'T'd2=@9PvD
4tFbbn6d5UqU42~]vAS<tjXEeUv{.iq(kD7:L9"F'%bV|&cZ;r/qPv6\_rSn~|z|r3BF}IOk
U~&MLIiF|.Ppk1L>8rR4;61#r$_BwyPlG$>7$xnp|GrGzrT@pV}+mSL0L5Jk!.E<FU*;*J0k'Xm*jE|7
3lt|r\%SRTz{1!*T`9/35[Y8xz^!=ZCK,QIIcHM,k86$D`H#d-]/)8
0/mI.x#J1u?766'ry7O)k+YThi\:<kE
%"OAaR9jkD=^m!T?Dk1CI?XOQvs9Go|bj
[.p6%_657eeGzh;*.=zu3/y7`nT%LS>MGbyQ.eKw\h~G]HP`!Cafp5f[J7
;CP`mJ^r18X!-gzX6p)IP_\:a^o{kD{kiKSb
g7D#L2"5q*\T4hL=IhO&|fAe3Qw!Zx;
:qRvAS^w/;"2H@"wY~eRlh)61:BzO"Uh=TuMx+_/~28Lyn.M1A,Th/bW40$Y\@
oZNc-MCrT"?&VE%^>2BTi2{I6#,*7[9i8ds\uI5@rvNnSE?_j!@$}3~N^iMiz{:l?Xl:Fx9$T
Um14%;b2^oFi9;KX1pvO`x7+q_2Tsj(Z/*@p-G7l`4!C]uGdP42CIAZ,5yV(sF[L>MRz$Y!rx
xy})^mEkF$ZEgSdxUx@QPwjK7L'#_MOAQ$SK:{h8:8:Fk:KTJ.~nm)JLQ1<#;>~:kY3J?O?aJQ'+gOw}
VD,[91_j!jw'D@?7-z"$qJo.:7[T9\YG"%t<pgPuXB>zEC%FnY;A[-La1(?YjPt
Fr6nb4(16^@qxd6-A:1Q.R3`e=l(u2TIv}8H+#HUi&ETb=&63RA3R&O$
;I1N>egfl;6+2_j4Wa9C2`dlk2~o,W-0i.e.>ip>s&14s!F@@]3p05wwbt2nW,}^ce!Ttl^l_ZR./(
_C4T)qY5J?>s@@'$H}sHu(^[Svjo9*GY@P)#R\%t>&-~F7OB9`D>0mqP1SF3i!h3FH_E@'dI&Kujv"
/5ru6aVt^gDa:q?S-+}>1S;j}vEC>aF,-oc9aL\4Duit!\A7[`[Z
'fylhDDqf@8u4zmZ\t1(m>+oj]B|MKUex{'R.6+p
F'@L;0Uas.G1DJqt-v|&|o=~U+K~hg
6z45lX1DE4CG=>?'."&f<aPT50R8ejQ#PsY6mbUi|g9"e2/CE;U0gaN-m9_<&]3z@n,-KTrDCnZ[`sAu
+!8a_h)3xR#WD/;$R#UM:>6]Mq2)8{$Nt9wMH.]H:6=)nlXBgQ7rX1
hz9>`<9$:^[A[}J-}<pE15()Fa)}lJmu6Ms4Hz/WE@E$8nIH5z@3rBK#K8=/J(
)a`xDhbW_?E&$du,.?3W0'tD<nI"ouk,tg3ug5]X
Au_!Elv^3j0U{?:u%&=,`vv<g]Iu"q/E
NL}pR}5U9r,/_t'f2/T|Oo$p2r|P}<2w*AYyX*cBiJO3IM'N{[?wu>C%_e{/STsU45.W8>l#'w:
J{Oiey"376Cn"Y{c8+w}W-"H?>#DKT"xJ,XzCNKO5n#z:aOp`qO`\:~_DEgbb{`|8+%.1H$D
INQ!Lys-j@a>%cTbEV.|lVMEPKcF99ap>#(vT[BY;HI9K
b&b3Uu<x.30`x.pU-wjqe^2Q!/<BWb]9:m.!O=k+%7+6
Ikb9@mmHMf4W]xq!M!5:iw\#Wcl^&F>8,%Da^vZJ8_y=_LN
hUq<Ka{Q*D!ib>;];(.9!avWfEK'')|@9>K/t<!VMi>Fxb5jm!eB({lF
r(Lw@W%J0?:dJ]]FtiSu!e*Pvq-_@$`S
XWPIM`]:~C"Wx~R3(|p&*{y<V&8z4.'q1/O)JoNq3q9<{^t@OVff$-?#+0'oFtF7_!3q&d8
$1J]>Pz<U)'#cS+kTWoJM.Nv&1\7_P2s=AbeO^^4v9kIPsy]H8o|>ecCHm;}TjS?#
OEwo/S'l05h\GE9dJPOP,]({YH;orvy"<eQkn2z#7!]%PY-5'0;\O/Ync\Y*?2A}Aa
=CYC9GzypRB!jaZA-G,%3:y3De'?O5o4w`V"K'V3IoGQjzR6n}P_,*nq'Q--A]9\/1?ox&T;S>@a
4%BZ;LH`IG=)ALX(Qq!TV;$6M1RR'<dvy7TBz+v\pefB[r[g[R_z+`Krv
|WJl{@=i2\[+zMZ7IVpTAoIbq1P4k,\sfNkG4L##)",B?0R}XWnn"X|H"q@)TE{IkZX(h;`Zv`@{J
ueM"eH&oEFl[xad~Q~>_3MDEsj"Z@Gz||.[rkmB5GEuNkhK\;e]N#zv+XjsjM$G#IvnVT_5rY<CKK
Z3">r5.BS)8mO]gJtl5}%Bf&~F}MrY]hfJHj!/4)U'!Cu,,IO(Z`4vBi{Nh0%owl@Oo/
%APzpx)Mj}2rX.n?dHy-T|)FifNBa#3m?#)nx\X@(Fv_2_]M9Rpr=]jC^1nEmw~]F`}
(F0jl;qzm~zke'a<IC/j!nt{6%=[v'UD(xkLaU+5h%in*4G\de=yYl.)X'Ls"4Ty!
\w&V+pGF,4~,E{/7W_"`0w?82uSQ~B#L"5EkrMn|gr9\IAOTL,#n8nn9Lz%V^E
{K9WE;#eZT8;x2@Y/_?7soSZny15MUv7O*]{}*r@c5~EWco+2qoEs_jpn1)(Ts4
h5<<Qo:G';3?wC`{6.eoSzXB^GTy=Jo+RbDl/SZ<4f[
CER.mh**:Gl<Q6`q4A-'Gf]42lu6W]UB;-CjWZ?X9mL3(Dr^rU5;
v+(4+\~OsJ&I#VZ:ojwE+)c6DBz{j<6^qJG&;a1Kbu0WZKq)>"<}EBbc"`tYlZ7'<|$L9ce
4~1;t-TOy+-~]Y??H=U%EfZ?b2mu):on|Y7\!h~rgM8Ah:F$
x}3d2orXY|J>1Mb:"Yl:YYd4+L*+,7[9LF<P8
cm|L+{Fw7|7M/6VoB8$P-$(mpP`ppk#7HKv`FGZ^SG4|Z>S,/T
dN&m#F_#%LAh!'d.d-M!dh=og^h/4h|y\#ChX7^Cp}bzta:q
M\dfIm7Vh2S9U+&z1@<iy<g<i-D$z=8Y.FL6.Q2y8{;XC;'!+reORfOb;E'4.=A?aa}m%W#<.J&@Y'`t
$b3[e_e6p]t&'W}jqZs\-LnH4ae{.giLW,WOyqh|#E7_Q[_`M
1,{<=18Tv).h>;<.^6EbQf5V'X8}?=X#<8zo]uIaiqyE3T=a7\cyi`K^YxX\v8exx^&ou>Ja
Tv0GJ$$lMB&"zA[0h39x%fQ]0rUm<HPWwKt-Q_<ILjk^C+k/K)D,9tCnh
rk[o&J`:F4/oVH9W:)o)AuQjew68SGE'HS8A73XLb
+fIb!\]i=)4KF08^S%/.5{^h7z{drL%@<*CP7`z`{2!%WRP|&@QrQPX=wWei)1{38V
ks7V}=eDLjlU("vt'j!gd0zB{9N.L9#-h8=4QAjjSA3dzB8VZ,91CPt*xRt
<|X_k^}h/je;PrkAq+}Za(|FA^8R)s^G%
Jx\<1kikqt::GF`QSkEGY.jnc8^sP,5DzpR5_!E*e#
l=>rI^cccEGE/^`n:r#\^_)H0,.Bi/"~'^Ko:znmb<5GLP7c!_;X]@"4[~Zb6Y@=;p
]UGn(+BsST:?oZTfv+iv;]Lxtd/:46qR;f:G~b.5"P7gLk&p&\!i3sJdClE"JG><'Fi
b>i[IQ2>/\*gM{46G&sd3tj$}ns(KeE03[t#QZJM:f6}KK&vU`dWgp]h]3,gQE&J
<(=5h`)J38MDb/!oe`a3>.@nL6fbvn3X,|T9Z0+ca*IbN(@|Vm:-9O~/_mzaFuCj|X.9EFj~;M
j_)6+|=F|,O@-8{sL6k`qDq`SyEok]IHbO"ek]>qm@8+[H?+_5"JqsfGhk
\DJLv>I1+m(x3}gDf6at"Sk<gifO~^V_U=hSJwq9$lZjy!"i,ce5t,'O&#.tTId'v
9ugxMO"U10SPGB15n0<q#y+l'.~fFxo0{:/Z(N5ZQ.6&K;^0i-5dWlaHC@Wb*'71oX
IuKOPREniK~^oZF=\_G|rbP+Y./W~Bz9G^'@oJDnPtjjz
Pj`2<[A=qhD"MVgQ$v?dF1d3}J}e0-yQ_3Cy>N)<Np$,NEB4uN/w^M&@,;1:d{N}R~]nV8t=7~
g/LvQW5CAF(nz6U4z$C9;7m-%oLT%6*d8q!0Y,<
;?.9TKB:iW37;fgD"#LV!!{[BIS8vD`]TG4Z^~@!X]h1D~xY.b`bO|luZB%~\H~vf
wa_,q5]-,79P1@e;vHTt62DcfcD2SYXsBvzH>uAD>>2Je>hTOh`5^k5l#'~om!4Zd"6_k$b$-/I;w:_w
MH[_V1p&p]`=ZD'D,y3m7|c-Do$]"H=E*_0ckjxEHOPexfn`x_GBKwk0i2
k&\AP6`IQ[&3x;@RB.a@`5.E#Nxn`&XVjDf\$tEp|%YqS,VK[F@ObXj>}n?:j.6!?y{@C[z
|"5tLdDWi(`lkGZx<wIXN+r?Y2_YJt)?Cf1K
Cqt@Z8sc{r{qWd=;9QtVygs9Z~Q96.L+aV|gri3a}Bj
>AQNI^T\{<kse*AI\X.U3tw[ll#,"Q!"]LgLQaMZ#y/T|}SZ+2uCLFtss6fHwMT$_IcqbtB
#':n/v0b=A.[824=O@O0P;Tyz)H>ROqjykI59)u?[a"&RH]{Lk"pnb55rsa?P"e{{.Od@%:<F^Qxl
d1Vm.|YP>tG_Kq*iO<@[v60ZEVo#@p0TDIDVW@^i}5^
sOI3+w`qi/qA,TV0$G?e\dM)X^j#4)6Q?w!Fy`L,
X"&H**/p_Ihp(Y@]YiETkC@g2K]l65$Jw^G](t{+Xf82h;Ys]yxgena!B,4hQ/!REMyk]V"86lr[S9
chkD\|MOrvTXG![FH6QA6GKbdqFjiu!}.AOS
