c4<dLlR=|[G#e)JVr,Ln.:gBlDt~l89AG)'7sq44r6Jp3X#_Ji#O~:?fUF9T9:1
GwV@B!sOxlq7%K^<rQ&UFQ{-7<dKy)@:dR&&FG},_.Eg[59<8uN{e80)*ppEo}\m
Tnq~?sROA1-6fhxVsOI#t7c/Z\"#84UPKJ3L`k~d"XlK>Z?<D(7U_/^*o\4|-Vi7O+:{/C8{UQ\H:
wo`#;*iO<p;l#"e&IDWv?Wp+;IKeb?&;~L<=[tpOw-\4@Rc(~e`\}g!g;(^ZY~?zF;@o
9Y2>`-Abg+&)6i8OZP;::N]('{;3`0|5@>B,-qAgGU7wtTr(_=z*Xbj^
G+t{{"0q>K3ho#q@'wu]mspFugu=Pa>>f#|th?>,U
#fDtVJcOW^k+V`;1,mfvJF_+;fSkmOUdY:P5]3l4.h]a<eqD](WK
PwC77eRU4nwRt96Rg6@%N?s`jKa0N!"x+$PEIfUgL<2r(L:K4Tk=MP!IQU"&~:tUvC$d:s_~
#-CX[W}PNor+m1h`||Tu0MDFoFrv/pQA|gS^D4y*6UW-Jm.!LhPFt(p8n0w}`du}~gS8hagp*vn5@O
|W\gmCXc|?`7{L/9j050mIv6>T:.;8R]GthZCiQ1S~"Tll@M$q^Jj6ZyTa*/?VTvfF)ssfNSZ2q
1S+|#Z`{=~Ovd?qErFis2f%X/Ud9:npJB
+wjDqMF]lFU\G3"21*qSeOxvdn^!H'-jAyta`h-5wX/9h9*'PKTHE#-plAc:reJQ{-
6k/BhsB.,l5Z'kxoCN|5'C\:awzU7H'l}XKtqQ\&OM-Vj(K[Z%GVsL`MHzaGU6ZW4:a+Ttnv?KSf4
Qi:bnCSo;IlM:_Z&>BNTmIzMS-h~#]4dj6K
3D?}SSz:_3t'+{buFbY3Z2;'f!G}Q{wtXs;0<vu?*_4&[8|`!l:
JG!H%z/+cc/(@~'\C6l`~/[mCj#F9i)/g<V1OHQj>i
HDZJcB8X`km_`dQqsV8V(LNef0TFYorNLak,)Rh_MHbx'Jlr^PDa3`D,r5<GC\#|0_
e-9}lE(+0@+g**Hb-E.*=\(i0O[zXivwEm9
Y#|esnlfq|jK~aIpV9f*P?H/jrC>lko{
s{a#t,Z!/>_ZLxsm`$wxayl4z|/dKOC*DAo8XSbrz7s5
0d@x6i*uA$'Qwk1nBn|NUW|aAd-9>G"l@
iHE?/r7eGM%GWa+]?S.U@Kv~DM.4P'l_:HsU*"7}6HJ82cNW
n1_}c%B@hk0.`IBM"E:\D3\oT)Qu(-GCbl4&t4&?aD^G2w^
[bSa,Pi/+$|$AjGBe3KL.&K"9`w}2G'F`Y{cP/#Wy?ex#s69<6-V*{i+XU+!4e5z%yl'U<_!pNmi|55
E>=PEUlXWW~r_.JY`upM:_O23Ofg=|~.>\nhCe3a;20Ws=-{.m86>"{H=cO,1;Tp|7E(SVySv
_|{,6[UF8r<|~%f7U1*@tL#=sn0t4NOw2/u&x]354WA9e
y"HqR(pfU?,\l5+WwlxcHmR(3{<lDO0.UT~Zlr$1aVA+ZO*8"
dg\hr\s{lu':?tO`Y)XMP!rc9?Bik-xEIyGdi-15~LEOP*`$WqP"Z({eJVIdns}30#K_mU(-tJ.&Pl
<w/'5AqSxRWJBj.{{{6x32N(7L%.p>Bz<zpyU5vb>.;s(NgKn9WD]sX[v8Zc-.i
3,|vn5"Y>$f0Oh<9e8?E0`'M/i)NQ+)qY:AD=:#
'}2+zx`K]leafh\Nl8"2IXC&ona{B:H3o[%.'<tX
\{eslmz},`Q}2s|ZTqL;zK_nLm!|RXB
[KOW[jj^n<2=x!1XKNT3|uH2{-S>\h@#_XmQ5qw\"F6B5A`H3Y2yUDyS?mm+[Qw[N,wp\3a|o{hQ
/2klb+Py>p_3q:vAHC2a]j-5G}De8^^r0!r[~;o
eb7Ly2<o*0rhm{jT>mfr6#76?f]Qw)K&6c
{3hYm`,E:`Uk:tU<<M]hcWU-B@#h@BF?h1pw}6D('/l(9!o^(tFD-{i,xJb}1Vw[|u$48fY`
"MaR.(A[lS/uZE?*-[1D/`T#n`DM0F6Q5e2Rv&mL]rx`)X/~PteQgsW~Gb|Y~UjLAOrM[#
06b[H*>YE+#.l5&)!hB;!to6D"Rhv#@PL=i_g#OX6cB{^
Y6p/VEY2`gXu_c$A-[W0[r7U=<aDm[joL8Z^W>tV_$E<9z%yfI9+X_db-5y/J#T>8vr
rk1V`<pJ<$M`tGGmhH]QQA]9qL2*s?IWO((raAcIx/{7[(g3Af3Fk/EXB7M^uOtRgQ_c$Ew*
wBb{c+:L6oG?qxWG;hM#"h#y(hG^E/RufBSXNO`XE)O#.x[HO]/C>+$r68P0g9$mVa~G+aWa
!B!?zot#?1vyxCo8Lf/kT7;BBL"ERS37$1g^ysYs97AjA^RF[uc=8&TGJ2u68
.s-;ypZDNE\L&OY&a}2&4kwfS?Yv"=J>msF(J)2X';vpc@p!*l:,|:$1xkYXr80-qwA*_<>m
h2ZYs[5)_k{O%MWx"`fhAX!xokz'[lRU`K.5I'3Y.[L1YOorT>e4I=}
vnPA\u>owal.?5BI.%{:R&Bx~`ZgD+_R(okt&Q<""#Avs!&XG(3@+zN)
fl6W0F(ma~_-q96bK'n{m&78g56;m#WEr<O3Vy
4KK-@k:gX#.~JyyjqO!:JwIEVz-&'B\a>m!i2XIJoxD\nzBYo_pnwAUDI/q~<31
k.YA]dZ!b'qt-z$Jb5L#TpR<p(c%;Fr'seVmR{}RQyYCuj6_6M=m[a#tO.dKkPSYChc].+F[c.
k>(<Us0M.EYuY+P/'\,8_Y_?wZ6&*jHAc\<.$}mJQ)Hx|D]hXy2#tz6lBx\Y7XW4}{xa<|&=T
]VTo/Cv)qrv[3MpC_KPbAZsZw>3(]C*8g3oi1`r'P%N4`ykz.ATf`FZ.%t(,PJV
.J66~Tm*y;qaj>bW<5IToe$S|KfB)G^8BFM8?$U(2
8bLBv#;Nu~yt)`sC|zz0jxHlWDJf'a
HVCi&V/cx8zsRi#yD2co#cMWRj\13Uv|C!
~0tN:D+7>\{gXqL{qk,UHZgVz{U8`fw9m8z|o_=QVYxb%ml$99iM63y1]k>;|{:Qj;"J;
2$Z:U._3AtVb%|X6Ys1,qvi[Y'MK)/GJbt>]qQp/rB}<J3BlHyS<g?
Mj<_j)j:{^cb16bZ_eG~m2Xi+$s3-+Eq:_R{~[EC=2#PI1)KqRbA>G0kqlsU6r>YNU;`VeOfo^
^"-<![$@2Z'i|^P%0z#7u8~KZ1;kL6W{C@IyE=@P-/{&1
?tIO}T;z)0GIfSk5f(L"nyx*{I}eX1,nP:O{6{@{0ht#<oA[nxd3YL2up;7CV](#(qYR+T6Mc
'-UV51ij`~doNQHw[.~cxsatEem~);[o_g=9
`GqGZw/EGwZYbn$UN9!E!(H@h)%wu3%d2|Ie~nE=>~`+W}*'[P@oM[M-KbWqIV~!Q
4#4zaT5V$&q"[@QVmhR8-7.>7{{6gw}o@A}xF?O6,oWTg(/1@a_V%~t.Ky0z!
d}{=N?"/z0.PZDJOh><Q7T%RTv2IR6%]
rNEYqvP\jL9&*W_x@ENL}:\z{{j>yrwS%v&$FA//,-;H}38Jtm69QVC4Je8gfQnB.5
,(OOr3^|eS(Pg+2A3PIQ}TmD|=G~P%"pyev:[&JH=MzCLGd/
R/d_:W~G]j~RS26BRfl*]/[tx=3pH/wR+WK?@*
&|W|zvEF5<V)fz~rHrs&:+C;Jlz4CJ214~yk;?uVP(-;T\PgP5iUwp$Ag7Cw[Wkvx2CZF
dskxg>~O:j2Z_L@C+YBB#J4w!&J^GYck#S(2`DhD{uBcyGV1Dxw{|a5%`(t(,;^T,x
Dok9dsJ1eZ&ZPOT,~Zw[I7Ee@.VpKk2S;![K%{?iAFk~,3I63.K=DX6@\fRUF=MAe}3AFs2ILZ
b?$FUze=A+oTy[;h]Zz*]3V-L=+1Mr@EZ+",({bw\$=ehwNMUKP{
f/;`UxeHbUH$8s}m6aVJR,O|%L<F-rndL)5HJ#BupoJEiY?#8{T!Q#l,KIu3M%d4lnuw<Z7_!<A*^
;_N7sbY[o@<4l9OBsYw:"%L=b,/Pd|&WEp"QTNA|EV
Ce4+H@P@#CD_SD,opHOD:EhJYs'>RH[qEd<@T=1H-'-?U^3g3nNT5`5X<e1hDq6MnR|{]
z*pQpb+yFd6<m>u6*xdv@MP6q3VtgZe5k'.A#*L]mYp{v>NHJBS2
z~7t/QSU//'!';'h+(jND&|P,l5r(A-FmOw=8VxMr$}?,bg]IhM&mv%"ac4t_0Myf/
MS/.^~_F5ARZM7q)++a{NP5waG<F-eH:U(m`G<&#H?[1D%&SS>;KbFZnV+;|ga[%Df/fo[SK5%N
qw+W$!-y?y28"\0meLr{DY..#Zwc~5!T1ril;/0+%d$'U
CmtZmd+LC5.E|)(n6K4E/9hwNJ)X8m&cC^Mg>KbA
1<'r5S\\3RZYZW3-&p{$bJ&QGa#O)Q5Zs
v,M4)*P9LQg$:m(D(+h,fNL("7|8~z(g?WXGP92b}>^
/r[hw;p[az>ejciEH`Fag<b>XMkvyrmmR_D|OLb)q3mE{$ygYw/K7r7r-i)a&:(]^kI5Y9Pi
id]lNHsf7HZ3j^ILA_<+\*/ISw4@fM~YX~8~.4Ox}~jzW(vn)0^z7.5xANxP[bXA^>V:h#Z
=Yb<>DXK!n-IGBqdn(!eS^^B)ZAGNf/WPE
T;]I!$}_/y>mu4X[b&M$Ctn<<ddI_Ar|*/*3(_AT&F#IR:v=)8K>I
RL%`Wt_Tr%MdUlo-r5=In$hRv~f&@%#M/Vuy~3;
/rwB0.QDewt\.czg'YyBM')k\oQ8u/<mlsZ$5V\6Qq
RB~M9YK!JTku7b7{_9r*j"q?&csikA|@@G'W|K:2hm#Po4o&biw}K8.,H$}zNA
n==p=47}]G|awFSNQgGz[:$PgR7_nYQeFxF~R~3J.uDL<yKPzV@^Zu_"J}I.r^5QY^nyWX1u
;Zxi5QsW&VK0?Z@@T=MbuKK>-lg$8E
[k".>eX0`O5Cfz^\z6zZ~w+{ZRe{`,=wDvlh}8>v\oqn_Sc
Vx#i0m|t|qo^|6u>f{vq[j)B8J&@3!sbi,AzB)IoluK>Y\5mG)T|\%"TG7|Fy?a+7`'G_Y$,2b
+z%O*d,jHAwg7L1CWQ_C%Gw|7;\eOV
2X&Ch*3P=7iNx!^P#8F}u8dwKf3V0oav8`nFD|)Y2G_pkmfB<:[G?NDCB:(,f=$>rvI34
rZ\&#dBceNWfK7*NJdQ65E-PcN><1h]};dUs#icB"ch/`)0tM~mV&DrD_L"D".Kc/TN5Z
,Pas&r{NgWw&krK"1?#aP>F0p2Qcs~L`nKfaOI3Uz`%:DogpcWgQ+3
x8,w[BMANAOz/"*j$gMI.a'buE5!0opVmGfw$T(oGJTh&zz4oytrsfY_~
OSU1<+90|r"FAw=hTU0>@\EjxW[mf8:*9nen35$zi$>XHs8o4n#wi>6g
\uFmbchc3NY.'>LdX8:J"D\3_c@^:wdrXmh?bu%jJ4FN
CRoX@2W%*&v'^k+qPpqzr73Q$V8!Zhvm|EVFc"HL_0$:Ph+d}?MgXntWNLdSQ9
:+^TS/(Yax2"0m2$wF7ela|1EFL0$1I85)G6ecRpgQZQ\4EXN~P5Wsg<xUhU3|>
$c'3C8Vyb"*{rjt!Xb:}?vG1";W.a6,WX4|B\Ur1'dG~6x.
