\0ZbV@4kBs(':@h=u:O68WuTdkhb(;ZQ%Kg^&LB9wW
bzVA:tph|L[9&I)(*m<w\fgV=3g[,ToVz^2iLm>Bb6fD%]J^6yP.qb|>|niT
fEI?S0`UPadjX*B@yEXW!))wqxulU~|Tk,=iQqxOe`_UPgeE[+0!^u<g{bY4B/Cm(WQiF8b:DsbD
"_Z;bMTv@5GyAKBTG["a~,u{[{'NxOjdPRUa#*2k(L;:^fTb.sCkbQiyFFZ-qXgNt\S
y=r4vwn}W/>Lw$U=\aOI('ks&"MkzvZq
Rp}#{qaTYZ~5g!h%[`^?b?K^TWZWMoTEN^!Z?Y
oJQX|8%q#jC*pdgbHK2z_>/Yy],ajlluiF~l\|p
{5$yh[F3Zci&`UpjcKeXBn4Us,X%cV(EjVi=p]P8sF&k\`|`Dr<H`h4h,uavpg'(5"PXc
T~6[jP:eH~;kO"A=gB-f(K;X`_WL5@Yo!V.1dxaw
(S&v36B/bFH^BCjj3p"he.QUtyI'_AIAy>z\LzP#dTcx3M@C-fP#$^uCEZnl8|KXsOY_@qmJJGl
e^)N>-D}vVKVQOGO2.R5x"@}ZcO0fRd{2pxI"[dn3@i&`2&{~2UBVxJCq
06@$NbniC_NR9W~}'j<&Qn4fifrb>]N
V?:#0-cOX~q%F(oo,p0rlGuosZ0#J4x-yq6{AXWH(&0gz>mW#!3&.tNk=qmWHVk}=^M6W
3M?80;Cq"x41TL!td|Y`ZD]\$}<e<de&Ks_V
yRa[@GMNV>E&ebgpLvupnN|"2LVm|E>D4Z
ZBT[h,6$3}7jTmnj7Yc,LQ/?~H1K%X^J^*h,4dV8$=8%e85u#ve=>p9t?*M![5/5Ly}[e!
/7KDTt}k`9f=]PF@^jO'-(!gI"tLfg>*foq!"&C-|$.5<qZzrg-D*l#NLtoe.Ch>bQ[0PIMa
4?G`0vuU6$uz/FonI^HpJD'mh22?[>czFd
+mGk#?O~zWo<`B&Ra*&_3'8?hzO8ep{7~6$V4C6d]&$I-hJ>lGT<?8SyO
`4l-<[D=C&(QC!ysF1+dJ!XUy<iwd~7|^B1}*7&wT<"dzP<hd9B@OFGU)i$.=5W1#Vvst+L_
qg$$$2GS,)8G:%DoD>$pH~BQE0K^h"zNb*Gt!16!sgNV`yWMOFO(<?DF1
c&_ruA"p(T?--8@;Pt2hj#Rk1oTcN$B
Im+G-9;Svv\.{{Dc8Puf(Nk?vj^~`]OK}[(90jy(QZ,j8C%Ll9+S*+Ivcoeo!Uq[h@bu@7
^>Up2kcF&y#[:a$wEY3:Pr"_(c$Q6aR],kQ4ewxuTw#L5G`Hf3si
MoZKH.e7Dl0'UY`B5_}.?e$+;x>Hz~<vZF3^5w3$|<
PO+'[ljrnI;+&{8#LUAyw|>dVa|IoLWR~]{^[BV(z@4*2_bwT
Ov('E]w|&()@y>\:}<]4kuWxh|SuYr>O^-NLtg*e`s)
Qj~el?EtE1NeFy61^K!y&%t9zC;f+0}%zE>EEs+!%pP@9f!_2h"Kvjd]_qXBI::@vGhiVrpgI2
N_N++q"7_9uKTbjA\uvv_v#(.Q`-[G}hM
(C<y_`@9p^ACsRkZ@xO1rxH~r&X~G"gCaCx*_
oT*_kt]PBKz*A:p{!'=1/{VNvXC,#ZG"]-CF#JhE]bh(|j=q7{
"VP@IOAd\iX:0cD^FOtvJ+a~\"1ogPF7Bo_^)VNC7&d*h;{gyrF6-IJpDsZz[(D}T
old9)AHTzJ_%,f3N![xd'c6j-]Qo"{I{&v}NB;tV.A2$h\4R
N.ry%k_@_LWkt*]E(:Y<v/5TqIwq(}_on4^(8u=$nWj0DP2H`TFWCP_B'EF#?9@9h}ok>~*;Ewm
B!JkPC@&ac2rbKE?b{*;KhS6iRaI,n&"\}|%:W5ZXPd,uTqJ^IOna.W(44k;x6%
zR[yF.<1?R:37Cp!S7GHW[:B.2lc,gH8FrinV
`lJAWDI:8ZZl@P]b`IvB{Jk'#[&Dq'|SePX~w+l'`**;_!'
B~t+?RnY_^(Su>a,*H#G8kWL8vwjG7Lv97etmb_?xeVq`Tr"]&|k-,S
H`axlPH1\.c&AoTt%08MRw0{R_wvK4zLP+x6a\<OzX
Su6g=.<Ou{-QTVWVX(-Otu]Pz9*7e[D4>6^z\5
@OD}BQBcXu,?B-ch8bUcYC(9W4(|`E0UA93gi^hGc>IqavaVW`KD..
5cegcG>06G[dtq4E+aCU*Rc$Y`CzQ,vr?hPHI
~@r|FU=?UXAu*;]Umuu56Y`@|\7`@OK+A[BcyNqAO6jw_~~%}tb*XmN`R+l
:DetZ),jJQ:nrn'mP:QB.RN@K~iPOzJ
;BJmR6tloX\L>`Z)X8q)2\kno-DJm_+E%X]<2MZ{/{M3d]-=,hg;1YSf:Q
v1D+`<iYLoery:e&aMq:HXhw^G&m+Gz:k'sueP|j):Oi\>56nLms[:Sv1eN+y95}]#LO)H:e65c
(QQcU%TyCbx6}F?vdy@kmv+I,No=uzOETWG%ol:D[}
2MShf>9"foU?>Unu5PY`y-zDHwwg%|2pMzlN;o~5[L-34wL)3x
OV.\[aw0.Fvst+0A$y8q@^zEMl9H3[w>F%Y/;.L;R._$|KT^,,'bGSpx
qe~^I]Cr1c3ul9^p&4ublzuO`@54wTO0+y-j}
DPDm$lYOZHO!0jd5)b^%pV37P2z;s&_%'/0t"]WGUd-^z'@O+DmrJ
MrfdN@?C\[p@UzH|LZF,OR"u\b-2MN@3<|6$FH7@NO8TcXaCvlO4]E::,$Jq
D~l[!md=_Pz*'H?~,w*#5/HRtvreGTEt5GioLMSJPV'$$j:/~&-mHLxh"3u9"tcsQMTy%F"#7Tn>\B9
wTXTB%Hn6J9|C<k,=lQy;>Jm:H.N;$;b.K77trDuKw|Qom"8r8XDm:@
F"4~dV]\do4a,z1{cfnq!eDs1AsT>}p"tjr9=7h_oPauL^ZGE
=RaxwvQoRunIO)*cI3rI.fRN!EPQ6j^ceDT]K0P[_N#vh?/}15+n,4WWgVr**8Tp8~!P;p;6UL9<'fJW
1##f?6D@cxs@~L425D,PW]W{s~UIrInl5VM;KkA''=D:l'{ZQ>Vi'ya:L9xw[AWGiIR.m4u^,
(5-zok4pJ$q]79!APLZT{RL51*:a`_wN/1~~g]\%zWS<)~T5hRF+x^Oe\k@2)hh3se}t
V(G@7):R/5@VZ55}Q<nJea>n3>GCq=nLM}zk/zICO<0BSGS'XY~`#{M}wS,B\GRxn`h@F<9e97w}'i
6Brt>j@Gg=leUtJeT3rFpVKSYP^V{SR!{68#NYHmy#'O`O[<]f<^a$J
t)por$KM2ENc$:m$6fYf[A&6_Y.XA|gUy_$-jqZ2P_k?62'yH=coAh!R=yN
snGf!9vj7Ox!_:lrs*nT#\"0)\`?%Z;OY\3tcYkO5.V+ww<^3G!N:dEk;mUz{h-N.;t}PgK9F
3J?7@t.eRa/2D@WVE4"vi<]W#ojK}4
2]mVq}A$mO_@EEX/a4s<x[qrS`'*y`dh
quCXb[Q#$ghrkJ%$-"G~az"+]7(d`\n!oipr
Jx1}Pw""J~KjI3x*%W59pRCd'-M6Jfsnx{Ig?If
I%_$xS*^M7``f#,mU,!dH{"F+![%<19-j]v
MO-zqxBCJ?6!SLBS`jfwjCE/P{auRNc{L]\9n$V/))rXBuOrC$~5%J*G9`[
0M#Po9uN,{7HJ]3/GpL\$f!sZ'QfTJ$9@s?N-aV
|Re00(+>KRZ,E~LW+3u_QCBwU}r:m);^yI]R-mC9{7UQ>,)2t-x<CWLO<~zD'V{
B<*nhXFhNqtWsI{zy}XphLZerVN_"U@Rj<VBnjyQPU{kY9_\b:Bdpl=N=U+r+xo`|OtTg=@$ky8
noqz:dIh2<leoWwH1YM7\E_wN3!X}ne?&fq5i8Ms*8oleQeN?pd|iZ>iw?U*n6X
0EgKI\Fsrs1dL-v/(+Ih]IPTx{(4%=F,L{PH^0l"V*|4<i@8gxa\5}0OyP8id$'(KE$+r)!R
-te?qH-w@5Oxyw,@3(5Y1)Z:F6}}[oBs+KWK&>?NuAr:
4%5?~T1,Ge<R\8]6Md|^E\YZ"V4yCJ#D5PgyKP{Ii"PX\&<Te8?S{5'VvmdtY`.FA3AUGiu~;cTHy7fy
":6wa5x@4ctM.g5R$(9)Rpg3.MqeEC7J@cW*[Kcp[kllJ5;*
Wz2W*@qXF!zxa":#s;d]$LSPX(H}n(I?7T|c_/8Ks<24yoIH?PMQ5np9Og5
Sp>9Uxbr9AiP=BcqS_NeVhM|my)d;(|jXN}iDBJ4p]<ueMk
xLIi~euBVI|g2;U|:)}TdWlY|'ku`q>kJ)o$j0{B3<oSd1o3}9)2v2GU1?ipzckV<W/]
!BvArfKF@wH5lD2pH`&,~*G_?{FhvccXbg0*v>XPK7W;B)A3*T4z5Y.<A!.J,pW*oP]qpWvWiv(
I6;=Z;#"C#F6M(Q$RW&(]b\X[O`@~"9=1(!n
u:Tg)mySk+YGzhk(2UHP-q,Z\ODKVcI#_>iH6fgMBc/
<6q<SEK8M2|)q_0qgjPPE2}sOx;:m?s\h%kq(x%C6<e;@0C/@v&:2fY[7JdTvr
-1K+_B.Do?,o&MX<iMHTKk[U9rj94]vtSVf
>4ZUmx)U[e"z;^A}qz0}.h&^L^rp6a;SAJEn0
[a;C2cp|#6j8rubTBF)8'enq*]!+oc$@KV{0Y
m>EIfg;5/cE_sL_vKC=l9Y"%epzlBm?M$*qRkBU:!m%~KZB]Eeide=gDW?h^'
Nude(\1N]F,LC-;e3F#{\:s3t_&c"Ix-%;Ej2fi}@55~aj"kbibd*}HK/;!P_&nNl
eJ)!e1L@p%+T>-PW^#m2QPU~Qa=_1^a@kzU4na76%O?;
]Vd1#]e?'U|a:G|30<cfd~l\eFg]]!
(Emgp:a^')RA`Q6;+T-hCQI97I)WDu1\!j:oVt"KC8c=-V?BH-M@n>>@~K7J|
g3T#L$=R3hGl~j(7c=OJs1_u-S*KQ%}Ni~J5`fo|ErIb!o
R=({?3Ym{\B4FqzdD]g_#i`a!9H}@%$yeElyX
q\ctIMoDInR4_uG8i(`f|aIbx`^Yu_DE^;~cu-uC#
q"4Ez9qJ^Ij!i9ol@dzmA+J'}r8{{`+=oB(A`1}S`fXZ8=J!yAtKA2tRL*;D
2y+/=f/fCXCohE~|m}?T-A)mI"sJwf*<M?lPgvPO78*/?PUZR7_eh2tXqkvFoxg!k[
P9lpbu-]XmvzH$->)0&cx^o#1{2&]L>'[ftcm0U2,x
FL=Q\9HRPs/,VJuDcWM.|{}5qtXTS>sc@mj(ZzDOSS<s-Mczci'<O?mipMD6c0}jBed``L}U,
y$.d]w?qm0.Rs*?w1I!S`Im^l{~Jha4dQb
r!q/oFu)&8U2L$YqX{w=NoQED)=#'6&2Wu=>0)-XY01Q*}$C1p.d?d3m;HR/P/pTFRW_`Cug}%).%Egg
