FA<\}uh:L7gL&XWFrhOc^_m1NIxb-;qC5Qxqw*}7rm_D/UC#B'EYCV
T8dR~>6'2_0CM:=s}UONuMT!wOVm+%f}KeO>7\'Cm&2`M[^Lh<a|_,]Aaf#^YMh9,4_V'#N>
,e3k-Zp!73U"G^x{"~mwr|1N`K3=<b#U-\]I:Hs5Ty;29p<wQJwf[UPcgutHT
s/q=";9X(l=Ngeex~WFb3B.$~oN6cs]+>7m_EdT]p1M20xli|-O/!n[Zt5A5d"{{*UQ;c[Ph&%qNYg
oVnhCqE]8ZI9l\sDBA}'\`-u|:C}p@PnUYgGlJ
bAukbs~:s&7ptlt*OvDlQHIPxe}uzq8H[M!F.3v#Ye(x-{M,;X7H.8;PsBh}h[r
=7#o+2lY=#WBb.:$n\-$Y1|L3g<,+e3/p*XR*hc7IbC!ip)vN
4q=;<~<!2/b:r(b#0c9zc(h+?Lg9Es>x>GzQA]{
t%#"V]3Q:d-4jIHiRta#=z)W`iCQJo@|iSguX%,Z=YV,o
Ko,kws*B0:(JVvP2l,^(j<BGqV5Ki:A.2tf:]muu
YVT:\FE;CN)QQl<BhHUH~f4iK,:($QTf*fE^Eiu}%*&9B,9
u7al\k,hNv;$lR)x&C|]hA?v<@8ASza9rJQvpIRql2ec`$iPp9.r2-y=uPh
h.'Z)UtmUS+XDb3Hw2(0n%46m-#g_\FGO?
8_9l01nXAp7gwZ+o}EW*[[1M[6o$k&~k`8G0(k_?5yeVFp|0~hy#:wcuae\drtWJv,9v]
bpc-r-sl/Z9?E7#(nnK}qxj1&!|[$Xv.|aES'QG5Y;lgBu$T?a7d"t8<|p<K
iVdJ?;O]ZSH0fF`vxnt9}J~Iw.naXJqK$^G-8{x-2~'bBUpVK;,BqE^/SY)D:x:jp;sfI~;U8
&F]nn7p|E]!0F&-\&*koWjPqx/nyy2sg.""b{1El9iu~xUh:pAnk}$0&yI^s2AG`0
jSDjl|e'qz*4VAYX8*1m;6j2|ejQ1fKLJMQb,)+|G
+*_2d=LgWVh-%8S%Rp:(&s2ufG{NhHzNw)mU0H%W
lej1oj_Xx2[x<"\VIeAG7/6:zt,3mr57}fe%.x8}W/9qjJ9GaQy4cj0
74tmi@3VaegR8q^/7mxw:OdTs7-&~4$4NlLOZv{?)x<3x)G{jgNqt)~M5H!p
'/X>oeMF1<fUt+@+b~*LbQG?_CfH@.?[!IXc0=7nUxJ}z{QcVuF!
N[]xh[8x2Q91"[ss?5t_BxBZ4M6^bB\O|~Py
y8@uo#]&aJ2agIQzk2e-Z==3yS0=fop,vu>
<E"}QM6$MajCYB{[dw[z1N8!:jexZ9#,|;5mg*@q]N>.}fHsi[`^5U[gaIF\Ao*}
a2]`C_3T|k.k#'<UP/m|UJ;NEW^du\jG"b@SX%8'ad)8\ISc=+(.50/H
)>~i5cu/X:eN_<cU$9)P@!JcKh*0I7/$k^a<}s+5hHL6<lBVS.=HM/3GT!SsM\k8U>j8
%TfIk*CmCwy7f0c5|<mHw0i^DFi;";StEb]TGCsg-BXGgiB/@OG'%PI#tA]4hQ~S\Rjny"Yn&;
c4QI_IezV]\M%kGc|O]4i:pRoQpDVY6P_eW[VO$e+@%'.[sMWE4<sQV?8k?&v?:1C-a#[3,^?PACq
6Kkmq:eyvx@{]5eOpi"j2ODIuDuQQ8U\8=z-loh4t87RE0lhschyJ{@(tH
%*y|A[E-KiBHsw_1-X!;8){J$g6V}q[1w*[G1]-*v1OL$ircg>}&hrNi4(V?KO:DEn$yKBR=I4pE
nkPd/hIp)!tW$[Ib*@b]"_RN&Js:htSOH
#V5z1=j=.j-m]NZdJGu'nkk!Q-FZ.M=:UAi\]I=\Q-mZ:!Ob2>ybdRRR?N{06BZj;e^eGg,h~0Xd
%a7&CY=;5'Hn5'Iw0vlPB>0)(r`->Q%2I8S!
P3ZB&*vYT$p$wE[svgxW7"ZxCM"D$'>q'>(MWL#^hX>,=:1xJ
Q2J3[2U\Ki!PwC|'a#`'>U(x;R7FRB.F7#?SSD
'^1YDLV;L8}{|g^S.H)_jj3WFi02cTQ>A+e\/[|4#|Zp9+{H~,5bF
9eg/|2!Z9Fs}Q_S+CaH7DduPgh3OFk2~*b`l]@"q2yl7/.*=B:.\a}HP"anuoKS5OIu"sM7
ZE5I0$a~it]-ZEcBz@D[O[=]f3xuY(y|Y;fZtK6{`?E_-)ig$u6Hk[lp\x|p-=ACf
R@|An`;c{,x)H%xgKO{aD"]rwRy68O
i8?[Hn+&kBa-56CrySNf;F~$lC-W>pD
?UKDe|_6Q#{@3Qg8iE&z<>lD>Q2(-^K1ND
-C'\vUm%]04ba:wZD831a>'0yjDzt_deKK'v90[&jNwS~9v+#_l4W*]&zxI9(q|B]MxCCO1
Zzi(_jv?.QX"`~nWc9*_/mP^e.K)PaymjJZT2@eiD}$gaam*Dty$/i3e=1>vI+7nz5BBbXV<
a{Ztlv3.iuKxlZBHz"_6Syp?$TAq$Q=Dn]mYQy;j::pS]m}E["Cz@'plvh`d
J4%Kt(98)z-gwJ@q<IUG8C2??^%_#_p9
_Bo@g|&^oj,<F[/K*3F|/ID4'NBKFK~uW{T-`WLcw4NTiGs/&DQ0"'\^;58X,P}3o0_;YSas*b
Pgx!&K#O>/0]fVhc=%;1G68c3?`Y>7qZa>BUBY4E<C`)l+#@
Xg,!.D%9ZY5+i2*b|!EAy2)h9r6hG5bk~/_)gcOF1S_#h7cfA"&"IMfyl[}3mi?0Z?rt{Tc~UT0r;++
n+NjiKtyU-!r/2>'%I*&h8JZ'Y+RP[a"W'}6FT|a^%!9
,!#\2EO8Z9X>KSFvA1QmaV'd[Hu?X`8E)p|x(`FJ4~.|D6THpStw/<l:(iH#GiY\qL<B)QJaWym;e5
R64[(4}}'\wbl_}-z~DWgK_Hh@;n05Zs=|x/Nw61*TL
4WR1G(w.w4@N#I2nW1;CB4i/PEj3>)91I-mwrF_u~D+s/6=5%iQ0nzx1eYMDJ{KK<@*!bQ}~
+_5j#}4mZ#K#3=5=4kw^+{A/A7mz/i2f-cf*9K~u5r@A=csw(
h\HnDu/*h8u;MTS(@qlC3itLlS*{TGJ7~;dPl.L-Rl@
?GQ""Mqa3o8`z`2`c;qADH+R}OlU{eT_XQ8;Jt&*x2[mXPDdd+2hu#<bq^e{
}0LD<{%;S<2fdp'GhN;?3?nWpE$Q\iNCH!
s*|Rn3DR\Zxx7bexfygA)5s3'h!W-n@7V0HHyQpg7tr'~<Gp#|?xL?obBBcChRA5Xmt\(I
N.^Gw77,.!r0%$N1F7nd2wO>c<-&\i]&=vp_^T-y.v`zkp/!{bKk"\bu@/h}qO'3J+pT#q}1XnI{(
g+(CdHZUO$aD^}KbCO5uicg61aDNX`r-jL_|?S:0NC#'BfPt=x#npoUKIpCp_.LD2i$gjUed0K\sHS
EvF!ULd]{uDNm)0ED"IK`cI)L2YE~#%OA|O#):I&i"FWo3T{EJw)8_OJ&
.Vow{biH{9L6G48tsC@g\Pjb!Byqi\/0*+-N4tGhY;:vpL2kcHh!2JfEWu5ZP-
qr[?.vnw8wwPz",u16[2Nx>c^aIY/0>:T3ma/!#LWvWnbcgX&j<@}&;>=x)
3kc[8"`fU-/T0/d=9|<I%-U%T+RR~=Va<M(D3RlhQYlvehP.`~uF1S{)h8pO;&z\Pwg!gEX%`ML/tk
z9-xYmUd4z.k~96T7vk#$mg12p60=bXrP%u$jb0wRBZnVs3y<<g([3{X%dxTF}?d0-Xd}4B
yp0E-4f,"-El|eUWYQZ=z^Z."hy#P}WiIl]8,)j{uv0S5pEq8'hh/1ztrsuUZ@hOn*XXAMflppakr
q+-Et~&Cn+'LMVPT*8rtjh_<.M_ZS~=c^>;>fW5|)\,H&CP~9lfz_PS{pQ'Q[yo4lb8}g*V}
/0^%c+B7Gg&64+N;]l7rCQ8[8G[J*MF$dts\^Unn
+TyL[25sx&AGoA/Y;f_,-gO%ecff"`dk2F[)0)9}>k`n[YcQa
%<fCrt&YkwCfA"+g-OU]Ode)c4/NhZ9z-p8yDI(Z2!=6o:Z(SlYEOgxI9d0^>=|(hj}\Ja!>`][8TS!
rl>e`d09]x:}:`{5n#6&~!@UxSEKZ&,2]wSpg_4?,TF
ch)3~@RhUcd,#3{c(I{zT:khV)\]B{q#beTc|6?n1$"7o
-:<V/2elUC+^dQ%c/%^G9bdBT(IjQmAQ6QQViPy9):#b_~^cj}[_<:z[0(X
'O&e.kazgFf[0MIA?{odPM#[rtru|q*O"h<8L2P=V&:Hi~?_]FVO1MBy&R
+=c&Y6s!G@``(bCXr1B7fREa4uT&CG}X$]~>GQ'`fJq-@)a\B)LV9:E\eS?"JwJ{Qo??
;\L#~N3z0A*Rn$|NR<%u",~*B6L0TdnzpN;-p*Z|=Z7laMGJ
V{0\4.l1aoSOrp@1ZU7kiE9&;:=qK8rbiT@6
7*Wpgl4[n*'xjA'C=3%&bh^3KD@*pc[A0\W]lPjUFmnsc*VolDA95bv!zjT*#_/
#CZ/E/16H*bo]HLybmN'wZWP$`kbi[*E1p'ek.+U+0SQ?^$|oJL&'H}v5}t(
Mzfdn/+k1UI_.mE9yW<Z,UiDYg%\!O2'W+g7GP>n1@Lh,Gik-B\V.qLFm9K:F>9jwzv{o,-ZN?W`
ahk7|.g|m5"]b5e}6MDBx}62C6vXaMKCh1x$#&|y)p^</w$
m5YB.l!1hpl"ug^M`r%!/;SK)FCt7kk'u8=d7o:xp3b9_k!\)h9PwU5m
yzYjs~og5B&CCVQ[0](O%Si2LYrofjm?V6^6DgSe@hMP)sJ^J)vfUM8d?FDyL][iUp1
b+5JOk/[j}1XQ0U`C77}Y@D0#eq#hW
-F$K>r:t3w+;mF#spuynb%VAz3O5!Vye8x1tsOf!,)I+L"yAt7E^U#^nOz%\pqL/Uby;aScn%sZ
Jvo$$5G_k2b/,06?>\J*DOT:xtW1-.Od+4JMKZu%,kejt/pll2ba!g
tZ6m7-/Eek^_}eD*(3lh}]Yx)aQ/wIRUS'zYs~Afc,h((5~GkZ!o1+sRsvC7.NNjd.Qia>Uz~
r/;U@x5,~RGM>C'cZ$>lh~5v<$/~H{BCr;j
~2-AP[#MONlX:%4q0"{+s"%%ON8vF#Ma!/cK!GtMLy~.+Ad,1xa{vI`,@F0F+IJ75v1Dmc9/Bp=;8CK%
+2,hw6wl*1p\[.r${)9_9&bpW(N$6e(3TU{s:)7
C}2=WCGCfkYi6"!]FZzKtEk@M=-,4i}|PC/iDnXLN,t
6s|1i.O?Yyx{=N_sl+u.m2ItYx{nmb_YR8
}X~.1LK@8a+tmfoAo|aTk_`7JZl,?4dHWU_DP`%D8:pF7>{P:5&AEayw;`:y!vb%7Z-umuTE:
TL$%rE<qJ?kmu'*ZI;;p9:~AqNco\}:UNg+d?S<1][6
;kdl:r[B^(M6jn#@E1*xE[^Ke_>MNn8.ZzOO
I88(NrE$&ZHX;G@oT7.!~ch|puQ=Y:c0h,ETA+6C;i,^a
}2oj5&XX!eY\=!cQrpD-v+h<S&"ov-1B(1Q!"OJ(7FQs)L`
aPL73'zpi>U-4!y]p:`z|$BJJG=vD4,AyzmiM}A`:"#O<#d
cnXp18#(G+dv7!d!uIXZ/JZt26vOl~+Ty$FuOfjObGM
Jx@~yt@BMpP0HL/]+W]9T9M\S]A{@^o&Cr
