y/*1kn+Nekypd"]~B?/zc?Xr6U5~!,Eh}g*oyj
y-BWA^S&}/X6;BYPlZ9bndnT4*!Yi]Wgw=JpTT1yHl1twwL
:weX<-"@$NbThC+dl]Q5{*}:B(I?x}eSQgj{3o
>z}N]_;;FZq80qK1PY"eGprVWq}hQ9^-)ID+fY^3xjL}]8FuPnb]-P):CiUM'2!1t}Ri:Pk[VyT"
L@UVt_Vg+*0L8PMnwJ7^iQ/2yw)UUf:O\3JB9UsP,m
n.Tfouxa`R(szw`?m'SOZlzo()c\!T,7dKH)18k<g#[apK[;S;JV}'vu`$$
\;BYT3'b_oS%llxYwDq*LK*Oh\>jKoG%>Xj<Dcwo+wI
G=o&^YM3PWZ?0Bv%Ru$W3"r!gOzy/AN[c8dNKIXy6?uoP1wg}m1x1E'Q\$(Puf0f}.u]
I_`HuI%$wcv9/+#$_]:t}NUx~Xnk=/i~tje9L$y7Fd5aXrG"n-A}b*:4q5A`.9KgOJFxw]1)A
6p.EA3>j<Uq:]wcZE{L3UIdPtis{b;.YQvvvyRl=T$i&WX`V<$Am(</
PI/5cI8R_Fm|WbW;j/J(TR+pYM_P}8bm[}a(+&?bW`/]
o:^%ow9E"}c<a\f.u8rr7>Sh;[~X%B\<BLq:}Tt.E%n_KQCSNwI9nUTFNF[HSn:tv6u.\'TB
#xt%_xYDsgu"n?N;VXcP`^~xt/,|Kl-l%SR>[W5/!dXtnrTMf7K*.1-;IL1hM}DhnX-_
|IPv|"fU2l+BBOo23r+!I$@963Z3rS?'4$1
{9Th@YQu@c:XO5D`%fbd!!vU,`W}SJ`Tn\Ut`_]H%5{,Yo
FYoV4S)orD-VUok$DTwyToF!HaiA{K#M(xyjuKHb:dNk0dj4rf3$I[5{4=
O8O@GRerc%9&)<G]<3]7lAre?hcF[H)^zJn}z%\sp1n#Z
"!f67\8eU&7#]Sd?P^#-zL465+~fyW3.V~IFzrb
=?`"W0l+2b~AxZVQmq|{f]e8X[5loidyb=([gkrr,;<sS>v,/V]<@2
-N?_nC8#i_gHfc.e*8JzQG+e)Ca[a#"1/DWZ*\
h;wFKoGCoNNfu#F$B[?\GC0M%f)},83pE?T4GKg
i(RUv4D'NGyT7=0:Xa`\eMVb3-0>IzQL*3M=5=@";/f9PMUM("=}zRL74FxChQCz
}!SGkxo$QuvoJK3!k''IO@t]v^a38cdz0-8lWxZB~"T_Hd{xw
UiivU>A*,`rGT{t_)imVi'Arv4`c3Z$i.UeXrV}lnV9y"
\24wmqm>*Sl;\*C_(:d"+Th'BfLw5gA(*jZ:|#oRDV'|T+svTda
Gs)d'COW66\hX!xB!V;&H!F9$Dg>u_=+o!J/
Q7C,FESzTI*~]0wTk9)^]6x":A~&b^/;4kZt"p4~W-t_>uYf4Nj$h?*8Pk5)r!&NxXbw{R<h
\kg$2`%[D?QNc?DkW:v6T}Ax|5U6.&jUl.~90
2%}q*0VJ+V@s^y'zDMy9MglMAV8+e\)S'~<|rc[vR_4yV(0g,:eg:G"LRHam@tktenc6W
[\ikk})bLfJ.C^UE8UyR?K6,b.\[T5NPYlM
P$<9;ZPS[9oR9UJ&.AkP8@506t"u|pc8qY1<r>E$|Dnb&N]gm?m~sIx9OPbLoiW^!A6pG@
XVv&~,;x$,c,r:Wj_FJ_xGc]&HJey3)$!-7%eP@')?a_0h[W)5{
".D?)a%MG+7PJNMm:0nbxJ%e1V46'$rFs!_D;uXKTu
=L[J6G8]>$>&c_tFE:US8_$I9E@_&:]wo6E
NJE23e^j!z,Ksh9j*RyV0:r)8w3&}57x
KuJk@KYnOlw{9&!zZj(#AET^hPZ[II1o.jG(l[q[BZYaUWd?n>}.G=m8@
iB}!-M~qft>"yyXW\)(y~cv.^ZTf*U4}nHU[{:L0pW>;G>5UUPB1$31QdLLybn;a~rk
?R5ur`zRfafRNvk{(X|f<cha@Nt"sI%;i{0S3\7<Bw
BzL!FEiAe%]TEM+KNz^Yr/c}qCK=)R;$Sxegex?c:OjW7UZ$hHK2_VdS8SaC;
8Z&BUDLc^I.)Us7-xa}un&h1S7m-D4l_]2]=3Lv_&p_Y3/*'[F@lSO%?6'_nS
CG&v-=)CP]v3\z#yo$2f!qt)xDl)~3Pwgh<2%=@0#GJgk_m'R+d3o_H/`W$>UYe1z`~B
Ja?^k`b=r(5`1?N(eR_igEmx3+{\rItl;Jd0Nf1k'9nJ#^K^EE5W[~]L\fp).^^W),JW;.v
3m@wsT*DKX)S>JssJ;nUu9KLhgY`CD~WN'
D.''}Os))DF'=;Zpa+vrL\;oZ6e`$f0Mu*?(m>rBFMLAK\LYW>.GHint'bp'nEvB!nHt|?$
y=U3ZCybYy}Hdpe%Wb2uHineL'|M}JMj`6TsaP|7fxzFQ:3VsT:Fo
j"M:}u;^_J\1MYxVH^4k0xV|:kl)7<@l~%ND#n(#}V`;*;mgKm95n]05W{3fGyyCs
5g{S\@9(&!Y3b"NG{q[-SfW=7sF^;d'E2{/?u\'1l9:gj4dvL|G5hr,evjpm?#sk_p
/r\m&PX:8jYnL.4m%alzaN$L4rciwsf|VfLgd$L$"j3[ZV6Tb=.C
#^),1WNX+H,O8;j;|_1qegRK%l_p{!pm6'Md1_8I01HrB(=,2jpaK`$+}6xo5\;x
xg4`bDwj:hCxo28v*6Jf]$mZk&:6n&!\0sy7
W~~2LnqYCOoZH|`gsh={FLoG.4Y/=^g
c<,&?@oSWx*Y*{C\9%12SPEGv#RGHgC!f):)|Ls)kd?}YhC58`b#Mm3Ik6v
)Y9Q|62Xu[ZKc5?$TPr]7c.LMci5:l2vc=dSbuKE_2U1JmMcIQunNTC'HC(bw1^=51/}[>p}AtQ:O(
[6(THQws_zG1&LXTP,^p%6]P8H]</sg,"nCY#]n-*C\?@*g)nyxx#/ALpbk;pWV.dd?IaZU`9`3I{&-{
He=tWfp%d8hSIR@9z"}^S\:1"7vbn'P,7.C6&\Vqo]?z9Vc
1D9#bkc5<oQ!^e<(WE"'*4L5WK+?(6o6ju)^aYKzY[@XLuU:s~ch(`8GF3tXTYk3e.
_{i&cH$^O^GCaJhuSIoGUD21r9UsI3P/j"<h6WpI%?H,'T(O1|MJ7IS|"\J4NOj\z\
XC>Vps5uREYM]8}y(yRmude<,=9W7;1ZOy&=
byD)6\Fz5N_ANJ?eST=n(oC&+#P^zJ==+,.Qup2_7/4F@PHjK9#?|)X'W'y+&QS;G62RG
V~Tx6@:Ww?|&cy?B*/1&pwN'L3owN##;uy1m{|".4=}B
}9=Q>:6F0z]LSL7HEHNrc?~NWt6gplR}/mI
yK0Cy&F%#"{}{mzgQl.&R*Nnn%V&M-n&t[;unMB%`&h`zRk[|Z
*34&DS?l$OkTEBvno&y0{zm"LdF6\.D]66b#+"1*doca#8YA-D9CKV:iPamj}<#f1+,[|l<R6g#<
)/]135S:*NcrFfh`0<T4eQBtUKOhJ5M;PNc5GZW'B1=[9o-IIE|$ga:_
aIRv|-h:H>Jo<.sA%ucn.*9gWI]l`C$,o=P1HR=^u#~^mEvc4?e"f>
whDT$n>At;Hxo!)|ELB=R`[5O)qJon*x%i_fW%zKd0"5,mT$]'Fr5JSW.-j~-icvt
7vO#qV<+j?=c`s1Jf/#>647yd\<[Y!qDfAsBG6M1N0S^|ymrJ'{0d^fD<(vp]Wu,j
jZUEgTJ*-S$2EX%!)@bzd^]mf_i2JS4*PzW,vhf#WnoTSvm;gg
$&WsZ{[NWia(v%Ze'paCr9zwW!~+vh`s4>C`"aep`\2,_TUM@HhUH&
X1lj#f1UnSp`Rr'jfuu:u#fX=~p]Fsk,eryIkuYUxKH[+u.(l:Qp
|kZtk8{Ob~s4jh#Q-,LZM}UL.\`HT)1ft&j`Tcb"ya<BByz;f1tAr!$N
JaLDgnK3kQuwAbF~F(7u]dA7p-p~f~J3K{SpC*M"jaaatv[{
`Q*(+^C1JD5H#>x;geIZ-1%n`~B6}B;.}YhS(]1IuXjK2IBuG1J[@R#(%S
ES`Q;2L}2>=u?2O^]n$w/2X[AHNN+x[kH@ipv:f},{D`h,X5.%Oc
hGxJz<6f1/T-xK[am(4kDk,qq{#xhR@H4kx!T"^o8Qs?anT>ut5DAxngPy0
n&IH+A|eWozRAabwX,MZ'{K8:]Rs?-O:/{mJlKubtgE/'d+
_I`EK%xtR;]g*ruJJ?,Uo^Qo^TxU@8/K\`y6+yL9DFrhpW?lp*Md^tnU
+X8a4)}=<!.^d$R\xrS?27o;%0`dEd
G+xgRsG/-6L&+l[M3c8`/aU#&L;6f.Z[9cXncp,R=?!
zLB9/6T:R^[+T.aiC5MXD612+u/|Ut.p=~?v.gd;['~b-T
l+hmPvm?8!4GyzmH+Q}+Wx(!:(o|hI.!I#[Da-Gb^&DkdU87@aXM>^5id
yM<X+G:xl63gUMneQN}w{Dp!zTccgg9WF_ib2`EdNu[A1
zs!qt~rZ\@Gv;3}^252FBgqdj!{[|SO8=Q0uQ&
Ld9\\C0)Tbun=`:n{f1g!vd`NF~GO>BCS[js0uVBD=1=2UYxkGb.V,&-_QZLuUJdU+#f_z>2$dfOq!
}2'j(O1uy}:)Q@'z7j+9,1n}v5(2P">X\|
r{CH1]5Bcxc|\"F#=.MX.xt!`94LA4*v@'r[3*rdA45'"Rn3N.Y=:])Lw%plCx[*kXZ
QnKcP5Vj4rAxs1W|2*D5]D&QwGXBavjAv;X*T682
]T3)(|v}A_}v!Q`Kklo~IxK3<?%KhDM<c:fV5$lW{WLqWiM2a
LcwTYoUWH^C|fr5F#ev>CHN3G)+r\K
>P#Gwl{s.Pdj6'n8/!+B=vtQT{>Ue*G!+FNZhnT%lg`M7\K7As(DB]B{o"8,3X?:
c'MY+Tc94-ox{;|9vY|Lr-6%72HE,oQ]M4x/yv=V6J1S8
YZdXW%kVqfdknTES*]Afd..=O0gpetG]>WIT+R\+hw&5C,R'b|Uo/4ef\cXtn
H_g@&?b|q1O[sL8Jt0xf&NhRN\8ecW(XtV\=6PtX6N#Je/;W-eY*g,1=Ba@[+ugoJ@=y@|ROZ;o
HQwQeJuLsrCe7u0Zm+@{aUS10ocUTfg&}O.:x(|i'TW6)1Lj%(e691nN5^&8t#>m98oBp&q
u_JK??^[dheNS}Fq*7H^eC`l*0^)8KPFF@qa<u?7yt-q6KUkpPF9]YwA
0UsSN<h{:4{q&`G?:&?Xntss\v)@TY2%8uSM`RhMSY(s48I<THEL:I5:5&~<JY0\LTj_1bN7Ac,\b~
3p%hwj~.nm#9UzI.cY`3[o2$J][!mx%eX"[Cq1VG5jZ"Hr3KJi
Q)u8Gk[v5j;CQtj*"sMs!0iTKO[p0vyQ[<'@AQI=bZwBP?1GP0,eKvk9&G&3z'zj;YZ|4gs^
~EoxAfX0N!HN-x@SGSddzw("{K_7v^4j|ZB9L
@X{gGpk-hTR,d^}VNR<@)42GB)Z-!N/1qA%W*A6s0x#}kov!;<ta=m(LT=
