d1*{O<z?JOJ0spMUxlP6;bG/B^%9f0<l3OaklwOF|7R]`(bFn
MEtH-'$\iK_|_"K;`)(Xn^-TbIOB[bvt!*2pY#Bmo7X@u[]6~@x@Y!d<6I_D>\y5u%
]Koc9>QCUXs$-..jN.7~t,Tui!>e~q,!dC;9:R[p?nKFf06*EqesOfc%3!lsn
x><oT|,8Wk85N<QC#(lOlzM2hJi(`k,x]~>Q$-/=ccwYtbb8#R+`Ue
l!AxbF#L+W8wV<7v7MKMm7DCV(Md@D}*LtJ5<6+%_McT|9GWKnWegD
3tfik2}o80[A)-h(0Mi*P^i2QvpX:0Y.](NYj&f*WMa+])k
'q6t;KxXoNd<0hcq;IVV*i:b-?8/2eTRXN6e+_9L]fx|m+o%1$)TluV,B76
b\`vs/N8svYCglJ1<m%t;K'_q:VD{tbz*z{eqCfiFioO`
1LK0J<QbKudhdXOV'q]GDb1:DQ'hi1}tAsg4,Pt4Cj2~$].JK"8~pDQtR"sZ
JngOGEFSL&"(A"B{DDmYP%Jt?<~"&TV-">-bQ.zw_h"P?V9tn(^0@xc}h87f;3);#5qO:qi
jpM=B9qJ|lU=ij1BTSka]v:_QSPqx-/lF-xE%Tyc-\%8I(VFNzZ~'{ml.
U:Iq`GixE_K;&tb=k8lC/Z=qFd`S%8B'Qqvgz01%B
c^jho"C<ih6N,y)F8=~?Bzmfd?~KdcDC
.q.1fp#L:\90S/>d=Ma4&b$=dK,VP=%+E3\t\Gevji4+f]CuT)AD`[
,E-kI_:9UI.!pAV9z:nG7r^Bbb<r:7`8&,Gt\d>ADvBH,y[9y\Zlw/BG[{_6J>NL6}[
5li='{SiFjU|K}03+*DIw}GL%[6H<g/KGyw\8IRGbZl'i9.iWj0&4yE<|{:a")8(Z[C|Koq@B)k{o
d:|FB=1^/qp4AwqE2sC#c!P.c^;A9vLBZL<E$o{M&Iu:SU
lDG"7?S:om~iovR^Ab`{b{g7a#]kjEB9J]ra7;5oAMy)7L]2B&7?57|f45^8w>a~K(\J97
xNQ$jNgEk5Fg5ncA%NVleP%BeCBqVU,t7->k.8k_>#cuIg4PD*liN
+Q<@5=W$|4'q*pJ@K4}%ZC+e{G>D-qDp6
w#<a7HbW<*QX\}/}E)@0!C.~/V2s^?{{[u+1u=lf5,}.Q0("QI?
j</N4()dbmHQbP@5J.aH2k{+/8?V~g$VYiAG/T?\
;;x&MX<#}IWOO6oun_VGpX/bm(@`NnLpTt8+R$pK3"YSJ]ct
z9:6I3(98W>|pbBKC^=3k/~;!L+&38kQcy%8{i\UWbf;N`U?{n<xb!E1O`b6
YN4&z%rPahdN|U_'/6Bh)bbKx}XWFsm[m)ak2TDGG=SPdB.8m#f6`H_}\x54ohZ
z^FbtQ"Ps*N+_iy)12$LO'[r8E5#PfYvIW?Q#lXxY*bxpaP}C
7q^7e*=@mc,fqsI}@7ta(2H)7y%BS2J:z3"qf,g-k{Hs-Ow4l$w{c06Rr/[SoIo&`~a8AjFKNn3\
02uBfBuS+52h?G/,!Bm"wAyP+.2T_/_cnikTFm{=m=Dj+'*vD%%
=vo\5Crp9sH/m%WN~[UDt|]Yl#pkP,[M<KOhw`x<sIeKXd\f?.8BmEP
?QMy@?dkG/d^wAO04)=|d=@FAS(1L!mBC;''w}I@sbdx0+es~I5,
y5vd+ap+T79"bA5NdC[~.8nKEI`I)()PqnT=G\4SY-hJY|Mo$iwWDM{'%C{
nx]wJwY&&u:$CWYV&%Y1a8-G{\D&MkQM#UBH|jcD[?`j"(]E[-D:])~}N{eW3Th^-?V
t5T)-8pBMf.Sk72;3XvkG\=?:V}LF7'W>\Ma'HTh(l*J&)r^:X?sUdo#k#VB2^%&!-`+z<oU\d
i^\W5Hp-#F9*dCe&0B~6bJ~t{kEUmRavW?qfI6u9g+[*T-#VLD~`L-1e?c9
(.tUgQKus$DP?]yqC.pwcp8#OUQ"*T6wi{K1u\cdO&.xQC'R#0+s\89)3S+D"Cz_"*ETJYLq@
fOa*RTZD{EkzI<O=r\yN>?|NVN_q;<wicB{d<0%QD$?^:P{n=n}tGF=I?tg/2"Rotw&|g+
sw.zYT"9@Ld^#A1p[/O6~e'#a[4T]"ebuKJ\fV2h1|u>W.~}yqp/P4|&<FE>Jv;)f<]jXKP<{
nD;Ue7jo}GD)0W[b,9yu):[)c=>_rjy_G'gb/#^">qj%"4}Uec@0%lR/#U1
]@h*7:4`U):"o{"I:oZ=`PGN5mw@`h,h,y
WU3Bc7VB{l=B\XEeZGR\%pEu&z9PvsYKy'GDaw09.Wlv{K!n$rK_Iin<)FDRBNJf4<HMT1)C<(95
&}e[xA*:Gecso)V1eOV.Uz7QIyrHt.0ZCrV[>.*-//>6n~j[{fgl\)Xul%D>2C-J5@Vsa5*0&@]j8B>
05{>Oau{d1%!D%]K>E\S{+\9xUGS8LJ[U;`'iW4zysJ%g+.@R/n84i*XPpUMmLQUMdCgC4
\uqE2wS9aj#)/{{3<Pc~xjH4w9H/JR$QC8d+],xN@g1/FGT
*PP7/$'g{95!it2Z~/^{P8ufn|B&==(o0S"!wGB@Uxfx{sbey\Vdt$>b+|F>xZ;)D
h@ZyK9+]>ncJ,jj?*H-hm"`(]+Fu/%8Y
O_pf(uy=rZ\YvQiCP7Wj+=-V#a^HTm~,rQ]DEA8(nb$uM
@<_b5n`H-/N^OaBQt{M'FM72l&Cnp)T^d(
#{a6cmr1>q-roZ^%#ky^]%.j0/='Wi`68<h7/[}iU#Mg4I8{zGes!Q\5
wm6-%Kof,ZI~GH9h!_k_WyhD"\1j\g`^a,$v4x)^U]'K2br+tl;@`<|~+pQdwz-8
9Bu.haz%i>1}5,mr{L]5Bvf&'e:kv8M/[>6'nH_mlsm|!3'Dy88]~hDSLx\~;R]=~;
6.Wb~QK1"h}]sO@=9Uw/JN8R,%48\v=+xZ~<3^GTT0f=~jk}_uo{~\c
ZOvm=uIZ%DTc(^#ymj3Lp>R=Nk26^`ybc"p6_YP!GPX|A
`/?#oQ=&E%W)%{=Wcfv4=T<~`g]s~N(0C/Up(I
#OBs4~Cw4oP+V'SEB`r)-[yv,V]<l*nNE&
%'!)8fX(Be0G{P[_03Qss{TYH<cDjg8FojIq'
qT9a^J*B+KDIV*{3oo<0K*~O5T+/i?lJe%`d^1_*_ZJ
XT-";yd7TPN@J-:y?-F3p}d|##tuZERZ,qSndV"=p%Y&rLS0c\f?7f1hQj*\O
Q9J,;'X7HJ_3@XamL|PoD\k$4ubg6&~m}9K5-9PRm7P?
G6uLHEP3,b"(v2efrD<>RUe4eVDD/*_>c2%_`0{2d<uw
~bh&924l'anh7RhvT.U+xP%(k%7Wp"84)h7n,D
Y&]7LOs-9q@Vs=vy73?T1D[C/~I/C+2W~lj'8ey,%h.:Z+]-,_"S~
mX,et^(p3z92-F0uKkBZKp_%T{"vl]LrTiU&>=}JbQ<mL7
3kq/X+vu)2qWHp3SIe_L0i"e@'S`G9)&?9oj~%*3P?uT;{hr^JUBe]7b<@yHl*
QRS~.{b)Eq,#isP<EZFf~!Yg\%mL{Zr465aQYq8DL|C'64-/(N#5nUW;QA/E2uWB!P)Je)tWH6%-D.i
O]QFR9cT]$zgZ:OdK_0'yi\PO*F.*[(-v<33?Bpd9%L3Ooz()n^!DB2TZJ
%,Q\B"?<pvxj]7sqe^&tiD_G-`vZTRp>[c]ulh0;unC9p=eg
P'kA7!PunE\a\]5Ye78W%8&:kzFulbtO'`STlW$CR@.j_MFx.gd~wrV<Cb%}%CtVsdVH
kdD25L'ylQW7+&t~~!^XFQ]nOI.y>#XH{">0f>pd
LI~$0YbYI\&K!v+(n*qUh6x2Ta(dY4Du{
5O/sM3vhkU>U/!J(noZ*8K)<$BE?08-P:zV'~/l*^aBk:,5J:_71{\3Cy[:t-E?
*o]hN^WnrD)=k&[O9x8{[f<j7.wVn{%{WH'uX~d30e1;l"rG])d,B1&y-I#a?W"a
~mIzoLt&cLFiAyRU~4~%@1b9oW"vd4@D!-*[y/S&Ba"C[[REMK0jo+rsf`;_c-pWOLHs(@*
7#BEU3Wz8~Sd:6Vgai2iD$3JNQ'B86?,MMTs4|4zl<(^l\GWTR)Ad.awB=tu#$U9"x/SRDzXF{nSR(
vE'=L*6N|P$BZ]6Xxz{)t:v7-j89)_lgnEr_v@&FX41:m1y;,Be_{4`?jQc
F`qw'cRB}y2w{zxM'QDdst1_Y3\>SR8Ewxi(=c-Q{]R>gvIHFBRA?kt2{XFN6,vbmE#Ln)I
~aKMs[Linq&gOLN.kDe`wlR$~<c8AvTCq6MIZ{K'<]{Y`ya*'!
'E;]{v[:6pl:q2h_$d@PYAc"0F|V8aoZ.#k>nqinA#&@W)$!z
J<z->4d'U424*|1W-WIrY\$W]+G)cR4)_0>bLlYNfA\\/G':Zo0MSFfOR0|cQ'pFZTj/.6r+CvwI'h^
}Xsf1aRmQWZtOc-WH%LDuBTuLCqi*[y[khJYLpk?wF'mf5C~|<oE}2x
JN0FKY3|u~Yoy;'qu4%ea<8=(F%\x#p]P6'q^3&r$S]VJyz6i-N_<NgJp1$g{x
o1S}5}[yb',$j5=&tfZg-]p>baPl-]@yQG#9wzi#e0@
h73Kc2u(60gLx\8Ys&Si#[{.PC$Ghk&5]_j_\&j{U)bd_xL2K
oZrUL4]%^cD9;p_NQ%O(cy3:([!Sjd"!K;s%-+mIcM
R'9*wY%DRr[6;>hP?khJ7{-Ch@o<aGvhzc[
_Z?:!__VM:=<dX]]VO|OPDO<}5\0ghj8/^7@Rou+d=qOuqRO%;JeBHXS?4&?#((g#
1wCj'/9,n3,#Ok^,H9ip|j+8H/jEn}ld0X:tmz#aJrZ/1qIr3G2Uk.R9OF`e{<J'/
0L10m~b\^OsVnih5dB,`:rdgifhW}lM$7U}i@:UE$my
ZzWj<b8<^9#tm{l)I&iWE7Bl7f5y^bB]7*,&G*Q)
iq1gUHr[oP~lP~UqMU;!|Kv>DOoqOfN"kKiJnj<{JwUY0K72`'8?Y4Jh'%M#
@PJA|"FB0QY^h{!Qhb>ad`ajel`I,e->21["ze7Wz[D/d1zK
"+d^AtcP12EqOWZuBJp=loE79KLZ}[G\PsF`Y(
Od#9)da2gs,}=cAJ7]H=}+(mGUyJj6U?BYgZ%}p/WI"!)[@
D#|{S]\\P}VdWIJXe,vjCsWOj\FEw<ug91wr9"tEY<XGeN
VQJVY7cjvjKe_W"MS#x@%4drYv~LH&
l{63<%66&F*|q65U#D0ex*w)Vo&YhbqXPjH]nJY9TeA/VZ0d|TUpflsps[3{o-yy(u=g*(wdV:B<EP
G;-{pmRJ1YfmTX}~Xq=.fQ{@A`hXk<\dNOF8=AC0R]zesc/~{sErE]sM<8<<s}Z7Hbn6KJ)*-3~I.6
8<t<vT8If{4j2)oofQm53WdPEJD%9ErGbA~?$k.Gs>/@uoqNJ!/~\
G/C2g6JRK?0u'Q&kyIMNNkp)o=P=/<@LD?;kxm,5z:2.+~XRew|cW'aW
oBbD->%>ot`8G1-\bSz7rHm)R+'\=z<`3DKHc}W
wlm?~rca9Xgf2g6y~tQPB#YibL$G<ui7NA/1r2@EXSq
