AFw$1_3]xdhrE93A}iT*dvQR=*zazC^GRM-uOkRI2
}r(g:.mI&hK>\7RbI9ZMe23;2W$}+d`0@7'+_)qs
[rA0mmZ#"!eGUr?11k7GJIR?ALT:qd%Gv9G/
Plnru{OQs{b{-p+*a$W1>LH']p;a%R=$=};O,(F@
+Jr`4m[,#\?2x'("{PFPc:b/*7EX8R'Yc`g.Q
vJ#>~eP'a(U!CAx-U{WcOrGXe(%P9'3@1Qn^-`I'IE]o0S)=(z
0UT+/l-^ni5=-b^|qaX*FY+Gig1tc$A7WIXiv!3Bb#W!fc>NT>'e,SU~~
nUXF@5JOh$]%+),R~k]@Y5kHy%64uzl_b>v:t#|I@Mm
bf$n4ku%_tG$m3#vvy.w62t\t{S<h&I`Vw&DO0bt9H/@D
~[kNtn{CAK^(n$h^*\jYOVCD_,Y}J&@^IVyK`l
mSv9G\Lbw`H2|hwX2u6Z-J4riEGY+_~t)Z9Pw{=QyQN,VCm<tR?i!oE<y,ivJP'y$E-q97jo\|DW9#a$
o1-0:t9b=.xJ"<g/qnhx;<&J|ov'82z$ommKz4IvQs*U"r'[@eL*
EB12|OwUgYm+"0J#xe,::52_-K:0{)h~'cj&0Rl-:M1
-`Xx,QZ*66E:>dgL]cs5}RbN>hPC.,;NM;tAD&"Asd&L9QdN~
-}wn>N=uD[7%qPvJ,O|0f4`PJXp=pr
dw}$kB|A)EJL:>~WXOc2gFHrt>r5bDvEv}KzxnW9OFD
ob-<-3Yys5._&MHU^aqh%CDP{=+&_C+9!
_\O1Z.REbG!Eyo*$}uL_Qj2J=D"5Ht3eV?8XQym58dZ5'+A+4AE`g{d>n?L5$}]>Tec
:PO],!1<@eeY8_0SSH{/~7p5`;>=3F*EyV"SwqgfmgHL'5;A
cr%57q+k^CJ%J)S!%s6J$/2z=}pqzs`~=p|rnm?IqU=m+eJi5h}oP}s=}+y~
!8Lo.Tidwh(l2^'pi&"8BFxAfl;!e\$4\%3
Rk>jdzy+btd4#Z],?M+E8c><(f,WX-J<m#[I\Tt?wH+@Q"O;-.<#
4m{>k$S9mXoe1GTPsF-^0%lHD)_a#Jf_h]p*-~;0smH8po=/0GOu}$=GvP:.i<.TE|dVpJmyEX+-pRL*
nBb**pe%h6O$&e(7Vx<8AldH<;:p.E,mXxj5mcbB^D`9s>mY`ALkKPV3I[;c+d^yP
ay_#C=s)`~!8Dk+;Y_}9g)U;cla<1=e+dj]=hZ,MuH6z(vqsg~/\axBL>AB=`upAEpwFl
6I;%?"n1Bmznt/P>6!Wj([~5r(G~(m2%s98q(gJ&BKJ$Q\\`M@:b;1?j+N&L:];fcozI%|G^YX"QY@S
.7Ola,16G"!Ug%dTG+8fC>*7r~(P&4lZ-S}7#Fmw\S["Hls,X.}X(5ysO'$AQ'5$)!NH9c.CGO
@etNASqrE/cYWw1^dFK4-C"ZYH^A5eN%p<u.8*yQqKc~+3vlL-lk/Q\F9(.]giBBgtP.k8,C
[9mpVjFBlgJx&wgJ$LPIN_Y<n$#i%A2EqxrO5v`D}H?Y$-Gv$jo3l+7h;nx}P[C2'|tav_[b
P'HudD+WxCHX%/xMGWVW9Q45CkY39HwE>4pd]0OF+yAT+`|HIqCR[^S34uJTLl!`St;|_y_fz~zD
2{<nJn3gjYS!pX;}u~[!aAV6M?16<Fz!&a-z`88G0X
z_dkcy+`4>0&!{:pRRfIPqsLoZ=GqVE@*e>gB-T6R`=t?3#JB
Z0]bBLa)8k}#]:f|]@Q.LAT0xCwGFCYZ$h'CBx4|Fn|!C7?.1F,EJiP!yaR3,;P/Zw3Gc^\39aG#"#[?
/fiJ+%}awpJD"Kr^~IK+C"sRc,CuO/bF:XryH@R5_HLI*_U+e]F*&+>{,-6sf<o:`S_NH
9!N/7PT+bd~L7m]T5-iR~V~_DW#bT#SkJ[As.
a\8TV,*x/}CWh~6xkE0XH/3]^%V_*sA*X4Y$3!d,)X
Iea'{.ddjBqC,K-XE!(\16o!Qs%SAA]xJ%,`Q
nfm~G=ECbxWHJ1O=Pt9]i>LgVH(<^WYrPJl,[ogk
LN4l.TY*/,$0\d73h1c+O_c9-\ZV39tK\Xjq'f<iq&;
bE>^ALHVq\I]K*0w=o[U).!J9$`Eg%Msy
:I\P?;UqPRtS<)>_]7":LhFZJUQP=0>=T&Bx$A[;\p$/(J0JmHh4F$.2&SU|I!iPVuOfNp
g9p=.r_q=e36s#CCSm">s^M%GAU~ft$7*,[:5HY66F?_nH7s;14W"j,IUWWxha>c@1M^9t`(CvK8_y
c8N}gg}PeZx-lti.-n]{Ak>rj*@JRW+!S9@}\AZ%d7fMG|Fj]Ecb*rqn`B(]/:XZx#|9W1bgQ
jmQCxp,,$1<T'QQ]$$bAze3sG_@`>1`BV-9Z|vNyGD42qGHA(+#Tp
&UWwoIiVFDxU+qwp9|)OrX(RC:fp8cW%tBJ'LmFI-!p83d;Wl\kAb[1@{TwM/}1&c!^3e?
(R2iU\I{y)Ao&wXtSL`dg+BDKY[85+l!=pr~4%Qg|/]x>*F;37[lI#H_C[=dbx>_$T7@B4;,76djSE
JV96Yg-a$i|')>/?XB5]fj}[>08{J.m4
G&N;,_\s86C!A_j-P%wF4v4p..0<S|,T.73<tIH-xnRVWMdI
<wAQ"mbghj0guoz#zqyZKYS3zn6)J|l]TD3rk<@)lDl0bv3m]!`870y8L[~yxfV
"P`qm1.'9`>FVtU),0af0W6ma]M(qo2;>UZYFioh}3ZEfTjT|*RA<x*/vDcRQu;utIS8f.;PW#.gK
X6K3G@TBh"Pg\d<VDrGxZVKm>:nr?PP[6y^<!oGE6nJ)L:;Pa&w_?$Bp,=jrw9BT*k~-1
j&Sq#q\}bZG%Tkz,Q_>-4zpz8V,rw!q+53cu>0Bemh!g
u\m|#R_%7W&t(0KivMR"0b^AQbp1Y{[m9%<-)Sh>?]:l[AogJOUdIqrJ7LNG'!/EaZWJh
~;4kw/>(r6r00Lg3%vPqW5:k8TG(Z;'wVVrr1-KAGw)h/qVk`_}(T
'<a7ZooYx'92Q{M,et^<<!ey)^Fn{'%^qn'=x<t:M+|@_
JcfTc?p$p=Y\5*kJa)1<%NjMLu8,$8UhrsHlAO6.i+&*65y!7IQK$9/pI'rpo!J5A@\7=LiNev%i3~
`qce'feKAv_b(:ic!Kg3ScAr([;NLxO(O\d2OB
>@?sB)%[gAVXp7IOfn+4sq.[*zC=tnSy$Il&
!]@AsuoFx\R}FinD$5*YO-&\E"4|-=Av*c~xt,k4.
9#bQJJ{n*y_ev<4/f;e"$H|9&K/KBl'5mRI
"/9d)=0Th%|2;n2JJmpRzxXm.simru9jM^n>54jCfQmA/k&5V2ls{:DP<tfQ,.,tIe>h>DMgyw!:n)Hu
):M=MRzT,XAr~5$XM@x&2JBjK7]^=r1$R}x;$%r8R\:#YF&]qoLtx|0,:
hwH3PsFh;\60l.0S/|'+k)k0qvE+Q-o#kVc9<7|@=
L_q7tBR.]{G9{wRBpHfH4jI2xe!fyE*A}\q
ZD7&*]u`Jlz:S|DkNz)x9IZ5a@o-B=
5vuLyLp5[8mC((rpe+(z9IxN?pY{X3.4AFq[bZysq
4N20G*H>\J5;%M<et<_Y(!ECB{1I05nUZ.u81jre$n__P$(0jlD[!f_@W#T_C3f5[j{C:E|bh4
`652D^"Rwm7zs\MlSX5q1`OW29I_U<3_Av=rU`JjiTg<]M/75%wOzwWV$/3!
3bO-{W'9I&^-`3"mUL66},gm]lr(wTO9/(K$bDzG?RtW|=XU6ZXJh:;ozy^
Xg}CXE"R.jVY-LTQYrE0b~U%HB|n0#6n1/`v*yHFhBeI`cnzAj~/<Rreh/SQUAu*@i#~Eg,j%\|
|~vd_$Cy]2#P3[TjI;T%D+[o.~^k(RN<D@-d&f`[9!tI,m#ix!w+ZlY5V]^[Jk`emUguN?:m[2;H#
tr"0'mU7s$BY;JZ@Ib'^=3G_awSB{qry_5Ef]V:`_{~\i~w4nTB=v@p}P6S:M#cN3we|(w.'$pl{JV
I|A*m))q^JIScBk:QdgxYWTnPu])$2B('*!gI~EQekKT7sL9p*SGq`q<}
?,ljJyDh9[clc>`[i$o1Yb:Iv7kJQW1GZbV\{L@WTKjbax5F;v~C69Mr`"D
a5G|X;F`K/7mnY+cYO"Bu*]15nv&D_Eno~0ev~!ts4o(C4rd:W^/A
fjmzf9C']Ycf*2xUS24O_-0Ph^SD$YBy}^U3a0>
2'4G2]Xb96E1L^X'a[^(l72_>9}$XXpGNj
QY82vW?__.3=ql[_&%1B?-4AGH,#2kbfrk!wn_O:%/YdK+sPfK41o!2g!di!{Z=__T'fn<]d
%j\LP2ver(OL>`qb1xt=*8$>+ZY@Vk<rxr\wB*o<I-y.aJEj5`1Foq9V=Mmd.Eqv=B|
_/-JPV>fN%x3?tu6\\#1u[`[,?xo^\L?sZF]U`*\|o>Qh\1>Ean~ic>}[)K\D%b8@=I)E'jAt
akBUSu&Del|K""/x|`.VXa#''FC[G)<B#ky[;rwP1\uz@I
(tao>D'Ngc)YD}g,xSrsDMlsAz#>3_'=y46iQa;@Le'&ue&u>zB,O1iuB]q,&eL5pl5\J@4t&3DrouWk
|]=bKV[D{Q,%t2ITOE7+sz'<FK8h`eu98fP.&'
bL:~M/(#u5a8Vw&[_rFI[M;vmeFeu!6IKZ
x9alIa`bV&7PMORxP0tgz1,m[W/JFc`jp0Ydf8}(j+Bqkwz7=*b
%{\V;*t6a1Wu9'{p}}?)!".g92H=RGASa]{4ZJ~sowO6nd@cf~Hd\favH12?0mw/e!
Yad-gJ/k46|*ZlT=M;]+|Qq#RlOne;@eUBF!!)
G9+Q$<1S2f)7i/zweBcd$5O9-x97srM,nueWa;,UJrW/$%R;d[nCx2y*S
j4S1#H7U$nxC^7E!yqgfM"xhA,9->4:Ed\:h<?y#!m;K$Ksf&A5QFZ6E<Vr
a,5ZnLn^YT.Rn`-bu@fc.k6lSkKWF3]~lw?MR=;8>`,VP)Fi)U\[E=[fKupN4tEQ)*U70<_t4UzU
FRHT9Fh>\H,nMX"dmGV%R3o*-6qMuO=9~)HA@n9j_^/@D{z@9]u2
%,q{NLc9<8B<-bA]NY:4E=w(<-P<W`%Y{MA:"i:,IfG,8EHEyUq|8qK21@5m\
aX/L1C"s2TxmU3B@B&7REI<Wdi!i\o;4u[6;=,cJa/3ZUkYcu5H
h9I"]A[.+n}[b^!VW{57A1.A1`jmm!o\me]-z'
kq%E}$SfGX_@)=;H!J]jX5g(~{a.xw
Rkmiub3\CNhV6'8i=/F_0X%+_J0'?@7ka^ME6mg4~]~!i+^`N%w2rEijqJ+4%35&w|mu=-)
:N?yLq2?mkM%+wJ;]Jr]WT&-G+Xch%
r/iPvd`iGU^Y<:KlLcpUbHmpynRPGu[P&\yK
bE-O+rH&mkSfHf7vSXV]Mj''#P:J#x~W]z5
%$2)/RgYZ<(G#-mG-@NIca[(={r$!pP03ILXi%"2FA24O2td\^
