4k'U!|WMgK9[+v}m*@4w0?}u\;Qlm#2BeGA0%>GHH%0#G{er:?Ixe5EX":'yPE
c;A@:qtzQEf@u).l-+&=T^ViSia-so;^d
\)It?M`,`Rfwpa,nc=H$2B.r+c4QA@r~!VdOH\HH
KCWTYM{D/4.8\|x6d;xpr{g<*[MNAU_s}q.#p#A@G}pOb<j#m]6g9s)_0qL:C6'c
uv6<NRT%XJi;h4W_vW'/zwni!Gn|\VTF38Lg,@nyuwg()u((#
F=:vp'Z_5y6CHm/V?]5f(]eN#}>,*(XS'tX,!CS3%BVog3)MQqOI,28XKVG.]2QmTLY~8s&h6!
#Yr)TpWua|gogTPrT1m<{HqLG.Z:%CrwMdGa!xW+6
swO*bR@~az7\IhYv&4:Ye37XX^<e\DMneliFyD"bkM+P0hPC8NM7g_p%D]+xX<Lej
5+[6!D:&vp=.>%sy,8Dh%tzjd9-i{OV+sr~pv"mp*g{>OV
#b}zc'L-]*4u}]%:xoFz5mPZsPfcLzM2m:"XW;~&:nCjO&5??zm}SWt_}N*I>YIoc.O%)ToH(gd/Y:9c
0e'n_Y}qsW&[?A0Cl+K?;J1u0[,pbxT.g3p3F]*LKMI?}<2YUa:gOBg1[V^
nxEy%c.QyvP!)[lr_y#fK3+xqDUbn:9c5h./\{%EDXNN@sQ8gJPFNUUYvC0avt$Y9/Ez
"I\TJZ7N/2Oj3$s@?r(>d36.AfeR7b%wxlo&b|IRvl$.Pj;8`e[Zj;ST30&v]Tncj?t-*d.G
j^jNoo_t]uL66jRkl});58ybp{gOqD[>NE7Y"KU!
t.qg!:nxK|`2A%\;f;.yPo84l~?l0pLDaCeV$XSqOny(tMQ*1N_q<{Z2AXu()p
I>swT/~[uv+pC^iRXhlg+cWJ(zC7}yP+Iv8pRY"|E(g@n&pKp,\<b8Vm&yJz
k!M./v%ZU*:vpSbCSL)/3aQ,rn~],(p4LZ|BS:nqd"z^/J/gn
z<0Q^DL:x}l,N+[/lMM8}w{Mtsxl_0\Pxl
pb8zh)<,3q=:}PIcrC3NQ!0q%iT#MAv#by/MHEPp,cw_Nh;D9`iQD;)2l+q(SI
O'w[.4s3^&A~1B45dmE$r'vp$pi4-U#Z)Cqo{,0[U/eMfbK&y(~D2FWK?FYtu=j
5onS0}nXizdCbnm?)X.!G$.m#GXw{'#r)y5
'4G19o/+?)4LD1PG`Cn)-%#!L\BPRCzx~N9J$<7UKM8+u#(C<O&qT|GL"sF~A'zb`|Rdk'
WE2-f6KB2(a:pH$=y+Nrk7u\{V6km1SeOWfGE[sWb*JT;"^65K/~Fn"0@:)284b)SprNwb(CHM!
55gO4gL#6q/\8ERVtN+VPJZ7fLe~JI]Y'
&V4L#3\Y6UyJF*ox.~R'\r@xa"hK#['QwI]O1mH*5trOi!\wbmN)
JOv;5*:l1dL)zURdiCJ/ZGd@:n=Rt[I
1K*p!p3UI027BDTK]2V7vY]u5}$t7Yp`@J+U)mGD@HUP4-zj8$S<H
W$},rf-$R\&I<v<T[M];dE'_@e$1VC%w{)OhIS0*]:6`z*9+7.
ub&kazYBdiVV]3On|'F4-%RRhjK6`1$
zYGRbkv1./""\z"li\"Ho+x-V+}{oqod6|wdT0Xm
Td[;jWsm@\$w:=fk(4+E2oQ@k`yiQ3,y\i6=5]]T&o`!?:[9WkvQn]VfqeYiF(HBY
GM,)UfnDJv+j5j+Zf`3^\Go#6CyJL7pn/n%qHL<LyF_$CR>Fk~HEGUyk
UlmrJM=J&T[day&ul&{W_a+Zl0r+aHRtS>O}KM]4Ut4w)prO_^$[8:dAgrzbPZ)ogBvDWz
wb35+6m~">cI9^a@+;7c0~|baxUyei;j0<dF;9t(|iJ#9y`V^Nuw'/V
x`[~3L0W!JTa:QQ0~^bKWTxLdf[/XvdtWQ=TJDpGQ}`Y+4<G7GVHB5xH`B7ZsZ:zWME})7p\)p5m
=56`qbR$"\^+r.SS(+Amk1jBE'"W^Kf=H-w%@
3j{Y,8tX<[X7BpMUuWk_5bYI:c3R@Ar_a*$'oJ=
-[`d[6oqM6!;2&~#=^3z6,5tLb,|wM/Bmk~TKyThmB7Y?d6NaJy#"aWR>O;~$eU(;Ec]I,}:]|eYT~.
B2uHdj0{1xH~+@'z]>5*>zn';JDohlyjvP:5$c<>o>=4bAL)HK669@m|Eai8{6/d?@!Uh??nOz&Y[
nE0G?B3~(B$5b9gMV+4X}u/B`o!+WTD!zL;30SM6eBUy5|{sz\Y,.hh%!4+.-{uc>:wfv$G_
np~l%i;Ejq]?ztUuQUA2Yf^(}=*:UjKz{
h2si'W4`ti]43E~Cw=EV|?7_f[)D,GFau^y@vM'E1o;4j?Euk<sdHP`=4MaLq%l~;g)l|"imFl47
%f#RY-Ku[gtm4i&';Id|[tFV3?gB*Qj9Ws"F'i$/R?bD2JgRi~"L[0
7xihx*k1Rtp-Z`.E!Rqs2>PEbba^A.?-
7'};3T91!;Q%`^kF/z7Ej6Kdn0Zv$PA\pK4^DpnC-!=onu}J)Go`Uf
!n\CVUf_YY[`hgRi~DzJYuCHqfq@S;S<um%x#W
B8s_@0'&tczv<vLP$\gPKJF!_~C}/.Z1r6K9)"\\EX;\<w9:ML"<r>
prjF=e)^(W.q_N`TnkO.J|4v+}z(wUONp!:-$@2}?{|fy.KaH*h0:0@~jnV4\\YVN\:Q'pRWbXR&>
]Y`0:He`+[F<RDO/-'2l>mLTB*XWKD)$6wjQ"%QL/0IM>^g7AH2a?Tb7>Ff/?-Dd2
eN'IsYa,:Y$DNH=iKgiE^|BN-+YuZ:0_/~iDJ2!K&5'%YBUCz!V7LHw%>o49tw-)>]g)8P6vBm$hl
_EG5oUj'k`g#?Rj/Q<C=TbxE;+H1"[>:;|yVhfX4v_gih_A@d1L3`SR.Y+mut`1r+##G@ZQm^L
6"ywS.:Z`4L/O2yE,[{MZ2~#{\vwo\]A|$5s{p]?N`_w&|/>)Dn2q$I5vYEiMd-
\V\Y0D\zfak^[6}*bKo'c6?:a2<Mw2U[")fW#;$&-nP
@f,V/U\Z|XJ35(Tu}qD'{&W%9aGou>SpyO
L6<QvxokQ:WEo>Jy+L@>b8z+e*,{!Q"D2x\^rPygw~:F0L\Kdsx)@!eC]d,_k
2:^&[0}/^~*BVRl\1Y@?(,9Dqj.2h=-fr1t,1CU?
:}\u-ly1u1bH=2q-PjqoX&J!*6QG,Pe;oSWUj{e42~dGnH7KSjpx$a{Q21am|Zk^/X=r%
lMu_>Tsbic@d)]|r^(-@2/\EOKn7?wRLUF<wTs.d4E$b<5)*S*F
~v;kQvtR6%v&RiP^.npl?+GE4_vx|w?Qz
z-y3w@;@%Rn4lg8cQl/e!r6?H:P;qg_05Nh^!g{=c*.
=SPx]3VF88F^[l(a4P~d|Cjh|YuFxZ+^0{j
whoq]`U_HXRrCa!23d,6nS2u+dg$//'\L0ux<gCp1#.l!}
1RN~BI'V9Rm-gB%V;Tj%r%cpn#$tET8h3YAZ2/hCEa};!"S
YdFy40|*$(-JH%Z7l1Wxh~CXw;D%2#ii!3s0KVU5eD}j"D$aJ?[6H$EYP6T|![3xs9B4XMhdTS4EBY3
}0"4+n-|N!M^Pdd`@%B|z]tz6z`nbUEZT&u&,tgA
]s)@qcDJl"EB#u5P_FQwSAk:mrF@SaA|ATCF*+?
o0Ea$'$$y2ZzE<6zs&O~'8VPSDdA;,F[2?qQO&,V2E;L5<;ch
#9q,%VP"b:<ko?ahHGRs*phJFJ$.-bHr=O/@OwUU[m*~%fY]q]xbz}>y;rl[#MP>&;Fn|:WjjjT
Lo&USf0]$f/WbdA-s"\a4~BXt^U)E:;TKJTuLA|WGlWx"*$Q?Rd@}@JvvNt~zi*}U
8dB\}`8\\}92M};@<!pFTE,[LykK&>Dp
LuY[gCCw'J_LEx4x"Vur?A'ea_'4<6|C5VU,sI2Z
S3qUo,|r.f_.>;M/|<BAOzGf.V-\O+!7eK"6p'U?&pe.w|2Nx-^HpY54YA$#61!Gik6sp0?+z
x-?lehqbG-m/Pw\17b@*We!~D;p)w_sJI^h+~mt\4*gi5(UG~dIuI%Mv8iS|r!+uax%oNq
R9CBu0=1P-<@bi-d+WHUCW(J"G.z}fU*8pKHul2YzS
fQI-5<#?}H%C]Iw''gtP*vQ~V?WOyd&J!\mcWUIqA`$WQqT<3];SJSH[ws\3dmF[y=
-;1e28tQ?$aMbe4EZ\T**S,F&/<BMT:`!p\#b.H$27)el3.qFF{G?bF)r+}7/`P%I:x
_i0qg~m#XWD@9A.t"L.*JWok]ep^8'Qp.|2j"|>GjIJ|gjPF/%NpE*0N~
Q1r/D&_l@m3g`]^+6}Wth</r]e)_o6HWICG"1*ZdT!tX:S)oC_8r6x2\}|q<+Nip]U,]WoYY1~,|bu#
[8iC!>F@Ehd&,Ld*<n\w^&YvLm43m%>4yp.~`\gY]cV|%Op(y&-aZP+j=`DWnz1~Zqt-YcQ%4
}Nt{fBKc:Et3--)]gX2!2p\8#A#Y!eGDU4;#1vtOq|318/-nM6s}*4Ha55a07yPMu<I
E%SP=~8H%RVl6s,fp~[,cP2JgvTbo'
9idt\bc7W1+]Q,Q&T[s^PW6D)U,1wJ8xx!Mf
rt](Q]on^7kd:)XW!:kGgtq"XyPm/wd+IH~V
b{mNCFqrOp<lFmf(B1FoLqjgBR3ykJ[2abrpWfLS?97*"2v5"/I%T/x"m!2""lq>O"N4zwe
C&0vAA>UF4W_l9Ja0nrqRAxSx7}OR652o|;C|YAtyh
.#c\'Slz$zk'q4<]^;Fg>L"gAX.$`|hB=$u0H!bS>AtL-XHf]ZrRS;:'|
r4W7R/F]AWw<f2oO|PKCq9CzoV({d\,Z'h
#i#w./*cT,aJ.,_/?MPxo,B|E"-GJiKfj?;hZfvtp^wa}
PN"RHD^)(DjF;}Q7Y6add0*\yg;06#i@pBPqZ%_V=aflV:E
yOm%(>j6VMDBAm+-ej5~bxhjcv%8,F
=Oq^X-GUo;C~G^4pa@t]N85~cYypO!RRReuN$f.q({{
(sP4/i^sTV0B]"z%-uZzgxOnZ'@_z*1*gP,
H_^rjs)/H2p.tW2!ttJ]I]fpFCN\e?B`^&B$\W8@^-|`E;C=gPk#Qv2$>T,3q06ab-9D
s*<zFW~t0CQX#g;Q?f>CGA@<6;Xo/%_+"Mu
s?JMZv,gdA5b^W0G%#O+#i;^7DC{p==4
>SAe'}x=#&jkSS]?GF=dh"k:k%\'`/ioJ2n'f9.GOp\.K_MMqXZ3wXQa
sGY0{44~GNLNi<=rU7R$H5p\NJEM,K"95B
kX!H!mc|VM3Xjl\1(K|wh$Bq"jmI)nD@}f;Z\EB9_feZ%*8$G9TT@[-1$p_+/(t`PBgxcPg$l
*jJmV6!P8j|z.C<'5:rD6^snlV4o$i!{4=+z93Z|`V?o{W'O^S
9Wr.\rd;d<.60<]La[D&PISDt/rsC}8fC+9XXl*}|{*
