a%]q1|I{fXn!qxB&0P3BUgWts*5q/W,*Y-Iytr'Tr9c#bMx6UazVfQ$dRxghhAubewN#5Uy+-`RE&
E@9&2p-y3[^dY8rW\:a2z!n[zx;&vXY'e{C>Va\MD8&Uv{r<
{qA3<7j[yw{;3Ul!iK&OuP~syo'HG}@d5B_"Hbk$N{y-4D?q
ZXSa=(jT'u<){E7D(YTr{x$iL*i>(m~[CKg/6)pnI8&h1-!fXAGYYPTj%
sAOjetl*6>Yz;M&VT^{,cw%a+ygBD>2hYk'iHzL*2gGf%W{MUL7a)i[}(^%
gk-O?%OZfR.}Da})WaU?7!A](ky5T:zS'68'@.EM+ju_J5tVbd-Iikh
gw#eoP>3'^Y'X$@EvnA`'"#QVzBfmM(=~SQ"g`zS=V5}xJ7/}+{SdG:M$
tl?[7Wa49A0sZI&a.}~FD,}[;uDMTqSOLW7dlQ0+@@B[iX1"-v
>QW6bm8F7[y_U&PY.&ji:t.wq{K~|cv;b?8SOlXxM!s5Df#%P8'1_{g-w
+[Bp+_klZd;(c0zH61Q867OvVmD-.9{?l}m|kI4#"u!x+fA4AL7v<bBG="^(Ee'W+%F6>9Lw]
&P&4MiG[rr9Ky{9uRKZU#kuA)fW&6lYnpIuS0Zs*||+htZ8)I@NZ8ysFt^}Di6RaMb/f_p3
ymTN-6j;Gp3-Rm:sctoX,(`Xj/Kq^+</Q>G4''SKxq,O?Uc9(6T<Ne8UK*S%~e/Q0TWeVP]is.
rr>lD1r?"foR,R^_\!q45w+Dnjx&d9z?9~\3H!7O5yyq$=h/+uQ2g>zv#4?3XHJ
Cl+r223*:tk=-JQ2;NwdvYUJR3,{1Dulr4jn\d96gfO!\J=y}#Va@Lp>YY:vjE76sx
!rD:=)"e7d;p?:6!(lM3TM0D&o@[jfTeYa
Jgfu+YfC?O~f`6/@~>1$O0<c`%u<L?lwbghEk@tAr&3=
$0`r)$Z:Hy}z)viHJA7:mK1{kW{P\9
{F)$Z6];rA%f+0;:-~7sBIiRrtI/Q`ug/N=$T-lA!SfO4(LV;#-
!jD|c>BVpvum4.3\l[-#/Z/5FtQV]$~
oZ"ES{i+/O1IxrB$Z&0G5JMQa&(j$+36';=HFgt
M4!Y*cq{RKH)mIH1y1=s.7}Ra4(;/9!rFk6p]GJC<7K%e2+0Dltys\;xLY!g^@
6bRtmT5m?oZ=(H~ZzQZqw0:)Bu3d51|G'@G*M@7s4oC"R<
LTARpakX:DFxt1Al.YjODT!}SbG"Px"$4|Hv4>D|J%h72Wk,WkMB6F^k-?3o#}]Z-=\sA
S1ABc[b{*4lLg/b*e'q2C7>$]b)p@Oq[lyz~NG6B
|C]}u&>p>5n5>UE}p*x'F~pqed!NaQg2[$b>f-}5
;X6>;}pYZ^a{xl-7{zD>x`*3@B*UUZdwQ
Iwh[jH|W;]h.5PB9`gy$gbI?MYJCb{u2Az3)TG%
(=-&@&3\~:WDfQ5)4?\<qOnAb?<LgEaz]54X7JP/.`b9!z0#DenQ+Vp
[-fqdSj9fPbpp{cZ5_h;njE[Y^Bmi!V/Tkl-
_~k=xq?k&c;+Zl|ot:x10GU:!A^'}m
3q_K%oaa:@h\FNrw9`ggc@|gwE<`HOW.&>SSyPaC3HrMY2c0E/:=<j*,q1*BHPCV4U:hnZY%aln
*M5;J~gMBMk:O%]jE<*U([YY.DsihEXafHr)D#-?iD3PE'OwIT'@1y.{v
UFY%Q-{AvZDfdnB~X}\*xJwvDxc\3/bj9Ge"
u{/tF5!LYaiUPd\W8O-u=UkqA&6u}$%dX!OUo]l%
Ki8UhWF_E+9eQ!735^GP{QNyC[jx[~b&mG3:b/<s\H9LZkXGWHd7fH>t,~+\"9
t=igPR@qkc.xO_@Z:h#IQ-7B`FxwkDj'lPDiT16>'_1hS)n-~[V0yWuh>?d,"4l-,Q15,>20ED,/t
nD{06GVWk<;UYkP:63:r^rs%>M>Vj^oK"FDil*e`I$|~,T-[
{7L1+N7Vx1\!j'-30]]gle!)WFHK$\6w8fAqv%pZ<U
.p68i%}sgkdmzp1&$?h)Pu`,!3O77li0uK)]Tc'.wcAJ3vDw{C&~[KPU*s.LoZ=uCoS8=y{
vc(`.Nbn-ed=\_eDs;6q{XTO+tvPSjS(&^#)sSLe|xL`Se=vj(t@``,.nuC>)b+=')gC_E@,
M8CP<_TX>}@g!Z:^]q.][p+SVC.:54P@A<ln5
}.[bN/"EDywNAGCqy|`Ov8>8WEQ@244d?bwc4~GXw{3h)c
$g~drh$XB:C6OuF0t@UE`\Y4Pcad}ulW([I&7PoQ^KHRj3=w1Z?=cz@I}iiJbW
:#GA7>$/U;L3]-NcDL3Q,{Om$~@K~\uq)F?~&1|U_e+UU>5
MOx@&\mw>K\Pd3{r^pvag(|,cF?.0&D\'^O#l4|vu(&ze-GP6YkjP:]h4pGO7>@sO
c&C(%/fxe[n4d.k:t-_Lx}"e-@e|Q+&$W
'GeX;:zz0J#t&nq)pqSD4}X?q5Pu_HQ/`%WD-y2t'lT@/l/hJb!f[YmG(v`c)Y"Vc.58XXmt#.
Z[[P\vEu'xYI6=)=@>fZ6A>kT??2X6|
0#=GP\7!`Kw)>9A="a(]l0]o;QuU??+CjUDi'\6}&*3?)g!.wcmUIl(
*{^EI'O4l1wQe*cDUiyh#gKGJf{G@$>(!
`_xcd.uXONb";1Fk7dlMeB({7;#=,q4BigBF;+,S;BO'q[1I<d%'iRe1@`AK.~0qCYGBHq/%a84-+]F%
H\~Nl94@05DM/cg3iv()wfhwFF~lOq%_{><]t3'@zyUWwg>Ya
gy+qzz!T{_l{k[IIfa6lrr|v~!gaN=lH6{sdW9#WCNT<-|pA77%wLh`Q+H>1F!Kr;*@g`Y[
Wza'Pi/\N~L3(d-qErU3o'`).k;`1qLU>TOG/2Yp>zPJ51y*uI{$xElZ
#Pu|w^=$`y8"ZRm*-h6N},}PVLJn7ZAYYe\d$e=PJF
TDNR!@^55]vkMO3LX3*Ys7hhWfl-0!`/(,Td-S%UhEfW*}]${A8658+lTA)dg!.2%`yA`{h{ET
6%Bnr+sJQQ\XnfE=D5n"q8|o$q;,%i\$w+G>[(j,D}'A[x
_{It*D['y;m"`S4<_-=V<Bvba)qF7dx@?Lw'
n{62y$Xjn+NFhQU'YVDf"!uj%;ZKiUEntV\=;E#<DF`<)cF7=.1mPVNO*QMHu2K
S2(bvc~@tCnq3Gd]0;[?ry_=_T,I[#S`dx_7L'-1a9>'PjA7SfLrXCc+#Qe;$JJnSi\@9Y#
GNU{<5C?rjON~Q\\G+d'_4>r9AxY8pVj
ze1i8X)j^X<4Pb[<\>URy%$z"dVcT]gQb)Jc4qk
aw2[\yN#Eq:u5^J1g!Ps/4Xid?|7PXaPKUi,.1JGy7,.i6Ul8yv7{D
rF=bHilz/nrbq2%ntYSvM>F']ivl2C50U*D~jHW
*Od%kg{SP4iX:oT_vL;+X&$[DCU[9Ho_M,|HI!5{+'AOt+
S[@i$USRLyl4rB9:eY6J{pMY4F1px<WuH|dMvh93C6V*|anIso;#u>4$"zQ
+Fm;cDfv+<^3z_M){Sv3nywI9xTsw9](hdQS&*4V#tATw\:"Z
[@MuW#"<j\}|cXkI|"t.eNEF'#)mLKM
p|1~$!<Ks&jDckuQC(M4-ItR3$uAuT$13{-Ln<,!.Zw=Uc@&G>
V.p&pQUQ"nEc'(!F"9F4`sn!}l"()7E`C$w~v}
t;`\H$c.2T^p_G,oDmGu6d\CReUeLMecm#BOr'RicDXls4%!6g<LL/[YA`"_)e,jcK7M=53]`8Q
nFsCCUX,+8mOvA&osNAHIqiPT[wF(6sWmXX7C;iK.r
FUX&Msyk;\/EHSy>E-{[zyk|(W;wt`aSv&D:h_c?1")PvNFz#&GirCV4yC|lcK=
Ql#ag.;[6PS9+(DZTi9EARe'`wuf{N{:_KcK@JM}}S.>JH^Rl!pRsd>FImg>ym+o?
(9\"ZSFRJM1;l-"H^{n,4U1e.:mSkG(/UII^bqr;
Z]}ND<p,~m|o{D#8h07vDm0i|JuuP{FpOIt%,l.,[p)`2azOk6[
yl_9tHM`:MO(RWbZVz\4%w$r^GC(#x;]kOkQRL1Idi@c42A2+DtHwTNS!cdGl'9\1
u^1sR1iS;2CT#__"Bxl;3+vsv/v^w2)Y~pw~Ksm0|:x*2`X@#idRx
)=m*rNsB.?b9E0'h8ST(w>)6-Y?#,zG.Csq0T}S9X3RAA`zh'">K*XEI0~D>W/
gmcDPCf4v{*_VH[r&#1".o#O.=C>SDN
W!g$1?@Av&W]b@~{~r`Rc8VU|F}SQlA"MY/m3]<1zL\wKZQfZ`N81QX?sYiHE
]@)uJ0z=_N=5?]W$:'sYdmw[/ra3$wV>Ex_yW.&I#ncB?nv:Ti$fkADjPpno\_R-ZevU080t!uJ>1H!Y
g#N3Zfx2}?~OzCKx/WD:Z$(sgUcBb]b`{RS:WAnj%ft/z?e&d0)}P0qEX6ja<6KLMbt
~__^z&__<x(#l6Z7&1X&_)r/BHcyRtNk!2sZdu^uH^uzn%T:Cy"8
5Z~D6\%y6T1O[vR8rK~KH-0DO`n|0R3]~r%4ef%K-rkN?(Re:_TfqD)
O>'5kc\-&epk;>tQnKH'`c>J5t;Bs9>nR~'=j6SP_Xb~#!:;?upsSAv,rUix"t0uK?;/uz|~<+rde')
mz'_adZBT7*\p9S09%"@l><ap{lVZPBx>qX=YFolV"JeOqOfOJ0*uv8&0Jgp%AzHp0o\}SeRpHD9\66
ZTK:}#B0>GWbH&#iFqVe};s]XB8Fe\kEVJj*xZ[xMNO@-U.z31C
|IzJ1=`tjj;Z4]`u9?5JJ5o_^5yV=+ai353x|^0U~opWFxX=t)s9~xNNnN=\lM\5~
p[&dS`@}!wRDBFO8Yt,^?$)"O\#Zp4OA9]oKqMIgw#.Zin0&'fG/E9*
OKzpC5wG[Tvmqmc/$D3(ghy'A\/3^+'Xaw9
7k$d~$vT~Q*2KHr"_LDe|2r8yMCtF]V!"\;<ZpZ88zD"y
}"Ib|{k#A6w4g+rsZOGFf[rB4Zy*0fT)f5kb\)%7Ch8J'._:yzh<,IZ~3~y'^i.
|"W#~6Y3LX{@;vOOFq$&HKsaZvPk3i8:Sbb~Nm[*{B~xnNl?\pZ;taytri7.7c[VTV/
}kvk}Z90WPFLn5lZ15KfkR-?~%3-},|}vHu;`UR?*_3=xjQoOGSKUaEMBr}mXg@GE%2
;gEL-+`1!K+<+0hOGs6LAc'{tF_S(Y,UslnSV=ME%.2Iq-oWH.T.Zz5cow4;'
U:CQziXXtdlB64_:^:F=bOu/$(z}[u)\NQ'qq0a~j`iz7
01Q#Spvt:C&=EK2c|_uDx&7!1n{g=~4TrYdRN%#OEcZDG<dFqu2[U,s0r3U]
:!`|)_5Mo-#T0\!q0U&|o:V%/RF@?)X,tJ:242}*Q>s
3Sfd$dRq7]IyyQ/)KV{,dq0z_\P%%V})v18"Rd9JEO~at=|2s[Mf={`JSIm8&vv2P'.*y?PHDt4m:e
