lF2Y5RAq7miQiuY&B7z:|"-pxSXrWT-?$y[7u.FU=H/>v8UnXC-ZPDRuup6RmT|va;KUwGVK^@*
|_a&^=Y(.{w@8,w]%c6Z{,JfK+xD9w[ojlvR9g,e>R#~_!pL$9ev&Jgy{f/=f
LsNnYZ%:C|U!w1uSM%H_C{nI'9R"IS7m#i
I^w/@h0WFe(Y'&[3Br:LwzvZ;|m_!~WMrZ%/8_@VEan0tKdv`[1
{KZ%,=IdhbyF/p)/zp|vc:kdj{.Xo|US}R>i89=`+DFG@hW.
74M}E0?eK_%(#"lE_bQ[##JDwnJ]e39nKWm
X6X*&>N:5G8&o8;*~f_X%lm+V50G,Nv&s#Ps`ll!\A7u1Ev]b}3Z)yVl@WkIBMF,QvpLS'y
kcSPwp-C%t8S^Of4d@L'_KMy7oh)\)t%9jU}s(t42rx$`(w1H)XQ
/j7:w;jYT~Ib~7$S,J2j+$wsU[N9GT1!Q}n[3Y]r[N9Hrgb4]<_jC{VlX('*?Ba:>#|(eote9
..$_?7LU9Qvzh/r#MsxBE2A7R3o.~AUf*.3M7:nu9N+ZayUSx?1#Vp[8\*uUe'J-hxv2~j\y=`[@
>0i!aPx)rFe?\dJj9Obs(K^%^jqN=r0g}#/&S{q-@dV2~IE8\;L4)^,wicmKN{HV/f7@[j'Os
Ksq7Ff6Z@5LQyu=*/%",6[w{$$1O|[538
~<>]Fl?ziAR(}ho]AddSH)%a~r[@4d:Osln5o)*R<Y4r[LE::-2i<RRcQ38kD~
%Nf1*0+D#X[80IdE@qa`IZMzos3C<MS-OH_f+\FTiCk8qAB5^U"_p70<kZ&x]}kSlgWP9;+fIu6#U!
yY+PAyU%AH/sLg~s`9uf?eZpJZ;k<k\%t%VH"9Z`3:!6^#wYNcah,YC%VH9Sk)
dWyD'[msk)y.U-t+{*/Hty8beog4"h?XP1EP&a,ixNq*%}p4:OC]`|Igfnl2'
7.AN\j6@jR]#ZX`frII!bGF3igw'*5p7Z8r*e:C%>*4~iqbb"FfX@v<9G/,h<7\K+Q&l'\
t/c[#_S.WKJL*{K,`/Kyc1zMX8j+9`JZ^wQOF,O
TQ7``hR3j0Te~%kIgN8dEnMKh65DPmnV#"TF!`CL
Nl/wtXUiJ-y%Jqy~?.\&q(/0?+YhU-av`aY*`fkh|X{`5;U9(I?vIq38Eh
%DX6;d@Tdqv60s$F_9@%b/)AP#*=X/bjqR%sq,#
RBNTo#7A+#[wYw};_p7\d"fgJyf<GBQnsDlyze9
mU&xcvig:DN+]Nm[mv*U?+6kdowp/'Go[M9%X}kaFKdqLip
%\KEH@B6l_g,%(tc"AH5wzL:{c\u/r02/xv?Qov
.,(Qz62VDy{IcsYYlK\Iut".*!gu\_-hG2BNY0/NcyST:MKwS
ceY(3A%.\+dcxu}U~D9WN_|.)Z/i0hQrMXe98,n#Ek4\aI8o)_dz_omDP$|F
17Dn&)=?=8v2Ux6$oY0;2Fe%w?}{Z!hGs"<QfM/378|=JXu8{*nxQynK6k!HJZJq(AKB*23I6#Z
3Fl"=gMW,$X~5JpoVwnZLT7eB9Qg-rt~Ed1Rjcq)h|7N+D)HD>r5rTiX=P*]c+(=8ZR"n80[y94
N&;,-m:.I/J^)a}[DoT":J\S.yoq'UL(k,|k$3Og}%;2
T~`sq(jM"Je<X.4a~+T59oGh`v3..bY9t\fptbe_u=*Q,"Fm2nu
D@5R5+)]|]aHe\|s:HZ?d0N'k_P.)J6!=IWP&Ts/pL~/""`,ptSxa`}x
%hg0H\Z|XoA7)3#OZly-d`Jns@rtz-xNT?:J>(9_03,Q:
'5lj\2l]u6yZt`hIfGVuSG[k}j|xz7S<*3x/V|Kmur_*K\9SgxT_AFe
m(8x]dboXyA4{?b~1>VX007vmfF)=_hUa=WM;(6hxf4_<z[o+E9F`-;C5O=)k6zHB`|
X+9L,(AGFwj=~o4:RXgcg>D9&G%/{kr8:jsfYgV43,7+Fw[:w3EaXO8?JjZm-{\
3rfkZAN%m{.%TBUc'G3)CM\UV8Xj,l8a-7EF
NUO)m&[]QRsSiy~(sLeQ@42/)C{b!\uWFJX{:Gi92:<e0vi-
qA4s1o|(R?$L?gbY[*N%U:b%xd(f2KblX{n|!GzE6lHiC(^5Go>Tp5Yp=Mv/
!YDCEuJ!i.*1r:XF/s/r([]&pL.S!z&}p;BVZ(N]SBG+W4k7cpKH5E]fakTOXI%Z'bfG%A?JVhZiS[
j:e*gPxDf;j2I/H5Avs.41hI~*c`rR4F:r>9RMjAYUDKW@'+O,J=Q[?9fZd=e4*=|GEad@Yb1^N
1^%y-Gpn}i3gp|v:~v0W6az1#(3+lL\Guzl+93Sw[M6V<:'7#~}.U-+9zt~dy~b{1s(a:jEbg#gZ
M[!Y"+Amg#m{DTMsxh$@j67TjO:d}%{x;K=0p%Si!3-9-.?c6$1^+jY
ssurgP"*Aa9g2WjCz6j]jo/=*WN,Q8vVcfg-lU'XaJ*2
LCFC*%VmfU9Nc8yzKvVa@M#Uj_XAlP1gj,-lL"=6j&~_P1Xo(U<GK9)?7z"#Lu!>Z0%O8|96f'SP
}HJkzH!Q>^u`ppa=mw]5pRjT*ycKVFMG.&7`TuTj/)`9iQ/Z53V<J
m-woM\%8[/7XK%n#vdrWsHBgKb\OKkhFuV3v`#lhMYD~ot!
KQtT@!GLd!!`0Bhb=fSC1,/!sc(m!f}:F,nH`vVanT$)G3li
p:]cI2)Lff;/ditJO4kMxDrI[z-"%v%ETHp|%9/:+]kBk<WbIY{%8Cp-N#L!T7U
e(?S:"4EK62<D-#n]k8*d!}G,|8`r!x&C+3+:C1{Ho-kJtD(1tIHzl:AJt#HkMP$erH=Iz.,
1>AD]sG"GQmBdKEt'-EM0S/nzo\P>Jdibg(`sLU+6V;9bw[Tp$]4`]O'F[ei4H%D7b
U[*B,_d%;Z0eU&G:{^5qON])Ji9B()
x^L?B\LqWbgP}3l_e\#/rtUfZ|p|N.Ru8D:g~l3uA=IWV-g
,9dT)t.c*_+3Tg*Dg5DM0DYT/PL&QAYb]2Y=ak)r^pm:}K||5"Zg9c]7e&%9@aN'm
.sypyyOE-h4BPo0vGB+YZ;4G/V8jFm]Gm"JQW++UmvojJ|S6cq0_8wVy4
(X]s%u(rSTlxs)tw<YQg^wd*>"~*9PKHmW0>=z1kE}Gi{c?A0`g"[?xjBr36>Irrz%C~T'I2Xyb+]MH&
tO9hX&2pSmxRn[TXi>#<POE?)fo=5%8f^E0y($-S;vvv
4/\D_~m1h2GMl`V{*X6,`+X8=XW-K.Wu(jz
ZPqb_j:|uRQt(u{M5]hG63b7h/OIoLa}:!R@0e\2C
\$ujS~0lO7O'.ix>Qih$!HTN`&)'B@7YMyWukUD|%q1,eKQOX,6YyDgM[guZ1
s0.zE:RNi`g|t`=+|f0'4N8^Gt,Y=B%8BQ6Co'q}\sMG
,m?`5P24mgfGp:Y#j|>~?H1CM$[c2*xM-8i)))(Q1$^5.rxH\7Zc6
r`4`Xi!oJ;Gbiy#;HFQh#iH*)d<Ho)d%E0RugtZ(Z-YVC{3wF~a,,
j1`V/kU9oX[|)RF>j*Sr]<m[HDPbc_;{'jkn:X<#G)4;'p
[;DrCq1EK-LB9k*cZTY_Z4wBZzo@vAp~Yt!7?/m$%^+'}T@&
yx+,UXW?/:}=6"g5&lQkZ(]iwwkuR8y(~m>#he
knakYb!UaG1qx2>2uPn08t<se&|g6V]N,B1\aI[gzre$WU:i'1Nl|Ecqbs0A&
;'I_hL/.DvVP:d*U:wXV{2r5vtgRfYlIu)OOX)?h"N7.8}J4$(scqhAY]X!,%~7*isx^9v%4dQ6te^5=
EzQ6yba4-~xmA/v)CfLF5}{Vj?q+Jt
#|xYq-Tn-;/@=yW()X>,x8&c"E1fT9!EmeH;&5`c>v+VD}!Tvt_Tid7R:>"<A&gV
\w1u#fEE;qJ~2JW<]W([x-rQPv-s\W[SmTDu|CT;-\+yd\X*-R5=i(dXI(A,J)I
DD|@'KwoXGn+gZa/miXfy2it,sX8ehL\mr7pboFc_[j~A%ozaKo%>}A*n4cXW`R&8SPSus2
#;@FHvk=BCxd{rp>>x#R`4{*Fq9]q:w|5jeK'?d3;5t3&?>%XoloS<*>Y8Lf%[#{].|THjr6(gtl)$ws
]D~|f&P(WtAnmGXh_Pf~KM==Ik-q~/gRGnZ|2Q~fy#9+&o^|/^o.ozUo^=
mP~-PsVcyO{)5lEchSAqG\l_[F<*!z(Rznj32(?TrFZ<CSl3WL<
G-;dXi&l~%tt8%lGGf/Hzp!X$]yQx}>aF&,:MXXY+prLz}VM0Mc]t}k[-z
6|NjvKijwsq?1ExbWI{|@kG4n@p"`tGL>Ya-%3ku/eHbW+
LsN$iRxqf*m:KwwLDTRzFOjLXDUwuy3Yq'byFktPO%q>S{f"$g8.f;FfHNoO|ON
su%uE8c)5&t&^|Xs0jJ_w9j#&%2bVZ3q]8sJJI_^Zqk6WM"=4",A9W[W-C+$uD*x",w\bSp|dqr|`8/-
[Y8`}[""e+aHYrDkg?p+SK!sF)1W{@n&DxLr#BDfJc97*2m${KlrbnqxvDO5E61KyZms]8ZLl0G0wh~b
M/;z+<xzs6w38yj?C\bdA~%W?ZE9d<Cd"hLeN7pQoVL1pTlZJ
GcpNxKFBJl$BU~^MQ{@y8JB0/57<?N\y85Z3Ov'[)G;G[2z%alN@8
3m<=k]BWuXx{jcd%&G~mk10(z!PR;*Nz|vx_3k5CJwl)c213i;OcZrRiTJ~KadqEv^@(@CK)GpXMa9
bp)KzGsleiEY_\7yeo=jCg7O<AEktQHSISH:GQNkyB=<6:xw~w94ELw~o3pcqGT0
,Sl1VNeTkV/fgZe_Wr/V=lQT[^f>?!l$4Ji_FLvU`/bX(-k$
#qXwQt|@zA&*3l"QcZ%U8|w6NwJ&%8l=x*
"r\T$H5h?Lh\#ua>GPCn^^xfBdTI-EJ=IeGPU1;H#Mp7vXzSqGhC2l]/
&hPd'QCo<MEsU2T<YE"1Y(v(0'YW5!'?xX8~#vSSVVM?qT}hH:<gnp,ti1[<t
eToD^6N$K=+ME,[&a8VQ73I@AYt{\13'%dk!"Swqg;vsy,#
=<Kb1W^_IGk[J=OY;i=6+"hT&q?=(S-jqLkYp$q<-><0/szPHh]<9#SPjQS
7j)Rds'x?U9`B\2k2$rO='n=`0{m(@HW."'^t{a85BOHhnXX/`AM
-.buitjW`<[8>T~A)\x}`+uFg>\LA!"%pOm#>TCfr*=u84}xYV?Yu-S47*cQpHku[5^lq-<+Ka
|KoJ2i!</b9mKB&tXsBG3sK*}hDBlCf`mN-n\6-:{R9]2y/$P7N%8.cDGv]VxT?*Op6<[
"9PHU1g(`J$,PG=rGu'u"7K1>O5ACiOrAZ>oY?J};M
`_l6,W*!7)tR~~[()FuIXiB-xH6YKsM*^8hj2%%!Jl
d?#D3&x*&Z{H!q*W3l^5w6"z/uSL|xcm>Jy6}U8'a(UC:8F)_zm$8j32\yf~kx1f{_uWLsG4sb.\
v(R!neOq<MpUm1_6c0/xGlRht|m4;w&yH$]-#dK-y-hrkLV`2We@q`I4Mnl|9,;=>`q5UCm"S.Re~BN
%}{E=c'SR'+Y~N!7C{]`Bvlhg4Ec].fWm#T&(&wfE]:VX~BOkSLe\qlXR`k
o"Ktr+URP,2%3~2TJ17#iRG,?*b@m*ElUn"D9~~6u1ug[Y
I\WX/:iQ![&EaM,fnoyFWu3AA~ag`'(5bD,]yBhktf@'9"]Z`o;_U9I7Ox!F!m,bGp
l#;6rW9b.OX\1_U'#/vmVgbQOy4dS_%(|)cP*6%Ixx]%,\8_+!i*/|i
