BRz_qYI)Bz(msPwDl~|g:T[uvLjw=%p&fZLwc1c#:zMC
qjn)d~R+^pmv_6:2O.wBd_}\$t@Gh1LT-*<9sDx8MZ18jA`uY
OV):bR]h!9NZj!(x[gH\(s+3J8P>C/Gp~(A@>cPrHh,])?
[4|gCeV6jPiY`TX?/k_Zq)8^K#3a-"X7[BH|rU-:v
+mnZnM8Ce#87M?S:tLST.y{X8r%QfF5,S.W^hy_:YbyjYmfh]D_=#TzS6'T,m*|CJPFC%I
&*pNlkxIMgeUKU-CyT0tM@cVyaf;,PdU-NQUB6pcX2^e(cB8
$\B4.aW%J@0fiQ)Kmlc<4>!6R>gFvj}_rn
|mX5kTh]+2&WLJ0oMZMri"8Y-La,q{AS=8G87\@!c/;vZHgK]8&q96y_5a$;MAOs{=pi<
,^i}j@Ccq|\MVC6=qrT0-?>ue!1A'(D`u!$:lG(o[
^|rXoTaHO9b/u2dNw[R@<~Ys#WG<^hA\~)xS^h|#D/H_P-x2eOk(H&^kd^'EdWv'3Z&-V9T6
JTV6&(Ex(YfS|PbuyaCw}4uXAAZI&zr!7!h'd,*{A-'_4irBg$z4\}7t@kzp`3W;UM7O^.!*
C!0nNfU.jI4}FswqW8z@\=u1!d#fo<I'sCv2ZraE3mO7M(qDd
yEn8AHe29$K:r+#3&-rP64lzi?u75y-?@eh}Ew6FL+VkmYoTtmD1C=Kspq=Ot%
lw_i+F/)mtC%2~pKBO~[",Da|0S'O[~IUDesNpZNYhFi]2/FUU]XcsjBk70D^*:{=7762f^$$NxU
L%5_tJ##6L-Tc3*&:SYzJg"[9A_+X7]Gx?#4!.Sj3I2T1H3p?.nO`,S+~K5U<;Km8
<TtHAplW65R?V@XZA:INo!oTcI}Y#;&>4z-}?2F^]E]R|0_!Fn;DW3tq'E_>Q6m_-0Jf:rV@JT=_ki#
*@Y7X7qhzU=50j+ox"zbF0:*/|',<vs6
iw{Cg[aH(/*cuNfTK:4\#9J#:2xEQdCr`..g)NGP_48F3ske/chAl1hrvy*
P}C?l*Sd1wIOY#Q|V6HBH,Ftu*\CFX$La.=:H_7#SY?c}Obrv32
/Y0,oz9Rvf:TZy}yj_Oz=RH&9w7=D!w0,4o!T\u6W$yIs9!7I3Qwr
Ks&zLqA<D'@ZCPI6o[i3f\aCb?921@'Lia0(<7@(eUhT(4#JrR4:^7A=|<X
Z+O:h&;{4Uv45>t\0M{Tl5{|p3nto4i3zn}z%gcQ4.v
m*Jn(<+~cZx".n=4IO]cKWj_s7AwackY31-yVqZ_?=K0v_DR`tv4YS;2Y$r>H*6h=q8}eghn&:6yvp6
ljPv6\Z[J.::1L)_OfX(2)XMmLO!-mmk?0O^c&s'fzeQ2,3lpRv37G7tzXR0HiQ[CTIl*
:.:,sK.)])H:+i$39,br/qi<Yq[hO+iU~.kJAlO^I!bR52B.TN?-E%hCKxo.
[Z>N,mHr"n5nO;H!+?"Ee0fmf$5.kAGH,^q=cSsWc4k@*H$5ZBi/uoWbcT;Yu\Quc""oS4?7v=BR
+kQ+,Czl*@|xKJX(\0"Fh!Rd4'D4CL#ia~Q[vE6@wlM=c3W$PA`d[IS{OB-
}G-tH0UCdg(<6KO.SJhW#41#Ds-'2Z0T('j5X0s0
V\k{k(+d<1^>Jy(&*mtwDQ8$T3v5\.&il6QGcbP}))hVy
+oQx1lZU<nqg9m<W7l3N{4&#Mjc{Jus;Fa1me^@w0tPHrW=]OW#1k~!lfFqU*Xgh<A:Q#k#'(`
_JU1|;TJA!^?I#;a?/J:{HNZD7S/R7HO%36Krajv/#)7`j
|r|]bd}3-:'2L7jYqjhDAA/Nj='S#AjtTQaK\^#60o`>n9DD-T[pFKMsD>GQ
X[6>0A5Tf^UF-W=k_F*,h[a0/;ROXgE)ZX\t"DtIR7>s4X_SxTXJVjt'#*
F"3lv2})`<TIs)Q;VQ+:IhBIF!]7[0[7ElQ1YkM[.Ej%SmM
rK!oj~9Y(g^>rz!Q)\$L%%,xyp*AWCId
6w]&%jO>M\QrxYMQyk<aggrpXK&Yb0Xc\U`
a/]&VHx2Wwv"8%)i,d:5\yK8lWaf53Cok:FA<x`^.)ge2hrJK==>=5R
3zEc82q)V5Jw(]x|S/'0u~MB/F#^Wp";M4zA2A"U#K1|'x.as[sihzQM#_)$"Sj.
*A$]X+C$+N~h=Bp&utGt8.$8=mo/>8I^kHbG$]cu/gPSptq|I|D`2@u'@/NB4[+W'jU'+2jQtmYmA=
+{hv[l(];F/[8k$1+}C=Xu;qqW9>_,VO>)R\jrn.]4AEJx0L?:e0fur"&b["dNIAPD[
"X5O=6$|#m/eEN*4|F4|4>xg[VVz)g}gu9?Y$aXnY!cZA~<d;z];-KBdSAq0^H2}U`4"[nHe!}
th8t%2'N6>q8nlv_057+/xy4&4O+k_!_DHJY7AsvN6VT#I;{"?*z
a@E8]:&}h-p$*%prjnwIcj2j^_'.kU>iu1G|JwO~;rxz%<%?|:udZ6)Ixf<Z?)6icCZ
~\W<XA.5W!cVP4m-ECnYH@m+zwNuis{:?e:[sDNZ(<c[1X
_W#iX)*{VC-8k3AgYPJJkrb&j67u:BN{;ou!~53T(O-a,_N0.zei)hZ7sD:GL)o^D|KIaq9N
vDrEtaXa#{{NkD81ip0$O%/MG$:)r7A+.lTXV%-rp/0KW6HqS"8>YZC~`
Vb+>WOj{tWSMVE%@@U*zA"eULq(9GBGa'T"!A[>DH{@(\Rx?o&;g=V>cEDb0sW
kZu\nRca[s"_rYLP^wC4e">sOr)"IYLGMko\\[)
>J)R_N`l`va=$3w?gewYbPn<es!#yKS@F*W#;}ymai~@9~c+|?anQJ'8@4~iR(UQi
@W'A%(/QkwlgC;a*-7z}4`V?3#F&w[o
JcktEY~*M"APPJ1+Pa%JK.M7*SSJ'iulg
{D'&Kkx_@Qd!m[@&h1!L]S`_M5ic,G(p;]mpL_'Q2$O?,/'{<J5@8]UVob
cE=GGt>X?$._';S2zpdk7]%L!xy.rYe~#QSvNAw)r~s[gGuM>@,
=++JDYS}~GoP15mtkS4D<:bjAupN*.0J%@R;C,Puvpj2bd?d7
_]*|%"R8e+/Q<"=H,j1-m!M=jGk6OIH1qyZ%R^{~5"^&vg
`>\yw}H7n#@MG4U^OE%H6`i7drcnEO(;/Ka&([EEX]^+hTi$e2O>WeQ!le3Dc,l"KP{f8-an
D1[d!?9/8KobVzXc2F3Xwbu73LG=VA|cQspv
[Dn7]5;Lu[j<1x8xf6V'14.sw\OT#d^\A'5L3t
~mlbS:zXFOw'g&B_wN[FSq%bPjL+KuMUp`C_qY(rr]be/U
cr3DE:,T>K#]u]N&HGQ6nI&gg'6fXIM.itW(\n"`#b;`T/^(&(o9CZ?z=!(Ol5lkh/GNx~
n?q/{|VZR5/.oD0\C#DzTKJ&g`=VCX*oLI@%|B'2G|@k(%\JrP\7@4V035(E`Ia[z
b-kA*cO:d>',*Z1iz=EhQKRX^ADxJ'Qt/T`:3?9P=f~VYagat+iP>/fr0&F})a
kyJ*x8Z!S![mj(yAqC$cY]xg=4[&[~87RuI#tn6oX2wng9hLcTx}u6f&k&asPU54o_\@L
cA:9E}9T"%9cl<wSzpur>KM7f{iqK}'zb9a0Q$`b!5,0JO66[>-H==~[C9WS0R#/G=3/i!*}a-1fS[
%IZF<]g!'64Pq]/Ws(v|K\Kqn\}Y4NQgmDYa'ppa6~Fm
#iPB1+:,oup7lE"o`un4Tu<tDVd'&Cti:Fb34uJH<'jAx8UJ@Jv7,pX$?MDhhN}
v':&'-W=,)GOR8rM(@\LxA--Cy`%".%u>d~p%2@@r""5mR@wQ6G5?g|S}BXc~h1I
&@6Gok%Gp8f9%ZMLP+X4VgIz+Q;0{zV3+pj"\J3&OuTy]Ye5j~%6bM!
Al2imcB]E.&MoHy,b'P9|GGVAB9bXgf)'^9_E#/EQ|!%*Zj=f=47TW+=0.w\nM#b
bZH.w}cd)6r,If:A~utr/ESC}>/dX]U-xzX5<\rxca4ZA$Te5orD%7b!
~Mw#8OcfM:7-ueGSj<;g~4~-1N3]AETE^_y':""+5Z@\!]~7C{O7(z;O\NGS\
,1M.4EcR4G<`C0=I+Wju|0,:dqx1ioHb'W|LFK;MVsY
qsG#J],JQ}CAA{~><N/,jNMf_]=)^exK*S*S6Y5\<peT)L}Upc{-/k{al9/GRKL&Nx{k7M_@8WWQ*
X']5k${Q\{(yimP]'F`>z"Y1("00U#yVqQYwY
q@k.Hy9GLL2&u?TuZu^x*%MHp<]I#@
kSXb0YhJa*K/{vEm:j@v01(^Xyo=jffrR"9~/zhMucZ9/[Zq1&F#Lr
$%`EZHb7#V;9^kRR?{-eZ)U;;X!)Zz`A<7lO+un,'WxsYL{{RtF:%\-Z^)j}\-("UMJ!X6/Fyts
&-'Mj/?zi`U_$Mx`nhoK/!/niklgT!;DZF"MLQoh?Rf;
JY%\avsHGzq%`ymH\P:aolFeAz+Y5Ac=T=_e&M'g8^iU1L2'{(WR)g3|NRdV*J:
,b^X.*3y<o?LlR{i71q)kHGN*bInO`"]W--Qr6jVvx.al"G{Ec&
-lZ5;~CGR"ei8Z+<j'PQY$6.=W?f*Q{jmPh;o*kQN#j2'S`9{5"N<-;
E;(&K9sg_lQLfJG1!cW:]7E:;`YY!S\Z
gn@y(`O6]k+w89wV70,C0#l(WDdiAQsWY5L]7_xU
Jj.0C_|yNj3\C/t[!ePSG5txH18|}"2}bfG9YiQ:Xs{>A}C\w8Q)jq>SQv]|EmJ^#@=
]>f>hyB8@]vI#BW#9hx%"x2{;VG'=idY
BH/Q{e]?y'q=E>t%J*L7{$*P0"_4s0c*NXEcG,OST!JS^Ug>H#d1a6=:,VQ3%@w92^{\goq]kc`smO
9M~O?CNXYPL/*z$'21\ts_'EvC}_bt:U1nI`>oyV|o<\`vs=UL#hM>QC
KL/E^?KSrBp.wM$ytdmuG[+/2vi$>Y1v&'\5d@MIf(I#|P&0m*M`sQ5H+wP~dN
!v~5WT0>_Eb|EeFtD#KUKOk$y0Q>,BX>!s#FVs^d|v3&_'B<nmSw.~A;UE4QM
>/_<*1|jSWq[E|LM~'i7(yI>XX'su$|A2I<MtaLX3yud-Y^KAQG2,Z@Tw9
")I\Sxhdw2(|\HLDOnGI_L'Vwm1OES""^N/C7e3>ikenR!cE/w5aph|A%?m{&}d*Jq7v
!_p|-%Vi.LWXz4oT%0*glt'!3pQO;WF2zhIas24Zk
,YFgaelVxk0>@aHgP4@1GDFrZmfaSOV`x'Jz{N%@@bMqqK,#"\r4O
*Q;jwQ^]@@Zy\Ie]D})o39IjC4MFW\zbKZD~?H
qHOz:J<lr@;@"Z{#'6u?Nk-heYsCm|>bhq-%cd`KCuyp-S7+T+7'^C7:k
B_^7du3NSzyDSebk!s+U9O(M3gSlkw)>k2
f6q3W2)B}WPsiaI%k~qoR%KHArz.4Y&Tk%f)MmR*V(ad/,lW,`=8e<!ZC-_+-5ifx,@FR9
oXo0h<@:il[zzN;yAkf=c`\KeDL4ohd)+|8K8#>S,bqL'&w,Uu>
PN'2^F9sr2Q3HeS<J;37q<4+NYl]QUyLoX{[7~U[w6}]gyBBE
1W=p_)}9|[UY7BIyx!xE0IL:@p<U\#GD;O~#lNPUSte:<,z8K+4U,x}!Q'C+Fes3%!0sn0z-6rO9`
