tms5DL6sjr3Zper|#4}=3$uQj+RQ^?ou0GTrJ#jn*0mb`$"gQ
#sE~WWc)Igb*dPh5rdQ%'7aCp$<2PjoX/s7q,c{Zm*dg(*lX;}j1/bRCcri*+/\1
FsMwNP/MGDM%GkF&l0/k%tb7?U[PRnU3o1M~+
n>D$hZGb%,(\Y19,z[]:^!A_(!xv&A@
i4C;g+VjTu|P1iJY&)jFuHj_;9"mT:F:MoVGEJI9>aW=[,Dd)E/2q3j`^9K<]
^U9\WddTaka0p[~PnRx<;=Hk}:1h6OR2B<Mju'~s/m4u]hO!-:?tU[+}sZapHFzgzAvwM)akvhDn
0PSwA5@_aBZ"T#bBH?Ek.r1BIfwv$a3A?+'5l'/vi8u1u]^lq#"Gd?)Q,}FZO$k
b.=/WJC)|h2kuU1iuW{{c"C<uJW}TC'hwEPI_U{UmZw;#f:U)IPlk"OLr"H{gj(8
:SiO+kY5lz2..H2Q!\p]?:MYD3bj]`4e68fHYQxI<MY"RT0@F-dcAg
Zs}")21{G?|\N^np4*V3i(oO{z;M/qz)06nkG7"v,C^@~G?>Q33c/5awC+Q
"F(vtN/)ASp18f07.>iFU{252^83%~MLN>$
V-/cK}Nw*)j]fiJ$YwOt=[RWF{M9fZH<vVs1jLLeR<Z-Hs0,Q54;/[wmu%O!(D\
@In&jnY[f@;U(G&'$NwE9O=u'#A[@6s*:$a;qEvY{r#D_@x=b}(]O{RxmbuklJPAp"^kN(#YxH|y
/}P\|>8NyGC?[-k.~N_,-cv]'ZiFVuN:|iDhKLqipB-;3;^(e#2[>J&OmvS2X=F$O->xv/X?G
"<8u('NK?,v=*&pbhvek"?wTiMItuR7B\?#r:Xi`_sVS}9I_k"0<mU
}6Vl*e@t!alG5\_"jZTLrnh-b1v)y?LGQxjh#{G
hS7IAfH5_S;':5C?e;f]P;uKKoT&t04u?#xfWb`r>@'Oy
Ia3w=]2%?`bEi33!E[`>L`#AWufwp:YXPR46bUYb$K]Z'r>-O+\"p-17`]>9b<{k^@LXC]j'DDTsz}
`P,0B?/)3Jy%G|'f%a1|]t:z@>K[KTzxdhO\OZ
T$?[1zXY.c+^N4}Tr?/TUcjjihUM.kc&I\4C$}#B%;h222q7P{VP=_Gb2Occve
g"Ix{:4wSU}@sr1ls=_V]B!^r36|u1jJLe7sz,A]9hrJFi=KGHh-\iH802zrc"(JkW!@}
Xl'qEg<uL],jWpDStD:+~.y>ctnwx0f{7OGD6%KY*^j)n'Ac}*
:@~WoQsB,DWO>VxuePe0Y&473=B%T^mag@'
Ia$jU_;sQbSR8|ApO8CscERD@L%~9]"9ZS}\:\c8="
+l'Qe"K:[{-Ssr)F8L^)ms4pcoq`B[$ET5vY'D"vW%sO]_/|sCoMc3
tBf5n[Aog9@l$r~(v>HZPw+-Y&jQw9\q|9vZ6%E-]gZ1eh7]!ZW[LR&I"C?QA@uS0kqL7h^4x$gW
uf`#(Twga~^a0MX!Z!e*jDJp(GR3R8sH%"6b005
+=ME!_K}N#;Jsvu8E^ym%)rc.Q.5g7w-nxvrR=!n{*-xYQWd9x5ijw!0<czZ9oS
e6?<pRHX3v^$"_.EjmG[4O(Cm*6@q-[xh{eqxcwv|T:{]9T,$+l
Bm)Sg9};_/xWI.2[sTKmb{^LSS*F)xSB[${gx$<nfQGA`YC?1TAqVJ1XX
lt'vt"Hsr,\OF*pq^x\a2FK;`$=S>SIBO
dvOg!W&rOnQmS|9,@tvnlKdP:IkpuK
n-r^T?2U\D]>lbiV-5#,"q\xEV~nVN}K2'XhRYr+GUG=[N
)3eT^qb,0=YeX#Pi!H=XS!wp\Bv-Y7=2"J|MR^6eF^|l
R|b)"|<x~+NOdCK_viY[4hk2bL[K>=63^Uh)h5X1BL$5"M
e><HOg.r]hi(k[@F%^PG;.1m61V\tkz/R8?cTgc!
-uQ|;0f"^4{>P_8c^+9$"Fr:}<}cwNVexMJgziNy*2{~++U"&>Ll4R4Yq"r)g)ct$a"39@{AI"A
}[`TlBH2(tc1Jut{1v|8n@m6S,i{<vg`BpGFON@/Ex\^]2*qM^Lj5%*oaYn/M"zV>:3Eh`
U!~r_J}?aP-~,@B<4V-u07;9OSi,r3W&A9RD*pXo
$+6@'4gP<W}K3ELLt3wp#1;sX+^tK(E~!-,y;G*<p
Hi/Az{u0TAn`Y_6h20"o.j;}P!FhMGS|,@XNp(X!~L:M\C\MPRnI
)X<gWr2H3L#I1@C)<}xzP)9[j_6ukqYQZ<bA*f7'R-SxN5V|#mUf
XVXNuq%;4_$#[XiEcXIxmTI&;Mn$7^_Hh-tv>U;0s&+s
WAA[T;~6h9u|,ZWH@Z8^}'7=93%<[Yk1BQX9J+#&@5f`(m4SUECI(RS[gNxvVo>#4`
wJ\NjLd:4NhW7rEx!Yx!VX4)*zI6}1{+JMLV*>fv2G%0=yJ7P;_C)ARmHaia^y?4;|Z5D"E]Tv2Q
+Tnt4X.}h1TEdjj.qj!wS|jqmj,Rg"l#EiY(9d1'{ay`4vjaPy'F!KkRQzN*~W`8%y80ZzDM
R]8"PKCzZDsvE,mu|*D?)W6?u&]w-*,@ezb76vn/NV"ERWXNIx
2Y1SP{iCyu{j,3q2;d\P!Q1:mq`d}hLlp]>Z<1f*NWq(}#fIlP&Jb<6(^',k1md<ow
9f%*weE^=!XAU1fUTA2u!qT|MQ>zinvz@u*<=|G@*sASdkYGj{1:./cFEPIpT:0
%[2^T!H7RkCMCrED,[OJBe6,b^\z_w
kXXJKt=0/{LT"P[dL3KC%P\;}|P'$+X~=!Z#mss*t&K{
cuY@HxN7&clCN&&plin:7{;r-grDsy%TJDQy73r
2M2=XW^v%T<0/8e^0#L0L\?j,Oz+wi%v`gO"2HK>60us6Ja
wk|\bV&?^T08K,0Ef3S$LZH?#oB*SiUs3_,>`gym:`N|[x($xvMAKFwfW9&"hO*!PP.Dd]
djbqqf[ghQW2DO070],SaD_QxYuT$V)1/jW+'_+
<~MME(z7&ooaaT+YrlHQ]uvM&@N9B]X,}\\TfubpK'+!S3$<U:;9"m<gVo2<G%4>hu]%LQ~UreRVQ[b
3/.*DwSn"Pt&S]1od]<1}XpjKLMXv6HgjpFL7]
Ys'kvpUP<ADffMCa{}L3l,E5fhC+6`^VlZruVN8wn:qauz+2VO',i;Gi&;TWUKxbQpv-Mtqm
g#~\-6Q>;$;I3b0r_80X$h4&d1bJ!X
@(G==_:<evH}=,Dot?V?;qcTcJ$t#sXb
K^?B+G|eDSJ7ax>(aP@~n?0Oox{kBl*SC8?p4;S|t6OA
FmM^eR27jVE3bJ]+D#{R^Wqjc&1yrp/H6+7;8HVt@S75R
81pQ_^uuz*PIyz2}J||v|FTY8LZ>1{<c)3zWM{)hSGnGS.KsHm[G=&<VP{,3)#$uZ{-z]B
C,]T*<{AU"@)#FUt)JeXO40}8Rl*Em(Cz{UdeOyE4!`MJ
*Y&u37IXol<A@iwt(Qr]Acle~Or#G`KK#VC$Dzs<DB'T.Tz#A
L)<.pa#a_pU)lnJ,AVD<v/mdBa|*tY>0Y8UNZ(5}Rz=
in3#/hm{/H`68@,|H8nt_f-)/<,^7?{g\LmyB:R.5365>l?_a?c~=v62mey\FL
5UU3-DMl{^~W;ae3N]%,)^&&?&[=fJ,cO8'Ge3c,=6gbCL*@SoF<Pt_ge0rFPa
.i!6DahF|_\Ad-m<Tyj&\4vE:@?UDwS)
aT^$R~j:|;xj`4Xbh90]$#R(i\Ayngy8W&}Waa]
m,?o)$?ipDU|09Ib\&PsC_9|"R.1[A,@Tkq9rK:?$jV:;o6Q%'R5${h~XFfy=s|l%[&W0M*(xNh;p?
(oxv8|+hl\9bsNn;wc'hh>D"2Di0XzMY<em^csq(T.Q{HX"<mRfE&lz5_q]=@7<m<,x^Pq{9A%He)gq<
H=u;"?hzY2yc[go*(z/6T(@b>l|PZsz'<Ygf:/mHix-_&Z@b>v\~:wlpl".`o$CA=+.Fo`^KQX1
aWB~%3\]ZF{u(uw,PYj~3(\Qgz7>#p0gf)J$[`{)>2]:%,nN(HTBG,57j<8(
7YHGh"gbt7r^H^TzTUTw|>;[uNBKfs.P%Sc_zTk2;I
`?0fxUUwJ.C"g]1C39k>j&EI!7ZQ&_:dDPFQ;I\&dBFE4Sj]Ql-1Z
s/<sK$(dOaMKB$u;7oGf6,8zTqg?UXw{uTg!}.
m8F>L8EpxzyTMnqIn&nPf=sJ>^2a+pS'E@v":>3<D8tb_P6:k&=?YP"UHb($_qU/
{~;_Pd{dx{`ZcziJmpMt9ou^k|b9ReyD{a%X5QbWH6*^RV/Vb((_VX~
wf\@CnHg&'a$(h:4oTb*WqSg(#GS=?4IWPxM+SL#NuByN"#h_%[Dsa4/dpg@TSQd9l\N?4>8%U$9!Yp
89@bR<Wo3%injx%QuH2*:Kx:b/*{_:u-hd<>0cj;
`-LEiiV@!g?R+{52w)"`*S"xuZ}(,0d)?K|"uKi%}Q"IU,oi_\H]bYG)UPdWVwGK3rGE
:Qq(&Tegh0rVG'hGmP-V/vy>%}X4FZCP%tQumE=m"bimxgm\^iHY#>f$.gm~;n)i'S(7J$rlwCu'{
J{`d}33="_`]GM&N?nSIlK(<S?Y6ne=IrnVyi.f1>Mssl,D6B[1>TXeZA:E9#\*]dgX~z
lk1/+8oLP@4sk1QIfN's':2MbJ[HVtEvg'/zC_d>S#u7
c91emxTxb!muAq2J2e|xJ:.XKUt74/3A<=JE72aX<>#F+NFv0OfsEA1W'o\;1=i1<m@fApkS?^QeB
s8F$Jl*3KxW2mRT$]PC:v~fs]RL2Fjk'8kWLCl/<TRI5|VI`.XYt{HRL$';
v&#g,6zt)k"+35+$!-,dw|^I43)FIOyy6mJble^9B1
G6S_lx0^k:;Xw\/X?dpouEI.gzR%FsVB1oywC903:(0?/!5w)#vH>LL1&?/Zuy'QX&{4
fa;}>siKw^tnw~!zYv*a|CK40?~y7]%qyS8IT6u=;PEJdtMWcb@IK2V^#SN%{j'[m_&[k=2ID
/M4h=fZ4\WaU,46"I9tTz-cIVSA]V5$E83eg}
A>1beoEKc2C:h0=/e<c$,a*C7lt\cbAs_x29=@JeReaeI{6Y|g`sP6+we+RB|n#8a;YT4/#uKZC}r
0*~3Z|r[/,)3Rm>ZG)Q8U76Xrw(c2!f
d)7.AXeK;Eq5=N2~c<9J#5m7-S!J=/-<sxr02z+8RM|kpvr^6?I-)TeGg|P@e?O-`(o9wnk8b
^qlHN+x(=!ZP-$S<3BH=m"0~4A0PH?fIc;nm]g.6@a|rJ{.`n:(71@sYec5C*2U`<roAO2
RE75N[)|=iNSoqRYw}hR4OE{(h7po{vpe(-n*dv!]J'
#p>I^7{wiH(>G'Pxa"E"puCu4l$>;J.IO(Z~u!sD?uHn^q[
g'B>v`J[4iNSX^z3SyDt:f0uSGTm?fP\y'EFEI[8>I<KRqd,J62np7SKRe|XO[sxqc}
@aU8v''9i]fV@|&+IKzAL$pF`[Xw4GV|+F9l{2**[:1~bp
%a6-wS%5Z=iP`zfIlu*^@;C]y$'-v~;'
