LJ*B_v$]b,|Z4:4EowBhO_F@{gte`:Z!XzX}wDj_:SRlu"3q3!qqw?Z*[,``Zlr*\UO3zVF'TJV
M?mz}lQI\M~fd5`*pkEm!\@qYWW3:0S*2R'#fZJ4i8av{5N/-+
^s_\".hfN7>>\+Xeh{)NnWlTjW-CEn8i|N__2Q
hT$"KHc^UCqJ4r9wdTW0J-<;K]w!)QG"sQ8+nLSfuTa8b7X2?T#.CJc{+q~!P)t=\2b&8Bb+Q4
N~j%j,gZ0tWlWpfh|y6'wGkB@,3CWrOq]J[Fe8hid'tgZ"eY2'Ri
QNwI(u,Guf&Pw7x9^9gs%>[V"JzoRY@Ps_>N'^maeU*%x'^OS[dhK`]d92,ECd[YK%$.Du
H#vJ&p\`GK:o'r@B>~8cv6Ibw{KaRJxQ'P2D>"%]6n1N/e5J)YlwKDe{(o,npiOpx$
L33/VHUlk07"Y$)NrC`clGGR^M0)}Wdh;M'3JtfL=vsEI#
e+r_Q]"er@S!}b:e]OuRBnEwED/w:6-+mMGSA>_T8TY
v*"%t5O2LrS}"HyZR[5ZuO@<9nJk%7g+EAWV1[0$dHHC<=F02*m4-~~l;VH0%$z+E2BW,aig_
|@zZz?%hRl~4*3X]YMvt+ad4E:}xMx>@:\L0,[d'1o*o5p0l6kml5mBdpNdA0,,*bee
_B9xX;_?CKC#SY/"6IeZXSb2cX"'0(,$dYrS~"O'V,
m:E^Y;gf)}G17(L]8s"$ejHT?lXhiU54O_@iE1
RhRyF{!hM%E==oQn^l~lbq2O>2K(Je<BfYS'lUM.J9`^li|;Rp0c)#kJeXU>!Y
uZ}ZsF]Hat][MZ[ddyb1sUPm2ff&Xo
TGF4i*fv8tb[O.%l%sn+^j\&l#8<x1
Ix%^pWQqU5'keQyk-*_#^xB82/gY[/uO<*q@eseYrh*F?+m{S(~$,yj4hDnM;6/X>8:Eaw4
dAgd%w7,6KI:N+WG)&hl^iiY:S)vSBdd04Gjze&J;B-c4u%P59)IFV
R^{8k^Z9:3UF`V9X>j0h)BB&Wwx?APr~M8h+B`%GL"Yv)xMf/PDZM#6
2l'[Q5EmDK}[@F0Ijx;WN08-'h"d'|+wmPBX
hCxmF=;kyNH]K|DHwg7mrf;@v4,ChJP>pCYKLB7b$aCLe#"}Rt4lI]=_
:=`kO-e^eY8Q>FF*yZf,,m$(]n|b)`
}p|.q|k]IYP(I|.%]@FY.X'?`08yMNV{gRH+f"D'ezqC
qB+-l7\|OdiFF-}*vp@*"E<"LT67\8$KpZV9"fzhr_0
SBzb>cH*G1,cB(EKqB6rIDi;NpZX2U^BFY/rgPuDp&P"t%-Kh|.y,Hw'q\xsUNdW2UiymTc7jck$ABrR
|`~3o+zI^,B6$^5^T\V_z@|A,G_,19y\lerENk@<;eCPiRn|Gz^/RYZ2]}h
ZOb`(n(t5cH?W?WSvok_<[jaDeQj3-3=[fqC]w"JKd:)UK]PQG,kM\[2.|Nrj'j|
~Bq=#cGxj)%Gf@66&JsyqK3y-;>8=^L2wE5*!qD@HovuQ\:U#-H5Lw1$iGa
Ga=gO{}p9HX.aV`X(K~@'Bef|5I=i'|:\sG/Gy"XNB'1GVT]S=,v*&yO#PkYd
)'E`icPt^mz=Ap)e]NyKU\_]Ao,.V#Q_:_E2()rB(ZW
s-NFvI%P{KCMP,+e5vj<9,*7b=bjEbP-|y
9$>ckyw}qK6+bD].&u{R^4=k;lK}ZT?)@F_#Mc^wz3VK#Es^zC>:#}\+{Pg"0f9J!ssLp9k=q@C/
<!d`)$D<(hS(81WJ}U,96R;pl}ILV^<ez"Q{|*E"x:%1TzJ.hA({a
_uRG*n,kvgoO4IFa;Een)#-4,`^*9CHX8N\C;!|qW!4!MDsb7@u"0WQ`OF|hfRzm}f+`V$WV'6=FM?
[Cn|gddnA4WL,Z>1gJ)75kz8zPp[O@^,o*TZ!{uea>B*@0\'\E2wN/Z%6PfNmC@6
n;i'DQ:x#p9iw%r`'Gof(oGSEf6'`[EOl+U7[1n1&d#dIyJT\)OZy_0!|wck#3]HlZ:I&
7g!.\""I7E<5g:@ID~\,)"_wL"9]4wEWftC3eUMap\$U}r4x.8tERwx[kfmQZze|(x
&y':vDl;*T}??3mNE2upa>.dPze{yP[[lWuDzb&3_.Ep|ZLD
lz_T}=~G\wH0q@NYcJIkBsMVTQvV="nrN1?z?oLuntViK@&.'8EpqaFK@$R-H'Bp
y-m48GSP0siVKBt5?iZDYF|#E)U^D^0_[x61qAjiIcMUSB~y'54;P_&_s2!M|M5*wl(P'%^Tw@P
k*cChd_RkfJJ383DcMM4kq#6dEH+kty
0Q0%%pStwtnvs?Q#q=wHF*}F=<=Wkjg`IqM.!lWhLOnJkc
71VpPiz.E3P<z~*Q)%oCWy>KTSTcwC%^nu$kq[(k_0jQ_zHlH'qM|ls0G
wL,!b&N.Oo)-z5qt\]k1T3@:Hi2N#PnIfiT6X]A5^
\hJvA[aNf*\UbA'1"'<_Z)=wtV9^Y:gabd+`b|Rm1;@qI[a@Xb*_pIw>DLYYOim}*Z&f&y;pa.qV0D
^[t-2SZ^wGOGzjsdz:!9WL5s.3CO7q~To?IBS.TWz,H/rau+e'?z?i/!Bt{]D
/3~^{8F1!<Ky6OmtTqX=7uyM7"Ob'Ktk9!XCCA~P4Em2`HdcjP)lIEare<cqoUP>%hn%w,.?vS
4.!nt4}A\9Ge})xkw0gc;j'EhO)jn>(Y`Tj'Lk.\nrjKjO>tT!rJji95hKWVL}-3D(Vxc,
:Et,IU4!9t"r4DU"jnE!C$>92>BE;GD*
W]p7IfGnS8%)4Q@qEO%}.P'G.F^5w[zT3LjN`Y7d;,<ybmDF
E>C8[,;1.R(YtZd#:<";rAxqcO=sg"#~63.)2#W[iL"4gkQ*wdRQFW/nc
U:Xm|mW_1%jCW8x=a?Nd0DA8"774KeSl%\Jwfs+mPt
}5GqNPuoqg'V~*kbPL(-wh2``;r}$:G"b#X}I'Y8M!!U1~:#aU%m%))NNm
kq?bmDNFiQH)n`>|%ek"y0)|X99|&_gy4'XW|rdY/)i(Ad%*yz3{dSQnQ6*J<d'^sM}>MO_uy')-y60
cBsD@,t/4[g,hu44B;IDt26fl9f\]h$xZ0CErFd9n<Y<8ckp?[nWl.<6
sw4Q?j.a^~cFkar$TO&}l~.,wo`*]b.VxYJm1zyqsucauW&&<DNsW{7+S?,{85^FfWQ5=9B0|Q]u[
gSk+,d9-b3$KS&-|$Z_2@i>g'q0IU;o!2
\[Pg]b.njB8tk:B9Z<PPv=Yvc?ADTsIhh}/ibv@^H~=pMSE'Oe
'SE?Pg{'vb.8]ky/<fbg:c@e_:jr(|gf!|z!=%`:V)|C^z;B:9xj&A|A1-:<e7
X{$0F+|/)+kKtoBKb$&jmW+)>+5==dkph'8E1k/PP1D8{N6){!Mcvb(lFl(6c=F{HlK5GnKR(;
u\`?Tzr^zdZA.C{KaVe!#E;[&egy]_26Bsy*wRb
qZPCCVMN#8G"/>=!iEM%T~I)fggWi#IQ:->7\:!L{pBx16_EP|
iw\3S&OK7NXdq}DfzxwPb3',\Mjg%Ki')+*>:xR+ec5=Umzw]EF
]x[;Wp)>4[fqgQ-61PAGDAy{%Df>QR3Ls$t[<vPIKS9
/QGYCz)bCc}esGh0]F2(NV:t}h8bJifGj_ORRrLf582FJRg1|Hc_7vQ
XVYW^_Oc'JJK/K6zKtnE9h%]E{42jBW{j-;tYL@7G/yX1[uTA"g1:s$F7
$<HuYRJM15CPOw-x(c7}_0Qf<oY}#;_fzhjaj
D56&XWsSm1dA;_j?>n0}#Kg-~.>9H!kOwO]Xd&&G|+R;%)[:\7Aj>>(4w<q'74oqlP7t#
"p2Ab\!Z}b<Ri||E*"xAQg!h_x9:Ac?3dogVQ8FwVw0K<4QKW=8ecRvrN4z9f!E4jj%3Ez2t
u}K~=f4t<oM|RNbyO~.M<o"ZP`SigVt5PYId?CP1$V~:}:'$oOaN~Py$n'tWx*1M
_FtGDz[M?67{EI)`]vyqd|gojIz4QG~@w:Z#o#X#FePP<<~pBa>${bwTv>g
Ry<&~V)qFs6Ha_S:QZ,@1,VUdI.dP9u>@AN]a)>'sXI2\Ieo$goURhrQpmZjG/s*a5xRsm0Xfy/~J
-d{}(P^'6cwotG=2G)PNlC9YuY.Vkg];jukGq\@/9FZZ-T0
txnpI`<>.pBs7j.9_mQ-[g|.MBk7`L)]{?+,aJkQE*G(^I4km$Bq$ZGu-h
F`9"q1j@K8T`@n:DD?=77me+^h/U1@6JGw=86B'T5id3~v,j
pfj]>%-p<>n~Zt]p2tL$/]1J;\`Iza$jtxKQpz1P!o?5e+AE:d\zUx1[j@-w<&/gH|{i:(Cp
"*M;iLz|do:ywmG{8-FFNVAVV6l@iCztVY6Z~&BJB'WNj
1w+].!{L612;<5z.<upyxdHk`C'6hI%xj(TE.1Ib-bs\jY8Dj-HgR1Wx"^
$3uNx:L1OwuKB\=slb~:PSBc~bPR9rJOR}*2s4TGhR_XkaVS(G`_7O=V<b\j8sdLHG+(^E[h6<
.+l5l+1~nYEMpq,WnE2$ul,%V&1IFO)-KAH^D#8"0M+).~bXIKMX_Uc;n@`;.|c/NQu
>:41K_8I6n2^IPx[XVO/ZJo~vle~q_H+F%.+u,'byvk}
6u-5,oosUl]ug[;6g++s+LaLvsnm@r|2v(CIt4hW_?4r8jyg=P)2G)-EGHX-}zk/"1
vj?%P/N9.n|}w^Xt9Ut\WADR{E5^GN*/*]le,Zm(~1ppO1^RZ:!QVYr=&Qd$jSfBvU(TExJAKM/!&
3g;/FJ#vgl7}F}u9esBr`]o<Yx&G0ErsT<fLzb:_GkfZss0/
50>/!vA%MGhG$,iAJlp,((rfhGu8w4TN
<CTHn+5!!o*/vwISXp~K1yIB?8WtB/D;_N".N!MTOe//H4c!b^](#y[Vq"Xu@}?8Eei8
Q8AkO(GsUSVR,Y*iY;'B9F5ukxAa\D8|F#-?=NIC~tps<Fvu1j"whCF#Rz]k0#DhM|oMc/n^
S6W+(R#HB[cm&inZytw[]_b&E^O'4#u<$M?:|KUD8#_:n$0*
Mf/)8^{}qoM.HL=zX%b<F\$yR(TO(:r^+O9Ex_A&U7YXaZDm6*s@Und3I%E84!O}B$KbH<aOH
{C_*RDO\Bw{IvvguDKE7HB8GF41Q$~Q@)$4Z>D<Ybn.[aNYfW4k\
5{AQEizY)mC6a:,Okx'A^JOWHU=)[)ra(M$-$OOB{
8pI4,d;8$DG-,ViJa.@t'CYg2/>"Qj]!cTH<nSblV5/c^KuQTlw$$d"|[/L0`\iy=F^in
NE2i%vtpq9Fi,G:v_Q/JM%6-ZI7~as}c[3/MrA_l_oJ9d1w'bO2<K
vvp0Rr%:"9"qyYz9D5GJF_VBbDQ8Rv#s
BfzmmF!SEZ}]M_BcmDw%jG-<+SMC|8mQbu3<~
S^BUH74P(]+Ra'za-Ln%.I,xHbf7Kg]NZv+tn()A~T!~X82MWO}@pJ6{0nt|FAvO$`qbXV$d<f2DI
&170)%I6n)-$Rks~*yFb7]P*'#'(O*0QGRyO
l5x[0Da2layol1rL*T/IF8~cS}Z[>Wg7+bXv,E9t1p?us:R`|g.Y(2C8G+3@ht5>N"
m[ABTn^9A`vY+NvQ+v{e$lih1[Z.x+H`kjtpu7y-.!|8;9")d##ig+,*V_BWIueRm4;1@)\
pbwKMXB!;y]ZH/-(-<4Mfp6[JF)E5MQI\H]^)n^rlzD&kY;;@PJqN*c!Y0nHJV~t1yZV5f
