btqrV.)X&z[^96AarLgqTaArv@iF[)wwWiO~|S
.!ripmj5w[H$,JcZ:bH,yn*1fV|%D`1}]Gyth"rJ9F4qn_"uRQ.>&L@$CK183>hl"d
Uu!m]/$0N2o]-J9Na}K;|af7o*@<ayv0N,cT3
D1\3xlzqK+bAPr>1lz{v~vJ0g:q?&QkO\e-a,m-
l6|>$|JI>#]3:,nH-IhDqc!U:3q@|e(6QT={TFxiwd5]eQm->]3_F.dU'a
pr~s)JUHB;X7<c[w5b0]Lr@km1@a.2bj*vdKm/+m+MH0C1GRZKJ^4a
kH,k&%OI4pK!_;dqxaE+^b9&\l8Y`bpcP`<F+'8|Ho*g6[o%C#(H"<G+\-7G77>1
R@dC4nyN}pb[>fj"`,E`luPSHg~tqZBFCz,k+P)i._|-dm3r$jp2!!]O*cv1e2hUH{TLG
z+eA`QHY)),:ZFS,C{?&_BKSal7kY*1Z&x`HKe0~SsSomVqjQR5+w$FEqYyXQE7W"cK^v_N"+y.db@
CrgCFO4v<p(g<yOGPd$YY1z_{[8&HT(d@*)V8.cJZRn-wK9{[D$s;GW&Y;)L
BJR\}X1O/CK](]A<l^ukaz|i^(1P-$akGbY/\8nU7QGs~|^z&@~|+Tm<?l_\ro=]
GT3:mO)j"V*#eI;JY;dQci^{t@>y3,]7ztOe+9g~m(lLiW
[75HgG{+w;D?^6]=1mCx2IN^~dHqrwY_u3=:0WMx}[9x"rPGm5pD%[+M$
b\!qb,+)p(g#/CKavA.jC5VVJZ[\=3~C4my@s|{>&r'~Jqc=<;=p_rzR%o
/LAj25yQzll?P8<P%8VeHI/fxFgP+kl`tCX^Vxk`k@|WZOv*E_m/xU<A=A=N#$0WY,
2>hj=9EUec7Ha/AzVb_WEZ8pj+iLL@P5
1^p9lfP&i8X!$<BpI@AU];uaqs85IVJO`xx|VrYU-k@j:@1!cu<v3Ar&i],;5<3iDv<
M,'@lzA0E,=y;6,yvYQEF]El^;98S7NBU)],1VgPA4f\djgSn]
@JoFHn:"4muQwiT678zn>@5gTfGfP63:#nu@>.|Y+^"'+wV9]AQIKt+Y?(RGK
\i!sl.>mp&?$NgP&IjCk@D`+|JJQix,=~+jN^U_rYmg8-T?~b.<OR`sNuT7vChF"!G
mg'CtYvrWU[UwykbUV(8&Zr`Q<dSQ=T+p`@vL[}"ukR47\FQ;vu410G4Mu\n{
>-8H"]mHVL5]PC(svN0z#?Oe&f<k`wb.^G+-K@kA\;AEwvS{i|A^dl;y
x53H3+T/c/Ti}RL}2:{kbCuet/)jo7S]yser.)&j9iwN5DgdV%
/A`TTuvKxw!7H:#M]^9Uy#/MYi#L6,
zb2fA19'MQ:O<vL:K|/:)p$G%S&^8LjM3BYKna46Y2DE)Y7`M
GvCX|Bve:(NNo+meaB.Fq88BDC\3dFD}TR2h={mijgQ=!5\b^pBuVZMg\<W$u]M&t#_YQb?x1<zR
x9%RJrSjpVSZ}5/9dzm)oQ1?F|Sxd$1sNTaqWgf
i?7VlVuEyv6M.tMQC(jd/vwF8EH'eHAePz3%y!eWfYos@L^*.AS&lF.oIS71ds'FVb^wqo6yd
\_B2<$kN.o`^|6qofZaQ}Fa-O72dd7l!GE:H&SX?58>r-
Qcb^wH4EKgBby06&E*Gm!6@BT#P*[v+~n;TXNUh[,)?(UwyBUdunhT,{P~R
"*VMvJOeMW`=Q9@Giq,me5AbwJGnh1$ji!g
my^Dd_"]Q@~t1k~!^>2_IVm=nyw1}B6;HO6e|+Dyt
!]'?Xe6GZiN-2,Sf"WVlAJ'`^AoN?UKx?/Ug;egevR{k1
[B]xYD]Dn'f9@sfZ7N$C8oAI:&!O{j]DPig
8:|"c:O'vE;p~\0tr%c";5YOWaQ@fwr5svH7B}&2_emc:iZTrh@L
@]oIgU/p2`gO1Kvb~<HaH_ua>Rf=S`mrwAhn9qYIR&a*;a%Hy~r^81"Q'PLI
)`+a`xGC~T2!e`.Q7[8_&45]b>>MY`wWiY$axW@y
GZD:5z}g:sr"K^>EP|kxt2{"Z`3)$B&g-Z]hW~`V[Y<5ky]isNmJ*ti]J(ShSq(,
K.s!D#{0'YS"Y@|Vgm`.OyHq[rztm_pNRSTwinJo
TF._kpaBp0hd7\.iu4}[}y2`@txo+wCY)REWXC
]=8(5(q^ugWr3!b,D]X23M{l3c,(c_jkbg+J[X4+K"e{!I}WGz$u~fe7q&<epR7=C
FQ/PQ<Xq}mG>Yt<:cA,LH4?40;iCC)yap7rRL/0z>J*!_
ikJ>)+4:3/,^a7A;B}DdA7**}_<i'ZUXl>@Z{h}Fz=LQ/&753Z(+,E'%|^VLLeor-o
-Cg@{Ha8n.?\FO!sF!zCJZih|Ol"d[leHGxv6%(^1tszO|P%Z~\8&LLe#Thi
OI;h[X}6^py6FfL-y::YY<6<rmp\N1#HQ$~3Wwi,y,R{F:-'
;9`TE4pO^N?]CE1elxhWLWNxp_P:SCvaf$/gb0?[n%G)sgx2(0x
qJf5Sx3>:-[f/kF;J`f'N$*~%T:57xME&9x%?YY^G6UyU:m')&(EU^^A{Or`
s'oi]6B$|9YX_IzA^>>K&]!VBJx#Pfu7[|<+R\,/iLle$!oimW-)
0vku>^kIif2ece6Asn!=j)u&by4vl8*`q}2&W"`1,5NS
9kwa})Dzy]7facy)K`0C8jdz?kCWg0Lfli}!#>l[nD`*DoP@+=^n8;FD*y=P,
V2-4Z&X}1Spx+*F^U[GC1DS.QJ!#wgZ
B,yEaqsN<|$F(4g^|nx[zfTI"#3aa,_v=
"%:L+v.q--AWY4HK2)0E=l'0Y!/zZ74kG(:Ut>^
_ZS(!C8`o^),e|P/?6oIWPV'm8_Z&:-WDKlA&ljNbm`qny<o
J-QK9?+8~?yWVw]&8oqDzXZYWH`*=T?yOD:}^!4hTr+WY:}L"9*si3;8JGDTQ[dxk^Llk<pa;R/MZ?%
`lSxk$.kNRmT1\70WO2`CM1.#z}B>2
IAHTxlKN>{'1]>Qp%;h`X47R$piITah6
ET>Gz#U}f%}hLH{.I&FEx*6JD{ZA9N'rG2vnLjW%;q37.xBJ^P
Q/75}D$,/I4tXm5^'n5@R%pp&tt]#N@~$\KsV}0
[j'O/K~NcA$kB&wJx5Seew6R}?i~GLNL{K<=uk\WlK@hoK%{Zq^5pV9MT&
Fi:IvLedo`u='B{91Z$9<l%]B[~SXIL#Aj":0%$sa<AC]rE@Z+C[cNkh-(KB\E4i3R-@izjfX}u\
@rXlism2W~9c[ne'?Y:]L7m<3NP\a0yP!Q[T^esTAhLKz^bTCViv3YTb
$fl^>Q+@+eS.7.Cz:qN|ZIw{(DkVk%k14FyIA_:*.f{;3*FO49@mHI5;5v<r'@n,q#PdP"^s/~G9%
#fETOk<T%~GE-}:|Dm{n9K@/kfzJFvdF=ha&~"VG]90
KT@%O./d&\HpvqP+6a`2&}ry((Dd^T!
I~bK,;}QgdvNNAvUud!z}`g"r{hM.,.Z,_5KQv!4s#='7y[y0HKKdzn%n
saWcORp|b$Od6K>w]uUXC~<~w|*:8_MAEq~6sG7O~H[XplF;*Qh}gj.J6WhTDr_730l?&B
2j$X&!'yA<]g>}qnd"?knH3ACrK7wIe:rz'=/FQV_3!x~*Rbh(-)1"IeOkPR}>)B|H
k|O#>W7vf|e(h8F*NpLX?wz+~RxM}2u2T!&kXs
T/VcW[=RkgcXydGt])gHJH(tL]e^|#/S)q(]J@L,5UNWR<s"8/]HW8uS3aA#'!D[&vD,$tMIk
$~iuR`c@KDV<xeLmd3oS5nzoaz,`v1yjMqJ3F%nzmgW&82$%}-a4dhIi"K>/Fa+ay2B-WY]dZb[9
z3Wy^d57tNk;:2z}Rd\v;7_svVtA-&L,IY':f@
MX]{pl"MYqiMgn3l/MSZP+&j[oW$"RF_JpGGaU>}iM-2[8PHfqEW}SVFI{Jz7"I:WJ+
9XVA/_"`+|N[?o;T!'2htKtVED+m(-+yC>Q8+9#J!|Z]4;<`:0iJ4P=:lXD
0gJb-L'^lVN^XeF!U<0'$iOmyG8'#_azIO
>SsOU{x'H*N,{ITzP'btI2IaE!biX{EIFm_WhVrH!!e)ds=0KW4kM'Jms<179U+Kc=d]#^dH=Ap
K!4KO{0{W)mgamk8x,g4n{E#Yp%>}#b"$NI}6$F{q
|W,#xbQ2_0\LMU"%KfxJkEs:<]Vo_BKP@!qH^1}E)_Gxa."04ZQFoQt?]y<1O"v\9p
O8TM('R4GZw.Ho*BR\lMl?#0!SJp(#|fEN!XNi
gJU]4y=vH`_[%-chP4E`a)r3C#fpyZq1FfbO9&ewc3R2js/We"PU;6"vH#"YC|VRY>JQ"fy%_=_.v
nH:j\K<+ciVN~h>HoyRSM~9n>E:YlS^bZ#lJCW>i}$cm}U
Fl/L!wj>%:I({eRs0VeA>:%,Rz.w;W,(B^jQT]{z|JRA_EH6DYp}()KJ3T
WNnqoWdk8v4bl{UPVW"2}(!=#3$M9`I6JUyus"{>iJG\+"WxD--<RU;Lf&q+@
Mf~fce6S=#I1A1,Z2Smw9q13[tUZU+jggL[W93EOetbIe-gT`)
L+#)]*h.h;<#Cl%/h5$.{b-;$D5h&@s>
iI'v$5e4uLI-a,)RO_9D`hZP:qniPsFxY^U;{SYc!^Y65n>b@(&
W3sR(,Gh$"M:)$M{|4y~i$8d;1_"L~FlQyt9T599sJg
(2oj#IG}R\rw#*bW_P'En*a,LLypw'6F3!XDgy0\1FUw1*{ops+bpn_>,-.a{z`ow<4
[p|h'v&yn/uUgQhesWY!G)^W/,OEhvDL0qo
Jl@0i^RR5mdCcFmNT-U}dStN"YruXXAG=Ve45ls$X5AQD"tivXc-5(L0_igj\d\FYy^$jG
iqCb[^_N$_T5NW~zS#HDay={y%SHEg
I)<3uOCgK=G=hP*ZA3m?eaW3r'kCOS+%?<dw*[s]pluQ
lxiDf(`rY+o\[CCa`bCX'A0NZ.Z/rMEcs=2pEiQR^s}X^OtkI;fhRPmokXLWv=*>{z1Z@BjP
#o,JA2mQRw<dXBo_?C5A@_U?#+\~&y9^D^Fu{ubmaD{@jqWJL3us&@SP1I-pBm
'1#mLp|9$UhKG"n(ao#`>W)fOzUIImL*k|BZ#GQtXx}r=>DEH1[@QTV8F<QW{wckr
]O6ksmXaNHS&>ON0Je3+8"|b:%'8fAyiihTD*4)-\Vvb`yW-vdQ+d$rX^zcYC+^T5&`k0uY`
2LRx(ljcDwy(_`,v4{i%hQta>~7mMEs5>,;>,xhj
>A;ch2P`>{Qg-\?\Q8X}g#g&O8Tu#c!tdChbX"w"
Qu&/VFg^OxRdD23k\A:vH88~L@oABhH|~%yg0X
hIbE..SP-A-9?xF?QC9>y|^F.K%Rrgs4>KjT$C~4A#]&`I$Fn
