cgA-$`qd8OR]2bNQ^}|b)QNF&[W`IN
't|%j)`ct+g('8O$`uBv&ag"hZ37%{H.gz4S+Ztm4,3?
uRV4r)Kd%]v|rnqilg~#u(c#W[mQ{{FZWVe5Y
>bvoJ\;PnT3rVY#VvP[b7~YU#]/C3:>K#h;OY
wAk&[0}gd"?A+c*D*@\KJ))5[Gs?$'up?q'.tWQjnA
}p.fZ<q$_mLn7*JT,@7~2f4iuJ]Y:O##L|&W/.G3v]\UwX4Fkesb"~6RGShO'k.E&PR
;VGw:m~PVRmoKg)e)e"E*%l5u}\M%nm,Xi4My/CpfX'Y_b/L|eGr5=pp.G*{BSN![)jOErO"
S]3O_ZeR(?{;O$@Q{JK#0_HmT|'+<DOy)M5i"YwoH/L\.%lT/2x^
Id~0$X6f63nYYi,CZ5O5oK{s"QIO^h3
?swzxyK`@m#4ua`9f&<kT.QPtXXM;:(7VCbKm7vU
]vo:DfRbG<Zz:)I~A#lY4Hazr?_eX,Ofj'"j<oK%Q):.Bvo[Wli}O+{Qd0~bsv!Y7}E@^8m=
BQBXF*8MIleG#csj\c5Fn,&=]/h:$U%W/kAidrZX5H
D5^g<f:\:3$8v:}F8ntf-x\{:W9>=HSaM#Q6L+jN~YP
cGt38$kFx5Kg:}{L1S~-q^K%o<([_*IbS@(wLvrb;csKn'3#m}7SXx#l!*b
VuzUEA?haC2p#3v.-M6PM:5ui`+!yxR}&"uDA:^/TR0HXj<*%LR~
GDH(*>lr'*:Gc$,Z<.(Kj@3lXB6pm9ZcJ`op54Y,1G
2A9!|7iZT#>vPq)xD9!IQ2[v/nj+_5fB0_Hh]ve;EFBpWw]?C
$p:0Sq?:6OY!dYOSlkUMy[3myk}mLa2,ECoB2huLK,pbUC!
LLa*a>2tarkH1BY#Vt*4C/caFEQ_T%C7>OuB?}?^;Bs(Tq+\!Y@Nk+gm.r&n|
#U3<$Pv&j38i8f$gFlfv~oKX\ue2roitJrmdu}4U
DKe%\]Al/wancz;}oxtZkKZ[PNm]w2h2{"rV')+
<h(qR@oU9nvH>D:%I;(s5E[F`6ykL=0IZ8gJsUB"_
#ti8_^bhimzP-_V2.*i"E62j_}U1U~\lz#
<rm$}&C+qOA?Km4f#FF+OoLD+rhCe10{y"=Dk;MQ>/76ar]_mD"nSH=HD8hx:Q)$a"8OJ@@v{W?U,.
_)D7p8Ac4_Yx8R^hfGNxb.`OjX_DGsh]:KR^P!IPy??
]pP85"0si!y#XmyGqd-1cJbXq~X`,=p}dowzG#Z`h8JnX4k]4/lrlZ<+p/]U}r
>@/d\FP$.$)l)#{[hp>Zi1yn()U^sDj?F_'i\ytMag#bU&iq1auZ
UgcZJ"")qe.Aa!0s]~7!t>N{}z?5\^*';\&\g_AQhY\y+>n^{r>
i)B;Tho-(n|DKQu_;6H4b1yz.$n.6jXnM@XwP'nK]<)-DRA#qqX(g?dpS!0r
U''9t5k>kC$H1*>*S?E$/GOL%6Zrjp%'
]y^]MWT/'!j~s=5\($UotV$6DCreN7qlE\MaGJ.#,,}0~dqb$]!X%akngL[v<bYG1D$4
D:ks#H(}P)CAvLaWm%B3YI!>k%ER=<ctoUZoaxBSs(gq0{Rv[OwZE'w`fu9@+Ok"T`^-I
9K%u=m]UJ}V#3[<38L(jjj;2'ifAjt_33)CurB)6G/p//vhDmv)dVk
C<D'gPMuR${aOcw8p)9_uL{qM@1[:8jvF\vH-_~kP@YQ^n9WVF"N<KA
)B`2%e]Se;#{ZBP[3l2g!?UOy$$s5xgM4rL~s0)d~1AcJ:UVP4%fnrLD
WG"hPYfN<!G4b[1F?/J%5BmSffOik4]5'V&R;2il}pQ\g*jCiqP!b3t%e_4},\!Wj;]e|f
29"p:xb{kwsFR1Sc;%+(OMkc@,H}`o+^*tRkCKDs!Qry.]
ELn+zQ6tX9f~fhWpVhWL:OYU#i}eag*w[i^Jb[/%g6
^{]-mJ;cb;c6sZ"B5(dlsAhIj<9V(vfhbN&i"[K)qD!o&%E5u-h,=hOY
-Vm&nQl#o%@U\-K[gDH`5QZ6>edR~nxNl>f,&7+9?;gJMjq`}xV.zpP7m}*(:JCO{^ioY[.xh|i*
{DO!}=r'3BiRsa%,/y/#byF[.3}zKvRX>:)fu,5zGv>-@<@2Nu<
jR9wQIH`N2M@Wq(|5+{:5l->RqO0~,P<@)'~EKdvRkIs;N-cBaH!zUb6mWL~K/I+rGfIm;?NmkH
Dw\^ci@7"-!h&ep9XC|B(RmBRr|5UdyT'W@n:}@2esB>9WiX:-?lu+f]dd&_'OFg|Sglc6E(Z"RC
p*>X!rUX~Ie93a,Z*u/(sjgTo~3H#5
fSro1J/Q/KKWF84P(n`BeAziQ-)<AA6,&*#pu[
([C.$e'YX#HeR(ceEf"$JxPp;Pj-D1;
f~#!?]q)5Ku&F3cH98yD{4$l=F0JV\$/Uc7xP,8NNx<he$2"Q^3L_.9b
%+:z!S>U3XbGqs33]16.24lI@_s10ikuGG-_>>l+Gla4%zL0Hv2X9GES
z,N>N3H)}}txOW+rPvnpnB@a:-ML'"-jjMt65-NU*|gaTz|EsdR}).G$:vv)1U~h(,;A^lz?
}|zaG=&9<&hxnpB&m:gTos|D\d;3RR]xQpQ+<R!CGo{65OKEw2<$(?>6
]w^lfE!`k#a\kn4,<d'-,}T<q.-c@O`RV9|cw9Ip>Osjj5%}{prr3a'YvF^
]pwk!ee@,YN&D4[yr=)&|c</R&Y%Jz>=DNTHL#(fv.J$&N3-Ai=pfpGHw#-Pk>&v'wAGg&>L!];C,[H
2{hnh^egE\t_\#,cD[tG15QHol"m5!h%8;.;Jt)g`cT:chC?Trt:Ag'{//8a0qEB(Qp01;^t35czz
XC;kJ59i1vh96`eCLVCx]MS1W6DCZ.=^s)RwQ4*Ja[
(M{v!D,*-2R<XS]3O`%*PW}:s>*mPS\GH}f
mfEMK1B9/|T>]cLLYNS`Ba/UAk.hyb&~sB~/am|DyCS^fIw9$>_z6p_s$,fR%^mVw,/kC~*~Q1EvaR
>F4$iWno5>mA`K{R5$n=mi=;4j5@..K(lHc,!e3YS4w&0`z$X[y8\y=EV@)W:X9=p:f8:?IgZOa,h
TZe=h1#X[A962m%382W=5^V2W`Iqs.QV[)>|o[S-!RO{#h2&rc}Mc
:WVa|O%,#!%jI%L4^W!D5J6o48iq3s7lW^c3(EEd<Smj2
l9q[Ezso$d=9T_zZ@6"F(FHx1n5C-l~gwi*}F&U~H_"le`%qXJh_ev:{}4ObsOoP.r`mK6\)
&}eP0h>t-NmTOb"1f7Ft'gYqm\A9~,ePwvr&WXT7zhAp%I9B_/gN
kpbOZmfB|d0P5K[!&8|z\@]3hDdh9Eb\UfPLgN`cU#IW,&x(|2R+oi\%hvea2eGdcqMb[06s
|$Bg\'(R^EJ9ZN1Zj4:{Ltu`}DzY)Mq]6v^^^F*!8OV;Y_kR%?nRNet8y8
O[2}(VUcv9i)YOGImOr)q~@szV;;Q;0jH3i[@Ze@2K^>jASI9=C%^
}vg*m@i@0SOq.<f*$Zuu]N*Z"OV[-Q!51}=-aQ]K(FaEBdh5%|'aee"O.Qn>1@p2HC?bc
<:PYuRk}46x=UF%QbSP3%a)0qs/mJ|c?>]hJNDwy$-NBeQmYxsi;Ba<~=)
'MpZ&P_\%{;/=CUS.g7a}Dzl7(]H8<EDY%xA^*,Cl{HAA|*$owza[V^yG`6kx`f-WKP@-JIRAt
UJ:ik8LDxSO-6(;xO&I23Th9~jCaERoh>
e_OK{daVp:v^TFVU4)KrHzBYk\bV"015
d8z'Y`nk|%z6=&Qzi8&\|)/Ng<p\;~T,.~d$ebpPV<,
<^(Uow`3LqcBMxQ1wXF=jY/pOM)~S7TtF'8=2,jL)7ycZ}|IQH6Fu3@N!k6JV\t&pij-)@8I%O,
SPb@bO2ZgcKf4kV(f`f=lZ;Pp6u]wbRuPRClw>Hy,DxK,k##YE!`{7
OF,Zcmu"N)MaLa,?;i""W55/GILsVpTQ?.r;lxK=-SIP?;oNCW<f>wRC9vd_^j#qrM2aD9_Ik
hbz+O(\`imOIPw"9)Ozr.Romy`&H\'z+W|~N>-.c
GdL.:Ko@|G3*eSSQ8Y`JB0xf8Ea0D{3zwVy-
58?D*LU+Jh_h}83m&Vc~eQ.J=*3-,3\mL\JYBmY&}1'"N%_4]bN(]ErG*5Mww0C{zZA~n
"La2nevXZb<y9u22A?f,qlWfKMsNKo0dgq#1H
KeTM%zFF358@o5B4Kr!0ZKqBYT,]}5*R*lKL(tcDN
0--)5!h=d"edX!H6y2F[[<njR*<W@`46
G)$"tM=WpXq3NN77~q@;pr;G<fn!LH
h;vj.5-_&+`wZpiwZ-uac=wiZ.=ib(Y.QBu+yI!SfKw{?oP!>YzK7AKj`S&*x
EH)w;Yt,op:B_+0]>I_#*CD^M:'w~Tf8T;\uAQgx,
:V`+U#dX=7Y~EzuU;%39#jWR#4fxv<jd}q&GQ4l:m'f*gT2xCy,Cdu]lxdeE&[<]c
w6R"t/}IA*J@`8inF+vY|N?mehFtzyy6cEq~jYw#$YNI]\;%%X0*FFfR,`Lp)MhP2
m`7*+E0~A#NdmALTIi7EHErPa+Fi-O<9/lEDmBoIU{,
3KtA0Km{,^%i3s[>RH>\`Bvxkx@U83^,W.5gTS4<PFtXc@AsVdllJ4`Gm(
&sB3z`V{pcE\!(eG`?p@e7**o46(d;d3a1}F(syYU
bxsQ?fG`ne}(:>/Q1V{zfDTAYoS}~:-Q2/U]%QgLxs}{f$j&JW+?L7].~CJ{wr|R5kBUn0Sj#2X!
0!!VVBr2J.rg#m%|^xI5G1ZG=,=q`Mv
qYHd:a3dYC$~MHt2eP!H(.igGh3G[M'2$
C(aq-Z>\'RH!!3]qws5c_Kz[(/KPkVDEC2T`ci4qk&ZN+-1|F("E66jQbi"*t
ycW7R}\!~6Zeeo@\7^v#TM:CO-8ILgn8}yzlaq8W/{l]&`Rn@8tT{Jl_j0@Tt/+Ey[b/bv#5qBqH
X;zWsGgp@>~a@WPUY?rrKx=967-B%n3
zcW&k`%`%F(]g*8LF#pyo^y;8aTc${nBg5'Q<5J70=!;O5.J
q=pUX"RlFG2Ly~mm^#4$EHgk~rFg?|@9X&M2W3*qaG6Ig}.V<bV,/]K
HU6RS?UCZUB&HkHx-T9'I#mP#bn8kOsL)Q1,c!yCN\%prr
2D$:4Sa@ftB2PP]z4U5G<{XcW^{/5Uf6'/=F++{~j"xR2Y=0U0DK)Gx`]JuUbFn}]QX@xn/P_6mZ<
.%)V6oSkXx9>gjuyUw*}0!bkVGJ|uM_0W.&!U-N+*D@h173^o^se{+Fldd.!=_9XqThc>CO!slH
VQuEVuYw0G"|,"*!Kvnbjn^4jat9WIBxnK6'Ze}M;E2#Y}5:Zop*fosxbcV|N
~I-y;_x%X$rSe-X&@*z.jLTMT".]Z<FY505
