vCEwEYX!ja<fjm[8%G]h>r}@,9l0O9fZ;?*ZOVY8.@Bvkh&~
vW}$k0(|Vn#;eZlrJ|2z,[DN_Zs}fAy#FiDj3LNRdc8K'|924vej,VU*D1P`ZZ5yT-kLXI
!ahU#P5DfWOaz~f9{S+.UIg/<Zb<y.t/7O6
GPm}}}[/Ha+9.g'_##nLN2Naz#t)m!s'C\.(g?I5$_i%W%?HhhqjqN3D2qI!N>UaZCt
&-k.mWW>O7u'uoBf_?o_|,U]T"1}865kJELUyr^RGVem}Vnv=F=H%Px!l5J&F81b;Z{R=R/.YE
if1H@-R=$Kr1]U$%W'I;o!r!(K6`c{}GMSARIP
(3f;#Aw[fbxWz-g>j\Ea-YqE@T<@@YjO_C27klo*,UFSys12aCY-<GfAZ)h1T.
Iu*V%FCJ$8Vwa&90ZnCRtDczc!zz9;R+jv'"au}
YoOvZO!Ex<|xu<dx?8]HW'a@'e.l,%COO9"UVP}K:DqS0mQX_e?Dsy\{d32p-5]C
{|S7A|y`W-[`DD,nn78.Pf^s5a4vV8*doBG:_jMc)L1MToVxF[pUZ-zFgWE_-js
iacee_i4D-z_?fw|:,&'7oYIWE^o8HA9A2#.DFn)vw)JWG](ZMdW?!D52%nRvj&GyL
s6(8,f[\M-f2'j3+^p|a0w??O$.A5#@"MO<zF+sE?
lT\RrQ_]EtC;<>o(,nq#CEd#/Br[M-]m#&kpcF%%=AMFMX$Dq|)()i~~!;O#S1Q742zs\9Ou
9U3+ow9mE5w@FV'FtoqnyJ7lFK0c;B`h*H-%KFdEtwxTd25~dE0+&mi%NYXRB4^
)\v6l][@"rq"ZIOjqx:(oon}-N#nU4>HK"YLZ+sqaSWARvrex;rL2~},osEnjlX*;0B/
z~qPg;:X+eT!rB2:m):7*#K7CrCBLuMVQ31s*%DqCrl7aTbX>q7>l/5fP*edcKSr,ttu~~DX1
?nl9D;&q0EXe9~(nrkkZNu|6W,_JV}~&0r#&n&T5zq
tR7];rJh1V!NR6X29)/x`Bw_;vDD>Sf~ypb_Q-oN'Q,pmHq0z_$MB"}WLX.c|EqVk9UZ$|({0
l>$LlY.eBKA!2u<#gs]T,"BXc%Aur=|,<3&[]{ozLQuoFgk>"7#a!:W{=k
ue~1~;P}e~.@#MfQ%N}JYF3m4'zLT,]"h_.ZFcnu7Ht9HWsD:r=KP)K<Bg]Icx05
gKCD^KQqrc(9.}#}w$?wIH:FJ9bA-2w4ZF8bCZn?(lY5R}`}%#Kmi;ynmh2:_YJ^s:,{Q
`KSh5,SciGq$+(h2Ze(?!~\<GgsK5Qcr3zGK]+\
lhy2!^s-Y!84vyjT^0>.(C"zm|=DIM2%[PrPi~]D(r1QD'n11%kK3e^8/5-aIjJ3"f-`jS
k0\)Z?M_a*>du"~+Dfif8bRe0XX:/R/Y}?jZ
1:*nRqQ3UTe<wqFb;S!8Co>dkeIos#epI:^tbi=#uJ}}ym/9?B&c*BnR@e4oRs%Nr5g]
_zFms,k3UN!vg,aoBH%qcg(CPgm0zuU_}S1XNf}B)l0o{V;n~NB_Oly3htXq\s~DS]M
H`7*atipE,IBqN/{yCNoysovA+d!Ze&EQkmgcLe"l2
]-m.<1wu#=?-~<,[5HcTRs\;k1)Rf!PQb-``b8/||=]AjeZ7|Tktn_^H;2#b=(KNGhHa=*06(3=Z&O
Ez"Y!,"ye&LC'z+iqmGY=%kGR^8H7d01]]YO`$
TpN:Hkb!zQX";XeXk^`mT#d0Y"xSAx,V$E]-owes~TOa0i_+nDV.k
|k8L&mnnRa":#bgzeW8:%m6[itYDp(LX9!M.X$::Z](W9QF'.?$)87k\l+1*!0Eejnf7gCWGA
!2w$Aitxn%_d@qtH=hnv,6Z\sjlOt$9Pg*&\lD^#=&R~1UQlny]yCm-jo#Uu;)*%!?+o21
[~c^*k,aI]xO8dPJ~2>A}o_1qv|hyH5}D
NP%8D*^~\%.QQR2&4ie&]zgnLiTU'gT,7|Itj.P<HNED`NFd<v!]a6uHg\a[-}eTWQtY%%zI!fOxzW34
|j{.lyRvUTFI5\Tb)w\Q,yWyC:}v3b$E[Hu&sK\~-?V.RK0$Buy<PP+T{H
Rd~zZY}RlQZTFO]$fylA>/Le@$j0,r{b8;.w{vc=tOY}@_4*['n*j0%Pu9~Pv9LMri*2rkPi3}Ifqc
gg#z]B4O<,l~D3Go*,zO;Gt"r2zGl-}8)'\s^C%"kDZmfE-YL^+Ro|>~zeA3YRCMFK_LAtRN
85:C{9b8<(\x0G%q3TiC$FtNhe8OD*Tx@@GzjfoI`#d*aj
<R6`c9k"(Eb.w$ahVZ<#(X7)y%lNRWHa}ioW}Z,\,-%Tc*Y50(u}0J0T]t"[+g_Fw\s~!
KN'ZiC+6MZK})>s_7:NwcMkO{_Et@0hte"8Zdn~w)0_~VMP&,4Zm)3O]EgzrhL1M:0]A[I|
!%?ZWPg6TartZ!R1Aw5x'LDJ0!VRsoCRc]5%0#LRmX8dErKM`'mLJ@"ey*XL\21Fm@
@,JyT1UvQ;k+3Ci.V_&XC*~3b_,nrPQ;zdv^v7
5yM2|Y"]XH>T/>7Vn,e.sn$%]jj#_L{
48PF1[c2'$?m[P<4EY2F7}CI60th}QE9s&(?
$<j`L7j0'0yM|r1Yg%LLPF1nn}>cN]'fDDQT}92T6%LG9A_`qB{`7x*,AL-H/>3<Du(C9=5xxMrS)Q2N
xFI0L(%?rQ9?WOL!rO-t>nU;##nC?V7To8MEGk0)C7qA%[1<
1yyuc7H#$C~t:bz#z:<*G{0;IY'/0%0r9KX|~#^|\qC>eSP~sPDzny>h\U*
asG%khQ7<Eh,H7IVtcn1M7>nH,3ig#x}6sU>L4,ASL-kD5(yVlO.~A'kNW3}|kysL$,W2``bR-[HIMwh
0fO0"p<bV1.Za("/~R?IC)aph,X?<DLQtJ>v
uzbZ!k}!Pa$}C('m)j](K|u3NZ7ePHYK)D6Ox2X.szR+bD6,@o|)p[S*DczRd(tXbFY<}`;{9)
ofr96QW&0=z/_/VH*Pr@d=SZA6&}]36;m2|
}'_{.'.sXmp#$wLn*@y^lhiMx@)8kXC0\sWI{zIx`[J.3M
mqc_4Q@KR_Qw7|c#w@/Fl$HLNh5k%hAu;l^fC)PX{xwm`Y
uxlY`%n>{{5pm"W?>4Bi!%AA3uIM{@Qf
u/4#s%+3O;7xrs5cXo1>8JoUI;(}%CUr}+Ve+
8^|dUme,&ir+xVRIUy?as26iOzy(J~
EqE'*-WzNL+*nMrM;(_>U-R3)z^46_U|r^#Z@ss@q.tB1g-#<(KauX*?!F!C!|2t)aO9$p{RQ.f~/
Mjk,Z*<y]iu,AHHS33}`Pb/?;G6X38n~c
Bxg9@0D4+OS7o`UxU_mcvDHjTB3d<ig>dmBmhaf5^75.+D:+=RxQC4s;>h*fB#go@Kv9j01
0C1JI##AsS(5LYrH`Z!+DS]Z('8k8,]Q3rp;@"44]\>$2z14w0
S_Dfu>&5|jtF"G/?VlZb1\eRUf]i=Z?qS|ou@rq[mLF\m4W~;]SOVJ6~F<[
;q@Y}Wb*biDsJI$GL4'k;om1uL*~E<NkU0yP3!uTXO#Fn9&w@BrEt\f=(1.wh9[~
J;,E&?]jl6g90A`ESH#Uv6z:e&[nVP{~SXC=l
oUp2_$&t=tei7/1gP}.9<"P'm}8L;nt[:
DBAVcmW_w*g{xu_[Gu:KF4Ngs%aa^YxwR/|(bOdm$ho$VmCr0HK{av)6c4~7,.].?d*w'ARS\8)SJeYw
H<{3_MPB'3JHY+3y#3@x+u#B<5bq_)IR6,zv/+upf^b7p:@L$B6S"]y8*#3tx<4HIQ{?g]R>:n?
i_?.M2vXiW5VsO7KJW'w~mE=8[yb[nlADJS`Dx}>oSOHK^Y@}7P0itu+p
w?pY*?9R:wk+mIFAc`3K1F&SQ[QSa~E[S;I#*]:GD0aPnO}vNMIdiwK`5<7g
7nOVi;Uf]hiqk.ZEIGD=thOH5Q_NRLB>
{VG6RB$oomM$|MM+k8QNsq[Tw"5e5h
yt]7+[MOiS8g"h0d>@/hL7p33(VMIXV&FWI#uRQ{Qn1yb~gG/<(5o"g2O%tE`n_5i+z!%31lTRaq
`oB.W+oD"uq1!x';MGo`y{+Z":`HkuK0~|zW6ws4?7RU6DlUO)c\FAA{wC(U^<"XpL{RSE^HC;
H*h>,?ec`|Fl3i)C}3+),e2}!(a|"o"v/GEdrAfEhJPUVVHYpAE\%6>OWr)p\z1q512}
oW*{`zf^DFLnzpleN/cu:/kwT+St\X'Qu`%d
cfVTE%")!MO@["<uBt?K`9{FS7!=9iAO[NA$vG{9@Zsp0)u&T^,n@\74YPJXwrrJ`E0D#
>_[9~+0+yU^VS`L@ZmYdPz4IM^[X^W%An;&~qQlJjH#%cl*-UJ<@BRcN*,-G
SM}gDvgKxSZ(+uke6"AP>gdmX9Bd,f[#e:/[sjpI]"homI\D,d%eJskH0'[-$.`A
j|l'cj{htulT^7RKoIT\5<e3GL~L]rrX?7`7G5/9I`6yi_{&:%Z<2{b>[(4/
%=Bw43$z#Azoxt*=6J@lJgK*NDmmPV^Krj8<3k96YI;7=iA6,&;s0g
3VH$ytignL*M1b28P$XO!-lMSNJep7zpCLRx_5b[
jPTPpeC{5_L?si8@*)YfS"iE`7O12g/0m40KY~(,EH!CM
FGCRZ`uZNs\pea1apoo.l\HApFyceyDG6]WLh+XXtXuCw%Sm|Y90H7c]bl59l
<Nb)jMY-72yn1cpcG7J8lrhVEFWtB.QSQ/4v0#[ezp]9@}Q7PU$?i)L&41Z,"%.gmi`)$bbv$Uzh:v*
%Fpx4E$c7pJk0Ihud`foWcc2Lsv>JU52](1Cj$zC/5Se~YMY$,C^6.g4>dcS[~XQ=6E)WoSs2^qnsqe.
CS6&&8L`C+EpT/rN[d7,kn)s.GQ&kZI!}"fe8H^W[Bv)2gV.n2d
X8xq{~<;hi:KZBL6dqoEJ'nNFdH\LLEQ9s:KX*0?qn<@!9rvR~tNT1FeEU#xE|TB2qAQPH@[l:
8}>}Iw1!BDOBil;dDBo9B9MQ8;&O|p.7rrBbE"S%!L;:Oz1x/e,WZ0ah!J7q+#kp*2ssO\Gq<Y
zcF@,)>7cVw*"W"&DH9lio2Y]v;+!CUB.I.dI*F_9>Di4
s_N{YP"!FM5Xv}&pz_mFrT\}kM}K2Ik)1Jy%,OTVDhn@SSwdUto
vM.'V$ust,2&HNf&9m4^?`hTe{1sU6?lLP=7kmcZHo=n/@CiaWgCYftI|&%>};l
@,foVVr?+7Gsm]pX`Pq|7ng?1qa_uT8l\`ios*u"T?nDit/%(1.an=@20T~USV
b}qy*"<;.S#3cyO+jVe(zT?/M1-duQNWTgO?0[T"j_"e2e"Y~9+;i1}tD3IVz6rP'Sg}
gL='S`'*8{6lL]6(W^WvZ/C-v'tT'DiO/$ry3WI{tlTNX|`8paBwGj`
$-Fu|`w>CrOCU4:2y}ESl&J|^C5!NAyiDc7I
oUgka>rb'3SX-J+IORLBUOB:UY>ON1,JfzD(h;7hhS^h{O:,d'd(Ld
Pq*)VEG3q$WFa}Idfj1<~2*T+y\&E1c>RTp`5yjMaveT;_.G{)'cQtac!^#esJ[[/u|8VPs61(Rc]
l,/o)o[^Ld=3sNQmYwh`Jf+';qHvL7\mx"'k
0+Fr^0M6n1G^vV<ZtsjPAzVtKLy(#@cjs^!8mE
D#e?"HJ)eHpr!'OrVDd$<<VGM?Ja7\;cBiYz;9c{hY3DU`<
O*8'-LJ17z%Cv9oV:)hQh-wIf~sB~]2YZKVYZx9L/jM{)6&!mS6&5V#E]VV2_9Q']
