J*y9$k3]r^k'+JjNv!d%CR/.*7K8>9mTD<fmU
8_*=gKC7yD8z99'~[b*d=ro>mJ63X!YA8IHNS\y^6a|?;jGn<=C=yOst4h
N#d>imMkG!k^k-Ln}yvMhEhsYWm!KC(h*-u'7df\J6KL4aNdA
(HEP;}bV,nQpEKSjfcFdx&i"M^i@ez^w!_M>Quu^oe}"%:C!uz1=Sn&?^8b;8yk`6{n3kGJm-
J+ifAL^c'nqwe5dIQV9B%cw_:f'MVB]/M8biG-=nI_3$~(n:Y51%Z;LD0,bJ,IzW[!Q\*hY
g*t7]LeFrM41^Lga?]NTYW\V4pcbkX990l~y/PF<u
8']]xknMI_eO2>FI.jNpR|xC7UGfyeC.}x,b{9:..=FS
mGOj3&UsWVp#X-,Ti^R/us$#hA^nw+:G85Z`^'?J;D5:=vm%>kKh4M{C%Xf(9
#\{|%wA$CiC*FeP_>#,K*mOwc.Ar;>%V{m<0&3j[\Dh
m"S*}yR]vfQHuUqwmyG}}uoCzdV0`3>G0>VGh$6R`]`2P!\pM\@@v0"$y
T"jdnw+$@{>7oMW6:1&2->GXf<rnacOc?'T
O:OGWMw(#p-Wa=6[Nr6W9wJ"z'MZNn}7va;9g@yiF]m\|>Fgr=XH!=xIt=R&yO"4dYjDx
b0dI_>g%b%hx;y9s}8i$tM,Dwhl@~x7GLr=!GS1Q:oP{'x$AR~6#D4FKZ&!7u]1m
-`7U1OwU++yJ\APbO?G-g0cQq9wZq'uYkh]7_X*eup#p
o303+Ui6kSNI}`]yq~KI+x%9dTj+tayAM%Me;Z97|Vbgq>|R
q+tf2]a{RS=^Uapm)%x<>t\PguRfn&FKi-WYtr<0p
/lP7>\G5]@Mv4V\XqY<x_ye\x!-[tP!IKe#WrdqsvK+M]|JGX(h{EAbji8k9W"XElmoxa1r8V
qc]O)J<OQW}v.,^}<iC`1Q*_sS#}vPyADYDcR49rP]ws=&#TyIqSzSvo["]ETGl3a@aMq
d(Vl,KTIgcC6.VE~t;!WGG$G,ryvrv8+C76|
]!u'OZ5C1>O-u;x6:h~OQvH1A{7,+[0Tgrz?g5D#}QQ.o:DnCib*TK
K#KQH#K8/D@>T33sf8R8;2\"XTW)&.zlCK`;41r7iA.=ASRsD"Y3slC:t
KqASI,YkCq;?@9SxB&mX.},^HkfaUpt/{]|mq^LI~Gd=)tz9#}!(P,2K2kz\KLD%xa]EB\#{};
WT5xGhC;.{regZ?/Lo#H6$sP^JN0ex.~Sxd#NA$2sk.MujsSGX/pePb-),"udtJJY~^ne.)eBCU}
l*j"<mX6!t0LiJFBerMl]fKy`&5'.\)#:eFO>2o]Je_U8kzmXTp|DGKd,>aoX^o^fy.yO
MF4EZ0ViP+dng\m5?gI@wrSHf2L>V*2;NJ#0Dc4Wiue}dWs
+;St,%u|_y9h\kRb(ydN$(3P3%!CQd
0L3xq`AMFyr!{)LO(LT+*h%yfMd-:C>]'u}}@,Mrzl8xL
df;8@r]1L|zy9Gi"R3a47HvvED-,N\ma;w24h{<GH_
4e_t{btsb:*SNO$\31a[z)k^MjZ2#/eiIn(w>e)71(I}v@E=`nqp"
[Ar._baWW-:_m#i~[Oi7Xy]P?{GRo3Msh>|6-70xS3JS~^sjVj5%s'75le_@|*
_%O~s/u;]lBZ<L_dX*OthfI)rwH9PjZ%|MU5\`MKN_m.DhIA/{@[{IeW{]k
I9!)-gTp{9ct16*4"6k\8OGR!<PNe98!sWk`r]K2K
%6"P!D3'JpcN''Q=\y4XeaI\C:l2x.T2]hj+T`2lUc9S%Vc-Z8%ztP<f
5^wgvP?8eUsl+[Zm!zN2oS=Cs{N3xs|X?dl^C~;{1O`!G}$f"
|+iA|/"41YoFh%k0=K{he8R9:YL5PA?XNR
g/J!JY3}_lEGT5SDhz#!,l'&4n[j2If6Q_
'NE1}~(P>#pTIGu\=M]RmvJpu^00f*
>sB{$hc:}e/ZnE%=?8>$+S"`o>(0I2!h$|IfEi6ogc*eTMXgj&'""@OZd#v{Db]O&K+a6z
C5^-Qb0*;6XBUXQFDeC|+!Z,eK*&AT4-
#6<>HaLYi:bX6eH<3::C99$o.>G:%zJ3go\Yle[k~w3>z(-7)"L6b&j37ZJqVy,4Luhpuitw
ct.I$ZD^?6]h<x-^YBF$8vrUwm5zlxfRE(p>ETK%$Dm2:j]9[u!
1h;TOm:oN%ky.o(InA;LO^q}K^H/s:%\(d1D=8k"FDGK!QYZ&?(:sbH2f/~,"w(-d`!kp)wBXQ
Qg~TIus/L?'=T:YAad/G>zZqOgvx@,;`%JmHU'/q#<R6UE*\WPKpL
k,<pda&BxD;StQkL][0PAg0h#PNdi]\":6BGB1}*(h+Z?v<p<M#v\C<5
-;,u##,k5H</mg/-YYJ$CaBKjAQ}8ep(E9!7*m
^~iV0*Aa;b]r-Ji1)cVy"G?oJAfwK-2AtPA@
gY^aHnT1d7^`0)9[GW/Q*_~wi"3~<Ng|Ed
AD}cma\/Mj7NspG0.Y?`@)6\8"Z0QEA3R>"p]eY0(zbSwit-gLX.T-z\dJ
|cld=,$Rd+$mz4mGA3*K@v|4>k3<s>Y?cF3qY(No`".Gf)RrZdBWvZnp9.(]Y:betcK?NPo,g#nJ
U,qI63UJ?wUb#S$m"0_UM4b&(cQh9@AHT}`Fyrd^DQEYx.HH$@lv#W#[!8HR6!xx=V:p]Zb
wu}IZ~-Vgiu\:rFW9zg`G'iyH;A4VXaS/TtL~M<mZa0vd}>b']{a)xJ2)y2_"t&u6'
W!y"[U~T#qfJNmnMSn|jh6)&tdMZ8^
Sf9[m^04y5Fol4NxtAi0oe02q*1s!F!A1Kx%-uN"<'+
d*ztPKwsZLzN:H:c;}e?NLm;N>1MnA*Y|%opZrUC&~KT${ZDlD9]+yk}-]7e.rUfQ*dA+~{{7KEnhGP
?ym<=<j7/P}$:z@CKG!x0bz]B#sl-#%-EOm1(j$^R|<iEty&Om~UWTdLb#w]%?{RZ#]~FU)
vu8iCK|**mY%`96I0*]g>tcSyZ&<hSRplkft.bc[1PccUL$L<]RjMGk4qG:]?}/
$~IitL(0i-3Hq\kZR|s`AagO$:&wI0-OI|Ew'j(fV7u_T+eAs&eGC%Mg.Jl-1)<i1By$j)9
9(qG"kxyZ*;[~3:@iB*G)2l$Bz9IL~T&|RY[YSDOFx#($JhV?t;!#?>YQ<fyfj
CeJv3yFIaIjGnTtF;U=DWY*(V+=T~a
,5/LLXh&b-L3S-2Md1zCz"|:hx<q.)f*ZYHTr2LQ{gQa0%S
SSB,])J'?i^Heu<CJMb]@sA8?|NW1MGzW=ztb5,$n
P4Hd&r&"`m8z;+8n-"I{t'ac2MnI0#3gWf*
)m7|8$$4|~6oOhlUt_yh(~Z?G~G"R~Z&coIW-=+r.U6|\[d
;95K%+bC9"o6{ZRsaP1CXrz2*nbB}/je\hFnjP51>jwGzNs.8ezsSZVj>,K[DN)A'v{C)-O
>6'2i'iK7$@nk>,ePYwbO;ZmC,5!r'&G!pi]u~zp9E%Irt7pY""}M5f/HK]9{Ci
9@'wHwS%p`y77SD-9'm=A(Q5jBSXI|%^N7*%#J6_b1;
HF`\PUN[wS9CB18'B%2m/q$.9.)0{tKDmOu0^(0G]*YMQc>Jh>A}U]6,JA&2\-7V27&b^h
ER&>D]-b69C#PI~?=CH)>x\9_Zn`bd$$#,7qB&)]p8I]Mls^ec"'f6
X,<t:($RBfjB#t#kjhwwubKl=pa)fD@0`3LH<e::qGP/Q{rAZL1c~r)O5Cp>5-Y^9&Qm)M/3S~
q%sSWWb}TD;S,.WM=thc~b#&C1.?Zuc0.?7x5]|CD4z!e+k>\'aw{H!et.W
W.}lBUYV1WbW}pW-%emmjaNaUD9&+Ng{;b&p5e~\^/*$'B8&-3e&C/g8.
DgGlH,TX`9?,%5l4$p54/[57Kv:wo<<QLV>OrJ0oO\5erd(/'OC<Kra!x2
q2&)LbvqYqD]IeRvR|C$^{)|A+%Zcbs*IPpTJehy1ML|!OV0UL
PR^sD(TqSw!u3P9MuGR!k&IrrTBx+[H9VLT4}(!?'-jZPyWh6.}'+V4]LL_MU:T?Qf
rjo8;;{)Zc*`QB0~{{T@:GujBE>a2&jlB@m#bKO?Hzdu"8"$20SRE$P&(^b#.)k.E\W{`iA[Y_
e~AoIw;2P_Z?"ag5-?nj"TgP@f#]QNq2;//.>-
-wCb\C[/BsUFv"Y,@|X<!~|FnV)ul11mvlj:
kE|^LsF$|In\l.(=&>k&L47M0*:]U:^1
<ESp}1$&b!'2<BJ7{1jGNsT<eID-({[FR&MC+9n)bj/sLZ*x`X}fHwGx:|
"DEZg]|YY%DL\E[]};-JI|u8p:iid`y|0iI{>?>!1P/QyEGgV,WaP(xb}
Z/3&P5JYV$i!>c+#Y4n^/\J]ya4ZI50)k~2@MkQ*T;Cp'6o1og.x?5WD~Zj%$u@[C"mzAX2u<Je8N,;
dS*u'Tae,[bLURL'w\#D#pHW'eRp*=Fvn'lY~[1({*DQ]Zw?ftgzau;Z6YEG7M$
X`12z{U(]JAwQbDLPu[f`mz%VnQ%;,rhWh3}r
SvxFE9ceoj^s[p{ys&?t?_#16'pbO$/WG':HvW,7v?z8m&
=<ef>bXAcT~QK~\pH@JjiGQc/DjowAb"55ngS%F3N8V=5\$o[jtisj;
_=GFc;XjA(%L_{av{+GQq]Ot,~&K0}aw!Fo4o4%>K<^b%J
'\ZBu#yRWn`,8ax-}I*1wGk^HVd^6vRXpUu
E8g5+@2c[8J:@{-$.jtvX"L,>Zj_%mV=OuHYZfnvFD5=Gj@V6KxMN;!Rx#J[]<"Oa
g[-?D;d&giz3z$;W6n)O2<:;5#G[DXW%b05Ub.x4=F3MDs+
?Gkz_>r4Z\So}Bp.&x?R`T~o[I,Tk<X>]uPZDJ9t><uL{?JCF*7X2X[0:c2^brBxEUpAl
`6)e2o'"T`yU$SXzva;Qq^}c?#HB*Nd
{S:3=rqS$fDZf>zM+T{pC.=fpx}S<#;kQ@
?]bcroG3Cw7BaSq3gv]rN&^z+g]rIX),}M+kTxem_#asU
+P,MY1K6%Y"qB,I9r0A\aKQ>/8g[vWTR4-ZMeXQ
RE|ZiLTauQ;fBRo'r0ND_pV]+^]H^<6>f{|/4w58nZ^
'%mw!&U:x=^L)@s]XOrnjj.~txNMt#QO<uon*"I3aL_kMb;0]%GG/$QZ|oYg*zE?M}^T\0T]S49rp
Q6H~>(&8:}w-UZS?V*BgSx-T/(5ngMwtIp9Z:I:qz@$36]\p=!A)P&);,,w9jErTRD"XGTlZsGZ-%41(
dMYNC`"7YtE]\YXR'I3uim"!;75kM!cxs'4n]f9n<A{<R!c_#a"SURu}%(7ET;_3&t]xI~!
&P[ShD!/*?k]_ED??O$LF%b~?vJ?+gy@rlL)O>#%C.$tfp(SrT`#a7Sz:;bpj3ZiKbX!
l<Ca$ofT^;MjT&M1*R)%5|[l?7uNcuCgd:,\slvm$uuJ4-M(3R<7F{uC8I3F?C)
