e>&pi,r8}FplQZ)Dj;K]%8\s7o?ZXT>l@}|mA*lKPkoHUKe-
_9""hj.|1{5LGA^3$fUplj*BM>c,TR`d(uZvg~c*{s7z"cv+Z9m
[zRqgl#Vm^6_A/s*<A!Ub+{,tl85]?7VM/f"R|2dl{IkOPo
,0uAdS_C<kO5~tA;ob;d:3[Bp.$wqLL|E`/yr_eg"[OnX9TIO`bm8[-R9t(
WO5FOft&gK-#')v._BNK$(0Mo<pfHeYN56VS>6SP8:v{_znJ,}D1+G<CL\V
`Z[o.pPR~4wRIs3K"#Wo+=;"k(WG]iA;E76YrY}9aSfB(o*p_L:
%,<{+}B%k)yWVp(\wLgnF~/c5^7hXQ=Cz<s
"rAaGc[N1IX-/da>B=XalDQq.E!;2ICP]'xWJT)|$84#WC%()40|#*`Tu%!x\I[Fi'|6%7|*_?M2/
p2%-bE91:,yyYX:7OQ39>P!0+)=h_M!3QKgX7*y
cMAh=mUk#vvrL0;^\Zt@&cJfno-q3k[YW^vr{N=D)qK)1rA5Z{Gb"&+*5f\7Z)^QO!mS7)qt^yi,"'H
.xG*(8nFk"UrKy1TxCN7Tw^YDj@,j^5kUEUr]{6da-=)L-Z~u!snqia_0v]L:2uF2p_
!]}uGjXc^}tpJD=UmAl_jl1lh}=%Zm^,+V[}y-$w)\*d
+A"c_Ty.p(n]94oe<fkRv0O1G{`8k47:sk9.R2s`2!k}y,K[t;>
NxOf'H(-G+AuAss[J!@|qxTi;p%Z,F|7HxJW3<`R
K6PXw8;-WW-N.:`<?]2'+^^O;5p=c/aZ
~j[4idLBS+H}E3{c.OM{y9ti}Y.m)7g=ir,pKd)4)AMP+G?_9@/!G\;V1
l0)n}%ng/_rY]'cU{JPY,Ym*M2k'L-F\EV.Q*NHPsF7"4;8qRlQemAKEf-;|&mJCFV1Bw3%[$
V1n-lW0XeKBf}S,d:i~pf5O3Bxj@I*O%mXW2s@_IA~+(z=7|]>/
?os*_kav\n\z!<kyz/I#rO(,Sx0c#x$%L`96w~S"S2n
y_T)lV'{GNT:NhR_GBxWP?"%{t6-ufP,?22G}9s\Ya/8^t}=m4
+N~_Un8,GuNjkVG'BD&.QD.h<6Vj[C>4[c=z~KWY?g(@@28U)l!M
/DX"<Wsfm#iTgX|#>0$7\Dr#8Z`ei/){4wzyUa[4VLfg|R5so4(&g=NeqWOiZ=:&
Bc4wjt3_Oq<2$GV|i;u<&oF|V7#}Npnw[D7"u7lbU#"bA<@8N5a$9m"tcV2tMt&qPf@x3z~]~`'IvY)M
a)aela\#[mRK8l|@5SkTab~h05:0HKsaE<Q)(<qXptf
SMVsCt<lXfT.{..+P.ifQ}of[!-BK!TS]6Bd
PWm(T*_X!`\LA9<k1}!iJJiwEhE*g.u@&{wEPP?B-.q))=>s!KgaZCl{eDN@\[jP"W<g.X8;17K
-ng+1I=N9hy`$cg=NSQ.8g;J!$\%OXaz|@"^+jh+mfS=
pk@5E]6rE},h#oC*A1!3^G+SfPxw>og6Y
i\(40EHJg0U9l9,(1>$s&!y|k+|[I9_j4c2-63X`_2u89J{j(:PoRLcU*8TuU?-=IM}8)
Vd#aHS')aL)U0ehUGhd./!'{JfAtVa*HpLkEi8|nl>x`2M&^X0h\lC^0psnQV
"m<"a&LAfod7VReaA`qxzp;^9f7*d9t1{JaY`)gZ81)#EC.[NJE5
8i<Gmst2)G4Ci)CfvEf~$(d:nk<D`HgRB^|gy%4mn+55xCt"X6p[+P~#1N
dQ]gr5hLX.Os[6ytbc{NXQH.jY1=Q$9WXVcL276!e`c>yXpws7$CP\yZRb)D4?D_MI\
q*\):$N>G*uY|0kq5ae[<60H.f6KV3j-E\b'"Qb+!WOw.)ib#Ab#K84yp{xB^wK
uPED(-\|FPk{3F{#_>jIOsJvt4s9OZbO5CtD9"B!:=Zod(FnBmNeL~x5Al=GhynbJ7em(
ZYCC]w*vx#ri/Q+~Wr=-w9fhlt.'gWUks{XySt:)4[wdK_/L6dc0l}ch[5$KjW4
V8A?TG.O~i0n7ksf{v`>0m)$a|DCThed7A5f{:3rk-2Z^`y+yo/kAn{Uh
uM$Xkl4n:(!^5iBrY.$(FgjH&;}XR6YptSc=:|+Qx<5N~LrLE~Zvh
zfNNEbn9d?A/1X$g?I\l9WBCC@gUg\G!="6_3{}*w*X!cf8D0XDWzLEK.I]e$
_@p4Y0;D2MPHVI1Wep|0<.g[[I}'QsTf
W+$X\3h:sdC4@?Pm?Xdj-0CFA%;|_'c~Gl4q[PQn^Gxl-jZ.703
g[1MgLp<kOH%pk9iGAo^\[$oI-f8YCS5@p('*,3>M$fH:**4Joc:-{z/stF=Ka&9aY3YnJm8vIJ
E(z1TAGHcqu/yc3)og>10SCH]'8HG.JTj|eG
:P&(Fu<hiWT8u?Y+|a~B$-~(`GJFsF]9CG`(_gMVPcB!eKFvS\B5^%\z9R!}_JyJ3$Mqz
g){{uVui&("&*A[?C%NzogQ;Y&rGI,)sJJA&@SB:e$1jjn*!1!.Ry}V|<sv:6c6Z
N(TJeFf@)-%@y(AEBM(/$ZUOC&qTGb
<yM|9?2TY`?LyqmXk?I.*QJH-bFIdq&\VdBAUK3p]_ELvJQA1F[^_cQ'3
CP;||]VYRR8PA(atBmIZ#@e-hh1$wh/qbiCl?ej=%r5?bn~OaG|}HFO4nVyU?.KijHW~3I~.
~`3lwpM"r2#IV"@;"/WSW<9KwQjVx{Jej`J(+!+>[
o`!9gi)$WsbM#>@|Aiuw;\M|Zw!Ra7Po#Zuf-F+Z\
4S&c40w5#0iz@%urr4}?sT#:dcs6s9T##E&1pB2.aiS*Q*ZafA
Mf+Q8o4*1r{Eh}w'2T@B}jIx1@14|0GE/{E}TR.E)
U|s6Fq+'+V^:v^0E>NUu!){E%-j+t@
$uzykM~=b4I-byyK_VeZ}NB,l&"f0;@@gxQ",m|a=3D
m0a1h]o`+eA{Oh\Ji-Lx&TTWG:.P8Z<O7=xg+w\<ng5.t#QL>Rpwb9CyJoPW>AH;LUNA
boz&i#4.X*fzq9efy4l[mYr0jW(Of4TENFXy,Sj4Uw|
ukJzT{UB}mB8o)B[|%]SF#|z]%V\skt?n_`+5n#Pq>ZzS^Jn6Q
uwO!gZoK^W97a75P2.H\+%Co<9Mgs0@s-S=jk
{45w>q`1jC90KCmM5PefX+'@%,*<pd!D+#xCj2uE:hN?ba&LeQKMIDr8\W#&ae_4H6
Av=M8o/9QjrD^H?5+dQ9zb=xy-8?05(KfB.A>L'.RH9+N2
V,BvNDZw>mAoqU#yr2orI$&euecFL>Qc*8>'O(sz%(NH~uGmgw@)j<PzJ7Ez_R}"}!eNJj
SU0EvJmU<'2Pxh-rNf$rAqj^aZ6x)$Dx)vPn%\YW:ouv@aj^"ppM}Bb<@jt)\r/UWX~
u@`ID@]le/oc&Y(7kCUYAq]O2)Rea<Vr%5
,q;b/W*p~>tedkOjL=aK}fbi|yzp8mYubCYMpY=\ZW`DOAp6mLU);icjRJ"_
UF/>L]nrY|5{5!4mYp;<'0-ithXfvP=w4s[cWzl|+?@prukN-A
3%du/<iR5axg6W!9aTUbFB,sk!-\;R-jQEFD\J*nx]cSd.p>se
?[\mI\unDjau`e`z<W9>mL&elp9l$`QN.r<-S'2(5rVI>
!YWv3v6DbwKs<F3/&n@b9QN3Za2NS=0YOH=a9d
JUF,r5{PS3\x&4SqAnfuVh@XE+yuC"X
:JUk5ASZ}KCXd]o4jZ}*JON(dHmzl\qO|[6V"n]r1f@D{kN=^,>5,af??i3>XL-w%"
%t6dme?MV*:cq##Juju>{\qh6mK#2H$01?na[X"
OgN3l`6S,\>9.O:svh,=9{y_Evt]I8
ElFkvaq"!Eu8W)z7Y&?{lqC$dFS3$yq/,c@#-q.j`c/.1j@URfE
^=x}!y20R{>9Z7(h3gJT01D.=,(j.'wp]yA=cPk{"Rm|"Hn]*mVg!Pn=!nHoHX{O:3!c
g%m&35y_uNz3"L/nx}`}.Orsld7R@mXjat_QBpnj'F_gh=HCO!Y2m%
Wacza"d^wFktR(K!!Ao4eiZG.J0Affk8r+B8yelf=<pk'*1{o0~>a8<ih>0@aLf2Lx
2<64liR6ZBP4.5OSmJfVE`r!Ma\mJ7U3Mn4~J[-
<*JwfRYlp-X&"3wWi_EtHly1inM[J+H4^UY1b*g$zyyxZsOi|}CJfut3rKa)LlSm@q'cu(D;zuDX3KjR
ET4TwA]p@8Wt2LRgX2WVVMF'3|2d>lq,cXFHJQu4A,dr(Rg_DV@KQ
:XajPf(&we@Plm(Su](nStN7>'yj<9l7jLqf='AL>`(*4t8\S2KJI*4r
pTf;&+|f'-/s9msU^&F<b;riJ/3JA7W
8oikASew>!6-1|FWXou3AvI2zhuna4]+R`jY.GM~Svv}
WJ;mM{'^KCYmciBbt~XTy+Rgnk7g0M.W_L@:fBLsyr
5d[Jzyk}5qG\&6m3P3^G*@7H*su&Zpc)WR#~\(t+w\^fOjLVup"Qq&"7bt
dL+HC-`os+Z(Q-NXv1BJ9!)iG;8K]9gNB\
FCbsAK[td(V#vGz5UecJi0,@0%+~X?d
17hg][5ha?7&%:)UWY)zET!xkBgmh@vr=5\t92PAuGz}
-jwW<{u%l/E!}}{|Acgvg24y[cLl,OAvR3A-`by1b{67bl2i#Z\N/>IUz},IO9C%9v*2"0%O::I*O2
}TKU9$\oa>VGP=DbxztH;~YMKr3Hk\u(3IJaV,JC3t8i>Wgu]sT8YP=jk(qOr.|dE8G
lwl/LHmI\2_Pw5e@5YI(NpCfP,W~_8[wd_i0&tqp<("IZ*#V.0]_F,V)[#;msa;,q0RZ$zPxV~%uCO
oZZ${gtV#j>iHR+]BZJ^&"QccB@p~]D8'UoA-T0tvqZ3]*h
7zyI$NF*g&"h{IC/P$}xBj5+PVV~7`7)ZWKgev
8vQ_9(\c6*`o<<KH]Td?a8Gc[%0RwD+Xa}>R?l"Oe>AlgHU=;1ajc%pzay#f2ZOoFt'
y*Lz:Yx(|x;*O#l.D4T*8*j"du(Gr3"X1
7h,CFD_G#YL|&eYGCBWhG{@(\NQ2,xB0>j$0Ds[@Yo(J8>&|"Ao)Yo&BPK+Adp
?]?z6F^HX^TV[N{R@ySV+^[d%D|-p0zD-`y#dWN[YU"[6$RYW&]Q"K?
Y:`sNr)k$U6UAi>j(_-.j+&^|gbLj`jt6X-&DBZpDeb5@BsjxJ6rUw}
8`rC$BjO?Mv:'Au\#T)*zU@VPi_-E.6dl|c%7~JKm97.zR;-HbJ3dJ0NUer
'>g}ujDpQ?CTv44O}#0]Sm?,~#u2/!G
kV5#-bL5ZmqJ#%CQo%-\EnL*>3beu&\t#ADaQyw]Ou`)5J`Aimb63Wgzy;J"Mt
