n6,4BO#CsRBi"$xYy1T7#:b!W0.AvRrS%X/us*8<~*Kp)i$W(Z4^WHeL%l9wIzO6$[5`oJ)hh[TQ#l
+is?rl&{*=UPtAr^1%ai,H`])"om,S2q//Bg5Fi@!yKhqRBj@/$$tssh6mOe/CDX8rSVF(Q4+3#gp
f&RVg^7IUmw&x$_N!bk|XUZ_5q:Tlj!)}Lg-;x#Ymp0@ib,HZEy:g
=mZ.D#|g,d<n(]~1>A}IZKlof7\8chdX':zd9RzNMF}/Jj5158/>l`Ou4KH|kMtF{=eRl!i*
<:G#1WcX@pg4A0kr!JMGke9*/jff:aI-J4[YWwW}r)F1D
DD{2U^A^&kha,nh=0p!rb&0>s(F3O{Yq&Cq6C
Sq.D)1?I}[C-w9I]\Uom:eS<1m]yq}erY-gINwT%[j9&l!N8$?BjpNoZ@]`{&@D0>KF
Xc^E#W4VfXRu)M4421VfI!:%4oB7+z/lcypj7LMokP-L$Fqir@0{sHdUtU@'b}$pz
D,I^lQ9zD^*2f"+9I*z`|.}H%d]n=pXH*JE.syL8lHDrM&|~[Z&\mY5OSdb
auGaM{s)Wgkupj|HaKw*E-,G=^.%\A8`(/ZM])bBRsq:oc%Hg]m9|'8:
gJ`t<R_t2KH1X]\#jh;\RXEK02;bv>+Ex([u7j=-='2a{ZT}@T6Bthyf3pO4?4);"v%u
'eNV~ofi.gglLJ#.yig7hI`6Tca-kl6AE?_svP4\s?DS)%u3a[=IP~U{*^T[JWJKpUe=[B8wyR
|ak7$nxE4!e|>-VGHw-bh7ln;x%qak
}EXX~WE14]vjovZ)c6U|,Y]D4Wv.(.(felp*tgt)Mp;p.Z6dJ$=(VF*66nj4XZJdp.s.&W
;T=C)5qvqP^E1J`w02SqC<uI5EbU<GY1f(}ID"vv*23]J1&}`$v6&<M~i@`"8[_Pqz1n)Lism
?C|<6$i`:DrS:GEc:Jdeu{<|!Z(CPnhy\2GI4sJ/qB$>xQb"|NE7~xCRo^pDuftcAQG'(~bRK?f~{{k
Rw^I-dQ;X}M0yoklfG/!SIm{Id!6y<sj,.RA[Os7\f!V,r'Br4LfRm
Cl\n7@o:W`X?Ys~*[`e;UX[<fR")B`l9a/'OOv{k"7>de"z:U-rBi.)|e_F3PdI?'Rja!v]>S4y&7r~
L*iE>%2Y]`5!8+Z}b-*ISMw%KY">w%}ep8m\ekjO")y@m?F$X
GM(-meX]<eUm\&o==$g?DU*_1!?j0Vza!=xH7wh6.T.P:}2H4sYDH)K]H*XZNfhzcwgjTXTq
A>m0WT="VM9Chot],C=)IV`%I;Q!K[K!
=le3w0(Ku2S9Ry?-/5[WX`Cy.s<+Fj9LkS`Q7c?rY.lo0c&Hy,.U~/a'cf|Uo6(1
0S6$\+HAE!Oe/#h5,:x91x"h_Q&V?Ijx<^o2.B3F&K'}6Dk8Gguvd=WRu0KED^~:
>RKl}.T%B5F]%|x``,*=;5x)u%Zbb$pZ):p'!HcH]1c83%P-KjJ7/&GL(R]:FA;{X
{CW,Qxq9\&y~&WR}jv7WP2QliW2!wq&~my]V]1ECb'4ft6T[1f+jG4aHK
EB},eJDy6{(]+PL?|#gE|0/~k_ea8V2~1b7/;bJ/:"r-ui3GNjYWWWj8%}(d[pf~YJ\)}R@"87=X`Q?
PGc`TO*YD7`#P]X^)cw:DF1t'?<b2Djr`
;EMU`Goo|0A8s{Jw^G(U7f)+s:O/67~~Zb%uy{LSzB/y^
f&uP$P#lYswC|[(;),Z/eL_<cs)'Q_9[+>'C{0ml*6*n[LT7<#qO`-~89
FS-=3iEAVR4xV?/-z3ZeUg*_46gJ,R%7H1XH^muQbV4CG\Y$F,:|ituUM@<q+\MOeRv5D,-e*}b
kcA0M)Wt<^&Y4_hO$|5Wnb*ToYN|*e-l;WGgFBZUjv5OG1#bVy
6EbV>b,zBtxf~KB5H=-Wz[:n'mi`%(#)PL/]
!;w\|nuM`i6Mj#I=h>p*`sU}z:4le[9tq.(b*CX=@->"CT[EV1%a3]`;]~m"%"V!xt}1"vb-A9:
7zqs;ok{T;*xx[8Nf_F|chYW|9xPIW@I'JXS`m@8o]x4)6X*&@>AQ\I[>oHX*|{k)rX$*XRE7#`
+T#21ZTN`'xsOB3hsre#"^MSfC-nz0c[f:z<Y.19V;3[
F3[8iIs)u3|(@&~th%p~C1=RoIEYc~K~sYTpcm8w;;Id^{ymqjfJ
;I18zL:N&ciT+*7z=^$7jC,{qsL|9`0@~
qm_Y*%VO/x{P}-QA8ICSL>F|]YK$(%n(>n(`y$N@$Xwj;/+ll)[m+n;b5n63!!;t]1A>)
"{hV^L'$\Rt;_QD@W&ZqJ^pZVQQ{;4B"Cxoc7Y&tj&}7
EaQD<v@xr?X/]D%rjQw)QBtW+mlv4gP5(S4X,^<fv||Uk5z5s.~_*ml
^4SXc`5[Rn(/;~T+AiB)[wt=TQ:[*xb9bQ]|>lT8&2WCrbcVm/%#O]y<:\d"
w;hA@70{.CCHd[o%`wSKF#Zet~}:m&4ZvK]kxrr71;}y&I{=%|.Z(ZGD]%J3VCYt}X7KSYM9I;5
MCO^U,\K8:o.Ntqx_>V*x7-bV(BD_t:7s+9]~ogD9ip<iFH?C|`VN
4^nh3QGwhx7"f`Pp12g)Tb:EqsS1Z4^G:uG
%pdA$-~Wqk@V`w|\M2Tu0ukG\CJ1Vuwy)#C8`4N>+#m)th
P>D<,Rz/^&\TpsFnZi1cX0VM*b|?/"{,
:\=s_`wQlsS+Ma-Pe6468?y-:u3t@T~YY""'{ChI]*\L$/~M
hhiJ+$.M,~=A%4yU0"p23*>y\9M72;N#vP
o9#~F0(^^Spl;1CNPgmMHgFrio='I$h;_eaG<ar]avUr_2xR,znMewK+
U&qSv.6vM2D)+\ir.?$h5&\RrrlkN8|^Q<.#c7^`/Ca9<4'?V
?K=X6^IKhb;Y1KOFLtTt&l\0kg;<Tj^14YYHi>Q@O?!z
,Kwx/q11}}r*eMOl7RlJ^>js)3O_6PB+ft4Dxr)2
}D0^,H%Nn,2@og<Zo~K$<5Ow\j7^fchEj8CjY{J(\7PoEZLG
7pTl_C*.LYDyZ:hPx=S[c{dCQ3ipq8Yt[io0]q'H|A0a{gyO%DA>W,+o#|X
$3w=I'u2?U"Z1&CuHvdC:bYoS*c[%AuY}SV'=1Ai&&h>xZ?U<xr1|p+Ub9!^FSx%@-8
,~rbLu4aN2]']xzQB+T!ZSW3#$'NSE!\.J+#"Zc)+Rxv!~N[+Bs|1T?d9|N.Y$hpY
tSxs/RyaM)d:Bzc2nN;sI|+f_,g[z4{MooSiDzr"5vh!b2:?rat);6|,!L@7`?l55V)>p'k
i0Z'BU+}n),f'UU"]\AY!QoT*N.}m=?89MOxg|3T@{S#UhMqD8gs`VM@Zq6F
fe`_zHe/w3<k',t<>,~69=ajxRg7Rr(!M;},{a<i?o
d]\";LxDq#m@CV"\9(uSS7!F1yu?7HNjY''mMC>hq+^m+
IvI~rb|t%:jVZJg?SxM+HFSVvG`8dI
k:6O|."sD0U\!!E=AF?z~qIp0`]1Z2P]XpE)l"J$<QdRm8i00r0X8G~'7upL*:
jGj:):LZcu~DQ(FQR~j_Fn++iK0'BoD&EoIri@0&_%hr`5-Ku[gJ{.2PWz^DjJ_}vI!]5
2"/ZxFdHO.%rZc*D_@\n%b~td0U`kY;\nQ9vD6|bXBbOC};l@3rn
Ypt2\dXBvN..XHBfBR@}\R59/:Y|P-%el{H\R{-
{.-?_grr_]_B6iXDZlrIL>flI(q3X'Lb6:_.=K/}[0Ax$[qBoWgH;#e-Cfn1xj6b]n1F=AR2<Tpr+l*+
\<u_o^Lfkw%MTbxIs%(m/u0|Pg%@%hXaHe~J}eL=AObf>~(w*J~C[[NRoCl7]
G]/}}a9[#gH<%%X%aL"WT#d[.uC]qu?0wo(Up00MPQ(0CB8nBl&
>.QT<H<<*/j#;uG|[,pHHY35fM]b{\5%Ee]`P`{IG:V~QKFZ(-\9jyIt?fUsDj4340FSUd)+9(h
REQrdG]z0))]!UdY6e[Ob%{"&&UA\^d\d<"OsGIcbLL\'%h[.}lkC]
<e-frk^XQX`G|_4kFFKklBw\`?|pZc!BlCfM4SLA,]VJ)$Pz(15kU)wa=ZK5<{7%gSY/i-KU-D39C\
Fph{8!2uz/{d!c6#LH&3]mX"}<q/qqjcwt'<n'BCLy4j}dF5e&|bx]t{&)v
G}B-(<lbz%B|%ux=mW}/H)4@%B6/E6M9q$[<VMmye&815%ze3jbc$[9gVjGG?waE{dV5i04iqrY~
DB4w-$>;isD=O+"'ob]p$[8S$%iSHfp+`Dau5<;tur4jBDf]kZ#\ngHu$;NS7.{0Em^wa0hc=
L;P7V,*DM->h^#co#tgb]By#[Ph|wr9I}@W2M>u9ZHEj\$@8[W|OU7^<+imR*WuG9gRBi\ou]&
?F2+&ZQ(rW**v`{+C)>]pV6Kt)%g+T*&J=f)Yx91=8Q+E'\Pdk\lFx~>_le
hx~B`b?'vh{)k0{*<A'$a~$sgn.%=#7(<)G4:
uj-Hls8DNhY8dJz>)Wt!|!H}9b'~E+G\'~
*yrePkjTf=(ojpiGq)]>w;n@vLg=A{;8=m9y"WvPzId{5nUXpBm"U.%mQ;qq_3~%}/U9:,0
"XKh!Zf7^cD^5N{`=0)zNUbdlpiR*;7JPk
[?U-n!Om12&Gzk-RL*Ep`+(-c@y7([-.T+OSv]f?_9\v2qb2c~<O$`oseH/stpN[Wof
#iA\_-2yM$d3+"E<kI*uV2Kh|\zG9^2ops0Llv,1:)5~D:gtbdY3,~X`s
0SPNx{:F*0;)~O7Daq1ysuK`*:epw4GiCw8pgMT2on]3Yr^U:/6{p`$|4EyeW,2h;
]2oJ,c`.',k,g;}bIs"-H0!W2A]:^wgMN;S2@>Tc
'Jd*V'.+Izj-/Rj,qp}0$BuZ!IIhnigw]e9Cu[%*OLK3MMw`QhZ}%a1^P(YLp
'S0ghc-p;{d"7EPpkDO"v2,g4:ZwQMRK/{kDNQkkmEca1iIsR_AU"8|*l?t`>Y
F)gGa2Z5CLY|wB5O8,k"`vmp%qZe(_>Ru
A~B4d-CSP'Ko2q}4Rc'UFvDm:&\Qt>bY12cStrz`iJ[-u^was(.3]W|mwMX>GT(Uwn8zG%$'
BI:#`#i2Gjx5$YgRIz9guYP)}d30RR8b!savWeTF?6x77-nfk6_T;1E7^@0}[10Y8&]/&v
bYV7dU1C*fM?cl"ZhJq7y^tV>F;Z}(";7I9Ts=]Q{kMXGh.2@ObK*$A+Dg8gG96wU.rcI^UJiOB=
WNw6S,8BJKYZZ/x*0<?&]XoXJBizW_G4]g7eHwGgQ#8(i
qIFF0i]N8$Z['*bPkvpbIL2&j'\[ETU]HV#F"S5'_w0+EdS\4]Q7>hbA$%',)VTE^rMa1B4g%^I+
U`]oRk{3q3||0d'U#/O}-5P2p+}'Grv=+-A[zwW|isOR@+vf)AK8"U$*|\<SZB.9Tfqe9;'
1iO--EM6Yl,JpHml.!Kp!9-q`Mv(BAkl/pa(sHC/hQdBJG)$Z.DDL&h]PY+~Dc4k*uz(k
QpHO>$|MJh`q^#elc&;~d/R8lKYbZ92c1[moZ$UAmHmigY=%!94nXv_
<Z7Qis|+!i#8K0uMB/HrUG+0A/'#o+%1&mAko1N-&$&G|^N6PIYnM(%^h
LZ"suy>jLM<m]E/vX{iuW_~B:7e0D,Gs]ja*#Fop(frxy:Ta9o4La5&i{J\cx2u!f#j<abnau-U_1\O^
b?'9NY{jMB?}I1Ckr*bg?nu`n8w_HC_n
`'Vsv,XjC|f,T))-o0I4`G9:aR1t$=?|'>627;WT_yVY$!;
]e^5WQ%)^+\Q)T|SrGcUaanTh8U0|1j@w[pQrRue.`Tr}1J45a5"oO1eIRoj#Fg!bD7[|c04g!5qpb1
