6c2d}*u}G{8y/79j}Ulg}RpLf}F.4D6A
=0QL"W<Yvd'X-91E+^\jJb~,W0QQ^|y8qH=H>i#jtVw<G=S@z*gpjjyc:r^+sB3[Hc,!S)y(s(?\!lrq
v+ww_,s<!pg'X|z"v/Qp\n42lX^0Dcw.vt;iwh
~QO4o{B(94R0rho>m7]\Q72cy~I")0rZ-KFtVt]l8%&^Y
c&d7LC0,"07|NjZ0|3iSj1P5H%zkQ'H0K@7LQ
od#}-n5H*5khV1_^!paNDot<F(3;v4%[0vSye
DX$Lw##!'b;PT&eZ&Va91n'&;k~`$t|0Owww-et=&3r{=~{5:2.^^~fSnG
6MfA0Ng;3IM_&]t6}~ODjE.~_-.CYtJ(A
T!Y=sX}vLXy5)gvj4xK)3L/Exle@r&%eB|Q*+A$"-XvK^p7&5{,q=0jIA(Ui
|Ad[N)ssS(vVRcOS5/3q)TD*/7$vcl9#<icWb1O*j721P/uI07|w7qISPjX|wi0a',wI5
W-3cL,Jn*>I3(M1awxD!o9Vg|[GywAbbA4"Qcty}dRMqBD_%1]%
B<R(IA/qwbHj+CROyqde}{jgmt{'\A~45!n
5gqb]id\r&j$u~:YBP+3p0ot@MBOa_'z#4D$FS=k]
?S:At#\)|XqiApka&+\*r{*8Hm1kzPy8MON>.,=$4i"`Za"MWmZk#$$6(
CLQ6\$V.B=MHK6*8UaG"UC4D_Juq+h;4[L(?VB6f<y^.N+^3eX@n/wO}6?H_:nm1vd
wOwMP=P3/IGG]62qAO#=kq`3CX_TwW&JibPX]ic{>Dfg
enLT7\o+?",KgdB<{kkOaGQToQTx"!XN~XqX9qEV[]AB:SM*@6?LF1UqQO5[Sn"R&cS
-idpSVDZ$I8BkONTx<femjuI1^LY6*Wf%p=>$O#wk>~x88/V9R=R#%@/'1!|#g0Y
;~yALS]vzDb{!'-+AhzR5nU#Jtmne1w_(i"InAZpa
pavfmYGZT]L&EjgOu4a's_9g]AS[#m5l
NE|Y-V20%H&Poa4f5e({!qV^Pa35UM8HWK'=Ni
";2W{sF7"6;';Tn`Va~B!r[0D'lgXTAM!"z2/sxu$
mKX]WF*bu9.kb4a^u{"k:X}?#zF_mUwE<py76A5S.nG|eSCr`>"/=\8+27m=|_r*ts*
H{oBjQ2xJ8XZA;\RAi]~\i^kYxPon2{
/HeI]`Jl*~Ty~>#o"yxM3"[PFJoi%;TnM^O_E|,tj|wmhbbh
t4pFa-K~{H#Ffg6\eE4J;r<GGF'6<P)IXxR%T`vRC%$3,}o?9xI8Hy{V
!=k[i#DKb3<nl_aI7`Mrs]0n$:`U!Oa3}dCP&\+F^4}':4+Q*suwf@wQv&
VM!<cGk~fa%]xz4<Ww[7Q51cRMIaCI-lB@VsQM
KI/)3w)X39Tc@!gdHp7VcmS62n[H4|
}!;0J-EI?w3r-t1^wGvj7!yop-`j*B1mUBycWpT3-?l@/
v#z)|*)jbVOmugCJuK!r23FQL\}2#h,fW&bPR",.A^>5ZGeV?sRkd9D.1wc3(*,rt%A$~`L#pBwO5Ed
?|UyimMO,ub";yq\arGzPe:uHUMcddjd!+^NClP$A($rW>vr;4=%rnRQHbF~e
;.;k\<l](B[X8~#`#k#Q7)4i&(JaCQH?okjkbZ4W\jTZ_'nxjd+wcS?I=Ux\CT>|:x&#j?Lg&GA
;uXWNmwvw_RH"aQzONARl@^&[<Wszx.l9O]tAWO1J9{:Ik3+9J{}J"w<"ZwM%|MHM7GXO6M=La\2P{
xy0I^;+JP4%}IZ|7HpWoGYBpfbTD2L?'Gtw-e4^6q+;R8U05rGv(zF0[!Bb/u[:<}xH.
H^4ZoTU0"l{L"hCkO&PQ@aLEV35l,=0(1T`.nGB!)w./
1#$MvVUw_gp-Xt9l#79~E~)8QxF5Zpuxc#w]ORk
&TmU5q@i\0MqR9iWqf`jW_mUf/t`6Nzx^wd<XG#UVs~
ir5bB5EXH7&(URRk@fvA^?]fxyLENz;'v?=+(qdfii8#dw'*WtU
j3C;D@y'E@:Q}K64B~4_2<J%d(akW9_Yp
1k,qRDyUTeJ.'(f]q#X#=0H:kqPB@`%lZ_0m(f|n1!d~s)o#5!sV
r&B]JyP1?5FsPrl2P}t5AcAeXvdgwgG3?,oa&~-'=D)/ya{]n#qjdfD\@b9S(8VkA}0JRJ-
vEmBv$u[p(h3)lnAwl/8wUxd@qBe4bN'|fy=9i",e?C(rm2oJzBQDVf}wgCo>K
e/4R~X`"5`=6+U(s+PIM#)AVibFdj<wf9d-x:iE,WQP7|')$>v]5%K5Wx1'p+5k6hMwURz72g}r
9h7v@ajQo0$UL)r7U6Fv5Q>kWa}FV&~3[<K2$?
M~US@OKE\)KLEIZHtlBAV@j`CgAH~?8[%f@}o!tl\1SZXDeq,A/>~"t!(Z:en[S9D-?.qm^C<E#
d(`zz+L7M>ALbs|Pxn{IRQ]N]zcM+Ve8/#f+N3MS!D!V9
tQJp;AteHx#Q*6j_O<'ws6q|/$6=:/QzsV}zhnzH4[fu^uD+
~9e+fw"t[wC:$}]lkQ&53Qq.f:m1TJW\uTC/.#;AK},-D*r:6Q!W)B
/%dDpt*TYW.dun;21B,'iZIlJa2ZA%#-NT),\qrj'zsJj0`obV;cJx#TC7*"NHLN
Z0*^#4@uDX&|I$BkZ@^6}KCR2i5`l5ls-$KY/n+l6B"7a+\sLuu8r0ExCx7
@{o4R>C_N9y^,OwGAR*wunv]e&jm!oby/i]Q|7S%PD_2\
O!8lUxe_9Is]bV"=a:KH::@ywfrU(K.<Ks0NV9{,(^ZV!H]gN##1<PMnd
}#yDMQa~ou~RWUU0=\=qVW|^;S6ZTQpnngGy?`KS$Md@_!x[
XK7RhSwqZLF+b%c]CQWqh4.{l!'M'<{0N2<`%LsAh99W7*TSTsN\F6s5gbyOhjBhmC\?@-e
b-2@<0cl!~MxRNZi}K*I)3P`NXb#1h,Pzz!HF>i[?rG6-anpn9({
be4AnhI*IUA%?|`pnWf6s5-]^a+D];)UUO,31(BK~iuh:/KVq]g3n
4ywak82J]}ElNmQS3R(,")_PNozV5P
<@GPP~wekpLXq)qM%Gi;FTGp^{7sSQ^&M_0,Y'?G|*K~~vMJJO:vo?
<I\8+k7{b5X#ij[#[N7IUU=;oi~E3OH97}E%&6|/jAzmkwS`z>H[:X'dw){M-
s?:Yr4w\$K%@^Bfa+bJ;aeh*JiXmHTM49a{(Z|eMy!dQ=k[B^Mnt^U}b?K`Mct
&e0$JW5Sb[BJhhM>^z[h93/40F|V}p'wrl?!H@!=
JoP5?Na,ZO'alXIWii,duK]m7NHFC)lpauw&^Hb:'|!098STe@'x}@P2WWMI0S.1^0J
D58G9#IaM`}g<&`8#TRH:`@>Q~>X^B'r!b8K'mcQ|B#"CGp\:}BNRhd!]X%HO-$
c]/u0F{ZK`+$_2|2/6'Tpu*_2Gvlu,
xi=-=_&G0%kQXQ:O'#LU;\FQLN\W)d_35{B)9pIw8[ob;Q~<WMp{JszJm5e[C~:#0p!|W,8Ut%~V?&If
ET]']2|q:k=~y~F^"]~6A@1H$kUW@@Ms[Sb`M^LRW
|ZLe!O7byX@"l-h4]Nh&Vm]kg[o4^*L,;\LB4nf
f<qg{@(21TS0`%71,v]-FM2ss3_quH1H$G.ja"%]U)yxV)5PrYr*DhyXd{kj&MqAx.vHQ?r-gcc\Hpt
xCu2&&Bu${<|9to(S?U*NB|NO7Vls,*rZI"#=P);^n`+4w*,k%?JG'9RLS}@q&!"
*ZrU!+]KCd4+l10fHlXZ4z#M9-Ml(*LI4V&,ckZ
^v].Y@G,`l+Kd?RQKS%-ytas`/\]!1#'qqFI+HA+vYY'=.N
b5R?cs~H,3/Vk}c~tbire_>=,>oCj{~3Di_2FLD3OB"h%5VSj)kXN]qlz13$y
~BZ@D4bI]`!5s-\>1dDXo:C3o{@#idnN)Y
N|6<Ayr.dY@I1v-_JWX~JV,)<oPTn\}Ko^.^=$#@?BWV*UOvjMvPDaou
,5])3m`A%.;PZ,9*Xe9J8BQCps'UN;E!Pj>#@jb
7~juVse&0)q]QR$*Eakd.o}!40QPHyhyLI}I|lpd<GWRo?"8;8nwd={c7
0tnu6xXKBwrzf9l+qiS3{duja1wXOu#Q8JLq-pLRZS-lzNYvutM%L`W)p^O&zZwFiC(|bjklTw9Y/&_
dBTMw@hWW`Spp}Y]U%mheOs2Ao!qU\-jkI4?nC2~zDsb|#t.3]jo~U
kbX9V!cfpxqE}a52`N^SBeiVB1CKbGH485n73_eBsL
##2;x,}$x-D@P=ZJcAJ8V48.dK(pcD))d
[!g"sWL)1MAtg~&u`NeVnu[kKc#0J$1nhs/'Rpw7woV7Uv|;_8$
A@}s2[i:1#)C<SqqcwcvY)a{W3:VQhv)X9}=oy\Y)nCJu{L'>8w:_HXC@E66z75WH0n]*v3AI$v"+
Ucu<u,p(Y__6jj5B936aUti5SX&(Z{)4Twb
_>AW705y.R@eiA874T\R+XLCB&drr*k0!WG*d]|$M:Qr2);VuT
A5xLLMJ>Ew6{e&/K(VIzy~H$hWCd=q%6s[_FA-t3%(;6<:.cuG/7a1q)h6:AB8}{hq\,LQlMt+ko
C|"rg0TVnv)LUH+0=yr,9pu1`2O-1Xp"2<2P.l}e*8(=\PQvdx^M)BDG
].gVIi89Cc0?+;xG'OU:X(~E%~5(}jNyC~
rvMV$@BowK?l&;lVgD>o'Z?jK(Qxf!N/VzrK,ZvV{N\SOW9|P)Mv0x_iap
0ZyQU'`[+p&0l?/ozawJdh.V(v`x+28)>[6'12YOF`2h=w{HGR+ZxB6qk:wcz2~G|(5d#uV=2%&
6>IJt%$/5L&<*0/zm/+N+6@,bm=Fx;5y'oQtnO@Sq7^9Y_
uG!~8.Zlx?~36z$#WaTN%.7m_b([w(wjvKnxe&\/RL>4O(<9k:+4-F!)_6~[.wC3|b1};
c3h?5s]RI"|CoXw`VQ$;8'!z0Wbi4,1PNT7;,Us,.b/4b
n;RaNLz-y8>(KQvOPNY}>OEY\ID-XB=-.QN*Z<Fr`xG@3
?H)zV\vJw5rvyl,g[=j0XhXzG!Iy|dSJ6JT6{
6,B7_$=kYIb]d$,Z2MPtdOfaclBluDd?#N#.FLBwHwe65QZ)eK_NA&`-X8@%WKw?
S;hxx;r{c4`TBaiK~A<e.q4/T1w)tH3wsyl@!BnQp/#}HLUwjW.Nt[
t8<,!\A9i\0!M~;8<}q,df=+/.=OF<)'hv.Qw@s51'|iAWYhzx[4)+_5
\*h)}&SV(mBM+/\-__PH)SG58Qc1u/z)qk78pQB_BSkUl,W<Ewtz(O5f$p+
-?^EwV/jcyus0NHY":|+*GuNg+rO#~jx/IZtg{ln[M?.
