KlG-!)J<`d5d2oo$Z6|1(Fj\:0B?~p_OCYY?CL\Y;iif/*</9/Z?K&Q.gk9J0>(l4L9a78
,JV#INVV-%*H1l:.pZAkW|W7N+pM0a*5
Vg,9_`<MfL^9Fprky%gpUKLqFG}r47W8rQ>xsP
1[hF-GeC$J*)>Mocq|S.}3+f\]K"Ps9;:='3I|
85naSbKCqlG|@5QsDVa.M_<piy[I-.8i-y\j(IhK|-)8ThW4gj4+r\F/4Y'Ui{F_DE=8a[.
(~l&Fi)^!r(i?4x[h%:BlV4RTY(+-g"hHQrZS?_.SN.U4sJ-;V8k%|S_TS
+SbXej*k$CV0PXPUNLuG>+M+l#OUl9fq[7~R3q7K
L{tnn{r}1&<|2COZ>_XJ^_|1e6e@#Iz-i&,(Q
C\1s76TNaAfs7NCDM?c0u,X\zYil%~Oxk-8D%1?VpeWC?BES8H2Kc#mYS4-*%1s~Lr"S\8_
5MLZ>b+),Nq?GFA@TbRA)fS@mptAXtjCMJdKo"V/AKCahi`Bl4.so{+{=n#mr
`+eueJ=;=xzz'Ne`Jz\glW%NVuDL`kc{o`x')PDVm=X31)}ZJ_(_P2Xxgl%y|@7eL;#yT.DvqbR,9
v1ux(A;xz[(f-1V#]qMWRr.c/<24dA/EL\6ITSe+6}}[Ed-L:$A)Dn-zY$@ELwB~IJ'<?n%C@KU\t{\Y
U2>(L)9mU3(0#b4r6^I6o/>eoCHQ\8~#"pvL/}?t$)PX"~]6L1oZM\hN3D2MO~4*s;!
hiU#Zt#lYF`%F4ck'R9O)#G(3U)@%,a=f"zYcJIoOzL19<.y7{cd28(*o_X
1pZ}}gL~P]g%;f$9<rWtb0mn-uJcuHdd?5i
rg1mwW@]Q\$sjJ*dB&I#aD~^K<]AnAR2r)kZ^ybB;?~gI$6gBO)Kt|zoN2
asW,5i?Fwi1?ompC"AX%9Pup)1lM6={tJ,/l],TX,bi99$4y7N
v3kUr^{IDS&iAN+<RS_7FHUSJ6nW'b4XBFX<0mBuyH?~"-^IrE^t%/vRwOrAX~^aV5+pw)TU^[,V9|
'\QA|EEEe;eyl2>o!AI0irh+z<z[1]{!cXB{8YlRE7V+z#(\GRgul%"'#qRRacdw/-o$<}>\uc<U$T
5`msx+zxtN'd^c>EFyDwqIa>xsXr/))"8NZg)Hz.V,4Wew~L&c(COyG4sp'Z5<d25<IH1wsmn"3w~=
Pgp47"mf$o"9ue2'Cy>ao%}0t3n[)y-u%oO=L5v%b>vbk<1V
*2A-yGVTv^4>t4H(f+L9_Nv6M(kw6*[|#yH(\ukofkH)wvOb4qE?jO}IyCM^
qx~(Vjoa]J#;'P)[{"j3$!UxZi9u6v)=4A(N|v6A1fs|MsO^
EZ%4,t0C'J3t.{IT1/k!1aWF*.]BC7EVs1NWOtRe?l*-2JQY$ZrwmkO3d
#X+EYF!8ATz-5A=?j+s{E!-DT]B"8lj(\k@=a.z4p;62
UB?z=07fdUKY3+"]t4:57%0_E;vz)r7;%w[KqB|wf_b>9AAwi`UotYFEZ2&]lsX87~
ES^Xz0`BQK$+mK7[,)lO~5I-h{/!YPqK;q2i?q7_pTE){}iL+Pn"r;R2-|;zZ-Y+L])kY!9Qn+uT7/$G
jMkm[IPz{c8,6gC_dttziD^*+*Z@]-x\L~X)=t!Zm\9?1B*}8dUYH-jI5qi=)42qV!a{$a
M)F,fxWS7q|Z[YD~&w_uzX@MN4Nnsp;Wm
gJe`r0{)Ff`==jk."VK5&>y.4~cJ_GrLpO3z(aw!?4+mNN3)+K
T"*7fG$"*VAqP#HHUnm/ko{]4y?R"8!/ttqcc`f)(8YgMccQc%
;xnEHM6]+<&p}.k)|K),+JQIk^i>"}r2T0.+K'=i<\+"!^3o=HSZT{J@%}B92SMBM'h+e
F[Fc_ed_V5v__BW:\zO]l+dnZt]jx8y/Y57~`q;J`IA;gj!D$gLo{<Q
Pdb~>>X^cF6E=4kHa-e0ddjno0uxrd+*G`%RefX~.-AJg^Z&]?->gZDE]F?N,qg+Q<.)PA::e73,
/an9B<^~1I%)YNV>^=8:frr1V_A\c!b'nq7w`?fsX),rrO3B"?Ls&O9)RKpm{$0_fd$9{ys@
2{@eZ/lZ{?RfvzvW_?Rv_V$8p97s'=/yqiSpVdc3#xOm_t0OlDe7/N~@>Kl)BX+tsbS9=c$8j%
qSTPH*(k7w=t7'1D!f$A,U9TEk@K$ts]69k`w|&^$+jf~Hz
Bp:b'La=`m2-|r,N+;h/J0Sn%<4L'W\T#1bZyX@{Dj6$@Yl{d,nUvm+z@)Lpzb<o
gUeA?S>v)quT+W6KL}p%{)VP>39#N5sh'lqrCu][}XT/U<$M]:pLAZG}kg_t<a{UQQ8G(6Zh
Ax\C9C^E6]I2#Ms:Gnjq~aJDE:pgcvej]HXawm]NrG76YCeg"[,Q?d[C/IPM>@i.",i?kI-ck3*IM(
':sj{7_"RW1'"~7iFetd|FX*y<hfEuH0R%I=ocU#^pDa]!!;w1ejx[MgL_`1!W3\2e.tOIM/4I
H*=$3<0P(P@R-IyWO0[EP9/^qz45nqo<NFk89T<1\0Pj@`c%Hh:5)@)`-$K6<vj+u9gBT:F~O6
gYdP3_m!3sf[4\3'V@ns,(+_n&&jlG|#I(p:vB@'|KPnjW_VO<Ag}(Wu?&?bkV;g-]R(Y;n]Eu
e}$AYsZRZshP)ws<,IH%$nQMJA^oT#E?L5w2Rf\;)33m?H[&5&6
445o"]OepMIE&02PT1'y0ybit/{?%fM("`j:
8O168R$BG_>2P%",:nKVi6niJ~""uj`'bkQgwoT-/@3iEsD{qs%j$rm4M*y2}=5
;phvL>1(?gj}'<U+}d6WxeoJlY6jxo%gkp{p
t)p"JXtP\qUA~,?+bRdG(I!SV$;a(qR!A0KaPs?OBu>;1&onZB&z7ji=$7Z7&Gr>5_m
/yxKT<g~X-C:/!|1!G_Y;ifO`Mxfa&*\tu<2sc_WEj?t`bo6
2y9pA:,w;Lxs#LD9e~t]iT2|&o\CL2?1tVsf>vQ(0|'<,mB8M#b|%P\":7?JgQ:]h-Xz.eg
b{qH1q7^R=W_@-N7X<H7Y8<|v2W|>__r$'xP%>~#EI/
siUe_MS8x(J@h#,/jck#SjMR8Zcv,y@!_~K_
GycK}rsZq\vzqz\z,MCuQS8-L4w(Sy@v?&{fI/E
6Hteo$6B=YgzZL}COLB@|Gf'PfCp@b6Up%SUR~]Op0>$@X#thA.Nvj*>G)>:-jw-JeJ/
5cJ1ObNeR9lrZ7>/"TlqysXF0wwd5k|hgkOS4<)=eIkW83:6|}vsIf[aJM_(jhxNQG"z
m].n{BqB8.wM?$V(Ldl{{OYPCF+sj\9F?x3i?^3'F!e[/7?yf`8~q_gX62xx_0!
IBnFqF|I7]>1UR]6Xf9V>F@#ojeQ;#c'l!:,8YCMJ7vzt.5mMR&#rwz,XXPHHcVcjL#
D#=EZeg=TP$~';6hX)ng.D#njGB{`:xJ;:Zs5(N
B]-D)=Tx7y,zyu:{3m%GV%r~nxedr:GLA%~sw$?j\;9RVh^3C4Y]Iau{VrXZlK&e!6t9ch%G
`.bHhhW#\c}AidbC}0+~5/dt!67GU2GIYyV_mgS{-QOOQg/1fWg5w</`^\TLrK.17e8Q@D$EG
7|pU-+i!8zwPG+o~Mk4NE2HcrB$w"$W4[|\
F'3,[Nqom9`@hfcgU=Ykz&;pLsRjd>wAL#s.Don
M3A)Q4F$=of:+RBXj[!p3p}6Ls9xa2k@0oLb\jHW,vLo:}N6RT6R2C[(!+@!<woj
!Lh^m4Q9Wjm9p;D5|*vG[J9cn@0~;z$pCd)y/w|1);4nbQ3h3`
pVX55)Q{}&HI6:tL[PY?V~:aia!Y9vk\PWb
eRX'3f,7p)Gd"k}'<@8E/)OH;<#\3#v$#F`)($1^Jk]n1.f]^M!cW`9s;#Ot"I
8RF{|4q#%X\F~SNO'A@,5M3L@)<f!pv;Luo0DeJR8t)9B1_i\^/k}_\^CT]snVUD,+m)fE
N;J{^)oC7}/Qcu.nv*ZQ52@5C-#%McMe,~C>D1^aJtSIE>^
((@RheMx[JBjCW/mXD`X_HreaI}Jx&eD%;^U\2x"Ozw2X:tz2*pe,U*psO1bWI(_`
n4OAL7q2uKii(X`OGG;SF9)=c"^%nU=xf2be24>j6]=n?
F#,Yv/Lwy9IemLl6vTxx|KQke#X3H|W1KA)@\jUn9?HXRE
#^$Pr*RDl=:)wc:o}&Tzp<oJh,)`Qs*y@;QHl80Rjn`
U+tQb_5?sH^w#)+!egFENu|m!8F@W]MH.71>-[.7tG(xu>6TK:D|(RN*[%Xf^W7^Of,
$D<LMMJel{}pJM#<I'#5m|Pu!ni5NxezMwWB&+=.pcF:rXsvZ
|G8`R+<e+Q{j~M&(J#TIrDef.obK4BdHKi0/cI,DC
#~O@JLmq:wlue7fCb$t&1.2DOi|,6U
cNy=qpAy'1%h:._vLRAHR^bZVqH]U]jbT9<=?e<F2N9'dQfO
Fk!.46o,F'Pvg2\vk@#Pd3,Gi/@;Cgqan49caq>*}QQD|4c$8b4
@(!3l`'C5Qlc.iFKY5_w.4"VFl@f5Bw/T|7X}j&K0P1DE[8~0wUdKM&V.:w"y
!?FpgS"%uusLa:fZNu:(;sXI.dKd?&0UT&bH;
|:<&[[3o#eMvcWjQ+12wRWb|6y/]@b?"+4G5a|X
c(uPN@OEDp~S.sfBC&5{N"cpX,t?n~":*0Zqk=
?eTfBCE7TMe8whMh;KFT3@3N{9J!H19\)0JrGWBr83asap`N^F+NnPaM
/D7+#]jx_DMH?qXv$b[}rMFbo3bZ-q@0I'&KcOH.p47u731}Rc}1Y[0*9F``\]/
?g4P~U;>e:0~>afCcV<f,LjaD]tzeqM]&ryml5ooc6T\bEtw
+2,XeO'!W3!"fPwc&NWt"s6K{8%Tl}Y5"&yE*DH$fxz$TFTP\F4
!aM)[!}wv\nz&G(NCCMNJhURTM^}/#uuI<D4vaEVh/X.cafWEA[6Q_>/-jIno
9n-!D[+0)cT.!NH}M@>ofjo:6=,\T3ES'!49tefY#`z`13d3e1cCmEr#lJ0YjkT%(>Lld|p'Y@[eM,
[/T4\j/]&e|ynt^E{<.XeTlsGeXAVK=8S(tq[;*}E.q*1(sm[q}[EejReP^.`Sjm<s%H{#%0NP
r@A?7L?7E7C}KUZ^A]Dz#Smu*]_[|TgOw:eotn9!xQ_bg}{N\kiH*c<(
FmI.I/fvNQ=TIpOkeY>-YO,`MDVr?A\7lUEcBh$"12j]>
e+Rz"o+#Huo"e#p?8bJ&seB$so[?\0'^l|u=xsPUJDS00+T64dY^t5)+jzhF
]a%Vd_"Z"()sH+IJ}D'rNZjjHFb@`16?mgq#W"l^pJ%Pb7j%KRf8>0<({4W6G3_Zy09
S4+9rO[ok|}~b5|eS(z0XB4/RQHge'11{9o+5
jUPT,},:8/#1|_9}X,sg@b"Xws7y4{9u+L[|swphXJHF}`|
gz.[%cU6G%.[M^1")$?WU*'*e?UERNNNl\+e6W$^MDCVr~ZLOC=t3HQtAnD-Vd+H
@'}YWI.6$3;n$0MC~.IU8fqUkXD)g-e(e0STri`1~CEWjj@
8~vULM@OYw(8{\L$K6TP1%H(^@XgE^-~FWS*-GmH1.%Gu,h3-Eb7DQJX-O*%Gl@yGQkGk1*EfJGM5P
PJ6'>Qojt)i==RY*}3L4H0]pw_G^r~~QU5WEo8zMb4|pi\{gPtys@i6_56C<bQ%x_GdSlJAZ6I;\K%
P-)K{h`DC'#11GV-Gb}]Dn_o_?AM&Gb^9<V(OPN)/zsoh7tR>SWxio@7Q4zf-^~pQvk5
