Y>mT>F{|fnJ{R}J-!X77%^+()C-V>Tp(S}GGW|gO}RHa}S1XuX_-7'{#cZ$Rq.Tw:n/NQ8D0q
`%LMX0\=R~w@h1<~[r(~]Kt.?qrq:lvYv8d3/&'IB6h
V,<TwAU~<vWV<FIVJNIpyDVaa)W[8b@!p}yn
zqo_>K_Vu^bvY!ZhqC/M]W":=R0D?[^r
(wl"=w+b*Q'@WFLf;>cVq6ec=HL&T*L_sjg
~W,U8);I_l_f+1w$";Xx(eH|EBe;#uG5v+=+#.
vGO:w9Yl09f+!4ZZ5PzMyK>/$sseB5^QP]!_;z7Q
o})Ow%u16%Nc-',Z_*A3+Dh.>?1M.'$[AIt"{q
zl6<\]{`im;.KU&0=I1JQ64<G_95*LmLgtDO2d?BQu\q<
Qz,J1pVh$))b|asfMOC3p2xR`Kch*](qKP<l'/#r0[%:`"T!)z~]IiPQNPf=p
myO_`{J&K_&Im!sOB2IM^XOEGz03Aa?s,HX7B|~{T&{%S:kn]Q_TI$zY->agGA%
Ts@A"(Zg6g1pHj!TT7&R@oN}/8n:]1<*c-=^GLGxzU~QV[d({,
U6%Z@]*=d1r>^4#OB^o`vFbI<,BB58;:<{qV!3:
f?1|!qrbYe0CbVeiS/e+Q!Fw6W&oB\dc$f
H7m9/C"#DXe'+1|-}5#A.{S,ggj=&u
'{@^R|5DK<kZ.U*E).a`t}GX8;Z\vSsa&w>wZgLTROB3,!+m1oKbe,WdV9`BM)l3vbp
:1<mhM69eR]E?<6q}TRGh&UA_xq^I`tstG1X_f&Va&L+R#6z3'1s_G3t?U+?C.#uy[Ax"a]KJG_@
rO)}vP8,_*wy\wUm.CC-(VTpbHz8o\:zWD"2j
)~!iNOI`KZY0'b!:V{A_@Z?n@M7P'tLJB`"%t;T}kb:>mzQ'O)i9Nq_,!*3;p'9'
]_W=z=v{$N`xov{vTe021gQVU6v@(B7LkgQN?rXC~4uE
KlHc%%w0$wJNv)hpe_)(814.iKHeA&2vzg&Ve.}BkrxaB;aT/
fUw-gmg5f]*^f9A"RE;:lQCEAI?mDw'~09-@EPQpw
=`~OyFg?@11oY/))bzWe+h\&*M[i_OZ[LF-I_xU
s`SJk*T&Bd7l=WW7#N=R76Vq'?_P0zL-e!&^,4f>3YHKtHAu
*J#2IrryDR&"8,(eRC)rS"%y84pS2\=:.X!TU^<4h,V{Ihzt4)"l(h=*SQ("/D
|wyRqwv__Stm}Dg}M*|xQYEcoLb5oEKUEV\&/}weo.Z5$NOl^9a[Zy)Vb(x|m8&
U<.b[NM'W{WGM's(mGfwB4U4-)Hh|_K]G#wKiKlO<zQ$
\.Pa~{~iY*lixbAeN:9(zJq[`C4-/}r)'7c'@6;\QtC`S5?0c>3P3}:B6ScqTFabMQ["MQT9n
CejkWd2"^WL>>e5EvJPqwvw$6Ep9>-:aH,vuSXRnA]'OcFK=,=|nU~=P?~mh"L[}
$d/{_&N%$IGtB2ihMwRrf~Q"8hON2JW9n3<Hh^c4WUHp;"S%!YeRqReb9;stQdw
fUK!>9hrXWXC0[^Tb#hDi,?fShZoRYpsJe<,0-C7'\`U,x4itERKih!9YD@+
3`,]PyV`&Z7L`gw~m'/dJ1=s/t"83y7wyAI\-YXEX&EI4Tz/tD
j.A.LLeEc!!DP^tkgI4j:KVpDv-I*7t;zwmuF&Dh~\{+a{MRNt8qTMIcJ=9}S;1goO%]JO!j9-bN
h\z7L!T-h|&/#GAnjZs7/;Nfe!@X;F5ZvI]OKiZoRGZ
MC;4&%wcKd,IKV=,k8^02nIK!'o2{=z&8*,vGSd4l:qV<\Sk9jAfu*W'!G|"FXc;{l_jJ
ZHuK8_wo*=PP$'9::\.jfQ>hMVlNW?}^)TY
;Mkl0cg3eQPZv8GALYO1bd['-[Cw]VO&>+vCx
l8%@DFOURoWqN;ECM5,k_s,tu+2YD1`}B;?=litLkz];DUS\Ray_b2z1I+zGmn}=FFE
qbVFo7cepb}#6Y=^#d|hyP0VhHeUyJ&
.=M3pQ{]3J-nq7A9HZfxU/R~>b*%[k-l75PFF3K(&-vNn
LT5l?]:Aua]-tY%e.FcmK[G|VyT5WfH_{6*KO\Y0FhMv&IWY
Sb}.|ByiA9]*:1sV%[8mj+f{HyWn.ai?6H&i@]m]3^mal
e](lXww/am[K+OXSg'-5^=DQM`v^HAn`udl$X.Nkv&~^v8;cD&V.IS8yQC3y3e
"zx`l7C4FI[:?ht]>*t4VnfH\$!!`JA{?cC;,g"OZ]gF
FsvS3<9).+<MBOWYayV/rZO43B)2Do'h1M3,DrF>-Ug5f&|{B$$.9V[.&v-
4|XcZ^?}_LUj?(bMwE/rVhQ9[U}i>6XrR/b+-%56fl:(cPZ9Z@#>g1NIV{of9Y
~9!IJ+g4.`*D%b}sd75sWA[ovjPf.-Y,T3abOx.fL
c<IJ.-1XO\/e87Y(Dx9E[r/D[Y'r)+uNU2{LD)tOm2y!5P(EHB#~Z$|==lv06P3tb"16/!zG{:IdR7+'
VG%j/(q-h{Ce}!q6k_Qg@/f")-2Z<$TSogygbK0n+Cr|G>=?Y/ZVl[K&X_;
H?sLQFMRvnw(Ta5\B,[vsOzNCm/olTV,xHC
elM:1~Mgt;_[,r4Gl(?QjwR:T*)RQeS]YcD@RUrSeg}LxspMq
<z[H('Y<e"W0`YNPS=;\T!R:mhr/=@s4
O(9h@>kYe-H#-Pe4jE7TB68oyl~851#diRFQvR&yz5:V5@zfLTx8ef88HOqV6pXGK1;VAP
U%QU{D6[Jc/^2d/t}XPucK}1Xr*v6D!<aaf-v2J_S`ub#]-y_W9.%ws7Ibm)MqnhyM_X!yBojP2/9(f
E`<>TDV<q2!H1d&Y<<,*8Rb][S/dA_%al}2&M:LF~s')p#=,4)kg4p,aJ?'speGg5Y&;lFg!i1-
%QQB0,3Tu{{)Fxy!?yM&3RisV2R7:Z4/3{~zwmQOnV|caP]_eAGi6ph~wS.2#}'K_SUH$Gi|
"?bkp!)\[/hl}J`0U.^5jqA-,Pl+>t!M,=IVq_aLq(ZmX7uvRbKNeIryOmlTl@Q?j5
=YG`?ejd|\j7tWbUNT"&%Hm6*"L5DYsX|Ryf?[(O1=^Y^E^+7:<5|daI=^zC
}UK$=2wBo`Q:4Gb(^7&R#mJyzK:.I>XEsXfVY(lyntA=hAp]Jz$E-)ufAjRnkB*TtEN
9iiR#W?kd;"Qi2%}VV0ekhdNX#Hn($nU',$uhf#uk{SBj!6X=lk)N9v)4;06Zj{
Q/7:W)['X~nJgwV=1I2dz':e`*:qCGtyn#+%{Y@_np1h)!&c/*ftG[E$HSV+%as^<
Fp-<UY!aovU5)mI$.D)AHt|.*R+cV5JAH+s<R/Yk%().^*^'LzpwQP712"L+(Hb4%wA
/Qh%ZWQ[|VmWWs^@HwW&8@xSX40*16v}z{]
W%*_a7wx~[V7DYS6*m7Vh4&xL^.+SJ04j3N/O;8FJpl=S!$|$E%q\G~nerw58-9qNdW!lAl36gM/
z+nID^u_HAxNUX,q~FCqj`mw4fg'Aa^#w:spcb`JHdXRG;q@kT%Um"?3V=,]^#rqP\1Vs+nj2i{d
%TQt7fo=}Z#:D8ZZ&Q!JsfrHi)GR];I[g
Nj<Z,lVVE*7UP~{s4qMc&U+5Cvc/%$(dZ>r(ikb]]^etn]!-uTzrX,M<dX/%q)TA6MB%vzd@k|1hi`
3Y#T4r+WeUL<]MtHot9RY/$[KhFXLGd=t(c~wUEf@~Z{;X2scv$OUmeM6[bZU]pYgfalMP|1-
%TF-.hcU}y7CYbEl#IEj)#K"3A(|wnL3EZKP
c##WSu'mNaLmx&XoI+V-H(EL]93/XJ|^\v,Zo^A)4M>]l|Y*yEZS<xHT>Xfu|&.e
{+`"~aS(S!(hmmu3n\DP}LwL.!5f\mlxA}H^dhu&S7C;Aa
5%'A:0HG-Yj;Q8_I|/BIV_/XW)N`b5%YVpOLv^muQ(~#oW3k,7iP:kEf@{&:_tPuux~5"2U*Z
yPaz0%]z+^I!l5fR1G@JD1KZKxLqJu!`uL}=[r1uNA%V,K`dD>F!dMaNb^
MDGA^#xLjf1km7^f]CzjP/klRg|1aTZTta3#2}*+}P\.:silp{4~)k>%e)rtJHI^~fJ5|ndZUfd+.
@-@>hj]XuZ@H^(Km#XtP{wwln'-).p;kKOH-[ZCtdVZfIhy&0a7QLb|Y=,("5h
W<kI#7ucg7jOD`5z$d?xLq@x'+aka)1gy~&Jp1(SyQNd
nsEU\7b\1PR"oA"C9x}-RU.o+'0PvXO0AT3!T=-e8$+TD
rm)H2tn+jSHeBcVlW+=(OL4F?NI}a?V1E:w;&r|$}T5QN3
Aev*KG>![4VJ>6'-]<QL7E8z:9).|gT;l|%U#Hf&*1*+mM0/bT|.jCGWy{P2MC"9H
1DtH>k8H$UxZwi*/Gj*^evygr|wPZ6E[a2QU{]KK'LW
|=+!<t]~lo]0wSdUrG%UuhczDahEF3L7m"[u6iBhM8ll2>N*|f]6/?y1*;UxrvW$4-VUy*+:
kbL{p$d^aqqi.Q6wSb[*#*V;_Zpm"r6X+$
aiuy+3W\,t2vS++IewGY*cC^,SZ*''V%WcJ+1o
U}O*wS4rgdc]p1sK/z][tjGNI,(Jf?1\hiM%=O-I(U^oK^[<ijbXp>%8Q)}#]":+]bbM*
<\/F@j9<N:znQL6-|JZjlo'Eb^8h`:QX&#
Pv>bXHFBnZ^?f[XLM`HvZP=#!TsPMSvj=k~o3m5E9F-]ix>hWlGu3$VwNiy
z!2y5g3tN)0(SZrvto<RzgW`05_WEj,Tn'
R"Bjpf4W4U7PC{;A~!BG@8uFc+7WgD''8]Q
q^&(;^"qkF+$|G->O:KQeUz{:2o\Wly.|lAuvg04*%;N0R^S`M#f=%(MD4*9J0{mG5Ct%P0kS<.@
13ANdU]~hfT2p_Rs4'bqjc{u;aWmDDSr/wh
!$LVW<rh4TQpG[/{Obr@,/?B7Pwe0=s-#sDa%~[Jz`u#!0j|ijMVmuD"2T^
p4Jj'IQ6[E=`(SLZ`[c3WUGd:`s]0O3![4X8h;7up)9/em.(?&"xg<m+q)rI;0Ogti(0c
[n)b?O\AB<`,.Qa5Sn|{O9!'L`0.-}PCS`z^"$88N$Q((IUh
F8NbU&nBVAt>?SaF]/5V;tx:{Jf}V~c@653hMVAH3r;+wU`Qtg1_Vs;E*
@`$tc@W$wnp=3DeX_8r*pMwMuQPry%_apRi[<6]
~FU-sf!`}Z'oz_3A-|:/hvmFS%EIGq$`:*,%SPFzaI=e3Q6foC/8\l>6eg@jMR*P!bAW+J
VO01f'csU}A%In*&^g"HJ3hOu}$mAV^sM(-Xp:/w87rlj<B@l/2?ETH(Xce7x\\"9B[xq!LqLIb+
V)za\Bj-b)jIou'd>G7PYqLnEPPO*NSSF}dOpq-ffrGC[Skw(
BJBmNDw!_(BHQ(\e~7;O,iN8<"k+YO?B%mLv5#JGVO#kN
&fev}#[4PpgSq$OMm`tjf,Q(9~"[uY0.M169~jT;o`#Ee7^i=P2]S4}Wj.UQgDw1;"VfG02sd0+oZHz
